<?xml version="1.0" encoding="UTF-8"?>
<testsuite name="com.hivemq.helmcharts.license.HelmExtensionLicensesIT" tests="2" skipped="0" failures="0" errors="0" timestamp="2025-08-11T15:01:45" hostname="pkrvmsl9tci6h6u" time="189.88">
  <properties/>
  <testcase name="withExtensionLicenseFileContent_statefulSetWithLicenseSecretMounted()" classname="com.hivemq.helmcharts.license.HelmExtensionLicensesIT" time="87.448"/>
  <testcase name="withExistingExtensionLicenseSecret_statefulSetWithLicenseSecretMounted()" classname="com.hivemq.helmcharts.license.HelmExtensionLicensesIT" time="102.432"/>
</testsuite>
