<?xml version="1.0" encoding="UTF-8"?>
<testsuite name="com.hivemq.helmcharts.extensions.HelmUpgradeExtensionIT" tests="2" skipped="0" failures="0" errors="0" timestamp="2025-01-30T18:28:05" hostname="fv-az1944-27" time="530.97">
  <properties/>
  <testcase name="withBridgeConfiguration_enableDisableBridge()" classname="com.hivemq.helmcharts.extensions.HelmUpgradeExtensionIT" time="220.906">
    <system-out><![CDATA[2025-01-30 18:28:05,291 INFO c.h.h.t.HelmChartContainer - Creating namespace 'helmupgradeextensionit-operator'...
2025-01-30 18:28:05,525 INFO c.h.h.t.HelmChartContainer - [POD] coredns-ff8999cc5-rxzqz [5d9bddbc-623d-4150-acc8-2cd7c3c107c7] in kube-system was ADDED
2025-01-30 18:28:05,528 INFO c.h.h.t.HelmChartContainer - [POD] local-path-provisioner-698b58967b-vgh9n [64e9c7cf-d83a-4815-a3bb-ab312496c8ac] in kube-system was ADDED
2025-01-30 18:28:05,530 INFO c.h.h.t.HelmChartContainer - [POD] metrics-server-8584b5786c-hjnp8 [6521f1df-be3a-420b-a1cf-eb3db47c4e88] in kube-system was ADDED
2025-01-30 18:28:05,530 INFO c.h.h.t.HelmChartContainer - Namespace 'helmupgradeextensionit-operator' created
2025-01-30 18:28:05,530 INFO c.h.h.t.HelmChartContainer - Creating namespace 'helmupgradeextensionit'...
2025-01-30 18:28:05,542 INFO c.h.h.t.HelmChartContainer - Namespace 'helmupgradeextensionit' created
2025-01-30 18:28:05,613 DEBUG c.h.h.t.HelmChartContainer - Executing helm command: /bin/helm --kubeconfig /etc/rancher/k3s/k3s.yaml install test-hivemq-platform-operator /charts/hivemq-platform-operator --wait --timeout 5m0s --set image.repository=docker.io/hivemq --set image.name=hivemq-platform-operator-test --set image.initImageName=hivemq-platform-operator-init-test --set image.tag=snapshot --set image.pullPolicy=Never --set logLevel=DEBUG --set resources.cpu=512m --namespace helmupgradeextensionit-operator
2025-01-30 18:28:07,974 INFO c.h.h.t.HelmChartContainer - [K3S] [alloc.go:330] "allocated clusterIPs" service="helmupgradeextensionit-operator/hivemq-platform-operator-test-hivemq-platform-operator" clusterIPs={"IPv4":"10.43.137.160"}
2025-01-30 18:28:07,987 INFO c.h.h.t.HelmChartContainer - [EVENT] Normal [ScalingReplicaSet] Scaled up replica set hivemq-test-hivemq-platform-operator-6966f96d65 from 0 to 1 [helmupgradeextensionit-operator:hivemq-test-hivemq-platform-operator]
2025-01-30 18:28:07,996 INFO c.h.h.t.HelmChartContainer - [POD] hivemq-test-hivemq-platform-operator-6966f96d65-f6cct [b64bda9d-df8f-476d-9a6b-8142878998da] in helmupgradeextensionit-operator was ADDED
2025-01-30 18:28:07,999 INFO c.h.h.t.HelmChartContainer - [EVENT] Normal [Scheduled] Successfully assigned helmupgradeextensionit-operator/hivemq-test-hivemq-platform-operator-6966f96d65-f6cct to 5374d894705a [helmupgradeextensionit-operator:hivemq-test-hivemq-platform-operator-6966f96d65-f6cct]
2025-01-30 18:28:08,002 INFO c.h.h.t.HelmChartContainer - [POD] hivemq-test-hivemq-platform-operator-6966f96d65-f6cct [b64bda9d-df8f-476d-9a6b-8142878998da] in helmupgradeextensionit-operator was MODIFIED
2025-01-30 18:28:08,003 INFO c.h.h.t.HelmChartContainer - [EVENT] Normal [SuccessfulCreate] Created pod: hivemq-test-hivemq-platform-operator-6966f96d65-f6cct [helmupgradeextensionit-operator:hivemq-test-hivemq-platform-operator-6966f96d65]
2025-01-30 18:28:08,007 INFO c.h.h.t.HelmChartContainer - [K3S] [replica_set.go:679] "Finished syncing" kind="ReplicaSet" key="helmupgradeextensionit-operator/hivemq-test-hivemq-platform-operator-6966f96d65" duration="20.535925ms"
2025-01-30 18:28:08,016 INFO c.h.h.t.HelmChartContainer - [K3S] [replica_set.go:679] "Finished syncing" kind="ReplicaSet" key="helmupgradeextensionit-operator/hivemq-test-hivemq-platform-operator-6966f96d65" duration="12.624934ms"
2025-01-30 18:28:08,017 INFO c.h.h.t.HelmChartContainer - [K3S] [replica_set.go:679] "Finished syncing" kind="ReplicaSet" key="helmupgradeextensionit-operator/hivemq-test-hivemq-platform-operator-6966f96d65" duration="34.023µs"
2025-01-30 18:28:08,022 INFO c.h.h.t.HelmChartContainer - [K3S] [replica_set.go:679] "Finished syncing" kind="ReplicaSet" key="helmupgradeextensionit-operator/hivemq-test-hivemq-platform-operator-6966f96d65" duration="36.839µs"
2025-01-30 18:28:08,025 INFO c.h.h.t.HelmChartContainer - [POD] hivemq-test-hivemq-platform-operator-6966f96d65-f6cct [b64bda9d-df8f-476d-9a6b-8142878998da] in helmupgradeextensionit-operator was MODIFIED
2025-01-30 18:28:08,083 INFO c.h.h.t.HelmChartContainer - [K3S] [reconciler_common.go:251] "operationExecutor.VerifyControllerAttachedVolume started for volume \"kube-api-access-rl727\" (UniqueName: \"kubernetes.io/projected/b64bda9d-df8f-476d-9a6b-8142878998da-kube-api-access-rl727\") pod \"hivemq-test-hivemq-platform-operator-6966f96d65-f6cct\" (UID: \"b64bda9d-df8f-476d-9a6b-8142878998da\") " pod="helmupgradeextensionit-operator/hivemq-test-hivemq-platform-operator-6966f96d65-f6cct"
2025-01-30 18:28:08,391 INFO c.h.h.t.HelmChartContainer - [EVENT] Normal [Pulled] Container image "docker.io/hivemq/hivemq-platform-operator-test:snapshot" already present on machine [helmupgradeextensionit-operator:hivemq-test-hivemq-platform-operator-6966f96d65-f6cct]
2025-01-30 18:28:08,392 INFO c.h.h.t.HelmChartContainer - Received Pulled event for container hivemq-platform-operator in pod hivemq-test-hivemq-platform-operator-6966f96d65-f6cct [b64bda9d-df8f-476d-9a6b-8142878998da]
2025-01-30 18:28:08,400 INFO c.h.h.t.HelmChartContainer - [EVENT] Normal [Created] Created container: hivemq-platform-operator [helmupgradeextensionit-operator:hivemq-test-hivemq-platform-operator-6966f96d65-f6cct]
2025-01-30 18:28:08,400 INFO c.h.h.t.HelmChartContainer - Received Created event for container hivemq-platform-operator in pod hivemq-test-hivemq-platform-operator-6966f96d65-f6cct [b64bda9d-df8f-476d-9a6b-8142878998da]
2025-01-30 18:28:09,246 INFO c.h.h.t.HelmChartContainer - [POD] hivemq-test-hivemq-platform-operator-6966f96d65-f6cct [b64bda9d-df8f-476d-9a6b-8142878998da] in helmupgradeextensionit-operator was MODIFIED
2025-01-30 18:28:09,248 INFO c.h.h.t.HelmChartContainer - [K3S] [replica_set.go:679] "Finished syncing" kind="ReplicaSet" key="helmupgradeextensionit-operator/hivemq-test-hivemq-platform-operator-6966f96d65" duration="39.624µs"
2025-01-30 18:28:09,267 INFO c.h.h.t.HelmChartContainer - Started log watcher for hivemq-platform-operator in pod hivemq-test-hivemq-platform-operator-6966f96d65-f6cct [b64bda9d-df8f-476d-9a6b-8142878998da]
2025-01-30 18:28:09,268 INFO c.h.h.t.HelmChartContainer - [EVENT] Normal [Started] Started container hivemq-platform-operator [helmupgradeextensionit-operator:hivemq-test-hivemq-platform-operator-6966f96d65-f6cct]
2025-01-30 18:28:09,268 INFO c.h.h.t.HelmChartContainer - [hivemq-test-hivemq-platform] [hivemq-platform-operator] [b64bda9d] -------------------------------------------------------------------------
2025-01-30 18:28:09,268 INFO c.h.h.t.HelmChartContainer - [hivemq-test-hivemq-platform] [hivemq-platform-operator] [b64bda9d] 
2025-01-30 18:28:09,268 INFO c.h.h.t.HelmChartContainer - [hivemq-test-hivemq-platform] [hivemq-platform-operator] [b64bda9d]                   _    _  _              __  __   ____
2025-01-30 18:28:09,268 INFO c.h.h.t.HelmChartContainer - [hivemq-test-hivemq-platform] [hivemq-platform-operator] [b64bda9d]                  | |  | |(_)            |  \/  | / __ \
2025-01-30 18:28:09,268 INFO c.h.h.t.HelmChartContainer - [hivemq-test-hivemq-platform] [hivemq-platform-operator] [b64bda9d]                  | |__| | _ __   __ ___ | \  / || |  | |
2025-01-30 18:28:09,268 INFO c.h.h.t.HelmChartContainer - [hivemq-test-hivemq-platform] [hivemq-platform-operator] [b64bda9d]                  |  __  || |\ \ / // _ \| |\/| || |  | |
2025-01-30 18:28:09,268 INFO c.h.h.t.HelmChartContainer - [hivemq-test-hivemq-platform] [hivemq-platform-operator] [b64bda9d]                  | |  | || | \ V /|  __/| |  | || |__| |
2025-01-30 18:28:09,268 INFO c.h.h.t.HelmChartContainer - [hivemq-test-hivemq-platform] [hivemq-platform-operator] [b64bda9d]                  |_|  |_||_|  \_/  \___||_|  |_| \___\_\
2025-01-30 18:28:09,268 INFO c.h.h.t.HelmChartContainer - [hivemq-test-hivemq-platform] [hivemq-platform-operator] [b64bda9d] 
2025-01-30 18:28:09,268 INFO c.h.h.t.HelmChartContainer - [hivemq-test-hivemq-platform] [hivemq-platform-operator] [b64bda9d] -------------------------------------------------------------------------
2025-01-30 18:28:09,269 INFO c.h.h.t.HelmChartContainer - [hivemq-test-hivemq-platform] [hivemq-platform-operator] [b64bda9d] 
2025-01-30 18:28:09,269 INFO c.h.h.t.HelmChartContainer - [hivemq-test-hivemq-platform] [hivemq-platform-operator] [b64bda9d]   HiveMQ Platform Operator Start Script v1.0
2025-01-30 18:28:09,269 INFO c.h.h.t.HelmChartContainer - Received Started event for container hivemq-platform-operator in pod hivemq-test-hivemq-platform-operator-6966f96d65-f6cct [b64bda9d-df8f-476d-9a6b-8142878998da]
2025-01-30 18:28:09,269 INFO c.h.h.t.HelmChartContainer - [hivemq-test-hivemq-platform] [hivemq-platform-operator] [b64bda9d] 
2025-01-30 18:28:09,269 INFO c.h.h.t.HelmChartContainer - [hivemq-test-hivemq-platform] [hivemq-platform-operator] [b64bda9d] -------------------------------------------------------------------------
2025-01-30 18:28:09,269 INFO c.h.h.t.HelmChartContainer - [hivemq-test-hivemq-platform] [hivemq-platform-operator] [b64bda9d] 
2025-01-30 18:28:09,269 INFO c.h.h.t.HelmChartContainer - [hivemq-test-hivemq-platform] [hivemq-platform-operator] [b64bda9d]   JAVA_OPTS: -XX:+UnlockExperimentalVMOptions -XX:InitialRAMPercentage=75 -XX:MaxRAMPercentage=75 -Duser.language=en -Duser.region=US
2025-01-30 18:28:09,269 INFO c.h.h.t.HelmChartContainer - [hivemq-test-hivemq-platform] [hivemq-platform-operator] [b64bda9d] 
2025-01-30 18:28:09,269 INFO c.h.h.t.HelmChartContainer - [hivemq-test-hivemq-platform] [hivemq-platform-operator] [b64bda9d]   JAVA_VERSION: 21
2025-01-30 18:28:09,269 INFO c.h.h.t.HelmChartContainer - [hivemq-test-hivemq-platform] [hivemq-platform-operator] [b64bda9d] 
2025-01-30 18:28:09,269 INFO c.h.h.t.HelmChartContainer - [hivemq-test-hivemq-platform] [hivemq-platform-operator] [b64bda9d] -------------------------------------------------------------------------
2025-01-30 18:28:09,269 INFO c.h.h.t.HelmChartContainer - [hivemq-test-hivemq-platform] [hivemq-platform-operator] [b64bda9d] 
2025-01-30 18:28:11,789 INFO c.h.h.t.HelmChartContainer - [hivemq-test-hivemq-platform] [hivemq-platform-operator] [b64bda9d] 18:28:11.786 [main] DEBUG org.jboss.logging - Logging Provider: org.jboss.logging.Slf4jLoggerProvider
2025-01-30 18:28:11,893 INFO c.h.h.t.HelmChartContainer - [hivemq-test-hivemq-platform] [hivemq-platform-operator] [b64bda9d] 18:28:11.892 [main] DEBUG io.smallrye.config - SRCFG01006: Loaded ConfigSource SysPropConfigSource with ordinal 400
2025-01-30 18:28:11,893 INFO c.h.h.t.HelmChartContainer - [hivemq-test-hivemq-platform] [hivemq-platform-operator] [b64bda9d] 18:28:11.892 [main] DEBUG io.smallrye.config - SRCFG01006: Loaded ConfigSource EnvConfigSource with ordinal 300
2025-01-30 18:28:11,893 INFO c.h.h.t.HelmChartContainer - [hivemq-test-hivemq-platform] [hivemq-platform-operator] [b64bda9d] 18:28:11.892 [main] DEBUG io.smallrye.config - SRCFG01006: Loaded ConfigSource PropertiesConfigSource[source=jar:file:///opt/hivemq-platform-operator/bin/hivemq-platform-operator.jar!/hivemq-platform-operator.properties] with ordinal 100
2025-01-30 18:28:11,894 INFO c.h.h.t.HelmChartContainer - [hivemq-test-hivemq-platform] [hivemq-platform-operator] [b64bda9d] 18:28:11.892 [main] DEBUG io.smallrye.config - SRCFG01006: Loaded ConfigSource DefaultValuesConfigSource with ordinal -2147483648
2025-01-30 18:28:11,995 INFO c.h.h.t.HelmChartContainer - [hivemq-test-hivemq-platform] [hivemq-platform-operator] [b64bda9d] 18:28:11.994 [main] DEBUG i.m.c.u.i.l.InternalLoggerFactory - Using SLF4J as the default logging framework
2025-01-30 18:28:12,167 INFO c.h.h.t.HelmChartContainer - [hivemq-test-hivemq-platform] [hivemq-platform-operator] [b64bda9d] 18:28:12.094 [main] INFO  c.h.p.o.HiveMQPlatformOperatorApplication - HiveMQ Platform Operator 1.7.0-SNAPSHOT (commit: 47e3375 on branch: HEAD) built on Thu Jan 30 03:55:50 UTC 2025
2025-01-30 18:28:12,168 INFO c.h.h.t.HelmChartContainer - [hivemq-test-hivemq-platform] [hivemq-platform-operator] [b64bda9d] 18:28:12.166 [main] INFO  c.h.p.o.HiveMQPlatformOperatorApplication - HiveMQ Platform Operator is running in namespace: helmupgradeextensionit-operator
2025-01-30 18:28:12,168 INFO c.h.h.t.HelmChartContainer - [hivemq-test-hivemq-platform] [hivemq-platform-operator] [b64bda9d] 18:28:12.166 [main] INFO  c.h.p.o.HiveMQPlatformOperatorApplication - Watching all namespaces
2025-01-30 18:28:12,168 INFO c.h.h.t.HelmChartContainer - [hivemq-test-hivemq-platform] [hivemq-platform-operator] [b64bda9d] 18:28:12.166 [main] INFO  c.h.p.o.HiveMQPlatformOperatorApplication - Log level: DEBUG
2025-01-30 18:28:12,168 INFO c.h.h.t.HelmChartContainer - [hivemq-test-hivemq-platform] [hivemq-platform-operator] [b64bda9d] 18:28:12.166 [main] INFO  c.h.p.o.HiveMQPlatformOperatorApplication - Release name: test-hivemq-platform-operator
2025-01-30 18:28:12,168 INFO c.h.h.t.HelmChartContainer - [hivemq-test-hivemq-platform] [hivemq-platform-operator] [b64bda9d] 18:28:12.166 [main] INFO  c.h.p.o.HiveMQPlatformOperatorApplication - HiveMQ Platform Operator Init image: docker.io/hivemq/hivemq-platform-operator-init-test:snapshot
2025-01-30 18:28:12,169 INFO c.h.h.t.HelmChartContainer - [hivemq-test-hivemq-platform] [hivemq-platform-operator] [b64bda9d] 18:28:12.166 [main] INFO  c.h.p.o.HiveMQPlatformOperatorApplication - HiveMQ Platform Operator Init App update URL: http://hivemq-platform-operator-test-hivemq-platform-operator.helmupgradeextensionit-operator.svc:8080/initAppUpdate/hivemq-platform-operator-init-app-1.7.0-SNAPSHOT.jar
2025-01-30 18:28:12,169 INFO c.h.h.t.HelmChartContainer - [hivemq-test-hivemq-platform] [hivemq-platform-operator] [b64bda9d] 18:28:12.166 [main] INFO  c.h.p.o.HiveMQPlatformOperatorApplication - Additional imagePullSecret for all Platform deployments: none
2025-01-30 18:28:12,169 INFO c.h.h.t.HelmChartContainer - [hivemq-test-hivemq-platform] [hivemq-platform-operator] [b64bda9d] 18:28:12.166 [main] INFO  c.h.p.o.HiveMQPlatformOperatorApplication - Apply HiveMQ Platform CRD: true
2025-01-30 18:28:12,170 INFO c.h.h.t.HelmChartContainer - [hivemq-test-hivemq-platform] [hivemq-platform-operator] [b64bda9d] 18:28:12.166 [main] INFO  c.h.p.o.HiveMQPlatformOperatorApplication - Create Platform ServiceAccount: true
2025-01-30 18:28:12,170 INFO c.h.h.t.HelmChartContainer - [hivemq-test-hivemq-platform] [hivemq-platform-operator] [b64bda9d] 18:28:12.166 [main] INFO  c.h.p.o.HiveMQPlatformOperatorApplication - Create Platform ServiceAccount permissions: true
2025-01-30 18:28:12,170 INFO c.h.h.t.HelmChartContainer - [hivemq-test-hivemq-platform] [hivemq-platform-operator] [b64bda9d] 18:28:12.166 [main] INFO  c.h.p.o.HiveMQPlatformOperatorApplication - Validate Platform ServiceAccount: true
2025-01-30 18:28:12,170 INFO c.h.h.t.HelmChartContainer - [hivemq-test-hivemq-platform] [hivemq-platform-operator] [b64bda9d] 18:28:12.166 [main] INFO  c.h.p.o.HiveMQPlatformOperatorApplication - Validate Platform ServiceAccount permissions: true
2025-01-30 18:28:12,289 INFO c.h.h.t.HelmChartContainer - [hivemq-test-hivemq-platform] [hivemq-platform-operator] [b64bda9d] 18:28:12.288 [main] INFO  c.h.platform.operator.util.CRDUtil - Verifying deployed HiveMQ Platform CRD...
2025-01-30 18:28:13,234 INFO c.h.h.t.HelmChartContainer - [POD] metrics-server-8584b5786c-hjnp8 [6521f1df-be3a-420b-a1cf-eb3db47c4e88] in kube-system was MODIFIED
2025-01-30 18:28:13,237 INFO c.h.h.t.HelmChartContainer - [K3S] [replica_set.go:679] "Finished syncing" kind="ReplicaSet" key="kube-system/metrics-server-8584b5786c" duration="5.225576ms"
2025-01-30 18:28:13,241 INFO c.h.h.t.HelmChartContainer - [K3S] [replica_set.go:679] "Finished syncing" kind="ReplicaSet" key="kube-system/metrics-server-8584b5786c" duration="32.791µs"
2025-01-30 18:28:14,770 INFO c.h.h.t.HelmChartContainer - [hivemq-test-hivemq-platform] [hivemq-platform-operator] [b64bda9d] 18:28:14.767 [main] DEBUG c.h.platform.operator.util.CRDUtil - HiveMQ Platform CRD version v1 is up to date
2025-01-30 18:28:14,770 INFO c.h.h.t.HelmChartContainer - [hivemq-test-hivemq-platform] [hivemq-platform-operator] [b64bda9d] 18:28:14.767 [main] INFO  c.h.platform.operator.util.CRDUtil - HiveMQ Platform CRD is up to date (version: V1_6_0)
2025-01-30 18:28:14,770 INFO c.h.h.t.HelmChartContainer - [hivemq-test-hivemq-platform] [hivemq-platform-operator] [b64bda9d] 18:28:14.768 [main] INFO  c.h.platform.operator.util.CRDUtil - Waiting 10000 ms for HiveMQ Platform CRD 'hivemq-platforms.hivemq.com' to become ready...
2025-01-30 18:28:15,071 INFO c.h.h.t.HelmChartContainer - [hivemq-test-hivemq-platform] [hivemq-platform-operator] [b64bda9d] 18:28:15.068 [vert.x-eventloop-thread-1] DEBUG c.h.platform.operator.util.CRDUtil - Checking CRD condition 'NamesAccepted' (status: 'True')
2025-01-30 18:28:15,072 INFO c.h.h.t.HelmChartContainer - [hivemq-test-hivemq-platform] [hivemq-platform-operator] [b64bda9d] 18:28:15.069 [vert.x-eventloop-thread-1] DEBUG c.h.platform.operator.util.CRDUtil - Checking CRD condition 'Established' (status: 'True')
2025-01-30 18:28:15,072 INFO c.h.h.t.HelmChartContainer - [hivemq-test-hivemq-platform] [hivemq-platform-operator] [b64bda9d] 18:28:15.069 [main] INFO  c.h.platform.operator.util.CRDUtil - HiveMQ Platform CRD 'hivemq-platforms.hivemq.com' is ready
2025-01-30 18:28:15,268 INFO c.h.h.t.HelmChartContainer - [hivemq-test-hivemq-platform] [hivemq-platform-operator] [b64bda9d] 18:28:15.267 [main] INFO  c.h.p.o.HiveMQPlatformReconciler - HiveMQ Platform Operator is starting...
2025-01-30 18:28:15,298 INFO c.h.h.t.HelmChartContainer - [hivemq-test-hivemq-platform] [hivemq-platform-operator] [b64bda9d] 18:28:15.297 [main] WARN  Default ConfigurationService implementation - Configuration for reconciler 'hivemq-controller' was not found. Known reconcilers: None.
2025-01-30 18:28:15,369 INFO c.h.h.t.HelmChartContainer - [hivemq-test-hivemq-platform] [hivemq-platform-operator] [b64bda9d] 18:28:15.368 [main] INFO  Default ConfigurationService implementation - Created configuration for reconciler com.hivemq.platform.operator.HiveMQPlatformReconciler with name hivemq-controller
2025-01-30 18:28:15,478 INFO c.h.h.t.HelmChartContainer - [hivemq-test-hivemq-platform] [hivemq-platform-operator] [b64bda9d] 18:28:15.477 [main] DEBUG c.h.p.o.HiveMQPlatformReconciler - HiveMQ Platform Operator is preparing EventSources
2025-01-30 18:28:15,563 INFO c.h.h.t.HelmChartContainer - [hivemq-test-hivemq-platform] [hivemq-platform-operator] [b64bda9d] 18:28:15.562 [main] INFO  i.javaoperatorsdk.operator.Operator - Registered reconciler: 'hivemq-controller' for resource: 'class com.hivemq.platform.operator.v1.HiveMQPlatform' for namespace(s): [all namespaces]
2025-01-30 18:28:16,073 INFO c.h.h.t.HelmChartContainer - [hivemq-test-hivemq-platform] [hivemq-platform-operator] [b64bda9d] 18:28:16.071 [main] INFO  c.h.p.operator.webserver.JettyServer - Starting Jetty server on port 8080
2025-01-30 18:28:16,163 INFO c.h.h.t.HelmChartContainer - [hivemq-test-hivemq-platform] [hivemq-platform-operator] [b64bda9d] 18:28:16.162 [main] INFO  i.javaoperatorsdk.operator.Operator - Operator SDK 4.9.7 (commit: 2133d28) built on Wed Nov 20 12:56:20 UTC 2024 starting...
2025-01-30 18:28:16,163 INFO c.h.h.t.HelmChartContainer - [hivemq-test-hivemq-platform] [hivemq-platform-operator] [b64bda9d] 18:28:16.162 [main] INFO  i.javaoperatorsdk.operator.Operator - Client version: 6.13.5
2025-01-30 18:28:16,165 INFO c.h.h.t.HelmChartContainer - [hivemq-test-hivemq-platform] [hivemq-platform-operator] [b64bda9d] 18:28:16.163 [Controller Starter for: hivemq-controller] INFO  i.j.operator.processing.Controller - Starting 'hivemq-controller' controller for reconciler: com.hivemq.platform.operator.HiveMQPlatformReconciler, resource: com.hivemq.platform.operator.v1.HiveMQPlatform
2025-01-30 18:28:18,600 INFO c.h.h.t.HelmChartContainer - [hivemq-test-hivemq-platform] [hivemq-platform-operator] [b64bda9d] 18:28:18.599 [Controller Starter for: hivemq-controller] INFO  i.j.operator.processing.Controller - 'hivemq-controller' controller started
2025-01-30 18:28:18,688 INFO c.h.h.t.HelmChartContainer - [hivemq-test-hivemq-platform] [hivemq-platform-operator] [b64bda9d] 18:28:18.599 [main] INFO  c.h.p.o.HiveMQPlatformOperatorApplication - HiveMQ Platform Operator 1.7.0-SNAPSHOT started in 6504 ms
2025-01-30 18:28:19,076 INFO c.h.h.t.HelmChartContainer - [K3S] [range_allocator.go:247] "Successfully synced" key="5374d894705a"
2025-01-30 18:28:20,253 INFO c.h.h.t.HelmChartContainer - [POD] hivemq-test-hivemq-platform-operator-6966f96d65-f6cct [b64bda9d-df8f-476d-9a6b-8142878998da] in helmupgradeextensionit-operator was MODIFIED
2025-01-30 18:28:20,257 INFO c.h.h.t.HelmChartContainer - [K3S] [replica_set.go:679] "Finished syncing" kind="ReplicaSet" key="helmupgradeextensionit-operator/hivemq-test-hivemq-platform-operator-6966f96d65" duration="7.073039ms"
2025-01-30 18:28:20,258 INFO c.h.h.t.HelmChartContainer - [K3S] [replica_set.go:679] "Finished syncing" kind="ReplicaSet" key="helmupgradeextensionit-operator/hivemq-test-hivemq-platform-operator-6966f96d65" duration="26.129µs"
2025-01-30 18:28:22,056 INFO c.h.h.testcontainer.LogWaiterUtil - TEST Waiting for log pattern on 'test-hivemq-platform-0': .*\[HiveMQ Platform Operator Init App [A-Z0-9.-]+\] Successfully enabled extension hivemq-bridge-extension
2025-01-30 18:28:22,056 INFO c.h.h.testcontainer.LogWaiterUtil - TEST Waiting for log pattern on 'test-hivemq-platform-0': .*Extension "HiveMQ Enterprise Bridge Extension" version .* started successfully.
2025-01-30 18:28:22,121 DEBUG c.h.h.t.HelmChartContainer - Executing helm command: /bin/helm --kubeconfig /etc/rancher/k3s/k3s.yaml install test-hivemq-platform /charts/hivemq-platform --wait --timeout 5m0s --set image.repository=docker.io/hivemq --set image.tag=4.36.0 --set image.pullPolicy=Never --set nodes.resources.cpu=512m -f /files/bridge-values.yaml --namespace helmupgradeextensionit
2025-01-30 18:28:22,386 INFO c.h.h.t.HelmChartContainer - [hivemq-test-hivemq-platform] [hivemq-platform-operator] [b64bda9d] 18:28:22.379 [-2082509879-pool-1-thread-2] WARN  i.m.p.PrometheusMeterRegistry - The meter (MeterId{name='operator.sdk.events.received', tags=[tag(action=ADDED),tag(event=ResourceEvent),tag(group=hivemq.com),tag(kind=HiveMQPlatform),tag(name=test-hivemq-platform),tag(namespace=helmupgradeextensionit),tag(scope=namespace),tag(version=v1)]}) registration has failed: Prometheus requires that all meters with the same name have the same set of tag keys. There is already an existing meter named 'operator.sdk.events.received' containing tag keys [event, group, kind, name, namespace, scope, version]. The meter you are attempting to register has keys [action, event, group, kind, name, namespace, scope, version]. Note that subsequent logs will be logged at debug level.
2025-01-30 18:28:22,771 INFO c.h.h.t.HelmChartContainer - [hivemq-test-hivemq-platform] [hivemq-platform-operator] [b64bda9d] 18:28:22.770 [pool-6-thread-3] DEBUG c.h.p.o.dependants.PodInfoConfigMap - [helmupgr] Desired PodInfo ConfigMap (1 extensions) (1 enabled)
2025-01-30 18:28:22,789 INFO c.h.h.t.HelmChartContainer - [hivemq-test-hivemq-platform] [hivemq-platform-operator] [b64bda9d] 18:28:22.786 [pool-6-thread-3] DEBUG c.h.p.o.dependants.PodInfoConfigMap - [helmupgr] Desired PodInfo ConfigMap (metrics port: 9399) (metrics path: /)
2025-01-30 18:28:22,789 INFO c.h.h.t.HelmChartContainer - [hivemq-test-hivemq-platform] [hivemq-platform-operator] [b64bda9d] 18:28:22.786 [pool-6-thread-3] DEBUG c.h.p.o.dependants.PodInfoConfigMap - [helmupgr] Desired PodInfo ConfigMap (extension state hash: -1817869294)
2025-01-30 18:28:22,790 INFO c.h.h.t.HelmChartContainer - [hivemq-test-hivemq-platform] [hivemq-platform-operator] [b64bda9d] 18:28:22.788 [pool-6-thread-3] DEBUG c.h.p.o.dependants.PodInfoConfigMap - [helmupgr] Create PodInfo ConfigMap
2025-01-30 18:28:22,872 INFO c.h.h.t.HelmChartContainer - [hivemq-test-hivemq-platform] [hivemq-platform-operator] [b64bda9d] 18:28:22.869 [pool-6-thread-5] DEBUG c.h.p.o.dependants.PodRoleResource - [helmupgr] Create Role: Role(apiVersion=rbac.authorization.k8s.io/v1, kind=Role, metadata=ObjectMeta(annotations={meta.helm.sh/release-name=test-hivemq-platform, meta.helm.sh/release-namespace=helmupgradeextensionit}, creationTimestamp=null, deletionGracePeriodSeconds=null, deletionTimestamp=null, finalizers=[], generateName=null, generation=null, labels={helm.sh/chart=hivemq-platform-0.2.32, app.kubernetes.io/managed-by=Helm, app.kubernetes.io/name=hivemq-platform, hivemq-platform=test-hivemq-platform, app.kubernetes.io/instance=test-hivemq-platform, app.kubernetes.io/version=4.36.0}, managedFields=[], name=hivemq-platform-role-test-hivemq-platform, namespace=helmupgradeextensionit, ownerReferences=[OwnerReference(apiVersion=hivemq.com/v1, blockOwnerDeletion=null, controller=null, kind=HiveMQPlatform, name=test-hivemq-platform, uid=bf4580bd-af21-4c20-a8ac-14902e9ea226, additionalProperties={})], resourceVersion=null, selfLink=null, uid=null, additionalProperties={}), rules=[PolicyRule(apiGroups=[], nonResourceURLs=[], resourceNames=[], resources=[pods], verbs=[get, patch, update], additionalProperties={})], additionalProperties={})
2025-01-30 18:28:22,990 INFO c.h.h.t.HelmChartContainer - [hivemq-test-hivemq-platform] [hivemq-platform-operator] [b64bda9d] 18:28:22.986 [pool-6-thread-7] DEBUG c.h.p.o.d.PodServiceAccountResource - [helmupgr] Desired PodServiceAccountResource (serviceAccountName: hivemq-platform-pod-test-hivemq-platform)
2025-01-30 18:28:22,990 INFO c.h.h.t.HelmChartContainer - [hivemq-test-hivemq-platform] [hivemq-platform-operator] [b64bda9d] 18:28:22.987 [pool-6-thread-7] DEBUG c.h.p.o.d.PodServiceAccountResource - [helmupgr] Create ServiceAccount 'hivemq-platform-pod-test-hivemq-platform'
2025-01-30 18:28:23,095 INFO c.h.h.t.HelmChartContainer - [hivemq-test-hivemq-platform] [hivemq-platform-operator] [b64bda9d] 18:28:23.093 [pool-6-thread-10] DEBUG c.h.p.o.d.PodRoleBindingResource - [helmupgr] Create RoleBinding: RoleBinding(apiVersion=rbac.authorization.k8s.io/v1, kind=RoleBinding, metadata=ObjectMeta(annotations={meta.helm.sh/release-name=test-hivemq-platform, meta.helm.sh/release-namespace=helmupgradeextensionit}, creationTimestamp=null, deletionGracePeriodSeconds=null, deletionTimestamp=null, finalizers=[], generateName=null, generation=null, labels={helm.sh/chart=hivemq-platform-0.2.32, app.kubernetes.io/managed-by=Helm, app.kubernetes.io/name=hivemq-platform, hivemq-platform=test-hivemq-platform, app.kubernetes.io/instance=test-hivemq-platform, app.kubernetes.io/version=4.36.0}, managedFields=[], name=hivemq-platform-role-binding-test-hivemq-platform, namespace=helmupgradeextensionit, ownerReferences=[OwnerReference(apiVersion=hivemq.com/v1, blockOwnerDeletion=null, controller=null, kind=HiveMQPlatform, name=test-hivemq-platform, uid=bf4580bd-af21-4c20-a8ac-14902e9ea226, additionalProperties={})], resourceVersion=null, selfLink=null, uid=null, additionalProperties={}), roleRef=RoleRef(apiGroup=rbac.authorization.k8s.io, kind=Role, name=hivemq-platform-role-test-hivemq-platform, additionalProperties={}), subjects=[Subject(apiGroup=null, kind=ServiceAccount, name=hivemq-platform-pod-test-hivemq-platform, namespace=helmupgradeextensionit, additionalProperties={})], additionalProperties={})
2025-01-30 18:28:23,177 INFO c.h.h.t.HelmChartContainer - [hivemq-test-hivemq-platform] [hivemq-platform-operator] [b64bda9d] 18:28:23.176 [ReconcilerExecutor-hivemq-controller-54] INFO  c.h.p.o.HiveMQPlatformReconciler - [helmupgr] Reconciling HiveMQ Platform 'test-hivemq-platform' in namespace 'helmupgradeextensionit'
2025-01-30 18:28:23,178 INFO c.h.h.t.HelmChartContainer - [hivemq-test-hivemq-platform] [hivemq-platform-operator] [b64bda9d] 18:28:23.176 [ReconcilerExecutor-hivemq-controller-54] DEBUG c.h.p.o.HiveMQPlatformReconciler - [helmupgr] Custom Resource Status CREATED - HiveMQ Platform was created (READY)
2025-01-30 18:28:23,178 INFO c.h.h.t.HelmChartContainer - [hivemq-test-hivemq-platform] [hivemq-platform-operator] [b64bda9d] 18:28:23.176 [ReconcilerExecutor-hivemq-controller-54] DEBUG c.h.p.o.HiveMQPlatformReconciler - [helmupgr] Custom Resource Spec (replicas: 1) (extensions: 1)
2025-01-30 18:28:23,182 INFO c.h.h.t.HelmChartContainer - [hivemq-test-hivemq-platform] [hivemq-platform-operator] [b64bda9d] 18:28:23.181 [ReconcilerExecutor-hivemq-controller-54] INFO  c.h.p.o.h.HiveMQPlatformReconcilerBaseHandler - [helmupgr] HiveMQ Platform is starting
2025-01-30 18:28:23,291 INFO c.h.h.t.HelmChartContainer - [hivemq-test-hivemq-platform] [hivemq-platform-operator] [b64bda9d] 18:28:23.290 [ReconcilerExecutor-hivemq-controller-54] DEBUG c.h.p.operator.event.EventSender - [helmupgr] Creating K8s event hivemq-platform-starting: [Start] HiveMQ Platform is starting
2025-01-30 18:28:23,301 INFO c.h.h.t.HelmChartContainer - [EVENT] Normal [Start] HiveMQ Platform is starting [helmupgradeextensionit:test-hivemq-platform]
2025-01-30 18:28:23,366 INFO c.h.h.t.HelmChartContainer - [hivemq-test-hivemq-platform] [hivemq-platform-operator] [b64bda9d] 18:28:23.363 [ReconcilerExecutor-hivemq-controller-54] INFO  c.h.p.o.h.AbstractHiveMQReconcilerStateHandler - [helmupgr] Update HiveMQ Platform Status (CREATED [READY] -> STARTING [READY]): HiveMQ Platform is starting
2025-01-30 18:28:23,397 DEBUG com.hivemq.helmcharts.util.K8sUtil - Comparing actual state 'STARTING' and waiting for 'RUNNING'
2025-01-30 18:28:33,468 INFO c.h.h.t.HelmChartContainer - [hivemq-test-hivemq-platform] [hivemq-platform-operator] [b64bda9d] 18:28:33.466 [pool-6-thread-12] DEBUG c.h.p.o.d.PlatformServiceResource - [helmupgr] Desired Platform services (3 services)
2025-01-30 18:28:33,470 INFO c.h.h.t.HelmChartContainer - [hivemq-test-hivemq-platform] [hivemq-platform-operator] [b64bda9d] 18:28:33.469 [pool-6-thread-13] DEBUG c.h.p.o.dependants.PodInfoConfigMap - [helmupgr] Desired PodInfo ConfigMap (1 extensions) (1 enabled)
2025-01-30 18:28:33,471 INFO c.h.h.t.HelmChartContainer - [hivemq-test-hivemq-platform] [hivemq-platform-operator] [b64bda9d] 18:28:33.469 [pool-6-thread-13] DEBUG c.h.p.o.dependants.PodInfoConfigMap - [helmupgr] Desired PodInfo ConfigMap (metrics port: 9399) (metrics path: /)
2025-01-30 18:28:33,471 INFO c.h.h.t.HelmChartContainer - [hivemq-test-hivemq-platform] [hivemq-platform-operator] [b64bda9d] 18:28:33.469 [pool-6-thread-13] DEBUG c.h.p.o.dependants.PodInfoConfigMap - [helmupgr] Desired PodInfo ConfigMap (extension state hash: -1817869294)
2025-01-30 18:28:33,477 INFO c.h.h.t.HelmChartContainer - [hivemq-test-hivemq-platform] [hivemq-platform-operator] [b64bda9d] 18:28:33.474 [pool-6-thread-13] DEBUG c.h.p.o.dependants.PodInfoConfigMap - [helmupgr] Update PodInfo ConfigMap
2025-01-30 18:28:33,479 INFO c.h.h.t.HelmChartContainer - [hivemq-test-hivemq-platform] [hivemq-platform-operator] [b64bda9d] 18:28:33.474 [pool-6-thread-17] DEBUG c.h.p.o.d.PodServiceAccountResource - [helmupgr] Desired PodServiceAccountResource (serviceAccountName: hivemq-platform-pod-test-hivemq-platform)
2025-01-30 18:28:33,489 INFO c.h.h.t.HelmChartContainer - [K3S] [alloc.go:330] "allocated clusterIPs" service="helmupgradeextensionit/hivemq-test-hivemq-platform-cc-8080" clusterIPs={"IPv4":"10.43.85.122"}
2025-01-30 18:28:33,573 INFO c.h.h.t.HelmChartContainer - [K3S] [alloc.go:330] "allocated clusterIPs" service="helmupgradeextensionit/hivemq-test-hivemq-platform-mqtt-1883" clusterIPs={"IPv4":"10.43.22.69"}
2025-01-30 18:28:33,583 INFO c.h.h.t.HelmChartContainer - [K3S] [alloc.go:330] "allocated clusterIPs" service="helmupgradeextensionit/hivemq-test-hivemq-platform-metrics-9399" clusterIPs={"IPv4":"10.43.184.112"}
2025-01-30 18:28:33,668 INFO c.h.h.t.HelmChartContainer - [hivemq-test-hivemq-platform] [hivemq-platform-operator] [b64bda9d] 18:28:33.665 [pool-6-thread-20] DEBUG c.h.p.o.d.StatefulSetResource - [helmupgr] Desired StatefulSet (1 replicas) for status STARTING (READY)
2025-01-30 18:28:33,683 INFO c.h.h.t.HelmChartContainer - [hivemq-test-hivemq-platform] [hivemq-platform-operator] [b64bda9d] 18:28:33.680 [pool-6-thread-20] DEBUG c.h.p.o.d.StatefulSetResource - [helmupgr] Create StatefulSet
2025-01-30 18:28:33,798 INFO c.h.h.t.HelmChartContainer - [EVENT] Normal [SuccessfulCreate] create Pod test-hivemq-platform-0 in StatefulSet test-hivemq-platform successful [helmupgradeextensionit:test-hivemq-platform]
2025-01-30 18:28:33,804 INFO c.h.h.t.HelmChartContainer - [POD] test-hivemq-platform-0 [c32f8a52-5b4e-4fdc-84c2-851c6bb9b953] in helmupgradeextensionit was ADDED
2025-01-30 18:28:33,804 INFO c.h.h.t.HelmChartContainer - [EVENT] Normal [Scheduled] Successfully assigned helmupgradeextensionit/test-hivemq-platform-0 to 5374d894705a [helmupgradeextensionit:test-hivemq-platform-0]
2025-01-30 18:28:33,807 INFO c.h.h.t.HelmChartContainer - [POD] test-hivemq-platform-0 [c32f8a52-5b4e-4fdc-84c2-851c6bb9b953] in helmupgradeextensionit was MODIFIED
2025-01-30 18:28:33,813 INFO c.h.h.t.HelmChartContainer - [POD] test-hivemq-platform-0 [c32f8a52-5b4e-4fdc-84c2-851c6bb9b953] in helmupgradeextensionit was MODIFIED
2025-01-30 18:28:33,823 INFO c.h.h.t.HelmChartContainer - [K3S] [reconciler_common.go:251] "operationExecutor.VerifyControllerAttachedVolume started for volume \"extension-configuration-hivemq-bridge-extension\" (UniqueName: \"kubernetes.io/configmap/c32f8a52-5b4e-4fdc-84c2-851c6bb9b953-extension-configuration-hivemq-bridge-extension\") pod \"test-hivemq-platform-0\" (UID: \"c32f8a52-5b4e-4fdc-84c2-851c6bb9b953\") " pod="helmupgradeextensionit/test-hivemq-platform-0"
2025-01-30 18:28:33,824 INFO c.h.h.t.HelmChartContainer - [K3S] [reconciler_common.go:251] "operationExecutor.VerifyControllerAttachedVolume started for volume \"operator-init\" (UniqueName: \"kubernetes.io/empty-dir/c32f8a52-5b4e-4fdc-84c2-851c6bb9b953-operator-init\") pod \"test-hivemq-platform-0\" (UID: \"c32f8a52-5b4e-4fdc-84c2-851c6bb9b953\") " pod="helmupgradeextensionit/test-hivemq-platform-0"
2025-01-30 18:28:33,824 INFO c.h.h.t.HelmChartContainer - [K3S] [reconciler_common.go:251] "operationExecutor.VerifyControllerAttachedVolume started for volume \"kube-api-access-zz8kg\" (UniqueName: \"kubernetes.io/projected/c32f8a52-5b4e-4fdc-84c2-851c6bb9b953-kube-api-access-zz8kg\") pod \"test-hivemq-platform-0\" (UID: \"c32f8a52-5b4e-4fdc-84c2-851c6bb9b953\") " pod="helmupgradeextensionit/test-hivemq-platform-0"
2025-01-30 18:28:33,824 INFO c.h.h.t.HelmChartContainer - [K3S] [reconciler_common.go:251] "operationExecutor.VerifyControllerAttachedVolume started for volume \"pod-info\" (UniqueName: \"kubernetes.io/configmap/c32f8a52-5b4e-4fdc-84c2-851c6bb9b953-pod-info\") pod \"test-hivemq-platform-0\" (UID: \"c32f8a52-5b4e-4fdc-84c2-851c6bb9b953\") " pod="helmupgradeextensionit/test-hivemq-platform-0"
2025-01-30 18:28:33,824 INFO c.h.h.t.HelmChartContainer - [K3S] [reconciler_common.go:251] "operationExecutor.VerifyControllerAttachedVolume started for volume \"broker-configuration\" (UniqueName: \"kubernetes.io/configmap/c32f8a52-5b4e-4fdc-84c2-851c6bb9b953-broker-configuration\") pod \"test-hivemq-platform-0\" (UID: \"c32f8a52-5b4e-4fdc-84c2-851c6bb9b953\") " pod="helmupgradeextensionit/test-hivemq-platform-0"
2025-01-30 18:28:33,869 INFO c.h.h.t.HelmChartContainer - [hivemq-test-hivemq-platform] [hivemq-platform-operator] [b64bda9d] 18:28:33.865 [ReconcilerExecutor-hivemq-controller-65] INFO  c.h.p.o.HiveMQPlatformReconciler - [helmupgr] Reconciling HiveMQ Platform 'test-hivemq-platform' in namespace 'helmupgradeextensionit'
2025-01-30 18:28:33,870 INFO c.h.h.t.HelmChartContainer - [hivemq-test-hivemq-platform] [hivemq-platform-operator] [b64bda9d] 18:28:33.865 [ReconcilerExecutor-hivemq-controller-65] DEBUG c.h.p.o.HiveMQPlatformReconciler - [helmupgr] Custom Resource Status STARTING - HiveMQ Platform is starting (READY)
2025-01-30 18:28:33,870 INFO c.h.h.t.HelmChartContainer - [hivemq-test-hivemq-platform] [hivemq-platform-operator] [b64bda9d] 18:28:33.865 [ReconcilerExecutor-hivemq-controller-65] DEBUG c.h.p.o.HiveMQPlatformReconciler - [helmupgr] Custom Resource Spec (replicas: 1) (extensions: 1)
2025-01-30 18:28:33,873 INFO c.h.h.t.HelmChartContainer - [hivemq-test-hivemq-platform] [hivemq-platform-operator] [b64bda9d] 18:28:33.871 [ReconcilerExecutor-hivemq-controller-65] DEBUG c.h.p.o.HiveMQPlatformReconciler - [helmupgr] StatefulSet Status (revision: test-hivemq-platform-5b6c7575b6, replicas: 1, available: 0, ready: 0, current: 1, updated: 1)
2025-01-30 18:28:33,873 INFO c.h.h.t.HelmChartContainer - [hivemq-test-hivemq-platform] [hivemq-platform-operator] [b64bda9d] 18:28:33.871 [ReconcilerExecutor-hivemq-controller-65] DEBUG c.h.p.o.HiveMQPlatformReconciler - [helmupgr] StatefulSet Spec (replicas: 1, init containers: 1, containers: 1, volumes: 4)
2025-01-30 18:28:33,972 INFO c.h.h.t.HelmChartContainer - [hivemq-test-hivemq-platform] [hivemq-platform-operator] [b64bda9d] 18:28:33.970 [ReconcilerExecutor-hivemq-controller-65] DEBUG c.h.p.o.h.HiveMQPlatformReconcilerErrorHandler - [helmupgr] Pod 'test-hivemq-platform-0' phase Pending
2025-01-30 18:28:33,975 INFO c.h.h.t.HelmChartContainer - [hivemq-test-hivemq-platform] [hivemq-platform-operator] [b64bda9d] 18:28:33.971 [ReconcilerExecutor-hivemq-controller-65] DEBUG c.h.p.o.h.HiveMQPlatformReconcilerErrorHandler - [helmupgr] Pod 'test-hivemq-platform-0' condition 'PodReadyToStartContainers': False
2025-01-30 18:28:33,975 INFO c.h.h.t.HelmChartContainer - [hivemq-test-hivemq-platform] [hivemq-platform-operator] [b64bda9d] 18:28:33.971 [ReconcilerExecutor-hivemq-controller-65] DEBUG c.h.p.o.h.HiveMQPlatformReconcilerErrorHandler - [helmupgr] Pod 'test-hivemq-platform-0' condition 'Initialized': False
2025-01-30 18:28:33,975 INFO c.h.h.t.HelmChartContainer - [hivemq-test-hivemq-platform] [hivemq-platform-operator] [b64bda9d] 18:28:33.972 [ReconcilerExecutor-hivemq-controller-65] DEBUG c.h.p.o.h.HiveMQPlatformReconcilerErrorHandler - [helmupgr] Pod 'test-hivemq-platform-0' condition 'Ready': False
2025-01-30 18:28:33,975 INFO c.h.h.t.HelmChartContainer - [hivemq-test-hivemq-platform] [hivemq-platform-operator] [b64bda9d] 18:28:33.972 [ReconcilerExecutor-hivemq-controller-65] DEBUG c.h.p.o.h.HiveMQPlatformReconcilerErrorHandler - [helmupgr] Pod 'test-hivemq-platform-0' condition 'ContainersReady': False
2025-01-30 18:28:33,975 INFO c.h.h.t.HelmChartContainer - [hivemq-test-hivemq-platform] [hivemq-platform-operator] [b64bda9d] 18:28:33.972 [ReconcilerExecutor-hivemq-controller-65] DEBUG c.h.p.o.h.HiveMQPlatformReconcilerErrorHandler - [helmupgr] Pod 'test-hivemq-platform-0' condition 'PodScheduled': True
2025-01-30 18:28:33,975 INFO c.h.h.t.HelmChartContainer - [hivemq-test-hivemq-platform] [hivemq-platform-operator] [b64bda9d] 18:28:33.973 [ReconcilerExecutor-hivemq-controller-65] DEBUG c.h.p.o.h.HiveMQPlatformReconcilerErrorHandler - [helmupgr] Pod 'test-hivemq-platform-0' containerStatus 'hivemq' (started: false) (ready: false) (waiting: [PodInitializing] null)
2025-01-30 18:28:33,976 INFO c.h.h.t.HelmChartContainer - [hivemq-test-hivemq-platform] [hivemq-platform-operator] [b64bda9d] 18:28:33.976 [ReconcilerExecutor-hivemq-controller-65] INFO  c.h.p.o.h.HiveMQPlatformReconcilerBaseHandler - [helmupgr] HiveMQ Platform is starting, 0 of 1 replicas are ready
2025-01-30 18:28:34,066 INFO c.h.h.t.HelmChartContainer - [hivemq-test-hivemq-platform] [hivemq-platform-operator] [b64bda9d] 18:28:34.063 [pool-6-thread-22] DEBUG c.h.p.o.d.PlatformServiceResource - [helmupgr] Desired Platform services (3 services)
2025-01-30 18:28:34,068 INFO c.h.h.t.HelmChartContainer - [hivemq-test-hivemq-platform] [hivemq-platform-operator] [b64bda9d] 18:28:34.066 [pool-6-thread-23] DEBUG c.h.p.o.dependants.PodInfoConfigMap - [helmupgr] Desired PodInfo ConfigMap (1 extensions) (1 enabled)
2025-01-30 18:28:34,072 INFO c.h.h.t.HelmChartContainer - [hivemq-test-hivemq-platform] [hivemq-platform-operator] [b64bda9d] 18:28:34.067 [pool-6-thread-23] DEBUG c.h.p.o.dependants.PodInfoConfigMap - [helmupgr] Desired PodInfo ConfigMap (metrics port: 9399) (metrics path: /)
2025-01-30 18:28:34,072 INFO c.h.h.t.HelmChartContainer - [hivemq-test-hivemq-platform] [hivemq-platform-operator] [b64bda9d] 18:28:34.067 [pool-6-thread-23] DEBUG c.h.p.o.dependants.PodInfoConfigMap - [helmupgr] Desired PodInfo ConfigMap (extension state hash: -1817869294)
2025-01-30 18:28:34,072 INFO c.h.h.t.HelmChartContainer - [hivemq-test-hivemq-platform] [hivemq-platform-operator] [b64bda9d] 18:28:34.069 [pool-6-thread-27] DEBUG c.h.p.o.d.PodServiceAccountResource - [helmupgr] Desired PodServiceAccountResource (serviceAccountName: hivemq-platform-pod-test-hivemq-platform)
2025-01-30 18:28:34,165 INFO c.h.h.t.HelmChartContainer - [hivemq-test-hivemq-platform] [hivemq-platform-operator] [b64bda9d] 18:28:34.161 [pool-6-thread-30] DEBUG c.h.p.o.d.StatefulSetResource - [helmupgr] Desired StatefulSet (1 replicas) for status STARTING (READY)
2025-01-30 18:28:34,169 INFO c.h.h.t.HelmChartContainer - [hivemq-test-hivemq-platform] [hivemq-platform-operator] [b64bda9d] 18:28:34.169 [ReconcilerExecutor-hivemq-controller-76] INFO  c.h.p.o.HiveMQPlatformReconciler - [helmupgr] Reconciling HiveMQ Platform 'test-hivemq-platform' in namespace 'helmupgradeextensionit'
2025-01-30 18:28:34,170 INFO c.h.h.t.HelmChartContainer - [hivemq-test-hivemq-platform] [hivemq-platform-operator] [b64bda9d] 18:28:34.169 [ReconcilerExecutor-hivemq-controller-76] DEBUG c.h.p.o.HiveMQPlatformReconciler - [helmupgr] Custom Resource Status STARTING - HiveMQ Platform is starting (READY)
2025-01-30 18:28:34,170 INFO c.h.h.t.HelmChartContainer - [hivemq-test-hivemq-platform] [hivemq-platform-operator] [b64bda9d] 18:28:34.169 [ReconcilerExecutor-hivemq-controller-76] DEBUG c.h.p.o.HiveMQPlatformReconciler - [helmupgr] Custom Resource Spec (replicas: 1) (extensions: 1)
2025-01-30 18:28:34,177 INFO c.h.h.t.HelmChartContainer - [hivemq-test-hivemq-platform] [hivemq-platform-operator] [b64bda9d] 18:28:34.172 [ReconcilerExecutor-hivemq-controller-76] DEBUG c.h.p.o.HiveMQPlatformReconciler - [helmupgr] StatefulSet Status (revision: test-hivemq-platform-5b6c7575b6, replicas: 1, available: 0, ready: 0, current: 1, updated: 1)
2025-01-30 18:28:34,177 INFO c.h.h.t.HelmChartContainer - [hivemq-test-hivemq-platform] [hivemq-platform-operator] [b64bda9d] 18:28:34.172 [ReconcilerExecutor-hivemq-controller-76] DEBUG c.h.p.o.HiveMQPlatformReconciler - [helmupgr] StatefulSet Spec (replicas: 1, init containers: 1, containers: 1, volumes: 4)
2025-01-30 18:28:34,178 INFO c.h.h.t.HelmChartContainer - [hivemq-test-hivemq-platform] [hivemq-platform-operator] [b64bda9d] 18:28:34.174 [ReconcilerExecutor-hivemq-controller-76] DEBUG c.h.p.o.h.HiveMQPlatformReconcilerErrorHandler - [helmupgr] Pod 'test-hivemq-platform-0' phase Pending
2025-01-30 18:28:34,178 INFO c.h.h.t.HelmChartContainer - [hivemq-test-hivemq-platform] [hivemq-platform-operator] [b64bda9d] 18:28:34.176 [ReconcilerExecutor-hivemq-controller-76] DEBUG c.h.p.o.h.HiveMQPlatformReconcilerErrorHandler - [helmupgr] Pod 'test-hivemq-platform-0' condition 'PodReadyToStartContainers': False
2025-01-30 18:28:34,178 INFO c.h.h.t.HelmChartContainer - [hivemq-test-hivemq-platform] [hivemq-platform-operator] [b64bda9d] 18:28:34.176 [ReconcilerExecutor-hivemq-controller-76] DEBUG c.h.p.o.h.HiveMQPlatformReconcilerErrorHandler - [helmupgr] Pod 'test-hivemq-platform-0' condition 'Initialized': False
2025-01-30 18:28:34,178 INFO c.h.h.t.HelmChartContainer - [hivemq-test-hivemq-platform] [hivemq-platform-operator] [b64bda9d] 18:28:34.176 [ReconcilerExecutor-hivemq-controller-76] DEBUG c.h.p.o.h.HiveMQPlatformReconcilerErrorHandler - [helmupgr] Pod 'test-hivemq-platform-0' condition 'Ready': False
2025-01-30 18:28:34,178 INFO c.h.h.t.HelmChartContainer - [hivemq-test-hivemq-platform] [hivemq-platform-operator] [b64bda9d] 18:28:34.176 [ReconcilerExecutor-hivemq-controller-76] DEBUG c.h.p.o.h.HiveMQPlatformReconcilerErrorHandler - [helmupgr] Pod 'test-hivemq-platform-0' condition 'ContainersReady': False
2025-01-30 18:28:34,179 INFO c.h.h.t.HelmChartContainer - [hivemq-test-hivemq-platform] [hivemq-platform-operator] [b64bda9d] 18:28:34.177 [ReconcilerExecutor-hivemq-controller-76] DEBUG c.h.p.o.h.HiveMQPlatformReconcilerErrorHandler - [helmupgr] Pod 'test-hivemq-platform-0' condition 'PodScheduled': True
2025-01-30 18:28:34,179 INFO c.h.h.t.HelmChartContainer - [hivemq-test-hivemq-platform] [hivemq-platform-operator] [b64bda9d] 18:28:34.177 [ReconcilerExecutor-hivemq-controller-76] DEBUG c.h.p.o.h.HiveMQPlatformReconcilerErrorHandler - [helmupgr] Pod 'test-hivemq-platform-0' containerStatus 'hivemq' (started: false) (ready: false) (waiting: [PodInitializing] null)
2025-01-30 18:28:34,180 INFO c.h.h.t.HelmChartContainer - [hivemq-test-hivemq-platform] [hivemq-platform-operator] [b64bda9d] 18:28:34.178 [ReconcilerExecutor-hivemq-controller-76] INFO  c.h.p.o.h.HiveMQPlatformReconcilerBaseHandler - [helmupgr] HiveMQ Platform is starting, 0 of 1 replicas are ready
2025-01-30 18:28:34,196 INFO c.h.h.t.HelmChartContainer - [EVENT] Normal [Pulled] Container image "docker.io/hivemq/hivemq-platform-operator-init-test:snapshot" already present on machine [helmupgradeextensionit:test-hivemq-platform-0]
2025-01-30 18:28:34,203 INFO c.h.h.t.HelmChartContainer - [EVENT] Normal [Created] Created container: hivemq-platform-operator-init [helmupgradeextensionit:test-hivemq-platform-0]
2025-01-30 18:28:34,238 INFO c.h.h.t.HelmChartContainer - [EVENT] Normal [Started] Started container hivemq-platform-operator-init [helmupgradeextensionit:test-hivemq-platform-0]
2025-01-30 18:28:34,292 INFO c.h.h.t.HelmChartContainer - [POD] test-hivemq-platform-0 [c32f8a52-5b4e-4fdc-84c2-851c6bb9b953] in helmupgradeextensionit was MODIFIED
2025-01-30 18:28:34,363 INFO c.h.h.t.HelmChartContainer - [hivemq-test-hivemq-platform] [hivemq-platform-operator] [b64bda9d] 18:28:34.360 [pool-6-thread-32] DEBUG c.h.p.o.d.PlatformServiceResource - [helmupgr] Desired Platform services (3 services)
2025-01-30 18:28:34,364 INFO c.h.h.t.HelmChartContainer - [hivemq-test-hivemq-platform] [hivemq-platform-operator] [b64bda9d] 18:28:34.363 [pool-6-thread-33] DEBUG c.h.p.o.dependants.PodInfoConfigMap - [helmupgr] Desired PodInfo ConfigMap (1 extensions) (1 enabled)
2025-01-30 18:28:34,364 INFO c.h.h.t.HelmChartContainer - [hivemq-test-hivemq-platform] [hivemq-platform-operator] [b64bda9d] 18:28:34.363 [pool-6-thread-33] DEBUG c.h.p.o.dependants.PodInfoConfigMap - [helmupgr] Desired PodInfo ConfigMap (metrics port: 9399) (metrics path: /)
2025-01-30 18:28:34,364 INFO c.h.h.t.HelmChartContainer - [hivemq-test-hivemq-platform] [hivemq-platform-operator] [b64bda9d] 18:28:34.363 [pool-6-thread-33] DEBUG c.h.p.o.dependants.PodInfoConfigMap - [helmupgr] Desired PodInfo ConfigMap (extension state hash: -1817869294)
2025-01-30 18:28:34,367 INFO c.h.h.t.HelmChartContainer - [hivemq-test-hivemq-platform] [hivemq-platform-operator] [b64bda9d] 18:28:34.366 [pool-6-thread-37] DEBUG c.h.p.o.d.PodServiceAccountResource - [helmupgr] Desired PodServiceAccountResource (serviceAccountName: hivemq-platform-pod-test-hivemq-platform)
2025-01-30 18:28:34,390 INFO c.h.h.t.HelmChartContainer - [hivemq-test-hivemq-platform] [hivemq-platform-operator] [b64bda9d] 18:28:34.389 [pool-6-thread-40] DEBUG c.h.p.o.d.StatefulSetResource - [helmupgr] Desired StatefulSet (1 replicas) for status STARTING (READY)
2025-01-30 18:28:34,465 INFO c.h.h.t.HelmChartContainer - [hivemq-test-hivemq-platform] [hivemq-platform-operator] [b64bda9d] 18:28:34.461 [ReconcilerExecutor-hivemq-controller-87] INFO  c.h.p.o.HiveMQPlatformReconciler - [helmupgr] Reconciling HiveMQ Platform 'test-hivemq-platform' in namespace 'helmupgradeextensionit'
2025-01-30 18:28:34,465 INFO c.h.h.t.HelmChartContainer - [hivemq-test-hivemq-platform] [hivemq-platform-operator] [b64bda9d] 18:28:34.461 [ReconcilerExecutor-hivemq-controller-87] DEBUG c.h.p.o.HiveMQPlatformReconciler - [helmupgr] Custom Resource Status STARTING - HiveMQ Platform is starting (READY)
2025-01-30 18:28:34,465 INFO c.h.h.t.HelmChartContainer - [hivemq-test-hivemq-platform] [hivemq-platform-operator] [b64bda9d] 18:28:34.461 [ReconcilerExecutor-hivemq-controller-87] DEBUG c.h.p.o.HiveMQPlatformReconciler - [helmupgr] Custom Resource Spec (replicas: 1) (extensions: 1)
2025-01-30 18:28:34,467 INFO c.h.h.t.HelmChartContainer - [hivemq-test-hivemq-platform] [hivemq-platform-operator] [b64bda9d] 18:28:34.464 [ReconcilerExecutor-hivemq-controller-87] DEBUG c.h.p.o.HiveMQPlatformReconciler - [helmupgr] StatefulSet Status (revision: test-hivemq-platform-5b6c7575b6, replicas: 1, available: 0, ready: 0, current: 1, updated: 1)
2025-01-30 18:28:34,467 INFO c.h.h.t.HelmChartContainer - [hivemq-test-hivemq-platform] [hivemq-platform-operator] [b64bda9d] 18:28:34.465 [ReconcilerExecutor-hivemq-controller-87] DEBUG c.h.p.o.HiveMQPlatformReconciler - [helmupgr] StatefulSet Spec (replicas: 1, init containers: 1, containers: 1, volumes: 4)
2025-01-30 18:28:34,470 INFO c.h.h.t.HelmChartContainer - [hivemq-test-hivemq-platform] [hivemq-platform-operator] [b64bda9d] 18:28:34.468 [ReconcilerExecutor-hivemq-controller-87] DEBUG c.h.p.o.h.HiveMQPlatformReconcilerErrorHandler - [helmupgr] Pod 'test-hivemq-platform-0' phase Pending
2025-01-30 18:28:34,471 INFO c.h.h.t.HelmChartContainer - [hivemq-test-hivemq-platform] [hivemq-platform-operator] [b64bda9d] 18:28:34.468 [ReconcilerExecutor-hivemq-controller-87] DEBUG c.h.p.o.h.HiveMQPlatformReconcilerErrorHandler - [helmupgr] Pod 'test-hivemq-platform-0' condition 'PodReadyToStartContainers': True
2025-01-30 18:28:34,471 INFO c.h.h.t.HelmChartContainer - [hivemq-test-hivemq-platform] [hivemq-platform-operator] [b64bda9d] 18:28:34.468 [ReconcilerExecutor-hivemq-controller-87] DEBUG c.h.p.o.h.HiveMQPlatformReconcilerErrorHandler - [helmupgr] Pod 'test-hivemq-platform-0' condition 'Initialized': False
2025-01-30 18:28:34,471 INFO c.h.h.t.HelmChartContainer - [hivemq-test-hivemq-platform] [hivemq-platform-operator] [b64bda9d] 18:28:34.468 [ReconcilerExecutor-hivemq-controller-87] DEBUG c.h.p.o.h.HiveMQPlatformReconcilerErrorHandler - [helmupgr] Pod 'test-hivemq-platform-0' condition 'Ready': False
2025-01-30 18:28:34,471 INFO c.h.h.t.HelmChartContainer - [hivemq-test-hivemq-platform] [hivemq-platform-operator] [b64bda9d] 18:28:34.468 [ReconcilerExecutor-hivemq-controller-87] DEBUG c.h.p.o.h.HiveMQPlatformReconcilerErrorHandler - [helmupgr] Pod 'test-hivemq-platform-0' condition 'ContainersReady': False
2025-01-30 18:28:34,471 INFO c.h.h.t.HelmChartContainer - [hivemq-test-hivemq-platform] [hivemq-platform-operator] [b64bda9d] 18:28:34.468 [ReconcilerExecutor-hivemq-controller-87] DEBUG c.h.p.o.h.HiveMQPlatformReconcilerErrorHandler - [helmupgr] Pod 'test-hivemq-platform-0' condition 'PodScheduled': True
2025-01-30 18:28:34,471 INFO c.h.h.t.HelmChartContainer - [hivemq-test-hivemq-platform] [hivemq-platform-operator] [b64bda9d] 18:28:34.468 [ReconcilerExecutor-hivemq-controller-87] DEBUG c.h.p.o.h.HiveMQPlatformReconcilerErrorHandler - [helmupgr] Pod 'test-hivemq-platform-0' containerStatus 'hivemq' (started: false) (ready: false) (waiting: [PodInitializing] null)
2025-01-30 18:28:34,471 INFO c.h.h.t.HelmChartContainer - [hivemq-test-hivemq-platform] [hivemq-platform-operator] [b64bda9d] 18:28:34.469 [ReconcilerExecutor-hivemq-controller-87] INFO  c.h.p.o.h.HiveMQPlatformReconcilerBaseHandler - [helmupgr] HiveMQ Platform is starting, 0 of 1 replicas are ready
2025-01-30 18:28:35,282 INFO c.h.h.t.HelmChartContainer - [EVENT] Normal [Pulled] Container image "docker.io/hivemq/hivemq4:4.36.0" already present on machine [helmupgradeextensionit:test-hivemq-platform-0]
2025-01-30 18:28:35,282 INFO c.h.h.t.HelmChartContainer - Received Pulled event for container hivemq in pod test-hivemq-platform-0 [c32f8a52-5b4e-4fdc-84c2-851c6bb9b953]
2025-01-30 18:28:35,295 INFO c.h.h.t.HelmChartContainer - [POD] test-hivemq-platform-0 [c32f8a52-5b4e-4fdc-84c2-851c6bb9b953] in helmupgradeextensionit was MODIFIED
2025-01-30 18:28:35,296 INFO c.h.h.t.HelmChartContainer - [EVENT] Normal [Created] Created container: hivemq [helmupgradeextensionit:test-hivemq-platform-0]
2025-01-30 18:28:35,296 INFO c.h.h.t.HelmChartContainer - Received Created event for container hivemq in pod test-hivemq-platform-0 [c32f8a52-5b4e-4fdc-84c2-851c6bb9b953]
2025-01-30 18:28:35,317 INFO c.h.h.t.HelmChartContainer - [hivemq-test-hivemq-platform] [hivemq-platform-operator] [b64bda9d] 18:28:35.305 [pool-6-thread-42] DEBUG c.h.p.o.d.PlatformServiceResource - [helmupgr] Desired Platform services (3 services)
2025-01-30 18:28:35,317 INFO c.h.h.t.HelmChartContainer - [hivemq-test-hivemq-platform] [hivemq-platform-operator] [b64bda9d] 18:28:35.309 [pool-6-thread-43] DEBUG c.h.p.o.dependants.PodInfoConfigMap - [helmupgr] Desired PodInfo ConfigMap (1 extensions) (1 enabled)
2025-01-30 18:28:35,317 INFO c.h.h.t.HelmChartContainer - [hivemq-test-hivemq-platform] [hivemq-platform-operator] [b64bda9d] 18:28:35.309 [pool-6-thread-43] DEBUG c.h.p.o.dependants.PodInfoConfigMap - [helmupgr] Desired PodInfo ConfigMap (metrics port: 9399) (metrics path: /)
2025-01-30 18:28:35,317 INFO c.h.h.t.HelmChartContainer - [hivemq-test-hivemq-platform] [hivemq-platform-operator] [b64bda9d] 18:28:35.309 [pool-6-thread-43] DEBUG c.h.p.o.dependants.PodInfoConfigMap - [helmupgr] Desired PodInfo ConfigMap (extension state hash: -1817869294)
2025-01-30 18:28:35,321 INFO c.h.h.t.HelmChartContainer - [hivemq-test-hivemq-platform] [hivemq-platform-operator] [b64bda9d] 18:28:35.317 [pool-6-thread-47] DEBUG c.h.p.o.d.PodServiceAccountResource - [helmupgr] Desired PodServiceAccountResource (serviceAccountName: hivemq-platform-pod-test-hivemq-platform)
2025-01-30 18:28:35,393 INFO c.h.h.t.HelmChartContainer - [hivemq-test-hivemq-platform] [hivemq-platform-operator] [b64bda9d] 18:28:35.391 [pool-6-thread-50] DEBUG c.h.p.o.d.StatefulSetResource - [helmupgr] Desired StatefulSet (1 replicas) for status STARTING (READY)
2025-01-30 18:28:35,397 INFO c.h.h.t.HelmChartContainer - [hivemq-test-hivemq-platform] [hivemq-platform-operator] [b64bda9d] 18:28:35.396 [ReconcilerExecutor-hivemq-controller-98] INFO  c.h.p.o.HiveMQPlatformReconciler - [helmupgr] Reconciling HiveMQ Platform 'test-hivemq-platform' in namespace 'helmupgradeextensionit'
2025-01-30 18:28:35,397 INFO c.h.h.t.HelmChartContainer - [hivemq-test-hivemq-platform] [hivemq-platform-operator] [b64bda9d] 18:28:35.396 [ReconcilerExecutor-hivemq-controller-98] DEBUG c.h.p.o.HiveMQPlatformReconciler - [helmupgr] Custom Resource Status STARTING - HiveMQ Platform is starting (READY)
2025-01-30 18:28:35,398 INFO c.h.h.t.HelmChartContainer - [hivemq-test-hivemq-platform] [hivemq-platform-operator] [b64bda9d] 18:28:35.396 [ReconcilerExecutor-hivemq-controller-98] DEBUG c.h.p.o.HiveMQPlatformReconciler - [helmupgr] Custom Resource Spec (replicas: 1) (extensions: 1)
2025-01-30 18:28:35,403 INFO c.h.h.t.HelmChartContainer - [hivemq-test-hivemq-platform] [hivemq-platform-operator] [b64bda9d] 18:28:35.400 [ReconcilerExecutor-hivemq-controller-98] DEBUG c.h.p.o.HiveMQPlatformReconciler - [helmupgr] StatefulSet Status (revision: test-hivemq-platform-5b6c7575b6, replicas: 1, available: 0, ready: 0, current: 1, updated: 1)
2025-01-30 18:28:35,404 INFO c.h.h.t.HelmChartContainer - [hivemq-test-hivemq-platform] [hivemq-platform-operator] [b64bda9d] 18:28:35.403 [ReconcilerExecutor-hivemq-controller-98] DEBUG c.h.p.o.HiveMQPlatformReconciler - [helmupgr] StatefulSet Spec (replicas: 1, init containers: 1, containers: 1, volumes: 4)
2025-01-30 18:28:35,488 INFO c.h.h.t.HelmChartContainer - [hivemq-test-hivemq-platform] [hivemq-platform-operator] [b64bda9d] 18:28:35.486 [ReconcilerExecutor-hivemq-controller-98] DEBUG c.h.p.o.h.HiveMQPlatformReconcilerErrorHandler - [helmupgr] Pod 'test-hivemq-platform-0' phase Pending
2025-01-30 18:28:35,489 INFO c.h.h.t.HelmChartContainer - [hivemq-test-hivemq-platform] [hivemq-platform-operator] [b64bda9d] 18:28:35.487 [ReconcilerExecutor-hivemq-controller-98] DEBUG c.h.p.o.h.HiveMQPlatformReconcilerErrorHandler - [helmupgr] Pod 'test-hivemq-platform-0' condition 'PodReadyToStartContainers': True
2025-01-30 18:28:35,489 INFO c.h.h.t.HelmChartContainer - [hivemq-test-hivemq-platform] [hivemq-platform-operator] [b64bda9d] 18:28:35.487 [ReconcilerExecutor-hivemq-controller-98] DEBUG c.h.p.o.h.HiveMQPlatformReconcilerErrorHandler - [helmupgr] Pod 'test-hivemq-platform-0' condition 'Initialized': True
2025-01-30 18:28:35,489 INFO c.h.h.t.HelmChartContainer - [hivemq-test-hivemq-platform] [hivemq-platform-operator] [b64bda9d] 18:28:35.487 [ReconcilerExecutor-hivemq-controller-98] DEBUG c.h.p.o.h.HiveMQPlatformReconcilerErrorHandler - [helmupgr] Pod 'test-hivemq-platform-0' condition 'Ready': False
2025-01-30 18:28:35,489 INFO c.h.h.t.HelmChartContainer - [hivemq-test-hivemq-platform] [hivemq-platform-operator] [b64bda9d] 18:28:35.487 [ReconcilerExecutor-hivemq-controller-98] DEBUG c.h.p.o.h.HiveMQPlatformReconcilerErrorHandler - [helmupgr] Pod 'test-hivemq-platform-0' condition 'ContainersReady': False
2025-01-30 18:28:35,490 INFO c.h.h.t.HelmChartContainer - [hivemq-test-hivemq-platform] [hivemq-platform-operator] [b64bda9d] 18:28:35.487 [ReconcilerExecutor-hivemq-controller-98] DEBUG c.h.p.o.h.HiveMQPlatformReconcilerErrorHandler - [helmupgr] Pod 'test-hivemq-platform-0' condition 'PodScheduled': True
2025-01-30 18:28:35,490 INFO c.h.h.t.HelmChartContainer - [hivemq-test-hivemq-platform] [hivemq-platform-operator] [b64bda9d] 18:28:35.487 [ReconcilerExecutor-hivemq-controller-98] DEBUG c.h.p.o.h.HiveMQPlatformReconcilerErrorHandler - [helmupgr] Pod 'test-hivemq-platform-0' containerStatus 'hivemq' (started: false) (ready: false) (waiting: [PodInitializing] null)
2025-01-30 18:28:35,492 INFO c.h.h.t.HelmChartContainer - [hivemq-test-hivemq-platform] [hivemq-platform-operator] [b64bda9d] 18:28:35.488 [ReconcilerExecutor-hivemq-controller-98] INFO  c.h.p.o.h.HiveMQPlatformReconcilerBaseHandler - [helmupgr] HiveMQ Platform is starting, 0 of 1 replicas are ready
2025-01-30 18:28:36,291 INFO c.h.h.t.HelmChartContainer - [POD] test-hivemq-platform-0 [c32f8a52-5b4e-4fdc-84c2-851c6bb9b953] in helmupgradeextensionit was MODIFIED
2025-01-30 18:28:36,314 INFO c.h.h.t.HelmChartContainer - [hivemq-test-hivemq-platform] [hivemq-platform-operator] [b64bda9d] 18:28:36.298 [pool-6-thread-3] DEBUG c.h.p.o.d.PlatformServiceResource - [helmupgr] Desired Platform services (3 services)
2025-01-30 18:28:36,314 INFO c.h.h.t.HelmChartContainer - [hivemq-test-hivemq-platform] [hivemq-platform-operator] [b64bda9d] 18:28:36.301 [pool-6-thread-9] DEBUG c.h.p.o.dependants.PodInfoConfigMap - [helmupgr] Desired PodInfo ConfigMap (1 extensions) (1 enabled)
2025-01-30 18:28:36,314 INFO c.h.h.t.HelmChartContainer - [hivemq-test-hivemq-platform] [hivemq-platform-operator] [b64bda9d] 18:28:36.301 [pool-6-thread-9] DEBUG c.h.p.o.dependants.PodInfoConfigMap - [helmupgr] Desired PodInfo ConfigMap (metrics port: 9399) (metrics path: /)
2025-01-30 18:28:36,314 INFO c.h.h.t.HelmChartContainer - [hivemq-test-hivemq-platform] [hivemq-platform-operator] [b64bda9d] 18:28:36.305 [pool-6-thread-9] DEBUG c.h.p.o.dependants.PodInfoConfigMap - [helmupgr] Desired PodInfo ConfigMap (extension state hash: -1817869294)
2025-01-30 18:28:36,314 INFO c.h.h.t.HelmChartContainer - [hivemq-test-hivemq-platform] [hivemq-platform-operator] [b64bda9d] 18:28:36.308 [pool-6-thread-4] DEBUG c.h.p.o.d.PodServiceAccountResource - [helmupgr] Desired PodServiceAccountResource (serviceAccountName: hivemq-platform-pod-test-hivemq-platform)
2025-01-30 18:28:36,314 INFO c.h.h.t.HelmChartContainer - Started log watcher for hivemq in pod test-hivemq-platform-0 [c32f8a52-5b4e-4fdc-84c2-851c6bb9b953]
2025-01-30 18:28:36,315 INFO c.h.h.t.HelmChartContainer - [EVENT] Normal [Started] Started container hivemq [helmupgradeextensionit:test-hivemq-platform-0]
2025-01-30 18:28:36,315 INFO c.h.h.t.HelmChartContainer - Received Started event for container hivemq in pod test-hivemq-platform-0 [c32f8a52-5b4e-4fdc-84c2-851c6bb9b953]
2025-01-30 18:28:36,316 INFO c.h.h.t.HelmChartContainer - [test-hivemq-platform] [hivemq] [c32f8a52] Adding pre-installed HiveMQ Platform Operator extensions
2025-01-30 18:28:36,316 INFO c.h.h.t.HelmChartContainer - [test-hivemq-platform] [hivemq] [c32f8a52] Running as user 10000
2025-01-30 18:28:36,316 INFO c.h.h.t.HelmChartContainer - [test-hivemq-platform] [hivemq] [c32f8a52] Starting HiveMQ Platform Operator Init
2025-01-30 18:28:36,321 INFO c.h.h.t.HelmChartContainer - [hivemq-test-hivemq-platform] [hivemq-platform-operator] [b64bda9d] 18:28:36.320 [pool-6-thread-3] DEBUG c.h.p.o.d.StatefulSetResource - [helmupgr] Desired StatefulSet (1 replicas) for status STARTING (READY)
2025-01-30 18:28:36,388 INFO c.h.h.t.HelmChartContainer - [hivemq-test-hivemq-platform] [hivemq-platform-operator] [b64bda9d] 18:28:36.387 [ReconcilerExecutor-hivemq-controller-109] INFO  c.h.p.o.HiveMQPlatformReconciler - [helmupgr] Reconciling HiveMQ Platform 'test-hivemq-platform' in namespace 'helmupgradeextensionit'
2025-01-30 18:28:36,389 INFO c.h.h.t.HelmChartContainer - [hivemq-test-hivemq-platform] [hivemq-platform-operator] [b64bda9d] 18:28:36.387 [ReconcilerExecutor-hivemq-controller-109] DEBUG c.h.p.o.HiveMQPlatformReconciler - [helmupgr] Custom Resource Status STARTING - HiveMQ Platform is starting (READY)
2025-01-30 18:28:36,389 INFO c.h.h.t.HelmChartContainer - [hivemq-test-hivemq-platform] [hivemq-platform-operator] [b64bda9d] 18:28:36.387 [ReconcilerExecutor-hivemq-controller-109] DEBUG c.h.p.o.HiveMQPlatformReconciler - [helmupgr] Custom Resource Spec (replicas: 1) (extensions: 1)
2025-01-30 18:28:36,391 INFO c.h.h.t.HelmChartContainer - [hivemq-test-hivemq-platform] [hivemq-platform-operator] [b64bda9d] 18:28:36.390 [ReconcilerExecutor-hivemq-controller-109] DEBUG c.h.p.o.HiveMQPlatformReconciler - [helmupgr] StatefulSet Status (revision: test-hivemq-platform-5b6c7575b6, replicas: 1, available: 0, ready: 0, current: 1, updated: 1)
2025-01-30 18:28:36,391 INFO c.h.h.t.HelmChartContainer - [hivemq-test-hivemq-platform] [hivemq-platform-operator] [b64bda9d] 18:28:36.390 [ReconcilerExecutor-hivemq-controller-109] DEBUG c.h.p.o.HiveMQPlatformReconciler - [helmupgr] StatefulSet Spec (replicas: 1, init containers: 1, containers: 1, volumes: 4)
2025-01-30 18:28:36,393 INFO c.h.h.t.HelmChartContainer - [hivemq-test-hivemq-platform] [hivemq-platform-operator] [b64bda9d] 18:28:36.392 [ReconcilerExecutor-hivemq-controller-109] DEBUG c.h.p.o.h.HiveMQPlatformReconcilerErrorHandler - [helmupgr] Pod 'test-hivemq-platform-0' phase Running
2025-01-30 18:28:36,394 INFO c.h.h.t.HelmChartContainer - [hivemq-test-hivemq-platform] [hivemq-platform-operator] [b64bda9d] 18:28:36.393 [ReconcilerExecutor-hivemq-controller-109] INFO  c.h.p.o.h.HiveMQPlatformReconcilerBaseHandler - [helmupgr] HiveMQ Platform is starting, 0 of 1 replicas are ready
2025-01-30 18:28:36,646 INFO c.h.h.t.HelmChartContainer - [test-hivemq-platform] [hivemq] [c32f8a52] INFO  - [HiveMQ Platform Operator Init 1.7.0-SNAPSHOT] HiveMQ Platform Operator Init 1.7.0-SNAPSHOT (commit: 47e3375 on branch: HEAD) built on Thu Jan 30 03:55:50 UTC 2025
2025-01-30 18:28:37,774 INFO c.h.h.t.HelmChartContainer - [test-hivemq-platform] [hivemq] [c32f8a52] INFO  - [HiveMQ Platform Operator Init App 1.7.0-SNAPSHOT] Using bind address 10.42.0.6 from environment variable
2025-01-30 18:28:38,675 INFO c.h.h.t.HelmChartContainer - [test-hivemq-platform] [hivemq] [c32f8a52] INFO  - [HiveMQ Platform Operator Init App 1.7.0-SNAPSHOT] HiveMQ Platform Operator Init App 1.7.0-SNAPSHOT (commit: 47e3375 on branch: HEAD) built on Thu Jan 30 03:55:50 UTC 2025
2025-01-30 18:28:38,676 INFO c.h.h.t.HelmChartContainer - [test-hivemq-platform] [hivemq] [c32f8a52] INFO  - [HiveMQ Platform Operator Init App 1.7.0-SNAPSHOT] PodInfo ConfigMap directory: /etc/podinfo
2025-01-30 18:28:38,676 INFO c.h.h.t.HelmChartContainer - [test-hivemq-platform] [hivemq] [c32f8a52] INFO  - [HiveMQ Platform Operator Init App 1.7.0-SNAPSHOT] HiveMQ home directory: /opt/hivemq
2025-01-30 18:28:38,676 INFO c.h.h.t.HelmChartContainer - [test-hivemq-platform] [hivemq] [c32f8a52] INFO  - [HiveMQ Platform Operator Init App 1.7.0-SNAPSHOT] HiveMQ Logback folder: /opt/hivemq/conf
2025-01-30 18:28:38,677 INFO c.h.h.t.HelmChartContainer - [test-hivemq-platform] [hivemq] [c32f8a52] INFO  - [HiveMQ Platform Operator Init App 1.7.0-SNAPSHOT] HiveMQ Config folder: /opt/hivemq/conf-k8s
2025-01-30 18:28:38,677 INFO c.h.h.t.HelmChartContainer - [test-hivemq-platform] [hivemq] [c32f8a52] INFO  - [HiveMQ Platform Operator Init App 1.7.0-SNAPSHOT] Starting HiveMQ Platform Operator Init App
2025-01-30 18:28:38,677 INFO c.h.h.t.HelmChartContainer - [test-hivemq-platform] [hivemq] [c32f8a52] INFO  - [HiveMQ Platform Operator Init App 1.7.0-SNAPSHOT] Starting Pod reconciler
2025-01-30 18:28:39,961 INFO c.h.h.t.HelmChartContainer - [test-hivemq-platform] [hivemq] [c32f8a52] INFO  - [HiveMQ Platform Operator Init App 1.7.0-SNAPSHOT] Pod reconciler is scheduled (interval: 5000 ms)
2025-01-30 18:28:39,962 INFO c.h.h.t.HelmChartContainer - [test-hivemq-platform] [hivemq] [c32f8a52] INFO  - [HiveMQ Platform Operator Init App 1.7.0-SNAPSHOT] Starting the REST API on 10.42.0.6:7979
2025-01-30 18:28:39,964 INFO c.h.h.t.HelmChartContainer - [test-hivemq-platform] [hivemq] [c32f8a52] INFO  - [HiveMQ Platform Operator Init App 1.7.0-SNAPSHOT] Waiting up to 600s for at most 1 HiveMQ nodes in cluster service hivemq-test-hivemq-platform-cluster.helmupgradeextensionit.svc
2025-01-30 18:28:40,349 INFO c.h.h.t.HelmChartContainer - [test-hivemq-platform] [hivemq] [c32f8a52] INFO  - [HiveMQ Platform Operator Init App 1.7.0-SNAPSHOT] Resolved 1 IP addresses: [10.42.0.6]
2025-01-30 18:28:40,350 INFO c.h.h.t.HelmChartContainer - [test-hivemq-platform] [hivemq] [c32f8a52] INFO  - [HiveMQ Platform Operator Init App 1.7.0-SNAPSHOT] HiveMQ node count of 1 is within threshold of 1
2025-01-30 18:28:40,350 INFO c.h.h.t.HelmChartContainer - [test-hivemq-platform] [hivemq] [c32f8a52] INFO  - [HiveMQ Platform Operator Init App 1.7.0-SNAPSHOT] Proceeding with container start
2025-01-30 18:28:40,375 INFO c.h.h.t.HelmChartContainer - [test-hivemq-platform] [hivemq] [c32f8a52] INFO  - [HiveMQ Platform Operator Init App 1.7.0-SNAPSHOT] Initializing HiveMQ Platform extensions with initial configuration: {hivemq-bridge-extension={start-priority=-1, skip-https-hostname-verification=false, restart=true, config-version=515, header-version=0, c-uri=, priority=-1, uri=preinstalled, skip-https-certificate-validation=false, enabled=true}, hivemq-prometheus-extension={request-header-path=no-request-headers, enabled=true, restart=true, priority=-1, start-priority=-1, c-uri=, skip-https-hostname-verification=false, skip-https-certificate-validation=false, uri=preinstalled}}
2025-01-30 18:28:40,863 INFO c.h.h.t.HelmChartContainer - [test-hivemq-platform] [hivemq] [c32f8a52] INFO  - [HiveMQ Platform Operator Init App 1.7.0-SNAPSHOT] Successfully enabled extension hivemq-bridge-extension
2025-01-30 18:28:40,863 INFO c.h.h.testcontainer.LogWaiterUtil - TEST Found log pattern on 'test-hivemq-platform-0': .*\[HiveMQ Platform Operator Init App [A-Z0-9.-]+\] Successfully enabled extension hivemq-bridge-extension
2025-01-30 18:28:40,952 INFO c.h.h.t.HelmChartContainer - [test-hivemq-platform] [hivemq] [c32f8a52] INFO  - [HiveMQ Platform Operator Init App 1.7.0-SNAPSHOT] Successfully enabled extension hivemq-prometheus-extension
2025-01-30 18:28:40,956 INFO c.h.h.t.HelmChartContainer - [test-hivemq-platform] [hivemq] [c32f8a52] INFO  - [HiveMQ Platform Operator Init App 1.7.0-SNAPSHOT] Starting HiveMQ Platform version 4.36.0 (4.36.0)
2025-01-30 18:28:40,957 INFO c.h.h.t.HelmChartContainer - [test-hivemq-platform] [hivemq] [c32f8a52] INFO  - [HiveMQ Platform Operator Init App 1.7.0-SNAPSHOT] Configuring the HiveMQ Platform
2025-01-30 18:28:40,966 INFO c.h.h.t.HelmChartContainer - [test-hivemq-platform] [hivemq] [c32f8a52] INFO  - [HiveMQ Platform Operator Init App 1.7.0-SNAPSHOT] Changed logback.xml file scan period to 20 seconds
2025-01-30 18:28:41,051 INFO c.h.h.t.HelmChartContainer - [test-hivemq-platform] [hivemq] [c32f8a52] INFO  - [HiveMQ Platform Operator Init App 1.7.0-SNAPSHOT] Starting the HiveMQ Platform
2025-01-30 18:28:41,054 INFO c.h.h.t.HelmChartContainer - [test-hivemq-platform] [hivemq] [c32f8a52] -------------------------------------------------------------------------
2025-01-30 18:28:41,054 INFO c.h.h.t.HelmChartContainer - [test-hivemq-platform] [hivemq] [c32f8a52] 
2025-01-30 18:28:41,054 INFO c.h.h.t.HelmChartContainer - [test-hivemq-platform] [hivemq] [c32f8a52]                   _    _  _              __  __   ____
2025-01-30 18:28:41,054 INFO c.h.h.t.HelmChartContainer - [test-hivemq-platform] [hivemq] [c32f8a52]                  | |  | |(_)            |  \/  | / __ \
2025-01-30 18:28:41,054 INFO c.h.h.t.HelmChartContainer - [test-hivemq-platform] [hivemq] [c32f8a52]                  | |__| | _ __   __ ___ | \  / || |  | |
2025-01-30 18:28:41,054 INFO c.h.h.t.HelmChartContainer - [test-hivemq-platform] [hivemq] [c32f8a52]                  |  __  || |\ \ / // _ \| |\/| || |  | |
2025-01-30 18:28:41,055 INFO c.h.h.t.HelmChartContainer - [test-hivemq-platform] [hivemq] [c32f8a52]                  | |  | || | \ V /|  __/| |  | || |__| |
2025-01-30 18:28:41,055 INFO c.h.h.t.HelmChartContainer - [test-hivemq-platform] [hivemq] [c32f8a52]                  |_|  |_||_|  \_/  \___||_|  |_| \___\_\
2025-01-30 18:28:41,055 INFO c.h.h.t.HelmChartContainer - [test-hivemq-platform] [hivemq] [c32f8a52] 
2025-01-30 18:28:41,055 INFO c.h.h.t.HelmChartContainer - [test-hivemq-platform] [hivemq] [c32f8a52] -------------------------------------------------------------------------
2025-01-30 18:28:41,055 INFO c.h.h.t.HelmChartContainer - [test-hivemq-platform] [hivemq] [c32f8a52] 
2025-01-30 18:28:41,055 INFO c.h.h.t.HelmChartContainer - [test-hivemq-platform] [hivemq] [c32f8a52]   HiveMQ Start Script for Linux/Unix v1.14
2025-01-30 18:28:41,055 INFO c.h.h.t.HelmChartContainer - [test-hivemq-platform] [hivemq] [c32f8a52] 
2025-01-30 18:28:41,155 INFO c.h.h.t.HelmChartContainer - [test-hivemq-platform] [hivemq] [c32f8a52] -------------------------------------------------------------------------
2025-01-30 18:28:41,155 INFO c.h.h.t.HelmChartContainer - [test-hivemq-platform] [hivemq] [c32f8a52] 
2025-01-30 18:28:41,155 INFO c.h.h.t.HelmChartContainer - [test-hivemq-platform] [hivemq] [c32f8a52]   HIVEMQ_HOME: /opt/hivemq
2025-01-30 18:28:41,155 INFO c.h.h.t.HelmChartContainer - [test-hivemq-platform] [hivemq] [c32f8a52] 
2025-01-30 18:28:41,155 INFO c.h.h.t.HelmChartContainer - [test-hivemq-platform] [hivemq] [c32f8a52]   JAVA_OPTS: -XX:+UnlockExperimentalVMOptions -XX:InitialRAMPercentage=50 -XX:MaxRAMPercentage=50 -Djava.net.preferIPv4Stack=true --add-opens java.base/java.lang=ALL-UNNAMED --add-opens java.base/java.nio=ALL-UNNAMED --add-opens java.base/sun.nio.ch=ALL-UNNAMED --add-opens jdk.management/com.sun.management.internal=ALL-UNNAMED --add-exports java.base/jdk.internal.misc=ALL-UNNAMED -Djava.security.egd=file:/dev/./urandom -Dcom.sun.management.jmxremote -Dcom.sun.management.jmxremote.port=9010 -Dcom.sun.management.jmxremote.local.only=false -Dcom.sun.management.jmxremote.authenticate=false -Dcom.sun.management.jmxremote.ssl=false -Duser.language=en -Duser.region=US -XX:+CrashOnOutOfMemoryError -XX:+HeapDumpOnOutOfMemoryError
2025-01-30 18:28:41,155 INFO c.h.h.t.HelmChartContainer - [test-hivemq-platform] [hivemq] [c32f8a52] 
2025-01-30 18:28:41,155 INFO c.h.h.t.HelmChartContainer - [test-hivemq-platform] [hivemq] [c32f8a52]   JAVA_VERSION: 21
2025-01-30 18:28:41,155 INFO c.h.h.t.HelmChartContainer - [test-hivemq-platform] [hivemq] [c32f8a52] 
2025-01-30 18:28:41,156 INFO c.h.h.t.HelmChartContainer - [test-hivemq-platform] [hivemq] [c32f8a52] -------------------------------------------------------------------------
2025-01-30 18:28:41,156 INFO c.h.h.t.HelmChartContainer - [test-hivemq-platform] [hivemq] [c32f8a52] 
2025-01-30 18:28:42,358 INFO c.h.h.t.HelmChartContainer - [test-hivemq-platform] [hivemq] [c32f8a52] INFO  - [HiveMQ Platform Operator Init App 1.7.0-SNAPSHOT] Returning default Health API response 503 for readiness
2025-01-30 18:28:42,755 INFO c.h.h.t.HelmChartContainer - [EVENT] Warning [Unhealthy] Readiness probe failed: HTTP probe failed with statuscode: 503 [helmupgradeextensionit:test-hivemq-platform-0]
2025-01-30 18:28:42,755 INFO c.h.h.t.HelmChartContainer - Received Unhealthy event for container hivemq in pod test-hivemq-platform-0 [c32f8a52-5b4e-4fdc-84c2-851c6bb9b953]
2025-01-30 18:28:43,760 INFO c.h.h.t.HelmChartContainer - [test-hivemq-platform] [hivemq] [c32f8a52] INFO  - Starting HiveMQ Enterprise Server
2025-01-30 18:28:43,766 INFO c.h.h.t.HelmChartContainer - [test-hivemq-platform] [hivemq] [c32f8a52] INFO  - HiveMQ version: 4.36.0
2025-01-30 18:28:43,766 INFO c.h.h.t.HelmChartContainer - [test-hivemq-platform] [hivemq] [c32f8a52] INFO  - HiveMQ home directory: /opt/hivemq
2025-01-30 18:28:43,767 INFO c.h.h.t.HelmChartContainer - [test-hivemq-platform] [hivemq] [c32f8a52] INFO  - Log Configuration was overridden by /opt/hivemq/conf/logback.xml
2025-01-30 18:28:44,968 INFO c.h.h.t.HelmChartContainer - [test-hivemq-platform] [hivemq] [c32f8a52] INFO  - Successfully loaded configuration from '/opt/hivemq/conf-k8s/config.xml'.
2025-01-30 18:28:45,655 INFO c.h.h.t.HelmChartContainer - [test-hivemq-platform] [hivemq] [c32f8a52] INFO  - This node's ID is UK1ck
2025-01-30 18:28:45,655 INFO c.h.h.t.HelmChartContainer - [test-hivemq-platform] [hivemq] [c32f8a52] INFO  - Clustering is enabled
2025-01-30 18:28:46,402 INFO c.h.h.t.HelmChartContainer - [hivemq-test-hivemq-platform] [hivemq-platform-operator] [b64bda9d] 18:28:46.397 [pool-6-thread-11] DEBUG c.h.p.o.d.PlatformServiceResource - [helmupgr] Desired Platform services (3 services)
2025-01-30 18:28:46,403 INFO c.h.h.t.HelmChartContainer - [hivemq-test-hivemq-platform] [hivemq-platform-operator] [b64bda9d] 18:28:46.399 [pool-6-thread-14] DEBUG c.h.p.o.dependants.PodInfoConfigMap - [helmupgr] Desired PodInfo ConfigMap (1 extensions) (1 enabled)
2025-01-30 18:28:46,403 INFO c.h.h.t.HelmChartContainer - [hivemq-test-hivemq-platform] [hivemq-platform-operator] [b64bda9d] 18:28:46.399 [pool-6-thread-14] DEBUG c.h.p.o.dependants.PodInfoConfigMap - [helmupgr] Desired PodInfo ConfigMap (metrics port: 9399) (metrics path: /)
2025-01-30 18:28:46,403 INFO c.h.h.t.HelmChartContainer - [hivemq-test-hivemq-platform] [hivemq-platform-operator] [b64bda9d] 18:28:46.399 [pool-6-thread-14] DEBUG c.h.p.o.dependants.PodInfoConfigMap - [helmupgr] Desired PodInfo ConfigMap (extension state hash: -1817869294)
2025-01-30 18:28:46,403 INFO c.h.h.t.HelmChartContainer - [hivemq-test-hivemq-platform] [hivemq-platform-operator] [b64bda9d] 18:28:46.402 [pool-6-thread-15] DEBUG c.h.p.o.d.PodServiceAccountResource - [helmupgr] Desired PodServiceAccountResource (serviceAccountName: hivemq-platform-pod-test-hivemq-platform)
2025-01-30 18:28:46,405 INFO c.h.h.t.HelmChartContainer - [hivemq-test-hivemq-platform] [hivemq-platform-operator] [b64bda9d] 18:28:46.404 [pool-6-thread-18] DEBUG c.h.p.o.d.StatefulSetResource - [helmupgr] Desired StatefulSet (1 replicas) for status STARTING (READY)
2025-01-30 18:28:46,411 INFO c.h.h.t.HelmChartContainer - [hivemq-test-hivemq-platform] [hivemq-platform-operator] [b64bda9d] 18:28:46.410 [ReconcilerExecutor-hivemq-controller-110] INFO  c.h.p.o.HiveMQPlatformReconciler - [helmupgr] Reconciling HiveMQ Platform 'test-hivemq-platform' in namespace 'helmupgradeextensionit'
2025-01-30 18:28:46,412 INFO c.h.h.t.HelmChartContainer - [hivemq-test-hivemq-platform] [hivemq-platform-operator] [b64bda9d] 18:28:46.410 [ReconcilerExecutor-hivemq-controller-110] DEBUG c.h.p.o.HiveMQPlatformReconciler - [helmupgr] Custom Resource Status STARTING - HiveMQ Platform is starting (READY)
2025-01-30 18:28:46,413 INFO c.h.h.t.HelmChartContainer - [hivemq-test-hivemq-platform] [hivemq-platform-operator] [b64bda9d] 18:28:46.410 [ReconcilerExecutor-hivemq-controller-110] DEBUG c.h.p.o.HiveMQPlatformReconciler - [helmupgr] Custom Resource Spec (replicas: 1) (extensions: 1)
2025-01-30 18:28:46,414 INFO c.h.h.t.HelmChartContainer - [hivemq-test-hivemq-platform] [hivemq-platform-operator] [b64bda9d] 18:28:46.413 [ReconcilerExecutor-hivemq-controller-110] DEBUG c.h.p.o.HiveMQPlatformReconciler - [helmupgr] StatefulSet Status (revision: test-hivemq-platform-5b6c7575b6, replicas: 1, available: 0, ready: 0, current: 1, updated: 1)
2025-01-30 18:28:46,414 INFO c.h.h.t.HelmChartContainer - [hivemq-test-hivemq-platform] [hivemq-platform-operator] [b64bda9d] 18:28:46.413 [ReconcilerExecutor-hivemq-controller-110] DEBUG c.h.p.o.HiveMQPlatformReconciler - [helmupgr] StatefulSet Spec (replicas: 1, init containers: 1, containers: 1, volumes: 4)
2025-01-30 18:28:46,488 INFO c.h.h.t.HelmChartContainer - [hivemq-test-hivemq-platform] [hivemq-platform-operator] [b64bda9d] 18:28:46.487 [ReconcilerExecutor-hivemq-controller-110] DEBUG c.h.p.o.h.HiveMQPlatformReconcilerErrorHandler - [helmupgr] Pod 'test-hivemq-platform-0' phase Running
2025-01-30 18:28:46,489 INFO c.h.h.t.HelmChartContainer - [hivemq-test-hivemq-platform] [hivemq-platform-operator] [b64bda9d] 18:28:46.489 [ReconcilerExecutor-hivemq-controller-110] INFO  c.h.p.o.h.HiveMQPlatformReconcilerBaseHandler - [helmupgr] HiveMQ Platform is starting, 0 of 1 replicas are ready
2025-01-30 18:28:47,853 INFO c.h.h.t.HelmChartContainer - [test-hivemq-platform] [hivemq] [c32f8a52] WARN  - [HiveMQ Platform Operator Init App 1.7.0-SNAPSHOT] Cannot connect to Health API for readiness: null
2025-01-30 18:28:47,856 INFO c.h.h.t.HelmChartContainer - [EVENT] Warning [Unhealthy] Readiness probe failed: HTTP probe failed with statuscode: 503 [helmupgradeextensionit:test-hivemq-platform-0]
2025-01-30 18:28:47,857 INFO c.h.h.t.HelmChartContainer - Received Unhealthy event for container hivemq in pod test-hivemq-platform-0 [c32f8a52-5b4e-4fdc-84c2-851c6bb9b953]
2025-01-30 18:28:51,258 INFO c.h.h.t.HelmChartContainer - [test-hivemq-platform] [hivemq] [c32f8a52] Jan 30, 2025 6:28:51 PM io.vertx.core.impl.BlockedThreadChecker
2025-01-30 18:28:51,258 INFO c.h.h.t.HelmChartContainer - [test-hivemq-platform] [hivemq] [c32f8a52] WARNING: Thread Thread[vert.x-eventloop-thread-1,5,main] has been blocked for 2597 ms, time limit is 2000 ms
2025-01-30 18:28:51,449 INFO c.h.h.t.HelmChartContainer - [test-hivemq-platform] [hivemq] [c32f8a52] INFO  - [HiveMQ Platform Operator Init App 1.7.0-SNAPSHOT] Updating Pod HiveMQ Platform Operator Init App version annotation (version: 1.7.0-SNAPSHOT)
2025-01-30 18:28:51,967 INFO c.h.h.t.HelmChartContainer - [POD] test-hivemq-platform-0 [c32f8a52-5b4e-4fdc-84c2-851c6bb9b953] in helmupgradeextensionit was MODIFIED
2025-01-30 18:28:51,974 INFO c.h.h.t.HelmChartContainer - [hivemq-test-hivemq-platform] [hivemq-platform-operator] [b64bda9d] 18:28:51.972 [pool-6-thread-22] DEBUG c.h.p.o.d.PlatformServiceResource - [helmupgr] Desired Platform services (3 services)
2025-01-30 18:28:51,975 INFO c.h.h.t.HelmChartContainer - [hivemq-test-hivemq-platform] [hivemq-platform-operator] [b64bda9d] 18:28:51.973 [pool-6-thread-23] DEBUG c.h.p.o.d.PodServiceAccountResource - [helmupgr] Desired PodServiceAccountResource (serviceAccountName: hivemq-platform-pod-test-hivemq-platform)
2025-01-30 18:28:51,976 INFO c.h.h.t.HelmChartContainer - [hivemq-test-hivemq-platform] [hivemq-platform-operator] [b64bda9d] 18:28:51.975 [pool-6-thread-27] DEBUG c.h.p.o.dependants.PodInfoConfigMap - [helmupgr] Desired PodInfo ConfigMap (1 extensions) (1 enabled)
2025-01-30 18:28:51,976 INFO c.h.h.t.HelmChartContainer - [hivemq-test-hivemq-platform] [hivemq-platform-operator] [b64bda9d] 18:28:51.975 [pool-6-thread-27] DEBUG c.h.p.o.dependants.PodInfoConfigMap - [helmupgr] Desired PodInfo ConfigMap (metrics port: 9399) (metrics path: /)
2025-01-30 18:28:51,976 INFO c.h.h.t.HelmChartContainer - [hivemq-test-hivemq-platform] [hivemq-platform-operator] [b64bda9d] 18:28:51.975 [pool-6-thread-27] DEBUG c.h.p.o.dependants.PodInfoConfigMap - [helmupgr] Desired PodInfo ConfigMap (extension state hash: -1817869294)
2025-01-30 18:28:51,981 INFO c.h.h.t.HelmChartContainer - [hivemq-test-hivemq-platform] [hivemq-platform-operator] [b64bda9d] 18:28:51.980 [pool-6-thread-30] DEBUG c.h.p.o.d.StatefulSetResource - [helmupgr] Desired StatefulSet (1 replicas) for status STARTING (READY)
2025-01-30 18:28:52,052 INFO c.h.h.t.HelmChartContainer - [test-hivemq-platform] [hivemq] [c32f8a52] INFO  - [HiveMQ Platform Operator Init App 1.7.0-SNAPSHOT] Successfully updated Pod HiveMQ Platform Operator Init App version annotation (version: 1.7.0-SNAPSHOT)
2025-01-30 18:28:52,054 INFO c.h.h.t.HelmChartContainer - [test-hivemq-platform] [hivemq] [c32f8a52] WARN  - [HiveMQ Platform Operator Init App 1.7.0-SNAPSHOT] Cannot connect to Health API for readiness: null
2025-01-30 18:28:52,059 INFO c.h.h.t.HelmChartContainer - [EVENT] Warning [Unhealthy] Readiness probe failed: HTTP probe failed with statuscode: 503 [helmupgradeextensionit:test-hivemq-platform-0]
2025-01-30 18:28:52,059 INFO c.h.h.t.HelmChartContainer - Received Unhealthy event for container hivemq in pod test-hivemq-platform-0 [c32f8a52-5b4e-4fdc-84c2-851c6bb9b953]
2025-01-30 18:28:52,069 INFO c.h.h.t.HelmChartContainer - [hivemq-test-hivemq-platform] [hivemq-platform-operator] [b64bda9d] 18:28:52.068 [ReconcilerExecutor-hivemq-controller-111] INFO  c.h.p.o.HiveMQPlatformReconciler - [helmupgr] Reconciling HiveMQ Platform 'test-hivemq-platform' in namespace 'helmupgradeextensionit'
2025-01-30 18:28:52,069 INFO c.h.h.t.HelmChartContainer - [hivemq-test-hivemq-platform] [hivemq-platform-operator] [b64bda9d] 18:28:52.068 [ReconcilerExecutor-hivemq-controller-111] DEBUG c.h.p.o.HiveMQPlatformReconciler - [helmupgr] Custom Resource Status STARTING - HiveMQ Platform is starting (READY)
2025-01-30 18:28:52,070 INFO c.h.h.t.HelmChartContainer - [hivemq-test-hivemq-platform] [hivemq-platform-operator] [b64bda9d] 18:28:52.068 [ReconcilerExecutor-hivemq-controller-111] DEBUG c.h.p.o.HiveMQPlatformReconciler - [helmupgr] Custom Resource Spec (replicas: 1) (extensions: 1)
2025-01-30 18:28:52,072 INFO c.h.h.t.HelmChartContainer - [hivemq-test-hivemq-platform] [hivemq-platform-operator] [b64bda9d] 18:28:52.070 [ReconcilerExecutor-hivemq-controller-111] DEBUG c.h.p.o.HiveMQPlatformReconciler - [helmupgr] StatefulSet Status (revision: test-hivemq-platform-5b6c7575b6, replicas: 1, available: 0, ready: 0, current: 1, updated: 1)
2025-01-30 18:28:52,072 INFO c.h.h.t.HelmChartContainer - [hivemq-test-hivemq-platform] [hivemq-platform-operator] [b64bda9d] 18:28:52.070 [ReconcilerExecutor-hivemq-controller-111] DEBUG c.h.p.o.HiveMQPlatformReconciler - [helmupgr] StatefulSet Spec (replicas: 1, init containers: 1, containers: 1, volumes: 4)
2025-01-30 18:28:52,103 INFO c.h.h.t.HelmChartContainer - [hivemq-test-hivemq-platform] [hivemq-platform-operator] [b64bda9d] 18:28:52.072 [ReconcilerExecutor-hivemq-controller-111] DEBUG c.h.p.o.h.HiveMQPlatformReconcilerErrorHandler - [helmupgr] Pod 'test-hivemq-platform-0' phase Running
2025-01-30 18:28:52,104 INFO c.h.h.t.HelmChartContainer - [hivemq-test-hivemq-platform] [hivemq-platform-operator] [b64bda9d] 18:28:52.072 [ReconcilerExecutor-hivemq-controller-111] INFO  c.h.p.o.h.HiveMQPlatformReconcilerBaseHandler - [helmupgr] HiveMQ Platform is starting, 0 of 1 replicas are ready
2025-01-30 18:28:57,049 INFO c.h.h.t.HelmChartContainer - [test-hivemq-platform] [hivemq] [c32f8a52] WARN  - [HiveMQ Platform Operator Init App 1.7.0-SNAPSHOT] Cannot connect to Health API for readiness: null
2025-01-30 18:28:57,058 INFO c.h.h.t.HelmChartContainer - [EVENT] Warning [Unhealthy] Readiness probe failed: HTTP probe failed with statuscode: 503 [helmupgradeextensionit:test-hivemq-platform-0]
2025-01-30 18:28:57,058 INFO c.h.h.t.HelmChartContainer - Received Unhealthy event for container hivemq in pod test-hivemq-platform-0 [c32f8a52-5b4e-4fdc-84c2-851c6bb9b953]
2025-01-30 18:29:02,048 INFO c.h.h.t.HelmChartContainer - [test-hivemq-platform] [hivemq] [c32f8a52] WARN  - [HiveMQ Platform Operator Init App 1.7.0-SNAPSHOT] Cannot connect to Health API for readiness: null
2025-01-30 18:29:02,055 INFO c.h.h.t.HelmChartContainer - [EVENT] Warning [Unhealthy] Readiness probe failed: HTTP probe failed with statuscode: 503 [helmupgradeextensionit:test-hivemq-platform-0]
2025-01-30 18:29:02,055 INFO c.h.h.t.HelmChartContainer - Received Unhealthy event for container hivemq in pod test-hivemq-platform-0 [c32f8a52-5b4e-4fdc-84c2-851c6bb9b953]
2025-01-30 18:29:02,079 INFO c.h.h.t.HelmChartContainer - [hivemq-test-hivemq-platform] [hivemq-platform-operator] [b64bda9d] 18:29:02.076 [pool-6-thread-36] DEBUG c.h.p.o.d.PlatformServiceResource - [helmupgr] Desired Platform services (3 services)
2025-01-30 18:29:02,080 INFO c.h.h.t.HelmChartContainer - [hivemq-test-hivemq-platform] [hivemq-platform-operator] [b64bda9d] 18:29:02.078 [pool-6-thread-32] DEBUG c.h.p.o.dependants.PodInfoConfigMap - [helmupgr] Desired PodInfo ConfigMap (1 extensions) (1 enabled)
2025-01-30 18:29:02,081 INFO c.h.h.t.HelmChartContainer - [hivemq-test-hivemq-platform] [hivemq-platform-operator] [b64bda9d] 18:29:02.078 [pool-6-thread-32] DEBUG c.h.p.o.dependants.PodInfoConfigMap - [helmupgr] Desired PodInfo ConfigMap (metrics port: 9399) (metrics path: /)
2025-01-30 18:29:02,081 INFO c.h.h.t.HelmChartContainer - [hivemq-test-hivemq-platform] [hivemq-platform-operator] [b64bda9d] 18:29:02.078 [pool-6-thread-32] DEBUG c.h.p.o.dependants.PodInfoConfigMap - [helmupgr] Desired PodInfo ConfigMap (extension state hash: -1817869294)
2025-01-30 18:29:02,081 INFO c.h.h.t.HelmChartContainer - [hivemq-test-hivemq-platform] [hivemq-platform-operator] [b64bda9d] 18:29:02.078 [pool-6-thread-35] DEBUG c.h.p.o.d.PodServiceAccountResource - [helmupgr] Desired PodServiceAccountResource (serviceAccountName: hivemq-platform-pod-test-hivemq-platform)
2025-01-30 18:29:02,083 INFO c.h.h.t.HelmChartContainer - [hivemq-test-hivemq-platform] [hivemq-platform-operator] [b64bda9d] 18:29:02.082 [pool-6-thread-36] DEBUG c.h.p.o.d.StatefulSetResource - [helmupgr] Desired StatefulSet (1 replicas) for status STARTING (READY)
2025-01-30 18:29:02,087 INFO c.h.h.t.HelmChartContainer - [hivemq-test-hivemq-platform] [hivemq-platform-operator] [b64bda9d] 18:29:02.086 [ReconcilerExecutor-hivemq-controller-112] INFO  c.h.p.o.HiveMQPlatformReconciler - [helmupgr] Reconciling HiveMQ Platform 'test-hivemq-platform' in namespace 'helmupgradeextensionit'
2025-01-30 18:29:02,088 INFO c.h.h.t.HelmChartContainer - [hivemq-test-hivemq-platform] [hivemq-platform-operator] [b64bda9d] 18:29:02.086 [ReconcilerExecutor-hivemq-controller-112] DEBUG c.h.p.o.HiveMQPlatformReconciler - [helmupgr] Custom Resource Status STARTING - HiveMQ Platform is starting (READY)
2025-01-30 18:29:02,088 INFO c.h.h.t.HelmChartContainer - [hivemq-test-hivemq-platform] [hivemq-platform-operator] [b64bda9d] 18:29:02.086 [ReconcilerExecutor-hivemq-controller-112] DEBUG c.h.p.o.HiveMQPlatformReconciler - [helmupgr] Custom Resource Spec (replicas: 1) (extensions: 1)
2025-01-30 18:29:02,089 INFO c.h.h.t.HelmChartContainer - [hivemq-test-hivemq-platform] [hivemq-platform-operator] [b64bda9d] 18:29:02.088 [ReconcilerExecutor-hivemq-controller-112] DEBUG c.h.p.o.HiveMQPlatformReconciler - [helmupgr] StatefulSet Status (revision: test-hivemq-platform-5b6c7575b6, replicas: 1, available: 0, ready: 0, current: 1, updated: 1)
2025-01-30 18:29:02,091 INFO c.h.h.t.HelmChartContainer - [hivemq-test-hivemq-platform] [hivemq-platform-operator] [b64bda9d] 18:29:02.088 [ReconcilerExecutor-hivemq-controller-112] DEBUG c.h.p.o.HiveMQPlatformReconciler - [helmupgr] StatefulSet Spec (replicas: 1, init containers: 1, containers: 1, volumes: 4)
2025-01-30 18:29:02,091 INFO c.h.h.t.HelmChartContainer - [hivemq-test-hivemq-platform] [hivemq-platform-operator] [b64bda9d] 18:29:02.090 [ReconcilerExecutor-hivemq-controller-112] DEBUG c.h.p.o.h.HiveMQPlatformReconcilerErrorHandler - [helmupgr] Pod 'test-hivemq-platform-0' phase Running
2025-01-30 18:29:02,092 INFO c.h.h.t.HelmChartContainer - [hivemq-test-hivemq-platform] [hivemq-platform-operator] [b64bda9d] 18:29:02.090 [ReconcilerExecutor-hivemq-controller-112] INFO  c.h.p.o.h.HiveMQPlatformReconcilerBaseHandler - [helmupgr] HiveMQ Platform is starting, 0 of 1 replicas are ready
2025-01-30 18:29:02,770 INFO c.h.h.t.HelmChartContainer - [test-hivemq-platform] [hivemq] [c32f8a52] INFO  - No valid license file found. Using trial license, restricted to 25 connections.
2025-01-30 18:29:04,149 INFO c.h.h.t.HelmChartContainer - [test-hivemq-platform] [hivemq] [c32f8a52] WARN  - [HiveMQ Platform Operator Init App 1.7.0-SNAPSHOT] Cannot connect to Health API for liveness: null
2025-01-30 18:29:04,150 INFO c.h.h.t.HelmChartContainer - [test-hivemq-platform] [hivemq] [c32f8a52] INFO  - [HiveMQ Platform Operator Init App 1.7.0-SNAPSHOT] Returning default Health API response 200 for liveness
2025-01-30 18:29:06,359 INFO c.h.h.t.HelmChartContainer - [test-hivemq-platform] [hivemq] [c32f8a52] INFO  - No valid license file for Data Hub found. Using free license, restricted to 1 policy.
2025-01-30 18:29:06,969 INFO c.h.h.t.HelmChartContainer - [test-hivemq-platform] [hivemq] [c32f8a52] WARN  - [HiveMQ Platform Operator Init App 1.7.0-SNAPSHOT] Cannot connect to Health API for readiness: null
2025-01-30 18:29:06,975 INFO c.h.h.t.HelmChartContainer - [EVENT] Warning [Unhealthy] Readiness probe failed: HTTP probe failed with statuscode: 503 [helmupgradeextensionit:test-hivemq-platform-0]
2025-01-30 18:29:06,975 INFO c.h.h.t.HelmChartContainer - Received Unhealthy event for container hivemq in pod test-hivemq-platform-0 [c32f8a52-5b4e-4fdc-84c2-851c6bb9b953]
2025-01-30 18:29:07,558 INFO c.h.h.t.HelmChartContainer - [test-hivemq-platform] [hivemq] [c32f8a52] INFO  - Audit Logger started.
2025-01-30 18:29:07,771 INFO c.h.h.t.HelmChartContainer - [test-hivemq-platform] [hivemq] [c32f8a52] INFO  - This node uses '1' CPU cores.
2025-01-30 18:29:07,775 INFO c.h.h.t.HelmChartContainer - [test-hivemq-platform] [hivemq] [c32f8a52] INFO  - Starting HiveMQ Health API on address 0.0.0.0 and port 8889
2025-01-30 18:29:08,657 INFO c.h.h.t.HelmChartContainer - [test-hivemq-platform] [hivemq] [c32f8a52] INFO  - Started HiveMQ Health API in 882ms
2025-01-30 18:29:09,168 INFO c.h.h.t.HelmChartContainer - [test-hivemq-platform] [hivemq] [c32f8a52] INFO  - Starting HiveMQ extension system.
2025-01-30 18:29:11,162 INFO c.h.h.t.HelmChartContainer - [test-hivemq-platform] [hivemq] [c32f8a52] INFO  - No license found for enterprise extension with name "HiveMQ Enterprise Bridge Extension". Entering extension trial mode. "HiveMQ Enterprise Bridge Extension" will be disabled in 5 hours.
2025-01-30 18:29:11,360 INFO c.h.h.t.HelmChartContainer - [test-hivemq-platform] [hivemq] [c32f8a52] INFO  - Starting extension with id "hivemq-dns-cluster-discovery" at /opt/hivemq/extensions/hivemq-dns-cluster-discovery
2025-01-30 18:29:11,858 INFO c.h.h.t.HelmChartContainer - [test-hivemq-platform] [hivemq] [c32f8a52] INFO  - Using TCP cluster transport on address 10.42.0.6 and port 7000
2025-01-30 18:29:11,948 INFO c.h.h.t.HelmChartContainer - [test-hivemq-platform] [hivemq] [c32f8a52] INFO  - Using extension cluster discovery
2025-01-30 18:29:11,961 INFO c.h.h.t.HelmChartContainer - [test-hivemq-platform] [hivemq] [c32f8a52] INFO  - Extension "DNS Cluster Discovery Extension" version 4.3.2 started successfully.
2025-01-30 18:29:11,961 INFO c.h.h.t.HelmChartContainer - [test-hivemq-platform] [hivemq] [c32f8a52] INFO  - Starting extension with id "hivemq-bridge-extension" at /opt/hivemq/extensions/hivemq-bridge-extension
2025-01-30 18:29:12,099 INFO c.h.h.t.HelmChartContainer - [hivemq-test-hivemq-platform] [hivemq-platform-operator] [b64bda9d] 18:29:12.093 [pool-6-thread-46] DEBUG c.h.p.o.d.PlatformServiceResource - [helmupgr] Desired Platform services (3 services)
2025-01-30 18:29:12,099 INFO c.h.h.t.HelmChartContainer - [hivemq-test-hivemq-platform] [hivemq-platform-operator] [b64bda9d] 18:29:12.095 [pool-6-thread-45] DEBUG c.h.p.o.dependants.PodInfoConfigMap - [helmupgr] Desired PodInfo ConfigMap (1 extensions) (1 enabled)
2025-01-30 18:29:12,099 INFO c.h.h.t.HelmChartContainer - [hivemq-test-hivemq-platform] [hivemq-platform-operator] [b64bda9d] 18:29:12.095 [pool-6-thread-45] DEBUG c.h.p.o.dependants.PodInfoConfigMap - [helmupgr] Desired PodInfo ConfigMap (metrics port: 9399) (metrics path: /)
2025-01-30 18:29:12,099 INFO c.h.h.t.HelmChartContainer - [hivemq-test-hivemq-platform] [hivemq-platform-operator] [b64bda9d] 18:29:12.095 [pool-6-thread-45] DEBUG c.h.p.o.dependants.PodInfoConfigMap - [helmupgr] Desired PodInfo ConfigMap (extension state hash: -1817869294)
2025-01-30 18:29:12,099 INFO c.h.h.t.HelmChartContainer - [hivemq-test-hivemq-platform] [hivemq-platform-operator] [b64bda9d] 18:29:12.096 [pool-6-thread-43] DEBUG c.h.p.o.d.PodServiceAccountResource - [helmupgr] Desired PodServiceAccountResource (serviceAccountName: hivemq-platform-pod-test-hivemq-platform)
2025-01-30 18:29:12,101 INFO c.h.h.t.HelmChartContainer - [hivemq-test-hivemq-platform] [hivemq-platform-operator] [b64bda9d] 18:29:12.100 [pool-6-thread-43] DEBUG c.h.p.o.d.StatefulSetResource - [helmupgr] Desired StatefulSet (1 replicas) for status STARTING (READY)
2025-01-30 18:29:12,109 INFO c.h.h.t.HelmChartContainer - [hivemq-test-hivemq-platform] [hivemq-platform-operator] [b64bda9d] 18:29:12.108 [ReconcilerExecutor-hivemq-controller-113] INFO  c.h.p.o.HiveMQPlatformReconciler - [helmupgr] Reconciling HiveMQ Platform 'test-hivemq-platform' in namespace 'helmupgradeextensionit'
2025-01-30 18:29:12,111 INFO c.h.h.t.HelmChartContainer - [hivemq-test-hivemq-platform] [hivemq-platform-operator] [b64bda9d] 18:29:12.109 [ReconcilerExecutor-hivemq-controller-113] DEBUG c.h.p.o.HiveMQPlatformReconciler - [helmupgr] Custom Resource Status STARTING - HiveMQ Platform is starting (READY)
2025-01-30 18:29:12,111 INFO c.h.h.t.HelmChartContainer - [hivemq-test-hivemq-platform] [hivemq-platform-operator] [b64bda9d] 18:29:12.109 [ReconcilerExecutor-hivemq-controller-113] DEBUG c.h.p.o.HiveMQPlatformReconciler - [helmupgr] Custom Resource Spec (replicas: 1) (extensions: 1)
2025-01-30 18:29:12,191 INFO c.h.h.t.HelmChartContainer - [hivemq-test-hivemq-platform] [hivemq-platform-operator] [b64bda9d] 18:29:12.188 [ReconcilerExecutor-hivemq-controller-113] DEBUG c.h.p.o.HiveMQPlatformReconciler - [helmupgr] StatefulSet Status (revision: test-hivemq-platform-5b6c7575b6, replicas: 1, available: 0, ready: 0, current: 1, updated: 1)
2025-01-30 18:29:12,191 INFO c.h.h.t.HelmChartContainer - [hivemq-test-hivemq-platform] [hivemq-platform-operator] [b64bda9d] 18:29:12.188 [ReconcilerExecutor-hivemq-controller-113] DEBUG c.h.p.o.HiveMQPlatformReconciler - [helmupgr] StatefulSet Spec (replicas: 1, init containers: 1, containers: 1, volumes: 4)
2025-01-30 18:29:12,192 INFO c.h.h.t.HelmChartContainer - [hivemq-test-hivemq-platform] [hivemq-platform-operator] [b64bda9d] 18:29:12.190 [ReconcilerExecutor-hivemq-controller-113] DEBUG c.h.p.o.h.HiveMQPlatformReconcilerErrorHandler - [helmupgr] Pod 'test-hivemq-platform-0' phase Running
2025-01-30 18:29:12,193 INFO c.h.h.t.HelmChartContainer - [hivemq-test-hivemq-platform] [hivemq-platform-operator] [b64bda9d] 18:29:12.191 [ReconcilerExecutor-hivemq-controller-113] INFO  c.h.p.o.h.HiveMQPlatformReconcilerBaseHandler - [helmupgr] HiveMQ Platform is starting, 0 of 1 replicas are ready
2025-01-30 18:29:13,010 INFO c.h.h.t.HelmChartContainer - [EVENT] Warning [Unhealthy] Readiness probe failed: Get "http://10.42.0.6:7979/readiness": context deadline exceeded (Client.Timeout exceeded while awaiting headers) [helmupgradeextensionit:test-hivemq-platform-0]
2025-01-30 18:29:13,010 INFO c.h.h.t.HelmChartContainer - Received Unhealthy event for container hivemq in pod test-hivemq-platform-0 [c32f8a52-5b4e-4fdc-84c2-851c6bb9b953]
2025-01-30 18:29:13,250 INFO c.h.h.t.HelmChartContainer - [test-hivemq-platform] [hivemq] [c32f8a52] INFO  - HiveMQ Enterprise Bridge Extension: Successfully loaded configuration from '/opt/hivemq/extensions/hivemq-bridge-extension/conf/config.xml'.
2025-01-30 18:29:13,555 INFO c.h.h.t.HelmChartContainer - [test-hivemq-platform] [hivemq] [c32f8a52] INFO  - [HiveMQ Platform Operator Init App 1.7.0-SNAPSHOT] Returning Health API response 503 for readiness
2025-01-30 18:29:13,961 INFO c.h.h.t.HelmChartContainer - [test-hivemq-platform] [hivemq] [c32f8a52] INFO  - Bridge Extension: Connecting to remote brokers...
2025-01-30 18:29:15,847 INFO c.h.h.t.HelmChartContainer - [test-hivemq-platform] [hivemq] [c32f8a52] INFO  - UK1ck: no members discovered after 3197 ms: creating cluster as first member
2025-01-30 18:29:15,857 INFO c.h.h.t.HelmChartContainer - [test-hivemq-platform] [hivemq] [c32f8a52] INFO  - Cluster nodes found by discovery: [UK1ck|0] (1) [UK1ck].
2025-01-30 18:29:16,975 INFO c.h.h.t.HelmChartContainer - [EVENT] Warning [Unhealthy] Readiness probe failed: HTTP probe failed with statuscode: 503 [helmupgradeextensionit:test-hivemq-platform-0]
2025-01-30 18:29:16,975 INFO c.h.h.t.HelmChartContainer - Received Unhealthy event for container hivemq in pod test-hivemq-platform-0 [c32f8a52-5b4e-4fdc-84c2-851c6bb9b953]
2025-01-30 18:29:21,974 INFO c.h.h.t.HelmChartContainer - [EVENT] Warning [Unhealthy] Readiness probe failed: HTTP probe failed with statuscode: 503 [helmupgradeextensionit:test-hivemq-platform-0]
2025-01-30 18:29:21,974 INFO c.h.h.t.HelmChartContainer - Received Unhealthy event for container hivemq in pod test-hivemq-platform-0 [c32f8a52-5b4e-4fdc-84c2-851c6bb9b953]
2025-01-30 18:29:22,197 INFO c.h.h.t.HelmChartContainer - [hivemq-test-hivemq-platform] [hivemq-platform-operator] [b64bda9d] 18:29:22.195 [pool-6-thread-9] DEBUG c.h.p.o.d.PlatformServiceResource - [helmupgr] Desired Platform services (3 services)
2025-01-30 18:29:22,198 INFO c.h.h.t.HelmChartContainer - [hivemq-test-hivemq-platform] [hivemq-platform-operator] [b64bda9d] 18:29:22.196 [pool-6-thread-1] DEBUG c.h.p.o.dependants.PodInfoConfigMap - [helmupgr] Desired PodInfo ConfigMap (1 extensions) (1 enabled)
2025-01-30 18:29:22,198 INFO c.h.h.t.HelmChartContainer - [hivemq-test-hivemq-platform] [hivemq-platform-operator] [b64bda9d] 18:29:22.196 [pool-6-thread-1] DEBUG c.h.p.o.dependants.PodInfoConfigMap - [helmupgr] Desired PodInfo ConfigMap (metrics port: 9399) (metrics path: /)
2025-01-30 18:29:22,198 INFO c.h.h.t.HelmChartContainer - [hivemq-test-hivemq-platform] [hivemq-platform-operator] [b64bda9d] 18:29:22.196 [pool-6-thread-1] DEBUG c.h.p.o.dependants.PodInfoConfigMap - [helmupgr] Desired PodInfo ConfigMap (extension state hash: -1817869294)
2025-01-30 18:29:22,199 INFO c.h.h.t.HelmChartContainer - [hivemq-test-hivemq-platform] [hivemq-platform-operator] [b64bda9d] 18:29:22.197 [pool-6-thread-1] DEBUG c.h.p.o.d.PodServiceAccountResource - [helmupgr] Desired PodServiceAccountResource (serviceAccountName: hivemq-platform-pod-test-hivemq-platform)
2025-01-30 18:29:22,203 INFO c.h.h.t.HelmChartContainer - [hivemq-test-hivemq-platform] [hivemq-platform-operator] [b64bda9d] 18:29:22.203 [pool-6-thread-9] DEBUG c.h.p.o.d.StatefulSetResource - [helmupgr] Desired StatefulSet (1 replicas) for status STARTING (READY)
2025-01-30 18:29:22,207 INFO c.h.h.t.HelmChartContainer - [hivemq-test-hivemq-platform] [hivemq-platform-operator] [b64bda9d] 18:29:22.206 [ReconcilerExecutor-hivemq-controller-114] INFO  c.h.p.o.HiveMQPlatformReconciler - [helmupgr] Reconciling HiveMQ Platform 'test-hivemq-platform' in namespace 'helmupgradeextensionit'
2025-01-30 18:29:22,208 INFO c.h.h.t.HelmChartContainer - [hivemq-test-hivemq-platform] [hivemq-platform-operator] [b64bda9d] 18:29:22.206 [ReconcilerExecutor-hivemq-controller-114] DEBUG c.h.p.o.HiveMQPlatformReconciler - [helmupgr] Custom Resource Status STARTING - HiveMQ Platform is starting (READY)
2025-01-30 18:29:22,208 INFO c.h.h.t.HelmChartContainer - [hivemq-test-hivemq-platform] [hivemq-platform-operator] [b64bda9d] 18:29:22.206 [ReconcilerExecutor-hivemq-controller-114] DEBUG c.h.p.o.HiveMQPlatformReconciler - [helmupgr] Custom Resource Spec (replicas: 1) (extensions: 1)
2025-01-30 18:29:22,209 INFO c.h.h.t.HelmChartContainer - [hivemq-test-hivemq-platform] [hivemq-platform-operator] [b64bda9d] 18:29:22.208 [ReconcilerExecutor-hivemq-controller-114] DEBUG c.h.p.o.HiveMQPlatformReconciler - [helmupgr] StatefulSet Status (revision: test-hivemq-platform-5b6c7575b6, replicas: 1, available: 0, ready: 0, current: 1, updated: 1)
2025-01-30 18:29:22,210 INFO c.h.h.t.HelmChartContainer - [hivemq-test-hivemq-platform] [hivemq-platform-operator] [b64bda9d] 18:29:22.209 [ReconcilerExecutor-hivemq-controller-114] DEBUG c.h.p.o.HiveMQPlatformReconciler - [helmupgr] StatefulSet Spec (replicas: 1, init containers: 1, containers: 1, volumes: 4)
2025-01-30 18:29:22,211 INFO c.h.h.t.HelmChartContainer - [hivemq-test-hivemq-platform] [hivemq-platform-operator] [b64bda9d] 18:29:22.210 [ReconcilerExecutor-hivemq-controller-114] DEBUG c.h.p.o.h.HiveMQPlatformReconcilerErrorHandler - [helmupgr] Pod 'test-hivemq-platform-0' phase Running
2025-01-30 18:29:22,213 INFO c.h.h.t.HelmChartContainer - [hivemq-test-hivemq-platform] [hivemq-platform-operator] [b64bda9d] 18:29:22.211 [ReconcilerExecutor-hivemq-controller-114] INFO  c.h.p.o.h.HiveMQPlatformReconcilerBaseHandler - [helmupgr] HiveMQ Platform is starting, 0 of 1 replicas are ready
2025-01-30 18:29:24,565 INFO c.h.h.t.HelmChartContainer - [test-hivemq-platform] [hivemq] [c32f8a52] WARN  - Bridge Extension: Connect to bridge 'testbridge' failed for the 1 time, reason: connection timed out after 10000 ms: /172.17.0.3:1883
2025-01-30 18:29:24,570 INFO c.h.h.t.HelmChartContainer - [test-hivemq-platform] [hivemq] [c32f8a52] WARN  - Bridge Extension: Connect to bridge 'testbridge' failed for the 1 time, reason: connection timed out after 10000 ms: /172.17.0.3:1883
2025-01-30 18:29:26,975 INFO c.h.h.t.HelmChartContainer - [EVENT] Warning [Unhealthy] Readiness probe failed: HTTP probe failed with statuscode: 503 [helmupgradeextensionit:test-hivemq-platform-0]
2025-01-30 18:29:26,975 INFO c.h.h.t.HelmChartContainer - Received Unhealthy event for container hivemq in pod test-hivemq-platform-0 [c32f8a52-5b4e-4fdc-84c2-851c6bb9b953]
2025-01-30 18:29:31,974 INFO c.h.h.t.HelmChartContainer - [EVENT] Warning [Unhealthy] Readiness probe failed: HTTP probe failed with statuscode: 503 [helmupgradeextensionit:test-hivemq-platform-0]
2025-01-30 18:29:31,974 INFO c.h.h.t.HelmChartContainer - Received Unhealthy event for container hivemq in pod test-hivemq-platform-0 [c32f8a52-5b4e-4fdc-84c2-851c6bb9b953]
2025-01-30 18:29:32,220 INFO c.h.h.t.HelmChartContainer - [hivemq-test-hivemq-platform] [hivemq-platform-operator] [b64bda9d] 18:29:32.214 [pool-6-thread-19] DEBUG c.h.p.o.d.PlatformServiceResource - [helmupgr] Desired Platform services (3 services)
2025-01-30 18:29:32,220 INFO c.h.h.t.HelmChartContainer - [hivemq-test-hivemq-platform] [hivemq-platform-operator] [b64bda9d] 18:29:32.215 [pool-6-thread-11] DEBUG c.h.p.o.d.PodServiceAccountResource - [helmupgr] Desired PodServiceAccountResource (serviceAccountName: hivemq-platform-pod-test-hivemq-platform)
2025-01-30 18:29:32,220 INFO c.h.h.t.HelmChartContainer - [hivemq-test-hivemq-platform] [hivemq-platform-operator] [b64bda9d] 18:29:32.215 [pool-6-thread-13] DEBUG c.h.p.o.dependants.PodInfoConfigMap - [helmupgr] Desired PodInfo ConfigMap (1 extensions) (1 enabled)
2025-01-30 18:29:32,220 INFO c.h.h.t.HelmChartContainer - [hivemq-test-hivemq-platform] [hivemq-platform-operator] [b64bda9d] 18:29:32.216 [pool-6-thread-13] DEBUG c.h.p.o.dependants.PodInfoConfigMap - [helmupgr] Desired PodInfo ConfigMap (metrics port: 9399) (metrics path: /)
2025-01-30 18:29:32,220 INFO c.h.h.t.HelmChartContainer - [hivemq-test-hivemq-platform] [hivemq-platform-operator] [b64bda9d] 18:29:32.216 [pool-6-thread-13] DEBUG c.h.p.o.dependants.PodInfoConfigMap - [helmupgr] Desired PodInfo ConfigMap (extension state hash: -1817869294)
2025-01-30 18:29:32,225 INFO c.h.h.t.HelmChartContainer - [hivemq-test-hivemq-platform] [hivemq-platform-operator] [b64bda9d] 18:29:32.225 [pool-6-thread-19] DEBUG c.h.p.o.d.StatefulSetResource - [helmupgr] Desired StatefulSet (1 replicas) for status STARTING (READY)
2025-01-30 18:29:32,230 INFO c.h.h.t.HelmChartContainer - [hivemq-test-hivemq-platform] [hivemq-platform-operator] [b64bda9d] 18:29:32.228 [ReconcilerExecutor-hivemq-controller-115] INFO  c.h.p.o.HiveMQPlatformReconciler - [helmupgr] Reconciling HiveMQ Platform 'test-hivemq-platform' in namespace 'helmupgradeextensionit'
2025-01-30 18:29:32,230 INFO c.h.h.t.HelmChartContainer - [hivemq-test-hivemq-platform] [hivemq-platform-operator] [b64bda9d] 18:29:32.228 [ReconcilerExecutor-hivemq-controller-115] DEBUG c.h.p.o.HiveMQPlatformReconciler - [helmupgr] Custom Resource Status STARTING - HiveMQ Platform is starting (READY)
2025-01-30 18:29:32,230 INFO c.h.h.t.HelmChartContainer - [hivemq-test-hivemq-platform] [hivemq-platform-operator] [b64bda9d] 18:29:32.228 [ReconcilerExecutor-hivemq-controller-115] DEBUG c.h.p.o.HiveMQPlatformReconciler - [helmupgr] Custom Resource Spec (replicas: 1) (extensions: 1)
2025-01-30 18:29:32,288 INFO c.h.h.t.HelmChartContainer - [hivemq-test-hivemq-platform] [hivemq-platform-operator] [b64bda9d] 18:29:32.287 [ReconcilerExecutor-hivemq-controller-115] DEBUG c.h.p.o.HiveMQPlatformReconciler - [helmupgr] StatefulSet Status (revision: test-hivemq-platform-5b6c7575b6, replicas: 1, available: 0, ready: 0, current: 1, updated: 1)
2025-01-30 18:29:32,288 INFO c.h.h.t.HelmChartContainer - [hivemq-test-hivemq-platform] [hivemq-platform-operator] [b64bda9d] 18:29:32.287 [ReconcilerExecutor-hivemq-controller-115] DEBUG c.h.p.o.HiveMQPlatformReconciler - [helmupgr] StatefulSet Spec (replicas: 1, init containers: 1, containers: 1, volumes: 4)
2025-01-30 18:29:32,289 INFO c.h.h.t.HelmChartContainer - [hivemq-test-hivemq-platform] [hivemq-platform-operator] [b64bda9d] 18:29:32.288 [ReconcilerExecutor-hivemq-controller-115] DEBUG c.h.p.o.h.HiveMQPlatformReconcilerErrorHandler - [helmupgr] Pod 'test-hivemq-platform-0' phase Running
2025-01-30 18:29:32,290 INFO c.h.h.t.HelmChartContainer - [hivemq-test-hivemq-platform] [hivemq-platform-operator] [b64bda9d] 18:29:32.289 [ReconcilerExecutor-hivemq-controller-115] INFO  c.h.p.o.h.HiveMQPlatformReconcilerBaseHandler - [helmupgr] HiveMQ Platform is starting, 0 of 1 replicas are ready
2025-01-30 18:29:34,107 INFO c.h.h.t.HelmChartContainer - [test-hivemq-platform] [hivemq] [c32f8a52] INFO  - [HiveMQ Platform Operator Init App 1.7.0-SNAPSHOT] Returning Health API response 200 for liveness
2025-01-30 18:29:36,253 INFO c.h.h.t.HelmChartContainer - [test-hivemq-platform] [hivemq] [c32f8a52] WARN  - Bridge Extension: Connect to bridge 'testbridge' failed for the 2 time, reason: connection timed out after 10000 ms: /172.17.0.3:1883
2025-01-30 18:29:36,463 INFO c.h.h.t.HelmChartContainer - [test-hivemq-platform] [hivemq] [c32f8a52] WARN  - Bridge Extension: Connect to bridge 'testbridge' failed for the 2 time, reason: connection timed out after 10000 ms: /172.17.0.3:1883
2025-01-30 18:29:36,463 INFO c.h.h.t.HelmChartContainer - [test-hivemq-platform] [hivemq] [c32f8a52] WARN  - Bridge Extension: Not all clients could connect successfully to remote brokers. The clients will retry the connection.
2025-01-30 18:29:36,551 INFO c.h.h.t.HelmChartContainer - [test-hivemq-platform] [hivemq] [c32f8a52] INFO  - Extension "HiveMQ Enterprise Bridge Extension" version 4.36.0 started successfully.
2025-01-30 18:29:36,551 INFO c.h.h.testcontainer.LogWaiterUtil - TEST Found log pattern on 'test-hivemq-platform-0': .*Extension "HiveMQ Enterprise Bridge Extension" version .* started successfully.
2025-01-30 18:29:36,551 INFO c.h.h.t.HelmChartContainer - [test-hivemq-platform] [hivemq] [c32f8a52] INFO  - Starting extension with id "hivemq-prometheus-extension" at /opt/hivemq/extensions/hivemq-prometheus-extension
2025-01-30 18:29:36,874 INFO c.h.h.t.HelmChartContainer - [test-hivemq-platform] [hivemq] [c32f8a52] INFO  - Started Jetty Server exposing Prometheus Servlet on URI http://0.0.0.0:9399/
2025-01-30 18:29:36,874 INFO c.h.h.t.HelmChartContainer - [test-hivemq-platform] [hivemq] [c32f8a52] INFO  - Extension "Prometheus Monitoring Extension" version 4.0.12 started successfully.
2025-01-30 18:29:36,874 INFO c.h.h.t.HelmChartContainer - [test-hivemq-platform] [hivemq] [c32f8a52] INFO  - Starting extension with id "hivemq-allow-all-extension" at /opt/hivemq/extensions/hivemq-allow-all-extension
2025-01-30 18:29:36,874 INFO c.h.h.t.HelmChartContainer - [test-hivemq-platform] [hivemq] [c32f8a52] WARN  - 
2025-01-30 18:29:36,874 INFO c.h.h.t.HelmChartContainer - [test-hivemq-platform] [hivemq] [c32f8a52] ################################################################################################################
2025-01-30 18:29:36,874 INFO c.h.h.t.HelmChartContainer - [test-hivemq-platform] [hivemq] [c32f8a52] # This HiveMQ deployment is not secure! You are lacking Authentication and Authorization.                      #
2025-01-30 18:29:36,874 INFO c.h.h.t.HelmChartContainer - [test-hivemq-platform] [hivemq] [c32f8a52] # Right now any MQTT client can connect to the broker with a full set of permissions.                          #
2025-01-30 18:29:36,874 INFO c.h.h.t.HelmChartContainer - [test-hivemq-platform] [hivemq] [c32f8a52] # For production usage, add an appropriate security extension and remove the hivemq-allow-all extension.       #
2025-01-30 18:29:36,874 INFO c.h.h.t.HelmChartContainer - [test-hivemq-platform] [hivemq] [c32f8a52] # You can download security extensions from the HiveMQ Marketplace (https://www.hivemq.com/extensions/).       #
2025-01-30 18:29:36,874 INFO c.h.h.t.HelmChartContainer - [test-hivemq-platform] [hivemq] [c32f8a52] ################################################################################################################
2025-01-30 18:29:36,949 INFO c.h.h.t.HelmChartContainer - [test-hivemq-platform] [hivemq] [c32f8a52] INFO  - Extension "Allow All Extension" version 1.1.1 started successfully.
2025-01-30 18:29:36,953 INFO c.h.h.t.HelmChartContainer - [test-hivemq-platform] [hivemq] [c32f8a52] WARN  - No user for HiveMQ Control Center configured. Starting with default user
2025-01-30 18:29:36,954 INFO c.h.h.t.HelmChartContainer - [test-hivemq-platform] [hivemq] [c32f8a52] INFO  - Starting HiveMQ Control Center on address 0.0.0.0 and port 8080
2025-01-30 18:29:36,960 INFO c.h.h.t.HelmChartContainer - [test-hivemq-platform] [hivemq] [c32f8a52] INFO  - Mounting HiveMQ Control Center V2 Preview
2025-01-30 18:29:37,056 INFO c.h.h.t.HelmChartContainer - [EVENT] Warning [Unhealthy] Readiness probe failed: HTTP probe failed with statuscode: 503 [helmupgradeextensionit:test-hivemq-platform-0]
2025-01-30 18:29:37,056 INFO c.h.h.t.HelmChartContainer - Received Unhealthy event for container hivemq in pod test-hivemq-platform-0 [c32f8a52-5b4e-4fdc-84c2-851c6bb9b953]
2025-01-30 18:29:37,657 INFO c.h.h.t.HelmChartContainer - [test-hivemq-platform] [hivemq] [c32f8a52] INFO  - Started HiveMQ Control Center in 708ms
2025-01-30 18:29:37,751 INFO c.h.h.t.HelmChartContainer - [test-hivemq-platform] [hivemq] [c32f8a52] INFO  - Starting TCP listener on address 0.0.0.0 and port 1883
2025-01-30 18:29:37,765 INFO c.h.h.t.HelmChartContainer - [test-hivemq-platform] [hivemq] [c32f8a52] INFO  - Started TCP Listener on address 0.0.0.0 and on port 1883.
2025-01-30 18:29:37,765 INFO c.h.h.t.HelmChartContainer - [test-hivemq-platform] [hivemq] [c32f8a52] INFO  - Started HiveMQ in 54312ms
2025-01-30 18:29:41,970 INFO c.h.h.t.HelmChartContainer - [test-hivemq-platform] [hivemq] [c32f8a52] INFO  - [HiveMQ Platform Operator Init App 1.7.0-SNAPSHOT] Returning Health API response 200 for readiness
2025-01-30 18:29:41,981 INFO c.h.h.t.HelmChartContainer - [POD] test-hivemq-platform-0 [c32f8a52-5b4e-4fdc-84c2-851c6bb9b953] in helmupgradeextensionit was MODIFIED
2025-01-30 18:29:41,997 INFO c.h.h.t.HelmChartContainer - [hivemq-test-hivemq-platform] [hivemq-platform-operator] [b64bda9d] 18:29:41.989 [pool-6-thread-23] DEBUG c.h.p.o.d.PlatformServiceResource - [helmupgr] Desired Platform services (3 services)
2025-01-30 18:29:41,997 INFO c.h.h.t.HelmChartContainer - [hivemq-test-hivemq-platform] [hivemq-platform-operator] [b64bda9d] 18:29:41.991 [pool-6-thread-21] DEBUG c.h.p.o.dependants.PodInfoConfigMap - [helmupgr] Desired PodInfo ConfigMap (1 extensions) (1 enabled)
2025-01-30 18:29:41,997 INFO c.h.h.t.HelmChartContainer - [hivemq-test-hivemq-platform] [hivemq-platform-operator] [b64bda9d] 18:29:41.991 [pool-6-thread-21] DEBUG c.h.p.o.dependants.PodInfoConfigMap - [helmupgr] Desired PodInfo ConfigMap (metrics port: 9399) (metrics path: /)
2025-01-30 18:29:41,997 INFO c.h.h.t.HelmChartContainer - [hivemq-test-hivemq-platform] [hivemq-platform-operator] [b64bda9d] 18:29:41.991 [pool-6-thread-21] DEBUG c.h.p.o.dependants.PodInfoConfigMap - [helmupgr] Desired PodInfo ConfigMap (extension state hash: -1817869294)
2025-01-30 18:29:41,997 INFO c.h.h.t.HelmChartContainer - [hivemq-test-hivemq-platform] [hivemq-platform-operator] [b64bda9d] 18:29:41.993 [pool-6-thread-23] DEBUG c.h.p.o.d.PodServiceAccountResource - [helmupgr] Desired PodServiceAccountResource (serviceAccountName: hivemq-platform-pod-test-hivemq-platform)
2025-01-30 18:29:42,000 INFO c.h.h.t.HelmChartContainer - [hivemq-test-hivemq-platform] [hivemq-platform-operator] [b64bda9d] 18:29:41.996 [pool-6-thread-23] DEBUG c.h.p.o.d.StatefulSetResource - [helmupgr] Desired StatefulSet (1 replicas) for status STARTING (READY)
2025-01-30 18:29:42,004 INFO c.h.h.t.HelmChartContainer - [hivemq-test-hivemq-platform] [hivemq-platform-operator] [b64bda9d] 18:29:42.001 [ReconcilerExecutor-hivemq-controller-116] INFO  c.h.p.o.HiveMQPlatformReconciler - [helmupgr] Reconciling HiveMQ Platform 'test-hivemq-platform' in namespace 'helmupgradeextensionit'
2025-01-30 18:29:42,004 INFO c.h.h.t.HelmChartContainer - [hivemq-test-hivemq-platform] [hivemq-platform-operator] [b64bda9d] 18:29:42.001 [ReconcilerExecutor-hivemq-controller-116] DEBUG c.h.p.o.HiveMQPlatformReconciler - [helmupgr] Custom Resource Status STARTING - HiveMQ Platform is starting (READY)
2025-01-30 18:29:42,004 INFO c.h.h.t.HelmChartContainer - [hivemq-test-hivemq-platform] [hivemq-platform-operator] [b64bda9d] 18:29:42.001 [ReconcilerExecutor-hivemq-controller-116] DEBUG c.h.p.o.HiveMQPlatformReconciler - [helmupgr] Custom Resource Spec (replicas: 1) (extensions: 1)
2025-01-30 18:29:42,005 INFO c.h.h.t.HelmChartContainer - [hivemq-test-hivemq-platform] [hivemq-platform-operator] [b64bda9d] 18:29:42.003 [ReconcilerExecutor-hivemq-controller-116] DEBUG c.h.p.o.HiveMQPlatformReconciler - [helmupgr] StatefulSet Status (revision: test-hivemq-platform-5b6c7575b6, replicas: 1, available: 0, ready: 0, current: 1, updated: 1)
2025-01-30 18:29:42,005 INFO c.h.h.t.HelmChartContainer - [hivemq-test-hivemq-platform] [hivemq-platform-operator] [b64bda9d] 18:29:42.003 [ReconcilerExecutor-hivemq-controller-116] DEBUG c.h.p.o.HiveMQPlatformReconciler - [helmupgr] StatefulSet Spec (replicas: 1, init containers: 1, containers: 1, volumes: 4)
2025-01-30 18:29:42,007 INFO c.h.h.t.HelmChartContainer - [hivemq-test-hivemq-platform] [hivemq-platform-operator] [b64bda9d] 18:29:42.004 [ReconcilerExecutor-hivemq-controller-116] DEBUG c.h.p.o.h.HiveMQPlatformReconcilerErrorHandler - [helmupgr] Pod 'test-hivemq-platform-0' phase Running
2025-01-30 18:29:42,008 INFO c.h.h.t.HelmChartContainer - [hivemq-test-hivemq-platform] [hivemq-platform-operator] [b64bda9d] 18:29:42.007 [ReconcilerExecutor-hivemq-controller-116] INFO  c.h.p.o.h.HiveMQPlatformReconcilerBaseHandler - [helmupgr] HiveMQ Platform is starting, 0 of 1 replicas are ready
2025-01-30 18:29:42,091 INFO c.h.h.t.HelmChartContainer - [hivemq-test-hivemq-platform] [hivemq-platform-operator] [b64bda9d] 18:29:42.088 [pool-6-thread-37] DEBUG c.h.p.o.d.PlatformServiceResource - [helmupgr] Desired Platform services (3 services)
2025-01-30 18:29:42,093 INFO c.h.h.t.HelmChartContainer - [hivemq-test-hivemq-platform] [hivemq-platform-operator] [b64bda9d] 18:29:42.090 [pool-6-thread-38] DEBUG c.h.p.o.dependants.PodInfoConfigMap - [helmupgr] Desired PodInfo ConfigMap (1 extensions) (1 enabled)
2025-01-30 18:29:42,093 INFO c.h.h.t.HelmChartContainer - [hivemq-test-hivemq-platform] [hivemq-platform-operator] [b64bda9d] 18:29:42.090 [pool-6-thread-38] DEBUG c.h.p.o.dependants.PodInfoConfigMap - [helmupgr] Desired PodInfo ConfigMap (metrics port: 9399) (metrics path: /)
2025-01-30 18:29:42,095 INFO c.h.h.t.HelmChartContainer - [hivemq-test-hivemq-platform] [hivemq-platform-operator] [b64bda9d] 18:29:42.090 [pool-6-thread-38] DEBUG c.h.p.o.dependants.PodInfoConfigMap - [helmupgr] Desired PodInfo ConfigMap (extension state hash: -1817869294)
2025-01-30 18:29:42,095 INFO c.h.h.t.HelmChartContainer - [hivemq-test-hivemq-platform] [hivemq-platform-operator] [b64bda9d] 18:29:42.092 [pool-6-thread-32] DEBUG c.h.p.o.d.PodServiceAccountResource - [helmupgr] Desired PodServiceAccountResource (serviceAccountName: hivemq-platform-pod-test-hivemq-platform)
2025-01-30 18:29:42,099 INFO c.h.h.t.HelmChartContainer - [hivemq-test-hivemq-platform] [hivemq-platform-operator] [b64bda9d] 18:29:42.097 [pool-6-thread-37] DEBUG c.h.p.o.d.StatefulSetResource - [helmupgr] Desired StatefulSet (1 replicas) for status STARTING (READY)
2025-01-30 18:29:42,161 INFO c.h.h.t.HelmChartContainer - [hivemq-test-hivemq-platform] [hivemq-platform-operator] [b64bda9d] 18:29:42.160 [ReconcilerExecutor-hivemq-controller-117] INFO  c.h.p.o.HiveMQPlatformReconciler - [helmupgr] Reconciling HiveMQ Platform 'test-hivemq-platform' in namespace 'helmupgradeextensionit'
2025-01-30 18:29:42,164 INFO c.h.h.t.HelmChartContainer - [hivemq-test-hivemq-platform] [hivemq-platform-operator] [b64bda9d] 18:29:42.160 [ReconcilerExecutor-hivemq-controller-117] DEBUG c.h.p.o.HiveMQPlatformReconciler - [helmupgr] Custom Resource Status STARTING - HiveMQ Platform is starting (READY)
2025-01-30 18:29:42,164 INFO c.h.h.t.HelmChartContainer - [hivemq-test-hivemq-platform] [hivemq-platform-operator] [b64bda9d] 18:29:42.160 [ReconcilerExecutor-hivemq-controller-117] DEBUG c.h.p.o.HiveMQPlatformReconciler - [helmupgr] Custom Resource Spec (replicas: 1) (extensions: 1)
2025-01-30 18:29:42,165 INFO c.h.h.t.HelmChartContainer - [hivemq-test-hivemq-platform] [hivemq-platform-operator] [b64bda9d] 18:29:42.162 [ReconcilerExecutor-hivemq-controller-117] DEBUG c.h.p.o.HiveMQPlatformReconciler - [helmupgr] StatefulSet Status (revision: test-hivemq-platform-5b6c7575b6, replicas: 1, available: 1, ready: 1, current: 1, updated: 1)
2025-01-30 18:29:42,165 INFO c.h.h.t.HelmChartContainer - [hivemq-test-hivemq-platform] [hivemq-platform-operator] [b64bda9d] 18:29:42.162 [ReconcilerExecutor-hivemq-controller-117] DEBUG c.h.p.o.HiveMQPlatformReconciler - [helmupgr] StatefulSet Spec (replicas: 1, init containers: 1, containers: 1, volumes: 4)
2025-01-30 18:29:42,188 INFO c.h.h.t.HelmChartContainer - [hivemq-test-hivemq-platform] [hivemq-platform-operator] [b64bda9d] 18:29:42.187 [ReconcilerExecutor-hivemq-controller-117] DEBUG c.h.p.o.h.HiveMQPlatformReconcilerErrorHandler - [helmupgr] Pod 'test-hivemq-platform-0' phase Running
2025-01-30 18:29:42,189 INFO c.h.h.t.HelmChartContainer - [hivemq-test-hivemq-platform] [hivemq-platform-operator] [b64bda9d] 18:29:42.188 [ReconcilerExecutor-hivemq-controller-117] INFO  c.h.p.o.h.HiveMQPlatformReconcilerBaseHandler - [helmupgr] HiveMQ Platform started successfully
2025-01-30 18:29:42,268 INFO c.h.h.t.HelmChartContainer - [hivemq-test-hivemq-platform] [hivemq-platform-operator] [b64bda9d] 18:29:42.267 [ReconcilerExecutor-hivemq-controller-117] DEBUG c.h.p.operator.event.EventSender - [helmupgr] Creating K8s event hivemq-platform-ready: [Ready] HiveMQ Platform is ready
2025-01-30 18:29:42,289 INFO c.h.h.t.HelmChartContainer - [EVENT] Normal [Ready] HiveMQ Platform is ready [helmupgradeextensionit:test-hivemq-platform]
2025-01-30 18:29:42,291 INFO c.h.h.t.HelmChartContainer - [hivemq-test-hivemq-platform] [hivemq-platform-operator] [b64bda9d] 18:29:42.290 [ReconcilerExecutor-hivemq-controller-117] INFO  c.h.p.o.h.AbstractHiveMQReconcilerStateHandler - [helmupgr] Update HiveMQ Platform Status (STARTING [READY] -> RUNNING [READY]): HiveMQ Platform is ready
2025-01-30 18:29:42,298 DEBUG com.hivemq.helmcharts.util.K8sUtil - Comparing actual state 'RUNNING' and waiting for 'RUNNING'
2025-01-30 18:29:46,315 INFO c.h.h.testcontainer.LogWaiterUtil - TEST Waiting for log pattern on 'test-hivemq-platform-0': .*Extension "HiveMQ Enterprise Bridge Extension" version .* stopped successfully.
2025-01-30 18:29:46,315 INFO c.h.h.testcontainer.LogWaiterUtil - TEST Waiting for log pattern on 'test-hivemq-platform-0': .*\[HiveMQ Platform Operator Init App [A-Z0-9.-]+\] Successfully stopped extension hivemq-bridge-extension
2025-01-30 18:29:46,315 INFO c.h.h.testcontainer.LogWaiterUtil - TEST Waiting for log pattern on 'test-hivemq-platform-0': .*\[HiveMQ Platform Operator Init App [A-Z0-9.-]+\] Extension update is done \(0 errors\)
2025-01-30 18:29:46,378 DEBUG c.h.h.t.HelmChartContainer - Executing helm command: /bin/helm --kubeconfig /etc/rancher/k3s/k3s.yaml upgrade test-hivemq-platform /charts/hivemq-platform --wait --timeout 5m0s --set image.repository=docker.io/hivemq --set image.tag=4.36.0 --set image.pullPolicy=Never --set nodes.resources.cpu=512m -f /files/disable-bridge-values.yaml --namespace helmupgradeextensionit
2025-01-30 18:29:46,711 INFO c.h.h.t.HelmChartContainer - [hivemq-test-hivemq-platform] [hivemq-platform-operator] [b64bda9d] 18:29:46.707 [pool-6-thread-41] DEBUG c.h.p.o.d.PlatformServiceResource - [helmupgr] Desired Platform services (3 services)
2025-01-30 18:29:46,713 INFO c.h.h.t.HelmChartContainer - [hivemq-test-hivemq-platform] [hivemq-platform-operator] [b64bda9d] 18:29:46.708 [pool-6-thread-44] DEBUG c.h.p.o.dependants.PodInfoConfigMap - [helmupgr] Desired PodInfo ConfigMap (1 extensions) (0 enabled)
2025-01-30 18:29:46,713 INFO c.h.h.t.HelmChartContainer - [hivemq-test-hivemq-platform] [hivemq-platform-operator] [b64bda9d] 18:29:46.709 [pool-6-thread-44] DEBUG c.h.p.o.dependants.PodInfoConfigMap - [helmupgr] Desired PodInfo ConfigMap (metrics port: 9399) (metrics path: /)
2025-01-30 18:29:46,713 INFO c.h.h.t.HelmChartContainer - [hivemq-test-hivemq-platform] [hivemq-platform-operator] [b64bda9d] 18:29:46.709 [pool-6-thread-44] DEBUG c.h.p.o.dependants.PodInfoConfigMap - [helmupgr] Desired PodInfo ConfigMap (extension state hash: -1493170518)
2025-01-30 18:29:46,713 INFO c.h.h.t.HelmChartContainer - [hivemq-test-hivemq-platform] [hivemq-platform-operator] [b64bda9d] 18:29:46.710 [pool-6-thread-48] DEBUG c.h.p.o.d.PodServiceAccountResource - [helmupgr] Desired PodServiceAccountResource (serviceAccountName: hivemq-platform-pod-test-hivemq-platform)
2025-01-30 18:29:46,713 INFO c.h.h.t.HelmChartContainer - [hivemq-test-hivemq-platform] [hivemq-platform-operator] [b64bda9d] 18:29:46.711 [pool-6-thread-44] DEBUG c.h.p.o.dependants.PodInfoConfigMap - [helmupgr] Update PodInfo ConfigMap
2025-01-30 18:29:46,713 INFO c.h.h.t.HelmChartContainer - [hivemq-test-hivemq-platform] [hivemq-platform-operator] [b64bda9d] 18:29:46.711 [pool-6-thread-44] DEBUG c.h.p.o.dependants.PodInfoConfigMap - [helmupgr] Detected change in configuration of extension 'hivemq-bridge-extension' ({skip-https-hostname-verification=false, restart=true, config-version=515, header-version=0, c-uri=, uri=preinstalled, skip-https-certificate-validation=false, enabled=true} -> {skip-https-hostname-verification=false, restart=true, config-version=515, header-version=0, c-uri=, uri=preinstalled, skip-https-certificate-validation=false, enabled=false})
2025-01-30 18:29:46,713 INFO c.h.h.t.HelmChartContainer - [hivemq-test-hivemq-platform] [hivemq-platform-operator] [b64bda9d] 18:29:46.712 [pool-6-thread-44] INFO  c.h.p.o.dependants.PodInfoConfigMap - [helmupgr] Extension configuration was updated, restarting extensions: [hivemq-bridge-extension]
2025-01-30 18:29:46,762 INFO c.h.h.t.HelmChartContainer - [hivemq-test-hivemq-platform] [hivemq-platform-operator] [b64bda9d] 18:29:46.760 [pool-6-thread-44] DEBUG c.h.p.o.d.StatefulSetResource - [helmupgr] Desired StatefulSet (1 replicas) for status RUNNING (READY)
2025-01-30 18:29:46,764 INFO c.h.h.t.HelmChartContainer - [hivemq-test-hivemq-platform] [hivemq-platform-operator] [b64bda9d] 18:29:46.761 [pool-6-thread-44] DEBUG c.h.p.o.u.VolumeAndVolumeMountUtil - [helmupgr] Creating volume mount for available ConfigMap 'test-bridge-configuration' of disabled extension 'hivemq-bridge-extension'
2025-01-30 18:29:46,766 INFO c.h.h.t.HelmChartContainer - [hivemq-test-hivemq-platform] [hivemq-platform-operator] [b64bda9d] 18:29:46.765 [ReconcilerExecutor-hivemq-controller-118] INFO  c.h.p.o.HiveMQPlatformReconciler - [helmupgr] Reconciling HiveMQ Platform 'test-hivemq-platform' in namespace 'helmupgradeextensionit'
2025-01-30 18:29:46,790 INFO c.h.h.t.HelmChartContainer - [hivemq-test-hivemq-platform] [hivemq-platform-operator] [b64bda9d] 18:29:46.787 [ReconcilerExecutor-hivemq-controller-118] DEBUG c.h.p.o.HiveMQPlatformReconciler - [helmupgr] Custom Resource Status RUNNING - HiveMQ Platform is ready (READY) (reconciliation requests: REQUESTS_UPDATED, RESTART_EXTENSIONS)
2025-01-30 18:29:46,790 INFO c.h.h.t.HelmChartContainer - [hivemq-test-hivemq-platform] [hivemq-platform-operator] [b64bda9d] 18:29:46.787 [ReconcilerExecutor-hivemq-controller-118] DEBUG c.h.p.o.HiveMQPlatformReconciler - [helmupgr] Custom Resource Spec (replicas: 1) (extensions: 1)
2025-01-30 18:29:46,791 INFO c.h.h.t.HelmChartContainer - [hivemq-test-hivemq-platform] [hivemq-platform-operator] [b64bda9d] 18:29:46.790 [ReconcilerExecutor-hivemq-controller-118] DEBUG c.h.p.o.HiveMQPlatformReconciler - [helmupgr] StatefulSet Status (revision: test-hivemq-platform-5b6c7575b6, replicas: 1, available: 1, ready: 1, current: 1, updated: 1)
2025-01-30 18:29:46,792 INFO c.h.h.t.HelmChartContainer - [hivemq-test-hivemq-platform] [hivemq-platform-operator] [b64bda9d] 18:29:46.790 [ReconcilerExecutor-hivemq-controller-118] DEBUG c.h.p.o.HiveMQPlatformReconciler - [helmupgr] StatefulSet Spec (replicas: 1, init containers: 1, containers: 1, volumes: 4)
2025-01-30 18:29:46,792 INFO c.h.h.t.HelmChartContainer - [hivemq-test-hivemq-platform] [hivemq-platform-operator] [b64bda9d] 18:29:46.791 [ReconcilerExecutor-hivemq-controller-118] DEBUG c.h.p.o.h.HiveMQPlatformReconcilerErrorHandler - [helmupgr] Pod 'test-hivemq-platform-0' phase Running
2025-01-30 18:29:46,886 DEBUG com.hivemq.helmcharts.util.K8sUtil - Comparing actual state 'RUNNING' and waiting for 'RESTART_EXTENSIONS'
2025-01-30 18:29:46,905 INFO c.h.h.t.HelmChartContainer - [hivemq-test-hivemq-platform] [hivemq-platform-operator] [b64bda9d] 18:29:46.902 [ReconcilerExecutor-hivemq-controller-118] DEBUG c.h.p.operator.event.EventSender - [helmupgr] Creating K8s event restart-extension-started: [RestartExtension] HiveMQ Platform is restarting extensions (hivemq-bridge-extension)
2025-01-30 18:29:46,909 INFO c.h.h.t.HelmChartContainer - [EVENT] Normal [RestartExtension] HiveMQ Platform is restarting extensions (hivemq-bridge-extension) [helmupgradeextensionit:test-hivemq-platform]
2025-01-30 18:29:46,910 INFO c.h.h.t.HelmChartContainer - [hivemq-test-hivemq-platform] [hivemq-platform-operator] [b64bda9d] 18:29:46.909 [ReconcilerExecutor-hivemq-controller-118] INFO  c.h.p.o.h.AbstractHiveMQReconcilerStateHandler - [helmupgr] Update HiveMQ Platform Status (RUNNING [READY] -> RESTART_EXTENSIONS [RESTART_EXTENSIONS]): HiveMQ Platform is restarting extensions (hivemq-bridge-extension)
2025-01-30 18:29:46,938 DEBUG com.hivemq.helmcharts.util.K8sUtil - Comparing actual state 'RESTART_EXTENSIONS' and waiting for 'RESTART_EXTENSIONS'
2025-01-30 18:29:46,942 DEBUG com.hivemq.helmcharts.util.K8sUtil - Comparing actual state 'RESTART_EXTENSIONS' and waiting for 'RUNNING'
2025-01-30 18:29:50,676 INFO c.h.h.t.HelmChartContainer - [test-hivemq-platform] [hivemq] [c32f8a52] WARN  - Bridge Extension: Connect to bridge 'testbridge' failed for the 3 time, reason: connection timed out after 10000 ms: /172.17.0.3:1883
2025-01-30 18:29:51,422 INFO c.h.h.t.HelmChartContainer - [test-hivemq-platform] [hivemq] [c32f8a52] WARN  - Bridge Extension: Connect to bridge 'testbridge' failed for the 3 time, reason: connection timed out after 10000 ms: /172.17.0.3:1883
2025-01-30 18:29:56,923 INFO c.h.h.t.HelmChartContainer - [hivemq-test-hivemq-platform] [hivemq-platform-operator] [b64bda9d] 18:29:56.920 [pool-6-thread-1] DEBUG c.h.p.o.d.PlatformServiceResource - [helmupgr] Desired Platform services (3 services)
2025-01-30 18:29:56,924 INFO c.h.h.t.HelmChartContainer - [hivemq-test-hivemq-platform] [hivemq-platform-operator] [b64bda9d] 18:29:56.922 [pool-6-thread-2] DEBUG c.h.p.o.dependants.PodInfoConfigMap - [helmupgr] Desired PodInfo ConfigMap (1 extensions) (0 enabled)
2025-01-30 18:29:56,926 INFO c.h.h.t.HelmChartContainer - [hivemq-test-hivemq-platform] [hivemq-platform-operator] [b64bda9d] 18:29:56.923 [pool-6-thread-2] DEBUG c.h.p.o.dependants.PodInfoConfigMap - [helmupgr] Desired PodInfo ConfigMap (metrics port: 9399) (metrics path: /)
2025-01-30 18:29:56,926 INFO c.h.h.t.HelmChartContainer - [hivemq-test-hivemq-platform] [hivemq-platform-operator] [b64bda9d] 18:29:56.924 [pool-6-thread-2] DEBUG c.h.p.o.dependants.PodInfoConfigMap - [helmupgr] Desired PodInfo ConfigMap (extension state hash: -1493170518)
2025-01-30 18:29:56,926 INFO c.h.h.t.HelmChartContainer - [hivemq-test-hivemq-platform] [hivemq-platform-operator] [b64bda9d] 18:29:56.924 [pool-6-thread-1] DEBUG c.h.p.o.d.PodServiceAccountResource - [helmupgr] Desired PodServiceAccountResource (serviceAccountName: hivemq-platform-pod-test-hivemq-platform)
2025-01-30 18:29:56,927 INFO c.h.h.t.HelmChartContainer - [hivemq-test-hivemq-platform] [hivemq-platform-operator] [b64bda9d] 18:29:56.926 [pool-6-thread-2] DEBUG c.h.p.o.dependants.PodInfoConfigMap - [helmupgr] Update PodInfo ConfigMap
2025-01-30 18:29:56,936 INFO c.h.h.t.HelmChartContainer - [hivemq-test-hivemq-platform] [hivemq-platform-operator] [b64bda9d] 18:29:56.935 [pool-6-thread-2] DEBUG c.h.p.o.d.StatefulSetResource - [helmupgr] Desired StatefulSet (1 replicas) for status RESTART_EXTENSIONS (RESTART_EXTENSIONS)
2025-01-30 18:29:56,937 INFO c.h.h.t.HelmChartContainer - [hivemq-test-hivemq-platform] [hivemq-platform-operator] [b64bda9d] 18:29:56.936 [pool-6-thread-2] DEBUG c.h.p.o.u.VolumeAndVolumeMountUtil - [helmupgr] Creating volume mount for available ConfigMap 'test-bridge-configuration' of disabled extension 'hivemq-bridge-extension'
2025-01-30 18:29:56,988 INFO c.h.h.t.HelmChartContainer - [hivemq-test-hivemq-platform] [hivemq-platform-operator] [b64bda9d] 18:29:56.986 [ReconcilerExecutor-hivemq-controller-119] INFO  c.h.p.o.HiveMQPlatformReconciler - [helmupgr] Reconciling HiveMQ Platform 'test-hivemq-platform' in namespace 'helmupgradeextensionit'
2025-01-30 18:29:56,988 INFO c.h.h.t.HelmChartContainer - [hivemq-test-hivemq-platform] [hivemq-platform-operator] [b64bda9d] 18:29:56.986 [ReconcilerExecutor-hivemq-controller-119] DEBUG c.h.p.o.HiveMQPlatformReconciler - [helmupgr] Custom Resource Status RESTART_EXTENSIONS - HiveMQ Platform is restarting extensions (hivemq-bridge-extension) (RESTART_EXTENSIONS)
2025-01-30 18:29:56,988 INFO c.h.h.t.HelmChartContainer - [hivemq-test-hivemq-platform] [hivemq-platform-operator] [b64bda9d] 18:29:56.986 [ReconcilerExecutor-hivemq-controller-119] DEBUG c.h.p.o.HiveMQPlatformReconciler - [helmupgr] Custom Resource Spec (replicas: 1) (extensions: 1)
2025-01-30 18:29:56,990 INFO c.h.h.t.HelmChartContainer - [hivemq-test-hivemq-platform] [hivemq-platform-operator] [b64bda9d] 18:29:56.989 [ReconcilerExecutor-hivemq-controller-119] DEBUG c.h.p.o.HiveMQPlatformReconciler - [helmupgr] StatefulSet Status (revision: test-hivemq-platform-5b6c7575b6, replicas: 1, available: 1, ready: 1, current: 1, updated: 1)
2025-01-30 18:29:56,991 INFO c.h.h.t.HelmChartContainer - [hivemq-test-hivemq-platform] [hivemq-platform-operator] [b64bda9d] 18:29:56.989 [ReconcilerExecutor-hivemq-controller-119] DEBUG c.h.p.o.HiveMQPlatformReconciler - [helmupgr] StatefulSet Spec (replicas: 1, init containers: 1, containers: 1, volumes: 4)
2025-01-30 18:29:56,992 INFO c.h.h.t.HelmChartContainer - [hivemq-test-hivemq-platform] [hivemq-platform-operator] [b64bda9d] 18:29:56.991 [ReconcilerExecutor-hivemq-controller-119] DEBUG c.h.p.o.h.HiveMQPlatformReconcilerErrorHandler - [helmupgr] Pod 'test-hivemq-platform-0' phase Running
2025-01-30 18:29:57,002 INFO c.h.h.t.HelmChartContainer - [hivemq-test-hivemq-platform] [hivemq-platform-operator] [b64bda9d] 18:29:57.001 [ReconcilerExecutor-hivemq-controller-119] DEBUG c.h.p.o.h.HiveMQPlatformReconcilerRestartExtensionsHandler - [helmupgr] Update extensions on Pod 'test-hivemq-platform-0'
2025-01-30 18:29:57,180 INFO c.h.h.t.HelmChartContainer - [test-hivemq-platform] [hivemq] [c32f8a52] INFO  - [HiveMQ Platform Operator Init App 1.7.0-SNAPSHOT] Updating HiveMQ Platform extensions: [hivemq-bridge-extension]
2025-01-30 18:29:57,198 INFO c.h.h.t.HelmChartContainer - [hivemq-test-hivemq-platform] [hivemq-platform-operator] [b64bda9d] 18:29:57.197 [vert.x-eventloop-thread-1] DEBUG c.h.platform.operator.util.PodUtil - Received status for command '[curl, -s, http://10.42.0.6:7979/updateExtension?hash=-1493170518&extensions=hivemq-bridge-extension]' on Pod 'test-hivemq-platform-0' (exit code: 0)
2025-01-30 18:29:58,124 INFO c.h.h.t.HelmChartContainer - [hivemq-test-hivemq-platform] [hivemq-platform-operator] [b64bda9d] 18:29:58.119 [pool-6-thread-16] DEBUG c.h.p.o.d.PlatformServiceResource - [helmupgr] Desired Platform services (3 services)
2025-01-30 18:29:58,124 INFO c.h.h.t.HelmChartContainer - [hivemq-test-hivemq-platform] [hivemq-platform-operator] [b64bda9d] 18:29:58.119 [pool-6-thread-20] DEBUG c.h.p.o.d.PodServiceAccountResource - [helmupgr] Desired PodServiceAccountResource (serviceAccountName: hivemq-platform-pod-test-hivemq-platform)
2025-01-30 18:29:58,124 INFO c.h.h.t.HelmChartContainer - [hivemq-test-hivemq-platform] [hivemq-platform-operator] [b64bda9d] 18:29:58.120 [pool-6-thread-11] DEBUG c.h.p.o.dependants.PodInfoConfigMap - [helmupgr] Desired PodInfo ConfigMap (1 extensions) (0 enabled)
2025-01-30 18:29:58,124 INFO c.h.h.t.HelmChartContainer - [hivemq-test-hivemq-platform] [hivemq-platform-operator] [b64bda9d] 18:29:58.120 [pool-6-thread-11] DEBUG c.h.p.o.dependants.PodInfoConfigMap - [helmupgr] Desired PodInfo ConfigMap (metrics port: 9399) (metrics path: /)
2025-01-30 18:29:58,124 INFO c.h.h.t.HelmChartContainer - [hivemq-test-hivemq-platform] [hivemq-platform-operator] [b64bda9d] 18:29:58.120 [pool-6-thread-11] DEBUG c.h.p.o.dependants.PodInfoConfigMap - [helmupgr] Desired PodInfo ConfigMap (extension state hash: -1493170518)
2025-01-30 18:29:58,127 INFO c.h.h.t.HelmChartContainer - [hivemq-test-hivemq-platform] [hivemq-platform-operator] [b64bda9d] 18:29:58.126 [pool-6-thread-20] DEBUG c.h.p.o.d.StatefulSetResource - [helmupgr] Desired StatefulSet (1 replicas) for status RESTART_EXTENSIONS (RESTART_EXTENSIONS)
2025-01-30 18:29:58,128 INFO c.h.h.t.HelmChartContainer - [hivemq-test-hivemq-platform] [hivemq-platform-operator] [b64bda9d] 18:29:58.127 [pool-6-thread-20] DEBUG c.h.p.o.u.VolumeAndVolumeMountUtil - [helmupgr] Creating volume mount for available ConfigMap 'test-bridge-configuration' of disabled extension 'hivemq-bridge-extension'
2025-01-30 18:29:58,132 INFO c.h.h.t.HelmChartContainer - [hivemq-test-hivemq-platform] [hivemq-platform-operator] [b64bda9d] 18:29:58.131 [ReconcilerExecutor-hivemq-controller-120] INFO  c.h.p.o.HiveMQPlatformReconciler - [helmupgr] Reconciling HiveMQ Platform 'test-hivemq-platform' in namespace 'helmupgradeextensionit'
2025-01-30 18:29:58,132 INFO c.h.h.t.HelmChartContainer - [hivemq-test-hivemq-platform] [hivemq-platform-operator] [b64bda9d] 18:29:58.131 [ReconcilerExecutor-hivemq-controller-120] DEBUG c.h.p.o.HiveMQPlatformReconciler - [helmupgr] Custom Resource Status RESTART_EXTENSIONS - HiveMQ Platform is restarting extensions (hivemq-bridge-extension) (RESTART_EXTENSIONS)
2025-01-30 18:29:58,133 INFO c.h.h.t.HelmChartContainer - [hivemq-test-hivemq-platform] [hivemq-platform-operator] [b64bda9d] 18:29:58.131 [ReconcilerExecutor-hivemq-controller-120] DEBUG c.h.p.o.HiveMQPlatformReconciler - [helmupgr] Custom Resource Spec (replicas: 1) (extensions: 1)
2025-01-30 18:29:58,182 INFO c.h.h.t.HelmChartContainer - [test-hivemq-platform] [hivemq] [c32f8a52] INFO  - [HiveMQ Platform Operator Init App 1.7.0-SNAPSHOT] Waiting for extension ConfigMap sync (expected hash: -1493170518) (current hash: -1817869294)
2025-01-30 18:29:58,189 INFO c.h.h.t.HelmChartContainer - [hivemq-test-hivemq-platform] [hivemq-platform-operator] [b64bda9d] 18:29:58.187 [ReconcilerExecutor-hivemq-controller-120] DEBUG c.h.p.o.HiveMQPlatformReconciler - [helmupgr] StatefulSet Status (revision: test-hivemq-platform-5b6c7575b6, replicas: 1, available: 1, ready: 1, current: 1, updated: 1)
2025-01-30 18:29:58,190 INFO c.h.h.t.HelmChartContainer - [hivemq-test-hivemq-platform] [hivemq-platform-operator] [b64bda9d] 18:29:58.187 [ReconcilerExecutor-hivemq-controller-120] DEBUG c.h.p.o.HiveMQPlatformReconciler - [helmupgr] StatefulSet Spec (replicas: 1, init containers: 1, containers: 1, volumes: 4)
2025-01-30 18:29:58,191 INFO c.h.h.t.HelmChartContainer - [hivemq-test-hivemq-platform] [hivemq-platform-operator] [b64bda9d] 18:29:58.189 [ReconcilerExecutor-hivemq-controller-120] DEBUG c.h.p.o.h.HiveMQPlatformReconcilerErrorHandler - [helmupgr] Pod 'test-hivemq-platform-0' phase Running
2025-01-30 18:29:58,292 INFO c.h.h.t.HelmChartContainer - [hivemq-test-hivemq-platform] [hivemq-platform-operator] [b64bda9d] 18:29:58.291 [ReconcilerExecutor-hivemq-controller-120] DEBUG c.h.p.operator.event.EventSender - [helmupgr] Creating K8s event restart-extension-in-progress: [RestartExtension] HiveMQ Platform is waiting for extension restart (hivemq-bridge-extension)
2025-01-30 18:29:58,296 INFO c.h.h.t.HelmChartContainer - [EVENT] Normal [RestartExtension] HiveMQ Platform is waiting for extension restart (hivemq-bridge-extension) [helmupgradeextensionit:test-hivemq-platform]
2025-01-30 18:29:58,297 INFO c.h.h.t.HelmChartContainer - [hivemq-test-hivemq-platform] [hivemq-platform-operator] [b64bda9d] 18:29:58.295 [ReconcilerExecutor-hivemq-controller-120] INFO  c.h.p.o.h.AbstractHiveMQReconcilerStateHandler - [helmupgr] Update HiveMQ Platform Status (RESTART_EXTENSIONS [RESTART_EXTENSIONS] -> RESTART_EXTENSIONS [WAIT_FOR_EXTENSION_RESTART]): HiveMQ Platform is waiting for extension restart (hivemq-bridge-extension)
2025-01-30 18:29:58,304 DEBUG com.hivemq.helmcharts.util.K8sUtil - Comparing actual state 'RESTART_EXTENSIONS' and waiting for 'RUNNING'
2025-01-30 18:29:59,183 INFO c.h.h.t.HelmChartContainer - [test-hivemq-platform] [hivemq] [c32f8a52] INFO  - [HiveMQ Platform Operator Init App 1.7.0-SNAPSHOT] Waiting for extension ConfigMap sync (expected hash: -1493170518) (current hash: -1817869294)
2025-01-30 18:30:00,183 INFO c.h.h.t.HelmChartContainer - [test-hivemq-platform] [hivemq] [c32f8a52] INFO  - [HiveMQ Platform Operator Init App 1.7.0-SNAPSHOT] Waiting for extension ConfigMap sync (expected hash: -1493170518) (current hash: -1817869294)
2025-01-30 18:30:01,184 INFO c.h.h.t.HelmChartContainer - [test-hivemq-platform] [hivemq] [c32f8a52] INFO  - [HiveMQ Platform Operator Init App 1.7.0-SNAPSHOT] Waiting for extension ConfigMap sync (expected hash: -1493170518) (current hash: -1817869294)
2025-01-30 18:30:02,184 INFO c.h.h.t.HelmChartContainer - [test-hivemq-platform] [hivemq] [c32f8a52] INFO  - [HiveMQ Platform Operator Init App 1.7.0-SNAPSHOT] Waiting for extension ConfigMap sync (expected hash: -1493170518) (current hash: -1817869294)
2025-01-30 18:30:03,190 INFO c.h.h.t.HelmChartContainer - [test-hivemq-platform] [hivemq] [c32f8a52] INFO  - [HiveMQ Platform Operator Init App 1.7.0-SNAPSHOT] Waiting for extension ConfigMap sync (expected hash: -1493170518) (current hash: -1817869294)
2025-01-30 18:30:04,191 INFO c.h.h.t.HelmChartContainer - [test-hivemq-platform] [hivemq] [c32f8a52] INFO  - [HiveMQ Platform Operator Init App 1.7.0-SNAPSHOT] Waiting for extension ConfigMap sync (expected hash: -1493170518) (current hash: -1817869294)
2025-01-30 18:30:05,191 INFO c.h.h.t.HelmChartContainer - [test-hivemq-platform] [hivemq] [c32f8a52] INFO  - [HiveMQ Platform Operator Init App 1.7.0-SNAPSHOT] Waiting for extension ConfigMap sync (expected hash: -1493170518) (current hash: -1817869294)
2025-01-30 18:30:06,192 INFO c.h.h.t.HelmChartContainer - [test-hivemq-platform] [hivemq] [c32f8a52] INFO  - [HiveMQ Platform Operator Init App 1.7.0-SNAPSHOT] Waiting for extension ConfigMap sync (expected hash: -1493170518) (current hash: -1817869294)
2025-01-30 18:30:07,192 INFO c.h.h.t.HelmChartContainer - [test-hivemq-platform] [hivemq] [c32f8a52] INFO  - [HiveMQ Platform Operator Init App 1.7.0-SNAPSHOT] Waiting for extension ConfigMap sync (expected hash: -1493170518) (current hash: -1817869294)
2025-01-30 18:30:08,192 INFO c.h.h.t.HelmChartContainer - [test-hivemq-platform] [hivemq] [c32f8a52] INFO  - [HiveMQ Platform Operator Init App 1.7.0-SNAPSHOT] Waiting for extension ConfigMap sync (expected hash: -1493170518) (current hash: -1817869294)
2025-01-30 18:30:08,314 INFO c.h.h.t.HelmChartContainer - [hivemq-test-hivemq-platform] [hivemq-platform-operator] [b64bda9d] 18:30:08.309 [pool-6-thread-21] DEBUG c.h.p.o.d.PlatformServiceResource - [helmupgr] Desired Platform services (3 services)
2025-01-30 18:30:08,314 INFO c.h.h.t.HelmChartContainer - [hivemq-test-hivemq-platform] [hivemq-platform-operator] [b64bda9d] 18:30:08.310 [pool-6-thread-28] DEBUG c.h.p.o.dependants.PodInfoConfigMap - [helmupgr] Desired PodInfo ConfigMap (1 extensions) (0 enabled)
2025-01-30 18:30:08,314 INFO c.h.h.t.HelmChartContainer - [hivemq-test-hivemq-platform] [hivemq-platform-operator] [b64bda9d] 18:30:08.310 [pool-6-thread-28] DEBUG c.h.p.o.dependants.PodInfoConfigMap - [helmupgr] Desired PodInfo ConfigMap (metrics port: 9399) (metrics path: /)
2025-01-30 18:30:08,314 INFO c.h.h.t.HelmChartContainer - [hivemq-test-hivemq-platform] [hivemq-platform-operator] [b64bda9d] 18:30:08.310 [pool-6-thread-28] DEBUG c.h.p.o.dependants.PodInfoConfigMap - [helmupgr] Desired PodInfo ConfigMap (extension state hash: -1493170518)
2025-01-30 18:30:08,314 INFO c.h.h.t.HelmChartContainer - [hivemq-test-hivemq-platform] [hivemq-platform-operator] [b64bda9d] 18:30:08.311 [pool-6-thread-24] DEBUG c.h.p.o.d.PodServiceAccountResource - [helmupgr] Desired PodServiceAccountResource (serviceAccountName: hivemq-platform-pod-test-hivemq-platform)
2025-01-30 18:30:08,315 INFO c.h.h.t.HelmChartContainer - [hivemq-test-hivemq-platform] [hivemq-platform-operator] [b64bda9d] 18:30:08.314 [pool-6-thread-28] DEBUG c.h.p.o.d.StatefulSetResource - [helmupgr] Desired StatefulSet (1 replicas) for status RESTART_EXTENSIONS (WAIT_FOR_EXTENSION_RESTART)
2025-01-30 18:30:08,316 INFO c.h.h.t.HelmChartContainer - [hivemq-test-hivemq-platform] [hivemq-platform-operator] [b64bda9d] 18:30:08.315 [pool-6-thread-28] DEBUG c.h.p.o.u.VolumeAndVolumeMountUtil - [helmupgr] Creating volume mount for available ConfigMap 'test-bridge-configuration' of disabled extension 'hivemq-bridge-extension'
2025-01-30 18:30:08,319 INFO c.h.h.t.HelmChartContainer - [hivemq-test-hivemq-platform] [hivemq-platform-operator] [b64bda9d] 18:30:08.318 [ReconcilerExecutor-hivemq-controller-121] INFO  c.h.p.o.HiveMQPlatformReconciler - [helmupgr] Reconciling HiveMQ Platform 'test-hivemq-platform' in namespace 'helmupgradeextensionit'
2025-01-30 18:30:08,320 INFO c.h.h.t.HelmChartContainer - [hivemq-test-hivemq-platform] [hivemq-platform-operator] [b64bda9d] 18:30:08.318 [ReconcilerExecutor-hivemq-controller-121] DEBUG c.h.p.o.HiveMQPlatformReconciler - [helmupgr] Custom Resource Status RESTART_EXTENSIONS - HiveMQ Platform is waiting for extension restart (hivemq-bridge-extension) (WAIT_FOR_EXTENSION_RESTART)
2025-01-30 18:30:08,320 INFO c.h.h.t.HelmChartContainer - [hivemq-test-hivemq-platform] [hivemq-platform-operator] [b64bda9d] 18:30:08.319 [ReconcilerExecutor-hivemq-controller-121] DEBUG c.h.p.o.HiveMQPlatformReconciler - [helmupgr] Custom Resource Spec (replicas: 1) (extensions: 1)
2025-01-30 18:30:08,321 INFO c.h.h.t.HelmChartContainer - [hivemq-test-hivemq-platform] [hivemq-platform-operator] [b64bda9d] 18:30:08.320 [ReconcilerExecutor-hivemq-controller-121] DEBUG c.h.p.o.HiveMQPlatformReconciler - [helmupgr] StatefulSet Status (revision: test-hivemq-platform-5b6c7575b6, replicas: 1, available: 1, ready: 1, current: 1, updated: 1)
2025-01-30 18:30:08,321 INFO c.h.h.t.HelmChartContainer - [hivemq-test-hivemq-platform] [hivemq-platform-operator] [b64bda9d] 18:30:08.320 [ReconcilerExecutor-hivemq-controller-121] DEBUG c.h.p.o.HiveMQPlatformReconciler - [helmupgr] StatefulSet Spec (replicas: 1, init containers: 1, containers: 1, volumes: 4)
2025-01-30 18:30:08,322 INFO c.h.h.t.HelmChartContainer - [hivemq-test-hivemq-platform] [hivemq-platform-operator] [b64bda9d] 18:30:08.321 [ReconcilerExecutor-hivemq-controller-121] DEBUG c.h.p.o.h.HiveMQPlatformReconcilerErrorHandler - [helmupgr] Pod 'test-hivemq-platform-0' phase Running
2025-01-30 18:30:08,328 INFO c.h.h.t.HelmChartContainer - [hivemq-test-hivemq-platform] [hivemq-platform-operator] [b64bda9d] 18:30:08.327 [ReconcilerExecutor-hivemq-controller-121] DEBUG c.h.p.o.h.HiveMQPlatformReconcilerRestartExtensionsHandler - [helmupgr] Checking update extension status on Pod 'test-hivemq-platform-0'
2025-01-30 18:30:08,432 INFO c.h.h.t.HelmChartContainer - [test-hivemq-platform] [hivemq] [c32f8a52] INFO  - [HiveMQ Platform Operator Init App 1.7.0-SNAPSHOT] Extension update is pending (0 errors)
2025-01-30 18:30:08,436 INFO c.h.h.t.HelmChartContainer - [hivemq-test-hivemq-platform] [hivemq-platform-operator] [b64bda9d] 18:30:08.435 [vert.x-eventloop-thread-1] DEBUG c.h.platform.operator.util.PodUtil - Received status for command '[curl, -s, http://10.42.0.6:7979/updateExtensionStatus]' on Pod 'test-hivemq-platform-0' (exit code: 0)
2025-01-30 18:30:08,521 INFO c.h.h.t.HelmChartContainer - [test-hivemq-platform] [hivemq] [c32f8a52] WARN  - Bridge Extension: Connect to bridge 'testbridge' failed for the 4 time, reason: connection timed out after 10000 ms: /172.17.0.3:1883
2025-01-30 18:30:09,193 INFO c.h.h.t.HelmChartContainer - [test-hivemq-platform] [hivemq] [c32f8a52] INFO  - [HiveMQ Platform Operator Init App 1.7.0-SNAPSHOT] Waiting for extension ConfigMap sync (expected hash: -1493170518) (current hash: -1817869294)
2025-01-30 18:30:09,411 INFO c.h.h.t.HelmChartContainer - [hivemq-test-hivemq-platform] [hivemq-platform-operator] [b64bda9d] 18:30:09.408 [pool-6-thread-32] DEBUG c.h.p.o.d.PlatformServiceResource - [helmupgr] Desired Platform services (3 services)
2025-01-30 18:30:09,411 INFO c.h.h.t.HelmChartContainer - [hivemq-test-hivemq-platform] [hivemq-platform-operator] [b64bda9d] 18:30:09.409 [pool-6-thread-33] DEBUG c.h.p.o.dependants.PodInfoConfigMap - [helmupgr] Desired PodInfo ConfigMap (1 extensions) (0 enabled)
2025-01-30 18:30:09,411 INFO c.h.h.t.HelmChartContainer - [hivemq-test-hivemq-platform] [hivemq-platform-operator] [b64bda9d] 18:30:09.409 [pool-6-thread-33] DEBUG c.h.p.o.dependants.PodInfoConfigMap - [helmupgr] Desired PodInfo ConfigMap (metrics port: 9399) (metrics path: /)
2025-01-30 18:30:09,411 INFO c.h.h.t.HelmChartContainer - [hivemq-test-hivemq-platform] [hivemq-platform-operator] [b64bda9d] 18:30:09.409 [pool-6-thread-33] DEBUG c.h.p.o.dependants.PodInfoConfigMap - [helmupgr] Desired PodInfo ConfigMap (extension state hash: -1493170518)
2025-01-30 18:30:09,411 INFO c.h.h.t.HelmChartContainer - [hivemq-test-hivemq-platform] [hivemq-platform-operator] [b64bda9d] 18:30:09.409 [pool-6-thread-31] DEBUG c.h.p.o.d.PodServiceAccountResource - [helmupgr] Desired PodServiceAccountResource (serviceAccountName: hivemq-platform-pod-test-hivemq-platform)
2025-01-30 18:30:09,488 INFO c.h.h.t.HelmChartContainer - [hivemq-test-hivemq-platform] [hivemq-platform-operator] [b64bda9d] 18:30:09.487 [pool-6-thread-32] DEBUG c.h.p.o.d.StatefulSetResource - [helmupgr] Desired StatefulSet (1 replicas) for status RESTART_EXTENSIONS (WAIT_FOR_EXTENSION_RESTART)
2025-01-30 18:30:09,489 INFO c.h.h.t.HelmChartContainer - [hivemq-test-hivemq-platform] [hivemq-platform-operator] [b64bda9d] 18:30:09.489 [pool-6-thread-32] DEBUG c.h.p.o.u.VolumeAndVolumeMountUtil - [helmupgr] Creating volume mount for available ConfigMap 'test-bridge-configuration' of disabled extension 'hivemq-bridge-extension'
2025-01-30 18:30:09,492 INFO c.h.h.t.HelmChartContainer - [hivemq-test-hivemq-platform] [hivemq-platform-operator] [b64bda9d] 18:30:09.491 [ReconcilerExecutor-hivemq-controller-122] INFO  c.h.p.o.HiveMQPlatformReconciler - [helmupgr] Reconciling HiveMQ Platform 'test-hivemq-platform' in namespace 'helmupgradeextensionit'
2025-01-30 18:30:09,492 INFO c.h.h.t.HelmChartContainer - [hivemq-test-hivemq-platform] [hivemq-platform-operator] [b64bda9d] 18:30:09.491 [ReconcilerExecutor-hivemq-controller-122] DEBUG c.h.p.o.HiveMQPlatformReconciler - [helmupgr] Custom Resource Status RESTART_EXTENSIONS - HiveMQ Platform is waiting for extension restart (hivemq-bridge-extension) (WAIT_FOR_EXTENSION_RESTART)
2025-01-30 18:30:09,492 INFO c.h.h.t.HelmChartContainer - [hivemq-test-hivemq-platform] [hivemq-platform-operator] [b64bda9d] 18:30:09.491 [ReconcilerExecutor-hivemq-controller-122] DEBUG c.h.p.o.HiveMQPlatformReconciler - [helmupgr] Custom Resource Spec (replicas: 1) (extensions: 1)
2025-01-30 18:30:09,494 INFO c.h.h.t.HelmChartContainer - [hivemq-test-hivemq-platform] [hivemq-platform-operator] [b64bda9d] 18:30:09.493 [ReconcilerExecutor-hivemq-controller-122] DEBUG c.h.p.o.HiveMQPlatformReconciler - [helmupgr] StatefulSet Status (revision: test-hivemq-platform-5b6c7575b6, replicas: 1, available: 1, ready: 1, current: 1, updated: 1)
2025-01-30 18:30:09,494 INFO c.h.h.t.HelmChartContainer - [hivemq-test-hivemq-platform] [hivemq-platform-operator] [b64bda9d] 18:30:09.493 [ReconcilerExecutor-hivemq-controller-122] DEBUG c.h.p.o.HiveMQPlatformReconciler - [helmupgr] StatefulSet Spec (replicas: 1, init containers: 1, containers: 1, volumes: 4)
2025-01-30 18:30:09,495 INFO c.h.h.t.HelmChartContainer - [hivemq-test-hivemq-platform] [hivemq-platform-operator] [b64bda9d] 18:30:09.494 [ReconcilerExecutor-hivemq-controller-122] DEBUG c.h.p.o.h.HiveMQPlatformReconcilerErrorHandler - [helmupgr] Pod 'test-hivemq-platform-0' phase Running
2025-01-30 18:30:09,496 INFO c.h.h.t.HelmChartContainer - [hivemq-test-hivemq-platform] [hivemq-platform-operator] [b64bda9d] 18:30:09.495 [ReconcilerExecutor-hivemq-controller-122] INFO  c.h.p.o.h.HiveMQPlatformReconcilerRestartExtensionsHandler - [helmupgr] Extension update on Pod 'test-hivemq-platform-0' is still pending
2025-01-30 18:30:09,851 INFO c.h.h.t.HelmChartContainer - [test-hivemq-platform] [hivemq] [c32f8a52] WARN  - Bridge Extension: Connect to bridge 'testbridge' failed for the 4 time, reason: connection timed out after 10000 ms: /172.17.0.3:1883
2025-01-30 18:30:10,194 INFO c.h.h.t.HelmChartContainer - [test-hivemq-platform] [hivemq] [c32f8a52] INFO  - [HiveMQ Platform Operator Init App 1.7.0-SNAPSHOT] Waiting for extension ConfigMap sync (expected hash: -1493170518) (current hash: -1817869294)
2025-01-30 18:30:11,194 INFO c.h.h.t.HelmChartContainer - [test-hivemq-platform] [hivemq] [c32f8a52] INFO  - [HiveMQ Platform Operator Init App 1.7.0-SNAPSHOT] Waiting for extension ConfigMap sync (expected hash: -1493170518) (current hash: -1817869294)
2025-01-30 18:30:12,195 INFO c.h.h.t.HelmChartContainer - [test-hivemq-platform] [hivemq] [c32f8a52] INFO  - [HiveMQ Platform Operator Init App 1.7.0-SNAPSHOT] Waiting for extension ConfigMap sync (expected hash: -1493170518) (current hash: -1817869294)
2025-01-30 18:30:13,195 INFO c.h.h.t.HelmChartContainer - [test-hivemq-platform] [hivemq] [c32f8a52] INFO  - [HiveMQ Platform Operator Init App 1.7.0-SNAPSHOT] Waiting for extension ConfigMap sync (expected hash: -1493170518) (current hash: -1817869294)
2025-01-30 18:30:14,196 INFO c.h.h.t.HelmChartContainer - [test-hivemq-platform] [hivemq] [c32f8a52] INFO  - [HiveMQ Platform Operator Init App 1.7.0-SNAPSHOT] Waiting for extension ConfigMap sync (expected hash: -1493170518) (current hash: -1817869294)
2025-01-30 18:30:15,196 INFO c.h.h.t.HelmChartContainer - [test-hivemq-platform] [hivemq] [c32f8a52] INFO  - [HiveMQ Platform Operator Init App 1.7.0-SNAPSHOT] Waiting for extension ConfigMap sync (expected hash: -1493170518) (current hash: -1817869294)
2025-01-30 18:30:16,197 INFO c.h.h.t.HelmChartContainer - [test-hivemq-platform] [hivemq] [c32f8a52] INFO  - [HiveMQ Platform Operator Init App 1.7.0-SNAPSHOT] Waiting for extension ConfigMap sync (expected hash: -1493170518) (current hash: -1817869294)
2025-01-30 18:30:17,197 INFO c.h.h.t.HelmChartContainer - [test-hivemq-platform] [hivemq] [c32f8a52] INFO  - [HiveMQ Platform Operator Init App 1.7.0-SNAPSHOT] Waiting for extension ConfigMap sync (expected hash: -1493170518) (current hash: -1817869294)
2025-01-30 18:30:18,198 INFO c.h.h.t.HelmChartContainer - [test-hivemq-platform] [hivemq] [c32f8a52] INFO  - [HiveMQ Platform Operator Init App 1.7.0-SNAPSHOT] Waiting for extension ConfigMap sync (expected hash: -1493170518) (current hash: -1817869294)
2025-01-30 18:30:19,198 INFO c.h.h.t.HelmChartContainer - [test-hivemq-platform] [hivemq] [c32f8a52] INFO  - [HiveMQ Platform Operator Init App 1.7.0-SNAPSHOT] Waiting for extension ConfigMap sync (expected hash: -1493170518) (current hash: -1817869294)
2025-01-30 18:30:19,501 INFO c.h.h.t.HelmChartContainer - [hivemq-test-hivemq-platform] [hivemq-platform-operator] [b64bda9d] 18:30:19.498 [pool-6-thread-45] DEBUG c.h.p.o.d.PlatformServiceResource - [helmupgr] Desired Platform services (3 services)
2025-01-30 18:30:19,503 INFO c.h.h.t.HelmChartContainer - [hivemq-test-hivemq-platform] [hivemq-platform-operator] [b64bda9d] 18:30:19.499 [pool-6-thread-42] DEBUG c.h.p.o.d.PodServiceAccountResource - [helmupgr] Desired PodServiceAccountResource (serviceAccountName: hivemq-platform-pod-test-hivemq-platform)
2025-01-30 18:30:19,503 INFO c.h.h.t.HelmChartContainer - [hivemq-test-hivemq-platform] [hivemq-platform-operator] [b64bda9d] 18:30:19.499 [pool-6-thread-46] DEBUG c.h.p.o.dependants.PodInfoConfigMap - [helmupgr] Desired PodInfo ConfigMap (1 extensions) (0 enabled)
2025-01-30 18:30:19,503 INFO c.h.h.t.HelmChartContainer - [hivemq-test-hivemq-platform] [hivemq-platform-operator] [b64bda9d] 18:30:19.499 [pool-6-thread-46] DEBUG c.h.p.o.dependants.PodInfoConfigMap - [helmupgr] Desired PodInfo ConfigMap (metrics port: 9399) (metrics path: /)
2025-01-30 18:30:19,503 INFO c.h.h.t.HelmChartContainer - [hivemq-test-hivemq-platform] [hivemq-platform-operator] [b64bda9d] 18:30:19.499 [pool-6-thread-46] DEBUG c.h.p.o.dependants.PodInfoConfigMap - [helmupgr] Desired PodInfo ConfigMap (extension state hash: -1493170518)
2025-01-30 18:30:19,503 INFO c.h.h.t.HelmChartContainer - [hivemq-test-hivemq-platform] [hivemq-platform-operator] [b64bda9d] 18:30:19.503 [pool-6-thread-45] DEBUG c.h.p.o.d.StatefulSetResource - [helmupgr] Desired StatefulSet (1 replicas) for status RESTART_EXTENSIONS (WAIT_FOR_EXTENSION_RESTART)
2025-01-30 18:30:19,505 INFO c.h.h.t.HelmChartContainer - [hivemq-test-hivemq-platform] [hivemq-platform-operator] [b64bda9d] 18:30:19.504 [pool-6-thread-45] DEBUG c.h.p.o.u.VolumeAndVolumeMountUtil - [helmupgr] Creating volume mount for available ConfigMap 'test-bridge-configuration' of disabled extension 'hivemq-bridge-extension'
2025-01-30 18:30:19,508 INFO c.h.h.t.HelmChartContainer - [hivemq-test-hivemq-platform] [hivemq-platform-operator] [b64bda9d] 18:30:19.507 [ReconcilerExecutor-hivemq-controller-123] INFO  c.h.p.o.HiveMQPlatformReconciler - [helmupgr] Reconciling HiveMQ Platform 'test-hivemq-platform' in namespace 'helmupgradeextensionit'
2025-01-30 18:30:19,508 INFO c.h.h.t.HelmChartContainer - [hivemq-test-hivemq-platform] [hivemq-platform-operator] [b64bda9d] 18:30:19.507 [ReconcilerExecutor-hivemq-controller-123] DEBUG c.h.p.o.HiveMQPlatformReconciler - [helmupgr] Custom Resource Status RESTART_EXTENSIONS - HiveMQ Platform is waiting for extension restart (hivemq-bridge-extension) (WAIT_FOR_EXTENSION_RESTART)
2025-01-30 18:30:19,508 INFO c.h.h.t.HelmChartContainer - [hivemq-test-hivemq-platform] [hivemq-platform-operator] [b64bda9d] 18:30:19.507 [ReconcilerExecutor-hivemq-controller-123] DEBUG c.h.p.o.HiveMQPlatformReconciler - [helmupgr] Custom Resource Spec (replicas: 1) (extensions: 1)
2025-01-30 18:30:19,510 INFO c.h.h.t.HelmChartContainer - [hivemq-test-hivemq-platform] [hivemq-platform-operator] [b64bda9d] 18:30:19.509 [ReconcilerExecutor-hivemq-controller-123] DEBUG c.h.p.o.HiveMQPlatformReconciler - [helmupgr] StatefulSet Status (revision: test-hivemq-platform-5b6c7575b6, replicas: 1, available: 1, ready: 1, current: 1, updated: 1)
2025-01-30 18:30:19,512 INFO c.h.h.t.HelmChartContainer - [hivemq-test-hivemq-platform] [hivemq-platform-operator] [b64bda9d] 18:30:19.509 [ReconcilerExecutor-hivemq-controller-123] DEBUG c.h.p.o.HiveMQPlatformReconciler - [helmupgr] StatefulSet Spec (replicas: 1, init containers: 1, containers: 1, volumes: 4)
2025-01-30 18:30:19,512 INFO c.h.h.t.HelmChartContainer - [hivemq-test-hivemq-platform] [hivemq-platform-operator] [b64bda9d] 18:30:19.511 [ReconcilerExecutor-hivemq-controller-123] DEBUG c.h.p.o.h.HiveMQPlatformReconcilerErrorHandler - [helmupgr] Pod 'test-hivemq-platform-0' phase Running
2025-01-30 18:30:19,519 INFO c.h.h.t.HelmChartContainer - [hivemq-test-hivemq-platform] [hivemq-platform-operator] [b64bda9d] 18:30:19.517 [ReconcilerExecutor-hivemq-controller-123] DEBUG c.h.p.o.h.HiveMQPlatformReconcilerRestartExtensionsHandler - [helmupgr] Checking update extension status on Pod 'test-hivemq-platform-0'
2025-01-30 18:30:19,633 INFO c.h.h.t.HelmChartContainer - [test-hivemq-platform] [hivemq] [c32f8a52] INFO  - [HiveMQ Platform Operator Init App 1.7.0-SNAPSHOT] Extension update is pending (0 errors)
2025-01-30 18:30:19,637 INFO c.h.h.t.HelmChartContainer - [hivemq-test-hivemq-platform] [hivemq-platform-operator] [b64bda9d] 18:30:19.636 [vert.x-eventloop-thread-0] DEBUG c.h.platform.operator.util.PodUtil - Received status for command '[curl, -s, http://10.42.0.6:7979/updateExtensionStatus]' on Pod 'test-hivemq-platform-0' (exit code: 0)
2025-01-30 18:30:20,198 INFO c.h.h.t.HelmChartContainer - [test-hivemq-platform] [hivemq] [c32f8a52] INFO  - [HiveMQ Platform Operator Init App 1.7.0-SNAPSHOT] Waiting for extension ConfigMap sync (expected hash: -1493170518) (current hash: -1817869294)
2025-01-30 18:30:20,612 INFO c.h.h.t.HelmChartContainer - [hivemq-test-hivemq-platform] [hivemq-platform-operator] [b64bda9d] 18:30:20.608 [pool-6-thread-4] DEBUG c.h.p.o.d.PlatformServiceResource - [helmupgr] Desired Platform services (3 services)
2025-01-30 18:30:20,612 INFO c.h.h.t.HelmChartContainer - [hivemq-test-hivemq-platform] [hivemq-platform-operator] [b64bda9d] 18:30:20.609 [pool-6-thread-6] DEBUG c.h.p.o.d.PodServiceAccountResource - [helmupgr] Desired PodServiceAccountResource (serviceAccountName: hivemq-platform-pod-test-hivemq-platform)
2025-01-30 18:30:20,612 INFO c.h.h.t.HelmChartContainer - [hivemq-test-hivemq-platform] [hivemq-platform-operator] [b64bda9d] 18:30:20.609 [pool-6-thread-10] DEBUG c.h.p.o.dependants.PodInfoConfigMap - [helmupgr] Desired PodInfo ConfigMap (1 extensions) (0 enabled)
2025-01-30 18:30:20,612 INFO c.h.h.t.HelmChartContainer - [hivemq-test-hivemq-platform] [hivemq-platform-operator] [b64bda9d] 18:30:20.609 [pool-6-thread-10] DEBUG c.h.p.o.dependants.PodInfoConfigMap - [helmupgr] Desired PodInfo ConfigMap (metrics port: 9399) (metrics path: /)
2025-01-30 18:30:20,612 INFO c.h.h.t.HelmChartContainer - [hivemq-test-hivemq-platform] [hivemq-platform-operator] [b64bda9d] 18:30:20.609 [pool-6-thread-10] DEBUG c.h.p.o.dependants.PodInfoConfigMap - [helmupgr] Desired PodInfo ConfigMap (extension state hash: -1493170518)
2025-01-30 18:30:20,614 INFO c.h.h.t.HelmChartContainer - [hivemq-test-hivemq-platform] [hivemq-platform-operator] [b64bda9d] 18:30:20.613 [pool-6-thread-4] DEBUG c.h.p.o.d.StatefulSetResource - [helmupgr] Desired StatefulSet (1 replicas) for status RESTART_EXTENSIONS (WAIT_FOR_EXTENSION_RESTART)
2025-01-30 18:30:20,615 INFO c.h.h.t.HelmChartContainer - [hivemq-test-hivemq-platform] [hivemq-platform-operator] [b64bda9d] 18:30:20.614 [pool-6-thread-4] DEBUG c.h.p.o.u.VolumeAndVolumeMountUtil - [helmupgr] Creating volume mount for available ConfigMap 'test-bridge-configuration' of disabled extension 'hivemq-bridge-extension'
2025-01-30 18:30:20,618 INFO c.h.h.t.HelmChartContainer - [hivemq-test-hivemq-platform] [hivemq-platform-operator] [b64bda9d] 18:30:20.617 [ReconcilerExecutor-hivemq-controller-124] INFO  c.h.p.o.HiveMQPlatformReconciler - [helmupgr] Reconciling HiveMQ Platform 'test-hivemq-platform' in namespace 'helmupgradeextensionit'
2025-01-30 18:30:20,618 INFO c.h.h.t.HelmChartContainer - [hivemq-test-hivemq-platform] [hivemq-platform-operator] [b64bda9d] 18:30:20.617 [ReconcilerExecutor-hivemq-controller-124] DEBUG c.h.p.o.HiveMQPlatformReconciler - [helmupgr] Custom Resource Status RESTART_EXTENSIONS - HiveMQ Platform is waiting for extension restart (hivemq-bridge-extension) (WAIT_FOR_EXTENSION_RESTART)
2025-01-30 18:30:20,618 INFO c.h.h.t.HelmChartContainer - [hivemq-test-hivemq-platform] [hivemq-platform-operator] [b64bda9d] 18:30:20.617 [ReconcilerExecutor-hivemq-controller-124] DEBUG c.h.p.o.HiveMQPlatformReconciler - [helmupgr] Custom Resource Spec (replicas: 1) (extensions: 1)
2025-01-30 18:30:20,621 INFO c.h.h.t.HelmChartContainer - [hivemq-test-hivemq-platform] [hivemq-platform-operator] [b64bda9d] 18:30:20.618 [ReconcilerExecutor-hivemq-controller-124] DEBUG c.h.p.o.HiveMQPlatformReconciler - [helmupgr] StatefulSet Status (revision: test-hivemq-platform-5b6c7575b6, replicas: 1, available: 1, ready: 1, current: 1, updated: 1)
2025-01-30 18:30:20,621 INFO c.h.h.t.HelmChartContainer - [hivemq-test-hivemq-platform] [hivemq-platform-operator] [b64bda9d] 18:30:20.619 [ReconcilerExecutor-hivemq-controller-124] DEBUG c.h.p.o.HiveMQPlatformReconciler - [helmupgr] StatefulSet Spec (replicas: 1, init containers: 1, containers: 1, volumes: 4)
2025-01-30 18:30:20,621 INFO c.h.h.t.HelmChartContainer - [hivemq-test-hivemq-platform] [hivemq-platform-operator] [b64bda9d] 18:30:20.620 [ReconcilerExecutor-hivemq-controller-124] DEBUG c.h.p.o.h.HiveMQPlatformReconcilerErrorHandler - [helmupgr] Pod 'test-hivemq-platform-0' phase Running
2025-01-30 18:30:20,622 INFO c.h.h.t.HelmChartContainer - [hivemq-test-hivemq-platform] [hivemq-platform-operator] [b64bda9d] 18:30:20.621 [ReconcilerExecutor-hivemq-controller-124] INFO  c.h.p.o.h.HiveMQPlatformReconcilerRestartExtensionsHandler - [helmupgr] Extension update on Pod 'test-hivemq-platform-0' is still pending
2025-01-30 18:30:21,199 INFO c.h.h.t.HelmChartContainer - [test-hivemq-platform] [hivemq] [c32f8a52] INFO  - [HiveMQ Platform Operator Init App 1.7.0-SNAPSHOT] Waiting for extension ConfigMap sync (expected hash: -1493170518) (current hash: -1817869294)
2025-01-30 18:30:22,199 INFO c.h.h.t.HelmChartContainer - [test-hivemq-platform] [hivemq] [c32f8a52] INFO  - [HiveMQ Platform Operator Init App 1.7.0-SNAPSHOT] Waiting for extension ConfigMap sync (expected hash: -1493170518) (current hash: -1817869294)
2025-01-30 18:30:23,200 INFO c.h.h.t.HelmChartContainer - [test-hivemq-platform] [hivemq] [c32f8a52] INFO  - [HiveMQ Platform Operator Init App 1.7.0-SNAPSHOT] Waiting for extension ConfigMap sync (expected hash: -1493170518) (current hash: -1817869294)
2025-01-30 18:30:24,200 INFO c.h.h.t.HelmChartContainer - [test-hivemq-platform] [hivemq] [c32f8a52] INFO  - [HiveMQ Platform Operator Init App 1.7.0-SNAPSHOT] Waiting for extension ConfigMap sync (expected hash: -1493170518) (current hash: -1817869294)
2025-01-30 18:30:25,201 INFO c.h.h.t.HelmChartContainer - [test-hivemq-platform] [hivemq] [c32f8a52] INFO  - [HiveMQ Platform Operator Init App 1.7.0-SNAPSHOT] Waiting for extension ConfigMap sync (expected hash: -1493170518) (current hash: -1817869294)
2025-01-30 18:30:26,201 INFO c.h.h.t.HelmChartContainer - [test-hivemq-platform] [hivemq] [c32f8a52] INFO  - [HiveMQ Platform Operator Init App 1.7.0-SNAPSHOT] Waiting for extension ConfigMap sync (expected hash: -1493170518) (current hash: -1817869294)
2025-01-30 18:30:27,202 INFO c.h.h.t.HelmChartContainer - [test-hivemq-platform] [hivemq] [c32f8a52] INFO  - [HiveMQ Platform Operator Init App 1.7.0-SNAPSHOT] Waiting for extension ConfigMap sync (expected hash: -1493170518) (current hash: -1817869294)
2025-01-30 18:30:28,202 INFO c.h.h.t.HelmChartContainer - [test-hivemq-platform] [hivemq] [c32f8a52] INFO  - [HiveMQ Platform Operator Init App 1.7.0-SNAPSHOT] Waiting for extension ConfigMap sync (expected hash: -1493170518) (current hash: -1817869294)
2025-01-30 18:30:29,203 INFO c.h.h.t.HelmChartContainer - [test-hivemq-platform] [hivemq] [c32f8a52] INFO  - [HiveMQ Platform Operator Init App 1.7.0-SNAPSHOT] Waiting for extension ConfigMap sync (expected hash: -1493170518) (current hash: -1817869294)
2025-01-30 18:30:30,203 INFO c.h.h.t.HelmChartContainer - [test-hivemq-platform] [hivemq] [c32f8a52] INFO  - [HiveMQ Platform Operator Init App 1.7.0-SNAPSHOT] Waiting for extension ConfigMap sync (expected hash: -1493170518) (current hash: -1817869294)
2025-01-30 18:30:30,627 INFO c.h.h.t.HelmChartContainer - [hivemq-test-hivemq-platform] [hivemq-platform-operator] [b64bda9d] 18:30:30.623 [pool-6-thread-11] DEBUG c.h.p.o.d.PlatformServiceResource - [helmupgr] Desired Platform services (3 services)
2025-01-30 18:30:30,627 INFO c.h.h.t.HelmChartContainer - [hivemq-test-hivemq-platform] [hivemq-platform-operator] [b64bda9d] 18:30:30.624 [pool-6-thread-12] DEBUG c.h.p.o.dependants.PodInfoConfigMap - [helmupgr] Desired PodInfo ConfigMap (1 extensions) (0 enabled)
2025-01-30 18:30:30,627 INFO c.h.h.t.HelmChartContainer - [hivemq-test-hivemq-platform] [hivemq-platform-operator] [b64bda9d] 18:30:30.624 [pool-6-thread-12] DEBUG c.h.p.o.dependants.PodInfoConfigMap - [helmupgr] Desired PodInfo ConfigMap (metrics port: 9399) (metrics path: /)
2025-01-30 18:30:30,627 INFO c.h.h.t.HelmChartContainer - [hivemq-test-hivemq-platform] [hivemq-platform-operator] [b64bda9d] 18:30:30.624 [pool-6-thread-12] DEBUG c.h.p.o.dependants.PodInfoConfigMap - [helmupgr] Desired PodInfo ConfigMap (extension state hash: -1493170518)
2025-01-30 18:30:30,627 INFO c.h.h.t.HelmChartContainer - [hivemq-test-hivemq-platform] [hivemq-platform-operator] [b64bda9d] 18:30:30.625 [pool-6-thread-13] DEBUG c.h.p.o.d.PodServiceAccountResource - [helmupgr] Desired PodServiceAccountResource (serviceAccountName: hivemq-platform-pod-test-hivemq-platform)
2025-01-30 18:30:30,631 INFO c.h.h.t.HelmChartContainer - [hivemq-test-hivemq-platform] [hivemq-platform-operator] [b64bda9d] 18:30:30.630 [pool-6-thread-20] DEBUG c.h.p.o.d.StatefulSetResource - [helmupgr] Desired StatefulSet (1 replicas) for status RESTART_EXTENSIONS (WAIT_FOR_EXTENSION_RESTART)
2025-01-30 18:30:30,635 INFO c.h.h.t.HelmChartContainer - [hivemq-test-hivemq-platform] [hivemq-platform-operator] [b64bda9d] 18:30:30.631 [pool-6-thread-20] DEBUG c.h.p.o.u.VolumeAndVolumeMountUtil - [helmupgr] Creating volume mount for available ConfigMap 'test-bridge-configuration' of disabled extension 'hivemq-bridge-extension'
2025-01-30 18:30:30,635 INFO c.h.h.t.HelmChartContainer - [hivemq-test-hivemq-platform] [hivemq-platform-operator] [b64bda9d] 18:30:30.634 [ReconcilerExecutor-hivemq-controller-125] INFO  c.h.p.o.HiveMQPlatformReconciler - [helmupgr] Reconciling HiveMQ Platform 'test-hivemq-platform' in namespace 'helmupgradeextensionit'
2025-01-30 18:30:30,635 INFO c.h.h.t.HelmChartContainer - [hivemq-test-hivemq-platform] [hivemq-platform-operator] [b64bda9d] 18:30:30.634 [ReconcilerExecutor-hivemq-controller-125] DEBUG c.h.p.o.HiveMQPlatformReconciler - [helmupgr] Custom Resource Status RESTART_EXTENSIONS - HiveMQ Platform is waiting for extension restart (hivemq-bridge-extension) (WAIT_FOR_EXTENSION_RESTART)
2025-01-30 18:30:30,635 INFO c.h.h.t.HelmChartContainer - [hivemq-test-hivemq-platform] [hivemq-platform-operator] [b64bda9d] 18:30:30.634 [ReconcilerExecutor-hivemq-controller-125] DEBUG c.h.p.o.HiveMQPlatformReconciler - [helmupgr] Custom Resource Spec (replicas: 1) (extensions: 1)
2025-01-30 18:30:30,637 INFO c.h.h.t.HelmChartContainer - [hivemq-test-hivemq-platform] [hivemq-platform-operator] [b64bda9d] 18:30:30.635 [ReconcilerExecutor-hivemq-controller-125] DEBUG c.h.p.o.HiveMQPlatformReconciler - [helmupgr] StatefulSet Status (revision: test-hivemq-platform-5b6c7575b6, replicas: 1, available: 1, ready: 1, current: 1, updated: 1)
2025-01-30 18:30:30,637 INFO c.h.h.t.HelmChartContainer - [hivemq-test-hivemq-platform] [hivemq-platform-operator] [b64bda9d] 18:30:30.635 [ReconcilerExecutor-hivemq-controller-125] DEBUG c.h.p.o.HiveMQPlatformReconciler - [helmupgr] StatefulSet Spec (replicas: 1, init containers: 1, containers: 1, volumes: 4)
2025-01-30 18:30:30,638 INFO c.h.h.t.HelmChartContainer - [hivemq-test-hivemq-platform] [hivemq-platform-operator] [b64bda9d] 18:30:30.636 [ReconcilerExecutor-hivemq-controller-125] DEBUG c.h.p.o.h.HiveMQPlatformReconcilerErrorHandler - [helmupgr] Pod 'test-hivemq-platform-0' phase Running
2025-01-30 18:30:30,689 INFO c.h.h.t.HelmChartContainer - [hivemq-test-hivemq-platform] [hivemq-platform-operator] [b64bda9d] 18:30:30.687 [ReconcilerExecutor-hivemq-controller-125] DEBUG c.h.p.o.h.HiveMQPlatformReconcilerRestartExtensionsHandler - [helmupgr] Checking update extension status on Pod 'test-hivemq-platform-0'
2025-01-30 18:30:30,731 INFO c.h.h.t.HelmChartContainer - [test-hivemq-platform] [hivemq] [c32f8a52] INFO  - [HiveMQ Platform Operator Init App 1.7.0-SNAPSHOT] Extension update is pending (0 errors)
2025-01-30 18:30:30,735 INFO c.h.h.t.HelmChartContainer - [hivemq-test-hivemq-platform] [hivemq-platform-operator] [b64bda9d] 18:30:30.734 [vert.x-eventloop-thread-1] DEBUG c.h.platform.operator.util.PodUtil - Received status for command '[curl, -s, http://10.42.0.6:7979/updateExtensionStatus]' on Pod 'test-hivemq-platform-0' (exit code: 0)
2025-01-30 18:30:31,203 INFO c.h.h.t.HelmChartContainer - [test-hivemq-platform] [hivemq] [c32f8a52] INFO  - [HiveMQ Platform Operator Init App 1.7.0-SNAPSHOT] Waiting for extension ConfigMap sync (expected hash: -1493170518) (current hash: -1817869294)
2025-01-30 18:30:31,326 INFO c.h.h.t.HelmChartContainer - [test-hivemq-platform] [hivemq] [c32f8a52] WARN  - Bridge Extension: Connect to bridge 'testbridge' failed for the 5 time, reason: connection timed out after 10000 ms: /172.17.0.3:1883
2025-01-30 18:30:31,712 INFO c.h.h.t.HelmChartContainer - [hivemq-test-hivemq-platform] [hivemq-platform-operator] [b64bda9d] 18:30:31.710 [pool-6-thread-26] DEBUG c.h.p.o.d.PlatformServiceResource - [helmupgr] Desired Platform services (3 services)
2025-01-30 18:30:31,713 INFO c.h.h.t.HelmChartContainer - [hivemq-test-hivemq-platform] [hivemq-platform-operator] [b64bda9d] 18:30:31.712 [pool-6-thread-23] DEBUG c.h.p.o.d.PodServiceAccountResource - [helmupgr] Desired PodServiceAccountResource (serviceAccountName: hivemq-platform-pod-test-hivemq-platform)
2025-01-30 18:30:31,714 INFO c.h.h.t.HelmChartContainer - [hivemq-test-hivemq-platform] [hivemq-platform-operator] [b64bda9d] 18:30:31.713 [pool-6-thread-27] DEBUG c.h.p.o.dependants.PodInfoConfigMap - [helmupgr] Desired PodInfo ConfigMap (1 extensions) (0 enabled)
2025-01-30 18:30:31,715 INFO c.h.h.t.HelmChartContainer - [hivemq-test-hivemq-platform] [hivemq-platform-operator] [b64bda9d] 18:30:31.713 [pool-6-thread-27] DEBUG c.h.p.o.dependants.PodInfoConfigMap - [helmupgr] Desired PodInfo ConfigMap (metrics port: 9399) (metrics path: /)
2025-01-30 18:30:31,715 INFO c.h.h.t.HelmChartContainer - [hivemq-test-hivemq-platform] [hivemq-platform-operator] [b64bda9d] 18:30:31.714 [pool-6-thread-27] DEBUG c.h.p.o.dependants.PodInfoConfigMap - [helmupgr] Desired PodInfo ConfigMap (extension state hash: -1493170518)
2025-01-30 18:30:31,718 INFO c.h.h.t.HelmChartContainer - [hivemq-test-hivemq-platform] [hivemq-platform-operator] [b64bda9d] 18:30:31.717 [pool-6-thread-26] DEBUG c.h.p.o.d.StatefulSetResource - [helmupgr] Desired StatefulSet (1 replicas) for status RESTART_EXTENSIONS (WAIT_FOR_EXTENSION_RESTART)
2025-01-30 18:30:31,719 INFO c.h.h.t.HelmChartContainer - [hivemq-test-hivemq-platform] [hivemq-platform-operator] [b64bda9d] 18:30:31.718 [pool-6-thread-26] DEBUG c.h.p.o.u.VolumeAndVolumeMountUtil - [helmupgr] Creating volume mount for available ConfigMap 'test-bridge-configuration' of disabled extension 'hivemq-bridge-extension'
2025-01-30 18:30:31,723 INFO c.h.h.t.HelmChartContainer - [hivemq-test-hivemq-platform] [hivemq-platform-operator] [b64bda9d] 18:30:31.722 [ReconcilerExecutor-hivemq-controller-126] INFO  c.h.p.o.HiveMQPlatformReconciler - [helmupgr] Reconciling HiveMQ Platform 'test-hivemq-platform' in namespace 'helmupgradeextensionit'
2025-01-30 18:30:31,723 INFO c.h.h.t.HelmChartContainer - [hivemq-test-hivemq-platform] [hivemq-platform-operator] [b64bda9d] 18:30:31.722 [ReconcilerExecutor-hivemq-controller-126] DEBUG c.h.p.o.HiveMQPlatformReconciler - [helmupgr] Custom Resource Status RESTART_EXTENSIONS - HiveMQ Platform is waiting for extension restart (hivemq-bridge-extension) (WAIT_FOR_EXTENSION_RESTART)
2025-01-30 18:30:31,723 INFO c.h.h.t.HelmChartContainer - [hivemq-test-hivemq-platform] [hivemq-platform-operator] [b64bda9d] 18:30:31.722 [ReconcilerExecutor-hivemq-controller-126] DEBUG c.h.p.o.HiveMQPlatformReconciler - [helmupgr] Custom Resource Spec (replicas: 1) (extensions: 1)
2025-01-30 18:30:31,725 INFO c.h.h.t.HelmChartContainer - [hivemq-test-hivemq-platform] [hivemq-platform-operator] [b64bda9d] 18:30:31.724 [ReconcilerExecutor-hivemq-controller-126] DEBUG c.h.p.o.HiveMQPlatformReconciler - [helmupgr] StatefulSet Status (revision: test-hivemq-platform-5b6c7575b6, replicas: 1, available: 1, ready: 1, current: 1, updated: 1)
2025-01-30 18:30:31,726 INFO c.h.h.t.HelmChartContainer - [hivemq-test-hivemq-platform] [hivemq-platform-operator] [b64bda9d] 18:30:31.724 [ReconcilerExecutor-hivemq-controller-126] DEBUG c.h.p.o.HiveMQPlatformReconciler - [helmupgr] StatefulSet Spec (replicas: 1, init containers: 1, containers: 1, volumes: 4)
2025-01-30 18:30:31,726 INFO c.h.h.t.HelmChartContainer - [hivemq-test-hivemq-platform] [hivemq-platform-operator] [b64bda9d] 18:30:31.725 [ReconcilerExecutor-hivemq-controller-126] DEBUG c.h.p.o.h.HiveMQPlatformReconcilerErrorHandler - [helmupgr] Pod 'test-hivemq-platform-0' phase Running
2025-01-30 18:30:31,727 INFO c.h.h.t.HelmChartContainer - [hivemq-test-hivemq-platform] [hivemq-platform-operator] [b64bda9d] 18:30:31.726 [ReconcilerExecutor-hivemq-controller-126] INFO  c.h.p.o.h.HiveMQPlatformReconcilerRestartExtensionsHandler - [helmupgr] Extension update on Pod 'test-hivemq-platform-0' is still pending
2025-01-30 18:30:32,204 INFO c.h.h.t.HelmChartContainer - [test-hivemq-platform] [hivemq] [c32f8a52] INFO  - [HiveMQ Platform Operator Init App 1.7.0-SNAPSHOT] Waiting for extension ConfigMap sync (expected hash: -1493170518) (current hash: -1817869294)
2025-01-30 18:30:33,204 INFO c.h.h.t.HelmChartContainer - [test-hivemq-platform] [hivemq] [c32f8a52] INFO  - [HiveMQ Platform Operator Init App 1.7.0-SNAPSHOT] Waiting for extension ConfigMap sync (expected hash: -1493170518) (current hash: -1817869294)
2025-01-30 18:30:34,204 INFO c.h.h.t.HelmChartContainer - [test-hivemq-platform] [hivemq] [c32f8a52] INFO  - [HiveMQ Platform Operator Init App 1.7.0-SNAPSHOT] Waiting for extension ConfigMap sync (expected hash: -1493170518) (current hash: -1817869294)
2025-01-30 18:30:35,206 INFO c.h.h.t.HelmChartContainer - [test-hivemq-platform] [hivemq] [c32f8a52] INFO  - [HiveMQ Platform Operator Init App 1.7.0-SNAPSHOT] Waiting for extension ConfigMap sync (expected hash: -1493170518) (current hash: -1817869294)
2025-01-30 18:30:36,206 INFO c.h.h.t.HelmChartContainer - [test-hivemq-platform] [hivemq] [c32f8a52] INFO  - [HiveMQ Platform Operator Init App 1.7.0-SNAPSHOT] Waiting for extension ConfigMap sync (expected hash: -1493170518) (current hash: -1817869294)
2025-01-30 18:30:37,206 INFO c.h.h.t.HelmChartContainer - [test-hivemq-platform] [hivemq] [c32f8a52] INFO  - [HiveMQ Platform Operator Init App 1.7.0-SNAPSHOT] Waiting for extension ConfigMap sync (expected hash: -1493170518) (current hash: -1817869294)
2025-01-30 18:30:38,206 INFO c.h.h.t.HelmChartContainer - [test-hivemq-platform] [hivemq] [c32f8a52] INFO  - [HiveMQ Platform Operator Init App 1.7.0-SNAPSHOT] Waiting for extension ConfigMap sync (expected hash: -1493170518) (current hash: -1817869294)
2025-01-30 18:30:39,207 INFO c.h.h.t.HelmChartContainer - [test-hivemq-platform] [hivemq] [c32f8a52] INFO  - [HiveMQ Platform Operator Init App 1.7.0-SNAPSHOT] Waiting for extension ConfigMap sync (expected hash: -1493170518) (current hash: -1817869294)
2025-01-30 18:30:39,318 INFO c.h.h.t.HelmChartContainer - [test-hivemq-platform] [hivemq] [c32f8a52] WARN  - Bridge Extension: Connect to bridge 'testbridge' failed for the 5 time, reason: connection timed out after 10000 ms: /172.17.0.3:1883
2025-01-30 18:30:40,207 INFO c.h.h.t.HelmChartContainer - [test-hivemq-platform] [hivemq] [c32f8a52] INFO  - [HiveMQ Platform Operator Init App 1.7.0-SNAPSHOT] Waiting for extension ConfigMap sync (expected hash: -1493170518) (current hash: -1817869294)
2025-01-30 18:30:41,208 INFO c.h.h.t.HelmChartContainer - [test-hivemq-platform] [hivemq] [c32f8a52] INFO  - [HiveMQ Platform Operator Init App 1.7.0-SNAPSHOT] Waiting for extension ConfigMap sync (expected hash: -1493170518) (current hash: -1817869294)
2025-01-30 18:30:41,733 INFO c.h.h.t.HelmChartContainer - [hivemq-test-hivemq-platform] [hivemq-platform-operator] [b64bda9d] 18:30:41.729 [pool-6-thread-34] DEBUG c.h.p.o.d.PlatformServiceResource - [helmupgr] Desired Platform services (3 services)
2025-01-30 18:30:41,733 INFO c.h.h.t.HelmChartContainer - [hivemq-test-hivemq-platform] [hivemq-platform-operator] [b64bda9d] 18:30:41.730 [pool-6-thread-39] DEBUG c.h.p.o.dependants.PodInfoConfigMap - [helmupgr] Desired PodInfo ConfigMap (1 extensions) (0 enabled)
2025-01-30 18:30:41,733 INFO c.h.h.t.HelmChartContainer - [hivemq-test-hivemq-platform] [hivemq-platform-operator] [b64bda9d] 18:30:41.730 [pool-6-thread-39] DEBUG c.h.p.o.dependants.PodInfoConfigMap - [helmupgr] Desired PodInfo ConfigMap (metrics port: 9399) (metrics path: /)
2025-01-30 18:30:41,733 INFO c.h.h.t.HelmChartContainer - [hivemq-test-hivemq-platform] [hivemq-platform-operator] [b64bda9d] 18:30:41.730 [pool-6-thread-39] DEBUG c.h.p.o.dependants.PodInfoConfigMap - [helmupgr] Desired PodInfo ConfigMap (extension state hash: -1493170518)
2025-01-30 18:30:41,733 INFO c.h.h.t.HelmChartContainer - [hivemq-test-hivemq-platform] [hivemq-platform-operator] [b64bda9d] 18:30:41.730 [pool-6-thread-35] DEBUG c.h.p.o.d.PodServiceAccountResource - [helmupgr] Desired PodServiceAccountResource (serviceAccountName: hivemq-platform-pod-test-hivemq-platform)
2025-01-30 18:30:41,734 INFO c.h.h.t.HelmChartContainer - [hivemq-test-hivemq-platform] [hivemq-platform-operator] [b64bda9d] 18:30:41.733 [pool-6-thread-34] DEBUG c.h.p.o.d.StatefulSetResource - [helmupgr] Desired StatefulSet (1 replicas) for status RESTART_EXTENSIONS (WAIT_FOR_EXTENSION_RESTART)
2025-01-30 18:30:41,735 INFO c.h.h.t.HelmChartContainer - [hivemq-test-hivemq-platform] [hivemq-platform-operator] [b64bda9d] 18:30:41.735 [pool-6-thread-34] DEBUG c.h.p.o.u.VolumeAndVolumeMountUtil - [helmupgr] Creating volume mount for available ConfigMap 'test-bridge-configuration' of disabled extension 'hivemq-bridge-extension'
2025-01-30 18:30:41,738 INFO c.h.h.t.HelmChartContainer - [hivemq-test-hivemq-platform] [hivemq-platform-operator] [b64bda9d] 18:30:41.737 [ReconcilerExecutor-hivemq-controller-127] INFO  c.h.p.o.HiveMQPlatformReconciler - [helmupgr] Reconciling HiveMQ Platform 'test-hivemq-platform' in namespace 'helmupgradeextensionit'
2025-01-30 18:30:41,738 INFO c.h.h.t.HelmChartContainer - [hivemq-test-hivemq-platform] [hivemq-platform-operator] [b64bda9d] 18:30:41.737 [ReconcilerExecutor-hivemq-controller-127] DEBUG c.h.p.o.HiveMQPlatformReconciler - [helmupgr] Custom Resource Status RESTART_EXTENSIONS - HiveMQ Platform is waiting for extension restart (hivemq-bridge-extension) (WAIT_FOR_EXTENSION_RESTART)
2025-01-30 18:30:41,738 INFO c.h.h.t.HelmChartContainer - [hivemq-test-hivemq-platform] [hivemq-platform-operator] [b64bda9d] 18:30:41.737 [ReconcilerExecutor-hivemq-controller-127] DEBUG c.h.p.o.HiveMQPlatformReconciler - [helmupgr] Custom Resource Spec (replicas: 1) (extensions: 1)
2025-01-30 18:30:41,740 INFO c.h.h.t.HelmChartContainer - [hivemq-test-hivemq-platform] [hivemq-platform-operator] [b64bda9d] 18:30:41.739 [ReconcilerExecutor-hivemq-controller-127] DEBUG c.h.p.o.HiveMQPlatformReconciler - [helmupgr] StatefulSet Status (revision: test-hivemq-platform-5b6c7575b6, replicas: 1, available: 1, ready: 1, current: 1, updated: 1)
2025-01-30 18:30:41,740 INFO c.h.h.t.HelmChartContainer - [hivemq-test-hivemq-platform] [hivemq-platform-operator] [b64bda9d] 18:30:41.739 [ReconcilerExecutor-hivemq-controller-127] DEBUG c.h.p.o.HiveMQPlatformReconciler - [helmupgr] StatefulSet Spec (replicas: 1, init containers: 1, containers: 1, volumes: 4)
2025-01-30 18:30:41,741 INFO c.h.h.t.HelmChartContainer - [hivemq-test-hivemq-platform] [hivemq-platform-operator] [b64bda9d] 18:30:41.740 [ReconcilerExecutor-hivemq-controller-127] DEBUG c.h.p.o.h.HiveMQPlatformReconcilerErrorHandler - [helmupgr] Pod 'test-hivemq-platform-0' phase Running
2025-01-30 18:30:41,746 INFO c.h.h.t.HelmChartContainer - [hivemq-test-hivemq-platform] [hivemq-platform-operator] [b64bda9d] 18:30:41.746 [ReconcilerExecutor-hivemq-controller-127] DEBUG c.h.p.o.h.HiveMQPlatformReconcilerRestartExtensionsHandler - [helmupgr] Checking update extension status on Pod 'test-hivemq-platform-0'
2025-01-30 18:30:41,825 INFO c.h.h.t.HelmChartContainer - [test-hivemq-platform] [hivemq] [c32f8a52] INFO  - [HiveMQ Platform Operator Init App 1.7.0-SNAPSHOT] Extension update is pending (0 errors)
2025-01-30 18:30:41,828 INFO c.h.h.t.HelmChartContainer - [hivemq-test-hivemq-platform] [hivemq-platform-operator] [b64bda9d] 18:30:41.828 [vert.x-eventloop-thread-0] DEBUG c.h.platform.operator.util.PodUtil - Received status for command '[curl, -s, http://10.42.0.6:7979/updateExtensionStatus]' on Pod 'test-hivemq-platform-0' (exit code: 0)
2025-01-30 18:30:42,208 INFO c.h.h.t.HelmChartContainer - [test-hivemq-platform] [hivemq] [c32f8a52] INFO  - [HiveMQ Platform Operator Init App 1.7.0-SNAPSHOT] Waiting for extension ConfigMap sync (expected hash: -1493170518) (current hash: -1817869294)
2025-01-30 18:30:42,806 INFO c.h.h.t.HelmChartContainer - [hivemq-test-hivemq-platform] [hivemq-platform-operator] [b64bda9d] 18:30:42.804 [pool-6-thread-42] DEBUG c.h.p.o.d.PlatformServiceResource - [helmupgr] Desired Platform services (3 services)
2025-01-30 18:30:42,806 INFO c.h.h.t.HelmChartContainer - [hivemq-test-hivemq-platform] [hivemq-platform-operator] [b64bda9d] 18:30:42.805 [pool-6-thread-50] DEBUG c.h.p.o.d.PodServiceAccountResource - [helmupgr] Desired PodServiceAccountResource (serviceAccountName: hivemq-platform-pod-test-hivemq-platform)
2025-01-30 18:30:42,806 INFO c.h.h.t.HelmChartContainer - [hivemq-test-hivemq-platform] [hivemq-platform-operator] [b64bda9d] 18:30:42.805 [pool-6-thread-49] DEBUG c.h.p.o.dependants.PodInfoConfigMap - [helmupgr] Desired PodInfo ConfigMap (1 extensions) (0 enabled)
2025-01-30 18:30:42,806 INFO c.h.h.t.HelmChartContainer - [hivemq-test-hivemq-platform] [hivemq-platform-operator] [b64bda9d] 18:30:42.805 [pool-6-thread-49] DEBUG c.h.p.o.dependants.PodInfoConfigMap - [helmupgr] Desired PodInfo ConfigMap (metrics port: 9399) (metrics path: /)
2025-01-30 18:30:42,806 INFO c.h.h.t.HelmChartContainer - [hivemq-test-hivemq-platform] [hivemq-platform-operator] [b64bda9d] 18:30:42.805 [pool-6-thread-49] DEBUG c.h.p.o.dependants.PodInfoConfigMap - [helmupgr] Desired PodInfo ConfigMap (extension state hash: -1493170518)
2025-01-30 18:30:42,809 INFO c.h.h.t.HelmChartContainer - [hivemq-test-hivemq-platform] [hivemq-platform-operator] [b64bda9d] 18:30:42.809 [pool-6-thread-42] DEBUG c.h.p.o.d.StatefulSetResource - [helmupgr] Desired StatefulSet (1 replicas) for status RESTART_EXTENSIONS (WAIT_FOR_EXTENSION_RESTART)
2025-01-30 18:30:42,810 INFO c.h.h.t.HelmChartContainer - [hivemq-test-hivemq-platform] [hivemq-platform-operator] [b64bda9d] 18:30:42.810 [pool-6-thread-42] DEBUG c.h.p.o.u.VolumeAndVolumeMountUtil - [helmupgr] Creating volume mount for available ConfigMap 'test-bridge-configuration' of disabled extension 'hivemq-bridge-extension'
2025-01-30 18:30:42,812 INFO c.h.h.t.HelmChartContainer - [hivemq-test-hivemq-platform] [hivemq-platform-operator] [b64bda9d] 18:30:42.812 [ReconcilerExecutor-hivemq-controller-128] INFO  c.h.p.o.HiveMQPlatformReconciler - [helmupgr] Reconciling HiveMQ Platform 'test-hivemq-platform' in namespace 'helmupgradeextensionit'
2025-01-30 18:30:42,812 INFO c.h.h.t.HelmChartContainer - [hivemq-test-hivemq-platform] [hivemq-platform-operator] [b64bda9d] 18:30:42.812 [ReconcilerExecutor-hivemq-controller-128] DEBUG c.h.p.o.HiveMQPlatformReconciler - [helmupgr] Custom Resource Status RESTART_EXTENSIONS - HiveMQ Platform is waiting for extension restart (hivemq-bridge-extension) (WAIT_FOR_EXTENSION_RESTART)
2025-01-30 18:30:42,812 INFO c.h.h.t.HelmChartContainer - [hivemq-test-hivemq-platform] [hivemq-platform-operator] [b64bda9d] 18:30:42.812 [ReconcilerExecutor-hivemq-controller-128] DEBUG c.h.p.o.HiveMQPlatformReconciler - [helmupgr] Custom Resource Spec (replicas: 1) (extensions: 1)
2025-01-30 18:30:42,814 INFO c.h.h.t.HelmChartContainer - [hivemq-test-hivemq-platform] [hivemq-platform-operator] [b64bda9d] 18:30:42.813 [ReconcilerExecutor-hivemq-controller-128] DEBUG c.h.p.o.HiveMQPlatformReconciler - [helmupgr] StatefulSet Status (revision: test-hivemq-platform-5b6c7575b6, replicas: 1, available: 1, ready: 1, current: 1, updated: 1)
2025-01-30 18:30:42,814 INFO c.h.h.t.HelmChartContainer - [hivemq-test-hivemq-platform] [hivemq-platform-operator] [b64bda9d] 18:30:42.813 [ReconcilerExecutor-hivemq-controller-128] DEBUG c.h.p.o.HiveMQPlatformReconciler - [helmupgr] StatefulSet Spec (replicas: 1, init containers: 1, containers: 1, volumes: 4)
2025-01-30 18:30:42,815 INFO c.h.h.t.HelmChartContainer - [hivemq-test-hivemq-platform] [hivemq-platform-operator] [b64bda9d] 18:30:42.814 [ReconcilerExecutor-hivemq-controller-128] DEBUG c.h.p.o.h.HiveMQPlatformReconcilerErrorHandler - [helmupgr] Pod 'test-hivemq-platform-0' phase Running
2025-01-30 18:30:42,817 INFO c.h.h.t.HelmChartContainer - [hivemq-test-hivemq-platform] [hivemq-platform-operator] [b64bda9d] 18:30:42.815 [ReconcilerExecutor-hivemq-controller-128] INFO  c.h.p.o.h.HiveMQPlatformReconcilerRestartExtensionsHandler - [helmupgr] Extension update on Pod 'test-hivemq-platform-0' is still pending
2025-01-30 18:30:43,209 INFO c.h.h.t.HelmChartContainer - [test-hivemq-platform] [hivemq] [c32f8a52] INFO  - [HiveMQ Platform Operator Init App 1.7.0-SNAPSHOT] Waiting for extension ConfigMap sync (expected hash: -1493170518) (current hash: -1817869294)
2025-01-30 18:30:44,209 INFO c.h.h.t.HelmChartContainer - [test-hivemq-platform] [hivemq] [c32f8a52] INFO  - [HiveMQ Platform Operator Init App 1.7.0-SNAPSHOT] Waiting for extension ConfigMap sync (expected hash: -1493170518) (current hash: -1817869294)
2025-01-30 18:30:45,210 INFO c.h.h.t.HelmChartContainer - [test-hivemq-platform] [hivemq] [c32f8a52] INFO  - [HiveMQ Platform Operator Init App 1.7.0-SNAPSHOT] Waiting for extension ConfigMap sync (expected hash: -1493170518) (current hash: -1817869294)
2025-01-30 18:30:46,210 INFO c.h.h.t.HelmChartContainer - [test-hivemq-platform] [hivemq] [c32f8a52] INFO  - [HiveMQ Platform Operator Init App 1.7.0-SNAPSHOT] Waiting for extension ConfigMap sync (expected hash: -1493170518) (current hash: -1817869294)
2025-01-30 18:30:47,210 INFO c.h.h.t.HelmChartContainer - [test-hivemq-platform] [hivemq] [c32f8a52] INFO  - [HiveMQ Platform Operator Init App 1.7.0-SNAPSHOT] Waiting for extension ConfigMap sync (expected hash: -1493170518) (current hash: -1817869294)
2025-01-30 18:30:48,211 INFO c.h.h.t.HelmChartContainer - [test-hivemq-platform] [hivemq] [c32f8a52] INFO  - [HiveMQ Platform Operator Init App 1.7.0-SNAPSHOT] Waiting for extension ConfigMap sync (expected hash: -1493170518) (current hash: -1817869294)
2025-01-30 18:30:49,212 INFO c.h.h.t.HelmChartContainer - [test-hivemq-platform] [hivemq] [c32f8a52] INFO  - [HiveMQ Platform Operator Init App 1.7.0-SNAPSHOT] Waiting for extension ConfigMap sync (expected hash: -1493170518) (current hash: -1817869294)
2025-01-30 18:30:50,212 INFO c.h.h.t.HelmChartContainer - [test-hivemq-platform] [hivemq] [c32f8a52] INFO  - [HiveMQ Platform Operator Init App 1.7.0-SNAPSHOT] Waiting for extension ConfigMap sync (expected hash: -1493170518) (current hash: -1817869294)
2025-01-30 18:30:51,212 INFO c.h.h.t.HelmChartContainer - [test-hivemq-platform] [hivemq] [c32f8a52] INFO  - [HiveMQ Platform Operator Init App 1.7.0-SNAPSHOT] Waiting for extension ConfigMap sync (expected hash: -1493170518) (current hash: -1817869294)
2025-01-30 18:30:52,213 INFO c.h.h.t.HelmChartContainer - [test-hivemq-platform] [hivemq] [c32f8a52] INFO  - [HiveMQ Platform Operator Init App 1.7.0-SNAPSHOT] Waiting for extension ConfigMap sync (expected hash: -1493170518) (current hash: -1817869294)
2025-01-30 18:30:52,820 INFO c.h.h.t.HelmChartContainer - [hivemq-test-hivemq-platform] [hivemq-platform-operator] [b64bda9d] 18:30:52.818 [pool-6-thread-6] DEBUG c.h.p.o.d.PlatformServiceResource - [helmupgr] Desired Platform services (3 services)
2025-01-30 18:30:52,820 INFO c.h.h.t.HelmChartContainer - [hivemq-test-hivemq-platform] [hivemq-platform-operator] [b64bda9d] 18:30:52.818 [pool-6-thread-5] DEBUG c.h.p.o.d.PodServiceAccountResource - [helmupgr] Desired PodServiceAccountResource (serviceAccountName: hivemq-platform-pod-test-hivemq-platform)
2025-01-30 18:30:52,820 INFO c.h.h.t.HelmChartContainer - [hivemq-test-hivemq-platform] [hivemq-platform-operator] [b64bda9d] 18:30:52.818 [pool-6-thread-8] DEBUG c.h.p.o.dependants.PodInfoConfigMap - [helmupgr] Desired PodInfo ConfigMap (1 extensions) (0 enabled)
2025-01-30 18:30:52,821 INFO c.h.h.t.HelmChartContainer - [hivemq-test-hivemq-platform] [hivemq-platform-operator] [b64bda9d] 18:30:52.819 [pool-6-thread-8] DEBUG c.h.p.o.dependants.PodInfoConfigMap - [helmupgr] Desired PodInfo ConfigMap (metrics port: 9399) (metrics path: /)
2025-01-30 18:30:52,821 INFO c.h.h.t.HelmChartContainer - [hivemq-test-hivemq-platform] [hivemq-platform-operator] [b64bda9d] 18:30:52.819 [pool-6-thread-8] DEBUG c.h.p.o.dependants.PodInfoConfigMap - [helmupgr] Desired PodInfo ConfigMap (extension state hash: -1493170518)
2025-01-30 18:30:52,823 INFO c.h.h.t.HelmChartContainer - [hivemq-test-hivemq-platform] [hivemq-platform-operator] [b64bda9d] 18:30:52.823 [pool-6-thread-6] DEBUG c.h.p.o.d.StatefulSetResource - [helmupgr] Desired StatefulSet (1 replicas) for status RESTART_EXTENSIONS (WAIT_FOR_EXTENSION_RESTART)
2025-01-30 18:30:52,825 INFO c.h.h.t.HelmChartContainer - [hivemq-test-hivemq-platform] [hivemq-platform-operator] [b64bda9d] 18:30:52.824 [pool-6-thread-6] DEBUG c.h.p.o.u.VolumeAndVolumeMountUtil - [helmupgr] Creating volume mount for available ConfigMap 'test-bridge-configuration' of disabled extension 'hivemq-bridge-extension'
2025-01-30 18:30:52,828 INFO c.h.h.t.HelmChartContainer - [hivemq-test-hivemq-platform] [hivemq-platform-operator] [b64bda9d] 18:30:52.827 [ReconcilerExecutor-hivemq-controller-129] INFO  c.h.p.o.HiveMQPlatformReconciler - [helmupgr] Reconciling HiveMQ Platform 'test-hivemq-platform' in namespace 'helmupgradeextensionit'
2025-01-30 18:30:52,828 INFO c.h.h.t.HelmChartContainer - [hivemq-test-hivemq-platform] [hivemq-platform-operator] [b64bda9d] 18:30:52.827 [ReconcilerExecutor-hivemq-controller-129] DEBUG c.h.p.o.HiveMQPlatformReconciler - [helmupgr] Custom Resource Status RESTART_EXTENSIONS - HiveMQ Platform is waiting for extension restart (hivemq-bridge-extension) (WAIT_FOR_EXTENSION_RESTART)
2025-01-30 18:30:52,828 INFO c.h.h.t.HelmChartContainer - [hivemq-test-hivemq-platform] [hivemq-platform-operator] [b64bda9d] 18:30:52.827 [ReconcilerExecutor-hivemq-controller-129] DEBUG c.h.p.o.HiveMQPlatformReconciler - [helmupgr] Custom Resource Spec (replicas: 1) (extensions: 1)
2025-01-30 18:30:52,829 INFO c.h.h.t.HelmChartContainer - [hivemq-test-hivemq-platform] [hivemq-platform-operator] [b64bda9d] 18:30:52.828 [ReconcilerExecutor-hivemq-controller-129] DEBUG c.h.p.o.HiveMQPlatformReconciler - [helmupgr] StatefulSet Status (revision: test-hivemq-platform-5b6c7575b6, replicas: 1, available: 1, ready: 1, current: 1, updated: 1)
2025-01-30 18:30:52,829 INFO c.h.h.t.HelmChartContainer - [hivemq-test-hivemq-platform] [hivemq-platform-operator] [b64bda9d] 18:30:52.828 [ReconcilerExecutor-hivemq-controller-129] DEBUG c.h.p.o.HiveMQPlatformReconciler - [helmupgr] StatefulSet Spec (replicas: 1, init containers: 1, containers: 1, volumes: 4)
2025-01-30 18:30:52,830 INFO c.h.h.t.HelmChartContainer - [hivemq-test-hivemq-platform] [hivemq-platform-operator] [b64bda9d] 18:30:52.829 [ReconcilerExecutor-hivemq-controller-129] DEBUG c.h.p.o.h.HiveMQPlatformReconcilerErrorHandler - [helmupgr] Pod 'test-hivemq-platform-0' phase Running
2025-01-30 18:30:52,836 INFO c.h.h.t.HelmChartContainer - [hivemq-test-hivemq-platform] [hivemq-platform-operator] [b64bda9d] 18:30:52.835 [ReconcilerExecutor-hivemq-controller-129] DEBUG c.h.p.o.h.HiveMQPlatformReconcilerRestartExtensionsHandler - [helmupgr] Checking update extension status on Pod 'test-hivemq-platform-0'
2025-01-30 18:30:52,925 INFO c.h.h.t.HelmChartContainer - [test-hivemq-platform] [hivemq] [c32f8a52] INFO  - [HiveMQ Platform Operator Init App 1.7.0-SNAPSHOT] Extension update is pending (0 errors)
2025-01-30 18:30:52,928 INFO c.h.h.t.HelmChartContainer - [hivemq-test-hivemq-platform] [hivemq-platform-operator] [b64bda9d] 18:30:52.928 [vert.x-eventloop-thread-1] DEBUG c.h.platform.operator.util.PodUtil - Received status for command '[curl, -s, http://10.42.0.6:7979/updateExtensionStatus]' on Pod 'test-hivemq-platform-0' (exit code: 0)
2025-01-30 18:30:53,213 INFO c.h.h.t.HelmChartContainer - [test-hivemq-platform] [hivemq] [c32f8a52] INFO  - [HiveMQ Platform Operator Init App 1.7.0-SNAPSHOT] Waiting for extension ConfigMap sync (expected hash: -1493170518) (current hash: -1817869294)
2025-01-30 18:30:53,906 INFO c.h.h.t.HelmChartContainer - [hivemq-test-hivemq-platform] [hivemq-platform-operator] [b64bda9d] 18:30:53.903 [pool-6-thread-15] DEBUG c.h.p.o.d.PodServiceAccountResource - [helmupgr] Desired PodServiceAccountResource (serviceAccountName: hivemq-platform-pod-test-hivemq-platform)
2025-01-30 18:30:53,906 INFO c.h.h.t.HelmChartContainer - [hivemq-test-hivemq-platform] [hivemq-platform-operator] [b64bda9d] 18:30:53.903 [pool-6-thread-14] DEBUG c.h.p.o.dependants.PodInfoConfigMap - [helmupgr] Desired PodInfo ConfigMap (1 extensions) (0 enabled)
2025-01-30 18:30:53,906 INFO c.h.h.t.HelmChartContainer - [hivemq-test-hivemq-platform] [hivemq-platform-operator] [b64bda9d] 18:30:53.903 [pool-6-thread-14] DEBUG c.h.p.o.dependants.PodInfoConfigMap - [helmupgr] Desired PodInfo ConfigMap (metrics port: 9399) (metrics path: /)
2025-01-30 18:30:53,906 INFO c.h.h.t.HelmChartContainer - [hivemq-test-hivemq-platform] [hivemq-platform-operator] [b64bda9d] 18:30:53.903 [pool-6-thread-14] DEBUG c.h.p.o.dependants.PodInfoConfigMap - [helmupgr] Desired PodInfo ConfigMap (extension state hash: -1493170518)
2025-01-30 18:30:53,906 INFO c.h.h.t.HelmChartContainer - [hivemq-test-hivemq-platform] [hivemq-platform-operator] [b64bda9d] 18:30:53.903 [pool-6-thread-17] DEBUG c.h.p.o.d.PlatformServiceResource - [helmupgr] Desired Platform services (3 services)
2025-01-30 18:30:53,908 INFO c.h.h.t.HelmChartContainer - [hivemq-test-hivemq-platform] [hivemq-platform-operator] [b64bda9d] 18:30:53.907 [pool-6-thread-17] DEBUG c.h.p.o.d.StatefulSetResource - [helmupgr] Desired StatefulSet (1 replicas) for status RESTART_EXTENSIONS (WAIT_FOR_EXTENSION_RESTART)
2025-01-30 18:30:53,909 INFO c.h.h.t.HelmChartContainer - [hivemq-test-hivemq-platform] [hivemq-platform-operator] [b64bda9d] 18:30:53.908 [pool-6-thread-17] DEBUG c.h.p.o.u.VolumeAndVolumeMountUtil - [helmupgr] Creating volume mount for available ConfigMap 'test-bridge-configuration' of disabled extension 'hivemq-bridge-extension'
2025-01-30 18:30:53,911 INFO c.h.h.t.HelmChartContainer - [hivemq-test-hivemq-platform] [hivemq-platform-operator] [b64bda9d] 18:30:53.910 [ReconcilerExecutor-hivemq-controller-130] INFO  c.h.p.o.HiveMQPlatformReconciler - [helmupgr] Reconciling HiveMQ Platform 'test-hivemq-platform' in namespace 'helmupgradeextensionit'
2025-01-30 18:30:53,911 INFO c.h.h.t.HelmChartContainer - [hivemq-test-hivemq-platform] [hivemq-platform-operator] [b64bda9d] 18:30:53.910 [ReconcilerExecutor-hivemq-controller-130] DEBUG c.h.p.o.HiveMQPlatformReconciler - [helmupgr] Custom Resource Status RESTART_EXTENSIONS - HiveMQ Platform is waiting for extension restart (hivemq-bridge-extension) (WAIT_FOR_EXTENSION_RESTART)
2025-01-30 18:30:53,911 INFO c.h.h.t.HelmChartContainer - [hivemq-test-hivemq-platform] [hivemq-platform-operator] [b64bda9d] 18:30:53.910 [ReconcilerExecutor-hivemq-controller-130] DEBUG c.h.p.o.HiveMQPlatformReconciler - [helmupgr] Custom Resource Spec (replicas: 1) (extensions: 1)
2025-01-30 18:30:53,913 INFO c.h.h.t.HelmChartContainer - [hivemq-test-hivemq-platform] [hivemq-platform-operator] [b64bda9d] 18:30:53.912 [ReconcilerExecutor-hivemq-controller-130] DEBUG c.h.p.o.HiveMQPlatformReconciler - [helmupgr] StatefulSet Status (revision: test-hivemq-platform-5b6c7575b6, replicas: 1, available: 1, ready: 1, current: 1, updated: 1)
2025-01-30 18:30:53,913 INFO c.h.h.t.HelmChartContainer - [hivemq-test-hivemq-platform] [hivemq-platform-operator] [b64bda9d] 18:30:53.912 [ReconcilerExecutor-hivemq-controller-130] DEBUG c.h.p.o.HiveMQPlatformReconciler - [helmupgr] StatefulSet Spec (replicas: 1, init containers: 1, containers: 1, volumes: 4)
2025-01-30 18:30:53,915 INFO c.h.h.t.HelmChartContainer - [hivemq-test-hivemq-platform] [hivemq-platform-operator] [b64bda9d] 18:30:53.914 [ReconcilerExecutor-hivemq-controller-130] DEBUG c.h.p.o.h.HiveMQPlatformReconcilerErrorHandler - [helmupgr] Pod 'test-hivemq-platform-0' phase Running
2025-01-30 18:30:53,915 INFO c.h.h.t.HelmChartContainer - [hivemq-test-hivemq-platform] [hivemq-platform-operator] [b64bda9d] 18:30:53.915 [ReconcilerExecutor-hivemq-controller-130] INFO  c.h.p.o.h.HiveMQPlatformReconcilerRestartExtensionsHandler - [helmupgr] Extension update on Pod 'test-hivemq-platform-0' is still pending
2025-01-30 18:30:54,213 INFO c.h.h.t.HelmChartContainer - [test-hivemq-platform] [hivemq] [c32f8a52] INFO  - [HiveMQ Platform Operator Init App 1.7.0-SNAPSHOT] Waiting for extension ConfigMap sync (expected hash: -1493170518) (current hash: -1817869294)
2025-01-30 18:30:55,214 INFO c.h.h.t.HelmChartContainer - [test-hivemq-platform] [hivemq] [c32f8a52] INFO  - [HiveMQ Platform Operator Init App 1.7.0-SNAPSHOT] Waiting for extension ConfigMap sync (expected hash: -1493170518) (current hash: -1817869294)
2025-01-30 18:30:56,214 INFO c.h.h.t.HelmChartContainer - [test-hivemq-platform] [hivemq] [c32f8a52] INFO  - [HiveMQ Platform Operator Init App 1.7.0-SNAPSHOT] Waiting for extension ConfigMap sync (expected hash: -1493170518) (current hash: -1817869294)
2025-01-30 18:30:57,215 INFO c.h.h.t.HelmChartContainer - [test-hivemq-platform] [hivemq] [c32f8a52] INFO  - [HiveMQ Platform Operator Init App 1.7.0-SNAPSHOT] Waiting for extension ConfigMap sync (expected hash: -1493170518) (current hash: -1817869294)
2025-01-30 18:30:58,215 INFO c.h.h.t.HelmChartContainer - [test-hivemq-platform] [hivemq] [c32f8a52] INFO  - [HiveMQ Platform Operator Init App 1.7.0-SNAPSHOT] Waiting for extension ConfigMap sync (expected hash: -1493170518) (current hash: -1817869294)
2025-01-30 18:30:59,216 INFO c.h.h.t.HelmChartContainer - [test-hivemq-platform] [hivemq] [c32f8a52] INFO  - [HiveMQ Platform Operator Init App 1.7.0-SNAPSHOT] Waiting for extension ConfigMap sync (expected hash: -1493170518) (current hash: -1817869294)
2025-01-30 18:31:00,216 INFO c.h.h.t.HelmChartContainer - [test-hivemq-platform] [hivemq] [c32f8a52] INFO  - [HiveMQ Platform Operator Init App 1.7.0-SNAPSHOT] Waiting for extension ConfigMap sync (expected hash: -1493170518) (current hash: -1817869294)
2025-01-30 18:31:01,216 INFO c.h.h.t.HelmChartContainer - [test-hivemq-platform] [hivemq] [c32f8a52] INFO  - [HiveMQ Platform Operator Init App 1.7.0-SNAPSHOT] Waiting for extension ConfigMap sync (expected hash: -1493170518) (current hash: -1817869294)
2025-01-30 18:31:02,217 INFO c.h.h.t.HelmChartContainer - [test-hivemq-platform] [hivemq] [c32f8a52] INFO  - [HiveMQ Platform Operator Init App 1.7.0-SNAPSHOT] Waiting for extension ConfigMap sync (expected hash: -1493170518) (current hash: -1817869294)
2025-01-30 18:31:03,217 INFO c.h.h.t.HelmChartContainer - [test-hivemq-platform] [hivemq] [c32f8a52] INFO  - [HiveMQ Platform Operator Init App 1.7.0-SNAPSHOT] Waiting for extension ConfigMap sync (expected hash: -1493170518) (current hash: -1817869294)
2025-01-30 18:31:03,920 INFO c.h.h.t.HelmChartContainer - [hivemq-test-hivemq-platform] [hivemq-platform-operator] [b64bda9d] 18:31:03.918 [pool-6-thread-29] DEBUG c.h.p.o.d.PodServiceAccountResource - [helmupgr] Desired PodServiceAccountResource (serviceAccountName: hivemq-platform-pod-test-hivemq-platform)
2025-01-30 18:31:03,920 INFO c.h.h.t.HelmChartContainer - [hivemq-test-hivemq-platform] [hivemq-platform-operator] [b64bda9d] 18:31:03.918 [pool-6-thread-21] DEBUG c.h.p.o.dependants.PodInfoConfigMap - [helmupgr] Desired PodInfo ConfigMap (1 extensions) (0 enabled)
2025-01-30 18:31:03,920 INFO c.h.h.t.HelmChartContainer - [hivemq-test-hivemq-platform] [hivemq-platform-operator] [b64bda9d] 18:31:03.918 [pool-6-thread-21] DEBUG c.h.p.o.dependants.PodInfoConfigMap - [helmupgr] Desired PodInfo ConfigMap (metrics port: 9399) (metrics path: /)
2025-01-30 18:31:03,920 INFO c.h.h.t.HelmChartContainer - [hivemq-test-hivemq-platform] [hivemq-platform-operator] [b64bda9d] 18:31:03.918 [pool-6-thread-21] DEBUG c.h.p.o.dependants.PodInfoConfigMap - [helmupgr] Desired PodInfo ConfigMap (extension state hash: -1493170518)
2025-01-30 18:31:03,920 INFO c.h.h.t.HelmChartContainer - [hivemq-test-hivemq-platform] [hivemq-platform-operator] [b64bda9d] 18:31:03.919 [pool-6-thread-25] DEBUG c.h.p.o.d.PlatformServiceResource - [helmupgr] Desired Platform services (3 services)
2025-01-30 18:31:03,922 INFO c.h.h.t.HelmChartContainer - [hivemq-test-hivemq-platform] [hivemq-platform-operator] [b64bda9d] 18:31:03.922 [pool-6-thread-25] DEBUG c.h.p.o.d.StatefulSetResource - [helmupgr] Desired StatefulSet (1 replicas) for status RESTART_EXTENSIONS (WAIT_FOR_EXTENSION_RESTART)
2025-01-30 18:31:03,924 INFO c.h.h.t.HelmChartContainer - [hivemq-test-hivemq-platform] [hivemq-platform-operator] [b64bda9d] 18:31:03.923 [pool-6-thread-25] DEBUG c.h.p.o.u.VolumeAndVolumeMountUtil - [helmupgr] Creating volume mount for available ConfigMap 'test-bridge-configuration' of disabled extension 'hivemq-bridge-extension'
2025-01-30 18:31:03,926 INFO c.h.h.t.HelmChartContainer - [hivemq-test-hivemq-platform] [hivemq-platform-operator] [b64bda9d] 18:31:03.925 [ReconcilerExecutor-hivemq-controller-131] INFO  c.h.p.o.HiveMQPlatformReconciler - [helmupgr] Reconciling HiveMQ Platform 'test-hivemq-platform' in namespace 'helmupgradeextensionit'
2025-01-30 18:31:03,926 INFO c.h.h.t.HelmChartContainer - [hivemq-test-hivemq-platform] [hivemq-platform-operator] [b64bda9d] 18:31:03.925 [ReconcilerExecutor-hivemq-controller-131] DEBUG c.h.p.o.HiveMQPlatformReconciler - [helmupgr] Custom Resource Status RESTART_EXTENSIONS - HiveMQ Platform is waiting for extension restart (hivemq-bridge-extension) (WAIT_FOR_EXTENSION_RESTART)
2025-01-30 18:31:03,926 INFO c.h.h.t.HelmChartContainer - [hivemq-test-hivemq-platform] [hivemq-platform-operator] [b64bda9d] 18:31:03.925 [ReconcilerExecutor-hivemq-controller-131] DEBUG c.h.p.o.HiveMQPlatformReconciler - [helmupgr] Custom Resource Spec (replicas: 1) (extensions: 1)
2025-01-30 18:31:03,927 INFO c.h.h.t.HelmChartContainer - [hivemq-test-hivemq-platform] [hivemq-platform-operator] [b64bda9d] 18:31:03.926 [ReconcilerExecutor-hivemq-controller-131] DEBUG c.h.p.o.HiveMQPlatformReconciler - [helmupgr] StatefulSet Status (revision: test-hivemq-platform-5b6c7575b6, replicas: 1, available: 1, ready: 1, current: 1, updated: 1)
2025-01-30 18:31:03,927 INFO c.h.h.t.HelmChartContainer - [hivemq-test-hivemq-platform] [hivemq-platform-operator] [b64bda9d] 18:31:03.926 [ReconcilerExecutor-hivemq-controller-131] DEBUG c.h.p.o.HiveMQPlatformReconciler - [helmupgr] StatefulSet Spec (replicas: 1, init containers: 1, containers: 1, volumes: 4)
2025-01-30 18:31:03,928 INFO c.h.h.t.HelmChartContainer - [hivemq-test-hivemq-platform] [hivemq-platform-operator] [b64bda9d] 18:31:03.927 [ReconcilerExecutor-hivemq-controller-131] DEBUG c.h.p.o.h.HiveMQPlatformReconcilerErrorHandler - [helmupgr] Pod 'test-hivemq-platform-0' phase Running
2025-01-30 18:31:03,934 INFO c.h.h.t.HelmChartContainer - [hivemq-test-hivemq-platform] [hivemq-platform-operator] [b64bda9d] 18:31:03.933 [ReconcilerExecutor-hivemq-controller-131] DEBUG c.h.p.o.h.HiveMQPlatformReconcilerRestartExtensionsHandler - [helmupgr] Checking update extension status on Pod 'test-hivemq-platform-0'
2025-01-30 18:31:04,025 INFO c.h.h.t.HelmChartContainer - [test-hivemq-platform] [hivemq] [c32f8a52] INFO  - [HiveMQ Platform Operator Init App 1.7.0-SNAPSHOT] Extension update is pending (0 errors)
2025-01-30 18:31:04,088 INFO c.h.h.t.HelmChartContainer - [hivemq-test-hivemq-platform] [hivemq-platform-operator] [b64bda9d] 18:31:04.088 [vert.x-eventloop-thread-0] DEBUG c.h.platform.operator.util.PodUtil - Received status for command '[curl, -s, http://10.42.0.6:7979/updateExtensionStatus]' on Pod 'test-hivemq-platform-0' (exit code: 0)
2025-01-30 18:31:04,218 INFO c.h.h.t.HelmChartContainer - [test-hivemq-platform] [hivemq] [c32f8a52] INFO  - [HiveMQ Platform Operator Init App 1.7.0-SNAPSHOT] Waiting for extension ConfigMap sync (expected hash: -1493170518) (current hash: -1817869294)
2025-01-30 18:31:05,005 INFO c.h.h.t.HelmChartContainer - [hivemq-test-hivemq-platform] [hivemq-platform-operator] [b64bda9d] 18:31:05.002 [pool-6-thread-39] DEBUG c.h.p.o.d.PlatformServiceResource - [helmupgr] Desired Platform services (3 services)
2025-01-30 18:31:05,005 INFO c.h.h.t.HelmChartContainer - [hivemq-test-hivemq-platform] [hivemq-platform-operator] [b64bda9d] 18:31:05.002 [pool-6-thread-38] DEBUG c.h.p.o.d.PodServiceAccountResource - [helmupgr] Desired PodServiceAccountResource (serviceAccountName: hivemq-platform-pod-test-hivemq-platform)
2025-01-30 18:31:05,005 INFO c.h.h.t.HelmChartContainer - [hivemq-test-hivemq-platform] [hivemq-platform-operator] [b64bda9d] 18:31:05.002 [pool-6-thread-31] DEBUG c.h.p.o.dependants.PodInfoConfigMap - [helmupgr] Desired PodInfo ConfigMap (1 extensions) (0 enabled)
2025-01-30 18:31:05,005 INFO c.h.h.t.HelmChartContainer - [hivemq-test-hivemq-platform] [hivemq-platform-operator] [b64bda9d] 18:31:05.002 [pool-6-thread-31] DEBUG c.h.p.o.dependants.PodInfoConfigMap - [helmupgr] Desired PodInfo ConfigMap (metrics port: 9399) (metrics path: /)
2025-01-30 18:31:05,005 INFO c.h.h.t.HelmChartContainer - [hivemq-test-hivemq-platform] [hivemq-platform-operator] [b64bda9d] 18:31:05.002 [pool-6-thread-31] DEBUG c.h.p.o.dependants.PodInfoConfigMap - [helmupgr] Desired PodInfo ConfigMap (extension state hash: -1493170518)
2025-01-30 18:31:05,006 INFO c.h.h.t.HelmChartContainer - [hivemq-test-hivemq-platform] [hivemq-platform-operator] [b64bda9d] 18:31:05.005 [pool-6-thread-39] DEBUG c.h.p.o.d.StatefulSetResource - [helmupgr] Desired StatefulSet (1 replicas) for status RESTART_EXTENSIONS (WAIT_FOR_EXTENSION_RESTART)
2025-01-30 18:31:05,007 INFO c.h.h.t.HelmChartContainer - [hivemq-test-hivemq-platform] [hivemq-platform-operator] [b64bda9d] 18:31:05.007 [pool-6-thread-39] DEBUG c.h.p.o.u.VolumeAndVolumeMountUtil - [helmupgr] Creating volume mount for available ConfigMap 'test-bridge-configuration' of disabled extension 'hivemq-bridge-extension'
2025-01-30 18:31:05,010 INFO c.h.h.t.HelmChartContainer - [hivemq-test-hivemq-platform] [hivemq-platform-operator] [b64bda9d] 18:31:05.009 [ReconcilerExecutor-hivemq-controller-132] INFO  c.h.p.o.HiveMQPlatformReconciler - [helmupgr] Reconciling HiveMQ Platform 'test-hivemq-platform' in namespace 'helmupgradeextensionit'
2025-01-30 18:31:05,010 INFO c.h.h.t.HelmChartContainer - [hivemq-test-hivemq-platform] [hivemq-platform-operator] [b64bda9d] 18:31:05.009 [ReconcilerExecutor-hivemq-controller-132] DEBUG c.h.p.o.HiveMQPlatformReconciler - [helmupgr] Custom Resource Status RESTART_EXTENSIONS - HiveMQ Platform is waiting for extension restart (hivemq-bridge-extension) (WAIT_FOR_EXTENSION_RESTART)
2025-01-30 18:31:05,010 INFO c.h.h.t.HelmChartContainer - [hivemq-test-hivemq-platform] [hivemq-platform-operator] [b64bda9d] 18:31:05.009 [ReconcilerExecutor-hivemq-controller-132] DEBUG c.h.p.o.HiveMQPlatformReconciler - [helmupgr] Custom Resource Spec (replicas: 1) (extensions: 1)
2025-01-30 18:31:05,011 INFO c.h.h.t.HelmChartContainer - [hivemq-test-hivemq-platform] [hivemq-platform-operator] [b64bda9d] 18:31:05.010 [ReconcilerExecutor-hivemq-controller-132] DEBUG c.h.p.o.HiveMQPlatformReconciler - [helmupgr] StatefulSet Status (revision: test-hivemq-platform-5b6c7575b6, replicas: 1, available: 1, ready: 1, current: 1, updated: 1)
2025-01-30 18:31:05,011 INFO c.h.h.t.HelmChartContainer - [hivemq-test-hivemq-platform] [hivemq-platform-operator] [b64bda9d] 18:31:05.010 [ReconcilerExecutor-hivemq-controller-132] DEBUG c.h.p.o.HiveMQPlatformReconciler - [helmupgr] StatefulSet Spec (replicas: 1, init containers: 1, containers: 1, volumes: 4)
2025-01-30 18:31:05,012 INFO c.h.h.t.HelmChartContainer - [hivemq-test-hivemq-platform] [hivemq-platform-operator] [b64bda9d] 18:31:05.011 [ReconcilerExecutor-hivemq-controller-132] DEBUG c.h.p.o.h.HiveMQPlatformReconcilerErrorHandler - [helmupgr] Pod 'test-hivemq-platform-0' phase Running
2025-01-30 18:31:05,012 INFO c.h.h.t.HelmChartContainer - [hivemq-test-hivemq-platform] [hivemq-platform-operator] [b64bda9d] 18:31:05.012 [ReconcilerExecutor-hivemq-controller-132] INFO  c.h.p.o.h.HiveMQPlatformReconcilerRestartExtensionsHandler - [helmupgr] Extension update on Pod 'test-hivemq-platform-0' is still pending
2025-01-30 18:31:05,218 INFO c.h.h.t.HelmChartContainer - [test-hivemq-platform] [hivemq] [c32f8a52] INFO  - [HiveMQ Platform Operator Init App 1.7.0-SNAPSHOT] Waiting for extension ConfigMap sync (expected hash: -1493170518) (current hash: -1817869294)
2025-01-30 18:31:06,219 INFO c.h.h.t.HelmChartContainer - [test-hivemq-platform] [hivemq] [c32f8a52] INFO  - [HiveMQ Platform Operator Init App 1.7.0-SNAPSHOT] Waiting for extension ConfigMap sync (expected hash: -1493170518) (current hash: -1817869294)
2025-01-30 18:31:07,219 INFO c.h.h.t.HelmChartContainer - [test-hivemq-platform] [hivemq] [c32f8a52] INFO  - [HiveMQ Platform Operator Init App 1.7.0-SNAPSHOT] Waiting for extension ConfigMap sync (expected hash: -1493170518) (current hash: -1817869294)
2025-01-30 18:31:08,219 INFO c.h.h.t.HelmChartContainer - [test-hivemq-platform] [hivemq] [c32f8a52] INFO  - [HiveMQ Platform Operator Init App 1.7.0-SNAPSHOT] Waiting for extension ConfigMap sync (expected hash: -1493170518) (current hash: -1817869294)
2025-01-30 18:31:09,220 INFO c.h.h.t.HelmChartContainer - [test-hivemq-platform] [hivemq] [c32f8a52] INFO  - [HiveMQ Platform Operator Init App 1.7.0-SNAPSHOT] Waiting for extension ConfigMap sync (expected hash: -1493170518) (current hash: -1493170518)
2025-01-30 18:31:09,221 INFO c.h.h.t.HelmChartContainer - [test-hivemq-platform] [hivemq] [c32f8a52] INFO  - [HiveMQ Platform Operator Init App 1.7.0-SNAPSHOT] Updating HiveMQ Platform extension: hivemq-bridge-extension
2025-01-30 18:31:09,221 INFO c.h.h.t.HelmChartContainer - [test-hivemq-platform] [hivemq] [c32f8a52] INFO  - [HiveMQ Platform Operator Init App 1.7.0-SNAPSHOT] Stopping preinstalled extension hivemq-bridge-extension
2025-01-30 18:31:09,224 INFO c.h.h.t.HelmChartContainer - [test-hivemq-platform] [hivemq] [c32f8a52] INFO  - [HiveMQ Platform Operator Init App 1.7.0-SNAPSHOT] Successfully disabled extension hivemq-bridge-extension
2025-01-30 18:31:09,313 INFO c.h.h.t.HelmChartContainer - [test-hivemq-platform] [hivemq] [c32f8a52] INFO  - [HiveMQ Platform Operator Init App 1.7.0-SNAPSHOT] Waiting for extension hivemq-bridge-extension to stop
2025-01-30 18:31:09,406 INFO c.h.h.t.HelmChartContainer - [test-hivemq-platform] [hivemq] [c32f8a52] INFO  - Stopping extension with id hivemq-bridge-extension
2025-01-30 18:31:09,409 INFO c.h.h.t.HelmChartContainer - [test-hivemq-platform] [hivemq] [c32f8a52] INFO  - Bridge Extension: Stopping extension
2025-01-30 18:31:09,418 INFO c.h.h.t.HelmChartContainer - [test-hivemq-platform] [hivemq] [c32f8a52] ERROR - Bridge Extension: Error when disconnecting client "testbridge-0-815f38e6-37c3-43e7-9d12-b92c986e3a80". Reason: MQTT client is not connected.
2025-01-30 18:31:09,418 INFO c.h.h.t.HelmChartContainer - [test-hivemq-platform] [hivemq] [c32f8a52] ERROR - Bridge Extension: Error when disconnecting client "testbridge-1-815f38e6-37c3-43e7-9d12-b92c986e3a80". Reason: MQTT client is not connected.
2025-01-30 18:31:09,419 INFO c.h.h.t.HelmChartContainer - [test-hivemq-platform] [hivemq] [c32f8a52] INFO  - Extension "HiveMQ Enterprise Bridge Extension" version 4.36.0 stopped successfully.
2025-01-30 18:31:09,419 INFO c.h.h.testcontainer.LogWaiterUtil - TEST Found log pattern on 'test-hivemq-platform-0': .*Extension "HiveMQ Enterprise Bridge Extension" version .* stopped successfully.
2025-01-30 18:31:09,909 INFO c.h.h.t.HelmChartContainer - [test-hivemq-platform] [hivemq] [c32f8a52] INFO  - [HiveMQ Platform Operator Init App 1.7.0-SNAPSHOT] Successfully stopped extension hivemq-bridge-extension
2025-01-30 18:31:09,909 INFO c.h.h.testcontainer.LogWaiterUtil - TEST Found log pattern on 'test-hivemq-platform-0': .*\[HiveMQ Platform Operator Init App [A-Z0-9.-]+\] Successfully stopped extension hivemq-bridge-extension
2025-01-30 18:31:15,017 INFO c.h.h.t.HelmChartContainer - [hivemq-test-hivemq-platform] [hivemq-platform-operator] [b64bda9d] 18:31:15.014 [pool-6-thread-49] DEBUG c.h.p.o.d.PlatformServiceResource - [helmupgr] Desired Platform services (3 services)
2025-01-30 18:31:15,017 INFO c.h.h.t.HelmChartContainer - [hivemq-test-hivemq-platform] [hivemq-platform-operator] [b64bda9d] 18:31:15.015 [pool-6-thread-47] DEBUG c.h.p.o.dependants.PodInfoConfigMap - [helmupgr] Desired PodInfo ConfigMap (1 extensions) (0 enabled)
2025-01-30 18:31:15,018 INFO c.h.h.t.HelmChartContainer - [hivemq-test-hivemq-platform] [hivemq-platform-operator] [b64bda9d] 18:31:15.015 [pool-6-thread-47] DEBUG c.h.p.o.dependants.PodInfoConfigMap - [helmupgr] Desired PodInfo ConfigMap (metrics port: 9399) (metrics path: /)
2025-01-30 18:31:15,018 INFO c.h.h.t.HelmChartContainer - [hivemq-test-hivemq-platform] [hivemq-platform-operator] [b64bda9d] 18:31:15.015 [pool-6-thread-47] DEBUG c.h.p.o.dependants.PodInfoConfigMap - [helmupgr] Desired PodInfo ConfigMap (extension state hash: -1493170518)
2025-01-30 18:31:15,018 INFO c.h.h.t.HelmChartContainer - [hivemq-test-hivemq-platform] [hivemq-platform-operator] [b64bda9d] 18:31:15.016 [pool-6-thread-41] DEBUG c.h.p.o.d.PodServiceAccountResource - [helmupgr] Desired PodServiceAccountResource (serviceAccountName: hivemq-platform-pod-test-hivemq-platform)
2025-01-30 18:31:15,020 INFO c.h.h.t.HelmChartContainer - [hivemq-test-hivemq-platform] [hivemq-platform-operator] [b64bda9d] 18:31:15.019 [pool-6-thread-44] DEBUG c.h.p.o.d.StatefulSetResource - [helmupgr] Desired StatefulSet (1 replicas) for status RESTART_EXTENSIONS (WAIT_FOR_EXTENSION_RESTART)
2025-01-30 18:31:15,021 INFO c.h.h.t.HelmChartContainer - [hivemq-test-hivemq-platform] [hivemq-platform-operator] [b64bda9d] 18:31:15.020 [pool-6-thread-44] DEBUG c.h.p.o.u.VolumeAndVolumeMountUtil - [helmupgr] Creating volume mount for available ConfigMap 'test-bridge-configuration' of disabled extension 'hivemq-bridge-extension'
2025-01-30 18:31:15,023 INFO c.h.h.t.HelmChartContainer - [hivemq-test-hivemq-platform] [hivemq-platform-operator] [b64bda9d] 18:31:15.022 [ReconcilerExecutor-hivemq-controller-133] INFO  c.h.p.o.HiveMQPlatformReconciler - [helmupgr] Reconciling HiveMQ Platform 'test-hivemq-platform' in namespace 'helmupgradeextensionit'
2025-01-30 18:31:15,023 INFO c.h.h.t.HelmChartContainer - [hivemq-test-hivemq-platform] [hivemq-platform-operator] [b64bda9d] 18:31:15.022 [ReconcilerExecutor-hivemq-controller-133] DEBUG c.h.p.o.HiveMQPlatformReconciler - [helmupgr] Custom Resource Status RESTART_EXTENSIONS - HiveMQ Platform is waiting for extension restart (hivemq-bridge-extension) (WAIT_FOR_EXTENSION_RESTART)
2025-01-30 18:31:15,023 INFO c.h.h.t.HelmChartContainer - [hivemq-test-hivemq-platform] [hivemq-platform-operator] [b64bda9d] 18:31:15.022 [ReconcilerExecutor-hivemq-controller-133] DEBUG c.h.p.o.HiveMQPlatformReconciler - [helmupgr] Custom Resource Spec (replicas: 1) (extensions: 1)
2025-01-30 18:31:15,027 INFO c.h.h.t.HelmChartContainer - [hivemq-test-hivemq-platform] [hivemq-platform-operator] [b64bda9d] 18:31:15.024 [ReconcilerExecutor-hivemq-controller-133] DEBUG c.h.p.o.HiveMQPlatformReconciler - [helmupgr] StatefulSet Status (revision: test-hivemq-platform-5b6c7575b6, replicas: 1, available: 1, ready: 1, current: 1, updated: 1)
2025-01-30 18:31:15,027 INFO c.h.h.t.HelmChartContainer - [hivemq-test-hivemq-platform] [hivemq-platform-operator] [b64bda9d] 18:31:15.024 [ReconcilerExecutor-hivemq-controller-133] DEBUG c.h.p.o.HiveMQPlatformReconciler - [helmupgr] StatefulSet Spec (replicas: 1, init containers: 1, containers: 1, volumes: 4)
2025-01-30 18:31:15,027 INFO c.h.h.t.HelmChartContainer - [hivemq-test-hivemq-platform] [hivemq-platform-operator] [b64bda9d] 18:31:15.025 [ReconcilerExecutor-hivemq-controller-133] DEBUG c.h.p.o.h.HiveMQPlatformReconcilerErrorHandler - [helmupgr] Pod 'test-hivemq-platform-0' phase Running
2025-01-30 18:31:15,033 INFO c.h.h.t.HelmChartContainer - [hivemq-test-hivemq-platform] [hivemq-platform-operator] [b64bda9d] 18:31:15.032 [ReconcilerExecutor-hivemq-controller-133] DEBUG c.h.p.o.h.HiveMQPlatformReconcilerRestartExtensionsHandler - [helmupgr] Checking update extension status on Pod 'test-hivemq-platform-0'
2025-01-30 18:31:15,128 INFO c.h.h.t.HelmChartContainer - [test-hivemq-platform] [hivemq] [c32f8a52] INFO  - [HiveMQ Platform Operator Init App 1.7.0-SNAPSHOT] Extension update is done (0 errors)
2025-01-30 18:31:15,129 INFO c.h.h.testcontainer.LogWaiterUtil - TEST Found log pattern on 'test-hivemq-platform-0': .*\[HiveMQ Platform Operator Init App [A-Z0-9.-]+\] Extension update is done \(0 errors\)
2025-01-30 18:31:15,132 INFO c.h.h.t.HelmChartContainer - [hivemq-test-hivemq-platform] [hivemq-platform-operator] [b64bda9d] 18:31:15.131 [vert.x-eventloop-thread-1] DEBUG c.h.platform.operator.util.PodUtil - Received status for command '[curl, -s, http://10.42.0.6:7979/updateExtensionStatus]' on Pod 'test-hivemq-platform-0' (exit code: 0)
2025-01-30 18:31:16,110 INFO c.h.h.t.HelmChartContainer - [hivemq-test-hivemq-platform] [hivemq-platform-operator] [b64bda9d] 18:31:16.107 [pool-6-thread-3] DEBUG c.h.p.o.d.PlatformServiceResource - [helmupgr] Desired Platform services (3 services)
2025-01-30 18:31:16,110 INFO c.h.h.t.HelmChartContainer - [hivemq-test-hivemq-platform] [hivemq-platform-operator] [b64bda9d] 18:31:16.108 [pool-6-thread-1] DEBUG c.h.p.o.dependants.PodInfoConfigMap - [helmupgr] Desired PodInfo ConfigMap (1 extensions) (0 enabled)
2025-01-30 18:31:16,110 INFO c.h.h.t.HelmChartContainer - [hivemq-test-hivemq-platform] [hivemq-platform-operator] [b64bda9d] 18:31:16.108 [pool-6-thread-1] DEBUG c.h.p.o.dependants.PodInfoConfigMap - [helmupgr] Desired PodInfo ConfigMap (metrics port: 9399) (metrics path: /)
2025-01-30 18:31:16,110 INFO c.h.h.t.HelmChartContainer - [hivemq-test-hivemq-platform] [hivemq-platform-operator] [b64bda9d] 18:31:16.108 [pool-6-thread-1] DEBUG c.h.p.o.dependants.PodInfoConfigMap - [helmupgr] Desired PodInfo ConfigMap (extension state hash: -1493170518)
2025-01-30 18:31:16,110 INFO c.h.h.t.HelmChartContainer - [hivemq-test-hivemq-platform] [hivemq-platform-operator] [b64bda9d] 18:31:16.109 [pool-6-thread-9] DEBUG c.h.p.o.d.PodServiceAccountResource - [helmupgr] Desired PodServiceAccountResource (serviceAccountName: hivemq-platform-pod-test-hivemq-platform)
2025-01-30 18:31:16,113 INFO c.h.h.t.HelmChartContainer - [hivemq-test-hivemq-platform] [hivemq-platform-operator] [b64bda9d] 18:31:16.112 [pool-6-thread-3] DEBUG c.h.p.o.d.StatefulSetResource - [helmupgr] Desired StatefulSet (1 replicas) for status RESTART_EXTENSIONS (WAIT_FOR_EXTENSION_RESTART)
2025-01-30 18:31:16,114 INFO c.h.h.t.HelmChartContainer - [hivemq-test-hivemq-platform] [hivemq-platform-operator] [b64bda9d] 18:31:16.113 [pool-6-thread-3] DEBUG c.h.p.o.u.VolumeAndVolumeMountUtil - [helmupgr] Creating volume mount for available ConfigMap 'test-bridge-configuration' of disabled extension 'hivemq-bridge-extension'
2025-01-30 18:31:16,116 INFO c.h.h.t.HelmChartContainer - [hivemq-test-hivemq-platform] [hivemq-platform-operator] [b64bda9d] 18:31:16.115 [ReconcilerExecutor-hivemq-controller-134] INFO  c.h.p.o.HiveMQPlatformReconciler - [helmupgr] Reconciling HiveMQ Platform 'test-hivemq-platform' in namespace 'helmupgradeextensionit'
2025-01-30 18:31:16,116 INFO c.h.h.t.HelmChartContainer - [hivemq-test-hivemq-platform] [hivemq-platform-operator] [b64bda9d] 18:31:16.115 [ReconcilerExecutor-hivemq-controller-134] DEBUG c.h.p.o.HiveMQPlatformReconciler - [helmupgr] Custom Resource Status RESTART_EXTENSIONS - HiveMQ Platform is waiting for extension restart (hivemq-bridge-extension) (WAIT_FOR_EXTENSION_RESTART)
2025-01-30 18:31:16,116 INFO c.h.h.t.HelmChartContainer - [hivemq-test-hivemq-platform] [hivemq-platform-operator] [b64bda9d] 18:31:16.115 [ReconcilerExecutor-hivemq-controller-134] DEBUG c.h.p.o.HiveMQPlatformReconciler - [helmupgr] Custom Resource Spec (replicas: 1) (extensions: 1)
2025-01-30 18:31:16,117 INFO c.h.h.t.HelmChartContainer - [hivemq-test-hivemq-platform] [hivemq-platform-operator] [b64bda9d] 18:31:16.116 [ReconcilerExecutor-hivemq-controller-134] DEBUG c.h.p.o.HiveMQPlatformReconciler - [helmupgr] StatefulSet Status (revision: test-hivemq-platform-5b6c7575b6, replicas: 1, available: 1, ready: 1, current: 1, updated: 1)
2025-01-30 18:31:16,118 INFO c.h.h.t.HelmChartContainer - [hivemq-test-hivemq-platform] [hivemq-platform-operator] [b64bda9d] 18:31:16.116 [ReconcilerExecutor-hivemq-controller-134] DEBUG c.h.p.o.HiveMQPlatformReconciler - [helmupgr] StatefulSet Spec (replicas: 1, init containers: 1, containers: 1, volumes: 4)
2025-01-30 18:31:16,119 INFO c.h.h.t.HelmChartContainer - [hivemq-test-hivemq-platform] [hivemq-platform-operator] [b64bda9d] 18:31:16.118 [ReconcilerExecutor-hivemq-controller-134] DEBUG c.h.p.o.h.HiveMQPlatformReconcilerErrorHandler - [helmupgr] Pod 'test-hivemq-platform-0' phase Running
2025-01-30 18:31:16,120 INFO c.h.h.t.HelmChartContainer - [hivemq-test-hivemq-platform] [hivemq-platform-operator] [b64bda9d] 18:31:16.119 [ReconcilerExecutor-hivemq-controller-134] INFO  c.h.p.o.h.HiveMQPlatformReconcilerRestartExtensionsHandler - [helmupgr] Successfully updated extensions on all Pods
2025-01-30 18:31:16,129 INFO c.h.h.t.HelmChartContainer - [EVENT] Normal [Ready] HiveMQ Platform is ready [helmupgradeextensionit:test-hivemq-platform]
2025-01-30 18:31:16,129 INFO c.h.h.t.HelmChartContainer - [hivemq-test-hivemq-platform] [hivemq-platform-operator] [b64bda9d] 18:31:16.128 [ReconcilerExecutor-hivemq-controller-134] DEBUG c.h.p.operator.event.EventSender - [helmupgr] Updating K8s event hivemq-platform-ready: [Ready] HiveMQ Platform is ready
2025-01-30 18:31:16,129 INFO c.h.h.t.HelmChartContainer - [hivemq-test-hivemq-platform] [hivemq-platform-operator] [b64bda9d] 18:31:16.128 [ReconcilerExecutor-hivemq-controller-134] INFO  c.h.p.o.h.AbstractHiveMQReconcilerStateHandler - [helmupgr] Update HiveMQ Platform Status (RESTART_EXTENSIONS [WAIT_FOR_EXTENSION_RESTART] -> RUNNING [READY]): HiveMQ Platform is ready
2025-01-30 18:31:16,194 DEBUG com.hivemq.helmcharts.util.K8sUtil - Comparing actual state 'RUNNING' and waiting for 'RUNNING'
2025-01-30 18:31:22,203 INFO c.h.h.t.HelmChartContainer - Uninstalling release 'test-hivemq-platform' in namespace 'helmupgradeextensionit'...
2025-01-30 18:31:22,203 DEBUG c.h.h.t.HelmChartContainer - Executing helm command: /bin/helm --kubeconfig /etc/rancher/k3s/k3s.yaml uninstall test-hivemq-platform  --wait --timeout 5m0s --cascade foreground --namespace helmupgradeextensionit
2025-01-30 18:31:22,434 INFO c.h.h.t.HelmChartContainer - [hivemq-test-hivemq-platform] [hivemq-platform-operator] [b64bda9d] 18:31:22.420 [pool-6-thread-15] DEBUG c.h.p.o.d.PlatformServiceResource - [helmupgr] Desired Platform services (3 services)
2025-01-30 18:31:22,434 INFO c.h.h.t.HelmChartContainer - [hivemq-test-hivemq-platform] [hivemq-platform-operator] [b64bda9d] 18:31:22.425 [pool-6-thread-18] DEBUG c.h.p.o.d.PodServiceAccountResource - [helmupgr] Desired PodServiceAccountResource (serviceAccountName: hivemq-platform-pod-test-hivemq-platform)
2025-01-30 18:31:22,438 INFO c.h.h.t.HelmChartContainer - [hivemq-test-hivemq-platform] [hivemq-platform-operator] [b64bda9d] 18:31:22.421 [pool-6-thread-14] DEBUG c.h.p.o.dependants.PodInfoConfigMap - [helmupgr] Desired PodInfo ConfigMap (1 extensions) (0 enabled)
2025-01-30 18:31:22,438 INFO c.h.h.t.HelmChartContainer - [hivemq-test-hivemq-platform] [hivemq-platform-operator] [b64bda9d] 18:31:22.431 [pool-6-thread-14] DEBUG c.h.p.o.dependants.PodInfoConfigMap - [helmupgr] Desired PodInfo ConfigMap (metrics port: 9399) (metrics path: /)
2025-01-30 18:31:22,438 INFO c.h.h.t.HelmChartContainer - [hivemq-test-hivemq-platform] [hivemq-platform-operator] [b64bda9d] 18:31:22.431 [pool-6-thread-14] DEBUG c.h.p.o.dependants.PodInfoConfigMap - [helmupgr] Desired PodInfo ConfigMap (extension state hash: -1493170518)
2025-01-30 18:31:22,438 INFO c.h.h.t.HelmChartContainer - [hivemq-test-hivemq-platform] [hivemq-platform-operator] [b64bda9d] 18:31:22.431 [pool-6-thread-14] DEBUG c.h.p.o.dependants.PodInfoConfigMap - [helmupgr] Update PodInfo ConfigMap
2025-01-30 18:31:22,495 INFO c.h.h.t.HelmChartContainer - [hivemq-test-hivemq-platform] [hivemq-platform-operator] [b64bda9d] 18:31:22.492 [pool-6-thread-14] DEBUG c.h.p.o.d.StatefulSetResource - [helmupgr] Desired StatefulSet (1 replicas) for status RUNNING (READY)
2025-01-30 18:31:22,497 INFO c.h.h.t.HelmChartContainer - [hivemq-test-hivemq-platform] [hivemq-platform-operator] [b64bda9d] 18:31:22.494 [pool-6-thread-14] DEBUG c.h.p.o.u.VolumeAndVolumeMountUtil - [helmupgr] Creating volume mount for available ConfigMap 'test-bridge-configuration' of disabled extension 'hivemq-bridge-extension'
2025-01-30 18:31:22,501 INFO c.h.h.t.HelmChartContainer - [hivemq-test-hivemq-platform] [hivemq-platform-operator] [b64bda9d] 18:31:22.500 [ReconcilerExecutor-hivemq-controller-136] INFO  c.h.p.o.HiveMQPlatformReconciler - [helmupgr] Reconciling HiveMQ Platform 'test-hivemq-platform' in namespace 'helmupgradeextensionit'
2025-01-30 18:31:22,505 INFO c.h.h.t.HelmChartContainer - [hivemq-test-hivemq-platform] [hivemq-platform-operator] [b64bda9d] 18:31:22.501 [ReconcilerExecutor-hivemq-controller-136] DEBUG c.h.p.o.HiveMQPlatformReconciler - [helmupgr] Custom Resource Status RUNNING - HiveMQ Platform is ready (READY)
2025-01-30 18:31:22,505 INFO c.h.h.t.HelmChartContainer - [hivemq-test-hivemq-platform] [hivemq-platform-operator] [b64bda9d] 18:31:22.501 [ReconcilerExecutor-hivemq-controller-136] DEBUG c.h.p.o.HiveMQPlatformReconciler - [helmupgr] Custom Resource Spec (replicas: 1) (extensions: 1)
2025-01-30 18:31:22,507 INFO c.h.h.t.HelmChartContainer - [hivemq-test-hivemq-platform] [hivemq-platform-operator] [b64bda9d] 18:31:22.506 [ReconcilerExecutor-hivemq-controller-136] DEBUG c.h.p.o.HiveMQPlatformReconciler - [helmupgr] StatefulSet Status (revision: test-hivemq-platform-5b6c7575b6, replicas: 1, available: 1, ready: 1, current: 1, updated: 1)
2025-01-30 18:31:22,507 INFO c.h.h.t.HelmChartContainer - [hivemq-test-hivemq-platform] [hivemq-platform-operator] [b64bda9d] 18:31:22.506 [ReconcilerExecutor-hivemq-controller-136] DEBUG c.h.p.o.HiveMQPlatformReconciler - [helmupgr] StatefulSet Spec (replicas: 1, init containers: 1, containers: 1, volumes: 4)
2025-01-30 18:31:22,509 INFO c.h.h.t.HelmChartContainer - [hivemq-test-hivemq-platform] [hivemq-platform-operator] [b64bda9d] 18:31:22.508 [ReconcilerExecutor-hivemq-controller-136] DEBUG c.h.p.o.h.HiveMQPlatformReconcilerErrorHandler - [helmupgr] Pod 'test-hivemq-platform-0' phase Running
2025-01-30 18:31:22,583 INFO c.h.h.t.HelmChartContainer - [K3S] [authentication.go:74] "Unable to authenticate the request" err="[invalid bearer token, serviceaccounts \"hivemq-platform-pod-test-hivemq-platform\" not found]"
2025-01-30 18:31:22,592 INFO c.h.h.t.HelmChartContainer - [hivemq-test-hivemq-platform] [hivemq-platform-operator] [b64bda9d] 18:31:22.586 [ReconcilerExecutor-hivemq-controller-136] DEBUG c.h.p.o.HiveMQPlatformReconciler - [helmupgr] PodInfoConfigMap is not ready yet
2025-01-30 18:31:22,606 INFO c.h.h.t.HelmChartContainer - [K3S] [authentication.go:74] "Unable to authenticate the request" err="[invalid bearer token, serviceaccounts \"hivemq-platform-pod-test-hivemq-platform\" not found]"
2025-01-30 18:31:22,613 INFO c.h.h.t.HelmChartContainer - [hivemq-test-hivemq-platform] [hivemq-platform-operator] [b64bda9d] 18:31:22.610 [ReconcilerExecutor-hivemq-controller-147] INFO  c.h.p.o.HiveMQPlatformReconciler - [helmupgr] Cleanup test-hivemq-platform - helmupgradeextensionit HiveMQ Platform is shut down
2025-01-30 18:31:22,656 INFO c.h.h.t.HelmChartContainer - [test-hivemq-platform] [hivemq] [c32f8a52] WARN  - [HiveMQ Platform Operator Init App 1.7.0-SNAPSHOT] Could not update Pod annotations: Failure executing: GET at: https://10.43.0.1:443/api/v1/namespaces/helmupgradeextensionit/pods/test-hivemq-platform-0. Message: Unauthorized. Received status: Status(apiVersion=v1, code=401, details=null, kind=Status, message=Unauthorized, metadata=ListMeta(_continue=null, remainingItemCount=null, resourceVersion=null, selfLink=null, additionalProperties={}), reason=Unauthorized, status=Failure, additionalProperties={}).
2025-01-30 18:31:23,172 INFO c.h.h.t.HelmChartContainer - [EVENT] Normal [Killing] Stopping container hivemq [helmupgradeextensionit:test-hivemq-platform-0]
2025-01-30 18:31:23,172 INFO c.h.h.t.HelmChartContainer - Received Killing event for container hivemq in pod test-hivemq-platform-0 [c32f8a52-5b4e-4fdc-84c2-851c6bb9b953]
2025-01-30 18:31:23,172 INFO c.h.h.t.HelmChartContainer - Container [test-hivemq-platform-0] [hivemq] [c32f8a52-5b4e-4fdc-84c2-851c6bb9b953] was terminated
2025-01-30 18:31:23,174 INFO c.h.h.t.HelmChartContainer - Stopped log watcher for hivemq in pod test-hivemq-platform-0 [c32f8a52-5b4e-4fdc-84c2-851c6bb9b953]
2025-01-30 18:31:23,179 INFO c.h.h.t.HelmChartContainer - [POD] test-hivemq-platform-0 [c32f8a52-5b4e-4fdc-84c2-851c6bb9b953] in helmupgradeextensionit was MODIFIED
2025-01-30 18:31:23,186 INFO c.h.h.t.HelmChartContainer - [test-hivemq-platform] [hivemq] [c32f8a52] INFO  - [HiveMQ Platform Operator Init App 1.7.0-SNAPSHOT] Shutting down
2025-01-30 18:31:23,186 INFO c.h.h.t.HelmChartContainer - [test-hivemq-platform] [hivemq] [c32f8a52] INFO  - [HiveMQ Platform Operator Init App 1.7.0-SNAPSHOT] Stopping the HiveMQ Platform
2025-01-30 18:31:23,310 INFO c.h.h.t.HelmChartContainer - [test-hivemq-platform] [hivemq] [c32f8a52] INFO  - Shutting down HiveMQ. Please wait, this could take a while...
2025-01-30 18:31:23,350 INFO c.h.h.t.HelmChartContainer - [test-hivemq-platform] [hivemq] [c32f8a52] INFO  - Shutting down listeners and clients
2025-01-30 18:31:23,351 INFO c.h.h.t.HelmChartContainer - [test-hivemq-platform] [hivemq] [c32f8a52] INFO  - Shutdown of listeners is done
2025-01-30 18:31:23,351 INFO c.h.h.t.HelmChartContainer - [test-hivemq-platform] [hivemq] [c32f8a52] INFO  - No clients are connected, proceeding with shutdown
2025-01-30 18:31:24,497 INFO c.h.h.t.HelmChartContainer - Deleting namespace 'helmupgradeextensionit'...
2025-01-30 18:31:26,311 INFO c.h.h.t.HelmChartContainer - [test-hivemq-platform] [hivemq] [c32f8a52] INFO  - Shutting down extension system
2025-01-30 18:31:26,313 INFO c.h.h.t.HelmChartContainer - [test-hivemq-platform] [hivemq] [c32f8a52] INFO  - Stopping extension with id hivemq-dns-cluster-discovery
2025-01-30 18:31:26,313 INFO c.h.h.t.HelmChartContainer - [test-hivemq-platform] [hivemq] [c32f8a52] INFO  - Extension "DNS Cluster Discovery Extension" version 4.3.2 stopped successfully.
2025-01-30 18:31:26,314 INFO c.h.h.t.HelmChartContainer - [test-hivemq-platform] [hivemq] [c32f8a52] INFO  - Stopping extension with id hivemq-prometheus-extension
2025-01-30 18:31:26,316 INFO c.h.h.t.HelmChartContainer - [test-hivemq-platform] [hivemq] [c32f8a52] INFO  - Extension "Prometheus Monitoring Extension" version 4.0.12 stopped successfully.
2025-01-30 18:31:26,317 INFO c.h.h.t.HelmChartContainer - [test-hivemq-platform] [hivemq] [c32f8a52] INFO  - Stopping extension with id hivemq-allow-all-extension
2025-01-30 18:31:26,317 INFO c.h.h.t.HelmChartContainer - [test-hivemq-platform] [hivemq] [c32f8a52] INFO  - Extension "Allow All Extension" version 1.1.1 stopped successfully.
2025-01-30 18:31:26,967 INFO c.h.h.t.HelmChartContainer - [test-hivemq-platform] [hivemq] [c32f8a52] INFO  - [HiveMQ Platform Operator Init App 1.7.0-SNAPSHOT] Returning shutdown Health API response 503 for readiness
2025-01-30 18:31:26,971 INFO c.h.h.t.HelmChartContainer - [EVENT] Warning [Unhealthy] Readiness probe failed: HTTP probe failed with statuscode: 503 [helmupgradeextensionit:test-hivemq-platform-0]
2025-01-30 18:31:26,972 INFO c.h.h.t.HelmChartContainer - Received Unhealthy event for container hivemq in pod test-hivemq-platform-0 [c32f8a52-5b4e-4fdc-84c2-851c6bb9b953]
2025-01-30 18:31:27,659 INFO c.h.h.t.HelmChartContainer - [K3S] [authentication.go:74] "Unable to authenticate the request" err="[invalid bearer token, serviceaccounts \"hivemq-platform-pod-test-hivemq-platform\" not found]"
2025-01-30 18:31:27,672 INFO c.h.h.t.HelmChartContainer - [K3S] [authentication.go:74] "Unable to authenticate the request" err="[invalid bearer token, serviceaccounts \"hivemq-platform-pod-test-hivemq-platform\" not found]"
2025-01-30 18:31:27,674 INFO c.h.h.t.HelmChartContainer - [test-hivemq-platform] [hivemq] [c32f8a52] WARN  - [HiveMQ Platform Operator Init App 1.7.0-SNAPSHOT] Could not update Pod annotations: Failure executing: GET at: https://10.43.0.1:443/api/v1/namespaces/helmupgradeextensionit/pods/test-hivemq-platform-0. Message: Unauthorized. Received status: Status(apiVersion=v1, code=401, details=null, kind=Status, message=Unauthorized, metadata=ListMeta(_continue=null, remainingItemCount=null, resourceVersion=null, selfLink=null, additionalProperties={}), reason=Unauthorized, status=Failure, additionalProperties={}).
2025-01-30 18:31:28,567 INFO c.h.h.t.HelmChartContainer - [test-hivemq-platform] [hivemq] [c32f8a52] INFO  - Shutdown completed.
2025-01-30 18:31:28,973 INFO c.h.h.t.HelmChartContainer - [test-hivemq-platform] [hivemq] [c32f8a52] INFO  - [HiveMQ Platform Operator Init App 1.7.0-SNAPSHOT] The HiveMQ Platform exited with code 143
2025-01-30 18:31:28,973 INFO c.h.h.t.HelmChartContainer - [test-hivemq-platform] [hivemq] [c32f8a52] INFO  - [HiveMQ Platform Operator Init App 1.7.0-SNAPSHOT] Stopping the REST API
2025-01-30 18:31:29,008 INFO c.h.h.t.HelmChartContainer - [test-hivemq-platform] [hivemq] [c32f8a52] INFO  - [HiveMQ Platform Operator Init App 1.7.0-SNAPSHOT] Shutdown complete
2025-01-30 18:31:29,453 INFO c.h.h.t.HelmChartContainer - [POD] test-hivemq-platform-0 [c32f8a52-5b4e-4fdc-84c2-851c6bb9b953] in helmupgradeextensionit was MODIFIED
2025-01-30 18:31:29,453 INFO c.h.h.t.HelmChartContainer - [K3S] [stateful_set.go:438] "Unhandled Error" err="error syncing StatefulSet helmupgradeextensionit/test-hivemq-platform, requeuing: controllerrevisions.apps \"test-hivemq-platform-5b6c7575b6\" is forbidden: unable to create new content in namespace helmupgradeextensionit because it is being terminated"
2025-01-30 18:31:29,460 INFO c.h.h.t.HelmChartContainer - [K3S] [stateful_set.go:438] "Unhandled Error" err="error syncing StatefulSet helmupgradeextensionit/test-hivemq-platform, requeuing: controllerrevisions.apps \"test-hivemq-platform-5b6c7575b6\" is forbidden: unable to create new content in namespace helmupgradeextensionit because it is being terminated"
2025-01-30 18:31:29,473 INFO c.h.h.t.HelmChartContainer - [K3S] [stateful_set.go:438] "Unhandled Error" err="error syncing StatefulSet helmupgradeextensionit/test-hivemq-platform, requeuing: controllerrevisions.apps \"test-hivemq-platform-5b6c7575b6\" is forbidden: unable to create new content in namespace helmupgradeextensionit because it is being terminated"
2025-01-30 18:31:29,496 INFO c.h.h.t.HelmChartContainer - [K3S] [stateful_set.go:438] "Unhandled Error" err="error syncing StatefulSet helmupgradeextensionit/test-hivemq-platform, requeuing: controllerrevisions.apps \"test-hivemq-platform-5b6c7575b6\" is forbidden: unable to create new content in namespace helmupgradeextensionit because it is being terminated"
2025-01-30 18:31:29,512 INFO c.h.h.t.HelmChartContainer - [K3S] [scope.go:117] "RemoveContainer" containerID="98b7c7c413ce46f97166b7bc8642ea34a28fd0d27a79421aad9fb334acea9f9b"
2025-01-30 18:31:29,539 INFO c.h.h.t.HelmChartContainer - [K3S] [stateful_set.go:438] "Unhandled Error" err="error syncing StatefulSet helmupgradeextensionit/test-hivemq-platform, requeuing: controllerrevisions.apps \"test-hivemq-platform-5b6c7575b6\" is forbidden: unable to create new content in namespace helmupgradeextensionit because it is being terminated"
2025-01-30 18:31:29,541 INFO c.h.h.t.HelmChartContainer - [K3S] [stateful_set.go:466] "StatefulSet has been deleted" key="helmupgradeextensionit/test-hivemq-platform"
2025-01-30 18:31:29,570 INFO c.h.h.t.HelmChartContainer - [K3S] [reconciler_common.go:162] "operationExecutor.UnmountVolume started for volume \"pod-info\" (UniqueName: \"kubernetes.io/configmap/c32f8a52-5b4e-4fdc-84c2-851c6bb9b953-pod-info\") pod \"c32f8a52-5b4e-4fdc-84c2-851c6bb9b953\" (UID: \"c32f8a52-5b4e-4fdc-84c2-851c6bb9b953\") "
2025-01-30 18:31:29,570 INFO c.h.h.t.HelmChartContainer - [K3S] [reconciler_common.go:162] "operationExecutor.UnmountVolume started for volume \"kube-api-access-zz8kg\" (UniqueName: \"kubernetes.io/projected/c32f8a52-5b4e-4fdc-84c2-851c6bb9b953-kube-api-access-zz8kg\") pod \"c32f8a52-5b4e-4fdc-84c2-851c6bb9b953\" (UID: \"c32f8a52-5b4e-4fdc-84c2-851c6bb9b953\") "
2025-01-30 18:31:29,570 INFO c.h.h.t.HelmChartContainer - [K3S] [reconciler_common.go:162] "operationExecutor.UnmountVolume started for volume \"broker-configuration\" (UniqueName: \"kubernetes.io/configmap/c32f8a52-5b4e-4fdc-84c2-851c6bb9b953-broker-configuration\") pod \"c32f8a52-5b4e-4fdc-84c2-851c6bb9b953\" (UID: \"c32f8a52-5b4e-4fdc-84c2-851c6bb9b953\") "
2025-01-30 18:31:29,570 INFO c.h.h.t.HelmChartContainer - [K3S] [reconciler_common.go:162] "operationExecutor.UnmountVolume started for volume \"extension-configuration-hivemq-bridge-extension\" (UniqueName: \"kubernetes.io/configmap/c32f8a52-5b4e-4fdc-84c2-851c6bb9b953-extension-configuration-hivemq-bridge-extension\") pod \"c32f8a52-5b4e-4fdc-84c2-851c6bb9b953\" (UID: \"c32f8a52-5b4e-4fdc-84c2-851c6bb9b953\") "
2025-01-30 18:31:29,570 INFO c.h.h.t.HelmChartContainer - [K3S] [reconciler_common.go:162] "operationExecutor.UnmountVolume started for volume \"operator-init\" (UniqueName: \"kubernetes.io/empty-dir/c32f8a52-5b4e-4fdc-84c2-851c6bb9b953-operator-init\") pod \"c32f8a52-5b4e-4fdc-84c2-851c6bb9b953\" (UID: \"c32f8a52-5b4e-4fdc-84c2-851c6bb9b953\") "
2025-01-30 18:31:29,620 INFO c.h.h.t.HelmChartContainer - [K3S] [stateful_set.go:466] "StatefulSet has been deleted" key="helmupgradeextensionit/test-hivemq-platform"
2025-01-30 18:31:29,628 INFO c.h.h.t.HelmChartContainer - [K3S] [scope.go:117] "RemoveContainer" containerID="94b9b4336ac9b62e1707ad7f7c5e1323017fa70e8c7db0d67ff037a0178b2fb3"
2025-01-30 18:31:29,631 INFO c.h.h.t.HelmChartContainer - [K3S] [scope.go:117] "RemoveContainer" containerID="98b7c7c413ce46f97166b7bc8642ea34a28fd0d27a79421aad9fb334acea9f9b"
2025-01-30 18:31:29,632 INFO c.h.h.t.HelmChartContainer - [K3S] [scope.go:117] "RemoveContainer" containerID="94b9b4336ac9b62e1707ad7f7c5e1323017fa70e8c7db0d67ff037a0178b2fb3"
2025-01-30 18:31:29,662 INFO c.h.h.t.HelmChartContainer - [K3S] [namespace_controller.go:164] "Unhandled Error" err="deletion of namespace helmupgradeextensionit failed: unexpected items still remain in namespace: helmupgradeextensionit for gvr: /v1, Resource=pods"
2025-01-30 18:31:29,670 INFO c.h.h.t.HelmChartContainer - [K3S] [reconciler_common.go:299] "Volume detached for volume \"broker-configuration\" (UniqueName: \"kubernetes.io/configmap/c32f8a52-5b4e-4fdc-84c2-851c6bb9b953-broker-configuration\") on node \"5374d894705a\" DevicePath \"\""
2025-01-30 18:31:29,670 INFO c.h.h.t.HelmChartContainer - [K3S] [reconciler_common.go:299] "Volume detached for volume \"extension-configuration-hivemq-bridge-extension\" (UniqueName: \"kubernetes.io/configmap/c32f8a52-5b4e-4fdc-84c2-851c6bb9b953-extension-configuration-hivemq-bridge-extension\") on node \"5374d894705a\" DevicePath \"\""
2025-01-30 18:31:29,670 INFO c.h.h.t.HelmChartContainer - [K3S] [reconciler_common.go:299] "Volume detached for volume \"operator-init\" (UniqueName: \"kubernetes.io/empty-dir/c32f8a52-5b4e-4fdc-84c2-851c6bb9b953-operator-init\") on node \"5374d894705a\" DevicePath \"\""
2025-01-30 18:31:29,670 INFO c.h.h.t.HelmChartContainer - [K3S] [reconciler_common.go:299] "Volume detached for volume \"kube-api-access-zz8kg\" (UniqueName: \"kubernetes.io/projected/c32f8a52-5b4e-4fdc-84c2-851c6bb9b953-kube-api-access-zz8kg\") on node \"5374d894705a\" DevicePath \"\""
2025-01-30 18:31:29,670 INFO c.h.h.t.HelmChartContainer - [K3S] [reconciler_common.go:299] "Volume detached for volume \"pod-info\" (UniqueName: \"kubernetes.io/configmap/c32f8a52-5b4e-4fdc-84c2-851c6bb9b953-pod-info\") on node \"5374d894705a\" DevicePath \"\""
2025-01-30 18:31:29,826 INFO c.h.h.t.HelmChartContainer - [POD] test-hivemq-platform-0 [c32f8a52-5b4e-4fdc-84c2-851c6bb9b953] in helmupgradeextensionit was MODIFIED
2025-01-30 18:31:29,830 INFO c.h.h.t.HelmChartContainer - [POD] test-hivemq-platform-0 [c32f8a52-5b4e-4fdc-84c2-851c6bb9b953] in helmupgradeextensionit was DELETED
2025-01-30 18:31:29,937 INFO c.h.h.t.HelmChartContainer - [K3S] [namespace_controller.go:164] "Unhandled Error" err="deletion of namespace helmupgradeextensionit failed: unexpected items still remain in namespace: helmupgradeextensionit for gvr: /v1, Resource=pods"
2025-01-30 18:31:30,128 INFO c.h.h.t.HelmChartContainer - Namespace 'helmupgradeextensionit' deleted
2025-01-30 18:31:30,128 INFO c.h.h.t.HelmChartContainer - Release 'test-hivemq-platform' in namespace 'helmupgradeextensionit' is uninstalled
2025-01-30 18:31:30,128 INFO c.h.h.t.HelmChartContainer - Uninstalling release 'test-hivemq-platform-operator' in namespace 'helmupgradeextensionit-operator'...
2025-01-30 18:31:30,128 DEBUG c.h.h.t.HelmChartContainer - Executing helm command: /bin/helm --kubeconfig /etc/rancher/k3s/k3s.yaml uninstall test-hivemq-platform-operator  --wait --timeout 5m0s --cascade foreground --namespace helmupgradeextensionit-operator
2025-01-30 18:31:30,189 INFO c.h.h.t.HelmChartContainer - [K3S] [kubelet_volumes.go:163] "Cleaned up orphaned pod volumes dir" podUID="c32f8a52-5b4e-4fdc-84c2-851c6bb9b953" path="/var/lib/kubelet/pods/c32f8a52-5b4e-4fdc-84c2-851c6bb9b953/volumes"
2025-01-30 18:31:30,297 INFO c.h.h.t.HelmChartContainer - [K3S] [replica_set.go:679] "Finished syncing" kind="ReplicaSet" key="helmupgradeextensionit-operator/hivemq-test-hivemq-platform-operator-6966f96d65" duration="12.480203ms"
2025-01-30 18:31:30,300 INFO c.h.h.t.HelmChartContainer - [K3S] [replica_set.go:679] "Finished syncing" kind="ReplicaSet" key="helmupgradeextensionit-operator/hivemq-test-hivemq-platform-operator-6966f96d65" duration="35.276µs"
2025-01-30 18:31:30,314 INFO c.h.h.t.HelmChartContainer - [POD] hivemq-test-hivemq-platform-operator-6966f96d65-f6cct [b64bda9d-df8f-476d-9a6b-8142878998da] in helmupgradeextensionit-operator was MODIFIED
2025-01-30 18:31:30,323 INFO c.h.h.t.HelmChartContainer - [EVENT] Normal [Killing] Stopping container hivemq-platform-operator [helmupgradeextensionit-operator:hivemq-test-hivemq-platform-operator-6966f96d65-f6cct]
2025-01-30 18:31:30,323 INFO c.h.h.t.HelmChartContainer - Received Killing event for container hivemq-platform-operator in pod hivemq-test-hivemq-platform-operator-6966f96d65-f6cct [b64bda9d-df8f-476d-9a6b-8142878998da]
2025-01-30 18:31:30,323 INFO c.h.h.t.HelmChartContainer - Container [hivemq-test-hivemq-platform-operator-6966f96d65-f6cct] [hivemq-platform-operator] [b64bda9d-df8f-476d-9a6b-8142878998da] was terminated
2025-01-30 18:31:30,323 INFO c.h.h.t.HelmChartContainer - Stopped log watcher for hivemq-platform-operator in pod hivemq-test-hivemq-platform-operator-6966f96d65-f6cct [b64bda9d-df8f-476d-9a6b-8142878998da]
2025-01-30 18:31:30,325 INFO c.h.h.t.HelmChartContainer - [K3S] [replica_set.go:679] "Finished syncing" kind="ReplicaSet" key="helmupgradeextensionit-operator/hivemq-test-hivemq-platform-operator-6966f96d65" duration="13.886753ms"
2025-01-30 18:31:30,325 INFO c.h.h.t.HelmChartContainer - [K3S] [replica_set.go:679] "Finished syncing" kind="ReplicaSet" key="helmupgradeextensionit-operator/hivemq-test-hivemq-platform-operator-6966f96d65" duration="29.736µs"
2025-01-30 18:31:30,325 INFO c.h.h.t.HelmChartContainer - [hivemq-test-hivemq-platform] [hivemq-platform-operator] [b64bda9d] 18:31:30.323 [application-shutdown-thread] INFO  c.h.p.o.HiveMQPlatformOperatorApplication - HiveMQ Platform Operator is stopping...
2025-01-30 18:31:30,325 INFO c.h.h.t.HelmChartContainer - [hivemq-test-hivemq-platform] [hivemq-platform-operator] [b64bda9d] 18:31:30.323 [application-shutdown-thread] INFO  i.javaoperatorsdk.operator.Operator - Operator SDK 4.9.7 is shutting down...
2025-01-30 18:31:30,846 INFO c.h.h.t.HelmChartContainer - [K3S] [replica_set.go:679] "Finished syncing" kind="ReplicaSet" key="helmupgradeextensionit-operator/hivemq-test-hivemq-platform-operator-6966f96d65" duration="41.478µs"
2025-01-30 18:31:30,847 INFO c.h.h.t.HelmChartContainer - [POD] hivemq-test-hivemq-platform-operator-6966f96d65-f6cct [b64bda9d-df8f-476d-9a6b-8142878998da] in helmupgradeextensionit-operator was MODIFIED
2025-01-30 18:31:30,976 INFO c.h.h.t.HelmChartContainer - [K3S] [reconciler_common.go:162] "operationExecutor.UnmountVolume started for volume \"kube-api-access-rl727\" (UniqueName: \"kubernetes.io/projected/b64bda9d-df8f-476d-9a6b-8142878998da-kube-api-access-rl727\") pod \"b64bda9d-df8f-476d-9a6b-8142878998da\" (UID: \"b64bda9d-df8f-476d-9a6b-8142878998da\") "
2025-01-30 18:31:31,076 INFO c.h.h.t.HelmChartContainer - [K3S] [reconciler_common.go:299] "Volume detached for volume \"kube-api-access-rl727\" (UniqueName: \"kubernetes.io/projected/b64bda9d-df8f-476d-9a6b-8142878998da-kube-api-access-rl727\") on node \"5374d894705a\" DevicePath \"\""
2025-01-30 18:31:31,519 INFO c.h.h.t.HelmChartContainer - [K3S] [scope.go:117] "RemoveContainer" containerID="8d6c7f10ece038d1a066c6d60ac4fe9e3e4f1e1212526eb8dd38a8e042725d6f"
2025-01-30 18:31:31,522 INFO c.h.h.t.HelmChartContainer - [K3S] [scope.go:117] "RemoveContainer" containerID="8d6c7f10ece038d1a066c6d60ac4fe9e3e4f1e1212526eb8dd38a8e042725d6f"
2025-01-30 18:31:31,530 INFO c.h.h.t.HelmChartContainer - [K3S] [replica_set.go:679] "Finished syncing" kind="ReplicaSet" key="helmupgradeextensionit-operator/hivemq-test-hivemq-platform-operator-6966f96d65" duration="47.018µs"
2025-01-30 18:31:31,531 INFO c.h.h.t.HelmChartContainer - [POD] hivemq-test-hivemq-platform-operator-6966f96d65-f6cct [b64bda9d-df8f-476d-9a6b-8142878998da] in helmupgradeextensionit-operator was MODIFIED
2025-01-30 18:31:31,534 INFO c.h.h.t.HelmChartContainer - [K3S] [replica_set.go:679] "Finished syncing" kind="ReplicaSet" key="helmupgradeextensionit-operator/hivemq-test-hivemq-platform-operator-6966f96d65" duration="31.348µs"
2025-01-30 18:31:31,535 INFO c.h.h.t.HelmChartContainer - [POD] hivemq-test-hivemq-platform-operator-6966f96d65-f6cct [b64bda9d-df8f-476d-9a6b-8142878998da] in helmupgradeextensionit-operator was DELETED
2025-01-30 18:31:31,545 INFO c.h.h.t.HelmChartContainer - [K3S] [replica_set.go:679] "Finished syncing" kind="ReplicaSet" key="helmupgradeextensionit-operator/hivemq-test-hivemq-platform-operator-6966f96d65" duration="5.631µs"
2025-01-30 18:31:32,187 INFO c.h.h.t.HelmChartContainer - [K3S] [kubelet_volumes.go:163] "Cleaned up orphaned pod volumes dir" podUID="b64bda9d-df8f-476d-9a6b-8142878998da" path="/var/lib/kubelet/pods/b64bda9d-df8f-476d-9a6b-8142878998da/volumes"
2025-01-30 18:31:32,343 INFO c.h.h.t.HelmChartContainer - Deleting namespace 'helmupgradeextensionit-operator'...
2025-01-30 18:31:35,036 INFO c.h.h.t.HelmChartContainer - [K3S] [namespace_controller.go:187] "Namespace has been deleted" namespace="helmupgradeextensionit"
2025-01-30 18:31:37,560 INFO c.h.h.t.HelmChartContainer - Namespace 'helmupgradeextensionit-operator' deleted
2025-01-30 18:31:37,560 INFO c.h.h.t.HelmChartContainer - Release 'test-hivemq-platform-operator' in namespace 'helmupgradeextensionit-operator' is uninstalled
2025-01-30 18:31:38,284 INFO c.h.helmcharts.AbstractHelmChartIT - Removed unused containers:

2025-01-30 18:31:42,460 INFO c.h.h.t.HelmChartContainer - [K3S] [namespace_controller.go:187] "Namespace has been deleted" namespace="helmupgradeextensionit-operator"
2025-01-30 18:31:46,185 INFO c.h.helmcharts.AbstractHelmChartIT - Removed unused snapshots:
Removing snapshot sha256:03af251906410714c5aef9fa705b63f6bbc39c4a5e787de7361eeb18886c2ed2
Removing snapshot sha256:0c46b3b43cce082ce5ec34ffc6c294e0417d17b9d1e6f366d114b6aadc4f96dc
Removing snapshot sha256:0ce761beee59082d6ed5bcebd3a805b8ddd9b3426b617e4809e7fb7c6587ffec
Removing snapshot sha256:0df91287303208332c8ff6ba40ae4710105201739addbfbddfb955f1ad593664
Removing snapshot sha256:1021ef88c7974bfff89c5a0ec4fd3160daac6c48a075f74cff721f85dd104e68
Removing snapshot sha256:10aba4953ddc18145dd38e3704709bc464aa20af60b56fe52caaff4b68411e62
Removing snapshot sha256:2573e0d8158209ed54ab25c87bcdcb00bd3d2539246960a3d592a1c599d70465
Removing snapshot sha256:362a8a37f8bbc31925a8146adcf7cf51f9882f5c1dcbef67c5baa03a297543c0
Removing snapshot sha256:3fa4ad33f0ddc8fd45b39b6b4640f82a3a83619606cd975bfe89d8710ad2d4cd
Removing snapshot sha256:43a7c979bbaba6838bc3102d6b10a1459f3ab050b87ccdfef84ef90cf43d3058
Removing snapshot sha256:4ab04491cdf0d3267f08206fe30bd48f49f94b9cab2f016d6739220f722a64af
Removing snapshot sha256:4b6068250e89c96f263060261819c7d912855bfbd64b3eb4c4a8483299b8c295
Removing snapshot sha256:580e69a0a8034ede1921139bbd2bfb72a69ebf276d008281896c32dd8bf74775
Removing snapshot sha256:5d30ba46b27fe37484567ccc5242cadc78217b8da605f3f195ef25cbf7487904
Removing snapshot sha256:63ca1fbb43ae5034640e5e6cb3e083e05c290072c5366fcaa9d62435a4cced85
Removing snapshot sha256:67f702c6baae873bceb19487c8b1f27bd2b86077e4f2f0e480e6d60ab508b8f5
Removing snapshot sha256:6864348dd42806d552efdec384f1274be15e2d0c10ce44c1f04347af004c10a9
Removing snapshot sha256:6c7dee8f2c39b84b7dc2711c01d33de93514d9055499173e9290176fbe484b6c
Removing snapshot sha256:82753493a6d61ded36556292f02f31841a14c20d2f279f19eaad65afb661d5cd
Removing snapshot sha256:8a10d3db42c505ee0fcfa98417bdd7e39b304f6bcc0a06bb1b220797ff2cc63c
Removing snapshot sha256:a0904247e36a7726c03c71ee48f3e64462021c88dafeb13f37fdaf613b27f11c
Removing snapshot sha256:a21e5b12dbac529ad45d976eb9ce45c881f3bedcc500fb30aba1e52aa1813418
Removing snapshot sha256:b1a80f6a9585ecb764a947de9a3d8ab46edf9c75dc31eb14b80e612a759b2ac7
Removing snapshot sha256:b921e6c28969094157f9b8e7244677780319637afd14450b7cb6b2fdea558a0c
Removing snapshot sha256:bc27ecb5769a00e309cf99ebc763c4a4b958b618d1decc96ffac5bc05f02f5b7
Removing snapshot sha256:be3ccb6627a5332e309d45ef461d09b4879dd870c7394d89323d0ebc6ca6aa8a
Removing snapshot sha256:c261f7cbbc64211ee175ee47273acdb7b1a36a4450b397a064a8f2c026490095
Removing snapshot sha256:c34d9393647eea0c9e3557ab988efaf59f61d10a2a5613b439ef0958cca5ec10
Removing snapshot sha256:ccf3c4a0fa967a41c1c83497a2ce6fa5787965859df0adb32c4ca2cf7490bc2b
Removing snapshot sha256:cf92d33f869417309692088c341cd0f223c178ea78a125f757317b22aa8f90e9
Removing snapshot sha256:d0037344cf2fb078884f1849f6a1f8cf9a33a3b6139b6a85833e5ee528e1f9a8
Removing snapshot sha256:d3b36d5b79273b1e98e7700470eaeff05a882e777124d84cebcc1505b85ecb36
Removing snapshot sha256:d65a44a37914602d12c611e5e22a50f11451d847e63015cc1c2aef92dee777a4
Removing snapshot sha256:e2dc0bae2455930f23ae570e019b7f32edc75c0f2d71cab084db837ff9051796
Removing snapshot sha256:e31519795c7e3df686c447a21ec8d2eb301388a5e39ccf7f20a25c6f6ce3a522
Removing snapshot sha256:e9e86ed11d9bebc0707dd6f1166c51237ebb44f98657241f943261b2675a5449
Removing snapshot sha256:eccbd24a99c60cd9e86ee5305dbfc4a4dc89f5ab4fb1f06c8d64797cecedef34
Removing snapshot sha256:edd1404c718ab99ca3456bdf222065033800bb67d4334a9642746685a24394cd
Removing snapshot sha256:f144bb4c7c7f0d2aa7eeffd36d934ec40db1ee167be727e326aad9fdc616f475
Removing snapshot sha256:f77dd47828256b0e7a936917a9def7b403d64ee232fd07b1776cae577cf20e4d

]]></system-out>
  </testcase>
  <testcase name="withBridgeConfiguration_updateExtensionWithNewConfig()" classname="com.hivemq.helmcharts.extensions.HelmUpgradeExtensionIT" time="310.062">
    <system-out><![CDATA[2025-01-30 18:31:46,197 INFO c.h.h.t.HelmChartContainer - Creating namespace 'helmupgradeextensionit-operator'...
2025-01-30 18:31:46,207 INFO c.h.h.t.HelmChartContainer - Namespace 'helmupgradeextensionit-operator' created
2025-01-30 18:31:46,207 INFO c.h.h.t.HelmChartContainer - Creating namespace 'helmupgradeextensionit'...
2025-01-30 18:31:46,213 INFO c.h.h.t.HelmChartContainer - Namespace 'helmupgradeextensionit' created
2025-01-30 18:31:46,291 DEBUG c.h.h.t.HelmChartContainer - Executing helm command: /bin/helm --kubeconfig /etc/rancher/k3s/k3s.yaml install test-hivemq-platform-operator /charts/hivemq-platform-operator --wait --timeout 5m0s --set image.repository=docker.io/hivemq --set image.name=hivemq-platform-operator-test --set image.initImageName=hivemq-platform-operator-init-test --set image.tag=snapshot --set image.pullPolicy=Never --set logLevel=DEBUG --set resources.cpu=512m --namespace helmupgradeextensionit-operator
2025-01-30 18:31:46,604 INFO c.h.h.t.HelmChartContainer - [K3S] [alloc.go:330] "allocated clusterIPs" service="helmupgradeextensionit-operator/hivemq-platform-operator-test-hivemq-platform-operator" clusterIPs={"IPv4":"10.43.170.4"}
2025-01-30 18:31:46,623 INFO c.h.h.t.HelmChartContainer - [EVENT] Normal [ScalingReplicaSet] Scaled up replica set hivemq-test-hivemq-platform-operator-6966f96d65 from 0 to 1 [helmupgradeextensionit-operator:hivemq-test-hivemq-platform-operator]
2025-01-30 18:31:46,630 INFO c.h.h.t.HelmChartContainer - [POD] hivemq-test-hivemq-platform-operator-6966f96d65-5cgds [9402e1fb-383f-4652-9153-261cb026dab8] in helmupgradeextensionit-operator was ADDED
2025-01-30 18:31:46,636 INFO c.h.h.t.HelmChartContainer - [K3S] [memory_manager.go:355] "RemoveStaleState removing state" podUID="b64bda9d-df8f-476d-9a6b-8142878998da" containerName="hivemq-platform-operator"
2025-01-30 18:31:46,636 INFO c.h.h.t.HelmChartContainer - [K3S] [memory_manager.go:355] "RemoveStaleState removing state" podUID="c32f8a52-5b4e-4fdc-84c2-851c6bb9b953" containerName="hivemq"
2025-01-30 18:31:46,638 INFO c.h.h.t.HelmChartContainer - [POD] hivemq-test-hivemq-platform-operator-6966f96d65-5cgds [9402e1fb-383f-4652-9153-261cb026dab8] in helmupgradeextensionit-operator was MODIFIED
2025-01-30 18:31:46,638 INFO c.h.h.t.HelmChartContainer - [EVENT] Normal [SuccessfulCreate] Created pod: hivemq-test-hivemq-platform-operator-6966f96d65-5cgds [helmupgradeextensionit-operator:hivemq-test-hivemq-platform-operator-6966f96d65]
2025-01-30 18:31:46,640 INFO c.h.h.t.HelmChartContainer - [K3S] [replica_set.go:679] "Finished syncing" kind="ReplicaSet" key="helmupgradeextensionit-operator/hivemq-test-hivemq-platform-operator-6966f96d65" duration="23.419153ms"
2025-01-30 18:31:46,648 INFO c.h.h.t.HelmChartContainer - [EVENT] Normal [Scheduled] Successfully assigned helmupgradeextensionit-operator/hivemq-test-hivemq-platform-operator-6966f96d65-5cgds to 5374d894705a [helmupgradeextensionit-operator:hivemq-test-hivemq-platform-operator-6966f96d65-5cgds]
2025-01-30 18:31:46,654 INFO c.h.h.t.HelmChartContainer - [POD] hivemq-test-hivemq-platform-operator-6966f96d65-5cgds [9402e1fb-383f-4652-9153-261cb026dab8] in helmupgradeextensionit-operator was MODIFIED
2025-01-30 18:31:46,659 INFO c.h.h.t.HelmChartContainer - [K3S] [replica_set.go:679] "Finished syncing" kind="ReplicaSet" key="helmupgradeextensionit-operator/hivemq-test-hivemq-platform-operator-6966f96d65" duration="18.784936ms"
2025-01-30 18:31:46,671 INFO c.h.h.t.HelmChartContainer - [K3S] [replica_set.go:679] "Finished syncing" kind="ReplicaSet" key="helmupgradeextensionit-operator/hivemq-test-hivemq-platform-operator-6966f96d65" duration="12.237374ms"
2025-01-30 18:31:46,671 INFO c.h.h.t.HelmChartContainer - [K3S] [replica_set.go:679] "Finished syncing" kind="ReplicaSet" key="helmupgradeextensionit-operator/hivemq-test-hivemq-platform-operator-6966f96d65" duration="415.348µs"
2025-01-30 18:31:46,769 INFO c.h.h.t.HelmChartContainer - [K3S] [reconciler_common.go:251] "operationExecutor.VerifyControllerAttachedVolume started for volume \"kube-api-access-ccbfm\" (UniqueName: \"kubernetes.io/projected/9402e1fb-383f-4652-9153-261cb026dab8-kube-api-access-ccbfm\") pod \"hivemq-test-hivemq-platform-operator-6966f96d65-5cgds\" (UID: \"9402e1fb-383f-4652-9153-261cb026dab8\") " pod="helmupgradeextensionit-operator/hivemq-test-hivemq-platform-operator-6966f96d65-5cgds"
2025-01-30 18:31:47,036 INFO c.h.h.t.HelmChartContainer - [EVENT] Normal [Pulled] Container image "docker.io/hivemq/hivemq-platform-operator-test:snapshot" already present on machine [helmupgradeextensionit-operator:hivemq-test-hivemq-platform-operator-6966f96d65-5cgds]
2025-01-30 18:31:47,036 INFO c.h.h.t.HelmChartContainer - Received Pulled event for container hivemq-platform-operator in pod hivemq-test-hivemq-platform-operator-6966f96d65-5cgds [9402e1fb-383f-4652-9153-261cb026dab8]
2025-01-30 18:31:48,299 INFO c.h.h.t.HelmChartContainer - [EVENT] Normal [Created] Created container: hivemq-platform-operator [helmupgradeextensionit-operator:hivemq-test-hivemq-platform-operator-6966f96d65-5cgds]
2025-01-30 18:31:48,299 INFO c.h.h.t.HelmChartContainer - Received Created event for container hivemq-platform-operator in pod hivemq-test-hivemq-platform-operator-6966f96d65-5cgds [9402e1fb-383f-4652-9153-261cb026dab8]
2025-01-30 18:31:48,555 INFO c.h.h.t.HelmChartContainer - [K3S] [replica_set.go:679] "Finished syncing" kind="ReplicaSet" key="helmupgradeextensionit-operator/hivemq-test-hivemq-platform-operator-6966f96d65" duration="44.052µs"
2025-01-30 18:31:48,559 INFO c.h.h.t.HelmChartContainer - [POD] hivemq-test-hivemq-platform-operator-6966f96d65-5cgds [9402e1fb-383f-4652-9153-261cb026dab8] in helmupgradeextensionit-operator was MODIFIED
2025-01-30 18:31:48,566 INFO c.h.h.t.HelmChartContainer - [EVENT] Normal [Started] Started container hivemq-platform-operator [helmupgradeextensionit-operator:hivemq-test-hivemq-platform-operator-6966f96d65-5cgds]
2025-01-30 18:31:48,566 INFO c.h.h.t.HelmChartContainer - Started log watcher for hivemq-platform-operator in pod hivemq-test-hivemq-platform-operator-6966f96d65-5cgds [9402e1fb-383f-4652-9153-261cb026dab8]
2025-01-30 18:31:48,567 INFO c.h.h.t.HelmChartContainer - Received Started event for container hivemq-platform-operator in pod hivemq-test-hivemq-platform-operator-6966f96d65-5cgds [9402e1fb-383f-4652-9153-261cb026dab8]
2025-01-30 18:31:48,567 INFO c.h.h.t.HelmChartContainer - [hivemq-test-hivemq-platform] [hivemq-platform-operator] [9402e1fb] -------------------------------------------------------------------------
2025-01-30 18:31:48,567 INFO c.h.h.t.HelmChartContainer - [hivemq-test-hivemq-platform] [hivemq-platform-operator] [9402e1fb] 
2025-01-30 18:31:48,567 INFO c.h.h.t.HelmChartContainer - [hivemq-test-hivemq-platform] [hivemq-platform-operator] [9402e1fb]                   _    _  _              __  __   ____
2025-01-30 18:31:48,567 INFO c.h.h.t.HelmChartContainer - [hivemq-test-hivemq-platform] [hivemq-platform-operator] [9402e1fb]                  | |  | |(_)            |  \/  | / __ \
2025-01-30 18:31:48,567 INFO c.h.h.t.HelmChartContainer - [hivemq-test-hivemq-platform] [hivemq-platform-operator] [9402e1fb]                  | |__| | _ __   __ ___ | \  / || |  | |
2025-01-30 18:31:48,567 INFO c.h.h.t.HelmChartContainer - [hivemq-test-hivemq-platform] [hivemq-platform-operator] [9402e1fb]                  |  __  || |\ \ / // _ \| |\/| || |  | |
2025-01-30 18:31:48,567 INFO c.h.h.t.HelmChartContainer - [hivemq-test-hivemq-platform] [hivemq-platform-operator] [9402e1fb]                  | |  | || | \ V /|  __/| |  | || |__| |
2025-01-30 18:31:48,567 INFO c.h.h.t.HelmChartContainer - [hivemq-test-hivemq-platform] [hivemq-platform-operator] [9402e1fb]                  |_|  |_||_|  \_/  \___||_|  |_| \___\_\
2025-01-30 18:31:48,567 INFO c.h.h.t.HelmChartContainer - [hivemq-test-hivemq-platform] [hivemq-platform-operator] [9402e1fb] 
2025-01-30 18:31:48,567 INFO c.h.h.t.HelmChartContainer - [hivemq-test-hivemq-platform] [hivemq-platform-operator] [9402e1fb] -------------------------------------------------------------------------
2025-01-30 18:31:48,567 INFO c.h.h.t.HelmChartContainer - [hivemq-test-hivemq-platform] [hivemq-platform-operator] [9402e1fb] 
2025-01-30 18:31:48,567 INFO c.h.h.t.HelmChartContainer - [hivemq-test-hivemq-platform] [hivemq-platform-operator] [9402e1fb]   HiveMQ Platform Operator Start Script v1.0
2025-01-30 18:31:48,567 INFO c.h.h.t.HelmChartContainer - [hivemq-test-hivemq-platform] [hivemq-platform-operator] [9402e1fb] 
2025-01-30 18:31:48,567 INFO c.h.h.t.HelmChartContainer - [hivemq-test-hivemq-platform] [hivemq-platform-operator] [9402e1fb] -------------------------------------------------------------------------
2025-01-30 18:31:48,567 INFO c.h.h.t.HelmChartContainer - [hivemq-test-hivemq-platform] [hivemq-platform-operator] [9402e1fb] 
2025-01-30 18:31:48,567 INFO c.h.h.t.HelmChartContainer - [hivemq-test-hivemq-platform] [hivemq-platform-operator] [9402e1fb]   JAVA_OPTS: -XX:+UnlockExperimentalVMOptions -XX:InitialRAMPercentage=75 -XX:MaxRAMPercentage=75 -Duser.language=en -Duser.region=US
2025-01-30 18:31:48,567 INFO c.h.h.t.HelmChartContainer - [hivemq-test-hivemq-platform] [hivemq-platform-operator] [9402e1fb] 
2025-01-30 18:31:48,567 INFO c.h.h.t.HelmChartContainer - [hivemq-test-hivemq-platform] [hivemq-platform-operator] [9402e1fb]   JAVA_VERSION: 21
2025-01-30 18:31:48,567 INFO c.h.h.t.HelmChartContainer - [hivemq-test-hivemq-platform] [hivemq-platform-operator] [9402e1fb] 
2025-01-30 18:31:48,567 INFO c.h.h.t.HelmChartContainer - [hivemq-test-hivemq-platform] [hivemq-platform-operator] [9402e1fb] -------------------------------------------------------------------------
2025-01-30 18:31:48,567 INFO c.h.h.t.HelmChartContainer - [hivemq-test-hivemq-platform] [hivemq-platform-operator] [9402e1fb] 
2025-01-30 18:31:51,641 INFO c.h.h.t.HelmChartContainer - [hivemq-test-hivemq-platform] [hivemq-platform-operator] [9402e1fb] 18:31:51.638 [main] DEBUG org.jboss.logging - Logging Provider: org.jboss.logging.Slf4jLoggerProvider
2025-01-30 18:31:51,744 INFO c.h.h.t.HelmChartContainer - [hivemq-test-hivemq-platform] [hivemq-platform-operator] [9402e1fb] 18:31:51.743 [main] DEBUG io.smallrye.config - SRCFG01006: Loaded ConfigSource SysPropConfigSource with ordinal 400
2025-01-30 18:31:51,744 INFO c.h.h.t.HelmChartContainer - [hivemq-test-hivemq-platform] [hivemq-platform-operator] [9402e1fb] 18:31:51.743 [main] DEBUG io.smallrye.config - SRCFG01006: Loaded ConfigSource EnvConfigSource with ordinal 300
2025-01-30 18:31:51,744 INFO c.h.h.t.HelmChartContainer - [hivemq-test-hivemq-platform] [hivemq-platform-operator] [9402e1fb] 18:31:51.743 [main] DEBUG io.smallrye.config - SRCFG01006: Loaded ConfigSource PropertiesConfigSource[source=jar:file:///opt/hivemq-platform-operator/bin/hivemq-platform-operator.jar!/hivemq-platform-operator.properties] with ordinal 100
2025-01-30 18:31:51,745 INFO c.h.h.t.HelmChartContainer - [hivemq-test-hivemq-platform] [hivemq-platform-operator] [9402e1fb] 18:31:51.743 [main] DEBUG io.smallrye.config - SRCFG01006: Loaded ConfigSource DefaultValuesConfigSource with ordinal -2147483648
2025-01-30 18:31:51,845 INFO c.h.h.t.HelmChartContainer - [hivemq-test-hivemq-platform] [hivemq-platform-operator] [9402e1fb] 18:31:51.844 [main] DEBUG i.m.c.u.i.l.InternalLoggerFactory - Using SLF4J as the default logging framework
2025-01-30 18:31:51,956 INFO c.h.h.t.HelmChartContainer - [hivemq-test-hivemq-platform] [hivemq-platform-operator] [9402e1fb] 18:31:51.950 [main] INFO  c.h.p.o.HiveMQPlatformOperatorApplication - HiveMQ Platform Operator 1.7.0-SNAPSHOT (commit: 47e3375 on branch: HEAD) built on Thu Jan 30 03:55:50 UTC 2025
2025-01-30 18:31:51,957 INFO c.h.h.t.HelmChartContainer - [hivemq-test-hivemq-platform] [hivemq-platform-operator] [9402e1fb] 18:31:51.956 [main] INFO  c.h.p.o.HiveMQPlatformOperatorApplication - HiveMQ Platform Operator is running in namespace: helmupgradeextensionit-operator
2025-01-30 18:31:51,957 INFO c.h.h.t.HelmChartContainer - [hivemq-test-hivemq-platform] [hivemq-platform-operator] [9402e1fb] 18:31:51.956 [main] INFO  c.h.p.o.HiveMQPlatformOperatorApplication - Watching all namespaces
2025-01-30 18:31:51,957 INFO c.h.h.t.HelmChartContainer - [hivemq-test-hivemq-platform] [hivemq-platform-operator] [9402e1fb] 18:31:51.956 [main] INFO  c.h.p.o.HiveMQPlatformOperatorApplication - Log level: DEBUG
2025-01-30 18:31:51,957 INFO c.h.h.t.HelmChartContainer - [hivemq-test-hivemq-platform] [hivemq-platform-operator] [9402e1fb] 18:31:51.956 [main] INFO  c.h.p.o.HiveMQPlatformOperatorApplication - Release name: test-hivemq-platform-operator
2025-01-30 18:31:51,958 INFO c.h.h.t.HelmChartContainer - [hivemq-test-hivemq-platform] [hivemq-platform-operator] [9402e1fb] 18:31:51.956 [main] INFO  c.h.p.o.HiveMQPlatformOperatorApplication - HiveMQ Platform Operator Init image: docker.io/hivemq/hivemq-platform-operator-init-test:snapshot
2025-01-30 18:31:51,958 INFO c.h.h.t.HelmChartContainer - [hivemq-test-hivemq-platform] [hivemq-platform-operator] [9402e1fb] 18:31:51.956 [main] INFO  c.h.p.o.HiveMQPlatformOperatorApplication - HiveMQ Platform Operator Init App update URL: http://hivemq-platform-operator-test-hivemq-platform-operator.helmupgradeextensionit-operator.svc:8080/initAppUpdate/hivemq-platform-operator-init-app-1.7.0-SNAPSHOT.jar
2025-01-30 18:31:51,958 INFO c.h.h.t.HelmChartContainer - [hivemq-test-hivemq-platform] [hivemq-platform-operator] [9402e1fb] 18:31:51.956 [main] INFO  c.h.p.o.HiveMQPlatformOperatorApplication - Additional imagePullSecret for all Platform deployments: none
2025-01-30 18:31:51,958 INFO c.h.h.t.HelmChartContainer - [hivemq-test-hivemq-platform] [hivemq-platform-operator] [9402e1fb] 18:31:51.956 [main] INFO  c.h.p.o.HiveMQPlatformOperatorApplication - Apply HiveMQ Platform CRD: true
2025-01-30 18:31:51,958 INFO c.h.h.t.HelmChartContainer - [hivemq-test-hivemq-platform] [hivemq-platform-operator] [9402e1fb] 18:31:51.956 [main] INFO  c.h.p.o.HiveMQPlatformOperatorApplication - Create Platform ServiceAccount: true
2025-01-30 18:31:51,958 INFO c.h.h.t.HelmChartContainer - [hivemq-test-hivemq-platform] [hivemq-platform-operator] [9402e1fb] 18:31:51.956 [main] INFO  c.h.p.o.HiveMQPlatformOperatorApplication - Create Platform ServiceAccount permissions: true
2025-01-30 18:31:51,958 INFO c.h.h.t.HelmChartContainer - [hivemq-test-hivemq-platform] [hivemq-platform-operator] [9402e1fb] 18:31:51.956 [main] INFO  c.h.p.o.HiveMQPlatformOperatorApplication - Validate Platform ServiceAccount: true
2025-01-30 18:31:51,958 INFO c.h.h.t.HelmChartContainer - [hivemq-test-hivemq-platform] [hivemq-platform-operator] [9402e1fb] 18:31:51.956 [main] INFO  c.h.p.o.HiveMQPlatformOperatorApplication - Validate Platform ServiceAccount permissions: true
2025-01-30 18:31:52,147 INFO c.h.h.t.HelmChartContainer - [hivemq-test-hivemq-platform] [hivemq-platform-operator] [9402e1fb] 18:31:52.146 [main] INFO  c.h.platform.operator.util.CRDUtil - Verifying deployed HiveMQ Platform CRD...
2025-01-30 18:31:54,609 INFO c.h.h.t.HelmChartContainer - [hivemq-test-hivemq-platform] [hivemq-platform-operator] [9402e1fb] 18:31:54.608 [main] DEBUG c.h.platform.operator.util.CRDUtil - HiveMQ Platform CRD version v1 is up to date
2025-01-30 18:31:54,609 INFO c.h.h.t.HelmChartContainer - [hivemq-test-hivemq-platform] [hivemq-platform-operator] [9402e1fb] 18:31:54.608 [main] INFO  c.h.platform.operator.util.CRDUtil - HiveMQ Platform CRD is up to date (version: V1_6_0)
2025-01-30 18:31:54,610 INFO c.h.h.t.HelmChartContainer - [hivemq-test-hivemq-platform] [hivemq-platform-operator] [9402e1fb] 18:31:54.609 [main] INFO  c.h.platform.operator.util.CRDUtil - Waiting 10000 ms for HiveMQ Platform CRD 'hivemq-platforms.hivemq.com' to become ready...
2025-01-30 18:31:54,910 INFO c.h.h.t.HelmChartContainer - [hivemq-test-hivemq-platform] [hivemq-platform-operator] [9402e1fb] 18:31:54.909 [vert.x-eventloop-thread-1] DEBUG c.h.platform.operator.util.CRDUtil - Checking CRD condition 'NamesAccepted' (status: 'True')
2025-01-30 18:31:54,910 INFO c.h.h.t.HelmChartContainer - [hivemq-test-hivemq-platform] [hivemq-platform-operator] [9402e1fb] 18:31:54.909 [vert.x-eventloop-thread-1] DEBUG c.h.platform.operator.util.CRDUtil - Checking CRD condition 'Established' (status: 'True')
2025-01-30 18:31:54,939 INFO c.h.h.t.HelmChartContainer - [hivemq-test-hivemq-platform] [hivemq-platform-operator] [9402e1fb] 18:31:54.938 [main] INFO  c.h.platform.operator.util.CRDUtil - HiveMQ Platform CRD 'hivemq-platforms.hivemq.com' is ready
2025-01-30 18:31:55,110 INFO c.h.h.t.HelmChartContainer - [hivemq-test-hivemq-platform] [hivemq-platform-operator] [9402e1fb] 18:31:55.109 [main] INFO  c.h.p.o.HiveMQPlatformReconciler - HiveMQ Platform Operator is starting...
2025-01-30 18:31:55,212 INFO c.h.h.t.HelmChartContainer - [hivemq-test-hivemq-platform] [hivemq-platform-operator] [9402e1fb] 18:31:55.211 [main] WARN  Default ConfigurationService implementation - Configuration for reconciler 'hivemq-controller' was not found. Known reconcilers: None.
2025-01-30 18:31:55,242 INFO c.h.h.t.HelmChartContainer - [hivemq-test-hivemq-platform] [hivemq-platform-operator] [9402e1fb] 18:31:55.241 [main] INFO  Default ConfigurationService implementation - Created configuration for reconciler com.hivemq.platform.operator.HiveMQPlatformReconciler with name hivemq-controller
2025-01-30 18:31:55,338 INFO c.h.h.t.HelmChartContainer - [hivemq-test-hivemq-platform] [hivemq-platform-operator] [9402e1fb] 18:31:55.338 [main] DEBUG c.h.p.o.HiveMQPlatformReconciler - HiveMQ Platform Operator is preparing EventSources
2025-01-30 18:31:55,350 INFO c.h.h.t.HelmChartContainer - [hivemq-test-hivemq-platform] [hivemq-platform-operator] [9402e1fb] 18:31:55.349 [main] INFO  i.javaoperatorsdk.operator.Operator - Registered reconciler: 'hivemq-controller' for resource: 'class com.hivemq.platform.operator.v1.HiveMQPlatform' for namespace(s): [all namespaces]
2025-01-30 18:31:55,850 INFO c.h.h.t.HelmChartContainer - [hivemq-test-hivemq-platform] [hivemq-platform-operator] [9402e1fb] 18:31:55.849 [main] INFO  c.h.p.operator.webserver.JettyServer - Starting Jetty server on port 8080
2025-01-30 18:31:55,947 INFO c.h.h.t.HelmChartContainer - [hivemq-test-hivemq-platform] [hivemq-platform-operator] [9402e1fb] 18:31:55.946 [main] INFO  i.javaoperatorsdk.operator.Operator - Operator SDK 4.9.7 (commit: 2133d28) built on Wed Nov 20 12:56:20 UTC 2024 starting...
2025-01-30 18:31:55,947 INFO c.h.h.t.HelmChartContainer - [hivemq-test-hivemq-platform] [hivemq-platform-operator] [9402e1fb] 18:31:55.946 [main] INFO  i.javaoperatorsdk.operator.Operator - Client version: 6.13.5
2025-01-30 18:31:55,948 INFO c.h.h.t.HelmChartContainer - [hivemq-test-hivemq-platform] [hivemq-platform-operator] [9402e1fb] 18:31:55.948 [Controller Starter for: hivemq-controller] INFO  i.j.operator.processing.Controller - Starting 'hivemq-controller' controller for reconciler: com.hivemq.platform.operator.HiveMQPlatformReconciler, resource: com.hivemq.platform.operator.v1.HiveMQPlatform
2025-01-30 18:31:58,344 INFO c.h.h.t.HelmChartContainer - [hivemq-test-hivemq-platform] [hivemq-platform-operator] [9402e1fb] 18:31:58.343 [Controller Starter for: hivemq-controller] INFO  i.j.operator.processing.Controller - 'hivemq-controller' controller started
2025-01-30 18:31:58,344 INFO c.h.h.t.HelmChartContainer - [hivemq-test-hivemq-platform] [hivemq-platform-operator] [9402e1fb] 18:31:58.343 [main] INFO  c.h.p.o.HiveMQPlatformOperatorApplication - HiveMQ Platform Operator 1.7.0-SNAPSHOT started in 6393 ms
2025-01-30 18:31:59,560 INFO c.h.h.t.HelmChartContainer - [POD] hivemq-test-hivemq-platform-operator-6966f96d65-5cgds [9402e1fb-383f-4652-9153-261cb026dab8] in helmupgradeextensionit-operator was MODIFIED
2025-01-30 18:31:59,569 INFO c.h.h.t.HelmChartContainer - [K3S] [replica_set.go:679] "Finished syncing" kind="ReplicaSet" key="helmupgradeextensionit-operator/hivemq-test-hivemq-platform-operator-6966f96d65" duration="9.330674ms"
2025-01-30 18:31:59,570 INFO c.h.h.t.HelmChartContainer - [K3S] [replica_set.go:679] "Finished syncing" kind="ReplicaSet" key="helmupgradeextensionit-operator/hivemq-test-hivemq-platform-operator-6966f96d65" duration="31.469µs"
2025-01-30 18:32:00,710 INFO c.h.h.testcontainer.LogWaiterUtil - TEST Waiting for log pattern on 'test-hivemq-platform-0': .*\[HiveMQ Platform Operator Init App [A-Z0-9.-]+\] Successfully enabled extension hivemq-bridge-extension
2025-01-30 18:32:00,711 INFO c.h.h.testcontainer.LogWaiterUtil - TEST Waiting for log pattern on 'test-hivemq-platform-0': .*Extension "HiveMQ Enterprise Bridge Extension" version .* started successfully.
2025-01-30 18:32:00,788 DEBUG c.h.h.t.HelmChartContainer - Executing helm command: /bin/helm --kubeconfig /etc/rancher/k3s/k3s.yaml install test-hivemq-platform /charts/hivemq-platform --wait --timeout 5m0s --set image.repository=docker.io/hivemq --set image.tag=4.36.0 --set image.pullPolicy=Never --set nodes.resources.cpu=512m -f /files/bridge-values.yaml --namespace helmupgradeextensionit
2025-01-30 18:32:01,039 INFO c.h.h.t.HelmChartContainer - [hivemq-test-hivemq-platform] [hivemq-platform-operator] [9402e1fb] 18:32:01.037 [-2082509879-pool-1-thread-1] WARN  i.m.p.PrometheusMeterRegistry - The meter (MeterId{name='operator.sdk.events.received', tags=[tag(action=ADDED),tag(event=ResourceEvent),tag(group=hivemq.com),tag(kind=HiveMQPlatform),tag(name=test-hivemq-platform),tag(namespace=helmupgradeextensionit),tag(scope=namespace),tag(version=v1)]}) registration has failed: Prometheus requires that all meters with the same name have the same set of tag keys. There is already an existing meter named 'operator.sdk.events.received' containing tag keys [event, group, kind, name, namespace, scope, version]. The meter you are attempting to register has keys [action, event, group, kind, name, namespace, scope, version]. Note that subsequent logs will be logged at debug level.
2025-01-30 18:32:01,520 INFO c.h.h.t.HelmChartContainer - [hivemq-test-hivemq-platform] [hivemq-platform-operator] [9402e1fb] 18:32:01.518 [pool-6-thread-3] DEBUG c.h.p.o.dependants.PodInfoConfigMap - [helmupgr] Desired PodInfo ConfigMap (1 extensions) (1 enabled)
2025-01-30 18:32:01,522 INFO c.h.h.t.HelmChartContainer - [hivemq-test-hivemq-platform] [hivemq-platform-operator] [9402e1fb] 18:32:01.521 [pool-6-thread-3] DEBUG c.h.p.o.dependants.PodInfoConfigMap - [helmupgr] Desired PodInfo ConfigMap (metrics port: 9399) (metrics path: /)
2025-01-30 18:32:01,522 INFO c.h.h.t.HelmChartContainer - [hivemq-test-hivemq-platform] [hivemq-platform-operator] [9402e1fb] 18:32:01.521 [pool-6-thread-3] DEBUG c.h.p.o.dependants.PodInfoConfigMap - [helmupgr] Desired PodInfo ConfigMap (extension state hash: -1130830987)
2025-01-30 18:32:01,523 INFO c.h.h.t.HelmChartContainer - [hivemq-test-hivemq-platform] [hivemq-platform-operator] [9402e1fb] 18:32:01.522 [pool-6-thread-3] DEBUG c.h.p.o.dependants.PodInfoConfigMap - [helmupgr] Create PodInfo ConfigMap
2025-01-30 18:32:01,616 INFO c.h.h.t.HelmChartContainer - [hivemq-test-hivemq-platform] [hivemq-platform-operator] [9402e1fb] 18:32:01.614 [pool-6-thread-5] DEBUG c.h.p.o.dependants.PodRoleResource - [helmupgr] Create Role: Role(apiVersion=rbac.authorization.k8s.io/v1, kind=Role, metadata=ObjectMeta(annotations={meta.helm.sh/release-name=test-hivemq-platform, meta.helm.sh/release-namespace=helmupgradeextensionit}, creationTimestamp=null, deletionGracePeriodSeconds=null, deletionTimestamp=null, finalizers=[], generateName=null, generation=null, labels={helm.sh/chart=hivemq-platform-0.2.32, app.kubernetes.io/managed-by=Helm, app.kubernetes.io/name=hivemq-platform, hivemq-platform=test-hivemq-platform, app.kubernetes.io/instance=test-hivemq-platform, app.kubernetes.io/version=4.36.0}, managedFields=[], name=hivemq-platform-role-test-hivemq-platform, namespace=helmupgradeextensionit, ownerReferences=[OwnerReference(apiVersion=hivemq.com/v1, blockOwnerDeletion=null, controller=null, kind=HiveMQPlatform, name=test-hivemq-platform, uid=0a6843fd-a2f7-47e4-b334-f3454f5a4400, additionalProperties={})], resourceVersion=null, selfLink=null, uid=null, additionalProperties={}), rules=[PolicyRule(apiGroups=[], nonResourceURLs=[], resourceNames=[], resources=[pods], verbs=[get, patch, update], additionalProperties={})], additionalProperties={})
2025-01-30 18:32:01,720 INFO c.h.h.t.HelmChartContainer - [hivemq-test-hivemq-platform] [hivemq-platform-operator] [9402e1fb] 18:32:01.719 [pool-6-thread-7] DEBUG c.h.p.o.d.PodServiceAccountResource - [helmupgr] Desired PodServiceAccountResource (serviceAccountName: hivemq-platform-pod-test-hivemq-platform)
2025-01-30 18:32:01,722 INFO c.h.h.t.HelmChartContainer - [hivemq-test-hivemq-platform] [hivemq-platform-operator] [9402e1fb] 18:32:01.720 [pool-6-thread-7] DEBUG c.h.p.o.d.PodServiceAccountResource - [helmupgr] Create ServiceAccount 'hivemq-platform-pod-test-hivemq-platform'
2025-01-30 18:32:01,910 INFO c.h.h.t.HelmChartContainer - [hivemq-test-hivemq-platform] [hivemq-platform-operator] [9402e1fb] 18:32:01.909 [pool-6-thread-10] DEBUG c.h.p.o.d.PodRoleBindingResource - [helmupgr] Create RoleBinding: RoleBinding(apiVersion=rbac.authorization.k8s.io/v1, kind=RoleBinding, metadata=ObjectMeta(annotations={meta.helm.sh/release-name=test-hivemq-platform, meta.helm.sh/release-namespace=helmupgradeextensionit}, creationTimestamp=null, deletionGracePeriodSeconds=null, deletionTimestamp=null, finalizers=[], generateName=null, generation=null, labels={helm.sh/chart=hivemq-platform-0.2.32, app.kubernetes.io/managed-by=Helm, app.kubernetes.io/name=hivemq-platform, hivemq-platform=test-hivemq-platform, app.kubernetes.io/instance=test-hivemq-platform, app.kubernetes.io/version=4.36.0}, managedFields=[], name=hivemq-platform-role-binding-test-hivemq-platform, namespace=helmupgradeextensionit, ownerReferences=[OwnerReference(apiVersion=hivemq.com/v1, blockOwnerDeletion=null, controller=null, kind=HiveMQPlatform, name=test-hivemq-platform, uid=0a6843fd-a2f7-47e4-b334-f3454f5a4400, additionalProperties={})], resourceVersion=null, selfLink=null, uid=null, additionalProperties={}), roleRef=RoleRef(apiGroup=rbac.authorization.k8s.io, kind=Role, name=hivemq-platform-role-test-hivemq-platform, additionalProperties={}), subjects=[Subject(apiGroup=null, kind=ServiceAccount, name=hivemq-platform-pod-test-hivemq-platform, namespace=helmupgradeextensionit, additionalProperties={})], additionalProperties={})
2025-01-30 18:32:01,928 INFO c.h.h.t.HelmChartContainer - [hivemq-test-hivemq-platform] [hivemq-platform-operator] [9402e1fb] 18:32:01.927 [ReconcilerExecutor-hivemq-controller-53] INFO  c.h.p.o.HiveMQPlatformReconciler - [helmupgr] Reconciling HiveMQ Platform 'test-hivemq-platform' in namespace 'helmupgradeextensionit'
2025-01-30 18:32:01,929 INFO c.h.h.t.HelmChartContainer - [hivemq-test-hivemq-platform] [hivemq-platform-operator] [9402e1fb] 18:32:01.928 [ReconcilerExecutor-hivemq-controller-53] DEBUG c.h.p.o.HiveMQPlatformReconciler - [helmupgr] Custom Resource Status CREATED - HiveMQ Platform was created (READY)
2025-01-30 18:32:01,930 INFO c.h.h.t.HelmChartContainer - [hivemq-test-hivemq-platform] [hivemq-platform-operator] [9402e1fb] 18:32:01.928 [ReconcilerExecutor-hivemq-controller-53] DEBUG c.h.p.o.HiveMQPlatformReconciler - [helmupgr] Custom Resource Spec (replicas: 1) (extensions: 1)
2025-01-30 18:32:01,933 INFO c.h.h.t.HelmChartContainer - [hivemq-test-hivemq-platform] [hivemq-platform-operator] [9402e1fb] 18:32:01.932 [ReconcilerExecutor-hivemq-controller-53] INFO  c.h.p.o.h.HiveMQPlatformReconcilerBaseHandler - [helmupgr] HiveMQ Platform is starting
2025-01-30 18:32:02,115 INFO c.h.h.t.HelmChartContainer - [hivemq-test-hivemq-platform] [hivemq-platform-operator] [9402e1fb] 18:32:02.114 [ReconcilerExecutor-hivemq-controller-53] DEBUG c.h.p.operator.event.EventSender - [helmupgr] Creating K8s event hivemq-platform-starting: [Start] HiveMQ Platform is starting
2025-01-30 18:32:02,124 INFO c.h.h.t.HelmChartContainer - [EVENT] Normal [Start] HiveMQ Platform is starting [helmupgradeextensionit:test-hivemq-platform]
2025-01-30 18:32:02,128 INFO c.h.h.t.HelmChartContainer - [hivemq-test-hivemq-platform] [hivemq-platform-operator] [9402e1fb] 18:32:02.127 [ReconcilerExecutor-hivemq-controller-53] INFO  c.h.p.o.h.AbstractHiveMQReconcilerStateHandler - [helmupgr] Update HiveMQ Platform Status (CREATED [READY] -> STARTING [READY]): HiveMQ Platform is starting
2025-01-30 18:32:02,221 DEBUG com.hivemq.helmcharts.util.K8sUtil - Comparing actual state 'STARTING' and waiting for 'RUNNING'
2025-01-30 18:32:03,982 INFO c.h.h.t.HelmChartContainer - [K3S] [range_allocator.go:247] "Successfully synced" key="5374d894705a"
2025-01-30 18:32:12,229 INFO c.h.h.t.HelmChartContainer - [hivemq-test-hivemq-platform] [hivemq-platform-operator] [9402e1fb] 18:32:12.227 [pool-6-thread-12] DEBUG c.h.p.o.d.PlatformServiceResource - [helmupgr] Desired Platform services (3 services)
2025-01-30 18:32:12,231 INFO c.h.h.t.HelmChartContainer - [hivemq-test-hivemq-platform] [hivemq-platform-operator] [9402e1fb] 18:32:12.230 [pool-6-thread-13] DEBUG c.h.p.o.dependants.PodInfoConfigMap - [helmupgr] Desired PodInfo ConfigMap (1 extensions) (1 enabled)
2025-01-30 18:32:12,232 INFO c.h.h.t.HelmChartContainer - [hivemq-test-hivemq-platform] [hivemq-platform-operator] [9402e1fb] 18:32:12.230 [pool-6-thread-13] DEBUG c.h.p.o.dependants.PodInfoConfigMap - [helmupgr] Desired PodInfo ConfigMap (metrics port: 9399) (metrics path: /)
2025-01-30 18:32:12,233 INFO c.h.h.t.HelmChartContainer - [hivemq-test-hivemq-platform] [hivemq-platform-operator] [9402e1fb] 18:32:12.230 [pool-6-thread-13] DEBUG c.h.p.o.dependants.PodInfoConfigMap - [helmupgr] Desired PodInfo ConfigMap (extension state hash: -1130830987)
2025-01-30 18:32:12,236 INFO c.h.h.t.HelmChartContainer - [hivemq-test-hivemq-platform] [hivemq-platform-operator] [9402e1fb] 18:32:12.234 [pool-6-thread-17] DEBUG c.h.p.o.d.PodServiceAccountResource - [helmupgr] Desired PodServiceAccountResource (serviceAccountName: hivemq-platform-pod-test-hivemq-platform)
2025-01-30 18:32:12,238 INFO c.h.h.t.HelmChartContainer - [hivemq-test-hivemq-platform] [hivemq-platform-operator] [9402e1fb] 18:32:12.237 [pool-6-thread-13] DEBUG c.h.p.o.dependants.PodInfoConfigMap - [helmupgr] Update PodInfo ConfigMap
2025-01-30 18:32:12,315 INFO c.h.h.t.HelmChartContainer - [K3S] [alloc.go:330] "allocated clusterIPs" service="helmupgradeextensionit/hivemq-test-hivemq-platform-cc-8080" clusterIPs={"IPv4":"10.43.28.195"}
2025-01-30 18:32:12,414 INFO c.h.h.t.HelmChartContainer - [K3S] [alloc.go:330] "allocated clusterIPs" service="helmupgradeextensionit/hivemq-test-hivemq-platform-mqtt-1883" clusterIPs={"IPv4":"10.43.93.230"}
2025-01-30 18:32:12,424 INFO c.h.h.t.HelmChartContainer - [K3S] [alloc.go:330] "allocated clusterIPs" service="helmupgradeextensionit/hivemq-test-hivemq-platform-metrics-9399" clusterIPs={"IPv4":"10.43.229.205"}
2025-01-30 18:32:12,434 INFO c.h.h.t.HelmChartContainer - [hivemq-test-hivemq-platform] [hivemq-platform-operator] [9402e1fb] 18:32:12.432 [pool-6-thread-20] DEBUG c.h.p.o.d.StatefulSetResource - [helmupgr] Desired StatefulSet (1 replicas) for status STARTING (READY)
2025-01-30 18:32:12,520 INFO c.h.h.t.HelmChartContainer - [hivemq-test-hivemq-platform] [hivemq-platform-operator] [9402e1fb] 18:32:12.519 [pool-6-thread-20] DEBUG c.h.p.o.d.StatefulSetResource - [helmupgr] Create StatefulSet
2025-01-30 18:32:12,623 INFO c.h.h.t.HelmChartContainer - [hivemq-test-hivemq-platform] [hivemq-platform-operator] [9402e1fb] 18:32:12.619 [ReconcilerExecutor-hivemq-controller-64] INFO  c.h.p.o.HiveMQPlatformReconciler - [helmupgr] Reconciling HiveMQ Platform 'test-hivemq-platform' in namespace 'helmupgradeextensionit'
2025-01-30 18:32:12,623 INFO c.h.h.t.HelmChartContainer - [hivemq-test-hivemq-platform] [hivemq-platform-operator] [9402e1fb] 18:32:12.619 [ReconcilerExecutor-hivemq-controller-64] DEBUG c.h.p.o.HiveMQPlatformReconciler - [helmupgr] Custom Resource Status STARTING - HiveMQ Platform is starting (READY)
2025-01-30 18:32:12,623 INFO c.h.h.t.HelmChartContainer - [hivemq-test-hivemq-platform] [hivemq-platform-operator] [9402e1fb] 18:32:12.619 [ReconcilerExecutor-hivemq-controller-64] DEBUG c.h.p.o.HiveMQPlatformReconciler - [helmupgr] Custom Resource Spec (replicas: 1) (extensions: 1)
2025-01-30 18:32:12,623 INFO c.h.h.t.HelmChartContainer - [hivemq-test-hivemq-platform] [hivemq-platform-operator] [9402e1fb] 18:32:12.622 [ReconcilerExecutor-hivemq-controller-64] DEBUG c.h.p.o.HiveMQPlatformReconciler - [helmupgr] StatefulSet Status (revision: null, replicas: 0, available: 0, ready: 0, current: 0, updated: 0)
2025-01-30 18:32:12,623 INFO c.h.h.t.HelmChartContainer - [hivemq-test-hivemq-platform] [hivemq-platform-operator] [9402e1fb] 18:32:12.622 [ReconcilerExecutor-hivemq-controller-64] DEBUG c.h.p.o.HiveMQPlatformReconciler - [helmupgr] StatefulSet Spec (replicas: 1, init containers: 1, containers: 1, volumes: 4)
2025-01-30 18:32:12,628 INFO c.h.h.t.HelmChartContainer - [hivemq-test-hivemq-platform] [hivemq-platform-operator] [9402e1fb] 18:32:12.625 [ReconcilerExecutor-hivemq-controller-64] INFO  c.h.p.o.h.HiveMQPlatformReconcilerBaseHandler - [helmupgr] HiveMQ Platform is starting, 0 of 1 replicas are ready
2025-01-30 18:32:12,632 INFO c.h.h.t.HelmChartContainer - [POD] test-hivemq-platform-0 [d3095f8c-2a3d-4d34-8ca2-bccfe5d7e459] in helmupgradeextensionit was ADDED
2025-01-30 18:32:12,636 INFO c.h.h.t.HelmChartContainer - [EVENT] Normal [SuccessfulCreate] create Pod test-hivemq-platform-0 in StatefulSet test-hivemq-platform successful [helmupgradeextensionit:test-hivemq-platform]
2025-01-30 18:32:12,637 INFO c.h.h.t.HelmChartContainer - [POD] test-hivemq-platform-0 [d3095f8c-2a3d-4d34-8ca2-bccfe5d7e459] in helmupgradeextensionit was MODIFIED
2025-01-30 18:32:12,639 INFO c.h.h.t.HelmChartContainer - [EVENT] Normal [Scheduled] Successfully assigned helmupgradeextensionit/test-hivemq-platform-0 to 5374d894705a [helmupgradeextensionit:test-hivemq-platform-0]
2025-01-30 18:32:12,646 INFO c.h.h.t.HelmChartContainer - [POD] test-hivemq-platform-0 [d3095f8c-2a3d-4d34-8ca2-bccfe5d7e459] in helmupgradeextensionit was MODIFIED
2025-01-30 18:32:12,711 INFO c.h.h.t.HelmChartContainer - [K3S] [reconciler_common.go:251] "operationExecutor.VerifyControllerAttachedVolume started for volume \"kube-api-access-84tbd\" (UniqueName: \"kubernetes.io/projected/d3095f8c-2a3d-4d34-8ca2-bccfe5d7e459-kube-api-access-84tbd\") pod \"test-hivemq-platform-0\" (UID: \"d3095f8c-2a3d-4d34-8ca2-bccfe5d7e459\") " pod="helmupgradeextensionit/test-hivemq-platform-0"
2025-01-30 18:32:12,711 INFO c.h.h.t.HelmChartContainer - [K3S] [reconciler_common.go:251] "operationExecutor.VerifyControllerAttachedVolume started for volume \"pod-info\" (UniqueName: \"kubernetes.io/configmap/d3095f8c-2a3d-4d34-8ca2-bccfe5d7e459-pod-info\") pod \"test-hivemq-platform-0\" (UID: \"d3095f8c-2a3d-4d34-8ca2-bccfe5d7e459\") " pod="helmupgradeextensionit/test-hivemq-platform-0"
2025-01-30 18:32:12,711 INFO c.h.h.t.HelmChartContainer - [K3S] [reconciler_common.go:251] "operationExecutor.VerifyControllerAttachedVolume started for volume \"broker-configuration\" (UniqueName: \"kubernetes.io/configmap/d3095f8c-2a3d-4d34-8ca2-bccfe5d7e459-broker-configuration\") pod \"test-hivemq-platform-0\" (UID: \"d3095f8c-2a3d-4d34-8ca2-bccfe5d7e459\") " pod="helmupgradeextensionit/test-hivemq-platform-0"
2025-01-30 18:32:12,712 INFO c.h.h.t.HelmChartContainer - [K3S] [reconciler_common.go:251] "operationExecutor.VerifyControllerAttachedVolume started for volume \"extension-configuration-hivemq-bridge-extension\" (UniqueName: \"kubernetes.io/configmap/d3095f8c-2a3d-4d34-8ca2-bccfe5d7e459-extension-configuration-hivemq-bridge-extension\") pod \"test-hivemq-platform-0\" (UID: \"d3095f8c-2a3d-4d34-8ca2-bccfe5d7e459\") " pod="helmupgradeextensionit/test-hivemq-platform-0"
2025-01-30 18:32:12,712 INFO c.h.h.t.HelmChartContainer - [K3S] [reconciler_common.go:251] "operationExecutor.VerifyControllerAttachedVolume started for volume \"operator-init\" (UniqueName: \"kubernetes.io/empty-dir/d3095f8c-2a3d-4d34-8ca2-bccfe5d7e459-operator-init\") pod \"test-hivemq-platform-0\" (UID: \"d3095f8c-2a3d-4d34-8ca2-bccfe5d7e459\") " pod="helmupgradeextensionit/test-hivemq-platform-0"
2025-01-30 18:32:12,714 INFO c.h.h.t.HelmChartContainer - [hivemq-test-hivemq-platform] [hivemq-platform-operator] [9402e1fb] 18:32:12.711 [pool-6-thread-22] DEBUG c.h.p.o.d.PlatformServiceResource - [helmupgr] Desired Platform services (3 services)
2025-01-30 18:32:12,718 INFO c.h.h.t.HelmChartContainer - [hivemq-test-hivemq-platform] [hivemq-platform-operator] [9402e1fb] 18:32:12.717 [pool-6-thread-27] DEBUG c.h.p.o.d.PodServiceAccountResource - [helmupgr] Desired PodServiceAccountResource (serviceAccountName: hivemq-platform-pod-test-hivemq-platform)
2025-01-30 18:32:12,719 INFO c.h.h.t.HelmChartContainer - [hivemq-test-hivemq-platform] [hivemq-platform-operator] [9402e1fb] 18:32:12.717 [pool-6-thread-23] DEBUG c.h.p.o.dependants.PodInfoConfigMap - [helmupgr] Desired PodInfo ConfigMap (1 extensions) (1 enabled)
2025-01-30 18:32:12,720 INFO c.h.h.t.HelmChartContainer - [hivemq-test-hivemq-platform] [hivemq-platform-operator] [9402e1fb] 18:32:12.718 [pool-6-thread-23] DEBUG c.h.p.o.dependants.PodInfoConfigMap - [helmupgr] Desired PodInfo ConfigMap (metrics port: 9399) (metrics path: /)
2025-01-30 18:32:12,721 INFO c.h.h.t.HelmChartContainer - [hivemq-test-hivemq-platform] [hivemq-platform-operator] [9402e1fb] 18:32:12.719 [pool-6-thread-23] DEBUG c.h.p.o.dependants.PodInfoConfigMap - [helmupgr] Desired PodInfo ConfigMap (extension state hash: -1130830987)
2025-01-30 18:32:12,817 INFO c.h.h.t.HelmChartContainer - [hivemq-test-hivemq-platform] [hivemq-platform-operator] [9402e1fb] 18:32:12.816 [pool-6-thread-30] DEBUG c.h.p.o.d.StatefulSetResource - [helmupgr] Desired StatefulSet (1 replicas) for status STARTING (READY)
2025-01-30 18:32:12,824 INFO c.h.h.t.HelmChartContainer - [hivemq-test-hivemq-platform] [hivemq-platform-operator] [9402e1fb] 18:32:12.823 [ReconcilerExecutor-hivemq-controller-79] INFO  c.h.p.o.HiveMQPlatformReconciler - [helmupgr] Reconciling HiveMQ Platform 'test-hivemq-platform' in namespace 'helmupgradeextensionit'
2025-01-30 18:32:12,824 INFO c.h.h.t.HelmChartContainer - [hivemq-test-hivemq-platform] [hivemq-platform-operator] [9402e1fb] 18:32:12.823 [ReconcilerExecutor-hivemq-controller-79] DEBUG c.h.p.o.HiveMQPlatformReconciler - [helmupgr] Custom Resource Status STARTING - HiveMQ Platform is starting (READY)
2025-01-30 18:32:12,824 INFO c.h.h.t.HelmChartContainer - [hivemq-test-hivemq-platform] [hivemq-platform-operator] [9402e1fb] 18:32:12.823 [ReconcilerExecutor-hivemq-controller-79] DEBUG c.h.p.o.HiveMQPlatformReconciler - [helmupgr] Custom Resource Spec (replicas: 1) (extensions: 1)
2025-01-30 18:32:12,910 INFO c.h.h.t.HelmChartContainer - [hivemq-test-hivemq-platform] [hivemq-platform-operator] [9402e1fb] 18:32:12.908 [ReconcilerExecutor-hivemq-controller-79] DEBUG c.h.p.o.HiveMQPlatformReconciler - [helmupgr] StatefulSet Status (revision: test-hivemq-platform-5b6c7575b6, replicas: 1, available: 0, ready: 0, current: 1, updated: 1)
2025-01-30 18:32:12,910 INFO c.h.h.t.HelmChartContainer - [hivemq-test-hivemq-platform] [hivemq-platform-operator] [9402e1fb] 18:32:12.908 [ReconcilerExecutor-hivemq-controller-79] DEBUG c.h.p.o.HiveMQPlatformReconciler - [helmupgr] StatefulSet Spec (replicas: 1, init containers: 1, containers: 1, volumes: 4)
2025-01-30 18:32:12,920 INFO c.h.h.t.HelmChartContainer - [hivemq-test-hivemq-platform] [hivemq-platform-operator] [9402e1fb] 18:32:12.918 [ReconcilerExecutor-hivemq-controller-79] DEBUG c.h.p.o.h.HiveMQPlatformReconcilerErrorHandler - [helmupgr] Pod 'test-hivemq-platform-0' phase Pending
2025-01-30 18:32:12,920 INFO c.h.h.t.HelmChartContainer - [hivemq-test-hivemq-platform] [hivemq-platform-operator] [9402e1fb] 18:32:12.919 [ReconcilerExecutor-hivemq-controller-79] DEBUG c.h.p.o.h.HiveMQPlatformReconcilerErrorHandler - [helmupgr] Pod 'test-hivemq-platform-0' condition 'PodReadyToStartContainers': False
2025-01-30 18:32:12,921 INFO c.h.h.t.HelmChartContainer - [hivemq-test-hivemq-platform] [hivemq-platform-operator] [9402e1fb] 18:32:12.919 [ReconcilerExecutor-hivemq-controller-79] DEBUG c.h.p.o.h.HiveMQPlatformReconcilerErrorHandler - [helmupgr] Pod 'test-hivemq-platform-0' condition 'Initialized': False
2025-01-30 18:32:12,922 INFO c.h.h.t.HelmChartContainer - [hivemq-test-hivemq-platform] [hivemq-platform-operator] [9402e1fb] 18:32:12.919 [ReconcilerExecutor-hivemq-controller-79] DEBUG c.h.p.o.h.HiveMQPlatformReconcilerErrorHandler - [helmupgr] Pod 'test-hivemq-platform-0' condition 'Ready': False
2025-01-30 18:32:12,922 INFO c.h.h.t.HelmChartContainer - [hivemq-test-hivemq-platform] [hivemq-platform-operator] [9402e1fb] 18:32:12.919 [ReconcilerExecutor-hivemq-controller-79] DEBUG c.h.p.o.h.HiveMQPlatformReconcilerErrorHandler - [helmupgr] Pod 'test-hivemq-platform-0' condition 'ContainersReady': False
2025-01-30 18:32:12,922 INFO c.h.h.t.HelmChartContainer - [hivemq-test-hivemq-platform] [hivemq-platform-operator] [9402e1fb] 18:32:12.919 [ReconcilerExecutor-hivemq-controller-79] DEBUG c.h.p.o.h.HiveMQPlatformReconcilerErrorHandler - [helmupgr] Pod 'test-hivemq-platform-0' condition 'PodScheduled': True
2025-01-30 18:32:12,922 INFO c.h.h.t.HelmChartContainer - [hivemq-test-hivemq-platform] [hivemq-platform-operator] [9402e1fb] 18:32:12.919 [ReconcilerExecutor-hivemq-controller-79] DEBUG c.h.p.o.h.HiveMQPlatformReconcilerErrorHandler - [helmupgr] Pod 'test-hivemq-platform-0' containerStatus 'hivemq' (started: false) (ready: false) (waiting: [PodInitializing] null)
2025-01-30 18:32:12,923 INFO c.h.h.t.HelmChartContainer - [hivemq-test-hivemq-platform] [hivemq-platform-operator] [9402e1fb] 18:32:12.922 [ReconcilerExecutor-hivemq-controller-79] INFO  c.h.p.o.h.HiveMQPlatformReconcilerBaseHandler - [helmupgr] HiveMQ Platform is starting, 0 of 1 replicas are ready
2025-01-30 18:32:13,014 INFO c.h.h.t.HelmChartContainer - [hivemq-test-hivemq-platform] [hivemq-platform-operator] [9402e1fb] 18:32:13.012 [pool-6-thread-32] DEBUG c.h.p.o.d.PlatformServiceResource - [helmupgr] Desired Platform services (3 services)
2025-01-30 18:32:13,019 INFO c.h.h.t.HelmChartContainer - [hivemq-test-hivemq-platform] [hivemq-platform-operator] [9402e1fb] 18:32:13.016 [pool-6-thread-33] DEBUG c.h.p.o.dependants.PodInfoConfigMap - [helmupgr] Desired PodInfo ConfigMap (1 extensions) (1 enabled)
2025-01-30 18:32:13,019 INFO c.h.h.t.HelmChartContainer - [hivemq-test-hivemq-platform] [hivemq-platform-operator] [9402e1fb] 18:32:13.016 [pool-6-thread-33] DEBUG c.h.p.o.dependants.PodInfoConfigMap - [helmupgr] Desired PodInfo ConfigMap (metrics port: 9399) (metrics path: /)
2025-01-30 18:32:13,019 INFO c.h.h.t.HelmChartContainer - [hivemq-test-hivemq-platform] [hivemq-platform-operator] [9402e1fb] 18:32:13.016 [pool-6-thread-33] DEBUG c.h.p.o.dependants.PodInfoConfigMap - [helmupgr] Desired PodInfo ConfigMap (extension state hash: -1130830987)
2025-01-30 18:32:13,024 INFO c.h.h.t.HelmChartContainer - [hivemq-test-hivemq-platform] [hivemq-platform-operator] [9402e1fb] 18:32:13.022 [pool-6-thread-37] DEBUG c.h.p.o.d.PodServiceAccountResource - [helmupgr] Desired PodServiceAccountResource (serviceAccountName: hivemq-platform-pod-test-hivemq-platform)
2025-01-30 18:32:13,034 INFO c.h.h.t.HelmChartContainer - [EVENT] Normal [Pulled] Container image "docker.io/hivemq/hivemq-platform-operator-init-test:snapshot" already present on machine [helmupgradeextensionit:test-hivemq-platform-0]
2025-01-30 18:32:13,112 INFO c.h.h.t.HelmChartContainer - [hivemq-test-hivemq-platform] [hivemq-platform-operator] [9402e1fb] 18:32:13.110 [pool-6-thread-40] DEBUG c.h.p.o.d.StatefulSetResource - [helmupgr] Desired StatefulSet (1 replicas) for status STARTING (READY)
2025-01-30 18:32:13,118 INFO c.h.h.t.HelmChartContainer - [hivemq-test-hivemq-platform] [hivemq-platform-operator] [9402e1fb] 18:32:13.116 [ReconcilerExecutor-hivemq-controller-90] INFO  c.h.p.o.HiveMQPlatformReconciler - [helmupgr] Reconciling HiveMQ Platform 'test-hivemq-platform' in namespace 'helmupgradeextensionit'
2025-01-30 18:32:13,118 INFO c.h.h.t.HelmChartContainer - [hivemq-test-hivemq-platform] [hivemq-platform-operator] [9402e1fb] 18:32:13.117 [ReconcilerExecutor-hivemq-controller-90] DEBUG c.h.p.o.HiveMQPlatformReconciler - [helmupgr] Custom Resource Status STARTING - HiveMQ Platform is starting (READY)
2025-01-30 18:32:13,118 INFO c.h.h.t.HelmChartContainer - [hivemq-test-hivemq-platform] [hivemq-platform-operator] [9402e1fb] 18:32:13.117 [ReconcilerExecutor-hivemq-controller-90] DEBUG c.h.p.o.HiveMQPlatformReconciler - [helmupgr] Custom Resource Spec (replicas: 1) (extensions: 1)
2025-01-30 18:32:13,120 INFO c.h.h.t.HelmChartContainer - [hivemq-test-hivemq-platform] [hivemq-platform-operator] [9402e1fb] 18:32:13.120 [ReconcilerExecutor-hivemq-controller-90] DEBUG c.h.p.o.HiveMQPlatformReconciler - [helmupgr] StatefulSet Status (revision: test-hivemq-platform-5b6c7575b6, replicas: 1, available: 0, ready: 0, current: 1, updated: 1)
2025-01-30 18:32:13,121 INFO c.h.h.t.HelmChartContainer - [hivemq-test-hivemq-platform] [hivemq-platform-operator] [9402e1fb] 18:32:13.120 [ReconcilerExecutor-hivemq-controller-90] DEBUG c.h.p.o.HiveMQPlatformReconciler - [helmupgr] StatefulSet Spec (replicas: 1, init containers: 1, containers: 1, volumes: 4)
2025-01-30 18:32:13,124 INFO c.h.h.t.HelmChartContainer - [hivemq-test-hivemq-platform] [hivemq-platform-operator] [9402e1fb] 18:32:13.123 [ReconcilerExecutor-hivemq-controller-90] DEBUG c.h.p.o.h.HiveMQPlatformReconcilerErrorHandler - [helmupgr] Pod 'test-hivemq-platform-0' phase Pending
2025-01-30 18:32:13,126 INFO c.h.h.t.HelmChartContainer - [hivemq-test-hivemq-platform] [hivemq-platform-operator] [9402e1fb] 18:32:13.124 [ReconcilerExecutor-hivemq-controller-90] DEBUG c.h.p.o.h.HiveMQPlatformReconcilerErrorHandler - [helmupgr] Pod 'test-hivemq-platform-0' condition 'PodReadyToStartContainers': False
2025-01-30 18:32:13,127 INFO c.h.h.t.HelmChartContainer - [hivemq-test-hivemq-platform] [hivemq-platform-operator] [9402e1fb] 18:32:13.124 [ReconcilerExecutor-hivemq-controller-90] DEBUG c.h.p.o.h.HiveMQPlatformReconcilerErrorHandler - [helmupgr] Pod 'test-hivemq-platform-0' condition 'Initialized': False
2025-01-30 18:32:13,127 INFO c.h.h.t.HelmChartContainer - [hivemq-test-hivemq-platform] [hivemq-platform-operator] [9402e1fb] 18:32:13.124 [ReconcilerExecutor-hivemq-controller-90] DEBUG c.h.p.o.h.HiveMQPlatformReconcilerErrorHandler - [helmupgr] Pod 'test-hivemq-platform-0' condition 'Ready': False
2025-01-30 18:32:13,127 INFO c.h.h.t.HelmChartContainer - [hivemq-test-hivemq-platform] [hivemq-platform-operator] [9402e1fb] 18:32:13.124 [ReconcilerExecutor-hivemq-controller-90] DEBUG c.h.p.o.h.HiveMQPlatformReconcilerErrorHandler - [helmupgr] Pod 'test-hivemq-platform-0' condition 'ContainersReady': False
2025-01-30 18:32:13,127 INFO c.h.h.t.HelmChartContainer - [hivemq-test-hivemq-platform] [hivemq-platform-operator] [9402e1fb] 18:32:13.124 [ReconcilerExecutor-hivemq-controller-90] DEBUG c.h.p.o.h.HiveMQPlatformReconcilerErrorHandler - [helmupgr] Pod 'test-hivemq-platform-0' condition 'PodScheduled': True
2025-01-30 18:32:13,127 INFO c.h.h.t.HelmChartContainer - [hivemq-test-hivemq-platform] [hivemq-platform-operator] [9402e1fb] 18:32:13.125 [ReconcilerExecutor-hivemq-controller-90] DEBUG c.h.p.o.h.HiveMQPlatformReconcilerErrorHandler - [helmupgr] Pod 'test-hivemq-platform-0' containerStatus 'hivemq' (started: false) (ready: false) (waiting: [PodInitializing] null)
2025-01-30 18:32:13,128 INFO c.h.h.t.HelmChartContainer - [hivemq-test-hivemq-platform] [hivemq-platform-operator] [9402e1fb] 18:32:13.126 [ReconcilerExecutor-hivemq-controller-90] INFO  c.h.p.o.h.HiveMQPlatformReconcilerBaseHandler - [helmupgr] HiveMQ Platform is starting, 0 of 1 replicas are ready
2025-01-30 18:32:13,198 INFO c.h.h.t.HelmChartContainer - [EVENT] Normal [Created] Created container: hivemq-platform-operator-init [helmupgradeextensionit:test-hivemq-platform-0]
2025-01-30 18:32:13,238 INFO c.h.h.t.HelmChartContainer - [EVENT] Normal [Started] Started container hivemq-platform-operator-init [helmupgradeextensionit:test-hivemq-platform-0]
2025-01-30 18:32:13,593 INFO c.h.h.t.HelmChartContainer - [POD] test-hivemq-platform-0 [d3095f8c-2a3d-4d34-8ca2-bccfe5d7e459] in helmupgradeextensionit was MODIFIED
2025-01-30 18:32:13,611 INFO c.h.h.t.HelmChartContainer - [hivemq-test-hivemq-platform] [hivemq-platform-operator] [9402e1fb] 18:32:13.606 [pool-6-thread-42] DEBUG c.h.p.o.d.PlatformServiceResource - [helmupgr] Desired Platform services (3 services)
2025-01-30 18:32:13,612 INFO c.h.h.t.HelmChartContainer - [hivemq-test-hivemq-platform] [hivemq-platform-operator] [9402e1fb] 18:32:13.610 [pool-6-thread-47] DEBUG c.h.p.o.d.PodServiceAccountResource - [helmupgr] Desired PodServiceAccountResource (serviceAccountName: hivemq-platform-pod-test-hivemq-platform)
2025-01-30 18:32:13,614 INFO c.h.h.t.HelmChartContainer - [hivemq-test-hivemq-platform] [hivemq-platform-operator] [9402e1fb] 18:32:13.611 [pool-6-thread-43] DEBUG c.h.p.o.dependants.PodInfoConfigMap - [helmupgr] Desired PodInfo ConfigMap (1 extensions) (1 enabled)
2025-01-30 18:32:13,614 INFO c.h.h.t.HelmChartContainer - [hivemq-test-hivemq-platform] [hivemq-platform-operator] [9402e1fb] 18:32:13.612 [pool-6-thread-43] DEBUG c.h.p.o.dependants.PodInfoConfigMap - [helmupgr] Desired PodInfo ConfigMap (metrics port: 9399) (metrics path: /)
2025-01-30 18:32:13,614 INFO c.h.h.t.HelmChartContainer - [hivemq-test-hivemq-platform] [hivemq-platform-operator] [9402e1fb] 18:32:13.612 [pool-6-thread-43] DEBUG c.h.p.o.dependants.PodInfoConfigMap - [helmupgr] Desired PodInfo ConfigMap (extension state hash: -1130830987)
2025-01-30 18:32:13,641 INFO c.h.h.t.HelmChartContainer - [hivemq-test-hivemq-platform] [hivemq-platform-operator] [9402e1fb] 18:32:13.639 [pool-6-thread-50] DEBUG c.h.p.o.d.StatefulSetResource - [helmupgr] Desired StatefulSet (1 replicas) for status STARTING (READY)
2025-01-30 18:32:13,645 INFO c.h.h.t.HelmChartContainer - [hivemq-test-hivemq-platform] [hivemq-platform-operator] [9402e1fb] 18:32:13.644 [ReconcilerExecutor-hivemq-controller-101] INFO  c.h.p.o.HiveMQPlatformReconciler - [helmupgr] Reconciling HiveMQ Platform 'test-hivemq-platform' in namespace 'helmupgradeextensionit'
2025-01-30 18:32:13,646 INFO c.h.h.t.HelmChartContainer - [hivemq-test-hivemq-platform] [hivemq-platform-operator] [9402e1fb] 18:32:13.644 [ReconcilerExecutor-hivemq-controller-101] DEBUG c.h.p.o.HiveMQPlatformReconciler - [helmupgr] Custom Resource Status STARTING - HiveMQ Platform is starting (READY)
2025-01-30 18:32:13,646 INFO c.h.h.t.HelmChartContainer - [hivemq-test-hivemq-platform] [hivemq-platform-operator] [9402e1fb] 18:32:13.644 [ReconcilerExecutor-hivemq-controller-101] DEBUG c.h.p.o.HiveMQPlatformReconciler - [helmupgr] Custom Resource Spec (replicas: 1) (extensions: 1)
2025-01-30 18:32:13,711 INFO c.h.h.t.HelmChartContainer - [hivemq-test-hivemq-platform] [hivemq-platform-operator] [9402e1fb] 18:32:13.709 [ReconcilerExecutor-hivemq-controller-101] DEBUG c.h.p.o.HiveMQPlatformReconciler - [helmupgr] StatefulSet Status (revision: test-hivemq-platform-5b6c7575b6, replicas: 1, available: 0, ready: 0, current: 1, updated: 1)
2025-01-30 18:32:13,711 INFO c.h.h.t.HelmChartContainer - [hivemq-test-hivemq-platform] [hivemq-platform-operator] [9402e1fb] 18:32:13.710 [ReconcilerExecutor-hivemq-controller-101] DEBUG c.h.p.o.HiveMQPlatformReconciler - [helmupgr] StatefulSet Spec (replicas: 1, init containers: 1, containers: 1, volumes: 4)
2025-01-30 18:32:13,715 INFO c.h.h.t.HelmChartContainer - [hivemq-test-hivemq-platform] [hivemq-platform-operator] [9402e1fb] 18:32:13.713 [ReconcilerExecutor-hivemq-controller-101] DEBUG c.h.p.o.h.HiveMQPlatformReconcilerErrorHandler - [helmupgr] Pod 'test-hivemq-platform-0' phase Pending
2025-01-30 18:32:13,715 INFO c.h.h.t.HelmChartContainer - [hivemq-test-hivemq-platform] [hivemq-platform-operator] [9402e1fb] 18:32:13.713 [ReconcilerExecutor-hivemq-controller-101] DEBUG c.h.p.o.h.HiveMQPlatformReconcilerErrorHandler - [helmupgr] Pod 'test-hivemq-platform-0' condition 'PodReadyToStartContainers': True
2025-01-30 18:32:13,715 INFO c.h.h.t.HelmChartContainer - [hivemq-test-hivemq-platform] [hivemq-platform-operator] [9402e1fb] 18:32:13.713 [ReconcilerExecutor-hivemq-controller-101] DEBUG c.h.p.o.h.HiveMQPlatformReconcilerErrorHandler - [helmupgr] Pod 'test-hivemq-platform-0' condition 'Initialized': False
2025-01-30 18:32:13,715 INFO c.h.h.t.HelmChartContainer - [hivemq-test-hivemq-platform] [hivemq-platform-operator] [9402e1fb] 18:32:13.713 [ReconcilerExecutor-hivemq-controller-101] DEBUG c.h.p.o.h.HiveMQPlatformReconcilerErrorHandler - [helmupgr] Pod 'test-hivemq-platform-0' condition 'Ready': False
2025-01-30 18:32:13,716 INFO c.h.h.t.HelmChartContainer - [hivemq-test-hivemq-platform] [hivemq-platform-operator] [9402e1fb] 18:32:13.713 [ReconcilerExecutor-hivemq-controller-101] DEBUG c.h.p.o.h.HiveMQPlatformReconcilerErrorHandler - [helmupgr] Pod 'test-hivemq-platform-0' condition 'ContainersReady': False
2025-01-30 18:32:13,716 INFO c.h.h.t.HelmChartContainer - [hivemq-test-hivemq-platform] [hivemq-platform-operator] [9402e1fb] 18:32:13.713 [ReconcilerExecutor-hivemq-controller-101] DEBUG c.h.p.o.h.HiveMQPlatformReconcilerErrorHandler - [helmupgr] Pod 'test-hivemq-platform-0' condition 'PodScheduled': True
2025-01-30 18:32:13,716 INFO c.h.h.t.HelmChartContainer - [hivemq-test-hivemq-platform] [hivemq-platform-operator] [9402e1fb] 18:32:13.713 [ReconcilerExecutor-hivemq-controller-101] DEBUG c.h.p.o.h.HiveMQPlatformReconcilerErrorHandler - [helmupgr] Pod 'test-hivemq-platform-0' containerStatus 'hivemq' (started: false) (ready: false) (waiting: [PodInitializing] null)
2025-01-30 18:32:13,716 INFO c.h.h.t.HelmChartContainer - [hivemq-test-hivemq-platform] [hivemq-platform-operator] [9402e1fb] 18:32:13.715 [ReconcilerExecutor-hivemq-controller-101] INFO  c.h.p.o.h.HiveMQPlatformReconcilerBaseHandler - [helmupgr] HiveMQ Platform is starting, 0 of 1 replicas are ready
2025-01-30 18:32:14,587 INFO c.h.h.t.HelmChartContainer - [EVENT] Normal [Pulled] Container image "docker.io/hivemq/hivemq4:4.36.0" already present on machine [helmupgradeextensionit:test-hivemq-platform-0]
2025-01-30 18:32:14,587 INFO c.h.h.t.HelmChartContainer - Received Pulled event for container hivemq in pod test-hivemq-platform-0 [d3095f8c-2a3d-4d34-8ca2-bccfe5d7e459]
2025-01-30 18:32:14,596 INFO c.h.h.t.HelmChartContainer - [POD] test-hivemq-platform-0 [d3095f8c-2a3d-4d34-8ca2-bccfe5d7e459] in helmupgradeextensionit was MODIFIED
2025-01-30 18:32:14,602 INFO c.h.h.t.HelmChartContainer - [hivemq-test-hivemq-platform] [hivemq-platform-operator] [9402e1fb] 18:32:14.600 [pool-6-thread-3] DEBUG c.h.p.o.d.PlatformServiceResource - [helmupgr] Desired Platform services (3 services)
2025-01-30 18:32:14,607 INFO c.h.h.t.HelmChartContainer - [hivemq-test-hivemq-platform] [hivemq-platform-operator] [9402e1fb] 18:32:14.604 [pool-6-thread-6] DEBUG c.h.p.o.dependants.PodInfoConfigMap - [helmupgr] Desired PodInfo ConfigMap (1 extensions) (1 enabled)
2025-01-30 18:32:14,607 INFO c.h.h.t.HelmChartContainer - [hivemq-test-hivemq-platform] [hivemq-platform-operator] [9402e1fb] 18:32:14.604 [pool-6-thread-6] DEBUG c.h.p.o.dependants.PodInfoConfigMap - [helmupgr] Desired PodInfo ConfigMap (metrics port: 9399) (metrics path: /)
2025-01-30 18:32:14,607 INFO c.h.h.t.HelmChartContainer - [hivemq-test-hivemq-platform] [hivemq-platform-operator] [9402e1fb] 18:32:14.604 [pool-6-thread-6] DEBUG c.h.p.o.dependants.PodInfoConfigMap - [helmupgr] Desired PodInfo ConfigMap (extension state hash: -1130830987)
2025-01-30 18:32:14,607 INFO c.h.h.t.HelmChartContainer - [hivemq-test-hivemq-platform] [hivemq-platform-operator] [9402e1fb] 18:32:14.605 [pool-6-thread-4] DEBUG c.h.p.o.d.PodServiceAccountResource - [helmupgr] Desired PodServiceAccountResource (serviceAccountName: hivemq-platform-pod-test-hivemq-platform)
2025-01-30 18:32:14,611 INFO c.h.h.t.HelmChartContainer - [hivemq-test-hivemq-platform] [hivemq-platform-operator] [9402e1fb] 18:32:14.610 [pool-6-thread-10] DEBUG c.h.p.o.d.StatefulSetResource - [helmupgr] Desired StatefulSet (1 replicas) for status STARTING (READY)
2025-01-30 18:32:14,642 INFO c.h.h.t.HelmChartContainer - [hivemq-test-hivemq-platform] [hivemq-platform-operator] [9402e1fb] 18:32:14.641 [ReconcilerExecutor-hivemq-controller-112] INFO  c.h.p.o.HiveMQPlatformReconciler - [helmupgr] Reconciling HiveMQ Platform 'test-hivemq-platform' in namespace 'helmupgradeextensionit'
2025-01-30 18:32:14,643 INFO c.h.h.t.HelmChartContainer - [hivemq-test-hivemq-platform] [hivemq-platform-operator] [9402e1fb] 18:32:14.641 [ReconcilerExecutor-hivemq-controller-112] DEBUG c.h.p.o.HiveMQPlatformReconciler - [helmupgr] Custom Resource Status STARTING - HiveMQ Platform is starting (READY)
2025-01-30 18:32:14,643 INFO c.h.h.t.HelmChartContainer - [hivemq-test-hivemq-platform] [hivemq-platform-operator] [9402e1fb] 18:32:14.641 [ReconcilerExecutor-hivemq-controller-112] DEBUG c.h.p.o.HiveMQPlatformReconciler - [helmupgr] Custom Resource Spec (replicas: 1) (extensions: 1)
2025-01-30 18:32:14,645 INFO c.h.h.t.HelmChartContainer - [hivemq-test-hivemq-platform] [hivemq-platform-operator] [9402e1fb] 18:32:14.644 [ReconcilerExecutor-hivemq-controller-112] DEBUG c.h.p.o.HiveMQPlatformReconciler - [helmupgr] StatefulSet Status (revision: test-hivemq-platform-5b6c7575b6, replicas: 1, available: 0, ready: 0, current: 1, updated: 1)
2025-01-30 18:32:14,647 INFO c.h.h.t.HelmChartContainer - [hivemq-test-hivemq-platform] [hivemq-platform-operator] [9402e1fb] 18:32:14.644 [ReconcilerExecutor-hivemq-controller-112] DEBUG c.h.p.o.HiveMQPlatformReconciler - [helmupgr] StatefulSet Spec (replicas: 1, init containers: 1, containers: 1, volumes: 4)
2025-01-30 18:32:14,648 INFO c.h.h.t.HelmChartContainer - [hivemq-test-hivemq-platform] [hivemq-platform-operator] [9402e1fb] 18:32:14.647 [ReconcilerExecutor-hivemq-controller-112] DEBUG c.h.p.o.h.HiveMQPlatformReconcilerErrorHandler - [helmupgr] Pod 'test-hivemq-platform-0' phase Pending
2025-01-30 18:32:14,650 INFO c.h.h.t.HelmChartContainer - [hivemq-test-hivemq-platform] [hivemq-platform-operator] [9402e1fb] 18:32:14.647 [ReconcilerExecutor-hivemq-controller-112] DEBUG c.h.p.o.h.HiveMQPlatformReconcilerErrorHandler - [helmupgr] Pod 'test-hivemq-platform-0' condition 'PodReadyToStartContainers': True
2025-01-30 18:32:14,650 INFO c.h.h.t.HelmChartContainer - [hivemq-test-hivemq-platform] [hivemq-platform-operator] [9402e1fb] 18:32:14.647 [ReconcilerExecutor-hivemq-controller-112] DEBUG c.h.p.o.h.HiveMQPlatformReconcilerErrorHandler - [helmupgr] Pod 'test-hivemq-platform-0' condition 'Initialized': True
2025-01-30 18:32:14,650 INFO c.h.h.t.HelmChartContainer - [hivemq-test-hivemq-platform] [hivemq-platform-operator] [9402e1fb] 18:32:14.647 [ReconcilerExecutor-hivemq-controller-112] DEBUG c.h.p.o.h.HiveMQPlatformReconcilerErrorHandler - [helmupgr] Pod 'test-hivemq-platform-0' condition 'Ready': False
2025-01-30 18:32:14,650 INFO c.h.h.t.HelmChartContainer - [hivemq-test-hivemq-platform] [hivemq-platform-operator] [9402e1fb] 18:32:14.647 [ReconcilerExecutor-hivemq-controller-112] DEBUG c.h.p.o.h.HiveMQPlatformReconcilerErrorHandler - [helmupgr] Pod 'test-hivemq-platform-0' condition 'ContainersReady': False
2025-01-30 18:32:14,650 INFO c.h.h.t.HelmChartContainer - [hivemq-test-hivemq-platform] [hivemq-platform-operator] [9402e1fb] 18:32:14.647 [ReconcilerExecutor-hivemq-controller-112] DEBUG c.h.p.o.h.HiveMQPlatformReconcilerErrorHandler - [helmupgr] Pod 'test-hivemq-platform-0' condition 'PodScheduled': True
2025-01-30 18:32:14,650 INFO c.h.h.t.HelmChartContainer - [hivemq-test-hivemq-platform] [hivemq-platform-operator] [9402e1fb] 18:32:14.647 [ReconcilerExecutor-hivemq-controller-112] DEBUG c.h.p.o.h.HiveMQPlatformReconcilerErrorHandler - [helmupgr] Pod 'test-hivemq-platform-0' containerStatus 'hivemq' (started: false) (ready: false) (waiting: [PodInitializing] null)
2025-01-30 18:32:14,650 INFO c.h.h.t.HelmChartContainer - [hivemq-test-hivemq-platform] [hivemq-platform-operator] [9402e1fb] 18:32:14.649 [ReconcilerExecutor-hivemq-controller-112] INFO  c.h.p.o.h.HiveMQPlatformReconcilerBaseHandler - [helmupgr] HiveMQ Platform is starting, 0 of 1 replicas are ready
2025-01-30 18:32:16,046 INFO c.h.h.t.HelmChartContainer - [EVENT] Normal [Created] Created container: hivemq [helmupgradeextensionit:test-hivemq-platform-0]
2025-01-30 18:32:16,046 INFO c.h.h.t.HelmChartContainer - Received Created event for container hivemq in pod test-hivemq-platform-0 [d3095f8c-2a3d-4d34-8ca2-bccfe5d7e459]
2025-01-30 18:32:16,599 INFO c.h.h.t.HelmChartContainer - [POD] test-hivemq-platform-0 [d3095f8c-2a3d-4d34-8ca2-bccfe5d7e459] in helmupgradeextensionit was MODIFIED
2025-01-30 18:32:16,611 INFO c.h.h.t.HelmChartContainer - [EVENT] Normal [Started] Started container hivemq [helmupgradeextensionit:test-hivemq-platform-0]
2025-01-30 18:32:16,611 INFO c.h.h.t.HelmChartContainer - Received Started event for container hivemq in pod test-hivemq-platform-0 [d3095f8c-2a3d-4d34-8ca2-bccfe5d7e459]
2025-01-30 18:32:16,612 INFO c.h.h.t.HelmChartContainer - Started log watcher for hivemq in pod test-hivemq-platform-0 [d3095f8c-2a3d-4d34-8ca2-bccfe5d7e459]
2025-01-30 18:32:16,612 INFO c.h.h.t.HelmChartContainer - [test-hivemq-platform] [hivemq] [d3095f8c] Adding pre-installed HiveMQ Platform Operator extensions
2025-01-30 18:32:16,612 INFO c.h.h.t.HelmChartContainer - [test-hivemq-platform] [hivemq] [d3095f8c] Running as user 10000
2025-01-30 18:32:16,612 INFO c.h.h.t.HelmChartContainer - [test-hivemq-platform] [hivemq] [d3095f8c] Starting HiveMQ Platform Operator Init
2025-01-30 18:32:16,618 INFO c.h.h.t.HelmChartContainer - [hivemq-test-hivemq-platform] [hivemq-platform-operator] [9402e1fb] 18:32:16.617 [pool-6-thread-15] DEBUG c.h.p.o.d.PlatformServiceResource - [helmupgr] Desired Platform services (3 services)
2025-01-30 18:32:16,623 INFO c.h.h.t.HelmChartContainer - [hivemq-test-hivemq-platform] [hivemq-platform-operator] [9402e1fb] 18:32:16.621 [pool-6-thread-16] DEBUG c.h.p.o.dependants.PodInfoConfigMap - [helmupgr] Desired PodInfo ConfigMap (1 extensions) (1 enabled)
2025-01-30 18:32:16,623 INFO c.h.h.t.HelmChartContainer - [hivemq-test-hivemq-platform] [hivemq-platform-operator] [9402e1fb] 18:32:16.621 [pool-6-thread-16] DEBUG c.h.p.o.dependants.PodInfoConfigMap - [helmupgr] Desired PodInfo ConfigMap (metrics port: 9399) (metrics path: /)
2025-01-30 18:32:16,623 INFO c.h.h.t.HelmChartContainer - [hivemq-test-hivemq-platform] [hivemq-platform-operator] [9402e1fb] 18:32:16.621 [pool-6-thread-16] DEBUG c.h.p.o.dependants.PodInfoConfigMap - [helmupgr] Desired PodInfo ConfigMap (extension state hash: -1130830987)
2025-01-30 18:32:16,625 INFO c.h.h.t.HelmChartContainer - [hivemq-test-hivemq-platform] [hivemq-platform-operator] [9402e1fb] 18:32:16.624 [pool-6-thread-14] DEBUG c.h.p.o.d.PodServiceAccountResource - [helmupgr] Desired PodServiceAccountResource (serviceAccountName: hivemq-platform-pod-test-hivemq-platform)
2025-01-30 18:32:16,636 INFO c.h.h.t.HelmChartContainer - [hivemq-test-hivemq-platform] [hivemq-platform-operator] [9402e1fb] 18:32:16.634 [pool-6-thread-15] DEBUG c.h.p.o.d.StatefulSetResource - [helmupgr] Desired StatefulSet (1 replicas) for status STARTING (READY)
2025-01-30 18:32:16,709 INFO c.h.h.t.HelmChartContainer - [hivemq-test-hivemq-platform] [hivemq-platform-operator] [9402e1fb] 18:32:16.708 [ReconcilerExecutor-hivemq-controller-113] INFO  c.h.p.o.HiveMQPlatformReconciler - [helmupgr] Reconciling HiveMQ Platform 'test-hivemq-platform' in namespace 'helmupgradeextensionit'
2025-01-30 18:32:16,709 INFO c.h.h.t.HelmChartContainer - [hivemq-test-hivemq-platform] [hivemq-platform-operator] [9402e1fb] 18:32:16.708 [ReconcilerExecutor-hivemq-controller-113] DEBUG c.h.p.o.HiveMQPlatformReconciler - [helmupgr] Custom Resource Status STARTING - HiveMQ Platform is starting (READY)
2025-01-30 18:32:16,709 INFO c.h.h.t.HelmChartContainer - [hivemq-test-hivemq-platform] [hivemq-platform-operator] [9402e1fb] 18:32:16.708 [ReconcilerExecutor-hivemq-controller-113] DEBUG c.h.p.o.HiveMQPlatformReconciler - [helmupgr] Custom Resource Spec (replicas: 1) (extensions: 1)
2025-01-30 18:32:16,712 INFO c.h.h.t.HelmChartContainer - [hivemq-test-hivemq-platform] [hivemq-platform-operator] [9402e1fb] 18:32:16.711 [ReconcilerExecutor-hivemq-controller-113] DEBUG c.h.p.o.HiveMQPlatformReconciler - [helmupgr] StatefulSet Status (revision: test-hivemq-platform-5b6c7575b6, replicas: 1, available: 0, ready: 0, current: 1, updated: 1)
2025-01-30 18:32:16,713 INFO c.h.h.t.HelmChartContainer - [hivemq-test-hivemq-platform] [hivemq-platform-operator] [9402e1fb] 18:32:16.711 [ReconcilerExecutor-hivemq-controller-113] DEBUG c.h.p.o.HiveMQPlatformReconciler - [helmupgr] StatefulSet Spec (replicas: 1, init containers: 1, containers: 1, volumes: 4)
2025-01-30 18:32:16,714 INFO c.h.h.t.HelmChartContainer - [hivemq-test-hivemq-platform] [hivemq-platform-operator] [9402e1fb] 18:32:16.713 [ReconcilerExecutor-hivemq-controller-113] DEBUG c.h.p.o.h.HiveMQPlatformReconcilerErrorHandler - [helmupgr] Pod 'test-hivemq-platform-0' phase Running
2025-01-30 18:32:16,716 INFO c.h.h.t.HelmChartContainer - [hivemq-test-hivemq-platform] [hivemq-platform-operator] [9402e1fb] 18:32:16.715 [ReconcilerExecutor-hivemq-controller-113] INFO  c.h.p.o.h.HiveMQPlatformReconcilerBaseHandler - [helmupgr] HiveMQ Platform is starting, 0 of 1 replicas are ready
2025-01-30 18:32:17,319 INFO c.h.h.t.HelmChartContainer - [test-hivemq-platform] [hivemq] [d3095f8c] INFO  - [HiveMQ Platform Operator Init 1.7.0-SNAPSHOT] HiveMQ Platform Operator Init 1.7.0-SNAPSHOT (commit: 47e3375 on branch: HEAD) built on Thu Jan 30 03:55:50 UTC 2025
2025-01-30 18:32:18,405 INFO c.h.h.t.HelmChartContainer - [test-hivemq-platform] [hivemq] [d3095f8c] INFO  - [HiveMQ Platform Operator Init App 1.7.0-SNAPSHOT] Using bind address 10.42.0.8 from environment variable
2025-01-30 18:32:19,302 INFO c.h.h.t.HelmChartContainer - [test-hivemq-platform] [hivemq] [d3095f8c] INFO  - [HiveMQ Platform Operator Init App 1.7.0-SNAPSHOT] HiveMQ Platform Operator Init App 1.7.0-SNAPSHOT (commit: 47e3375 on branch: HEAD) built on Thu Jan 30 03:55:50 UTC 2025
2025-01-30 18:32:19,302 INFO c.h.h.t.HelmChartContainer - [test-hivemq-platform] [hivemq] [d3095f8c] INFO  - [HiveMQ Platform Operator Init App 1.7.0-SNAPSHOT] PodInfo ConfigMap directory: /etc/podinfo
2025-01-30 18:32:19,302 INFO c.h.h.t.HelmChartContainer - [test-hivemq-platform] [hivemq] [d3095f8c] INFO  - [HiveMQ Platform Operator Init App 1.7.0-SNAPSHOT] HiveMQ home directory: /opt/hivemq
2025-01-30 18:32:19,302 INFO c.h.h.t.HelmChartContainer - [test-hivemq-platform] [hivemq] [d3095f8c] INFO  - [HiveMQ Platform Operator Init App 1.7.0-SNAPSHOT] HiveMQ Logback folder: /opt/hivemq/conf
2025-01-30 18:32:19,303 INFO c.h.h.t.HelmChartContainer - [test-hivemq-platform] [hivemq] [d3095f8c] INFO  - [HiveMQ Platform Operator Init App 1.7.0-SNAPSHOT] HiveMQ Config folder: /opt/hivemq/conf-k8s
2025-01-30 18:32:19,319 INFO c.h.h.t.HelmChartContainer - [test-hivemq-platform] [hivemq] [d3095f8c] INFO  - [HiveMQ Platform Operator Init App 1.7.0-SNAPSHOT] Starting HiveMQ Platform Operator Init App
2025-01-30 18:32:19,319 INFO c.h.h.t.HelmChartContainer - [test-hivemq-platform] [hivemq] [d3095f8c] INFO  - [HiveMQ Platform Operator Init App 1.7.0-SNAPSHOT] Starting Pod reconciler
2025-01-30 18:32:20,523 INFO c.h.h.t.HelmChartContainer - [test-hivemq-platform] [hivemq] [d3095f8c] INFO  - [HiveMQ Platform Operator Init App 1.7.0-SNAPSHOT] Pod reconciler is scheduled (interval: 5000 ms)
2025-01-30 18:32:20,524 INFO c.h.h.t.HelmChartContainer - [test-hivemq-platform] [hivemq] [d3095f8c] INFO  - [HiveMQ Platform Operator Init App 1.7.0-SNAPSHOT] Starting the REST API on 10.42.0.8:7979
2025-01-30 18:32:20,526 INFO c.h.h.t.HelmChartContainer - [test-hivemq-platform] [hivemq] [d3095f8c] INFO  - [HiveMQ Platform Operator Init App 1.7.0-SNAPSHOT] Waiting up to 600s for at most 1 HiveMQ nodes in cluster service hivemq-test-hivemq-platform-cluster.helmupgradeextensionit.svc
2025-01-30 18:32:20,904 INFO c.h.h.t.HelmChartContainer - [test-hivemq-platform] [hivemq] [d3095f8c] INFO  - [HiveMQ Platform Operator Init App 1.7.0-SNAPSHOT] Resolved 1 IP addresses: [10.42.0.8]
2025-01-30 18:32:20,905 INFO c.h.h.t.HelmChartContainer - [test-hivemq-platform] [hivemq] [d3095f8c] INFO  - [HiveMQ Platform Operator Init App 1.7.0-SNAPSHOT] HiveMQ node count of 1 is within threshold of 1
2025-01-30 18:32:20,905 INFO c.h.h.t.HelmChartContainer - [test-hivemq-platform] [hivemq] [d3095f8c] INFO  - [HiveMQ Platform Operator Init App 1.7.0-SNAPSHOT] Proceeding with container start
2025-01-30 18:32:21,000 INFO c.h.h.t.HelmChartContainer - [test-hivemq-platform] [hivemq] [d3095f8c] INFO  - [HiveMQ Platform Operator Init App 1.7.0-SNAPSHOT] Initializing HiveMQ Platform extensions with initial configuration: {hivemq-bridge-extension={start-priority=-1, skip-https-hostname-verification=false, restart=true, config-version=825, header-version=0, c-uri=, priority=-1, uri=preinstalled, skip-https-certificate-validation=false, enabled=true}, hivemq-prometheus-extension={skip-https-hostname-verification=false, c-uri=, start-priority=-1, priority=-1, restart=true, enabled=true, request-header-path=no-request-headers, uri=preinstalled, skip-https-certificate-validation=false}}
2025-01-30 18:32:21,394 INFO c.h.h.t.HelmChartContainer - [test-hivemq-platform] [hivemq] [d3095f8c] INFO  - [HiveMQ Platform Operator Init App 1.7.0-SNAPSHOT] Successfully enabled extension hivemq-bridge-extension
2025-01-30 18:32:21,394 INFO c.h.h.testcontainer.LogWaiterUtil - TEST Found log pattern on 'test-hivemq-platform-0': .*\[HiveMQ Platform Operator Init App [A-Z0-9.-]+\] Successfully enabled extension hivemq-bridge-extension
2025-01-30 18:32:21,421 INFO c.h.h.t.HelmChartContainer - [test-hivemq-platform] [hivemq] [d3095f8c] INFO  - [HiveMQ Platform Operator Init App 1.7.0-SNAPSHOT] Successfully enabled extension hivemq-prometheus-extension
2025-01-30 18:32:21,423 INFO c.h.h.t.HelmChartContainer - [test-hivemq-platform] [hivemq] [d3095f8c] INFO  - [HiveMQ Platform Operator Init App 1.7.0-SNAPSHOT] Starting HiveMQ Platform version 4.36.0 (4.36.0)
2025-01-30 18:32:21,423 INFO c.h.h.t.HelmChartContainer - [test-hivemq-platform] [hivemq] [d3095f8c] INFO  - [HiveMQ Platform Operator Init App 1.7.0-SNAPSHOT] Configuring the HiveMQ Platform
2025-01-30 18:32:21,498 INFO c.h.h.t.HelmChartContainer - [test-hivemq-platform] [hivemq] [d3095f8c] INFO  - [HiveMQ Platform Operator Init App 1.7.0-SNAPSHOT] Changed logback.xml file scan period to 20 seconds
2025-01-30 18:32:21,527 INFO c.h.h.t.HelmChartContainer - [test-hivemq-platform] [hivemq] [d3095f8c] INFO  - [HiveMQ Platform Operator Init App 1.7.0-SNAPSHOT] Starting the HiveMQ Platform
2025-01-30 18:32:21,595 INFO c.h.h.t.HelmChartContainer - [test-hivemq-platform] [hivemq] [d3095f8c] -------------------------------------------------------------------------
2025-01-30 18:32:21,596 INFO c.h.h.t.HelmChartContainer - [test-hivemq-platform] [hivemq] [d3095f8c] 
2025-01-30 18:32:21,596 INFO c.h.h.t.HelmChartContainer - [test-hivemq-platform] [hivemq] [d3095f8c]                   _    _  _              __  __   ____
2025-01-30 18:32:21,596 INFO c.h.h.t.HelmChartContainer - [test-hivemq-platform] [hivemq] [d3095f8c]                  | |  | |(_)            |  \/  | / __ \
2025-01-30 18:32:21,596 INFO c.h.h.t.HelmChartContainer - [test-hivemq-platform] [hivemq] [d3095f8c]                  | |__| | _ __   __ ___ | \  / || |  | |
2025-01-30 18:32:21,596 INFO c.h.h.t.HelmChartContainer - [test-hivemq-platform] [hivemq] [d3095f8c]                  |  __  || |\ \ / // _ \| |\/| || |  | |
2025-01-30 18:32:21,596 INFO c.h.h.t.HelmChartContainer - [test-hivemq-platform] [hivemq] [d3095f8c]                  | |  | || | \ V /|  __/| |  | || |__| |
2025-01-30 18:32:21,596 INFO c.h.h.t.HelmChartContainer - [test-hivemq-platform] [hivemq] [d3095f8c]                  |_|  |_||_|  \_/  \___||_|  |_| \___\_\
2025-01-30 18:32:21,596 INFO c.h.h.t.HelmChartContainer - [test-hivemq-platform] [hivemq] [d3095f8c] 
2025-01-30 18:32:21,597 INFO c.h.h.t.HelmChartContainer - [test-hivemq-platform] [hivemq] [d3095f8c] -------------------------------------------------------------------------
2025-01-30 18:32:21,597 INFO c.h.h.t.HelmChartContainer - [test-hivemq-platform] [hivemq] [d3095f8c] 
2025-01-30 18:32:21,597 INFO c.h.h.t.HelmChartContainer - [test-hivemq-platform] [hivemq] [d3095f8c]   HiveMQ Start Script for Linux/Unix v1.14
2025-01-30 18:32:21,597 INFO c.h.h.t.HelmChartContainer - [test-hivemq-platform] [hivemq] [d3095f8c] 
2025-01-30 18:32:21,634 INFO c.h.h.t.HelmChartContainer - [test-hivemq-platform] [hivemq] [d3095f8c] -------------------------------------------------------------------------
2025-01-30 18:32:21,635 INFO c.h.h.t.HelmChartContainer - [test-hivemq-platform] [hivemq] [d3095f8c] 
2025-01-30 18:32:21,635 INFO c.h.h.t.HelmChartContainer - [test-hivemq-platform] [hivemq] [d3095f8c]   HIVEMQ_HOME: /opt/hivemq
2025-01-30 18:32:21,635 INFO c.h.h.t.HelmChartContainer - [test-hivemq-platform] [hivemq] [d3095f8c] 
2025-01-30 18:32:21,635 INFO c.h.h.t.HelmChartContainer - [test-hivemq-platform] [hivemq] [d3095f8c]   JAVA_OPTS: -XX:+UnlockExperimentalVMOptions -XX:InitialRAMPercentage=50 -XX:MaxRAMPercentage=50 -Djava.net.preferIPv4Stack=true --add-opens java.base/java.lang=ALL-UNNAMED --add-opens java.base/java.nio=ALL-UNNAMED --add-opens java.base/sun.nio.ch=ALL-UNNAMED --add-opens jdk.management/com.sun.management.internal=ALL-UNNAMED --add-exports java.base/jdk.internal.misc=ALL-UNNAMED -Djava.security.egd=file:/dev/./urandom -Dcom.sun.management.jmxremote -Dcom.sun.management.jmxremote.port=9010 -Dcom.sun.management.jmxremote.local.only=false -Dcom.sun.management.jmxremote.authenticate=false -Dcom.sun.management.jmxremote.ssl=false -Duser.language=en -Duser.region=US -XX:+CrashOnOutOfMemoryError -XX:+HeapDumpOnOutOfMemoryError
2025-01-30 18:32:21,635 INFO c.h.h.t.HelmChartContainer - [test-hivemq-platform] [hivemq] [d3095f8c] 
2025-01-30 18:32:21,635 INFO c.h.h.t.HelmChartContainer - [test-hivemq-platform] [hivemq] [d3095f8c]   JAVA_VERSION: 21
2025-01-30 18:32:21,635 INFO c.h.h.t.HelmChartContainer - [test-hivemq-platform] [hivemq] [d3095f8c] 
2025-01-30 18:32:21,635 INFO c.h.h.t.HelmChartContainer - [test-hivemq-platform] [hivemq] [d3095f8c] -------------------------------------------------------------------------
2025-01-30 18:32:21,636 INFO c.h.h.t.HelmChartContainer - [test-hivemq-platform] [hivemq] [d3095f8c] 
2025-01-30 18:32:22,624 INFO c.h.h.t.HelmChartContainer - [test-hivemq-platform] [hivemq] [d3095f8c] INFO  - [HiveMQ Platform Operator Init App 1.7.0-SNAPSHOT] Returning default Health API response 503 for readiness
2025-01-30 18:32:23,000 INFO c.h.h.t.HelmChartContainer - [EVENT] Warning [Unhealthy] Readiness probe failed: HTTP probe failed with statuscode: 503 [helmupgradeextensionit:test-hivemq-platform-0]
2025-01-30 18:32:23,001 INFO c.h.h.t.HelmChartContainer - Received Unhealthy event for container hivemq in pod test-hivemq-platform-0 [d3095f8c-2a3d-4d34-8ca2-bccfe5d7e459]
2025-01-30 18:32:24,206 INFO c.h.h.t.HelmChartContainer - [test-hivemq-platform] [hivemq] [d3095f8c] INFO  - Starting HiveMQ Enterprise Server
2025-01-30 18:32:24,220 INFO c.h.h.t.HelmChartContainer - [test-hivemq-platform] [hivemq] [d3095f8c] INFO  - HiveMQ version: 4.36.0
2025-01-30 18:32:24,220 INFO c.h.h.t.HelmChartContainer - [test-hivemq-platform] [hivemq] [d3095f8c] INFO  - HiveMQ home directory: /opt/hivemq
2025-01-30 18:32:24,221 INFO c.h.h.t.HelmChartContainer - [test-hivemq-platform] [hivemq] [d3095f8c] INFO  - Log Configuration was overridden by /opt/hivemq/conf/logback.xml
2025-01-30 18:32:25,521 INFO c.h.h.t.HelmChartContainer - [test-hivemq-platform] [hivemq] [d3095f8c] INFO  - Successfully loaded configuration from '/opt/hivemq/conf-k8s/config.xml'.
2025-01-30 18:32:26,321 INFO c.h.h.t.HelmChartContainer - [test-hivemq-platform] [hivemq] [d3095f8c] INFO  - This node's ID is td0hV
2025-01-30 18:32:26,321 INFO c.h.h.t.HelmChartContainer - [test-hivemq-platform] [hivemq] [d3095f8c] INFO  - Clustering is enabled
2025-01-30 18:32:26,722 INFO c.h.h.t.HelmChartContainer - [hivemq-test-hivemq-platform] [hivemq-platform-operator] [9402e1fb] 18:32:26.720 [pool-6-thread-26] DEBUG c.h.p.o.d.PlatformServiceResource - [helmupgr] Desired Platform services (3 services)
2025-01-30 18:32:26,723 INFO c.h.h.t.HelmChartContainer - [hivemq-test-hivemq-platform] [hivemq-platform-operator] [9402e1fb] 18:32:26.721 [pool-6-thread-27] DEBUG c.h.p.o.dependants.PodInfoConfigMap - [helmupgr] Desired PodInfo ConfigMap (1 extensions) (1 enabled)
2025-01-30 18:32:26,724 INFO c.h.h.t.HelmChartContainer - [hivemq-test-hivemq-platform] [hivemq-platform-operator] [9402e1fb] 18:32:26.723 [pool-6-thread-27] DEBUG c.h.p.o.dependants.PodInfoConfigMap - [helmupgr] Desired PodInfo ConfigMap (metrics port: 9399) (metrics path: /)
2025-01-30 18:32:26,725 INFO c.h.h.t.HelmChartContainer - [hivemq-test-hivemq-platform] [hivemq-platform-operator] [9402e1fb] 18:32:26.724 [pool-6-thread-27] DEBUG c.h.p.o.dependants.PodInfoConfigMap - [helmupgr] Desired PodInfo ConfigMap (extension state hash: -1130830987)
2025-01-30 18:32:26,725 INFO c.h.h.t.HelmChartContainer - [hivemq-test-hivemq-platform] [hivemq-platform-operator] [9402e1fb] 18:32:26.721 [pool-6-thread-24] DEBUG c.h.p.o.d.PodServiceAccountResource - [helmupgr] Desired PodServiceAccountResource (serviceAccountName: hivemq-platform-pod-test-hivemq-platform)
2025-01-30 18:32:26,729 INFO c.h.h.t.HelmChartContainer - [hivemq-test-hivemq-platform] [hivemq-platform-operator] [9402e1fb] 18:32:26.727 [pool-6-thread-27] DEBUG c.h.p.o.d.StatefulSetResource - [helmupgr] Desired StatefulSet (1 replicas) for status STARTING (READY)
2025-01-30 18:32:26,732 INFO c.h.h.t.HelmChartContainer - [hivemq-test-hivemq-platform] [hivemq-platform-operator] [9402e1fb] 18:32:26.731 [ReconcilerExecutor-hivemq-controller-114] INFO  c.h.p.o.HiveMQPlatformReconciler - [helmupgr] Reconciling HiveMQ Platform 'test-hivemq-platform' in namespace 'helmupgradeextensionit'
2025-01-30 18:32:26,732 INFO c.h.h.t.HelmChartContainer - [hivemq-test-hivemq-platform] [hivemq-platform-operator] [9402e1fb] 18:32:26.731 [ReconcilerExecutor-hivemq-controller-114] DEBUG c.h.p.o.HiveMQPlatformReconciler - [helmupgr] Custom Resource Status STARTING - HiveMQ Platform is starting (READY)
2025-01-30 18:32:26,732 INFO c.h.h.t.HelmChartContainer - [hivemq-test-hivemq-platform] [hivemq-platform-operator] [9402e1fb] 18:32:26.731 [ReconcilerExecutor-hivemq-controller-114] DEBUG c.h.p.o.HiveMQPlatformReconciler - [helmupgr] Custom Resource Spec (replicas: 1) (extensions: 1)
2025-01-30 18:32:26,734 INFO c.h.h.t.HelmChartContainer - [hivemq-test-hivemq-platform] [hivemq-platform-operator] [9402e1fb] 18:32:26.733 [ReconcilerExecutor-hivemq-controller-114] DEBUG c.h.p.o.HiveMQPlatformReconciler - [helmupgr] StatefulSet Status (revision: test-hivemq-platform-5b6c7575b6, replicas: 1, available: 0, ready: 0, current: 1, updated: 1)
2025-01-30 18:32:26,735 INFO c.h.h.t.HelmChartContainer - [hivemq-test-hivemq-platform] [hivemq-platform-operator] [9402e1fb] 18:32:26.733 [ReconcilerExecutor-hivemq-controller-114] DEBUG c.h.p.o.HiveMQPlatformReconciler - [helmupgr] StatefulSet Spec (replicas: 1, init containers: 1, containers: 1, volumes: 4)
2025-01-30 18:32:26,738 INFO c.h.h.t.HelmChartContainer - [hivemq-test-hivemq-platform] [hivemq-platform-operator] [9402e1fb] 18:32:26.738 [ReconcilerExecutor-hivemq-controller-114] DEBUG c.h.p.o.h.HiveMQPlatformReconcilerErrorHandler - [helmupgr] Pod 'test-hivemq-platform-0' phase Running
2025-01-30 18:32:26,739 INFO c.h.h.t.HelmChartContainer - [hivemq-test-hivemq-platform] [hivemq-platform-operator] [9402e1fb] 18:32:26.738 [ReconcilerExecutor-hivemq-controller-114] INFO  c.h.p.o.h.HiveMQPlatformReconcilerBaseHandler - [helmupgr] HiveMQ Platform is starting, 0 of 1 replicas are ready
2025-01-30 18:32:27,904 INFO c.h.h.t.HelmChartContainer - [test-hivemq-platform] [hivemq] [d3095f8c] WARN  - [HiveMQ Platform Operator Init App 1.7.0-SNAPSHOT] Cannot connect to Health API for readiness: null
2025-01-30 18:32:27,907 INFO c.h.h.t.HelmChartContainer - [EVENT] Warning [Unhealthy] Readiness probe failed: HTTP probe failed with statuscode: 503 [helmupgradeextensionit:test-hivemq-platform-0]
2025-01-30 18:32:27,907 INFO c.h.h.t.HelmChartContainer - Received Unhealthy event for container hivemq in pod test-hivemq-platform-0 [d3095f8c-2a3d-4d34-8ca2-bccfe5d7e459]
2025-01-30 18:32:30,895 INFO c.h.h.t.HelmChartContainer - [test-hivemq-platform] [hivemq] [d3095f8c] Jan 30, 2025 6:32:30 PM io.vertx.core.impl.BlockedThreadChecker
2025-01-30 18:32:30,896 INFO c.h.h.t.HelmChartContainer - [test-hivemq-platform] [hivemq] [d3095f8c] WARNING: Thread Thread[vert.x-eventloop-thread-1,5,main] has been blocked for 2401 ms, time limit is 2000 ms
2025-01-30 18:32:31,199 INFO c.h.h.t.HelmChartContainer - [test-hivemq-platform] [hivemq] [d3095f8c] INFO  - [HiveMQ Platform Operator Init App 1.7.0-SNAPSHOT] Updating Pod HiveMQ Platform Operator Init App version annotation (version: 1.7.0-SNAPSHOT)
2025-01-30 18:32:31,911 INFO c.h.h.t.HelmChartContainer - [POD] test-hivemq-platform-0 [d3095f8c-2a3d-4d34-8ca2-bccfe5d7e459] in helmupgradeextensionit was MODIFIED
2025-01-30 18:32:31,917 INFO c.h.h.t.HelmChartContainer - [hivemq-test-hivemq-platform] [hivemq-platform-operator] [9402e1fb] 18:32:31.916 [pool-6-thread-31] DEBUG c.h.p.o.d.PlatformServiceResource - [helmupgr] Desired Platform services (3 services)
2025-01-30 18:32:31,919 INFO c.h.h.t.HelmChartContainer - [hivemq-test-hivemq-platform] [hivemq-platform-operator] [9402e1fb] 18:32:31.918 [pool-6-thread-37] DEBUG c.h.p.o.dependants.PodInfoConfigMap - [helmupgr] Desired PodInfo ConfigMap (1 extensions) (1 enabled)
2025-01-30 18:32:31,920 INFO c.h.h.t.HelmChartContainer - [hivemq-test-hivemq-platform] [hivemq-platform-operator] [9402e1fb] 18:32:31.919 [pool-6-thread-37] DEBUG c.h.p.o.dependants.PodInfoConfigMap - [helmupgr] Desired PodInfo ConfigMap (metrics port: 9399) (metrics path: /)
2025-01-30 18:32:31,920 INFO c.h.h.t.HelmChartContainer - [hivemq-test-hivemq-platform] [hivemq-platform-operator] [9402e1fb] 18:32:31.919 [pool-6-thread-37] DEBUG c.h.p.o.dependants.PodInfoConfigMap - [helmupgr] Desired PodInfo ConfigMap (extension state hash: -1130830987)
2025-01-30 18:32:31,925 INFO c.h.h.t.HelmChartContainer - [hivemq-test-hivemq-platform] [hivemq-platform-operator] [9402e1fb] 18:32:31.922 [pool-6-thread-38] DEBUG c.h.p.o.d.PodServiceAccountResource - [helmupgr] Desired PodServiceAccountResource (serviceAccountName: hivemq-platform-pod-test-hivemq-platform)
2025-01-30 18:32:31,925 INFO c.h.h.t.HelmChartContainer - [hivemq-test-hivemq-platform] [hivemq-platform-operator] [9402e1fb] 18:32:31.924 [pool-6-thread-31] DEBUG c.h.p.o.d.StatefulSetResource - [helmupgr] Desired StatefulSet (1 replicas) for status STARTING (READY)
2025-01-30 18:32:31,930 INFO c.h.h.t.HelmChartContainer - [hivemq-test-hivemq-platform] [hivemq-platform-operator] [9402e1fb] 18:32:31.929 [ReconcilerExecutor-hivemq-controller-115] INFO  c.h.p.o.HiveMQPlatformReconciler - [helmupgr] Reconciling HiveMQ Platform 'test-hivemq-platform' in namespace 'helmupgradeextensionit'
2025-01-30 18:32:31,931 INFO c.h.h.t.HelmChartContainer - [hivemq-test-hivemq-platform] [hivemq-platform-operator] [9402e1fb] 18:32:31.929 [ReconcilerExecutor-hivemq-controller-115] DEBUG c.h.p.o.HiveMQPlatformReconciler - [helmupgr] Custom Resource Status STARTING - HiveMQ Platform is starting (READY)
2025-01-30 18:32:31,931 INFO c.h.h.t.HelmChartContainer - [hivemq-test-hivemq-platform] [hivemq-platform-operator] [9402e1fb] 18:32:31.929 [ReconcilerExecutor-hivemq-controller-115] DEBUG c.h.p.o.HiveMQPlatformReconciler - [helmupgr] Custom Resource Spec (replicas: 1) (extensions: 1)
2025-01-30 18:32:31,931 INFO c.h.h.t.HelmChartContainer - [hivemq-test-hivemq-platform] [hivemq-platform-operator] [9402e1fb] 18:32:31.931 [ReconcilerExecutor-hivemq-controller-115] DEBUG c.h.p.o.HiveMQPlatformReconciler - [helmupgr] StatefulSet Status (revision: test-hivemq-platform-5b6c7575b6, replicas: 1, available: 0, ready: 0, current: 1, updated: 1)
2025-01-30 18:32:31,932 INFO c.h.h.t.HelmChartContainer - [hivemq-test-hivemq-platform] [hivemq-platform-operator] [9402e1fb] 18:32:31.931 [ReconcilerExecutor-hivemq-controller-115] DEBUG c.h.p.o.HiveMQPlatformReconciler - [helmupgr] StatefulSet Spec (replicas: 1, init containers: 1, containers: 1, volumes: 4)
2025-01-30 18:32:31,933 INFO c.h.h.t.HelmChartContainer - [hivemq-test-hivemq-platform] [hivemq-platform-operator] [9402e1fb] 18:32:31.932 [ReconcilerExecutor-hivemq-controller-115] DEBUG c.h.p.o.h.HiveMQPlatformReconcilerErrorHandler - [helmupgr] Pod 'test-hivemq-platform-0' phase Running
2025-01-30 18:32:31,934 INFO c.h.h.t.HelmChartContainer - [hivemq-test-hivemq-platform] [hivemq-platform-operator] [9402e1fb] 18:32:31.933 [ReconcilerExecutor-hivemq-controller-115] INFO  c.h.p.o.h.HiveMQPlatformReconcilerBaseHandler - [helmupgr] HiveMQ Platform is starting, 0 of 1 replicas are ready
2025-01-30 18:32:31,993 INFO c.h.h.t.HelmChartContainer - [test-hivemq-platform] [hivemq] [d3095f8c] WARN  - [HiveMQ Platform Operator Init App 1.7.0-SNAPSHOT] Cannot connect to Health API for readiness: null
2025-01-30 18:32:31,996 INFO c.h.h.t.HelmChartContainer - [test-hivemq-platform] [hivemq] [d3095f8c] INFO  - [HiveMQ Platform Operator Init App 1.7.0-SNAPSHOT] Successfully updated Pod HiveMQ Platform Operator Init App version annotation (version: 1.7.0-SNAPSHOT)
2025-01-30 18:32:32,000 INFO c.h.h.t.HelmChartContainer - [EVENT] Warning [Unhealthy] Readiness probe failed: HTTP probe failed with statuscode: 503 [helmupgradeextensionit:test-hivemq-platform-0]
2025-01-30 18:32:32,000 INFO c.h.h.t.HelmChartContainer - Received Unhealthy event for container hivemq in pod test-hivemq-platform-0 [d3095f8c-2a3d-4d34-8ca2-bccfe5d7e459]
2025-01-30 18:32:36,923 INFO c.h.h.t.HelmChartContainer - [test-hivemq-platform] [hivemq] [d3095f8c] WARN  - [HiveMQ Platform Operator Init App 1.7.0-SNAPSHOT] Cannot connect to Health API for readiness: null
2025-01-30 18:32:36,929 INFO c.h.h.t.HelmChartContainer - [EVENT] Warning [Unhealthy] Readiness probe failed: HTTP probe failed with statuscode: 503 [helmupgradeextensionit:test-hivemq-platform-0]
2025-01-30 18:32:36,929 INFO c.h.h.t.HelmChartContainer - Received Unhealthy event for container hivemq in pod test-hivemq-platform-0 [d3095f8c-2a3d-4d34-8ca2-bccfe5d7e459]
2025-01-30 18:32:41,923 INFO c.h.h.t.HelmChartContainer - [test-hivemq-platform] [hivemq] [d3095f8c] WARN  - [HiveMQ Platform Operator Init App 1.7.0-SNAPSHOT] Cannot connect to Health API for readiness: null
2025-01-30 18:32:41,927 INFO c.h.h.t.HelmChartContainer - [EVENT] Warning [Unhealthy] Readiness probe failed: HTTP probe failed with statuscode: 503 [helmupgradeextensionit:test-hivemq-platform-0]
2025-01-30 18:32:41,928 INFO c.h.h.t.HelmChartContainer - Received Unhealthy event for container hivemq in pod test-hivemq-platform-0 [d3095f8c-2a3d-4d34-8ca2-bccfe5d7e459]
2025-01-30 18:32:41,939 INFO c.h.h.t.HelmChartContainer - [hivemq-test-hivemq-platform] [hivemq-platform-operator] [9402e1fb] 18:32:41.936 [pool-6-thread-43] DEBUG c.h.p.o.d.PlatformServiceResource - [helmupgr] Desired Platform services (3 services)
2025-01-30 18:32:41,940 INFO c.h.h.t.HelmChartContainer - [hivemq-test-hivemq-platform] [hivemq-platform-operator] [9402e1fb] 18:32:41.937 [pool-6-thread-47] DEBUG c.h.p.o.dependants.PodInfoConfigMap - [helmupgr] Desired PodInfo ConfigMap (1 extensions) (1 enabled)
2025-01-30 18:32:41,940 INFO c.h.h.t.HelmChartContainer - [hivemq-test-hivemq-platform] [hivemq-platform-operator] [9402e1fb] 18:32:41.937 [pool-6-thread-47] DEBUG c.h.p.o.dependants.PodInfoConfigMap - [helmupgr] Desired PodInfo ConfigMap (metrics port: 9399) (metrics path: /)
2025-01-30 18:32:41,940 INFO c.h.h.t.HelmChartContainer - [hivemq-test-hivemq-platform] [hivemq-platform-operator] [9402e1fb] 18:32:41.937 [pool-6-thread-47] DEBUG c.h.p.o.dependants.PodInfoConfigMap - [helmupgr] Desired PodInfo ConfigMap (extension state hash: -1130830987)
2025-01-30 18:32:41,940 INFO c.h.h.t.HelmChartContainer - [hivemq-test-hivemq-platform] [hivemq-platform-operator] [9402e1fb] 18:32:41.938 [pool-6-thread-44] DEBUG c.h.p.o.d.PodServiceAccountResource - [helmupgr] Desired PodServiceAccountResource (serviceAccountName: hivemq-platform-pod-test-hivemq-platform)
2025-01-30 18:32:41,944 INFO c.h.h.t.HelmChartContainer - [hivemq-test-hivemq-platform] [hivemq-platform-operator] [9402e1fb] 18:32:41.943 [pool-6-thread-43] DEBUG c.h.p.o.d.StatefulSetResource - [helmupgr] Desired StatefulSet (1 replicas) for status STARTING (READY)
2025-01-30 18:32:41,948 INFO c.h.h.t.HelmChartContainer - [hivemq-test-hivemq-platform] [hivemq-platform-operator] [9402e1fb] 18:32:41.946 [ReconcilerExecutor-hivemq-controller-116] INFO  c.h.p.o.HiveMQPlatformReconciler - [helmupgr] Reconciling HiveMQ Platform 'test-hivemq-platform' in namespace 'helmupgradeextensionit'
2025-01-30 18:32:41,948 INFO c.h.h.t.HelmChartContainer - [hivemq-test-hivemq-platform] [hivemq-platform-operator] [9402e1fb] 18:32:41.946 [ReconcilerExecutor-hivemq-controller-116] DEBUG c.h.p.o.HiveMQPlatformReconciler - [helmupgr] Custom Resource Status STARTING - HiveMQ Platform is starting (READY)
2025-01-30 18:32:41,948 INFO c.h.h.t.HelmChartContainer - [hivemq-test-hivemq-platform] [hivemq-platform-operator] [9402e1fb] 18:32:41.946 [ReconcilerExecutor-hivemq-controller-116] DEBUG c.h.p.o.HiveMQPlatformReconciler - [helmupgr] Custom Resource Spec (replicas: 1) (extensions: 1)
2025-01-30 18:32:41,948 INFO c.h.h.t.HelmChartContainer - [hivemq-test-hivemq-platform] [hivemq-platform-operator] [9402e1fb] 18:32:41.947 [ReconcilerExecutor-hivemq-controller-116] DEBUG c.h.p.o.HiveMQPlatformReconciler - [helmupgr] StatefulSet Status (revision: test-hivemq-platform-5b6c7575b6, replicas: 1, available: 0, ready: 0, current: 1, updated: 1)
2025-01-30 18:32:41,948 INFO c.h.h.t.HelmChartContainer - [hivemq-test-hivemq-platform] [hivemq-platform-operator] [9402e1fb] 18:32:41.947 [ReconcilerExecutor-hivemq-controller-116] DEBUG c.h.p.o.HiveMQPlatformReconciler - [helmupgr] StatefulSet Spec (replicas: 1, init containers: 1, containers: 1, volumes: 4)
2025-01-30 18:32:42,012 INFO c.h.h.t.HelmChartContainer - [hivemq-test-hivemq-platform] [hivemq-platform-operator] [9402e1fb] 18:32:42.011 [ReconcilerExecutor-hivemq-controller-116] DEBUG c.h.p.o.h.HiveMQPlatformReconcilerErrorHandler - [helmupgr] Pod 'test-hivemq-platform-0' phase Running
2025-01-30 18:32:42,012 INFO c.h.h.t.HelmChartContainer - [hivemq-test-hivemq-platform] [hivemq-platform-operator] [9402e1fb] 18:32:42.012 [ReconcilerExecutor-hivemq-controller-116] INFO  c.h.p.o.h.HiveMQPlatformReconcilerBaseHandler - [helmupgr] HiveMQ Platform is starting, 0 of 1 replicas are ready
2025-01-30 18:32:43,023 INFO c.h.h.t.HelmChartContainer - [test-hivemq-platform] [hivemq] [d3095f8c] WARN  - [HiveMQ Platform Operator Init App 1.7.0-SNAPSHOT] Cannot connect to Health API for liveness: null
2025-01-30 18:32:43,024 INFO c.h.h.t.HelmChartContainer - [test-hivemq-platform] [hivemq] [d3095f8c] INFO  - [HiveMQ Platform Operator Init App 1.7.0-SNAPSHOT] Returning default Health API response 200 for liveness
2025-01-30 18:32:43,720 INFO c.h.h.t.HelmChartContainer - [test-hivemq-platform] [hivemq] [d3095f8c] INFO  - No valid license file found. Using trial license, restricted to 25 connections.
2025-01-30 18:32:46,223 INFO c.h.h.t.HelmChartContainer - [test-hivemq-platform] [hivemq] [d3095f8c] INFO  - No valid license file for Data Hub found. Using free license, restricted to 1 policy.
2025-01-30 18:32:46,921 INFO c.h.h.t.HelmChartContainer - [test-hivemq-platform] [hivemq] [d3095f8c] WARN  - [HiveMQ Platform Operator Init App 1.7.0-SNAPSHOT] Cannot connect to Health API for readiness: null
2025-01-30 18:32:46,926 INFO c.h.h.t.HelmChartContainer - [EVENT] Warning [Unhealthy] Readiness probe failed: HTTP probe failed with statuscode: 503 [helmupgradeextensionit:test-hivemq-platform-0]
2025-01-30 18:32:46,926 INFO c.h.h.t.HelmChartContainer - Received Unhealthy event for container hivemq in pod test-hivemq-platform-0 [d3095f8c-2a3d-4d34-8ca2-bccfe5d7e459]
2025-01-30 18:32:47,340 INFO c.h.h.t.HelmChartContainer - [test-hivemq-platform] [hivemq] [d3095f8c] INFO  - Audit Logger started.
2025-01-30 18:32:47,734 INFO c.h.h.t.HelmChartContainer - [test-hivemq-platform] [hivemq] [d3095f8c] INFO  - This node uses '1' CPU cores.
2025-01-30 18:32:47,740 INFO c.h.h.t.HelmChartContainer - [test-hivemq-platform] [hivemq] [d3095f8c] INFO  - Starting HiveMQ Health API on address 0.0.0.0 and port 8889
2025-01-30 18:32:48,200 INFO c.h.h.t.HelmChartContainer - [K3S] [info.go:53] Couldn't collect info from any of the files in "/etc/machine-id,/var/lib/dbus/machine-id"
2025-01-30 18:32:48,624 INFO c.h.h.t.HelmChartContainer - [test-hivemq-platform] [hivemq] [d3095f8c] INFO  - Started HiveMQ Health API in 881ms
2025-01-30 18:32:49,427 INFO c.h.h.t.HelmChartContainer - [test-hivemq-platform] [hivemq] [d3095f8c] INFO  - Starting HiveMQ extension system.
2025-01-30 18:32:51,422 INFO c.h.h.t.HelmChartContainer - [test-hivemq-platform] [hivemq] [d3095f8c] INFO  - No license found for enterprise extension with name "HiveMQ Enterprise Bridge Extension". Entering extension trial mode. "HiveMQ Enterprise Bridge Extension" will be disabled in 5 hours.
2025-01-30 18:32:51,540 INFO c.h.h.t.HelmChartContainer - [test-hivemq-platform] [hivemq] [d3095f8c] INFO  - Starting extension with id "hivemq-dns-cluster-discovery" at /opt/hivemq/extensions/hivemq-dns-cluster-discovery
2025-01-30 18:32:52,019 INFO c.h.h.t.HelmChartContainer - [hivemq-test-hivemq-platform] [hivemq-platform-operator] [9402e1fb] 18:32:52.017 [pool-6-thread-2] DEBUG c.h.p.o.dependants.PodInfoConfigMap - [helmupgr] Desired PodInfo ConfigMap (1 extensions) (1 enabled)
2025-01-30 18:32:52,019 INFO c.h.h.t.HelmChartContainer - [hivemq-test-hivemq-platform] [hivemq-platform-operator] [9402e1fb] 18:32:52.017 [pool-6-thread-2] DEBUG c.h.p.o.dependants.PodInfoConfigMap - [helmupgr] Desired PodInfo ConfigMap (metrics port: 9399) (metrics path: /)
2025-01-30 18:32:52,019 INFO c.h.h.t.HelmChartContainer - [hivemq-test-hivemq-platform] [hivemq-platform-operator] [9402e1fb] 18:32:52.017 [pool-6-thread-2] DEBUG c.h.p.o.dependants.PodInfoConfigMap - [helmupgr] Desired PodInfo ConfigMap (extension state hash: -1130830987)
2025-01-30 18:32:52,022 INFO c.h.h.t.HelmChartContainer - [hivemq-test-hivemq-platform] [hivemq-platform-operator] [9402e1fb] 18:32:52.018 [pool-6-thread-9] DEBUG c.h.p.o.d.PodServiceAccountResource - [helmupgr] Desired PodServiceAccountResource (serviceAccountName: hivemq-platform-pod-test-hivemq-platform)
2025-01-30 18:32:52,022 INFO c.h.h.t.HelmChartContainer - [hivemq-test-hivemq-platform] [hivemq-platform-operator] [9402e1fb] 18:32:52.015 [pool-6-thread-7] DEBUG c.h.p.o.d.PlatformServiceResource - [helmupgr] Desired Platform services (3 services)
2025-01-30 18:32:52,028 INFO c.h.h.t.HelmChartContainer - [hivemq-test-hivemq-platform] [hivemq-platform-operator] [9402e1fb] 18:32:52.027 [pool-6-thread-7] DEBUG c.h.p.o.d.StatefulSetResource - [helmupgr] Desired StatefulSet (1 replicas) for status STARTING (READY)
2025-01-30 18:32:52,036 INFO c.h.h.t.HelmChartContainer - [hivemq-test-hivemq-platform] [hivemq-platform-operator] [9402e1fb] 18:32:52.035 [ReconcilerExecutor-hivemq-controller-117] INFO  c.h.p.o.HiveMQPlatformReconciler - [helmupgr] Reconciling HiveMQ Platform 'test-hivemq-platform' in namespace 'helmupgradeextensionit'
2025-01-30 18:32:52,037 INFO c.h.h.t.HelmChartContainer - [hivemq-test-hivemq-platform] [hivemq-platform-operator] [9402e1fb] 18:32:52.036 [ReconcilerExecutor-hivemq-controller-117] DEBUG c.h.p.o.HiveMQPlatformReconciler - [helmupgr] Custom Resource Status STARTING - HiveMQ Platform is starting (READY)
2025-01-30 18:32:52,038 INFO c.h.h.t.HelmChartContainer - [hivemq-test-hivemq-platform] [hivemq-platform-operator] [9402e1fb] 18:32:52.037 [ReconcilerExecutor-hivemq-controller-117] DEBUG c.h.p.o.HiveMQPlatformReconciler - [helmupgr] Custom Resource Spec (replicas: 1) (extensions: 1)
2025-01-30 18:32:52,041 INFO c.h.h.t.HelmChartContainer - [hivemq-test-hivemq-platform] [hivemq-platform-operator] [9402e1fb] 18:32:52.040 [ReconcilerExecutor-hivemq-controller-117] DEBUG c.h.p.o.HiveMQPlatformReconciler - [helmupgr] StatefulSet Status (revision: test-hivemq-platform-5b6c7575b6, replicas: 1, available: 0, ready: 0, current: 1, updated: 1)
2025-01-30 18:32:52,041 INFO c.h.h.t.HelmChartContainer - [hivemq-test-hivemq-platform] [hivemq-platform-operator] [9402e1fb] 18:32:52.040 [ReconcilerExecutor-hivemq-controller-117] DEBUG c.h.p.o.HiveMQPlatformReconciler - [helmupgr] StatefulSet Spec (replicas: 1, init containers: 1, containers: 1, volumes: 4)
2025-01-30 18:32:52,110 INFO c.h.h.t.HelmChartContainer - [hivemq-test-hivemq-platform] [hivemq-platform-operator] [9402e1fb] 18:32:52.109 [ReconcilerExecutor-hivemq-controller-117] DEBUG c.h.p.o.h.HiveMQPlatformReconcilerErrorHandler - [helmupgr] Pod 'test-hivemq-platform-0' phase Running
2025-01-30 18:32:52,111 INFO c.h.h.t.HelmChartContainer - [hivemq-test-hivemq-platform] [hivemq-platform-operator] [9402e1fb] 18:32:52.110 [ReconcilerExecutor-hivemq-controller-117] INFO  c.h.p.o.h.HiveMQPlatformReconcilerBaseHandler - [helmupgr] HiveMQ Platform is starting, 0 of 1 replicas are ready
2025-01-30 18:32:52,125 INFO c.h.h.t.HelmChartContainer - [test-hivemq-platform] [hivemq] [d3095f8c] INFO  - Using TCP cluster transport on address 10.42.0.8 and port 7000
2025-01-30 18:32:52,130 INFO c.h.h.t.HelmChartContainer - [test-hivemq-platform] [hivemq] [d3095f8c] INFO  - Using extension cluster discovery
2025-01-30 18:32:52,428 INFO c.h.h.t.HelmChartContainer - [test-hivemq-platform] [hivemq] [d3095f8c] INFO  - Extension "DNS Cluster Discovery Extension" version 4.3.2 started successfully.
2025-01-30 18:32:52,428 INFO c.h.h.t.HelmChartContainer - [test-hivemq-platform] [hivemq] [d3095f8c] INFO  - Starting extension with id "hivemq-bridge-extension" at /opt/hivemq/extensions/hivemq-bridge-extension
2025-01-30 18:32:52,951 INFO c.h.h.t.HelmChartContainer - [EVENT] Warning [Unhealthy] Readiness probe failed: Get "http://10.42.0.8:7979/readiness": context deadline exceeded (Client.Timeout exceeded while awaiting headers) [helmupgradeextensionit:test-hivemq-platform-0]
2025-01-30 18:32:52,951 INFO c.h.h.t.HelmChartContainer - Received Unhealthy event for container hivemq in pod test-hivemq-platform-0 [d3095f8c-2a3d-4d34-8ca2-bccfe5d7e459]
2025-01-30 18:32:53,321 INFO c.h.h.t.HelmChartContainer - [test-hivemq-platform] [hivemq] [d3095f8c] INFO  - [HiveMQ Platform Operator Init App 1.7.0-SNAPSHOT] Returning Health API response 503 for readiness
2025-01-30 18:32:53,533 INFO c.h.h.t.HelmChartContainer - [test-hivemq-platform] [hivemq] [d3095f8c] INFO  - HiveMQ Enterprise Bridge Extension: Successfully loaded configuration from '/opt/hivemq/extensions/hivemq-bridge-extension/conf/config.xml'.
2025-01-30 18:32:54,423 INFO c.h.h.t.HelmChartContainer - [test-hivemq-platform] [hivemq] [d3095f8c] INFO  - Bridge Extension: Connecting to remote brokers...
2025-01-30 18:32:56,325 INFO c.h.h.t.HelmChartContainer - [test-hivemq-platform] [hivemq] [d3095f8c] INFO  - td0hV: no members discovered after 3505 ms: creating cluster as first member
2025-01-30 18:32:56,331 INFO c.h.h.t.HelmChartContainer - [test-hivemq-platform] [hivemq] [d3095f8c] INFO  - Cluster nodes found by discovery: [td0hV|0] (1) [td0hV].
2025-01-30 18:32:56,916 INFO c.h.h.t.HelmChartContainer - [EVENT] Warning [Unhealthy] Readiness probe failed: HTTP probe failed with statuscode: 503 [helmupgradeextensionit:test-hivemq-platform-0]
2025-01-30 18:32:56,916 INFO c.h.h.t.HelmChartContainer - Received Unhealthy event for container hivemq in pod test-hivemq-platform-0 [d3095f8c-2a3d-4d34-8ca2-bccfe5d7e459]
2025-01-30 18:33:01,916 INFO c.h.h.t.HelmChartContainer - [EVENT] Warning [Unhealthy] Readiness probe failed: HTTP probe failed with statuscode: 503 [helmupgradeextensionit:test-hivemq-platform-0]
2025-01-30 18:33:01,916 INFO c.h.h.t.HelmChartContainer - Received Unhealthy event for container hivemq in pod test-hivemq-platform-0 [d3095f8c-2a3d-4d34-8ca2-bccfe5d7e459]
2025-01-30 18:33:02,118 INFO c.h.h.t.HelmChartContainer - [hivemq-test-hivemq-platform] [hivemq-platform-operator] [9402e1fb] 18:33:02.113 [pool-6-thread-17] DEBUG c.h.p.o.d.PlatformServiceResource - [helmupgr] Desired Platform services (3 services)
2025-01-30 18:33:02,118 INFO c.h.h.t.HelmChartContainer - [hivemq-test-hivemq-platform] [hivemq-platform-operator] [9402e1fb] 18:33:02.116 [pool-6-thread-19] DEBUG c.h.p.o.d.PodServiceAccountResource - [helmupgr] Desired PodServiceAccountResource (serviceAccountName: hivemq-platform-pod-test-hivemq-platform)
2025-01-30 18:33:02,119 INFO c.h.h.t.HelmChartContainer - [hivemq-test-hivemq-platform] [hivemq-platform-operator] [9402e1fb] 18:33:02.119 [pool-6-thread-16] DEBUG c.h.p.o.dependants.PodInfoConfigMap - [helmupgr] Desired PodInfo ConfigMap (1 extensions) (1 enabled)
2025-01-30 18:33:02,123 INFO c.h.h.t.HelmChartContainer - [hivemq-test-hivemq-platform] [hivemq-platform-operator] [9402e1fb] 18:33:02.119 [pool-6-thread-16] DEBUG c.h.p.o.dependants.PodInfoConfigMap - [helmupgr] Desired PodInfo ConfigMap (metrics port: 9399) (metrics path: /)
2025-01-30 18:33:02,123 INFO c.h.h.t.HelmChartContainer - [hivemq-test-hivemq-platform] [hivemq-platform-operator] [9402e1fb] 18:33:02.119 [pool-6-thread-16] DEBUG c.h.p.o.dependants.PodInfoConfigMap - [helmupgr] Desired PodInfo ConfigMap (extension state hash: -1130830987)
2025-01-30 18:33:02,127 INFO c.h.h.t.HelmChartContainer - [hivemq-test-hivemq-platform] [hivemq-platform-operator] [9402e1fb] 18:33:02.125 [pool-6-thread-16] DEBUG c.h.p.o.d.StatefulSetResource - [helmupgr] Desired StatefulSet (1 replicas) for status STARTING (READY)
2025-01-30 18:33:02,133 INFO c.h.h.t.HelmChartContainer - [hivemq-test-hivemq-platform] [hivemq-platform-operator] [9402e1fb] 18:33:02.132 [ReconcilerExecutor-hivemq-controller-118] INFO  c.h.p.o.HiveMQPlatformReconciler - [helmupgr] Reconciling HiveMQ Platform 'test-hivemq-platform' in namespace 'helmupgradeextensionit'
2025-01-30 18:33:02,134 INFO c.h.h.t.HelmChartContainer - [hivemq-test-hivemq-platform] [hivemq-platform-operator] [9402e1fb] 18:33:02.133 [ReconcilerExecutor-hivemq-controller-118] DEBUG c.h.p.o.HiveMQPlatformReconciler - [helmupgr] Custom Resource Status STARTING - HiveMQ Platform is starting (READY)
2025-01-30 18:33:02,136 INFO c.h.h.t.HelmChartContainer - [hivemq-test-hivemq-platform] [hivemq-platform-operator] [9402e1fb] 18:33:02.133 [ReconcilerExecutor-hivemq-controller-118] DEBUG c.h.p.o.HiveMQPlatformReconciler - [helmupgr] Custom Resource Spec (replicas: 1) (extensions: 1)
2025-01-30 18:33:02,137 INFO c.h.h.t.HelmChartContainer - [hivemq-test-hivemq-platform] [hivemq-platform-operator] [9402e1fb] 18:33:02.135 [ReconcilerExecutor-hivemq-controller-118] DEBUG c.h.p.o.HiveMQPlatformReconciler - [helmupgr] StatefulSet Status (revision: test-hivemq-platform-5b6c7575b6, replicas: 1, available: 0, ready: 0, current: 1, updated: 1)
2025-01-30 18:33:02,137 INFO c.h.h.t.HelmChartContainer - [hivemq-test-hivemq-platform] [hivemq-platform-operator] [9402e1fb] 18:33:02.136 [ReconcilerExecutor-hivemq-controller-118] DEBUG c.h.p.o.HiveMQPlatformReconciler - [helmupgr] StatefulSet Spec (replicas: 1, init containers: 1, containers: 1, volumes: 4)
2025-01-30 18:33:02,138 INFO c.h.h.t.HelmChartContainer - [hivemq-test-hivemq-platform] [hivemq-platform-operator] [9402e1fb] 18:33:02.137 [ReconcilerExecutor-hivemq-controller-118] DEBUG c.h.p.o.h.HiveMQPlatformReconcilerErrorHandler - [helmupgr] Pod 'test-hivemq-platform-0' phase Running
2025-01-30 18:33:02,209 INFO c.h.h.t.HelmChartContainer - [hivemq-test-hivemq-platform] [hivemq-platform-operator] [9402e1fb] 18:33:02.208 [ReconcilerExecutor-hivemq-controller-118] INFO  c.h.p.o.h.HiveMQPlatformReconcilerBaseHandler - [helmupgr] HiveMQ Platform is starting, 0 of 1 replicas are ready
2025-01-30 18:33:04,737 INFO c.h.h.t.HelmChartContainer - [test-hivemq-platform] [hivemq] [d3095f8c] WARN  - Bridge Extension: Connect to bridge 'testbridge' failed for the 1 time, reason: connection timed out after 10000 ms: /172.17.0.3:1883
2025-01-30 18:33:04,737 INFO c.h.h.t.HelmChartContainer - [test-hivemq-platform] [hivemq] [d3095f8c] WARN  - Bridge Extension: Connect to bridge 'testbridge' failed for the 1 time, reason: connection timed out after 10000 ms: /172.17.0.3:1883
2025-01-30 18:33:06,915 INFO c.h.h.t.HelmChartContainer - [EVENT] Warning [Unhealthy] Readiness probe failed: HTTP probe failed with statuscode: 503 [helmupgradeextensionit:test-hivemq-platform-0]
2025-01-30 18:33:06,915 INFO c.h.h.t.HelmChartContainer - Received Unhealthy event for container hivemq in pod test-hivemq-platform-0 [d3095f8c-2a3d-4d34-8ca2-bccfe5d7e459]
2025-01-30 18:33:11,916 INFO c.h.h.t.HelmChartContainer - [EVENT] Warning [Unhealthy] Readiness probe failed: HTTP probe failed with statuscode: 503 [helmupgradeextensionit:test-hivemq-platform-0]
2025-01-30 18:33:11,916 INFO c.h.h.t.HelmChartContainer - Received Unhealthy event for container hivemq in pod test-hivemq-platform-0 [d3095f8c-2a3d-4d34-8ca2-bccfe5d7e459]
2025-01-30 18:33:12,214 INFO c.h.h.t.HelmChartContainer - [hivemq-test-hivemq-platform] [hivemq-platform-operator] [9402e1fb] 18:33:12.210 [pool-6-thread-25] DEBUG c.h.p.o.d.PlatformServiceResource - [helmupgr] Desired Platform services (3 services)
2025-01-30 18:33:12,214 INFO c.h.h.t.HelmChartContainer - [hivemq-test-hivemq-platform] [hivemq-platform-operator] [9402e1fb] 18:33:12.211 [pool-6-thread-23] DEBUG c.h.p.o.dependants.PodInfoConfigMap - [helmupgr] Desired PodInfo ConfigMap (1 extensions) (1 enabled)
2025-01-30 18:33:12,214 INFO c.h.h.t.HelmChartContainer - [hivemq-test-hivemq-platform] [hivemq-platform-operator] [9402e1fb] 18:33:12.211 [pool-6-thread-23] DEBUG c.h.p.o.dependants.PodInfoConfigMap - [helmupgr] Desired PodInfo ConfigMap (metrics port: 9399) (metrics path: /)
2025-01-30 18:33:12,214 INFO c.h.h.t.HelmChartContainer - [hivemq-test-hivemq-platform] [hivemq-platform-operator] [9402e1fb] 18:33:12.211 [pool-6-thread-23] DEBUG c.h.p.o.dependants.PodInfoConfigMap - [helmupgr] Desired PodInfo ConfigMap (extension state hash: -1130830987)
2025-01-30 18:33:12,215 INFO c.h.h.t.HelmChartContainer - [hivemq-test-hivemq-platform] [hivemq-platform-operator] [9402e1fb] 18:33:12.212 [pool-6-thread-23] DEBUG c.h.p.o.d.PodServiceAccountResource - [helmupgr] Desired PodServiceAccountResource (serviceAccountName: hivemq-platform-pod-test-hivemq-platform)
2025-01-30 18:33:12,217 INFO c.h.h.t.HelmChartContainer - [hivemq-test-hivemq-platform] [hivemq-platform-operator] [9402e1fb] 18:33:12.216 [pool-6-thread-21] DEBUG c.h.p.o.d.StatefulSetResource - [helmupgr] Desired StatefulSet (1 replicas) for status STARTING (READY)
2025-01-30 18:33:12,220 INFO c.h.h.t.HelmChartContainer - [hivemq-test-hivemq-platform] [hivemq-platform-operator] [9402e1fb] 18:33:12.219 [ReconcilerExecutor-hivemq-controller-119] INFO  c.h.p.o.HiveMQPlatformReconciler - [helmupgr] Reconciling HiveMQ Platform 'test-hivemq-platform' in namespace 'helmupgradeextensionit'
2025-01-30 18:33:12,221 INFO c.h.h.t.HelmChartContainer - [hivemq-test-hivemq-platform] [hivemq-platform-operator] [9402e1fb] 18:33:12.219 [ReconcilerExecutor-hivemq-controller-119] DEBUG c.h.p.o.HiveMQPlatformReconciler - [helmupgr] Custom Resource Status STARTING - HiveMQ Platform is starting (READY)
2025-01-30 18:33:12,221 INFO c.h.h.t.HelmChartContainer - [hivemq-test-hivemq-platform] [hivemq-platform-operator] [9402e1fb] 18:33:12.220 [ReconcilerExecutor-hivemq-controller-119] DEBUG c.h.p.o.HiveMQPlatformReconciler - [helmupgr] Custom Resource Spec (replicas: 1) (extensions: 1)
2025-01-30 18:33:12,223 INFO c.h.h.t.HelmChartContainer - [hivemq-test-hivemq-platform] [hivemq-platform-operator] [9402e1fb] 18:33:12.222 [ReconcilerExecutor-hivemq-controller-119] DEBUG c.h.p.o.HiveMQPlatformReconciler - [helmupgr] StatefulSet Status (revision: test-hivemq-platform-5b6c7575b6, replicas: 1, available: 0, ready: 0, current: 1, updated: 1)
2025-01-30 18:33:12,223 INFO c.h.h.t.HelmChartContainer - [hivemq-test-hivemq-platform] [hivemq-platform-operator] [9402e1fb] 18:33:12.222 [ReconcilerExecutor-hivemq-controller-119] DEBUG c.h.p.o.HiveMQPlatformReconciler - [helmupgr] StatefulSet Spec (replicas: 1, init containers: 1, containers: 1, volumes: 4)
2025-01-30 18:33:12,224 INFO c.h.h.t.HelmChartContainer - [hivemq-test-hivemq-platform] [hivemq-platform-operator] [9402e1fb] 18:33:12.223 [ReconcilerExecutor-hivemq-controller-119] DEBUG c.h.p.o.h.HiveMQPlatformReconcilerErrorHandler - [helmupgr] Pod 'test-hivemq-platform-0' phase Running
2025-01-30 18:33:12,225 INFO c.h.h.t.HelmChartContainer - [hivemq-test-hivemq-platform] [hivemq-platform-operator] [9402e1fb] 18:33:12.224 [ReconcilerExecutor-hivemq-controller-119] INFO  c.h.p.o.h.HiveMQPlatformReconcilerBaseHandler - [helmupgr] HiveMQ Platform is starting, 0 of 1 replicas are ready
2025-01-30 18:33:12,948 INFO c.h.h.t.HelmChartContainer - [test-hivemq-platform] [hivemq] [d3095f8c] INFO  - [HiveMQ Platform Operator Init App 1.7.0-SNAPSHOT] Returning Health API response 200 for liveness
2025-01-30 18:33:16,648 INFO c.h.h.t.HelmChartContainer - [test-hivemq-platform] [hivemq] [d3095f8c] WARN  - Bridge Extension: Connect to bridge 'testbridge' failed for the 2 time, reason: connection timed out after 10000 ms: /172.17.0.3:1883
2025-01-30 18:33:16,915 INFO c.h.h.t.HelmChartContainer - [EVENT] Warning [Unhealthy] Readiness probe failed: HTTP probe failed with statuscode: 503 [helmupgradeextensionit:test-hivemq-platform-0]
2025-01-30 18:33:16,916 INFO c.h.h.t.HelmChartContainer - Received Unhealthy event for container hivemq in pod test-hivemq-platform-0 [d3095f8c-2a3d-4d34-8ca2-bccfe5d7e459]
2025-01-30 18:33:17,080 INFO c.h.h.t.HelmChartContainer - [test-hivemq-platform] [hivemq] [d3095f8c] WARN  - Bridge Extension: Not all clients could connect successfully to remote brokers. The clients will retry the connection.
2025-01-30 18:33:17,080 INFO c.h.h.t.HelmChartContainer - [test-hivemq-platform] [hivemq] [d3095f8c] WARN  - Bridge Extension: Connect to bridge 'testbridge' failed for the 2 time, reason: connection timed out after 10000 ms: /172.17.0.3:1883
2025-01-30 18:33:17,121 INFO c.h.h.t.HelmChartContainer - [test-hivemq-platform] [hivemq] [d3095f8c] INFO  - Extension "HiveMQ Enterprise Bridge Extension" version 4.36.0 started successfully.
2025-01-30 18:33:17,121 INFO c.h.h.testcontainer.LogWaiterUtil - TEST Found log pattern on 'test-hivemq-platform-0': .*Extension "HiveMQ Enterprise Bridge Extension" version .* started successfully.
2025-01-30 18:33:17,122 INFO c.h.h.t.HelmChartContainer - [test-hivemq-platform] [hivemq] [d3095f8c] INFO  - Starting extension with id "hivemq-prometheus-extension" at /opt/hivemq/extensions/hivemq-prometheus-extension
2025-01-30 18:33:17,496 INFO c.h.h.t.HelmChartContainer - [test-hivemq-platform] [hivemq] [d3095f8c] INFO  - Started Jetty Server exposing Prometheus Servlet on URI http://0.0.0.0:9399/
2025-01-30 18:33:17,496 INFO c.h.h.t.HelmChartContainer - [test-hivemq-platform] [hivemq] [d3095f8c] INFO  - Extension "Prometheus Monitoring Extension" version 4.0.12 started successfully.
2025-01-30 18:33:17,496 INFO c.h.h.t.HelmChartContainer - [test-hivemq-platform] [hivemq] [d3095f8c] INFO  - Starting extension with id "hivemq-allow-all-extension" at /opt/hivemq/extensions/hivemq-allow-all-extension
2025-01-30 18:33:17,496 INFO c.h.h.t.HelmChartContainer - [test-hivemq-platform] [hivemq] [d3095f8c] WARN  - 
2025-01-30 18:33:17,496 INFO c.h.h.t.HelmChartContainer - [test-hivemq-platform] [hivemq] [d3095f8c] ################################################################################################################
2025-01-30 18:33:17,496 INFO c.h.h.t.HelmChartContainer - [test-hivemq-platform] [hivemq] [d3095f8c] # This HiveMQ deployment is not secure! You are lacking Authentication and Authorization.                      #
2025-01-30 18:33:17,496 INFO c.h.h.t.HelmChartContainer - [test-hivemq-platform] [hivemq] [d3095f8c] # Right now any MQTT client can connect to the broker with a full set of permissions.                          #
2025-01-30 18:33:17,496 INFO c.h.h.t.HelmChartContainer - [test-hivemq-platform] [hivemq] [d3095f8c] # For production usage, add an appropriate security extension and remove the hivemq-allow-all extension.       #
2025-01-30 18:33:17,496 INFO c.h.h.t.HelmChartContainer - [test-hivemq-platform] [hivemq] [d3095f8c] # You can download security extensions from the HiveMQ Marketplace (https://www.hivemq.com/extensions/).       #
2025-01-30 18:33:17,496 INFO c.h.h.t.HelmChartContainer - [test-hivemq-platform] [hivemq] [d3095f8c] ################################################################################################################
2025-01-30 18:33:17,496 INFO c.h.h.t.HelmChartContainer - [test-hivemq-platform] [hivemq] [d3095f8c] INFO  - Extension "Allow All Extension" version 1.1.1 started successfully.
2025-01-30 18:33:17,497 INFO c.h.h.t.HelmChartContainer - [test-hivemq-platform] [hivemq] [d3095f8c] WARN  - No user for HiveMQ Control Center configured. Starting with default user
2025-01-30 18:33:17,497 INFO c.h.h.t.HelmChartContainer - [test-hivemq-platform] [hivemq] [d3095f8c] INFO  - Starting HiveMQ Control Center on address 0.0.0.0 and port 8080
2025-01-30 18:33:17,510 INFO c.h.h.t.HelmChartContainer - [test-hivemq-platform] [hivemq] [d3095f8c] INFO  - Mounting HiveMQ Control Center V2 Preview
2025-01-30 18:33:18,195 INFO c.h.h.t.HelmChartContainer - [test-hivemq-platform] [hivemq] [d3095f8c] INFO  - Started HiveMQ Control Center in 698ms
2025-01-30 18:33:18,229 INFO c.h.h.t.HelmChartContainer - [test-hivemq-platform] [hivemq] [d3095f8c] INFO  - Starting TCP listener on address 0.0.0.0 and port 1883
2025-01-30 18:33:18,324 INFO c.h.h.t.HelmChartContainer - [test-hivemq-platform] [hivemq] [d3095f8c] INFO  - Started TCP Listener on address 0.0.0.0 and on port 1883.
2025-01-30 18:33:18,324 INFO c.h.h.t.HelmChartContainer - [test-hivemq-platform] [hivemq] [d3095f8c] INFO  - Started HiveMQ in 54428ms
2025-01-30 18:33:21,911 INFO c.h.h.t.HelmChartContainer - [test-hivemq-platform] [hivemq] [d3095f8c] INFO  - [HiveMQ Platform Operator Init App 1.7.0-SNAPSHOT] Returning Health API response 200 for readiness
2025-01-30 18:33:21,926 INFO c.h.h.t.HelmChartContainer - [POD] test-hivemq-platform-0 [d3095f8c-2a3d-4d34-8ca2-bccfe5d7e459] in helmupgradeextensionit was MODIFIED
2025-01-30 18:33:21,939 INFO c.h.h.t.HelmChartContainer - [hivemq-test-hivemq-platform] [hivemq-platform-operator] [9402e1fb] 18:33:21.935 [pool-6-thread-39] DEBUG c.h.p.o.dependants.PodInfoConfigMap - [helmupgr] Desired PodInfo ConfigMap (1 extensions) (1 enabled)
2025-01-30 18:33:21,939 INFO c.h.h.t.HelmChartContainer - [hivemq-test-hivemq-platform] [hivemq-platform-operator] [9402e1fb] 18:33:21.935 [pool-6-thread-39] DEBUG c.h.p.o.dependants.PodInfoConfigMap - [helmupgr] Desired PodInfo ConfigMap (metrics port: 9399) (metrics path: /)
2025-01-30 18:33:21,940 INFO c.h.h.t.HelmChartContainer - [hivemq-test-hivemq-platform] [hivemq-platform-operator] [9402e1fb] 18:33:21.935 [pool-6-thread-39] DEBUG c.h.p.o.dependants.PodInfoConfigMap - [helmupgr] Desired PodInfo ConfigMap (extension state hash: -1130830987)
2025-01-30 18:33:21,940 INFO c.h.h.t.HelmChartContainer - [hivemq-test-hivemq-platform] [hivemq-platform-operator] [9402e1fb] 18:33:21.936 [pool-6-thread-37] DEBUG c.h.p.o.d.PodServiceAccountResource - [helmupgr] Desired PodServiceAccountResource (serviceAccountName: hivemq-platform-pod-test-hivemq-platform)
2025-01-30 18:33:21,943 INFO c.h.h.t.HelmChartContainer - [hivemq-test-hivemq-platform] [hivemq-platform-operator] [9402e1fb] 18:33:21.940 [pool-6-thread-35] DEBUG c.h.p.o.d.PlatformServiceResource - [helmupgr] Desired Platform services (3 services)
2025-01-30 18:33:21,949 INFO c.h.h.t.HelmChartContainer - [hivemq-test-hivemq-platform] [hivemq-platform-operator] [9402e1fb] 18:33:21.946 [pool-6-thread-35] DEBUG c.h.p.o.d.StatefulSetResource - [helmupgr] Desired StatefulSet (1 replicas) for status STARTING (READY)
2025-01-30 18:33:21,951 INFO c.h.h.t.HelmChartContainer - [hivemq-test-hivemq-platform] [hivemq-platform-operator] [9402e1fb] 18:33:21.950 [ReconcilerExecutor-hivemq-controller-120] INFO  c.h.p.o.HiveMQPlatformReconciler - [helmupgr] Reconciling HiveMQ Platform 'test-hivemq-platform' in namespace 'helmupgradeextensionit'
2025-01-30 18:33:21,951 INFO c.h.h.t.HelmChartContainer - [hivemq-test-hivemq-platform] [hivemq-platform-operator] [9402e1fb] 18:33:21.950 [ReconcilerExecutor-hivemq-controller-120] DEBUG c.h.p.o.HiveMQPlatformReconciler - [helmupgr] Custom Resource Status STARTING - HiveMQ Platform is starting (READY)
2025-01-30 18:33:21,951 INFO c.h.h.t.HelmChartContainer - [hivemq-test-hivemq-platform] [hivemq-platform-operator] [9402e1fb] 18:33:21.950 [ReconcilerExecutor-hivemq-controller-120] DEBUG c.h.p.o.HiveMQPlatformReconciler - [helmupgr] Custom Resource Spec (replicas: 1) (extensions: 1)
2025-01-30 18:33:21,952 INFO c.h.h.t.HelmChartContainer - [hivemq-test-hivemq-platform] [hivemq-platform-operator] [9402e1fb] 18:33:21.951 [ReconcilerExecutor-hivemq-controller-120] DEBUG c.h.p.o.HiveMQPlatformReconciler - [helmupgr] StatefulSet Status (revision: test-hivemq-platform-5b6c7575b6, replicas: 1, available: 0, ready: 0, current: 1, updated: 1)
2025-01-30 18:33:21,952 INFO c.h.h.t.HelmChartContainer - [hivemq-test-hivemq-platform] [hivemq-platform-operator] [9402e1fb] 18:33:21.952 [ReconcilerExecutor-hivemq-controller-120] DEBUG c.h.p.o.HiveMQPlatformReconciler - [helmupgr] StatefulSet Spec (replicas: 1, init containers: 1, containers: 1, volumes: 4)
2025-01-30 18:33:22,011 INFO c.h.h.t.HelmChartContainer - [hivemq-test-hivemq-platform] [hivemq-platform-operator] [9402e1fb] 18:33:22.008 [ReconcilerExecutor-hivemq-controller-120] DEBUG c.h.p.o.h.HiveMQPlatformReconcilerErrorHandler - [helmupgr] Pod 'test-hivemq-platform-0' phase Running
2025-01-30 18:33:22,011 INFO c.h.h.t.HelmChartContainer - [hivemq-test-hivemq-platform] [hivemq-platform-operator] [9402e1fb] 18:33:22.009 [ReconcilerExecutor-hivemq-controller-120] INFO  c.h.p.o.h.HiveMQPlatformReconcilerBaseHandler - [helmupgr] HiveMQ Platform is starting, 0 of 1 replicas are ready
2025-01-30 18:33:22,016 INFO c.h.h.t.HelmChartContainer - [hivemq-test-hivemq-platform] [hivemq-platform-operator] [9402e1fb] 18:33:22.012 [pool-6-thread-42] DEBUG c.h.p.o.d.PlatformServiceResource - [helmupgr] Desired Platform services (3 services)
2025-01-30 18:33:22,017 INFO c.h.h.t.HelmChartContainer - [hivemq-test-hivemq-platform] [hivemq-platform-operator] [9402e1fb] 18:33:22.013 [pool-6-thread-41] DEBUG c.h.p.o.dependants.PodInfoConfigMap - [helmupgr] Desired PodInfo ConfigMap (1 extensions) (1 enabled)
2025-01-30 18:33:22,017 INFO c.h.h.t.HelmChartContainer - [hivemq-test-hivemq-platform] [hivemq-platform-operator] [9402e1fb] 18:33:22.013 [pool-6-thread-41] DEBUG c.h.p.o.dependants.PodInfoConfigMap - [helmupgr] Desired PodInfo ConfigMap (metrics port: 9399) (metrics path: /)
2025-01-30 18:33:22,017 INFO c.h.h.t.HelmChartContainer - [hivemq-test-hivemq-platform] [hivemq-platform-operator] [9402e1fb] 18:33:22.013 [pool-6-thread-41] DEBUG c.h.p.o.dependants.PodInfoConfigMap - [helmupgr] Desired PodInfo ConfigMap (extension state hash: -1130830987)
2025-01-30 18:33:22,017 INFO c.h.h.t.HelmChartContainer - [hivemq-test-hivemq-platform] [hivemq-platform-operator] [9402e1fb] 18:33:22.015 [pool-6-thread-44] DEBUG c.h.p.o.d.PodServiceAccountResource - [helmupgr] Desired PodServiceAccountResource (serviceAccountName: hivemq-platform-pod-test-hivemq-platform)
2025-01-30 18:33:22,019 INFO c.h.h.t.HelmChartContainer - [hivemq-test-hivemq-platform] [hivemq-platform-operator] [9402e1fb] 18:33:22.018 [pool-6-thread-42] DEBUG c.h.p.o.d.StatefulSetResource - [helmupgr] Desired StatefulSet (1 replicas) for status STARTING (READY)
2025-01-30 18:33:22,040 INFO c.h.h.t.HelmChartContainer - [hivemq-test-hivemq-platform] [hivemq-platform-operator] [9402e1fb] 18:33:22.038 [ReconcilerExecutor-hivemq-controller-121] INFO  c.h.p.o.HiveMQPlatformReconciler - [helmupgr] Reconciling HiveMQ Platform 'test-hivemq-platform' in namespace 'helmupgradeextensionit'
2025-01-30 18:33:22,040 INFO c.h.h.t.HelmChartContainer - [hivemq-test-hivemq-platform] [hivemq-platform-operator] [9402e1fb] 18:33:22.038 [ReconcilerExecutor-hivemq-controller-121] DEBUG c.h.p.o.HiveMQPlatformReconciler - [helmupgr] Custom Resource Status STARTING - HiveMQ Platform is starting (READY)
2025-01-30 18:33:22,040 INFO c.h.h.t.HelmChartContainer - [hivemq-test-hivemq-platform] [hivemq-platform-operator] [9402e1fb] 18:33:22.038 [ReconcilerExecutor-hivemq-controller-121] DEBUG c.h.p.o.HiveMQPlatformReconciler - [helmupgr] Custom Resource Spec (replicas: 1) (extensions: 1)
2025-01-30 18:33:22,110 INFO c.h.h.t.HelmChartContainer - [hivemq-test-hivemq-platform] [hivemq-platform-operator] [9402e1fb] 18:33:22.108 [ReconcilerExecutor-hivemq-controller-121] DEBUG c.h.p.o.HiveMQPlatformReconciler - [helmupgr] StatefulSet Status (revision: test-hivemq-platform-5b6c7575b6, replicas: 1, available: 1, ready: 1, current: 1, updated: 1)
2025-01-30 18:33:22,110 INFO c.h.h.t.HelmChartContainer - [hivemq-test-hivemq-platform] [hivemq-platform-operator] [9402e1fb] 18:33:22.108 [ReconcilerExecutor-hivemq-controller-121] DEBUG c.h.p.o.HiveMQPlatformReconciler - [helmupgr] StatefulSet Spec (replicas: 1, init containers: 1, containers: 1, volumes: 4)
2025-01-30 18:33:22,115 INFO c.h.h.t.HelmChartContainer - [hivemq-test-hivemq-platform] [hivemq-platform-operator] [9402e1fb] 18:33:22.114 [ReconcilerExecutor-hivemq-controller-121] DEBUG c.h.p.o.h.HiveMQPlatformReconcilerErrorHandler - [helmupgr] Pod 'test-hivemq-platform-0' phase Running
2025-01-30 18:33:22,116 INFO c.h.h.t.HelmChartContainer - [hivemq-test-hivemq-platform] [hivemq-platform-operator] [9402e1fb] 18:33:22.115 [ReconcilerExecutor-hivemq-controller-121] INFO  c.h.p.o.h.HiveMQPlatformReconcilerBaseHandler - [helmupgr] HiveMQ Platform started successfully
2025-01-30 18:33:22,220 INFO c.h.h.t.HelmChartContainer - [hivemq-test-hivemq-platform] [hivemq-platform-operator] [9402e1fb] 18:33:22.219 [ReconcilerExecutor-hivemq-controller-121] DEBUG c.h.p.operator.event.EventSender - [helmupgr] Creating K8s event hivemq-platform-ready: [Ready] HiveMQ Platform is ready
2025-01-30 18:33:22,223 INFO c.h.h.t.HelmChartContainer - [EVENT] Normal [Ready] HiveMQ Platform is ready [helmupgradeextensionit:test-hivemq-platform]
2025-01-30 18:33:22,238 INFO c.h.h.t.HelmChartContainer - [hivemq-test-hivemq-platform] [hivemq-platform-operator] [9402e1fb] 18:33:22.237 [ReconcilerExecutor-hivemq-controller-121] INFO  c.h.p.o.h.AbstractHiveMQReconcilerStateHandler - [helmupgr] Update HiveMQ Platform Status (STARTING [READY] -> RUNNING [READY]): HiveMQ Platform is ready
2025-01-30 18:33:22,246 DEBUG com.hivemq.helmcharts.util.K8sUtil - Comparing actual state 'RUNNING' and waiting for 'RUNNING'
2025-01-30 18:33:26,260 INFO c.h.h.testcontainer.LogWaiterUtil - TEST Waiting for log pattern on 'test-hivemq-platform-0': .*\[HiveMQ Platform Operator Init App [A-Z0-9.-]+\] Successfully enabled extension hivemq-bridge-extension
2025-01-30 18:33:26,260 INFO c.h.h.testcontainer.LogWaiterUtil - TEST Waiting for log pattern on 'test-hivemq-platform-0': .*Extension "HiveMQ Enterprise Bridge Extension" version .* started successfully.
2025-01-30 18:33:26,324 DEBUG c.h.h.t.HelmChartContainer - Executing helm command: /bin/helm --kubeconfig /etc/rancher/k3s/k3s.yaml upgrade test-hivemq-platform /charts/hivemq-platform --wait --timeout 5m0s --set image.repository=docker.io/hivemq --set image.tag=4.36.0 --set image.pullPolicy=Never --set nodes.resources.cpu=512m -f /files/bridge-updated-values.yaml --namespace helmupgradeextensionit
2025-01-30 18:33:26,668 INFO c.h.h.t.HelmChartContainer - [hivemq-test-hivemq-platform] [hivemq-platform-operator] [9402e1fb] 18:33:26.666 [pool-6-thread-5] DEBUG c.h.p.o.dependants.PodInfoConfigMap - [helmupgr] Desired PodInfo ConfigMap (1 extensions) (1 enabled)
2025-01-30 18:33:26,671 INFO c.h.h.t.HelmChartContainer - [hivemq-test-hivemq-platform] [hivemq-platform-operator] [9402e1fb] 18:33:26.668 [pool-6-thread-6] DEBUG c.h.p.o.d.PlatformServiceResource - [helmupgr] Desired Platform services (3 services)
2025-01-30 18:33:26,672 INFO c.h.h.t.HelmChartContainer - [hivemq-test-hivemq-platform] [hivemq-platform-operator] [9402e1fb] 18:33:26.667 [pool-6-thread-2] DEBUG c.h.p.o.d.PodServiceAccountResource - [helmupgr] Desired PodServiceAccountResource (serviceAccountName: hivemq-platform-pod-test-hivemq-platform)
2025-01-30 18:33:26,672 INFO c.h.h.t.HelmChartContainer - [hivemq-test-hivemq-platform] [hivemq-platform-operator] [9402e1fb] 18:33:26.668 [pool-6-thread-5] DEBUG c.h.p.o.dependants.PodInfoConfigMap - [helmupgr] Desired PodInfo ConfigMap (metrics port: 9399) (metrics path: /)
2025-01-30 18:33:26,672 INFO c.h.h.t.HelmChartContainer - [hivemq-test-hivemq-platform] [hivemq-platform-operator] [9402e1fb] 18:33:26.671 [pool-6-thread-5] DEBUG c.h.p.o.dependants.PodInfoConfigMap - [helmupgr] Desired PodInfo ConfigMap (extension state hash: 610187774)
2025-01-30 18:33:26,676 INFO c.h.h.t.HelmChartContainer - [hivemq-test-hivemq-platform] [hivemq-platform-operator] [9402e1fb] 18:33:26.672 [pool-6-thread-5] DEBUG c.h.p.o.dependants.PodInfoConfigMap - [helmupgr] Update PodInfo ConfigMap
2025-01-30 18:33:26,676 INFO c.h.h.t.HelmChartContainer - [hivemq-test-hivemq-platform] [hivemq-platform-operator] [9402e1fb] 18:33:26.674 [pool-6-thread-5] DEBUG c.h.p.o.dependants.PodInfoConfigMap - [helmupgr] Detected change in configuration of extension 'hivemq-bridge-extension' ({skip-https-hostname-verification=false, restart=true, config-version=825, header-version=0, c-uri=, uri=preinstalled, skip-https-certificate-validation=false, enabled=true} -> {skip-https-hostname-verification=false, restart=true, config-version=930, header-version=0, c-uri=, uri=preinstalled, skip-https-certificate-validation=false, enabled=true})
2025-01-30 18:33:26,676 INFO c.h.h.t.HelmChartContainer - [hivemq-test-hivemq-platform] [hivemq-platform-operator] [9402e1fb] 18:33:26.675 [pool-6-thread-5] INFO  c.h.p.o.dependants.PodInfoConfigMap - [helmupgr] Extension configuration was updated, restarting extensions: [hivemq-bridge-extension]
2025-01-30 18:33:26,749 INFO c.h.h.t.HelmChartContainer - [hivemq-test-hivemq-platform] [hivemq-platform-operator] [9402e1fb] 18:33:26.745 [pool-6-thread-5] DEBUG c.h.p.o.d.StatefulSetResource - [helmupgr] Desired StatefulSet (1 replicas) for status RUNNING (READY)
2025-01-30 18:33:26,761 INFO c.h.h.t.HelmChartContainer - [hivemq-test-hivemq-platform] [hivemq-platform-operator] [9402e1fb] 18:33:26.755 [pool-6-thread-5] DEBUG c.h.p.o.d.StatefulSetResource - [helmupgr] Update StatefulSet (replicas: 1 -> 1)
2025-01-30 18:33:26,850 DEBUG com.hivemq.helmcharts.util.K8sUtil - Comparing actual state 'RUNNING' and waiting for 'ROLLING_RESTART'
2025-01-30 18:33:26,856 INFO c.h.h.t.HelmChartContainer - [hivemq-test-hivemq-platform] [hivemq-platform-operator] [9402e1fb] 18:33:26.843 [pool-6-thread-5] DEBUG c.h.p.o.d.StatefulSetResource - [helmupgr] Detected change in StatefulSet specification (path: /template/spec/volumes/2/configMap/name) (actual value: "test-bridge-configuration") (target value: "updated-test-bridge-configuration")
2025-01-30 18:33:26,856 INFO c.h.h.t.HelmChartContainer - [hivemq-test-hivemq-platform] [hivemq-platform-operator] [9402e1fb] 18:33:26.853 [pool-6-thread-5] INFO  c.h.p.o.d.StatefulSetResource - [helmupgr] StatefulSet spec was updated, triggering rolling restart
2025-01-30 18:33:26,941 INFO c.h.h.t.HelmChartContainer - [hivemq-test-hivemq-platform] [hivemq-platform-operator] [9402e1fb] 18:33:26.939 [ReconcilerExecutor-hivemq-controller-122] INFO  c.h.p.o.HiveMQPlatformReconciler - [helmupgr] Reconciling HiveMQ Platform 'test-hivemq-platform' in namespace 'helmupgradeextensionit'
2025-01-30 18:33:26,941 INFO c.h.h.t.HelmChartContainer - [hivemq-test-hivemq-platform] [hivemq-platform-operator] [9402e1fb] 18:33:26.939 [ReconcilerExecutor-hivemq-controller-122] DEBUG c.h.p.o.HiveMQPlatformReconciler - [helmupgr] Custom Resource Status RUNNING - HiveMQ Platform is ready (READY) (reconciliation requests: REQUESTS_UPDATED, ROLLING_RESTART, RESTART_EXTENSIONS)
2025-01-30 18:33:26,941 INFO c.h.h.t.HelmChartContainer - [hivemq-test-hivemq-platform] [hivemq-platform-operator] [9402e1fb] 18:33:26.939 [ReconcilerExecutor-hivemq-controller-122] DEBUG c.h.p.o.HiveMQPlatformReconciler - [helmupgr] Custom Resource Spec (replicas: 1) (extensions: 1)
2025-01-30 18:33:26,944 INFO c.h.h.t.HelmChartContainer - [hivemq-test-hivemq-platform] [hivemq-platform-operator] [9402e1fb] 18:33:26.943 [ReconcilerExecutor-hivemq-controller-122] DEBUG c.h.p.o.HiveMQPlatformReconciler - [helmupgr] StatefulSet Status (revision: test-hivemq-platform-7c6d7d4d7b, replicas: 1, available: 1, ready: 1, current: 1, updated: 0)
2025-01-30 18:33:26,945 INFO c.h.h.t.HelmChartContainer - [hivemq-test-hivemq-platform] [hivemq-platform-operator] [9402e1fb] 18:33:26.943 [ReconcilerExecutor-hivemq-controller-122] DEBUG c.h.p.o.HiveMQPlatformReconciler - [helmupgr] StatefulSet Spec (replicas: 1, init containers: 1, containers: 1, volumes: 4)
2025-01-30 18:33:26,947 INFO c.h.h.t.HelmChartContainer - [hivemq-test-hivemq-platform] [hivemq-platform-operator] [9402e1fb] 18:33:26.944 [ReconcilerExecutor-hivemq-controller-122] DEBUG c.h.p.o.h.HiveMQPlatformReconcilerErrorHandler - [helmupgr] Pod 'test-hivemq-platform-0' phase Running
2025-01-30 18:33:26,948 INFO c.h.h.t.HelmChartContainer - [hivemq-test-hivemq-platform] [hivemq-platform-operator] [9402e1fb] 18:33:26.945 [ReconcilerExecutor-hivemq-controller-122] INFO  c.h.p.o.h.HiveMQPlatformReconcilerBaseHandler - [helmupgr] Started rolling restart (scaling to 2 replicas)
2025-01-30 18:33:27,048 INFO c.h.h.t.HelmChartContainer - [hivemq-test-hivemq-platform] [hivemq-platform-operator] [9402e1fb] 18:33:27.047 [ReconcilerExecutor-hivemq-controller-122] DEBUG c.h.p.operator.event.EventSender - [helmupgr] Creating K8s event rolling-restart-started: [RollingRestart] HiveMQ Platform is starting a surge Pod (rolling restart)
2025-01-30 18:33:27,052 INFO c.h.h.t.HelmChartContainer - [EVENT] Normal [RollingRestart] HiveMQ Platform is starting a surge Pod (rolling restart) [helmupgradeextensionit:test-hivemq-platform]
2025-01-30 18:33:27,053 INFO c.h.h.t.HelmChartContainer - [hivemq-test-hivemq-platform] [hivemq-platform-operator] [9402e1fb] 18:33:27.052 [ReconcilerExecutor-hivemq-controller-122] INFO  c.h.p.o.h.AbstractHiveMQReconcilerStateHandler - [helmupgr] Update HiveMQ Platform Status (RUNNING [READY] -> ROLLING_RESTART [SURGE_IN_PROGRESS]): HiveMQ Platform is starting a surge Pod (rolling restart)
2025-01-30 18:33:27,059 DEBUG com.hivemq.helmcharts.util.K8sUtil - Comparing actual state 'ROLLING_RESTART' and waiting for 'ROLLING_RESTART'
2025-01-30 18:33:27,066 DEBUG com.hivemq.helmcharts.util.K8sUtil - Comparing actual state 'ROLLING_RESTART' and waiting for 'RUNNING'
2025-01-30 18:33:27,066 INFO c.h.h.t.HelmChartContainer - [hivemq-test-hivemq-platform] [hivemq-platform-operator] [9402e1fb] 18:33:27.065 [pool-6-thread-17] DEBUG c.h.p.o.d.PlatformServiceResource - [helmupgr] Desired Platform services (3 services)
2025-01-30 18:33:27,068 INFO c.h.h.t.HelmChartContainer - [hivemq-test-hivemq-platform] [hivemq-platform-operator] [9402e1fb] 18:33:27.067 [pool-6-thread-11] DEBUG c.h.p.o.d.PodServiceAccountResource - [helmupgr] Desired PodServiceAccountResource (serviceAccountName: hivemq-platform-pod-test-hivemq-platform)
2025-01-30 18:33:27,139 INFO c.h.h.t.HelmChartContainer - [hivemq-test-hivemq-platform] [hivemq-platform-operator] [9402e1fb] 18:33:27.137 [pool-6-thread-14] DEBUG c.h.p.o.dependants.PodInfoConfigMap - [helmupgr] Desired PodInfo ConfigMap (1 extensions) (1 enabled)
2025-01-30 18:33:27,140 INFO c.h.h.t.HelmChartContainer - [hivemq-test-hivemq-platform] [hivemq-platform-operator] [9402e1fb] 18:33:27.137 [pool-6-thread-14] DEBUG c.h.p.o.dependants.PodInfoConfigMap - [helmupgr] Desired PodInfo ConfigMap (metrics port: 9399) (metrics path: /)
2025-01-30 18:33:27,140 INFO c.h.h.t.HelmChartContainer - [hivemq-test-hivemq-platform] [hivemq-platform-operator] [9402e1fb] 18:33:27.138 [pool-6-thread-14] DEBUG c.h.p.o.dependants.PodInfoConfigMap - [helmupgr] Desired PodInfo ConfigMap (extension state hash: 610187774)
2025-01-30 18:33:27,141 INFO c.h.h.t.HelmChartContainer - [hivemq-test-hivemq-platform] [hivemq-platform-operator] [9402e1fb] 18:33:27.140 [pool-6-thread-14] DEBUG c.h.p.o.dependants.PodInfoConfigMap - [helmupgr] Update PodInfo ConfigMap
2025-01-30 18:33:27,244 INFO c.h.h.t.HelmChartContainer - [hivemq-test-hivemq-platform] [hivemq-platform-operator] [9402e1fb] 18:33:27.243 [pool-6-thread-14] DEBUG c.h.p.o.d.StatefulSetResource - [helmupgr] Desired StatefulSet (2 replicas) for status ROLLING_RESTART (SURGE_IN_PROGRESS)
2025-01-30 18:33:27,247 INFO c.h.h.t.HelmChartContainer - [hivemq-test-hivemq-platform] [hivemq-platform-operator] [9402e1fb] 18:33:27.246 [pool-6-thread-14] DEBUG c.h.p.o.d.StatefulSetResource - [helmupgr] Update StatefulSet (replicas: 1 -> 2)
2025-01-30 18:33:27,266 INFO c.h.h.t.HelmChartContainer - [POD] test-hivemq-platform-1 [39d6c376-21b4-4781-9e73-5b2f7c9775ff] in helmupgradeextensionit was ADDED
2025-01-30 18:33:27,268 INFO c.h.h.t.HelmChartContainer - [EVENT] Normal [SuccessfulCreate] create Pod test-hivemq-platform-1 in StatefulSet test-hivemq-platform successful [helmupgradeextensionit:test-hivemq-platform]
2025-01-30 18:33:27,276 INFO c.h.h.t.HelmChartContainer - [POD] test-hivemq-platform-1 [39d6c376-21b4-4781-9e73-5b2f7c9775ff] in helmupgradeextensionit was MODIFIED
2025-01-30 18:33:27,277 INFO c.h.h.t.HelmChartContainer - [EVENT] Normal [Scheduled] Successfully assigned helmupgradeextensionit/test-hivemq-platform-1 to 5374d894705a [helmupgradeextensionit:test-hivemq-platform-1]
2025-01-30 18:33:27,287 INFO c.h.h.t.HelmChartContainer - [POD] test-hivemq-platform-1 [39d6c376-21b4-4781-9e73-5b2f7c9775ff] in helmupgradeextensionit was MODIFIED
2025-01-30 18:33:27,344 INFO c.h.h.t.HelmChartContainer - [hivemq-test-hivemq-platform] [hivemq-platform-operator] [9402e1fb] 18:33:27.341 [ReconcilerExecutor-hivemq-controller-123] INFO  c.h.p.o.HiveMQPlatformReconciler - [helmupgr] Reconciling HiveMQ Platform 'test-hivemq-platform' in namespace 'helmupgradeextensionit'
2025-01-30 18:33:27,346 INFO c.h.h.t.HelmChartContainer - [hivemq-test-hivemq-platform] [hivemq-platform-operator] [9402e1fb] 18:33:27.342 [ReconcilerExecutor-hivemq-controller-123] DEBUG c.h.p.o.HiveMQPlatformReconciler - [helmupgr] Custom Resource Status ROLLING_RESTART - HiveMQ Platform is starting a surge Pod (rolling restart) (SURGE_IN_PROGRESS)
2025-01-30 18:33:27,346 INFO c.h.h.t.HelmChartContainer - [hivemq-test-hivemq-platform] [hivemq-platform-operator] [9402e1fb] 18:33:27.342 [ReconcilerExecutor-hivemq-controller-123] DEBUG c.h.p.o.HiveMQPlatformReconciler - [helmupgr] Custom Resource Spec (replicas: 1) (extensions: 1)
2025-01-30 18:33:27,347 INFO c.h.h.t.HelmChartContainer - [hivemq-test-hivemq-platform] [hivemq-platform-operator] [9402e1fb] 18:33:27.346 [ReconcilerExecutor-hivemq-controller-123] DEBUG c.h.p.o.HiveMQPlatformReconciler - [helmupgr] StatefulSet Status (revision: test-hivemq-platform-7c6d7d4d7b, replicas: 1, available: 1, ready: 1, current: 1, updated: 0)
2025-01-30 18:33:27,347 INFO c.h.h.t.HelmChartContainer - [hivemq-test-hivemq-platform] [hivemq-platform-operator] [9402e1fb] 18:33:27.346 [ReconcilerExecutor-hivemq-controller-123] DEBUG c.h.p.o.HiveMQPlatformReconciler - [helmupgr] StatefulSet Spec (replicas: 2, init containers: 1, containers: 1, volumes: 4)
2025-01-30 18:33:27,349 INFO c.h.h.t.HelmChartContainer - [hivemq-test-hivemq-platform] [hivemq-platform-operator] [9402e1fb] 18:33:27.348 [ReconcilerExecutor-hivemq-controller-123] DEBUG c.h.p.o.h.HiveMQPlatformReconcilerErrorHandler - [helmupgr] Pod 'test-hivemq-platform-1' phase Pending
2025-01-30 18:33:27,349 INFO c.h.h.t.HelmChartContainer - [hivemq-test-hivemq-platform] [hivemq-platform-operator] [9402e1fb] 18:33:27.348 [ReconcilerExecutor-hivemq-controller-123] DEBUG c.h.p.o.h.HiveMQPlatformReconcilerErrorHandler - [helmupgr] Pod 'test-hivemq-platform-1' condition 'PodReadyToStartContainers': False
2025-01-30 18:33:27,349 INFO c.h.h.t.HelmChartContainer - [hivemq-test-hivemq-platform] [hivemq-platform-operator] [9402e1fb] 18:33:27.348 [ReconcilerExecutor-hivemq-controller-123] DEBUG c.h.p.o.h.HiveMQPlatformReconcilerErrorHandler - [helmupgr] Pod 'test-hivemq-platform-1' condition 'Initialized': False
2025-01-30 18:33:27,349 INFO c.h.h.t.HelmChartContainer - [hivemq-test-hivemq-platform] [hivemq-platform-operator] [9402e1fb] 18:33:27.348 [ReconcilerExecutor-hivemq-controller-123] DEBUG c.h.p.o.h.HiveMQPlatformReconcilerErrorHandler - [helmupgr] Pod 'test-hivemq-platform-1' condition 'Ready': False
2025-01-30 18:33:27,349 INFO c.h.h.t.HelmChartContainer - [hivemq-test-hivemq-platform] [hivemq-platform-operator] [9402e1fb] 18:33:27.349 [ReconcilerExecutor-hivemq-controller-123] DEBUG c.h.p.o.h.HiveMQPlatformReconcilerErrorHandler - [helmupgr] Pod 'test-hivemq-platform-1' condition 'ContainersReady': False
2025-01-30 18:33:27,350 INFO c.h.h.t.HelmChartContainer - [hivemq-test-hivemq-platform] [hivemq-platform-operator] [9402e1fb] 18:33:27.349 [ReconcilerExecutor-hivemq-controller-123] DEBUG c.h.p.o.h.HiveMQPlatformReconcilerErrorHandler - [helmupgr] Pod 'test-hivemq-platform-1' condition 'PodScheduled': True
2025-01-30 18:33:27,350 INFO c.h.h.t.HelmChartContainer - [hivemq-test-hivemq-platform] [hivemq-platform-operator] [9402e1fb] 18:33:27.349 [ReconcilerExecutor-hivemq-controller-123] DEBUG c.h.p.o.h.HiveMQPlatformReconcilerErrorHandler - [helmupgr] Pod 'test-hivemq-platform-1' containerStatus 'hivemq' (started: false) (ready: false) (waiting: [PodInitializing] null)
2025-01-30 18:33:27,351 INFO c.h.h.t.HelmChartContainer - [hivemq-test-hivemq-platform] [hivemq-platform-operator] [9402e1fb] 18:33:27.350 [ReconcilerExecutor-hivemq-controller-123] DEBUG c.h.p.o.h.HiveMQPlatformReconcilerErrorHandler - [helmupgr] Pod 'test-hivemq-platform-0' phase Running
2025-01-30 18:33:27,354 INFO c.h.h.t.HelmChartContainer - [hivemq-test-hivemq-platform] [hivemq-platform-operator] [9402e1fb] 18:33:27.352 [ReconcilerExecutor-hivemq-controller-123] DEBUG c.h.p.o.h.HiveMQPlatformReconcilerRollingRestartHandler - [helmupgr] Rolling restart is waiting for 1 of 2 replicas
2025-01-30 18:33:27,357 INFO c.h.h.t.HelmChartContainer - [hivemq-test-hivemq-platform] [hivemq-platform-operator] [9402e1fb] 18:33:27.356 [pool-6-thread-23] DEBUG c.h.p.o.d.PlatformServiceResource - [helmupgr] Desired Platform services (3 services)
2025-01-30 18:33:27,357 INFO c.h.h.t.HelmChartContainer - [hivemq-test-hivemq-platform] [hivemq-platform-operator] [9402e1fb] 18:33:27.357 [pool-6-thread-22] DEBUG c.h.p.o.dependants.PodInfoConfigMap - [helmupgr] Desired PodInfo ConfigMap (1 extensions) (1 enabled)
2025-01-30 18:33:27,359 INFO c.h.h.t.HelmChartContainer - [hivemq-test-hivemq-platform] [hivemq-platform-operator] [9402e1fb] 18:33:27.357 [pool-6-thread-22] DEBUG c.h.p.o.dependants.PodInfoConfigMap - [helmupgr] Desired PodInfo ConfigMap (metrics port: 9399) (metrics path: /)
2025-01-30 18:33:27,359 INFO c.h.h.t.HelmChartContainer - [hivemq-test-hivemq-platform] [hivemq-platform-operator] [9402e1fb] 18:33:27.357 [pool-6-thread-22] DEBUG c.h.p.o.dependants.PodInfoConfigMap - [helmupgr] Desired PodInfo ConfigMap (extension state hash: 610187774)
2025-01-30 18:33:27,359 INFO c.h.h.t.HelmChartContainer - [K3S] [reconciler_common.go:251] "operationExecutor.VerifyControllerAttachedVolume started for volume \"broker-configuration\" (UniqueName: \"kubernetes.io/configmap/39d6c376-21b4-4781-9e73-5b2f7c9775ff-broker-configuration\") pod \"test-hivemq-platform-1\" (UID: \"39d6c376-21b4-4781-9e73-5b2f7c9775ff\") " pod="helmupgradeextensionit/test-hivemq-platform-1"
2025-01-30 18:33:27,360 INFO c.h.h.t.HelmChartContainer - [hivemq-test-hivemq-platform] [hivemq-platform-operator] [9402e1fb] 18:33:27.359 [pool-6-thread-22] DEBUG c.h.p.o.d.PodServiceAccountResource - [helmupgr] Desired PodServiceAccountResource (serviceAccountName: hivemq-platform-pod-test-hivemq-platform)
2025-01-30 18:33:27,360 INFO c.h.h.t.HelmChartContainer - [K3S] [reconciler_common.go:251] "operationExecutor.VerifyControllerAttachedVolume started for volume \"kube-api-access-4b22q\" (UniqueName: \"kubernetes.io/projected/39d6c376-21b4-4781-9e73-5b2f7c9775ff-kube-api-access-4b22q\") pod \"test-hivemq-platform-1\" (UID: \"39d6c376-21b4-4781-9e73-5b2f7c9775ff\") " pod="helmupgradeextensionit/test-hivemq-platform-1"
2025-01-30 18:33:27,360 INFO c.h.h.t.HelmChartContainer - [K3S] [reconciler_common.go:251] "operationExecutor.VerifyControllerAttachedVolume started for volume \"extension-configuration-hivemq-bridge-extension\" (UniqueName: \"kubernetes.io/configmap/39d6c376-21b4-4781-9e73-5b2f7c9775ff-extension-configuration-hivemq-bridge-extension\") pod \"test-hivemq-platform-1\" (UID: \"39d6c376-21b4-4781-9e73-5b2f7c9775ff\") " pod="helmupgradeextensionit/test-hivemq-platform-1"
2025-01-30 18:33:27,360 INFO c.h.h.t.HelmChartContainer - [K3S] [reconciler_common.go:251] "operationExecutor.VerifyControllerAttachedVolume started for volume \"operator-init\" (UniqueName: \"kubernetes.io/empty-dir/39d6c376-21b4-4781-9e73-5b2f7c9775ff-operator-init\") pod \"test-hivemq-platform-1\" (UID: \"39d6c376-21b4-4781-9e73-5b2f7c9775ff\") " pod="helmupgradeextensionit/test-hivemq-platform-1"
2025-01-30 18:33:27,360 INFO c.h.h.t.HelmChartContainer - [K3S] [reconciler_common.go:251] "operationExecutor.VerifyControllerAttachedVolume started for volume \"pod-info\" (UniqueName: \"kubernetes.io/configmap/39d6c376-21b4-4781-9e73-5b2f7c9775ff-pod-info\") pod \"test-hivemq-platform-1\" (UID: \"39d6c376-21b4-4781-9e73-5b2f7c9775ff\") " pod="helmupgradeextensionit/test-hivemq-platform-1"
2025-01-30 18:33:27,441 INFO c.h.h.t.HelmChartContainer - [hivemq-test-hivemq-platform] [hivemq-platform-operator] [9402e1fb] 18:33:27.440 [pool-6-thread-23] DEBUG c.h.p.o.d.StatefulSetResource - [helmupgr] Desired StatefulSet (2 replicas) for status ROLLING_RESTART (SURGE_IN_PROGRESS)
2025-01-30 18:33:27,444 INFO c.h.h.t.HelmChartContainer - [hivemq-test-hivemq-platform] [hivemq-platform-operator] [9402e1fb] 18:33:27.443 [ReconcilerExecutor-hivemq-controller-127] INFO  c.h.p.o.HiveMQPlatformReconciler - [helmupgr] Reconciling HiveMQ Platform 'test-hivemq-platform' in namespace 'helmupgradeextensionit'
2025-01-30 18:33:27,444 INFO c.h.h.t.HelmChartContainer - [hivemq-test-hivemq-platform] [hivemq-platform-operator] [9402e1fb] 18:33:27.443 [ReconcilerExecutor-hivemq-controller-127] DEBUG c.h.p.o.HiveMQPlatformReconciler - [helmupgr] Custom Resource Status ROLLING_RESTART - HiveMQ Platform is starting a surge Pod (rolling restart) (SURGE_IN_PROGRESS)
2025-01-30 18:33:27,444 INFO c.h.h.t.HelmChartContainer - [hivemq-test-hivemq-platform] [hivemq-platform-operator] [9402e1fb] 18:33:27.443 [ReconcilerExecutor-hivemq-controller-127] DEBUG c.h.p.o.HiveMQPlatformReconciler - [helmupgr] Custom Resource Spec (replicas: 1) (extensions: 1)
2025-01-30 18:33:27,445 INFO c.h.h.t.HelmChartContainer - [hivemq-test-hivemq-platform] [hivemq-platform-operator] [9402e1fb] 18:33:27.445 [ReconcilerExecutor-hivemq-controller-127] DEBUG c.h.p.o.HiveMQPlatformReconciler - [helmupgr] StatefulSet Status (revision: test-hivemq-platform-7c6d7d4d7b, replicas: 2, available: 1, ready: 1, current: 1, updated: 1)
2025-01-30 18:33:27,446 INFO c.h.h.t.HelmChartContainer - [hivemq-test-hivemq-platform] [hivemq-platform-operator] [9402e1fb] 18:33:27.445 [ReconcilerExecutor-hivemq-controller-127] DEBUG c.h.p.o.HiveMQPlatformReconciler - [helmupgr] StatefulSet Spec (replicas: 2, init containers: 1, containers: 1, volumes: 4)
2025-01-30 18:33:27,447 INFO c.h.h.t.HelmChartContainer - [hivemq-test-hivemq-platform] [hivemq-platform-operator] [9402e1fb] 18:33:27.446 [ReconcilerExecutor-hivemq-controller-127] DEBUG c.h.p.o.h.HiveMQPlatformReconcilerErrorHandler - [helmupgr] Pod 'test-hivemq-platform-1' phase Pending
2025-01-30 18:33:27,447 INFO c.h.h.t.HelmChartContainer - [hivemq-test-hivemq-platform] [hivemq-platform-operator] [9402e1fb] 18:33:27.446 [ReconcilerExecutor-hivemq-controller-127] DEBUG c.h.p.o.h.HiveMQPlatformReconcilerErrorHandler - [helmupgr] Pod 'test-hivemq-platform-1' condition 'PodReadyToStartContainers': False
2025-01-30 18:33:27,447 INFO c.h.h.t.HelmChartContainer - [hivemq-test-hivemq-platform] [hivemq-platform-operator] [9402e1fb] 18:33:27.446 [ReconcilerExecutor-hivemq-controller-127] DEBUG c.h.p.o.h.HiveMQPlatformReconcilerErrorHandler - [helmupgr] Pod 'test-hivemq-platform-1' condition 'Initialized': False
2025-01-30 18:33:27,447 INFO c.h.h.t.HelmChartContainer - [hivemq-test-hivemq-platform] [hivemq-platform-operator] [9402e1fb] 18:33:27.446 [ReconcilerExecutor-hivemq-controller-127] DEBUG c.h.p.o.h.HiveMQPlatformReconcilerErrorHandler - [helmupgr] Pod 'test-hivemq-platform-1' condition 'Ready': False
2025-01-30 18:33:27,447 INFO c.h.h.t.HelmChartContainer - [hivemq-test-hivemq-platform] [hivemq-platform-operator] [9402e1fb] 18:33:27.446 [ReconcilerExecutor-hivemq-controller-127] DEBUG c.h.p.o.h.HiveMQPlatformReconcilerErrorHandler - [helmupgr] Pod 'test-hivemq-platform-1' condition 'ContainersReady': False
2025-01-30 18:33:27,447 INFO c.h.h.t.HelmChartContainer - [hivemq-test-hivemq-platform] [hivemq-platform-operator] [9402e1fb] 18:33:27.446 [ReconcilerExecutor-hivemq-controller-127] DEBUG c.h.p.o.h.HiveMQPlatformReconcilerErrorHandler - [helmupgr] Pod 'test-hivemq-platform-1' condition 'PodScheduled': True
2025-01-30 18:33:27,447 INFO c.h.h.t.HelmChartContainer - [hivemq-test-hivemq-platform] [hivemq-platform-operator] [9402e1fb] 18:33:27.446 [ReconcilerExecutor-hivemq-controller-127] DEBUG c.h.p.o.h.HiveMQPlatformReconcilerErrorHandler - [helmupgr] Pod 'test-hivemq-platform-1' containerStatus 'hivemq' (started: false) (ready: false) (waiting: [PodInitializing] null)
2025-01-30 18:33:27,448 INFO c.h.h.t.HelmChartContainer - [hivemq-test-hivemq-platform] [hivemq-platform-operator] [9402e1fb] 18:33:27.447 [ReconcilerExecutor-hivemq-controller-127] DEBUG c.h.p.o.h.HiveMQPlatformReconcilerErrorHandler - [helmupgr] Pod 'test-hivemq-platform-0' phase Running
2025-01-30 18:33:27,448 INFO c.h.h.t.HelmChartContainer - [hivemq-test-hivemq-platform] [hivemq-platform-operator] [9402e1fb] 18:33:27.447 [ReconcilerExecutor-hivemq-controller-127] DEBUG c.h.p.o.h.HiveMQPlatformReconcilerRollingRestartHandler - [helmupgr] Rolling restart is waiting for 1 of 2 replicas
2025-01-30 18:33:27,663 INFO c.h.h.t.HelmChartContainer - [EVENT] Normal [Pulled] Container image "docker.io/hivemq/hivemq-platform-operator-init-test:snapshot" already present on machine [helmupgradeextensionit:test-hivemq-platform-1]
2025-01-30 18:33:27,668 INFO c.h.h.t.HelmChartContainer - [EVENT] Normal [Created] Created container: hivemq-platform-operator-init [helmupgradeextensionit:test-hivemq-platform-1]
2025-01-30 18:33:27,707 INFO c.h.h.t.HelmChartContainer - [EVENT] Normal [Started] Started container hivemq-platform-operator-init [helmupgradeextensionit:test-hivemq-platform-1]
2025-01-30 18:33:28,695 INFO c.h.h.t.HelmChartContainer - [EVENT] Normal [Pulled] Container image "docker.io/hivemq/hivemq4:4.36.0" already present on machine [helmupgradeextensionit:test-hivemq-platform-1]
2025-01-30 18:33:28,695 INFO c.h.h.t.HelmChartContainer - Received Pulled event for container hivemq in pod test-hivemq-platform-1 [39d6c376-21b4-4781-9e73-5b2f7c9775ff]
2025-01-30 18:33:28,708 INFO c.h.h.t.HelmChartContainer - [POD] test-hivemq-platform-1 [39d6c376-21b4-4781-9e73-5b2f7c9775ff] in helmupgradeextensionit was MODIFIED
2025-01-30 18:33:28,728 INFO c.h.h.t.HelmChartContainer - [EVENT] Normal [Created] Created container: hivemq [helmupgradeextensionit:test-hivemq-platform-1]
2025-01-30 18:33:28,728 INFO c.h.h.t.HelmChartContainer - Received Created event for container hivemq in pod test-hivemq-platform-1 [39d6c376-21b4-4781-9e73-5b2f7c9775ff]
2025-01-30 18:33:28,737 INFO c.h.h.t.HelmChartContainer - [hivemq-test-hivemq-platform] [hivemq-platform-operator] [9402e1fb] 18:33:28.720 [pool-6-thread-37] DEBUG c.h.p.o.d.PlatformServiceResource - [helmupgr] Desired Platform services (3 services)
2025-01-30 18:33:28,737 INFO c.h.h.t.HelmChartContainer - [hivemq-test-hivemq-platform] [hivemq-platform-operator] [9402e1fb] 18:33:28.722 [pool-6-thread-36] DEBUG c.h.p.o.dependants.PodInfoConfigMap - [helmupgr] Desired PodInfo ConfigMap (1 extensions) (1 enabled)
2025-01-30 18:33:28,737 INFO c.h.h.t.HelmChartContainer - [hivemq-test-hivemq-platform] [hivemq-platform-operator] [9402e1fb] 18:33:28.722 [pool-6-thread-36] DEBUG c.h.p.o.dependants.PodInfoConfigMap - [helmupgr] Desired PodInfo ConfigMap (metrics port: 9399) (metrics path: /)
2025-01-30 18:33:28,737 INFO c.h.h.t.HelmChartContainer - [hivemq-test-hivemq-platform] [hivemq-platform-operator] [9402e1fb] 18:33:28.722 [pool-6-thread-36] DEBUG c.h.p.o.dependants.PodInfoConfigMap - [helmupgr] Desired PodInfo ConfigMap (extension state hash: 610187774)
2025-01-30 18:33:28,737 INFO c.h.h.t.HelmChartContainer - [hivemq-test-hivemq-platform] [hivemq-platform-operator] [9402e1fb] 18:33:28.724 [pool-6-thread-34] DEBUG c.h.p.o.d.PodServiceAccountResource - [helmupgr] Desired PodServiceAccountResource (serviceAccountName: hivemq-platform-pod-test-hivemq-platform)
2025-01-30 18:33:28,768 INFO c.h.h.t.HelmChartContainer - [hivemq-test-hivemq-platform] [hivemq-platform-operator] [9402e1fb] 18:33:28.730 [pool-6-thread-37] DEBUG c.h.p.o.d.StatefulSetResource - [helmupgr] Desired StatefulSet (2 replicas) for status ROLLING_RESTART (SURGE_IN_PROGRESS)
2025-01-30 18:33:28,768 INFO c.h.h.t.HelmChartContainer - [hivemq-test-hivemq-platform] [hivemq-platform-operator] [9402e1fb] 18:33:28.741 [ReconcilerExecutor-hivemq-controller-128] INFO  c.h.p.o.HiveMQPlatformReconciler - [helmupgr] Reconciling HiveMQ Platform 'test-hivemq-platform' in namespace 'helmupgradeextensionit'
2025-01-30 18:33:28,768 INFO c.h.h.t.HelmChartContainer - [hivemq-test-hivemq-platform] [hivemq-platform-operator] [9402e1fb] 18:33:28.741 [ReconcilerExecutor-hivemq-controller-128] DEBUG c.h.p.o.HiveMQPlatformReconciler - [helmupgr] Custom Resource Status ROLLING_RESTART - HiveMQ Platform is starting a surge Pod (rolling restart) (SURGE_IN_PROGRESS)
2025-01-30 18:33:28,768 INFO c.h.h.t.HelmChartContainer - [hivemq-test-hivemq-platform] [hivemq-platform-operator] [9402e1fb] 18:33:28.741 [ReconcilerExecutor-hivemq-controller-128] DEBUG c.h.p.o.HiveMQPlatformReconciler - [helmupgr] Custom Resource Spec (replicas: 1) (extensions: 1)
2025-01-30 18:33:28,768 INFO c.h.h.t.HelmChartContainer - [hivemq-test-hivemq-platform] [hivemq-platform-operator] [9402e1fb] 18:33:28.743 [ReconcilerExecutor-hivemq-controller-128] DEBUG c.h.p.o.HiveMQPlatformReconciler - [helmupgr] StatefulSet Status (revision: test-hivemq-platform-7c6d7d4d7b, replicas: 2, available: 1, ready: 1, current: 1, updated: 1)
2025-01-30 18:33:28,768 INFO c.h.h.t.HelmChartContainer - [hivemq-test-hivemq-platform] [hivemq-platform-operator] [9402e1fb] 18:33:28.743 [ReconcilerExecutor-hivemq-controller-128] DEBUG c.h.p.o.HiveMQPlatformReconciler - [helmupgr] StatefulSet Spec (replicas: 2, init containers: 1, containers: 1, volumes: 4)
2025-01-30 18:33:28,768 INFO c.h.h.t.HelmChartContainer - [hivemq-test-hivemq-platform] [hivemq-platform-operator] [9402e1fb] 18:33:28.749 [ReconcilerExecutor-hivemq-controller-128] DEBUG c.h.p.o.h.HiveMQPlatformReconcilerErrorHandler - [helmupgr] Pod 'test-hivemq-platform-1' phase Pending
2025-01-30 18:33:28,768 INFO c.h.h.t.HelmChartContainer - [hivemq-test-hivemq-platform] [hivemq-platform-operator] [9402e1fb] 18:33:28.749 [ReconcilerExecutor-hivemq-controller-128] DEBUG c.h.p.o.h.HiveMQPlatformReconcilerErrorHandler - [helmupgr] Pod 'test-hivemq-platform-1' condition 'PodReadyToStartContainers': True
2025-01-30 18:33:28,768 INFO c.h.h.t.HelmChartContainer - [hivemq-test-hivemq-platform] [hivemq-platform-operator] [9402e1fb] 18:33:28.749 [ReconcilerExecutor-hivemq-controller-128] DEBUG c.h.p.o.h.HiveMQPlatformReconcilerErrorHandler - [helmupgr] Pod 'test-hivemq-platform-1' condition 'Initialized': True
2025-01-30 18:33:28,768 INFO c.h.h.t.HelmChartContainer - [hivemq-test-hivemq-platform] [hivemq-platform-operator] [9402e1fb] 18:33:28.749 [ReconcilerExecutor-hivemq-controller-128] DEBUG c.h.p.o.h.HiveMQPlatformReconcilerErrorHandler - [helmupgr] Pod 'test-hivemq-platform-1' condition 'Ready': False
2025-01-30 18:33:28,768 INFO c.h.h.t.HelmChartContainer - [hivemq-test-hivemq-platform] [hivemq-platform-operator] [9402e1fb] 18:33:28.749 [ReconcilerExecutor-hivemq-controller-128] DEBUG c.h.p.o.h.HiveMQPlatformReconcilerErrorHandler - [helmupgr] Pod 'test-hivemq-platform-1' condition 'ContainersReady': False
2025-01-30 18:33:28,768 INFO c.h.h.t.HelmChartContainer - [hivemq-test-hivemq-platform] [hivemq-platform-operator] [9402e1fb] 18:33:28.749 [ReconcilerExecutor-hivemq-controller-128] DEBUG c.h.p.o.h.HiveMQPlatformReconcilerErrorHandler - [helmupgr] Pod 'test-hivemq-platform-1' condition 'PodScheduled': True
2025-01-30 18:33:28,768 INFO c.h.h.t.HelmChartContainer - [hivemq-test-hivemq-platform] [hivemq-platform-operator] [9402e1fb] 18:33:28.749 [ReconcilerExecutor-hivemq-controller-128] DEBUG c.h.p.o.h.HiveMQPlatformReconcilerErrorHandler - [helmupgr] Pod 'test-hivemq-platform-1' containerStatus 'hivemq' (started: false) (ready: false) (waiting: [PodInitializing] null)
2025-01-30 18:33:28,817 INFO c.h.h.t.HelmChartContainer - [hivemq-test-hivemq-platform] [hivemq-platform-operator] [9402e1fb] 18:33:28.813 [ReconcilerExecutor-hivemq-controller-128] DEBUG c.h.p.o.h.HiveMQPlatformReconcilerErrorHandler - [helmupgr] Pod 'test-hivemq-platform-0' phase Running
2025-01-30 18:33:28,817 INFO c.h.h.t.HelmChartContainer - [hivemq-test-hivemq-platform] [hivemq-platform-operator] [9402e1fb] 18:33:28.815 [ReconcilerExecutor-hivemq-controller-128] DEBUG c.h.p.o.h.HiveMQPlatformReconcilerRollingRestartHandler - [helmupgr] Rolling restart is waiting for 1 of 2 replicas
2025-01-30 18:33:29,708 INFO c.h.h.t.HelmChartContainer - [POD] test-hivemq-platform-1 [39d6c376-21b4-4781-9e73-5b2f7c9775ff] in helmupgradeextensionit was MODIFIED
2025-01-30 18:33:29,717 INFO c.h.h.t.HelmChartContainer - [hivemq-test-hivemq-platform] [hivemq-platform-operator] [9402e1fb] 18:33:29.714 [pool-6-thread-41] DEBUG c.h.p.o.d.PlatformServiceResource - [helmupgr] Desired Platform services (3 services)
2025-01-30 18:33:29,718 INFO c.h.h.t.HelmChartContainer - [hivemq-test-hivemq-platform] [hivemq-platform-operator] [9402e1fb] 18:33:29.715 [pool-6-thread-44] DEBUG c.h.p.o.dependants.PodInfoConfigMap - [helmupgr] Desired PodInfo ConfigMap (1 extensions) (1 enabled)
2025-01-30 18:33:29,718 INFO c.h.h.t.HelmChartContainer - [hivemq-test-hivemq-platform] [hivemq-platform-operator] [9402e1fb] 18:33:29.715 [pool-6-thread-44] DEBUG c.h.p.o.dependants.PodInfoConfigMap - [helmupgr] Desired PodInfo ConfigMap (metrics port: 9399) (metrics path: /)
2025-01-30 18:33:29,718 INFO c.h.h.t.HelmChartContainer - [hivemq-test-hivemq-platform] [hivemq-platform-operator] [9402e1fb] 18:33:29.715 [pool-6-thread-44] DEBUG c.h.p.o.dependants.PodInfoConfigMap - [helmupgr] Desired PodInfo ConfigMap (extension state hash: 610187774)
2025-01-30 18:33:29,719 INFO c.h.h.t.HelmChartContainer - [hivemq-test-hivemq-platform] [hivemq-platform-operator] [9402e1fb] 18:33:29.717 [pool-6-thread-47] DEBUG c.h.p.o.d.PodServiceAccountResource - [helmupgr] Desired PodServiceAccountResource (serviceAccountName: hivemq-platform-pod-test-hivemq-platform)
2025-01-30 18:33:29,719 INFO c.h.h.t.HelmChartContainer - [EVENT] Normal [Started] Started container hivemq [helmupgradeextensionit:test-hivemq-platform-1]
2025-01-30 18:33:29,720 INFO c.h.h.t.HelmChartContainer - Received Started event for container hivemq in pod test-hivemq-platform-1 [39d6c376-21b4-4781-9e73-5b2f7c9775ff]
2025-01-30 18:33:29,720 INFO c.h.h.t.HelmChartContainer - Started log watcher for hivemq in pod test-hivemq-platform-1 [39d6c376-21b4-4781-9e73-5b2f7c9775ff]
2025-01-30 18:33:29,721 INFO c.h.h.t.HelmChartContainer - [test-hivemq-platform] [hivemq] [39d6c376] Adding pre-installed HiveMQ Platform Operator extensions
2025-01-30 18:33:29,721 INFO c.h.h.t.HelmChartContainer - [test-hivemq-platform] [hivemq] [39d6c376] Running as user 10000
2025-01-30 18:33:29,721 INFO c.h.h.t.HelmChartContainer - [test-hivemq-platform] [hivemq] [39d6c376] Starting HiveMQ Platform Operator Init
2025-01-30 18:33:29,729 INFO c.h.h.t.HelmChartContainer - [hivemq-test-hivemq-platform] [hivemq-platform-operator] [9402e1fb] 18:33:29.728 [pool-6-thread-47] DEBUG c.h.p.o.d.StatefulSetResource - [helmupgr] Desired StatefulSet (2 replicas) for status ROLLING_RESTART (SURGE_IN_PROGRESS)
2025-01-30 18:33:29,735 INFO c.h.h.t.HelmChartContainer - [hivemq-test-hivemq-platform] [hivemq-platform-operator] [9402e1fb] 18:33:29.733 [ReconcilerExecutor-hivemq-controller-129] INFO  c.h.p.o.HiveMQPlatformReconciler - [helmupgr] Reconciling HiveMQ Platform 'test-hivemq-platform' in namespace 'helmupgradeextensionit'
2025-01-30 18:33:29,735 INFO c.h.h.t.HelmChartContainer - [hivemq-test-hivemq-platform] [hivemq-platform-operator] [9402e1fb] 18:33:29.733 [ReconcilerExecutor-hivemq-controller-129] DEBUG c.h.p.o.HiveMQPlatformReconciler - [helmupgr] Custom Resource Status ROLLING_RESTART - HiveMQ Platform is starting a surge Pod (rolling restart) (SURGE_IN_PROGRESS)
2025-01-30 18:33:29,735 INFO c.h.h.t.HelmChartContainer - [hivemq-test-hivemq-platform] [hivemq-platform-operator] [9402e1fb] 18:33:29.733 [ReconcilerExecutor-hivemq-controller-129] DEBUG c.h.p.o.HiveMQPlatformReconciler - [helmupgr] Custom Resource Spec (replicas: 1) (extensions: 1)
2025-01-30 18:33:29,738 INFO c.h.h.t.HelmChartContainer - [hivemq-test-hivemq-platform] [hivemq-platform-operator] [9402e1fb] 18:33:29.737 [ReconcilerExecutor-hivemq-controller-129] DEBUG c.h.p.o.HiveMQPlatformReconciler - [helmupgr] StatefulSet Status (revision: test-hivemq-platform-7c6d7d4d7b, replicas: 2, available: 1, ready: 1, current: 1, updated: 1)
2025-01-30 18:33:29,739 INFO c.h.h.t.HelmChartContainer - [hivemq-test-hivemq-platform] [hivemq-platform-operator] [9402e1fb] 18:33:29.737 [ReconcilerExecutor-hivemq-controller-129] DEBUG c.h.p.o.HiveMQPlatformReconciler - [helmupgr] StatefulSet Spec (replicas: 2, init containers: 1, containers: 1, volumes: 4)
2025-01-30 18:33:29,743 INFO c.h.h.t.HelmChartContainer - [hivemq-test-hivemq-platform] [hivemq-platform-operator] [9402e1fb] 18:33:29.742 [ReconcilerExecutor-hivemq-controller-129] DEBUG c.h.p.o.h.HiveMQPlatformReconcilerErrorHandler - [helmupgr] Pod 'test-hivemq-platform-1' phase Running
2025-01-30 18:33:29,746 INFO c.h.h.t.HelmChartContainer - [hivemq-test-hivemq-platform] [hivemq-platform-operator] [9402e1fb] 18:33:29.744 [ReconcilerExecutor-hivemq-controller-129] DEBUG c.h.p.o.h.HiveMQPlatformReconcilerErrorHandler - [helmupgr] Pod 'test-hivemq-platform-0' phase Running
2025-01-30 18:33:29,746 INFO c.h.h.t.HelmChartContainer - [hivemq-test-hivemq-platform] [hivemq-platform-operator] [9402e1fb] 18:33:29.745 [ReconcilerExecutor-hivemq-controller-129] DEBUG c.h.p.o.h.HiveMQPlatformReconcilerRollingRestartHandler - [helmupgr] Rolling restart is waiting for 1 of 2 replicas
2025-01-30 18:33:30,019 INFO c.h.h.t.HelmChartContainer - [test-hivemq-platform] [hivemq] [39d6c376] INFO  - [HiveMQ Platform Operator Init 1.7.0-SNAPSHOT] HiveMQ Platform Operator Init 1.7.0-SNAPSHOT (commit: 47e3375 on branch: HEAD) built on Thu Jan 30 03:55:50 UTC 2025
2025-01-30 18:33:30,749 INFO c.h.h.t.HelmChartContainer - [test-hivemq-platform] [hivemq] [d3095f8c] WARN  - Bridge Extension: Connect to bridge 'testbridge' failed for the 3 time, reason: connection timed out after 10000 ms: /172.17.0.3:1883
2025-01-30 18:33:31,217 INFO c.h.h.t.HelmChartContainer - [test-hivemq-platform] [hivemq] [39d6c376] INFO  - [HiveMQ Platform Operator Init App 1.7.0-SNAPSHOT] Using bind address 10.42.0.9 from environment variable
2025-01-30 18:33:31,572 INFO c.h.h.t.HelmChartContainer - [test-hivemq-platform] [hivemq] [d3095f8c] WARN  - Bridge Extension: Connect to bridge 'testbridge' failed for the 3 time, reason: connection timed out after 10000 ms: /172.17.0.3:1883
2025-01-30 18:33:32,104 INFO c.h.h.t.HelmChartContainer - [test-hivemq-platform] [hivemq] [39d6c376] INFO  - [HiveMQ Platform Operator Init App 1.7.0-SNAPSHOT] HiveMQ Platform Operator Init App 1.7.0-SNAPSHOT (commit: 47e3375 on branch: HEAD) built on Thu Jan 30 03:55:50 UTC 2025
2025-01-30 18:33:32,104 INFO c.h.h.t.HelmChartContainer - [test-hivemq-platform] [hivemq] [39d6c376] INFO  - [HiveMQ Platform Operator Init App 1.7.0-SNAPSHOT] PodInfo ConfigMap directory: /etc/podinfo
2025-01-30 18:33:32,104 INFO c.h.h.t.HelmChartContainer - [test-hivemq-platform] [hivemq] [39d6c376] INFO  - [HiveMQ Platform Operator Init App 1.7.0-SNAPSHOT] HiveMQ home directory: /opt/hivemq
2025-01-30 18:33:32,104 INFO c.h.h.t.HelmChartContainer - [test-hivemq-platform] [hivemq] [39d6c376] INFO  - [HiveMQ Platform Operator Init App 1.7.0-SNAPSHOT] HiveMQ Logback folder: /opt/hivemq/conf
2025-01-30 18:33:32,104 INFO c.h.h.t.HelmChartContainer - [test-hivemq-platform] [hivemq] [39d6c376] INFO  - [HiveMQ Platform Operator Init App 1.7.0-SNAPSHOT] HiveMQ Config folder: /opt/hivemq/conf-k8s
2025-01-30 18:33:32,105 INFO c.h.h.t.HelmChartContainer - [test-hivemq-platform] [hivemq] [39d6c376] INFO  - [HiveMQ Platform Operator Init App 1.7.0-SNAPSHOT] Starting HiveMQ Platform Operator Init App
2025-01-30 18:33:32,105 INFO c.h.h.t.HelmChartContainer - [test-hivemq-platform] [hivemq] [39d6c376] INFO  - [HiveMQ Platform Operator Init App 1.7.0-SNAPSHOT] Starting Pod reconciler
2025-01-30 18:33:33,298 INFO c.h.h.t.HelmChartContainer - [test-hivemq-platform] [hivemq] [39d6c376] INFO  - [HiveMQ Platform Operator Init App 1.7.0-SNAPSHOT] Pod reconciler is scheduled (interval: 5000 ms)
2025-01-30 18:33:33,299 INFO c.h.h.t.HelmChartContainer - [test-hivemq-platform] [hivemq] [39d6c376] INFO  - [HiveMQ Platform Operator Init App 1.7.0-SNAPSHOT] Starting the REST API on 10.42.0.9:7979
2025-01-30 18:33:33,301 INFO c.h.h.t.HelmChartContainer - [test-hivemq-platform] [hivemq] [39d6c376] INFO  - [HiveMQ Platform Operator Init App 1.7.0-SNAPSHOT] Waiting up to 600s for at most 2 HiveMQ nodes in cluster service hivemq-test-hivemq-platform-cluster.helmupgradeextensionit.svc
2025-01-30 18:33:33,625 INFO c.h.h.t.HelmChartContainer - [test-hivemq-platform] [hivemq] [39d6c376] INFO  - [HiveMQ Platform Operator Init App 1.7.0-SNAPSHOT] Resolved 2 IP addresses: [10.42.0.8, 10.42.0.9]
2025-01-30 18:33:33,625 INFO c.h.h.t.HelmChartContainer - [test-hivemq-platform] [hivemq] [39d6c376] INFO  - [HiveMQ Platform Operator Init App 1.7.0-SNAPSHOT] HiveMQ node count of 2 is within threshold of 2
2025-01-30 18:33:33,625 INFO c.h.h.t.HelmChartContainer - [test-hivemq-platform] [hivemq] [39d6c376] INFO  - [HiveMQ Platform Operator Init App 1.7.0-SNAPSHOT] Waiting 15s for previous shutdown replication to finish...
2025-01-30 18:33:35,704 INFO c.h.h.t.HelmChartContainer - [test-hivemq-platform] [hivemq] [39d6c376] INFO  - [HiveMQ Platform Operator Init App 1.7.0-SNAPSHOT] Returning default Health API response 503 for readiness
2025-01-30 18:33:35,828 INFO c.h.h.t.HelmChartContainer - [EVENT] Warning [Unhealthy] Readiness probe failed: HTTP probe failed with statuscode: 503 [helmupgradeextensionit:test-hivemq-platform-1]
2025-01-30 18:33:35,828 INFO c.h.h.t.HelmChartContainer - Received Unhealthy event for container hivemq in pod test-hivemq-platform-1 [39d6c376-21b4-4781-9e73-5b2f7c9775ff]
2025-01-30 18:33:39,749 INFO c.h.h.t.HelmChartContainer - [hivemq-test-hivemq-platform] [hivemq-platform-operator] [9402e1fb] 18:33:39.747 [pool-6-thread-1] DEBUG c.h.p.o.d.PlatformServiceResource - [helmupgr] Desired Platform services (3 services)
2025-01-30 18:33:39,749 INFO c.h.h.t.HelmChartContainer - [hivemq-test-hivemq-platform] [hivemq-platform-operator] [9402e1fb] 18:33:39.748 [pool-6-thread-9] DEBUG c.h.p.o.d.PodServiceAccountResource - [helmupgr] Desired PodServiceAccountResource (serviceAccountName: hivemq-platform-pod-test-hivemq-platform)
2025-01-30 18:33:39,751 INFO c.h.h.t.HelmChartContainer - [hivemq-test-hivemq-platform] [hivemq-platform-operator] [9402e1fb] 18:33:39.748 [pool-6-thread-8] DEBUG c.h.p.o.dependants.PodInfoConfigMap - [helmupgr] Desired PodInfo ConfigMap (1 extensions) (1 enabled)
2025-01-30 18:33:39,751 INFO c.h.h.t.HelmChartContainer - [hivemq-test-hivemq-platform] [hivemq-platform-operator] [9402e1fb] 18:33:39.750 [pool-6-thread-8] DEBUG c.h.p.o.dependants.PodInfoConfigMap - [helmupgr] Desired PodInfo ConfigMap (metrics port: 9399) (metrics path: /)
2025-01-30 18:33:39,752 INFO c.h.h.t.HelmChartContainer - [hivemq-test-hivemq-platform] [hivemq-platform-operator] [9402e1fb] 18:33:39.750 [pool-6-thread-8] DEBUG c.h.p.o.dependants.PodInfoConfigMap - [helmupgr] Desired PodInfo ConfigMap (extension state hash: 610187774)
2025-01-30 18:33:39,753 INFO c.h.h.t.HelmChartContainer - [hivemq-test-hivemq-platform] [hivemq-platform-operator] [9402e1fb] 18:33:39.753 [pool-6-thread-8] DEBUG c.h.p.o.d.StatefulSetResource - [helmupgr] Desired StatefulSet (2 replicas) for status ROLLING_RESTART (SURGE_IN_PROGRESS)
2025-01-30 18:33:39,756 INFO c.h.h.t.HelmChartContainer - [hivemq-test-hivemq-platform] [hivemq-platform-operator] [9402e1fb] 18:33:39.756 [ReconcilerExecutor-hivemq-controller-130] INFO  c.h.p.o.HiveMQPlatformReconciler - [helmupgr] Reconciling HiveMQ Platform 'test-hivemq-platform' in namespace 'helmupgradeextensionit'
2025-01-30 18:33:39,757 INFO c.h.h.t.HelmChartContainer - [hivemq-test-hivemq-platform] [hivemq-platform-operator] [9402e1fb] 18:33:39.756 [ReconcilerExecutor-hivemq-controller-130] DEBUG c.h.p.o.HiveMQPlatformReconciler - [helmupgr] Custom Resource Status ROLLING_RESTART - HiveMQ Platform is starting a surge Pod (rolling restart) (SURGE_IN_PROGRESS)
2025-01-30 18:33:39,757 INFO c.h.h.t.HelmChartContainer - [hivemq-test-hivemq-platform] [hivemq-platform-operator] [9402e1fb] 18:33:39.756 [ReconcilerExecutor-hivemq-controller-130] DEBUG c.h.p.o.HiveMQPlatformReconciler - [helmupgr] Custom Resource Spec (replicas: 1) (extensions: 1)
2025-01-30 18:33:39,758 INFO c.h.h.t.HelmChartContainer - [hivemq-test-hivemq-platform] [hivemq-platform-operator] [9402e1fb] 18:33:39.757 [ReconcilerExecutor-hivemq-controller-130] DEBUG c.h.p.o.HiveMQPlatformReconciler - [helmupgr] StatefulSet Status (revision: test-hivemq-platform-7c6d7d4d7b, replicas: 2, available: 1, ready: 1, current: 1, updated: 1)
2025-01-30 18:33:39,758 INFO c.h.h.t.HelmChartContainer - [hivemq-test-hivemq-platform] [hivemq-platform-operator] [9402e1fb] 18:33:39.757 [ReconcilerExecutor-hivemq-controller-130] DEBUG c.h.p.o.HiveMQPlatformReconciler - [helmupgr] StatefulSet Spec (replicas: 2, init containers: 1, containers: 1, volumes: 4)
2025-01-30 18:33:39,759 INFO c.h.h.t.HelmChartContainer - [hivemq-test-hivemq-platform] [hivemq-platform-operator] [9402e1fb] 18:33:39.759 [ReconcilerExecutor-hivemq-controller-130] DEBUG c.h.p.o.h.HiveMQPlatformReconcilerErrorHandler - [helmupgr] Pod 'test-hivemq-platform-1' phase Running
2025-01-30 18:33:39,761 INFO c.h.h.t.HelmChartContainer - [hivemq-test-hivemq-platform] [hivemq-platform-operator] [9402e1fb] 18:33:39.760 [ReconcilerExecutor-hivemq-controller-130] DEBUG c.h.p.o.h.HiveMQPlatformReconcilerErrorHandler - [helmupgr] Pod 'test-hivemq-platform-0' phase Running
2025-01-30 18:33:39,761 INFO c.h.h.t.HelmChartContainer - [hivemq-test-hivemq-platform] [hivemq-platform-operator] [9402e1fb] 18:33:39.760 [ReconcilerExecutor-hivemq-controller-130] DEBUG c.h.p.o.h.HiveMQPlatformReconcilerRollingRestartHandler - [helmupgr] Rolling restart is waiting for 1 of 2 replicas
2025-01-30 18:33:40,698 INFO c.h.h.t.HelmChartContainer - [test-hivemq-platform] [hivemq] [39d6c376] INFO  - [HiveMQ Platform Operator Init App 1.7.0-SNAPSHOT] Updating Pod HiveMQ Platform Operator Init App version annotation (version: 1.7.0-SNAPSHOT)
2025-01-30 18:33:40,704 INFO c.h.h.t.HelmChartContainer - [EVENT] Warning [Unhealthy] Readiness probe failed: HTTP probe failed with statuscode: 503 [helmupgradeextensionit:test-hivemq-platform-1]
2025-01-30 18:33:40,704 INFO c.h.h.t.HelmChartContainer - Received Unhealthy event for container hivemq in pod test-hivemq-platform-1 [39d6c376-21b4-4781-9e73-5b2f7c9775ff]
2025-01-30 18:33:40,937 INFO c.h.h.t.HelmChartContainer - [POD] test-hivemq-platform-1 [39d6c376-21b4-4781-9e73-5b2f7c9775ff] in helmupgradeextensionit was MODIFIED
2025-01-30 18:33:40,942 INFO c.h.h.t.HelmChartContainer - [hivemq-test-hivemq-platform] [hivemq-platform-operator] [9402e1fb] 18:33:40.941 [pool-6-thread-20] DEBUG c.h.p.o.d.PlatformServiceResource - [helmupgr] Desired Platform services (3 services)
2025-01-30 18:33:40,943 INFO c.h.h.t.HelmChartContainer - [hivemq-test-hivemq-platform] [hivemq-platform-operator] [9402e1fb] 18:33:40.942 [pool-6-thread-19] DEBUG c.h.p.o.d.PodServiceAccountResource - [helmupgr] Desired PodServiceAccountResource (serviceAccountName: hivemq-platform-pod-test-hivemq-platform)
2025-01-30 18:33:40,945 INFO c.h.h.t.HelmChartContainer - [hivemq-test-hivemq-platform] [hivemq-platform-operator] [9402e1fb] 18:33:40.944 [pool-6-thread-18] DEBUG c.h.p.o.dependants.PodInfoConfigMap - [helmupgr] Desired PodInfo ConfigMap (1 extensions) (1 enabled)
2025-01-30 18:33:40,946 INFO c.h.h.t.HelmChartContainer - [hivemq-test-hivemq-platform] [hivemq-platform-operator] [9402e1fb] 18:33:40.944 [pool-6-thread-18] DEBUG c.h.p.o.dependants.PodInfoConfigMap - [helmupgr] Desired PodInfo ConfigMap (metrics port: 9399) (metrics path: /)
2025-01-30 18:33:40,946 INFO c.h.h.t.HelmChartContainer - [hivemq-test-hivemq-platform] [hivemq-platform-operator] [9402e1fb] 18:33:40.944 [pool-6-thread-18] DEBUG c.h.p.o.dependants.PodInfoConfigMap - [helmupgr] Desired PodInfo ConfigMap (extension state hash: 610187774)
2025-01-30 18:33:40,949 INFO c.h.h.t.HelmChartContainer - [EVENT] Warning [Unhealthy] Readiness probe failed: HTTP probe failed with statuscode: 503 [helmupgradeextensionit:test-hivemq-platform-1]
2025-01-30 18:33:40,949 INFO c.h.h.t.HelmChartContainer - Received Unhealthy event for container hivemq in pod test-hivemq-platform-1 [39d6c376-21b4-4781-9e73-5b2f7c9775ff]
2025-01-30 18:33:40,950 INFO c.h.h.t.HelmChartContainer - [hivemq-test-hivemq-platform] [hivemq-platform-operator] [9402e1fb] 18:33:40.949 [pool-6-thread-20] DEBUG c.h.p.o.d.StatefulSetResource - [helmupgr] Desired StatefulSet (2 replicas) for status ROLLING_RESTART (SURGE_IN_PROGRESS)
2025-01-30 18:33:40,957 INFO c.h.h.t.HelmChartContainer - [hivemq-test-hivemq-platform] [hivemq-platform-operator] [9402e1fb] 18:33:40.952 [ReconcilerExecutor-hivemq-controller-131] INFO  c.h.p.o.HiveMQPlatformReconciler - [helmupgr] Reconciling HiveMQ Platform 'test-hivemq-platform' in namespace 'helmupgradeextensionit'
2025-01-30 18:33:40,957 INFO c.h.h.t.HelmChartContainer - [hivemq-test-hivemq-platform] [hivemq-platform-operator] [9402e1fb] 18:33:40.952 [ReconcilerExecutor-hivemq-controller-131] DEBUG c.h.p.o.HiveMQPlatformReconciler - [helmupgr] Custom Resource Status ROLLING_RESTART - HiveMQ Platform is starting a surge Pod (rolling restart) (SURGE_IN_PROGRESS)
2025-01-30 18:33:40,957 INFO c.h.h.t.HelmChartContainer - [hivemq-test-hivemq-platform] [hivemq-platform-operator] [9402e1fb] 18:33:40.952 [ReconcilerExecutor-hivemq-controller-131] DEBUG c.h.p.o.HiveMQPlatformReconciler - [helmupgr] Custom Resource Spec (replicas: 1) (extensions: 1)
2025-01-30 18:33:40,957 INFO c.h.h.t.HelmChartContainer - [hivemq-test-hivemq-platform] [hivemq-platform-operator] [9402e1fb] 18:33:40.953 [ReconcilerExecutor-hivemq-controller-131] DEBUG c.h.p.o.HiveMQPlatformReconciler - [helmupgr] StatefulSet Status (revision: test-hivemq-platform-7c6d7d4d7b, replicas: 2, available: 1, ready: 1, current: 1, updated: 1)
2025-01-30 18:33:40,957 INFO c.h.h.t.HelmChartContainer - [hivemq-test-hivemq-platform] [hivemq-platform-operator] [9402e1fb] 18:33:40.954 [ReconcilerExecutor-hivemq-controller-131] DEBUG c.h.p.o.HiveMQPlatformReconciler - [helmupgr] StatefulSet Spec (replicas: 2, init containers: 1, containers: 1, volumes: 4)
2025-01-30 18:33:40,957 INFO c.h.h.t.HelmChartContainer - [hivemq-test-hivemq-platform] [hivemq-platform-operator] [9402e1fb] 18:33:40.954 [ReconcilerExecutor-hivemq-controller-131] DEBUG c.h.p.o.h.HiveMQPlatformReconcilerErrorHandler - [helmupgr] Pod 'test-hivemq-platform-1' phase Running
2025-01-30 18:33:41,001 INFO c.h.h.t.HelmChartContainer - [test-hivemq-platform] [hivemq] [39d6c376] INFO  - [HiveMQ Platform Operator Init App 1.7.0-SNAPSHOT] Successfully updated Pod HiveMQ Platform Operator Init App version annotation (version: 1.7.0-SNAPSHOT)
2025-01-30 18:33:41,010 INFO c.h.h.t.HelmChartContainer - [hivemq-test-hivemq-platform] [hivemq-platform-operator] [9402e1fb] 18:33:41.008 [ReconcilerExecutor-hivemq-controller-131] DEBUG c.h.p.o.h.HiveMQPlatformReconcilerErrorHandler - [helmupgr] Pod 'test-hivemq-platform-0' phase Running
2025-01-30 18:33:41,010 INFO c.h.h.t.HelmChartContainer - [hivemq-test-hivemq-platform] [hivemq-platform-operator] [9402e1fb] 18:33:41.009 [ReconcilerExecutor-hivemq-controller-131] DEBUG c.h.p.o.h.HiveMQPlatformReconcilerRollingRestartHandler - [helmupgr] Rolling restart is waiting for 1 of 2 replicas
2025-01-30 18:33:45,941 INFO c.h.h.t.HelmChartContainer - [EVENT] Warning [Unhealthy] Readiness probe failed: HTTP probe failed with statuscode: 503 [helmupgradeextensionit:test-hivemq-platform-1]
2025-01-30 18:33:45,941 INFO c.h.h.t.HelmChartContainer - Received Unhealthy event for container hivemq in pod test-hivemq-platform-1 [39d6c376-21b4-4781-9e73-5b2f7c9775ff]
2025-01-30 18:33:47,931 INFO c.h.h.t.HelmChartContainer - [test-hivemq-platform] [hivemq] [d3095f8c] WARN  - Bridge Extension: Connect to bridge 'testbridge' failed for the 4 time, reason: connection timed out after 10000 ms: /172.17.0.3:1883
2025-01-30 18:33:48,173 INFO c.h.h.t.HelmChartContainer - [test-hivemq-platform] [hivemq] [d3095f8c] WARN  - Bridge Extension: Connect to bridge 'testbridge' failed for the 4 time, reason: connection timed out after 10000 ms: /172.17.0.3:1883
2025-01-30 18:33:48,625 INFO c.h.h.t.HelmChartContainer - [test-hivemq-platform] [hivemq] [39d6c376] INFO  - [HiveMQ Platform Operator Init App 1.7.0-SNAPSHOT] Proceeding with container start
2025-01-30 18:33:48,628 INFO c.h.h.t.HelmChartContainer - [test-hivemq-platform] [hivemq] [39d6c376] INFO  - [HiveMQ Platform Operator Init App 1.7.0-SNAPSHOT] Initializing HiveMQ Platform extensions with initial configuration: {hivemq-bridge-extension={start-priority=-1, skip-https-hostname-verification=false, restart=true, config-version=930, header-version=0, c-uri=, priority=-1, uri=preinstalled, skip-https-certificate-validation=false, enabled=true}, hivemq-prometheus-extension={enabled=true, request-header-path=no-request-headers, uri=preinstalled, skip-https-certificate-validation=false, skip-https-hostname-verification=false, c-uri=, start-priority=-1, priority=-1, restart=true}}
2025-01-30 18:33:49,039 INFO c.h.h.t.HelmChartContainer - [test-hivemq-platform] [hivemq] [39d6c376] INFO  - [HiveMQ Platform Operator Init App 1.7.0-SNAPSHOT] Successfully enabled extension hivemq-bridge-extension
2025-01-30 18:33:49,129 INFO c.h.h.t.HelmChartContainer - [test-hivemq-platform] [hivemq] [39d6c376] INFO  - [HiveMQ Platform Operator Init App 1.7.0-SNAPSHOT] Successfully enabled extension hivemq-prometheus-extension
2025-01-30 18:33:49,130 INFO c.h.h.t.HelmChartContainer - [test-hivemq-platform] [hivemq] [39d6c376] INFO  - [HiveMQ Platform Operator Init App 1.7.0-SNAPSHOT] Starting HiveMQ Platform version 4.36.0 (4.36.0)
2025-01-30 18:33:49,131 INFO c.h.h.t.HelmChartContainer - [test-hivemq-platform] [hivemq] [39d6c376] INFO  - [HiveMQ Platform Operator Init App 1.7.0-SNAPSHOT] Configuring the HiveMQ Platform
2025-01-30 18:33:49,222 INFO c.h.h.t.HelmChartContainer - [test-hivemq-platform] [hivemq] [39d6c376] INFO  - [HiveMQ Platform Operator Init App 1.7.0-SNAPSHOT] Changed logback.xml file scan period to 20 seconds
2025-01-30 18:33:49,235 INFO c.h.h.t.HelmChartContainer - [test-hivemq-platform] [hivemq] [39d6c376] INFO  - [HiveMQ Platform Operator Init App 1.7.0-SNAPSHOT] Starting the HiveMQ Platform
2025-01-30 18:33:49,318 INFO c.h.h.t.HelmChartContainer - [test-hivemq-platform] [hivemq] [39d6c376] -------------------------------------------------------------------------
2025-01-30 18:33:49,318 INFO c.h.h.t.HelmChartContainer - [test-hivemq-platform] [hivemq] [39d6c376] 
2025-01-30 18:33:49,318 INFO c.h.h.t.HelmChartContainer - [test-hivemq-platform] [hivemq] [39d6c376]                   _    _  _              __  __   ____
2025-01-30 18:33:49,318 INFO c.h.h.t.HelmChartContainer - [test-hivemq-platform] [hivemq] [39d6c376]                  | |  | |(_)            |  \/  | / __ \
2025-01-30 18:33:49,318 INFO c.h.h.t.HelmChartContainer - [test-hivemq-platform] [hivemq] [39d6c376]                  | |__| | _ __   __ ___ | \  / || |  | |
2025-01-30 18:33:49,319 INFO c.h.h.t.HelmChartContainer - [test-hivemq-platform] [hivemq] [39d6c376]                  |  __  || |\ \ / // _ \| |\/| || |  | |
2025-01-30 18:33:49,319 INFO c.h.h.t.HelmChartContainer - [test-hivemq-platform] [hivemq] [39d6c376]                  | |  | || | \ V /|  __/| |  | || |__| |
2025-01-30 18:33:49,319 INFO c.h.h.t.HelmChartContainer - [test-hivemq-platform] [hivemq] [39d6c376]                  |_|  |_||_|  \_/  \___||_|  |_| \___\_\
2025-01-30 18:33:49,319 INFO c.h.h.t.HelmChartContainer - [test-hivemq-platform] [hivemq] [39d6c376] 
2025-01-30 18:33:49,319 INFO c.h.h.t.HelmChartContainer - [test-hivemq-platform] [hivemq] [39d6c376] -------------------------------------------------------------------------
2025-01-30 18:33:49,319 INFO c.h.h.t.HelmChartContainer - [test-hivemq-platform] [hivemq] [39d6c376] 
2025-01-30 18:33:49,319 INFO c.h.h.t.HelmChartContainer - [test-hivemq-platform] [hivemq] [39d6c376]   HiveMQ Start Script for Linux/Unix v1.14
2025-01-30 18:33:49,319 INFO c.h.h.t.HelmChartContainer - [test-hivemq-platform] [hivemq] [39d6c376] 
2025-01-30 18:33:49,349 INFO c.h.h.t.HelmChartContainer - [test-hivemq-platform] [hivemq] [39d6c376] -------------------------------------------------------------------------
2025-01-30 18:33:49,350 INFO c.h.h.t.HelmChartContainer - [test-hivemq-platform] [hivemq] [39d6c376] 
2025-01-30 18:33:49,350 INFO c.h.h.t.HelmChartContainer - [test-hivemq-platform] [hivemq] [39d6c376]   HIVEMQ_HOME: /opt/hivemq
2025-01-30 18:33:49,350 INFO c.h.h.t.HelmChartContainer - [test-hivemq-platform] [hivemq] [39d6c376] 
2025-01-30 18:33:49,350 INFO c.h.h.t.HelmChartContainer - [test-hivemq-platform] [hivemq] [39d6c376]   JAVA_OPTS: -XX:+UnlockExperimentalVMOptions -XX:InitialRAMPercentage=50 -XX:MaxRAMPercentage=50 -Djava.net.preferIPv4Stack=true --add-opens java.base/java.lang=ALL-UNNAMED --add-opens java.base/java.nio=ALL-UNNAMED --add-opens java.base/sun.nio.ch=ALL-UNNAMED --add-opens jdk.management/com.sun.management.internal=ALL-UNNAMED --add-exports java.base/jdk.internal.misc=ALL-UNNAMED -Djava.security.egd=file:/dev/./urandom -Dcom.sun.management.jmxremote -Dcom.sun.management.jmxremote.port=9010 -Dcom.sun.management.jmxremote.local.only=false -Dcom.sun.management.jmxremote.authenticate=false -Dcom.sun.management.jmxremote.ssl=false -Duser.language=en -Duser.region=US -XX:+CrashOnOutOfMemoryError -XX:+HeapDumpOnOutOfMemoryError
2025-01-30 18:33:49,350 INFO c.h.h.t.HelmChartContainer - [test-hivemq-platform] [hivemq] [39d6c376] 
2025-01-30 18:33:49,350 INFO c.h.h.t.HelmChartContainer - [test-hivemq-platform] [hivemq] [39d6c376]   JAVA_VERSION: 21
2025-01-30 18:33:49,350 INFO c.h.h.t.HelmChartContainer - [test-hivemq-platform] [hivemq] [39d6c376] 
2025-01-30 18:33:49,350 INFO c.h.h.t.HelmChartContainer - [test-hivemq-platform] [hivemq] [39d6c376] -------------------------------------------------------------------------
2025-01-30 18:33:49,350 INFO c.h.h.t.HelmChartContainer - [test-hivemq-platform] [hivemq] [39d6c376] 
2025-01-30 18:33:50,943 INFO c.h.h.t.HelmChartContainer - [EVENT] Warning [Unhealthy] Readiness probe failed: HTTP probe failed with statuscode: 503 [helmupgradeextensionit:test-hivemq-platform-1]
2025-01-30 18:33:50,943 INFO c.h.h.t.HelmChartContainer - Received Unhealthy event for container hivemq in pod test-hivemq-platform-1 [39d6c376-21b4-4781-9e73-5b2f7c9775ff]
2025-01-30 18:33:51,014 INFO c.h.h.t.HelmChartContainer - [hivemq-test-hivemq-platform] [hivemq-platform-operator] [9402e1fb] 18:33:51.012 [pool-6-thread-28] DEBUG c.h.p.o.d.PlatformServiceResource - [helmupgr] Desired Platform services (3 services)
2025-01-30 18:33:51,015 INFO c.h.h.t.HelmChartContainer - [hivemq-test-hivemq-platform] [hivemq-platform-operator] [9402e1fb] 18:33:51.013 [pool-6-thread-25] DEBUG c.h.p.o.dependants.PodInfoConfigMap - [helmupgr] Desired PodInfo ConfigMap (1 extensions) (1 enabled)
2025-01-30 18:33:51,015 INFO c.h.h.t.HelmChartContainer - [hivemq-test-hivemq-platform] [hivemq-platform-operator] [9402e1fb] 18:33:51.013 [pool-6-thread-24] DEBUG c.h.p.o.d.PodServiceAccountResource - [helmupgr] Desired PodServiceAccountResource (serviceAccountName: hivemq-platform-pod-test-hivemq-platform)
2025-01-30 18:33:51,015 INFO c.h.h.t.HelmChartContainer - [hivemq-test-hivemq-platform] [hivemq-platform-operator] [9402e1fb] 18:33:51.013 [pool-6-thread-25] DEBUG c.h.p.o.dependants.PodInfoConfigMap - [helmupgr] Desired PodInfo ConfigMap (metrics port: 9399) (metrics path: /)
2025-01-30 18:33:51,015 INFO c.h.h.t.HelmChartContainer - [hivemq-test-hivemq-platform] [hivemq-platform-operator] [9402e1fb] 18:33:51.013 [pool-6-thread-25] DEBUG c.h.p.o.dependants.PodInfoConfigMap - [helmupgr] Desired PodInfo ConfigMap (extension state hash: 610187774)
2025-01-30 18:33:51,019 INFO c.h.h.t.HelmChartContainer - [hivemq-test-hivemq-platform] [hivemq-platform-operator] [9402e1fb] 18:33:51.018 [pool-6-thread-28] DEBUG c.h.p.o.d.StatefulSetResource - [helmupgr] Desired StatefulSet (2 replicas) for status ROLLING_RESTART (SURGE_IN_PROGRESS)
2025-01-30 18:33:51,026 INFO c.h.h.t.HelmChartContainer - [hivemq-test-hivemq-platform] [hivemq-platform-operator] [9402e1fb] 18:33:51.023 [ReconcilerExecutor-hivemq-controller-132] INFO  c.h.p.o.HiveMQPlatformReconciler - [helmupgr] Reconciling HiveMQ Platform 'test-hivemq-platform' in namespace 'helmupgradeextensionit'
2025-01-30 18:33:51,026 INFO c.h.h.t.HelmChartContainer - [hivemq-test-hivemq-platform] [hivemq-platform-operator] [9402e1fb] 18:33:51.023 [ReconcilerExecutor-hivemq-controller-132] DEBUG c.h.p.o.HiveMQPlatformReconciler - [helmupgr] Custom Resource Status ROLLING_RESTART - HiveMQ Platform is starting a surge Pod (rolling restart) (SURGE_IN_PROGRESS)
2025-01-30 18:33:51,026 INFO c.h.h.t.HelmChartContainer - [hivemq-test-hivemq-platform] [hivemq-platform-operator] [9402e1fb] 18:33:51.023 [ReconcilerExecutor-hivemq-controller-132] DEBUG c.h.p.o.HiveMQPlatformReconciler - [helmupgr] Custom Resource Spec (replicas: 1) (extensions: 1)
2025-01-30 18:33:51,026 INFO c.h.h.t.HelmChartContainer - [hivemq-test-hivemq-platform] [hivemq-platform-operator] [9402e1fb] 18:33:51.025 [ReconcilerExecutor-hivemq-controller-132] DEBUG c.h.p.o.HiveMQPlatformReconciler - [helmupgr] StatefulSet Status (revision: test-hivemq-platform-7c6d7d4d7b, replicas: 2, available: 1, ready: 1, current: 1, updated: 1)
2025-01-30 18:33:51,026 INFO c.h.h.t.HelmChartContainer - [hivemq-test-hivemq-platform] [hivemq-platform-operator] [9402e1fb] 18:33:51.025 [ReconcilerExecutor-hivemq-controller-132] DEBUG c.h.p.o.HiveMQPlatformReconciler - [helmupgr] StatefulSet Spec (replicas: 2, init containers: 1, containers: 1, volumes: 4)
2025-01-30 18:33:51,029 INFO c.h.h.t.HelmChartContainer - [hivemq-test-hivemq-platform] [hivemq-platform-operator] [9402e1fb] 18:33:51.027 [ReconcilerExecutor-hivemq-controller-132] DEBUG c.h.p.o.h.HiveMQPlatformReconcilerErrorHandler - [helmupgr] Pod 'test-hivemq-platform-1' phase Running
2025-01-30 18:33:51,029 INFO c.h.h.t.HelmChartContainer - [hivemq-test-hivemq-platform] [hivemq-platform-operator] [9402e1fb] 18:33:51.028 [ReconcilerExecutor-hivemq-controller-132] DEBUG c.h.p.o.h.HiveMQPlatformReconcilerErrorHandler - [helmupgr] Pod 'test-hivemq-platform-0' phase Running
2025-01-30 18:33:51,031 INFO c.h.h.t.HelmChartContainer - [hivemq-test-hivemq-platform] [hivemq-platform-operator] [9402e1fb] 18:33:51.030 [ReconcilerExecutor-hivemq-controller-132] DEBUG c.h.p.o.h.HiveMQPlatformReconcilerRollingRestartHandler - [helmupgr] Rolling restart is waiting for 1 of 2 replicas
2025-01-30 18:33:51,925 INFO c.h.h.t.HelmChartContainer - [test-hivemq-platform] [hivemq] [39d6c376] INFO  - Starting HiveMQ Enterprise Server
2025-01-30 18:33:51,930 INFO c.h.h.t.HelmChartContainer - [test-hivemq-platform] [hivemq] [39d6c376] INFO  - HiveMQ version: 4.36.0
2025-01-30 18:33:51,931 INFO c.h.h.t.HelmChartContainer - [test-hivemq-platform] [hivemq] [39d6c376] INFO  - HiveMQ home directory: /opt/hivemq
2025-01-30 18:33:51,931 INFO c.h.h.t.HelmChartContainer - [test-hivemq-platform] [hivemq] [39d6c376] INFO  - Log Configuration was overridden by /opt/hivemq/conf/logback.xml
2025-01-30 18:33:53,229 INFO c.h.h.t.HelmChartContainer - [test-hivemq-platform] [hivemq] [39d6c376] INFO  - Successfully loaded configuration from '/opt/hivemq/conf-k8s/config.xml'.
2025-01-30 18:33:53,540 INFO c.h.h.t.HelmChartContainer - [test-hivemq-platform] [hivemq] [39d6c376] INFO  - This node's ID is WWtaU
2025-01-30 18:33:53,541 INFO c.h.h.t.HelmChartContainer - [test-hivemq-platform] [hivemq] [39d6c376] INFO  - Clustering is enabled
2025-01-30 18:33:56,227 INFO c.h.h.t.HelmChartContainer - [test-hivemq-platform] [hivemq] [39d6c376] WARN  - [HiveMQ Platform Operator Init App 1.7.0-SNAPSHOT] Cannot connect to Health API for readiness: null
2025-01-30 18:33:56,233 INFO c.h.h.t.HelmChartContainer - [EVENT] Warning [Unhealthy] Readiness probe failed: HTTP probe failed with statuscode: 503 [helmupgradeextensionit:test-hivemq-platform-1]
2025-01-30 18:33:56,233 INFO c.h.h.t.HelmChartContainer - Received Unhealthy event for container hivemq in pod test-hivemq-platform-1 [39d6c376-21b4-4781-9e73-5b2f7c9775ff]
2025-01-30 18:33:57,620 INFO c.h.h.t.HelmChartContainer - [test-hivemq-platform] [hivemq] [39d6c376] WARN  - [HiveMQ Platform Operator Init App 1.7.0-SNAPSHOT] Cannot connect to Health API for liveness: null
2025-01-30 18:33:57,620 INFO c.h.h.t.HelmChartContainer - [test-hivemq-platform] [hivemq] [39d6c376] INFO  - [HiveMQ Platform Operator Init App 1.7.0-SNAPSHOT] Returning default Health API response 200 for liveness
2025-01-30 18:34:01,024 INFO c.h.h.t.HelmChartContainer - [test-hivemq-platform] [hivemq] [39d6c376] WARN  - [HiveMQ Platform Operator Init App 1.7.0-SNAPSHOT] Cannot connect to Health API for readiness: null
2025-01-30 18:34:01,028 INFO c.h.h.t.HelmChartContainer - [EVENT] Warning [Unhealthy] Readiness probe failed: HTTP probe failed with statuscode: 503 [helmupgradeextensionit:test-hivemq-platform-1]
2025-01-30 18:34:01,028 INFO c.h.h.t.HelmChartContainer - Received Unhealthy event for container hivemq in pod test-hivemq-platform-1 [39d6c376-21b4-4781-9e73-5b2f7c9775ff]
2025-01-30 18:34:01,034 INFO c.h.h.t.HelmChartContainer - [hivemq-test-hivemq-platform] [hivemq-platform-operator] [9402e1fb] 18:34:01.032 [pool-6-thread-38] DEBUG c.h.p.o.d.PlatformServiceResource - [helmupgr] Desired Platform services (3 services)
2025-01-30 18:34:01,035 INFO c.h.h.t.HelmChartContainer - [hivemq-test-hivemq-platform] [hivemq-platform-operator] [9402e1fb] 18:34:01.033 [pool-6-thread-40] DEBUG c.h.p.o.d.PodServiceAccountResource - [helmupgr] Desired PodServiceAccountResource (serviceAccountName: hivemq-platform-pod-test-hivemq-platform)
2025-01-30 18:34:01,035 INFO c.h.h.t.HelmChartContainer - [hivemq-test-hivemq-platform] [hivemq-platform-operator] [9402e1fb] 18:34:01.034 [pool-6-thread-36] DEBUG c.h.p.o.dependants.PodInfoConfigMap - [helmupgr] Desired PodInfo ConfigMap (1 extensions) (1 enabled)
2025-01-30 18:34:01,035 INFO c.h.h.t.HelmChartContainer - [hivemq-test-hivemq-platform] [hivemq-platform-operator] [9402e1fb] 18:34:01.034 [pool-6-thread-36] DEBUG c.h.p.o.dependants.PodInfoConfigMap - [helmupgr] Desired PodInfo ConfigMap (metrics port: 9399) (metrics path: /)
2025-01-30 18:34:01,036 INFO c.h.h.t.HelmChartContainer - [hivemq-test-hivemq-platform] [hivemq-platform-operator] [9402e1fb] 18:34:01.034 [pool-6-thread-36] DEBUG c.h.p.o.dependants.PodInfoConfigMap - [helmupgr] Desired PodInfo ConfigMap (extension state hash: 610187774)
2025-01-30 18:34:01,037 INFO c.h.h.t.HelmChartContainer - [hivemq-test-hivemq-platform] [hivemq-platform-operator] [9402e1fb] 18:34:01.036 [pool-6-thread-36] DEBUG c.h.p.o.d.StatefulSetResource - [helmupgr] Desired StatefulSet (2 replicas) for status ROLLING_RESTART (SURGE_IN_PROGRESS)
2025-01-30 18:34:01,039 INFO c.h.h.t.HelmChartContainer - [hivemq-test-hivemq-platform] [hivemq-platform-operator] [9402e1fb] 18:34:01.039 [ReconcilerExecutor-hivemq-controller-133] INFO  c.h.p.o.HiveMQPlatformReconciler - [helmupgr] Reconciling HiveMQ Platform 'test-hivemq-platform' in namespace 'helmupgradeextensionit'
2025-01-30 18:34:01,040 INFO c.h.h.t.HelmChartContainer - [hivemq-test-hivemq-platform] [hivemq-platform-operator] [9402e1fb] 18:34:01.039 [ReconcilerExecutor-hivemq-controller-133] DEBUG c.h.p.o.HiveMQPlatformReconciler - [helmupgr] Custom Resource Status ROLLING_RESTART - HiveMQ Platform is starting a surge Pod (rolling restart) (SURGE_IN_PROGRESS)
2025-01-30 18:34:01,040 INFO c.h.h.t.HelmChartContainer - [hivemq-test-hivemq-platform] [hivemq-platform-operator] [9402e1fb] 18:34:01.039 [ReconcilerExecutor-hivemq-controller-133] DEBUG c.h.p.o.HiveMQPlatformReconciler - [helmupgr] Custom Resource Spec (replicas: 1) (extensions: 1)
2025-01-30 18:34:01,041 INFO c.h.h.t.HelmChartContainer - [hivemq-test-hivemq-platform] [hivemq-platform-operator] [9402e1fb] 18:34:01.040 [ReconcilerExecutor-hivemq-controller-133] DEBUG c.h.p.o.HiveMQPlatformReconciler - [helmupgr] StatefulSet Status (revision: test-hivemq-platform-7c6d7d4d7b, replicas: 2, available: 1, ready: 1, current: 1, updated: 1)
2025-01-30 18:34:01,041 INFO c.h.h.t.HelmChartContainer - [hivemq-test-hivemq-platform] [hivemq-platform-operator] [9402e1fb] 18:34:01.040 [ReconcilerExecutor-hivemq-controller-133] DEBUG c.h.p.o.HiveMQPlatformReconciler - [helmupgr] StatefulSet Spec (replicas: 2, init containers: 1, containers: 1, volumes: 4)
2025-01-30 18:34:01,042 INFO c.h.h.t.HelmChartContainer - [hivemq-test-hivemq-platform] [hivemq-platform-operator] [9402e1fb] 18:34:01.041 [ReconcilerExecutor-hivemq-controller-133] DEBUG c.h.p.o.h.HiveMQPlatformReconcilerErrorHandler - [helmupgr] Pod 'test-hivemq-platform-1' phase Running
2025-01-30 18:34:01,043 INFO c.h.h.t.HelmChartContainer - [hivemq-test-hivemq-platform] [hivemq-platform-operator] [9402e1fb] 18:34:01.042 [ReconcilerExecutor-hivemq-controller-133] DEBUG c.h.p.o.h.HiveMQPlatformReconcilerErrorHandler - [helmupgr] Pod 'test-hivemq-platform-0' phase Running
2025-01-30 18:34:01,043 INFO c.h.h.t.HelmChartContainer - [hivemq-test-hivemq-platform] [hivemq-platform-operator] [9402e1fb] 18:34:01.043 [ReconcilerExecutor-hivemq-controller-133] DEBUG c.h.p.o.h.HiveMQPlatformReconcilerRollingRestartHandler - [helmupgr] Rolling restart is waiting for 1 of 2 replicas
2025-01-30 18:34:06,020 INFO c.h.h.t.HelmChartContainer - [test-hivemq-platform] [hivemq] [39d6c376] WARN  - [HiveMQ Platform Operator Init App 1.7.0-SNAPSHOT] Cannot connect to Health API for readiness: null
2025-01-30 18:34:06,025 INFO c.h.h.t.HelmChartContainer - [EVENT] Warning [Unhealthy] Readiness probe failed: HTTP probe failed with statuscode: 503 [helmupgradeextensionit:test-hivemq-platform-1]
2025-01-30 18:34:06,025 INFO c.h.h.t.HelmChartContainer - Received Unhealthy event for container hivemq in pod test-hivemq-platform-1 [39d6c376-21b4-4781-9e73-5b2f7c9775ff]
2025-01-30 18:34:07,032 INFO c.h.h.t.HelmChartContainer - [test-hivemq-platform] [hivemq] [39d6c376] INFO  - No valid license file found. Using trial license, restricted to 25 connections.
2025-01-30 18:34:09,833 INFO c.h.h.t.HelmChartContainer - [test-hivemq-platform] [hivemq] [39d6c376] INFO  - No valid license file for Data Hub found. Using free license, restricted to 1 policy.
2025-01-30 18:34:10,229 INFO c.h.h.t.HelmChartContainer - [test-hivemq-platform] [hivemq] [d3095f8c] WARN  - Bridge Extension: Connect to bridge 'testbridge' failed for the 5 time, reason: connection timed out after 10000 ms: /172.17.0.3:1883
2025-01-30 18:34:11,020 INFO c.h.h.t.HelmChartContainer - [test-hivemq-platform] [hivemq] [39d6c376] WARN  - [HiveMQ Platform Operator Init App 1.7.0-SNAPSHOT] Cannot connect to Health API for readiness: null
2025-01-30 18:34:11,025 INFO c.h.h.t.HelmChartContainer - [EVENT] Warning [Unhealthy] Readiness probe failed: HTTP probe failed with statuscode: 503 [helmupgradeextensionit:test-hivemq-platform-1]
2025-01-30 18:34:11,025 INFO c.h.h.t.HelmChartContainer - Received Unhealthy event for container hivemq in pod test-hivemq-platform-1 [39d6c376-21b4-4781-9e73-5b2f7c9775ff]
2025-01-30 18:34:11,038 INFO c.h.h.t.HelmChartContainer - [test-hivemq-platform] [hivemq] [39d6c376] INFO  - Audit Logger started.
2025-01-30 18:34:11,050 INFO c.h.h.t.HelmChartContainer - [hivemq-test-hivemq-platform] [hivemq-platform-operator] [9402e1fb] 18:34:11.045 [pool-6-thread-45] DEBUG c.h.p.o.d.PlatformServiceResource - [helmupgr] Desired Platform services (3 services)
2025-01-30 18:34:11,050 INFO c.h.h.t.HelmChartContainer - [hivemq-test-hivemq-platform] [hivemq-platform-operator] [9402e1fb] 18:34:11.046 [pool-6-thread-44] DEBUG c.h.p.o.d.PodServiceAccountResource - [helmupgr] Desired PodServiceAccountResource (serviceAccountName: hivemq-platform-pod-test-hivemq-platform)
2025-01-30 18:34:11,050 INFO c.h.h.t.HelmChartContainer - [hivemq-test-hivemq-platform] [hivemq-platform-operator] [9402e1fb] 18:34:11.048 [pool-6-thread-48] DEBUG c.h.p.o.dependants.PodInfoConfigMap - [helmupgr] Desired PodInfo ConfigMap (1 extensions) (1 enabled)
2025-01-30 18:34:11,050 INFO c.h.h.t.HelmChartContainer - [hivemq-test-hivemq-platform] [hivemq-platform-operator] [9402e1fb] 18:34:11.048 [pool-6-thread-48] DEBUG c.h.p.o.dependants.PodInfoConfigMap - [helmupgr] Desired PodInfo ConfigMap (metrics port: 9399) (metrics path: /)
2025-01-30 18:34:11,050 INFO c.h.h.t.HelmChartContainer - [hivemq-test-hivemq-platform] [hivemq-platform-operator] [9402e1fb] 18:34:11.049 [pool-6-thread-48] DEBUG c.h.p.o.dependants.PodInfoConfigMap - [helmupgr] Desired PodInfo ConfigMap (extension state hash: 610187774)
2025-01-30 18:34:11,051 INFO c.h.h.t.HelmChartContainer - [hivemq-test-hivemq-platform] [hivemq-platform-operator] [9402e1fb] 18:34:11.051 [pool-6-thread-47] DEBUG c.h.p.o.d.StatefulSetResource - [helmupgr] Desired StatefulSet (2 replicas) for status ROLLING_RESTART (SURGE_IN_PROGRESS)
2025-01-30 18:34:11,055 INFO c.h.h.t.HelmChartContainer - [hivemq-test-hivemq-platform] [hivemq-platform-operator] [9402e1fb] 18:34:11.054 [ReconcilerExecutor-hivemq-controller-134] INFO  c.h.p.o.HiveMQPlatformReconciler - [helmupgr] Reconciling HiveMQ Platform 'test-hivemq-platform' in namespace 'helmupgradeextensionit'
2025-01-30 18:34:11,055 INFO c.h.h.t.HelmChartContainer - [hivemq-test-hivemq-platform] [hivemq-platform-operator] [9402e1fb] 18:34:11.054 [ReconcilerExecutor-hivemq-controller-134] DEBUG c.h.p.o.HiveMQPlatformReconciler - [helmupgr] Custom Resource Status ROLLING_RESTART - HiveMQ Platform is starting a surge Pod (rolling restart) (SURGE_IN_PROGRESS)
2025-01-30 18:34:11,055 INFO c.h.h.t.HelmChartContainer - [hivemq-test-hivemq-platform] [hivemq-platform-operator] [9402e1fb] 18:34:11.054 [ReconcilerExecutor-hivemq-controller-134] DEBUG c.h.p.o.HiveMQPlatformReconciler - [helmupgr] Custom Resource Spec (replicas: 1) (extensions: 1)
2025-01-30 18:34:11,056 INFO c.h.h.t.HelmChartContainer - [hivemq-test-hivemq-platform] [hivemq-platform-operator] [9402e1fb] 18:34:11.055 [ReconcilerExecutor-hivemq-controller-134] DEBUG c.h.p.o.HiveMQPlatformReconciler - [helmupgr] StatefulSet Status (revision: test-hivemq-platform-7c6d7d4d7b, replicas: 2, available: 1, ready: 1, current: 1, updated: 1)
2025-01-30 18:34:11,056 INFO c.h.h.t.HelmChartContainer - [hivemq-test-hivemq-platform] [hivemq-platform-operator] [9402e1fb] 18:34:11.055 [ReconcilerExecutor-hivemq-controller-134] DEBUG c.h.p.o.HiveMQPlatformReconciler - [helmupgr] StatefulSet Spec (replicas: 2, init containers: 1, containers: 1, volumes: 4)
2025-01-30 18:34:11,058 INFO c.h.h.t.HelmChartContainer - [hivemq-test-hivemq-platform] [hivemq-platform-operator] [9402e1fb] 18:34:11.056 [ReconcilerExecutor-hivemq-controller-134] DEBUG c.h.p.o.h.HiveMQPlatformReconcilerErrorHandler - [helmupgr] Pod 'test-hivemq-platform-1' phase Running
2025-01-30 18:34:11,059 INFO c.h.h.t.HelmChartContainer - [hivemq-test-hivemq-platform] [hivemq-platform-operator] [9402e1fb] 18:34:11.058 [ReconcilerExecutor-hivemq-controller-134] DEBUG c.h.p.o.h.HiveMQPlatformReconcilerErrorHandler - [helmupgr] Pod 'test-hivemq-platform-0' phase Running
2025-01-30 18:34:11,060 INFO c.h.h.t.HelmChartContainer - [hivemq-test-hivemq-platform] [hivemq-platform-operator] [9402e1fb] 18:34:11.058 [ReconcilerExecutor-hivemq-controller-134] DEBUG c.h.p.o.h.HiveMQPlatformReconcilerRollingRestartHandler - [helmupgr] Rolling restart is waiting for 1 of 2 replicas
2025-01-30 18:34:11,347 INFO c.h.h.t.HelmChartContainer - [test-hivemq-platform] [hivemq] [39d6c376] INFO  - This node uses '1' CPU cores.
2025-01-30 18:34:11,356 INFO c.h.h.t.HelmChartContainer - [test-hivemq-platform] [hivemq] [39d6c376] INFO  - Starting HiveMQ Health API on address 0.0.0.0 and port 8889
2025-01-30 18:34:12,221 INFO c.h.h.t.HelmChartContainer - [test-hivemq-platform] [hivemq] [39d6c376] INFO  - Started HiveMQ Health API in 864ms
2025-01-30 18:34:12,833 INFO c.h.h.t.HelmChartContainer - [test-hivemq-platform] [hivemq] [39d6c376] INFO  - Starting HiveMQ extension system.
2025-01-30 18:34:14,058 INFO c.h.h.t.HelmChartContainer - [test-hivemq-platform] [hivemq] [d3095f8c] WARN  - Bridge Extension: Connect to bridge 'testbridge' failed for the 5 time, reason: connection timed out after 10000 ms: /172.17.0.3:1883
2025-01-30 18:34:15,035 INFO c.h.h.t.HelmChartContainer - [test-hivemq-platform] [hivemq] [39d6c376] INFO  - No license found for enterprise extension with name "HiveMQ Enterprise Bridge Extension". Entering extension trial mode. "HiveMQ Enterprise Bridge Extension" will be disabled in 5 hours.
2025-01-30 18:34:15,228 INFO c.h.h.t.HelmChartContainer - [test-hivemq-platform] [hivemq] [39d6c376] INFO  - Starting extension with id "hivemq-dns-cluster-discovery" at /opt/hivemq/extensions/hivemq-dns-cluster-discovery
2025-01-30 18:34:15,720 INFO c.h.h.t.HelmChartContainer - [test-hivemq-platform] [hivemq] [39d6c376] INFO  - Using TCP cluster transport on address 10.42.0.9 and port 7000
2025-01-30 18:34:15,726 INFO c.h.h.t.HelmChartContainer - [test-hivemq-platform] [hivemq] [39d6c376] INFO  - Using extension cluster discovery
2025-01-30 18:34:15,827 INFO c.h.h.t.HelmChartContainer - [test-hivemq-platform] [hivemq] [39d6c376] INFO  - Extension "DNS Cluster Discovery Extension" version 4.3.2 started successfully.
2025-01-30 18:34:15,827 INFO c.h.h.t.HelmChartContainer - [test-hivemq-platform] [hivemq] [39d6c376] INFO  - Starting extension with id "hivemq-bridge-extension" at /opt/hivemq/extensions/hivemq-bridge-extension
2025-01-30 18:34:16,921 INFO c.h.h.t.HelmChartContainer - [test-hivemq-platform] [hivemq] [39d6c376] INFO  - HiveMQ Enterprise Bridge Extension: Successfully loaded configuration from '/opt/hivemq/extensions/hivemq-bridge-extension/conf/config.xml'.
2025-01-30 18:34:16,980 INFO c.h.h.t.HelmChartContainer - [EVENT] Warning [Unhealthy] Readiness probe failed: Get "http://10.42.0.9:7979/readiness": context deadline exceeded (Client.Timeout exceeded while awaiting headers) [helmupgradeextensionit:test-hivemq-platform-1]
2025-01-30 18:34:16,980 INFO c.h.h.t.HelmChartContainer - Received Unhealthy event for container hivemq in pod test-hivemq-platform-1 [39d6c376-21b4-4781-9e73-5b2f7c9775ff]
2025-01-30 18:34:17,719 INFO c.h.h.t.HelmChartContainer - [test-hivemq-platform] [hivemq] [39d6c376] INFO  - [HiveMQ Platform Operator Init App 1.7.0-SNAPSHOT] Returning Health API response 503 for readiness
2025-01-30 18:34:17,727 INFO c.h.h.t.HelmChartContainer - [test-hivemq-platform] [hivemq] [d3095f8c] INFO  - Cluster nodes found by discovery: [td0hV|1] (2) [td0hV, WWtaU].
2025-01-30 18:34:17,829 INFO c.h.h.t.HelmChartContainer - [test-hivemq-platform] [hivemq] [39d6c376] INFO  - Bridge Extension: Connecting to remote brokers...
2025-01-30 18:34:17,829 INFO c.h.h.t.HelmChartContainer - [test-hivemq-platform] [hivemq] [39d6c376] INFO  - Cluster nodes found by discovery: [td0hV|1] (2) [td0hV, WWtaU].
2025-01-30 18:34:18,228 INFO c.h.h.t.HelmChartContainer - [test-hivemq-platform] [hivemq] [39d6c376] INFO  - Cluster size = 1, members : [td0hV].
2025-01-30 18:34:18,826 INFO c.h.h.t.HelmChartContainer - [test-hivemq-platform] [hivemq] [39d6c376] INFO  - Starting cluster join process. This may take a while. Please do not shut down HiveMQ.
2025-01-30 18:34:18,827 INFO c.h.h.t.HelmChartContainer - [test-hivemq-platform] [hivemq] [39d6c376] INFO  - Cluster join process is still ongoing. Please do not shut down HiveMQ.
2025-01-30 18:34:20,836 INFO c.h.h.t.HelmChartContainer - [test-hivemq-platform] [hivemq] [d3095f8c] INFO  - Cluster size = 2, members : [WWtaU, td0hV].
2025-01-30 18:34:20,848 INFO c.h.h.t.HelmChartContainer - [test-hivemq-platform] [hivemq] [39d6c376] INFO  - Cluster size = 2, members : [WWtaU, td0hV].
2025-01-30 18:34:20,856 INFO c.h.h.t.HelmChartContainer - [test-hivemq-platform] [hivemq] [39d6c376] INFO  - Finished cluster join process successfully.
2025-01-30 18:34:20,948 INFO c.h.h.t.HelmChartContainer - [EVENT] Warning [Unhealthy] Readiness probe failed: HTTP probe failed with statuscode: 503 [helmupgradeextensionit:test-hivemq-platform-1]
2025-01-30 18:34:20,948 INFO c.h.h.t.HelmChartContainer - Received Unhealthy event for container hivemq in pod test-hivemq-platform-1 [39d6c376-21b4-4781-9e73-5b2f7c9775ff]
2025-01-30 18:34:21,064 INFO c.h.h.t.HelmChartContainer - [hivemq-test-hivemq-platform] [hivemq-platform-operator] [9402e1fb] 18:34:21.061 [pool-6-thread-10] DEBUG c.h.p.o.d.PlatformServiceResource - [helmupgr] Desired Platform services (3 services)
2025-01-30 18:34:21,064 INFO c.h.h.t.HelmChartContainer - [hivemq-test-hivemq-platform] [hivemq-platform-operator] [9402e1fb] 18:34:21.062 [pool-6-thread-9] DEBUG c.h.p.o.dependants.PodInfoConfigMap - [helmupgr] Desired PodInfo ConfigMap (1 extensions) (1 enabled)
2025-01-30 18:34:21,064 INFO c.h.h.t.HelmChartContainer - [hivemq-test-hivemq-platform] [hivemq-platform-operator] [9402e1fb] 18:34:21.062 [pool-6-thread-3] DEBUG c.h.p.o.d.PodServiceAccountResource - [helmupgr] Desired PodServiceAccountResource (serviceAccountName: hivemq-platform-pod-test-hivemq-platform)
2025-01-30 18:34:21,064 INFO c.h.h.t.HelmChartContainer - [hivemq-test-hivemq-platform] [hivemq-platform-operator] [9402e1fb] 18:34:21.062 [pool-6-thread-9] DEBUG c.h.p.o.dependants.PodInfoConfigMap - [helmupgr] Desired PodInfo ConfigMap (metrics port: 9399) (metrics path: /)
2025-01-30 18:34:21,064 INFO c.h.h.t.HelmChartContainer - [hivemq-test-hivemq-platform] [hivemq-platform-operator] [9402e1fb] 18:34:21.062 [pool-6-thread-9] DEBUG c.h.p.o.dependants.PodInfoConfigMap - [helmupgr] Desired PodInfo ConfigMap (extension state hash: 610187774)
2025-01-30 18:34:21,066 INFO c.h.h.t.HelmChartContainer - [hivemq-test-hivemq-platform] [hivemq-platform-operator] [9402e1fb] 18:34:21.065 [pool-6-thread-10] DEBUG c.h.p.o.d.StatefulSetResource - [helmupgr] Desired StatefulSet (2 replicas) for status ROLLING_RESTART (SURGE_IN_PROGRESS)
2025-01-30 18:34:21,069 INFO c.h.h.t.HelmChartContainer - [hivemq-test-hivemq-platform] [hivemq-platform-operator] [9402e1fb] 18:34:21.068 [ReconcilerExecutor-hivemq-controller-135] INFO  c.h.p.o.HiveMQPlatformReconciler - [helmupgr] Reconciling HiveMQ Platform 'test-hivemq-platform' in namespace 'helmupgradeextensionit'
2025-01-30 18:34:21,069 INFO c.h.h.t.HelmChartContainer - [hivemq-test-hivemq-platform] [hivemq-platform-operator] [9402e1fb] 18:34:21.068 [ReconcilerExecutor-hivemq-controller-135] DEBUG c.h.p.o.HiveMQPlatformReconciler - [helmupgr] Custom Resource Status ROLLING_RESTART - HiveMQ Platform is starting a surge Pod (rolling restart) (SURGE_IN_PROGRESS)
2025-01-30 18:34:21,069 INFO c.h.h.t.HelmChartContainer - [hivemq-test-hivemq-platform] [hivemq-platform-operator] [9402e1fb] 18:34:21.068 [ReconcilerExecutor-hivemq-controller-135] DEBUG c.h.p.o.HiveMQPlatformReconciler - [helmupgr] Custom Resource Spec (replicas: 1) (extensions: 1)
2025-01-30 18:34:21,070 INFO c.h.h.t.HelmChartContainer - [hivemq-test-hivemq-platform] [hivemq-platform-operator] [9402e1fb] 18:34:21.070 [ReconcilerExecutor-hivemq-controller-135] DEBUG c.h.p.o.HiveMQPlatformReconciler - [helmupgr] StatefulSet Status (revision: test-hivemq-platform-7c6d7d4d7b, replicas: 2, available: 1, ready: 1, current: 1, updated: 1)
2025-01-30 18:34:21,070 INFO c.h.h.t.HelmChartContainer - [hivemq-test-hivemq-platform] [hivemq-platform-operator] [9402e1fb] 18:34:21.070 [ReconcilerExecutor-hivemq-controller-135] DEBUG c.h.p.o.HiveMQPlatformReconciler - [helmupgr] StatefulSet Spec (replicas: 2, init containers: 1, containers: 1, volumes: 4)
2025-01-30 18:34:21,071 INFO c.h.h.t.HelmChartContainer - [hivemq-test-hivemq-platform] [hivemq-platform-operator] [9402e1fb] 18:34:21.071 [ReconcilerExecutor-hivemq-controller-135] DEBUG c.h.p.o.h.HiveMQPlatformReconcilerErrorHandler - [helmupgr] Pod 'test-hivemq-platform-1' phase Running
2025-01-30 18:34:21,073 INFO c.h.h.t.HelmChartContainer - [hivemq-test-hivemq-platform] [hivemq-platform-operator] [9402e1fb] 18:34:21.072 [ReconcilerExecutor-hivemq-controller-135] DEBUG c.h.p.o.h.HiveMQPlatformReconcilerErrorHandler - [helmupgr] Pod 'test-hivemq-platform-0' phase Running
2025-01-30 18:34:21,074 INFO c.h.h.t.HelmChartContainer - [hivemq-test-hivemq-platform] [hivemq-platform-operator] [9402e1fb] 18:34:21.072 [ReconcilerExecutor-hivemq-controller-135] DEBUG c.h.p.o.h.HiveMQPlatformReconcilerRollingRestartHandler - [helmupgr] Rolling restart is waiting for 1 of 2 replicas
2025-01-30 18:34:25,943 INFO c.h.h.t.HelmChartContainer - [EVENT] Warning [Unhealthy] Readiness probe failed: HTTP probe failed with statuscode: 503 [helmupgradeextensionit:test-hivemq-platform-1]
2025-01-30 18:34:25,944 INFO c.h.h.t.HelmChartContainer - Received Unhealthy event for container hivemq in pod test-hivemq-platform-1 [39d6c376-21b4-4781-9e73-5b2f7c9775ff]
2025-01-30 18:34:27,584 INFO c.h.h.t.HelmChartContainer - [test-hivemq-platform] [hivemq] [39d6c376] INFO  - [HiveMQ Platform Operator Init App 1.7.0-SNAPSHOT] Returning Health API response 200 for liveness
2025-01-30 18:34:28,941 INFO c.h.h.t.HelmChartContainer - [test-hivemq-platform] [hivemq] [39d6c376] WARN  - Bridge Extension: Connect to bridge 'testbridge' failed for the 1 time, reason: connection timed out after 10000 ms: /172.17.0.3:1883
2025-01-30 18:34:28,941 INFO c.h.h.t.HelmChartContainer - [test-hivemq-platform] [hivemq] [39d6c376] WARN  - Bridge Extension: Connect to bridge 'testbridge' failed for the 1 time, reason: connection timed out after 10000 ms: /172.17.0.3:1883
2025-01-30 18:34:30,944 INFO c.h.h.t.HelmChartContainer - [EVENT] Warning [Unhealthy] Readiness probe failed: HTTP probe failed with statuscode: 503 [helmupgradeextensionit:test-hivemq-platform-1]
2025-01-30 18:34:30,944 INFO c.h.h.t.HelmChartContainer - Received Unhealthy event for container hivemq in pod test-hivemq-platform-1 [39d6c376-21b4-4781-9e73-5b2f7c9775ff]
2025-01-30 18:34:31,075 INFO c.h.h.t.HelmChartContainer - [hivemq-test-hivemq-platform] [hivemq-platform-operator] [9402e1fb] 18:34:31.074 [pool-6-thread-13] DEBUG c.h.p.o.d.PlatformServiceResource - [helmupgr] Desired Platform services (3 services)
2025-01-30 18:34:31,077 INFO c.h.h.t.HelmChartContainer - [hivemq-test-hivemq-platform] [hivemq-platform-operator] [9402e1fb] 18:34:31.075 [pool-6-thread-18] DEBUG c.h.p.o.d.PodServiceAccountResource - [helmupgr] Desired PodServiceAccountResource (serviceAccountName: hivemq-platform-pod-test-hivemq-platform)
2025-01-30 18:34:31,077 INFO c.h.h.t.HelmChartContainer - [hivemq-test-hivemq-platform] [hivemq-platform-operator] [9402e1fb] 18:34:31.075 [pool-6-thread-12] DEBUG c.h.p.o.dependants.PodInfoConfigMap - [helmupgr] Desired PodInfo ConfigMap (1 extensions) (1 enabled)
2025-01-30 18:34:31,078 INFO c.h.h.t.HelmChartContainer - [hivemq-test-hivemq-platform] [hivemq-platform-operator] [9402e1fb] 18:34:31.077 [pool-6-thread-12] DEBUG c.h.p.o.dependants.PodInfoConfigMap - [helmupgr] Desired PodInfo ConfigMap (metrics port: 9399) (metrics path: /)
2025-01-30 18:34:31,079 INFO c.h.h.t.HelmChartContainer - [hivemq-test-hivemq-platform] [hivemq-platform-operator] [9402e1fb] 18:34:31.077 [pool-6-thread-12] DEBUG c.h.p.o.dependants.PodInfoConfigMap - [helmupgr] Desired PodInfo ConfigMap (extension state hash: 610187774)
2025-01-30 18:34:31,081 INFO c.h.h.t.HelmChartContainer - [hivemq-test-hivemq-platform] [hivemq-platform-operator] [9402e1fb] 18:34:31.080 [pool-6-thread-13] DEBUG c.h.p.o.d.StatefulSetResource - [helmupgr] Desired StatefulSet (2 replicas) for status ROLLING_RESTART (SURGE_IN_PROGRESS)
2025-01-30 18:34:31,084 INFO c.h.h.t.HelmChartContainer - [hivemq-test-hivemq-platform] [hivemq-platform-operator] [9402e1fb] 18:34:31.083 [ReconcilerExecutor-hivemq-controller-136] INFO  c.h.p.o.HiveMQPlatformReconciler - [helmupgr] Reconciling HiveMQ Platform 'test-hivemq-platform' in namespace 'helmupgradeextensionit'
2025-01-30 18:34:31,084 INFO c.h.h.t.HelmChartContainer - [hivemq-test-hivemq-platform] [hivemq-platform-operator] [9402e1fb] 18:34:31.083 [ReconcilerExecutor-hivemq-controller-136] DEBUG c.h.p.o.HiveMQPlatformReconciler - [helmupgr] Custom Resource Status ROLLING_RESTART - HiveMQ Platform is starting a surge Pod (rolling restart) (SURGE_IN_PROGRESS)
2025-01-30 18:34:31,084 INFO c.h.h.t.HelmChartContainer - [hivemq-test-hivemq-platform] [hivemq-platform-operator] [9402e1fb] 18:34:31.083 [ReconcilerExecutor-hivemq-controller-136] DEBUG c.h.p.o.HiveMQPlatformReconciler - [helmupgr] Custom Resource Spec (replicas: 1) (extensions: 1)
2025-01-30 18:34:31,087 INFO c.h.h.t.HelmChartContainer - [hivemq-test-hivemq-platform] [hivemq-platform-operator] [9402e1fb] 18:34:31.084 [ReconcilerExecutor-hivemq-controller-136] DEBUG c.h.p.o.HiveMQPlatformReconciler - [helmupgr] StatefulSet Status (revision: test-hivemq-platform-7c6d7d4d7b, replicas: 2, available: 1, ready: 1, current: 1, updated: 1)
2025-01-30 18:34:31,087 INFO c.h.h.t.HelmChartContainer - [hivemq-test-hivemq-platform] [hivemq-platform-operator] [9402e1fb] 18:34:31.084 [ReconcilerExecutor-hivemq-controller-136] DEBUG c.h.p.o.HiveMQPlatformReconciler - [helmupgr] StatefulSet Spec (replicas: 2, init containers: 1, containers: 1, volumes: 4)
2025-01-30 18:34:31,087 INFO c.h.h.t.HelmChartContainer - [hivemq-test-hivemq-platform] [hivemq-platform-operator] [9402e1fb] 18:34:31.085 [ReconcilerExecutor-hivemq-controller-136] DEBUG c.h.p.o.h.HiveMQPlatformReconcilerErrorHandler - [helmupgr] Pod 'test-hivemq-platform-1' phase Running
2025-01-30 18:34:31,087 INFO c.h.h.t.HelmChartContainer - [hivemq-test-hivemq-platform] [hivemq-platform-operator] [9402e1fb] 18:34:31.086 [ReconcilerExecutor-hivemq-controller-136] DEBUG c.h.p.o.h.HiveMQPlatformReconcilerErrorHandler - [helmupgr] Pod 'test-hivemq-platform-0' phase Running
2025-01-30 18:34:31,088 INFO c.h.h.t.HelmChartContainer - [hivemq-test-hivemq-platform] [hivemq-platform-operator] [9402e1fb] 18:34:31.087 [ReconcilerExecutor-hivemq-controller-136] DEBUG c.h.p.o.h.HiveMQPlatformReconcilerRollingRestartHandler - [helmupgr] Rolling restart is waiting for 1 of 2 replicas
2025-01-30 18:34:35,944 INFO c.h.h.t.HelmChartContainer - [EVENT] Warning [Unhealthy] Readiness probe failed: HTTP probe failed with statuscode: 503 [helmupgradeextensionit:test-hivemq-platform-1]
2025-01-30 18:34:35,944 INFO c.h.h.t.HelmChartContainer - Received Unhealthy event for container hivemq in pod test-hivemq-platform-1 [39d6c376-21b4-4781-9e73-5b2f7c9775ff]
2025-01-30 18:34:40,699 INFO c.h.h.t.HelmChartContainer - [test-hivemq-platform] [hivemq] [39d6c376] WARN  - Bridge Extension: Connect to bridge 'testbridge' failed for the 2 time, reason: connection timed out after 10000 ms: /172.17.0.3:1883
2025-01-30 18:34:40,945 INFO c.h.h.t.HelmChartContainer - [EVENT] Warning [Unhealthy] Readiness probe failed: HTTP probe failed with statuscode: 503 [helmupgradeextensionit:test-hivemq-platform-1]
2025-01-30 18:34:40,945 INFO c.h.h.t.HelmChartContainer - Received Unhealthy event for container hivemq in pod test-hivemq-platform-1 [39d6c376-21b4-4781-9e73-5b2f7c9775ff]
2025-01-30 18:34:41,094 INFO c.h.h.t.HelmChartContainer - [hivemq-test-hivemq-platform] [hivemq-platform-operator] [9402e1fb] 18:34:41.091 [pool-6-thread-25] DEBUG c.h.p.o.d.PlatformServiceResource - [helmupgr] Desired Platform services (3 services)
2025-01-30 18:34:41,094 INFO c.h.h.t.HelmChartContainer - [hivemq-test-hivemq-platform] [hivemq-platform-operator] [9402e1fb] 18:34:41.092 [pool-6-thread-22] DEBUG c.h.p.o.d.PodServiceAccountResource - [helmupgr] Desired PodServiceAccountResource (serviceAccountName: hivemq-platform-pod-test-hivemq-platform)
2025-01-30 18:34:41,094 INFO c.h.h.t.HelmChartContainer - [hivemq-test-hivemq-platform] [hivemq-platform-operator] [9402e1fb] 18:34:41.092 [pool-6-thread-24] DEBUG c.h.p.o.dependants.PodInfoConfigMap - [helmupgr] Desired PodInfo ConfigMap (1 extensions) (1 enabled)
2025-01-30 18:34:41,095 INFO c.h.h.t.HelmChartContainer - [hivemq-test-hivemq-platform] [hivemq-platform-operator] [9402e1fb] 18:34:41.092 [pool-6-thread-24] DEBUG c.h.p.o.dependants.PodInfoConfigMap - [helmupgr] Desired PodInfo ConfigMap (metrics port: 9399) (metrics path: /)
2025-01-30 18:34:41,095 INFO c.h.h.t.HelmChartContainer - [hivemq-test-hivemq-platform] [hivemq-platform-operator] [9402e1fb] 18:34:41.092 [pool-6-thread-24] DEBUG c.h.p.o.dependants.PodInfoConfigMap - [helmupgr] Desired PodInfo ConfigMap (extension state hash: 610187774)
2025-01-30 18:34:41,099 INFO c.h.h.t.HelmChartContainer - [hivemq-test-hivemq-platform] [hivemq-platform-operator] [9402e1fb] 18:34:41.097 [pool-6-thread-25] DEBUG c.h.p.o.d.StatefulSetResource - [helmupgr] Desired StatefulSet (2 replicas) for status ROLLING_RESTART (SURGE_IN_PROGRESS)
2025-01-30 18:34:41,101 INFO c.h.h.t.HelmChartContainer - [hivemq-test-hivemq-platform] [hivemq-platform-operator] [9402e1fb] 18:34:41.101 [ReconcilerExecutor-hivemq-controller-137] INFO  c.h.p.o.HiveMQPlatformReconciler - [helmupgr] Reconciling HiveMQ Platform 'test-hivemq-platform' in namespace 'helmupgradeextensionit'
2025-01-30 18:34:41,103 INFO c.h.h.t.HelmChartContainer - [hivemq-test-hivemq-platform] [hivemq-platform-operator] [9402e1fb] 18:34:41.102 [ReconcilerExecutor-hivemq-controller-137] DEBUG c.h.p.o.HiveMQPlatformReconciler - [helmupgr] Custom Resource Status ROLLING_RESTART - HiveMQ Platform is starting a surge Pod (rolling restart) (SURGE_IN_PROGRESS)
2025-01-30 18:34:41,105 INFO c.h.h.t.HelmChartContainer - [hivemq-test-hivemq-platform] [hivemq-platform-operator] [9402e1fb] 18:34:41.102 [ReconcilerExecutor-hivemq-controller-137] DEBUG c.h.p.o.HiveMQPlatformReconciler - [helmupgr] Custom Resource Spec (replicas: 1) (extensions: 1)
2025-01-30 18:34:41,105 INFO c.h.h.t.HelmChartContainer - [hivemq-test-hivemq-platform] [hivemq-platform-operator] [9402e1fb] 18:34:41.104 [ReconcilerExecutor-hivemq-controller-137] DEBUG c.h.p.o.HiveMQPlatformReconciler - [helmupgr] StatefulSet Status (revision: test-hivemq-platform-7c6d7d4d7b, replicas: 2, available: 1, ready: 1, current: 1, updated: 1)
2025-01-30 18:34:41,106 INFO c.h.h.t.HelmChartContainer - [hivemq-test-hivemq-platform] [hivemq-platform-operator] [9402e1fb] 18:34:41.104 [ReconcilerExecutor-hivemq-controller-137] DEBUG c.h.p.o.HiveMQPlatformReconciler - [helmupgr] StatefulSet Spec (replicas: 2, init containers: 1, containers: 1, volumes: 4)
2025-01-30 18:34:41,108 INFO c.h.h.t.HelmChartContainer - [hivemq-test-hivemq-platform] [hivemq-platform-operator] [9402e1fb] 18:34:41.105 [ReconcilerExecutor-hivemq-controller-137] DEBUG c.h.p.o.h.HiveMQPlatformReconcilerErrorHandler - [helmupgr] Pod 'test-hivemq-platform-1' phase Running
2025-01-30 18:34:41,108 INFO c.h.h.t.HelmChartContainer - [hivemq-test-hivemq-platform] [hivemq-platform-operator] [9402e1fb] 18:34:41.106 [ReconcilerExecutor-hivemq-controller-137] DEBUG c.h.p.o.h.HiveMQPlatformReconcilerErrorHandler - [helmupgr] Pod 'test-hivemq-platform-0' phase Running
2025-01-30 18:34:41,108 INFO c.h.h.t.HelmChartContainer - [hivemq-test-hivemq-platform] [hivemq-platform-operator] [9402e1fb] 18:34:41.107 [ReconcilerExecutor-hivemq-controller-137] DEBUG c.h.p.o.h.HiveMQPlatformReconcilerRollingRestartHandler - [helmupgr] Rolling restart is waiting for 1 of 2 replicas
2025-01-30 18:34:41,293 INFO c.h.h.t.HelmChartContainer - [test-hivemq-platform] [hivemq] [39d6c376] WARN  - Bridge Extension: Not all clients could connect successfully to remote brokers. The clients will retry the connection.
2025-01-30 18:34:41,294 INFO c.h.h.t.HelmChartContainer - [test-hivemq-platform] [hivemq] [39d6c376] WARN  - Bridge Extension: Connect to bridge 'testbridge' failed for the 2 time, reason: connection timed out after 10000 ms: /172.17.0.3:1883
2025-01-30 18:34:41,313 INFO c.h.h.t.HelmChartContainer - [test-hivemq-platform] [hivemq] [39d6c376] INFO  - Extension "HiveMQ Enterprise Bridge Extension" version 4.36.0 started successfully.
2025-01-30 18:34:41,313 INFO c.h.h.t.HelmChartContainer - [test-hivemq-platform] [hivemq] [39d6c376] INFO  - Starting extension with id "hivemq-prometheus-extension" at /opt/hivemq/extensions/hivemq-prometheus-extension
2025-01-30 18:34:41,625 INFO c.h.h.t.HelmChartContainer - [test-hivemq-platform] [hivemq] [39d6c376] INFO  - Started Jetty Server exposing Prometheus Servlet on URI http://0.0.0.0:9399/
2025-01-30 18:34:41,626 INFO c.h.h.t.HelmChartContainer - [test-hivemq-platform] [hivemq] [39d6c376] INFO  - Extension "Prometheus Monitoring Extension" version 4.0.12 started successfully.
2025-01-30 18:34:41,697 INFO c.h.h.t.HelmChartContainer - [test-hivemq-platform] [hivemq] [39d6c376] INFO  - Starting extension with id "hivemq-allow-all-extension" at /opt/hivemq/extensions/hivemq-allow-all-extension
2025-01-30 18:34:41,698 INFO c.h.h.t.HelmChartContainer - [test-hivemq-platform] [hivemq] [39d6c376] WARN  - 
2025-01-30 18:34:41,698 INFO c.h.h.t.HelmChartContainer - [test-hivemq-platform] [hivemq] [39d6c376] ################################################################################################################
2025-01-30 18:34:41,698 INFO c.h.h.t.HelmChartContainer - [test-hivemq-platform] [hivemq] [39d6c376] # This HiveMQ deployment is not secure! You are lacking Authentication and Authorization.                      #
2025-01-30 18:34:41,698 INFO c.h.h.t.HelmChartContainer - [test-hivemq-platform] [hivemq] [39d6c376] # Right now any MQTT client can connect to the broker with a full set of permissions.                          #
2025-01-30 18:34:41,699 INFO c.h.h.t.HelmChartContainer - [test-hivemq-platform] [hivemq] [39d6c376] # For production usage, add an appropriate security extension and remove the hivemq-allow-all extension.       #
2025-01-30 18:34:41,699 INFO c.h.h.t.HelmChartContainer - [test-hivemq-platform] [hivemq] [39d6c376] # You can download security extensions from the HiveMQ Marketplace (https://www.hivemq.com/extensions/).       #
2025-01-30 18:34:41,699 INFO c.h.h.t.HelmChartContainer - [test-hivemq-platform] [hivemq] [39d6c376] ################################################################################################################
2025-01-30 18:34:41,699 INFO c.h.h.t.HelmChartContainer - [test-hivemq-platform] [hivemq] [39d6c376] INFO  - Extension "Allow All Extension" version 1.1.1 started successfully.
2025-01-30 18:34:41,699 INFO c.h.h.t.HelmChartContainer - [test-hivemq-platform] [hivemq] [39d6c376] WARN  - No user for HiveMQ Control Center configured. Starting with default user
2025-01-30 18:34:41,699 INFO c.h.h.t.HelmChartContainer - [test-hivemq-platform] [hivemq] [39d6c376] INFO  - Starting HiveMQ Control Center on address 0.0.0.0 and port 8080
2025-01-30 18:34:41,712 INFO c.h.h.t.HelmChartContainer - [test-hivemq-platform] [hivemq] [39d6c376] INFO  - Mounting HiveMQ Control Center V2 Preview
2025-01-30 18:34:42,297 INFO c.h.h.t.HelmChartContainer - [test-hivemq-platform] [hivemq] [39d6c376] INFO  - Started HiveMQ Control Center in 598ms
2025-01-30 18:34:42,310 INFO c.h.h.t.HelmChartContainer - [test-hivemq-platform] [hivemq] [39d6c376] INFO  - Starting TCP listener on address 0.0.0.0 and port 1883
2025-01-30 18:34:42,323 INFO c.h.h.t.HelmChartContainer - [test-hivemq-platform] [hivemq] [39d6c376] INFO  - Started TCP Listener on address 0.0.0.0 and on port 1883.
2025-01-30 18:34:42,323 INFO c.h.h.t.HelmChartContainer - [test-hivemq-platform] [hivemq] [39d6c376] INFO  - Started HiveMQ in 50791ms
2025-01-30 18:34:45,940 INFO c.h.h.t.HelmChartContainer - [test-hivemq-platform] [hivemq] [39d6c376] INFO  - [HiveMQ Platform Operator Init App 1.7.0-SNAPSHOT] Returning Health API response 200 for readiness
2025-01-30 18:34:45,951 INFO c.h.h.t.HelmChartContainer - [POD] test-hivemq-platform-1 [39d6c376-21b4-4781-9e73-5b2f7c9775ff] in helmupgradeextensionit was MODIFIED
2025-01-30 18:34:45,959 INFO c.h.h.t.HelmChartContainer - [hivemq-test-hivemq-platform] [hivemq-platform-operator] [9402e1fb] 18:34:45.957 [pool-6-thread-34] DEBUG c.h.p.o.d.PlatformServiceResource - [helmupgr] Desired Platform services (3 services)
2025-01-30 18:34:45,965 INFO c.h.h.t.HelmChartContainer - [hivemq-test-hivemq-platform] [hivemq-platform-operator] [9402e1fb] 18:34:45.957 [pool-6-thread-39] DEBUG c.h.p.o.dependants.PodInfoConfigMap - [helmupgr] Desired PodInfo ConfigMap (1 extensions) (1 enabled)
2025-01-30 18:34:45,965 INFO c.h.h.t.HelmChartContainer - [hivemq-test-hivemq-platform] [hivemq-platform-operator] [9402e1fb] 18:34:45.958 [pool-6-thread-35] DEBUG c.h.p.o.d.PodServiceAccountResource - [helmupgr] Desired PodServiceAccountResource (serviceAccountName: hivemq-platform-pod-test-hivemq-platform)
2025-01-30 18:34:45,965 INFO c.h.h.t.HelmChartContainer - [hivemq-test-hivemq-platform] [hivemq-platform-operator] [9402e1fb] 18:34:45.961 [pool-6-thread-39] DEBUG c.h.p.o.dependants.PodInfoConfigMap - [helmupgr] Desired PodInfo ConfigMap (metrics port: 9399) (metrics path: /)
2025-01-30 18:34:45,965 INFO c.h.h.t.HelmChartContainer - [hivemq-test-hivemq-platform] [hivemq-platform-operator] [9402e1fb] 18:34:45.961 [pool-6-thread-39] DEBUG c.h.p.o.dependants.PodInfoConfigMap - [helmupgr] Desired PodInfo ConfigMap (extension state hash: 610187774)
2025-01-30 18:34:45,966 INFO c.h.h.t.HelmChartContainer - [hivemq-test-hivemq-platform] [hivemq-platform-operator] [9402e1fb] 18:34:45.964 [pool-6-thread-39] DEBUG c.h.p.o.d.StatefulSetResource - [helmupgr] Desired StatefulSet (2 replicas) for status ROLLING_RESTART (SURGE_IN_PROGRESS)
2025-01-30 18:34:45,974 INFO c.h.h.t.HelmChartContainer - [hivemq-test-hivemq-platform] [hivemq-platform-operator] [9402e1fb] 18:34:45.972 [ReconcilerExecutor-hivemq-controller-140] INFO  c.h.p.o.HiveMQPlatformReconciler - [helmupgr] Reconciling HiveMQ Platform 'test-hivemq-platform' in namespace 'helmupgradeextensionit'
2025-01-30 18:34:45,975 INFO c.h.h.t.HelmChartContainer - [hivemq-test-hivemq-platform] [hivemq-platform-operator] [9402e1fb] 18:34:45.973 [ReconcilerExecutor-hivemq-controller-140] DEBUG c.h.p.o.HiveMQPlatformReconciler - [helmupgr] Custom Resource Status ROLLING_RESTART - HiveMQ Platform is starting a surge Pod (rolling restart) (SURGE_IN_PROGRESS)
2025-01-30 18:34:45,975 INFO c.h.h.t.HelmChartContainer - [hivemq-test-hivemq-platform] [hivemq-platform-operator] [9402e1fb] 18:34:45.973 [ReconcilerExecutor-hivemq-controller-140] DEBUG c.h.p.o.HiveMQPlatformReconciler - [helmupgr] Custom Resource Spec (replicas: 1) (extensions: 1)
2025-01-30 18:34:45,976 INFO c.h.h.t.HelmChartContainer - [hivemq-test-hivemq-platform] [hivemq-platform-operator] [9402e1fb] 18:34:45.975 [ReconcilerExecutor-hivemq-controller-140] DEBUG c.h.p.o.HiveMQPlatformReconciler - [helmupgr] StatefulSet Status (revision: test-hivemq-platform-7c6d7d4d7b, replicas: 2, available: 2, ready: 2, current: 1, updated: 1)
2025-01-30 18:34:45,976 INFO c.h.h.t.HelmChartContainer - [hivemq-test-hivemq-platform] [hivemq-platform-operator] [9402e1fb] 18:34:45.975 [ReconcilerExecutor-hivemq-controller-140] DEBUG c.h.p.o.HiveMQPlatformReconciler - [helmupgr] StatefulSet Spec (replicas: 2, init containers: 1, containers: 1, volumes: 4)
2025-01-30 18:34:45,978 INFO c.h.h.t.HelmChartContainer - [hivemq-test-hivemq-platform] [hivemq-platform-operator] [9402e1fb] 18:34:45.977 [ReconcilerExecutor-hivemq-controller-140] DEBUG c.h.p.o.h.HiveMQPlatformReconcilerErrorHandler - [helmupgr] Pod 'test-hivemq-platform-1' phase Running
2025-01-30 18:34:46,040 INFO c.h.h.t.HelmChartContainer - [hivemq-test-hivemq-platform] [hivemq-platform-operator] [9402e1fb] 18:34:46.039 [ReconcilerExecutor-hivemq-controller-140] DEBUG c.h.p.o.h.HiveMQPlatformReconcilerErrorHandler - [helmupgr] Pod 'test-hivemq-platform-0' phase Running
2025-01-30 18:34:46,040 INFO c.h.h.t.HelmChartContainer - [hivemq-test-hivemq-platform] [hivemq-platform-operator] [9402e1fb] 18:34:46.040 [ReconcilerExecutor-hivemq-controller-140] INFO  c.h.p.o.h.HiveMQPlatformReconcilerRollingRestartHandler - [helmupgr] Surge Pod started successfully
2025-01-30 18:34:46,141 INFO c.h.h.t.HelmChartContainer - [hivemq-test-hivemq-platform] [hivemq-platform-operator] [9402e1fb] 18:34:46.140 [ReconcilerExecutor-hivemq-controller-140] DEBUG c.h.p.operator.event.EventSender - [helmupgr] Creating K8s event rolling-restart-surge-in-progress: [RollingRestart] HiveMQ Platform is restarting Pods (rolling restart)
2025-01-30 18:34:46,144 INFO c.h.h.t.HelmChartContainer - [EVENT] Normal [RollingRestart] HiveMQ Platform is restarting Pods (rolling restart) [helmupgradeextensionit:test-hivemq-platform]
2025-01-30 18:34:46,145 INFO c.h.h.t.HelmChartContainer - [hivemq-test-hivemq-platform] [hivemq-platform-operator] [9402e1fb] 18:34:46.144 [ReconcilerExecutor-hivemq-controller-140] INFO  c.h.p.o.h.AbstractHiveMQReconcilerStateHandler - [helmupgr] Update HiveMQ Platform Status (ROLLING_RESTART [SURGE_IN_PROGRESS] -> ROLLING_RESTART [RESTART_PODS_IN_PROGRESS]): HiveMQ Platform is restarting Pods (rolling restart)
2025-01-30 18:34:46,154 DEBUG com.hivemq.helmcharts.util.K8sUtil - Comparing actual state 'ROLLING_RESTART' and waiting for 'RUNNING'
2025-01-30 18:34:46,157 INFO c.h.h.t.HelmChartContainer - [hivemq-test-hivemq-platform] [hivemq-platform-operator] [9402e1fb] 18:34:46.156 [pool-6-thread-49] DEBUG c.h.p.o.d.PlatformServiceResource - [helmupgr] Desired Platform services (3 services)
2025-01-30 18:34:46,158 INFO c.h.h.t.HelmChartContainer - [hivemq-test-hivemq-platform] [hivemq-platform-operator] [9402e1fb] 18:34:46.157 [pool-6-thread-50] DEBUG c.h.p.o.d.PodServiceAccountResource - [helmupgr] Desired PodServiceAccountResource (serviceAccountName: hivemq-platform-pod-test-hivemq-platform)
2025-01-30 18:34:46,208 INFO c.h.h.t.HelmChartContainer - [hivemq-test-hivemq-platform] [hivemq-platform-operator] [9402e1fb] 18:34:46.157 [pool-6-thread-44] DEBUG c.h.p.o.dependants.PodInfoConfigMap - [helmupgr] Desired PodInfo ConfigMap (1 extensions) (1 enabled)
2025-01-30 18:34:46,209 INFO c.h.h.t.HelmChartContainer - [hivemq-test-hivemq-platform] [hivemq-platform-operator] [9402e1fb] 18:34:46.207 [pool-6-thread-44] DEBUG c.h.p.o.dependants.PodInfoConfigMap - [helmupgr] Desired PodInfo ConfigMap (metrics port: 9399) (metrics path: /)
2025-01-30 18:34:46,209 INFO c.h.h.t.HelmChartContainer - [hivemq-test-hivemq-platform] [hivemq-platform-operator] [9402e1fb] 18:34:46.207 [pool-6-thread-44] DEBUG c.h.p.o.dependants.PodInfoConfigMap - [helmupgr] Desired PodInfo ConfigMap (extension state hash: 610187774)
2025-01-30 18:34:46,239 INFO c.h.h.t.HelmChartContainer - [hivemq-test-hivemq-platform] [hivemq-platform-operator] [9402e1fb] 18:34:46.238 [pool-6-thread-49] DEBUG c.h.p.o.d.StatefulSetResource - [helmupgr] Desired StatefulSet (2 replicas) for status ROLLING_RESTART (RESTART_PODS_IN_PROGRESS)
2025-01-30 18:34:46,242 INFO c.h.h.t.HelmChartContainer - [hivemq-test-hivemq-platform] [hivemq-platform-operator] [9402e1fb] 18:34:46.241 [ReconcilerExecutor-hivemq-controller-141] INFO  c.h.p.o.HiveMQPlatformReconciler - [helmupgr] Reconciling HiveMQ Platform 'test-hivemq-platform' in namespace 'helmupgradeextensionit'
2025-01-30 18:34:46,242 INFO c.h.h.t.HelmChartContainer - [hivemq-test-hivemq-platform] [hivemq-platform-operator] [9402e1fb] 18:34:46.241 [ReconcilerExecutor-hivemq-controller-141] DEBUG c.h.p.o.HiveMQPlatformReconciler - [helmupgr] Custom Resource Status ROLLING_RESTART - HiveMQ Platform is restarting Pods (rolling restart) (RESTART_PODS_IN_PROGRESS)
2025-01-30 18:34:46,243 INFO c.h.h.t.HelmChartContainer - [hivemq-test-hivemq-platform] [hivemq-platform-operator] [9402e1fb] 18:34:46.241 [ReconcilerExecutor-hivemq-controller-141] DEBUG c.h.p.o.HiveMQPlatformReconciler - [helmupgr] Custom Resource Spec (replicas: 1) (extensions: 1)
2025-01-30 18:34:46,244 INFO c.h.h.t.HelmChartContainer - [hivemq-test-hivemq-platform] [hivemq-platform-operator] [9402e1fb] 18:34:46.243 [ReconcilerExecutor-hivemq-controller-141] DEBUG c.h.p.o.HiveMQPlatformReconciler - [helmupgr] StatefulSet Status (revision: test-hivemq-platform-7c6d7d4d7b, replicas: 2, available: 2, ready: 2, current: 1, updated: 1)
2025-01-30 18:34:46,244 INFO c.h.h.t.HelmChartContainer - [hivemq-test-hivemq-platform] [hivemq-platform-operator] [9402e1fb] 18:34:46.243 [ReconcilerExecutor-hivemq-controller-141] DEBUG c.h.p.o.HiveMQPlatformReconciler - [helmupgr] StatefulSet Spec (replicas: 2, init containers: 1, containers: 1, volumes: 4)
2025-01-30 18:34:46,247 INFO c.h.h.t.HelmChartContainer - [hivemq-test-hivemq-platform] [hivemq-platform-operator] [9402e1fb] 18:34:46.246 [ReconcilerExecutor-hivemq-controller-141] DEBUG c.h.p.o.h.HiveMQPlatformReconcilerErrorHandler - [helmupgr] Pod 'test-hivemq-platform-1' phase Running
2025-01-30 18:34:46,249 INFO c.h.h.t.HelmChartContainer - [hivemq-test-hivemq-platform] [hivemq-platform-operator] [9402e1fb] 18:34:46.248 [ReconcilerExecutor-hivemq-controller-141] DEBUG c.h.p.o.h.HiveMQPlatformReconcilerErrorHandler - [helmupgr] Pod 'test-hivemq-platform-0' phase Running
2025-01-30 18:34:46,255 INFO c.h.h.t.HelmChartContainer - [hivemq-test-hivemq-platform] [hivemq-platform-operator] [9402e1fb] 18:34:46.254 [ReconcilerExecutor-hivemq-controller-141] DEBUG c.h.p.o.h.HiveMQPlatformReconcilerRollingRestartHandler - [helmupgr] Skipping Pod test-hivemq-platform-1 as it's already on the controller update revision (update revision: test-hivemq-platform-7c6d7d4d7b, pod revision: test-hivemq-platform-7c6d7d4d7b)
2025-01-30 18:34:46,343 INFO c.h.h.t.HelmChartContainer - [hivemq-test-hivemq-platform] [hivemq-platform-operator] [9402e1fb] 18:34:46.342 [ReconcilerExecutor-hivemq-controller-141] DEBUG c.h.p.o.h.HiveMQPlatformReconcilerRollingRestartHandler - [helmupgr] The last Pod is running for 79 seconds, the next Pod can be restarted
2025-01-30 18:34:46,343 INFO c.h.h.t.HelmChartContainer - [hivemq-test-hivemq-platform] [hivemq-platform-operator] [9402e1fb] 18:34:46.342 [ReconcilerExecutor-hivemq-controller-141] INFO  c.h.p.o.h.HiveMQPlatformReconcilerRollingRestartHandler - [helmupgr] Restarting Pod test-hivemq-platform-0 as it's not matching the controller update revision (update revision: test-hivemq-platform-7c6d7d4d7b, pod revision: test-hivemq-platform-5b6c7575b6)
2025-01-30 18:34:46,357 INFO c.h.h.t.HelmChartContainer - [POD] test-hivemq-platform-0 [d3095f8c-2a3d-4d34-8ca2-bccfe5d7e459] in helmupgradeextensionit was MODIFIED
2025-01-30 18:34:46,367 INFO c.h.h.t.HelmChartContainer - [test-hivemq-platform] [hivemq] [d3095f8c] INFO  - [HiveMQ Platform Operator Init App 1.7.0-SNAPSHOT] Shutting down
2025-01-30 18:34:46,367 INFO c.h.h.t.HelmChartContainer - [test-hivemq-platform] [hivemq] [d3095f8c] INFO  - [HiveMQ Platform Operator Init App 1.7.0-SNAPSHOT] Stopping the HiveMQ Platform
2025-01-30 18:34:46,379 INFO c.h.h.t.HelmChartContainer - [EVENT] Normal [Killing] Stopping container hivemq [helmupgradeextensionit:test-hivemq-platform-0]
2025-01-30 18:34:46,379 INFO c.h.h.t.HelmChartContainer - Received Killing event for container hivemq in pod test-hivemq-platform-0 [d3095f8c-2a3d-4d34-8ca2-bccfe5d7e459]
2025-01-30 18:34:46,379 INFO c.h.h.t.HelmChartContainer - Container [test-hivemq-platform-0] [hivemq] [d3095f8c-2a3d-4d34-8ca2-bccfe5d7e459] was terminated
2025-01-30 18:34:46,379 INFO c.h.h.t.HelmChartContainer - Stopped log watcher for hivemq in pod test-hivemq-platform-0 [d3095f8c-2a3d-4d34-8ca2-bccfe5d7e459]
2025-01-30 18:34:46,439 INFO c.h.h.t.HelmChartContainer - [test-hivemq-platform] [hivemq] [d3095f8c] INFO  - Shutting down HiveMQ. Please wait, this could take a while...
2025-01-30 18:34:46,444 INFO c.h.h.t.HelmChartContainer - [hivemq-test-hivemq-platform] [hivemq-platform-operator] [9402e1fb] 18:34:46.443 [pool-6-thread-3] DEBUG c.h.p.o.d.PlatformServiceResource - [helmupgr] Desired Platform services (3 services)
2025-01-30 18:34:46,447 INFO c.h.h.t.HelmChartContainer - [hivemq-test-hivemq-platform] [hivemq-platform-operator] [9402e1fb] 18:34:46.445 [pool-6-thread-9] DEBUG c.h.p.o.dependants.PodInfoConfigMap - [helmupgr] Desired PodInfo ConfigMap (1 extensions) (1 enabled)
2025-01-30 18:34:46,448 INFO c.h.h.t.HelmChartContainer - [hivemq-test-hivemq-platform] [hivemq-platform-operator] [9402e1fb] 18:34:46.445 [pool-6-thread-9] DEBUG c.h.p.o.dependants.PodInfoConfigMap - [helmupgr] Desired PodInfo ConfigMap (metrics port: 9399) (metrics path: /)
2025-01-30 18:34:46,448 INFO c.h.h.t.HelmChartContainer - [hivemq-test-hivemq-platform] [hivemq-platform-operator] [9402e1fb] 18:34:46.445 [pool-6-thread-9] DEBUG c.h.p.o.dependants.PodInfoConfigMap - [helmupgr] Desired PodInfo ConfigMap (extension state hash: 610187774)
2025-01-30 18:34:46,448 INFO c.h.h.t.HelmChartContainer - [hivemq-test-hivemq-platform] [hivemq-platform-operator] [9402e1fb] 18:34:46.445 [pool-6-thread-9] DEBUG c.h.p.o.d.PodServiceAccountResource - [helmupgr] Desired PodServiceAccountResource (serviceAccountName: hivemq-platform-pod-test-hivemq-platform)
2025-01-30 18:34:46,449 INFO c.h.h.t.HelmChartContainer - [hivemq-test-hivemq-platform] [hivemq-platform-operator] [9402e1fb] 18:34:46.447 [pool-6-thread-1] DEBUG c.h.p.o.d.StatefulSetResource - [helmupgr] Desired StatefulSet (2 replicas) for status ROLLING_RESTART (RESTART_PODS_IN_PROGRESS)
2025-01-30 18:34:46,451 INFO c.h.h.t.HelmChartContainer - [hivemq-test-hivemq-platform] [hivemq-platform-operator] [9402e1fb] 18:34:46.450 [ReconcilerExecutor-hivemq-controller-142] INFO  c.h.p.o.HiveMQPlatformReconciler - [helmupgr] Reconciling HiveMQ Platform 'test-hivemq-platform' in namespace 'helmupgradeextensionit'
2025-01-30 18:34:46,451 INFO c.h.h.t.HelmChartContainer - [hivemq-test-hivemq-platform] [hivemq-platform-operator] [9402e1fb] 18:34:46.450 [ReconcilerExecutor-hivemq-controller-142] DEBUG c.h.p.o.HiveMQPlatformReconciler - [helmupgr] Custom Resource Status ROLLING_RESTART - HiveMQ Platform is restarting Pods (rolling restart) (RESTART_PODS_IN_PROGRESS)
2025-01-30 18:34:46,451 INFO c.h.h.t.HelmChartContainer - [hivemq-test-hivemq-platform] [hivemq-platform-operator] [9402e1fb] 18:34:46.450 [ReconcilerExecutor-hivemq-controller-142] DEBUG c.h.p.o.HiveMQPlatformReconciler - [helmupgr] Custom Resource Spec (replicas: 1) (extensions: 1)
2025-01-30 18:34:46,453 INFO c.h.h.t.HelmChartContainer - [hivemq-test-hivemq-platform] [hivemq-platform-operator] [9402e1fb] 18:34:46.452 [ReconcilerExecutor-hivemq-controller-142] DEBUG c.h.p.o.HiveMQPlatformReconciler - [helmupgr] StatefulSet Status (revision: test-hivemq-platform-7c6d7d4d7b, replicas: 2, available: 2, ready: 2, current: 0, updated: 1)
2025-01-30 18:34:46,454 INFO c.h.h.t.HelmChartContainer - [hivemq-test-hivemq-platform] [hivemq-platform-operator] [9402e1fb] 18:34:46.452 [ReconcilerExecutor-hivemq-controller-142] DEBUG c.h.p.o.HiveMQPlatformReconciler - [helmupgr] StatefulSet Spec (replicas: 2, init containers: 1, containers: 1, volumes: 4)
2025-01-30 18:34:46,454 INFO c.h.h.t.HelmChartContainer - [hivemq-test-hivemq-platform] [hivemq-platform-operator] [9402e1fb] 18:34:46.453 [ReconcilerExecutor-hivemq-controller-142] DEBUG c.h.p.o.h.HiveMQPlatformReconcilerErrorHandler - [helmupgr] Pod 'test-hivemq-platform-1' phase Running
2025-01-30 18:34:46,456 INFO c.h.h.t.HelmChartContainer - [hivemq-test-hivemq-platform] [hivemq-platform-operator] [9402e1fb] 18:34:46.455 [ReconcilerExecutor-hivemq-controller-142] DEBUG c.h.p.o.h.HiveMQPlatformReconcilerErrorHandler - [helmupgr] Pod 'test-hivemq-platform-0' phase Running
2025-01-30 18:34:46,522 INFO c.h.h.t.HelmChartContainer - [test-hivemq-platform] [hivemq] [d3095f8c] INFO  - Shutting down listeners and clients
2025-01-30 18:34:46,524 INFO c.h.h.t.HelmChartContainer - [test-hivemq-platform] [hivemq] [d3095f8c] INFO  - Shutdown of listeners is done
2025-01-30 18:34:46,524 INFO c.h.h.t.HelmChartContainer - [test-hivemq-platform] [hivemq] [d3095f8c] INFO  - No clients are connected, proceeding with shutdown
2025-01-30 18:34:46,542 INFO c.h.h.t.HelmChartContainer - [hivemq-test-hivemq-platform] [hivemq-platform-operator] [9402e1fb] 18:34:46.541 [ReconcilerExecutor-hivemq-controller-142] DEBUG c.h.p.o.h.HiveMQPlatformReconcilerRollingRestartHandler - [helmupgr] Skipping Pod test-hivemq-platform-1 as it's already on the controller update revision (update revision: test-hivemq-platform-7c6d7d4d7b, pod revision: test-hivemq-platform-7c6d7d4d7b)
2025-01-30 18:34:46,552 INFO c.h.h.t.HelmChartContainer - [hivemq-test-hivemq-platform] [hivemq-platform-operator] [9402e1fb] 18:34:46.551 [ReconcilerExecutor-hivemq-controller-142] DEBUG c.h.p.o.h.HiveMQPlatformReconcilerRollingRestartHandler - [helmupgr] The last Pod is running for 79 seconds, the next Pod can be restarted
2025-01-30 18:34:46,552 INFO c.h.h.t.HelmChartContainer - [hivemq-test-hivemq-platform] [hivemq-platform-operator] [9402e1fb] 18:34:46.551 [ReconcilerExecutor-hivemq-controller-142] INFO  c.h.p.o.h.HiveMQPlatformReconcilerRollingRestartHandler - [helmupgr] Restarting Pod test-hivemq-platform-0 as it's not matching the controller update revision (update revision: test-hivemq-platform-7c6d7d4d7b, pod revision: test-hivemq-platform-5b6c7575b6)
2025-01-30 18:34:46,640 INFO c.h.h.t.HelmChartContainer - [hivemq-test-hivemq-platform] [hivemq-platform-operator] [9402e1fb] 18:34:46.637 [pool-6-thread-16] DEBUG c.h.p.o.d.PlatformServiceResource - [helmupgr] Desired Platform services (3 services)
2025-01-30 18:34:46,640 INFO c.h.h.t.HelmChartContainer - [hivemq-test-hivemq-platform] [hivemq-platform-operator] [9402e1fb] 18:34:46.638 [pool-6-thread-19] DEBUG c.h.p.o.dependants.PodInfoConfigMap - [helmupgr] Desired PodInfo ConfigMap (1 extensions) (1 enabled)
2025-01-30 18:34:46,640 INFO c.h.h.t.HelmChartContainer - [hivemq-test-hivemq-platform] [hivemq-platform-operator] [9402e1fb] 18:34:46.638 [pool-6-thread-19] DEBUG c.h.p.o.dependants.PodInfoConfigMap - [helmupgr] Desired PodInfo ConfigMap (metrics port: 9399) (metrics path: /)
2025-01-30 18:34:46,640 INFO c.h.h.t.HelmChartContainer - [hivemq-test-hivemq-platform] [hivemq-platform-operator] [9402e1fb] 18:34:46.638 [pool-6-thread-19] DEBUG c.h.p.o.dependants.PodInfoConfigMap - [helmupgr] Desired PodInfo ConfigMap (extension state hash: 610187774)
2025-01-30 18:34:46,641 INFO c.h.h.t.HelmChartContainer - [hivemq-test-hivemq-platform] [hivemq-platform-operator] [9402e1fb] 18:34:46.639 [pool-6-thread-19] DEBUG c.h.p.o.d.PodServiceAccountResource - [helmupgr] Desired PodServiceAccountResource (serviceAccountName: hivemq-platform-pod-test-hivemq-platform)
2025-01-30 18:34:46,642 INFO c.h.h.t.HelmChartContainer - [hivemq-test-hivemq-platform] [hivemq-platform-operator] [9402e1fb] 18:34:46.641 [pool-6-thread-17] DEBUG c.h.p.o.d.StatefulSetResource - [helmupgr] Desired StatefulSet (2 replicas) for status ROLLING_RESTART (RESTART_PODS_IN_PROGRESS)
2025-01-30 18:34:46,646 INFO c.h.h.t.HelmChartContainer - [hivemq-test-hivemq-platform] [hivemq-platform-operator] [9402e1fb] 18:34:46.644 [ReconcilerExecutor-hivemq-controller-143] INFO  c.h.p.o.HiveMQPlatformReconciler - [helmupgr] Reconciling HiveMQ Platform 'test-hivemq-platform' in namespace 'helmupgradeextensionit'
2025-01-30 18:34:46,646 INFO c.h.h.t.HelmChartContainer - [hivemq-test-hivemq-platform] [hivemq-platform-operator] [9402e1fb] 18:34:46.644 [ReconcilerExecutor-hivemq-controller-143] DEBUG c.h.p.o.HiveMQPlatformReconciler - [helmupgr] Custom Resource Status ROLLING_RESTART - HiveMQ Platform is restarting Pods (rolling restart) (RESTART_PODS_IN_PROGRESS)
2025-01-30 18:34:46,647 INFO c.h.h.t.HelmChartContainer - [hivemq-test-hivemq-platform] [hivemq-platform-operator] [9402e1fb] 18:34:46.644 [ReconcilerExecutor-hivemq-controller-143] DEBUG c.h.p.o.HiveMQPlatformReconciler - [helmupgr] Custom Resource Spec (replicas: 1) (extensions: 1)
2025-01-30 18:34:46,647 INFO c.h.h.t.HelmChartContainer - [hivemq-test-hivemq-platform] [hivemq-platform-operator] [9402e1fb] 18:34:46.645 [ReconcilerExecutor-hivemq-controller-143] DEBUG c.h.p.o.HiveMQPlatformReconciler - [helmupgr] StatefulSet Status (revision: test-hivemq-platform-7c6d7d4d7b, replicas: 2, available: 2, ready: 2, current: 0, updated: 1)
2025-01-30 18:34:46,647 INFO c.h.h.t.HelmChartContainer - [hivemq-test-hivemq-platform] [hivemq-platform-operator] [9402e1fb] 18:34:46.645 [ReconcilerExecutor-hivemq-controller-143] DEBUG c.h.p.o.HiveMQPlatformReconciler - [helmupgr] StatefulSet Spec (replicas: 2, init containers: 1, containers: 1, volumes: 4)
2025-01-30 18:34:46,648 INFO c.h.h.t.HelmChartContainer - [hivemq-test-hivemq-platform] [hivemq-platform-operator] [9402e1fb] 18:34:46.646 [ReconcilerExecutor-hivemq-controller-143] DEBUG c.h.p.o.h.HiveMQPlatformReconcilerErrorHandler - [helmupgr] Pod 'test-hivemq-platform-1' phase Running
2025-01-30 18:34:46,649 INFO c.h.h.t.HelmChartContainer - [hivemq-test-hivemq-platform] [hivemq-platform-operator] [9402e1fb] 18:34:46.648 [ReconcilerExecutor-hivemq-controller-143] DEBUG c.h.p.o.h.HiveMQPlatformReconcilerErrorHandler - [helmupgr] Pod 'test-hivemq-platform-0' phase Running
2025-01-30 18:34:46,654 INFO c.h.h.t.HelmChartContainer - [hivemq-test-hivemq-platform] [hivemq-platform-operator] [9402e1fb] 18:34:46.653 [ReconcilerExecutor-hivemq-controller-143] DEBUG c.h.p.o.h.HiveMQPlatformReconcilerRollingRestartHandler - [helmupgr] Skipping Pod test-hivemq-platform-1 as it's already on the controller update revision (update revision: test-hivemq-platform-7c6d7d4d7b, pod revision: test-hivemq-platform-7c6d7d4d7b)
2025-01-30 18:34:46,746 INFO c.h.h.t.HelmChartContainer - [hivemq-test-hivemq-platform] [hivemq-platform-operator] [9402e1fb] 18:34:46.745 [ReconcilerExecutor-hivemq-controller-143] DEBUG c.h.p.o.h.HiveMQPlatformReconcilerRollingRestartHandler - [helmupgr] The last Pod is running for 79 seconds, the next Pod can be restarted
2025-01-30 18:34:46,746 INFO c.h.h.t.HelmChartContainer - [hivemq-test-hivemq-platform] [hivemq-platform-operator] [9402e1fb] 18:34:46.745 [ReconcilerExecutor-hivemq-controller-143] INFO  c.h.p.o.h.HiveMQPlatformReconcilerRollingRestartHandler - [helmupgr] Restarting Pod test-hivemq-platform-0 as it's not matching the controller update revision (update revision: test-hivemq-platform-7c6d7d4d7b, pod revision: test-hivemq-platform-5b6c7575b6)
2025-01-30 18:34:46,909 INFO c.h.h.t.HelmChartContainer - [test-hivemq-platform] [hivemq] [d3095f8c] INFO  - [HiveMQ Platform Operator Init App 1.7.0-SNAPSHOT] Returning shutdown Health API response 503 for readiness
2025-01-30 18:34:46,913 INFO c.h.h.t.HelmChartContainer - [EVENT] Warning [Unhealthy] Readiness probe failed: HTTP probe failed with statuscode: 503 [helmupgradeextensionit:test-hivemq-platform-0]
2025-01-30 18:34:46,913 INFO c.h.h.t.HelmChartContainer - Received Unhealthy event for container hivemq in pod test-hivemq-platform-0 [d3095f8c-2a3d-4d34-8ca2-bccfe5d7e459]
2025-01-30 18:34:48,609 INFO c.h.h.t.HelmChartContainer - [test-hivemq-platform] [hivemq] [d3095f8c] WARN  - Bridge Extension: Connect to bridge 'testbridge' failed for the 6 time, reason: connection timed out after 10000 ms: /172.17.0.3:1883
2025-01-30 18:34:49,444 INFO c.h.h.t.HelmChartContainer - [test-hivemq-platform] [hivemq] [d3095f8c] INFO  - Shutting down extension system
2025-01-30 18:34:49,446 INFO c.h.h.t.HelmChartContainer - [test-hivemq-platform] [hivemq] [d3095f8c] INFO  - Stopping extension with id hivemq-dns-cluster-discovery
2025-01-30 18:34:49,447 INFO c.h.h.t.HelmChartContainer - [test-hivemq-platform] [hivemq] [d3095f8c] INFO  - Extension "DNS Cluster Discovery Extension" version 4.3.2 stopped successfully.
2025-01-30 18:34:49,448 INFO c.h.h.t.HelmChartContainer - [test-hivemq-platform] [hivemq] [d3095f8c] INFO  - Stopping extension with id hivemq-bridge-extension
2025-01-30 18:34:49,453 INFO c.h.h.t.HelmChartContainer - [test-hivemq-platform] [hivemq] [d3095f8c] INFO  - Bridge Extension: Stopping extension
2025-01-30 18:34:49,461 INFO c.h.h.t.HelmChartContainer - [test-hivemq-platform] [hivemq] [d3095f8c] ERROR - Bridge Extension: Error when disconnecting client "testbridge-0-c5ea4353-2b0a-4284-8b5a-4522a09fcf08". Reason: MQTT client is not connected.
2025-01-30 18:34:49,462 INFO c.h.h.t.HelmChartContainer - [test-hivemq-platform] [hivemq] [d3095f8c] ERROR - Bridge Extension: Error when disconnecting client "testbridge-1-c5ea4353-2b0a-4284-8b5a-4522a09fcf08". Reason: MQTT client is not connected.
2025-01-30 18:34:49,462 INFO c.h.h.t.HelmChartContainer - [test-hivemq-platform] [hivemq] [d3095f8c] INFO  - Extension "HiveMQ Enterprise Bridge Extension" version 4.36.0 stopped successfully.
2025-01-30 18:34:49,462 INFO c.h.h.t.HelmChartContainer - [test-hivemq-platform] [hivemq] [d3095f8c] INFO  - Stopping extension with id hivemq-prometheus-extension
2025-01-30 18:34:49,466 INFO c.h.h.t.HelmChartContainer - [test-hivemq-platform] [hivemq] [d3095f8c] INFO  - Extension "Prometheus Monitoring Extension" version 4.0.12 stopped successfully.
2025-01-30 18:34:49,467 INFO c.h.h.t.HelmChartContainer - [test-hivemq-platform] [hivemq] [d3095f8c] INFO  - Stopping extension with id hivemq-allow-all-extension
2025-01-30 18:34:49,468 INFO c.h.h.t.HelmChartContainer - [test-hivemq-platform] [hivemq] [d3095f8c] INFO  - Extension "Allow All Extension" version 1.1.1 stopped successfully.
2025-01-30 18:34:49,473 INFO c.h.h.t.HelmChartContainer - [test-hivemq-platform] [hivemq] [39d6c376] INFO  - Cluster nodes found by discovery: [WWtaU|2] (1) [WWtaU].
2025-01-30 18:34:49,477 INFO c.h.h.t.HelmChartContainer - [test-hivemq-platform] [hivemq] [39d6c376] INFO  - Cluster size = 1, members : [WWtaU].
2025-01-30 18:34:51,837 INFO c.h.h.t.HelmChartContainer - [test-hivemq-platform] [hivemq] [d3095f8c] INFO  - Shutdown completed.
2025-01-30 18:34:51,912 INFO c.h.h.t.HelmChartContainer - [EVENT] Warning [Unhealthy] Readiness probe failed: HTTP probe failed with statuscode: 503 [helmupgradeextensionit:test-hivemq-platform-0]
2025-01-30 18:34:51,912 INFO c.h.h.t.HelmChartContainer - Received Unhealthy event for container hivemq in pod test-hivemq-platform-0 [d3095f8c-2a3d-4d34-8ca2-bccfe5d7e459]
2025-01-30 18:34:52,200 INFO c.h.h.t.HelmChartContainer - [test-hivemq-platform] [hivemq] [d3095f8c] INFO  - [HiveMQ Platform Operator Init App 1.7.0-SNAPSHOT] The HiveMQ Platform exited with code 143
2025-01-30 18:34:52,200 INFO c.h.h.t.HelmChartContainer - [test-hivemq-platform] [hivemq] [d3095f8c] INFO  - [HiveMQ Platform Operator Init App 1.7.0-SNAPSHOT] Stopping the REST API
2025-01-30 18:34:52,221 INFO c.h.h.t.HelmChartContainer - [test-hivemq-platform] [hivemq] [d3095f8c] INFO  - [HiveMQ Platform Operator Init App 1.7.0-SNAPSHOT] Shutdown complete
2025-01-30 18:34:52,677 INFO c.h.h.t.HelmChartContainer - [POD] test-hivemq-platform-0 [d3095f8c-2a3d-4d34-8ca2-bccfe5d7e459] in helmupgradeextensionit was MODIFIED
2025-01-30 18:34:52,696 INFO c.h.h.t.HelmChartContainer - [hivemq-test-hivemq-platform] [hivemq-platform-operator] [9402e1fb] 18:34:52.695 [pool-6-thread-29] DEBUG c.h.p.o.d.PlatformServiceResource - [helmupgr] Desired Platform services (3 services)
2025-01-30 18:34:52,701 INFO c.h.h.t.HelmChartContainer - [hivemq-test-hivemq-platform] [hivemq-platform-operator] [9402e1fb] 18:34:52.698 [pool-6-thread-24] DEBUG c.h.p.o.dependants.PodInfoConfigMap - [helmupgr] Desired PodInfo ConfigMap (1 extensions) (1 enabled)
2025-01-30 18:34:52,701 INFO c.h.h.t.HelmChartContainer - [hivemq-test-hivemq-platform] [hivemq-platform-operator] [9402e1fb] 18:34:52.698 [pool-6-thread-24] DEBUG c.h.p.o.dependants.PodInfoConfigMap - [helmupgr] Desired PodInfo ConfigMap (metrics port: 9399) (metrics path: /)
2025-01-30 18:34:52,701 INFO c.h.h.t.HelmChartContainer - [hivemq-test-hivemq-platform] [hivemq-platform-operator] [9402e1fb] 18:34:52.698 [pool-6-thread-24] DEBUG c.h.p.o.dependants.PodInfoConfigMap - [helmupgr] Desired PodInfo ConfigMap (extension state hash: 610187774)
2025-01-30 18:34:52,701 INFO c.h.h.t.HelmChartContainer - [hivemq-test-hivemq-platform] [hivemq-platform-operator] [9402e1fb] 18:34:52.700 [pool-6-thread-24] DEBUG c.h.p.o.d.PodServiceAccountResource - [helmupgr] Desired PodServiceAccountResource (serviceAccountName: hivemq-platform-pod-test-hivemq-platform)
2025-01-30 18:34:52,707 INFO c.h.h.t.HelmChartContainer - [hivemq-test-hivemq-platform] [hivemq-platform-operator] [9402e1fb] 18:34:52.705 [pool-6-thread-30] DEBUG c.h.p.o.d.StatefulSetResource - [helmupgr] Desired StatefulSet (2 replicas) for status ROLLING_RESTART (RESTART_PODS_IN_PROGRESS)
2025-01-30 18:34:52,710 INFO c.h.h.t.HelmChartContainer - [hivemq-test-hivemq-platform] [hivemq-platform-operator] [9402e1fb] 18:34:52.710 [ReconcilerExecutor-hivemq-controller-144] INFO  c.h.p.o.HiveMQPlatformReconciler - [helmupgr] Reconciling HiveMQ Platform 'test-hivemq-platform' in namespace 'helmupgradeextensionit'
2025-01-30 18:34:52,711 INFO c.h.h.t.HelmChartContainer - [hivemq-test-hivemq-platform] [hivemq-platform-operator] [9402e1fb] 18:34:52.710 [ReconcilerExecutor-hivemq-controller-144] DEBUG c.h.p.o.HiveMQPlatformReconciler - [helmupgr] Custom Resource Status ROLLING_RESTART - HiveMQ Platform is restarting Pods (rolling restart) (RESTART_PODS_IN_PROGRESS)
2025-01-30 18:34:52,711 INFO c.h.h.t.HelmChartContainer - [hivemq-test-hivemq-platform] [hivemq-platform-operator] [9402e1fb] 18:34:52.710 [ReconcilerExecutor-hivemq-controller-144] DEBUG c.h.p.o.HiveMQPlatformReconciler - [helmupgr] Custom Resource Spec (replicas: 1) (extensions: 1)
2025-01-30 18:34:52,712 INFO c.h.h.t.HelmChartContainer - [hivemq-test-hivemq-platform] [hivemq-platform-operator] [9402e1fb] 18:34:52.711 [ReconcilerExecutor-hivemq-controller-144] DEBUG c.h.p.o.HiveMQPlatformReconciler - [helmupgr] StatefulSet Status (revision: test-hivemq-platform-7c6d7d4d7b, replicas: 2, available: 1, ready: 1, current: 0, updated: 1)
2025-01-30 18:34:52,712 INFO c.h.h.t.HelmChartContainer - [hivemq-test-hivemq-platform] [hivemq-platform-operator] [9402e1fb] 18:34:52.711 [ReconcilerExecutor-hivemq-controller-144] DEBUG c.h.p.o.HiveMQPlatformReconciler - [helmupgr] StatefulSet Spec (replicas: 2, init containers: 1, containers: 1, volumes: 4)
2025-01-30 18:34:52,739 INFO c.h.h.t.HelmChartContainer - [hivemq-test-hivemq-platform] [hivemq-platform-operator] [9402e1fb] 18:34:52.738 [ReconcilerExecutor-hivemq-controller-144] DEBUG c.h.p.o.h.HiveMQPlatformReconcilerErrorHandler - [helmupgr] Pod 'test-hivemq-platform-1' phase Running
2025-01-30 18:34:52,740 INFO c.h.h.t.HelmChartContainer - [hivemq-test-hivemq-platform] [hivemq-platform-operator] [9402e1fb] 18:34:52.739 [ReconcilerExecutor-hivemq-controller-144] DEBUG c.h.p.o.h.HiveMQPlatformReconcilerErrorHandler - [helmupgr] Pod 'test-hivemq-platform-0' phase Failed
2025-01-30 18:34:52,740 INFO c.h.h.t.HelmChartContainer - [hivemq-test-hivemq-platform] [hivemq-platform-operator] [9402e1fb] 18:34:52.739 [ReconcilerExecutor-hivemq-controller-144] DEBUG c.h.p.o.h.HiveMQPlatformReconcilerErrorHandler - [helmupgr] Pod 'test-hivemq-platform-0' condition 'PodReadyToStartContainers': False
2025-01-30 18:34:52,742 INFO c.h.h.t.HelmChartContainer - [hivemq-test-hivemq-platform] [hivemq-platform-operator] [9402e1fb] 18:34:52.739 [ReconcilerExecutor-hivemq-controller-144] DEBUG c.h.p.o.h.HiveMQPlatformReconcilerErrorHandler - [helmupgr] Pod 'test-hivemq-platform-0' condition 'Initialized': True
2025-01-30 18:34:52,742 INFO c.h.h.t.HelmChartContainer - [hivemq-test-hivemq-platform] [hivemq-platform-operator] [9402e1fb] 18:34:52.739 [ReconcilerExecutor-hivemq-controller-144] DEBUG c.h.p.o.h.HiveMQPlatformReconcilerErrorHandler - [helmupgr] Pod 'test-hivemq-platform-0' condition 'Ready': False
2025-01-30 18:34:52,742 INFO c.h.h.t.HelmChartContainer - [hivemq-test-hivemq-platform] [hivemq-platform-operator] [9402e1fb] 18:34:52.739 [ReconcilerExecutor-hivemq-controller-144] DEBUG c.h.p.o.h.HiveMQPlatformReconcilerErrorHandler - [helmupgr] Pod 'test-hivemq-platform-0' condition 'ContainersReady': False
2025-01-30 18:34:52,742 INFO c.h.h.t.HelmChartContainer - [hivemq-test-hivemq-platform] [hivemq-platform-operator] [9402e1fb] 18:34:52.739 [ReconcilerExecutor-hivemq-controller-144] DEBUG c.h.p.o.h.HiveMQPlatformReconcilerErrorHandler - [helmupgr] Pod 'test-hivemq-platform-0' condition 'PodScheduled': True
2025-01-30 18:34:52,742 INFO c.h.h.t.HelmChartContainer - [hivemq-test-hivemq-platform] [hivemq-platform-operator] [9402e1fb] 18:34:52.739 [ReconcilerExecutor-hivemq-controller-144] DEBUG c.h.p.o.h.HiveMQPlatformReconcilerErrorHandler - [helmupgr] Pod 'test-hivemq-platform-0' containerStatus 'hivemq' (started: false) (ready: false) (waiting: [Unknown] no message)
2025-01-30 18:34:52,743 INFO c.h.h.t.HelmChartContainer - [hivemq-test-hivemq-platform] [hivemq-platform-operator] [9402e1fb] 18:34:52.740 [ReconcilerExecutor-hivemq-controller-144] DEBUG c.h.p.o.h.HiveMQPlatformReconcilerRollingRestartHandler - [helmupgr] Rolling restart is waiting for 1 of 2 replicas
2025-01-30 18:34:52,745 INFO c.h.h.t.HelmChartContainer - [hivemq-test-hivemq-platform] [hivemq-platform-operator] [9402e1fb] 18:34:52.743 [pool-6-thread-33] DEBUG c.h.p.o.dependants.PodInfoConfigMap - [helmupgr] Desired PodInfo ConfigMap (1 extensions) (1 enabled)
2025-01-30 18:34:52,745 INFO c.h.h.t.HelmChartContainer - [hivemq-test-hivemq-platform] [hivemq-platform-operator] [9402e1fb] 18:34:52.743 [pool-6-thread-33] DEBUG c.h.p.o.dependants.PodInfoConfigMap - [helmupgr] Desired PodInfo ConfigMap (metrics port: 9399) (metrics path: /)
2025-01-30 18:34:52,746 INFO c.h.h.t.HelmChartContainer - [hivemq-test-hivemq-platform] [hivemq-platform-operator] [9402e1fb] 18:34:52.743 [pool-6-thread-33] DEBUG c.h.p.o.dependants.PodInfoConfigMap - [helmupgr] Desired PodInfo ConfigMap (extension state hash: 610187774)
2025-01-30 18:34:52,746 INFO c.h.h.t.HelmChartContainer - [hivemq-test-hivemq-platform] [hivemq-platform-operator] [9402e1fb] 18:34:52.744 [pool-6-thread-32] DEBUG c.h.p.o.d.PodServiceAccountResource - [helmupgr] Desired PodServiceAccountResource (serviceAccountName: hivemq-platform-pod-test-hivemq-platform)
2025-01-30 18:34:52,746 INFO c.h.h.t.HelmChartContainer - [hivemq-test-hivemq-platform] [hivemq-platform-operator] [9402e1fb] 18:34:52.745 [pool-6-thread-40] DEBUG c.h.p.o.d.PlatformServiceResource - [helmupgr] Desired Platform services (3 services)
2025-01-30 18:34:52,749 INFO c.h.h.t.HelmChartContainer - [hivemq-test-hivemq-platform] [hivemq-platform-operator] [9402e1fb] 18:34:52.748 [pool-6-thread-40] DEBUG c.h.p.o.d.StatefulSetResource - [helmupgr] Desired StatefulSet (2 replicas) for status ROLLING_RESTART (RESTART_PODS_IN_PROGRESS)
2025-01-30 18:34:52,751 INFO c.h.h.t.HelmChartContainer - [hivemq-test-hivemq-platform] [hivemq-platform-operator] [9402e1fb] 18:34:52.750 [ReconcilerExecutor-hivemq-controller-145] INFO  c.h.p.o.HiveMQPlatformReconciler - [helmupgr] Reconciling HiveMQ Platform 'test-hivemq-platform' in namespace 'helmupgradeextensionit'
2025-01-30 18:34:52,751 INFO c.h.h.t.HelmChartContainer - [hivemq-test-hivemq-platform] [hivemq-platform-operator] [9402e1fb] 18:34:52.750 [ReconcilerExecutor-hivemq-controller-145] DEBUG c.h.p.o.HiveMQPlatformReconciler - [helmupgr] Custom Resource Status ROLLING_RESTART - HiveMQ Platform is restarting Pods (rolling restart) (RESTART_PODS_IN_PROGRESS)
2025-01-30 18:34:52,751 INFO c.h.h.t.HelmChartContainer - [hivemq-test-hivemq-platform] [hivemq-platform-operator] [9402e1fb] 18:34:52.750 [ReconcilerExecutor-hivemq-controller-145] DEBUG c.h.p.o.HiveMQPlatformReconciler - [helmupgr] Custom Resource Spec (replicas: 1) (extensions: 1)
2025-01-30 18:34:52,753 INFO c.h.h.t.HelmChartContainer - [hivemq-test-hivemq-platform] [hivemq-platform-operator] [9402e1fb] 18:34:52.752 [ReconcilerExecutor-hivemq-controller-145] DEBUG c.h.p.o.HiveMQPlatformReconciler - [helmupgr] StatefulSet Status (revision: test-hivemq-platform-7c6d7d4d7b, replicas: 2, available: 1, ready: 1, current: 0, updated: 1)
2025-01-30 18:34:52,753 INFO c.h.h.t.HelmChartContainer - [hivemq-test-hivemq-platform] [hivemq-platform-operator] [9402e1fb] 18:34:52.752 [ReconcilerExecutor-hivemq-controller-145] DEBUG c.h.p.o.HiveMQPlatformReconciler - [helmupgr] StatefulSet Spec (replicas: 2, init containers: 1, containers: 1, volumes: 4)
2025-01-30 18:34:52,754 INFO c.h.h.t.HelmChartContainer - [hivemq-test-hivemq-platform] [hivemq-platform-operator] [9402e1fb] 18:34:52.753 [ReconcilerExecutor-hivemq-controller-145] DEBUG c.h.p.o.h.HiveMQPlatformReconcilerErrorHandler - [helmupgr] Pod 'test-hivemq-platform-1' phase Running
2025-01-30 18:34:52,755 INFO c.h.h.t.HelmChartContainer - [hivemq-test-hivemq-platform] [hivemq-platform-operator] [9402e1fb] 18:34:52.754 [ReconcilerExecutor-hivemq-controller-145] DEBUG c.h.p.o.h.HiveMQPlatformReconcilerErrorHandler - [helmupgr] Pod 'test-hivemq-platform-0' phase Failed
2025-01-30 18:34:52,756 INFO c.h.h.t.HelmChartContainer - [hivemq-test-hivemq-platform] [hivemq-platform-operator] [9402e1fb] 18:34:52.754 [ReconcilerExecutor-hivemq-controller-145] DEBUG c.h.p.o.h.HiveMQPlatformReconcilerErrorHandler - [helmupgr] Pod 'test-hivemq-platform-0' condition 'PodReadyToStartContainers': False
2025-01-30 18:34:52,756 INFO c.h.h.t.HelmChartContainer - [hivemq-test-hivemq-platform] [hivemq-platform-operator] [9402e1fb] 18:34:52.754 [ReconcilerExecutor-hivemq-controller-145] DEBUG c.h.p.o.h.HiveMQPlatformReconcilerErrorHandler - [helmupgr] Pod 'test-hivemq-platform-0' condition 'Initialized': True
2025-01-30 18:34:52,756 INFO c.h.h.t.HelmChartContainer - [hivemq-test-hivemq-platform] [hivemq-platform-operator] [9402e1fb] 18:34:52.754 [ReconcilerExecutor-hivemq-controller-145] DEBUG c.h.p.o.h.HiveMQPlatformReconcilerErrorHandler - [helmupgr] Pod 'test-hivemq-platform-0' condition 'Ready': False
2025-01-30 18:34:52,756 INFO c.h.h.t.HelmChartContainer - [hivemq-test-hivemq-platform] [hivemq-platform-operator] [9402e1fb] 18:34:52.754 [ReconcilerExecutor-hivemq-controller-145] DEBUG c.h.p.o.h.HiveMQPlatformReconcilerErrorHandler - [helmupgr] Pod 'test-hivemq-platform-0' condition 'ContainersReady': False
2025-01-30 18:34:52,756 INFO c.h.h.t.HelmChartContainer - [hivemq-test-hivemq-platform] [hivemq-platform-operator] [9402e1fb] 18:34:52.754 [ReconcilerExecutor-hivemq-controller-145] DEBUG c.h.p.o.h.HiveMQPlatformReconcilerErrorHandler - [helmupgr] Pod 'test-hivemq-platform-0' condition 'PodScheduled': True
2025-01-30 18:34:52,756 INFO c.h.h.t.HelmChartContainer - [hivemq-test-hivemq-platform] [hivemq-platform-operator] [9402e1fb] 18:34:52.754 [ReconcilerExecutor-hivemq-controller-145] DEBUG c.h.p.o.h.HiveMQPlatformReconcilerErrorHandler - [helmupgr] Pod 'test-hivemq-platform-0' containerStatus 'hivemq' (started: false) (ready: false) (waiting: [Unknown] no message)
2025-01-30 18:34:52,756 INFO c.h.h.t.HelmChartContainer - [hivemq-test-hivemq-platform] [hivemq-platform-operator] [9402e1fb] 18:34:52.754 [ReconcilerExecutor-hivemq-controller-145] DEBUG c.h.p.o.h.HiveMQPlatformReconcilerRollingRestartHandler - [helmupgr] Rolling restart is waiting for 1 of 2 replicas
2025-01-30 18:34:52,816 INFO c.h.h.t.HelmChartContainer - [K3S] [scope.go:117] "RemoveContainer" containerID="ffb1f15a699ce79bfdc8747202ad9e98aa6c72304a3f784c3abc413028b5f9e9"
2025-01-30 18:34:52,855 INFO c.h.h.t.HelmChartContainer - [K3S] [reconciler_common.go:162] "operationExecutor.UnmountVolume started for volume \"broker-configuration\" (UniqueName: \"kubernetes.io/configmap/d3095f8c-2a3d-4d34-8ca2-bccfe5d7e459-broker-configuration\") pod \"d3095f8c-2a3d-4d34-8ca2-bccfe5d7e459\" (UID: \"d3095f8c-2a3d-4d34-8ca2-bccfe5d7e459\") "
2025-01-30 18:34:52,855 INFO c.h.h.t.HelmChartContainer - [K3S] [reconciler_common.go:162] "operationExecutor.UnmountVolume started for volume \"extension-configuration-hivemq-bridge-extension\" (UniqueName: \"kubernetes.io/configmap/d3095f8c-2a3d-4d34-8ca2-bccfe5d7e459-extension-configuration-hivemq-bridge-extension\") pod \"d3095f8c-2a3d-4d34-8ca2-bccfe5d7e459\" (UID: \"d3095f8c-2a3d-4d34-8ca2-bccfe5d7e459\") "
2025-01-30 18:34:52,855 INFO c.h.h.t.HelmChartContainer - [K3S] [reconciler_common.go:162] "operationExecutor.UnmountVolume started for volume \"operator-init\" (UniqueName: \"kubernetes.io/empty-dir/d3095f8c-2a3d-4d34-8ca2-bccfe5d7e459-operator-init\") pod \"d3095f8c-2a3d-4d34-8ca2-bccfe5d7e459\" (UID: \"d3095f8c-2a3d-4d34-8ca2-bccfe5d7e459\") "
2025-01-30 18:34:52,855 INFO c.h.h.t.HelmChartContainer - [K3S] [reconciler_common.go:162] "operationExecutor.UnmountVolume started for volume \"kube-api-access-84tbd\" (UniqueName: \"kubernetes.io/projected/d3095f8c-2a3d-4d34-8ca2-bccfe5d7e459-kube-api-access-84tbd\") pod \"d3095f8c-2a3d-4d34-8ca2-bccfe5d7e459\" (UID: \"d3095f8c-2a3d-4d34-8ca2-bccfe5d7e459\") "
2025-01-30 18:34:52,855 INFO c.h.h.t.HelmChartContainer - [K3S] [reconciler_common.go:162] "operationExecutor.UnmountVolume started for volume \"pod-info\" (UniqueName: \"kubernetes.io/configmap/d3095f8c-2a3d-4d34-8ca2-bccfe5d7e459-pod-info\") pod \"d3095f8c-2a3d-4d34-8ca2-bccfe5d7e459\" (UID: \"d3095f8c-2a3d-4d34-8ca2-bccfe5d7e459\") "
2025-01-30 18:34:52,909 INFO c.h.h.t.HelmChartContainer - [K3S] [scope.go:117] "RemoveContainer" containerID="5978723c0f0a67c0041ec0ced5401a031cf6c0f71e42c80a61fa543bb4d3c295"
2025-01-30 18:34:52,912 INFO c.h.h.t.HelmChartContainer - [K3S] [scope.go:117] "RemoveContainer" containerID="ffb1f15a699ce79bfdc8747202ad9e98aa6c72304a3f784c3abc413028b5f9e9"
2025-01-30 18:34:52,912 INFO c.h.h.t.HelmChartContainer - [K3S] [scope.go:117] "RemoveContainer" containerID="5978723c0f0a67c0041ec0ced5401a031cf6c0f71e42c80a61fa543bb4d3c295"
2025-01-30 18:34:52,955 INFO c.h.h.t.HelmChartContainer - [K3S] [reconciler_common.go:299] "Volume detached for volume \"extension-configuration-hivemq-bridge-extension\" (UniqueName: \"kubernetes.io/configmap/d3095f8c-2a3d-4d34-8ca2-bccfe5d7e459-extension-configuration-hivemq-bridge-extension\") on node \"5374d894705a\" DevicePath \"\""
2025-01-30 18:34:52,955 INFO c.h.h.t.HelmChartContainer - [K3S] [reconciler_common.go:299] "Volume detached for volume \"operator-init\" (UniqueName: \"kubernetes.io/empty-dir/d3095f8c-2a3d-4d34-8ca2-bccfe5d7e459-operator-init\") on node \"5374d894705a\" DevicePath \"\""
2025-01-30 18:34:52,955 INFO c.h.h.t.HelmChartContainer - [K3S] [reconciler_common.go:299] "Volume detached for volume \"kube-api-access-84tbd\" (UniqueName: \"kubernetes.io/projected/d3095f8c-2a3d-4d34-8ca2-bccfe5d7e459-kube-api-access-84tbd\") on node \"5374d894705a\" DevicePath \"\""
2025-01-30 18:34:52,955 INFO c.h.h.t.HelmChartContainer - [K3S] [reconciler_common.go:299] "Volume detached for volume \"pod-info\" (UniqueName: \"kubernetes.io/configmap/d3095f8c-2a3d-4d34-8ca2-bccfe5d7e459-pod-info\") on node \"5374d894705a\" DevicePath \"\""
2025-01-30 18:34:52,955 INFO c.h.h.t.HelmChartContainer - [K3S] [reconciler_common.go:299] "Volume detached for volume \"broker-configuration\" (UniqueName: \"kubernetes.io/configmap/d3095f8c-2a3d-4d34-8ca2-bccfe5d7e459-broker-configuration\") on node \"5374d894705a\" DevicePath \"\""
2025-01-30 18:34:53,133 INFO c.h.h.t.HelmChartContainer - [POD] test-hivemq-platform-0 [d3095f8c-2a3d-4d34-8ca2-bccfe5d7e459] in helmupgradeextensionit was MODIFIED
2025-01-30 18:34:53,137 INFO c.h.h.t.HelmChartContainer - [POD] test-hivemq-platform-0 [d3095f8c-2a3d-4d34-8ca2-bccfe5d7e459] in helmupgradeextensionit was DELETED
2025-01-30 18:34:53,144 INFO c.h.h.t.HelmChartContainer - [POD] test-hivemq-platform-0 [5fd5d19d-ce30-456c-aed2-06815dd3117b] in helmupgradeextensionit was ADDED
2025-01-30 18:34:53,154 INFO c.h.h.t.HelmChartContainer - [hivemq-test-hivemq-platform] [hivemq-platform-operator] [9402e1fb] 18:34:53.147 [pool-6-thread-46] DEBUG c.h.p.o.d.PlatformServiceResource - [helmupgr] Desired Platform services (3 services)
2025-01-30 18:34:53,154 INFO c.h.h.t.HelmChartContainer - [hivemq-test-hivemq-platform] [hivemq-platform-operator] [9402e1fb] 18:34:53.147 [pool-6-thread-42] DEBUG c.h.p.o.d.PodServiceAccountResource - [helmupgr] Desired PodServiceAccountResource (serviceAccountName: hivemq-platform-pod-test-hivemq-platform)
2025-01-30 18:34:53,154 INFO c.h.h.t.HelmChartContainer - [hivemq-test-hivemq-platform] [hivemq-platform-operator] [9402e1fb] 18:34:53.148 [pool-6-thread-44] DEBUG c.h.p.o.dependants.PodInfoConfigMap - [helmupgr] Desired PodInfo ConfigMap (1 extensions) (1 enabled)
2025-01-30 18:34:53,154 INFO c.h.h.t.HelmChartContainer - [hivemq-test-hivemq-platform] [hivemq-platform-operator] [9402e1fb] 18:34:53.148 [pool-6-thread-44] DEBUG c.h.p.o.dependants.PodInfoConfigMap - [helmupgr] Desired PodInfo ConfigMap (metrics port: 9399) (metrics path: /)
2025-01-30 18:34:53,154 INFO c.h.h.t.HelmChartContainer - [hivemq-test-hivemq-platform] [hivemq-platform-operator] [9402e1fb] 18:34:53.148 [pool-6-thread-44] DEBUG c.h.p.o.dependants.PodInfoConfigMap - [helmupgr] Desired PodInfo ConfigMap (extension state hash: 610187774)
2025-01-30 18:34:53,155 INFO c.h.h.t.HelmChartContainer - [hivemq-test-hivemq-platform] [hivemq-platform-operator] [9402e1fb] 18:34:53.154 [pool-6-thread-46] DEBUG c.h.p.o.d.StatefulSetResource - [helmupgr] Desired StatefulSet (2 replicas) for status ROLLING_RESTART (RESTART_PODS_IN_PROGRESS)
2025-01-30 18:34:53,164 INFO c.h.h.t.HelmChartContainer - [hivemq-test-hivemq-platform] [hivemq-platform-operator] [9402e1fb] 18:34:53.160 [ReconcilerExecutor-hivemq-controller-146] INFO  c.h.p.o.HiveMQPlatformReconciler - [helmupgr] Reconciling HiveMQ Platform 'test-hivemq-platform' in namespace 'helmupgradeextensionit'
2025-01-30 18:34:53,165 INFO c.h.h.t.HelmChartContainer - [POD] test-hivemq-platform-0 [5fd5d19d-ce30-456c-aed2-06815dd3117b] in helmupgradeextensionit was MODIFIED
2025-01-30 18:34:53,167 INFO c.h.h.t.HelmChartContainer - [EVENT] Normal [SuccessfulCreate] create Pod test-hivemq-platform-0 in StatefulSet test-hivemq-platform successful [helmupgradeextensionit:test-hivemq-platform]
2025-01-30 18:34:53,168 INFO c.h.h.t.HelmChartContainer - [K3S] [memory_manager.go:355] "RemoveStaleState removing state" podUID="d3095f8c-2a3d-4d34-8ca2-bccfe5d7e459" containerName="hivemq"
2025-01-30 18:34:53,170 INFO c.h.h.t.HelmChartContainer - [hivemq-test-hivemq-platform] [hivemq-platform-operator] [9402e1fb] 18:34:53.160 [ReconcilerExecutor-hivemq-controller-146] DEBUG c.h.p.o.HiveMQPlatformReconciler - [helmupgr] Custom Resource Status ROLLING_RESTART - HiveMQ Platform is restarting Pods (rolling restart) (RESTART_PODS_IN_PROGRESS)
2025-01-30 18:34:53,176 INFO c.h.h.t.HelmChartContainer - [hivemq-test-hivemq-platform] [hivemq-platform-operator] [9402e1fb] 18:34:53.160 [ReconcilerExecutor-hivemq-controller-146] DEBUG c.h.p.o.HiveMQPlatformReconciler - [helmupgr] Custom Resource Spec (replicas: 1) (extensions: 1)
2025-01-30 18:34:53,176 INFO c.h.h.t.HelmChartContainer - [hivemq-test-hivemq-platform] [hivemq-platform-operator] [9402e1fb] 18:34:53.162 [ReconcilerExecutor-hivemq-controller-146] DEBUG c.h.p.o.HiveMQPlatformReconciler - [helmupgr] StatefulSet Status (revision: test-hivemq-platform-7c6d7d4d7b, replicas: 2, available: 1, ready: 1, current: 0, updated: 1)
2025-01-30 18:34:53,176 INFO c.h.h.t.HelmChartContainer - [hivemq-test-hivemq-platform] [hivemq-platform-operator] [9402e1fb] 18:34:53.162 [ReconcilerExecutor-hivemq-controller-146] DEBUG c.h.p.o.HiveMQPlatformReconciler - [helmupgr] StatefulSet Spec (replicas: 2, init containers: 1, containers: 1, volumes: 4)
2025-01-30 18:34:53,177 INFO c.h.h.t.HelmChartContainer - [hivemq-test-hivemq-platform] [hivemq-platform-operator] [9402e1fb] 18:34:53.166 [ReconcilerExecutor-hivemq-controller-146] DEBUG c.h.p.o.h.HiveMQPlatformReconcilerErrorHandler - [helmupgr] Pod 'test-hivemq-platform-1' phase Running
2025-01-30 18:34:53,177 INFO c.h.h.t.HelmChartContainer - [hivemq-test-hivemq-platform] [hivemq-platform-operator] [9402e1fb] 18:34:53.166 [ReconcilerExecutor-hivemq-controller-146] DEBUG c.h.p.o.h.HiveMQPlatformReconcilerErrorHandler - [helmupgr] Pod 'test-hivemq-platform-0' phase Pending
2025-01-30 18:34:53,177 INFO c.h.h.t.HelmChartContainer - [hivemq-test-hivemq-platform] [hivemq-platform-operator] [9402e1fb] 18:34:53.167 [ReconcilerExecutor-hivemq-controller-146] DEBUG c.h.p.o.h.HiveMQPlatformReconcilerRollingRestartHandler - [helmupgr] Rolling restart is waiting for 1 of 2 replicas
2025-01-30 18:34:53,179 INFO c.h.h.t.HelmChartContainer - [EVENT] Normal [Scheduled] Successfully assigned helmupgradeextensionit/test-hivemq-platform-0 to 5374d894705a [helmupgradeextensionit:test-hivemq-platform-0]
2025-01-30 18:34:53,186 INFO c.h.h.t.HelmChartContainer - [POD] test-hivemq-platform-0 [5fd5d19d-ce30-456c-aed2-06815dd3117b] in helmupgradeextensionit was MODIFIED
2025-01-30 18:34:53,247 INFO c.h.h.t.HelmChartContainer - [hivemq-test-hivemq-platform] [hivemq-platform-operator] [9402e1fb] 18:34:53.243 [pool-6-thread-6] DEBUG c.h.p.o.d.PlatformServiceResource - [helmupgr] Desired Platform services (3 services)
2025-01-30 18:34:53,250 INFO c.h.h.t.HelmChartContainer - [hivemq-test-hivemq-platform] [hivemq-platform-operator] [9402e1fb] 18:34:53.244 [pool-6-thread-9] DEBUG c.h.p.o.dependants.PodInfoConfigMap - [helmupgr] Desired PodInfo ConfigMap (1 extensions) (1 enabled)
2025-01-30 18:34:53,250 INFO c.h.h.t.HelmChartContainer - [hivemq-test-hivemq-platform] [hivemq-platform-operator] [9402e1fb] 18:34:53.245 [pool-6-thread-9] DEBUG c.h.p.o.dependants.PodInfoConfigMap - [helmupgr] Desired PodInfo ConfigMap (metrics port: 9399) (metrics path: /)
2025-01-30 18:34:53,250 INFO c.h.h.t.HelmChartContainer - [hivemq-test-hivemq-platform] [hivemq-platform-operator] [9402e1fb] 18:34:53.245 [pool-6-thread-9] DEBUG c.h.p.o.dependants.PodInfoConfigMap - [helmupgr] Desired PodInfo ConfigMap (extension state hash: 610187774)
2025-01-30 18:34:53,250 INFO c.h.h.t.HelmChartContainer - [hivemq-test-hivemq-platform] [hivemq-platform-operator] [9402e1fb] 18:34:53.246 [pool-6-thread-9] DEBUG c.h.p.o.d.PodServiceAccountResource - [helmupgr] Desired PodServiceAccountResource (serviceAccountName: hivemq-platform-pod-test-hivemq-platform)
2025-01-30 18:34:53,255 INFO c.h.h.t.HelmChartContainer - [hivemq-test-hivemq-platform] [hivemq-platform-operator] [9402e1fb] 18:34:53.252 [pool-6-thread-9] DEBUG c.h.p.o.d.StatefulSetResource - [helmupgr] Desired StatefulSet (2 replicas) for status ROLLING_RESTART (RESTART_PODS_IN_PROGRESS)
2025-01-30 18:34:53,256 INFO c.h.h.t.HelmChartContainer - [hivemq-test-hivemq-platform] [hivemq-platform-operator] [9402e1fb] 18:34:53.255 [ReconcilerExecutor-hivemq-controller-149] INFO  c.h.p.o.HiveMQPlatformReconciler - [helmupgr] Reconciling HiveMQ Platform 'test-hivemq-platform' in namespace 'helmupgradeextensionit'
2025-01-30 18:34:53,256 INFO c.h.h.t.HelmChartContainer - [hivemq-test-hivemq-platform] [hivemq-platform-operator] [9402e1fb] 18:34:53.255 [ReconcilerExecutor-hivemq-controller-149] DEBUG c.h.p.o.HiveMQPlatformReconciler - [helmupgr] Custom Resource Status ROLLING_RESTART - HiveMQ Platform is restarting Pods (rolling restart) (RESTART_PODS_IN_PROGRESS)
2025-01-30 18:34:53,256 INFO c.h.h.t.HelmChartContainer - [hivemq-test-hivemq-platform] [hivemq-platform-operator] [9402e1fb] 18:34:53.255 [ReconcilerExecutor-hivemq-controller-149] DEBUG c.h.p.o.HiveMQPlatformReconciler - [helmupgr] Custom Resource Spec (replicas: 1) (extensions: 1)
2025-01-30 18:34:53,259 INFO c.h.h.t.HelmChartContainer - [hivemq-test-hivemq-platform] [hivemq-platform-operator] [9402e1fb] 18:34:53.258 [ReconcilerExecutor-hivemq-controller-149] DEBUG c.h.p.o.HiveMQPlatformReconciler - [helmupgr] StatefulSet Status (revision: test-hivemq-platform-7c6d7d4d7b, replicas: 2, available: 1, ready: 1, current: 0, updated: 2)
2025-01-30 18:34:53,260 INFO c.h.h.t.HelmChartContainer - [hivemq-test-hivemq-platform] [hivemq-platform-operator] [9402e1fb] 18:34:53.259 [ReconcilerExecutor-hivemq-controller-149] DEBUG c.h.p.o.HiveMQPlatformReconciler - [helmupgr] StatefulSet Spec (replicas: 2, init containers: 1, containers: 1, volumes: 4)
2025-01-30 18:34:53,262 INFO c.h.h.t.HelmChartContainer - [hivemq-test-hivemq-platform] [hivemq-platform-operator] [9402e1fb] 18:34:53.261 [ReconcilerExecutor-hivemq-controller-149] DEBUG c.h.p.o.h.HiveMQPlatformReconcilerErrorHandler - [helmupgr] Pod 'test-hivemq-platform-1' phase Running
2025-01-30 18:34:53,265 INFO c.h.h.t.HelmChartContainer - [hivemq-test-hivemq-platform] [hivemq-platform-operator] [9402e1fb] 18:34:53.263 [ReconcilerExecutor-hivemq-controller-149] DEBUG c.h.p.o.h.HiveMQPlatformReconcilerErrorHandler - [helmupgr] Pod 'test-hivemq-platform-0' phase Pending
2025-01-30 18:34:53,266 INFO c.h.h.t.HelmChartContainer - [hivemq-test-hivemq-platform] [hivemq-platform-operator] [9402e1fb] 18:34:53.264 [ReconcilerExecutor-hivemq-controller-149] DEBUG c.h.p.o.h.HiveMQPlatformReconcilerErrorHandler - [helmupgr] Pod 'test-hivemq-platform-0' condition 'PodReadyToStartContainers': False
2025-01-30 18:34:53,266 INFO c.h.h.t.HelmChartContainer - [hivemq-test-hivemq-platform] [hivemq-platform-operator] [9402e1fb] 18:34:53.264 [ReconcilerExecutor-hivemq-controller-149] DEBUG c.h.p.o.h.HiveMQPlatformReconcilerErrorHandler - [helmupgr] Pod 'test-hivemq-platform-0' condition 'Initialized': False
2025-01-30 18:34:53,266 INFO c.h.h.t.HelmChartContainer - [hivemq-test-hivemq-platform] [hivemq-platform-operator] [9402e1fb] 18:34:53.265 [ReconcilerExecutor-hivemq-controller-149] DEBUG c.h.p.o.h.HiveMQPlatformReconcilerErrorHandler - [helmupgr] Pod 'test-hivemq-platform-0' condition 'Ready': False
2025-01-30 18:34:53,266 INFO c.h.h.t.HelmChartContainer - [hivemq-test-hivemq-platform] [hivemq-platform-operator] [9402e1fb] 18:34:53.265 [ReconcilerExecutor-hivemq-controller-149] DEBUG c.h.p.o.h.HiveMQPlatformReconcilerErrorHandler - [helmupgr] Pod 'test-hivemq-platform-0' condition 'ContainersReady': False
2025-01-30 18:34:53,266 INFO c.h.h.t.HelmChartContainer - [hivemq-test-hivemq-platform] [hivemq-platform-operator] [9402e1fb] 18:34:53.265 [ReconcilerExecutor-hivemq-controller-149] DEBUG c.h.p.o.h.HiveMQPlatformReconcilerErrorHandler - [helmupgr] Pod 'test-hivemq-platform-0' condition 'PodScheduled': True
2025-01-30 18:34:53,266 INFO c.h.h.t.HelmChartContainer - [hivemq-test-hivemq-platform] [hivemq-platform-operator] [9402e1fb] 18:34:53.266 [ReconcilerExecutor-hivemq-controller-149] DEBUG c.h.p.o.h.HiveMQPlatformReconcilerErrorHandler - [helmupgr] Pod 'test-hivemq-platform-0' containerStatus 'hivemq' (started: false) (ready: false) (waiting: [PodInitializing] null)
2025-01-30 18:34:53,268 INFO c.h.h.t.HelmChartContainer - [hivemq-test-hivemq-platform] [hivemq-platform-operator] [9402e1fb] 18:34:53.267 [ReconcilerExecutor-hivemq-controller-149] DEBUG c.h.p.o.h.HiveMQPlatformReconcilerRollingRestartHandler - [helmupgr] Rolling restart is waiting for 1 of 2 replicas
2025-01-30 18:34:53,310 INFO c.h.h.t.HelmChartContainer - [hivemq-test-hivemq-platform] [hivemq-platform-operator] [9402e1fb] 18:34:53.308 [pool-6-thread-14] DEBUG c.h.p.o.d.PlatformServiceResource - [helmupgr] Desired Platform services (3 services)
2025-01-30 18:34:53,311 INFO c.h.h.t.HelmChartContainer - [hivemq-test-hivemq-platform] [hivemq-platform-operator] [9402e1fb] 18:34:53.310 [pool-6-thread-16] DEBUG c.h.p.o.dependants.PodInfoConfigMap - [helmupgr] Desired PodInfo ConfigMap (1 extensions) (1 enabled)
2025-01-30 18:34:53,311 INFO c.h.h.t.HelmChartContainer - [hivemq-test-hivemq-platform] [hivemq-platform-operator] [9402e1fb] 18:34:53.310 [pool-6-thread-16] DEBUG c.h.p.o.dependants.PodInfoConfigMap - [helmupgr] Desired PodInfo ConfigMap (metrics port: 9399) (metrics path: /)
2025-01-30 18:34:53,311 INFO c.h.h.t.HelmChartContainer - [hivemq-test-hivemq-platform] [hivemq-platform-operator] [9402e1fb] 18:34:53.310 [pool-6-thread-16] DEBUG c.h.p.o.dependants.PodInfoConfigMap - [helmupgr] Desired PodInfo ConfigMap (extension state hash: 610187774)
2025-01-30 18:34:53,340 INFO c.h.h.t.HelmChartContainer - [hivemq-test-hivemq-platform] [hivemq-platform-operator] [9402e1fb] 18:34:53.338 [pool-6-thread-16] DEBUG c.h.p.o.d.PodServiceAccountResource - [helmupgr] Desired PodServiceAccountResource (serviceAccountName: hivemq-platform-pod-test-hivemq-platform)
2025-01-30 18:34:53,341 INFO c.h.h.t.HelmChartContainer - [hivemq-test-hivemq-platform] [hivemq-platform-operator] [9402e1fb] 18:34:53.340 [pool-6-thread-17] DEBUG c.h.p.o.d.StatefulSetResource - [helmupgr] Desired StatefulSet (2 replicas) for status ROLLING_RESTART (RESTART_PODS_IN_PROGRESS)
2025-01-30 18:34:53,344 INFO c.h.h.t.HelmChartContainer - [hivemq-test-hivemq-platform] [hivemq-platform-operator] [9402e1fb] 18:34:53.344 [ReconcilerExecutor-hivemq-controller-150] INFO  c.h.p.o.HiveMQPlatformReconciler - [helmupgr] Reconciling HiveMQ Platform 'test-hivemq-platform' in namespace 'helmupgradeextensionit'
2025-01-30 18:34:53,345 INFO c.h.h.t.HelmChartContainer - [hivemq-test-hivemq-platform] [hivemq-platform-operator] [9402e1fb] 18:34:53.344 [ReconcilerExecutor-hivemq-controller-150] DEBUG c.h.p.o.HiveMQPlatformReconciler - [helmupgr] Custom Resource Status ROLLING_RESTART - HiveMQ Platform is restarting Pods (rolling restart) (RESTART_PODS_IN_PROGRESS)
2025-01-30 18:34:53,345 INFO c.h.h.t.HelmChartContainer - [hivemq-test-hivemq-platform] [hivemq-platform-operator] [9402e1fb] 18:34:53.344 [ReconcilerExecutor-hivemq-controller-150] DEBUG c.h.p.o.HiveMQPlatformReconciler - [helmupgr] Custom Resource Spec (replicas: 1) (extensions: 1)
2025-01-30 18:34:53,346 INFO c.h.h.t.HelmChartContainer - [hivemq-test-hivemq-platform] [hivemq-platform-operator] [9402e1fb] 18:34:53.345 [ReconcilerExecutor-hivemq-controller-150] DEBUG c.h.p.o.HiveMQPlatformReconciler - [helmupgr] StatefulSet Status (revision: test-hivemq-platform-7c6d7d4d7b, replicas: 2, available: 1, ready: 1, current: 0, updated: 2)
2025-01-30 18:34:53,346 INFO c.h.h.t.HelmChartContainer - [hivemq-test-hivemq-platform] [hivemq-platform-operator] [9402e1fb] 18:34:53.345 [ReconcilerExecutor-hivemq-controller-150] DEBUG c.h.p.o.HiveMQPlatformReconciler - [helmupgr] StatefulSet Spec (replicas: 2, init containers: 1, containers: 1, volumes: 4)
2025-01-30 18:34:53,348 INFO c.h.h.t.HelmChartContainer - [hivemq-test-hivemq-platform] [hivemq-platform-operator] [9402e1fb] 18:34:53.346 [ReconcilerExecutor-hivemq-controller-150] DEBUG c.h.p.o.h.HiveMQPlatformReconcilerErrorHandler - [helmupgr] Pod 'test-hivemq-platform-1' phase Running
2025-01-30 18:34:53,349 INFO c.h.h.t.HelmChartContainer - [hivemq-test-hivemq-platform] [hivemq-platform-operator] [9402e1fb] 18:34:53.348 [ReconcilerExecutor-hivemq-controller-150] DEBUG c.h.p.o.h.HiveMQPlatformReconcilerErrorHandler - [helmupgr] Pod 'test-hivemq-platform-0' phase Pending
2025-01-30 18:34:53,349 INFO c.h.h.t.HelmChartContainer - [hivemq-test-hivemq-platform] [hivemq-platform-operator] [9402e1fb] 18:34:53.348 [ReconcilerExecutor-hivemq-controller-150] DEBUG c.h.p.o.h.HiveMQPlatformReconcilerErrorHandler - [helmupgr] Pod 'test-hivemq-platform-0' condition 'PodReadyToStartContainers': False
2025-01-30 18:34:53,349 INFO c.h.h.t.HelmChartContainer - [hivemq-test-hivemq-platform] [hivemq-platform-operator] [9402e1fb] 18:34:53.348 [ReconcilerExecutor-hivemq-controller-150] DEBUG c.h.p.o.h.HiveMQPlatformReconcilerErrorHandler - [helmupgr] Pod 'test-hivemq-platform-0' condition 'Initialized': False
2025-01-30 18:34:53,349 INFO c.h.h.t.HelmChartContainer - [hivemq-test-hivemq-platform] [hivemq-platform-operator] [9402e1fb] 18:34:53.348 [ReconcilerExecutor-hivemq-controller-150] DEBUG c.h.p.o.h.HiveMQPlatformReconcilerErrorHandler - [helmupgr] Pod 'test-hivemq-platform-0' condition 'Ready': False
2025-01-30 18:34:53,349 INFO c.h.h.t.HelmChartContainer - [hivemq-test-hivemq-platform] [hivemq-platform-operator] [9402e1fb] 18:34:53.348 [ReconcilerExecutor-hivemq-controller-150] DEBUG c.h.p.o.h.HiveMQPlatformReconcilerErrorHandler - [helmupgr] Pod 'test-hivemq-platform-0' condition 'ContainersReady': False
2025-01-30 18:34:53,349 INFO c.h.h.t.HelmChartContainer - [hivemq-test-hivemq-platform] [hivemq-platform-operator] [9402e1fb] 18:34:53.348 [ReconcilerExecutor-hivemq-controller-150] DEBUG c.h.p.o.h.HiveMQPlatformReconcilerErrorHandler - [helmupgr] Pod 'test-hivemq-platform-0' condition 'PodScheduled': True
2025-01-30 18:34:53,349 INFO c.h.h.t.HelmChartContainer - [hivemq-test-hivemq-platform] [hivemq-platform-operator] [9402e1fb] 18:34:53.348 [ReconcilerExecutor-hivemq-controller-150] DEBUG c.h.p.o.h.HiveMQPlatformReconcilerErrorHandler - [helmupgr] Pod 'test-hivemq-platform-0' containerStatus 'hivemq' (started: false) (ready: false) (waiting: [PodInitializing] null)
2025-01-30 18:34:53,351 INFO c.h.h.t.HelmChartContainer - [hivemq-test-hivemq-platform] [hivemq-platform-operator] [9402e1fb] 18:34:53.350 [ReconcilerExecutor-hivemq-controller-150] DEBUG c.h.p.o.h.HiveMQPlatformReconcilerRollingRestartHandler - [helmupgr] Rolling restart is waiting for 1 of 2 replicas
2025-01-30 18:34:53,357 INFO c.h.h.t.HelmChartContainer - [K3S] [reconciler_common.go:251] "operationExecutor.VerifyControllerAttachedVolume started for volume \"pod-info\" (UniqueName: \"kubernetes.io/configmap/5fd5d19d-ce30-456c-aed2-06815dd3117b-pod-info\") pod \"test-hivemq-platform-0\" (UID: \"5fd5d19d-ce30-456c-aed2-06815dd3117b\") " pod="helmupgradeextensionit/test-hivemq-platform-0"
2025-01-30 18:34:53,357 INFO c.h.h.t.HelmChartContainer - [K3S] [reconciler_common.go:251] "operationExecutor.VerifyControllerAttachedVolume started for volume \"broker-configuration\" (UniqueName: \"kubernetes.io/configmap/5fd5d19d-ce30-456c-aed2-06815dd3117b-broker-configuration\") pod \"test-hivemq-platform-0\" (UID: \"5fd5d19d-ce30-456c-aed2-06815dd3117b\") " pod="helmupgradeextensionit/test-hivemq-platform-0"
2025-01-30 18:34:53,358 INFO c.h.h.t.HelmChartContainer - [K3S] [reconciler_common.go:251] "operationExecutor.VerifyControllerAttachedVolume started for volume \"operator-init\" (UniqueName: \"kubernetes.io/empty-dir/5fd5d19d-ce30-456c-aed2-06815dd3117b-operator-init\") pod \"test-hivemq-platform-0\" (UID: \"5fd5d19d-ce30-456c-aed2-06815dd3117b\") " pod="helmupgradeextensionit/test-hivemq-platform-0"
2025-01-30 18:34:53,358 INFO c.h.h.t.HelmChartContainer - [K3S] [reconciler_common.go:251] "operationExecutor.VerifyControllerAttachedVolume started for volume \"extension-configuration-hivemq-bridge-extension\" (UniqueName: \"kubernetes.io/configmap/5fd5d19d-ce30-456c-aed2-06815dd3117b-extension-configuration-hivemq-bridge-extension\") pod \"test-hivemq-platform-0\" (UID: \"5fd5d19d-ce30-456c-aed2-06815dd3117b\") " pod="helmupgradeextensionit/test-hivemq-platform-0"
2025-01-30 18:34:53,358 INFO c.h.h.t.HelmChartContainer - [K3S] [reconciler_common.go:251] "operationExecutor.VerifyControllerAttachedVolume started for volume \"kube-api-access-7sczs\" (UniqueName: \"kubernetes.io/projected/5fd5d19d-ce30-456c-aed2-06815dd3117b-kube-api-access-7sczs\") pod \"test-hivemq-platform-0\" (UID: \"5fd5d19d-ce30-456c-aed2-06815dd3117b\") " pod="helmupgradeextensionit/test-hivemq-platform-0"
2025-01-30 18:34:53,566 INFO c.h.h.t.HelmChartContainer - [EVENT] Normal [Pulled] Container image "docker.io/hivemq/hivemq-platform-operator-init-test:snapshot" already present on machine [helmupgradeextensionit:test-hivemq-platform-0]
2025-01-30 18:34:53,572 INFO c.h.h.t.HelmChartContainer - [EVENT] Normal [Created] Created container: hivemq-platform-operator-init [helmupgradeextensionit:test-hivemq-platform-0]
2025-01-30 18:34:53,611 INFO c.h.h.t.HelmChartContainer - [EVENT] Normal [Started] Started container hivemq-platform-operator-init [helmupgradeextensionit:test-hivemq-platform-0]
2025-01-30 18:34:53,824 INFO c.h.h.t.HelmChartContainer - [EVENT] Normal [Pulled] Container image "docker.io/hivemq/hivemq4:4.36.0" already present on machine [helmupgradeextensionit:test-hivemq-platform-0]
2025-01-30 18:34:53,824 INFO c.h.h.t.HelmChartContainer - Received Pulled event for container hivemq in pod test-hivemq-platform-0 [5fd5d19d-ce30-456c-aed2-06815dd3117b]
2025-01-30 18:34:53,833 INFO c.h.h.t.HelmChartContainer - [POD] test-hivemq-platform-0 [5fd5d19d-ce30-456c-aed2-06815dd3117b] in helmupgradeextensionit was MODIFIED
2025-01-30 18:34:53,845 INFO c.h.h.t.HelmChartContainer - [hivemq-test-hivemq-platform] [hivemq-platform-operator] [9402e1fb] 18:34:53.837 [pool-6-thread-27] DEBUG c.h.p.o.d.PlatformServiceResource - [helmupgr] Desired Platform services (3 services)
2025-01-30 18:34:53,850 INFO c.h.h.t.HelmChartContainer - [hivemq-test-hivemq-platform] [hivemq-platform-operator] [9402e1fb] 18:34:53.839 [pool-6-thread-23] DEBUG c.h.p.o.d.PodServiceAccountResource - [helmupgr] Desired PodServiceAccountResource (serviceAccountName: hivemq-platform-pod-test-hivemq-platform)
2025-01-30 18:34:53,851 INFO c.h.h.t.HelmChartContainer - [EVENT] Normal [Created] Created container: hivemq [helmupgradeextensionit:test-hivemq-platform-0]
2025-01-30 18:34:53,851 INFO c.h.h.t.HelmChartContainer - Received Created event for container hivemq in pod test-hivemq-platform-0 [5fd5d19d-ce30-456c-aed2-06815dd3117b]
2025-01-30 18:34:53,856 INFO c.h.h.t.HelmChartContainer - [hivemq-test-hivemq-platform] [hivemq-platform-operator] [9402e1fb] 18:34:53.841 [pool-6-thread-29] DEBUG c.h.p.o.dependants.PodInfoConfigMap - [helmupgr] Desired PodInfo ConfigMap (1 extensions) (1 enabled)
2025-01-30 18:34:53,856 INFO c.h.h.t.HelmChartContainer - [hivemq-test-hivemq-platform] [hivemq-platform-operator] [9402e1fb] 18:34:53.842 [pool-6-thread-29] DEBUG c.h.p.o.dependants.PodInfoConfigMap - [helmupgr] Desired PodInfo ConfigMap (metrics port: 9399) (metrics path: /)
2025-01-30 18:34:53,856 INFO c.h.h.t.HelmChartContainer - [hivemq-test-hivemq-platform] [hivemq-platform-operator] [9402e1fb] 18:34:53.842 [pool-6-thread-29] DEBUG c.h.p.o.dependants.PodInfoConfigMap - [helmupgr] Desired PodInfo ConfigMap (extension state hash: 610187774)
2025-01-30 18:34:53,856 INFO c.h.h.t.HelmChartContainer - [hivemq-test-hivemq-platform] [hivemq-platform-operator] [9402e1fb] 18:34:53.844 [pool-6-thread-29] DEBUG c.h.p.o.d.StatefulSetResource - [helmupgr] Desired StatefulSet (2 replicas) for status ROLLING_RESTART (RESTART_PODS_IN_PROGRESS)
2025-01-30 18:34:53,856 INFO c.h.h.t.HelmChartContainer - [hivemq-test-hivemq-platform] [hivemq-platform-operator] [9402e1fb] 18:34:53.850 [ReconcilerExecutor-hivemq-controller-151] INFO  c.h.p.o.HiveMQPlatformReconciler - [helmupgr] Reconciling HiveMQ Platform 'test-hivemq-platform' in namespace 'helmupgradeextensionit'
2025-01-30 18:34:53,856 INFO c.h.h.t.HelmChartContainer - [hivemq-test-hivemq-platform] [hivemq-platform-operator] [9402e1fb] 18:34:53.850 [ReconcilerExecutor-hivemq-controller-151] DEBUG c.h.p.o.HiveMQPlatformReconciler - [helmupgr] Custom Resource Status ROLLING_RESTART - HiveMQ Platform is restarting Pods (rolling restart) (RESTART_PODS_IN_PROGRESS)
2025-01-30 18:34:53,856 INFO c.h.h.t.HelmChartContainer - [hivemq-test-hivemq-platform] [hivemq-platform-operator] [9402e1fb] 18:34:53.850 [ReconcilerExecutor-hivemq-controller-151] DEBUG c.h.p.o.HiveMQPlatformReconciler - [helmupgr] Custom Resource Spec (replicas: 1) (extensions: 1)
2025-01-30 18:34:53,856 INFO c.h.h.t.HelmChartContainer - [hivemq-test-hivemq-platform] [hivemq-platform-operator] [9402e1fb] 18:34:53.851 [ReconcilerExecutor-hivemq-controller-151] DEBUG c.h.p.o.HiveMQPlatformReconciler - [helmupgr] StatefulSet Status (revision: test-hivemq-platform-7c6d7d4d7b, replicas: 2, available: 1, ready: 1, current: 0, updated: 2)
2025-01-30 18:34:53,856 INFO c.h.h.t.HelmChartContainer - [hivemq-test-hivemq-platform] [hivemq-platform-operator] [9402e1fb] 18:34:53.851 [ReconcilerExecutor-hivemq-controller-151] DEBUG c.h.p.o.HiveMQPlatformReconciler - [helmupgr] StatefulSet Spec (replicas: 2, init containers: 1, containers: 1, volumes: 4)
2025-01-30 18:34:53,871 INFO c.h.h.t.HelmChartContainer - [hivemq-test-hivemq-platform] [hivemq-platform-operator] [9402e1fb] 18:34:53.857 [ReconcilerExecutor-hivemq-controller-151] DEBUG c.h.p.o.h.HiveMQPlatformReconcilerErrorHandler - [helmupgr] Pod 'test-hivemq-platform-1' phase Running
2025-01-30 18:34:53,872 INFO c.h.h.t.HelmChartContainer - [hivemq-test-hivemq-platform] [hivemq-platform-operator] [9402e1fb] 18:34:53.858 [ReconcilerExecutor-hivemq-controller-151] DEBUG c.h.p.o.h.HiveMQPlatformReconcilerErrorHandler - [helmupgr] Pod 'test-hivemq-platform-0' phase Pending
2025-01-30 18:34:53,872 INFO c.h.h.t.HelmChartContainer - [hivemq-test-hivemq-platform] [hivemq-platform-operator] [9402e1fb] 18:34:53.858 [ReconcilerExecutor-hivemq-controller-151] DEBUG c.h.p.o.h.HiveMQPlatformReconcilerErrorHandler - [helmupgr] Pod 'test-hivemq-platform-0' condition 'PodReadyToStartContainers': True
2025-01-30 18:34:53,872 INFO c.h.h.t.HelmChartContainer - [hivemq-test-hivemq-platform] [hivemq-platform-operator] [9402e1fb] 18:34:53.858 [ReconcilerExecutor-hivemq-controller-151] DEBUG c.h.p.o.h.HiveMQPlatformReconcilerErrorHandler - [helmupgr] Pod 'test-hivemq-platform-0' condition 'Initialized': True
2025-01-30 18:34:53,872 INFO c.h.h.t.HelmChartContainer - [hivemq-test-hivemq-platform] [hivemq-platform-operator] [9402e1fb] 18:34:53.858 [ReconcilerExecutor-hivemq-controller-151] DEBUG c.h.p.o.h.HiveMQPlatformReconcilerErrorHandler - [helmupgr] Pod 'test-hivemq-platform-0' condition 'Ready': False
2025-01-30 18:34:53,872 INFO c.h.h.t.HelmChartContainer - [hivemq-test-hivemq-platform] [hivemq-platform-operator] [9402e1fb] 18:34:53.858 [ReconcilerExecutor-hivemq-controller-151] DEBUG c.h.p.o.h.HiveMQPlatformReconcilerErrorHandler - [helmupgr] Pod 'test-hivemq-platform-0' condition 'ContainersReady': False
2025-01-30 18:34:53,872 INFO c.h.h.t.HelmChartContainer - [hivemq-test-hivemq-platform] [hivemq-platform-operator] [9402e1fb] 18:34:53.858 [ReconcilerExecutor-hivemq-controller-151] DEBUG c.h.p.o.h.HiveMQPlatformReconcilerErrorHandler - [helmupgr] Pod 'test-hivemq-platform-0' condition 'PodScheduled': True
2025-01-30 18:34:53,872 INFO c.h.h.t.HelmChartContainer - [hivemq-test-hivemq-platform] [hivemq-platform-operator] [9402e1fb] 18:34:53.858 [ReconcilerExecutor-hivemq-controller-151] DEBUG c.h.p.o.h.HiveMQPlatformReconcilerErrorHandler - [helmupgr] Pod 'test-hivemq-platform-0' containerStatus 'hivemq' (started: false) (ready: false) (waiting: [PodInitializing] null)
2025-01-30 18:34:53,872 INFO c.h.h.t.HelmChartContainer - [hivemq-test-hivemq-platform] [hivemq-platform-operator] [9402e1fb] 18:34:53.859 [ReconcilerExecutor-hivemq-controller-151] DEBUG c.h.p.o.h.HiveMQPlatformReconcilerRollingRestartHandler - [helmupgr] Rolling restart is waiting for 1 of 2 replicas
2025-01-30 18:34:54,188 INFO c.h.h.t.HelmChartContainer - [K3S] [kubelet_volumes.go:163] "Cleaned up orphaned pod volumes dir" podUID="d3095f8c-2a3d-4d34-8ca2-bccfe5d7e459" path="/var/lib/kubelet/pods/d3095f8c-2a3d-4d34-8ca2-bccfe5d7e459/volumes"
2025-01-30 18:34:54,834 INFO c.h.h.t.HelmChartContainer - [POD] test-hivemq-platform-0 [5fd5d19d-ce30-456c-aed2-06815dd3117b] in helmupgradeextensionit was MODIFIED
2025-01-30 18:34:54,844 INFO c.h.h.t.HelmChartContainer - [hivemq-test-hivemq-platform] [hivemq-platform-operator] [9402e1fb] 18:34:54.841 [pool-6-thread-35] DEBUG c.h.p.o.d.PlatformServiceResource - [helmupgr] Desired Platform services (3 services)
2025-01-30 18:34:54,849 INFO c.h.h.t.HelmChartContainer - [hivemq-test-hivemq-platform] [hivemq-platform-operator] [9402e1fb] 18:34:54.846 [pool-6-thread-33] DEBUG c.h.p.o.dependants.PodInfoConfigMap - [helmupgr] Desired PodInfo ConfigMap (1 extensions) (1 enabled)
2025-01-30 18:34:54,850 INFO c.h.h.t.HelmChartContainer - [hivemq-test-hivemq-platform] [hivemq-platform-operator] [9402e1fb] 18:34:54.848 [pool-6-thread-33] DEBUG c.h.p.o.dependants.PodInfoConfigMap - [helmupgr] Desired PodInfo ConfigMap (metrics port: 9399) (metrics path: /)
2025-01-30 18:34:54,851 INFO c.h.h.t.HelmChartContainer - [hivemq-test-hivemq-platform] [hivemq-platform-operator] [9402e1fb] 18:34:54.848 [pool-6-thread-33] DEBUG c.h.p.o.dependants.PodInfoConfigMap - [helmupgr] Desired PodInfo ConfigMap (extension state hash: 610187774)
2025-01-30 18:34:54,853 INFO c.h.h.t.HelmChartContainer - [hivemq-test-hivemq-platform] [hivemq-platform-operator] [9402e1fb] 18:34:54.848 [pool-6-thread-37] DEBUG c.h.p.o.d.PodServiceAccountResource - [helmupgr] Desired PodServiceAccountResource (serviceAccountName: hivemq-platform-pod-test-hivemq-platform)
2025-01-30 18:34:54,854 INFO c.h.h.t.HelmChartContainer - [EVENT] Normal [Started] Started container hivemq [helmupgradeextensionit:test-hivemq-platform-0]
2025-01-30 18:34:54,854 INFO c.h.h.t.HelmChartContainer - Started log watcher for hivemq in pod test-hivemq-platform-0 [5fd5d19d-ce30-456c-aed2-06815dd3117b]
2025-01-30 18:34:54,854 INFO c.h.h.t.HelmChartContainer - Received Started event for container hivemq in pod test-hivemq-platform-0 [5fd5d19d-ce30-456c-aed2-06815dd3117b]
2025-01-30 18:34:54,854 INFO c.h.h.t.HelmChartContainer - [test-hivemq-platform] [hivemq] [5fd5d19d] Adding pre-installed HiveMQ Platform Operator extensions
2025-01-30 18:34:54,854 INFO c.h.h.t.HelmChartContainer - [test-hivemq-platform] [hivemq] [5fd5d19d] Running as user 10000
2025-01-30 18:34:54,854 INFO c.h.h.t.HelmChartContainer - [test-hivemq-platform] [hivemq] [5fd5d19d] Starting HiveMQ Platform Operator Init
2025-01-30 18:34:54,855 INFO c.h.h.t.HelmChartContainer - [hivemq-test-hivemq-platform] [hivemq-platform-operator] [9402e1fb] 18:34:54.854 [pool-6-thread-35] DEBUG c.h.p.o.d.StatefulSetResource - [helmupgr] Desired StatefulSet (2 replicas) for status ROLLING_RESTART (RESTART_PODS_IN_PROGRESS)
2025-01-30 18:34:54,859 INFO c.h.h.t.HelmChartContainer - [hivemq-test-hivemq-platform] [hivemq-platform-operator] [9402e1fb] 18:34:54.857 [ReconcilerExecutor-hivemq-controller-152] INFO  c.h.p.o.HiveMQPlatformReconciler - [helmupgr] Reconciling HiveMQ Platform 'test-hivemq-platform' in namespace 'helmupgradeextensionit'
2025-01-30 18:34:54,859 INFO c.h.h.t.HelmChartContainer - [hivemq-test-hivemq-platform] [hivemq-platform-operator] [9402e1fb] 18:34:54.857 [ReconcilerExecutor-hivemq-controller-152] DEBUG c.h.p.o.HiveMQPlatformReconciler - [helmupgr] Custom Resource Status ROLLING_RESTART - HiveMQ Platform is restarting Pods (rolling restart) (RESTART_PODS_IN_PROGRESS)
2025-01-30 18:34:54,859 INFO c.h.h.t.HelmChartContainer - [hivemq-test-hivemq-platform] [hivemq-platform-operator] [9402e1fb] 18:34:54.857 [ReconcilerExecutor-hivemq-controller-152] DEBUG c.h.p.o.HiveMQPlatformReconciler - [helmupgr] Custom Resource Spec (replicas: 1) (extensions: 1)
2025-01-30 18:34:54,864 INFO c.h.h.t.HelmChartContainer - [hivemq-test-hivemq-platform] [hivemq-platform-operator] [9402e1fb] 18:34:54.861 [ReconcilerExecutor-hivemq-controller-152] DEBUG c.h.p.o.HiveMQPlatformReconciler - [helmupgr] StatefulSet Status (revision: test-hivemq-platform-7c6d7d4d7b, replicas: 2, available: 1, ready: 1, current: 0, updated: 2)
2025-01-30 18:34:54,864 INFO c.h.h.t.HelmChartContainer - [hivemq-test-hivemq-platform] [hivemq-platform-operator] [9402e1fb] 18:34:54.861 [ReconcilerExecutor-hivemq-controller-152] DEBUG c.h.p.o.HiveMQPlatformReconciler - [helmupgr] StatefulSet Spec (replicas: 2, init containers: 1, containers: 1, volumes: 4)
2025-01-30 18:34:54,864 INFO c.h.h.t.HelmChartContainer - [hivemq-test-hivemq-platform] [hivemq-platform-operator] [9402e1fb] 18:34:54.863 [ReconcilerExecutor-hivemq-controller-152] DEBUG c.h.p.o.h.HiveMQPlatformReconcilerErrorHandler - [helmupgr] Pod 'test-hivemq-platform-1' phase Running
2025-01-30 18:34:54,866 INFO c.h.h.t.HelmChartContainer - [hivemq-test-hivemq-platform] [hivemq-platform-operator] [9402e1fb] 18:34:54.865 [ReconcilerExecutor-hivemq-controller-152] DEBUG c.h.p.o.h.HiveMQPlatformReconcilerErrorHandler - [helmupgr] Pod 'test-hivemq-platform-0' phase Running
2025-01-30 18:34:54,867 INFO c.h.h.t.HelmChartContainer - [hivemq-test-hivemq-platform] [hivemq-platform-operator] [9402e1fb] 18:34:54.865 [ReconcilerExecutor-hivemq-controller-152] DEBUG c.h.p.o.h.HiveMQPlatformReconcilerRollingRestartHandler - [helmupgr] Rolling restart is waiting for 1 of 2 replicas
2025-01-30 18:34:55,111 INFO c.h.h.t.HelmChartContainer - [test-hivemq-platform] [hivemq] [5fd5d19d] INFO  - [HiveMQ Platform Operator Init 1.7.0-SNAPSHOT] HiveMQ Platform Operator Init 1.7.0-SNAPSHOT (commit: 47e3375 on branch: HEAD) built on Thu Jan 30 03:55:50 UTC 2025
2025-01-30 18:34:55,242 INFO c.h.h.t.HelmChartContainer - [test-hivemq-platform] [hivemq] [39d6c376] WARN  - Bridge Extension: Connect to bridge 'testbridge' failed for the 3 time, reason: connection timed out after 10000 ms: /172.17.0.3:1883
2025-01-30 18:34:55,426 INFO c.h.h.t.HelmChartContainer - [test-hivemq-platform] [hivemq] [39d6c376] WARN  - Bridge Extension: Connect to bridge 'testbridge' failed for the 3 time, reason: connection timed out after 10000 ms: /172.17.0.3:1883
2025-01-30 18:34:56,310 INFO c.h.h.t.HelmChartContainer - [test-hivemq-platform] [hivemq] [5fd5d19d] INFO  - [HiveMQ Platform Operator Init App 1.7.0-SNAPSHOT] Using bind address 10.42.0.10 from environment variable
2025-01-30 18:34:57,121 INFO c.h.h.t.HelmChartContainer - [test-hivemq-platform] [hivemq] [5fd5d19d] INFO  - [HiveMQ Platform Operator Init App 1.7.0-SNAPSHOT] HiveMQ Platform Operator Init App 1.7.0-SNAPSHOT (commit: 47e3375 on branch: HEAD) built on Thu Jan 30 03:55:50 UTC 2025
2025-01-30 18:34:57,122 INFO c.h.h.t.HelmChartContainer - [test-hivemq-platform] [hivemq] [5fd5d19d] INFO  - [HiveMQ Platform Operator Init App 1.7.0-SNAPSHOT] PodInfo ConfigMap directory: /etc/podinfo
2025-01-30 18:34:57,122 INFO c.h.h.t.HelmChartContainer - [test-hivemq-platform] [hivemq] [5fd5d19d] INFO  - [HiveMQ Platform Operator Init App 1.7.0-SNAPSHOT] HiveMQ home directory: /opt/hivemq
2025-01-30 18:34:57,122 INFO c.h.h.t.HelmChartContainer - [test-hivemq-platform] [hivemq] [5fd5d19d] INFO  - [HiveMQ Platform Operator Init App 1.7.0-SNAPSHOT] HiveMQ Logback folder: /opt/hivemq/conf
2025-01-30 18:34:57,122 INFO c.h.h.t.HelmChartContainer - [test-hivemq-platform] [hivemq] [5fd5d19d] INFO  - [HiveMQ Platform Operator Init App 1.7.0-SNAPSHOT] HiveMQ Config folder: /opt/hivemq/conf-k8s
2025-01-30 18:34:57,123 INFO c.h.h.t.HelmChartContainer - [test-hivemq-platform] [hivemq] [5fd5d19d] INFO  - [HiveMQ Platform Operator Init App 1.7.0-SNAPSHOT] Starting HiveMQ Platform Operator Init App
2025-01-30 18:34:57,124 INFO c.h.h.t.HelmChartContainer - [test-hivemq-platform] [hivemq] [5fd5d19d] INFO  - [HiveMQ Platform Operator Init App 1.7.0-SNAPSHOT] Starting Pod reconciler
2025-01-30 18:34:58,503 INFO c.h.h.t.HelmChartContainer - [test-hivemq-platform] [hivemq] [5fd5d19d] INFO  - [HiveMQ Platform Operator Init App 1.7.0-SNAPSHOT] Pod reconciler is scheduled (interval: 5000 ms)
2025-01-30 18:34:58,504 INFO c.h.h.t.HelmChartContainer - [test-hivemq-platform] [hivemq] [5fd5d19d] INFO  - [HiveMQ Platform Operator Init App 1.7.0-SNAPSHOT] Starting the REST API on 10.42.0.10:7979
2025-01-30 18:34:58,506 INFO c.h.h.t.HelmChartContainer - [test-hivemq-platform] [hivemq] [5fd5d19d] INFO  - [HiveMQ Platform Operator Init App 1.7.0-SNAPSHOT] Waiting up to 600s for at most 2 HiveMQ nodes in cluster service hivemq-test-hivemq-platform-cluster.helmupgradeextensionit.svc
2025-01-30 18:34:58,820 INFO c.h.h.t.HelmChartContainer - [test-hivemq-platform] [hivemq] [5fd5d19d] INFO  - [HiveMQ Platform Operator Init App 1.7.0-SNAPSHOT] Resolved 2 IP addresses: [10.42.0.9, 10.42.0.10]
2025-01-30 18:34:58,821 INFO c.h.h.t.HelmChartContainer - [test-hivemq-platform] [hivemq] [5fd5d19d] INFO  - [HiveMQ Platform Operator Init App 1.7.0-SNAPSHOT] HiveMQ node count of 2 is within threshold of 2
2025-01-30 18:34:58,821 INFO c.h.h.t.HelmChartContainer - [test-hivemq-platform] [hivemq] [5fd5d19d] INFO  - [HiveMQ Platform Operator Init App 1.7.0-SNAPSHOT] Waiting 15s for previous shutdown replication to finish...
2025-01-30 18:35:00,832 INFO c.h.h.t.HelmChartContainer - [test-hivemq-platform] [hivemq] [5fd5d19d] INFO  - [HiveMQ Platform Operator Init App 1.7.0-SNAPSHOT] Returning default Health API response 503 for readiness
2025-01-30 18:35:00,912 INFO c.h.h.t.HelmChartContainer - [EVENT] Warning [Unhealthy] Readiness probe failed: HTTP probe failed with statuscode: 503 [helmupgradeextensionit:test-hivemq-platform-0]
2025-01-30 18:35:00,912 INFO c.h.h.t.HelmChartContainer - Received Unhealthy event for container hivemq in pod test-hivemq-platform-0 [5fd5d19d-ce30-456c-aed2-06815dd3117b]
2025-01-30 18:35:04,871 INFO c.h.h.t.HelmChartContainer - [hivemq-test-hivemq-platform] [hivemq-platform-operator] [9402e1fb] 18:35:04.868 [pool-6-thread-42] DEBUG c.h.p.o.d.PlatformServiceResource - [helmupgr] Desired Platform services (3 services)
2025-01-30 18:35:04,871 INFO c.h.h.t.HelmChartContainer - [hivemq-test-hivemq-platform] [hivemq-platform-operator] [9402e1fb] 18:35:04.869 [pool-6-thread-44] DEBUG c.h.p.o.d.PodServiceAccountResource - [helmupgr] Desired PodServiceAccountResource (serviceAccountName: hivemq-platform-pod-test-hivemq-platform)
2025-01-30 18:35:04,871 INFO c.h.h.t.HelmChartContainer - [hivemq-test-hivemq-platform] [hivemq-platform-operator] [9402e1fb] 18:35:04.870 [pool-6-thread-48] DEBUG c.h.p.o.dependants.PodInfoConfigMap - [helmupgr] Desired PodInfo ConfigMap (1 extensions) (1 enabled)
2025-01-30 18:35:04,871 INFO c.h.h.t.HelmChartContainer - [hivemq-test-hivemq-platform] [hivemq-platform-operator] [9402e1fb] 18:35:04.870 [pool-6-thread-48] DEBUG c.h.p.o.dependants.PodInfoConfigMap - [helmupgr] Desired PodInfo ConfigMap (metrics port: 9399) (metrics path: /)
2025-01-30 18:35:04,871 INFO c.h.h.t.HelmChartContainer - [hivemq-test-hivemq-platform] [hivemq-platform-operator] [9402e1fb] 18:35:04.870 [pool-6-thread-48] DEBUG c.h.p.o.dependants.PodInfoConfigMap - [helmupgr] Desired PodInfo ConfigMap (extension state hash: 610187774)
2025-01-30 18:35:04,873 INFO c.h.h.t.HelmChartContainer - [hivemq-test-hivemq-platform] [hivemq-platform-operator] [9402e1fb] 18:35:04.873 [pool-6-thread-46] DEBUG c.h.p.o.d.StatefulSetResource - [helmupgr] Desired StatefulSet (2 replicas) for status ROLLING_RESTART (RESTART_PODS_IN_PROGRESS)
2025-01-30 18:35:04,875 INFO c.h.h.t.HelmChartContainer - [hivemq-test-hivemq-platform] [hivemq-platform-operator] [9402e1fb] 18:35:04.875 [ReconcilerExecutor-hivemq-controller-153] INFO  c.h.p.o.HiveMQPlatformReconciler - [helmupgr] Reconciling HiveMQ Platform 'test-hivemq-platform' in namespace 'helmupgradeextensionit'
2025-01-30 18:35:04,876 INFO c.h.h.t.HelmChartContainer - [hivemq-test-hivemq-platform] [hivemq-platform-operator] [9402e1fb] 18:35:04.875 [ReconcilerExecutor-hivemq-controller-153] DEBUG c.h.p.o.HiveMQPlatformReconciler - [helmupgr] Custom Resource Status ROLLING_RESTART - HiveMQ Platform is restarting Pods (rolling restart) (RESTART_PODS_IN_PROGRESS)
2025-01-30 18:35:04,877 INFO c.h.h.t.HelmChartContainer - [hivemq-test-hivemq-platform] [hivemq-platform-operator] [9402e1fb] 18:35:04.875 [ReconcilerExecutor-hivemq-controller-153] DEBUG c.h.p.o.HiveMQPlatformReconciler - [helmupgr] Custom Resource Spec (replicas: 1) (extensions: 1)
2025-01-30 18:35:04,878 INFO c.h.h.t.HelmChartContainer - [hivemq-test-hivemq-platform] [hivemq-platform-operator] [9402e1fb] 18:35:04.877 [ReconcilerExecutor-hivemq-controller-153] DEBUG c.h.p.o.HiveMQPlatformReconciler - [helmupgr] StatefulSet Status (revision: test-hivemq-platform-7c6d7d4d7b, replicas: 2, available: 1, ready: 1, current: 0, updated: 2)
2025-01-30 18:35:04,878 INFO c.h.h.t.HelmChartContainer - [hivemq-test-hivemq-platform] [hivemq-platform-operator] [9402e1fb] 18:35:04.877 [ReconcilerExecutor-hivemq-controller-153] DEBUG c.h.p.o.HiveMQPlatformReconciler - [helmupgr] StatefulSet Spec (replicas: 2, init containers: 1, containers: 1, volumes: 4)
2025-01-30 18:35:04,879 INFO c.h.h.t.HelmChartContainer - [hivemq-test-hivemq-platform] [hivemq-platform-operator] [9402e1fb] 18:35:04.878 [ReconcilerExecutor-hivemq-controller-153] DEBUG c.h.p.o.h.HiveMQPlatformReconcilerErrorHandler - [helmupgr] Pod 'test-hivemq-platform-1' phase Running
2025-01-30 18:35:04,880 INFO c.h.h.t.HelmChartContainer - [hivemq-test-hivemq-platform] [hivemq-platform-operator] [9402e1fb] 18:35:04.879 [ReconcilerExecutor-hivemq-controller-153] DEBUG c.h.p.o.h.HiveMQPlatformReconcilerErrorHandler - [helmupgr] Pod 'test-hivemq-platform-0' phase Running
2025-01-30 18:35:04,880 INFO c.h.h.t.HelmChartContainer - [hivemq-test-hivemq-platform] [hivemq-platform-operator] [9402e1fb] 18:35:04.880 [ReconcilerExecutor-hivemq-controller-153] DEBUG c.h.p.o.h.HiveMQPlatformReconcilerRollingRestartHandler - [helmupgr] Rolling restart is waiting for 1 of 2 replicas
2025-01-30 18:35:05,911 INFO c.h.h.t.HelmChartContainer - [EVENT] Warning [Unhealthy] Readiness probe failed: HTTP probe failed with statuscode: 503 [helmupgradeextensionit:test-hivemq-platform-0]
2025-01-30 18:35:05,911 INFO c.h.h.t.HelmChartContainer - Received Unhealthy event for container hivemq in pod test-hivemq-platform-0 [5fd5d19d-ce30-456c-aed2-06815dd3117b]
2025-01-30 18:35:06,300 INFO c.h.h.t.HelmChartContainer - [test-hivemq-platform] [hivemq] [5fd5d19d] INFO  - [HiveMQ Platform Operator Init App 1.7.0-SNAPSHOT] Updating Pod HiveMQ Platform Operator Init App version annotation (version: 1.7.0-SNAPSHOT)
2025-01-30 18:35:06,624 INFO c.h.h.t.HelmChartContainer - [EVENT] Warning [Unhealthy] Readiness probe failed: HTTP probe failed with statuscode: 503 [helmupgradeextensionit:test-hivemq-platform-0]
2025-01-30 18:35:06,624 INFO c.h.h.t.HelmChartContainer - [POD] test-hivemq-platform-0 [5fd5d19d-ce30-456c-aed2-06815dd3117b] in helmupgradeextensionit was MODIFIED
2025-01-30 18:35:06,624 INFO c.h.h.t.HelmChartContainer - Received Unhealthy event for container hivemq in pod test-hivemq-platform-0 [5fd5d19d-ce30-456c-aed2-06815dd3117b]
2025-01-30 18:35:06,626 INFO c.h.h.t.HelmChartContainer - [hivemq-test-hivemq-platform] [hivemq-platform-operator] [9402e1fb] 18:35:06.622 [pool-6-thread-3] DEBUG c.h.p.o.d.PlatformServiceResource - [helmupgr] Desired Platform services (3 services)
2025-01-30 18:35:06,630 INFO c.h.h.t.HelmChartContainer - [hivemq-test-hivemq-platform] [hivemq-platform-operator] [9402e1fb] 18:35:06.626 [pool-6-thread-7] DEBUG c.h.p.o.dependants.PodInfoConfigMap - [helmupgr] Desired PodInfo ConfigMap (1 extensions) (1 enabled)
2025-01-30 18:35:06,630 INFO c.h.h.t.HelmChartContainer - [hivemq-test-hivemq-platform] [hivemq-platform-operator] [9402e1fb] 18:35:06.626 [pool-6-thread-7] DEBUG c.h.p.o.dependants.PodInfoConfigMap - [helmupgr] Desired PodInfo ConfigMap (metrics port: 9399) (metrics path: /)
2025-01-30 18:35:06,630 INFO c.h.h.t.HelmChartContainer - [hivemq-test-hivemq-platform] [hivemq-platform-operator] [9402e1fb] 18:35:06.626 [pool-6-thread-7] DEBUG c.h.p.o.dependants.PodInfoConfigMap - [helmupgr] Desired PodInfo ConfigMap (extension state hash: 610187774)
2025-01-30 18:35:06,630 INFO c.h.h.t.HelmChartContainer - [hivemq-test-hivemq-platform] [hivemq-platform-operator] [9402e1fb] 18:35:06.627 [pool-6-thread-4] DEBUG c.h.p.o.d.PodServiceAccountResource - [helmupgr] Desired PodServiceAccountResource (serviceAccountName: hivemq-platform-pod-test-hivemq-platform)
2025-01-30 18:35:06,631 INFO c.h.h.t.HelmChartContainer - [test-hivemq-platform] [hivemq] [5fd5d19d] INFO  - [HiveMQ Platform Operator Init App 1.7.0-SNAPSHOT] Successfully updated Pod HiveMQ Platform Operator Init App version annotation (version: 1.7.0-SNAPSHOT)
2025-01-30 18:35:06,633 INFO c.h.h.t.HelmChartContainer - [hivemq-test-hivemq-platform] [hivemq-platform-operator] [9402e1fb] 18:35:06.633 [pool-6-thread-1] DEBUG c.h.p.o.d.StatefulSetResource - [helmupgr] Desired StatefulSet (2 replicas) for status ROLLING_RESTART (RESTART_PODS_IN_PROGRESS)
2025-01-30 18:35:06,639 INFO c.h.h.t.HelmChartContainer - [hivemq-test-hivemq-platform] [hivemq-platform-operator] [9402e1fb] 18:35:06.636 [ReconcilerExecutor-hivemq-controller-154] INFO  c.h.p.o.HiveMQPlatformReconciler - [helmupgr] Reconciling HiveMQ Platform 'test-hivemq-platform' in namespace 'helmupgradeextensionit'
2025-01-30 18:35:06,639 INFO c.h.h.t.HelmChartContainer - [hivemq-test-hivemq-platform] [hivemq-platform-operator] [9402e1fb] 18:35:06.637 [ReconcilerExecutor-hivemq-controller-154] DEBUG c.h.p.o.HiveMQPlatformReconciler - [helmupgr] Custom Resource Status ROLLING_RESTART - HiveMQ Platform is restarting Pods (rolling restart) (RESTART_PODS_IN_PROGRESS)
2025-01-30 18:35:06,639 INFO c.h.h.t.HelmChartContainer - [hivemq-test-hivemq-platform] [hivemq-platform-operator] [9402e1fb] 18:35:06.637 [ReconcilerExecutor-hivemq-controller-154] DEBUG c.h.p.o.HiveMQPlatformReconciler - [helmupgr] Custom Resource Spec (replicas: 1) (extensions: 1)
2025-01-30 18:35:06,639 INFO c.h.h.t.HelmChartContainer - [hivemq-test-hivemq-platform] [hivemq-platform-operator] [9402e1fb] 18:35:06.638 [ReconcilerExecutor-hivemq-controller-154] DEBUG c.h.p.o.HiveMQPlatformReconciler - [helmupgr] StatefulSet Status (revision: test-hivemq-platform-7c6d7d4d7b, replicas: 2, available: 1, ready: 1, current: 0, updated: 2)
2025-01-30 18:35:06,639 INFO c.h.h.t.HelmChartContainer - [hivemq-test-hivemq-platform] [hivemq-platform-operator] [9402e1fb] 18:35:06.638 [ReconcilerExecutor-hivemq-controller-154] DEBUG c.h.p.o.HiveMQPlatformReconciler - [helmupgr] StatefulSet Spec (replicas: 2, init containers: 1, containers: 1, volumes: 4)
2025-01-30 18:35:06,640 INFO c.h.h.t.HelmChartContainer - [hivemq-test-hivemq-platform] [hivemq-platform-operator] [9402e1fb] 18:35:06.639 [ReconcilerExecutor-hivemq-controller-154] DEBUG c.h.p.o.h.HiveMQPlatformReconcilerErrorHandler - [helmupgr] Pod 'test-hivemq-platform-1' phase Running
2025-01-30 18:35:06,643 INFO c.h.h.t.HelmChartContainer - [hivemq-test-hivemq-platform] [hivemq-platform-operator] [9402e1fb] 18:35:06.642 [ReconcilerExecutor-hivemq-controller-154] DEBUG c.h.p.o.h.HiveMQPlatformReconcilerErrorHandler - [helmupgr] Pod 'test-hivemq-platform-0' phase Running
2025-01-30 18:35:06,644 INFO c.h.h.t.HelmChartContainer - [hivemq-test-hivemq-platform] [hivemq-platform-operator] [9402e1fb] 18:35:06.643 [ReconcilerExecutor-hivemq-controller-154] DEBUG c.h.p.o.h.HiveMQPlatformReconcilerRollingRestartHandler - [helmupgr] Rolling restart is waiting for 1 of 2 replicas
2025-01-30 18:35:11,622 INFO c.h.h.t.HelmChartContainer - [EVENT] Warning [Unhealthy] Readiness probe failed: HTTP probe failed with statuscode: 503 [helmupgradeextensionit:test-hivemq-platform-0]
2025-01-30 18:35:11,622 INFO c.h.h.t.HelmChartContainer - Received Unhealthy event for container hivemq in pod test-hivemq-platform-0 [5fd5d19d-ce30-456c-aed2-06815dd3117b]
2025-01-30 18:35:13,296 INFO c.h.h.t.HelmChartContainer - [test-hivemq-platform] [hivemq] [39d6c376] WARN  - Bridge Extension: Connect to bridge 'testbridge' failed for the 4 time, reason: connection timed out after 10000 ms: /172.17.0.3:1883
2025-01-30 18:35:13,820 INFO c.h.h.t.HelmChartContainer - [test-hivemq-platform] [hivemq] [5fd5d19d] INFO  - [HiveMQ Platform Operator Init App 1.7.0-SNAPSHOT] Proceeding with container start
2025-01-30 18:35:13,823 INFO c.h.h.t.HelmChartContainer - [test-hivemq-platform] [hivemq] [5fd5d19d] INFO  - [HiveMQ Platform Operator Init App 1.7.0-SNAPSHOT] Initializing HiveMQ Platform extensions with initial configuration: {hivemq-bridge-extension={start-priority=-1, skip-https-hostname-verification=false, restart=true, config-version=930, header-version=0, c-uri=, priority=-1, uri=preinstalled, skip-https-certificate-validation=false, enabled=true}, hivemq-prometheus-extension={restart=true, priority=-1, start-priority=-1, c-uri=, skip-https-hostname-verification=false, skip-https-certificate-validation=false, uri=preinstalled, request-header-path=no-request-headers, enabled=true}}
2025-01-30 18:35:14,309 INFO c.h.h.t.HelmChartContainer - [test-hivemq-platform] [hivemq] [5fd5d19d] INFO  - [HiveMQ Platform Operator Init App 1.7.0-SNAPSHOT] Successfully enabled extension hivemq-bridge-extension
2025-01-30 18:35:14,309 INFO c.h.h.testcontainer.LogWaiterUtil - TEST Found log pattern on 'test-hivemq-platform-0': .*\[HiveMQ Platform Operator Init App [A-Z0-9.-]+\] Successfully enabled extension hivemq-bridge-extension
2025-01-30 18:35:14,320 INFO c.h.h.t.HelmChartContainer - [test-hivemq-platform] [hivemq] [5fd5d19d] INFO  - [HiveMQ Platform Operator Init App 1.7.0-SNAPSHOT] Successfully enabled extension hivemq-prometheus-extension
2025-01-30 18:35:14,322 INFO c.h.h.t.HelmChartContainer - [test-hivemq-platform] [hivemq] [5fd5d19d] INFO  - [HiveMQ Platform Operator Init App 1.7.0-SNAPSHOT] Starting HiveMQ Platform version 4.36.0 (4.36.0)
2025-01-30 18:35:14,322 INFO c.h.h.t.HelmChartContainer - [test-hivemq-platform] [hivemq] [5fd5d19d] INFO  - [HiveMQ Platform Operator Init App 1.7.0-SNAPSHOT] Configuring the HiveMQ Platform
2025-01-30 18:35:14,411 INFO c.h.h.t.HelmChartContainer - [test-hivemq-platform] [hivemq] [5fd5d19d] INFO  - [HiveMQ Platform Operator Init App 1.7.0-SNAPSHOT] Changed logback.xml file scan period to 20 seconds
2025-01-30 18:35:14,508 INFO c.h.h.t.HelmChartContainer - [test-hivemq-platform] [hivemq] [5fd5d19d] INFO  - [HiveMQ Platform Operator Init App 1.7.0-SNAPSHOT] Starting the HiveMQ Platform
2025-01-30 18:35:14,511 INFO c.h.h.t.HelmChartContainer - [test-hivemq-platform] [hivemq] [5fd5d19d] -------------------------------------------------------------------------
2025-01-30 18:35:14,511 INFO c.h.h.t.HelmChartContainer - [test-hivemq-platform] [hivemq] [5fd5d19d] 
2025-01-30 18:35:14,511 INFO c.h.h.t.HelmChartContainer - [test-hivemq-platform] [hivemq] [5fd5d19d]                   _    _  _              __  __   ____
2025-01-30 18:35:14,511 INFO c.h.h.t.HelmChartContainer - [test-hivemq-platform] [hivemq] [5fd5d19d]                  | |  | |(_)            |  \/  | / __ \
2025-01-30 18:35:14,511 INFO c.h.h.t.HelmChartContainer - [test-hivemq-platform] [hivemq] [5fd5d19d]                  | |__| | _ __   __ ___ | \  / || |  | |
2025-01-30 18:35:14,511 INFO c.h.h.t.HelmChartContainer - [test-hivemq-platform] [hivemq] [5fd5d19d]                  |  __  || |\ \ / // _ \| |\/| || |  | |
2025-01-30 18:35:14,511 INFO c.h.h.t.HelmChartContainer - [test-hivemq-platform] [hivemq] [5fd5d19d]                  | |  | || | \ V /|  __/| |  | || |__| |
2025-01-30 18:35:14,511 INFO c.h.h.t.HelmChartContainer - [test-hivemq-platform] [hivemq] [5fd5d19d]                  |_|  |_||_|  \_/  \___||_|  |_| \___\_\
2025-01-30 18:35:14,511 INFO c.h.h.t.HelmChartContainer - [test-hivemq-platform] [hivemq] [5fd5d19d] 
2025-01-30 18:35:14,512 INFO c.h.h.t.HelmChartContainer - [test-hivemq-platform] [hivemq] [5fd5d19d] -------------------------------------------------------------------------
2025-01-30 18:35:14,512 INFO c.h.h.t.HelmChartContainer - [test-hivemq-platform] [hivemq] [5fd5d19d] 
2025-01-30 18:35:14,512 INFO c.h.h.t.HelmChartContainer - [test-hivemq-platform] [hivemq] [5fd5d19d]   HiveMQ Start Script for Linux/Unix v1.14
2025-01-30 18:35:14,512 INFO c.h.h.t.HelmChartContainer - [test-hivemq-platform] [hivemq] [5fd5d19d] 
2025-01-30 18:35:14,612 INFO c.h.h.t.HelmChartContainer - [test-hivemq-platform] [hivemq] [5fd5d19d] -------------------------------------------------------------------------
2025-01-30 18:35:14,612 INFO c.h.h.t.HelmChartContainer - [test-hivemq-platform] [hivemq] [5fd5d19d] 
2025-01-30 18:35:14,612 INFO c.h.h.t.HelmChartContainer - [test-hivemq-platform] [hivemq] [5fd5d19d]   HIVEMQ_HOME: /opt/hivemq
2025-01-30 18:35:14,612 INFO c.h.h.t.HelmChartContainer - [test-hivemq-platform] [hivemq] [5fd5d19d] 
2025-01-30 18:35:14,612 INFO c.h.h.t.HelmChartContainer - [test-hivemq-platform] [hivemq] [5fd5d19d]   JAVA_OPTS: -XX:+UnlockExperimentalVMOptions -XX:InitialRAMPercentage=50 -XX:MaxRAMPercentage=50 -Djava.net.preferIPv4Stack=true --add-opens java.base/java.lang=ALL-UNNAMED --add-opens java.base/java.nio=ALL-UNNAMED --add-opens java.base/sun.nio.ch=ALL-UNNAMED --add-opens jdk.management/com.sun.management.internal=ALL-UNNAMED --add-exports java.base/jdk.internal.misc=ALL-UNNAMED -Djava.security.egd=file:/dev/./urandom -Dcom.sun.management.jmxremote -Dcom.sun.management.jmxremote.port=9010 -Dcom.sun.management.jmxremote.local.only=false -Dcom.sun.management.jmxremote.authenticate=false -Dcom.sun.management.jmxremote.ssl=false -Duser.language=en -Duser.region=US -XX:+CrashOnOutOfMemoryError -XX:+HeapDumpOnOutOfMemoryError
2025-01-30 18:35:14,612 INFO c.h.h.t.HelmChartContainer - [test-hivemq-platform] [hivemq] [5fd5d19d] 
2025-01-30 18:35:14,612 INFO c.h.h.t.HelmChartContainer - [test-hivemq-platform] [hivemq] [5fd5d19d]   JAVA_VERSION: 21
2025-01-30 18:35:14,612 INFO c.h.h.t.HelmChartContainer - [test-hivemq-platform] [hivemq] [5fd5d19d] 
2025-01-30 18:35:14,612 INFO c.h.h.t.HelmChartContainer - [test-hivemq-platform] [hivemq] [5fd5d19d] -------------------------------------------------------------------------
2025-01-30 18:35:14,613 INFO c.h.h.t.HelmChartContainer - [test-hivemq-platform] [hivemq] [5fd5d19d] 
2025-01-30 18:35:14,988 INFO c.h.h.t.HelmChartContainer - [test-hivemq-platform] [hivemq] [39d6c376] WARN  - Bridge Extension: Connect to bridge 'testbridge' failed for the 4 time, reason: connection timed out after 10000 ms: /172.17.0.3:1883
2025-01-30 18:35:16,646 INFO c.h.h.t.HelmChartContainer - [hivemq-test-hivemq-platform] [hivemq-platform-operator] [9402e1fb] 18:35:16.645 [pool-6-thread-19] DEBUG c.h.p.o.d.PlatformServiceResource - [helmupgr] Desired Platform services (3 services)
2025-01-30 18:35:16,648 INFO c.h.h.t.HelmChartContainer - [hivemq-test-hivemq-platform] [hivemq-platform-operator] [9402e1fb] 18:35:16.646 [pool-6-thread-16] DEBUG c.h.p.o.dependants.PodInfoConfigMap - [helmupgr] Desired PodInfo ConfigMap (1 extensions) (1 enabled)
2025-01-30 18:35:16,648 INFO c.h.h.t.HelmChartContainer - [hivemq-test-hivemq-platform] [hivemq-platform-operator] [9402e1fb] 18:35:16.648 [pool-6-thread-16] DEBUG c.h.p.o.dependants.PodInfoConfigMap - [helmupgr] Desired PodInfo ConfigMap (metrics port: 9399) (metrics path: /)
2025-01-30 18:35:16,649 INFO c.h.h.t.HelmChartContainer - [hivemq-test-hivemq-platform] [hivemq-platform-operator] [9402e1fb] 18:35:16.648 [pool-6-thread-16] DEBUG c.h.p.o.dependants.PodInfoConfigMap - [helmupgr] Desired PodInfo ConfigMap (extension state hash: 610187774)
2025-01-30 18:35:16,649 INFO c.h.h.t.HelmChartContainer - [hivemq-test-hivemq-platform] [hivemq-platform-operator] [9402e1fb] 18:35:16.647 [pool-6-thread-11] DEBUG c.h.p.o.d.PodServiceAccountResource - [helmupgr] Desired PodServiceAccountResource (serviceAccountName: hivemq-platform-pod-test-hivemq-platform)
2025-01-30 18:35:16,651 INFO c.h.h.t.HelmChartContainer - [hivemq-test-hivemq-platform] [hivemq-platform-operator] [9402e1fb] 18:35:16.651 [pool-6-thread-16] DEBUG c.h.p.o.d.StatefulSetResource - [helmupgr] Desired StatefulSet (2 replicas) for status ROLLING_RESTART (RESTART_PODS_IN_PROGRESS)
2025-01-30 18:35:16,654 INFO c.h.h.t.HelmChartContainer - [hivemq-test-hivemq-platform] [hivemq-platform-operator] [9402e1fb] 18:35:16.653 [ReconcilerExecutor-hivemq-controller-155] INFO  c.h.p.o.HiveMQPlatformReconciler - [helmupgr] Reconciling HiveMQ Platform 'test-hivemq-platform' in namespace 'helmupgradeextensionit'
2025-01-30 18:35:16,654 INFO c.h.h.t.HelmChartContainer - [hivemq-test-hivemq-platform] [hivemq-platform-operator] [9402e1fb] 18:35:16.653 [ReconcilerExecutor-hivemq-controller-155] DEBUG c.h.p.o.HiveMQPlatformReconciler - [helmupgr] Custom Resource Status ROLLING_RESTART - HiveMQ Platform is restarting Pods (rolling restart) (RESTART_PODS_IN_PROGRESS)
2025-01-30 18:35:16,654 INFO c.h.h.t.HelmChartContainer - [hivemq-test-hivemq-platform] [hivemq-platform-operator] [9402e1fb] 18:35:16.653 [ReconcilerExecutor-hivemq-controller-155] DEBUG c.h.p.o.HiveMQPlatformReconciler - [helmupgr] Custom Resource Spec (replicas: 1) (extensions: 1)
2025-01-30 18:35:16,655 INFO c.h.h.t.HelmChartContainer - [hivemq-test-hivemq-platform] [hivemq-platform-operator] [9402e1fb] 18:35:16.654 [ReconcilerExecutor-hivemq-controller-155] DEBUG c.h.p.o.HiveMQPlatformReconciler - [helmupgr] StatefulSet Status (revision: test-hivemq-platform-7c6d7d4d7b, replicas: 2, available: 1, ready: 1, current: 0, updated: 2)
2025-01-30 18:35:16,655 INFO c.h.h.t.HelmChartContainer - [hivemq-test-hivemq-platform] [hivemq-platform-operator] [9402e1fb] 18:35:16.654 [ReconcilerExecutor-hivemq-controller-155] DEBUG c.h.p.o.HiveMQPlatformReconciler - [helmupgr] StatefulSet Spec (replicas: 2, init containers: 1, containers: 1, volumes: 4)
2025-01-30 18:35:16,657 INFO c.h.h.t.HelmChartContainer - [hivemq-test-hivemq-platform] [hivemq-platform-operator] [9402e1fb] 18:35:16.657 [ReconcilerExecutor-hivemq-controller-155] DEBUG c.h.p.o.h.HiveMQPlatformReconcilerErrorHandler - [helmupgr] Pod 'test-hivemq-platform-1' phase Running
2025-01-30 18:35:16,658 INFO c.h.h.t.HelmChartContainer - [hivemq-test-hivemq-platform] [hivemq-platform-operator] [9402e1fb] 18:35:16.658 [ReconcilerExecutor-hivemq-controller-155] DEBUG c.h.p.o.h.HiveMQPlatformReconcilerErrorHandler - [helmupgr] Pod 'test-hivemq-platform-0' phase Running
2025-01-30 18:35:16,659 INFO c.h.h.t.HelmChartContainer - [hivemq-test-hivemq-platform] [hivemq-platform-operator] [9402e1fb] 18:35:16.658 [ReconcilerExecutor-hivemq-controller-155] DEBUG c.h.p.o.h.HiveMQPlatformReconcilerRollingRestartHandler - [helmupgr] Rolling restart is waiting for 1 of 2 replicas
2025-01-30 18:35:16,712 INFO c.h.h.t.HelmChartContainer - [EVENT] Warning [Unhealthy] Readiness probe failed: HTTP probe failed with statuscode: 503 [helmupgradeextensionit:test-hivemq-platform-0]
2025-01-30 18:35:16,712 INFO c.h.h.t.HelmChartContainer - Received Unhealthy event for container hivemq in pod test-hivemq-platform-0 [5fd5d19d-ce30-456c-aed2-06815dd3117b]
2025-01-30 18:35:17,209 INFO c.h.h.t.HelmChartContainer - [test-hivemq-platform] [hivemq] [5fd5d19d] INFO  - Starting HiveMQ Enterprise Server
2025-01-30 18:35:17,215 INFO c.h.h.t.HelmChartContainer - [test-hivemq-platform] [hivemq] [5fd5d19d] INFO  - HiveMQ version: 4.36.0
2025-01-30 18:35:17,215 INFO c.h.h.t.HelmChartContainer - [test-hivemq-platform] [hivemq] [5fd5d19d] INFO  - HiveMQ home directory: /opt/hivemq
2025-01-30 18:35:17,215 INFO c.h.h.t.HelmChartContainer - [test-hivemq-platform] [hivemq] [5fd5d19d] INFO  - Log Configuration was overridden by /opt/hivemq/conf/logback.xml
2025-01-30 18:35:18,423 INFO c.h.h.t.HelmChartContainer - [test-hivemq-platform] [hivemq] [5fd5d19d] INFO  - Successfully loaded configuration from '/opt/hivemq/conf-k8s/config.xml'.
2025-01-30 18:35:18,805 INFO c.h.h.t.HelmChartContainer - [test-hivemq-platform] [hivemq] [5fd5d19d] INFO  - This node's ID is h9n3E
2025-01-30 18:35:18,805 INFO c.h.h.t.HelmChartContainer - [test-hivemq-platform] [hivemq] [5fd5d19d] INFO  - Clustering is enabled
2025-01-30 18:35:22,011 INFO c.h.h.t.HelmChartContainer - [test-hivemq-platform] [hivemq] [5fd5d19d] WARN  - [HiveMQ Platform Operator Init App 1.7.0-SNAPSHOT] Cannot connect to Health API for readiness: null
2025-01-30 18:35:22,017 INFO c.h.h.t.HelmChartContainer - [EVENT] Warning [Unhealthy] Readiness probe failed: HTTP probe failed with statuscode: 503 [helmupgradeextensionit:test-hivemq-platform-0]
2025-01-30 18:35:22,017 INFO c.h.h.t.HelmChartContainer - Received Unhealthy event for container hivemq in pod test-hivemq-platform-0 [5fd5d19d-ce30-456c-aed2-06815dd3117b]
2025-01-30 18:35:23,501 INFO c.h.h.t.HelmChartContainer - [test-hivemq-platform] [hivemq] [5fd5d19d] WARN  - [HiveMQ Platform Operator Init App 1.7.0-SNAPSHOT] Cannot connect to Health API for liveness: null
2025-01-30 18:35:23,502 INFO c.h.h.t.HelmChartContainer - [test-hivemq-platform] [hivemq] [5fd5d19d] INFO  - [HiveMQ Platform Operator Init App 1.7.0-SNAPSHOT] Returning default Health API response 200 for liveness
2025-01-30 18:35:26,663 INFO c.h.h.t.HelmChartContainer - [hivemq-test-hivemq-platform] [hivemq-platform-operator] [9402e1fb] 18:35:26.660 [pool-6-thread-23] DEBUG c.h.p.o.d.PlatformServiceResource - [helmupgr] Desired Platform services (3 services)
2025-01-30 18:35:26,665 INFO c.h.h.t.HelmChartContainer - [hivemq-test-hivemq-platform] [hivemq-platform-operator] [9402e1fb] 18:35:26.660 [pool-6-thread-26] DEBUG c.h.p.o.d.PodServiceAccountResource - [helmupgr] Desired PodServiceAccountResource (serviceAccountName: hivemq-platform-pod-test-hivemq-platform)
2025-01-30 18:35:26,665 INFO c.h.h.t.HelmChartContainer - [hivemq-test-hivemq-platform] [hivemq-platform-operator] [9402e1fb] 18:35:26.663 [pool-6-thread-22] DEBUG c.h.p.o.dependants.PodInfoConfigMap - [helmupgr] Desired PodInfo ConfigMap (1 extensions) (1 enabled)
2025-01-30 18:35:26,665 INFO c.h.h.t.HelmChartContainer - [hivemq-test-hivemq-platform] [hivemq-platform-operator] [9402e1fb] 18:35:26.663 [pool-6-thread-22] DEBUG c.h.p.o.dependants.PodInfoConfigMap - [helmupgr] Desired PodInfo ConfigMap (metrics port: 9399) (metrics path: /)
2025-01-30 18:35:26,665 INFO c.h.h.t.HelmChartContainer - [hivemq-test-hivemq-platform] [hivemq-platform-operator] [9402e1fb] 18:35:26.663 [pool-6-thread-22] DEBUG c.h.p.o.dependants.PodInfoConfigMap - [helmupgr] Desired PodInfo ConfigMap (extension state hash: 610187774)
2025-01-30 18:35:26,666 INFO c.h.h.t.HelmChartContainer - [hivemq-test-hivemq-platform] [hivemq-platform-operator] [9402e1fb] 18:35:26.664 [pool-6-thread-22] DEBUG c.h.p.o.d.StatefulSetResource - [helmupgr] Desired StatefulSet (2 replicas) for status ROLLING_RESTART (RESTART_PODS_IN_PROGRESS)
2025-01-30 18:35:26,670 INFO c.h.h.t.HelmChartContainer - [hivemq-test-hivemq-platform] [hivemq-platform-operator] [9402e1fb] 18:35:26.667 [ReconcilerExecutor-hivemq-controller-156] INFO  c.h.p.o.HiveMQPlatformReconciler - [helmupgr] Reconciling HiveMQ Platform 'test-hivemq-platform' in namespace 'helmupgradeextensionit'
2025-01-30 18:35:26,670 INFO c.h.h.t.HelmChartContainer - [hivemq-test-hivemq-platform] [hivemq-platform-operator] [9402e1fb] 18:35:26.667 [ReconcilerExecutor-hivemq-controller-156] DEBUG c.h.p.o.HiveMQPlatformReconciler - [helmupgr] Custom Resource Status ROLLING_RESTART - HiveMQ Platform is restarting Pods (rolling restart) (RESTART_PODS_IN_PROGRESS)
2025-01-30 18:35:26,670 INFO c.h.h.t.HelmChartContainer - [hivemq-test-hivemq-platform] [hivemq-platform-operator] [9402e1fb] 18:35:26.667 [ReconcilerExecutor-hivemq-controller-156] DEBUG c.h.p.o.HiveMQPlatformReconciler - [helmupgr] Custom Resource Spec (replicas: 1) (extensions: 1)
2025-01-30 18:35:26,672 INFO c.h.h.t.HelmChartContainer - [hivemq-test-hivemq-platform] [hivemq-platform-operator] [9402e1fb] 18:35:26.668 [ReconcilerExecutor-hivemq-controller-156] DEBUG c.h.p.o.HiveMQPlatformReconciler - [helmupgr] StatefulSet Status (revision: test-hivemq-platform-7c6d7d4d7b, replicas: 2, available: 1, ready: 1, current: 0, updated: 2)
2025-01-30 18:35:26,672 INFO c.h.h.t.HelmChartContainer - [hivemq-test-hivemq-platform] [hivemq-platform-operator] [9402e1fb] 18:35:26.668 [ReconcilerExecutor-hivemq-controller-156] DEBUG c.h.p.o.HiveMQPlatformReconciler - [helmupgr] StatefulSet Spec (replicas: 2, init containers: 1, containers: 1, volumes: 4)
2025-01-30 18:35:26,672 INFO c.h.h.t.HelmChartContainer - [hivemq-test-hivemq-platform] [hivemq-platform-operator] [9402e1fb] 18:35:26.669 [ReconcilerExecutor-hivemq-controller-156] DEBUG c.h.p.o.h.HiveMQPlatformReconcilerErrorHandler - [helmupgr] Pod 'test-hivemq-platform-1' phase Running
2025-01-30 18:35:26,672 INFO c.h.h.t.HelmChartContainer - [hivemq-test-hivemq-platform] [hivemq-platform-operator] [9402e1fb] 18:35:26.671 [ReconcilerExecutor-hivemq-controller-156] DEBUG c.h.p.o.h.HiveMQPlatformReconcilerErrorHandler - [helmupgr] Pod 'test-hivemq-platform-0' phase Running
2025-01-30 18:35:26,672 INFO c.h.h.t.HelmChartContainer - [hivemq-test-hivemq-platform] [hivemq-platform-operator] [9402e1fb] 18:35:26.671 [ReconcilerExecutor-hivemq-controller-156] DEBUG c.h.p.o.h.HiveMQPlatformReconcilerRollingRestartHandler - [helmupgr] Rolling restart is waiting for 1 of 2 replicas
2025-01-30 18:35:26,702 INFO c.h.h.t.HelmChartContainer - [test-hivemq-platform] [hivemq] [5fd5d19d] WARN  - [HiveMQ Platform Operator Init App 1.7.0-SNAPSHOT] Cannot connect to Health API for readiness: null
2025-01-30 18:35:26,707 INFO c.h.h.t.HelmChartContainer - [EVENT] Warning [Unhealthy] Readiness probe failed: HTTP probe failed with statuscode: 503 [helmupgradeextensionit:test-hivemq-platform-0]
2025-01-30 18:35:26,708 INFO c.h.h.t.HelmChartContainer - Received Unhealthy event for container hivemq in pod test-hivemq-platform-0 [5fd5d19d-ce30-456c-aed2-06815dd3117b]
2025-01-30 18:35:31,701 INFO c.h.h.t.HelmChartContainer - [test-hivemq-platform] [hivemq] [5fd5d19d] WARN  - [HiveMQ Platform Operator Init App 1.7.0-SNAPSHOT] Cannot connect to Health API for readiness: null
2025-01-30 18:35:31,706 INFO c.h.h.t.HelmChartContainer - [EVENT] Warning [Unhealthy] Readiness probe failed: HTTP probe failed with statuscode: 503 [helmupgradeextensionit:test-hivemq-platform-0]
2025-01-30 18:35:31,706 INFO c.h.h.t.HelmChartContainer - Received Unhealthy event for container hivemq in pod test-hivemq-platform-0 [5fd5d19d-ce30-456c-aed2-06815dd3117b]
2025-01-30 18:35:32,008 INFO c.h.h.t.HelmChartContainer - [test-hivemq-platform] [hivemq] [5fd5d19d] INFO  - No valid license file found. Using trial license, restricted to 25 connections.
2025-01-30 18:35:35,316 INFO c.h.h.t.HelmChartContainer - [test-hivemq-platform] [hivemq] [5fd5d19d] INFO  - No valid license file for Data Hub found. Using free license, restricted to 1 policy.
2025-01-30 18:35:36,421 INFO c.h.h.t.HelmChartContainer - [test-hivemq-platform] [hivemq] [5fd5d19d] INFO  - Audit Logger started.
2025-01-30 18:35:36,621 INFO c.h.h.t.HelmChartContainer - [test-hivemq-platform] [hivemq] [5fd5d19d] WARN  - [HiveMQ Platform Operator Init App 1.7.0-SNAPSHOT] Cannot connect to Health API for readiness: null
2025-01-30 18:35:36,625 INFO c.h.h.t.HelmChartContainer - [EVENT] Warning [Unhealthy] Readiness probe failed: HTTP probe failed with statuscode: 503 [helmupgradeextensionit:test-hivemq-platform-0]
2025-01-30 18:35:36,625 INFO c.h.h.t.HelmChartContainer - Received Unhealthy event for container hivemq in pod test-hivemq-platform-0 [5fd5d19d-ce30-456c-aed2-06815dd3117b]
2025-01-30 18:35:36,675 INFO c.h.h.t.HelmChartContainer - [hivemq-test-hivemq-platform] [hivemq-platform-operator] [9402e1fb] 18:35:36.674 [pool-6-thread-38] DEBUG c.h.p.o.dependants.PodInfoConfigMap - [helmupgr] Desired PodInfo ConfigMap (1 extensions) (1 enabled)
2025-01-30 18:35:36,676 INFO c.h.h.t.HelmChartContainer - [hivemq-test-hivemq-platform] [hivemq-platform-operator] [9402e1fb] 18:35:36.674 [pool-6-thread-36] DEBUG c.h.p.o.d.PlatformServiceResource - [helmupgr] Desired Platform services (3 services)
2025-01-30 18:35:36,676 INFO c.h.h.t.HelmChartContainer - [hivemq-test-hivemq-platform] [hivemq-platform-operator] [9402e1fb] 18:35:36.674 [pool-6-thread-32] DEBUG c.h.p.o.d.PodServiceAccountResource - [helmupgr] Desired PodServiceAccountResource (serviceAccountName: hivemq-platform-pod-test-hivemq-platform)
2025-01-30 18:35:36,676 INFO c.h.h.t.HelmChartContainer - [hivemq-test-hivemq-platform] [hivemq-platform-operator] [9402e1fb] 18:35:36.674 [pool-6-thread-38] DEBUG c.h.p.o.dependants.PodInfoConfigMap - [helmupgr] Desired PodInfo ConfigMap (metrics port: 9399) (metrics path: /)
2025-01-30 18:35:36,677 INFO c.h.h.t.HelmChartContainer - [hivemq-test-hivemq-platform] [hivemq-platform-operator] [9402e1fb] 18:35:36.675 [pool-6-thread-38] DEBUG c.h.p.o.dependants.PodInfoConfigMap - [helmupgr] Desired PodInfo ConfigMap (extension state hash: 610187774)
2025-01-30 18:35:36,679 INFO c.h.h.t.HelmChartContainer - [hivemq-test-hivemq-platform] [hivemq-platform-operator] [9402e1fb] 18:35:36.678 [pool-6-thread-36] DEBUG c.h.p.o.d.StatefulSetResource - [helmupgr] Desired StatefulSet (2 replicas) for status ROLLING_RESTART (RESTART_PODS_IN_PROGRESS)
2025-01-30 18:35:36,681 INFO c.h.h.t.HelmChartContainer - [hivemq-test-hivemq-platform] [hivemq-platform-operator] [9402e1fb] 18:35:36.680 [ReconcilerExecutor-hivemq-controller-157] INFO  c.h.p.o.HiveMQPlatformReconciler - [helmupgr] Reconciling HiveMQ Platform 'test-hivemq-platform' in namespace 'helmupgradeextensionit'
2025-01-30 18:35:36,681 INFO c.h.h.t.HelmChartContainer - [hivemq-test-hivemq-platform] [hivemq-platform-operator] [9402e1fb] 18:35:36.680 [ReconcilerExecutor-hivemq-controller-157] DEBUG c.h.p.o.HiveMQPlatformReconciler - [helmupgr] Custom Resource Status ROLLING_RESTART - HiveMQ Platform is restarting Pods (rolling restart) (RESTART_PODS_IN_PROGRESS)
2025-01-30 18:35:36,681 INFO c.h.h.t.HelmChartContainer - [hivemq-test-hivemq-platform] [hivemq-platform-operator] [9402e1fb] 18:35:36.680 [ReconcilerExecutor-hivemq-controller-157] DEBUG c.h.p.o.HiveMQPlatformReconciler - [helmupgr] Custom Resource Spec (replicas: 1) (extensions: 1)
2025-01-30 18:35:36,683 INFO c.h.h.t.HelmChartContainer - [hivemq-test-hivemq-platform] [hivemq-platform-operator] [9402e1fb] 18:35:36.682 [ReconcilerExecutor-hivemq-controller-157] DEBUG c.h.p.o.HiveMQPlatformReconciler - [helmupgr] StatefulSet Status (revision: test-hivemq-platform-7c6d7d4d7b, replicas: 2, available: 1, ready: 1, current: 0, updated: 2)
2025-01-30 18:35:36,683 INFO c.h.h.t.HelmChartContainer - [hivemq-test-hivemq-platform] [hivemq-platform-operator] [9402e1fb] 18:35:36.682 [ReconcilerExecutor-hivemq-controller-157] DEBUG c.h.p.o.HiveMQPlatformReconciler - [helmupgr] StatefulSet Spec (replicas: 2, init containers: 1, containers: 1, volumes: 4)
2025-01-30 18:35:36,684 INFO c.h.h.t.HelmChartContainer - [hivemq-test-hivemq-platform] [hivemq-platform-operator] [9402e1fb] 18:35:36.683 [ReconcilerExecutor-hivemq-controller-157] DEBUG c.h.p.o.h.HiveMQPlatformReconcilerErrorHandler - [helmupgr] Pod 'test-hivemq-platform-1' phase Running
2025-01-30 18:35:36,685 INFO c.h.h.t.HelmChartContainer - [hivemq-test-hivemq-platform] [hivemq-platform-operator] [9402e1fb] 18:35:36.684 [ReconcilerExecutor-hivemq-controller-157] DEBUG c.h.p.o.h.HiveMQPlatformReconcilerErrorHandler - [helmupgr] Pod 'test-hivemq-platform-0' phase Running
2025-01-30 18:35:36,685 INFO c.h.h.t.HelmChartContainer - [hivemq-test-hivemq-platform] [hivemq-platform-operator] [9402e1fb] 18:35:36.685 [ReconcilerExecutor-hivemq-controller-157] DEBUG c.h.p.o.h.HiveMQPlatformReconcilerRollingRestartHandler - [helmupgr] Rolling restart is waiting for 1 of 2 replicas
2025-01-30 18:35:36,730 INFO c.h.h.t.HelmChartContainer - [test-hivemq-platform] [hivemq] [5fd5d19d] INFO  - This node uses '1' CPU cores.
2025-01-30 18:35:36,735 INFO c.h.h.t.HelmChartContainer - [test-hivemq-platform] [hivemq] [5fd5d19d] INFO  - Starting HiveMQ Health API on address 0.0.0.0 and port 8889
2025-01-30 18:35:37,610 INFO c.h.h.t.HelmChartContainer - [test-hivemq-platform] [hivemq] [5fd5d19d] INFO  - Started HiveMQ Health API in 874ms
2025-01-30 18:35:38,311 INFO c.h.h.t.HelmChartContainer - [test-hivemq-platform] [hivemq] [5fd5d19d] INFO  - Starting HiveMQ extension system.
2025-01-30 18:35:39,779 INFO c.h.h.t.HelmChartContainer - [test-hivemq-platform] [hivemq] [39d6c376] WARN  - Bridge Extension: Connect to bridge 'testbridge' failed for the 5 time, reason: connection timed out after 10000 ms: /172.17.0.3:1883
2025-01-30 18:35:40,707 INFO c.h.h.t.HelmChartContainer - [test-hivemq-platform] [hivemq] [5fd5d19d] INFO  - No license found for enterprise extension with name "HiveMQ Enterprise Bridge Extension". Entering extension trial mode. "HiveMQ Enterprise Bridge Extension" will be disabled in 5 hours.
2025-01-30 18:35:40,909 INFO c.h.h.t.HelmChartContainer - [test-hivemq-platform] [hivemq] [5fd5d19d] INFO  - Starting extension with id "hivemq-dns-cluster-discovery" at /opt/hivemq/extensions/hivemq-dns-cluster-discovery
2025-01-30 18:35:41,402 INFO c.h.h.t.HelmChartContainer - [test-hivemq-platform] [hivemq] [5fd5d19d] INFO  - Extension "DNS Cluster Discovery Extension" version 4.3.2 started successfully.
2025-01-30 18:35:41,402 INFO c.h.h.t.HelmChartContainer - [test-hivemq-platform] [hivemq] [5fd5d19d] INFO  - Starting extension with id "hivemq-bridge-extension" at /opt/hivemq/extensions/hivemq-bridge-extension
2025-01-30 18:35:41,405 INFO c.h.h.t.HelmChartContainer - [test-hivemq-platform] [hivemq] [5fd5d19d] INFO  - Using TCP cluster transport on address 10.42.0.10 and port 7000
2025-01-30 18:35:41,503 INFO c.h.h.t.HelmChartContainer - [test-hivemq-platform] [hivemq] [5fd5d19d] INFO  - Using extension cluster discovery
2025-01-30 18:35:42,097 INFO c.h.h.t.HelmChartContainer - [test-hivemq-platform] [hivemq] [39d6c376] WARN  - Bridge Extension: Connect to bridge 'testbridge' failed for the 5 time, reason: connection timed out after 10000 ms: /172.17.0.3:1883
2025-01-30 18:35:42,602 INFO c.h.h.t.HelmChartContainer - [test-hivemq-platform] [hivemq] [5fd5d19d] INFO  - HiveMQ Enterprise Bridge Extension: Successfully loaded configuration from '/opt/hivemq/extensions/hivemq-bridge-extension/conf/config.xml'.
2025-01-30 18:35:42,662 INFO c.h.h.t.HelmChartContainer - [EVENT] Warning [Unhealthy] Readiness probe failed: Get "http://10.42.0.10:7979/readiness": context deadline exceeded (Client.Timeout exceeded while awaiting headers) [helmupgradeextensionit:test-hivemq-platform-0]
2025-01-30 18:35:42,662 INFO c.h.h.t.HelmChartContainer - Received Unhealthy event for container hivemq in pod test-hivemq-platform-0 [5fd5d19d-ce30-456c-aed2-06815dd3117b]
2025-01-30 18:35:43,111 INFO c.h.h.t.HelmChartContainer - [test-hivemq-platform] [hivemq] [39d6c376] INFO  - Cluster nodes found by discovery: [WWtaU|3] (2) [WWtaU, h9n3E].
2025-01-30 18:35:43,306 INFO c.h.h.t.HelmChartContainer - [test-hivemq-platform] [hivemq] [5fd5d19d] INFO  - Cluster nodes found by discovery: [WWtaU|3] (2) [WWtaU, h9n3E].
2025-01-30 18:35:43,308 INFO c.h.h.t.HelmChartContainer - [test-hivemq-platform] [hivemq] [5fd5d19d] INFO  - [HiveMQ Platform Operator Init App 1.7.0-SNAPSHOT] Returning Health API response 503 for readiness
2025-01-30 18:35:43,504 INFO c.h.h.t.HelmChartContainer - [test-hivemq-platform] [hivemq] [5fd5d19d] INFO  - Bridge Extension: Connecting to remote brokers...
2025-01-30 18:35:43,607 INFO c.h.h.t.HelmChartContainer - [test-hivemq-platform] [hivemq] [5fd5d19d] INFO  - Cluster size = 1, members : [WWtaU].
2025-01-30 18:35:44,305 INFO c.h.h.t.HelmChartContainer - [test-hivemq-platform] [hivemq] [5fd5d19d] INFO  - Starting cluster join process. This may take a while. Please do not shut down HiveMQ.
2025-01-30 18:35:44,307 INFO c.h.h.t.HelmChartContainer - [test-hivemq-platform] [hivemq] [5fd5d19d] INFO  - Cluster join process is still ongoing. Please do not shut down HiveMQ.
2025-01-30 18:35:46,314 INFO c.h.h.t.HelmChartContainer - [test-hivemq-platform] [hivemq] [39d6c376] INFO  - Cluster size = 2, members : [h9n3E, WWtaU].
2025-01-30 18:35:46,324 INFO c.h.h.t.HelmChartContainer - [test-hivemq-platform] [hivemq] [5fd5d19d] INFO  - Cluster size = 2, members : [h9n3E, WWtaU].
2025-01-30 18:35:46,326 INFO c.h.h.t.HelmChartContainer - [test-hivemq-platform] [hivemq] [5fd5d19d] INFO  - Finished cluster join process successfully.
2025-01-30 18:35:46,626 INFO c.h.h.t.HelmChartContainer - [EVENT] Warning [Unhealthy] Readiness probe failed: HTTP probe failed with statuscode: 503 [helmupgradeextensionit:test-hivemq-platform-0]
2025-01-30 18:35:46,627 INFO c.h.h.t.HelmChartContainer - Received Unhealthy event for container hivemq in pod test-hivemq-platform-0 [5fd5d19d-ce30-456c-aed2-06815dd3117b]
2025-01-30 18:35:46,689 INFO c.h.h.t.HelmChartContainer - [hivemq-test-hivemq-platform] [hivemq-platform-operator] [9402e1fb] 18:35:46.687 [pool-6-thread-43] DEBUG c.h.p.o.d.PlatformServiceResource - [helmupgr] Desired Platform services (3 services)
2025-01-30 18:35:46,689 INFO c.h.h.t.HelmChartContainer - [hivemq-test-hivemq-platform] [hivemq-platform-operator] [9402e1fb] 18:35:46.687 [pool-6-thread-47] DEBUG c.h.p.o.d.PodServiceAccountResource - [helmupgr] Desired PodServiceAccountResource (serviceAccountName: hivemq-platform-pod-test-hivemq-platform)
2025-01-30 18:35:46,690 INFO c.h.h.t.HelmChartContainer - [hivemq-test-hivemq-platform] [hivemq-platform-operator] [9402e1fb] 18:35:46.688 [pool-6-thread-45] DEBUG c.h.p.o.dependants.PodInfoConfigMap - [helmupgr] Desired PodInfo ConfigMap (1 extensions) (1 enabled)
2025-01-30 18:35:46,690 INFO c.h.h.t.HelmChartContainer - [hivemq-test-hivemq-platform] [hivemq-platform-operator] [9402e1fb] 18:35:46.688 [pool-6-thread-45] DEBUG c.h.p.o.dependants.PodInfoConfigMap - [helmupgr] Desired PodInfo ConfigMap (metrics port: 9399) (metrics path: /)
2025-01-30 18:35:46,690 INFO c.h.h.t.HelmChartContainer - [hivemq-test-hivemq-platform] [hivemq-platform-operator] [9402e1fb] 18:35:46.688 [pool-6-thread-45] DEBUG c.h.p.o.dependants.PodInfoConfigMap - [helmupgr] Desired PodInfo ConfigMap (extension state hash: 610187774)
2025-01-30 18:35:46,691 INFO c.h.h.t.HelmChartContainer - [hivemq-test-hivemq-platform] [hivemq-platform-operator] [9402e1fb] 18:35:46.690 [pool-6-thread-43] DEBUG c.h.p.o.d.StatefulSetResource - [helmupgr] Desired StatefulSet (2 replicas) for status ROLLING_RESTART (RESTART_PODS_IN_PROGRESS)
2025-01-30 18:35:46,693 INFO c.h.h.t.HelmChartContainer - [hivemq-test-hivemq-platform] [hivemq-platform-operator] [9402e1fb] 18:35:46.693 [ReconcilerExecutor-hivemq-controller-158] INFO  c.h.p.o.HiveMQPlatformReconciler - [helmupgr] Reconciling HiveMQ Platform 'test-hivemq-platform' in namespace 'helmupgradeextensionit'
2025-01-30 18:35:46,693 INFO c.h.h.t.HelmChartContainer - [hivemq-test-hivemq-platform] [hivemq-platform-operator] [9402e1fb] 18:35:46.693 [ReconcilerExecutor-hivemq-controller-158] DEBUG c.h.p.o.HiveMQPlatformReconciler - [helmupgr] Custom Resource Status ROLLING_RESTART - HiveMQ Platform is restarting Pods (rolling restart) (RESTART_PODS_IN_PROGRESS)
2025-01-30 18:35:46,693 INFO c.h.h.t.HelmChartContainer - [hivemq-test-hivemq-platform] [hivemq-platform-operator] [9402e1fb] 18:35:46.693 [ReconcilerExecutor-hivemq-controller-158] DEBUG c.h.p.o.HiveMQPlatformReconciler - [helmupgr] Custom Resource Spec (replicas: 1) (extensions: 1)
2025-01-30 18:35:46,695 INFO c.h.h.t.HelmChartContainer - [hivemq-test-hivemq-platform] [hivemq-platform-operator] [9402e1fb] 18:35:46.694 [ReconcilerExecutor-hivemq-controller-158] DEBUG c.h.p.o.HiveMQPlatformReconciler - [helmupgr] StatefulSet Status (revision: test-hivemq-platform-7c6d7d4d7b, replicas: 2, available: 1, ready: 1, current: 0, updated: 2)
2025-01-30 18:35:46,695 INFO c.h.h.t.HelmChartContainer - [hivemq-test-hivemq-platform] [hivemq-platform-operator] [9402e1fb] 18:35:46.694 [ReconcilerExecutor-hivemq-controller-158] DEBUG c.h.p.o.HiveMQPlatformReconciler - [helmupgr] StatefulSet Spec (replicas: 2, init containers: 1, containers: 1, volumes: 4)
2025-01-30 18:35:46,696 INFO c.h.h.t.HelmChartContainer - [hivemq-test-hivemq-platform] [hivemq-platform-operator] [9402e1fb] 18:35:46.695 [ReconcilerExecutor-hivemq-controller-158] DEBUG c.h.p.o.h.HiveMQPlatformReconcilerErrorHandler - [helmupgr] Pod 'test-hivemq-platform-1' phase Running
2025-01-30 18:35:46,697 INFO c.h.h.t.HelmChartContainer - [hivemq-test-hivemq-platform] [hivemq-platform-operator] [9402e1fb] 18:35:46.696 [ReconcilerExecutor-hivemq-controller-158] DEBUG c.h.p.o.h.HiveMQPlatformReconcilerErrorHandler - [helmupgr] Pod 'test-hivemq-platform-0' phase Running
2025-01-30 18:35:46,697 INFO c.h.h.t.HelmChartContainer - [hivemq-test-hivemq-platform] [hivemq-platform-operator] [9402e1fb] 18:35:46.697 [ReconcilerExecutor-hivemq-controller-158] DEBUG c.h.p.o.h.HiveMQPlatformReconcilerRollingRestartHandler - [helmupgr] Rolling restart is waiting for 1 of 2 replicas
2025-01-30 18:35:51,626 INFO c.h.h.t.HelmChartContainer - [EVENT] Warning [Unhealthy] Readiness probe failed: HTTP probe failed with statuscode: 503 [helmupgradeextensionit:test-hivemq-platform-0]
2025-01-30 18:35:51,626 INFO c.h.h.t.HelmChartContainer - Received Unhealthy event for container hivemq in pod test-hivemq-platform-0 [5fd5d19d-ce30-456c-aed2-06815dd3117b]
2025-01-30 18:35:53,480 INFO c.h.h.t.HelmChartContainer - [test-hivemq-platform] [hivemq] [5fd5d19d] INFO  - [HiveMQ Platform Operator Init App 1.7.0-SNAPSHOT] Returning Health API response 200 for liveness
2025-01-30 18:35:54,511 INFO c.h.h.t.HelmChartContainer - [test-hivemq-platform] [hivemq] [5fd5d19d] WARN  - Bridge Extension: Connect to bridge 'testbridge' failed for the 1 time, reason: connection timed out after 10000 ms: /172.17.0.3:1883
2025-01-30 18:35:54,511 INFO c.h.h.t.HelmChartContainer - [test-hivemq-platform] [hivemq] [5fd5d19d] WARN  - Bridge Extension: Connect to bridge 'testbridge' failed for the 1 time, reason: connection timed out after 10000 ms: /172.17.0.3:1883
2025-01-30 18:35:56,625 INFO c.h.h.t.HelmChartContainer - [EVENT] Warning [Unhealthy] Readiness probe failed: HTTP probe failed with statuscode: 503 [helmupgradeextensionit:test-hivemq-platform-0]
2025-01-30 18:35:56,625 INFO c.h.h.t.HelmChartContainer - Received Unhealthy event for container hivemq in pod test-hivemq-platform-0 [5fd5d19d-ce30-456c-aed2-06815dd3117b]
2025-01-30 18:35:56,701 INFO c.h.h.t.HelmChartContainer - [hivemq-test-hivemq-platform] [hivemq-platform-operator] [9402e1fb] 18:35:56.699 [pool-6-thread-7] DEBUG c.h.p.o.d.PlatformServiceResource - [helmupgr] Desired Platform services (3 services)
2025-01-30 18:35:56,701 INFO c.h.h.t.HelmChartContainer - [hivemq-test-hivemq-platform] [hivemq-platform-operator] [9402e1fb] 18:35:56.700 [pool-6-thread-10] DEBUG c.h.p.o.d.PodServiceAccountResource - [helmupgr] Desired PodServiceAccountResource (serviceAccountName: hivemq-platform-pod-test-hivemq-platform)
2025-01-30 18:35:56,701 INFO c.h.h.t.HelmChartContainer - [hivemq-test-hivemq-platform] [hivemq-platform-operator] [9402e1fb] 18:35:56.700 [pool-6-thread-3] DEBUG c.h.p.o.dependants.PodInfoConfigMap - [helmupgr] Desired PodInfo ConfigMap (1 extensions) (1 enabled)
2025-01-30 18:35:56,701 INFO c.h.h.t.HelmChartContainer - [hivemq-test-hivemq-platform] [hivemq-platform-operator] [9402e1fb] 18:35:56.700 [pool-6-thread-3] DEBUG c.h.p.o.dependants.PodInfoConfigMap - [helmupgr] Desired PodInfo ConfigMap (metrics port: 9399) (metrics path: /)
2025-01-30 18:35:56,701 INFO c.h.h.t.HelmChartContainer - [hivemq-test-hivemq-platform] [hivemq-platform-operator] [9402e1fb] 18:35:56.700 [pool-6-thread-3] DEBUG c.h.p.o.dependants.PodInfoConfigMap - [helmupgr] Desired PodInfo ConfigMap (extension state hash: 610187774)
2025-01-30 18:35:56,703 INFO c.h.h.t.HelmChartContainer - [hivemq-test-hivemq-platform] [hivemq-platform-operator] [9402e1fb] 18:35:56.702 [pool-6-thread-7] DEBUG c.h.p.o.d.StatefulSetResource - [helmupgr] Desired StatefulSet (2 replicas) for status ROLLING_RESTART (RESTART_PODS_IN_PROGRESS)
2025-01-30 18:35:56,705 INFO c.h.h.t.HelmChartContainer - [hivemq-test-hivemq-platform] [hivemq-platform-operator] [9402e1fb] 18:35:56.704 [ReconcilerExecutor-hivemq-controller-159] INFO  c.h.p.o.HiveMQPlatformReconciler - [helmupgr] Reconciling HiveMQ Platform 'test-hivemq-platform' in namespace 'helmupgradeextensionit'
2025-01-30 18:35:56,705 INFO c.h.h.t.HelmChartContainer - [hivemq-test-hivemq-platform] [hivemq-platform-operator] [9402e1fb] 18:35:56.704 [ReconcilerExecutor-hivemq-controller-159] DEBUG c.h.p.o.HiveMQPlatformReconciler - [helmupgr] Custom Resource Status ROLLING_RESTART - HiveMQ Platform is restarting Pods (rolling restart) (RESTART_PODS_IN_PROGRESS)
2025-01-30 18:35:56,705 INFO c.h.h.t.HelmChartContainer - [hivemq-test-hivemq-platform] [hivemq-platform-operator] [9402e1fb] 18:35:56.704 [ReconcilerExecutor-hivemq-controller-159] DEBUG c.h.p.o.HiveMQPlatformReconciler - [helmupgr] Custom Resource Spec (replicas: 1) (extensions: 1)
2025-01-30 18:35:56,706 INFO c.h.h.t.HelmChartContainer - [hivemq-test-hivemq-platform] [hivemq-platform-operator] [9402e1fb] 18:35:56.705 [ReconcilerExecutor-hivemq-controller-159] DEBUG c.h.p.o.HiveMQPlatformReconciler - [helmupgr] StatefulSet Status (revision: test-hivemq-platform-7c6d7d4d7b, replicas: 2, available: 1, ready: 1, current: 0, updated: 2)
2025-01-30 18:35:56,706 INFO c.h.h.t.HelmChartContainer - [hivemq-test-hivemq-platform] [hivemq-platform-operator] [9402e1fb] 18:35:56.705 [ReconcilerExecutor-hivemq-controller-159] DEBUG c.h.p.o.HiveMQPlatformReconciler - [helmupgr] StatefulSet Spec (replicas: 2, init containers: 1, containers: 1, volumes: 4)
2025-01-30 18:35:56,707 INFO c.h.h.t.HelmChartContainer - [hivemq-test-hivemq-platform] [hivemq-platform-operator] [9402e1fb] 18:35:56.707 [ReconcilerExecutor-hivemq-controller-159] DEBUG c.h.p.o.h.HiveMQPlatformReconcilerErrorHandler - [helmupgr] Pod 'test-hivemq-platform-1' phase Running
2025-01-30 18:35:56,708 INFO c.h.h.t.HelmChartContainer - [hivemq-test-hivemq-platform] [hivemq-platform-operator] [9402e1fb] 18:35:56.707 [ReconcilerExecutor-hivemq-controller-159] DEBUG c.h.p.o.h.HiveMQPlatformReconcilerErrorHandler - [helmupgr] Pod 'test-hivemq-platform-0' phase Running
2025-01-30 18:35:56,710 INFO c.h.h.t.HelmChartContainer - [hivemq-test-hivemq-platform] [hivemq-platform-operator] [9402e1fb] 18:35:56.708 [ReconcilerExecutor-hivemq-controller-159] DEBUG c.h.p.o.h.HiveMQPlatformReconcilerRollingRestartHandler - [helmupgr] Rolling restart is waiting for 1 of 2 replicas
2025-01-30 18:36:01,626 INFO c.h.h.t.HelmChartContainer - [EVENT] Warning [Unhealthy] Readiness probe failed: HTTP probe failed with statuscode: 503 [helmupgradeextensionit:test-hivemq-platform-0]
2025-01-30 18:36:01,626 INFO c.h.h.t.HelmChartContainer - Received Unhealthy event for container hivemq in pod test-hivemq-platform-0 [5fd5d19d-ce30-456c-aed2-06815dd3117b]
2025-01-30 18:36:06,076 INFO c.h.h.t.HelmChartContainer - [test-hivemq-platform] [hivemq] [5fd5d19d] WARN  - Bridge Extension: Connect to bridge 'testbridge' failed for the 2 time, reason: connection timed out after 10000 ms: /172.17.0.3:1883
2025-01-30 18:36:06,625 INFO c.h.h.t.HelmChartContainer - [EVENT] Warning [Unhealthy] Readiness probe failed: HTTP probe failed with statuscode: 503 [helmupgradeextensionit:test-hivemq-platform-0]
2025-01-30 18:36:06,625 INFO c.h.h.t.HelmChartContainer - Received Unhealthy event for container hivemq in pod test-hivemq-platform-0 [5fd5d19d-ce30-456c-aed2-06815dd3117b]
2025-01-30 18:36:06,677 INFO c.h.h.t.HelmChartContainer - [test-hivemq-platform] [hivemq] [5fd5d19d] WARN  - Bridge Extension: Not all clients could connect successfully to remote brokers. The clients will retry the connection.
2025-01-30 18:36:06,678 INFO c.h.h.t.HelmChartContainer - [test-hivemq-platform] [hivemq] [5fd5d19d] WARN  - Bridge Extension: Connect to bridge 'testbridge' failed for the 2 time, reason: connection timed out after 10000 ms: /172.17.0.3:1883
2025-01-30 18:36:06,695 INFO c.h.h.t.HelmChartContainer - [test-hivemq-platform] [hivemq] [5fd5d19d] INFO  - Extension "HiveMQ Enterprise Bridge Extension" version 4.36.0 started successfully.
2025-01-30 18:36:06,695 INFO c.h.h.testcontainer.LogWaiterUtil - TEST Found log pattern on 'test-hivemq-platform-0': .*Extension "HiveMQ Enterprise Bridge Extension" version .* started successfully.
2025-01-30 18:36:06,696 INFO c.h.h.t.HelmChartContainer - [test-hivemq-platform] [hivemq] [5fd5d19d] INFO  - Starting extension with id "hivemq-prometheus-extension" at /opt/hivemq/extensions/hivemq-prometheus-extension
2025-01-30 18:36:06,713 INFO c.h.h.t.HelmChartContainer - [hivemq-test-hivemq-platform] [hivemq-platform-operator] [9402e1fb] 18:36:06.711 [pool-6-thread-12] DEBUG c.h.p.o.d.PlatformServiceResource - [helmupgr] Desired Platform services (3 services)
2025-01-30 18:36:06,713 INFO c.h.h.t.HelmChartContainer - [hivemq-test-hivemq-platform] [hivemq-platform-operator] [9402e1fb] 18:36:06.712 [pool-6-thread-18] DEBUG c.h.p.o.d.PodServiceAccountResource - [helmupgr] Desired PodServiceAccountResource (serviceAccountName: hivemq-platform-pod-test-hivemq-platform)
2025-01-30 18:36:06,717 INFO c.h.h.t.HelmChartContainer - [hivemq-test-hivemq-platform] [hivemq-platform-operator] [9402e1fb] 18:36:06.711 [pool-6-thread-15] DEBUG c.h.p.o.dependants.PodInfoConfigMap - [helmupgr] Desired PodInfo ConfigMap (1 extensions) (1 enabled)
2025-01-30 18:36:06,717 INFO c.h.h.t.HelmChartContainer - [hivemq-test-hivemq-platform] [hivemq-platform-operator] [9402e1fb] 18:36:06.712 [pool-6-thread-15] DEBUG c.h.p.o.dependants.PodInfoConfigMap - [helmupgr] Desired PodInfo ConfigMap (metrics port: 9399) (metrics path: /)
2025-01-30 18:36:06,717 INFO c.h.h.t.HelmChartContainer - [hivemq-test-hivemq-platform] [hivemq-platform-operator] [9402e1fb] 18:36:06.712 [pool-6-thread-15] DEBUG c.h.p.o.dependants.PodInfoConfigMap - [helmupgr] Desired PodInfo ConfigMap (extension state hash: 610187774)
2025-01-30 18:36:06,717 INFO c.h.h.t.HelmChartContainer - [hivemq-test-hivemq-platform] [hivemq-platform-operator] [9402e1fb] 18:36:06.716 [pool-6-thread-20] DEBUG c.h.p.o.d.StatefulSetResource - [helmupgr] Desired StatefulSet (2 replicas) for status ROLLING_RESTART (RESTART_PODS_IN_PROGRESS)
2025-01-30 18:36:06,722 INFO c.h.h.t.HelmChartContainer - [hivemq-test-hivemq-platform] [hivemq-platform-operator] [9402e1fb] 18:36:06.720 [ReconcilerExecutor-hivemq-controller-160] INFO  c.h.p.o.HiveMQPlatformReconciler - [helmupgr] Reconciling HiveMQ Platform 'test-hivemq-platform' in namespace 'helmupgradeextensionit'
2025-01-30 18:36:06,723 INFO c.h.h.t.HelmChartContainer - [hivemq-test-hivemq-platform] [hivemq-platform-operator] [9402e1fb] 18:36:06.720 [ReconcilerExecutor-hivemq-controller-160] DEBUG c.h.p.o.HiveMQPlatformReconciler - [helmupgr] Custom Resource Status ROLLING_RESTART - HiveMQ Platform is restarting Pods (rolling restart) (RESTART_PODS_IN_PROGRESS)
2025-01-30 18:36:06,723 INFO c.h.h.t.HelmChartContainer - [hivemq-test-hivemq-platform] [hivemq-platform-operator] [9402e1fb] 18:36:06.720 [ReconcilerExecutor-hivemq-controller-160] DEBUG c.h.p.o.HiveMQPlatformReconciler - [helmupgr] Custom Resource Spec (replicas: 1) (extensions: 1)
2025-01-30 18:36:06,725 INFO c.h.h.t.HelmChartContainer - [hivemq-test-hivemq-platform] [hivemq-platform-operator] [9402e1fb] 18:36:06.723 [ReconcilerExecutor-hivemq-controller-160] DEBUG c.h.p.o.HiveMQPlatformReconciler - [helmupgr] StatefulSet Status (revision: test-hivemq-platform-7c6d7d4d7b, replicas: 2, available: 1, ready: 1, current: 0, updated: 2)
2025-01-30 18:36:06,726 INFO c.h.h.t.HelmChartContainer - [hivemq-test-hivemq-platform] [hivemq-platform-operator] [9402e1fb] 18:36:06.723 [ReconcilerExecutor-hivemq-controller-160] DEBUG c.h.p.o.HiveMQPlatformReconciler - [helmupgr] StatefulSet Spec (replicas: 2, init containers: 1, containers: 1, volumes: 4)
2025-01-30 18:36:06,727 INFO c.h.h.t.HelmChartContainer - [hivemq-test-hivemq-platform] [hivemq-platform-operator] [9402e1fb] 18:36:06.724 [ReconcilerExecutor-hivemq-controller-160] DEBUG c.h.p.o.h.HiveMQPlatformReconcilerErrorHandler - [helmupgr] Pod 'test-hivemq-platform-1' phase Running
2025-01-30 18:36:06,728 INFO c.h.h.t.HelmChartContainer - [hivemq-test-hivemq-platform] [hivemq-platform-operator] [9402e1fb] 18:36:06.725 [ReconcilerExecutor-hivemq-controller-160] DEBUG c.h.p.o.h.HiveMQPlatformReconcilerErrorHandler - [helmupgr] Pod 'test-hivemq-platform-0' phase Running
2025-01-30 18:36:06,728 INFO c.h.h.t.HelmChartContainer - [hivemq-test-hivemq-platform] [hivemq-platform-operator] [9402e1fb] 18:36:06.726 [ReconcilerExecutor-hivemq-controller-160] DEBUG c.h.p.o.h.HiveMQPlatformReconcilerRollingRestartHandler - [helmupgr] Rolling restart is waiting for 1 of 2 replicas
2025-01-30 18:36:07,004 INFO c.h.h.t.HelmChartContainer - [test-hivemq-platform] [hivemq] [5fd5d19d] INFO  - Started Jetty Server exposing Prometheus Servlet on URI http://0.0.0.0:9399/
2025-01-30 18:36:07,005 INFO c.h.h.t.HelmChartContainer - [test-hivemq-platform] [hivemq] [5fd5d19d] INFO  - Extension "Prometheus Monitoring Extension" version 4.0.12 started successfully.
2025-01-30 18:36:07,005 INFO c.h.h.t.HelmChartContainer - [test-hivemq-platform] [hivemq] [5fd5d19d] INFO  - Starting extension with id "hivemq-allow-all-extension" at /opt/hivemq/extensions/hivemq-allow-all-extension
2025-01-30 18:36:07,005 INFO c.h.h.t.HelmChartContainer - [test-hivemq-platform] [hivemq] [5fd5d19d] WARN  - 
2025-01-30 18:36:07,005 INFO c.h.h.t.HelmChartContainer - [test-hivemq-platform] [hivemq] [5fd5d19d] ################################################################################################################
2025-01-30 18:36:07,005 INFO c.h.h.t.HelmChartContainer - [test-hivemq-platform] [hivemq] [5fd5d19d] # This HiveMQ deployment is not secure! You are lacking Authentication and Authorization.                      #
2025-01-30 18:36:07,005 INFO c.h.h.t.HelmChartContainer - [test-hivemq-platform] [hivemq] [5fd5d19d] # Right now any MQTT client can connect to the broker with a full set of permissions.                          #
2025-01-30 18:36:07,005 INFO c.h.h.t.HelmChartContainer - [test-hivemq-platform] [hivemq] [5fd5d19d] # For production usage, add an appropriate security extension and remove the hivemq-allow-all extension.       #
2025-01-30 18:36:07,005 INFO c.h.h.t.HelmChartContainer - [test-hivemq-platform] [hivemq] [5fd5d19d] # You can download security extensions from the HiveMQ Marketplace (https://www.hivemq.com/extensions/).       #
2025-01-30 18:36:07,005 INFO c.h.h.t.HelmChartContainer - [test-hivemq-platform] [hivemq] [5fd5d19d] ################################################################################################################
2025-01-30 18:36:07,005 INFO c.h.h.t.HelmChartContainer - [test-hivemq-platform] [hivemq] [5fd5d19d] INFO  - Extension "Allow All Extension" version 1.1.1 started successfully.
2025-01-30 18:36:07,006 INFO c.h.h.t.HelmChartContainer - [test-hivemq-platform] [hivemq] [5fd5d19d] WARN  - No user for HiveMQ Control Center configured. Starting with default user
2025-01-30 18:36:07,006 INFO c.h.h.t.HelmChartContainer - [test-hivemq-platform] [hivemq] [5fd5d19d] INFO  - Starting HiveMQ Control Center on address 0.0.0.0 and port 8080
2025-01-30 18:36:07,008 INFO c.h.h.t.HelmChartContainer - [test-hivemq-platform] [hivemq] [5fd5d19d] INFO  - Mounting HiveMQ Control Center V2 Preview
2025-01-30 18:36:07,694 INFO c.h.h.t.HelmChartContainer - [test-hivemq-platform] [hivemq] [5fd5d19d] INFO  - Started HiveMQ Control Center in 689ms
2025-01-30 18:36:07,712 INFO c.h.h.t.HelmChartContainer - [test-hivemq-platform] [hivemq] [5fd5d19d] INFO  - Starting TCP listener on address 0.0.0.0 and port 1883
2025-01-30 18:36:07,803 INFO c.h.h.t.HelmChartContainer - [test-hivemq-platform] [hivemq] [5fd5d19d] INFO  - Started TCP Listener on address 0.0.0.0 and on port 1883.
2025-01-30 18:36:07,804 INFO c.h.h.t.HelmChartContainer - [test-hivemq-platform] [hivemq] [5fd5d19d] INFO  - Started HiveMQ in 51090ms
2025-01-30 18:36:11,623 INFO c.h.h.t.HelmChartContainer - [test-hivemq-platform] [hivemq] [5fd5d19d] INFO  - [HiveMQ Platform Operator Init App 1.7.0-SNAPSHOT] Returning Health API response 200 for readiness
2025-01-30 18:36:11,634 INFO c.h.h.t.HelmChartContainer - [POD] test-hivemq-platform-0 [5fd5d19d-ce30-456c-aed2-06815dd3117b] in helmupgradeextensionit was MODIFIED
2025-01-30 18:36:11,646 INFO c.h.h.t.HelmChartContainer - [hivemq-test-hivemq-platform] [hivemq-platform-operator] [9402e1fb] 18:36:11.641 [pool-6-thread-21] DEBUG c.h.p.o.d.PlatformServiceResource - [helmupgr] Desired Platform services (3 services)
2025-01-30 18:36:11,646 INFO c.h.h.t.HelmChartContainer - [hivemq-test-hivemq-platform] [hivemq-platform-operator] [9402e1fb] 18:36:11.641 [pool-6-thread-26] DEBUG c.h.p.o.dependants.PodInfoConfigMap - [helmupgr] Desired PodInfo ConfigMap (1 extensions) (1 enabled)
2025-01-30 18:36:11,646 INFO c.h.h.t.HelmChartContainer - [hivemq-test-hivemq-platform] [hivemq-platform-operator] [9402e1fb] 18:36:11.642 [pool-6-thread-26] DEBUG c.h.p.o.dependants.PodInfoConfigMap - [helmupgr] Desired PodInfo ConfigMap (metrics port: 9399) (metrics path: /)
2025-01-30 18:36:11,646 INFO c.h.h.t.HelmChartContainer - [hivemq-test-hivemq-platform] [hivemq-platform-operator] [9402e1fb] 18:36:11.642 [pool-6-thread-26] DEBUG c.h.p.o.dependants.PodInfoConfigMap - [helmupgr] Desired PodInfo ConfigMap (extension state hash: 610187774)
2025-01-30 18:36:11,650 INFO c.h.h.t.HelmChartContainer - [hivemq-test-hivemq-platform] [hivemq-platform-operator] [9402e1fb] 18:36:11.642 [pool-6-thread-27] DEBUG c.h.p.o.d.PodServiceAccountResource - [helmupgr] Desired PodServiceAccountResource (serviceAccountName: hivemq-platform-pod-test-hivemq-platform)
2025-01-30 18:36:11,650 INFO c.h.h.t.HelmChartContainer - [hivemq-test-hivemq-platform] [hivemq-platform-operator] [9402e1fb] 18:36:11.644 [pool-6-thread-27] DEBUG c.h.p.o.d.StatefulSetResource - [helmupgr] Desired StatefulSet (2 replicas) for status ROLLING_RESTART (RESTART_PODS_IN_PROGRESS)
2025-01-30 18:36:11,650 INFO c.h.h.t.HelmChartContainer - [hivemq-test-hivemq-platform] [hivemq-platform-operator] [9402e1fb] 18:36:11.646 [ReconcilerExecutor-hivemq-controller-163] INFO  c.h.p.o.HiveMQPlatformReconciler - [helmupgr] Reconciling HiveMQ Platform 'test-hivemq-platform' in namespace 'helmupgradeextensionit'
2025-01-30 18:36:11,650 INFO c.h.h.t.HelmChartContainer - [hivemq-test-hivemq-platform] [hivemq-platform-operator] [9402e1fb] 18:36:11.646 [ReconcilerExecutor-hivemq-controller-163] DEBUG c.h.p.o.HiveMQPlatformReconciler - [helmupgr] Custom Resource Status ROLLING_RESTART - HiveMQ Platform is restarting Pods (rolling restart) (RESTART_PODS_IN_PROGRESS)
2025-01-30 18:36:11,650 INFO c.h.h.t.HelmChartContainer - [hivemq-test-hivemq-platform] [hivemq-platform-operator] [9402e1fb] 18:36:11.646 [ReconcilerExecutor-hivemq-controller-163] DEBUG c.h.p.o.HiveMQPlatformReconciler - [helmupgr] Custom Resource Spec (replicas: 1) (extensions: 1)
2025-01-30 18:36:11,650 INFO c.h.h.t.HelmChartContainer - [hivemq-test-hivemq-platform] [hivemq-platform-operator] [9402e1fb] 18:36:11.647 [ReconcilerExecutor-hivemq-controller-163] DEBUG c.h.p.o.HiveMQPlatformReconciler - [helmupgr] StatefulSet Status (revision: test-hivemq-platform-7c6d7d4d7b, replicas: 2, available: 1, ready: 1, current: 0, updated: 2)
2025-01-30 18:36:11,650 INFO c.h.h.t.HelmChartContainer - [hivemq-test-hivemq-platform] [hivemq-platform-operator] [9402e1fb] 18:36:11.647 [ReconcilerExecutor-hivemq-controller-163] DEBUG c.h.p.o.HiveMQPlatformReconciler - [helmupgr] StatefulSet Spec (replicas: 2, init containers: 1, containers: 1, volumes: 4)
2025-01-30 18:36:11,650 INFO c.h.h.t.HelmChartContainer - [hivemq-test-hivemq-platform] [hivemq-platform-operator] [9402e1fb] 18:36:11.648 [ReconcilerExecutor-hivemq-controller-163] DEBUG c.h.p.o.h.HiveMQPlatformReconcilerErrorHandler - [helmupgr] Pod 'test-hivemq-platform-1' phase Running
2025-01-30 18:36:11,656 INFO c.h.h.t.HelmChartContainer - [hivemq-test-hivemq-platform] [hivemq-platform-operator] [9402e1fb] 18:36:11.652 [ReconcilerExecutor-hivemq-controller-163] DEBUG c.h.p.o.h.HiveMQPlatformReconcilerErrorHandler - [helmupgr] Pod 'test-hivemq-platform-0' phase Running
2025-01-30 18:36:11,657 INFO c.h.h.t.HelmChartContainer - [hivemq-test-hivemq-platform] [hivemq-platform-operator] [9402e1fb] 18:36:11.652 [ReconcilerExecutor-hivemq-controller-163] DEBUG c.h.p.o.h.HiveMQPlatformReconcilerRollingRestartHandler - [helmupgr] Rolling restart is waiting for 1 of 2 replicas
2025-01-30 18:36:11,659 INFO c.h.h.t.HelmChartContainer - [hivemq-test-hivemq-platform] [hivemq-platform-operator] [9402e1fb] 18:36:11.657 [pool-6-thread-33] DEBUG c.h.p.o.d.PlatformServiceResource - [helmupgr] Desired Platform services (3 services)
2025-01-30 18:36:11,659 INFO c.h.h.t.HelmChartContainer - [hivemq-test-hivemq-platform] [hivemq-platform-operator] [9402e1fb] 18:36:11.658 [pool-6-thread-40] DEBUG c.h.p.o.d.PodServiceAccountResource - [helmupgr] Desired PodServiceAccountResource (serviceAccountName: hivemq-platform-pod-test-hivemq-platform)
2025-01-30 18:36:11,661 INFO c.h.h.t.HelmChartContainer - [hivemq-test-hivemq-platform] [hivemq-platform-operator] [9402e1fb] 18:36:11.658 [pool-6-thread-39] DEBUG c.h.p.o.dependants.PodInfoConfigMap - [helmupgr] Desired PodInfo ConfigMap (1 extensions) (1 enabled)
2025-01-30 18:36:11,661 INFO c.h.h.t.HelmChartContainer - [hivemq-test-hivemq-platform] [hivemq-platform-operator] [9402e1fb] 18:36:11.660 [pool-6-thread-39] DEBUG c.h.p.o.dependants.PodInfoConfigMap - [helmupgr] Desired PodInfo ConfigMap (metrics port: 9399) (metrics path: /)
2025-01-30 18:36:11,661 INFO c.h.h.t.HelmChartContainer - [hivemq-test-hivemq-platform] [hivemq-platform-operator] [9402e1fb] 18:36:11.660 [pool-6-thread-39] DEBUG c.h.p.o.dependants.PodInfoConfigMap - [helmupgr] Desired PodInfo ConfigMap (extension state hash: 610187774)
2025-01-30 18:36:11,738 INFO c.h.h.t.HelmChartContainer - [hivemq-test-hivemq-platform] [hivemq-platform-operator] [9402e1fb] 18:36:11.737 [pool-6-thread-33] DEBUG c.h.p.o.d.StatefulSetResource - [helmupgr] Desired StatefulSet (2 replicas) for status ROLLING_RESTART (RESTART_PODS_IN_PROGRESS)
2025-01-30 18:36:11,740 INFO c.h.h.t.HelmChartContainer - [hivemq-test-hivemq-platform] [hivemq-platform-operator] [9402e1fb] 18:36:11.740 [ReconcilerExecutor-hivemq-controller-164] INFO  c.h.p.o.HiveMQPlatformReconciler - [helmupgr] Reconciling HiveMQ Platform 'test-hivemq-platform' in namespace 'helmupgradeextensionit'
2025-01-30 18:36:11,741 INFO c.h.h.t.HelmChartContainer - [hivemq-test-hivemq-platform] [hivemq-platform-operator] [9402e1fb] 18:36:11.740 [ReconcilerExecutor-hivemq-controller-164] DEBUG c.h.p.o.HiveMQPlatformReconciler - [helmupgr] Custom Resource Status ROLLING_RESTART - HiveMQ Platform is restarting Pods (rolling restart) (RESTART_PODS_IN_PROGRESS)
2025-01-30 18:36:11,742 INFO c.h.h.t.HelmChartContainer - [hivemq-test-hivemq-platform] [hivemq-platform-operator] [9402e1fb] 18:36:11.740 [ReconcilerExecutor-hivemq-controller-164] DEBUG c.h.p.o.HiveMQPlatformReconciler - [helmupgr] Custom Resource Spec (replicas: 1) (extensions: 1)
2025-01-30 18:36:11,742 INFO c.h.h.t.HelmChartContainer - [hivemq-test-hivemq-platform] [hivemq-platform-operator] [9402e1fb] 18:36:11.741 [ReconcilerExecutor-hivemq-controller-164] DEBUG c.h.p.o.HiveMQPlatformReconciler - [helmupgr] StatefulSet Status (revision: test-hivemq-platform-7c6d7d4d7b, replicas: 2, available: 2, ready: 2, current: 0, updated: 2)
2025-01-30 18:36:11,742 INFO c.h.h.t.HelmChartContainer - [hivemq-test-hivemq-platform] [hivemq-platform-operator] [9402e1fb] 18:36:11.741 [ReconcilerExecutor-hivemq-controller-164] DEBUG c.h.p.o.HiveMQPlatformReconciler - [helmupgr] StatefulSet Spec (replicas: 2, init containers: 1, containers: 1, volumes: 4)
2025-01-30 18:36:11,743 INFO c.h.h.t.HelmChartContainer - [hivemq-test-hivemq-platform] [hivemq-platform-operator] [9402e1fb] 18:36:11.742 [ReconcilerExecutor-hivemq-controller-164] DEBUG c.h.p.o.h.HiveMQPlatformReconcilerErrorHandler - [helmupgr] Pod 'test-hivemq-platform-1' phase Running
2025-01-30 18:36:11,744 INFO c.h.h.t.HelmChartContainer - [hivemq-test-hivemq-platform] [hivemq-platform-operator] [9402e1fb] 18:36:11.743 [ReconcilerExecutor-hivemq-controller-164] DEBUG c.h.p.o.h.HiveMQPlatformReconcilerErrorHandler - [helmupgr] Pod 'test-hivemq-platform-0' phase Running
2025-01-30 18:36:11,755 INFO c.h.h.t.HelmChartContainer - [hivemq-test-hivemq-platform] [hivemq-platform-operator] [9402e1fb] 18:36:11.754 [ReconcilerExecutor-hivemq-controller-164] DEBUG c.h.p.o.h.HiveMQPlatformReconcilerRollingRestartHandler - [helmupgr] Skipping Pod test-hivemq-platform-1 as it's already on the controller update revision (update revision: test-hivemq-platform-7c6d7d4d7b, pod revision: test-hivemq-platform-7c6d7d4d7b)
2025-01-30 18:36:11,843 INFO c.h.h.t.HelmChartContainer - [hivemq-test-hivemq-platform] [hivemq-platform-operator] [9402e1fb] 18:36:11.841 [ReconcilerExecutor-hivemq-controller-164] DEBUG c.h.p.o.h.HiveMQPlatformReconcilerRollingRestartHandler - [helmupgr] Skipping Pod test-hivemq-platform-0 as it's already on the controller update revision (update revision: test-hivemq-platform-7c6d7d4d7b, pod revision: test-hivemq-platform-7c6d7d4d7b)
2025-01-30 18:36:11,843 INFO c.h.h.t.HelmChartContainer - [hivemq-test-hivemq-platform] [hivemq-platform-operator] [9402e1fb] 18:36:11.841 [ReconcilerExecutor-hivemq-controller-164] INFO  c.h.p.o.h.HiveMQPlatformReconcilerRollingRestartHandler - [helmupgr] Stopping surge Pod
2025-01-30 18:36:11,857 INFO c.h.h.t.HelmChartContainer - [hivemq-test-hivemq-platform] [hivemq-platform-operator] [9402e1fb] 18:36:11.855 [ReconcilerExecutor-hivemq-controller-164] DEBUG c.h.p.operator.event.EventSender - [helmupgr] Creating K8s event rolling-restart-scale-down-in-progress: [RollingRestart] HiveMQ Platform is stopping the surge Pod (rolling restart)
2025-01-30 18:36:11,861 INFO c.h.h.t.HelmChartContainer - [EVENT] Normal [RollingRestart] HiveMQ Platform is stopping the surge Pod (rolling restart) [helmupgradeextensionit:test-hivemq-platform]
2025-01-30 18:36:11,861 INFO c.h.h.t.HelmChartContainer - [hivemq-test-hivemq-platform] [hivemq-platform-operator] [9402e1fb] 18:36:11.860 [ReconcilerExecutor-hivemq-controller-164] INFO  c.h.p.o.h.AbstractHiveMQReconcilerStateHandler - [helmupgr] Update HiveMQ Platform Status (ROLLING_RESTART [RESTART_PODS_IN_PROGRESS] -> ROLLING_RESTART [SCALE_DOWN_IN_PROGRESS]): HiveMQ Platform is stopping the surge Pod (rolling restart)
2025-01-30 18:36:11,945 DEBUG com.hivemq.helmcharts.util.K8sUtil - Comparing actual state 'ROLLING_RESTART' and waiting for 'RUNNING'
2025-01-30 18:36:17,982 INFO c.h.h.t.HelmChartContainer - [test-hivemq-platform] [hivemq] [39d6c376] WARN  - Bridge Extension: Connect to bridge 'testbridge' failed for the 6 time, reason: connection timed out after 10000 ms: /172.17.0.3:1883
2025-01-30 18:36:19,181 INFO c.h.h.t.HelmChartContainer - [test-hivemq-platform] [hivemq] [39d6c376] WARN  - Bridge Extension: Connect to bridge 'testbridge' failed for the 6 time, reason: connection timed out after 10000 ms: /172.17.0.3:1883
2025-01-30 18:36:19,260 INFO c.h.h.t.HelmChartContainer - [test-hivemq-platform] [hivemq] [5fd5d19d] WARN  - Bridge Extension: Connect to bridge 'testbridge' failed for the 3 time, reason: connection timed out after 10000 ms: /172.17.0.3:1883
2025-01-30 18:36:20,605 INFO c.h.h.t.HelmChartContainer - [test-hivemq-platform] [hivemq] [5fd5d19d] WARN  - Bridge Extension: Connect to bridge 'testbridge' failed for the 3 time, reason: connection timed out after 10000 ms: /172.17.0.3:1883
2025-01-30 18:36:21,948 INFO c.h.h.t.HelmChartContainer - [hivemq-test-hivemq-platform] [hivemq-platform-operator] [9402e1fb] 18:36:21.947 [pool-6-thread-47] DEBUG c.h.p.o.d.PlatformServiceResource - [helmupgr] Desired Platform services (3 services)
2025-01-30 18:36:21,950 INFO c.h.h.t.HelmChartContainer - [hivemq-test-hivemq-platform] [hivemq-platform-operator] [9402e1fb] 18:36:21.947 [pool-6-thread-45] DEBUG c.h.p.o.dependants.PodInfoConfigMap - [helmupgr] Desired PodInfo ConfigMap (1 extensions) (1 enabled)
2025-01-30 18:36:21,950 INFO c.h.h.t.HelmChartContainer - [hivemq-test-hivemq-platform] [hivemq-platform-operator] [9402e1fb] 18:36:21.948 [pool-6-thread-45] DEBUG c.h.p.o.dependants.PodInfoConfigMap - [helmupgr] Desired PodInfo ConfigMap (metrics port: 9399) (metrics path: /)
2025-01-30 18:36:21,950 INFO c.h.h.t.HelmChartContainer - [hivemq-test-hivemq-platform] [hivemq-platform-operator] [9402e1fb] 18:36:21.948 [pool-6-thread-45] DEBUG c.h.p.o.dependants.PodInfoConfigMap - [helmupgr] Desired PodInfo ConfigMap (extension state hash: 610187774)
2025-01-30 18:36:21,950 INFO c.h.h.t.HelmChartContainer - [hivemq-test-hivemq-platform] [hivemq-platform-operator] [9402e1fb] 18:36:21.948 [pool-6-thread-45] DEBUG c.h.p.o.dependants.PodInfoConfigMap - [helmupgr] Update PodInfo ConfigMap
2025-01-30 18:36:21,950 INFO c.h.h.t.HelmChartContainer - [hivemq-test-hivemq-platform] [hivemq-platform-operator] [9402e1fb] 18:36:21.948 [pool-6-thread-44] DEBUG c.h.p.o.d.PodServiceAccountResource - [helmupgr] Desired PodServiceAccountResource (serviceAccountName: hivemq-platform-pod-test-hivemq-platform)
2025-01-30 18:36:21,958 INFO c.h.h.t.HelmChartContainer - [hivemq-test-hivemq-platform] [hivemq-platform-operator] [9402e1fb] 18:36:21.957 [pool-6-thread-45] DEBUG c.h.p.o.d.StatefulSetResource - [helmupgr] Desired StatefulSet (1 replicas) for status ROLLING_RESTART (SCALE_DOWN_IN_PROGRESS)
2025-01-30 18:36:21,960 INFO c.h.h.t.HelmChartContainer - [hivemq-test-hivemq-platform] [hivemq-platform-operator] [9402e1fb] 18:36:21.960 [pool-6-thread-45] DEBUG c.h.p.o.d.StatefulSetResource - [helmupgr] Update StatefulSet (replicas: 2 -> 1)
2025-01-30 18:36:22,022 INFO c.h.h.t.HelmChartContainer - [POD] test-hivemq-platform-1 [39d6c376-21b4-4781-9e73-5b2f7c9775ff] in helmupgradeextensionit was MODIFIED
2025-01-30 18:36:22,025 INFO c.h.h.t.HelmChartContainer - [EVENT] Normal [Killing] Stopping container hivemq [helmupgradeextensionit:test-hivemq-platform-1]
2025-01-30 18:36:22,025 INFO c.h.h.t.HelmChartContainer - Received Killing event for container hivemq in pod test-hivemq-platform-1 [39d6c376-21b4-4781-9e73-5b2f7c9775ff]
2025-01-30 18:36:22,025 INFO c.h.h.t.HelmChartContainer - Container [test-hivemq-platform-1] [hivemq] [39d6c376-21b4-4781-9e73-5b2f7c9775ff] was terminated
2025-01-30 18:36:22,025 INFO c.h.h.t.HelmChartContainer - Stopped log watcher for hivemq in pod test-hivemq-platform-1 [39d6c376-21b4-4781-9e73-5b2f7c9775ff]
2025-01-30 18:36:22,027 INFO c.h.h.t.HelmChartContainer - [EVENT] Normal [SuccessfulDelete] delete Pod test-hivemq-platform-1 in StatefulSet test-hivemq-platform successful [helmupgradeextensionit:test-hivemq-platform]
2025-01-30 18:36:22,037 INFO c.h.h.t.HelmChartContainer - [test-hivemq-platform] [hivemq] [39d6c376] INFO  - [HiveMQ Platform Operator Init App 1.7.0-SNAPSHOT] Shutting down
2025-01-30 18:36:22,037 INFO c.h.h.t.HelmChartContainer - [test-hivemq-platform] [hivemq] [39d6c376] INFO  - [HiveMQ Platform Operator Init App 1.7.0-SNAPSHOT] Stopping the HiveMQ Platform
2025-01-30 18:36:22,047 INFO c.h.h.t.HelmChartContainer - [hivemq-test-hivemq-platform] [hivemq-platform-operator] [9402e1fb] 18:36:22.044 [ReconcilerExecutor-hivemq-controller-52] INFO  c.h.p.o.HiveMQPlatformReconciler - [helmupgr] Reconciling HiveMQ Platform 'test-hivemq-platform' in namespace 'helmupgradeextensionit'
2025-01-30 18:36:22,047 INFO c.h.h.t.HelmChartContainer - [hivemq-test-hivemq-platform] [hivemq-platform-operator] [9402e1fb] 18:36:22.044 [ReconcilerExecutor-hivemq-controller-52] DEBUG c.h.p.o.HiveMQPlatformReconciler - [helmupgr] Custom Resource Status ROLLING_RESTART - HiveMQ Platform is stopping the surge Pod (rolling restart) (SCALE_DOWN_IN_PROGRESS)
2025-01-30 18:36:22,047 INFO c.h.h.t.HelmChartContainer - [hivemq-test-hivemq-platform] [hivemq-platform-operator] [9402e1fb] 18:36:22.044 [ReconcilerExecutor-hivemq-controller-52] DEBUG c.h.p.o.HiveMQPlatformReconciler - [helmupgr] Custom Resource Spec (replicas: 1) (extensions: 1)
2025-01-30 18:36:22,052 INFO c.h.h.t.HelmChartContainer - [hivemq-test-hivemq-platform] [hivemq-platform-operator] [9402e1fb] 18:36:22.050 [ReconcilerExecutor-hivemq-controller-52] DEBUG c.h.p.o.HiveMQPlatformReconciler - [helmupgr] StatefulSet Status (revision: test-hivemq-platform-7c6d7d4d7b, replicas: 2, available: 2, ready: 2, current: 0, updated: 2)
2025-01-30 18:36:22,052 INFO c.h.h.t.HelmChartContainer - [hivemq-test-hivemq-platform] [hivemq-platform-operator] [9402e1fb] 18:36:22.051 [ReconcilerExecutor-hivemq-controller-52] DEBUG c.h.p.o.HiveMQPlatformReconciler - [helmupgr] StatefulSet Spec (replicas: 1, init containers: 1, containers: 1, volumes: 4)
2025-01-30 18:36:22,060 INFO c.h.h.t.HelmChartContainer - [hivemq-test-hivemq-platform] [hivemq-platform-operator] [9402e1fb] 18:36:22.055 [ReconcilerExecutor-hivemq-controller-52] DEBUG c.h.p.o.h.HiveMQPlatformReconcilerErrorHandler - [helmupgr] Pod 'test-hivemq-platform-0' phase Running
2025-01-30 18:36:22,060 INFO c.h.h.t.HelmChartContainer - [hivemq-test-hivemq-platform] [hivemq-platform-operator] [9402e1fb] 18:36:22.057 [ReconcilerExecutor-hivemq-controller-52] DEBUG c.h.p.o.h.HiveMQPlatformReconcilerRollingRestartHandler - [helmupgr] Rolling restart is waiting for 2 of 1 replicas
2025-01-30 18:36:22,066 INFO c.h.h.t.HelmChartContainer - [hivemq-test-hivemq-platform] [hivemq-platform-operator] [9402e1fb] 18:36:22.063 [pool-6-thread-3] DEBUG c.h.p.o.d.PlatformServiceResource - [helmupgr] Desired Platform services (3 services)
2025-01-30 18:36:22,067 INFO c.h.h.t.HelmChartContainer - [hivemq-test-hivemq-platform] [hivemq-platform-operator] [9402e1fb] 18:36:22.066 [pool-6-thread-2] DEBUG c.h.p.o.dependants.PodInfoConfigMap - [helmupgr] Desired PodInfo ConfigMap (1 extensions) (1 enabled)
2025-01-30 18:36:22,073 INFO c.h.h.t.HelmChartContainer - [hivemq-test-hivemq-platform] [hivemq-platform-operator] [9402e1fb] 18:36:22.066 [pool-6-thread-2] DEBUG c.h.p.o.dependants.PodInfoConfigMap - [helmupgr] Desired PodInfo ConfigMap (metrics port: 9399) (metrics path: /)
2025-01-30 18:36:22,073 INFO c.h.h.t.HelmChartContainer - [hivemq-test-hivemq-platform] [hivemq-platform-operator] [9402e1fb] 18:36:22.069 [pool-6-thread-2] DEBUG c.h.p.o.dependants.PodInfoConfigMap - [helmupgr] Desired PodInfo ConfigMap (extension state hash: 610187774)
2025-01-30 18:36:22,073 INFO c.h.h.t.HelmChartContainer - [hivemq-test-hivemq-platform] [hivemq-platform-operator] [9402e1fb] 18:36:22.070 [pool-6-thread-2] DEBUG c.h.p.o.d.PodServiceAccountResource - [helmupgr] Desired PodServiceAccountResource (serviceAccountName: hivemq-platform-pod-test-hivemq-platform)
2025-01-30 18:36:22,081 INFO c.h.h.t.HelmChartContainer - [hivemq-test-hivemq-platform] [hivemq-platform-operator] [9402e1fb] 18:36:22.080 [pool-6-thread-7] DEBUG c.h.p.o.d.StatefulSetResource - [helmupgr] Desired StatefulSet (1 replicas) for status ROLLING_RESTART (SCALE_DOWN_IN_PROGRESS)
2025-01-30 18:36:22,085 INFO c.h.h.t.HelmChartContainer - [hivemq-test-hivemq-platform] [hivemq-platform-operator] [9402e1fb] 18:36:22.084 [ReconcilerExecutor-hivemq-controller-52] INFO  c.h.p.o.HiveMQPlatformReconciler - [helmupgr] Reconciling HiveMQ Platform 'test-hivemq-platform' in namespace 'helmupgradeextensionit'
2025-01-30 18:36:22,085 INFO c.h.h.t.HelmChartContainer - [hivemq-test-hivemq-platform] [hivemq-platform-operator] [9402e1fb] 18:36:22.084 [ReconcilerExecutor-hivemq-controller-52] DEBUG c.h.p.o.HiveMQPlatformReconciler - [helmupgr] Custom Resource Status ROLLING_RESTART - HiveMQ Platform is stopping the surge Pod (rolling restart) (SCALE_DOWN_IN_PROGRESS)
2025-01-30 18:36:22,085 INFO c.h.h.t.HelmChartContainer - [hivemq-test-hivemq-platform] [hivemq-platform-operator] [9402e1fb] 18:36:22.084 [ReconcilerExecutor-hivemq-controller-52] DEBUG c.h.p.o.HiveMQPlatformReconciler - [helmupgr] Custom Resource Spec (replicas: 1) (extensions: 1)
2025-01-30 18:36:22,086 INFO c.h.h.t.HelmChartContainer - [hivemq-test-hivemq-platform] [hivemq-platform-operator] [9402e1fb] 18:36:22.085 [ReconcilerExecutor-hivemq-controller-52] DEBUG c.h.p.o.HiveMQPlatformReconciler - [helmupgr] StatefulSet Status (revision: test-hivemq-platform-7c6d7d4d7b, replicas: 2, available: 2, ready: 2, current: 0, updated: 1)
2025-01-30 18:36:22,086 INFO c.h.h.t.HelmChartContainer - [hivemq-test-hivemq-platform] [hivemq-platform-operator] [9402e1fb] 18:36:22.085 [ReconcilerExecutor-hivemq-controller-52] DEBUG c.h.p.o.HiveMQPlatformReconciler - [helmupgr] StatefulSet Spec (replicas: 1, init containers: 1, containers: 1, volumes: 4)
2025-01-30 18:36:22,087 INFO c.h.h.t.HelmChartContainer - [hivemq-test-hivemq-platform] [hivemq-platform-operator] [9402e1fb] 18:36:22.086 [ReconcilerExecutor-hivemq-controller-52] DEBUG c.h.p.o.h.HiveMQPlatformReconcilerErrorHandler - [helmupgr] Pod 'test-hivemq-platform-0' phase Running
2025-01-30 18:36:22,138 INFO c.h.h.t.HelmChartContainer - [hivemq-test-hivemq-platform] [hivemq-platform-operator] [9402e1fb] 18:36:22.138 [ReconcilerExecutor-hivemq-controller-52] DEBUG c.h.p.o.h.HiveMQPlatformReconcilerRollingRestartHandler - [helmupgr] Rolling restart is waiting for 2 of 1 replicas
2025-01-30 18:36:22,221 INFO c.h.h.t.HelmChartContainer - [test-hivemq-platform] [hivemq] [39d6c376] INFO  - Shutting down HiveMQ. Please wait, this could take a while...
2025-01-30 18:36:22,224 INFO c.h.h.t.HelmChartContainer - [test-hivemq-platform] [hivemq] [39d6c376] INFO  - Shutting down listeners and clients
2025-01-30 18:36:22,226 INFO c.h.h.t.HelmChartContainer - [test-hivemq-platform] [hivemq] [39d6c376] INFO  - Shutdown of listeners is done
2025-01-30 18:36:22,227 INFO c.h.h.t.HelmChartContainer - [test-hivemq-platform] [hivemq] [39d6c376] INFO  - No clients are connected, proceeding with shutdown
2025-01-30 18:36:24,934 INFO c.h.h.t.HelmChartContainer - [test-hivemq-platform] [hivemq] [39d6c376] INFO  - Shutting down extension system
2025-01-30 18:36:24,939 INFO c.h.h.t.HelmChartContainer - [test-hivemq-platform] [hivemq] [39d6c376] INFO  - Stopping extension with id hivemq-dns-cluster-discovery
2025-01-30 18:36:24,939 INFO c.h.h.t.HelmChartContainer - [test-hivemq-platform] [hivemq] [39d6c376] INFO  - Extension "DNS Cluster Discovery Extension" version 4.3.2 stopped successfully.
2025-01-30 18:36:24,940 INFO c.h.h.t.HelmChartContainer - [test-hivemq-platform] [hivemq] [39d6c376] INFO  - Stopping extension with id hivemq-bridge-extension
2025-01-30 18:36:24,943 INFO c.h.h.t.HelmChartContainer - [test-hivemq-platform] [hivemq] [39d6c376] INFO  - Bridge Extension: Stopping extension
2025-01-30 18:36:24,952 INFO c.h.h.t.HelmChartContainer - [test-hivemq-platform] [hivemq] [39d6c376] ERROR - Bridge Extension: Error when disconnecting client "testbridge-0-3aa04d44-a0a0-496a-ae83-52c5ad609460". Reason: MQTT client is not connected.
2025-01-30 18:36:24,952 INFO c.h.h.t.HelmChartContainer - [test-hivemq-platform] [hivemq] [39d6c376] ERROR - Bridge Extension: Error when disconnecting client "testbridge-1-3aa04d44-a0a0-496a-ae83-52c5ad609460". Reason: MQTT client is not connected.
2025-01-30 18:36:24,952 INFO c.h.h.t.HelmChartContainer - [test-hivemq-platform] [hivemq] [39d6c376] INFO  - Extension "HiveMQ Enterprise Bridge Extension" version 4.36.0 stopped successfully.
2025-01-30 18:36:24,953 INFO c.h.h.t.HelmChartContainer - [test-hivemq-platform] [hivemq] [39d6c376] INFO  - Stopping extension with id hivemq-prometheus-extension
2025-01-30 18:36:24,956 INFO c.h.h.t.HelmChartContainer - [test-hivemq-platform] [hivemq] [39d6c376] INFO  - Extension "Prometheus Monitoring Extension" version 4.0.12 stopped successfully.
2025-01-30 18:36:24,957 INFO c.h.h.t.HelmChartContainer - [test-hivemq-platform] [hivemq] [39d6c376] INFO  - Stopping extension with id hivemq-allow-all-extension
2025-01-30 18:36:24,957 INFO c.h.h.t.HelmChartContainer - [test-hivemq-platform] [hivemq] [39d6c376] INFO  - Extension "Allow All Extension" version 1.1.1 stopped successfully.
2025-01-30 18:36:24,962 INFO c.h.h.t.HelmChartContainer - [test-hivemq-platform] [hivemq] [5fd5d19d] INFO  - Cluster nodes found by discovery: [h9n3E|4] (1) [h9n3E].
2025-01-30 18:36:24,968 INFO c.h.h.t.HelmChartContainer - [test-hivemq-platform] [hivemq] [5fd5d19d] INFO  - Cluster size = 1, members : [h9n3E].
2025-01-30 18:36:25,937 INFO c.h.h.t.HelmChartContainer - [test-hivemq-platform] [hivemq] [39d6c376] INFO  - [HiveMQ Platform Operator Init App 1.7.0-SNAPSHOT] Returning shutdown Health API response 503 for readiness
2025-01-30 18:36:25,941 INFO c.h.h.t.HelmChartContainer - [EVENT] Warning [Unhealthy] Readiness probe failed: HTTP probe failed with statuscode: 503 [helmupgradeextensionit:test-hivemq-platform-1]
2025-01-30 18:36:25,941 INFO c.h.h.t.HelmChartContainer - Received Unhealthy event for container hivemq in pod test-hivemq-platform-1 [39d6c376-21b4-4781-9e73-5b2f7c9775ff]
2025-01-30 18:36:27,237 INFO c.h.h.t.HelmChartContainer - [test-hivemq-platform] [hivemq] [39d6c376] INFO  - Shutdown completed.
2025-01-30 18:36:27,679 INFO c.h.h.t.HelmChartContainer - [test-hivemq-platform] [hivemq] [39d6c376] INFO  - [HiveMQ Platform Operator Init App 1.7.0-SNAPSHOT] The HiveMQ Platform exited with code 143
2025-01-30 18:36:27,679 INFO c.h.h.t.HelmChartContainer - [test-hivemq-platform] [hivemq] [39d6c376] INFO  - [HiveMQ Platform Operator Init App 1.7.0-SNAPSHOT] Stopping the REST API
2025-01-30 18:36:27,721 INFO c.h.h.t.HelmChartContainer - [test-hivemq-platform] [hivemq] [39d6c376] INFO  - [HiveMQ Platform Operator Init App 1.7.0-SNAPSHOT] Shutdown complete
2025-01-30 18:36:28,184 INFO c.h.h.t.HelmChartContainer - [POD] test-hivemq-platform-1 [39d6c376-21b4-4781-9e73-5b2f7c9775ff] in helmupgradeextensionit was MODIFIED
2025-01-30 18:36:28,195 INFO c.h.h.t.HelmChartContainer - [hivemq-test-hivemq-platform] [hivemq-platform-operator] [9402e1fb] 18:36:28.185 [pool-6-thread-14] DEBUG c.h.p.o.d.PlatformServiceResource - [helmupgr] Desired Platform services (3 services)
2025-01-30 18:36:28,195 INFO c.h.h.t.HelmChartContainer - [hivemq-test-hivemq-platform] [hivemq-platform-operator] [9402e1fb] 18:36:28.188 [pool-6-thread-13] DEBUG c.h.p.o.dependants.PodInfoConfigMap - [helmupgr] Desired PodInfo ConfigMap (1 extensions) (1 enabled)
2025-01-30 18:36:28,199 INFO c.h.h.t.HelmChartContainer - [hivemq-test-hivemq-platform] [hivemq-platform-operator] [9402e1fb] 18:36:28.192 [pool-6-thread-13] DEBUG c.h.p.o.dependants.PodInfoConfigMap - [helmupgr] Desired PodInfo ConfigMap (metrics port: 9399) (metrics path: /)
2025-01-30 18:36:28,199 INFO c.h.h.t.HelmChartContainer - [hivemq-test-hivemq-platform] [hivemq-platform-operator] [9402e1fb] 18:36:28.192 [pool-6-thread-13] DEBUG c.h.p.o.dependants.PodInfoConfigMap - [helmupgr] Desired PodInfo ConfigMap (extension state hash: 610187774)
2025-01-30 18:36:28,199 INFO c.h.h.t.HelmChartContainer - [hivemq-test-hivemq-platform] [hivemq-platform-operator] [9402e1fb] 18:36:28.190 [pool-6-thread-11] DEBUG c.h.p.o.d.PodServiceAccountResource - [helmupgr] Desired PodServiceAccountResource (serviceAccountName: hivemq-platform-pod-test-hivemq-platform)
2025-01-30 18:36:28,201 INFO c.h.h.t.HelmChartContainer - [hivemq-test-hivemq-platform] [hivemq-platform-operator] [9402e1fb] 18:36:28.201 [pool-6-thread-13] DEBUG c.h.p.o.d.StatefulSetResource - [helmupgr] Desired StatefulSet (1 replicas) for status ROLLING_RESTART (SCALE_DOWN_IN_PROGRESS)
2025-01-30 18:36:28,210 INFO c.h.h.t.HelmChartContainer - [hivemq-test-hivemq-platform] [hivemq-platform-operator] [9402e1fb] 18:36:28.207 [ReconcilerExecutor-hivemq-controller-64] INFO  c.h.p.o.HiveMQPlatformReconciler - [helmupgr] Reconciling HiveMQ Platform 'test-hivemq-platform' in namespace 'helmupgradeextensionit'
2025-01-30 18:36:28,210 INFO c.h.h.t.HelmChartContainer - [hivemq-test-hivemq-platform] [hivemq-platform-operator] [9402e1fb] 18:36:28.207 [ReconcilerExecutor-hivemq-controller-64] DEBUG c.h.p.o.HiveMQPlatformReconciler - [helmupgr] Custom Resource Status ROLLING_RESTART - HiveMQ Platform is stopping the surge Pod (rolling restart) (SCALE_DOWN_IN_PROGRESS)
2025-01-30 18:36:28,210 INFO c.h.h.t.HelmChartContainer - [hivemq-test-hivemq-platform] [hivemq-platform-operator] [9402e1fb] 18:36:28.207 [ReconcilerExecutor-hivemq-controller-64] DEBUG c.h.p.o.HiveMQPlatformReconciler - [helmupgr] Custom Resource Spec (replicas: 1) (extensions: 1)
2025-01-30 18:36:28,211 INFO c.h.h.t.HelmChartContainer - [hivemq-test-hivemq-platform] [hivemq-platform-operator] [9402e1fb] 18:36:28.210 [ReconcilerExecutor-hivemq-controller-64] DEBUG c.h.p.o.HiveMQPlatformReconciler - [helmupgr] StatefulSet Status (revision: test-hivemq-platform-7c6d7d4d7b, replicas: 2, available: 1, ready: 1, current: 0, updated: 1)
2025-01-30 18:36:28,211 INFO c.h.h.t.HelmChartContainer - [hivemq-test-hivemq-platform] [hivemq-platform-operator] [9402e1fb] 18:36:28.210 [ReconcilerExecutor-hivemq-controller-64] DEBUG c.h.p.o.HiveMQPlatformReconciler - [helmupgr] StatefulSet Spec (replicas: 1, init containers: 1, containers: 1, volumes: 4)
2025-01-30 18:36:28,214 INFO c.h.h.t.HelmChartContainer - [hivemq-test-hivemq-platform] [hivemq-platform-operator] [9402e1fb] 18:36:28.213 [ReconcilerExecutor-hivemq-controller-64] DEBUG c.h.p.o.h.HiveMQPlatformReconcilerErrorHandler - [helmupgr] Pod 'test-hivemq-platform-0' phase Running
2025-01-30 18:36:28,215 INFO c.h.h.t.HelmChartContainer - [hivemq-test-hivemq-platform] [hivemq-platform-operator] [9402e1fb] 18:36:28.213 [ReconcilerExecutor-hivemq-controller-64] INFO  c.h.p.o.h.HiveMQPlatformReconcilerRollingRestartHandler - [helmupgr] Rolling restart is done
2025-01-30 18:36:28,222 INFO c.h.h.t.HelmChartContainer - [K3S] [reconciler_common.go:162] "operationExecutor.UnmountVolume started for volume \"extension-configuration-hivemq-bridge-extension\" (UniqueName: \"kubernetes.io/configmap/39d6c376-21b4-4781-9e73-5b2f7c9775ff-extension-configuration-hivemq-bridge-extension\") pod \"39d6c376-21b4-4781-9e73-5b2f7c9775ff\" (UID: \"39d6c376-21b4-4781-9e73-5b2f7c9775ff\") "
2025-01-30 18:36:28,223 INFO c.h.h.t.HelmChartContainer - [K3S] [reconciler_common.go:162] "operationExecutor.UnmountVolume started for volume \"operator-init\" (UniqueName: \"kubernetes.io/empty-dir/39d6c376-21b4-4781-9e73-5b2f7c9775ff-operator-init\") pod \"39d6c376-21b4-4781-9e73-5b2f7c9775ff\" (UID: \"39d6c376-21b4-4781-9e73-5b2f7c9775ff\") "
2025-01-30 18:36:28,223 INFO c.h.h.t.HelmChartContainer - [K3S] [reconciler_common.go:162] "operationExecutor.UnmountVolume started for volume \"pod-info\" (UniqueName: \"kubernetes.io/configmap/39d6c376-21b4-4781-9e73-5b2f7c9775ff-pod-info\") pod \"39d6c376-21b4-4781-9e73-5b2f7c9775ff\" (UID: \"39d6c376-21b4-4781-9e73-5b2f7c9775ff\") "
2025-01-30 18:36:28,223 INFO c.h.h.t.HelmChartContainer - [K3S] [reconciler_common.go:162] "operationExecutor.UnmountVolume started for volume \"broker-configuration\" (UniqueName: \"kubernetes.io/configmap/39d6c376-21b4-4781-9e73-5b2f7c9775ff-broker-configuration\") pod \"39d6c376-21b4-4781-9e73-5b2f7c9775ff\" (UID: \"39d6c376-21b4-4781-9e73-5b2f7c9775ff\") "
2025-01-30 18:36:28,223 INFO c.h.h.t.HelmChartContainer - [K3S] [reconciler_common.go:162] "operationExecutor.UnmountVolume started for volume \"kube-api-access-4b22q\" (UniqueName: \"kubernetes.io/projected/39d6c376-21b4-4781-9e73-5b2f7c9775ff-kube-api-access-4b22q\") pod \"39d6c376-21b4-4781-9e73-5b2f7c9775ff\" (UID: \"39d6c376-21b4-4781-9e73-5b2f7c9775ff\") "
2025-01-30 18:36:28,246 INFO c.h.h.t.HelmChartContainer - [EVENT] Normal [Ready] HiveMQ Platform is ready [helmupgradeextensionit:test-hivemq-platform]
2025-01-30 18:36:28,249 INFO c.h.h.t.HelmChartContainer - [hivemq-test-hivemq-platform] [hivemq-platform-operator] [9402e1fb] 18:36:28.246 [ReconcilerExecutor-hivemq-controller-64] DEBUG c.h.p.operator.event.EventSender - [helmupgr] Updating K8s event hivemq-platform-ready: [Ready] HiveMQ Platform is ready
2025-01-30 18:36:28,249 INFO c.h.h.t.HelmChartContainer - [hivemq-test-hivemq-platform] [hivemq-platform-operator] [9402e1fb] 18:36:28.246 [ReconcilerExecutor-hivemq-controller-64] INFO  c.h.p.o.h.AbstractHiveMQReconcilerStateHandler - [helmupgr] Update HiveMQ Platform Status (ROLLING_RESTART [SCALE_DOWN_IN_PROGRESS] -> RUNNING [READY]): HiveMQ Platform is ready
2025-01-30 18:36:28,256 DEBUG com.hivemq.helmcharts.util.K8sUtil - Comparing actual state 'RUNNING' and waiting for 'RUNNING'
2025-01-30 18:36:28,261 INFO c.h.h.t.HelmChartContainer - [hivemq-test-hivemq-platform] [hivemq-platform-operator] [9402e1fb] 18:36:28.258 [pool-6-thread-23] DEBUG c.h.p.o.d.PlatformServiceResource - [helmupgr] Desired Platform services (3 services)
2025-01-30 18:36:28,261 INFO c.h.h.t.HelmChartContainer - [hivemq-test-hivemq-platform] [hivemq-platform-operator] [9402e1fb] 18:36:28.259 [pool-6-thread-28] DEBUG c.h.p.o.dependants.PodInfoConfigMap - [helmupgr] Desired PodInfo ConfigMap (1 extensions) (1 enabled)
2025-01-30 18:36:28,261 INFO c.h.h.t.HelmChartContainer - [hivemq-test-hivemq-platform] [hivemq-platform-operator] [9402e1fb] 18:36:28.259 [pool-6-thread-28] DEBUG c.h.p.o.dependants.PodInfoConfigMap - [helmupgr] Desired PodInfo ConfigMap (metrics port: 9399) (metrics path: /)
2025-01-30 18:36:28,261 INFO c.h.h.t.HelmChartContainer - [hivemq-test-hivemq-platform] [hivemq-platform-operator] [9402e1fb] 18:36:28.259 [pool-6-thread-28] DEBUG c.h.p.o.dependants.PodInfoConfigMap - [helmupgr] Desired PodInfo ConfigMap (extension state hash: 610187774)
2025-01-30 18:36:28,261 INFO c.h.h.t.HelmChartContainer - [hivemq-test-hivemq-platform] [hivemq-platform-operator] [9402e1fb] 18:36:28.260 [pool-6-thread-28] DEBUG c.h.p.o.dependants.PodInfoConfigMap - [helmupgr] Update PodInfo ConfigMap
2025-01-30 18:36:28,262 INFO c.h.h.t.HelmChartContainer - [hivemq-test-hivemq-platform] [hivemq-platform-operator] [9402e1fb] 18:36:28.260 [pool-6-thread-25] DEBUG c.h.p.o.d.PodServiceAccountResource - [helmupgr] Desired PodServiceAccountResource (serviceAccountName: hivemq-platform-pod-test-hivemq-platform)
2025-01-30 18:36:28,311 INFO c.h.h.t.HelmChartContainer - [hivemq-test-hivemq-platform] [hivemq-platform-operator] [9402e1fb] 18:36:28.310 [pool-6-thread-23] DEBUG c.h.p.o.d.StatefulSetResource - [helmupgr] Desired StatefulSet (1 replicas) for status RUNNING (READY)
2025-01-30 18:36:28,321 INFO c.h.h.t.HelmChartContainer - [K3S] [reconciler_common.go:299] "Volume detached for volume \"broker-configuration\" (UniqueName: \"kubernetes.io/configmap/39d6c376-21b4-4781-9e73-5b2f7c9775ff-broker-configuration\") on node \"5374d894705a\" DevicePath \"\""
2025-01-30 18:36:28,321 INFO c.h.h.t.HelmChartContainer - [K3S] [reconciler_common.go:299] "Volume detached for volume \"kube-api-access-4b22q\" (UniqueName: \"kubernetes.io/projected/39d6c376-21b4-4781-9e73-5b2f7c9775ff-kube-api-access-4b22q\") on node \"5374d894705a\" DevicePath \"\""
2025-01-30 18:36:28,321 INFO c.h.h.t.HelmChartContainer - [K3S] [reconciler_common.go:299] "Volume detached for volume \"extension-configuration-hivemq-bridge-extension\" (UniqueName: \"kubernetes.io/configmap/39d6c376-21b4-4781-9e73-5b2f7c9775ff-extension-configuration-hivemq-bridge-extension\") on node \"5374d894705a\" DevicePath \"\""
2025-01-30 18:36:28,321 INFO c.h.h.t.HelmChartContainer - [K3S] [reconciler_common.go:299] "Volume detached for volume \"operator-init\" (UniqueName: \"kubernetes.io/empty-dir/39d6c376-21b4-4781-9e73-5b2f7c9775ff-operator-init\") on node \"5374d894705a\" DevicePath \"\""
2025-01-30 18:36:28,321 INFO c.h.h.t.HelmChartContainer - [K3S] [reconciler_common.go:299] "Volume detached for volume \"pod-info\" (UniqueName: \"kubernetes.io/configmap/39d6c376-21b4-4781-9e73-5b2f7c9775ff-pod-info\") on node \"5374d894705a\" DevicePath \"\""
2025-01-30 18:36:28,339 INFO c.h.h.t.HelmChartContainer - [hivemq-test-hivemq-platform] [hivemq-platform-operator] [9402e1fb] 18:36:28.337 [ReconcilerExecutor-hivemq-controller-64] INFO  c.h.p.o.HiveMQPlatformReconciler - [helmupgr] Reconciling HiveMQ Platform 'test-hivemq-platform' in namespace 'helmupgradeextensionit'
2025-01-30 18:36:28,339 INFO c.h.h.t.HelmChartContainer - [hivemq-test-hivemq-platform] [hivemq-platform-operator] [9402e1fb] 18:36:28.337 [ReconcilerExecutor-hivemq-controller-64] DEBUG c.h.p.o.HiveMQPlatformReconciler - [helmupgr] Custom Resource Status RUNNING - HiveMQ Platform is ready (READY)
2025-01-30 18:36:28,339 INFO c.h.h.t.HelmChartContainer - [hivemq-test-hivemq-platform] [hivemq-platform-operator] [9402e1fb] 18:36:28.337 [ReconcilerExecutor-hivemq-controller-64] DEBUG c.h.p.o.HiveMQPlatformReconciler - [helmupgr] Custom Resource Spec (replicas: 1) (extensions: 1)
2025-01-30 18:36:28,340 INFO c.h.h.t.HelmChartContainer - [hivemq-test-hivemq-platform] [hivemq-platform-operator] [9402e1fb] 18:36:28.339 [ReconcilerExecutor-hivemq-controller-64] DEBUG c.h.p.o.HiveMQPlatformReconciler - [helmupgr] StatefulSet Status (revision: test-hivemq-platform-7c6d7d4d7b, replicas: 2, available: 1, ready: 1, current: 0, updated: 1)
2025-01-30 18:36:28,340 INFO c.h.h.t.HelmChartContainer - [hivemq-test-hivemq-platform] [hivemq-platform-operator] [9402e1fb] 18:36:28.339 [ReconcilerExecutor-hivemq-controller-64] DEBUG c.h.p.o.HiveMQPlatformReconciler - [helmupgr] StatefulSet Spec (replicas: 1, init containers: 1, containers: 1, volumes: 4)
2025-01-30 18:36:28,342 INFO c.h.h.t.HelmChartContainer - [hivemq-test-hivemq-platform] [hivemq-platform-operator] [9402e1fb] 18:36:28.341 [ReconcilerExecutor-hivemq-controller-64] DEBUG c.h.p.o.h.HiveMQPlatformReconcilerErrorHandler - [helmupgr] Pod 'test-hivemq-platform-0' phase Running
2025-01-30 18:36:28,956 INFO c.h.h.t.HelmChartContainer - [K3S] [scope.go:117] "RemoveContainer" containerID="b05612b1bd07e5e3f4e9af34f78c81c7fc1920a2ffc18005adbb8983370734ee"
2025-01-30 18:36:28,969 INFO c.h.h.t.HelmChartContainer - [POD] test-hivemq-platform-1 [39d6c376-21b4-4781-9e73-5b2f7c9775ff] in helmupgradeextensionit was MODIFIED
2025-01-30 18:36:28,972 INFO c.h.h.t.HelmChartContainer - [POD] test-hivemq-platform-1 [39d6c376-21b4-4781-9e73-5b2f7c9775ff] in helmupgradeextensionit was DELETED
2025-01-30 18:36:28,987 INFO c.h.h.t.HelmChartContainer - [hivemq-test-hivemq-platform] [hivemq-platform-operator] [9402e1fb] 18:36:28.981 [pool-6-thread-37] DEBUG c.h.p.o.d.PlatformServiceResource - [helmupgr] Desired Platform services (3 services)
2025-01-30 18:36:28,987 INFO c.h.h.t.HelmChartContainer - [hivemq-test-hivemq-platform] [hivemq-platform-operator] [9402e1fb] 18:36:28.983 [pool-6-thread-32] DEBUG c.h.p.o.dependants.PodInfoConfigMap - [helmupgr] Desired PodInfo ConfigMap (1 extensions) (1 enabled)
2025-01-30 18:36:28,987 INFO c.h.h.t.HelmChartContainer - [hivemq-test-hivemq-platform] [hivemq-platform-operator] [9402e1fb] 18:36:28.984 [pool-6-thread-32] DEBUG c.h.p.o.dependants.PodInfoConfigMap - [helmupgr] Desired PodInfo ConfigMap (metrics port: 9399) (metrics path: /)
2025-01-30 18:36:28,987 INFO c.h.h.t.HelmChartContainer - [hivemq-test-hivemq-platform] [hivemq-platform-operator] [9402e1fb] 18:36:28.984 [pool-6-thread-32] DEBUG c.h.p.o.dependants.PodInfoConfigMap - [helmupgr] Desired PodInfo ConfigMap (extension state hash: 610187774)
2025-01-30 18:36:28,988 INFO c.h.h.t.HelmChartContainer - [hivemq-test-hivemq-platform] [hivemq-platform-operator] [9402e1fb] 18:36:28.985 [pool-6-thread-40] DEBUG c.h.p.o.d.PodServiceAccountResource - [helmupgr] Desired PodServiceAccountResource (serviceAccountName: hivemq-platform-pod-test-hivemq-platform)
2025-01-30 18:36:28,992 INFO c.h.h.t.HelmChartContainer - [hivemq-test-hivemq-platform] [hivemq-platform-operator] [9402e1fb] 18:36:28.991 [pool-6-thread-37] DEBUG c.h.p.o.d.StatefulSetResource - [helmupgr] Desired StatefulSet (1 replicas) for status RUNNING (READY)
2025-01-30 18:36:29,000 INFO c.h.h.t.HelmChartContainer - [hivemq-test-hivemq-platform] [hivemq-platform-operator] [9402e1fb] 18:36:28.996 [ReconcilerExecutor-hivemq-controller-90] INFO  c.h.p.o.HiveMQPlatformReconciler - [helmupgr] Reconciling HiveMQ Platform 'test-hivemq-platform' in namespace 'helmupgradeextensionit'
2025-01-30 18:36:29,000 INFO c.h.h.t.HelmChartContainer - [hivemq-test-hivemq-platform] [hivemq-platform-operator] [9402e1fb] 18:36:28.996 [ReconcilerExecutor-hivemq-controller-90] DEBUG c.h.p.o.HiveMQPlatformReconciler - [helmupgr] Custom Resource Status RUNNING - HiveMQ Platform is ready (READY)
2025-01-30 18:36:29,000 INFO c.h.h.t.HelmChartContainer - [hivemq-test-hivemq-platform] [hivemq-platform-operator] [9402e1fb] 18:36:28.996 [ReconcilerExecutor-hivemq-controller-90] DEBUG c.h.p.o.HiveMQPlatformReconciler - [helmupgr] Custom Resource Spec (replicas: 1) (extensions: 1)
2025-01-30 18:36:29,000 INFO c.h.h.t.HelmChartContainer - [hivemq-test-hivemq-platform] [hivemq-platform-operator] [9402e1fb] 18:36:28.997 [ReconcilerExecutor-hivemq-controller-90] DEBUG c.h.p.o.HiveMQPlatformReconciler - [helmupgr] StatefulSet Status (revision: test-hivemq-platform-7c6d7d4d7b, replicas: 1, available: 1, ready: 1, current: 0, updated: 1)
2025-01-30 18:36:29,000 INFO c.h.h.t.HelmChartContainer - [hivemq-test-hivemq-platform] [hivemq-platform-operator] [9402e1fb] 18:36:28.997 [ReconcilerExecutor-hivemq-controller-90] DEBUG c.h.p.o.HiveMQPlatformReconciler - [helmupgr] StatefulSet Spec (replicas: 1, init containers: 1, containers: 1, volumes: 4)
2025-01-30 18:36:29,000 INFO c.h.h.t.HelmChartContainer - [hivemq-test-hivemq-platform] [hivemq-platform-operator] [9402e1fb] 18:36:28.998 [ReconcilerExecutor-hivemq-controller-90] DEBUG c.h.p.o.h.HiveMQPlatformReconcilerErrorHandler - [helmupgr] Pod 'test-hivemq-platform-0' phase Running
2025-01-30 18:36:29,042 INFO c.h.h.t.HelmChartContainer - [hivemq-test-hivemq-platform] [hivemq-platform-operator] [9402e1fb] 18:36:29.038 [pool-6-thread-47] DEBUG c.h.p.o.d.PlatformServiceResource - [helmupgr] Desired Platform services (3 services)
2025-01-30 18:36:29,042 INFO c.h.h.t.HelmChartContainer - [hivemq-test-hivemq-platform] [hivemq-platform-operator] [9402e1fb] 18:36:29.039 [pool-6-thread-41] DEBUG c.h.p.o.dependants.PodInfoConfigMap - [helmupgr] Desired PodInfo ConfigMap (1 extensions) (1 enabled)
2025-01-30 18:36:29,042 INFO c.h.h.t.HelmChartContainer - [hivemq-test-hivemq-platform] [hivemq-platform-operator] [9402e1fb] 18:36:29.039 [pool-6-thread-41] DEBUG c.h.p.o.dependants.PodInfoConfigMap - [helmupgr] Desired PodInfo ConfigMap (metrics port: 9399) (metrics path: /)
2025-01-30 18:36:29,042 INFO c.h.h.t.HelmChartContainer - [hivemq-test-hivemq-platform] [hivemq-platform-operator] [9402e1fb] 18:36:29.039 [pool-6-thread-41] DEBUG c.h.p.o.dependants.PodInfoConfigMap - [helmupgr] Desired PodInfo ConfigMap (extension state hash: 610187774)
2025-01-30 18:36:29,042 INFO c.h.h.t.HelmChartContainer - [hivemq-test-hivemq-platform] [hivemq-platform-operator] [9402e1fb] 18:36:29.040 [pool-6-thread-41] DEBUG c.h.p.o.d.PodServiceAccountResource - [helmupgr] Desired PodServiceAccountResource (serviceAccountName: hivemq-platform-pod-test-hivemq-platform)
2025-01-30 18:36:29,044 INFO c.h.h.t.HelmChartContainer - [hivemq-test-hivemq-platform] [hivemq-platform-operator] [9402e1fb] 18:36:29.042 [pool-6-thread-41] DEBUG c.h.p.o.d.StatefulSetResource - [helmupgr] Desired StatefulSet (1 replicas) for status RUNNING (READY)
2025-01-30 18:36:29,045 INFO c.h.h.t.HelmChartContainer - [hivemq-test-hivemq-platform] [hivemq-platform-operator] [9402e1fb] 18:36:29.044 [ReconcilerExecutor-hivemq-controller-90] INFO  c.h.p.o.HiveMQPlatformReconciler - [helmupgr] Reconciling HiveMQ Platform 'test-hivemq-platform' in namespace 'helmupgradeextensionit'
2025-01-30 18:36:29,047 INFO c.h.h.t.HelmChartContainer - [hivemq-test-hivemq-platform] [hivemq-platform-operator] [9402e1fb] 18:36:29.044 [ReconcilerExecutor-hivemq-controller-90] DEBUG c.h.p.o.HiveMQPlatformReconciler - [helmupgr] Custom Resource Status RUNNING - HiveMQ Platform is ready (READY)
2025-01-30 18:36:29,049 INFO c.h.h.t.HelmChartContainer - [hivemq-test-hivemq-platform] [hivemq-platform-operator] [9402e1fb] 18:36:29.045 [ReconcilerExecutor-hivemq-controller-90] DEBUG c.h.p.o.HiveMQPlatformReconciler - [helmupgr] Custom Resource Spec (replicas: 1) (extensions: 1)
2025-01-30 18:36:29,049 INFO c.h.h.t.HelmChartContainer - [hivemq-test-hivemq-platform] [hivemq-platform-operator] [9402e1fb] 18:36:29.046 [ReconcilerExecutor-hivemq-controller-90] DEBUG c.h.p.o.HiveMQPlatformReconciler - [helmupgr] StatefulSet Status (revision: test-hivemq-platform-7c6d7d4d7b, replicas: 1, available: 1, ready: 1, current: 0, updated: 1)
2025-01-30 18:36:29,049 INFO c.h.h.t.HelmChartContainer - [hivemq-test-hivemq-platform] [hivemq-platform-operator] [9402e1fb] 18:36:29.046 [ReconcilerExecutor-hivemq-controller-90] DEBUG c.h.p.o.HiveMQPlatformReconciler - [helmupgr] StatefulSet Spec (replicas: 1, init containers: 1, containers: 1, volumes: 4)
2025-01-30 18:36:29,050 INFO c.h.h.t.HelmChartContainer - [hivemq-test-hivemq-platform] [hivemq-platform-operator] [9402e1fb] 18:36:29.048 [ReconcilerExecutor-hivemq-controller-90] DEBUG c.h.p.o.h.HiveMQPlatformReconcilerErrorHandler - [helmupgr] Pod 'test-hivemq-platform-0' phase Running
2025-01-30 18:36:29,076 INFO c.h.h.t.HelmChartContainer - [K3S] [scope.go:117] "RemoveContainer" containerID="e5666a8ffd0dd5fc9ec77b17dc16eedbf189f0f41df7e919d041e3386a27d148"
2025-01-30 18:36:29,078 INFO c.h.h.t.HelmChartContainer - [K3S] [scope.go:117] "RemoveContainer" containerID="b05612b1bd07e5e3f4e9af34f78c81c7fc1920a2ffc18005adbb8983370734ee"
2025-01-30 18:36:29,079 INFO c.h.h.t.HelmChartContainer - [K3S] [scope.go:117] "RemoveContainer" containerID="e5666a8ffd0dd5fc9ec77b17dc16eedbf189f0f41df7e919d041e3386a27d148"
2025-01-30 18:36:30,188 INFO c.h.h.t.HelmChartContainer - [K3S] [kubelet_volumes.go:163] "Cleaned up orphaned pod volumes dir" podUID="39d6c376-21b4-4781-9e73-5b2f7c9775ff" path="/var/lib/kubelet/pods/39d6c376-21b4-4781-9e73-5b2f7c9775ff/volumes"
2025-01-30 18:36:32,283 INFO c.h.h.t.HelmChartContainer - Uninstalling release 'test-hivemq-platform' in namespace 'helmupgradeextensionit'...
2025-01-30 18:36:32,283 DEBUG c.h.h.t.HelmChartContainer - Executing helm command: /bin/helm --kubeconfig /etc/rancher/k3s/k3s.yaml uninstall test-hivemq-platform  --wait --timeout 5m0s --cascade foreground --namespace helmupgradeextensionit
2025-01-30 18:36:32,511 INFO c.h.h.t.HelmChartContainer - [hivemq-test-hivemq-platform] [hivemq-platform-operator] [9402e1fb] 18:36:32.506 [pool-6-thread-6] DEBUG c.h.p.o.d.PlatformServiceResource - [helmupgr] Desired Platform services (3 services)
2025-01-30 18:36:32,516 INFO c.h.h.t.HelmChartContainer - [hivemq-test-hivemq-platform] [hivemq-platform-operator] [9402e1fb] 18:36:32.510 [pool-6-thread-5] DEBUG c.h.p.o.dependants.PodInfoConfigMap - [helmupgr] Desired PodInfo ConfigMap (1 extensions) (1 enabled)
2025-01-30 18:36:32,516 INFO c.h.h.t.HelmChartContainer - [hivemq-test-hivemq-platform] [hivemq-platform-operator] [9402e1fb] 18:36:32.510 [pool-6-thread-5] DEBUG c.h.p.o.dependants.PodInfoConfigMap - [helmupgr] Desired PodInfo ConfigMap (metrics port: 9399) (metrics path: /)
2025-01-30 18:36:32,516 INFO c.h.h.t.HelmChartContainer - [hivemq-test-hivemq-platform] [hivemq-platform-operator] [9402e1fb] 18:36:32.510 [pool-6-thread-5] DEBUG c.h.p.o.dependants.PodInfoConfigMap - [helmupgr] Desired PodInfo ConfigMap (extension state hash: 610187774)
2025-01-30 18:36:32,516 INFO c.h.h.t.HelmChartContainer - [hivemq-test-hivemq-platform] [hivemq-platform-operator] [9402e1fb] 18:36:32.512 [pool-6-thread-4] DEBUG c.h.p.o.d.PodServiceAccountResource - [helmupgr] Desired PodServiceAccountResource (serviceAccountName: hivemq-platform-pod-test-hivemq-platform)
2025-01-30 18:36:32,537 INFO c.h.h.t.HelmChartContainer - [hivemq-test-hivemq-platform] [hivemq-platform-operator] [9402e1fb] 18:36:32.521 [pool-6-thread-7] DEBUG c.h.p.o.d.StatefulSetResource - [helmupgr] Desired StatefulSet (1 replicas) for status RUNNING (READY)
2025-01-30 18:36:32,537 INFO c.h.h.t.HelmChartContainer - [hivemq-test-hivemq-platform] [hivemq-platform-operator] [9402e1fb] 18:36:32.525 [ReconcilerExecutor-hivemq-controller-112] INFO  c.h.p.o.HiveMQPlatformReconciler - [helmupgr] Reconciling HiveMQ Platform 'test-hivemq-platform' in namespace 'helmupgradeextensionit'
2025-01-30 18:36:32,537 INFO c.h.h.t.HelmChartContainer - [hivemq-test-hivemq-platform] [hivemq-platform-operator] [9402e1fb] 18:36:32.526 [ReconcilerExecutor-hivemq-controller-112] DEBUG c.h.p.o.HiveMQPlatformReconciler - [helmupgr] Custom Resource Status RUNNING - HiveMQ Platform is ready (READY)
2025-01-30 18:36:32,537 INFO c.h.h.t.HelmChartContainer - [hivemq-test-hivemq-platform] [hivemq-platform-operator] [9402e1fb] 18:36:32.526 [ReconcilerExecutor-hivemq-controller-112] DEBUG c.h.p.o.HiveMQPlatformReconciler - [helmupgr] Custom Resource Spec (replicas: 1) (extensions: 1)
2025-01-30 18:36:32,537 INFO c.h.h.t.HelmChartContainer - [hivemq-test-hivemq-platform] [hivemq-platform-operator] [9402e1fb] 18:36:32.527 [ReconcilerExecutor-hivemq-controller-112] DEBUG c.h.p.o.HiveMQPlatformReconciler - [helmupgr] StatefulSet Status (revision: test-hivemq-platform-7c6d7d4d7b, replicas: 1, available: 1, ready: 1, current: 0, updated: 1)
2025-01-30 18:36:32,537 INFO c.h.h.t.HelmChartContainer - [hivemq-test-hivemq-platform] [hivemq-platform-operator] [9402e1fb] 18:36:32.528 [ReconcilerExecutor-hivemq-controller-112] DEBUG c.h.p.o.HiveMQPlatformReconciler - [helmupgr] StatefulSet Spec (replicas: 1, init containers: 1, containers: 1, volumes: 4)
2025-01-30 18:36:32,537 INFO c.h.h.t.HelmChartContainer - [hivemq-test-hivemq-platform] [hivemq-platform-operator] [9402e1fb] 18:36:32.530 [ReconcilerExecutor-hivemq-controller-112] DEBUG c.h.p.o.h.HiveMQPlatformReconcilerErrorHandler - [helmupgr] Pod 'test-hivemq-platform-0' phase Running
2025-01-30 18:36:32,562 INFO c.h.h.t.HelmChartContainer - [hivemq-test-hivemq-platform] [hivemq-platform-operator] [9402e1fb] 18:36:32.539 [ReconcilerExecutor-hivemq-controller-112] INFO  c.h.p.o.HiveMQPlatformReconciler - [helmupgr] Cleanup test-hivemq-platform - helmupgradeextensionit HiveMQ Platform is shut down
2025-01-30 18:36:33,218 INFO c.h.h.t.HelmChartContainer - [POD] test-hivemq-platform-0 [5fd5d19d-ce30-456c-aed2-06815dd3117b] in helmupgradeextensionit was MODIFIED
2025-01-30 18:36:33,224 INFO c.h.h.t.HelmChartContainer - [EVENT] Normal [Killing] Stopping container hivemq [helmupgradeextensionit:test-hivemq-platform-0]
2025-01-30 18:36:33,224 INFO c.h.h.t.HelmChartContainer - Received Killing event for container hivemq in pod test-hivemq-platform-0 [5fd5d19d-ce30-456c-aed2-06815dd3117b]
2025-01-30 18:36:33,224 INFO c.h.h.t.HelmChartContainer - Container [test-hivemq-platform-0] [hivemq] [5fd5d19d-ce30-456c-aed2-06815dd3117b] was terminated
2025-01-30 18:36:33,224 INFO c.h.h.t.HelmChartContainer - Stopped log watcher for hivemq in pod test-hivemq-platform-0 [5fd5d19d-ce30-456c-aed2-06815dd3117b]
2025-01-30 18:36:33,230 INFO c.h.h.t.HelmChartContainer - [test-hivemq-platform] [hivemq] [5fd5d19d] INFO  - [HiveMQ Platform Operator Init App 1.7.0-SNAPSHOT] Shutting down
2025-01-30 18:36:33,231 INFO c.h.h.t.HelmChartContainer - [test-hivemq-platform] [hivemq] [5fd5d19d] INFO  - [HiveMQ Platform Operator Init App 1.7.0-SNAPSHOT] Stopping the HiveMQ Platform
2025-01-30 18:36:33,403 INFO c.h.h.t.HelmChartContainer - [test-hivemq-platform] [hivemq] [5fd5d19d] INFO  - Shutting down HiveMQ. Please wait, this could take a while...
2025-01-30 18:36:33,407 INFO c.h.h.t.HelmChartContainer - [test-hivemq-platform] [hivemq] [5fd5d19d] INFO  - Shutting down listeners and clients
2025-01-30 18:36:33,408 INFO c.h.h.t.HelmChartContainer - [test-hivemq-platform] [hivemq] [5fd5d19d] INFO  - Shutdown of listeners is done
2025-01-30 18:36:33,408 INFO c.h.h.t.HelmChartContainer - [test-hivemq-platform] [hivemq] [5fd5d19d] INFO  - No clients are connected, proceeding with shutdown
2025-01-30 18:36:34,604 INFO c.h.h.t.HelmChartContainer - Deleting namespace 'helmupgradeextensionit'...
2025-01-30 18:36:36,413 INFO c.h.h.t.HelmChartContainer - [test-hivemq-platform] [hivemq] [5fd5d19d] INFO  - Shutting down extension system
2025-01-30 18:36:36,418 INFO c.h.h.t.HelmChartContainer - [test-hivemq-platform] [hivemq] [5fd5d19d] INFO  - Stopping extension with id hivemq-dns-cluster-discovery
2025-01-30 18:36:36,418 INFO c.h.h.t.HelmChartContainer - [test-hivemq-platform] [hivemq] [5fd5d19d] INFO  - Extension "DNS Cluster Discovery Extension" version 4.3.2 stopped successfully.
2025-01-30 18:36:36,419 INFO c.h.h.t.HelmChartContainer - [test-hivemq-platform] [hivemq] [5fd5d19d] INFO  - Stopping extension with id hivemq-bridge-extension
2025-01-30 18:36:36,422 INFO c.h.h.t.HelmChartContainer - [test-hivemq-platform] [hivemq] [5fd5d19d] INFO  - Bridge Extension: Stopping extension
2025-01-30 18:36:36,429 INFO c.h.h.t.HelmChartContainer - [test-hivemq-platform] [hivemq] [5fd5d19d] ERROR - Bridge Extension: Error when disconnecting client "testbridge-0-67e986eb-32c0-428c-99f9-d292de11d235". Reason: MQTT client is not connected.
2025-01-30 18:36:36,429 INFO c.h.h.t.HelmChartContainer - [test-hivemq-platform] [hivemq] [5fd5d19d] ERROR - Bridge Extension: Error when disconnecting client "testbridge-1-67e986eb-32c0-428c-99f9-d292de11d235". Reason: MQTT client is not connected.
2025-01-30 18:36:36,429 INFO c.h.h.t.HelmChartContainer - [test-hivemq-platform] [hivemq] [5fd5d19d] INFO  - Extension "HiveMQ Enterprise Bridge Extension" version 4.36.0 stopped successfully.
2025-01-30 18:36:36,429 INFO c.h.h.t.HelmChartContainer - [test-hivemq-platform] [hivemq] [5fd5d19d] INFO  - Stopping extension with id hivemq-prometheus-extension
2025-01-30 18:36:36,433 INFO c.h.h.t.HelmChartContainer - [test-hivemq-platform] [hivemq] [5fd5d19d] INFO  - Extension "Prometheus Monitoring Extension" version 4.0.12 stopped successfully.
2025-01-30 18:36:36,433 INFO c.h.h.t.HelmChartContainer - [test-hivemq-platform] [hivemq] [5fd5d19d] INFO  - Stopping extension with id hivemq-allow-all-extension
2025-01-30 18:36:36,433 INFO c.h.h.t.HelmChartContainer - [test-hivemq-platform] [hivemq] [5fd5d19d] INFO  - Extension "Allow All Extension" version 1.1.1 stopped successfully.
2025-01-30 18:36:36,618 INFO c.h.h.t.HelmChartContainer - [test-hivemq-platform] [hivemq] [5fd5d19d] INFO  - [HiveMQ Platform Operator Init App 1.7.0-SNAPSHOT] Returning shutdown Health API response 503 for readiness
2025-01-30 18:36:36,622 INFO c.h.h.t.HelmChartContainer - [EVENT] Warning [Unhealthy] Readiness probe failed: HTTP probe failed with statuscode: 503 [helmupgradeextensionit:test-hivemq-platform-0]
2025-01-30 18:36:36,622 INFO c.h.h.t.HelmChartContainer - Received Unhealthy event for container hivemq in pod test-hivemq-platform-0 [5fd5d19d-ce30-456c-aed2-06815dd3117b]
2025-01-30 18:36:37,436 INFO c.h.h.t.HelmChartContainer - [K3S] [authentication.go:74] "Unable to authenticate the request" err="[invalid bearer token, serviceaccounts \"hivemq-platform-pod-test-hivemq-platform\" not found]"
2025-01-30 18:36:37,452 INFO c.h.h.t.HelmChartContainer - [K3S] [authentication.go:74] "Unable to authenticate the request" err="[invalid bearer token, serviceaccounts \"hivemq-platform-pod-test-hivemq-platform\" not found]"
2025-01-30 18:36:37,513 INFO c.h.h.t.HelmChartContainer - [test-hivemq-platform] [hivemq] [5fd5d19d] WARN  - [HiveMQ Platform Operator Init App 1.7.0-SNAPSHOT] Could not update Pod annotations: Failure executing: GET at: https://10.43.0.1:443/api/v1/namespaces/helmupgradeextensionit/pods/test-hivemq-platform-0. Message: Unauthorized. Received status: Status(apiVersion=v1, code=401, details=null, kind=Status, message=Unauthorized, metadata=ListMeta(_continue=null, remainingItemCount=null, resourceVersion=null, selfLink=null, additionalProperties={}), reason=Unauthorized, status=Failure, additionalProperties={}).
2025-01-30 18:36:38,719 INFO c.h.h.t.HelmChartContainer - [test-hivemq-platform] [hivemq] [5fd5d19d] INFO  - Shutdown completed.
2025-01-30 18:36:39,081 INFO c.h.h.t.HelmChartContainer - [test-hivemq-platform] [hivemq] [5fd5d19d] INFO  - [HiveMQ Platform Operator Init App 1.7.0-SNAPSHOT] The HiveMQ Platform exited with code 143
2025-01-30 18:36:39,081 INFO c.h.h.t.HelmChartContainer - [test-hivemq-platform] [hivemq] [5fd5d19d] INFO  - [HiveMQ Platform Operator Init App 1.7.0-SNAPSHOT] Stopping the REST API
2025-01-30 18:36:39,101 INFO c.h.h.t.HelmChartContainer - [test-hivemq-platform] [hivemq] [5fd5d19d] INFO  - [HiveMQ Platform Operator Init App 1.7.0-SNAPSHOT] Shutdown complete
2025-01-30 18:36:39,564 INFO c.h.h.t.HelmChartContainer - [K3S] [stateful_set.go:438] "Unhandled Error" err="error syncing StatefulSet helmupgradeextensionit/test-hivemq-platform, requeuing: controllerrevisions.apps \"test-hivemq-platform-7c6d7d4d7b\" is forbidden: unable to create new content in namespace helmupgradeextensionit because it is being terminated"
2025-01-30 18:36:39,575 INFO c.h.h.t.HelmChartContainer - [K3S] [stateful_set.go:438] "Unhandled Error" err="error syncing StatefulSet helmupgradeextensionit/test-hivemq-platform, requeuing: controllerrevisions.apps \"test-hivemq-platform-7c6d7d4d7b\" is forbidden: unable to create new content in namespace helmupgradeextensionit because it is being terminated"
2025-01-30 18:36:39,579 INFO c.h.h.t.HelmChartContainer - [POD] test-hivemq-platform-0 [5fd5d19d-ce30-456c-aed2-06815dd3117b] in helmupgradeextensionit was MODIFIED
2025-01-30 18:36:39,588 INFO c.h.h.t.HelmChartContainer - [K3S] [stateful_set.go:438] "Unhandled Error" err="error syncing StatefulSet helmupgradeextensionit/test-hivemq-platform, requeuing: controllerrevisions.apps \"test-hivemq-platform-7c6d7d4d7b\" is forbidden: unable to create new content in namespace helmupgradeextensionit because it is being terminated"
2025-01-30 18:36:39,610 INFO c.h.h.t.HelmChartContainer - [K3S] [stateful_set.go:438] "Unhandled Error" err="error syncing StatefulSet helmupgradeextensionit/test-hivemq-platform, requeuing: controllerrevisions.apps \"test-hivemq-platform-7c6d7d4d7b\" is forbidden: unable to create new content in namespace helmupgradeextensionit because it is being terminated"
2025-01-30 18:36:39,653 INFO c.h.h.t.HelmChartContainer - [K3S] [stateful_set.go:438] "Unhandled Error" err="error syncing StatefulSet helmupgradeextensionit/test-hivemq-platform, requeuing: controllerrevisions.apps \"test-hivemq-platform-7c6d7d4d7b\" is forbidden: unable to create new content in namespace helmupgradeextensionit because it is being terminated"
2025-01-30 18:36:39,683 INFO c.h.h.t.HelmChartContainer - [K3S] [reconciler_common.go:162] "operationExecutor.UnmountVolume started for volume \"kube-api-access-7sczs\" (UniqueName: \"kubernetes.io/projected/5fd5d19d-ce30-456c-aed2-06815dd3117b-kube-api-access-7sczs\") pod \"5fd5d19d-ce30-456c-aed2-06815dd3117b\" (UID: \"5fd5d19d-ce30-456c-aed2-06815dd3117b\") "
2025-01-30 18:36:39,683 INFO c.h.h.t.HelmChartContainer - [K3S] [reconciler_common.go:162] "operationExecutor.UnmountVolume started for volume \"operator-init\" (UniqueName: \"kubernetes.io/empty-dir/5fd5d19d-ce30-456c-aed2-06815dd3117b-operator-init\") pod \"5fd5d19d-ce30-456c-aed2-06815dd3117b\" (UID: \"5fd5d19d-ce30-456c-aed2-06815dd3117b\") "
2025-01-30 18:36:39,683 INFO c.h.h.t.HelmChartContainer - [K3S] [reconciler_common.go:162] "operationExecutor.UnmountVolume started for volume \"broker-configuration\" (UniqueName: \"kubernetes.io/configmap/5fd5d19d-ce30-456c-aed2-06815dd3117b-broker-configuration\") pod \"5fd5d19d-ce30-456c-aed2-06815dd3117b\" (UID: \"5fd5d19d-ce30-456c-aed2-06815dd3117b\") "
2025-01-30 18:36:39,684 INFO c.h.h.t.HelmChartContainer - [K3S] [reconciler_common.go:162] "operationExecutor.UnmountVolume started for volume \"extension-configuration-hivemq-bridge-extension\" (UniqueName: \"kubernetes.io/configmap/5fd5d19d-ce30-456c-aed2-06815dd3117b-extension-configuration-hivemq-bridge-extension\") pod \"5fd5d19d-ce30-456c-aed2-06815dd3117b\" (UID: \"5fd5d19d-ce30-456c-aed2-06815dd3117b\") "
2025-01-30 18:36:39,684 INFO c.h.h.t.HelmChartContainer - [K3S] [reconciler_common.go:162] "operationExecutor.UnmountVolume started for volume \"pod-info\" (UniqueName: \"kubernetes.io/configmap/5fd5d19d-ce30-456c-aed2-06815dd3117b-pod-info\") pod \"5fd5d19d-ce30-456c-aed2-06815dd3117b\" (UID: \"5fd5d19d-ce30-456c-aed2-06815dd3117b\") "
2025-01-30 18:36:39,736 INFO c.h.h.t.HelmChartContainer - [K3S] [stateful_set.go:438] "Unhandled Error" err="error syncing StatefulSet helmupgradeextensionit/test-hivemq-platform, requeuing: controllerrevisions.apps \"test-hivemq-platform-7c6d7d4d7b\" is forbidden: unable to create new content in namespace helmupgradeextensionit because it is being terminated"
2025-01-30 18:36:39,783 INFO c.h.h.t.HelmChartContainer - [K3S] [reconciler_common.go:299] "Volume detached for volume \"operator-init\" (UniqueName: \"kubernetes.io/empty-dir/5fd5d19d-ce30-456c-aed2-06815dd3117b-operator-init\") on node \"5374d894705a\" DevicePath \"\""
2025-01-30 18:36:39,783 INFO c.h.h.t.HelmChartContainer - [K3S] [reconciler_common.go:299] "Volume detached for volume \"broker-configuration\" (UniqueName: \"kubernetes.io/configmap/5fd5d19d-ce30-456c-aed2-06815dd3117b-broker-configuration\") on node \"5374d894705a\" DevicePath \"\""
2025-01-30 18:36:39,783 INFO c.h.h.t.HelmChartContainer - [K3S] [reconciler_common.go:299] "Volume detached for volume \"pod-info\" (UniqueName: \"kubernetes.io/configmap/5fd5d19d-ce30-456c-aed2-06815dd3117b-pod-info\") on node \"5374d894705a\" DevicePath \"\""
2025-01-30 18:36:39,783 INFO c.h.h.t.HelmChartContainer - [K3S] [reconciler_common.go:299] "Volume detached for volume \"extension-configuration-hivemq-bridge-extension\" (UniqueName: \"kubernetes.io/configmap/5fd5d19d-ce30-456c-aed2-06815dd3117b-extension-configuration-hivemq-bridge-extension\") on node \"5374d894705a\" DevicePath \"\""
2025-01-30 18:36:39,784 INFO c.h.h.t.HelmChartContainer - [K3S] [reconciler_common.go:299] "Volume detached for volume \"kube-api-access-7sczs\" (UniqueName: \"kubernetes.io/projected/5fd5d19d-ce30-456c-aed2-06815dd3117b-kube-api-access-7sczs\") on node \"5374d894705a\" DevicePath \"\""
2025-01-30 18:36:39,790 INFO c.h.h.t.HelmChartContainer - [K3S] [stateful_set.go:466] "StatefulSet has been deleted" key="helmupgradeextensionit/test-hivemq-platform"
2025-01-30 18:36:39,823 INFO c.h.h.t.HelmChartContainer - [K3S] [namespace_controller.go:164] "Unhandled Error" err="deletion of namespace helmupgradeextensionit failed: unexpected items still remain in namespace: helmupgradeextensionit for gvr: /v1, Resource=pods"
2025-01-30 18:36:39,898 INFO c.h.h.t.HelmChartContainer - [K3S] [stateful_set.go:466] "StatefulSet has been deleted" key="helmupgradeextensionit/test-hivemq-platform"
2025-01-30 18:36:39,973 INFO c.h.h.t.HelmChartContainer - [K3S] [scope.go:117] "RemoveContainer" containerID="40dc145d1415d57f6cf039e4a25bd3209d56e6703b6ed7f62f3feb1680d997dd"
2025-01-30 18:36:39,973 INFO c.h.h.t.HelmChartContainer - [K3S] [namespace_controller.go:164] "Unhandled Error" err="deletion of namespace helmupgradeextensionit failed: unexpected items still remain in namespace: helmupgradeextensionit for gvr: /v1, Resource=pods"
2025-01-30 18:36:39,988 INFO c.h.h.t.HelmChartContainer - [POD] test-hivemq-platform-0 [5fd5d19d-ce30-456c-aed2-06815dd3117b] in helmupgradeextensionit was MODIFIED
2025-01-30 18:36:39,994 INFO c.h.h.t.HelmChartContainer - [POD] test-hivemq-platform-0 [5fd5d19d-ce30-456c-aed2-06815dd3117b] in helmupgradeextensionit was DELETED
2025-01-30 18:36:40,090 INFO c.h.h.t.HelmChartContainer - [K3S] [scope.go:117] "RemoveContainer" containerID="23f75633977c660551baf694cc587fef8ad3feb415bf37736071678432a7ec89"
2025-01-30 18:36:40,093 INFO c.h.h.t.HelmChartContainer - [K3S] [scope.go:117] "RemoveContainer" containerID="40dc145d1415d57f6cf039e4a25bd3209d56e6703b6ed7f62f3feb1680d997dd"
2025-01-30 18:36:40,094 INFO c.h.h.t.HelmChartContainer - [K3S] [scope.go:117] "RemoveContainer" containerID="23f75633977c660551baf694cc587fef8ad3feb415bf37736071678432a7ec89"
2025-01-30 18:36:40,188 INFO c.h.h.t.HelmChartContainer - [K3S] [kubelet_volumes.go:163] "Cleaned up orphaned pod volumes dir" podUID="5fd5d19d-ce30-456c-aed2-06815dd3117b" path="/var/lib/kubelet/pods/5fd5d19d-ce30-456c-aed2-06815dd3117b/volumes"
2025-01-30 18:36:40,221 INFO c.h.h.t.HelmChartContainer - Namespace 'helmupgradeextensionit' deleted
2025-01-30 18:36:40,221 INFO c.h.h.t.HelmChartContainer - Release 'test-hivemq-platform' in namespace 'helmupgradeextensionit' is uninstalled
2025-01-30 18:36:40,221 INFO c.h.h.t.HelmChartContainer - Uninstalling release 'test-hivemq-platform-operator' in namespace 'helmupgradeextensionit-operator'...
2025-01-30 18:36:40,222 DEBUG c.h.h.t.HelmChartContainer - Executing helm command: /bin/helm --kubeconfig /etc/rancher/k3s/k3s.yaml uninstall test-hivemq-platform-operator  --wait --timeout 5m0s --cascade foreground --namespace helmupgradeextensionit-operator
2025-01-30 18:36:40,394 INFO c.h.h.t.HelmChartContainer - [K3S] [replica_set.go:679] "Finished syncing" kind="ReplicaSet" key="helmupgradeextensionit-operator/hivemq-test-hivemq-platform-operator-6966f96d65" duration="16.304952ms"
2025-01-30 18:36:40,395 INFO c.h.h.t.HelmChartContainer - [K3S] [replica_set.go:679] "Finished syncing" kind="ReplicaSet" key="helmupgradeextensionit-operator/hivemq-test-hivemq-platform-operator-6966f96d65" duration="45.626µs"
2025-01-30 18:36:40,409 INFO c.h.h.t.HelmChartContainer - [POD] hivemq-test-hivemq-platform-operator-6966f96d65-5cgds [9402e1fb-383f-4652-9153-261cb026dab8] in helmupgradeextensionit-operator was MODIFIED
2025-01-30 18:36:40,415 INFO c.h.h.t.HelmChartContainer - [EVENT] Normal [Killing] Stopping container hivemq-platform-operator [helmupgradeextensionit-operator:hivemq-test-hivemq-platform-operator-6966f96d65-5cgds]
2025-01-30 18:36:40,416 INFO c.h.h.t.HelmChartContainer - Received Killing event for container hivemq-platform-operator in pod hivemq-test-hivemq-platform-operator-6966f96d65-5cgds [9402e1fb-383f-4652-9153-261cb026dab8]
2025-01-30 18:36:40,416 INFO c.h.h.t.HelmChartContainer - [hivemq-test-hivemq-platform] [hivemq-platform-operator] [9402e1fb] 18:36:40.414 [application-shutdown-thread] INFO  c.h.p.o.HiveMQPlatformOperatorApplication - HiveMQ Platform Operator is stopping...
2025-01-30 18:36:40,416 INFO c.h.h.t.HelmChartContainer - [hivemq-test-hivemq-platform] [hivemq-platform-operator] [9402e1fb] 18:36:40.414 [application-shutdown-thread] INFO  i.javaoperatorsdk.operator.Operator - Operator SDK 4.9.7 is shutting down...
2025-01-30 18:36:40,416 INFO c.h.h.t.HelmChartContainer - Container [hivemq-test-hivemq-platform-operator-6966f96d65-5cgds] [hivemq-platform-operator] [9402e1fb-383f-4652-9153-261cb026dab8] was terminated
2025-01-30 18:36:40,417 INFO c.h.h.t.HelmChartContainer - Stopped log watcher for hivemq-platform-operator in pod hivemq-test-hivemq-platform-operator-6966f96d65-5cgds [9402e1fb-383f-4652-9153-261cb026dab8]
2025-01-30 18:36:40,419 INFO c.h.h.t.HelmChartContainer - [K3S] [replica_set.go:679] "Finished syncing" kind="ReplicaSet" key="helmupgradeextensionit-operator/hivemq-test-hivemq-platform-operator-6966f96d65" duration="16.950315ms"
2025-01-30 18:36:40,423 INFO c.h.h.t.HelmChartContainer - [K3S] [replica_set.go:679] "Finished syncing" kind="ReplicaSet" key="helmupgradeextensionit-operator/hivemq-test-hivemq-platform-operator-6966f96d65" duration="46.498µs"
2025-01-30 18:36:40,949 INFO c.h.h.t.HelmChartContainer - [K3S] [replica_set.go:679] "Finished syncing" kind="ReplicaSet" key="helmupgradeextensionit-operator/hivemq-test-hivemq-platform-operator-6966f96d65" duration="42.65µs"
2025-01-30 18:36:40,950 INFO c.h.h.t.HelmChartContainer - [POD] hivemq-test-hivemq-platform-operator-6966f96d65-5cgds [9402e1fb-383f-4652-9153-261cb026dab8] in helmupgradeextensionit-operator was MODIFIED
2025-01-30 18:36:40,975 INFO c.h.h.t.HelmChartContainer - [K3S] [scope.go:117] "RemoveContainer" containerID="e50973a180481de5897c14ee0fadd240b39c8e816ff1b48587a7c8c9a3c8e54f"
2025-01-30 18:36:40,978 INFO c.h.h.t.HelmChartContainer - [K3S] [scope.go:117] "RemoveContainer" containerID="e50973a180481de5897c14ee0fadd240b39c8e816ff1b48587a7c8c9a3c8e54f"
2025-01-30 18:36:40,989 INFO c.h.h.t.HelmChartContainer - [K3S] [reconciler_common.go:162] "operationExecutor.UnmountVolume started for volume \"kube-api-access-ccbfm\" (UniqueName: \"kubernetes.io/projected/9402e1fb-383f-4652-9153-261cb026dab8-kube-api-access-ccbfm\") pod \"9402e1fb-383f-4652-9153-261cb026dab8\" (UID: \"9402e1fb-383f-4652-9153-261cb026dab8\") "
2025-01-30 18:36:41,090 INFO c.h.h.t.HelmChartContainer - [K3S] [reconciler_common.go:299] "Volume detached for volume \"kube-api-access-ccbfm\" (UniqueName: \"kubernetes.io/projected/9402e1fb-383f-4652-9153-261cb026dab8-kube-api-access-ccbfm\") on node \"5374d894705a\" DevicePath \"\""
2025-01-30 18:36:41,286 INFO c.h.h.t.HelmChartContainer - [K3S] [replica_set.go:679] "Finished syncing" kind="ReplicaSet" key="helmupgradeextensionit-operator/hivemq-test-hivemq-platform-operator-6966f96d65" duration="63.659µs"
2025-01-30 18:36:41,286 INFO c.h.h.t.HelmChartContainer - [POD] hivemq-test-hivemq-platform-operator-6966f96d65-5cgds [9402e1fb-383f-4652-9153-261cb026dab8] in helmupgradeextensionit-operator was MODIFIED
2025-01-30 18:36:41,289 INFO c.h.h.t.HelmChartContainer - [K3S] [replica_set.go:679] "Finished syncing" kind="ReplicaSet" key="helmupgradeextensionit-operator/hivemq-test-hivemq-platform-operator-6966f96d65" duration="23.083µs"
2025-01-30 18:36:41,289 INFO c.h.h.t.HelmChartContainer - [POD] hivemq-test-hivemq-platform-operator-6966f96d65-5cgds [9402e1fb-383f-4652-9153-261cb026dab8] in helmupgradeextensionit-operator was DELETED
2025-01-30 18:36:41,299 INFO c.h.h.t.HelmChartContainer - [K3S] [replica_set.go:679] "Finished syncing" kind="ReplicaSet" key="helmupgradeextensionit-operator/hivemq-test-hivemq-platform-operator-6966f96d65" duration="9.348µs"
2025-01-30 18:36:42,188 INFO c.h.h.t.HelmChartContainer - [K3S] [kubelet_volumes.go:163] "Cleaned up orphaned pod volumes dir" podUID="9402e1fb-383f-4652-9153-261cb026dab8" path="/var/lib/kubelet/pods/9402e1fb-383f-4652-9153-261cb026dab8/volumes"
2025-01-30 18:36:42,440 INFO c.h.h.t.HelmChartContainer - Deleting namespace 'helmupgradeextensionit-operator'...
2025-01-30 18:36:45,148 INFO c.h.h.t.HelmChartContainer - [K3S] [namespace_controller.go:187] "Namespace has been deleted" namespace="helmupgradeextensionit"
2025-01-30 18:36:47,671 INFO c.h.h.t.HelmChartContainer - Namespace 'helmupgradeextensionit-operator' deleted
2025-01-30 18:36:47,671 INFO c.h.h.t.HelmChartContainer - Release 'test-hivemq-platform-operator' in namespace 'helmupgradeextensionit-operator' is uninstalled
2025-01-30 18:36:48,483 INFO c.h.helmcharts.AbstractHelmChartIT - Removed unused containers:

2025-01-30 18:36:52,574 INFO c.h.h.t.HelmChartContainer - [K3S] [namespace_controller.go:187] "Namespace has been deleted" namespace="helmupgradeextensionit-operator"
2025-01-30 18:36:56,257 INFO c.h.helmcharts.AbstractHelmChartIT - Removed unused snapshots:
Removing snapshot sha256:03af251906410714c5aef9fa705b63f6bbc39c4a5e787de7361eeb18886c2ed2
Removing snapshot sha256:0c46b3b43cce082ce5ec34ffc6c294e0417d17b9d1e6f366d114b6aadc4f96dc
Removing snapshot sha256:0ce761beee59082d6ed5bcebd3a805b8ddd9b3426b617e4809e7fb7c6587ffec
Removing snapshot sha256:0df91287303208332c8ff6ba40ae4710105201739addbfbddfb955f1ad593664
Removing snapshot sha256:1021ef88c7974bfff89c5a0ec4fd3160daac6c48a075f74cff721f85dd104e68
Removing snapshot sha256:10aba4953ddc18145dd38e3704709bc464aa20af60b56fe52caaff4b68411e62
Removing snapshot sha256:2573e0d8158209ed54ab25c87bcdcb00bd3d2539246960a3d592a1c599d70465
Removing snapshot sha256:362a8a37f8bbc31925a8146adcf7cf51f9882f5c1dcbef67c5baa03a297543c0
Removing snapshot sha256:3fa4ad33f0ddc8fd45b39b6b4640f82a3a83619606cd975bfe89d8710ad2d4cd
Removing snapshot sha256:43a7c979bbaba6838bc3102d6b10a1459f3ab050b87ccdfef84ef90cf43d3058
Removing snapshot sha256:4ab04491cdf0d3267f08206fe30bd48f49f94b9cab2f016d6739220f722a64af
Removing snapshot sha256:4b6068250e89c96f263060261819c7d912855bfbd64b3eb4c4a8483299b8c295
Removing snapshot sha256:580e69a0a8034ede1921139bbd2bfb72a69ebf276d008281896c32dd8bf74775
Removing snapshot sha256:5d30ba46b27fe37484567ccc5242cadc78217b8da605f3f195ef25cbf7487904
Removing snapshot sha256:63ca1fbb43ae5034640e5e6cb3e083e05c290072c5366fcaa9d62435a4cced85
Removing snapshot sha256:67f702c6baae873bceb19487c8b1f27bd2b86077e4f2f0e480e6d60ab508b8f5
Removing snapshot sha256:6864348dd42806d552efdec384f1274be15e2d0c10ce44c1f04347af004c10a9
Removing snapshot sha256:6c7dee8f2c39b84b7dc2711c01d33de93514d9055499173e9290176fbe484b6c
Removing snapshot sha256:82753493a6d61ded36556292f02f31841a14c20d2f279f19eaad65afb661d5cd
Removing snapshot sha256:8a10d3db42c505ee0fcfa98417bdd7e39b304f6bcc0a06bb1b220797ff2cc63c
Removing snapshot sha256:a0904247e36a7726c03c71ee48f3e64462021c88dafeb13f37fdaf613b27f11c
Removing snapshot sha256:a21e5b12dbac529ad45d976eb9ce45c881f3bedcc500fb30aba1e52aa1813418
Removing snapshot sha256:b1a80f6a9585ecb764a947de9a3d8ab46edf9c75dc31eb14b80e612a759b2ac7
Removing snapshot sha256:b921e6c28969094157f9b8e7244677780319637afd14450b7cb6b2fdea558a0c
Removing snapshot sha256:bc27ecb5769a00e309cf99ebc763c4a4b958b618d1decc96ffac5bc05f02f5b7
Removing snapshot sha256:be3ccb6627a5332e309d45ef461d09b4879dd870c7394d89323d0ebc6ca6aa8a
Removing snapshot sha256:c261f7cbbc64211ee175ee47273acdb7b1a36a4450b397a064a8f2c026490095
Removing snapshot sha256:c34d9393647eea0c9e3557ab988efaf59f61d10a2a5613b439ef0958cca5ec10
Removing snapshot sha256:ccf3c4a0fa967a41c1c83497a2ce6fa5787965859df0adb32c4ca2cf7490bc2b
Removing snapshot sha256:cf92d33f869417309692088c341cd0f223c178ea78a125f757317b22aa8f90e9
Removing snapshot sha256:d0037344cf2fb078884f1849f6a1f8cf9a33a3b6139b6a85833e5ee528e1f9a8
Removing snapshot sha256:d3b36d5b79273b1e98e7700470eaeff05a882e777124d84cebcc1505b85ecb36
Removing snapshot sha256:d65a44a37914602d12c611e5e22a50f11451d847e63015cc1c2aef92dee777a4
Removing snapshot sha256:e2dc0bae2455930f23ae570e019b7f32edc75c0f2d71cab084db837ff9051796
Removing snapshot sha256:e31519795c7e3df686c447a21ec8d2eb301388a5e39ccf7f20a25c6f6ce3a522
Removing snapshot sha256:e9e86ed11d9bebc0707dd6f1166c51237ebb44f98657241f943261b2675a5449
Removing snapshot sha256:eccbd24a99c60cd9e86ee5305dbfc4a4dc89f5ab4fb1f06c8d64797cecedef34
Removing snapshot sha256:edd1404c718ab99ca3456bdf222065033800bb67d4334a9642746685a24394cd
Removing snapshot sha256:f144bb4c7c7f0d2aa7eeffd36d934ec40db1ee167be727e326aad9fdc616f475
Removing snapshot sha256:f77dd47828256b0e7a936917a9def7b403d64ee232fd07b1776cae577cf20e4d

]]></system-out>
  </testcase>
  <system-out><![CDATA[2025-01-30 18:27:14,000 INFO o.testcontainers.images.PullPolicy - Image pull policy will be performed by: DefaultPullPolicy()
2025-01-30 18:27:14,005 INFO o.t.utility.ImageNameSubstitutor - Image name substitution will be performed by: DefaultImageNameSubstitutor (composite of 'ConfigurationFileImageNameSubstitutor' and 'PrefixingImageNameSubstitutor')
2025-01-30 18:27:14,013 INFO o.testcontainers.DockerClientFactory - Testcontainers version: 1.20.4
2025-01-30 18:27:14,420 INFO o.t.d.DockerClientProviderStrategy - Found Docker environment with local Unix socket (unix:///var/run/docker.sock)
2025-01-30 18:27:14,429 INFO o.testcontainers.DockerClientFactory - Docker host IP address is localhost
2025-01-30 18:27:14,445 INFO o.testcontainers.DockerClientFactory - Connected to docker: 
  Server Version: 26.1.3
  API Version: 1.45
  Operating System: Ubuntu 24.04.1 LTS
  Total Memory: 15990 MB
2025-01-30 18:27:14,475 INFO tc.testcontainers/ryuk:0.11.0 - Pulling docker image: testcontainers/ryuk:0.11.0. Please be patient; this may take some time but only needs to be done once.
2025-01-30 18:27:14,890 INFO tc.testcontainers/ryuk:0.11.0 - Starting to pull image
2025-01-30 18:27:14,905 INFO tc.testcontainers/ryuk:0.11.0 - Pulling image layers:  0 pending,  0 downloaded,  0 extracted, (0 bytes/0 bytes)
2025-01-30 18:27:15,134 INFO tc.testcontainers/ryuk:0.11.0 - Pulling image layers:  2 pending,  1 downloaded,  0 extracted, (45 KB/? MB)
2025-01-30 18:27:15,179 INFO tc.testcontainers/ryuk:0.11.0 - Pulling image layers:  1 pending,  2 downloaded,  0 extracted, (116 KB/? MB)
2025-01-30 18:27:15,254 INFO tc.testcontainers/ryuk:0.11.0 - Pulling image layers:  0 pending,  3 downloaded,  0 extracted, (3 MB/10 MB)
2025-01-30 18:27:15,278 INFO tc.testcontainers/ryuk:0.11.0 - Pulling image layers:  0 pending,  3 downloaded,  1 extracted, (3 MB/10 MB)
2025-01-30 18:27:15,420 INFO tc.testcontainers/ryuk:0.11.0 - Pulling image layers:  0 pending,  3 downloaded,  2 extracted, (4 MB/10 MB)
2025-01-30 18:27:15,456 INFO tc.testcontainers/ryuk:0.11.0 - Pulling image layers:  0 pending,  3 downloaded,  3 extracted, (10 MB/10 MB)
2025-01-30 18:27:15,462 INFO tc.testcontainers/ryuk:0.11.0 - Image testcontainers/ryuk:0.11.0 pull took PT0.987318797S
2025-01-30 18:27:15,481 INFO tc.testcontainers/ryuk:0.11.0 - Creating container for image: testcontainers/ryuk:0.11.0
2025-01-30 18:27:15,539 INFO tc.testcontainers/ryuk:0.11.0 - Container testcontainers/ryuk:0.11.0 is starting: 9662f2834c814c7346a442acbfc259c0e5c4196f0b7bbb622427a33fe734d751
2025-01-30 18:27:15,793 INFO tc.testcontainers/ryuk:0.11.0 - Container testcontainers/ryuk:0.11.0 started in PT0.311991192S
2025-01-30 18:27:15,796 INFO o.t.utility.RyukResourceReaper - Ryuk started - will monitor and terminate Testcontainers containers on JVM exit
2025-01-30 18:27:15,797 INFO o.testcontainers.DockerClientFactory - Checking the system...
2025-01-30 18:27:15,797 INFO o.testcontainers.DockerClientFactory - ✔︎ Docker server version should be at least 1.6.0
2025-01-30 18:27:15,798 INFO tc.hivemq/hivemq4:4.36.0 - Creating container for image: hivemq/hivemq4:4.36.0
2025-01-30 18:27:15,814 INFO tc.hivemq/hivemq4:4.36.0 - Container hivemq/hivemq4:4.36.0 is starting: a9cebf6e163a62d148eea3aa354a494759f7351de427c0220591bd5f4ee2174e
2025-01-30 18:27:23,776 INFO tc.hivemq/hivemq4:4.36.0 - Container hivemq/hivemq4:4.36.0 started in PT7.978036735S
2025-01-30 18:27:23,778 INFO c.h.h.t.HelmChartContainerExtension - Using cached HelmChartContainer instance
2025-01-30 18:27:23,779 INFO c.h.h.t.HelmChartContainerExtension - Creating cached HelmChartContainer instance
2025-01-30 18:27:23,853 INFO o.t.i.builder.ImageFromDockerfile - Pre-emptively checking local images for 'ubuntu:noble-20241118.1@sha256:80dd3c3b9c6cecb9f1667e9290b3bc61b78c2678c02cbdae5f0fea92cc6734ab', referenced via a Dockerfile. If not available, it will be pulled.
2025-01-30 18:27:23,856 INFO t.u.1@sha256:80dd3c... - Pulling docker image: ubuntu:noble-20241118.1@sha256:80dd3c3b9c6cecb9f1667e9290b3bc61b78c2678c02cbdae5f0fea92cc6734ab. Please be patient; this may take some time but only needs to be done once.
2025-01-30 18:27:24,128 INFO t.u.1@sha256:80dd3c... - Starting to pull image
2025-01-30 18:27:24,129 INFO t.u.1@sha256:80dd3c... - Pulling image layers:  0 pending,  0 downloaded,  0 extracted, (0 bytes/0 bytes)
2025-01-30 18:27:24,569 INFO t.u.1@sha256:80dd3c... - Pulling image layers:  0 pending,  1 downloaded,  0 extracted, (26 MB/28 MB)
2025-01-30 18:27:25,494 INFO t.u.1@sha256:80dd3c... - Pulling image layers:  0 pending,  1 downloaded,  1 extracted, (28 MB/28 MB)
2025-01-30 18:27:25,499 INFO t.u.1@sha256:80dd3c... - Pull complete. 1 layers, pulled in 1s (downloaded 28 MB at 28 MB/s)
2025-01-30 18:27:25,499 INFO t.u.1@sha256:80dd3c... - Image ubuntu:noble-20241118.1@sha256:80dd3c3b9c6cecb9f1667e9290b3bc61b78c2678c02cbdae5f0fea92cc6734ab pull took PT1.64256291S
2025-01-30 18:27:25,501 INFO o.t.i.builder.ImageFromDockerfile - Pre-emptively checking local images for 'rancher/k3s:v1.32.1-k3s1', referenced via a Dockerfile. If not available, it will be pulled.
2025-01-30 18:27:25,502 INFO tc.rancher/k3s:v1.32.1-k3s1 - Pulling docker image: rancher/k3s:v1.32.1-k3s1. Please be patient; this may take some time but only needs to be done once.
2025-01-30 18:27:25,893 INFO tc.rancher/k3s:v1.32.1-k3s1 - Starting to pull image
2025-01-30 18:27:25,894 INFO tc.rancher/k3s:v1.32.1-k3s1 - Pulling image layers:  0 pending,  0 downloaded,  0 extracted, (0 bytes/0 bytes)
2025-01-30 18:27:26,704 INFO tc.rancher/k3s:v1.32.1-k3s1 - Pulling image layers:  0 pending,  1 downloaded,  0 extracted, (59 MB/71 MB)
2025-01-30 18:27:27,745 INFO tc.rancher/k3s:v1.32.1-k3s1 - Pulling image layers:  0 pending,  1 downloaded,  1 extracted, (71 MB/71 MB)
2025-01-30 18:27:27,751 INFO tc.rancher/k3s:v1.32.1-k3s1 - Pull complete. 1 layers, pulled in 1s (downloaded 71 MB at 71 MB/s)
2025-01-30 18:27:27,751 INFO tc.rancher/k3s:v1.32.1-k3s1 - Image rancher/k3s:v1.32.1-k3s1 pull took PT2.248098733S
2025-01-30 18:27:27,757 INFO o.t.i.builder.ImageFromDockerfile - Transferred 0 bytes to Docker daemon
2025-01-30 18:27:43,017 INFO c.h.h.t.HelmChartContainer - Starting HelmChartContainer...
2025-01-30 18:27:43,020 INFO t.localhost/testcontainers/4iewcqjrneirvvgk:latest - Creating container for image: localhost/testcontainers/4iewcqjrneirvvgk:latest
2025-01-30 18:27:43,087 INFO tc.alpine:3.17 - Pulling docker image: alpine:3.17. Please be patient; this may take some time but only needs to be done once.
2025-01-30 18:27:43,487 INFO tc.alpine:3.17 - Starting to pull image
2025-01-30 18:27:43,488 INFO tc.alpine:3.17 - Pulling image layers:  0 pending,  0 downloaded,  0 extracted, (0 bytes/0 bytes)
2025-01-30 18:27:43,726 INFO tc.alpine:3.17 - Pulling image layers:  0 pending,  1 downloaded,  0 extracted, (33 KB/3 MB)
2025-01-30 18:27:43,822 INFO tc.alpine:3.17 - Pulling image layers:  0 pending,  1 downloaded,  1 extracted, (3 MB/3 MB)
2025-01-30 18:27:43,829 INFO tc.alpine:3.17 - Image alpine:3.17 pull took PT0.741131221S
2025-01-30 18:27:44,347 INFO t.localhost/testcontainers/4iewcqjrneirvvgk:latest - Container localhost/testcontainers/4iewcqjrneirvvgk:latest is starting: 5374d894705aca6596a7caaf727839dccf668f636ba6d8e4ca218a856c887d58
2025-01-30 18:27:44,706 INFO c.h.h.t.HelmChartContainer - [K3S] [INFO] Starting k3s v1.32.1+k3s1 (6a322f12)
2025-01-30 18:27:44,708 INFO c.h.h.t.HelmChartContainer - [K3S] [INFO] Configuring sqlite3 database connection pooling: maxIdleConns=2, maxOpenConns=0, connMaxLifetime=0s
2025-01-30 18:27:44,708 INFO c.h.h.t.HelmChartContainer - [K3S] [INFO] Configuring database table schema and indexes, this may take a moment...
2025-01-30 18:27:44,711 INFO c.h.h.t.HelmChartContainer - [K3S] [INFO] Database tables and indexes are up to date
2025-01-30 18:27:44,715 INFO c.h.h.t.HelmChartContainer - [K3S] [INFO] Kine available at unix://kine.sock
2025-01-30 18:27:44,779 INFO c.h.h.t.HelmChartContainer - [K3S] [INFO] Saving cluster bootstrap data to datastore
2025-01-30 18:27:44,782 INFO c.h.h.t.HelmChartContainer - [K3S] [WARNING] dynamiclistener [::]:6443: no cached certificate available for preload - deferring certificate load until storage initialization or first client request
2025-01-30 18:27:44,782 INFO c.h.h.t.HelmChartContainer - [K3S] [INFO] Active TLS secret / (ver=) (count 10): map[listener.cattle.io/cn-10.43.0.1:10.43.0.1 listener.cattle.io/cn-127.0.0.1:127.0.0.1 listener.cattle.io/cn-172.18.0.2:172.18.0.2 listener.cattle.io/cn-5374d894705a:5374d894705a listener.cattle.io/cn-__1-f16284:::1 listener.cattle.io/cn-kubernetes:kubernetes listener.cattle.io/cn-kubernetes.default:kubernetes.default listener.cattle.io/cn-kubernetes.default.svc:kubernetes.default.svc listener.cattle.io/cn-kubernetes.default.svc.cluster.local:kubernetes.default.svc.cluster.local listener.cattle.io/cn-localhost:localhost listener.cattle.io/fingerprint:SHA1=AE35F7EF3EE2D76686E37F847B41A375F10F3B88]
2025-01-30 18:27:44,945 INFO c.h.h.t.HelmChartContainer - [K3S] [INFO] Running kube-apiserver --advertise-port=6443 --allow-privileged=true --anonymous-auth=false --api-audiences=https://kubernetes.default.svc.cluster.local,k3s --authorization-mode=Node,RBAC --bind-address=127.0.0.1 --cert-dir=/var/lib/rancher/k3s/server/tls/temporary-certs --client-ca-file=/var/lib/rancher/k3s/server/tls/client-ca.crt --egress-selector-config-file=/var/lib/rancher/k3s/server/etc/egress-selector-config.yaml --enable-admission-plugins=NodeRestriction --enable-aggregator-routing=true --enable-bootstrap-token-auth=true --etcd-compaction-interval=0s --etcd-servers=unix://kine.sock --kubelet-certificate-authority=/var/lib/rancher/k3s/server/tls/server-ca.crt --kubelet-client-certificate=/var/lib/rancher/k3s/server/tls/client-kube-apiserver.crt --kubelet-client-key=/var/lib/rancher/k3s/server/tls/client-kube-apiserver.key --kubelet-preferred-address-types=InternalIP,ExternalIP,Hostname --profiling=false --proxy-client-cert-file=/var/lib/rancher/k3s/server/tls/client-auth-proxy.crt --proxy-client-key-file=/var/lib/rancher/k3s/server/tls/client-auth-proxy.key --requestheader-allowed-names=system:auth-proxy --requestheader-client-ca-file=/var/lib/rancher/k3s/server/tls/request-header-ca.crt --requestheader-extra-headers-prefix=X-Remote-Extra- --requestheader-group-headers=X-Remote-Group --requestheader-username-headers=X-Remote-User --secure-port=6444 --service-account-issuer=https://kubernetes.default.svc.cluster.local --service-account-key-file=/var/lib/rancher/k3s/server/tls/service.key --service-account-signing-key-file=/var/lib/rancher/k3s/server/tls/service.current.key --service-cluster-ip-range=10.43.0.0/16 --service-node-port-range=30000-32767 --storage-backend=etcd3 --tls-cert-file=/var/lib/rancher/k3s/server/tls/serving-kube-apiserver.crt --tls-cipher-suites=TLS_ECDHE_ECDSA_WITH_AES_256_GCM_SHA384,TLS_ECDHE_RSA_WITH_AES_256_GCM_SHA384,TLS_ECDHE_ECDSA_WITH_AES_128_GCM_SHA256,TLS_ECDHE_RSA_WITH_AES_128_GCM_SHA256,TLS_ECDHE_ECDSA_WITH_CHACHA20_POLY1305,TLS_ECDHE_RSA_WITH_CHACHA20_POLY1305 --tls-private-key-file=/var/lib/rancher/k3s/server/tls/serving-kube-apiserver.key
2025-01-30 18:27:44,946 INFO c.h.h.t.HelmChartContainer - [K3S] [INFO] Running kube-scheduler --authentication-kubeconfig=/var/lib/rancher/k3s/server/cred/scheduler.kubeconfig --authorization-kubeconfig=/var/lib/rancher/k3s/server/cred/scheduler.kubeconfig --bind-address=127.0.0.1 --kubeconfig=/var/lib/rancher/k3s/server/cred/scheduler.kubeconfig --leader-elect=false --profiling=false --secure-port=10259
2025-01-30 18:27:44,946 INFO c.h.h.t.HelmChartContainer - [K3S] [registry.go:256] calling componentGlobalsRegistry.AddFlags more than once, the registry will be set by the latest flags
2025-01-30 18:27:44,947 INFO c.h.h.t.HelmChartContainer - [K3S] [INFO] Waiting for API server to become available
2025-01-30 18:27:44,947 INFO c.h.h.t.HelmChartContainer - [K3S] [registry.go:256] calling componentGlobalsRegistry.AddFlags more than once, the registry will be set by the latest flags
2025-01-30 18:27:44,947 INFO c.h.h.t.HelmChartContainer - [K3S] [options.go:238] external host was not specified, using 172.18.0.2
2025-01-30 18:27:44,948 INFO c.h.h.t.HelmChartContainer - [K3S] [INFO] Running kube-controller-manager --allocate-node-cidrs=true --authentication-kubeconfig=/var/lib/rancher/k3s/server/cred/controller.kubeconfig --authorization-kubeconfig=/var/lib/rancher/k3s/server/cred/controller.kubeconfig --bind-address=127.0.0.1 --cluster-cidr=10.42.0.0/16 --cluster-signing-kube-apiserver-client-cert-file=/var/lib/rancher/k3s/server/tls/client-ca.nochain.crt --cluster-signing-kube-apiserver-client-key-file=/var/lib/rancher/k3s/server/tls/client-ca.key --cluster-signing-kubelet-client-cert-file=/var/lib/rancher/k3s/server/tls/client-ca.nochain.crt --cluster-signing-kubelet-client-key-file=/var/lib/rancher/k3s/server/tls/client-ca.key --cluster-signing-kubelet-serving-cert-file=/var/lib/rancher/k3s/server/tls/server-ca.nochain.crt --cluster-signing-kubelet-serving-key-file=/var/lib/rancher/k3s/server/tls/server-ca.key --cluster-signing-legacy-unknown-cert-file=/var/lib/rancher/k3s/server/tls/server-ca.nochain.crt --cluster-signing-legacy-unknown-key-file=/var/lib/rancher/k3s/server/tls/server-ca.key --configure-cloud-routes=false --controllers=*,tokencleaner,-service,-route,-cloud-node-lifecycle --kubeconfig=/var/lib/rancher/k3s/server/cred/controller.kubeconfig --leader-elect=false --profiling=false --root-ca-file=/var/lib/rancher/k3s/server/tls/server-ca.crt --secure-port=10257 --service-account-private-key-file=/var/lib/rancher/k3s/server/tls/service.current.key --service-cluster-ip-range=10.43.0.0/16 --use-service-account-credentials=true
2025-01-30 18:27:44,948 INFO c.h.h.t.HelmChartContainer - [K3S] [options.go:299] unable to set WatchListClient feature gate, err: cannot override default for feature "WatchListClient": gates already added to a flag set
2025-01-30 18:27:44,951 INFO c.h.h.t.HelmChartContainer - [K3S] [registry.go:256] calling componentGlobalsRegistry.AddFlags more than once, the registry will be set by the latest flags
2025-01-30 18:27:44,952 INFO c.h.h.t.HelmChartContainer - [K3S] [INFO] Running cloud-controller-manager --allocate-node-cidrs=true --authentication-kubeconfig=/var/lib/rancher/k3s/server/cred/cloud-controller.kubeconfig --authorization-kubeconfig=/var/lib/rancher/k3s/server/cred/cloud-controller.kubeconfig --bind-address=127.0.0.1 --cloud-config=/var/lib/rancher/k3s/server/etc/cloud-config.yaml --cloud-provider=k3s --cluster-cidr=10.42.0.0/16 --configure-cloud-routes=false --controllers=*,-route --kubeconfig=/var/lib/rancher/k3s/server/cred/cloud-controller.kubeconfig --leader-elect=false --leader-elect-resource-name=k3s-cloud-controller-manager --node-status-update-frequency=1m0s --profiling=false
2025-01-30 18:27:44,952 INFO c.h.h.t.HelmChartContainer - [K3S] [server.go:151] Version: v1.32.1+k3s1
2025-01-30 18:27:44,952 INFO c.h.h.t.HelmChartContainer - [K3S] [server.go:153] "Golang settings" GOGC="" GOMAXPROCS="" GOTRACEBACK=""
2025-01-30 18:27:44,952 INFO c.h.h.t.HelmChartContainer - [K3S] [INFO] Server node token is available at /var/lib/rancher/k3s/server/token
2025-01-30 18:27:44,952 INFO c.h.h.t.HelmChartContainer - [K3S] [INFO] To join server node to cluster: k3s server -s https://172.18.0.2:6443 -t ${SERVER_NODE_TOKEN}
2025-01-30 18:27:44,952 INFO c.h.h.t.HelmChartContainer - [K3S] [INFO] Agent node token is available at /var/lib/rancher/k3s/server/agent-token
2025-01-30 18:27:44,952 INFO c.h.h.t.HelmChartContainer - [K3S] [INFO] To join agent node to cluster: k3s agent -s https://172.18.0.2:6443 -t ${AGENT_NODE_TOKEN}
2025-01-30 18:27:44,954 INFO c.h.h.t.HelmChartContainer - [K3S] [INFO] Wrote kubeconfig /etc/rancher/k3s/k3s.yaml
2025-01-30 18:27:44,954 INFO c.h.h.t.HelmChartContainer - [K3S] [INFO] Run: k3s kubectl
2025-01-30 18:27:45,298 INFO c.h.h.t.HelmChartContainer - [K3S] [plugins.go:157] Loaded 13 mutating admission controller(s) successfully in the following order: NamespaceLifecycle,LimitRanger,ServiceAccount,NodeRestriction,TaintNodesByCondition,Priority,DefaultTolerationSeconds,DefaultStorageClass,StorageObjectInUseProtection,RuntimeClass,DefaultIngressClass,MutatingAdmissionPolicy,MutatingAdmissionWebhook.
2025-01-30 18:27:45,298 INFO c.h.h.t.HelmChartContainer - [K3S] [plugins.go:160] Loaded 13 validating admission controller(s) successfully in the following order: LimitRanger,ServiceAccount,PodSecurity,Priority,PersistentVolumeClaimResize,RuntimeClass,CertificateApproval,CertificateSigning,ClusterTrustBundleAttest,CertificateSubjectRestriction,ValidatingAdmissionPolicy,ValidatingAdmissionWebhook,ResourceQuota.
2025-01-30 18:27:45,299 INFO c.h.h.t.HelmChartContainer - [K3S] [instance.go:233] Using reconciler: lease
2025-01-30 18:27:45,363 INFO c.h.h.t.HelmChartContainer - [K3S] [apis.go:106] API group "internal.apiserver.k8s.io" is not enabled, skipping.
2025-01-30 18:27:45,408 INFO c.h.h.t.HelmChartContainer - [K3S] [apis.go:106] API group "storagemigration.k8s.io" is not enabled, skipping.
2025-01-30 18:27:45,435 INFO c.h.h.t.HelmChartContainer - [K3S] [apis.go:106] API group "resource.k8s.io" is not enabled, skipping.
2025-01-30 18:27:45,535 INFO c.h.h.t.HelmChartContainer - [K3S] [INFO] Password verified locally for node 5374d894705a
2025-01-30 18:27:45,751 INFO c.h.h.t.HelmChartContainer - [K3S] [dynamic_cafile_content.go:161] "Starting controller" name="client-ca-bundle::/var/lib/rancher/k3s/server/tls/client-ca.crt"
2025-01-30 18:27:45,751 INFO c.h.h.t.HelmChartContainer - [K3S] [dynamic_serving_content.go:135] "Starting controller" name="serving-cert::/var/lib/rancher/k3s/server/tls/serving-kube-apiserver.crt::/var/lib/rancher/k3s/server/tls/serving-kube-apiserver.key"
2025-01-30 18:27:45,751 INFO c.h.h.t.HelmChartContainer - [K3S] [dynamic_cafile_content.go:161] "Starting controller" name="request-header::/var/lib/rancher/k3s/server/tls/request-header-ca.crt"
2025-01-30 18:27:45,752 INFO c.h.h.t.HelmChartContainer - [K3S] [secure_serving.go:213] Serving securely on 127.0.0.1:6444
2025-01-30 18:27:45,753 INFO c.h.h.t.HelmChartContainer - [K3S] [controller.go:78] Starting OpenAPI AggregationController
2025-01-30 18:27:45,753 INFO c.h.h.t.HelmChartContainer - [K3S] [tlsconfig.go:243] "Starting DynamicServingCertificateController"
2025-01-30 18:27:45,753 INFO c.h.h.t.HelmChartContainer - [K3S] [remote_available_controller.go:411] Starting RemoteAvailability controller
2025-01-30 18:27:45,753 INFO c.h.h.t.HelmChartContainer - [K3S] [apiservice_controller.go:100] Starting APIServiceRegistrationController
2025-01-30 18:27:45,753 INFO c.h.h.t.HelmChartContainer - [K3S] [controller.go:119] Starting legacy_token_tracking_controller
2025-01-30 18:27:45,753 INFO c.h.h.t.HelmChartContainer - [K3S] [local_available_controller.go:156] Starting LocalAvailability controller
2025-01-30 18:27:45,753 INFO c.h.h.t.HelmChartContainer - [K3S] [system_namespaces_controller.go:66] Starting system namespaces controller
2025-01-30 18:27:45,753 INFO c.h.h.t.HelmChartContainer - [K3S] [dynamic_serving_content.go:135] "Starting controller" name="aggregator-proxy-cert::/var/lib/rancher/k3s/server/tls/client-auth-proxy.crt::/var/lib/rancher/k3s/server/tls/client-auth-proxy.key"
2025-01-30 18:27:45,754 INFO c.h.h.t.HelmChartContainer - [K3S] [apf_controller.go:377] Starting API Priority and Fairness config controller
2025-01-30 18:27:45,754 INFO c.h.h.t.HelmChartContainer - [K3S] [cluster_authentication_trust_controller.go:462] Starting cluster_authentication_trust_controller controller
2025-01-30 18:27:45,754 INFO c.h.h.t.HelmChartContainer - [K3S] [controller.go:80] Starting OpenAPI V3 AggregationController
2025-01-30 18:27:45,754 INFO c.h.h.t.HelmChartContainer - [K3S] [aggregator.go:169] waiting for initial CRD sync...
2025-01-30 18:27:45,754 INFO c.h.h.t.HelmChartContainer - [K3S] [customresource_discovery_controller.go:292] Starting DiscoveryController
2025-01-30 18:27:45,754 INFO c.h.h.t.HelmChartContainer - [K3S] [gc_controller.go:78] Starting apiserver lease garbage collector
2025-01-30 18:27:45,754 INFO c.h.h.t.HelmChartContainer - [K3S] [dynamic_cafile_content.go:161] "Starting controller" name="client-ca-bundle::/var/lib/rancher/k3s/server/tls/client-ca.crt"
2025-01-30 18:27:45,754 INFO c.h.h.t.HelmChartContainer - [K3S] [dynamic_cafile_content.go:161] "Starting controller" name="request-header::/var/lib/rancher/k3s/server/tls/request-header-ca.crt"
2025-01-30 18:27:45,754 INFO c.h.h.t.HelmChartContainer - [K3S] [crdregistration_controller.go:114] Starting crd-autoregister controller
2025-01-30 18:27:45,754 INFO c.h.h.t.HelmChartContainer - [K3S] [controller.go:142] Starting OpenAPI controller
2025-01-30 18:27:45,754 INFO c.h.h.t.HelmChartContainer - [K3S] [controller.go:90] Starting OpenAPI V3 controller
2025-01-30 18:27:45,754 INFO c.h.h.t.HelmChartContainer - [K3S] [naming_controller.go:294] Starting NamingConditionController
2025-01-30 18:27:45,755 INFO c.h.h.t.HelmChartContainer - [K3S] [establishing_controller.go:81] Starting EstablishingController
2025-01-30 18:27:45,755 INFO c.h.h.t.HelmChartContainer - [K3S] [apiapproval_controller.go:189] Starting KubernetesAPIApprovalPolicyConformantConditionController
2025-01-30 18:27:45,760 INFO c.h.h.t.HelmChartContainer - [K3S] [crd_finalizer.go:269] Starting CRDFinalizer
2025-01-30 18:27:45,784 INFO c.h.h.t.HelmChartContainer - [K3S] [nonstructuralschema_controller.go:195] Starting NonStructuralSchemaConditionController
2025-01-30 18:27:45,852 INFO c.h.h.t.HelmChartContainer - [K3S] [apf_controller.go:382] Running API Priority and Fairness config worker
2025-01-30 18:27:45,853 INFO c.h.h.t.HelmChartContainer - [K3S] [apf_controller.go:385] Running API Priority and Fairness periodic rebalancing process
2025-01-30 18:27:45,855 INFO c.h.h.t.HelmChartContainer - [K3S] [handler_discovery.go:451] Starting ResourceDiscoveryManager
2025-01-30 18:27:45,855 INFO c.h.h.t.HelmChartContainer - [K3S] [aggregator.go:171] initial CRD sync complete...
2025-01-30 18:27:45,855 INFO c.h.h.t.HelmChartContainer - [K3S] [autoregister_controller.go:144] Starting autoregister controller
2025-01-30 18:27:45,883 INFO c.h.h.t.HelmChartContainer - [K3S] [controller.go:145] "Failed to ensure lease exists, will retry" err="namespaces \"kube-system\" not found" interval="200ms"
2025-01-30 18:27:45,892 INFO c.h.h.t.HelmChartContainer - [K3S] [policy_source.go:240] refreshing policies
2025-01-30 18:27:45,907 INFO c.h.h.t.HelmChartContainer - [K3S] [controller.go:148] "Unhandled Error" err="while syncing ConfigMap \"kube-system/kube-apiserver-legacy-service-account-token-tracking\", err: namespaces \"kube-system\" not found" logger="UnhandledError"
2025-01-30 18:27:45,907 INFO c.h.h.t.HelmChartContainer - [K3S] [controller.go:95] Unable to perform initial Kubernetes service initialization: namespaces "default" not found
2025-01-30 18:27:46,083 INFO c.h.h.t.HelmChartContainer - [K3S] [WARNING] Host resolv.conf includes loopback or multicast nameservers - kubelet will use autogenerated resolv.conf with nameserver 8.8.8.8
2025-01-30 18:27:46,091 INFO c.h.h.t.HelmChartContainer - [K3S] [INFO] Module overlay was already loaded
2025-01-30 18:27:46,091 INFO c.h.h.t.HelmChartContainer - [K3S] [INFO] Module nf_conntrack was already loaded
2025-01-30 18:27:46,091 INFO c.h.h.t.HelmChartContainer - [K3S] [INFO] Module br_netfilter was already loaded
2025-01-30 18:27:46,096 INFO c.h.h.t.HelmChartContainer - [K3S] [INFO] Set sysctl 'net/netfilter/nf_conntrack_tcp_timeout_established' to 86400
2025-01-30 18:27:46,096 INFO c.h.h.t.HelmChartContainer - [K3S] [INFO] Set sysctl 'net/netfilter/nf_conntrack_tcp_timeout_close_wait' to 3600
2025-01-30 18:27:46,096 INFO c.h.h.t.HelmChartContainer - [K3S] [INFO] Set sysctl 'net/netfilter/nf_conntrack_max' to 131072
2025-01-30 18:27:46,098 INFO c.h.h.t.HelmChartContainer - [K3S] [INFO] Logging containerd to /var/lib/rancher/k3s/agent/containerd/containerd.log
2025-01-30 18:27:46,098 INFO c.h.h.t.HelmChartContainer - [K3S] [INFO] Running containerd -c /var/lib/rancher/k3s/agent/etc/containerd/config.toml -a /run/k3s/containerd/containerd.sock --state /run/k3s/containerd --root /var/lib/rancher/k3s/agent/containerd
2025-01-30 18:27:46,756 INFO c.h.h.t.HelmChartContainer - [K3S] [storage_scheduling.go:95] created PriorityClass system-node-critical with value 2000001000
2025-01-30 18:27:46,759 INFO c.h.h.t.HelmChartContainer - [K3S] [storage_scheduling.go:95] created PriorityClass system-cluster-critical with value 2000000000
2025-01-30 18:27:46,759 INFO c.h.h.t.HelmChartContainer - [K3S] [storage_scheduling.go:111] all system priority classes are created successfully or already exist.
2025-01-30 18:27:47,101 INFO c.h.h.t.HelmChartContainer - [K3S] [INFO] containerd is now running
2025-01-30 18:27:47,105 INFO c.h.h.t.HelmChartContainer - [K3S] [INFO] Connecting to proxy" url="wss://127.0.0.1:6443/v1-k3s/connect
2025-01-30 18:27:47,106 INFO c.h.h.t.HelmChartContainer - [K3S] [INFO] Creating k3s-cert-monitor event broadcaster
2025-01-30 18:27:47,107 INFO c.h.h.t.HelmChartContainer - [K3S] [INFO] Running kubelet --cloud-provider=external --config-dir=/var/lib/rancher/k3s/agent/etc/kubelet.conf.d --containerd=/run/k3s/containerd/containerd.sock --hostname-override=5374d894705a --kubeconfig=/var/lib/rancher/k3s/agent/kubelet.kubeconfig --node-ip=172.18.0.2 --node-labels=
2025-01-30 18:27:47,109 INFO c.h.h.t.HelmChartContainer - [K3S] [INFO] Handling backend connection request [5374d894705a]
2025-01-30 18:27:47,111 INFO c.h.h.t.HelmChartContainer - [K3S] [INFO] Remotedialer connected to proxy" url="wss://127.0.0.1:6443/v1-k3s/connect
2025-01-30 18:27:47,215 INFO c.h.h.t.HelmChartContainer - [K3S] [alloc.go:330] "allocated clusterIPs" service="default/kubernetes" clusterIPs={"IPv4":"10.43.0.1"}
2025-01-30 18:27:47,218 INFO c.h.h.t.HelmChartContainer - [K3S] [lease.go:265] Resetting endpoints for master service "kubernetes" to [172.18.0.2]
2025-01-30 18:27:47,235 INFO c.h.h.t.HelmChartContainer - [K3S] [ERROR] Sending HTTP/1.1 503 response to 127.0.0.1:47292: runtime core not ready
2025-01-30 18:27:47,348 INFO c.h.h.t.HelmChartContainer - [K3S] [INFO] Running kube-proxy --cluster-cidr=10.42.0.0/16 --conntrack-max-per-core=0 --conntrack-tcp-timeout-close-wait=0s --conntrack-tcp-timeout-established=0s --healthz-bind-address=127.0.0.1 --hostname-override=5374d894705a --kubeconfig=/var/lib/rancher/k3s/agent/kubeproxy.kubeconfig --proxy-mode=iptables
2025-01-30 18:27:47,385 INFO c.h.h.t.HelmChartContainer - [K3S] [server.go:687] "Failed to retrieve node info" err="nodes \"5374d894705a\" not found"
2025-01-30 18:27:47,952 INFO c.h.h.t.HelmChartContainer - [K3S] [INFO] Waiting for untainted node
2025-01-30 18:27:47,954 INFO c.h.h.t.HelmChartContainer - [K3S] [INFO] Waiting for cloud-controller-manager privileges to become available
2025-01-30 18:27:47,959 INFO c.h.h.t.HelmChartContainer - [K3S] [INFO] Kube API server is now running
2025-01-30 18:27:47,959 INFO c.h.h.t.HelmChartContainer - [K3S] [INFO] ETCD server is now running
2025-01-30 18:27:47,959 INFO c.h.h.t.HelmChartContainer - [K3S] [INFO] k3s is up and running
2025-01-30 18:27:47,959 INFO c.h.h.t.HelmChartContainer - [K3S] [INFO] Creating k3s-supervisor event broadcaster
2025-01-30 18:27:47,963 INFO c.h.h.t.HelmChartContainer - [K3S] [INFO] Applying CRD addons.k3s.cattle.io
2025-01-30 18:27:47,979 INFO c.h.h.t.HelmChartContainer - [K3S] [INFO] Applying CRD etcdsnapshotfiles.k3s.cattle.io
2025-01-30 18:27:47,990 INFO c.h.h.t.HelmChartContainer - [K3S] [INFO] Applying CRD helmcharts.helm.cattle.io
2025-01-30 18:27:48,019 INFO c.h.h.t.HelmChartContainer - [K3S] [INFO] Applying CRD helmchartconfigs.helm.cattle.io
2025-01-30 18:27:48,040 INFO c.h.h.t.HelmChartContainer - [K3S] [INFO] Waiting for CRD helmchartconfigs.helm.cattle.io to become available
2025-01-30 18:27:48,096 INFO c.h.h.t.HelmChartContainer - [K3S] [serving.go:392] Generated self-signed cert in-memory
2025-01-30 18:27:48,115 INFO c.h.h.t.HelmChartContainer - [K3S] Flag --containerd has been deprecated, This is a cadvisor flag that was mistakenly registered with the Kubelet. Due to legacy concerns, it will follow the standard CLI deprecation timeline before being removed.
2025-01-30 18:27:48,119 INFO c.h.h.t.HelmChartContainer - [K3S] [server.go:515] "Kubelet version" kubeletVersion="v1.32.1+k3s1"
2025-01-30 18:27:48,119 INFO c.h.h.t.HelmChartContainer - [K3S] [server.go:517] "Golang settings" GOGC="" GOMAXPROCS="" GOTRACEBACK=""
2025-01-30 18:27:48,121 INFO c.h.h.t.HelmChartContainer - [K3S] [dynamic_cafile_content.go:161] "Starting controller" name="client-ca-bundle::/var/lib/rancher/k3s/agent/client-ca.crt"
2025-01-30 18:27:48,123 INFO c.h.h.t.HelmChartContainer - [K3S] [log.go:32] "RuntimeConfig from runtime service failed" err="rpc error: code = Unimplemented desc = method RuntimeConfig not implemented"
2025-01-30 18:27:48,124 INFO c.h.h.t.HelmChartContainer - [K3S] [server.go:1416] "CRI implementation should be updated to support RuntimeConfig when KubeletCgroupDriverFromCRI feature gate has been enabled. Falling back to using cgroupDriver from kubelet config."
2025-01-30 18:27:48,129 INFO c.h.h.t.HelmChartContainer - [K3S] [info.go:53] Couldn't collect info from any of the files in "/etc/machine-id,/var/lib/dbus/machine-id"
2025-01-30 18:27:48,129 INFO c.h.h.t.HelmChartContainer - [K3S] [server.go:767] "--cgroups-per-qos enabled, but --cgroup-root was not specified.  defaulting to /"
2025-01-30 18:27:48,130 INFO c.h.h.t.HelmChartContainer - [K3S] [server.go:836] "NoSwap is set due to memorySwapBehavior not specified" memorySwapBehavior="" FailSwapOn=false
2025-01-30 18:27:48,130 INFO c.h.h.t.HelmChartContainer - [K3S] [swap_util.go:115] "Swap is on" /proc/swaps contents=<
2025-01-30 18:27:48,130 INFO c.h.h.t.HelmChartContainer - [K3S] 	Filename				Type		Size		Used		Priority
2025-01-30 18:27:48,130 INFO c.h.h.t.HelmChartContainer - [K3S] 	/mnt/swapfile                           file		4194300		0		-2
2025-01-30 18:27:48,130 INFO c.h.h.t.HelmChartContainer - [K3S]  >
2025-01-30 18:27:48,130 INFO c.h.h.t.HelmChartContainer - [K3S] [container_manager_linux.go:268] "Container manager verified user specified cgroup-root exists" cgroupRoot=[]
2025-01-30 18:27:48,130 INFO c.h.h.t.HelmChartContainer - [K3S] [container_manager_linux.go:273] "Creating Container Manager object based on Node Config" nodeConfig={"NodeName":"5374d894705a","RuntimeCgroupsName":"","SystemCgroupsName":"","KubeletCgroupsName":"/k3s","KubeletOOMScoreAdj":-999,"ContainerRuntime":"","CgroupsPerQOS":true,"CgroupRoot":"/","CgroupDriver":"cgroupfs","KubeletRootDir":"/var/lib/kubelet","ProtectKernelDefaults":false,"KubeReservedCgroupName":"","SystemReservedCgroupName":"","ReservedSystemCPUs":{},"EnforceNodeAllocatable":{"pods":{}},"KubeReserved":null,"SystemReserved":null,"HardEvictionThresholds":[{"Signal":"imagefs.available","Operator":"LessThan","Value":{"Quantity":null,"Percentage":0.05},"GracePeriod":0,"MinReclaim":null},{"Signal":"nodefs.available","Operator":"LessThan","Value":{"Quantity":null,"Percentage":0.05},"GracePeriod":0,"MinReclaim":null}],"QOSReserved":{},"CPUManagerPolicy":"none","CPUManagerPolicyOptions":null,"TopologyManagerScope":"container","CPUManagerReconcilePeriod":10000000000,"ExperimentalMemoryManagerPolicy":"None","ExperimentalMemoryManagerReservedMemory":null,"PodPidsLimit":-1,"EnforceCPULimits":true,"CPUCFSQuotaPeriod":100000000,"TopologyManagerPolicy":"none","TopologyManagerPolicyOptions":null,"CgroupVersion":2}
2025-01-30 18:27:48,131 INFO c.h.h.t.HelmChartContainer - [K3S] [topology_manager.go:138] "Creating topology manager with none policy"
2025-01-30 18:27:48,132 INFO c.h.h.t.HelmChartContainer - [K3S] [container_manager_linux.go:304] "Creating device plugin manager"
2025-01-30 18:27:48,132 INFO c.h.h.t.HelmChartContainer - [K3S] [state_mem.go:36] "Initialized new in-memory state store"
2025-01-30 18:27:48,132 INFO c.h.h.t.HelmChartContainer - [K3S] [kubelet.go:446] "Attempting to sync node with API server"
2025-01-30 18:27:48,132 INFO c.h.h.t.HelmChartContainer - [K3S] [kubelet.go:341] "Adding static pod path" path="/var/lib/rancher/k3s/agent/pod-manifests"
2025-01-30 18:27:48,132 INFO c.h.h.t.HelmChartContainer - [K3S] [kubelet.go:352] "Adding apiserver pod source"
2025-01-30 18:27:48,133 INFO c.h.h.t.HelmChartContainer - [K3S] [apiserver.go:42] "Waiting for node sync before watching apiserver pods"
2025-01-30 18:27:48,133 INFO c.h.h.t.HelmChartContainer - [K3S] [kuberuntime_manager.go:269] "Container runtime initialized" containerRuntime="containerd" version="v1.7.23-k3s2" apiVersion="v1"
2025-01-30 18:27:48,133 INFO c.h.h.t.HelmChartContainer - [K3S] [kubelet.go:890] "Not starting ClusterTrustBundle informer because we are in static kubelet mode"
2025-01-30 18:27:48,133 INFO c.h.h.t.HelmChartContainer - [K3S] [probe.go:272] Flexvolume plugin directory at /usr/libexec/kubernetes/kubelet-plugins/volume/exec/ does not exist. Recreating.
2025-01-30 18:27:48,134 INFO c.h.h.t.HelmChartContainer - [K3S] [watchdog_linux.go:99] "Systemd watchdog is not enabled"
2025-01-30 18:27:48,135 INFO c.h.h.t.HelmChartContainer - [K3S] [server.go:1282] "Started kubelet"
2025-01-30 18:27:48,139 INFO c.h.h.t.HelmChartContainer - [K3S] [server.go:208] "Starting to listen read-only" address="0.0.0.0" port=10255
2025-01-30 18:27:48,140 INFO c.h.h.t.HelmChartContainer - [K3S] [ratelimit.go:55] "Setting rate limiting for endpoint" service="podresources" qps=100 burstTokens=10
2025-01-30 18:27:48,141 INFO c.h.h.t.HelmChartContainer - [K3S] [server.go:243] "Starting to serve the podresources API" endpoint="unix:/var/lib/kubelet/pod-resources/kubelet.sock"
2025-01-30 18:27:48,143 INFO c.h.h.t.HelmChartContainer - [K3S] [server.go:169] "Starting to listen" address="0.0.0.0" port=10250
2025-01-30 18:27:48,143 INFO c.h.h.t.HelmChartContainer - [K3S] [fs_resource_analyzer.go:67] "Starting FS ResourceAnalyzer"
2025-01-30 18:27:48,143 INFO c.h.h.t.HelmChartContainer - [K3S] [server.go:490] "Adding debug handlers to kubelet server"
2025-01-30 18:27:48,146 INFO c.h.h.t.HelmChartContainer - [K3S] [dynamic_serving_content.go:135] "Starting controller" name="kubelet-server-cert-files::/var/lib/rancher/k3s/agent/serving-kubelet.crt::/var/lib/rancher/k3s/agent/serving-kubelet.key"
2025-01-30 18:27:48,147 INFO c.h.h.t.HelmChartContainer - [K3S] [kubelet_node_status.go:467] "Error getting the current node from lister" err="node \"5374d894705a\" not found"
2025-01-30 18:27:48,147 INFO c.h.h.t.HelmChartContainer - [K3S] [volume_manager.go:297] "Starting Kubelet Volume Manager"
2025-01-30 18:27:48,148 INFO c.h.h.t.HelmChartContainer - [K3S] [desired_state_of_world_populator.go:149] "Desired state populator starts to run"
2025-01-30 18:27:48,148 INFO c.h.h.t.HelmChartContainer - [K3S] [reconciler.go:26] "Reconciler: start to sync state"
2025-01-30 18:27:48,149 INFO c.h.h.t.HelmChartContainer - [K3S] [kubelet.go:1561] "Image garbage collection failed once. Stats initialization may not have completed yet" err="invalid capacity 0 on image filesystem"
2025-01-30 18:27:48,158 INFO c.h.h.t.HelmChartContainer - [K3S] [nodelease.go:49] "Failed to get node when trying to set owner ref to the node lease" err="nodes \"5374d894705a\" not found" node="5374d894705a"
2025-01-30 18:27:48,158 INFO c.h.h.t.HelmChartContainer - [K3S] [factory.go:221] Registration of the systemd container factory successfully
2025-01-30 18:27:48,158 INFO c.h.h.t.HelmChartContainer - [K3S] [factory.go:219] Registration of the crio container factory failed: Get "http://%2Fvar%2Frun%2Fcrio%2Fcrio.sock/info": dial unix /var/run/crio/crio.sock: connect: no such file or directory
2025-01-30 18:27:48,161 INFO c.h.h.t.HelmChartContainer - [K3S] [factory.go:221] Registration of the containerd container factory successfully
2025-01-30 18:27:48,181 INFO c.h.h.t.HelmChartContainer - [K3S] [kubelet_network_linux.go:50] "Initialized iptables rules." protocol="IPv4"
2025-01-30 18:27:48,186 INFO c.h.h.t.HelmChartContainer - [K3S] [kubelet_network_linux.go:50] "Initialized iptables rules." protocol="IPv6"
2025-01-30 18:27:48,186 INFO c.h.h.t.HelmChartContainer - [K3S] [status_manager.go:227] "Starting to sync pod status with apiserver"
2025-01-30 18:27:48,187 INFO c.h.h.t.HelmChartContainer - [K3S] [watchdog_linux.go:127] "Systemd watchdog is not enabled or the interval is invalid, so health checking will not be started."
2025-01-30 18:27:48,187 INFO c.h.h.t.HelmChartContainer - [K3S] [kubelet.go:2388] "Starting kubelet main sync loop"
2025-01-30 18:27:48,187 INFO c.h.h.t.HelmChartContainer - [K3S] [kubelet.go:2412] "Skipping pod synchronization" err="[container runtime status check may not have completed yet, PLEG is not healthy: pleg has yet to be successful]"
2025-01-30 18:27:48,202 INFO c.h.h.t.HelmChartContainer - [K3S] [cpu_manager.go:221] "Starting CPU manager" policy="none"
2025-01-30 18:27:48,202 INFO c.h.h.t.HelmChartContainer - [K3S] [cpu_manager.go:222] "Reconciling" reconcilePeriod="10s"
2025-01-30 18:27:48,202 INFO c.h.h.t.HelmChartContainer - [K3S] [state_mem.go:36] "Initialized new in-memory state store"
2025-01-30 18:27:48,204 INFO c.h.h.t.HelmChartContainer - [K3S] [policy_none.go:49] "None policy: Start"
2025-01-30 18:27:48,204 INFO c.h.h.t.HelmChartContainer - [K3S] [memory_manager.go:186] "Starting memorymanager" policy="None"
2025-01-30 18:27:48,205 INFO c.h.h.t.HelmChartContainer - [K3S] [state_mem.go:35] "Initializing new in-memory state store"
2025-01-30 18:27:48,210 INFO c.h.h.t.HelmChartContainer - [K3S] [manager.go:519] "Failed to read data from checkpoint" checkpoint="kubelet_internal_checkpoint" err="checkpoint is not found"
2025-01-30 18:27:48,210 INFO c.h.h.t.HelmChartContainer - [K3S] [eviction_manager.go:189] "Eviction manager: starting control loop"
2025-01-30 18:27:48,210 INFO c.h.h.t.HelmChartContainer - [K3S] [container_log_manager.go:189] "Initializing container log rotate workers" workers=1 monitorPeriod="10s"
2025-01-30 18:27:48,211 INFO c.h.h.t.HelmChartContainer - [K3S] [plugin_manager.go:118] "Starting Kubelet Plugin Manager"
2025-01-30 18:27:48,212 INFO c.h.h.t.HelmChartContainer - [K3S] [eviction_manager.go:267] "eviction manager: failed to check if we have separate container filesystem. Ignoring." err="no imagefs label for configured runtime"
2025-01-30 18:27:48,213 INFO c.h.h.t.HelmChartContainer - [K3S] [eviction_manager.go:292] "Eviction manager: failed to get summary stats" err="failed to get node info: node \"5374d894705a\" not found"
2025-01-30 18:27:48,261 INFO c.h.h.t.HelmChartContainer - [K3S] [controllermanager.go:185] "Starting" version="v1.32.1+k3s1"
2025-01-30 18:27:48,261 INFO c.h.h.t.HelmChartContainer - [K3S] [controllermanager.go:187] "Golang settings" GOGC="" GOMAXPROCS="" GOTRACEBACK=""
2025-01-30 18:27:48,263 INFO c.h.h.t.HelmChartContainer - [K3S] [requestheader_controller.go:180] Starting RequestHeaderAuthRequestController
2025-01-30 18:27:48,264 INFO c.h.h.t.HelmChartContainer - [K3S] [configmap_cafile_content.go:205] "Starting controller" name="client-ca::kube-system::extension-apiserver-authentication::client-ca-file"
2025-01-30 18:27:48,264 INFO c.h.h.t.HelmChartContainer - [K3S] [configmap_cafile_content.go:205] "Starting controller" name="client-ca::kube-system::extension-apiserver-authentication::requestheader-client-ca-file"
2025-01-30 18:27:48,265 INFO c.h.h.t.HelmChartContainer - [K3S] [secure_serving.go:213] Serving securely on 127.0.0.1:10257
2025-01-30 18:27:48,265 INFO c.h.h.t.HelmChartContainer - [K3S] [tlsconfig.go:243] "Starting DynamicServingCertificateController"
2025-01-30 18:27:48,269 INFO c.h.h.t.HelmChartContainer - [K3S] [controllermanager.go:765] "Started controller" controller="serviceaccount-token-controller"
2025-01-30 18:27:48,276 INFO c.h.h.t.HelmChartContainer - [K3S] [controllermanager.go:765] "Started controller" controller="ephemeral-volume-controller"
2025-01-30 18:27:48,276 INFO c.h.h.t.HelmChartContainer - [K3S] [controller.go:173] "Starting ephemeral volume controller"
2025-01-30 18:27:48,292 INFO c.h.h.t.HelmChartContainer - [K3S] [controllermanager.go:765] "Started controller" controller="namespace-controller"
2025-01-30 18:27:48,292 INFO c.h.h.t.HelmChartContainer - [K3S] [namespace_controller.go:202] "Starting namespace controller"
2025-01-30 18:27:48,297 INFO c.h.h.t.HelmChartContainer - [K3S] [controllermanager.go:765] "Started controller" controller="cronjob-controller"
2025-01-30 18:27:48,297 INFO c.h.h.t.HelmChartContainer - [K3S] [cronjob_controllerv2.go:145] "Starting cronjob controller v2"
2025-01-30 18:27:48,302 INFO c.h.h.t.HelmChartContainer - [K3S] [controllermanager.go:765] "Started controller" controller="token-cleaner-controller"
2025-01-30 18:27:48,303 INFO c.h.h.t.HelmChartContainer - [K3S] [tokencleaner.go:117] "Starting token cleaner controller"
2025-01-30 18:27:48,307 INFO c.h.h.t.HelmChartContainer - [K3S] [controllermanager.go:765] "Started controller" controller="persistentvolumeclaim-protection-controller"
2025-01-30 18:27:48,308 INFO c.h.h.t.HelmChartContainer - [K3S] [pvc_protection_controller.go:168] "Starting PVC protection controller"
2025-01-30 18:27:48,313 INFO c.h.h.t.HelmChartContainer - [K3S] [kubelet_node_status.go:76] "Attempting to register node" node="5374d894705a"
2025-01-30 18:27:48,313 INFO c.h.h.t.HelmChartContainer - [K3S] [controllermanager.go:765] "Started controller" controller="persistentvolume-protection-controller"
2025-01-30 18:27:48,313 INFO c.h.h.t.HelmChartContainer - [K3S] [pv_protection_controller.go:81] "Starting PV protection controller"
2025-01-30 18:27:48,316 INFO c.h.h.t.HelmChartContainer - [K3S] [kubelet_node_status.go:79] "Successfully registered node" node="5374d894705a"
2025-01-30 18:27:48,320 INFO c.h.h.t.HelmChartContainer - [K3S] [controllermanager.go:765] "Started controller" controller="root-ca-certificate-publisher-controller"
2025-01-30 18:27:48,321 INFO c.h.h.t.HelmChartContainer - [K3S] [controllermanager.go:717] "Controller is disabled by a feature gate" controller="storageversion-garbage-collector-controller" requiredFeatureGates=["APIServerIdentity","StorageVersionAPI"]
2025-01-30 18:27:48,321 INFO c.h.h.t.HelmChartContainer - [K3S] [controllermanager.go:717] "Controller is disabled by a feature gate" controller="resourceclaim-controller" requiredFeatureGates=["DynamicResourceAllocation"]
2025-01-30 18:27:48,321 INFO c.h.h.t.HelmChartContainer - [K3S] [publisher.go:107] "Starting root CA cert publisher controller"
2025-01-30 18:27:48,326 INFO c.h.h.t.HelmChartContainer - [K3S] [INFO] Annotations and labels have been set successfully on node: 5374d894705a
2025-01-30 18:27:48,326 INFO c.h.h.t.HelmChartContainer - [K3S] [INFO] Starting flannel with backend vxlan
2025-01-30 18:27:48,336 INFO c.h.h.t.HelmChartContainer - [K3S] [controllermanager.go:765] "Started controller" controller="replicationcontroller-controller"
2025-01-30 18:27:48,336 INFO c.h.h.t.HelmChartContainer - [K3S] [replica_set.go:217] "Starting controller" name="replicationcontroller"
2025-01-30 18:27:48,341 INFO c.h.h.t.HelmChartContainer - [K3S] [controllermanager.go:765] "Started controller" controller="serviceaccount-controller"
2025-01-30 18:27:48,342 INFO c.h.h.t.HelmChartContainer - [K3S] [serviceaccounts_controller.go:114] "Starting service account controller"
2025-01-30 18:27:48,375 INFO c.h.h.t.HelmChartContainer - [K3S] [controllermanager.go:765] "Started controller" controller="daemonset-controller"
2025-01-30 18:27:48,375 INFO c.h.h.t.HelmChartContainer - [K3S] [daemon_controller.go:294] "Starting daemon sets controller"
2025-01-30 18:27:48,422 INFO c.h.h.t.HelmChartContainer - [K3S] [server.go:698] "Successfully retrieved node IP(s)" IPs=["172.18.0.2"]
2025-01-30 18:27:48,422 INFO c.h.h.t.HelmChartContainer - [K3S] [server.go:234] "Kube-proxy configuration may be incomplete or incorrect" err="nodePortAddresses is unset; NodePort connections will be accepted on all local IPs. Consider using `--nodeport-addresses primary`"
2025-01-30 18:27:48,426 INFO c.h.h.t.HelmChartContainer - [K3S] [server.go:243] "kube-proxy running in dual-stack mode" primary ipFamily="IPv4"
2025-01-30 18:27:48,426 INFO c.h.h.t.HelmChartContainer - [K3S] [server_linux.go:170] "Using iptables Proxier"
2025-01-30 18:27:48,427 INFO c.h.h.t.HelmChartContainer - [K3S] [proxier.go:255] "Setting route_localnet=1 to allow node-ports on localhost; to change this either disable iptables.localhostNodePorts (--iptables-localhost-nodeports) or set nodePortAddresses (--nodeport-addresses) to filter loopback addresses"
2025-01-30 18:27:48,433 INFO c.h.h.t.HelmChartContainer - [K3S] [server.go:497] "Version info" version="v1.32.1+k3s1"
2025-01-30 18:27:48,433 INFO c.h.h.t.HelmChartContainer - [K3S] [server.go:499] "Golang settings" GOGC="" GOMAXPROCS="" GOTRACEBACK=""
2025-01-30 18:27:48,433 INFO c.h.h.t.HelmChartContainer - [K3S] [config.go:199] "Starting service config controller"
2025-01-30 18:27:48,433 INFO c.h.h.t.HelmChartContainer - [K3S] [config.go:329] "Starting node config controller"
2025-01-30 18:27:48,433 INFO c.h.h.t.HelmChartContainer - [K3S] [config.go:105] "Starting endpoint slice config controller"
2025-01-30 18:27:48,524 INFO c.h.h.t.HelmChartContainer - [K3S] [kubelet_node_status.go:502] "Fast updating node status as it just became ready"
2025-01-30 18:27:48,524 INFO c.h.h.t.HelmChartContainer - [K3S] [controllermanager.go:765] "Started controller" controller="certificatesigningrequest-signing-controller"
2025-01-30 18:27:48,524 INFO c.h.h.t.HelmChartContainer - [K3S] [controllermanager.go:723] "Skipping a cloud provider controller" controller="service-lb-controller"
2025-01-30 18:27:48,524 INFO c.h.h.t.HelmChartContainer - [K3S] [certificate_controller.go:120] "Starting certificate controller" name="csrsigning-legacy-unknown"
2025-01-30 18:27:48,524 INFO c.h.h.t.HelmChartContainer - [K3S] [certificate_controller.go:120] "Starting certificate controller" name="csrsigning-kubelet-serving"
2025-01-30 18:27:48,524 INFO c.h.h.t.HelmChartContainer - [K3S] [certificate_controller.go:120] "Starting certificate controller" name="csrsigning-kubelet-client"
2025-01-30 18:27:48,524 INFO c.h.h.t.HelmChartContainer - [K3S] [certificate_controller.go:120] "Starting certificate controller" name="csrsigning-kube-apiserver-client"
2025-01-30 18:27:48,525 INFO c.h.h.t.HelmChartContainer - [K3S] [dynamic_serving_content.go:135] "Starting controller" name="csr-controller::/var/lib/rancher/k3s/server/tls/server-ca.nochain.crt::/var/lib/rancher/k3s/server/tls/server-ca.key"
2025-01-30 18:27:48,525 INFO c.h.h.t.HelmChartContainer - [K3S] [dynamic_serving_content.go:135] "Starting controller" name="csr-controller::/var/lib/rancher/k3s/server/tls/server-ca.nochain.crt::/var/lib/rancher/k3s/server/tls/server-ca.key"
2025-01-30 18:27:48,525 INFO c.h.h.t.HelmChartContainer - [K3S] [dynamic_serving_content.go:135] "Starting controller" name="csr-controller::/var/lib/rancher/k3s/server/tls/client-ca.nochain.crt::/var/lib/rancher/k3s/server/tls/client-ca.key"
2025-01-30 18:27:48,526 INFO c.h.h.t.HelmChartContainer - [K3S] [dynamic_serving_content.go:135] "Starting controller" name="csr-controller::/var/lib/rancher/k3s/server/tls/client-ca.nochain.crt::/var/lib/rancher/k3s/server/tls/client-ca.key"
2025-01-30 18:27:48,543 INFO c.h.h.t.HelmChartContainer - [K3S] [INFO] Done waiting for CRD helmchartconfigs.helm.cattle.io to become available
2025-01-30 18:27:48,544 INFO c.h.h.t.HelmChartContainer - [K3S] [INFO] Writing static file: /var/lib/rancher/k3s/server/static/charts/traefik-crd-27.0.201+up27.0.2.tgz
2025-01-30 18:27:48,544 INFO c.h.h.t.HelmChartContainer - [K3S] [INFO] Writing static file: /var/lib/rancher/k3s/server/static/charts/traefik-27.0.201+up27.0.2.tgz
2025-01-30 18:27:48,546 INFO c.h.h.t.HelmChartContainer - [K3S] [INFO] Writing manifest: /var/lib/rancher/k3s/server/manifests/metrics-server/auth-reader.yaml
2025-01-30 18:27:48,546 INFO c.h.h.t.HelmChartContainer - [K3S] [INFO] Writing manifest: /var/lib/rancher/k3s/server/manifests/metrics-server/metrics-apiservice.yaml
2025-01-30 18:27:48,547 INFO c.h.h.t.HelmChartContainer - [K3S] [INFO] Writing manifest: /var/lib/rancher/k3s/server/manifests/metrics-server/resource-reader.yaml
2025-01-30 18:27:48,547 INFO c.h.h.t.HelmChartContainer - [K3S] [INFO] Writing manifest: /var/lib/rancher/k3s/server/manifests/rolebindings.yaml
2025-01-30 18:27:48,547 INFO c.h.h.t.HelmChartContainer - [K3S] [INFO] Writing manifest: /var/lib/rancher/k3s/server/manifests/ccm.yaml
2025-01-30 18:27:48,547 INFO c.h.h.t.HelmChartContainer - [K3S] [INFO] Writing manifest: /var/lib/rancher/k3s/server/manifests/coredns.yaml
2025-01-30 18:27:48,550 INFO c.h.h.t.HelmChartContainer - [K3S] [INFO] Writing manifest: /var/lib/rancher/k3s/server/manifests/local-storage.yaml
2025-01-30 18:27:48,550 INFO c.h.h.t.HelmChartContainer - [K3S] [INFO] Writing manifest: /var/lib/rancher/k3s/server/manifests/metrics-server/auth-delegator.yaml
2025-01-30 18:27:48,550 INFO c.h.h.t.HelmChartContainer - [K3S] [INFO] Writing manifest: /var/lib/rancher/k3s/server/manifests/metrics-server/aggregated-metrics-reader.yaml
2025-01-30 18:27:48,550 INFO c.h.h.t.HelmChartContainer - [K3S] [INFO] Writing manifest: /var/lib/rancher/k3s/server/manifests/metrics-server/metrics-server-deployment.yaml
2025-01-30 18:27:48,550 INFO c.h.h.t.HelmChartContainer - [K3S] [INFO] Writing manifest: /var/lib/rancher/k3s/server/manifests/metrics-server/metrics-server-service.yaml
2025-01-30 18:27:48,550 INFO c.h.h.t.HelmChartContainer - [K3S] [INFO] Writing manifest: /var/lib/rancher/k3s/server/manifests/runtimes.yaml
2025-01-30 18:27:48,551 INFO c.h.h.t.HelmChartContainer - [K3S] [INFO] Starting dynamiclistener CN filter node controller with SANs: [localhost 127.0.0.1 ::1 localhost 5374d894705a 172.18.0.2 10.43.0.1 kubernetes kubernetes.default kubernetes.default.svc kubernetes.default.svc.cluster.local]
2025-01-30 18:27:48,551 INFO c.h.h.t.HelmChartContainer - [K3S] [INFO] Tunnel server egress proxy mode: agent
2025-01-30 18:27:48,655 INFO c.h.h.t.HelmChartContainer - [K3S] [INFO] Starting k3s.cattle.io/v1, Kind=Addon controller
2025-01-30 18:27:48,655 INFO c.h.h.t.HelmChartContainer - [K3S] [INFO] Creating deploy event broadcaster
2025-01-30 18:27:48,672 INFO c.h.h.t.HelmChartContainer - [K3S] [controllermanager.go:765] "Started controller" controller="replicaset-controller"
2025-01-30 18:27:48,673 INFO c.h.h.t.HelmChartContainer - [K3S] [replica_set.go:217] "Starting controller" name="replicaset"
2025-01-30 18:27:48,758 INFO c.h.h.t.HelmChartContainer - [K3S] [INFO] Starting /v1, Kind=Node controller
2025-01-30 18:27:48,765 INFO c.h.h.t.HelmChartContainer - [K3S] [INFO] Creating helm-controller event broadcaster
2025-01-30 18:27:48,770 INFO c.h.h.t.HelmChartContainer - [K3S] [INFO] Cluster dns configmap has been set successfully
2025-01-30 18:27:48,780 INFO c.h.h.t.HelmChartContainer - [K3S] [INFO] Starting /v1, Kind=ConfigMap controller
2025-01-30 18:27:48,781 INFO c.h.h.t.HelmChartContainer - [K3S] [INFO] Starting /v1, Kind=ServiceAccount controller
2025-01-30 18:27:48,784 INFO c.h.h.t.HelmChartContainer - [K3S] [INFO] Starting /v1, Kind=Secret controller
2025-01-30 18:27:48,789 INFO c.h.h.t.HelmChartContainer - [K3S] [INFO] Updating TLS secret for kube-system/k3s-serving (count: 10): map[listener.cattle.io/cn-10.43.0.1:10.43.0.1 listener.cattle.io/cn-127.0.0.1:127.0.0.1 listener.cattle.io/cn-172.18.0.2:172.18.0.2 listener.cattle.io/cn-5374d894705a:5374d894705a listener.cattle.io/cn-__1-f16284:::1 listener.cattle.io/cn-kubernetes:kubernetes listener.cattle.io/cn-kubernetes.default:kubernetes.default listener.cattle.io/cn-kubernetes.default.svc:kubernetes.default.svc listener.cattle.io/cn-kubernetes.default.svc.cluster.local:kubernetes.default.svc.cluster.local listener.cattle.io/cn-localhost:localhost listener.cattle.io/fingerprint:SHA1=AE35F7EF3EE2D76686E37F847B41A375F10F3B88]
2025-01-30 18:27:48,792 INFO c.h.h.t.HelmChartContainer - [K3S] [INFO] Active TLS secret kube-system/k3s-serving (ver=242) (count 10): map[listener.cattle.io/cn-10.43.0.1:10.43.0.1 listener.cattle.io/cn-127.0.0.1:127.0.0.1 listener.cattle.io/cn-172.18.0.2:172.18.0.2 listener.cattle.io/cn-5374d894705a:5374d894705a listener.cattle.io/cn-__1-f16284:::1 listener.cattle.io/cn-kubernetes:kubernetes listener.cattle.io/cn-kubernetes.default:kubernetes.default listener.cattle.io/cn-kubernetes.default.svc:kubernetes.default.svc listener.cattle.io/cn-kubernetes.default.svc.cluster.local:kubernetes.default.svc.cluster.local listener.cattle.io/cn-localhost:localhost listener.cattle.io/fingerprint:SHA1=AE35F7EF3EE2D76686E37F847B41A375F10F3B88]
2025-01-30 18:27:48,828 INFO c.h.h.t.HelmChartContainer - [K3S] [controllermanager.go:765] "Started controller" controller="clusterrole-aggregation-controller"
2025-01-30 18:27:48,828 INFO c.h.h.t.HelmChartContainer - [K3S] [controllermanager.go:743] "Warning: skipping controller" controller="storage-version-migrator-controller"
2025-01-30 18:27:48,828 INFO c.h.h.t.HelmChartContainer - [K3S] [clusterroleaggregation_controller.go:194] "Starting ClusterRoleAggregator controller"
2025-01-30 18:27:48,868 INFO c.h.h.t.HelmChartContainer - [K3S] [INFO] Starting helm.cattle.io/v1, Kind=HelmChart controller
2025-01-30 18:27:48,869 INFO c.h.h.t.HelmChartContainer - [K3S] [INFO] Starting helm.cattle.io/v1, Kind=HelmChartConfig controller
2025-01-30 18:27:48,872 INFO c.h.h.t.HelmChartContainer - [K3S] [INFO] Starting rbac.authorization.k8s.io/v1, Kind=ClusterRoleBinding controller
2025-01-30 18:27:48,875 INFO c.h.h.t.HelmChartContainer - [K3S] [INFO] Starting batch/v1, Kind=Job controller
2025-01-30 18:27:48,884 INFO c.h.h.t.HelmChartContainer - [K3S] [INFO] Updating TLS secret for kube-system/k3s-serving (count: 10): map[listener.cattle.io/cn-10.43.0.1:10.43.0.1 listener.cattle.io/cn-127.0.0.1:127.0.0.1 listener.cattle.io/cn-172.18.0.2:172.18.0.2 listener.cattle.io/cn-5374d894705a:5374d894705a listener.cattle.io/cn-__1-f16284:::1 listener.cattle.io/cn-kubernetes:kubernetes listener.cattle.io/cn-kubernetes.default:kubernetes.default listener.cattle.io/cn-kubernetes.default.svc:kubernetes.default.svc listener.cattle.io/cn-kubernetes.default.svc.cluster.local:kubernetes.default.svc.cluster.local listener.cattle.io/cn-localhost:localhost listener.cattle.io/fingerprint:SHA1=AE35F7EF3EE2D76686E37F847B41A375F10F3B88]
2025-01-30 18:27:48,972 INFO c.h.h.t.HelmChartContainer - [K3S] [controllermanager.go:765] "Started controller" controller="endpointslice-controller"
2025-01-30 18:27:48,973 INFO c.h.h.t.HelmChartContainer - [K3S] [endpointslice_controller.go:281] "Starting endpoint slice controller"
2025-01-30 18:27:49,130 INFO c.h.h.t.HelmChartContainer - [K3S] [apiserver.go:52] "Watching apiserver"
2025-01-30 18:27:49,148 INFO c.h.h.t.HelmChartContainer - [K3S] [desired_state_of_world_populator.go:157] "Finished populating initial desired state of world"
2025-01-30 18:27:49,276 INFO c.h.h.t.HelmChartContainer - [K3S] [controllermanager.go:765] "Started controller" controller="resourcequota-controller"
2025-01-30 18:27:49,276 INFO c.h.h.t.HelmChartContainer - [K3S] [resource_quota_controller.go:300] "Starting resource quota controller"
2025-01-30 18:27:49,571 INFO c.h.h.t.HelmChartContainer - [K3S] [controllermanager.go:765] "Started controller" controller="horizontal-pod-autoscaler-controller"
2025-01-30 18:27:49,572 INFO c.h.h.t.HelmChartContainer - [K3S] [horizontal.go:201] "Starting HPA controller"
2025-01-30 18:27:49,621 INFO c.h.h.t.HelmChartContainer - [K3S] [controllermanager.go:765] "Started controller" controller="certificatesigningrequest-cleaner-controller"
2025-01-30 18:27:49,622 INFO c.h.h.t.HelmChartContainer - [K3S] [cleaner.go:83] "Starting CSR cleaner controller"
2025-01-30 18:27:49,787 INFO c.h.h.t.HelmChartContainer - [K3S] [INFO] Labels and annotations have been set successfully on node: 5374d894705a
2025-01-30 18:27:49,875 INFO c.h.h.t.HelmChartContainer - [K3S] [range_allocator.go:112] "No Secondary Service CIDR provided. Skipping filtering out secondary service addresses"
2025-01-30 18:27:49,875 INFO c.h.h.t.HelmChartContainer - [K3S] [controllermanager.go:765] "Started controller" controller="node-ipam-controller"
2025-01-30 18:27:49,875 INFO c.h.h.t.HelmChartContainer - [K3S] [node_ipam_controller.go:141] "Starting ipam controller"
2025-01-30 18:27:50,072 INFO c.h.h.t.HelmChartContainer - [K3S] [controllermanager.go:765] "Started controller" controller="validatingadmissionpolicy-status-controller"
2025-01-30 18:27:50,072 INFO c.h.h.t.HelmChartContainer - [K3S] [controllermanager.go:717] "Controller is disabled by a feature gate" controller="service-cidr-controller" requiredFeatureGates=["MultiCIDRServiceAllocator"]
2025-01-30 18:27:50,072 INFO c.h.h.t.HelmChartContainer - [K3S] [controllermanager.go:717] "Controller is disabled by a feature gate" controller="selinux-warning-controller" requiredFeatureGates=["SELinuxChangePolicy"]
2025-01-30 18:27:50,124 INFO c.h.h.t.HelmChartContainer - [K3S] [controllermanager.go:765] "Started controller" controller="certificatesigningrequest-approving-controller"
2025-01-30 18:27:50,124 INFO c.h.h.t.HelmChartContainer - [K3S] [certificate_controller.go:120] "Starting certificate controller" name="csrapproving"
2025-01-30 18:27:50,273 INFO c.h.h.t.HelmChartContainer - [K3S] [controllermanager.go:765] "Started controller" controller="persistentvolume-binder-controller"
2025-01-30 18:27:50,273 INFO c.h.h.t.HelmChartContainer - [K3S] [pv_controller_base.go:308] "Starting persistent volume controller"
2025-01-30 18:27:50,422 INFO c.h.h.t.HelmChartContainer - [K3S] [controllermanager.go:765] "Started controller" controller="persistentvolume-attach-detach-controller"
2025-01-30 18:27:50,422 INFO c.h.h.t.HelmChartContainer - [K3S] [controllermanager.go:717] "Controller is disabled by a feature gate" controller="volumeattributesclass-protection-controller" requiredFeatureGates=["VolumeAttributesClass"]
2025-01-30 18:27:50,422 INFO c.h.h.t.HelmChartContainer - [K3S] [attach_detach_controller.go:338] "Starting attach detach controller"
2025-01-30 18:27:50,573 INFO c.h.h.t.HelmChartContainer - [K3S] [controllermanager.go:765] "Started controller" controller="ttl-after-finished-controller"
2025-01-30 18:27:50,573 INFO c.h.h.t.HelmChartContainer - [K3S] [controllermanager.go:717] "Controller is disabled by a feature gate" controller="kube-apiserver-serving-clustertrustbundle-publisher-controller" requiredFeatureGates=["ClusterTrustBundle"]
2025-01-30 18:27:50,573 INFO c.h.h.t.HelmChartContainer - [K3S] [ttlafterfinished_controller.go:112] "Starting TTL after finished controller"
2025-01-30 18:27:50,637 INFO c.h.h.t.HelmChartContainer - [K3S] [event.go:389] "Event occurred" object="5374d894705a" fieldPath="" kind="Node" apiVersion="" type="Normal" reason="NodePasswordValidationComplete" message="Deferred node password secret validation complete"
2025-01-30 18:27:50,661 INFO c.h.h.t.HelmChartContainer - [K3S] [event.go:389] "Event occurred" object="kube-system/ccm" fieldPath="" kind="Addon" apiVersion="k3s.cattle.io/v1" type="Normal" reason="ApplyingManifest" message="Applying manifest at \"/var/lib/rancher/k3s/server/manifests/ccm.yaml\""
2025-01-30 18:27:50,681 INFO c.h.h.t.HelmChartContainer - [K3S] [event.go:389] "Event occurred" object="kube-system/ccm" fieldPath="" kind="Addon" apiVersion="k3s.cattle.io/v1" type="Normal" reason="AppliedManifest" message="Applied manifest at \"/var/lib/rancher/k3s/server/manifests/ccm.yaml\""
2025-01-30 18:27:50,689 INFO c.h.h.t.HelmChartContainer - [K3S] [event.go:389] "Event occurred" object="kube-system/coredns" fieldPath="" kind="Addon" apiVersion="k3s.cattle.io/v1" type="Normal" reason="ApplyingManifest" message="Applying manifest at \"/var/lib/rancher/k3s/server/manifests/coredns.yaml\""
2025-01-30 18:27:50,721 INFO c.h.h.t.HelmChartContainer - [K3S] [controllermanager.go:765] "Started controller" controller="endpoints-controller"
2025-01-30 18:27:50,721 INFO c.h.h.t.HelmChartContainer - [K3S] [endpoints_controller.go:182] "Starting endpoint controller"
2025-01-30 18:27:50,798 INFO c.h.h.t.HelmChartContainer - [K3S] [alloc.go:330] "allocated clusterIPs" service="kube-system/kube-dns" clusterIPs={"IPv4":"10.43.0.10"}
2025-01-30 18:27:50,799 INFO c.h.h.t.HelmChartContainer - [K3S] [event.go:389] "Event occurred" object="kube-system/coredns" fieldPath="" kind="Addon" apiVersion="k3s.cattle.io/v1" type="Normal" reason="AppliedManifest" message="Applied manifest at \"/var/lib/rancher/k3s/server/manifests/coredns.yaml\""
2025-01-30 18:27:50,813 INFO c.h.h.t.HelmChartContainer - [K3S] [event.go:389] "Event occurred" object="kube-system/local-storage" fieldPath="" kind="Addon" apiVersion="k3s.cattle.io/v1" type="Normal" reason="ApplyingManifest" message="Applying manifest at \"/var/lib/rancher/k3s/server/manifests/local-storage.yaml\""
2025-01-30 18:27:50,875 INFO c.h.h.t.HelmChartContainer - [K3S] [controllermanager.go:765] "Started controller" controller="endpointslice-mirroring-controller"
2025-01-30 18:27:50,876 INFO c.h.h.t.HelmChartContainer - [K3S] [controllermanager.go:723] "Skipping a cloud provider controller" controller="node-route-controller"
2025-01-30 18:27:50,876 INFO c.h.h.t.HelmChartContainer - [K3S] [endpointslicemirroring_controller.go:227] "Starting EndpointSliceMirroring controller"
2025-01-30 18:27:50,899 INFO c.h.h.t.HelmChartContainer - [K3S] [event.go:389] "Event occurred" object="kube-system/local-storage" fieldPath="" kind="Addon" apiVersion="k3s.cattle.io/v1" type="Normal" reason="AppliedManifest" message="Applied manifest at \"/var/lib/rancher/k3s/server/manifests/local-storage.yaml\""
2025-01-30 18:27:50,905 INFO c.h.h.t.HelmChartContainer - [K3S] [event.go:389] "Event occurred" object="kube-system/aggregated-metrics-reader" fieldPath="" kind="Addon" apiVersion="k3s.cattle.io/v1" type="Normal" reason="ApplyingManifest" message="Applying manifest at \"/var/lib/rancher/k3s/server/manifests/metrics-server/aggregated-metrics-reader.yaml\""
2025-01-30 18:27:50,909 INFO c.h.h.t.HelmChartContainer - [K3S] [event.go:389] "Event occurred" object="kube-system/aggregated-metrics-reader" fieldPath="" kind="Addon" apiVersion="k3s.cattle.io/v1" type="Normal" reason="AppliedManifest" message="Applied manifest at \"/var/lib/rancher/k3s/server/manifests/metrics-server/aggregated-metrics-reader.yaml\""
2025-01-30 18:27:50,915 INFO c.h.h.t.HelmChartContainer - [K3S] [event.go:389] "Event occurred" object="kube-system/auth-delegator" fieldPath="" kind="Addon" apiVersion="k3s.cattle.io/v1" type="Normal" reason="ApplyingManifest" message="Applying manifest at \"/var/lib/rancher/k3s/server/manifests/metrics-server/auth-delegator.yaml\""
2025-01-30 18:27:50,974 INFO c.h.h.t.HelmChartContainer - [K3S] [event.go:389] "Event occurred" object="kube-system/auth-delegator" fieldPath="" kind="Addon" apiVersion="k3s.cattle.io/v1" type="Normal" reason="AppliedManifest" message="Applied manifest at \"/var/lib/rancher/k3s/server/manifests/metrics-server/auth-delegator.yaml\""
2025-01-30 18:27:50,981 INFO c.h.h.t.HelmChartContainer - [K3S] [event.go:389] "Event occurred" object="kube-system/auth-reader" fieldPath="" kind="Addon" apiVersion="k3s.cattle.io/v1" type="Normal" reason="ApplyingManifest" message="Applying manifest at \"/var/lib/rancher/k3s/server/manifests/metrics-server/auth-reader.yaml\""
2025-01-30 18:27:50,986 INFO c.h.h.t.HelmChartContainer - [K3S] [event.go:389] "Event occurred" object="kube-system/auth-reader" fieldPath="" kind="Addon" apiVersion="k3s.cattle.io/v1" type="Normal" reason="AppliedManifest" message="Applied manifest at \"/var/lib/rancher/k3s/server/manifests/metrics-server/auth-reader.yaml\""
2025-01-30 18:27:50,992 INFO c.h.h.t.HelmChartContainer - [K3S] [event.go:389] "Event occurred" object="kube-system/metrics-apiservice" fieldPath="" kind="Addon" apiVersion="k3s.cattle.io/v1" type="Normal" reason="ApplyingManifest" message="Applying manifest at \"/var/lib/rancher/k3s/server/manifests/metrics-server/metrics-apiservice.yaml\""
2025-01-30 18:27:50,999 INFO c.h.h.t.HelmChartContainer - [K3S] [event.go:389] "Event occurred" object="kube-system/metrics-apiservice" fieldPath="" kind="Addon" apiVersion="k3s.cattle.io/v1" type="Normal" reason="AppliedManifest" message="Applied manifest at \"/var/lib/rancher/k3s/server/manifests/metrics-server/metrics-apiservice.yaml\""
2025-01-30 18:27:51,002 INFO c.h.h.t.HelmChartContainer - [K3S] [handler_proxy.go:99] no RequestInfo found in the context
2025-01-30 18:27:51,002 INFO c.h.h.t.HelmChartContainer - [K3S] [controller.go:146] "Unhandled Error" err=<
2025-01-30 18:27:51,002 INFO c.h.h.t.HelmChartContainer - [K3S] 	, Header: map[Content-Type:[text/plain; charset=utf-8] X-Content-Type-Options:[nosniff]]
2025-01-30 18:27:51,002 INFO c.h.h.t.HelmChartContainer - [K3S]  >
2025-01-30 18:27:51,003 INFO c.h.h.t.HelmChartContainer - [K3S] [handler_proxy.go:143] error resolving kube-system/metrics-server: service "metrics-server" not found
2025-01-30 18:27:51,004 INFO c.h.h.t.HelmChartContainer - [K3S] [event.go:389] "Event occurred" object="kube-system/metrics-server-deployment" fieldPath="" kind="Addon" apiVersion="k3s.cattle.io/v1" type="Normal" reason="ApplyingManifest" message="Applying manifest at \"/var/lib/rancher/k3s/server/manifests/metrics-server/metrics-server-deployment.yaml\""
2025-01-30 18:27:51,016 INFO c.h.h.t.HelmChartContainer - [K3S] [event.go:389] "Event occurred" object="kube-system/metrics-server-deployment" fieldPath="" kind="Addon" apiVersion="k3s.cattle.io/v1" type="Normal" reason="AppliedManifest" message="Applied manifest at \"/var/lib/rancher/k3s/server/manifests/metrics-server/metrics-server-deployment.yaml\""
2025-01-30 18:27:51,022 INFO c.h.h.t.HelmChartContainer - [K3S] [event.go:389] "Event occurred" object="kube-system/metrics-server-service" fieldPath="" kind="Addon" apiVersion="k3s.cattle.io/v1" type="Normal" reason="ApplyingManifest" message="Applying manifest at \"/var/lib/rancher/k3s/server/manifests/metrics-server/metrics-server-service.yaml\""
2025-01-30 18:27:51,023 INFO c.h.h.t.HelmChartContainer - [K3S] [controllermanager.go:765] "Started controller" controller="persistentvolume-expander-controller"
2025-01-30 18:27:51,023 INFO c.h.h.t.HelmChartContainer - [K3S] [expand_controller.go:329] "Starting expand controller"
2025-01-30 18:27:51,029 INFO c.h.h.t.HelmChartContainer - [K3S] [alloc.go:330] "allocated clusterIPs" service="kube-system/metrics-server" clusterIPs={"IPv4":"10.43.101.225"}
2025-01-30 18:27:51,030 INFO c.h.h.t.HelmChartContainer - [K3S] [event.go:389] "Event occurred" object="kube-system/metrics-server-service" fieldPath="" kind="Addon" apiVersion="k3s.cattle.io/v1" type="Normal" reason="AppliedManifest" message="Applied manifest at \"/var/lib/rancher/k3s/server/manifests/metrics-server/metrics-server-service.yaml\""
2025-01-30 18:27:51,037 INFO c.h.h.t.HelmChartContainer - [K3S] [handler_proxy.go:99] no RequestInfo found in the context
2025-01-30 18:27:51,037 INFO c.h.h.t.HelmChartContainer - [K3S] [controller.go:146] "Unhandled Error" err=<
2025-01-30 18:27:51,037 INFO c.h.h.t.HelmChartContainer - [K3S] 	, Header: map[Content-Type:[text/plain; charset=utf-8] X-Content-Type-Options:[nosniff]]
2025-01-30 18:27:51,037 INFO c.h.h.t.HelmChartContainer - [K3S]  >
2025-01-30 18:27:51,038 INFO c.h.h.t.HelmChartContainer - [K3S] [event.go:389] "Event occurred" object="kube-system/resource-reader" fieldPath="" kind="Addon" apiVersion="k3s.cattle.io/v1" type="Normal" reason="ApplyingManifest" message="Applying manifest at \"/var/lib/rancher/k3s/server/manifests/metrics-server/resource-reader.yaml\""
2025-01-30 18:27:51,040 INFO c.h.h.t.HelmChartContainer - [K3S] [handler_proxy.go:143] error resolving kube-system/metrics-server: endpoints "metrics-server" not found
2025-01-30 18:27:51,075 INFO c.h.h.t.HelmChartContainer - [K3S] [event.go:389] "Event occurred" object="kube-system/resource-reader" fieldPath="" kind="Addon" apiVersion="k3s.cattle.io/v1" type="Normal" reason="AppliedManifest" message="Applied manifest at \"/var/lib/rancher/k3s/server/manifests/metrics-server/resource-reader.yaml\""
2025-01-30 18:27:51,080 INFO c.h.h.t.HelmChartContainer - [K3S] [event.go:389] "Event occurred" object="kube-system/rolebindings" fieldPath="" kind="Addon" apiVersion="k3s.cattle.io/v1" type="Normal" reason="ApplyingManifest" message="Applying manifest at \"/var/lib/rancher/k3s/server/manifests/rolebindings.yaml\""
2025-01-30 18:27:51,156 INFO c.h.h.t.HelmChartContainer - [K3S] [serving.go:392] Generated self-signed cert in-memory
2025-01-30 18:27:51,173 INFO c.h.h.t.HelmChartContainer - [K3S] [controllermanager.go:765] "Started controller" controller="legacy-serviceaccount-token-cleaner-controller"
2025-01-30 18:27:51,173 INFO c.h.h.t.HelmChartContainer - [K3S] [legacy_serviceaccount_token_cleaner.go:103] "Starting legacy service account token cleaner controller"
2025-01-30 18:27:51,186 INFO c.h.h.t.HelmChartContainer - [K3S] [event.go:389] "Event occurred" object="kube-system/rolebindings" fieldPath="" kind="Addon" apiVersion="k3s.cattle.io/v1" type="Normal" reason="AppliedManifest" message="Applied manifest at \"/var/lib/rancher/k3s/server/manifests/rolebindings.yaml\""
2025-01-30 18:27:51,193 INFO c.h.h.t.HelmChartContainer - [K3S] [event.go:389] "Event occurred" object="kube-system/runtimes" fieldPath="" kind="Addon" apiVersion="k3s.cattle.io/v1" type="Normal" reason="ApplyingManifest" message="Applying manifest at \"/var/lib/rancher/k3s/server/manifests/runtimes.yaml\""
2025-01-30 18:27:51,225 INFO c.h.h.t.HelmChartContainer - [K3S] [controllermanager.go:765] "Started controller" controller="taint-eviction-controller"
2025-01-30 18:27:51,225 INFO c.h.h.t.HelmChartContainer - [K3S] [taint_eviction.go:281] "Starting" controller="taint-eviction-controller"
2025-01-30 18:27:51,226 INFO c.h.h.t.HelmChartContainer - [K3S] [taint_eviction.go:287] "Sending events to api server"
2025-01-30 18:27:51,229 INFO c.h.h.t.HelmChartContainer - [K3S] [event.go:389] "Event occurred" object="kube-system/runtimes" fieldPath="" kind="Addon" apiVersion="k3s.cattle.io/v1" type="Normal" reason="AppliedManifest" message="Applied manifest at \"/var/lib/rancher/k3s/server/manifests/runtimes.yaml\""
2025-01-30 18:27:51,372 INFO c.h.h.t.HelmChartContainer - [K3S] [controllermanager.go:765] "Started controller" controller="pod-garbage-collector-controller"
2025-01-30 18:27:51,372 INFO c.h.h.t.HelmChartContainer - [K3S] [gc_controller.go:99] "Starting GC controller"
2025-01-30 18:27:51,426 INFO c.h.h.t.HelmChartContainer - [K3S] [serving.go:392] Generated self-signed cert in-memory
2025-01-30 18:27:51,557 INFO c.h.h.t.HelmChartContainer - [K3S] [controllermanager.go:160] Version: v1.32.1+k3s1
2025-01-30 18:27:51,559 INFO c.h.h.t.HelmChartContainer - [K3S] [requestheader_controller.go:180] Starting RequestHeaderAuthRequestController
2025-01-30 18:27:51,559 INFO c.h.h.t.HelmChartContainer - [K3S] [configmap_cafile_content.go:205] "Starting controller" name="client-ca::kube-system::extension-apiserver-authentication::client-ca-file"
2025-01-30 18:27:51,559 INFO c.h.h.t.HelmChartContainer - [K3S] [configmap_cafile_content.go:205] "Starting controller" name="client-ca::kube-system::extension-apiserver-authentication::requestheader-client-ca-file"
2025-01-30 18:27:51,559 INFO c.h.h.t.HelmChartContainer - [K3S] [secure_serving.go:213] Serving securely on 127.0.0.1:10258
2025-01-30 18:27:51,560 INFO c.h.h.t.HelmChartContainer - [K3S] [tlsconfig.go:243] "Starting DynamicServingCertificateController"
2025-01-30 18:27:51,563 INFO c.h.h.t.HelmChartContainer - [K3S] [INFO] Creating service-lb-controller event broadcaster
2025-01-30 18:27:51,621 INFO c.h.h.t.HelmChartContainer - [K3S] [graph_builder.go:351] "Running" component="GraphBuilder"
2025-01-30 18:27:51,621 INFO c.h.h.t.HelmChartContainer - [K3S] [controllermanager.go:765] "Started controller" controller="garbage-collector-controller"
2025-01-30 18:27:51,676 INFO c.h.h.t.HelmChartContainer - [K3S] [INFO] Starting /v1, Kind=Node controller
2025-01-30 18:27:51,678 INFO c.h.h.t.HelmChartContainer - [K3S] [INFO] Starting /v1, Kind=Pod controller
2025-01-30 18:27:51,682 INFO c.h.h.t.HelmChartContainer - [K3S] [INFO] Starting apps/v1, Kind=DaemonSet controller
2025-01-30 18:27:51,684 INFO c.h.h.t.HelmChartContainer - [K3S] [INFO] Starting discovery.k8s.io/v1, Kind=EndpointSlice controller
2025-01-30 18:27:51,685 INFO c.h.h.t.HelmChartContainer - [K3S] [controllermanager.go:329] Started "cloud-node-controller"
2025-01-30 18:27:51,685 INFO c.h.h.t.HelmChartContainer - [K3S] [node_controller.go:176] Sending events to api server.
2025-01-30 18:27:51,685 INFO c.h.h.t.HelmChartContainer - [K3S] [node_controller.go:185] Waiting for informer caches to sync
2025-01-30 18:27:51,685 INFO c.h.h.t.HelmChartContainer - [K3S] [controllermanager.go:329] Started "cloud-node-lifecycle-controller"
2025-01-30 18:27:51,685 INFO c.h.h.t.HelmChartContainer - [K3S] [node_lifecycle_controller.go:112] Sending events to api server
2025-01-30 18:27:51,685 INFO c.h.h.t.HelmChartContainer - [K3S] [controllermanager.go:329] Started "service-lb-controller"
2025-01-30 18:27:51,685 INFO c.h.h.t.HelmChartContainer - [K3S] [controllermanager.go:306] "node-route-controller" is disabled
2025-01-30 18:27:51,686 INFO c.h.h.t.HelmChartContainer - [K3S] [controller.go:234] Starting service controller
2025-01-30 18:27:51,785 INFO c.h.h.t.HelmChartContainer - [K3S] [node_controller.go:429] Initializing node 5374d894705a with cloud provider
2025-01-30 18:27:51,789 INFO c.h.h.t.HelmChartContainer - [K3S] [node_controller.go:474] Successfully initialized node 5374d894705a with cloud provider
2025-01-30 18:27:51,789 INFO c.h.h.t.HelmChartContainer - [K3S] [event.go:389] "Event occurred" object="5374d894705a" fieldPath="" kind="Node" apiVersion="v1" type="Normal" reason="Synced" message="Node synced successfully"
2025-01-30 18:27:51,795 INFO c.h.h.t.HelmChartContainer - [K3S] [INFO] Updated coredns NodeHosts entry for 5374d894705a
2025-01-30 18:27:51,873 INFO c.h.h.t.HelmChartContainer - [K3S] [controllermanager.go:765] "Started controller" controller="job-controller"
2025-01-30 18:27:51,873 INFO c.h.h.t.HelmChartContainer - [K3S] [job_controller.go:243] "Starting job controller"
2025-01-30 18:27:51,998 INFO c.h.h.t.HelmChartContainer - [K3S] [handler_proxy.go:99] no RequestInfo found in the context
2025-01-30 18:27:51,998 INFO c.h.h.t.HelmChartContainer - [K3S] [handler_proxy.go:99] no RequestInfo found in the context
2025-01-30 18:27:51,998 INFO c.h.h.t.HelmChartContainer - [K3S] [controller.go:102] "Unhandled Error" err=<
2025-01-30 18:27:51,998 INFO c.h.h.t.HelmChartContainer - [K3S] 	, Header: map[Content-Type:[text/plain; charset=utf-8] X-Content-Type-Options:[nosniff]]
2025-01-30 18:27:51,998 INFO c.h.h.t.HelmChartContainer - [K3S]  >
2025-01-30 18:27:52,022 INFO c.h.h.t.HelmChartContainer - [K3S] [controllermanager.go:765] "Started controller" controller="deployment-controller"
2025-01-30 18:27:52,022 INFO c.h.h.t.HelmChartContainer - [K3S] [deployment_controller.go:173] "Starting controller" controller="deployment"
2025-01-30 18:27:52,112 INFO c.h.h.t.HelmChartContainer - [K3S] [INFO] Tunnel authorizer set Kubelet Port 0.0.0.0:10250
2025-01-30 18:27:52,184 INFO c.h.h.t.HelmChartContainer - [K3S] [serving.go:392] Generated self-signed cert in-memory
2025-01-30 18:27:52,223 INFO c.h.h.t.HelmChartContainer - [K3S] [controllermanager.go:765] "Started controller" controller="disruption-controller"
2025-01-30 18:27:52,223 INFO c.h.h.t.HelmChartContainer - [K3S] [controllermanager.go:728] "Warning: controller is disabled" controller="bootstrap-signer-controller"
2025-01-30 18:27:52,223 INFO c.h.h.t.HelmChartContainer - [K3S] [disruption.go:452] "Sending events to api server."
2025-01-30 18:27:52,223 INFO c.h.h.t.HelmChartContainer - [K3S] [disruption.go:463] "Starting disruption controller"
2025-01-30 18:27:52,340 INFO c.h.h.t.HelmChartContainer - [K3S] [server.go:164] "Starting Kubernetes Scheduler" version="v1.32.1+k3s1"
2025-01-30 18:27:52,340 INFO c.h.h.t.HelmChartContainer - [K3S] [server.go:166] "Golang settings" GOGC="" GOMAXPROCS="" GOTRACEBACK=""
2025-01-30 18:27:52,343 INFO c.h.h.t.HelmChartContainer - [K3S] [requestheader_controller.go:180] Starting RequestHeaderAuthRequestController
2025-01-30 18:27:52,344 INFO c.h.h.t.HelmChartContainer - [K3S] [configmap_cafile_content.go:205] "Starting controller" name="client-ca::kube-system::extension-apiserver-authentication::client-ca-file"
2025-01-30 18:27:52,344 INFO c.h.h.t.HelmChartContainer - [K3S] [secure_serving.go:213] Serving securely on 127.0.0.1:10259
2025-01-30 18:27:52,344 INFO c.h.h.t.HelmChartContainer - [K3S] [tlsconfig.go:243] "Starting DynamicServingCertificateController"
2025-01-30 18:27:52,344 INFO c.h.h.t.HelmChartContainer - [K3S] [configmap_cafile_content.go:205] "Starting controller" name="client-ca::kube-system::extension-apiserver-authentication::requestheader-client-ca-file"
2025-01-30 18:27:52,372 INFO c.h.h.t.HelmChartContainer - [K3S] [controllermanager.go:765] "Started controller" controller="statefulset-controller"
2025-01-30 18:27:52,372 INFO c.h.h.t.HelmChartContainer - [K3S] [stateful_set.go:166] "Starting stateful set controller"
2025-01-30 18:27:52,522 INFO c.h.h.t.HelmChartContainer - [K3S] [controllermanager.go:765] "Started controller" controller="ttl-controller"
2025-01-30 18:27:52,522 INFO c.h.h.t.HelmChartContainer - [K3S] [ttl_controller.go:127] "Starting TTL controller"
2025-01-30 18:27:52,572 INFO c.h.h.t.HelmChartContainer - [K3S] [node_lifecycle_controller.go:432] "Controller will reconcile labels"
2025-01-30 18:27:52,572 INFO c.h.h.t.HelmChartContainer - [K3S] [controllermanager.go:765] "Started controller" controller="node-lifecycle-controller"
2025-01-30 18:27:52,572 INFO c.h.h.t.HelmChartContainer - [K3S] [controllermanager.go:723] "Skipping a cloud provider controller" controller="cloud-node-lifecycle-controller"
2025-01-30 18:27:52,572 INFO c.h.h.t.HelmChartContainer - [K3S] [node_lifecycle_controller.go:466] "Sending events to api server"
2025-01-30 18:27:52,572 INFO c.h.h.t.HelmChartContainer - [K3S] [node_lifecycle_controller.go:477] "Starting node controller"
2025-01-30 18:27:52,585 INFO c.h.h.t.HelmChartContainer - [K3S] [actual_state_of_world.go:541] "Failed to update statusUpdateNeeded field in actual state of world" err="Failed to set statusUpdateNeeded to needed true, because nodeName=\"5374d894705a\" does not exist"
2025-01-30 18:27:52,673 INFO c.h.h.t.HelmChartContainer - [K3S] [node_lifecycle_controller.go:1234] "Initializing eviction metric for zone" zone=""
2025-01-30 18:27:52,673 INFO c.h.h.t.HelmChartContainer - [K3S] [node_lifecycle_controller.go:886] "Missing timestamp for Node. Assuming now as a timestamp" node="5374d894705a"
2025-01-30 18:27:52,673 INFO c.h.h.t.HelmChartContainer - [K3S] [node_lifecycle_controller.go:1080] "Controller detected that zone is now in new state" zone="" newState="Normal"
2025-01-30 18:27:52,675 INFO c.h.h.t.HelmChartContainer - [K3S] [range_allocator.go:177] "Sending events to api server"
2025-01-30 18:27:52,675 INFO c.h.h.t.HelmChartContainer - [K3S] [range_allocator.go:183] "Starting range CIDR allocator"
2025-01-30 18:27:52,678 INFO c.h.h.t.HelmChartContainer - [K3S] [range_allocator.go:428] "Set node PodCIDR" node="5374d894705a" podCIDRs=["10.42.0.0/24"]
2025-01-30 18:27:52,678 INFO c.h.h.t.HelmChartContainer - [K3S] [range_allocator.go:247] "Successfully synced" key="5374d894705a"
2025-01-30 18:27:52,682 INFO c.h.h.t.HelmChartContainer - [K3S] [range_allocator.go:247] "Successfully synced" key="5374d894705a"
2025-01-30 18:27:52,682 INFO c.h.h.t.HelmChartContainer - [K3S] [INFO] Flannel found PodCIDR assigned for node 5374d894705a
2025-01-30 18:27:52,683 INFO c.h.h.t.HelmChartContainer - [K3S] [INFO] The interface eth0 with ipv4 address 172.18.0.2 will be used by flannel
2025-01-30 18:27:52,683 INFO c.h.h.t.HelmChartContainer - [K3S] [kube.go:139] Waiting 10m0s for node controller to sync
2025-01-30 18:27:52,683 INFO c.h.h.t.HelmChartContainer - [K3S] [kube.go:469] Starting kube subnet manager
2025-01-30 18:27:52,792 INFO c.h.h.t.HelmChartContainer - [K3S] [INFO] Starting network policy controller version v2.2.1, built on 2025-01-28T18:27:08Z, go1.23.4
2025-01-30 18:27:52,792 INFO c.h.h.t.HelmChartContainer - [K3S] [network_policy_controller.go:164] Starting network policy controller
2025-01-30 18:27:52,817 INFO c.h.h.t.HelmChartContainer - [K3S] [network_policy_controller.go:176] Starting network policy controller full sync goroutine
2025-01-30 18:27:52,832 INFO c.h.h.t.HelmChartContainer - [K3S] [range_allocator.go:247] "Successfully synced" key="5374d894705a"
2025-01-30 18:27:52,979 INFO c.h.h.t.HelmChartContainer - [K3S] [handler_proxy.go:99] no RequestInfo found in the context
2025-01-30 18:27:52,979 INFO c.h.h.t.HelmChartContainer - [K3S] [controller.go:146] "Unhandled Error" err=<
2025-01-30 18:27:52,979 INFO c.h.h.t.HelmChartContainer - [K3S] 	, Header: map[Content-Type:[text/plain; charset=utf-8] X-Content-Type-Options:[nosniff]]
2025-01-30 18:27:52,979 INFO c.h.h.t.HelmChartContainer - [K3S]  >
2025-01-30 18:27:52,980 INFO c.h.h.t.HelmChartContainer - [K3S] [handler_proxy.go:143] error resolving kube-system/metrics-server: no endpoints available for service "metrics-server"
2025-01-30 18:27:53,113 INFO c.h.h.t.HelmChartContainer - [K3S] [INFO] Started tunnel to 172.18.0.2:6443
2025-01-30 18:27:53,113 INFO c.h.h.t.HelmChartContainer - [K3S] [INFO] Stopped tunnel to 127.0.0.1:6443
2025-01-30 18:27:53,113 INFO c.h.h.t.HelmChartContainer - [K3S] [INFO] Connecting to proxy" url="wss://172.18.0.2:6443/v1-k3s/connect
2025-01-30 18:27:53,113 INFO c.h.h.t.HelmChartContainer - [K3S] [INFO] Proxy done" err="context canceled" url="wss://127.0.0.1:6443/v1-k3s/connect
2025-01-30 18:27:53,113 INFO c.h.h.t.HelmChartContainer - [K3S] [INFO] error in remotedialer server [400]: websocket: close 1006 (abnormal closure): unexpected EOF
2025-01-30 18:27:53,115 INFO c.h.h.t.HelmChartContainer - [K3S] [INFO] Handling backend connection request [5374d894705a]
2025-01-30 18:27:53,115 INFO c.h.h.t.HelmChartContainer - [K3S] [INFO] Remotedialer connected to proxy" url="wss://172.18.0.2:6443/v1-k3s/connect
2025-01-30 18:27:53,184 INFO c.h.h.t.HelmChartContainer - [K3S] [range_allocator.go:247] "Successfully synced" key="5374d894705a"
2025-01-30 18:27:53,484 INFO c.h.h.t.HelmChartContainer - [K3S] [replica_set.go:679] "Finished syncing" kind="ReplicaSet" key="kube-system/local-path-provisioner-698b58967b" duration="355.246089ms"
2025-01-30 18:27:53,494 INFO c.h.h.t.HelmChartContainer - [K3S] [replica_set.go:679] "Finished syncing" kind="ReplicaSet" key="kube-system/metrics-server-8584b5786c" duration="364.957359ms"
2025-01-30 18:27:53,494 INFO c.h.h.t.HelmChartContainer - [K3S] [replica_set.go:679] "Finished syncing" kind="ReplicaSet" key="kube-system/coredns-ff8999cc5" duration="365.023475ms"
2025-01-30 18:27:53,503 INFO c.h.h.t.HelmChartContainer - [K3S] [replica_set.go:679] "Finished syncing" kind="ReplicaSet" key="kube-system/metrics-server-8584b5786c" duration="11.032889ms"
2025-01-30 18:27:53,503 INFO c.h.h.t.HelmChartContainer - [K3S] [replica_set.go:679] "Finished syncing" kind="ReplicaSet" key="kube-system/metrics-server-8584b5786c" duration="45.726µs"
2025-01-30 18:27:53,510 INFO c.h.h.t.HelmChartContainer - [K3S] [replica_set.go:679] "Finished syncing" kind="ReplicaSet" key="kube-system/local-path-provisioner-698b58967b" duration="27.085648ms"
2025-01-30 18:27:53,510 INFO c.h.h.t.HelmChartContainer - [K3S] [replica_set.go:679] "Finished syncing" kind="ReplicaSet" key="kube-system/local-path-provisioner-698b58967b" duration="517.81µs"
2025-01-30 18:27:53,513 INFO c.h.h.t.HelmChartContainer - [K3S] [replica_set.go:679] "Finished syncing" kind="ReplicaSet" key="kube-system/coredns-ff8999cc5" duration="19.983637ms"
2025-01-30 18:27:53,513 INFO c.h.h.t.HelmChartContainer - [K3S] [replica_set.go:679] "Finished syncing" kind="ReplicaSet" key="kube-system/coredns-ff8999cc5" duration="30.687µs"
2025-01-30 18:27:53,522 INFO c.h.h.t.HelmChartContainer - [K3S] [replica_set.go:679] "Finished syncing" kind="ReplicaSet" key="kube-system/local-path-provisioner-698b58967b" duration="25.628µs"
2025-01-30 18:27:53,533 INFO c.h.h.t.HelmChartContainer - [K3S] [replica_set.go:679] "Finished syncing" kind="ReplicaSet" key="kube-system/metrics-server-8584b5786c" duration="54.062µs"
2025-01-30 18:27:53,540 INFO c.h.h.t.HelmChartContainer - [K3S] [replica_set.go:679] "Finished syncing" kind="ReplicaSet" key="kube-system/coredns-ff8999cc5" duration="56.426µs"
2025-01-30 18:27:53,679 INFO c.h.h.t.HelmChartContainer - [K3S] [reconciler_common.go:251] "operationExecutor.VerifyControllerAttachedVolume started for volume \"kube-api-access-mwbq2\" (UniqueName: \"kubernetes.io/projected/64e9c7cf-d83a-4815-a3bb-ab312496c8ac-kube-api-access-mwbq2\") pod \"local-path-provisioner-698b58967b-vgh9n\" (UID: \"64e9c7cf-d83a-4815-a3bb-ab312496c8ac\") " pod="kube-system/local-path-provisioner-698b58967b-vgh9n"
2025-01-30 18:27:53,679 INFO c.h.h.t.HelmChartContainer - [K3S] [reconciler_common.go:251] "operationExecutor.VerifyControllerAttachedVolume started for volume \"config-volume\" (UniqueName: \"kubernetes.io/configmap/5d9bddbc-623d-4150-acc8-2cd7c3c107c7-config-volume\") pod \"coredns-ff8999cc5-rxzqz\" (UID: \"5d9bddbc-623d-4150-acc8-2cd7c3c107c7\") " pod="kube-system/coredns-ff8999cc5-rxzqz"
2025-01-30 18:27:53,679 INFO c.h.h.t.HelmChartContainer - [K3S] [reconciler_common.go:251] "operationExecutor.VerifyControllerAttachedVolume started for volume \"custom-config-volume\" (UniqueName: \"kubernetes.io/configmap/5d9bddbc-623d-4150-acc8-2cd7c3c107c7-custom-config-volume\") pod \"coredns-ff8999cc5-rxzqz\" (UID: \"5d9bddbc-623d-4150-acc8-2cd7c3c107c7\") " pod="kube-system/coredns-ff8999cc5-rxzqz"
2025-01-30 18:27:53,679 INFO c.h.h.t.HelmChartContainer - [K3S] [reconciler_common.go:251] "operationExecutor.VerifyControllerAttachedVolume started for volume \"kube-api-access-7nk98\" (UniqueName: \"kubernetes.io/projected/5d9bddbc-623d-4150-acc8-2cd7c3c107c7-kube-api-access-7nk98\") pod \"coredns-ff8999cc5-rxzqz\" (UID: \"5d9bddbc-623d-4150-acc8-2cd7c3c107c7\") " pod="kube-system/coredns-ff8999cc5-rxzqz"
2025-01-30 18:27:53,679 INFO c.h.h.t.HelmChartContainer - [K3S] [reconciler_common.go:251] "operationExecutor.VerifyControllerAttachedVolume started for volume \"tmp-dir\" (UniqueName: \"kubernetes.io/empty-dir/6521f1df-be3a-420b-a1cf-eb3db47c4e88-tmp-dir\") pod \"metrics-server-8584b5786c-hjnp8\" (UID: \"6521f1df-be3a-420b-a1cf-eb3db47c4e88\") " pod="kube-system/metrics-server-8584b5786c-hjnp8"
2025-01-30 18:27:53,679 INFO c.h.h.t.HelmChartContainer - [K3S] [reconciler_common.go:251] "operationExecutor.VerifyControllerAttachedVolume started for volume \"kube-api-access-tmprt\" (UniqueName: \"kubernetes.io/projected/6521f1df-be3a-420b-a1cf-eb3db47c4e88-kube-api-access-tmprt\") pod \"metrics-server-8584b5786c-hjnp8\" (UID: \"6521f1df-be3a-420b-a1cf-eb3db47c4e88\") " pod="kube-system/metrics-server-8584b5786c-hjnp8"
2025-01-30 18:27:53,680 INFO c.h.h.t.HelmChartContainer - [K3S] [reconciler_common.go:251] "operationExecutor.VerifyControllerAttachedVolume started for volume \"config-volume\" (UniqueName: \"kubernetes.io/configmap/64e9c7cf-d83a-4815-a3bb-ab312496c8ac-config-volume\") pod \"local-path-provisioner-698b58967b-vgh9n\" (UID: \"64e9c7cf-d83a-4815-a3bb-ab312496c8ac\") " pod="kube-system/local-path-provisioner-698b58967b-vgh9n"
2025-01-30 18:27:53,682 INFO c.h.h.t.HelmChartContainer - [K3S] [kube.go:146] Node controller sync successful
2025-01-30 18:27:53,682 INFO c.h.h.t.HelmChartContainer - [K3S] [vxlan.go:141] VXLAN config: VNI=1 Port=0 GBP=false Learning=false DirectRouting=false
2025-01-30 18:27:53,685 INFO c.h.h.t.HelmChartContainer - [K3S] [kube.go:636] List of node(5374d894705a) annotations: map[string]string{"alpha.kubernetes.io/provided-node-ip":"172.18.0.2", "k3s.io/hostname":"5374d894705a", "k3s.io/internal-ip":"172.18.0.2", "k3s.io/node-args":"[\"server\",\"--etcd-arg\",\"unsafe-no-fsync\",\"--etcd-arg\",\"snapshot-count=10000\",\"--etcd-arg\",\"auto-compaction-mode=revision\",\"--etcd-arg\",\"auto-compaction-retention=1000000\",\"--kube-apiserver-arg\",\"etcd-compaction-interval=0s\",\"--disable\",\"traefik\",\"--tls-san\",\"localhost\"]", "k3s.io/node-config-hash":"2QNNT5M5XUBFOLO5XPGEVGOM5UDLHHTIVMSRUPAUHE5DU3HUYQUQ====", "k3s.io/node-env":"{}", "node.alpha.kubernetes.io/ttl":"0", "volumes.kubernetes.io/controller-managed-attach-detach":"true"}
2025-01-30 18:27:53,690 INFO c.h.h.t.HelmChartContainer - [K3S] [iptables.go:51] Starting flannel in iptables mode...
2025-01-30 18:27:53,690 INFO c.h.h.t.HelmChartContainer - [K3S] [WARNING] no subnet found for key: FLANNEL_NETWORK in file: /run/flannel/subnet.env
2025-01-30 18:27:53,690 INFO c.h.h.t.HelmChartContainer - [K3S] [WARNING] no subnet found for key: FLANNEL_SUBNET in file: /run/flannel/subnet.env
2025-01-30 18:27:53,691 INFO c.h.h.t.HelmChartContainer - [K3S] [WARNING] no subnet found for key: FLANNEL_IPV6_NETWORK in file: /run/flannel/subnet.env
2025-01-30 18:27:53,691 INFO c.h.h.t.HelmChartContainer - [K3S] [WARNING] no subnet found for key: FLANNEL_IPV6_SUBNET in file: /run/flannel/subnet.env
2025-01-30 18:27:53,691 INFO c.h.h.t.HelmChartContainer - [K3S] [iptables.go:115] Current network or subnet (10.42.0.0/16, 10.42.0.0/24) is not equal to previous one (0.0.0.0/0, 0.0.0.0/0), trying to recycle old iptables rules
2025-01-30 18:27:53,691 INFO c.h.h.t.HelmChartContainer - [K3S] [kube.go:490] Creating the node lease for IPv4. This is the n.Spec.PodCIDRs: [10.42.0.0/24]
2025-01-30 18:27:53,691 INFO c.h.h.t.HelmChartContainer - [K3S] [range_allocator.go:247] "Successfully synced" key="5374d894705a"
2025-01-30 18:27:53,698 INFO c.h.h.t.HelmChartContainer - [K3S] [iptables.go:125] Setting up masking rules
2025-01-30 18:27:53,701 INFO c.h.h.t.HelmChartContainer - [K3S] [iptables.go:226] Changing default FORWARD chain policy to ACCEPT
2025-01-30 18:27:53,703 INFO c.h.h.t.HelmChartContainer - [K3S] [INFO] Wrote flannel subnet file to /run/flannel/subnet.env
2025-01-30 18:27:53,703 INFO c.h.h.t.HelmChartContainer - [K3S] [INFO] Running flannel backend.
2025-01-30 18:27:53,703 INFO c.h.h.t.HelmChartContainer - [K3S] [vxlan_network.go:65] watching for new subnet leases
2025-01-30 18:27:53,711 INFO c.h.h.t.HelmChartContainer - [K3S] [iptables.go:372] bootstrap done
2025-01-30 18:27:53,716 INFO c.h.h.t.HelmChartContainer - [K3S] [iptables.go:372] bootstrap done
2025-01-30 18:27:53,981 INFO c.h.h.t.HelmChartContainer - [K3S] [handler_proxy.go:99] no RequestInfo found in the context
2025-01-30 18:27:53,981 INFO c.h.h.t.HelmChartContainer - [K3S] [handler_proxy.go:99] no RequestInfo found in the context
2025-01-30 18:27:53,981 INFO c.h.h.t.HelmChartContainer - [K3S] [controller.go:102] "Unhandled Error" err=<
2025-01-30 18:27:53,981 INFO c.h.h.t.HelmChartContainer - [K3S] 	, Header: map[Content-Type:[text/plain; charset=utf-8] X-Content-Type-Options:[nosniff]]
2025-01-30 18:27:53,981 INFO c.h.h.t.HelmChartContainer - [K3S]  >
2025-01-30 18:27:57,228 INFO c.h.h.t.HelmChartContainer - [K3S] [replica_set.go:679] "Finished syncing" kind="ReplicaSet" key="kube-system/metrics-server-8584b5786c" duration="37.49µs"
2025-01-30 18:27:57,244 INFO c.h.h.t.HelmChartContainer - [K3S] [replica_set.go:679] "Finished syncing" kind="ReplicaSet" key="kube-system/local-path-provisioner-698b58967b" duration="4.566743ms"
2025-01-30 18:27:57,244 INFO c.h.h.t.HelmChartContainer - [K3S] [replica_set.go:679] "Finished syncing" kind="ReplicaSet" key="kube-system/local-path-provisioner-698b58967b" duration="27.622µs"
2025-01-30 18:27:57,253 INFO c.h.h.t.HelmChartContainer - [K3S] [replica_set.go:679] "Finished syncing" kind="ReplicaSet" key="kube-system/coredns-ff8999cc5" duration="8.62333ms"
2025-01-30 18:27:57,253 INFO c.h.h.t.HelmChartContainer - [K3S] [replica_set.go:679] "Finished syncing" kind="ReplicaSet" key="kube-system/coredns-ff8999cc5" duration="69.399µs"
2025-01-30 18:27:57,406 DEBUG c.h.h.t.HelmChartContainer - Image file loaded 'hivemq-platform-operator.tar'
2025-01-30 18:27:57,842 DEBUG c.h.h.t.HelmChartContainer - Image file loaded 'hivemq-platform-operator-init.tar'
2025-01-30 18:27:58,708 INFO c.h.h.t.HelmChartContainer - [K3S] [kuberuntime_manager.go:1702] "Updating runtime config through cri with podcidr" CIDR="10.42.0.0/24"
2025-01-30 18:27:58,709 INFO c.h.h.t.HelmChartContainer - [K3S] [kubelet_network.go:61] "Updating Pod CIDR" originalPodCIDR="" newPodCIDR="10.42.0.0/24"
2025-01-30 18:27:58,716 INFO c.h.h.t.HelmChartContainer - [K3S] [range_allocator.go:247] "Successfully synced" key="5374d894705a"
2025-01-30 18:28:03,880 DEBUG c.h.h.t.HelmChartContainer - Image file loaded 'hivemq-platform.tar'
2025-01-30 18:28:03,880 DEBUG c.h.h.t.HelmChartContainer - Successful Helm chart Container startup
2025-01-30 18:28:03,892 INFO t.localhost/testcontainers/4iewcqjrneirvvgk:latest - Container localhost/testcontainers/4iewcqjrneirvvgk:latest started in PT20.872425309S
2025-01-30 18:28:03,901 DEBUG c.h.h.t.HelmChartContainer - Executing helm command: /bin/helm --kubeconfig /etc/rancher/k3s/k3s.yaml repo add hivemq https://hivemq.github.io/helm-charts
2025-01-30 18:28:05,248 INFO c.h.h.t.HelmChartContainer - [EVENT] Normal [Starting] Starting kubelet. [null:5374d894705a]
2025-01-30 18:28:05,249 INFO c.h.h.t.HelmChartContainer - [EVENT] Warning [InvalidDiskCapacity] invalid capacity 0 on image filesystem [null:5374d894705a]
2025-01-30 18:28:05,251 INFO c.h.h.t.HelmChartContainer - [EVENT] Normal [NodeHasSufficientMemory] Node 5374d894705a status is now: NodeHasSufficientMemory [null:5374d894705a]
2025-01-30 18:28:05,252 INFO c.h.h.t.HelmChartContainer - [EVENT] Normal [NodeHasNoDiskPressure] Node 5374d894705a status is now: NodeHasNoDiskPressure [null:5374d894705a]
2025-01-30 18:28:05,253 INFO c.h.h.t.HelmChartContainer - [EVENT] Normal [NodeHasSufficientPID] Node 5374d894705a status is now: NodeHasSufficientPID [null:5374d894705a]
2025-01-30 18:28:05,253 INFO c.h.h.t.HelmChartContainer - [EVENT] Normal [NodeAllocatableEnforced] Updated Node Allocatable limit across pods [null:5374d894705a]
2025-01-30 18:28:05,256 INFO c.h.h.t.HelmChartContainer - [EVENT] Normal [NodeReady] Node 5374d894705a status is now: NodeReady [null:5374d894705a]
2025-01-30 18:28:05,256 INFO c.h.h.t.HelmChartContainer - [EVENT] Normal [NodePasswordValidationComplete] Deferred node password secret validation complete [null:5374d894705a]
2025-01-30 18:28:05,257 INFO c.h.h.t.HelmChartContainer - [EVENT] Normal [Synced] Node synced successfully [null:5374d894705a]
2025-01-30 18:28:05,258 INFO c.h.h.t.HelmChartContainer - [EVENT] Normal [RegisteredNode] Node 5374d894705a event: Registered Node 5374d894705a in Controller [null:5374d894705a]
2025-01-30 18:28:05,262 INFO c.h.h.t.HelmChartContainer - Saved kubeconfig file on /tmp/kubeconfig-13613483474138453354.yaml
2025-01-30 18:28:05,265 INFO c.h.h.t.HelmChartContainer - HelmChartContainer is started
]]></system-out>
  <system-err><![CDATA[]]></system-err>
</testsuite>
