<?xml version="1.0" encoding="UTF-8"?>
<testsuite name="com.hivemq.helmcharts.services.CustomClusterDomainNameIT" tests="1" skipped="0" failures="0" errors="0" timestamp="2025-01-29T18:37:36" hostname="fv-az2023-252" time="101.629">
  <properties/>
  <testcase name="whenK8sHasCustomClusterDomainName_thenServicesAreRunning()" classname="com.hivemq.helmcharts.services.CustomClusterDomainNameIT" time="101.629">
    <system-out><![CDATA[2025-01-29 18:37:36,521 INFO c.h.h.t.HelmChartContainer - Creating namespace 'customclusterdomainnameit-operator'...
2025-01-29 18:37:36,713 INFO c.h.h.t.HelmChartContainer - Namespace 'customclusterdomainnameit-operator' created
2025-01-29 18:37:36,713 INFO c.h.h.t.HelmChartContainer - Creating namespace 'customclusterdomainnameit'...
2025-01-29 18:37:36,715 INFO c.h.h.t.HelmChartContainer - [POD] coredns-ff8999cc5-zltqr [3fa6a989-b9f9-41fd-9ed5-ff4464808966] in kube-system was ADDED
2025-01-29 18:37:36,716 INFO c.h.h.t.HelmChartContainer - [POD] local-path-provisioner-698b58967b-nz9pm [58dbc569-70db-487d-ad4f-0d55b8493c6d] in kube-system was ADDED
2025-01-29 18:37:36,719 INFO c.h.h.t.HelmChartContainer - [POD] metrics-server-8584b5786c-kvgf6 [394b9c1b-9d48-495f-a7bc-cfee87bf14dd] in kube-system was ADDED
2025-01-29 18:37:36,723 INFO c.h.h.t.HelmChartContainer - Namespace 'customclusterdomainnameit' created
2025-01-29 18:37:36,788 DEBUG c.h.h.t.HelmChartContainer - Executing helm command: /bin/helm --kubeconfig /etc/rancher/k3s/k3s.yaml install test-hivemq-platform-operator /charts/hivemq-platform-operator --wait --timeout 5m0s --set image.repository=docker.io/hivemq --set image.name=hivemq-platform-operator-test --set image.initImageName=hivemq-platform-operator-init-test --set image.tag=snapshot --set image.pullPolicy=Never --set logLevel=DEBUG --set resources.cpu=512m --namespace customclusterdomainnameit-operator
2025-01-29 18:37:39,181 INFO c.h.h.t.HelmChartContainer - [K3S] [alloc.go:330] "allocated clusterIPs" service="customclusterdomainnameit-operator/hivemq-platform-operator-test-hivemq-platform-operator" clusterIPs={"IPv4":"10.43.251.234"}
2025-01-29 18:37:39,195 INFO c.h.h.t.HelmChartContainer - [EVENT] Normal [ScalingReplicaSet] Scaled up replica set hivemq-test-hivemq-platform-operator-6966f96d65 from 0 to 1 [customclusterdomainnameit-operator:hivemq-test-hivemq-platform-operator]
2025-01-29 18:37:39,205 INFO c.h.h.t.HelmChartContainer - [K3S] [replica_set.go:679] "Finished syncing" kind="ReplicaSet" key="customclusterdomainnameit-operator/hivemq-test-hivemq-platform-operator-6966f96d65" duration="13.682611ms"
2025-01-29 18:37:39,206 INFO c.h.h.t.HelmChartContainer - [POD] hivemq-test-hivemq-platform-operator-6966f96d65-f8rnd [411f7c72-37c8-460f-842c-0310d4d2f7d6] in customclusterdomainnameit-operator was ADDED
2025-01-29 18:37:39,213 INFO c.h.h.t.HelmChartContainer - [EVENT] Normal [SuccessfulCreate] Created pod: hivemq-test-hivemq-platform-operator-6966f96d65-f8rnd [customclusterdomainnameit-operator:hivemq-test-hivemq-platform-operator-6966f96d65]
2025-01-29 18:37:39,219 INFO c.h.h.t.HelmChartContainer - [K3S] [reflector.go:569] object-"customclusterdomainnameit-operator"/"kube-root-ca.crt": failed to list *v1.ConfigMap: configmaps "kube-root-ca.crt" is forbidden: User "system:node:ad3d5c572cb1" cannot list resource "configmaps" in API group "" in the namespace "customclusterdomainnameit-operator": no relationship found between node 'ad3d5c572cb1' and this object
2025-01-29 18:37:39,219 INFO c.h.h.t.HelmChartContainer - [K3S] [reflector.go:166] "Unhandled Error" err="object-\"customclusterdomainnameit-operator\"/\"kube-root-ca.crt\": Failed to watch *v1.ConfigMap: failed to list *v1.ConfigMap: configmaps \"kube-root-ca.crt\" is forbidden: User \"system:node:ad3d5c572cb1\" cannot list resource \"configmaps\" in API group \"\" in the namespace \"customclusterdomainnameit-operator\": no relationship found between node 'ad3d5c572cb1' and this object"
2025-01-29 18:37:39,219 INFO c.h.h.t.HelmChartContainer - [POD] hivemq-test-hivemq-platform-operator-6966f96d65-f8rnd [411f7c72-37c8-460f-842c-0310d4d2f7d6] in customclusterdomainnameit-operator was MODIFIED
2025-01-29 18:37:39,219 INFO c.h.h.t.HelmChartContainer - [K3S] [status_manager.go:890] "Failed to get status for pod" podUID="411f7c72-37c8-460f-842c-0310d4d2f7d6" pod="customclusterdomainnameit-operator/hivemq-test-hivemq-platform-operator-6966f96d65-f8rnd" err="pods \"hivemq-test-hivemq-platform-operator-6966f96d65-f8rnd\" is forbidden: User \"system:node:ad3d5c572cb1\" cannot get resource \"pods\" in API group \"\" in the namespace \"customclusterdomainnameit-operator\": no relationship found between node 'ad3d5c572cb1' and this object"
2025-01-29 18:37:39,220 INFO c.h.h.t.HelmChartContainer - [EVENT] Normal [Scheduled] Successfully assigned customclusterdomainnameit-operator/hivemq-test-hivemq-platform-operator-6966f96d65-f8rnd to ad3d5c572cb1 [customclusterdomainnameit-operator:hivemq-test-hivemq-platform-operator-6966f96d65-f8rnd]
2025-01-29 18:37:39,229 INFO c.h.h.t.HelmChartContainer - [K3S] [replica_set.go:679] "Finished syncing" kind="ReplicaSet" key="customclusterdomainnameit-operator/hivemq-test-hivemq-platform-operator-6966f96d65" duration="22.13802ms"
2025-01-29 18:37:39,238 INFO c.h.h.t.HelmChartContainer - [K3S] [replica_set.go:679] "Finished syncing" kind="ReplicaSet" key="customclusterdomainnameit-operator/hivemq-test-hivemq-platform-operator-6966f96d65" duration="9.48117ms"
2025-01-29 18:37:39,238 INFO c.h.h.t.HelmChartContainer - [K3S] [replica_set.go:679] "Finished syncing" kind="ReplicaSet" key="customclusterdomainnameit-operator/hivemq-test-hivemq-platform-operator-6966f96d65" duration="55.526µs"
2025-01-29 18:37:39,358 INFO c.h.h.t.HelmChartContainer - [K3S] [reconciler_common.go:251] "operationExecutor.VerifyControllerAttachedVolume started for volume \"kube-api-access-8p9z9\" (UniqueName: \"kubernetes.io/projected/411f7c72-37c8-460f-842c-0310d4d2f7d6-kube-api-access-8p9z9\") pod \"hivemq-test-hivemq-platform-operator-6966f96d65-f8rnd\" (UID: \"411f7c72-37c8-460f-842c-0310d4d2f7d6\") " pod="customclusterdomainnameit-operator/hivemq-test-hivemq-platform-operator-6966f96d65-f8rnd"
2025-01-29 18:37:40,205 INFO c.h.h.t.HelmChartContainer - [EVENT] Normal [Pulled] Container image "docker.io/hivemq/hivemq-platform-operator-test:snapshot" already present on machine [customclusterdomainnameit-operator:hivemq-test-hivemq-platform-operator-6966f96d65-f8rnd]
2025-01-29 18:37:40,205 INFO c.h.h.t.HelmChartContainer - Received Pulled event for container hivemq-platform-operator in pod hivemq-test-hivemq-platform-operator-6966f96d65-f8rnd [411f7c72-37c8-460f-842c-0310d4d2f7d6]
2025-01-29 18:37:40,215 INFO c.h.h.t.HelmChartContainer - [EVENT] Normal [Created] Created container: hivemq-platform-operator [customclusterdomainnameit-operator:hivemq-test-hivemq-platform-operator-6966f96d65-f8rnd]
2025-01-29 18:37:40,215 INFO c.h.h.t.HelmChartContainer - Received Created event for container hivemq-platform-operator in pod hivemq-test-hivemq-platform-operator-6966f96d65-f8rnd [411f7c72-37c8-460f-842c-0310d4d2f7d6]
2025-01-29 18:37:40,516 INFO c.h.h.t.HelmChartContainer - [K3S] [replica_set.go:679] "Finished syncing" kind="ReplicaSet" key="customclusterdomainnameit-operator/hivemq-test-hivemq-platform-operator-6966f96d65" duration="46.688µs"
2025-01-29 18:37:40,527 INFO c.h.h.t.HelmChartContainer - [POD] hivemq-test-hivemq-platform-operator-6966f96d65-f8rnd [411f7c72-37c8-460f-842c-0310d4d2f7d6] in customclusterdomainnameit-operator was MODIFIED
2025-01-29 18:37:40,546 INFO c.h.h.t.HelmChartContainer - Started log watcher for hivemq-platform-operator in pod hivemq-test-hivemq-platform-operator-6966f96d65-f8rnd [411f7c72-37c8-460f-842c-0310d4d2f7d6]
2025-01-29 18:37:40,546 INFO c.h.h.t.HelmChartContainer - [EVENT] Normal [Started] Started container hivemq-platform-operator [customclusterdomainnameit-operator:hivemq-test-hivemq-platform-operator-6966f96d65-f8rnd]
2025-01-29 18:37:40,547 INFO c.h.h.t.HelmChartContainer - Received Started event for container hivemq-platform-operator in pod hivemq-test-hivemq-platform-operator-6966f96d65-f8rnd [411f7c72-37c8-460f-842c-0310d4d2f7d6]
2025-01-29 18:37:40,547 INFO c.h.h.t.HelmChartContainer - [hivemq-test-hivemq-platform] [hivemq-platform-operator] [411f7c72] -------------------------------------------------------------------------
2025-01-29 18:37:40,547 INFO c.h.h.t.HelmChartContainer - [hivemq-test-hivemq-platform] [hivemq-platform-operator] [411f7c72] 
2025-01-29 18:37:40,547 INFO c.h.h.t.HelmChartContainer - [hivemq-test-hivemq-platform] [hivemq-platform-operator] [411f7c72]                   _    _  _              __  __   ____
2025-01-29 18:37:40,547 INFO c.h.h.t.HelmChartContainer - [hivemq-test-hivemq-platform] [hivemq-platform-operator] [411f7c72]                  | |  | |(_)            |  \/  | / __ \
2025-01-29 18:37:40,547 INFO c.h.h.t.HelmChartContainer - [hivemq-test-hivemq-platform] [hivemq-platform-operator] [411f7c72]                  | |__| | _ __   __ ___ | \  / || |  | |
2025-01-29 18:37:40,547 INFO c.h.h.t.HelmChartContainer - [hivemq-test-hivemq-platform] [hivemq-platform-operator] [411f7c72]                  |  __  || |\ \ / // _ \| |\/| || |  | |
2025-01-29 18:37:40,547 INFO c.h.h.t.HelmChartContainer - [hivemq-test-hivemq-platform] [hivemq-platform-operator] [411f7c72]                  | |  | || | \ V /|  __/| |  | || |__| |
2025-01-29 18:37:40,547 INFO c.h.h.t.HelmChartContainer - [hivemq-test-hivemq-platform] [hivemq-platform-operator] [411f7c72]                  |_|  |_||_|  \_/  \___||_|  |_| \___\_\
2025-01-29 18:37:40,547 INFO c.h.h.t.HelmChartContainer - [hivemq-test-hivemq-platform] [hivemq-platform-operator] [411f7c72] 
2025-01-29 18:37:40,547 INFO c.h.h.t.HelmChartContainer - [hivemq-test-hivemq-platform] [hivemq-platform-operator] [411f7c72] -------------------------------------------------------------------------
2025-01-29 18:37:40,547 INFO c.h.h.t.HelmChartContainer - [hivemq-test-hivemq-platform] [hivemq-platform-operator] [411f7c72] 
2025-01-29 18:37:40,547 INFO c.h.h.t.HelmChartContainer - [hivemq-test-hivemq-platform] [hivemq-platform-operator] [411f7c72]   HiveMQ Platform Operator Start Script v1.0
2025-01-29 18:37:40,547 INFO c.h.h.t.HelmChartContainer - [hivemq-test-hivemq-platform] [hivemq-platform-operator] [411f7c72] 
2025-01-29 18:37:40,547 INFO c.h.h.t.HelmChartContainer - [hivemq-test-hivemq-platform] [hivemq-platform-operator] [411f7c72] -------------------------------------------------------------------------
2025-01-29 18:37:40,547 INFO c.h.h.t.HelmChartContainer - [hivemq-test-hivemq-platform] [hivemq-platform-operator] [411f7c72] 
2025-01-29 18:37:40,547 INFO c.h.h.t.HelmChartContainer - [hivemq-test-hivemq-platform] [hivemq-platform-operator] [411f7c72]   JAVA_OPTS: -XX:+UnlockExperimentalVMOptions -XX:InitialRAMPercentage=75 -XX:MaxRAMPercentage=75 -Duser.language=en -Duser.region=US
2025-01-29 18:37:40,547 INFO c.h.h.t.HelmChartContainer - [hivemq-test-hivemq-platform] [hivemq-platform-operator] [411f7c72] 
2025-01-29 18:37:40,547 INFO c.h.h.t.HelmChartContainer - [hivemq-test-hivemq-platform] [hivemq-platform-operator] [411f7c72]   JAVA_VERSION: 21
2025-01-29 18:37:40,547 INFO c.h.h.t.HelmChartContainer - [hivemq-test-hivemq-platform] [hivemq-platform-operator] [411f7c72] 
2025-01-29 18:37:40,547 INFO c.h.h.t.HelmChartContainer - [hivemq-test-hivemq-platform] [hivemq-platform-operator] [411f7c72] -------------------------------------------------------------------------
2025-01-29 18:37:40,547 INFO c.h.h.t.HelmChartContainer - [hivemq-test-hivemq-platform] [hivemq-platform-operator] [411f7c72] 
2025-01-29 18:37:43,578 INFO c.h.h.t.HelmChartContainer - [hivemq-test-hivemq-platform] [hivemq-platform-operator] [411f7c72] 18:37:43.575 [main] DEBUG org.jboss.logging - Logging Provider: org.jboss.logging.Slf4jLoggerProvider
2025-01-29 18:37:43,682 INFO c.h.h.t.HelmChartContainer - [hivemq-test-hivemq-platform] [hivemq-platform-operator] [411f7c72] 18:37:43.681 [main] DEBUG io.smallrye.config - SRCFG01006: Loaded ConfigSource SysPropConfigSource with ordinal 400
2025-01-29 18:37:43,727 INFO c.h.h.t.HelmChartContainer - [hivemq-test-hivemq-platform] [hivemq-platform-operator] [411f7c72] 18:37:43.726 [main] DEBUG io.smallrye.config - SRCFG01006: Loaded ConfigSource EnvConfigSource with ordinal 300
2025-01-29 18:37:43,727 INFO c.h.h.t.HelmChartContainer - [hivemq-test-hivemq-platform] [hivemq-platform-operator] [411f7c72] 18:37:43.726 [main] DEBUG io.smallrye.config - SRCFG01006: Loaded ConfigSource PropertiesConfigSource[source=jar:file:///opt/hivemq-platform-operator/bin/hivemq-platform-operator.jar!/hivemq-platform-operator.properties] with ordinal 100
2025-01-29 18:37:43,727 INFO c.h.h.t.HelmChartContainer - [hivemq-test-hivemq-platform] [hivemq-platform-operator] [411f7c72] 18:37:43.726 [main] DEBUG io.smallrye.config - SRCFG01006: Loaded ConfigSource DefaultValuesConfigSource with ordinal -2147483648
2025-01-29 18:37:43,864 INFO c.h.h.t.HelmChartContainer - [hivemq-test-hivemq-platform] [hivemq-platform-operator] [411f7c72] 18:37:43.863 [main] DEBUG i.m.c.u.i.l.InternalLoggerFactory - Using SLF4J as the default logging framework
2025-01-29 18:37:43,978 INFO c.h.h.t.HelmChartContainer - [hivemq-test-hivemq-platform] [hivemq-platform-operator] [411f7c72] 18:37:43.968 [main] INFO  c.h.p.o.HiveMQPlatformOperatorApplication - HiveMQ Platform Operator 1.7.0-SNAPSHOT (commit: b1b9591 on branch: HEAD) built on Wed Jan 29 18:32:18 UTC 2025
2025-01-29 18:37:43,979 INFO c.h.h.t.HelmChartContainer - [hivemq-test-hivemq-platform] [hivemq-platform-operator] [411f7c72] 18:37:43.976 [main] INFO  c.h.p.o.HiveMQPlatformOperatorApplication - HiveMQ Platform Operator is running in namespace: customclusterdomainnameit-operator
2025-01-29 18:37:43,979 INFO c.h.h.t.HelmChartContainer - [hivemq-test-hivemq-platform] [hivemq-platform-operator] [411f7c72] 18:37:43.976 [main] INFO  c.h.p.o.HiveMQPlatformOperatorApplication - Watching all namespaces
2025-01-29 18:37:43,979 INFO c.h.h.t.HelmChartContainer - [hivemq-test-hivemq-platform] [hivemq-platform-operator] [411f7c72] 18:37:43.977 [main] INFO  c.h.p.o.HiveMQPlatformOperatorApplication - Log level: DEBUG
2025-01-29 18:37:43,979 INFO c.h.h.t.HelmChartContainer - [hivemq-test-hivemq-platform] [hivemq-platform-operator] [411f7c72] 18:37:43.977 [main] INFO  c.h.p.o.HiveMQPlatformOperatorApplication - Release name: test-hivemq-platform-operator
2025-01-29 18:37:43,979 INFO c.h.h.t.HelmChartContainer - [hivemq-test-hivemq-platform] [hivemq-platform-operator] [411f7c72] 18:37:43.977 [main] INFO  c.h.p.o.HiveMQPlatformOperatorApplication - HiveMQ Platform Operator Init image: docker.io/hivemq/hivemq-platform-operator-init-test:snapshot
2025-01-29 18:37:43,979 INFO c.h.h.t.HelmChartContainer - [hivemq-test-hivemq-platform] [hivemq-platform-operator] [411f7c72] 18:37:43.977 [main] INFO  c.h.p.o.HiveMQPlatformOperatorApplication - HiveMQ Platform Operator Init App update URL: http://hivemq-platform-operator-test-hivemq-platform-operator.customclusterdomainnameit-operator.svc:8080/initAppUpdate/hivemq-platform-operator-init-app-1.7.0-SNAPSHOT.jar
2025-01-29 18:37:43,979 INFO c.h.h.t.HelmChartContainer - [hivemq-test-hivemq-platform] [hivemq-platform-operator] [411f7c72] 18:37:43.977 [main] INFO  c.h.p.o.HiveMQPlatformOperatorApplication - Additional imagePullSecret for all Platform deployments: none
2025-01-29 18:37:43,979 INFO c.h.h.t.HelmChartContainer - [hivemq-test-hivemq-platform] [hivemq-platform-operator] [411f7c72] 18:37:43.977 [main] INFO  c.h.p.o.HiveMQPlatformOperatorApplication - Apply HiveMQ Platform CRD: true
2025-01-29 18:37:43,979 INFO c.h.h.t.HelmChartContainer - [hivemq-test-hivemq-platform] [hivemq-platform-operator] [411f7c72] 18:37:43.977 [main] INFO  c.h.p.o.HiveMQPlatformOperatorApplication - Create Platform ServiceAccount: true
2025-01-29 18:37:43,979 INFO c.h.h.t.HelmChartContainer - [hivemq-test-hivemq-platform] [hivemq-platform-operator] [411f7c72] 18:37:43.977 [main] INFO  c.h.p.o.HiveMQPlatformOperatorApplication - Create Platform ServiceAccount permissions: true
2025-01-29 18:37:43,979 INFO c.h.h.t.HelmChartContainer - [hivemq-test-hivemq-platform] [hivemq-platform-operator] [411f7c72] 18:37:43.977 [main] INFO  c.h.p.o.HiveMQPlatformOperatorApplication - Validate Platform ServiceAccount: true
2025-01-29 18:37:43,979 INFO c.h.h.t.HelmChartContainer - [hivemq-test-hivemq-platform] [hivemq-platform-operator] [411f7c72] 18:37:43.977 [main] INFO  c.h.p.o.HiveMQPlatformOperatorApplication - Validate Platform ServiceAccount permissions: true
2025-01-29 18:37:44,177 INFO c.h.h.t.HelmChartContainer - [hivemq-test-hivemq-platform] [hivemq-platform-operator] [411f7c72] 18:37:44.176 [main] INFO  c.h.platform.operator.util.CRDUtil - Verifying deployed HiveMQ Platform CRD...
2025-01-29 18:37:46,504 INFO c.h.h.t.HelmChartContainer - [POD] metrics-server-8584b5786c-kvgf6 [394b9c1b-9d48-495f-a7bc-cfee87bf14dd] in kube-system was MODIFIED
2025-01-29 18:37:46,514 INFO c.h.h.t.HelmChartContainer - [K3S] [replica_set.go:679] "Finished syncing" kind="ReplicaSet" key="kube-system/metrics-server-8584b5786c" duration="10.466864ms"
2025-01-29 18:37:46,514 INFO c.h.h.t.HelmChartContainer - [K3S] [replica_set.go:679] "Finished syncing" kind="ReplicaSet" key="kube-system/metrics-server-8584b5786c" duration="29.986µs"
2025-01-29 18:37:46,666 INFO c.h.h.t.HelmChartContainer - [hivemq-test-hivemq-platform] [hivemq-platform-operator] [411f7c72] 18:37:46.665 [main] DEBUG c.h.platform.operator.util.CRDUtil - HiveMQ Platform CRD version v1 is up to date
2025-01-29 18:37:46,667 INFO c.h.h.t.HelmChartContainer - [hivemq-test-hivemq-platform] [hivemq-platform-operator] [411f7c72] 18:37:46.665 [main] INFO  c.h.platform.operator.util.CRDUtil - HiveMQ Platform CRD is up to date (version: V1_6_0)
2025-01-29 18:37:46,667 INFO c.h.h.t.HelmChartContainer - [hivemq-test-hivemq-platform] [hivemq-platform-operator] [411f7c72] 18:37:46.665 [main] INFO  c.h.platform.operator.util.CRDUtil - Waiting 10000 ms for HiveMQ Platform CRD 'hivemq-platforms.hivemq.com' to become ready...
2025-01-29 18:37:46,970 INFO c.h.h.t.HelmChartContainer - [hivemq-test-hivemq-platform] [hivemq-platform-operator] [411f7c72] 18:37:46.967 [vert.x-eventloop-thread-1] DEBUG c.h.platform.operator.util.CRDUtil - Checking CRD condition 'NamesAccepted' (status: 'True')
2025-01-29 18:37:46,970 INFO c.h.h.t.HelmChartContainer - [hivemq-test-hivemq-platform] [hivemq-platform-operator] [411f7c72] 18:37:46.967 [vert.x-eventloop-thread-1] DEBUG c.h.platform.operator.util.CRDUtil - Checking CRD condition 'Established' (status: 'True')
2025-01-29 18:37:46,971 INFO c.h.h.t.HelmChartContainer - [hivemq-test-hivemq-platform] [hivemq-platform-operator] [411f7c72] 18:37:46.968 [main] INFO  c.h.platform.operator.util.CRDUtil - HiveMQ Platform CRD 'hivemq-platforms.hivemq.com' is ready
2025-01-29 18:37:47,166 INFO c.h.h.t.HelmChartContainer - [hivemq-test-hivemq-platform] [hivemq-platform-operator] [411f7c72] 18:37:47.164 [main] INFO  c.h.p.o.HiveMQPlatformReconciler - HiveMQ Platform Operator is starting...
2025-01-29 18:37:47,267 INFO c.h.h.t.HelmChartContainer - [hivemq-test-hivemq-platform] [hivemq-platform-operator] [411f7c72] 18:37:47.265 [main] WARN  Default ConfigurationService implementation - Configuration for reconciler 'hivemq-controller' was not found. Known reconcilers: None.
2025-01-29 18:37:47,273 INFO c.h.h.t.HelmChartContainer - [hivemq-test-hivemq-platform] [hivemq-platform-operator] [411f7c72] 18:37:47.272 [main] INFO  Default ConfigurationService implementation - Created configuration for reconciler com.hivemq.platform.operator.HiveMQPlatformReconciler with name hivemq-controller
2025-01-29 18:37:47,377 INFO c.h.h.t.HelmChartContainer - [hivemq-test-hivemq-platform] [hivemq-platform-operator] [411f7c72] 18:37:47.375 [main] DEBUG c.h.p.o.HiveMQPlatformReconciler - HiveMQ Platform Operator is preparing EventSources
2025-01-29 18:37:47,466 INFO c.h.h.t.HelmChartContainer - [hivemq-test-hivemq-platform] [hivemq-platform-operator] [411f7c72] 18:37:47.464 [main] INFO  i.javaoperatorsdk.operator.Operator - Registered reconciler: 'hivemq-controller' for resource: 'class com.hivemq.platform.operator.v1.HiveMQPlatform' for namespace(s): [all namespaces]
2025-01-29 18:37:48,073 INFO c.h.h.t.HelmChartContainer - [hivemq-test-hivemq-platform] [hivemq-platform-operator] [411f7c72] 18:37:48.071 [main] INFO  c.h.p.operator.webserver.JettyServer - Starting Jetty server on port 8080
2025-01-29 18:37:48,171 INFO c.h.h.t.HelmChartContainer - [hivemq-test-hivemq-platform] [hivemq-platform-operator] [411f7c72] 18:37:48.170 [main] INFO  i.javaoperatorsdk.operator.Operator - Operator SDK 4.9.7 (commit: 2133d28) built on Wed Nov 20 12:56:20 UTC 2024 starting...
2025-01-29 18:37:48,171 INFO c.h.h.t.HelmChartContainer - [hivemq-test-hivemq-platform] [hivemq-platform-operator] [411f7c72] 18:37:48.170 [main] INFO  i.javaoperatorsdk.operator.Operator - Client version: 6.13.5
2025-01-29 18:37:48,173 INFO c.h.h.t.HelmChartContainer - [hivemq-test-hivemq-platform] [hivemq-platform-operator] [411f7c72] 18:37:48.171 [Controller Starter for: hivemq-controller] INFO  i.j.operator.processing.Controller - Starting 'hivemq-controller' controller for reconciler: com.hivemq.platform.operator.HiveMQPlatformReconciler, resource: com.hivemq.platform.operator.v1.HiveMQPlatform
2025-01-29 18:37:49,316 INFO c.h.h.t.HelmChartContainer - [K3S] [range_allocator.go:247] "Successfully synced" key="ad3d5c572cb1"
2025-01-29 18:37:50,673 INFO c.h.h.t.HelmChartContainer - [hivemq-test-hivemq-platform] [hivemq-platform-operator] [411f7c72] 18:37:50.671 [Controller Starter for: hivemq-controller] INFO  i.j.operator.processing.Controller - 'hivemq-controller' controller started
2025-01-29 18:37:50,761 INFO c.h.h.t.HelmChartContainer - [hivemq-test-hivemq-platform] [hivemq-platform-operator] [411f7c72] 18:37:50.672 [main] INFO  c.h.p.o.HiveMQPlatformOperatorApplication - HiveMQ Platform Operator 1.7.0-SNAPSHOT started in 6704 ms
2025-01-29 18:37:51,525 INFO c.h.h.t.HelmChartContainer - [POD] hivemq-test-hivemq-platform-operator-6966f96d65-f8rnd [411f7c72-37c8-460f-842c-0310d4d2f7d6] in customclusterdomainnameit-operator was MODIFIED
2025-01-29 18:37:51,540 INFO c.h.h.t.HelmChartContainer - [K3S] [replica_set.go:679] "Finished syncing" kind="ReplicaSet" key="customclusterdomainnameit-operator/hivemq-test-hivemq-platform-operator-6966f96d65" duration="17.914844ms"
2025-01-29 18:37:51,547 INFO c.h.h.t.HelmChartContainer - [K3S] [replica_set.go:679] "Finished syncing" kind="ReplicaSet" key="customclusterdomainnameit-operator/hivemq-test-hivemq-platform-operator-6966f96d65" duration="45.325µs"
2025-01-29 18:37:53,313 DEBUG c.h.h.t.HelmChartContainer - Executing helm command: /bin/helm --kubeconfig /etc/rancher/k3s/k3s.yaml install test-hivemq-platform /charts/hivemq-platform --wait --timeout 5m0s --set image.repository=docker.io/hivemq --set image.tag=4.36.0 --set image.pullPolicy=Never --set nodes.resources.cpu=512m -f /files/mqtt-values.yaml --namespace customclusterdomainnameit
2025-01-29 18:37:53,544 INFO c.h.h.t.HelmChartContainer - [hivemq-test-hivemq-platform] [hivemq-platform-operator] [411f7c72] 18:37:53.541 [-2082509879-pool-1-thread-1] WARN  i.m.p.PrometheusMeterRegistry - The meter (MeterId{name='operator.sdk.events.received', tags=[tag(action=ADDED),tag(event=ResourceEvent),tag(group=hivemq.com),tag(kind=HiveMQPlatform),tag(name=test-hivemq-platform),tag(namespace=customclusterdomainnameit),tag(scope=namespace),tag(version=v1)]}) registration has failed: Prometheus requires that all meters with the same name have the same set of tag keys. There is already an existing meter named 'operator.sdk.events.received' containing tag keys [event, group, kind, name, namespace, scope, version]. The meter you are attempting to register has keys [action, event, group, kind, name, namespace, scope, version]. Note that subsequent logs will be logged at debug level.
2025-01-29 18:37:53,964 INFO c.h.h.t.HelmChartContainer - [hivemq-test-hivemq-platform] [hivemq-platform-operator] [411f7c72] 18:37:53.963 [pool-6-thread-3] DEBUG c.h.p.o.dependants.PodInfoConfigMap - [customcl] Desired PodInfo ConfigMap (1 extensions) (1 enabled)
2025-01-29 18:37:53,965 INFO c.h.h.t.HelmChartContainer - [hivemq-test-hivemq-platform] [hivemq-platform-operator] [411f7c72] 18:37:53.964 [pool-6-thread-3] DEBUG c.h.p.o.dependants.PodInfoConfigMap - [customcl] Desired PodInfo ConfigMap (metrics port: 9399) (metrics path: /)
2025-01-29 18:37:53,966 INFO c.h.h.t.HelmChartContainer - [hivemq-test-hivemq-platform] [hivemq-platform-operator] [411f7c72] 18:37:53.964 [pool-6-thread-3] DEBUG c.h.p.o.dependants.PodInfoConfigMap - [customcl] Desired PodInfo ConfigMap (extension state hash: -1817474005)
2025-01-29 18:37:54,028 INFO c.h.h.t.HelmChartContainer - [hivemq-test-hivemq-platform] [hivemq-platform-operator] [411f7c72] 18:37:54.026 [pool-6-thread-3] DEBUG c.h.p.o.dependants.PodInfoConfigMap - [customcl] Create PodInfo ConfigMap
2025-01-29 18:37:54,136 INFO c.h.h.t.HelmChartContainer - [hivemq-test-hivemq-platform] [hivemq-platform-operator] [411f7c72] 18:37:54.131 [pool-6-thread-5] DEBUG c.h.p.o.dependants.PodRoleResource - [customcl] Create Role: Role(apiVersion=rbac.authorization.k8s.io/v1, kind=Role, metadata=ObjectMeta(annotations={meta.helm.sh/release-name=test-hivemq-platform, meta.helm.sh/release-namespace=customclusterdomainnameit}, creationTimestamp=null, deletionGracePeriodSeconds=null, deletionTimestamp=null, finalizers=[], generateName=null, generation=null, labels={helm.sh/chart=hivemq-platform-0.2.32, app.kubernetes.io/managed-by=Helm, app.kubernetes.io/name=hivemq-platform, hivemq-platform=test-hivemq-platform, app.kubernetes.io/instance=test-hivemq-platform, app.kubernetes.io/version=4.36.0}, managedFields=[], name=hivemq-platform-role-test-hivemq-platform, namespace=customclusterdomainnameit, ownerReferences=[OwnerReference(apiVersion=hivemq.com/v1, blockOwnerDeletion=null, controller=null, kind=HiveMQPlatform, name=test-hivemq-platform, uid=95d41404-a72b-4689-ac9f-712dfe32383b, additionalProperties={})], resourceVersion=null, selfLink=null, uid=null, additionalProperties={}), rules=[PolicyRule(apiGroups=[], nonResourceURLs=[], resourceNames=[], resources=[pods], verbs=[get, patch, update], additionalProperties={})], additionalProperties={})
2025-01-29 18:37:54,237 INFO c.h.h.t.HelmChartContainer - [hivemq-test-hivemq-platform] [hivemq-platform-operator] [411f7c72] 18:37:54.234 [pool-6-thread-7] DEBUG c.h.p.o.d.PodServiceAccountResource - [customcl] Desired PodServiceAccountResource (serviceAccountName: hivemq-platform-pod-test-hivemq-platform)
2025-01-29 18:37:54,237 INFO c.h.h.t.HelmChartContainer - [hivemq-test-hivemq-platform] [hivemq-platform-operator] [411f7c72] 18:37:54.235 [pool-6-thread-7] DEBUG c.h.p.o.d.PodServiceAccountResource - [customcl] Create ServiceAccount 'hivemq-platform-pod-test-hivemq-platform'
2025-01-29 18:37:54,429 INFO c.h.h.t.HelmChartContainer - [hivemq-test-hivemq-platform] [hivemq-platform-operator] [411f7c72] 18:37:54.428 [pool-6-thread-10] DEBUG c.h.p.o.d.PodRoleBindingResource - [customcl] Create RoleBinding: RoleBinding(apiVersion=rbac.authorization.k8s.io/v1, kind=RoleBinding, metadata=ObjectMeta(annotations={meta.helm.sh/release-name=test-hivemq-platform, meta.helm.sh/release-namespace=customclusterdomainnameit}, creationTimestamp=null, deletionGracePeriodSeconds=null, deletionTimestamp=null, finalizers=[], generateName=null, generation=null, labels={helm.sh/chart=hivemq-platform-0.2.32, app.kubernetes.io/managed-by=Helm, app.kubernetes.io/name=hivemq-platform, hivemq-platform=test-hivemq-platform, app.kubernetes.io/instance=test-hivemq-platform, app.kubernetes.io/version=4.36.0}, managedFields=[], name=hivemq-platform-role-binding-test-hivemq-platform, namespace=customclusterdomainnameit, ownerReferences=[OwnerReference(apiVersion=hivemq.com/v1, blockOwnerDeletion=null, controller=null, kind=HiveMQPlatform, name=test-hivemq-platform, uid=95d41404-a72b-4689-ac9f-712dfe32383b, additionalProperties={})], resourceVersion=null, selfLink=null, uid=null, additionalProperties={}), roleRef=RoleRef(apiGroup=rbac.authorization.k8s.io, kind=Role, name=hivemq-platform-role-test-hivemq-platform, additionalProperties={}), subjects=[Subject(apiGroup=null, kind=ServiceAccount, name=hivemq-platform-pod-test-hivemq-platform, namespace=customclusterdomainnameit, additionalProperties={})], additionalProperties={})
2025-01-29 18:37:54,466 INFO c.h.h.t.HelmChartContainer - [hivemq-test-hivemq-platform] [hivemq-platform-operator] [411f7c72] 18:37:54.464 [ReconcilerExecutor-hivemq-controller-54] INFO  c.h.p.o.HiveMQPlatformReconciler - [customcl] Reconciling HiveMQ Platform 'test-hivemq-platform' in namespace 'customclusterdomainnameit'
2025-01-29 18:37:54,466 INFO c.h.h.t.HelmChartContainer - [hivemq-test-hivemq-platform] [hivemq-platform-operator] [411f7c72] 18:37:54.464 [ReconcilerExecutor-hivemq-controller-54] DEBUG c.h.p.o.HiveMQPlatformReconciler - [customcl] Custom Resource Status CREATED - HiveMQ Platform was created (READY)
2025-01-29 18:37:54,466 INFO c.h.h.t.HelmChartContainer - [hivemq-test-hivemq-platform] [hivemq-platform-operator] [411f7c72] 18:37:54.465 [ReconcilerExecutor-hivemq-controller-54] DEBUG c.h.p.o.HiveMQPlatformReconciler - [customcl] Custom Resource Spec (replicas: 1) (extensions: 1)
2025-01-29 18:37:54,528 INFO c.h.h.t.HelmChartContainer - [hivemq-test-hivemq-platform] [hivemq-platform-operator] [411f7c72] 18:37:54.527 [ReconcilerExecutor-hivemq-controller-54] INFO  c.h.p.o.h.HiveMQPlatformReconcilerBaseHandler - [customcl] HiveMQ Platform is starting
2025-01-29 18:37:54,633 INFO c.h.h.t.HelmChartContainer - [hivemq-test-hivemq-platform] [hivemq-platform-operator] [411f7c72] 18:37:54.632 [ReconcilerExecutor-hivemq-controller-54] DEBUG c.h.p.operator.event.EventSender - [customcl] Creating K8s event hivemq-platform-starting: [Start] HiveMQ Platform is starting
2025-01-29 18:37:54,642 INFO c.h.h.t.HelmChartContainer - [EVENT] Normal [Start] HiveMQ Platform is starting [customclusterdomainnameit:test-hivemq-platform]
2025-01-29 18:37:54,663 INFO c.h.h.t.HelmChartContainer - [hivemq-test-hivemq-platform] [hivemq-platform-operator] [411f7c72] 18:37:54.661 [ReconcilerExecutor-hivemq-controller-54] INFO  c.h.p.o.h.AbstractHiveMQReconcilerStateHandler - [customcl] Update HiveMQ Platform Status (CREATED [READY] -> STARTING [READY]): HiveMQ Platform is starting
2025-01-29 18:37:54,738 DEBUG com.hivemq.helmcharts.util.K8sUtil - Comparing actual state 'STARTING' and waiting for 'RUNNING'
2025-01-29 18:38:04,746 INFO c.h.h.t.HelmChartContainer - [hivemq-test-hivemq-platform] [hivemq-platform-operator] [411f7c72] 18:38:04.745 [pool-6-thread-12] DEBUG c.h.p.o.d.PlatformServiceResource - [customcl] Desired Platform services (2 services)
2025-01-29 18:38:04,749 INFO c.h.h.t.HelmChartContainer - [hivemq-test-hivemq-platform] [hivemq-platform-operator] [411f7c72] 18:38:04.747 [pool-6-thread-13] DEBUG c.h.p.o.dependants.PodInfoConfigMap - [customcl] Desired PodInfo ConfigMap (1 extensions) (1 enabled)
2025-01-29 18:38:04,749 INFO c.h.h.t.HelmChartContainer - [hivemq-test-hivemq-platform] [hivemq-platform-operator] [411f7c72] 18:38:04.747 [pool-6-thread-13] DEBUG c.h.p.o.dependants.PodInfoConfigMap - [customcl] Desired PodInfo ConfigMap (metrics port: 9399) (metrics path: /)
2025-01-29 18:38:04,749 INFO c.h.h.t.HelmChartContainer - [hivemq-test-hivemq-platform] [hivemq-platform-operator] [411f7c72] 18:38:04.747 [pool-6-thread-13] DEBUG c.h.p.o.dependants.PodInfoConfigMap - [customcl] Desired PodInfo ConfigMap (extension state hash: -1817474005)
2025-01-29 18:38:04,753 INFO c.h.h.t.HelmChartContainer - [hivemq-test-hivemq-platform] [hivemq-platform-operator] [411f7c72] 18:38:04.752 [pool-6-thread-17] DEBUG c.h.p.o.d.PodServiceAccountResource - [customcl] Desired PodServiceAccountResource (serviceAccountName: hivemq-platform-pod-test-hivemq-platform)
2025-01-29 18:38:04,756 INFO c.h.h.t.HelmChartContainer - [hivemq-test-hivemq-platform] [hivemq-platform-operator] [411f7c72] 18:38:04.755 [pool-6-thread-13] DEBUG c.h.p.o.dependants.PodInfoConfigMap - [customcl] Update PodInfo ConfigMap
2025-01-29 18:38:04,763 INFO c.h.h.t.HelmChartContainer - [K3S] [alloc.go:330] "allocated clusterIPs" service="customclusterdomainnameit/hivemq-test-hivemq-platform-metrics-9399" clusterIPs={"IPv4":"10.43.5.242"}
2025-01-29 18:38:04,838 INFO c.h.h.t.HelmChartContainer - [K3S] [alloc.go:330] "allocated clusterIPs" service="customclusterdomainnameit/hivemq-test-hivemq-platform-mqtt-1884" clusterIPs={"IPv4":"10.43.180.157"}
2025-01-29 18:38:04,931 INFO c.h.h.t.HelmChartContainer - [hivemq-test-hivemq-platform] [hivemq-platform-operator] [411f7c72] 18:38:04.930 [pool-6-thread-20] DEBUG c.h.p.o.d.StatefulSetResource - [customcl] Desired StatefulSet (1 replicas) for status STARTING (READY)
2025-01-29 18:38:04,960 INFO c.h.h.t.HelmChartContainer - [hivemq-test-hivemq-platform] [hivemq-platform-operator] [411f7c72] 18:38:04.959 [pool-6-thread-20] DEBUG c.h.p.o.d.StatefulSetResource - [customcl] Create StatefulSet
2025-01-29 18:38:05,065 INFO c.h.h.t.HelmChartContainer - [POD] test-hivemq-platform-0 [3ffae191-96a0-455c-8cbb-5b9815495464] in customclusterdomainnameit was ADDED
2025-01-29 18:38:05,067 INFO c.h.h.t.HelmChartContainer - [EVENT] Normal [SuccessfulCreate] create Pod test-hivemq-platform-0 in StatefulSet test-hivemq-platform successful [customclusterdomainnameit:test-hivemq-platform]
2025-01-29 18:38:05,070 INFO c.h.h.t.HelmChartContainer - [POD] test-hivemq-platform-0 [3ffae191-96a0-455c-8cbb-5b9815495464] in customclusterdomainnameit was MODIFIED
2025-01-29 18:38:05,072 INFO c.h.h.t.HelmChartContainer - [EVENT] Normal [Scheduled] Successfully assigned customclusterdomainnameit/test-hivemq-platform-0 to ad3d5c572cb1 [customclusterdomainnameit:test-hivemq-platform-0]
2025-01-29 18:38:05,082 INFO c.h.h.t.HelmChartContainer - [POD] test-hivemq-platform-0 [3ffae191-96a0-455c-8cbb-5b9815495464] in customclusterdomainnameit was MODIFIED
2025-01-29 18:38:05,122 INFO c.h.h.t.HelmChartContainer - [K3S] [reconciler_common.go:251] "operationExecutor.VerifyControllerAttachedVolume started for volume \"broker-configuration\" (UniqueName: \"kubernetes.io/configmap/3ffae191-96a0-455c-8cbb-5b9815495464-broker-configuration\") pod \"test-hivemq-platform-0\" (UID: \"3ffae191-96a0-455c-8cbb-5b9815495464\") " pod="customclusterdomainnameit/test-hivemq-platform-0"
2025-01-29 18:38:05,122 INFO c.h.h.t.HelmChartContainer - [K3S] [reconciler_common.go:251] "operationExecutor.VerifyControllerAttachedVolume started for volume \"operator-init\" (UniqueName: \"kubernetes.io/empty-dir/3ffae191-96a0-455c-8cbb-5b9815495464-operator-init\") pod \"test-hivemq-platform-0\" (UID: \"3ffae191-96a0-455c-8cbb-5b9815495464\") " pod="customclusterdomainnameit/test-hivemq-platform-0"
2025-01-29 18:38:05,122 INFO c.h.h.t.HelmChartContainer - [K3S] [reconciler_common.go:251] "operationExecutor.VerifyControllerAttachedVolume started for volume \"pod-info\" (UniqueName: \"kubernetes.io/configmap/3ffae191-96a0-455c-8cbb-5b9815495464-pod-info\") pod \"test-hivemq-platform-0\" (UID: \"3ffae191-96a0-455c-8cbb-5b9815495464\") " pod="customclusterdomainnameit/test-hivemq-platform-0"
2025-01-29 18:38:05,122 INFO c.h.h.t.HelmChartContainer - [K3S] [reconciler_common.go:251] "operationExecutor.VerifyControllerAttachedVolume started for volume \"kube-api-access-sxxw7\" (UniqueName: \"kubernetes.io/projected/3ffae191-96a0-455c-8cbb-5b9815495464-kube-api-access-sxxw7\") pod \"test-hivemq-platform-0\" (UID: \"3ffae191-96a0-455c-8cbb-5b9815495464\") " pod="customclusterdomainnameit/test-hivemq-platform-0"
2025-01-29 18:38:05,138 INFO c.h.h.t.HelmChartContainer - [hivemq-test-hivemq-platform] [hivemq-platform-operator] [411f7c72] 18:38:05.134 [ReconcilerExecutor-hivemq-controller-65] INFO  c.h.p.o.HiveMQPlatformReconciler - [customcl] Reconciling HiveMQ Platform 'test-hivemq-platform' in namespace 'customclusterdomainnameit'
2025-01-29 18:38:05,138 INFO c.h.h.t.HelmChartContainer - [hivemq-test-hivemq-platform] [hivemq-platform-operator] [411f7c72] 18:38:05.134 [ReconcilerExecutor-hivemq-controller-65] DEBUG c.h.p.o.HiveMQPlatformReconciler - [customcl] Custom Resource Status STARTING - HiveMQ Platform is starting (READY)
2025-01-29 18:38:05,138 INFO c.h.h.t.HelmChartContainer - [hivemq-test-hivemq-platform] [hivemq-platform-operator] [411f7c72] 18:38:05.134 [ReconcilerExecutor-hivemq-controller-65] DEBUG c.h.p.o.HiveMQPlatformReconciler - [customcl] Custom Resource Spec (replicas: 1) (extensions: 1)
2025-01-29 18:38:05,140 INFO c.h.h.t.HelmChartContainer - [hivemq-test-hivemq-platform] [hivemq-platform-operator] [411f7c72] 18:38:05.139 [ReconcilerExecutor-hivemq-controller-65] DEBUG c.h.p.o.HiveMQPlatformReconciler - [customcl] StatefulSet Status (revision: test-hivemq-platform-5bf899b4bb, replicas: 1, available: 0, ready: 0, current: 1, updated: 1)
2025-01-29 18:38:05,141 INFO c.h.h.t.HelmChartContainer - [hivemq-test-hivemq-platform] [hivemq-platform-operator] [411f7c72] 18:38:05.140 [ReconcilerExecutor-hivemq-controller-65] DEBUG c.h.p.o.HiveMQPlatformReconciler - [customcl] StatefulSet Spec (replicas: 1, init containers: 1, containers: 1, volumes: 3)
2025-01-29 18:38:05,238 INFO c.h.h.t.HelmChartContainer - [hivemq-test-hivemq-platform] [hivemq-platform-operator] [411f7c72] 18:38:05.236 [ReconcilerExecutor-hivemq-controller-65] DEBUG c.h.p.o.h.HiveMQPlatformReconcilerErrorHandler - [customcl] Pod 'test-hivemq-platform-0' phase Pending
2025-01-29 18:38:05,241 INFO c.h.h.t.HelmChartContainer - [hivemq-test-hivemq-platform] [hivemq-platform-operator] [411f7c72] 18:38:05.240 [ReconcilerExecutor-hivemq-controller-65] INFO  c.h.p.o.h.HiveMQPlatformReconcilerBaseHandler - [customcl] HiveMQ Platform is starting, 0 of 1 replicas are ready
2025-01-29 18:38:05,332 INFO c.h.h.t.HelmChartContainer - [hivemq-test-hivemq-platform] [hivemq-platform-operator] [411f7c72] 18:38:05.328 [pool-6-thread-22] DEBUG c.h.p.o.d.PlatformServiceResource - [customcl] Desired Platform services (2 services)
2025-01-29 18:38:05,333 INFO c.h.h.t.HelmChartContainer - [hivemq-test-hivemq-platform] [hivemq-platform-operator] [411f7c72] 18:38:05.330 [pool-6-thread-23] DEBUG c.h.p.o.dependants.PodInfoConfigMap - [customcl] Desired PodInfo ConfigMap (1 extensions) (1 enabled)
2025-01-29 18:38:05,333 INFO c.h.h.t.HelmChartContainer - [hivemq-test-hivemq-platform] [hivemq-platform-operator] [411f7c72] 18:38:05.330 [pool-6-thread-23] DEBUG c.h.p.o.dependants.PodInfoConfigMap - [customcl] Desired PodInfo ConfigMap (metrics port: 9399) (metrics path: /)
2025-01-29 18:38:05,334 INFO c.h.h.t.HelmChartContainer - [hivemq-test-hivemq-platform] [hivemq-platform-operator] [411f7c72] 18:38:05.330 [pool-6-thread-23] DEBUG c.h.p.o.dependants.PodInfoConfigMap - [customcl] Desired PodInfo ConfigMap (extension state hash: -1817474005)
2025-01-29 18:38:05,335 INFO c.h.h.t.HelmChartContainer - [hivemq-test-hivemq-platform] [hivemq-platform-operator] [411f7c72] 18:38:05.333 [pool-6-thread-27] DEBUG c.h.p.o.d.PodServiceAccountResource - [customcl] Desired PodServiceAccountResource (serviceAccountName: hivemq-platform-pod-test-hivemq-platform)
2025-01-29 18:38:05,341 INFO c.h.h.t.HelmChartContainer - [hivemq-test-hivemq-platform] [hivemq-platform-operator] [411f7c72] 18:38:05.340 [pool-6-thread-30] DEBUG c.h.p.o.d.StatefulSetResource - [customcl] Desired StatefulSet (1 replicas) for status STARTING (READY)
2025-01-29 18:38:05,431 INFO c.h.h.t.HelmChartContainer - [hivemq-test-hivemq-platform] [hivemq-platform-operator] [411f7c72] 18:38:05.428 [ReconcilerExecutor-hivemq-controller-76] INFO  c.h.p.o.HiveMQPlatformReconciler - [customcl] Reconciling HiveMQ Platform 'test-hivemq-platform' in namespace 'customclusterdomainnameit'
2025-01-29 18:38:05,432 INFO c.h.h.t.HelmChartContainer - [hivemq-test-hivemq-platform] [hivemq-platform-operator] [411f7c72] 18:38:05.429 [ReconcilerExecutor-hivemq-controller-76] DEBUG c.h.p.o.HiveMQPlatformReconciler - [customcl] Custom Resource Status STARTING - HiveMQ Platform is starting (READY)
2025-01-29 18:38:05,432 INFO c.h.h.t.HelmChartContainer - [hivemq-test-hivemq-platform] [hivemq-platform-operator] [411f7c72] 18:38:05.429 [ReconcilerExecutor-hivemq-controller-76] DEBUG c.h.p.o.HiveMQPlatformReconciler - [customcl] Custom Resource Spec (replicas: 1) (extensions: 1)
2025-01-29 18:38:05,435 INFO c.h.h.t.HelmChartContainer - [hivemq-test-hivemq-platform] [hivemq-platform-operator] [411f7c72] 18:38:05.434 [ReconcilerExecutor-hivemq-controller-76] DEBUG c.h.p.o.HiveMQPlatformReconciler - [customcl] StatefulSet Status (revision: test-hivemq-platform-5bf899b4bb, replicas: 1, available: 0, ready: 0, current: 1, updated: 1)
2025-01-29 18:38:05,435 INFO c.h.h.t.HelmChartContainer - [hivemq-test-hivemq-platform] [hivemq-platform-operator] [411f7c72] 18:38:05.434 [ReconcilerExecutor-hivemq-controller-76] DEBUG c.h.p.o.HiveMQPlatformReconciler - [customcl] StatefulSet Spec (replicas: 1, init containers: 1, containers: 1, volumes: 3)
2025-01-29 18:38:05,443 INFO c.h.h.t.HelmChartContainer - [hivemq-test-hivemq-platform] [hivemq-platform-operator] [411f7c72] 18:38:05.442 [ReconcilerExecutor-hivemq-controller-76] DEBUG c.h.p.o.h.HiveMQPlatformReconcilerErrorHandler - [customcl] Pod 'test-hivemq-platform-0' phase Pending
2025-01-29 18:38:05,445 INFO c.h.h.t.HelmChartContainer - [hivemq-test-hivemq-platform] [hivemq-platform-operator] [411f7c72] 18:38:05.443 [ReconcilerExecutor-hivemq-controller-76] DEBUG c.h.p.o.h.HiveMQPlatformReconcilerErrorHandler - [customcl] Pod 'test-hivemq-platform-0' condition 'PodReadyToStartContainers': False
2025-01-29 18:38:05,445 INFO c.h.h.t.HelmChartContainer - [hivemq-test-hivemq-platform] [hivemq-platform-operator] [411f7c72] 18:38:05.443 [ReconcilerExecutor-hivemq-controller-76] DEBUG c.h.p.o.h.HiveMQPlatformReconcilerErrorHandler - [customcl] Pod 'test-hivemq-platform-0' condition 'Initialized': False
2025-01-29 18:38:05,445 INFO c.h.h.t.HelmChartContainer - [hivemq-test-hivemq-platform] [hivemq-platform-operator] [411f7c72] 18:38:05.443 [ReconcilerExecutor-hivemq-controller-76] DEBUG c.h.p.o.h.HiveMQPlatformReconcilerErrorHandler - [customcl] Pod 'test-hivemq-platform-0' condition 'Ready': False
2025-01-29 18:38:05,445 INFO c.h.h.t.HelmChartContainer - [hivemq-test-hivemq-platform] [hivemq-platform-operator] [411f7c72] 18:38:05.443 [ReconcilerExecutor-hivemq-controller-76] DEBUG c.h.p.o.h.HiveMQPlatformReconcilerErrorHandler - [customcl] Pod 'test-hivemq-platform-0' condition 'ContainersReady': False
2025-01-29 18:38:05,445 INFO c.h.h.t.HelmChartContainer - [hivemq-test-hivemq-platform] [hivemq-platform-operator] [411f7c72] 18:38:05.443 [ReconcilerExecutor-hivemq-controller-76] DEBUG c.h.p.o.h.HiveMQPlatformReconcilerErrorHandler - [customcl] Pod 'test-hivemq-platform-0' condition 'PodScheduled': True
2025-01-29 18:38:05,447 INFO c.h.h.t.HelmChartContainer - [hivemq-test-hivemq-platform] [hivemq-platform-operator] [411f7c72] 18:38:05.444 [ReconcilerExecutor-hivemq-controller-76] DEBUG c.h.p.o.h.HiveMQPlatformReconcilerErrorHandler - [customcl] Pod 'test-hivemq-platform-0' containerStatus 'hivemq' (started: false) (ready: false) (waiting: [PodInitializing] null)
2025-01-29 18:38:05,448 INFO c.h.h.t.HelmChartContainer - [hivemq-test-hivemq-platform] [hivemq-platform-operator] [411f7c72] 18:38:05.446 [ReconcilerExecutor-hivemq-controller-76] INFO  c.h.p.o.h.HiveMQPlatformReconcilerBaseHandler - [customcl] HiveMQ Platform is starting, 0 of 1 replicas are ready
2025-01-29 18:38:05,469 INFO c.h.h.t.HelmChartContainer - [EVENT] Normal [Pulled] Container image "docker.io/hivemq/hivemq-platform-operator-init-test:snapshot" already present on machine [customclusterdomainnameit:test-hivemq-platform-0]
2025-01-29 18:38:05,480 INFO c.h.h.t.HelmChartContainer - [EVENT] Normal [Created] Created container: hivemq-platform-operator-init [customclusterdomainnameit:test-hivemq-platform-0]
2025-01-29 18:38:05,519 INFO c.h.h.t.HelmChartContainer - [EVENT] Normal [Started] Started container hivemq-platform-operator-init [customclusterdomainnameit:test-hivemq-platform-0]
2025-01-29 18:38:05,564 INFO c.h.h.t.HelmChartContainer - [POD] test-hivemq-platform-0 [3ffae191-96a0-455c-8cbb-5b9815495464] in customclusterdomainnameit was MODIFIED
2025-01-29 18:38:05,574 INFO c.h.h.t.HelmChartContainer - [hivemq-test-hivemq-platform] [hivemq-platform-operator] [411f7c72] 18:38:05.569 [pool-6-thread-32] DEBUG c.h.p.o.d.PlatformServiceResource - [customcl] Desired Platform services (2 services)
2025-01-29 18:38:05,574 INFO c.h.h.t.HelmChartContainer - [hivemq-test-hivemq-platform] [hivemq-platform-operator] [411f7c72] 18:38:05.570 [pool-6-thread-33] DEBUG c.h.p.o.dependants.PodInfoConfigMap - [customcl] Desired PodInfo ConfigMap (1 extensions) (1 enabled)
2025-01-29 18:38:05,574 INFO c.h.h.t.HelmChartContainer - [hivemq-test-hivemq-platform] [hivemq-platform-operator] [411f7c72] 18:38:05.570 [pool-6-thread-33] DEBUG c.h.p.o.dependants.PodInfoConfigMap - [customcl] Desired PodInfo ConfigMap (metrics port: 9399) (metrics path: /)
2025-01-29 18:38:05,574 INFO c.h.h.t.HelmChartContainer - [hivemq-test-hivemq-platform] [hivemq-platform-operator] [411f7c72] 18:38:05.570 [pool-6-thread-33] DEBUG c.h.p.o.dependants.PodInfoConfigMap - [customcl] Desired PodInfo ConfigMap (extension state hash: -1817474005)
2025-01-29 18:38:05,577 INFO c.h.h.t.HelmChartContainer - [hivemq-test-hivemq-platform] [hivemq-platform-operator] [411f7c72] 18:38:05.576 [pool-6-thread-37] DEBUG c.h.p.o.d.PodServiceAccountResource - [customcl] Desired PodServiceAccountResource (serviceAccountName: hivemq-platform-pod-test-hivemq-platform)
2025-01-29 18:38:05,586 INFO c.h.h.t.HelmChartContainer - [hivemq-test-hivemq-platform] [hivemq-platform-operator] [411f7c72] 18:38:05.584 [pool-6-thread-40] DEBUG c.h.p.o.d.StatefulSetResource - [customcl] Desired StatefulSet (1 replicas) for status STARTING (READY)
2025-01-29 18:38:05,662 INFO c.h.h.t.HelmChartContainer - [hivemq-test-hivemq-platform] [hivemq-platform-operator] [411f7c72] 18:38:05.660 [ReconcilerExecutor-hivemq-controller-87] INFO  c.h.p.o.HiveMQPlatformReconciler - [customcl] Reconciling HiveMQ Platform 'test-hivemq-platform' in namespace 'customclusterdomainnameit'
2025-01-29 18:38:05,662 INFO c.h.h.t.HelmChartContainer - [hivemq-test-hivemq-platform] [hivemq-platform-operator] [411f7c72] 18:38:05.660 [ReconcilerExecutor-hivemq-controller-87] DEBUG c.h.p.o.HiveMQPlatformReconciler - [customcl] Custom Resource Status STARTING - HiveMQ Platform is starting (READY)
2025-01-29 18:38:05,662 INFO c.h.h.t.HelmChartContainer - [hivemq-test-hivemq-platform] [hivemq-platform-operator] [411f7c72] 18:38:05.660 [ReconcilerExecutor-hivemq-controller-87] DEBUG c.h.p.o.HiveMQPlatformReconciler - [customcl] Custom Resource Spec (replicas: 1) (extensions: 1)
2025-01-29 18:38:05,665 INFO c.h.h.t.HelmChartContainer - [hivemq-test-hivemq-platform] [hivemq-platform-operator] [411f7c72] 18:38:05.664 [ReconcilerExecutor-hivemq-controller-87] DEBUG c.h.p.o.HiveMQPlatformReconciler - [customcl] StatefulSet Status (revision: test-hivemq-platform-5bf899b4bb, replicas: 1, available: 0, ready: 0, current: 1, updated: 1)
2025-01-29 18:38:05,666 INFO c.h.h.t.HelmChartContainer - [hivemq-test-hivemq-platform] [hivemq-platform-operator] [411f7c72] 18:38:05.664 [ReconcilerExecutor-hivemq-controller-87] DEBUG c.h.p.o.HiveMQPlatformReconciler - [customcl] StatefulSet Spec (replicas: 1, init containers: 1, containers: 1, volumes: 3)
2025-01-29 18:38:05,669 INFO c.h.h.t.HelmChartContainer - [hivemq-test-hivemq-platform] [hivemq-platform-operator] [411f7c72] 18:38:05.667 [ReconcilerExecutor-hivemq-controller-87] DEBUG c.h.p.o.h.HiveMQPlatformReconcilerErrorHandler - [customcl] Pod 'test-hivemq-platform-0' phase Pending
2025-01-29 18:38:05,670 INFO c.h.h.t.HelmChartContainer - [hivemq-test-hivemq-platform] [hivemq-platform-operator] [411f7c72] 18:38:05.667 [ReconcilerExecutor-hivemq-controller-87] DEBUG c.h.p.o.h.HiveMQPlatformReconcilerErrorHandler - [customcl] Pod 'test-hivemq-platform-0' condition 'PodReadyToStartContainers': True
2025-01-29 18:38:05,670 INFO c.h.h.t.HelmChartContainer - [hivemq-test-hivemq-platform] [hivemq-platform-operator] [411f7c72] 18:38:05.667 [ReconcilerExecutor-hivemq-controller-87] DEBUG c.h.p.o.h.HiveMQPlatformReconcilerErrorHandler - [customcl] Pod 'test-hivemq-platform-0' condition 'Initialized': False
2025-01-29 18:38:05,670 INFO c.h.h.t.HelmChartContainer - [hivemq-test-hivemq-platform] [hivemq-platform-operator] [411f7c72] 18:38:05.667 [ReconcilerExecutor-hivemq-controller-87] DEBUG c.h.p.o.h.HiveMQPlatformReconcilerErrorHandler - [customcl] Pod 'test-hivemq-platform-0' condition 'Ready': False
2025-01-29 18:38:05,670 INFO c.h.h.t.HelmChartContainer - [hivemq-test-hivemq-platform] [hivemq-platform-operator] [411f7c72] 18:38:05.667 [ReconcilerExecutor-hivemq-controller-87] DEBUG c.h.p.o.h.HiveMQPlatformReconcilerErrorHandler - [customcl] Pod 'test-hivemq-platform-0' condition 'ContainersReady': False
2025-01-29 18:38:05,671 INFO c.h.h.t.HelmChartContainer - [hivemq-test-hivemq-platform] [hivemq-platform-operator] [411f7c72] 18:38:05.667 [ReconcilerExecutor-hivemq-controller-87] DEBUG c.h.p.o.h.HiveMQPlatformReconcilerErrorHandler - [customcl] Pod 'test-hivemq-platform-0' condition 'PodScheduled': True
2025-01-29 18:38:05,671 INFO c.h.h.t.HelmChartContainer - [hivemq-test-hivemq-platform] [hivemq-platform-operator] [411f7c72] 18:38:05.668 [ReconcilerExecutor-hivemq-controller-87] DEBUG c.h.p.o.h.HiveMQPlatformReconcilerErrorHandler - [customcl] Pod 'test-hivemq-platform-0' containerStatus 'hivemq' (started: false) (ready: false) (waiting: [PodInitializing] null)
2025-01-29 18:38:05,671 INFO c.h.h.t.HelmChartContainer - [hivemq-test-hivemq-platform] [hivemq-platform-operator] [411f7c72] 18:38:05.669 [ReconcilerExecutor-hivemq-controller-87] INFO  c.h.p.o.h.HiveMQPlatformReconcilerBaseHandler - [customcl] HiveMQ Platform is starting, 0 of 1 replicas are ready
2025-01-29 18:38:06,552 INFO c.h.h.t.HelmChartContainer - [EVENT] Normal [Pulled] Container image "docker.io/hivemq/hivemq4:4.36.0" already present on machine [customclusterdomainnameit:test-hivemq-platform-0]
2025-01-29 18:38:06,552 INFO c.h.h.t.HelmChartContainer - Received Pulled event for container hivemq in pod test-hivemq-platform-0 [3ffae191-96a0-455c-8cbb-5b9815495464]
2025-01-29 18:38:06,560 INFO c.h.h.t.HelmChartContainer - [POD] test-hivemq-platform-0 [3ffae191-96a0-455c-8cbb-5b9815495464] in customclusterdomainnameit was MODIFIED
2025-01-29 18:38:06,566 INFO c.h.h.t.HelmChartContainer - [EVENT] Normal [Created] Created container: hivemq [customclusterdomainnameit:test-hivemq-platform-0]
2025-01-29 18:38:06,566 INFO c.h.h.t.HelmChartContainer - Received Created event for container hivemq in pod test-hivemq-platform-0 [3ffae191-96a0-455c-8cbb-5b9815495464]
2025-01-29 18:38:06,580 INFO c.h.h.t.HelmChartContainer - [hivemq-test-hivemq-platform] [hivemq-platform-operator] [411f7c72] 18:38:06.571 [pool-6-thread-42] DEBUG c.h.p.o.d.PlatformServiceResource - [customcl] Desired Platform services (2 services)
2025-01-29 18:38:06,580 INFO c.h.h.t.HelmChartContainer - [hivemq-test-hivemq-platform] [hivemq-platform-operator] [411f7c72] 18:38:06.573 [pool-6-thread-43] DEBUG c.h.p.o.dependants.PodInfoConfigMap - [customcl] Desired PodInfo ConfigMap (1 extensions) (1 enabled)
2025-01-29 18:38:06,580 INFO c.h.h.t.HelmChartContainer - [hivemq-test-hivemq-platform] [hivemq-platform-operator] [411f7c72] 18:38:06.573 [pool-6-thread-43] DEBUG c.h.p.o.dependants.PodInfoConfigMap - [customcl] Desired PodInfo ConfigMap (metrics port: 9399) (metrics path: /)
2025-01-29 18:38:06,580 INFO c.h.h.t.HelmChartContainer - [hivemq-test-hivemq-platform] [hivemq-platform-operator] [411f7c72] 18:38:06.573 [pool-6-thread-43] DEBUG c.h.p.o.dependants.PodInfoConfigMap - [customcl] Desired PodInfo ConfigMap (extension state hash: -1817474005)
2025-01-29 18:38:06,584 INFO c.h.h.t.HelmChartContainer - [hivemq-test-hivemq-platform] [hivemq-platform-operator] [411f7c72] 18:38:06.577 [pool-6-thread-47] DEBUG c.h.p.o.d.PodServiceAccountResource - [customcl] Desired PodServiceAccountResource (serviceAccountName: hivemq-platform-pod-test-hivemq-platform)
2025-01-29 18:38:06,661 INFO c.h.h.t.HelmChartContainer - [hivemq-test-hivemq-platform] [hivemq-platform-operator] [411f7c72] 18:38:06.659 [pool-6-thread-49] DEBUG c.h.p.o.d.StatefulSetResource - [customcl] Desired StatefulSet (1 replicas) for status STARTING (READY)
2025-01-29 18:38:06,667 INFO c.h.h.t.HelmChartContainer - [hivemq-test-hivemq-platform] [hivemq-platform-operator] [411f7c72] 18:38:06.665 [ReconcilerExecutor-hivemq-controller-98] INFO  c.h.p.o.HiveMQPlatformReconciler - [customcl] Reconciling HiveMQ Platform 'test-hivemq-platform' in namespace 'customclusterdomainnameit'
2025-01-29 18:38:06,667 INFO c.h.h.t.HelmChartContainer - [hivemq-test-hivemq-platform] [hivemq-platform-operator] [411f7c72] 18:38:06.665 [ReconcilerExecutor-hivemq-controller-98] DEBUG c.h.p.o.HiveMQPlatformReconciler - [customcl] Custom Resource Status STARTING - HiveMQ Platform is starting (READY)
2025-01-29 18:38:06,668 INFO c.h.h.t.HelmChartContainer - [hivemq-test-hivemq-platform] [hivemq-platform-operator] [411f7c72] 18:38:06.665 [ReconcilerExecutor-hivemq-controller-98] DEBUG c.h.p.o.HiveMQPlatformReconciler - [customcl] Custom Resource Spec (replicas: 1) (extensions: 1)
2025-01-29 18:38:06,669 INFO c.h.h.t.HelmChartContainer - [hivemq-test-hivemq-platform] [hivemq-platform-operator] [411f7c72] 18:38:06.667 [ReconcilerExecutor-hivemq-controller-98] DEBUG c.h.p.o.HiveMQPlatformReconciler - [customcl] StatefulSet Status (revision: test-hivemq-platform-5bf899b4bb, replicas: 1, available: 0, ready: 0, current: 1, updated: 1)
2025-01-29 18:38:06,669 INFO c.h.h.t.HelmChartContainer - [hivemq-test-hivemq-platform] [hivemq-platform-operator] [411f7c72] 18:38:06.667 [ReconcilerExecutor-hivemq-controller-98] DEBUG c.h.p.o.HiveMQPlatformReconciler - [customcl] StatefulSet Spec (replicas: 1, init containers: 1, containers: 1, volumes: 3)
2025-01-29 18:38:06,673 INFO c.h.h.t.HelmChartContainer - [hivemq-test-hivemq-platform] [hivemq-platform-operator] [411f7c72] 18:38:06.671 [ReconcilerExecutor-hivemq-controller-98] DEBUG c.h.p.o.h.HiveMQPlatformReconcilerErrorHandler - [customcl] Pod 'test-hivemq-platform-0' phase Pending
2025-01-29 18:38:06,673 INFO c.h.h.t.HelmChartContainer - [hivemq-test-hivemq-platform] [hivemq-platform-operator] [411f7c72] 18:38:06.671 [ReconcilerExecutor-hivemq-controller-98] DEBUG c.h.p.o.h.HiveMQPlatformReconcilerErrorHandler - [customcl] Pod 'test-hivemq-platform-0' condition 'PodReadyToStartContainers': True
2025-01-29 18:38:06,673 INFO c.h.h.t.HelmChartContainer - [hivemq-test-hivemq-platform] [hivemq-platform-operator] [411f7c72] 18:38:06.671 [ReconcilerExecutor-hivemq-controller-98] DEBUG c.h.p.o.h.HiveMQPlatformReconcilerErrorHandler - [customcl] Pod 'test-hivemq-platform-0' condition 'Initialized': True
2025-01-29 18:38:06,673 INFO c.h.h.t.HelmChartContainer - [hivemq-test-hivemq-platform] [hivemq-platform-operator] [411f7c72] 18:38:06.671 [ReconcilerExecutor-hivemq-controller-98] DEBUG c.h.p.o.h.HiveMQPlatformReconcilerErrorHandler - [customcl] Pod 'test-hivemq-platform-0' condition 'Ready': False
2025-01-29 18:38:06,673 INFO c.h.h.t.HelmChartContainer - [hivemq-test-hivemq-platform] [hivemq-platform-operator] [411f7c72] 18:38:06.671 [ReconcilerExecutor-hivemq-controller-98] DEBUG c.h.p.o.h.HiveMQPlatformReconcilerErrorHandler - [customcl] Pod 'test-hivemq-platform-0' condition 'ContainersReady': False
2025-01-29 18:38:06,673 INFO c.h.h.t.HelmChartContainer - [hivemq-test-hivemq-platform] [hivemq-platform-operator] [411f7c72] 18:38:06.671 [ReconcilerExecutor-hivemq-controller-98] DEBUG c.h.p.o.h.HiveMQPlatformReconcilerErrorHandler - [customcl] Pod 'test-hivemq-platform-0' condition 'PodScheduled': True
2025-01-29 18:38:06,674 INFO c.h.h.t.HelmChartContainer - [hivemq-test-hivemq-platform] [hivemq-platform-operator] [411f7c72] 18:38:06.671 [ReconcilerExecutor-hivemq-controller-98] DEBUG c.h.p.o.h.HiveMQPlatformReconcilerErrorHandler - [customcl] Pod 'test-hivemq-platform-0' containerStatus 'hivemq' (started: false) (ready: false) (waiting: [PodInitializing] null)
2025-01-29 18:38:06,674 INFO c.h.h.t.HelmChartContainer - [hivemq-test-hivemq-platform] [hivemq-platform-operator] [411f7c72] 18:38:06.672 [ReconcilerExecutor-hivemq-controller-98] INFO  c.h.p.o.h.HiveMQPlatformReconcilerBaseHandler - [customcl] HiveMQ Platform is starting, 0 of 1 replicas are ready
2025-01-29 18:38:07,563 INFO c.h.h.t.HelmChartContainer - [POD] test-hivemq-platform-0 [3ffae191-96a0-455c-8cbb-5b9815495464] in customclusterdomainnameit was MODIFIED
2025-01-29 18:38:07,573 INFO c.h.h.t.HelmChartContainer - [EVENT] Normal [Started] Started container hivemq [customclusterdomainnameit:test-hivemq-platform-0]
2025-01-29 18:38:07,573 INFO c.h.h.t.HelmChartContainer - Received Started event for container hivemq in pod test-hivemq-platform-0 [3ffae191-96a0-455c-8cbb-5b9815495464]
2025-01-29 18:38:07,573 INFO c.h.h.t.HelmChartContainer - Started log watcher for hivemq in pod test-hivemq-platform-0 [3ffae191-96a0-455c-8cbb-5b9815495464]
2025-01-29 18:38:07,573 INFO c.h.h.t.HelmChartContainer - [test-hivemq-platform] [hivemq] [3ffae191] Adding pre-installed HiveMQ Platform Operator extensions
2025-01-29 18:38:07,576 INFO c.h.h.t.HelmChartContainer - [test-hivemq-platform] [hivemq] [3ffae191] Running as user 10000
2025-01-29 18:38:07,576 INFO c.h.h.t.HelmChartContainer - [test-hivemq-platform] [hivemq] [3ffae191] Starting HiveMQ Platform Operator Init
2025-01-29 18:38:07,577 INFO c.h.h.t.HelmChartContainer - [hivemq-test-hivemq-platform] [hivemq-platform-operator] [411f7c72] 18:38:07.574 [pool-6-thread-8] DEBUG c.h.p.o.d.PlatformServiceResource - [customcl] Desired Platform services (2 services)
2025-01-29 18:38:07,581 INFO c.h.h.t.HelmChartContainer - [hivemq-test-hivemq-platform] [hivemq-platform-operator] [411f7c72] 18:38:07.578 [pool-6-thread-9] DEBUG c.h.p.o.dependants.PodInfoConfigMap - [customcl] Desired PodInfo ConfigMap (1 extensions) (1 enabled)
2025-01-29 18:38:07,585 INFO c.h.h.t.HelmChartContainer - [hivemq-test-hivemq-platform] [hivemq-platform-operator] [411f7c72] 18:38:07.580 [pool-6-thread-4] DEBUG c.h.p.o.d.PodServiceAccountResource - [customcl] Desired PodServiceAccountResource (serviceAccountName: hivemq-platform-pod-test-hivemq-platform)
2025-01-29 18:38:07,585 INFO c.h.h.t.HelmChartContainer - [hivemq-test-hivemq-platform] [hivemq-platform-operator] [411f7c72] 18:38:07.582 [pool-6-thread-9] DEBUG c.h.p.o.dependants.PodInfoConfigMap - [customcl] Desired PodInfo ConfigMap (metrics port: 9399) (metrics path: /)
2025-01-29 18:38:07,585 INFO c.h.h.t.HelmChartContainer - [hivemq-test-hivemq-platform] [hivemq-platform-operator] [411f7c72] 18:38:07.582 [pool-6-thread-9] DEBUG c.h.p.o.dependants.PodInfoConfigMap - [customcl] Desired PodInfo ConfigMap (extension state hash: -1817474005)
2025-01-29 18:38:07,664 INFO c.h.h.t.HelmChartContainer - [hivemq-test-hivemq-platform] [hivemq-platform-operator] [411f7c72] 18:38:07.662 [pool-6-thread-8] DEBUG c.h.p.o.d.StatefulSetResource - [customcl] Desired StatefulSet (1 replicas) for status STARTING (READY)
2025-01-29 18:38:07,668 INFO c.h.h.t.HelmChartContainer - [hivemq-test-hivemq-platform] [hivemq-platform-operator] [411f7c72] 18:38:07.665 [ReconcilerExecutor-hivemq-controller-109] INFO  c.h.p.o.HiveMQPlatformReconciler - [customcl] Reconciling HiveMQ Platform 'test-hivemq-platform' in namespace 'customclusterdomainnameit'
2025-01-29 18:38:07,669 INFO c.h.h.t.HelmChartContainer - [hivemq-test-hivemq-platform] [hivemq-platform-operator] [411f7c72] 18:38:07.665 [ReconcilerExecutor-hivemq-controller-109] DEBUG c.h.p.o.HiveMQPlatformReconciler - [customcl] Custom Resource Status STARTING - HiveMQ Platform is starting (READY)
2025-01-29 18:38:07,669 INFO c.h.h.t.HelmChartContainer - [hivemq-test-hivemq-platform] [hivemq-platform-operator] [411f7c72] 18:38:07.665 [ReconcilerExecutor-hivemq-controller-109] DEBUG c.h.p.o.HiveMQPlatformReconciler - [customcl] Custom Resource Spec (replicas: 1) (extensions: 1)
2025-01-29 18:38:07,672 INFO c.h.h.t.HelmChartContainer - [hivemq-test-hivemq-platform] [hivemq-platform-operator] [411f7c72] 18:38:07.671 [ReconcilerExecutor-hivemq-controller-109] DEBUG c.h.p.o.HiveMQPlatformReconciler - [customcl] StatefulSet Status (revision: test-hivemq-platform-5bf899b4bb, replicas: 1, available: 0, ready: 0, current: 1, updated: 1)
2025-01-29 18:38:07,673 INFO c.h.h.t.HelmChartContainer - [hivemq-test-hivemq-platform] [hivemq-platform-operator] [411f7c72] 18:38:07.671 [ReconcilerExecutor-hivemq-controller-109] DEBUG c.h.p.o.HiveMQPlatformReconciler - [customcl] StatefulSet Spec (replicas: 1, init containers: 1, containers: 1, volumes: 3)
2025-01-29 18:38:07,674 INFO c.h.h.t.HelmChartContainer - [hivemq-test-hivemq-platform] [hivemq-platform-operator] [411f7c72] 18:38:07.673 [ReconcilerExecutor-hivemq-controller-109] DEBUG c.h.p.o.h.HiveMQPlatformReconcilerErrorHandler - [customcl] Pod 'test-hivemq-platform-0' phase Running
2025-01-29 18:38:07,676 INFO c.h.h.t.HelmChartContainer - [hivemq-test-hivemq-platform] [hivemq-platform-operator] [411f7c72] 18:38:07.674 [ReconcilerExecutor-hivemq-controller-109] INFO  c.h.p.o.h.HiveMQPlatformReconcilerBaseHandler - [customcl] HiveMQ Platform is starting, 0 of 1 replicas are ready
2025-01-29 18:38:07,941 INFO c.h.h.t.HelmChartContainer - [test-hivemq-platform] [hivemq] [3ffae191] INFO  - [HiveMQ Platform Operator Init 1.7.0-SNAPSHOT] HiveMQ Platform Operator Init 1.7.0-SNAPSHOT (commit: b1b9591 on branch: HEAD) built on Wed Jan 29 18:32:18 UTC 2025
2025-01-29 18:38:09,055 INFO c.h.h.t.HelmChartContainer - [test-hivemq-platform] [hivemq] [3ffae191] INFO  - [HiveMQ Platform Operator Init App 1.7.0-SNAPSHOT] Using bind address 10.42.0.6 from environment variable
2025-01-29 18:38:10,052 INFO c.h.h.t.HelmChartContainer - [test-hivemq-platform] [hivemq] [3ffae191] INFO  - [HiveMQ Platform Operator Init App 1.7.0-SNAPSHOT] HiveMQ Platform Operator Init App 1.7.0-SNAPSHOT (commit: b1b9591 on branch: HEAD) built on Wed Jan 29 18:32:18 UTC 2025
2025-01-29 18:38:10,052 INFO c.h.h.t.HelmChartContainer - [test-hivemq-platform] [hivemq] [3ffae191] INFO  - [HiveMQ Platform Operator Init App 1.7.0-SNAPSHOT] PodInfo ConfigMap directory: /etc/podinfo
2025-01-29 18:38:10,052 INFO c.h.h.t.HelmChartContainer - [test-hivemq-platform] [hivemq] [3ffae191] INFO  - [HiveMQ Platform Operator Init App 1.7.0-SNAPSHOT] HiveMQ home directory: /opt/hivemq
2025-01-29 18:38:10,052 INFO c.h.h.t.HelmChartContainer - [test-hivemq-platform] [hivemq] [3ffae191] INFO  - [HiveMQ Platform Operator Init App 1.7.0-SNAPSHOT] HiveMQ Logback folder: /opt/hivemq/conf
2025-01-29 18:38:10,052 INFO c.h.h.t.HelmChartContainer - [test-hivemq-platform] [hivemq] [3ffae191] INFO  - [HiveMQ Platform Operator Init App 1.7.0-SNAPSHOT] HiveMQ Config folder: /opt/hivemq/conf-k8s
2025-01-29 18:38:10,053 INFO c.h.h.t.HelmChartContainer - [test-hivemq-platform] [hivemq] [3ffae191] INFO  - [HiveMQ Platform Operator Init App 1.7.0-SNAPSHOT] Starting HiveMQ Platform Operator Init App
2025-01-29 18:38:10,053 INFO c.h.h.t.HelmChartContainer - [test-hivemq-platform] [hivemq] [3ffae191] INFO  - [HiveMQ Platform Operator Init App 1.7.0-SNAPSHOT] Starting Pod reconciler
2025-01-29 18:38:11,343 INFO c.h.h.t.HelmChartContainer - [test-hivemq-platform] [hivemq] [3ffae191] INFO  - [HiveMQ Platform Operator Init App 1.7.0-SNAPSHOT] Pod reconciler is scheduled (interval: 5000 ms)
2025-01-29 18:38:11,344 INFO c.h.h.t.HelmChartContainer - [test-hivemq-platform] [hivemq] [3ffae191] INFO  - [HiveMQ Platform Operator Init App 1.7.0-SNAPSHOT] Starting the REST API on 10.42.0.6:7979
2025-01-29 18:38:11,347 INFO c.h.h.t.HelmChartContainer - [test-hivemq-platform] [hivemq] [3ffae191] INFO  - [HiveMQ Platform Operator Init App 1.7.0-SNAPSHOT] Waiting up to 600s for at most 1 HiveMQ nodes in cluster service hivemq-test-hivemq-platform-cluster.customclusterdomainnameit.svc
2025-01-29 18:38:11,703 INFO c.h.h.t.HelmChartContainer - [test-hivemq-platform] [hivemq] [3ffae191] INFO  - [HiveMQ Platform Operator Init App 1.7.0-SNAPSHOT] Resolved 1 IP addresses: [10.42.0.6]
2025-01-29 18:38:11,703 INFO c.h.h.t.HelmChartContainer - [test-hivemq-platform] [hivemq] [3ffae191] INFO  - [HiveMQ Platform Operator Init App 1.7.0-SNAPSHOT] HiveMQ node count of 1 is within threshold of 1
2025-01-29 18:38:11,703 INFO c.h.h.t.HelmChartContainer - [test-hivemq-platform] [hivemq] [3ffae191] INFO  - [HiveMQ Platform Operator Init App 1.7.0-SNAPSHOT] Proceeding with container start
2025-01-29 18:38:11,800 INFO c.h.h.t.HelmChartContainer - [test-hivemq-platform] [hivemq] [3ffae191] INFO  - [HiveMQ Platform Operator Init App 1.7.0-SNAPSHOT] Initializing HiveMQ Platform extensions with initial configuration: {hivemq-allow-all-extension={start-priority=-1, skip-https-hostname-verification=false, restart=true, config-version=0, header-version=0, c-uri=, priority=-1, uri=preinstalled, skip-https-certificate-validation=false, enabled=true}, hivemq-prometheus-extension={restart=true, enabled=true, request-header-path=no-request-headers, uri=preinstalled, skip-https-certificate-validation=false, skip-https-hostname-verification=false, c-uri=, start-priority=-1, priority=-1}}
2025-01-29 18:38:12,250 INFO c.h.h.t.HelmChartContainer - [test-hivemq-platform] [hivemq] [3ffae191] INFO  - [HiveMQ Platform Operator Init App 1.7.0-SNAPSHOT] Extension hivemq-allow-all-extension was already enabled
2025-01-29 18:38:12,343 INFO c.h.h.t.HelmChartContainer - [test-hivemq-platform] [hivemq] [3ffae191] INFO  - [HiveMQ Platform Operator Init App 1.7.0-SNAPSHOT] Successfully enabled extension hivemq-prometheus-extension
2025-01-29 18:38:12,345 INFO c.h.h.t.HelmChartContainer - [test-hivemq-platform] [hivemq] [3ffae191] INFO  - [HiveMQ Platform Operator Init App 1.7.0-SNAPSHOT] Starting HiveMQ Platform version 4.36.0 (4.36.0)
2025-01-29 18:38:12,345 INFO c.h.h.t.HelmChartContainer - [test-hivemq-platform] [hivemq] [3ffae191] INFO  - [HiveMQ Platform Operator Init App 1.7.0-SNAPSHOT] Configuring the HiveMQ Platform
2025-01-29 18:38:12,399 INFO c.h.h.t.HelmChartContainer - [test-hivemq-platform] [hivemq] [3ffae191] INFO  - [HiveMQ Platform Operator Init App 1.7.0-SNAPSHOT] Changed logback.xml file scan period to 20 seconds
2025-01-29 18:38:12,447 INFO c.h.h.t.HelmChartContainer - [test-hivemq-platform] [hivemq] [3ffae191] INFO  - [HiveMQ Platform Operator Init App 1.7.0-SNAPSHOT] Starting the HiveMQ Platform
2025-01-29 18:38:12,496 INFO c.h.h.t.HelmChartContainer - [test-hivemq-platform] [hivemq] [3ffae191] -------------------------------------------------------------------------
2025-01-29 18:38:12,496 INFO c.h.h.t.HelmChartContainer - [test-hivemq-platform] [hivemq] [3ffae191] 
2025-01-29 18:38:12,496 INFO c.h.h.t.HelmChartContainer - [test-hivemq-platform] [hivemq] [3ffae191]                   _    _  _              __  __   ____
2025-01-29 18:38:12,497 INFO c.h.h.t.HelmChartContainer - [test-hivemq-platform] [hivemq] [3ffae191]                  | |  | |(_)            |  \/  | / __ \
2025-01-29 18:38:12,497 INFO c.h.h.t.HelmChartContainer - [test-hivemq-platform] [hivemq] [3ffae191]                  | |__| | _ __   __ ___ | \  / || |  | |
2025-01-29 18:38:12,497 INFO c.h.h.t.HelmChartContainer - [test-hivemq-platform] [hivemq] [3ffae191]                  |  __  || |\ \ / // _ \| |\/| || |  | |
2025-01-29 18:38:12,497 INFO c.h.h.t.HelmChartContainer - [test-hivemq-platform] [hivemq] [3ffae191]                  | |  | || | \ V /|  __/| |  | || |__| |
2025-01-29 18:38:12,497 INFO c.h.h.t.HelmChartContainer - [test-hivemq-platform] [hivemq] [3ffae191]                  |_|  |_||_|  \_/  \___||_|  |_| \___\_\
2025-01-29 18:38:12,497 INFO c.h.h.t.HelmChartContainer - [test-hivemq-platform] [hivemq] [3ffae191] 
2025-01-29 18:38:12,497 INFO c.h.h.t.HelmChartContainer - [test-hivemq-platform] [hivemq] [3ffae191] -------------------------------------------------------------------------
2025-01-29 18:38:12,497 INFO c.h.h.t.HelmChartContainer - [test-hivemq-platform] [hivemq] [3ffae191] 
2025-01-29 18:38:12,497 INFO c.h.h.t.HelmChartContainer - [test-hivemq-platform] [hivemq] [3ffae191]   HiveMQ Start Script for Linux/Unix v1.14
2025-01-29 18:38:12,497 INFO c.h.h.t.HelmChartContainer - [test-hivemq-platform] [hivemq] [3ffae191] 
2025-01-29 18:38:12,561 INFO c.h.h.t.HelmChartContainer - [test-hivemq-platform] [hivemq] [3ffae191] -------------------------------------------------------------------------
2025-01-29 18:38:12,561 INFO c.h.h.t.HelmChartContainer - [test-hivemq-platform] [hivemq] [3ffae191] 
2025-01-29 18:38:12,561 INFO c.h.h.t.HelmChartContainer - [test-hivemq-platform] [hivemq] [3ffae191]   HIVEMQ_HOME: /opt/hivemq
2025-01-29 18:38:12,561 INFO c.h.h.t.HelmChartContainer - [test-hivemq-platform] [hivemq] [3ffae191] 
2025-01-29 18:38:12,561 INFO c.h.h.t.HelmChartContainer - [test-hivemq-platform] [hivemq] [3ffae191]   JAVA_OPTS: -XX:+UnlockExperimentalVMOptions -XX:InitialRAMPercentage=50 -XX:MaxRAMPercentage=50 -Djava.net.preferIPv4Stack=true --add-opens java.base/java.lang=ALL-UNNAMED --add-opens java.base/java.nio=ALL-UNNAMED --add-opens java.base/sun.nio.ch=ALL-UNNAMED --add-opens jdk.management/com.sun.management.internal=ALL-UNNAMED --add-exports java.base/jdk.internal.misc=ALL-UNNAMED -Djava.security.egd=file:/dev/./urandom -Dcom.sun.management.jmxremote -Dcom.sun.management.jmxremote.port=9010 -Dcom.sun.management.jmxremote.local.only=false -Dcom.sun.management.jmxremote.authenticate=false -Dcom.sun.management.jmxremote.ssl=false -Duser.language=en -Duser.region=US -XX:+CrashOnOutOfMemoryError -XX:+HeapDumpOnOutOfMemoryError
2025-01-29 18:38:12,561 INFO c.h.h.t.HelmChartContainer - [test-hivemq-platform] [hivemq] [3ffae191] 
2025-01-29 18:38:12,561 INFO c.h.h.t.HelmChartContainer - [test-hivemq-platform] [hivemq] [3ffae191]   JAVA_VERSION: 21
2025-01-29 18:38:12,562 INFO c.h.h.t.HelmChartContainer - [test-hivemq-platform] [hivemq] [3ffae191] 
2025-01-29 18:38:12,562 INFO c.h.h.t.HelmChartContainer - [test-hivemq-platform] [hivemq] [3ffae191] -------------------------------------------------------------------------
2025-01-29 18:38:12,562 INFO c.h.h.t.HelmChartContainer - [test-hivemq-platform] [hivemq] [3ffae191] 
2025-01-29 18:38:13,694 INFO c.h.h.t.HelmChartContainer - [test-hivemq-platform] [hivemq] [3ffae191] INFO  - [HiveMQ Platform Operator Init App 1.7.0-SNAPSHOT] Returning default Health API response 503 for readiness
2025-01-29 18:38:13,997 INFO c.h.h.t.HelmChartContainer - [EVENT] Warning [Unhealthy] Readiness probe failed: HTTP probe failed with statuscode: 503 [customclusterdomainnameit:test-hivemq-platform-0]
2025-01-29 18:38:13,997 INFO c.h.h.t.HelmChartContainer - Received Unhealthy event for container hivemq in pod test-hivemq-platform-0 [3ffae191-96a0-455c-8cbb-5b9815495464]
2025-01-29 18:38:15,299 INFO c.h.h.t.HelmChartContainer - [test-hivemq-platform] [hivemq] [3ffae191] INFO  - Starting HiveMQ Enterprise Server
2025-01-29 18:38:15,342 INFO c.h.h.t.HelmChartContainer - [test-hivemq-platform] [hivemq] [3ffae191] INFO  - HiveMQ version: 4.36.0
2025-01-29 18:38:15,343 INFO c.h.h.t.HelmChartContainer - [test-hivemq-platform] [hivemq] [3ffae191] INFO  - HiveMQ home directory: /opt/hivemq
2025-01-29 18:38:15,343 INFO c.h.h.t.HelmChartContainer - [test-hivemq-platform] [hivemq] [3ffae191] INFO  - Log Configuration was overridden by /opt/hivemq/conf/logback.xml
2025-01-29 18:38:16,548 INFO c.h.h.t.HelmChartContainer - [test-hivemq-platform] [hivemq] [3ffae191] INFO  - Successfully loaded configuration from '/opt/hivemq/conf-k8s/config.xml'.
2025-01-29 18:38:17,248 INFO c.h.h.t.HelmChartContainer - [test-hivemq-platform] [hivemq] [3ffae191] INFO  - This node's ID is Nz7YT
2025-01-29 18:38:17,249 INFO c.h.h.t.HelmChartContainer - [test-hivemq-platform] [hivemq] [3ffae191] INFO  - Clustering is enabled
2025-01-29 18:38:17,681 INFO c.h.h.t.HelmChartContainer - [hivemq-test-hivemq-platform] [hivemq-platform-operator] [411f7c72] 18:38:17.678 [pool-6-thread-16] DEBUG c.h.p.o.d.PlatformServiceResource - [customcl] Desired Platform services (2 services)
2025-01-29 18:38:17,684 INFO c.h.h.t.HelmChartContainer - [hivemq-test-hivemq-platform] [hivemq-platform-operator] [411f7c72] 18:38:17.679 [pool-6-thread-14] DEBUG c.h.p.o.dependants.PodInfoConfigMap - [customcl] Desired PodInfo ConfigMap (1 extensions) (1 enabled)
2025-01-29 18:38:17,684 INFO c.h.h.t.HelmChartContainer - [hivemq-test-hivemq-platform] [hivemq-platform-operator] [411f7c72] 18:38:17.680 [pool-6-thread-14] DEBUG c.h.p.o.dependants.PodInfoConfigMap - [customcl] Desired PodInfo ConfigMap (metrics port: 9399) (metrics path: /)
2025-01-29 18:38:17,684 INFO c.h.h.t.HelmChartContainer - [hivemq-test-hivemq-platform] [hivemq-platform-operator] [411f7c72] 18:38:17.680 [pool-6-thread-14] DEBUG c.h.p.o.dependants.PodInfoConfigMap - [customcl] Desired PodInfo ConfigMap (extension state hash: -1817474005)
2025-01-29 18:38:17,684 INFO c.h.h.t.HelmChartContainer - [hivemq-test-hivemq-platform] [hivemq-platform-operator] [411f7c72] 18:38:17.683 [pool-6-thread-14] DEBUG c.h.p.o.d.PodServiceAccountResource - [customcl] Desired PodServiceAccountResource (serviceAccountName: hivemq-platform-pod-test-hivemq-platform)
2025-01-29 18:38:17,686 INFO c.h.h.t.HelmChartContainer - [hivemq-test-hivemq-platform] [hivemq-platform-operator] [411f7c72] 18:38:17.686 [pool-6-thread-16] DEBUG c.h.p.o.d.StatefulSetResource - [customcl] Desired StatefulSet (1 replicas) for status STARTING (READY)
2025-01-29 18:38:17,692 INFO c.h.h.t.HelmChartContainer - [hivemq-test-hivemq-platform] [hivemq-platform-operator] [411f7c72] 18:38:17.691 [ReconcilerExecutor-hivemq-controller-110] INFO  c.h.p.o.HiveMQPlatformReconciler - [customcl] Reconciling HiveMQ Platform 'test-hivemq-platform' in namespace 'customclusterdomainnameit'
2025-01-29 18:38:17,692 INFO c.h.h.t.HelmChartContainer - [hivemq-test-hivemq-platform] [hivemq-platform-operator] [411f7c72] 18:38:17.691 [ReconcilerExecutor-hivemq-controller-110] DEBUG c.h.p.o.HiveMQPlatformReconciler - [customcl] Custom Resource Status STARTING - HiveMQ Platform is starting (READY)
2025-01-29 18:38:17,692 INFO c.h.h.t.HelmChartContainer - [hivemq-test-hivemq-platform] [hivemq-platform-operator] [411f7c72] 18:38:17.691 [ReconcilerExecutor-hivemq-controller-110] DEBUG c.h.p.o.HiveMQPlatformReconciler - [customcl] Custom Resource Spec (replicas: 1) (extensions: 1)
2025-01-29 18:38:17,700 INFO c.h.h.t.HelmChartContainer - [hivemq-test-hivemq-platform] [hivemq-platform-operator] [411f7c72] 18:38:17.693 [ReconcilerExecutor-hivemq-controller-110] DEBUG c.h.p.o.HiveMQPlatformReconciler - [customcl] StatefulSet Status (revision: test-hivemq-platform-5bf899b4bb, replicas: 1, available: 0, ready: 0, current: 1, updated: 1)
2025-01-29 18:38:17,700 INFO c.h.h.t.HelmChartContainer - [hivemq-test-hivemq-platform] [hivemq-platform-operator] [411f7c72] 18:38:17.695 [ReconcilerExecutor-hivemq-controller-110] DEBUG c.h.p.o.HiveMQPlatformReconciler - [customcl] StatefulSet Spec (replicas: 1, init containers: 1, containers: 1, volumes: 3)
2025-01-29 18:38:17,700 INFO c.h.h.t.HelmChartContainer - [hivemq-test-hivemq-platform] [hivemq-platform-operator] [411f7c72] 18:38:17.698 [ReconcilerExecutor-hivemq-controller-110] DEBUG c.h.p.o.h.HiveMQPlatformReconcilerErrorHandler - [customcl] Pod 'test-hivemq-platform-0' phase Running
2025-01-29 18:38:17,701 INFO c.h.h.t.HelmChartContainer - [hivemq-test-hivemq-platform] [hivemq-platform-operator] [411f7c72] 18:38:17.699 [ReconcilerExecutor-hivemq-controller-110] INFO  c.h.p.o.h.HiveMQPlatformReconcilerBaseHandler - [customcl] HiveMQ Platform is starting, 0 of 1 replicas are ready
2025-01-29 18:38:19,240 INFO c.h.h.t.HelmChartContainer - [test-hivemq-platform] [hivemq] [3ffae191] WARN  - [HiveMQ Platform Operator Init App 1.7.0-SNAPSHOT] Cannot connect to Health API for readiness: null
2025-01-29 18:38:19,246 INFO c.h.h.t.HelmChartContainer - [EVENT] Warning [Unhealthy] Readiness probe failed: HTTP probe failed with statuscode: 503 [customclusterdomainnameit:test-hivemq-platform-0]
2025-01-29 18:38:19,246 INFO c.h.h.t.HelmChartContainer - Received Unhealthy event for container hivemq in pod test-hivemq-platform-0 [3ffae191-96a0-455c-8cbb-5b9815495464]
2025-01-29 18:38:22,645 INFO c.h.h.t.HelmChartContainer - [test-hivemq-platform] [hivemq] [3ffae191] Jan 29, 2025 6:38:22 PM io.vertx.core.impl.BlockedThreadChecker
2025-01-29 18:38:22,646 INFO c.h.h.t.HelmChartContainer - [test-hivemq-platform] [hivemq] [3ffae191] WARNING: Thread Thread[vert.x-eventloop-thread-1,5,main] has been blocked for 2795 ms, time limit is 2000 ms
2025-01-29 18:38:23,044 INFO c.h.h.t.HelmChartContainer - [test-hivemq-platform] [hivemq] [3ffae191] INFO  - [HiveMQ Platform Operator Init App 1.7.0-SNAPSHOT] Updating Pod HiveMQ Platform Operator Init App version annotation (version: 1.7.0-SNAPSHOT)
2025-01-29 18:38:23,643 INFO c.h.h.t.HelmChartContainer - [test-hivemq-platform] [hivemq] [3ffae191] WARN  - [HiveMQ Platform Operator Init App 1.7.0-SNAPSHOT] Cannot connect to Health API for readiness: null
2025-01-29 18:38:23,647 INFO c.h.h.t.HelmChartContainer - [EVENT] Warning [Unhealthy] Readiness probe failed: HTTP probe failed with statuscode: 503 [customclusterdomainnameit:test-hivemq-platform-0]
2025-01-29 18:38:23,647 INFO c.h.h.t.HelmChartContainer - Received Unhealthy event for container hivemq in pod test-hivemq-platform-0 [3ffae191-96a0-455c-8cbb-5b9815495464]
2025-01-29 18:38:23,656 INFO c.h.h.t.HelmChartContainer - [POD] test-hivemq-platform-0 [3ffae191-96a0-455c-8cbb-5b9815495464] in customclusterdomainnameit was MODIFIED
2025-01-29 18:38:23,669 INFO c.h.h.t.HelmChartContainer - [hivemq-test-hivemq-platform] [hivemq-platform-operator] [411f7c72] 18:38:23.666 [pool-6-thread-27] DEBUG c.h.p.o.d.PlatformServiceResource - [customcl] Desired Platform services (2 services)
2025-01-29 18:38:23,672 INFO c.h.h.t.HelmChartContainer - [hivemq-test-hivemq-platform] [hivemq-platform-operator] [411f7c72] 18:38:23.667 [pool-6-thread-23] DEBUG c.h.p.o.dependants.PodInfoConfigMap - [customcl] Desired PodInfo ConfigMap (1 extensions) (1 enabled)
2025-01-29 18:38:23,672 INFO c.h.h.t.HelmChartContainer - [hivemq-test-hivemq-platform] [hivemq-platform-operator] [411f7c72] 18:38:23.667 [pool-6-thread-23] DEBUG c.h.p.o.dependants.PodInfoConfigMap - [customcl] Desired PodInfo ConfigMap (metrics port: 9399) (metrics path: /)
2025-01-29 18:38:23,672 INFO c.h.h.t.HelmChartContainer - [hivemq-test-hivemq-platform] [hivemq-platform-operator] [411f7c72] 18:38:23.667 [pool-6-thread-23] DEBUG c.h.p.o.dependants.PodInfoConfigMap - [customcl] Desired PodInfo ConfigMap (extension state hash: -1817474005)
2025-01-29 18:38:23,672 INFO c.h.h.t.HelmChartContainer - [hivemq-test-hivemq-platform] [hivemq-platform-operator] [411f7c72] 18:38:23.669 [pool-6-thread-26] DEBUG c.h.p.o.d.PodServiceAccountResource - [customcl] Desired PodServiceAccountResource (serviceAccountName: hivemq-platform-pod-test-hivemq-platform)
2025-01-29 18:38:23,673 INFO c.h.h.t.HelmChartContainer - [hivemq-test-hivemq-platform] [hivemq-platform-operator] [411f7c72] 18:38:23.672 [pool-6-thread-23] DEBUG c.h.p.o.d.StatefulSetResource - [customcl] Desired StatefulSet (1 replicas) for status STARTING (READY)
2025-01-29 18:38:23,695 INFO c.h.h.t.HelmChartContainer - [test-hivemq-platform] [hivemq] [3ffae191] INFO  - [HiveMQ Platform Operator Init App 1.7.0-SNAPSHOT] Successfully updated Pod HiveMQ Platform Operator Init App version annotation (version: 1.7.0-SNAPSHOT)
2025-01-29 18:38:23,729 INFO c.h.h.t.HelmChartContainer - [hivemq-test-hivemq-platform] [hivemq-platform-operator] [411f7c72] 18:38:23.727 [ReconcilerExecutor-hivemq-controller-111] INFO  c.h.p.o.HiveMQPlatformReconciler - [customcl] Reconciling HiveMQ Platform 'test-hivemq-platform' in namespace 'customclusterdomainnameit'
2025-01-29 18:38:23,729 INFO c.h.h.t.HelmChartContainer - [hivemq-test-hivemq-platform] [hivemq-platform-operator] [411f7c72] 18:38:23.728 [ReconcilerExecutor-hivemq-controller-111] DEBUG c.h.p.o.HiveMQPlatformReconciler - [customcl] Custom Resource Status STARTING - HiveMQ Platform is starting (READY)
2025-01-29 18:38:23,729 INFO c.h.h.t.HelmChartContainer - [hivemq-test-hivemq-platform] [hivemq-platform-operator] [411f7c72] 18:38:23.728 [ReconcilerExecutor-hivemq-controller-111] DEBUG c.h.p.o.HiveMQPlatformReconciler - [customcl] Custom Resource Spec (replicas: 1) (extensions: 1)
2025-01-29 18:38:23,739 INFO c.h.h.t.HelmChartContainer - [test-hivemq-platform] [hivemq] [3ffae191] WARN  - [HiveMQ Platform Operator Init App 1.7.0-SNAPSHOT] Cannot connect to Health API for readiness: null
2025-01-29 18:38:23,745 INFO c.h.h.t.HelmChartContainer - [EVENT] Warning [Unhealthy] Readiness probe failed: HTTP probe failed with statuscode: 503 [customclusterdomainnameit:test-hivemq-platform-0]
2025-01-29 18:38:23,745 INFO c.h.h.t.HelmChartContainer - Received Unhealthy event for container hivemq in pod test-hivemq-platform-0 [3ffae191-96a0-455c-8cbb-5b9815495464]
2025-01-29 18:38:23,762 INFO c.h.h.t.HelmChartContainer - [hivemq-test-hivemq-platform] [hivemq-platform-operator] [411f7c72] 18:38:23.760 [ReconcilerExecutor-hivemq-controller-111] DEBUG c.h.p.o.HiveMQPlatformReconciler - [customcl] StatefulSet Status (revision: test-hivemq-platform-5bf899b4bb, replicas: 1, available: 0, ready: 0, current: 1, updated: 1)
2025-01-29 18:38:23,762 INFO c.h.h.t.HelmChartContainer - [hivemq-test-hivemq-platform] [hivemq-platform-operator] [411f7c72] 18:38:23.760 [ReconcilerExecutor-hivemq-controller-111] DEBUG c.h.p.o.HiveMQPlatformReconciler - [customcl] StatefulSet Spec (replicas: 1, init containers: 1, containers: 1, volumes: 3)
2025-01-29 18:38:23,763 INFO c.h.h.t.HelmChartContainer - [hivemq-test-hivemq-platform] [hivemq-platform-operator] [411f7c72] 18:38:23.762 [ReconcilerExecutor-hivemq-controller-111] DEBUG c.h.p.o.h.HiveMQPlatformReconcilerErrorHandler - [customcl] Pod 'test-hivemq-platform-0' phase Running
2025-01-29 18:38:23,764 INFO c.h.h.t.HelmChartContainer - [hivemq-test-hivemq-platform] [hivemq-platform-operator] [411f7c72] 18:38:23.763 [ReconcilerExecutor-hivemq-controller-111] INFO  c.h.p.o.h.HiveMQPlatformReconcilerBaseHandler - [customcl] HiveMQ Platform is starting, 0 of 1 replicas are ready
2025-01-29 18:38:28,657 INFO c.h.h.t.HelmChartContainer - [test-hivemq-platform] [hivemq] [3ffae191] WARN  - [HiveMQ Platform Operator Init App 1.7.0-SNAPSHOT] Cannot connect to Health API for readiness: null
2025-01-29 18:38:28,662 INFO c.h.h.t.HelmChartContainer - [EVENT] Warning [Unhealthy] Readiness probe failed: HTTP probe failed with statuscode: 503 [customclusterdomainnameit:test-hivemq-platform-0]
2025-01-29 18:38:28,662 INFO c.h.h.t.HelmChartContainer - Received Unhealthy event for container hivemq in pod test-hivemq-platform-0 [3ffae191-96a0-455c-8cbb-5b9815495464]
2025-01-29 18:38:33,742 INFO c.h.h.t.HelmChartContainer - [test-hivemq-platform] [hivemq] [3ffae191] WARN  - [HiveMQ Platform Operator Init App 1.7.0-SNAPSHOT] Cannot connect to Health API for readiness: null
2025-01-29 18:38:33,748 INFO c.h.h.t.HelmChartContainer - [EVENT] Warning [Unhealthy] Readiness probe failed: HTTP probe failed with statuscode: 503 [customclusterdomainnameit:test-hivemq-platform-0]
2025-01-29 18:38:33,748 INFO c.h.h.t.HelmChartContainer - Received Unhealthy event for container hivemq in pod test-hivemq-platform-0 [3ffae191-96a0-455c-8cbb-5b9815495464]
2025-01-29 18:38:33,769 INFO c.h.h.t.HelmChartContainer - [hivemq-test-hivemq-platform] [hivemq-platform-operator] [411f7c72] 18:38:33.767 [pool-6-thread-36] DEBUG c.h.p.o.d.PlatformServiceResource - [customcl] Desired Platform services (2 services)
2025-01-29 18:38:33,769 INFO c.h.h.t.HelmChartContainer - [hivemq-test-hivemq-platform] [hivemq-platform-operator] [411f7c72] 18:38:33.768 [pool-6-thread-32] DEBUG c.h.p.o.dependants.PodInfoConfigMap - [customcl] Desired PodInfo ConfigMap (1 extensions) (1 enabled)
2025-01-29 18:38:33,769 INFO c.h.h.t.HelmChartContainer - [hivemq-test-hivemq-platform] [hivemq-platform-operator] [411f7c72] 18:38:33.768 [pool-6-thread-32] DEBUG c.h.p.o.dependants.PodInfoConfigMap - [customcl] Desired PodInfo ConfigMap (metrics port: 9399) (metrics path: /)
2025-01-29 18:38:33,769 INFO c.h.h.t.HelmChartContainer - [hivemq-test-hivemq-platform] [hivemq-platform-operator] [411f7c72] 18:38:33.768 [pool-6-thread-32] DEBUG c.h.p.o.dependants.PodInfoConfigMap - [customcl] Desired PodInfo ConfigMap (extension state hash: -1817474005)
2025-01-29 18:38:33,772 INFO c.h.h.t.HelmChartContainer - [hivemq-test-hivemq-platform] [hivemq-platform-operator] [411f7c72] 18:38:33.770 [pool-6-thread-35] DEBUG c.h.p.o.d.PodServiceAccountResource - [customcl] Desired PodServiceAccountResource (serviceAccountName: hivemq-platform-pod-test-hivemq-platform)
2025-01-29 18:38:33,775 INFO c.h.h.t.HelmChartContainer - [hivemq-test-hivemq-platform] [hivemq-platform-operator] [411f7c72] 18:38:33.774 [pool-6-thread-36] DEBUG c.h.p.o.d.StatefulSetResource - [customcl] Desired StatefulSet (1 replicas) for status STARTING (READY)
2025-01-29 18:38:33,779 INFO c.h.h.t.HelmChartContainer - [hivemq-test-hivemq-platform] [hivemq-platform-operator] [411f7c72] 18:38:33.778 [ReconcilerExecutor-hivemq-controller-112] INFO  c.h.p.o.HiveMQPlatformReconciler - [customcl] Reconciling HiveMQ Platform 'test-hivemq-platform' in namespace 'customclusterdomainnameit'
2025-01-29 18:38:33,780 INFO c.h.h.t.HelmChartContainer - [hivemq-test-hivemq-platform] [hivemq-platform-operator] [411f7c72] 18:38:33.778 [ReconcilerExecutor-hivemq-controller-112] DEBUG c.h.p.o.HiveMQPlatformReconciler - [customcl] Custom Resource Status STARTING - HiveMQ Platform is starting (READY)
2025-01-29 18:38:33,781 INFO c.h.h.t.HelmChartContainer - [hivemq-test-hivemq-platform] [hivemq-platform-operator] [411f7c72] 18:38:33.778 [ReconcilerExecutor-hivemq-controller-112] DEBUG c.h.p.o.HiveMQPlatformReconciler - [customcl] Custom Resource Spec (replicas: 1) (extensions: 1)
2025-01-29 18:38:33,782 INFO c.h.h.t.HelmChartContainer - [hivemq-test-hivemq-platform] [hivemq-platform-operator] [411f7c72] 18:38:33.780 [ReconcilerExecutor-hivemq-controller-112] DEBUG c.h.p.o.HiveMQPlatformReconciler - [customcl] StatefulSet Status (revision: test-hivemq-platform-5bf899b4bb, replicas: 1, available: 0, ready: 0, current: 1, updated: 1)
2025-01-29 18:38:33,861 INFO c.h.h.t.HelmChartContainer - [hivemq-test-hivemq-platform] [hivemq-platform-operator] [411f7c72] 18:38:33.781 [ReconcilerExecutor-hivemq-controller-112] DEBUG c.h.p.o.HiveMQPlatformReconciler - [customcl] StatefulSet Spec (replicas: 1, init containers: 1, containers: 1, volumes: 3)
2025-01-29 18:38:33,863 INFO c.h.h.t.HelmChartContainer - [hivemq-test-hivemq-platform] [hivemq-platform-operator] [411f7c72] 18:38:33.862 [ReconcilerExecutor-hivemq-controller-112] DEBUG c.h.p.o.h.HiveMQPlatformReconcilerErrorHandler - [customcl] Pod 'test-hivemq-platform-0' phase Running
2025-01-29 18:38:33,865 INFO c.h.h.t.HelmChartContainer - [hivemq-test-hivemq-platform] [hivemq-platform-operator] [411f7c72] 18:38:33.863 [ReconcilerExecutor-hivemq-controller-112] INFO  c.h.p.o.h.HiveMQPlatformReconcilerBaseHandler - [customcl] HiveMQ Platform is starting, 0 of 1 replicas are ready
2025-01-29 18:38:35,398 INFO c.h.h.t.HelmChartContainer - [test-hivemq-platform] [hivemq] [3ffae191] WARN  - [HiveMQ Platform Operator Init App 1.7.0-SNAPSHOT] Cannot connect to Health API for liveness: null
2025-01-29 18:38:35,399 INFO c.h.h.t.HelmChartContainer - [test-hivemq-platform] [hivemq] [3ffae191] INFO  - [HiveMQ Platform Operator Init App 1.7.0-SNAPSHOT] Returning default Health API response 200 for liveness
2025-01-29 18:38:35,951 INFO c.h.h.t.HelmChartContainer - [test-hivemq-platform] [hivemq] [3ffae191] INFO  - No valid license file found. Using trial license, restricted to 25 connections.
2025-01-29 18:38:38,497 INFO c.h.h.t.HelmChartContainer - [test-hivemq-platform] [hivemq] [3ffae191] INFO  - No valid license file for Data Hub found. Using free license, restricted to 1 policy.
2025-01-29 18:38:38,742 INFO c.h.h.t.HelmChartContainer - [test-hivemq-platform] [hivemq] [3ffae191] WARN  - [HiveMQ Platform Operator Init App 1.7.0-SNAPSHOT] Cannot connect to Health API for readiness: null
2025-01-29 18:38:38,746 INFO c.h.h.t.HelmChartContainer - [EVENT] Warning [Unhealthy] Readiness probe failed: HTTP probe failed with statuscode: 503 [customclusterdomainnameit:test-hivemq-platform-0]
2025-01-29 18:38:38,746 INFO c.h.h.t.HelmChartContainer - Received Unhealthy event for container hivemq in pod test-hivemq-platform-0 [3ffae191-96a0-455c-8cbb-5b9815495464]
2025-01-29 18:38:39,747 INFO c.h.h.t.HelmChartContainer - [test-hivemq-platform] [hivemq] [3ffae191] INFO  - Audit Logger started.
2025-01-29 18:38:40,040 INFO c.h.h.t.HelmChartContainer - [test-hivemq-platform] [hivemq] [3ffae191] INFO  - This node uses '1' CPU cores.
2025-01-29 18:38:40,045 INFO c.h.h.t.HelmChartContainer - [test-hivemq-platform] [hivemq] [3ffae191] INFO  - Starting HiveMQ Health API on address 0.0.0.0 and port 8889
2025-01-29 18:38:41,000 INFO c.h.h.t.HelmChartContainer - [test-hivemq-platform] [hivemq] [3ffae191] INFO  - Started HiveMQ Health API in 953ms
2025-01-29 18:38:41,600 INFO c.h.h.t.HelmChartContainer - [test-hivemq-platform] [hivemq] [3ffae191] INFO  - Starting HiveMQ extension system.
2025-01-29 18:38:41,843 INFO c.h.h.t.HelmChartContainer - [test-hivemq-platform] [hivemq] [3ffae191] INFO  - Starting extension with id "hivemq-dns-cluster-discovery" at /opt/hivemq/extensions/hivemq-dns-cluster-discovery
2025-01-29 18:38:42,302 INFO c.h.h.t.HelmChartContainer - [test-hivemq-platform] [hivemq] [3ffae191] INFO  - Extension "DNS Cluster Discovery Extension" version 4.3.2 started successfully.
2025-01-29 18:38:42,302 INFO c.h.h.t.HelmChartContainer - [test-hivemq-platform] [hivemq] [3ffae191] INFO  - Starting extension with id "hivemq-prometheus-extension" at /opt/hivemq/extensions/hivemq-prometheus-extension
2025-01-29 18:38:42,396 INFO c.h.h.t.HelmChartContainer - [test-hivemq-platform] [hivemq] [3ffae191] INFO  - Using TCP cluster transport on address 10.42.0.6 and port 7000
2025-01-29 18:38:42,441 INFO c.h.h.t.HelmChartContainer - [test-hivemq-platform] [hivemq] [3ffae191] INFO  - Using extension cluster discovery
2025-01-29 18:38:43,396 INFO c.h.h.t.HelmChartContainer - [test-hivemq-platform] [hivemq] [3ffae191] INFO  - Started Jetty Server exposing Prometheus Servlet on URI http://0.0.0.0:9399/
2025-01-29 18:38:43,397 INFO c.h.h.t.HelmChartContainer - [test-hivemq-platform] [hivemq] [3ffae191] INFO  - Extension "Prometheus Monitoring Extension" version 4.0.12 started successfully.
2025-01-29 18:38:43,397 INFO c.h.h.t.HelmChartContainer - [test-hivemq-platform] [hivemq] [3ffae191] INFO  - Starting extension with id "hivemq-allow-all-extension" at /opt/hivemq/extensions/hivemq-allow-all-extension
2025-01-29 18:38:43,397 INFO c.h.h.t.HelmChartContainer - [test-hivemq-platform] [hivemq] [3ffae191] WARN  - 
2025-01-29 18:38:43,397 INFO c.h.h.t.HelmChartContainer - [test-hivemq-platform] [hivemq] [3ffae191] ################################################################################################################
2025-01-29 18:38:43,397 INFO c.h.h.t.HelmChartContainer - [test-hivemq-platform] [hivemq] [3ffae191] # This HiveMQ deployment is not secure! You are lacking Authentication and Authorization.                      #
2025-01-29 18:38:43,397 INFO c.h.h.t.HelmChartContainer - [test-hivemq-platform] [hivemq] [3ffae191] # Right now any MQTT client can connect to the broker with a full set of permissions.                          #
2025-01-29 18:38:43,397 INFO c.h.h.t.HelmChartContainer - [test-hivemq-platform] [hivemq] [3ffae191] # For production usage, add an appropriate security extension and remove the hivemq-allow-all extension.       #
2025-01-29 18:38:43,397 INFO c.h.h.t.HelmChartContainer - [test-hivemq-platform] [hivemq] [3ffae191] # You can download security extensions from the HiveMQ Marketplace (https://www.hivemq.com/extensions/).       #
2025-01-29 18:38:43,398 INFO c.h.h.t.HelmChartContainer - [test-hivemq-platform] [hivemq] [3ffae191] ################################################################################################################
2025-01-29 18:38:43,398 INFO c.h.h.t.HelmChartContainer - [test-hivemq-platform] [hivemq] [3ffae191] INFO  - Extension "Allow All Extension" version 1.1.1 started successfully.
2025-01-29 18:38:43,870 INFO c.h.h.t.HelmChartContainer - [hivemq-test-hivemq-platform] [hivemq-platform-operator] [411f7c72] 18:38:43.866 [pool-6-thread-46] DEBUG c.h.p.o.d.PlatformServiceResource - [customcl] Desired Platform services (2 services)
2025-01-29 18:38:43,871 INFO c.h.h.t.HelmChartContainer - [hivemq-test-hivemq-platform] [hivemq-platform-operator] [411f7c72] 18:38:43.867 [pool-6-thread-45] DEBUG c.h.p.o.d.PodServiceAccountResource - [customcl] Desired PodServiceAccountResource (serviceAccountName: hivemq-platform-pod-test-hivemq-platform)
2025-01-29 18:38:43,871 INFO c.h.h.t.HelmChartContainer - [hivemq-test-hivemq-platform] [hivemq-platform-operator] [411f7c72] 18:38:43.867 [pool-6-thread-48] DEBUG c.h.p.o.dependants.PodInfoConfigMap - [customcl] Desired PodInfo ConfigMap (1 extensions) (1 enabled)
2025-01-29 18:38:43,871 INFO c.h.h.t.HelmChartContainer - [hivemq-test-hivemq-platform] [hivemq-platform-operator] [411f7c72] 18:38:43.867 [pool-6-thread-48] DEBUG c.h.p.o.dependants.PodInfoConfigMap - [customcl] Desired PodInfo ConfigMap (metrics port: 9399) (metrics path: /)
2025-01-29 18:38:43,871 INFO c.h.h.t.HelmChartContainer - [hivemq-test-hivemq-platform] [hivemq-platform-operator] [411f7c72] 18:38:43.867 [pool-6-thread-48] DEBUG c.h.p.o.dependants.PodInfoConfigMap - [customcl] Desired PodInfo ConfigMap (extension state hash: -1817474005)
2025-01-29 18:38:43,875 INFO c.h.h.t.HelmChartContainer - [hivemq-test-hivemq-platform] [hivemq-platform-operator] [411f7c72] 18:38:43.875 [pool-6-thread-46] DEBUG c.h.p.o.d.StatefulSetResource - [customcl] Desired StatefulSet (1 replicas) for status STARTING (READY)
2025-01-29 18:38:43,962 INFO c.h.h.t.HelmChartContainer - [hivemq-test-hivemq-platform] [hivemq-platform-operator] [411f7c72] 18:38:43.959 [ReconcilerExecutor-hivemq-controller-113] INFO  c.h.p.o.HiveMQPlatformReconciler - [customcl] Reconciling HiveMQ Platform 'test-hivemq-platform' in namespace 'customclusterdomainnameit'
2025-01-29 18:38:43,962 INFO c.h.h.t.HelmChartContainer - [hivemq-test-hivemq-platform] [hivemq-platform-operator] [411f7c72] 18:38:43.960 [ReconcilerExecutor-hivemq-controller-113] DEBUG c.h.p.o.HiveMQPlatformReconciler - [customcl] Custom Resource Status STARTING - HiveMQ Platform is starting (READY)
2025-01-29 18:38:43,962 INFO c.h.h.t.HelmChartContainer - [hivemq-test-hivemq-platform] [hivemq-platform-operator] [411f7c72] 18:38:43.960 [ReconcilerExecutor-hivemq-controller-113] DEBUG c.h.p.o.HiveMQPlatformReconciler - [customcl] Custom Resource Spec (replicas: 1) (extensions: 1)
2025-01-29 18:38:43,964 INFO c.h.h.t.HelmChartContainer - [hivemq-test-hivemq-platform] [hivemq-platform-operator] [411f7c72] 18:38:43.962 [ReconcilerExecutor-hivemq-controller-113] DEBUG c.h.p.o.HiveMQPlatformReconciler - [customcl] StatefulSet Status (revision: test-hivemq-platform-5bf899b4bb, replicas: 1, available: 0, ready: 0, current: 1, updated: 1)
2025-01-29 18:38:43,967 INFO c.h.h.t.HelmChartContainer - [hivemq-test-hivemq-platform] [hivemq-platform-operator] [411f7c72] 18:38:43.962 [ReconcilerExecutor-hivemq-controller-113] DEBUG c.h.p.o.HiveMQPlatformReconciler - [customcl] StatefulSet Spec (replicas: 1, init containers: 1, containers: 1, volumes: 3)
2025-01-29 18:38:43,967 INFO c.h.h.t.HelmChartContainer - [hivemq-test-hivemq-platform] [hivemq-platform-operator] [411f7c72] 18:38:43.965 [ReconcilerExecutor-hivemq-controller-113] DEBUG c.h.p.o.h.HiveMQPlatformReconcilerErrorHandler - [customcl] Pod 'test-hivemq-platform-0' phase Running
2025-01-29 18:38:43,968 INFO c.h.h.t.HelmChartContainer - [hivemq-test-hivemq-platform] [hivemq-platform-operator] [411f7c72] 18:38:43.966 [ReconcilerExecutor-hivemq-controller-113] INFO  c.h.p.o.h.HiveMQPlatformReconcilerBaseHandler - [customcl] HiveMQ Platform is starting, 0 of 1 replicas are ready
2025-01-29 18:38:44,142 INFO c.h.h.t.HelmChartContainer - [test-hivemq-platform] [hivemq] [3ffae191] INFO  - [HiveMQ Platform Operator Init App 1.7.0-SNAPSHOT] Returning Health API response 503 for readiness
2025-01-29 18:38:44,146 INFO c.h.h.t.HelmChartContainer - [EVENT] Warning [Unhealthy] Readiness probe failed: HTTP probe failed with statuscode: 503 [customclusterdomainnameit:test-hivemq-platform-0]
2025-01-29 18:38:44,146 INFO c.h.h.t.HelmChartContainer - Received Unhealthy event for container hivemq in pod test-hivemq-platform-0 [3ffae191-96a0-455c-8cbb-5b9815495464]
2025-01-29 18:38:45,342 INFO c.h.h.t.HelmChartContainer - [test-hivemq-platform] [hivemq] [3ffae191] INFO  - Nz7YT: no members discovered after 2203 ms: creating cluster as first member
2025-01-29 18:38:45,347 INFO c.h.h.t.HelmChartContainer - [test-hivemq-platform] [hivemq] [3ffae191] INFO  - Cluster nodes found by discovery: [Nz7YT|0] (1) [Nz7YT].
2025-01-29 18:38:45,442 INFO c.h.h.t.HelmChartContainer - [test-hivemq-platform] [hivemq] [3ffae191] WARN  - No user for HiveMQ Control Center configured. Starting with default user
2025-01-29 18:38:45,442 INFO c.h.h.t.HelmChartContainer - [test-hivemq-platform] [hivemq] [3ffae191] INFO  - Starting HiveMQ Control Center on address 127.0.0.1 and port 8080
2025-01-29 18:38:45,442 INFO c.h.h.t.HelmChartContainer - [test-hivemq-platform] [hivemq] [3ffae191] INFO  - Mounting HiveMQ Control Center V2 Preview
2025-01-29 18:38:45,958 INFO c.h.h.t.HelmChartContainer - [test-hivemq-platform] [hivemq] [3ffae191] INFO  - Started HiveMQ Control Center in 519ms
2025-01-29 18:38:46,050 INFO c.h.h.t.HelmChartContainer - [test-hivemq-platform] [hivemq] [3ffae191] INFO  - Starting TCP listener on address 0.0.0.0 and port 1884
2025-01-29 18:38:46,143 INFO c.h.h.t.HelmChartContainer - [test-hivemq-platform] [hivemq] [3ffae191] INFO  - Started TCP Listener on address 0.0.0.0 and on port 1884.
2025-01-29 18:38:46,143 INFO c.h.h.t.HelmChartContainer - [test-hivemq-platform] [hivemq] [3ffae191] INFO  - Started HiveMQ in 31197ms
2025-01-29 18:38:48,659 INFO c.h.h.t.HelmChartContainer - [test-hivemq-platform] [hivemq] [3ffae191] INFO  - [HiveMQ Platform Operator Init App 1.7.0-SNAPSHOT] Returning Health API response 200 for readiness
2025-01-29 18:38:48,680 INFO c.h.h.t.HelmChartContainer - [POD] test-hivemq-platform-0 [3ffae191-96a0-455c-8cbb-5b9815495464] in customclusterdomainnameit was MODIFIED
2025-01-29 18:38:48,691 INFO c.h.h.t.HelmChartContainer - [hivemq-test-hivemq-platform] [hivemq-platform-operator] [411f7c72] 18:38:48.687 [pool-6-thread-2] DEBUG c.h.p.o.d.PlatformServiceResource - [customcl] Desired Platform services (2 services)
2025-01-29 18:38:48,692 INFO c.h.h.t.HelmChartContainer - [hivemq-test-hivemq-platform] [hivemq-platform-operator] [411f7c72] 18:38:48.690 [pool-6-thread-5] DEBUG c.h.p.o.d.PodServiceAccountResource - [customcl] Desired PodServiceAccountResource (serviceAccountName: hivemq-platform-pod-test-hivemq-platform)
2025-01-29 18:38:48,695 INFO c.h.h.t.HelmChartContainer - [hivemq-test-hivemq-platform] [hivemq-platform-operator] [411f7c72] 18:38:48.693 [pool-6-thread-1] DEBUG c.h.p.o.dependants.PodInfoConfigMap - [customcl] Desired PodInfo ConfigMap (1 extensions) (1 enabled)
2025-01-29 18:38:48,695 INFO c.h.h.t.HelmChartContainer - [hivemq-test-hivemq-platform] [hivemq-platform-operator] [411f7c72] 18:38:48.693 [pool-6-thread-1] DEBUG c.h.p.o.dependants.PodInfoConfigMap - [customcl] Desired PodInfo ConfigMap (metrics port: 9399) (metrics path: /)
2025-01-29 18:38:48,695 INFO c.h.h.t.HelmChartContainer - [hivemq-test-hivemq-platform] [hivemq-platform-operator] [411f7c72] 18:38:48.693 [pool-6-thread-1] DEBUG c.h.p.o.dependants.PodInfoConfigMap - [customcl] Desired PodInfo ConfigMap (extension state hash: -1817474005)
2025-01-29 18:38:48,761 INFO c.h.h.t.HelmChartContainer - [hivemq-test-hivemq-platform] [hivemq-platform-operator] [411f7c72] 18:38:48.760 [pool-6-thread-1] DEBUG c.h.p.o.d.StatefulSetResource - [customcl] Desired StatefulSet (1 replicas) for status STARTING (READY)
2025-01-29 18:38:48,766 INFO c.h.h.t.HelmChartContainer - [hivemq-test-hivemq-platform] [hivemq-platform-operator] [411f7c72] 18:38:48.764 [ReconcilerExecutor-hivemq-controller-114] INFO  c.h.p.o.HiveMQPlatformReconciler - [customcl] Reconciling HiveMQ Platform 'test-hivemq-platform' in namespace 'customclusterdomainnameit'
2025-01-29 18:38:48,766 INFO c.h.h.t.HelmChartContainer - [hivemq-test-hivemq-platform] [hivemq-platform-operator] [411f7c72] 18:38:48.764 [ReconcilerExecutor-hivemq-controller-114] DEBUG c.h.p.o.HiveMQPlatformReconciler - [customcl] Custom Resource Status STARTING - HiveMQ Platform is starting (READY)
2025-01-29 18:38:48,766 INFO c.h.h.t.HelmChartContainer - [hivemq-test-hivemq-platform] [hivemq-platform-operator] [411f7c72] 18:38:48.764 [ReconcilerExecutor-hivemq-controller-114] DEBUG c.h.p.o.HiveMQPlatformReconciler - [customcl] Custom Resource Spec (replicas: 1) (extensions: 1)
2025-01-29 18:38:48,768 INFO c.h.h.t.HelmChartContainer - [hivemq-test-hivemq-platform] [hivemq-platform-operator] [411f7c72] 18:38:48.766 [ReconcilerExecutor-hivemq-controller-114] DEBUG c.h.p.o.HiveMQPlatformReconciler - [customcl] StatefulSet Status (revision: test-hivemq-platform-5bf899b4bb, replicas: 1, available: 1, ready: 1, current: 1, updated: 1)
2025-01-29 18:38:48,770 INFO c.h.h.t.HelmChartContainer - [hivemq-test-hivemq-platform] [hivemq-platform-operator] [411f7c72] 18:38:48.766 [ReconcilerExecutor-hivemq-controller-114] DEBUG c.h.p.o.HiveMQPlatformReconciler - [customcl] StatefulSet Spec (replicas: 1, init containers: 1, containers: 1, volumes: 3)
2025-01-29 18:38:48,770 INFO c.h.h.t.HelmChartContainer - [hivemq-test-hivemq-platform] [hivemq-platform-operator] [411f7c72] 18:38:48.768 [ReconcilerExecutor-hivemq-controller-114] DEBUG c.h.p.o.h.HiveMQPlatformReconcilerErrorHandler - [customcl] Pod 'test-hivemq-platform-0' phase Running
2025-01-29 18:38:48,770 INFO c.h.h.t.HelmChartContainer - [hivemq-test-hivemq-platform] [hivemq-platform-operator] [411f7c72] 18:38:48.768 [ReconcilerExecutor-hivemq-controller-114] INFO  c.h.p.o.h.HiveMQPlatformReconcilerBaseHandler - [customcl] HiveMQ Platform started successfully
2025-01-29 18:38:48,872 INFO c.h.h.t.HelmChartContainer - [hivemq-test-hivemq-platform] [hivemq-platform-operator] [411f7c72] 18:38:48.871 [ReconcilerExecutor-hivemq-controller-114] DEBUG c.h.p.operator.event.EventSender - [customcl] Creating K8s event hivemq-platform-ready: [Ready] HiveMQ Platform is ready
2025-01-29 18:38:48,876 INFO c.h.h.t.HelmChartContainer - [EVENT] Normal [Ready] HiveMQ Platform is ready [customclusterdomainnameit:test-hivemq-platform]
2025-01-29 18:38:48,878 INFO c.h.h.t.HelmChartContainer - [hivemq-test-hivemq-platform] [hivemq-platform-operator] [411f7c72] 18:38:48.876 [ReconcilerExecutor-hivemq-controller-114] INFO  c.h.p.o.h.AbstractHiveMQReconcilerStateHandler - [customcl] Update HiveMQ Platform Status (STARTING [READY] -> RUNNING [READY]): HiveMQ Platform is ready
2025-01-29 18:38:48,886 DEBUG com.hivemq.helmcharts.util.K8sUtil - Comparing actual state 'RUNNING' and waiting for 'RUNNING'
2025-01-29 18:38:48,966 INFO c.h.h.t.HelmChartContainer - [hivemq-test-hivemq-platform] [hivemq-platform-operator] [411f7c72] 18:38:48.963 [pool-6-thread-17] DEBUG c.h.p.o.d.PlatformServiceResource - [customcl] Desired Platform services (2 services)
2025-01-29 18:38:48,968 INFO c.h.h.t.HelmChartContainer - [hivemq-test-hivemq-platform] [hivemq-platform-operator] [411f7c72] 18:38:48.966 [pool-6-thread-14] DEBUG c.h.p.o.dependants.PodInfoConfigMap - [customcl] Desired PodInfo ConfigMap (1 extensions) (1 enabled)
2025-01-29 18:38:48,969 INFO c.h.h.t.HelmChartContainer - [hivemq-test-hivemq-platform] [hivemq-platform-operator] [411f7c72] 18:38:48.966 [pool-6-thread-14] DEBUG c.h.p.o.dependants.PodInfoConfigMap - [customcl] Desired PodInfo ConfigMap (metrics port: 9399) (metrics path: /)
2025-01-29 18:38:48,969 INFO c.h.h.t.HelmChartContainer - [hivemq-test-hivemq-platform] [hivemq-platform-operator] [411f7c72] 18:38:48.966 [pool-6-thread-14] DEBUG c.h.p.o.dependants.PodInfoConfigMap - [customcl] Desired PodInfo ConfigMap (extension state hash: -1817474005)
2025-01-29 18:38:48,969 INFO c.h.h.t.HelmChartContainer - [hivemq-test-hivemq-platform] [hivemq-platform-operator] [411f7c72] 18:38:48.967 [pool-6-thread-14] DEBUG c.h.p.o.dependants.PodInfoConfigMap - [customcl] Update PodInfo ConfigMap
2025-01-29 18:38:48,973 INFO c.h.h.t.HelmChartContainer - [hivemq-test-hivemq-platform] [hivemq-platform-operator] [411f7c72] 18:38:48.972 [pool-6-thread-11] DEBUG c.h.p.o.d.PodServiceAccountResource - [customcl] Desired PodServiceAccountResource (serviceAccountName: hivemq-platform-pod-test-hivemq-platform)
2025-01-29 18:38:49,027 INFO c.h.h.t.HelmChartContainer - [hivemq-test-hivemq-platform] [hivemq-platform-operator] [411f7c72] 18:38:49.026 [pool-6-thread-14] DEBUG c.h.p.o.d.StatefulSetResource - [customcl] Desired StatefulSet (1 replicas) for status RUNNING (READY)
2025-01-29 18:38:49,063 INFO c.h.h.t.HelmChartContainer - [hivemq-test-hivemq-platform] [hivemq-platform-operator] [411f7c72] 18:38:49.062 [ReconcilerExecutor-hivemq-controller-115] INFO  c.h.p.o.HiveMQPlatformReconciler - [customcl] Reconciling HiveMQ Platform 'test-hivemq-platform' in namespace 'customclusterdomainnameit'
2025-01-29 18:38:49,064 INFO c.h.h.t.HelmChartContainer - [hivemq-test-hivemq-platform] [hivemq-platform-operator] [411f7c72] 18:38:49.063 [ReconcilerExecutor-hivemq-controller-115] DEBUG c.h.p.o.HiveMQPlatformReconciler - [customcl] Custom Resource Status RUNNING - HiveMQ Platform is ready (READY)
2025-01-29 18:38:49,064 INFO c.h.h.t.HelmChartContainer - [hivemq-test-hivemq-platform] [hivemq-platform-operator] [411f7c72] 18:38:49.063 [ReconcilerExecutor-hivemq-controller-115] DEBUG c.h.p.o.HiveMQPlatformReconciler - [customcl] Custom Resource Spec (replicas: 1) (extensions: 1)
2025-01-29 18:38:49,066 INFO c.h.h.t.HelmChartContainer - [hivemq-test-hivemq-platform] [hivemq-platform-operator] [411f7c72] 18:38:49.065 [ReconcilerExecutor-hivemq-controller-115] DEBUG c.h.p.o.HiveMQPlatformReconciler - [customcl] StatefulSet Status (revision: test-hivemq-platform-5bf899b4bb, replicas: 1, available: 1, ready: 1, current: 1, updated: 1)
2025-01-29 18:38:49,066 INFO c.h.h.t.HelmChartContainer - [hivemq-test-hivemq-platform] [hivemq-platform-operator] [411f7c72] 18:38:49.065 [ReconcilerExecutor-hivemq-controller-115] DEBUG c.h.p.o.HiveMQPlatformReconciler - [customcl] StatefulSet Spec (replicas: 1, init containers: 1, containers: 1, volumes: 3)
2025-01-29 18:38:49,067 INFO c.h.h.t.HelmChartContainer - [hivemq-test-hivemq-platform] [hivemq-platform-operator] [411f7c72] 18:38:49.067 [ReconcilerExecutor-hivemq-controller-115] DEBUG c.h.p.o.h.HiveMQPlatformReconcilerErrorHandler - [customcl] Pod 'test-hivemq-platform-0' phase Running
2025-01-29 18:38:54,139 DEBUG com.hivemq.helmcharts.util.PodUtil - Received status for command '[cat, /etc/resolv.conf]' on pod 'test-hivemq-platform-0' (exit code: 0)
2025-01-29 18:38:54,145 INFO c.h.h.t.HelmChartContainer - Uninstalling release 'test-hivemq-platform' in namespace 'customclusterdomainnameit'...
2025-01-29 18:38:54,145 DEBUG c.h.h.t.HelmChartContainer - Executing helm command: /bin/helm --kubeconfig /etc/rancher/k3s/k3s.yaml uninstall test-hivemq-platform  --wait --timeout 5m0s --cascade foreground --namespace customclusterdomainnameit
2025-01-29 18:38:54,377 INFO c.h.h.t.HelmChartContainer - [hivemq-test-hivemq-platform] [hivemq-platform-operator] [411f7c72] 18:38:54.366 [ReconcilerExecutor-hivemq-controller-116] INFO  c.h.p.o.HiveMQPlatformReconciler - [customcl] Cleanup test-hivemq-platform - customclusterdomainnameit HiveMQ Platform is shut down
2025-01-29 18:38:54,723 INFO c.h.h.t.HelmChartContainer - [POD] test-hivemq-platform-0 [3ffae191-96a0-455c-8cbb-5b9815495464] in customclusterdomainnameit was MODIFIED
2025-01-29 18:38:54,723 INFO c.h.h.t.HelmChartContainer - [EVENT] Normal [Killing] Stopping container hivemq [customclusterdomainnameit:test-hivemq-platform-0]
2025-01-29 18:38:54,723 INFO c.h.h.t.HelmChartContainer - Received Killing event for container hivemq in pod test-hivemq-platform-0 [3ffae191-96a0-455c-8cbb-5b9815495464]
2025-01-29 18:38:54,723 INFO c.h.h.t.HelmChartContainer - Container [test-hivemq-platform-0] [hivemq] [3ffae191-96a0-455c-8cbb-5b9815495464] was terminated
2025-01-29 18:38:54,723 INFO c.h.h.t.HelmChartContainer - Stopped log watcher for hivemq in pod test-hivemq-platform-0 [3ffae191-96a0-455c-8cbb-5b9815495464]
2025-01-29 18:38:54,734 INFO c.h.h.t.HelmChartContainer - [test-hivemq-platform] [hivemq] [3ffae191] INFO  - [HiveMQ Platform Operator Init App 1.7.0-SNAPSHOT] Shutting down
2025-01-29 18:38:54,734 INFO c.h.h.t.HelmChartContainer - [test-hivemq-platform] [hivemq] [3ffae191] INFO  - [HiveMQ Platform Operator Init App 1.7.0-SNAPSHOT] Stopping the HiveMQ Platform
2025-01-29 18:38:54,855 INFO c.h.h.t.HelmChartContainer - [test-hivemq-platform] [hivemq] [3ffae191] INFO  - Shutting down HiveMQ. Please wait, this could take a while...
2025-01-29 18:38:54,939 INFO c.h.h.t.HelmChartContainer - [test-hivemq-platform] [hivemq] [3ffae191] INFO  - Shutting down listeners and clients
2025-01-29 18:38:54,940 INFO c.h.h.t.HelmChartContainer - [test-hivemq-platform] [hivemq] [3ffae191] INFO  - Shutdown of listeners is done
2025-01-29 18:38:54,941 INFO c.h.h.t.HelmChartContainer - [test-hivemq-platform] [hivemq] [3ffae191] INFO  - No clients are connected, proceeding with shutdown
2025-01-29 18:38:56,404 INFO c.h.h.t.HelmChartContainer - Deleting namespace 'customclusterdomainnameit'...
2025-01-29 18:38:57,700 INFO c.h.h.t.HelmChartContainer - [test-hivemq-platform] [hivemq] [3ffae191] INFO  - Shutting down extension system
2025-01-29 18:38:57,707 INFO c.h.h.t.HelmChartContainer - [test-hivemq-platform] [hivemq] [3ffae191] INFO  - Stopping extension with id hivemq-dns-cluster-discovery
2025-01-29 18:38:57,708 INFO c.h.h.t.HelmChartContainer - [test-hivemq-platform] [hivemq] [3ffae191] INFO  - Extension "DNS Cluster Discovery Extension" version 4.3.2 stopped successfully.
2025-01-29 18:38:57,708 INFO c.h.h.t.HelmChartContainer - [test-hivemq-platform] [hivemq] [3ffae191] INFO  - Stopping extension with id hivemq-prometheus-extension
2025-01-29 18:38:57,712 INFO c.h.h.t.HelmChartContainer - [test-hivemq-platform] [hivemq] [3ffae191] INFO  - Extension "Prometheus Monitoring Extension" version 4.0.12 stopped successfully.
2025-01-29 18:38:57,712 INFO c.h.h.t.HelmChartContainer - [test-hivemq-platform] [hivemq] [3ffae191] INFO  - Stopping extension with id hivemq-allow-all-extension
2025-01-29 18:38:57,713 INFO c.h.h.t.HelmChartContainer - [test-hivemq-platform] [hivemq] [3ffae191] INFO  - Extension "Allow All Extension" version 1.1.1 stopped successfully.
2025-01-29 18:38:58,655 INFO c.h.h.t.HelmChartContainer - [test-hivemq-platform] [hivemq] [3ffae191] INFO  - [HiveMQ Platform Operator Init App 1.7.0-SNAPSHOT] Returning shutdown Health API response 503 for readiness
2025-01-29 18:38:58,659 INFO c.h.h.t.HelmChartContainer - [EVENT] Warning [Unhealthy] Readiness probe failed: HTTP probe failed with statuscode: 503 [customclusterdomainnameit:test-hivemq-platform-0]
2025-01-29 18:38:58,659 INFO c.h.h.t.HelmChartContainer - Received Unhealthy event for container hivemq in pod test-hivemq-platform-0 [3ffae191-96a0-455c-8cbb-5b9815495464]
2025-01-29 18:38:58,977 INFO c.h.h.t.HelmChartContainer - [test-hivemq-platform] [hivemq] [3ffae191] WARN  - [HiveMQ Platform Operator Init App 1.7.0-SNAPSHOT] Could not update Pod annotations: Failure executing: GET at: https://10.43.0.1:443/api/v1/namespaces/customclusterdomainnameit/pods/test-hivemq-platform-0. Message: pods "test-hivemq-platform-0" is forbidden: User "system:serviceaccount:customclusterdomainnameit:hivemq-platform-pod-test-hivemq-platform" cannot get resource "pods" in API group "" in the namespace "customclusterdomainnameit". Received status: Status(apiVersion=v1, code=403, details=StatusDetails(causes=[], group=null, kind=pods, name=test-hivemq-platform-0, retryAfterSeconds=null, uid=null, additionalProperties={}), kind=Status, message=pods "test-hivemq-platform-0" is forbidden: User "system:serviceaccount:customclusterdomainnameit:hivemq-platform-pod-test-hivemq-platform" cannot get resource "pods" in API group "" in the namespace "customclusterdomainnameit", metadata=ListMeta(_continue=null, remainingItemCount=null, resourceVersion=null, selfLink=null, additionalProperties={}), reason=Forbidden, status=Failure, additionalProperties={}).
2025-01-29 18:38:59,997 INFO c.h.h.t.HelmChartContainer - [test-hivemq-platform] [hivemq] [3ffae191] INFO  - Shutdown completed.
2025-01-29 18:39:00,344 INFO c.h.h.t.HelmChartContainer - [test-hivemq-platform] [hivemq] [3ffae191] INFO  - [HiveMQ Platform Operator Init App 1.7.0-SNAPSHOT] The HiveMQ Platform exited with code 143
2025-01-29 18:39:00,344 INFO c.h.h.t.HelmChartContainer - [test-hivemq-platform] [hivemq] [3ffae191] INFO  - [HiveMQ Platform Operator Init App 1.7.0-SNAPSHOT] Stopping the REST API
2025-01-29 18:39:00,351 INFO c.h.h.t.HelmChartContainer - [test-hivemq-platform] [hivemq] [3ffae191] INFO  - [HiveMQ Platform Operator Init App 1.7.0-SNAPSHOT] Shutdown complete
2025-01-29 18:39:00,811 INFO c.h.h.t.HelmChartContainer - [POD] test-hivemq-platform-0 [3ffae191-96a0-455c-8cbb-5b9815495464] in customclusterdomainnameit was MODIFIED
2025-01-29 18:39:00,813 INFO c.h.h.t.HelmChartContainer - [K3S] [stateful_set.go:438] "Unhandled Error" err="error syncing StatefulSet customclusterdomainnameit/test-hivemq-platform, requeuing: controllerrevisions.apps \"test-hivemq-platform-5bf899b4bb\" is forbidden: unable to create new content in namespace customclusterdomainnameit because it is being terminated"
2025-01-29 18:39:00,820 INFO c.h.h.t.HelmChartContainer - [K3S] [stateful_set.go:438] "Unhandled Error" err="error syncing StatefulSet customclusterdomainnameit/test-hivemq-platform, requeuing: controllerrevisions.apps \"test-hivemq-platform-5bf899b4bb\" is forbidden: unable to create new content in namespace customclusterdomainnameit because it is being terminated"
2025-01-29 18:39:00,833 INFO c.h.h.t.HelmChartContainer - [K3S] [stateful_set.go:438] "Unhandled Error" err="error syncing StatefulSet customclusterdomainnameit/test-hivemq-platform, requeuing: controllerrevisions.apps \"test-hivemq-platform-5bf899b4bb\" is forbidden: unable to create new content in namespace customclusterdomainnameit because it is being terminated"
2025-01-29 18:39:00,857 INFO c.h.h.t.HelmChartContainer - [K3S] [stateful_set.go:438] "Unhandled Error" err="error syncing StatefulSet customclusterdomainnameit/test-hivemq-platform, requeuing: controllerrevisions.apps \"test-hivemq-platform-5bf899b4bb\" is forbidden: unable to create new content in namespace customclusterdomainnameit because it is being terminated"
2025-01-29 18:39:00,864 INFO c.h.h.t.HelmChartContainer - [K3S] [reconciler_common.go:162] "operationExecutor.UnmountVolume started for volume \"broker-configuration\" (UniqueName: \"kubernetes.io/configmap/3ffae191-96a0-455c-8cbb-5b9815495464-broker-configuration\") pod \"3ffae191-96a0-455c-8cbb-5b9815495464\" (UID: \"3ffae191-96a0-455c-8cbb-5b9815495464\") "
2025-01-29 18:39:00,864 INFO c.h.h.t.HelmChartContainer - [K3S] [reconciler_common.go:162] "operationExecutor.UnmountVolume started for volume \"pod-info\" (UniqueName: \"kubernetes.io/configmap/3ffae191-96a0-455c-8cbb-5b9815495464-pod-info\") pod \"3ffae191-96a0-455c-8cbb-5b9815495464\" (UID: \"3ffae191-96a0-455c-8cbb-5b9815495464\") "
2025-01-29 18:39:00,864 INFO c.h.h.t.HelmChartContainer - [K3S] [reconciler_common.go:162] "operationExecutor.UnmountVolume started for volume \"kube-api-access-sxxw7\" (UniqueName: \"kubernetes.io/projected/3ffae191-96a0-455c-8cbb-5b9815495464-kube-api-access-sxxw7\") pod \"3ffae191-96a0-455c-8cbb-5b9815495464\" (UID: \"3ffae191-96a0-455c-8cbb-5b9815495464\") "
2025-01-29 18:39:00,864 INFO c.h.h.t.HelmChartContainer - [K3S] [reconciler_common.go:162] "operationExecutor.UnmountVolume started for volume \"operator-init\" (UniqueName: \"kubernetes.io/empty-dir/3ffae191-96a0-455c-8cbb-5b9815495464-operator-init\") pod \"3ffae191-96a0-455c-8cbb-5b9815495464\" (UID: \"3ffae191-96a0-455c-8cbb-5b9815495464\") "
2025-01-29 18:39:00,900 INFO c.h.h.t.HelmChartContainer - [K3S] [stateful_set.go:438] "Unhandled Error" err="error syncing StatefulSet customclusterdomainnameit/test-hivemq-platform, requeuing: controllerrevisions.apps \"test-hivemq-platform-5bf899b4bb\" is forbidden: unable to create new content in namespace customclusterdomainnameit because it is being terminated"
2025-01-29 18:39:00,964 INFO c.h.h.t.HelmChartContainer - [K3S] [reconciler_common.go:299] "Volume detached for volume \"broker-configuration\" (UniqueName: \"kubernetes.io/configmap/3ffae191-96a0-455c-8cbb-5b9815495464-broker-configuration\") on node \"ad3d5c572cb1\" DevicePath \"\""
2025-01-29 18:39:00,965 INFO c.h.h.t.HelmChartContainer - [K3S] [reconciler_common.go:299] "Volume detached for volume \"pod-info\" (UniqueName: \"kubernetes.io/configmap/3ffae191-96a0-455c-8cbb-5b9815495464-pod-info\") on node \"ad3d5c572cb1\" DevicePath \"\""
2025-01-29 18:39:00,965 INFO c.h.h.t.HelmChartContainer - [K3S] [reconciler_common.go:299] "Volume detached for volume \"kube-api-access-sxxw7\" (UniqueName: \"kubernetes.io/projected/3ffae191-96a0-455c-8cbb-5b9815495464-kube-api-access-sxxw7\") on node \"ad3d5c572cb1\" DevicePath \"\""
2025-01-29 18:39:00,965 INFO c.h.h.t.HelmChartContainer - [K3S] [reconciler_common.go:299] "Volume detached for volume \"operator-init\" (UniqueName: \"kubernetes.io/empty-dir/3ffae191-96a0-455c-8cbb-5b9815495464-operator-init\") on node \"ad3d5c572cb1\" DevicePath \"\""
2025-01-29 18:39:00,984 INFO c.h.h.t.HelmChartContainer - [K3S] [stateful_set.go:438] "Unhandled Error" err="error syncing StatefulSet customclusterdomainnameit/test-hivemq-platform, requeuing: controllerrevisions.apps \"test-hivemq-platform-5bf899b4bb\" is forbidden: unable to create new content in namespace customclusterdomainnameit because it is being terminated"
2025-01-29 18:39:01,147 INFO c.h.h.t.HelmChartContainer - [K3S] [stateful_set.go:438] "Unhandled Error" err="error syncing StatefulSet customclusterdomainnameit/test-hivemq-platform, requeuing: controllerrevisions.apps \"test-hivemq-platform-5bf899b4bb\" is forbidden: unable to create new content in namespace customclusterdomainnameit because it is being terminated"
2025-01-29 18:39:01,470 INFO c.h.h.t.HelmChartContainer - [K3S] [stateful_set.go:438] "Unhandled Error" err="error syncing StatefulSet customclusterdomainnameit/test-hivemq-platform, requeuing: controllerrevisions.apps \"test-hivemq-platform-5bf899b4bb\" is forbidden: unable to create new content in namespace customclusterdomainnameit because it is being terminated"
2025-01-29 18:39:01,531 INFO c.h.h.t.HelmChartContainer - [K3S] [stateful_set.go:466] "StatefulSet has been deleted" key="customclusterdomainnameit/test-hivemq-platform"
2025-01-29 18:39:01,554 INFO c.h.h.t.HelmChartContainer - [K3S] [namespace_controller.go:164] "Unhandled Error" err="deletion of namespace customclusterdomainnameit failed: unexpected items still remain in namespace: customclusterdomainnameit for gvr: /v1, Resource=pods"
2025-01-29 18:39:01,634 INFO c.h.h.t.HelmChartContainer - [K3S] [scope.go:117] "RemoveContainer" containerID="b2f400968a3afb620a288972f80336ac1a546c1e69adb77f1ef37568c228e106"
2025-01-29 18:39:01,651 INFO c.h.h.t.HelmChartContainer - [POD] test-hivemq-platform-0 [3ffae191-96a0-455c-8cbb-5b9815495464] in customclusterdomainnameit was MODIFIED
2025-01-29 18:39:01,655 INFO c.h.h.t.HelmChartContainer - [POD] test-hivemq-platform-0 [3ffae191-96a0-455c-8cbb-5b9815495464] in customclusterdomainnameit was DELETED
2025-01-29 18:39:01,750 INFO c.h.h.t.HelmChartContainer - [K3S] [scope.go:117] "RemoveContainer" containerID="23b76d9f0dd18b56525048df23c366cc7d94f34cfc58263eed80e2ceab24a384"
2025-01-29 18:39:01,753 INFO c.h.h.t.HelmChartContainer - [K3S] [scope.go:117] "RemoveContainer" containerID="b2f400968a3afb620a288972f80336ac1a546c1e69adb77f1ef37568c228e106"
2025-01-29 18:39:01,754 INFO c.h.h.t.HelmChartContainer - [K3S] [scope.go:117] "RemoveContainer" containerID="23b76d9f0dd18b56525048df23c366cc7d94f34cfc58263eed80e2ceab24a384"
2025-01-29 18:39:01,840 INFO c.h.h.t.HelmChartContainer - Namespace 'customclusterdomainnameit' deleted
2025-01-29 18:39:01,840 INFO c.h.h.t.HelmChartContainer - Release 'test-hivemq-platform' in namespace 'customclusterdomainnameit' is uninstalled
2025-01-29 18:39:01,840 INFO c.h.h.t.HelmChartContainer - Uninstalling release 'test-hivemq-platform-operator' in namespace 'customclusterdomainnameit-operator'...
2025-01-29 18:39:01,840 DEBUG c.h.h.t.HelmChartContainer - Executing helm command: /bin/helm --kubeconfig /etc/rancher/k3s/k3s.yaml uninstall test-hivemq-platform-operator  --wait --timeout 5m0s --cascade foreground --namespace customclusterdomainnameit-operator
2025-01-29 18:39:02,016 INFO c.h.h.t.HelmChartContainer - [K3S] [replica_set.go:679] "Finished syncing" kind="ReplicaSet" key="customclusterdomainnameit-operator/hivemq-test-hivemq-platform-operator-6966f96d65" duration="15.415817ms"
2025-01-29 18:39:02,016 INFO c.h.h.t.HelmChartContainer - [K3S] [replica_set.go:679] "Finished syncing" kind="ReplicaSet" key="customclusterdomainnameit-operator/hivemq-test-hivemq-platform-operator-6966f96d65" duration="50.424µs"
2025-01-29 18:39:02,027 INFO c.h.h.t.HelmChartContainer - [POD] hivemq-test-hivemq-platform-operator-6966f96d65-f8rnd [411f7c72-37c8-460f-842c-0310d4d2f7d6] in customclusterdomainnameit-operator was MODIFIED
2025-01-29 18:39:02,033 INFO c.h.h.t.HelmChartContainer - [EVENT] Normal [Killing] Stopping container hivemq-platform-operator [customclusterdomainnameit-operator:hivemq-test-hivemq-platform-operator-6966f96d65-f8rnd]
2025-01-29 18:39:02,033 INFO c.h.h.t.HelmChartContainer - Received Killing event for container hivemq-platform-operator in pod hivemq-test-hivemq-platform-operator-6966f96d65-f8rnd [411f7c72-37c8-460f-842c-0310d4d2f7d6]
2025-01-29 18:39:02,033 INFO c.h.h.t.HelmChartContainer - Container [hivemq-test-hivemq-platform-operator-6966f96d65-f8rnd] [hivemq-platform-operator] [411f7c72-37c8-460f-842c-0310d4d2f7d6] was terminated
2025-01-29 18:39:02,033 INFO c.h.h.t.HelmChartContainer - Stopped log watcher for hivemq-platform-operator in pod hivemq-test-hivemq-platform-operator-6966f96d65-f8rnd [411f7c72-37c8-460f-842c-0310d4d2f7d6]
2025-01-29 18:39:02,037 INFO c.h.h.t.HelmChartContainer - [K3S] [replica_set.go:679] "Finished syncing" kind="ReplicaSet" key="customclusterdomainnameit-operator/hivemq-test-hivemq-platform-operator-6966f96d65" duration="9.649147ms"
2025-01-29 18:39:02,037 INFO c.h.h.t.HelmChartContainer - [K3S] [replica_set.go:679] "Finished syncing" kind="ReplicaSet" key="customclusterdomainnameit-operator/hivemq-test-hivemq-platform-operator-6966f96d65" duration="51.125µs"
2025-01-29 18:39:02,042 INFO c.h.h.t.HelmChartContainer - [hivemq-test-hivemq-platform] [hivemq-platform-operator] [411f7c72] 18:39:02.040 [application-shutdown-thread] INFO  c.h.p.o.HiveMQPlatformOperatorApplication - HiveMQ Platform Operator is stopping...
2025-01-29 18:39:02,043 INFO c.h.h.t.HelmChartContainer - [hivemq-test-hivemq-platform] [hivemq-platform-operator] [411f7c72] 18:39:02.041 [application-shutdown-thread] INFO  i.javaoperatorsdk.operator.Operator - Operator SDK 4.9.7 is shutting down...
2025-01-29 18:39:02,112 INFO c.h.h.t.HelmChartContainer - [K3S] [stateful_set.go:466] "StatefulSet has been deleted" key="customclusterdomainnameit/test-hivemq-platform"
2025-01-29 18:39:02,463 INFO c.h.h.t.HelmChartContainer - [K3S] [kubelet_volumes.go:163] "Cleaned up orphaned pod volumes dir" podUID="3ffae191-96a0-455c-8cbb-5b9815495464" path="/var/lib/kubelet/pods/3ffae191-96a0-455c-8cbb-5b9815495464/volumes"
2025-01-29 18:39:02,638 INFO c.h.h.t.HelmChartContainer - [K3S] [pod_container_deletor.go:80] "Container not found in pod's containers" containerID="b2928c012f34afb75ee3388b3fd34b1ddd2a9b826f834205f33c8796b2de1dab"
2025-01-29 18:39:02,682 INFO c.h.h.t.HelmChartContainer - [K3S] [replica_set.go:679] "Finished syncing" kind="ReplicaSet" key="customclusterdomainnameit-operator/hivemq-test-hivemq-platform-operator-6966f96d65" duration="41.027µs"
2025-01-29 18:39:02,684 INFO c.h.h.t.HelmChartContainer - [POD] hivemq-test-hivemq-platform-operator-6966f96d65-f8rnd [411f7c72-37c8-460f-842c-0310d4d2f7d6] in customclusterdomainnameit-operator was MODIFIED
2025-01-29 18:39:02,772 INFO c.h.h.t.HelmChartContainer - [K3S] [reconciler_common.go:162] "operationExecutor.UnmountVolume started for volume \"kube-api-access-8p9z9\" (UniqueName: \"kubernetes.io/projected/411f7c72-37c8-460f-842c-0310d4d2f7d6-kube-api-access-8p9z9\") pod \"411f7c72-37c8-460f-842c-0310d4d2f7d6\" (UID: \"411f7c72-37c8-460f-842c-0310d4d2f7d6\") "
2025-01-29 18:39:02,872 INFO c.h.h.t.HelmChartContainer - [K3S] [reconciler_common.go:299] "Volume detached for volume \"kube-api-access-8p9z9\" (UniqueName: \"kubernetes.io/projected/411f7c72-37c8-460f-842c-0310d4d2f7d6-kube-api-access-8p9z9\") on node \"ad3d5c572cb1\" DevicePath \"\""
2025-01-29 18:39:03,650 INFO c.h.h.t.HelmChartContainer - [K3S] [replica_set.go:679] "Finished syncing" kind="ReplicaSet" key="customclusterdomainnameit-operator/hivemq-test-hivemq-platform-operator-6966f96d65" duration="44.663µs"
2025-01-29 18:39:03,651 INFO c.h.h.t.HelmChartContainer - [POD] hivemq-test-hivemq-platform-operator-6966f96d65-f8rnd [411f7c72-37c8-460f-842c-0310d4d2f7d6] in customclusterdomainnameit-operator was MODIFIED
2025-01-29 18:39:03,653 INFO c.h.h.t.HelmChartContainer - [POD] hivemq-test-hivemq-platform-operator-6966f96d65-f8rnd [411f7c72-37c8-460f-842c-0310d4d2f7d6] in customclusterdomainnameit-operator was DELETED
2025-01-29 18:39:03,654 INFO c.h.h.t.HelmChartContainer - [K3S] [replica_set.go:679] "Finished syncing" kind="ReplicaSet" key="customclusterdomainnameit-operator/hivemq-test-hivemq-platform-operator-6966f96d65" duration="36.428µs"
2025-01-29 18:39:03,662 INFO c.h.h.t.HelmChartContainer - [K3S] [replica_set.go:679] "Finished syncing" kind="ReplicaSet" key="customclusterdomainnameit-operator/hivemq-test-hivemq-platform-operator-6966f96d65" duration="6.813µs"
2025-01-29 18:39:04,059 INFO c.h.h.t.HelmChartContainer - Deleting namespace 'customclusterdomainnameit-operator'...
2025-01-29 18:39:04,463 INFO c.h.h.t.HelmChartContainer - [K3S] [kubelet_volumes.go:163] "Cleaned up orphaned pod volumes dir" podUID="411f7c72-37c8-460f-842c-0310d4d2f7d6" path="/var/lib/kubelet/pods/411f7c72-37c8-460f-842c-0310d4d2f7d6/volumes"
2025-01-29 18:39:06,819 INFO c.h.h.t.HelmChartContainer - [K3S] [namespace_controller.go:187] "Namespace has been deleted" namespace="customclusterdomainnameit"
2025-01-29 18:39:09,278 INFO c.h.h.t.HelmChartContainer - Namespace 'customclusterdomainnameit-operator' deleted
2025-01-29 18:39:09,279 INFO c.h.h.t.HelmChartContainer - Release 'test-hivemq-platform-operator' in namespace 'customclusterdomainnameit-operator' is uninstalled
2025-01-29 18:39:10,101 INFO c.h.helmcharts.AbstractHelmChartIT - Removed unused containers:

2025-01-29 18:39:14,175 INFO c.h.h.t.HelmChartContainer - [K3S] [namespace_controller.go:187] "Namespace has been deleted" namespace="customclusterdomainnameit-operator"
2025-01-29 18:39:18,138 INFO c.h.helmcharts.AbstractHelmChartIT - Removed unused snapshots:
Removing snapshot sha256:03af251906410714c5aef9fa705b63f6bbc39c4a5e787de7361eeb18886c2ed2
Removing snapshot sha256:0c46b3b43cce082ce5ec34ffc6c294e0417d17b9d1e6f366d114b6aadc4f96dc
Removing snapshot sha256:0ce761beee59082d6ed5bcebd3a805b8ddd9b3426b617e4809e7fb7c6587ffec
Removing snapshot sha256:0df91287303208332c8ff6ba40ae4710105201739addbfbddfb955f1ad593664
Removing snapshot sha256:1021ef88c7974bfff89c5a0ec4fd3160daac6c48a075f74cff721f85dd104e68
Removing snapshot sha256:10aba4953ddc18145dd38e3704709bc464aa20af60b56fe52caaff4b68411e62
Removing snapshot sha256:2573e0d8158209ed54ab25c87bcdcb00bd3d2539246960a3d592a1c599d70465
Removing snapshot sha256:362a8a37f8bbc31925a8146adcf7cf51f9882f5c1dcbef67c5baa03a297543c0
Removing snapshot sha256:3fa4ad33f0ddc8fd45b39b6b4640f82a3a83619606cd975bfe89d8710ad2d4cd
Removing snapshot sha256:43a7c979bbaba6838bc3102d6b10a1459f3ab050b87ccdfef84ef90cf43d3058
Removing snapshot sha256:4ab04491cdf0d3267f08206fe30bd48f49f94b9cab2f016d6739220f722a64af
Removing snapshot sha256:4b6068250e89c96f263060261819c7d912855bfbd64b3eb4c4a8483299b8c295
Removing snapshot sha256:580e69a0a8034ede1921139bbd2bfb72a69ebf276d008281896c32dd8bf74775
Removing snapshot sha256:5d30ba46b27fe37484567ccc5242cadc78217b8da605f3f195ef25cbf7487904
Removing snapshot sha256:63ca1fbb43ae5034640e5e6cb3e083e05c290072c5366fcaa9d62435a4cced85
Removing snapshot sha256:67f702c6baae873bceb19487c8b1f27bd2b86077e4f2f0e480e6d60ab508b8f5
Removing snapshot sha256:6864348dd42806d552efdec384f1274be15e2d0c10ce44c1f04347af004c10a9
Removing snapshot sha256:68df50edfd65b07c1eda6fbee44f05d3390fe3839949ea2a7ff94e1ab0d8f9a8
Removing snapshot sha256:6c7dee8f2c39b84b7dc2711c01d33de93514d9055499173e9290176fbe484b6c
Removing snapshot sha256:82753493a6d61ded36556292f02f31841a14c20d2f279f19eaad65afb661d5cd
Removing snapshot sha256:8a10d3db42c505ee0fcfa98417bdd7e39b304f6bcc0a06bb1b220797ff2cc63c
Removing snapshot sha256:a21e5b12dbac529ad45d976eb9ce45c881f3bedcc500fb30aba1e52aa1813418
Removing snapshot sha256:b921e6c28969094157f9b8e7244677780319637afd14450b7cb6b2fdea558a0c
Removing snapshot sha256:bc27ecb5769a00e309cf99ebc763c4a4b958b618d1decc96ffac5bc05f02f5b7
Removing snapshot sha256:be3ccb6627a5332e309d45ef461d09b4879dd870c7394d89323d0ebc6ca6aa8a
Removing snapshot sha256:c261f7cbbc64211ee175ee47273acdb7b1a36a4450b397a064a8f2c026490095
Removing snapshot sha256:c34d9393647eea0c9e3557ab988efaf59f61d10a2a5613b439ef0958cca5ec10
Removing snapshot sha256:ccf3c4a0fa967a41c1c83497a2ce6fa5787965859df0adb32c4ca2cf7490bc2b
Removing snapshot sha256:cf92d33f869417309692088c341cd0f223c178ea78a125f757317b22aa8f90e9
Removing snapshot sha256:d0037344cf2fb078884f1849f6a1f8cf9a33a3b6139b6a85833e5ee528e1f9a8
Removing snapshot sha256:d3b36d5b79273b1e98e7700470eaeff05a882e777124d84cebcc1505b85ecb36
Removing snapshot sha256:d65a44a37914602d12c611e5e22a50f11451d847e63015cc1c2aef92dee777a4
Removing snapshot sha256:e2dc0bae2455930f23ae570e019b7f32edc75c0f2d71cab084db837ff9051796
Removing snapshot sha256:e31519795c7e3df686c447a21ec8d2eb301388a5e39ccf7f20a25c6f6ce3a522
Removing snapshot sha256:e9e86ed11d9bebc0707dd6f1166c51237ebb44f98657241f943261b2675a5449
Removing snapshot sha256:eccbd24a99c60cd9e86ee5305dbfc4a4dc89f5ab4fb1f06c8d64797cecedef34
Removing snapshot sha256:edd1404c718ab99ca3456bdf222065033800bb67d4334a9642746685a24394cd
Removing snapshot sha256:f144bb4c7c7f0d2aa7eeffd36d934ec40db1ee167be727e326aad9fdc616f475
Removing snapshot sha256:fefa203542ff53020e3d448f9be6671bd1607ca01d6e62bf1cfbf88ef73eb62c

]]></system-out>
  </testcase>
  <system-out><![CDATA[2025-01-29 18:36:47,872 INFO c.h.h.t.HelmChartContainerExtension - Using HelmChartContainer instance with additional commands
2025-01-29 18:36:47,895 INFO o.testcontainers.DockerClientFactory - Testcontainers version: 1.20.4
2025-01-29 18:36:48,318 INFO o.t.d.DockerClientProviderStrategy - Found Docker environment with local Unix socket (unix:///var/run/docker.sock)
2025-01-29 18:36:48,327 INFO o.testcontainers.DockerClientFactory - Docker host IP address is localhost
2025-01-29 18:36:48,343 INFO o.testcontainers.DockerClientFactory - Connected to docker: 
  Server Version: 26.1.3
  API Version: 1.45
  Operating System: Ubuntu 24.04.1 LTS
  Total Memory: 15990 MB
2025-01-29 18:36:48,350 INFO o.testcontainers.images.PullPolicy - Image pull policy will be performed by: DefaultPullPolicy()
2025-01-29 18:36:48,353 INFO o.t.utility.ImageNameSubstitutor - Image name substitution will be performed by: DefaultImageNameSubstitutor (composite of 'ConfigurationFileImageNameSubstitutor' and 'PrefixingImageNameSubstitutor')
2025-01-29 18:36:48,382 INFO tc.testcontainers/ryuk:0.11.0 - Pulling docker image: testcontainers/ryuk:0.11.0. Please be patient; this may take some time but only needs to be done once.
2025-01-29 18:36:49,404 INFO tc.testcontainers/ryuk:0.11.0 - Starting to pull image
2025-01-29 18:36:49,426 INFO tc.testcontainers/ryuk:0.11.0 - Pulling image layers:  0 pending,  0 downloaded,  0 extracted, (0 bytes/0 bytes)
2025-01-29 18:36:49,928 INFO tc.testcontainers/ryuk:0.11.0 - Pulling image layers:  2 pending,  1 downloaded,  0 extracted, (879 KB/? MB)
2025-01-29 18:36:49,933 INFO tc.testcontainers/ryuk:0.11.0 - Pulling image layers:  1 pending,  2 downloaded,  0 extracted, (879 KB/? MB)
2025-01-29 18:36:49,980 INFO tc.testcontainers/ryuk:0.11.0 - Pulling image layers:  0 pending,  3 downloaded,  0 extracted, (907 KB/10 MB)
2025-01-29 18:36:50,034 INFO tc.testcontainers/ryuk:0.11.0 - Pulling image layers:  0 pending,  3 downloaded,  1 extracted, (4 MB/10 MB)
2025-01-29 18:36:50,192 INFO tc.testcontainers/ryuk:0.11.0 - Pulling image layers:  0 pending,  3 downloaded,  2 extracted, (4 MB/10 MB)
2025-01-29 18:36:50,233 INFO tc.testcontainers/ryuk:0.11.0 - Pulling image layers:  0 pending,  3 downloaded,  3 extracted, (10 MB/10 MB)
2025-01-29 18:36:50,239 INFO tc.testcontainers/ryuk:0.11.0 - Image testcontainers/ryuk:0.11.0 pull took PT1.857018173S
2025-01-29 18:36:50,260 INFO tc.testcontainers/ryuk:0.11.0 - Creating container for image: testcontainers/ryuk:0.11.0
2025-01-29 18:36:50,320 INFO tc.testcontainers/ryuk:0.11.0 - Container testcontainers/ryuk:0.11.0 is starting: f3552131756274685bb8ba009258e66ddc9fa9a1d05136c6b16c12b3ed352e3e
2025-01-29 18:36:50,581 INFO tc.testcontainers/ryuk:0.11.0 - Container testcontainers/ryuk:0.11.0 started in PT0.320798928S
2025-01-29 18:36:50,585 INFO o.t.utility.RyukResourceReaper - Ryuk started - will monitor and terminate Testcontainers containers on JVM exit
2025-01-29 18:36:50,585 INFO o.testcontainers.DockerClientFactory - Checking the system...
2025-01-29 18:36:50,585 INFO o.testcontainers.DockerClientFactory - ✔︎ Docker server version should be at least 1.6.0
2025-01-29 18:36:50,663 INFO o.t.i.builder.ImageFromDockerfile - Pre-emptively checking local images for 'ubuntu:noble-20241118.1@sha256:80dd3c3b9c6cecb9f1667e9290b3bc61b78c2678c02cbdae5f0fea92cc6734ab', referenced via a Dockerfile. If not available, it will be pulled.
2025-01-29 18:36:50,665 INFO t.u.1@sha256:80dd3c... - Pulling docker image: ubuntu:noble-20241118.1@sha256:80dd3c3b9c6cecb9f1667e9290b3bc61b78c2678c02cbdae5f0fea92cc6734ab. Please be patient; this may take some time but only needs to be done once.
2025-01-29 18:36:51,360 INFO t.u.1@sha256:80dd3c... - Starting to pull image
2025-01-29 18:36:51,361 INFO t.u.1@sha256:80dd3c... - Pulling image layers:  0 pending,  0 downloaded,  0 extracted, (0 bytes/0 bytes)
2025-01-29 18:36:52,522 INFO t.u.1@sha256:80dd3c... - Pulling image layers:  0 pending,  1 downloaded,  0 extracted, (24 MB/28 MB)
2025-01-29 18:36:53,441 INFO t.u.1@sha256:80dd3c... - Pulling image layers:  0 pending,  1 downloaded,  1 extracted, (28 MB/28 MB)
2025-01-29 18:36:53,447 INFO t.u.1@sha256:80dd3c... - Pull complete. 1 layers, pulled in 2s (downloaded 28 MB at 14 MB/s)
2025-01-29 18:36:53,447 INFO t.u.1@sha256:80dd3c... - Image ubuntu:noble-20241118.1@sha256:80dd3c3b9c6cecb9f1667e9290b3bc61b78c2678c02cbdae5f0fea92cc6734ab pull took PT2.78131597S
2025-01-29 18:36:53,449 INFO o.t.i.builder.ImageFromDockerfile - Pre-emptively checking local images for 'rancher/k3s:v1.32.1-k3s1', referenced via a Dockerfile. If not available, it will be pulled.
2025-01-29 18:36:53,451 INFO tc.rancher/k3s:v1.32.1-k3s1 - Pulling docker image: rancher/k3s:v1.32.1-k3s1. Please be patient; this may take some time but only needs to be done once.
2025-01-29 18:36:54,408 INFO tc.rancher/k3s:v1.32.1-k3s1 - Starting to pull image
2025-01-29 18:36:54,409 INFO tc.rancher/k3s:v1.32.1-k3s1 - Pulling image layers:  0 pending,  0 downloaded,  0 extracted, (0 bytes/0 bytes)
2025-01-29 18:36:55,996 INFO tc.rancher/k3s:v1.32.1-k3s1 - Pulling image layers:  0 pending,  1 downloaded,  0 extracted, (65 MB/71 MB)
2025-01-29 18:36:57,046 INFO tc.rancher/k3s:v1.32.1-k3s1 - Pulling image layers:  0 pending,  1 downloaded,  1 extracted, (71 MB/71 MB)
2025-01-29 18:36:57,053 INFO tc.rancher/k3s:v1.32.1-k3s1 - Pull complete. 1 layers, pulled in 2s (downloaded 71 MB at 35 MB/s)
2025-01-29 18:36:57,053 INFO tc.rancher/k3s:v1.32.1-k3s1 - Image rancher/k3s:v1.32.1-k3s1 pull took PT3.602555821S
2025-01-29 18:36:57,059 INFO o.t.i.builder.ImageFromDockerfile - Transferred 0 bytes to Docker daemon
2025-01-29 18:37:12,018 DEBUG c.h.h.t.HelmChartContainer - Starting K3s container with additional commands: [--cluster-domain=hivemq.com]
2025-01-29 18:37:12,018 INFO c.h.h.t.HelmChartContainer - Starting HelmChartContainer...
2025-01-29 18:37:12,021 INFO t.localhost/testcontainers/hwwqkauwnmcpym99:latest - Creating container for image: localhost/testcontainers/hwwqkauwnmcpym99:latest
2025-01-29 18:37:12,094 INFO tc.alpine:3.17 - Pulling docker image: alpine:3.17. Please be patient; this may take some time but only needs to be done once.
2025-01-29 18:37:13,095 INFO tc.alpine:3.17 - Starting to pull image
2025-01-29 18:37:13,096 INFO tc.alpine:3.17 - Pulling image layers:  0 pending,  0 downloaded,  0 extracted, (0 bytes/0 bytes)
2025-01-29 18:37:13,797 INFO tc.alpine:3.17 - Pulling image layers:  0 pending,  1 downloaded,  0 extracted, (3 MB/3 MB)
2025-01-29 18:37:13,892 INFO tc.alpine:3.17 - Pulling image layers:  0 pending,  1 downloaded,  1 extracted, (3 MB/3 MB)
2025-01-29 18:37:13,901 INFO tc.alpine:3.17 - Image alpine:3.17 pull took PT1.80710272S
2025-01-29 18:37:14,429 INFO t.localhost/testcontainers/hwwqkauwnmcpym99:latest - Container localhost/testcontainers/hwwqkauwnmcpym99:latest is starting: ad3d5c572cb180e4aadb98627c7a2cb60574a29273864a318d3810b52b673c90
2025-01-29 18:37:14,781 INFO c.h.h.t.HelmChartContainer - [K3S] [INFO] Starting k3s v1.32.1+k3s1 (6a322f12)
2025-01-29 18:37:14,784 INFO c.h.h.t.HelmChartContainer - [K3S] [INFO] Configuring sqlite3 database connection pooling: maxIdleConns=2, maxOpenConns=0, connMaxLifetime=0s
2025-01-29 18:37:14,784 INFO c.h.h.t.HelmChartContainer - [K3S] [INFO] Configuring database table schema and indexes, this may take a moment...
2025-01-29 18:37:14,788 INFO c.h.h.t.HelmChartContainer - [K3S] [INFO] Database tables and indexes are up to date
2025-01-29 18:37:14,793 INFO c.h.h.t.HelmChartContainer - [K3S] [INFO] Kine available at unix://kine.sock
2025-01-29 18:37:15,045 INFO c.h.h.t.HelmChartContainer - [K3S] [INFO] Saving cluster bootstrap data to datastore
2025-01-29 18:37:15,046 INFO c.h.h.t.HelmChartContainer - [K3S] [WARNING] dynamiclistener [::]:6443: no cached certificate available for preload - deferring certificate load until storage initialization or first client request
2025-01-29 18:37:15,046 INFO c.h.h.t.HelmChartContainer - [K3S] [INFO] Active TLS secret / (ver=) (count 10): map[listener.cattle.io/cn-10.43.0.1:10.43.0.1 listener.cattle.io/cn-127.0.0.1:127.0.0.1 listener.cattle.io/cn-172.18.0.2:172.18.0.2 listener.cattle.io/cn-__1-f16284:::1 listener.cattle.io/cn-ad3d5c572cb1:ad3d5c572cb1 listener.cattle.io/cn-kubernetes:kubernetes listener.cattle.io/cn-kubernetes.default:kubernetes.default listener.cattle.io/cn-kubernetes.default.svc:kubernetes.default.svc listener.cattle.io/cn-kubernetes.default.svc.hivemq.com:kubernetes.default.svc.hivemq.com listener.cattle.io/cn-localhost:localhost listener.cattle.io/fingerprint:SHA1=B1CFBAABEF8C1733A316CAFDA160B4908F15CB95]
2025-01-29 18:37:15,209 INFO c.h.h.t.HelmChartContainer - [K3S] [INFO] Running kube-apiserver --advertise-port=6443 --allow-privileged=true --anonymous-auth=false --api-audiences=https://kubernetes.default.svc.hivemq.com,k3s --authorization-mode=Node,RBAC --bind-address=127.0.0.1 --cert-dir=/var/lib/rancher/k3s/server/tls/temporary-certs --client-ca-file=/var/lib/rancher/k3s/server/tls/client-ca.crt --egress-selector-config-file=/var/lib/rancher/k3s/server/etc/egress-selector-config.yaml --enable-admission-plugins=NodeRestriction --enable-aggregator-routing=true --enable-bootstrap-token-auth=true --etcd-compaction-interval=0s --etcd-servers=unix://kine.sock --kubelet-certificate-authority=/var/lib/rancher/k3s/server/tls/server-ca.crt --kubelet-client-certificate=/var/lib/rancher/k3s/server/tls/client-kube-apiserver.crt --kubelet-client-key=/var/lib/rancher/k3s/server/tls/client-kube-apiserver.key --kubelet-preferred-address-types=InternalIP,ExternalIP,Hostname --profiling=false --proxy-client-cert-file=/var/lib/rancher/k3s/server/tls/client-auth-proxy.crt --proxy-client-key-file=/var/lib/rancher/k3s/server/tls/client-auth-proxy.key --requestheader-allowed-names=system:auth-proxy --requestheader-client-ca-file=/var/lib/rancher/k3s/server/tls/request-header-ca.crt --requestheader-extra-headers-prefix=X-Remote-Extra- --requestheader-group-headers=X-Remote-Group --requestheader-username-headers=X-Remote-User --secure-port=6444 --service-account-issuer=https://kubernetes.default.svc.hivemq.com --service-account-key-file=/var/lib/rancher/k3s/server/tls/service.key --service-account-signing-key-file=/var/lib/rancher/k3s/server/tls/service.current.key --service-cluster-ip-range=10.43.0.0/16 --service-node-port-range=30000-32767 --storage-backend=etcd3 --tls-cert-file=/var/lib/rancher/k3s/server/tls/serving-kube-apiserver.crt --tls-cipher-suites=TLS_ECDHE_ECDSA_WITH_AES_256_GCM_SHA384,TLS_ECDHE_RSA_WITH_AES_256_GCM_SHA384,TLS_ECDHE_ECDSA_WITH_AES_128_GCM_SHA256,TLS_ECDHE_RSA_WITH_AES_128_GCM_SHA256,TLS_ECDHE_ECDSA_WITH_CHACHA20_POLY1305,TLS_ECDHE_RSA_WITH_CHACHA20_POLY1305 --tls-private-key-file=/var/lib/rancher/k3s/server/tls/serving-kube-apiserver.key
2025-01-29 18:37:15,212 INFO c.h.h.t.HelmChartContainer - [K3S] [INFO] Running kube-scheduler --authentication-kubeconfig=/var/lib/rancher/k3s/server/cred/scheduler.kubeconfig --authorization-kubeconfig=/var/lib/rancher/k3s/server/cred/scheduler.kubeconfig --bind-address=127.0.0.1 --kubeconfig=/var/lib/rancher/k3s/server/cred/scheduler.kubeconfig --leader-elect=false --profiling=false --secure-port=10259
2025-01-29 18:37:15,212 INFO c.h.h.t.HelmChartContainer - [K3S] [INFO] Waiting for API server to become available
2025-01-29 18:37:15,213 INFO c.h.h.t.HelmChartContainer - [K3S] [registry.go:256] calling componentGlobalsRegistry.AddFlags more than once, the registry will be set by the latest flags
2025-01-29 18:37:15,215 INFO c.h.h.t.HelmChartContainer - [K3S] [INFO] Running kube-controller-manager --allocate-node-cidrs=true --authentication-kubeconfig=/var/lib/rancher/k3s/server/cred/controller.kubeconfig --authorization-kubeconfig=/var/lib/rancher/k3s/server/cred/controller.kubeconfig --bind-address=127.0.0.1 --cluster-cidr=10.42.0.0/16 --cluster-signing-kube-apiserver-client-cert-file=/var/lib/rancher/k3s/server/tls/client-ca.nochain.crt --cluster-signing-kube-apiserver-client-key-file=/var/lib/rancher/k3s/server/tls/client-ca.key --cluster-signing-kubelet-client-cert-file=/var/lib/rancher/k3s/server/tls/client-ca.nochain.crt --cluster-signing-kubelet-client-key-file=/var/lib/rancher/k3s/server/tls/client-ca.key --cluster-signing-kubelet-serving-cert-file=/var/lib/rancher/k3s/server/tls/server-ca.nochain.crt --cluster-signing-kubelet-serving-key-file=/var/lib/rancher/k3s/server/tls/server-ca.key --cluster-signing-legacy-unknown-cert-file=/var/lib/rancher/k3s/server/tls/server-ca.nochain.crt --cluster-signing-legacy-unknown-key-file=/var/lib/rancher/k3s/server/tls/server-ca.key --configure-cloud-routes=false --controllers=*,tokencleaner,-service,-route,-cloud-node-lifecycle --kubeconfig=/var/lib/rancher/k3s/server/cred/controller.kubeconfig --leader-elect=false --profiling=false --root-ca-file=/var/lib/rancher/k3s/server/tls/server-ca.crt --secure-port=10257 --service-account-private-key-file=/var/lib/rancher/k3s/server/tls/service.current.key --service-cluster-ip-range=10.43.0.0/16 --use-service-account-credentials=true
2025-01-29 18:37:15,215 INFO c.h.h.t.HelmChartContainer - [K3S] [options.go:299] unable to set WatchListClient feature gate, err: cannot override default for feature "WatchListClient": gates already added to a flag set
2025-01-29 18:37:15,215 INFO c.h.h.t.HelmChartContainer - [K3S] [registry.go:256] calling componentGlobalsRegistry.AddFlags more than once, the registry will be set by the latest flags
2025-01-29 18:37:15,216 INFO c.h.h.t.HelmChartContainer - [K3S] [INFO] Running cloud-controller-manager --allocate-node-cidrs=true --authentication-kubeconfig=/var/lib/rancher/k3s/server/cred/cloud-controller.kubeconfig --authorization-kubeconfig=/var/lib/rancher/k3s/server/cred/cloud-controller.kubeconfig --bind-address=127.0.0.1 --cloud-config=/var/lib/rancher/k3s/server/etc/cloud-config.yaml --cloud-provider=k3s --cluster-cidr=10.42.0.0/16 --configure-cloud-routes=false --controllers=*,-route --kubeconfig=/var/lib/rancher/k3s/server/cred/cloud-controller.kubeconfig --leader-elect=false --leader-elect-resource-name=k3s-cloud-controller-manager --node-status-update-frequency=1m0s --profiling=false
2025-01-29 18:37:15,216 INFO c.h.h.t.HelmChartContainer - [K3S] [registry.go:256] calling componentGlobalsRegistry.AddFlags more than once, the registry will be set by the latest flags
2025-01-29 18:37:15,216 INFO c.h.h.t.HelmChartContainer - [K3S] [INFO] Server node token is available at /var/lib/rancher/k3s/server/token
2025-01-29 18:37:15,216 INFO c.h.h.t.HelmChartContainer - [K3S] [INFO] To join server node to cluster: k3s server -s https://172.18.0.2:6443 -t ${SERVER_NODE_TOKEN}
2025-01-29 18:37:15,216 INFO c.h.h.t.HelmChartContainer - [K3S] [options.go:238] external host was not specified, using 172.18.0.2
2025-01-29 18:37:15,216 INFO c.h.h.t.HelmChartContainer - [K3S] [INFO] Agent node token is available at /var/lib/rancher/k3s/server/agent-token
2025-01-29 18:37:15,219 INFO c.h.h.t.HelmChartContainer - [K3S] [INFO] To join agent node to cluster: k3s agent -s https://172.18.0.2:6443 -t ${AGENT_NODE_TOKEN}
2025-01-29 18:37:15,219 INFO c.h.h.t.HelmChartContainer - [K3S] [INFO] Wrote kubeconfig /etc/rancher/k3s/k3s.yaml
2025-01-29 18:37:15,219 INFO c.h.h.t.HelmChartContainer - [K3S] [INFO] Run: k3s kubectl
2025-01-29 18:37:15,219 INFO c.h.h.t.HelmChartContainer - [K3S] [server.go:151] Version: v1.32.1+k3s1
2025-01-29 18:37:15,220 INFO c.h.h.t.HelmChartContainer - [K3S] [server.go:153] "Golang settings" GOGC="" GOMAXPROCS="" GOTRACEBACK=""
2025-01-29 18:37:15,720 INFO c.h.h.t.HelmChartContainer - [K3S] [plugins.go:157] Loaded 13 mutating admission controller(s) successfully in the following order: NamespaceLifecycle,LimitRanger,ServiceAccount,NodeRestriction,TaintNodesByCondition,Priority,DefaultTolerationSeconds,DefaultStorageClass,StorageObjectInUseProtection,RuntimeClass,DefaultIngressClass,MutatingAdmissionPolicy,MutatingAdmissionWebhook.
2025-01-29 18:37:15,720 INFO c.h.h.t.HelmChartContainer - [K3S] [plugins.go:160] Loaded 13 validating admission controller(s) successfully in the following order: LimitRanger,ServiceAccount,PodSecurity,Priority,PersistentVolumeClaimResize,RuntimeClass,CertificateApproval,CertificateSigning,ClusterTrustBundleAttest,CertificateSubjectRestriction,ValidatingAdmissionPolicy,ValidatingAdmissionWebhook,ResourceQuota.
2025-01-29 18:37:15,721 INFO c.h.h.t.HelmChartContainer - [K3S] [instance.go:233] Using reconciler: lease
2025-01-29 18:37:15,776 INFO c.h.h.t.HelmChartContainer - [K3S] [INFO] Password verified locally for node ad3d5c572cb1
2025-01-29 18:37:15,788 INFO c.h.h.t.HelmChartContainer - [K3S] [apis.go:106] API group "internal.apiserver.k8s.io" is not enabled, skipping.
2025-01-29 18:37:15,831 INFO c.h.h.t.HelmChartContainer - [K3S] [apis.go:106] API group "storagemigration.k8s.io" is not enabled, skipping.
2025-01-29 18:37:15,859 INFO c.h.h.t.HelmChartContainer - [K3S] [apis.go:106] API group "resource.k8s.io" is not enabled, skipping.
2025-01-29 18:37:16,223 INFO c.h.h.t.HelmChartContainer - [K3S] [dynamic_cafile_content.go:161] "Starting controller" name="request-header::/var/lib/rancher/k3s/server/tls/request-header-ca.crt"
2025-01-29 18:37:16,223 INFO c.h.h.t.HelmChartContainer - [K3S] [dynamic_cafile_content.go:161] "Starting controller" name="client-ca-bundle::/var/lib/rancher/k3s/server/tls/client-ca.crt"
2025-01-29 18:37:16,226 INFO c.h.h.t.HelmChartContainer - [K3S] [dynamic_serving_content.go:135] "Starting controller" name="serving-cert::/var/lib/rancher/k3s/server/tls/serving-kube-apiserver.crt::/var/lib/rancher/k3s/server/tls/serving-kube-apiserver.key"
2025-01-29 18:37:16,226 INFO c.h.h.t.HelmChartContainer - [K3S] [secure_serving.go:213] Serving securely on 127.0.0.1:6444
2025-01-29 18:37:16,226 INFO c.h.h.t.HelmChartContainer - [K3S] [tlsconfig.go:243] "Starting DynamicServingCertificateController"
2025-01-29 18:37:16,226 INFO c.h.h.t.HelmChartContainer - [K3S] [aggregator.go:169] waiting for initial CRD sync...
2025-01-29 18:37:16,227 INFO c.h.h.t.HelmChartContainer - [K3S] [apf_controller.go:377] Starting API Priority and Fairness config controller
2025-01-29 18:37:16,227 INFO c.h.h.t.HelmChartContainer - [K3S] [local_available_controller.go:156] Starting LocalAvailability controller
2025-01-29 18:37:16,227 INFO c.h.h.t.HelmChartContainer - [K3S] [apiservice_controller.go:100] Starting APIServiceRegistrationController
2025-01-29 18:37:16,227 INFO c.h.h.t.HelmChartContainer - [K3S] [gc_controller.go:78] Starting apiserver lease garbage collector
2025-01-29 18:37:16,227 INFO c.h.h.t.HelmChartContainer - [K3S] [dynamic_serving_content.go:135] "Starting controller" name="aggregator-proxy-cert::/var/lib/rancher/k3s/server/tls/client-auth-proxy.crt::/var/lib/rancher/k3s/server/tls/client-auth-proxy.key"
2025-01-29 18:37:16,227 INFO c.h.h.t.HelmChartContainer - [K3S] [customresource_discovery_controller.go:292] Starting DiscoveryController
2025-01-29 18:37:16,227 INFO c.h.h.t.HelmChartContainer - [K3S] [controller.go:80] Starting OpenAPI V3 AggregationController
2025-01-29 18:37:16,227 INFO c.h.h.t.HelmChartContainer - [K3S] [crdregistration_controller.go:114] Starting crd-autoregister controller
2025-01-29 18:37:16,231 INFO c.h.h.t.HelmChartContainer - [K3S] [controller.go:142] Starting OpenAPI controller
2025-01-29 18:37:16,231 INFO c.h.h.t.HelmChartContainer - [K3S] [controller.go:90] Starting OpenAPI V3 controller
2025-01-29 18:37:16,231 INFO c.h.h.t.HelmChartContainer - [K3S] [naming_controller.go:294] Starting NamingConditionController
2025-01-29 18:37:16,231 INFO c.h.h.t.HelmChartContainer - [K3S] [establishing_controller.go:81] Starting EstablishingController
2025-01-29 18:37:16,231 INFO c.h.h.t.HelmChartContainer - [K3S] [nonstructuralschema_controller.go:195] Starting NonStructuralSchemaConditionController
2025-01-29 18:37:16,231 INFO c.h.h.t.HelmChartContainer - [K3S] [apiapproval_controller.go:189] Starting KubernetesAPIApprovalPolicyConformantConditionController
2025-01-29 18:37:16,231 INFO c.h.h.t.HelmChartContainer - [K3S] [crd_finalizer.go:269] Starting CRDFinalizer
2025-01-29 18:37:16,231 INFO c.h.h.t.HelmChartContainer - [K3S] [controller.go:78] Starting OpenAPI AggregationController
2025-01-29 18:37:16,232 INFO c.h.h.t.HelmChartContainer - [K3S] [cluster_authentication_trust_controller.go:462] Starting cluster_authentication_trust_controller controller
2025-01-29 18:37:16,233 INFO c.h.h.t.HelmChartContainer - [K3S] [system_namespaces_controller.go:66] Starting system namespaces controller
2025-01-29 18:37:16,233 INFO c.h.h.t.HelmChartContainer - [K3S] [remote_available_controller.go:411] Starting RemoteAvailability controller
2025-01-29 18:37:16,233 INFO c.h.h.t.HelmChartContainer - [K3S] [controller.go:119] Starting legacy_token_tracking_controller
2025-01-29 18:37:16,233 INFO c.h.h.t.HelmChartContainer - [K3S] [dynamic_cafile_content.go:161] "Starting controller" name="client-ca-bundle::/var/lib/rancher/k3s/server/tls/client-ca.crt"
2025-01-29 18:37:16,235 INFO c.h.h.t.HelmChartContainer - [K3S] [dynamic_cafile_content.go:161] "Starting controller" name="request-header::/var/lib/rancher/k3s/server/tls/request-header-ca.crt"
2025-01-29 18:37:16,316 INFO c.h.h.t.HelmChartContainer - [K3S] [policy_source.go:240] refreshing policies
2025-01-29 18:37:16,326 INFO c.h.h.t.HelmChartContainer - [K3S] [handler_discovery.go:451] Starting ResourceDiscoveryManager
2025-01-29 18:37:16,327 INFO c.h.h.t.HelmChartContainer - [K3S] [apf_controller.go:382] Running API Priority and Fairness config worker
2025-01-29 18:37:16,327 INFO c.h.h.t.HelmChartContainer - [K3S] [apf_controller.go:385] Running API Priority and Fairness periodic rebalancing process
2025-01-29 18:37:16,327 INFO c.h.h.t.HelmChartContainer - [K3S] [aggregator.go:171] initial CRD sync complete...
2025-01-29 18:37:16,327 INFO c.h.h.t.HelmChartContainer - [K3S] [autoregister_controller.go:144] Starting autoregister controller
2025-01-29 18:37:16,333 INFO c.h.h.t.HelmChartContainer - [K3S] [controller.go:145] "Failed to ensure lease exists, will retry" err="namespaces \"kube-system\" not found" interval="200ms"
2025-01-29 18:37:16,353 INFO c.h.h.t.HelmChartContainer - [K3S] [WARNING] Host resolv.conf includes loopback or multicast nameservers - kubelet will use autogenerated resolv.conf with nameserver 8.8.8.8
2025-01-29 18:37:16,359 INFO c.h.h.t.HelmChartContainer - [K3S] [INFO] Module overlay was already loaded
2025-01-29 18:37:16,359 INFO c.h.h.t.HelmChartContainer - [K3S] [INFO] Module nf_conntrack was already loaded
2025-01-29 18:37:16,359 INFO c.h.h.t.HelmChartContainer - [K3S] [INFO] Module br_netfilter was already loaded
2025-01-29 18:37:16,365 INFO c.h.h.t.HelmChartContainer - [K3S] [INFO] Set sysctl 'net/netfilter/nf_conntrack_max' to 131072
2025-01-29 18:37:16,366 INFO c.h.h.t.HelmChartContainer - [K3S] [INFO] Set sysctl 'net/netfilter/nf_conntrack_tcp_timeout_established' to 86400
2025-01-29 18:37:16,366 INFO c.h.h.t.HelmChartContainer - [K3S] [INFO] Set sysctl 'net/netfilter/nf_conntrack_tcp_timeout_close_wait' to 3600
2025-01-29 18:37:16,369 INFO c.h.h.t.HelmChartContainer - [K3S] [INFO] Logging containerd to /var/lib/rancher/k3s/agent/containerd/containerd.log
2025-01-29 18:37:16,369 INFO c.h.h.t.HelmChartContainer - [K3S] [INFO] Running containerd -c /var/lib/rancher/k3s/agent/etc/containerd/config.toml -a /run/k3s/containerd/containerd.sock --state /run/k3s/containerd --root /var/lib/rancher/k3s/agent/containerd
2025-01-29 18:37:16,380 INFO c.h.h.t.HelmChartContainer - [K3S] [controller.go:95] Unable to perform initial Kubernetes service initialization: namespaces "default" not found
2025-01-29 18:37:17,231 INFO c.h.h.t.HelmChartContainer - [K3S] [storage_scheduling.go:95] created PriorityClass system-node-critical with value 2000001000
2025-01-29 18:37:17,234 INFO c.h.h.t.HelmChartContainer - [K3S] [storage_scheduling.go:95] created PriorityClass system-cluster-critical with value 2000000000
2025-01-29 18:37:17,234 INFO c.h.h.t.HelmChartContainer - [K3S] [storage_scheduling.go:111] all system priority classes are created successfully or already exist.
2025-01-29 18:37:17,376 INFO c.h.h.t.HelmChartContainer - [K3S] [INFO] containerd is now running
2025-01-29 18:37:17,388 INFO c.h.h.t.HelmChartContainer - [K3S] [INFO] Connecting to proxy" url="wss://127.0.0.1:6443/v1-k3s/connect
2025-01-29 18:37:17,388 INFO c.h.h.t.HelmChartContainer - [K3S] [INFO] Creating k3s-cert-monitor event broadcaster
2025-01-29 18:37:17,389 INFO c.h.h.t.HelmChartContainer - [K3S] [INFO] Running kubelet --cloud-provider=external --config-dir=/var/lib/rancher/k3s/agent/etc/kubelet.conf.d --containerd=/run/k3s/containerd/containerd.sock --hostname-override=ad3d5c572cb1 --kubeconfig=/var/lib/rancher/k3s/agent/kubelet.kubeconfig --node-ip=172.18.0.2 --node-labels=
2025-01-29 18:37:17,390 INFO c.h.h.t.HelmChartContainer - [K3S] [INFO] Handling backend connection request [ad3d5c572cb1]
2025-01-29 18:37:17,390 INFO c.h.h.t.HelmChartContainer - [K3S] [INFO] Remotedialer connected to proxy" url="wss://127.0.0.1:6443/v1-k3s/connect
2025-01-29 18:37:17,504 INFO c.h.h.t.HelmChartContainer - [K3S] [ERROR] Sending HTTP/1.1 503 response to 127.0.0.1:39754: runtime core not ready
2025-01-29 18:37:17,605 INFO c.h.h.t.HelmChartContainer - [K3S] [INFO] Running kube-proxy --cluster-cidr=10.42.0.0/16 --conntrack-max-per-core=0 --conntrack-tcp-timeout-close-wait=0s --conntrack-tcp-timeout-established=0s --healthz-bind-address=127.0.0.1 --hostname-override=ad3d5c572cb1 --kubeconfig=/var/lib/rancher/k3s/agent/kubeproxy.kubeconfig --proxy-mode=iptables
2025-01-29 18:37:17,637 INFO c.h.h.t.HelmChartContainer - [K3S] [server.go:687] "Failed to retrieve node info" err="nodes \"ad3d5c572cb1\" not found"
2025-01-29 18:37:17,688 INFO c.h.h.t.HelmChartContainer - [K3S] [alloc.go:330] "allocated clusterIPs" service="default/kubernetes" clusterIPs={"IPv4":"10.43.0.1"}
2025-01-29 18:37:17,692 INFO c.h.h.t.HelmChartContainer - [K3S] [lease.go:265] Resetting endpoints for master service "kubernetes" to [172.18.0.2]
2025-01-29 18:37:18,213 INFO c.h.h.t.HelmChartContainer - [K3S] [INFO] Waiting for untainted node
2025-01-29 18:37:18,214 INFO c.h.h.t.HelmChartContainer - [K3S] [INFO] Kube API server is now running
2025-01-29 18:37:18,214 INFO c.h.h.t.HelmChartContainer - [K3S] [INFO] ETCD server is now running
2025-01-29 18:37:18,214 INFO c.h.h.t.HelmChartContainer - [K3S] [INFO] k3s is up and running
2025-01-29 18:37:18,214 INFO c.h.h.t.HelmChartContainer - [K3S] [INFO] Waiting for cloud-controller-manager privileges to become available
2025-01-29 18:37:18,214 INFO c.h.h.t.HelmChartContainer - [K3S] [INFO] Creating k3s-supervisor event broadcaster
2025-01-29 18:37:18,221 INFO c.h.h.t.HelmChartContainer - [K3S] [INFO] Applying CRD addons.k3s.cattle.io
2025-01-29 18:37:18,233 INFO c.h.h.t.HelmChartContainer - [K3S] [INFO] Applying CRD etcdsnapshotfiles.k3s.cattle.io
2025-01-29 18:37:18,246 INFO c.h.h.t.HelmChartContainer - [K3S] [INFO] Applying CRD helmcharts.helm.cattle.io
2025-01-29 18:37:18,261 INFO c.h.h.t.HelmChartContainer - [K3S] [INFO] Applying CRD helmchartconfigs.helm.cattle.io
2025-01-29 18:37:18,274 INFO c.h.h.t.HelmChartContainer - [K3S] [INFO] Waiting for CRD helmchartconfigs.helm.cattle.io to become available
2025-01-29 18:37:18,392 INFO c.h.h.t.HelmChartContainer - [K3S] Flag --containerd has been deprecated, This is a cadvisor flag that was mistakenly registered with the Kubelet. Due to legacy concerns, it will follow the standard CLI deprecation timeline before being removed.
2025-01-29 18:37:18,395 INFO c.h.h.t.HelmChartContainer - [K3S] [server.go:515] "Kubelet version" kubeletVersion="v1.32.1+k3s1"
2025-01-29 18:37:18,395 INFO c.h.h.t.HelmChartContainer - [K3S] [server.go:517] "Golang settings" GOGC="" GOMAXPROCS="" GOTRACEBACK=""
2025-01-29 18:37:18,396 INFO c.h.h.t.HelmChartContainer - [K3S] [dynamic_cafile_content.go:161] "Starting controller" name="client-ca-bundle::/var/lib/rancher/k3s/agent/client-ca.crt"
2025-01-29 18:37:18,398 INFO c.h.h.t.HelmChartContainer - [K3S] [log.go:32] "RuntimeConfig from runtime service failed" err="rpc error: code = Unimplemented desc = method RuntimeConfig not implemented"
2025-01-29 18:37:18,398 INFO c.h.h.t.HelmChartContainer - [K3S] [server.go:1416] "CRI implementation should be updated to support RuntimeConfig when KubeletCgroupDriverFromCRI feature gate has been enabled. Falling back to using cgroupDriver from kubelet config."
2025-01-29 18:37:18,402 INFO c.h.h.t.HelmChartContainer - [K3S] [info.go:53] Couldn't collect info from any of the files in "/etc/machine-id,/var/lib/dbus/machine-id"
2025-01-29 18:37:18,402 INFO c.h.h.t.HelmChartContainer - [K3S] [server.go:767] "--cgroups-per-qos enabled, but --cgroup-root was not specified.  defaulting to /"
2025-01-29 18:37:18,403 INFO c.h.h.t.HelmChartContainer - [K3S] [server.go:836] "NoSwap is set due to memorySwapBehavior not specified" memorySwapBehavior="" FailSwapOn=false
2025-01-29 18:37:18,404 INFO c.h.h.t.HelmChartContainer - [K3S] [swap_util.go:115] "Swap is on" /proc/swaps contents=<
2025-01-29 18:37:18,404 INFO c.h.h.t.HelmChartContainer - [K3S] 	Filename				Type		Size		Used		Priority
2025-01-29 18:37:18,404 INFO c.h.h.t.HelmChartContainer - [K3S] 	/mnt/swapfile                           file		4194300		0		-2
2025-01-29 18:37:18,404 INFO c.h.h.t.HelmChartContainer - [K3S]  >
2025-01-29 18:37:18,404 INFO c.h.h.t.HelmChartContainer - [K3S] [container_manager_linux.go:268] "Container manager verified user specified cgroup-root exists" cgroupRoot=[]
2025-01-29 18:37:18,404 INFO c.h.h.t.HelmChartContainer - [K3S] [container_manager_linux.go:273] "Creating Container Manager object based on Node Config" nodeConfig={"NodeName":"ad3d5c572cb1","RuntimeCgroupsName":"","SystemCgroupsName":"","KubeletCgroupsName":"/k3s","KubeletOOMScoreAdj":-999,"ContainerRuntime":"","CgroupsPerQOS":true,"CgroupRoot":"/","CgroupDriver":"cgroupfs","KubeletRootDir":"/var/lib/kubelet","ProtectKernelDefaults":false,"KubeReservedCgroupName":"","SystemReservedCgroupName":"","ReservedSystemCPUs":{},"EnforceNodeAllocatable":{"pods":{}},"KubeReserved":null,"SystemReserved":null,"HardEvictionThresholds":[{"Signal":"imagefs.available","Operator":"LessThan","Value":{"Quantity":null,"Percentage":0.05},"GracePeriod":0,"MinReclaim":null},{"Signal":"nodefs.available","Operator":"LessThan","Value":{"Quantity":null,"Percentage":0.05},"GracePeriod":0,"MinReclaim":null}],"QOSReserved":{},"CPUManagerPolicy":"none","CPUManagerPolicyOptions":null,"TopologyManagerScope":"container","CPUManagerReconcilePeriod":10000000000,"ExperimentalMemoryManagerPolicy":"None","ExperimentalMemoryManagerReservedMemory":null,"PodPidsLimit":-1,"EnforceCPULimits":true,"CPUCFSQuotaPeriod":100000000,"TopologyManagerPolicy":"none","TopologyManagerPolicyOptions":null,"CgroupVersion":2}
2025-01-29 18:37:18,404 INFO c.h.h.t.HelmChartContainer - [K3S] [topology_manager.go:138] "Creating topology manager with none policy"
2025-01-29 18:37:18,404 INFO c.h.h.t.HelmChartContainer - [K3S] [container_manager_linux.go:304] "Creating device plugin manager"
2025-01-29 18:37:18,404 INFO c.h.h.t.HelmChartContainer - [K3S] [state_mem.go:36] "Initialized new in-memory state store"
2025-01-29 18:37:18,404 INFO c.h.h.t.HelmChartContainer - [K3S] [kubelet.go:446] "Attempting to sync node with API server"
2025-01-29 18:37:18,405 INFO c.h.h.t.HelmChartContainer - [K3S] [kubelet.go:341] "Adding static pod path" path="/var/lib/rancher/k3s/agent/pod-manifests"
2025-01-29 18:37:18,405 INFO c.h.h.t.HelmChartContainer - [K3S] [kubelet.go:352] "Adding apiserver pod source"
2025-01-29 18:37:18,408 INFO c.h.h.t.HelmChartContainer - [K3S] [apiserver.go:42] "Waiting for node sync before watching apiserver pods"
2025-01-29 18:37:18,408 INFO c.h.h.t.HelmChartContainer - [K3S] [kuberuntime_manager.go:269] "Container runtime initialized" containerRuntime="containerd" version="v1.7.23-k3s2" apiVersion="v1"
2025-01-29 18:37:18,408 INFO c.h.h.t.HelmChartContainer - [K3S] [kubelet.go:890] "Not starting ClusterTrustBundle informer because we are in static kubelet mode"
2025-01-29 18:37:18,408 INFO c.h.h.t.HelmChartContainer - [K3S] [probe.go:272] Flexvolume plugin directory at /usr/libexec/kubernetes/kubelet-plugins/volume/exec/ does not exist. Recreating.
2025-01-29 18:37:18,408 INFO c.h.h.t.HelmChartContainer - [K3S] [watchdog_linux.go:99] "Systemd watchdog is not enabled"
2025-01-29 18:37:18,408 INFO c.h.h.t.HelmChartContainer - [K3S] [server.go:1282] "Started kubelet"
2025-01-29 18:37:18,410 INFO c.h.h.t.HelmChartContainer - [K3S] [server.go:169] "Starting to listen" address="0.0.0.0" port=10250
2025-01-29 18:37:18,411 INFO c.h.h.t.HelmChartContainer - [K3S] [server.go:208] "Starting to listen read-only" address="0.0.0.0" port=10255
2025-01-29 18:37:18,411 INFO c.h.h.t.HelmChartContainer - [K3S] [ratelimit.go:55] "Setting rate limiting for endpoint" service="podresources" qps=100 burstTokens=10
2025-01-29 18:37:18,411 INFO c.h.h.t.HelmChartContainer - [K3S] [server.go:243] "Starting to serve the podresources API" endpoint="unix:/var/lib/kubelet/pod-resources/kubelet.sock"
2025-01-29 18:37:18,414 INFO c.h.h.t.HelmChartContainer - [K3S] [fs_resource_analyzer.go:67] "Starting FS ResourceAnalyzer"
2025-01-29 18:37:18,414 INFO c.h.h.t.HelmChartContainer - [K3S] [server.go:490] "Adding debug handlers to kubelet server"
2025-01-29 18:37:18,415 INFO c.h.h.t.HelmChartContainer - [K3S] [kubelet.go:1561] "Image garbage collection failed once. Stats initialization may not have completed yet" err="invalid capacity 0 on image filesystem"
2025-01-29 18:37:18,416 INFO c.h.h.t.HelmChartContainer - [K3S] [dynamic_serving_content.go:135] "Starting controller" name="kubelet-server-cert-files::/var/lib/rancher/k3s/agent/serving-kubelet.crt::/var/lib/rancher/k3s/agent/serving-kubelet.key"
2025-01-29 18:37:18,419 INFO c.h.h.t.HelmChartContainer - [K3S] [kubelet_node_status.go:467] "Error getting the current node from lister" err="node \"ad3d5c572cb1\" not found"
2025-01-29 18:37:18,419 INFO c.h.h.t.HelmChartContainer - [K3S] [volume_manager.go:297] "Starting Kubelet Volume Manager"
2025-01-29 18:37:18,419 INFO c.h.h.t.HelmChartContainer - [K3S] [desired_state_of_world_populator.go:149] "Desired state populator starts to run"
2025-01-29 18:37:18,421 INFO c.h.h.t.HelmChartContainer - [K3S] [reconciler.go:26] "Reconciler: start to sync state"
2025-01-29 18:37:18,421 INFO c.h.h.t.HelmChartContainer - [K3S] [factory.go:221] Registration of the systemd container factory successfully
2025-01-29 18:37:18,421 INFO c.h.h.t.HelmChartContainer - [K3S] [factory.go:219] Registration of the crio container factory failed: Get "http://%2Fvar%2Frun%2Fcrio%2Fcrio.sock/info": dial unix /var/run/crio/crio.sock: connect: no such file or directory
2025-01-29 18:37:18,423 INFO c.h.h.t.HelmChartContainer - [K3S] [factory.go:221] Registration of the containerd container factory successfully
2025-01-29 18:37:18,425 INFO c.h.h.t.HelmChartContainer - [K3S] [nodelease.go:49] "Failed to get node when trying to set owner ref to the node lease" err="nodes \"ad3d5c572cb1\" not found" node="ad3d5c572cb1"
2025-01-29 18:37:18,438 INFO c.h.h.t.HelmChartContainer - [K3S] [cpu_manager.go:221] "Starting CPU manager" policy="none"
2025-01-29 18:37:18,438 INFO c.h.h.t.HelmChartContainer - [K3S] [cpu_manager.go:222] "Reconciling" reconcilePeriod="10s"
2025-01-29 18:37:18,439 INFO c.h.h.t.HelmChartContainer - [K3S] [state_mem.go:36] "Initialized new in-memory state store"
2025-01-29 18:37:18,441 INFO c.h.h.t.HelmChartContainer - [K3S] [policy_none.go:49] "None policy: Start"
2025-01-29 18:37:18,441 INFO c.h.h.t.HelmChartContainer - [K3S] [memory_manager.go:186] "Starting memorymanager" policy="None"
2025-01-29 18:37:18,441 INFO c.h.h.t.HelmChartContainer - [K3S] [state_mem.go:35] "Initializing new in-memory state store"
2025-01-29 18:37:18,446 INFO c.h.h.t.HelmChartContainer - [K3S] [manager.go:519] "Failed to read data from checkpoint" checkpoint="kubelet_internal_checkpoint" err="checkpoint is not found"
2025-01-29 18:37:18,446 INFO c.h.h.t.HelmChartContainer - [K3S] [eviction_manager.go:189] "Eviction manager: starting control loop"
2025-01-29 18:37:18,446 INFO c.h.h.t.HelmChartContainer - [K3S] [container_log_manager.go:189] "Initializing container log rotate workers" workers=1 monitorPeriod="10s"
2025-01-29 18:37:18,447 INFO c.h.h.t.HelmChartContainer - [K3S] [plugin_manager.go:118] "Starting Kubelet Plugin Manager"
2025-01-29 18:37:18,449 INFO c.h.h.t.HelmChartContainer - [K3S] [eviction_manager.go:267] "eviction manager: failed to check if we have separate container filesystem. Ignoring." err="no imagefs label for configured runtime"
2025-01-29 18:37:18,450 INFO c.h.h.t.HelmChartContainer - [K3S] [eviction_manager.go:292] "Eviction manager: failed to get summary stats" err="failed to get node info: node \"ad3d5c572cb1\" not found"
2025-01-29 18:37:18,458 INFO c.h.h.t.HelmChartContainer - [K3S] [kubelet_network_linux.go:50] "Initialized iptables rules." protocol="IPv4"
2025-01-29 18:37:18,461 INFO c.h.h.t.HelmChartContainer - [K3S] [kubelet_network_linux.go:50] "Initialized iptables rules." protocol="IPv6"
2025-01-29 18:37:18,461 INFO c.h.h.t.HelmChartContainer - [K3S] [status_manager.go:227] "Starting to sync pod status with apiserver"
2025-01-29 18:37:18,461 INFO c.h.h.t.HelmChartContainer - [K3S] [watchdog_linux.go:127] "Systemd watchdog is not enabled or the interval is invalid, so health checking will not be started."
2025-01-29 18:37:18,461 INFO c.h.h.t.HelmChartContainer - [K3S] [kubelet.go:2388] "Starting kubelet main sync loop"
2025-01-29 18:37:18,461 INFO c.h.h.t.HelmChartContainer - [K3S] [kubelet.go:2412] "Skipping pod synchronization" err="PLEG is not healthy: pleg has yet to be successful"
2025-01-29 18:37:18,546 INFO c.h.h.t.HelmChartContainer - [K3S] [kubelet_node_status.go:76] "Attempting to register node" node="ad3d5c572cb1"
2025-01-29 18:37:18,549 INFO c.h.h.t.HelmChartContainer - [K3S] [kubelet_node_status.go:79] "Successfully registered node" node="ad3d5c572cb1"
2025-01-29 18:37:18,549 INFO c.h.h.t.HelmChartContainer - [K3S] [kubelet_node_status.go:549] "Error updating node status, will retry" err="error getting node \"ad3d5c572cb1\": node \"ad3d5c572cb1\" not found"
2025-01-29 18:37:18,555 INFO c.h.h.t.HelmChartContainer - [K3S] [INFO] Annotations and labels have been set successfully on node: ad3d5c572cb1
2025-01-29 18:37:18,556 INFO c.h.h.t.HelmChartContainer - [K3S] [INFO] Starting flannel with backend vxlan
2025-01-29 18:37:18,584 INFO c.h.h.t.HelmChartContainer - [K3S] [serving.go:392] Generated self-signed cert in-memory
2025-01-29 18:37:18,697 INFO c.h.h.t.HelmChartContainer - [K3S] [server.go:698] "Successfully retrieved node IP(s)" IPs=["172.18.0.2"]
2025-01-29 18:37:18,697 INFO c.h.h.t.HelmChartContainer - [K3S] [server.go:234] "Kube-proxy configuration may be incomplete or incorrect" err="nodePortAddresses is unset; NodePort connections will be accepted on all local IPs. Consider using `--nodeport-addresses primary`"
2025-01-29 18:37:18,700 INFO c.h.h.t.HelmChartContainer - [K3S] [server.go:243] "kube-proxy running in dual-stack mode" primary ipFamily="IPv4"
2025-01-29 18:37:18,700 INFO c.h.h.t.HelmChartContainer - [K3S] [server_linux.go:170] "Using iptables Proxier"
2025-01-29 18:37:18,701 INFO c.h.h.t.HelmChartContainer - [K3S] [proxier.go:255] "Setting route_localnet=1 to allow node-ports on localhost; to change this either disable iptables.localhostNodePorts (--iptables-localhost-nodeports) or set nodePortAddresses (--nodeport-addresses) to filter loopback addresses"
2025-01-29 18:37:18,706 INFO c.h.h.t.HelmChartContainer - [K3S] [server.go:497] "Version info" version="v1.32.1+k3s1"
2025-01-29 18:37:18,706 INFO c.h.h.t.HelmChartContainer - [K3S] [server.go:499] "Golang settings" GOGC="" GOMAXPROCS="" GOTRACEBACK=""
2025-01-29 18:37:18,707 INFO c.h.h.t.HelmChartContainer - [K3S] [config.go:199] "Starting service config controller"
2025-01-29 18:37:18,707 INFO c.h.h.t.HelmChartContainer - [K3S] [config.go:105] "Starting endpoint slice config controller"
2025-01-29 18:37:18,708 INFO c.h.h.t.HelmChartContainer - [K3S] [config.go:329] "Starting node config controller"
2025-01-29 18:37:18,745 INFO c.h.h.t.HelmChartContainer - [K3S] [controllermanager.go:185] "Starting" version="v1.32.1+k3s1"
2025-01-29 18:37:18,745 INFO c.h.h.t.HelmChartContainer - [K3S] [controllermanager.go:187] "Golang settings" GOGC="" GOMAXPROCS="" GOTRACEBACK=""
2025-01-29 18:37:18,748 INFO c.h.h.t.HelmChartContainer - [K3S] [requestheader_controller.go:180] Starting RequestHeaderAuthRequestController
2025-01-29 18:37:18,748 INFO c.h.h.t.HelmChartContainer - [K3S] [configmap_cafile_content.go:205] "Starting controller" name="client-ca::kube-system::extension-apiserver-authentication::requestheader-client-ca-file"
2025-01-29 18:37:18,748 INFO c.h.h.t.HelmChartContainer - [K3S] [configmap_cafile_content.go:205] "Starting controller" name="client-ca::kube-system::extension-apiserver-authentication::client-ca-file"
2025-01-29 18:37:18,748 INFO c.h.h.t.HelmChartContainer - [K3S] [secure_serving.go:213] Serving securely on 127.0.0.1:10257
2025-01-29 18:37:18,748 INFO c.h.h.t.HelmChartContainer - [K3S] [tlsconfig.go:243] "Starting DynamicServingCertificateController"
2025-01-29 18:37:18,756 INFO c.h.h.t.HelmChartContainer - [K3S] [controllermanager.go:765] "Started controller" controller="serviceaccount-token-controller"
2025-01-29 18:37:18,768 INFO c.h.h.t.HelmChartContainer - [K3S] [controllermanager.go:765] "Started controller" controller="ttl-controller"
2025-01-29 18:37:18,769 INFO c.h.h.t.HelmChartContainer - [K3S] [ttl_controller.go:127] "Starting TTL controller"
2025-01-29 18:37:18,777 INFO c.h.h.t.HelmChartContainer - [K3S] [INFO] Done waiting for CRD helmchartconfigs.helm.cattle.io to become available
2025-01-29 18:37:18,778 INFO c.h.h.t.HelmChartContainer - [K3S] [INFO] Writing static file: /var/lib/rancher/k3s/server/static/charts/traefik-27.0.201+up27.0.2.tgz
2025-01-29 18:37:18,780 INFO c.h.h.t.HelmChartContainer - [K3S] [INFO] Writing static file: /var/lib/rancher/k3s/server/static/charts/traefik-crd-27.0.201+up27.0.2.tgz
2025-01-29 18:37:18,781 INFO c.h.h.t.HelmChartContainer - [K3S] [INFO] Writing manifest: /var/lib/rancher/k3s/server/manifests/local-storage.yaml
2025-01-29 18:37:18,782 INFO c.h.h.t.HelmChartContainer - [K3S] [INFO] Writing manifest: /var/lib/rancher/k3s/server/manifests/metrics-server/aggregated-metrics-reader.yaml
2025-01-29 18:37:18,786 INFO c.h.h.t.HelmChartContainer - [K3S] [INFO] Writing manifest: /var/lib/rancher/k3s/server/manifests/metrics-server/metrics-apiservice.yaml
2025-01-29 18:37:18,786 INFO c.h.h.t.HelmChartContainer - [K3S] [INFO] Writing manifest: /var/lib/rancher/k3s/server/manifests/metrics-server/resource-reader.yaml
2025-01-29 18:37:18,786 INFO c.h.h.t.HelmChartContainer - [K3S] [INFO] Writing manifest: /var/lib/rancher/k3s/server/manifests/rolebindings.yaml
2025-01-29 18:37:18,786 INFO c.h.h.t.HelmChartContainer - [K3S] [INFO] Writing manifest: /var/lib/rancher/k3s/server/manifests/runtimes.yaml
2025-01-29 18:37:18,786 INFO c.h.h.t.HelmChartContainer - [K3S] [INFO] Writing manifest: /var/lib/rancher/k3s/server/manifests/ccm.yaml
2025-01-29 18:37:18,786 INFO c.h.h.t.HelmChartContainer - [K3S] [INFO] Writing manifest: /var/lib/rancher/k3s/server/manifests/coredns.yaml
2025-01-29 18:37:18,786 INFO c.h.h.t.HelmChartContainer - [K3S] [INFO] Writing manifest: /var/lib/rancher/k3s/server/manifests/metrics-server/auth-delegator.yaml
2025-01-29 18:37:18,791 INFO c.h.h.t.HelmChartContainer - [K3S] [INFO] Writing manifest: /var/lib/rancher/k3s/server/manifests/metrics-server/auth-reader.yaml
2025-01-29 18:37:18,791 INFO c.h.h.t.HelmChartContainer - [K3S] [INFO] Writing manifest: /var/lib/rancher/k3s/server/manifests/metrics-server/metrics-server-deployment.yaml
2025-01-29 18:37:18,791 INFO c.h.h.t.HelmChartContainer - [K3S] [INFO] Writing manifest: /var/lib/rancher/k3s/server/manifests/metrics-server/metrics-server-service.yaml
2025-01-29 18:37:18,791 INFO c.h.h.t.HelmChartContainer - [K3S] [range_allocator.go:112] "No Secondary Service CIDR provided. Skipping filtering out secondary service addresses"
2025-01-29 18:37:18,791 INFO c.h.h.t.HelmChartContainer - [K3S] [controllermanager.go:765] "Started controller" controller="node-ipam-controller"
2025-01-29 18:37:18,792 INFO c.h.h.t.HelmChartContainer - [K3S] [node_ipam_controller.go:141] "Starting ipam controller"
2025-01-29 18:37:18,792 INFO c.h.h.t.HelmChartContainer - [K3S] [node_lifecycle_controller.go:432] "Controller will reconcile labels"
2025-01-29 18:37:18,793 INFO c.h.h.t.HelmChartContainer - [K3S] [controllermanager.go:765] "Started controller" controller="node-lifecycle-controller"
2025-01-29 18:37:18,793 INFO c.h.h.t.HelmChartContainer - [K3S] [controllermanager.go:717] "Controller is disabled by a feature gate" controller="volumeattributesclass-protection-controller" requiredFeatureGates=["VolumeAttributesClass"]
2025-01-29 18:37:18,793 INFO c.h.h.t.HelmChartContainer - [K3S] [node_lifecycle_controller.go:466] "Sending events to api server"
2025-01-29 18:37:18,793 INFO c.h.h.t.HelmChartContainer - [K3S] [node_lifecycle_controller.go:477] "Starting node controller"
2025-01-29 18:37:18,793 INFO c.h.h.t.HelmChartContainer - [K3S] [INFO] Starting dynamiclistener CN filter node controller with SANs: [localhost 127.0.0.1 ::1 localhost ad3d5c572cb1 172.18.0.2 10.43.0.1 kubernetes kubernetes.default kubernetes.default.svc kubernetes.default.svc.hivemq.com]
2025-01-29 18:37:18,793 INFO c.h.h.t.HelmChartContainer - [K3S] [INFO] Tunnel server egress proxy mode: agent
2025-01-29 18:37:18,798 INFO c.h.h.t.HelmChartContainer - [K3S] [controllermanager.go:765] "Started controller" controller="endpointslice-mirroring-controller"
2025-01-29 18:37:18,801 INFO c.h.h.t.HelmChartContainer - [K3S] [endpointslicemirroring_controller.go:227] "Starting EndpointSliceMirroring controller"
2025-01-29 18:37:18,824 INFO c.h.h.t.HelmChartContainer - [K3S] [controllermanager.go:765] "Started controller" controller="resourcequota-controller"
2025-01-29 18:37:18,825 INFO c.h.h.t.HelmChartContainer - [K3S] [resource_quota_controller.go:300] "Starting resource quota controller"
2025-01-29 18:37:18,830 INFO c.h.h.t.HelmChartContainer - [K3S] [controllermanager.go:765] "Started controller" controller="serviceaccount-controller"
2025-01-29 18:37:18,830 INFO c.h.h.t.HelmChartContainer - [K3S] [serviceaccounts_controller.go:114] "Starting service account controller"
2025-01-29 18:37:18,840 INFO c.h.h.t.HelmChartContainer - [K3S] [graph_builder.go:351] "Running" component="GraphBuilder"
2025-01-29 18:37:18,840 INFO c.h.h.t.HelmChartContainer - [K3S] [controllermanager.go:765] "Started controller" controller="garbage-collector-controller"
2025-01-29 18:37:18,840 INFO c.h.h.t.HelmChartContainer - [K3S] [controllermanager.go:717] "Controller is disabled by a feature gate" controller="service-cidr-controller" requiredFeatureGates=["MultiCIDRServiceAllocator"]
2025-01-29 18:37:18,847 INFO c.h.h.t.HelmChartContainer - [K3S] [controllermanager.go:765] "Started controller" controller="statefulset-controller"
2025-01-29 18:37:18,847 INFO c.h.h.t.HelmChartContainer - [K3S] [stateful_set.go:166] "Starting stateful set controller"
2025-01-29 18:37:18,858 INFO c.h.h.t.HelmChartContainer - [K3S] [kubelet_node_status.go:502] "Fast updating node status as it just became ready"
2025-01-29 18:37:18,897 INFO c.h.h.t.HelmChartContainer - [K3S] [INFO] Starting k3s.cattle.io/v1, Kind=Addon controller
2025-01-29 18:37:18,897 INFO c.h.h.t.HelmChartContainer - [K3S] [INFO] Creating deploy event broadcaster
2025-01-29 18:37:18,959 INFO c.h.h.t.HelmChartContainer - [K3S] [controllermanager.go:765] "Started controller" controller="certificatesigningrequest-approving-controller"
2025-01-29 18:37:18,959 INFO c.h.h.t.HelmChartContainer - [K3S] [controllermanager.go:717] "Controller is disabled by a feature gate" controller="selinux-warning-controller" requiredFeatureGates=["SELinuxChangePolicy"]
2025-01-29 18:37:18,960 INFO c.h.h.t.HelmChartContainer - [K3S] [certificate_controller.go:120] "Starting certificate controller" name="csrapproving"
2025-01-29 18:37:19,000 INFO c.h.h.t.HelmChartContainer - [K3S] [INFO] Starting /v1, Kind=Node controller
2025-01-29 18:37:19,001 INFO c.h.h.t.HelmChartContainer - [K3S] [INFO] Creating helm-controller event broadcaster
2025-01-29 18:37:19,009 INFO c.h.h.t.HelmChartContainer - [K3S] [INFO] Labels and annotations have been set successfully on node: ad3d5c572cb1
2025-01-29 18:37:19,027 INFO c.h.h.t.HelmChartContainer - [K3S] [INFO] Cluster dns configmap has been set successfully
2025-01-29 18:37:19,045 INFO c.h.h.t.HelmChartContainer - [K3S] [INFO] Starting /v1, Kind=ConfigMap controller
2025-01-29 18:37:19,046 INFO c.h.h.t.HelmChartContainer - [K3S] [INFO] Starting /v1, Kind=ServiceAccount controller
2025-01-29 18:37:19,046 INFO c.h.h.t.HelmChartContainer - [K3S] [INFO] Starting /v1, Kind=Secret controller
2025-01-29 18:37:19,050 INFO c.h.h.t.HelmChartContainer - [K3S] [INFO] Active TLS secret kube-system/k3s-serving (ver=238) (count 10): map[listener.cattle.io/cn-10.43.0.1:10.43.0.1 listener.cattle.io/cn-127.0.0.1:127.0.0.1 listener.cattle.io/cn-172.18.0.2:172.18.0.2 listener.cattle.io/cn-__1-f16284:::1 listener.cattle.io/cn-ad3d5c572cb1:ad3d5c572cb1 listener.cattle.io/cn-kubernetes:kubernetes listener.cattle.io/cn-kubernetes.default:kubernetes.default listener.cattle.io/cn-kubernetes.default.svc:kubernetes.default.svc listener.cattle.io/cn-kubernetes.default.svc.hivemq.com:kubernetes.default.svc.hivemq.com listener.cattle.io/cn-localhost:localhost listener.cattle.io/fingerprint:SHA1=B1CFBAABEF8C1733A316CAFDA160B4908F15CB95]
2025-01-29 18:37:19,110 INFO c.h.h.t.HelmChartContainer - [K3S] [INFO] Starting helm.cattle.io/v1, Kind=HelmChart controller
2025-01-29 18:37:19,111 INFO c.h.h.t.HelmChartContainer - [K3S] [INFO] Starting helm.cattle.io/v1, Kind=HelmChartConfig controller
2025-01-29 18:37:19,113 INFO c.h.h.t.HelmChartContainer - [K3S] [INFO] Starting rbac.authorization.k8s.io/v1, Kind=ClusterRoleBinding controller
2025-01-29 18:37:19,115 INFO c.h.h.t.HelmChartContainer - [K3S] [INFO] Starting batch/v1, Kind=Job controller
2025-01-29 18:37:19,148 INFO c.h.h.t.HelmChartContainer - [K3S] [INFO] Updating TLS secret for kube-system/k3s-serving (count: 10): map[listener.cattle.io/cn-10.43.0.1:10.43.0.1 listener.cattle.io/cn-127.0.0.1:127.0.0.1 listener.cattle.io/cn-172.18.0.2:172.18.0.2 listener.cattle.io/cn-__1-f16284:::1 listener.cattle.io/cn-ad3d5c572cb1:ad3d5c572cb1 listener.cattle.io/cn-kubernetes:kubernetes listener.cattle.io/cn-kubernetes.default:kubernetes.default listener.cattle.io/cn-kubernetes.default.svc:kubernetes.default.svc listener.cattle.io/cn-kubernetes.default.svc.hivemq.com:kubernetes.default.svc.hivemq.com listener.cattle.io/cn-localhost:localhost listener.cattle.io/fingerprint:SHA1=B1CFBAABEF8C1733A316CAFDA160B4908F15CB95]
2025-01-29 18:37:19,212 INFO c.h.h.t.HelmChartContainer - [K3S] [controllermanager.go:765] "Started controller" controller="namespace-controller"
2025-01-29 18:37:19,213 INFO c.h.h.t.HelmChartContainer - [K3S] [namespace_controller.go:202] "Starting namespace controller"
2025-01-29 18:37:19,360 INFO c.h.h.t.HelmChartContainer - [K3S] [controllermanager.go:765] "Started controller" controller="daemonset-controller"
2025-01-29 18:37:19,361 INFO c.h.h.t.HelmChartContainer - [K3S] [controllermanager.go:723] "Skipping a cloud provider controller" controller="service-lb-controller"
2025-01-29 18:37:19,361 INFO c.h.h.t.HelmChartContainer - [K3S] [controllermanager.go:717] "Controller is disabled by a feature gate" controller="storageversion-garbage-collector-controller" requiredFeatureGates=["APIServerIdentity","StorageVersionAPI"]
2025-01-29 18:37:19,361 INFO c.h.h.t.HelmChartContainer - [K3S] [daemon_controller.go:294] "Starting daemon sets controller"
2025-01-29 18:37:19,404 INFO c.h.h.t.HelmChartContainer - [K3S] [apiserver.go:52] "Watching apiserver"
2025-01-29 18:37:19,420 INFO c.h.h.t.HelmChartContainer - [K3S] [desired_state_of_world_populator.go:157] "Finished populating initial desired state of world"
2025-01-29 18:37:19,510 INFO c.h.h.t.HelmChartContainer - [K3S] [controllermanager.go:765] "Started controller" controller="root-ca-certificate-publisher-controller"
2025-01-29 18:37:19,510 INFO c.h.h.t.HelmChartContainer - [K3S] [publisher.go:107] "Starting root CA cert publisher controller"
2025-01-29 18:37:19,666 INFO c.h.h.t.HelmChartContainer - [K3S] [controllermanager.go:765] "Started controller" controller="legacy-serviceaccount-token-cleaner-controller"
2025-01-29 18:37:19,666 INFO c.h.h.t.HelmChartContainer - [K3S] [legacy_serviceaccount_token_cleaner.go:103] "Starting legacy service account token cleaner controller"
2025-01-29 18:37:19,859 INFO c.h.h.t.HelmChartContainer - [K3S] [controllermanager.go:765] "Started controller" controller="validatingadmissionpolicy-status-controller"
2025-01-29 18:37:19,909 INFO c.h.h.t.HelmChartContainer - [K3S] [controllermanager.go:765] "Started controller" controller="taint-eviction-controller"
2025-01-29 18:37:19,909 INFO c.h.h.t.HelmChartContainer - [K3S] [taint_eviction.go:281] "Starting" controller="taint-eviction-controller"
2025-01-29 18:37:19,909 INFO c.h.h.t.HelmChartContainer - [K3S] [taint_eviction.go:287] "Sending events to api server"
2025-01-29 18:37:20,059 INFO c.h.h.t.HelmChartContainer - [K3S] [controllermanager.go:765] "Started controller" controller="replicationcontroller-controller"
2025-01-29 18:37:20,060 INFO c.h.h.t.HelmChartContainer - [K3S] [replica_set.go:217] "Starting controller" name="replicationcontroller"
2025-01-29 18:37:20,209 INFO c.h.h.t.HelmChartContainer - [K3S] [controllermanager.go:765] "Started controller" controller="replicaset-controller"
2025-01-29 18:37:20,210 INFO c.h.h.t.HelmChartContainer - [K3S] [controllermanager.go:728] "Warning: controller is disabled" controller="bootstrap-signer-controller"
2025-01-29 18:37:20,210 INFO c.h.h.t.HelmChartContainer - [K3S] [replica_set.go:217] "Starting controller" name="replicaset"
2025-01-29 18:37:20,359 INFO c.h.h.t.HelmChartContainer - [K3S] [controllermanager.go:765] "Started controller" controller="persistentvolumeclaim-protection-controller"
2025-01-29 18:37:20,359 INFO c.h.h.t.HelmChartContainer - [K3S] [controllermanager.go:743] "Warning: skipping controller" controller="storage-version-migrator-controller"
2025-01-29 18:37:20,359 INFO c.h.h.t.HelmChartContainer - [K3S] [pvc_protection_controller.go:168] "Starting PVC protection controller"
2025-01-29 18:37:20,409 INFO c.h.h.t.HelmChartContainer - [K3S] [controllermanager.go:765] "Started controller" controller="certificatesigningrequest-cleaner-controller"
2025-01-29 18:37:20,409 INFO c.h.h.t.HelmChartContainer - [K3S] [cleaner.go:83] "Starting CSR cleaner controller"
2025-01-29 18:37:20,560 INFO c.h.h.t.HelmChartContainer - [K3S] [controllermanager.go:765] "Started controller" controller="token-cleaner-controller"
2025-01-29 18:37:20,560 INFO c.h.h.t.HelmChartContainer - [K3S] [tokencleaner.go:117] "Starting token cleaner controller"
2025-01-29 18:37:20,710 INFO c.h.h.t.HelmChartContainer - [K3S] [controllermanager.go:765] "Started controller" controller="persistentvolume-protection-controller"
2025-01-29 18:37:20,710 INFO c.h.h.t.HelmChartContainer - [K3S] [controllermanager.go:717] "Controller is disabled by a feature gate" controller="kube-apiserver-serving-clustertrustbundle-publisher-controller" requiredFeatureGates=["ClusterTrustBundle"]
2025-01-29 18:37:20,710 INFO c.h.h.t.HelmChartContainer - [K3S] [pv_protection_controller.go:81] "Starting PV protection controller"
2025-01-29 18:37:20,859 INFO c.h.h.t.HelmChartContainer - [K3S] [controllermanager.go:765] "Started controller" controller="pod-garbage-collector-controller"
2025-01-29 18:37:20,860 INFO c.h.h.t.HelmChartContainer - [K3S] [gc_controller.go:99] "Starting GC controller"
2025-01-29 18:37:20,860 INFO c.h.h.t.HelmChartContainer - [K3S] [event.go:389] "Event occurred" object="ad3d5c572cb1" fieldPath="" kind="Node" apiVersion="" type="Normal" reason="NodePasswordValidationComplete" message="Deferred node password secret validation complete"
2025-01-29 18:37:20,902 INFO c.h.h.t.HelmChartContainer - [K3S] [event.go:389] "Event occurred" object="kube-system/ccm" fieldPath="" kind="Addon" apiVersion="k3s.cattle.io/v1" type="Normal" reason="ApplyingManifest" message="Applying manifest at \"/var/lib/rancher/k3s/server/manifests/ccm.yaml\""
2025-01-29 18:37:20,919 INFO c.h.h.t.HelmChartContainer - [K3S] [event.go:389] "Event occurred" object="kube-system/ccm" fieldPath="" kind="Addon" apiVersion="k3s.cattle.io/v1" type="Normal" reason="AppliedManifest" message="Applied manifest at \"/var/lib/rancher/k3s/server/manifests/ccm.yaml\""
2025-01-29 18:37:20,927 INFO c.h.h.t.HelmChartContainer - [K3S] [event.go:389] "Event occurred" object="kube-system/coredns" fieldPath="" kind="Addon" apiVersion="k3s.cattle.io/v1" type="Normal" reason="ApplyingManifest" message="Applying manifest at \"/var/lib/rancher/k3s/server/manifests/coredns.yaml\""
2025-01-29 18:37:21,009 INFO c.h.h.t.HelmChartContainer - [K3S] [controllermanager.go:765] "Started controller" controller="deployment-controller"
2025-01-29 18:37:21,009 INFO c.h.h.t.HelmChartContainer - [K3S] [deployment_controller.go:173] "Starting controller" controller="deployment"
2025-01-29 18:37:21,043 INFO c.h.h.t.HelmChartContainer - [K3S] [alloc.go:330] "allocated clusterIPs" service="kube-system/kube-dns" clusterIPs={"IPv4":"10.43.0.10"}
2025-01-29 18:37:21,043 INFO c.h.h.t.HelmChartContainer - [K3S] [event.go:389] "Event occurred" object="kube-system/coredns" fieldPath="" kind="Addon" apiVersion="k3s.cattle.io/v1" type="Normal" reason="AppliedManifest" message="Applied manifest at \"/var/lib/rancher/k3s/server/manifests/coredns.yaml\""
2025-01-29 18:37:21,067 INFO c.h.h.t.HelmChartContainer - [K3S] [event.go:389] "Event occurred" object="kube-system/local-storage" fieldPath="" kind="Addon" apiVersion="k3s.cattle.io/v1" type="Normal" reason="ApplyingManifest" message="Applying manifest at \"/var/lib/rancher/k3s/server/manifests/local-storage.yaml\""
2025-01-29 18:37:21,135 INFO c.h.h.t.HelmChartContainer - [K3S] [event.go:389] "Event occurred" object="kube-system/local-storage" fieldPath="" kind="Addon" apiVersion="k3s.cattle.io/v1" type="Normal" reason="AppliedManifest" message="Applied manifest at \"/var/lib/rancher/k3s/server/manifests/local-storage.yaml\""
2025-01-29 18:37:21,140 INFO c.h.h.t.HelmChartContainer - [K3S] [event.go:389] "Event occurred" object="kube-system/aggregated-metrics-reader" fieldPath="" kind="Addon" apiVersion="k3s.cattle.io/v1" type="Normal" reason="ApplyingManifest" message="Applying manifest at \"/var/lib/rancher/k3s/server/manifests/metrics-server/aggregated-metrics-reader.yaml\""
2025-01-29 18:37:21,209 INFO c.h.h.t.HelmChartContainer - [K3S] [controllermanager.go:765] "Started controller" controller="disruption-controller"
2025-01-29 18:37:21,209 INFO c.h.h.t.HelmChartContainer - [K3S] [disruption.go:452] "Sending events to api server."
2025-01-29 18:37:21,209 INFO c.h.h.t.HelmChartContainer - [K3S] [disruption.go:463] "Starting disruption controller"
2025-01-29 18:37:21,210 INFO c.h.h.t.HelmChartContainer - [K3S] [event.go:389] "Event occurred" object="kube-system/aggregated-metrics-reader" fieldPath="" kind="Addon" apiVersion="k3s.cattle.io/v1" type="Normal" reason="AppliedManifest" message="Applied manifest at \"/var/lib/rancher/k3s/server/manifests/metrics-server/aggregated-metrics-reader.yaml\""
2025-01-29 18:37:21,216 INFO c.h.h.t.HelmChartContainer - [K3S] [event.go:389] "Event occurred" object="kube-system/auth-delegator" fieldPath="" kind="Addon" apiVersion="k3s.cattle.io/v1" type="Normal" reason="ApplyingManifest" message="Applying manifest at \"/var/lib/rancher/k3s/server/manifests/metrics-server/auth-delegator.yaml\""
2025-01-29 18:37:21,220 INFO c.h.h.t.HelmChartContainer - [K3S] [event.go:389] "Event occurred" object="kube-system/auth-delegator" fieldPath="" kind="Addon" apiVersion="k3s.cattle.io/v1" type="Normal" reason="AppliedManifest" message="Applied manifest at \"/var/lib/rancher/k3s/server/manifests/metrics-server/auth-delegator.yaml\""
2025-01-29 18:37:21,225 INFO c.h.h.t.HelmChartContainer - [K3S] [event.go:389] "Event occurred" object="kube-system/auth-reader" fieldPath="" kind="Addon" apiVersion="k3s.cattle.io/v1" type="Normal" reason="ApplyingManifest" message="Applying manifest at \"/var/lib/rancher/k3s/server/manifests/metrics-server/auth-reader.yaml\""
2025-01-29 18:37:21,230 INFO c.h.h.t.HelmChartContainer - [K3S] [event.go:389] "Event occurred" object="kube-system/auth-reader" fieldPath="" kind="Addon" apiVersion="k3s.cattle.io/v1" type="Normal" reason="AppliedManifest" message="Applied manifest at \"/var/lib/rancher/k3s/server/manifests/metrics-server/auth-reader.yaml\""
2025-01-29 18:37:21,237 INFO c.h.h.t.HelmChartContainer - [K3S] [event.go:389] "Event occurred" object="kube-system/metrics-apiservice" fieldPath="" kind="Addon" apiVersion="k3s.cattle.io/v1" type="Normal" reason="ApplyingManifest" message="Applying manifest at \"/var/lib/rancher/k3s/server/manifests/metrics-server/metrics-apiservice.yaml\""
2025-01-29 18:37:21,242 INFO c.h.h.t.HelmChartContainer - [K3S] [event.go:389] "Event occurred" object="kube-system/metrics-apiservice" fieldPath="" kind="Addon" apiVersion="k3s.cattle.io/v1" type="Normal" reason="AppliedManifest" message="Applied manifest at \"/var/lib/rancher/k3s/server/manifests/metrics-server/metrics-apiservice.yaml\""
2025-01-29 18:37:21,247 INFO c.h.h.t.HelmChartContainer - [K3S] [handler_proxy.go:99] no RequestInfo found in the context
2025-01-29 18:37:21,247 INFO c.h.h.t.HelmChartContainer - [K3S] [controller.go:146] "Unhandled Error" err=<
2025-01-29 18:37:21,248 INFO c.h.h.t.HelmChartContainer - [K3S] 	, Header: map[Content-Type:[text/plain; charset=utf-8] X-Content-Type-Options:[nosniff]]
2025-01-29 18:37:21,248 INFO c.h.h.t.HelmChartContainer - [K3S]  >
2025-01-29 18:37:21,248 INFO c.h.h.t.HelmChartContainer - [K3S] [handler_proxy.go:143] error resolving kube-system/metrics-server: service "metrics-server" not found
2025-01-29 18:37:21,252 INFO c.h.h.t.HelmChartContainer - [K3S] [event.go:389] "Event occurred" object="kube-system/metrics-server-deployment" fieldPath="" kind="Addon" apiVersion="k3s.cattle.io/v1" type="Normal" reason="ApplyingManifest" message="Applying manifest at \"/var/lib/rancher/k3s/server/manifests/metrics-server/metrics-server-deployment.yaml\""
2025-01-29 18:37:21,262 INFO c.h.h.t.HelmChartContainer - [K3S] [event.go:389] "Event occurred" object="kube-system/metrics-server-deployment" fieldPath="" kind="Addon" apiVersion="k3s.cattle.io/v1" type="Normal" reason="AppliedManifest" message="Applied manifest at \"/var/lib/rancher/k3s/server/manifests/metrics-server/metrics-server-deployment.yaml\""
2025-01-29 18:37:21,268 INFO c.h.h.t.HelmChartContainer - [K3S] [event.go:389] "Event occurred" object="kube-system/metrics-server-service" fieldPath="" kind="Addon" apiVersion="k3s.cattle.io/v1" type="Normal" reason="ApplyingManifest" message="Applying manifest at \"/var/lib/rancher/k3s/server/manifests/metrics-server/metrics-server-service.yaml\""
2025-01-29 18:37:21,274 INFO c.h.h.t.HelmChartContainer - [K3S] [alloc.go:330] "allocated clusterIPs" service="kube-system/metrics-server" clusterIPs={"IPv4":"10.43.208.63"}
2025-01-29 18:37:21,275 INFO c.h.h.t.HelmChartContainer - [K3S] [event.go:389] "Event occurred" object="kube-system/metrics-server-service" fieldPath="" kind="Addon" apiVersion="k3s.cattle.io/v1" type="Normal" reason="AppliedManifest" message="Applied manifest at \"/var/lib/rancher/k3s/server/manifests/metrics-server/metrics-server-service.yaml\""
2025-01-29 18:37:21,279 INFO c.h.h.t.HelmChartContainer - [K3S] [handler_proxy.go:99] no RequestInfo found in the context
2025-01-29 18:37:21,280 INFO c.h.h.t.HelmChartContainer - [K3S] [controller.go:146] "Unhandled Error" err=<
2025-01-29 18:37:21,280 INFO c.h.h.t.HelmChartContainer - [K3S] 	, Header: map[Content-Type:[text/plain; charset=utf-8] X-Content-Type-Options:[nosniff]]
2025-01-29 18:37:21,280 INFO c.h.h.t.HelmChartContainer - [K3S]  >
2025-01-29 18:37:21,281 INFO c.h.h.t.HelmChartContainer - [K3S] [handler_proxy.go:143] error resolving kube-system/metrics-server: endpoints "metrics-server" not found
2025-01-29 18:37:21,283 INFO c.h.h.t.HelmChartContainer - [K3S] [event.go:389] "Event occurred" object="kube-system/resource-reader" fieldPath="" kind="Addon" apiVersion="k3s.cattle.io/v1" type="Normal" reason="ApplyingManifest" message="Applying manifest at \"/var/lib/rancher/k3s/server/manifests/metrics-server/resource-reader.yaml\""
2025-01-29 18:37:21,322 INFO c.h.h.t.HelmChartContainer - [K3S] [event.go:389] "Event occurred" object="kube-system/resource-reader" fieldPath="" kind="Addon" apiVersion="k3s.cattle.io/v1" type="Normal" reason="AppliedManifest" message="Applied manifest at \"/var/lib/rancher/k3s/server/manifests/metrics-server/resource-reader.yaml\""
2025-01-29 18:37:21,329 INFO c.h.h.t.HelmChartContainer - [K3S] [event.go:389] "Event occurred" object="kube-system/rolebindings" fieldPath="" kind="Addon" apiVersion="k3s.cattle.io/v1" type="Normal" reason="ApplyingManifest" message="Applying manifest at \"/var/lib/rancher/k3s/server/manifests/rolebindings.yaml\""
2025-01-29 18:37:21,360 INFO c.h.h.t.HelmChartContainer - [K3S] [controllermanager.go:765] "Started controller" controller="cronjob-controller"
2025-01-29 18:37:21,360 INFO c.h.h.t.HelmChartContainer - [K3S] [cronjob_controllerv2.go:145] "Starting cronjob controller v2"
2025-01-29 18:37:21,434 INFO c.h.h.t.HelmChartContainer - [K3S] [event.go:389] "Event occurred" object="kube-system/rolebindings" fieldPath="" kind="Addon" apiVersion="k3s.cattle.io/v1" type="Normal" reason="AppliedManifest" message="Applied manifest at \"/var/lib/rancher/k3s/server/manifests/rolebindings.yaml\""
2025-01-29 18:37:21,440 INFO c.h.h.t.HelmChartContainer - [K3S] [event.go:389] "Event occurred" object="kube-system/runtimes" fieldPath="" kind="Addon" apiVersion="k3s.cattle.io/v1" type="Normal" reason="ApplyingManifest" message="Applying manifest at \"/var/lib/rancher/k3s/server/manifests/runtimes.yaml\""
2025-01-29 18:37:21,465 INFO c.h.h.t.HelmChartContainer - [K3S] [event.go:389] "Event occurred" object="kube-system/runtimes" fieldPath="" kind="Addon" apiVersion="k3s.cattle.io/v1" type="Normal" reason="AppliedManifest" message="Applied manifest at \"/var/lib/rancher/k3s/server/manifests/runtimes.yaml\""
2025-01-29 18:37:21,509 INFO c.h.h.t.HelmChartContainer - [K3S] [controllermanager.go:765] "Started controller" controller="ephemeral-volume-controller"
2025-01-29 18:37:21,509 INFO c.h.h.t.HelmChartContainer - [K3S] [controllermanager.go:717] "Controller is disabled by a feature gate" controller="resourceclaim-controller" requiredFeatureGates=["DynamicResourceAllocation"]
2025-01-29 18:37:21,509 INFO c.h.h.t.HelmChartContainer - [K3S] [controller.go:173] "Starting ephemeral volume controller"
2025-01-29 18:37:21,660 INFO c.h.h.t.HelmChartContainer - [K3S] [controllermanager.go:765] "Started controller" controller="persistentvolume-binder-controller"
2025-01-29 18:37:21,660 INFO c.h.h.t.HelmChartContainer - [K3S] [pv_controller_base.go:308] "Starting persistent volume controller"
2025-01-29 18:37:21,661 INFO c.h.h.t.HelmChartContainer - [K3S] [serving.go:392] Generated self-signed cert in-memory
2025-01-29 18:37:21,791 INFO c.h.h.t.HelmChartContainer - [K3S] [serving.go:392] Generated self-signed cert in-memory
2025-01-29 18:37:21,810 INFO c.h.h.t.HelmChartContainer - [K3S] [controllermanager.go:765] "Started controller" controller="persistentvolume-expander-controller"
2025-01-29 18:37:21,810 INFO c.h.h.t.HelmChartContainer - [K3S] [expand_controller.go:329] "Starting expand controller"
2025-01-29 18:37:21,944 INFO c.h.h.t.HelmChartContainer - [K3S] [controllermanager.go:160] Version: v1.32.1+k3s1
2025-01-29 18:37:21,947 INFO c.h.h.t.HelmChartContainer - [K3S] [requestheader_controller.go:180] Starting RequestHeaderAuthRequestController
2025-01-29 18:37:21,949 INFO c.h.h.t.HelmChartContainer - [K3S] [configmap_cafile_content.go:205] "Starting controller" name="client-ca::kube-system::extension-apiserver-authentication::client-ca-file"
2025-01-29 18:37:21,949 INFO c.h.h.t.HelmChartContainer - [K3S] [configmap_cafile_content.go:205] "Starting controller" name="client-ca::kube-system::extension-apiserver-authentication::requestheader-client-ca-file"
2025-01-29 18:37:21,949 INFO c.h.h.t.HelmChartContainer - [K3S] [secure_serving.go:213] Serving securely on 127.0.0.1:10258
2025-01-29 18:37:21,949 INFO c.h.h.t.HelmChartContainer - [K3S] [tlsconfig.go:243] "Starting DynamicServingCertificateController"
2025-01-29 18:37:21,950 INFO c.h.h.t.HelmChartContainer - [K3S] [INFO] Creating service-lb-controller event broadcaster
2025-01-29 18:37:21,958 INFO c.h.h.t.HelmChartContainer - [K3S] [controllermanager.go:765] "Started controller" controller="clusterrole-aggregation-controller"
2025-01-29 18:37:21,959 INFO c.h.h.t.HelmChartContainer - [K3S] [clusterroleaggregation_controller.go:194] "Starting ClusterRoleAggregator controller"
2025-01-29 18:37:22,063 INFO c.h.h.t.HelmChartContainer - [K3S] [INFO] Starting /v1, Kind=Node controller
2025-01-29 18:37:22,065 INFO c.h.h.t.HelmChartContainer - [K3S] [INFO] Starting /v1, Kind=Pod controller
2025-01-29 18:37:22,068 INFO c.h.h.t.HelmChartContainer - [K3S] [INFO] Starting apps/v1, Kind=DaemonSet controller
2025-01-29 18:37:22,070 INFO c.h.h.t.HelmChartContainer - [K3S] [INFO] Starting discovery.k8s.io/v1, Kind=EndpointSlice controller
2025-01-29 18:37:22,071 INFO c.h.h.t.HelmChartContainer - [K3S] [controllermanager.go:329] Started "service-lb-controller"
2025-01-29 18:37:22,071 INFO c.h.h.t.HelmChartContainer - [K3S] [controllermanager.go:306] "node-route-controller" is disabled
2025-01-29 18:37:22,071 INFO c.h.h.t.HelmChartContainer - [K3S] [controller.go:234] Starting service controller
2025-01-29 18:37:22,071 INFO c.h.h.t.HelmChartContainer - [K3S] [controllermanager.go:329] Started "cloud-node-controller"
2025-01-29 18:37:22,071 INFO c.h.h.t.HelmChartContainer - [K3S] [node_controller.go:176] Sending events to api server.
2025-01-29 18:37:22,071 INFO c.h.h.t.HelmChartContainer - [K3S] [node_controller.go:185] Waiting for informer caches to sync
2025-01-29 18:37:22,072 INFO c.h.h.t.HelmChartContainer - [K3S] [controllermanager.go:329] Started "cloud-node-lifecycle-controller"
2025-01-29 18:37:22,073 INFO c.h.h.t.HelmChartContainer - [K3S] [node_lifecycle_controller.go:112] Sending events to api server
2025-01-29 18:37:22,109 INFO c.h.h.t.HelmChartContainer - [K3S] [controllermanager.go:765] "Started controller" controller="endpoints-controller"
2025-01-29 18:37:22,109 INFO c.h.h.t.HelmChartContainer - [K3S] [endpoints_controller.go:182] "Starting endpoint controller"
2025-01-29 18:37:22,172 INFO c.h.h.t.HelmChartContainer - [K3S] [node_controller.go:429] Initializing node ad3d5c572cb1 with cloud provider
2025-01-29 18:37:22,175 INFO c.h.h.t.HelmChartContainer - [K3S] [node_controller.go:474] Successfully initialized node ad3d5c572cb1 with cloud provider
2025-01-29 18:37:22,175 INFO c.h.h.t.HelmChartContainer - [K3S] [event.go:389] "Event occurred" object="ad3d5c572cb1" fieldPath="" kind="Node" apiVersion="v1" type="Normal" reason="Synced" message="Node synced successfully"
2025-01-29 18:37:22,190 INFO c.h.h.t.HelmChartContainer - [K3S] [INFO] Updated coredns NodeHosts entry for ad3d5c572cb1
2025-01-29 18:37:22,244 INFO c.h.h.t.HelmChartContainer - [K3S] [handler_proxy.go:99] no RequestInfo found in the context
2025-01-29 18:37:22,244 INFO c.h.h.t.HelmChartContainer - [K3S] [handler_proxy.go:99] no RequestInfo found in the context
2025-01-29 18:37:22,244 INFO c.h.h.t.HelmChartContainer - [K3S] [controller.go:102] "Unhandled Error" err=<
2025-01-29 18:37:22,244 INFO c.h.h.t.HelmChartContainer - [K3S] 	, Header: map[Content-Type:[text/plain; charset=utf-8] X-Content-Type-Options:[nosniff]]
2025-01-29 18:37:22,244 INFO c.h.h.t.HelmChartContainer - [K3S]  >
2025-01-29 18:37:22,260 INFO c.h.h.t.HelmChartContainer - [K3S] [controllermanager.go:765] "Started controller" controller="endpointslice-controller"
2025-01-29 18:37:22,260 INFO c.h.h.t.HelmChartContainer - [K3S] [endpointslice_controller.go:281] "Starting endpoint slice controller"
2025-01-29 18:37:22,391 INFO c.h.h.t.HelmChartContainer - [K3S] [INFO] Tunnel authorizer set Kubelet Port 0.0.0.0:10250
2025-01-29 18:37:22,414 INFO c.h.h.t.HelmChartContainer - [K3S] [controllermanager.go:765] "Started controller" controller="job-controller"
2025-01-29 18:37:22,414 INFO c.h.h.t.HelmChartContainer - [K3S] [controllermanager.go:723] "Skipping a cloud provider controller" controller="cloud-node-lifecycle-controller"
2025-01-29 18:37:22,414 INFO c.h.h.t.HelmChartContainer - [K3S] [controllermanager.go:723] "Skipping a cloud provider controller" controller="node-route-controller"
2025-01-29 18:37:22,414 INFO c.h.h.t.HelmChartContainer - [K3S] [job_controller.go:243] "Starting job controller"
2025-01-29 18:37:22,501 INFO c.h.h.t.HelmChartContainer - [K3S] [serving.go:392] Generated self-signed cert in-memory
2025-01-29 18:37:22,560 INFO c.h.h.t.HelmChartContainer - [K3S] [controllermanager.go:765] "Started controller" controller="ttl-after-finished-controller"
2025-01-29 18:37:22,560 INFO c.h.h.t.HelmChartContainer - [K3S] [ttlafterfinished_controller.go:112] "Starting TTL after finished controller"
2025-01-29 18:37:22,793 INFO c.h.h.t.HelmChartContainer - [K3S] [server.go:164] "Starting Kubernetes Scheduler" version="v1.32.1+k3s1"
2025-01-29 18:37:22,793 INFO c.h.h.t.HelmChartContainer - [K3S] [server.go:166] "Golang settings" GOGC="" GOMAXPROCS="" GOTRACEBACK=""
2025-01-29 18:37:22,798 INFO c.h.h.t.HelmChartContainer - [K3S] [requestheader_controller.go:180] Starting RequestHeaderAuthRequestController
2025-01-29 18:37:22,798 INFO c.h.h.t.HelmChartContainer - [K3S] [configmap_cafile_content.go:205] "Starting controller" name="client-ca::kube-system::extension-apiserver-authentication::requestheader-client-ca-file"
2025-01-29 18:37:22,798 INFO c.h.h.t.HelmChartContainer - [K3S] [configmap_cafile_content.go:205] "Starting controller" name="client-ca::kube-system::extension-apiserver-authentication::client-ca-file"
2025-01-29 18:37:22,798 INFO c.h.h.t.HelmChartContainer - [K3S] [secure_serving.go:213] Serving securely on 127.0.0.1:10259
2025-01-29 18:37:22,798 INFO c.h.h.t.HelmChartContainer - [K3S] [tlsconfig.go:243] "Starting DynamicServingCertificateController"
2025-01-29 18:37:22,859 INFO c.h.h.t.HelmChartContainer - [K3S] [controllermanager.go:765] "Started controller" controller="horizontal-pod-autoscaler-controller"
2025-01-29 18:37:22,859 INFO c.h.h.t.HelmChartContainer - [K3S] [horizontal.go:201] "Starting HPA controller"
2025-01-29 18:37:22,909 INFO c.h.h.t.HelmChartContainer - [K3S] [certificate_controller.go:120] "Starting certificate controller" name="csrsigning-kubelet-serving"
2025-01-29 18:37:22,909 INFO c.h.h.t.HelmChartContainer - [K3S] [dynamic_serving_content.go:135] "Starting controller" name="csr-controller::/var/lib/rancher/k3s/server/tls/server-ca.nochain.crt::/var/lib/rancher/k3s/server/tls/server-ca.key"
2025-01-29 18:37:22,909 INFO c.h.h.t.HelmChartContainer - [K3S] [certificate_controller.go:120] "Starting certificate controller" name="csrsigning-kubelet-client"
2025-01-29 18:37:22,909 INFO c.h.h.t.HelmChartContainer - [K3S] [dynamic_serving_content.go:135] "Starting controller" name="csr-controller::/var/lib/rancher/k3s/server/tls/client-ca.nochain.crt::/var/lib/rancher/k3s/server/tls/client-ca.key"
2025-01-29 18:37:22,909 INFO c.h.h.t.HelmChartContainer - [K3S] [certificate_controller.go:120] "Starting certificate controller" name="csrsigning-kube-apiserver-client"
2025-01-29 18:37:22,909 INFO c.h.h.t.HelmChartContainer - [K3S] [controllermanager.go:765] "Started controller" controller="certificatesigningrequest-signing-controller"
2025-01-29 18:37:22,909 INFO c.h.h.t.HelmChartContainer - [K3S] [certificate_controller.go:120] "Starting certificate controller" name="csrsigning-legacy-unknown"
2025-01-29 18:37:22,909 INFO c.h.h.t.HelmChartContainer - [K3S] [dynamic_serving_content.go:135] "Starting controller" name="csr-controller::/var/lib/rancher/k3s/server/tls/client-ca.nochain.crt::/var/lib/rancher/k3s/server/tls/client-ca.key"
2025-01-29 18:37:22,910 INFO c.h.h.t.HelmChartContainer - [K3S] [dynamic_serving_content.go:135] "Starting controller" name="csr-controller::/var/lib/rancher/k3s/server/tls/server-ca.nochain.crt::/var/lib/rancher/k3s/server/tls/server-ca.key"
2025-01-29 18:37:23,059 INFO c.h.h.t.HelmChartContainer - [K3S] [controllermanager.go:765] "Started controller" controller="persistentvolume-attach-detach-controller"
2025-01-29 18:37:23,059 INFO c.h.h.t.HelmChartContainer - [K3S] [attach_detach_controller.go:338] "Starting attach detach controller"
2025-01-29 18:37:23,072 INFO c.h.h.t.HelmChartContainer - [K3S] [actual_state_of_world.go:541] "Failed to update statusUpdateNeeded field in actual state of world" err="Failed to set statusUpdateNeeded to needed true, because nodeName=\"ad3d5c572cb1\" does not exist"
2025-01-29 18:37:23,088 INFO c.h.h.t.HelmChartContainer - [K3S] [range_allocator.go:177] "Sending events to api server"
2025-01-29 18:37:23,088 INFO c.h.h.t.HelmChartContainer - [K3S] [range_allocator.go:183] "Starting range CIDR allocator"
2025-01-29 18:37:23,091 INFO c.h.h.t.HelmChartContainer - [K3S] [range_allocator.go:428] "Set node PodCIDR" node="ad3d5c572cb1" podCIDRs=["10.42.0.0/24"]
2025-01-29 18:37:23,091 INFO c.h.h.t.HelmChartContainer - [K3S] [range_allocator.go:247] "Successfully synced" key="ad3d5c572cb1"
2025-01-29 18:37:23,092 INFO c.h.h.t.HelmChartContainer - [K3S] [INFO] Flannel found PodCIDR assigned for node ad3d5c572cb1
2025-01-29 18:37:23,092 INFO c.h.h.t.HelmChartContainer - [K3S] [range_allocator.go:247] "Successfully synced" key="ad3d5c572cb1"
2025-01-29 18:37:23,093 INFO c.h.h.t.HelmChartContainer - [K3S] [INFO] The interface eth0 with ipv4 address 172.18.0.2 will be used by flannel
2025-01-29 18:37:23,094 INFO c.h.h.t.HelmChartContainer - [K3S] [kube.go:139] Waiting 10m0s for node controller to sync
2025-01-29 18:37:23,094 INFO c.h.h.t.HelmChartContainer - [K3S] [kube.go:469] Starting kube subnet manager
2025-01-29 18:37:23,203 INFO c.h.h.t.HelmChartContainer - [K3S] [INFO] Starting network policy controller version v2.2.1, built on 2025-01-28T18:27:08Z, go1.23.4
2025-01-29 18:37:23,204 INFO c.h.h.t.HelmChartContainer - [K3S] [network_policy_controller.go:164] Starting network policy controller
2025-01-29 18:37:23,241 INFO c.h.h.t.HelmChartContainer - [K3S] [network_policy_controller.go:176] Starting network policy controller full sync goroutine
2025-01-29 18:37:23,266 INFO c.h.h.t.HelmChartContainer - [K3S] [handler_proxy.go:99] no RequestInfo found in the context
2025-01-29 18:37:23,267 INFO c.h.h.t.HelmChartContainer - [K3S] [controller.go:146] "Unhandled Error" err=<
2025-01-29 18:37:23,267 INFO c.h.h.t.HelmChartContainer - [K3S] 	, Header: map[Content-Type:[text/plain; charset=utf-8] X-Content-Type-Options:[nosniff]]
2025-01-29 18:37:23,267 INFO c.h.h.t.HelmChartContainer - [K3S]  >
2025-01-29 18:37:23,267 INFO c.h.h.t.HelmChartContainer - [K3S] [handler_proxy.go:143] error resolving kube-system/metrics-server: no endpoints available for service "metrics-server"
2025-01-29 18:37:23,291 INFO c.h.h.t.HelmChartContainer - [K3S] [node_lifecycle_controller.go:1234] "Initializing eviction metric for zone" zone=""
2025-01-29 18:37:23,291 INFO c.h.h.t.HelmChartContainer - [K3S] [node_lifecycle_controller.go:886] "Missing timestamp for Node. Assuming now as a timestamp" node="ad3d5c572cb1"
2025-01-29 18:37:23,292 INFO c.h.h.t.HelmChartContainer - [K3S] [node_lifecycle_controller.go:1080] "Controller detected that zone is now in new state" zone="" newState="Normal"
2025-01-29 18:37:23,297 INFO c.h.h.t.HelmChartContainer - [K3S] [range_allocator.go:247] "Successfully synced" key="ad3d5c572cb1"
2025-01-29 18:37:23,391 INFO c.h.h.t.HelmChartContainer - [K3S] [INFO] Started tunnel to 172.18.0.2:6443
2025-01-29 18:37:23,391 INFO c.h.h.t.HelmChartContainer - [K3S] [INFO] Stopped tunnel to 127.0.0.1:6443
2025-01-29 18:37:23,391 INFO c.h.h.t.HelmChartContainer - [K3S] [INFO] Connecting to proxy" url="wss://172.18.0.2:6443/v1-k3s/connect
2025-01-29 18:37:23,391 INFO c.h.h.t.HelmChartContainer - [K3S] [INFO] Proxy done" err="context canceled" url="wss://127.0.0.1:6443/v1-k3s/connect
2025-01-29 18:37:23,392 INFO c.h.h.t.HelmChartContainer - [K3S] [INFO] error in remotedialer server [400]: websocket: close 1006 (abnormal closure): unexpected EOF
2025-01-29 18:37:23,393 INFO c.h.h.t.HelmChartContainer - [K3S] [INFO] Handling backend connection request [ad3d5c572cb1]
2025-01-29 18:37:23,394 INFO c.h.h.t.HelmChartContainer - [K3S] [INFO] Remotedialer connected to proxy" url="wss://172.18.0.2:6443/v1-k3s/connect
2025-01-29 18:37:23,864 INFO c.h.h.t.HelmChartContainer - [K3S] [range_allocator.go:247] "Successfully synced" key="ad3d5c572cb1"
2025-01-29 18:37:23,922 INFO c.h.h.t.HelmChartContainer - [K3S] [replica_set.go:679] "Finished syncing" kind="ReplicaSet" key="kube-system/coredns-ff8999cc5" duration="706.110777ms"
2025-01-29 18:37:23,925 INFO c.h.h.t.HelmChartContainer - [K3S] [replica_set.go:679] "Finished syncing" kind="ReplicaSet" key="kube-system/local-path-provisioner-698b58967b" duration="708.913459ms"
2025-01-29 18:37:23,928 INFO c.h.h.t.HelmChartContainer - [K3S] [replica_set.go:679] "Finished syncing" kind="ReplicaSet" key="kube-system/metrics-server-8584b5786c" duration="712.443023ms"
2025-01-29 18:37:23,930 INFO c.h.h.t.HelmChartContainer - [K3S] [reflector.go:569] object-"kube-system"/"coredns-custom": failed to list *v1.ConfigMap: configmaps "coredns-custom" is forbidden: User "system:node:ad3d5c572cb1" cannot list resource "configmaps" in API group "" in the namespace "kube-system": no relationship found between node 'ad3d5c572cb1' and this object
2025-01-29 18:37:23,930 INFO c.h.h.t.HelmChartContainer - [K3S] [reflector.go:166] "Unhandled Error" err="object-\"kube-system\"/\"coredns-custom\": Failed to watch *v1.ConfigMap: failed to list *v1.ConfigMap: configmaps \"coredns-custom\" is forbidden: User \"system:node:ad3d5c572cb1\" cannot list resource \"configmaps\" in API group \"\" in the namespace \"kube-system\": no relationship found between node 'ad3d5c572cb1' and this object"
2025-01-29 18:37:23,941 INFO c.h.h.t.HelmChartContainer - [K3S] [replica_set.go:679] "Finished syncing" kind="ReplicaSet" key="kube-system/metrics-server-8584b5786c" duration="13.382556ms"
2025-01-29 18:37:23,942 INFO c.h.h.t.HelmChartContainer - [K3S] [replica_set.go:679] "Finished syncing" kind="ReplicaSet" key="kube-system/metrics-server-8584b5786c" duration="27.331µs"
2025-01-29 18:37:23,950 INFO c.h.h.t.HelmChartContainer - [K3S] [replica_set.go:679] "Finished syncing" kind="ReplicaSet" key="kube-system/coredns-ff8999cc5" duration="27.431925ms"
2025-01-29 18:37:23,950 INFO c.h.h.t.HelmChartContainer - [K3S] [replica_set.go:679] "Finished syncing" kind="ReplicaSet" key="kube-system/coredns-ff8999cc5" duration="27.04µs"
2025-01-29 18:37:23,953 INFO c.h.h.t.HelmChartContainer - [K3S] [replica_set.go:679] "Finished syncing" kind="ReplicaSet" key="kube-system/local-path-provisioner-698b58967b" duration="28.36628ms"
2025-01-29 18:37:23,953 INFO c.h.h.t.HelmChartContainer - [K3S] [replica_set.go:679] "Finished syncing" kind="ReplicaSet" key="kube-system/local-path-provisioner-698b58967b" duration="559.647µs"
2025-01-29 18:37:23,954 INFO c.h.h.t.HelmChartContainer - [K3S] [replica_set.go:679] "Finished syncing" kind="ReplicaSet" key="kube-system/local-path-provisioner-698b58967b" duration="506.848µs"
2025-01-29 18:37:23,958 INFO c.h.h.t.HelmChartContainer - [K3S] [reconciler_common.go:251] "operationExecutor.VerifyControllerAttachedVolume started for volume \"tmp-dir\" (UniqueName: \"kubernetes.io/empty-dir/394b9c1b-9d48-495f-a7bc-cfee87bf14dd-tmp-dir\") pod \"metrics-server-8584b5786c-kvgf6\" (UID: \"394b9c1b-9d48-495f-a7bc-cfee87bf14dd\") " pod="kube-system/metrics-server-8584b5786c-kvgf6"
2025-01-29 18:37:23,958 INFO c.h.h.t.HelmChartContainer - [K3S] [reconciler_common.go:251] "operationExecutor.VerifyControllerAttachedVolume started for volume \"kube-api-access-rn59s\" (UniqueName: \"kubernetes.io/projected/394b9c1b-9d48-495f-a7bc-cfee87bf14dd-kube-api-access-rn59s\") pod \"metrics-server-8584b5786c-kvgf6\" (UID: \"394b9c1b-9d48-495f-a7bc-cfee87bf14dd\") " pod="kube-system/metrics-server-8584b5786c-kvgf6"
2025-01-29 18:37:23,959 INFO c.h.h.t.HelmChartContainer - [K3S] [reconciler_common.go:251] "operationExecutor.VerifyControllerAttachedVolume started for volume \"config-volume\" (UniqueName: \"kubernetes.io/configmap/3fa6a989-b9f9-41fd-9ed5-ff4464808966-config-volume\") pod \"coredns-ff8999cc5-zltqr\" (UID: \"3fa6a989-b9f9-41fd-9ed5-ff4464808966\") " pod="kube-system/coredns-ff8999cc5-zltqr"
2025-01-29 18:37:23,960 INFO c.h.h.t.HelmChartContainer - [K3S] [reconciler_common.go:251] "operationExecutor.VerifyControllerAttachedVolume started for volume \"custom-config-volume\" (UniqueName: \"kubernetes.io/configmap/3fa6a989-b9f9-41fd-9ed5-ff4464808966-custom-config-volume\") pod \"coredns-ff8999cc5-zltqr\" (UID: \"3fa6a989-b9f9-41fd-9ed5-ff4464808966\") " pod="kube-system/coredns-ff8999cc5-zltqr"
2025-01-29 18:37:23,962 INFO c.h.h.t.HelmChartContainer - [K3S] [reconciler_common.go:251] "operationExecutor.VerifyControllerAttachedVolume started for volume \"kube-api-access-vj4c5\" (UniqueName: \"kubernetes.io/projected/3fa6a989-b9f9-41fd-9ed5-ff4464808966-kube-api-access-vj4c5\") pod \"coredns-ff8999cc5-zltqr\" (UID: \"3fa6a989-b9f9-41fd-9ed5-ff4464808966\") " pod="kube-system/coredns-ff8999cc5-zltqr"
2025-01-29 18:37:23,962 INFO c.h.h.t.HelmChartContainer - [K3S] [reconciler_common.go:251] "operationExecutor.VerifyControllerAttachedVolume started for volume \"config-volume\" (UniqueName: \"kubernetes.io/configmap/58dbc569-70db-487d-ad4f-0d55b8493c6d-config-volume\") pod \"local-path-provisioner-698b58967b-nz9pm\" (UID: \"58dbc569-70db-487d-ad4f-0d55b8493c6d\") " pod="kube-system/local-path-provisioner-698b58967b-nz9pm"
2025-01-29 18:37:23,962 INFO c.h.h.t.HelmChartContainer - [K3S] [reconciler_common.go:251] "operationExecutor.VerifyControllerAttachedVolume started for volume \"kube-api-access-dnwkh\" (UniqueName: \"kubernetes.io/projected/58dbc569-70db-487d-ad4f-0d55b8493c6d-kube-api-access-dnwkh\") pod \"local-path-provisioner-698b58967b-nz9pm\" (UID: \"58dbc569-70db-487d-ad4f-0d55b8493c6d\") " pod="kube-system/local-path-provisioner-698b58967b-nz9pm"
2025-01-29 18:37:23,968 INFO c.h.h.t.HelmChartContainer - [K3S] [replica_set.go:679] "Finished syncing" kind="ReplicaSet" key="kube-system/metrics-server-8584b5786c" duration="24.025µs"
2025-01-29 18:37:23,976 INFO c.h.h.t.HelmChartContainer - [K3S] [replica_set.go:679] "Finished syncing" kind="ReplicaSet" key="kube-system/coredns-ff8999cc5" duration="30.768µs"
2025-01-29 18:37:23,985 INFO c.h.h.t.HelmChartContainer - [K3S] [replica_set.go:679] "Finished syncing" kind="ReplicaSet" key="kube-system/local-path-provisioner-698b58967b" duration="30.777µs"
2025-01-29 18:37:24,095 INFO c.h.h.t.HelmChartContainer - [K3S] [kube.go:146] Node controller sync successful
2025-01-29 18:37:24,095 INFO c.h.h.t.HelmChartContainer - [K3S] [vxlan.go:141] VXLAN config: VNI=1 Port=0 GBP=false Learning=false DirectRouting=false
2025-01-29 18:37:24,097 INFO c.h.h.t.HelmChartContainer - [K3S] [kube.go:636] List of node(ad3d5c572cb1) annotations: map[string]string{"alpha.kubernetes.io/provided-node-ip":"172.18.0.2", "k3s.io/hostname":"ad3d5c572cb1", "k3s.io/internal-ip":"172.18.0.2", "k3s.io/node-args":"[\"server\",\"--etcd-arg\",\"unsafe-no-fsync\",\"--etcd-arg\",\"snapshot-count=10000\",\"--etcd-arg\",\"auto-compaction-mode=revision\",\"--etcd-arg\",\"auto-compaction-retention=1000000\",\"--kube-apiserver-arg\",\"etcd-compaction-interval=0s\",\"--disable\",\"traefik\",\"--tls-san\",\"localhost\",\"--cluster-domain\",\"hivemq.com\"]", "k3s.io/node-config-hash":"ZHNSMWRTVLMBXQFDYQOQCZ2GR5RBYQ3B7WAKLORHSSRXGSH27XFQ====", "k3s.io/node-env":"{}", "node.alpha.kubernetes.io/ttl":"0", "volumes.kubernetes.io/controller-managed-attach-detach":"true"}
2025-01-29 18:37:24,103 INFO c.h.h.t.HelmChartContainer - [K3S] [iptables.go:51] Starting flannel in iptables mode...
2025-01-29 18:37:24,103 INFO c.h.h.t.HelmChartContainer - [K3S] [WARNING] no subnet found for key: FLANNEL_NETWORK in file: /run/flannel/subnet.env
2025-01-29 18:37:24,103 INFO c.h.h.t.HelmChartContainer - [K3S] [WARNING] no subnet found for key: FLANNEL_SUBNET in file: /run/flannel/subnet.env
2025-01-29 18:37:24,103 INFO c.h.h.t.HelmChartContainer - [K3S] [WARNING] no subnet found for key: FLANNEL_IPV6_NETWORK in file: /run/flannel/subnet.env
2025-01-29 18:37:24,103 INFO c.h.h.t.HelmChartContainer - [K3S] [WARNING] no subnet found for key: FLANNEL_IPV6_SUBNET in file: /run/flannel/subnet.env
2025-01-29 18:37:24,103 INFO c.h.h.t.HelmChartContainer - [K3S] [iptables.go:115] Current network or subnet (10.42.0.0/16, 10.42.0.0/24) is not equal to previous one (0.0.0.0/0, 0.0.0.0/0), trying to recycle old iptables rules
2025-01-29 18:37:24,103 INFO c.h.h.t.HelmChartContainer - [K3S] [kube.go:490] Creating the node lease for IPv4. This is the n.Spec.PodCIDRs: [10.42.0.0/24]
2025-01-29 18:37:24,103 INFO c.h.h.t.HelmChartContainer - [K3S] [range_allocator.go:247] "Successfully synced" key="ad3d5c572cb1"
2025-01-29 18:37:24,109 INFO c.h.h.t.HelmChartContainer - [K3S] [iptables.go:125] Setting up masking rules
2025-01-29 18:37:24,111 INFO c.h.h.t.HelmChartContainer - [K3S] [iptables.go:226] Changing default FORWARD chain policy to ACCEPT
2025-01-29 18:37:24,114 INFO c.h.h.t.HelmChartContainer - [K3S] [INFO] Wrote flannel subnet file to /run/flannel/subnet.env
2025-01-29 18:37:24,114 INFO c.h.h.t.HelmChartContainer - [K3S] [INFO] Running flannel backend.
2025-01-29 18:37:24,114 INFO c.h.h.t.HelmChartContainer - [K3S] [vxlan_network.go:65] watching for new subnet leases
2025-01-29 18:37:24,123 INFO c.h.h.t.HelmChartContainer - [K3S] [iptables.go:372] bootstrap done
2025-01-29 18:37:24,132 INFO c.h.h.t.HelmChartContainer - [K3S] [iptables.go:372] bootstrap done
2025-01-29 18:37:24,270 INFO c.h.h.t.HelmChartContainer - [K3S] [handler_proxy.go:99] no RequestInfo found in the context
2025-01-29 18:37:24,270 INFO c.h.h.t.HelmChartContainer - [K3S] [handler_proxy.go:99] no RequestInfo found in the context
2025-01-29 18:37:24,270 INFO c.h.h.t.HelmChartContainer - [K3S] [controller.go:102] "Unhandled Error" err=<
2025-01-29 18:37:24,270 INFO c.h.h.t.HelmChartContainer - [K3S] 	, Header: map[Content-Type:[text/plain; charset=utf-8] X-Content-Type-Options:[nosniff]]
2025-01-29 18:37:24,270 INFO c.h.h.t.HelmChartContainer - [K3S]  >
2025-01-29 18:37:27,509 DEBUG c.h.h.t.HelmChartContainer - Image file loaded 'hivemq-platform-operator.tar'
2025-01-29 18:37:28,793 DEBUG c.h.h.t.HelmChartContainer - Image file loaded 'hivemq-platform-operator-init.tar'
2025-01-29 18:37:28,821 INFO c.h.h.t.HelmChartContainer - [K3S] [kuberuntime_manager.go:1702] "Updating runtime config through cri with podcidr" CIDR="10.42.0.0/24"
2025-01-29 18:37:28,824 INFO c.h.h.t.HelmChartContainer - [K3S] [kubelet_network.go:61] "Updating Pod CIDR" originalPodCIDR="" newPodCIDR="10.42.0.0/24"
2025-01-29 18:37:28,834 INFO c.h.h.t.HelmChartContainer - [K3S] [range_allocator.go:247] "Successfully synced" key="ad3d5c572cb1"
2025-01-29 18:37:29,504 INFO c.h.h.t.HelmChartContainer - [K3S] [replica_set.go:679] "Finished syncing" kind="ReplicaSet" key="kube-system/local-path-provisioner-698b58967b" duration="7.758009ms"
2025-01-29 18:37:29,505 INFO c.h.h.t.HelmChartContainer - [K3S] [replica_set.go:679] "Finished syncing" kind="ReplicaSet" key="kube-system/local-path-provisioner-698b58967b" duration="24.336µs"
2025-01-29 18:37:30,506 INFO c.h.h.t.HelmChartContainer - [K3S] [replica_set.go:679] "Finished syncing" kind="ReplicaSet" key="kube-system/coredns-ff8999cc5" duration="73.668µs"
2025-01-29 18:37:30,516 INFO c.h.h.t.HelmChartContainer - [K3S] [replica_set.go:679] "Finished syncing" kind="ReplicaSet" key="kube-system/metrics-server-8584b5786c" duration="40.335µs"
2025-01-29 18:37:30,547 INFO c.h.h.t.HelmChartContainer - [K3S] [replica_set.go:679] "Finished syncing" kind="ReplicaSet" key="kube-system/coredns-ff8999cc5" duration="13.600866ms"
2025-01-29 18:37:30,547 INFO c.h.h.t.HelmChartContainer - [K3S] [replica_set.go:679] "Finished syncing" kind="ReplicaSet" key="kube-system/coredns-ff8999cc5" duration="617.461µs"
2025-01-29 18:37:35,180 DEBUG c.h.h.t.HelmChartContainer - Image file loaded 'hivemq-platform.tar'
2025-01-29 18:37:35,180 DEBUG c.h.h.t.HelmChartContainer - Successful Helm chart Container startup
2025-01-29 18:37:35,193 INFO t.localhost/testcontainers/hwwqkauwnmcpym99:latest - Container localhost/testcontainers/hwwqkauwnmcpym99:latest started in PT23.172291473S
2025-01-29 18:37:35,202 DEBUG c.h.h.t.HelmChartContainer - Executing helm command: /bin/helm --kubeconfig /etc/rancher/k3s/k3s.yaml repo add hivemq https://hivemq.github.io/helm-charts
2025-01-29 18:37:36,471 INFO c.h.h.t.HelmChartContainer - [EVENT] Normal [Starting] Starting kubelet. [null:ad3d5c572cb1]
2025-01-29 18:37:36,472 INFO c.h.h.t.HelmChartContainer - [EVENT] Warning [InvalidDiskCapacity] invalid capacity 0 on image filesystem [null:ad3d5c572cb1]
2025-01-29 18:37:36,473 INFO c.h.h.t.HelmChartContainer - [EVENT] Normal [NodeHasSufficientMemory] Node ad3d5c572cb1 status is now: NodeHasSufficientMemory [null:ad3d5c572cb1]
2025-01-29 18:37:36,473 INFO c.h.h.t.HelmChartContainer - [EVENT] Normal [NodeHasNoDiskPressure] Node ad3d5c572cb1 status is now: NodeHasNoDiskPressure [null:ad3d5c572cb1]
2025-01-29 18:37:36,474 INFO c.h.h.t.HelmChartContainer - [EVENT] Normal [NodeHasSufficientPID] Node ad3d5c572cb1 status is now: NodeHasSufficientPID [null:ad3d5c572cb1]
2025-01-29 18:37:36,475 INFO c.h.h.t.HelmChartContainer - [EVENT] Normal [NodeAllocatableEnforced] Updated Node Allocatable limit across pods [null:ad3d5c572cb1]
2025-01-29 18:37:36,477 INFO c.h.h.t.HelmChartContainer - [EVENT] Normal [NodeReady] Node ad3d5c572cb1 status is now: NodeReady [null:ad3d5c572cb1]
2025-01-29 18:37:36,478 INFO c.h.h.t.HelmChartContainer - [EVENT] Normal [NodePasswordValidationComplete] Deferred node password secret validation complete [null:ad3d5c572cb1]
2025-01-29 18:37:36,479 INFO c.h.h.t.HelmChartContainer - [EVENT] Normal [Synced] Node synced successfully [null:ad3d5c572cb1]
2025-01-29 18:37:36,480 INFO c.h.h.t.HelmChartContainer - [EVENT] Normal [RegisteredNode] Node ad3d5c572cb1 event: Registered Node ad3d5c572cb1 in Controller [null:ad3d5c572cb1]
2025-01-29 18:37:36,484 INFO c.h.h.t.HelmChartContainer - Saved kubeconfig file on /tmp/kubeconfig-8957085729288847493.yaml
2025-01-29 18:37:36,484 INFO c.h.h.t.HelmChartContainer - HelmChartContainer is started
2025-01-29 18:39:18,148 INFO c.h.h.t.HelmChartContainer - Stopping HelmChartContainer...
2025-01-29 18:39:18,163 INFO c.h.h.t.HelmChartContainer - [K3S] [WARNING] signal received: \"terminated\", canceling context...
2025-01-29 18:39:18,164 INFO c.h.h.t.HelmChartContainer - [K3S] [health_controller.go:224] Shutting down HealthController RunCheck
2025-01-29 18:39:18,315 INFO c.h.h.t.HelmChartContainer - [K3S] 
2025-01-29 18:39:18,315 INFO c.h.h.t.HelmChartContainer - [K3S] 
2025-01-29 18:39:18,940 INFO c.h.h.t.HelmChartContainer - HelmChartContainer is stopped
]]></system-out>
  <system-err><![CDATA[]]></system-err>
</testsuite>
