<?xml version="1.0" encoding="UTF-8"?>
<testsuite name="com.hivemq.helmcharts.platform.HelmPlatformTlsIT" tests="2" skipped="0" failures="0" errors="0" timestamp="2025-01-29T18:41:45" hostname="fv-az1377-764" time="223.947">
  <properties/>
  <testcase name="platformChart_whenTlsEnabled_hivemqRunning(Path)" classname="com.hivemq.helmcharts.platform.HelmPlatformTlsIT" time="113.044">
    <system-out><![CDATA[2025-01-29 18:41:45,909 INFO c.h.h.t.HelmChartContainer - Creating namespace 'helmplatformtlsit-operator'...
2025-01-29 18:41:45,918 INFO c.h.h.t.HelmChartContainer - Namespace 'helmplatformtlsit-operator' created
2025-01-29 18:41:45,919 INFO c.h.h.t.HelmChartContainer - Creating namespace 'helmplatformtlsit'...
2025-01-29 18:41:46,018 INFO c.h.h.t.HelmChartContainer - Namespace 'helmplatformtlsit' created
2025-01-29 18:41:46,085 DEBUG c.h.h.t.HelmChartContainer - Executing helm command: /bin/helm --kubeconfig /etc/rancher/k3s/k3s.yaml install test-hivemq-platform-operator /charts/hivemq-platform-operator --wait --timeout 5m0s --set image.repository=docker.io/hivemq --set image.name=hivemq-platform-operator-test --set image.initImageName=hivemq-platform-operator-init-test --set image.tag=snapshot --set image.pullPolicy=Never --set logLevel=DEBUG --set resources.cpu=512m --namespace helmplatformtlsit-operator
2025-01-29 18:41:46,378 INFO c.h.h.t.HelmChartContainer - [K3S] [alloc.go:330] "allocated clusterIPs" service="helmplatformtlsit-operator/hivemq-platform-operator-test-hivemq-platform-operator" clusterIPs={"IPv4":"10.43.142.79"}
2025-01-29 18:41:46,392 INFO c.h.h.t.HelmChartContainer - [EVENT] Normal [ScalingReplicaSet] Scaled up replica set hivemq-test-hivemq-platform-operator-6966f96d65 from 0 to 1 [helmplatformtlsit-operator:hivemq-test-hivemq-platform-operator]
2025-01-29 18:41:46,399 INFO c.h.h.t.HelmChartContainer - [POD] hivemq-test-hivemq-platform-operator-6966f96d65-bhk4j [c53911e1-2c87-464d-9c64-04051ac371b9] in helmplatformtlsit-operator was ADDED
2025-01-29 18:41:46,400 INFO c.h.h.t.HelmChartContainer - [EVENT] Normal [SuccessfulCreate] Created pod: hivemq-test-hivemq-platform-operator-6966f96d65-bhk4j [helmplatformtlsit-operator:hivemq-test-hivemq-platform-operator-6966f96d65]
2025-01-29 18:41:46,404 INFO c.h.h.t.HelmChartContainer - [POD] hivemq-test-hivemq-platform-operator-6966f96d65-bhk4j [c53911e1-2c87-464d-9c64-04051ac371b9] in helmplatformtlsit-operator was MODIFIED
2025-01-29 18:41:46,405 INFO c.h.h.t.HelmChartContainer - [K3S] [memory_manager.go:355] "RemoveStaleState removing state" podUID="0c9a36c4-0c48-480f-98c2-8226bd7c7534" containerName="hivemq-platform-operator"
2025-01-29 18:41:46,405 INFO c.h.h.t.HelmChartContainer - [K3S] [replica_set.go:679] "Finished syncing" kind="ReplicaSet" key="helmplatformtlsit-operator/hivemq-test-hivemq-platform-operator-6966f96d65" duration="16.596089ms"
2025-01-29 18:41:46,412 INFO c.h.h.t.HelmChartContainer - [K3S] [replica_set.go:679] "Finished syncing" kind="ReplicaSet" key="helmplatformtlsit-operator/hivemq-test-hivemq-platform-operator-6966f96d65" duration="6.840783ms"
2025-01-29 18:41:46,412 INFO c.h.h.t.HelmChartContainer - [K3S] [replica_set.go:679] "Finished syncing" kind="ReplicaSet" key="helmplatformtlsit-operator/hivemq-test-hivemq-platform-operator-6966f96d65" duration="20.277µs"
2025-01-29 18:41:46,415 INFO c.h.h.t.HelmChartContainer - [EVENT] Normal [Scheduled] Successfully assigned helmplatformtlsit-operator/hivemq-test-hivemq-platform-operator-6966f96d65-bhk4j to cf4e895ac1a5 [helmplatformtlsit-operator:hivemq-test-hivemq-platform-operator-6966f96d65-bhk4j]
2025-01-29 18:41:46,422 INFO c.h.h.t.HelmChartContainer - [K3S] [replica_set.go:679] "Finished syncing" kind="ReplicaSet" key="helmplatformtlsit-operator/hivemq-test-hivemq-platform-operator-6966f96d65" duration="30.387µs"
2025-01-29 18:41:46,422 INFO c.h.h.t.HelmChartContainer - [POD] hivemq-test-hivemq-platform-operator-6966f96d65-bhk4j [c53911e1-2c87-464d-9c64-04051ac371b9] in helmplatformtlsit-operator was MODIFIED
2025-01-29 18:41:46,508 INFO c.h.h.t.HelmChartContainer - [K3S] [reconciler_common.go:251] "operationExecutor.VerifyControllerAttachedVolume started for volume \"kube-api-access-7fdcp\" (UniqueName: \"kubernetes.io/projected/c53911e1-2c87-464d-9c64-04051ac371b9-kube-api-access-7fdcp\") pod \"hivemq-test-hivemq-platform-operator-6966f96d65-bhk4j\" (UID: \"c53911e1-2c87-464d-9c64-04051ac371b9\") " pod="helmplatformtlsit-operator/hivemq-test-hivemq-platform-operator-6966f96d65-bhk4j"
2025-01-29 18:41:46,799 INFO c.h.h.t.HelmChartContainer - [EVENT] Normal [Pulled] Container image "docker.io/hivemq/hivemq-platform-operator-test:snapshot" already present on machine [helmplatformtlsit-operator:hivemq-test-hivemq-platform-operator-6966f96d65-bhk4j]
2025-01-29 18:41:46,799 INFO c.h.h.t.HelmChartContainer - Received Pulled event for container hivemq-platform-operator in pod hivemq-test-hivemq-platform-operator-6966f96d65-bhk4j [c53911e1-2c87-464d-9c64-04051ac371b9]
2025-01-29 18:41:48,051 INFO c.h.h.t.HelmChartContainer - [EVENT] Normal [Created] Created container: hivemq-platform-operator [helmplatformtlsit-operator:hivemq-test-hivemq-platform-operator-6966f96d65-bhk4j]
2025-01-29 18:41:48,051 INFO c.h.h.t.HelmChartContainer - Received Created event for container hivemq-platform-operator in pod hivemq-test-hivemq-platform-operator-6966f96d65-bhk4j [c53911e1-2c87-464d-9c64-04051ac371b9]
2025-01-29 18:41:48,704 INFO c.h.h.t.HelmChartContainer - [K3S] [replica_set.go:679] "Finished syncing" kind="ReplicaSet" key="helmplatformtlsit-operator/hivemq-test-hivemq-platform-operator-6966f96d65" duration="41.176µs"
2025-01-29 18:41:48,704 INFO c.h.h.t.HelmChartContainer - [POD] hivemq-test-hivemq-platform-operator-6966f96d65-bhk4j [c53911e1-2c87-464d-9c64-04051ac371b9] in helmplatformtlsit-operator was MODIFIED
2025-01-29 18:41:48,714 INFO c.h.h.t.HelmChartContainer - Started log watcher for hivemq-platform-operator in pod hivemq-test-hivemq-platform-operator-6966f96d65-bhk4j [c53911e1-2c87-464d-9c64-04051ac371b9]
2025-01-29 18:41:48,714 INFO c.h.h.t.HelmChartContainer - [hivemq-test-hivemq-platform] [hivemq-platform-operator] [c53911e1] -------------------------------------------------------------------------
2025-01-29 18:41:48,714 INFO c.h.h.t.HelmChartContainer - [hivemq-test-hivemq-platform] [hivemq-platform-operator] [c53911e1] 
2025-01-29 18:41:48,714 INFO c.h.h.t.HelmChartContainer - [hivemq-test-hivemq-platform] [hivemq-platform-operator] [c53911e1]                   _    _  _              __  __   ____
2025-01-29 18:41:48,714 INFO c.h.h.t.HelmChartContainer - [hivemq-test-hivemq-platform] [hivemq-platform-operator] [c53911e1]                  | |  | |(_)            |  \/  | / __ \
2025-01-29 18:41:48,714 INFO c.h.h.t.HelmChartContainer - [hivemq-test-hivemq-platform] [hivemq-platform-operator] [c53911e1]                  | |__| | _ __   __ ___ | \  / || |  | |
2025-01-29 18:41:48,714 INFO c.h.h.t.HelmChartContainer - [hivemq-test-hivemq-platform] [hivemq-platform-operator] [c53911e1]                  |  __  || |\ \ / // _ \| |\/| || |  | |
2025-01-29 18:41:48,714 INFO c.h.h.t.HelmChartContainer - [hivemq-test-hivemq-platform] [hivemq-platform-operator] [c53911e1]                  | |  | || | \ V /|  __/| |  | || |__| |
2025-01-29 18:41:48,714 INFO c.h.h.t.HelmChartContainer - [hivemq-test-hivemq-platform] [hivemq-platform-operator] [c53911e1]                  |_|  |_||_|  \_/  \___||_|  |_| \___\_\
2025-01-29 18:41:48,714 INFO c.h.h.t.HelmChartContainer - [hivemq-test-hivemq-platform] [hivemq-platform-operator] [c53911e1] 
2025-01-29 18:41:48,714 INFO c.h.h.t.HelmChartContainer - [hivemq-test-hivemq-platform] [hivemq-platform-operator] [c53911e1] -------------------------------------------------------------------------
2025-01-29 18:41:48,714 INFO c.h.h.t.HelmChartContainer - [hivemq-test-hivemq-platform] [hivemq-platform-operator] [c53911e1] 
2025-01-29 18:41:48,714 INFO c.h.h.t.HelmChartContainer - [hivemq-test-hivemq-platform] [hivemq-platform-operator] [c53911e1]   HiveMQ Platform Operator Start Script v1.0
2025-01-29 18:41:48,714 INFO c.h.h.t.HelmChartContainer - [hivemq-test-hivemq-platform] [hivemq-platform-operator] [c53911e1] 
2025-01-29 18:41:48,714 INFO c.h.h.t.HelmChartContainer - [hivemq-test-hivemq-platform] [hivemq-platform-operator] [c53911e1] -------------------------------------------------------------------------
2025-01-29 18:41:48,714 INFO c.h.h.t.HelmChartContainer - [hivemq-test-hivemq-platform] [hivemq-platform-operator] [c53911e1] 
2025-01-29 18:41:48,714 INFO c.h.h.t.HelmChartContainer - [hivemq-test-hivemq-platform] [hivemq-platform-operator] [c53911e1]   JAVA_OPTS: -XX:+UnlockExperimentalVMOptions -XX:InitialRAMPercentage=75 -XX:MaxRAMPercentage=75 -Duser.language=en -Duser.region=US
2025-01-29 18:41:48,714 INFO c.h.h.t.HelmChartContainer - [hivemq-test-hivemq-platform] [hivemq-platform-operator] [c53911e1] 
2025-01-29 18:41:48,714 INFO c.h.h.t.HelmChartContainer - [hivemq-test-hivemq-platform] [hivemq-platform-operator] [c53911e1]   JAVA_VERSION: 21
2025-01-29 18:41:48,714 INFO c.h.h.t.HelmChartContainer - [hivemq-test-hivemq-platform] [hivemq-platform-operator] [c53911e1] 
2025-01-29 18:41:48,714 INFO c.h.h.t.HelmChartContainer - [hivemq-test-hivemq-platform] [hivemq-platform-operator] [c53911e1] -------------------------------------------------------------------------
2025-01-29 18:41:48,714 INFO c.h.h.t.HelmChartContainer - [hivemq-test-hivemq-platform] [hivemq-platform-operator] [c53911e1] 
2025-01-29 18:41:48,717 INFO c.h.h.t.HelmChartContainer - [EVENT] Normal [Started] Started container hivemq-platform-operator [helmplatformtlsit-operator:hivemq-test-hivemq-platform-operator-6966f96d65-bhk4j]
2025-01-29 18:41:48,717 INFO c.h.h.t.HelmChartContainer - Received Started event for container hivemq-platform-operator in pod hivemq-test-hivemq-platform-operator-6966f96d65-bhk4j [c53911e1-2c87-464d-9c64-04051ac371b9]
2025-01-29 18:41:50,700 INFO c.h.h.t.HelmChartContainer - [K3S] [INFO] COMPACT compactRev=0 targetCompactRev=2 currentRev=1191
2025-01-29 18:41:50,700 INFO c.h.h.t.HelmChartContainer - [K3S] [INFO] COMPACT deleted 0 rows from 2 revisions in 530.408µs - compacted to 2/1191
2025-01-29 18:41:50,700 INFO c.h.h.t.HelmChartContainer - [K3S] [INFO] COMPACT compacted from 0 to 2 in 1 transactions over 1ms
2025-01-29 18:41:51,371 INFO c.h.h.t.HelmChartContainer - [hivemq-test-hivemq-platform] [hivemq-platform-operator] [c53911e1] 18:41:51.368 [main] DEBUG org.jboss.logging - Logging Provider: org.jboss.logging.Slf4jLoggerProvider
2025-01-29 18:41:51,475 INFO c.h.h.t.HelmChartContainer - [hivemq-test-hivemq-platform] [hivemq-platform-operator] [c53911e1] 18:41:51.474 [main] DEBUG io.smallrye.config - SRCFG01006: Loaded ConfigSource SysPropConfigSource with ordinal 400
2025-01-29 18:41:51,475 INFO c.h.h.t.HelmChartContainer - [hivemq-test-hivemq-platform] [hivemq-platform-operator] [c53911e1] 18:41:51.474 [main] DEBUG io.smallrye.config - SRCFG01006: Loaded ConfigSource EnvConfigSource with ordinal 300
2025-01-29 18:41:51,475 INFO c.h.h.t.HelmChartContainer - [hivemq-test-hivemq-platform] [hivemq-platform-operator] [c53911e1] 18:41:51.474 [main] DEBUG io.smallrye.config - SRCFG01006: Loaded ConfigSource PropertiesConfigSource[source=jar:file:///opt/hivemq-platform-operator/bin/hivemq-platform-operator.jar!/hivemq-platform-operator.properties] with ordinal 100
2025-01-29 18:41:51,476 INFO c.h.h.t.HelmChartContainer - [hivemq-test-hivemq-platform] [hivemq-platform-operator] [c53911e1] 18:41:51.474 [main] DEBUG io.smallrye.config - SRCFG01006: Loaded ConfigSource DefaultValuesConfigSource with ordinal -2147483648
2025-01-29 18:41:51,587 INFO c.h.h.t.HelmChartContainer - [hivemq-test-hivemq-platform] [hivemq-platform-operator] [c53911e1] 18:41:51.586 [main] DEBUG i.m.c.u.i.l.InternalLoggerFactory - Using SLF4J as the default logging framework
2025-01-29 18:41:51,767 INFO c.h.h.t.HelmChartContainer - [hivemq-test-hivemq-platform] [hivemq-platform-operator] [c53911e1] 18:41:51.687 [main] INFO  c.h.p.o.HiveMQPlatformOperatorApplication - HiveMQ Platform Operator 1.7.0-SNAPSHOT (commit: b1b9591 on branch: HEAD) built on Wed Jan 29 18:32:18 UTC 2025
2025-01-29 18:41:51,767 INFO c.h.h.t.HelmChartContainer - [hivemq-test-hivemq-platform] [hivemq-platform-operator] [c53911e1] 18:41:51.766 [main] INFO  c.h.p.o.HiveMQPlatformOperatorApplication - HiveMQ Platform Operator is running in namespace: helmplatformtlsit-operator
2025-01-29 18:41:51,768 INFO c.h.h.t.HelmChartContainer - [hivemq-test-hivemq-platform] [hivemq-platform-operator] [c53911e1] 18:41:51.766 [main] INFO  c.h.p.o.HiveMQPlatformOperatorApplication - Watching all namespaces
2025-01-29 18:41:51,768 INFO c.h.h.t.HelmChartContainer - [hivemq-test-hivemq-platform] [hivemq-platform-operator] [c53911e1] 18:41:51.766 [main] INFO  c.h.p.o.HiveMQPlatformOperatorApplication - Log level: DEBUG
2025-01-29 18:41:51,768 INFO c.h.h.t.HelmChartContainer - [hivemq-test-hivemq-platform] [hivemq-platform-operator] [c53911e1] 18:41:51.766 [main] INFO  c.h.p.o.HiveMQPlatformOperatorApplication - Release name: test-hivemq-platform-operator
2025-01-29 18:41:51,768 INFO c.h.h.t.HelmChartContainer - [hivemq-test-hivemq-platform] [hivemq-platform-operator] [c53911e1] 18:41:51.766 [main] INFO  c.h.p.o.HiveMQPlatformOperatorApplication - HiveMQ Platform Operator Init image: docker.io/hivemq/hivemq-platform-operator-init-test:snapshot
2025-01-29 18:41:51,768 INFO c.h.h.t.HelmChartContainer - [hivemq-test-hivemq-platform] [hivemq-platform-operator] [c53911e1] 18:41:51.766 [main] INFO  c.h.p.o.HiveMQPlatformOperatorApplication - HiveMQ Platform Operator Init App update URL: http://hivemq-platform-operator-test-hivemq-platform-operator.helmplatformtlsit-operator.svc:8080/initAppUpdate/hivemq-platform-operator-init-app-1.7.0-SNAPSHOT.jar
2025-01-29 18:41:51,768 INFO c.h.h.t.HelmChartContainer - [hivemq-test-hivemq-platform] [hivemq-platform-operator] [c53911e1] 18:41:51.766 [main] INFO  c.h.p.o.HiveMQPlatformOperatorApplication - Additional imagePullSecret for all Platform deployments: none
2025-01-29 18:41:51,768 INFO c.h.h.t.HelmChartContainer - [hivemq-test-hivemq-platform] [hivemq-platform-operator] [c53911e1] 18:41:51.766 [main] INFO  c.h.p.o.HiveMQPlatformOperatorApplication - Apply HiveMQ Platform CRD: true
2025-01-29 18:41:51,768 INFO c.h.h.t.HelmChartContainer - [hivemq-test-hivemq-platform] [hivemq-platform-operator] [c53911e1] 18:41:51.766 [main] INFO  c.h.p.o.HiveMQPlatformOperatorApplication - Create Platform ServiceAccount: true
2025-01-29 18:41:51,768 INFO c.h.h.t.HelmChartContainer - [hivemq-test-hivemq-platform] [hivemq-platform-operator] [c53911e1] 18:41:51.766 [main] INFO  c.h.p.o.HiveMQPlatformOperatorApplication - Create Platform ServiceAccount permissions: true
2025-01-29 18:41:51,768 INFO c.h.h.t.HelmChartContainer - [hivemq-test-hivemq-platform] [hivemq-platform-operator] [c53911e1] 18:41:51.766 [main] INFO  c.h.p.o.HiveMQPlatformOperatorApplication - Validate Platform ServiceAccount: true
2025-01-29 18:41:51,768 INFO c.h.h.t.HelmChartContainer - [hivemq-test-hivemq-platform] [hivemq-platform-operator] [c53911e1] 18:41:51.766 [main] INFO  c.h.p.o.HiveMQPlatformOperatorApplication - Validate Platform ServiceAccount permissions: true
2025-01-29 18:41:51,886 INFO c.h.h.t.HelmChartContainer - [hivemq-test-hivemq-platform] [hivemq-platform-operator] [c53911e1] 18:41:51.885 [main] INFO  c.h.platform.operator.util.CRDUtil - Verifying deployed HiveMQ Platform CRD...
2025-01-29 18:41:53,244 INFO c.h.h.t.HelmChartContainer - [K3S] [info.go:53] Couldn't collect info from any of the files in "/etc/machine-id,/var/lib/dbus/machine-id"
2025-01-29 18:41:54,577 INFO c.h.h.t.HelmChartContainer - [hivemq-test-hivemq-platform] [hivemq-platform-operator] [c53911e1] 18:41:54.575 [main] DEBUG c.h.platform.operator.util.CRDUtil - HiveMQ Platform CRD version v1 is up to date
2025-01-29 18:41:54,577 INFO c.h.h.t.HelmChartContainer - [hivemq-test-hivemq-platform] [hivemq-platform-operator] [c53911e1] 18:41:54.575 [main] INFO  c.h.platform.operator.util.CRDUtil - HiveMQ Platform CRD is up to date (version: V1_6_0)
2025-01-29 18:41:54,577 INFO c.h.h.t.HelmChartContainer - [hivemq-test-hivemq-platform] [hivemq-platform-operator] [c53911e1] 18:41:54.576 [main] INFO  c.h.platform.operator.util.CRDUtil - Waiting 10000 ms for HiveMQ Platform CRD 'hivemq-platforms.hivemq.com' to become ready...
2025-01-29 18:41:54,877 INFO c.h.h.t.HelmChartContainer - [hivemq-test-hivemq-platform] [hivemq-platform-operator] [c53911e1] 18:41:54.875 [vert.x-eventloop-thread-1] DEBUG c.h.platform.operator.util.CRDUtil - Checking CRD condition 'NamesAccepted' (status: 'True')
2025-01-29 18:41:54,877 INFO c.h.h.t.HelmChartContainer - [hivemq-test-hivemq-platform] [hivemq-platform-operator] [c53911e1] 18:41:54.875 [vert.x-eventloop-thread-1] DEBUG c.h.platform.operator.util.CRDUtil - Checking CRD condition 'Established' (status: 'True')
2025-01-29 18:41:54,878 INFO c.h.h.t.HelmChartContainer - [hivemq-test-hivemq-platform] [hivemq-platform-operator] [c53911e1] 18:41:54.876 [main] INFO  c.h.platform.operator.util.CRDUtil - HiveMQ Platform CRD 'hivemq-platforms.hivemq.com' is ready
2025-01-29 18:41:55,080 INFO c.h.h.t.HelmChartContainer - [hivemq-test-hivemq-platform] [hivemq-platform-operator] [c53911e1] 18:41:55.078 [main] INFO  c.h.p.o.HiveMQPlatformReconciler - HiveMQ Platform Operator is starting...
2025-01-29 18:41:55,233 INFO c.h.h.t.HelmChartContainer - [hivemq-test-hivemq-platform] [hivemq-platform-operator] [c53911e1] 18:41:55.232 [main] WARN  Default ConfigurationService implementation - Configuration for reconciler 'hivemq-controller' was not found. Known reconcilers: None.
2025-01-29 18:41:55,270 INFO c.h.h.t.HelmChartContainer - [hivemq-test-hivemq-platform] [hivemq-platform-operator] [c53911e1] 18:41:55.269 [main] INFO  Default ConfigurationService implementation - Created configuration for reconciler com.hivemq.platform.operator.HiveMQPlatformReconciler with name hivemq-controller
2025-01-29 18:41:55,374 INFO c.h.h.t.HelmChartContainer - [hivemq-test-hivemq-platform] [hivemq-platform-operator] [c53911e1] 18:41:55.373 [main] DEBUG c.h.p.o.HiveMQPlatformReconciler - HiveMQ Platform Operator is preparing EventSources
2025-01-29 18:41:55,386 INFO c.h.h.t.HelmChartContainer - [hivemq-test-hivemq-platform] [hivemq-platform-operator] [c53911e1] 18:41:55.386 [main] INFO  i.javaoperatorsdk.operator.Operator - Registered reconciler: 'hivemq-controller' for resource: 'class com.hivemq.platform.operator.v1.HiveMQPlatform' for namespace(s): [all namespaces]
2025-01-29 18:41:56,172 INFO c.h.h.t.HelmChartContainer - [hivemq-test-hivemq-platform] [hivemq-platform-operator] [c53911e1] 18:41:56.171 [main] INFO  c.h.p.operator.webserver.JettyServer - Starting Jetty server on port 8080
2025-01-29 18:41:56,270 INFO c.h.h.t.HelmChartContainer - [hivemq-test-hivemq-platform] [hivemq-platform-operator] [c53911e1] 18:41:56.269 [main] INFO  i.javaoperatorsdk.operator.Operator - Operator SDK 4.9.7 (commit: 2133d28) built on Wed Nov 20 12:56:20 UTC 2024 starting...
2025-01-29 18:41:56,270 INFO c.h.h.t.HelmChartContainer - [hivemq-test-hivemq-platform] [hivemq-platform-operator] [c53911e1] 18:41:56.269 [main] INFO  i.javaoperatorsdk.operator.Operator - Client version: 6.13.5
2025-01-29 18:41:56,271 INFO c.h.h.t.HelmChartContainer - [hivemq-test-hivemq-platform] [hivemq-platform-operator] [c53911e1] 18:41:56.270 [Controller Starter for: hivemq-controller] INFO  i.j.operator.processing.Controller - Starting 'hivemq-controller' controller for reconciler: com.hivemq.platform.operator.HiveMQPlatformReconciler, resource: com.hivemq.platform.operator.v1.HiveMQPlatform
2025-01-29 18:41:58,631 INFO c.h.h.t.HelmChartContainer - [hivemq-test-hivemq-platform] [hivemq-platform-operator] [c53911e1] 18:41:58.630 [Controller Starter for: hivemq-controller] INFO  i.j.operator.processing.Controller - 'hivemq-controller' controller started
2025-01-29 18:41:58,632 INFO c.h.h.t.HelmChartContainer - [hivemq-test-hivemq-platform] [hivemq-platform-operator] [c53911e1] 18:41:58.630 [main] INFO  c.h.p.o.HiveMQPlatformOperatorApplication - HiveMQ Platform Operator 1.7.0-SNAPSHOT started in 6943 ms
2025-01-29 18:41:59,710 INFO c.h.h.t.HelmChartContainer - [POD] hivemq-test-hivemq-platform-operator-6966f96d65-bhk4j [c53911e1-2c87-464d-9c64-04051ac371b9] in helmplatformtlsit-operator was MODIFIED
2025-01-29 18:41:59,714 INFO c.h.h.t.HelmChartContainer - [K3S] [replica_set.go:679] "Finished syncing" kind="ReplicaSet" key="helmplatformtlsit-operator/hivemq-test-hivemq-platform-operator-6966f96d65" duration="6.767646ms"
2025-01-29 18:41:59,715 INFO c.h.h.t.HelmChartContainer - [K3S] [replica_set.go:679] "Finished syncing" kind="ReplicaSet" key="helmplatformtlsit-operator/hivemq-test-hivemq-platform-operator-6966f96d65" duration="29.295µs"
2025-01-29 18:42:00,724 DEBUG c.h.helmcharts.util.CertificatesUtil - .....+..........+...........+++++++++++++++++++++++++++++++++++++++++++++++++++++++++++++++++*.............+...+...+..+...+.+...+..+...+......+.......+.....+.......+..+...+......+....+..+.+........+....+.......................+....+....................+...+......+++++++++++++++++++++++++++++++++++++++++++++++++++++++++++++++++*...+.....+................+...........+...+..........+...........+......+....+...............+......+........+.......+.....+..........+......+...+..+....+.....+......+...+..........+++++++++++++++++++++++++++++++++++++++++++++++++++++++++++++++++
2025-01-29 18:42:00,807 DEBUG c.h.helmcharts.util.CertificatesUtil - ....+..+++++++++++++++++++++++++++++++++++++++++++++++++++++++++++++++++*...+.........+...+...+...+..+...+......+.+++++++++++++++++++++++++++++++++++++++++++++++++++++++++++++++++*...............+...........+...+.+...........+.........+............+....+.....+....+......+........+.+............+.....+..........+........+....+.....+.......+...+..+....+..+.......+...+.....+...+.......+...+...........+....+......+......+..+......+.+.................................+.....+......+++++++++++++++++++++++++++++++++++++++++++++++++++++++++++++++++
2025-01-29 18:42:00,810 DEBUG c.h.helmcharts.util.CertificatesUtil - -----
2025-01-29 18:42:00,835 DEBUG c.h.helmcharts.util.CertificatesUtil - Certificate request self-signature ok
2025-01-29 18:42:00,835 DEBUG c.h.helmcharts.util.CertificatesUtil - subject=C = CA, CN = secure-service-platform.default.svc
2025-01-29 18:42:00,839 DEBUG c.h.helmcharts.util.CertificatesUtil - >> Generating keystore and truststore files
2025-01-29 18:42:01,014 DEBUG c.h.helmcharts.util.CertificatesUtil - Importing keystore key.pkcs12 to keystore.jks...
2025-01-29 18:42:01,157 DEBUG c.h.helmcharts.util.CertificatesUtil - Entry for alias 1 successfully imported.
2025-01-29 18:42:01,164 DEBUG c.h.helmcharts.util.CertificatesUtil - Import command completed:  1 entries successfully imported, 0 entries failed or cancelled
2025-01-29 18:42:01,171 DEBUG c.h.helmcharts.util.CertificatesUtil - 
2025-01-29 18:42:01,171 DEBUG c.h.helmcharts.util.CertificatesUtil - Warning:
2025-01-29 18:42:01,171 DEBUG c.h.helmcharts.util.CertificatesUtil - The JKS keystore uses a proprietary format. It is recommended to migrate to PKCS12 which is an industry standard format using "keytool -importkeystore -srckeystore keystore.jks -destkeystore keystore.jks -deststoretype pkcs12".
2025-01-29 18:42:01,412 DEBUG c.h.helmcharts.util.CertificatesUtil - Certificate stored in file <secure-service-platform.pem>
2025-01-29 18:42:01,575 DEBUG c.h.helmcharts.util.CertificatesUtil - Certificate was added to keystore
2025-01-29 18:42:02,074 DEBUG c.h.helmcharts.util.CertificatesUtil - Certificate was added to keystore
2025-01-29 18:42:02,710 DEBUG c.h.helmcharts.util.CertificatesUtil - >> Create client certificates
2025-01-29 18:42:02,848 DEBUG c.h.helmcharts.util.CertificatesUtil - ..+....+......+..+....+...+...........+.+++++++++++++++++++++++++++++++++++++++++++++++++++++++++++++++++*.............+.........+...+.....+..................+....+++++++++++++++++++++++++++++++++++++++++++++++++++++++++++++++++*....+......+......+.............+..+...+.....................+...+.+.....+......+......+...............+......................+...+.....+.........+......+.......+...+.........+...+...+...+............+.....+..........+........+......+.+............+..+.+..+.+..+............+.......+......+...+......+........+.+......+.....+...+.+............+.........+.........+.....+......+....+......+.........+.....+.......+..+.+..+.............+.....+.+.....................+..+..........+......+..+............+...............+...+...+....+++++++++++++++++++++++++++++++++++++++++++++++++++++++++++++++++
2025-01-29 18:42:02,871 DEBUG c.h.helmcharts.util.CertificatesUtil - ..+...+..........+...+...........+..........+.....+...+...+....+......+..+.+++++++++++++++++++++++++++++++++++++++++++++++++++++++++++++++++*..+...+......+++++++++++++++++++++++++++++++++++++++++++++++++++++++++++++++++*.+++++++++++++++++++++++++++++++++++++++++++++++++++++++++++++++++
2025-01-29 18:42:02,875 DEBUG c.h.helmcharts.util.CertificatesUtil - -----
2025-01-29 18:42:02,901 DEBUG c.h.helmcharts.util.CertificatesUtil - >> Import the certificates
2025-01-29 18:42:03,237 DEBUG c.h.helmcharts.util.CertificatesUtil - Certificate was added to keystore
2025-01-29 18:42:03,465 DEBUG c.h.h.t.HelmChartContainer - Executing helm command: /bin/helm --kubeconfig /etc/rancher/k3s/k3s.yaml install test-hivemq-platform /charts/hivemq-platform --wait --timeout 5m0s --set image.repository=docker.io/hivemq --set image.tag=4.36.0 --set image.pullPolicy=Never --set nodes.resources.cpu=512m -f /files/tls-mqtt-values.yaml --namespace helmplatformtlsit
2025-01-29 18:42:03,699 INFO c.h.h.t.HelmChartContainer - [hivemq-test-hivemq-platform] [hivemq-platform-operator] [c53911e1] 18:42:03.698 [-2082509879-pool-1-thread-2] WARN  i.m.p.PrometheusMeterRegistry - The meter (MeterId{name='operator.sdk.events.received', tags=[tag(action=ADDED),tag(event=ResourceEvent),tag(group=hivemq.com),tag(kind=HiveMQPlatform),tag(name=test-hivemq-platform),tag(namespace=helmplatformtlsit),tag(scope=namespace),tag(version=v1)]}) registration has failed: Prometheus requires that all meters with the same name have the same set of tag keys. There is already an existing meter named 'operator.sdk.events.received' containing tag keys [event, group, kind, name, namespace, scope, version]. The meter you are attempting to register has keys [action, event, group, kind, name, namespace, scope, version]. Note that subsequent logs will be logged at debug level.
2025-01-29 18:42:04,272 INFO c.h.h.t.HelmChartContainer - [hivemq-test-hivemq-platform] [hivemq-platform-operator] [c53911e1] 18:42:04.270 [pool-6-thread-3] DEBUG c.h.p.o.dependants.PodInfoConfigMap - [helmplat] Desired PodInfo ConfigMap (1 extensions) (1 enabled)
2025-01-29 18:42:04,272 INFO c.h.h.t.HelmChartContainer - [hivemq-test-hivemq-platform] [hivemq-platform-operator] [c53911e1] 18:42:04.270 [pool-6-thread-3] DEBUG c.h.p.o.dependants.PodInfoConfigMap - [helmplat] Desired PodInfo ConfigMap (metrics port: 9399) (metrics path: /)
2025-01-29 18:42:04,272 INFO c.h.h.t.HelmChartContainer - [hivemq-test-hivemq-platform] [hivemq-platform-operator] [c53911e1] 18:42:04.270 [pool-6-thread-3] DEBUG c.h.p.o.dependants.PodInfoConfigMap - [helmplat] Desired PodInfo ConfigMap (extension state hash: -1817474005)
2025-01-29 18:42:04,273 INFO c.h.h.t.HelmChartContainer - [hivemq-test-hivemq-platform] [hivemq-platform-operator] [c53911e1] 18:42:04.273 [pool-6-thread-3] DEBUG c.h.p.o.dependants.PodInfoConfigMap - [helmplat] Create PodInfo ConfigMap
2025-01-29 18:42:04,372 INFO c.h.h.t.HelmChartContainer - [hivemq-test-hivemq-platform] [hivemq-platform-operator] [c53911e1] 18:42:04.369 [pool-6-thread-5] DEBUG c.h.p.o.dependants.PodRoleResource - [helmplat] Create Role: Role(apiVersion=rbac.authorization.k8s.io/v1, kind=Role, metadata=ObjectMeta(annotations={meta.helm.sh/release-name=test-hivemq-platform, meta.helm.sh/release-namespace=helmplatformtlsit}, creationTimestamp=null, deletionGracePeriodSeconds=null, deletionTimestamp=null, finalizers=[], generateName=null, generation=null, labels={helm.sh/chart=hivemq-platform-0.2.32, app.kubernetes.io/managed-by=Helm, app.kubernetes.io/name=hivemq-platform, hivemq-platform=test-hivemq-platform, app.kubernetes.io/instance=test-hivemq-platform, app.kubernetes.io/version=4.36.0}, managedFields=[], name=hivemq-platform-role-test-hivemq-platform, namespace=helmplatformtlsit, ownerReferences=[OwnerReference(apiVersion=hivemq.com/v1, blockOwnerDeletion=null, controller=null, kind=HiveMQPlatform, name=test-hivemq-platform, uid=acd18e8c-aafe-4c48-9fc3-46a4b8fe82d3, additionalProperties={})], resourceVersion=null, selfLink=null, uid=null, additionalProperties={}), rules=[PolicyRule(apiGroups=[], nonResourceURLs=[], resourceNames=[], resources=[pods], verbs=[get, patch, update], additionalProperties={})], additionalProperties={})
2025-01-29 18:42:04,479 INFO c.h.h.t.HelmChartContainer - [hivemq-test-hivemq-platform] [hivemq-platform-operator] [c53911e1] 18:42:04.478 [pool-6-thread-7] DEBUG c.h.p.o.d.PodServiceAccountResource - [helmplat] Desired PodServiceAccountResource (serviceAccountName: hivemq-platform-pod-test-hivemq-platform)
2025-01-29 18:42:04,480 INFO c.h.h.t.HelmChartContainer - [hivemq-test-hivemq-platform] [hivemq-platform-operator] [c53911e1] 18:42:04.479 [pool-6-thread-7] DEBUG c.h.p.o.d.PodServiceAccountResource - [helmplat] Create ServiceAccount 'hivemq-platform-pod-test-hivemq-platform'
2025-01-29 18:42:04,665 INFO c.h.h.t.HelmChartContainer - [hivemq-test-hivemq-platform] [hivemq-platform-operator] [c53911e1] 18:42:04.663 [pool-6-thread-9] DEBUG c.h.p.o.d.PodRoleBindingResource - [helmplat] Create RoleBinding: RoleBinding(apiVersion=rbac.authorization.k8s.io/v1, kind=RoleBinding, metadata=ObjectMeta(annotations={meta.helm.sh/release-name=test-hivemq-platform, meta.helm.sh/release-namespace=helmplatformtlsit}, creationTimestamp=null, deletionGracePeriodSeconds=null, deletionTimestamp=null, finalizers=[], generateName=null, generation=null, labels={helm.sh/chart=hivemq-platform-0.2.32, app.kubernetes.io/managed-by=Helm, app.kubernetes.io/name=hivemq-platform, hivemq-platform=test-hivemq-platform, app.kubernetes.io/instance=test-hivemq-platform, app.kubernetes.io/version=4.36.0}, managedFields=[], name=hivemq-platform-role-binding-test-hivemq-platform, namespace=helmplatformtlsit, ownerReferences=[OwnerReference(apiVersion=hivemq.com/v1, blockOwnerDeletion=null, controller=null, kind=HiveMQPlatform, name=test-hivemq-platform, uid=acd18e8c-aafe-4c48-9fc3-46a4b8fe82d3, additionalProperties={})], resourceVersion=null, selfLink=null, uid=null, additionalProperties={}), roleRef=RoleRef(apiGroup=rbac.authorization.k8s.io, kind=Role, name=hivemq-platform-role-test-hivemq-platform, additionalProperties={}), subjects=[Subject(apiGroup=null, kind=ServiceAccount, name=hivemq-platform-pod-test-hivemq-platform, namespace=helmplatformtlsit, additionalProperties={})], additionalProperties={})
2025-01-29 18:42:04,685 INFO c.h.h.t.HelmChartContainer - [hivemq-test-hivemq-platform] [hivemq-platform-operator] [c53911e1] 18:42:04.684 [ReconcilerExecutor-hivemq-controller-53] INFO  c.h.p.o.HiveMQPlatformReconciler - [helmplat] Reconciling HiveMQ Platform 'test-hivemq-platform' in namespace 'helmplatformtlsit'
2025-01-29 18:42:04,685 INFO c.h.h.t.HelmChartContainer - [hivemq-test-hivemq-platform] [hivemq-platform-operator] [c53911e1] 18:42:04.684 [ReconcilerExecutor-hivemq-controller-53] DEBUG c.h.p.o.HiveMQPlatformReconciler - [helmplat] Custom Resource Status CREATED - HiveMQ Platform was created (READY)
2025-01-29 18:42:04,685 INFO c.h.h.t.HelmChartContainer - [hivemq-test-hivemq-platform] [hivemq-platform-operator] [c53911e1] 18:42:04.684 [ReconcilerExecutor-hivemq-controller-53] DEBUG c.h.p.o.HiveMQPlatformReconciler - [helmplat] Custom Resource Spec (replicas: 1) (extensions: 1)
2025-01-29 18:42:04,764 INFO c.h.h.t.HelmChartContainer - [hivemq-test-hivemq-platform] [hivemq-platform-operator] [c53911e1] 18:42:04.763 [ReconcilerExecutor-hivemq-controller-53] INFO  c.h.p.o.h.HiveMQPlatformReconcilerBaseHandler - [helmplat] HiveMQ Platform is starting
2025-01-29 18:42:04,873 INFO c.h.h.t.HelmChartContainer - [hivemq-test-hivemq-platform] [hivemq-platform-operator] [c53911e1] 18:42:04.872 [ReconcilerExecutor-hivemq-controller-53] DEBUG c.h.p.operator.event.EventSender - [helmplat] Creating K8s event hivemq-platform-starting: [Start] HiveMQ Platform is starting
2025-01-29 18:42:04,882 INFO c.h.h.t.HelmChartContainer - [EVENT] Normal [Start] HiveMQ Platform is starting [helmplatformtlsit:test-hivemq-platform]
2025-01-29 18:42:04,965 INFO c.h.h.t.HelmChartContainer - [hivemq-test-hivemq-platform] [hivemq-platform-operator] [c53911e1] 18:42:04.964 [ReconcilerExecutor-hivemq-controller-53] INFO  c.h.p.o.h.AbstractHiveMQReconcilerStateHandler - [helmplat] Update HiveMQ Platform Status (CREATED [READY] -> STARTING [READY]): HiveMQ Platform is starting
2025-01-29 18:42:04,979 DEBUG com.hivemq.helmcharts.util.K8sUtil - Comparing actual state 'STARTING' and waiting for 'RUNNING'
2025-01-29 18:42:15,072 INFO c.h.h.t.HelmChartContainer - [hivemq-test-hivemq-platform] [hivemq-platform-operator] [c53911e1] 18:42:15.070 [pool-6-thread-12] DEBUG c.h.p.o.d.PlatformServiceResource - [helmplat] Desired Platform services (4 services)
2025-01-29 18:42:15,073 INFO c.h.h.t.HelmChartContainer - [hivemq-test-hivemq-platform] [hivemq-platform-operator] [c53911e1] 18:42:15.071 [pool-6-thread-13] DEBUG c.h.p.o.dependants.PodInfoConfigMap - [helmplat] Desired PodInfo ConfigMap (1 extensions) (1 enabled)
2025-01-29 18:42:15,074 INFO c.h.h.t.HelmChartContainer - [hivemq-test-hivemq-platform] [hivemq-platform-operator] [c53911e1] 18:42:15.071 [pool-6-thread-13] DEBUG c.h.p.o.dependants.PodInfoConfigMap - [helmplat] Desired PodInfo ConfigMap (metrics port: 9399) (metrics path: /)
2025-01-29 18:42:15,074 INFO c.h.h.t.HelmChartContainer - [hivemq-test-hivemq-platform] [hivemq-platform-operator] [c53911e1] 18:42:15.071 [pool-6-thread-13] DEBUG c.h.p.o.dependants.PodInfoConfigMap - [helmplat] Desired PodInfo ConfigMap (extension state hash: -1817474005)
2025-01-29 18:42:15,078 INFO c.h.h.t.HelmChartContainer - [hivemq-test-hivemq-platform] [hivemq-platform-operator] [c53911e1] 18:42:15.077 [pool-6-thread-17] DEBUG c.h.p.o.d.PodServiceAccountResource - [helmplat] Desired PodServiceAccountResource (serviceAccountName: hivemq-platform-pod-test-hivemq-platform)
2025-01-29 18:42:15,082 INFO c.h.h.t.HelmChartContainer - [hivemq-test-hivemq-platform] [hivemq-platform-operator] [c53911e1] 18:42:15.081 [pool-6-thread-13] DEBUG c.h.p.o.dependants.PodInfoConfigMap - [helmplat] Update PodInfo ConfigMap
2025-01-29 18:42:15,174 INFO c.h.h.t.HelmChartContainer - [K3S] [alloc.go:330] "allocated clusterIPs" service="helmplatformtlsit/hivemq-test-hivemq-platform-mqtt-1884" clusterIPs={"IPv4":"10.43.100.76"}
2025-01-29 18:42:15,269 INFO c.h.h.t.HelmChartContainer - [K3S] [alloc.go:330] "allocated clusterIPs" service="helmplatformtlsit/hivemq-test-hivemq-platform-mqtt-1883" clusterIPs={"IPv4":"10.43.106.20"}
2025-01-29 18:42:15,285 INFO c.h.h.t.HelmChartContainer - [K3S] [alloc.go:330] "allocated clusterIPs" service="helmplatformtlsit/hivemq-test-hivemq-platform-metrics-9399" clusterIPs={"IPv4":"10.43.158.253"}
2025-01-29 18:42:15,368 INFO c.h.h.t.HelmChartContainer - [K3S] [alloc.go:330] "allocated clusterIPs" service="helmplatformtlsit/hivemq-test-hivemq-platform-cc-8080" clusterIPs={"IPv4":"10.43.204.188"}
2025-01-29 18:42:15,378 INFO c.h.h.t.HelmChartContainer - [hivemq-test-hivemq-platform] [hivemq-platform-operator] [c53911e1] 18:42:15.377 [pool-6-thread-20] DEBUG c.h.p.o.d.StatefulSetResource - [helmplat] Desired StatefulSet (1 replicas) for status STARTING (READY)
2025-01-29 18:42:15,468 INFO c.h.h.t.HelmChartContainer - [hivemq-test-hivemq-platform] [hivemq-platform-operator] [c53911e1] 18:42:15.467 [pool-6-thread-20] DEBUG c.h.p.o.d.StatefulSetResource - [helmplat] Create StatefulSet
2025-01-29 18:42:15,493 INFO c.h.h.t.HelmChartContainer - [POD] test-hivemq-platform-0 [2be3dfab-7088-4f53-8406-9135eda366b7] in helmplatformtlsit was ADDED
2025-01-29 18:42:15,494 INFO c.h.h.t.HelmChartContainer - [EVENT] Normal [SuccessfulCreate] create Pod test-hivemq-platform-0 in StatefulSet test-hivemq-platform successful [helmplatformtlsit:test-hivemq-platform]
2025-01-29 18:42:15,499 INFO c.h.h.t.HelmChartContainer - [POD] test-hivemq-platform-0 [2be3dfab-7088-4f53-8406-9135eda366b7] in helmplatformtlsit was MODIFIED
2025-01-29 18:42:15,499 INFO c.h.h.t.HelmChartContainer - [EVENT] Normal [Scheduled] Successfully assigned helmplatformtlsit/test-hivemq-platform-0 to cf4e895ac1a5 [helmplatformtlsit:test-hivemq-platform-0]
2025-01-29 18:42:15,510 INFO c.h.h.t.HelmChartContainer - [POD] test-hivemq-platform-0 [2be3dfab-7088-4f53-8406-9135eda366b7] in helmplatformtlsit was MODIFIED
2025-01-29 18:42:15,577 INFO c.h.h.t.HelmChartContainer - [hivemq-test-hivemq-platform] [hivemq-platform-operator] [c53911e1] 18:42:15.572 [ReconcilerExecutor-hivemq-controller-64] INFO  c.h.p.o.HiveMQPlatformReconciler - [helmplat] Reconciling HiveMQ Platform 'test-hivemq-platform' in namespace 'helmplatformtlsit'
2025-01-29 18:42:15,577 INFO c.h.h.t.HelmChartContainer - [K3S] [reconciler_common.go:251] "operationExecutor.VerifyControllerAttachedVolume started for volume \"https-keystore\" (UniqueName: \"kubernetes.io/secret/2be3dfab-7088-4f53-8406-9135eda366b7-https-keystore\") pod \"test-hivemq-platform-0\" (UID: \"2be3dfab-7088-4f53-8406-9135eda366b7\") " pod="helmplatformtlsit/test-hivemq-platform-0"
2025-01-29 18:42:15,577 INFO c.h.h.t.HelmChartContainer - [hivemq-test-hivemq-platform] [hivemq-platform-operator] [c53911e1] 18:42:15.572 [ReconcilerExecutor-hivemq-controller-64] DEBUG c.h.p.o.HiveMQPlatformReconciler - [helmplat] Custom Resource Status STARTING - HiveMQ Platform is starting (READY)
2025-01-29 18:42:15,578 INFO c.h.h.t.HelmChartContainer - [hivemq-test-hivemq-platform] [hivemq-platform-operator] [c53911e1] 18:42:15.572 [ReconcilerExecutor-hivemq-controller-64] DEBUG c.h.p.o.HiveMQPlatformReconciler - [helmplat] Custom Resource Spec (replicas: 1) (extensions: 1)
2025-01-29 18:42:15,578 INFO c.h.h.t.HelmChartContainer - [K3S] [reconciler_common.go:251] "operationExecutor.VerifyControllerAttachedVolume started for volume \"pod-info\" (UniqueName: \"kubernetes.io/configmap/2be3dfab-7088-4f53-8406-9135eda366b7-pod-info\") pod \"test-hivemq-platform-0\" (UID: \"2be3dfab-7088-4f53-8406-9135eda366b7\") " pod="helmplatformtlsit/test-hivemq-platform-0"
2025-01-29 18:42:15,578 INFO c.h.h.t.HelmChartContainer - [hivemq-test-hivemq-platform] [hivemq-platform-operator] [c53911e1] 18:42:15.576 [ReconcilerExecutor-hivemq-controller-64] DEBUG c.h.p.o.HiveMQPlatformReconciler - [helmplat] StatefulSet Status (revision: test-hivemq-platform-cdd795574, replicas: 1, available: 0, ready: 0, current: 1, updated: 1)
2025-01-29 18:42:15,578 INFO c.h.h.t.HelmChartContainer - [hivemq-test-hivemq-platform] [hivemq-platform-operator] [c53911e1] 18:42:15.576 [ReconcilerExecutor-hivemq-controller-64] DEBUG c.h.p.o.HiveMQPlatformReconciler - [helmplat] StatefulSet Spec (replicas: 1, init containers: 1, containers: 1, volumes: 5)
2025-01-29 18:42:15,578 INFO c.h.h.t.HelmChartContainer - [K3S] [reconciler_common.go:251] "operationExecutor.VerifyControllerAttachedVolume started for volume \"operator-init\" (UniqueName: \"kubernetes.io/empty-dir/2be3dfab-7088-4f53-8406-9135eda366b7-operator-init\") pod \"test-hivemq-platform-0\" (UID: \"2be3dfab-7088-4f53-8406-9135eda366b7\") " pod="helmplatformtlsit/test-hivemq-platform-0"
2025-01-29 18:42:15,578 INFO c.h.h.t.HelmChartContainer - [K3S] [reconciler_common.go:251] "operationExecutor.VerifyControllerAttachedVolume started for volume \"broker-configuration\" (UniqueName: \"kubernetes.io/configmap/2be3dfab-7088-4f53-8406-9135eda366b7-broker-configuration\") pod \"test-hivemq-platform-0\" (UID: \"2be3dfab-7088-4f53-8406-9135eda366b7\") " pod="helmplatformtlsit/test-hivemq-platform-0"
2025-01-29 18:42:15,578 INFO c.h.h.t.HelmChartContainer - [K3S] [reconciler_common.go:251] "operationExecutor.VerifyControllerAttachedVolume started for volume \"mqtts-keystore\" (UniqueName: \"kubernetes.io/secret/2be3dfab-7088-4f53-8406-9135eda366b7-mqtts-keystore\") pod \"test-hivemq-platform-0\" (UID: \"2be3dfab-7088-4f53-8406-9135eda366b7\") " pod="helmplatformtlsit/test-hivemq-platform-0"
2025-01-29 18:42:15,578 INFO c.h.h.t.HelmChartContainer - [K3S] [reconciler_common.go:251] "operationExecutor.VerifyControllerAttachedVolume started for volume \"kube-api-access-6ft7s\" (UniqueName: \"kubernetes.io/projected/2be3dfab-7088-4f53-8406-9135eda366b7-kube-api-access-6ft7s\") pod \"test-hivemq-platform-0\" (UID: \"2be3dfab-7088-4f53-8406-9135eda366b7\") " pod="helmplatformtlsit/test-hivemq-platform-0"
2025-01-29 18:42:15,676 INFO c.h.h.t.HelmChartContainer - [hivemq-test-hivemq-platform] [hivemq-platform-operator] [c53911e1] 18:42:15.673 [ReconcilerExecutor-hivemq-controller-64] DEBUG c.h.p.o.h.HiveMQPlatformReconcilerErrorHandler - [helmplat] Pod 'test-hivemq-platform-0' phase Pending
2025-01-29 18:42:15,676 INFO c.h.h.t.HelmChartContainer - [hivemq-test-hivemq-platform] [hivemq-platform-operator] [c53911e1] 18:42:15.673 [ReconcilerExecutor-hivemq-controller-64] DEBUG c.h.p.o.h.HiveMQPlatformReconcilerErrorHandler - [helmplat] Pod 'test-hivemq-platform-0' condition 'PodScheduled': True
2025-01-29 18:42:15,676 INFO c.h.h.t.HelmChartContainer - [hivemq-test-hivemq-platform] [hivemq-platform-operator] [c53911e1] 18:42:15.675 [ReconcilerExecutor-hivemq-controller-64] INFO  c.h.p.o.h.HiveMQPlatformReconcilerBaseHandler - [helmplat] HiveMQ Platform is starting, 0 of 1 replicas are ready
2025-01-29 18:42:15,767 INFO c.h.h.t.HelmChartContainer - [hivemq-test-hivemq-platform] [hivemq-platform-operator] [c53911e1] 18:42:15.764 [pool-6-thread-22] DEBUG c.h.p.o.d.PlatformServiceResource - [helmplat] Desired Platform services (4 services)
2025-01-29 18:42:15,767 INFO c.h.h.t.HelmChartContainer - [hivemq-test-hivemq-platform] [hivemq-platform-operator] [c53911e1] 18:42:15.765 [pool-6-thread-23] DEBUG c.h.p.o.dependants.PodInfoConfigMap - [helmplat] Desired PodInfo ConfigMap (1 extensions) (1 enabled)
2025-01-29 18:42:15,767 INFO c.h.h.t.HelmChartContainer - [hivemq-test-hivemq-platform] [hivemq-platform-operator] [c53911e1] 18:42:15.766 [pool-6-thread-23] DEBUG c.h.p.o.dependants.PodInfoConfigMap - [helmplat] Desired PodInfo ConfigMap (metrics port: 9399) (metrics path: /)
2025-01-29 18:42:15,768 INFO c.h.h.t.HelmChartContainer - [hivemq-test-hivemq-platform] [hivemq-platform-operator] [c53911e1] 18:42:15.766 [pool-6-thread-23] DEBUG c.h.p.o.dependants.PodInfoConfigMap - [helmplat] Desired PodInfo ConfigMap (extension state hash: -1817474005)
2025-01-29 18:42:15,768 INFO c.h.h.t.HelmChartContainer - [hivemq-test-hivemq-platform] [hivemq-platform-operator] [c53911e1] 18:42:15.768 [pool-6-thread-27] DEBUG c.h.p.o.d.PodServiceAccountResource - [helmplat] Desired PodServiceAccountResource (serviceAccountName: hivemq-platform-pod-test-hivemq-platform)
2025-01-29 18:42:15,870 INFO c.h.h.t.HelmChartContainer - [hivemq-test-hivemq-platform] [hivemq-platform-operator] [c53911e1] 18:42:15.867 [pool-6-thread-30] DEBUG c.h.p.o.d.StatefulSetResource - [helmplat] Desired StatefulSet (1 replicas) for status STARTING (READY)
2025-01-29 18:42:15,878 INFO c.h.h.t.HelmChartContainer - [hivemq-test-hivemq-platform] [hivemq-platform-operator] [c53911e1] 18:42:15.877 [ReconcilerExecutor-hivemq-controller-75] INFO  c.h.p.o.HiveMQPlatformReconciler - [helmplat] Reconciling HiveMQ Platform 'test-hivemq-platform' in namespace 'helmplatformtlsit'
2025-01-29 18:42:15,878 INFO c.h.h.t.HelmChartContainer - [hivemq-test-hivemq-platform] [hivemq-platform-operator] [c53911e1] 18:42:15.877 [ReconcilerExecutor-hivemq-controller-75] DEBUG c.h.p.o.HiveMQPlatformReconciler - [helmplat] Custom Resource Status STARTING - HiveMQ Platform is starting (READY)
2025-01-29 18:42:15,878 INFO c.h.h.t.HelmChartContainer - [hivemq-test-hivemq-platform] [hivemq-platform-operator] [c53911e1] 18:42:15.877 [ReconcilerExecutor-hivemq-controller-75] DEBUG c.h.p.o.HiveMQPlatformReconciler - [helmplat] Custom Resource Spec (replicas: 1) (extensions: 1)
2025-01-29 18:42:15,881 INFO c.h.h.t.HelmChartContainer - [hivemq-test-hivemq-platform] [hivemq-platform-operator] [c53911e1] 18:42:15.880 [ReconcilerExecutor-hivemq-controller-75] DEBUG c.h.p.o.HiveMQPlatformReconciler - [helmplat] StatefulSet Status (revision: test-hivemq-platform-cdd795574, replicas: 1, available: 0, ready: 0, current: 1, updated: 1)
2025-01-29 18:42:15,881 INFO c.h.h.t.HelmChartContainer - [hivemq-test-hivemq-platform] [hivemq-platform-operator] [c53911e1] 18:42:15.880 [ReconcilerExecutor-hivemq-controller-75] DEBUG c.h.p.o.HiveMQPlatformReconciler - [helmplat] StatefulSet Spec (replicas: 1, init containers: 1, containers: 1, volumes: 5)
2025-01-29 18:42:15,900 INFO c.h.h.t.HelmChartContainer - [EVENT] Normal [Pulled] Container image "docker.io/hivemq/hivemq-platform-operator-init-test:snapshot" already present on machine [helmplatformtlsit:test-hivemq-platform-0]
2025-01-29 18:42:15,970 INFO c.h.h.t.HelmChartContainer - [hivemq-test-hivemq-platform] [hivemq-platform-operator] [c53911e1] 18:42:15.968 [ReconcilerExecutor-hivemq-controller-75] DEBUG c.h.p.o.h.HiveMQPlatformReconcilerErrorHandler - [helmplat] Pod 'test-hivemq-platform-0' phase Pending
2025-01-29 18:42:15,970 INFO c.h.h.t.HelmChartContainer - [hivemq-test-hivemq-platform] [hivemq-platform-operator] [c53911e1] 18:42:15.968 [ReconcilerExecutor-hivemq-controller-75] DEBUG c.h.p.o.h.HiveMQPlatformReconcilerErrorHandler - [helmplat] Pod 'test-hivemq-platform-0' condition 'PodReadyToStartContainers': False
2025-01-29 18:42:15,970 INFO c.h.h.t.HelmChartContainer - [hivemq-test-hivemq-platform] [hivemq-platform-operator] [c53911e1] 18:42:15.968 [ReconcilerExecutor-hivemq-controller-75] DEBUG c.h.p.o.h.HiveMQPlatformReconcilerErrorHandler - [helmplat] Pod 'test-hivemq-platform-0' condition 'Initialized': False
2025-01-29 18:42:15,970 INFO c.h.h.t.HelmChartContainer - [hivemq-test-hivemq-platform] [hivemq-platform-operator] [c53911e1] 18:42:15.968 [ReconcilerExecutor-hivemq-controller-75] DEBUG c.h.p.o.h.HiveMQPlatformReconcilerErrorHandler - [helmplat] Pod 'test-hivemq-platform-0' condition 'Ready': False
2025-01-29 18:42:15,970 INFO c.h.h.t.HelmChartContainer - [hivemq-test-hivemq-platform] [hivemq-platform-operator] [c53911e1] 18:42:15.968 [ReconcilerExecutor-hivemq-controller-75] DEBUG c.h.p.o.h.HiveMQPlatformReconcilerErrorHandler - [helmplat] Pod 'test-hivemq-platform-0' condition 'ContainersReady': False
2025-01-29 18:42:15,970 INFO c.h.h.t.HelmChartContainer - [hivemq-test-hivemq-platform] [hivemq-platform-operator] [c53911e1] 18:42:15.968 [ReconcilerExecutor-hivemq-controller-75] DEBUG c.h.p.o.h.HiveMQPlatformReconcilerErrorHandler - [helmplat] Pod 'test-hivemq-platform-0' condition 'PodScheduled': True
2025-01-29 18:42:15,970 INFO c.h.h.t.HelmChartContainer - [hivemq-test-hivemq-platform] [hivemq-platform-operator] [c53911e1] 18:42:15.968 [ReconcilerExecutor-hivemq-controller-75] DEBUG c.h.p.o.h.HiveMQPlatformReconcilerErrorHandler - [helmplat] Pod 'test-hivemq-platform-0' containerStatus 'hivemq' (started: false) (ready: false) (waiting: [PodInitializing] null)
2025-01-29 18:42:15,973 INFO c.h.h.t.HelmChartContainer - [hivemq-test-hivemq-platform] [hivemq-platform-operator] [c53911e1] 18:42:15.971 [ReconcilerExecutor-hivemq-controller-75] INFO  c.h.p.o.h.HiveMQPlatformReconcilerBaseHandler - [helmplat] HiveMQ Platform is starting, 0 of 1 replicas are ready
2025-01-29 18:42:16,018 INFO c.h.h.t.HelmChartContainer - [EVENT] Normal [Created] Created container: hivemq-platform-operator-init [helmplatformtlsit:test-hivemq-platform-0]
2025-01-29 18:42:16,053 INFO c.h.h.t.HelmChartContainer - [EVENT] Normal [Started] Started container hivemq-platform-operator-init [helmplatformtlsit:test-hivemq-platform-0]
2025-01-29 18:42:16,736 INFO c.h.h.t.HelmChartContainer - [EVENT] Normal [Pulled] Container image "docker.io/hivemq/hivemq4:4.36.0" already present on machine [helmplatformtlsit:test-hivemq-platform-0]
2025-01-29 18:42:16,737 INFO c.h.h.t.HelmChartContainer - Received Pulled event for container hivemq in pod test-hivemq-platform-0 [2be3dfab-7088-4f53-8406-9135eda366b7]
2025-01-29 18:42:16,756 INFO c.h.h.t.HelmChartContainer - [POD] test-hivemq-platform-0 [2be3dfab-7088-4f53-8406-9135eda366b7] in helmplatformtlsit was MODIFIED
2025-01-29 18:42:16,770 INFO c.h.h.t.HelmChartContainer - [hivemq-test-hivemq-platform] [hivemq-platform-operator] [c53911e1] 18:42:16.762 [pool-6-thread-32] DEBUG c.h.p.o.d.PlatformServiceResource - [helmplat] Desired Platform services (4 services)
2025-01-29 18:42:16,778 INFO c.h.h.t.HelmChartContainer - [hivemq-test-hivemq-platform] [hivemq-platform-operator] [c53911e1] 18:42:16.772 [pool-6-thread-37] DEBUG c.h.p.o.d.PodServiceAccountResource - [helmplat] Desired PodServiceAccountResource (serviceAccountName: hivemq-platform-pod-test-hivemq-platform)
2025-01-29 18:42:16,779 INFO c.h.h.t.HelmChartContainer - [hivemq-test-hivemq-platform] [hivemq-platform-operator] [c53911e1] 18:42:16.766 [pool-6-thread-33] DEBUG c.h.p.o.dependants.PodInfoConfigMap - [helmplat] Desired PodInfo ConfigMap (1 extensions) (1 enabled)
2025-01-29 18:42:16,779 INFO c.h.h.t.HelmChartContainer - [hivemq-test-hivemq-platform] [hivemq-platform-operator] [c53911e1] 18:42:16.774 [pool-6-thread-33] DEBUG c.h.p.o.dependants.PodInfoConfigMap - [helmplat] Desired PodInfo ConfigMap (metrics port: 9399) (metrics path: /)
2025-01-29 18:42:16,779 INFO c.h.h.t.HelmChartContainer - [hivemq-test-hivemq-platform] [hivemq-platform-operator] [c53911e1] 18:42:16.774 [pool-6-thread-33] DEBUG c.h.p.o.dependants.PodInfoConfigMap - [helmplat] Desired PodInfo ConfigMap (extension state hash: -1817474005)
2025-01-29 18:42:16,784 INFO c.h.h.t.HelmChartContainer - [hivemq-test-hivemq-platform] [hivemq-platform-operator] [c53911e1] 18:42:16.782 [pool-6-thread-39] DEBUG c.h.p.o.d.StatefulSetResource - [helmplat] Desired StatefulSet (1 replicas) for status STARTING (READY)
2025-01-29 18:42:16,866 INFO c.h.h.t.HelmChartContainer - [hivemq-test-hivemq-platform] [hivemq-platform-operator] [c53911e1] 18:42:16.864 [ReconcilerExecutor-hivemq-controller-86] INFO  c.h.p.o.HiveMQPlatformReconciler - [helmplat] Reconciling HiveMQ Platform 'test-hivemq-platform' in namespace 'helmplatformtlsit'
2025-01-29 18:42:16,866 INFO c.h.h.t.HelmChartContainer - [hivemq-test-hivemq-platform] [hivemq-platform-operator] [c53911e1] 18:42:16.864 [ReconcilerExecutor-hivemq-controller-86] DEBUG c.h.p.o.HiveMQPlatformReconciler - [helmplat] Custom Resource Status STARTING - HiveMQ Platform is starting (READY)
2025-01-29 18:42:16,866 INFO c.h.h.t.HelmChartContainer - [hivemq-test-hivemq-platform] [hivemq-platform-operator] [c53911e1] 18:42:16.865 [ReconcilerExecutor-hivemq-controller-86] DEBUG c.h.p.o.HiveMQPlatformReconciler - [helmplat] Custom Resource Spec (replicas: 1) (extensions: 1)
2025-01-29 18:42:16,870 INFO c.h.h.t.HelmChartContainer - [hivemq-test-hivemq-platform] [hivemq-platform-operator] [c53911e1] 18:42:16.868 [ReconcilerExecutor-hivemq-controller-86] DEBUG c.h.p.o.HiveMQPlatformReconciler - [helmplat] StatefulSet Status (revision: test-hivemq-platform-cdd795574, replicas: 1, available: 0, ready: 0, current: 1, updated: 1)
2025-01-29 18:42:16,870 INFO c.h.h.t.HelmChartContainer - [hivemq-test-hivemq-platform] [hivemq-platform-operator] [c53911e1] 18:42:16.868 [ReconcilerExecutor-hivemq-controller-86] DEBUG c.h.p.o.HiveMQPlatformReconciler - [helmplat] StatefulSet Spec (replicas: 1, init containers: 1, containers: 1, volumes: 5)
2025-01-29 18:42:16,877 INFO c.h.h.t.HelmChartContainer - [hivemq-test-hivemq-platform] [hivemq-platform-operator] [c53911e1] 18:42:16.875 [ReconcilerExecutor-hivemq-controller-86] DEBUG c.h.p.o.h.HiveMQPlatformReconcilerErrorHandler - [helmplat] Pod 'test-hivemq-platform-0' phase Pending
2025-01-29 18:42:16,877 INFO c.h.h.t.HelmChartContainer - [hivemq-test-hivemq-platform] [hivemq-platform-operator] [c53911e1] 18:42:16.875 [ReconcilerExecutor-hivemq-controller-86] DEBUG c.h.p.o.h.HiveMQPlatformReconcilerErrorHandler - [helmplat] Pod 'test-hivemq-platform-0' condition 'PodReadyToStartContainers': True
2025-01-29 18:42:16,878 INFO c.h.h.t.HelmChartContainer - [hivemq-test-hivemq-platform] [hivemq-platform-operator] [c53911e1] 18:42:16.876 [ReconcilerExecutor-hivemq-controller-86] DEBUG c.h.p.o.h.HiveMQPlatformReconcilerErrorHandler - [helmplat] Pod 'test-hivemq-platform-0' condition 'Initialized': True
2025-01-29 18:42:16,878 INFO c.h.h.t.HelmChartContainer - [hivemq-test-hivemq-platform] [hivemq-platform-operator] [c53911e1] 18:42:16.876 [ReconcilerExecutor-hivemq-controller-86] DEBUG c.h.p.o.h.HiveMQPlatformReconcilerErrorHandler - [helmplat] Pod 'test-hivemq-platform-0' condition 'Ready': False
2025-01-29 18:42:16,878 INFO c.h.h.t.HelmChartContainer - [hivemq-test-hivemq-platform] [hivemq-platform-operator] [c53911e1] 18:42:16.876 [ReconcilerExecutor-hivemq-controller-86] DEBUG c.h.p.o.h.HiveMQPlatformReconcilerErrorHandler - [helmplat] Pod 'test-hivemq-platform-0' condition 'ContainersReady': False
2025-01-29 18:42:16,878 INFO c.h.h.t.HelmChartContainer - [hivemq-test-hivemq-platform] [hivemq-platform-operator] [c53911e1] 18:42:16.876 [ReconcilerExecutor-hivemq-controller-86] DEBUG c.h.p.o.h.HiveMQPlatformReconcilerErrorHandler - [helmplat] Pod 'test-hivemq-platform-0' condition 'PodScheduled': True
2025-01-29 18:42:16,878 INFO c.h.h.t.HelmChartContainer - [hivemq-test-hivemq-platform] [hivemq-platform-operator] [c53911e1] 18:42:16.877 [ReconcilerExecutor-hivemq-controller-86] DEBUG c.h.p.o.h.HiveMQPlatformReconcilerErrorHandler - [helmplat] Pod 'test-hivemq-platform-0' containerStatus 'hivemq' (started: false) (ready: false) (waiting: [PodInitializing] null)
2025-01-29 18:42:16,879 INFO c.h.h.t.HelmChartContainer - [hivemq-test-hivemq-platform] [hivemq-platform-operator] [c53911e1] 18:42:16.878 [ReconcilerExecutor-hivemq-controller-86] INFO  c.h.p.o.h.HiveMQPlatformReconcilerBaseHandler - [helmplat] HiveMQ Platform is starting, 0 of 1 replicas are ready
2025-01-29 18:42:18,569 INFO c.h.h.t.HelmChartContainer - [EVENT] Normal [Created] Created container: hivemq [helmplatformtlsit:test-hivemq-platform-0]
2025-01-29 18:42:18,569 INFO c.h.h.t.HelmChartContainer - Received Created event for container hivemq in pod test-hivemq-platform-0 [2be3dfab-7088-4f53-8406-9135eda366b7]
2025-01-29 18:42:18,755 INFO c.h.h.t.HelmChartContainer - [POD] test-hivemq-platform-0 [2be3dfab-7088-4f53-8406-9135eda366b7] in helmplatformtlsit was MODIFIED
2025-01-29 18:42:18,766 INFO c.h.h.t.HelmChartContainer - [EVENT] Normal [Started] Started container hivemq [helmplatformtlsit:test-hivemq-platform-0]
2025-01-29 18:42:18,766 INFO c.h.h.t.HelmChartContainer - Received Started event for container hivemq in pod test-hivemq-platform-0 [2be3dfab-7088-4f53-8406-9135eda366b7]
2025-01-29 18:42:18,766 INFO c.h.h.t.HelmChartContainer - Started log watcher for hivemq in pod test-hivemq-platform-0 [2be3dfab-7088-4f53-8406-9135eda366b7]
2025-01-29 18:42:18,767 INFO c.h.h.t.HelmChartContainer - [test-hivemq-platform] [hivemq] [2be3dfab] Adding pre-installed HiveMQ Platform Operator extensions
2025-01-29 18:42:18,767 INFO c.h.h.t.HelmChartContainer - [test-hivemq-platform] [hivemq] [2be3dfab] Running as user 10000
2025-01-29 18:42:18,767 INFO c.h.h.t.HelmChartContainer - [test-hivemq-platform] [hivemq] [2be3dfab] Starting HiveMQ Platform Operator Init
2025-01-29 18:42:18,772 INFO c.h.h.t.HelmChartContainer - [hivemq-test-hivemq-platform] [hivemq-platform-operator] [c53911e1] 18:42:18.771 [pool-6-thread-42] DEBUG c.h.p.o.d.PlatformServiceResource - [helmplat] Desired Platform services (4 services)
2025-01-29 18:42:18,776 INFO c.h.h.t.HelmChartContainer - [hivemq-test-hivemq-platform] [hivemq-platform-operator] [c53911e1] 18:42:18.775 [pool-6-thread-43] DEBUG c.h.p.o.dependants.PodInfoConfigMap - [helmplat] Desired PodInfo ConfigMap (1 extensions) (1 enabled)
2025-01-29 18:42:18,776 INFO c.h.h.t.HelmChartContainer - [hivemq-test-hivemq-platform] [hivemq-platform-operator] [c53911e1] 18:42:18.775 [pool-6-thread-43] DEBUG c.h.p.o.dependants.PodInfoConfigMap - [helmplat] Desired PodInfo ConfigMap (metrics port: 9399) (metrics path: /)
2025-01-29 18:42:18,776 INFO c.h.h.t.HelmChartContainer - [hivemq-test-hivemq-platform] [hivemq-platform-operator] [c53911e1] 18:42:18.775 [pool-6-thread-43] DEBUG c.h.p.o.dependants.PodInfoConfigMap - [helmplat] Desired PodInfo ConfigMap (extension state hash: -1817474005)
2025-01-29 18:42:18,832 INFO c.h.h.t.HelmChartContainer - [hivemq-test-hivemq-platform] [hivemq-platform-operator] [c53911e1] 18:42:18.831 [pool-6-thread-47] DEBUG c.h.p.o.d.PodServiceAccountResource - [helmplat] Desired PodServiceAccountResource (serviceAccountName: hivemq-platform-pod-test-hivemq-platform)
2025-01-29 18:42:18,865 INFO c.h.h.t.HelmChartContainer - [hivemq-test-hivemq-platform] [hivemq-platform-operator] [c53911e1] 18:42:18.863 [pool-6-thread-50] DEBUG c.h.p.o.d.StatefulSetResource - [helmplat] Desired StatefulSet (1 replicas) for status STARTING (READY)
2025-01-29 18:42:18,870 INFO c.h.h.t.HelmChartContainer - [hivemq-test-hivemq-platform] [hivemq-platform-operator] [c53911e1] 18:42:18.869 [ReconcilerExecutor-hivemq-controller-97] INFO  c.h.p.o.HiveMQPlatformReconciler - [helmplat] Reconciling HiveMQ Platform 'test-hivemq-platform' in namespace 'helmplatformtlsit'
2025-01-29 18:42:18,871 INFO c.h.h.t.HelmChartContainer - [hivemq-test-hivemq-platform] [hivemq-platform-operator] [c53911e1] 18:42:18.869 [ReconcilerExecutor-hivemq-controller-97] DEBUG c.h.p.o.HiveMQPlatformReconciler - [helmplat] Custom Resource Status STARTING - HiveMQ Platform is starting (READY)
2025-01-29 18:42:18,871 INFO c.h.h.t.HelmChartContainer - [hivemq-test-hivemq-platform] [hivemq-platform-operator] [c53911e1] 18:42:18.869 [ReconcilerExecutor-hivemq-controller-97] DEBUG c.h.p.o.HiveMQPlatformReconciler - [helmplat] Custom Resource Spec (replicas: 1) (extensions: 1)
2025-01-29 18:42:18,873 INFO c.h.h.t.HelmChartContainer - [hivemq-test-hivemq-platform] [hivemq-platform-operator] [c53911e1] 18:42:18.872 [ReconcilerExecutor-hivemq-controller-97] DEBUG c.h.p.o.HiveMQPlatformReconciler - [helmplat] StatefulSet Status (revision: test-hivemq-platform-cdd795574, replicas: 1, available: 0, ready: 0, current: 1, updated: 1)
2025-01-29 18:42:18,874 INFO c.h.h.t.HelmChartContainer - [hivemq-test-hivemq-platform] [hivemq-platform-operator] [c53911e1] 18:42:18.872 [ReconcilerExecutor-hivemq-controller-97] DEBUG c.h.p.o.HiveMQPlatformReconciler - [helmplat] StatefulSet Spec (replicas: 1, init containers: 1, containers: 1, volumes: 5)
2025-01-29 18:42:18,875 INFO c.h.h.t.HelmChartContainer - [hivemq-test-hivemq-platform] [hivemq-platform-operator] [c53911e1] 18:42:18.874 [ReconcilerExecutor-hivemq-controller-97] DEBUG c.h.p.o.h.HiveMQPlatformReconcilerErrorHandler - [helmplat] Pod 'test-hivemq-platform-0' phase Running
2025-01-29 18:42:18,931 INFO c.h.h.t.HelmChartContainer - [hivemq-test-hivemq-platform] [hivemq-platform-operator] [c53911e1] 18:42:18.875 [ReconcilerExecutor-hivemq-controller-97] INFO  c.h.p.o.h.HiveMQPlatformReconcilerBaseHandler - [helmplat] HiveMQ Platform is starting, 0 of 1 replicas are ready
2025-01-29 18:42:19,836 INFO c.h.h.t.HelmChartContainer - [test-hivemq-platform] [hivemq] [2be3dfab] INFO  - [HiveMQ Platform Operator Init 1.7.0-SNAPSHOT] HiveMQ Platform Operator Init 1.7.0-SNAPSHOT (commit: b1b9591 on branch: HEAD) built on Wed Jan 29 18:32:18 UTC 2025
2025-01-29 18:42:20,925 INFO c.h.h.t.HelmChartContainer - [test-hivemq-platform] [hivemq] [2be3dfab] INFO  - [HiveMQ Platform Operator Init App 1.7.0-SNAPSHOT] Using bind address 10.42.0.12 from environment variable
2025-01-29 18:42:21,821 INFO c.h.h.t.HelmChartContainer - [test-hivemq-platform] [hivemq] [2be3dfab] INFO  - [HiveMQ Platform Operator Init App 1.7.0-SNAPSHOT] HiveMQ Platform Operator Init App 1.7.0-SNAPSHOT (commit: b1b9591 on branch: HEAD) built on Wed Jan 29 18:32:18 UTC 2025
2025-01-29 18:42:21,822 INFO c.h.h.t.HelmChartContainer - [test-hivemq-platform] [hivemq] [2be3dfab] INFO  - [HiveMQ Platform Operator Init App 1.7.0-SNAPSHOT] PodInfo ConfigMap directory: /etc/podinfo
2025-01-29 18:42:21,822 INFO c.h.h.t.HelmChartContainer - [test-hivemq-platform] [hivemq] [2be3dfab] INFO  - [HiveMQ Platform Operator Init App 1.7.0-SNAPSHOT] HiveMQ home directory: /opt/hivemq
2025-01-29 18:42:21,822 INFO c.h.h.t.HelmChartContainer - [test-hivemq-platform] [hivemq] [2be3dfab] INFO  - [HiveMQ Platform Operator Init App 1.7.0-SNAPSHOT] HiveMQ Logback folder: /opt/hivemq/conf
2025-01-29 18:42:21,822 INFO c.h.h.t.HelmChartContainer - [test-hivemq-platform] [hivemq] [2be3dfab] INFO  - [HiveMQ Platform Operator Init App 1.7.0-SNAPSHOT] HiveMQ Config folder: /opt/hivemq/conf-k8s
2025-01-29 18:42:21,822 INFO c.h.h.t.HelmChartContainer - [test-hivemq-platform] [hivemq] [2be3dfab] INFO  - [HiveMQ Platform Operator Init App 1.7.0-SNAPSHOT] Starting HiveMQ Platform Operator Init App
2025-01-29 18:42:21,822 INFO c.h.h.t.HelmChartContainer - [test-hivemq-platform] [hivemq] [2be3dfab] INFO  - [HiveMQ Platform Operator Init App 1.7.0-SNAPSHOT] Starting Pod reconciler
2025-01-29 18:42:22,954 INFO c.h.h.t.HelmChartContainer - [test-hivemq-platform] [hivemq] [2be3dfab] INFO  - [HiveMQ Platform Operator Init App 1.7.0-SNAPSHOT] Pod reconciler is scheduled (interval: 5000 ms)
2025-01-29 18:42:22,955 INFO c.h.h.t.HelmChartContainer - [test-hivemq-platform] [hivemq] [2be3dfab] INFO  - [HiveMQ Platform Operator Init App 1.7.0-SNAPSHOT] Starting the REST API on 10.42.0.12:7979
2025-01-29 18:42:22,958 INFO c.h.h.t.HelmChartContainer - [test-hivemq-platform] [hivemq] [2be3dfab] INFO  - [HiveMQ Platform Operator Init App 1.7.0-SNAPSHOT] Waiting up to 600s for at most 1 HiveMQ nodes in cluster service hivemq-test-hivemq-platform-cluster.helmplatformtlsit.svc
2025-01-29 18:42:23,305 INFO c.h.h.t.HelmChartContainer - [test-hivemq-platform] [hivemq] [2be3dfab] INFO  - [HiveMQ Platform Operator Init App 1.7.0-SNAPSHOT] Resolved 1 IP addresses: [10.42.0.12]
2025-01-29 18:42:23,305 INFO c.h.h.t.HelmChartContainer - [test-hivemq-platform] [hivemq] [2be3dfab] INFO  - [HiveMQ Platform Operator Init App 1.7.0-SNAPSHOT] HiveMQ node count of 1 is within threshold of 1
2025-01-29 18:42:23,305 INFO c.h.h.t.HelmChartContainer - [test-hivemq-platform] [hivemq] [2be3dfab] INFO  - [HiveMQ Platform Operator Init App 1.7.0-SNAPSHOT] Proceeding with container start
2025-01-29 18:42:23,342 INFO c.h.h.t.HelmChartContainer - [test-hivemq-platform] [hivemq] [2be3dfab] INFO  - [HiveMQ Platform Operator Init App 1.7.0-SNAPSHOT] Initializing HiveMQ Platform extensions with initial configuration: {hivemq-allow-all-extension={start-priority=-1, skip-https-hostname-verification=false, restart=true, config-version=0, header-version=0, c-uri=, priority=-1, uri=preinstalled, skip-https-certificate-validation=false, enabled=true}, hivemq-prometheus-extension={enabled=true, request-header-path=no-request-headers, uri=preinstalled, skip-https-certificate-validation=false, skip-https-hostname-verification=false, c-uri=, start-priority=-1, priority=-1, restart=true}}
2025-01-29 18:42:24,035 INFO c.h.h.t.HelmChartContainer - [test-hivemq-platform] [hivemq] [2be3dfab] INFO  - [HiveMQ Platform Operator Init App 1.7.0-SNAPSHOT] Extension hivemq-allow-all-extension was already enabled
2025-01-29 18:42:24,120 INFO c.h.h.t.HelmChartContainer - [test-hivemq-platform] [hivemq] [2be3dfab] INFO  - [HiveMQ Platform Operator Init App 1.7.0-SNAPSHOT] Successfully enabled extension hivemq-prometheus-extension
2025-01-29 18:42:24,122 INFO c.h.h.t.HelmChartContainer - [test-hivemq-platform] [hivemq] [2be3dfab] INFO  - [HiveMQ Platform Operator Init App 1.7.0-SNAPSHOT] Starting HiveMQ Platform version 4.36.0 (4.36.0)
2025-01-29 18:42:24,123 INFO c.h.h.t.HelmChartContainer - [test-hivemq-platform] [hivemq] [2be3dfab] INFO  - [HiveMQ Platform Operator Init App 1.7.0-SNAPSHOT] Configuring the HiveMQ Platform
2025-01-29 18:42:24,132 INFO c.h.h.t.HelmChartContainer - [test-hivemq-platform] [hivemq] [2be3dfab] INFO  - [HiveMQ Platform Operator Init App 1.7.0-SNAPSHOT] Changed logback.xml file scan period to 20 seconds
2025-01-29 18:42:24,224 INFO c.h.h.t.HelmChartContainer - [test-hivemq-platform] [hivemq] [2be3dfab] INFO  - [HiveMQ Platform Operator Init App 1.7.0-SNAPSHOT] Starting the HiveMQ Platform
2025-01-29 18:42:24,228 INFO c.h.h.t.HelmChartContainer - [test-hivemq-platform] [hivemq] [2be3dfab] -------------------------------------------------------------------------
2025-01-29 18:42:24,230 INFO c.h.h.t.HelmChartContainer - [test-hivemq-platform] [hivemq] [2be3dfab] 
2025-01-29 18:42:24,230 INFO c.h.h.t.HelmChartContainer - [test-hivemq-platform] [hivemq] [2be3dfab]                   _    _  _              __  __   ____
2025-01-29 18:42:24,230 INFO c.h.h.t.HelmChartContainer - [test-hivemq-platform] [hivemq] [2be3dfab]                  | |  | |(_)            |  \/  | / __ \
2025-01-29 18:42:24,230 INFO c.h.h.t.HelmChartContainer - [test-hivemq-platform] [hivemq] [2be3dfab]                  | |__| | _ __   __ ___ | \  / || |  | |
2025-01-29 18:42:24,230 INFO c.h.h.t.HelmChartContainer - [test-hivemq-platform] [hivemq] [2be3dfab]                  |  __  || |\ \ / // _ \| |\/| || |  | |
2025-01-29 18:42:24,230 INFO c.h.h.t.HelmChartContainer - [test-hivemq-platform] [hivemq] [2be3dfab]                  | |  | || | \ V /|  __/| |  | || |__| |
2025-01-29 18:42:24,230 INFO c.h.h.t.HelmChartContainer - [test-hivemq-platform] [hivemq] [2be3dfab]                  |_|  |_||_|  \_/  \___||_|  |_| \___\_\
2025-01-29 18:42:24,230 INFO c.h.h.t.HelmChartContainer - [test-hivemq-platform] [hivemq] [2be3dfab] 
2025-01-29 18:42:24,230 INFO c.h.h.t.HelmChartContainer - [test-hivemq-platform] [hivemq] [2be3dfab] -------------------------------------------------------------------------
2025-01-29 18:42:24,230 INFO c.h.h.t.HelmChartContainer - [test-hivemq-platform] [hivemq] [2be3dfab] 
2025-01-29 18:42:24,230 INFO c.h.h.t.HelmChartContainer - [test-hivemq-platform] [hivemq] [2be3dfab]   HiveMQ Start Script for Linux/Unix v1.14
2025-01-29 18:42:24,230 INFO c.h.h.t.HelmChartContainer - [test-hivemq-platform] [hivemq] [2be3dfab] 
2025-01-29 18:42:24,337 INFO c.h.h.t.HelmChartContainer - [test-hivemq-platform] [hivemq] [2be3dfab] -------------------------------------------------------------------------
2025-01-29 18:42:24,338 INFO c.h.h.t.HelmChartContainer - [test-hivemq-platform] [hivemq] [2be3dfab] 
2025-01-29 18:42:24,338 INFO c.h.h.t.HelmChartContainer - [test-hivemq-platform] [hivemq] [2be3dfab]   HIVEMQ_HOME: /opt/hivemq
2025-01-29 18:42:24,338 INFO c.h.h.t.HelmChartContainer - [test-hivemq-platform] [hivemq] [2be3dfab] 
2025-01-29 18:42:24,338 INFO c.h.h.t.HelmChartContainer - [test-hivemq-platform] [hivemq] [2be3dfab]   JAVA_OPTS: -XX:+UnlockExperimentalVMOptions -XX:InitialRAMPercentage=50 -XX:MaxRAMPercentage=50 -Djava.net.preferIPv4Stack=true --add-opens java.base/java.lang=ALL-UNNAMED --add-opens java.base/java.nio=ALL-UNNAMED --add-opens java.base/sun.nio.ch=ALL-UNNAMED --add-opens jdk.management/com.sun.management.internal=ALL-UNNAMED --add-exports java.base/jdk.internal.misc=ALL-UNNAMED -Djava.security.egd=file:/dev/./urandom -Dcom.sun.management.jmxremote -Dcom.sun.management.jmxremote.port=9010 -Dcom.sun.management.jmxremote.local.only=false -Dcom.sun.management.jmxremote.authenticate=false -Dcom.sun.management.jmxremote.ssl=false -Duser.language=en -Duser.region=US -XX:+CrashOnOutOfMemoryError -XX:+HeapDumpOnOutOfMemoryError
2025-01-29 18:42:24,338 INFO c.h.h.t.HelmChartContainer - [test-hivemq-platform] [hivemq] [2be3dfab] 
2025-01-29 18:42:24,338 INFO c.h.h.t.HelmChartContainer - [test-hivemq-platform] [hivemq] [2be3dfab]   JAVA_VERSION: 21
2025-01-29 18:42:24,338 INFO c.h.h.t.HelmChartContainer - [test-hivemq-platform] [hivemq] [2be3dfab] 
2025-01-29 18:42:24,338 INFO c.h.h.t.HelmChartContainer - [test-hivemq-platform] [hivemq] [2be3dfab] -------------------------------------------------------------------------
2025-01-29 18:42:24,338 INFO c.h.h.t.HelmChartContainer - [test-hivemq-platform] [hivemq] [2be3dfab] 
2025-01-29 18:42:24,821 INFO c.h.h.t.HelmChartContainer - [test-hivemq-platform] [hivemq] [2be3dfab] INFO  - [HiveMQ Platform Operator Init App 1.7.0-SNAPSHOT] Returning default Health API response 503 for readiness
2025-01-29 18:42:25,224 INFO c.h.h.t.HelmChartContainer - [EVENT] Warning [Unhealthy] Readiness probe failed: HTTP probe failed with statuscode: 503 [helmplatformtlsit:test-hivemq-platform-0]
2025-01-29 18:42:25,224 INFO c.h.h.t.HelmChartContainer - Received Unhealthy event for container hivemq in pod test-hivemq-platform-0 [2be3dfab-7088-4f53-8406-9135eda366b7]
2025-01-29 18:42:27,023 INFO c.h.h.t.HelmChartContainer - [test-hivemq-platform] [hivemq] [2be3dfab] INFO  - Starting HiveMQ Enterprise Server
2025-01-29 18:42:27,032 INFO c.h.h.t.HelmChartContainer - [test-hivemq-platform] [hivemq] [2be3dfab] INFO  - HiveMQ version: 4.36.0
2025-01-29 18:42:27,033 INFO c.h.h.t.HelmChartContainer - [test-hivemq-platform] [hivemq] [2be3dfab] INFO  - HiveMQ home directory: /opt/hivemq
2025-01-29 18:42:27,033 INFO c.h.h.t.HelmChartContainer - [test-hivemq-platform] [hivemq] [2be3dfab] INFO  - Log Configuration was overridden by /opt/hivemq/conf/logback.xml
2025-01-29 18:42:28,922 INFO c.h.h.t.HelmChartContainer - [test-hivemq-platform] [hivemq] [2be3dfab] INFO  - Using system default truststore for tls listener with 'client-authentication-mode' of value 'optional' and not specified 'truststore'.
2025-01-29 18:42:28,942 INFO c.h.h.t.HelmChartContainer - [hivemq-test-hivemq-platform] [hivemq-platform-operator] [c53911e1] 18:42:28.941 [pool-6-thread-5] DEBUG c.h.p.o.d.PlatformServiceResource - [helmplat] Desired Platform services (4 services)
2025-01-29 18:42:28,947 INFO c.h.h.t.HelmChartContainer - [hivemq-test-hivemq-platform] [hivemq-platform-operator] [c53911e1] 18:42:28.945 [pool-6-thread-3] DEBUG c.h.p.o.dependants.PodInfoConfigMap - [helmplat] Desired PodInfo ConfigMap (1 extensions) (1 enabled)
2025-01-29 18:42:28,947 INFO c.h.h.t.HelmChartContainer - [hivemq-test-hivemq-platform] [hivemq-platform-operator] [c53911e1] 18:42:28.945 [pool-6-thread-3] DEBUG c.h.p.o.dependants.PodInfoConfigMap - [helmplat] Desired PodInfo ConfigMap (metrics port: 9399) (metrics path: /)
2025-01-29 18:42:28,947 INFO c.h.h.t.HelmChartContainer - [hivemq-test-hivemq-platform] [hivemq-platform-operator] [c53911e1] 18:42:28.945 [pool-6-thread-3] DEBUG c.h.p.o.dependants.PodInfoConfigMap - [helmplat] Desired PodInfo ConfigMap (extension state hash: -1817474005)
2025-01-29 18:42:28,948 INFO c.h.h.t.HelmChartContainer - [hivemq-test-hivemq-platform] [hivemq-platform-operator] [c53911e1] 18:42:28.946 [pool-6-thread-3] DEBUG c.h.p.o.d.PodServiceAccountResource - [helmplat] Desired PodServiceAccountResource (serviceAccountName: hivemq-platform-pod-test-hivemq-platform)
2025-01-29 18:42:28,954 INFO c.h.h.t.HelmChartContainer - [hivemq-test-hivemq-platform] [hivemq-platform-operator] [c53911e1] 18:42:28.953 [pool-6-thread-3] DEBUG c.h.p.o.d.StatefulSetResource - [helmplat] Desired StatefulSet (1 replicas) for status STARTING (READY)
2025-01-29 18:42:28,963 INFO c.h.h.t.HelmChartContainer - [hivemq-test-hivemq-platform] [hivemq-platform-operator] [c53911e1] 18:42:28.960 [ReconcilerExecutor-hivemq-controller-108] INFO  c.h.p.o.HiveMQPlatformReconciler - [helmplat] Reconciling HiveMQ Platform 'test-hivemq-platform' in namespace 'helmplatformtlsit'
2025-01-29 18:42:28,964 INFO c.h.h.t.HelmChartContainer - [hivemq-test-hivemq-platform] [hivemq-platform-operator] [c53911e1] 18:42:28.961 [ReconcilerExecutor-hivemq-controller-108] DEBUG c.h.p.o.HiveMQPlatformReconciler - [helmplat] Custom Resource Status STARTING - HiveMQ Platform is starting (READY)
2025-01-29 18:42:28,964 INFO c.h.h.t.HelmChartContainer - [hivemq-test-hivemq-platform] [hivemq-platform-operator] [c53911e1] 18:42:28.961 [ReconcilerExecutor-hivemq-controller-108] DEBUG c.h.p.o.HiveMQPlatformReconciler - [helmplat] Custom Resource Spec (replicas: 1) (extensions: 1)
2025-01-29 18:42:29,032 INFO c.h.h.t.HelmChartContainer - [test-hivemq-platform] [hivemq] [2be3dfab] INFO  - Successfully loaded configuration from '/opt/hivemq/conf-k8s/config.xml'.
2025-01-29 18:42:29,041 INFO c.h.h.t.HelmChartContainer - [hivemq-test-hivemq-platform] [hivemq-platform-operator] [c53911e1] 18:42:29.037 [ReconcilerExecutor-hivemq-controller-108] DEBUG c.h.p.o.HiveMQPlatformReconciler - [helmplat] StatefulSet Status (revision: test-hivemq-platform-cdd795574, replicas: 1, available: 0, ready: 0, current: 1, updated: 1)
2025-01-29 18:42:29,041 INFO c.h.h.t.HelmChartContainer - [hivemq-test-hivemq-platform] [hivemq-platform-operator] [c53911e1] 18:42:29.037 [ReconcilerExecutor-hivemq-controller-108] DEBUG c.h.p.o.HiveMQPlatformReconciler - [helmplat] StatefulSet Spec (replicas: 1, init containers: 1, containers: 1, volumes: 5)
2025-01-29 18:42:29,041 INFO c.h.h.t.HelmChartContainer - [hivemq-test-hivemq-platform] [hivemq-platform-operator] [c53911e1] 18:42:29.040 [ReconcilerExecutor-hivemq-controller-108] DEBUG c.h.p.o.h.HiveMQPlatformReconcilerErrorHandler - [helmplat] Pod 'test-hivemq-platform-0' phase Running
2025-01-29 18:42:29,043 INFO c.h.h.t.HelmChartContainer - [hivemq-test-hivemq-platform] [hivemq-platform-operator] [c53911e1] 18:42:29.042 [ReconcilerExecutor-hivemq-controller-108] INFO  c.h.p.o.h.HiveMQPlatformReconcilerBaseHandler - [helmplat] HiveMQ Platform is starting, 0 of 1 replicas are ready
2025-01-29 18:42:30,024 INFO c.h.h.t.HelmChartContainer - [test-hivemq-platform] [hivemq] [2be3dfab] INFO  - This node's ID is 0Uv2H
2025-01-29 18:42:30,027 INFO c.h.h.t.HelmChartContainer - [test-hivemq-platform] [hivemq] [2be3dfab] INFO  - Clustering is enabled
2025-01-29 18:42:30,232 INFO c.h.h.t.HelmChartContainer - [test-hivemq-platform] [hivemq] [2be3dfab] WARN  - [HiveMQ Platform Operator Init App 1.7.0-SNAPSHOT] Cannot connect to Health API for readiness: null
2025-01-29 18:42:30,236 INFO c.h.h.t.HelmChartContainer - [EVENT] Warning [Unhealthy] Readiness probe failed: HTTP probe failed with statuscode: 503 [helmplatformtlsit:test-hivemq-platform-0]
2025-01-29 18:42:30,236 INFO c.h.h.t.HelmChartContainer - Received Unhealthy event for container hivemq in pod test-hivemq-platform-0 [2be3dfab-7088-4f53-8406-9135eda366b7]
2025-01-29 18:42:33,427 INFO c.h.h.t.HelmChartContainer - [test-hivemq-platform] [hivemq] [2be3dfab] Jan 29, 2025 6:42:33 PM io.vertx.core.impl.BlockedThreadChecker
2025-01-29 18:42:33,427 INFO c.h.h.t.HelmChartContainer - [test-hivemq-platform] [hivemq] [2be3dfab] WARNING: Thread Thread[vert.x-eventloop-thread-1,5,main] has been blocked for 2104 ms, time limit is 2000 ms
2025-01-29 18:42:34,025 INFO c.h.h.t.HelmChartContainer - [test-hivemq-platform] [hivemq] [2be3dfab] INFO  - [HiveMQ Platform Operator Init App 1.7.0-SNAPSHOT] Updating Pod HiveMQ Platform Operator Init App version annotation (version: 1.7.0-SNAPSHOT)
2025-01-29 18:42:34,828 INFO c.h.h.t.HelmChartContainer - [test-hivemq-platform] [hivemq] [2be3dfab] WARN  - [HiveMQ Platform Operator Init App 1.7.0-SNAPSHOT] Cannot connect to Health API for readiness: null
2025-01-29 18:42:34,905 INFO c.h.h.t.HelmChartContainer - [EVENT] Warning [Unhealthy] Readiness probe failed: HTTP probe failed with statuscode: 503 [helmplatformtlsit:test-hivemq-platform-0]
2025-01-29 18:42:34,905 INFO c.h.h.t.HelmChartContainer - Received Unhealthy event for container hivemq in pod test-hivemq-platform-0 [2be3dfab-7088-4f53-8406-9135eda366b7]
2025-01-29 18:42:34,935 INFO c.h.h.t.HelmChartContainer - [POD] test-hivemq-platform-0 [2be3dfab-7088-4f53-8406-9135eda366b7] in helmplatformtlsit was MODIFIED
2025-01-29 18:42:34,946 INFO c.h.h.t.HelmChartContainer - [hivemq-test-hivemq-platform] [hivemq-platform-operator] [c53911e1] 18:42:34.942 [pool-6-thread-15] DEBUG c.h.p.o.d.PlatformServiceResource - [helmplat] Desired Platform services (4 services)
2025-01-29 18:42:34,946 INFO c.h.h.t.HelmChartContainer - [hivemq-test-hivemq-platform] [hivemq-platform-operator] [c53911e1] 18:42:34.943 [pool-6-thread-11] DEBUG c.h.p.o.dependants.PodInfoConfigMap - [helmplat] Desired PodInfo ConfigMap (1 extensions) (1 enabled)
2025-01-29 18:42:34,946 INFO c.h.h.t.HelmChartContainer - [hivemq-test-hivemq-platform] [hivemq-platform-operator] [c53911e1] 18:42:34.943 [pool-6-thread-11] DEBUG c.h.p.o.dependants.PodInfoConfigMap - [helmplat] Desired PodInfo ConfigMap (metrics port: 9399) (metrics path: /)
2025-01-29 18:42:34,946 INFO c.h.h.t.HelmChartContainer - [hivemq-test-hivemq-platform] [hivemq-platform-operator] [c53911e1] 18:42:34.943 [pool-6-thread-11] DEBUG c.h.p.o.dependants.PodInfoConfigMap - [helmplat] Desired PodInfo ConfigMap (extension state hash: -1817474005)
2025-01-29 18:42:34,946 INFO c.h.h.t.HelmChartContainer - [hivemq-test-hivemq-platform] [hivemq-platform-operator] [c53911e1] 18:42:34.944 [pool-6-thread-14] DEBUG c.h.p.o.d.PodServiceAccountResource - [helmplat] Desired PodServiceAccountResource (serviceAccountName: hivemq-platform-pod-test-hivemq-platform)
2025-01-29 18:42:34,951 INFO c.h.h.t.HelmChartContainer - [hivemq-test-hivemq-platform] [hivemq-platform-operator] [c53911e1] 18:42:34.950 [pool-6-thread-20] DEBUG c.h.p.o.d.StatefulSetResource - [helmplat] Desired StatefulSet (1 replicas) for status STARTING (READY)
2025-01-29 18:42:35,027 INFO c.h.h.t.HelmChartContainer - [test-hivemq-platform] [hivemq] [2be3dfab] WARN  - [HiveMQ Platform Operator Init App 1.7.0-SNAPSHOT] Cannot connect to Health API for readiness: null
2025-01-29 18:42:35,028 INFO c.h.h.t.HelmChartContainer - [test-hivemq-platform] [hivemq] [2be3dfab] INFO  - [HiveMQ Platform Operator Init App 1.7.0-SNAPSHOT] Successfully updated Pod HiveMQ Platform Operator Init App version annotation (version: 1.7.0-SNAPSHOT)
2025-01-29 18:42:35,033 INFO c.h.h.t.HelmChartContainer - [EVENT] Warning [Unhealthy] Readiness probe failed: HTTP probe failed with statuscode: 503 [helmplatformtlsit:test-hivemq-platform-0]
2025-01-29 18:42:35,033 INFO c.h.h.t.HelmChartContainer - Received Unhealthy event for container hivemq in pod test-hivemq-platform-0 [2be3dfab-7088-4f53-8406-9135eda366b7]
2025-01-29 18:42:35,038 INFO c.h.h.t.HelmChartContainer - [hivemq-test-hivemq-platform] [hivemq-platform-operator] [c53911e1] 18:42:35.037 [ReconcilerExecutor-hivemq-controller-109] INFO  c.h.p.o.HiveMQPlatformReconciler - [helmplat] Reconciling HiveMQ Platform 'test-hivemq-platform' in namespace 'helmplatformtlsit'
2025-01-29 18:42:35,039 INFO c.h.h.t.HelmChartContainer - [hivemq-test-hivemq-platform] [hivemq-platform-operator] [c53911e1] 18:42:35.038 [ReconcilerExecutor-hivemq-controller-109] DEBUG c.h.p.o.HiveMQPlatformReconciler - [helmplat] Custom Resource Status STARTING - HiveMQ Platform is starting (READY)
2025-01-29 18:42:35,041 INFO c.h.h.t.HelmChartContainer - [hivemq-test-hivemq-platform] [hivemq-platform-operator] [c53911e1] 18:42:35.038 [ReconcilerExecutor-hivemq-controller-109] DEBUG c.h.p.o.HiveMQPlatformReconciler - [helmplat] Custom Resource Spec (replicas: 1) (extensions: 1)
2025-01-29 18:42:35,042 INFO c.h.h.t.HelmChartContainer - [hivemq-test-hivemq-platform] [hivemq-platform-operator] [c53911e1] 18:42:35.041 [ReconcilerExecutor-hivemq-controller-109] DEBUG c.h.p.o.HiveMQPlatformReconciler - [helmplat] StatefulSet Status (revision: test-hivemq-platform-cdd795574, replicas: 1, available: 0, ready: 0, current: 1, updated: 1)
2025-01-29 18:42:35,042 INFO c.h.h.t.HelmChartContainer - [hivemq-test-hivemq-platform] [hivemq-platform-operator] [c53911e1] 18:42:35.041 [ReconcilerExecutor-hivemq-controller-109] DEBUG c.h.p.o.HiveMQPlatformReconciler - [helmplat] StatefulSet Spec (replicas: 1, init containers: 1, containers: 1, volumes: 5)
2025-01-29 18:42:35,044 INFO c.h.h.t.HelmChartContainer - [hivemq-test-hivemq-platform] [hivemq-platform-operator] [c53911e1] 18:42:35.044 [ReconcilerExecutor-hivemq-controller-109] DEBUG c.h.p.o.h.HiveMQPlatformReconcilerErrorHandler - [helmplat] Pod 'test-hivemq-platform-0' phase Running
2025-01-29 18:42:35,046 INFO c.h.h.t.HelmChartContainer - [hivemq-test-hivemq-platform] [hivemq-platform-operator] [c53911e1] 18:42:35.045 [ReconcilerExecutor-hivemq-controller-109] INFO  c.h.p.o.h.HiveMQPlatformReconcilerBaseHandler - [helmplat] HiveMQ Platform is starting, 0 of 1 replicas are ready
2025-01-29 18:42:39,941 INFO c.h.h.t.HelmChartContainer - [test-hivemq-platform] [hivemq] [2be3dfab] WARN  - [HiveMQ Platform Operator Init App 1.7.0-SNAPSHOT] Cannot connect to Health API for readiness: null
2025-01-29 18:42:39,948 INFO c.h.h.t.HelmChartContainer - [EVENT] Warning [Unhealthy] Readiness probe failed: HTTP probe failed with statuscode: 503 [helmplatformtlsit:test-hivemq-platform-0]
2025-01-29 18:42:39,948 INFO c.h.h.t.HelmChartContainer - Received Unhealthy event for container hivemq in pod test-hivemq-platform-0 [2be3dfab-7088-4f53-8406-9135eda366b7]
2025-01-29 18:42:45,022 INFO c.h.h.t.HelmChartContainer - [test-hivemq-platform] [hivemq] [2be3dfab] WARN  - [HiveMQ Platform Operator Init App 1.7.0-SNAPSHOT] Cannot connect to Health API for readiness: null
2025-01-29 18:42:45,026 INFO c.h.h.t.HelmChartContainer - [EVENT] Warning [Unhealthy] Readiness probe failed: HTTP probe failed with statuscode: 503 [helmplatformtlsit:test-hivemq-platform-0]
2025-01-29 18:42:45,026 INFO c.h.h.t.HelmChartContainer - Received Unhealthy event for container hivemq in pod test-hivemq-platform-0 [2be3dfab-7088-4f53-8406-9135eda366b7]
2025-01-29 18:42:45,050 INFO c.h.h.t.HelmChartContainer - [hivemq-test-hivemq-platform] [hivemq-platform-operator] [c53911e1] 18:42:45.049 [pool-6-thread-26] DEBUG c.h.p.o.d.PlatformServiceResource - [helmplat] Desired Platform services (4 services)
2025-01-29 18:42:45,051 INFO c.h.h.t.HelmChartContainer - [hivemq-test-hivemq-platform] [hivemq-platform-operator] [c53911e1] 18:42:45.050 [pool-6-thread-21] DEBUG c.h.p.o.d.PodServiceAccountResource - [helmplat] Desired PodServiceAccountResource (serviceAccountName: hivemq-platform-pod-test-hivemq-platform)
2025-01-29 18:42:45,055 INFO c.h.h.t.HelmChartContainer - [hivemq-test-hivemq-platform] [hivemq-platform-operator] [c53911e1] 18:42:45.052 [pool-6-thread-23] DEBUG c.h.p.o.dependants.PodInfoConfigMap - [helmplat] Desired PodInfo ConfigMap (1 extensions) (1 enabled)
2025-01-29 18:42:45,056 INFO c.h.h.t.HelmChartContainer - [hivemq-test-hivemq-platform] [hivemq-platform-operator] [c53911e1] 18:42:45.054 [pool-6-thread-23] DEBUG c.h.p.o.dependants.PodInfoConfigMap - [helmplat] Desired PodInfo ConfigMap (metrics port: 9399) (metrics path: /)
2025-01-29 18:42:45,057 INFO c.h.h.t.HelmChartContainer - [hivemq-test-hivemq-platform] [hivemq-platform-operator] [c53911e1] 18:42:45.054 [pool-6-thread-23] DEBUG c.h.p.o.dependants.PodInfoConfigMap - [helmplat] Desired PodInfo ConfigMap (extension state hash: -1817474005)
2025-01-29 18:42:45,061 INFO c.h.h.t.HelmChartContainer - [hivemq-test-hivemq-platform] [hivemq-platform-operator] [c53911e1] 18:42:45.060 [pool-6-thread-26] DEBUG c.h.p.o.d.StatefulSetResource - [helmplat] Desired StatefulSet (1 replicas) for status STARTING (READY)
2025-01-29 18:42:45,135 INFO c.h.h.t.HelmChartContainer - [hivemq-test-hivemq-platform] [hivemq-platform-operator] [c53911e1] 18:42:45.130 [ReconcilerExecutor-hivemq-controller-110] INFO  c.h.p.o.HiveMQPlatformReconciler - [helmplat] Reconciling HiveMQ Platform 'test-hivemq-platform' in namespace 'helmplatformtlsit'
2025-01-29 18:42:45,135 INFO c.h.h.t.HelmChartContainer - [hivemq-test-hivemq-platform] [hivemq-platform-operator] [c53911e1] 18:42:45.130 [ReconcilerExecutor-hivemq-controller-110] DEBUG c.h.p.o.HiveMQPlatformReconciler - [helmplat] Custom Resource Status STARTING - HiveMQ Platform is starting (READY)
2025-01-29 18:42:45,137 INFO c.h.h.t.HelmChartContainer - [hivemq-test-hivemq-platform] [hivemq-platform-operator] [c53911e1] 18:42:45.130 [ReconcilerExecutor-hivemq-controller-110] DEBUG c.h.p.o.HiveMQPlatformReconciler - [helmplat] Custom Resource Spec (replicas: 1) (extensions: 1)
2025-01-29 18:42:45,137 INFO c.h.h.t.HelmChartContainer - [hivemq-test-hivemq-platform] [hivemq-platform-operator] [c53911e1] 18:42:45.133 [ReconcilerExecutor-hivemq-controller-110] DEBUG c.h.p.o.HiveMQPlatformReconciler - [helmplat] StatefulSet Status (revision: test-hivemq-platform-cdd795574, replicas: 1, available: 0, ready: 0, current: 1, updated: 1)
2025-01-29 18:42:45,137 INFO c.h.h.t.HelmChartContainer - [hivemq-test-hivemq-platform] [hivemq-platform-operator] [c53911e1] 18:42:45.133 [ReconcilerExecutor-hivemq-controller-110] DEBUG c.h.p.o.HiveMQPlatformReconciler - [helmplat] StatefulSet Spec (replicas: 1, init containers: 1, containers: 1, volumes: 5)
2025-01-29 18:42:45,137 INFO c.h.h.t.HelmChartContainer - [hivemq-test-hivemq-platform] [hivemq-platform-operator] [c53911e1] 18:42:45.134 [ReconcilerExecutor-hivemq-controller-110] DEBUG c.h.p.o.h.HiveMQPlatformReconcilerErrorHandler - [helmplat] Pod 'test-hivemq-platform-0' phase Running
2025-01-29 18:42:45,137 INFO c.h.h.t.HelmChartContainer - [hivemq-test-hivemq-platform] [hivemq-platform-operator] [c53911e1] 18:42:45.136 [ReconcilerExecutor-hivemq-controller-110] INFO  c.h.p.o.h.HiveMQPlatformReconcilerBaseHandler - [helmplat] HiveMQ Platform is starting, 0 of 1 replicas are ready
2025-01-29 18:42:45,823 INFO c.h.h.t.HelmChartContainer - [test-hivemq-platform] [hivemq] [2be3dfab] WARN  - [HiveMQ Platform Operator Init App 1.7.0-SNAPSHOT] Cannot connect to Health API for liveness: null
2025-01-29 18:42:45,823 INFO c.h.h.t.HelmChartContainer - [test-hivemq-platform] [hivemq] [2be3dfab] INFO  - [HiveMQ Platform Operator Init App 1.7.0-SNAPSHOT] Returning default Health API response 200 for liveness
2025-01-29 18:42:47,327 INFO c.h.h.t.HelmChartContainer - [test-hivemq-platform] [hivemq] [2be3dfab] INFO  - No valid license file found. Using trial license, restricted to 25 connections.
2025-01-29 18:42:50,022 INFO c.h.h.t.HelmChartContainer - [test-hivemq-platform] [hivemq] [2be3dfab] WARN  - [HiveMQ Platform Operator Init App 1.7.0-SNAPSHOT] Cannot connect to Health API for readiness: null
2025-01-29 18:42:50,026 INFO c.h.h.t.HelmChartContainer - [EVENT] Warning [Unhealthy] Readiness probe failed: HTTP probe failed with statuscode: 503 [helmplatformtlsit:test-hivemq-platform-0]
2025-01-29 18:42:50,026 INFO c.h.h.t.HelmChartContainer - Received Unhealthy event for container hivemq in pod test-hivemq-platform-0 [2be3dfab-7088-4f53-8406-9135eda366b7]
2025-01-29 18:42:51,136 INFO c.h.h.t.HelmChartContainer - [test-hivemq-platform] [hivemq] [2be3dfab] INFO  - No valid license file for Data Hub found. Using free license, restricted to 1 policy.
2025-01-29 18:42:52,447 INFO c.h.h.t.HelmChartContainer - [test-hivemq-platform] [hivemq] [2be3dfab] INFO  - Audit Logger started.
2025-01-29 18:42:52,747 INFO c.h.h.t.HelmChartContainer - [test-hivemq-platform] [hivemq] [2be3dfab] INFO  - This node uses '1' CPU cores.
2025-01-29 18:42:52,753 INFO c.h.h.t.HelmChartContainer - [test-hivemq-platform] [hivemq] [2be3dfab] INFO  - Starting HiveMQ Health API on address 0.0.0.0 and port 8889
2025-01-29 18:42:53,619 INFO c.h.h.t.HelmChartContainer - [test-hivemq-platform] [hivemq] [2be3dfab] INFO  - Started HiveMQ Health API in 787ms
2025-01-29 18:42:54,053 INFO c.h.h.t.HelmChartContainer - [test-hivemq-platform] [hivemq] [2be3dfab] INFO  - Starting HiveMQ extension system.
2025-01-29 18:42:54,328 INFO c.h.h.t.HelmChartContainer - [test-hivemq-platform] [hivemq] [2be3dfab] INFO  - Starting extension with id "hivemq-dns-cluster-discovery" at /opt/hivemq/extensions/hivemq-dns-cluster-discovery
2025-01-29 18:42:54,831 INFO c.h.h.t.HelmChartContainer - [test-hivemq-platform] [hivemq] [2be3dfab] INFO  - Using TCP cluster transport on address 10.42.0.12 and port 7000
2025-01-29 18:42:54,920 INFO c.h.h.t.HelmChartContainer - [test-hivemq-platform] [hivemq] [2be3dfab] INFO  - Using extension cluster discovery
2025-01-29 18:42:54,923 INFO c.h.h.t.HelmChartContainer - [test-hivemq-platform] [hivemq] [2be3dfab] INFO  - Extension "DNS Cluster Discovery Extension" version 4.3.2 started successfully.
2025-01-29 18:42:54,923 INFO c.h.h.t.HelmChartContainer - [test-hivemq-platform] [hivemq] [2be3dfab] INFO  - Starting extension with id "hivemq-prometheus-extension" at /opt/hivemq/extensions/hivemq-prometheus-extension
2025-01-29 18:42:55,143 INFO c.h.h.t.HelmChartContainer - [hivemq-test-hivemq-platform] [hivemq-platform-operator] [c53911e1] 18:42:55.140 [pool-6-thread-33] DEBUG c.h.p.o.d.PlatformServiceResource - [helmplat] Desired Platform services (4 services)
2025-01-29 18:42:55,147 INFO c.h.h.t.HelmChartContainer - [hivemq-test-hivemq-platform] [hivemq-platform-operator] [c53911e1] 18:42:55.141 [pool-6-thread-36] DEBUG c.h.p.o.d.PodServiceAccountResource - [helmplat] Desired PodServiceAccountResource (serviceAccountName: hivemq-platform-pod-test-hivemq-platform)
2025-01-29 18:42:55,149 INFO c.h.h.t.HelmChartContainer - [hivemq-test-hivemq-platform] [hivemq-platform-operator] [c53911e1] 18:42:55.143 [pool-6-thread-32] DEBUG c.h.p.o.dependants.PodInfoConfigMap - [helmplat] Desired PodInfo ConfigMap (1 extensions) (1 enabled)
2025-01-29 18:42:55,149 INFO c.h.h.t.HelmChartContainer - [hivemq-test-hivemq-platform] [hivemq-platform-operator] [c53911e1] 18:42:55.143 [pool-6-thread-32] DEBUG c.h.p.o.dependants.PodInfoConfigMap - [helmplat] Desired PodInfo ConfigMap (metrics port: 9399) (metrics path: /)
2025-01-29 18:42:55,149 INFO c.h.h.t.HelmChartContainer - [hivemq-test-hivemq-platform] [hivemq-platform-operator] [c53911e1] 18:42:55.143 [pool-6-thread-32] DEBUG c.h.p.o.dependants.PodInfoConfigMap - [helmplat] Desired PodInfo ConfigMap (extension state hash: -1817474005)
2025-01-29 18:42:55,152 INFO c.h.h.t.HelmChartContainer - [hivemq-test-hivemq-platform] [hivemq-platform-operator] [c53911e1] 18:42:55.151 [pool-6-thread-33] DEBUG c.h.p.o.d.StatefulSetResource - [helmplat] Desired StatefulSet (1 replicas) for status STARTING (READY)
2025-01-29 18:42:55,157 INFO c.h.h.t.HelmChartContainer - [hivemq-test-hivemq-platform] [hivemq-platform-operator] [c53911e1] 18:42:55.156 [ReconcilerExecutor-hivemq-controller-111] INFO  c.h.p.o.HiveMQPlatformReconciler - [helmplat] Reconciling HiveMQ Platform 'test-hivemq-platform' in namespace 'helmplatformtlsit'
2025-01-29 18:42:55,158 INFO c.h.h.t.HelmChartContainer - [hivemq-test-hivemq-platform] [hivemq-platform-operator] [c53911e1] 18:42:55.156 [ReconcilerExecutor-hivemq-controller-111] DEBUG c.h.p.o.HiveMQPlatformReconciler - [helmplat] Custom Resource Status STARTING - HiveMQ Platform is starting (READY)
2025-01-29 18:42:55,159 INFO c.h.h.t.HelmChartContainer - [hivemq-test-hivemq-platform] [hivemq-platform-operator] [c53911e1] 18:42:55.156 [ReconcilerExecutor-hivemq-controller-111] DEBUG c.h.p.o.HiveMQPlatformReconciler - [helmplat] Custom Resource Spec (replicas: 1) (extensions: 1)
2025-01-29 18:42:55,159 INFO c.h.h.t.HelmChartContainer - [hivemq-test-hivemq-platform] [hivemq-platform-operator] [c53911e1] 18:42:55.158 [ReconcilerExecutor-hivemq-controller-111] DEBUG c.h.p.o.HiveMQPlatformReconciler - [helmplat] StatefulSet Status (revision: test-hivemq-platform-cdd795574, replicas: 1, available: 0, ready: 0, current: 1, updated: 1)
2025-01-29 18:42:55,159 INFO c.h.h.t.HelmChartContainer - [hivemq-test-hivemq-platform] [hivemq-platform-operator] [c53911e1] 18:42:55.158 [ReconcilerExecutor-hivemq-controller-111] DEBUG c.h.p.o.HiveMQPlatformReconciler - [helmplat] StatefulSet Spec (replicas: 1, init containers: 1, containers: 1, volumes: 5)
2025-01-29 18:42:55,233 INFO c.h.h.t.HelmChartContainer - [hivemq-test-hivemq-platform] [hivemq-platform-operator] [c53911e1] 18:42:55.232 [ReconcilerExecutor-hivemq-controller-111] DEBUG c.h.p.o.h.HiveMQPlatformReconcilerErrorHandler - [helmplat] Pod 'test-hivemq-platform-0' phase Running
2025-01-29 18:42:55,233 INFO c.h.h.t.HelmChartContainer - [hivemq-test-hivemq-platform] [hivemq-platform-operator] [c53911e1] 18:42:55.233 [ReconcilerExecutor-hivemq-controller-111] INFO  c.h.p.o.h.HiveMQPlatformReconcilerBaseHandler - [helmplat] HiveMQ Platform is starting, 0 of 1 replicas are ready
2025-01-29 18:42:55,981 INFO c.h.h.t.HelmChartContainer - [EVENT] Warning [Unhealthy] Readiness probe failed: Get "http://10.42.0.12:7979/readiness": context deadline exceeded (Client.Timeout exceeded while awaiting headers) [helmplatformtlsit:test-hivemq-platform-0]
2025-01-29 18:42:55,982 INFO c.h.h.t.HelmChartContainer - Received Unhealthy event for container hivemq in pod test-hivemq-platform-0 [2be3dfab-7088-4f53-8406-9135eda366b7]
2025-01-29 18:42:56,429 INFO c.h.h.t.HelmChartContainer - [test-hivemq-platform] [hivemq] [2be3dfab] INFO  - Started Jetty Server exposing Prometheus Servlet on URI http://0.0.0.0:9399/
2025-01-29 18:42:56,504 INFO c.h.h.t.HelmChartContainer - [test-hivemq-platform] [hivemq] [2be3dfab] INFO  - Extension "Prometheus Monitoring Extension" version 4.0.12 started successfully.
2025-01-29 18:42:56,505 INFO c.h.h.t.HelmChartContainer - [test-hivemq-platform] [hivemq] [2be3dfab] INFO  - Starting extension with id "hivemq-allow-all-extension" at /opt/hivemq/extensions/hivemq-allow-all-extension
2025-01-29 18:42:56,505 INFO c.h.h.t.HelmChartContainer - [test-hivemq-platform] [hivemq] [2be3dfab] WARN  - 
2025-01-29 18:42:56,505 INFO c.h.h.t.HelmChartContainer - [test-hivemq-platform] [hivemq] [2be3dfab] ################################################################################################################
2025-01-29 18:42:56,505 INFO c.h.h.t.HelmChartContainer - [test-hivemq-platform] [hivemq] [2be3dfab] # This HiveMQ deployment is not secure! You are lacking Authentication and Authorization.                      #
2025-01-29 18:42:56,505 INFO c.h.h.t.HelmChartContainer - [test-hivemq-platform] [hivemq] [2be3dfab] # Right now any MQTT client can connect to the broker with a full set of permissions.                          #
2025-01-29 18:42:56,505 INFO c.h.h.t.HelmChartContainer - [test-hivemq-platform] [hivemq] [2be3dfab] # For production usage, add an appropriate security extension and remove the hivemq-allow-all extension.       #
2025-01-29 18:42:56,505 INFO c.h.h.t.HelmChartContainer - [test-hivemq-platform] [hivemq] [2be3dfab] # You can download security extensions from the HiveMQ Marketplace (https://www.hivemq.com/extensions/).       #
2025-01-29 18:42:56,505 INFO c.h.h.t.HelmChartContainer - [test-hivemq-platform] [hivemq] [2be3dfab] ################################################################################################################
2025-01-29 18:42:56,521 INFO c.h.h.t.HelmChartContainer - [test-hivemq-platform] [hivemq] [2be3dfab] INFO  - Extension "Allow All Extension" version 1.1.1 started successfully.
2025-01-29 18:42:56,531 INFO c.h.h.t.HelmChartContainer - [test-hivemq-platform] [hivemq] [2be3dfab] INFO  - [HiveMQ Platform Operator Init App 1.7.0-SNAPSHOT] Returning Health API response 503 for readiness
2025-01-29 18:42:58,425 INFO c.h.h.t.HelmChartContainer - [test-hivemq-platform] [hivemq] [2be3dfab] INFO  - 0Uv2H: no members discovered after 2705 ms: creating cluster as first member
2025-01-29 18:42:58,431 INFO c.h.h.t.HelmChartContainer - [test-hivemq-platform] [hivemq] [2be3dfab] INFO  - Cluster nodes found by discovery: [0Uv2H|0] (1) [0Uv2H].
2025-01-29 18:42:58,452 INFO c.h.h.t.HelmChartContainer - [test-hivemq-platform] [hivemq] [2be3dfab] WARN  - No user for HiveMQ Control Center configured. Starting with default user
2025-01-29 18:42:58,452 INFO c.h.h.t.HelmChartContainer - [test-hivemq-platform] [hivemq] [2be3dfab] INFO  - Starting secure HiveMQ Control Center on address 0.0.0.0 and port 8080
2025-01-29 18:42:58,453 INFO c.h.h.t.HelmChartContainer - [test-hivemq-platform] [hivemq] [2be3dfab] INFO  - Mounting HiveMQ Control Center V2 Preview
2025-01-29 18:42:59,244 INFO c.h.h.t.HelmChartContainer - [test-hivemq-platform] [hivemq] [2be3dfab] INFO  - Started HiveMQ Control Center in 792ms
2025-01-29 18:42:59,831 INFO c.h.h.t.HelmChartContainer - [test-hivemq-platform] [hivemq] [2be3dfab] INFO  - Enabled protocols for TCP Listener with TLS at address 0.0.0.0 and port 1883: [TLSv1.3, TLSv1.2]
2025-01-29 18:42:59,831 INFO c.h.h.t.HelmChartContainer - [test-hivemq-platform] [hivemq] [2be3dfab] INFO  - Enabled cipher suites for TCP Listener with TLS at address 0.0.0.0 and port 1883: [TLS_ECDHE_ECDSA_WITH_AES_256_GCM_SHA384, TLS_ECDHE_ECDSA_WITH_AES_128_GCM_SHA256, TLS_ECDHE_RSA_WITH_AES_128_GCM_SHA256, TLS_ECDHE_RSA_WITH_AES_256_GCM_SHA384, TLS_ECDHE_RSA_WITH_AES_128_CBC_SHA, TLS_ECDHE_RSA_WITH_AES_256_CBC_SHA, TLS_RSA_WITH_AES_128_GCM_SHA256, TLS_RSA_WITH_AES_128_CBC_SHA, TLS_RSA_WITH_AES_256_CBC_SHA, TLS_AES_128_GCM_SHA256, TLS_AES_256_GCM_SHA384]
2025-01-29 18:42:59,832 INFO c.h.h.t.HelmChartContainer - [test-hivemq-platform] [hivemq] [2be3dfab] INFO  - Starting TLS TCP listener on address 0.0.0.0 and port 1883
2025-01-29 18:42:59,925 INFO c.h.h.t.HelmChartContainer - [test-hivemq-platform] [hivemq] [2be3dfab] INFO  - Enabled protocols for TCP Listener with TLS at address 0.0.0.0 and port 1884: [TLSv1.3, TLSv1.2]
2025-01-29 18:42:59,925 INFO c.h.h.t.HelmChartContainer - [test-hivemq-platform] [hivemq] [2be3dfab] INFO  - Enabled cipher suites for TCP Listener with TLS at address 0.0.0.0 and port 1884: [TLS_ECDHE_ECDSA_WITH_AES_256_GCM_SHA384, TLS_ECDHE_ECDSA_WITH_AES_128_GCM_SHA256, TLS_ECDHE_RSA_WITH_AES_128_GCM_SHA256, TLS_ECDHE_RSA_WITH_AES_256_GCM_SHA384, TLS_ECDHE_RSA_WITH_AES_128_CBC_SHA, TLS_ECDHE_RSA_WITH_AES_256_CBC_SHA, TLS_RSA_WITH_AES_128_GCM_SHA256, TLS_RSA_WITH_AES_128_CBC_SHA, TLS_RSA_WITH_AES_256_CBC_SHA, TLS_AES_128_GCM_SHA256, TLS_AES_256_GCM_SHA384]
2025-01-29 18:42:59,926 INFO c.h.h.t.HelmChartContainer - [test-hivemq-platform] [hivemq] [2be3dfab] INFO  - Starting TLS TCP listener on address 0.0.0.0 and port 1884
2025-01-29 18:42:59,927 INFO c.h.h.t.HelmChartContainer - [test-hivemq-platform] [hivemq] [2be3dfab] INFO  - Started TCP Listener with TLS on address 0.0.0.0 and on port 1883.
2025-01-29 18:42:59,929 INFO c.h.h.t.HelmChartContainer - [test-hivemq-platform] [hivemq] [2be3dfab] INFO  - Started TCP Listener with TLS on address 0.0.0.0 and on port 1884.
2025-01-29 18:42:59,929 INFO c.h.h.t.HelmChartContainer - [test-hivemq-platform] [hivemq] [2be3dfab] INFO  - Started HiveMQ in 33267ms
2025-01-29 18:43:00,020 INFO c.h.h.t.HelmChartContainer - [test-hivemq-platform] [hivemq] [2be3dfab] INFO  - [HiveMQ Platform Operator Init App 1.7.0-SNAPSHOT] Returning Health API response 200 for readiness
2025-01-29 18:43:00,032 INFO c.h.h.t.HelmChartContainer - [POD] test-hivemq-platform-0 [2be3dfab-7088-4f53-8406-9135eda366b7] in helmplatformtlsit was MODIFIED
2025-01-29 18:43:00,048 INFO c.h.h.t.HelmChartContainer - [hivemq-test-hivemq-platform] [hivemq-platform-operator] [c53911e1] 18:43:00.041 [pool-6-thread-46] DEBUG c.h.p.o.d.PlatformServiceResource - [helmplat] Desired Platform services (4 services)
2025-01-29 18:43:00,055 INFO c.h.h.t.HelmChartContainer - [hivemq-test-hivemq-platform] [hivemq-platform-operator] [c53911e1] 18:43:00.045 [pool-6-thread-44] DEBUG c.h.p.o.d.PodServiceAccountResource - [helmplat] Desired PodServiceAccountResource (serviceAccountName: hivemq-platform-pod-test-hivemq-platform)
2025-01-29 18:43:00,056 INFO c.h.h.t.HelmChartContainer - [hivemq-test-hivemq-platform] [hivemq-platform-operator] [c53911e1] 18:43:00.044 [pool-6-thread-42] DEBUG c.h.p.o.dependants.PodInfoConfigMap - [helmplat] Desired PodInfo ConfigMap (1 extensions) (1 enabled)
2025-01-29 18:43:00,056 INFO c.h.h.t.HelmChartContainer - [hivemq-test-hivemq-platform] [hivemq-platform-operator] [c53911e1] 18:43:00.055 [pool-6-thread-42] DEBUG c.h.p.o.dependants.PodInfoConfigMap - [helmplat] Desired PodInfo ConfigMap (metrics port: 9399) (metrics path: /)
2025-01-29 18:43:00,058 INFO c.h.h.t.HelmChartContainer - [hivemq-test-hivemq-platform] [hivemq-platform-operator] [c53911e1] 18:43:00.057 [pool-6-thread-42] DEBUG c.h.p.o.dependants.PodInfoConfigMap - [helmplat] Desired PodInfo ConfigMap (extension state hash: -1817474005)
2025-01-29 18:43:00,070 INFO c.h.h.t.HelmChartContainer - [hivemq-test-hivemq-platform] [hivemq-platform-operator] [c53911e1] 18:43:00.070 [pool-6-thread-42] DEBUG c.h.p.o.d.StatefulSetResource - [helmplat] Desired StatefulSet (1 replicas) for status STARTING (READY)
2025-01-29 18:43:00,135 INFO c.h.h.t.HelmChartContainer - [hivemq-test-hivemq-platform] [hivemq-platform-operator] [c53911e1] 18:43:00.134 [ReconcilerExecutor-hivemq-controller-112] INFO  c.h.p.o.HiveMQPlatformReconciler - [helmplat] Reconciling HiveMQ Platform 'test-hivemq-platform' in namespace 'helmplatformtlsit'
2025-01-29 18:43:00,135 INFO c.h.h.t.HelmChartContainer - [hivemq-test-hivemq-platform] [hivemq-platform-operator] [c53911e1] 18:43:00.134 [ReconcilerExecutor-hivemq-controller-112] DEBUG c.h.p.o.HiveMQPlatformReconciler - [helmplat] Custom Resource Status STARTING - HiveMQ Platform is starting (READY)
2025-01-29 18:43:00,135 INFO c.h.h.t.HelmChartContainer - [hivemq-test-hivemq-platform] [hivemq-platform-operator] [c53911e1] 18:43:00.134 [ReconcilerExecutor-hivemq-controller-112] DEBUG c.h.p.o.HiveMQPlatformReconciler - [helmplat] Custom Resource Spec (replicas: 1) (extensions: 1)
2025-01-29 18:43:00,141 INFO c.h.h.t.HelmChartContainer - [hivemq-test-hivemq-platform] [hivemq-platform-operator] [c53911e1] 18:43:00.138 [ReconcilerExecutor-hivemq-controller-112] DEBUG c.h.p.o.HiveMQPlatformReconciler - [helmplat] StatefulSet Status (revision: test-hivemq-platform-cdd795574, replicas: 1, available: 1, ready: 1, current: 1, updated: 1)
2025-01-29 18:43:00,141 INFO c.h.h.t.HelmChartContainer - [hivemq-test-hivemq-platform] [hivemq-platform-operator] [c53911e1] 18:43:00.138 [ReconcilerExecutor-hivemq-controller-112] DEBUG c.h.p.o.HiveMQPlatformReconciler - [helmplat] StatefulSet Spec (replicas: 1, init containers: 1, containers: 1, volumes: 5)
2025-01-29 18:43:00,141 INFO c.h.h.t.HelmChartContainer - [hivemq-test-hivemq-platform] [hivemq-platform-operator] [c53911e1] 18:43:00.139 [ReconcilerExecutor-hivemq-controller-112] DEBUG c.h.p.o.h.HiveMQPlatformReconcilerErrorHandler - [helmplat] Pod 'test-hivemq-platform-0' phase Running
2025-01-29 18:43:00,142 INFO c.h.h.t.HelmChartContainer - [hivemq-test-hivemq-platform] [hivemq-platform-operator] [c53911e1] 18:43:00.141 [ReconcilerExecutor-hivemq-controller-112] INFO  c.h.p.o.h.HiveMQPlatformReconcilerBaseHandler - [helmplat] HiveMQ Platform started successfully
2025-01-29 18:43:00,245 INFO c.h.h.t.HelmChartContainer - [hivemq-test-hivemq-platform] [hivemq-platform-operator] [c53911e1] 18:43:00.242 [ReconcilerExecutor-hivemq-controller-112] DEBUG c.h.p.operator.event.EventSender - [helmplat] Creating K8s event hivemq-platform-ready: [Ready] HiveMQ Platform is ready
2025-01-29 18:43:00,248 INFO c.h.h.t.HelmChartContainer - [EVENT] Normal [Ready] HiveMQ Platform is ready [helmplatformtlsit:test-hivemq-platform]
2025-01-29 18:43:00,250 INFO c.h.h.t.HelmChartContainer - [hivemq-test-hivemq-platform] [hivemq-platform-operator] [c53911e1] 18:43:00.249 [ReconcilerExecutor-hivemq-controller-112] INFO  c.h.p.o.h.AbstractHiveMQReconcilerStateHandler - [helmplat] Update HiveMQ Platform Status (STARTING [READY] -> RUNNING [READY]): HiveMQ Platform is ready
2025-01-29 18:43:00,258 DEBUG com.hivemq.helmcharts.util.K8sUtil - Comparing actual state 'RUNNING' and waiting for 'RUNNING'
2025-01-29 18:43:00,337 INFO c.h.h.t.HelmChartContainer - [hivemq-test-hivemq-platform] [hivemq-platform-operator] [c53911e1] 18:43:00.334 [pool-6-thread-4] DEBUG c.h.p.o.d.PlatformServiceResource - [helmplat] Desired Platform services (4 services)
2025-01-29 18:43:00,337 INFO c.h.h.t.HelmChartContainer - [hivemq-test-hivemq-platform] [hivemq-platform-operator] [c53911e1] 18:43:00.335 [pool-6-thread-10] DEBUG c.h.p.o.dependants.PodInfoConfigMap - [helmplat] Desired PodInfo ConfigMap (1 extensions) (1 enabled)
2025-01-29 18:43:00,337 INFO c.h.h.t.HelmChartContainer - [hivemq-test-hivemq-platform] [hivemq-platform-operator] [c53911e1] 18:43:00.335 [pool-6-thread-10] DEBUG c.h.p.o.dependants.PodInfoConfigMap - [helmplat] Desired PodInfo ConfigMap (metrics port: 9399) (metrics path: /)
2025-01-29 18:43:00,337 INFO c.h.h.t.HelmChartContainer - [hivemq-test-hivemq-platform] [hivemq-platform-operator] [c53911e1] 18:43:00.335 [pool-6-thread-10] DEBUG c.h.p.o.dependants.PodInfoConfigMap - [helmplat] Desired PodInfo ConfigMap (extension state hash: -1817474005)
2025-01-29 18:43:00,343 INFO c.h.h.t.HelmChartContainer - [hivemq-test-hivemq-platform] [hivemq-platform-operator] [c53911e1] 18:43:00.339 [pool-6-thread-10] DEBUG c.h.p.o.dependants.PodInfoConfigMap - [helmplat] Update PodInfo ConfigMap
2025-01-29 18:43:00,344 INFO c.h.h.t.HelmChartContainer - [hivemq-test-hivemq-platform] [hivemq-platform-operator] [c53911e1] 18:43:00.339 [pool-6-thread-7] DEBUG c.h.p.o.d.PodServiceAccountResource - [helmplat] Desired PodServiceAccountResource (serviceAccountName: hivemq-platform-pod-test-hivemq-platform)
2025-01-29 18:43:00,356 INFO c.h.h.t.HelmChartContainer - [hivemq-test-hivemq-platform] [hivemq-platform-operator] [c53911e1] 18:43:00.354 [pool-6-thread-10] DEBUG c.h.p.o.d.StatefulSetResource - [helmplat] Desired StatefulSet (1 replicas) for status RUNNING (READY)
2025-01-29 18:43:00,436 INFO c.h.h.t.HelmChartContainer - [hivemq-test-hivemq-platform] [hivemq-platform-operator] [c53911e1] 18:43:00.433 [ReconcilerExecutor-hivemq-controller-113] INFO  c.h.p.o.HiveMQPlatformReconciler - [helmplat] Reconciling HiveMQ Platform 'test-hivemq-platform' in namespace 'helmplatformtlsit'
2025-01-29 18:43:00,436 INFO c.h.h.t.HelmChartContainer - [hivemq-test-hivemq-platform] [hivemq-platform-operator] [c53911e1] 18:43:00.433 [ReconcilerExecutor-hivemq-controller-113] DEBUG c.h.p.o.HiveMQPlatformReconciler - [helmplat] Custom Resource Status RUNNING - HiveMQ Platform is ready (READY)
2025-01-29 18:43:00,436 INFO c.h.h.t.HelmChartContainer - [hivemq-test-hivemq-platform] [hivemq-platform-operator] [c53911e1] 18:43:00.433 [ReconcilerExecutor-hivemq-controller-113] DEBUG c.h.p.o.HiveMQPlatformReconciler - [helmplat] Custom Resource Spec (replicas: 1) (extensions: 1)
2025-01-29 18:43:00,440 INFO c.h.h.t.HelmChartContainer - [hivemq-test-hivemq-platform] [hivemq-platform-operator] [c53911e1] 18:43:00.438 [ReconcilerExecutor-hivemq-controller-113] DEBUG c.h.p.o.HiveMQPlatformReconciler - [helmplat] StatefulSet Status (revision: test-hivemq-platform-cdd795574, replicas: 1, available: 1, ready: 1, current: 1, updated: 1)
2025-01-29 18:43:00,440 INFO c.h.h.t.HelmChartContainer - [hivemq-test-hivemq-platform] [hivemq-platform-operator] [c53911e1] 18:43:00.438 [ReconcilerExecutor-hivemq-controller-113] DEBUG c.h.p.o.HiveMQPlatformReconciler - [helmplat] StatefulSet Spec (replicas: 1, init containers: 1, containers: 1, volumes: 5)
2025-01-29 18:43:00,443 INFO c.h.h.t.HelmChartContainer - [hivemq-test-hivemq-platform] [hivemq-platform-operator] [c53911e1] 18:43:00.441 [ReconcilerExecutor-hivemq-controller-113] DEBUG c.h.p.o.h.HiveMQPlatformReconcilerErrorHandler - [helmplat] Pod 'test-hivemq-platform-0' phase Running
2025-01-29 18:43:06,795 INFO c.h.h.util.ControlCenterUtil - Log into CC on hivemq-test-hivemq-platform-cc-8080:8080 (username: admin) (password: hivemq) (TLS: true)
2025-01-29 18:43:10,448 INFO c.h.h.t.HelmChartContainer - [hivemq-test-hivemq-platform] [hivemq-platform-operator] [c53911e1] 18:43:10.446 [pool-6-thread-17] DEBUG c.h.p.o.d.PlatformServiceResource - [helmplat] Desired Platform services (4 services)
2025-01-29 18:43:10,451 INFO c.h.h.t.HelmChartContainer - [hivemq-test-hivemq-platform] [hivemq-platform-operator] [c53911e1] 18:43:10.448 [pool-6-thread-19] DEBUG c.h.p.o.d.PodServiceAccountResource - [helmplat] Desired PodServiceAccountResource (serviceAccountName: hivemq-platform-pod-test-hivemq-platform)
2025-01-29 18:43:10,451 INFO c.h.h.t.HelmChartContainer - [hivemq-test-hivemq-platform] [hivemq-platform-operator] [c53911e1] 18:43:10.450 [pool-6-thread-16] DEBUG c.h.p.o.dependants.PodInfoConfigMap - [helmplat] Desired PodInfo ConfigMap (1 extensions) (1 enabled)
2025-01-29 18:43:10,451 INFO c.h.h.t.HelmChartContainer - [hivemq-test-hivemq-platform] [hivemq-platform-operator] [c53911e1] 18:43:10.450 [pool-6-thread-16] DEBUG c.h.p.o.dependants.PodInfoConfigMap - [helmplat] Desired PodInfo ConfigMap (metrics port: 9399) (metrics path: /)
2025-01-29 18:43:10,451 INFO c.h.h.t.HelmChartContainer - [hivemq-test-hivemq-platform] [hivemq-platform-operator] [c53911e1] 18:43:10.450 [pool-6-thread-16] DEBUG c.h.p.o.dependants.PodInfoConfigMap - [helmplat] Desired PodInfo ConfigMap (extension state hash: -1817474005)
2025-01-29 18:43:10,457 INFO c.h.h.t.HelmChartContainer - [hivemq-test-hivemq-platform] [hivemq-platform-operator] [c53911e1] 18:43:10.454 [pool-6-thread-12] DEBUG c.h.p.o.d.StatefulSetResource - [helmplat] Desired StatefulSet (1 replicas) for status RUNNING (READY)
2025-01-29 18:43:10,461 INFO c.h.h.t.HelmChartContainer - [hivemq-test-hivemq-platform] [hivemq-platform-operator] [c53911e1] 18:43:10.459 [ReconcilerExecutor-hivemq-controller-114] INFO  c.h.p.o.HiveMQPlatformReconciler - [helmplat] Reconciling HiveMQ Platform 'test-hivemq-platform' in namespace 'helmplatformtlsit'
2025-01-29 18:43:10,461 INFO c.h.h.t.HelmChartContainer - [hivemq-test-hivemq-platform] [hivemq-platform-operator] [c53911e1] 18:43:10.460 [ReconcilerExecutor-hivemq-controller-114] DEBUG c.h.p.o.HiveMQPlatformReconciler - [helmplat] Custom Resource Status RUNNING - HiveMQ Platform is ready (READY)
2025-01-29 18:43:10,461 INFO c.h.h.t.HelmChartContainer - [hivemq-test-hivemq-platform] [hivemq-platform-operator] [c53911e1] 18:43:10.460 [ReconcilerExecutor-hivemq-controller-114] DEBUG c.h.p.o.HiveMQPlatformReconciler - [helmplat] Custom Resource Spec (replicas: 1) (extensions: 1)
2025-01-29 18:43:10,464 INFO c.h.h.t.HelmChartContainer - [hivemq-test-hivemq-platform] [hivemq-platform-operator] [c53911e1] 18:43:10.463 [ReconcilerExecutor-hivemq-controller-114] DEBUG c.h.p.o.HiveMQPlatformReconciler - [helmplat] StatefulSet Status (revision: test-hivemq-platform-cdd795574, replicas: 1, available: 1, ready: 1, current: 1, updated: 1)
2025-01-29 18:43:10,467 INFO c.h.h.t.HelmChartContainer - [hivemq-test-hivemq-platform] [hivemq-platform-operator] [c53911e1] 18:43:10.463 [ReconcilerExecutor-hivemq-controller-114] DEBUG c.h.p.o.HiveMQPlatformReconciler - [helmplat] StatefulSet Spec (replicas: 1, init containers: 1, containers: 1, volumes: 5)
2025-01-29 18:43:10,469 INFO c.h.h.t.HelmChartContainer - [hivemq-test-hivemq-platform] [hivemq-platform-operator] [c53911e1] 18:43:10.468 [ReconcilerExecutor-hivemq-controller-114] DEBUG c.h.p.o.h.HiveMQPlatformReconcilerErrorHandler - [helmplat] Pod 'test-hivemq-platform-0' phase Running
2025-01-29 18:43:10,581 INFO c.h.h.util.ControlCenterUtil - Login attempt 1 was successful
2025-01-29 18:43:10,581 INFO c.h.h.t.HelmChartContainer - Uninstalling release 'test-hivemq-platform' in namespace 'helmplatformtlsit'...
2025-01-29 18:43:10,581 DEBUG c.h.h.t.HelmChartContainer - Executing helm command: /bin/helm --kubeconfig /etc/rancher/k3s/k3s.yaml uninstall test-hivemq-platform  --wait --timeout 5m0s --cascade foreground --namespace helmplatformtlsit
2025-01-29 18:43:10,821 INFO c.h.h.t.HelmChartContainer - [hivemq-test-hivemq-platform] [hivemq-platform-operator] [c53911e1] 18:43:10.807 [pool-6-thread-29] DEBUG c.h.p.o.d.PlatformServiceResource - [helmplat] Desired Platform services (4 services)
2025-01-29 18:43:10,832 INFO c.h.h.t.HelmChartContainer - [hivemq-test-hivemq-platform] [hivemq-platform-operator] [c53911e1] 18:43:10.808 [pool-6-thread-28] DEBUG c.h.p.o.d.PodServiceAccountResource - [helmplat] Desired PodServiceAccountResource (serviceAccountName: hivemq-platform-pod-test-hivemq-platform)
2025-01-29 18:43:10,832 INFO c.h.h.t.HelmChartContainer - [hivemq-test-hivemq-platform] [hivemq-platform-operator] [c53911e1] 18:43:10.809 [pool-6-thread-21] DEBUG c.h.p.o.dependants.PodInfoConfigMap - [helmplat] Desired PodInfo ConfigMap (1 extensions) (1 enabled)
2025-01-29 18:43:10,832 INFO c.h.h.t.HelmChartContainer - [hivemq-test-hivemq-platform] [hivemq-platform-operator] [c53911e1] 18:43:10.813 [pool-6-thread-21] DEBUG c.h.p.o.dependants.PodInfoConfigMap - [helmplat] Desired PodInfo ConfigMap (metrics port: 9399) (metrics path: /)
2025-01-29 18:43:10,832 INFO c.h.h.t.HelmChartContainer - [hivemq-test-hivemq-platform] [hivemq-platform-operator] [c53911e1] 18:43:10.813 [pool-6-thread-21] DEBUG c.h.p.o.dependants.PodInfoConfigMap - [helmplat] Desired PodInfo ConfigMap (extension state hash: -1817474005)
2025-01-29 18:43:10,866 INFO c.h.h.t.HelmChartContainer - [hivemq-test-hivemq-platform] [hivemq-platform-operator] [c53911e1] 18:43:10.865 [pool-6-thread-29] DEBUG c.h.p.o.d.StatefulSetResource - [helmplat] Desired StatefulSet (1 replicas) for status RUNNING (READY)
2025-01-29 18:43:10,871 INFO c.h.h.t.HelmChartContainer - [hivemq-test-hivemq-platform] [hivemq-platform-operator] [c53911e1] 18:43:10.870 [ReconcilerExecutor-hivemq-controller-115] INFO  c.h.p.o.HiveMQPlatformReconciler - [helmplat] Reconciling HiveMQ Platform 'test-hivemq-platform' in namespace 'helmplatformtlsit'
2025-01-29 18:43:10,871 INFO c.h.h.t.HelmChartContainer - [hivemq-test-hivemq-platform] [hivemq-platform-operator] [c53911e1] 18:43:10.870 [ReconcilerExecutor-hivemq-controller-115] DEBUG c.h.p.o.HiveMQPlatformReconciler - [helmplat] Custom Resource Status RUNNING - HiveMQ Platform is ready (READY)
2025-01-29 18:43:10,871 INFO c.h.h.t.HelmChartContainer - [hivemq-test-hivemq-platform] [hivemq-platform-operator] [c53911e1] 18:43:10.870 [ReconcilerExecutor-hivemq-controller-115] DEBUG c.h.p.o.HiveMQPlatformReconciler - [helmplat] Custom Resource Spec (replicas: 1) (extensions: 1)
2025-01-29 18:43:10,874 INFO c.h.h.t.HelmChartContainer - [hivemq-test-hivemq-platform] [hivemq-platform-operator] [c53911e1] 18:43:10.872 [ReconcilerExecutor-hivemq-controller-115] WARN  c.h.p.o.h.HiveMQPlatformReconcilerErrorHandler - [helmplat] Could not find ConfigMap 'hivemq-configuration-test-hivemq-platform' for HiveMQ Platform configuration
2025-01-29 18:43:11,067 INFO c.h.h.t.HelmChartContainer - [hivemq-test-hivemq-platform] [hivemq-platform-operator] [c53911e1] 18:43:11.065 [ReconcilerExecutor-hivemq-controller-115] DEBUG c.h.p.operator.event.EventSender - [helmplat] Creating K8s event hivemq-platform-invalid-configuration: [Start] Could not find ConfigMap 'hivemq-configuration-test-hivemq-platform' for HiveMQ Platform configuration
2025-01-29 18:43:11,071 INFO c.h.h.t.HelmChartContainer - [EVENT] Warning [Start] Could not find ConfigMap 'hivemq-configuration-test-hivemq-platform' for HiveMQ Platform configuration [helmplatformtlsit:test-hivemq-platform]
2025-01-29 18:43:11,074 INFO c.h.h.t.HelmChartContainer - [hivemq-test-hivemq-platform] [hivemq-platform-operator] [c53911e1] 18:43:11.071 [ReconcilerExecutor-hivemq-controller-115] INFO  c.h.p.o.h.AbstractHiveMQReconcilerStateHandler - [helmplat] Update HiveMQ Platform Status (RUNNING [READY] -> ERROR [INVALID_CONFIG_MAP]): Could not find ConfigMap 'hivemq-configuration-test-hivemq-platform' for HiveMQ Platform configuration
2025-01-29 18:43:11,084 INFO c.h.h.t.HelmChartContainer - [hivemq-test-hivemq-platform] [hivemq-platform-operator] [c53911e1] 18:43:11.080 [ReconcilerExecutor-hivemq-controller-115] ERROR i.j.o.p.event.EventProcessor - Error during event processing ExecutionScope{ resource id: ResourceID{name='test-hivemq-platform', namespace='helmplatformtlsit'}, version: 1300}
2025-01-29 18:43:11,084 INFO c.h.h.t.HelmChartContainer - [hivemq-test-hivemq-platform] [hivemq-platform-operator] [c53911e1] io.fabric8.kubernetes.client.KubernetesClientException: Failure executing: PUT at: https://10.43.0.1:443/apis/hivemq.com/v1/namespaces/helmplatformtlsit/hivemq-platforms/test-hivemq-platform/status. Message: Operation cannot be fulfilled on hivemq-platforms.hivemq.com "test-hivemq-platform": the object has been modified; please apply your changes to the latest version and try again. Received status: Status(apiVersion=v1, code=409, details=StatusDetails(causes=[], group=hivemq.com, kind=hivemq-platforms, name=test-hivemq-platform, retryAfterSeconds=null, uid=null, additionalProperties={}), kind=Status, message=Operation cannot be fulfilled on hivemq-platforms.hivemq.com "test-hivemq-platform": the object has been modified; please apply your changes to the latest version and try again, metadata=ListMeta(_continue=null, remainingItemCount=null, resourceVersion=null, selfLink=null, additionalProperties={}), reason=Conflict, status=Failure, additionalProperties={}).
2025-01-29 18:43:11,085 INFO c.h.h.t.HelmChartContainer - [hivemq-test-hivemq-platform] [hivemq-platform-operator] [c53911e1] 	at io.fabric8.kubernetes.client.KubernetesClientException.copyAsCause(KubernetesClientException.java:238)
2025-01-29 18:43:11,086 INFO c.h.h.t.HelmChartContainer - [hivemq-test-hivemq-platform] [hivemq-platform-operator] [c53911e1] 	at io.fabric8.kubernetes.client.dsl.internal.OperationSupport.waitForResult(OperationSupport.java:507)
2025-01-29 18:43:11,086 INFO c.h.h.t.HelmChartContainer - [hivemq-test-hivemq-platform] [hivemq-platform-operator] [c53911e1] 	at io.fabric8.kubernetes.client.dsl.internal.OperationSupport.handleResponse(OperationSupport.java:524)
2025-01-29 18:43:11,087 INFO c.h.h.t.HelmChartContainer - [hivemq-test-hivemq-platform] [hivemq-platform-operator] [c53911e1] 	at io.fabric8.kubernetes.client.dsl.internal.OperationSupport.handleUpdate(OperationSupport.java:358)
2025-01-29 18:43:11,087 INFO c.h.h.t.HelmChartContainer - [hivemq-test-hivemq-platform] [hivemq-platform-operator] [c53911e1] 	at io.fabric8.kubernetes.client.dsl.internal.BaseOperation.handleUpdate(BaseOperation.java:759)
2025-01-29 18:43:11,087 INFO c.h.h.t.HelmChartContainer - [hivemq-test-hivemq-platform] [hivemq-platform-operator] [c53911e1] 	at io.fabric8.kubernetes.client.dsl.internal.HasMetadataOperation.update(HasMetadataOperation.java:138)
2025-01-29 18:43:11,087 INFO c.h.h.t.HelmChartContainer - [hivemq-test-hivemq-platform] [hivemq-platform-operator] [c53911e1] 	at io.fabric8.kubernetes.client.dsl.internal.HasMetadataOperation.update(HasMetadataOperation.java:121)
2025-01-29 18:43:11,087 INFO c.h.h.t.HelmChartContainer - [hivemq-test-hivemq-platform] [hivemq-platform-operator] [c53911e1] 	at io.fabric8.kubernetes.client.dsl.internal.HasMetadataOperation.updateStatus(HasMetadataOperation.java:126)
2025-01-29 18:43:11,087 INFO c.h.h.t.HelmChartContainer - [hivemq-test-hivemq-platform] [hivemq-platform-operator] [c53911e1] 	at io.fabric8.kubernetes.client.dsl.internal.HasMetadataOperation.updateStatus(HasMetadataOperation.java:44)
2025-01-29 18:43:11,087 INFO c.h.h.t.HelmChartContainer - [hivemq-test-hivemq-platform] [hivemq-platform-operator] [c53911e1] 	at io.javaoperatorsdk.operator.processing.event.ReconciliationDispatcher$CustomResourceFacade.updateStatus(ReconciliationDispatcher.java:408)
2025-01-29 18:43:11,087 INFO c.h.h.t.HelmChartContainer - [hivemq-test-hivemq-platform] [hivemq-platform-operator] [c53911e1] 	at io.javaoperatorsdk.operator.processing.event.ReconciliationDispatcher.updateStatusGenerationAware(ReconciliationDispatcher.java:228)
2025-01-29 18:43:11,087 INFO c.h.h.t.HelmChartContainer - [hivemq-test-hivemq-platform] [hivemq-platform-operator] [c53911e1] 	at io.javaoperatorsdk.operator.processing.event.ReconciliationDispatcher.reconcileExecution(ReconciliationDispatcher.java:150)
2025-01-29 18:43:11,087 INFO c.h.h.t.HelmChartContainer - [hivemq-test-hivemq-platform] [hivemq-platform-operator] [c53911e1] 	at io.javaoperatorsdk.operator.processing.event.ReconciliationDispatcher.handleReconcile(ReconciliationDispatcher.java:117)
2025-01-29 18:43:11,087 INFO c.h.h.t.HelmChartContainer - [hivemq-test-hivemq-platform] [hivemq-platform-operator] [c53911e1] 	at io.javaoperatorsdk.operator.processing.event.ReconciliationDispatcher.handleDispatch(ReconciliationDispatcher.java:91)
2025-01-29 18:43:11,087 INFO c.h.h.t.HelmChartContainer - [hivemq-test-hivemq-platform] [hivemq-platform-operator] [c53911e1] 	at io.javaoperatorsdk.operator.processing.event.ReconciliationDispatcher.handleExecution(ReconciliationDispatcher.java:64)
2025-01-29 18:43:11,087 INFO c.h.h.t.HelmChartContainer - [hivemq-test-hivemq-platform] [hivemq-platform-operator] [c53911e1] 	at io.javaoperatorsdk.operator.processing.event.EventProcessor$ReconcilerExecutor.run(EventProcessor.java:452)
2025-01-29 18:43:11,087 INFO c.h.h.t.HelmChartContainer - [hivemq-test-hivemq-platform] [hivemq-platform-operator] [c53911e1] 	at java.base/java.util.concurrent.ThreadPoolExecutor.runWorker(Unknown Source)
2025-01-29 18:43:11,087 INFO c.h.h.t.HelmChartContainer - [hivemq-test-hivemq-platform] [hivemq-platform-operator] [c53911e1] 	at java.base/java.util.concurrent.ThreadPoolExecutor$Worker.run(Unknown Source)
2025-01-29 18:43:11,087 INFO c.h.h.t.HelmChartContainer - [hivemq-test-hivemq-platform] [hivemq-platform-operator] [c53911e1] 	at java.base/java.lang.Thread.run(Unknown Source)
2025-01-29 18:43:11,087 INFO c.h.h.t.HelmChartContainer - [hivemq-test-hivemq-platform] [hivemq-platform-operator] [c53911e1] Caused by: io.fabric8.kubernetes.client.KubernetesClientException: Failure executing: PUT at: https://10.43.0.1:443/apis/hivemq.com/v1/namespaces/helmplatformtlsit/hivemq-platforms/test-hivemq-platform/status. Message: Operation cannot be fulfilled on hivemq-platforms.hivemq.com "test-hivemq-platform": the object has been modified; please apply your changes to the latest version and try again. Received status: Status(apiVersion=v1, code=409, details=StatusDetails(causes=[], group=hivemq.com, kind=hivemq-platforms, name=test-hivemq-platform, retryAfterSeconds=null, uid=null, additionalProperties={}), kind=Status, message=Operation cannot be fulfilled on hivemq-platforms.hivemq.com "test-hivemq-platform": the object has been modified; please apply your changes to the latest version and try again, metadata=ListMeta(_continue=null, remainingItemCount=null, resourceVersion=null, selfLink=null, additionalProperties={}), reason=Conflict, status=Failure, additionalProperties={}).
2025-01-29 18:43:11,087 INFO c.h.h.t.HelmChartContainer - [hivemq-test-hivemq-platform] [hivemq-platform-operator] [c53911e1] 	at io.fabric8.kubernetes.client.dsl.internal.OperationSupport.requestFailure(OperationSupport.java:660)
2025-01-29 18:43:11,087 INFO c.h.h.t.HelmChartContainer - [hivemq-test-hivemq-platform] [hivemq-platform-operator] [c53911e1] 	at io.fabric8.kubernetes.client.dsl.internal.OperationSupport.requestFailure(OperationSupport.java:640)
2025-01-29 18:43:11,087 INFO c.h.h.t.HelmChartContainer - [hivemq-test-hivemq-platform] [hivemq-platform-operator] [c53911e1] 	at io.fabric8.kubernetes.client.dsl.internal.OperationSupport.assertResponseCode(OperationSupport.java:589)
2025-01-29 18:43:11,087 INFO c.h.h.t.HelmChartContainer - [hivemq-test-hivemq-platform] [hivemq-platform-operator] [c53911e1] 	at io.fabric8.kubernetes.client.dsl.internal.OperationSupport.lambda$handleResponse$0(OperationSupport.java:549)
2025-01-29 18:43:11,087 INFO c.h.h.t.HelmChartContainer - [hivemq-test-hivemq-platform] [hivemq-platform-operator] [c53911e1] 	at java.base/java.util.concurrent.CompletableFuture$UniApply.tryFire(Unknown Source)
2025-01-29 18:43:11,087 INFO c.h.h.t.HelmChartContainer - [hivemq-test-hivemq-platform] [hivemq-platform-operator] [c53911e1] 	at java.base/java.util.concurrent.CompletableFuture.postComplete(Unknown Source)
2025-01-29 18:43:11,087 INFO c.h.h.t.HelmChartContainer - [hivemq-test-hivemq-platform] [hivemq-platform-operator] [c53911e1] 	at java.base/java.util.concurrent.CompletableFuture.complete(Unknown Source)
2025-01-29 18:43:11,087 INFO c.h.h.t.HelmChartContainer - [hivemq-test-hivemq-platform] [hivemq-platform-operator] [c53911e1] 	at io.fabric8.kubernetes.client.http.StandardHttpClient.lambda$completeOrCancel$10(StandardHttpClient.java:141)
2025-01-29 18:43:11,087 INFO c.h.h.t.HelmChartContainer - [hivemq-test-hivemq-platform] [hivemq-platform-operator] [c53911e1] 	at java.base/java.util.concurrent.CompletableFuture.uniWhenComplete(Unknown Source)
2025-01-29 18:43:11,087 INFO c.h.h.t.HelmChartContainer - [hivemq-test-hivemq-platform] [hivemq-platform-operator] [c53911e1] 	at java.base/java.util.concurrent.CompletableFuture$UniWhenComplete.tryFire(Unknown Source)
2025-01-29 18:43:11,087 INFO c.h.h.t.HelmChartContainer - [hivemq-test-hivemq-platform] [hivemq-platform-operator] [c53911e1] 	at java.base/java.util.concurrent.CompletableFuture.postComplete(Unknown Source)
2025-01-29 18:43:11,087 INFO c.h.h.t.HelmChartContainer - [hivemq-test-hivemq-platform] [hivemq-platform-operator] [c53911e1] 	at java.base/java.util.concurrent.CompletableFuture.complete(Unknown Source)
2025-01-29 18:43:11,087 INFO c.h.h.t.HelmChartContainer - [hivemq-test-hivemq-platform] [hivemq-platform-operator] [c53911e1] 	at io.fabric8.kubernetes.client.http.ByteArrayBodyHandler.onBodyDone(ByteArrayBodyHandler.java:51)
2025-01-29 18:43:11,087 INFO c.h.h.t.HelmChartContainer - [hivemq-test-hivemq-platform] [hivemq-platform-operator] [c53911e1] 	at java.base/java.util.concurrent.CompletableFuture.uniWhenComplete(Unknown Source)
2025-01-29 18:43:11,087 INFO c.h.h.t.HelmChartContainer - [hivemq-test-hivemq-platform] [hivemq-platform-operator] [c53911e1] 	at java.base/java.util.concurrent.CompletableFuture$UniWhenComplete.tryFire(Unknown Source)
2025-01-29 18:43:11,087 INFO c.h.h.t.HelmChartContainer - [hivemq-test-hivemq-platform] [hivemq-platform-operator] [c53911e1] 	at java.base/java.util.concurrent.CompletableFuture.postComplete(Unknown Source)
2025-01-29 18:43:11,087 INFO c.h.h.t.HelmChartContainer - [hivemq-test-hivemq-platform] [hivemq-platform-operator] [c53911e1] 	at java.base/java.util.concurrent.CompletableFuture.complete(Unknown Source)
2025-01-29 18:43:11,087 INFO c.h.h.t.HelmChartContainer - [hivemq-test-hivemq-platform] [hivemq-platform-operator] [c53911e1] 	at io.fabric8.kubernetes.client.vertx.VertxHttpRequest.lambda$null$1(VertxHttpRequest.java:121)
2025-01-29 18:43:11,087 INFO c.h.h.t.HelmChartContainer - [hivemq-test-hivemq-platform] [hivemq-platform-operator] [c53911e1] 	at io.vertx.core.impl.ContextInternal.dispatch(ContextInternal.java:279)
2025-01-29 18:43:11,087 INFO c.h.h.t.HelmChartContainer - [hivemq-test-hivemq-platform] [hivemq-platform-operator] [c53911e1] 	at io.vertx.core.impl.ContextInternal.dispatch(ContextInternal.java:261)
2025-01-29 18:43:11,087 INFO c.h.h.t.HelmChartContainer - [hivemq-test-hivemq-platform] [hivemq-platform-operator] [c53911e1] 	at io.vertx.core.http.impl.HttpEventHandler.handleEnd(HttpEventHandler.java:76)
2025-01-29 18:43:11,087 INFO c.h.h.t.HelmChartContainer - [hivemq-test-hivemq-platform] [hivemq-platform-operator] [c53911e1] 	at io.vertx.core.http.impl.HttpClientResponseImpl.handleEnd(HttpClientResponseImpl.java:250)
2025-01-29 18:43:11,087 INFO c.h.h.t.HelmChartContainer - [hivemq-test-hivemq-platform] [hivemq-platform-operator] [c53911e1] 	at io.vertx.core.http.impl.Http1xClientConnection$StreamImpl.lambda$new$0(Http1xClientConnection.java:421)
2025-01-29 18:43:11,087 INFO c.h.h.t.HelmChartContainer - [hivemq-test-hivemq-platform] [hivemq-platform-operator] [c53911e1] 	at io.vertx.core.streams.impl.InboundBuffer.handleEvent(InboundBuffer.java:279)
2025-01-29 18:43:11,087 INFO c.h.h.t.HelmChartContainer - [hivemq-test-hivemq-platform] [hivemq-platform-operator] [c53911e1] 	at io.vertx.core.streams.impl.InboundBuffer.write(InboundBuffer.java:157)
2025-01-29 18:43:11,087 INFO c.h.h.t.HelmChartContainer - [hivemq-test-hivemq-platform] [hivemq-platform-operator] [c53911e1] 	at io.vertx.core.http.impl.Http1xClientConnection$StreamImpl.handleEnd(Http1xClientConnection.java:709)
2025-01-29 18:43:11,087 INFO c.h.h.t.HelmChartContainer - [hivemq-test-hivemq-platform] [hivemq-platform-operator] [c53911e1] 	at io.vertx.core.impl.ContextImpl.lambda$execute$4(ContextImpl.java:315)
2025-01-29 18:43:11,087 INFO c.h.h.t.HelmChartContainer - [hivemq-test-hivemq-platform] [hivemq-platform-operator] [c53911e1] 	at io.netty.util.concurrent.AbstractEventExecutor.runTask(AbstractEventExecutor.java:173)
2025-01-29 18:43:11,087 INFO c.h.h.t.HelmChartContainer - [hivemq-test-hivemq-platform] [hivemq-platform-operator] [c53911e1] 	at io.netty.util.concurrent.AbstractEventExecutor.safeExecute(AbstractEventExecutor.java:166)
2025-01-29 18:43:11,087 INFO c.h.h.t.HelmChartContainer - [hivemq-test-hivemq-platform] [hivemq-platform-operator] [c53911e1] 	at io.netty.util.concurrent.SingleThreadEventExecutor.runAllTasks(SingleThreadEventExecutor.java:472)
2025-01-29 18:43:11,087 INFO c.h.h.t.HelmChartContainer - [hivemq-test-hivemq-platform] [hivemq-platform-operator] [c53911e1] 	at io.netty.channel.nio.NioEventLoop.run(NioEventLoop.java:569)
2025-01-29 18:43:11,087 INFO c.h.h.t.HelmChartContainer - [hivemq-test-hivemq-platform] [hivemq-platform-operator] [c53911e1] 	at io.netty.util.concurrent.SingleThreadEventExecutor$4.run(SingleThreadEventExecutor.java:997)
2025-01-29 18:43:11,087 INFO c.h.h.t.HelmChartContainer - [hivemq-test-hivemq-platform] [hivemq-platform-operator] [c53911e1] 	at io.netty.util.internal.ThreadExecutorMap$2.run(ThreadExecutorMap.java:74)
2025-01-29 18:43:11,087 INFO c.h.h.t.HelmChartContainer - [hivemq-test-hivemq-platform] [hivemq-platform-operator] [c53911e1] 	at io.netty.util.concurrent.FastThreadLocalRunnable.run(FastThreadLocalRunnable.java:30)
2025-01-29 18:43:11,087 INFO c.h.h.t.HelmChartContainer - [hivemq-test-hivemq-platform] [hivemq-platform-operator] [c53911e1] 	... 1 common frames omitted
2025-01-29 18:43:11,089 INFO c.h.h.t.HelmChartContainer - [hivemq-test-hivemq-platform] [hivemq-platform-operator] [c53911e1] 18:43:11.087 [ReconcilerExecutor-hivemq-controller-118] INFO  c.h.p.o.HiveMQPlatformReconciler - [helmplat] Cleanup test-hivemq-platform - helmplatformtlsit HiveMQ Platform is shut down
2025-01-29 18:43:11,839 INFO c.h.h.t.HelmChartContainer - [POD] test-hivemq-platform-0 [2be3dfab-7088-4f53-8406-9135eda366b7] in helmplatformtlsit was MODIFIED
2025-01-29 18:43:11,839 INFO c.h.h.t.HelmChartContainer - [EVENT] Normal [Killing] Stopping container hivemq [helmplatformtlsit:test-hivemq-platform-0]
2025-01-29 18:43:11,839 INFO c.h.h.t.HelmChartContainer - Received Killing event for container hivemq in pod test-hivemq-platform-0 [2be3dfab-7088-4f53-8406-9135eda366b7]
2025-01-29 18:43:11,839 INFO c.h.h.t.HelmChartContainer - Container [test-hivemq-platform-0] [hivemq] [2be3dfab-7088-4f53-8406-9135eda366b7] was terminated
2025-01-29 18:43:11,839 INFO c.h.h.t.HelmChartContainer - Stopped log watcher for hivemq in pod test-hivemq-platform-0 [2be3dfab-7088-4f53-8406-9135eda366b7]
2025-01-29 18:43:11,847 INFO c.h.h.t.HelmChartContainer - [test-hivemq-platform] [hivemq] [2be3dfab] INFO  - [HiveMQ Platform Operator Init App 1.7.0-SNAPSHOT] Shutting down
2025-01-29 18:43:11,847 INFO c.h.h.t.HelmChartContainer - [test-hivemq-platform] [hivemq] [2be3dfab] INFO  - [HiveMQ Platform Operator Init App 1.7.0-SNAPSHOT] Stopping the HiveMQ Platform
2025-01-29 18:43:11,933 INFO c.h.h.t.HelmChartContainer - [test-hivemq-platform] [hivemq] [2be3dfab] INFO  - Shutting down HiveMQ. Please wait, this could take a while...
2025-01-29 18:43:12,021 INFO c.h.h.t.HelmChartContainer - [test-hivemq-platform] [hivemq] [2be3dfab] INFO  - Shutting down listeners and clients
2025-01-29 18:43:12,021 INFO c.h.h.t.HelmChartContainer - [test-hivemq-platform] [hivemq] [2be3dfab] INFO  - Shutdown of listeners is done
2025-01-29 18:43:12,022 INFO c.h.h.t.HelmChartContainer - [test-hivemq-platform] [hivemq] [2be3dfab] INFO  - No clients are connected, proceeding with shutdown
2025-01-29 18:43:12,855 INFO c.h.h.t.HelmChartContainer - Deleting namespace 'helmplatformtlsit'...
2025-01-29 18:43:14,940 INFO c.h.h.t.HelmChartContainer - [test-hivemq-platform] [hivemq] [2be3dfab] INFO  - [HiveMQ Platform Operator Init App 1.7.0-SNAPSHOT] Returning shutdown Health API response 503 for readiness
2025-01-29 18:43:14,944 INFO c.h.h.t.HelmChartContainer - [EVENT] Warning [Unhealthy] Readiness probe failed: HTTP probe failed with statuscode: 503 [helmplatformtlsit:test-hivemq-platform-0]
2025-01-29 18:43:14,944 INFO c.h.h.t.HelmChartContainer - Received Unhealthy event for container hivemq in pod test-hivemq-platform-0 [2be3dfab-7088-4f53-8406-9135eda366b7]
2025-01-29 18:43:15,128 INFO c.h.h.t.HelmChartContainer - [test-hivemq-platform] [hivemq] [2be3dfab] INFO  - Shutting down extension system
2025-01-29 18:43:15,130 INFO c.h.h.t.HelmChartContainer - [test-hivemq-platform] [hivemq] [2be3dfab] INFO  - Stopping extension with id hivemq-dns-cluster-discovery
2025-01-29 18:43:15,131 INFO c.h.h.t.HelmChartContainer - [test-hivemq-platform] [hivemq] [2be3dfab] INFO  - Extension "DNS Cluster Discovery Extension" version 4.3.2 stopped successfully.
2025-01-29 18:43:15,132 INFO c.h.h.t.HelmChartContainer - [test-hivemq-platform] [hivemq] [2be3dfab] INFO  - Stopping extension with id hivemq-prometheus-extension
2025-01-29 18:43:15,136 INFO c.h.h.t.HelmChartContainer - [test-hivemq-platform] [hivemq] [2be3dfab] INFO  - Extension "Prometheus Monitoring Extension" version 4.0.12 stopped successfully.
2025-01-29 18:43:15,137 INFO c.h.h.t.HelmChartContainer - [test-hivemq-platform] [hivemq] [2be3dfab] INFO  - Stopping extension with id hivemq-allow-all-extension
2025-01-29 18:43:15,137 INFO c.h.h.t.HelmChartContainer - [test-hivemq-platform] [hivemq] [2be3dfab] INFO  - Extension "Allow All Extension" version 1.1.1 stopped successfully.
2025-01-29 18:43:15,533 INFO c.h.h.t.HelmChartContainer - [K3S] [authentication.go:74] "Unable to authenticate the request" err="[invalid bearer token, serviceaccounts \"hivemq-platform-pod-test-hivemq-platform\" not found]"
2025-01-29 18:43:15,630 INFO c.h.h.t.HelmChartContainer - [K3S] [authentication.go:74] "Unable to authenticate the request" err="[invalid bearer token, serviceaccounts \"hivemq-platform-pod-test-hivemq-platform\" not found]"
2025-01-29 18:43:15,726 INFO c.h.h.t.HelmChartContainer - [test-hivemq-platform] [hivemq] [2be3dfab] WARN  - [HiveMQ Platform Operator Init App 1.7.0-SNAPSHOT] Could not update Pod annotations: Failure executing: GET at: https://10.43.0.1:443/api/v1/namespaces/helmplatformtlsit/pods/test-hivemq-platform-0. Message: Unauthorized. Received status: Status(apiVersion=v1, code=401, details=null, kind=Status, message=Unauthorized, metadata=ListMeta(_continue=null, remainingItemCount=null, resourceVersion=null, selfLink=null, additionalProperties={}), reason=Unauthorized, status=Failure, additionalProperties={}).
2025-01-29 18:43:17,427 INFO c.h.h.t.HelmChartContainer - [test-hivemq-platform] [hivemq] [2be3dfab] INFO  - Shutdown completed.
2025-01-29 18:43:17,782 INFO c.h.h.t.HelmChartContainer - [test-hivemq-platform] [hivemq] [2be3dfab] INFO  - [HiveMQ Platform Operator Init App 1.7.0-SNAPSHOT] The HiveMQ Platform exited with code 143
2025-01-29 18:43:17,783 INFO c.h.h.t.HelmChartContainer - [test-hivemq-platform] [hivemq] [2be3dfab] INFO  - [HiveMQ Platform Operator Init App 1.7.0-SNAPSHOT] Stopping the REST API
2025-01-29 18:43:17,828 INFO c.h.h.t.HelmChartContainer - [test-hivemq-platform] [hivemq] [2be3dfab] INFO  - [HiveMQ Platform Operator Init App 1.7.0-SNAPSHOT] Shutdown complete
2025-01-29 18:43:17,898 INFO c.h.h.t.HelmChartContainer - [K3S] [stateful_set.go:466] "StatefulSet has been deleted" key="helmplatformtlsit/test-hivemq-platform"
2025-01-29 18:43:18,288 INFO c.h.h.t.HelmChartContainer - [POD] test-hivemq-platform-0 [2be3dfab-7088-4f53-8406-9135eda366b7] in helmplatformtlsit was MODIFIED
2025-01-29 18:43:18,340 INFO c.h.h.t.HelmChartContainer - [K3S] [reconciler_common.go:162] "operationExecutor.UnmountVolume started for volume \"https-keystore\" (UniqueName: \"kubernetes.io/secret/2be3dfab-7088-4f53-8406-9135eda366b7-https-keystore\") pod \"2be3dfab-7088-4f53-8406-9135eda366b7\" (UID: \"2be3dfab-7088-4f53-8406-9135eda366b7\") "
2025-01-29 18:43:18,340 INFO c.h.h.t.HelmChartContainer - [K3S] [reconciler_common.go:162] "operationExecutor.UnmountVolume started for volume \"operator-init\" (UniqueName: \"kubernetes.io/empty-dir/2be3dfab-7088-4f53-8406-9135eda366b7-operator-init\") pod \"2be3dfab-7088-4f53-8406-9135eda366b7\" (UID: \"2be3dfab-7088-4f53-8406-9135eda366b7\") "
2025-01-29 18:43:18,340 INFO c.h.h.t.HelmChartContainer - [K3S] [reconciler_common.go:162] "operationExecutor.UnmountVolume started for volume \"kube-api-access-6ft7s\" (UniqueName: \"kubernetes.io/projected/2be3dfab-7088-4f53-8406-9135eda366b7-kube-api-access-6ft7s\") pod \"2be3dfab-7088-4f53-8406-9135eda366b7\" (UID: \"2be3dfab-7088-4f53-8406-9135eda366b7\") "
2025-01-29 18:43:18,340 INFO c.h.h.t.HelmChartContainer - [K3S] [reconciler_common.go:162] "operationExecutor.UnmountVolume started for volume \"mqtts-keystore\" (UniqueName: \"kubernetes.io/secret/2be3dfab-7088-4f53-8406-9135eda366b7-mqtts-keystore\") pod \"2be3dfab-7088-4f53-8406-9135eda366b7\" (UID: \"2be3dfab-7088-4f53-8406-9135eda366b7\") "
2025-01-29 18:43:18,340 INFO c.h.h.t.HelmChartContainer - [K3S] [reconciler_common.go:162] "operationExecutor.UnmountVolume started for volume \"broker-configuration\" (UniqueName: \"kubernetes.io/configmap/2be3dfab-7088-4f53-8406-9135eda366b7-broker-configuration\") pod \"2be3dfab-7088-4f53-8406-9135eda366b7\" (UID: \"2be3dfab-7088-4f53-8406-9135eda366b7\") "
2025-01-29 18:43:18,340 INFO c.h.h.t.HelmChartContainer - [K3S] [reconciler_common.go:162] "operationExecutor.UnmountVolume started for volume \"pod-info\" (UniqueName: \"kubernetes.io/configmap/2be3dfab-7088-4f53-8406-9135eda366b7-pod-info\") pod \"2be3dfab-7088-4f53-8406-9135eda366b7\" (UID: \"2be3dfab-7088-4f53-8406-9135eda366b7\") "
2025-01-29 18:43:18,441 INFO c.h.h.t.HelmChartContainer - [K3S] [reconciler_common.go:299] "Volume detached for volume \"broker-configuration\" (UniqueName: \"kubernetes.io/configmap/2be3dfab-7088-4f53-8406-9135eda366b7-broker-configuration\") on node \"cf4e895ac1a5\" DevicePath \"\""
2025-01-29 18:43:18,441 INFO c.h.h.t.HelmChartContainer - [K3S] [reconciler_common.go:299] "Volume detached for volume \"mqtts-keystore\" (UniqueName: \"kubernetes.io/secret/2be3dfab-7088-4f53-8406-9135eda366b7-mqtts-keystore\") on node \"cf4e895ac1a5\" DevicePath \"\""
2025-01-29 18:43:18,441 INFO c.h.h.t.HelmChartContainer - [K3S] [reconciler_common.go:299] "Volume detached for volume \"pod-info\" (UniqueName: \"kubernetes.io/configmap/2be3dfab-7088-4f53-8406-9135eda366b7-pod-info\") on node \"cf4e895ac1a5\" DevicePath \"\""
2025-01-29 18:43:18,441 INFO c.h.h.t.HelmChartContainer - [K3S] [reconciler_common.go:299] "Volume detached for volume \"https-keystore\" (UniqueName: \"kubernetes.io/secret/2be3dfab-7088-4f53-8406-9135eda366b7-https-keystore\") on node \"cf4e895ac1a5\" DevicePath \"\""
2025-01-29 18:43:18,441 INFO c.h.h.t.HelmChartContainer - [K3S] [reconciler_common.go:299] "Volume detached for volume \"operator-init\" (UniqueName: \"kubernetes.io/empty-dir/2be3dfab-7088-4f53-8406-9135eda366b7-operator-init\") on node \"cf4e895ac1a5\" DevicePath \"\""
2025-01-29 18:43:18,441 INFO c.h.h.t.HelmChartContainer - [K3S] [reconciler_common.go:299] "Volume detached for volume \"kube-api-access-6ft7s\" (UniqueName: \"kubernetes.io/projected/2be3dfab-7088-4f53-8406-9135eda366b7-kube-api-access-6ft7s\") on node \"cf4e895ac1a5\" DevicePath \"\""
2025-01-29 18:43:18,820 INFO c.h.h.t.HelmChartContainer - [K3S] [scope.go:117] "RemoveContainer" containerID="21b7a865a284cca371932dd7a87dd54416ec6be0fcc8a7aa309177c44a4d8e04"
2025-01-29 18:43:18,836 INFO c.h.h.t.HelmChartContainer - [POD] test-hivemq-platform-0 [2be3dfab-7088-4f53-8406-9135eda366b7] in helmplatformtlsit was MODIFIED
2025-01-29 18:43:18,838 INFO c.h.h.t.HelmChartContainer - [POD] test-hivemq-platform-0 [2be3dfab-7088-4f53-8406-9135eda366b7] in helmplatformtlsit was DELETED
2025-01-29 18:43:18,923 INFO c.h.h.t.HelmChartContainer - [K3S] [scope.go:117] "RemoveContainer" containerID="7b249650ca4d8f1e605c5ebc4b831babbe48edf2481bc2fbfb24bcf5fcf6ec09"
2025-01-29 18:43:18,926 INFO c.h.h.t.HelmChartContainer - [K3S] [scope.go:117] "RemoveContainer" containerID="21b7a865a284cca371932dd7a87dd54416ec6be0fcc8a7aa309177c44a4d8e04"
2025-01-29 18:43:18,927 INFO c.h.h.t.HelmChartContainer - [K3S] [scope.go:117] "RemoveContainer" containerID="7b249650ca4d8f1e605c5ebc4b831babbe48edf2481bc2fbfb24bcf5fcf6ec09"
2025-01-29 18:43:19,223 INFO c.h.h.t.HelmChartContainer - [K3S] [kubelet_volumes.go:163] "Cleaned up orphaned pod volumes dir" podUID="2be3dfab-7088-4f53-8406-9135eda366b7" path="/var/lib/kubelet/pods/2be3dfab-7088-4f53-8406-9135eda366b7/volumes"
2025-01-29 18:43:23,277 INFO c.h.h.t.HelmChartContainer - Namespace 'helmplatformtlsit' deleted
2025-01-29 18:43:23,277 INFO c.h.h.t.HelmChartContainer - Release 'test-hivemq-platform' in namespace 'helmplatformtlsit' is uninstalled
2025-01-29 18:43:23,277 INFO c.h.h.t.HelmChartContainer - Uninstalling release 'test-hivemq-platform-operator' in namespace 'helmplatformtlsit-operator'...
2025-01-29 18:43:23,277 DEBUG c.h.h.t.HelmChartContainer - Executing helm command: /bin/helm --kubeconfig /etc/rancher/k3s/k3s.yaml uninstall test-hivemq-platform-operator  --wait --timeout 5m0s --cascade foreground --namespace helmplatformtlsit-operator
2025-01-29 18:43:23,450 INFO c.h.h.t.HelmChartContainer - [K3S] [replica_set.go:679] "Finished syncing" kind="ReplicaSet" key="helmplatformtlsit-operator/hivemq-test-hivemq-platform-operator-6966f96d65" duration="27.618348ms"
2025-01-29 18:43:23,451 INFO c.h.h.t.HelmChartContainer - [K3S] [replica_set.go:679] "Finished syncing" kind="ReplicaSet" key="helmplatformtlsit-operator/hivemq-test-hivemq-platform-operator-6966f96d65" duration="152.543µs"
2025-01-29 18:43:23,472 INFO c.h.h.t.HelmChartContainer - [POD] hivemq-test-hivemq-platform-operator-6966f96d65-bhk4j [c53911e1-2c87-464d-9c64-04051ac371b9] in helmplatformtlsit-operator was MODIFIED
2025-01-29 18:43:23,504 INFO c.h.h.t.HelmChartContainer - [EVENT] Normal [Killing] Stopping container hivemq-platform-operator [helmplatformtlsit-operator:hivemq-test-hivemq-platform-operator-6966f96d65-bhk4j]
2025-01-29 18:43:23,504 INFO c.h.h.t.HelmChartContainer - Received Killing event for container hivemq-platform-operator in pod hivemq-test-hivemq-platform-operator-6966f96d65-bhk4j [c53911e1-2c87-464d-9c64-04051ac371b9]
2025-01-29 18:43:23,504 INFO c.h.h.t.HelmChartContainer - Container [hivemq-test-hivemq-platform-operator-6966f96d65-bhk4j] [hivemq-platform-operator] [c53911e1-2c87-464d-9c64-04051ac371b9] was terminated
2025-01-29 18:43:23,504 INFO c.h.h.t.HelmChartContainer - Stopped log watcher for hivemq-platform-operator in pod hivemq-test-hivemq-platform-operator-6966f96d65-bhk4j [c53911e1-2c87-464d-9c64-04051ac371b9]
2025-01-29 18:43:23,515 INFO c.h.h.t.HelmChartContainer - [K3S] [replica_set.go:679] "Finished syncing" kind="ReplicaSet" key="helmplatformtlsit-operator/hivemq-test-hivemq-platform-operator-6966f96d65" duration="34.978936ms"
2025-01-29 18:43:23,515 INFO c.h.h.t.HelmChartContainer - [K3S] [replica_set.go:679] "Finished syncing" kind="ReplicaSet" key="helmplatformtlsit-operator/hivemq-test-hivemq-platform-operator-6966f96d65" duration="59.761µs"
2025-01-29 18:43:23,573 INFO c.h.h.t.HelmChartContainer - [hivemq-test-hivemq-platform] [hivemq-platform-operator] [c53911e1] 18:43:23.572 [application-shutdown-thread] INFO  c.h.p.o.HiveMQPlatformOperatorApplication - HiveMQ Platform Operator is stopping...
2025-01-29 18:43:23,573 INFO c.h.h.t.HelmChartContainer - [hivemq-test-hivemq-platform] [hivemq-platform-operator] [c53911e1] 18:43:23.572 [application-shutdown-thread] INFO  i.javaoperatorsdk.operator.Operator - Operator SDK 4.9.7 is shutting down...
2025-01-29 18:43:23,896 INFO c.h.h.t.HelmChartContainer - [K3S] [replica_set.go:679] "Finished syncing" kind="ReplicaSet" key="helmplatformtlsit-operator/hivemq-test-hivemq-platform-operator-6966f96d65" duration="41.477µs"
2025-01-29 18:43:23,897 INFO c.h.h.t.HelmChartContainer - [POD] hivemq-test-hivemq-platform-operator-6966f96d65-bhk4j [c53911e1-2c87-464d-9c64-04051ac371b9] in helmplatformtlsit-operator was MODIFIED
2025-01-29 18:43:23,974 INFO c.h.h.t.HelmChartContainer - [K3S] [reconciler_common.go:162] "operationExecutor.UnmountVolume started for volume \"kube-api-access-7fdcp\" (UniqueName: \"kubernetes.io/projected/c53911e1-2c87-464d-9c64-04051ac371b9-kube-api-access-7fdcp\") pod \"c53911e1-2c87-464d-9c64-04051ac371b9\" (UID: \"c53911e1-2c87-464d-9c64-04051ac371b9\") "
2025-01-29 18:43:24,075 INFO c.h.h.t.HelmChartContainer - [K3S] [reconciler_common.go:299] "Volume detached for volume \"kube-api-access-7fdcp\" (UniqueName: \"kubernetes.io/projected/c53911e1-2c87-464d-9c64-04051ac371b9-kube-api-access-7fdcp\") on node \"cf4e895ac1a5\" DevicePath \"\""
2025-01-29 18:43:24,831 INFO c.h.h.t.HelmChartContainer - [K3S] [scope.go:117] "RemoveContainer" containerID="7dffcddfe6157d4b4da108a2147d1f8b7b0c063e59e47225a9b6df66252e9e36"
2025-01-29 18:43:24,842 INFO c.h.h.t.HelmChartContainer - [K3S] [replica_set.go:679] "Finished syncing" kind="ReplicaSet" key="helmplatformtlsit-operator/hivemq-test-hivemq-platform-operator-6966f96d65" duration="44.062µs"
2025-01-29 18:43:24,843 INFO c.h.h.t.HelmChartContainer - [POD] hivemq-test-hivemq-platform-operator-6966f96d65-bhk4j [c53911e1-2c87-464d-9c64-04051ac371b9] in helmplatformtlsit-operator was MODIFIED
2025-01-29 18:43:24,846 INFO c.h.h.t.HelmChartContainer - [POD] hivemq-test-hivemq-platform-operator-6966f96d65-bhk4j [c53911e1-2c87-464d-9c64-04051ac371b9] in helmplatformtlsit-operator was DELETED
2025-01-29 18:43:24,846 INFO c.h.h.t.HelmChartContainer - [K3S] [replica_set.go:679] "Finished syncing" kind="ReplicaSet" key="helmplatformtlsit-operator/hivemq-test-hivemq-platform-operator-6966f96d65" duration="31.719µs"
2025-01-29 18:43:24,857 INFO c.h.h.t.HelmChartContainer - [K3S] [replica_set.go:679] "Finished syncing" kind="ReplicaSet" key="helmplatformtlsit-operator/hivemq-test-hivemq-platform-operator-6966f96d65" duration="5.84µs"
2025-01-29 18:43:25,223 INFO c.h.h.t.HelmChartContainer - [K3S] [kubelet_volumes.go:163] "Cleaned up orphaned pod volumes dir" podUID="c53911e1-2c87-464d-9c64-04051ac371b9" path="/var/lib/kubelet/pods/c53911e1-2c87-464d-9c64-04051ac371b9/volumes"
2025-01-29 18:43:25,492 INFO c.h.h.t.HelmChartContainer - Deleting namespace 'helmplatformtlsit-operator'...
2025-01-29 18:43:28,218 INFO c.h.h.t.HelmChartContainer - [K3S] [namespace_controller.go:187] "Namespace has been deleted" namespace="helmplatformtlsit"
2025-01-29 18:43:30,706 INFO c.h.h.t.HelmChartContainer - Namespace 'helmplatformtlsit-operator' deleted
2025-01-29 18:43:30,706 INFO c.h.h.t.HelmChartContainer - Release 'test-hivemq-platform-operator' in namespace 'helmplatformtlsit-operator' is uninstalled
2025-01-29 18:43:31,418 INFO c.h.helmcharts.AbstractHelmChartIT - Removed unused containers:

2025-01-29 18:43:31,728 INFO c.h.h.t.HelmChartContainer - [K3S] [range_allocator.go:247] "Successfully synced" key="cf4e895ac1a5"
2025-01-29 18:43:35,625 INFO c.h.h.t.HelmChartContainer - [K3S] [namespace_controller.go:187] "Namespace has been deleted" namespace="helmplatformtlsit-operator"
2025-01-29 18:43:38,948 INFO c.h.helmcharts.AbstractHelmChartIT - Removed unused snapshots:
Removing snapshot sha256:03af251906410714c5aef9fa705b63f6bbc39c4a5e787de7361eeb18886c2ed2
Removing snapshot sha256:0c46b3b43cce082ce5ec34ffc6c294e0417d17b9d1e6f366d114b6aadc4f96dc
Removing snapshot sha256:0ce761beee59082d6ed5bcebd3a805b8ddd9b3426b617e4809e7fb7c6587ffec
Removing snapshot sha256:0df91287303208332c8ff6ba40ae4710105201739addbfbddfb955f1ad593664
Removing snapshot sha256:1021ef88c7974bfff89c5a0ec4fd3160daac6c48a075f74cff721f85dd104e68
Removing snapshot sha256:10aba4953ddc18145dd38e3704709bc464aa20af60b56fe52caaff4b68411e62
Removing snapshot sha256:2573e0d8158209ed54ab25c87bcdcb00bd3d2539246960a3d592a1c599d70465
Removing snapshot sha256:362a8a37f8bbc31925a8146adcf7cf51f9882f5c1dcbef67c5baa03a297543c0
Removing snapshot sha256:3fa4ad33f0ddc8fd45b39b6b4640f82a3a83619606cd975bfe89d8710ad2d4cd
Removing snapshot sha256:43a7c979bbaba6838bc3102d6b10a1459f3ab050b87ccdfef84ef90cf43d3058
Removing snapshot sha256:4ab04491cdf0d3267f08206fe30bd48f49f94b9cab2f016d6739220f722a64af
Removing snapshot sha256:4b6068250e89c96f263060261819c7d912855bfbd64b3eb4c4a8483299b8c295
Removing snapshot sha256:580e69a0a8034ede1921139bbd2bfb72a69ebf276d008281896c32dd8bf74775
Removing snapshot sha256:5d30ba46b27fe37484567ccc5242cadc78217b8da605f3f195ef25cbf7487904
Removing snapshot sha256:63ca1fbb43ae5034640e5e6cb3e083e05c290072c5366fcaa9d62435a4cced85
Removing snapshot sha256:67f702c6baae873bceb19487c8b1f27bd2b86077e4f2f0e480e6d60ab508b8f5
Removing snapshot sha256:6864348dd42806d552efdec384f1274be15e2d0c10ce44c1f04347af004c10a9
Removing snapshot sha256:6c7dee8f2c39b84b7dc2711c01d33de93514d9055499173e9290176fbe484b6c
Removing snapshot sha256:72154db79c84f7a7e490eaff1cd93d4c7ecc2db69550851e211c08378c4803e1
Removing snapshot sha256:8089540941e6949a40a838238abe519efa2811436078793e9d3edb5eca7724b4
Removing snapshot sha256:82753493a6d61ded36556292f02f31841a14c20d2f279f19eaad65afb661d5cd
Removing snapshot sha256:8a10d3db42c505ee0fcfa98417bdd7e39b304f6bcc0a06bb1b220797ff2cc63c
Removing snapshot sha256:a21e5b12dbac529ad45d976eb9ce45c881f3bedcc500fb30aba1e52aa1813418
Removing snapshot sha256:b921e6c28969094157f9b8e7244677780319637afd14450b7cb6b2fdea558a0c
Removing snapshot sha256:bc27ecb5769a00e309cf99ebc763c4a4b958b618d1decc96ffac5bc05f02f5b7
Removing snapshot sha256:be3ccb6627a5332e309d45ef461d09b4879dd870c7394d89323d0ebc6ca6aa8a
Removing snapshot sha256:c261f7cbbc64211ee175ee47273acdb7b1a36a4450b397a064a8f2c026490095
Removing snapshot sha256:c34d9393647eea0c9e3557ab988efaf59f61d10a2a5613b439ef0958cca5ec10
Removing snapshot sha256:ccf3c4a0fa967a41c1c83497a2ce6fa5787965859df0adb32c4ca2cf7490bc2b
Removing snapshot sha256:cf92d33f869417309692088c341cd0f223c178ea78a125f757317b22aa8f90e9
Removing snapshot sha256:d0037344cf2fb078884f1849f6a1f8cf9a33a3b6139b6a85833e5ee528e1f9a8
Removing snapshot sha256:d3b36d5b79273b1e98e7700470eaeff05a882e777124d84cebcc1505b85ecb36
Removing snapshot sha256:d65a44a37914602d12c611e5e22a50f11451d847e63015cc1c2aef92dee777a4
Removing snapshot sha256:e2dc0bae2455930f23ae570e019b7f32edc75c0f2d71cab084db837ff9051796
Removing snapshot sha256:eccbd24a99c60cd9e86ee5305dbfc4a4dc89f5ab4fb1f06c8d64797cecedef34
Removing snapshot sha256:f144bb4c7c7f0d2aa7eeffd36d934ec40db1ee167be727e326aad9fdc616f475

]]></system-out>
  </testcase>
  <testcase name="platformChart_whenTlsEnabledWithDifferentPrivateKey_hivemqRunning(Path)" classname="com.hivemq.helmcharts.platform.HelmPlatformTlsIT" time="110.903">
    <system-out><![CDATA[2025-01-29 18:43:38,954 INFO c.h.h.t.HelmChartContainer - Creating namespace 'helmplatformtlsit-operator'...
2025-01-29 18:43:38,959 INFO c.h.h.t.HelmChartContainer - Namespace 'helmplatformtlsit-operator' created
2025-01-29 18:43:38,959 INFO c.h.h.t.HelmChartContainer - Creating namespace 'helmplatformtlsit'...
2025-01-29 18:43:38,965 INFO c.h.h.t.HelmChartContainer - Namespace 'helmplatformtlsit' created
2025-01-29 18:43:39,031 DEBUG c.h.h.t.HelmChartContainer - Executing helm command: /bin/helm --kubeconfig /etc/rancher/k3s/k3s.yaml install test-hivemq-platform-operator /charts/hivemq-platform-operator --wait --timeout 5m0s --set image.repository=docker.io/hivemq --set image.name=hivemq-platform-operator-test --set image.initImageName=hivemq-platform-operator-init-test --set image.tag=snapshot --set image.pullPolicy=Never --set logLevel=DEBUG --set resources.cpu=512m --namespace helmplatformtlsit-operator
2025-01-29 18:43:39,329 INFO c.h.h.t.HelmChartContainer - [K3S] [alloc.go:330] "allocated clusterIPs" service="helmplatformtlsit-operator/hivemq-platform-operator-test-hivemq-platform-operator" clusterIPs={"IPv4":"10.43.197.171"}
2025-01-29 18:43:39,349 INFO c.h.h.t.HelmChartContainer - [EVENT] Normal [ScalingReplicaSet] Scaled up replica set hivemq-test-hivemq-platform-operator-6966f96d65 from 0 to 1 [helmplatformtlsit-operator:hivemq-test-hivemq-platform-operator]
2025-01-29 18:43:39,353 INFO c.h.h.t.HelmChartContainer - [POD] hivemq-test-hivemq-platform-operator-6966f96d65-5zr9j [3481ac48-e742-4158-8f73-948673123545] in helmplatformtlsit-operator was ADDED
2025-01-29 18:43:39,362 INFO c.h.h.t.HelmChartContainer - [K3S] [replica_set.go:679] "Finished syncing" kind="ReplicaSet" key="helmplatformtlsit-operator/hivemq-test-hivemq-platform-operator-6966f96d65" duration="19.149508ms"
2025-01-29 18:43:39,365 INFO c.h.h.t.HelmChartContainer - [EVENT] Normal [SuccessfulCreate] Created pod: hivemq-test-hivemq-platform-operator-6966f96d65-5zr9j [helmplatformtlsit-operator:hivemq-test-hivemq-platform-operator-6966f96d65]
2025-01-29 18:43:39,366 INFO c.h.h.t.HelmChartContainer - [POD] hivemq-test-hivemq-platform-operator-6966f96d65-5zr9j [3481ac48-e742-4158-8f73-948673123545] in helmplatformtlsit-operator was MODIFIED
2025-01-29 18:43:39,367 INFO c.h.h.t.HelmChartContainer - [K3S] [memory_manager.go:355] "RemoveStaleState removing state" podUID="c53911e1-2c87-464d-9c64-04051ac371b9" containerName="hivemq-platform-operator"
2025-01-29 18:43:39,367 INFO c.h.h.t.HelmChartContainer - [K3S] [memory_manager.go:355] "RemoveStaleState removing state" podUID="2be3dfab-7088-4f53-8406-9135eda366b7" containerName="hivemq"
2025-01-29 18:43:39,377 INFO c.h.h.t.HelmChartContainer - [EVENT] Normal [Scheduled] Successfully assigned helmplatformtlsit-operator/hivemq-test-hivemq-platform-operator-6966f96d65-5zr9j to cf4e895ac1a5 [helmplatformtlsit-operator:hivemq-test-hivemq-platform-operator-6966f96d65-5zr9j]
2025-01-29 18:43:39,387 INFO c.h.h.t.HelmChartContainer - [POD] hivemq-test-hivemq-platform-operator-6966f96d65-5zr9j [3481ac48-e742-4158-8f73-948673123545] in helmplatformtlsit-operator was MODIFIED
2025-01-29 18:43:39,392 INFO c.h.h.t.HelmChartContainer - [K3S] [replica_set.go:679] "Finished syncing" kind="ReplicaSet" key="helmplatformtlsit-operator/hivemq-test-hivemq-platform-operator-6966f96d65" duration="30.8536ms"
2025-01-29 18:43:39,392 INFO c.h.h.t.HelmChartContainer - [K3S] [replica_set.go:679] "Finished syncing" kind="ReplicaSet" key="helmplatformtlsit-operator/hivemq-test-hivemq-platform-operator-6966f96d65" duration="41.968µs"
2025-01-29 18:43:39,460 INFO c.h.h.t.HelmChartContainer - [K3S] [reconciler_common.go:251] "operationExecutor.VerifyControllerAttachedVolume started for volume \"kube-api-access-p4jc8\" (UniqueName: \"kubernetes.io/projected/3481ac48-e742-4158-8f73-948673123545-kube-api-access-p4jc8\") pod \"hivemq-test-hivemq-platform-operator-6966f96d65-5zr9j\" (UID: \"3481ac48-e742-4158-8f73-948673123545\") " pod="helmplatformtlsit-operator/hivemq-test-hivemq-platform-operator-6966f96d65-5zr9j"
2025-01-29 18:43:39,767 INFO c.h.h.t.HelmChartContainer - [EVENT] Normal [Pulled] Container image "docker.io/hivemq/hivemq-platform-operator-test:snapshot" already present on machine [helmplatformtlsit-operator:hivemq-test-hivemq-platform-operator-6966f96d65-5zr9j]
2025-01-29 18:43:39,767 INFO c.h.h.t.HelmChartContainer - Received Pulled event for container hivemq-platform-operator in pod hivemq-test-hivemq-platform-operator-6966f96d65-5zr9j [3481ac48-e742-4158-8f73-948673123545]
2025-01-29 18:43:41,011 INFO c.h.h.t.HelmChartContainer - [EVENT] Normal [Created] Created container: hivemq-platform-operator [helmplatformtlsit-operator:hivemq-test-hivemq-platform-operator-6966f96d65-5zr9j]
2025-01-29 18:43:41,011 INFO c.h.h.t.HelmChartContainer - Received Created event for container hivemq-platform-operator in pod hivemq-test-hivemq-platform-operator-6966f96d65-5zr9j [3481ac48-e742-4158-8f73-948673123545]
2025-01-29 18:43:41,866 INFO c.h.h.t.HelmChartContainer - [K3S] [replica_set.go:679] "Finished syncing" kind="ReplicaSet" key="helmplatformtlsit-operator/hivemq-test-hivemq-platform-operator-6966f96d65" duration="40.666µs"
2025-01-29 18:43:41,867 INFO c.h.h.t.HelmChartContainer - [POD] hivemq-test-hivemq-platform-operator-6966f96d65-5zr9j [3481ac48-e742-4158-8f73-948673123545] in helmplatformtlsit-operator was MODIFIED
2025-01-29 18:43:41,875 INFO c.h.h.t.HelmChartContainer - Started log watcher for hivemq-platform-operator in pod hivemq-test-hivemq-platform-operator-6966f96d65-5zr9j [3481ac48-e742-4158-8f73-948673123545]
2025-01-29 18:43:41,875 INFO c.h.h.t.HelmChartContainer - [hivemq-test-hivemq-platform] [hivemq-platform-operator] [3481ac48] -------------------------------------------------------------------------
2025-01-29 18:43:41,875 INFO c.h.h.t.HelmChartContainer - [hivemq-test-hivemq-platform] [hivemq-platform-operator] [3481ac48] 
2025-01-29 18:43:41,875 INFO c.h.h.t.HelmChartContainer - [hivemq-test-hivemq-platform] [hivemq-platform-operator] [3481ac48]                   _    _  _              __  __   ____
2025-01-29 18:43:41,875 INFO c.h.h.t.HelmChartContainer - [hivemq-test-hivemq-platform] [hivemq-platform-operator] [3481ac48]                  | |  | |(_)            |  \/  | / __ \
2025-01-29 18:43:41,875 INFO c.h.h.t.HelmChartContainer - [hivemq-test-hivemq-platform] [hivemq-platform-operator] [3481ac48]                  | |__| | _ __   __ ___ | \  / || |  | |
2025-01-29 18:43:41,875 INFO c.h.h.t.HelmChartContainer - [EVENT] Normal [Started] Started container hivemq-platform-operator [helmplatformtlsit-operator:hivemq-test-hivemq-platform-operator-6966f96d65-5zr9j]
2025-01-29 18:43:41,875 INFO c.h.h.t.HelmChartContainer - Received Started event for container hivemq-platform-operator in pod hivemq-test-hivemq-platform-operator-6966f96d65-5zr9j [3481ac48-e742-4158-8f73-948673123545]
2025-01-29 18:43:41,876 INFO c.h.h.t.HelmChartContainer - [hivemq-test-hivemq-platform] [hivemq-platform-operator] [3481ac48]                  |  __  || |\ \ / // _ \| |\/| || |  | |
2025-01-29 18:43:41,876 INFO c.h.h.t.HelmChartContainer - [hivemq-test-hivemq-platform] [hivemq-platform-operator] [3481ac48]                  | |  | || | \ V /|  __/| |  | || |__| |
2025-01-29 18:43:41,876 INFO c.h.h.t.HelmChartContainer - [hivemq-test-hivemq-platform] [hivemq-platform-operator] [3481ac48]                  |_|  |_||_|  \_/  \___||_|  |_| \___\_\
2025-01-29 18:43:41,876 INFO c.h.h.t.HelmChartContainer - [hivemq-test-hivemq-platform] [hivemq-platform-operator] [3481ac48] 
2025-01-29 18:43:41,876 INFO c.h.h.t.HelmChartContainer - [hivemq-test-hivemq-platform] [hivemq-platform-operator] [3481ac48] -------------------------------------------------------------------------
2025-01-29 18:43:41,876 INFO c.h.h.t.HelmChartContainer - [hivemq-test-hivemq-platform] [hivemq-platform-operator] [3481ac48] 
2025-01-29 18:43:41,876 INFO c.h.h.t.HelmChartContainer - [hivemq-test-hivemq-platform] [hivemq-platform-operator] [3481ac48]   HiveMQ Platform Operator Start Script v1.0
2025-01-29 18:43:41,876 INFO c.h.h.t.HelmChartContainer - [hivemq-test-hivemq-platform] [hivemq-platform-operator] [3481ac48] 
2025-01-29 18:43:41,876 INFO c.h.h.t.HelmChartContainer - [hivemq-test-hivemq-platform] [hivemq-platform-operator] [3481ac48] -------------------------------------------------------------------------
2025-01-29 18:43:41,876 INFO c.h.h.t.HelmChartContainer - [hivemq-test-hivemq-platform] [hivemq-platform-operator] [3481ac48] 
2025-01-29 18:43:41,877 INFO c.h.h.t.HelmChartContainer - [hivemq-test-hivemq-platform] [hivemq-platform-operator] [3481ac48]   JAVA_OPTS: -XX:+UnlockExperimentalVMOptions -XX:InitialRAMPercentage=75 -XX:MaxRAMPercentage=75 -Duser.language=en -Duser.region=US
2025-01-29 18:43:41,877 INFO c.h.h.t.HelmChartContainer - [hivemq-test-hivemq-platform] [hivemq-platform-operator] [3481ac48] 
2025-01-29 18:43:41,877 INFO c.h.h.t.HelmChartContainer - [hivemq-test-hivemq-platform] [hivemq-platform-operator] [3481ac48]   JAVA_VERSION: 21
2025-01-29 18:43:41,877 INFO c.h.h.t.HelmChartContainer - [hivemq-test-hivemq-platform] [hivemq-platform-operator] [3481ac48] 
2025-01-29 18:43:41,877 INFO c.h.h.t.HelmChartContainer - [hivemq-test-hivemq-platform] [hivemq-platform-operator] [3481ac48] -------------------------------------------------------------------------
2025-01-29 18:43:41,877 INFO c.h.h.t.HelmChartContainer - [hivemq-test-hivemq-platform] [hivemq-platform-operator] [3481ac48] 
2025-01-29 18:43:44,220 INFO c.h.h.t.HelmChartContainer - [hivemq-test-hivemq-platform] [hivemq-platform-operator] [3481ac48] 18:43:44.218 [main] DEBUG org.jboss.logging - Logging Provider: org.jboss.logging.Slf4jLoggerProvider
2025-01-29 18:43:44,325 INFO c.h.h.t.HelmChartContainer - [hivemq-test-hivemq-platform] [hivemq-platform-operator] [3481ac48] 18:43:44.324 [main] DEBUG io.smallrye.config - SRCFG01006: Loaded ConfigSource SysPropConfigSource with ordinal 400
2025-01-29 18:43:44,325 INFO c.h.h.t.HelmChartContainer - [hivemq-test-hivemq-platform] [hivemq-platform-operator] [3481ac48] 18:43:44.324 [main] DEBUG io.smallrye.config - SRCFG01006: Loaded ConfigSource EnvConfigSource with ordinal 300
2025-01-29 18:43:44,325 INFO c.h.h.t.HelmChartContainer - [hivemq-test-hivemq-platform] [hivemq-platform-operator] [3481ac48] 18:43:44.325 [main] DEBUG io.smallrye.config - SRCFG01006: Loaded ConfigSource PropertiesConfigSource[source=jar:file:///opt/hivemq-platform-operator/bin/hivemq-platform-operator.jar!/hivemq-platform-operator.properties] with ordinal 100
2025-01-29 18:43:44,326 INFO c.h.h.t.HelmChartContainer - [hivemq-test-hivemq-platform] [hivemq-platform-operator] [3481ac48] 18:43:44.325 [main] DEBUG io.smallrye.config - SRCFG01006: Loaded ConfigSource DefaultValuesConfigSource with ordinal -2147483648
2025-01-29 18:43:44,431 INFO c.h.h.t.HelmChartContainer - [hivemq-test-hivemq-platform] [hivemq-platform-operator] [3481ac48] 18:43:44.430 [main] DEBUG i.m.c.u.i.l.InternalLoggerFactory - Using SLF4J as the default logging framework
2025-01-29 18:43:44,616 INFO c.h.h.t.HelmChartContainer - [hivemq-test-hivemq-platform] [hivemq-platform-operator] [3481ac48] 18:43:44.532 [main] INFO  c.h.p.o.HiveMQPlatformOperatorApplication - HiveMQ Platform Operator 1.7.0-SNAPSHOT (commit: b1b9591 on branch: HEAD) built on Wed Jan 29 18:32:18 UTC 2025
2025-01-29 18:43:44,617 INFO c.h.h.t.HelmChartContainer - [hivemq-test-hivemq-platform] [hivemq-platform-operator] [3481ac48] 18:43:44.615 [main] INFO  c.h.p.o.HiveMQPlatformOperatorApplication - HiveMQ Platform Operator is running in namespace: helmplatformtlsit-operator
2025-01-29 18:43:44,617 INFO c.h.h.t.HelmChartContainer - [hivemq-test-hivemq-platform] [hivemq-platform-operator] [3481ac48] 18:43:44.616 [main] INFO  c.h.p.o.HiveMQPlatformOperatorApplication - Watching all namespaces
2025-01-29 18:43:44,617 INFO c.h.h.t.HelmChartContainer - [hivemq-test-hivemq-platform] [hivemq-platform-operator] [3481ac48] 18:43:44.616 [main] INFO  c.h.p.o.HiveMQPlatformOperatorApplication - Log level: DEBUG
2025-01-29 18:43:44,617 INFO c.h.h.t.HelmChartContainer - [hivemq-test-hivemq-platform] [hivemq-platform-operator] [3481ac48] 18:43:44.616 [main] INFO  c.h.p.o.HiveMQPlatformOperatorApplication - Release name: test-hivemq-platform-operator
2025-01-29 18:43:44,617 INFO c.h.h.t.HelmChartContainer - [hivemq-test-hivemq-platform] [hivemq-platform-operator] [3481ac48] 18:43:44.616 [main] INFO  c.h.p.o.HiveMQPlatformOperatorApplication - HiveMQ Platform Operator Init image: docker.io/hivemq/hivemq-platform-operator-init-test:snapshot
2025-01-29 18:43:44,617 INFO c.h.h.t.HelmChartContainer - [hivemq-test-hivemq-platform] [hivemq-platform-operator] [3481ac48] 18:43:44.616 [main] INFO  c.h.p.o.HiveMQPlatformOperatorApplication - HiveMQ Platform Operator Init App update URL: http://hivemq-platform-operator-test-hivemq-platform-operator.helmplatformtlsit-operator.svc:8080/initAppUpdate/hivemq-platform-operator-init-app-1.7.0-SNAPSHOT.jar
2025-01-29 18:43:44,617 INFO c.h.h.t.HelmChartContainer - [hivemq-test-hivemq-platform] [hivemq-platform-operator] [3481ac48] 18:43:44.616 [main] INFO  c.h.p.o.HiveMQPlatformOperatorApplication - Additional imagePullSecret for all Platform deployments: none
2025-01-29 18:43:44,617 INFO c.h.h.t.HelmChartContainer - [hivemq-test-hivemq-platform] [hivemq-platform-operator] [3481ac48] 18:43:44.616 [main] INFO  c.h.p.o.HiveMQPlatformOperatorApplication - Apply HiveMQ Platform CRD: true
2025-01-29 18:43:44,617 INFO c.h.h.t.HelmChartContainer - [hivemq-test-hivemq-platform] [hivemq-platform-operator] [3481ac48] 18:43:44.616 [main] INFO  c.h.p.o.HiveMQPlatformOperatorApplication - Create Platform ServiceAccount: true
2025-01-29 18:43:44,617 INFO c.h.h.t.HelmChartContainer - [hivemq-test-hivemq-platform] [hivemq-platform-operator] [3481ac48] 18:43:44.616 [main] INFO  c.h.p.o.HiveMQPlatformOperatorApplication - Create Platform ServiceAccount permissions: true
2025-01-29 18:43:44,617 INFO c.h.h.t.HelmChartContainer - [hivemq-test-hivemq-platform] [hivemq-platform-operator] [3481ac48] 18:43:44.616 [main] INFO  c.h.p.o.HiveMQPlatformOperatorApplication - Validate Platform ServiceAccount: true
2025-01-29 18:43:44,617 INFO c.h.h.t.HelmChartContainer - [hivemq-test-hivemq-platform] [hivemq-platform-operator] [3481ac48] 18:43:44.616 [main] INFO  c.h.p.o.HiveMQPlatformOperatorApplication - Validate Platform ServiceAccount permissions: true
2025-01-29 18:43:44,632 INFO c.h.h.t.HelmChartContainer - [hivemq-test-hivemq-platform] [hivemq-platform-operator] [3481ac48] 18:43:44.631 [main] INFO  c.h.platform.operator.util.CRDUtil - Verifying deployed HiveMQ Platform CRD...
2025-01-29 18:43:47,295 INFO c.h.h.t.HelmChartContainer - [hivemq-test-hivemq-platform] [hivemq-platform-operator] [3481ac48] 18:43:47.294 [main] DEBUG c.h.platform.operator.util.CRDUtil - HiveMQ Platform CRD version v1 is up to date
2025-01-29 18:43:47,296 INFO c.h.h.t.HelmChartContainer - [hivemq-test-hivemq-platform] [hivemq-platform-operator] [3481ac48] 18:43:47.295 [main] INFO  c.h.platform.operator.util.CRDUtil - HiveMQ Platform CRD is up to date (version: V1_6_0)
2025-01-29 18:43:47,296 INFO c.h.h.t.HelmChartContainer - [hivemq-test-hivemq-platform] [hivemq-platform-operator] [3481ac48] 18:43:47.295 [main] INFO  c.h.platform.operator.util.CRDUtil - Waiting 10000 ms for HiveMQ Platform CRD 'hivemq-platforms.hivemq.com' to become ready...
2025-01-29 18:43:47,524 INFO c.h.h.t.HelmChartContainer - [hivemq-test-hivemq-platform] [hivemq-platform-operator] [3481ac48] 18:43:47.522 [vert.x-eventloop-thread-1] DEBUG c.h.platform.operator.util.CRDUtil - Checking CRD condition 'NamesAccepted' (status: 'True')
2025-01-29 18:43:47,525 INFO c.h.h.t.HelmChartContainer - [hivemq-test-hivemq-platform] [hivemq-platform-operator] [3481ac48] 18:43:47.523 [vert.x-eventloop-thread-1] DEBUG c.h.platform.operator.util.CRDUtil - Checking CRD condition 'Established' (status: 'True')
2025-01-29 18:43:47,525 INFO c.h.h.t.HelmChartContainer - [hivemq-test-hivemq-platform] [hivemq-platform-operator] [3481ac48] 18:43:47.523 [main] INFO  c.h.platform.operator.util.CRDUtil - HiveMQ Platform CRD 'hivemq-platforms.hivemq.com' is ready
2025-01-29 18:43:47,722 INFO c.h.h.t.HelmChartContainer - [hivemq-test-hivemq-platform] [hivemq-platform-operator] [3481ac48] 18:43:47.721 [main] INFO  c.h.p.o.HiveMQPlatformReconciler - HiveMQ Platform Operator is starting...
2025-01-29 18:43:47,826 INFO c.h.h.t.HelmChartContainer - [hivemq-test-hivemq-platform] [hivemq-platform-operator] [3481ac48] 18:43:47.825 [main] WARN  Default ConfigurationService implementation - Configuration for reconciler 'hivemq-controller' was not found. Known reconcilers: None.
2025-01-29 18:43:47,894 INFO c.h.h.t.HelmChartContainer - [hivemq-test-hivemq-platform] [hivemq-platform-operator] [3481ac48] 18:43:47.893 [main] INFO  Default ConfigurationService implementation - Created configuration for reconciler com.hivemq.platform.operator.HiveMQPlatformReconciler with name hivemq-controller
2025-01-29 18:43:47,993 INFO c.h.h.t.HelmChartContainer - [hivemq-test-hivemq-platform] [hivemq-platform-operator] [3481ac48] 18:43:47.991 [main] DEBUG c.h.p.o.HiveMQPlatformReconciler - HiveMQ Platform Operator is preparing EventSources
2025-01-29 18:43:48,025 INFO c.h.h.t.HelmChartContainer - [hivemq-test-hivemq-platform] [hivemq-platform-operator] [3481ac48] 18:43:48.024 [main] INFO  i.javaoperatorsdk.operator.Operator - Registered reconciler: 'hivemq-controller' for resource: 'class com.hivemq.platform.operator.v1.HiveMQPlatform' for namespace(s): [all namespaces]
2025-01-29 18:43:48,692 INFO c.h.h.t.HelmChartContainer - [hivemq-test-hivemq-platform] [hivemq-platform-operator] [3481ac48] 18:43:48.691 [main] INFO  c.h.p.operator.webserver.JettyServer - Starting Jetty server on port 8080
2025-01-29 18:43:48,730 INFO c.h.h.t.HelmChartContainer - [hivemq-test-hivemq-platform] [hivemq-platform-operator] [3481ac48] 18:43:48.729 [main] INFO  i.javaoperatorsdk.operator.Operator - Operator SDK 4.9.7 (commit: 2133d28) built on Wed Nov 20 12:56:20 UTC 2024 starting...
2025-01-29 18:43:48,730 INFO c.h.h.t.HelmChartContainer - [hivemq-test-hivemq-platform] [hivemq-platform-operator] [3481ac48] 18:43:48.729 [main] INFO  i.javaoperatorsdk.operator.Operator - Client version: 6.13.5
2025-01-29 18:43:48,731 INFO c.h.h.t.HelmChartContainer - [hivemq-test-hivemq-platform] [hivemq-platform-operator] [3481ac48] 18:43:48.730 [Controller Starter for: hivemq-controller] INFO  i.j.operator.processing.Controller - Starting 'hivemq-controller' controller for reconciler: com.hivemq.platform.operator.HiveMQPlatformReconciler, resource: com.hivemq.platform.operator.v1.HiveMQPlatform
2025-01-29 18:43:51,216 INFO c.h.h.t.HelmChartContainer - [hivemq-test-hivemq-platform] [hivemq-platform-operator] [3481ac48] 18:43:51.215 [Controller Starter for: hivemq-controller] INFO  i.j.operator.processing.Controller - 'hivemq-controller' controller started
2025-01-29 18:43:51,216 INFO c.h.h.t.HelmChartContainer - [hivemq-test-hivemq-platform] [hivemq-platform-operator] [3481ac48] 18:43:51.215 [main] INFO  c.h.p.o.HiveMQPlatformOperatorApplication - HiveMQ Platform Operator 1.7.0-SNAPSHOT started in 6683 ms
2025-01-29 18:43:52,873 INFO c.h.h.t.HelmChartContainer - [POD] hivemq-test-hivemq-platform-operator-6966f96d65-5zr9j [3481ac48-e742-4158-8f73-948673123545] in helmplatformtlsit-operator was MODIFIED
2025-01-29 18:43:52,882 INFO c.h.h.t.HelmChartContainer - [K3S] [replica_set.go:679] "Finished syncing" kind="ReplicaSet" key="helmplatformtlsit-operator/hivemq-test-hivemq-platform-operator-6966f96d65" duration="10.825278ms"
2025-01-29 18:43:52,882 INFO c.h.h.t.HelmChartContainer - [K3S] [replica_set.go:679] "Finished syncing" kind="ReplicaSet" key="helmplatformtlsit-operator/hivemq-test-hivemq-platform-operator-6966f96d65" duration="33.362µs"
2025-01-29 18:43:53,641 DEBUG c.h.helmcharts.util.CertificatesUtil - ...+++++++++++++++++++++++++++++++++++++++++++++++++++++++++++++++++*...+...........+.+........+++++++++++++++++++++++++++++++++++++++++++++++++++++++++++++++++*.+.......+........+.+......+..+...+.......+++++++++++++++++++++++++++++++++++++++++++++++++++++++++++++++++
2025-01-29 18:43:53,719 DEBUG c.h.helmcharts.util.CertificatesUtil - ....+......+..+.......+...+.....+...+....+.....+.+++++++++++++++++++++++++++++++++++++++++++++++++++++++++++++++++*.+.....+......+...+......+.+......+.....+...+....+......+...........+...+.+......+...+...........+.+++++++++++++++++++++++++++++++++++++++++++++++++++++++++++++++++*...............+............+.......+........+......+.+......+...+......+........+......+....+......+.....+.......+..+.+.........+............+......+........+.+......+..+.......+.....+.+.....+...+....+...+........+.......+...............+...+...........+......+++++++++++++++++++++++++++++++++++++++++++++++++++++++++++++++++
2025-01-29 18:43:53,723 DEBUG c.h.helmcharts.util.CertificatesUtil - -----
2025-01-29 18:43:53,748 DEBUG c.h.helmcharts.util.CertificatesUtil - Certificate request self-signature ok
2025-01-29 18:43:53,748 DEBUG c.h.helmcharts.util.CertificatesUtil - subject=C = CA, CN = secure-service-platform.default.svc
2025-01-29 18:43:53,752 DEBUG c.h.helmcharts.util.CertificatesUtil - >> Generating keystore and truststore files
2025-01-29 18:43:53,889 DEBUG c.h.helmcharts.util.CertificatesUtil - Importing keystore key.pkcs12 to keystore.jks...
2025-01-29 18:43:54,005 DEBUG c.h.helmcharts.util.CertificatesUtil - Entry for alias 1 successfully imported.
2025-01-29 18:43:54,012 DEBUG c.h.helmcharts.util.CertificatesUtil - Import command completed:  1 entries successfully imported, 0 entries failed or cancelled
2025-01-29 18:43:54,018 DEBUG c.h.helmcharts.util.CertificatesUtil - 
2025-01-29 18:43:54,018 DEBUG c.h.helmcharts.util.CertificatesUtil - Warning:
2025-01-29 18:43:54,018 DEBUG c.h.helmcharts.util.CertificatesUtil - The JKS keystore uses a proprietary format. It is recommended to migrate to PKCS12 which is an industry standard format using "keytool -importkeystore -srckeystore keystore.jks -destkeystore keystore.jks -deststoretype pkcs12".
2025-01-29 18:43:54,265 DEBUG c.h.helmcharts.util.CertificatesUtil - Certificate stored in file <secure-service-platform.pem>
2025-01-29 18:43:54,420 DEBUG c.h.helmcharts.util.CertificatesUtil - Certificate was added to keystore
2025-01-29 18:43:54,813 DEBUG c.h.helmcharts.util.CertificatesUtil - Certificate was added to keystore
2025-01-29 18:43:55,031 DEBUG c.h.helmcharts.util.CertificatesUtil - >> Create client certificates
2025-01-29 18:43:55,066 DEBUG c.h.helmcharts.util.CertificatesUtil - .+...+..+.+.....+......+.+...............+........+..........+.....+.......+...+......+.....+...+...+.......+.....+.+.....+.+...+.....+.......+.....+...+...+.........+...+...+....+.........+.....+......+...+.+..+.......+..+......+....+......+...+++++++++++++++++++++++++++++++++++++++++++++++++++++++++++++++++*.....+..+...+.......+.....+......+....+........+.+..+++++++++++++++++++++++++++++++++++++++++++++++++++++++++++++++++*....+.....+......+.......+...+..+....+++++++++++++++++++++++++++++++++++++++++++++++++++++++++++++++++
2025-01-29 18:43:55,215 DEBUG c.h.helmcharts.util.CertificatesUtil - ..+....+........+.........+................+..+...+....+...+.....+.......+........+...+.........+..........+++++++++++++++++++++++++++++++++++++++++++++++++++++++++++++++++*............+++++++++++++++++++++++++++++++++++++++++++++++++++++++++++++++++*.+......+...+..........+..+.............+.....+.........+.+...........+.+...............+.........+......+.....+....+...+.................+.............+..+......+...+.......+...+..+...+....+...+........+......+.+.........+......+.....+..................+....+......+..+...............+....+......+..+.......+.....+..........+.....+...+..........+..+.+.....+.............+............+..+.+...........+......+..........+..+......+....+...+........+...............+.+.....+......+..........+.....+...+............+....+...+........+............+...+...+.+......+...+.....+.+...........+...+.+...+...........+++++++++++++++++++++++++++++++++++++++++++++++++++++++++++++++++
2025-01-29 18:43:55,218 DEBUG c.h.helmcharts.util.CertificatesUtil - -----
2025-01-29 18:43:55,245 DEBUG c.h.helmcharts.util.CertificatesUtil - >> Import the certificates
2025-01-29 18:43:55,565 DEBUG c.h.helmcharts.util.CertificatesUtil - Certificate was added to keystore
2025-01-29 18:43:55,731 DEBUG c.h.h.t.HelmChartContainer - Executing helm command: /bin/helm --kubeconfig /etc/rancher/k3s/k3s.yaml install test-hivemq-platform /charts/hivemq-platform --wait --timeout 5m0s --set image.repository=docker.io/hivemq --set image.tag=4.36.0 --set image.pullPolicy=Never --set nodes.resources.cpu=512m -f /files/tls-mqtt-with-private-key-values.yaml --namespace helmplatformtlsit
2025-01-29 18:43:56,018 INFO c.h.h.t.HelmChartContainer - [hivemq-test-hivemq-platform] [hivemq-platform-operator] [3481ac48] 18:43:56.017 [-2082509879-pool-1-thread-3] WARN  i.m.p.PrometheusMeterRegistry - The meter (MeterId{name='operator.sdk.events.received', tags=[tag(action=ADDED),tag(event=ResourceEvent),tag(group=hivemq.com),tag(kind=HiveMQPlatform),tag(name=test-hivemq-platform),tag(namespace=helmplatformtlsit),tag(scope=namespace),tag(version=v1)]}) registration has failed: Prometheus requires that all meters with the same name have the same set of tag keys. There is already an existing meter named 'operator.sdk.events.received' containing tag keys [event, group, kind, name, namespace, scope, version]. The meter you are attempting to register has keys [action, event, group, kind, name, namespace, scope, version]. Note that subsequent logs will be logged at debug level.
2025-01-29 18:43:56,519 INFO c.h.h.t.HelmChartContainer - [hivemq-test-hivemq-platform] [hivemq-platform-operator] [3481ac48] 18:43:56.517 [pool-6-thread-3] DEBUG c.h.p.o.dependants.PodInfoConfigMap - [helmplat] Desired PodInfo ConfigMap (1 extensions) (1 enabled)
2025-01-29 18:43:56,519 INFO c.h.h.t.HelmChartContainer - [hivemq-test-hivemq-platform] [hivemq-platform-operator] [3481ac48] 18:43:56.518 [pool-6-thread-3] DEBUG c.h.p.o.dependants.PodInfoConfigMap - [helmplat] Desired PodInfo ConfigMap (metrics port: 9399) (metrics path: /)
2025-01-29 18:43:56,519 INFO c.h.h.t.HelmChartContainer - [hivemq-test-hivemq-platform] [hivemq-platform-operator] [3481ac48] 18:43:56.518 [pool-6-thread-3] DEBUG c.h.p.o.dependants.PodInfoConfigMap - [helmplat] Desired PodInfo ConfigMap (extension state hash: -1817474005)
2025-01-29 18:43:56,522 INFO c.h.h.t.HelmChartContainer - [hivemq-test-hivemq-platform] [hivemq-platform-operator] [3481ac48] 18:43:56.521 [pool-6-thread-3] DEBUG c.h.p.o.dependants.PodInfoConfigMap - [helmplat] Create PodInfo ConfigMap
2025-01-29 18:43:56,624 INFO c.h.h.t.HelmChartContainer - [hivemq-test-hivemq-platform] [hivemq-platform-operator] [3481ac48] 18:43:56.623 [pool-6-thread-5] DEBUG c.h.p.o.dependants.PodRoleResource - [helmplat] Create Role: Role(apiVersion=rbac.authorization.k8s.io/v1, kind=Role, metadata=ObjectMeta(annotations={meta.helm.sh/release-name=test-hivemq-platform, meta.helm.sh/release-namespace=helmplatformtlsit}, creationTimestamp=null, deletionGracePeriodSeconds=null, deletionTimestamp=null, finalizers=[], generateName=null, generation=null, labels={helm.sh/chart=hivemq-platform-0.2.32, app.kubernetes.io/managed-by=Helm, app.kubernetes.io/name=hivemq-platform, hivemq-platform=test-hivemq-platform, app.kubernetes.io/instance=test-hivemq-platform, app.kubernetes.io/version=4.36.0}, managedFields=[], name=hivemq-platform-role-test-hivemq-platform, namespace=helmplatformtlsit, ownerReferences=[OwnerReference(apiVersion=hivemq.com/v1, blockOwnerDeletion=null, controller=null, kind=HiveMQPlatform, name=test-hivemq-platform, uid=5215e2a1-0fd8-4dc7-ae1e-6e998ce640c0, additionalProperties={})], resourceVersion=null, selfLink=null, uid=null, additionalProperties={}), rules=[PolicyRule(apiGroups=[], nonResourceURLs=[], resourceNames=[], resources=[pods], verbs=[get, patch, update], additionalProperties={})], additionalProperties={})
2025-01-29 18:43:56,727 INFO c.h.h.t.HelmChartContainer - [hivemq-test-hivemq-platform] [hivemq-platform-operator] [3481ac48] 18:43:56.726 [pool-6-thread-7] DEBUG c.h.p.o.d.PodServiceAccountResource - [helmplat] Desired PodServiceAccountResource (serviceAccountName: hivemq-platform-pod-test-hivemq-platform)
2025-01-29 18:43:56,727 INFO c.h.h.t.HelmChartContainer - [hivemq-test-hivemq-platform] [hivemq-platform-operator] [3481ac48] 18:43:56.727 [pool-6-thread-7] DEBUG c.h.p.o.d.PodServiceAccountResource - [helmplat] Create ServiceAccount 'hivemq-platform-pod-test-hivemq-platform'
2025-01-29 18:43:56,922 INFO c.h.h.t.HelmChartContainer - [hivemq-test-hivemq-platform] [hivemq-platform-operator] [3481ac48] 18:43:56.920 [pool-6-thread-10] DEBUG c.h.p.o.d.PodRoleBindingResource - [helmplat] Create RoleBinding: RoleBinding(apiVersion=rbac.authorization.k8s.io/v1, kind=RoleBinding, metadata=ObjectMeta(annotations={meta.helm.sh/release-name=test-hivemq-platform, meta.helm.sh/release-namespace=helmplatformtlsit}, creationTimestamp=null, deletionGracePeriodSeconds=null, deletionTimestamp=null, finalizers=[], generateName=null, generation=null, labels={helm.sh/chart=hivemq-platform-0.2.32, app.kubernetes.io/managed-by=Helm, app.kubernetes.io/name=hivemq-platform, hivemq-platform=test-hivemq-platform, app.kubernetes.io/instance=test-hivemq-platform, app.kubernetes.io/version=4.36.0}, managedFields=[], name=hivemq-platform-role-binding-test-hivemq-platform, namespace=helmplatformtlsit, ownerReferences=[OwnerReference(apiVersion=hivemq.com/v1, blockOwnerDeletion=null, controller=null, kind=HiveMQPlatform, name=test-hivemq-platform, uid=5215e2a1-0fd8-4dc7-ae1e-6e998ce640c0, additionalProperties={})], resourceVersion=null, selfLink=null, uid=null, additionalProperties={}), roleRef=RoleRef(apiGroup=rbac.authorization.k8s.io, kind=Role, name=hivemq-platform-role-test-hivemq-platform, additionalProperties={}), subjects=[Subject(apiGroup=null, kind=ServiceAccount, name=hivemq-platform-pod-test-hivemq-platform, namespace=helmplatformtlsit, additionalProperties={})], additionalProperties={})
2025-01-29 18:43:57,014 INFO c.h.h.t.HelmChartContainer - [hivemq-test-hivemq-platform] [hivemq-platform-operator] [3481ac48] 18:43:57.012 [ReconcilerExecutor-hivemq-controller-54] INFO  c.h.p.o.HiveMQPlatformReconciler - [helmplat] Reconciling HiveMQ Platform 'test-hivemq-platform' in namespace 'helmplatformtlsit'
2025-01-29 18:43:57,014 INFO c.h.h.t.HelmChartContainer - [hivemq-test-hivemq-platform] [hivemq-platform-operator] [3481ac48] 18:43:57.013 [ReconcilerExecutor-hivemq-controller-54] DEBUG c.h.p.o.HiveMQPlatformReconciler - [helmplat] Custom Resource Status CREATED - HiveMQ Platform was created (READY)
2025-01-29 18:43:57,014 INFO c.h.h.t.HelmChartContainer - [hivemq-test-hivemq-platform] [hivemq-platform-operator] [3481ac48] 18:43:57.013 [ReconcilerExecutor-hivemq-controller-54] DEBUG c.h.p.o.HiveMQPlatformReconciler - [helmplat] Custom Resource Spec (replicas: 1) (extensions: 1)
2025-01-29 18:43:57,020 INFO c.h.h.t.HelmChartContainer - [hivemq-test-hivemq-platform] [hivemq-platform-operator] [3481ac48] 18:43:57.019 [ReconcilerExecutor-hivemq-controller-54] INFO  c.h.p.o.h.HiveMQPlatformReconcilerBaseHandler - [helmplat] HiveMQ Platform is starting
2025-01-29 18:43:57,124 INFO c.h.h.t.HelmChartContainer - [hivemq-test-hivemq-platform] [hivemq-platform-operator] [3481ac48] 18:43:57.123 [ReconcilerExecutor-hivemq-controller-54] DEBUG c.h.p.operator.event.EventSender - [helmplat] Creating K8s event hivemq-platform-starting: [Start] HiveMQ Platform is starting
2025-01-29 18:43:57,132 INFO c.h.h.t.HelmChartContainer - [EVENT] Normal [Start] HiveMQ Platform is starting [helmplatformtlsit:test-hivemq-platform]
2025-01-29 18:43:57,215 INFO c.h.h.t.HelmChartContainer - [hivemq-test-hivemq-platform] [hivemq-platform-operator] [3481ac48] 18:43:57.214 [ReconcilerExecutor-hivemq-controller-54] INFO  c.h.p.o.h.AbstractHiveMQReconcilerStateHandler - [helmplat] Update HiveMQ Platform Status (CREATED [READY] -> STARTING [READY]): HiveMQ Platform is starting
2025-01-29 18:43:57,230 DEBUG com.hivemq.helmcharts.util.K8sUtil - Comparing actual state 'STARTING' and waiting for 'RUNNING'
2025-01-29 18:44:07,241 INFO c.h.h.t.HelmChartContainer - [hivemq-test-hivemq-platform] [hivemq-platform-operator] [3481ac48] 18:44:07.240 [pool-6-thread-12] DEBUG c.h.p.o.d.PlatformServiceResource - [helmplat] Desired Platform services (4 services)
2025-01-29 18:44:07,247 INFO c.h.h.t.HelmChartContainer - [hivemq-test-hivemq-platform] [hivemq-platform-operator] [3481ac48] 18:44:07.245 [pool-6-thread-13] DEBUG c.h.p.o.dependants.PodInfoConfigMap - [helmplat] Desired PodInfo ConfigMap (1 extensions) (1 enabled)
2025-01-29 18:44:07,247 INFO c.h.h.t.HelmChartContainer - [hivemq-test-hivemq-platform] [hivemq-platform-operator] [3481ac48] 18:44:07.245 [pool-6-thread-17] DEBUG c.h.p.o.d.PodServiceAccountResource - [helmplat] Desired PodServiceAccountResource (serviceAccountName: hivemq-platform-pod-test-hivemq-platform)
2025-01-29 18:44:07,248 INFO c.h.h.t.HelmChartContainer - [hivemq-test-hivemq-platform] [hivemq-platform-operator] [3481ac48] 18:44:07.247 [pool-6-thread-13] DEBUG c.h.p.o.dependants.PodInfoConfigMap - [helmplat] Desired PodInfo ConfigMap (metrics port: 9399) (metrics path: /)
2025-01-29 18:44:07,248 INFO c.h.h.t.HelmChartContainer - [hivemq-test-hivemq-platform] [hivemq-platform-operator] [3481ac48] 18:44:07.247 [pool-6-thread-13] DEBUG c.h.p.o.dependants.PodInfoConfigMap - [helmplat] Desired PodInfo ConfigMap (extension state hash: -1817474005)
2025-01-29 18:44:07,256 INFO c.h.h.t.HelmChartContainer - [K3S] [alloc.go:330] "allocated clusterIPs" service="helmplatformtlsit/hivemq-test-hivemq-platform-mqtt-1886" clusterIPs={"IPv4":"10.43.130.52"}
2025-01-29 18:44:07,318 INFO c.h.h.t.HelmChartContainer - [hivemq-test-hivemq-platform] [hivemq-platform-operator] [3481ac48] 18:44:07.316 [pool-6-thread-13] DEBUG c.h.p.o.dependants.PodInfoConfigMap - [helmplat] Update PodInfo ConfigMap
2025-01-29 18:44:07,330 INFO c.h.h.t.HelmChartContainer - [K3S] [alloc.go:330] "allocated clusterIPs" service="helmplatformtlsit/hivemq-test-hivemq-platform-mqtt-1885" clusterIPs={"IPv4":"10.43.195.128"}
2025-01-29 18:44:07,419 INFO c.h.h.t.HelmChartContainer - [K3S] [alloc.go:330] "allocated clusterIPs" service="helmplatformtlsit/hivemq-test-hivemq-platform-mqtt-1884" clusterIPs={"IPv4":"10.43.24.180"}
2025-01-29 18:44:07,432 INFO c.h.h.t.HelmChartContainer - [K3S] [alloc.go:330] "allocated clusterIPs" service="helmplatformtlsit/hivemq-test-hivemq-platform-metrics-9399" clusterIPs={"IPv4":"10.43.170.15"}
2025-01-29 18:44:07,517 INFO c.h.h.t.HelmChartContainer - [hivemq-test-hivemq-platform] [hivemq-platform-operator] [3481ac48] 18:44:07.515 [pool-6-thread-20] DEBUG c.h.p.o.d.StatefulSetResource - [helmplat] Desired StatefulSet (1 replicas) for status STARTING (READY)
2025-01-29 18:44:07,529 INFO c.h.h.t.HelmChartContainer - [hivemq-test-hivemq-platform] [hivemq-platform-operator] [3481ac48] 18:44:07.528 [pool-6-thread-20] DEBUG c.h.p.o.d.StatefulSetResource - [helmplat] Create StatefulSet
2025-01-29 18:44:07,631 INFO c.h.h.t.HelmChartContainer - [hivemq-test-hivemq-platform] [hivemq-platform-operator] [3481ac48] 18:44:07.629 [ReconcilerExecutor-hivemq-controller-65] INFO  c.h.p.o.HiveMQPlatformReconciler - [helmplat] Reconciling HiveMQ Platform 'test-hivemq-platform' in namespace 'helmplatformtlsit'
2025-01-29 18:44:07,631 INFO c.h.h.t.HelmChartContainer - [hivemq-test-hivemq-platform] [hivemq-platform-operator] [3481ac48] 18:44:07.629 [ReconcilerExecutor-hivemq-controller-65] DEBUG c.h.p.o.HiveMQPlatformReconciler - [helmplat] Custom Resource Status STARTING - HiveMQ Platform is starting (READY)
2025-01-29 18:44:07,631 INFO c.h.h.t.HelmChartContainer - [hivemq-test-hivemq-platform] [hivemq-platform-operator] [3481ac48] 18:44:07.629 [ReconcilerExecutor-hivemq-controller-65] DEBUG c.h.p.o.HiveMQPlatformReconciler - [helmplat] Custom Resource Spec (replicas: 1) (extensions: 1)
2025-01-29 18:44:07,640 INFO c.h.h.t.HelmChartContainer - [POD] test-hivemq-platform-0 [457d72c2-5b7a-46f6-82d7-e7842c12b7e3] in helmplatformtlsit was ADDED
2025-01-29 18:44:07,642 INFO c.h.h.t.HelmChartContainer - [EVENT] Normal [SuccessfulCreate] create Pod test-hivemq-platform-0 in StatefulSet test-hivemq-platform successful [helmplatformtlsit:test-hivemq-platform]
2025-01-29 18:44:07,644 INFO c.h.h.t.HelmChartContainer - [EVENT] Normal [Scheduled] Successfully assigned helmplatformtlsit/test-hivemq-platform-0 to cf4e895ac1a5 [helmplatformtlsit:test-hivemq-platform-0]
2025-01-29 18:44:07,645 INFO c.h.h.t.HelmChartContainer - [POD] test-hivemq-platform-0 [457d72c2-5b7a-46f6-82d7-e7842c12b7e3] in helmplatformtlsit was MODIFIED
2025-01-29 18:44:07,656 INFO c.h.h.t.HelmChartContainer - [POD] test-hivemq-platform-0 [457d72c2-5b7a-46f6-82d7-e7842c12b7e3] in helmplatformtlsit was MODIFIED
2025-01-29 18:44:07,718 INFO c.h.h.t.HelmChartContainer - [hivemq-test-hivemq-platform] [hivemq-platform-operator] [3481ac48] 18:44:07.716 [ReconcilerExecutor-hivemq-controller-65] DEBUG c.h.p.o.HiveMQPlatformReconciler - [helmplat] StatefulSet Status (revision: null, replicas: 0, available: 0, ready: 0, current: 0, updated: 0)
2025-01-29 18:44:07,719 INFO c.h.h.t.HelmChartContainer - [hivemq-test-hivemq-platform] [hivemq-platform-operator] [3481ac48] 18:44:07.717 [ReconcilerExecutor-hivemq-controller-65] DEBUG c.h.p.o.HiveMQPlatformReconciler - [helmplat] StatefulSet Spec (replicas: 1, init containers: 1, containers: 1, volumes: 5)
2025-01-29 18:44:07,726 INFO c.h.h.t.HelmChartContainer - [K3S] [reconciler_common.go:251] "operationExecutor.VerifyControllerAttachedVolume started for volume \"mqtt-keystore-1884\" (UniqueName: \"kubernetes.io/secret/457d72c2-5b7a-46f6-82d7-e7842c12b7e3-mqtt-keystore-1884\") pod \"test-hivemq-platform-0\" (UID: \"457d72c2-5b7a-46f6-82d7-e7842c12b7e3\") " pod="helmplatformtlsit/test-hivemq-platform-0"
2025-01-29 18:44:07,726 INFO c.h.h.t.HelmChartContainer - [K3S] [reconciler_common.go:251] "operationExecutor.VerifyControllerAttachedVolume started for volume \"broker-configuration\" (UniqueName: \"kubernetes.io/configmap/457d72c2-5b7a-46f6-82d7-e7842c12b7e3-broker-configuration\") pod \"test-hivemq-platform-0\" (UID: \"457d72c2-5b7a-46f6-82d7-e7842c12b7e3\") " pod="helmplatformtlsit/test-hivemq-platform-0"
2025-01-29 18:44:07,726 INFO c.h.h.t.HelmChartContainer - [K3S] [reconciler_common.go:251] "operationExecutor.VerifyControllerAttachedVolume started for volume \"pod-info\" (UniqueName: \"kubernetes.io/configmap/457d72c2-5b7a-46f6-82d7-e7842c12b7e3-pod-info\") pod \"test-hivemq-platform-0\" (UID: \"457d72c2-5b7a-46f6-82d7-e7842c12b7e3\") " pod="helmplatformtlsit/test-hivemq-platform-0"
2025-01-29 18:44:07,727 INFO c.h.h.t.HelmChartContainer - [K3S] [reconciler_common.go:251] "operationExecutor.VerifyControllerAttachedVolume started for volume \"mqtt-keystore-1885\" (UniqueName: \"kubernetes.io/secret/457d72c2-5b7a-46f6-82d7-e7842c12b7e3-mqtt-keystore-1885\") pod \"test-hivemq-platform-0\" (UID: \"457d72c2-5b7a-46f6-82d7-e7842c12b7e3\") " pod="helmplatformtlsit/test-hivemq-platform-0"
2025-01-29 18:44:07,727 INFO c.h.h.t.HelmChartContainer - [K3S] [reconciler_common.go:251] "operationExecutor.VerifyControllerAttachedVolume started for volume \"operator-init\" (UniqueName: \"kubernetes.io/empty-dir/457d72c2-5b7a-46f6-82d7-e7842c12b7e3-operator-init\") pod \"test-hivemq-platform-0\" (UID: \"457d72c2-5b7a-46f6-82d7-e7842c12b7e3\") " pod="helmplatformtlsit/test-hivemq-platform-0"
2025-01-29 18:44:07,727 INFO c.h.h.t.HelmChartContainer - [K3S] [reconciler_common.go:251] "operationExecutor.VerifyControllerAttachedVolume started for volume \"kube-api-access-t9trg\" (UniqueName: \"kubernetes.io/projected/457d72c2-5b7a-46f6-82d7-e7842c12b7e3-kube-api-access-t9trg\") pod \"test-hivemq-platform-0\" (UID: \"457d72c2-5b7a-46f6-82d7-e7842c12b7e3\") " pod="helmplatformtlsit/test-hivemq-platform-0"
2025-01-29 18:44:07,824 INFO c.h.h.t.HelmChartContainer - [hivemq-test-hivemq-platform] [hivemq-platform-operator] [3481ac48] 18:44:07.823 [ReconcilerExecutor-hivemq-controller-65] DEBUG c.h.p.o.h.HiveMQPlatformReconcilerErrorHandler - [helmplat] Pod 'test-hivemq-platform-0' phase Pending
2025-01-29 18:44:07,825 INFO c.h.h.t.HelmChartContainer - [hivemq-test-hivemq-platform] [hivemq-platform-operator] [3481ac48] 18:44:07.824 [ReconcilerExecutor-hivemq-controller-65] DEBUG c.h.p.o.h.HiveMQPlatformReconcilerErrorHandler - [helmplat] Pod 'test-hivemq-platform-0' condition 'PodReadyToStartContainers': False
2025-01-29 18:44:07,825 INFO c.h.h.t.HelmChartContainer - [hivemq-test-hivemq-platform] [hivemq-platform-operator] [3481ac48] 18:44:07.824 [ReconcilerExecutor-hivemq-controller-65] DEBUG c.h.p.o.h.HiveMQPlatformReconcilerErrorHandler - [helmplat] Pod 'test-hivemq-platform-0' condition 'Initialized': False
2025-01-29 18:44:07,825 INFO c.h.h.t.HelmChartContainer - [hivemq-test-hivemq-platform] [hivemq-platform-operator] [3481ac48] 18:44:07.824 [ReconcilerExecutor-hivemq-controller-65] DEBUG c.h.p.o.h.HiveMQPlatformReconcilerErrorHandler - [helmplat] Pod 'test-hivemq-platform-0' condition 'Ready': False
2025-01-29 18:44:07,825 INFO c.h.h.t.HelmChartContainer - [hivemq-test-hivemq-platform] [hivemq-platform-operator] [3481ac48] 18:44:07.824 [ReconcilerExecutor-hivemq-controller-65] DEBUG c.h.p.o.h.HiveMQPlatformReconcilerErrorHandler - [helmplat] Pod 'test-hivemq-platform-0' condition 'ContainersReady': False
2025-01-29 18:44:07,825 INFO c.h.h.t.HelmChartContainer - [hivemq-test-hivemq-platform] [hivemq-platform-operator] [3481ac48] 18:44:07.824 [ReconcilerExecutor-hivemq-controller-65] DEBUG c.h.p.o.h.HiveMQPlatformReconcilerErrorHandler - [helmplat] Pod 'test-hivemq-platform-0' condition 'PodScheduled': True
2025-01-29 18:44:07,826 INFO c.h.h.t.HelmChartContainer - [hivemq-test-hivemq-platform] [hivemq-platform-operator] [3481ac48] 18:44:07.825 [ReconcilerExecutor-hivemq-controller-65] DEBUG c.h.p.o.h.HiveMQPlatformReconcilerErrorHandler - [helmplat] Pod 'test-hivemq-platform-0' containerStatus 'hivemq' (started: false) (ready: false) (waiting: [PodInitializing] null)
2025-01-29 18:44:07,829 INFO c.h.h.t.HelmChartContainer - [hivemq-test-hivemq-platform] [hivemq-platform-operator] [3481ac48] 18:44:07.829 [ReconcilerExecutor-hivemq-controller-65] INFO  c.h.p.o.h.HiveMQPlatformReconcilerBaseHandler - [helmplat] HiveMQ Platform is starting, 0 of 1 replicas are ready
2025-01-29 18:44:07,918 INFO c.h.h.t.HelmChartContainer - [hivemq-test-hivemq-platform] [hivemq-platform-operator] [3481ac48] 18:44:07.917 [pool-6-thread-22] DEBUG c.h.p.o.d.PlatformServiceResource - [helmplat] Desired Platform services (4 services)
2025-01-29 18:44:07,920 INFO c.h.h.t.HelmChartContainer - [hivemq-test-hivemq-platform] [hivemq-platform-operator] [3481ac48] 18:44:07.919 [pool-6-thread-23] DEBUG c.h.p.o.dependants.PodInfoConfigMap - [helmplat] Desired PodInfo ConfigMap (1 extensions) (1 enabled)
2025-01-29 18:44:07,920 INFO c.h.h.t.HelmChartContainer - [hivemq-test-hivemq-platform] [hivemq-platform-operator] [3481ac48] 18:44:07.919 [pool-6-thread-23] DEBUG c.h.p.o.dependants.PodInfoConfigMap - [helmplat] Desired PodInfo ConfigMap (metrics port: 9399) (metrics path: /)
2025-01-29 18:44:07,923 INFO c.h.h.t.HelmChartContainer - [hivemq-test-hivemq-platform] [hivemq-platform-operator] [3481ac48] 18:44:07.920 [pool-6-thread-23] DEBUG c.h.p.o.dependants.PodInfoConfigMap - [helmplat] Desired PodInfo ConfigMap (extension state hash: -1817474005)
2025-01-29 18:44:07,924 INFO c.h.h.t.HelmChartContainer - [hivemq-test-hivemq-platform] [hivemq-platform-operator] [3481ac48] 18:44:07.923 [pool-6-thread-27] DEBUG c.h.p.o.d.PodServiceAccountResource - [helmplat] Desired PodServiceAccountResource (serviceAccountName: hivemq-platform-pod-test-hivemq-platform)
2025-01-29 18:44:08,022 INFO c.h.h.t.HelmChartContainer - [hivemq-test-hivemq-platform] [hivemq-platform-operator] [3481ac48] 18:44:08.017 [pool-6-thread-30] DEBUG c.h.p.o.d.StatefulSetResource - [helmplat] Desired StatefulSet (1 replicas) for status STARTING (READY)
2025-01-29 18:44:08,028 INFO c.h.h.t.HelmChartContainer - [hivemq-test-hivemq-platform] [hivemq-platform-operator] [3481ac48] 18:44:08.026 [ReconcilerExecutor-hivemq-controller-76] INFO  c.h.p.o.HiveMQPlatformReconciler - [helmplat] Reconciling HiveMQ Platform 'test-hivemq-platform' in namespace 'helmplatformtlsit'
2025-01-29 18:44:08,029 INFO c.h.h.t.HelmChartContainer - [hivemq-test-hivemq-platform] [hivemq-platform-operator] [3481ac48] 18:44:08.027 [ReconcilerExecutor-hivemq-controller-76] DEBUG c.h.p.o.HiveMQPlatformReconciler - [helmplat] Custom Resource Status STARTING - HiveMQ Platform is starting (READY)
2025-01-29 18:44:08,029 INFO c.h.h.t.HelmChartContainer - [hivemq-test-hivemq-platform] [hivemq-platform-operator] [3481ac48] 18:44:08.027 [ReconcilerExecutor-hivemq-controller-76] DEBUG c.h.p.o.HiveMQPlatformReconciler - [helmplat] Custom Resource Spec (replicas: 1) (extensions: 1)
2025-01-29 18:44:08,039 INFO c.h.h.t.HelmChartContainer - [EVENT] Normal [Pulled] Container image "docker.io/hivemq/hivemq-platform-operator-init-test:snapshot" already present on machine [helmplatformtlsit:test-hivemq-platform-0]
2025-01-29 18:44:08,117 INFO c.h.h.t.HelmChartContainer - [hivemq-test-hivemq-platform] [hivemq-platform-operator] [3481ac48] 18:44:08.113 [ReconcilerExecutor-hivemq-controller-76] DEBUG c.h.p.o.HiveMQPlatformReconciler - [helmplat] StatefulSet Status (revision: test-hivemq-platform-75995845c9, replicas: 1, available: 0, ready: 0, current: 1, updated: 1)
2025-01-29 18:44:08,117 INFO c.h.h.t.HelmChartContainer - [hivemq-test-hivemq-platform] [hivemq-platform-operator] [3481ac48] 18:44:08.113 [ReconcilerExecutor-hivemq-controller-76] DEBUG c.h.p.o.HiveMQPlatformReconciler - [helmplat] StatefulSet Spec (replicas: 1, init containers: 1, containers: 1, volumes: 5)
2025-01-29 18:44:08,117 INFO c.h.h.t.HelmChartContainer - [hivemq-test-hivemq-platform] [hivemq-platform-operator] [3481ac48] 18:44:08.116 [ReconcilerExecutor-hivemq-controller-76] DEBUG c.h.p.o.h.HiveMQPlatformReconcilerErrorHandler - [helmplat] Pod 'test-hivemq-platform-0' phase Pending
2025-01-29 18:44:08,118 INFO c.h.h.t.HelmChartContainer - [hivemq-test-hivemq-platform] [hivemq-platform-operator] [3481ac48] 18:44:08.116 [ReconcilerExecutor-hivemq-controller-76] DEBUG c.h.p.o.h.HiveMQPlatformReconcilerErrorHandler - [helmplat] Pod 'test-hivemq-platform-0' condition 'PodReadyToStartContainers': False
2025-01-29 18:44:08,120 INFO c.h.h.t.HelmChartContainer - [hivemq-test-hivemq-platform] [hivemq-platform-operator] [3481ac48] 18:44:08.118 [ReconcilerExecutor-hivemq-controller-76] DEBUG c.h.p.o.h.HiveMQPlatformReconcilerErrorHandler - [helmplat] Pod 'test-hivemq-platform-0' condition 'Initialized': False
2025-01-29 18:44:08,120 INFO c.h.h.t.HelmChartContainer - [hivemq-test-hivemq-platform] [hivemq-platform-operator] [3481ac48] 18:44:08.118 [ReconcilerExecutor-hivemq-controller-76] DEBUG c.h.p.o.h.HiveMQPlatformReconcilerErrorHandler - [helmplat] Pod 'test-hivemq-platform-0' condition 'Ready': False
2025-01-29 18:44:08,120 INFO c.h.h.t.HelmChartContainer - [hivemq-test-hivemq-platform] [hivemq-platform-operator] [3481ac48] 18:44:08.118 [ReconcilerExecutor-hivemq-controller-76] DEBUG c.h.p.o.h.HiveMQPlatformReconcilerErrorHandler - [helmplat] Pod 'test-hivemq-platform-0' condition 'ContainersReady': False
2025-01-29 18:44:08,120 INFO c.h.h.t.HelmChartContainer - [hivemq-test-hivemq-platform] [hivemq-platform-operator] [3481ac48] 18:44:08.118 [ReconcilerExecutor-hivemq-controller-76] DEBUG c.h.p.o.h.HiveMQPlatformReconcilerErrorHandler - [helmplat] Pod 'test-hivemq-platform-0' condition 'PodScheduled': True
2025-01-29 18:44:08,120 INFO c.h.h.t.HelmChartContainer - [hivemq-test-hivemq-platform] [hivemq-platform-operator] [3481ac48] 18:44:08.118 [ReconcilerExecutor-hivemq-controller-76] DEBUG c.h.p.o.h.HiveMQPlatformReconcilerErrorHandler - [helmplat] Pod 'test-hivemq-platform-0' containerStatus 'hivemq' (started: false) (ready: false) (waiting: [PodInitializing] null)
2025-01-29 18:44:08,121 INFO c.h.h.t.HelmChartContainer - [hivemq-test-hivemq-platform] [hivemq-platform-operator] [3481ac48] 18:44:08.119 [ReconcilerExecutor-hivemq-controller-76] INFO  c.h.p.o.h.HiveMQPlatformReconcilerBaseHandler - [helmplat] HiveMQ Platform is starting, 0 of 1 replicas are ready
2025-01-29 18:44:08,173 INFO c.h.h.t.HelmChartContainer - [EVENT] Normal [Created] Created container: hivemq-platform-operator-init [helmplatformtlsit:test-hivemq-platform-0]
2025-01-29 18:44:08,211 INFO c.h.h.t.HelmChartContainer - [EVENT] Normal [Started] Started container hivemq-platform-operator-init [helmplatformtlsit:test-hivemq-platform-0]
2025-01-29 18:44:08,921 INFO c.h.h.t.HelmChartContainer - [POD] test-hivemq-platform-0 [457d72c2-5b7a-46f6-82d7-e7842c12b7e3] in helmplatformtlsit was MODIFIED
2025-01-29 18:44:08,937 INFO c.h.h.t.HelmChartContainer - [hivemq-test-hivemq-platform] [hivemq-platform-operator] [3481ac48] 18:44:08.929 [pool-6-thread-32] DEBUG c.h.p.o.d.PlatformServiceResource - [helmplat] Desired Platform services (4 services)
2025-01-29 18:44:08,937 INFO c.h.h.t.HelmChartContainer - [hivemq-test-hivemq-platform] [hivemq-platform-operator] [3481ac48] 18:44:08.931 [pool-6-thread-33] DEBUG c.h.p.o.dependants.PodInfoConfigMap - [helmplat] Desired PodInfo ConfigMap (1 extensions) (1 enabled)
2025-01-29 18:44:08,937 INFO c.h.h.t.HelmChartContainer - [hivemq-test-hivemq-platform] [hivemq-platform-operator] [3481ac48] 18:44:08.932 [pool-6-thread-33] DEBUG c.h.p.o.dependants.PodInfoConfigMap - [helmplat] Desired PodInfo ConfigMap (metrics port: 9399) (metrics path: /)
2025-01-29 18:44:08,937 INFO c.h.h.t.HelmChartContainer - [hivemq-test-hivemq-platform] [hivemq-platform-operator] [3481ac48] 18:44:08.932 [pool-6-thread-33] DEBUG c.h.p.o.dependants.PodInfoConfigMap - [helmplat] Desired PodInfo ConfigMap (extension state hash: -1817474005)
2025-01-29 18:44:08,937 INFO c.h.h.t.HelmChartContainer - [hivemq-test-hivemq-platform] [hivemq-platform-operator] [3481ac48] 18:44:08.934 [pool-6-thread-37] DEBUG c.h.p.o.d.PodServiceAccountResource - [helmplat] Desired PodServiceAccountResource (serviceAccountName: hivemq-platform-pod-test-hivemq-platform)
2025-01-29 18:44:09,014 INFO c.h.h.t.HelmChartContainer - [hivemq-test-hivemq-platform] [hivemq-platform-operator] [3481ac48] 18:44:09.013 [pool-6-thread-40] DEBUG c.h.p.o.d.StatefulSetResource - [helmplat] Desired StatefulSet (1 replicas) for status STARTING (READY)
2025-01-29 18:44:09,022 INFO c.h.h.t.HelmChartContainer - [hivemq-test-hivemq-platform] [hivemq-platform-operator] [3481ac48] 18:44:09.020 [ReconcilerExecutor-hivemq-controller-87] INFO  c.h.p.o.HiveMQPlatformReconciler - [helmplat] Reconciling HiveMQ Platform 'test-hivemq-platform' in namespace 'helmplatformtlsit'
2025-01-29 18:44:09,023 INFO c.h.h.t.HelmChartContainer - [hivemq-test-hivemq-platform] [hivemq-platform-operator] [3481ac48] 18:44:09.020 [ReconcilerExecutor-hivemq-controller-87] DEBUG c.h.p.o.HiveMQPlatformReconciler - [helmplat] Custom Resource Status STARTING - HiveMQ Platform is starting (READY)
2025-01-29 18:44:09,025 INFO c.h.h.t.HelmChartContainer - [hivemq-test-hivemq-platform] [hivemq-platform-operator] [3481ac48] 18:44:09.020 [ReconcilerExecutor-hivemq-controller-87] DEBUG c.h.p.o.HiveMQPlatformReconciler - [helmplat] Custom Resource Spec (replicas: 1) (extensions: 1)
2025-01-29 18:44:09,025 INFO c.h.h.t.HelmChartContainer - [hivemq-test-hivemq-platform] [hivemq-platform-operator] [3481ac48] 18:44:09.023 [ReconcilerExecutor-hivemq-controller-87] DEBUG c.h.p.o.HiveMQPlatformReconciler - [helmplat] StatefulSet Status (revision: test-hivemq-platform-75995845c9, replicas: 1, available: 0, ready: 0, current: 1, updated: 1)
2025-01-29 18:44:09,025 INFO c.h.h.t.HelmChartContainer - [hivemq-test-hivemq-platform] [hivemq-platform-operator] [3481ac48] 18:44:09.023 [ReconcilerExecutor-hivemq-controller-87] DEBUG c.h.p.o.HiveMQPlatformReconciler - [helmplat] StatefulSet Spec (replicas: 1, init containers: 1, containers: 1, volumes: 5)
2025-01-29 18:44:09,028 INFO c.h.h.t.HelmChartContainer - [hivemq-test-hivemq-platform] [hivemq-platform-operator] [3481ac48] 18:44:09.026 [ReconcilerExecutor-hivemq-controller-87] DEBUG c.h.p.o.h.HiveMQPlatformReconcilerErrorHandler - [helmplat] Pod 'test-hivemq-platform-0' phase Pending
2025-01-29 18:44:09,028 INFO c.h.h.t.HelmChartContainer - [hivemq-test-hivemq-platform] [hivemq-platform-operator] [3481ac48] 18:44:09.026 [ReconcilerExecutor-hivemq-controller-87] DEBUG c.h.p.o.h.HiveMQPlatformReconcilerErrorHandler - [helmplat] Pod 'test-hivemq-platform-0' condition 'PodReadyToStartContainers': True
2025-01-29 18:44:09,028 INFO c.h.h.t.HelmChartContainer - [hivemq-test-hivemq-platform] [hivemq-platform-operator] [3481ac48] 18:44:09.026 [ReconcilerExecutor-hivemq-controller-87] DEBUG c.h.p.o.h.HiveMQPlatformReconcilerErrorHandler - [helmplat] Pod 'test-hivemq-platform-0' condition 'Initialized': False
2025-01-29 18:44:09,028 INFO c.h.h.t.HelmChartContainer - [hivemq-test-hivemq-platform] [hivemq-platform-operator] [3481ac48] 18:44:09.026 [ReconcilerExecutor-hivemq-controller-87] DEBUG c.h.p.o.h.HiveMQPlatformReconcilerErrorHandler - [helmplat] Pod 'test-hivemq-platform-0' condition 'Ready': False
2025-01-29 18:44:09,028 INFO c.h.h.t.HelmChartContainer - [hivemq-test-hivemq-platform] [hivemq-platform-operator] [3481ac48] 18:44:09.026 [ReconcilerExecutor-hivemq-controller-87] DEBUG c.h.p.o.h.HiveMQPlatformReconcilerErrorHandler - [helmplat] Pod 'test-hivemq-platform-0' condition 'ContainersReady': False
2025-01-29 18:44:09,028 INFO c.h.h.t.HelmChartContainer - [hivemq-test-hivemq-platform] [hivemq-platform-operator] [3481ac48] 18:44:09.026 [ReconcilerExecutor-hivemq-controller-87] DEBUG c.h.p.o.h.HiveMQPlatformReconcilerErrorHandler - [helmplat] Pod 'test-hivemq-platform-0' condition 'PodScheduled': True
2025-01-29 18:44:09,028 INFO c.h.h.t.HelmChartContainer - [hivemq-test-hivemq-platform] [hivemq-platform-operator] [3481ac48] 18:44:09.027 [ReconcilerExecutor-hivemq-controller-87] DEBUG c.h.p.o.h.HiveMQPlatformReconcilerErrorHandler - [helmplat] Pod 'test-hivemq-platform-0' containerStatus 'hivemq' (started: false) (ready: false) (waiting: [PodInitializing] null)
2025-01-29 18:44:09,028 INFO c.h.h.t.HelmChartContainer - [hivemq-test-hivemq-platform] [hivemq-platform-operator] [3481ac48] 18:44:09.028 [ReconcilerExecutor-hivemq-controller-87] INFO  c.h.p.o.h.HiveMQPlatformReconcilerBaseHandler - [helmplat] HiveMQ Platform is starting, 0 of 1 replicas are ready
2025-01-29 18:44:09,901 INFO c.h.h.t.HelmChartContainer - [EVENT] Normal [Pulled] Container image "docker.io/hivemq/hivemq4:4.36.0" already present on machine [helmplatformtlsit:test-hivemq-platform-0]
2025-01-29 18:44:09,901 INFO c.h.h.t.HelmChartContainer - Received Pulled event for container hivemq in pod test-hivemq-platform-0 [457d72c2-5b7a-46f6-82d7-e7842c12b7e3]
2025-01-29 18:44:09,911 INFO c.h.h.t.HelmChartContainer - [POD] test-hivemq-platform-0 [457d72c2-5b7a-46f6-82d7-e7842c12b7e3] in helmplatformtlsit was MODIFIED
2025-01-29 18:44:09,923 INFO c.h.h.t.HelmChartContainer - [hivemq-test-hivemq-platform] [hivemq-platform-operator] [3481ac48] 18:44:09.920 [pool-6-thread-42] DEBUG c.h.p.o.d.PlatformServiceResource - [helmplat] Desired Platform services (4 services)
2025-01-29 18:44:09,925 INFO c.h.h.t.HelmChartContainer - [hivemq-test-hivemq-platform] [hivemq-platform-operator] [3481ac48] 18:44:09.923 [pool-6-thread-47] DEBUG c.h.p.o.d.PodServiceAccountResource - [helmplat] Desired PodServiceAccountResource (serviceAccountName: hivemq-platform-pod-test-hivemq-platform)
2025-01-29 18:44:09,925 INFO c.h.h.t.HelmChartContainer - [hivemq-test-hivemq-platform] [hivemq-platform-operator] [3481ac48] 18:44:09.923 [pool-6-thread-43] DEBUG c.h.p.o.dependants.PodInfoConfigMap - [helmplat] Desired PodInfo ConfigMap (1 extensions) (1 enabled)
2025-01-29 18:44:09,925 INFO c.h.h.t.HelmChartContainer - [hivemq-test-hivemq-platform] [hivemq-platform-operator] [3481ac48] 18:44:09.923 [pool-6-thread-43] DEBUG c.h.p.o.dependants.PodInfoConfigMap - [helmplat] Desired PodInfo ConfigMap (metrics port: 9399) (metrics path: /)
2025-01-29 18:44:09,925 INFO c.h.h.t.HelmChartContainer - [hivemq-test-hivemq-platform] [hivemq-platform-operator] [3481ac48] 18:44:09.923 [pool-6-thread-43] DEBUG c.h.p.o.dependants.PodInfoConfigMap - [helmplat] Desired PodInfo ConfigMap (extension state hash: -1817474005)
2025-01-29 18:44:10,019 INFO c.h.h.t.HelmChartContainer - [hivemq-test-hivemq-platform] [hivemq-platform-operator] [3481ac48] 18:44:10.012 [pool-6-thread-50] DEBUG c.h.p.o.d.StatefulSetResource - [helmplat] Desired StatefulSet (1 replicas) for status STARTING (READY)
2025-01-29 18:44:10,021 INFO c.h.h.t.HelmChartContainer - [hivemq-test-hivemq-platform] [hivemq-platform-operator] [3481ac48] 18:44:10.019 [ReconcilerExecutor-hivemq-controller-98] INFO  c.h.p.o.HiveMQPlatformReconciler - [helmplat] Reconciling HiveMQ Platform 'test-hivemq-platform' in namespace 'helmplatformtlsit'
2025-01-29 18:44:10,021 INFO c.h.h.t.HelmChartContainer - [hivemq-test-hivemq-platform] [hivemq-platform-operator] [3481ac48] 18:44:10.019 [ReconcilerExecutor-hivemq-controller-98] DEBUG c.h.p.o.HiveMQPlatformReconciler - [helmplat] Custom Resource Status STARTING - HiveMQ Platform is starting (READY)
2025-01-29 18:44:10,021 INFO c.h.h.t.HelmChartContainer - [hivemq-test-hivemq-platform] [hivemq-platform-operator] [3481ac48] 18:44:10.019 [ReconcilerExecutor-hivemq-controller-98] DEBUG c.h.p.o.HiveMQPlatformReconciler - [helmplat] Custom Resource Spec (replicas: 1) (extensions: 1)
2025-01-29 18:44:10,024 INFO c.h.h.t.HelmChartContainer - [hivemq-test-hivemq-platform] [hivemq-platform-operator] [3481ac48] 18:44:10.022 [ReconcilerExecutor-hivemq-controller-98] DEBUG c.h.p.o.HiveMQPlatformReconciler - [helmplat] StatefulSet Status (revision: test-hivemq-platform-75995845c9, replicas: 1, available: 0, ready: 0, current: 1, updated: 1)
2025-01-29 18:44:10,024 INFO c.h.h.t.HelmChartContainer - [hivemq-test-hivemq-platform] [hivemq-platform-operator] [3481ac48] 18:44:10.023 [ReconcilerExecutor-hivemq-controller-98] DEBUG c.h.p.o.HiveMQPlatformReconciler - [helmplat] StatefulSet Spec (replicas: 1, init containers: 1, containers: 1, volumes: 5)
2025-01-29 18:44:10,027 INFO c.h.h.t.HelmChartContainer - [hivemq-test-hivemq-platform] [hivemq-platform-operator] [3481ac48] 18:44:10.027 [ReconcilerExecutor-hivemq-controller-98] DEBUG c.h.p.o.h.HiveMQPlatformReconcilerErrorHandler - [helmplat] Pod 'test-hivemq-platform-0' phase Pending
2025-01-29 18:44:10,028 INFO c.h.h.t.HelmChartContainer - [hivemq-test-hivemq-platform] [hivemq-platform-operator] [3481ac48] 18:44:10.027 [ReconcilerExecutor-hivemq-controller-98] DEBUG c.h.p.o.h.HiveMQPlatformReconcilerErrorHandler - [helmplat] Pod 'test-hivemq-platform-0' condition 'PodReadyToStartContainers': True
2025-01-29 18:44:10,028 INFO c.h.h.t.HelmChartContainer - [hivemq-test-hivemq-platform] [hivemq-platform-operator] [3481ac48] 18:44:10.027 [ReconcilerExecutor-hivemq-controller-98] DEBUG c.h.p.o.h.HiveMQPlatformReconcilerErrorHandler - [helmplat] Pod 'test-hivemq-platform-0' condition 'Initialized': True
2025-01-29 18:44:10,029 INFO c.h.h.t.HelmChartContainer - [hivemq-test-hivemq-platform] [hivemq-platform-operator] [3481ac48] 18:44:10.027 [ReconcilerExecutor-hivemq-controller-98] DEBUG c.h.p.o.h.HiveMQPlatformReconcilerErrorHandler - [helmplat] Pod 'test-hivemq-platform-0' condition 'Ready': False
2025-01-29 18:44:10,029 INFO c.h.h.t.HelmChartContainer - [hivemq-test-hivemq-platform] [hivemq-platform-operator] [3481ac48] 18:44:10.027 [ReconcilerExecutor-hivemq-controller-98] DEBUG c.h.p.o.h.HiveMQPlatformReconcilerErrorHandler - [helmplat] Pod 'test-hivemq-platform-0' condition 'ContainersReady': False
2025-01-29 18:44:10,029 INFO c.h.h.t.HelmChartContainer - [hivemq-test-hivemq-platform] [hivemq-platform-operator] [3481ac48] 18:44:10.027 [ReconcilerExecutor-hivemq-controller-98] DEBUG c.h.p.o.h.HiveMQPlatformReconcilerErrorHandler - [helmplat] Pod 'test-hivemq-platform-0' condition 'PodScheduled': True
2025-01-29 18:44:10,029 INFO c.h.h.t.HelmChartContainer - [hivemq-test-hivemq-platform] [hivemq-platform-operator] [3481ac48] 18:44:10.028 [ReconcilerExecutor-hivemq-controller-98] DEBUG c.h.p.o.h.HiveMQPlatformReconcilerErrorHandler - [helmplat] Pod 'test-hivemq-platform-0' containerStatus 'hivemq' (started: false) (ready: false) (waiting: [PodInitializing] null)
2025-01-29 18:44:10,030 INFO c.h.h.t.HelmChartContainer - [hivemq-test-hivemq-platform] [hivemq-platform-operator] [3481ac48] 18:44:10.029 [ReconcilerExecutor-hivemq-controller-98] INFO  c.h.p.o.h.HiveMQPlatformReconcilerBaseHandler - [helmplat] HiveMQ Platform is starting, 0 of 1 replicas are ready
2025-01-29 18:44:10,990 INFO c.h.h.t.HelmChartContainer - [EVENT] Normal [Created] Created container: hivemq [helmplatformtlsit:test-hivemq-platform-0]
2025-01-29 18:44:10,990 INFO c.h.h.t.HelmChartContainer - Received Created event for container hivemq in pod test-hivemq-platform-0 [457d72c2-5b7a-46f6-82d7-e7842c12b7e3]
2025-01-29 18:44:11,917 INFO c.h.h.t.HelmChartContainer - [POD] test-hivemq-platform-0 [457d72c2-5b7a-46f6-82d7-e7842c12b7e3] in helmplatformtlsit was MODIFIED
2025-01-29 18:44:11,936 INFO c.h.h.t.HelmChartContainer - [EVENT] Normal [Started] Started container hivemq [helmplatformtlsit:test-hivemq-platform-0]
2025-01-29 18:44:11,936 INFO c.h.h.t.HelmChartContainer - Received Started event for container hivemq in pod test-hivemq-platform-0 [457d72c2-5b7a-46f6-82d7-e7842c12b7e3]
2025-01-29 18:44:11,937 INFO c.h.h.t.HelmChartContainer - Started log watcher for hivemq in pod test-hivemq-platform-0 [457d72c2-5b7a-46f6-82d7-e7842c12b7e3]
2025-01-29 18:44:11,937 INFO c.h.h.t.HelmChartContainer - [test-hivemq-platform] [hivemq] [457d72c2] Adding pre-installed HiveMQ Platform Operator extensions
2025-01-29 18:44:11,937 INFO c.h.h.t.HelmChartContainer - [test-hivemq-platform] [hivemq] [457d72c2] Running as user 10000
2025-01-29 18:44:11,937 INFO c.h.h.t.HelmChartContainer - [test-hivemq-platform] [hivemq] [457d72c2] Starting HiveMQ Platform Operator Init
2025-01-29 18:44:11,937 INFO c.h.h.t.HelmChartContainer - [hivemq-test-hivemq-platform] [hivemq-platform-operator] [3481ac48] 18:44:11.932 [pool-6-thread-6] DEBUG c.h.p.o.d.PlatformServiceResource - [helmplat] Desired Platform services (4 services)
2025-01-29 18:44:11,945 INFO c.h.h.t.HelmChartContainer - [hivemq-test-hivemq-platform] [hivemq-platform-operator] [3481ac48] 18:44:11.944 [pool-6-thread-8] DEBUG c.h.p.o.dependants.PodInfoConfigMap - [helmplat] Desired PodInfo ConfigMap (1 extensions) (1 enabled)
2025-01-29 18:44:11,946 INFO c.h.h.t.HelmChartContainer - [hivemq-test-hivemq-platform] [hivemq-platform-operator] [3481ac48] 18:44:11.945 [pool-6-thread-3] DEBUG c.h.p.o.d.PodServiceAccountResource - [helmplat] Desired PodServiceAccountResource (serviceAccountName: hivemq-platform-pod-test-hivemq-platform)
2025-01-29 18:44:11,948 INFO c.h.h.t.HelmChartContainer - [hivemq-test-hivemq-platform] [hivemq-platform-operator] [3481ac48] 18:44:11.946 [pool-6-thread-8] DEBUG c.h.p.o.dependants.PodInfoConfigMap - [helmplat] Desired PodInfo ConfigMap (metrics port: 9399) (metrics path: /)
2025-01-29 18:44:11,990 INFO c.h.h.t.HelmChartContainer - [hivemq-test-hivemq-platform] [hivemq-platform-operator] [3481ac48] 18:44:11.946 [pool-6-thread-8] DEBUG c.h.p.o.dependants.PodInfoConfigMap - [helmplat] Desired PodInfo ConfigMap (extension state hash: -1817474005)
2025-01-29 18:44:12,015 INFO c.h.h.t.HelmChartContainer - [hivemq-test-hivemq-platform] [hivemq-platform-operator] [3481ac48] 18:44:12.014 [pool-6-thread-8] DEBUG c.h.p.o.d.StatefulSetResource - [helmplat] Desired StatefulSet (1 replicas) for status STARTING (READY)
2025-01-29 18:44:12,023 INFO c.h.h.t.HelmChartContainer - [hivemq-test-hivemq-platform] [hivemq-platform-operator] [3481ac48] 18:44:12.021 [ReconcilerExecutor-hivemq-controller-109] INFO  c.h.p.o.HiveMQPlatformReconciler - [helmplat] Reconciling HiveMQ Platform 'test-hivemq-platform' in namespace 'helmplatformtlsit'
2025-01-29 18:44:12,023 INFO c.h.h.t.HelmChartContainer - [hivemq-test-hivemq-platform] [hivemq-platform-operator] [3481ac48] 18:44:12.021 [ReconcilerExecutor-hivemq-controller-109] DEBUG c.h.p.o.HiveMQPlatformReconciler - [helmplat] Custom Resource Status STARTING - HiveMQ Platform is starting (READY)
2025-01-29 18:44:12,023 INFO c.h.h.t.HelmChartContainer - [hivemq-test-hivemq-platform] [hivemq-platform-operator] [3481ac48] 18:44:12.021 [ReconcilerExecutor-hivemq-controller-109] DEBUG c.h.p.o.HiveMQPlatformReconciler - [helmplat] Custom Resource Spec (replicas: 1) (extensions: 1)
2025-01-29 18:44:12,026 INFO c.h.h.t.HelmChartContainer - [hivemq-test-hivemq-platform] [hivemq-platform-operator] [3481ac48] 18:44:12.024 [ReconcilerExecutor-hivemq-controller-109] DEBUG c.h.p.o.HiveMQPlatformReconciler - [helmplat] StatefulSet Status (revision: test-hivemq-platform-75995845c9, replicas: 1, available: 0, ready: 0, current: 1, updated: 1)
2025-01-29 18:44:12,026 INFO c.h.h.t.HelmChartContainer - [hivemq-test-hivemq-platform] [hivemq-platform-operator] [3481ac48] 18:44:12.024 [ReconcilerExecutor-hivemq-controller-109] DEBUG c.h.p.o.HiveMQPlatformReconciler - [helmplat] StatefulSet Spec (replicas: 1, init containers: 1, containers: 1, volumes: 5)
2025-01-29 18:44:12,026 INFO c.h.h.t.HelmChartContainer - [hivemq-test-hivemq-platform] [hivemq-platform-operator] [3481ac48] 18:44:12.026 [ReconcilerExecutor-hivemq-controller-109] DEBUG c.h.p.o.h.HiveMQPlatformReconcilerErrorHandler - [helmplat] Pod 'test-hivemq-platform-0' phase Running
2025-01-29 18:44:12,028 INFO c.h.h.t.HelmChartContainer - [hivemq-test-hivemq-platform] [hivemq-platform-operator] [3481ac48] 18:44:12.027 [ReconcilerExecutor-hivemq-controller-109] INFO  c.h.p.o.h.HiveMQPlatformReconcilerBaseHandler - [helmplat] HiveMQ Platform is starting, 0 of 1 replicas are ready
2025-01-29 18:44:12,244 INFO c.h.h.t.HelmChartContainer - [test-hivemq-platform] [hivemq] [457d72c2] INFO  - [HiveMQ Platform Operator Init 1.7.0-SNAPSHOT] HiveMQ Platform Operator Init 1.7.0-SNAPSHOT (commit: b1b9591 on branch: HEAD) built on Wed Jan 29 18:32:18 UTC 2025
2025-01-29 18:44:13,546 INFO c.h.h.t.HelmChartContainer - [test-hivemq-platform] [hivemq] [457d72c2] INFO  - [HiveMQ Platform Operator Init App 1.7.0-SNAPSHOT] Using bind address 10.42.0.14 from environment variable
2025-01-29 18:44:14,443 INFO c.h.h.t.HelmChartContainer - [test-hivemq-platform] [hivemq] [457d72c2] INFO  - [HiveMQ Platform Operator Init App 1.7.0-SNAPSHOT] HiveMQ Platform Operator Init App 1.7.0-SNAPSHOT (commit: b1b9591 on branch: HEAD) built on Wed Jan 29 18:32:18 UTC 2025
2025-01-29 18:44:14,443 INFO c.h.h.t.HelmChartContainer - [test-hivemq-platform] [hivemq] [457d72c2] INFO  - [HiveMQ Platform Operator Init App 1.7.0-SNAPSHOT] PodInfo ConfigMap directory: /etc/podinfo
2025-01-29 18:44:14,443 INFO c.h.h.t.HelmChartContainer - [test-hivemq-platform] [hivemq] [457d72c2] INFO  - [HiveMQ Platform Operator Init App 1.7.0-SNAPSHOT] HiveMQ home directory: /opt/hivemq
2025-01-29 18:44:14,443 INFO c.h.h.t.HelmChartContainer - [test-hivemq-platform] [hivemq] [457d72c2] INFO  - [HiveMQ Platform Operator Init App 1.7.0-SNAPSHOT] HiveMQ Logback folder: /opt/hivemq/conf
2025-01-29 18:44:14,443 INFO c.h.h.t.HelmChartContainer - [test-hivemq-platform] [hivemq] [457d72c2] INFO  - [HiveMQ Platform Operator Init App 1.7.0-SNAPSHOT] HiveMQ Config folder: /opt/hivemq/conf-k8s
2025-01-29 18:44:14,444 INFO c.h.h.t.HelmChartContainer - [test-hivemq-platform] [hivemq] [457d72c2] INFO  - [HiveMQ Platform Operator Init App 1.7.0-SNAPSHOT] Starting HiveMQ Platform Operator Init App
2025-01-29 18:44:14,444 INFO c.h.h.t.HelmChartContainer - [test-hivemq-platform] [hivemq] [457d72c2] INFO  - [HiveMQ Platform Operator Init App 1.7.0-SNAPSHOT] Starting Pod reconciler
2025-01-29 18:44:15,550 INFO c.h.h.t.HelmChartContainer - [test-hivemq-platform] [hivemq] [457d72c2] INFO  - [HiveMQ Platform Operator Init App 1.7.0-SNAPSHOT] Pod reconciler is scheduled (interval: 5000 ms)
2025-01-29 18:44:15,624 INFO c.h.h.t.HelmChartContainer - [test-hivemq-platform] [hivemq] [457d72c2] INFO  - [HiveMQ Platform Operator Init App 1.7.0-SNAPSHOT] Starting the REST API on 10.42.0.14:7979
2025-01-29 18:44:15,627 INFO c.h.h.t.HelmChartContainer - [test-hivemq-platform] [hivemq] [457d72c2] INFO  - [HiveMQ Platform Operator Init App 1.7.0-SNAPSHOT] Waiting up to 600s for at most 1 HiveMQ nodes in cluster service hivemq-test-hivemq-platform-cluster.helmplatformtlsit.svc
2025-01-29 18:44:15,938 INFO c.h.h.t.HelmChartContainer - [test-hivemq-platform] [hivemq] [457d72c2] INFO  - [HiveMQ Platform Operator Init App 1.7.0-SNAPSHOT] Resolved 1 IP addresses: [10.42.0.14]
2025-01-29 18:44:15,939 INFO c.h.h.t.HelmChartContainer - [test-hivemq-platform] [hivemq] [457d72c2] INFO  - [HiveMQ Platform Operator Init App 1.7.0-SNAPSHOT] HiveMQ node count of 1 is within threshold of 1
2025-01-29 18:44:15,939 INFO c.h.h.t.HelmChartContainer - [test-hivemq-platform] [hivemq] [457d72c2] INFO  - [HiveMQ Platform Operator Init App 1.7.0-SNAPSHOT] Proceeding with container start
2025-01-29 18:44:16,037 INFO c.h.h.t.HelmChartContainer - [test-hivemq-platform] [hivemq] [457d72c2] INFO  - [HiveMQ Platform Operator Init App 1.7.0-SNAPSHOT] Initializing HiveMQ Platform extensions with initial configuration: {hivemq-allow-all-extension={start-priority=-1, skip-https-hostname-verification=false, restart=true, config-version=0, header-version=0, c-uri=, priority=-1, uri=preinstalled, skip-https-certificate-validation=false, enabled=true}, hivemq-prometheus-extension={restart=true, priority=-1, start-priority=-1, c-uri=, skip-https-hostname-verification=false, skip-https-certificate-validation=false, uri=preinstalled, request-header-path=no-request-headers, enabled=true}}
2025-01-29 18:44:16,445 INFO c.h.h.t.HelmChartContainer - [test-hivemq-platform] [hivemq] [457d72c2] INFO  - [HiveMQ Platform Operator Init App 1.7.0-SNAPSHOT] Extension hivemq-allow-all-extension was already enabled
2025-01-29 18:44:16,533 INFO c.h.h.t.HelmChartContainer - [test-hivemq-platform] [hivemq] [457d72c2] INFO  - [HiveMQ Platform Operator Init App 1.7.0-SNAPSHOT] Successfully enabled extension hivemq-prometheus-extension
2025-01-29 18:44:16,535 INFO c.h.h.t.HelmChartContainer - [test-hivemq-platform] [hivemq] [457d72c2] INFO  - [HiveMQ Platform Operator Init App 1.7.0-SNAPSHOT] Starting HiveMQ Platform version 4.36.0 (4.36.0)
2025-01-29 18:44:16,535 INFO c.h.h.t.HelmChartContainer - [test-hivemq-platform] [hivemq] [457d72c2] INFO  - [HiveMQ Platform Operator Init App 1.7.0-SNAPSHOT] Configuring the HiveMQ Platform
2025-01-29 18:44:16,627 INFO c.h.h.t.HelmChartContainer - [test-hivemq-platform] [hivemq] [457d72c2] INFO  - [HiveMQ Platform Operator Init App 1.7.0-SNAPSHOT] Changed logback.xml file scan period to 20 seconds
2025-01-29 18:44:16,637 INFO c.h.h.t.HelmChartContainer - [test-hivemq-platform] [hivemq] [457d72c2] INFO  - [HiveMQ Platform Operator Init App 1.7.0-SNAPSHOT] Starting the HiveMQ Platform
2025-01-29 18:44:16,640 INFO c.h.h.t.HelmChartContainer - [test-hivemq-platform] [hivemq] [457d72c2] -------------------------------------------------------------------------
2025-01-29 18:44:16,640 INFO c.h.h.t.HelmChartContainer - [test-hivemq-platform] [hivemq] [457d72c2] 
2025-01-29 18:44:16,640 INFO c.h.h.t.HelmChartContainer - [test-hivemq-platform] [hivemq] [457d72c2]                   _    _  _              __  __   ____
2025-01-29 18:44:16,640 INFO c.h.h.t.HelmChartContainer - [test-hivemq-platform] [hivemq] [457d72c2]                  | |  | |(_)            |  \/  | / __ \
2025-01-29 18:44:16,640 INFO c.h.h.t.HelmChartContainer - [test-hivemq-platform] [hivemq] [457d72c2]                  | |__| | _ __   __ ___ | \  / || |  | |
2025-01-29 18:44:16,640 INFO c.h.h.t.HelmChartContainer - [test-hivemq-platform] [hivemq] [457d72c2]                  |  __  || |\ \ / // _ \| |\/| || |  | |
2025-01-29 18:44:16,640 INFO c.h.h.t.HelmChartContainer - [test-hivemq-platform] [hivemq] [457d72c2]                  | |  | || | \ V /|  __/| |  | || |__| |
2025-01-29 18:44:16,640 INFO c.h.h.t.HelmChartContainer - [test-hivemq-platform] [hivemq] [457d72c2]                  |_|  |_||_|  \_/  \___||_|  |_| \___\_\
2025-01-29 18:44:16,640 INFO c.h.h.t.HelmChartContainer - [test-hivemq-platform] [hivemq] [457d72c2] 
2025-01-29 18:44:16,640 INFO c.h.h.t.HelmChartContainer - [test-hivemq-platform] [hivemq] [457d72c2] -------------------------------------------------------------------------
2025-01-29 18:44:16,640 INFO c.h.h.t.HelmChartContainer - [test-hivemq-platform] [hivemq] [457d72c2] 
2025-01-29 18:44:16,640 INFO c.h.h.t.HelmChartContainer - [test-hivemq-platform] [hivemq] [457d72c2]   HiveMQ Start Script for Linux/Unix v1.14
2025-01-29 18:44:16,640 INFO c.h.h.t.HelmChartContainer - [test-hivemq-platform] [hivemq] [457d72c2] 
2025-01-29 18:44:16,748 INFO c.h.h.t.HelmChartContainer - [test-hivemq-platform] [hivemq] [457d72c2] -------------------------------------------------------------------------
2025-01-29 18:44:16,748 INFO c.h.h.t.HelmChartContainer - [test-hivemq-platform] [hivemq] [457d72c2] 
2025-01-29 18:44:16,748 INFO c.h.h.t.HelmChartContainer - [test-hivemq-platform] [hivemq] [457d72c2]   HIVEMQ_HOME: /opt/hivemq
2025-01-29 18:44:16,749 INFO c.h.h.t.HelmChartContainer - [test-hivemq-platform] [hivemq] [457d72c2] 
2025-01-29 18:44:16,749 INFO c.h.h.t.HelmChartContainer - [test-hivemq-platform] [hivemq] [457d72c2]   JAVA_OPTS: -XX:+UnlockExperimentalVMOptions -XX:InitialRAMPercentage=50 -XX:MaxRAMPercentage=50 -Djava.net.preferIPv4Stack=true --add-opens java.base/java.lang=ALL-UNNAMED --add-opens java.base/java.nio=ALL-UNNAMED --add-opens java.base/sun.nio.ch=ALL-UNNAMED --add-opens jdk.management/com.sun.management.internal=ALL-UNNAMED --add-exports java.base/jdk.internal.misc=ALL-UNNAMED -Djava.security.egd=file:/dev/./urandom -Dcom.sun.management.jmxremote -Dcom.sun.management.jmxremote.port=9010 -Dcom.sun.management.jmxremote.local.only=false -Dcom.sun.management.jmxremote.authenticate=false -Dcom.sun.management.jmxremote.ssl=false -Duser.language=en -Duser.region=US -XX:+CrashOnOutOfMemoryError -XX:+HeapDumpOnOutOfMemoryError
2025-01-29 18:44:16,749 INFO c.h.h.t.HelmChartContainer - [test-hivemq-platform] [hivemq] [457d72c2] 
2025-01-29 18:44:16,749 INFO c.h.h.t.HelmChartContainer - [test-hivemq-platform] [hivemq] [457d72c2]   JAVA_VERSION: 21
2025-01-29 18:44:16,749 INFO c.h.h.t.HelmChartContainer - [test-hivemq-platform] [hivemq] [457d72c2] 
2025-01-29 18:44:16,749 INFO c.h.h.t.HelmChartContainer - [test-hivemq-platform] [hivemq] [457d72c2] -------------------------------------------------------------------------
2025-01-29 18:44:16,749 INFO c.h.h.t.HelmChartContainer - [test-hivemq-platform] [hivemq] [457d72c2] 
2025-01-29 18:44:17,933 INFO c.h.h.t.HelmChartContainer - [test-hivemq-platform] [hivemq] [457d72c2] INFO  - [HiveMQ Platform Operator Init App 1.7.0-SNAPSHOT] Returning default Health API response 503 for readiness
2025-01-29 18:44:18,335 INFO c.h.h.t.HelmChartContainer - [EVENT] Warning [Unhealthy] Readiness probe failed: HTTP probe failed with statuscode: 503 [helmplatformtlsit:test-hivemq-platform-0]
2025-01-29 18:44:18,335 INFO c.h.h.t.HelmChartContainer - Received Unhealthy event for container hivemq in pod test-hivemq-platform-0 [457d72c2-5b7a-46f6-82d7-e7842c12b7e3]
2025-01-29 18:44:19,344 INFO c.h.h.t.HelmChartContainer - [test-hivemq-platform] [hivemq] [457d72c2] INFO  - Starting HiveMQ Enterprise Server
2025-01-29 18:44:19,429 INFO c.h.h.t.HelmChartContainer - [test-hivemq-platform] [hivemq] [457d72c2] INFO  - HiveMQ version: 4.36.0
2025-01-29 18:44:19,429 INFO c.h.h.t.HelmChartContainer - [test-hivemq-platform] [hivemq] [457d72c2] INFO  - HiveMQ home directory: /opt/hivemq
2025-01-29 18:44:19,429 INFO c.h.h.t.HelmChartContainer - [test-hivemq-platform] [hivemq] [457d72c2] INFO  - Log Configuration was overridden by /opt/hivemq/conf/logback.xml
2025-01-29 18:44:20,548 INFO c.h.h.t.HelmChartContainer - [test-hivemq-platform] [hivemq] [457d72c2] INFO  - Successfully loaded configuration from '/opt/hivemq/conf-k8s/config.xml'.
2025-01-29 18:44:21,336 INFO c.h.h.t.HelmChartContainer - [test-hivemq-platform] [hivemq] [457d72c2] INFO  - This node's ID is ehyMo
2025-01-29 18:44:21,336 INFO c.h.h.t.HelmChartContainer - [test-hivemq-platform] [hivemq] [457d72c2] INFO  - Clustering is enabled
2025-01-29 18:44:22,041 INFO c.h.h.t.HelmChartContainer - [hivemq-test-hivemq-platform] [hivemq-platform-operator] [3481ac48] 18:44:22.040 [pool-6-thread-17] DEBUG c.h.p.o.d.PlatformServiceResource - [helmplat] Desired Platform services (4 services)
2025-01-29 18:44:22,043 INFO c.h.h.t.HelmChartContainer - [hivemq-test-hivemq-platform] [hivemq-platform-operator] [3481ac48] 18:44:22.041 [pool-6-thread-15] DEBUG c.h.p.o.dependants.PodInfoConfigMap - [helmplat] Desired PodInfo ConfigMap (1 extensions) (1 enabled)
2025-01-29 18:44:22,043 INFO c.h.h.t.HelmChartContainer - [hivemq-test-hivemq-platform] [hivemq-platform-operator] [3481ac48] 18:44:22.041 [pool-6-thread-15] DEBUG c.h.p.o.dependants.PodInfoConfigMap - [helmplat] Desired PodInfo ConfigMap (metrics port: 9399) (metrics path: /)
2025-01-29 18:44:22,043 INFO c.h.h.t.HelmChartContainer - [hivemq-test-hivemq-platform] [hivemq-platform-operator] [3481ac48] 18:44:22.041 [pool-6-thread-15] DEBUG c.h.p.o.dependants.PodInfoConfigMap - [helmplat] Desired PodInfo ConfigMap (extension state hash: -1817474005)
2025-01-29 18:44:22,046 INFO c.h.h.t.HelmChartContainer - [hivemq-test-hivemq-platform] [hivemq-platform-operator] [3481ac48] 18:44:22.043 [pool-6-thread-16] DEBUG c.h.p.o.d.PodServiceAccountResource - [helmplat] Desired PodServiceAccountResource (serviceAccountName: hivemq-platform-pod-test-hivemq-platform)
2025-01-29 18:44:22,049 INFO c.h.h.t.HelmChartContainer - [hivemq-test-hivemq-platform] [hivemq-platform-operator] [3481ac48] 18:44:22.048 [pool-6-thread-17] DEBUG c.h.p.o.d.StatefulSetResource - [helmplat] Desired StatefulSet (1 replicas) for status STARTING (READY)
2025-01-29 18:44:22,055 INFO c.h.h.t.HelmChartContainer - [hivemq-test-hivemq-platform] [hivemq-platform-operator] [3481ac48] 18:44:22.052 [ReconcilerExecutor-hivemq-controller-110] INFO  c.h.p.o.HiveMQPlatformReconciler - [helmplat] Reconciling HiveMQ Platform 'test-hivemq-platform' in namespace 'helmplatformtlsit'
2025-01-29 18:44:22,055 INFO c.h.h.t.HelmChartContainer - [hivemq-test-hivemq-platform] [hivemq-platform-operator] [3481ac48] 18:44:22.053 [ReconcilerExecutor-hivemq-controller-110] DEBUG c.h.p.o.HiveMQPlatformReconciler - [helmplat] Custom Resource Status STARTING - HiveMQ Platform is starting (READY)
2025-01-29 18:44:22,055 INFO c.h.h.t.HelmChartContainer - [hivemq-test-hivemq-platform] [hivemq-platform-operator] [3481ac48] 18:44:22.053 [ReconcilerExecutor-hivemq-controller-110] DEBUG c.h.p.o.HiveMQPlatformReconciler - [helmplat] Custom Resource Spec (replicas: 1) (extensions: 1)
2025-01-29 18:44:22,056 INFO c.h.h.t.HelmChartContainer - [hivemq-test-hivemq-platform] [hivemq-platform-operator] [3481ac48] 18:44:22.055 [ReconcilerExecutor-hivemq-controller-110] DEBUG c.h.p.o.HiveMQPlatformReconciler - [helmplat] StatefulSet Status (revision: test-hivemq-platform-75995845c9, replicas: 1, available: 0, ready: 0, current: 1, updated: 1)
2025-01-29 18:44:22,056 INFO c.h.h.t.HelmChartContainer - [hivemq-test-hivemq-platform] [hivemq-platform-operator] [3481ac48] 18:44:22.055 [ReconcilerExecutor-hivemq-controller-110] DEBUG c.h.p.o.HiveMQPlatformReconciler - [helmplat] StatefulSet Spec (replicas: 1, init containers: 1, containers: 1, volumes: 5)
2025-01-29 18:44:22,114 INFO c.h.h.t.HelmChartContainer - [hivemq-test-hivemq-platform] [hivemq-platform-operator] [3481ac48] 18:44:22.112 [ReconcilerExecutor-hivemq-controller-110] DEBUG c.h.p.o.h.HiveMQPlatformReconcilerErrorHandler - [helmplat] Pod 'test-hivemq-platform-0' phase Running
2025-01-29 18:44:22,115 INFO c.h.h.t.HelmChartContainer - [hivemq-test-hivemq-platform] [hivemq-platform-operator] [3481ac48] 18:44:22.113 [ReconcilerExecutor-hivemq-controller-110] INFO  c.h.p.o.h.HiveMQPlatformReconcilerBaseHandler - [helmplat] HiveMQ Platform is starting, 0 of 1 replicas are ready
2025-01-29 18:44:23,332 INFO c.h.h.t.HelmChartContainer - [test-hivemq-platform] [hivemq] [457d72c2] WARN  - [HiveMQ Platform Operator Init App 1.7.0-SNAPSHOT] Cannot connect to Health API for readiness: null
2025-01-29 18:44:23,341 INFO c.h.h.t.HelmChartContainer - [EVENT] Warning [Unhealthy] Readiness probe failed: HTTP probe failed with statuscode: 503 [helmplatformtlsit:test-hivemq-platform-0]
2025-01-29 18:44:23,341 INFO c.h.h.t.HelmChartContainer - Received Unhealthy event for container hivemq in pod test-hivemq-platform-0 [457d72c2-5b7a-46f6-82d7-e7842c12b7e3]
2025-01-29 18:44:25,928 INFO c.h.h.t.HelmChartContainer - [test-hivemq-platform] [hivemq] [457d72c2] Jan 29, 2025 6:44:25 PM io.vertx.core.impl.BlockedThreadChecker
2025-01-29 18:44:25,928 INFO c.h.h.t.HelmChartContainer - [test-hivemq-platform] [hivemq] [457d72c2] WARNING: Thread Thread[vert.x-eventloop-thread-1,5,main] has been blocked for 2305 ms, time limit is 2000 ms
2025-01-29 18:44:26,581 INFO c.h.h.t.HelmChartContainer - [test-hivemq-platform] [hivemq] [457d72c2] INFO  - [HiveMQ Platform Operator Init App 1.7.0-SNAPSHOT] Updating Pod HiveMQ Platform Operator Init App version annotation (version: 1.7.0-SNAPSHOT)
2025-01-29 18:44:27,543 INFO c.h.h.t.HelmChartContainer - [POD] test-hivemq-platform-0 [457d72c2-5b7a-46f6-82d7-e7842c12b7e3] in helmplatformtlsit was MODIFIED
2025-01-29 18:44:27,550 INFO c.h.h.t.HelmChartContainer - [hivemq-test-hivemq-platform] [hivemq-platform-operator] [3481ac48] 18:44:27.549 [pool-6-thread-26] DEBUG c.h.p.o.d.PlatformServiceResource - [helmplat] Desired Platform services (4 services)
2025-01-29 18:44:27,551 INFO c.h.h.t.HelmChartContainer - [hivemq-test-hivemq-platform] [hivemq-platform-operator] [3481ac48] 18:44:27.549 [pool-6-thread-23] DEBUG c.h.p.o.dependants.PodInfoConfigMap - [helmplat] Desired PodInfo ConfigMap (1 extensions) (1 enabled)
2025-01-29 18:44:27,551 INFO c.h.h.t.HelmChartContainer - [hivemq-test-hivemq-platform] [hivemq-platform-operator] [3481ac48] 18:44:27.549 [pool-6-thread-23] DEBUG c.h.p.o.dependants.PodInfoConfigMap - [helmplat] Desired PodInfo ConfigMap (metrics port: 9399) (metrics path: /)
2025-01-29 18:44:27,551 INFO c.h.h.t.HelmChartContainer - [hivemq-test-hivemq-platform] [hivemq-platform-operator] [3481ac48] 18:44:27.549 [pool-6-thread-23] DEBUG c.h.p.o.dependants.PodInfoConfigMap - [helmplat] Desired PodInfo ConfigMap (extension state hash: -1817474005)
2025-01-29 18:44:27,552 INFO c.h.h.t.HelmChartContainer - [hivemq-test-hivemq-platform] [hivemq-platform-operator] [3481ac48] 18:44:27.550 [pool-6-thread-24] DEBUG c.h.p.o.d.PodServiceAccountResource - [helmplat] Desired PodServiceAccountResource (serviceAccountName: hivemq-platform-pod-test-hivemq-platform)
2025-01-29 18:44:27,556 INFO c.h.h.t.HelmChartContainer - [hivemq-test-hivemq-platform] [hivemq-platform-operator] [3481ac48] 18:44:27.555 [pool-6-thread-26] DEBUG c.h.p.o.d.StatefulSetResource - [helmplat] Desired StatefulSet (1 replicas) for status STARTING (READY)
2025-01-29 18:44:27,559 INFO c.h.h.t.HelmChartContainer - [hivemq-test-hivemq-platform] [hivemq-platform-operator] [3481ac48] 18:44:27.558 [ReconcilerExecutor-hivemq-controller-111] INFO  c.h.p.o.HiveMQPlatformReconciler - [helmplat] Reconciling HiveMQ Platform 'test-hivemq-platform' in namespace 'helmplatformtlsit'
2025-01-29 18:44:27,560 INFO c.h.h.t.HelmChartContainer - [hivemq-test-hivemq-platform] [hivemq-platform-operator] [3481ac48] 18:44:27.559 [ReconcilerExecutor-hivemq-controller-111] DEBUG c.h.p.o.HiveMQPlatformReconciler - [helmplat] Custom Resource Status STARTING - HiveMQ Platform is starting (READY)
2025-01-29 18:44:27,560 INFO c.h.h.t.HelmChartContainer - [hivemq-test-hivemq-platform] [hivemq-platform-operator] [3481ac48] 18:44:27.559 [ReconcilerExecutor-hivemq-controller-111] DEBUG c.h.p.o.HiveMQPlatformReconciler - [helmplat] Custom Resource Spec (replicas: 1) (extensions: 1)
2025-01-29 18:44:27,561 INFO c.h.h.t.HelmChartContainer - [hivemq-test-hivemq-platform] [hivemq-platform-operator] [3481ac48] 18:44:27.561 [ReconcilerExecutor-hivemq-controller-111] DEBUG c.h.p.o.HiveMQPlatformReconciler - [helmplat] StatefulSet Status (revision: test-hivemq-platform-75995845c9, replicas: 1, available: 0, ready: 0, current: 1, updated: 1)
2025-01-29 18:44:27,561 INFO c.h.h.t.HelmChartContainer - [hivemq-test-hivemq-platform] [hivemq-platform-operator] [3481ac48] 18:44:27.561 [ReconcilerExecutor-hivemq-controller-111] DEBUG c.h.p.o.HiveMQPlatformReconciler - [helmplat] StatefulSet Spec (replicas: 1, init containers: 1, containers: 1, volumes: 5)
2025-01-29 18:44:27,562 INFO c.h.h.t.HelmChartContainer - [hivemq-test-hivemq-platform] [hivemq-platform-operator] [3481ac48] 18:44:27.562 [ReconcilerExecutor-hivemq-controller-111] DEBUG c.h.p.o.h.HiveMQPlatformReconcilerErrorHandler - [helmplat] Pod 'test-hivemq-platform-0' phase Running
2025-01-29 18:44:27,613 INFO c.h.h.t.HelmChartContainer - [hivemq-test-hivemq-platform] [hivemq-platform-operator] [3481ac48] 18:44:27.612 [ReconcilerExecutor-hivemq-controller-111] INFO  c.h.p.o.h.HiveMQPlatformReconcilerBaseHandler - [helmplat] HiveMQ Platform is starting, 0 of 1 replicas are ready
2025-01-29 18:44:27,631 INFO c.h.h.t.HelmChartContainer - [test-hivemq-platform] [hivemq] [457d72c2] WARN  - [HiveMQ Platform Operator Init App 1.7.0-SNAPSHOT] Cannot connect to Health API for readiness: null
2025-01-29 18:44:27,635 INFO c.h.h.t.HelmChartContainer - [EVENT] Warning [Unhealthy] Readiness probe failed: HTTP probe failed with statuscode: 503 [helmplatformtlsit:test-hivemq-platform-0]
2025-01-29 18:44:27,636 INFO c.h.h.t.HelmChartContainer - Received Unhealthy event for container hivemq in pod test-hivemq-platform-0 [457d72c2-5b7a-46f6-82d7-e7842c12b7e3]
2025-01-29 18:44:27,680 INFO c.h.h.t.HelmChartContainer - [test-hivemq-platform] [hivemq] [457d72c2] INFO  - [HiveMQ Platform Operator Init App 1.7.0-SNAPSHOT] Successfully updated Pod HiveMQ Platform Operator Init App version annotation (version: 1.7.0-SNAPSHOT)
2025-01-29 18:44:32,627 INFO c.h.h.t.HelmChartContainer - [test-hivemq-platform] [hivemq] [457d72c2] WARN  - [HiveMQ Platform Operator Init App 1.7.0-SNAPSHOT] Cannot connect to Health API for readiness: null
2025-01-29 18:44:32,634 INFO c.h.h.t.HelmChartContainer - [EVENT] Warning [Unhealthy] Readiness probe failed: HTTP probe failed with statuscode: 503 [helmplatformtlsit:test-hivemq-platform-0]
2025-01-29 18:44:32,634 INFO c.h.h.t.HelmChartContainer - Received Unhealthy event for container hivemq in pod test-hivemq-platform-0 [457d72c2-5b7a-46f6-82d7-e7842c12b7e3]
2025-01-29 18:44:37,620 INFO c.h.h.t.HelmChartContainer - [hivemq-test-hivemq-platform] [hivemq-platform-operator] [3481ac48] 18:44:37.616 [pool-6-thread-37] DEBUG c.h.p.o.d.PlatformServiceResource - [helmplat] Desired Platform services (4 services)
2025-01-29 18:44:37,620 INFO c.h.h.t.HelmChartContainer - [hivemq-test-hivemq-platform] [hivemq-platform-operator] [3481ac48] 18:44:37.616 [pool-6-thread-34] DEBUG c.h.p.o.d.PodServiceAccountResource - [helmplat] Desired PodServiceAccountResource (serviceAccountName: hivemq-platform-pod-test-hivemq-platform)
2025-01-29 18:44:37,620 INFO c.h.h.t.HelmChartContainer - [hivemq-test-hivemq-platform] [hivemq-platform-operator] [3481ac48] 18:44:37.616 [pool-6-thread-36] DEBUG c.h.p.o.dependants.PodInfoConfigMap - [helmplat] Desired PodInfo ConfigMap (1 extensions) (1 enabled)
2025-01-29 18:44:37,620 INFO c.h.h.t.HelmChartContainer - [hivemq-test-hivemq-platform] [hivemq-platform-operator] [3481ac48] 18:44:37.617 [pool-6-thread-36] DEBUG c.h.p.o.dependants.PodInfoConfigMap - [helmplat] Desired PodInfo ConfigMap (metrics port: 9399) (metrics path: /)
2025-01-29 18:44:37,620 INFO c.h.h.t.HelmChartContainer - [hivemq-test-hivemq-platform] [hivemq-platform-operator] [3481ac48] 18:44:37.617 [pool-6-thread-36] DEBUG c.h.p.o.dependants.PodInfoConfigMap - [helmplat] Desired PodInfo ConfigMap (extension state hash: -1817474005)
2025-01-29 18:44:37,624 INFO c.h.h.t.HelmChartContainer - [hivemq-test-hivemq-platform] [hivemq-platform-operator] [3481ac48] 18:44:37.623 [pool-6-thread-37] DEBUG c.h.p.o.d.StatefulSetResource - [helmplat] Desired StatefulSet (1 replicas) for status STARTING (READY)
2025-01-29 18:44:37,626 INFO c.h.h.t.HelmChartContainer - [test-hivemq-platform] [hivemq] [457d72c2] WARN  - [HiveMQ Platform Operator Init App 1.7.0-SNAPSHOT] Cannot connect to Health API for readiness: null
2025-01-29 18:44:37,631 INFO c.h.h.t.HelmChartContainer - [hivemq-test-hivemq-platform] [hivemq-platform-operator] [3481ac48] 18:44:37.630 [ReconcilerExecutor-hivemq-controller-112] INFO  c.h.p.o.HiveMQPlatformReconciler - [helmplat] Reconciling HiveMQ Platform 'test-hivemq-platform' in namespace 'helmplatformtlsit'
2025-01-29 18:44:37,631 INFO c.h.h.t.HelmChartContainer - [hivemq-test-hivemq-platform] [hivemq-platform-operator] [3481ac48] 18:44:37.630 [ReconcilerExecutor-hivemq-controller-112] DEBUG c.h.p.o.HiveMQPlatformReconciler - [helmplat] Custom Resource Status STARTING - HiveMQ Platform is starting (READY)
2025-01-29 18:44:37,631 INFO c.h.h.t.HelmChartContainer - [hivemq-test-hivemq-platform] [hivemq-platform-operator] [3481ac48] 18:44:37.630 [ReconcilerExecutor-hivemq-controller-112] DEBUG c.h.p.o.HiveMQPlatformReconciler - [helmplat] Custom Resource Spec (replicas: 1) (extensions: 1)
2025-01-29 18:44:37,635 INFO c.h.h.t.HelmChartContainer - [hivemq-test-hivemq-platform] [hivemq-platform-operator] [3481ac48] 18:44:37.632 [ReconcilerExecutor-hivemq-controller-112] DEBUG c.h.p.o.HiveMQPlatformReconciler - [helmplat] StatefulSet Status (revision: test-hivemq-platform-75995845c9, replicas: 1, available: 0, ready: 0, current: 1, updated: 1)
2025-01-29 18:44:37,635 INFO c.h.h.t.HelmChartContainer - [hivemq-test-hivemq-platform] [hivemq-platform-operator] [3481ac48] 18:44:37.632 [ReconcilerExecutor-hivemq-controller-112] DEBUG c.h.p.o.HiveMQPlatformReconciler - [helmplat] StatefulSet Spec (replicas: 1, init containers: 1, containers: 1, volumes: 5)
2025-01-29 18:44:37,637 INFO c.h.h.t.HelmChartContainer - [EVENT] Warning [Unhealthy] Readiness probe failed: HTTP probe failed with statuscode: 503 [helmplatformtlsit:test-hivemq-platform-0]
2025-01-29 18:44:37,637 INFO c.h.h.t.HelmChartContainer - Received Unhealthy event for container hivemq in pod test-hivemq-platform-0 [457d72c2-5b7a-46f6-82d7-e7842c12b7e3]
2025-01-29 18:44:37,714 INFO c.h.h.t.HelmChartContainer - [hivemq-test-hivemq-platform] [hivemq-platform-operator] [3481ac48] 18:44:37.713 [ReconcilerExecutor-hivemq-controller-112] DEBUG c.h.p.o.h.HiveMQPlatformReconcilerErrorHandler - [helmplat] Pod 'test-hivemq-platform-0' phase Running
2025-01-29 18:44:37,715 INFO c.h.h.t.HelmChartContainer - [hivemq-test-hivemq-platform] [hivemq-platform-operator] [3481ac48] 18:44:37.714 [ReconcilerExecutor-hivemq-controller-112] INFO  c.h.p.o.h.HiveMQPlatformReconcilerBaseHandler - [helmplat] HiveMQ Platform is starting, 0 of 1 replicas are ready
2025-01-29 18:44:38,026 INFO c.h.h.t.HelmChartContainer - [test-hivemq-platform] [hivemq] [457d72c2] WARN  - [HiveMQ Platform Operator Init App 1.7.0-SNAPSHOT] Cannot connect to Health API for liveness: null
2025-01-29 18:44:38,026 INFO c.h.h.t.HelmChartContainer - [test-hivemq-platform] [hivemq] [457d72c2] INFO  - [HiveMQ Platform Operator Init App 1.7.0-SNAPSHOT] Returning default Health API response 200 for liveness
2025-01-29 18:44:38,438 INFO c.h.h.t.HelmChartContainer - [test-hivemq-platform] [hivemq] [457d72c2] INFO  - No valid license file found. Using trial license, restricted to 25 connections.
2025-01-29 18:44:42,031 INFO c.h.h.t.HelmChartContainer - [test-hivemq-platform] [hivemq] [457d72c2] INFO  - No valid license file for Data Hub found. Using free license, restricted to 1 policy.
2025-01-29 18:44:42,626 INFO c.h.h.t.HelmChartContainer - [test-hivemq-platform] [hivemq] [457d72c2] WARN  - [HiveMQ Platform Operator Init App 1.7.0-SNAPSHOT] Cannot connect to Health API for readiness: null
2025-01-29 18:44:42,630 INFO c.h.h.t.HelmChartContainer - [EVENT] Warning [Unhealthy] Readiness probe failed: HTTP probe failed with statuscode: 503 [helmplatformtlsit:test-hivemq-platform-0]
2025-01-29 18:44:42,630 INFO c.h.h.t.HelmChartContainer - Received Unhealthy event for container hivemq in pod test-hivemq-platform-0 [457d72c2-5b7a-46f6-82d7-e7842c12b7e3]
2025-01-29 18:44:43,234 INFO c.h.h.t.HelmChartContainer - [test-hivemq-platform] [hivemq] [457d72c2] INFO  - Audit Logger started.
2025-01-29 18:44:43,588 INFO c.h.h.t.HelmChartContainer - [test-hivemq-platform] [hivemq] [457d72c2] INFO  - This node uses '1' CPU cores.
2025-01-29 18:44:43,592 INFO c.h.h.t.HelmChartContainer - [test-hivemq-platform] [hivemq] [457d72c2] INFO  - Starting HiveMQ Health API on address 0.0.0.0 and port 8889
2025-01-29 18:44:44,386 INFO c.h.h.t.HelmChartContainer - [test-hivemq-platform] [hivemq] [457d72c2] INFO  - Started HiveMQ Health API in 794ms
2025-01-29 18:44:44,986 INFO c.h.h.t.HelmChartContainer - [test-hivemq-platform] [hivemq] [457d72c2] INFO  - Starting HiveMQ extension system.
2025-01-29 18:44:45,234 INFO c.h.h.t.HelmChartContainer - [test-hivemq-platform] [hivemq] [457d72c2] INFO  - Starting extension with id "hivemq-dns-cluster-discovery" at /opt/hivemq/extensions/hivemq-dns-cluster-discovery
2025-01-29 18:44:45,683 INFO c.h.h.t.HelmChartContainer - [test-hivemq-platform] [hivemq] [457d72c2] INFO  - Using TCP cluster transport on address 10.42.0.14 and port 7000
2025-01-29 18:44:45,730 INFO c.h.h.t.HelmChartContainer - [test-hivemq-platform] [hivemq] [457d72c2] INFO  - Using extension cluster discovery
2025-01-29 18:44:45,782 INFO c.h.h.t.HelmChartContainer - [test-hivemq-platform] [hivemq] [457d72c2] INFO  - Extension "DNS Cluster Discovery Extension" version 4.3.2 started successfully.
2025-01-29 18:44:45,782 INFO c.h.h.t.HelmChartContainer - [test-hivemq-platform] [hivemq] [457d72c2] INFO  - Starting extension with id "hivemq-prometheus-extension" at /opt/hivemq/extensions/hivemq-prometheus-extension
2025-01-29 18:44:46,628 INFO c.h.h.t.HelmChartContainer - [test-hivemq-platform] [hivemq] [457d72c2] INFO  - Started Jetty Server exposing Prometheus Servlet on URI http://0.0.0.0:9399/
2025-01-29 18:44:46,628 INFO c.h.h.t.HelmChartContainer - [test-hivemq-platform] [hivemq] [457d72c2] INFO  - Extension "Prometheus Monitoring Extension" version 4.0.12 started successfully.
2025-01-29 18:44:46,628 INFO c.h.h.t.HelmChartContainer - [test-hivemq-platform] [hivemq] [457d72c2] INFO  - Starting extension with id "hivemq-allow-all-extension" at /opt/hivemq/extensions/hivemq-allow-all-extension
2025-01-29 18:44:46,628 INFO c.h.h.t.HelmChartContainer - [test-hivemq-platform] [hivemq] [457d72c2] WARN  - 
2025-01-29 18:44:46,628 INFO c.h.h.t.HelmChartContainer - [test-hivemq-platform] [hivemq] [457d72c2] ################################################################################################################
2025-01-29 18:44:46,628 INFO c.h.h.t.HelmChartContainer - [test-hivemq-platform] [hivemq] [457d72c2] # This HiveMQ deployment is not secure! You are lacking Authentication and Authorization.                      #
2025-01-29 18:44:46,628 INFO c.h.h.t.HelmChartContainer - [test-hivemq-platform] [hivemq] [457d72c2] # Right now any MQTT client can connect to the broker with a full set of permissions.                          #
2025-01-29 18:44:46,628 INFO c.h.h.t.HelmChartContainer - [test-hivemq-platform] [hivemq] [457d72c2] # For production usage, add an appropriate security extension and remove the hivemq-allow-all extension.       #
2025-01-29 18:44:46,628 INFO c.h.h.t.HelmChartContainer - [test-hivemq-platform] [hivemq] [457d72c2] # You can download security extensions from the HiveMQ Marketplace (https://www.hivemq.com/extensions/).       #
2025-01-29 18:44:46,628 INFO c.h.h.t.HelmChartContainer - [test-hivemq-platform] [hivemq] [457d72c2] ################################################################################################################
2025-01-29 18:44:46,628 INFO c.h.h.t.HelmChartContainer - [test-hivemq-platform] [hivemq] [457d72c2] INFO  - Extension "Allow All Extension" version 1.1.1 started successfully.
2025-01-29 18:44:47,721 INFO c.h.h.t.HelmChartContainer - [hivemq-test-hivemq-platform] [hivemq-platform-operator] [3481ac48] 18:44:47.717 [pool-6-thread-47] DEBUG c.h.p.o.d.PlatformServiceResource - [helmplat] Desired Platform services (4 services)
2025-01-29 18:44:47,722 INFO c.h.h.t.HelmChartContainer - [hivemq-test-hivemq-platform] [hivemq-platform-operator] [3481ac48] 18:44:47.718 [pool-6-thread-45] DEBUG c.h.p.o.dependants.PodInfoConfigMap - [helmplat] Desired PodInfo ConfigMap (1 extensions) (1 enabled)
2025-01-29 18:44:47,723 INFO c.h.h.t.HelmChartContainer - [hivemq-test-hivemq-platform] [hivemq-platform-operator] [3481ac48] 18:44:47.718 [pool-6-thread-45] DEBUG c.h.p.o.dependants.PodInfoConfigMap - [helmplat] Desired PodInfo ConfigMap (metrics port: 9399) (metrics path: /)
2025-01-29 18:44:47,723 INFO c.h.h.t.HelmChartContainer - [hivemq-test-hivemq-platform] [hivemq-platform-operator] [3481ac48] 18:44:47.718 [pool-6-thread-45] DEBUG c.h.p.o.dependants.PodInfoConfigMap - [helmplat] Desired PodInfo ConfigMap (extension state hash: -1817474005)
2025-01-29 18:44:47,723 INFO c.h.h.t.HelmChartContainer - [hivemq-test-hivemq-platform] [hivemq-platform-operator] [3481ac48] 18:44:47.720 [pool-6-thread-45] DEBUG c.h.p.o.d.PodServiceAccountResource - [helmplat] Desired PodServiceAccountResource (serviceAccountName: hivemq-platform-pod-test-hivemq-platform)
2025-01-29 18:44:47,732 INFO c.h.h.t.HelmChartContainer - [hivemq-test-hivemq-platform] [hivemq-platform-operator] [3481ac48] 18:44:47.729 [pool-6-thread-47] DEBUG c.h.p.o.d.StatefulSetResource - [helmplat] Desired StatefulSet (1 replicas) for status STARTING (READY)
2025-01-29 18:44:47,816 INFO c.h.h.t.HelmChartContainer - [hivemq-test-hivemq-platform] [hivemq-platform-operator] [3481ac48] 18:44:47.814 [ReconcilerExecutor-hivemq-controller-113] INFO  c.h.p.o.HiveMQPlatformReconciler - [helmplat] Reconciling HiveMQ Platform 'test-hivemq-platform' in namespace 'helmplatformtlsit'
2025-01-29 18:44:47,816 INFO c.h.h.t.HelmChartContainer - [hivemq-test-hivemq-platform] [hivemq-platform-operator] [3481ac48] 18:44:47.814 [ReconcilerExecutor-hivemq-controller-113] DEBUG c.h.p.o.HiveMQPlatformReconciler - [helmplat] Custom Resource Status STARTING - HiveMQ Platform is starting (READY)
2025-01-29 18:44:47,816 INFO c.h.h.t.HelmChartContainer - [hivemq-test-hivemq-platform] [hivemq-platform-operator] [3481ac48] 18:44:47.814 [ReconcilerExecutor-hivemq-controller-113] DEBUG c.h.p.o.HiveMQPlatformReconciler - [helmplat] Custom Resource Spec (replicas: 1) (extensions: 1)
2025-01-29 18:44:47,817 INFO c.h.h.t.HelmChartContainer - [hivemq-test-hivemq-platform] [hivemq-platform-operator] [3481ac48] 18:44:47.816 [ReconcilerExecutor-hivemq-controller-113] DEBUG c.h.p.o.HiveMQPlatformReconciler - [helmplat] StatefulSet Status (revision: test-hivemq-platform-75995845c9, replicas: 1, available: 0, ready: 0, current: 1, updated: 1)
2025-01-29 18:44:47,818 INFO c.h.h.t.HelmChartContainer - [hivemq-test-hivemq-platform] [hivemq-platform-operator] [3481ac48] 18:44:47.816 [ReconcilerExecutor-hivemq-controller-113] DEBUG c.h.p.o.HiveMQPlatformReconciler - [helmplat] StatefulSet Spec (replicas: 1, init containers: 1, containers: 1, volumes: 5)
2025-01-29 18:44:47,820 INFO c.h.h.t.HelmChartContainer - [hivemq-test-hivemq-platform] [hivemq-platform-operator] [3481ac48] 18:44:47.819 [ReconcilerExecutor-hivemq-controller-113] DEBUG c.h.p.o.h.HiveMQPlatformReconcilerErrorHandler - [helmplat] Pod 'test-hivemq-platform-0' phase Running
2025-01-29 18:44:47,821 INFO c.h.h.t.HelmChartContainer - [hivemq-test-hivemq-platform] [hivemq-platform-operator] [3481ac48] 18:44:47.820 [ReconcilerExecutor-hivemq-controller-113] INFO  c.h.p.o.h.HiveMQPlatformReconcilerBaseHandler - [helmplat] HiveMQ Platform is starting, 0 of 1 replicas are ready
2025-01-29 18:44:47,936 INFO c.h.h.t.HelmChartContainer - [test-hivemq-platform] [hivemq] [457d72c2] INFO  - [HiveMQ Platform Operator Init App 1.7.0-SNAPSHOT] Returning Health API response 503 for readiness
2025-01-29 18:44:47,939 INFO c.h.h.t.HelmChartContainer - [EVENT] Warning [Unhealthy] Readiness probe failed: HTTP probe failed with statuscode: 503 [helmplatformtlsit:test-hivemq-platform-0]
2025-01-29 18:44:47,939 INFO c.h.h.t.HelmChartContainer - Received Unhealthy event for container hivemq in pod test-hivemq-platform-0 [457d72c2-5b7a-46f6-82d7-e7842c12b7e3]
2025-01-29 18:44:48,842 INFO c.h.h.t.HelmChartContainer - [test-hivemq-platform] [hivemq] [457d72c2] INFO  - ehyMo: no members discovered after 2614 ms: creating cluster as first member
2025-01-29 18:44:48,848 INFO c.h.h.t.HelmChartContainer - [test-hivemq-platform] [hivemq] [457d72c2] INFO  - Cluster nodes found by discovery: [ehyMo|0] (1) [ehyMo].
2025-01-29 18:44:48,926 INFO c.h.h.t.HelmChartContainer - [test-hivemq-platform] [hivemq] [457d72c2] WARN  - No user for HiveMQ Control Center configured. Starting with default user
2025-01-29 18:44:48,927 INFO c.h.h.t.HelmChartContainer - [test-hivemq-platform] [hivemq] [457d72c2] INFO  - Starting HiveMQ Control Center on address 127.0.0.1 and port 8080
2025-01-29 18:44:48,928 INFO c.h.h.t.HelmChartContainer - [test-hivemq-platform] [hivemq] [457d72c2] INFO  - Mounting HiveMQ Control Center V2 Preview
2025-01-29 18:44:49,453 INFO c.h.h.t.HelmChartContainer - [test-hivemq-platform] [hivemq] [457d72c2] INFO  - Started HiveMQ Control Center in 528ms
2025-01-29 18:44:49,536 INFO c.h.h.t.HelmChartContainer - [test-hivemq-platform] [hivemq] [457d72c2] INFO  - Starting TCP listener on address 0.0.0.0 and port 1886
2025-01-29 18:44:50,239 INFO c.h.h.t.HelmChartContainer - [test-hivemq-platform] [hivemq] [457d72c2] INFO  - Enabled protocols for TCP Listener with TLS at address 0.0.0.0 and port 1884: [TLSv1.3, TLSv1.2]
2025-01-29 18:44:50,239 INFO c.h.h.t.HelmChartContainer - [test-hivemq-platform] [hivemq] [457d72c2] INFO  - Enabled cipher suites for TCP Listener with TLS at address 0.0.0.0 and port 1884: [TLS_ECDHE_ECDSA_WITH_AES_256_GCM_SHA384, TLS_ECDHE_ECDSA_WITH_AES_128_GCM_SHA256, TLS_ECDHE_RSA_WITH_AES_128_GCM_SHA256, TLS_ECDHE_RSA_WITH_AES_256_GCM_SHA384, TLS_ECDHE_RSA_WITH_AES_128_CBC_SHA, TLS_ECDHE_RSA_WITH_AES_256_CBC_SHA, TLS_RSA_WITH_AES_128_GCM_SHA256, TLS_RSA_WITH_AES_128_CBC_SHA, TLS_RSA_WITH_AES_256_CBC_SHA, TLS_AES_128_GCM_SHA256, TLS_AES_256_GCM_SHA384]
2025-01-29 18:44:50,240 INFO c.h.h.t.HelmChartContainer - [test-hivemq-platform] [hivemq] [457d72c2] INFO  - Starting TLS TCP listener on address 0.0.0.0 and port 1884
2025-01-29 18:44:50,241 INFO c.h.h.t.HelmChartContainer - [test-hivemq-platform] [hivemq] [457d72c2] INFO  - Enabled protocols for TCP Listener with TLS at address 0.0.0.0 and port 1885: [TLSv1.3, TLSv1.2]
2025-01-29 18:44:50,242 INFO c.h.h.t.HelmChartContainer - [test-hivemq-platform] [hivemq] [457d72c2] INFO  - Enabled cipher suites for TCP Listener with TLS at address 0.0.0.0 and port 1885: [TLS_ECDHE_ECDSA_WITH_AES_256_GCM_SHA384, TLS_ECDHE_ECDSA_WITH_AES_128_GCM_SHA256, TLS_ECDHE_RSA_WITH_AES_128_GCM_SHA256, TLS_ECDHE_RSA_WITH_AES_256_GCM_SHA384, TLS_ECDHE_RSA_WITH_AES_128_CBC_SHA, TLS_ECDHE_RSA_WITH_AES_256_CBC_SHA, TLS_RSA_WITH_AES_128_GCM_SHA256, TLS_RSA_WITH_AES_128_CBC_SHA, TLS_RSA_WITH_AES_256_CBC_SHA, TLS_AES_128_GCM_SHA256, TLS_AES_256_GCM_SHA384]
2025-01-29 18:44:50,242 INFO c.h.h.t.HelmChartContainer - [test-hivemq-platform] [hivemq] [457d72c2] INFO  - Starting TLS TCP listener on address 0.0.0.0 and port 1885
2025-01-29 18:44:50,244 INFO c.h.h.t.HelmChartContainer - [test-hivemq-platform] [hivemq] [457d72c2] INFO  - Started TCP Listener on address 0.0.0.0 and on port 1886.
2025-01-29 18:44:50,244 INFO c.h.h.t.HelmChartContainer - [test-hivemq-platform] [hivemq] [457d72c2] INFO  - Started TCP Listener with TLS on address 0.0.0.0 and on port 1884.
2025-01-29 18:44:50,245 INFO c.h.h.t.HelmChartContainer - [test-hivemq-platform] [hivemq] [457d72c2] INFO  - Started TCP Listener with TLS on address 0.0.0.0 and on port 1885.
2025-01-29 18:44:50,245 INFO c.h.h.t.HelmChartContainer - [test-hivemq-platform] [hivemq] [457d72c2] INFO  - Started HiveMQ in 31213ms
2025-01-29 18:44:52,548 INFO c.h.h.t.HelmChartContainer - [test-hivemq-platform] [hivemq] [457d72c2] INFO  - [HiveMQ Platform Operator Init App 1.7.0-SNAPSHOT] Returning Health API response 200 for readiness
2025-01-29 18:44:52,568 INFO c.h.h.t.HelmChartContainer - [POD] test-hivemq-platform-0 [457d72c2-5b7a-46f6-82d7-e7842c12b7e3] in helmplatformtlsit was MODIFIED
2025-01-29 18:44:52,582 INFO c.h.h.t.HelmChartContainer - [hivemq-test-hivemq-platform] [hivemq-platform-operator] [3481ac48] 18:44:52.571 [pool-6-thread-1] DEBUG c.h.p.o.d.PlatformServiceResource - [helmplat] Desired Platform services (4 services)
2025-01-29 18:44:52,582 INFO c.h.h.t.HelmChartContainer - [hivemq-test-hivemq-platform] [hivemq-platform-operator] [3481ac48] 18:44:52.574 [pool-6-thread-9] DEBUG c.h.p.o.dependants.PodInfoConfigMap - [helmplat] Desired PodInfo ConfigMap (1 extensions) (1 enabled)
2025-01-29 18:44:52,582 INFO c.h.h.t.HelmChartContainer - [hivemq-test-hivemq-platform] [hivemq-platform-operator] [3481ac48] 18:44:52.574 [pool-6-thread-9] DEBUG c.h.p.o.dependants.PodInfoConfigMap - [helmplat] Desired PodInfo ConfigMap (metrics port: 9399) (metrics path: /)
2025-01-29 18:44:52,582 INFO c.h.h.t.HelmChartContainer - [hivemq-test-hivemq-platform] [hivemq-platform-operator] [3481ac48] 18:44:52.574 [pool-6-thread-9] DEBUG c.h.p.o.dependants.PodInfoConfigMap - [helmplat] Desired PodInfo ConfigMap (extension state hash: -1817474005)
2025-01-29 18:44:52,582 INFO c.h.h.t.HelmChartContainer - [hivemq-test-hivemq-platform] [hivemq-platform-operator] [3481ac48] 18:44:52.574 [pool-6-thread-4] DEBUG c.h.p.o.d.PodServiceAccountResource - [helmplat] Desired PodServiceAccountResource (serviceAccountName: hivemq-platform-pod-test-hivemq-platform)
2025-01-29 18:44:52,584 INFO c.h.h.t.HelmChartContainer - [hivemq-test-hivemq-platform] [hivemq-platform-operator] [3481ac48] 18:44:52.583 [pool-6-thread-1] DEBUG c.h.p.o.d.StatefulSetResource - [helmplat] Desired StatefulSet (1 replicas) for status STARTING (READY)
2025-01-29 18:44:52,589 INFO c.h.h.t.HelmChartContainer - [hivemq-test-hivemq-platform] [hivemq-platform-operator] [3481ac48] 18:44:52.588 [ReconcilerExecutor-hivemq-controller-114] INFO  c.h.p.o.HiveMQPlatformReconciler - [helmplat] Reconciling HiveMQ Platform 'test-hivemq-platform' in namespace 'helmplatformtlsit'
2025-01-29 18:44:52,589 INFO c.h.h.t.HelmChartContainer - [hivemq-test-hivemq-platform] [hivemq-platform-operator] [3481ac48] 18:44:52.588 [ReconcilerExecutor-hivemq-controller-114] DEBUG c.h.p.o.HiveMQPlatformReconciler - [helmplat] Custom Resource Status STARTING - HiveMQ Platform is starting (READY)
2025-01-29 18:44:52,589 INFO c.h.h.t.HelmChartContainer - [hivemq-test-hivemq-platform] [hivemq-platform-operator] [3481ac48] 18:44:52.588 [ReconcilerExecutor-hivemq-controller-114] DEBUG c.h.p.o.HiveMQPlatformReconciler - [helmplat] Custom Resource Spec (replicas: 1) (extensions: 1)
2025-01-29 18:44:52,613 INFO c.h.h.t.HelmChartContainer - [hivemq-test-hivemq-platform] [hivemq-platform-operator] [3481ac48] 18:44:52.612 [ReconcilerExecutor-hivemq-controller-114] DEBUG c.h.p.o.HiveMQPlatformReconciler - [helmplat] StatefulSet Status (revision: test-hivemq-platform-75995845c9, replicas: 1, available: 1, ready: 1, current: 1, updated: 1)
2025-01-29 18:44:52,613 INFO c.h.h.t.HelmChartContainer - [hivemq-test-hivemq-platform] [hivemq-platform-operator] [3481ac48] 18:44:52.612 [ReconcilerExecutor-hivemq-controller-114] DEBUG c.h.p.o.HiveMQPlatformReconciler - [helmplat] StatefulSet Spec (replicas: 1, init containers: 1, containers: 1, volumes: 5)
2025-01-29 18:44:52,615 INFO c.h.h.t.HelmChartContainer - [hivemq-test-hivemq-platform] [hivemq-platform-operator] [3481ac48] 18:44:52.614 [ReconcilerExecutor-hivemq-controller-114] DEBUG c.h.p.o.h.HiveMQPlatformReconcilerErrorHandler - [helmplat] Pod 'test-hivemq-platform-0' phase Running
2025-01-29 18:44:52,616 INFO c.h.h.t.HelmChartContainer - [hivemq-test-hivemq-platform] [hivemq-platform-operator] [3481ac48] 18:44:52.615 [ReconcilerExecutor-hivemq-controller-114] INFO  c.h.p.o.h.HiveMQPlatformReconcilerBaseHandler - [helmplat] HiveMQ Platform started successfully
2025-01-29 18:44:52,634 INFO c.h.h.t.HelmChartContainer - [hivemq-test-hivemq-platform] [hivemq-platform-operator] [3481ac48] 18:44:52.633 [ReconcilerExecutor-hivemq-controller-114] DEBUG c.h.p.operator.event.EventSender - [helmplat] Creating K8s event hivemq-platform-ready: [Ready] HiveMQ Platform is ready
2025-01-29 18:44:52,637 INFO c.h.h.t.HelmChartContainer - [EVENT] Normal [Ready] HiveMQ Platform is ready [helmplatformtlsit:test-hivemq-platform]
2025-01-29 18:44:52,713 INFO c.h.h.t.HelmChartContainer - [hivemq-test-hivemq-platform] [hivemq-platform-operator] [3481ac48] 18:44:52.711 [ReconcilerExecutor-hivemq-controller-114] INFO  c.h.p.o.h.AbstractHiveMQReconcilerStateHandler - [helmplat] Update HiveMQ Platform Status (STARTING [READY] -> RUNNING [READY]): HiveMQ Platform is ready
2025-01-29 18:44:52,721 DEBUG com.hivemq.helmcharts.util.K8sUtil - Comparing actual state 'RUNNING' and waiting for 'RUNNING'
2025-01-29 18:44:52,731 INFO c.h.h.t.HelmChartContainer - [hivemq-test-hivemq-platform] [hivemq-platform-operator] [3481ac48] 18:44:52.728 [pool-6-thread-16] DEBUG c.h.p.o.dependants.PodInfoConfigMap - [helmplat] Desired PodInfo ConfigMap (1 extensions) (1 enabled)
2025-01-29 18:44:52,731 INFO c.h.h.t.HelmChartContainer - [hivemq-test-hivemq-platform] [hivemq-platform-operator] [3481ac48] 18:44:52.728 [pool-6-thread-15] DEBUG c.h.p.o.d.PodServiceAccountResource - [helmplat] Desired PodServiceAccountResource (serviceAccountName: hivemq-platform-pod-test-hivemq-platform)
2025-01-29 18:44:52,731 INFO c.h.h.t.HelmChartContainer - [hivemq-test-hivemq-platform] [hivemq-platform-operator] [3481ac48] 18:44:52.728 [pool-6-thread-16] DEBUG c.h.p.o.dependants.PodInfoConfigMap - [helmplat] Desired PodInfo ConfigMap (metrics port: 9399) (metrics path: /)
2025-01-29 18:44:52,731 INFO c.h.h.t.HelmChartContainer - [hivemq-test-hivemq-platform] [hivemq-platform-operator] [3481ac48] 18:44:52.728 [pool-6-thread-16] DEBUG c.h.p.o.dependants.PodInfoConfigMap - [helmplat] Desired PodInfo ConfigMap (extension state hash: -1817474005)
2025-01-29 18:44:52,731 INFO c.h.h.t.HelmChartContainer - [hivemq-test-hivemq-platform] [hivemq-platform-operator] [3481ac48] 18:44:52.729 [pool-6-thread-16] DEBUG c.h.p.o.dependants.PodInfoConfigMap - [helmplat] Update PodInfo ConfigMap
2025-01-29 18:44:52,731 INFO c.h.h.t.HelmChartContainer - [hivemq-test-hivemq-platform] [hivemq-platform-operator] [3481ac48] 18:44:52.729 [pool-6-thread-14] DEBUG c.h.p.o.d.PlatformServiceResource - [helmplat] Desired Platform services (4 services)
2025-01-29 18:44:52,816 INFO c.h.h.t.HelmChartContainer - [hivemq-test-hivemq-platform] [hivemq-platform-operator] [3481ac48] 18:44:52.814 [pool-6-thread-16] DEBUG c.h.p.o.d.StatefulSetResource - [helmplat] Desired StatefulSet (1 replicas) for status RUNNING (READY)
2025-01-29 18:44:52,828 INFO c.h.h.t.HelmChartContainer - [hivemq-test-hivemq-platform] [hivemq-platform-operator] [3481ac48] 18:44:52.826 [ReconcilerExecutor-hivemq-controller-115] INFO  c.h.p.o.HiveMQPlatformReconciler - [helmplat] Reconciling HiveMQ Platform 'test-hivemq-platform' in namespace 'helmplatformtlsit'
2025-01-29 18:44:52,830 INFO c.h.h.t.HelmChartContainer - [hivemq-test-hivemq-platform] [hivemq-platform-operator] [3481ac48] 18:44:52.828 [ReconcilerExecutor-hivemq-controller-115] DEBUG c.h.p.o.HiveMQPlatformReconciler - [helmplat] Custom Resource Status RUNNING - HiveMQ Platform is ready (READY)
2025-01-29 18:44:52,842 INFO c.h.h.t.HelmChartContainer - [hivemq-test-hivemq-platform] [hivemq-platform-operator] [3481ac48] 18:44:52.829 [ReconcilerExecutor-hivemq-controller-115] DEBUG c.h.p.o.HiveMQPlatformReconciler - [helmplat] Custom Resource Spec (replicas: 1) (extensions: 1)
2025-01-29 18:44:52,842 INFO c.h.h.t.HelmChartContainer - [hivemq-test-hivemq-platform] [hivemq-platform-operator] [3481ac48] 18:44:52.832 [ReconcilerExecutor-hivemq-controller-115] DEBUG c.h.p.o.HiveMQPlatformReconciler - [helmplat] StatefulSet Status (revision: test-hivemq-platform-75995845c9, replicas: 1, available: 1, ready: 1, current: 1, updated: 1)
2025-01-29 18:44:52,842 INFO c.h.h.t.HelmChartContainer - [hivemq-test-hivemq-platform] [hivemq-platform-operator] [3481ac48] 18:44:52.833 [ReconcilerExecutor-hivemq-controller-115] DEBUG c.h.p.o.HiveMQPlatformReconciler - [helmplat] StatefulSet Spec (replicas: 1, init containers: 1, containers: 1, volumes: 5)
2025-01-29 18:44:52,842 INFO c.h.h.t.HelmChartContainer - [hivemq-test-hivemq-platform] [hivemq-platform-operator] [3481ac48] 18:44:52.835 [ReconcilerExecutor-hivemq-controller-115] DEBUG c.h.p.o.h.HiveMQPlatformReconcilerErrorHandler - [helmplat] Pod 'test-hivemq-platform-0' phase Running
2025-01-29 18:45:01,480 INFO c.h.h.t.HelmChartContainer - Uninstalling release 'test-hivemq-platform' in namespace 'helmplatformtlsit'...
2025-01-29 18:45:01,481 DEBUG c.h.h.t.HelmChartContainer - Executing helm command: /bin/helm --kubeconfig /etc/rancher/k3s/k3s.yaml uninstall test-hivemq-platform  --wait --timeout 5m0s --cascade foreground --namespace helmplatformtlsit
2025-01-29 18:45:01,703 INFO c.h.h.t.HelmChartContainer - [hivemq-test-hivemq-platform] [hivemq-platform-operator] [3481ac48] 18:45:01.697 [pool-6-thread-21] DEBUG c.h.p.o.d.PlatformServiceResource - [helmplat] Desired Platform services (4 services)
2025-01-29 18:45:01,703 INFO c.h.h.t.HelmChartContainer - [hivemq-test-hivemq-platform] [hivemq-platform-operator] [3481ac48] 18:45:01.700 [pool-6-thread-28] DEBUG c.h.p.o.dependants.PodInfoConfigMap - [helmplat] Desired PodInfo ConfigMap (1 extensions) (1 enabled)
2025-01-29 18:45:01,703 INFO c.h.h.t.HelmChartContainer - [hivemq-test-hivemq-platform] [hivemq-platform-operator] [3481ac48] 18:45:01.700 [pool-6-thread-28] DEBUG c.h.p.o.dependants.PodInfoConfigMap - [helmplat] Desired PodInfo ConfigMap (metrics port: 9399) (metrics path: /)
2025-01-29 18:45:01,703 INFO c.h.h.t.HelmChartContainer - [hivemq-test-hivemq-platform] [hivemq-platform-operator] [3481ac48] 18:45:01.700 [pool-6-thread-28] DEBUG c.h.p.o.dependants.PodInfoConfigMap - [helmplat] Desired PodInfo ConfigMap (extension state hash: -1817474005)
2025-01-29 18:45:01,718 INFO c.h.h.t.HelmChartContainer - [hivemq-test-hivemq-platform] [hivemq-platform-operator] [3481ac48] 18:45:01.706 [pool-6-thread-28] DEBUG c.h.p.o.d.PodServiceAccountResource - [helmplat] Desired PodServiceAccountResource (serviceAccountName: hivemq-platform-pod-test-hivemq-platform)
2025-01-29 18:45:01,735 INFO c.h.h.t.HelmChartContainer - [hivemq-test-hivemq-platform] [hivemq-platform-operator] [3481ac48] 18:45:01.719 [pool-6-thread-21] DEBUG c.h.p.o.d.StatefulSetResource - [helmplat] Desired StatefulSet (1 replicas) for status RUNNING (READY)
2025-01-29 18:45:01,735 INFO c.h.h.t.HelmChartContainer - [hivemq-test-hivemq-platform] [hivemq-platform-operator] [3481ac48] 18:45:01.726 [ReconcilerExecutor-hivemq-controller-116] INFO  c.h.p.o.HiveMQPlatformReconciler - [helmplat] Reconciling HiveMQ Platform 'test-hivemq-platform' in namespace 'helmplatformtlsit'
2025-01-29 18:45:01,735 INFO c.h.h.t.HelmChartContainer - [hivemq-test-hivemq-platform] [hivemq-platform-operator] [3481ac48] 18:45:01.726 [ReconcilerExecutor-hivemq-controller-116] DEBUG c.h.p.o.HiveMQPlatformReconciler - [helmplat] Custom Resource Status RUNNING - HiveMQ Platform is ready (READY)
2025-01-29 18:45:01,735 INFO c.h.h.t.HelmChartContainer - [hivemq-test-hivemq-platform] [hivemq-platform-operator] [3481ac48] 18:45:01.726 [ReconcilerExecutor-hivemq-controller-116] DEBUG c.h.p.o.HiveMQPlatformReconciler - [helmplat] Custom Resource Spec (replicas: 1) (extensions: 1)
2025-01-29 18:45:01,795 INFO c.h.h.t.HelmChartContainer - [hivemq-test-hivemq-platform] [hivemq-platform-operator] [3481ac48] 18:45:01.792 [ReconcilerExecutor-hivemq-controller-116] DEBUG c.h.p.o.HiveMQPlatformReconciler - [helmplat] StatefulSet Status (revision: test-hivemq-platform-75995845c9, replicas: 1, available: 1, ready: 1, current: 1, updated: 1)
2025-01-29 18:45:01,795 INFO c.h.h.t.HelmChartContainer - [hivemq-test-hivemq-platform] [hivemq-platform-operator] [3481ac48] 18:45:01.792 [ReconcilerExecutor-hivemq-controller-116] DEBUG c.h.p.o.HiveMQPlatformReconciler - [helmplat] StatefulSet Spec (replicas: 1, init containers: 1, containers: 1, volumes: 5)
2025-01-29 18:45:01,795 INFO c.h.h.t.HelmChartContainer - [hivemq-test-hivemq-platform] [hivemq-platform-operator] [3481ac48] 18:45:01.793 [ReconcilerExecutor-hivemq-controller-116] DEBUG c.h.p.o.h.HiveMQPlatformReconcilerErrorHandler - [helmplat] Pod 'test-hivemq-platform-0' phase Running
2025-01-29 18:45:01,816 INFO c.h.h.t.HelmChartContainer - [hivemq-test-hivemq-platform] [hivemq-platform-operator] [3481ac48] 18:45:01.815 [ReconcilerExecutor-hivemq-controller-117] INFO  c.h.p.o.HiveMQPlatformReconciler - [helmplat] Cleanup test-hivemq-platform - helmplatformtlsit HiveMQ Platform is shut down
2025-01-29 18:45:02,636 INFO c.h.h.t.HelmChartContainer - [POD] test-hivemq-platform-0 [457d72c2-5b7a-46f6-82d7-e7842c12b7e3] in helmplatformtlsit was MODIFIED
2025-01-29 18:45:02,647 INFO c.h.h.t.HelmChartContainer - [EVENT] Normal [Killing] Stopping container hivemq [helmplatformtlsit:test-hivemq-platform-0]
2025-01-29 18:45:02,647 INFO c.h.h.t.HelmChartContainer - Received Killing event for container hivemq in pod test-hivemq-platform-0 [457d72c2-5b7a-46f6-82d7-e7842c12b7e3]
2025-01-29 18:45:02,647 INFO c.h.h.t.HelmChartContainer - Container [test-hivemq-platform-0] [hivemq] [457d72c2-5b7a-46f6-82d7-e7842c12b7e3] was terminated
2025-01-29 18:45:02,647 INFO c.h.h.t.HelmChartContainer - Stopped log watcher for hivemq in pod test-hivemq-platform-0 [457d72c2-5b7a-46f6-82d7-e7842c12b7e3]
2025-01-29 18:45:02,655 INFO c.h.h.t.HelmChartContainer - [test-hivemq-platform] [hivemq] [457d72c2] INFO  - [HiveMQ Platform Operator Init App 1.7.0-SNAPSHOT] Shutting down
2025-01-29 18:45:02,655 INFO c.h.h.t.HelmChartContainer - [test-hivemq-platform] [hivemq] [457d72c2] INFO  - [HiveMQ Platform Operator Init App 1.7.0-SNAPSHOT] Stopping the HiveMQ Platform
2025-01-29 18:45:02,830 INFO c.h.h.t.HelmChartContainer - [test-hivemq-platform] [hivemq] [457d72c2] INFO  - Shutting down HiveMQ. Please wait, this could take a while...
2025-01-29 18:45:02,835 INFO c.h.h.t.HelmChartContainer - [test-hivemq-platform] [hivemq] [457d72c2] INFO  - Shutting down listeners and clients
2025-01-29 18:45:02,836 INFO c.h.h.t.HelmChartContainer - [test-hivemq-platform] [hivemq] [457d72c2] INFO  - Shutdown of listeners is done
2025-01-29 18:45:02,837 INFO c.h.h.t.HelmChartContainer - [test-hivemq-platform] [hivemq] [457d72c2] INFO  - No clients are connected, proceeding with shutdown
2025-01-29 18:45:03,116 INFO c.h.h.t.HelmChartContainer - [test-hivemq-platform] [hivemq] [457d72c2] WARN  - [HiveMQ Platform Operator Init App 1.7.0-SNAPSHOT] Could not update Pod annotations: Failure executing: GET at: https://10.43.0.1:443/api/v1/namespaces/helmplatformtlsit/pods/test-hivemq-platform-0. Message: pods "test-hivemq-platform-0" is forbidden: User "system:serviceaccount:helmplatformtlsit:hivemq-platform-pod-test-hivemq-platform" cannot get resource "pods" in API group "" in the namespace "helmplatformtlsit". Received status: Status(apiVersion=v1, code=403, details=StatusDetails(causes=[], group=null, kind=pods, name=test-hivemq-platform-0, retryAfterSeconds=null, uid=null, additionalProperties={}), kind=Status, message=pods "test-hivemq-platform-0" is forbidden: User "system:serviceaccount:helmplatformtlsit:hivemq-platform-pod-test-hivemq-platform" cannot get resource "pods" in API group "" in the namespace "helmplatformtlsit", metadata=ListMeta(_continue=null, remainingItemCount=null, resourceVersion=null, selfLink=null, additionalProperties={}), reason=Forbidden, status=Failure, additionalProperties={}).
2025-01-29 18:45:03,750 INFO c.h.h.t.HelmChartContainer - Deleting namespace 'helmplatformtlsit'...
2025-01-29 18:45:06,033 INFO c.h.h.t.HelmChartContainer - [test-hivemq-platform] [hivemq] [457d72c2] INFO  - Shutting down extension system
2025-01-29 18:45:06,034 INFO c.h.h.t.HelmChartContainer - [test-hivemq-platform] [hivemq] [457d72c2] INFO  - Stopping extension with id hivemq-dns-cluster-discovery
2025-01-29 18:45:06,035 INFO c.h.h.t.HelmChartContainer - [test-hivemq-platform] [hivemq] [457d72c2] INFO  - Extension "DNS Cluster Discovery Extension" version 4.3.2 stopped successfully.
2025-01-29 18:45:06,035 INFO c.h.h.t.HelmChartContainer - [test-hivemq-platform] [hivemq] [457d72c2] INFO  - Stopping extension with id hivemq-prometheus-extension
2025-01-29 18:45:06,039 INFO c.h.h.t.HelmChartContainer - [test-hivemq-platform] [hivemq] [457d72c2] INFO  - Extension "Prometheus Monitoring Extension" version 4.0.12 stopped successfully.
2025-01-29 18:45:06,039 INFO c.h.h.t.HelmChartContainer - [test-hivemq-platform] [hivemq] [457d72c2] INFO  - Stopping extension with id hivemq-allow-all-extension
2025-01-29 18:45:06,039 INFO c.h.h.t.HelmChartContainer - [test-hivemq-platform] [hivemq] [457d72c2] INFO  - Extension "Allow All Extension" version 1.1.1 stopped successfully.
2025-01-29 18:45:07,545 INFO c.h.h.t.HelmChartContainer - [test-hivemq-platform] [hivemq] [457d72c2] INFO  - [HiveMQ Platform Operator Init App 1.7.0-SNAPSHOT] Returning shutdown Health API response 503 for readiness
2025-01-29 18:45:07,549 INFO c.h.h.t.HelmChartContainer - [EVENT] Warning [Unhealthy] Readiness probe failed: HTTP probe failed with statuscode: 503 [helmplatformtlsit:test-hivemq-platform-0]
2025-01-29 18:45:07,549 INFO c.h.h.t.HelmChartContainer - Received Unhealthy event for container hivemq in pod test-hivemq-platform-0 [457d72c2-5b7a-46f6-82d7-e7842c12b7e3]
2025-01-29 18:45:08,120 INFO c.h.h.t.HelmChartContainer - [K3S] [authentication.go:74] "Unable to authenticate the request" err="[invalid bearer token, serviceaccounts \"hivemq-platform-pod-test-hivemq-platform\" not found]"
2025-01-29 18:45:08,191 INFO c.h.h.t.HelmChartContainer - [K3S] [authentication.go:74] "Unable to authenticate the request" err="[invalid bearer token, serviceaccounts \"hivemq-platform-pod-test-hivemq-platform\" not found]"
2025-01-29 18:45:08,194 INFO c.h.h.t.HelmChartContainer - [test-hivemq-platform] [hivemq] [457d72c2] WARN  - [HiveMQ Platform Operator Init App 1.7.0-SNAPSHOT] Could not update Pod annotations: Failure executing: GET at: https://10.43.0.1:443/api/v1/namespaces/helmplatformtlsit/pods/test-hivemq-platform-0. Message: Unauthorized. Received status: Status(apiVersion=v1, code=401, details=null, kind=Status, message=Unauthorized, metadata=ListMeta(_continue=null, remainingItemCount=null, resourceVersion=null, selfLink=null, additionalProperties={}), reason=Unauthorized, status=Failure, additionalProperties={}).
2025-01-29 18:45:08,493 INFO c.h.h.t.HelmChartContainer - [test-hivemq-platform] [hivemq] [457d72c2] INFO  - Shutdown completed.
2025-01-29 18:45:08,850 INFO c.h.h.t.HelmChartContainer - [test-hivemq-platform] [hivemq] [457d72c2] INFO  - [HiveMQ Platform Operator Init App 1.7.0-SNAPSHOT] The HiveMQ Platform exited with code 143
2025-01-29 18:45:08,850 INFO c.h.h.t.HelmChartContainer - [test-hivemq-platform] [hivemq] [457d72c2] INFO  - [HiveMQ Platform Operator Init App 1.7.0-SNAPSHOT] Stopping the REST API
2025-01-29 18:45:08,888 INFO c.h.h.t.HelmChartContainer - [test-hivemq-platform] [hivemq] [457d72c2] INFO  - [HiveMQ Platform Operator Init App 1.7.0-SNAPSHOT] Shutdown complete
2025-01-29 18:45:08,918 INFO c.h.h.t.HelmChartContainer - [K3S] [stateful_set.go:466] "StatefulSet has been deleted" key="helmplatformtlsit/test-hivemq-platform"
2025-01-29 18:45:09,366 INFO c.h.h.t.HelmChartContainer - [POD] test-hivemq-platform-0 [457d72c2-5b7a-46f6-82d7-e7842c12b7e3] in helmplatformtlsit was MODIFIED
2025-01-29 18:45:09,386 INFO c.h.h.t.HelmChartContainer - [K3S] [reconciler_common.go:162] "operationExecutor.UnmountVolume started for volume \"pod-info\" (UniqueName: \"kubernetes.io/configmap/457d72c2-5b7a-46f6-82d7-e7842c12b7e3-pod-info\") pod \"457d72c2-5b7a-46f6-82d7-e7842c12b7e3\" (UID: \"457d72c2-5b7a-46f6-82d7-e7842c12b7e3\") "
2025-01-29 18:45:09,386 INFO c.h.h.t.HelmChartContainer - [K3S] [reconciler_common.go:162] "operationExecutor.UnmountVolume started for volume \"mqtt-keystore-1884\" (UniqueName: \"kubernetes.io/secret/457d72c2-5b7a-46f6-82d7-e7842c12b7e3-mqtt-keystore-1884\") pod \"457d72c2-5b7a-46f6-82d7-e7842c12b7e3\" (UID: \"457d72c2-5b7a-46f6-82d7-e7842c12b7e3\") "
2025-01-29 18:45:09,386 INFO c.h.h.t.HelmChartContainer - [K3S] [reconciler_common.go:162] "operationExecutor.UnmountVolume started for volume \"broker-configuration\" (UniqueName: \"kubernetes.io/configmap/457d72c2-5b7a-46f6-82d7-e7842c12b7e3-broker-configuration\") pod \"457d72c2-5b7a-46f6-82d7-e7842c12b7e3\" (UID: \"457d72c2-5b7a-46f6-82d7-e7842c12b7e3\") "
2025-01-29 18:45:09,387 INFO c.h.h.t.HelmChartContainer - [K3S] [reconciler_common.go:162] "operationExecutor.UnmountVolume started for volume \"mqtt-keystore-1885\" (UniqueName: \"kubernetes.io/secret/457d72c2-5b7a-46f6-82d7-e7842c12b7e3-mqtt-keystore-1885\") pod \"457d72c2-5b7a-46f6-82d7-e7842c12b7e3\" (UID: \"457d72c2-5b7a-46f6-82d7-e7842c12b7e3\") "
2025-01-29 18:45:09,387 INFO c.h.h.t.HelmChartContainer - [K3S] [reconciler_common.go:162] "operationExecutor.UnmountVolume started for volume \"kube-api-access-t9trg\" (UniqueName: \"kubernetes.io/projected/457d72c2-5b7a-46f6-82d7-e7842c12b7e3-kube-api-access-t9trg\") pod \"457d72c2-5b7a-46f6-82d7-e7842c12b7e3\" (UID: \"457d72c2-5b7a-46f6-82d7-e7842c12b7e3\") "
2025-01-29 18:45:09,387 INFO c.h.h.t.HelmChartContainer - [K3S] [reconciler_common.go:162] "operationExecutor.UnmountVolume started for volume \"operator-init\" (UniqueName: \"kubernetes.io/empty-dir/457d72c2-5b7a-46f6-82d7-e7842c12b7e3-operator-init\") pod \"457d72c2-5b7a-46f6-82d7-e7842c12b7e3\" (UID: \"457d72c2-5b7a-46f6-82d7-e7842c12b7e3\") "
2025-01-29 18:45:09,487 INFO c.h.h.t.HelmChartContainer - [K3S] [reconciler_common.go:299] "Volume detached for volume \"broker-configuration\" (UniqueName: \"kubernetes.io/configmap/457d72c2-5b7a-46f6-82d7-e7842c12b7e3-broker-configuration\") on node \"cf4e895ac1a5\" DevicePath \"\""
2025-01-29 18:45:09,487 INFO c.h.h.t.HelmChartContainer - [K3S] [reconciler_common.go:299] "Volume detached for volume \"mqtt-keystore-1885\" (UniqueName: \"kubernetes.io/secret/457d72c2-5b7a-46f6-82d7-e7842c12b7e3-mqtt-keystore-1885\") on node \"cf4e895ac1a5\" DevicePath \"\""
2025-01-29 18:45:09,487 INFO c.h.h.t.HelmChartContainer - [K3S] [reconciler_common.go:299] "Volume detached for volume \"kube-api-access-t9trg\" (UniqueName: \"kubernetes.io/projected/457d72c2-5b7a-46f6-82d7-e7842c12b7e3-kube-api-access-t9trg\") on node \"cf4e895ac1a5\" DevicePath \"\""
2025-01-29 18:45:09,487 INFO c.h.h.t.HelmChartContainer - [K3S] [reconciler_common.go:299] "Volume detached for volume \"operator-init\" (UniqueName: \"kubernetes.io/empty-dir/457d72c2-5b7a-46f6-82d7-e7842c12b7e3-operator-init\") on node \"cf4e895ac1a5\" DevicePath \"\""
2025-01-29 18:45:09,487 INFO c.h.h.t.HelmChartContainer - [K3S] [reconciler_common.go:299] "Volume detached for volume \"pod-info\" (UniqueName: \"kubernetes.io/configmap/457d72c2-5b7a-46f6-82d7-e7842c12b7e3-pod-info\") on node \"cf4e895ac1a5\" DevicePath \"\""
2025-01-29 18:45:09,487 INFO c.h.h.t.HelmChartContainer - [K3S] [reconciler_common.go:299] "Volume detached for volume \"mqtt-keystore-1884\" (UniqueName: \"kubernetes.io/secret/457d72c2-5b7a-46f6-82d7-e7842c12b7e3-mqtt-keystore-1884\") on node \"cf4e895ac1a5\" DevicePath \"\""
2025-01-29 18:45:09,983 INFO c.h.h.t.HelmChartContainer - [K3S] [scope.go:117] "RemoveContainer" containerID="68138f3249a7580e5e4e50ff244c9c6c57ffd377a9fa8cc9bfa00f2e2ce39327"
2025-01-29 18:45:10,000 INFO c.h.h.t.HelmChartContainer - [POD] test-hivemq-platform-0 [457d72c2-5b7a-46f6-82d7-e7842c12b7e3] in helmplatformtlsit was MODIFIED
2025-01-29 18:45:10,001 INFO c.h.h.t.HelmChartContainer - [POD] test-hivemq-platform-0 [457d72c2-5b7a-46f6-82d7-e7842c12b7e3] in helmplatformtlsit was DELETED
2025-01-29 18:45:10,099 INFO c.h.h.t.HelmChartContainer - [K3S] [scope.go:117] "RemoveContainer" containerID="1a9184192027f94626ea6ec9f9804de9546125092f0938a5415b780cffb1f207"
2025-01-29 18:45:10,102 INFO c.h.h.t.HelmChartContainer - [K3S] [scope.go:117] "RemoveContainer" containerID="68138f3249a7580e5e4e50ff244c9c6c57ffd377a9fa8cc9bfa00f2e2ce39327"
2025-01-29 18:45:10,103 INFO c.h.h.t.HelmChartContainer - [K3S] [scope.go:117] "RemoveContainer" containerID="1a9184192027f94626ea6ec9f9804de9546125092f0938a5415b780cffb1f207"
2025-01-29 18:45:11,223 INFO c.h.h.t.HelmChartContainer - [K3S] [kubelet_volumes.go:163] "Cleaned up orphaned pod volumes dir" podUID="457d72c2-5b7a-46f6-82d7-e7842c12b7e3" path="/var/lib/kubelet/pods/457d72c2-5b7a-46f6-82d7-e7842c12b7e3/volumes"
2025-01-29 18:45:14,083 INFO c.h.h.t.HelmChartContainer - Namespace 'helmplatformtlsit' deleted
2025-01-29 18:45:14,083 INFO c.h.h.t.HelmChartContainer - Release 'test-hivemq-platform' in namespace 'helmplatformtlsit' is uninstalled
2025-01-29 18:45:14,083 INFO c.h.h.t.HelmChartContainer - Uninstalling release 'test-hivemq-platform-operator' in namespace 'helmplatformtlsit-operator'...
2025-01-29 18:45:14,083 DEBUG c.h.h.t.HelmChartContainer - Executing helm command: /bin/helm --kubeconfig /etc/rancher/k3s/k3s.yaml uninstall test-hivemq-platform-operator  --wait --timeout 5m0s --cascade foreground --namespace helmplatformtlsit-operator
2025-01-29 18:45:14,269 INFO c.h.h.t.HelmChartContainer - [K3S] [replica_set.go:679] "Finished syncing" kind="ReplicaSet" key="helmplatformtlsit-operator/hivemq-test-hivemq-platform-operator-6966f96d65" duration="9.632549ms"
2025-01-29 18:45:14,269 INFO c.h.h.t.HelmChartContainer - [K3S] [replica_set.go:679] "Finished syncing" kind="ReplicaSet" key="helmplatformtlsit-operator/hivemq-test-hivemq-platform-operator-6966f96d65" duration="37.239µs"
2025-01-29 18:45:14,281 INFO c.h.h.t.HelmChartContainer - [POD] hivemq-test-hivemq-platform-operator-6966f96d65-5zr9j [3481ac48-e742-4158-8f73-948673123545] in helmplatformtlsit-operator was MODIFIED
2025-01-29 18:45:14,292 INFO c.h.h.t.HelmChartContainer - [EVENT] Normal [Killing] Stopping container hivemq-platform-operator [helmplatformtlsit-operator:hivemq-test-hivemq-platform-operator-6966f96d65-5zr9j]
2025-01-29 18:45:14,292 INFO c.h.h.t.HelmChartContainer - Received Killing event for container hivemq-platform-operator in pod hivemq-test-hivemq-platform-operator-6966f96d65-5zr9j [3481ac48-e742-4158-8f73-948673123545]
2025-01-29 18:45:14,292 INFO c.h.h.t.HelmChartContainer - Container [hivemq-test-hivemq-platform-operator-6966f96d65-5zr9j] [hivemq-platform-operator] [3481ac48-e742-4158-8f73-948673123545] was terminated
2025-01-29 18:45:14,293 INFO c.h.h.t.HelmChartContainer - Stopped log watcher for hivemq-platform-operator in pod hivemq-test-hivemq-platform-operator-6966f96d65-5zr9j [3481ac48-e742-4158-8f73-948673123545]
2025-01-29 18:45:14,294 INFO c.h.h.t.HelmChartContainer - [K3S] [replica_set.go:679] "Finished syncing" kind="ReplicaSet" key="helmplatformtlsit-operator/hivemq-test-hivemq-platform-operator-6966f96d65" duration="12.311405ms"
2025-01-29 18:45:14,296 INFO c.h.h.t.HelmChartContainer - [K3S] [replica_set.go:679] "Finished syncing" kind="ReplicaSet" key="helmplatformtlsit-operator/hivemq-test-hivemq-platform-operator-6966f96d65" duration="34.844µs"
2025-01-29 18:45:14,325 INFO c.h.h.t.HelmChartContainer - [hivemq-test-hivemq-platform] [hivemq-platform-operator] [3481ac48] 18:45:14.324 [application-shutdown-thread] INFO  c.h.p.o.HiveMQPlatformOperatorApplication - HiveMQ Platform Operator is stopping...
2025-01-29 18:45:14,325 INFO c.h.h.t.HelmChartContainer - [hivemq-test-hivemq-platform] [hivemq-platform-operator] [3481ac48] 18:45:14.324 [application-shutdown-thread] INFO  i.javaoperatorsdk.operator.Operator - Operator SDK 4.9.7 is shutting down...
2025-01-29 18:45:14,935 INFO c.h.h.t.HelmChartContainer - [K3S] [replica_set.go:679] "Finished syncing" kind="ReplicaSet" key="helmplatformtlsit-operator/hivemq-test-hivemq-platform-operator-6966f96d65" duration="42.159µs"
2025-01-29 18:45:14,936 INFO c.h.h.t.HelmChartContainer - [POD] hivemq-test-hivemq-platform-operator-6966f96d65-5zr9j [3481ac48-e742-4158-8f73-948673123545] in helmplatformtlsit-operator was MODIFIED
2025-01-29 18:45:14,991 INFO c.h.h.t.HelmChartContainer - [K3S] [scope.go:117] "RemoveContainer" containerID="580c5203bf9abb1ee6ad9a1e0508b339074ddf3e828996af4a09cc2ffc74cd37"
2025-01-29 18:45:14,994 INFO c.h.h.t.HelmChartContainer - [K3S] [scope.go:117] "RemoveContainer" containerID="580c5203bf9abb1ee6ad9a1e0508b339074ddf3e828996af4a09cc2ffc74cd37"
2025-01-29 18:45:15,014 INFO c.h.h.t.HelmChartContainer - [K3S] [reconciler_common.go:162] "operationExecutor.UnmountVolume started for volume \"kube-api-access-p4jc8\" (UniqueName: \"kubernetes.io/projected/3481ac48-e742-4158-8f73-948673123545-kube-api-access-p4jc8\") pod \"3481ac48-e742-4158-8f73-948673123545\" (UID: \"3481ac48-e742-4158-8f73-948673123545\") "
2025-01-29 18:45:15,115 INFO c.h.h.t.HelmChartContainer - [K3S] [reconciler_common.go:299] "Volume detached for volume \"kube-api-access-p4jc8\" (UniqueName: \"kubernetes.io/projected/3481ac48-e742-4158-8f73-948673123545-kube-api-access-p4jc8\") on node \"cf4e895ac1a5\" DevicePath \"\""
2025-01-29 18:45:15,299 INFO c.h.h.t.HelmChartContainer - [K3S] [replica_set.go:679] "Finished syncing" kind="ReplicaSet" key="helmplatformtlsit-operator/hivemq-test-hivemq-platform-operator-6966f96d65" duration="45.355µs"
2025-01-29 18:45:15,299 INFO c.h.h.t.HelmChartContainer - [POD] hivemq-test-hivemq-platform-operator-6966f96d65-5zr9j [3481ac48-e742-4158-8f73-948673123545] in helmplatformtlsit-operator was MODIFIED
2025-01-29 18:45:15,301 INFO c.h.h.t.HelmChartContainer - [POD] hivemq-test-hivemq-platform-operator-6966f96d65-5zr9j [3481ac48-e742-4158-8f73-948673123545] in helmplatformtlsit-operator was DELETED
2025-01-29 18:45:15,301 INFO c.h.h.t.HelmChartContainer - [K3S] [replica_set.go:679] "Finished syncing" kind="ReplicaSet" key="helmplatformtlsit-operator/hivemq-test-hivemq-platform-operator-6966f96d65" duration="25.137µs"
2025-01-29 18:45:15,311 INFO c.h.h.t.HelmChartContainer - [K3S] [replica_set.go:679] "Finished syncing" kind="ReplicaSet" key="helmplatformtlsit-operator/hivemq-test-hivemq-platform-operator-6966f96d65" duration="4.609µs"
2025-01-29 18:45:16,320 INFO c.h.h.t.HelmChartContainer - Deleting namespace 'helmplatformtlsit-operator'...
2025-01-29 18:45:17,223 INFO c.h.h.t.HelmChartContainer - [K3S] [kubelet_volumes.go:163] "Cleaned up orphaned pod volumes dir" podUID="3481ac48-e742-4158-8f73-948673123545" path="/var/lib/kubelet/pods/3481ac48-e742-4158-8f73-948673123545/volumes"
2025-01-29 18:45:19,014 INFO c.h.h.t.HelmChartContainer - [K3S] [namespace_controller.go:187] "Namespace has been deleted" namespace="helmplatformtlsit"
2025-01-29 18:45:21,535 INFO c.h.h.t.HelmChartContainer - Namespace 'helmplatformtlsit-operator' deleted
2025-01-29 18:45:21,535 INFO c.h.h.t.HelmChartContainer - Release 'test-hivemq-platform-operator' in namespace 'helmplatformtlsit-operator' is uninstalled
2025-01-29 18:45:22,230 INFO c.h.helmcharts.AbstractHelmChartIT - Removed unused containers:

2025-01-29 18:45:26,442 INFO c.h.h.t.HelmChartContainer - [K3S] [namespace_controller.go:187] "Namespace has been deleted" namespace="helmplatformtlsit-operator"
2025-01-29 18:45:29,853 INFO c.h.helmcharts.AbstractHelmChartIT - Removed unused snapshots:
Removing snapshot sha256:03af251906410714c5aef9fa705b63f6bbc39c4a5e787de7361eeb18886c2ed2
Removing snapshot sha256:0c46b3b43cce082ce5ec34ffc6c294e0417d17b9d1e6f366d114b6aadc4f96dc
Removing snapshot sha256:0ce761beee59082d6ed5bcebd3a805b8ddd9b3426b617e4809e7fb7c6587ffec
Removing snapshot sha256:0df91287303208332c8ff6ba40ae4710105201739addbfbddfb955f1ad593664
Removing snapshot sha256:1021ef88c7974bfff89c5a0ec4fd3160daac6c48a075f74cff721f85dd104e68
Removing snapshot sha256:10aba4953ddc18145dd38e3704709bc464aa20af60b56fe52caaff4b68411e62
Removing snapshot sha256:2573e0d8158209ed54ab25c87bcdcb00bd3d2539246960a3d592a1c599d70465
Removing snapshot sha256:362a8a37f8bbc31925a8146adcf7cf51f9882f5c1dcbef67c5baa03a297543c0
Removing snapshot sha256:3fa4ad33f0ddc8fd45b39b6b4640f82a3a83619606cd975bfe89d8710ad2d4cd
Removing snapshot sha256:43a7c979bbaba6838bc3102d6b10a1459f3ab050b87ccdfef84ef90cf43d3058
Removing snapshot sha256:4ab04491cdf0d3267f08206fe30bd48f49f94b9cab2f016d6739220f722a64af
Removing snapshot sha256:4b6068250e89c96f263060261819c7d912855bfbd64b3eb4c4a8483299b8c295
Removing snapshot sha256:580e69a0a8034ede1921139bbd2bfb72a69ebf276d008281896c32dd8bf74775
Removing snapshot sha256:5d30ba46b27fe37484567ccc5242cadc78217b8da605f3f195ef25cbf7487904
Removing snapshot sha256:63ca1fbb43ae5034640e5e6cb3e083e05c290072c5366fcaa9d62435a4cced85
Removing snapshot sha256:67f702c6baae873bceb19487c8b1f27bd2b86077e4f2f0e480e6d60ab508b8f5
Removing snapshot sha256:6864348dd42806d552efdec384f1274be15e2d0c10ce44c1f04347af004c10a9
Removing snapshot sha256:6c7dee8f2c39b84b7dc2711c01d33de93514d9055499173e9290176fbe484b6c
Removing snapshot sha256:72154db79c84f7a7e490eaff1cd93d4c7ecc2db69550851e211c08378c4803e1
Removing snapshot sha256:8089540941e6949a40a838238abe519efa2811436078793e9d3edb5eca7724b4
Removing snapshot sha256:82753493a6d61ded36556292f02f31841a14c20d2f279f19eaad65afb661d5cd
Removing snapshot sha256:8a10d3db42c505ee0fcfa98417bdd7e39b304f6bcc0a06bb1b220797ff2cc63c
Removing snapshot sha256:a21e5b12dbac529ad45d976eb9ce45c881f3bedcc500fb30aba1e52aa1813418
Removing snapshot sha256:b921e6c28969094157f9b8e7244677780319637afd14450b7cb6b2fdea558a0c
Removing snapshot sha256:bc27ecb5769a00e309cf99ebc763c4a4b958b618d1decc96ffac5bc05f02f5b7
Removing snapshot sha256:be3ccb6627a5332e309d45ef461d09b4879dd870c7394d89323d0ebc6ca6aa8a
Removing snapshot sha256:c261f7cbbc64211ee175ee47273acdb7b1a36a4450b397a064a8f2c026490095
Removing snapshot sha256:c34d9393647eea0c9e3557ab988efaf59f61d10a2a5613b439ef0958cca5ec10
Removing snapshot sha256:ccf3c4a0fa967a41c1c83497a2ce6fa5787965859df0adb32c4ca2cf7490bc2b
Removing snapshot sha256:cf92d33f869417309692088c341cd0f223c178ea78a125f757317b22aa8f90e9
Removing snapshot sha256:d0037344cf2fb078884f1849f6a1f8cf9a33a3b6139b6a85833e5ee528e1f9a8
Removing snapshot sha256:d3b36d5b79273b1e98e7700470eaeff05a882e777124d84cebcc1505b85ecb36
Removing snapshot sha256:d65a44a37914602d12c611e5e22a50f11451d847e63015cc1c2aef92dee777a4
Removing snapshot sha256:e2dc0bae2455930f23ae570e019b7f32edc75c0f2d71cab084db837ff9051796
Removing snapshot sha256:eccbd24a99c60cd9e86ee5305dbfc4a4dc89f5ab4fb1f06c8d64797cecedef34
Removing snapshot sha256:f144bb4c7c7f0d2aa7eeffd36d934ec40db1ee167be727e326aad9fdc616f475

]]></system-out>
  </testcase>
  <system-out><![CDATA[2025-01-29 18:41:21,298 INFO o.t.containers.SeleniumUtils - Selenium API version 4.28.1 detected on classpath
2025-01-29 18:41:21,320 INFO t.selenium/standalone-chrome:4.28.1 - Pulling docker image: selenium/standalone-chrome:4.28.1. Please be patient; this may take some time but only needs to be done once.
2025-01-29 18:41:22,346 INFO t.selenium/standalone-chrome:4.28.1 - Starting to pull image
2025-01-29 18:41:22,348 INFO t.selenium/standalone-chrome:4.28.1 - Pulling image layers:  0 pending,  0 downloaded,  0 extracted, (0 bytes/0 bytes)
2025-01-29 18:41:22,872 INFO t.selenium/standalone-chrome:4.28.1 - Pulling image layers: 32 pending,  1 downloaded,  0 extracted, (1 MB/? MB)
2025-01-29 18:41:23,138 INFO t.selenium/standalone-chrome:4.28.1 - Pulling image layers: 31 pending,  2 downloaded,  0 extracted, (41 MB/? MB)
2025-01-29 18:41:23,419 INFO t.selenium/standalone-chrome:4.28.1 - Pulling image layers: 30 pending,  3 downloaded,  0 extracted, (93 MB/? MB)
2025-01-29 18:41:23,698 INFO t.selenium/standalone-chrome:4.28.1 - Pulling image layers: 29 pending,  4 downloaded,  0 extracted, (143 MB/? MB)
2025-01-29 18:41:23,962 INFO t.selenium/standalone-chrome:4.28.1 - Pulling image layers: 28 pending,  5 downloaded,  0 extracted, (179 MB/? MB)
2025-01-29 18:41:24,236 INFO t.selenium/standalone-chrome:4.28.1 - Pulling image layers: 27 pending,  6 downloaded,  0 extracted, (219 MB/? MB)
2025-01-29 18:41:24,551 INFO t.selenium/standalone-chrome:4.28.1 - Pulling image layers: 26 pending,  7 downloaded,  0 extracted, (262 MB/? MB)
2025-01-29 18:41:24,901 INFO t.selenium/standalone-chrome:4.28.1 - Pulling image layers: 25 pending,  8 downloaded,  0 extracted, (293 MB/? MB)
2025-01-29 18:41:24,978 INFO t.selenium/standalone-chrome:4.28.1 - Pulling image layers: 24 pending,  9 downloaded,  0 extracted, (315 MB/? MB)
2025-01-29 18:41:25,082 INFO t.selenium/standalone-chrome:4.28.1 - Pulling image layers: 23 pending, 10 downloaded,  0 extracted, (320 MB/? MB)
2025-01-29 18:41:25,255 INFO t.selenium/standalone-chrome:4.28.1 - Pulling image layers: 22 pending, 11 downloaded,  0 extracted, (320 MB/? MB)
2025-01-29 18:41:25,372 INFO t.selenium/standalone-chrome:4.28.1 - Pulling image layers: 21 pending, 12 downloaded,  0 extracted, (330 MB/? MB)
2025-01-29 18:41:25,516 INFO t.selenium/standalone-chrome:4.28.1 - Pulling image layers: 20 pending, 13 downloaded,  0 extracted, (354 MB/? MB)
2025-01-29 18:41:26,048 INFO t.selenium/standalone-chrome:4.28.1 - Pulling image layers: 19 pending, 14 downloaded,  0 extracted, (426 MB/? MB)
2025-01-29 18:41:26,297 INFO t.selenium/standalone-chrome:4.28.1 - Pulling image layers: 18 pending, 15 downloaded,  0 extracted, (441 MB/? MB)
2025-01-29 18:41:26,557 INFO t.selenium/standalone-chrome:4.28.1 - Pulling image layers: 17 pending, 16 downloaded,  0 extracted, (457 MB/? MB)
2025-01-29 18:41:26,739 INFO t.selenium/standalone-chrome:4.28.1 - Pulling image layers: 16 pending, 17 downloaded,  0 extracted, (477 MB/? MB)
2025-01-29 18:41:26,871 INFO t.selenium/standalone-chrome:4.28.1 - Pulling image layers: 15 pending, 18 downloaded,  0 extracted, (484 MB/? MB)
2025-01-29 18:41:27,133 INFO t.selenium/standalone-chrome:4.28.1 - Pulling image layers: 14 pending, 19 downloaded,  0 extracted, (493 MB/? MB)
2025-01-29 18:41:27,380 INFO t.selenium/standalone-chrome:4.28.1 - Pulling image layers: 13 pending, 20 downloaded,  0 extracted, (530 MB/? MB)
2025-01-29 18:41:27,913 INFO t.selenium/standalone-chrome:4.28.1 - Pulling image layers: 12 pending, 21 downloaded,  0 extracted, (618 MB/? MB)
2025-01-29 18:41:28,219 INFO t.selenium/standalone-chrome:4.28.1 - Pulling image layers: 11 pending, 22 downloaded,  0 extracted, (645 MB/? MB)
2025-01-29 18:41:28,267 INFO t.selenium/standalone-chrome:4.28.1 - Pulling image layers: 10 pending, 23 downloaded,  0 extracted, (645 MB/? MB)
2025-01-29 18:41:28,476 INFO t.selenium/standalone-chrome:4.28.1 - Pulling image layers:  9 pending, 24 downloaded,  0 extracted, (655 MB/? MB)
2025-01-29 18:41:28,739 INFO t.selenium/standalone-chrome:4.28.1 - Pulling image layers:  8 pending, 25 downloaded,  0 extracted, (675 MB/? MB)
2025-01-29 18:41:28,830 INFO t.selenium/standalone-chrome:4.28.1 - Pulling image layers:  7 pending, 26 downloaded,  0 extracted, (679 MB/? MB)
2025-01-29 18:41:28,833 INFO t.selenium/standalone-chrome:4.28.1 - Pulling image layers:  7 pending, 26 downloaded,  1 extracted, (679 MB/? MB)
2025-01-29 18:41:29,010 INFO t.selenium/standalone-chrome:4.28.1 - Pulling image layers:  6 pending, 27 downloaded,  1 extracted, (685 MB/? MB)
2025-01-29 18:41:29,113 INFO t.selenium/standalone-chrome:4.28.1 - Pulling image layers:  5 pending, 28 downloaded,  1 extracted, (690 MB/? MB)
2025-01-29 18:41:29,286 INFO t.selenium/standalone-chrome:4.28.1 - Pulling image layers:  4 pending, 29 downloaded,  1 extracted, (704 MB/? MB)
2025-01-29 18:41:29,573 INFO t.selenium/standalone-chrome:4.28.1 - Pulling image layers:  3 pending, 30 downloaded,  1 extracted, (721 MB/? MB)
2025-01-29 18:41:30,241 INFO t.selenium/standalone-chrome:4.28.1 - Pulling image layers:  3 pending, 30 downloaded,  2 extracted, (722 MB/? MB)
2025-01-29 18:41:30,257 INFO t.selenium/standalone-chrome:4.28.1 - Pulling image layers:  3 pending, 30 downloaded,  3 extracted, (722 MB/? MB)
2025-01-29 18:41:30,268 INFO t.selenium/standalone-chrome:4.28.1 - Pulling image layers:  3 pending, 30 downloaded,  4 extracted, (722 MB/? MB)
2025-01-29 18:41:30,282 INFO t.selenium/standalone-chrome:4.28.1 - Pulling image layers:  3 pending, 30 downloaded,  5 extracted, (722 MB/? MB)
2025-01-29 18:41:30,294 INFO t.selenium/standalone-chrome:4.28.1 - Pulling image layers:  3 pending, 30 downloaded,  6 extracted, (722 MB/? MB)
2025-01-29 18:41:30,304 INFO t.selenium/standalone-chrome:4.28.1 - Pulling image layers:  3 pending, 30 downloaded,  7 extracted, (722 MB/? MB)
2025-01-29 18:41:30,324 INFO t.selenium/standalone-chrome:4.28.1 - Pulling image layers:  3 pending, 30 downloaded,  8 extracted, (722 MB/? MB)
2025-01-29 18:41:30,399 INFO t.selenium/standalone-chrome:4.28.1 - Pulling image layers:  3 pending, 30 downloaded,  9 extracted, (722 MB/? MB)
2025-01-29 18:41:30,562 INFO t.selenium/standalone-chrome:4.28.1 - Pulling image layers:  3 pending, 30 downloaded, 10 extracted, (726 MB/? MB)
2025-01-29 18:41:30,987 INFO t.selenium/standalone-chrome:4.28.1 - Pulling image layers:  3 pending, 30 downloaded, 11 extracted, (733 MB/? MB)
2025-01-29 18:41:33,339 INFO t.selenium/standalone-chrome:4.28.1 - Pulling image layers:  3 pending, 30 downloaded, 12 extracted, (738 MB/? MB)
2025-01-29 18:41:33,391 INFO t.selenium/standalone-chrome:4.28.1 - Pulling image layers:  3 pending, 30 downloaded, 13 extracted, (738 MB/? MB)
2025-01-29 18:41:33,408 INFO t.selenium/standalone-chrome:4.28.1 - Pulling image layers:  3 pending, 30 downloaded, 14 extracted, (738 MB/? MB)
2025-01-29 18:41:33,420 INFO t.selenium/standalone-chrome:4.28.1 - Pulling image layers:  3 pending, 30 downloaded, 15 extracted, (738 MB/? MB)
2025-01-29 18:41:37,026 INFO t.selenium/standalone-chrome:4.28.1 - Pulling image layers:  3 pending, 30 downloaded, 16 extracted, (745 MB/? MB)
2025-01-29 18:41:37,998 INFO t.selenium/standalone-chrome:4.28.1 - Pulling image layers:  3 pending, 30 downloaded, 17 extracted, (746 MB/? MB)
2025-01-29 18:41:38,014 INFO t.selenium/standalone-chrome:4.28.1 - Pulling image layers:  3 pending, 30 downloaded, 18 extracted, (746 MB/? MB)
2025-01-29 18:41:38,039 INFO t.selenium/standalone-chrome:4.28.1 - Pulling image layers:  3 pending, 30 downloaded, 19 extracted, (746 MB/? MB)
2025-01-29 18:41:38,053 INFO t.selenium/standalone-chrome:4.28.1 - Pulling image layers:  3 pending, 30 downloaded, 20 extracted, (746 MB/? MB)
2025-01-29 18:41:42,855 INFO t.selenium/standalone-chrome:4.28.1 - Pulling image layers:  3 pending, 30 downloaded, 21 extracted, (749 MB/? MB)
2025-01-29 18:41:42,868 INFO t.selenium/standalone-chrome:4.28.1 - Pulling image layers:  3 pending, 30 downloaded, 22 extracted, (749 MB/? MB)
2025-01-29 18:41:42,882 INFO t.selenium/standalone-chrome:4.28.1 - Pulling image layers:  3 pending, 30 downloaded, 23 extracted, (749 MB/? MB)
2025-01-29 18:41:43,006 INFO t.selenium/standalone-chrome:4.28.1 - Pulling image layers:  3 pending, 30 downloaded, 24 extracted, (752 MB/? MB)
2025-01-29 18:41:43,018 INFO t.selenium/standalone-chrome:4.28.1 - Pulling image layers:  3 pending, 30 downloaded, 25 extracted, (752 MB/? MB)
2025-01-29 18:41:43,030 INFO t.selenium/standalone-chrome:4.28.1 - Pulling image layers:  3 pending, 30 downloaded, 26 extracted, (752 MB/? MB)
2025-01-29 18:41:43,040 INFO t.selenium/standalone-chrome:4.28.1 - Pulling image layers:  3 pending, 30 downloaded, 27 extracted, (752 MB/? MB)
2025-01-29 18:41:43,051 INFO t.selenium/standalone-chrome:4.28.1 - Pulling image layers:  3 pending, 30 downloaded, 28 extracted, (752 MB/? MB)
2025-01-29 18:41:43,063 INFO t.selenium/standalone-chrome:4.28.1 - Pulling image layers:  3 pending, 30 downloaded, 29 extracted, (752 MB/? MB)
2025-01-29 18:41:43,074 INFO t.selenium/standalone-chrome:4.28.1 - Pulling image layers:  3 pending, 30 downloaded, 30 extracted, (752 MB/? MB)
2025-01-29 18:41:43,086 INFO t.selenium/standalone-chrome:4.28.1 - Pulling image layers:  3 pending, 30 downloaded, 31 extracted, (752 MB/? MB)
2025-01-29 18:41:43,097 INFO t.selenium/standalone-chrome:4.28.1 - Pulling image layers:  3 pending, 30 downloaded, 32 extracted, (752 MB/? MB)
2025-01-29 18:41:43,104 INFO t.selenium/standalone-chrome:4.28.1 - Pull complete. 33 layers, pulled in 20s (downloaded 752 MB at 37 MB/s)
2025-01-29 18:41:43,104 INFO t.selenium/standalone-chrome:4.28.1 - Image selenium/standalone-chrome:4.28.1 pull took PT21.784254987S
2025-01-29 18:41:43,107 INFO t.selenium/standalone-chrome:4.28.1 - Creating container for image: selenium/standalone-chrome:4.28.1
2025-01-29 18:41:43,128 INFO t.selenium/standalone-chrome:4.28.1 - Container selenium/standalone-chrome:4.28.1 is starting: 162c6c5c590cf0b0159d2ab4f20867ba8ffc939b5a12f8272a4a4688378c53e0
2025-01-29 18:41:45,904 INFO t.selenium/standalone-chrome:4.28.1 - Container selenium/standalone-chrome:4.28.1 started in PT2.796212601S
2025-01-29 18:41:45,905 INFO c.h.h.t.HelmChartContainerExtension - Using cached HelmChartContainer instance
]]></system-out>
  <system-err><![CDATA[]]></system-err>
</testsuite>
