<?xml version="1.0" encoding="UTF-8"?>
<testsuite name="com.hivemq.helmcharts.extensions.HelmBridgeExtensionIT" tests="2" skipped="0" failures="0" errors="0" timestamp="2025-01-30T18:41:58" hostname="fv-az1393-813" time="234.137">
  <properties/>
  <testcase name="withBridgeConfiguration_messageBridged()" classname="com.hivemq.helmcharts.extensions.HelmBridgeExtensionIT" time="118.003">
    <system-out><![CDATA[2025-01-30 18:41:58,108 INFO tc.hivemq/hivemq4:4.36.0 - Creating container for image: hivemq/hivemq4:4.36.0
2025-01-30 18:41:58,675 INFO c.h.h.t.HelmChartContainer - [POD] coredns-ff8999cc5-nr6fv [a26c08ca-b4d5-4896-8425-c945a443d0c2] in kube-system was ADDED
2025-01-30 18:41:58,677 INFO c.h.h.t.HelmChartContainer - [POD] local-path-provisioner-698b58967b-6fx6b [d9fddf1e-5420-41ce-b348-d8bd3c1bfe62] in kube-system was ADDED
2025-01-30 18:41:58,679 INFO c.h.h.t.HelmChartContainer - [POD] metrics-server-8584b5786c-rdwxm [74eaea47-0e71-4522-90ab-d69c95eaeacb] in kube-system was ADDED
2025-01-30 18:42:00,511 INFO tc.hivemq/hivemq4:4.36.0 - Container hivemq/hivemq4:4.36.0 is starting: d9bc0da1dfd45dc79774915c02619a76125020785361a67fb267f89e1f82f50f
2025-01-30 18:42:05,277 INFO c.h.h.t.HelmChartContainer - [POD] metrics-server-8584b5786c-rdwxm [74eaea47-0e71-4522-90ab-d69c95eaeacb] in kube-system was MODIFIED
2025-01-30 18:42:05,283 INFO c.h.h.t.HelmChartContainer - [K3S] [replica_set.go:679] "Finished syncing" kind="ReplicaSet" key="kube-system/metrics-server-8584b5786c" duration="15.032971ms"
2025-01-30 18:42:05,288 INFO c.h.h.t.HelmChartContainer - [K3S] [replica_set.go:679] "Finished syncing" kind="ReplicaSet" key="kube-system/metrics-server-8584b5786c" duration="33.793µs"
2025-01-30 18:42:09,029 INFO tc.hivemq/hivemq4:4.36.0 - Container hivemq/hivemq4:4.36.0 started in PT10.921153946S
2025-01-30 18:42:09,031 INFO c.h.h.t.HelmChartContainer - Creating namespace 'helmbridgeextensionit-operator'...
2025-01-30 18:42:09,106 INFO c.h.h.t.HelmChartContainer - Namespace 'helmbridgeextensionit-operator' created
2025-01-30 18:42:09,106 INFO c.h.h.t.HelmChartContainer - Creating namespace 'helmbridgeextensionit'...
2025-01-30 18:42:09,197 INFO c.h.h.t.HelmChartContainer - Namespace 'helmbridgeextensionit' created
2025-01-30 18:42:09,269 DEBUG c.h.h.t.HelmChartContainer - Executing helm command: /bin/helm --kubeconfig /etc/rancher/k3s/k3s.yaml install test-hivemq-platform-operator /charts/hivemq-platform-operator --wait --timeout 5m0s --set image.repository=docker.io/hivemq --set image.name=hivemq-platform-operator-test --set image.initImageName=hivemq-platform-operator-init-test --set image.tag=snapshot --set image.pullPolicy=Never --set logLevel=DEBUG --set resources.cpu=512m --namespace helmbridgeextensionit-operator
2025-01-30 18:42:10,283 INFO c.h.h.t.HelmChartContainer - [K3S] [range_allocator.go:247] "Successfully synced" key="bd446d25b95a"
2025-01-30 18:42:11,638 INFO c.h.h.t.HelmChartContainer - [K3S] [alloc.go:330] "allocated clusterIPs" service="helmbridgeextensionit-operator/hivemq-platform-operator-test-hivemq-platform-operator" clusterIPs={"IPv4":"10.43.11.120"}
2025-01-30 18:42:11,651 INFO c.h.h.t.HelmChartContainer - [EVENT] Normal [ScalingReplicaSet] Scaled up replica set hivemq-test-hivemq-platform-operator-6966f96d65 from 0 to 1 [helmbridgeextensionit-operator:hivemq-test-hivemq-platform-operator]
2025-01-30 18:42:11,667 INFO c.h.h.t.HelmChartContainer - [POD] hivemq-test-hivemq-platform-operator-6966f96d65-dtrwr [668a5bce-4b31-4f69-84c4-93cfb334b550] in helmbridgeextensionit-operator was ADDED
2025-01-30 18:42:11,671 INFO c.h.h.t.HelmChartContainer - [K3S] [replica_set.go:679] "Finished syncing" kind="ReplicaSet" key="helmbridgeextensionit-operator/hivemq-test-hivemq-platform-operator-6966f96d65" duration="22.087914ms"
2025-01-30 18:42:11,672 INFO c.h.h.t.HelmChartContainer - [EVENT] Normal [SuccessfulCreate] Created pod: hivemq-test-hivemq-platform-operator-6966f96d65-dtrwr [helmbridgeextensionit-operator:hivemq-test-hivemq-platform-operator-6966f96d65]
2025-01-30 18:42:11,678 INFO c.h.h.t.HelmChartContainer - [EVENT] Normal [Scheduled] Successfully assigned helmbridgeextensionit-operator/hivemq-test-hivemq-platform-operator-6966f96d65-dtrwr to bd446d25b95a [helmbridgeextensionit-operator:hivemq-test-hivemq-platform-operator-6966f96d65-dtrwr]
2025-01-30 18:42:11,682 INFO c.h.h.t.HelmChartContainer - [POD] hivemq-test-hivemq-platform-operator-6966f96d65-dtrwr [668a5bce-4b31-4f69-84c4-93cfb334b550] in helmbridgeextensionit-operator was MODIFIED
2025-01-30 18:42:11,684 INFO c.h.h.t.HelmChartContainer - [K3S] [replica_set.go:679] "Finished syncing" kind="ReplicaSet" key="helmbridgeextensionit-operator/hivemq-test-hivemq-platform-operator-6966f96d65" duration="14.993551ms"
2025-01-30 18:42:11,697 INFO c.h.h.t.HelmChartContainer - [K3S] [replica_set.go:679] "Finished syncing" kind="ReplicaSet" key="helmbridgeextensionit-operator/hivemq-test-hivemq-platform-operator-6966f96d65" duration="12.223314ms"
2025-01-30 18:42:11,697 INFO c.h.h.t.HelmChartContainer - [K3S] [replica_set.go:679] "Finished syncing" kind="ReplicaSet" key="helmbridgeextensionit-operator/hivemq-test-hivemq-platform-operator-6966f96d65" duration="47.128µs"
2025-01-30 18:42:11,700 INFO c.h.h.t.HelmChartContainer - [POD] hivemq-test-hivemq-platform-operator-6966f96d65-dtrwr [668a5bce-4b31-4f69-84c4-93cfb334b550] in helmbridgeextensionit-operator was MODIFIED
2025-01-30 18:42:11,780 INFO c.h.h.t.HelmChartContainer - [K3S] [reconciler_common.go:251] "operationExecutor.VerifyControllerAttachedVolume started for volume \"kube-api-access-dtxzn\" (UniqueName: \"kubernetes.io/projected/668a5bce-4b31-4f69-84c4-93cfb334b550-kube-api-access-dtxzn\") pod \"hivemq-test-hivemq-platform-operator-6966f96d65-dtrwr\" (UID: \"668a5bce-4b31-4f69-84c4-93cfb334b550\") " pod="helmbridgeextensionit-operator/hivemq-test-hivemq-platform-operator-6966f96d65-dtrwr"
2025-01-30 18:42:12,071 INFO c.h.h.t.HelmChartContainer - [EVENT] Normal [Pulled] Container image "docker.io/hivemq/hivemq-platform-operator-test:snapshot" already present on machine [helmbridgeextensionit-operator:hivemq-test-hivemq-platform-operator-6966f96d65-dtrwr]
2025-01-30 18:42:12,072 INFO c.h.h.t.HelmChartContainer - Received Pulled event for container hivemq-platform-operator in pod hivemq-test-hivemq-platform-operator-6966f96d65-dtrwr [668a5bce-4b31-4f69-84c4-93cfb334b550]
2025-01-30 18:42:12,079 INFO c.h.h.t.HelmChartContainer - [EVENT] Normal [Created] Created container: hivemq-platform-operator [helmbridgeextensionit-operator:hivemq-test-hivemq-platform-operator-6966f96d65-dtrwr]
2025-01-30 18:42:12,079 INFO c.h.h.t.HelmChartContainer - Received Created event for container hivemq-platform-operator in pod hivemq-test-hivemq-platform-operator-6966f96d65-dtrwr [668a5bce-4b31-4f69-84c4-93cfb334b550]
2025-01-30 18:42:12,281 INFO c.h.h.t.HelmChartContainer - [K3S] [replica_set.go:679] "Finished syncing" kind="ReplicaSet" key="helmbridgeextensionit-operator/hivemq-test-hivemq-platform-operator-6966f96d65" duration="49.583µs"
2025-01-30 18:42:12,294 INFO c.h.h.t.HelmChartContainer - [POD] hivemq-test-hivemq-platform-operator-6966f96d65-dtrwr [668a5bce-4b31-4f69-84c4-93cfb334b550] in helmbridgeextensionit-operator was MODIFIED
2025-01-30 18:42:12,307 INFO c.h.h.t.HelmChartContainer - Started log watcher for hivemq-platform-operator in pod hivemq-test-hivemq-platform-operator-6966f96d65-dtrwr [668a5bce-4b31-4f69-84c4-93cfb334b550]
2025-01-30 18:42:12,307 INFO c.h.h.t.HelmChartContainer - [EVENT] Normal [Started] Started container hivemq-platform-operator [helmbridgeextensionit-operator:hivemq-test-hivemq-platform-operator-6966f96d65-dtrwr]
2025-01-30 18:42:12,307 INFO c.h.h.t.HelmChartContainer - Received Started event for container hivemq-platform-operator in pod hivemq-test-hivemq-platform-operator-6966f96d65-dtrwr [668a5bce-4b31-4f69-84c4-93cfb334b550]
2025-01-30 18:42:12,308 INFO c.h.h.t.HelmChartContainer - [hivemq-test-hivemq-platform] [hivemq-platform-operator] [668a5bce] -------------------------------------------------------------------------
2025-01-30 18:42:12,308 INFO c.h.h.t.HelmChartContainer - [hivemq-test-hivemq-platform] [hivemq-platform-operator] [668a5bce] 
2025-01-30 18:42:12,308 INFO c.h.h.t.HelmChartContainer - [hivemq-test-hivemq-platform] [hivemq-platform-operator] [668a5bce]                   _    _  _              __  __   ____
2025-01-30 18:42:12,308 INFO c.h.h.t.HelmChartContainer - [hivemq-test-hivemq-platform] [hivemq-platform-operator] [668a5bce]                  | |  | |(_)            |  \/  | / __ \
2025-01-30 18:42:12,308 INFO c.h.h.t.HelmChartContainer - [hivemq-test-hivemq-platform] [hivemq-platform-operator] [668a5bce]                  | |__| | _ __   __ ___ | \  / || |  | |
2025-01-30 18:42:12,308 INFO c.h.h.t.HelmChartContainer - [hivemq-test-hivemq-platform] [hivemq-platform-operator] [668a5bce]                  |  __  || |\ \ / // _ \| |\/| || |  | |
2025-01-30 18:42:12,308 INFO c.h.h.t.HelmChartContainer - [hivemq-test-hivemq-platform] [hivemq-platform-operator] [668a5bce]                  | |  | || | \ V /|  __/| |  | || |__| |
2025-01-30 18:42:12,308 INFO c.h.h.t.HelmChartContainer - [hivemq-test-hivemq-platform] [hivemq-platform-operator] [668a5bce]                  |_|  |_||_|  \_/  \___||_|  |_| \___\_\
2025-01-30 18:42:12,308 INFO c.h.h.t.HelmChartContainer - [hivemq-test-hivemq-platform] [hivemq-platform-operator] [668a5bce] 
2025-01-30 18:42:12,308 INFO c.h.h.t.HelmChartContainer - [hivemq-test-hivemq-platform] [hivemq-platform-operator] [668a5bce] -------------------------------------------------------------------------
2025-01-30 18:42:12,308 INFO c.h.h.t.HelmChartContainer - [hivemq-test-hivemq-platform] [hivemq-platform-operator] [668a5bce] 
2025-01-30 18:42:12,308 INFO c.h.h.t.HelmChartContainer - [hivemq-test-hivemq-platform] [hivemq-platform-operator] [668a5bce]   HiveMQ Platform Operator Start Script v1.0
2025-01-30 18:42:12,308 INFO c.h.h.t.HelmChartContainer - [hivemq-test-hivemq-platform] [hivemq-platform-operator] [668a5bce] 
2025-01-30 18:42:12,308 INFO c.h.h.t.HelmChartContainer - [hivemq-test-hivemq-platform] [hivemq-platform-operator] [668a5bce] -------------------------------------------------------------------------
2025-01-30 18:42:12,308 INFO c.h.h.t.HelmChartContainer - [hivemq-test-hivemq-platform] [hivemq-platform-operator] [668a5bce] 
2025-01-30 18:42:12,308 INFO c.h.h.t.HelmChartContainer - [hivemq-test-hivemq-platform] [hivemq-platform-operator] [668a5bce]   JAVA_OPTS: -XX:+UnlockExperimentalVMOptions -XX:InitialRAMPercentage=75 -XX:MaxRAMPercentage=75 -Duser.language=en -Duser.region=US
2025-01-30 18:42:12,308 INFO c.h.h.t.HelmChartContainer - [hivemq-test-hivemq-platform] [hivemq-platform-operator] [668a5bce] 
2025-01-30 18:42:12,308 INFO c.h.h.t.HelmChartContainer - [hivemq-test-hivemq-platform] [hivemq-platform-operator] [668a5bce]   JAVA_VERSION: 21
2025-01-30 18:42:12,308 INFO c.h.h.t.HelmChartContainer - [hivemq-test-hivemq-platform] [hivemq-platform-operator] [668a5bce] 
2025-01-30 18:42:12,308 INFO c.h.h.t.HelmChartContainer - [hivemq-test-hivemq-platform] [hivemq-platform-operator] [668a5bce] -------------------------------------------------------------------------
2025-01-30 18:42:12,308 INFO c.h.h.t.HelmChartContainer - [hivemq-test-hivemq-platform] [hivemq-platform-operator] [668a5bce] 
2025-01-30 18:42:15,568 INFO c.h.h.t.HelmChartContainer - [hivemq-test-hivemq-platform] [hivemq-platform-operator] [668a5bce] 18:42:15.485 [main] DEBUG org.jboss.logging - Logging Provider: org.jboss.logging.Slf4jLoggerProvider
2025-01-30 18:42:15,675 INFO c.h.h.t.HelmChartContainer - [hivemq-test-hivemq-platform] [hivemq-platform-operator] [668a5bce] 18:42:15.674 [main] DEBUG io.smallrye.config - SRCFG01006: Loaded ConfigSource SysPropConfigSource with ordinal 400
2025-01-30 18:42:15,676 INFO c.h.h.t.HelmChartContainer - [hivemq-test-hivemq-platform] [hivemq-platform-operator] [668a5bce] 18:42:15.674 [main] DEBUG io.smallrye.config - SRCFG01006: Loaded ConfigSource EnvConfigSource with ordinal 300
2025-01-30 18:42:15,677 INFO c.h.h.t.HelmChartContainer - [hivemq-test-hivemq-platform] [hivemq-platform-operator] [668a5bce] 18:42:15.674 [main] DEBUG io.smallrye.config - SRCFG01006: Loaded ConfigSource PropertiesConfigSource[source=jar:file:///opt/hivemq-platform-operator/bin/hivemq-platform-operator.jar!/hivemq-platform-operator.properties] with ordinal 100
2025-01-30 18:42:15,677 INFO c.h.h.t.HelmChartContainer - [hivemq-test-hivemq-platform] [hivemq-platform-operator] [668a5bce] 18:42:15.675 [main] DEBUG io.smallrye.config - SRCFG01006: Loaded ConfigSource DefaultValuesConfigSource with ordinal -2147483648
2025-01-30 18:42:15,784 INFO c.h.h.t.HelmChartContainer - [hivemq-test-hivemq-platform] [hivemq-platform-operator] [668a5bce] 18:42:15.782 [main] DEBUG i.m.c.u.i.l.InternalLoggerFactory - Using SLF4J as the default logging framework
2025-01-30 18:42:15,971 INFO c.h.h.t.HelmChartContainer - [hivemq-test-hivemq-platform] [hivemq-platform-operator] [668a5bce] 18:42:15.884 [main] INFO  c.h.p.o.HiveMQPlatformOperatorApplication - HiveMQ Platform Operator 1.7.0-SNAPSHOT (commit: 47e3375 on branch: HEAD) built on Thu Jan 30 03:55:50 UTC 2025
2025-01-30 18:42:15,972 INFO c.h.h.t.HelmChartContainer - [hivemq-test-hivemq-platform] [hivemq-platform-operator] [668a5bce] 18:42:15.969 [main] INFO  c.h.p.o.HiveMQPlatformOperatorApplication - HiveMQ Platform Operator is running in namespace: helmbridgeextensionit-operator
2025-01-30 18:42:15,972 INFO c.h.h.t.HelmChartContainer - [hivemq-test-hivemq-platform] [hivemq-platform-operator] [668a5bce] 18:42:15.969 [main] INFO  c.h.p.o.HiveMQPlatformOperatorApplication - Watching all namespaces
2025-01-30 18:42:15,972 INFO c.h.h.t.HelmChartContainer - [hivemq-test-hivemq-platform] [hivemq-platform-operator] [668a5bce] 18:42:15.969 [main] INFO  c.h.p.o.HiveMQPlatformOperatorApplication - Log level: DEBUG
2025-01-30 18:42:15,972 INFO c.h.h.t.HelmChartContainer - [hivemq-test-hivemq-platform] [hivemq-platform-operator] [668a5bce] 18:42:15.969 [main] INFO  c.h.p.o.HiveMQPlatformOperatorApplication - Release name: test-hivemq-platform-operator
2025-01-30 18:42:15,972 INFO c.h.h.t.HelmChartContainer - [hivemq-test-hivemq-platform] [hivemq-platform-operator] [668a5bce] 18:42:15.969 [main] INFO  c.h.p.o.HiveMQPlatformOperatorApplication - HiveMQ Platform Operator Init image: docker.io/hivemq/hivemq-platform-operator-init-test:snapshot
2025-01-30 18:42:15,972 INFO c.h.h.t.HelmChartContainer - [hivemq-test-hivemq-platform] [hivemq-platform-operator] [668a5bce] 18:42:15.969 [main] INFO  c.h.p.o.HiveMQPlatformOperatorApplication - HiveMQ Platform Operator Init App update URL: http://hivemq-platform-operator-test-hivemq-platform-operator.helmbridgeextensionit-operator.svc:8080/initAppUpdate/hivemq-platform-operator-init-app-1.7.0-SNAPSHOT.jar
2025-01-30 18:42:15,972 INFO c.h.h.t.HelmChartContainer - [hivemq-test-hivemq-platform] [hivemq-platform-operator] [668a5bce] 18:42:15.969 [main] INFO  c.h.p.o.HiveMQPlatformOperatorApplication - Additional imagePullSecret for all Platform deployments: none
2025-01-30 18:42:15,973 INFO c.h.h.t.HelmChartContainer - [hivemq-test-hivemq-platform] [hivemq-platform-operator] [668a5bce] 18:42:15.970 [main] INFO  c.h.p.o.HiveMQPlatformOperatorApplication - Apply HiveMQ Platform CRD: true
2025-01-30 18:42:15,973 INFO c.h.h.t.HelmChartContainer - [hivemq-test-hivemq-platform] [hivemq-platform-operator] [668a5bce] 18:42:15.970 [main] INFO  c.h.p.o.HiveMQPlatformOperatorApplication - Create Platform ServiceAccount: true
2025-01-30 18:42:15,973 INFO c.h.h.t.HelmChartContainer - [hivemq-test-hivemq-platform] [hivemq-platform-operator] [668a5bce] 18:42:15.970 [main] INFO  c.h.p.o.HiveMQPlatformOperatorApplication - Create Platform ServiceAccount permissions: true
2025-01-30 18:42:15,973 INFO c.h.h.t.HelmChartContainer - [hivemq-test-hivemq-platform] [hivemq-platform-operator] [668a5bce] 18:42:15.970 [main] INFO  c.h.p.o.HiveMQPlatformOperatorApplication - Validate Platform ServiceAccount: true
2025-01-30 18:42:15,973 INFO c.h.h.t.HelmChartContainer - [hivemq-test-hivemq-platform] [hivemq-platform-operator] [668a5bce] 18:42:15.970 [main] INFO  c.h.p.o.HiveMQPlatformOperatorApplication - Validate Platform ServiceAccount permissions: true
2025-01-30 18:42:16,167 INFO c.h.h.t.HelmChartContainer - [hivemq-test-hivemq-platform] [hivemq-platform-operator] [668a5bce] 18:42:16.165 [main] INFO  c.h.platform.operator.util.CRDUtil - Verifying deployed HiveMQ Platform CRD...
2025-01-30 18:42:18,779 INFO c.h.h.t.HelmChartContainer - [hivemq-test-hivemq-platform] [hivemq-platform-operator] [668a5bce] 18:42:18.778 [main] DEBUG c.h.platform.operator.util.CRDUtil - HiveMQ Platform CRD version v1 is up to date
2025-01-30 18:42:18,780 INFO c.h.h.t.HelmChartContainer - [hivemq-test-hivemq-platform] [hivemq-platform-operator] [668a5bce] 18:42:18.778 [main] INFO  c.h.platform.operator.util.CRDUtil - HiveMQ Platform CRD is up to date (version: V1_6_0)
2025-01-30 18:42:18,780 INFO c.h.h.t.HelmChartContainer - [hivemq-test-hivemq-platform] [hivemq-platform-operator] [668a5bce] 18:42:18.778 [main] INFO  c.h.platform.operator.util.CRDUtil - Waiting 10000 ms for HiveMQ Platform CRD 'hivemq-platforms.hivemq.com' to become ready...
2025-01-30 18:42:19,174 INFO c.h.h.t.HelmChartContainer - [hivemq-test-hivemq-platform] [hivemq-platform-operator] [668a5bce] 18:42:19.172 [vert.x-eventloop-thread-1] DEBUG c.h.platform.operator.util.CRDUtil - Checking CRD condition 'NamesAccepted' (status: 'True')
2025-01-30 18:42:19,176 INFO c.h.h.t.HelmChartContainer - [hivemq-test-hivemq-platform] [hivemq-platform-operator] [668a5bce] 18:42:19.172 [vert.x-eventloop-thread-1] DEBUG c.h.platform.operator.util.CRDUtil - Checking CRD condition 'Established' (status: 'True')
2025-01-30 18:42:19,176 INFO c.h.h.t.HelmChartContainer - [hivemq-test-hivemq-platform] [hivemq-platform-operator] [668a5bce] 18:42:19.173 [main] INFO  c.h.platform.operator.util.CRDUtil - HiveMQ Platform CRD 'hivemq-platforms.hivemq.com' is ready
2025-01-30 18:42:19,376 INFO c.h.h.t.HelmChartContainer - [hivemq-test-hivemq-platform] [hivemq-platform-operator] [668a5bce] 18:42:19.375 [main] INFO  c.h.p.o.HiveMQPlatformReconciler - HiveMQ Platform Operator is starting...
2025-01-30 18:42:19,482 INFO c.h.h.t.HelmChartContainer - [hivemq-test-hivemq-platform] [hivemq-platform-operator] [668a5bce] 18:42:19.481 [main] WARN  Default ConfigurationService implementation - Configuration for reconciler 'hivemq-controller' was not found. Known reconcilers: None.
2025-01-30 18:42:19,568 INFO c.h.h.t.HelmChartContainer - [hivemq-test-hivemq-platform] [hivemq-platform-operator] [668a5bce] 18:42:19.566 [main] INFO  Default ConfigurationService implementation - Created configuration for reconciler com.hivemq.platform.operator.HiveMQPlatformReconciler with name hivemq-controller
2025-01-30 18:42:19,673 INFO c.h.h.t.HelmChartContainer - [hivemq-test-hivemq-platform] [hivemq-platform-operator] [668a5bce] 18:42:19.672 [main] DEBUG c.h.p.o.HiveMQPlatformReconciler - HiveMQ Platform Operator is preparing EventSources
2025-01-30 18:42:19,687 INFO c.h.h.t.HelmChartContainer - [hivemq-test-hivemq-platform] [hivemq-platform-operator] [668a5bce] 18:42:19.686 [main] INFO  i.javaoperatorsdk.operator.Operator - Registered reconciler: 'hivemq-controller' for resource: 'class com.hivemq.platform.operator.v1.HiveMQPlatform' for namespace(s): [all namespaces]
2025-01-30 18:42:20,373 INFO c.h.h.t.HelmChartContainer - [hivemq-test-hivemq-platform] [hivemq-platform-operator] [668a5bce] 18:42:20.372 [main] INFO  c.h.p.operator.webserver.JettyServer - Starting Jetty server on port 8080
2025-01-30 18:42:20,467 INFO c.h.h.t.HelmChartContainer - [hivemq-test-hivemq-platform] [hivemq-platform-operator] [668a5bce] 18:42:20.466 [main] INFO  i.javaoperatorsdk.operator.Operator - Operator SDK 4.9.7 (commit: 2133d28) built on Wed Nov 20 12:56:20 UTC 2024 starting...
2025-01-30 18:42:20,468 INFO c.h.h.t.HelmChartContainer - [hivemq-test-hivemq-platform] [hivemq-platform-operator] [668a5bce] 18:42:20.466 [main] INFO  i.javaoperatorsdk.operator.Operator - Client version: 6.13.5
2025-01-30 18:42:20,469 INFO c.h.h.t.HelmChartContainer - [hivemq-test-hivemq-platform] [hivemq-platform-operator] [668a5bce] 18:42:20.468 [Controller Starter for: hivemq-controller] INFO  i.j.operator.processing.Controller - Starting 'hivemq-controller' controller for reconciler: com.hivemq.platform.operator.HiveMQPlatformReconciler, resource: com.hivemq.platform.operator.v1.HiveMQPlatform
2025-01-30 18:42:23,065 INFO c.h.h.t.HelmChartContainer - [hivemq-test-hivemq-platform] [hivemq-platform-operator] [668a5bce] 18:42:23.063 [Controller Starter for: hivemq-controller] INFO  i.j.operator.processing.Controller - 'hivemq-controller' controller started
2025-01-30 18:42:23,066 INFO c.h.h.t.HelmChartContainer - [hivemq-test-hivemq-platform] [hivemq-platform-operator] [668a5bce] 18:42:23.064 [main] INFO  c.h.p.o.HiveMQPlatformOperatorApplication - HiveMQ Platform Operator 1.7.0-SNAPSHOT started in 7180 ms
2025-01-30 18:42:23,296 INFO c.h.h.t.HelmChartContainer - [POD] hivemq-test-hivemq-platform-operator-6966f96d65-dtrwr [668a5bce-4b31-4f69-84c4-93cfb334b550] in helmbridgeextensionit-operator was MODIFIED
2025-01-30 18:42:23,304 INFO c.h.h.t.HelmChartContainer - [K3S] [replica_set.go:679] "Finished syncing" kind="ReplicaSet" key="helmbridgeextensionit-operator/hivemq-test-hivemq-platform-operator-6966f96d65" duration="12.368259ms"
2025-01-30 18:42:23,305 INFO c.h.h.t.HelmChartContainer - [K3S] [replica_set.go:679] "Finished syncing" kind="ReplicaSet" key="helmbridgeextensionit-operator/hivemq-test-hivemq-platform-operator-6966f96d65" duration="42.59µs"
2025-01-30 18:42:23,807 DEBUG c.h.h.t.HelmChartContainer - Executing helm command: /bin/helm --kubeconfig /etc/rancher/k3s/k3s.yaml install test-hivemq-platform /charts/hivemq-platform --wait --timeout 5m0s --set image.repository=docker.io/hivemq --set image.tag=4.36.0 --set image.pullPolicy=Never --set nodes.resources.cpu=512m -f /files/bridge-values.yaml --namespace helmbridgeextensionit
2025-01-30 18:42:24,169 INFO c.h.h.t.HelmChartContainer - [hivemq-test-hivemq-platform] [hivemq-platform-operator] [668a5bce] 18:42:24.164 [-2082509879-pool-1-thread-2] WARN  i.m.p.PrometheusMeterRegistry - The meter (MeterId{name='operator.sdk.events.received', tags=[tag(action=ADDED),tag(event=ResourceEvent),tag(group=hivemq.com),tag(kind=HiveMQPlatform),tag(name=test-hivemq-platform),tag(namespace=helmbridgeextensionit),tag(scope=namespace),tag(version=v1)]}) registration has failed: Prometheus requires that all meters with the same name have the same set of tag keys. There is already an existing meter named 'operator.sdk.events.received' containing tag keys [event, group, kind, name, namespace, scope, version]. The meter you are attempting to register has keys [action, event, group, kind, name, namespace, scope, version]. Note that subsequent logs will be logged at debug level.
2025-01-30 18:42:24,668 INFO c.h.h.t.HelmChartContainer - [hivemq-test-hivemq-platform] [hivemq-platform-operator] [668a5bce] 18:42:24.665 [pool-6-thread-3] DEBUG c.h.p.o.dependants.PodInfoConfigMap - [helmbrid] Desired PodInfo ConfigMap (1 extensions) (1 enabled)
2025-01-30 18:42:24,670 INFO c.h.h.t.HelmChartContainer - [hivemq-test-hivemq-platform] [hivemq-platform-operator] [668a5bce] 18:42:24.666 [pool-6-thread-3] DEBUG c.h.p.o.dependants.PodInfoConfigMap - [helmbrid] Desired PodInfo ConfigMap (metrics port: 9399) (metrics path: /)
2025-01-30 18:42:24,670 INFO c.h.h.t.HelmChartContainer - [hivemq-test-hivemq-platform] [hivemq-platform-operator] [668a5bce] 18:42:24.666 [pool-6-thread-3] DEBUG c.h.p.o.dependants.PodInfoConfigMap - [helmbrid] Desired PodInfo ConfigMap (extension state hash: -1918807284)
2025-01-30 18:42:24,670 INFO c.h.h.t.HelmChartContainer - [hivemq-test-hivemq-platform] [hivemq-platform-operator] [668a5bce] 18:42:24.668 [pool-6-thread-3] DEBUG c.h.p.o.dependants.PodInfoConfigMap - [helmbrid] Create PodInfo ConfigMap
2025-01-30 18:42:24,778 INFO c.h.h.t.HelmChartContainer - [hivemq-test-hivemq-platform] [hivemq-platform-operator] [668a5bce] 18:42:24.776 [pool-6-thread-5] DEBUG c.h.p.o.dependants.PodRoleResource - [helmbrid] Create Role: Role(apiVersion=rbac.authorization.k8s.io/v1, kind=Role, metadata=ObjectMeta(annotations={meta.helm.sh/release-name=test-hivemq-platform, meta.helm.sh/release-namespace=helmbridgeextensionit}, creationTimestamp=null, deletionGracePeriodSeconds=null, deletionTimestamp=null, finalizers=[], generateName=null, generation=null, labels={helm.sh/chart=hivemq-platform-0.2.32, app.kubernetes.io/managed-by=Helm, app.kubernetes.io/name=hivemq-platform, hivemq-platform=test-hivemq-platform, app.kubernetes.io/instance=test-hivemq-platform, app.kubernetes.io/version=4.36.0}, managedFields=[], name=hivemq-platform-role-test-hivemq-platform, namespace=helmbridgeextensionit, ownerReferences=[OwnerReference(apiVersion=hivemq.com/v1, blockOwnerDeletion=null, controller=null, kind=HiveMQPlatform, name=test-hivemq-platform, uid=e252ea30-0055-4e97-bbfa-f2e6254d4882, additionalProperties={})], resourceVersion=null, selfLink=null, uid=null, additionalProperties={}), rules=[PolicyRule(apiGroups=[], nonResourceURLs=[], resourceNames=[], resources=[pods], verbs=[get, patch, update], additionalProperties={})], additionalProperties={})
2025-01-30 18:42:24,967 INFO c.h.h.t.HelmChartContainer - [hivemq-test-hivemq-platform] [hivemq-platform-operator] [668a5bce] 18:42:24.964 [pool-6-thread-7] DEBUG c.h.p.o.d.PodServiceAccountResource - [helmbrid] Desired PodServiceAccountResource (serviceAccountName: hivemq-platform-pod-test-hivemq-platform)
2025-01-30 18:42:24,967 INFO c.h.h.t.HelmChartContainer - [hivemq-test-hivemq-platform] [hivemq-platform-operator] [668a5bce] 18:42:24.965 [pool-6-thread-7] DEBUG c.h.p.o.d.PodServiceAccountResource - [helmbrid] Create ServiceAccount 'hivemq-platform-pod-test-hivemq-platform'
2025-01-30 18:42:25,076 INFO c.h.h.t.HelmChartContainer - [hivemq-test-hivemq-platform] [hivemq-platform-operator] [668a5bce] 18:42:25.074 [pool-6-thread-10] DEBUG c.h.p.o.d.PodRoleBindingResource - [helmbrid] Create RoleBinding: RoleBinding(apiVersion=rbac.authorization.k8s.io/v1, kind=RoleBinding, metadata=ObjectMeta(annotations={meta.helm.sh/release-name=test-hivemq-platform, meta.helm.sh/release-namespace=helmbridgeextensionit}, creationTimestamp=null, deletionGracePeriodSeconds=null, deletionTimestamp=null, finalizers=[], generateName=null, generation=null, labels={helm.sh/chart=hivemq-platform-0.2.32, app.kubernetes.io/managed-by=Helm, app.kubernetes.io/name=hivemq-platform, hivemq-platform=test-hivemq-platform, app.kubernetes.io/instance=test-hivemq-platform, app.kubernetes.io/version=4.36.0}, managedFields=[], name=hivemq-platform-role-binding-test-hivemq-platform, namespace=helmbridgeextensionit, ownerReferences=[OwnerReference(apiVersion=hivemq.com/v1, blockOwnerDeletion=null, controller=null, kind=HiveMQPlatform, name=test-hivemq-platform, uid=e252ea30-0055-4e97-bbfa-f2e6254d4882, additionalProperties={})], resourceVersion=null, selfLink=null, uid=null, additionalProperties={}), roleRef=RoleRef(apiGroup=rbac.authorization.k8s.io, kind=Role, name=hivemq-platform-role-test-hivemq-platform, additionalProperties={}), subjects=[Subject(apiGroup=null, kind=ServiceAccount, name=hivemq-platform-pod-test-hivemq-platform, namespace=helmbridgeextensionit, additionalProperties={})], additionalProperties={})
2025-01-30 18:42:25,169 INFO c.h.h.t.HelmChartContainer - [hivemq-test-hivemq-platform] [hivemq-platform-operator] [668a5bce] 18:42:25.168 [ReconcilerExecutor-hivemq-controller-54] INFO  c.h.p.o.HiveMQPlatformReconciler - [helmbrid] Reconciling HiveMQ Platform 'test-hivemq-platform' in namespace 'helmbridgeextensionit'
2025-01-30 18:42:25,170 INFO c.h.h.t.HelmChartContainer - [hivemq-test-hivemq-platform] [hivemq-platform-operator] [668a5bce] 18:42:25.169 [ReconcilerExecutor-hivemq-controller-54] DEBUG c.h.p.o.HiveMQPlatformReconciler - [helmbrid] Custom Resource Status CREATED - HiveMQ Platform was created (READY)
2025-01-30 18:42:25,171 INFO c.h.h.t.HelmChartContainer - [hivemq-test-hivemq-platform] [hivemq-platform-operator] [668a5bce] 18:42:25.169 [ReconcilerExecutor-hivemq-controller-54] DEBUG c.h.p.o.HiveMQPlatformReconciler - [helmbrid] Custom Resource Spec (replicas: 1) (extensions: 1)
2025-01-30 18:42:25,177 INFO c.h.h.t.HelmChartContainer - [hivemq-test-hivemq-platform] [hivemq-platform-operator] [668a5bce] 18:42:25.175 [ReconcilerExecutor-hivemq-controller-54] INFO  c.h.p.o.h.HiveMQPlatformReconcilerBaseHandler - [helmbrid] HiveMQ Platform is starting
2025-01-30 18:42:25,284 INFO c.h.h.t.HelmChartContainer - [hivemq-test-hivemq-platform] [hivemq-platform-operator] [668a5bce] 18:42:25.282 [ReconcilerExecutor-hivemq-controller-54] DEBUG c.h.p.operator.event.EventSender - [helmbrid] Creating K8s event hivemq-platform-starting: [Start] HiveMQ Platform is starting
2025-01-30 18:42:25,371 INFO c.h.h.t.HelmChartContainer - [EVENT] Normal [Start] HiveMQ Platform is starting [helmbridgeextensionit:test-hivemq-platform]
2025-01-30 18:42:25,375 INFO c.h.h.t.HelmChartContainer - [hivemq-test-hivemq-platform] [hivemq-platform-operator] [668a5bce] 18:42:25.374 [ReconcilerExecutor-hivemq-controller-54] INFO  c.h.p.o.h.AbstractHiveMQReconcilerStateHandler - [helmbrid] Update HiveMQ Platform Status (CREATED [READY] -> STARTING [READY]): HiveMQ Platform is starting
2025-01-30 18:42:25,387 DEBUG com.hivemq.helmcharts.util.K8sUtil - Comparing actual state 'STARTING' and waiting for 'RUNNING'
2025-01-30 18:42:35,475 INFO c.h.h.t.HelmChartContainer - [hivemq-test-hivemq-platform] [hivemq-platform-operator] [668a5bce] 18:42:35.472 [pool-6-thread-12] DEBUG c.h.p.o.d.PlatformServiceResource - [helmbrid] Desired Platform services (3 services)
2025-01-30 18:42:35,478 INFO c.h.h.t.HelmChartContainer - [hivemq-test-hivemq-platform] [hivemq-platform-operator] [668a5bce] 18:42:35.475 [pool-6-thread-13] DEBUG c.h.p.o.dependants.PodInfoConfigMap - [helmbrid] Desired PodInfo ConfigMap (1 extensions) (1 enabled)
2025-01-30 18:42:35,478 INFO c.h.h.t.HelmChartContainer - [hivemq-test-hivemq-platform] [hivemq-platform-operator] [668a5bce] 18:42:35.476 [pool-6-thread-13] DEBUG c.h.p.o.dependants.PodInfoConfigMap - [helmbrid] Desired PodInfo ConfigMap (metrics port: 9399) (metrics path: /)
2025-01-30 18:42:35,478 INFO c.h.h.t.HelmChartContainer - [hivemq-test-hivemq-platform] [hivemq-platform-operator] [668a5bce] 18:42:35.476 [pool-6-thread-13] DEBUG c.h.p.o.dependants.PodInfoConfigMap - [helmbrid] Desired PodInfo ConfigMap (extension state hash: -1918807284)
2025-01-30 18:42:35,478 INFO c.h.h.t.HelmChartContainer - [hivemq-test-hivemq-platform] [hivemq-platform-operator] [668a5bce] 18:42:35.477 [pool-6-thread-17] DEBUG c.h.p.o.d.PodServiceAccountResource - [helmbrid] Desired PodServiceAccountResource (serviceAccountName: hivemq-platform-pod-test-hivemq-platform)
2025-01-30 18:42:35,569 INFO c.h.h.t.HelmChartContainer - [hivemq-test-hivemq-platform] [hivemq-platform-operator] [668a5bce] 18:42:35.568 [pool-6-thread-13] DEBUG c.h.p.o.dependants.PodInfoConfigMap - [helmbrid] Update PodInfo ConfigMap
2025-01-30 18:42:35,585 INFO c.h.h.t.HelmChartContainer - [K3S] [alloc.go:330] "allocated clusterIPs" service="helmbridgeextensionit/hivemq-test-hivemq-platform-metrics-9399" clusterIPs={"IPv4":"10.43.52.45"}
2025-01-30 18:42:35,670 INFO c.h.h.t.HelmChartContainer - [K3S] [alloc.go:330] "allocated clusterIPs" service="helmbridgeextensionit/hivemq-test-hivemq-platform-mqtt-1883" clusterIPs={"IPv4":"10.43.119.42"}
2025-01-30 18:42:35,682 INFO c.h.h.t.HelmChartContainer - [K3S] [alloc.go:330] "allocated clusterIPs" service="helmbridgeextensionit/hivemq-test-hivemq-platform-cc-8080" clusterIPs={"IPv4":"10.43.57.168"}
2025-01-30 18:42:35,690 INFO c.h.h.t.HelmChartContainer - [hivemq-test-hivemq-platform] [hivemq-platform-operator] [668a5bce] 18:42:35.687 [pool-6-thread-20] DEBUG c.h.p.o.d.StatefulSetResource - [helmbrid] Desired StatefulSet (1 replicas) for status STARTING (READY)
2025-01-30 18:42:35,777 INFO c.h.h.t.HelmChartContainer - [hivemq-test-hivemq-platform] [hivemq-platform-operator] [668a5bce] 18:42:35.775 [pool-6-thread-20] DEBUG c.h.p.o.d.StatefulSetResource - [helmbrid] Create StatefulSet
2025-01-30 18:42:35,885 INFO c.h.h.t.HelmChartContainer - [hivemq-test-hivemq-platform] [hivemq-platform-operator] [668a5bce] 18:42:35.883 [ReconcilerExecutor-hivemq-controller-65] INFO  c.h.p.o.HiveMQPlatformReconciler - [helmbrid] Reconciling HiveMQ Platform 'test-hivemq-platform' in namespace 'helmbridgeextensionit'
2025-01-30 18:42:35,886 INFO c.h.h.t.HelmChartContainer - [hivemq-test-hivemq-platform] [hivemq-platform-operator] [668a5bce] 18:42:35.884 [ReconcilerExecutor-hivemq-controller-65] DEBUG c.h.p.o.HiveMQPlatformReconciler - [helmbrid] Custom Resource Status STARTING - HiveMQ Platform is starting (READY)
2025-01-30 18:42:35,886 INFO c.h.h.t.HelmChartContainer - [hivemq-test-hivemq-platform] [hivemq-platform-operator] [668a5bce] 18:42:35.884 [ReconcilerExecutor-hivemq-controller-65] DEBUG c.h.p.o.HiveMQPlatformReconciler - [helmbrid] Custom Resource Spec (replicas: 1) (extensions: 1)
2025-01-30 18:42:35,900 INFO c.h.h.t.HelmChartContainer - [POD] test-hivemq-platform-0 [870661e2-fc40-4003-8abd-143bd2c673cc] in helmbridgeextensionit was ADDED
2025-01-30 18:42:35,902 INFO c.h.h.t.HelmChartContainer - [EVENT] Normal [SuccessfulCreate] create Pod test-hivemq-platform-0 in StatefulSet test-hivemq-platform successful [helmbridgeextensionit:test-hivemq-platform]
2025-01-30 18:42:35,907 INFO c.h.h.t.HelmChartContainer - [POD] test-hivemq-platform-0 [870661e2-fc40-4003-8abd-143bd2c673cc] in helmbridgeextensionit was MODIFIED
2025-01-30 18:42:35,910 INFO c.h.h.t.HelmChartContainer - [EVENT] Normal [Scheduled] Successfully assigned helmbridgeextensionit/test-hivemq-platform-0 to bd446d25b95a [helmbridgeextensionit:test-hivemq-platform-0]
2025-01-30 18:42:35,923 INFO c.h.h.t.HelmChartContainer - [POD] test-hivemq-platform-0 [870661e2-fc40-4003-8abd-143bd2c673cc] in helmbridgeextensionit was MODIFIED
2025-01-30 18:42:35,927 INFO c.h.h.t.HelmChartContainer - [K3S] [reconciler_common.go:251] "operationExecutor.VerifyControllerAttachedVolume started for volume \"broker-configuration\" (UniqueName: \"kubernetes.io/configmap/870661e2-fc40-4003-8abd-143bd2c673cc-broker-configuration\") pod \"test-hivemq-platform-0\" (UID: \"870661e2-fc40-4003-8abd-143bd2c673cc\") " pod="helmbridgeextensionit/test-hivemq-platform-0"
2025-01-30 18:42:35,927 INFO c.h.h.t.HelmChartContainer - [K3S] [reconciler_common.go:251] "operationExecutor.VerifyControllerAttachedVolume started for volume \"operator-init\" (UniqueName: \"kubernetes.io/empty-dir/870661e2-fc40-4003-8abd-143bd2c673cc-operator-init\") pod \"test-hivemq-platform-0\" (UID: \"870661e2-fc40-4003-8abd-143bd2c673cc\") " pod="helmbridgeextensionit/test-hivemq-platform-0"
2025-01-30 18:42:35,927 INFO c.h.h.t.HelmChartContainer - [K3S] [reconciler_common.go:251] "operationExecutor.VerifyControllerAttachedVolume started for volume \"kube-api-access-s7r69\" (UniqueName: \"kubernetes.io/projected/870661e2-fc40-4003-8abd-143bd2c673cc-kube-api-access-s7r69\") pod \"test-hivemq-platform-0\" (UID: \"870661e2-fc40-4003-8abd-143bd2c673cc\") " pod="helmbridgeextensionit/test-hivemq-platform-0"
2025-01-30 18:42:35,928 INFO c.h.h.t.HelmChartContainer - [K3S] [reconciler_common.go:251] "operationExecutor.VerifyControllerAttachedVolume started for volume \"pod-info\" (UniqueName: \"kubernetes.io/configmap/870661e2-fc40-4003-8abd-143bd2c673cc-pod-info\") pod \"test-hivemq-platform-0\" (UID: \"870661e2-fc40-4003-8abd-143bd2c673cc\") " pod="helmbridgeextensionit/test-hivemq-platform-0"
2025-01-30 18:42:35,928 INFO c.h.h.t.HelmChartContainer - [K3S] [reconciler_common.go:251] "operationExecutor.VerifyControllerAttachedVolume started for volume \"extension-configuration-hivemq-bridge-extension\" (UniqueName: \"kubernetes.io/configmap/870661e2-fc40-4003-8abd-143bd2c673cc-extension-configuration-hivemq-bridge-extension\") pod \"test-hivemq-platform-0\" (UID: \"870661e2-fc40-4003-8abd-143bd2c673cc\") " pod="helmbridgeextensionit/test-hivemq-platform-0"
2025-01-30 18:42:35,974 INFO c.h.h.t.HelmChartContainer - [hivemq-test-hivemq-platform] [hivemq-platform-operator] [668a5bce] 18:42:35.972 [ReconcilerExecutor-hivemq-controller-65] DEBUG c.h.p.o.HiveMQPlatformReconciler - [helmbrid] StatefulSet Status (revision: test-hivemq-platform-5686c99fcc, replicas: 0, available: 0, ready: 0, current: 0, updated: 0)
2025-01-30 18:42:35,975 INFO c.h.h.t.HelmChartContainer - [hivemq-test-hivemq-platform] [hivemq-platform-operator] [668a5bce] 18:42:35.972 [ReconcilerExecutor-hivemq-controller-65] DEBUG c.h.p.o.HiveMQPlatformReconciler - [helmbrid] StatefulSet Spec (replicas: 1, init containers: 1, containers: 1, volumes: 4)
2025-01-30 18:42:36,070 INFO c.h.h.t.HelmChartContainer - [hivemq-test-hivemq-platform] [hivemq-platform-operator] [668a5bce] 18:42:36.069 [ReconcilerExecutor-hivemq-controller-65] DEBUG c.h.p.o.h.HiveMQPlatformReconcilerErrorHandler - [helmbrid] Pod 'test-hivemq-platform-0' phase Pending
2025-01-30 18:42:36,073 INFO c.h.h.t.HelmChartContainer - [hivemq-test-hivemq-platform] [hivemq-platform-operator] [668a5bce] 18:42:36.070 [ReconcilerExecutor-hivemq-controller-65] DEBUG c.h.p.o.h.HiveMQPlatformReconcilerErrorHandler - [helmbrid] Pod 'test-hivemq-platform-0' condition 'PodReadyToStartContainers': False
2025-01-30 18:42:36,073 INFO c.h.h.t.HelmChartContainer - [hivemq-test-hivemq-platform] [hivemq-platform-operator] [668a5bce] 18:42:36.071 [ReconcilerExecutor-hivemq-controller-65] DEBUG c.h.p.o.h.HiveMQPlatformReconcilerErrorHandler - [helmbrid] Pod 'test-hivemq-platform-0' condition 'Initialized': False
2025-01-30 18:42:36,076 INFO c.h.h.t.HelmChartContainer - [hivemq-test-hivemq-platform] [hivemq-platform-operator] [668a5bce] 18:42:36.071 [ReconcilerExecutor-hivemq-controller-65] DEBUG c.h.p.o.h.HiveMQPlatformReconcilerErrorHandler - [helmbrid] Pod 'test-hivemq-platform-0' condition 'Ready': False
2025-01-30 18:42:36,076 INFO c.h.h.t.HelmChartContainer - [hivemq-test-hivemq-platform] [hivemq-platform-operator] [668a5bce] 18:42:36.071 [ReconcilerExecutor-hivemq-controller-65] DEBUG c.h.p.o.h.HiveMQPlatformReconcilerErrorHandler - [helmbrid] Pod 'test-hivemq-platform-0' condition 'ContainersReady': False
2025-01-30 18:42:36,076 INFO c.h.h.t.HelmChartContainer - [hivemq-test-hivemq-platform] [hivemq-platform-operator] [668a5bce] 18:42:36.071 [ReconcilerExecutor-hivemq-controller-65] DEBUG c.h.p.o.h.HiveMQPlatformReconcilerErrorHandler - [helmbrid] Pod 'test-hivemq-platform-0' condition 'PodScheduled': True
2025-01-30 18:42:36,076 INFO c.h.h.t.HelmChartContainer - [hivemq-test-hivemq-platform] [hivemq-platform-operator] [668a5bce] 18:42:36.072 [ReconcilerExecutor-hivemq-controller-65] DEBUG c.h.p.o.h.HiveMQPlatformReconcilerErrorHandler - [helmbrid] Pod 'test-hivemq-platform-0' containerStatus 'hivemq' (started: false) (ready: false) (waiting: [PodInitializing] null)
2025-01-30 18:42:36,078 INFO c.h.h.t.HelmChartContainer - [hivemq-test-hivemq-platform] [hivemq-platform-operator] [668a5bce] 18:42:36.076 [ReconcilerExecutor-hivemq-controller-65] INFO  c.h.p.o.h.HiveMQPlatformReconcilerBaseHandler - [helmbrid] HiveMQ Platform is starting, 0 of 1 replicas are ready
2025-01-30 18:42:36,167 INFO c.h.h.t.HelmChartContainer - [hivemq-test-hivemq-platform] [hivemq-platform-operator] [668a5bce] 18:42:36.163 [pool-6-thread-22] DEBUG c.h.p.o.d.PlatformServiceResource - [helmbrid] Desired Platform services (3 services)
2025-01-30 18:42:36,169 INFO c.h.h.t.HelmChartContainer - [hivemq-test-hivemq-platform] [hivemq-platform-operator] [668a5bce] 18:42:36.167 [pool-6-thread-23] DEBUG c.h.p.o.dependants.PodInfoConfigMap - [helmbrid] Desired PodInfo ConfigMap (1 extensions) (1 enabled)
2025-01-30 18:42:36,170 INFO c.h.h.t.HelmChartContainer - [hivemq-test-hivemq-platform] [hivemq-platform-operator] [668a5bce] 18:42:36.168 [pool-6-thread-23] DEBUG c.h.p.o.dependants.PodInfoConfigMap - [helmbrid] Desired PodInfo ConfigMap (metrics port: 9399) (metrics path: /)
2025-01-30 18:42:36,170 INFO c.h.h.t.HelmChartContainer - [hivemq-test-hivemq-platform] [hivemq-platform-operator] [668a5bce] 18:42:36.168 [pool-6-thread-23] DEBUG c.h.p.o.dependants.PodInfoConfigMap - [helmbrid] Desired PodInfo ConfigMap (extension state hash: -1918807284)
2025-01-30 18:42:36,170 INFO c.h.h.t.HelmChartContainer - [hivemq-test-hivemq-platform] [hivemq-platform-operator] [668a5bce] 18:42:36.169 [pool-6-thread-27] DEBUG c.h.p.o.d.PodServiceAccountResource - [helmbrid] Desired PodServiceAccountResource (serviceAccountName: hivemq-platform-pod-test-hivemq-platform)
2025-01-30 18:42:36,182 INFO c.h.h.t.HelmChartContainer - [hivemq-test-hivemq-platform] [hivemq-platform-operator] [668a5bce] 18:42:36.181 [pool-6-thread-30] DEBUG c.h.p.o.d.StatefulSetResource - [helmbrid] Desired StatefulSet (1 replicas) for status STARTING (READY)
2025-01-30 18:42:36,272 INFO c.h.h.t.HelmChartContainer - [hivemq-test-hivemq-platform] [hivemq-platform-operator] [668a5bce] 18:42:36.270 [ReconcilerExecutor-hivemq-controller-76] INFO  c.h.p.o.HiveMQPlatformReconciler - [helmbrid] Reconciling HiveMQ Platform 'test-hivemq-platform' in namespace 'helmbridgeextensionit'
2025-01-30 18:42:36,278 INFO c.h.h.t.HelmChartContainer - [hivemq-test-hivemq-platform] [hivemq-platform-operator] [668a5bce] 18:42:36.270 [ReconcilerExecutor-hivemq-controller-76] DEBUG c.h.p.o.HiveMQPlatformReconciler - [helmbrid] Custom Resource Status STARTING - HiveMQ Platform is starting (READY)
2025-01-30 18:42:36,278 INFO c.h.h.t.HelmChartContainer - [hivemq-test-hivemq-platform] [hivemq-platform-operator] [668a5bce] 18:42:36.270 [ReconcilerExecutor-hivemq-controller-76] DEBUG c.h.p.o.HiveMQPlatformReconciler - [helmbrid] Custom Resource Spec (replicas: 1) (extensions: 1)
2025-01-30 18:42:36,286 INFO c.h.h.t.HelmChartContainer - [hivemq-test-hivemq-platform] [hivemq-platform-operator] [668a5bce] 18:42:36.276 [ReconcilerExecutor-hivemq-controller-76] DEBUG c.h.p.o.HiveMQPlatformReconciler - [helmbrid] StatefulSet Status (revision: test-hivemq-platform-5686c99fcc, replicas: 1, available: 0, ready: 0, current: 1, updated: 1)
2025-01-30 18:42:36,286 INFO c.h.h.t.HelmChartContainer - [hivemq-test-hivemq-platform] [hivemq-platform-operator] [668a5bce] 18:42:36.277 [ReconcilerExecutor-hivemq-controller-76] DEBUG c.h.p.o.HiveMQPlatformReconciler - [helmbrid] StatefulSet Spec (replicas: 1, init containers: 1, containers: 1, volumes: 4)
2025-01-30 18:42:36,286 INFO c.h.h.t.HelmChartContainer - [hivemq-test-hivemq-platform] [hivemq-platform-operator] [668a5bce] 18:42:36.279 [ReconcilerExecutor-hivemq-controller-76] DEBUG c.h.p.o.h.HiveMQPlatformReconcilerErrorHandler - [helmbrid] Pod 'test-hivemq-platform-0' phase Pending
2025-01-30 18:42:36,286 INFO c.h.h.t.HelmChartContainer - [hivemq-test-hivemq-platform] [hivemq-platform-operator] [668a5bce] 18:42:36.279 [ReconcilerExecutor-hivemq-controller-76] DEBUG c.h.p.o.h.HiveMQPlatformReconcilerErrorHandler - [helmbrid] Pod 'test-hivemq-platform-0' condition 'PodReadyToStartContainers': False
2025-01-30 18:42:36,286 INFO c.h.h.t.HelmChartContainer - [hivemq-test-hivemq-platform] [hivemq-platform-operator] [668a5bce] 18:42:36.279 [ReconcilerExecutor-hivemq-controller-76] DEBUG c.h.p.o.h.HiveMQPlatformReconcilerErrorHandler - [helmbrid] Pod 'test-hivemq-platform-0' condition 'Initialized': False
2025-01-30 18:42:36,286 INFO c.h.h.t.HelmChartContainer - [hivemq-test-hivemq-platform] [hivemq-platform-operator] [668a5bce] 18:42:36.279 [ReconcilerExecutor-hivemq-controller-76] DEBUG c.h.p.o.h.HiveMQPlatformReconcilerErrorHandler - [helmbrid] Pod 'test-hivemq-platform-0' condition 'Ready': False
2025-01-30 18:42:36,286 INFO c.h.h.t.HelmChartContainer - [hivemq-test-hivemq-platform] [hivemq-platform-operator] [668a5bce] 18:42:36.279 [ReconcilerExecutor-hivemq-controller-76] DEBUG c.h.p.o.h.HiveMQPlatformReconcilerErrorHandler - [helmbrid] Pod 'test-hivemq-platform-0' condition 'ContainersReady': False
2025-01-30 18:42:36,286 INFO c.h.h.t.HelmChartContainer - [hivemq-test-hivemq-platform] [hivemq-platform-operator] [668a5bce] 18:42:36.279 [ReconcilerExecutor-hivemq-controller-76] DEBUG c.h.p.o.h.HiveMQPlatformReconcilerErrorHandler - [helmbrid] Pod 'test-hivemq-platform-0' condition 'PodScheduled': True
2025-01-30 18:42:36,286 INFO c.h.h.t.HelmChartContainer - [hivemq-test-hivemq-platform] [hivemq-platform-operator] [668a5bce] 18:42:36.279 [ReconcilerExecutor-hivemq-controller-76] DEBUG c.h.p.o.h.HiveMQPlatformReconcilerErrorHandler - [helmbrid] Pod 'test-hivemq-platform-0' containerStatus 'hivemq' (started: false) (ready: false) (waiting: [PodInitializing] null)
2025-01-30 18:42:36,286 INFO c.h.h.t.HelmChartContainer - [hivemq-test-hivemq-platform] [hivemq-platform-operator] [668a5bce] 18:42:36.280 [ReconcilerExecutor-hivemq-controller-76] INFO  c.h.p.o.h.HiveMQPlatformReconcilerBaseHandler - [helmbrid] HiveMQ Platform is starting, 0 of 1 replicas are ready
2025-01-30 18:42:36,303 INFO c.h.h.t.HelmChartContainer - [EVENT] Normal [Pulled] Container image "docker.io/hivemq/hivemq-platform-operator-init-test:snapshot" already present on machine [helmbridgeextensionit:test-hivemq-platform-0]
2025-01-30 18:42:36,310 INFO c.h.h.t.HelmChartContainer - [EVENT] Normal [Created] Created container: hivemq-platform-operator-init [helmbridgeextensionit:test-hivemq-platform-0]
2025-01-30 18:42:36,348 INFO c.h.h.t.HelmChartContainer - [EVENT] Normal [Started] Started container hivemq-platform-operator-init [helmbridgeextensionit:test-hivemq-platform-0]
2025-01-30 18:42:37,310 INFO c.h.h.t.HelmChartContainer - [EVENT] Normal [Pulled] Container image "docker.io/hivemq/hivemq4:4.36.0" already present on machine [helmbridgeextensionit:test-hivemq-platform-0]
2025-01-30 18:42:37,311 INFO c.h.h.t.HelmChartContainer - Received Pulled event for container hivemq in pod test-hivemq-platform-0 [870661e2-fc40-4003-8abd-143bd2c673cc]
2025-01-30 18:42:37,319 INFO c.h.h.t.HelmChartContainer - [POD] test-hivemq-platform-0 [870661e2-fc40-4003-8abd-143bd2c673cc] in helmbridgeextensionit was MODIFIED
2025-01-30 18:42:37,345 INFO c.h.h.t.HelmChartContainer - [hivemq-test-hivemq-platform] [hivemq-platform-operator] [668a5bce] 18:42:37.338 [pool-6-thread-32] DEBUG c.h.p.o.d.PlatformServiceResource - [helmbrid] Desired Platform services (3 services)
2025-01-30 18:42:37,352 INFO c.h.h.t.HelmChartContainer - [hivemq-test-hivemq-platform] [hivemq-platform-operator] [668a5bce] 18:42:37.348 [pool-6-thread-37] DEBUG c.h.p.o.d.PodServiceAccountResource - [helmbrid] Desired PodServiceAccountResource (serviceAccountName: hivemq-platform-pod-test-hivemq-platform)
2025-01-30 18:42:37,352 INFO c.h.h.t.HelmChartContainer - [hivemq-test-hivemq-platform] [hivemq-platform-operator] [668a5bce] 18:42:37.349 [pool-6-thread-33] DEBUG c.h.p.o.dependants.PodInfoConfigMap - [helmbrid] Desired PodInfo ConfigMap (1 extensions) (1 enabled)
2025-01-30 18:42:37,352 INFO c.h.h.t.HelmChartContainer - [hivemq-test-hivemq-platform] [hivemq-platform-operator] [668a5bce] 18:42:37.349 [pool-6-thread-33] DEBUG c.h.p.o.dependants.PodInfoConfigMap - [helmbrid] Desired PodInfo ConfigMap (metrics port: 9399) (metrics path: /)
2025-01-30 18:42:37,352 INFO c.h.h.t.HelmChartContainer - [hivemq-test-hivemq-platform] [hivemq-platform-operator] [668a5bce] 18:42:37.349 [pool-6-thread-33] DEBUG c.h.p.o.dependants.PodInfoConfigMap - [helmbrid] Desired PodInfo ConfigMap (extension state hash: -1918807284)
2025-01-30 18:42:37,352 INFO c.h.h.t.HelmChartContainer - [EVENT] Normal [Created] Created container: hivemq [helmbridgeextensionit:test-hivemq-platform-0]
2025-01-30 18:42:37,352 INFO c.h.h.t.HelmChartContainer - Received Created event for container hivemq in pod test-hivemq-platform-0 [870661e2-fc40-4003-8abd-143bd2c673cc]
2025-01-30 18:42:37,377 INFO c.h.h.t.HelmChartContainer - [hivemq-test-hivemq-platform] [hivemq-platform-operator] [668a5bce] 18:42:37.375 [pool-6-thread-40] DEBUG c.h.p.o.d.StatefulSetResource - [helmbrid] Desired StatefulSet (1 replicas) for status STARTING (READY)
2025-01-30 18:42:37,467 INFO c.h.h.t.HelmChartContainer - [hivemq-test-hivemq-platform] [hivemq-platform-operator] [668a5bce] 18:42:37.464 [ReconcilerExecutor-hivemq-controller-87] INFO  c.h.p.o.HiveMQPlatformReconciler - [helmbrid] Reconciling HiveMQ Platform 'test-hivemq-platform' in namespace 'helmbridgeextensionit'
2025-01-30 18:42:37,467 INFO c.h.h.t.HelmChartContainer - [hivemq-test-hivemq-platform] [hivemq-platform-operator] [668a5bce] 18:42:37.464 [ReconcilerExecutor-hivemq-controller-87] DEBUG c.h.p.o.HiveMQPlatformReconciler - [helmbrid] Custom Resource Status STARTING - HiveMQ Platform is starting (READY)
2025-01-30 18:42:37,467 INFO c.h.h.t.HelmChartContainer - [hivemq-test-hivemq-platform] [hivemq-platform-operator] [668a5bce] 18:42:37.464 [ReconcilerExecutor-hivemq-controller-87] DEBUG c.h.p.o.HiveMQPlatformReconciler - [helmbrid] Custom Resource Spec (replicas: 1) (extensions: 1)
2025-01-30 18:42:37,474 INFO c.h.h.t.HelmChartContainer - [hivemq-test-hivemq-platform] [hivemq-platform-operator] [668a5bce] 18:42:37.469 [ReconcilerExecutor-hivemq-controller-87] DEBUG c.h.p.o.HiveMQPlatformReconciler - [helmbrid] StatefulSet Status (revision: test-hivemq-platform-5686c99fcc, replicas: 1, available: 0, ready: 0, current: 1, updated: 1)
2025-01-30 18:42:37,474 INFO c.h.h.t.HelmChartContainer - [hivemq-test-hivemq-platform] [hivemq-platform-operator] [668a5bce] 18:42:37.469 [ReconcilerExecutor-hivemq-controller-87] DEBUG c.h.p.o.HiveMQPlatformReconciler - [helmbrid] StatefulSet Spec (replicas: 1, init containers: 1, containers: 1, volumes: 4)
2025-01-30 18:42:37,474 INFO c.h.h.t.HelmChartContainer - [hivemq-test-hivemq-platform] [hivemq-platform-operator] [668a5bce] 18:42:37.472 [ReconcilerExecutor-hivemq-controller-87] DEBUG c.h.p.o.h.HiveMQPlatformReconcilerErrorHandler - [helmbrid] Pod 'test-hivemq-platform-0' phase Pending
2025-01-30 18:42:37,474 INFO c.h.h.t.HelmChartContainer - [hivemq-test-hivemq-platform] [hivemq-platform-operator] [668a5bce] 18:42:37.472 [ReconcilerExecutor-hivemq-controller-87] DEBUG c.h.p.o.h.HiveMQPlatformReconcilerErrorHandler - [helmbrid] Pod 'test-hivemq-platform-0' condition 'PodReadyToStartContainers': True
2025-01-30 18:42:37,474 INFO c.h.h.t.HelmChartContainer - [hivemq-test-hivemq-platform] [hivemq-platform-operator] [668a5bce] 18:42:37.472 [ReconcilerExecutor-hivemq-controller-87] DEBUG c.h.p.o.h.HiveMQPlatformReconcilerErrorHandler - [helmbrid] Pod 'test-hivemq-platform-0' condition 'Initialized': True
2025-01-30 18:42:37,476 INFO c.h.h.t.HelmChartContainer - [hivemq-test-hivemq-platform] [hivemq-platform-operator] [668a5bce] 18:42:37.473 [ReconcilerExecutor-hivemq-controller-87] DEBUG c.h.p.o.h.HiveMQPlatformReconcilerErrorHandler - [helmbrid] Pod 'test-hivemq-platform-0' condition 'Ready': False
2025-01-30 18:42:37,476 INFO c.h.h.t.HelmChartContainer - [hivemq-test-hivemq-platform] [hivemq-platform-operator] [668a5bce] 18:42:37.473 [ReconcilerExecutor-hivemq-controller-87] DEBUG c.h.p.o.h.HiveMQPlatformReconcilerErrorHandler - [helmbrid] Pod 'test-hivemq-platform-0' condition 'ContainersReady': False
2025-01-30 18:42:37,476 INFO c.h.h.t.HelmChartContainer - [hivemq-test-hivemq-platform] [hivemq-platform-operator] [668a5bce] 18:42:37.473 [ReconcilerExecutor-hivemq-controller-87] DEBUG c.h.p.o.h.HiveMQPlatformReconcilerErrorHandler - [helmbrid] Pod 'test-hivemq-platform-0' condition 'PodScheduled': True
2025-01-30 18:42:37,476 INFO c.h.h.t.HelmChartContainer - [hivemq-test-hivemq-platform] [hivemq-platform-operator] [668a5bce] 18:42:37.473 [ReconcilerExecutor-hivemq-controller-87] DEBUG c.h.p.o.h.HiveMQPlatformReconcilerErrorHandler - [helmbrid] Pod 'test-hivemq-platform-0' containerStatus 'hivemq' (started: false) (ready: false) (waiting: [PodInitializing] null)
2025-01-30 18:42:37,476 INFO c.h.h.t.HelmChartContainer - [hivemq-test-hivemq-platform] [hivemq-platform-operator] [668a5bce] 18:42:37.474 [ReconcilerExecutor-hivemq-controller-87] INFO  c.h.p.o.h.HiveMQPlatformReconcilerBaseHandler - [helmbrid] HiveMQ Platform is starting, 0 of 1 replicas are ready
2025-01-30 18:42:38,321 INFO c.h.h.t.HelmChartContainer - [POD] test-hivemq-platform-0 [870661e2-fc40-4003-8abd-143bd2c673cc] in helmbridgeextensionit was MODIFIED
2025-01-30 18:42:38,340 INFO c.h.h.t.HelmChartContainer - [EVENT] Normal [Started] Started container hivemq [helmbridgeextensionit:test-hivemq-platform-0]
2025-01-30 18:42:38,340 INFO c.h.h.t.HelmChartContainer - Started log watcher for hivemq in pod test-hivemq-platform-0 [870661e2-fc40-4003-8abd-143bd2c673cc]
2025-01-30 18:42:38,340 INFO c.h.h.t.HelmChartContainer - Received Started event for container hivemq in pod test-hivemq-platform-0 [870661e2-fc40-4003-8abd-143bd2c673cc]
2025-01-30 18:42:38,340 INFO c.h.h.t.HelmChartContainer - [test-hivemq-platform] [hivemq] [870661e2] Adding pre-installed HiveMQ Platform Operator extensions
2025-01-30 18:42:38,340 INFO c.h.h.t.HelmChartContainer - [test-hivemq-platform] [hivemq] [870661e2] Running as user 10000
2025-01-30 18:42:38,340 INFO c.h.h.t.HelmChartContainer - [test-hivemq-platform] [hivemq] [870661e2] Starting HiveMQ Platform Operator Init
2025-01-30 18:42:38,347 INFO c.h.h.t.HelmChartContainer - [hivemq-test-hivemq-platform] [hivemq-platform-operator] [668a5bce] 18:42:38.341 [pool-6-thread-42] DEBUG c.h.p.o.d.PlatformServiceResource - [helmbrid] Desired Platform services (3 services)
2025-01-30 18:42:38,347 INFO c.h.h.t.HelmChartContainer - [hivemq-test-hivemq-platform] [hivemq-platform-operator] [668a5bce] 18:42:38.345 [pool-6-thread-43] DEBUG c.h.p.o.dependants.PodInfoConfigMap - [helmbrid] Desired PodInfo ConfigMap (1 extensions) (1 enabled)
2025-01-30 18:42:38,349 INFO c.h.h.t.HelmChartContainer - [hivemq-test-hivemq-platform] [hivemq-platform-operator] [668a5bce] 18:42:38.348 [pool-6-thread-43] DEBUG c.h.p.o.dependants.PodInfoConfigMap - [helmbrid] Desired PodInfo ConfigMap (metrics port: 9399) (metrics path: /)
2025-01-30 18:42:38,350 INFO c.h.h.t.HelmChartContainer - [hivemq-test-hivemq-platform] [hivemq-platform-operator] [668a5bce] 18:42:38.349 [pool-6-thread-43] DEBUG c.h.p.o.dependants.PodInfoConfigMap - [helmbrid] Desired PodInfo ConfigMap (extension state hash: -1918807284)
2025-01-30 18:42:38,352 INFO c.h.h.t.HelmChartContainer - [hivemq-test-hivemq-platform] [hivemq-platform-operator] [668a5bce] 18:42:38.347 [pool-6-thread-47] DEBUG c.h.p.o.d.PodServiceAccountResource - [helmbrid] Desired PodServiceAccountResource (serviceAccountName: hivemq-platform-pod-test-hivemq-platform)
2025-01-30 18:42:38,373 INFO c.h.h.t.HelmChartContainer - [hivemq-test-hivemq-platform] [hivemq-platform-operator] [668a5bce] 18:42:38.368 [pool-6-thread-50] DEBUG c.h.p.o.d.StatefulSetResource - [helmbrid] Desired StatefulSet (1 replicas) for status STARTING (READY)
2025-01-30 18:42:38,375 INFO c.h.h.t.HelmChartContainer - [hivemq-test-hivemq-platform] [hivemq-platform-operator] [668a5bce] 18:42:38.374 [ReconcilerExecutor-hivemq-controller-98] INFO  c.h.p.o.HiveMQPlatformReconciler - [helmbrid] Reconciling HiveMQ Platform 'test-hivemq-platform' in namespace 'helmbridgeextensionit'
2025-01-30 18:42:38,378 INFO c.h.h.t.HelmChartContainer - [hivemq-test-hivemq-platform] [hivemq-platform-operator] [668a5bce] 18:42:38.374 [ReconcilerExecutor-hivemq-controller-98] DEBUG c.h.p.o.HiveMQPlatformReconciler - [helmbrid] Custom Resource Status STARTING - HiveMQ Platform is starting (READY)
2025-01-30 18:42:38,378 INFO c.h.h.t.HelmChartContainer - [hivemq-test-hivemq-platform] [hivemq-platform-operator] [668a5bce] 18:42:38.374 [ReconcilerExecutor-hivemq-controller-98] DEBUG c.h.p.o.HiveMQPlatformReconciler - [helmbrid] Custom Resource Spec (replicas: 1) (extensions: 1)
2025-01-30 18:42:38,382 INFO c.h.h.t.HelmChartContainer - [hivemq-test-hivemq-platform] [hivemq-platform-operator] [668a5bce] 18:42:38.381 [ReconcilerExecutor-hivemq-controller-98] DEBUG c.h.p.o.HiveMQPlatformReconciler - [helmbrid] StatefulSet Status (revision: test-hivemq-platform-5686c99fcc, replicas: 1, available: 0, ready: 0, current: 1, updated: 1)
2025-01-30 18:42:38,387 INFO c.h.h.t.HelmChartContainer - [hivemq-test-hivemq-platform] [hivemq-platform-operator] [668a5bce] 18:42:38.381 [ReconcilerExecutor-hivemq-controller-98] DEBUG c.h.p.o.HiveMQPlatformReconciler - [helmbrid] StatefulSet Spec (replicas: 1, init containers: 1, containers: 1, volumes: 4)
2025-01-30 18:42:38,466 INFO c.h.h.t.HelmChartContainer - [hivemq-test-hivemq-platform] [hivemq-platform-operator] [668a5bce] 18:42:38.464 [ReconcilerExecutor-hivemq-controller-98] DEBUG c.h.p.o.h.HiveMQPlatformReconcilerErrorHandler - [helmbrid] Pod 'test-hivemq-platform-0' phase Running
2025-01-30 18:42:38,467 INFO c.h.h.t.HelmChartContainer - [hivemq-test-hivemq-platform] [hivemq-platform-operator] [668a5bce] 18:42:38.466 [ReconcilerExecutor-hivemq-controller-98] INFO  c.h.p.o.h.HiveMQPlatformReconcilerBaseHandler - [helmbrid] HiveMQ Platform is starting, 0 of 1 replicas are ready
2025-01-30 18:42:38,717 INFO c.h.h.t.HelmChartContainer - [test-hivemq-platform] [hivemq] [870661e2] INFO  - [HiveMQ Platform Operator Init 1.7.0-SNAPSHOT] HiveMQ Platform Operator Init 1.7.0-SNAPSHOT (commit: 47e3375 on branch: HEAD) built on Thu Jan 30 03:55:50 UTC 2025
2025-01-30 18:42:39,882 INFO c.h.h.t.HelmChartContainer - [test-hivemq-platform] [hivemq] [870661e2] INFO  - [HiveMQ Platform Operator Init App 1.7.0-SNAPSHOT] Using bind address 10.42.0.6 from environment variable
2025-01-30 18:42:40,826 INFO c.h.h.t.HelmChartContainer - [test-hivemq-platform] [hivemq] [870661e2] INFO  - [HiveMQ Platform Operator Init App 1.7.0-SNAPSHOT] HiveMQ Platform Operator Init App 1.7.0-SNAPSHOT (commit: 47e3375 on branch: HEAD) built on Thu Jan 30 03:55:50 UTC 2025
2025-01-30 18:42:40,826 INFO c.h.h.t.HelmChartContainer - [test-hivemq-platform] [hivemq] [870661e2] INFO  - [HiveMQ Platform Operator Init App 1.7.0-SNAPSHOT] PodInfo ConfigMap directory: /etc/podinfo
2025-01-30 18:42:40,826 INFO c.h.h.t.HelmChartContainer - [test-hivemq-platform] [hivemq] [870661e2] INFO  - [HiveMQ Platform Operator Init App 1.7.0-SNAPSHOT] HiveMQ home directory: /opt/hivemq
2025-01-30 18:42:40,826 INFO c.h.h.t.HelmChartContainer - [test-hivemq-platform] [hivemq] [870661e2] INFO  - [HiveMQ Platform Operator Init App 1.7.0-SNAPSHOT] HiveMQ Logback folder: /opt/hivemq/conf
2025-01-30 18:42:40,826 INFO c.h.h.t.HelmChartContainer - [test-hivemq-platform] [hivemq] [870661e2] INFO  - [HiveMQ Platform Operator Init App 1.7.0-SNAPSHOT] HiveMQ Config folder: /opt/hivemq/conf-k8s
2025-01-30 18:42:40,827 INFO c.h.h.t.HelmChartContainer - [test-hivemq-platform] [hivemq] [870661e2] INFO  - [HiveMQ Platform Operator Init App 1.7.0-SNAPSHOT] Starting HiveMQ Platform Operator Init App
2025-01-30 18:42:40,828 INFO c.h.h.t.HelmChartContainer - [test-hivemq-platform] [hivemq] [870661e2] INFO  - [HiveMQ Platform Operator Init App 1.7.0-SNAPSHOT] Starting Pod reconciler
2025-01-30 18:42:42,132 INFO c.h.h.t.HelmChartContainer - [test-hivemq-platform] [hivemq] [870661e2] INFO  - [HiveMQ Platform Operator Init App 1.7.0-SNAPSHOT] Pod reconciler is scheduled (interval: 5000 ms)
2025-01-30 18:42:42,134 INFO c.h.h.t.HelmChartContainer - [test-hivemq-platform] [hivemq] [870661e2] INFO  - [HiveMQ Platform Operator Init App 1.7.0-SNAPSHOT] Starting the REST API on 10.42.0.6:7979
2025-01-30 18:42:42,183 INFO c.h.h.t.HelmChartContainer - [test-hivemq-platform] [hivemq] [870661e2] INFO  - [HiveMQ Platform Operator Init App 1.7.0-SNAPSHOT] Waiting up to 600s for at most 1 HiveMQ nodes in cluster service hivemq-test-hivemq-platform-cluster.helmbridgeextensionit.svc
2025-01-30 18:42:42,523 INFO c.h.h.t.HelmChartContainer - [test-hivemq-platform] [hivemq] [870661e2] INFO  - [HiveMQ Platform Operator Init App 1.7.0-SNAPSHOT] Resolved 1 IP addresses: [10.42.0.6]
2025-01-30 18:42:42,523 INFO c.h.h.t.HelmChartContainer - [test-hivemq-platform] [hivemq] [870661e2] INFO  - [HiveMQ Platform Operator Init App 1.7.0-SNAPSHOT] HiveMQ node count of 1 is within threshold of 1
2025-01-30 18:42:42,523 INFO c.h.h.t.HelmChartContainer - [test-hivemq-platform] [hivemq] [870661e2] INFO  - [HiveMQ Platform Operator Init App 1.7.0-SNAPSHOT] Proceeding with container start
2025-01-30 18:42:42,619 INFO c.h.h.t.HelmChartContainer - [test-hivemq-platform] [hivemq] [870661e2] INFO  - [HiveMQ Platform Operator Init App 1.7.0-SNAPSHOT] Initializing HiveMQ Platform extensions with initial configuration: {hivemq-bridge-extension={start-priority=-1, skip-https-hostname-verification=false, restart=true, config-version=517, header-version=0, c-uri=, priority=-1, uri=preinstalled, skip-https-certificate-validation=false, enabled=true}, hivemq-prometheus-extension={start-priority=-1, c-uri=, skip-https-hostname-verification=false, skip-https-certificate-validation=false, uri=preinstalled, request-header-path=no-request-headers, enabled=true, restart=true, priority=-1}}
2025-01-30 18:42:43,182 INFO c.h.h.t.HelmChartContainer - [test-hivemq-platform] [hivemq] [870661e2] INFO  - [HiveMQ Platform Operator Init App 1.7.0-SNAPSHOT] Successfully enabled extension hivemq-bridge-extension
2025-01-30 18:42:43,219 INFO c.h.h.t.HelmChartContainer - [test-hivemq-platform] [hivemq] [870661e2] INFO  - [HiveMQ Platform Operator Init App 1.7.0-SNAPSHOT] Successfully enabled extension hivemq-prometheus-extension
2025-01-30 18:42:43,220 INFO c.h.h.t.HelmChartContainer - [test-hivemq-platform] [hivemq] [870661e2] INFO  - [HiveMQ Platform Operator Init App 1.7.0-SNAPSHOT] Starting HiveMQ Platform version 4.36.0 (4.36.0)
2025-01-30 18:42:43,221 INFO c.h.h.t.HelmChartContainer - [test-hivemq-platform] [hivemq] [870661e2] INFO  - [HiveMQ Platform Operator Init App 1.7.0-SNAPSHOT] Configuring the HiveMQ Platform
2025-01-30 18:42:43,285 INFO c.h.h.t.HelmChartContainer - [test-hivemq-platform] [hivemq] [870661e2] INFO  - [HiveMQ Platform Operator Init App 1.7.0-SNAPSHOT] Changed logback.xml file scan period to 20 seconds
2025-01-30 18:42:43,324 INFO c.h.h.t.HelmChartContainer - [test-hivemq-platform] [hivemq] [870661e2] INFO  - [HiveMQ Platform Operator Init App 1.7.0-SNAPSHOT] Starting the HiveMQ Platform
2025-01-30 18:42:43,382 INFO c.h.h.t.HelmChartContainer - [test-hivemq-platform] [hivemq] [870661e2] -------------------------------------------------------------------------
2025-01-30 18:42:43,382 INFO c.h.h.t.HelmChartContainer - [test-hivemq-platform] [hivemq] [870661e2] 
2025-01-30 18:42:43,382 INFO c.h.h.t.HelmChartContainer - [test-hivemq-platform] [hivemq] [870661e2]                   _    _  _              __  __   ____
2025-01-30 18:42:43,382 INFO c.h.h.t.HelmChartContainer - [test-hivemq-platform] [hivemq] [870661e2]                  | |  | |(_)            |  \/  | / __ \
2025-01-30 18:42:43,382 INFO c.h.h.t.HelmChartContainer - [test-hivemq-platform] [hivemq] [870661e2]                  | |__| | _ __   __ ___ | \  / || |  | |
2025-01-30 18:42:43,384 INFO c.h.h.t.HelmChartContainer - [test-hivemq-platform] [hivemq] [870661e2]                  |  __  || |\ \ / // _ \| |\/| || |  | |
2025-01-30 18:42:43,384 INFO c.h.h.t.HelmChartContainer - [test-hivemq-platform] [hivemq] [870661e2]                  | |  | || | \ V /|  __/| |  | || |__| |
2025-01-30 18:42:43,384 INFO c.h.h.t.HelmChartContainer - [test-hivemq-platform] [hivemq] [870661e2]                  |_|  |_||_|  \_/  \___||_|  |_| \___\_\
2025-01-30 18:42:43,384 INFO c.h.h.t.HelmChartContainer - [test-hivemq-platform] [hivemq] [870661e2] 
2025-01-30 18:42:43,384 INFO c.h.h.t.HelmChartContainer - [test-hivemq-platform] [hivemq] [870661e2] -------------------------------------------------------------------------
2025-01-30 18:42:43,384 INFO c.h.h.t.HelmChartContainer - [test-hivemq-platform] [hivemq] [870661e2] 
2025-01-30 18:42:43,384 INFO c.h.h.t.HelmChartContainer - [test-hivemq-platform] [hivemq] [870661e2]   HiveMQ Start Script for Linux/Unix v1.14
2025-01-30 18:42:43,384 INFO c.h.h.t.HelmChartContainer - [test-hivemq-platform] [hivemq] [870661e2] 
2025-01-30 18:42:43,525 INFO c.h.h.t.HelmChartContainer - [test-hivemq-platform] [hivemq] [870661e2] -------------------------------------------------------------------------
2025-01-30 18:42:43,525 INFO c.h.h.t.HelmChartContainer - [test-hivemq-platform] [hivemq] [870661e2] 
2025-01-30 18:42:43,525 INFO c.h.h.t.HelmChartContainer - [test-hivemq-platform] [hivemq] [870661e2]   HIVEMQ_HOME: /opt/hivemq
2025-01-30 18:42:43,525 INFO c.h.h.t.HelmChartContainer - [test-hivemq-platform] [hivemq] [870661e2] 
2025-01-30 18:42:43,525 INFO c.h.h.t.HelmChartContainer - [test-hivemq-platform] [hivemq] [870661e2]   JAVA_OPTS: -XX:+UnlockExperimentalVMOptions -XX:InitialRAMPercentage=50 -XX:MaxRAMPercentage=50 -Djava.net.preferIPv4Stack=true --add-opens java.base/java.lang=ALL-UNNAMED --add-opens java.base/java.nio=ALL-UNNAMED --add-opens java.base/sun.nio.ch=ALL-UNNAMED --add-opens jdk.management/com.sun.management.internal=ALL-UNNAMED --add-exports java.base/jdk.internal.misc=ALL-UNNAMED -Djava.security.egd=file:/dev/./urandom -Dcom.sun.management.jmxremote -Dcom.sun.management.jmxremote.port=9010 -Dcom.sun.management.jmxremote.local.only=false -Dcom.sun.management.jmxremote.authenticate=false -Dcom.sun.management.jmxremote.ssl=false -Duser.language=en -Duser.region=US -XX:+CrashOnOutOfMemoryError -XX:+HeapDumpOnOutOfMemoryError
2025-01-30 18:42:43,525 INFO c.h.h.t.HelmChartContainer - [test-hivemq-platform] [hivemq] [870661e2] 
2025-01-30 18:42:43,525 INFO c.h.h.t.HelmChartContainer - [test-hivemq-platform] [hivemq] [870661e2]   JAVA_VERSION: 21
2025-01-30 18:42:43,525 INFO c.h.h.t.HelmChartContainer - [test-hivemq-platform] [hivemq] [870661e2] 
2025-01-30 18:42:43,525 INFO c.h.h.t.HelmChartContainer - [test-hivemq-platform] [hivemq] [870661e2] -------------------------------------------------------------------------
2025-01-30 18:42:43,525 INFO c.h.h.t.HelmChartContainer - [test-hivemq-platform] [hivemq] [870661e2] 
2025-01-30 18:42:44,414 INFO c.h.h.t.HelmChartContainer - [test-hivemq-platform] [hivemq] [870661e2] INFO  - [HiveMQ Platform Operator Init App 1.7.0-SNAPSHOT] Returning default Health API response 503 for readiness
2025-01-30 18:42:44,722 INFO c.h.h.t.HelmChartContainer - [EVENT] Warning [Unhealthy] Readiness probe failed: HTTP probe failed with statuscode: 503 [helmbridgeextensionit:test-hivemq-platform-0]
2025-01-30 18:42:44,723 INFO c.h.h.t.HelmChartContainer - Received Unhealthy event for container hivemq in pod test-hivemq-platform-0 [870661e2-fc40-4003-8abd-143bd2c673cc]
2025-01-30 18:42:46,518 INFO c.h.h.t.HelmChartContainer - [test-hivemq-platform] [hivemq] [870661e2] INFO  - Starting HiveMQ Enterprise Server
2025-01-30 18:42:46,584 INFO c.h.h.t.HelmChartContainer - [test-hivemq-platform] [hivemq] [870661e2] INFO  - HiveMQ version: 4.36.0
2025-01-30 18:42:46,584 INFO c.h.h.t.HelmChartContainer - [test-hivemq-platform] [hivemq] [870661e2] INFO  - HiveMQ home directory: /opt/hivemq
2025-01-30 18:42:46,585 INFO c.h.h.t.HelmChartContainer - [test-hivemq-platform] [hivemq] [870661e2] INFO  - Log Configuration was overridden by /opt/hivemq/conf/logback.xml
2025-01-30 18:42:48,417 INFO c.h.h.t.HelmChartContainer - [test-hivemq-platform] [hivemq] [870661e2] INFO  - Successfully loaded configuration from '/opt/hivemq/conf-k8s/config.xml'.
2025-01-30 18:42:48,477 INFO c.h.h.t.HelmChartContainer - [hivemq-test-hivemq-platform] [hivemq-platform-operator] [668a5bce] 18:42:48.470 [pool-6-thread-3] DEBUG c.h.p.o.d.PlatformServiceResource - [helmbrid] Desired Platform services (3 services)
2025-01-30 18:42:48,477 INFO c.h.h.t.HelmChartContainer - [hivemq-test-hivemq-platform] [hivemq-platform-operator] [668a5bce] 18:42:48.472 [pool-6-thread-4] DEBUG c.h.p.o.d.PodServiceAccountResource - [helmbrid] Desired PodServiceAccountResource (serviceAccountName: hivemq-platform-pod-test-hivemq-platform)
2025-01-30 18:42:48,477 INFO c.h.h.t.HelmChartContainer - [hivemq-test-hivemq-platform] [hivemq-platform-operator] [668a5bce] 18:42:48.472 [pool-6-thread-6] DEBUG c.h.p.o.dependants.PodInfoConfigMap - [helmbrid] Desired PodInfo ConfigMap (1 extensions) (1 enabled)
2025-01-30 18:42:48,477 INFO c.h.h.t.HelmChartContainer - [hivemq-test-hivemq-platform] [hivemq-platform-operator] [668a5bce] 18:42:48.475 [pool-6-thread-6] DEBUG c.h.p.o.dependants.PodInfoConfigMap - [helmbrid] Desired PodInfo ConfigMap (metrics port: 9399) (metrics path: /)
2025-01-30 18:42:48,479 INFO c.h.h.t.HelmChartContainer - [hivemq-test-hivemq-platform] [hivemq-platform-operator] [668a5bce] 18:42:48.476 [pool-6-thread-6] DEBUG c.h.p.o.dependants.PodInfoConfigMap - [helmbrid] Desired PodInfo ConfigMap (extension state hash: -1918807284)
2025-01-30 18:42:48,483 INFO c.h.h.t.HelmChartContainer - [hivemq-test-hivemq-platform] [hivemq-platform-operator] [668a5bce] 18:42:48.480 [pool-6-thread-10] DEBUG c.h.p.o.d.StatefulSetResource - [helmbrid] Desired StatefulSet (1 replicas) for status STARTING (READY)
2025-01-30 18:42:48,489 INFO c.h.h.t.HelmChartContainer - [hivemq-test-hivemq-platform] [hivemq-platform-operator] [668a5bce] 18:42:48.488 [ReconcilerExecutor-hivemq-controller-109] INFO  c.h.p.o.HiveMQPlatformReconciler - [helmbrid] Reconciling HiveMQ Platform 'test-hivemq-platform' in namespace 'helmbridgeextensionit'
2025-01-30 18:42:48,490 INFO c.h.h.t.HelmChartContainer - [hivemq-test-hivemq-platform] [hivemq-platform-operator] [668a5bce] 18:42:48.488 [ReconcilerExecutor-hivemq-controller-109] DEBUG c.h.p.o.HiveMQPlatformReconciler - [helmbrid] Custom Resource Status STARTING - HiveMQ Platform is starting (READY)
2025-01-30 18:42:48,490 INFO c.h.h.t.HelmChartContainer - [hivemq-test-hivemq-platform] [hivemq-platform-operator] [668a5bce] 18:42:48.488 [ReconcilerExecutor-hivemq-controller-109] DEBUG c.h.p.o.HiveMQPlatformReconciler - [helmbrid] Custom Resource Spec (replicas: 1) (extensions: 1)
2025-01-30 18:42:48,566 INFO c.h.h.t.HelmChartContainer - [hivemq-test-hivemq-platform] [hivemq-platform-operator] [668a5bce] 18:42:48.564 [ReconcilerExecutor-hivemq-controller-109] DEBUG c.h.p.o.HiveMQPlatformReconciler - [helmbrid] StatefulSet Status (revision: test-hivemq-platform-5686c99fcc, replicas: 1, available: 0, ready: 0, current: 1, updated: 1)
2025-01-30 18:42:48,566 INFO c.h.h.t.HelmChartContainer - [hivemq-test-hivemq-platform] [hivemq-platform-operator] [668a5bce] 18:42:48.564 [ReconcilerExecutor-hivemq-controller-109] DEBUG c.h.p.o.HiveMQPlatformReconciler - [helmbrid] StatefulSet Spec (replicas: 1, init containers: 1, containers: 1, volumes: 4)
2025-01-30 18:42:48,568 INFO c.h.h.t.HelmChartContainer - [hivemq-test-hivemq-platform] [hivemq-platform-operator] [668a5bce] 18:42:48.566 [ReconcilerExecutor-hivemq-controller-109] DEBUG c.h.p.o.h.HiveMQPlatformReconcilerErrorHandler - [helmbrid] Pod 'test-hivemq-platform-0' phase Running
2025-01-30 18:42:48,569 INFO c.h.h.t.HelmChartContainer - [hivemq-test-hivemq-platform] [hivemq-platform-operator] [668a5bce] 18:42:48.568 [ReconcilerExecutor-hivemq-controller-109] INFO  c.h.p.o.h.HiveMQPlatformReconcilerBaseHandler - [helmbrid] HiveMQ Platform is starting, 0 of 1 replicas are ready
2025-01-30 18:42:49,383 INFO c.h.h.t.HelmChartContainer - [test-hivemq-platform] [hivemq] [870661e2] INFO  - This node's ID is XjklI
2025-01-30 18:42:49,384 INFO c.h.h.t.HelmChartContainer - [test-hivemq-platform] [hivemq] [870661e2] INFO  - Clustering is enabled
2025-01-30 18:42:50,080 INFO c.h.h.t.HelmChartContainer - [test-hivemq-platform] [hivemq] [870661e2] WARN  - [HiveMQ Platform Operator Init App 1.7.0-SNAPSHOT] Cannot connect to Health API for readiness: null
2025-01-30 18:42:50,088 INFO c.h.h.t.HelmChartContainer - [EVENT] Warning [Unhealthy] Readiness probe failed: HTTP probe failed with statuscode: 503 [helmbridgeextensionit:test-hivemq-platform-0]
2025-01-30 18:42:50,088 INFO c.h.h.t.HelmChartContainer - Received Unhealthy event for container hivemq in pod test-hivemq-platform-0 [870661e2-fc40-4003-8abd-143bd2c673cc]
2025-01-30 18:42:53,484 INFO c.h.h.t.HelmChartContainer - [test-hivemq-platform] [hivemq] [870661e2] Jan 30, 2025 6:42:53 PM io.vertx.core.impl.BlockedThreadChecker
2025-01-30 18:42:53,484 INFO c.h.h.t.HelmChartContainer - [test-hivemq-platform] [hivemq] [870661e2] WARNING: Thread Thread[vert.x-eventloop-thread-1,5,main] has been blocked for 2326 ms, time limit is 2000 ms
2025-01-30 18:42:54,383 INFO c.h.h.t.HelmChartContainer - [test-hivemq-platform] [hivemq] [870661e2] WARN  - [HiveMQ Platform Operator Init App 1.7.0-SNAPSHOT] Cannot connect to Health API for readiness: null
2025-01-30 18:42:54,388 INFO c.h.h.t.HelmChartContainer - [EVENT] Warning [Unhealthy] Readiness probe failed: HTTP probe failed with statuscode: 503 [helmbridgeextensionit:test-hivemq-platform-0]
2025-01-30 18:42:54,388 INFO c.h.h.t.HelmChartContainer - Received Unhealthy event for container hivemq in pod test-hivemq-platform-0 [870661e2-fc40-4003-8abd-143bd2c673cc]
2025-01-30 18:42:54,419 INFO c.h.h.t.HelmChartContainer - [test-hivemq-platform] [hivemq] [870661e2] Jan 30, 2025 6:42:54 PM io.vertx.core.impl.BlockedThreadChecker
2025-01-30 18:42:54,419 INFO c.h.h.t.HelmChartContainer - [test-hivemq-platform] [hivemq] [870661e2] WARNING: Thread Thread[vert.x-eventloop-thread-1,5,main] has been blocked for 3328 ms, time limit is 2000 ms
2025-01-30 18:42:54,616 INFO c.h.h.t.HelmChartContainer - [test-hivemq-platform] [hivemq] [870661e2] INFO  - [HiveMQ Platform Operator Init App 1.7.0-SNAPSHOT] Updating Pod HiveMQ Platform Operator Init App version annotation (version: 1.7.0-SNAPSHOT)
2025-01-30 18:42:55,327 INFO c.h.h.t.HelmChartContainer - [POD] test-hivemq-platform-0 [870661e2-fc40-4003-8abd-143bd2c673cc] in helmbridgeextensionit was MODIFIED
2025-01-30 18:42:55,340 INFO c.h.h.t.HelmChartContainer - [hivemq-test-hivemq-platform] [hivemq-platform-operator] [668a5bce] 18:42:55.336 [pool-6-thread-11] DEBUG c.h.p.o.d.PlatformServiceResource - [helmbrid] Desired Platform services (3 services)
2025-01-30 18:42:55,340 INFO c.h.h.t.HelmChartContainer - [hivemq-test-hivemq-platform] [hivemq-platform-operator] [668a5bce] 18:42:55.337 [pool-6-thread-14] DEBUG c.h.p.o.dependants.PodInfoConfigMap - [helmbrid] Desired PodInfo ConfigMap (1 extensions) (1 enabled)
2025-01-30 18:42:55,340 INFO c.h.h.t.HelmChartContainer - [hivemq-test-hivemq-platform] [hivemq-platform-operator] [668a5bce] 18:42:55.337 [pool-6-thread-14] DEBUG c.h.p.o.dependants.PodInfoConfigMap - [helmbrid] Desired PodInfo ConfigMap (metrics port: 9399) (metrics path: /)
2025-01-30 18:42:55,340 INFO c.h.h.t.HelmChartContainer - [hivemq-test-hivemq-platform] [hivemq-platform-operator] [668a5bce] 18:42:55.337 [pool-6-thread-14] DEBUG c.h.p.o.dependants.PodInfoConfigMap - [helmbrid] Desired PodInfo ConfigMap (extension state hash: -1918807284)
2025-01-30 18:42:55,340 INFO c.h.h.t.HelmChartContainer - [hivemq-test-hivemq-platform] [hivemq-platform-operator] [668a5bce] 18:42:55.340 [pool-6-thread-17] DEBUG c.h.p.o.d.PodServiceAccountResource - [helmbrid] Desired PodServiceAccountResource (serviceAccountName: hivemq-platform-pod-test-hivemq-platform)
2025-01-30 18:42:55,348 INFO c.h.h.t.HelmChartContainer - [hivemq-test-hivemq-platform] [hivemq-platform-operator] [668a5bce] 18:42:55.346 [pool-6-thread-11] DEBUG c.h.p.o.d.StatefulSetResource - [helmbrid] Desired StatefulSet (1 replicas) for status STARTING (READY)
2025-01-30 18:42:55,356 INFO c.h.h.t.HelmChartContainer - [hivemq-test-hivemq-platform] [hivemq-platform-operator] [668a5bce] 18:42:55.354 [ReconcilerExecutor-hivemq-controller-110] INFO  c.h.p.o.HiveMQPlatformReconciler - [helmbrid] Reconciling HiveMQ Platform 'test-hivemq-platform' in namespace 'helmbridgeextensionit'
2025-01-30 18:42:55,357 INFO c.h.h.t.HelmChartContainer - [hivemq-test-hivemq-platform] [hivemq-platform-operator] [668a5bce] 18:42:55.355 [ReconcilerExecutor-hivemq-controller-110] DEBUG c.h.p.o.HiveMQPlatformReconciler - [helmbrid] Custom Resource Status STARTING - HiveMQ Platform is starting (READY)
2025-01-30 18:42:55,357 INFO c.h.h.t.HelmChartContainer - [hivemq-test-hivemq-platform] [hivemq-platform-operator] [668a5bce] 18:42:55.355 [ReconcilerExecutor-hivemq-controller-110] DEBUG c.h.p.o.HiveMQPlatformReconciler - [helmbrid] Custom Resource Spec (replicas: 1) (extensions: 1)
2025-01-30 18:42:55,369 INFO c.h.h.t.HelmChartContainer - [hivemq-test-hivemq-platform] [hivemq-platform-operator] [668a5bce] 18:42:55.367 [ReconcilerExecutor-hivemq-controller-110] DEBUG c.h.p.o.HiveMQPlatformReconciler - [helmbrid] StatefulSet Status (revision: test-hivemq-platform-5686c99fcc, replicas: 1, available: 0, ready: 0, current: 1, updated: 1)
2025-01-30 18:42:55,372 INFO c.h.h.t.HelmChartContainer - [hivemq-test-hivemq-platform] [hivemq-platform-operator] [668a5bce] 18:42:55.367 [ReconcilerExecutor-hivemq-controller-110] DEBUG c.h.p.o.HiveMQPlatformReconciler - [helmbrid] StatefulSet Spec (replicas: 1, init containers: 1, containers: 1, volumes: 4)
2025-01-30 18:42:55,372 INFO c.h.h.t.HelmChartContainer - [hivemq-test-hivemq-platform] [hivemq-platform-operator] [668a5bce] 18:42:55.369 [ReconcilerExecutor-hivemq-controller-110] DEBUG c.h.p.o.h.HiveMQPlatformReconcilerErrorHandler - [helmbrid] Pod 'test-hivemq-platform-0' phase Running
2025-01-30 18:42:55,372 INFO c.h.h.t.HelmChartContainer - [hivemq-test-hivemq-platform] [hivemq-platform-operator] [668a5bce] 18:42:55.370 [ReconcilerExecutor-hivemq-controller-110] INFO  c.h.p.o.h.HiveMQPlatformReconcilerBaseHandler - [helmbrid] HiveMQ Platform is starting, 0 of 1 replicas are ready
2025-01-30 18:42:55,384 INFO c.h.h.t.HelmChartContainer - [test-hivemq-platform] [hivemq] [870661e2] INFO  - [HiveMQ Platform Operator Init App 1.7.0-SNAPSHOT] Successfully updated Pod HiveMQ Platform Operator Init App version annotation (version: 1.7.0-SNAPSHOT)
2025-01-30 18:42:55,387 INFO c.h.h.t.HelmChartContainer - [test-hivemq-platform] [hivemq] [870661e2] WARN  - [HiveMQ Platform Operator Init App 1.7.0-SNAPSHOT] Cannot connect to Health API for readiness: null
2025-01-30 18:42:55,392 INFO c.h.h.t.HelmChartContainer - [EVENT] Warning [Unhealthy] Readiness probe failed: HTTP probe failed with statuscode: 503 [helmbridgeextensionit:test-hivemq-platform-0]
2025-01-30 18:42:55,393 INFO c.h.h.t.HelmChartContainer - Received Unhealthy event for container hivemq in pod test-hivemq-platform-0 [870661e2-fc40-4003-8abd-143bd2c673cc]
2025-01-30 18:43:00,416 INFO c.h.h.t.HelmChartContainer - [test-hivemq-platform] [hivemq] [870661e2] WARN  - [HiveMQ Platform Operator Init App 1.7.0-SNAPSHOT] Cannot connect to Health API for readiness: null
2025-01-30 18:43:00,423 INFO c.h.h.t.HelmChartContainer - [EVENT] Warning [Unhealthy] Readiness probe failed: HTTP probe failed with statuscode: 503 [helmbridgeextensionit:test-hivemq-platform-0]
2025-01-30 18:43:00,423 INFO c.h.h.t.HelmChartContainer - Received Unhealthy event for container hivemq in pod test-hivemq-platform-0 [870661e2-fc40-4003-8abd-143bd2c673cc]
2025-01-30 18:43:05,381 INFO c.h.h.t.HelmChartContainer - [hivemq-test-hivemq-platform] [hivemq-platform-operator] [668a5bce] 18:43:05.376 [pool-6-thread-25] DEBUG c.h.p.o.d.PlatformServiceResource - [helmbrid] Desired Platform services (3 services)
2025-01-30 18:43:05,381 INFO c.h.h.t.HelmChartContainer - [hivemq-test-hivemq-platform] [hivemq-platform-operator] [668a5bce] 18:43:05.377 [pool-6-thread-23] DEBUG c.h.p.o.dependants.PodInfoConfigMap - [helmbrid] Desired PodInfo ConfigMap (1 extensions) (1 enabled)
2025-01-30 18:43:05,381 INFO c.h.h.t.HelmChartContainer - [hivemq-test-hivemq-platform] [hivemq-platform-operator] [668a5bce] 18:43:05.377 [pool-6-thread-23] DEBUG c.h.p.o.dependants.PodInfoConfigMap - [helmbrid] Desired PodInfo ConfigMap (metrics port: 9399) (metrics path: /)
2025-01-30 18:43:05,381 INFO c.h.h.t.HelmChartContainer - [hivemq-test-hivemq-platform] [hivemq-platform-operator] [668a5bce] 18:43:05.377 [pool-6-thread-23] DEBUG c.h.p.o.dependants.PodInfoConfigMap - [helmbrid] Desired PodInfo ConfigMap (extension state hash: -1918807284)
2025-01-30 18:43:05,382 INFO c.h.h.t.HelmChartContainer - [hivemq-test-hivemq-platform] [hivemq-platform-operator] [668a5bce] 18:43:05.379 [pool-6-thread-24] DEBUG c.h.p.o.d.PodServiceAccountResource - [helmbrid] Desired PodServiceAccountResource (serviceAccountName: hivemq-platform-pod-test-hivemq-platform)
2025-01-30 18:43:05,389 INFO c.h.h.t.HelmChartContainer - [hivemq-test-hivemq-platform] [hivemq-platform-operator] [668a5bce] 18:43:05.384 [pool-6-thread-23] DEBUG c.h.p.o.d.StatefulSetResource - [helmbrid] Desired StatefulSet (1 replicas) for status STARTING (READY)
2025-01-30 18:43:05,415 INFO c.h.h.t.HelmChartContainer - [test-hivemq-platform] [hivemq] [870661e2] WARN  - [HiveMQ Platform Operator Init App 1.7.0-SNAPSHOT] Cannot connect to Health API for readiness: null
2025-01-30 18:43:05,420 INFO c.h.h.t.HelmChartContainer - [EVENT] Warning [Unhealthy] Readiness probe failed: HTTP probe failed with statuscode: 503 [helmbridgeextensionit:test-hivemq-platform-0]
2025-01-30 18:43:05,422 INFO c.h.h.t.HelmChartContainer - Received Unhealthy event for container hivemq in pod test-hivemq-platform-0 [870661e2-fc40-4003-8abd-143bd2c673cc]
2025-01-30 18:43:05,468 INFO c.h.h.t.HelmChartContainer - [hivemq-test-hivemq-platform] [hivemq-platform-operator] [668a5bce] 18:43:05.466 [ReconcilerExecutor-hivemq-controller-111] INFO  c.h.p.o.HiveMQPlatformReconciler - [helmbrid] Reconciling HiveMQ Platform 'test-hivemq-platform' in namespace 'helmbridgeextensionit'
2025-01-30 18:43:05,468 INFO c.h.h.t.HelmChartContainer - [hivemq-test-hivemq-platform] [hivemq-platform-operator] [668a5bce] 18:43:05.466 [ReconcilerExecutor-hivemq-controller-111] DEBUG c.h.p.o.HiveMQPlatformReconciler - [helmbrid] Custom Resource Status STARTING - HiveMQ Platform is starting (READY)
2025-01-30 18:43:05,468 INFO c.h.h.t.HelmChartContainer - [hivemq-test-hivemq-platform] [hivemq-platform-operator] [668a5bce] 18:43:05.466 [ReconcilerExecutor-hivemq-controller-111] DEBUG c.h.p.o.HiveMQPlatformReconciler - [helmbrid] Custom Resource Spec (replicas: 1) (extensions: 1)
2025-01-30 18:43:05,471 INFO c.h.h.t.HelmChartContainer - [hivemq-test-hivemq-platform] [hivemq-platform-operator] [668a5bce] 18:43:05.470 [ReconcilerExecutor-hivemq-controller-111] DEBUG c.h.p.o.HiveMQPlatformReconciler - [helmbrid] StatefulSet Status (revision: test-hivemq-platform-5686c99fcc, replicas: 1, available: 0, ready: 0, current: 1, updated: 1)
2025-01-30 18:43:05,472 INFO c.h.h.t.HelmChartContainer - [hivemq-test-hivemq-platform] [hivemq-platform-operator] [668a5bce] 18:43:05.470 [ReconcilerExecutor-hivemq-controller-111] DEBUG c.h.p.o.HiveMQPlatformReconciler - [helmbrid] StatefulSet Spec (replicas: 1, init containers: 1, containers: 1, volumes: 4)
2025-01-30 18:43:05,472 INFO c.h.h.t.HelmChartContainer - [hivemq-test-hivemq-platform] [hivemq-platform-operator] [668a5bce] 18:43:05.471 [ReconcilerExecutor-hivemq-controller-111] DEBUG c.h.p.o.h.HiveMQPlatformReconcilerErrorHandler - [helmbrid] Pod 'test-hivemq-platform-0' phase Running
2025-01-30 18:43:05,473 INFO c.h.h.t.HelmChartContainer - [hivemq-test-hivemq-platform] [hivemq-platform-operator] [668a5bce] 18:43:05.472 [ReconcilerExecutor-hivemq-controller-111] INFO  c.h.p.o.h.HiveMQPlatformReconcilerBaseHandler - [helmbrid] HiveMQ Platform is starting, 0 of 1 replicas are ready
2025-01-30 18:43:06,218 INFO c.h.h.t.HelmChartContainer - [test-hivemq-platform] [hivemq] [870661e2] WARN  - [HiveMQ Platform Operator Init App 1.7.0-SNAPSHOT] Cannot connect to Health API for liveness: null
2025-01-30 18:43:06,219 INFO c.h.h.t.HelmChartContainer - [test-hivemq-platform] [hivemq] [870661e2] INFO  - [HiveMQ Platform Operator Init App 1.7.0-SNAPSHOT] Returning default Health API response 200 for liveness
2025-01-30 18:43:06,516 INFO c.h.h.t.HelmChartContainer - [test-hivemq-platform] [hivemq] [870661e2] INFO  - No valid license file found. Using trial license, restricted to 25 connections.
2025-01-30 18:43:10,127 INFO c.h.h.t.HelmChartContainer - [test-hivemq-platform] [hivemq] [870661e2] INFO  - No valid license file for Data Hub found. Using free license, restricted to 1 policy.
2025-01-30 18:43:10,421 INFO c.h.h.t.HelmChartContainer - [test-hivemq-platform] [hivemq] [870661e2] WARN  - [HiveMQ Platform Operator Init App 1.7.0-SNAPSHOT] Cannot connect to Health API for readiness: null
2025-01-30 18:43:10,425 INFO c.h.h.t.HelmChartContainer - [EVENT] Warning [Unhealthy] Readiness probe failed: HTTP probe failed with statuscode: 503 [helmbridgeextensionit:test-hivemq-platform-0]
2025-01-30 18:43:10,425 INFO c.h.h.t.HelmChartContainer - Received Unhealthy event for container hivemq in pod test-hivemq-platform-0 [870661e2-fc40-4003-8abd-143bd2c673cc]
2025-01-30 18:43:11,486 INFO c.h.h.t.HelmChartContainer - [test-hivemq-platform] [hivemq] [870661e2] INFO  - Audit Logger started.
2025-01-30 18:43:11,731 INFO c.h.h.t.HelmChartContainer - [test-hivemq-platform] [hivemq] [870661e2] INFO  - This node uses '1' CPU cores.
2025-01-30 18:43:11,736 INFO c.h.h.t.HelmChartContainer - [test-hivemq-platform] [hivemq] [870661e2] INFO  - Starting HiveMQ Health API on address 0.0.0.0 and port 8889
2025-01-30 18:43:12,724 INFO c.h.h.t.HelmChartContainer - [test-hivemq-platform] [hivemq] [870661e2] INFO  - Started HiveMQ Health API in 988ms
2025-01-30 18:43:13,316 INFO c.h.h.t.HelmChartContainer - [test-hivemq-platform] [hivemq] [870661e2] INFO  - Starting HiveMQ extension system.
2025-01-30 18:43:15,486 INFO c.h.h.t.HelmChartContainer - [hivemq-test-hivemq-platform] [hivemq-platform-operator] [668a5bce] 18:43:15.481 [pool-6-thread-35] DEBUG c.h.p.o.d.PlatformServiceResource - [helmbrid] Desired Platform services (3 services)
2025-01-30 18:43:15,488 INFO c.h.h.t.HelmChartContainer - [hivemq-test-hivemq-platform] [hivemq-platform-operator] [668a5bce] 18:43:15.487 [pool-6-thread-33] DEBUG c.h.p.o.dependants.PodInfoConfigMap - [helmbrid] Desired PodInfo ConfigMap (1 extensions) (1 enabled)
2025-01-30 18:43:15,490 INFO c.h.h.t.HelmChartContainer - [hivemq-test-hivemq-platform] [hivemq-platform-operator] [668a5bce] 18:43:15.489 [pool-6-thread-33] DEBUG c.h.p.o.dependants.PodInfoConfigMap - [helmbrid] Desired PodInfo ConfigMap (metrics port: 9399) (metrics path: /)
2025-01-30 18:43:15,492 INFO c.h.h.t.HelmChartContainer - [hivemq-test-hivemq-platform] [hivemq-platform-operator] [668a5bce] 18:43:15.490 [pool-6-thread-33] DEBUG c.h.p.o.dependants.PodInfoConfigMap - [helmbrid] Desired PodInfo ConfigMap (extension state hash: -1918807284)
2025-01-30 18:43:15,493 INFO c.h.h.t.HelmChartContainer - [hivemq-test-hivemq-platform] [hivemq-platform-operator] [668a5bce] 18:43:15.488 [pool-6-thread-34] DEBUG c.h.p.o.d.PodServiceAccountResource - [helmbrid] Desired PodServiceAccountResource (serviceAccountName: hivemq-platform-pod-test-hivemq-platform)
2025-01-30 18:43:15,496 INFO c.h.h.t.HelmChartContainer - [hivemq-test-hivemq-platform] [hivemq-platform-operator] [668a5bce] 18:43:15.495 [pool-6-thread-33] DEBUG c.h.p.o.d.StatefulSetResource - [helmbrid] Desired StatefulSet (1 replicas) for status STARTING (READY)
2025-01-30 18:43:15,566 INFO c.h.h.t.HelmChartContainer - [hivemq-test-hivemq-platform] [hivemq-platform-operator] [668a5bce] 18:43:15.564 [ReconcilerExecutor-hivemq-controller-112] INFO  c.h.p.o.HiveMQPlatformReconciler - [helmbrid] Reconciling HiveMQ Platform 'test-hivemq-platform' in namespace 'helmbridgeextensionit'
2025-01-30 18:43:15,567 INFO c.h.h.t.HelmChartContainer - [hivemq-test-hivemq-platform] [hivemq-platform-operator] [668a5bce] 18:43:15.564 [ReconcilerExecutor-hivemq-controller-112] DEBUG c.h.p.o.HiveMQPlatformReconciler - [helmbrid] Custom Resource Status STARTING - HiveMQ Platform is starting (READY)
2025-01-30 18:43:15,567 INFO c.h.h.t.HelmChartContainer - [hivemq-test-hivemq-platform] [hivemq-platform-operator] [668a5bce] 18:43:15.564 [ReconcilerExecutor-hivemq-controller-112] DEBUG c.h.p.o.HiveMQPlatformReconciler - [helmbrid] Custom Resource Spec (replicas: 1) (extensions: 1)
2025-01-30 18:43:15,571 INFO c.h.h.t.HelmChartContainer - [hivemq-test-hivemq-platform] [hivemq-platform-operator] [668a5bce] 18:43:15.570 [ReconcilerExecutor-hivemq-controller-112] DEBUG c.h.p.o.HiveMQPlatformReconciler - [helmbrid] StatefulSet Status (revision: test-hivemq-platform-5686c99fcc, replicas: 1, available: 0, ready: 0, current: 1, updated: 1)
2025-01-30 18:43:15,572 INFO c.h.h.t.HelmChartContainer - [hivemq-test-hivemq-platform] [hivemq-platform-operator] [668a5bce] 18:43:15.570 [ReconcilerExecutor-hivemq-controller-112] DEBUG c.h.p.o.HiveMQPlatformReconciler - [helmbrid] StatefulSet Spec (replicas: 1, init containers: 1, containers: 1, volumes: 4)
2025-01-30 18:43:15,573 INFO c.h.h.t.HelmChartContainer - [hivemq-test-hivemq-platform] [hivemq-platform-operator] [668a5bce] 18:43:15.573 [ReconcilerExecutor-hivemq-controller-112] DEBUG c.h.p.o.h.HiveMQPlatformReconcilerErrorHandler - [helmbrid] Pod 'test-hivemq-platform-0' phase Running
2025-01-30 18:43:15,574 INFO c.h.h.t.HelmChartContainer - [hivemq-test-hivemq-platform] [hivemq-platform-operator] [668a5bce] 18:43:15.574 [ReconcilerExecutor-hivemq-controller-112] INFO  c.h.p.o.h.HiveMQPlatformReconcilerBaseHandler - [helmbrid] HiveMQ Platform is starting, 0 of 1 replicas are ready
2025-01-30 18:43:16,120 INFO c.h.h.t.HelmChartContainer - [test-hivemq-platform] [hivemq] [870661e2] INFO  - No license found for enterprise extension with name "HiveMQ Enterprise Bridge Extension". Entering extension trial mode. "HiveMQ Enterprise Bridge Extension" will be disabled in 5 hours.
2025-01-30 18:43:16,373 INFO c.h.h.t.HelmChartContainer - [EVENT] Warning [Unhealthy] Readiness probe failed: Get "http://10.42.0.6:7979/readiness": context deadline exceeded (Client.Timeout exceeded while awaiting headers) [helmbridgeextensionit:test-hivemq-platform-0]
2025-01-30 18:43:16,373 INFO c.h.h.t.HelmChartContainer - Received Unhealthy event for container hivemq in pod test-hivemq-platform-0 [870661e2-fc40-4003-8abd-143bd2c673cc]
2025-01-30 18:43:16,484 INFO c.h.h.t.HelmChartContainer - [test-hivemq-platform] [hivemq] [870661e2] INFO  - Starting extension with id "hivemq-dns-cluster-discovery" at /opt/hivemq/extensions/hivemq-dns-cluster-discovery
2025-01-30 18:43:16,918 INFO c.h.h.t.HelmChartContainer - [test-hivemq-platform] [hivemq] [870661e2] INFO  - [HiveMQ Platform Operator Init App 1.7.0-SNAPSHOT] Returning Health API response 503 for readiness
2025-01-30 18:43:17,218 INFO c.h.h.t.HelmChartContainer - [test-hivemq-platform] [hivemq] [870661e2] INFO  - Extension "DNS Cluster Discovery Extension" version 4.3.2 started successfully.
2025-01-30 18:43:17,219 INFO c.h.h.t.HelmChartContainer - [test-hivemq-platform] [hivemq] [870661e2] INFO  - Starting extension with id "hivemq-bridge-extension" at /opt/hivemq/extensions/hivemq-bridge-extension
2025-01-30 18:43:17,885 INFO c.h.h.t.HelmChartContainer - [test-hivemq-platform] [hivemq] [870661e2] INFO  - Using TCP cluster transport on address 10.42.0.6 and port 7000
2025-01-30 18:43:17,919 INFO c.h.h.t.HelmChartContainer - [test-hivemq-platform] [hivemq] [870661e2] INFO  - Using extension cluster discovery
2025-01-30 18:43:18,685 INFO c.h.h.t.HelmChartContainer - [test-hivemq-platform] [hivemq] [870661e2] INFO  - HiveMQ Enterprise Bridge Extension: Successfully loaded configuration from '/opt/hivemq/extensions/hivemq-bridge-extension/conf/config.xml'.
2025-01-30 18:43:19,220 INFO c.h.h.t.HelmChartContainer - [test-hivemq-platform] [hivemq] [870661e2] INFO  - Bridge Extension: Connecting to remote brokers...
2025-01-30 18:43:19,698 INFO c.h.h.t.HelmChartContainer - [test-hivemq-platform] [hivemq] [870661e2] INFO  - Bridge Extension: Connected to bridge 'testbridge', session present 'false'.
2025-01-30 18:43:19,699 INFO c.h.h.t.HelmChartContainer - [test-hivemq-platform] [hivemq] [870661e2] INFO  - Bridge Extension: Connected to bridge 'testbridge', session present 'false'.
2025-01-30 18:43:19,820 INFO c.h.h.t.HelmChartContainer - [test-hivemq-platform] [hivemq] [870661e2] WARN  - Node is waiting for an operational cluster member
2025-01-30 18:43:20,337 INFO c.h.h.t.HelmChartContainer - [EVENT] Warning [Unhealthy] Readiness probe failed: HTTP probe failed with statuscode: 503 [helmbridgeextensionit:test-hivemq-platform-0]
2025-01-30 18:43:20,337 INFO c.h.h.t.HelmChartContainer - Received Unhealthy event for container hivemq in pod test-hivemq-platform-0 [870661e2-fc40-4003-8abd-143bd2c673cc]
2025-01-30 18:43:20,716 INFO c.h.h.t.HelmChartContainer - [test-hivemq-platform] [hivemq] [870661e2] INFO  - XjklI: no members discovered after 2001 ms: creating cluster as first member
2025-01-30 18:43:20,722 INFO c.h.h.t.HelmChartContainer - [test-hivemq-platform] [hivemq] [870661e2] INFO  - Cluster nodes found by discovery: [XjklI|0] (1) [XjklI].
2025-01-30 18:43:21,017 INFO c.h.h.t.HelmChartContainer - [test-hivemq-platform] [hivemq] [870661e2] INFO  - Extension "HiveMQ Enterprise Bridge Extension" version 4.36.0 started successfully.
2025-01-30 18:43:21,017 INFO c.h.h.t.HelmChartContainer - [test-hivemq-platform] [hivemq] [870661e2] INFO  - Starting extension with id "hivemq-prometheus-extension" at /opt/hivemq/extensions/hivemq-prometheus-extension
2025-01-30 18:43:21,517 INFO c.h.h.t.HelmChartContainer - [test-hivemq-platform] [hivemq] [870661e2] INFO  - Started Jetty Server exposing Prometheus Servlet on URI http://0.0.0.0:9399/
2025-01-30 18:43:21,517 INFO c.h.h.t.HelmChartContainer - [test-hivemq-platform] [hivemq] [870661e2] INFO  - Extension "Prometheus Monitoring Extension" version 4.0.12 started successfully.
2025-01-30 18:43:21,517 INFO c.h.h.t.HelmChartContainer - [test-hivemq-platform] [hivemq] [870661e2] INFO  - Starting extension with id "hivemq-allow-all-extension" at /opt/hivemq/extensions/hivemq-allow-all-extension
2025-01-30 18:43:21,518 INFO c.h.h.t.HelmChartContainer - [test-hivemq-platform] [hivemq] [870661e2] WARN  - 
2025-01-30 18:43:21,518 INFO c.h.h.t.HelmChartContainer - [test-hivemq-platform] [hivemq] [870661e2] ################################################################################################################
2025-01-30 18:43:21,518 INFO c.h.h.t.HelmChartContainer - [test-hivemq-platform] [hivemq] [870661e2] # This HiveMQ deployment is not secure! You are lacking Authentication and Authorization.                      #
2025-01-30 18:43:21,518 INFO c.h.h.t.HelmChartContainer - [test-hivemq-platform] [hivemq] [870661e2] # Right now any MQTT client can connect to the broker with a full set of permissions.                          #
2025-01-30 18:43:21,518 INFO c.h.h.t.HelmChartContainer - [test-hivemq-platform] [hivemq] [870661e2] # For production usage, add an appropriate security extension and remove the hivemq-allow-all extension.       #
2025-01-30 18:43:21,520 INFO c.h.h.t.HelmChartContainer - [test-hivemq-platform] [hivemq] [870661e2] # You can download security extensions from the HiveMQ Marketplace (https://www.hivemq.com/extensions/).       #
2025-01-30 18:43:21,520 INFO c.h.h.t.HelmChartContainer - [test-hivemq-platform] [hivemq] [870661e2] ################################################################################################################
2025-01-30 18:43:21,520 INFO c.h.h.t.HelmChartContainer - [test-hivemq-platform] [hivemq] [870661e2] INFO  - Extension "Allow All Extension" version 1.1.1 started successfully.
2025-01-30 18:43:21,520 INFO c.h.h.t.HelmChartContainer - [test-hivemq-platform] [hivemq] [870661e2] WARN  - No user for HiveMQ Control Center configured. Starting with default user
2025-01-30 18:43:21,520 INFO c.h.h.t.HelmChartContainer - [test-hivemq-platform] [hivemq] [870661e2] INFO  - Starting HiveMQ Control Center on address 0.0.0.0 and port 8080
2025-01-30 18:43:21,528 INFO c.h.h.t.HelmChartContainer - [test-hivemq-platform] [hivemq] [870661e2] INFO  - Mounting HiveMQ Control Center V2 Preview
2025-01-30 18:43:22,329 INFO c.h.h.t.HelmChartContainer - [test-hivemq-platform] [hivemq] [870661e2] INFO  - Started HiveMQ Control Center in 809ms
2025-01-30 18:43:22,421 INFO c.h.h.t.HelmChartContainer - [test-hivemq-platform] [hivemq] [870661e2] INFO  - Starting TCP listener on address 0.0.0.0 and port 1883
2025-01-30 18:43:22,514 INFO c.h.h.t.HelmChartContainer - [test-hivemq-platform] [hivemq] [870661e2] INFO  - Started TCP Listener on address 0.0.0.0 and on port 1883.
2025-01-30 18:43:22,514 INFO c.h.h.t.HelmChartContainer - [test-hivemq-platform] [hivemq] [870661e2] INFO  - Started HiveMQ in 36393ms
2025-01-30 18:43:25,334 INFO c.h.h.t.HelmChartContainer - [test-hivemq-platform] [hivemq] [870661e2] INFO  - [HiveMQ Platform Operator Init App 1.7.0-SNAPSHOT] Returning Health API response 200 for readiness
2025-01-30 18:43:25,348 INFO c.h.h.t.HelmChartContainer - [POD] test-hivemq-platform-0 [870661e2-fc40-4003-8abd-143bd2c673cc] in helmbridgeextensionit was MODIFIED
2025-01-30 18:43:25,365 INFO c.h.h.t.HelmChartContainer - [hivemq-test-hivemq-platform] [hivemq-platform-operator] [668a5bce] 18:43:25.355 [pool-6-thread-41] DEBUG c.h.p.o.d.PlatformServiceResource - [helmbrid] Desired Platform services (3 services)
2025-01-30 18:43:25,365 INFO c.h.h.t.HelmChartContainer - [hivemq-test-hivemq-platform] [hivemq-platform-operator] [668a5bce] 18:43:25.358 [pool-6-thread-44] DEBUG c.h.p.o.d.PodServiceAccountResource - [helmbrid] Desired PodServiceAccountResource (serviceAccountName: hivemq-platform-pod-test-hivemq-platform)
2025-01-30 18:43:25,365 INFO c.h.h.t.HelmChartContainer - [hivemq-test-hivemq-platform] [hivemq-platform-operator] [668a5bce] 18:43:25.357 [pool-6-thread-46] DEBUG c.h.p.o.dependants.PodInfoConfigMap - [helmbrid] Desired PodInfo ConfigMap (1 extensions) (1 enabled)
2025-01-30 18:43:25,365 INFO c.h.h.t.HelmChartContainer - [hivemq-test-hivemq-platform] [hivemq-platform-operator] [668a5bce] 18:43:25.360 [pool-6-thread-46] DEBUG c.h.p.o.dependants.PodInfoConfigMap - [helmbrid] Desired PodInfo ConfigMap (metrics port: 9399) (metrics path: /)
2025-01-30 18:43:25,365 INFO c.h.h.t.HelmChartContainer - [hivemq-test-hivemq-platform] [hivemq-platform-operator] [668a5bce] 18:43:25.360 [pool-6-thread-46] DEBUG c.h.p.o.dependants.PodInfoConfigMap - [helmbrid] Desired PodInfo ConfigMap (extension state hash: -1918807284)
2025-01-30 18:43:25,368 INFO c.h.h.t.HelmChartContainer - [hivemq-test-hivemq-platform] [hivemq-platform-operator] [668a5bce] 18:43:25.365 [pool-6-thread-41] DEBUG c.h.p.o.d.StatefulSetResource - [helmbrid] Desired StatefulSet (1 replicas) for status STARTING (READY)
2025-01-30 18:43:25,377 INFO c.h.h.t.HelmChartContainer - [hivemq-test-hivemq-platform] [hivemq-platform-operator] [668a5bce] 18:43:25.376 [ReconcilerExecutor-hivemq-controller-113] INFO  c.h.p.o.HiveMQPlatformReconciler - [helmbrid] Reconciling HiveMQ Platform 'test-hivemq-platform' in namespace 'helmbridgeextensionit'
2025-01-30 18:43:25,377 INFO c.h.h.t.HelmChartContainer - [hivemq-test-hivemq-platform] [hivemq-platform-operator] [668a5bce] 18:43:25.376 [ReconcilerExecutor-hivemq-controller-113] DEBUG c.h.p.o.HiveMQPlatformReconciler - [helmbrid] Custom Resource Status STARTING - HiveMQ Platform is starting (READY)
2025-01-30 18:43:25,377 INFO c.h.h.t.HelmChartContainer - [hivemq-test-hivemq-platform] [hivemq-platform-operator] [668a5bce] 18:43:25.376 [ReconcilerExecutor-hivemq-controller-113] DEBUG c.h.p.o.HiveMQPlatformReconciler - [helmbrid] Custom Resource Spec (replicas: 1) (extensions: 1)
2025-01-30 18:43:25,381 INFO c.h.h.t.HelmChartContainer - [hivemq-test-hivemq-platform] [hivemq-platform-operator] [668a5bce] 18:43:25.380 [ReconcilerExecutor-hivemq-controller-113] DEBUG c.h.p.o.HiveMQPlatformReconciler - [helmbrid] StatefulSet Status (revision: test-hivemq-platform-5686c99fcc, replicas: 1, available: 1, ready: 1, current: 1, updated: 1)
2025-01-30 18:43:25,382 INFO c.h.h.t.HelmChartContainer - [hivemq-test-hivemq-platform] [hivemq-platform-operator] [668a5bce] 18:43:25.380 [ReconcilerExecutor-hivemq-controller-113] DEBUG c.h.p.o.HiveMQPlatformReconciler - [helmbrid] StatefulSet Spec (replicas: 1, init containers: 1, containers: 1, volumes: 4)
2025-01-30 18:43:25,383 INFO c.h.h.t.HelmChartContainer - [hivemq-test-hivemq-platform] [hivemq-platform-operator] [668a5bce] 18:43:25.381 [ReconcilerExecutor-hivemq-controller-113] DEBUG c.h.p.o.h.HiveMQPlatformReconcilerErrorHandler - [helmbrid] Pod 'test-hivemq-platform-0' phase Running
2025-01-30 18:43:25,384 INFO c.h.h.t.HelmChartContainer - [hivemq-test-hivemq-platform] [hivemq-platform-operator] [668a5bce] 18:43:25.382 [ReconcilerExecutor-hivemq-controller-113] INFO  c.h.p.o.h.HiveMQPlatformReconcilerBaseHandler - [helmbrid] HiveMQ Platform started successfully
2025-01-30 18:43:25,475 INFO c.h.h.t.HelmChartContainer - [hivemq-test-hivemq-platform] [hivemq-platform-operator] [668a5bce] 18:43:25.474 [ReconcilerExecutor-hivemq-controller-113] DEBUG c.h.p.operator.event.EventSender - [helmbrid] Creating K8s event hivemq-platform-ready: [Ready] HiveMQ Platform is ready
2025-01-30 18:43:25,480 INFO c.h.h.t.HelmChartContainer - [EVENT] Normal [Ready] HiveMQ Platform is ready [helmbridgeextensionit:test-hivemq-platform]
2025-01-30 18:43:25,481 INFO c.h.h.t.HelmChartContainer - [hivemq-test-hivemq-platform] [hivemq-platform-operator] [668a5bce] 18:43:25.480 [ReconcilerExecutor-hivemq-controller-113] INFO  c.h.p.o.h.AbstractHiveMQReconcilerStateHandler - [helmbrid] Update HiveMQ Platform Status (STARTING [READY] -> RUNNING [READY]): HiveMQ Platform is ready
2025-01-30 18:43:25,490 DEBUG com.hivemq.helmcharts.util.K8sUtil - Comparing actual state 'RUNNING' and waiting for 'RUNNING'
2025-01-30 18:43:25,597 INFO c.h.h.t.HelmChartContainer - [hivemq-test-hivemq-platform] [hivemq-platform-operator] [668a5bce] 18:43:25.570 [pool-6-thread-9] DEBUG c.h.p.o.d.PlatformServiceResource - [helmbrid] Desired Platform services (3 services)
2025-01-30 18:43:25,598 INFO c.h.h.t.HelmChartContainer - [hivemq-test-hivemq-platform] [hivemq-platform-operator] [668a5bce] 18:43:25.573 [pool-6-thread-8] DEBUG c.h.p.o.d.PodServiceAccountResource - [helmbrid] Desired PodServiceAccountResource (serviceAccountName: hivemq-platform-pod-test-hivemq-platform)
2025-01-30 18:43:25,598 INFO c.h.h.t.HelmChartContainer - [hivemq-test-hivemq-platform] [hivemq-platform-operator] [668a5bce] 18:43:25.571 [pool-6-thread-4] DEBUG c.h.p.o.dependants.PodInfoConfigMap - [helmbrid] Desired PodInfo ConfigMap (1 extensions) (1 enabled)
2025-01-30 18:43:25,598 INFO c.h.h.t.HelmChartContainer - [hivemq-test-hivemq-platform] [hivemq-platform-operator] [668a5bce] 18:43:25.575 [pool-6-thread-4] DEBUG c.h.p.o.dependants.PodInfoConfigMap - [helmbrid] Desired PodInfo ConfigMap (metrics port: 9399) (metrics path: /)
2025-01-30 18:43:25,598 INFO c.h.h.t.HelmChartContainer - [hivemq-test-hivemq-platform] [hivemq-platform-operator] [668a5bce] 18:43:25.576 [pool-6-thread-4] DEBUG c.h.p.o.dependants.PodInfoConfigMap - [helmbrid] Desired PodInfo ConfigMap (extension state hash: -1918807284)
2025-01-30 18:43:25,598 INFO c.h.h.t.HelmChartContainer - [hivemq-test-hivemq-platform] [hivemq-platform-operator] [668a5bce] 18:43:25.578 [pool-6-thread-4] DEBUG c.h.p.o.dependants.PodInfoConfigMap - [helmbrid] Update PodInfo ConfigMap
2025-01-30 18:43:25,673 INFO c.h.h.t.HelmChartContainer - [hivemq-test-hivemq-platform] [hivemq-platform-operator] [668a5bce] 18:43:25.668 [pool-6-thread-4] DEBUG c.h.p.o.d.StatefulSetResource - [helmbrid] Desired StatefulSet (1 replicas) for status RUNNING (READY)
2025-01-30 18:43:25,676 INFO c.h.h.t.HelmChartContainer - [hivemq-test-hivemq-platform] [hivemq-platform-operator] [668a5bce] 18:43:25.674 [ReconcilerExecutor-hivemq-controller-114] INFO  c.h.p.o.HiveMQPlatformReconciler - [helmbrid] Reconciling HiveMQ Platform 'test-hivemq-platform' in namespace 'helmbridgeextensionit'
2025-01-30 18:43:25,676 INFO c.h.h.t.HelmChartContainer - [hivemq-test-hivemq-platform] [hivemq-platform-operator] [668a5bce] 18:43:25.675 [ReconcilerExecutor-hivemq-controller-114] DEBUG c.h.p.o.HiveMQPlatformReconciler - [helmbrid] Custom Resource Status RUNNING - HiveMQ Platform is ready (READY)
2025-01-30 18:43:25,676 INFO c.h.h.t.HelmChartContainer - [hivemq-test-hivemq-platform] [hivemq-platform-operator] [668a5bce] 18:43:25.675 [ReconcilerExecutor-hivemq-controller-114] DEBUG c.h.p.o.HiveMQPlatformReconciler - [helmbrid] Custom Resource Spec (replicas: 1) (extensions: 1)
2025-01-30 18:43:25,679 INFO c.h.h.t.HelmChartContainer - [hivemq-test-hivemq-platform] [hivemq-platform-operator] [668a5bce] 18:43:25.678 [ReconcilerExecutor-hivemq-controller-114] DEBUG c.h.p.o.HiveMQPlatformReconciler - [helmbrid] StatefulSet Status (revision: test-hivemq-platform-5686c99fcc, replicas: 1, available: 1, ready: 1, current: 1, updated: 1)
2025-01-30 18:43:25,679 INFO c.h.h.t.HelmChartContainer - [hivemq-test-hivemq-platform] [hivemq-platform-operator] [668a5bce] 18:43:25.678 [ReconcilerExecutor-hivemq-controller-114] DEBUG c.h.p.o.HiveMQPlatformReconciler - [helmbrid] StatefulSet Spec (replicas: 1, init containers: 1, containers: 1, volumes: 4)
2025-01-30 18:43:25,680 INFO c.h.h.t.HelmChartContainer - [hivemq-test-hivemq-platform] [hivemq-platform-operator] [668a5bce] 18:43:25.679 [ReconcilerExecutor-hivemq-controller-114] DEBUG c.h.p.o.h.HiveMQPlatformReconcilerErrorHandler - [helmbrid] Pod 'test-hivemq-platform-0' phase Running
2025-01-30 18:43:26,076 INFO c.h.h.e.HelmBridgeExtensionIT - remote client subscribed
2025-01-30 18:43:26,081 INFO c.h.h.e.HelmBridgeExtensionIT - local client has published
2025-01-30 18:43:27,318 INFO c.h.h.t.HelmChartContainer - Uninstalling release 'test-hivemq-platform' in namespace 'helmbridgeextensionit'...
2025-01-30 18:43:27,319 DEBUG c.h.h.t.HelmChartContainer - Executing helm command: /bin/helm --kubeconfig /etc/rancher/k3s/k3s.yaml uninstall test-hivemq-platform  --wait --timeout 5m0s --cascade foreground --namespace helmbridgeextensionit
2025-01-30 18:43:27,527 INFO c.h.h.t.HelmChartContainer - [hivemq-test-hivemq-platform] [hivemq-platform-operator] [668a5bce] 18:43:27.525 [pool-6-thread-14] DEBUG c.h.p.o.d.PlatformServiceResource - [helmbrid] Desired Platform services (3 services)
2025-01-30 18:43:27,530 INFO c.h.h.t.HelmChartContainer - [hivemq-test-hivemq-platform] [hivemq-platform-operator] [668a5bce] 18:43:27.528 [pool-6-thread-19] DEBUG c.h.p.o.dependants.PodInfoConfigMap - [helmbrid] Desired PodInfo ConfigMap (1 extensions) (1 enabled)
2025-01-30 18:43:27,532 INFO c.h.h.t.HelmChartContainer - [hivemq-test-hivemq-platform] [hivemq-platform-operator] [668a5bce] 18:43:27.528 [pool-6-thread-19] DEBUG c.h.p.o.dependants.PodInfoConfigMap - [helmbrid] Desired PodInfo ConfigMap (metrics port: 9399) (metrics path: /)
2025-01-30 18:43:27,532 INFO c.h.h.t.HelmChartContainer - [hivemq-test-hivemq-platform] [hivemq-platform-operator] [668a5bce] 18:43:27.528 [pool-6-thread-19] DEBUG c.h.p.o.dependants.PodInfoConfigMap - [helmbrid] Desired PodInfo ConfigMap (extension state hash: -1918807284)
2025-01-30 18:43:27,532 INFO c.h.h.t.HelmChartContainer - [hivemq-test-hivemq-platform] [hivemq-platform-operator] [668a5bce] 18:43:27.528 [pool-6-thread-13] DEBUG c.h.p.o.d.PodServiceAccountResource - [helmbrid] Desired PodServiceAccountResource (serviceAccountName: hivemq-platform-pod-test-hivemq-platform)
2025-01-30 18:43:27,581 INFO c.h.h.t.HelmChartContainer - [hivemq-test-hivemq-platform] [hivemq-platform-operator] [668a5bce] 18:43:27.578 [pool-6-thread-14] DEBUG c.h.p.o.d.StatefulSetResource - [helmbrid] Desired StatefulSet (1 replicas) for status RUNNING (READY)
2025-01-30 18:43:27,671 INFO c.h.h.t.HelmChartContainer - [hivemq-test-hivemq-platform] [hivemq-platform-operator] [668a5bce] 18:43:27.667 [pool-6-thread-14] DEBUG c.h.p.o.d.StatefulSetResource - [helmbrid] Update StatefulSet (replicas: 1 -> 1)
2025-01-30 18:43:27,672 INFO c.h.h.t.HelmChartContainer - [hivemq-test-hivemq-platform] [hivemq-platform-operator] [668a5bce] 18:43:27.669 [pool-6-thread-14] DEBUG c.h.p.o.d.StatefulSetResource - [helmbrid] Detected change in StatefulSet specification (path: /template/metadata/annotations/kubernetes-resource-versions) (actual value: {broker-configuration-v2=-2089688360}) (target value: {broker-configuration-v2=0})
2025-01-30 18:43:27,672 INFO c.h.h.t.HelmChartContainer - [hivemq-test-hivemq-platform] [hivemq-platform-operator] [668a5bce] 18:43:27.669 [pool-6-thread-14] INFO  c.h.p.o.d.StatefulSetResource - [helmbrid] StatefulSet spec was updated, triggering rolling restart
2025-01-30 18:43:27,770 INFO c.h.h.t.HelmChartContainer - [hivemq-test-hivemq-platform] [hivemq-platform-operator] [668a5bce] 18:43:27.766 [ReconcilerExecutor-hivemq-controller-115] INFO  c.h.p.o.HiveMQPlatformReconciler - [helmbrid] Reconciling HiveMQ Platform 'test-hivemq-platform' in namespace 'helmbridgeextensionit'
2025-01-30 18:43:27,770 INFO c.h.h.t.HelmChartContainer - [hivemq-test-hivemq-platform] [hivemq-platform-operator] [668a5bce] 18:43:27.767 [ReconcilerExecutor-hivemq-controller-115] DEBUG c.h.p.o.HiveMQPlatformReconciler - [helmbrid] Custom Resource Status RUNNING - HiveMQ Platform is ready (READY) (reconciliation requests: REQUESTS_UPDATED, ROLLING_RESTART)
2025-01-30 18:43:27,770 INFO c.h.h.t.HelmChartContainer - [hivemq-test-hivemq-platform] [hivemq-platform-operator] [668a5bce] 18:43:27.767 [ReconcilerExecutor-hivemq-controller-115] DEBUG c.h.p.o.HiveMQPlatformReconciler - [helmbrid] Custom Resource Spec (replicas: 1) (extensions: 1)
2025-01-30 18:43:27,770 INFO c.h.h.t.HelmChartContainer - [hivemq-test-hivemq-platform] [hivemq-platform-operator] [668a5bce] 18:43:27.767 [ReconcilerExecutor-hivemq-controller-115] WARN  c.h.p.o.h.HiveMQPlatformReconcilerErrorHandler - [helmbrid] Could not find ConfigMap 'hivemq-configuration-test-hivemq-platform' for HiveMQ Platform configuration
2025-01-30 18:43:27,869 INFO c.h.h.t.HelmChartContainer - [hivemq-test-hivemq-platform] [hivemq-platform-operator] [668a5bce] 18:43:27.867 [ReconcilerExecutor-hivemq-controller-115] DEBUG c.h.p.operator.event.EventSender - [helmbrid] Creating K8s event hivemq-platform-invalid-configuration: [Start] Could not find ConfigMap 'hivemq-configuration-test-hivemq-platform' for HiveMQ Platform configuration
2025-01-30 18:43:27,872 INFO c.h.h.t.HelmChartContainer - [EVENT] Warning [Start] Could not find ConfigMap 'hivemq-configuration-test-hivemq-platform' for HiveMQ Platform configuration [helmbridgeextensionit:test-hivemq-platform]
2025-01-30 18:43:27,877 INFO c.h.h.t.HelmChartContainer - [hivemq-test-hivemq-platform] [hivemq-platform-operator] [668a5bce] 18:43:27.873 [ReconcilerExecutor-hivemq-controller-115] INFO  c.h.p.o.h.AbstractHiveMQReconcilerStateHandler - [helmbrid] Update HiveMQ Platform Status (RUNNING [READY] -> ERROR [INVALID_CONFIG_MAP]): Could not find ConfigMap 'hivemq-configuration-test-hivemq-platform' for HiveMQ Platform configuration (reconciliation requests: ROLLING_RESTART)
2025-01-30 18:43:27,888 INFO c.h.h.t.HelmChartContainer - [hivemq-test-hivemq-platform] [hivemq-platform-operator] [668a5bce] 18:43:27.882 [ReconcilerExecutor-hivemq-controller-115] ERROR i.j.o.p.event.EventProcessor - Error during event processing ExecutionScope{ resource id: ResourceID{name='test-hivemq-platform', namespace='helmbridgeextensionit'}, version: 608}
2025-01-30 18:43:27,888 INFO c.h.h.t.HelmChartContainer - [hivemq-test-hivemq-platform] [hivemq-platform-operator] [668a5bce] io.fabric8.kubernetes.client.KubernetesClientException: Failure executing: PUT at: https://10.43.0.1:443/apis/hivemq.com/v1/namespaces/helmbridgeextensionit/hivemq-platforms/test-hivemq-platform/status. Message: Operation cannot be fulfilled on hivemq-platforms.hivemq.com "test-hivemq-platform": the object has been modified; please apply your changes to the latest version and try again. Received status: Status(apiVersion=v1, code=409, details=StatusDetails(causes=[], group=hivemq.com, kind=hivemq-platforms, name=test-hivemq-platform, retryAfterSeconds=null, uid=null, additionalProperties={}), kind=Status, message=Operation cannot be fulfilled on hivemq-platforms.hivemq.com "test-hivemq-platform": the object has been modified; please apply your changes to the latest version and try again, metadata=ListMeta(_continue=null, remainingItemCount=null, resourceVersion=null, selfLink=null, additionalProperties={}), reason=Conflict, status=Failure, additionalProperties={}).
2025-01-30 18:43:27,888 INFO c.h.h.t.HelmChartContainer - [hivemq-test-hivemq-platform] [hivemq-platform-operator] [668a5bce] 	at io.fabric8.kubernetes.client.KubernetesClientException.copyAsCause(KubernetesClientException.java:238)
2025-01-30 18:43:27,888 INFO c.h.h.t.HelmChartContainer - [hivemq-test-hivemq-platform] [hivemq-platform-operator] [668a5bce] 	at io.fabric8.kubernetes.client.dsl.internal.OperationSupport.waitForResult(OperationSupport.java:507)
2025-01-30 18:43:27,888 INFO c.h.h.t.HelmChartContainer - [hivemq-test-hivemq-platform] [hivemq-platform-operator] [668a5bce] 	at io.fabric8.kubernetes.client.dsl.internal.OperationSupport.handleResponse(OperationSupport.java:524)
2025-01-30 18:43:27,888 INFO c.h.h.t.HelmChartContainer - [hivemq-test-hivemq-platform] [hivemq-platform-operator] [668a5bce] 	at io.fabric8.kubernetes.client.dsl.internal.OperationSupport.handleUpdate(OperationSupport.java:358)
2025-01-30 18:43:27,888 INFO c.h.h.t.HelmChartContainer - [hivemq-test-hivemq-platform] [hivemq-platform-operator] [668a5bce] 	at io.fabric8.kubernetes.client.dsl.internal.BaseOperation.handleUpdate(BaseOperation.java:759)
2025-01-30 18:43:27,888 INFO c.h.h.t.HelmChartContainer - [hivemq-test-hivemq-platform] [hivemq-platform-operator] [668a5bce] 	at io.fabric8.kubernetes.client.dsl.internal.HasMetadataOperation.update(HasMetadataOperation.java:138)
2025-01-30 18:43:27,888 INFO c.h.h.t.HelmChartContainer - [hivemq-test-hivemq-platform] [hivemq-platform-operator] [668a5bce] 	at io.fabric8.kubernetes.client.dsl.internal.HasMetadataOperation.update(HasMetadataOperation.java:121)
2025-01-30 18:43:27,888 INFO c.h.h.t.HelmChartContainer - [hivemq-test-hivemq-platform] [hivemq-platform-operator] [668a5bce] 	at io.fabric8.kubernetes.client.dsl.internal.HasMetadataOperation.updateStatus(HasMetadataOperation.java:126)
2025-01-30 18:43:27,888 INFO c.h.h.t.HelmChartContainer - [hivemq-test-hivemq-platform] [hivemq-platform-operator] [668a5bce] 	at io.fabric8.kubernetes.client.dsl.internal.HasMetadataOperation.updateStatus(HasMetadataOperation.java:44)
2025-01-30 18:43:27,888 INFO c.h.h.t.HelmChartContainer - [hivemq-test-hivemq-platform] [hivemq-platform-operator] [668a5bce] 	at io.javaoperatorsdk.operator.processing.event.ReconciliationDispatcher$CustomResourceFacade.updateStatus(ReconciliationDispatcher.java:408)
2025-01-30 18:43:27,888 INFO c.h.h.t.HelmChartContainer - [hivemq-test-hivemq-platform] [hivemq-platform-operator] [668a5bce] 	at io.javaoperatorsdk.operator.processing.event.ReconciliationDispatcher.updateStatusGenerationAware(ReconciliationDispatcher.java:228)
2025-01-30 18:43:27,888 INFO c.h.h.t.HelmChartContainer - [hivemq-test-hivemq-platform] [hivemq-platform-operator] [668a5bce] 	at io.javaoperatorsdk.operator.processing.event.ReconciliationDispatcher.reconcileExecution(ReconciliationDispatcher.java:150)
2025-01-30 18:43:27,888 INFO c.h.h.t.HelmChartContainer - [hivemq-test-hivemq-platform] [hivemq-platform-operator] [668a5bce] 	at io.javaoperatorsdk.operator.processing.event.ReconciliationDispatcher.handleReconcile(ReconciliationDispatcher.java:117)
2025-01-30 18:43:27,888 INFO c.h.h.t.HelmChartContainer - [hivemq-test-hivemq-platform] [hivemq-platform-operator] [668a5bce] 	at io.javaoperatorsdk.operator.processing.event.ReconciliationDispatcher.handleDispatch(ReconciliationDispatcher.java:91)
2025-01-30 18:43:27,888 INFO c.h.h.t.HelmChartContainer - [hivemq-test-hivemq-platform] [hivemq-platform-operator] [668a5bce] 	at io.javaoperatorsdk.operator.processing.event.ReconciliationDispatcher.handleExecution(ReconciliationDispatcher.java:64)
2025-01-30 18:43:27,888 INFO c.h.h.t.HelmChartContainer - [hivemq-test-hivemq-platform] [hivemq-platform-operator] [668a5bce] 	at io.javaoperatorsdk.operator.processing.event.EventProcessor$ReconcilerExecutor.run(EventProcessor.java:452)
2025-01-30 18:43:27,888 INFO c.h.h.t.HelmChartContainer - [hivemq-test-hivemq-platform] [hivemq-platform-operator] [668a5bce] 	at java.base/java.util.concurrent.ThreadPoolExecutor.runWorker(Unknown Source)
2025-01-30 18:43:27,888 INFO c.h.h.t.HelmChartContainer - [hivemq-test-hivemq-platform] [hivemq-platform-operator] [668a5bce] 	at java.base/java.util.concurrent.ThreadPoolExecutor$Worker.run(Unknown Source)
2025-01-30 18:43:27,888 INFO c.h.h.t.HelmChartContainer - [hivemq-test-hivemq-platform] [hivemq-platform-operator] [668a5bce] 	at java.base/java.lang.Thread.run(Unknown Source)
2025-01-30 18:43:27,888 INFO c.h.h.t.HelmChartContainer - [hivemq-test-hivemq-platform] [hivemq-platform-operator] [668a5bce] Caused by: io.fabric8.kubernetes.client.KubernetesClientException: Failure executing: PUT at: https://10.43.0.1:443/apis/hivemq.com/v1/namespaces/helmbridgeextensionit/hivemq-platforms/test-hivemq-platform/status. Message: Operation cannot be fulfilled on hivemq-platforms.hivemq.com "test-hivemq-platform": the object has been modified; please apply your changes to the latest version and try again. Received status: Status(apiVersion=v1, code=409, details=StatusDetails(causes=[], group=hivemq.com, kind=hivemq-platforms, name=test-hivemq-platform, retryAfterSeconds=null, uid=null, additionalProperties={}), kind=Status, message=Operation cannot be fulfilled on hivemq-platforms.hivemq.com "test-hivemq-platform": the object has been modified; please apply your changes to the latest version and try again, metadata=ListMeta(_continue=null, remainingItemCount=null, resourceVersion=null, selfLink=null, additionalProperties={}), reason=Conflict, status=Failure, additionalProperties={}).
2025-01-30 18:43:27,888 INFO c.h.h.t.HelmChartContainer - [hivemq-test-hivemq-platform] [hivemq-platform-operator] [668a5bce] 	at io.fabric8.kubernetes.client.dsl.internal.OperationSupport.requestFailure(OperationSupport.java:660)
2025-01-30 18:43:27,888 INFO c.h.h.t.HelmChartContainer - [hivemq-test-hivemq-platform] [hivemq-platform-operator] [668a5bce] 	at io.fabric8.kubernetes.client.dsl.internal.OperationSupport.requestFailure(OperationSupport.java:640)
2025-01-30 18:43:27,888 INFO c.h.h.t.HelmChartContainer - [hivemq-test-hivemq-platform] [hivemq-platform-operator] [668a5bce] 	at io.fabric8.kubernetes.client.dsl.internal.OperationSupport.assertResponseCode(OperationSupport.java:589)
2025-01-30 18:43:27,888 INFO c.h.h.t.HelmChartContainer - [hivemq-test-hivemq-platform] [hivemq-platform-operator] [668a5bce] 	at io.fabric8.kubernetes.client.dsl.internal.OperationSupport.lambda$handleResponse$0(OperationSupport.java:549)
2025-01-30 18:43:27,888 INFO c.h.h.t.HelmChartContainer - [hivemq-test-hivemq-platform] [hivemq-platform-operator] [668a5bce] 	at java.base/java.util.concurrent.CompletableFuture$UniApply.tryFire(Unknown Source)
2025-01-30 18:43:27,888 INFO c.h.h.t.HelmChartContainer - [hivemq-test-hivemq-platform] [hivemq-platform-operator] [668a5bce] 	at java.base/java.util.concurrent.CompletableFuture.postComplete(Unknown Source)
2025-01-30 18:43:27,888 INFO c.h.h.t.HelmChartContainer - [hivemq-test-hivemq-platform] [hivemq-platform-operator] [668a5bce] 	at java.base/java.util.concurrent.CompletableFuture.complete(Unknown Source)
2025-01-30 18:43:27,888 INFO c.h.h.t.HelmChartContainer - [hivemq-test-hivemq-platform] [hivemq-platform-operator] [668a5bce] 	at io.fabric8.kubernetes.client.http.StandardHttpClient.lambda$completeOrCancel$10(StandardHttpClient.java:141)
2025-01-30 18:43:27,888 INFO c.h.h.t.HelmChartContainer - [hivemq-test-hivemq-platform] [hivemq-platform-operator] [668a5bce] 	at java.base/java.util.concurrent.CompletableFuture.uniWhenComplete(Unknown Source)
2025-01-30 18:43:27,888 INFO c.h.h.t.HelmChartContainer - [hivemq-test-hivemq-platform] [hivemq-platform-operator] [668a5bce] 	at java.base/java.util.concurrent.CompletableFuture$UniWhenComplete.tryFire(Unknown Source)
2025-01-30 18:43:27,888 INFO c.h.h.t.HelmChartContainer - [hivemq-test-hivemq-platform] [hivemq-platform-operator] [668a5bce] 	at java.base/java.util.concurrent.CompletableFuture.postComplete(Unknown Source)
2025-01-30 18:43:27,888 INFO c.h.h.t.HelmChartContainer - [hivemq-test-hivemq-platform] [hivemq-platform-operator] [668a5bce] 	at java.base/java.util.concurrent.CompletableFuture.complete(Unknown Source)
2025-01-30 18:43:27,888 INFO c.h.h.t.HelmChartContainer - [hivemq-test-hivemq-platform] [hivemq-platform-operator] [668a5bce] 	at io.fabric8.kubernetes.client.http.ByteArrayBodyHandler.onBodyDone(ByteArrayBodyHandler.java:51)
2025-01-30 18:43:27,888 INFO c.h.h.t.HelmChartContainer - [hivemq-test-hivemq-platform] [hivemq-platform-operator] [668a5bce] 	at java.base/java.util.concurrent.CompletableFuture.uniWhenComplete(Unknown Source)
2025-01-30 18:43:27,888 INFO c.h.h.t.HelmChartContainer - [hivemq-test-hivemq-platform] [hivemq-platform-operator] [668a5bce] 	at java.base/java.util.concurrent.CompletableFuture$UniWhenComplete.tryFire(Unknown Source)
2025-01-30 18:43:27,889 INFO c.h.h.t.HelmChartContainer - [hivemq-test-hivemq-platform] [hivemq-platform-operator] [668a5bce] 	at java.base/java.util.concurrent.CompletableFuture.postComplete(Unknown Source)
2025-01-30 18:43:27,889 INFO c.h.h.t.HelmChartContainer - [hivemq-test-hivemq-platform] [hivemq-platform-operator] [668a5bce] 	at java.base/java.util.concurrent.CompletableFuture.complete(Unknown Source)
2025-01-30 18:43:27,889 INFO c.h.h.t.HelmChartContainer - [hivemq-test-hivemq-platform] [hivemq-platform-operator] [668a5bce] 	at io.fabric8.kubernetes.client.vertx.VertxHttpRequest.lambda$null$1(VertxHttpRequest.java:121)
2025-01-30 18:43:27,889 INFO c.h.h.t.HelmChartContainer - [hivemq-test-hivemq-platform] [hivemq-platform-operator] [668a5bce] 	at io.vertx.core.impl.ContextInternal.dispatch(ContextInternal.java:279)
2025-01-30 18:43:27,889 INFO c.h.h.t.HelmChartContainer - [hivemq-test-hivemq-platform] [hivemq-platform-operator] [668a5bce] 	at io.vertx.core.impl.ContextInternal.dispatch(ContextInternal.java:261)
2025-01-30 18:43:27,889 INFO c.h.h.t.HelmChartContainer - [hivemq-test-hivemq-platform] [hivemq-platform-operator] [668a5bce] 	at io.vertx.core.http.impl.HttpEventHandler.handleEnd(HttpEventHandler.java:76)
2025-01-30 18:43:27,889 INFO c.h.h.t.HelmChartContainer - [hivemq-test-hivemq-platform] [hivemq-platform-operator] [668a5bce] 	at io.vertx.core.http.impl.HttpClientResponseImpl.handleEnd(HttpClientResponseImpl.java:250)
2025-01-30 18:43:27,889 INFO c.h.h.t.HelmChartContainer - [hivemq-test-hivemq-platform] [hivemq-platform-operator] [668a5bce] 	at io.vertx.core.http.impl.Http1xClientConnection$StreamImpl.lambda$new$0(Http1xClientConnection.java:421)
2025-01-30 18:43:27,889 INFO c.h.h.t.HelmChartContainer - [hivemq-test-hivemq-platform] [hivemq-platform-operator] [668a5bce] 	at io.vertx.core.streams.impl.InboundBuffer.handleEvent(InboundBuffer.java:279)
2025-01-30 18:43:27,889 INFO c.h.h.t.HelmChartContainer - [hivemq-test-hivemq-platform] [hivemq-platform-operator] [668a5bce] 	at io.vertx.core.streams.impl.InboundBuffer.write(InboundBuffer.java:157)
2025-01-30 18:43:27,889 INFO c.h.h.t.HelmChartContainer - [hivemq-test-hivemq-platform] [hivemq-platform-operator] [668a5bce] 	at io.vertx.core.http.impl.Http1xClientConnection$StreamImpl.handleEnd(Http1xClientConnection.java:709)
2025-01-30 18:43:27,889 INFO c.h.h.t.HelmChartContainer - [hivemq-test-hivemq-platform] [hivemq-platform-operator] [668a5bce] 	at io.vertx.core.impl.ContextImpl.lambda$execute$4(ContextImpl.java:315)
2025-01-30 18:43:27,889 INFO c.h.h.t.HelmChartContainer - [hivemq-test-hivemq-platform] [hivemq-platform-operator] [668a5bce] 	at io.netty.util.concurrent.AbstractEventExecutor.runTask(AbstractEventExecutor.java:173)
2025-01-30 18:43:27,889 INFO c.h.h.t.HelmChartContainer - [hivemq-test-hivemq-platform] [hivemq-platform-operator] [668a5bce] 	at io.netty.util.concurrent.AbstractEventExecutor.safeExecute(AbstractEventExecutor.java:166)
2025-01-30 18:43:27,889 INFO c.h.h.t.HelmChartContainer - [hivemq-test-hivemq-platform] [hivemq-platform-operator] [668a5bce] 	at io.netty.util.concurrent.SingleThreadEventExecutor.runAllTasks(SingleThreadEventExecutor.java:472)
2025-01-30 18:43:27,890 INFO c.h.h.t.HelmChartContainer - [hivemq-test-hivemq-platform] [hivemq-platform-operator] [668a5bce] 	at io.netty.channel.nio.NioEventLoop.run(NioEventLoop.java:569)
2025-01-30 18:43:27,890 INFO c.h.h.t.HelmChartContainer - [hivemq-test-hivemq-platform] [hivemq-platform-operator] [668a5bce] 	at io.netty.util.concurrent.SingleThreadEventExecutor$4.run(SingleThreadEventExecutor.java:997)
2025-01-30 18:43:27,890 INFO c.h.h.t.HelmChartContainer - [hivemq-test-hivemq-platform] [hivemq-platform-operator] [668a5bce] 	at io.netty.util.internal.ThreadExecutorMap$2.run(ThreadExecutorMap.java:74)
2025-01-30 18:43:27,890 INFO c.h.h.t.HelmChartContainer - [hivemq-test-hivemq-platform] [hivemq-platform-operator] [668a5bce] 	at io.netty.util.concurrent.FastThreadLocalRunnable.run(FastThreadLocalRunnable.java:30)
2025-01-30 18:43:27,890 INFO c.h.h.t.HelmChartContainer - [hivemq-test-hivemq-platform] [hivemq-platform-operator] [668a5bce] 	... 1 common frames omitted
2025-01-30 18:43:27,970 INFO c.h.h.t.HelmChartContainer - [hivemq-test-hivemq-platform] [hivemq-platform-operator] [668a5bce] 18:43:27.968 [ReconcilerExecutor-hivemq-controller-120] INFO  c.h.p.o.HiveMQPlatformReconciler - [helmbrid] Cleanup test-hivemq-platform - helmbridgeextensionit HiveMQ Platform is shut down
2025-01-30 18:43:28,385 INFO c.h.h.t.HelmChartContainer - [POD] test-hivemq-platform-0 [870661e2-fc40-4003-8abd-143bd2c673cc] in helmbridgeextensionit was MODIFIED
2025-01-30 18:43:28,386 INFO c.h.h.t.HelmChartContainer - [EVENT] Normal [Killing] Stopping container hivemq [helmbridgeextensionit:test-hivemq-platform-0]
2025-01-30 18:43:28,386 INFO c.h.h.t.HelmChartContainer - Received Killing event for container hivemq in pod test-hivemq-platform-0 [870661e2-fc40-4003-8abd-143bd2c673cc]
2025-01-30 18:43:28,386 INFO c.h.h.t.HelmChartContainer - Container [test-hivemq-platform-0] [hivemq] [870661e2-fc40-4003-8abd-143bd2c673cc] was terminated
2025-01-30 18:43:28,387 INFO c.h.h.t.HelmChartContainer - Stopped log watcher for hivemq in pod test-hivemq-platform-0 [870661e2-fc40-4003-8abd-143bd2c673cc]
2025-01-30 18:43:28,395 INFO c.h.h.t.HelmChartContainer - [test-hivemq-platform] [hivemq] [870661e2] INFO  - [HiveMQ Platform Operator Init App 1.7.0-SNAPSHOT] Shutting down
2025-01-30 18:43:28,397 INFO c.h.h.t.HelmChartContainer - [test-hivemq-platform] [hivemq] [870661e2] INFO  - [HiveMQ Platform Operator Init App 1.7.0-SNAPSHOT] Stopping the HiveMQ Platform
2025-01-30 18:43:28,497 INFO c.h.h.t.HelmChartContainer - [test-hivemq-platform] [hivemq] [870661e2] INFO  - Shutting down HiveMQ. Please wait, this could take a while...
2025-01-30 18:43:28,515 INFO c.h.h.t.HelmChartContainer - [test-hivemq-platform] [hivemq] [870661e2] INFO  - Shutting down listeners and clients
2025-01-30 18:43:28,516 INFO c.h.h.t.HelmChartContainer - [test-hivemq-platform] [hivemq] [870661e2] INFO  - Shutdown of listeners is done
2025-01-30 18:43:28,517 INFO c.h.h.t.HelmChartContainer - [test-hivemq-platform] [hivemq] [870661e2] INFO  - No clients are connected, proceeding with shutdown
2025-01-30 18:43:29,580 INFO c.h.h.t.HelmChartContainer - Deleting namespace 'helmbridgeextensionit'...
2025-01-30 18:43:30,329 INFO c.h.h.t.HelmChartContainer - [test-hivemq-platform] [hivemq] [870661e2] INFO  - [HiveMQ Platform Operator Init App 1.7.0-SNAPSHOT] Returning shutdown Health API response 503 for readiness
2025-01-30 18:43:30,334 INFO c.h.h.t.HelmChartContainer - [EVENT] Warning [Unhealthy] Readiness probe failed: HTTP probe failed with statuscode: 503 [helmbridgeextensionit:test-hivemq-platform-0]
2025-01-30 18:43:30,334 INFO c.h.h.t.HelmChartContainer - Received Unhealthy event for container hivemq in pod test-hivemq-platform-0 [870661e2-fc40-4003-8abd-143bd2c673cc]
2025-01-30 18:43:30,848 INFO c.h.h.t.HelmChartContainer - [test-hivemq-platform] [hivemq] [870661e2] WARN  - [HiveMQ Platform Operator Init App 1.7.0-SNAPSHOT] Could not update Pod annotations: Failure executing: GET at: https://10.43.0.1:443/api/v1/namespaces/helmbridgeextensionit/pods/test-hivemq-platform-0. Message: pods "test-hivemq-platform-0" is forbidden: User "system:serviceaccount:helmbridgeextensionit:hivemq-platform-pod-test-hivemq-platform" cannot get resource "pods" in API group "" in the namespace "helmbridgeextensionit". Received status: Status(apiVersion=v1, code=403, details=StatusDetails(causes=[], group=null, kind=pods, name=test-hivemq-platform-0, retryAfterSeconds=null, uid=null, additionalProperties={}), kind=Status, message=pods "test-hivemq-platform-0" is forbidden: User "system:serviceaccount:helmbridgeextensionit:hivemq-platform-pod-test-hivemq-platform" cannot get resource "pods" in API group "" in the namespace "helmbridgeextensionit", metadata=ListMeta(_continue=null, remainingItemCount=null, resourceVersion=null, selfLink=null, additionalProperties={}), reason=Forbidden, status=Failure, additionalProperties={}).
2025-01-30 18:43:31,420 INFO c.h.h.t.HelmChartContainer - [test-hivemq-platform] [hivemq] [870661e2] INFO  - Shutting down extension system
2025-01-30 18:43:31,422 INFO c.h.h.t.HelmChartContainer - [test-hivemq-platform] [hivemq] [870661e2] INFO  - Stopping extension with id hivemq-dns-cluster-discovery
2025-01-30 18:43:31,423 INFO c.h.h.t.HelmChartContainer - [test-hivemq-platform] [hivemq] [870661e2] INFO  - Extension "DNS Cluster Discovery Extension" version 4.3.2 stopped successfully.
2025-01-30 18:43:31,423 INFO c.h.h.t.HelmChartContainer - [test-hivemq-platform] [hivemq] [870661e2] INFO  - Stopping extension with id hivemq-bridge-extension
2025-01-30 18:43:31,425 INFO c.h.h.t.HelmChartContainer - [test-hivemq-platform] [hivemq] [870661e2] INFO  - Bridge Extension: Stopping extension
2025-01-30 18:43:31,520 INFO c.h.h.t.HelmChartContainer - [test-hivemq-platform] [hivemq] [870661e2] INFO  - Extension "HiveMQ Enterprise Bridge Extension" version 4.36.0 stopped successfully.
2025-01-30 18:43:31,520 INFO c.h.h.t.HelmChartContainer - [test-hivemq-platform] [hivemq] [870661e2] INFO  - Stopping extension with id hivemq-prometheus-extension
2025-01-30 18:43:31,524 INFO c.h.h.t.HelmChartContainer - [test-hivemq-platform] [hivemq] [870661e2] INFO  - Extension "Prometheus Monitoring Extension" version 4.0.12 stopped successfully.
2025-01-30 18:43:31,525 INFO c.h.h.t.HelmChartContainer - [test-hivemq-platform] [hivemq] [870661e2] INFO  - Stopping extension with id hivemq-allow-all-extension
2025-01-30 18:43:31,525 INFO c.h.h.t.HelmChartContainer - [test-hivemq-platform] [hivemq] [870661e2] INFO  - Extension "Allow All Extension" version 1.1.1 stopped successfully.
2025-01-30 18:43:33,884 INFO c.h.h.t.HelmChartContainer - [test-hivemq-platform] [hivemq] [870661e2] INFO  - Shutdown completed.
2025-01-30 18:43:34,281 INFO c.h.h.t.HelmChartContainer - [test-hivemq-platform] [hivemq] [870661e2] INFO  - [HiveMQ Platform Operator Init App 1.7.0-SNAPSHOT] The HiveMQ Platform exited with code 143
2025-01-30 18:43:34,281 INFO c.h.h.t.HelmChartContainer - [test-hivemq-platform] [hivemq] [870661e2] INFO  - [HiveMQ Platform Operator Init App 1.7.0-SNAPSHOT] Stopping the REST API
2025-01-30 18:43:34,288 INFO c.h.h.t.HelmChartContainer - [test-hivemq-platform] [hivemq] [870661e2] INFO  - [HiveMQ Platform Operator Init App 1.7.0-SNAPSHOT] Shutdown complete
2025-01-30 18:43:34,609 INFO c.h.h.t.HelmChartContainer - [K3S] [stateful_set.go:466] "StatefulSet has been deleted" key="helmbridgeextensionit/test-hivemq-platform"
2025-01-30 18:43:34,793 INFO c.h.h.t.HelmChartContainer - [POD] test-hivemq-platform-0 [870661e2-fc40-4003-8abd-143bd2c673cc] in helmbridgeextensionit was MODIFIED
2025-01-30 18:43:34,884 INFO c.h.h.t.HelmChartContainer - [K3S] [reconciler_common.go:162] "operationExecutor.UnmountVolume started for volume \"extension-configuration-hivemq-bridge-extension\" (UniqueName: \"kubernetes.io/configmap/870661e2-fc40-4003-8abd-143bd2c673cc-extension-configuration-hivemq-bridge-extension\") pod \"870661e2-fc40-4003-8abd-143bd2c673cc\" (UID: \"870661e2-fc40-4003-8abd-143bd2c673cc\") "
2025-01-30 18:43:34,885 INFO c.h.h.t.HelmChartContainer - [K3S] [reconciler_common.go:162] "operationExecutor.UnmountVolume started for volume \"operator-init\" (UniqueName: \"kubernetes.io/empty-dir/870661e2-fc40-4003-8abd-143bd2c673cc-operator-init\") pod \"870661e2-fc40-4003-8abd-143bd2c673cc\" (UID: \"870661e2-fc40-4003-8abd-143bd2c673cc\") "
2025-01-30 18:43:34,885 INFO c.h.h.t.HelmChartContainer - [K3S] [reconciler_common.go:162] "operationExecutor.UnmountVolume started for volume \"broker-configuration\" (UniqueName: \"kubernetes.io/configmap/870661e2-fc40-4003-8abd-143bd2c673cc-broker-configuration\") pod \"870661e2-fc40-4003-8abd-143bd2c673cc\" (UID: \"870661e2-fc40-4003-8abd-143bd2c673cc\") "
2025-01-30 18:43:34,885 INFO c.h.h.t.HelmChartContainer - [K3S] [reconciler_common.go:162] "operationExecutor.UnmountVolume started for volume \"kube-api-access-s7r69\" (UniqueName: \"kubernetes.io/projected/870661e2-fc40-4003-8abd-143bd2c673cc-kube-api-access-s7r69\") pod \"870661e2-fc40-4003-8abd-143bd2c673cc\" (UID: \"870661e2-fc40-4003-8abd-143bd2c673cc\") "
2025-01-30 18:43:34,886 INFO c.h.h.t.HelmChartContainer - [K3S] [reconciler_common.go:162] "operationExecutor.UnmountVolume started for volume \"pod-info\" (UniqueName: \"kubernetes.io/configmap/870661e2-fc40-4003-8abd-143bd2c673cc-pod-info\") pod \"870661e2-fc40-4003-8abd-143bd2c673cc\" (UID: \"870661e2-fc40-4003-8abd-143bd2c673cc\") "
2025-01-30 18:43:34,985 INFO c.h.h.t.HelmChartContainer - [K3S] [reconciler_common.go:299] "Volume detached for volume \"broker-configuration\" (UniqueName: \"kubernetes.io/configmap/870661e2-fc40-4003-8abd-143bd2c673cc-broker-configuration\") on node \"bd446d25b95a\" DevicePath \"\""
2025-01-30 18:43:34,985 INFO c.h.h.t.HelmChartContainer - [K3S] [reconciler_common.go:299] "Volume detached for volume \"kube-api-access-s7r69\" (UniqueName: \"kubernetes.io/projected/870661e2-fc40-4003-8abd-143bd2c673cc-kube-api-access-s7r69\") on node \"bd446d25b95a\" DevicePath \"\""
2025-01-30 18:43:34,985 INFO c.h.h.t.HelmChartContainer - [K3S] [reconciler_common.go:299] "Volume detached for volume \"pod-info\" (UniqueName: \"kubernetes.io/configmap/870661e2-fc40-4003-8abd-143bd2c673cc-pod-info\") on node \"bd446d25b95a\" DevicePath \"\""
2025-01-30 18:43:34,985 INFO c.h.h.t.HelmChartContainer - [K3S] [reconciler_common.go:299] "Volume detached for volume \"operator-init\" (UniqueName: \"kubernetes.io/empty-dir/870661e2-fc40-4003-8abd-143bd2c673cc-operator-init\") on node \"bd446d25b95a\" DevicePath \"\""
2025-01-30 18:43:34,986 INFO c.h.h.t.HelmChartContainer - [K3S] [reconciler_common.go:299] "Volume detached for volume \"extension-configuration-hivemq-bridge-extension\" (UniqueName: \"kubernetes.io/configmap/870661e2-fc40-4003-8abd-143bd2c673cc-extension-configuration-hivemq-bridge-extension\") on node \"bd446d25b95a\" DevicePath \"\""
2025-01-30 18:43:35,406 INFO c.h.h.t.HelmChartContainer - [K3S] [scope.go:117] "RemoveContainer" containerID="213576f2f518f53a25cd102b8b24be9eb922af110dfe5ee4717bc6ab7dc39408"
2025-01-30 18:43:35,418 INFO c.h.h.t.HelmChartContainer - [POD] test-hivemq-platform-0 [870661e2-fc40-4003-8abd-143bd2c673cc] in helmbridgeextensionit was MODIFIED
2025-01-30 18:43:35,431 INFO c.h.h.t.HelmChartContainer - [POD] test-hivemq-platform-0 [870661e2-fc40-4003-8abd-143bd2c673cc] in helmbridgeextensionit was DELETED
2025-01-30 18:43:35,513 INFO c.h.h.t.HelmChartContainer - [K3S] [scope.go:117] "RemoveContainer" containerID="fbbde8bac0e9294906fd8778716deab42ed432656708fbcf80b9019091a6716a"
2025-01-30 18:43:35,516 INFO c.h.h.t.HelmChartContainer - [K3S] [scope.go:117] "RemoveContainer" containerID="213576f2f518f53a25cd102b8b24be9eb922af110dfe5ee4717bc6ab7dc39408"
2025-01-30 18:43:35,517 INFO c.h.h.t.HelmChartContainer - [K3S] [scope.go:117] "RemoveContainer" containerID="fbbde8bac0e9294906fd8778716deab42ed432656708fbcf80b9019091a6716a"
2025-01-30 18:43:37,194 INFO c.h.h.t.HelmChartContainer - [K3S] [kubelet_volumes.go:163] "Cleaned up orphaned pod volumes dir" podUID="870661e2-fc40-4003-8abd-143bd2c673cc" path="/var/lib/kubelet/pods/870661e2-fc40-4003-8abd-143bd2c673cc/volumes"
2025-01-30 18:43:39,943 INFO c.h.h.t.HelmChartContainer - Namespace 'helmbridgeextensionit' deleted
2025-01-30 18:43:39,943 INFO c.h.h.t.HelmChartContainer - Release 'test-hivemq-platform' in namespace 'helmbridgeextensionit' is uninstalled
2025-01-30 18:43:39,943 INFO c.h.h.t.HelmChartContainer - Uninstalling release 'test-hivemq-platform-operator' in namespace 'helmbridgeextensionit-operator'...
2025-01-30 18:43:39,943 DEBUG c.h.h.t.HelmChartContainer - Executing helm command: /bin/helm --kubeconfig /etc/rancher/k3s/k3s.yaml uninstall test-hivemq-platform-operator  --wait --timeout 5m0s --cascade foreground --namespace helmbridgeextensionit-operator
2025-01-30 18:43:40,111 INFO c.h.h.t.HelmChartContainer - [K3S] [replica_set.go:679] "Finished syncing" kind="ReplicaSet" key="helmbridgeextensionit-operator/hivemq-test-hivemq-platform-operator-6966f96d65" duration="7.353752ms"
2025-01-30 18:43:40,114 INFO c.h.h.t.HelmChartContainer - [K3S] [replica_set.go:679] "Finished syncing" kind="ReplicaSet" key="helmbridgeextensionit-operator/hivemq-test-hivemq-platform-operator-6966f96d65" duration="44.553µs"
2025-01-30 18:43:40,130 INFO c.h.h.t.HelmChartContainer - [POD] hivemq-test-hivemq-platform-operator-6966f96d65-dtrwr [668a5bce-4b31-4f69-84c4-93cfb334b550] in helmbridgeextensionit-operator was MODIFIED
2025-01-30 18:43:40,145 INFO c.h.h.t.HelmChartContainer - [hivemq-test-hivemq-platform] [hivemq-platform-operator] [668a5bce] 18:43:40.142 [application-shutdown-thread] INFO  c.h.p.o.HiveMQPlatformOperatorApplication - HiveMQ Platform Operator is stopping...
2025-01-30 18:43:40,145 INFO c.h.h.t.HelmChartContainer - [hivemq-test-hivemq-platform] [hivemq-platform-operator] [668a5bce] 18:43:40.142 [application-shutdown-thread] INFO  i.javaoperatorsdk.operator.Operator - Operator SDK 4.9.7 is shutting down...
2025-01-30 18:43:40,151 INFO c.h.h.t.HelmChartContainer - [EVENT] Normal [Killing] Stopping container hivemq-platform-operator [helmbridgeextensionit-operator:hivemq-test-hivemq-platform-operator-6966f96d65-dtrwr]
2025-01-30 18:43:40,152 INFO c.h.h.t.HelmChartContainer - Received Killing event for container hivemq-platform-operator in pod hivemq-test-hivemq-platform-operator-6966f96d65-dtrwr [668a5bce-4b31-4f69-84c4-93cfb334b550]
2025-01-30 18:43:40,152 INFO c.h.h.t.HelmChartContainer - Container [hivemq-test-hivemq-platform-operator-6966f96d65-dtrwr] [hivemq-platform-operator] [668a5bce-4b31-4f69-84c4-93cfb334b550] was terminated
2025-01-30 18:43:40,152 INFO c.h.h.t.HelmChartContainer - Stopped log watcher for hivemq-platform-operator in pod hivemq-test-hivemq-platform-operator-6966f96d65-dtrwr [668a5bce-4b31-4f69-84c4-93cfb334b550]
2025-01-30 18:43:40,155 INFO c.h.h.t.HelmChartContainer - [K3S] [replica_set.go:679] "Finished syncing" kind="ReplicaSet" key="helmbridgeextensionit-operator/hivemq-test-hivemq-platform-operator-6966f96d65" duration="23.331296ms"
2025-01-30 18:43:40,156 INFO c.h.h.t.HelmChartContainer - [K3S] [replica_set.go:679] "Finished syncing" kind="ReplicaSet" key="helmbridgeextensionit-operator/hivemq-test-hivemq-platform-operator-6966f96d65" duration="60.694µs"
2025-01-30 18:43:40,490 INFO c.h.h.t.HelmChartContainer - [POD] hivemq-test-hivemq-platform-operator-6966f96d65-dtrwr [668a5bce-4b31-4f69-84c4-93cfb334b550] in helmbridgeextensionit-operator was MODIFIED
2025-01-30 18:43:40,490 INFO c.h.h.t.HelmChartContainer - [K3S] [replica_set.go:679] "Finished syncing" kind="ReplicaSet" key="helmbridgeextensionit-operator/hivemq-test-hivemq-platform-operator-6966f96d65" duration="44.353µs"
2025-01-30 18:43:40,516 INFO c.h.h.t.HelmChartContainer - [K3S] [reconciler_common.go:162] "operationExecutor.UnmountVolume started for volume \"kube-api-access-dtxzn\" (UniqueName: \"kubernetes.io/projected/668a5bce-4b31-4f69-84c4-93cfb334b550-kube-api-access-dtxzn\") pod \"668a5bce-4b31-4f69-84c4-93cfb334b550\" (UID: \"668a5bce-4b31-4f69-84c4-93cfb334b550\") "
2025-01-30 18:43:40,617 INFO c.h.h.t.HelmChartContainer - [K3S] [reconciler_common.go:299] "Volume detached for volume \"kube-api-access-dtxzn\" (UniqueName: \"kubernetes.io/projected/668a5bce-4b31-4f69-84c4-93cfb334b550-kube-api-access-dtxzn\") on node \"bd446d25b95a\" DevicePath \"\""
2025-01-30 18:43:41,418 INFO c.h.h.t.HelmChartContainer - [K3S] [scope.go:117] "RemoveContainer" containerID="8d48c7e5ad1103c382bcd2196b0736437ed6e9f730b96544fe29c588421f1242"
2025-01-30 18:43:41,427 INFO c.h.h.t.HelmChartContainer - [K3S] [replica_set.go:679] "Finished syncing" kind="ReplicaSet" key="helmbridgeextensionit-operator/hivemq-test-hivemq-platform-operator-6966f96d65" duration="40.646µs"
2025-01-30 18:43:41,427 INFO c.h.h.t.HelmChartContainer - [POD] hivemq-test-hivemq-platform-operator-6966f96d65-dtrwr [668a5bce-4b31-4f69-84c4-93cfb334b550] in helmbridgeextensionit-operator was MODIFIED
2025-01-30 18:43:41,430 INFO c.h.h.t.HelmChartContainer - [POD] hivemq-test-hivemq-platform-operator-6966f96d65-dtrwr [668a5bce-4b31-4f69-84c4-93cfb334b550] in helmbridgeextensionit-operator was DELETED
2025-01-30 18:43:41,432 INFO c.h.h.t.HelmChartContainer - [K3S] [replica_set.go:679] "Finished syncing" kind="ReplicaSet" key="helmbridgeextensionit-operator/hivemq-test-hivemq-platform-operator-6966f96d65" duration="31.8µs"
2025-01-30 18:43:41,445 INFO c.h.h.t.HelmChartContainer - [K3S] [replica_set.go:679] "Finished syncing" kind="ReplicaSet" key="helmbridgeextensionit-operator/hivemq-test-hivemq-platform-operator-6966f96d65" duration="6.272µs"
2025-01-30 18:43:42,175 INFO c.h.h.t.HelmChartContainer - Deleting namespace 'helmbridgeextensionit-operator'...
2025-01-30 18:43:43,193 INFO c.h.h.t.HelmChartContainer - [K3S] [kubelet_volumes.go:163] "Cleaned up orphaned pod volumes dir" podUID="668a5bce-4b31-4f69-84c4-93cfb334b550" path="/var/lib/kubelet/pods/668a5bce-4b31-4f69-84c4-93cfb334b550/volumes"
2025-01-30 18:43:44,853 INFO c.h.h.t.HelmChartContainer - [K3S] [namespace_controller.go:187] "Namespace has been deleted" namespace="helmbridgeextensionit"
2025-01-30 18:43:47,396 INFO c.h.h.t.HelmChartContainer - Namespace 'helmbridgeextensionit-operator' deleted
2025-01-30 18:43:47,396 INFO c.h.h.t.HelmChartContainer - Release 'test-hivemq-platform-operator' in namespace 'helmbridgeextensionit-operator' is uninstalled
2025-01-30 18:43:48,057 INFO c.h.helmcharts.AbstractHelmChartIT - Removed unused containers:

2025-01-30 18:43:52,295 INFO c.h.h.t.HelmChartContainer - [K3S] [namespace_controller.go:187] "Namespace has been deleted" namespace="helmbridgeextensionit-operator"
2025-01-30 18:43:55,886 INFO c.h.helmcharts.AbstractHelmChartIT - Removed unused snapshots:
Removing snapshot sha256:03af251906410714c5aef9fa705b63f6bbc39c4a5e787de7361eeb18886c2ed2
Removing snapshot sha256:0c46b3b43cce082ce5ec34ffc6c294e0417d17b9d1e6f366d114b6aadc4f96dc
Removing snapshot sha256:0ce761beee59082d6ed5bcebd3a805b8ddd9b3426b617e4809e7fb7c6587ffec
Removing snapshot sha256:0df91287303208332c8ff6ba40ae4710105201739addbfbddfb955f1ad593664
Removing snapshot sha256:1021ef88c7974bfff89c5a0ec4fd3160daac6c48a075f74cff721f85dd104e68
Removing snapshot sha256:10aba4953ddc18145dd38e3704709bc464aa20af60b56fe52caaff4b68411e62
Removing snapshot sha256:1bb78235c7063c235707981b6319d30a51dc4cc48cbaf22eba4331681eaa54a4
Removing snapshot sha256:362a8a37f8bbc31925a8146adcf7cf51f9882f5c1dcbef67c5baa03a297543c0
Removing snapshot sha256:43a7c979bbaba6838bc3102d6b10a1459f3ab050b87ccdfef84ef90cf43d3058
Removing snapshot sha256:4ab04491cdf0d3267f08206fe30bd48f49f94b9cab2f016d6739220f722a64af
Removing snapshot sha256:4b6068250e89c96f263060261819c7d912855bfbd64b3eb4c4a8483299b8c295
Removing snapshot sha256:580e69a0a8034ede1921139bbd2bfb72a69ebf276d008281896c32dd8bf74775
Removing snapshot sha256:5d30ba46b27fe37484567ccc5242cadc78217b8da605f3f195ef25cbf7487904
Removing snapshot sha256:63ca1fbb43ae5034640e5e6cb3e083e05c290072c5366fcaa9d62435a4cced85
Removing snapshot sha256:67f702c6baae873bceb19487c8b1f27bd2b86077e4f2f0e480e6d60ab508b8f5
Removing snapshot sha256:6864348dd42806d552efdec384f1274be15e2d0c10ce44c1f04347af004c10a9
Removing snapshot sha256:6c7dee8f2c39b84b7dc2711c01d33de93514d9055499173e9290176fbe484b6c
Removing snapshot sha256:82753493a6d61ded36556292f02f31841a14c20d2f279f19eaad65afb661d5cd
Removing snapshot sha256:8a10d3db42c505ee0fcfa98417bdd7e39b304f6bcc0a06bb1b220797ff2cc63c
Removing snapshot sha256:a0904247e36a7726c03c71ee48f3e64462021c88dafeb13f37fdaf613b27f11c
Removing snapshot sha256:a21e5b12dbac529ad45d976eb9ce45c881f3bedcc500fb30aba1e52aa1813418
Removing snapshot sha256:b921e6c28969094157f9b8e7244677780319637afd14450b7cb6b2fdea558a0c
Removing snapshot sha256:bc27ecb5769a00e309cf99ebc763c4a4b958b618d1decc96ffac5bc05f02f5b7
Removing snapshot sha256:be3ccb6627a5332e309d45ef461d09b4879dd870c7394d89323d0ebc6ca6aa8a
Removing snapshot sha256:c261f7cbbc64211ee175ee47273acdb7b1a36a4450b397a064a8f2c026490095
Removing snapshot sha256:c34d9393647eea0c9e3557ab988efaf59f61d10a2a5613b439ef0958cca5ec10
Removing snapshot sha256:ccf3c4a0fa967a41c1c83497a2ce6fa5787965859df0adb32c4ca2cf7490bc2b
Removing snapshot sha256:cf92d33f869417309692088c341cd0f223c178ea78a125f757317b22aa8f90e9
Removing snapshot sha256:d0037344cf2fb078884f1849f6a1f8cf9a33a3b6139b6a85833e5ee528e1f9a8
Removing snapshot sha256:d3b36d5b79273b1e98e7700470eaeff05a882e777124d84cebcc1505b85ecb36
Removing snapshot sha256:d65a44a37914602d12c611e5e22a50f11451d847e63015cc1c2aef92dee777a4
Removing snapshot sha256:e2dc0bae2455930f23ae570e019b7f32edc75c0f2d71cab084db837ff9051796
Removing snapshot sha256:eccbd24a99c60cd9e86ee5305dbfc4a4dc89f5ab4fb1f06c8d64797cecedef34
Removing snapshot sha256:f144bb4c7c7f0d2aa7eeffd36d934ec40db1ee167be727e326aad9fdc616f475
Removing snapshot sha256:f819732f8708e08dfe523c8def2fcc727a6643cbb8058b79b6a0f913d8f991cb

]]></system-out>
  </testcase>
  <testcase name="withBridgeSecretConfiguration_messageBridged()" classname="com.hivemq.helmcharts.extensions.HelmBridgeExtensionIT" time="116.133">
    <system-out><![CDATA[2025-01-30 18:43:56,105 INFO tc.hivemq/hivemq4:4.36.0 - Creating container for image: hivemq/hivemq4:4.36.0
2025-01-30 18:43:56,120 INFO tc.hivemq/hivemq4:4.36.0 - Container hivemq/hivemq4:4.36.0 is starting: ea058341c15bfa9f9a25c9e8bb73764532f6591bc2f84650a007bd2a50a26736
2025-01-30 18:44:04,239 INFO tc.hivemq/hivemq4:4.36.0 - Container hivemq/hivemq4:4.36.0 started in PT8.134264897S
2025-01-30 18:44:04,240 INFO c.h.h.t.HelmChartContainer - Creating namespace 'helmbridgeextensionit-operator'...
2025-01-30 18:44:04,247 INFO c.h.h.t.HelmChartContainer - Namespace 'helmbridgeextensionit-operator' created
2025-01-30 18:44:04,247 INFO c.h.h.t.HelmChartContainer - Creating namespace 'helmbridgeextensionit'...
2025-01-30 18:44:04,257 INFO c.h.h.t.HelmChartContainer - Namespace 'helmbridgeextensionit' created
2025-01-30 18:44:04,360 DEBUG c.h.h.t.HelmChartContainer - Executing helm command: /bin/helm --kubeconfig /etc/rancher/k3s/k3s.yaml install test-hivemq-platform-operator /charts/hivemq-platform-operator --wait --timeout 5m0s --set image.repository=docker.io/hivemq --set image.name=hivemq-platform-operator-test --set image.initImageName=hivemq-platform-operator-init-test --set image.tag=snapshot --set image.pullPolicy=Never --set logLevel=DEBUG --set resources.cpu=512m --namespace helmbridgeextensionit-operator
2025-01-30 18:44:04,678 INFO c.h.h.t.HelmChartContainer - [K3S] [alloc.go:330] "allocated clusterIPs" service="helmbridgeextensionit-operator/hivemq-platform-operator-test-hivemq-platform-operator" clusterIPs={"IPv4":"10.43.159.75"}
2025-01-30 18:44:04,716 INFO c.h.h.t.HelmChartContainer - [POD] hivemq-test-hivemq-platform-operator-6966f96d65-l59xb [345a6c57-e642-424f-aec6-94a1337ab8fd] in helmbridgeextensionit-operator was ADDED
2025-01-30 18:44:04,721 INFO c.h.h.t.HelmChartContainer - [EVENT] Normal [ScalingReplicaSet] Scaled up replica set hivemq-test-hivemq-platform-operator-6966f96d65 from 0 to 1 [helmbridgeextensionit-operator:hivemq-test-hivemq-platform-operator]
2025-01-30 18:44:04,729 INFO c.h.h.t.HelmChartContainer - [POD] hivemq-test-hivemq-platform-operator-6966f96d65-l59xb [345a6c57-e642-424f-aec6-94a1337ab8fd] in helmbridgeextensionit-operator was MODIFIED
2025-01-30 18:44:04,730 INFO c.h.h.t.HelmChartContainer - [K3S] [memory_manager.go:355] "RemoveStaleState removing state" podUID="668a5bce-4b31-4f69-84c4-93cfb334b550" containerName="hivemq-platform-operator"
2025-01-30 18:44:04,730 INFO c.h.h.t.HelmChartContainer - [K3S] [memory_manager.go:355] "RemoveStaleState removing state" podUID="870661e2-fc40-4003-8abd-143bd2c673cc" containerName="hivemq"
2025-01-30 18:44:04,732 INFO c.h.h.t.HelmChartContainer - [EVENT] Normal [SuccessfulCreate] Created pod: hivemq-test-hivemq-platform-operator-6966f96d65-l59xb [helmbridgeextensionit-operator:hivemq-test-hivemq-platform-operator-6966f96d65]
2025-01-30 18:44:04,737 INFO c.h.h.t.HelmChartContainer - [K3S] [replica_set.go:679] "Finished syncing" kind="ReplicaSet" key="helmbridgeextensionit-operator/hivemq-test-hivemq-platform-operator-6966f96d65" duration="44.290624ms"
2025-01-30 18:44:04,743 INFO c.h.h.t.HelmChartContainer - [EVENT] Normal [Scheduled] Successfully assigned helmbridgeextensionit-operator/hivemq-test-hivemq-platform-operator-6966f96d65-l59xb to bd446d25b95a [helmbridgeextensionit-operator:hivemq-test-hivemq-platform-operator-6966f96d65-l59xb]
2025-01-30 18:44:04,754 INFO c.h.h.t.HelmChartContainer - [POD] hivemq-test-hivemq-platform-operator-6966f96d65-l59xb [345a6c57-e642-424f-aec6-94a1337ab8fd] in helmbridgeextensionit-operator was MODIFIED
2025-01-30 18:44:04,759 INFO c.h.h.t.HelmChartContainer - [K3S] [replica_set.go:679] "Finished syncing" kind="ReplicaSet" key="helmbridgeextensionit-operator/hivemq-test-hivemq-platform-operator-6966f96d65" duration="21.425227ms"
2025-01-30 18:44:04,770 INFO c.h.h.t.HelmChartContainer - [K3S] [reconciler_common.go:251] "operationExecutor.VerifyControllerAttachedVolume started for volume \"kube-api-access-2rmg6\" (UniqueName: \"kubernetes.io/projected/345a6c57-e642-424f-aec6-94a1337ab8fd-kube-api-access-2rmg6\") pod \"hivemq-test-hivemq-platform-operator-6966f96d65-l59xb\" (UID: \"345a6c57-e642-424f-aec6-94a1337ab8fd\") " pod="helmbridgeextensionit-operator/hivemq-test-hivemq-platform-operator-6966f96d65-l59xb"
2025-01-30 18:44:04,773 INFO c.h.h.t.HelmChartContainer - [K3S] [replica_set.go:679] "Finished syncing" kind="ReplicaSet" key="helmbridgeextensionit-operator/hivemq-test-hivemq-platform-operator-6966f96d65" duration="13.823132ms"
2025-01-30 18:44:04,773 INFO c.h.h.t.HelmChartContainer - [K3S] [replica_set.go:679] "Finished syncing" kind="ReplicaSet" key="helmbridgeextensionit-operator/hivemq-test-hivemq-platform-operator-6966f96d65" duration="132.798µs"
2025-01-30 18:44:05,125 INFO c.h.h.t.HelmChartContainer - [EVENT] Normal [Pulled] Container image "docker.io/hivemq/hivemq-platform-operator-test:snapshot" already present on machine [helmbridgeextensionit-operator:hivemq-test-hivemq-platform-operator-6966f96d65-l59xb]
2025-01-30 18:44:05,125 INFO c.h.h.t.HelmChartContainer - Received Pulled event for container hivemq-platform-operator in pod hivemq-test-hivemq-platform-operator-6966f96d65-l59xb [345a6c57-e642-424f-aec6-94a1337ab8fd]
2025-01-30 18:44:06,536 INFO c.h.h.t.HelmChartContainer - [EVENT] Normal [Created] Created container: hivemq-platform-operator [helmbridgeextensionit-operator:hivemq-test-hivemq-platform-operator-6966f96d65-l59xb]
2025-01-30 18:44:06,536 INFO c.h.h.t.HelmChartContainer - Received Created event for container hivemq-platform-operator in pod hivemq-test-hivemq-platform-operator-6966f96d65-l59xb [345a6c57-e642-424f-aec6-94a1337ab8fd]
2025-01-30 18:44:07,474 INFO c.h.h.t.HelmChartContainer - [K3S] [replica_set.go:679] "Finished syncing" kind="ReplicaSet" key="helmbridgeextensionit-operator/hivemq-test-hivemq-platform-operator-6966f96d65" duration="48.771µs"
2025-01-30 18:44:07,477 INFO c.h.h.t.HelmChartContainer - [POD] hivemq-test-hivemq-platform-operator-6966f96d65-l59xb [345a6c57-e642-424f-aec6-94a1337ab8fd] in helmbridgeextensionit-operator was MODIFIED
2025-01-30 18:44:07,484 INFO c.h.h.t.HelmChartContainer - [EVENT] Normal [Started] Started container hivemq-platform-operator [helmbridgeextensionit-operator:hivemq-test-hivemq-platform-operator-6966f96d65-l59xb]
2025-01-30 18:44:07,484 INFO c.h.h.t.HelmChartContainer - Received Started event for container hivemq-platform-operator in pod hivemq-test-hivemq-platform-operator-6966f96d65-l59xb [345a6c57-e642-424f-aec6-94a1337ab8fd]
2025-01-30 18:44:07,485 INFO c.h.h.t.HelmChartContainer - Started log watcher for hivemq-platform-operator in pod hivemq-test-hivemq-platform-operator-6966f96d65-l59xb [345a6c57-e642-424f-aec6-94a1337ab8fd]
2025-01-30 18:44:07,485 INFO c.h.h.t.HelmChartContainer - [hivemq-test-hivemq-platform] [hivemq-platform-operator] [345a6c57] -------------------------------------------------------------------------
2025-01-30 18:44:07,485 INFO c.h.h.t.HelmChartContainer - [hivemq-test-hivemq-platform] [hivemq-platform-operator] [345a6c57] 
2025-01-30 18:44:07,485 INFO c.h.h.t.HelmChartContainer - [hivemq-test-hivemq-platform] [hivemq-platform-operator] [345a6c57]                   _    _  _              __  __   ____
2025-01-30 18:44:07,485 INFO c.h.h.t.HelmChartContainer - [hivemq-test-hivemq-platform] [hivemq-platform-operator] [345a6c57]                  | |  | |(_)            |  \/  | / __ \
2025-01-30 18:44:07,485 INFO c.h.h.t.HelmChartContainer - [hivemq-test-hivemq-platform] [hivemq-platform-operator] [345a6c57]                  | |__| | _ __   __ ___ | \  / || |  | |
2025-01-30 18:44:07,485 INFO c.h.h.t.HelmChartContainer - [hivemq-test-hivemq-platform] [hivemq-platform-operator] [345a6c57]                  |  __  || |\ \ / // _ \| |\/| || |  | |
2025-01-30 18:44:07,485 INFO c.h.h.t.HelmChartContainer - [hivemq-test-hivemq-platform] [hivemq-platform-operator] [345a6c57]                  | |  | || | \ V /|  __/| |  | || |__| |
2025-01-30 18:44:07,485 INFO c.h.h.t.HelmChartContainer - [hivemq-test-hivemq-platform] [hivemq-platform-operator] [345a6c57]                  |_|  |_||_|  \_/  \___||_|  |_| \___\_\
2025-01-30 18:44:07,485 INFO c.h.h.t.HelmChartContainer - [hivemq-test-hivemq-platform] [hivemq-platform-operator] [345a6c57] 
2025-01-30 18:44:07,486 INFO c.h.h.t.HelmChartContainer - [hivemq-test-hivemq-platform] [hivemq-platform-operator] [345a6c57] -------------------------------------------------------------------------
2025-01-30 18:44:07,486 INFO c.h.h.t.HelmChartContainer - [hivemq-test-hivemq-platform] [hivemq-platform-operator] [345a6c57] 
2025-01-30 18:44:07,486 INFO c.h.h.t.HelmChartContainer - [hivemq-test-hivemq-platform] [hivemq-platform-operator] [345a6c57]   HiveMQ Platform Operator Start Script v1.0
2025-01-30 18:44:07,486 INFO c.h.h.t.HelmChartContainer - [hivemq-test-hivemq-platform] [hivemq-platform-operator] [345a6c57] 
2025-01-30 18:44:07,487 INFO c.h.h.t.HelmChartContainer - [hivemq-test-hivemq-platform] [hivemq-platform-operator] [345a6c57] -------------------------------------------------------------------------
2025-01-30 18:44:07,487 INFO c.h.h.t.HelmChartContainer - [hivemq-test-hivemq-platform] [hivemq-platform-operator] [345a6c57] 
2025-01-30 18:44:07,487 INFO c.h.h.t.HelmChartContainer - [hivemq-test-hivemq-platform] [hivemq-platform-operator] [345a6c57]   JAVA_OPTS: -XX:+UnlockExperimentalVMOptions -XX:InitialRAMPercentage=75 -XX:MaxRAMPercentage=75 -Duser.language=en -Duser.region=US
2025-01-30 18:44:07,487 INFO c.h.h.t.HelmChartContainer - [hivemq-test-hivemq-platform] [hivemq-platform-operator] [345a6c57] 
2025-01-30 18:44:07,487 INFO c.h.h.t.HelmChartContainer - [hivemq-test-hivemq-platform] [hivemq-platform-operator] [345a6c57]   JAVA_VERSION: 21
2025-01-30 18:44:07,487 INFO c.h.h.t.HelmChartContainer - [hivemq-test-hivemq-platform] [hivemq-platform-operator] [345a6c57] 
2025-01-30 18:44:07,487 INFO c.h.h.t.HelmChartContainer - [hivemq-test-hivemq-platform] [hivemq-platform-operator] [345a6c57] -------------------------------------------------------------------------
2025-01-30 18:44:07,487 INFO c.h.h.t.HelmChartContainer - [hivemq-test-hivemq-platform] [hivemq-platform-operator] [345a6c57] 
2025-01-30 18:44:09,919 INFO c.h.h.t.HelmChartContainer - [hivemq-test-hivemq-platform] [hivemq-platform-operator] [345a6c57] 18:44:09.915 [main] DEBUG org.jboss.logging - Logging Provider: org.jboss.logging.Slf4jLoggerProvider
2025-01-30 18:44:10,023 INFO c.h.h.t.HelmChartContainer - [hivemq-test-hivemq-platform] [hivemq-platform-operator] [345a6c57] 18:44:10.021 [main] DEBUG io.smallrye.config - SRCFG01006: Loaded ConfigSource SysPropConfigSource with ordinal 400
2025-01-30 18:44:10,024 INFO c.h.h.t.HelmChartContainer - [hivemq-test-hivemq-platform] [hivemq-platform-operator] [345a6c57] 18:44:10.022 [main] DEBUG io.smallrye.config - SRCFG01006: Loaded ConfigSource EnvConfigSource with ordinal 300
2025-01-30 18:44:10,024 INFO c.h.h.t.HelmChartContainer - [hivemq-test-hivemq-platform] [hivemq-platform-operator] [345a6c57] 18:44:10.022 [main] DEBUG io.smallrye.config - SRCFG01006: Loaded ConfigSource PropertiesConfigSource[source=jar:file:///opt/hivemq-platform-operator/bin/hivemq-platform-operator.jar!/hivemq-platform-operator.properties] with ordinal 100
2025-01-30 18:44:10,024 INFO c.h.h.t.HelmChartContainer - [hivemq-test-hivemq-platform] [hivemq-platform-operator] [345a6c57] 18:44:10.022 [main] DEBUG io.smallrye.config - SRCFG01006: Loaded ConfigSource DefaultValuesConfigSource with ordinal -2147483648
2025-01-30 18:44:10,128 INFO c.h.h.t.HelmChartContainer - [hivemq-test-hivemq-platform] [hivemq-platform-operator] [345a6c57] 18:44:10.127 [main] DEBUG i.m.c.u.i.l.InternalLoggerFactory - Using SLF4J as the default logging framework
2025-01-30 18:44:10,313 INFO c.h.h.t.HelmChartContainer - [hivemq-test-hivemq-platform] [hivemq-platform-operator] [345a6c57] 18:44:10.231 [main] INFO  c.h.p.o.HiveMQPlatformOperatorApplication - HiveMQ Platform Operator 1.7.0-SNAPSHOT (commit: 47e3375 on branch: HEAD) built on Thu Jan 30 03:55:50 UTC 2025
2025-01-30 18:44:10,313 INFO c.h.h.t.HelmChartContainer - [hivemq-test-hivemq-platform] [hivemq-platform-operator] [345a6c57] 18:44:10.312 [main] INFO  c.h.p.o.HiveMQPlatformOperatorApplication - HiveMQ Platform Operator is running in namespace: helmbridgeextensionit-operator
2025-01-30 18:44:10,314 INFO c.h.h.t.HelmChartContainer - [hivemq-test-hivemq-platform] [hivemq-platform-operator] [345a6c57] 18:44:10.312 [main] INFO  c.h.p.o.HiveMQPlatformOperatorApplication - Watching all namespaces
2025-01-30 18:44:10,315 INFO c.h.h.t.HelmChartContainer - [hivemq-test-hivemq-platform] [hivemq-platform-operator] [345a6c57] 18:44:10.312 [main] INFO  c.h.p.o.HiveMQPlatformOperatorApplication - Log level: DEBUG
2025-01-30 18:44:10,315 INFO c.h.h.t.HelmChartContainer - [hivemq-test-hivemq-platform] [hivemq-platform-operator] [345a6c57] 18:44:10.312 [main] INFO  c.h.p.o.HiveMQPlatformOperatorApplication - Release name: test-hivemq-platform-operator
2025-01-30 18:44:10,315 INFO c.h.h.t.HelmChartContainer - [hivemq-test-hivemq-platform] [hivemq-platform-operator] [345a6c57] 18:44:10.312 [main] INFO  c.h.p.o.HiveMQPlatformOperatorApplication - HiveMQ Platform Operator Init image: docker.io/hivemq/hivemq-platform-operator-init-test:snapshot
2025-01-30 18:44:10,315 INFO c.h.h.t.HelmChartContainer - [hivemq-test-hivemq-platform] [hivemq-platform-operator] [345a6c57] 18:44:10.312 [main] INFO  c.h.p.o.HiveMQPlatformOperatorApplication - HiveMQ Platform Operator Init App update URL: http://hivemq-platform-operator-test-hivemq-platform-operator.helmbridgeextensionit-operator.svc:8080/initAppUpdate/hivemq-platform-operator-init-app-1.7.0-SNAPSHOT.jar
2025-01-30 18:44:10,315 INFO c.h.h.t.HelmChartContainer - [hivemq-test-hivemq-platform] [hivemq-platform-operator] [345a6c57] 18:44:10.312 [main] INFO  c.h.p.o.HiveMQPlatformOperatorApplication - Additional imagePullSecret for all Platform deployments: none
2025-01-30 18:44:10,315 INFO c.h.h.t.HelmChartContainer - [hivemq-test-hivemq-platform] [hivemq-platform-operator] [345a6c57] 18:44:10.312 [main] INFO  c.h.p.o.HiveMQPlatformOperatorApplication - Apply HiveMQ Platform CRD: true
2025-01-30 18:44:10,315 INFO c.h.h.t.HelmChartContainer - [hivemq-test-hivemq-platform] [hivemq-platform-operator] [345a6c57] 18:44:10.312 [main] INFO  c.h.p.o.HiveMQPlatformOperatorApplication - Create Platform ServiceAccount: true
2025-01-30 18:44:10,315 INFO c.h.h.t.HelmChartContainer - [hivemq-test-hivemq-platform] [hivemq-platform-operator] [345a6c57] 18:44:10.312 [main] INFO  c.h.p.o.HiveMQPlatformOperatorApplication - Create Platform ServiceAccount permissions: true
2025-01-30 18:44:10,315 INFO c.h.h.t.HelmChartContainer - [hivemq-test-hivemq-platform] [hivemq-platform-operator] [345a6c57] 18:44:10.312 [main] INFO  c.h.p.o.HiveMQPlatformOperatorApplication - Validate Platform ServiceAccount: true
2025-01-30 18:44:10,315 INFO c.h.h.t.HelmChartContainer - [hivemq-test-hivemq-platform] [hivemq-platform-operator] [345a6c57] 18:44:10.312 [main] INFO  c.h.p.o.HiveMQPlatformOperatorApplication - Validate Platform ServiceAccount permissions: true
2025-01-30 18:44:10,438 INFO c.h.h.t.HelmChartContainer - [hivemq-test-hivemq-platform] [hivemq-platform-operator] [345a6c57] 18:44:10.437 [main] INFO  c.h.platform.operator.util.CRDUtil - Verifying deployed HiveMQ Platform CRD...
2025-01-30 18:44:13,209 INFO c.h.h.t.HelmChartContainer - [hivemq-test-hivemq-platform] [hivemq-platform-operator] [345a6c57] 18:44:13.206 [main] DEBUG c.h.platform.operator.util.CRDUtil - HiveMQ Platform CRD version v1 is up to date
2025-01-30 18:44:13,209 INFO c.h.h.t.HelmChartContainer - [hivemq-test-hivemq-platform] [hivemq-platform-operator] [345a6c57] 18:44:13.206 [main] INFO  c.h.platform.operator.util.CRDUtil - HiveMQ Platform CRD is up to date (version: V1_6_0)
2025-01-30 18:44:13,209 INFO c.h.h.t.HelmChartContainer - [hivemq-test-hivemq-platform] [hivemq-platform-operator] [345a6c57] 18:44:13.206 [main] INFO  c.h.platform.operator.util.CRDUtil - Waiting 10000 ms for HiveMQ Platform CRD 'hivemq-platforms.hivemq.com' to become ready...
2025-01-30 18:44:13,512 INFO c.h.h.t.HelmChartContainer - [hivemq-test-hivemq-platform] [hivemq-platform-operator] [345a6c57] 18:44:13.510 [vert.x-eventloop-thread-1] DEBUG c.h.platform.operator.util.CRDUtil - Checking CRD condition 'NamesAccepted' (status: 'True')
2025-01-30 18:44:13,513 INFO c.h.h.t.HelmChartContainer - [hivemq-test-hivemq-platform] [hivemq-platform-operator] [345a6c57] 18:44:13.511 [vert.x-eventloop-thread-1] DEBUG c.h.platform.operator.util.CRDUtil - Checking CRD condition 'Established' (status: 'True')
2025-01-30 18:44:13,513 INFO c.h.h.t.HelmChartContainer - [hivemq-test-hivemq-platform] [hivemq-platform-operator] [345a6c57] 18:44:13.511 [main] INFO  c.h.platform.operator.util.CRDUtil - HiveMQ Platform CRD 'hivemq-platforms.hivemq.com' is ready
2025-01-30 18:44:13,627 INFO c.h.h.t.HelmChartContainer - [hivemq-test-hivemq-platform] [hivemq-platform-operator] [345a6c57] 18:44:13.626 [main] INFO  c.h.p.o.HiveMQPlatformReconciler - HiveMQ Platform Operator is starting...
2025-01-30 18:44:13,732 INFO c.h.h.t.HelmChartContainer - [hivemq-test-hivemq-platform] [hivemq-platform-operator] [345a6c57] 18:44:13.731 [main] WARN  Default ConfigurationService implementation - Configuration for reconciler 'hivemq-controller' was not found. Known reconcilers: None.
2025-01-30 18:44:13,814 INFO c.h.h.t.HelmChartContainer - [hivemq-test-hivemq-platform] [hivemq-platform-operator] [345a6c57] 18:44:13.813 [main] INFO  Default ConfigurationService implementation - Created configuration for reconciler com.hivemq.platform.operator.HiveMQPlatformReconciler with name hivemq-controller
2025-01-30 18:44:13,921 INFO c.h.h.t.HelmChartContainer - [hivemq-test-hivemq-platform] [hivemq-platform-operator] [345a6c57] 18:44:13.920 [main] DEBUG c.h.p.o.HiveMQPlatformReconciler - HiveMQ Platform Operator is preparing EventSources
2025-01-30 18:44:14,009 INFO c.h.h.t.HelmChartContainer - [hivemq-test-hivemq-platform] [hivemq-platform-operator] [345a6c57] 18:44:14.008 [main] INFO  i.javaoperatorsdk.operator.Operator - Registered reconciler: 'hivemq-controller' for resource: 'class com.hivemq.platform.operator.v1.HiveMQPlatform' for namespace(s): [all namespaces]
2025-01-30 18:44:14,523 INFO c.h.h.t.HelmChartContainer - [hivemq-test-hivemq-platform] [hivemq-platform-operator] [345a6c57] 18:44:14.522 [main] INFO  c.h.p.operator.webserver.JettyServer - Starting Jetty server on port 8080
2025-01-30 18:44:14,618 INFO c.h.h.t.HelmChartContainer - [hivemq-test-hivemq-platform] [hivemq-platform-operator] [345a6c57] 18:44:14.617 [main] INFO  i.javaoperatorsdk.operator.Operator - Operator SDK 4.9.7 (commit: 2133d28) built on Wed Nov 20 12:56:20 UTC 2024 starting...
2025-01-30 18:44:14,618 INFO c.h.h.t.HelmChartContainer - [hivemq-test-hivemq-platform] [hivemq-platform-operator] [345a6c57] 18:44:14.617 [main] INFO  i.javaoperatorsdk.operator.Operator - Client version: 6.13.5
2025-01-30 18:44:14,619 INFO c.h.h.t.HelmChartContainer - [hivemq-test-hivemq-platform] [hivemq-platform-operator] [345a6c57] 18:44:14.618 [Controller Starter for: hivemq-controller] INFO  i.j.operator.processing.Controller - Starting 'hivemq-controller' controller for reconciler: com.hivemq.platform.operator.HiveMQPlatformReconciler, resource: com.hivemq.platform.operator.v1.HiveMQPlatform
2025-01-30 18:44:16,917 INFO c.h.h.t.HelmChartContainer - [hivemq-test-hivemq-platform] [hivemq-platform-operator] [345a6c57] 18:44:16.915 [Controller Starter for: hivemq-controller] INFO  i.j.operator.processing.Controller - 'hivemq-controller' controller started
2025-01-30 18:44:16,918 INFO c.h.h.t.HelmChartContainer - [hivemq-test-hivemq-platform] [hivemq-platform-operator] [345a6c57] 18:44:16.916 [main] INFO  c.h.p.o.HiveMQPlatformOperatorApplication - HiveMQ Platform Operator 1.7.0-SNAPSHOT started in 6685 ms
2025-01-30 18:44:18,480 INFO c.h.h.t.HelmChartContainer - [POD] hivemq-test-hivemq-platform-operator-6966f96d65-l59xb [345a6c57-e642-424f-aec6-94a1337ab8fd] in helmbridgeextensionit-operator was MODIFIED
2025-01-30 18:44:18,486 INFO c.h.h.t.HelmChartContainer - [K3S] [replica_set.go:679] "Finished syncing" kind="ReplicaSet" key="helmbridgeextensionit-operator/hivemq-test-hivemq-platform-operator-6966f96d65" duration="7.391918ms"
2025-01-30 18:44:18,486 INFO c.h.h.t.HelmChartContainer - [K3S] [replica_set.go:679] "Finished syncing" kind="ReplicaSet" key="helmbridgeextensionit-operator/hivemq-test-hivemq-platform-operator-6966f96d65" duration="38.341µs"
2025-01-30 18:44:18,832 DEBUG c.h.h.t.HelmChartContainer - Executing helm command: /bin/helm --kubeconfig /etc/rancher/k3s/k3s.yaml install test-hivemq-platform /charts/hivemq-platform --wait --timeout 5m0s --set image.repository=docker.io/hivemq --set image.tag=4.36.0 --set image.pullPolicy=Never --set nodes.resources.cpu=512m -f /files/bridge-with-secret-config-values.yaml --namespace helmbridgeextensionit
2025-01-30 18:44:19,215 INFO c.h.h.t.HelmChartContainer - [hivemq-test-hivemq-platform] [hivemq-platform-operator] [345a6c57] 18:44:19.212 [-2082509879-pool-1-thread-2] WARN  i.m.p.PrometheusMeterRegistry - The meter (MeterId{name='operator.sdk.events.received', tags=[tag(action=ADDED),tag(event=ResourceEvent),tag(group=hivemq.com),tag(kind=HiveMQPlatform),tag(name=test-hivemq-platform),tag(namespace=helmbridgeextensionit),tag(scope=namespace),tag(version=v1)]}) registration has failed: Prometheus requires that all meters with the same name have the same set of tag keys. There is already an existing meter named 'operator.sdk.events.received' containing tag keys [event, group, kind, name, namespace, scope, version]. The meter you are attempting to register has keys [action, event, group, kind, name, namespace, scope, version]. Note that subsequent logs will be logged at debug level.
2025-01-30 18:44:19,629 INFO c.h.h.t.HelmChartContainer - [hivemq-test-hivemq-platform] [hivemq-platform-operator] [345a6c57] 18:44:19.627 [pool-6-thread-3] DEBUG c.h.p.o.dependants.PodInfoConfigMap - [helmbrid] Desired PodInfo ConfigMap (1 extensions) (1 enabled)
2025-01-30 18:44:19,629 INFO c.h.h.t.HelmChartContainer - [hivemq-test-hivemq-platform] [hivemq-platform-operator] [345a6c57] 18:44:19.628 [pool-6-thread-3] DEBUG c.h.p.o.dependants.PodInfoConfigMap - [helmbrid] Desired PodInfo ConfigMap (metrics port: 9399) (metrics path: /)
2025-01-30 18:44:19,629 INFO c.h.h.t.HelmChartContainer - [hivemq-test-hivemq-platform] [hivemq-platform-operator] [345a6c57] 18:44:19.628 [pool-6-thread-3] DEBUG c.h.p.o.dependants.PodInfoConfigMap - [helmbrid] Desired PodInfo ConfigMap (extension state hash: -1957031930)
2025-01-30 18:44:19,630 INFO c.h.h.t.HelmChartContainer - [hivemq-test-hivemq-platform] [hivemq-platform-operator] [345a6c57] 18:44:19.629 [pool-6-thread-3] DEBUG c.h.p.o.dependants.PodInfoConfigMap - [helmbrid] Create PodInfo ConfigMap
2025-01-30 18:44:19,720 INFO c.h.h.t.HelmChartContainer - [hivemq-test-hivemq-platform] [hivemq-platform-operator] [345a6c57] 18:44:19.716 [pool-6-thread-5] DEBUG c.h.p.o.dependants.PodRoleResource - [helmbrid] Create Role: Role(apiVersion=rbac.authorization.k8s.io/v1, kind=Role, metadata=ObjectMeta(annotations={meta.helm.sh/release-name=test-hivemq-platform, meta.helm.sh/release-namespace=helmbridgeextensionit}, creationTimestamp=null, deletionGracePeriodSeconds=null, deletionTimestamp=null, finalizers=[], generateName=null, generation=null, labels={helm.sh/chart=hivemq-platform-0.2.32, app.kubernetes.io/managed-by=Helm, app.kubernetes.io/name=hivemq-platform, hivemq-platform=test-hivemq-platform, app.kubernetes.io/instance=test-hivemq-platform, app.kubernetes.io/version=4.36.0}, managedFields=[], name=hivemq-platform-role-test-hivemq-platform, namespace=helmbridgeextensionit, ownerReferences=[OwnerReference(apiVersion=hivemq.com/v1, blockOwnerDeletion=null, controller=null, kind=HiveMQPlatform, name=test-hivemq-platform, uid=a76d4f96-0604-4d8f-b71d-cd20f24b950d, additionalProperties={})], resourceVersion=null, selfLink=null, uid=null, additionalProperties={}), rules=[PolicyRule(apiGroups=[], nonResourceURLs=[], resourceNames=[], resources=[pods], verbs=[get, patch, update], additionalProperties={})], additionalProperties={})
2025-01-30 18:44:19,914 INFO c.h.h.t.HelmChartContainer - [hivemq-test-hivemq-platform] [hivemq-platform-operator] [345a6c57] 18:44:19.913 [pool-6-thread-7] DEBUG c.h.p.o.d.PodServiceAccountResource - [helmbrid] Desired PodServiceAccountResource (serviceAccountName: hivemq-platform-pod-test-hivemq-platform)
2025-01-30 18:44:19,918 INFO c.h.h.t.HelmChartContainer - [hivemq-test-hivemq-platform] [hivemq-platform-operator] [345a6c57] 18:44:19.913 [pool-6-thread-7] DEBUG c.h.p.o.d.PodServiceAccountResource - [helmbrid] Create ServiceAccount 'hivemq-platform-pod-test-hivemq-platform'
2025-01-30 18:44:20,017 INFO c.h.h.t.HelmChartContainer - [hivemq-test-hivemq-platform] [hivemq-platform-operator] [345a6c57] 18:44:20.016 [pool-6-thread-10] DEBUG c.h.p.o.d.PodRoleBindingResource - [helmbrid] Create RoleBinding: RoleBinding(apiVersion=rbac.authorization.k8s.io/v1, kind=RoleBinding, metadata=ObjectMeta(annotations={meta.helm.sh/release-name=test-hivemq-platform, meta.helm.sh/release-namespace=helmbridgeextensionit}, creationTimestamp=null, deletionGracePeriodSeconds=null, deletionTimestamp=null, finalizers=[], generateName=null, generation=null, labels={helm.sh/chart=hivemq-platform-0.2.32, app.kubernetes.io/managed-by=Helm, app.kubernetes.io/name=hivemq-platform, hivemq-platform=test-hivemq-platform, app.kubernetes.io/instance=test-hivemq-platform, app.kubernetes.io/version=4.36.0}, managedFields=[], name=hivemq-platform-role-binding-test-hivemq-platform, namespace=helmbridgeextensionit, ownerReferences=[OwnerReference(apiVersion=hivemq.com/v1, blockOwnerDeletion=null, controller=null, kind=HiveMQPlatform, name=test-hivemq-platform, uid=a76d4f96-0604-4d8f-b71d-cd20f24b950d, additionalProperties={})], resourceVersion=null, selfLink=null, uid=null, additionalProperties={}), roleRef=RoleRef(apiGroup=rbac.authorization.k8s.io, kind=Role, name=hivemq-platform-role-test-hivemq-platform, additionalProperties={}), subjects=[Subject(apiGroup=null, kind=ServiceAccount, name=hivemq-platform-pod-test-hivemq-platform, namespace=helmbridgeextensionit, additionalProperties={})], additionalProperties={})
2025-01-30 18:44:20,111 INFO c.h.h.t.HelmChartContainer - [hivemq-test-hivemq-platform] [hivemq-platform-operator] [345a6c57] 18:44:20.110 [ReconcilerExecutor-hivemq-controller-54] INFO  c.h.p.o.HiveMQPlatformReconciler - [helmbrid] Reconciling HiveMQ Platform 'test-hivemq-platform' in namespace 'helmbridgeextensionit'
2025-01-30 18:44:20,112 INFO c.h.h.t.HelmChartContainer - [hivemq-test-hivemq-platform] [hivemq-platform-operator] [345a6c57] 18:44:20.110 [ReconcilerExecutor-hivemq-controller-54] DEBUG c.h.p.o.HiveMQPlatformReconciler - [helmbrid] Custom Resource Status CREATED - HiveMQ Platform was created (READY)
2025-01-30 18:44:20,112 INFO c.h.h.t.HelmChartContainer - [hivemq-test-hivemq-platform] [hivemq-platform-operator] [345a6c57] 18:44:20.110 [ReconcilerExecutor-hivemq-controller-54] DEBUG c.h.p.o.HiveMQPlatformReconciler - [helmbrid] Custom Resource Spec (replicas: 1) (extensions: 1)
2025-01-30 18:44:20,115 INFO c.h.h.t.HelmChartContainer - [hivemq-test-hivemq-platform] [hivemq-platform-operator] [345a6c57] 18:44:20.114 [ReconcilerExecutor-hivemq-controller-54] INFO  c.h.p.o.h.HiveMQPlatformReconcilerBaseHandler - [helmbrid] HiveMQ Platform is starting
2025-01-30 18:44:20,217 INFO c.h.h.t.HelmChartContainer - [hivemq-test-hivemq-platform] [hivemq-platform-operator] [345a6c57] 18:44:20.216 [ReconcilerExecutor-hivemq-controller-54] DEBUG c.h.p.operator.event.EventSender - [helmbrid] Creating K8s event hivemq-platform-starting: [Start] HiveMQ Platform is starting
2025-01-30 18:44:20,226 INFO c.h.h.t.HelmChartContainer - [EVENT] Normal [Start] HiveMQ Platform is starting [helmbridgeextensionit:test-hivemq-platform]
2025-01-30 18:44:20,308 INFO c.h.h.t.HelmChartContainer - [hivemq-test-hivemq-platform] [hivemq-platform-operator] [345a6c57] 18:44:20.307 [ReconcilerExecutor-hivemq-controller-54] INFO  c.h.p.o.h.AbstractHiveMQReconcilerStateHandler - [helmbrid] Update HiveMQ Platform Status (CREATED [READY] -> STARTING [READY]): HiveMQ Platform is starting
2025-01-30 18:44:20,323 DEBUG com.hivemq.helmcharts.util.K8sUtil - Comparing actual state 'STARTING' and waiting for 'RUNNING'
2025-01-30 18:44:30,337 INFO c.h.h.t.HelmChartContainer - [hivemq-test-hivemq-platform] [hivemq-platform-operator] [345a6c57] 18:44:30.332 [pool-6-thread-12] DEBUG c.h.p.o.d.PlatformServiceResource - [helmbrid] Desired Platform services (3 services)
2025-01-30 18:44:30,338 INFO c.h.h.t.HelmChartContainer - [hivemq-test-hivemq-platform] [hivemq-platform-operator] [345a6c57] 18:44:30.334 [pool-6-thread-13] DEBUG c.h.p.o.dependants.PodInfoConfigMap - [helmbrid] Desired PodInfo ConfigMap (1 extensions) (1 enabled)
2025-01-30 18:44:30,338 INFO c.h.h.t.HelmChartContainer - [hivemq-test-hivemq-platform] [hivemq-platform-operator] [345a6c57] 18:44:30.335 [pool-6-thread-13] DEBUG c.h.p.o.dependants.PodInfoConfigMap - [helmbrid] Desired PodInfo ConfigMap (metrics port: 9399) (metrics path: /)
2025-01-30 18:44:30,338 INFO c.h.h.t.HelmChartContainer - [hivemq-test-hivemq-platform] [hivemq-platform-operator] [345a6c57] 18:44:30.336 [pool-6-thread-13] DEBUG c.h.p.o.dependants.PodInfoConfigMap - [helmbrid] Desired PodInfo ConfigMap (extension state hash: -1957031930)
2025-01-30 18:44:30,346 INFO c.h.h.t.HelmChartContainer - [hivemq-test-hivemq-platform] [hivemq-platform-operator] [345a6c57] 18:44:30.343 [pool-6-thread-13] DEBUG c.h.p.o.dependants.PodInfoConfigMap - [helmbrid] Update PodInfo ConfigMap
2025-01-30 18:44:30,346 INFO c.h.h.t.HelmChartContainer - [hivemq-test-hivemq-platform] [hivemq-platform-operator] [345a6c57] 18:44:30.344 [pool-6-thread-17] DEBUG c.h.p.o.d.PodServiceAccountResource - [helmbrid] Desired PodServiceAccountResource (serviceAccountName: hivemq-platform-pod-test-hivemq-platform)
2025-01-30 18:44:30,417 INFO c.h.h.t.HelmChartContainer - [K3S] [alloc.go:330] "allocated clusterIPs" service="helmbridgeextensionit/hivemq-test-hivemq-platform-metrics-9399" clusterIPs={"IPv4":"10.43.73.118"}
2025-01-30 18:44:30,514 INFO c.h.h.t.HelmChartContainer - [K3S] [alloc.go:330] "allocated clusterIPs" service="helmbridgeextensionit/hivemq-test-hivemq-platform-mqtt-1883" clusterIPs={"IPv4":"10.43.147.64"}
2025-01-30 18:44:30,527 INFO c.h.h.t.HelmChartContainer - [K3S] [alloc.go:330] "allocated clusterIPs" service="helmbridgeextensionit/hivemq-test-hivemq-platform-cc-8080" clusterIPs={"IPv4":"10.43.128.94"}
2025-01-30 18:44:30,611 INFO c.h.h.t.HelmChartContainer - [hivemq-test-hivemq-platform] [hivemq-platform-operator] [345a6c57] 18:44:30.609 [pool-6-thread-20] DEBUG c.h.p.o.d.StatefulSetResource - [helmbrid] Desired StatefulSet (1 replicas) for status STARTING (READY)
2025-01-30 18:44:30,624 INFO c.h.h.t.HelmChartContainer - [hivemq-test-hivemq-platform] [hivemq-platform-operator] [345a6c57] 18:44:30.623 [pool-6-thread-20] DEBUG c.h.p.o.d.StatefulSetResource - [helmbrid] Create StatefulSet
2025-01-30 18:44:30,735 INFO c.h.h.t.HelmChartContainer - [POD] test-hivemq-platform-0 [080cc476-1224-495a-9ce8-e7e2aa154b9e] in helmbridgeextensionit was ADDED
2025-01-30 18:44:30,736 INFO c.h.h.t.HelmChartContainer - [EVENT] Normal [SuccessfulCreate] create Pod test-hivemq-platform-0 in StatefulSet test-hivemq-platform successful [helmbridgeextensionit:test-hivemq-platform]
2025-01-30 18:44:30,740 INFO c.h.h.t.HelmChartContainer - [EVENT] Normal [Scheduled] Successfully assigned helmbridgeextensionit/test-hivemq-platform-0 to bd446d25b95a [helmbridgeextensionit:test-hivemq-platform-0]
2025-01-30 18:44:30,741 INFO c.h.h.t.HelmChartContainer - [POD] test-hivemq-platform-0 [080cc476-1224-495a-9ce8-e7e2aa154b9e] in helmbridgeextensionit was MODIFIED
2025-01-30 18:44:30,750 INFO c.h.h.t.HelmChartContainer - [POD] test-hivemq-platform-0 [080cc476-1224-495a-9ce8-e7e2aa154b9e] in helmbridgeextensionit was MODIFIED
2025-01-30 18:44:30,815 INFO c.h.h.t.HelmChartContainer - [hivemq-test-hivemq-platform] [hivemq-platform-operator] [345a6c57] 18:44:30.813 [ReconcilerExecutor-hivemq-controller-65] INFO  c.h.p.o.HiveMQPlatformReconciler - [helmbrid] Reconciling HiveMQ Platform 'test-hivemq-platform' in namespace 'helmbridgeextensionit'
2025-01-30 18:44:30,819 INFO c.h.h.t.HelmChartContainer - [hivemq-test-hivemq-platform] [hivemq-platform-operator] [345a6c57] 18:44:30.813 [ReconcilerExecutor-hivemq-controller-65] DEBUG c.h.p.o.HiveMQPlatformReconciler - [helmbrid] Custom Resource Status STARTING - HiveMQ Platform is starting (READY)
2025-01-30 18:44:30,819 INFO c.h.h.t.HelmChartContainer - [hivemq-test-hivemq-platform] [hivemq-platform-operator] [345a6c57] 18:44:30.813 [ReconcilerExecutor-hivemq-controller-65] DEBUG c.h.p.o.HiveMQPlatformReconciler - [helmbrid] Custom Resource Spec (replicas: 1) (extensions: 1)
2025-01-30 18:44:30,819 INFO c.h.h.t.HelmChartContainer - [hivemq-test-hivemq-platform] [hivemq-platform-operator] [345a6c57] 18:44:30.816 [ReconcilerExecutor-hivemq-controller-65] DEBUG c.h.p.o.HiveMQPlatformReconciler - [helmbrid] StatefulSet Status (revision: null, replicas: 0, available: 0, ready: 0, current: 0, updated: 0)
2025-01-30 18:44:30,819 INFO c.h.h.t.HelmChartContainer - [hivemq-test-hivemq-platform] [hivemq-platform-operator] [345a6c57] 18:44:30.816 [ReconcilerExecutor-hivemq-controller-65] DEBUG c.h.p.o.HiveMQPlatformReconciler - [helmbrid] StatefulSet Spec (replicas: 1, init containers: 1, containers: 1, volumes: 4)
2025-01-30 18:44:30,822 INFO c.h.h.t.HelmChartContainer - [K3S] [reconciler_common.go:251] "operationExecutor.VerifyControllerAttachedVolume started for volume \"pod-info\" (UniqueName: \"kubernetes.io/configmap/080cc476-1224-495a-9ce8-e7e2aa154b9e-pod-info\") pod \"test-hivemq-platform-0\" (UID: \"080cc476-1224-495a-9ce8-e7e2aa154b9e\") " pod="helmbridgeextensionit/test-hivemq-platform-0"
2025-01-30 18:44:30,822 INFO c.h.h.t.HelmChartContainer - [K3S] [reconciler_common.go:251] "operationExecutor.VerifyControllerAttachedVolume started for volume \"extension-configuration-hivemq-bridge-extension\" (UniqueName: \"kubernetes.io/secret/080cc476-1224-495a-9ce8-e7e2aa154b9e-extension-configuration-hivemq-bridge-extension\") pod \"test-hivemq-platform-0\" (UID: \"080cc476-1224-495a-9ce8-e7e2aa154b9e\") " pod="helmbridgeextensionit/test-hivemq-platform-0"
2025-01-30 18:44:30,822 INFO c.h.h.t.HelmChartContainer - [K3S] [reconciler_common.go:251] "operationExecutor.VerifyControllerAttachedVolume started for volume \"broker-configuration\" (UniqueName: \"kubernetes.io/configmap/080cc476-1224-495a-9ce8-e7e2aa154b9e-broker-configuration\") pod \"test-hivemq-platform-0\" (UID: \"080cc476-1224-495a-9ce8-e7e2aa154b9e\") " pod="helmbridgeextensionit/test-hivemq-platform-0"
2025-01-30 18:44:30,822 INFO c.h.h.t.HelmChartContainer - [K3S] [reconciler_common.go:251] "operationExecutor.VerifyControllerAttachedVolume started for volume \"operator-init\" (UniqueName: \"kubernetes.io/empty-dir/080cc476-1224-495a-9ce8-e7e2aa154b9e-operator-init\") pod \"test-hivemq-platform-0\" (UID: \"080cc476-1224-495a-9ce8-e7e2aa154b9e\") " pod="helmbridgeextensionit/test-hivemq-platform-0"
2025-01-30 18:44:30,822 INFO c.h.h.t.HelmChartContainer - [K3S] [reconciler_common.go:251] "operationExecutor.VerifyControllerAttachedVolume started for volume \"kube-api-access-jfrvj\" (UniqueName: \"kubernetes.io/projected/080cc476-1224-495a-9ce8-e7e2aa154b9e-kube-api-access-jfrvj\") pod \"test-hivemq-platform-0\" (UID: \"080cc476-1224-495a-9ce8-e7e2aa154b9e\") " pod="helmbridgeextensionit/test-hivemq-platform-0"
2025-01-30 18:44:30,920 INFO c.h.h.t.HelmChartContainer - [hivemq-test-hivemq-platform] [hivemq-platform-operator] [345a6c57] 18:44:30.919 [ReconcilerExecutor-hivemq-controller-65] DEBUG c.h.p.o.h.HiveMQPlatformReconcilerErrorHandler - [helmbrid] Pod 'test-hivemq-platform-0' phase Pending
2025-01-30 18:44:30,921 INFO c.h.h.t.HelmChartContainer - [hivemq-test-hivemq-platform] [hivemq-platform-operator] [345a6c57] 18:44:30.919 [ReconcilerExecutor-hivemq-controller-65] DEBUG c.h.p.o.h.HiveMQPlatformReconcilerErrorHandler - [helmbrid] Pod 'test-hivemq-platform-0' condition 'PodReadyToStartContainers': False
2025-01-30 18:44:30,922 INFO c.h.h.t.HelmChartContainer - [hivemq-test-hivemq-platform] [hivemq-platform-operator] [345a6c57] 18:44:30.920 [ReconcilerExecutor-hivemq-controller-65] DEBUG c.h.p.o.h.HiveMQPlatformReconcilerErrorHandler - [helmbrid] Pod 'test-hivemq-platform-0' condition 'Initialized': False
2025-01-30 18:44:30,922 INFO c.h.h.t.HelmChartContainer - [hivemq-test-hivemq-platform] [hivemq-platform-operator] [345a6c57] 18:44:30.920 [ReconcilerExecutor-hivemq-controller-65] DEBUG c.h.p.o.h.HiveMQPlatformReconcilerErrorHandler - [helmbrid] Pod 'test-hivemq-platform-0' condition 'Ready': False
2025-01-30 18:44:30,922 INFO c.h.h.t.HelmChartContainer - [hivemq-test-hivemq-platform] [hivemq-platform-operator] [345a6c57] 18:44:30.920 [ReconcilerExecutor-hivemq-controller-65] DEBUG c.h.p.o.h.HiveMQPlatformReconcilerErrorHandler - [helmbrid] Pod 'test-hivemq-platform-0' condition 'ContainersReady': False
2025-01-30 18:44:30,922 INFO c.h.h.t.HelmChartContainer - [hivemq-test-hivemq-platform] [hivemq-platform-operator] [345a6c57] 18:44:30.920 [ReconcilerExecutor-hivemq-controller-65] DEBUG c.h.p.o.h.HiveMQPlatformReconcilerErrorHandler - [helmbrid] Pod 'test-hivemq-platform-0' condition 'PodScheduled': True
2025-01-30 18:44:30,922 INFO c.h.h.t.HelmChartContainer - [hivemq-test-hivemq-platform] [hivemq-platform-operator] [345a6c57] 18:44:30.920 [ReconcilerExecutor-hivemq-controller-65] DEBUG c.h.p.o.h.HiveMQPlatformReconcilerErrorHandler - [helmbrid] Pod 'test-hivemq-platform-0' containerStatus 'hivemq' (started: false) (ready: false) (waiting: [PodInitializing] null)
2025-01-30 18:44:30,924 INFO c.h.h.t.HelmChartContainer - [hivemq-test-hivemq-platform] [hivemq-platform-operator] [345a6c57] 18:44:30.923 [ReconcilerExecutor-hivemq-controller-65] INFO  c.h.p.o.h.HiveMQPlatformReconcilerBaseHandler - [helmbrid] HiveMQ Platform is starting, 0 of 1 replicas are ready
2025-01-30 18:44:31,015 INFO c.h.h.t.HelmChartContainer - [hivemq-test-hivemq-platform] [hivemq-platform-operator] [345a6c57] 18:44:31.009 [pool-6-thread-22] DEBUG c.h.p.o.d.PlatformServiceResource - [helmbrid] Desired Platform services (3 services)
2025-01-30 18:44:31,015 INFO c.h.h.t.HelmChartContainer - [hivemq-test-hivemq-platform] [hivemq-platform-operator] [345a6c57] 18:44:31.012 [pool-6-thread-23] DEBUG c.h.p.o.dependants.PodInfoConfigMap - [helmbrid] Desired PodInfo ConfigMap (1 extensions) (1 enabled)
2025-01-30 18:44:31,015 INFO c.h.h.t.HelmChartContainer - [hivemq-test-hivemq-platform] [hivemq-platform-operator] [345a6c57] 18:44:31.012 [pool-6-thread-23] DEBUG c.h.p.o.dependants.PodInfoConfigMap - [helmbrid] Desired PodInfo ConfigMap (metrics port: 9399) (metrics path: /)
2025-01-30 18:44:31,015 INFO c.h.h.t.HelmChartContainer - [hivemq-test-hivemq-platform] [hivemq-platform-operator] [345a6c57] 18:44:31.012 [pool-6-thread-23] DEBUG c.h.p.o.dependants.PodInfoConfigMap - [helmbrid] Desired PodInfo ConfigMap (extension state hash: -1957031930)
2025-01-30 18:44:31,018 INFO c.h.h.t.HelmChartContainer - [hivemq-test-hivemq-platform] [hivemq-platform-operator] [345a6c57] 18:44:31.017 [pool-6-thread-27] DEBUG c.h.p.o.d.PodServiceAccountResource - [helmbrid] Desired PodServiceAccountResource (serviceAccountName: hivemq-platform-pod-test-hivemq-platform)
2025-01-30 18:44:31,113 INFO c.h.h.t.HelmChartContainer - [hivemq-test-hivemq-platform] [hivemq-platform-operator] [345a6c57] 18:44:31.111 [pool-6-thread-30] DEBUG c.h.p.o.d.StatefulSetResource - [helmbrid] Desired StatefulSet (1 replicas) for status STARTING (READY)
2025-01-30 18:44:31,122 INFO c.h.h.t.HelmChartContainer - [hivemq-test-hivemq-platform] [hivemq-platform-operator] [345a6c57] 18:44:31.121 [ReconcilerExecutor-hivemq-controller-76] INFO  c.h.p.o.HiveMQPlatformReconciler - [helmbrid] Reconciling HiveMQ Platform 'test-hivemq-platform' in namespace 'helmbridgeextensionit'
2025-01-30 18:44:31,122 INFO c.h.h.t.HelmChartContainer - [hivemq-test-hivemq-platform] [hivemq-platform-operator] [345a6c57] 18:44:31.121 [ReconcilerExecutor-hivemq-controller-76] DEBUG c.h.p.o.HiveMQPlatformReconciler - [helmbrid] Custom Resource Status STARTING - HiveMQ Platform is starting (READY)
2025-01-30 18:44:31,122 INFO c.h.h.t.HelmChartContainer - [hivemq-test-hivemq-platform] [hivemq-platform-operator] [345a6c57] 18:44:31.121 [ReconcilerExecutor-hivemq-controller-76] DEBUG c.h.p.o.HiveMQPlatformReconciler - [helmbrid] Custom Resource Spec (replicas: 1) (extensions: 1)
2025-01-30 18:44:31,128 INFO c.h.h.t.HelmChartContainer - [hivemq-test-hivemq-platform] [hivemq-platform-operator] [345a6c57] 18:44:31.126 [ReconcilerExecutor-hivemq-controller-76] DEBUG c.h.p.o.HiveMQPlatformReconciler - [helmbrid] StatefulSet Status (revision: test-hivemq-platform-6d7b96669f, replicas: 1, available: 0, ready: 0, current: 1, updated: 1)
2025-01-30 18:44:31,128 INFO c.h.h.t.HelmChartContainer - [hivemq-test-hivemq-platform] [hivemq-platform-operator] [345a6c57] 18:44:31.126 [ReconcilerExecutor-hivemq-controller-76] DEBUG c.h.p.o.HiveMQPlatformReconciler - [helmbrid] StatefulSet Spec (replicas: 1, init containers: 1, containers: 1, volumes: 4)
2025-01-30 18:44:31,129 INFO c.h.h.t.HelmChartContainer - [hivemq-test-hivemq-platform] [hivemq-platform-operator] [345a6c57] 18:44:31.128 [ReconcilerExecutor-hivemq-controller-76] DEBUG c.h.p.o.h.HiveMQPlatformReconcilerErrorHandler - [helmbrid] Pod 'test-hivemq-platform-0' phase Pending
2025-01-30 18:44:31,142 INFO c.h.h.t.HelmChartContainer - [EVENT] Normal [Pulled] Container image "docker.io/hivemq/hivemq-platform-operator-init-test:snapshot" already present on machine [helmbridgeextensionit:test-hivemq-platform-0]
2025-01-30 18:44:31,208 INFO c.h.h.t.HelmChartContainer - [hivemq-test-hivemq-platform] [hivemq-platform-operator] [345a6c57] 18:44:31.206 [ReconcilerExecutor-hivemq-controller-76] DEBUG c.h.p.o.h.HiveMQPlatformReconcilerErrorHandler - [helmbrid] Pod 'test-hivemq-platform-0' condition 'PodReadyToStartContainers': False
2025-01-30 18:44:31,208 INFO c.h.h.t.HelmChartContainer - [hivemq-test-hivemq-platform] [hivemq-platform-operator] [345a6c57] 18:44:31.206 [ReconcilerExecutor-hivemq-controller-76] DEBUG c.h.p.o.h.HiveMQPlatformReconcilerErrorHandler - [helmbrid] Pod 'test-hivemq-platform-0' condition 'Initialized': False
2025-01-30 18:44:31,208 INFO c.h.h.t.HelmChartContainer - [hivemq-test-hivemq-platform] [hivemq-platform-operator] [345a6c57] 18:44:31.206 [ReconcilerExecutor-hivemq-controller-76] DEBUG c.h.p.o.h.HiveMQPlatformReconcilerErrorHandler - [helmbrid] Pod 'test-hivemq-platform-0' condition 'Ready': False
2025-01-30 18:44:31,208 INFO c.h.h.t.HelmChartContainer - [hivemq-test-hivemq-platform] [hivemq-platform-operator] [345a6c57] 18:44:31.206 [ReconcilerExecutor-hivemq-controller-76] DEBUG c.h.p.o.h.HiveMQPlatformReconcilerErrorHandler - [helmbrid] Pod 'test-hivemq-platform-0' condition 'ContainersReady': False
2025-01-30 18:44:31,208 INFO c.h.h.t.HelmChartContainer - [hivemq-test-hivemq-platform] [hivemq-platform-operator] [345a6c57] 18:44:31.206 [ReconcilerExecutor-hivemq-controller-76] DEBUG c.h.p.o.h.HiveMQPlatformReconcilerErrorHandler - [helmbrid] Pod 'test-hivemq-platform-0' condition 'PodScheduled': True
2025-01-30 18:44:31,208 INFO c.h.h.t.HelmChartContainer - [hivemq-test-hivemq-platform] [hivemq-platform-operator] [345a6c57] 18:44:31.206 [ReconcilerExecutor-hivemq-controller-76] DEBUG c.h.p.o.h.HiveMQPlatformReconcilerErrorHandler - [helmbrid] Pod 'test-hivemq-platform-0' containerStatus 'hivemq' (started: false) (ready: false) (waiting: [PodInitializing] null)
2025-01-30 18:44:31,210 INFO c.h.h.t.HelmChartContainer - [hivemq-test-hivemq-platform] [hivemq-platform-operator] [345a6c57] 18:44:31.208 [ReconcilerExecutor-hivemq-controller-76] INFO  c.h.p.o.h.HiveMQPlatformReconcilerBaseHandler - [helmbrid] HiveMQ Platform is starting, 0 of 1 replicas are ready
2025-01-30 18:44:31,290 INFO c.h.h.t.HelmChartContainer - [EVENT] Normal [Created] Created container: hivemq-platform-operator-init [helmbridgeextensionit:test-hivemq-platform-0]
2025-01-30 18:44:31,335 INFO c.h.h.t.HelmChartContainer - [EVENT] Normal [Started] Started container hivemq-platform-operator-init [helmbridgeextensionit:test-hivemq-platform-0]
2025-01-30 18:44:31,505 INFO c.h.h.t.HelmChartContainer - [EVENT] Normal [Pulled] Container image "docker.io/hivemq/hivemq4:4.36.0" already present on machine [helmbridgeextensionit:test-hivemq-platform-0]
2025-01-30 18:44:31,505 INFO c.h.h.t.HelmChartContainer - Received Pulled event for container hivemq in pod test-hivemq-platform-0 [080cc476-1224-495a-9ce8-e7e2aa154b9e]
2025-01-30 18:44:31,525 INFO c.h.h.t.HelmChartContainer - [POD] test-hivemq-platform-0 [080cc476-1224-495a-9ce8-e7e2aa154b9e] in helmbridgeextensionit was MODIFIED
2025-01-30 18:44:31,543 INFO c.h.h.t.HelmChartContainer - [hivemq-test-hivemq-platform] [hivemq-platform-operator] [345a6c57] 18:44:31.533 [pool-6-thread-32] DEBUG c.h.p.o.d.PlatformServiceResource - [helmbrid] Desired Platform services (3 services)
2025-01-30 18:44:31,543 INFO c.h.h.t.HelmChartContainer - [hivemq-test-hivemq-platform] [hivemq-platform-operator] [345a6c57] 18:44:31.536 [pool-6-thread-33] DEBUG c.h.p.o.dependants.PodInfoConfigMap - [helmbrid] Desired PodInfo ConfigMap (1 extensions) (1 enabled)
2025-01-30 18:44:31,544 INFO c.h.h.t.HelmChartContainer - [hivemq-test-hivemq-platform] [hivemq-platform-operator] [345a6c57] 18:44:31.536 [pool-6-thread-33] DEBUG c.h.p.o.dependants.PodInfoConfigMap - [helmbrid] Desired PodInfo ConfigMap (metrics port: 9399) (metrics path: /)
2025-01-30 18:44:31,544 INFO c.h.h.t.HelmChartContainer - [hivemq-test-hivemq-platform] [hivemq-platform-operator] [345a6c57] 18:44:31.536 [pool-6-thread-33] DEBUG c.h.p.o.dependants.PodInfoConfigMap - [helmbrid] Desired PodInfo ConfigMap (extension state hash: -1957031930)
2025-01-30 18:44:31,546 INFO c.h.h.t.HelmChartContainer - [hivemq-test-hivemq-platform] [hivemq-platform-operator] [345a6c57] 18:44:31.544 [pool-6-thread-37] DEBUG c.h.p.o.d.PodServiceAccountResource - [helmbrid] Desired PodServiceAccountResource (serviceAccountName: hivemq-platform-pod-test-hivemq-platform)
2025-01-30 18:44:31,625 INFO c.h.h.t.HelmChartContainer - [hivemq-test-hivemq-platform] [hivemq-platform-operator] [345a6c57] 18:44:31.624 [pool-6-thread-40] DEBUG c.h.p.o.d.StatefulSetResource - [helmbrid] Desired StatefulSet (1 replicas) for status STARTING (READY)
2025-01-30 18:44:31,631 INFO c.h.h.t.HelmChartContainer - [hivemq-test-hivemq-platform] [hivemq-platform-operator] [345a6c57] 18:44:31.631 [ReconcilerExecutor-hivemq-controller-87] INFO  c.h.p.o.HiveMQPlatformReconciler - [helmbrid] Reconciling HiveMQ Platform 'test-hivemq-platform' in namespace 'helmbridgeextensionit'
2025-01-30 18:44:31,632 INFO c.h.h.t.HelmChartContainer - [hivemq-test-hivemq-platform] [hivemq-platform-operator] [345a6c57] 18:44:31.632 [ReconcilerExecutor-hivemq-controller-87] DEBUG c.h.p.o.HiveMQPlatformReconciler - [helmbrid] Custom Resource Status STARTING - HiveMQ Platform is starting (READY)
2025-01-30 18:44:31,633 INFO c.h.h.t.HelmChartContainer - [hivemq-test-hivemq-platform] [hivemq-platform-operator] [345a6c57] 18:44:31.632 [ReconcilerExecutor-hivemq-controller-87] DEBUG c.h.p.o.HiveMQPlatformReconciler - [helmbrid] Custom Resource Spec (replicas: 1) (extensions: 1)
2025-01-30 18:44:31,711 INFO c.h.h.t.HelmChartContainer - [hivemq-test-hivemq-platform] [hivemq-platform-operator] [345a6c57] 18:44:31.708 [ReconcilerExecutor-hivemq-controller-87] DEBUG c.h.p.o.HiveMQPlatformReconciler - [helmbrid] StatefulSet Status (revision: test-hivemq-platform-6d7b96669f, replicas: 1, available: 0, ready: 0, current: 1, updated: 1)
2025-01-30 18:44:31,712 INFO c.h.h.t.HelmChartContainer - [hivemq-test-hivemq-platform] [hivemq-platform-operator] [345a6c57] 18:44:31.709 [ReconcilerExecutor-hivemq-controller-87] DEBUG c.h.p.o.HiveMQPlatformReconciler - [helmbrid] StatefulSet Spec (replicas: 1, init containers: 1, containers: 1, volumes: 4)
2025-01-30 18:44:31,713 INFO c.h.h.t.HelmChartContainer - [hivemq-test-hivemq-platform] [hivemq-platform-operator] [345a6c57] 18:44:31.713 [ReconcilerExecutor-hivemq-controller-87] DEBUG c.h.p.o.h.HiveMQPlatformReconcilerErrorHandler - [helmbrid] Pod 'test-hivemq-platform-0' phase Pending
2025-01-30 18:44:31,715 INFO c.h.h.t.HelmChartContainer - [hivemq-test-hivemq-platform] [hivemq-platform-operator] [345a6c57] 18:44:31.713 [ReconcilerExecutor-hivemq-controller-87] DEBUG c.h.p.o.h.HiveMQPlatformReconcilerErrorHandler - [helmbrid] Pod 'test-hivemq-platform-0' condition 'PodReadyToStartContainers': True
2025-01-30 18:44:31,715 INFO c.h.h.t.HelmChartContainer - [hivemq-test-hivemq-platform] [hivemq-platform-operator] [345a6c57] 18:44:31.713 [ReconcilerExecutor-hivemq-controller-87] DEBUG c.h.p.o.h.HiveMQPlatformReconcilerErrorHandler - [helmbrid] Pod 'test-hivemq-platform-0' condition 'Initialized': True
2025-01-30 18:44:31,715 INFO c.h.h.t.HelmChartContainer - [hivemq-test-hivemq-platform] [hivemq-platform-operator] [345a6c57] 18:44:31.713 [ReconcilerExecutor-hivemq-controller-87] DEBUG c.h.p.o.h.HiveMQPlatformReconcilerErrorHandler - [helmbrid] Pod 'test-hivemq-platform-0' condition 'Ready': False
2025-01-30 18:44:31,715 INFO c.h.h.t.HelmChartContainer - [hivemq-test-hivemq-platform] [hivemq-platform-operator] [345a6c57] 18:44:31.713 [ReconcilerExecutor-hivemq-controller-87] DEBUG c.h.p.o.h.HiveMQPlatformReconcilerErrorHandler - [helmbrid] Pod 'test-hivemq-platform-0' condition 'ContainersReady': False
2025-01-30 18:44:31,715 INFO c.h.h.t.HelmChartContainer - [hivemq-test-hivemq-platform] [hivemq-platform-operator] [345a6c57] 18:44:31.713 [ReconcilerExecutor-hivemq-controller-87] DEBUG c.h.p.o.h.HiveMQPlatformReconcilerErrorHandler - [helmbrid] Pod 'test-hivemq-platform-0' condition 'PodScheduled': True
2025-01-30 18:44:31,715 INFO c.h.h.t.HelmChartContainer - [hivemq-test-hivemq-platform] [hivemq-platform-operator] [345a6c57] 18:44:31.713 [ReconcilerExecutor-hivemq-controller-87] DEBUG c.h.p.o.h.HiveMQPlatformReconcilerErrorHandler - [helmbrid] Pod 'test-hivemq-platform-0' containerStatus 'hivemq' (started: false) (ready: false) (waiting: [PodInitializing] null)
2025-01-30 18:44:31,716 INFO c.h.h.t.HelmChartContainer - [hivemq-test-hivemq-platform] [hivemq-platform-operator] [345a6c57] 18:44:31.714 [ReconcilerExecutor-hivemq-controller-87] INFO  c.h.p.o.h.HiveMQPlatformReconcilerBaseHandler - [helmbrid] HiveMQ Platform is starting, 0 of 1 replicas are ready
2025-01-30 18:44:33,148 INFO c.h.h.t.HelmChartContainer - [EVENT] Normal [Created] Created container: hivemq [helmbridgeextensionit:test-hivemq-platform-0]
2025-01-30 18:44:33,148 INFO c.h.h.t.HelmChartContainer - Received Created event for container hivemq in pod test-hivemq-platform-0 [080cc476-1224-495a-9ce8-e7e2aa154b9e]
2025-01-30 18:44:33,526 INFO c.h.h.t.HelmChartContainer - [POD] test-hivemq-platform-0 [080cc476-1224-495a-9ce8-e7e2aa154b9e] in helmbridgeextensionit was MODIFIED
2025-01-30 18:44:33,532 INFO c.h.h.t.HelmChartContainer - Started log watcher for hivemq in pod test-hivemq-platform-0 [080cc476-1224-495a-9ce8-e7e2aa154b9e]
2025-01-30 18:44:33,532 INFO c.h.h.t.HelmChartContainer - [test-hivemq-platform] [hivemq] [080cc476] Adding pre-installed HiveMQ Platform Operator extensions
2025-01-30 18:44:33,532 INFO c.h.h.t.HelmChartContainer - [test-hivemq-platform] [hivemq] [080cc476] Running as user 10000
2025-01-30 18:44:33,532 INFO c.h.h.t.HelmChartContainer - [test-hivemq-platform] [hivemq] [080cc476] Starting HiveMQ Platform Operator Init
2025-01-30 18:44:33,532 INFO c.h.h.t.HelmChartContainer - [EVENT] Normal [Started] Started container hivemq [helmbridgeextensionit:test-hivemq-platform-0]
2025-01-30 18:44:33,533 INFO c.h.h.t.HelmChartContainer - Received Started event for container hivemq in pod test-hivemq-platform-0 [080cc476-1224-495a-9ce8-e7e2aa154b9e]
2025-01-30 18:44:33,534 INFO c.h.h.t.HelmChartContainer - [hivemq-test-hivemq-platform] [hivemq-platform-operator] [345a6c57] 18:44:33.533 [pool-6-thread-42] DEBUG c.h.p.o.d.PlatformServiceResource - [helmbrid] Desired Platform services (3 services)
2025-01-30 18:44:33,538 INFO c.h.h.t.HelmChartContainer - [hivemq-test-hivemq-platform] [hivemq-platform-operator] [345a6c57] 18:44:33.535 [pool-6-thread-43] DEBUG c.h.p.o.dependants.PodInfoConfigMap - [helmbrid] Desired PodInfo ConfigMap (1 extensions) (1 enabled)
2025-01-30 18:44:33,538 INFO c.h.h.t.HelmChartContainer - [hivemq-test-hivemq-platform] [hivemq-platform-operator] [345a6c57] 18:44:33.535 [pool-6-thread-43] DEBUG c.h.p.o.dependants.PodInfoConfigMap - [helmbrid] Desired PodInfo ConfigMap (metrics port: 9399) (metrics path: /)
2025-01-30 18:44:33,538 INFO c.h.h.t.HelmChartContainer - [hivemq-test-hivemq-platform] [hivemq-platform-operator] [345a6c57] 18:44:33.535 [pool-6-thread-43] DEBUG c.h.p.o.dependants.PodInfoConfigMap - [helmbrid] Desired PodInfo ConfigMap (extension state hash: -1957031930)
2025-01-30 18:44:33,542 INFO c.h.h.t.HelmChartContainer - [hivemq-test-hivemq-platform] [hivemq-platform-operator] [345a6c57] 18:44:33.540 [pool-6-thread-47] DEBUG c.h.p.o.d.PodServiceAccountResource - [helmbrid] Desired PodServiceAccountResource (serviceAccountName: hivemq-platform-pod-test-hivemq-platform)
2025-01-30 18:44:33,615 INFO c.h.h.t.HelmChartContainer - [hivemq-test-hivemq-platform] [hivemq-platform-operator] [345a6c57] 18:44:33.611 [pool-6-thread-50] DEBUG c.h.p.o.d.StatefulSetResource - [helmbrid] Desired StatefulSet (1 replicas) for status STARTING (READY)
2025-01-30 18:44:33,619 INFO c.h.h.t.HelmChartContainer - [hivemq-test-hivemq-platform] [hivemq-platform-operator] [345a6c57] 18:44:33.616 [ReconcilerExecutor-hivemq-controller-98] INFO  c.h.p.o.HiveMQPlatformReconciler - [helmbrid] Reconciling HiveMQ Platform 'test-hivemq-platform' in namespace 'helmbridgeextensionit'
2025-01-30 18:44:33,619 INFO c.h.h.t.HelmChartContainer - [hivemq-test-hivemq-platform] [hivemq-platform-operator] [345a6c57] 18:44:33.616 [ReconcilerExecutor-hivemq-controller-98] DEBUG c.h.p.o.HiveMQPlatformReconciler - [helmbrid] Custom Resource Status STARTING - HiveMQ Platform is starting (READY)
2025-01-30 18:44:33,619 INFO c.h.h.t.HelmChartContainer - [hivemq-test-hivemq-platform] [hivemq-platform-operator] [345a6c57] 18:44:33.616 [ReconcilerExecutor-hivemq-controller-98] DEBUG c.h.p.o.HiveMQPlatformReconciler - [helmbrid] Custom Resource Spec (replicas: 1) (extensions: 1)
2025-01-30 18:44:33,620 INFO c.h.h.t.HelmChartContainer - [hivemq-test-hivemq-platform] [hivemq-platform-operator] [345a6c57] 18:44:33.619 [ReconcilerExecutor-hivemq-controller-98] DEBUG c.h.p.o.HiveMQPlatformReconciler - [helmbrid] StatefulSet Status (revision: test-hivemq-platform-6d7b96669f, replicas: 1, available: 0, ready: 0, current: 1, updated: 1)
2025-01-30 18:44:33,620 INFO c.h.h.t.HelmChartContainer - [hivemq-test-hivemq-platform] [hivemq-platform-operator] [345a6c57] 18:44:33.619 [ReconcilerExecutor-hivemq-controller-98] DEBUG c.h.p.o.HiveMQPlatformReconciler - [helmbrid] StatefulSet Spec (replicas: 1, init containers: 1, containers: 1, volumes: 4)
2025-01-30 18:44:33,624 INFO c.h.h.t.HelmChartContainer - [hivemq-test-hivemq-platform] [hivemq-platform-operator] [345a6c57] 18:44:33.623 [ReconcilerExecutor-hivemq-controller-98] DEBUG c.h.p.o.h.HiveMQPlatformReconcilerErrorHandler - [helmbrid] Pod 'test-hivemq-platform-0' phase Running
2025-01-30 18:44:33,625 INFO c.h.h.t.HelmChartContainer - [hivemq-test-hivemq-platform] [hivemq-platform-operator] [345a6c57] 18:44:33.624 [ReconcilerExecutor-hivemq-controller-98] INFO  c.h.p.o.h.HiveMQPlatformReconcilerBaseHandler - [helmbrid] HiveMQ Platform is starting, 0 of 1 replicas are ready
2025-01-30 18:44:34,505 INFO c.h.h.t.HelmChartContainer - [test-hivemq-platform] [hivemq] [080cc476] INFO  - [HiveMQ Platform Operator Init 1.7.0-SNAPSHOT] HiveMQ Platform Operator Init 1.7.0-SNAPSHOT (commit: 47e3375 on branch: HEAD) built on Thu Jan 30 03:55:50 UTC 2025
2025-01-30 18:44:35,635 INFO c.h.h.t.HelmChartContainer - [test-hivemq-platform] [hivemq] [080cc476] INFO  - [HiveMQ Platform Operator Init App 1.7.0-SNAPSHOT] Using bind address 10.42.0.8 from environment variable
2025-01-30 18:44:36,617 INFO c.h.h.t.HelmChartContainer - [test-hivemq-platform] [hivemq] [080cc476] INFO  - [HiveMQ Platform Operator Init App 1.7.0-SNAPSHOT] HiveMQ Platform Operator Init App 1.7.0-SNAPSHOT (commit: 47e3375 on branch: HEAD) built on Thu Jan 30 03:55:50 UTC 2025
2025-01-30 18:44:36,617 INFO c.h.h.t.HelmChartContainer - [test-hivemq-platform] [hivemq] [080cc476] INFO  - [HiveMQ Platform Operator Init App 1.7.0-SNAPSHOT] PodInfo ConfigMap directory: /etc/podinfo
2025-01-30 18:44:36,617 INFO c.h.h.t.HelmChartContainer - [test-hivemq-platform] [hivemq] [080cc476] INFO  - [HiveMQ Platform Operator Init App 1.7.0-SNAPSHOT] HiveMQ home directory: /opt/hivemq
2025-01-30 18:44:36,617 INFO c.h.h.t.HelmChartContainer - [test-hivemq-platform] [hivemq] [080cc476] INFO  - [HiveMQ Platform Operator Init App 1.7.0-SNAPSHOT] HiveMQ Logback folder: /opt/hivemq/conf
2025-01-30 18:44:36,617 INFO c.h.h.t.HelmChartContainer - [test-hivemq-platform] [hivemq] [080cc476] INFO  - [HiveMQ Platform Operator Init App 1.7.0-SNAPSHOT] HiveMQ Config folder: /opt/hivemq/conf-k8s
2025-01-30 18:44:36,617 INFO c.h.h.t.HelmChartContainer - [test-hivemq-platform] [hivemq] [080cc476] INFO  - [HiveMQ Platform Operator Init App 1.7.0-SNAPSHOT] Starting HiveMQ Platform Operator Init App
2025-01-30 18:44:36,617 INFO c.h.h.t.HelmChartContainer - [test-hivemq-platform] [hivemq] [080cc476] INFO  - [HiveMQ Platform Operator Init App 1.7.0-SNAPSHOT] Starting Pod reconciler
2025-01-30 18:44:37,919 INFO c.h.h.t.HelmChartContainer - [test-hivemq-platform] [hivemq] [080cc476] INFO  - [HiveMQ Platform Operator Init App 1.7.0-SNAPSHOT] Pod reconciler is scheduled (interval: 5000 ms)
2025-01-30 18:44:37,920 INFO c.h.h.t.HelmChartContainer - [test-hivemq-platform] [hivemq] [080cc476] INFO  - [HiveMQ Platform Operator Init App 1.7.0-SNAPSHOT] Starting the REST API on 10.42.0.8:7979
2025-01-30 18:44:37,923 INFO c.h.h.t.HelmChartContainer - [test-hivemq-platform] [hivemq] [080cc476] INFO  - [HiveMQ Platform Operator Init App 1.7.0-SNAPSHOT] Waiting up to 600s for at most 1 HiveMQ nodes in cluster service hivemq-test-hivemq-platform-cluster.helmbridgeextensionit.svc
2025-01-30 18:44:38,312 INFO c.h.h.t.HelmChartContainer - [test-hivemq-platform] [hivemq] [080cc476] INFO  - [HiveMQ Platform Operator Init App 1.7.0-SNAPSHOT] Resolved 1 IP addresses: [10.42.0.8]
2025-01-30 18:44:38,312 INFO c.h.h.t.HelmChartContainer - [test-hivemq-platform] [hivemq] [080cc476] INFO  - [HiveMQ Platform Operator Init App 1.7.0-SNAPSHOT] HiveMQ node count of 1 is within threshold of 1
2025-01-30 18:44:38,312 INFO c.h.h.t.HelmChartContainer - [test-hivemq-platform] [hivemq] [080cc476] INFO  - [HiveMQ Platform Operator Init App 1.7.0-SNAPSHOT] Proceeding with container start
2025-01-30 18:44:38,406 INFO c.h.h.t.HelmChartContainer - [test-hivemq-platform] [hivemq] [080cc476] INFO  - [HiveMQ Platform Operator Init App 1.7.0-SNAPSHOT] Initializing HiveMQ Platform extensions with initial configuration: {hivemq-bridge-extension={start-priority=-1, skip-https-hostname-verification=false, restart=true, config-version=0, header-version=0, secret-version=778, c-uri=, priority=-1, uri=preinstalled, skip-https-certificate-validation=false, enabled=true}, hivemq-prometheus-extension={request-header-path=no-request-headers, enabled=true, restart=true, priority=-1, start-priority=-1, c-uri=, skip-https-hostname-verification=false, skip-https-certificate-validation=false, uri=preinstalled}}
2025-01-30 18:44:38,812 INFO c.h.h.t.HelmChartContainer - [test-hivemq-platform] [hivemq] [080cc476] INFO  - [HiveMQ Platform Operator Init App 1.7.0-SNAPSHOT] Successfully enabled extension hivemq-bridge-extension
2025-01-30 18:44:38,901 INFO c.h.h.t.HelmChartContainer - [test-hivemq-platform] [hivemq] [080cc476] INFO  - [HiveMQ Platform Operator Init App 1.7.0-SNAPSHOT] Successfully enabled extension hivemq-prometheus-extension
2025-01-30 18:44:38,903 INFO c.h.h.t.HelmChartContainer - [test-hivemq-platform] [hivemq] [080cc476] INFO  - [HiveMQ Platform Operator Init App 1.7.0-SNAPSHOT] Starting HiveMQ Platform version 4.36.0 (4.36.0)
2025-01-30 18:44:38,904 INFO c.h.h.t.HelmChartContainer - [test-hivemq-platform] [hivemq] [080cc476] INFO  - [HiveMQ Platform Operator Init App 1.7.0-SNAPSHOT] Configuring the HiveMQ Platform
2025-01-30 18:44:38,914 INFO c.h.h.t.HelmChartContainer - [test-hivemq-platform] [hivemq] [080cc476] INFO  - [HiveMQ Platform Operator Init App 1.7.0-SNAPSHOT] Changed logback.xml file scan period to 20 seconds
2025-01-30 18:44:39,009 INFO c.h.h.t.HelmChartContainer - [test-hivemq-platform] [hivemq] [080cc476] INFO  - [HiveMQ Platform Operator Init App 1.7.0-SNAPSHOT] Starting the HiveMQ Platform
2025-01-30 18:44:39,012 INFO c.h.h.t.HelmChartContainer - [test-hivemq-platform] [hivemq] [080cc476] -------------------------------------------------------------------------
2025-01-30 18:44:39,012 INFO c.h.h.t.HelmChartContainer - [test-hivemq-platform] [hivemq] [080cc476] 
2025-01-30 18:44:39,012 INFO c.h.h.t.HelmChartContainer - [test-hivemq-platform] [hivemq] [080cc476]                   _    _  _              __  __   ____
2025-01-30 18:44:39,012 INFO c.h.h.t.HelmChartContainer - [test-hivemq-platform] [hivemq] [080cc476]                  | |  | |(_)            |  \/  | / __ \
2025-01-30 18:44:39,012 INFO c.h.h.t.HelmChartContainer - [test-hivemq-platform] [hivemq] [080cc476]                  | |__| | _ __   __ ___ | \  / || |  | |
2025-01-30 18:44:39,012 INFO c.h.h.t.HelmChartContainer - [test-hivemq-platform] [hivemq] [080cc476]                  |  __  || |\ \ / // _ \| |\/| || |  | |
2025-01-30 18:44:39,014 INFO c.h.h.t.HelmChartContainer - [test-hivemq-platform] [hivemq] [080cc476]                  | |  | || | \ V /|  __/| |  | || |__| |
2025-01-30 18:44:39,014 INFO c.h.h.t.HelmChartContainer - [test-hivemq-platform] [hivemq] [080cc476]                  |_|  |_||_|  \_/  \___||_|  |_| \___\_\
2025-01-30 18:44:39,014 INFO c.h.h.t.HelmChartContainer - [test-hivemq-platform] [hivemq] [080cc476] 
2025-01-30 18:44:39,014 INFO c.h.h.t.HelmChartContainer - [test-hivemq-platform] [hivemq] [080cc476] -------------------------------------------------------------------------
2025-01-30 18:44:39,015 INFO c.h.h.t.HelmChartContainer - [test-hivemq-platform] [hivemq] [080cc476] 
2025-01-30 18:44:39,015 INFO c.h.h.t.HelmChartContainer - [test-hivemq-platform] [hivemq] [080cc476]   HiveMQ Start Script for Linux/Unix v1.14
2025-01-30 18:44:39,015 INFO c.h.h.t.HelmChartContainer - [test-hivemq-platform] [hivemq] [080cc476] 
2025-01-30 18:44:39,124 INFO c.h.h.t.HelmChartContainer - [test-hivemq-platform] [hivemq] [080cc476] -------------------------------------------------------------------------
2025-01-30 18:44:39,125 INFO c.h.h.t.HelmChartContainer - [test-hivemq-platform] [hivemq] [080cc476] 
2025-01-30 18:44:39,125 INFO c.h.h.t.HelmChartContainer - [test-hivemq-platform] [hivemq] [080cc476]   HIVEMQ_HOME: /opt/hivemq
2025-01-30 18:44:39,125 INFO c.h.h.t.HelmChartContainer - [test-hivemq-platform] [hivemq] [080cc476] 
2025-01-30 18:44:39,125 INFO c.h.h.t.HelmChartContainer - [test-hivemq-platform] [hivemq] [080cc476]   JAVA_OPTS: -XX:+UnlockExperimentalVMOptions -XX:InitialRAMPercentage=50 -XX:MaxRAMPercentage=50 -Djava.net.preferIPv4Stack=true --add-opens java.base/java.lang=ALL-UNNAMED --add-opens java.base/java.nio=ALL-UNNAMED --add-opens java.base/sun.nio.ch=ALL-UNNAMED --add-opens jdk.management/com.sun.management.internal=ALL-UNNAMED --add-exports java.base/jdk.internal.misc=ALL-UNNAMED -Djava.security.egd=file:/dev/./urandom -Dcom.sun.management.jmxremote -Dcom.sun.management.jmxremote.port=9010 -Dcom.sun.management.jmxremote.local.only=false -Dcom.sun.management.jmxremote.authenticate=false -Dcom.sun.management.jmxremote.ssl=false -Duser.language=en -Duser.region=US -XX:+CrashOnOutOfMemoryError -XX:+HeapDumpOnOutOfMemoryError
2025-01-30 18:44:39,125 INFO c.h.h.t.HelmChartContainer - [test-hivemq-platform] [hivemq] [080cc476] 
2025-01-30 18:44:39,125 INFO c.h.h.t.HelmChartContainer - [test-hivemq-platform] [hivemq] [080cc476]   JAVA_VERSION: 21
2025-01-30 18:44:39,125 INFO c.h.h.t.HelmChartContainer - [test-hivemq-platform] [hivemq] [080cc476] 
2025-01-30 18:44:39,125 INFO c.h.h.t.HelmChartContainer - [test-hivemq-platform] [hivemq] [080cc476] -------------------------------------------------------------------------
2025-01-30 18:44:39,125 INFO c.h.h.t.HelmChartContainer - [test-hivemq-platform] [hivemq] [080cc476] 
2025-01-30 18:44:39,519 INFO c.h.h.t.HelmChartContainer - [test-hivemq-platform] [hivemq] [080cc476] INFO  - [HiveMQ Platform Operator Init App 1.7.0-SNAPSHOT] Returning default Health API response 503 for readiness
2025-01-30 18:44:40,009 INFO c.h.h.t.HelmChartContainer - [EVENT] Warning [Unhealthy] Readiness probe failed: HTTP probe failed with statuscode: 503 [helmbridgeextensionit:test-hivemq-platform-0]
2025-01-30 18:44:40,009 INFO c.h.h.t.HelmChartContainer - Received Unhealthy event for container hivemq in pod test-hivemq-platform-0 [080cc476-1224-495a-9ce8-e7e2aa154b9e]
2025-01-30 18:44:41,903 INFO c.h.h.t.HelmChartContainer - [test-hivemq-platform] [hivemq] [080cc476] INFO  - Starting HiveMQ Enterprise Server
2025-01-30 18:44:41,910 INFO c.h.h.t.HelmChartContainer - [test-hivemq-platform] [hivemq] [080cc476] INFO  - HiveMQ version: 4.36.0
2025-01-30 18:44:41,910 INFO c.h.h.t.HelmChartContainer - [test-hivemq-platform] [hivemq] [080cc476] INFO  - HiveMQ home directory: /opt/hivemq
2025-01-30 18:44:41,910 INFO c.h.h.t.HelmChartContainer - [test-hivemq-platform] [hivemq] [080cc476] INFO  - Log Configuration was overridden by /opt/hivemq/conf/logback.xml
2025-01-30 18:44:43,211 INFO c.h.h.t.HelmChartContainer - [test-hivemq-platform] [hivemq] [080cc476] INFO  - Successfully loaded configuration from '/opt/hivemq/conf-k8s/config.xml'.
2025-01-30 18:44:43,632 INFO c.h.h.t.HelmChartContainer - [hivemq-test-hivemq-platform] [hivemq-platform-operator] [345a6c57] 18:44:43.628 [pool-6-thread-8] DEBUG c.h.p.o.d.PlatformServiceResource - [helmbrid] Desired Platform services (3 services)
2025-01-30 18:44:43,634 INFO c.h.h.t.HelmChartContainer - [hivemq-test-hivemq-platform] [hivemq-platform-operator] [345a6c57] 18:44:43.630 [pool-6-thread-5] DEBUG c.h.p.o.dependants.PodInfoConfigMap - [helmbrid] Desired PodInfo ConfigMap (1 extensions) (1 enabled)
2025-01-30 18:44:43,634 INFO c.h.h.t.HelmChartContainer - [hivemq-test-hivemq-platform] [hivemq-platform-operator] [345a6c57] 18:44:43.630 [pool-6-thread-5] DEBUG c.h.p.o.dependants.PodInfoConfigMap - [helmbrid] Desired PodInfo ConfigMap (metrics port: 9399) (metrics path: /)
2025-01-30 18:44:43,635 INFO c.h.h.t.HelmChartContainer - [hivemq-test-hivemq-platform] [hivemq-platform-operator] [345a6c57] 18:44:43.630 [pool-6-thread-5] DEBUG c.h.p.o.dependants.PodInfoConfigMap - [helmbrid] Desired PodInfo ConfigMap (extension state hash: -1957031930)
2025-01-30 18:44:43,635 INFO c.h.h.t.HelmChartContainer - [hivemq-test-hivemq-platform] [hivemq-platform-operator] [345a6c57] 18:44:43.632 [pool-6-thread-3] DEBUG c.h.p.o.d.PodServiceAccountResource - [helmbrid] Desired PodServiceAccountResource (serviceAccountName: hivemq-platform-pod-test-hivemq-platform)
2025-01-30 18:44:43,639 INFO c.h.h.t.HelmChartContainer - [hivemq-test-hivemq-platform] [hivemq-platform-operator] [345a6c57] 18:44:43.636 [pool-6-thread-5] DEBUG c.h.p.o.d.StatefulSetResource - [helmbrid] Desired StatefulSet (1 replicas) for status STARTING (READY)
2025-01-30 18:44:43,640 INFO c.h.h.t.HelmChartContainer - [hivemq-test-hivemq-platform] [hivemq-platform-operator] [345a6c57] 18:44:43.640 [ReconcilerExecutor-hivemq-controller-109] INFO  c.h.p.o.HiveMQPlatformReconciler - [helmbrid] Reconciling HiveMQ Platform 'test-hivemq-platform' in namespace 'helmbridgeextensionit'
2025-01-30 18:44:43,641 INFO c.h.h.t.HelmChartContainer - [hivemq-test-hivemq-platform] [hivemq-platform-operator] [345a6c57] 18:44:43.640 [ReconcilerExecutor-hivemq-controller-109] DEBUG c.h.p.o.HiveMQPlatformReconciler - [helmbrid] Custom Resource Status STARTING - HiveMQ Platform is starting (READY)
2025-01-30 18:44:43,641 INFO c.h.h.t.HelmChartContainer - [hivemq-test-hivemq-platform] [hivemq-platform-operator] [345a6c57] 18:44:43.640 [ReconcilerExecutor-hivemq-controller-109] DEBUG c.h.p.o.HiveMQPlatformReconciler - [helmbrid] Custom Resource Spec (replicas: 1) (extensions: 1)
2025-01-30 18:44:43,643 INFO c.h.h.t.HelmChartContainer - [hivemq-test-hivemq-platform] [hivemq-platform-operator] [345a6c57] 18:44:43.643 [ReconcilerExecutor-hivemq-controller-109] DEBUG c.h.p.o.HiveMQPlatformReconciler - [helmbrid] StatefulSet Status (revision: test-hivemq-platform-6d7b96669f, replicas: 1, available: 0, ready: 0, current: 1, updated: 1)
2025-01-30 18:44:43,643 INFO c.h.h.t.HelmChartContainer - [hivemq-test-hivemq-platform] [hivemq-platform-operator] [345a6c57] 18:44:43.643 [ReconcilerExecutor-hivemq-controller-109] DEBUG c.h.p.o.HiveMQPlatformReconciler - [helmbrid] StatefulSet Spec (replicas: 1, init containers: 1, containers: 1, volumes: 4)
2025-01-30 18:44:43,646 INFO c.h.h.t.HelmChartContainer - [hivemq-test-hivemq-platform] [hivemq-platform-operator] [345a6c57] 18:44:43.645 [ReconcilerExecutor-hivemq-controller-109] DEBUG c.h.p.o.h.HiveMQPlatformReconcilerErrorHandler - [helmbrid] Pod 'test-hivemq-platform-0' phase Running
2025-01-30 18:44:43,646 INFO c.h.h.t.HelmChartContainer - [hivemq-test-hivemq-platform] [hivemq-platform-operator] [345a6c57] 18:44:43.646 [ReconcilerExecutor-hivemq-controller-109] INFO  c.h.p.o.h.HiveMQPlatformReconcilerBaseHandler - [helmbrid] HiveMQ Platform is starting, 0 of 1 replicas are ready
2025-01-30 18:44:44,004 INFO c.h.h.t.HelmChartContainer - [test-hivemq-platform] [hivemq] [080cc476] INFO  - This node's ID is xjJUM
2025-01-30 18:44:44,004 INFO c.h.h.t.HelmChartContainer - [test-hivemq-platform] [hivemq] [080cc476] INFO  - Clustering is enabled
2025-01-30 18:44:45,106 INFO c.h.h.t.HelmChartContainer - [test-hivemq-platform] [hivemq] [080cc476] WARN  - [HiveMQ Platform Operator Init App 1.7.0-SNAPSHOT] Cannot connect to Health API for readiness: null
2025-01-30 18:44:45,116 INFO c.h.h.t.HelmChartContainer - [EVENT] Warning [Unhealthy] Readiness probe failed: HTTP probe failed with statuscode: 503 [helmbridgeextensionit:test-hivemq-platform-0]
2025-01-30 18:44:45,116 INFO c.h.h.t.HelmChartContainer - Received Unhealthy event for container hivemq in pod test-hivemq-platform-0 [080cc476-1224-495a-9ce8-e7e2aa154b9e]
2025-01-30 18:44:49,300 INFO c.h.h.t.HelmChartContainer - [test-hivemq-platform] [hivemq] [080cc476] Jan 30, 2025 6:44:49 PM io.vertx.core.impl.BlockedThreadChecker
2025-01-30 18:44:49,301 INFO c.h.h.t.HelmChartContainer - [test-hivemq-platform] [hivemq] [080cc476] WARNING: Thread Thread[vert.x-eventloop-thread-1,5,main] has been blocked for 2595 ms, time limit is 2000 ms
2025-01-30 18:44:49,611 INFO c.h.h.t.HelmChartContainer - [test-hivemq-platform] [hivemq] [080cc476] WARN  - [HiveMQ Platform Operator Init App 1.7.0-SNAPSHOT] Cannot connect to Health API for readiness: null
2025-01-30 18:44:49,616 INFO c.h.h.t.HelmChartContainer - [EVENT] Warning [Unhealthy] Readiness probe failed: HTTP probe failed with statuscode: 503 [helmbridgeextensionit:test-hivemq-platform-0]
2025-01-30 18:44:49,616 INFO c.h.h.t.HelmChartContainer - Received Unhealthy event for container hivemq in pod test-hivemq-platform-0 [080cc476-1224-495a-9ce8-e7e2aa154b9e]
2025-01-30 18:44:50,212 INFO c.h.h.t.HelmChartContainer - [test-hivemq-platform] [hivemq] [080cc476] Jan 30, 2025 6:44:50 PM io.vertx.core.impl.BlockedThreadChecker
2025-01-30 18:44:50,212 INFO c.h.h.t.HelmChartContainer - [test-hivemq-platform] [hivemq] [080cc476] WARNING: Thread Thread[vert.x-eventloop-thread-1,5,main] has been blocked for 3598 ms, time limit is 2000 ms
2025-01-30 18:44:50,807 INFO c.h.h.t.HelmChartContainer - [test-hivemq-platform] [hivemq] [080cc476] INFO  - [HiveMQ Platform Operator Init App 1.7.0-SNAPSHOT] Updating Pod HiveMQ Platform Operator Init App version annotation (version: 1.7.0-SNAPSHOT)
2025-01-30 18:44:51,723 INFO c.h.h.t.HelmChartContainer - [POD] test-hivemq-platform-0 [080cc476-1224-495a-9ce8-e7e2aa154b9e] in helmbridgeextensionit was MODIFIED
2025-01-30 18:44:51,731 INFO c.h.h.t.HelmChartContainer - [hivemq-test-hivemq-platform] [hivemq-platform-operator] [345a6c57] 18:44:51.728 [pool-6-thread-16] DEBUG c.h.p.o.d.PlatformServiceResource - [helmbrid] Desired Platform services (3 services)
2025-01-30 18:44:51,732 INFO c.h.h.t.HelmChartContainer - [hivemq-test-hivemq-platform] [hivemq-platform-operator] [345a6c57] 18:44:51.730 [pool-6-thread-19] DEBUG c.h.p.o.d.PodServiceAccountResource - [helmbrid] Desired PodServiceAccountResource (serviceAccountName: hivemq-platform-pod-test-hivemq-platform)
2025-01-30 18:44:51,733 INFO c.h.h.t.HelmChartContainer - [hivemq-test-hivemq-platform] [hivemq-platform-operator] [345a6c57] 18:44:51.731 [pool-6-thread-15] DEBUG c.h.p.o.dependants.PodInfoConfigMap - [helmbrid] Desired PodInfo ConfigMap (1 extensions) (1 enabled)
2025-01-30 18:44:51,734 INFO c.h.h.t.HelmChartContainer - [hivemq-test-hivemq-platform] [hivemq-platform-operator] [345a6c57] 18:44:51.731 [pool-6-thread-15] DEBUG c.h.p.o.dependants.PodInfoConfigMap - [helmbrid] Desired PodInfo ConfigMap (metrics port: 9399) (metrics path: /)
2025-01-30 18:44:51,734 INFO c.h.h.t.HelmChartContainer - [hivemq-test-hivemq-platform] [hivemq-platform-operator] [345a6c57] 18:44:51.731 [pool-6-thread-15] DEBUG c.h.p.o.dependants.PodInfoConfigMap - [helmbrid] Desired PodInfo ConfigMap (extension state hash: -1957031930)
2025-01-30 18:44:51,741 INFO c.h.h.t.HelmChartContainer - [hivemq-test-hivemq-platform] [hivemq-platform-operator] [345a6c57] 18:44:51.738 [pool-6-thread-16] DEBUG c.h.p.o.d.StatefulSetResource - [helmbrid] Desired StatefulSet (1 replicas) for status STARTING (READY)
2025-01-30 18:44:51,808 INFO c.h.h.t.HelmChartContainer - [test-hivemq-platform] [hivemq] [080cc476] WARN  - [HiveMQ Platform Operator Init App 1.7.0-SNAPSHOT] Cannot connect to Health API for readiness: null
2025-01-30 18:44:51,816 INFO c.h.h.t.HelmChartContainer - [hivemq-test-hivemq-platform] [hivemq-platform-operator] [345a6c57] 18:44:51.812 [ReconcilerExecutor-hivemq-controller-110] INFO  c.h.p.o.HiveMQPlatformReconciler - [helmbrid] Reconciling HiveMQ Platform 'test-hivemq-platform' in namespace 'helmbridgeextensionit'
2025-01-30 18:44:51,816 INFO c.h.h.t.HelmChartContainer - [hivemq-test-hivemq-platform] [hivemq-platform-operator] [345a6c57] 18:44:51.813 [ReconcilerExecutor-hivemq-controller-110] DEBUG c.h.p.o.HiveMQPlatformReconciler - [helmbrid] Custom Resource Status STARTING - HiveMQ Platform is starting (READY)
2025-01-30 18:44:51,816 INFO c.h.h.t.HelmChartContainer - [hivemq-test-hivemq-platform] [hivemq-platform-operator] [345a6c57] 18:44:51.813 [ReconcilerExecutor-hivemq-controller-110] DEBUG c.h.p.o.HiveMQPlatformReconciler - [helmbrid] Custom Resource Spec (replicas: 1) (extensions: 1)
2025-01-30 18:44:51,817 INFO c.h.h.t.HelmChartContainer - [EVENT] Warning [Unhealthy] Readiness probe failed: HTTP probe failed with statuscode: 503 [helmbridgeextensionit:test-hivemq-platform-0]
2025-01-30 18:44:51,817 INFO c.h.h.t.HelmChartContainer - Received Unhealthy event for container hivemq in pod test-hivemq-platform-0 [080cc476-1224-495a-9ce8-e7e2aa154b9e]
2025-01-30 18:44:51,820 INFO c.h.h.t.HelmChartContainer - [hivemq-test-hivemq-platform] [hivemq-platform-operator] [345a6c57] 18:44:51.818 [ReconcilerExecutor-hivemq-controller-110] DEBUG c.h.p.o.HiveMQPlatformReconciler - [helmbrid] StatefulSet Status (revision: test-hivemq-platform-6d7b96669f, replicas: 1, available: 0, ready: 0, current: 1, updated: 1)
2025-01-30 18:44:51,821 INFO c.h.h.t.HelmChartContainer - [hivemq-test-hivemq-platform] [hivemq-platform-operator] [345a6c57] 18:44:51.818 [ReconcilerExecutor-hivemq-controller-110] DEBUG c.h.p.o.HiveMQPlatformReconciler - [helmbrid] StatefulSet Spec (replicas: 1, init containers: 1, containers: 1, volumes: 4)
2025-01-30 18:44:51,821 INFO c.h.h.t.HelmChartContainer - [hivemq-test-hivemq-platform] [hivemq-platform-operator] [345a6c57] 18:44:51.820 [ReconcilerExecutor-hivemq-controller-110] DEBUG c.h.p.o.h.HiveMQPlatformReconcilerErrorHandler - [helmbrid] Pod 'test-hivemq-platform-0' phase Running
2025-01-30 18:44:51,822 INFO c.h.h.t.HelmChartContainer - [hivemq-test-hivemq-platform] [hivemq-platform-operator] [345a6c57] 18:44:51.821 [ReconcilerExecutor-hivemq-controller-110] INFO  c.h.p.o.h.HiveMQPlatformReconcilerBaseHandler - [helmbrid] HiveMQ Platform is starting, 0 of 1 replicas are ready
2025-01-30 18:44:51,905 INFO c.h.h.t.HelmChartContainer - [test-hivemq-platform] [hivemq] [080cc476] INFO  - [HiveMQ Platform Operator Init App 1.7.0-SNAPSHOT] Successfully updated Pod HiveMQ Platform Operator Init App version annotation (version: 1.7.0-SNAPSHOT)
2025-01-30 18:44:56,801 INFO c.h.h.t.HelmChartContainer - [test-hivemq-platform] [hivemq] [080cc476] WARN  - [HiveMQ Platform Operator Init App 1.7.0-SNAPSHOT] Cannot connect to Health API for readiness: null
2025-01-30 18:44:56,806 INFO c.h.h.t.HelmChartContainer - [EVENT] Warning [Unhealthy] Readiness probe failed: HTTP probe failed with statuscode: 503 [helmbridgeextensionit:test-hivemq-platform-0]
2025-01-30 18:44:56,807 INFO c.h.h.t.HelmChartContainer - Received Unhealthy event for container hivemq in pod test-hivemq-platform-0 [080cc476-1224-495a-9ce8-e7e2aa154b9e]
2025-01-30 18:45:01,104 INFO c.h.h.t.HelmChartContainer - [test-hivemq-platform] [hivemq] [080cc476] WARN  - [HiveMQ Platform Operator Init App 1.7.0-SNAPSHOT] Cannot connect to Health API for liveness: null
2025-01-30 18:45:01,105 INFO c.h.h.t.HelmChartContainer - [test-hivemq-platform] [hivemq] [080cc476] INFO  - [HiveMQ Platform Operator Init App 1.7.0-SNAPSHOT] Returning default Health API response 200 for liveness
2025-01-30 18:45:01,804 INFO c.h.h.t.HelmChartContainer - [test-hivemq-platform] [hivemq] [080cc476] WARN  - [HiveMQ Platform Operator Init App 1.7.0-SNAPSHOT] Cannot connect to Health API for readiness: null
2025-01-30 18:45:01,811 INFO c.h.h.t.HelmChartContainer - [EVENT] Warning [Unhealthy] Readiness probe failed: HTTP probe failed with statuscode: 503 [helmbridgeextensionit:test-hivemq-platform-0]
2025-01-30 18:45:01,812 INFO c.h.h.t.HelmChartContainer - Received Unhealthy event for container hivemq in pod test-hivemq-platform-0 [080cc476-1224-495a-9ce8-e7e2aa154b9e]
2025-01-30 18:45:01,828 INFO c.h.h.t.HelmChartContainer - [hivemq-test-hivemq-platform] [hivemq-platform-operator] [345a6c57] 18:45:01.825 [pool-6-thread-27] DEBUG c.h.p.o.d.PlatformServiceResource - [helmbrid] Desired Platform services (3 services)
2025-01-30 18:45:01,828 INFO c.h.h.t.HelmChartContainer - [hivemq-test-hivemq-platform] [hivemq-platform-operator] [345a6c57] 18:45:01.826 [pool-6-thread-22] DEBUG c.h.p.o.dependants.PodInfoConfigMap - [helmbrid] Desired PodInfo ConfigMap (1 extensions) (1 enabled)
2025-01-30 18:45:01,828 INFO c.h.h.t.HelmChartContainer - [hivemq-test-hivemq-platform] [hivemq-platform-operator] [345a6c57] 18:45:01.826 [pool-6-thread-22] DEBUG c.h.p.o.dependants.PodInfoConfigMap - [helmbrid] Desired PodInfo ConfigMap (metrics port: 9399) (metrics path: /)
2025-01-30 18:45:01,828 INFO c.h.h.t.HelmChartContainer - [hivemq-test-hivemq-platform] [hivemq-platform-operator] [345a6c57] 18:45:01.826 [pool-6-thread-22] DEBUG c.h.p.o.dependants.PodInfoConfigMap - [helmbrid] Desired PodInfo ConfigMap (extension state hash: -1957031930)
2025-01-30 18:45:01,830 INFO c.h.h.t.HelmChartContainer - [hivemq-test-hivemq-platform] [hivemq-platform-operator] [345a6c57] 18:45:01.828 [pool-6-thread-26] DEBUG c.h.p.o.d.PodServiceAccountResource - [helmbrid] Desired PodServiceAccountResource (serviceAccountName: hivemq-platform-pod-test-hivemq-platform)
2025-01-30 18:45:01,834 INFO c.h.h.t.HelmChartContainer - [hivemq-test-hivemq-platform] [hivemq-platform-operator] [345a6c57] 18:45:01.833 [pool-6-thread-26] DEBUG c.h.p.o.d.StatefulSetResource - [helmbrid] Desired StatefulSet (1 replicas) for status STARTING (READY)
2025-01-30 18:45:01,911 INFO c.h.h.t.HelmChartContainer - [hivemq-test-hivemq-platform] [hivemq-platform-operator] [345a6c57] 18:45:01.906 [ReconcilerExecutor-hivemq-controller-111] INFO  c.h.p.o.HiveMQPlatformReconciler - [helmbrid] Reconciling HiveMQ Platform 'test-hivemq-platform' in namespace 'helmbridgeextensionit'
2025-01-30 18:45:01,911 INFO c.h.h.t.HelmChartContainer - [hivemq-test-hivemq-platform] [hivemq-platform-operator] [345a6c57] 18:45:01.906 [ReconcilerExecutor-hivemq-controller-111] DEBUG c.h.p.o.HiveMQPlatformReconciler - [helmbrid] Custom Resource Status STARTING - HiveMQ Platform is starting (READY)
2025-01-30 18:45:01,911 INFO c.h.h.t.HelmChartContainer - [hivemq-test-hivemq-platform] [hivemq-platform-operator] [345a6c57] 18:45:01.906 [ReconcilerExecutor-hivemq-controller-111] DEBUG c.h.p.o.HiveMQPlatformReconciler - [helmbrid] Custom Resource Spec (replicas: 1) (extensions: 1)
2025-01-30 18:45:01,914 INFO c.h.h.t.HelmChartContainer - [hivemq-test-hivemq-platform] [hivemq-platform-operator] [345a6c57] 18:45:01.910 [ReconcilerExecutor-hivemq-controller-111] DEBUG c.h.p.o.HiveMQPlatformReconciler - [helmbrid] StatefulSet Status (revision: test-hivemq-platform-6d7b96669f, replicas: 1, available: 0, ready: 0, current: 1, updated: 1)
2025-01-30 18:45:01,914 INFO c.h.h.t.HelmChartContainer - [hivemq-test-hivemq-platform] [hivemq-platform-operator] [345a6c57] 18:45:01.911 [ReconcilerExecutor-hivemq-controller-111] DEBUG c.h.p.o.HiveMQPlatformReconciler - [helmbrid] StatefulSet Spec (replicas: 1, init containers: 1, containers: 1, volumes: 4)
2025-01-30 18:45:01,916 INFO c.h.h.t.HelmChartContainer - [hivemq-test-hivemq-platform] [hivemq-platform-operator] [345a6c57] 18:45:01.913 [ReconcilerExecutor-hivemq-controller-111] DEBUG c.h.p.o.h.HiveMQPlatformReconcilerErrorHandler - [helmbrid] Pod 'test-hivemq-platform-0' phase Running
2025-01-30 18:45:01,917 INFO c.h.h.t.HelmChartContainer - [hivemq-test-hivemq-platform] [hivemq-platform-operator] [345a6c57] 18:45:01.915 [ReconcilerExecutor-hivemq-controller-111] INFO  c.h.p.o.h.HiveMQPlatformReconcilerBaseHandler - [helmbrid] HiveMQ Platform is starting, 0 of 1 replicas are ready
2025-01-30 18:45:04,405 INFO c.h.h.t.HelmChartContainer - [test-hivemq-platform] [hivemq] [080cc476] INFO  - No valid license file found. Using trial license, restricted to 25 connections.
2025-01-30 18:45:06,801 INFO c.h.h.t.HelmChartContainer - [test-hivemq-platform] [hivemq] [080cc476] WARN  - [HiveMQ Platform Operator Init App 1.7.0-SNAPSHOT] Cannot connect to Health API for readiness: null
2025-01-30 18:45:06,808 INFO c.h.h.t.HelmChartContainer - [EVENT] Warning [Unhealthy] Readiness probe failed: HTTP probe failed with statuscode: 503 [helmbridgeextensionit:test-hivemq-platform-0]
2025-01-30 18:45:06,808 INFO c.h.h.t.HelmChartContainer - Received Unhealthy event for container hivemq in pod test-hivemq-platform-0 [080cc476-1224-495a-9ce8-e7e2aa154b9e]
2025-01-30 18:45:07,714 INFO c.h.h.t.HelmChartContainer - [test-hivemq-platform] [hivemq] [080cc476] INFO  - No valid license file for Data Hub found. Using free license, restricted to 1 policy.
2025-01-30 18:45:09,017 INFO c.h.h.t.HelmChartContainer - [test-hivemq-platform] [hivemq] [080cc476] INFO  - Audit Logger started.
2025-01-30 18:45:09,332 INFO c.h.h.t.HelmChartContainer - [test-hivemq-platform] [hivemq] [080cc476] INFO  - This node uses '1' CPU cores.
2025-01-30 18:45:09,337 INFO c.h.h.t.HelmChartContainer - [test-hivemq-platform] [hivemq] [080cc476] INFO  - Starting HiveMQ Health API on address 0.0.0.0 and port 8889
2025-01-30 18:45:10,217 INFO c.h.h.t.HelmChartContainer - [test-hivemq-platform] [hivemq] [080cc476] INFO  - Started HiveMQ Health API in 880ms
2025-01-30 18:45:10,805 INFO c.h.h.t.HelmChartContainer - [test-hivemq-platform] [hivemq] [080cc476] INFO  - Starting HiveMQ extension system.
2025-01-30 18:45:11,921 INFO c.h.h.t.HelmChartContainer - [hivemq-test-hivemq-platform] [hivemq-platform-operator] [345a6c57] 18:45:11.920 [pool-6-thread-32] DEBUG c.h.p.o.d.PlatformServiceResource - [helmbrid] Desired Platform services (3 services)
2025-01-30 18:45:11,923 INFO c.h.h.t.HelmChartContainer - [hivemq-test-hivemq-platform] [hivemq-platform-operator] [345a6c57] 18:45:11.922 [pool-6-thread-38] DEBUG c.h.p.o.d.PodServiceAccountResource - [helmbrid] Desired PodServiceAccountResource (serviceAccountName: hivemq-platform-pod-test-hivemq-platform)
2025-01-30 18:45:11,925 INFO c.h.h.t.HelmChartContainer - [hivemq-test-hivemq-platform] [hivemq-platform-operator] [345a6c57] 18:45:11.924 [pool-6-thread-35] DEBUG c.h.p.o.dependants.PodInfoConfigMap - [helmbrid] Desired PodInfo ConfigMap (1 extensions) (1 enabled)
2025-01-30 18:45:11,926 INFO c.h.h.t.HelmChartContainer - [hivemq-test-hivemq-platform] [hivemq-platform-operator] [345a6c57] 18:45:11.925 [pool-6-thread-35] DEBUG c.h.p.o.dependants.PodInfoConfigMap - [helmbrid] Desired PodInfo ConfigMap (metrics port: 9399) (metrics path: /)
2025-01-30 18:45:11,927 INFO c.h.h.t.HelmChartContainer - [hivemq-test-hivemq-platform] [hivemq-platform-operator] [345a6c57] 18:45:11.925 [pool-6-thread-35] DEBUG c.h.p.o.dependants.PodInfoConfigMap - [helmbrid] Desired PodInfo ConfigMap (extension state hash: -1957031930)
2025-01-30 18:45:11,930 INFO c.h.h.t.HelmChartContainer - [hivemq-test-hivemq-platform] [hivemq-platform-operator] [345a6c57] 18:45:11.928 [pool-6-thread-35] DEBUG c.h.p.o.d.StatefulSetResource - [helmbrid] Desired StatefulSet (1 replicas) for status STARTING (READY)
2025-01-30 18:45:11,932 INFO c.h.h.t.HelmChartContainer - [hivemq-test-hivemq-platform] [hivemq-platform-operator] [345a6c57] 18:45:11.931 [ReconcilerExecutor-hivemq-controller-112] INFO  c.h.p.o.HiveMQPlatformReconciler - [helmbrid] Reconciling HiveMQ Platform 'test-hivemq-platform' in namespace 'helmbridgeextensionit'
2025-01-30 18:45:11,932 INFO c.h.h.t.HelmChartContainer - [hivemq-test-hivemq-platform] [hivemq-platform-operator] [345a6c57] 18:45:11.932 [ReconcilerExecutor-hivemq-controller-112] DEBUG c.h.p.o.HiveMQPlatformReconciler - [helmbrid] Custom Resource Status STARTING - HiveMQ Platform is starting (READY)
2025-01-30 18:45:11,932 INFO c.h.h.t.HelmChartContainer - [hivemq-test-hivemq-platform] [hivemq-platform-operator] [345a6c57] 18:45:11.932 [ReconcilerExecutor-hivemq-controller-112] DEBUG c.h.p.o.HiveMQPlatformReconciler - [helmbrid] Custom Resource Spec (replicas: 1) (extensions: 1)
2025-01-30 18:45:11,934 INFO c.h.h.t.HelmChartContainer - [hivemq-test-hivemq-platform] [hivemq-platform-operator] [345a6c57] 18:45:11.933 [ReconcilerExecutor-hivemq-controller-112] DEBUG c.h.p.o.HiveMQPlatformReconciler - [helmbrid] StatefulSet Status (revision: test-hivemq-platform-6d7b96669f, replicas: 1, available: 0, ready: 0, current: 1, updated: 1)
2025-01-30 18:45:11,934 INFO c.h.h.t.HelmChartContainer - [hivemq-test-hivemq-platform] [hivemq-platform-operator] [345a6c57] 18:45:11.933 [ReconcilerExecutor-hivemq-controller-112] DEBUG c.h.p.o.HiveMQPlatformReconciler - [helmbrid] StatefulSet Spec (replicas: 1, init containers: 1, containers: 1, volumes: 4)
2025-01-30 18:45:11,936 INFO c.h.h.t.HelmChartContainer - [hivemq-test-hivemq-platform] [hivemq-platform-operator] [345a6c57] 18:45:11.935 [ReconcilerExecutor-hivemq-controller-112] DEBUG c.h.p.o.h.HiveMQPlatformReconcilerErrorHandler - [helmbrid] Pod 'test-hivemq-platform-0' phase Running
2025-01-30 18:45:11,936 INFO c.h.h.t.HelmChartContainer - [hivemq-test-hivemq-platform] [hivemq-platform-operator] [345a6c57] 18:45:11.936 [ReconcilerExecutor-hivemq-controller-112] INFO  c.h.p.o.h.HiveMQPlatformReconcilerBaseHandler - [helmbrid] HiveMQ Platform is starting, 0 of 1 replicas are ready
2025-01-30 18:45:12,768 INFO c.h.h.t.HelmChartContainer - [EVENT] Warning [Unhealthy] Readiness probe failed: Get "http://10.42.0.8:7979/readiness": context deadline exceeded (Client.Timeout exceeded while awaiting headers) [helmbridgeextensionit:test-hivemq-platform-0]
2025-01-30 18:45:12,768 INFO c.h.h.t.HelmChartContainer - Received Unhealthy event for container hivemq in pod test-hivemq-platform-0 [080cc476-1224-495a-9ce8-e7e2aa154b9e]
2025-01-30 18:45:12,907 INFO c.h.h.t.HelmChartContainer - [test-hivemq-platform] [hivemq] [080cc476] INFO  - [HiveMQ Platform Operator Init App 1.7.0-SNAPSHOT] Returning Health API response 503 for readiness
2025-01-30 18:45:13,690 INFO c.h.h.t.HelmChartContainer - [test-hivemq-platform] [hivemq] [080cc476] INFO  - No license found for enterprise extension with name "HiveMQ Enterprise Bridge Extension". Entering extension trial mode. "HiveMQ Enterprise Bridge Extension" will be disabled in 5 hours.
2025-01-30 18:45:13,902 INFO c.h.h.t.HelmChartContainer - [test-hivemq-platform] [hivemq] [080cc476] INFO  - Starting extension with id "hivemq-dns-cluster-discovery" at /opt/hivemq/extensions/hivemq-dns-cluster-discovery
2025-01-30 18:45:14,311 INFO c.h.h.t.HelmChartContainer - [test-hivemq-platform] [hivemq] [080cc476] INFO  - Using TCP cluster transport on address 10.42.0.8 and port 7000
2025-01-30 18:45:14,315 INFO c.h.h.t.HelmChartContainer - [test-hivemq-platform] [hivemq] [080cc476] INFO  - Using extension cluster discovery
2025-01-30 18:45:14,503 INFO c.h.h.t.HelmChartContainer - [test-hivemq-platform] [hivemq] [080cc476] INFO  - Extension "DNS Cluster Discovery Extension" version 4.3.2 started successfully.
2025-01-30 18:45:14,503 INFO c.h.h.t.HelmChartContainer - [test-hivemq-platform] [hivemq] [080cc476] INFO  - Starting extension with id "hivemq-bridge-extension" at /opt/hivemq/extensions/hivemq-bridge-extension
2025-01-30 18:45:15,401 INFO c.h.h.t.HelmChartContainer - [test-hivemq-platform] [hivemq] [080cc476] INFO  - HiveMQ Enterprise Bridge Extension: Successfully loaded configuration from '/opt/hivemq/extensions/hivemq-bridge-extension/conf/config.xml'.
2025-01-30 18:45:16,003 INFO c.h.h.t.HelmChartContainer - [test-hivemq-platform] [hivemq] [080cc476] INFO  - Bridge Extension: Connecting to remote brokers...
2025-01-30 18:45:16,512 INFO c.h.h.t.HelmChartContainer - [test-hivemq-platform] [hivemq] [080cc476] INFO  - Bridge Extension: Connected to bridge 'testbridge', session present 'false'.
2025-01-30 18:45:16,513 INFO c.h.h.t.HelmChartContainer - [test-hivemq-platform] [hivemq] [080cc476] INFO  - Bridge Extension: Connected to bridge 'testbridge', session present 'false'.
2025-01-30 18:45:16,699 INFO c.h.h.t.HelmChartContainer - [test-hivemq-platform] [hivemq] [080cc476] WARN  - Node is waiting for an operational cluster member
2025-01-30 18:45:16,735 INFO c.h.h.t.HelmChartContainer - [EVENT] Warning [Unhealthy] Readiness probe failed: HTTP probe failed with statuscode: 503 [helmbridgeextensionit:test-hivemq-platform-0]
2025-01-30 18:45:16,735 INFO c.h.h.t.HelmChartContainer - Received Unhealthy event for container hivemq in pod test-hivemq-platform-0 [080cc476-1224-495a-9ce8-e7e2aa154b9e]
2025-01-30 18:45:17,691 INFO c.h.h.t.HelmChartContainer - [test-hivemq-platform] [hivemq] [080cc476] INFO  - xjJUM: no members discovered after 2788 ms: creating cluster as first member
2025-01-30 18:45:17,699 INFO c.h.h.t.HelmChartContainer - [test-hivemq-platform] [hivemq] [080cc476] INFO  - Cluster nodes found by discovery: [xjJUM|0] (1) [xjJUM].
2025-01-30 18:45:17,903 INFO c.h.h.t.HelmChartContainer - [test-hivemq-platform] [hivemq] [080cc476] INFO  - Extension "HiveMQ Enterprise Bridge Extension" version 4.36.0 started successfully.
2025-01-30 18:45:17,903 INFO c.h.h.t.HelmChartContainer - [test-hivemq-platform] [hivemq] [080cc476] INFO  - Starting extension with id "hivemq-prometheus-extension" at /opt/hivemq/extensions/hivemq-prometheus-extension
2025-01-30 18:45:18,399 INFO c.h.h.t.HelmChartContainer - [test-hivemq-platform] [hivemq] [080cc476] INFO  - Started Jetty Server exposing Prometheus Servlet on URI http://0.0.0.0:9399/
2025-01-30 18:45:18,400 INFO c.h.h.t.HelmChartContainer - [test-hivemq-platform] [hivemq] [080cc476] INFO  - Extension "Prometheus Monitoring Extension" version 4.0.12 started successfully.
2025-01-30 18:45:18,401 INFO c.h.h.t.HelmChartContainer - [test-hivemq-platform] [hivemq] [080cc476] INFO  - Starting extension with id "hivemq-allow-all-extension" at /opt/hivemq/extensions/hivemq-allow-all-extension
2025-01-30 18:45:18,401 INFO c.h.h.t.HelmChartContainer - [test-hivemq-platform] [hivemq] [080cc476] WARN  - 
2025-01-30 18:45:18,401 INFO c.h.h.t.HelmChartContainer - [test-hivemq-platform] [hivemq] [080cc476] ################################################################################################################
2025-01-30 18:45:18,401 INFO c.h.h.t.HelmChartContainer - [test-hivemq-platform] [hivemq] [080cc476] # This HiveMQ deployment is not secure! You are lacking Authentication and Authorization.                      #
2025-01-30 18:45:18,401 INFO c.h.h.t.HelmChartContainer - [test-hivemq-platform] [hivemq] [080cc476] # Right now any MQTT client can connect to the broker with a full set of permissions.                          #
2025-01-30 18:45:18,401 INFO c.h.h.t.HelmChartContainer - [test-hivemq-platform] [hivemq] [080cc476] # For production usage, add an appropriate security extension and remove the hivemq-allow-all extension.       #
2025-01-30 18:45:18,401 INFO c.h.h.t.HelmChartContainer - [test-hivemq-platform] [hivemq] [080cc476] # You can download security extensions from the HiveMQ Marketplace (https://www.hivemq.com/extensions/).       #
2025-01-30 18:45:18,401 INFO c.h.h.t.HelmChartContainer - [test-hivemq-platform] [hivemq] [080cc476] ################################################################################################################
2025-01-30 18:45:18,401 INFO c.h.h.t.HelmChartContainer - [test-hivemq-platform] [hivemq] [080cc476] INFO  - Extension "Allow All Extension" version 1.1.1 started successfully.
2025-01-30 18:45:18,401 INFO c.h.h.t.HelmChartContainer - [test-hivemq-platform] [hivemq] [080cc476] WARN  - No user for HiveMQ Control Center configured. Starting with default user
2025-01-30 18:45:18,402 INFO c.h.h.t.HelmChartContainer - [test-hivemq-platform] [hivemq] [080cc476] INFO  - Starting HiveMQ Control Center on address 0.0.0.0 and port 8080
2025-01-30 18:45:18,409 INFO c.h.h.t.HelmChartContainer - [test-hivemq-platform] [hivemq] [080cc476] INFO  - Mounting HiveMQ Control Center V2 Preview
2025-01-30 18:45:19,100 INFO c.h.h.t.HelmChartContainer - [test-hivemq-platform] [hivemq] [080cc476] INFO  - Started HiveMQ Control Center in 698ms
2025-01-30 18:45:19,115 INFO c.h.h.t.HelmChartContainer - [test-hivemq-platform] [hivemq] [080cc476] INFO  - Starting TCP listener on address 0.0.0.0 and port 1883
2025-01-30 18:45:19,207 INFO c.h.h.t.HelmChartContainer - [test-hivemq-platform] [hivemq] [080cc476] INFO  - Started TCP Listener on address 0.0.0.0 and on port 1883.
2025-01-30 18:45:19,207 INFO c.h.h.t.HelmChartContainer - [test-hivemq-platform] [hivemq] [080cc476] INFO  - Started HiveMQ in 37704ms
2025-01-30 18:45:21,729 INFO c.h.h.t.HelmChartContainer - [test-hivemq-platform] [hivemq] [080cc476] INFO  - [HiveMQ Platform Operator Init App 1.7.0-SNAPSHOT] Returning Health API response 200 for readiness
2025-01-30 18:45:21,741 INFO c.h.h.t.HelmChartContainer - [POD] test-hivemq-platform-0 [080cc476-1224-495a-9ce8-e7e2aa154b9e] in helmbridgeextensionit was MODIFIED
2025-01-30 18:45:21,748 INFO c.h.h.t.HelmChartContainer - [hivemq-test-hivemq-platform] [hivemq-platform-operator] [345a6c57] 18:45:21.746 [pool-6-thread-47] DEBUG c.h.p.o.d.PlatformServiceResource - [helmbrid] Desired Platform services (3 services)
2025-01-30 18:45:21,750 INFO c.h.h.t.HelmChartContainer - [hivemq-test-hivemq-platform] [hivemq-platform-operator] [345a6c57] 18:45:21.749 [pool-6-thread-46] DEBUG c.h.p.o.dependants.PodInfoConfigMap - [helmbrid] Desired PodInfo ConfigMap (1 extensions) (1 enabled)
2025-01-30 18:45:21,751 INFO c.h.h.t.HelmChartContainer - [hivemq-test-hivemq-platform] [hivemq-platform-operator] [345a6c57] 18:45:21.749 [pool-6-thread-46] DEBUG c.h.p.o.dependants.PodInfoConfigMap - [helmbrid] Desired PodInfo ConfigMap (metrics port: 9399) (metrics path: /)
2025-01-30 18:45:21,751 INFO c.h.h.t.HelmChartContainer - [hivemq-test-hivemq-platform] [hivemq-platform-operator] [345a6c57] 18:45:21.749 [pool-6-thread-46] DEBUG c.h.p.o.dependants.PodInfoConfigMap - [helmbrid] Desired PodInfo ConfigMap (extension state hash: -1957031930)
2025-01-30 18:45:21,760 INFO c.h.h.t.HelmChartContainer - [hivemq-test-hivemq-platform] [hivemq-platform-operator] [345a6c57] 18:45:21.747 [pool-6-thread-41] DEBUG c.h.p.o.d.PodServiceAccountResource - [helmbrid] Desired PodServiceAccountResource (serviceAccountName: hivemq-platform-pod-test-hivemq-platform)
2025-01-30 18:45:21,767 INFO c.h.h.t.HelmChartContainer - [hivemq-test-hivemq-platform] [hivemq-platform-operator] [345a6c57] 18:45:21.763 [pool-6-thread-47] DEBUG c.h.p.o.d.StatefulSetResource - [helmbrid] Desired StatefulSet (1 replicas) for status STARTING (READY)
2025-01-30 18:45:21,809 INFO c.h.h.t.HelmChartContainer - [hivemq-test-hivemq-platform] [hivemq-platform-operator] [345a6c57] 18:45:21.807 [ReconcilerExecutor-hivemq-controller-113] INFO  c.h.p.o.HiveMQPlatformReconciler - [helmbrid] Reconciling HiveMQ Platform 'test-hivemq-platform' in namespace 'helmbridgeextensionit'
2025-01-30 18:45:21,810 INFO c.h.h.t.HelmChartContainer - [hivemq-test-hivemq-platform] [hivemq-platform-operator] [345a6c57] 18:45:21.807 [ReconcilerExecutor-hivemq-controller-113] DEBUG c.h.p.o.HiveMQPlatformReconciler - [helmbrid] Custom Resource Status STARTING - HiveMQ Platform is starting (READY)
2025-01-30 18:45:21,810 INFO c.h.h.t.HelmChartContainer - [hivemq-test-hivemq-platform] [hivemq-platform-operator] [345a6c57] 18:45:21.808 [ReconcilerExecutor-hivemq-controller-113] DEBUG c.h.p.o.HiveMQPlatformReconciler - [helmbrid] Custom Resource Spec (replicas: 1) (extensions: 1)
2025-01-30 18:45:21,811 INFO c.h.h.t.HelmChartContainer - [hivemq-test-hivemq-platform] [hivemq-platform-operator] [345a6c57] 18:45:21.810 [ReconcilerExecutor-hivemq-controller-113] DEBUG c.h.p.o.HiveMQPlatformReconciler - [helmbrid] StatefulSet Status (revision: test-hivemq-platform-6d7b96669f, replicas: 1, available: 1, ready: 1, current: 1, updated: 1)
2025-01-30 18:45:21,812 INFO c.h.h.t.HelmChartContainer - [hivemq-test-hivemq-platform] [hivemq-platform-operator] [345a6c57] 18:45:21.810 [ReconcilerExecutor-hivemq-controller-113] DEBUG c.h.p.o.HiveMQPlatformReconciler - [helmbrid] StatefulSet Spec (replicas: 1, init containers: 1, containers: 1, volumes: 4)
2025-01-30 18:45:21,813 INFO c.h.h.t.HelmChartContainer - [hivemq-test-hivemq-platform] [hivemq-platform-operator] [345a6c57] 18:45:21.812 [ReconcilerExecutor-hivemq-controller-113] DEBUG c.h.p.o.h.HiveMQPlatformReconcilerErrorHandler - [helmbrid] Pod 'test-hivemq-platform-0' phase Running
2025-01-30 18:45:21,814 INFO c.h.h.t.HelmChartContainer - [hivemq-test-hivemq-platform] [hivemq-platform-operator] [345a6c57] 18:45:21.813 [ReconcilerExecutor-hivemq-controller-113] INFO  c.h.p.o.h.HiveMQPlatformReconcilerBaseHandler - [helmbrid] HiveMQ Platform started successfully
2025-01-30 18:45:21,916 INFO c.h.h.t.HelmChartContainer - [hivemq-test-hivemq-platform] [hivemq-platform-operator] [345a6c57] 18:45:21.914 [ReconcilerExecutor-hivemq-controller-113] DEBUG c.h.p.operator.event.EventSender - [helmbrid] Creating K8s event hivemq-platform-ready: [Ready] HiveMQ Platform is ready
2025-01-30 18:45:21,920 INFO c.h.h.t.HelmChartContainer - [EVENT] Normal [Ready] HiveMQ Platform is ready [helmbridgeextensionit:test-hivemq-platform]
2025-01-30 18:45:21,920 INFO c.h.h.t.HelmChartContainer - [hivemq-test-hivemq-platform] [hivemq-platform-operator] [345a6c57] 18:45:21.920 [ReconcilerExecutor-hivemq-controller-113] INFO  c.h.p.o.h.AbstractHiveMQReconcilerStateHandler - [helmbrid] Update HiveMQ Platform Status (STARTING [READY] -> RUNNING [READY]): HiveMQ Platform is ready
2025-01-30 18:45:21,929 DEBUG com.hivemq.helmcharts.util.K8sUtil - Comparing actual state 'RUNNING' and waiting for 'RUNNING'
2025-01-30 18:45:22,016 INFO c.h.h.t.HelmChartContainer - [hivemq-test-hivemq-platform] [hivemq-platform-operator] [345a6c57] 18:45:22.012 [pool-6-thread-6] DEBUG c.h.p.o.d.PlatformServiceResource - [helmbrid] Desired Platform services (3 services)
2025-01-30 18:45:22,017 INFO c.h.h.t.HelmChartContainer - [hivemq-test-hivemq-platform] [hivemq-platform-operator] [345a6c57] 18:45:22.015 [pool-6-thread-4] DEBUG c.h.p.o.dependants.PodInfoConfigMap - [helmbrid] Desired PodInfo ConfigMap (1 extensions) (1 enabled)
2025-01-30 18:45:22,017 INFO c.h.h.t.HelmChartContainer - [hivemq-test-hivemq-platform] [hivemq-platform-operator] [345a6c57] 18:45:22.016 [pool-6-thread-4] DEBUG c.h.p.o.dependants.PodInfoConfigMap - [helmbrid] Desired PodInfo ConfigMap (metrics port: 9399) (metrics path: /)
2025-01-30 18:45:22,019 INFO c.h.h.t.HelmChartContainer - [hivemq-test-hivemq-platform] [hivemq-platform-operator] [345a6c57] 18:45:22.016 [pool-6-thread-4] DEBUG c.h.p.o.dependants.PodInfoConfigMap - [helmbrid] Desired PodInfo ConfigMap (extension state hash: -1957031930)
2025-01-30 18:45:22,019 INFO c.h.h.t.HelmChartContainer - [hivemq-test-hivemq-platform] [hivemq-platform-operator] [345a6c57] 18:45:22.018 [pool-6-thread-3] DEBUG c.h.p.o.d.PodServiceAccountResource - [helmbrid] Desired PodServiceAccountResource (serviceAccountName: hivemq-platform-pod-test-hivemq-platform)
2025-01-30 18:45:22,019 INFO c.h.h.t.HelmChartContainer - [hivemq-test-hivemq-platform] [hivemq-platform-operator] [345a6c57] 18:45:22.018 [pool-6-thread-4] DEBUG c.h.p.o.dependants.PodInfoConfigMap - [helmbrid] Update PodInfo ConfigMap
2025-01-30 18:45:22,112 INFO c.h.h.t.HelmChartContainer - [hivemq-test-hivemq-platform] [hivemq-platform-operator] [345a6c57] 18:45:22.109 [pool-6-thread-4] DEBUG c.h.p.o.d.StatefulSetResource - [helmbrid] Desired StatefulSet (1 replicas) for status RUNNING (READY)
2025-01-30 18:45:22,117 INFO c.h.h.t.HelmChartContainer - [hivemq-test-hivemq-platform] [hivemq-platform-operator] [345a6c57] 18:45:22.116 [ReconcilerExecutor-hivemq-controller-114] INFO  c.h.p.o.HiveMQPlatformReconciler - [helmbrid] Reconciling HiveMQ Platform 'test-hivemq-platform' in namespace 'helmbridgeextensionit'
2025-01-30 18:45:22,119 INFO c.h.h.t.HelmChartContainer - [hivemq-test-hivemq-platform] [hivemq-platform-operator] [345a6c57] 18:45:22.116 [ReconcilerExecutor-hivemq-controller-114] DEBUG c.h.p.o.HiveMQPlatformReconciler - [helmbrid] Custom Resource Status RUNNING - HiveMQ Platform is ready (READY)
2025-01-30 18:45:22,119 INFO c.h.h.t.HelmChartContainer - [hivemq-test-hivemq-platform] [hivemq-platform-operator] [345a6c57] 18:45:22.117 [ReconcilerExecutor-hivemq-controller-114] DEBUG c.h.p.o.HiveMQPlatformReconciler - [helmbrid] Custom Resource Spec (replicas: 1) (extensions: 1)
2025-01-30 18:45:22,123 INFO c.h.h.t.HelmChartContainer - [hivemq-test-hivemq-platform] [hivemq-platform-operator] [345a6c57] 18:45:22.120 [ReconcilerExecutor-hivemq-controller-114] DEBUG c.h.p.o.HiveMQPlatformReconciler - [helmbrid] StatefulSet Status (revision: test-hivemq-platform-6d7b96669f, replicas: 1, available: 1, ready: 1, current: 1, updated: 1)
2025-01-30 18:45:22,123 INFO c.h.h.t.HelmChartContainer - [hivemq-test-hivemq-platform] [hivemq-platform-operator] [345a6c57] 18:45:22.120 [ReconcilerExecutor-hivemq-controller-114] DEBUG c.h.p.o.HiveMQPlatformReconciler - [helmbrid] StatefulSet Spec (replicas: 1, init containers: 1, containers: 1, volumes: 4)
2025-01-30 18:45:22,123 INFO c.h.h.t.HelmChartContainer - [hivemq-test-hivemq-platform] [hivemq-platform-operator] [345a6c57] 18:45:22.121 [ReconcilerExecutor-hivemq-controller-114] DEBUG c.h.p.o.h.HiveMQPlatformReconcilerErrorHandler - [helmbrid] Pod 'test-hivemq-platform-0' phase Running
2025-01-30 18:45:22,235 INFO c.h.h.e.HelmBridgeExtensionIT - remote client subscribed
2025-01-30 18:45:22,236 INFO c.h.h.e.HelmBridgeExtensionIT - local client has published
2025-01-30 18:45:23,504 INFO c.h.h.t.HelmChartContainer - Uninstalling release 'test-hivemq-platform' in namespace 'helmbridgeextensionit'...
2025-01-30 18:45:23,504 DEBUG c.h.h.t.HelmChartContainer - Executing helm command: /bin/helm --kubeconfig /etc/rancher/k3s/k3s.yaml uninstall test-hivemq-platform  --wait --timeout 5m0s --cascade foreground --namespace helmbridgeextensionit
2025-01-30 18:45:23,732 INFO c.h.h.t.HelmChartContainer - [hivemq-test-hivemq-platform] [hivemq-platform-operator] [345a6c57] 18:45:23.728 [pool-6-thread-13] DEBUG c.h.p.o.d.PlatformServiceResource - [helmbrid] Desired Platform services (3 services)
2025-01-30 18:45:23,742 INFO c.h.h.t.HelmChartContainer - [hivemq-test-hivemq-platform] [hivemq-platform-operator] [345a6c57] 18:45:23.729 [pool-6-thread-18] DEBUG c.h.p.o.dependants.PodInfoConfigMap - [helmbrid] Desired PodInfo ConfigMap (1 extensions) (1 enabled)
2025-01-30 18:45:23,743 INFO c.h.h.t.HelmChartContainer - [hivemq-test-hivemq-platform] [hivemq-platform-operator] [345a6c57] 18:45:23.729 [pool-6-thread-18] DEBUG c.h.p.o.dependants.PodInfoConfigMap - [helmbrid] Desired PodInfo ConfigMap (metrics port: 9399) (metrics path: /)
2025-01-30 18:45:23,745 INFO c.h.h.t.HelmChartContainer - [hivemq-test-hivemq-platform] [hivemq-platform-operator] [345a6c57] 18:45:23.729 [pool-6-thread-18] DEBUG c.h.p.o.dependants.PodInfoConfigMap - [helmbrid] Desired PodInfo ConfigMap (extension state hash: -1957031930)
2025-01-30 18:45:23,747 INFO c.h.h.t.HelmChartContainer - [hivemq-test-hivemq-platform] [hivemq-platform-operator] [345a6c57] 18:45:23.735 [pool-6-thread-11] DEBUG c.h.p.o.d.PodServiceAccountResource - [helmbrid] Desired PodServiceAccountResource (serviceAccountName: hivemq-platform-pod-test-hivemq-platform)
2025-01-30 18:45:23,813 INFO c.h.h.t.HelmChartContainer - [hivemq-test-hivemq-platform] [hivemq-platform-operator] [345a6c57] 18:45:23.811 [pool-6-thread-13] DEBUG c.h.p.o.d.StatefulSetResource - [helmbrid] Desired StatefulSet (1 replicas) for status RUNNING (READY)
2025-01-30 18:45:23,908 INFO c.h.h.t.HelmChartContainer - [hivemq-test-hivemq-platform] [hivemq-platform-operator] [345a6c57] 18:45:23.906 [pool-6-thread-13] DEBUG c.h.p.o.d.StatefulSetResource - [helmbrid] Update StatefulSet (replicas: 1 -> 1)
2025-01-30 18:45:23,910 INFO c.h.h.t.HelmChartContainer - [hivemq-test-hivemq-platform] [hivemq-platform-operator] [345a6c57] 18:45:23.908 [pool-6-thread-13] DEBUG c.h.p.o.d.StatefulSetResource - [helmbrid] Detected change in StatefulSet specification (path: /template/metadata/annotations/kubernetes-resource-versions) (actual value: {broker-configuration-v2=-2089688360}) (target value: {broker-configuration-v2=0})
2025-01-30 18:45:23,910 INFO c.h.h.t.HelmChartContainer - [hivemq-test-hivemq-platform] [hivemq-platform-operator] [345a6c57] 18:45:23.909 [pool-6-thread-13] INFO  c.h.p.o.d.StatefulSetResource - [helmbrid] StatefulSet spec was updated, triggering rolling restart
2025-01-30 18:45:23,928 INFO c.h.h.t.HelmChartContainer - [hivemq-test-hivemq-platform] [hivemq-platform-operator] [345a6c57] 18:45:23.926 [ReconcilerExecutor-hivemq-controller-115] INFO  c.h.p.o.HiveMQPlatformReconciler - [helmbrid] Reconciling HiveMQ Platform 'test-hivemq-platform' in namespace 'helmbridgeextensionit'
2025-01-30 18:45:23,928 INFO c.h.h.t.HelmChartContainer - [hivemq-test-hivemq-platform] [hivemq-platform-operator] [345a6c57] 18:45:23.926 [ReconcilerExecutor-hivemq-controller-115] DEBUG c.h.p.o.HiveMQPlatformReconciler - [helmbrid] Custom Resource Status RUNNING - HiveMQ Platform is ready (READY) (reconciliation requests: ROLLING_RESTART, REQUESTS_UPDATED)
2025-01-30 18:45:23,928 INFO c.h.h.t.HelmChartContainer - [hivemq-test-hivemq-platform] [hivemq-platform-operator] [345a6c57] 18:45:23.927 [ReconcilerExecutor-hivemq-controller-115] DEBUG c.h.p.o.HiveMQPlatformReconciler - [helmbrid] Custom Resource Spec (replicas: 1) (extensions: 1)
2025-01-30 18:45:23,928 INFO c.h.h.t.HelmChartContainer - [hivemq-test-hivemq-platform] [hivemq-platform-operator] [345a6c57] 18:45:23.927 [ReconcilerExecutor-hivemq-controller-115] WARN  c.h.p.o.h.HiveMQPlatformReconcilerErrorHandler - [helmbrid] Could not find ConfigMap 'hivemq-configuration-test-hivemq-platform' for HiveMQ Platform configuration
2025-01-30 18:45:24,022 INFO c.h.h.t.HelmChartContainer - [hivemq-test-hivemq-platform] [hivemq-platform-operator] [345a6c57] 18:45:24.021 [ReconcilerExecutor-hivemq-controller-115] DEBUG c.h.p.operator.event.EventSender - [helmbrid] Creating K8s event hivemq-platform-invalid-configuration: [Start] Could not find ConfigMap 'hivemq-configuration-test-hivemq-platform' for HiveMQ Platform configuration
2025-01-30 18:45:24,027 INFO c.h.h.t.HelmChartContainer - [EVENT] Warning [Start] Could not find ConfigMap 'hivemq-configuration-test-hivemq-platform' for HiveMQ Platform configuration [helmbridgeextensionit:test-hivemq-platform]
2025-01-30 18:45:24,028 INFO c.h.h.t.HelmChartContainer - [hivemq-test-hivemq-platform] [hivemq-platform-operator] [345a6c57] 18:45:24.028 [ReconcilerExecutor-hivemq-controller-115] INFO  c.h.p.o.h.AbstractHiveMQReconcilerStateHandler - [helmbrid] Update HiveMQ Platform Status (RUNNING [READY] -> ERROR [INVALID_CONFIG_MAP]): Could not find ConfigMap 'hivemq-configuration-test-hivemq-platform' for HiveMQ Platform configuration (reconciliation requests: ROLLING_RESTART)
2025-01-30 18:45:24,119 INFO c.h.h.t.HelmChartContainer - [hivemq-test-hivemq-platform] [hivemq-platform-operator] [345a6c57] 18:45:24.116 [ReconcilerExecutor-hivemq-controller-115] ERROR i.j.o.p.event.EventProcessor - Error during event processing ExecutionScope{ resource id: ResourceID{name='test-hivemq-platform', namespace='helmbridgeextensionit'}, version: 870}
2025-01-30 18:45:24,121 INFO c.h.h.t.HelmChartContainer - [hivemq-test-hivemq-platform] [hivemq-platform-operator] [345a6c57] io.fabric8.kubernetes.client.KubernetesClientException: Failure executing: PUT at: https://10.43.0.1:443/apis/hivemq.com/v1/namespaces/helmbridgeextensionit/hivemq-platforms/test-hivemq-platform/status. Message: Operation cannot be fulfilled on hivemq-platforms.hivemq.com "test-hivemq-platform": the object has been modified; please apply your changes to the latest version and try again. Received status: Status(apiVersion=v1, code=409, details=StatusDetails(causes=[], group=hivemq.com, kind=hivemq-platforms, name=test-hivemq-platform, retryAfterSeconds=null, uid=null, additionalProperties={}), kind=Status, message=Operation cannot be fulfilled on hivemq-platforms.hivemq.com "test-hivemq-platform": the object has been modified; please apply your changes to the latest version and try again, metadata=ListMeta(_continue=null, remainingItemCount=null, resourceVersion=null, selfLink=null, additionalProperties={}), reason=Conflict, status=Failure, additionalProperties={}).
2025-01-30 18:45:24,121 INFO c.h.h.t.HelmChartContainer - [hivemq-test-hivemq-platform] [hivemq-platform-operator] [345a6c57] 	at io.fabric8.kubernetes.client.KubernetesClientException.copyAsCause(KubernetesClientException.java:238)
2025-01-30 18:45:24,121 INFO c.h.h.t.HelmChartContainer - [hivemq-test-hivemq-platform] [hivemq-platform-operator] [345a6c57] 	at io.fabric8.kubernetes.client.dsl.internal.OperationSupport.waitForResult(OperationSupport.java:507)
2025-01-30 18:45:24,121 INFO c.h.h.t.HelmChartContainer - [hivemq-test-hivemq-platform] [hivemq-platform-operator] [345a6c57] 	at io.fabric8.kubernetes.client.dsl.internal.OperationSupport.handleResponse(OperationSupport.java:524)
2025-01-30 18:45:24,121 INFO c.h.h.t.HelmChartContainer - [hivemq-test-hivemq-platform] [hivemq-platform-operator] [345a6c57] 	at io.fabric8.kubernetes.client.dsl.internal.OperationSupport.handleUpdate(OperationSupport.java:358)
2025-01-30 18:45:24,121 INFO c.h.h.t.HelmChartContainer - [hivemq-test-hivemq-platform] [hivemq-platform-operator] [345a6c57] 	at io.fabric8.kubernetes.client.dsl.internal.BaseOperation.handleUpdate(BaseOperation.java:759)
2025-01-30 18:45:24,121 INFO c.h.h.t.HelmChartContainer - [hivemq-test-hivemq-platform] [hivemq-platform-operator] [345a6c57] 	at io.fabric8.kubernetes.client.dsl.internal.HasMetadataOperation.update(HasMetadataOperation.java:138)
2025-01-30 18:45:24,121 INFO c.h.h.t.HelmChartContainer - [hivemq-test-hivemq-platform] [hivemq-platform-operator] [345a6c57] 	at io.fabric8.kubernetes.client.dsl.internal.HasMetadataOperation.update(HasMetadataOperation.java:121)
2025-01-30 18:45:24,121 INFO c.h.h.t.HelmChartContainer - [hivemq-test-hivemq-platform] [hivemq-platform-operator] [345a6c57] 	at io.fabric8.kubernetes.client.dsl.internal.HasMetadataOperation.updateStatus(HasMetadataOperation.java:126)
2025-01-30 18:45:24,121 INFO c.h.h.t.HelmChartContainer - [hivemq-test-hivemq-platform] [hivemq-platform-operator] [345a6c57] 	at io.fabric8.kubernetes.client.dsl.internal.HasMetadataOperation.updateStatus(HasMetadataOperation.java:44)
2025-01-30 18:45:24,121 INFO c.h.h.t.HelmChartContainer - [hivemq-test-hivemq-platform] [hivemq-platform-operator] [345a6c57] 	at io.javaoperatorsdk.operator.processing.event.ReconciliationDispatcher$CustomResourceFacade.updateStatus(ReconciliationDispatcher.java:408)
2025-01-30 18:45:24,121 INFO c.h.h.t.HelmChartContainer - [hivemq-test-hivemq-platform] [hivemq-platform-operator] [345a6c57] 	at io.javaoperatorsdk.operator.processing.event.ReconciliationDispatcher.updateStatusGenerationAware(ReconciliationDispatcher.java:228)
2025-01-30 18:45:24,121 INFO c.h.h.t.HelmChartContainer - [hivemq-test-hivemq-platform] [hivemq-platform-operator] [345a6c57] 	at io.javaoperatorsdk.operator.processing.event.ReconciliationDispatcher.reconcileExecution(ReconciliationDispatcher.java:150)
2025-01-30 18:45:24,121 INFO c.h.h.t.HelmChartContainer - [hivemq-test-hivemq-platform] [hivemq-platform-operator] [345a6c57] 	at io.javaoperatorsdk.operator.processing.event.ReconciliationDispatcher.handleReconcile(ReconciliationDispatcher.java:117)
2025-01-30 18:45:24,121 INFO c.h.h.t.HelmChartContainer - [hivemq-test-hivemq-platform] [hivemq-platform-operator] [345a6c57] 	at io.javaoperatorsdk.operator.processing.event.ReconciliationDispatcher.handleDispatch(ReconciliationDispatcher.java:91)
2025-01-30 18:45:24,121 INFO c.h.h.t.HelmChartContainer - [hivemq-test-hivemq-platform] [hivemq-platform-operator] [345a6c57] 	at io.javaoperatorsdk.operator.processing.event.ReconciliationDispatcher.handleExecution(ReconciliationDispatcher.java:64)
2025-01-30 18:45:24,121 INFO c.h.h.t.HelmChartContainer - [hivemq-test-hivemq-platform] [hivemq-platform-operator] [345a6c57] 	at io.javaoperatorsdk.operator.processing.event.EventProcessor$ReconcilerExecutor.run(EventProcessor.java:452)
2025-01-30 18:45:24,121 INFO c.h.h.t.HelmChartContainer - [hivemq-test-hivemq-platform] [hivemq-platform-operator] [345a6c57] 	at java.base/java.util.concurrent.ThreadPoolExecutor.runWorker(Unknown Source)
2025-01-30 18:45:24,122 INFO c.h.h.t.HelmChartContainer - [hivemq-test-hivemq-platform] [hivemq-platform-operator] [345a6c57] 	at java.base/java.util.concurrent.ThreadPoolExecutor$Worker.run(Unknown Source)
2025-01-30 18:45:24,122 INFO c.h.h.t.HelmChartContainer - [hivemq-test-hivemq-platform] [hivemq-platform-operator] [345a6c57] 	at java.base/java.lang.Thread.run(Unknown Source)
2025-01-30 18:45:24,122 INFO c.h.h.t.HelmChartContainer - [hivemq-test-hivemq-platform] [hivemq-platform-operator] [345a6c57] Caused by: io.fabric8.kubernetes.client.KubernetesClientException: Failure executing: PUT at: https://10.43.0.1:443/apis/hivemq.com/v1/namespaces/helmbridgeextensionit/hivemq-platforms/test-hivemq-platform/status. Message: Operation cannot be fulfilled on hivemq-platforms.hivemq.com "test-hivemq-platform": the object has been modified; please apply your changes to the latest version and try again. Received status: Status(apiVersion=v1, code=409, details=StatusDetails(causes=[], group=hivemq.com, kind=hivemq-platforms, name=test-hivemq-platform, retryAfterSeconds=null, uid=null, additionalProperties={}), kind=Status, message=Operation cannot be fulfilled on hivemq-platforms.hivemq.com "test-hivemq-platform": the object has been modified; please apply your changes to the latest version and try again, metadata=ListMeta(_continue=null, remainingItemCount=null, resourceVersion=null, selfLink=null, additionalProperties={}), reason=Conflict, status=Failure, additionalProperties={}).
2025-01-30 18:45:24,122 INFO c.h.h.t.HelmChartContainer - [hivemq-test-hivemq-platform] [hivemq-platform-operator] [345a6c57] 	at io.fabric8.kubernetes.client.dsl.internal.OperationSupport.requestFailure(OperationSupport.java:660)
2025-01-30 18:45:24,122 INFO c.h.h.t.HelmChartContainer - [hivemq-test-hivemq-platform] [hivemq-platform-operator] [345a6c57] 	at io.fabric8.kubernetes.client.dsl.internal.OperationSupport.requestFailure(OperationSupport.java:640)
2025-01-30 18:45:24,122 INFO c.h.h.t.HelmChartContainer - [hivemq-test-hivemq-platform] [hivemq-platform-operator] [345a6c57] 	at io.fabric8.kubernetes.client.dsl.internal.OperationSupport.assertResponseCode(OperationSupport.java:589)
2025-01-30 18:45:24,122 INFO c.h.h.t.HelmChartContainer - [hivemq-test-hivemq-platform] [hivemq-platform-operator] [345a6c57] 	at io.fabric8.kubernetes.client.dsl.internal.OperationSupport.lambda$handleResponse$0(OperationSupport.java:549)
2025-01-30 18:45:24,122 INFO c.h.h.t.HelmChartContainer - [hivemq-test-hivemq-platform] [hivemq-platform-operator] [345a6c57] 	at java.base/java.util.concurrent.CompletableFuture$UniApply.tryFire(Unknown Source)
2025-01-30 18:45:24,122 INFO c.h.h.t.HelmChartContainer - [hivemq-test-hivemq-platform] [hivemq-platform-operator] [345a6c57] 	at java.base/java.util.concurrent.CompletableFuture.postComplete(Unknown Source)
2025-01-30 18:45:24,122 INFO c.h.h.t.HelmChartContainer - [hivemq-test-hivemq-platform] [hivemq-platform-operator] [345a6c57] 	at java.base/java.util.concurrent.CompletableFuture.complete(Unknown Source)
2025-01-30 18:45:24,122 INFO c.h.h.t.HelmChartContainer - [hivemq-test-hivemq-platform] [hivemq-platform-operator] [345a6c57] 	at io.fabric8.kubernetes.client.http.StandardHttpClient.lambda$completeOrCancel$10(StandardHttpClient.java:141)
2025-01-30 18:45:24,122 INFO c.h.h.t.HelmChartContainer - [hivemq-test-hivemq-platform] [hivemq-platform-operator] [345a6c57] 	at java.base/java.util.concurrent.CompletableFuture.uniWhenComplete(Unknown Source)
2025-01-30 18:45:24,122 INFO c.h.h.t.HelmChartContainer - [hivemq-test-hivemq-platform] [hivemq-platform-operator] [345a6c57] 	at java.base/java.util.concurrent.CompletableFuture$UniWhenComplete.tryFire(Unknown Source)
2025-01-30 18:45:24,122 INFO c.h.h.t.HelmChartContainer - [hivemq-test-hivemq-platform] [hivemq-platform-operator] [345a6c57] 	at java.base/java.util.concurrent.CompletableFuture.postComplete(Unknown Source)
2025-01-30 18:45:24,122 INFO c.h.h.t.HelmChartContainer - [hivemq-test-hivemq-platform] [hivemq-platform-operator] [345a6c57] 	at java.base/java.util.concurrent.CompletableFuture.complete(Unknown Source)
2025-01-30 18:45:24,122 INFO c.h.h.t.HelmChartContainer - [hivemq-test-hivemq-platform] [hivemq-platform-operator] [345a6c57] 	at io.fabric8.kubernetes.client.http.ByteArrayBodyHandler.onBodyDone(ByteArrayBodyHandler.java:51)
2025-01-30 18:45:24,122 INFO c.h.h.t.HelmChartContainer - [hivemq-test-hivemq-platform] [hivemq-platform-operator] [345a6c57] 	at java.base/java.util.concurrent.CompletableFuture.uniWhenComplete(Unknown Source)
2025-01-30 18:45:24,122 INFO c.h.h.t.HelmChartContainer - [hivemq-test-hivemq-platform] [hivemq-platform-operator] [345a6c57] 	at java.base/java.util.concurrent.CompletableFuture$UniWhenComplete.tryFire(Unknown Source)
2025-01-30 18:45:24,122 INFO c.h.h.t.HelmChartContainer - [hivemq-test-hivemq-platform] [hivemq-platform-operator] [345a6c57] 	at java.base/java.util.concurrent.CompletableFuture.postComplete(Unknown Source)
2025-01-30 18:45:24,122 INFO c.h.h.t.HelmChartContainer - [hivemq-test-hivemq-platform] [hivemq-platform-operator] [345a6c57] 	at java.base/java.util.concurrent.CompletableFuture.complete(Unknown Source)
2025-01-30 18:45:24,122 INFO c.h.h.t.HelmChartContainer - [hivemq-test-hivemq-platform] [hivemq-platform-operator] [345a6c57] 	at io.fabric8.kubernetes.client.vertx.VertxHttpRequest.lambda$null$1(VertxHttpRequest.java:121)
2025-01-30 18:45:24,123 INFO c.h.h.t.HelmChartContainer - [hivemq-test-hivemq-platform] [hivemq-platform-operator] [345a6c57] 	at io.vertx.core.impl.ContextInternal.dispatch(ContextInternal.java:279)
2025-01-30 18:45:24,123 INFO c.h.h.t.HelmChartContainer - [hivemq-test-hivemq-platform] [hivemq-platform-operator] [345a6c57] 	at io.vertx.core.impl.ContextInternal.dispatch(ContextInternal.java:261)
2025-01-30 18:45:24,123 INFO c.h.h.t.HelmChartContainer - [hivemq-test-hivemq-platform] [hivemq-platform-operator] [345a6c57] 	at io.vertx.core.http.impl.HttpEventHandler.handleEnd(HttpEventHandler.java:76)
2025-01-30 18:45:24,123 INFO c.h.h.t.HelmChartContainer - [hivemq-test-hivemq-platform] [hivemq-platform-operator] [345a6c57] 	at io.vertx.core.http.impl.HttpClientResponseImpl.handleEnd(HttpClientResponseImpl.java:250)
2025-01-30 18:45:24,123 INFO c.h.h.t.HelmChartContainer - [hivemq-test-hivemq-platform] [hivemq-platform-operator] [345a6c57] 	at io.vertx.core.http.impl.Http1xClientConnection$StreamImpl.lambda$new$0(Http1xClientConnection.java:421)
2025-01-30 18:45:24,123 INFO c.h.h.t.HelmChartContainer - [hivemq-test-hivemq-platform] [hivemq-platform-operator] [345a6c57] 	at io.vertx.core.streams.impl.InboundBuffer.handleEvent(InboundBuffer.java:279)
2025-01-30 18:45:24,123 INFO c.h.h.t.HelmChartContainer - [hivemq-test-hivemq-platform] [hivemq-platform-operator] [345a6c57] 	at io.vertx.core.streams.impl.InboundBuffer.write(InboundBuffer.java:157)
2025-01-30 18:45:24,123 INFO c.h.h.t.HelmChartContainer - [hivemq-test-hivemq-platform] [hivemq-platform-operator] [345a6c57] 	at io.vertx.core.http.impl.Http1xClientConnection$StreamImpl.handleEnd(Http1xClientConnection.java:709)
2025-01-30 18:45:24,123 INFO c.h.h.t.HelmChartContainer - [hivemq-test-hivemq-platform] [hivemq-platform-operator] [345a6c57] 	at io.vertx.core.impl.ContextImpl.execute(ContextImpl.java:313)
2025-01-30 18:45:24,123 INFO c.h.h.t.HelmChartContainer - [hivemq-test-hivemq-platform] [hivemq-platform-operator] [345a6c57] 	at io.vertx.core.impl.ContextImpl.execute(ContextImpl.java:293)
2025-01-30 18:45:24,123 INFO c.h.h.t.HelmChartContainer - [hivemq-test-hivemq-platform] [hivemq-platform-operator] [345a6c57] 	at io.vertx.core.http.impl.Http1xClientConnection.handleResponseEnd(Http1xClientConnection.java:940)
2025-01-30 18:45:24,123 INFO c.h.h.t.HelmChartContainer - [hivemq-test-hivemq-platform] [hivemq-platform-operator] [345a6c57] 	at io.vertx.core.http.impl.Http1xClientConnection.handleHttpMessage(Http1xClientConnection.java:810)
2025-01-30 18:45:24,123 INFO c.h.h.t.HelmChartContainer - [hivemq-test-hivemq-platform] [hivemq-platform-operator] [345a6c57] 	at io.vertx.core.http.impl.Http1xClientConnection.handleMessage(Http1xClientConnection.java:774)
2025-01-30 18:45:24,123 INFO c.h.h.t.HelmChartContainer - [hivemq-test-hivemq-platform] [hivemq-platform-operator] [345a6c57] 	at io.vertx.core.net.impl.ConnectionBase.read(ConnectionBase.java:159)
2025-01-30 18:45:24,123 INFO c.h.h.t.HelmChartContainer - [hivemq-test-hivemq-platform] [hivemq-platform-operator] [345a6c57] 	at io.vertx.core.net.impl.VertxHandler.channelRead(VertxHandler.java:153)
2025-01-30 18:45:24,123 INFO c.h.h.t.HelmChartContainer - [hivemq-test-hivemq-platform] [hivemq-platform-operator] [345a6c57] 	at io.netty.channel.AbstractChannelHandlerContext.invokeChannelRead(AbstractChannelHandlerContext.java:442)
2025-01-30 18:45:24,123 INFO c.h.h.t.HelmChartContainer - [hivemq-test-hivemq-platform] [hivemq-platform-operator] [345a6c57] 	at io.netty.channel.AbstractChannelHandlerContext.invokeChannelRead(AbstractChannelHandlerContext.java:420)
2025-01-30 18:45:24,123 INFO c.h.h.t.HelmChartContainer - [hivemq-test-hivemq-platform] [hivemq-platform-operator] [345a6c57] 	at io.netty.channel.AbstractChannelHandlerContext.fireChannelRead(AbstractChannelHandlerContext.java:412)
2025-01-30 18:45:24,123 INFO c.h.h.t.HelmChartContainer - [hivemq-test-hivemq-platform] [hivemq-platform-operator] [345a6c57] 	at io.netty.channel.CombinedChannelDuplexHandler$DelegatingChannelHandlerContext.fireChannelRead(CombinedChannelDuplexHandler.java:436)
2025-01-30 18:45:24,123 INFO c.h.h.t.HelmChartContainer - [hivemq-test-hivemq-platform] [hivemq-platform-operator] [345a6c57] 	at io.netty.handler.codec.ByteToMessageDecoder.fireChannelRead(ByteToMessageDecoder.java:346)
2025-01-30 18:45:24,123 INFO c.h.h.t.HelmChartContainer - [hivemq-test-hivemq-platform] [hivemq-platform-operator] [345a6c57] 	at io.netty.handler.codec.ByteToMessageDecoder.channelRead(ByteToMessageDecoder.java:318)
2025-01-30 18:45:24,123 INFO c.h.h.t.HelmChartContainer - [hivemq-test-hivemq-platform] [hivemq-platform-operator] [345a6c57] 	at io.netty.channel.CombinedChannelDuplexHandler.channelRead(CombinedChannelDuplexHandler.java:251)
2025-01-30 18:45:24,123 INFO c.h.h.t.HelmChartContainer - [hivemq-test-hivemq-platform] [hivemq-platform-operator] [345a6c57] 	at io.netty.channel.AbstractChannelHandlerContext.invokeChannelRead(AbstractChannelHandlerContext.java:442)
2025-01-30 18:45:24,123 INFO c.h.h.t.HelmChartContainer - [hivemq-test-hivemq-platform] [hivemq-platform-operator] [345a6c57] 	at io.netty.channel.AbstractChannelHandlerContext.invokeChannelRead(AbstractChannelHandlerContext.java:420)
2025-01-30 18:45:24,123 INFO c.h.h.t.HelmChartContainer - [hivemq-test-hivemq-platform] [hivemq-platform-operator] [345a6c57] 	at io.netty.channel.AbstractChannelHandlerContext.fireChannelRead(AbstractChannelHandlerContext.java:412)
2025-01-30 18:45:24,123 INFO c.h.h.t.HelmChartContainer - [hivemq-test-hivemq-platform] [hivemq-platform-operator] [345a6c57] 	at io.netty.handler.ssl.SslHandler.unwrap(SslHandler.java:1475)
2025-01-30 18:45:24,123 INFO c.h.h.t.HelmChartContainer - [hivemq-test-hivemq-platform] [hivemq-platform-operator] [345a6c57] 	at io.netty.handler.ssl.SslHandler.decodeJdkCompatible(SslHandler.java:1338)
2025-01-30 18:45:24,123 INFO c.h.h.t.HelmChartContainer - [hivemq-test-hivemq-platform] [hivemq-platform-operator] [345a6c57] 	at io.netty.handler.ssl.SslHandler.decode(SslHandler.java:1387)
2025-01-30 18:45:24,123 INFO c.h.h.t.HelmChartContainer - [hivemq-test-hivemq-platform] [hivemq-platform-operator] [345a6c57] 	at io.netty.handler.codec.ByteToMessageDecoder.decodeRemovalReentryProtection(ByteToMessageDecoder.java:530)
2025-01-30 18:45:24,123 INFO c.h.h.t.HelmChartContainer - [hivemq-test-hivemq-platform] [hivemq-platform-operator] [345a6c57] 	at io.netty.handler.codec.ByteToMessageDecoder.callDecode(ByteToMessageDecoder.java:469)
2025-01-30 18:45:24,123 INFO c.h.h.t.HelmChartContainer - [hivemq-test-hivemq-platform] [hivemq-platform-operator] [345a6c57] 	at io.netty.handler.codec.ByteToMessageDecoder.channelRead(ByteToMessageDecoder.java:290)
2025-01-30 18:45:24,123 INFO c.h.h.t.HelmChartContainer - [hivemq-test-hivemq-platform] [hivemq-platform-operator] [345a6c57] 	at io.netty.channel.AbstractChannelHandlerContext.invokeChannelRead(AbstractChannelHandlerContext.java:444)
2025-01-30 18:45:24,123 INFO c.h.h.t.HelmChartContainer - [hivemq-test-hivemq-platform] [hivemq-platform-operator] [345a6c57] 	at io.netty.channel.AbstractChannelHandlerContext.invokeChannelRead(AbstractChannelHandlerContext.java:420)
2025-01-30 18:45:24,123 INFO c.h.h.t.HelmChartContainer - [hivemq-test-hivemq-platform] [hivemq-platform-operator] [345a6c57] 	at io.netty.channel.AbstractChannelHandlerContext.fireChannelRead(AbstractChannelHandlerContext.java:412)
2025-01-30 18:45:24,123 INFO c.h.h.t.HelmChartContainer - [hivemq-test-hivemq-platform] [hivemq-platform-operator] [345a6c57] 	at io.netty.channel.DefaultChannelPipeline$HeadContext.channelRead(DefaultChannelPipeline.java:1407)
2025-01-30 18:45:24,123 INFO c.h.h.t.HelmChartContainer - [hivemq-test-hivemq-platform] [hivemq-platform-operator] [345a6c57] 	at io.netty.channel.AbstractChannelHandlerContext.invokeChannelRead(AbstractChannelHandlerContext.java:440)
2025-01-30 18:45:24,123 INFO c.h.h.t.HelmChartContainer - [hivemq-test-hivemq-platform] [hivemq-platform-operator] [345a6c57] 	at io.netty.channel.AbstractChannelHandlerContext.invokeChannelRead(AbstractChannelHandlerContext.java:420)
2025-01-30 18:45:24,123 INFO c.h.h.t.HelmChartContainer - [hivemq-test-hivemq-platform] [hivemq-platform-operator] [345a6c57] 	at io.netty.channel.DefaultChannelPipeline.fireChannelRead(DefaultChannelPipeline.java:918)
2025-01-30 18:45:24,123 INFO c.h.h.t.HelmChartContainer - [hivemq-test-hivemq-platform] [hivemq-platform-operator] [345a6c57] 	at io.netty.channel.nio.AbstractNioByteChannel$NioByteUnsafe.read(AbstractNioByteChannel.java:166)
2025-01-30 18:45:24,124 INFO c.h.h.t.HelmChartContainer - [hivemq-test-hivemq-platform] [hivemq-platform-operator] [345a6c57] 	at io.netty.channel.nio.NioEventLoop.processSelectedKey(NioEventLoop.java:788)
2025-01-30 18:45:24,124 INFO c.h.h.t.HelmChartContainer - [hivemq-test-hivemq-platform] [hivemq-platform-operator] [345a6c57] 	at io.netty.channel.nio.NioEventLoop.processSelectedKeysOptimized(NioEventLoop.java:724)
2025-01-30 18:45:24,124 INFO c.h.h.t.HelmChartContainer - [hivemq-test-hivemq-platform] [hivemq-platform-operator] [345a6c57] 	at io.netty.channel.nio.NioEventLoop.processSelectedKeys(NioEventLoop.java:650)
2025-01-30 18:45:24,124 INFO c.h.h.t.HelmChartContainer - [hivemq-test-hivemq-platform] [hivemq-platform-operator] [345a6c57] 	at io.netty.channel.nio.NioEventLoop.run(NioEventLoop.java:562)
2025-01-30 18:45:24,124 INFO c.h.h.t.HelmChartContainer - [hivemq-test-hivemq-platform] [hivemq-platform-operator] [345a6c57] 	at io.netty.util.concurrent.SingleThreadEventExecutor$4.run(SingleThreadEventExecutor.java:997)
2025-01-30 18:45:24,124 INFO c.h.h.t.HelmChartContainer - [hivemq-test-hivemq-platform] [hivemq-platform-operator] [345a6c57] 	at io.netty.util.internal.ThreadExecutorMap$2.run(ThreadExecutorMap.java:74)
2025-01-30 18:45:24,124 INFO c.h.h.t.HelmChartContainer - [hivemq-test-hivemq-platform] [hivemq-platform-operator] [345a6c57] 	at io.netty.util.concurrent.FastThreadLocalRunnable.run(FastThreadLocalRunnable.java:30)
2025-01-30 18:45:24,124 INFO c.h.h.t.HelmChartContainer - [hivemq-test-hivemq-platform] [hivemq-platform-operator] [345a6c57] 	... 1 common frames omitted
2025-01-30 18:45:24,124 INFO c.h.h.t.HelmChartContainer - [hivemq-test-hivemq-platform] [hivemq-platform-operator] [345a6c57] 18:45:24.122 [ReconcilerExecutor-hivemq-controller-121] INFO  c.h.p.o.HiveMQPlatformReconciler - [helmbrid] Cleanup test-hivemq-platform - helmbridgeextensionit HiveMQ Platform is shut down
2025-01-30 18:45:24,534 INFO c.h.h.t.HelmChartContainer - [POD] test-hivemq-platform-0 [080cc476-1224-495a-9ce8-e7e2aa154b9e] in helmbridgeextensionit was MODIFIED
2025-01-30 18:45:24,538 INFO c.h.h.t.HelmChartContainer - [EVENT] Normal [Killing] Stopping container hivemq [helmbridgeextensionit:test-hivemq-platform-0]
2025-01-30 18:45:24,538 INFO c.h.h.t.HelmChartContainer - Received Killing event for container hivemq in pod test-hivemq-platform-0 [080cc476-1224-495a-9ce8-e7e2aa154b9e]
2025-01-30 18:45:24,538 INFO c.h.h.t.HelmChartContainer - Container [test-hivemq-platform-0] [hivemq] [080cc476-1224-495a-9ce8-e7e2aa154b9e] was terminated
2025-01-30 18:45:24,538 INFO c.h.h.t.HelmChartContainer - Stopped log watcher for hivemq in pod test-hivemq-platform-0 [080cc476-1224-495a-9ce8-e7e2aa154b9e]
2025-01-30 18:45:24,542 INFO c.h.h.t.HelmChartContainer - [test-hivemq-platform] [hivemq] [080cc476] INFO  - [HiveMQ Platform Operator Init App 1.7.0-SNAPSHOT] Shutting down
2025-01-30 18:45:24,542 INFO c.h.h.t.HelmChartContainer - [test-hivemq-platform] [hivemq] [080cc476] INFO  - [HiveMQ Platform Operator Init App 1.7.0-SNAPSHOT] Stopping the HiveMQ Platform
2025-01-30 18:45:24,702 INFO c.h.h.t.HelmChartContainer - [test-hivemq-platform] [hivemq] [080cc476] INFO  - Shutting down HiveMQ. Please wait, this could take a while...
2025-01-30 18:45:24,704 INFO c.h.h.t.HelmChartContainer - [test-hivemq-platform] [hivemq] [080cc476] INFO  - Shutting down listeners and clients
2025-01-30 18:45:24,705 INFO c.h.h.t.HelmChartContainer - [test-hivemq-platform] [hivemq] [080cc476] INFO  - Shutdown of listeners is done
2025-01-30 18:45:24,706 INFO c.h.h.t.HelmChartContainer - [test-hivemq-platform] [hivemq] [080cc476] INFO  - No clients are connected, proceeding with shutdown
2025-01-30 18:45:25,783 INFO c.h.h.t.HelmChartContainer - Deleting namespace 'helmbridgeextensionit'...
2025-01-30 18:45:26,727 INFO c.h.h.t.HelmChartContainer - [test-hivemq-platform] [hivemq] [080cc476] INFO  - [HiveMQ Platform Operator Init App 1.7.0-SNAPSHOT] Returning shutdown Health API response 503 for readiness
2025-01-30 18:45:26,732 INFO c.h.h.t.HelmChartContainer - [EVENT] Warning [Unhealthy] Readiness probe failed: HTTP probe failed with statuscode: 503 [helmbridgeextensionit:test-hivemq-platform-0]
2025-01-30 18:45:26,732 INFO c.h.h.t.HelmChartContainer - Received Unhealthy event for container hivemq in pod test-hivemq-platform-0 [080cc476-1224-495a-9ce8-e7e2aa154b9e]
2025-01-30 18:45:27,316 INFO c.h.h.t.HelmChartContainer - [K3S] [authentication.go:74] "Unable to authenticate the request" err="[invalid bearer token, serviceaccounts \"hivemq-platform-pod-test-hivemq-platform\" not found]"
2025-01-30 18:45:27,337 INFO c.h.h.t.HelmChartContainer - [K3S] [authentication.go:74] "Unable to authenticate the request" err="[invalid bearer token, serviceaccounts \"hivemq-platform-pod-test-hivemq-platform\" not found]"
2025-01-30 18:45:27,406 INFO c.h.h.t.HelmChartContainer - [test-hivemq-platform] [hivemq] [080cc476] WARN  - [HiveMQ Platform Operator Init App 1.7.0-SNAPSHOT] Could not update Pod annotations: Failure executing: GET at: https://10.43.0.1:443/api/v1/namespaces/helmbridgeextensionit/pods/test-hivemq-platform-0. Message: Unauthorized. Received status: Status(apiVersion=v1, code=401, details=null, kind=Status, message=Unauthorized, metadata=ListMeta(_continue=null, remainingItemCount=null, resourceVersion=null, selfLink=null, additionalProperties={}), reason=Unauthorized, status=Failure, additionalProperties={}).
2025-01-30 18:45:27,814 INFO c.h.h.t.HelmChartContainer - [test-hivemq-platform] [hivemq] [080cc476] INFO  - Shutting down extension system
2025-01-30 18:45:27,818 INFO c.h.h.t.HelmChartContainer - [test-hivemq-platform] [hivemq] [080cc476] INFO  - Stopping extension with id hivemq-dns-cluster-discovery
2025-01-30 18:45:27,820 INFO c.h.h.t.HelmChartContainer - [test-hivemq-platform] [hivemq] [080cc476] INFO  - Extension "DNS Cluster Discovery Extension" version 4.3.2 stopped successfully.
2025-01-30 18:45:27,820 INFO c.h.h.t.HelmChartContainer - [test-hivemq-platform] [hivemq] [080cc476] INFO  - Stopping extension with id hivemq-bridge-extension
2025-01-30 18:45:27,822 INFO c.h.h.t.HelmChartContainer - [test-hivemq-platform] [hivemq] [080cc476] INFO  - Bridge Extension: Stopping extension
2025-01-30 18:45:27,836 INFO c.h.h.t.HelmChartContainer - [test-hivemq-platform] [hivemq] [080cc476] INFO  - Extension "HiveMQ Enterprise Bridge Extension" version 4.36.0 stopped successfully.
2025-01-30 18:45:27,836 INFO c.h.h.t.HelmChartContainer - [test-hivemq-platform] [hivemq] [080cc476] INFO  - Stopping extension with id hivemq-prometheus-extension
2025-01-30 18:45:27,900 INFO c.h.h.t.HelmChartContainer - [test-hivemq-platform] [hivemq] [080cc476] INFO  - Extension "Prometheus Monitoring Extension" version 4.0.12 stopped successfully.
2025-01-30 18:45:27,900 INFO c.h.h.t.HelmChartContainer - [test-hivemq-platform] [hivemq] [080cc476] INFO  - Stopping extension with id hivemq-allow-all-extension
2025-01-30 18:45:27,900 INFO c.h.h.t.HelmChartContainer - [test-hivemq-platform] [hivemq] [080cc476] INFO  - Extension "Allow All Extension" version 1.1.1 stopped successfully.
2025-01-30 18:45:30,202 INFO c.h.h.t.HelmChartContainer - [test-hivemq-platform] [hivemq] [080cc476] INFO  - Shutdown completed.
2025-01-30 18:45:30,599 INFO c.h.h.t.HelmChartContainer - [test-hivemq-platform] [hivemq] [080cc476] INFO  - [HiveMQ Platform Operator Init App 1.7.0-SNAPSHOT] The HiveMQ Platform exited with code 143
2025-01-30 18:45:30,599 INFO c.h.h.t.HelmChartContainer - [test-hivemq-platform] [hivemq] [080cc476] INFO  - [HiveMQ Platform Operator Init App 1.7.0-SNAPSHOT] Stopping the REST API
2025-01-30 18:45:30,607 INFO c.h.h.t.HelmChartContainer - [test-hivemq-platform] [hivemq] [080cc476] INFO  - [HiveMQ Platform Operator Init App 1.7.0-SNAPSHOT] Shutdown complete
2025-01-30 18:45:30,826 INFO c.h.h.t.HelmChartContainer - [K3S] [stateful_set.go:466] "StatefulSet has been deleted" key="helmbridgeextensionit/test-hivemq-platform"
2025-01-30 18:45:31,087 INFO c.h.h.t.HelmChartContainer - [POD] test-hivemq-platform-0 [080cc476-1224-495a-9ce8-e7e2aa154b9e] in helmbridgeextensionit was MODIFIED
2025-01-30 18:45:31,195 INFO c.h.h.t.HelmChartContainer - [K3S] [reconciler_common.go:162] "operationExecutor.UnmountVolume started for volume \"pod-info\" (UniqueName: \"kubernetes.io/configmap/080cc476-1224-495a-9ce8-e7e2aa154b9e-pod-info\") pod \"080cc476-1224-495a-9ce8-e7e2aa154b9e\" (UID: \"080cc476-1224-495a-9ce8-e7e2aa154b9e\") "
2025-01-30 18:45:31,195 INFO c.h.h.t.HelmChartContainer - [K3S] [reconciler_common.go:162] "operationExecutor.UnmountVolume started for volume \"operator-init\" (UniqueName: \"kubernetes.io/empty-dir/080cc476-1224-495a-9ce8-e7e2aa154b9e-operator-init\") pod \"080cc476-1224-495a-9ce8-e7e2aa154b9e\" (UID: \"080cc476-1224-495a-9ce8-e7e2aa154b9e\") "
2025-01-30 18:45:31,195 INFO c.h.h.t.HelmChartContainer - [K3S] [reconciler_common.go:162] "operationExecutor.UnmountVolume started for volume \"kube-api-access-jfrvj\" (UniqueName: \"kubernetes.io/projected/080cc476-1224-495a-9ce8-e7e2aa154b9e-kube-api-access-jfrvj\") pod \"080cc476-1224-495a-9ce8-e7e2aa154b9e\" (UID: \"080cc476-1224-495a-9ce8-e7e2aa154b9e\") "
2025-01-30 18:45:31,195 INFO c.h.h.t.HelmChartContainer - [K3S] [reconciler_common.go:162] "operationExecutor.UnmountVolume started for volume \"extension-configuration-hivemq-bridge-extension\" (UniqueName: \"kubernetes.io/secret/080cc476-1224-495a-9ce8-e7e2aa154b9e-extension-configuration-hivemq-bridge-extension\") pod \"080cc476-1224-495a-9ce8-e7e2aa154b9e\" (UID: \"080cc476-1224-495a-9ce8-e7e2aa154b9e\") "
2025-01-30 18:45:31,195 INFO c.h.h.t.HelmChartContainer - [K3S] [reconciler_common.go:162] "operationExecutor.UnmountVolume started for volume \"broker-configuration\" (UniqueName: \"kubernetes.io/configmap/080cc476-1224-495a-9ce8-e7e2aa154b9e-broker-configuration\") pod \"080cc476-1224-495a-9ce8-e7e2aa154b9e\" (UID: \"080cc476-1224-495a-9ce8-e7e2aa154b9e\") "
2025-01-30 18:45:31,295 INFO c.h.h.t.HelmChartContainer - [K3S] [reconciler_common.go:299] "Volume detached for volume \"extension-configuration-hivemq-bridge-extension\" (UniqueName: \"kubernetes.io/secret/080cc476-1224-495a-9ce8-e7e2aa154b9e-extension-configuration-hivemq-bridge-extension\") on node \"bd446d25b95a\" DevicePath \"\""
2025-01-30 18:45:31,295 INFO c.h.h.t.HelmChartContainer - [K3S] [reconciler_common.go:299] "Volume detached for volume \"broker-configuration\" (UniqueName: \"kubernetes.io/configmap/080cc476-1224-495a-9ce8-e7e2aa154b9e-broker-configuration\") on node \"bd446d25b95a\" DevicePath \"\""
2025-01-30 18:45:31,295 INFO c.h.h.t.HelmChartContainer - [K3S] [reconciler_common.go:299] "Volume detached for volume \"kube-api-access-jfrvj\" (UniqueName: \"kubernetes.io/projected/080cc476-1224-495a-9ce8-e7e2aa154b9e-kube-api-access-jfrvj\") on node \"bd446d25b95a\" DevicePath \"\""
2025-01-30 18:45:31,295 INFO c.h.h.t.HelmChartContainer - [K3S] [reconciler_common.go:299] "Volume detached for volume \"pod-info\" (UniqueName: \"kubernetes.io/configmap/080cc476-1224-495a-9ce8-e7e2aa154b9e-pod-info\") on node \"bd446d25b95a\" DevicePath \"\""
2025-01-30 18:45:31,295 INFO c.h.h.t.HelmChartContainer - [K3S] [reconciler_common.go:299] "Volume detached for volume \"operator-init\" (UniqueName: \"kubernetes.io/empty-dir/080cc476-1224-495a-9ce8-e7e2aa154b9e-operator-init\") on node \"bd446d25b95a\" DevicePath \"\""
2025-01-30 18:45:31,595 INFO c.h.h.t.HelmChartContainer - [K3S] [scope.go:117] "RemoveContainer" containerID="4c7d9427a60b6ce2a110a850a5cd0ce09d3a5a5e336a3eb029010aad03244845"
2025-01-30 18:45:31,625 INFO c.h.h.t.HelmChartContainer - [POD] test-hivemq-platform-0 [080cc476-1224-495a-9ce8-e7e2aa154b9e] in helmbridgeextensionit was MODIFIED
2025-01-30 18:45:31,631 INFO c.h.h.t.HelmChartContainer - [POD] test-hivemq-platform-0 [080cc476-1224-495a-9ce8-e7e2aa154b9e] in helmbridgeextensionit was DELETED
2025-01-30 18:45:31,711 INFO c.h.h.t.HelmChartContainer - [K3S] [scope.go:117] "RemoveContainer" containerID="6077bddd2b098fe5b5bd1aba4f7f3d90427d87cc9feb0b65d033c847f2949f3a"
2025-01-30 18:45:31,715 INFO c.h.h.t.HelmChartContainer - [K3S] [scope.go:117] "RemoveContainer" containerID="4c7d9427a60b6ce2a110a850a5cd0ce09d3a5a5e336a3eb029010aad03244845"
2025-01-30 18:45:31,715 INFO c.h.h.t.HelmChartContainer - [K3S] [scope.go:117] "RemoveContainer" containerID="6077bddd2b098fe5b5bd1aba4f7f3d90427d87cc9feb0b65d033c847f2949f3a"
2025-01-30 18:45:33,193 INFO c.h.h.t.HelmChartContainer - [K3S] [kubelet_volumes.go:163] "Cleaned up orphaned pod volumes dir" podUID="080cc476-1224-495a-9ce8-e7e2aa154b9e" path="/var/lib/kubelet/pods/080cc476-1224-495a-9ce8-e7e2aa154b9e/volumes"
2025-01-30 18:45:36,116 INFO c.h.h.t.HelmChartContainer - Namespace 'helmbridgeextensionit' deleted
2025-01-30 18:45:36,116 INFO c.h.h.t.HelmChartContainer - Release 'test-hivemq-platform' in namespace 'helmbridgeextensionit' is uninstalled
2025-01-30 18:45:36,116 INFO c.h.h.t.HelmChartContainer - Uninstalling release 'test-hivemq-platform-operator' in namespace 'helmbridgeextensionit-operator'...
2025-01-30 18:45:36,116 DEBUG c.h.h.t.HelmChartContainer - Executing helm command: /bin/helm --kubeconfig /etc/rancher/k3s/k3s.yaml uninstall test-hivemq-platform-operator  --wait --timeout 5m0s --cascade foreground --namespace helmbridgeextensionit-operator
2025-01-30 18:45:36,293 INFO c.h.h.t.HelmChartContainer - [K3S] [replica_set.go:679] "Finished syncing" kind="ReplicaSet" key="helmbridgeextensionit-operator/hivemq-test-hivemq-platform-operator-6966f96d65" duration="12.183653ms"
2025-01-30 18:45:36,309 INFO c.h.h.t.HelmChartContainer - [POD] hivemq-test-hivemq-platform-operator-6966f96d65-l59xb [345a6c57-e642-424f-aec6-94a1337ab8fd] in helmbridgeextensionit-operator was MODIFIED
2025-01-30 18:45:36,309 INFO c.h.h.t.HelmChartContainer - [EVENT] Normal [Killing] Stopping container hivemq-platform-operator [helmbridgeextensionit-operator:hivemq-test-hivemq-platform-operator-6966f96d65-l59xb]
2025-01-30 18:45:36,309 INFO c.h.h.t.HelmChartContainer - Received Killing event for container hivemq-platform-operator in pod hivemq-test-hivemq-platform-operator-6966f96d65-l59xb [345a6c57-e642-424f-aec6-94a1337ab8fd]
2025-01-30 18:45:36,309 INFO c.h.h.t.HelmChartContainer - Container [hivemq-test-hivemq-platform-operator-6966f96d65-l59xb] [hivemq-platform-operator] [345a6c57-e642-424f-aec6-94a1337ab8fd] was terminated
2025-01-30 18:45:36,309 INFO c.h.h.t.HelmChartContainer - Stopped log watcher for hivemq-platform-operator in pod hivemq-test-hivemq-platform-operator-6966f96d65-l59xb [345a6c57-e642-424f-aec6-94a1337ab8fd]
2025-01-30 18:45:36,319 INFO c.h.h.t.HelmChartContainer - [EVENT] Warning [FailedToUpdateEndpoint] Failed to update endpoint helmbridgeextensionit-operator/hivemq-platform-operator-test-hivemq-platform-operator: Operation cannot be fulfilled on endpoints "hivemq-platform-operator-test-hivemq-platform-operator": StorageError: invalid object, Code: 4, Key: /registry/services/endpoints/helmbridgeextensionit-operator/hivemq-platform-operator-test-hivemq-platform-operator, ResourceVersion: 0, AdditionalErrorMsg: Precondition failed: UID in precondition: 726327c9-e005-409b-ab09-ed4a8d7ebc04, UID in object meta:  [helmbridgeextensionit-operator:hivemq-platform-operator-test-hivemq-platform-operator]
2025-01-30 18:45:36,326 INFO c.h.h.t.HelmChartContainer - [K3S] [replica_set.go:679] "Finished syncing" kind="ReplicaSet" key="helmbridgeextensionit-operator/hivemq-test-hivemq-platform-operator-6966f96d65" duration="23.267333ms"
2025-01-30 18:45:36,336 INFO c.h.h.t.HelmChartContainer - [K3S] [replica_set.go:679] "Finished syncing" kind="ReplicaSet" key="helmbridgeextensionit-operator/hivemq-test-hivemq-platform-operator-6966f96d65" duration="10.216776ms"
2025-01-30 18:45:36,336 INFO c.h.h.t.HelmChartContainer - [K3S] [replica_set.go:679] "Finished syncing" kind="ReplicaSet" key="helmbridgeextensionit-operator/hivemq-test-hivemq-platform-operator-6966f96d65" duration="45.285µs"
2025-01-30 18:45:36,348 INFO c.h.h.t.HelmChartContainer - [hivemq-test-hivemq-platform] [hivemq-platform-operator] [345a6c57] 18:45:36.345 [application-shutdown-thread] INFO  c.h.p.o.HiveMQPlatformOperatorApplication - HiveMQ Platform Operator is stopping...
2025-01-30 18:45:36,348 INFO c.h.h.t.HelmChartContainer - [hivemq-test-hivemq-platform] [hivemq-platform-operator] [345a6c57] 18:45:36.346 [application-shutdown-thread] INFO  i.javaoperatorsdk.operator.Operator - Operator SDK 4.9.7 is shutting down...
2025-01-30 18:45:36,951 INFO c.h.h.t.HelmChartContainer - [K3S] [replica_set.go:679] "Finished syncing" kind="ReplicaSet" key="helmbridgeextensionit-operator/hivemq-test-hivemq-platform-operator-6966f96d65" duration="39.544µs"
2025-01-30 18:45:36,953 INFO c.h.h.t.HelmChartContainer - [POD] hivemq-test-hivemq-platform-operator-6966f96d65-l59xb [345a6c57-e642-424f-aec6-94a1337ab8fd] in helmbridgeextensionit-operator was MODIFIED
2025-01-30 18:45:37,027 INFO c.h.h.t.HelmChartContainer - [K3S] [reconciler_common.go:162] "operationExecutor.UnmountVolume started for volume \"kube-api-access-2rmg6\" (UniqueName: \"kubernetes.io/projected/345a6c57-e642-424f-aec6-94a1337ab8fd-kube-api-access-2rmg6\") pod \"345a6c57-e642-424f-aec6-94a1337ab8fd\" (UID: \"345a6c57-e642-424f-aec6-94a1337ab8fd\") "
2025-01-30 18:45:37,128 INFO c.h.h.t.HelmChartContainer - [K3S] [reconciler_common.go:299] "Volume detached for volume \"kube-api-access-2rmg6\" (UniqueName: \"kubernetes.io/projected/345a6c57-e642-424f-aec6-94a1337ab8fd-kube-api-access-2rmg6\") on node \"bd446d25b95a\" DevicePath \"\""
2025-01-30 18:45:37,606 INFO c.h.h.t.HelmChartContainer - [K3S] [scope.go:117] "RemoveContainer" containerID="33a8c494788de24046a48c78f3eee2b447ddd82fd355cddbd333c2aa2acf6f3e"
2025-01-30 18:45:37,609 INFO c.h.h.t.HelmChartContainer - [K3S] [scope.go:117] "RemoveContainer" containerID="33a8c494788de24046a48c78f3eee2b447ddd82fd355cddbd333c2aa2acf6f3e"
2025-01-30 18:45:37,615 INFO c.h.h.t.HelmChartContainer - [K3S] [replica_set.go:679] "Finished syncing" kind="ReplicaSet" key="helmbridgeextensionit-operator/hivemq-test-hivemq-platform-operator-6966f96d65" duration="56.375µs"
2025-01-30 18:45:37,616 INFO c.h.h.t.HelmChartContainer - [POD] hivemq-test-hivemq-platform-operator-6966f96d65-l59xb [345a6c57-e642-424f-aec6-94a1337ab8fd] in helmbridgeextensionit-operator was MODIFIED
2025-01-30 18:45:37,618 INFO c.h.h.t.HelmChartContainer - [K3S] [replica_set.go:679] "Finished syncing" kind="ReplicaSet" key="helmbridgeextensionit-operator/hivemq-test-hivemq-platform-operator-6966f96d65" duration="30.627µs"
2025-01-30 18:45:37,619 INFO c.h.h.t.HelmChartContainer - [POD] hivemq-test-hivemq-platform-operator-6966f96d65-l59xb [345a6c57-e642-424f-aec6-94a1337ab8fd] in helmbridgeextensionit-operator was DELETED
2025-01-30 18:45:37,628 INFO c.h.h.t.HelmChartContainer - [K3S] [replica_set.go:679] "Finished syncing" kind="ReplicaSet" key="helmbridgeextensionit-operator/hivemq-test-hivemq-platform-operator-6966f96d65" duration="6.422µs"
2025-01-30 18:45:38,334 INFO c.h.h.t.HelmChartContainer - Deleting namespace 'helmbridgeextensionit-operator'...
2025-01-30 18:45:39,194 INFO c.h.h.t.HelmChartContainer - [K3S] [kubelet_volumes.go:163] "Cleaned up orphaned pod volumes dir" podUID="345a6c57-e642-424f-aec6-94a1337ab8fd" path="/var/lib/kubelet/pods/345a6c57-e642-424f-aec6-94a1337ab8fd/volumes"
2025-01-30 18:45:41,040 INFO c.h.h.t.HelmChartContainer - [K3S] [namespace_controller.go:187] "Namespace has been deleted" namespace="helmbridgeextensionit"
2025-01-30 18:45:43,553 INFO c.h.h.t.HelmChartContainer - Namespace 'helmbridgeextensionit-operator' deleted
2025-01-30 18:45:43,553 INFO c.h.h.t.HelmChartContainer - Release 'test-hivemq-platform-operator' in namespace 'helmbridgeextensionit-operator' is uninstalled
2025-01-30 18:45:44,146 INFO c.h.helmcharts.AbstractHelmChartIT - Removed unused containers:

2025-01-30 18:45:48,459 INFO c.h.h.t.HelmChartContainer - [K3S] [namespace_controller.go:187] "Namespace has been deleted" namespace="helmbridgeextensionit-operator"
2025-01-30 18:45:52,036 INFO c.h.helmcharts.AbstractHelmChartIT - Removed unused snapshots:
Removing snapshot sha256:03af251906410714c5aef9fa705b63f6bbc39c4a5e787de7361eeb18886c2ed2
Removing snapshot sha256:0c46b3b43cce082ce5ec34ffc6c294e0417d17b9d1e6f366d114b6aadc4f96dc
Removing snapshot sha256:0ce761beee59082d6ed5bcebd3a805b8ddd9b3426b617e4809e7fb7c6587ffec
Removing snapshot sha256:0df91287303208332c8ff6ba40ae4710105201739addbfbddfb955f1ad593664
Removing snapshot sha256:1021ef88c7974bfff89c5a0ec4fd3160daac6c48a075f74cff721f85dd104e68
Removing snapshot sha256:10aba4953ddc18145dd38e3704709bc464aa20af60b56fe52caaff4b68411e62
Removing snapshot sha256:1bb78235c7063c235707981b6319d30a51dc4cc48cbaf22eba4331681eaa54a4
Removing snapshot sha256:2573e0d8158209ed54ab25c87bcdcb00bd3d2539246960a3d592a1c599d70465
Removing snapshot sha256:362a8a37f8bbc31925a8146adcf7cf51f9882f5c1dcbef67c5baa03a297543c0
Removing snapshot sha256:43a7c979bbaba6838bc3102d6b10a1459f3ab050b87ccdfef84ef90cf43d3058
Removing snapshot sha256:4ab04491cdf0d3267f08206fe30bd48f49f94b9cab2f016d6739220f722a64af
Removing snapshot sha256:4b6068250e89c96f263060261819c7d912855bfbd64b3eb4c4a8483299b8c295
Removing snapshot sha256:580e69a0a8034ede1921139bbd2bfb72a69ebf276d008281896c32dd8bf74775
Removing snapshot sha256:5d30ba46b27fe37484567ccc5242cadc78217b8da605f3f195ef25cbf7487904
Removing snapshot sha256:63ca1fbb43ae5034640e5e6cb3e083e05c290072c5366fcaa9d62435a4cced85
Removing snapshot sha256:67f702c6baae873bceb19487c8b1f27bd2b86077e4f2f0e480e6d60ab508b8f5
Removing snapshot sha256:6864348dd42806d552efdec384f1274be15e2d0c10ce44c1f04347af004c10a9
Removing snapshot sha256:6c7dee8f2c39b84b7dc2711c01d33de93514d9055499173e9290176fbe484b6c
Removing snapshot sha256:82753493a6d61ded36556292f02f31841a14c20d2f279f19eaad65afb661d5cd
Removing snapshot sha256:8a10d3db42c505ee0fcfa98417bdd7e39b304f6bcc0a06bb1b220797ff2cc63c
Removing snapshot sha256:a0904247e36a7726c03c71ee48f3e64462021c88dafeb13f37fdaf613b27f11c
Removing snapshot sha256:a21e5b12dbac529ad45d976eb9ce45c881f3bedcc500fb30aba1e52aa1813418
Removing snapshot sha256:b921e6c28969094157f9b8e7244677780319637afd14450b7cb6b2fdea558a0c
Removing snapshot sha256:bc27ecb5769a00e309cf99ebc763c4a4b958b618d1decc96ffac5bc05f02f5b7
Removing snapshot sha256:be3ccb6627a5332e309d45ef461d09b4879dd870c7394d89323d0ebc6ca6aa8a
Removing snapshot sha256:c261f7cbbc64211ee175ee47273acdb7b1a36a4450b397a064a8f2c026490095
Removing snapshot sha256:c34d9393647eea0c9e3557ab988efaf59f61d10a2a5613b439ef0958cca5ec10
Removing snapshot sha256:ccf3c4a0fa967a41c1c83497a2ce6fa5787965859df0adb32c4ca2cf7490bc2b
Removing snapshot sha256:cf92d33f869417309692088c341cd0f223c178ea78a125f757317b22aa8f90e9
Removing snapshot sha256:d0037344cf2fb078884f1849f6a1f8cf9a33a3b6139b6a85833e5ee528e1f9a8
Removing snapshot sha256:d3b36d5b79273b1e98e7700470eaeff05a882e777124d84cebcc1505b85ecb36
Removing snapshot sha256:d65a44a37914602d12c611e5e22a50f11451d847e63015cc1c2aef92dee777a4
Removing snapshot sha256:e2dc0bae2455930f23ae570e019b7f32edc75c0f2d71cab084db837ff9051796
Removing snapshot sha256:eccbd24a99c60cd9e86ee5305dbfc4a4dc89f5ab4fb1f06c8d64797cecedef34
Removing snapshot sha256:f144bb4c7c7f0d2aa7eeffd36d934ec40db1ee167be727e326aad9fdc616f475
Removing snapshot sha256:f819732f8708e08dfe523c8def2fcc727a6643cbb8058b79b6a0f913d8f991cb

]]></system-out>
  </testcase>
  <system-out><![CDATA[2025-01-30 18:41:13,638 INFO c.h.h.t.HelmChartContainerExtension - Using cached HelmChartContainer instance
2025-01-30 18:41:13,643 INFO c.h.h.t.HelmChartContainerExtension - Creating cached HelmChartContainer instance
2025-01-30 18:41:13,664 INFO o.testcontainers.DockerClientFactory - Testcontainers version: 1.20.4
2025-01-30 18:41:14,077 INFO o.t.d.DockerClientProviderStrategy - Found Docker environment with local Unix socket (unix:///var/run/docker.sock)
2025-01-30 18:41:14,083 INFO o.testcontainers.DockerClientFactory - Docker host IP address is localhost
2025-01-30 18:41:14,097 INFO o.testcontainers.DockerClientFactory - Connected to docker: 
  Server Version: 26.1.3
  API Version: 1.45
  Operating System: Ubuntu 24.04.1 LTS
  Total Memory: 15990 MB
2025-01-30 18:41:14,104 INFO o.testcontainers.images.PullPolicy - Image pull policy will be performed by: DefaultPullPolicy()
2025-01-30 18:41:14,105 INFO o.t.utility.ImageNameSubstitutor - Image name substitution will be performed by: DefaultImageNameSubstitutor (composite of 'ConfigurationFileImageNameSubstitutor' and 'PrefixingImageNameSubstitutor')
2025-01-30 18:41:14,131 INFO tc.testcontainers/ryuk:0.11.0 - Pulling docker image: testcontainers/ryuk:0.11.0. Please be patient; this may take some time but only needs to be done once.
2025-01-30 18:41:14,450 INFO tc.testcontainers/ryuk:0.11.0 - Starting to pull image
2025-01-30 18:41:14,466 INFO tc.testcontainers/ryuk:0.11.0 - Pulling image layers:  0 pending,  0 downloaded,  0 extracted, (0 bytes/0 bytes)
2025-01-30 18:41:14,646 INFO tc.testcontainers/ryuk:0.11.0 - Pulling image layers:  2 pending,  1 downloaded,  0 extracted, (116 KB/? MB)
2025-01-30 18:41:14,708 INFO tc.testcontainers/ryuk:0.11.0 - Pulling image layers:  1 pending,  2 downloaded,  0 extracted, (116 KB/? MB)
2025-01-30 18:41:14,715 INFO tc.testcontainers/ryuk:0.11.0 - Pulling image layers:  0 pending,  3 downloaded,  0 extracted, (3 MB/10 MB)
2025-01-30 18:41:14,813 INFO tc.testcontainers/ryuk:0.11.0 - Pulling image layers:  0 pending,  3 downloaded,  1 extracted, (3 MB/10 MB)
2025-01-30 18:41:14,970 INFO tc.testcontainers/ryuk:0.11.0 - Pulling image layers:  0 pending,  3 downloaded,  2 extracted, (4 MB/10 MB)
2025-01-30 18:41:15,014 INFO tc.testcontainers/ryuk:0.11.0 - Pulling image layers:  0 pending,  3 downloaded,  3 extracted, (10 MB/10 MB)
2025-01-30 18:41:15,022 INFO tc.testcontainers/ryuk:0.11.0 - Image testcontainers/ryuk:0.11.0 pull took PT0.890519623S
2025-01-30 18:41:15,044 INFO tc.testcontainers/ryuk:0.11.0 - Creating container for image: testcontainers/ryuk:0.11.0
2025-01-30 18:41:15,101 INFO tc.testcontainers/ryuk:0.11.0 - Container testcontainers/ryuk:0.11.0 is starting: 83f88ae5399745d2850c076635c0ab61b21c0ec061ee444c79cddc8206856627
2025-01-30 18:41:15,370 INFO tc.testcontainers/ryuk:0.11.0 - Container testcontainers/ryuk:0.11.0 started in PT0.32552032S
2025-01-30 18:41:15,374 INFO o.t.utility.RyukResourceReaper - Ryuk started - will monitor and terminate Testcontainers containers on JVM exit
2025-01-30 18:41:15,374 INFO o.testcontainers.DockerClientFactory - Checking the system...
2025-01-30 18:41:15,375 INFO o.testcontainers.DockerClientFactory - ✔︎ Docker server version should be at least 1.6.0
2025-01-30 18:41:15,451 INFO o.t.i.builder.ImageFromDockerfile - Pre-emptively checking local images for 'ubuntu:noble-20241118.1@sha256:80dd3c3b9c6cecb9f1667e9290b3bc61b78c2678c02cbdae5f0fea92cc6734ab', referenced via a Dockerfile. If not available, it will be pulled.
2025-01-30 18:41:15,453 INFO t.u.1@sha256:80dd3c... - Pulling docker image: ubuntu:noble-20241118.1@sha256:80dd3c3b9c6cecb9f1667e9290b3bc61b78c2678c02cbdae5f0fea92cc6734ab. Please be patient; this may take some time but only needs to be done once.
2025-01-30 18:41:15,602 INFO t.u.1@sha256:80dd3c... - Starting to pull image
2025-01-30 18:41:15,603 INFO t.u.1@sha256:80dd3c... - Pulling image layers:  0 pending,  0 downloaded,  0 extracted, (0 bytes/0 bytes)
2025-01-30 18:41:16,283 INFO t.u.1@sha256:80dd3c... - Pulling image layers:  0 pending,  1 downloaded,  0 extracted, (24 MB/28 MB)
2025-01-30 18:41:17,209 INFO t.u.1@sha256:80dd3c... - Pulling image layers:  0 pending,  1 downloaded,  1 extracted, (28 MB/28 MB)
2025-01-30 18:41:17,214 INFO t.u.1@sha256:80dd3c... - Pull complete. 1 layers, pulled in 1s (downloaded 28 MB at 28 MB/s)
2025-01-30 18:41:17,214 INFO t.u.1@sha256:80dd3c... - Image ubuntu:noble-20241118.1@sha256:80dd3c3b9c6cecb9f1667e9290b3bc61b78c2678c02cbdae5f0fea92cc6734ab pull took PT1.760513918S
2025-01-30 18:41:17,217 INFO o.t.i.builder.ImageFromDockerfile - Pre-emptively checking local images for 'rancher/k3s:v1.32.1-k3s1', referenced via a Dockerfile. If not available, it will be pulled.
2025-01-30 18:41:17,218 INFO tc.rancher/k3s:v1.32.1-k3s1 - Pulling docker image: rancher/k3s:v1.32.1-k3s1. Please be patient; this may take some time but only needs to be done once.
2025-01-30 18:41:17,434 INFO tc.rancher/k3s:v1.32.1-k3s1 - Starting to pull image
2025-01-30 18:41:17,435 INFO tc.rancher/k3s:v1.32.1-k3s1 - Pulling image layers:  0 pending,  0 downloaded,  0 extracted, (0 bytes/0 bytes)
2025-01-30 18:41:19,271 INFO tc.rancher/k3s:v1.32.1-k3s1 - Pulling image layers:  0 pending,  1 downloaded,  0 extracted, (66 MB/71 MB)
2025-01-30 18:41:20,315 INFO tc.rancher/k3s:v1.32.1-k3s1 - Pulling image layers:  0 pending,  1 downloaded,  1 extracted, (71 MB/71 MB)
2025-01-30 18:41:20,321 INFO tc.rancher/k3s:v1.32.1-k3s1 - Image rancher/k3s:v1.32.1-k3s1 pull took PT3.103132386S
2025-01-30 18:41:20,321 INFO tc.rancher/k3s:v1.32.1-k3s1 - Pull complete. 1 layers, pulled in 2s (downloaded 71 MB at 35 MB/s)
2025-01-30 18:41:20,328 INFO o.t.i.builder.ImageFromDockerfile - Transferred 0 bytes to Docker daemon
2025-01-30 18:41:35,019 INFO c.h.h.t.HelmChartContainer - Starting HelmChartContainer...
2025-01-30 18:41:35,023 INFO t.localhost/testcontainers/v6sibvjciu9jqhuq:latest - Creating container for image: localhost/testcontainers/v6sibvjciu9jqhuq:latest
2025-01-30 18:41:35,107 INFO tc.alpine:3.17 - Pulling docker image: alpine:3.17. Please be patient; this may take some time but only needs to be done once.
2025-01-30 18:41:35,366 INFO tc.alpine:3.17 - Starting to pull image
2025-01-30 18:41:35,368 INFO tc.alpine:3.17 - Pulling image layers:  0 pending,  0 downloaded,  0 extracted, (0 bytes/0 bytes)
2025-01-30 18:41:35,571 INFO tc.alpine:3.17 - Pulling image layers:  0 pending,  1 downloaded,  0 extracted, (33 KB/3 MB)
2025-01-30 18:41:35,667 INFO tc.alpine:3.17 - Pulling image layers:  0 pending,  1 downloaded,  1 extracted, (3 MB/3 MB)
2025-01-30 18:41:35,672 INFO tc.alpine:3.17 - Image alpine:3.17 pull took PT0.564735051S
2025-01-30 18:41:36,206 INFO t.localhost/testcontainers/v6sibvjciu9jqhuq:latest - Container localhost/testcontainers/v6sibvjciu9jqhuq:latest is starting: bd446d25b95ad79cda9e3b53006ec24746ac684ad58e6cb3632223dc658902c5
2025-01-30 18:41:36,568 INFO c.h.h.t.HelmChartContainer - [K3S] [INFO] Starting k3s v1.32.1+k3s1 (6a322f12)
2025-01-30 18:41:36,570 INFO c.h.h.t.HelmChartContainer - [K3S] [INFO] Configuring sqlite3 database connection pooling: maxIdleConns=2, maxOpenConns=0, connMaxLifetime=0s
2025-01-30 18:41:36,571 INFO c.h.h.t.HelmChartContainer - [K3S] [INFO] Configuring database table schema and indexes, this may take a moment...
2025-01-30 18:41:36,573 INFO c.h.h.t.HelmChartContainer - [K3S] [INFO] Database tables and indexes are up to date
2025-01-30 18:41:36,576 INFO c.h.h.t.HelmChartContainer - [K3S] [INFO] Kine available at unix://kine.sock
2025-01-30 18:41:36,719 INFO c.h.h.t.HelmChartContainer - [K3S] [INFO] Saving cluster bootstrap data to datastore
2025-01-30 18:41:36,720 INFO c.h.h.t.HelmChartContainer - [K3S] [WARNING] dynamiclistener [::]:6443: no cached certificate available for preload - deferring certificate load until storage initialization or first client request
2025-01-30 18:41:36,721 INFO c.h.h.t.HelmChartContainer - [K3S] [INFO] Active TLS secret / (ver=) (count 10): map[listener.cattle.io/cn-10.43.0.1:10.43.0.1 listener.cattle.io/cn-127.0.0.1:127.0.0.1 listener.cattle.io/cn-172.18.0.2:172.18.0.2 listener.cattle.io/cn-__1-f16284:::1 listener.cattle.io/cn-bd446d25b95a:bd446d25b95a listener.cattle.io/cn-kubernetes:kubernetes listener.cattle.io/cn-kubernetes.default:kubernetes.default listener.cattle.io/cn-kubernetes.default.svc:kubernetes.default.svc listener.cattle.io/cn-kubernetes.default.svc.cluster.local:kubernetes.default.svc.cluster.local listener.cattle.io/cn-localhost:localhost listener.cattle.io/fingerprint:SHA1=83722B53B63FCA877FCEC6E77EE406BA373DEBE0]
2025-01-30 18:41:36,884 INFO c.h.h.t.HelmChartContainer - [K3S] [INFO] Running kube-apiserver --advertise-port=6443 --allow-privileged=true --anonymous-auth=false --api-audiences=https://kubernetes.default.svc.cluster.local,k3s --authorization-mode=Node,RBAC --bind-address=127.0.0.1 --cert-dir=/var/lib/rancher/k3s/server/tls/temporary-certs --client-ca-file=/var/lib/rancher/k3s/server/tls/client-ca.crt --egress-selector-config-file=/var/lib/rancher/k3s/server/etc/egress-selector-config.yaml --enable-admission-plugins=NodeRestriction --enable-aggregator-routing=true --enable-bootstrap-token-auth=true --etcd-compaction-interval=0s --etcd-servers=unix://kine.sock --kubelet-certificate-authority=/var/lib/rancher/k3s/server/tls/server-ca.crt --kubelet-client-certificate=/var/lib/rancher/k3s/server/tls/client-kube-apiserver.crt --kubelet-client-key=/var/lib/rancher/k3s/server/tls/client-kube-apiserver.key --kubelet-preferred-address-types=InternalIP,ExternalIP,Hostname --profiling=false --proxy-client-cert-file=/var/lib/rancher/k3s/server/tls/client-auth-proxy.crt --proxy-client-key-file=/var/lib/rancher/k3s/server/tls/client-auth-proxy.key --requestheader-allowed-names=system:auth-proxy --requestheader-client-ca-file=/var/lib/rancher/k3s/server/tls/request-header-ca.crt --requestheader-extra-headers-prefix=X-Remote-Extra- --requestheader-group-headers=X-Remote-Group --requestheader-username-headers=X-Remote-User --secure-port=6444 --service-account-issuer=https://kubernetes.default.svc.cluster.local --service-account-key-file=/var/lib/rancher/k3s/server/tls/service.key --service-account-signing-key-file=/var/lib/rancher/k3s/server/tls/service.current.key --service-cluster-ip-range=10.43.0.0/16 --service-node-port-range=30000-32767 --storage-backend=etcd3 --tls-cert-file=/var/lib/rancher/k3s/server/tls/serving-kube-apiserver.crt --tls-cipher-suites=TLS_ECDHE_ECDSA_WITH_AES_256_GCM_SHA384,TLS_ECDHE_RSA_WITH_AES_256_GCM_SHA384,TLS_ECDHE_ECDSA_WITH_AES_128_GCM_SHA256,TLS_ECDHE_RSA_WITH_AES_128_GCM_SHA256,TLS_ECDHE_ECDSA_WITH_CHACHA20_POLY1305,TLS_ECDHE_RSA_WITH_CHACHA20_POLY1305 --tls-private-key-file=/var/lib/rancher/k3s/server/tls/serving-kube-apiserver.key
2025-01-30 18:41:36,885 INFO c.h.h.t.HelmChartContainer - [K3S] [INFO] Running kube-scheduler --authentication-kubeconfig=/var/lib/rancher/k3s/server/cred/scheduler.kubeconfig --authorization-kubeconfig=/var/lib/rancher/k3s/server/cred/scheduler.kubeconfig --bind-address=127.0.0.1 --kubeconfig=/var/lib/rancher/k3s/server/cred/scheduler.kubeconfig --leader-elect=false --profiling=false --secure-port=10259
2025-01-30 18:41:36,886 INFO c.h.h.t.HelmChartContainer - [K3S] [registry.go:256] calling componentGlobalsRegistry.AddFlags more than once, the registry will be set by the latest flags
2025-01-30 18:41:36,886 INFO c.h.h.t.HelmChartContainer - [K3S] [INFO] Waiting for API server to become available
2025-01-30 18:41:36,887 INFO c.h.h.t.HelmChartContainer - [K3S] [INFO] Running kube-controller-manager --allocate-node-cidrs=true --authentication-kubeconfig=/var/lib/rancher/k3s/server/cred/controller.kubeconfig --authorization-kubeconfig=/var/lib/rancher/k3s/server/cred/controller.kubeconfig --bind-address=127.0.0.1 --cluster-cidr=10.42.0.0/16 --cluster-signing-kube-apiserver-client-cert-file=/var/lib/rancher/k3s/server/tls/client-ca.nochain.crt --cluster-signing-kube-apiserver-client-key-file=/var/lib/rancher/k3s/server/tls/client-ca.key --cluster-signing-kubelet-client-cert-file=/var/lib/rancher/k3s/server/tls/client-ca.nochain.crt --cluster-signing-kubelet-client-key-file=/var/lib/rancher/k3s/server/tls/client-ca.key --cluster-signing-kubelet-serving-cert-file=/var/lib/rancher/k3s/server/tls/server-ca.nochain.crt --cluster-signing-kubelet-serving-key-file=/var/lib/rancher/k3s/server/tls/server-ca.key --cluster-signing-legacy-unknown-cert-file=/var/lib/rancher/k3s/server/tls/server-ca.nochain.crt --cluster-signing-legacy-unknown-key-file=/var/lib/rancher/k3s/server/tls/server-ca.key --configure-cloud-routes=false --controllers=*,tokencleaner,-service,-route,-cloud-node-lifecycle --kubeconfig=/var/lib/rancher/k3s/server/cred/controller.kubeconfig --leader-elect=false --profiling=false --root-ca-file=/var/lib/rancher/k3s/server/tls/server-ca.crt --secure-port=10257 --service-account-private-key-file=/var/lib/rancher/k3s/server/tls/service.current.key --service-cluster-ip-range=10.43.0.0/16 --use-service-account-credentials=true
2025-01-30 18:41:36,888 INFO c.h.h.t.HelmChartContainer - [K3S] [registry.go:256] calling componentGlobalsRegistry.AddFlags more than once, the registry will be set by the latest flags
2025-01-30 18:41:36,888 INFO c.h.h.t.HelmChartContainer - [K3S] [options.go:299] unable to set WatchListClient feature gate, err: cannot override default for feature "WatchListClient": gates already added to a flag set
2025-01-30 18:41:36,888 INFO c.h.h.t.HelmChartContainer - [K3S] [options.go:238] external host was not specified, using 172.18.0.2
2025-01-30 18:41:36,888 INFO c.h.h.t.HelmChartContainer - [K3S] [registry.go:256] calling componentGlobalsRegistry.AddFlags more than once, the registry will be set by the latest flags
2025-01-30 18:41:36,888 INFO c.h.h.t.HelmChartContainer - [K3S] [INFO] Running cloud-controller-manager --allocate-node-cidrs=true --authentication-kubeconfig=/var/lib/rancher/k3s/server/cred/cloud-controller.kubeconfig --authorization-kubeconfig=/var/lib/rancher/k3s/server/cred/cloud-controller.kubeconfig --bind-address=127.0.0.1 --cloud-config=/var/lib/rancher/k3s/server/etc/cloud-config.yaml --cloud-provider=k3s --cluster-cidr=10.42.0.0/16 --configure-cloud-routes=false --controllers=*,-route --kubeconfig=/var/lib/rancher/k3s/server/cred/cloud-controller.kubeconfig --leader-elect=false --leader-elect-resource-name=k3s-cloud-controller-manager --node-status-update-frequency=1m0s --profiling=false
2025-01-30 18:41:36,889 INFO c.h.h.t.HelmChartContainer - [K3S] [INFO] Server node token is available at /var/lib/rancher/k3s/server/token
2025-01-30 18:41:36,889 INFO c.h.h.t.HelmChartContainer - [K3S] [INFO] To join server node to cluster: k3s server -s https://172.18.0.2:6443 -t ${SERVER_NODE_TOKEN}
2025-01-30 18:41:36,889 INFO c.h.h.t.HelmChartContainer - [K3S] [INFO] Agent node token is available at /var/lib/rancher/k3s/server/agent-token
2025-01-30 18:41:36,889 INFO c.h.h.t.HelmChartContainer - [K3S] [server.go:151] Version: v1.32.1+k3s1
2025-01-30 18:41:36,890 INFO c.h.h.t.HelmChartContainer - [K3S] [server.go:153] "Golang settings" GOGC="" GOMAXPROCS="" GOTRACEBACK=""
2025-01-30 18:41:36,901 INFO c.h.h.t.HelmChartContainer - [K3S] [INFO] To join agent node to cluster: k3s agent -s https://172.18.0.2:6443 -t ${AGENT_NODE_TOKEN}
2025-01-30 18:41:36,903 INFO c.h.h.t.HelmChartContainer - [K3S] [INFO] Wrote kubeconfig /etc/rancher/k3s/k3s.yaml
2025-01-30 18:41:36,903 INFO c.h.h.t.HelmChartContainer - [K3S] [INFO] Run: k3s kubectl
2025-01-30 18:41:37,187 INFO c.h.h.t.HelmChartContainer - [K3S] [plugins.go:157] Loaded 13 mutating admission controller(s) successfully in the following order: NamespaceLifecycle,LimitRanger,ServiceAccount,NodeRestriction,TaintNodesByCondition,Priority,DefaultTolerationSeconds,DefaultStorageClass,StorageObjectInUseProtection,RuntimeClass,DefaultIngressClass,MutatingAdmissionPolicy,MutatingAdmissionWebhook.
2025-01-30 18:41:37,187 INFO c.h.h.t.HelmChartContainer - [K3S] [plugins.go:160] Loaded 13 validating admission controller(s) successfully in the following order: LimitRanger,ServiceAccount,PodSecurity,Priority,PersistentVolumeClaimResize,RuntimeClass,CertificateApproval,CertificateSigning,ClusterTrustBundleAttest,CertificateSubjectRestriction,ValidatingAdmissionPolicy,ValidatingAdmissionWebhook,ResourceQuota.
2025-01-30 18:41:37,187 INFO c.h.h.t.HelmChartContainer - [K3S] [instance.go:233] Using reconciler: lease
2025-01-30 18:41:37,254 INFO c.h.h.t.HelmChartContainer - [K3S] [apis.go:106] API group "internal.apiserver.k8s.io" is not enabled, skipping.
2025-01-30 18:41:37,295 INFO c.h.h.t.HelmChartContainer - [K3S] [apis.go:106] API group "storagemigration.k8s.io" is not enabled, skipping.
2025-01-30 18:41:37,325 INFO c.h.h.t.HelmChartContainer - [K3S] [apis.go:106] API group "resource.k8s.io" is not enabled, skipping.
2025-01-30 18:41:37,542 INFO c.h.h.t.HelmChartContainer - [K3S] [INFO] Password verified locally for node bd446d25b95a
2025-01-30 18:41:37,654 INFO c.h.h.t.HelmChartContainer - [K3S] [dynamic_cafile_content.go:161] "Starting controller" name="request-header::/var/lib/rancher/k3s/server/tls/request-header-ca.crt"
2025-01-30 18:41:37,654 INFO c.h.h.t.HelmChartContainer - [K3S] [dynamic_cafile_content.go:161] "Starting controller" name="client-ca-bundle::/var/lib/rancher/k3s/server/tls/client-ca.crt"
2025-01-30 18:41:37,654 INFO c.h.h.t.HelmChartContainer - [K3S] [dynamic_serving_content.go:135] "Starting controller" name="serving-cert::/var/lib/rancher/k3s/server/tls/serving-kube-apiserver.crt::/var/lib/rancher/k3s/server/tls/serving-kube-apiserver.key"
2025-01-30 18:41:37,654 INFO c.h.h.t.HelmChartContainer - [K3S] [secure_serving.go:213] Serving securely on 127.0.0.1:6444
2025-01-30 18:41:37,654 INFO c.h.h.t.HelmChartContainer - [K3S] [tlsconfig.go:243] "Starting DynamicServingCertificateController"
2025-01-30 18:41:37,654 INFO c.h.h.t.HelmChartContainer - [K3S] [dynamic_serving_content.go:135] "Starting controller" name="aggregator-proxy-cert::/var/lib/rancher/k3s/server/tls/client-auth-proxy.crt::/var/lib/rancher/k3s/server/tls/client-auth-proxy.key"
2025-01-30 18:41:37,655 INFO c.h.h.t.HelmChartContainer - [K3S] [apiservice_controller.go:100] Starting APIServiceRegistrationController
2025-01-30 18:41:37,659 INFO c.h.h.t.HelmChartContainer - [K3S] [controller.go:78] Starting OpenAPI AggregationController
2025-01-30 18:41:37,660 INFO c.h.h.t.HelmChartContainer - [K3S] [system_namespaces_controller.go:66] Starting system namespaces controller
2025-01-30 18:41:37,660 INFO c.h.h.t.HelmChartContainer - [K3S] [gc_controller.go:78] Starting apiserver lease garbage collector
2025-01-30 18:41:37,660 INFO c.h.h.t.HelmChartContainer - [K3S] [remote_available_controller.go:411] Starting RemoteAvailability controller
2025-01-30 18:41:37,660 INFO c.h.h.t.HelmChartContainer - [K3S] [aggregator.go:169] waiting for initial CRD sync...
2025-01-30 18:41:37,660 INFO c.h.h.t.HelmChartContainer - [K3S] [local_available_controller.go:156] Starting LocalAvailability controller
2025-01-30 18:41:37,660 INFO c.h.h.t.HelmChartContainer - [K3S] [customresource_discovery_controller.go:292] Starting DiscoveryController
2025-01-30 18:41:37,660 INFO c.h.h.t.HelmChartContainer - [K3S] [controller.go:119] Starting legacy_token_tracking_controller
2025-01-30 18:41:37,660 INFO c.h.h.t.HelmChartContainer - [K3S] [cluster_authentication_trust_controller.go:462] Starting cluster_authentication_trust_controller controller
2025-01-30 18:41:37,660 INFO c.h.h.t.HelmChartContainer - [K3S] [apf_controller.go:377] Starting API Priority and Fairness config controller
2025-01-30 18:41:37,660 INFO c.h.h.t.HelmChartContainer - [K3S] [controller.go:80] Starting OpenAPI V3 AggregationController
2025-01-30 18:41:37,661 INFO c.h.h.t.HelmChartContainer - [K3S] [dynamic_cafile_content.go:161] "Starting controller" name="client-ca-bundle::/var/lib/rancher/k3s/server/tls/client-ca.crt"
2025-01-30 18:41:37,661 INFO c.h.h.t.HelmChartContainer - [K3S] [dynamic_cafile_content.go:161] "Starting controller" name="request-header::/var/lib/rancher/k3s/server/tls/request-header-ca.crt"
2025-01-30 18:41:37,661 INFO c.h.h.t.HelmChartContainer - [K3S] [crdregistration_controller.go:114] Starting crd-autoregister controller
2025-01-30 18:41:37,661 INFO c.h.h.t.HelmChartContainer - [K3S] [controller.go:142] Starting OpenAPI controller
2025-01-30 18:41:37,661 INFO c.h.h.t.HelmChartContainer - [K3S] [controller.go:90] Starting OpenAPI V3 controller
2025-01-30 18:41:37,661 INFO c.h.h.t.HelmChartContainer - [K3S] [naming_controller.go:294] Starting NamingConditionController
2025-01-30 18:41:37,661 INFO c.h.h.t.HelmChartContainer - [K3S] [establishing_controller.go:81] Starting EstablishingController
2025-01-30 18:41:37,661 INFO c.h.h.t.HelmChartContainer - [K3S] [nonstructuralschema_controller.go:195] Starting NonStructuralSchemaConditionController
2025-01-30 18:41:37,661 INFO c.h.h.t.HelmChartContainer - [K3S] [apiapproval_controller.go:189] Starting KubernetesAPIApprovalPolicyConformantConditionController
2025-01-30 18:41:37,661 INFO c.h.h.t.HelmChartContainer - [K3S] [crd_finalizer.go:269] Starting CRDFinalizer
2025-01-30 18:41:37,755 INFO c.h.h.t.HelmChartContainer - [K3S] [handler_discovery.go:451] Starting ResourceDiscoveryManager
2025-01-30 18:41:37,755 INFO c.h.h.t.HelmChartContainer - [K3S] [apf_controller.go:382] Running API Priority and Fairness config worker
2025-01-30 18:41:37,756 INFO c.h.h.t.HelmChartContainer - [K3S] [apf_controller.go:385] Running API Priority and Fairness periodic rebalancing process
2025-01-30 18:41:37,756 INFO c.h.h.t.HelmChartContainer - [K3S] [aggregator.go:171] initial CRD sync complete...
2025-01-30 18:41:37,756 INFO c.h.h.t.HelmChartContainer - [K3S] [autoregister_controller.go:144] Starting autoregister controller
2025-01-30 18:41:37,783 INFO c.h.h.t.HelmChartContainer - [K3S] [policy_source.go:240] refreshing policies
2025-01-30 18:41:37,789 INFO c.h.h.t.HelmChartContainer - [K3S] [controller.go:145] "Failed to ensure lease exists, will retry" err="namespaces \"kube-system\" not found" interval="200ms"
2025-01-30 18:41:37,808 INFO c.h.h.t.HelmChartContainer - [K3S] [controller.go:95] Unable to perform initial Kubernetes service initialization: namespaces "default" not found
2025-01-30 18:41:37,809 INFO c.h.h.t.HelmChartContainer - [K3S] [controller.go:148] "Unhandled Error" err="while syncing ConfigMap \"kube-system/kube-apiserver-legacy-service-account-token-tracking\", err: namespaces \"kube-system\" not found" logger="UnhandledError"
2025-01-30 18:41:38,081 INFO c.h.h.t.HelmChartContainer - [K3S] [WARNING] Host resolv.conf includes loopback or multicast nameservers - kubelet will use autogenerated resolv.conf with nameserver 8.8.8.8
2025-01-30 18:41:38,090 INFO c.h.h.t.HelmChartContainer - [K3S] [INFO] Module overlay was already loaded
2025-01-30 18:41:38,090 INFO c.h.h.t.HelmChartContainer - [K3S] [INFO] Module nf_conntrack was already loaded
2025-01-30 18:41:38,090 INFO c.h.h.t.HelmChartContainer - [K3S] [INFO] Module br_netfilter was already loaded
2025-01-30 18:41:38,095 INFO c.h.h.t.HelmChartContainer - [K3S] [INFO] Set sysctl 'net/netfilter/nf_conntrack_max' to 131072
2025-01-30 18:41:38,095 INFO c.h.h.t.HelmChartContainer - [K3S] [INFO] Set sysctl 'net/netfilter/nf_conntrack_tcp_timeout_established' to 86400
2025-01-30 18:41:38,095 INFO c.h.h.t.HelmChartContainer - [K3S] [INFO] Set sysctl 'net/netfilter/nf_conntrack_tcp_timeout_close_wait' to 3600
2025-01-30 18:41:38,101 INFO c.h.h.t.HelmChartContainer - [K3S] [INFO] Logging containerd to /var/lib/rancher/k3s/agent/containerd/containerd.log
2025-01-30 18:41:38,102 INFO c.h.h.t.HelmChartContainer - [K3S] [INFO] Running containerd -c /var/lib/rancher/k3s/agent/etc/containerd/config.toml -a /run/k3s/containerd/containerd.sock --state /run/k3s/containerd --root /var/lib/rancher/k3s/agent/containerd
2025-01-30 18:41:38,658 INFO c.h.h.t.HelmChartContainer - [K3S] [storage_scheduling.go:95] created PriorityClass system-node-critical with value 2000001000
2025-01-30 18:41:38,661 INFO c.h.h.t.HelmChartContainer - [K3S] [storage_scheduling.go:95] created PriorityClass system-cluster-critical with value 2000000000
2025-01-30 18:41:38,661 INFO c.h.h.t.HelmChartContainer - [K3S] [storage_scheduling.go:111] all system priority classes are created successfully or already exist.
2025-01-30 18:41:39,013 INFO c.h.h.t.HelmChartContainer - [K3S] [alloc.go:330] "allocated clusterIPs" service="default/kubernetes" clusterIPs={"IPv4":"10.43.0.1"}
2025-01-30 18:41:39,017 INFO c.h.h.t.HelmChartContainer - [K3S] [lease.go:265] Resetting endpoints for master service "kubernetes" to [172.18.0.2]
2025-01-30 18:41:39,116 INFO c.h.h.t.HelmChartContainer - [K3S] [INFO] containerd is now running
2025-01-30 18:41:39,120 INFO c.h.h.t.HelmChartContainer - [K3S] [INFO] Connecting to proxy" url="wss://127.0.0.1:6443/v1-k3s/connect
2025-01-30 18:41:39,122 INFO c.h.h.t.HelmChartContainer - [K3S] [INFO] Creating k3s-cert-monitor event broadcaster
2025-01-30 18:41:39,122 INFO c.h.h.t.HelmChartContainer - [K3S] [INFO] Running kubelet --cloud-provider=external --config-dir=/var/lib/rancher/k3s/agent/etc/kubelet.conf.d --containerd=/run/k3s/containerd/containerd.sock --hostname-override=bd446d25b95a --kubeconfig=/var/lib/rancher/k3s/agent/kubelet.kubeconfig --node-ip=172.18.0.2 --node-labels=
2025-01-30 18:41:39,125 INFO c.h.h.t.HelmChartContainer - [K3S] [INFO] Handling backend connection request [bd446d25b95a]
2025-01-30 18:41:39,128 INFO c.h.h.t.HelmChartContainer - [K3S] [INFO] Remotedialer connected to proxy" url="wss://127.0.0.1:6443/v1-k3s/connect
2025-01-30 18:41:39,129 INFO c.h.h.t.HelmChartContainer - [K3S] Flag --containerd has been deprecated, This is a cadvisor flag that was mistakenly registered with the Kubelet. Due to legacy concerns, it will follow the standard CLI deprecation timeline before being removed.
2025-01-30 18:41:39,133 INFO c.h.h.t.HelmChartContainer - [K3S] [server.go:515] "Kubelet version" kubeletVersion="v1.32.1+k3s1"
2025-01-30 18:41:39,133 INFO c.h.h.t.HelmChartContainer - [K3S] [server.go:517] "Golang settings" GOGC="" GOMAXPROCS="" GOTRACEBACK=""
2025-01-30 18:41:39,135 INFO c.h.h.t.HelmChartContainer - [K3S] [dynamic_cafile_content.go:161] "Starting controller" name="client-ca-bundle::/var/lib/rancher/k3s/agent/client-ca.crt"
2025-01-30 18:41:39,137 INFO c.h.h.t.HelmChartContainer - [K3S] [log.go:32] "RuntimeConfig from runtime service failed" err="rpc error: code = Unimplemented desc = method RuntimeConfig not implemented"
2025-01-30 18:41:39,137 INFO c.h.h.t.HelmChartContainer - [K3S] [server.go:1416] "CRI implementation should be updated to support RuntimeConfig when KubeletCgroupDriverFromCRI feature gate has been enabled. Falling back to using cgroupDriver from kubelet config."
2025-01-30 18:41:39,141 INFO c.h.h.t.HelmChartContainer - [K3S] [info.go:53] Couldn't collect info from any of the files in "/etc/machine-id,/var/lib/dbus/machine-id"
2025-01-30 18:41:39,142 INFO c.h.h.t.HelmChartContainer - [K3S] [server.go:767] "--cgroups-per-qos enabled, but --cgroup-root was not specified.  defaulting to /"
2025-01-30 18:41:39,142 INFO c.h.h.t.HelmChartContainer - [K3S] [server.go:836] "NoSwap is set due to memorySwapBehavior not specified" memorySwapBehavior="" FailSwapOn=false
2025-01-30 18:41:39,142 INFO c.h.h.t.HelmChartContainer - [K3S] [swap_util.go:115] "Swap is on" /proc/swaps contents=<
2025-01-30 18:41:39,142 INFO c.h.h.t.HelmChartContainer - [K3S] 	Filename				Type		Size		Used		Priority
2025-01-30 18:41:39,143 INFO c.h.h.t.HelmChartContainer - [K3S] 	/mnt/swapfile                           file		4194300		0		-2
2025-01-30 18:41:39,143 INFO c.h.h.t.HelmChartContainer - [K3S]  >
2025-01-30 18:41:39,143 INFO c.h.h.t.HelmChartContainer - [K3S] [container_manager_linux.go:268] "Container manager verified user specified cgroup-root exists" cgroupRoot=[]
2025-01-30 18:41:39,143 INFO c.h.h.t.HelmChartContainer - [K3S] [container_manager_linux.go:273] "Creating Container Manager object based on Node Config" nodeConfig={"NodeName":"bd446d25b95a","RuntimeCgroupsName":"","SystemCgroupsName":"","KubeletCgroupsName":"/k3s","KubeletOOMScoreAdj":-999,"ContainerRuntime":"","CgroupsPerQOS":true,"CgroupRoot":"/","CgroupDriver":"cgroupfs","KubeletRootDir":"/var/lib/kubelet","ProtectKernelDefaults":false,"KubeReservedCgroupName":"","SystemReservedCgroupName":"","ReservedSystemCPUs":{},"EnforceNodeAllocatable":{"pods":{}},"KubeReserved":null,"SystemReserved":null,"HardEvictionThresholds":[{"Signal":"nodefs.available","Operator":"LessThan","Value":{"Quantity":null,"Percentage":0.05},"GracePeriod":0,"MinReclaim":null},{"Signal":"imagefs.available","Operator":"LessThan","Value":{"Quantity":null,"Percentage":0.05},"GracePeriod":0,"MinReclaim":null}],"QOSReserved":{},"CPUManagerPolicy":"none","CPUManagerPolicyOptions":null,"TopologyManagerScope":"container","CPUManagerReconcilePeriod":10000000000,"ExperimentalMemoryManagerPolicy":"None","ExperimentalMemoryManagerReservedMemory":null,"PodPidsLimit":-1,"EnforceCPULimits":true,"CPUCFSQuotaPeriod":100000000,"TopologyManagerPolicy":"none","TopologyManagerPolicyOptions":null,"CgroupVersion":2}
2025-01-30 18:41:39,143 INFO c.h.h.t.HelmChartContainer - [K3S] [topology_manager.go:138] "Creating topology manager with none policy"
2025-01-30 18:41:39,143 INFO c.h.h.t.HelmChartContainer - [K3S] [container_manager_linux.go:304] "Creating device plugin manager"
2025-01-30 18:41:39,144 INFO c.h.h.t.HelmChartContainer - [K3S] [state_mem.go:36] "Initialized new in-memory state store"
2025-01-30 18:41:39,144 INFO c.h.h.t.HelmChartContainer - [K3S] [kubelet.go:446] "Attempting to sync node with API server"
2025-01-30 18:41:39,144 INFO c.h.h.t.HelmChartContainer - [K3S] [kubelet.go:341] "Adding static pod path" path="/var/lib/rancher/k3s/agent/pod-manifests"
2025-01-30 18:41:39,145 INFO c.h.h.t.HelmChartContainer - [K3S] [kubelet.go:352] "Adding apiserver pod source"
2025-01-30 18:41:39,145 INFO c.h.h.t.HelmChartContainer - [K3S] [apiserver.go:42] "Waiting for node sync before watching apiserver pods"
2025-01-30 18:41:39,145 INFO c.h.h.t.HelmChartContainer - [K3S] [kuberuntime_manager.go:269] "Container runtime initialized" containerRuntime="containerd" version="v1.7.23-k3s2" apiVersion="v1"
2025-01-30 18:41:39,146 INFO c.h.h.t.HelmChartContainer - [K3S] [kubelet.go:890] "Not starting ClusterTrustBundle informer because we are in static kubelet mode"
2025-01-30 18:41:39,146 INFO c.h.h.t.HelmChartContainer - [K3S] [probe.go:272] Flexvolume plugin directory at /usr/libexec/kubernetes/kubelet-plugins/volume/exec/ does not exist. Recreating.
2025-01-30 18:41:39,147 INFO c.h.h.t.HelmChartContainer - [K3S] [watchdog_linux.go:99] "Systemd watchdog is not enabled"
2025-01-30 18:41:39,147 INFO c.h.h.t.HelmChartContainer - [K3S] [server.go:1282] "Started kubelet"
2025-01-30 18:41:39,148 INFO c.h.h.t.HelmChartContainer - [K3S] [fs_resource_analyzer.go:67] "Starting FS ResourceAnalyzer"
2025-01-30 18:41:39,148 INFO c.h.h.t.HelmChartContainer - [K3S] [server.go:169] "Starting to listen" address="0.0.0.0" port=10250
2025-01-30 18:41:39,149 INFO c.h.h.t.HelmChartContainer - [K3S] [server.go:490] "Adding debug handlers to kubelet server"
2025-01-30 18:41:39,150 INFO c.h.h.t.HelmChartContainer - [K3S] [server.go:208] "Starting to listen read-only" address="0.0.0.0" port=10255
2025-01-30 18:41:39,154 INFO c.h.h.t.HelmChartContainer - [K3S] [ratelimit.go:55] "Setting rate limiting for endpoint" service="podresources" qps=100 burstTokens=10
2025-01-30 18:41:39,154 INFO c.h.h.t.HelmChartContainer - [K3S] [server.go:243] "Starting to serve the podresources API" endpoint="unix:/var/lib/kubelet/pod-resources/kubelet.sock"
2025-01-30 18:41:39,160 INFO c.h.h.t.HelmChartContainer - [K3S] [kubelet.go:1561] "Image garbage collection failed once. Stats initialization may not have completed yet" err="invalid capacity 0 on image filesystem"
2025-01-30 18:41:39,167 INFO c.h.h.t.HelmChartContainer - [K3S] [volume_manager.go:297] "Starting Kubelet Volume Manager"
2025-01-30 18:41:39,168 INFO c.h.h.t.HelmChartContainer - [K3S] [kubelet_node_status.go:467] "Error getting the current node from lister" err="node \"bd446d25b95a\" not found"
2025-01-30 18:41:39,169 INFO c.h.h.t.HelmChartContainer - [K3S] [dynamic_serving_content.go:135] "Starting controller" name="kubelet-server-cert-files::/var/lib/rancher/k3s/agent/serving-kubelet.crt::/var/lib/rancher/k3s/agent/serving-kubelet.key"
2025-01-30 18:41:39,171 INFO c.h.h.t.HelmChartContainer - [K3S] [desired_state_of_world_populator.go:149] "Desired state populator starts to run"
2025-01-30 18:41:39,172 INFO c.h.h.t.HelmChartContainer - [K3S] [reconciler.go:26] "Reconciler: start to sync state"
2025-01-30 18:41:39,174 INFO c.h.h.t.HelmChartContainer - [K3S] [nodelease.go:49] "Failed to get node when trying to set owner ref to the node lease" err="nodes \"bd446d25b95a\" not found" node="bd446d25b95a"
2025-01-30 18:41:39,175 INFO c.h.h.t.HelmChartContainer - [K3S] [factory.go:221] Registration of the systemd container factory successfully
2025-01-30 18:41:39,175 INFO c.h.h.t.HelmChartContainer - [K3S] [factory.go:219] Registration of the crio container factory failed: Get "http://%2Fvar%2Frun%2Fcrio%2Fcrio.sock/info": dial unix /var/run/crio/crio.sock: connect: no such file or directory
2025-01-30 18:41:39,177 INFO c.h.h.t.HelmChartContainer - [K3S] [factory.go:221] Registration of the containerd container factory successfully
2025-01-30 18:41:39,189 INFO c.h.h.t.HelmChartContainer - [K3S] [kubelet_network_linux.go:50] "Initialized iptables rules." protocol="IPv4"
2025-01-30 18:41:39,191 INFO c.h.h.t.HelmChartContainer - [K3S] [kubelet_network_linux.go:50] "Initialized iptables rules." protocol="IPv6"
2025-01-30 18:41:39,191 INFO c.h.h.t.HelmChartContainer - [K3S] [status_manager.go:227] "Starting to sync pod status with apiserver"
2025-01-30 18:41:39,191 INFO c.h.h.t.HelmChartContainer - [K3S] [watchdog_linux.go:127] "Systemd watchdog is not enabled or the interval is invalid, so health checking will not be started."
2025-01-30 18:41:39,191 INFO c.h.h.t.HelmChartContainer - [K3S] [kubelet.go:2388] "Starting kubelet main sync loop"
2025-01-30 18:41:39,191 INFO c.h.h.t.HelmChartContainer - [K3S] [kubelet.go:2412] "Skipping pod synchronization" err="[container runtime status check may not have completed yet, PLEG is not healthy: pleg has yet to be successful]"
2025-01-30 18:41:39,200 INFO c.h.h.t.HelmChartContainer - [K3S] [cpu_manager.go:221] "Starting CPU manager" policy="none"
2025-01-30 18:41:39,200 INFO c.h.h.t.HelmChartContainer - [K3S] [cpu_manager.go:222] "Reconciling" reconcilePeriod="10s"
2025-01-30 18:41:39,200 INFO c.h.h.t.HelmChartContainer - [K3S] [state_mem.go:36] "Initialized new in-memory state store"
2025-01-30 18:41:39,201 INFO c.h.h.t.HelmChartContainer - [K3S] [policy_none.go:49] "None policy: Start"
2025-01-30 18:41:39,202 INFO c.h.h.t.HelmChartContainer - [K3S] [memory_manager.go:186] "Starting memorymanager" policy="None"
2025-01-30 18:41:39,202 INFO c.h.h.t.HelmChartContainer - [K3S] [state_mem.go:35] "Initializing new in-memory state store"
2025-01-30 18:41:39,205 INFO c.h.h.t.HelmChartContainer - [K3S] [manager.go:519] "Failed to read data from checkpoint" checkpoint="kubelet_internal_checkpoint" err="checkpoint is not found"
2025-01-30 18:41:39,205 INFO c.h.h.t.HelmChartContainer - [K3S] [eviction_manager.go:189] "Eviction manager: starting control loop"
2025-01-30 18:41:39,205 INFO c.h.h.t.HelmChartContainer - [K3S] [container_log_manager.go:189] "Initializing container log rotate workers" workers=1 monitorPeriod="10s"
2025-01-30 18:41:39,206 INFO c.h.h.t.HelmChartContainer - [K3S] [plugin_manager.go:118] "Starting Kubelet Plugin Manager"
2025-01-30 18:41:39,209 INFO c.h.h.t.HelmChartContainer - [K3S] [eviction_manager.go:267] "eviction manager: failed to check if we have separate container filesystem. Ignoring." err="no imagefs label for configured runtime"
2025-01-30 18:41:39,209 INFO c.h.h.t.HelmChartContainer - [K3S] [eviction_manager.go:292] "Eviction manager: failed to get summary stats" err="failed to get node info: node \"bd446d25b95a\" not found"
2025-01-30 18:41:39,254 INFO c.h.h.t.HelmChartContainer - [K3S] [ERROR] Sending HTTP/1.1 503 response to 127.0.0.1:58702: runtime core not ready
2025-01-30 18:41:39,306 INFO c.h.h.t.HelmChartContainer - [K3S] [kubelet_node_status.go:76] "Attempting to register node" node="bd446d25b95a"
2025-01-30 18:41:39,312 INFO c.h.h.t.HelmChartContainer - [K3S] [kubelet_node_status.go:79] "Successfully registered node" node="bd446d25b95a"
2025-01-30 18:41:39,312 INFO c.h.h.t.HelmChartContainer - [K3S] [kubelet_node_status.go:549] "Error updating node status, will retry" err="error getting node \"bd446d25b95a\": node \"bd446d25b95a\" not found"
2025-01-30 18:41:39,316 INFO c.h.h.t.HelmChartContainer - [K3S] [INFO] Annotations and labels have been set successfully on node: bd446d25b95a
2025-01-30 18:41:39,316 INFO c.h.h.t.HelmChartContainer - [K3S] [INFO] Starting flannel with backend vxlan
2025-01-30 18:41:39,353 INFO c.h.h.t.HelmChartContainer - [K3S] [INFO] Running kube-proxy --cluster-cidr=10.42.0.0/16 --conntrack-max-per-core=0 --conntrack-tcp-timeout-close-wait=0s --conntrack-tcp-timeout-established=0s --healthz-bind-address=127.0.0.1 --hostname-override=bd446d25b95a --kubeconfig=/var/lib/rancher/k3s/agent/kubeproxy.kubeconfig --proxy-mode=iptables
2025-01-30 18:41:39,396 INFO c.h.h.t.HelmChartContainer - [K3S] [server.go:698] "Successfully retrieved node IP(s)" IPs=["172.18.0.2"]
2025-01-30 18:41:39,396 INFO c.h.h.t.HelmChartContainer - [K3S] [server.go:234] "Kube-proxy configuration may be incomplete or incorrect" err="nodePortAddresses is unset; NodePort connections will be accepted on all local IPs. Consider using `--nodeport-addresses primary`"
2025-01-30 18:41:39,399 INFO c.h.h.t.HelmChartContainer - [K3S] [server.go:243] "kube-proxy running in dual-stack mode" primary ipFamily="IPv4"
2025-01-30 18:41:39,399 INFO c.h.h.t.HelmChartContainer - [K3S] [server_linux.go:170] "Using iptables Proxier"
2025-01-30 18:41:39,400 INFO c.h.h.t.HelmChartContainer - [K3S] [proxier.go:255] "Setting route_localnet=1 to allow node-ports on localhost; to change this either disable iptables.localhostNodePorts (--iptables-localhost-nodeports) or set nodePortAddresses (--nodeport-addresses) to filter loopback addresses"
2025-01-30 18:41:39,403 INFO c.h.h.t.HelmChartContainer - [K3S] [server.go:497] "Version info" version="v1.32.1+k3s1"
2025-01-30 18:41:39,404 INFO c.h.h.t.HelmChartContainer - [K3S] [server.go:499] "Golang settings" GOGC="" GOMAXPROCS="" GOTRACEBACK=""
2025-01-30 18:41:39,406 INFO c.h.h.t.HelmChartContainer - [K3S] [config.go:199] "Starting service config controller"
2025-01-30 18:41:39,406 INFO c.h.h.t.HelmChartContainer - [K3S] [config.go:105] "Starting endpoint slice config controller"
2025-01-30 18:41:39,407 INFO c.h.h.t.HelmChartContainer - [K3S] [config.go:329] "Starting node config controller"
2025-01-30 18:41:39,516 INFO c.h.h.t.HelmChartContainer - [K3S] [kubelet_node_status.go:502] "Fast updating node status as it just became ready"
2025-01-30 18:41:39,889 INFO c.h.h.t.HelmChartContainer - [K3S] [INFO] Waiting for untainted node
2025-01-30 18:41:39,890 INFO c.h.h.t.HelmChartContainer - [K3S] [INFO] Waiting for cloud-controller-manager privileges to become available
2025-01-30 18:41:39,892 INFO c.h.h.t.HelmChartContainer - [K3S] [INFO] Creating k3s-supervisor event broadcaster
2025-01-30 18:41:39,892 INFO c.h.h.t.HelmChartContainer - [K3S] [INFO] Kube API server is now running
2025-01-30 18:41:39,893 INFO c.h.h.t.HelmChartContainer - [K3S] [INFO] ETCD server is now running
2025-01-30 18:41:39,893 INFO c.h.h.t.HelmChartContainer - [K3S] [INFO] k3s is up and running
2025-01-30 18:41:39,897 INFO c.h.h.t.HelmChartContainer - [K3S] [INFO] Applying CRD addons.k3s.cattle.io
2025-01-30 18:41:39,908 INFO c.h.h.t.HelmChartContainer - [K3S] [INFO] Applying CRD etcdsnapshotfiles.k3s.cattle.io
2025-01-30 18:41:39,920 INFO c.h.h.t.HelmChartContainer - [K3S] [INFO] Applying CRD helmcharts.helm.cattle.io
2025-01-30 18:41:39,933 INFO c.h.h.t.HelmChartContainer - [K3S] [INFO] Applying CRD helmchartconfigs.helm.cattle.io
2025-01-30 18:41:39,946 INFO c.h.h.t.HelmChartContainer - [K3S] [INFO] Waiting for CRD helmchartconfigs.helm.cattle.io to become available
2025-01-30 18:41:40,143 INFO c.h.h.t.HelmChartContainer - [K3S] [apiserver.go:52] "Watching apiserver"
2025-01-30 18:41:40,149 INFO c.h.h.t.HelmChartContainer - [K3S] [serving.go:392] Generated self-signed cert in-memory
2025-01-30 18:41:40,172 INFO c.h.h.t.HelmChartContainer - [K3S] [desired_state_of_world_populator.go:157] "Finished populating initial desired state of world"
2025-01-30 18:41:40,448 INFO c.h.h.t.HelmChartContainer - [K3S] [INFO] Done waiting for CRD helmchartconfigs.helm.cattle.io to become available
2025-01-30 18:41:40,448 INFO c.h.h.t.HelmChartContainer - [K3S] [INFO] Writing static file: /var/lib/rancher/k3s/server/static/charts/traefik-27.0.201+up27.0.2.tgz
2025-01-30 18:41:40,449 INFO c.h.h.t.HelmChartContainer - [K3S] [INFO] Writing static file: /var/lib/rancher/k3s/server/static/charts/traefik-crd-27.0.201+up27.0.2.tgz
2025-01-30 18:41:40,450 INFO c.h.h.t.HelmChartContainer - [K3S] [INFO] Writing manifest: /var/lib/rancher/k3s/server/manifests/ccm.yaml
2025-01-30 18:41:40,450 INFO c.h.h.t.HelmChartContainer - [K3S] [INFO] Writing manifest: /var/lib/rancher/k3s/server/manifests/metrics-server/metrics-apiservice.yaml
2025-01-30 18:41:40,450 INFO c.h.h.t.HelmChartContainer - [K3S] [INFO] Writing manifest: /var/lib/rancher/k3s/server/manifests/metrics-server/metrics-server-service.yaml
2025-01-30 18:41:40,450 INFO c.h.h.t.HelmChartContainer - [K3S] [INFO] Writing manifest: /var/lib/rancher/k3s/server/manifests/runtimes.yaml
2025-01-30 18:41:40,451 INFO c.h.h.t.HelmChartContainer - [K3S] [INFO] Writing manifest: /var/lib/rancher/k3s/server/manifests/coredns.yaml
2025-01-30 18:41:40,451 INFO c.h.h.t.HelmChartContainer - [K3S] [INFO] Writing manifest: /var/lib/rancher/k3s/server/manifests/local-storage.yaml
2025-01-30 18:41:40,451 INFO c.h.h.t.HelmChartContainer - [K3S] [INFO] Writing manifest: /var/lib/rancher/k3s/server/manifests/metrics-server/aggregated-metrics-reader.yaml
2025-01-30 18:41:40,451 INFO c.h.h.t.HelmChartContainer - [K3S] [INFO] Writing manifest: /var/lib/rancher/k3s/server/manifests/metrics-server/auth-delegator.yaml
2025-01-30 18:41:40,451 INFO c.h.h.t.HelmChartContainer - [K3S] [INFO] Writing manifest: /var/lib/rancher/k3s/server/manifests/metrics-server/auth-reader.yaml
2025-01-30 18:41:40,451 INFO c.h.h.t.HelmChartContainer - [K3S] [INFO] Writing manifest: /var/lib/rancher/k3s/server/manifests/metrics-server/metrics-server-deployment.yaml
2025-01-30 18:41:40,451 INFO c.h.h.t.HelmChartContainer - [K3S] [INFO] Writing manifest: /var/lib/rancher/k3s/server/manifests/metrics-server/resource-reader.yaml
2025-01-30 18:41:40,451 INFO c.h.h.t.HelmChartContainer - [K3S] [INFO] Writing manifest: /var/lib/rancher/k3s/server/manifests/rolebindings.yaml
2025-01-30 18:41:40,454 INFO c.h.h.t.HelmChartContainer - [K3S] [INFO] Starting dynamiclistener CN filter node controller with SANs: [localhost 127.0.0.1 ::1 localhost bd446d25b95a 172.18.0.2 10.43.0.1 kubernetes kubernetes.default kubernetes.default.svc kubernetes.default.svc.cluster.local]
2025-01-30 18:41:40,454 INFO c.h.h.t.HelmChartContainer - [K3S] [INFO] Tunnel server egress proxy mode: agent
2025-01-30 18:41:40,481 INFO c.h.h.t.HelmChartContainer - [K3S] [controllermanager.go:185] "Starting" version="v1.32.1+k3s1"
2025-01-30 18:41:40,481 INFO c.h.h.t.HelmChartContainer - [K3S] [controllermanager.go:187] "Golang settings" GOGC="" GOMAXPROCS="" GOTRACEBACK=""
2025-01-30 18:41:40,484 INFO c.h.h.t.HelmChartContainer - [K3S] [secure_serving.go:213] Serving securely on 127.0.0.1:10257
2025-01-30 18:41:40,486 INFO c.h.h.t.HelmChartContainer - [K3S] [tlsconfig.go:243] "Starting DynamicServingCertificateController"
2025-01-30 18:41:40,486 INFO c.h.h.t.HelmChartContainer - [K3S] [requestheader_controller.go:180] Starting RequestHeaderAuthRequestController
2025-01-30 18:41:40,486 INFO c.h.h.t.HelmChartContainer - [K3S] [configmap_cafile_content.go:205] "Starting controller" name="client-ca::kube-system::extension-apiserver-authentication::client-ca-file"
2025-01-30 18:41:40,486 INFO c.h.h.t.HelmChartContainer - [K3S] [configmap_cafile_content.go:205] "Starting controller" name="client-ca::kube-system::extension-apiserver-authentication::requestheader-client-ca-file"
2025-01-30 18:41:40,490 INFO c.h.h.t.HelmChartContainer - [K3S] [controllermanager.go:765] "Started controller" controller="serviceaccount-token-controller"
2025-01-30 18:41:40,504 INFO c.h.h.t.HelmChartContainer - [K3S] [controllermanager.go:765] "Started controller" controller="namespace-controller"
2025-01-30 18:41:40,504 INFO c.h.h.t.HelmChartContainer - [K3S] [namespace_controller.go:202] "Starting namespace controller"
2025-01-30 18:41:40,509 INFO c.h.h.t.HelmChartContainer - [K3S] [controllermanager.go:765] "Started controller" controller="persistentvolume-binder-controller"
2025-01-30 18:41:40,509 INFO c.h.h.t.HelmChartContainer - [K3S] [pv_controller_base.go:308] "Starting persistent volume controller"
2025-01-30 18:41:40,514 INFO c.h.h.t.HelmChartContainer - [K3S] [controllermanager.go:765] "Started controller" controller="ttl-after-finished-controller"
2025-01-30 18:41:40,514 INFO c.h.h.t.HelmChartContainer - [K3S] [ttlafterfinished_controller.go:112] "Starting TTL after finished controller"
2025-01-30 18:41:40,518 INFO c.h.h.t.HelmChartContainer - [K3S] [controllermanager.go:765] "Started controller" controller="endpointslice-mirroring-controller"
2025-01-30 18:41:40,519 INFO c.h.h.t.HelmChartContainer - [K3S] [endpointslicemirroring_controller.go:227] "Starting EndpointSliceMirroring controller"
2025-01-30 18:41:40,533 INFO c.h.h.t.HelmChartContainer - [K3S] [controllermanager.go:765] "Started controller" controller="resourcequota-controller"
2025-01-30 18:41:40,533 INFO c.h.h.t.HelmChartContainer - [K3S] [resource_quota_controller.go:300] "Starting resource quota controller"
2025-01-30 18:41:40,537 INFO c.h.h.t.HelmChartContainer - [K3S] [controllermanager.go:765] "Started controller" controller="certificatesigningrequest-cleaner-controller"
2025-01-30 18:41:40,537 INFO c.h.h.t.HelmChartContainer - [K3S] [controllermanager.go:728] "Warning: controller is disabled" controller="bootstrap-signer-controller"
2025-01-30 18:41:40,537 INFO c.h.h.t.HelmChartContainer - [K3S] [cleaner.go:83] "Starting CSR cleaner controller"
2025-01-30 18:41:40,541 INFO c.h.h.t.HelmChartContainer - [K3S] [controllermanager.go:765] "Started controller" controller="persistentvolume-protection-controller"
2025-01-30 18:41:40,542 INFO c.h.h.t.HelmChartContainer - [K3S] [pv_protection_controller.go:81] "Starting PV protection controller"
2025-01-30 18:41:40,546 INFO c.h.h.t.HelmChartContainer - [K3S] [controllermanager.go:765] "Started controller" controller="ephemeral-volume-controller"
2025-01-30 18:41:40,546 INFO c.h.h.t.HelmChartContainer - [K3S] [controller.go:173] "Starting ephemeral volume controller"
2025-01-30 18:41:40,546 INFO c.h.h.t.HelmChartContainer - [K3S] [controllermanager.go:717] "Controller is disabled by a feature gate" controller="resourceclaim-controller" requiredFeatureGates=["DynamicResourceAllocation"]
2025-01-30 18:41:40,556 INFO c.h.h.t.HelmChartContainer - [K3S] [INFO] Starting k3s.cattle.io/v1, Kind=Addon controller
2025-01-30 18:41:40,557 INFO c.h.h.t.HelmChartContainer - [K3S] [INFO] Creating deploy event broadcaster
2025-01-30 18:41:40,594 INFO c.h.h.t.HelmChartContainer - [K3S] [controllermanager.go:765] "Started controller" controller="taint-eviction-controller"
2025-01-30 18:41:40,594 INFO c.h.h.t.HelmChartContainer - [K3S] [taint_eviction.go:281] "Starting" controller="taint-eviction-controller"
2025-01-30 18:41:40,594 INFO c.h.h.t.HelmChartContainer - [K3S] [taint_eviction.go:287] "Sending events to api server"
2025-01-30 18:41:40,661 INFO c.h.h.t.HelmChartContainer - [K3S] [INFO] Starting /v1, Kind=Node controller
2025-01-30 18:41:40,662 INFO c.h.h.t.HelmChartContainer - [K3S] [INFO] Creating helm-controller event broadcaster
2025-01-30 18:41:40,672 INFO c.h.h.t.HelmChartContainer - [K3S] [INFO] Labels and annotations have been set successfully on node: bd446d25b95a
2025-01-30 18:41:40,683 INFO c.h.h.t.HelmChartContainer - [K3S] [INFO] Cluster dns configmap has been set successfully
2025-01-30 18:41:40,720 INFO c.h.h.t.HelmChartContainer - [K3S] [INFO] Starting /v1, Kind=Secret controller
2025-01-30 18:41:40,720 INFO c.h.h.t.HelmChartContainer - [K3S] [INFO] Starting /v1, Kind=ConfigMap controller
2025-01-30 18:41:40,720 INFO c.h.h.t.HelmChartContainer - [K3S] [INFO] Starting /v1, Kind=ServiceAccount controller
2025-01-30 18:41:40,725 INFO c.h.h.t.HelmChartContainer - [K3S] [INFO] Updating TLS secret for kube-system/k3s-serving (count: 10): map[listener.cattle.io/cn-10.43.0.1:10.43.0.1 listener.cattle.io/cn-127.0.0.1:127.0.0.1 listener.cattle.io/cn-172.18.0.2:172.18.0.2 listener.cattle.io/cn-__1-f16284:::1 listener.cattle.io/cn-bd446d25b95a:bd446d25b95a listener.cattle.io/cn-kubernetes:kubernetes listener.cattle.io/cn-kubernetes.default:kubernetes.default listener.cattle.io/cn-kubernetes.default.svc:kubernetes.default.svc listener.cattle.io/cn-kubernetes.default.svc.cluster.local:kubernetes.default.svc.cluster.local listener.cattle.io/cn-localhost:localhost listener.cattle.io/fingerprint:SHA1=83722B53B63FCA877FCEC6E77EE406BA373DEBE0]
2025-01-30 18:41:40,728 INFO c.h.h.t.HelmChartContainer - [K3S] [INFO] Active TLS secret kube-system/k3s-serving (ver=239) (count 10): map[listener.cattle.io/cn-10.43.0.1:10.43.0.1 listener.cattle.io/cn-127.0.0.1:127.0.0.1 listener.cattle.io/cn-172.18.0.2:172.18.0.2 listener.cattle.io/cn-__1-f16284:::1 listener.cattle.io/cn-bd446d25b95a:bd446d25b95a listener.cattle.io/cn-kubernetes:kubernetes listener.cattle.io/cn-kubernetes.default:kubernetes.default listener.cattle.io/cn-kubernetes.default.svc:kubernetes.default.svc listener.cattle.io/cn-kubernetes.default.svc.cluster.local:kubernetes.default.svc.cluster.local listener.cattle.io/cn-localhost:localhost listener.cattle.io/fingerprint:SHA1=83722B53B63FCA877FCEC6E77EE406BA373DEBE0]
2025-01-30 18:41:40,769 INFO c.h.h.t.HelmChartContainer - [K3S] [INFO] Starting helm.cattle.io/v1, Kind=HelmChartConfig controller
2025-01-30 18:41:40,770 INFO c.h.h.t.HelmChartContainer - [K3S] [INFO] Starting helm.cattle.io/v1, Kind=HelmChart controller
2025-01-30 18:41:40,772 INFO c.h.h.t.HelmChartContainer - [K3S] [INFO] Starting rbac.authorization.k8s.io/v1, Kind=ClusterRoleBinding controller
2025-01-30 18:41:40,774 INFO c.h.h.t.HelmChartContainer - [K3S] [INFO] Starting batch/v1, Kind=Job controller
2025-01-30 18:41:40,824 INFO c.h.h.t.HelmChartContainer - [K3S] [INFO] Updating TLS secret for kube-system/k3s-serving (count: 10): map[listener.cattle.io/cn-10.43.0.1:10.43.0.1 listener.cattle.io/cn-127.0.0.1:127.0.0.1 listener.cattle.io/cn-172.18.0.2:172.18.0.2 listener.cattle.io/cn-__1-f16284:::1 listener.cattle.io/cn-bd446d25b95a:bd446d25b95a listener.cattle.io/cn-kubernetes:kubernetes listener.cattle.io/cn-kubernetes.default:kubernetes.default listener.cattle.io/cn-kubernetes.default.svc:kubernetes.default.svc listener.cattle.io/cn-kubernetes.default.svc.cluster.local:kubernetes.default.svc.cluster.local listener.cattle.io/cn-localhost:localhost listener.cattle.io/fingerprint:SHA1=83722B53B63FCA877FCEC6E77EE406BA373DEBE0]
2025-01-30 18:41:40,843 INFO c.h.h.t.HelmChartContainer - [K3S] [graph_builder.go:351] "Running" component="GraphBuilder"
2025-01-30 18:41:40,843 INFO c.h.h.t.HelmChartContainer - [K3S] [controllermanager.go:765] "Started controller" controller="garbage-collector-controller"
2025-01-30 18:41:41,099 INFO c.h.h.t.HelmChartContainer - [K3S] [controllermanager.go:765] "Started controller" controller="deployment-controller"
2025-01-30 18:41:41,099 INFO c.h.h.t.HelmChartContainer - [K3S] [deployment_controller.go:173] "Starting controller" controller="deployment"
2025-01-30 18:41:41,244 INFO c.h.h.t.HelmChartContainer - [K3S] [controllermanager.go:765] "Started controller" controller="ttl-controller"
2025-01-30 18:41:41,244 INFO c.h.h.t.HelmChartContainer - [K3S] [controllermanager.go:723] "Skipping a cloud provider controller" controller="node-route-controller"
2025-01-30 18:41:41,244 INFO c.h.h.t.HelmChartContainer - [K3S] [controllermanager.go:717] "Controller is disabled by a feature gate" controller="storageversion-garbage-collector-controller" requiredFeatureGates=["APIServerIdentity","StorageVersionAPI"]
2025-01-30 18:41:41,244 INFO c.h.h.t.HelmChartContainer - [K3S] [ttl_controller.go:127] "Starting TTL controller"
2025-01-30 18:41:41,393 INFO c.h.h.t.HelmChartContainer - [K3S] [controllermanager.go:765] "Started controller" controller="statefulset-controller"
2025-01-30 18:41:41,393 INFO c.h.h.t.HelmChartContainer - [K3S] [stateful_set.go:166] "Starting stateful set controller"
2025-01-30 18:41:41,543 INFO c.h.h.t.HelmChartContainer - [K3S] [controllermanager.go:765] "Started controller" controller="cronjob-controller"
2025-01-30 18:41:41,544 INFO c.h.h.t.HelmChartContainer - [K3S] [cronjob_controllerv2.go:145] "Starting cronjob controller v2"
2025-01-30 18:41:41,694 INFO c.h.h.t.HelmChartContainer - [K3S] [controllermanager.go:765] "Started controller" controller="clusterrole-aggregation-controller"
2025-01-30 18:41:41,694 INFO c.h.h.t.HelmChartContainer - [K3S] [clusterroleaggregation_controller.go:194] "Starting ClusterRoleAggregator controller"
2025-01-30 18:41:41,843 INFO c.h.h.t.HelmChartContainer - [K3S] [controllermanager.go:765] "Started controller" controller="persistentvolumeclaim-protection-controller"
2025-01-30 18:41:41,843 INFO c.h.h.t.HelmChartContainer - [K3S] [controllermanager.go:717] "Controller is disabled by a feature gate" controller="kube-apiserver-serving-clustertrustbundle-publisher-controller" requiredFeatureGates=["ClusterTrustBundle"]
2025-01-30 18:41:41,843 INFO c.h.h.t.HelmChartContainer - [K3S] [pvc_protection_controller.go:168] "Starting PVC protection controller"
2025-01-30 18:41:42,043 INFO c.h.h.t.HelmChartContainer - [K3S] [controllermanager.go:765] "Started controller" controller="disruption-controller"
2025-01-30 18:41:42,043 INFO c.h.h.t.HelmChartContainer - [K3S] [disruption.go:452] "Sending events to api server."
2025-01-30 18:41:42,044 INFO c.h.h.t.HelmChartContainer - [K3S] [disruption.go:463] "Starting disruption controller"
2025-01-30 18:41:42,094 INFO c.h.h.t.HelmChartContainer - [K3S] [node_lifecycle_controller.go:432] "Controller will reconcile labels"
2025-01-30 18:41:42,094 INFO c.h.h.t.HelmChartContainer - [K3S] [controllermanager.go:765] "Started controller" controller="node-lifecycle-controller"
2025-01-30 18:41:42,094 INFO c.h.h.t.HelmChartContainer - [K3S] [node_lifecycle_controller.go:466] "Sending events to api server"
2025-01-30 18:41:42,094 INFO c.h.h.t.HelmChartContainer - [K3S] [node_lifecycle_controller.go:477] "Starting node controller"
2025-01-30 18:41:42,393 INFO c.h.h.t.HelmChartContainer - [K3S] [controllermanager.go:765] "Started controller" controller="horizontal-pod-autoscaler-controller"
2025-01-30 18:41:42,393 INFO c.h.h.t.HelmChartContainer - [K3S] [horizontal.go:201] "Starting HPA controller"
2025-01-30 18:41:42,552 INFO c.h.h.t.HelmChartContainer - [K3S] [controllermanager.go:765] "Started controller" controller="token-cleaner-controller"
2025-01-30 18:41:42,552 INFO c.h.h.t.HelmChartContainer - [K3S] [controllermanager.go:723] "Skipping a cloud provider controller" controller="service-lb-controller"
2025-01-30 18:41:42,553 INFO c.h.h.t.HelmChartContainer - [K3S] [controllermanager.go:723] "Skipping a cloud provider controller" controller="cloud-node-lifecycle-controller"
2025-01-30 18:41:42,553 INFO c.h.h.t.HelmChartContainer - [K3S] [controllermanager.go:717] "Controller is disabled by a feature gate" controller="volumeattributesclass-protection-controller" requiredFeatureGates=["VolumeAttributesClass"]
2025-01-30 18:41:42,553 INFO c.h.h.t.HelmChartContainer - [K3S] [controllermanager.go:717] "Controller is disabled by a feature gate" controller="selinux-warning-controller" requiredFeatureGates=["SELinuxChangePolicy"]
2025-01-30 18:41:42,553 INFO c.h.h.t.HelmChartContainer - [K3S] [tokencleaner.go:117] "Starting token cleaner controller"
2025-01-30 18:41:42,568 INFO c.h.h.t.HelmChartContainer - [K3S] [event.go:389] "Event occurred" object="kube-system/ccm" fieldPath="" kind="Addon" apiVersion="k3s.cattle.io/v1" type="Normal" reason="ApplyingManifest" message="Applying manifest at \"/var/lib/rancher/k3s/server/manifests/ccm.yaml\""
2025-01-30 18:41:42,597 INFO c.h.h.t.HelmChartContainer - [K3S] [event.go:389] "Event occurred" object="kube-system/ccm" fieldPath="" kind="Addon" apiVersion="k3s.cattle.io/v1" type="Normal" reason="AppliedManifest" message="Applied manifest at \"/var/lib/rancher/k3s/server/manifests/ccm.yaml\""
2025-01-30 18:41:42,605 INFO c.h.h.t.HelmChartContainer - [K3S] [event.go:389] "Event occurred" object="kube-system/coredns" fieldPath="" kind="Addon" apiVersion="k3s.cattle.io/v1" type="Normal" reason="ApplyingManifest" message="Applying manifest at \"/var/lib/rancher/k3s/server/manifests/coredns.yaml\""
2025-01-30 18:41:42,646 INFO c.h.h.t.HelmChartContainer - [K3S] [event.go:389] "Event occurred" object="bd446d25b95a" fieldPath="" kind="Node" apiVersion="" type="Normal" reason="NodePasswordValidationComplete" message="Deferred node password secret validation complete"
2025-01-30 18:41:42,693 INFO c.h.h.t.HelmChartContainer - [K3S] [controllermanager.go:765] "Started controller" controller="endpoints-controller"
2025-01-30 18:41:42,693 INFO c.h.h.t.HelmChartContainer - [K3S] [endpoints_controller.go:182] "Starting endpoint controller"
2025-01-30 18:41:42,709 INFO c.h.h.t.HelmChartContainer - [K3S] [alloc.go:330] "allocated clusterIPs" service="kube-system/kube-dns" clusterIPs={"IPv4":"10.43.0.10"}
2025-01-30 18:41:42,712 INFO c.h.h.t.HelmChartContainer - [K3S] [event.go:389] "Event occurred" object="kube-system/coredns" fieldPath="" kind="Addon" apiVersion="k3s.cattle.io/v1" type="Normal" reason="AppliedManifest" message="Applied manifest at \"/var/lib/rancher/k3s/server/manifests/coredns.yaml\""
2025-01-30 18:41:42,722 INFO c.h.h.t.HelmChartContainer - [K3S] [event.go:389] "Event occurred" object="kube-system/local-storage" fieldPath="" kind="Addon" apiVersion="k3s.cattle.io/v1" type="Normal" reason="ApplyingManifest" message="Applying manifest at \"/var/lib/rancher/k3s/server/manifests/local-storage.yaml\""
2025-01-30 18:41:42,811 INFO c.h.h.t.HelmChartContainer - [K3S] [event.go:389] "Event occurred" object="kube-system/local-storage" fieldPath="" kind="Addon" apiVersion="k3s.cattle.io/v1" type="Normal" reason="AppliedManifest" message="Applied manifest at \"/var/lib/rancher/k3s/server/manifests/local-storage.yaml\""
2025-01-30 18:41:42,816 INFO c.h.h.t.HelmChartContainer - [K3S] [event.go:389] "Event occurred" object="kube-system/aggregated-metrics-reader" fieldPath="" kind="Addon" apiVersion="k3s.cattle.io/v1" type="Normal" reason="ApplyingManifest" message="Applying manifest at \"/var/lib/rancher/k3s/server/manifests/metrics-server/aggregated-metrics-reader.yaml\""
2025-01-30 18:41:42,843 INFO c.h.h.t.HelmChartContainer - [K3S] [controllermanager.go:765] "Started controller" controller="replicaset-controller"
2025-01-30 18:41:42,843 INFO c.h.h.t.HelmChartContainer - [K3S] [replica_set.go:217] "Starting controller" name="replicaset"
2025-01-30 18:41:42,876 INFO c.h.h.t.HelmChartContainer - [K3S] [event.go:389] "Event occurred" object="kube-system/aggregated-metrics-reader" fieldPath="" kind="Addon" apiVersion="k3s.cattle.io/v1" type="Normal" reason="AppliedManifest" message="Applied manifest at \"/var/lib/rancher/k3s/server/manifests/metrics-server/aggregated-metrics-reader.yaml\""
2025-01-30 18:41:42,881 INFO c.h.h.t.HelmChartContainer - [K3S] [event.go:389] "Event occurred" object="kube-system/auth-delegator" fieldPath="" kind="Addon" apiVersion="k3s.cattle.io/v1" type="Normal" reason="ApplyingManifest" message="Applying manifest at \"/var/lib/rancher/k3s/server/manifests/metrics-server/auth-delegator.yaml\""
2025-01-30 18:41:42,893 INFO c.h.h.t.HelmChartContainer - [K3S] [event.go:389] "Event occurred" object="kube-system/auth-delegator" fieldPath="" kind="Addon" apiVersion="k3s.cattle.io/v1" type="Normal" reason="AppliedManifest" message="Applied manifest at \"/var/lib/rancher/k3s/server/manifests/metrics-server/auth-delegator.yaml\""
2025-01-30 18:41:42,894 INFO c.h.h.t.HelmChartContainer - [K3S] [controllermanager.go:765] "Started controller" controller="certificatesigningrequest-signing-controller"
2025-01-30 18:41:42,894 INFO c.h.h.t.HelmChartContainer - [K3S] [certificate_controller.go:120] "Starting certificate controller" name="csrsigning-legacy-unknown"
2025-01-30 18:41:42,894 INFO c.h.h.t.HelmChartContainer - [K3S] [certificate_controller.go:120] "Starting certificate controller" name="csrsigning-kubelet-serving"
2025-01-30 18:41:42,895 INFO c.h.h.t.HelmChartContainer - [K3S] [certificate_controller.go:120] "Starting certificate controller" name="csrsigning-kubelet-client"
2025-01-30 18:41:42,895 INFO c.h.h.t.HelmChartContainer - [K3S] [certificate_controller.go:120] "Starting certificate controller" name="csrsigning-kube-apiserver-client"
2025-01-30 18:41:42,895 INFO c.h.h.t.HelmChartContainer - [K3S] [dynamic_serving_content.go:135] "Starting controller" name="csr-controller::/var/lib/rancher/k3s/server/tls/server-ca.nochain.crt::/var/lib/rancher/k3s/server/tls/server-ca.key"
2025-01-30 18:41:42,895 INFO c.h.h.t.HelmChartContainer - [K3S] [dynamic_serving_content.go:135] "Starting controller" name="csr-controller::/var/lib/rancher/k3s/server/tls/server-ca.nochain.crt::/var/lib/rancher/k3s/server/tls/server-ca.key"
2025-01-30 18:41:42,895 INFO c.h.h.t.HelmChartContainer - [K3S] [dynamic_serving_content.go:135] "Starting controller" name="csr-controller::/var/lib/rancher/k3s/server/tls/client-ca.nochain.crt::/var/lib/rancher/k3s/server/tls/client-ca.key"
2025-01-30 18:41:42,895 INFO c.h.h.t.HelmChartContainer - [K3S] [dynamic_serving_content.go:135] "Starting controller" name="csr-controller::/var/lib/rancher/k3s/server/tls/client-ca.nochain.crt::/var/lib/rancher/k3s/server/tls/client-ca.key"
2025-01-30 18:41:42,901 INFO c.h.h.t.HelmChartContainer - [K3S] [event.go:389] "Event occurred" object="kube-system/auth-reader" fieldPath="" kind="Addon" apiVersion="k3s.cattle.io/v1" type="Normal" reason="ApplyingManifest" message="Applying manifest at \"/var/lib/rancher/k3s/server/manifests/metrics-server/auth-reader.yaml\""
2025-01-30 18:41:42,906 INFO c.h.h.t.HelmChartContainer - [K3S] [event.go:389] "Event occurred" object="kube-system/auth-reader" fieldPath="" kind="Addon" apiVersion="k3s.cattle.io/v1" type="Normal" reason="AppliedManifest" message="Applied manifest at \"/var/lib/rancher/k3s/server/manifests/metrics-server/auth-reader.yaml\""
2025-01-30 18:41:42,913 INFO c.h.h.t.HelmChartContainer - [K3S] [event.go:389] "Event occurred" object="kube-system/metrics-apiservice" fieldPath="" kind="Addon" apiVersion="k3s.cattle.io/v1" type="Normal" reason="ApplyingManifest" message="Applying manifest at \"/var/lib/rancher/k3s/server/manifests/metrics-server/metrics-apiservice.yaml\""
2025-01-30 18:41:42,919 INFO c.h.h.t.HelmChartContainer - [K3S] [event.go:389] "Event occurred" object="kube-system/metrics-apiservice" fieldPath="" kind="Addon" apiVersion="k3s.cattle.io/v1" type="Normal" reason="AppliedManifest" message="Applied manifest at \"/var/lib/rancher/k3s/server/manifests/metrics-server/metrics-apiservice.yaml\""
2025-01-30 18:41:42,923 INFO c.h.h.t.HelmChartContainer - [K3S] [handler_proxy.go:99] no RequestInfo found in the context
2025-01-30 18:41:42,924 INFO c.h.h.t.HelmChartContainer - [K3S] [controller.go:146] "Unhandled Error" err=<
2025-01-30 18:41:42,924 INFO c.h.h.t.HelmChartContainer - [K3S] 	, Header: map[Content-Type:[text/plain; charset=utf-8] X-Content-Type-Options:[nosniff]]
2025-01-30 18:41:42,924 INFO c.h.h.t.HelmChartContainer - [K3S]  >
2025-01-30 18:41:42,925 INFO c.h.h.t.HelmChartContainer - [K3S] [handler_proxy.go:143] error resolving kube-system/metrics-server: service "metrics-server" not found
2025-01-30 18:41:42,927 INFO c.h.h.t.HelmChartContainer - [K3S] [event.go:389] "Event occurred" object="kube-system/metrics-server-deployment" fieldPath="" kind="Addon" apiVersion="k3s.cattle.io/v1" type="Normal" reason="ApplyingManifest" message="Applying manifest at \"/var/lib/rancher/k3s/server/manifests/metrics-server/metrics-server-deployment.yaml\""
2025-01-30 18:41:42,938 INFO c.h.h.t.HelmChartContainer - [K3S] [event.go:389] "Event occurred" object="kube-system/metrics-server-deployment" fieldPath="" kind="Addon" apiVersion="k3s.cattle.io/v1" type="Normal" reason="AppliedManifest" message="Applied manifest at \"/var/lib/rancher/k3s/server/manifests/metrics-server/metrics-server-deployment.yaml\""
2025-01-30 18:41:42,944 INFO c.h.h.t.HelmChartContainer - [K3S] [event.go:389] "Event occurred" object="kube-system/metrics-server-service" fieldPath="" kind="Addon" apiVersion="k3s.cattle.io/v1" type="Normal" reason="ApplyingManifest" message="Applying manifest at \"/var/lib/rancher/k3s/server/manifests/metrics-server/metrics-server-service.yaml\""
2025-01-30 18:41:42,952 INFO c.h.h.t.HelmChartContainer - [K3S] [alloc.go:330] "allocated clusterIPs" service="kube-system/metrics-server" clusterIPs={"IPv4":"10.43.24.209"}
2025-01-30 18:41:42,953 INFO c.h.h.t.HelmChartContainer - [K3S] [event.go:389] "Event occurred" object="kube-system/metrics-server-service" fieldPath="" kind="Addon" apiVersion="k3s.cattle.io/v1" type="Normal" reason="AppliedManifest" message="Applied manifest at \"/var/lib/rancher/k3s/server/manifests/metrics-server/metrics-server-service.yaml\""
2025-01-30 18:41:42,958 INFO c.h.h.t.HelmChartContainer - [K3S] [handler_proxy.go:99] no RequestInfo found in the context
2025-01-30 18:41:42,959 INFO c.h.h.t.HelmChartContainer - [K3S] [controller.go:146] "Unhandled Error" err=<
2025-01-30 18:41:42,959 INFO c.h.h.t.HelmChartContainer - [K3S] 	, Header: map[Content-Type:[text/plain; charset=utf-8] X-Content-Type-Options:[nosniff]]
2025-01-30 18:41:42,959 INFO c.h.h.t.HelmChartContainer - [K3S]  >
2025-01-30 18:41:42,960 INFO c.h.h.t.HelmChartContainer - [K3S] [handler_proxy.go:143] error resolving kube-system/metrics-server: endpoints "metrics-server" not found
2025-01-30 18:41:42,966 INFO c.h.h.t.HelmChartContainer - [K3S] [event.go:389] "Event occurred" object="kube-system/resource-reader" fieldPath="" kind="Addon" apiVersion="k3s.cattle.io/v1" type="Normal" reason="ApplyingManifest" message="Applying manifest at \"/var/lib/rancher/k3s/server/manifests/metrics-server/resource-reader.yaml\""
2025-01-30 18:41:42,993 INFO c.h.h.t.HelmChartContainer - [K3S] [event.go:389] "Event occurred" object="kube-system/resource-reader" fieldPath="" kind="Addon" apiVersion="k3s.cattle.io/v1" type="Normal" reason="AppliedManifest" message="Applied manifest at \"/var/lib/rancher/k3s/server/manifests/metrics-server/resource-reader.yaml\""
2025-01-30 18:41:43,000 INFO c.h.h.t.HelmChartContainer - [K3S] [event.go:389] "Event occurred" object="kube-system/rolebindings" fieldPath="" kind="Addon" apiVersion="k3s.cattle.io/v1" type="Normal" reason="ApplyingManifest" message="Applying manifest at \"/var/lib/rancher/k3s/server/manifests/rolebindings.yaml\""
2025-01-30 18:41:43,047 INFO c.h.h.t.HelmChartContainer - [K3S] [range_allocator.go:112] "No Secondary Service CIDR provided. Skipping filtering out secondary service addresses"
2025-01-30 18:41:43,047 INFO c.h.h.t.HelmChartContainer - [K3S] [controllermanager.go:765] "Started controller" controller="node-ipam-controller"
2025-01-30 18:41:43,047 INFO c.h.h.t.HelmChartContainer - [K3S] [node_ipam_controller.go:141] "Starting ipam controller"
2025-01-30 18:41:43,106 INFO c.h.h.t.HelmChartContainer - [K3S] [event.go:389] "Event occurred" object="kube-system/rolebindings" fieldPath="" kind="Addon" apiVersion="k3s.cattle.io/v1" type="Normal" reason="AppliedManifest" message="Applied manifest at \"/var/lib/rancher/k3s/server/manifests/rolebindings.yaml\""
2025-01-30 18:41:43,114 INFO c.h.h.t.HelmChartContainer - [K3S] [event.go:389] "Event occurred" object="kube-system/runtimes" fieldPath="" kind="Addon" apiVersion="k3s.cattle.io/v1" type="Normal" reason="ApplyingManifest" message="Applying manifest at \"/var/lib/rancher/k3s/server/manifests/runtimes.yaml\""
2025-01-30 18:41:43,137 INFO c.h.h.t.HelmChartContainer - [K3S] [INFO] Tunnel authorizer set Kubelet Port 0.0.0.0:10250
2025-01-30 18:41:43,145 INFO c.h.h.t.HelmChartContainer - [K3S] [event.go:389] "Event occurred" object="kube-system/runtimes" fieldPath="" kind="Addon" apiVersion="k3s.cattle.io/v1" type="Normal" reason="AppliedManifest" message="Applied manifest at \"/var/lib/rancher/k3s/server/manifests/runtimes.yaml\""
2025-01-30 18:41:43,194 INFO c.h.h.t.HelmChartContainer - [K3S] [controllermanager.go:765] "Started controller" controller="persistentvolume-expander-controller"
2025-01-30 18:41:43,195 INFO c.h.h.t.HelmChartContainer - [K3S] [controllermanager.go:717] "Controller is disabled by a feature gate" controller="service-cidr-controller" requiredFeatureGates=["MultiCIDRServiceAllocator"]
2025-01-30 18:41:43,195 INFO c.h.h.t.HelmChartContainer - [K3S] [expand_controller.go:329] "Starting expand controller"
2025-01-30 18:41:43,278 INFO c.h.h.t.HelmChartContainer - [K3S] [serving.go:392] Generated self-signed cert in-memory
2025-01-30 18:41:43,343 INFO c.h.h.t.HelmChartContainer - [K3S] [controllermanager.go:765] "Started controller" controller="replicationcontroller-controller"
2025-01-30 18:41:43,344 INFO c.h.h.t.HelmChartContainer - [K3S] [replica_set.go:217] "Starting controller" name="replicationcontroller"
2025-01-30 18:41:43,494 INFO c.h.h.t.HelmChartContainer - [K3S] [controllermanager.go:765] "Started controller" controller="serviceaccount-controller"
2025-01-30 18:41:43,495 INFO c.h.h.t.HelmChartContainer - [K3S] [serviceaccounts_controller.go:114] "Starting service account controller"
2025-01-30 18:41:43,644 INFO c.h.h.t.HelmChartContainer - [K3S] [controllermanager.go:765] "Started controller" controller="persistentvolume-attach-detach-controller"
2025-01-30 18:41:43,644 INFO c.h.h.t.HelmChartContainer - [K3S] [attach_detach_controller.go:338] "Starting attach detach controller"
2025-01-30 18:41:43,663 INFO c.h.h.t.HelmChartContainer - [K3S] [serving.go:392] Generated self-signed cert in-memory
2025-01-30 18:41:43,794 INFO c.h.h.t.HelmChartContainer - [K3S] [controllermanager.go:765] "Started controller" controller="job-controller"
2025-01-30 18:41:43,795 INFO c.h.h.t.HelmChartContainer - [K3S] [job_controller.go:243] "Starting job controller"
2025-01-30 18:41:43,909 INFO c.h.h.t.HelmChartContainer - [K3S] [controllermanager.go:160] Version: v1.32.1+k3s1
2025-01-30 18:41:43,912 INFO c.h.h.t.HelmChartContainer - [K3S] [requestheader_controller.go:180] Starting RequestHeaderAuthRequestController
2025-01-30 18:41:43,913 INFO c.h.h.t.HelmChartContainer - [K3S] [configmap_cafile_content.go:205] "Starting controller" name="client-ca::kube-system::extension-apiserver-authentication::client-ca-file"
2025-01-30 18:41:43,913 INFO c.h.h.t.HelmChartContainer - [K3S] [configmap_cafile_content.go:205] "Starting controller" name="client-ca::kube-system::extension-apiserver-authentication::requestheader-client-ca-file"
2025-01-30 18:41:43,913 INFO c.h.h.t.HelmChartContainer - [K3S] [secure_serving.go:213] Serving securely on 127.0.0.1:10258
2025-01-30 18:41:43,913 INFO c.h.h.t.HelmChartContainer - [K3S] [tlsconfig.go:243] "Starting DynamicServingCertificateController"
2025-01-30 18:41:43,916 INFO c.h.h.t.HelmChartContainer - [K3S] [INFO] Creating service-lb-controller event broadcaster
2025-01-30 18:41:43,919 INFO c.h.h.t.HelmChartContainer - [K3S] [handler_proxy.go:99] no RequestInfo found in the context
2025-01-30 18:41:43,919 INFO c.h.h.t.HelmChartContainer - [K3S] [handler_proxy.go:99] no RequestInfo found in the context
2025-01-30 18:41:43,919 INFO c.h.h.t.HelmChartContainer - [K3S] [controller.go:102] "Unhandled Error" err=<
2025-01-30 18:41:43,919 INFO c.h.h.t.HelmChartContainer - [K3S] 	, Header: map[Content-Type:[text/plain; charset=utf-8] X-Content-Type-Options:[nosniff]]
2025-01-30 18:41:43,919 INFO c.h.h.t.HelmChartContainer - [K3S]  >
2025-01-30 18:41:43,943 INFO c.h.h.t.HelmChartContainer - [K3S] [controllermanager.go:765] "Started controller" controller="daemonset-controller"
2025-01-30 18:41:43,943 INFO c.h.h.t.HelmChartContainer - [K3S] [daemon_controller.go:294] "Starting daemon sets controller"
2025-01-30 18:41:43,994 INFO c.h.h.t.HelmChartContainer - [K3S] [controllermanager.go:765] "Started controller" controller="certificatesigningrequest-approving-controller"
2025-01-30 18:41:43,995 INFO c.h.h.t.HelmChartContainer - [K3S] [certificate_controller.go:120] "Starting certificate controller" name="csrapproving"
2025-01-30 18:41:44,029 INFO c.h.h.t.HelmChartContainer - [K3S] [INFO] Starting /v1, Kind=Node controller
2025-01-30 18:41:44,031 INFO c.h.h.t.HelmChartContainer - [K3S] [INFO] Starting /v1, Kind=Pod controller
2025-01-30 18:41:44,034 INFO c.h.h.t.HelmChartContainer - [K3S] [INFO] Starting apps/v1, Kind=DaemonSet controller
2025-01-30 18:41:44,036 INFO c.h.h.t.HelmChartContainer - [K3S] [INFO] Starting discovery.k8s.io/v1, Kind=EndpointSlice controller
2025-01-30 18:41:44,037 INFO c.h.h.t.HelmChartContainer - [K3S] [controllermanager.go:329] Started "cloud-node-controller"
2025-01-30 18:41:44,037 INFO c.h.h.t.HelmChartContainer - [K3S] [node_controller.go:176] Sending events to api server.
2025-01-30 18:41:44,038 INFO c.h.h.t.HelmChartContainer - [K3S] [node_controller.go:185] Waiting for informer caches to sync
2025-01-30 18:41:44,038 INFO c.h.h.t.HelmChartContainer - [K3S] [controllermanager.go:329] Started "cloud-node-lifecycle-controller"
2025-01-30 18:41:44,038 INFO c.h.h.t.HelmChartContainer - [K3S] [node_lifecycle_controller.go:112] Sending events to api server
2025-01-30 18:41:44,038 INFO c.h.h.t.HelmChartContainer - [K3S] [controllermanager.go:329] Started "service-lb-controller"
2025-01-30 18:41:44,038 INFO c.h.h.t.HelmChartContainer - [K3S] [controllermanager.go:306] "node-route-controller" is disabled
2025-01-30 18:41:44,038 INFO c.h.h.t.HelmChartContainer - [K3S] [controller.go:234] Starting service controller
2025-01-30 18:41:44,137 INFO c.h.h.t.HelmChartContainer - [K3S] [INFO] Started tunnel to 172.18.0.2:6443
2025-01-30 18:41:44,137 INFO c.h.h.t.HelmChartContainer - [K3S] [INFO] Connecting to proxy" url="wss://172.18.0.2:6443/v1-k3s/connect
2025-01-30 18:41:44,137 INFO c.h.h.t.HelmChartContainer - [K3S] [INFO] Stopped tunnel to 127.0.0.1:6443
2025-01-30 18:41:44,137 INFO c.h.h.t.HelmChartContainer - [K3S] [INFO] Proxy done" err="context canceled" url="wss://127.0.0.1:6443/v1-k3s/connect
2025-01-30 18:41:44,138 INFO c.h.h.t.HelmChartContainer - [K3S] [INFO] error in remotedialer server [400]: websocket: close 1006 (abnormal closure): unexpected EOF
2025-01-30 18:41:44,138 INFO c.h.h.t.HelmChartContainer - [K3S] [node_controller.go:429] Initializing node bd446d25b95a with cloud provider
2025-01-30 18:41:44,139 INFO c.h.h.t.HelmChartContainer - [K3S] [INFO] Handling backend connection request [bd446d25b95a]
2025-01-30 18:41:44,140 INFO c.h.h.t.HelmChartContainer - [K3S] [INFO] Remotedialer connected to proxy" url="wss://172.18.0.2:6443/v1-k3s/connect
2025-01-30 18:41:44,144 INFO c.h.h.t.HelmChartContainer - [K3S] [node_controller.go:474] Successfully initialized node bd446d25b95a with cloud provider
2025-01-30 18:41:44,144 INFO c.h.h.t.HelmChartContainer - [K3S] [event.go:389] "Event occurred" object="bd446d25b95a" fieldPath="" kind="Node" apiVersion="v1" type="Normal" reason="Synced" message="Node synced successfully"
2025-01-30 18:41:44,145 INFO c.h.h.t.HelmChartContainer - [K3S] [controllermanager.go:765] "Started controller" controller="root-ca-certificate-publisher-controller"
2025-01-30 18:41:44,145 INFO c.h.h.t.HelmChartContainer - [K3S] [publisher.go:107] "Starting root CA cert publisher controller"
2025-01-30 18:41:44,150 INFO c.h.h.t.HelmChartContainer - [K3S] [INFO] Updated coredns NodeHosts entry for bd446d25b95a
2025-01-30 18:41:44,294 INFO c.h.h.t.HelmChartContainer - [K3S] [controllermanager.go:765] "Started controller" controller="legacy-serviceaccount-token-cleaner-controller"
2025-01-30 18:41:44,295 INFO c.h.h.t.HelmChartContainer - [K3S] [legacy_serviceaccount_token_cleaner.go:103] "Starting legacy service account token cleaner controller"
2025-01-30 18:41:44,494 INFO c.h.h.t.HelmChartContainer - [K3S] [controllermanager.go:765] "Started controller" controller="validatingadmissionpolicy-status-controller"
2025-01-30 18:41:44,494 INFO c.h.h.t.HelmChartContainer - [K3S] [controllermanager.go:743] "Warning: skipping controller" controller="storage-version-migrator-controller"
2025-01-30 18:41:44,500 INFO c.h.h.t.HelmChartContainer - [K3S] [serving.go:392] Generated self-signed cert in-memory
2025-01-30 18:41:44,651 INFO c.h.h.t.HelmChartContainer - [K3S] [controllermanager.go:765] "Started controller" controller="endpointslice-controller"
2025-01-30 18:41:44,653 INFO c.h.h.t.HelmChartContainer - [K3S] [endpointslice_controller.go:281] "Starting endpoint slice controller"
2025-01-30 18:41:44,795 INFO c.h.h.t.HelmChartContainer - [K3S] [controllermanager.go:765] "Started controller" controller="pod-garbage-collector-controller"
2025-01-30 18:41:44,795 INFO c.h.h.t.HelmChartContainer - [K3S] [gc_controller.go:99] "Starting GC controller"
2025-01-30 18:41:44,895 INFO c.h.h.t.HelmChartContainer - [K3S] [server.go:164] "Starting Kubernetes Scheduler" version="v1.32.1+k3s1"
2025-01-30 18:41:44,896 INFO c.h.h.t.HelmChartContainer - [K3S] [server.go:166] "Golang settings" GOGC="" GOMAXPROCS="" GOTRACEBACK=""
2025-01-30 18:41:44,900 INFO c.h.h.t.HelmChartContainer - [K3S] [requestheader_controller.go:180] Starting RequestHeaderAuthRequestController
2025-01-30 18:41:44,900 INFO c.h.h.t.HelmChartContainer - [K3S] [configmap_cafile_content.go:205] "Starting controller" name="client-ca::kube-system::extension-apiserver-authentication::client-ca-file"
2025-01-30 18:41:44,900 INFO c.h.h.t.HelmChartContainer - [K3S] [configmap_cafile_content.go:205] "Starting controller" name="client-ca::kube-system::extension-apiserver-authentication::requestheader-client-ca-file"
2025-01-30 18:41:44,900 INFO c.h.h.t.HelmChartContainer - [K3S] [secure_serving.go:213] Serving securely on 127.0.0.1:10259
2025-01-30 18:41:44,900 INFO c.h.h.t.HelmChartContainer - [K3S] [tlsconfig.go:243] "Starting DynamicServingCertificateController"
2025-01-30 18:41:45,001 INFO c.h.h.t.HelmChartContainer - [K3S] [handler_proxy.go:99] no RequestInfo found in the context
2025-01-30 18:41:45,002 INFO c.h.h.t.HelmChartContainer - [K3S] [controller.go:146] "Unhandled Error" err=<
2025-01-30 18:41:45,002 INFO c.h.h.t.HelmChartContainer - [K3S] 	, Header: map[Content-Type:[text/plain; charset=utf-8] X-Content-Type-Options:[nosniff]]
2025-01-30 18:41:45,002 INFO c.h.h.t.HelmChartContainer - [K3S]  >
2025-01-30 18:41:45,003 INFO c.h.h.t.HelmChartContainer - [K3S] [handler_proxy.go:143] error resolving kube-system/metrics-server: no endpoints available for service "metrics-server"
2025-01-30 18:41:45,055 INFO c.h.h.t.HelmChartContainer - [K3S] [actual_state_of_world.go:541] "Failed to update statusUpdateNeeded field in actual state of world" err="Failed to set statusUpdateNeeded to needed true, because nodeName=\"bd446d25b95a\" does not exist"
2025-01-30 18:41:45,095 INFO c.h.h.t.HelmChartContainer - [K3S] [node_lifecycle_controller.go:1234] "Initializing eviction metric for zone" zone=""
2025-01-30 18:41:45,095 INFO c.h.h.t.HelmChartContainer - [K3S] [node_lifecycle_controller.go:886] "Missing timestamp for Node. Assuming now as a timestamp" node="bd446d25b95a"
2025-01-30 18:41:45,095 INFO c.h.h.t.HelmChartContainer - [K3S] [node_lifecycle_controller.go:1080] "Controller detected that zone is now in new state" zone="" newState="Normal"
2025-01-30 18:41:45,148 INFO c.h.h.t.HelmChartContainer - [K3S] [range_allocator.go:177] "Sending events to api server"
2025-01-30 18:41:45,148 INFO c.h.h.t.HelmChartContainer - [K3S] [range_allocator.go:183] "Starting range CIDR allocator"
2025-01-30 18:41:45,152 INFO c.h.h.t.HelmChartContainer - [K3S] [range_allocator.go:428] "Set node PodCIDR" node="bd446d25b95a" podCIDRs=["10.42.0.0/24"]
2025-01-30 18:41:45,152 INFO c.h.h.t.HelmChartContainer - [K3S] [range_allocator.go:247] "Successfully synced" key="bd446d25b95a"
2025-01-30 18:41:45,157 INFO c.h.h.t.HelmChartContainer - [K3S] [INFO] Flannel found PodCIDR assigned for node bd446d25b95a
2025-01-30 18:41:45,157 INFO c.h.h.t.HelmChartContainer - [K3S] [range_allocator.go:247] "Successfully synced" key="bd446d25b95a"
2025-01-30 18:41:45,159 INFO c.h.h.t.HelmChartContainer - [K3S] [INFO] The interface eth0 with ipv4 address 172.18.0.2 will be used by flannel
2025-01-30 18:41:45,160 INFO c.h.h.t.HelmChartContainer - [K3S] [kube.go:139] Waiting 10m0s for node controller to sync
2025-01-30 18:41:45,160 INFO c.h.h.t.HelmChartContainer - [K3S] [kube.go:469] Starting kube subnet manager
2025-01-30 18:41:45,271 INFO c.h.h.t.HelmChartContainer - [K3S] [INFO] Starting network policy controller version v2.2.1, built on 2025-01-28T18:27:08Z, go1.23.4
2025-01-30 18:41:45,272 INFO c.h.h.t.HelmChartContainer - [K3S] [network_policy_controller.go:164] Starting network policy controller
2025-01-30 18:41:45,304 INFO c.h.h.t.HelmChartContainer - [K3S] [network_policy_controller.go:176] Starting network policy controller full sync goroutine
2025-01-30 18:41:45,600 INFO c.h.h.t.HelmChartContainer - [K3S] [range_allocator.go:247] "Successfully synced" key="bd446d25b95a"
2025-01-30 18:41:45,709 INFO c.h.h.t.HelmChartContainer - [K3S] [replica_set.go:679] "Finished syncing" kind="ReplicaSet" key="kube-system/local-path-provisioner-698b58967b" duration="404.40345ms"
2025-01-30 18:41:45,712 INFO c.h.h.t.HelmChartContainer - [K3S] [replica_set.go:679] "Finished syncing" kind="ReplicaSet" key="kube-system/metrics-server-8584b5786c" duration="407.038371ms"
2025-01-30 18:41:45,722 INFO c.h.h.t.HelmChartContainer - [K3S] [replica_set.go:679] "Finished syncing" kind="ReplicaSet" key="kube-system/local-path-provisioner-698b58967b" duration="13.527866ms"
2025-01-30 18:41:45,722 INFO c.h.h.t.HelmChartContainer - [K3S] [replica_set.go:679] "Finished syncing" kind="ReplicaSet" key="kube-system/local-path-provisioner-698b58967b" duration="51.786µs"
2025-01-30 18:41:45,725 INFO c.h.h.t.HelmChartContainer - [K3S] [replica_set.go:679] "Finished syncing" kind="ReplicaSet" key="kube-system/metrics-server-8584b5786c" duration="12.689212ms"
2025-01-30 18:41:45,725 INFO c.h.h.t.HelmChartContainer - [K3S] [replica_set.go:679] "Finished syncing" kind="ReplicaSet" key="kube-system/metrics-server-8584b5786c" duration="29.215µs"
2025-01-30 18:41:45,725 INFO c.h.h.t.HelmChartContainer - [K3S] [replica_set.go:679] "Finished syncing" kind="ReplicaSet" key="kube-system/coredns-ff8999cc5" duration="420.033534ms"
2025-01-30 18:41:45,727 INFO c.h.h.t.HelmChartContainer - [K3S] [replica_set.go:679] "Finished syncing" kind="ReplicaSet" key="kube-system/metrics-server-8584b5786c" duration="45.054µs"
2025-01-30 18:41:45,736 INFO c.h.h.t.HelmChartContainer - [K3S] [replica_set.go:679] "Finished syncing" kind="ReplicaSet" key="kube-system/coredns-ff8999cc5" duration="11.40583ms"
2025-01-30 18:41:45,749 INFO c.h.h.t.HelmChartContainer - [K3S] [replica_set.go:679] "Finished syncing" kind="ReplicaSet" key="kube-system/coredns-ff8999cc5" duration="13.713237ms"
2025-01-30 18:41:45,749 INFO c.h.h.t.HelmChartContainer - [K3S] [replica_set.go:679] "Finished syncing" kind="ReplicaSet" key="kube-system/coredns-ff8999cc5" duration="32.842µs"
2025-01-30 18:41:45,753 INFO c.h.h.t.HelmChartContainer - [K3S] [replica_set.go:679] "Finished syncing" kind="ReplicaSet" key="kube-system/metrics-server-8584b5786c" duration="28.352µs"
2025-01-30 18:41:45,763 INFO c.h.h.t.HelmChartContainer - [K3S] [replica_set.go:679] "Finished syncing" kind="ReplicaSet" key="kube-system/local-path-provisioner-698b58967b" duration="32.571µs"
2025-01-30 18:41:45,771 INFO c.h.h.t.HelmChartContainer - [K3S] [replica_set.go:679] "Finished syncing" kind="ReplicaSet" key="kube-system/coredns-ff8999cc5" duration="39.473µs"
2025-01-30 18:41:45,904 INFO c.h.h.t.HelmChartContainer - [K3S] [reconciler_common.go:251] "operationExecutor.VerifyControllerAttachedVolume started for volume \"custom-config-volume\" (UniqueName: \"kubernetes.io/configmap/a26c08ca-b4d5-4896-8425-c945a443d0c2-custom-config-volume\") pod \"coredns-ff8999cc5-nr6fv\" (UID: \"a26c08ca-b4d5-4896-8425-c945a443d0c2\") " pod="kube-system/coredns-ff8999cc5-nr6fv"
2025-01-30 18:41:45,904 INFO c.h.h.t.HelmChartContainer - [K3S] [reconciler_common.go:251] "operationExecutor.VerifyControllerAttachedVolume started for volume \"kube-api-access-l28ms\" (UniqueName: \"kubernetes.io/projected/a26c08ca-b4d5-4896-8425-c945a443d0c2-kube-api-access-l28ms\") pod \"coredns-ff8999cc5-nr6fv\" (UID: \"a26c08ca-b4d5-4896-8425-c945a443d0c2\") " pod="kube-system/coredns-ff8999cc5-nr6fv"
2025-01-30 18:41:45,904 INFO c.h.h.t.HelmChartContainer - [K3S] [reconciler_common.go:251] "operationExecutor.VerifyControllerAttachedVolume started for volume \"config-volume\" (UniqueName: \"kubernetes.io/configmap/d9fddf1e-5420-41ce-b348-d8bd3c1bfe62-config-volume\") pod \"local-path-provisioner-698b58967b-6fx6b\" (UID: \"d9fddf1e-5420-41ce-b348-d8bd3c1bfe62\") " pod="kube-system/local-path-provisioner-698b58967b-6fx6b"
2025-01-30 18:41:45,904 INFO c.h.h.t.HelmChartContainer - [K3S] [reconciler_common.go:251] "operationExecutor.VerifyControllerAttachedVolume started for volume \"kube-api-access-spc6q\" (UniqueName: \"kubernetes.io/projected/d9fddf1e-5420-41ce-b348-d8bd3c1bfe62-kube-api-access-spc6q\") pod \"local-path-provisioner-698b58967b-6fx6b\" (UID: \"d9fddf1e-5420-41ce-b348-d8bd3c1bfe62\") " pod="kube-system/local-path-provisioner-698b58967b-6fx6b"
2025-01-30 18:41:45,904 INFO c.h.h.t.HelmChartContainer - [K3S] [reconciler_common.go:251] "operationExecutor.VerifyControllerAttachedVolume started for volume \"tmp-dir\" (UniqueName: \"kubernetes.io/empty-dir/74eaea47-0e71-4522-90ab-d69c95eaeacb-tmp-dir\") pod \"metrics-server-8584b5786c-rdwxm\" (UID: \"74eaea47-0e71-4522-90ab-d69c95eaeacb\") " pod="kube-system/metrics-server-8584b5786c-rdwxm"
2025-01-30 18:41:45,904 INFO c.h.h.t.HelmChartContainer - [K3S] [reconciler_common.go:251] "operationExecutor.VerifyControllerAttachedVolume started for volume \"kube-api-access-tj96p\" (UniqueName: \"kubernetes.io/projected/74eaea47-0e71-4522-90ab-d69c95eaeacb-kube-api-access-tj96p\") pod \"metrics-server-8584b5786c-rdwxm\" (UID: \"74eaea47-0e71-4522-90ab-d69c95eaeacb\") " pod="kube-system/metrics-server-8584b5786c-rdwxm"
2025-01-30 18:41:45,904 INFO c.h.h.t.HelmChartContainer - [K3S] [reconciler_common.go:251] "operationExecutor.VerifyControllerAttachedVolume started for volume \"config-volume\" (UniqueName: \"kubernetes.io/configmap/a26c08ca-b4d5-4896-8425-c945a443d0c2-config-volume\") pod \"coredns-ff8999cc5-nr6fv\" (UID: \"a26c08ca-b4d5-4896-8425-c945a443d0c2\") " pod="kube-system/coredns-ff8999cc5-nr6fv"
2025-01-30 18:41:46,003 INFO c.h.h.t.HelmChartContainer - [K3S] [handler_proxy.go:99] no RequestInfo found in the context
2025-01-30 18:41:46,003 INFO c.h.h.t.HelmChartContainer - [K3S] [handler_proxy.go:99] no RequestInfo found in the context
2025-01-30 18:41:46,003 INFO c.h.h.t.HelmChartContainer - [K3S] [controller.go:102] "Unhandled Error" err=<
2025-01-30 18:41:46,003 INFO c.h.h.t.HelmChartContainer - [K3S] 	, Header: map[Content-Type:[text/plain; charset=utf-8] X-Content-Type-Options:[nosniff]]
2025-01-30 18:41:46,003 INFO c.h.h.t.HelmChartContainer - [K3S]  >
2025-01-30 18:41:46,156 INFO c.h.h.t.HelmChartContainer - [K3S] [kube.go:146] Node controller sync successful
2025-01-30 18:41:46,156 INFO c.h.h.t.HelmChartContainer - [K3S] [vxlan.go:141] VXLAN config: VNI=1 Port=0 GBP=false Learning=false DirectRouting=false
2025-01-30 18:41:46,159 INFO c.h.h.t.HelmChartContainer - [K3S] [kube.go:636] List of node(bd446d25b95a) annotations: map[string]string{"alpha.kubernetes.io/provided-node-ip":"172.18.0.2", "k3s.io/hostname":"bd446d25b95a", "k3s.io/internal-ip":"172.18.0.2", "k3s.io/node-args":"[\"server\",\"--etcd-arg\",\"unsafe-no-fsync\",\"--etcd-arg\",\"snapshot-count=10000\",\"--etcd-arg\",\"auto-compaction-mode=revision\",\"--etcd-arg\",\"auto-compaction-retention=1000000\",\"--kube-apiserver-arg\",\"etcd-compaction-interval=0s\",\"--disable\",\"traefik\",\"--tls-san\",\"localhost\"]", "k3s.io/node-config-hash":"2QNNT5M5XUBFOLO5XPGEVGOM5UDLHHTIVMSRUPAUHE5DU3HUYQUQ====", "k3s.io/node-env":"{}", "node.alpha.kubernetes.io/ttl":"0", "volumes.kubernetes.io/controller-managed-attach-detach":"true"}
2025-01-30 18:41:46,165 INFO c.h.h.t.HelmChartContainer - [K3S] [kube.go:490] Creating the node lease for IPv4. This is the n.Spec.PodCIDRs: [10.42.0.0/24]
2025-01-30 18:41:46,165 INFO c.h.h.t.HelmChartContainer - [K3S] [iptables.go:51] Starting flannel in iptables mode...
2025-01-30 18:41:46,165 INFO c.h.h.t.HelmChartContainer - [K3S] [WARNING] no subnet found for key: FLANNEL_NETWORK in file: /run/flannel/subnet.env
2025-01-30 18:41:46,165 INFO c.h.h.t.HelmChartContainer - [K3S] [WARNING] no subnet found for key: FLANNEL_SUBNET in file: /run/flannel/subnet.env
2025-01-30 18:41:46,165 INFO c.h.h.t.HelmChartContainer - [K3S] [WARNING] no subnet found for key: FLANNEL_IPV6_NETWORK in file: /run/flannel/subnet.env
2025-01-30 18:41:46,165 INFO c.h.h.t.HelmChartContainer - [K3S] [WARNING] no subnet found for key: FLANNEL_IPV6_SUBNET in file: /run/flannel/subnet.env
2025-01-30 18:41:46,165 INFO c.h.h.t.HelmChartContainer - [K3S] [iptables.go:115] Current network or subnet (10.42.0.0/16, 10.42.0.0/24) is not equal to previous one (0.0.0.0/0, 0.0.0.0/0), trying to recycle old iptables rules
2025-01-30 18:41:46,165 INFO c.h.h.t.HelmChartContainer - [K3S] [range_allocator.go:247] "Successfully synced" key="bd446d25b95a"
2025-01-30 18:41:46,176 INFO c.h.h.t.HelmChartContainer - [K3S] [iptables.go:125] Setting up masking rules
2025-01-30 18:41:46,178 INFO c.h.h.t.HelmChartContainer - [K3S] [iptables.go:226] Changing default FORWARD chain policy to ACCEPT
2025-01-30 18:41:46,180 INFO c.h.h.t.HelmChartContainer - [K3S] [INFO] Wrote flannel subnet file to /run/flannel/subnet.env
2025-01-30 18:41:46,181 INFO c.h.h.t.HelmChartContainer - [K3S] [INFO] Running flannel backend.
2025-01-30 18:41:46,181 INFO c.h.h.t.HelmChartContainer - [K3S] [vxlan_network.go:65] watching for new subnet leases
2025-01-30 18:41:46,192 INFO c.h.h.t.HelmChartContainer - [K3S] [iptables.go:372] bootstrap done
2025-01-30 18:41:46,200 INFO c.h.h.t.HelmChartContainer - [K3S] [iptables.go:372] bootstrap done
2025-01-30 18:41:48,243 INFO c.h.h.t.HelmChartContainer - [K3S] [replica_set.go:679] "Finished syncing" kind="ReplicaSet" key="kube-system/local-path-provisioner-698b58967b" duration="7.03691ms"
2025-01-30 18:41:48,247 INFO c.h.h.t.HelmChartContainer - [K3S] [replica_set.go:679] "Finished syncing" kind="ReplicaSet" key="kube-system/local-path-provisioner-698b58967b" duration="39.043µs"
2025-01-30 18:41:49,252 INFO c.h.h.t.HelmChartContainer - [K3S] [replica_set.go:679] "Finished syncing" kind="ReplicaSet" key="kube-system/metrics-server-8584b5786c" duration="41.858µs"
2025-01-30 18:41:49,273 INFO c.h.h.t.HelmChartContainer - [K3S] [replica_set.go:679] "Finished syncing" kind="ReplicaSet" key="kube-system/coredns-ff8999cc5" duration="5.387561ms"
2025-01-30 18:41:49,279 INFO c.h.h.t.HelmChartContainer - [K3S] [replica_set.go:679] "Finished syncing" kind="ReplicaSet" key="kube-system/coredns-ff8999cc5" duration="27.441µs"
2025-01-30 18:41:49,517 INFO c.h.h.t.HelmChartContainer - [K3S] [kuberuntime_manager.go:1702] "Updating runtime config through cri with podcidr" CIDR="10.42.0.0/24"
2025-01-30 18:41:49,518 INFO c.h.h.t.HelmChartContainer - [K3S] [kubelet_network.go:61] "Updating Pod CIDR" originalPodCIDR="" newPodCIDR="10.42.0.0/24"
2025-01-30 18:41:49,526 INFO c.h.h.t.HelmChartContainer - [K3S] [range_allocator.go:247] "Successfully synced" key="bd446d25b95a"
2025-01-30 18:41:50,464 DEBUG c.h.h.t.HelmChartContainer - Image file loaded 'hivemq-platform-operator.tar'
2025-01-30 18:41:50,963 DEBUG c.h.h.t.HelmChartContainer - Image file loaded 'hivemq-platform-operator-init.tar'
2025-01-30 18:41:56,586 DEBUG c.h.h.t.HelmChartContainer - Image file loaded 'hivemq-platform.tar'
2025-01-30 18:41:56,586 DEBUG c.h.h.t.HelmChartContainer - Successful Helm chart Container startup
2025-01-30 18:41:56,601 INFO t.localhost/testcontainers/v6sibvjciu9jqhuq:latest - Container localhost/testcontainers/v6sibvjciu9jqhuq:latest started in PT21.577671255S
2025-01-30 18:41:56,611 DEBUG c.h.h.t.HelmChartContainer - Executing helm command: /bin/helm --kubeconfig /etc/rancher/k3s/k3s.yaml repo add hivemq https://hivemq.github.io/helm-charts
2025-01-30 18:41:58,058 INFO c.h.h.t.HelmChartContainer - Saved kubeconfig file on /tmp/kubeconfig-4320051918709244753.yaml
2025-01-30 18:41:58,058 INFO c.h.h.t.HelmChartContainer - HelmChartContainer is started
2025-01-30 18:41:58,058 INFO c.h.h.t.HelmChartContainer - [EVENT] Normal [Starting] Starting kubelet. [null:bd446d25b95a]
2025-01-30 18:41:58,059 INFO c.h.h.t.HelmChartContainer - [EVENT] Warning [InvalidDiskCapacity] invalid capacity 0 on image filesystem [null:bd446d25b95a]
2025-01-30 18:41:58,060 INFO c.h.h.t.HelmChartContainer - [EVENT] Normal [NodeHasSufficientMemory] Node bd446d25b95a status is now: NodeHasSufficientMemory [null:bd446d25b95a]
2025-01-30 18:41:58,061 INFO c.h.h.t.HelmChartContainer - [EVENT] Normal [NodeHasNoDiskPressure] Node bd446d25b95a status is now: NodeHasNoDiskPressure [null:bd446d25b95a]
2025-01-30 18:41:58,062 INFO c.h.h.t.HelmChartContainer - [EVENT] Normal [NodeHasSufficientPID] Node bd446d25b95a status is now: NodeHasSufficientPID [null:bd446d25b95a]
2025-01-30 18:41:58,066 INFO c.h.h.t.HelmChartContainer - [EVENT] Normal [NodeAllocatableEnforced] Updated Node Allocatable limit across pods [null:bd446d25b95a]
2025-01-30 18:41:58,066 INFO c.h.h.t.HelmChartContainer - [EVENT] Normal [NodeReady] Node bd446d25b95a status is now: NodeReady [null:bd446d25b95a]
2025-01-30 18:41:58,067 INFO c.h.h.t.HelmChartContainer - [EVENT] Normal [NodePasswordValidationComplete] Deferred node password secret validation complete [null:bd446d25b95a]
2025-01-30 18:41:58,068 INFO c.h.h.t.HelmChartContainer - [EVENT] Normal [Synced] Node synced successfully [null:bd446d25b95a]
2025-01-30 18:41:58,072 INFO c.h.h.t.HelmChartContainer - [EVENT] Normal [RegisteredNode] Node bd446d25b95a event: Registered Node bd446d25b95a in Controller [null:bd446d25b95a]
]]></system-out>
  <system-err><![CDATA[]]></system-err>
</testsuite>
