<?xml version="1.0" encoding="UTF-8"?>
<testsuite name="com.hivemq.helmcharts.serviceaccount.HelmCustomServiceAccountDisabledCreationAndValidationCreateMissingServiceAccountIT" tests="1" skipped="0" failures="0" errors="0" timestamp="2025-06-27T15:49:43" hostname="fv-az1393-951" time="85.09">
  <properties/>
  <testcase name="platformCharts_withCreateAndValidateDisabled_hivemqRunning()" classname="com.hivemq.helmcharts.serviceaccount.HelmCustomServiceAccountDisabledCreationAndValidationCreateMissingServiceAccountIT" time="85.09"/>
</testsuite>
