<?xml version="1.0" encoding="UTF-8"?>
<testsuite name="com.hivemq.helmcharts.extensions.HelmExtensionPriorityIT" tests="1" skipped="0" failures="0" errors="0" timestamp="2025-01-29T18:36:50" hostname="fv-az1391-347" time="114.3">
  <properties/>
  <testcase name="platformChart_whenExtensionPriorityIsConfigured_thenInterceptorsAreExecutedInTheExpectedOrder()" classname="com.hivemq.helmcharts.extensions.HelmExtensionPriorityIT" time="114.3">
    <system-out><![CDATA[2025-01-29 18:36:50,356 INFO c.h.h.t.HelmChartContainer - Creating namespace 'helmextensionpriorityit-operator'...
2025-01-29 18:36:50,596 INFO c.h.h.t.HelmChartContainer - Namespace 'helmextensionpriorityit-operator' created
2025-01-29 18:36:50,597 INFO c.h.h.t.HelmChartContainer - Creating namespace 'helmextensionpriorityit'...
2025-01-29 18:36:50,597 INFO c.h.h.t.HelmChartContainer - [POD] coredns-ff8999cc5-q42bd [d065baeb-d9e5-461d-88c8-8b69a5096e9f] in kube-system was ADDED
2025-01-29 18:36:50,600 INFO c.h.h.t.HelmChartContainer - [POD] local-path-provisioner-698b58967b-b49vc [43846df5-c85f-41c8-a904-0d098c33a9b7] in kube-system was ADDED
2025-01-29 18:36:50,602 INFO c.h.h.t.HelmChartContainer - [POD] metrics-server-8584b5786c-6jtf8 [97a5b99b-dd61-4f6c-b7f5-22836a1149dd] in kube-system was ADDED
2025-01-29 18:36:50,610 INFO c.h.h.t.HelmChartContainer - Namespace 'helmextensionpriorityit' created
2025-01-29 18:36:50,684 DEBUG c.h.h.t.HelmChartContainer - Executing helm command: /bin/helm --kubeconfig /etc/rancher/k3s/k3s.yaml install test-hivemq-platform-operator /charts/hivemq-platform-operator --wait --timeout 5m0s --set image.repository=docker.io/hivemq --set image.name=hivemq-platform-operator-test --set image.initImageName=hivemq-platform-operator-init-test --set image.tag=snapshot --set image.pullPolicy=Never --set logLevel=DEBUG --set resources.cpu=512m --namespace helmextensionpriorityit-operator
2025-01-29 18:36:53,027 INFO c.h.h.t.HelmChartContainer - [K3S] [alloc.go:330] "allocated clusterIPs" service="helmextensionpriorityit-operator/hivemq-platform-operator-test-hivemq-platform-operator" clusterIPs={"IPv4":"10.43.204.186"}
2025-01-29 18:36:53,047 INFO c.h.h.t.HelmChartContainer - [EVENT] Normal [ScalingReplicaSet] Scaled up replica set hivemq-test-hivemq-platform-operator-6966f96d65 from 0 to 1 [helmextensionpriorityit-operator:hivemq-test-hivemq-platform-operator]
2025-01-29 18:36:53,054 INFO c.h.h.t.HelmChartContainer - [POD] hivemq-test-hivemq-platform-operator-6966f96d65-n49w9 [9a77d539-1dc3-44f0-90a8-685690b639f7] in helmextensionpriorityit-operator was ADDED
2025-01-29 18:36:53,065 INFO c.h.h.t.HelmChartContainer - [POD] hivemq-test-hivemq-platform-operator-6966f96d65-n49w9 [9a77d539-1dc3-44f0-90a8-685690b639f7] in helmextensionpriorityit-operator was MODIFIED
2025-01-29 18:36:53,066 INFO c.h.h.t.HelmChartContainer - [EVENT] Normal [SuccessfulCreate] Created pod: hivemq-test-hivemq-platform-operator-6966f96d65-n49w9 [helmextensionpriorityit-operator:hivemq-test-hivemq-platform-operator-6966f96d65]
2025-01-29 18:36:53,074 INFO c.h.h.t.HelmChartContainer - [K3S] [replica_set.go:679] "Finished syncing" kind="ReplicaSet" key="helmextensionpriorityit-operator/hivemq-test-hivemq-platform-operator-6966f96d65" duration="29.857449ms"
2025-01-29 18:36:53,081 INFO c.h.h.t.HelmChartContainer - [EVENT] Normal [Scheduled] Successfully assigned helmextensionpriorityit-operator/hivemq-test-hivemq-platform-operator-6966f96d65-n49w9 to 63eb5a585d77 [helmextensionpriorityit-operator:hivemq-test-hivemq-platform-operator-6966f96d65-n49w9]
2025-01-29 18:36:53,091 INFO c.h.h.t.HelmChartContainer - [K3S] [replica_set.go:679] "Finished syncing" kind="ReplicaSet" key="helmextensionpriorityit-operator/hivemq-test-hivemq-platform-operator-6966f96d65" duration="20.766858ms"
2025-01-29 18:36:53,096 INFO c.h.h.t.HelmChartContainer - [K3S] [replica_set.go:679] "Finished syncing" kind="ReplicaSet" key="helmextensionpriorityit-operator/hivemq-test-hivemq-platform-operator-6966f96d65" duration="55.312µs"
2025-01-29 18:36:53,102 INFO c.h.h.t.HelmChartContainer - [K3S] [replica_set.go:679] "Finished syncing" kind="ReplicaSet" key="helmextensionpriorityit-operator/hivemq-test-hivemq-platform-operator-6966f96d65" duration="50.072µs"
2025-01-29 18:36:53,103 INFO c.h.h.t.HelmChartContainer - [POD] hivemq-test-hivemq-platform-operator-6966f96d65-n49w9 [9a77d539-1dc3-44f0-90a8-685690b639f7] in helmextensionpriorityit-operator was MODIFIED
2025-01-29 18:36:53,145 INFO c.h.h.t.HelmChartContainer - [K3S] [reconciler_common.go:251] "operationExecutor.VerifyControllerAttachedVolume started for volume \"kube-api-access-ncz6w\" (UniqueName: \"kubernetes.io/projected/9a77d539-1dc3-44f0-90a8-685690b639f7-kube-api-access-ncz6w\") pod \"hivemq-test-hivemq-platform-operator-6966f96d65-n49w9\" (UID: \"9a77d539-1dc3-44f0-90a8-685690b639f7\") " pod="helmextensionpriorityit-operator/hivemq-test-hivemq-platform-operator-6966f96d65-n49w9"
2025-01-29 18:36:53,449 INFO c.h.h.t.HelmChartContainer - [EVENT] Normal [Pulled] Container image "docker.io/hivemq/hivemq-platform-operator-test:snapshot" already present on machine [helmextensionpriorityit-operator:hivemq-test-hivemq-platform-operator-6966f96d65-n49w9]
2025-01-29 18:36:53,449 INFO c.h.h.t.HelmChartContainer - Received Pulled event for container hivemq-platform-operator in pod hivemq-test-hivemq-platform-operator-6966f96d65-n49w9 [9a77d539-1dc3-44f0-90a8-685690b639f7]
2025-01-29 18:36:53,455 INFO c.h.h.t.HelmChartContainer - [EVENT] Normal [Created] Created container: hivemq-platform-operator [helmextensionpriorityit-operator:hivemq-test-hivemq-platform-operator-6966f96d65-n49w9]
2025-01-29 18:36:53,456 INFO c.h.h.t.HelmChartContainer - Received Created event for container hivemq-platform-operator in pod hivemq-test-hivemq-platform-operator-6966f96d65-n49w9 [9a77d539-1dc3-44f0-90a8-685690b639f7]
2025-01-29 18:36:54,418 INFO c.h.h.t.HelmChartContainer - [K3S] [replica_set.go:679] "Finished syncing" kind="ReplicaSet" key="helmextensionpriorityit-operator/hivemq-test-hivemq-platform-operator-6966f96d65" duration="64.981µs"
2025-01-29 18:36:54,420 INFO c.h.h.t.HelmChartContainer - [POD] hivemq-test-hivemq-platform-operator-6966f96d65-n49w9 [9a77d539-1dc3-44f0-90a8-685690b639f7] in helmextensionpriorityit-operator was MODIFIED
2025-01-29 18:36:54,530 INFO c.h.h.t.HelmChartContainer - [EVENT] Normal [Started] Started container hivemq-platform-operator [helmextensionpriorityit-operator:hivemq-test-hivemq-platform-operator-6966f96d65-n49w9]
2025-01-29 18:36:54,530 INFO c.h.h.t.HelmChartContainer - Started log watcher for hivemq-platform-operator in pod hivemq-test-hivemq-platform-operator-6966f96d65-n49w9 [9a77d539-1dc3-44f0-90a8-685690b639f7]
2025-01-29 18:36:54,530 INFO c.h.h.t.HelmChartContainer - Received Started event for container hivemq-platform-operator in pod hivemq-test-hivemq-platform-operator-6966f96d65-n49w9 [9a77d539-1dc3-44f0-90a8-685690b639f7]
2025-01-29 18:36:54,531 INFO c.h.h.t.HelmChartContainer - [hivemq-test-hivemq-platform] [hivemq-platform-operator] [9a77d539] -------------------------------------------------------------------------
2025-01-29 18:36:54,531 INFO c.h.h.t.HelmChartContainer - [hivemq-test-hivemq-platform] [hivemq-platform-operator] [9a77d539] 
2025-01-29 18:36:54,531 INFO c.h.h.t.HelmChartContainer - [hivemq-test-hivemq-platform] [hivemq-platform-operator] [9a77d539]                   _    _  _              __  __   ____
2025-01-29 18:36:54,531 INFO c.h.h.t.HelmChartContainer - [hivemq-test-hivemq-platform] [hivemq-platform-operator] [9a77d539]                  | |  | |(_)            |  \/  | / __ \
2025-01-29 18:36:54,531 INFO c.h.h.t.HelmChartContainer - [hivemq-test-hivemq-platform] [hivemq-platform-operator] [9a77d539]                  | |__| | _ __   __ ___ | \  / || |  | |
2025-01-29 18:36:54,531 INFO c.h.h.t.HelmChartContainer - [hivemq-test-hivemq-platform] [hivemq-platform-operator] [9a77d539]                  |  __  || |\ \ / // _ \| |\/| || |  | |
2025-01-29 18:36:54,531 INFO c.h.h.t.HelmChartContainer - [hivemq-test-hivemq-platform] [hivemq-platform-operator] [9a77d539]                  | |  | || | \ V /|  __/| |  | || |__| |
2025-01-29 18:36:54,531 INFO c.h.h.t.HelmChartContainer - [hivemq-test-hivemq-platform] [hivemq-platform-operator] [9a77d539]                  |_|  |_||_|  \_/  \___||_|  |_| \___\_\
2025-01-29 18:36:54,531 INFO c.h.h.t.HelmChartContainer - [hivemq-test-hivemq-platform] [hivemq-platform-operator] [9a77d539] 
2025-01-29 18:36:54,531 INFO c.h.h.t.HelmChartContainer - [hivemq-test-hivemq-platform] [hivemq-platform-operator] [9a77d539] -------------------------------------------------------------------------
2025-01-29 18:36:54,531 INFO c.h.h.t.HelmChartContainer - [hivemq-test-hivemq-platform] [hivemq-platform-operator] [9a77d539] 
2025-01-29 18:36:54,531 INFO c.h.h.t.HelmChartContainer - [hivemq-test-hivemq-platform] [hivemq-platform-operator] [9a77d539]   HiveMQ Platform Operator Start Script v1.0
2025-01-29 18:36:54,531 INFO c.h.h.t.HelmChartContainer - [hivemq-test-hivemq-platform] [hivemq-platform-operator] [9a77d539] 
2025-01-29 18:36:54,531 INFO c.h.h.t.HelmChartContainer - [hivemq-test-hivemq-platform] [hivemq-platform-operator] [9a77d539] -------------------------------------------------------------------------
2025-01-29 18:36:54,531 INFO c.h.h.t.HelmChartContainer - [hivemq-test-hivemq-platform] [hivemq-platform-operator] [9a77d539] 
2025-01-29 18:36:54,531 INFO c.h.h.t.HelmChartContainer - [hivemq-test-hivemq-platform] [hivemq-platform-operator] [9a77d539]   JAVA_OPTS: -XX:+UnlockExperimentalVMOptions -XX:InitialRAMPercentage=75 -XX:MaxRAMPercentage=75 -Duser.language=en -Duser.region=US
2025-01-29 18:36:54,531 INFO c.h.h.t.HelmChartContainer - [hivemq-test-hivemq-platform] [hivemq-platform-operator] [9a77d539] 
2025-01-29 18:36:54,531 INFO c.h.h.t.HelmChartContainer - [hivemq-test-hivemq-platform] [hivemq-platform-operator] [9a77d539]   JAVA_VERSION: 21
2025-01-29 18:36:54,531 INFO c.h.h.t.HelmChartContainer - [hivemq-test-hivemq-platform] [hivemq-platform-operator] [9a77d539] 
2025-01-29 18:36:54,531 INFO c.h.h.t.HelmChartContainer - [hivemq-test-hivemq-platform] [hivemq-platform-operator] [9a77d539] -------------------------------------------------------------------------
2025-01-29 18:36:54,531 INFO c.h.h.t.HelmChartContainer - [hivemq-test-hivemq-platform] [hivemq-platform-operator] [9a77d539] 
2025-01-29 18:36:56,696 INFO c.h.h.t.HelmChartContainer - [hivemq-test-hivemq-platform] [hivemq-platform-operator] [9a77d539] 18:36:56.694 [main] DEBUG org.jboss.logging - Logging Provider: org.jboss.logging.Slf4jLoggerProvider
2025-01-29 18:36:56,801 INFO c.h.h.t.HelmChartContainer - [hivemq-test-hivemq-platform] [hivemq-platform-operator] [9a77d539] 18:36:56.799 [main] DEBUG io.smallrye.config - SRCFG01006: Loaded ConfigSource SysPropConfigSource with ordinal 400
2025-01-29 18:36:56,801 INFO c.h.h.t.HelmChartContainer - [hivemq-test-hivemq-platform] [hivemq-platform-operator] [9a77d539] 18:36:56.799 [main] DEBUG io.smallrye.config - SRCFG01006: Loaded ConfigSource EnvConfigSource with ordinal 300
2025-01-29 18:36:56,801 INFO c.h.h.t.HelmChartContainer - [hivemq-test-hivemq-platform] [hivemq-platform-operator] [9a77d539] 18:36:56.799 [main] DEBUG io.smallrye.config - SRCFG01006: Loaded ConfigSource PropertiesConfigSource[source=jar:file:///opt/hivemq-platform-operator/bin/hivemq-platform-operator.jar!/hivemq-platform-operator.properties] with ordinal 100
2025-01-29 18:36:56,801 INFO c.h.h.t.HelmChartContainer - [hivemq-test-hivemq-platform] [hivemq-platform-operator] [9a77d539] 18:36:56.799 [main] DEBUG io.smallrye.config - SRCFG01006: Loaded ConfigSource DefaultValuesConfigSource with ordinal -2147483648
2025-01-29 18:36:56,907 INFO c.h.h.t.HelmChartContainer - [hivemq-test-hivemq-platform] [hivemq-platform-operator] [9a77d539] 18:36:56.906 [main] DEBUG i.m.c.u.i.l.InternalLoggerFactory - Using SLF4J as the default logging framework
2025-01-29 18:36:57,081 INFO c.h.h.t.HelmChartContainer - [POD] metrics-server-8584b5786c-6jtf8 [97a5b99b-dd61-4f6c-b7f5-22836a1149dd] in kube-system was MODIFIED
2025-01-29 18:36:57,100 INFO c.h.h.t.HelmChartContainer - [K3S] [replica_set.go:679] "Finished syncing" kind="ReplicaSet" key="kube-system/metrics-server-8584b5786c" duration="17.337767ms"
2025-01-29 18:36:57,100 INFO c.h.h.t.HelmChartContainer - [K3S] [replica_set.go:679] "Finished syncing" kind="ReplicaSet" key="kube-system/metrics-server-8584b5786c" duration="36.137µs"
2025-01-29 18:36:57,099 INFO c.h.h.t.HelmChartContainer - [hivemq-test-hivemq-platform] [hivemq-platform-operator] [9a77d539] 18:36:57.058 [main] INFO  c.h.p.o.HiveMQPlatformOperatorApplication - HiveMQ Platform Operator 1.7.0-SNAPSHOT (commit: b1b9591 on branch: HEAD) built on Wed Jan 29 18:32:18 UTC 2025
2025-01-29 18:36:57,103 INFO c.h.h.t.HelmChartContainer - [hivemq-test-hivemq-platform] [hivemq-platform-operator] [9a77d539] 18:36:57.097 [main] INFO  c.h.p.o.HiveMQPlatformOperatorApplication - HiveMQ Platform Operator is running in namespace: helmextensionpriorityit-operator
2025-01-29 18:36:57,103 INFO c.h.h.t.HelmChartContainer - [hivemq-test-hivemq-platform] [hivemq-platform-operator] [9a77d539] 18:36:57.099 [main] INFO  c.h.p.o.HiveMQPlatformOperatorApplication - Watching all namespaces
2025-01-29 18:36:57,104 INFO c.h.h.t.HelmChartContainer - [hivemq-test-hivemq-platform] [hivemq-platform-operator] [9a77d539] 18:36:57.099 [main] INFO  c.h.p.o.HiveMQPlatformOperatorApplication - Log level: DEBUG
2025-01-29 18:36:57,104 INFO c.h.h.t.HelmChartContainer - [hivemq-test-hivemq-platform] [hivemq-platform-operator] [9a77d539] 18:36:57.099 [main] INFO  c.h.p.o.HiveMQPlatformOperatorApplication - Release name: test-hivemq-platform-operator
2025-01-29 18:36:57,104 INFO c.h.h.t.HelmChartContainer - [hivemq-test-hivemq-platform] [hivemq-platform-operator] [9a77d539] 18:36:57.099 [main] INFO  c.h.p.o.HiveMQPlatformOperatorApplication - HiveMQ Platform Operator Init image: docker.io/hivemq/hivemq-platform-operator-init-test:snapshot
2025-01-29 18:36:57,104 INFO c.h.h.t.HelmChartContainer - [hivemq-test-hivemq-platform] [hivemq-platform-operator] [9a77d539] 18:36:57.099 [main] INFO  c.h.p.o.HiveMQPlatformOperatorApplication - HiveMQ Platform Operator Init App update URL: http://hivemq-platform-operator-test-hivemq-platform-operator.helmextensionpriorityit-operator.svc:8080/initAppUpdate/hivemq-platform-operator-init-app-1.7.0-SNAPSHOT.jar
2025-01-29 18:36:57,104 INFO c.h.h.t.HelmChartContainer - [hivemq-test-hivemq-platform] [hivemq-platform-operator] [9a77d539] 18:36:57.100 [main] INFO  c.h.p.o.HiveMQPlatformOperatorApplication - Additional imagePullSecret for all Platform deployments: none
2025-01-29 18:36:57,104 INFO c.h.h.t.HelmChartContainer - [hivemq-test-hivemq-platform] [hivemq-platform-operator] [9a77d539] 18:36:57.100 [main] INFO  c.h.p.o.HiveMQPlatformOperatorApplication - Apply HiveMQ Platform CRD: true
2025-01-29 18:36:57,104 INFO c.h.h.t.HelmChartContainer - [hivemq-test-hivemq-platform] [hivemq-platform-operator] [9a77d539] 18:36:57.100 [main] INFO  c.h.p.o.HiveMQPlatformOperatorApplication - Create Platform ServiceAccount: true
2025-01-29 18:36:57,104 INFO c.h.h.t.HelmChartContainer - [hivemq-test-hivemq-platform] [hivemq-platform-operator] [9a77d539] 18:36:57.100 [main] INFO  c.h.p.o.HiveMQPlatformOperatorApplication - Create Platform ServiceAccount permissions: true
2025-01-29 18:36:57,104 INFO c.h.h.t.HelmChartContainer - [hivemq-test-hivemq-platform] [hivemq-platform-operator] [9a77d539] 18:36:57.100 [main] INFO  c.h.p.o.HiveMQPlatformOperatorApplication - Validate Platform ServiceAccount: true
2025-01-29 18:36:57,104 INFO c.h.h.t.HelmChartContainer - [hivemq-test-hivemq-platform] [hivemq-platform-operator] [9a77d539] 18:36:57.100 [main] INFO  c.h.p.o.HiveMQPlatformOperatorApplication - Validate Platform ServiceAccount permissions: true
2025-01-29 18:36:57,258 INFO c.h.h.t.HelmChartContainer - [hivemq-test-hivemq-platform] [hivemq-platform-operator] [9a77d539] 18:36:57.257 [main] INFO  c.h.platform.operator.util.CRDUtil - Verifying deployed HiveMQ Platform CRD...
2025-01-29 18:36:59,594 INFO c.h.h.t.HelmChartContainer - [hivemq-test-hivemq-platform] [hivemq-platform-operator] [9a77d539] 18:36:59.592 [main] DEBUG c.h.platform.operator.util.CRDUtil - HiveMQ Platform CRD version v1 is up to date
2025-01-29 18:36:59,594 INFO c.h.h.t.HelmChartContainer - [hivemq-test-hivemq-platform] [hivemq-platform-operator] [9a77d539] 18:36:59.593 [main] INFO  c.h.platform.operator.util.CRDUtil - HiveMQ Platform CRD is up to date (version: V1_6_0)
2025-01-29 18:36:59,595 INFO c.h.h.t.HelmChartContainer - [hivemq-test-hivemq-platform] [hivemq-platform-operator] [9a77d539] 18:36:59.593 [main] INFO  c.h.platform.operator.util.CRDUtil - Waiting 10000 ms for HiveMQ Platform CRD 'hivemq-platforms.hivemq.com' to become ready...
2025-01-29 18:36:59,859 INFO c.h.h.t.HelmChartContainer - [hivemq-test-hivemq-platform] [hivemq-platform-operator] [9a77d539] 18:36:59.857 [vert.x-eventloop-thread-1] DEBUG c.h.platform.operator.util.CRDUtil - Checking CRD condition 'NamesAccepted' (status: 'True')
2025-01-29 18:36:59,860 INFO c.h.h.t.HelmChartContainer - [hivemq-test-hivemq-platform] [hivemq-platform-operator] [9a77d539] 18:36:59.857 [vert.x-eventloop-thread-1] DEBUG c.h.platform.operator.util.CRDUtil - Checking CRD condition 'Established' (status: 'True')
2025-01-29 18:36:59,861 INFO c.h.h.t.HelmChartContainer - [hivemq-test-hivemq-platform] [hivemq-platform-operator] [9a77d539] 18:36:59.858 [main] INFO  c.h.platform.operator.util.CRDUtil - HiveMQ Platform CRD 'hivemq-platforms.hivemq.com' is ready
2025-01-29 18:37:00,009 INFO c.h.h.t.HelmChartContainer - [hivemq-test-hivemq-platform] [hivemq-platform-operator] [9a77d539] 18:37:00.007 [main] INFO  c.h.p.o.HiveMQPlatformReconciler - HiveMQ Platform Operator is starting...
2025-01-29 18:37:00,100 INFO c.h.h.t.HelmChartContainer - [hivemq-test-hivemq-platform] [hivemq-platform-operator] [9a77d539] 18:37:00.099 [main] WARN  Default ConfigurationService implementation - Configuration for reconciler 'hivemq-controller' was not found. Known reconcilers: None.
2025-01-29 18:37:00,161 INFO c.h.h.t.HelmChartContainer - [hivemq-test-hivemq-platform] [hivemq-platform-operator] [9a77d539] 18:37:00.160 [main] INFO  Default ConfigurationService implementation - Created configuration for reconciler com.hivemq.platform.operator.HiveMQPlatformReconciler with name hivemq-controller
2025-01-29 18:37:00,288 INFO c.h.h.t.HelmChartContainer - [hivemq-test-hivemq-platform] [hivemq-platform-operator] [9a77d539] 18:37:00.287 [main] DEBUG c.h.p.o.HiveMQPlatformReconciler - HiveMQ Platform Operator is preparing EventSources
2025-01-29 18:37:00,300 INFO c.h.h.t.HelmChartContainer - [hivemq-test-hivemq-platform] [hivemq-platform-operator] [9a77d539] 18:37:00.299 [main] INFO  i.javaoperatorsdk.operator.Operator - Registered reconciler: 'hivemq-controller' for resource: 'class com.hivemq.platform.operator.v1.HiveMQPlatform' for namespace(s): [all namespaces]
2025-01-29 18:37:00,959 INFO c.h.h.t.HelmChartContainer - [hivemq-test-hivemq-platform] [hivemq-platform-operator] [9a77d539] 18:37:00.958 [main] INFO  c.h.p.operator.webserver.JettyServer - Starting Jetty server on port 8080
2025-01-29 18:37:01,004 INFO c.h.h.t.HelmChartContainer - [hivemq-test-hivemq-platform] [hivemq-platform-operator] [9a77d539] 18:37:01.003 [main] INFO  i.javaoperatorsdk.operator.Operator - Operator SDK 4.9.7 (commit: 2133d28) built on Wed Nov 20 12:56:20 UTC 2024 starting...
2025-01-29 18:37:01,005 INFO c.h.h.t.HelmChartContainer - [hivemq-test-hivemq-platform] [hivemq-platform-operator] [9a77d539] 18:37:01.003 [main] INFO  i.javaoperatorsdk.operator.Operator - Client version: 6.13.5
2025-01-29 18:37:01,056 INFO c.h.h.t.HelmChartContainer - [hivemq-test-hivemq-platform] [hivemq-platform-operator] [9a77d539] 18:37:01.055 [Controller Starter for: hivemq-controller] INFO  i.j.operator.processing.Controller - Starting 'hivemq-controller' controller for reconciler: com.hivemq.platform.operator.HiveMQPlatformReconciler, resource: com.hivemq.platform.operator.v1.HiveMQPlatform
2025-01-29 18:37:02,155 INFO c.h.h.t.HelmChartContainer - [K3S] [range_allocator.go:247] "Successfully synced" key="63eb5a585d77"
2025-01-29 18:37:03,390 INFO c.h.h.t.HelmChartContainer - [hivemq-test-hivemq-platform] [hivemq-platform-operator] [9a77d539] 18:37:03.388 [Controller Starter for: hivemq-controller] INFO  i.j.operator.processing.Controller - 'hivemq-controller' controller started
2025-01-29 18:37:03,390 INFO c.h.h.t.HelmChartContainer - [hivemq-test-hivemq-platform] [hivemq-platform-operator] [9a77d539] 18:37:03.388 [main] INFO  c.h.p.o.HiveMQPlatformOperatorApplication - HiveMQ Platform Operator 1.7.0-SNAPSHOT started in 6329 ms
2025-01-29 18:37:05,118 INFO c.h.h.t.HelmChartContainer - [POD] hivemq-test-hivemq-platform-operator-6966f96d65-n49w9 [9a77d539-1dc3-44f0-90a8-685690b639f7] in helmextensionpriorityit-operator was MODIFIED
2025-01-29 18:37:05,122 INFO c.h.h.t.HelmChartContainer - [K3S] [replica_set.go:679] "Finished syncing" kind="ReplicaSet" key="helmextensionpriorityit-operator/hivemq-test-hivemq-platform-operator-6966f96d65" duration="10.944327ms"
2025-01-29 18:37:05,123 INFO c.h.h.t.HelmChartContainer - [K3S] [replica_set.go:679] "Finished syncing" kind="ReplicaSet" key="helmextensionpriorityit-operator/hivemq-test-hivemq-platform-operator-6966f96d65" duration="32.3µs"
2025-01-29 18:37:07,169 DEBUG c.h.helmcharts.util.HiveMQExtension - Trying to compile class '/home/runner/work/helm-charts/helm-charts/helm-charts/tests-hivemq-platform-operator/src/integrationTest/java/com/hivemq/helmcharts/extensions/custom/AppendingFooPublishInboundInterceptorExtensionMain.java' into extension 'hivemq-appending-foo-extension'
2025-01-29 18:37:07,993 DEBUG c.h.helmcharts.util.HiveMQExtension - Trying to compile class '/home/runner/work/helm-charts/helm-charts/helm-charts/tests-hivemq-platform-operator/src/integrationTest/java/com/hivemq/helmcharts/extensions/custom/BaseAppendingPublishInboundInterceptorExtensionMain.java' into extension 'hivemq-appending-foo-extension'
2025-01-29 18:37:08,118 DEBUG c.h.helmcharts.util.HiveMQExtension - Trying to package class 'com.hivemq.extension.sdk.api.services.intializer.InitializerRegistry' into extension 'hivemq-appending-foo-extension'
2025-01-29 18:37:08,122 DEBUG c.h.helmcharts.util.HiveMQExtension - Trying to package class 'com.hivemq.extension.sdk.api.services.Services' into extension 'hivemq-appending-foo-extension'
2025-01-29 18:37:08,123 DEBUG c.h.helmcharts.util.HiveMQExtension - Trying to compile class '/home/runner/work/helm-charts/helm-charts/helm-charts/tests-hivemq-platform-operator/src/integrationTest/java/com/hivemq/helmcharts/extensions/custom/BaseAppendingPublishInboundInterceptorExtensionMain.java' into extension 'hivemq-appending-foo-extension'
2025-01-29 18:37:08,183 DEBUG c.h.helmcharts.util.HiveMQExtension - Trying to package class 'com.hivemq.extension.sdk.api.client.ClientContext' into extension 'hivemq-appending-foo-extension'
2025-01-29 18:37:08,184 DEBUG c.h.helmcharts.util.HiveMQExtension - Trying to package class 'org.slf4j.Logger' into extension 'hivemq-appending-foo-extension'
2025-01-29 18:37:08,186 DEBUG c.h.helmcharts.util.HiveMQExtension - Trying to compile class '/home/runner/work/helm-charts/helm-charts/helm-charts/tests-hivemq-platform-operator/src/integrationTest/java/com/hivemq/helmcharts/extensions/custom/AppendingPublishInboundInterceptor.java' into extension 'hivemq-appending-foo-extension'
2025-01-29 18:37:08,289 DEBUG c.h.helmcharts.util.HiveMQExtension - Trying to package class 'com.hivemq.extension.sdk.api.interceptor.publish.PublishInboundInterceptor' into extension 'hivemq-appending-foo-extension'
2025-01-29 18:37:08,290 DEBUG c.h.helmcharts.util.HiveMQExtension - Trying to package class 'org.slf4j.Logger' into extension 'hivemq-appending-foo-extension'
2025-01-29 18:37:08,291 DEBUG c.h.helmcharts.util.HiveMQExtension - Trying to package class 'com.hivemq.extension.sdk.api.packets.publish.ModifiablePublishPacket' into extension 'hivemq-appending-foo-extension'
2025-01-29 18:37:08,292 DEBUG c.h.helmcharts.util.HiveMQExtension - Trying to package class 'org.slf4j.LoggerFactory' into extension 'hivemq-appending-foo-extension'
2025-01-29 18:37:08,293 DEBUG c.h.helmcharts.util.HiveMQExtension - Trying to package class 'com.hivemq.extension.sdk.api.interceptor.publish.parameter.PublishInboundOutput' into extension 'hivemq-appending-foo-extension'
2025-01-29 18:37:08,294 DEBUG c.h.helmcharts.util.HiveMQExtension - Trying to compile class '/home/runner/work/helm-charts/helm-charts/helm-charts/tests-hivemq-platform-operator/src/integrationTest/java/com/hivemq/helmcharts/extensions/custom/AppendingPublishInboundInterceptor.java' into extension 'hivemq-appending-foo-extension'
2025-01-29 18:37:08,354 DEBUG c.h.helmcharts.util.HiveMQExtension - Trying to package class 'com.hivemq.extension.sdk.api.packets.publish.PublishPacket' into extension 'hivemq-appending-foo-extension'
2025-01-29 18:37:08,355 DEBUG c.h.helmcharts.util.HiveMQExtension - Trying to package class 'com.hivemq.extension.sdk.api.interceptor.publish.parameter.PublishInboundInput' into extension 'hivemq-appending-foo-extension'
2025-01-29 18:37:08,356 DEBUG c.h.helmcharts.util.HiveMQExtension - Trying to package class 'com.hivemq.extension.sdk.api.ExtensionMain' into extension 'hivemq-appending-foo-extension'
2025-01-29 18:37:08,356 DEBUG c.h.helmcharts.util.HiveMQExtension - Trying to package class 'org.slf4j.LoggerFactory' into extension 'hivemq-appending-foo-extension'
2025-01-29 18:37:08,372 DEBUG c.h.helmcharts.util.HiveMQExtension - Trying to compile class '/home/runner/work/helm-charts/helm-charts/helm-charts/tests-hivemq-platform-operator/src/integrationTest/java/com/hivemq/helmcharts/extensions/custom/AppendingBarPublishInboundInterceptorExtensionMain.java' into extension 'hivemq-appending-bar-extension'
2025-01-29 18:37:08,558 DEBUG c.h.helmcharts.util.HiveMQExtension - Trying to compile class '/home/runner/work/helm-charts/helm-charts/helm-charts/tests-hivemq-platform-operator/src/integrationTest/java/com/hivemq/helmcharts/extensions/custom/BaseAppendingPublishInboundInterceptorExtensionMain.java' into extension 'hivemq-appending-bar-extension'
2025-01-29 18:37:08,619 DEBUG c.h.helmcharts.util.HiveMQExtension - Trying to package class 'com.hivemq.extension.sdk.api.services.intializer.InitializerRegistry' into extension 'hivemq-appending-bar-extension'
2025-01-29 18:37:08,620 DEBUG c.h.helmcharts.util.HiveMQExtension - Trying to package class 'com.hivemq.extension.sdk.api.services.Services' into extension 'hivemq-appending-bar-extension'
2025-01-29 18:37:08,620 DEBUG c.h.helmcharts.util.HiveMQExtension - Trying to compile class '/home/runner/work/helm-charts/helm-charts/helm-charts/tests-hivemq-platform-operator/src/integrationTest/java/com/hivemq/helmcharts/extensions/custom/BaseAppendingPublishInboundInterceptorExtensionMain.java' into extension 'hivemq-appending-bar-extension'
2025-01-29 18:37:08,688 DEBUG c.h.helmcharts.util.HiveMQExtension - Trying to package class 'com.hivemq.extension.sdk.api.client.ClientContext' into extension 'hivemq-appending-bar-extension'
2025-01-29 18:37:08,689 DEBUG c.h.helmcharts.util.HiveMQExtension - Trying to package class 'org.slf4j.Logger' into extension 'hivemq-appending-bar-extension'
2025-01-29 18:37:08,690 DEBUG c.h.helmcharts.util.HiveMQExtension - Trying to compile class '/home/runner/work/helm-charts/helm-charts/helm-charts/tests-hivemq-platform-operator/src/integrationTest/java/com/hivemq/helmcharts/extensions/custom/AppendingPublishInboundInterceptor.java' into extension 'hivemq-appending-bar-extension'
2025-01-29 18:37:08,758 DEBUG c.h.helmcharts.util.HiveMQExtension - Trying to package class 'com.hivemq.extension.sdk.api.interceptor.publish.PublishInboundInterceptor' into extension 'hivemq-appending-bar-extension'
2025-01-29 18:37:08,759 DEBUG c.h.helmcharts.util.HiveMQExtension - Trying to package class 'org.slf4j.Logger' into extension 'hivemq-appending-bar-extension'
2025-01-29 18:37:08,760 DEBUG c.h.helmcharts.util.HiveMQExtension - Trying to package class 'com.hivemq.extension.sdk.api.packets.publish.ModifiablePublishPacket' into extension 'hivemq-appending-bar-extension'
2025-01-29 18:37:08,760 DEBUG c.h.helmcharts.util.HiveMQExtension - Trying to package class 'org.slf4j.LoggerFactory' into extension 'hivemq-appending-bar-extension'
2025-01-29 18:37:08,761 DEBUG c.h.helmcharts.util.HiveMQExtension - Trying to package class 'com.hivemq.extension.sdk.api.interceptor.publish.parameter.PublishInboundOutput' into extension 'hivemq-appending-bar-extension'
2025-01-29 18:37:08,762 DEBUG c.h.helmcharts.util.HiveMQExtension - Trying to compile class '/home/runner/work/helm-charts/helm-charts/helm-charts/tests-hivemq-platform-operator/src/integrationTest/java/com/hivemq/helmcharts/extensions/custom/AppendingPublishInboundInterceptor.java' into extension 'hivemq-appending-bar-extension'
2025-01-29 18:37:08,827 DEBUG c.h.helmcharts.util.HiveMQExtension - Trying to package class 'com.hivemq.extension.sdk.api.packets.publish.PublishPacket' into extension 'hivemq-appending-bar-extension'
2025-01-29 18:37:08,828 DEBUG c.h.helmcharts.util.HiveMQExtension - Trying to package class 'com.hivemq.extension.sdk.api.interceptor.publish.parameter.PublishInboundInput' into extension 'hivemq-appending-bar-extension'
2025-01-29 18:37:08,828 DEBUG c.h.helmcharts.util.HiveMQExtension - Trying to package class 'com.hivemq.extension.sdk.api.ExtensionMain' into extension 'hivemq-appending-bar-extension'
2025-01-29 18:37:08,829 DEBUG c.h.helmcharts.util.HiveMQExtension - Trying to package class 'org.slf4j.LoggerFactory' into extension 'hivemq-appending-bar-extension'
2025-01-29 18:37:08,837 DEBUG c.h.helmcharts.util.HiveMQExtension - Trying to compile class '/home/runner/work/helm-charts/helm-charts/helm-charts/tests-hivemq-platform-operator/src/integrationTest/java/com/hivemq/helmcharts/extensions/custom/BaseAppendingPublishInboundInterceptorExtensionMain.java' into extension 'hivemq-appending-baz-extension'
2025-01-29 18:37:09,027 DEBUG c.h.helmcharts.util.HiveMQExtension - Trying to package class 'com.hivemq.extension.sdk.api.services.intializer.InitializerRegistry' into extension 'hivemq-appending-baz-extension'
2025-01-29 18:37:09,028 DEBUG c.h.helmcharts.util.HiveMQExtension - Trying to package class 'com.hivemq.extension.sdk.api.services.Services' into extension 'hivemq-appending-baz-extension'
2025-01-29 18:37:09,029 DEBUG c.h.helmcharts.util.HiveMQExtension - Trying to compile class '/home/runner/work/helm-charts/helm-charts/helm-charts/tests-hivemq-platform-operator/src/integrationTest/java/com/hivemq/helmcharts/extensions/custom/BaseAppendingPublishInboundInterceptorExtensionMain.java' into extension 'hivemq-appending-baz-extension'
2025-01-29 18:37:09,092 DEBUG c.h.helmcharts.util.HiveMQExtension - Trying to package class 'com.hivemq.extension.sdk.api.client.ClientContext' into extension 'hivemq-appending-baz-extension'
2025-01-29 18:37:09,093 DEBUG c.h.helmcharts.util.HiveMQExtension - Trying to package class 'org.slf4j.Logger' into extension 'hivemq-appending-baz-extension'
2025-01-29 18:37:09,094 DEBUG c.h.helmcharts.util.HiveMQExtension - Trying to compile class '/home/runner/work/helm-charts/helm-charts/helm-charts/tests-hivemq-platform-operator/src/integrationTest/java/com/hivemq/helmcharts/extensions/custom/AppendingPublishInboundInterceptor.java' into extension 'hivemq-appending-baz-extension'
2025-01-29 18:37:09,155 DEBUG c.h.helmcharts.util.HiveMQExtension - Trying to package class 'com.hivemq.extension.sdk.api.interceptor.publish.PublishInboundInterceptor' into extension 'hivemq-appending-baz-extension'
2025-01-29 18:37:09,155 DEBUG c.h.helmcharts.util.HiveMQExtension - Trying to package class 'org.slf4j.Logger' into extension 'hivemq-appending-baz-extension'
2025-01-29 18:37:09,156 DEBUG c.h.helmcharts.util.HiveMQExtension - Trying to package class 'com.hivemq.extension.sdk.api.packets.publish.ModifiablePublishPacket' into extension 'hivemq-appending-baz-extension'
2025-01-29 18:37:09,157 DEBUG c.h.helmcharts.util.HiveMQExtension - Trying to package class 'org.slf4j.LoggerFactory' into extension 'hivemq-appending-baz-extension'
2025-01-29 18:37:09,157 DEBUG c.h.helmcharts.util.HiveMQExtension - Trying to package class 'com.hivemq.extension.sdk.api.interceptor.publish.parameter.PublishInboundOutput' into extension 'hivemq-appending-baz-extension'
2025-01-29 18:37:09,158 DEBUG c.h.helmcharts.util.HiveMQExtension - Trying to compile class '/home/runner/work/helm-charts/helm-charts/helm-charts/tests-hivemq-platform-operator/src/integrationTest/java/com/hivemq/helmcharts/extensions/custom/AppendingPublishInboundInterceptor.java' into extension 'hivemq-appending-baz-extension'
2025-01-29 18:37:09,214 DEBUG c.h.helmcharts.util.HiveMQExtension - Trying to package class 'com.hivemq.extension.sdk.api.packets.publish.PublishPacket' into extension 'hivemq-appending-baz-extension'
2025-01-29 18:37:09,215 DEBUG c.h.helmcharts.util.HiveMQExtension - Trying to package class 'com.hivemq.extension.sdk.api.interceptor.publish.parameter.PublishInboundInput' into extension 'hivemq-appending-baz-extension'
2025-01-29 18:37:09,216 DEBUG c.h.helmcharts.util.HiveMQExtension - Trying to package class 'com.hivemq.extension.sdk.api.ExtensionMain' into extension 'hivemq-appending-baz-extension'
2025-01-29 18:37:09,216 DEBUG c.h.helmcharts.util.HiveMQExtension - Trying to package class 'org.slf4j.LoggerFactory' into extension 'hivemq-appending-baz-extension'
2025-01-29 18:37:09,217 DEBUG c.h.helmcharts.util.HiveMQExtension - Trying to compile class '/home/runner/work/helm-charts/helm-charts/helm-charts/tests-hivemq-platform-operator/src/integrationTest/java/com/hivemq/helmcharts/extensions/custom/AppendingBazPublishInboundInterceptorExtensionMain.java' into extension 'hivemq-appending-baz-extension'
2025-01-29 18:37:09,334 INFO c.h.h.t.HelmChartContainer - [POD] nginx-59946c78dd-mxmpm [60d5a350-3c7d-45a9-bc91-99f904bacb0c] in helmextensionpriorityit was ADDED
2025-01-29 18:37:09,346 INFO c.h.h.t.HelmChartContainer - [K3S] [replica_set.go:679] "Finished syncing" kind="ReplicaSet" key="helmextensionpriorityit/nginx-59946c78dd" duration="19.466165ms"
2025-01-29 18:37:09,347 INFO c.h.h.t.HelmChartContainer - [EVENT] Normal [SuccessfulCreate] Created pod: nginx-59946c78dd-mxmpm [helmextensionpriorityit:nginx-59946c78dd]
2025-01-29 18:37:09,358 INFO c.h.h.t.HelmChartContainer - [POD] nginx-59946c78dd-mxmpm [60d5a350-3c7d-45a9-bc91-99f904bacb0c] in helmextensionpriorityit was MODIFIED
2025-01-29 18:37:09,362 INFO c.h.h.t.HelmChartContainer - [K3S] [replica_set.go:679] "Finished syncing" kind="ReplicaSet" key="helmextensionpriorityit/nginx-59946c78dd" duration="17.985155ms"
2025-01-29 18:37:09,362 INFO c.h.h.t.HelmChartContainer - [K3S] [replica_set.go:679] "Finished syncing" kind="ReplicaSet" key="helmextensionpriorityit/nginx-59946c78dd" duration="38.251µs"
2025-01-29 18:37:09,362 INFO c.h.h.t.HelmChartContainer - [K3S] [replica_set.go:679] "Finished syncing" kind="ReplicaSet" key="helmextensionpriorityit/nginx-59946c78dd" duration="16.22µs"
2025-01-29 18:37:09,364 INFO c.h.h.t.HelmChartContainer - [K3S] [alloc.go:330] "allocated clusterIPs" service="helmextensionpriorityit/nginx-service" clusterIPs={"IPv4":"10.43.158.212"}
2025-01-29 18:37:09,374 INFO c.h.h.t.HelmChartContainer - [K3S] [replica_set.go:679] "Finished syncing" kind="ReplicaSet" key="helmextensionpriorityit/nginx-59946c78dd" duration="30.987µs"
2025-01-29 18:37:09,385 INFO c.h.h.t.HelmChartContainer - [EVENT] Normal [ScalingReplicaSet] Scaled up replica set nginx-59946c78dd from 0 to 1 [helmextensionpriorityit:nginx]
2025-01-29 18:37:09,388 INFO c.h.h.t.HelmChartContainer - [POD] nginx-59946c78dd-mxmpm [60d5a350-3c7d-45a9-bc91-99f904bacb0c] in helmextensionpriorityit was MODIFIED
2025-01-29 18:37:09,388 INFO c.h.h.t.HelmChartContainer - [EVENT] Normal [Scheduled] Successfully assigned helmextensionpriorityit/nginx-59946c78dd-mxmpm to 63eb5a585d77 [helmextensionpriorityit:nginx-59946c78dd-mxmpm]
2025-01-29 18:37:09,439 INFO c.h.h.t.HelmChartContainer - [K3S] [reconciler_common.go:251] "operationExecutor.VerifyControllerAttachedVolume started for volume \"volume-hivemq-appending-foo-extension-100\" (UniqueName: \"kubernetes.io/host-path/60d5a350-3c7d-45a9-bc91-99f904bacb0c-volume-hivemq-appending-foo-extension-100\") pod \"nginx-59946c78dd-mxmpm\" (UID: \"60d5a350-3c7d-45a9-bc91-99f904bacb0c\") " pod="helmextensionpriorityit/nginx-59946c78dd-mxmpm"
2025-01-29 18:37:09,440 INFO c.h.h.t.HelmChartContainer - [K3S] [reconciler_common.go:251] "operationExecutor.VerifyControllerAttachedVolume started for volume \"volume-hivemq-appending-bar-extension-100\" (UniqueName: \"kubernetes.io/host-path/60d5a350-3c7d-45a9-bc91-99f904bacb0c-volume-hivemq-appending-bar-extension-100\") pod \"nginx-59946c78dd-mxmpm\" (UID: \"60d5a350-3c7d-45a9-bc91-99f904bacb0c\") " pod="helmextensionpriorityit/nginx-59946c78dd-mxmpm"
2025-01-29 18:37:09,440 INFO c.h.h.t.HelmChartContainer - [K3S] [reconciler_common.go:251] "operationExecutor.VerifyControllerAttachedVolume started for volume \"volume-hivemq-appending-baz-extension-100\" (UniqueName: \"kubernetes.io/host-path/60d5a350-3c7d-45a9-bc91-99f904bacb0c-volume-hivemq-appending-baz-extension-100\") pod \"nginx-59946c78dd-mxmpm\" (UID: \"60d5a350-3c7d-45a9-bc91-99f904bacb0c\") " pod="helmextensionpriorityit/nginx-59946c78dd-mxmpm"
2025-01-29 18:37:09,440 INFO c.h.h.t.HelmChartContainer - [K3S] [reconciler_common.go:251] "operationExecutor.VerifyControllerAttachedVolume started for volume \"kube-api-access-98prd\" (UniqueName: \"kubernetes.io/projected/60d5a350-3c7d-45a9-bc91-99f904bacb0c-kube-api-access-98prd\") pod \"nginx-59946c78dd-mxmpm\" (UID: \"60d5a350-3c7d-45a9-bc91-99f904bacb0c\") " pod="helmextensionpriorityit/nginx-59946c78dd-mxmpm"
2025-01-29 18:37:09,748 INFO c.h.h.t.HelmChartContainer - [EVENT] Normal [Pulling] Pulling image "nginx:1.27.3" [helmextensionpriorityit:nginx-59946c78dd-mxmpm]
2025-01-29 18:37:09,748 INFO c.h.h.t.HelmChartContainer - Received Pulling event for container nginx in pod nginx-59946c78dd-mxmpm [60d5a350-3c7d-45a9-bc91-99f904bacb0c]
2025-01-29 18:37:11,874 INFO c.h.h.t.HelmChartContainer - [EVENT] Normal [Pulled] Successfully pulled image "nginx:1.27.3" in 2.118s (2.118s including waiting). Image size: 72080558 bytes. [helmextensionpriorityit:nginx-59946c78dd-mxmpm]
2025-01-29 18:37:11,875 INFO c.h.h.t.HelmChartContainer - Received Pulled event for container nginx in pod nginx-59946c78dd-mxmpm [60d5a350-3c7d-45a9-bc91-99f904bacb0c]
2025-01-29 18:37:11,877 INFO c.h.h.t.HelmChartContainer - [EVENT] Normal [Created] Created container: nginx [helmextensionpriorityit:nginx-59946c78dd-mxmpm]
2025-01-29 18:37:11,877 INFO c.h.h.t.HelmChartContainer - Received Created event for container nginx in pod nginx-59946c78dd-mxmpm [60d5a350-3c7d-45a9-bc91-99f904bacb0c]
2025-01-29 18:37:12,144 INFO c.h.h.t.HelmChartContainer - [POD] nginx-59946c78dd-mxmpm [60d5a350-3c7d-45a9-bc91-99f904bacb0c] in helmextensionpriorityit was MODIFIED
2025-01-29 18:37:12,153 INFO c.h.h.t.HelmChartContainer - [K3S] [replica_set.go:679] "Finished syncing" kind="ReplicaSet" key="helmextensionpriorityit/nginx-59946c78dd" duration="15.250748ms"
2025-01-29 18:37:12,153 INFO c.h.h.t.HelmChartContainer - [K3S] [replica_set.go:679] "Finished syncing" kind="ReplicaSet" key="helmextensionpriorityit/nginx-59946c78dd" duration="27.461µs"
2025-01-29 18:37:12,154 INFO c.h.h.t.HelmChartContainer - [EVENT] Normal [Started] Started container nginx [helmextensionpriorityit:nginx-59946c78dd-mxmpm]
2025-01-29 18:37:12,154 INFO c.h.h.t.HelmChartContainer - Started log watcher for nginx in pod nginx-59946c78dd-mxmpm [60d5a350-3c7d-45a9-bc91-99f904bacb0c]
2025-01-29 18:37:12,154 INFO c.h.h.t.HelmChartContainer - Received Started event for container nginx in pod nginx-59946c78dd-mxmpm [60d5a350-3c7d-45a9-bc91-99f904bacb0c]
2025-01-29 18:37:12,154 INFO c.h.h.t.HelmChartContainer - [nginx-59946c78dd-mxm] [nginx] [60d5a350] /docker-entrypoint.sh: /docker-entrypoint.d/ is not empty, will attempt to perform configuration
2025-01-29 18:37:12,155 INFO c.h.h.t.HelmChartContainer - [nginx-59946c78dd-mxm] [nginx] [60d5a350] /docker-entrypoint.sh: Looking for shell scripts in /docker-entrypoint.d/
2025-01-29 18:37:12,155 INFO c.h.h.t.HelmChartContainer - [nginx-59946c78dd-mxm] [nginx] [60d5a350] /docker-entrypoint.sh: Launching /docker-entrypoint.d/10-listen-on-ipv6-by-default.sh
2025-01-29 18:37:12,155 INFO c.h.h.t.HelmChartContainer - [nginx-59946c78dd-mxm] [nginx] [60d5a350] 10-listen-on-ipv6-by-default.sh: info: Getting the checksum of /etc/nginx/conf.d/default.conf
2025-01-29 18:37:12,155 INFO c.h.h.t.HelmChartContainer - [nginx-59946c78dd-mxm] [nginx] [60d5a350] 10-listen-on-ipv6-by-default.sh: info: Enabled listen on IPv6 in /etc/nginx/conf.d/default.conf
2025-01-29 18:37:12,155 INFO c.h.h.t.HelmChartContainer - [nginx-59946c78dd-mxm] [nginx] [60d5a350] /docker-entrypoint.sh: Sourcing /docker-entrypoint.d/15-local-resolvers.envsh
2025-01-29 18:37:12,155 INFO c.h.h.t.HelmChartContainer - [nginx-59946c78dd-mxm] [nginx] [60d5a350] /docker-entrypoint.sh: Launching /docker-entrypoint.d/20-envsubst-on-templates.sh
2025-01-29 18:37:12,155 INFO c.h.h.t.HelmChartContainer - [nginx-59946c78dd-mxm] [nginx] [60d5a350] /docker-entrypoint.sh: Launching /docker-entrypoint.d/30-tune-worker-processes.sh
2025-01-29 18:37:12,155 INFO c.h.h.t.HelmChartContainer - [nginx-59946c78dd-mxm] [nginx] [60d5a350] /docker-entrypoint.sh: Configuration complete; ready for start up
2025-01-29 18:37:12,155 INFO c.h.h.t.HelmChartContainer - [nginx-59946c78dd-mxm] [nginx] [60d5a350] 2025/01/29 18:37:11 [notice] 1#1: using the "epoll" event method
2025-01-29 18:37:12,155 INFO c.h.h.t.HelmChartContainer - [nginx-59946c78dd-mxm] [nginx] [60d5a350] 2025/01/29 18:37:11 [notice] 1#1: nginx/1.27.3
2025-01-29 18:37:12,155 INFO c.h.h.t.HelmChartContainer - [nginx-59946c78dd-mxm] [nginx] [60d5a350] 2025/01/29 18:37:11 [notice] 1#1: built by gcc 12.2.0 (Debian 12.2.0-14) 
2025-01-29 18:37:12,155 INFO c.h.h.t.HelmChartContainer - [nginx-59946c78dd-mxm] [nginx] [60d5a350] 2025/01/29 18:37:11 [notice] 1#1: OS: Linux 6.8.0-1020-azure
2025-01-29 18:37:12,155 INFO c.h.h.t.HelmChartContainer - [nginx-59946c78dd-mxm] [nginx] [60d5a350] 2025/01/29 18:37:11 [notice] 1#1: getrlimit(RLIMIT_NOFILE): 1048576:1048576
2025-01-29 18:37:12,155 INFO c.h.h.t.HelmChartContainer - [nginx-59946c78dd-mxm] [nginx] [60d5a350] 2025/01/29 18:37:11 [notice] 1#1: start worker processes
2025-01-29 18:37:12,155 INFO c.h.h.t.HelmChartContainer - [nginx-59946c78dd-mxm] [nginx] [60d5a350] 2025/01/29 18:37:11 [notice] 1#1: start worker process 29
2025-01-29 18:37:12,155 INFO c.h.h.t.HelmChartContainer - [nginx-59946c78dd-mxm] [nginx] [60d5a350] 2025/01/29 18:37:11 [notice] 1#1: start worker process 30
2025-01-29 18:37:12,155 INFO c.h.h.t.HelmChartContainer - [nginx-59946c78dd-mxm] [nginx] [60d5a350] 2025/01/29 18:37:11 [notice] 1#1: start worker process 31
2025-01-29 18:37:12,155 INFO c.h.h.t.HelmChartContainer - [nginx-59946c78dd-mxm] [nginx] [60d5a350] 2025/01/29 18:37:11 [notice] 1#1: start worker process 32
2025-01-29 18:37:13,432 INFO c.h.h.testcontainer.LogWaiterUtil - TEST Waiting for log pattern on 'test-hivemq-platform-0': .*Extension "HiveMQ Appending Foo Extension" version 1.0.0 started successfully.
2025-01-29 18:37:13,432 INFO c.h.h.testcontainer.LogWaiterUtil - TEST Waiting for log pattern on 'test-hivemq-platform-0': .*Extension "HiveMQ Appending Bar Extension" version 1.0.0 started successfully.
2025-01-29 18:37:13,432 INFO c.h.h.testcontainer.LogWaiterUtil - TEST Waiting for log pattern on 'test-hivemq-platform-0': .*Extension "HiveMQ Appending Baz Extension" version 1.0.0 started successfully.
2025-01-29 18:37:13,493 DEBUG c.h.h.t.HelmChartContainer - Executing helm command: /bin/helm --kubeconfig /etc/rancher/k3s/k3s.yaml install test-hivemq-platform /charts/hivemq-platform --wait --timeout 5m0s --set image.repository=docker.io/hivemq --set image.tag=4.36.0 --set image.pullPolicy=Never --set nodes.resources.cpu=512m -f /files/extension-priority-values.yaml --namespace helmextensionpriorityit
2025-01-29 18:37:13,732 INFO c.h.h.t.HelmChartContainer - [hivemq-test-hivemq-platform] [hivemq-platform-operator] [9a77d539] 18:37:13.729 [-2082509879-pool-1-thread-4] WARN  i.m.p.PrometheusMeterRegistry - The meter (MeterId{name='operator.sdk.events.received', tags=[tag(action=ADDED),tag(event=ResourceEvent),tag(group=hivemq.com),tag(kind=HiveMQPlatform),tag(name=test-hivemq-platform),tag(namespace=helmextensionpriorityit),tag(scope=namespace),tag(version=v1)]}) registration has failed: Prometheus requires that all meters with the same name have the same set of tag keys. There is already an existing meter named 'operator.sdk.events.received' containing tag keys [event, group, kind, name, namespace, scope, version]. The meter you are attempting to register has keys [action, event, group, kind, name, namespace, scope, version]. Note that subsequent logs will be logged at debug level.
2025-01-29 18:37:14,158 INFO c.h.h.t.HelmChartContainer - [hivemq-test-hivemq-platform] [hivemq-platform-operator] [9a77d539] 18:37:14.157 [pool-6-thread-3] DEBUG c.h.p.o.dependants.PodInfoConfigMap - [helmexte] Desired PodInfo ConfigMap (3 extensions) (3 enabled)
2025-01-29 18:37:14,158 INFO c.h.h.t.HelmChartContainer - [hivemq-test-hivemq-platform] [hivemq-platform-operator] [9a77d539] 18:37:14.157 [pool-6-thread-3] DEBUG c.h.p.o.dependants.PodInfoConfigMap - [helmexte] Desired PodInfo ConfigMap (metrics port: 9399) (metrics path: /)
2025-01-29 18:37:14,158 INFO c.h.h.t.HelmChartContainer - [hivemq-test-hivemq-platform] [hivemq-platform-operator] [9a77d539] 18:37:14.157 [pool-6-thread-3] DEBUG c.h.p.o.dependants.PodInfoConfigMap - [helmexte] Desired PodInfo ConfigMap (extension state hash: 687648868)
2025-01-29 18:37:14,191 INFO c.h.h.t.HelmChartContainer - [hivemq-test-hivemq-platform] [hivemq-platform-operator] [9a77d539] 18:37:14.188 [pool-6-thread-3] DEBUG c.h.p.o.dependants.PodInfoConfigMap - [helmexte] Create PodInfo ConfigMap
2025-01-29 18:37:14,293 INFO c.h.h.t.HelmChartContainer - [hivemq-test-hivemq-platform] [hivemq-platform-operator] [9a77d539] 18:37:14.290 [pool-6-thread-5] DEBUG c.h.p.o.dependants.PodRoleResource - [helmexte] Create Role: Role(apiVersion=rbac.authorization.k8s.io/v1, kind=Role, metadata=ObjectMeta(annotations={meta.helm.sh/release-name=test-hivemq-platform, meta.helm.sh/release-namespace=helmextensionpriorityit}, creationTimestamp=null, deletionGracePeriodSeconds=null, deletionTimestamp=null, finalizers=[], generateName=null, generation=null, labels={helm.sh/chart=hivemq-platform-0.2.32, app.kubernetes.io/managed-by=Helm, app.kubernetes.io/name=hivemq-platform, hivemq-platform=test-hivemq-platform, app.kubernetes.io/instance=test-hivemq-platform, app.kubernetes.io/version=4.36.0}, managedFields=[], name=hivemq-platform-role-test-hivemq-platform, namespace=helmextensionpriorityit, ownerReferences=[OwnerReference(apiVersion=hivemq.com/v1, blockOwnerDeletion=null, controller=null, kind=HiveMQPlatform, name=test-hivemq-platform, uid=e5a7a702-c388-433e-98ca-2c4a2e239d5c, additionalProperties={})], resourceVersion=null, selfLink=null, uid=null, additionalProperties={}), rules=[PolicyRule(apiGroups=[], nonResourceURLs=[], resourceNames=[], resources=[pods], verbs=[get, patch, update], additionalProperties={})], additionalProperties={})
2025-01-29 18:37:14,397 INFO c.h.h.t.HelmChartContainer - [hivemq-test-hivemq-platform] [hivemq-platform-operator] [9a77d539] 18:37:14.395 [pool-6-thread-7] DEBUG c.h.p.o.d.PodServiceAccountResource - [helmexte] Desired PodServiceAccountResource (serviceAccountName: hivemq-platform-pod-test-hivemq-platform)
2025-01-29 18:37:14,398 INFO c.h.h.t.HelmChartContainer - [hivemq-test-hivemq-platform] [hivemq-platform-operator] [9a77d539] 18:37:14.396 [pool-6-thread-7] DEBUG c.h.p.o.d.PodServiceAccountResource - [helmexte] Create ServiceAccount 'hivemq-platform-pod-test-hivemq-platform'
2025-01-29 18:37:14,507 INFO c.h.h.t.HelmChartContainer - [hivemq-test-hivemq-platform] [hivemq-platform-operator] [9a77d539] 18:37:14.506 [pool-6-thread-10] DEBUG c.h.p.o.d.PodRoleBindingResource - [helmexte] Create RoleBinding: RoleBinding(apiVersion=rbac.authorization.k8s.io/v1, kind=RoleBinding, metadata=ObjectMeta(annotations={meta.helm.sh/release-name=test-hivemq-platform, meta.helm.sh/release-namespace=helmextensionpriorityit}, creationTimestamp=null, deletionGracePeriodSeconds=null, deletionTimestamp=null, finalizers=[], generateName=null, generation=null, labels={helm.sh/chart=hivemq-platform-0.2.32, app.kubernetes.io/managed-by=Helm, app.kubernetes.io/name=hivemq-platform, hivemq-platform=test-hivemq-platform, app.kubernetes.io/instance=test-hivemq-platform, app.kubernetes.io/version=4.36.0}, managedFields=[], name=hivemq-platform-role-binding-test-hivemq-platform, namespace=helmextensionpriorityit, ownerReferences=[OwnerReference(apiVersion=hivemq.com/v1, blockOwnerDeletion=null, controller=null, kind=HiveMQPlatform, name=test-hivemq-platform, uid=e5a7a702-c388-433e-98ca-2c4a2e239d5c, additionalProperties={})], resourceVersion=null, selfLink=null, uid=null, additionalProperties={}), roleRef=RoleRef(apiGroup=rbac.authorization.k8s.io, kind=Role, name=hivemq-platform-role-test-hivemq-platform, additionalProperties={}), subjects=[Subject(apiGroup=null, kind=ServiceAccount, name=hivemq-platform-pod-test-hivemq-platform, namespace=helmextensionpriorityit, additionalProperties={})], additionalProperties={})
2025-01-29 18:37:14,606 INFO c.h.h.t.HelmChartContainer - [hivemq-test-hivemq-platform] [hivemq-platform-operator] [9a77d539] 18:37:14.605 [ReconcilerExecutor-hivemq-controller-54] INFO  c.h.p.o.HiveMQPlatformReconciler - [helmexte] Reconciling HiveMQ Platform 'test-hivemq-platform' in namespace 'helmextensionpriorityit'
2025-01-29 18:37:14,607 INFO c.h.h.t.HelmChartContainer - [hivemq-test-hivemq-platform] [hivemq-platform-operator] [9a77d539] 18:37:14.605 [ReconcilerExecutor-hivemq-controller-54] DEBUG c.h.p.o.HiveMQPlatformReconciler - [helmexte] Custom Resource Status CREATED - HiveMQ Platform was created (READY)
2025-01-29 18:37:14,607 INFO c.h.h.t.HelmChartContainer - [hivemq-test-hivemq-platform] [hivemq-platform-operator] [9a77d539] 18:37:14.605 [ReconcilerExecutor-hivemq-controller-54] DEBUG c.h.p.o.HiveMQPlatformReconciler - [helmexte] Custom Resource Spec (replicas: 1) (extensions: 3)
2025-01-29 18:37:14,610 INFO c.h.h.t.HelmChartContainer - [hivemq-test-hivemq-platform] [hivemq-platform-operator] [9a77d539] 18:37:14.609 [ReconcilerExecutor-hivemq-controller-54] INFO  c.h.p.o.h.HiveMQPlatformReconcilerBaseHandler - [helmexte] HiveMQ Platform is starting
2025-01-29 18:37:14,793 INFO c.h.h.t.HelmChartContainer - [hivemq-test-hivemq-platform] [hivemq-platform-operator] [9a77d539] 18:37:14.792 [ReconcilerExecutor-hivemq-controller-54] DEBUG c.h.p.operator.event.EventSender - [helmexte] Creating K8s event hivemq-platform-starting: [Start] HiveMQ Platform is starting
2025-01-29 18:37:14,802 INFO c.h.h.t.HelmChartContainer - [EVENT] Normal [Start] HiveMQ Platform is starting [helmextensionpriorityit:test-hivemq-platform]
2025-01-29 18:37:14,806 INFO c.h.h.t.HelmChartContainer - [hivemq-test-hivemq-platform] [hivemq-platform-operator] [9a77d539] 18:37:14.805 [ReconcilerExecutor-hivemq-controller-54] INFO  c.h.p.o.h.AbstractHiveMQReconcilerStateHandler - [helmexte] Update HiveMQ Platform Status (CREATED [READY] -> STARTING [READY]): HiveMQ Platform is starting
2025-01-29 18:37:14,896 DEBUG com.hivemq.helmcharts.util.K8sUtil - Comparing actual state 'STARTING' and waiting for 'RUNNING'
2025-01-29 18:37:24,907 INFO c.h.h.t.HelmChartContainer - [hivemq-test-hivemq-platform] [hivemq-platform-operator] [9a77d539] 18:37:24.904 [pool-6-thread-12] DEBUG c.h.p.o.d.PlatformServiceResource - [helmexte] Desired Platform services (2 services)
2025-01-29 18:37:24,912 INFO c.h.h.t.HelmChartContainer - [hivemq-test-hivemq-platform] [hivemq-platform-operator] [9a77d539] 18:37:24.907 [pool-6-thread-13] DEBUG c.h.p.o.dependants.PodInfoConfigMap - [helmexte] Desired PodInfo ConfigMap (3 extensions) (3 enabled)
2025-01-29 18:37:24,912 INFO c.h.h.t.HelmChartContainer - [hivemq-test-hivemq-platform] [hivemq-platform-operator] [9a77d539] 18:37:24.908 [pool-6-thread-17] DEBUG c.h.p.o.d.PodServiceAccountResource - [helmexte] Desired PodServiceAccountResource (serviceAccountName: hivemq-platform-pod-test-hivemq-platform)
2025-01-29 18:37:24,912 INFO c.h.h.t.HelmChartContainer - [hivemq-test-hivemq-platform] [hivemq-platform-operator] [9a77d539] 18:37:24.908 [pool-6-thread-13] DEBUG c.h.p.o.dependants.PodInfoConfigMap - [helmexte] Desired PodInfo ConfigMap (metrics port: 9399) (metrics path: /)
2025-01-29 18:37:24,912 INFO c.h.h.t.HelmChartContainer - [hivemq-test-hivemq-platform] [hivemq-platform-operator] [9a77d539] 18:37:24.908 [pool-6-thread-13] DEBUG c.h.p.o.dependants.PodInfoConfigMap - [helmexte] Desired PodInfo ConfigMap (extension state hash: 687648868)
2025-01-29 18:37:24,991 INFO c.h.h.t.HelmChartContainer - [hivemq-test-hivemq-platform] [hivemq-platform-operator] [9a77d539] 18:37:24.988 [pool-6-thread-13] DEBUG c.h.p.o.dependants.PodInfoConfigMap - [helmexte] Update PodInfo ConfigMap
2025-01-29 18:37:25,006 INFO c.h.h.t.HelmChartContainer - [K3S] [alloc.go:330] "allocated clusterIPs" service="helmextensionpriorityit/hivemq-test-hivemq-platform-metrics-9399" clusterIPs={"IPv4":"10.43.149.85"}
2025-01-29 18:37:25,096 INFO c.h.h.t.HelmChartContainer - [K3S] [alloc.go:330] "allocated clusterIPs" service="helmextensionpriorityit/hivemq-test-hivemq-platform-mqtt-1884" clusterIPs={"IPv4":"10.43.122.206"}
2025-01-29 18:37:25,105 INFO c.h.h.t.HelmChartContainer - [hivemq-test-hivemq-platform] [hivemq-platform-operator] [9a77d539] 18:37:25.101 [pool-6-thread-20] DEBUG c.h.p.o.d.StatefulSetResource - [helmexte] Desired StatefulSet (1 replicas) for status STARTING (READY)
2025-01-29 18:37:25,192 INFO c.h.h.t.HelmChartContainer - [hivemq-test-hivemq-platform] [hivemq-platform-operator] [9a77d539] 18:37:25.191 [pool-6-thread-20] DEBUG c.h.p.o.d.StatefulSetResource - [helmexte] Create StatefulSet
2025-01-29 18:37:25,224 INFO c.h.h.t.HelmChartContainer - [POD] test-hivemq-platform-0 [520ec02f-37c8-42bc-987c-8b456c28533d] in helmextensionpriorityit was ADDED
2025-01-29 18:37:25,224 INFO c.h.h.t.HelmChartContainer - [EVENT] Normal [SuccessfulCreate] create Pod test-hivemq-platform-0 in StatefulSet test-hivemq-platform successful [helmextensionpriorityit:test-hivemq-platform]
2025-01-29 18:37:25,228 INFO c.h.h.t.HelmChartContainer - [EVENT] Normal [Scheduled] Successfully assigned helmextensionpriorityit/test-hivemq-platform-0 to 63eb5a585d77 [helmextensionpriorityit:test-hivemq-platform-0]
2025-01-29 18:37:25,230 INFO c.h.h.t.HelmChartContainer - [POD] test-hivemq-platform-0 [520ec02f-37c8-42bc-987c-8b456c28533d] in helmextensionpriorityit was MODIFIED
2025-01-29 18:37:25,239 INFO c.h.h.t.HelmChartContainer - [POD] test-hivemq-platform-0 [520ec02f-37c8-42bc-987c-8b456c28533d] in helmextensionpriorityit was MODIFIED
2025-01-29 18:37:25,289 INFO c.h.h.t.HelmChartContainer - [hivemq-test-hivemq-platform] [hivemq-platform-operator] [9a77d539] 18:37:25.287 [ReconcilerExecutor-hivemq-controller-65] INFO  c.h.p.o.HiveMQPlatformReconciler - [helmexte] Reconciling HiveMQ Platform 'test-hivemq-platform' in namespace 'helmextensionpriorityit'
2025-01-29 18:37:25,289 INFO c.h.h.t.HelmChartContainer - [hivemq-test-hivemq-platform] [hivemq-platform-operator] [9a77d539] 18:37:25.287 [ReconcilerExecutor-hivemq-controller-65] DEBUG c.h.p.o.HiveMQPlatformReconciler - [helmexte] Custom Resource Status STARTING - HiveMQ Platform is starting (READY)
2025-01-29 18:37:25,289 INFO c.h.h.t.HelmChartContainer - [hivemq-test-hivemq-platform] [hivemq-platform-operator] [9a77d539] 18:37:25.287 [ReconcilerExecutor-hivemq-controller-65] DEBUG c.h.p.o.HiveMQPlatformReconciler - [helmexte] Custom Resource Spec (replicas: 1) (extensions: 3)
2025-01-29 18:37:25,297 INFO c.h.h.t.HelmChartContainer - [hivemq-test-hivemq-platform] [hivemq-platform-operator] [9a77d539] 18:37:25.296 [ReconcilerExecutor-hivemq-controller-65] DEBUG c.h.p.o.HiveMQPlatformReconciler - [helmexte] StatefulSet Status (revision: null, replicas: 0, available: 0, ready: 0, current: 0, updated: 0)
2025-01-29 18:37:25,298 INFO c.h.h.t.HelmChartContainer - [hivemq-test-hivemq-platform] [hivemq-platform-operator] [9a77d539] 18:37:25.297 [ReconcilerExecutor-hivemq-controller-65] DEBUG c.h.p.o.HiveMQPlatformReconciler - [helmexte] StatefulSet Spec (replicas: 1, init containers: 1, containers: 1, volumes: 3)
2025-01-29 18:37:25,333 INFO c.h.h.t.HelmChartContainer - [K3S] [reconciler_common.go:251] "operationExecutor.VerifyControllerAttachedVolume started for volume \"broker-configuration\" (UniqueName: \"kubernetes.io/configmap/520ec02f-37c8-42bc-987c-8b456c28533d-broker-configuration\") pod \"test-hivemq-platform-0\" (UID: \"520ec02f-37c8-42bc-987c-8b456c28533d\") " pod="helmextensionpriorityit/test-hivemq-platform-0"
2025-01-29 18:37:25,333 INFO c.h.h.t.HelmChartContainer - [K3S] [reconciler_common.go:251] "operationExecutor.VerifyControllerAttachedVolume started for volume \"kube-api-access-wb87f\" (UniqueName: \"kubernetes.io/projected/520ec02f-37c8-42bc-987c-8b456c28533d-kube-api-access-wb87f\") pod \"test-hivemq-platform-0\" (UID: \"520ec02f-37c8-42bc-987c-8b456c28533d\") " pod="helmextensionpriorityit/test-hivemq-platform-0"
2025-01-29 18:37:25,333 INFO c.h.h.t.HelmChartContainer - [K3S] [reconciler_common.go:251] "operationExecutor.VerifyControllerAttachedVolume started for volume \"operator-init\" (UniqueName: \"kubernetes.io/empty-dir/520ec02f-37c8-42bc-987c-8b456c28533d-operator-init\") pod \"test-hivemq-platform-0\" (UID: \"520ec02f-37c8-42bc-987c-8b456c28533d\") " pod="helmextensionpriorityit/test-hivemq-platform-0"
2025-01-29 18:37:25,333 INFO c.h.h.t.HelmChartContainer - [K3S] [reconciler_common.go:251] "operationExecutor.VerifyControllerAttachedVolume started for volume \"pod-info\" (UniqueName: \"kubernetes.io/configmap/520ec02f-37c8-42bc-987c-8b456c28533d-pod-info\") pod \"test-hivemq-platform-0\" (UID: \"520ec02f-37c8-42bc-987c-8b456c28533d\") " pod="helmextensionpriorityit/test-hivemq-platform-0"
2025-01-29 18:37:25,394 INFO c.h.h.t.HelmChartContainer - [hivemq-test-hivemq-platform] [hivemq-platform-operator] [9a77d539] 18:37:25.392 [ReconcilerExecutor-hivemq-controller-65] DEBUG c.h.p.o.h.HiveMQPlatformReconcilerErrorHandler - [helmexte] Pod 'test-hivemq-platform-0' phase Pending
2025-01-29 18:37:25,394 INFO c.h.h.t.HelmChartContainer - [hivemq-test-hivemq-platform] [hivemq-platform-operator] [9a77d539] 18:37:25.393 [ReconcilerExecutor-hivemq-controller-65] DEBUG c.h.p.o.h.HiveMQPlatformReconcilerErrorHandler - [helmexte] Pod 'test-hivemq-platform-0' condition 'PodReadyToStartContainers': False
2025-01-29 18:37:25,396 INFO c.h.h.t.HelmChartContainer - [hivemq-test-hivemq-platform] [hivemq-platform-operator] [9a77d539] 18:37:25.394 [ReconcilerExecutor-hivemq-controller-65] DEBUG c.h.p.o.h.HiveMQPlatformReconcilerErrorHandler - [helmexte] Pod 'test-hivemq-platform-0' condition 'Initialized': False
2025-01-29 18:37:25,396 INFO c.h.h.t.HelmChartContainer - [hivemq-test-hivemq-platform] [hivemq-platform-operator] [9a77d539] 18:37:25.394 [ReconcilerExecutor-hivemq-controller-65] DEBUG c.h.p.o.h.HiveMQPlatformReconcilerErrorHandler - [helmexte] Pod 'test-hivemq-platform-0' condition 'Ready': False
2025-01-29 18:37:25,396 INFO c.h.h.t.HelmChartContainer - [hivemq-test-hivemq-platform] [hivemq-platform-operator] [9a77d539] 18:37:25.394 [ReconcilerExecutor-hivemq-controller-65] DEBUG c.h.p.o.h.HiveMQPlatformReconcilerErrorHandler - [helmexte] Pod 'test-hivemq-platform-0' condition 'ContainersReady': False
2025-01-29 18:37:25,396 INFO c.h.h.t.HelmChartContainer - [hivemq-test-hivemq-platform] [hivemq-platform-operator] [9a77d539] 18:37:25.394 [ReconcilerExecutor-hivemq-controller-65] DEBUG c.h.p.o.h.HiveMQPlatformReconcilerErrorHandler - [helmexte] Pod 'test-hivemq-platform-0' condition 'PodScheduled': True
2025-01-29 18:37:25,397 INFO c.h.h.t.HelmChartContainer - [hivemq-test-hivemq-platform] [hivemq-platform-operator] [9a77d539] 18:37:25.395 [ReconcilerExecutor-hivemq-controller-65] DEBUG c.h.p.o.h.HiveMQPlatformReconcilerErrorHandler - [helmexte] Pod 'test-hivemq-platform-0' containerStatus 'hivemq' (started: false) (ready: false) (waiting: [PodInitializing] null)
2025-01-29 18:37:25,399 INFO c.h.h.t.HelmChartContainer - [hivemq-test-hivemq-platform] [hivemq-platform-operator] [9a77d539] 18:37:25.398 [ReconcilerExecutor-hivemq-controller-65] INFO  c.h.p.o.h.HiveMQPlatformReconcilerBaseHandler - [helmexte] HiveMQ Platform is starting, 0 of 1 replicas are ready
2025-01-29 18:37:25,402 INFO c.h.h.t.HelmChartContainer - [hivemq-test-hivemq-platform] [hivemq-platform-operator] [9a77d539] 18:37:25.401 [pool-6-thread-22] DEBUG c.h.p.o.d.PlatformServiceResource - [helmexte] Desired Platform services (2 services)
2025-01-29 18:37:25,490 INFO c.h.h.t.HelmChartContainer - [hivemq-test-hivemq-platform] [hivemq-platform-operator] [9a77d539] 18:37:25.487 [pool-6-thread-23] DEBUG c.h.p.o.dependants.PodInfoConfigMap - [helmexte] Desired PodInfo ConfigMap (3 extensions) (3 enabled)
2025-01-29 18:37:25,490 INFO c.h.h.t.HelmChartContainer - [hivemq-test-hivemq-platform] [hivemq-platform-operator] [9a77d539] 18:37:25.487 [pool-6-thread-23] DEBUG c.h.p.o.dependants.PodInfoConfigMap - [helmexte] Desired PodInfo ConfigMap (metrics port: 9399) (metrics path: /)
2025-01-29 18:37:25,490 INFO c.h.h.t.HelmChartContainer - [hivemq-test-hivemq-platform] [hivemq-platform-operator] [9a77d539] 18:37:25.487 [pool-6-thread-23] DEBUG c.h.p.o.dependants.PodInfoConfigMap - [helmexte] Desired PodInfo ConfigMap (extension state hash: 687648868)
2025-01-29 18:37:25,493 INFO c.h.h.t.HelmChartContainer - [hivemq-test-hivemq-platform] [hivemq-platform-operator] [9a77d539] 18:37:25.490 [pool-6-thread-27] DEBUG c.h.p.o.d.PodServiceAccountResource - [helmexte] Desired PodServiceAccountResource (serviceAccountName: hivemq-platform-pod-test-hivemq-platform)
2025-01-29 18:37:25,497 INFO c.h.h.t.HelmChartContainer - [hivemq-test-hivemq-platform] [hivemq-platform-operator] [9a77d539] 18:37:25.496 [pool-6-thread-30] DEBUG c.h.p.o.d.StatefulSetResource - [helmexte] Desired StatefulSet (1 replicas) for status STARTING (READY)
2025-01-29 18:37:25,504 INFO c.h.h.t.HelmChartContainer - [hivemq-test-hivemq-platform] [hivemq-platform-operator] [9a77d539] 18:37:25.503 [ReconcilerExecutor-hivemq-controller-76] INFO  c.h.p.o.HiveMQPlatformReconciler - [helmexte] Reconciling HiveMQ Platform 'test-hivemq-platform' in namespace 'helmextensionpriorityit'
2025-01-29 18:37:25,504 INFO c.h.h.t.HelmChartContainer - [hivemq-test-hivemq-platform] [hivemq-platform-operator] [9a77d539] 18:37:25.504 [ReconcilerExecutor-hivemq-controller-76] DEBUG c.h.p.o.HiveMQPlatformReconciler - [helmexte] Custom Resource Status STARTING - HiveMQ Platform is starting (READY)
2025-01-29 18:37:25,505 INFO c.h.h.t.HelmChartContainer - [hivemq-test-hivemq-platform] [hivemq-platform-operator] [9a77d539] 18:37:25.504 [ReconcilerExecutor-hivemq-controller-76] DEBUG c.h.p.o.HiveMQPlatformReconciler - [helmexte] Custom Resource Spec (replicas: 1) (extensions: 3)
2025-01-29 18:37:25,590 INFO c.h.h.t.HelmChartContainer - [hivemq-test-hivemq-platform] [hivemq-platform-operator] [9a77d539] 18:37:25.588 [ReconcilerExecutor-hivemq-controller-76] DEBUG c.h.p.o.HiveMQPlatformReconciler - [helmexte] StatefulSet Status (revision: test-hivemq-platform-6fd78546f5, replicas: 1, available: 0, ready: 0, current: 1, updated: 1)
2025-01-29 18:37:25,590 INFO c.h.h.t.HelmChartContainer - [hivemq-test-hivemq-platform] [hivemq-platform-operator] [9a77d539] 18:37:25.588 [ReconcilerExecutor-hivemq-controller-76] DEBUG c.h.p.o.HiveMQPlatformReconciler - [helmexte] StatefulSet Spec (replicas: 1, init containers: 1, containers: 1, volumes: 3)
2025-01-29 18:37:25,592 INFO c.h.h.t.HelmChartContainer - [hivemq-test-hivemq-platform] [hivemq-platform-operator] [9a77d539] 18:37:25.591 [ReconcilerExecutor-hivemq-controller-76] DEBUG c.h.p.o.h.HiveMQPlatformReconcilerErrorHandler - [helmexte] Pod 'test-hivemq-platform-0' phase Pending
2025-01-29 18:37:25,595 INFO c.h.h.t.HelmChartContainer - [hivemq-test-hivemq-platform] [hivemq-platform-operator] [9a77d539] 18:37:25.593 [ReconcilerExecutor-hivemq-controller-76] DEBUG c.h.p.o.h.HiveMQPlatformReconcilerErrorHandler - [helmexte] Pod 'test-hivemq-platform-0' condition 'PodReadyToStartContainers': False
2025-01-29 18:37:25,596 INFO c.h.h.t.HelmChartContainer - [hivemq-test-hivemq-platform] [hivemq-platform-operator] [9a77d539] 18:37:25.593 [ReconcilerExecutor-hivemq-controller-76] DEBUG c.h.p.o.h.HiveMQPlatformReconcilerErrorHandler - [helmexte] Pod 'test-hivemq-platform-0' condition 'Initialized': False
2025-01-29 18:37:25,596 INFO c.h.h.t.HelmChartContainer - [hivemq-test-hivemq-platform] [hivemq-platform-operator] [9a77d539] 18:37:25.593 [ReconcilerExecutor-hivemq-controller-76] DEBUG c.h.p.o.h.HiveMQPlatformReconcilerErrorHandler - [helmexte] Pod 'test-hivemq-platform-0' condition 'Ready': False
2025-01-29 18:37:25,597 INFO c.h.h.t.HelmChartContainer - [hivemq-test-hivemq-platform] [hivemq-platform-operator] [9a77d539] 18:37:25.593 [ReconcilerExecutor-hivemq-controller-76] DEBUG c.h.p.o.h.HiveMQPlatformReconcilerErrorHandler - [helmexte] Pod 'test-hivemq-platform-0' condition 'ContainersReady': False
2025-01-29 18:37:25,597 INFO c.h.h.t.HelmChartContainer - [hivemq-test-hivemq-platform] [hivemq-platform-operator] [9a77d539] 18:37:25.593 [ReconcilerExecutor-hivemq-controller-76] DEBUG c.h.p.o.h.HiveMQPlatformReconcilerErrorHandler - [helmexte] Pod 'test-hivemq-platform-0' condition 'PodScheduled': True
2025-01-29 18:37:25,597 INFO c.h.h.t.HelmChartContainer - [hivemq-test-hivemq-platform] [hivemq-platform-operator] [9a77d539] 18:37:25.594 [ReconcilerExecutor-hivemq-controller-76] DEBUG c.h.p.o.h.HiveMQPlatformReconcilerErrorHandler - [helmexte] Pod 'test-hivemq-platform-0' containerStatus 'hivemq' (started: false) (ready: false) (waiting: [PodInitializing] null)
2025-01-29 18:37:25,597 INFO c.h.h.t.HelmChartContainer - [hivemq-test-hivemq-platform] [hivemq-platform-operator] [9a77d539] 18:37:25.595 [ReconcilerExecutor-hivemq-controller-76] INFO  c.h.p.o.h.HiveMQPlatformReconcilerBaseHandler - [helmexte] HiveMQ Platform is starting, 0 of 1 replicas are ready
2025-01-29 18:37:25,623 INFO c.h.h.t.HelmChartContainer - [EVENT] Normal [Pulled] Container image "docker.io/hivemq/hivemq-platform-operator-init-test:snapshot" already present on machine [helmextensionpriorityit:test-hivemq-platform-0]
2025-01-29 18:37:25,631 INFO c.h.h.t.HelmChartContainer - [EVENT] Normal [Created] Created container: hivemq-platform-operator-init [helmextensionpriorityit:test-hivemq-platform-0]
2025-01-29 18:37:25,670 INFO c.h.h.t.HelmChartContainer - [EVENT] Normal [Started] Started container hivemq-platform-operator-init [helmextensionpriorityit:test-hivemq-platform-0]
2025-01-29 18:37:26,152 INFO c.h.h.t.HelmChartContainer - [EVENT] Normal [Pulled] Container image "docker.io/hivemq/hivemq4:4.36.0" already present on machine [helmextensionpriorityit:test-hivemq-platform-0]
2025-01-29 18:37:26,152 INFO c.h.h.t.HelmChartContainer - Received Pulled event for container hivemq in pod test-hivemq-platform-0 [520ec02f-37c8-42bc-987c-8b456c28533d]
2025-01-29 18:37:26,169 INFO c.h.h.t.HelmChartContainer - [POD] test-hivemq-platform-0 [520ec02f-37c8-42bc-987c-8b456c28533d] in helmextensionpriorityit was MODIFIED
2025-01-29 18:37:26,180 INFO c.h.h.t.HelmChartContainer - [EVENT] Normal [Created] Created container: hivemq [helmextensionpriorityit:test-hivemq-platform-0]
2025-01-29 18:37:26,181 INFO c.h.h.t.HelmChartContainer - Received Created event for container hivemq in pod test-hivemq-platform-0 [520ec02f-37c8-42bc-987c-8b456c28533d]
2025-01-29 18:37:26,186 INFO c.h.h.t.HelmChartContainer - [hivemq-test-hivemq-platform] [hivemq-platform-operator] [9a77d539] 18:37:26.181 [pool-6-thread-32] DEBUG c.h.p.o.d.PlatformServiceResource - [helmexte] Desired Platform services (2 services)
2025-01-29 18:37:26,191 INFO c.h.h.t.HelmChartContainer - [hivemq-test-hivemq-platform] [hivemq-platform-operator] [9a77d539] 18:37:26.188 [pool-6-thread-33] DEBUG c.h.p.o.dependants.PodInfoConfigMap - [helmexte] Desired PodInfo ConfigMap (3 extensions) (3 enabled)
2025-01-29 18:37:26,191 INFO c.h.h.t.HelmChartContainer - [hivemq-test-hivemq-platform] [hivemq-platform-operator] [9a77d539] 18:37:26.188 [pool-6-thread-33] DEBUG c.h.p.o.dependants.PodInfoConfigMap - [helmexte] Desired PodInfo ConfigMap (metrics port: 9399) (metrics path: /)
2025-01-29 18:37:26,191 INFO c.h.h.t.HelmChartContainer - [hivemq-test-hivemq-platform] [hivemq-platform-operator] [9a77d539] 18:37:26.188 [pool-6-thread-33] DEBUG c.h.p.o.dependants.PodInfoConfigMap - [helmexte] Desired PodInfo ConfigMap (extension state hash: 687648868)
2025-01-29 18:37:26,191 INFO c.h.h.t.HelmChartContainer - [hivemq-test-hivemq-platform] [hivemq-platform-operator] [9a77d539] 18:37:26.188 [pool-6-thread-37] DEBUG c.h.p.o.d.PodServiceAccountResource - [helmexte] Desired PodServiceAccountResource (serviceAccountName: hivemq-platform-pod-test-hivemq-platform)
2025-01-29 18:37:26,205 INFO c.h.h.t.HelmChartContainer - [hivemq-test-hivemq-platform] [hivemq-platform-operator] [9a77d539] 18:37:26.199 [pool-6-thread-40] DEBUG c.h.p.o.d.StatefulSetResource - [helmexte] Desired StatefulSet (1 replicas) for status STARTING (READY)
2025-01-29 18:37:26,260 INFO c.h.h.t.HelmChartContainer - [hivemq-test-hivemq-platform] [hivemq-platform-operator] [9a77d539] 18:37:26.259 [ReconcilerExecutor-hivemq-controller-87] INFO  c.h.p.o.HiveMQPlatformReconciler - [helmexte] Reconciling HiveMQ Platform 'test-hivemq-platform' in namespace 'helmextensionpriorityit'
2025-01-29 18:37:26,262 INFO c.h.h.t.HelmChartContainer - [hivemq-test-hivemq-platform] [hivemq-platform-operator] [9a77d539] 18:37:26.259 [ReconcilerExecutor-hivemq-controller-87] DEBUG c.h.p.o.HiveMQPlatformReconciler - [helmexte] Custom Resource Status STARTING - HiveMQ Platform is starting (READY)
2025-01-29 18:37:26,262 INFO c.h.h.t.HelmChartContainer - [hivemq-test-hivemq-platform] [hivemq-platform-operator] [9a77d539] 18:37:26.259 [ReconcilerExecutor-hivemq-controller-87] DEBUG c.h.p.o.HiveMQPlatformReconciler - [helmexte] Custom Resource Spec (replicas: 1) (extensions: 3)
2025-01-29 18:37:26,264 INFO c.h.h.t.HelmChartContainer - [hivemq-test-hivemq-platform] [hivemq-platform-operator] [9a77d539] 18:37:26.262 [ReconcilerExecutor-hivemq-controller-87] DEBUG c.h.p.o.HiveMQPlatformReconciler - [helmexte] StatefulSet Status (revision: test-hivemq-platform-6fd78546f5, replicas: 1, available: 0, ready: 0, current: 1, updated: 1)
2025-01-29 18:37:26,265 INFO c.h.h.t.HelmChartContainer - [hivemq-test-hivemq-platform] [hivemq-platform-operator] [9a77d539] 18:37:26.262 [ReconcilerExecutor-hivemq-controller-87] DEBUG c.h.p.o.HiveMQPlatformReconciler - [helmexte] StatefulSet Spec (replicas: 1, init containers: 1, containers: 1, volumes: 3)
2025-01-29 18:37:26,269 INFO c.h.h.t.HelmChartContainer - [hivemq-test-hivemq-platform] [hivemq-platform-operator] [9a77d539] 18:37:26.267 [ReconcilerExecutor-hivemq-controller-87] DEBUG c.h.p.o.h.HiveMQPlatformReconcilerErrorHandler - [helmexte] Pod 'test-hivemq-platform-0' phase Pending
2025-01-29 18:37:26,269 INFO c.h.h.t.HelmChartContainer - [hivemq-test-hivemq-platform] [hivemq-platform-operator] [9a77d539] 18:37:26.267 [ReconcilerExecutor-hivemq-controller-87] DEBUG c.h.p.o.h.HiveMQPlatformReconcilerErrorHandler - [helmexte] Pod 'test-hivemq-platform-0' condition 'PodReadyToStartContainers': True
2025-01-29 18:37:26,269 INFO c.h.h.t.HelmChartContainer - [hivemq-test-hivemq-platform] [hivemq-platform-operator] [9a77d539] 18:37:26.267 [ReconcilerExecutor-hivemq-controller-87] DEBUG c.h.p.o.h.HiveMQPlatformReconcilerErrorHandler - [helmexte] Pod 'test-hivemq-platform-0' condition 'Initialized': True
2025-01-29 18:37:26,269 INFO c.h.h.t.HelmChartContainer - [hivemq-test-hivemq-platform] [hivemq-platform-operator] [9a77d539] 18:37:26.267 [ReconcilerExecutor-hivemq-controller-87] DEBUG c.h.p.o.h.HiveMQPlatformReconcilerErrorHandler - [helmexte] Pod 'test-hivemq-platform-0' condition 'Ready': False
2025-01-29 18:37:26,269 INFO c.h.h.t.HelmChartContainer - [hivemq-test-hivemq-platform] [hivemq-platform-operator] [9a77d539] 18:37:26.267 [ReconcilerExecutor-hivemq-controller-87] DEBUG c.h.p.o.h.HiveMQPlatformReconcilerErrorHandler - [helmexte] Pod 'test-hivemq-platform-0' condition 'ContainersReady': False
2025-01-29 18:37:26,269 INFO c.h.h.t.HelmChartContainer - [hivemq-test-hivemq-platform] [hivemq-platform-operator] [9a77d539] 18:37:26.267 [ReconcilerExecutor-hivemq-controller-87] DEBUG c.h.p.o.h.HiveMQPlatformReconcilerErrorHandler - [helmexte] Pod 'test-hivemq-platform-0' condition 'PodScheduled': True
2025-01-29 18:37:26,269 INFO c.h.h.t.HelmChartContainer - [hivemq-test-hivemq-platform] [hivemq-platform-operator] [9a77d539] 18:37:26.267 [ReconcilerExecutor-hivemq-controller-87] DEBUG c.h.p.o.h.HiveMQPlatformReconcilerErrorHandler - [helmexte] Pod 'test-hivemq-platform-0' containerStatus 'hivemq' (started: false) (ready: false) (waiting: [PodInitializing] null)
2025-01-29 18:37:26,271 INFO c.h.h.t.HelmChartContainer - [hivemq-test-hivemq-platform] [hivemq-platform-operator] [9a77d539] 18:37:26.269 [ReconcilerExecutor-hivemq-controller-87] INFO  c.h.p.o.h.HiveMQPlatformReconcilerBaseHandler - [helmexte] HiveMQ Platform is starting, 0 of 1 replicas are ready
2025-01-29 18:37:27,163 INFO c.h.h.t.HelmChartContainer - [POD] test-hivemq-platform-0 [520ec02f-37c8-42bc-987c-8b456c28533d] in helmextensionpriorityit was MODIFIED
2025-01-29 18:37:27,172 INFO c.h.h.t.HelmChartContainer - [hivemq-test-hivemq-platform] [hivemq-platform-operator] [9a77d539] 18:37:27.168 [pool-6-thread-42] DEBUG c.h.p.o.d.PlatformServiceResource - [helmexte] Desired Platform services (2 services)
2025-01-29 18:37:27,175 INFO c.h.h.t.HelmChartContainer - [hivemq-test-hivemq-platform] [hivemq-platform-operator] [9a77d539] 18:37:27.169 [pool-6-thread-43] DEBUG c.h.p.o.dependants.PodInfoConfigMap - [helmexte] Desired PodInfo ConfigMap (3 extensions) (3 enabled)
2025-01-29 18:37:27,175 INFO c.h.h.t.HelmChartContainer - [hivemq-test-hivemq-platform] [hivemq-platform-operator] [9a77d539] 18:37:27.169 [pool-6-thread-43] DEBUG c.h.p.o.dependants.PodInfoConfigMap - [helmexte] Desired PodInfo ConfigMap (metrics port: 9399) (metrics path: /)
2025-01-29 18:37:27,175 INFO c.h.h.t.HelmChartContainer - [hivemq-test-hivemq-platform] [hivemq-platform-operator] [9a77d539] 18:37:27.169 [pool-6-thread-43] DEBUG c.h.p.o.dependants.PodInfoConfigMap - [helmexte] Desired PodInfo ConfigMap (extension state hash: 687648868)
2025-01-29 18:37:27,179 INFO c.h.h.t.HelmChartContainer - [hivemq-test-hivemq-platform] [hivemq-platform-operator] [9a77d539] 18:37:27.177 [pool-6-thread-47] DEBUG c.h.p.o.d.PodServiceAccountResource - [helmexte] Desired PodServiceAccountResource (serviceAccountName: hivemq-platform-pod-test-hivemq-platform)
2025-01-29 18:37:27,179 INFO c.h.h.t.HelmChartContainer - Started log watcher for hivemq in pod test-hivemq-platform-0 [520ec02f-37c8-42bc-987c-8b456c28533d]
2025-01-29 18:37:27,180 INFO c.h.h.t.HelmChartContainer - [test-hivemq-platform] [hivemq] [520ec02f] Adding pre-installed HiveMQ Platform Operator extensions
2025-01-29 18:37:27,180 INFO c.h.h.t.HelmChartContainer - [test-hivemq-platform] [hivemq] [520ec02f] Running as user 10000
2025-01-29 18:37:27,181 INFO c.h.h.t.HelmChartContainer - [test-hivemq-platform] [hivemq] [520ec02f] Starting HiveMQ Platform Operator Init
2025-01-29 18:37:27,182 INFO c.h.h.t.HelmChartContainer - [EVENT] Normal [Started] Started container hivemq [helmextensionpriorityit:test-hivemq-platform-0]
2025-01-29 18:37:27,182 INFO c.h.h.t.HelmChartContainer - Received Started event for container hivemq in pod test-hivemq-platform-0 [520ec02f-37c8-42bc-987c-8b456c28533d]
2025-01-29 18:37:27,258 INFO c.h.h.t.HelmChartContainer - [hivemq-test-hivemq-platform] [hivemq-platform-operator] [9a77d539] 18:37:27.255 [pool-6-thread-50] DEBUG c.h.p.o.d.StatefulSetResource - [helmexte] Desired StatefulSet (1 replicas) for status STARTING (READY)
2025-01-29 18:37:27,262 INFO c.h.h.t.HelmChartContainer - [hivemq-test-hivemq-platform] [hivemq-platform-operator] [9a77d539] 18:37:27.261 [ReconcilerExecutor-hivemq-controller-98] INFO  c.h.p.o.HiveMQPlatformReconciler - [helmexte] Reconciling HiveMQ Platform 'test-hivemq-platform' in namespace 'helmextensionpriorityit'
2025-01-29 18:37:27,267 INFO c.h.h.t.HelmChartContainer - [hivemq-test-hivemq-platform] [hivemq-platform-operator] [9a77d539] 18:37:27.261 [ReconcilerExecutor-hivemq-controller-98] DEBUG c.h.p.o.HiveMQPlatformReconciler - [helmexte] Custom Resource Status STARTING - HiveMQ Platform is starting (READY)
2025-01-29 18:37:27,267 INFO c.h.h.t.HelmChartContainer - [hivemq-test-hivemq-platform] [hivemq-platform-operator] [9a77d539] 18:37:27.261 [ReconcilerExecutor-hivemq-controller-98] DEBUG c.h.p.o.HiveMQPlatformReconciler - [helmexte] Custom Resource Spec (replicas: 1) (extensions: 3)
2025-01-29 18:37:27,267 INFO c.h.h.t.HelmChartContainer - [hivemq-test-hivemq-platform] [hivemq-platform-operator] [9a77d539] 18:37:27.263 [ReconcilerExecutor-hivemq-controller-98] DEBUG c.h.p.o.HiveMQPlatformReconciler - [helmexte] StatefulSet Status (revision: test-hivemq-platform-6fd78546f5, replicas: 1, available: 0, ready: 0, current: 1, updated: 1)
2025-01-29 18:37:27,267 INFO c.h.h.t.HelmChartContainer - [hivemq-test-hivemq-platform] [hivemq-platform-operator] [9a77d539] 18:37:27.263 [ReconcilerExecutor-hivemq-controller-98] DEBUG c.h.p.o.HiveMQPlatformReconciler - [helmexte] StatefulSet Spec (replicas: 1, init containers: 1, containers: 1, volumes: 3)
2025-01-29 18:37:27,267 INFO c.h.h.t.HelmChartContainer - [hivemq-test-hivemq-platform] [hivemq-platform-operator] [9a77d539] 18:37:27.265 [ReconcilerExecutor-hivemq-controller-98] DEBUG c.h.p.o.h.HiveMQPlatformReconcilerErrorHandler - [helmexte] Pod 'test-hivemq-platform-0' phase Running
2025-01-29 18:37:27,267 INFO c.h.h.t.HelmChartContainer - [hivemq-test-hivemq-platform] [hivemq-platform-operator] [9a77d539] 18:37:27.266 [ReconcilerExecutor-hivemq-controller-98] INFO  c.h.p.o.h.HiveMQPlatformReconcilerBaseHandler - [helmexte] HiveMQ Platform is starting, 0 of 1 replicas are ready
2025-01-29 18:37:27,415 INFO c.h.h.t.HelmChartContainer - [test-hivemq-platform] [hivemq] [520ec02f] INFO  - [HiveMQ Platform Operator Init 1.7.0-SNAPSHOT] HiveMQ Platform Operator Init 1.7.0-SNAPSHOT (commit: b1b9591 on branch: HEAD) built on Wed Jan 29 18:32:18 UTC 2025
2025-01-29 18:37:28,526 INFO c.h.h.t.HelmChartContainer - [test-hivemq-platform] [hivemq] [520ec02f] INFO  - [HiveMQ Platform Operator Init App 1.7.0-SNAPSHOT] Using bind address 10.42.0.7 from environment variable
2025-01-29 18:37:29,437 INFO c.h.h.t.HelmChartContainer - [test-hivemq-platform] [hivemq] [520ec02f] INFO  - [HiveMQ Platform Operator Init App 1.7.0-SNAPSHOT] HiveMQ Platform Operator Init App 1.7.0-SNAPSHOT (commit: b1b9591 on branch: HEAD) built on Wed Jan 29 18:32:18 UTC 2025
2025-01-29 18:37:29,439 INFO c.h.h.t.HelmChartContainer - [test-hivemq-platform] [hivemq] [520ec02f] INFO  - [HiveMQ Platform Operator Init App 1.7.0-SNAPSHOT] PodInfo ConfigMap directory: /etc/podinfo
2025-01-29 18:37:29,439 INFO c.h.h.t.HelmChartContainer - [test-hivemq-platform] [hivemq] [520ec02f] INFO  - [HiveMQ Platform Operator Init App 1.7.0-SNAPSHOT] HiveMQ home directory: /opt/hivemq
2025-01-29 18:37:29,439 INFO c.h.h.t.HelmChartContainer - [test-hivemq-platform] [hivemq] [520ec02f] INFO  - [HiveMQ Platform Operator Init App 1.7.0-SNAPSHOT] HiveMQ Logback folder: /opt/hivemq/conf
2025-01-29 18:37:29,439 INFO c.h.h.t.HelmChartContainer - [test-hivemq-platform] [hivemq] [520ec02f] INFO  - [HiveMQ Platform Operator Init App 1.7.0-SNAPSHOT] HiveMQ Config folder: /opt/hivemq/conf-k8s
2025-01-29 18:37:29,440 INFO c.h.h.t.HelmChartContainer - [test-hivemq-platform] [hivemq] [520ec02f] INFO  - [HiveMQ Platform Operator Init App 1.7.0-SNAPSHOT] Starting HiveMQ Platform Operator Init App
2025-01-29 18:37:29,440 INFO c.h.h.t.HelmChartContainer - [test-hivemq-platform] [hivemq] [520ec02f] INFO  - [HiveMQ Platform Operator Init App 1.7.0-SNAPSHOT] Starting Pod reconciler
2025-01-29 18:37:30,624 INFO c.h.h.t.HelmChartContainer - [test-hivemq-platform] [hivemq] [520ec02f] INFO  - [HiveMQ Platform Operator Init App 1.7.0-SNAPSHOT] Pod reconciler is scheduled (interval: 5000 ms)
2025-01-29 18:37:30,625 INFO c.h.h.t.HelmChartContainer - [test-hivemq-platform] [hivemq] [520ec02f] INFO  - [HiveMQ Platform Operator Init App 1.7.0-SNAPSHOT] Starting the REST API on 10.42.0.7:7979
2025-01-29 18:37:30,628 INFO c.h.h.t.HelmChartContainer - [test-hivemq-platform] [hivemq] [520ec02f] INFO  - [HiveMQ Platform Operator Init App 1.7.0-SNAPSHOT] Waiting up to 600s for at most 1 HiveMQ nodes in cluster service hivemq-test-hivemq-platform-cluster.helmextensionpriorityit.svc
2025-01-29 18:37:31,018 INFO c.h.h.t.HelmChartContainer - [test-hivemq-platform] [hivemq] [520ec02f] INFO  - [HiveMQ Platform Operator Init App 1.7.0-SNAPSHOT] Resolved 1 IP addresses: [10.42.0.7]
2025-01-29 18:37:31,018 INFO c.h.h.t.HelmChartContainer - [test-hivemq-platform] [hivemq] [520ec02f] INFO  - [HiveMQ Platform Operator Init App 1.7.0-SNAPSHOT] HiveMQ node count of 1 is within threshold of 1
2025-01-29 18:37:31,018 INFO c.h.h.t.HelmChartContainer - [test-hivemq-platform] [hivemq] [520ec02f] INFO  - [HiveMQ Platform Operator Init App 1.7.0-SNAPSHOT] Proceeding with container start
2025-01-29 18:37:31,109 INFO c.h.h.t.HelmChartContainer - [test-hivemq-platform] [hivemq] [520ec02f] INFO  - [HiveMQ Platform Operator Init App 1.7.0-SNAPSHOT] Initializing HiveMQ Platform extensions with initial configuration: {hivemq-appending-bar-extension={start-priority=2000, skip-https-hostname-verification=false, restart=true, config-version=0, header-version=0, c-uri=, priority=2000, uri=http://nginx-service/hivemq-appending-bar-extension-1.0.0.zip, skip-https-certificate-validation=false, enabled=true}, hivemq-appending-baz-extension={start-priority=3000, skip-https-hostname-verification=false, restart=true, config-version=0, header-version=0, c-uri=, priority=1000, uri=http://nginx-service/hivemq-appending-baz-extension-1.0.0.zip, skip-https-certificate-validation=false, enabled=true}, hivemq-appending-foo-extension={start-priority=1000, skip-https-hostname-verification=false, restart=true, config-version=0, header-version=0, c-uri=, priority=3000, uri=http://nginx-service/hivemq-appending-foo-extension-1.0.0.zip, skip-https-certificate-validation=false, enabled=true}, hivemq-prometheus-extension={priority=-1, start-priority=-1, c-uri=, skip-https-hostname-verification=false, skip-https-certificate-validation=false, uri=preinstalled, request-header-path=no-request-headers, enabled=true, restart=true}}
2025-01-29 18:37:31,110 INFO c.h.h.t.HelmChartContainer - [test-hivemq-platform] [hivemq] [520ec02f] INFO  - [HiveMQ Platform Operator Init App 1.7.0-SNAPSHOT] Installing custom extension hivemq-appending-bar-extension from URL http://nginx-service/hivemq-appending-bar-extension-1.0.0.zip
2025-01-29 18:37:31,112 INFO c.h.h.t.HelmChartContainer - [test-hivemq-platform] [hivemq] [520ec02f] INFO  - [HiveMQ Platform Operator Init App 1.7.0-SNAPSHOT] Downloading custom extension hivemq-appending-bar-extension into '/tmp/hivemq-appending-bar-extension454299756255258044/extension.zip'
2025-01-29 18:37:31,213 INFO c.h.h.t.HelmChartContainer - [nginx-59946c78dd-mxm] [nginx] [60d5a350] 10.42.0.7 - - [29/Jan/2025:18:37:31 +0000] "GET /hivemq-appending-bar-extension-1.0.0.zip HTTP/1.1" 200 20145 "-" "Java-http-client/21.0.5" "-"
2025-01-29 18:37:31,307 INFO c.h.h.t.HelmChartContainer - [test-hivemq-platform] [hivemq] [520ec02f] INFO  - [HiveMQ Platform Operator Init App 1.7.0-SNAPSHOT] Copy extension from '/tmp/hivemq-appending-bar-extension454299756255258044/hivemq-appending-bar-extension' to '/opt/hivemq/extensions/hivemq-appending-bar-extension'
2025-01-29 18:37:31,309 INFO c.h.h.t.HelmChartContainer - [test-hivemq-platform] [hivemq] [520ec02f] INFO  - [HiveMQ Platform Operator Init App 1.7.0-SNAPSHOT] Found hivemq-extension.xml in folder '/tmp/hivemq-appending-bar-extension454299756255258044/hivemq-appending-bar-extension/hivemq-appending-bar-extension'
2025-01-29 18:37:31,336 INFO c.h.h.t.HelmChartContainer - [test-hivemq-platform] [hivemq] [520ec02f] INFO  - [HiveMQ Platform Operator Init App 1.7.0-SNAPSHOT] Configuring priority 2000 for extension hivemq-appending-bar-extension
2025-01-29 18:37:31,336 INFO c.h.h.t.HelmChartContainer - [test-hivemq-platform] [hivemq] [520ec02f] INFO  - [HiveMQ Platform Operator Init App 1.7.0-SNAPSHOT] Configuring start-priority 2000 for extension hivemq-appending-bar-extension
2025-01-29 18:37:31,723 INFO c.h.h.t.HelmChartContainer - [test-hivemq-platform] [hivemq] [520ec02f] INFO  - [HiveMQ Platform Operator Init App 1.7.0-SNAPSHOT] Extension hivemq-appending-bar-extension was already enabled
2025-01-29 18:37:31,724 INFO c.h.h.t.HelmChartContainer - [test-hivemq-platform] [hivemq] [520ec02f] INFO  - [HiveMQ Platform Operator Init App 1.7.0-SNAPSHOT] Installing custom extension hivemq-appending-baz-extension from URL http://nginx-service/hivemq-appending-baz-extension-1.0.0.zip
2025-01-29 18:37:31,725 INFO c.h.h.t.HelmChartContainer - [test-hivemq-platform] [hivemq] [520ec02f] INFO  - [HiveMQ Platform Operator Init App 1.7.0-SNAPSHOT] Downloading custom extension hivemq-appending-baz-extension into '/tmp/hivemq-appending-baz-extension17071652790958901806/extension.zip'
2025-01-29 18:37:31,729 INFO c.h.h.t.HelmChartContainer - [nginx-59946c78dd-mxm] [nginx] [60d5a350] 10.42.0.7 - - [29/Jan/2025:18:37:31 +0000] "GET /hivemq-appending-baz-extension-1.0.0.zip HTTP/1.1" 200 20145 "-" "Java-http-client/21.0.5" "-"
2025-01-29 18:37:31,806 INFO c.h.h.t.HelmChartContainer - [test-hivemq-platform] [hivemq] [520ec02f] INFO  - [HiveMQ Platform Operator Init App 1.7.0-SNAPSHOT] Copy extension from '/tmp/hivemq-appending-baz-extension17071652790958901806/hivemq-appending-baz-extension' to '/opt/hivemq/extensions/hivemq-appending-baz-extension'
2025-01-29 18:37:31,807 INFO c.h.h.t.HelmChartContainer - [test-hivemq-platform] [hivemq] [520ec02f] INFO  - [HiveMQ Platform Operator Init App 1.7.0-SNAPSHOT] Found hivemq-extension.xml in folder '/tmp/hivemq-appending-baz-extension17071652790958901806/hivemq-appending-baz-extension/hivemq-appending-baz-extension'
2025-01-29 18:37:31,810 INFO c.h.h.t.HelmChartContainer - [test-hivemq-platform] [hivemq] [520ec02f] INFO  - [HiveMQ Platform Operator Init App 1.7.0-SNAPSHOT] Configuring priority 1000 for extension hivemq-appending-baz-extension
2025-01-29 18:37:31,812 INFO c.h.h.t.HelmChartContainer - [test-hivemq-platform] [hivemq] [520ec02f] INFO  - [HiveMQ Platform Operator Init App 1.7.0-SNAPSHOT] Configuring start-priority 3000 for extension hivemq-appending-baz-extension
2025-01-29 18:37:31,821 INFO c.h.h.t.HelmChartContainer - [test-hivemq-platform] [hivemq] [520ec02f] INFO  - [HiveMQ Platform Operator Init App 1.7.0-SNAPSHOT] Extension hivemq-appending-baz-extension was already enabled
2025-01-29 18:37:31,822 INFO c.h.h.t.HelmChartContainer - [test-hivemq-platform] [hivemq] [520ec02f] INFO  - [HiveMQ Platform Operator Init App 1.7.0-SNAPSHOT] Installing custom extension hivemq-appending-foo-extension from URL http://nginx-service/hivemq-appending-foo-extension-1.0.0.zip
2025-01-29 18:37:31,822 INFO c.h.h.t.HelmChartContainer - [test-hivemq-platform] [hivemq] [520ec02f] INFO  - [HiveMQ Platform Operator Init App 1.7.0-SNAPSHOT] Downloading custom extension hivemq-appending-foo-extension into '/tmp/hivemq-appending-foo-extension383000085427102957/extension.zip'
2025-01-29 18:37:31,824 INFO c.h.h.t.HelmChartContainer - [nginx-59946c78dd-mxm] [nginx] [60d5a350] 10.42.0.7 - - [29/Jan/2025:18:37:31 +0000] "GET /hivemq-appending-foo-extension-1.0.0.zip HTTP/1.1" 200 20146 "-" "Java-http-client/21.0.5" "-"
2025-01-29 18:37:31,907 INFO c.h.h.t.HelmChartContainer - [test-hivemq-platform] [hivemq] [520ec02f] INFO  - [HiveMQ Platform Operator Init App 1.7.0-SNAPSHOT] Copy extension from '/tmp/hivemq-appending-foo-extension383000085427102957/hivemq-appending-foo-extension' to '/opt/hivemq/extensions/hivemq-appending-foo-extension'
2025-01-29 18:37:31,908 INFO c.h.h.t.HelmChartContainer - [test-hivemq-platform] [hivemq] [520ec02f] INFO  - [HiveMQ Platform Operator Init App 1.7.0-SNAPSHOT] Found hivemq-extension.xml in folder '/tmp/hivemq-appending-foo-extension383000085427102957/hivemq-appending-foo-extension/hivemq-appending-foo-extension'
2025-01-29 18:37:31,912 INFO c.h.h.t.HelmChartContainer - [test-hivemq-platform] [hivemq] [520ec02f] INFO  - [HiveMQ Platform Operator Init App 1.7.0-SNAPSHOT] Configuring priority 3000 for extension hivemq-appending-foo-extension
2025-01-29 18:37:31,912 INFO c.h.h.t.HelmChartContainer - [test-hivemq-platform] [hivemq] [520ec02f] INFO  - [HiveMQ Platform Operator Init App 1.7.0-SNAPSHOT] Configuring start-priority 1000 for extension hivemq-appending-foo-extension
2025-01-29 18:37:31,919 INFO c.h.h.t.HelmChartContainer - [test-hivemq-platform] [hivemq] [520ec02f] INFO  - [HiveMQ Platform Operator Init App 1.7.0-SNAPSHOT] Extension hivemq-appending-foo-extension was already enabled
2025-01-29 18:37:32,005 INFO c.h.h.t.HelmChartContainer - [test-hivemq-platform] [hivemq] [520ec02f] INFO  - [HiveMQ Platform Operator Init App 1.7.0-SNAPSHOT] Successfully enabled extension hivemq-prometheus-extension
2025-01-29 18:37:32,007 INFO c.h.h.t.HelmChartContainer - [test-hivemq-platform] [hivemq] [520ec02f] INFO  - [HiveMQ Platform Operator Init App 1.7.0-SNAPSHOT] Starting HiveMQ Platform version 4.36.0 (4.36.0)
2025-01-29 18:37:32,008 INFO c.h.h.t.HelmChartContainer - [test-hivemq-platform] [hivemq] [520ec02f] INFO  - [HiveMQ Platform Operator Init App 1.7.0-SNAPSHOT] Configuring the HiveMQ Platform
2025-01-29 18:37:32,016 INFO c.h.h.t.HelmChartContainer - [test-hivemq-platform] [hivemq] [520ec02f] INFO  - [HiveMQ Platform Operator Init App 1.7.0-SNAPSHOT] Changed logback.xml file scan period to 20 seconds
2025-01-29 18:37:32,025 INFO c.h.h.t.HelmChartContainer - [test-hivemq-platform] [hivemq] [520ec02f] INFO  - [HiveMQ Platform Operator Init App 1.7.0-SNAPSHOT] Starting the HiveMQ Platform
2025-01-29 18:37:32,108 INFO c.h.h.t.HelmChartContainer - [test-hivemq-platform] [hivemq] [520ec02f] -------------------------------------------------------------------------
2025-01-29 18:37:32,108 INFO c.h.h.t.HelmChartContainer - [test-hivemq-platform] [hivemq] [520ec02f] 
2025-01-29 18:37:32,108 INFO c.h.h.t.HelmChartContainer - [test-hivemq-platform] [hivemq] [520ec02f]                   _    _  _              __  __   ____
2025-01-29 18:37:32,108 INFO c.h.h.t.HelmChartContainer - [test-hivemq-platform] [hivemq] [520ec02f]                  | |  | |(_)            |  \/  | / __ \
2025-01-29 18:37:32,108 INFO c.h.h.t.HelmChartContainer - [test-hivemq-platform] [hivemq] [520ec02f]                  | |__| | _ __   __ ___ | \  / || |  | |
2025-01-29 18:37:32,108 INFO c.h.h.t.HelmChartContainer - [test-hivemq-platform] [hivemq] [520ec02f]                  |  __  || |\ \ / // _ \| |\/| || |  | |
2025-01-29 18:37:32,108 INFO c.h.h.t.HelmChartContainer - [test-hivemq-platform] [hivemq] [520ec02f]                  | |  | || | \ V /|  __/| |  | || |__| |
2025-01-29 18:37:32,108 INFO c.h.h.t.HelmChartContainer - [test-hivemq-platform] [hivemq] [520ec02f]                  |_|  |_||_|  \_/  \___||_|  |_| \___\_\
2025-01-29 18:37:32,108 INFO c.h.h.t.HelmChartContainer - [test-hivemq-platform] [hivemq] [520ec02f] 
2025-01-29 18:37:32,108 INFO c.h.h.t.HelmChartContainer - [test-hivemq-platform] [hivemq] [520ec02f] -------------------------------------------------------------------------
2025-01-29 18:37:32,108 INFO c.h.h.t.HelmChartContainer - [test-hivemq-platform] [hivemq] [520ec02f] 
2025-01-29 18:37:32,108 INFO c.h.h.t.HelmChartContainer - [test-hivemq-platform] [hivemq] [520ec02f]   HiveMQ Start Script for Linux/Unix v1.14
2025-01-29 18:37:32,108 INFO c.h.h.t.HelmChartContainer - [test-hivemq-platform] [hivemq] [520ec02f] 
2025-01-29 18:37:32,135 INFO c.h.h.t.HelmChartContainer - [test-hivemq-platform] [hivemq] [520ec02f] -------------------------------------------------------------------------
2025-01-29 18:37:32,135 INFO c.h.h.t.HelmChartContainer - [test-hivemq-platform] [hivemq] [520ec02f] 
2025-01-29 18:37:32,135 INFO c.h.h.t.HelmChartContainer - [test-hivemq-platform] [hivemq] [520ec02f]   HIVEMQ_HOME: /opt/hivemq
2025-01-29 18:37:32,135 INFO c.h.h.t.HelmChartContainer - [test-hivemq-platform] [hivemq] [520ec02f] 
2025-01-29 18:37:32,135 INFO c.h.h.t.HelmChartContainer - [test-hivemq-platform] [hivemq] [520ec02f]   JAVA_OPTS: -XX:+UnlockExperimentalVMOptions -XX:InitialRAMPercentage=50 -XX:MaxRAMPercentage=50 -Djava.net.preferIPv4Stack=true --add-opens java.base/java.lang=ALL-UNNAMED --add-opens java.base/java.nio=ALL-UNNAMED --add-opens java.base/sun.nio.ch=ALL-UNNAMED --add-opens jdk.management/com.sun.management.internal=ALL-UNNAMED --add-exports java.base/jdk.internal.misc=ALL-UNNAMED -Djava.security.egd=file:/dev/./urandom -Dcom.sun.management.jmxremote -Dcom.sun.management.jmxremote.port=9010 -Dcom.sun.management.jmxremote.local.only=false -Dcom.sun.management.jmxremote.authenticate=false -Dcom.sun.management.jmxremote.ssl=false -Duser.language=en -Duser.region=US -XX:+CrashOnOutOfMemoryError -XX:+HeapDumpOnOutOfMemoryError
2025-01-29 18:37:32,137 INFO c.h.h.t.HelmChartContainer - [test-hivemq-platform] [hivemq] [520ec02f] 
2025-01-29 18:37:32,137 INFO c.h.h.t.HelmChartContainer - [test-hivemq-platform] [hivemq] [520ec02f]   JAVA_VERSION: 21
2025-01-29 18:37:32,137 INFO c.h.h.t.HelmChartContainer - [test-hivemq-platform] [hivemq] [520ec02f] 
2025-01-29 18:37:32,137 INFO c.h.h.t.HelmChartContainer - [test-hivemq-platform] [hivemq] [520ec02f] -------------------------------------------------------------------------
2025-01-29 18:37:32,137 INFO c.h.h.t.HelmChartContainer - [test-hivemq-platform] [hivemq] [520ec02f] 
2025-01-29 18:37:32,957 INFO c.h.h.t.HelmChartContainer - [K3S] [range_allocator.go:247] "Successfully synced" key="63eb5a585d77"
2025-01-29 18:37:33,214 INFO c.h.h.t.HelmChartContainer - [test-hivemq-platform] [hivemq] [520ec02f] INFO  - [HiveMQ Platform Operator Init App 1.7.0-SNAPSHOT] Returning default Health API response 503 for readiness
2025-01-29 18:37:33,514 INFO c.h.h.t.HelmChartContainer - [EVENT] Warning [Unhealthy] Readiness probe failed: HTTP probe failed with statuscode: 503 [helmextensionpriorityit:test-hivemq-platform-0]
2025-01-29 18:37:33,514 INFO c.h.h.t.HelmChartContainer - Received Unhealthy event for container hivemq in pod test-hivemq-platform-0 [520ec02f-37c8-42bc-987c-8b456c28533d]
2025-01-29 18:37:34,808 INFO c.h.h.t.HelmChartContainer - [test-hivemq-platform] [hivemq] [520ec02f] INFO  - Starting HiveMQ Enterprise Server
2025-01-29 18:37:34,814 INFO c.h.h.t.HelmChartContainer - [test-hivemq-platform] [hivemq] [520ec02f] INFO  - HiveMQ version: 4.36.0
2025-01-29 18:37:34,815 INFO c.h.h.t.HelmChartContainer - [test-hivemq-platform] [hivemq] [520ec02f] INFO  - HiveMQ home directory: /opt/hivemq
2025-01-29 18:37:34,815 INFO c.h.h.t.HelmChartContainer - [test-hivemq-platform] [hivemq] [520ec02f] INFO  - Log Configuration was overridden by /opt/hivemq/conf/logback.xml
2025-01-29 18:37:36,410 INFO c.h.h.t.HelmChartContainer - [test-hivemq-platform] [hivemq] [520ec02f] INFO  - Successfully loaded configuration from '/opt/hivemq/conf-k8s/config.xml'.
2025-01-29 18:37:37,114 INFO c.h.h.t.HelmChartContainer - [test-hivemq-platform] [hivemq] [520ec02f] INFO  - This node's ID is CnmNI
2025-01-29 18:37:37,114 INFO c.h.h.t.HelmChartContainer - [test-hivemq-platform] [hivemq] [520ec02f] INFO  - Clustering is enabled
2025-01-29 18:37:37,271 INFO c.h.h.t.HelmChartContainer - [hivemq-test-hivemq-platform] [hivemq-platform-operator] [9a77d539] 18:37:37.270 [pool-6-thread-5] DEBUG c.h.p.o.d.PlatformServiceResource - [helmexte] Desired Platform services (2 services)
2025-01-29 18:37:37,272 INFO c.h.h.t.HelmChartContainer - [hivemq-test-hivemq-platform] [hivemq-platform-operator] [9a77d539] 18:37:37.271 [pool-6-thread-8] DEBUG c.h.p.o.dependants.PodInfoConfigMap - [helmexte] Desired PodInfo ConfigMap (3 extensions) (3 enabled)
2025-01-29 18:37:37,276 INFO c.h.h.t.HelmChartContainer - [hivemq-test-hivemq-platform] [hivemq-platform-operator] [9a77d539] 18:37:37.273 [pool-6-thread-6] DEBUG c.h.p.o.d.PodServiceAccountResource - [helmexte] Desired PodServiceAccountResource (serviceAccountName: hivemq-platform-pod-test-hivemq-platform)
2025-01-29 18:37:37,276 INFO c.h.h.t.HelmChartContainer - [hivemq-test-hivemq-platform] [hivemq-platform-operator] [9a77d539] 18:37:37.274 [pool-6-thread-8] DEBUG c.h.p.o.dependants.PodInfoConfigMap - [helmexte] Desired PodInfo ConfigMap (metrics port: 9399) (metrics path: /)
2025-01-29 18:37:37,276 INFO c.h.h.t.HelmChartContainer - [hivemq-test-hivemq-platform] [hivemq-platform-operator] [9a77d539] 18:37:37.274 [pool-6-thread-8] DEBUG c.h.p.o.dependants.PodInfoConfigMap - [helmexte] Desired PodInfo ConfigMap (extension state hash: 687648868)
2025-01-29 18:37:37,283 INFO c.h.h.t.HelmChartContainer - [hivemq-test-hivemq-platform] [hivemq-platform-operator] [9a77d539] 18:37:37.280 [pool-6-thread-10] DEBUG c.h.p.o.d.StatefulSetResource - [helmexte] Desired StatefulSet (1 replicas) for status STARTING (READY)
2025-01-29 18:37:37,286 INFO c.h.h.t.HelmChartContainer - [hivemq-test-hivemq-platform] [hivemq-platform-operator] [9a77d539] 18:37:37.284 [ReconcilerExecutor-hivemq-controller-109] INFO  c.h.p.o.HiveMQPlatformReconciler - [helmexte] Reconciling HiveMQ Platform 'test-hivemq-platform' in namespace 'helmextensionpriorityit'
2025-01-29 18:37:37,287 INFO c.h.h.t.HelmChartContainer - [hivemq-test-hivemq-platform] [hivemq-platform-operator] [9a77d539] 18:37:37.284 [ReconcilerExecutor-hivemq-controller-109] DEBUG c.h.p.o.HiveMQPlatformReconciler - [helmexte] Custom Resource Status STARTING - HiveMQ Platform is starting (READY)
2025-01-29 18:37:37,287 INFO c.h.h.t.HelmChartContainer - [hivemq-test-hivemq-platform] [hivemq-platform-operator] [9a77d539] 18:37:37.284 [ReconcilerExecutor-hivemq-controller-109] DEBUG c.h.p.o.HiveMQPlatformReconciler - [helmexte] Custom Resource Spec (replicas: 1) (extensions: 3)
2025-01-29 18:37:37,357 INFO c.h.h.t.HelmChartContainer - [hivemq-test-hivemq-platform] [hivemq-platform-operator] [9a77d539] 18:37:37.356 [ReconcilerExecutor-hivemq-controller-109] DEBUG c.h.p.o.HiveMQPlatformReconciler - [helmexte] StatefulSet Status (revision: test-hivemq-platform-6fd78546f5, replicas: 1, available: 0, ready: 0, current: 1, updated: 1)
2025-01-29 18:37:37,358 INFO c.h.h.t.HelmChartContainer - [hivemq-test-hivemq-platform] [hivemq-platform-operator] [9a77d539] 18:37:37.356 [ReconcilerExecutor-hivemq-controller-109] DEBUG c.h.p.o.HiveMQPlatformReconciler - [helmexte] StatefulSet Spec (replicas: 1, init containers: 1, containers: 1, volumes: 3)
2025-01-29 18:37:37,359 INFO c.h.h.t.HelmChartContainer - [hivemq-test-hivemq-platform] [hivemq-platform-operator] [9a77d539] 18:37:37.358 [ReconcilerExecutor-hivemq-controller-109] DEBUG c.h.p.o.h.HiveMQPlatformReconcilerErrorHandler - [helmexte] Pod 'test-hivemq-platform-0' phase Running
2025-01-29 18:37:37,361 INFO c.h.h.t.HelmChartContainer - [hivemq-test-hivemq-platform] [hivemq-platform-operator] [9a77d539] 18:37:37.359 [ReconcilerExecutor-hivemq-controller-109] INFO  c.h.p.o.h.HiveMQPlatformReconcilerBaseHandler - [helmexte] HiveMQ Platform is starting, 0 of 1 replicas are ready
2025-01-29 18:37:38,218 INFO c.h.h.t.HelmChartContainer - [test-hivemq-platform] [hivemq] [520ec02f] WARN  - [HiveMQ Platform Operator Init App 1.7.0-SNAPSHOT] Cannot connect to Health API for readiness: null
2025-01-29 18:37:38,223 INFO c.h.h.t.HelmChartContainer - [EVENT] Warning [Unhealthy] Readiness probe failed: HTTP probe failed with statuscode: 503 [helmextensionpriorityit:test-hivemq-platform-0]
2025-01-29 18:37:38,223 INFO c.h.h.t.HelmChartContainer - Received Unhealthy event for container hivemq in pod test-hivemq-platform-0 [520ec02f-37c8-42bc-987c-8b456c28533d]
2025-01-29 18:37:40,917 INFO c.h.h.t.HelmChartContainer - [test-hivemq-platform] [hivemq] [520ec02f] Jan 29, 2025 6:37:40 PM io.vertx.core.impl.BlockedThreadChecker
2025-01-29 18:37:40,917 INFO c.h.h.t.HelmChartContainer - [test-hivemq-platform] [hivemq] [520ec02f] WARNING: Thread Thread[vert.x-eventloop-thread-1,5,main] has been blocked for 2495 ms, time limit is 2000 ms
2025-01-29 18:37:41,511 INFO c.h.h.t.HelmChartContainer - [test-hivemq-platform] [hivemq] [520ec02f] INFO  - [HiveMQ Platform Operator Init App 1.7.0-SNAPSHOT] Updating Pod HiveMQ Platform Operator Init App version annotation (version: 1.7.0-SNAPSHOT)
2025-01-29 18:37:42,229 INFO c.h.h.t.HelmChartContainer - [POD] test-hivemq-platform-0 [520ec02f-37c8-42bc-987c-8b456c28533d] in helmextensionpriorityit was MODIFIED
2025-01-29 18:37:42,239 INFO c.h.h.t.HelmChartContainer - [hivemq-test-hivemq-platform] [hivemq-platform-operator] [9a77d539] 18:37:42.232 [pool-6-thread-14] DEBUG c.h.p.o.d.PlatformServiceResource - [helmexte] Desired Platform services (2 services)
2025-01-29 18:37:42,239 INFO c.h.h.t.HelmChartContainer - [hivemq-test-hivemq-platform] [hivemq-platform-operator] [9a77d539] 18:37:42.233 [pool-6-thread-15] DEBUG c.h.p.o.d.PodServiceAccountResource - [helmexte] Desired PodServiceAccountResource (serviceAccountName: hivemq-platform-pod-test-hivemq-platform)
2025-01-29 18:37:42,239 INFO c.h.h.t.HelmChartContainer - [hivemq-test-hivemq-platform] [hivemq-platform-operator] [9a77d539] 18:37:42.233 [pool-6-thread-16] DEBUG c.h.p.o.dependants.PodInfoConfigMap - [helmexte] Desired PodInfo ConfigMap (3 extensions) (3 enabled)
2025-01-29 18:37:42,240 INFO c.h.h.t.HelmChartContainer - [hivemq-test-hivemq-platform] [hivemq-platform-operator] [9a77d539] 18:37:42.236 [pool-6-thread-16] DEBUG c.h.p.o.dependants.PodInfoConfigMap - [helmexte] Desired PodInfo ConfigMap (metrics port: 9399) (metrics path: /)
2025-01-29 18:37:42,240 INFO c.h.h.t.HelmChartContainer - [hivemq-test-hivemq-platform] [hivemq-platform-operator] [9a77d539] 18:37:42.236 [pool-6-thread-16] DEBUG c.h.p.o.dependants.PodInfoConfigMap - [helmexte] Desired PodInfo ConfigMap (extension state hash: 687648868)
2025-01-29 18:37:42,240 INFO c.h.h.t.HelmChartContainer - [hivemq-test-hivemq-platform] [hivemq-platform-operator] [9a77d539] 18:37:42.238 [pool-6-thread-16] DEBUG c.h.p.o.d.StatefulSetResource - [helmexte] Desired StatefulSet (1 replicas) for status STARTING (READY)
2025-01-29 18:37:42,245 INFO c.h.h.t.HelmChartContainer - [hivemq-test-hivemq-platform] [hivemq-platform-operator] [9a77d539] 18:37:42.242 [ReconcilerExecutor-hivemq-controller-110] INFO  c.h.p.o.HiveMQPlatformReconciler - [helmexte] Reconciling HiveMQ Platform 'test-hivemq-platform' in namespace 'helmextensionpriorityit'
2025-01-29 18:37:42,246 INFO c.h.h.t.HelmChartContainer - [hivemq-test-hivemq-platform] [hivemq-platform-operator] [9a77d539] 18:37:42.242 [ReconcilerExecutor-hivemq-controller-110] DEBUG c.h.p.o.HiveMQPlatformReconciler - [helmexte] Custom Resource Status STARTING - HiveMQ Platform is starting (READY)
2025-01-29 18:37:42,247 INFO c.h.h.t.HelmChartContainer - [hivemq-test-hivemq-platform] [hivemq-platform-operator] [9a77d539] 18:37:42.242 [ReconcilerExecutor-hivemq-controller-110] DEBUG c.h.p.o.HiveMQPlatformReconciler - [helmexte] Custom Resource Spec (replicas: 1) (extensions: 3)
2025-01-29 18:37:42,248 INFO c.h.h.t.HelmChartContainer - [hivemq-test-hivemq-platform] [hivemq-platform-operator] [9a77d539] 18:37:42.244 [ReconcilerExecutor-hivemq-controller-110] DEBUG c.h.p.o.HiveMQPlatformReconciler - [helmexte] StatefulSet Status (revision: test-hivemq-platform-6fd78546f5, replicas: 1, available: 0, ready: 0, current: 1, updated: 1)
2025-01-29 18:37:42,248 INFO c.h.h.t.HelmChartContainer - [hivemq-test-hivemq-platform] [hivemq-platform-operator] [9a77d539] 18:37:42.244 [ReconcilerExecutor-hivemq-controller-110] DEBUG c.h.p.o.HiveMQPlatformReconciler - [helmexte] StatefulSet Spec (replicas: 1, init containers: 1, containers: 1, volumes: 3)
2025-01-29 18:37:42,249 INFO c.h.h.t.HelmChartContainer - [hivemq-test-hivemq-platform] [hivemq-platform-operator] [9a77d539] 18:37:42.246 [ReconcilerExecutor-hivemq-controller-110] DEBUG c.h.p.o.h.HiveMQPlatformReconcilerErrorHandler - [helmexte] Pod 'test-hivemq-platform-0' phase Running
2025-01-29 18:37:42,249 INFO c.h.h.t.HelmChartContainer - [hivemq-test-hivemq-platform] [hivemq-platform-operator] [9a77d539] 18:37:42.247 [ReconcilerExecutor-hivemq-controller-110] INFO  c.h.p.o.h.HiveMQPlatformReconcilerBaseHandler - [helmexte] HiveMQ Platform is starting, 0 of 1 replicas are ready
2025-01-29 18:37:42,313 INFO c.h.h.t.HelmChartContainer - [test-hivemq-platform] [hivemq] [520ec02f] WARN  - [HiveMQ Platform Operator Init App 1.7.0-SNAPSHOT] Cannot connect to Health API for readiness: null
2025-01-29 18:37:42,318 INFO c.h.h.t.HelmChartContainer - [test-hivemq-platform] [hivemq] [520ec02f] INFO  - [HiveMQ Platform Operator Init App 1.7.0-SNAPSHOT] Successfully updated Pod HiveMQ Platform Operator Init App version annotation (version: 1.7.0-SNAPSHOT)
2025-01-29 18:37:42,320 INFO c.h.h.t.HelmChartContainer - [EVENT] Warning [Unhealthy] Readiness probe failed: HTTP probe failed with statuscode: 503 [helmextensionpriorityit:test-hivemq-platform-0]
2025-01-29 18:37:42,320 INFO c.h.h.t.HelmChartContainer - Received Unhealthy event for container hivemq in pod test-hivemq-platform-0 [520ec02f-37c8-42bc-987c-8b456c28533d]
2025-01-29 18:37:47,314 INFO c.h.h.t.HelmChartContainer - [test-hivemq-platform] [hivemq] [520ec02f] WARN  - [HiveMQ Platform Operator Init App 1.7.0-SNAPSHOT] Cannot connect to Health API for readiness: null
2025-01-29 18:37:47,316 INFO c.h.h.t.HelmChartContainer - [EVENT] Warning [Unhealthy] Readiness probe failed: HTTP probe failed with statuscode: 503 [helmextensionpriorityit:test-hivemq-platform-0]
2025-01-29 18:37:47,316 INFO c.h.h.t.HelmChartContainer - Received Unhealthy event for container hivemq in pod test-hivemq-platform-0 [520ec02f-37c8-42bc-987c-8b456c28533d]
2025-01-29 18:37:52,255 INFO c.h.h.t.HelmChartContainer - [hivemq-test-hivemq-platform] [hivemq-platform-operator] [9a77d539] 18:37:52.252 [pool-6-thread-26] DEBUG c.h.p.o.d.PlatformServiceResource - [helmexte] Desired Platform services (2 services)
2025-01-29 18:37:52,257 INFO c.h.h.t.HelmChartContainer - [hivemq-test-hivemq-platform] [hivemq-platform-operator] [9a77d539] 18:37:52.253 [pool-6-thread-27] DEBUG c.h.p.o.dependants.PodInfoConfigMap - [helmexte] Desired PodInfo ConfigMap (3 extensions) (3 enabled)
2025-01-29 18:37:52,257 INFO c.h.h.t.HelmChartContainer - [hivemq-test-hivemq-platform] [hivemq-platform-operator] [9a77d539] 18:37:52.253 [pool-6-thread-27] DEBUG c.h.p.o.dependants.PodInfoConfigMap - [helmexte] Desired PodInfo ConfigMap (metrics port: 9399) (metrics path: /)
2025-01-29 18:37:52,257 INFO c.h.h.t.HelmChartContainer - [hivemq-test-hivemq-platform] [hivemq-platform-operator] [9a77d539] 18:37:52.253 [pool-6-thread-27] DEBUG c.h.p.o.dependants.PodInfoConfigMap - [helmexte] Desired PodInfo ConfigMap (extension state hash: 687648868)
2025-01-29 18:37:52,257 INFO c.h.h.t.HelmChartContainer - [hivemq-test-hivemq-platform] [hivemq-platform-operator] [9a77d539] 18:37:52.253 [pool-6-thread-27] DEBUG c.h.p.o.d.PodServiceAccountResource - [helmexte] Desired PodServiceAccountResource (serviceAccountName: hivemq-platform-pod-test-hivemq-platform)
2025-01-29 18:37:52,260 INFO c.h.h.t.HelmChartContainer - [hivemq-test-hivemq-platform] [hivemq-platform-operator] [9a77d539] 18:37:52.259 [pool-6-thread-21] DEBUG c.h.p.o.d.StatefulSetResource - [helmexte] Desired StatefulSet (1 replicas) for status STARTING (READY)
2025-01-29 18:37:52,264 INFO c.h.h.t.HelmChartContainer - [hivemq-test-hivemq-platform] [hivemq-platform-operator] [9a77d539] 18:37:52.262 [ReconcilerExecutor-hivemq-controller-111] INFO  c.h.p.o.HiveMQPlatformReconciler - [helmexte] Reconciling HiveMQ Platform 'test-hivemq-platform' in namespace 'helmextensionpriorityit'
2025-01-29 18:37:52,264 INFO c.h.h.t.HelmChartContainer - [hivemq-test-hivemq-platform] [hivemq-platform-operator] [9a77d539] 18:37:52.262 [ReconcilerExecutor-hivemq-controller-111] DEBUG c.h.p.o.HiveMQPlatformReconciler - [helmexte] Custom Resource Status STARTING - HiveMQ Platform is starting (READY)
2025-01-29 18:37:52,264 INFO c.h.h.t.HelmChartContainer - [hivemq-test-hivemq-platform] [hivemq-platform-operator] [9a77d539] 18:37:52.263 [ReconcilerExecutor-hivemq-controller-111] DEBUG c.h.p.o.HiveMQPlatformReconciler - [helmexte] Custom Resource Spec (replicas: 1) (extensions: 3)
2025-01-29 18:37:52,265 INFO c.h.h.t.HelmChartContainer - [hivemq-test-hivemq-platform] [hivemq-platform-operator] [9a77d539] 18:37:52.264 [ReconcilerExecutor-hivemq-controller-111] DEBUG c.h.p.o.HiveMQPlatformReconciler - [helmexte] StatefulSet Status (revision: test-hivemq-platform-6fd78546f5, replicas: 1, available: 0, ready: 0, current: 1, updated: 1)
2025-01-29 18:37:52,265 INFO c.h.h.t.HelmChartContainer - [hivemq-test-hivemq-platform] [hivemq-platform-operator] [9a77d539] 18:37:52.264 [ReconcilerExecutor-hivemq-controller-111] DEBUG c.h.p.o.HiveMQPlatformReconciler - [helmexte] StatefulSet Spec (replicas: 1, init containers: 1, containers: 1, volumes: 3)
2025-01-29 18:37:52,267 INFO c.h.h.t.HelmChartContainer - [hivemq-test-hivemq-platform] [hivemq-platform-operator] [9a77d539] 18:37:52.266 [ReconcilerExecutor-hivemq-controller-111] DEBUG c.h.p.o.h.HiveMQPlatformReconcilerErrorHandler - [helmexte] Pod 'test-hivemq-platform-0' phase Running
2025-01-29 18:37:52,268 INFO c.h.h.t.HelmChartContainer - [hivemq-test-hivemq-platform] [hivemq-platform-operator] [9a77d539] 18:37:52.266 [ReconcilerExecutor-hivemq-controller-111] INFO  c.h.p.o.h.HiveMQPlatformReconcilerBaseHandler - [helmexte] HiveMQ Platform is starting, 0 of 1 replicas are ready
2025-01-29 18:37:52,312 INFO c.h.h.t.HelmChartContainer - [test-hivemq-platform] [hivemq] [520ec02f] WARN  - [HiveMQ Platform Operator Init App 1.7.0-SNAPSHOT] Cannot connect to Health API for readiness: null
2025-01-29 18:37:52,316 INFO c.h.h.t.HelmChartContainer - [EVENT] Warning [Unhealthy] Readiness probe failed: HTTP probe failed with statuscode: 503 [helmextensionpriorityit:test-hivemq-platform-0]
2025-01-29 18:37:52,316 INFO c.h.h.t.HelmChartContainer - Received Unhealthy event for container hivemq in pod test-hivemq-platform-0 [520ec02f-37c8-42bc-987c-8b456c28533d]
2025-01-29 18:37:52,608 INFO c.h.h.t.HelmChartContainer - [test-hivemq-platform] [hivemq] [520ec02f] INFO  - No valid license file found. Using trial license, restricted to 25 connections.
2025-01-29 18:37:55,613 INFO c.h.h.t.HelmChartContainer - [test-hivemq-platform] [hivemq] [520ec02f] WARN  - [HiveMQ Platform Operator Init App 1.7.0-SNAPSHOT] Cannot connect to Health API for liveness: null
2025-01-29 18:37:55,614 INFO c.h.h.t.HelmChartContainer - [test-hivemq-platform] [hivemq] [520ec02f] INFO  - [HiveMQ Platform Operator Init App 1.7.0-SNAPSHOT] Returning default Health API response 200 for liveness
2025-01-29 18:37:56,113 INFO c.h.h.t.HelmChartContainer - [test-hivemq-platform] [hivemq] [520ec02f] INFO  - No valid license file for Data Hub found. Using free license, restricted to 1 policy.
2025-01-29 18:37:57,313 INFO c.h.h.t.HelmChartContainer - [EVENT] Warning [Unhealthy] Readiness probe failed: HTTP probe failed with statuscode: 503 [helmextensionpriorityit:test-hivemq-platform-0]
2025-01-29 18:37:57,313 INFO c.h.h.t.HelmChartContainer - Received Unhealthy event for container hivemq in pod test-hivemq-platform-0 [520ec02f-37c8-42bc-987c-8b456c28533d]
2025-01-29 18:37:57,313 INFO c.h.h.t.HelmChartContainer - [test-hivemq-platform] [hivemq] [520ec02f] WARN  - [HiveMQ Platform Operator Init App 1.7.0-SNAPSHOT] Cannot connect to Health API for readiness: null
2025-01-29 18:37:57,425 INFO c.h.h.t.HelmChartContainer - [test-hivemq-platform] [hivemq] [520ec02f] INFO  - Audit Logger started.
2025-01-29 18:37:57,728 INFO c.h.h.t.HelmChartContainer - [test-hivemq-platform] [hivemq] [520ec02f] INFO  - This node uses '1' CPU cores.
2025-01-29 18:37:57,732 INFO c.h.h.t.HelmChartContainer - [test-hivemq-platform] [hivemq] [520ec02f] INFO  - Starting HiveMQ Health API on address 0.0.0.0 and port 8889
2025-01-29 18:37:58,607 INFO c.h.h.t.HelmChartContainer - [test-hivemq-platform] [hivemq] [520ec02f] INFO  - Started HiveMQ Health API in 875ms
2025-01-29 18:37:59,114 INFO c.h.h.t.HelmChartContainer - [test-hivemq-platform] [hivemq] [520ec02f] INFO  - Starting HiveMQ extension system.
2025-01-29 18:37:59,414 INFO c.h.h.t.HelmChartContainer - [test-hivemq-platform] [hivemq] [520ec02f] INFO  - Starting extension with id "hivemq-dns-cluster-discovery" at /opt/hivemq/extensions/hivemq-dns-cluster-discovery
2025-01-29 18:37:59,819 INFO c.h.h.t.HelmChartContainer - [test-hivemq-platform] [hivemq] [520ec02f] INFO  - Using TCP cluster transport on address 10.42.0.7 and port 7000
2025-01-29 18:37:59,910 INFO c.h.h.t.HelmChartContainer - [test-hivemq-platform] [hivemq] [520ec02f] INFO  - Extension "DNS Cluster Discovery Extension" version 4.3.2 started successfully.
2025-01-29 18:37:59,911 INFO c.h.h.t.HelmChartContainer - [test-hivemq-platform] [hivemq] [520ec02f] INFO  - Starting extension with id "hivemq-appending-baz-extension" at /opt/hivemq/extensions/hivemq-appending-baz-extension
2025-01-29 18:37:59,911 INFO c.h.h.t.HelmChartContainer - [test-hivemq-platform] [hivemq] [520ec02f] INFO  - HiveMQ Baz-Appending PublishInboundInterceptor Extension started
2025-01-29 18:37:59,911 INFO c.h.h.t.HelmChartContainer - [test-hivemq-platform] [hivemq] [520ec02f] INFO  - Extension "HiveMQ Appending Baz Extension" version 1.0.0 started successfully.
2025-01-29 18:37:59,911 INFO c.h.h.testcontainer.LogWaiterUtil - TEST Found log pattern on 'test-hivemq-platform-0': .*Extension "HiveMQ Appending Baz Extension" version 1.0.0 started successfully.
2025-01-29 18:37:59,912 INFO c.h.h.t.HelmChartContainer - [test-hivemq-platform] [hivemq] [520ec02f] INFO  - Starting extension with id "hivemq-appending-bar-extension" at /opt/hivemq/extensions/hivemq-appending-bar-extension
2025-01-29 18:37:59,912 INFO c.h.h.t.HelmChartContainer - [test-hivemq-platform] [hivemq] [520ec02f] INFO  - HiveMQ Bar-Appending PublishInboundInterceptor Extension started
2025-01-29 18:37:59,912 INFO c.h.h.t.HelmChartContainer - [test-hivemq-platform] [hivemq] [520ec02f] INFO  - Extension "HiveMQ Appending Bar Extension" version 1.0.0 started successfully.
2025-01-29 18:37:59,912 INFO c.h.h.testcontainer.LogWaiterUtil - TEST Found log pattern on 'test-hivemq-platform-0': .*Extension "HiveMQ Appending Bar Extension" version 1.0.0 started successfully.
2025-01-29 18:37:59,912 INFO c.h.h.t.HelmChartContainer - [test-hivemq-platform] [hivemq] [520ec02f] INFO  - Starting extension with id "hivemq-appending-foo-extension" at /opt/hivemq/extensions/hivemq-appending-foo-extension
2025-01-29 18:37:59,912 INFO c.h.h.t.HelmChartContainer - [test-hivemq-platform] [hivemq] [520ec02f] INFO  - HiveMQ Foo-Appending PublishInboundInterceptor Extension started
2025-01-29 18:37:59,912 INFO c.h.h.t.HelmChartContainer - [test-hivemq-platform] [hivemq] [520ec02f] INFO  - Extension "HiveMQ Appending Foo Extension" version 1.0.0 started successfully.
2025-01-29 18:37:59,912 INFO c.h.h.testcontainer.LogWaiterUtil - TEST Found log pattern on 'test-hivemq-platform-0': .*Extension "HiveMQ Appending Foo Extension" version 1.0.0 started successfully.
2025-01-29 18:37:59,913 INFO c.h.h.t.HelmChartContainer - [test-hivemq-platform] [hivemq] [520ec02f] INFO  - Starting extension with id "hivemq-prometheus-extension" at /opt/hivemq/extensions/hivemq-prometheus-extension
2025-01-29 18:37:59,914 INFO c.h.h.t.HelmChartContainer - [test-hivemq-platform] [hivemq] [520ec02f] INFO  - Using extension cluster discovery
2025-01-29 18:38:00,917 INFO c.h.h.t.HelmChartContainer - [test-hivemq-platform] [hivemq] [520ec02f] INFO  - Started Jetty Server exposing Prometheus Servlet on URI http://0.0.0.0:9399/
2025-01-29 18:38:00,917 INFO c.h.h.t.HelmChartContainer - [test-hivemq-platform] [hivemq] [520ec02f] INFO  - Extension "Prometheus Monitoring Extension" version 4.0.12 started successfully.
2025-01-29 18:38:00,917 INFO c.h.h.t.HelmChartContainer - [test-hivemq-platform] [hivemq] [520ec02f] INFO  - Starting extension with id "hivemq-allow-all-extension" at /opt/hivemq/extensions/hivemq-allow-all-extension
2025-01-29 18:38:00,917 INFO c.h.h.t.HelmChartContainer - [test-hivemq-platform] [hivemq] [520ec02f] WARN  - 
2025-01-29 18:38:00,917 INFO c.h.h.t.HelmChartContainer - [test-hivemq-platform] [hivemq] [520ec02f] ################################################################################################################
2025-01-29 18:38:00,917 INFO c.h.h.t.HelmChartContainer - [test-hivemq-platform] [hivemq] [520ec02f] # This HiveMQ deployment is not secure! You are lacking Authentication and Authorization.                      #
2025-01-29 18:38:00,917 INFO c.h.h.t.HelmChartContainer - [test-hivemq-platform] [hivemq] [520ec02f] # Right now any MQTT client can connect to the broker with a full set of permissions.                          #
2025-01-29 18:38:00,917 INFO c.h.h.t.HelmChartContainer - [test-hivemq-platform] [hivemq] [520ec02f] # For production usage, add an appropriate security extension and remove the hivemq-allow-all extension.       #
2025-01-29 18:38:00,917 INFO c.h.h.t.HelmChartContainer - [test-hivemq-platform] [hivemq] [520ec02f] # You can download security extensions from the HiveMQ Marketplace (https://www.hivemq.com/extensions/).       #
2025-01-29 18:38:00,917 INFO c.h.h.t.HelmChartContainer - [test-hivemq-platform] [hivemq] [520ec02f] ################################################################################################################
2025-01-29 18:38:00,917 INFO c.h.h.t.HelmChartContainer - [test-hivemq-platform] [hivemq] [520ec02f] INFO  - Extension "Allow All Extension" version 1.1.1 started successfully.
2025-01-29 18:38:02,296 INFO c.h.h.t.HelmChartContainer - [hivemq-test-hivemq-platform] [hivemq-platform-operator] [9a77d539] 18:38:02.292 [pool-6-thread-34] DEBUG c.h.p.o.d.PlatformServiceResource - [helmexte] Desired Platform services (2 services)
2025-01-29 18:38:02,296 INFO c.h.h.t.HelmChartContainer - [hivemq-test-hivemq-platform] [hivemq-platform-operator] [9a77d539] 18:38:02.293 [pool-6-thread-36] DEBUG c.h.p.o.dependants.PodInfoConfigMap - [helmexte] Desired PodInfo ConfigMap (3 extensions) (3 enabled)
2025-01-29 18:38:02,296 INFO c.h.h.t.HelmChartContainer - [hivemq-test-hivemq-platform] [hivemq-platform-operator] [9a77d539] 18:38:02.293 [pool-6-thread-36] DEBUG c.h.p.o.dependants.PodInfoConfigMap - [helmexte] Desired PodInfo ConfigMap (metrics port: 9399) (metrics path: /)
2025-01-29 18:38:02,296 INFO c.h.h.t.HelmChartContainer - [hivemq-test-hivemq-platform] [hivemq-platform-operator] [9a77d539] 18:38:02.293 [pool-6-thread-36] DEBUG c.h.p.o.dependants.PodInfoConfigMap - [helmexte] Desired PodInfo ConfigMap (extension state hash: 687648868)
2025-01-29 18:38:02,296 INFO c.h.h.t.HelmChartContainer - [hivemq-test-hivemq-platform] [hivemq-platform-operator] [9a77d539] 18:38:02.294 [pool-6-thread-36] DEBUG c.h.p.o.d.PodServiceAccountResource - [helmexte] Desired PodServiceAccountResource (serviceAccountName: hivemq-platform-pod-test-hivemq-platform)
2025-01-29 18:38:02,299 INFO c.h.h.t.HelmChartContainer - [hivemq-test-hivemq-platform] [hivemq-platform-operator] [9a77d539] 18:38:02.297 [pool-6-thread-38] DEBUG c.h.p.o.d.StatefulSetResource - [helmexte] Desired StatefulSet (1 replicas) for status STARTING (READY)
2025-01-29 18:38:02,306 INFO c.h.h.t.HelmChartContainer - [hivemq-test-hivemq-platform] [hivemq-platform-operator] [9a77d539] 18:38:02.304 [ReconcilerExecutor-hivemq-controller-112] INFO  c.h.p.o.HiveMQPlatformReconciler - [helmexte] Reconciling HiveMQ Platform 'test-hivemq-platform' in namespace 'helmextensionpriorityit'
2025-01-29 18:38:02,306 INFO c.h.h.t.HelmChartContainer - [hivemq-test-hivemq-platform] [hivemq-platform-operator] [9a77d539] 18:38:02.304 [ReconcilerExecutor-hivemq-controller-112] DEBUG c.h.p.o.HiveMQPlatformReconciler - [helmexte] Custom Resource Status STARTING - HiveMQ Platform is starting (READY)
2025-01-29 18:38:02,306 INFO c.h.h.t.HelmChartContainer - [hivemq-test-hivemq-platform] [hivemq-platform-operator] [9a77d539] 18:38:02.305 [ReconcilerExecutor-hivemq-controller-112] DEBUG c.h.p.o.HiveMQPlatformReconciler - [helmexte] Custom Resource Spec (replicas: 1) (extensions: 3)
2025-01-29 18:38:02,308 INFO c.h.h.t.HelmChartContainer - [hivemq-test-hivemq-platform] [hivemq-platform-operator] [9a77d539] 18:38:02.306 [ReconcilerExecutor-hivemq-controller-112] DEBUG c.h.p.o.HiveMQPlatformReconciler - [helmexte] StatefulSet Status (revision: test-hivemq-platform-6fd78546f5, replicas: 1, available: 0, ready: 0, current: 1, updated: 1)
2025-01-29 18:38:02,308 INFO c.h.h.t.HelmChartContainer - [hivemq-test-hivemq-platform] [hivemq-platform-operator] [9a77d539] 18:38:02.306 [ReconcilerExecutor-hivemq-controller-112] DEBUG c.h.p.o.HiveMQPlatformReconciler - [helmexte] StatefulSet Spec (replicas: 1, init containers: 1, containers: 1, volumes: 3)
2025-01-29 18:38:02,310 INFO c.h.h.t.HelmChartContainer - [hivemq-test-hivemq-platform] [hivemq-platform-operator] [9a77d539] 18:38:02.308 [ReconcilerExecutor-hivemq-controller-112] DEBUG c.h.p.o.h.HiveMQPlatformReconcilerErrorHandler - [helmexte] Pod 'test-hivemq-platform-0' phase Running
2025-01-29 18:38:02,311 INFO c.h.h.t.HelmChartContainer - [hivemq-test-hivemq-platform] [hivemq-platform-operator] [9a77d539] 18:38:02.308 [ReconcilerExecutor-hivemq-controller-112] INFO  c.h.p.o.h.HiveMQPlatformReconcilerBaseHandler - [helmexte] HiveMQ Platform is starting, 0 of 1 replicas are ready
2025-01-29 18:38:02,618 INFO c.h.h.t.HelmChartContainer - [test-hivemq-platform] [hivemq] [520ec02f] INFO  - [HiveMQ Platform Operator Init App 1.7.0-SNAPSHOT] Returning Health API response 503 for readiness
2025-01-29 18:38:02,711 INFO c.h.h.t.HelmChartContainer - [EVENT] Warning [Unhealthy] Readiness probe failed: HTTP probe failed with statuscode: 503 [helmextensionpriorityit:test-hivemq-platform-0]
2025-01-29 18:38:02,711 INFO c.h.h.t.HelmChartContainer - Received Unhealthy event for container hivemq in pod test-hivemq-platform-0 [520ec02f-37c8-42bc-987c-8b456c28533d]
2025-01-29 18:38:02,713 INFO c.h.h.t.HelmChartContainer - [test-hivemq-platform] [hivemq] [520ec02f] INFO  - CnmNI: no members discovered after 2302 ms: creating cluster as first member
2025-01-29 18:38:02,719 INFO c.h.h.t.HelmChartContainer - [test-hivemq-platform] [hivemq] [520ec02f] INFO  - Cluster nodes found by discovery: [CnmNI|0] (1) [CnmNI].
2025-01-29 18:38:02,813 INFO c.h.h.t.HelmChartContainer - [test-hivemq-platform] [hivemq] [520ec02f] WARN  - No user for HiveMQ Control Center configured. Starting with default user
2025-01-29 18:38:02,813 INFO c.h.h.t.HelmChartContainer - [test-hivemq-platform] [hivemq] [520ec02f] INFO  - Starting HiveMQ Control Center on address 127.0.0.1 and port 8080
2025-01-29 18:38:02,816 INFO c.h.h.t.HelmChartContainer - [test-hivemq-platform] [hivemq] [520ec02f] INFO  - Mounting HiveMQ Control Center V2 Preview
2025-01-29 18:38:03,510 INFO c.h.h.t.HelmChartContainer - [test-hivemq-platform] [hivemq] [520ec02f] INFO  - Started HiveMQ Control Center in 697ms
2025-01-29 18:38:03,524 INFO c.h.h.t.HelmChartContainer - [test-hivemq-platform] [hivemq] [520ec02f] INFO  - Starting TCP listener on address 0.0.0.0 and port 1884
2025-01-29 18:38:03,612 INFO c.h.h.t.HelmChartContainer - [test-hivemq-platform] [hivemq] [520ec02f] INFO  - Started TCP Listener on address 0.0.0.0 and on port 1884.
2025-01-29 18:38:03,613 INFO c.h.h.t.HelmChartContainer - [test-hivemq-platform] [hivemq] [520ec02f] INFO  - Started HiveMQ in 29195ms
2025-01-29 18:38:07,233 INFO c.h.h.t.HelmChartContainer - [test-hivemq-platform] [hivemq] [520ec02f] INFO  - [HiveMQ Platform Operator Init App 1.7.0-SNAPSHOT] Returning Health API response 200 for readiness
2025-01-29 18:38:07,248 INFO c.h.h.t.HelmChartContainer - [POD] test-hivemq-platform-0 [520ec02f-37c8-42bc-987c-8b456c28533d] in helmextensionpriorityit was MODIFIED
2025-01-29 18:38:07,262 INFO c.h.h.t.HelmChartContainer - [hivemq-test-hivemq-platform] [hivemq-platform-operator] [9a77d539] 18:38:07.254 [pool-6-thread-46] DEBUG c.h.p.o.d.PlatformServiceResource - [helmexte] Desired Platform services (2 services)
2025-01-29 18:38:07,263 INFO c.h.h.t.HelmChartContainer - [hivemq-test-hivemq-platform] [hivemq-platform-operator] [9a77d539] 18:38:07.258 [pool-6-thread-49] DEBUG c.h.p.o.d.PodServiceAccountResource - [helmexte] Desired PodServiceAccountResource (serviceAccountName: hivemq-platform-pod-test-hivemq-platform)
2025-01-29 18:38:07,266 INFO c.h.h.t.HelmChartContainer - [hivemq-test-hivemq-platform] [hivemq-platform-operator] [9a77d539] 18:38:07.260 [pool-6-thread-47] DEBUG c.h.p.o.dependants.PodInfoConfigMap - [helmexte] Desired PodInfo ConfigMap (3 extensions) (3 enabled)
2025-01-29 18:38:07,266 INFO c.h.h.t.HelmChartContainer - [hivemq-test-hivemq-platform] [hivemq-platform-operator] [9a77d539] 18:38:07.260 [pool-6-thread-47] DEBUG c.h.p.o.dependants.PodInfoConfigMap - [helmexte] Desired PodInfo ConfigMap (metrics port: 9399) (metrics path: /)
2025-01-29 18:38:07,266 INFO c.h.h.t.HelmChartContainer - [hivemq-test-hivemq-platform] [hivemq-platform-operator] [9a77d539] 18:38:07.260 [pool-6-thread-47] DEBUG c.h.p.o.dependants.PodInfoConfigMap - [helmexte] Desired PodInfo ConfigMap (extension state hash: 687648868)
2025-01-29 18:38:07,267 INFO c.h.h.t.HelmChartContainer - [hivemq-test-hivemq-platform] [hivemq-platform-operator] [9a77d539] 18:38:07.264 [pool-6-thread-42] DEBUG c.h.p.o.d.StatefulSetResource - [helmexte] Desired StatefulSet (1 replicas) for status STARTING (READY)
2025-01-29 18:38:07,358 INFO c.h.h.t.HelmChartContainer - [hivemq-test-hivemq-platform] [hivemq-platform-operator] [9a77d539] 18:38:07.355 [ReconcilerExecutor-hivemq-controller-113] INFO  c.h.p.o.HiveMQPlatformReconciler - [helmexte] Reconciling HiveMQ Platform 'test-hivemq-platform' in namespace 'helmextensionpriorityit'
2025-01-29 18:38:07,358 INFO c.h.h.t.HelmChartContainer - [hivemq-test-hivemq-platform] [hivemq-platform-operator] [9a77d539] 18:38:07.355 [ReconcilerExecutor-hivemq-controller-113] DEBUG c.h.p.o.HiveMQPlatformReconciler - [helmexte] Custom Resource Status STARTING - HiveMQ Platform is starting (READY)
2025-01-29 18:38:07,358 INFO c.h.h.t.HelmChartContainer - [hivemq-test-hivemq-platform] [hivemq-platform-operator] [9a77d539] 18:38:07.355 [ReconcilerExecutor-hivemq-controller-113] DEBUG c.h.p.o.HiveMQPlatformReconciler - [helmexte] Custom Resource Spec (replicas: 1) (extensions: 3)
2025-01-29 18:38:07,359 INFO c.h.h.t.HelmChartContainer - [hivemq-test-hivemq-platform] [hivemq-platform-operator] [9a77d539] 18:38:07.358 [ReconcilerExecutor-hivemq-controller-113] DEBUG c.h.p.o.HiveMQPlatformReconciler - [helmexte] StatefulSet Status (revision: test-hivemq-platform-6fd78546f5, replicas: 1, available: 1, ready: 1, current: 1, updated: 1)
2025-01-29 18:38:07,360 INFO c.h.h.t.HelmChartContainer - [hivemq-test-hivemq-platform] [hivemq-platform-operator] [9a77d539] 18:38:07.358 [ReconcilerExecutor-hivemq-controller-113] DEBUG c.h.p.o.HiveMQPlatformReconciler - [helmexte] StatefulSet Spec (replicas: 1, init containers: 1, containers: 1, volumes: 3)
2025-01-29 18:38:07,361 INFO c.h.h.t.HelmChartContainer - [hivemq-test-hivemq-platform] [hivemq-platform-operator] [9a77d539] 18:38:07.360 [ReconcilerExecutor-hivemq-controller-113] DEBUG c.h.p.o.h.HiveMQPlatformReconcilerErrorHandler - [helmexte] Pod 'test-hivemq-platform-0' phase Running
2025-01-29 18:38:07,362 INFO c.h.h.t.HelmChartContainer - [hivemq-test-hivemq-platform] [hivemq-platform-operator] [9a77d539] 18:38:07.361 [ReconcilerExecutor-hivemq-controller-113] INFO  c.h.p.o.h.HiveMQPlatformReconcilerBaseHandler - [helmexte] HiveMQ Platform started successfully
2025-01-29 18:38:07,460 INFO c.h.h.t.HelmChartContainer - [hivemq-test-hivemq-platform] [hivemq-platform-operator] [9a77d539] 18:38:07.458 [ReconcilerExecutor-hivemq-controller-113] DEBUG c.h.p.operator.event.EventSender - [helmexte] Creating K8s event hivemq-platform-ready: [Ready] HiveMQ Platform is ready
2025-01-29 18:38:07,467 INFO c.h.h.t.HelmChartContainer - [EVENT] Normal [Ready] HiveMQ Platform is ready [helmextensionpriorityit:test-hivemq-platform]
2025-01-29 18:38:07,469 INFO c.h.h.t.HelmChartContainer - [hivemq-test-hivemq-platform] [hivemq-platform-operator] [9a77d539] 18:38:07.468 [ReconcilerExecutor-hivemq-controller-113] INFO  c.h.p.o.h.AbstractHiveMQReconcilerStateHandler - [helmexte] Update HiveMQ Platform Status (STARTING [READY] -> RUNNING [READY]): HiveMQ Platform is ready
2025-01-29 18:38:07,479 DEBUG com.hivemq.helmcharts.util.K8sUtil - Comparing actual state 'RUNNING' and waiting for 'RUNNING'
2025-01-29 18:38:07,496 INFO c.h.h.t.HelmChartContainer - [hivemq-test-hivemq-platform] [hivemq-platform-operator] [9a77d539] 18:38:07.495 [pool-6-thread-4] DEBUG c.h.p.o.d.PlatformServiceResource - [helmexte] Desired Platform services (2 services)
2025-01-29 18:38:07,496 INFO c.h.h.t.HelmChartContainer - [hivemq-test-hivemq-platform] [hivemq-platform-operator] [9a77d539] 18:38:07.495 [pool-6-thread-3] DEBUG c.h.p.o.dependants.PodInfoConfigMap - [helmexte] Desired PodInfo ConfigMap (3 extensions) (3 enabled)
2025-01-29 18:38:07,496 INFO c.h.h.t.HelmChartContainer - [hivemq-test-hivemq-platform] [hivemq-platform-operator] [9a77d539] 18:38:07.495 [pool-6-thread-3] DEBUG c.h.p.o.dependants.PodInfoConfigMap - [helmexte] Desired PodInfo ConfigMap (metrics port: 9399) (metrics path: /)
2025-01-29 18:38:07,496 INFO c.h.h.t.HelmChartContainer - [hivemq-test-hivemq-platform] [hivemq-platform-operator] [9a77d539] 18:38:07.495 [pool-6-thread-3] DEBUG c.h.p.o.dependants.PodInfoConfigMap - [helmexte] Desired PodInfo ConfigMap (extension state hash: 687648868)
2025-01-29 18:38:07,558 INFO c.h.h.t.HelmChartContainer - [hivemq-test-hivemq-platform] [hivemq-platform-operator] [9a77d539] 18:38:07.555 [pool-6-thread-3] DEBUG c.h.p.o.dependants.PodInfoConfigMap - [helmexte] Update PodInfo ConfigMap
2025-01-29 18:38:07,558 INFO c.h.h.t.HelmChartContainer - [hivemq-test-hivemq-platform] [hivemq-platform-operator] [9a77d539] 18:38:07.556 [pool-6-thread-1] DEBUG c.h.p.o.d.PodServiceAccountResource - [helmexte] Desired PodServiceAccountResource (serviceAccountName: hivemq-platform-pod-test-hivemq-platform)
2025-01-29 18:38:07,590 INFO c.h.h.t.HelmChartContainer - [hivemq-test-hivemq-platform] [hivemq-platform-operator] [9a77d539] 18:38:07.589 [pool-6-thread-3] DEBUG c.h.p.o.d.StatefulSetResource - [helmexte] Desired StatefulSet (1 replicas) for status RUNNING (READY)
2025-01-29 18:38:07,594 INFO c.h.h.t.HelmChartContainer - [hivemq-test-hivemq-platform] [hivemq-platform-operator] [9a77d539] 18:38:07.593 [ReconcilerExecutor-hivemq-controller-114] INFO  c.h.p.o.HiveMQPlatformReconciler - [helmexte] Reconciling HiveMQ Platform 'test-hivemq-platform' in namespace 'helmextensionpriorityit'
2025-01-29 18:38:07,595 INFO c.h.h.t.HelmChartContainer - [hivemq-test-hivemq-platform] [hivemq-platform-operator] [9a77d539] 18:38:07.593 [ReconcilerExecutor-hivemq-controller-114] DEBUG c.h.p.o.HiveMQPlatformReconciler - [helmexte] Custom Resource Status RUNNING - HiveMQ Platform is ready (READY)
2025-01-29 18:38:07,595 INFO c.h.h.t.HelmChartContainer - [hivemq-test-hivemq-platform] [hivemq-platform-operator] [9a77d539] 18:38:07.593 [ReconcilerExecutor-hivemq-controller-114] DEBUG c.h.p.o.HiveMQPlatformReconciler - [helmexte] Custom Resource Spec (replicas: 1) (extensions: 3)
2025-01-29 18:38:07,596 INFO c.h.h.t.HelmChartContainer - [hivemq-test-hivemq-platform] [hivemq-platform-operator] [9a77d539] 18:38:07.595 [ReconcilerExecutor-hivemq-controller-114] DEBUG c.h.p.o.HiveMQPlatformReconciler - [helmexte] StatefulSet Status (revision: test-hivemq-platform-6fd78546f5, replicas: 1, available: 1, ready: 1, current: 1, updated: 1)
2025-01-29 18:38:07,596 INFO c.h.h.t.HelmChartContainer - [hivemq-test-hivemq-platform] [hivemq-platform-operator] [9a77d539] 18:38:07.595 [ReconcilerExecutor-hivemq-controller-114] DEBUG c.h.p.o.HiveMQPlatformReconciler - [helmexte] StatefulSet Spec (replicas: 1, init containers: 1, containers: 1, volumes: 3)
2025-01-29 18:38:07,657 INFO c.h.h.t.HelmChartContainer - [hivemq-test-hivemq-platform] [hivemq-platform-operator] [9a77d539] 18:38:07.656 [ReconcilerExecutor-hivemq-controller-114] DEBUG c.h.p.o.h.HiveMQPlatformReconcilerErrorHandler - [helmexte] Pod 'test-hivemq-platform-0' phase Running
2025-01-29 18:38:17,663 INFO c.h.h.t.HelmChartContainer - [hivemq-test-hivemq-platform] [hivemq-platform-operator] [9a77d539] 18:38:17.659 [pool-6-thread-15] DEBUG c.h.p.o.d.PlatformServiceResource - [helmexte] Desired Platform services (2 services)
2025-01-29 18:38:17,664 INFO c.h.h.t.HelmChartContainer - [hivemq-test-hivemq-platform] [hivemq-platform-operator] [9a77d539] 18:38:17.660 [pool-6-thread-17] DEBUG c.h.p.o.dependants.PodInfoConfigMap - [helmexte] Desired PodInfo ConfigMap (3 extensions) (3 enabled)
2025-01-29 18:38:17,664 INFO c.h.h.t.HelmChartContainer - [hivemq-test-hivemq-platform] [hivemq-platform-operator] [9a77d539] 18:38:17.660 [pool-6-thread-17] DEBUG c.h.p.o.dependants.PodInfoConfigMap - [helmexte] Desired PodInfo ConfigMap (metrics port: 9399) (metrics path: /)
2025-01-29 18:38:17,664 INFO c.h.h.t.HelmChartContainer - [hivemq-test-hivemq-platform] [hivemq-platform-operator] [9a77d539] 18:38:17.660 [pool-6-thread-17] DEBUG c.h.p.o.dependants.PodInfoConfigMap - [helmexte] Desired PodInfo ConfigMap (extension state hash: 687648868)
2025-01-29 18:38:17,664 INFO c.h.h.t.HelmChartContainer - [hivemq-test-hivemq-platform] [hivemq-platform-operator] [9a77d539] 18:38:17.661 [pool-6-thread-19] DEBUG c.h.p.o.d.PodServiceAccountResource - [helmexte] Desired PodServiceAccountResource (serviceAccountName: hivemq-platform-pod-test-hivemq-platform)
2025-01-29 18:38:17,666 INFO c.h.h.t.HelmChartContainer - [hivemq-test-hivemq-platform] [hivemq-platform-operator] [9a77d539] 18:38:17.665 [pool-6-thread-13] DEBUG c.h.p.o.d.StatefulSetResource - [helmexte] Desired StatefulSet (1 replicas) for status RUNNING (READY)
2025-01-29 18:38:17,670 INFO c.h.h.t.HelmChartContainer - [hivemq-test-hivemq-platform] [hivemq-platform-operator] [9a77d539] 18:38:17.669 [ReconcilerExecutor-hivemq-controller-115] INFO  c.h.p.o.HiveMQPlatformReconciler - [helmexte] Reconciling HiveMQ Platform 'test-hivemq-platform' in namespace 'helmextensionpriorityit'
2025-01-29 18:38:17,671 INFO c.h.h.t.HelmChartContainer - [hivemq-test-hivemq-platform] [hivemq-platform-operator] [9a77d539] 18:38:17.669 [ReconcilerExecutor-hivemq-controller-115] DEBUG c.h.p.o.HiveMQPlatformReconciler - [helmexte] Custom Resource Status RUNNING - HiveMQ Platform is ready (READY)
2025-01-29 18:38:17,671 INFO c.h.h.t.HelmChartContainer - [hivemq-test-hivemq-platform] [hivemq-platform-operator] [9a77d539] 18:38:17.669 [ReconcilerExecutor-hivemq-controller-115] DEBUG c.h.p.o.HiveMQPlatformReconciler - [helmexte] Custom Resource Spec (replicas: 1) (extensions: 3)
2025-01-29 18:38:17,674 INFO c.h.h.t.HelmChartContainer - [hivemq-test-hivemq-platform] [hivemq-platform-operator] [9a77d539] 18:38:17.671 [ReconcilerExecutor-hivemq-controller-115] DEBUG c.h.p.o.HiveMQPlatformReconciler - [helmexte] StatefulSet Status (revision: test-hivemq-platform-6fd78546f5, replicas: 1, available: 1, ready: 1, current: 1, updated: 1)
2025-01-29 18:38:17,674 INFO c.h.h.t.HelmChartContainer - [hivemq-test-hivemq-platform] [hivemq-platform-operator] [9a77d539] 18:38:17.671 [ReconcilerExecutor-hivemq-controller-115] DEBUG c.h.p.o.HiveMQPlatformReconciler - [helmexte] StatefulSet Spec (replicas: 1, init containers: 1, containers: 1, volumes: 3)
2025-01-29 18:38:17,674 INFO c.h.h.t.HelmChartContainer - [hivemq-test-hivemq-platform] [hivemq-platform-operator] [9a77d539] 18:38:17.672 [ReconcilerExecutor-hivemq-controller-115] DEBUG c.h.p.o.h.HiveMQPlatformReconcilerErrorHandler - [helmexte] Pod 'test-hivemq-platform-0' phase Running
2025-01-29 18:38:18,335 INFO c.h.h.e.HelmExtensionPriorityIT - Client subscribed
2025-01-29 18:38:18,340 INFO c.h.h.e.HelmExtensionPriorityIT - Client published
2025-01-29 18:38:18,412 INFO c.h.h.t.HelmChartContainer - [test-hivemq-platform] [hivemq] [520ec02f] INFO  - [AppendingFooPublishInboundInterceptorExtensionMain] Modifying payload: test -> test-foo
2025-01-29 18:38:18,413 INFO c.h.h.t.HelmChartContainer - [test-hivemq-platform] [hivemq] [520ec02f] INFO  - [AppendingBarPublishInboundInterceptorExtensionMain] Modifying payload: test-foo -> test-foo-bar
2025-01-29 18:38:18,413 INFO c.h.h.t.HelmChartContainer - [test-hivemq-platform] [hivemq] [520ec02f] INFO  - [AppendingBazPublishInboundInterceptorExtensionMain] Modifying payload: test-foo-bar -> test-foo-bar-baz
2025-01-29 18:38:18,511 INFO c.h.h.e.HelmExtensionPriorityIT - Message received by Client
2025-01-29 18:38:20,532 INFO c.h.h.t.HelmChartContainer - Uninstalling release 'test-hivemq-platform' in namespace 'helmextensionpriorityit'...
2025-01-29 18:38:20,532 DEBUG c.h.h.t.HelmChartContainer - Executing helm command: /bin/helm --kubeconfig /etc/rancher/k3s/k3s.yaml uninstall test-hivemq-platform  --wait --timeout 5m0s --cascade foreground --namespace helmextensionpriorityit
2025-01-29 18:38:20,710 INFO c.h.h.t.HelmChartContainer - [hivemq-test-hivemq-platform] [hivemq-platform-operator] [9a77d539] 18:38:20.706 [pool-6-thread-23] DEBUG c.h.p.o.d.PlatformServiceResource - [helmexte] Desired Platform services (2 services)
2025-01-29 18:38:20,724 INFO c.h.h.t.HelmChartContainer - [hivemq-test-hivemq-platform] [hivemq-platform-operator] [9a77d539] 18:38:20.709 [pool-6-thread-27] DEBUG c.h.p.o.dependants.PodInfoConfigMap - [helmexte] Desired PodInfo ConfigMap (3 extensions) (3 enabled)
2025-01-29 18:38:20,724 INFO c.h.h.t.HelmChartContainer - [hivemq-test-hivemq-platform] [hivemq-platform-operator] [9a77d539] 18:38:20.709 [pool-6-thread-27] DEBUG c.h.p.o.dependants.PodInfoConfigMap - [helmexte] Desired PodInfo ConfigMap (metrics port: 9399) (metrics path: /)
2025-01-29 18:38:20,724 INFO c.h.h.t.HelmChartContainer - [hivemq-test-hivemq-platform] [hivemq-platform-operator] [9a77d539] 18:38:20.709 [pool-6-thread-27] DEBUG c.h.p.o.dependants.PodInfoConfigMap - [helmexte] Desired PodInfo ConfigMap (extension state hash: 687648868)
2025-01-29 18:38:20,724 INFO c.h.h.t.HelmChartContainer - [hivemq-test-hivemq-platform] [hivemq-platform-operator] [9a77d539] 18:38:20.711 [pool-6-thread-25] DEBUG c.h.p.o.d.PodServiceAccountResource - [helmexte] Desired PodServiceAccountResource (serviceAccountName: hivemq-platform-pod-test-hivemq-platform)
2025-01-29 18:38:20,724 INFO c.h.h.t.HelmChartContainer - [hivemq-test-hivemq-platform] [hivemq-platform-operator] [9a77d539] 18:38:20.716 [pool-6-thread-27] DEBUG c.h.p.o.d.StatefulSetResource - [helmexte] Desired StatefulSet (1 replicas) for status RUNNING (READY)
2025-01-29 18:38:20,790 INFO c.h.h.t.HelmChartContainer - [hivemq-test-hivemq-platform] [hivemq-platform-operator] [9a77d539] 18:38:20.788 [ReconcilerExecutor-hivemq-controller-116] INFO  c.h.p.o.HiveMQPlatformReconciler - [helmexte] Reconciling HiveMQ Platform 'test-hivemq-platform' in namespace 'helmextensionpriorityit'
2025-01-29 18:38:20,791 INFO c.h.h.t.HelmChartContainer - [hivemq-test-hivemq-platform] [hivemq-platform-operator] [9a77d539] 18:38:20.789 [ReconcilerExecutor-hivemq-controller-116] DEBUG c.h.p.o.HiveMQPlatformReconciler - [helmexte] Custom Resource Status RUNNING - HiveMQ Platform is ready (READY)
2025-01-29 18:38:20,791 INFO c.h.h.t.HelmChartContainer - [hivemq-test-hivemq-platform] [hivemq-platform-operator] [9a77d539] 18:38:20.789 [ReconcilerExecutor-hivemq-controller-116] DEBUG c.h.p.o.HiveMQPlatformReconciler - [helmexte] Custom Resource Spec (replicas: 1) (extensions: 3)
2025-01-29 18:38:20,793 INFO c.h.h.t.HelmChartContainer - [hivemq-test-hivemq-platform] [hivemq-platform-operator] [9a77d539] 18:38:20.793 [ReconcilerExecutor-hivemq-controller-116] DEBUG c.h.p.o.HiveMQPlatformReconciler - [helmexte] StatefulSet Status (revision: test-hivemq-platform-6fd78546f5, replicas: 1, available: 1, ready: 1, current: 1, updated: 1)
2025-01-29 18:38:20,796 INFO c.h.h.t.HelmChartContainer - [hivemq-test-hivemq-platform] [hivemq-platform-operator] [9a77d539] 18:38:20.793 [ReconcilerExecutor-hivemq-controller-116] DEBUG c.h.p.o.HiveMQPlatformReconciler - [helmexte] StatefulSet Spec (replicas: 1, init containers: 1, containers: 1, volumes: 3)
2025-01-29 18:38:20,797 INFO c.h.h.t.HelmChartContainer - [hivemq-test-hivemq-platform] [hivemq-platform-operator] [9a77d539] 18:38:20.796 [ReconcilerExecutor-hivemq-controller-116] DEBUG c.h.p.o.h.HiveMQPlatformReconcilerErrorHandler - [helmexte] Pod 'test-hivemq-platform-0' phase Running
2025-01-29 18:38:20,897 INFO c.h.h.t.HelmChartContainer - [hivemq-test-hivemq-platform] [hivemq-platform-operator] [9a77d539] 18:38:20.895 [ReconcilerExecutor-hivemq-controller-122] INFO  c.h.p.o.HiveMQPlatformReconciler - [helmexte] Cleanup test-hivemq-platform - helmextensionpriorityit HiveMQ Platform is shut down
2025-01-29 18:38:21,270 INFO c.h.h.t.HelmChartContainer - [POD] test-hivemq-platform-0 [520ec02f-37c8-42bc-987c-8b456c28533d] in helmextensionpriorityit was MODIFIED
2025-01-29 18:38:21,276 INFO c.h.h.t.HelmChartContainer - [EVENT] Normal [Killing] Stopping container hivemq [helmextensionpriorityit:test-hivemq-platform-0]
2025-01-29 18:38:21,276 INFO c.h.h.t.HelmChartContainer - Received Killing event for container hivemq in pod test-hivemq-platform-0 [520ec02f-37c8-42bc-987c-8b456c28533d]
2025-01-29 18:38:21,276 INFO c.h.h.t.HelmChartContainer - Container [test-hivemq-platform-0] [hivemq] [520ec02f-37c8-42bc-987c-8b456c28533d] was terminated
2025-01-29 18:38:21,276 INFO c.h.h.t.HelmChartContainer - Stopped log watcher for hivemq in pod test-hivemq-platform-0 [520ec02f-37c8-42bc-987c-8b456c28533d]
2025-01-29 18:38:21,287 INFO c.h.h.t.HelmChartContainer - [test-hivemq-platform] [hivemq] [520ec02f] INFO  - [HiveMQ Platform Operator Init App 1.7.0-SNAPSHOT] Shutting down
2025-01-29 18:38:21,287 INFO c.h.h.t.HelmChartContainer - [test-hivemq-platform] [hivemq] [520ec02f] INFO  - [HiveMQ Platform Operator Init App 1.7.0-SNAPSHOT] Stopping the HiveMQ Platform
2025-01-29 18:38:21,408 INFO c.h.h.t.HelmChartContainer - [test-hivemq-platform] [hivemq] [520ec02f] INFO  - Shutting down HiveMQ. Please wait, this could take a while...
2025-01-29 18:38:21,414 INFO c.h.h.t.HelmChartContainer - [test-hivemq-platform] [hivemq] [520ec02f] INFO  - Shutting down listeners and clients
2025-01-29 18:38:21,414 INFO c.h.h.t.HelmChartContainer - [test-hivemq-platform] [hivemq] [520ec02f] INFO  - Shutdown of listeners is done
2025-01-29 18:38:21,414 INFO c.h.h.t.HelmChartContainer - [test-hivemq-platform] [hivemq] [520ec02f] INFO  - No clients are connected, proceeding with shutdown
2025-01-29 18:38:22,229 INFO c.h.h.t.HelmChartContainer - [test-hivemq-platform] [hivemq] [520ec02f] INFO  - [HiveMQ Platform Operator Init App 1.7.0-SNAPSHOT] Returning shutdown Health API response 503 for readiness
2025-01-29 18:38:22,232 INFO c.h.h.t.HelmChartContainer - [EVENT] Warning [Unhealthy] Readiness probe failed: HTTP probe failed with statuscode: 503 [helmextensionpriorityit:test-hivemq-platform-0]
2025-01-29 18:38:22,233 INFO c.h.h.t.HelmChartContainer - Received Unhealthy event for container hivemq in pod test-hivemq-platform-0 [520ec02f-37c8-42bc-987c-8b456c28533d]
2025-01-29 18:38:22,636 INFO c.h.h.t.HelmChartContainer - [K3S] [authentication.go:74] "Unable to authenticate the request" err="[invalid bearer token, serviceaccounts \"hivemq-platform-pod-test-hivemq-platform\" not found]"
2025-01-29 18:38:22,653 INFO c.h.h.t.HelmChartContainer - [K3S] [authentication.go:74] "Unable to authenticate the request" err="[invalid bearer token, serviceaccounts \"hivemq-platform-pod-test-hivemq-platform\" not found]"
2025-01-29 18:38:22,717 INFO c.h.h.t.HelmChartContainer - [test-hivemq-platform] [hivemq] [520ec02f] WARN  - [HiveMQ Platform Operator Init App 1.7.0-SNAPSHOT] Could not update Pod annotations: Failure executing: GET at: https://10.43.0.1:443/api/v1/namespaces/helmextensionpriorityit/pods/test-hivemq-platform-0. Message: Unauthorized. Received status: Status(apiVersion=v1, code=401, details=null, kind=Status, message=Unauthorized, metadata=ListMeta(_continue=null, remainingItemCount=null, resourceVersion=null, selfLink=null, additionalProperties={}), reason=Unauthorized, status=Failure, additionalProperties={}).
2025-01-29 18:38:22,764 INFO c.h.h.t.HelmChartContainer - Deleting namespace 'helmextensionpriorityit'...
2025-01-29 18:38:24,122 INFO c.h.h.t.HelmChartContainer - [test-hivemq-platform] [hivemq] [520ec02f] INFO  - Shutting down extension system
2025-01-29 18:38:24,128 INFO c.h.h.t.HelmChartContainer - [test-hivemq-platform] [hivemq] [520ec02f] INFO  - Stopping extension with id hivemq-dns-cluster-discovery
2025-01-29 18:38:24,129 INFO c.h.h.t.HelmChartContainer - [test-hivemq-platform] [hivemq] [520ec02f] INFO  - Extension "DNS Cluster Discovery Extension" version 4.3.2 stopped successfully.
2025-01-29 18:38:24,130 INFO c.h.h.t.HelmChartContainer - [test-hivemq-platform] [hivemq] [520ec02f] INFO  - Stopping extension with id hivemq-appending-baz-extension
2025-01-29 18:38:24,131 INFO c.h.h.t.HelmChartContainer - [test-hivemq-platform] [hivemq] [520ec02f] INFO  - HiveMQ Baz-Appending PublishInboundInterceptor Extension stopped
2025-01-29 18:38:24,131 INFO c.h.h.t.HelmChartContainer - [test-hivemq-platform] [hivemq] [520ec02f] INFO  - Extension "HiveMQ Appending Baz Extension" version 1.0.0 stopped successfully.
2025-01-29 18:38:24,131 INFO c.h.h.t.HelmChartContainer - [test-hivemq-platform] [hivemq] [520ec02f] INFO  - Stopping extension with id hivemq-appending-bar-extension
2025-01-29 18:38:24,131 INFO c.h.h.t.HelmChartContainer - [test-hivemq-platform] [hivemq] [520ec02f] INFO  - HiveMQ Bar-Appending PublishInboundInterceptor Extension stopped
2025-01-29 18:38:24,131 INFO c.h.h.t.HelmChartContainer - [test-hivemq-platform] [hivemq] [520ec02f] INFO  - Extension "HiveMQ Appending Bar Extension" version 1.0.0 stopped successfully.
2025-01-29 18:38:24,131 INFO c.h.h.t.HelmChartContainer - [test-hivemq-platform] [hivemq] [520ec02f] INFO  - Stopping extension with id hivemq-prometheus-extension
2025-01-29 18:38:24,135 INFO c.h.h.t.HelmChartContainer - [test-hivemq-platform] [hivemq] [520ec02f] INFO  - Extension "Prometheus Monitoring Extension" version 4.0.12 stopped successfully.
2025-01-29 18:38:24,136 INFO c.h.h.t.HelmChartContainer - [test-hivemq-platform] [hivemq] [520ec02f] INFO  - Stopping extension with id hivemq-appending-foo-extension
2025-01-29 18:38:24,136 INFO c.h.h.t.HelmChartContainer - [test-hivemq-platform] [hivemq] [520ec02f] INFO  - HiveMQ Foo-Appending PublishInboundInterceptor Extension stopped
2025-01-29 18:38:24,136 INFO c.h.h.t.HelmChartContainer - [test-hivemq-platform] [hivemq] [520ec02f] INFO  - Extension "HiveMQ Appending Foo Extension" version 1.0.0 stopped successfully.
2025-01-29 18:38:24,137 INFO c.h.h.t.HelmChartContainer - [test-hivemq-platform] [hivemq] [520ec02f] INFO  - Stopping extension with id hivemq-allow-all-extension
2025-01-29 18:38:24,137 INFO c.h.h.t.HelmChartContainer - [test-hivemq-platform] [hivemq] [520ec02f] INFO  - Extension "Allow All Extension" version 1.1.1 stopped successfully.
2025-01-29 18:38:26,412 INFO c.h.h.t.HelmChartContainer - [test-hivemq-platform] [hivemq] [520ec02f] INFO  - Shutdown completed.
2025-01-29 18:38:26,761 INFO c.h.h.t.HelmChartContainer - [test-hivemq-platform] [hivemq] [520ec02f] INFO  - [HiveMQ Platform Operator Init App 1.7.0-SNAPSHOT] The HiveMQ Platform exited with code 143
2025-01-29 18:38:26,762 INFO c.h.h.t.HelmChartContainer - [test-hivemq-platform] [hivemq] [520ec02f] INFO  - [HiveMQ Platform Operator Init App 1.7.0-SNAPSHOT] Stopping the REST API
2025-01-29 18:38:26,772 INFO c.h.h.t.HelmChartContainer - [test-hivemq-platform] [hivemq] [520ec02f] INFO  - [HiveMQ Platform Operator Init App 1.7.0-SNAPSHOT] Shutdown complete
2025-01-29 18:38:27,235 INFO c.h.h.t.HelmChartContainer - [K3S] [pod_container_deletor.go:80] "Container not found in pod's containers" containerID="cf286f1b14e7aaed9c31c74a1fa576c78b712d0b6e4cd80004c98c4e45112879"
2025-01-29 18:38:27,254 INFO c.h.h.t.HelmChartContainer - [POD] test-hivemq-platform-0 [520ec02f-37c8-42bc-987c-8b456c28533d] in helmextensionpriorityit was MODIFIED
2025-01-29 18:38:27,257 INFO c.h.h.t.HelmChartContainer - [K3S] [stateful_set.go:438] "Unhandled Error" err="error syncing StatefulSet helmextensionpriorityit/test-hivemq-platform, requeuing: controllerrevisions.apps \"test-hivemq-platform-6fd78546f5\" is forbidden: unable to create new content in namespace helmextensionpriorityit because it is being terminated"
2025-01-29 18:38:27,263 INFO c.h.h.t.HelmChartContainer - [K3S] [stateful_set.go:438] "Unhandled Error" err="error syncing StatefulSet helmextensionpriorityit/test-hivemq-platform, requeuing: controllerrevisions.apps \"test-hivemq-platform-6fd78546f5\" is forbidden: unable to create new content in namespace helmextensionpriorityit because it is being terminated"
2025-01-29 18:38:27,275 INFO c.h.h.t.HelmChartContainer - [K3S] [stateful_set.go:438] "Unhandled Error" err="error syncing StatefulSet helmextensionpriorityit/test-hivemq-platform, requeuing: controllerrevisions.apps \"test-hivemq-platform-6fd78546f5\" is forbidden: unable to create new content in namespace helmextensionpriorityit because it is being terminated"
2025-01-29 18:38:27,299 INFO c.h.h.t.HelmChartContainer - [K3S] [stateful_set.go:438] "Unhandled Error" err="error syncing StatefulSet helmextensionpriorityit/test-hivemq-platform, requeuing: controllerrevisions.apps \"test-hivemq-platform-6fd78546f5\" is forbidden: unable to create new content in namespace helmextensionpriorityit because it is being terminated"
2025-01-29 18:38:27,301 INFO c.h.h.t.HelmChartContainer - [K3S] [reconciler_common.go:162] "operationExecutor.UnmountVolume started for volume \"pod-info\" (UniqueName: \"kubernetes.io/configmap/520ec02f-37c8-42bc-987c-8b456c28533d-pod-info\") pod \"520ec02f-37c8-42bc-987c-8b456c28533d\" (UID: \"520ec02f-37c8-42bc-987c-8b456c28533d\") "
2025-01-29 18:38:27,301 INFO c.h.h.t.HelmChartContainer - [K3S] [reconciler_common.go:162] "operationExecutor.UnmountVolume started for volume \"operator-init\" (UniqueName: \"kubernetes.io/empty-dir/520ec02f-37c8-42bc-987c-8b456c28533d-operator-init\") pod \"520ec02f-37c8-42bc-987c-8b456c28533d\" (UID: \"520ec02f-37c8-42bc-987c-8b456c28533d\") "
2025-01-29 18:38:27,301 INFO c.h.h.t.HelmChartContainer - [K3S] [reconciler_common.go:162] "operationExecutor.UnmountVolume started for volume \"broker-configuration\" (UniqueName: \"kubernetes.io/configmap/520ec02f-37c8-42bc-987c-8b456c28533d-broker-configuration\") pod \"520ec02f-37c8-42bc-987c-8b456c28533d\" (UID: \"520ec02f-37c8-42bc-987c-8b456c28533d\") "
2025-01-29 18:38:27,301 INFO c.h.h.t.HelmChartContainer - [K3S] [reconciler_common.go:162] "operationExecutor.UnmountVolume started for volume \"kube-api-access-wb87f\" (UniqueName: \"kubernetes.io/projected/520ec02f-37c8-42bc-987c-8b456c28533d-kube-api-access-wb87f\") pod \"520ec02f-37c8-42bc-987c-8b456c28533d\" (UID: \"520ec02f-37c8-42bc-987c-8b456c28533d\") "
2025-01-29 18:38:27,341 INFO c.h.h.t.HelmChartContainer - [K3S] [stateful_set.go:438] "Unhandled Error" err="error syncing StatefulSet helmextensionpriorityit/test-hivemq-platform, requeuing: controllerrevisions.apps \"test-hivemq-platform-6fd78546f5\" is forbidden: unable to create new content in namespace helmextensionpriorityit because it is being terminated"
2025-01-29 18:38:27,402 INFO c.h.h.t.HelmChartContainer - [K3S] [reconciler_common.go:299] "Volume detached for volume \"pod-info\" (UniqueName: \"kubernetes.io/configmap/520ec02f-37c8-42bc-987c-8b456c28533d-pod-info\") on node \"63eb5a585d77\" DevicePath \"\""
2025-01-29 18:38:27,402 INFO c.h.h.t.HelmChartContainer - [K3S] [reconciler_common.go:299] "Volume detached for volume \"operator-init\" (UniqueName: \"kubernetes.io/empty-dir/520ec02f-37c8-42bc-987c-8b456c28533d-operator-init\") on node \"63eb5a585d77\" DevicePath \"\""
2025-01-29 18:38:27,402 INFO c.h.h.t.HelmChartContainer - [K3S] [reconciler_common.go:299] "Volume detached for volume \"kube-api-access-wb87f\" (UniqueName: \"kubernetes.io/projected/520ec02f-37c8-42bc-987c-8b456c28533d-kube-api-access-wb87f\") on node \"63eb5a585d77\" DevicePath \"\""
2025-01-29 18:38:27,402 INFO c.h.h.t.HelmChartContainer - [K3S] [reconciler_common.go:299] "Volume detached for volume \"broker-configuration\" (UniqueName: \"kubernetes.io/configmap/520ec02f-37c8-42bc-987c-8b456c28533d-broker-configuration\") on node \"63eb5a585d77\" DevicePath \"\""
2025-01-29 18:38:27,424 INFO c.h.h.t.HelmChartContainer - [K3S] [stateful_set.go:438] "Unhandled Error" err="error syncing StatefulSet helmextensionpriorityit/test-hivemq-platform, requeuing: controllerrevisions.apps \"test-hivemq-platform-6fd78546f5\" is forbidden: unable to create new content in namespace helmextensionpriorityit because it is being terminated"
2025-01-29 18:38:27,587 INFO c.h.h.t.HelmChartContainer - [K3S] [stateful_set.go:438] "Unhandled Error" err="error syncing StatefulSet helmextensionpriorityit/test-hivemq-platform, requeuing: controllerrevisions.apps \"test-hivemq-platform-6fd78546f5\" is forbidden: unable to create new content in namespace helmextensionpriorityit because it is being terminated"
2025-01-29 18:38:27,804 INFO c.h.h.t.HelmChartContainer - [K3S] [stateful_set.go:466] "StatefulSet has been deleted" key="helmextensionpriorityit/test-hivemq-platform"
2025-01-29 18:38:27,815 INFO c.h.h.t.HelmChartContainer - [K3S] [replica_set.go:679] "Finished syncing" kind="ReplicaSet" key="helmextensionpriorityit/nginx-59946c78dd" duration="4.117µs"
2025-01-29 18:38:27,826 INFO c.h.h.t.HelmChartContainer - [POD] nginx-59946c78dd-mxmpm [60d5a350-3c7d-45a9-bc91-99f904bacb0c] in helmextensionpriorityit was MODIFIED
2025-01-29 18:38:27,834 INFO c.h.h.t.HelmChartContainer - [nginx-59946c78dd-mxm] [nginx] [60d5a350] 2025/01/29 18:38:27 [notice] 1#1: signal 3 (SIGQUIT) received, shutting down
2025-01-29 18:38:27,835 INFO c.h.h.t.HelmChartContainer - [nginx-59946c78dd-mxm] [nginx] [60d5a350] 2025/01/29 18:38:27 [notice] 31#31: gracefully shutting down
2025-01-29 18:38:27,835 INFO c.h.h.t.HelmChartContainer - [nginx-59946c78dd-mxm] [nginx] [60d5a350] 2025/01/29 18:38:27 [notice] 29#29: gracefully shutting down
2025-01-29 18:38:27,835 INFO c.h.h.t.HelmChartContainer - [nginx-59946c78dd-mxm] [nginx] [60d5a350] 2025/01/29 18:38:27 [notice] 32#32: gracefully shutting down
2025-01-29 18:38:27,835 INFO c.h.h.t.HelmChartContainer - [nginx-59946c78dd-mxm] [nginx] [60d5a350] 2025/01/29 18:38:27 [notice] 31#31: exiting
2025-01-29 18:38:27,835 INFO c.h.h.t.HelmChartContainer - [nginx-59946c78dd-mxm] [nginx] [60d5a350] 2025/01/29 18:38:27 [notice] 29#29: exiting
2025-01-29 18:38:27,835 INFO c.h.h.t.HelmChartContainer - [nginx-59946c78dd-mxm] [nginx] [60d5a350] 2025/01/29 18:38:27 [notice] 32#32: exiting
2025-01-29 18:38:27,835 INFO c.h.h.t.HelmChartContainer - [nginx-59946c78dd-mxm] [nginx] [60d5a350] 2025/01/29 18:38:27 [notice] 29#29: exit
2025-01-29 18:38:27,835 INFO c.h.h.t.HelmChartContainer - [nginx-59946c78dd-mxm] [nginx] [60d5a350] 2025/01/29 18:38:27 [notice] 31#31: exit
2025-01-29 18:38:27,835 INFO c.h.h.t.HelmChartContainer - [nginx-59946c78dd-mxm] [nginx] [60d5a350] 2025/01/29 18:38:27 [notice] 32#32: exit
2025-01-29 18:38:27,835 INFO c.h.h.t.HelmChartContainer - [nginx-59946c78dd-mxm] [nginx] [60d5a350] 2025/01/29 18:38:27 [notice] 30#30: gracefully shutting down
2025-01-29 18:38:27,835 INFO c.h.h.t.HelmChartContainer - [nginx-59946c78dd-mxm] [nginx] [60d5a350] 2025/01/29 18:38:27 [notice] 30#30: exiting
2025-01-29 18:38:27,836 INFO c.h.h.t.HelmChartContainer - [nginx-59946c78dd-mxm] [nginx] [60d5a350] 2025/01/29 18:38:27 [notice] 30#30: exit
2025-01-29 18:38:27,846 INFO c.h.h.t.HelmChartContainer - [nginx-59946c78dd-mxm] [nginx] [60d5a350] 2025/01/29 18:38:27 [notice] 1#1: signal 17 (SIGCHLD) received from 32
2025-01-29 18:38:27,846 INFO c.h.h.t.HelmChartContainer - [nginx-59946c78dd-mxm] [nginx] [60d5a350] 2025/01/29 18:38:27 [notice] 1#1: worker process 29 exited with code 0
2025-01-29 18:38:27,846 INFO c.h.h.t.HelmChartContainer - [nginx-59946c78dd-mxm] [nginx] [60d5a350] 2025/01/29 18:38:27 [notice] 1#1: worker process 31 exited with code 0
2025-01-29 18:38:27,846 INFO c.h.h.t.HelmChartContainer - [nginx-59946c78dd-mxm] [nginx] [60d5a350] 2025/01/29 18:38:27 [notice] 1#1: worker process 32 exited with code 0
2025-01-29 18:38:27,846 INFO c.h.h.t.HelmChartContainer - [nginx-59946c78dd-mxm] [nginx] [60d5a350] 2025/01/29 18:38:27 [notice] 1#1: signal 29 (SIGIO) received
2025-01-29 18:38:27,846 INFO c.h.h.t.HelmChartContainer - [nginx-59946c78dd-mxm] [nginx] [60d5a350] 2025/01/29 18:38:27 [notice] 1#1: signal 17 (SIGCHLD) received from 29
2025-01-29 18:38:27,847 INFO c.h.h.t.HelmChartContainer - [nginx-59946c78dd-mxm] [nginx] [60d5a350] 2025/01/29 18:38:27 [notice] 1#1: signal 17 (SIGCHLD) received from 30
2025-01-29 18:38:27,847 INFO c.h.h.t.HelmChartContainer - [nginx-59946c78dd-mxm] [nginx] [60d5a350] 2025/01/29 18:38:27 [notice] 1#1: worker process 30 exited with code 0
2025-01-29 18:38:27,847 INFO c.h.h.t.HelmChartContainer - [nginx-59946c78dd-mxm] [nginx] [60d5a350] 2025/01/29 18:38:27 [notice] 1#1: exit
2025-01-29 18:38:27,909 INFO c.h.h.t.HelmChartContainer - [K3S] [stateful_set.go:466] "StatefulSet has been deleted" key="helmextensionpriorityit/test-hivemq-platform"
2025-01-29 18:38:27,960 INFO c.h.h.t.HelmChartContainer - [POD] nginx-59946c78dd-mxmpm [60d5a350-3c7d-45a9-bc91-99f904bacb0c] in helmextensionpriorityit was MODIFIED
2025-01-29 18:38:28,007 INFO c.h.h.t.HelmChartContainer - [K3S] [reconciler_common.go:162] "operationExecutor.UnmountVolume started for volume \"volume-hivemq-appending-foo-extension-100\" (UniqueName: \"kubernetes.io/host-path/60d5a350-3c7d-45a9-bc91-99f904bacb0c-volume-hivemq-appending-foo-extension-100\") pod \"60d5a350-3c7d-45a9-bc91-99f904bacb0c\" (UID: \"60d5a350-3c7d-45a9-bc91-99f904bacb0c\") "
2025-01-29 18:38:28,008 INFO c.h.h.t.HelmChartContainer - [K3S] [reconciler_common.go:162] "operationExecutor.UnmountVolume started for volume \"kube-api-access-98prd\" (UniqueName: \"kubernetes.io/projected/60d5a350-3c7d-45a9-bc91-99f904bacb0c-kube-api-access-98prd\") pod \"60d5a350-3c7d-45a9-bc91-99f904bacb0c\" (UID: \"60d5a350-3c7d-45a9-bc91-99f904bacb0c\") "
2025-01-29 18:38:28,008 INFO c.h.h.t.HelmChartContainer - [K3S] [reconciler_common.go:162] "operationExecutor.UnmountVolume started for volume \"volume-hivemq-appending-baz-extension-100\" (UniqueName: \"kubernetes.io/host-path/60d5a350-3c7d-45a9-bc91-99f904bacb0c-volume-hivemq-appending-baz-extension-100\") pod \"60d5a350-3c7d-45a9-bc91-99f904bacb0c\" (UID: \"60d5a350-3c7d-45a9-bc91-99f904bacb0c\") "
2025-01-29 18:38:28,008 INFO c.h.h.t.HelmChartContainer - [K3S] [reconciler_common.go:162] "operationExecutor.UnmountVolume started for volume \"volume-hivemq-appending-bar-extension-100\" (UniqueName: \"kubernetes.io/host-path/60d5a350-3c7d-45a9-bc91-99f904bacb0c-volume-hivemq-appending-bar-extension-100\") pod \"60d5a350-3c7d-45a9-bc91-99f904bacb0c\" (UID: \"60d5a350-3c7d-45a9-bc91-99f904bacb0c\") "
2025-01-29 18:38:28,008 INFO c.h.h.t.HelmChartContainer - [K3S] [reconciler_common.go:299] "Volume detached for volume \"volume-hivemq-appending-foo-extension-100\" (UniqueName: \"kubernetes.io/host-path/60d5a350-3c7d-45a9-bc91-99f904bacb0c-volume-hivemq-appending-foo-extension-100\") on node \"63eb5a585d77\" DevicePath \"\""
2025-01-29 18:38:28,107 INFO c.h.h.t.HelmChartContainer - [K3S] [reconciler_common.go:299] "Volume detached for volume \"volume-hivemq-appending-bar-extension-100\" (UniqueName: \"kubernetes.io/host-path/60d5a350-3c7d-45a9-bc91-99f904bacb0c-volume-hivemq-appending-bar-extension-100\") on node \"63eb5a585d77\" DevicePath \"\""
2025-01-29 18:38:28,107 INFO c.h.h.t.HelmChartContainer - [K3S] [reconciler_common.go:299] "Volume detached for volume \"kube-api-access-98prd\" (UniqueName: \"kubernetes.io/projected/60d5a350-3c7d-45a9-bc91-99f904bacb0c-kube-api-access-98prd\") on node \"63eb5a585d77\" DevicePath \"\""
2025-01-29 18:38:28,107 INFO c.h.h.t.HelmChartContainer - [K3S] [reconciler_common.go:299] "Volume detached for volume \"volume-hivemq-appending-baz-extension-100\" (UniqueName: \"kubernetes.io/host-path/60d5a350-3c7d-45a9-bc91-99f904bacb0c-volume-hivemq-appending-baz-extension-100\") on node \"63eb5a585d77\" DevicePath \"\""
2025-01-29 18:38:28,146 INFO c.h.h.t.HelmChartContainer - [K3S] [namespace_controller.go:164] "Unhandled Error" err="deletion of namespace helmextensionpriorityit failed: unexpected items still remain in namespace: helmextensionpriorityit for gvr: /v1, Resource=pods"
2025-01-29 18:38:28,237 INFO c.h.h.t.HelmChartContainer - [K3S] [scope.go:117] "RemoveContainer" containerID="67cb4b2b65cd29e51b27c5b815c7635916284dda0e95e51aaa4f5929c3db9b69"
2025-01-29 18:38:28,242 INFO c.h.h.t.HelmChartContainer - Stopped log watcher for nginx in pod nginx-59946c78dd-mxmpm [60d5a350-3c7d-45a9-bc91-99f904bacb0c]
2025-01-29 18:38:28,247 INFO c.h.h.t.HelmChartContainer - [K3S] [scope.go:117] "RemoveContainer" containerID="67cb4b2b65cd29e51b27c5b815c7635916284dda0e95e51aaa4f5929c3db9b69"
2025-01-29 18:38:28,252 INFO c.h.h.t.HelmChartContainer - [POD] nginx-59946c78dd-mxmpm [60d5a350-3c7d-45a9-bc91-99f904bacb0c] in helmextensionpriorityit was MODIFIED
2025-01-29 18:38:28,258 INFO c.h.h.t.HelmChartContainer - [POD] nginx-59946c78dd-mxmpm [60d5a350-3c7d-45a9-bc91-99f904bacb0c] in helmextensionpriorityit was DELETED
2025-01-29 18:38:28,269 INFO c.h.h.t.HelmChartContainer - [POD] test-hivemq-platform-0 [520ec02f-37c8-42bc-987c-8b456c28533d] in helmextensionpriorityit was MODIFIED
2025-01-29 18:38:28,272 INFO c.h.h.t.HelmChartContainer - [POD] test-hivemq-platform-0 [520ec02f-37c8-42bc-987c-8b456c28533d] in helmextensionpriorityit was DELETED
2025-01-29 18:38:28,492 INFO c.h.h.t.HelmChartContainer - Namespace 'helmextensionpriorityit' deleted
2025-01-29 18:38:28,492 INFO c.h.h.t.HelmChartContainer - Release 'test-hivemq-platform' in namespace 'helmextensionpriorityit' is uninstalled
2025-01-29 18:38:28,492 INFO c.h.h.t.HelmChartContainer - Uninstalling release 'test-hivemq-platform-operator' in namespace 'helmextensionpriorityit-operator'...
2025-01-29 18:38:28,492 DEBUG c.h.h.t.HelmChartContainer - Executing helm command: /bin/helm --kubeconfig /etc/rancher/k3s/k3s.yaml uninstall test-hivemq-platform-operator  --wait --timeout 5m0s --cascade foreground --namespace helmextensionpriorityit-operator
2025-01-29 18:38:28,644 INFO c.h.h.t.HelmChartContainer - [K3S] [replica_set.go:679] "Finished syncing" kind="ReplicaSet" key="helmextensionpriorityit-operator/hivemq-test-hivemq-platform-operator-6966f96d65" duration="8.031397ms"
2025-01-29 18:38:28,644 INFO c.h.h.t.HelmChartContainer - [K3S] [replica_set.go:679] "Finished syncing" kind="ReplicaSet" key="helmextensionpriorityit-operator/hivemq-test-hivemq-platform-operator-6966f96d65" duration="116.646µs"
2025-01-29 18:38:28,657 INFO c.h.h.t.HelmChartContainer - [POD] hivemq-test-hivemq-platform-operator-6966f96d65-n49w9 [9a77d539-1dc3-44f0-90a8-685690b639f7] in helmextensionpriorityit-operator was MODIFIED
2025-01-29 18:38:28,669 INFO c.h.h.t.HelmChartContainer - [EVENT] Normal [Killing] Stopping container hivemq-platform-operator [helmextensionpriorityit-operator:hivemq-test-hivemq-platform-operator-6966f96d65-n49w9]
2025-01-29 18:38:28,670 INFO c.h.h.t.HelmChartContainer - Received Killing event for container hivemq-platform-operator in pod hivemq-test-hivemq-platform-operator-6966f96d65-n49w9 [9a77d539-1dc3-44f0-90a8-685690b639f7]
2025-01-29 18:38:28,670 INFO c.h.h.t.HelmChartContainer - Container [hivemq-test-hivemq-platform-operator-6966f96d65-n49w9] [hivemq-platform-operator] [9a77d539-1dc3-44f0-90a8-685690b639f7] was terminated
2025-01-29 18:38:28,670 INFO c.h.h.t.HelmChartContainer - Stopped log watcher for hivemq-platform-operator in pod hivemq-test-hivemq-platform-operator-6966f96d65-n49w9 [9a77d539-1dc3-44f0-90a8-685690b639f7]
2025-01-29 18:38:28,674 INFO c.h.h.t.HelmChartContainer - [K3S] [replica_set.go:679] "Finished syncing" kind="ReplicaSet" key="helmextensionpriorityit-operator/hivemq-test-hivemq-platform-operator-6966f96d65" duration="15.749035ms"
2025-01-29 18:38:28,676 INFO c.h.h.t.HelmChartContainer - [K3S] [replica_set.go:679] "Finished syncing" kind="ReplicaSet" key="helmextensionpriorityit-operator/hivemq-test-hivemq-platform-operator-6966f96d65" duration="44.052µs"
2025-01-29 18:38:28,677 INFO c.h.h.t.HelmChartContainer - [hivemq-test-hivemq-platform] [hivemq-platform-operator] [9a77d539] 18:38:28.670 [application-shutdown-thread] INFO  c.h.p.o.HiveMQPlatformOperatorApplication - HiveMQ Platform Operator is stopping...
2025-01-29 18:38:28,677 INFO c.h.h.t.HelmChartContainer - [hivemq-test-hivemq-platform] [hivemq-platform-operator] [9a77d539] 18:38:28.671 [application-shutdown-thread] INFO  i.javaoperatorsdk.operator.Operator - Operator SDK 4.9.7 is shutting down...
2025-01-29 18:38:29,011 INFO c.h.h.t.HelmChartContainer - [K3S] [replica_set.go:679] "Finished syncing" kind="ReplicaSet" key="helmextensionpriorityit-operator/hivemq-test-hivemq-platform-operator-6966f96d65" duration="44.843µs"
2025-01-29 18:38:29,012 INFO c.h.h.t.HelmChartContainer - [POD] hivemq-test-hivemq-platform-operator-6966f96d65-n49w9 [9a77d539-1dc3-44f0-90a8-685690b639f7] in helmextensionpriorityit-operator was MODIFIED
2025-01-29 18:38:29,033 INFO c.h.h.t.HelmChartContainer - [K3S] [kubelet_volumes.go:163] "Cleaned up orphaned pod volumes dir" podUID="520ec02f-37c8-42bc-987c-8b456c28533d" path="/var/lib/kubelet/pods/520ec02f-37c8-42bc-987c-8b456c28533d/volumes"
2025-01-29 18:38:29,033 INFO c.h.h.t.HelmChartContainer - [K3S] [kubelet_volumes.go:163] "Cleaned up orphaned pod volumes dir" podUID="60d5a350-3c7d-45a9-bc91-99f904bacb0c" path="/var/lib/kubelet/pods/60d5a350-3c7d-45a9-bc91-99f904bacb0c/volumes"
2025-01-29 18:38:29,112 INFO c.h.h.t.HelmChartContainer - [K3S] [reconciler_common.go:162] "operationExecutor.UnmountVolume started for volume \"kube-api-access-ncz6w\" (UniqueName: \"kubernetes.io/projected/9a77d539-1dc3-44f0-90a8-685690b639f7-kube-api-access-ncz6w\") pod \"9a77d539-1dc3-44f0-90a8-685690b639f7\" (UID: \"9a77d539-1dc3-44f0-90a8-685690b639f7\") "
2025-01-29 18:38:29,212 INFO c.h.h.t.HelmChartContainer - [K3S] [reconciler_common.go:299] "Volume detached for volume \"kube-api-access-ncz6w\" (UniqueName: \"kubernetes.io/projected/9a77d539-1dc3-44f0-90a8-685690b639f7-kube-api-access-ncz6w\") on node \"63eb5a585d77\" DevicePath \"\""
2025-01-29 18:38:29,239 INFO c.h.h.t.HelmChartContainer - [K3S] [scope.go:117] "RemoveContainer" containerID="745da1deaf940002a5761c39e86a29cfcccea4a1b1232c83a4c548453081633a"
2025-01-29 18:38:29,243 INFO c.h.h.t.HelmChartContainer - [K3S] [scope.go:117] "RemoveContainer" containerID="745da1deaf940002a5761c39e86a29cfcccea4a1b1232c83a4c548453081633a"
2025-01-29 18:38:29,250 INFO c.h.h.t.HelmChartContainer - [K3S] [replica_set.go:679] "Finished syncing" kind="ReplicaSet" key="helmextensionpriorityit-operator/hivemq-test-hivemq-platform-operator-6966f96d65" duration="46.215µs"
2025-01-29 18:38:29,251 INFO c.h.h.t.HelmChartContainer - [POD] hivemq-test-hivemq-platform-operator-6966f96d65-n49w9 [9a77d539-1dc3-44f0-90a8-685690b639f7] in helmextensionpriorityit-operator was MODIFIED
2025-01-29 18:38:29,254 INFO c.h.h.t.HelmChartContainer - [K3S] [replica_set.go:679] "Finished syncing" kind="ReplicaSet" key="helmextensionpriorityit-operator/hivemq-test-hivemq-platform-operator-6966f96d65" duration="33.582µs"
2025-01-29 18:38:29,255 INFO c.h.h.t.HelmChartContainer - [POD] hivemq-test-hivemq-platform-operator-6966f96d65-n49w9 [9a77d539-1dc3-44f0-90a8-685690b639f7] in helmextensionpriorityit-operator was DELETED
2025-01-29 18:38:29,268 INFO c.h.h.t.HelmChartContainer - [K3S] [replica_set.go:679] "Finished syncing" kind="ReplicaSet" key="helmextensionpriorityit-operator/hivemq-test-hivemq-platform-operator-6966f96d65" duration="5.89µs"
2025-01-29 18:38:30,692 INFO c.h.h.t.HelmChartContainer - Deleting namespace 'helmextensionpriorityit-operator'...
2025-01-29 18:38:31,017 INFO c.h.h.t.HelmChartContainer - [K3S] [scope.go:117] "RemoveContainer" containerID="186c77ac44cd94907cfe84585825f64ed3fb5a24968d15d05bbe7754b70304b4"
2025-01-29 18:38:31,019 INFO c.h.h.t.HelmChartContainer - [K3S] [scope.go:117] "RemoveContainer" containerID="9d1195d4048191a5db763c2e0647f8ba7cf7140d581ac67b71da7eecfe3771db"
2025-01-29 18:38:31,032 INFO c.h.h.t.HelmChartContainer - [K3S] [kubelet_volumes.go:163] "Cleaned up orphaned pod volumes dir" podUID="9a77d539-1dc3-44f0-90a8-685690b639f7" path="/var/lib/kubelet/pods/9a77d539-1dc3-44f0-90a8-685690b639f7/volumes"
2025-01-29 18:38:33,410 INFO c.h.h.t.HelmChartContainer - [K3S] [namespace_controller.go:187] "Namespace has been deleted" namespace="helmextensionpriorityit"
2025-01-29 18:38:35,908 INFO c.h.h.t.HelmChartContainer - Namespace 'helmextensionpriorityit-operator' deleted
2025-01-29 18:38:35,908 INFO c.h.h.t.HelmChartContainer - Release 'test-hivemq-platform-operator' in namespace 'helmextensionpriorityit-operator' is uninstalled
2025-01-29 18:38:36,450 INFO c.h.helmcharts.AbstractHelmChartIT - Removed unused containers:

2025-01-29 18:38:40,805 INFO c.h.h.t.HelmChartContainer - [K3S] [namespace_controller.go:187] "Namespace has been deleted" namespace="helmextensionpriorityit-operator"
2025-01-29 18:38:44,629 INFO c.h.helmcharts.AbstractHelmChartIT - Removed unused snapshots:
Removing snapshot sha256:03af251906410714c5aef9fa705b63f6bbc39c4a5e787de7361eeb18886c2ed2
Removing snapshot sha256:0c46b3b43cce082ce5ec34ffc6c294e0417d17b9d1e6f366d114b6aadc4f96dc
Removing snapshot sha256:0ce761beee59082d6ed5bcebd3a805b8ddd9b3426b617e4809e7fb7c6587ffec
Removing snapshot sha256:0df91287303208332c8ff6ba40ae4710105201739addbfbddfb955f1ad593664
Removing snapshot sha256:1021ef88c7974bfff89c5a0ec4fd3160daac6c48a075f74cff721f85dd104e68
Removing snapshot sha256:10aba4953ddc18145dd38e3704709bc464aa20af60b56fe52caaff4b68411e62
Removing snapshot sha256:25734aec7bbd2abd5b81233fd4bafe532da652d9c809045cb22b56fb69382592
Removing snapshot sha256:2573e0d8158209ed54ab25c87bcdcb00bd3d2539246960a3d592a1c599d70465
Removing snapshot sha256:362a8a37f8bbc31925a8146adcf7cf51f9882f5c1dcbef67c5baa03a297543c0
Removing snapshot sha256:43a7c979bbaba6838bc3102d6b10a1459f3ab050b87ccdfef84ef90cf43d3058
Removing snapshot sha256:4ab04491cdf0d3267f08206fe30bd48f49f94b9cab2f016d6739220f722a64af
Removing snapshot sha256:4b6068250e89c96f263060261819c7d912855bfbd64b3eb4c4a8483299b8c295
Removing snapshot sha256:580e69a0a8034ede1921139bbd2bfb72a69ebf276d008281896c32dd8bf74775
Removing snapshot sha256:5d30ba46b27fe37484567ccc5242cadc78217b8da605f3f195ef25cbf7487904
Removing snapshot sha256:5ec183755d09a0a54d0f83e5a705f28f1606fe75660c13148fe125e4f12af39f
Removing snapshot sha256:63ca1fbb43ae5034640e5e6cb3e083e05c290072c5366fcaa9d62435a4cced85
Removing snapshot sha256:67f702c6baae873bceb19487c8b1f27bd2b86077e4f2f0e480e6d60ab508b8f5
Removing snapshot sha256:6864348dd42806d552efdec384f1274be15e2d0c10ce44c1f04347af004c10a9
Removing snapshot sha256:6c7dee8f2c39b84b7dc2711c01d33de93514d9055499173e9290176fbe484b6c
Removing snapshot sha256:82753493a6d61ded36556292f02f31841a14c20d2f279f19eaad65afb661d5cd
Removing snapshot sha256:8a10d3db42c505ee0fcfa98417bdd7e39b304f6bcc0a06bb1b220797ff2cc63c
Removing snapshot sha256:8ad081ee0d46efdea0492cd0bb527c50a8891276fd408ec1269522ac9d6d5580
Removing snapshot sha256:a0904247e36a7726c03c71ee48f3e64462021c88dafeb13f37fdaf613b27f11c
Removing snapshot sha256:a21e5b12dbac529ad45d976eb9ce45c881f3bedcc500fb30aba1e52aa1813418
Removing snapshot sha256:a8d62a6e94dbe8920ecfafa3b3aff0ef70aa26ca929f90b110db998eec09bab5
Removing snapshot sha256:ad858b4eee2d8f479065d1b8c650e13c815e75b2e4503c05a67cdc8880b0975a
Removing snapshot sha256:b921e6c28969094157f9b8e7244677780319637afd14450b7cb6b2fdea558a0c
Removing snapshot sha256:bc27ecb5769a00e309cf99ebc763c4a4b958b618d1decc96ffac5bc05f02f5b7
Removing snapshot sha256:be3ccb6627a5332e309d45ef461d09b4879dd870c7394d89323d0ebc6ca6aa8a
Removing snapshot sha256:c261f7cbbc64211ee175ee47273acdb7b1a36a4450b397a064a8f2c026490095
Removing snapshot sha256:c34d9393647eea0c9e3557ab988efaf59f61d10a2a5613b439ef0958cca5ec10
Removing snapshot sha256:ccf3c4a0fa967a41c1c83497a2ce6fa5787965859df0adb32c4ca2cf7490bc2b
Removing snapshot sha256:cf92d33f869417309692088c341cd0f223c178ea78a125f757317b22aa8f90e9
Removing snapshot sha256:d0037344cf2fb078884f1849f6a1f8cf9a33a3b6139b6a85833e5ee528e1f9a8
Removing snapshot sha256:d3b36d5b79273b1e98e7700470eaeff05a882e777124d84cebcc1505b85ecb36
Removing snapshot sha256:d65a44a37914602d12c611e5e22a50f11451d847e63015cc1c2aef92dee777a4
Removing snapshot sha256:e2dc0bae2455930f23ae570e019b7f32edc75c0f2d71cab084db837ff9051796
Removing snapshot sha256:eccbd24a99c60cd9e86ee5305dbfc4a4dc89f5ab4fb1f06c8d64797cecedef34
Removing snapshot sha256:ee16855b23d2cf58b48fe4599b14eef6089f3793520403f029e6faa545ce4a52
Removing snapshot sha256:f144bb4c7c7f0d2aa7eeffd36d934ec40db1ee167be727e326aad9fdc616f475

]]></system-out>
  </testcase>
  <system-out><![CDATA[2025-01-29 18:36:06,443 INFO c.h.h.t.HelmChartContainerExtension - Using cached HelmChartContainer instance
2025-01-29 18:36:06,448 INFO c.h.h.t.HelmChartContainerExtension - Creating cached HelmChartContainer instance
2025-01-29 18:36:06,466 INFO o.testcontainers.DockerClientFactory - Testcontainers version: 1.20.4
2025-01-29 18:36:06,902 INFO o.t.d.DockerClientProviderStrategy - Found Docker environment with local Unix socket (unix:///var/run/docker.sock)
2025-01-29 18:36:06,912 INFO o.testcontainers.DockerClientFactory - Docker host IP address is localhost
2025-01-29 18:36:06,928 INFO o.testcontainers.DockerClientFactory - Connected to docker: 
  Server Version: 26.1.3
  API Version: 1.45
  Operating System: Ubuntu 24.04.1 LTS
  Total Memory: 15990 MB
2025-01-29 18:36:06,936 INFO o.testcontainers.images.PullPolicy - Image pull policy will be performed by: DefaultPullPolicy()
2025-01-29 18:36:06,938 INFO o.t.utility.ImageNameSubstitutor - Image name substitution will be performed by: DefaultImageNameSubstitutor (composite of 'ConfigurationFileImageNameSubstitutor' and 'PrefixingImageNameSubstitutor')
2025-01-29 18:36:06,969 INFO tc.testcontainers/ryuk:0.11.0 - Pulling docker image: testcontainers/ryuk:0.11.0. Please be patient; this may take some time but only needs to be done once.
2025-01-29 18:36:07,204 INFO tc.testcontainers/ryuk:0.11.0 - Starting to pull image
2025-01-29 18:36:07,220 INFO tc.testcontainers/ryuk:0.11.0 - Pulling image layers:  0 pending,  0 downloaded,  0 extracted, (0 bytes/0 bytes)
2025-01-29 18:36:07,386 INFO tc.testcontainers/ryuk:0.11.0 - Pulling image layers:  2 pending,  1 downloaded,  0 extracted, (116 KB/? MB)
2025-01-29 18:36:07,409 INFO tc.testcontainers/ryuk:0.11.0 - Pulling image layers:  1 pending,  2 downloaded,  0 extracted, (906 KB/? MB)
2025-01-29 18:36:07,490 INFO tc.testcontainers/ryuk:0.11.0 - Pulling image layers:  1 pending,  2 downloaded,  1 extracted, (7 MB/? MB)
2025-01-29 18:36:07,500 INFO tc.testcontainers/ryuk:0.11.0 - Pulling image layers:  0 pending,  3 downloaded,  1 extracted, (7 MB/10 MB)
2025-01-29 18:36:07,628 INFO tc.testcontainers/ryuk:0.11.0 - Pulling image layers:  0 pending,  3 downloaded,  2 extracted, (7 MB/10 MB)
2025-01-29 18:36:07,673 INFO tc.testcontainers/ryuk:0.11.0 - Pulling image layers:  0 pending,  3 downloaded,  3 extracted, (10 MB/10 MB)
2025-01-29 18:36:07,680 INFO tc.testcontainers/ryuk:0.11.0 - Image testcontainers/ryuk:0.11.0 pull took PT0.709948824S
2025-01-29 18:36:07,701 INFO tc.testcontainers/ryuk:0.11.0 - Creating container for image: testcontainers/ryuk:0.11.0
2025-01-29 18:36:07,780 INFO tc.testcontainers/ryuk:0.11.0 - Container testcontainers/ryuk:0.11.0 is starting: a2a0d721a4617ac4d16d86e244c606a61d8497bf93e54114d3fc0909a6fab6d9
2025-01-29 18:36:08,055 INFO tc.testcontainers/ryuk:0.11.0 - Container testcontainers/ryuk:0.11.0 started in PT0.354341378S
2025-01-29 18:36:08,059 INFO o.t.utility.RyukResourceReaper - Ryuk started - will monitor and terminate Testcontainers containers on JVM exit
2025-01-29 18:36:08,059 INFO o.testcontainers.DockerClientFactory - Checking the system...
2025-01-29 18:36:08,059 INFO o.testcontainers.DockerClientFactory - ✔︎ Docker server version should be at least 1.6.0
2025-01-29 18:36:08,133 INFO o.t.i.builder.ImageFromDockerfile - Pre-emptively checking local images for 'ubuntu:noble-20241118.1@sha256:80dd3c3b9c6cecb9f1667e9290b3bc61b78c2678c02cbdae5f0fea92cc6734ab', referenced via a Dockerfile. If not available, it will be pulled.
2025-01-29 18:36:08,137 INFO t.u.1@sha256:80dd3c... - Pulling docker image: ubuntu:noble-20241118.1@sha256:80dd3c3b9c6cecb9f1667e9290b3bc61b78c2678c02cbdae5f0fea92cc6734ab. Please be patient; this may take some time but only needs to be done once.
2025-01-29 18:36:08,240 INFO t.u.1@sha256:80dd3c... - Starting to pull image
2025-01-29 18:36:08,241 INFO t.u.1@sha256:80dd3c... - Pulling image layers:  0 pending,  0 downloaded,  0 extracted, (0 bytes/0 bytes)
2025-01-29 18:36:08,873 INFO t.u.1@sha256:80dd3c... - Pulling image layers:  0 pending,  1 downloaded,  0 extracted, (25 MB/28 MB)
2025-01-29 18:36:09,798 INFO t.u.1@sha256:80dd3c... - Pulling image layers:  0 pending,  1 downloaded,  1 extracted, (28 MB/28 MB)
2025-01-29 18:36:09,808 INFO t.u.1@sha256:80dd3c... - Image ubuntu:noble-20241118.1@sha256:80dd3c3b9c6cecb9f1667e9290b3bc61b78c2678c02cbdae5f0fea92cc6734ab pull took PT1.669865398S
2025-01-29 18:36:09,808 INFO t.u.1@sha256:80dd3c... - Pull complete. 1 layers, pulled in 1s (downloaded 28 MB at 28 MB/s)
2025-01-29 18:36:09,810 INFO o.t.i.builder.ImageFromDockerfile - Pre-emptively checking local images for 'rancher/k3s:v1.32.1-k3s1', referenced via a Dockerfile. If not available, it will be pulled.
2025-01-29 18:36:09,812 INFO tc.rancher/k3s:v1.32.1-k3s1 - Pulling docker image: rancher/k3s:v1.32.1-k3s1. Please be patient; this may take some time but only needs to be done once.
2025-01-29 18:36:10,006 INFO tc.rancher/k3s:v1.32.1-k3s1 - Starting to pull image
2025-01-29 18:36:10,007 INFO tc.rancher/k3s:v1.32.1-k3s1 - Pulling image layers:  0 pending,  0 downloaded,  0 extracted, (0 bytes/0 bytes)
2025-01-29 18:36:12,071 INFO tc.rancher/k3s:v1.32.1-k3s1 - Pulling image layers:  0 pending,  1 downloaded,  0 extracted, (70 MB/71 MB)
2025-01-29 18:36:13,148 INFO tc.rancher/k3s:v1.32.1-k3s1 - Pulling image layers:  0 pending,  1 downloaded,  1 extracted, (71 MB/71 MB)
2025-01-29 18:36:13,154 INFO tc.rancher/k3s:v1.32.1-k3s1 - Pull complete. 1 layers, pulled in 3s (downloaded 71 MB at 23 MB/s)
2025-01-29 18:36:13,155 INFO tc.rancher/k3s:v1.32.1-k3s1 - Image rancher/k3s:v1.32.1-k3s1 pull took PT3.342813232S
2025-01-29 18:36:13,161 INFO o.t.i.builder.ImageFromDockerfile - Transferred 0 bytes to Docker daemon
2025-01-29 18:36:27,020 INFO c.h.h.t.HelmChartContainer - Starting HelmChartContainer...
2025-01-29 18:36:27,022 INFO t.localhost/testcontainers/mmfnre8arufsjyfe:latest - Creating container for image: localhost/testcontainers/mmfnre8arufsjyfe:latest
2025-01-29 18:36:27,091 INFO tc.alpine:3.17 - Pulling docker image: alpine:3.17. Please be patient; this may take some time but only needs to be done once.
2025-01-29 18:36:27,285 INFO tc.alpine:3.17 - Starting to pull image
2025-01-29 18:36:27,286 INFO tc.alpine:3.17 - Pulling image layers:  0 pending,  0 downloaded,  0 extracted, (0 bytes/0 bytes)
2025-01-29 18:36:27,427 INFO tc.alpine:3.17 - Pulling image layers:  0 pending,  1 downloaded,  0 extracted, (33 KB/3 MB)
2025-01-29 18:36:27,520 INFO tc.alpine:3.17 - Pulling image layers:  0 pending,  1 downloaded,  1 extracted, (3 MB/3 MB)
2025-01-29 18:36:27,526 INFO tc.alpine:3.17 - Image alpine:3.17 pull took PT0.435352945S
2025-01-29 18:36:28,073 INFO t.localhost/testcontainers/mmfnre8arufsjyfe:latest - Container localhost/testcontainers/mmfnre8arufsjyfe:latest is starting: 63eb5a585d7713dcd36cbc0e6bc369635100906dda3093ce98f37a684d58baf8
2025-01-29 18:36:28,434 INFO c.h.h.t.HelmChartContainer - [K3S] [INFO] Starting k3s v1.32.1+k3s1 (6a322f12)
2025-01-29 18:36:28,437 INFO c.h.h.t.HelmChartContainer - [K3S] [INFO] Configuring sqlite3 database connection pooling: maxIdleConns=2, maxOpenConns=0, connMaxLifetime=0s
2025-01-29 18:36:28,437 INFO c.h.h.t.HelmChartContainer - [K3S] [INFO] Configuring database table schema and indexes, this may take a moment...
2025-01-29 18:36:28,441 INFO c.h.h.t.HelmChartContainer - [K3S] [INFO] Database tables and indexes are up to date
2025-01-29 18:36:28,443 INFO c.h.h.t.HelmChartContainer - [K3S] [INFO] Kine available at unix://kine.sock
2025-01-29 18:36:28,543 INFO c.h.h.t.HelmChartContainer - [K3S] [INFO] Saving cluster bootstrap data to datastore
2025-01-29 18:36:28,544 INFO c.h.h.t.HelmChartContainer - [K3S] [WARNING] dynamiclistener [::]:6443: no cached certificate available for preload - deferring certificate load until storage initialization or first client request
2025-01-29 18:36:28,544 INFO c.h.h.t.HelmChartContainer - [K3S] [INFO] Active TLS secret / (ver=) (count 10): map[listener.cattle.io/cn-10.43.0.1:10.43.0.1 listener.cattle.io/cn-127.0.0.1:127.0.0.1 listener.cattle.io/cn-172.18.0.2:172.18.0.2 listener.cattle.io/cn-63eb5a585d77:63eb5a585d77 listener.cattle.io/cn-__1-f16284:::1 listener.cattle.io/cn-kubernetes:kubernetes listener.cattle.io/cn-kubernetes.default:kubernetes.default listener.cattle.io/cn-kubernetes.default.svc:kubernetes.default.svc listener.cattle.io/cn-kubernetes.default.svc.cluster.local:kubernetes.default.svc.cluster.local listener.cattle.io/cn-localhost:localhost listener.cattle.io/fingerprint:SHA1=F371FB941169874FC490BA5FA1B6DBBE018129BA]
2025-01-29 18:36:28,704 INFO c.h.h.t.HelmChartContainer - [K3S] [INFO] Running kube-apiserver --advertise-port=6443 --allow-privileged=true --anonymous-auth=false --api-audiences=https://kubernetes.default.svc.cluster.local,k3s --authorization-mode=Node,RBAC --bind-address=127.0.0.1 --cert-dir=/var/lib/rancher/k3s/server/tls/temporary-certs --client-ca-file=/var/lib/rancher/k3s/server/tls/client-ca.crt --egress-selector-config-file=/var/lib/rancher/k3s/server/etc/egress-selector-config.yaml --enable-admission-plugins=NodeRestriction --enable-aggregator-routing=true --enable-bootstrap-token-auth=true --etcd-compaction-interval=0s --etcd-servers=unix://kine.sock --kubelet-certificate-authority=/var/lib/rancher/k3s/server/tls/server-ca.crt --kubelet-client-certificate=/var/lib/rancher/k3s/server/tls/client-kube-apiserver.crt --kubelet-client-key=/var/lib/rancher/k3s/server/tls/client-kube-apiserver.key --kubelet-preferred-address-types=InternalIP,ExternalIP,Hostname --profiling=false --proxy-client-cert-file=/var/lib/rancher/k3s/server/tls/client-auth-proxy.crt --proxy-client-key-file=/var/lib/rancher/k3s/server/tls/client-auth-proxy.key --requestheader-allowed-names=system:auth-proxy --requestheader-client-ca-file=/var/lib/rancher/k3s/server/tls/request-header-ca.crt --requestheader-extra-headers-prefix=X-Remote-Extra- --requestheader-group-headers=X-Remote-Group --requestheader-username-headers=X-Remote-User --secure-port=6444 --service-account-issuer=https://kubernetes.default.svc.cluster.local --service-account-key-file=/var/lib/rancher/k3s/server/tls/service.key --service-account-signing-key-file=/var/lib/rancher/k3s/server/tls/service.current.key --service-cluster-ip-range=10.43.0.0/16 --service-node-port-range=30000-32767 --storage-backend=etcd3 --tls-cert-file=/var/lib/rancher/k3s/server/tls/serving-kube-apiserver.crt --tls-cipher-suites=TLS_ECDHE_ECDSA_WITH_AES_256_GCM_SHA384,TLS_ECDHE_RSA_WITH_AES_256_GCM_SHA384,TLS_ECDHE_ECDSA_WITH_AES_128_GCM_SHA256,TLS_ECDHE_RSA_WITH_AES_128_GCM_SHA256,TLS_ECDHE_ECDSA_WITH_CHACHA20_POLY1305,TLS_ECDHE_RSA_WITH_CHACHA20_POLY1305 --tls-private-key-file=/var/lib/rancher/k3s/server/tls/serving-kube-apiserver.key
2025-01-29 18:36:28,706 INFO c.h.h.t.HelmChartContainer - [K3S] [INFO] Running kube-scheduler --authentication-kubeconfig=/var/lib/rancher/k3s/server/cred/scheduler.kubeconfig --authorization-kubeconfig=/var/lib/rancher/k3s/server/cred/scheduler.kubeconfig --bind-address=127.0.0.1 --kubeconfig=/var/lib/rancher/k3s/server/cred/scheduler.kubeconfig --leader-elect=false --profiling=false --secure-port=10259
2025-01-29 18:36:28,707 INFO c.h.h.t.HelmChartContainer - [K3S] [registry.go:256] calling componentGlobalsRegistry.AddFlags more than once, the registry will be set by the latest flags
2025-01-29 18:36:28,707 INFO c.h.h.t.HelmChartContainer - [K3S] [INFO] Waiting for API server to become available
2025-01-29 18:36:28,708 INFO c.h.h.t.HelmChartContainer - [K3S] [INFO] Running kube-controller-manager --allocate-node-cidrs=true --authentication-kubeconfig=/var/lib/rancher/k3s/server/cred/controller.kubeconfig --authorization-kubeconfig=/var/lib/rancher/k3s/server/cred/controller.kubeconfig --bind-address=127.0.0.1 --cluster-cidr=10.42.0.0/16 --cluster-signing-kube-apiserver-client-cert-file=/var/lib/rancher/k3s/server/tls/client-ca.nochain.crt --cluster-signing-kube-apiserver-client-key-file=/var/lib/rancher/k3s/server/tls/client-ca.key --cluster-signing-kubelet-client-cert-file=/var/lib/rancher/k3s/server/tls/client-ca.nochain.crt --cluster-signing-kubelet-client-key-file=/var/lib/rancher/k3s/server/tls/client-ca.key --cluster-signing-kubelet-serving-cert-file=/var/lib/rancher/k3s/server/tls/server-ca.nochain.crt --cluster-signing-kubelet-serving-key-file=/var/lib/rancher/k3s/server/tls/server-ca.key --cluster-signing-legacy-unknown-cert-file=/var/lib/rancher/k3s/server/tls/server-ca.nochain.crt --cluster-signing-legacy-unknown-key-file=/var/lib/rancher/k3s/server/tls/server-ca.key --configure-cloud-routes=false --controllers=*,tokencleaner,-service,-route,-cloud-node-lifecycle --kubeconfig=/var/lib/rancher/k3s/server/cred/controller.kubeconfig --leader-elect=false --profiling=false --root-ca-file=/var/lib/rancher/k3s/server/tls/server-ca.crt --secure-port=10257 --service-account-private-key-file=/var/lib/rancher/k3s/server/tls/service.current.key --service-cluster-ip-range=10.43.0.0/16 --use-service-account-credentials=true
2025-01-29 18:36:28,709 INFO c.h.h.t.HelmChartContainer - [K3S] [options.go:299] unable to set WatchListClient feature gate, err: cannot override default for feature "WatchListClient": gates already added to a flag set
2025-01-29 18:36:28,709 INFO c.h.h.t.HelmChartContainer - [K3S] [registry.go:256] calling componentGlobalsRegistry.AddFlags more than once, the registry will be set by the latest flags
2025-01-29 18:36:28,710 INFO c.h.h.t.HelmChartContainer - [K3S] [INFO] Running cloud-controller-manager --allocate-node-cidrs=true --authentication-kubeconfig=/var/lib/rancher/k3s/server/cred/cloud-controller.kubeconfig --authorization-kubeconfig=/var/lib/rancher/k3s/server/cred/cloud-controller.kubeconfig --bind-address=127.0.0.1 --cloud-config=/var/lib/rancher/k3s/server/etc/cloud-config.yaml --cloud-provider=k3s --cluster-cidr=10.42.0.0/16 --configure-cloud-routes=false --controllers=*,-route --kubeconfig=/var/lib/rancher/k3s/server/cred/cloud-controller.kubeconfig --leader-elect=false --leader-elect-resource-name=k3s-cloud-controller-manager --node-status-update-frequency=1m0s --profiling=false
2025-01-29 18:36:28,710 INFO c.h.h.t.HelmChartContainer - [K3S] [registry.go:256] calling componentGlobalsRegistry.AddFlags more than once, the registry will be set by the latest flags
2025-01-29 18:36:28,710 INFO c.h.h.t.HelmChartContainer - [K3S] [INFO] Server node token is available at /var/lib/rancher/k3s/server/token
2025-01-29 18:36:28,710 INFO c.h.h.t.HelmChartContainer - [K3S] [INFO] To join server node to cluster: k3s server -s https://172.18.0.2:6443 -t ${SERVER_NODE_TOKEN}
2025-01-29 18:36:28,710 INFO c.h.h.t.HelmChartContainer - [K3S] [options.go:238] external host was not specified, using 172.18.0.2
2025-01-29 18:36:28,710 INFO c.h.h.t.HelmChartContainer - [K3S] [INFO] Agent node token is available at /var/lib/rancher/k3s/server/agent-token
2025-01-29 18:36:28,711 INFO c.h.h.t.HelmChartContainer - [K3S] [INFO] To join agent node to cluster: k3s agent -s https://172.18.0.2:6443 -t ${AGENT_NODE_TOKEN}
2025-01-29 18:36:28,711 INFO c.h.h.t.HelmChartContainer - [K3S] [INFO] Wrote kubeconfig /etc/rancher/k3s/k3s.yaml
2025-01-29 18:36:28,711 INFO c.h.h.t.HelmChartContainer - [K3S] [INFO] Run: k3s kubectl
2025-01-29 18:36:28,713 INFO c.h.h.t.HelmChartContainer - [K3S] [server.go:151] Version: v1.32.1+k3s1
2025-01-29 18:36:28,713 INFO c.h.h.t.HelmChartContainer - [K3S] [server.go:153] "Golang settings" GOGC="" GOMAXPROCS="" GOTRACEBACK=""
2025-01-29 18:36:29,155 INFO c.h.h.t.HelmChartContainer - [K3S] [plugins.go:157] Loaded 13 mutating admission controller(s) successfully in the following order: NamespaceLifecycle,LimitRanger,ServiceAccount,NodeRestriction,TaintNodesByCondition,Priority,DefaultTolerationSeconds,DefaultStorageClass,StorageObjectInUseProtection,RuntimeClass,DefaultIngressClass,MutatingAdmissionPolicy,MutatingAdmissionWebhook.
2025-01-29 18:36:29,156 INFO c.h.h.t.HelmChartContainer - [K3S] [plugins.go:160] Loaded 13 validating admission controller(s) successfully in the following order: LimitRanger,ServiceAccount,PodSecurity,Priority,PersistentVolumeClaimResize,RuntimeClass,CertificateApproval,CertificateSigning,ClusterTrustBundleAttest,CertificateSubjectRestriction,ValidatingAdmissionPolicy,ValidatingAdmissionWebhook,ResourceQuota.
2025-01-29 18:36:29,156 INFO c.h.h.t.HelmChartContainer - [K3S] [instance.go:233] Using reconciler: lease
2025-01-29 18:36:29,210 INFO c.h.h.t.HelmChartContainer - [K3S] [apis.go:106] API group "internal.apiserver.k8s.io" is not enabled, skipping.
2025-01-29 18:36:29,261 INFO c.h.h.t.HelmChartContainer - [K3S] [apis.go:106] API group "storagemigration.k8s.io" is not enabled, skipping.
2025-01-29 18:36:29,290 INFO c.h.h.t.HelmChartContainer - [K3S] [apis.go:106] API group "resource.k8s.io" is not enabled, skipping.
2025-01-29 18:36:29,334 INFO c.h.h.t.HelmChartContainer - [K3S] [INFO] Password verified locally for node 63eb5a585d77
2025-01-29 18:36:29,623 INFO c.h.h.t.HelmChartContainer - [K3S] [dynamic_cafile_content.go:161] "Starting controller" name="request-header::/var/lib/rancher/k3s/server/tls/request-header-ca.crt"
2025-01-29 18:36:29,624 INFO c.h.h.t.HelmChartContainer - [K3S] [dynamic_cafile_content.go:161] "Starting controller" name="client-ca-bundle::/var/lib/rancher/k3s/server/tls/client-ca.crt"
2025-01-29 18:36:29,624 INFO c.h.h.t.HelmChartContainer - [K3S] [dynamic_serving_content.go:135] "Starting controller" name="serving-cert::/var/lib/rancher/k3s/server/tls/serving-kube-apiserver.crt::/var/lib/rancher/k3s/server/tls/serving-kube-apiserver.key"
2025-01-29 18:36:29,625 INFO c.h.h.t.HelmChartContainer - [K3S] [secure_serving.go:213] Serving securely on 127.0.0.1:6444
2025-01-29 18:36:29,625 INFO c.h.h.t.HelmChartContainer - [K3S] [local_available_controller.go:156] Starting LocalAvailability controller
2025-01-29 18:36:29,625 INFO c.h.h.t.HelmChartContainer - [K3S] [remote_available_controller.go:411] Starting RemoteAvailability controller
2025-01-29 18:36:29,625 INFO c.h.h.t.HelmChartContainer - [K3S] [cluster_authentication_trust_controller.go:462] Starting cluster_authentication_trust_controller controller
2025-01-29 18:36:29,625 INFO c.h.h.t.HelmChartContainer - [K3S] [tlsconfig.go:243] "Starting DynamicServingCertificateController"
2025-01-29 18:36:29,626 INFO c.h.h.t.HelmChartContainer - [K3S] [aggregator.go:169] waiting for initial CRD sync...
2025-01-29 18:36:29,626 INFO c.h.h.t.HelmChartContainer - [K3S] [apiservice_controller.go:100] Starting APIServiceRegistrationController
2025-01-29 18:36:29,630 INFO c.h.h.t.HelmChartContainer - [K3S] [gc_controller.go:78] Starting apiserver lease garbage collector
2025-01-29 18:36:29,631 INFO c.h.h.t.HelmChartContainer - [K3S] [controller.go:119] Starting legacy_token_tracking_controller
2025-01-29 18:36:29,632 INFO c.h.h.t.HelmChartContainer - [K3S] [dynamic_cafile_content.go:161] "Starting controller" name="client-ca-bundle::/var/lib/rancher/k3s/server/tls/client-ca.crt"
2025-01-29 18:36:29,632 INFO c.h.h.t.HelmChartContainer - [K3S] [dynamic_cafile_content.go:161] "Starting controller" name="request-header::/var/lib/rancher/k3s/server/tls/request-header-ca.crt"
2025-01-29 18:36:29,634 INFO c.h.h.t.HelmChartContainer - [K3S] [crdregistration_controller.go:114] Starting crd-autoregister controller
2025-01-29 18:36:29,635 INFO c.h.h.t.HelmChartContainer - [K3S] [controller.go:80] Starting OpenAPI V3 AggregationController
2025-01-29 18:36:29,635 INFO c.h.h.t.HelmChartContainer - [K3S] [dynamic_serving_content.go:135] "Starting controller" name="aggregator-proxy-cert::/var/lib/rancher/k3s/server/tls/client-auth-proxy.crt::/var/lib/rancher/k3s/server/tls/client-auth-proxy.key"
2025-01-29 18:36:29,636 INFO c.h.h.t.HelmChartContainer - [K3S] [controller.go:78] Starting OpenAPI AggregationController
2025-01-29 18:36:29,637 INFO c.h.h.t.HelmChartContainer - [K3S] [customresource_discovery_controller.go:292] Starting DiscoveryController
2025-01-29 18:36:29,638 INFO c.h.h.t.HelmChartContainer - [K3S] [apf_controller.go:377] Starting API Priority and Fairness config controller
2025-01-29 18:36:29,638 INFO c.h.h.t.HelmChartContainer - [K3S] [system_namespaces_controller.go:66] Starting system namespaces controller
2025-01-29 18:36:29,638 INFO c.h.h.t.HelmChartContainer - [K3S] [controller.go:142] Starting OpenAPI controller
2025-01-29 18:36:29,638 INFO c.h.h.t.HelmChartContainer - [K3S] [controller.go:90] Starting OpenAPI V3 controller
2025-01-29 18:36:29,639 INFO c.h.h.t.HelmChartContainer - [K3S] [naming_controller.go:294] Starting NamingConditionController
2025-01-29 18:36:29,639 INFO c.h.h.t.HelmChartContainer - [K3S] [establishing_controller.go:81] Starting EstablishingController
2025-01-29 18:36:29,639 INFO c.h.h.t.HelmChartContainer - [K3S] [nonstructuralschema_controller.go:195] Starting NonStructuralSchemaConditionController
2025-01-29 18:36:29,639 INFO c.h.h.t.HelmChartContainer - [K3S] [apiapproval_controller.go:189] Starting KubernetesAPIApprovalPolicyConformantConditionController
2025-01-29 18:36:29,639 INFO c.h.h.t.HelmChartContainer - [K3S] [crd_finalizer.go:269] Starting CRDFinalizer
2025-01-29 18:36:29,728 INFO c.h.h.t.HelmChartContainer - [K3S] [controller.go:145] "Failed to ensure lease exists, will retry" err="namespaces \"kube-system\" not found" interval="200ms"
2025-01-29 18:36:29,731 INFO c.h.h.t.HelmChartContainer - [K3S] [handler_discovery.go:451] Starting ResourceDiscoveryManager
2025-01-29 18:36:29,738 INFO c.h.h.t.HelmChartContainer - [K3S] [aggregator.go:171] initial CRD sync complete...
2025-01-29 18:36:29,738 INFO c.h.h.t.HelmChartContainer - [K3S] [autoregister_controller.go:144] Starting autoregister controller
2025-01-29 18:36:29,739 INFO c.h.h.t.HelmChartContainer - [K3S] [apf_controller.go:382] Running API Priority and Fairness config worker
2025-01-29 18:36:29,739 INFO c.h.h.t.HelmChartContainer - [K3S] [apf_controller.go:385] Running API Priority and Fairness periodic rebalancing process
2025-01-29 18:36:29,751 INFO c.h.h.t.HelmChartContainer - [K3S] [policy_source.go:240] refreshing policies
2025-01-29 18:36:29,780 INFO c.h.h.t.HelmChartContainer - [K3S] [controller.go:95] Unable to perform initial Kubernetes service initialization: namespaces "default" not found
2025-01-29 18:36:29,786 INFO c.h.h.t.HelmChartContainer - [K3S] [controller.go:148] "Unhandled Error" err="while syncing ConfigMap \"kube-system/kube-apiserver-legacy-service-account-token-tracking\", err: namespaces \"kube-system\" not found" logger="UnhandledError"
2025-01-29 18:36:29,857 INFO c.h.h.t.HelmChartContainer - [K3S] [controller.go:148] "Unhandled Error" err="while syncing ConfigMap \"kube-system/kube-apiserver-legacy-service-account-token-tracking\", err: namespaces \"kube-system\" not found" logger="UnhandledError"
2025-01-29 18:36:29,946 INFO c.h.h.t.HelmChartContainer - [K3S] [WARNING] Host resolv.conf includes loopback or multicast nameservers - kubelet will use autogenerated resolv.conf with nameserver 8.8.8.8
2025-01-29 18:36:29,955 INFO c.h.h.t.HelmChartContainer - [K3S] [INFO] Module overlay was already loaded
2025-01-29 18:36:29,955 INFO c.h.h.t.HelmChartContainer - [K3S] [INFO] Module nf_conntrack was already loaded
2025-01-29 18:36:29,956 INFO c.h.h.t.HelmChartContainer - [K3S] [INFO] Module br_netfilter was already loaded
2025-01-29 18:36:29,961 INFO c.h.h.t.HelmChartContainer - [K3S] [INFO] Set sysctl 'net/netfilter/nf_conntrack_max' to 131072
2025-01-29 18:36:29,961 INFO c.h.h.t.HelmChartContainer - [K3S] [INFO] Set sysctl 'net/netfilter/nf_conntrack_tcp_timeout_established' to 86400
2025-01-29 18:36:29,961 INFO c.h.h.t.HelmChartContainer - [K3S] [INFO] Set sysctl 'net/netfilter/nf_conntrack_tcp_timeout_close_wait' to 3600
2025-01-29 18:36:29,963 INFO c.h.h.t.HelmChartContainer - [K3S] [INFO] Logging containerd to /var/lib/rancher/k3s/agent/containerd/containerd.log
2025-01-29 18:36:29,963 INFO c.h.h.t.HelmChartContainer - [K3S] [INFO] Running containerd -c /var/lib/rancher/k3s/agent/etc/containerd/config.toml -a /run/k3s/containerd/containerd.sock --state /run/k3s/containerd --root /var/lib/rancher/k3s/agent/containerd
2025-01-29 18:36:30,630 INFO c.h.h.t.HelmChartContainer - [K3S] [storage_scheduling.go:95] created PriorityClass system-node-critical with value 2000001000
2025-01-29 18:36:30,633 INFO c.h.h.t.HelmChartContainer - [K3S] [storage_scheduling.go:95] created PriorityClass system-cluster-critical with value 2000000000
2025-01-29 18:36:30,633 INFO c.h.h.t.HelmChartContainer - [K3S] [storage_scheduling.go:111] all system priority classes are created successfully or already exist.
2025-01-29 18:36:30,966 INFO c.h.h.t.HelmChartContainer - [K3S] [INFO] containerd is now running
2025-01-29 18:36:30,969 INFO c.h.h.t.HelmChartContainer - [K3S] [INFO] Connecting to proxy" url="wss://127.0.0.1:6443/v1-k3s/connect
2025-01-29 18:36:30,970 INFO c.h.h.t.HelmChartContainer - [K3S] [INFO] Creating k3s-cert-monitor event broadcaster
2025-01-29 18:36:30,971 INFO c.h.h.t.HelmChartContainer - [K3S] [INFO] Running kubelet --cloud-provider=external --config-dir=/var/lib/rancher/k3s/agent/etc/kubelet.conf.d --containerd=/run/k3s/containerd/containerd.sock --hostname-override=63eb5a585d77 --kubeconfig=/var/lib/rancher/k3s/agent/kubelet.kubeconfig --node-ip=172.18.0.2 --node-labels=
2025-01-29 18:36:30,972 INFO c.h.h.t.HelmChartContainer - [K3S] [INFO] Handling backend connection request [63eb5a585d77]
2025-01-29 18:36:30,974 INFO c.h.h.t.HelmChartContainer - [K3S] [INFO] Remotedialer connected to proxy" url="wss://127.0.0.1:6443/v1-k3s/connect
2025-01-29 18:36:30,975 INFO c.h.h.t.HelmChartContainer - [K3S] Flag --containerd has been deprecated, This is a cadvisor flag that was mistakenly registered with the Kubelet. Due to legacy concerns, it will follow the standard CLI deprecation timeline before being removed.
2025-01-29 18:36:30,980 INFO c.h.h.t.HelmChartContainer - [K3S] [server.go:515] "Kubelet version" kubeletVersion="v1.32.1+k3s1"
2025-01-29 18:36:30,980 INFO c.h.h.t.HelmChartContainer - [K3S] [server.go:517] "Golang settings" GOGC="" GOMAXPROCS="" GOTRACEBACK=""
2025-01-29 18:36:30,982 INFO c.h.h.t.HelmChartContainer - [K3S] [dynamic_cafile_content.go:161] "Starting controller" name="client-ca-bundle::/var/lib/rancher/k3s/agent/client-ca.crt"
2025-01-29 18:36:30,987 INFO c.h.h.t.HelmChartContainer - [K3S] [log.go:32] "RuntimeConfig from runtime service failed" err="rpc error: code = Unimplemented desc = method RuntimeConfig not implemented"
2025-01-29 18:36:30,987 INFO c.h.h.t.HelmChartContainer - [K3S] [server.go:1416] "CRI implementation should be updated to support RuntimeConfig when KubeletCgroupDriverFromCRI feature gate has been enabled. Falling back to using cgroupDriver from kubelet config."
2025-01-29 18:36:30,988 INFO c.h.h.t.HelmChartContainer - [K3S] [alloc.go:330] "allocated clusterIPs" service="default/kubernetes" clusterIPs={"IPv4":"10.43.0.1"}
2025-01-29 18:36:30,992 INFO c.h.h.t.HelmChartContainer - [K3S] [info.go:53] Couldn't collect info from any of the files in "/etc/machine-id,/var/lib/dbus/machine-id"
2025-01-29 18:36:30,993 INFO c.h.h.t.HelmChartContainer - [K3S] [server.go:767] "--cgroups-per-qos enabled, but --cgroup-root was not specified.  defaulting to /"
2025-01-29 18:36:30,993 INFO c.h.h.t.HelmChartContainer - [K3S] [server.go:836] "NoSwap is set due to memorySwapBehavior not specified" memorySwapBehavior="" FailSwapOn=false
2025-01-29 18:36:30,995 INFO c.h.h.t.HelmChartContainer - [K3S] [swap_util.go:115] "Swap is on" /proc/swaps contents=<
2025-01-29 18:36:30,995 INFO c.h.h.t.HelmChartContainer - [K3S] 	Filename				Type		Size		Used		Priority
2025-01-29 18:36:30,995 INFO c.h.h.t.HelmChartContainer - [K3S] 	/mnt/swapfile                           file		4194300		0		-2
2025-01-29 18:36:30,995 INFO c.h.h.t.HelmChartContainer - [K3S]  >
2025-01-29 18:36:30,995 INFO c.h.h.t.HelmChartContainer - [K3S] [container_manager_linux.go:268] "Container manager verified user specified cgroup-root exists" cgroupRoot=[]
2025-01-29 18:36:30,996 INFO c.h.h.t.HelmChartContainer - [K3S] [container_manager_linux.go:273] "Creating Container Manager object based on Node Config" nodeConfig={"NodeName":"63eb5a585d77","RuntimeCgroupsName":"","SystemCgroupsName":"","KubeletCgroupsName":"/k3s","KubeletOOMScoreAdj":-999,"ContainerRuntime":"","CgroupsPerQOS":true,"CgroupRoot":"/","CgroupDriver":"cgroupfs","KubeletRootDir":"/var/lib/kubelet","ProtectKernelDefaults":false,"KubeReservedCgroupName":"","SystemReservedCgroupName":"","ReservedSystemCPUs":{},"EnforceNodeAllocatable":{"pods":{}},"KubeReserved":null,"SystemReserved":null,"HardEvictionThresholds":[{"Signal":"imagefs.available","Operator":"LessThan","Value":{"Quantity":null,"Percentage":0.05},"GracePeriod":0,"MinReclaim":null},{"Signal":"nodefs.available","Operator":"LessThan","Value":{"Quantity":null,"Percentage":0.05},"GracePeriod":0,"MinReclaim":null}],"QOSReserved":{},"CPUManagerPolicy":"none","CPUManagerPolicyOptions":null,"TopologyManagerScope":"container","CPUManagerReconcilePeriod":10000000000,"ExperimentalMemoryManagerPolicy":"None","ExperimentalMemoryManagerReservedMemory":null,"PodPidsLimit":-1,"EnforceCPULimits":true,"CPUCFSQuotaPeriod":100000000,"TopologyManagerPolicy":"none","TopologyManagerPolicyOptions":null,"CgroupVersion":2}
2025-01-29 18:36:30,996 INFO c.h.h.t.HelmChartContainer - [K3S] [topology_manager.go:138] "Creating topology manager with none policy"
2025-01-29 18:36:30,996 INFO c.h.h.t.HelmChartContainer - [K3S] [container_manager_linux.go:304] "Creating device plugin manager"
2025-01-29 18:36:30,996 INFO c.h.h.t.HelmChartContainer - [K3S] [lease.go:265] Resetting endpoints for master service "kubernetes" to [172.18.0.2]
2025-01-29 18:36:30,996 INFO c.h.h.t.HelmChartContainer - [K3S] [state_mem.go:36] "Initialized new in-memory state store"
2025-01-29 18:36:30,996 INFO c.h.h.t.HelmChartContainer - [K3S] [kubelet.go:446] "Attempting to sync node with API server"
2025-01-29 18:36:30,996 INFO c.h.h.t.HelmChartContainer - [K3S] [kubelet.go:341] "Adding static pod path" path="/var/lib/rancher/k3s/agent/pod-manifests"
2025-01-29 18:36:30,996 INFO c.h.h.t.HelmChartContainer - [K3S] [kubelet.go:352] "Adding apiserver pod source"
2025-01-29 18:36:30,996 INFO c.h.h.t.HelmChartContainer - [K3S] [apiserver.go:42] "Waiting for node sync before watching apiserver pods"
2025-01-29 18:36:30,996 INFO c.h.h.t.HelmChartContainer - [K3S] [kuberuntime_manager.go:269] "Container runtime initialized" containerRuntime="containerd" version="v1.7.23-k3s2" apiVersion="v1"
2025-01-29 18:36:30,997 INFO c.h.h.t.HelmChartContainer - [K3S] [kubelet.go:890] "Not starting ClusterTrustBundle informer because we are in static kubelet mode"
2025-01-29 18:36:30,997 INFO c.h.h.t.HelmChartContainer - [K3S] [probe.go:272] Flexvolume plugin directory at /usr/libexec/kubernetes/kubelet-plugins/volume/exec/ does not exist. Recreating.
2025-01-29 18:36:30,998 INFO c.h.h.t.HelmChartContainer - [K3S] [watchdog_linux.go:99] "Systemd watchdog is not enabled"
2025-01-29 18:36:30,999 INFO c.h.h.t.HelmChartContainer - [K3S] [server.go:1282] "Started kubelet"
2025-01-29 18:36:31,002 INFO c.h.h.t.HelmChartContainer - [K3S] [fs_resource_analyzer.go:67] "Starting FS ResourceAnalyzer"
2025-01-29 18:36:31,004 INFO c.h.h.t.HelmChartContainer - [K3S] [volume_manager.go:297] "Starting Kubelet Volume Manager"
2025-01-29 18:36:31,005 INFO c.h.h.t.HelmChartContainer - [K3S] [kubelet_node_status.go:467] "Error getting the current node from lister" err="node \"63eb5a585d77\" not found"
2025-01-29 18:36:31,006 INFO c.h.h.t.HelmChartContainer - [K3S] [server.go:169] "Starting to listen" address="0.0.0.0" port=10250
2025-01-29 18:36:31,006 INFO c.h.h.t.HelmChartContainer - [K3S] [server.go:208] "Starting to listen read-only" address="0.0.0.0" port=10255
2025-01-29 18:36:31,008 INFO c.h.h.t.HelmChartContainer - [K3S] [desired_state_of_world_populator.go:149] "Desired state populator starts to run"
2025-01-29 18:36:31,009 INFO c.h.h.t.HelmChartContainer - [K3S] [reconciler.go:26] "Reconciler: start to sync state"
2025-01-29 18:36:31,010 INFO c.h.h.t.HelmChartContainer - [K3S] [ratelimit.go:55] "Setting rate limiting for endpoint" service="podresources" qps=100 burstTokens=10
2025-01-29 18:36:31,010 INFO c.h.h.t.HelmChartContainer - [K3S] [server.go:243] "Starting to serve the podresources API" endpoint="unix:/var/lib/kubelet/pod-resources/kubelet.sock"
2025-01-29 18:36:31,010 INFO c.h.h.t.HelmChartContainer - [K3S] [dynamic_serving_content.go:135] "Starting controller" name="kubelet-server-cert-files::/var/lib/rancher/k3s/agent/serving-kubelet.crt::/var/lib/rancher/k3s/agent/serving-kubelet.key"
2025-01-29 18:36:31,011 INFO c.h.h.t.HelmChartContainer - [K3S] [factory.go:221] Registration of the systemd container factory successfully
2025-01-29 18:36:31,011 INFO c.h.h.t.HelmChartContainer - [K3S] [factory.go:219] Registration of the crio container factory failed: Get "http://%2Fvar%2Frun%2Fcrio%2Fcrio.sock/info": dial unix /var/run/crio/crio.sock: connect: no such file or directory
2025-01-29 18:36:31,011 INFO c.h.h.t.HelmChartContainer - [K3S] [kubelet.go:1561] "Image garbage collection failed once. Stats initialization may not have completed yet" err="invalid capacity 0 on image filesystem"
2025-01-29 18:36:31,012 INFO c.h.h.t.HelmChartContainer - [K3S] [server.go:490] "Adding debug handlers to kubelet server"
2025-01-29 18:36:31,016 INFO c.h.h.t.HelmChartContainer - [K3S] [factory.go:221] Registration of the containerd container factory successfully
2025-01-29 18:36:31,019 INFO c.h.h.t.HelmChartContainer - [K3S] [nodelease.go:49] "Failed to get node when trying to set owner ref to the node lease" err="nodes \"63eb5a585d77\" not found" node="63eb5a585d77"
2025-01-29 18:36:31,029 INFO c.h.h.t.HelmChartContainer - [K3S] [kubelet_network_linux.go:50] "Initialized iptables rules." protocol="IPv4"
2025-01-29 18:36:31,030 INFO c.h.h.t.HelmChartContainer - [K3S] [kubelet_network_linux.go:50] "Initialized iptables rules." protocol="IPv6"
2025-01-29 18:36:31,030 INFO c.h.h.t.HelmChartContainer - [K3S] [status_manager.go:227] "Starting to sync pod status with apiserver"
2025-01-29 18:36:31,030 INFO c.h.h.t.HelmChartContainer - [K3S] [watchdog_linux.go:127] "Systemd watchdog is not enabled or the interval is invalid, so health checking will not be started."
2025-01-29 18:36:31,030 INFO c.h.h.t.HelmChartContainer - [K3S] [kubelet.go:2388] "Starting kubelet main sync loop"
2025-01-29 18:36:31,030 INFO c.h.h.t.HelmChartContainer - [K3S] [kubelet.go:2412] "Skipping pod synchronization" err="[container runtime status check may not have completed yet, PLEG is not healthy: pleg has yet to be successful]"
2025-01-29 18:36:31,039 INFO c.h.h.t.HelmChartContainer - [K3S] [cpu_manager.go:221] "Starting CPU manager" policy="none"
2025-01-29 18:36:31,039 INFO c.h.h.t.HelmChartContainer - [K3S] [cpu_manager.go:222] "Reconciling" reconcilePeriod="10s"
2025-01-29 18:36:31,047 INFO c.h.h.t.HelmChartContainer - [K3S] [state_mem.go:36] "Initialized new in-memory state store"
2025-01-29 18:36:31,047 INFO c.h.h.t.HelmChartContainer - [K3S] [policy_none.go:49] "None policy: Start"
2025-01-29 18:36:31,047 INFO c.h.h.t.HelmChartContainer - [K3S] [memory_manager.go:186] "Starting memorymanager" policy="None"
2025-01-29 18:36:31,048 INFO c.h.h.t.HelmChartContainer - [K3S] [state_mem.go:35] "Initializing new in-memory state store"
2025-01-29 18:36:31,051 INFO c.h.h.t.HelmChartContainer - [K3S] [manager.go:519] "Failed to read data from checkpoint" checkpoint="kubelet_internal_checkpoint" err="checkpoint is not found"
2025-01-29 18:36:31,052 INFO c.h.h.t.HelmChartContainer - [K3S] [eviction_manager.go:189] "Eviction manager: starting control loop"
2025-01-29 18:36:31,053 INFO c.h.h.t.HelmChartContainer - [K3S] [container_log_manager.go:189] "Initializing container log rotate workers" workers=1 monitorPeriod="10s"
2025-01-29 18:36:31,053 INFO c.h.h.t.HelmChartContainer - [K3S] [plugin_manager.go:118] "Starting Kubelet Plugin Manager"
2025-01-29 18:36:31,055 INFO c.h.h.t.HelmChartContainer - [K3S] [eviction_manager.go:267] "eviction manager: failed to check if we have separate container filesystem. Ignoring." err="no imagefs label for configured runtime"
2025-01-29 18:36:31,055 INFO c.h.h.t.HelmChartContainer - [K3S] [eviction_manager.go:292] "Eviction manager: failed to get summary stats" err="failed to get node info: node \"63eb5a585d77\" not found"
2025-01-29 18:36:31,096 INFO c.h.h.t.HelmChartContainer - [K3S] [ERROR] Sending HTTP/1.1 503 response to 127.0.0.1:52566: runtime core not ready
2025-01-29 18:36:31,155 INFO c.h.h.t.HelmChartContainer - [K3S] [kubelet_node_status.go:76] "Attempting to register node" node="63eb5a585d77"
2025-01-29 18:36:31,159 INFO c.h.h.t.HelmChartContainer - [K3S] [kubelet_node_status.go:79] "Successfully registered node" node="63eb5a585d77"
2025-01-29 18:36:31,159 INFO c.h.h.t.HelmChartContainer - [K3S] [kubelet_node_status.go:549] "Error updating node status, will retry" err="error getting node \"63eb5a585d77\": node \"63eb5a585d77\" not found"
2025-01-29 18:36:31,163 INFO c.h.h.t.HelmChartContainer - [K3S] [INFO] Annotations and labels have been set successfully on node: 63eb5a585d77
2025-01-29 18:36:31,163 INFO c.h.h.t.HelmChartContainer - [K3S] [INFO] Starting flannel with backend vxlan
2025-01-29 18:36:31,194 INFO c.h.h.t.HelmChartContainer - [K3S] [INFO] Running kube-proxy --cluster-cidr=10.42.0.0/16 --conntrack-max-per-core=0 --conntrack-tcp-timeout-close-wait=0s --conntrack-tcp-timeout-established=0s --healthz-bind-address=127.0.0.1 --hostname-override=63eb5a585d77 --kubeconfig=/var/lib/rancher/k3s/agent/kubeproxy.kubeconfig --proxy-mode=iptables
2025-01-29 18:36:31,236 INFO c.h.h.t.HelmChartContainer - [K3S] [server.go:698] "Successfully retrieved node IP(s)" IPs=["172.18.0.2"]
2025-01-29 18:36:31,236 INFO c.h.h.t.HelmChartContainer - [K3S] [server.go:234] "Kube-proxy configuration may be incomplete or incorrect" err="nodePortAddresses is unset; NodePort connections will be accepted on all local IPs. Consider using `--nodeport-addresses primary`"
2025-01-29 18:36:31,239 INFO c.h.h.t.HelmChartContainer - [K3S] [server.go:243] "kube-proxy running in dual-stack mode" primary ipFamily="IPv4"
2025-01-29 18:36:31,239 INFO c.h.h.t.HelmChartContainer - [K3S] [server_linux.go:170] "Using iptables Proxier"
2025-01-29 18:36:31,240 INFO c.h.h.t.HelmChartContainer - [K3S] [proxier.go:255] "Setting route_localnet=1 to allow node-ports on localhost; to change this either disable iptables.localhostNodePorts (--iptables-localhost-nodeports) or set nodePortAddresses (--nodeport-addresses) to filter loopback addresses"
2025-01-29 18:36:31,244 INFO c.h.h.t.HelmChartContainer - [K3S] [server.go:497] "Version info" version="v1.32.1+k3s1"
2025-01-29 18:36:31,244 INFO c.h.h.t.HelmChartContainer - [K3S] [server.go:499] "Golang settings" GOGC="" GOMAXPROCS="" GOTRACEBACK=""
2025-01-29 18:36:31,245 INFO c.h.h.t.HelmChartContainer - [K3S] [config.go:329] "Starting node config controller"
2025-01-29 18:36:31,248 INFO c.h.h.t.HelmChartContainer - [K3S] [config.go:199] "Starting service config controller"
2025-01-29 18:36:31,248 INFO c.h.h.t.HelmChartContainer - [K3S] [config.go:105] "Starting endpoint slice config controller"
2025-01-29 18:36:31,364 INFO c.h.h.t.HelmChartContainer - [K3S] [kubelet_node_status.go:502] "Fast updating node status as it just became ready"
2025-01-29 18:36:31,708 INFO c.h.h.t.HelmChartContainer - [K3S] [INFO] Kube API server is now running
2025-01-29 18:36:31,709 INFO c.h.h.t.HelmChartContainer - [K3S] [INFO] ETCD server is now running
2025-01-29 18:36:31,709 INFO c.h.h.t.HelmChartContainer - [K3S] [INFO] k3s is up and running
2025-01-29 18:36:31,709 INFO c.h.h.t.HelmChartContainer - [K3S] [INFO] Waiting for untainted node
2025-01-29 18:36:31,712 INFO c.h.h.t.HelmChartContainer - [K3S] [INFO] Waiting for cloud-controller-manager privileges to become available
2025-01-29 18:36:31,712 INFO c.h.h.t.HelmChartContainer - [K3S] [INFO] Creating k3s-supervisor event broadcaster
2025-01-29 18:36:31,716 INFO c.h.h.t.HelmChartContainer - [K3S] [INFO] Applying CRD addons.k3s.cattle.io
2025-01-29 18:36:31,725 INFO c.h.h.t.HelmChartContainer - [K3S] [INFO] Applying CRD etcdsnapshotfiles.k3s.cattle.io
2025-01-29 18:36:31,736 INFO c.h.h.t.HelmChartContainer - [K3S] [INFO] Applying CRD helmcharts.helm.cattle.io
2025-01-29 18:36:31,749 INFO c.h.h.t.HelmChartContainer - [K3S] [INFO] Applying CRD helmchartconfigs.helm.cattle.io
2025-01-29 18:36:31,760 INFO c.h.h.t.HelmChartContainer - [K3S] [INFO] Waiting for CRD helmchartconfigs.helm.cattle.io to become available
2025-01-29 18:36:31,994 INFO c.h.h.t.HelmChartContainer - [K3S] [apiserver.go:52] "Watching apiserver"
2025-01-29 18:36:32,008 INFO c.h.h.t.HelmChartContainer - [K3S] [desired_state_of_world_populator.go:157] "Finished populating initial desired state of world"
2025-01-29 18:36:32,149 INFO c.h.h.t.HelmChartContainer - [K3S] [serving.go:392] Generated self-signed cert in-memory
2025-01-29 18:36:32,264 INFO c.h.h.t.HelmChartContainer - [K3S] [INFO] Done waiting for CRD helmchartconfigs.helm.cattle.io to become available
2025-01-29 18:36:32,265 INFO c.h.h.t.HelmChartContainer - [K3S] [INFO] Writing static file: /var/lib/rancher/k3s/server/static/charts/traefik-27.0.201+up27.0.2.tgz
2025-01-29 18:36:32,266 INFO c.h.h.t.HelmChartContainer - [K3S] [INFO] Writing static file: /var/lib/rancher/k3s/server/static/charts/traefik-crd-27.0.201+up27.0.2.tgz
2025-01-29 18:36:32,266 INFO c.h.h.t.HelmChartContainer - [K3S] [INFO] Writing manifest: /var/lib/rancher/k3s/server/manifests/coredns.yaml
2025-01-29 18:36:32,266 INFO c.h.h.t.HelmChartContainer - [K3S] [INFO] Writing manifest: /var/lib/rancher/k3s/server/manifests/metrics-server/auth-reader.yaml
2025-01-29 18:36:32,267 INFO c.h.h.t.HelmChartContainer - [K3S] [INFO] Writing manifest: /var/lib/rancher/k3s/server/manifests/metrics-server/metrics-server-deployment.yaml
2025-01-29 18:36:32,267 INFO c.h.h.t.HelmChartContainer - [K3S] [INFO] Writing manifest: /var/lib/rancher/k3s/server/manifests/metrics-server/metrics-server-service.yaml
2025-01-29 18:36:32,268 INFO c.h.h.t.HelmChartContainer - [K3S] [INFO] Writing manifest: /var/lib/rancher/k3s/server/manifests/metrics-server/resource-reader.yaml
2025-01-29 18:36:32,268 INFO c.h.h.t.HelmChartContainer - [K3S] [INFO] Writing manifest: /var/lib/rancher/k3s/server/manifests/ccm.yaml
2025-01-29 18:36:32,268 INFO c.h.h.t.HelmChartContainer - [K3S] [INFO] Writing manifest: /var/lib/rancher/k3s/server/manifests/local-storage.yaml
2025-01-29 18:36:32,268 INFO c.h.h.t.HelmChartContainer - [K3S] [INFO] Writing manifest: /var/lib/rancher/k3s/server/manifests/metrics-server/aggregated-metrics-reader.yaml
2025-01-29 18:36:32,268 INFO c.h.h.t.HelmChartContainer - [K3S] [INFO] Writing manifest: /var/lib/rancher/k3s/server/manifests/metrics-server/auth-delegator.yaml
2025-01-29 18:36:32,268 INFO c.h.h.t.HelmChartContainer - [K3S] [INFO] Writing manifest: /var/lib/rancher/k3s/server/manifests/metrics-server/metrics-apiservice.yaml
2025-01-29 18:36:32,269 INFO c.h.h.t.HelmChartContainer - [K3S] [INFO] Writing manifest: /var/lib/rancher/k3s/server/manifests/rolebindings.yaml
2025-01-29 18:36:32,269 INFO c.h.h.t.HelmChartContainer - [K3S] [INFO] Writing manifest: /var/lib/rancher/k3s/server/manifests/runtimes.yaml
2025-01-29 18:36:32,270 INFO c.h.h.t.HelmChartContainer - [K3S] [INFO] Starting dynamiclistener CN filter node controller with SANs: [localhost 127.0.0.1 ::1 localhost 63eb5a585d77 172.18.0.2 10.43.0.1 kubernetes kubernetes.default kubernetes.default.svc kubernetes.default.svc.cluster.local]
2025-01-29 18:36:32,270 INFO c.h.h.t.HelmChartContainer - [K3S] [INFO] Tunnel server egress proxy mode: agent
2025-01-29 18:36:32,378 INFO c.h.h.t.HelmChartContainer - [K3S] [INFO] Starting k3s.cattle.io/v1, Kind=Addon controller
2025-01-29 18:36:32,379 INFO c.h.h.t.HelmChartContainer - [K3S] [INFO] Creating deploy event broadcaster
2025-01-29 18:36:32,481 INFO c.h.h.t.HelmChartContainer - [K3S] [INFO] Starting /v1, Kind=Node controller
2025-01-29 18:36:32,490 INFO c.h.h.t.HelmChartContainer - [K3S] [INFO] Creating helm-controller event broadcaster
2025-01-29 18:36:32,502 INFO c.h.h.t.HelmChartContainer - [K3S] [INFO] Cluster dns configmap has been set successfully
2025-01-29 18:36:32,544 INFO c.h.h.t.HelmChartContainer - [K3S] [INFO] Starting /v1, Kind=ServiceAccount controller
2025-01-29 18:36:32,544 INFO c.h.h.t.HelmChartContainer - [K3S] [INFO] Starting /v1, Kind=ConfigMap controller
2025-01-29 18:36:32,544 INFO c.h.h.t.HelmChartContainer - [K3S] [INFO] Starting /v1, Kind=Secret controller
2025-01-29 18:36:32,551 INFO c.h.h.t.HelmChartContainer - [K3S] [INFO] Updating TLS secret for kube-system/k3s-serving (count: 10): map[listener.cattle.io/cn-10.43.0.1:10.43.0.1 listener.cattle.io/cn-127.0.0.1:127.0.0.1 listener.cattle.io/cn-172.18.0.2:172.18.0.2 listener.cattle.io/cn-63eb5a585d77:63eb5a585d77 listener.cattle.io/cn-__1-f16284:::1 listener.cattle.io/cn-kubernetes:kubernetes listener.cattle.io/cn-kubernetes.default:kubernetes.default listener.cattle.io/cn-kubernetes.default.svc:kubernetes.default.svc listener.cattle.io/cn-kubernetes.default.svc.cluster.local:kubernetes.default.svc.cluster.local listener.cattle.io/cn-localhost:localhost listener.cattle.io/fingerprint:SHA1=F371FB941169874FC490BA5FA1B6DBBE018129BA]
2025-01-29 18:36:32,554 INFO c.h.h.t.HelmChartContainer - [K3S] [INFO] Active TLS secret kube-system/k3s-serving (ver=229) (count 10): map[listener.cattle.io/cn-10.43.0.1:10.43.0.1 listener.cattle.io/cn-127.0.0.1:127.0.0.1 listener.cattle.io/cn-172.18.0.2:172.18.0.2 listener.cattle.io/cn-63eb5a585d77:63eb5a585d77 listener.cattle.io/cn-__1-f16284:::1 listener.cattle.io/cn-kubernetes:kubernetes listener.cattle.io/cn-kubernetes.default:kubernetes.default listener.cattle.io/cn-kubernetes.default.svc:kubernetes.default.svc listener.cattle.io/cn-kubernetes.default.svc.cluster.local:kubernetes.default.svc.cluster.local listener.cattle.io/cn-localhost:localhost listener.cattle.io/fingerprint:SHA1=F371FB941169874FC490BA5FA1B6DBBE018129BA]
2025-01-29 18:36:32,605 INFO c.h.h.t.HelmChartContainer - [K3S] [INFO] Starting helm.cattle.io/v1, Kind=HelmChart controller
2025-01-29 18:36:32,605 INFO c.h.h.t.HelmChartContainer - [K3S] [INFO] Starting helm.cattle.io/v1, Kind=HelmChartConfig controller
2025-01-29 18:36:32,609 INFO c.h.h.t.HelmChartContainer - [K3S] [INFO] Starting rbac.authorization.k8s.io/v1, Kind=ClusterRoleBinding controller
2025-01-29 18:36:32,612 INFO c.h.h.t.HelmChartContainer - [K3S] [INFO] Starting batch/v1, Kind=Job controller
2025-01-29 18:36:32,648 INFO c.h.h.t.HelmChartContainer - [K3S] [INFO] Updating TLS secret for kube-system/k3s-serving (count: 10): map[listener.cattle.io/cn-10.43.0.1:10.43.0.1 listener.cattle.io/cn-127.0.0.1:127.0.0.1 listener.cattle.io/cn-172.18.0.2:172.18.0.2 listener.cattle.io/cn-63eb5a585d77:63eb5a585d77 listener.cattle.io/cn-__1-f16284:::1 listener.cattle.io/cn-kubernetes:kubernetes listener.cattle.io/cn-kubernetes.default:kubernetes.default listener.cattle.io/cn-kubernetes.default.svc:kubernetes.default.svc listener.cattle.io/cn-kubernetes.default.svc.cluster.local:kubernetes.default.svc.cluster.local listener.cattle.io/cn-localhost:localhost listener.cattle.io/fingerprint:SHA1=F371FB941169874FC490BA5FA1B6DBBE018129BA]
2025-01-29 18:36:32,860 INFO c.h.h.t.HelmChartContainer - [K3S] [controllermanager.go:185] "Starting" version="v1.32.1+k3s1"
2025-01-29 18:36:32,860 INFO c.h.h.t.HelmChartContainer - [K3S] [controllermanager.go:187] "Golang settings" GOGC="" GOMAXPROCS="" GOTRACEBACK=""
2025-01-29 18:36:32,865 INFO c.h.h.t.HelmChartContainer - [K3S] [configmap_cafile_content.go:205] "Starting controller" name="client-ca::kube-system::extension-apiserver-authentication::client-ca-file"
2025-01-29 18:36:32,865 INFO c.h.h.t.HelmChartContainer - [K3S] [configmap_cafile_content.go:205] "Starting controller" name="client-ca::kube-system::extension-apiserver-authentication::requestheader-client-ca-file"
2025-01-29 18:36:32,865 INFO c.h.h.t.HelmChartContainer - [K3S] [tlsconfig.go:243] "Starting DynamicServingCertificateController"
2025-01-29 18:36:32,865 INFO c.h.h.t.HelmChartContainer - [K3S] [requestheader_controller.go:180] Starting RequestHeaderAuthRequestController
2025-01-29 18:36:32,865 INFO c.h.h.t.HelmChartContainer - [K3S] [secure_serving.go:213] Serving securely on 127.0.0.1:10257
2025-01-29 18:36:32,868 INFO c.h.h.t.HelmChartContainer - [K3S] [controllermanager.go:765] "Started controller" controller="serviceaccount-token-controller"
2025-01-29 18:36:32,868 INFO c.h.h.t.HelmChartContainer - [K3S] [controllermanager.go:743] "Warning: skipping controller" controller="storage-version-migrator-controller"
2025-01-29 18:36:32,875 INFO c.h.h.t.HelmChartContainer - [K3S] [controllermanager.go:765] "Started controller" controller="endpointslice-controller"
2025-01-29 18:36:32,875 INFO c.h.h.t.HelmChartContainer - [K3S] [endpointslice_controller.go:281] "Starting endpoint slice controller"
2025-01-29 18:36:32,882 INFO c.h.h.t.HelmChartContainer - [K3S] [controllermanager.go:765] "Started controller" controller="deployment-controller"
2025-01-29 18:36:32,882 INFO c.h.h.t.HelmChartContainer - [K3S] [deployment_controller.go:173] "Starting controller" controller="deployment"
2025-01-29 18:36:32,882 INFO c.h.h.t.HelmChartContainer - [K3S] [controllermanager.go:717] "Controller is disabled by a feature gate" controller="volumeattributesclass-protection-controller" requiredFeatureGates=["VolumeAttributesClass"]
2025-01-29 18:36:32,882 INFO c.h.h.t.HelmChartContainer - [K3S] [controllermanager.go:717] "Controller is disabled by a feature gate" controller="kube-apiserver-serving-clustertrustbundle-publisher-controller" requiredFeatureGates=["ClusterTrustBundle"]
2025-01-29 18:36:32,883 INFO c.h.h.t.HelmChartContainer - [K3S] [controllermanager.go:717] "Controller is disabled by a feature gate" controller="resourceclaim-controller" requiredFeatureGates=["DynamicResourceAllocation"]
2025-01-29 18:36:32,889 INFO c.h.h.t.HelmChartContainer - [K3S] [controllermanager.go:765] "Started controller" controller="ttl-after-finished-controller"
2025-01-29 18:36:32,889 INFO c.h.h.t.HelmChartContainer - [K3S] [ttlafterfinished_controller.go:112] "Starting TTL after finished controller"
2025-01-29 18:36:32,893 INFO c.h.h.t.HelmChartContainer - [K3S] [controllermanager.go:765] "Started controller" controller="replicationcontroller-controller"
2025-01-29 18:36:32,894 INFO c.h.h.t.HelmChartContainer - [K3S] [replica_set.go:217] "Starting controller" name="replicationcontroller"
2025-01-29 18:36:32,902 INFO c.h.h.t.HelmChartContainer - [K3S] [graph_builder.go:351] "Running" component="GraphBuilder"
2025-01-29 18:36:32,902 INFO c.h.h.t.HelmChartContainer - [K3S] [controllermanager.go:765] "Started controller" controller="garbage-collector-controller"
2025-01-29 18:36:32,909 INFO c.h.h.t.HelmChartContainer - [K3S] [controllermanager.go:765] "Started controller" controller="daemonset-controller"
2025-01-29 18:36:32,909 INFO c.h.h.t.HelmChartContainer - [K3S] [daemon_controller.go:294] "Starting daemon sets controller"
2025-01-29 18:36:32,917 INFO c.h.h.t.HelmChartContainer - [K3S] [controllermanager.go:765] "Started controller" controller="replicaset-controller"
2025-01-29 18:36:32,917 INFO c.h.h.t.HelmChartContainer - [K3S] [replica_set.go:217] "Starting controller" name="replicaset"
2025-01-29 18:36:32,922 INFO c.h.h.t.HelmChartContainer - [K3S] [controllermanager.go:765] "Started controller" controller="statefulset-controller"
2025-01-29 18:36:32,922 INFO c.h.h.t.HelmChartContainer - [K3S] [controllermanager.go:723] "Skipping a cloud provider controller" controller="node-route-controller"
2025-01-29 18:36:32,923 INFO c.h.h.t.HelmChartContainer - [K3S] [controllermanager.go:728] "Warning: controller is disabled" controller="bootstrap-signer-controller"
2025-01-29 18:36:32,923 INFO c.h.h.t.HelmChartContainer - [K3S] [stateful_set.go:166] "Starting stateful set controller"
2025-01-29 18:36:32,928 INFO c.h.h.t.HelmChartContainer - [K3S] [controllermanager.go:765] "Started controller" controller="persistentvolume-attach-detach-controller"
2025-01-29 18:36:32,928 INFO c.h.h.t.HelmChartContainer - [K3S] [attach_detach_controller.go:338] "Starting attach detach controller"
2025-01-29 18:36:33,077 INFO c.h.h.t.HelmChartContainer - [K3S] [controllermanager.go:765] "Started controller" controller="legacy-serviceaccount-token-cleaner-controller"
2025-01-29 18:36:33,078 INFO c.h.h.t.HelmChartContainer - [K3S] [legacy_serviceaccount_token_cleaner.go:103] "Starting legacy service account token cleaner controller"
2025-01-29 18:36:33,222 INFO c.h.h.t.HelmChartContainer - [K3S] [controllermanager.go:765] "Started controller" controller="endpointslice-mirroring-controller"
2025-01-29 18:36:33,222 INFO c.h.h.t.HelmChartContainer - [K3S] [endpointslicemirroring_controller.go:227] "Starting EndpointSliceMirroring controller"
2025-01-29 18:36:33,372 INFO c.h.h.t.HelmChartContainer - [K3S] [node_lifecycle_controller.go:432] "Controller will reconcile labels"
2025-01-29 18:36:33,373 INFO c.h.h.t.HelmChartContainer - [K3S] [controllermanager.go:765] "Started controller" controller="node-lifecycle-controller"
2025-01-29 18:36:33,373 INFO c.h.h.t.HelmChartContainer - [K3S] [controllermanager.go:723] "Skipping a cloud provider controller" controller="service-lb-controller"
2025-01-29 18:36:33,373 INFO c.h.h.t.HelmChartContainer - [K3S] [controllermanager.go:723] "Skipping a cloud provider controller" controller="cloud-node-lifecycle-controller"
2025-01-29 18:36:33,373 INFO c.h.h.t.HelmChartContainer - [K3S] [node_lifecycle_controller.go:466] "Sending events to api server"
2025-01-29 18:36:33,373 INFO c.h.h.t.HelmChartContainer - [K3S] [node_lifecycle_controller.go:477] "Starting node controller"
2025-01-29 18:36:33,507 INFO c.h.h.t.HelmChartContainer - [K3S] [INFO] Labels and annotations have been set successfully on node: 63eb5a585d77
2025-01-29 18:36:33,521 INFO c.h.h.t.HelmChartContainer - [K3S] [controllermanager.go:765] "Started controller" controller="persistentvolume-binder-controller"
2025-01-29 18:36:33,522 INFO c.h.h.t.HelmChartContainer - [K3S] [pv_controller_base.go:308] "Starting persistent volume controller"
2025-01-29 18:36:33,672 INFO c.h.h.t.HelmChartContainer - [K3S] [controllermanager.go:765] "Started controller" controller="ephemeral-volume-controller"
2025-01-29 18:36:33,672 INFO c.h.h.t.HelmChartContainer - [K3S] [controller.go:173] "Starting ephemeral volume controller"
2025-01-29 18:36:33,871 INFO c.h.h.t.HelmChartContainer - [K3S] [controllermanager.go:765] "Started controller" controller="validatingadmissionpolicy-status-controller"
2025-01-29 18:36:34,022 INFO c.h.h.t.HelmChartContainer - [K3S] [controllermanager.go:765] "Started controller" controller="pod-garbage-collector-controller"
2025-01-29 18:36:34,022 INFO c.h.h.t.HelmChartContainer - [K3S] [gc_controller.go:99] "Starting GC controller"
2025-01-29 18:36:34,327 INFO c.h.h.t.HelmChartContainer - [K3S] [controllermanager.go:765] "Started controller" controller="resourcequota-controller"
2025-01-29 18:36:34,327 INFO c.h.h.t.HelmChartContainer - [K3S] [resource_quota_controller.go:300] "Starting resource quota controller"
2025-01-29 18:36:34,391 INFO c.h.h.t.HelmChartContainer - [K3S] [event.go:389] "Event occurred" object="kube-system/ccm" fieldPath="" kind="Addon" apiVersion="k3s.cattle.io/v1" type="Normal" reason="ApplyingManifest" message="Applying manifest at \"/var/lib/rancher/k3s/server/manifests/ccm.yaml\""
2025-01-29 18:36:34,429 INFO c.h.h.t.HelmChartContainer - [K3S] [event.go:389] "Event occurred" object="kube-system/ccm" fieldPath="" kind="Addon" apiVersion="k3s.cattle.io/v1" type="Normal" reason="AppliedManifest" message="Applied manifest at \"/var/lib/rancher/k3s/server/manifests/ccm.yaml\""
2025-01-29 18:36:34,440 INFO c.h.h.t.HelmChartContainer - [K3S] [event.go:389] "Event occurred" object="kube-system/coredns" fieldPath="" kind="Addon" apiVersion="k3s.cattle.io/v1" type="Normal" reason="ApplyingManifest" message="Applying manifest at \"/var/lib/rancher/k3s/server/manifests/coredns.yaml\""
2025-01-29 18:36:34,472 INFO c.h.h.t.HelmChartContainer - [K3S] [controllermanager.go:765] "Started controller" controller="cronjob-controller"
2025-01-29 18:36:34,472 INFO c.h.h.t.HelmChartContainer - [K3S] [cronjob_controllerv2.go:145] "Starting cronjob controller v2"
2025-01-29 18:36:34,493 INFO c.h.h.t.HelmChartContainer - [K3S] [event.go:389] "Event occurred" object="63eb5a585d77" fieldPath="" kind="Node" apiVersion="" type="Normal" reason="NodePasswordValidationComplete" message="Deferred node password secret validation complete"
2025-01-29 18:36:34,540 INFO c.h.h.t.HelmChartContainer - [K3S] [alloc.go:330] "allocated clusterIPs" service="kube-system/kube-dns" clusterIPs={"IPv4":"10.43.0.10"}
2025-01-29 18:36:34,541 INFO c.h.h.t.HelmChartContainer - [K3S] [event.go:389] "Event occurred" object="kube-system/coredns" fieldPath="" kind="Addon" apiVersion="k3s.cattle.io/v1" type="Normal" reason="AppliedManifest" message="Applied manifest at \"/var/lib/rancher/k3s/server/manifests/coredns.yaml\""
2025-01-29 18:36:34,553 INFO c.h.h.t.HelmChartContainer - [K3S] [event.go:389] "Event occurred" object="kube-system/local-storage" fieldPath="" kind="Addon" apiVersion="k3s.cattle.io/v1" type="Normal" reason="ApplyingManifest" message="Applying manifest at \"/var/lib/rancher/k3s/server/manifests/local-storage.yaml\""
2025-01-29 18:36:34,624 INFO c.h.h.t.HelmChartContainer - [K3S] [controllermanager.go:765] "Started controller" controller="certificatesigningrequest-approving-controller"
2025-01-29 18:36:34,624 INFO c.h.h.t.HelmChartContainer - [K3S] [certificate_controller.go:120] "Starting certificate controller" name="csrapproving"
2025-01-29 18:36:34,642 INFO c.h.h.t.HelmChartContainer - [K3S] [event.go:389] "Event occurred" object="kube-system/local-storage" fieldPath="" kind="Addon" apiVersion="k3s.cattle.io/v1" type="Normal" reason="AppliedManifest" message="Applied manifest at \"/var/lib/rancher/k3s/server/manifests/local-storage.yaml\""
2025-01-29 18:36:34,648 INFO c.h.h.t.HelmChartContainer - [K3S] [event.go:389] "Event occurred" object="kube-system/aggregated-metrics-reader" fieldPath="" kind="Addon" apiVersion="k3s.cattle.io/v1" type="Normal" reason="ApplyingManifest" message="Applying manifest at \"/var/lib/rancher/k3s/server/manifests/metrics-server/aggregated-metrics-reader.yaml\""
2025-01-29 18:36:34,705 INFO c.h.h.t.HelmChartContainer - [K3S] [event.go:389] "Event occurred" object="kube-system/aggregated-metrics-reader" fieldPath="" kind="Addon" apiVersion="k3s.cattle.io/v1" type="Normal" reason="AppliedManifest" message="Applied manifest at \"/var/lib/rancher/k3s/server/manifests/metrics-server/aggregated-metrics-reader.yaml\""
2025-01-29 18:36:34,710 INFO c.h.h.t.HelmChartContainer - [K3S] [event.go:389] "Event occurred" object="kube-system/auth-delegator" fieldPath="" kind="Addon" apiVersion="k3s.cattle.io/v1" type="Normal" reason="ApplyingManifest" message="Applying manifest at \"/var/lib/rancher/k3s/server/manifests/metrics-server/auth-delegator.yaml\""
2025-01-29 18:36:34,722 INFO c.h.h.t.HelmChartContainer - [K3S] [event.go:389] "Event occurred" object="kube-system/auth-delegator" fieldPath="" kind="Addon" apiVersion="k3s.cattle.io/v1" type="Normal" reason="AppliedManifest" message="Applied manifest at \"/var/lib/rancher/k3s/server/manifests/metrics-server/auth-delegator.yaml\""
2025-01-29 18:36:34,729 INFO c.h.h.t.HelmChartContainer - [K3S] [event.go:389] "Event occurred" object="kube-system/auth-reader" fieldPath="" kind="Addon" apiVersion="k3s.cattle.io/v1" type="Normal" reason="ApplyingManifest" message="Applying manifest at \"/var/lib/rancher/k3s/server/manifests/metrics-server/auth-reader.yaml\""
2025-01-29 18:36:34,734 INFO c.h.h.t.HelmChartContainer - [K3S] [event.go:389] "Event occurred" object="kube-system/auth-reader" fieldPath="" kind="Addon" apiVersion="k3s.cattle.io/v1" type="Normal" reason="AppliedManifest" message="Applied manifest at \"/var/lib/rancher/k3s/server/manifests/metrics-server/auth-reader.yaml\""
2025-01-29 18:36:34,754 INFO c.h.h.t.HelmChartContainer - [K3S] [event.go:389] "Event occurred" object="kube-system/metrics-apiservice" fieldPath="" kind="Addon" apiVersion="k3s.cattle.io/v1" type="Normal" reason="ApplyingManifest" message="Applying manifest at \"/var/lib/rancher/k3s/server/manifests/metrics-server/metrics-apiservice.yaml\""
2025-01-29 18:36:34,755 INFO c.h.h.t.HelmChartContainer - [K3S] [event.go:389] "Event occurred" object="kube-system/metrics-apiservice" fieldPath="" kind="Addon" apiVersion="k3s.cattle.io/v1" type="Normal" reason="AppliedManifest" message="Applied manifest at \"/var/lib/rancher/k3s/server/manifests/metrics-server/metrics-apiservice.yaml\""
2025-01-29 18:36:34,762 INFO c.h.h.t.HelmChartContainer - [K3S] [handler_proxy.go:99] no RequestInfo found in the context
2025-01-29 18:36:34,763 INFO c.h.h.t.HelmChartContainer - [K3S] [controller.go:146] "Unhandled Error" err=<
2025-01-29 18:36:34,763 INFO c.h.h.t.HelmChartContainer - [K3S] 	, Header: map[Content-Type:[text/plain; charset=utf-8] X-Content-Type-Options:[nosniff]]
2025-01-29 18:36:34,763 INFO c.h.h.t.HelmChartContainer - [K3S]  >
2025-01-29 18:36:34,764 INFO c.h.h.t.HelmChartContainer - [K3S] [handler_proxy.go:143] error resolving kube-system/metrics-server: service "metrics-server" not found
2025-01-29 18:36:34,765 INFO c.h.h.t.HelmChartContainer - [K3S] [event.go:389] "Event occurred" object="kube-system/metrics-server-deployment" fieldPath="" kind="Addon" apiVersion="k3s.cattle.io/v1" type="Normal" reason="ApplyingManifest" message="Applying manifest at \"/var/lib/rancher/k3s/server/manifests/metrics-server/metrics-server-deployment.yaml\""
2025-01-29 18:36:34,770 INFO c.h.h.t.HelmChartContainer - [K3S] [controllermanager.go:765] "Started controller" controller="persistentvolume-expander-controller"
2025-01-29 18:36:34,771 INFO c.h.h.t.HelmChartContainer - [K3S] [expand_controller.go:329] "Starting expand controller"
2025-01-29 18:36:34,779 INFO c.h.h.t.HelmChartContainer - [K3S] [event.go:389] "Event occurred" object="kube-system/metrics-server-deployment" fieldPath="" kind="Addon" apiVersion="k3s.cattle.io/v1" type="Normal" reason="AppliedManifest" message="Applied manifest at \"/var/lib/rancher/k3s/server/manifests/metrics-server/metrics-server-deployment.yaml\""
2025-01-29 18:36:34,786 INFO c.h.h.t.HelmChartContainer - [K3S] [event.go:389] "Event occurred" object="kube-system/metrics-server-service" fieldPath="" kind="Addon" apiVersion="k3s.cattle.io/v1" type="Normal" reason="ApplyingManifest" message="Applying manifest at \"/var/lib/rancher/k3s/server/manifests/metrics-server/metrics-server-service.yaml\""
2025-01-29 18:36:34,792 INFO c.h.h.t.HelmChartContainer - [K3S] [alloc.go:330] "allocated clusterIPs" service="kube-system/metrics-server" clusterIPs={"IPv4":"10.43.239.247"}
2025-01-29 18:36:34,795 INFO c.h.h.t.HelmChartContainer - [K3S] [event.go:389] "Event occurred" object="kube-system/metrics-server-service" fieldPath="" kind="Addon" apiVersion="k3s.cattle.io/v1" type="Normal" reason="AppliedManifest" message="Applied manifest at \"/var/lib/rancher/k3s/server/manifests/metrics-server/metrics-server-service.yaml\""
2025-01-29 18:36:34,799 INFO c.h.h.t.HelmChartContainer - [K3S] [handler_proxy.go:99] no RequestInfo found in the context
2025-01-29 18:36:34,800 INFO c.h.h.t.HelmChartContainer - [K3S] [controller.go:146] "Unhandled Error" err=<
2025-01-29 18:36:34,800 INFO c.h.h.t.HelmChartContainer - [K3S] 	, Header: map[Content-Type:[text/plain; charset=utf-8] X-Content-Type-Options:[nosniff]]
2025-01-29 18:36:34,800 INFO c.h.h.t.HelmChartContainer - [K3S]  >
2025-01-29 18:36:34,801 INFO c.h.h.t.HelmChartContainer - [K3S] [event.go:389] "Event occurred" object="kube-system/resource-reader" fieldPath="" kind="Addon" apiVersion="k3s.cattle.io/v1" type="Normal" reason="ApplyingManifest" message="Applying manifest at \"/var/lib/rancher/k3s/server/manifests/metrics-server/resource-reader.yaml\""
2025-01-29 18:36:34,801 INFO c.h.h.t.HelmChartContainer - [K3S] [handler_proxy.go:143] error resolving kube-system/metrics-server: endpoints "metrics-server" not found
2025-01-29 18:36:34,822 INFO c.h.h.t.HelmChartContainer - [K3S] [event.go:389] "Event occurred" object="kube-system/resource-reader" fieldPath="" kind="Addon" apiVersion="k3s.cattle.io/v1" type="Normal" reason="AppliedManifest" message="Applied manifest at \"/var/lib/rancher/k3s/server/manifests/metrics-server/resource-reader.yaml\""
2025-01-29 18:36:34,831 INFO c.h.h.t.HelmChartContainer - [K3S] [event.go:389] "Event occurred" object="kube-system/rolebindings" fieldPath="" kind="Addon" apiVersion="k3s.cattle.io/v1" type="Normal" reason="ApplyingManifest" message="Applying manifest at \"/var/lib/rancher/k3s/server/manifests/rolebindings.yaml\""
2025-01-29 18:36:34,922 INFO c.h.h.t.HelmChartContainer - [K3S] [controllermanager.go:765] "Started controller" controller="clusterrole-aggregation-controller"
2025-01-29 18:36:34,923 INFO c.h.h.t.HelmChartContainer - [K3S] [controllermanager.go:717] "Controller is disabled by a feature gate" controller="selinux-warning-controller" requiredFeatureGates=["SELinuxChangePolicy"]
2025-01-29 18:36:34,924 INFO c.h.h.t.HelmChartContainer - [K3S] [clusterroleaggregation_controller.go:194] "Starting ClusterRoleAggregator controller"
2025-01-29 18:36:34,938 INFO c.h.h.t.HelmChartContainer - [K3S] [event.go:389] "Event occurred" object="kube-system/rolebindings" fieldPath="" kind="Addon" apiVersion="k3s.cattle.io/v1" type="Normal" reason="AppliedManifest" message="Applied manifest at \"/var/lib/rancher/k3s/server/manifests/rolebindings.yaml\""
2025-01-29 18:36:34,946 INFO c.h.h.t.HelmChartContainer - [K3S] [event.go:389] "Event occurred" object="kube-system/runtimes" fieldPath="" kind="Addon" apiVersion="k3s.cattle.io/v1" type="Normal" reason="ApplyingManifest" message="Applying manifest at \"/var/lib/rancher/k3s/server/manifests/runtimes.yaml\""
2025-01-29 18:36:34,973 INFO c.h.h.t.HelmChartContainer - [K3S] [event.go:389] "Event occurred" object="kube-system/runtimes" fieldPath="" kind="Addon" apiVersion="k3s.cattle.io/v1" type="Normal" reason="AppliedManifest" message="Applied manifest at \"/var/lib/rancher/k3s/server/manifests/runtimes.yaml\""
2025-01-29 18:36:34,983 INFO c.h.h.t.HelmChartContainer - [K3S] [INFO] Tunnel authorizer set Kubelet Port 0.0.0.0:10250
2025-01-29 18:36:35,033 INFO c.h.h.t.HelmChartContainer - [K3S] [serving.go:392] Generated self-signed cert in-memory
2025-01-29 18:36:35,072 INFO c.h.h.t.HelmChartContainer - [K3S] [controllermanager.go:765] "Started controller" controller="endpoints-controller"
2025-01-29 18:36:35,073 INFO c.h.h.t.HelmChartContainer - [K3S] [endpoints_controller.go:182] "Starting endpoint controller"
2025-01-29 18:36:35,223 INFO c.h.h.t.HelmChartContainer - [K3S] [controllermanager.go:765] "Started controller" controller="job-controller"
2025-01-29 18:36:35,223 INFO c.h.h.t.HelmChartContainer - [K3S] [job_controller.go:243] "Starting job controller"
2025-01-29 18:36:35,272 INFO c.h.h.t.HelmChartContainer - [K3S] [controllermanager.go:765] "Started controller" controller="certificatesigningrequest-signing-controller"
2025-01-29 18:36:35,274 INFO c.h.h.t.HelmChartContainer - [K3S] [certificate_controller.go:120] "Starting certificate controller" name="csrsigning-kubelet-client"
2025-01-29 18:36:35,274 INFO c.h.h.t.HelmChartContainer - [K3S] [dynamic_serving_content.go:135] "Starting controller" name="csr-controller::/var/lib/rancher/k3s/server/tls/client-ca.nochain.crt::/var/lib/rancher/k3s/server/tls/client-ca.key"
2025-01-29 18:36:35,274 INFO c.h.h.t.HelmChartContainer - [K3S] [dynamic_serving_content.go:135] "Starting controller" name="csr-controller::/var/lib/rancher/k3s/server/tls/server-ca.nochain.crt::/var/lib/rancher/k3s/server/tls/server-ca.key"
2025-01-29 18:36:35,274 INFO c.h.h.t.HelmChartContainer - [K3S] [certificate_controller.go:120] "Starting certificate controller" name="csrsigning-kubelet-serving"
2025-01-29 18:36:35,274 INFO c.h.h.t.HelmChartContainer - [K3S] [certificate_controller.go:120] "Starting certificate controller" name="csrsigning-kube-apiserver-client"
2025-01-29 18:36:35,274 INFO c.h.h.t.HelmChartContainer - [K3S] [dynamic_serving_content.go:135] "Starting controller" name="csr-controller::/var/lib/rancher/k3s/server/tls/client-ca.nochain.crt::/var/lib/rancher/k3s/server/tls/client-ca.key"
2025-01-29 18:36:35,274 INFO c.h.h.t.HelmChartContainer - [K3S] [certificate_controller.go:120] "Starting certificate controller" name="csrsigning-legacy-unknown"
2025-01-29 18:36:35,274 INFO c.h.h.t.HelmChartContainer - [K3S] [dynamic_serving_content.go:135] "Starting controller" name="csr-controller::/var/lib/rancher/k3s/server/tls/server-ca.nochain.crt::/var/lib/rancher/k3s/server/tls/server-ca.key"
2025-01-29 18:36:35,422 INFO c.h.h.t.HelmChartContainer - [K3S] [controllermanager.go:765] "Started controller" controller="persistentvolume-protection-controller"
2025-01-29 18:36:35,423 INFO c.h.h.t.HelmChartContainer - [K3S] [pv_protection_controller.go:81] "Starting PV protection controller"
2025-01-29 18:36:35,571 INFO c.h.h.t.HelmChartContainer - [K3S] [controllermanager.go:765] "Started controller" controller="root-ca-certificate-publisher-controller"
2025-01-29 18:36:35,572 INFO c.h.h.t.HelmChartContainer - [K3S] [publisher.go:107] "Starting root CA cert publisher controller"
2025-01-29 18:36:35,621 INFO c.h.h.t.HelmChartContainer - [K3S] [controllermanager.go:765] "Started controller" controller="certificatesigningrequest-cleaner-controller"
2025-01-29 18:36:35,622 INFO c.h.h.t.HelmChartContainer - [K3S] [cleaner.go:83] "Starting CSR cleaner controller"
2025-01-29 18:36:35,681 INFO c.h.h.t.HelmChartContainer - [K3S] [serving.go:392] Generated self-signed cert in-memory
2025-01-29 18:36:35,758 INFO c.h.h.t.HelmChartContainer - [K3S] [handler_proxy.go:99] no RequestInfo found in the context
2025-01-29 18:36:35,759 INFO c.h.h.t.HelmChartContainer - [K3S] [controller.go:102] "Unhandled Error" err=<
2025-01-29 18:36:35,759 INFO c.h.h.t.HelmChartContainer - [K3S] 	, Header: map[Content-Type:[text/plain; charset=utf-8] X-Content-Type-Options:[nosniff]]
2025-01-29 18:36:35,760 INFO c.h.h.t.HelmChartContainer - [K3S]  >
2025-01-29 18:36:35,760 INFO c.h.h.t.HelmChartContainer - [K3S] [handler_proxy.go:99] no RequestInfo found in the context
2025-01-29 18:36:35,772 INFO c.h.h.t.HelmChartContainer - [K3S] [controllermanager.go:765] "Started controller" controller="token-cleaner-controller"
2025-01-29 18:36:35,772 INFO c.h.h.t.HelmChartContainer - [K3S] [tokencleaner.go:117] "Starting token cleaner controller"
2025-01-29 18:36:35,902 INFO c.h.h.t.HelmChartContainer - [K3S] [controllermanager.go:160] Version: v1.32.1+k3s1
2025-01-29 18:36:35,906 INFO c.h.h.t.HelmChartContainer - [K3S] [secure_serving.go:213] Serving securely on 127.0.0.1:10258
2025-01-29 18:36:35,906 INFO c.h.h.t.HelmChartContainer - [K3S] [configmap_cafile_content.go:205] "Starting controller" name="client-ca::kube-system::extension-apiserver-authentication::client-ca-file"
2025-01-29 18:36:35,906 INFO c.h.h.t.HelmChartContainer - [K3S] [tlsconfig.go:243] "Starting DynamicServingCertificateController"
2025-01-29 18:36:35,906 INFO c.h.h.t.HelmChartContainer - [K3S] [configmap_cafile_content.go:205] "Starting controller" name="client-ca::kube-system::extension-apiserver-authentication::requestheader-client-ca-file"
2025-01-29 18:36:35,910 INFO c.h.h.t.HelmChartContainer - [K3S] [requestheader_controller.go:180] Starting RequestHeaderAuthRequestController
2025-01-29 18:36:35,915 INFO c.h.h.t.HelmChartContainer - [K3S] [INFO] Creating service-lb-controller event broadcaster
2025-01-29 18:36:35,921 INFO c.h.h.t.HelmChartContainer - [K3S] [controllermanager.go:765] "Started controller" controller="persistentvolumeclaim-protection-controller"
2025-01-29 18:36:35,921 INFO c.h.h.t.HelmChartContainer - [K3S] [controllermanager.go:717] "Controller is disabled by a feature gate" controller="storageversion-garbage-collector-controller" requiredFeatureGates=["APIServerIdentity","StorageVersionAPI"]
2025-01-29 18:36:35,921 INFO c.h.h.t.HelmChartContainer - [K3S] [pvc_protection_controller.go:168] "Starting PVC protection controller"
2025-01-29 18:36:35,971 INFO c.h.h.t.HelmChartContainer - [K3S] [controllermanager.go:765] "Started controller" controller="taint-eviction-controller"
2025-01-29 18:36:35,971 INFO c.h.h.t.HelmChartContainer - [K3S] [taint_eviction.go:281] "Starting" controller="taint-eviction-controller"
2025-01-29 18:36:35,971 INFO c.h.h.t.HelmChartContainer - [K3S] [controllermanager.go:717] "Controller is disabled by a feature gate" controller="service-cidr-controller" requiredFeatureGates=["MultiCIDRServiceAllocator"]
2025-01-29 18:36:35,971 INFO c.h.h.t.HelmChartContainer - [K3S] [taint_eviction.go:287] "Sending events to api server"
2025-01-29 18:36:35,984 INFO c.h.h.t.HelmChartContainer - [K3S] [INFO] Started tunnel to 172.18.0.2:6443
2025-01-29 18:36:35,984 INFO c.h.h.t.HelmChartContainer - [K3S] [INFO] Stopped tunnel to 127.0.0.1:6443
2025-01-29 18:36:35,984 INFO c.h.h.t.HelmChartContainer - [K3S] [INFO] Connecting to proxy" url="wss://172.18.0.2:6443/v1-k3s/connect
2025-01-29 18:36:35,984 INFO c.h.h.t.HelmChartContainer - [K3S] [INFO] Proxy done" err="context canceled" url="wss://127.0.0.1:6443/v1-k3s/connect
2025-01-29 18:36:35,984 INFO c.h.h.t.HelmChartContainer - [K3S] [INFO] error in remotedialer server [400]: websocket: close 1006 (abnormal closure): unexpected EOF
2025-01-29 18:36:35,986 INFO c.h.h.t.HelmChartContainer - [K3S] [INFO] Handling backend connection request [63eb5a585d77]
2025-01-29 18:36:35,986 INFO c.h.h.t.HelmChartContainer - [K3S] [INFO] Remotedialer connected to proxy" url="wss://172.18.0.2:6443/v1-k3s/connect
2025-01-29 18:36:36,030 INFO c.h.h.t.HelmChartContainer - [K3S] [INFO] Starting /v1, Kind=Node controller
2025-01-29 18:36:36,033 INFO c.h.h.t.HelmChartContainer - [K3S] [INFO] Starting /v1, Kind=Pod controller
2025-01-29 18:36:36,036 INFO c.h.h.t.HelmChartContainer - [K3S] [INFO] Starting apps/v1, Kind=DaemonSet controller
2025-01-29 18:36:36,039 INFO c.h.h.t.HelmChartContainer - [K3S] [controllermanager.go:306] "node-route-controller" is disabled
2025-01-29 18:36:36,039 INFO c.h.h.t.HelmChartContainer - [K3S] [INFO] Starting discovery.k8s.io/v1, Kind=EndpointSlice controller
2025-01-29 18:36:36,039 INFO c.h.h.t.HelmChartContainer - [K3S] [controllermanager.go:329] Started "cloud-node-controller"
2025-01-29 18:36:36,040 INFO c.h.h.t.HelmChartContainer - [K3S] [controllermanager.go:329] Started "cloud-node-lifecycle-controller"
2025-01-29 18:36:36,040 INFO c.h.h.t.HelmChartContainer - [K3S] [controllermanager.go:329] Started "service-lb-controller"
2025-01-29 18:36:36,041 INFO c.h.h.t.HelmChartContainer - [K3S] [node_controller.go:176] Sending events to api server.
2025-01-29 18:36:36,041 INFO c.h.h.t.HelmChartContainer - [K3S] [node_lifecycle_controller.go:112] Sending events to api server
2025-01-29 18:36:36,041 INFO c.h.h.t.HelmChartContainer - [K3S] [node_controller.go:185] Waiting for informer caches to sync
2025-01-29 18:36:36,041 INFO c.h.h.t.HelmChartContainer - [K3S] [controller.go:234] Starting service controller
2025-01-29 18:36:36,142 INFO c.h.h.t.HelmChartContainer - [K3S] [node_controller.go:429] Initializing node 63eb5a585d77 with cloud provider
2025-01-29 18:36:36,154 INFO c.h.h.t.HelmChartContainer - [K3S] [node_controller.go:474] Successfully initialized node 63eb5a585d77 with cloud provider
2025-01-29 18:36:36,154 INFO c.h.h.t.HelmChartContainer - [K3S] [event.go:389] "Event occurred" object="63eb5a585d77" fieldPath="" kind="Node" apiVersion="v1" type="Normal" reason="Synced" message="Node synced successfully"
2025-01-29 18:36:36,161 INFO c.h.h.t.HelmChartContainer - [K3S] [INFO] Updated coredns NodeHosts entry for 63eb5a585d77
2025-01-29 18:36:36,227 INFO c.h.h.t.HelmChartContainer - [K3S] [controllermanager.go:765] "Started controller" controller="namespace-controller"
2025-01-29 18:36:36,228 INFO c.h.h.t.HelmChartContainer - [K3S] [namespace_controller.go:202] "Starting namespace controller"
2025-01-29 18:36:36,374 INFO c.h.h.t.HelmChartContainer - [K3S] [controllermanager.go:765] "Started controller" controller="serviceaccount-controller"
2025-01-29 18:36:36,374 INFO c.h.h.t.HelmChartContainer - [K3S] [serviceaccounts_controller.go:114] "Starting service account controller"
2025-01-29 18:36:36,672 INFO c.h.h.t.HelmChartContainer - [K3S] [controllermanager.go:765] "Started controller" controller="horizontal-pod-autoscaler-controller"
2025-01-29 18:36:36,674 INFO c.h.h.t.HelmChartContainer - [K3S] [horizontal.go:201] "Starting HPA controller"
2025-01-29 18:36:36,704 INFO c.h.h.t.HelmChartContainer - [K3S] [serving.go:392] Generated self-signed cert in-memory
2025-01-29 18:36:36,871 INFO c.h.h.t.HelmChartContainer - [K3S] [controllermanager.go:765] "Started controller" controller="disruption-controller"
2025-01-29 18:36:36,871 INFO c.h.h.t.HelmChartContainer - [K3S] [disruption.go:452] "Sending events to api server."
2025-01-29 18:36:36,871 INFO c.h.h.t.HelmChartContainer - [K3S] [disruption.go:463] "Starting disruption controller"
2025-01-29 18:36:36,999 INFO c.h.h.t.HelmChartContainer - [K3S] [server.go:164] "Starting Kubernetes Scheduler" version="v1.32.1+k3s1"
2025-01-29 18:36:36,999 INFO c.h.h.t.HelmChartContainer - [K3S] [server.go:166] "Golang settings" GOGC="" GOMAXPROCS="" GOTRACEBACK=""
2025-01-29 18:36:37,002 INFO c.h.h.t.HelmChartContainer - [K3S] [requestheader_controller.go:180] Starting RequestHeaderAuthRequestController
2025-01-29 18:36:37,007 INFO c.h.h.t.HelmChartContainer - [K3S] [configmap_cafile_content.go:205] "Starting controller" name="client-ca::kube-system::extension-apiserver-authentication::client-ca-file"
2025-01-29 18:36:37,007 INFO c.h.h.t.HelmChartContainer - [K3S] [configmap_cafile_content.go:205] "Starting controller" name="client-ca::kube-system::extension-apiserver-authentication::requestheader-client-ca-file"
2025-01-29 18:36:37,007 INFO c.h.h.t.HelmChartContainer - [K3S] [secure_serving.go:213] Serving securely on 127.0.0.1:10259
2025-01-29 18:36:37,007 INFO c.h.h.t.HelmChartContainer - [K3S] [tlsconfig.go:243] "Starting DynamicServingCertificateController"
2025-01-29 18:36:37,021 INFO c.h.h.t.HelmChartContainer - [K3S] [controllermanager.go:765] "Started controller" controller="ttl-controller"
2025-01-29 18:36:37,022 INFO c.h.h.t.HelmChartContainer - [K3S] [ttl_controller.go:127] "Starting TTL controller"
2025-01-29 18:36:37,174 INFO c.h.h.t.HelmChartContainer - [K3S] [range_allocator.go:112] "No Secondary Service CIDR provided. Skipping filtering out secondary service addresses"
2025-01-29 18:36:37,174 INFO c.h.h.t.HelmChartContainer - [K3S] [controllermanager.go:765] "Started controller" controller="node-ipam-controller"
2025-01-29 18:36:37,174 INFO c.h.h.t.HelmChartContainer - [K3S] [node_ipam_controller.go:141] "Starting ipam controller"
2025-01-29 18:36:37,198 INFO c.h.h.t.HelmChartContainer - [K3S] [actual_state_of_world.go:541] "Failed to update statusUpdateNeeded field in actual state of world" err="Failed to set statusUpdateNeeded to needed true, because nodeName=\"63eb5a585d77\" does not exist"
2025-01-29 18:36:37,273 INFO c.h.h.t.HelmChartContainer - [K3S] [node_lifecycle_controller.go:1234] "Initializing eviction metric for zone" zone=""
2025-01-29 18:36:37,273 INFO c.h.h.t.HelmChartContainer - [K3S] [node_lifecycle_controller.go:886] "Missing timestamp for Node. Assuming now as a timestamp" node="63eb5a585d77"
2025-01-29 18:36:37,273 INFO c.h.h.t.HelmChartContainer - [K3S] [node_lifecycle_controller.go:1080] "Controller detected that zone is now in new state" zone="" newState="Normal"
2025-01-29 18:36:37,275 INFO c.h.h.t.HelmChartContainer - [K3S] [range_allocator.go:177] "Sending events to api server"
2025-01-29 18:36:37,275 INFO c.h.h.t.HelmChartContainer - [K3S] [range_allocator.go:183] "Starting range CIDR allocator"
2025-01-29 18:36:37,282 INFO c.h.h.t.HelmChartContainer - [K3S] [range_allocator.go:428] "Set node PodCIDR" node="63eb5a585d77" podCIDRs=["10.42.0.0/24"]
2025-01-29 18:36:37,282 INFO c.h.h.t.HelmChartContainer - [K3S] [range_allocator.go:247] "Successfully synced" key="63eb5a585d77"
2025-01-29 18:36:37,283 INFO c.h.h.t.HelmChartContainer - [K3S] [INFO] Flannel found PodCIDR assigned for node 63eb5a585d77
2025-01-29 18:36:37,284 INFO c.h.h.t.HelmChartContainer - [K3S] [INFO] The interface eth0 with ipv4 address 172.18.0.2 will be used by flannel
2025-01-29 18:36:37,286 INFO c.h.h.t.HelmChartContainer - [K3S] [kube.go:139] Waiting 10m0s for node controller to sync
2025-01-29 18:36:37,286 INFO c.h.h.t.HelmChartContainer - [K3S] [kube.go:469] Starting kube subnet manager
2025-01-29 18:36:37,292 INFO c.h.h.t.HelmChartContainer - [K3S] [range_allocator.go:433] "Failed to update node PodCIDR after multiple attempts" err="failed to patch node CIDR: Node \"63eb5a585d77\" is invalid: [spec.podCIDRs: Invalid value: []string{\"10.42.1.0/24\", \"10.42.0.0/24\"}: may specify no more than one CIDR for each IP family, spec.podCIDRs: Forbidden: node updates may not change podCIDR except from \"\" to valid]" node="63eb5a585d77" podCIDRs=["10.42.1.0/24"]
2025-01-29 18:36:37,292 INFO c.h.h.t.HelmChartContainer - [K3S] [range_allocator.go:439] "CIDR assignment for node failed. Releasing allocated CIDR" err="failed to patch node CIDR: Node \"63eb5a585d77\" is invalid: [spec.podCIDRs: Invalid value: []string{\"10.42.1.0/24\", \"10.42.0.0/24\"}: may specify no more than one CIDR for each IP family, spec.podCIDRs: Forbidden: node updates may not change podCIDR except from \"\" to valid]" node="63eb5a585d77"
2025-01-29 18:36:37,292 INFO c.h.h.t.HelmChartContainer - [K3S] [range_allocator.go:252] "Unhandled Error" err="error syncing '63eb5a585d77': failed to patch node CIDR: Node \"63eb5a585d77\" is invalid: [spec.podCIDRs: Invalid value: []string{\"10.42.1.0/24\", \"10.42.0.0/24\"}: may specify no more than one CIDR for each IP family, spec.podCIDRs: Forbidden: node updates may not change podCIDR except from \"\" to valid], requeuing"
2025-01-29 18:36:37,292 INFO c.h.h.t.HelmChartContainer - [K3S] [range_allocator.go:247] "Successfully synced" key="63eb5a585d77"
2025-01-29 18:36:37,297 INFO c.h.h.t.HelmChartContainer - [K3S] [range_allocator.go:247] "Successfully synced" key="63eb5a585d77"
2025-01-29 18:36:37,375 INFO c.h.h.t.HelmChartContainer - [K3S] [range_allocator.go:247] "Successfully synced" key="63eb5a585d77"
2025-01-29 18:36:37,396 INFO c.h.h.t.HelmChartContainer - [K3S] [INFO] Starting network policy controller version v2.2.1, built on 2025-01-28T18:27:08Z, go1.23.4
2025-01-29 18:36:37,396 INFO c.h.h.t.HelmChartContainer - [K3S] [network_policy_controller.go:164] Starting network policy controller
2025-01-29 18:36:37,422 INFO c.h.h.t.HelmChartContainer - [K3S] [network_policy_controller.go:176] Starting network policy controller full sync goroutine
2025-01-29 18:36:37,926 INFO c.h.h.t.HelmChartContainer - [K3S] [handler_proxy.go:99] no RequestInfo found in the context
2025-01-29 18:36:37,927 INFO c.h.h.t.HelmChartContainer - [K3S] [controller.go:146] "Unhandled Error" err=<
2025-01-29 18:36:37,927 INFO c.h.h.t.HelmChartContainer - [K3S] 	, Header: map[Content-Type:[text/plain; charset=utf-8] X-Content-Type-Options:[nosniff]]
2025-01-29 18:36:37,927 INFO c.h.h.t.HelmChartContainer - [K3S]  >
2025-01-29 18:36:37,927 INFO c.h.h.t.HelmChartContainer - [K3S] [handler_proxy.go:143] error resolving kube-system/metrics-server: no endpoints available for service "metrics-server"
2025-01-29 18:36:38,081 INFO c.h.h.t.HelmChartContainer - [K3S] [replica_set.go:679] "Finished syncing" kind="ReplicaSet" key="kube-system/local-path-provisioner-698b58967b" duration="204.989815ms"
2025-01-29 18:36:38,086 INFO c.h.h.t.HelmChartContainer - [K3S] [replica_set.go:679] "Finished syncing" kind="ReplicaSet" key="kube-system/metrics-server-8584b5786c" duration="209.096311ms"
2025-01-29 18:36:38,089 INFO c.h.h.t.HelmChartContainer - [K3S] [replica_set.go:679] "Finished syncing" kind="ReplicaSet" key="kube-system/coredns-ff8999cc5" duration="212.425178ms"
2025-01-29 18:36:38,090 INFO c.h.h.t.HelmChartContainer - [K3S] [replica_set.go:679] "Finished syncing" kind="ReplicaSet" key="kube-system/local-path-provisioner-698b58967b" duration="8.730388ms"
2025-01-29 18:36:38,094 INFO c.h.h.t.HelmChartContainer - [K3S] [replica_set.go:679] "Finished syncing" kind="ReplicaSet" key="kube-system/local-path-provisioner-698b58967b" duration="24.496µs"
2025-01-29 18:36:38,097 INFO c.h.h.t.HelmChartContainer - [K3S] [replica_set.go:679] "Finished syncing" kind="ReplicaSet" key="kube-system/metrics-server-8584b5786c" duration="11.386275ms"
2025-01-29 18:36:38,097 INFO c.h.h.t.HelmChartContainer - [K3S] [replica_set.go:679] "Finished syncing" kind="ReplicaSet" key="kube-system/metrics-server-8584b5786c" duration="29.455µs"
2025-01-29 18:36:38,110 INFO c.h.h.t.HelmChartContainer - [K3S] [replica_set.go:679] "Finished syncing" kind="ReplicaSet" key="kube-system/coredns-ff8999cc5" duration="16.857538ms"
2025-01-29 18:36:38,110 INFO c.h.h.t.HelmChartContainer - [K3S] [replica_set.go:679] "Finished syncing" kind="ReplicaSet" key="kube-system/local-path-provisioner-698b58967b" duration="24.215µs"
2025-01-29 18:36:38,110 INFO c.h.h.t.HelmChartContainer - [K3S] [replica_set.go:679] "Finished syncing" kind="ReplicaSet" key="kube-system/metrics-server-8584b5786c" duration="16.991µs"
2025-01-29 18:36:38,119 INFO c.h.h.t.HelmChartContainer - [K3S] [replica_set.go:679] "Finished syncing" kind="ReplicaSet" key="kube-system/coredns-ff8999cc5" duration="12.373571ms"
2025-01-29 18:36:38,119 INFO c.h.h.t.HelmChartContainer - [K3S] [replica_set.go:679] "Finished syncing" kind="ReplicaSet" key="kube-system/coredns-ff8999cc5" duration="51.435µs"
2025-01-29 18:36:38,120 INFO c.h.h.t.HelmChartContainer - [K3S] [replica_set.go:679] "Finished syncing" kind="ReplicaSet" key="kube-system/coredns-ff8999cc5" duration="28.002µs"
2025-01-29 18:36:38,129 INFO c.h.h.t.HelmChartContainer - [K3S] [replica_set.go:679] "Finished syncing" kind="ReplicaSet" key="kube-system/metrics-server-8584b5786c" duration="31.969µs"
2025-01-29 18:36:38,137 INFO c.h.h.t.HelmChartContainer - [K3S] [replica_set.go:679] "Finished syncing" kind="ReplicaSet" key="kube-system/local-path-provisioner-698b58967b" duration="29.475µs"
2025-01-29 18:36:38,157 INFO c.h.h.t.HelmChartContainer - [K3S] [reconciler_common.go:251] "operationExecutor.VerifyControllerAttachedVolume started for volume \"tmp-dir\" (UniqueName: \"kubernetes.io/empty-dir/97a5b99b-dd61-4f6c-b7f5-22836a1149dd-tmp-dir\") pod \"metrics-server-8584b5786c-6jtf8\" (UID: \"97a5b99b-dd61-4f6c-b7f5-22836a1149dd\") " pod="kube-system/metrics-server-8584b5786c-6jtf8"
2025-01-29 18:36:38,157 INFO c.h.h.t.HelmChartContainer - [K3S] [reconciler_common.go:251] "operationExecutor.VerifyControllerAttachedVolume started for volume \"kube-api-access-ltq82\" (UniqueName: \"kubernetes.io/projected/97a5b99b-dd61-4f6c-b7f5-22836a1149dd-kube-api-access-ltq82\") pod \"metrics-server-8584b5786c-6jtf8\" (UID: \"97a5b99b-dd61-4f6c-b7f5-22836a1149dd\") " pod="kube-system/metrics-server-8584b5786c-6jtf8"
2025-01-29 18:36:38,157 INFO c.h.h.t.HelmChartContainer - [K3S] [reconciler_common.go:251] "operationExecutor.VerifyControllerAttachedVolume started for volume \"config-volume\" (UniqueName: \"kubernetes.io/configmap/43846df5-c85f-41c8-a904-0d098c33a9b7-config-volume\") pod \"local-path-provisioner-698b58967b-b49vc\" (UID: \"43846df5-c85f-41c8-a904-0d098c33a9b7\") " pod="kube-system/local-path-provisioner-698b58967b-b49vc"
2025-01-29 18:36:38,157 INFO c.h.h.t.HelmChartContainer - [K3S] [reconciler_common.go:251] "operationExecutor.VerifyControllerAttachedVolume started for volume \"kube-api-access-n2j9m\" (UniqueName: \"kubernetes.io/projected/43846df5-c85f-41c8-a904-0d098c33a9b7-kube-api-access-n2j9m\") pod \"local-path-provisioner-698b58967b-b49vc\" (UID: \"43846df5-c85f-41c8-a904-0d098c33a9b7\") " pod="kube-system/local-path-provisioner-698b58967b-b49vc"
2025-01-29 18:36:38,157 INFO c.h.h.t.HelmChartContainer - [K3S] [reconciler_common.go:251] "operationExecutor.VerifyControllerAttachedVolume started for volume \"config-volume\" (UniqueName: \"kubernetes.io/configmap/d065baeb-d9e5-461d-88c8-8b69a5096e9f-config-volume\") pod \"coredns-ff8999cc5-q42bd\" (UID: \"d065baeb-d9e5-461d-88c8-8b69a5096e9f\") " pod="kube-system/coredns-ff8999cc5-q42bd"
2025-01-29 18:36:38,157 INFO c.h.h.t.HelmChartContainer - [K3S] [reconciler_common.go:251] "operationExecutor.VerifyControllerAttachedVolume started for volume \"custom-config-volume\" (UniqueName: \"kubernetes.io/configmap/d065baeb-d9e5-461d-88c8-8b69a5096e9f-custom-config-volume\") pod \"coredns-ff8999cc5-q42bd\" (UID: \"d065baeb-d9e5-461d-88c8-8b69a5096e9f\") " pod="kube-system/coredns-ff8999cc5-q42bd"
2025-01-29 18:36:38,160 INFO c.h.h.t.HelmChartContainer - [K3S] [reconciler_common.go:251] "operationExecutor.VerifyControllerAttachedVolume started for volume \"kube-api-access-kmtvn\" (UniqueName: \"kubernetes.io/projected/d065baeb-d9e5-461d-88c8-8b69a5096e9f-kube-api-access-kmtvn\") pod \"coredns-ff8999cc5-q42bd\" (UID: \"d065baeb-d9e5-461d-88c8-8b69a5096e9f\") " pod="kube-system/coredns-ff8999cc5-q42bd"
2025-01-29 18:36:38,286 INFO c.h.h.t.HelmChartContainer - [K3S] [kube.go:146] Node controller sync successful
2025-01-29 18:36:38,286 INFO c.h.h.t.HelmChartContainer - [K3S] [vxlan.go:141] VXLAN config: VNI=1 Port=0 GBP=false Learning=false DirectRouting=false
2025-01-29 18:36:38,288 INFO c.h.h.t.HelmChartContainer - [K3S] [kube.go:636] List of node(63eb5a585d77) annotations: map[string]string{"alpha.kubernetes.io/provided-node-ip":"172.18.0.2", "k3s.io/hostname":"63eb5a585d77", "k3s.io/internal-ip":"172.18.0.2", "k3s.io/node-args":"[\"server\",\"--etcd-arg\",\"unsafe-no-fsync\",\"--etcd-arg\",\"snapshot-count=10000\",\"--etcd-arg\",\"auto-compaction-mode=revision\",\"--etcd-arg\",\"auto-compaction-retention=1000000\",\"--kube-apiserver-arg\",\"etcd-compaction-interval=0s\",\"--disable\",\"traefik\",\"--tls-san\",\"localhost\"]", "k3s.io/node-config-hash":"2QNNT5M5XUBFOLO5XPGEVGOM5UDLHHTIVMSRUPAUHE5DU3HUYQUQ====", "k3s.io/node-env":"{}", "node.alpha.kubernetes.io/ttl":"0", "volumes.kubernetes.io/controller-managed-attach-detach":"true"}
2025-01-29 18:36:38,293 INFO c.h.h.t.HelmChartContainer - [K3S] [range_allocator.go:247] "Successfully synced" key="63eb5a585d77"
2025-01-29 18:36:38,293 INFO c.h.h.t.HelmChartContainer - [K3S] [kube.go:490] Creating the node lease for IPv4. This is the n.Spec.PodCIDRs: [10.42.0.0/24]
2025-01-29 18:36:38,293 INFO c.h.h.t.HelmChartContainer - [K3S] [iptables.go:51] Starting flannel in iptables mode...
2025-01-29 18:36:38,294 INFO c.h.h.t.HelmChartContainer - [K3S] [WARNING] no subnet found for key: FLANNEL_NETWORK in file: /run/flannel/subnet.env
2025-01-29 18:36:38,294 INFO c.h.h.t.HelmChartContainer - [K3S] [WARNING] no subnet found for key: FLANNEL_SUBNET in file: /run/flannel/subnet.env
2025-01-29 18:36:38,294 INFO c.h.h.t.HelmChartContainer - [K3S] [WARNING] no subnet found for key: FLANNEL_IPV6_NETWORK in file: /run/flannel/subnet.env
2025-01-29 18:36:38,294 INFO c.h.h.t.HelmChartContainer - [K3S] [WARNING] no subnet found for key: FLANNEL_IPV6_SUBNET in file: /run/flannel/subnet.env
2025-01-29 18:36:38,294 INFO c.h.h.t.HelmChartContainer - [K3S] [iptables.go:115] Current network or subnet (10.42.0.0/16, 10.42.0.0/24) is not equal to previous one (0.0.0.0/0, 0.0.0.0/0), trying to recycle old iptables rules
2025-01-29 18:36:38,301 INFO c.h.h.t.HelmChartContainer - [K3S] [iptables.go:125] Setting up masking rules
2025-01-29 18:36:38,303 INFO c.h.h.t.HelmChartContainer - [K3S] [iptables.go:226] Changing default FORWARD chain policy to ACCEPT
2025-01-29 18:36:38,305 INFO c.h.h.t.HelmChartContainer - [K3S] [INFO] Wrote flannel subnet file to /run/flannel/subnet.env
2025-01-29 18:36:38,305 INFO c.h.h.t.HelmChartContainer - [K3S] [INFO] Running flannel backend.
2025-01-29 18:36:38,305 INFO c.h.h.t.HelmChartContainer - [K3S] [vxlan_network.go:65] watching for new subnet leases
2025-01-29 18:36:38,313 INFO c.h.h.t.HelmChartContainer - [K3S] [iptables.go:372] bootstrap done
2025-01-29 18:36:38,318 INFO c.h.h.t.HelmChartContainer - [K3S] [iptables.go:372] bootstrap done
2025-01-29 18:36:38,342 WARN c.h.h.t.HelmChartContainer - K3s image not ready yet 'Condition with Lambda expression in com.hivemq.helmcharts.testcontainer.HelmChartContainer$K3sReadyStartupCheckStrategy was not fulfilled within 10 seconds.'
2025-01-29 18:36:38,928 INFO c.h.h.t.HelmChartContainer - [K3S] [handler_proxy.go:99] no RequestInfo found in the context
2025-01-29 18:36:38,928 INFO c.h.h.t.HelmChartContainer - [K3S] [handler_proxy.go:99] no RequestInfo found in the context
2025-01-29 18:36:38,928 INFO c.h.h.t.HelmChartContainer - [K3S] [controller.go:102] "Unhandled Error" err=<
2025-01-29 18:36:38,928 INFO c.h.h.t.HelmChartContainer - [K3S] 	, Header: map[Content-Type:[text/plain; charset=utf-8] X-Content-Type-Options:[nosniff]]
2025-01-29 18:36:38,928 INFO c.h.h.t.HelmChartContainer - [K3S]  >
2025-01-29 18:36:41,075 INFO c.h.h.t.HelmChartContainer - [K3S] [replica_set.go:679] "Finished syncing" kind="ReplicaSet" key="kube-system/metrics-server-8584b5786c" duration="178.02µs"
2025-01-29 18:36:41,143 INFO c.h.h.t.HelmChartContainer - [K3S] [replica_set.go:679] "Finished syncing" kind="ReplicaSet" key="kube-system/coredns-ff8999cc5" duration="21.012241ms"
2025-01-29 18:36:41,145 INFO c.h.h.t.HelmChartContainer - [K3S] [replica_set.go:679] "Finished syncing" kind="ReplicaSet" key="kube-system/coredns-ff8999cc5" duration="48.109µs"
2025-01-29 18:36:41,164 INFO c.h.h.t.HelmChartContainer - [K3S] [replica_set.go:679] "Finished syncing" kind="ReplicaSet" key="kube-system/local-path-provisioner-698b58967b" duration="22.16269ms"
2025-01-29 18:36:41,168 INFO c.h.h.t.HelmChartContainer - [K3S] [replica_set.go:679] "Finished syncing" kind="ReplicaSet" key="kube-system/local-path-provisioner-698b58967b" duration="56.434µs"
2025-01-29 18:36:41,404 INFO c.h.h.t.HelmChartContainer - [K3S] [kuberuntime_manager.go:1702] "Updating runtime config through cri with podcidr" CIDR="10.42.0.0/24"
2025-01-29 18:36:41,405 INFO c.h.h.t.HelmChartContainer - [K3S] [kubelet_network.go:61] "Updating Pod CIDR" originalPodCIDR="" newPodCIDR="10.42.0.0/24"
2025-01-29 18:36:41,411 INFO c.h.h.t.HelmChartContainer - [K3S] [range_allocator.go:247] "Successfully synced" key="63eb5a585d77"
2025-01-29 18:36:43,002 DEBUG c.h.h.t.HelmChartContainer - Image file loaded 'hivemq-platform-operator.tar'
2025-01-29 18:36:43,490 DEBUG c.h.h.t.HelmChartContainer - Image file loaded 'hivemq-platform-operator-init.tar'
2025-01-29 18:36:48,893 DEBUG c.h.h.t.HelmChartContainer - Image file loaded 'hivemq-platform.tar'
2025-01-29 18:36:48,893 DEBUG c.h.h.t.HelmChartContainer - Successful Helm chart Container startup
2025-01-29 18:36:48,907 INFO t.localhost/testcontainers/mmfnre8arufsjyfe:latest - Container localhost/testcontainers/mmfnre8arufsjyfe:latest started in PT21.884853401S
2025-01-29 18:36:48,917 DEBUG c.h.h.t.HelmChartContainer - Executing helm command: /bin/helm --kubeconfig /etc/rancher/k3s/k3s.yaml repo add hivemq https://hivemq.github.io/helm-charts
2025-01-29 18:36:50,293 INFO c.h.h.t.HelmChartContainer - [EVENT] Normal [Starting] Starting kubelet. [null:63eb5a585d77]
2025-01-29 18:36:50,293 INFO c.h.h.t.HelmChartContainer - [EVENT] Warning [InvalidDiskCapacity] invalid capacity 0 on image filesystem [null:63eb5a585d77]
2025-01-29 18:36:50,295 INFO c.h.h.t.HelmChartContainer - [EVENT] Normal [NodeHasSufficientMemory] Node 63eb5a585d77 status is now: NodeHasSufficientMemory [null:63eb5a585d77]
2025-01-29 18:36:50,296 INFO c.h.h.t.HelmChartContainer - [EVENT] Normal [NodeHasNoDiskPressure] Node 63eb5a585d77 status is now: NodeHasNoDiskPressure [null:63eb5a585d77]
2025-01-29 18:36:50,299 INFO c.h.h.t.HelmChartContainer - Saved kubeconfig file on /tmp/kubeconfig-9101229645511884008.yaml
2025-01-29 18:36:50,299 INFO c.h.h.t.HelmChartContainer - HelmChartContainer is started
2025-01-29 18:36:50,301 INFO c.h.h.t.HelmChartContainer - [EVENT] Normal [NodeHasSufficientPID] Node 63eb5a585d77 status is now: NodeHasSufficientPID [null:63eb5a585d77]
2025-01-29 18:36:50,302 INFO c.h.h.t.HelmChartContainer - [EVENT] Normal [NodeAllocatableEnforced] Updated Node Allocatable limit across pods [null:63eb5a585d77]
2025-01-29 18:36:50,304 INFO c.h.h.t.HelmChartContainer - [EVENT] Normal [NodeReady] Node 63eb5a585d77 status is now: NodeReady [null:63eb5a585d77]
2025-01-29 18:36:50,305 INFO c.h.h.t.HelmChartContainer - [EVENT] Normal [NodePasswordValidationComplete] Deferred node password secret validation complete [null:63eb5a585d77]
2025-01-29 18:36:50,306 INFO c.h.h.t.HelmChartContainer - [EVENT] Normal [Synced] Node synced successfully [null:63eb5a585d77]
2025-01-29 18:36:50,307 INFO c.h.h.t.HelmChartContainer - [EVENT] Normal [RegisteredNode] Node 63eb5a585d77 event: Registered Node 63eb5a585d77 in Controller [null:63eb5a585d77]
2025-01-29 18:36:50,308 INFO c.h.h.t.HelmChartContainer - [EVENT] Normal [CIDRAssignmentFailed] Node 63eb5a585d77 status is now: CIDRAssignmentFailed [null:63eb5a585d77]
]]></system-out>
  <system-err><![CDATA[]]></system-err>
</testsuite>
