<?xml version="1.0" encoding="UTF-8"?>
<testsuite name="com.hivemq.helmcharts.CompatibilityHelmChartDeploymentIT" tests="1" skipped="0" failures="0" errors="0" timestamp="2025-06-24T14:05:58" hostname="fv-az1057-923" time="146.886">
  <properties/>
  <testcase name="withHelmLocalVersionDeployment_mqttMessagePublishedReceived()" classname="com.hivemq.helmcharts.CompatibilityHelmChartDeploymentIT" time="146.886"/>
</testsuite>
