<?xml version="1.0" encoding="UTF-8"?>
<testsuite name="com.hivemq.helmcharts.serviceaccount.HelmCustomServiceAccountDisabledCreationAndValidationCreateMissingServiceAccountIT" tests="1" skipped="0" failures="0" errors="0" timestamp="2025-06-03T12:34:16" hostname="fv-az1361-419" time="91.875">
  <properties/>
  <testcase name="platformCharts_withCreateAndValidateDisabled_hivemqRunning()" classname="com.hivemq.helmcharts.serviceaccount.HelmCustomServiceAccountDisabledCreationAndValidationCreateMissingServiceAccountIT" time="91.875"/>
</testsuite>
