<?xml version="1.0" encoding="UTF-8"?>
<testsuite name="com.hivemq.helmcharts.license.HelmBrokerLicensesIT" tests="2" skipped="0" failures="0" errors="0" timestamp="2025-01-30T18:28:13" hostname="fv-az788-371" time="197.151">
  <properties/>
  <testcase name="withExistingBrokerLicenseSecret_statefulSetWithLicenseSecretMounted()" classname="com.hivemq.helmcharts.license.HelmBrokerLicensesIT" time="97.599">
    <system-out><![CDATA[2025-01-30 18:28:13,055 INFO c.h.h.t.HelmChartContainer - Creating namespace 'helmbrokerlicensesit-operator'...
2025-01-30 18:28:13,263 INFO c.h.h.t.HelmChartContainer - Namespace 'helmbrokerlicensesit-operator' created
2025-01-30 18:28:13,264 INFO c.h.h.t.HelmChartContainer - Creating namespace 'helmbrokerlicensesit'...
2025-01-30 18:28:13,267 INFO c.h.h.t.HelmChartContainer - [POD] coredns-ff8999cc5-fhqpg [b817ec8e-0936-43ec-bc42-dc89f5a92722] in kube-system was ADDED
2025-01-30 18:28:13,269 INFO c.h.h.t.HelmChartContainer - [POD] local-path-provisioner-698b58967b-lp5jp [6e22f584-bb1e-4cc3-99a1-6cd8a338d9e9] in kube-system was ADDED
2025-01-30 18:28:13,271 INFO c.h.h.t.HelmChartContainer - [POD] metrics-server-8584b5786c-zjgpq [6c7ad35d-d7a3-444f-bc0c-eff0ff0d2e25] in kube-system was ADDED
2025-01-30 18:28:13,276 INFO c.h.h.t.HelmChartContainer - Namespace 'helmbrokerlicensesit' created
2025-01-30 18:28:13,346 DEBUG c.h.h.t.HelmChartContainer - Executing helm command: /bin/helm --kubeconfig /etc/rancher/k3s/k3s.yaml install test-hivemq-platform-operator /charts/hivemq-platform-operator --wait --timeout 5m0s --set image.repository=docker.io/hivemq --set image.name=hivemq-platform-operator-test --set image.initImageName=hivemq-platform-operator-init-test --set image.tag=snapshot --set image.pullPolicy=Never --set logLevel=DEBUG --set resources.cpu=512m --namespace helmbrokerlicensesit-operator
2025-01-30 18:28:15,702 INFO c.h.h.t.HelmChartContainer - [K3S] [alloc.go:330] "allocated clusterIPs" service="helmbrokerlicensesit-operator/hivemq-platform-operator-test-hivemq-platform-operator" clusterIPs={"IPv4":"10.43.23.52"}
2025-01-30 18:28:15,715 INFO c.h.h.t.HelmChartContainer - [EVENT] Normal [ScalingReplicaSet] Scaled up replica set hivemq-test-hivemq-platform-operator-6966f96d65 from 0 to 1 [helmbrokerlicensesit-operator:hivemq-test-hivemq-platform-operator]
2025-01-30 18:28:15,726 INFO c.h.h.t.HelmChartContainer - [POD] hivemq-test-hivemq-platform-operator-6966f96d65-svh4f [e38f30ee-b924-4a05-847c-6eb24c8ad99e] in helmbrokerlicensesit-operator was ADDED
2025-01-30 18:28:15,727 INFO c.h.h.t.HelmChartContainer - [EVENT] Normal [SuccessfulCreate] Created pod: hivemq-test-hivemq-platform-operator-6966f96d65-svh4f [helmbrokerlicensesit-operator:hivemq-test-hivemq-platform-operator-6966f96d65]
2025-01-30 18:28:15,731 INFO c.h.h.t.HelmChartContainer - [K3S] [replica_set.go:679] "Finished syncing" kind="ReplicaSet" key="helmbrokerlicensesit-operator/hivemq-test-hivemq-platform-operator-6966f96d65" duration="20.746639ms"
2025-01-30 18:28:15,738 INFO c.h.h.t.HelmChartContainer - [K3S] [reconciler_common.go:251] "operationExecutor.VerifyControllerAttachedVolume started for volume \"kube-api-access-h5wzv\" (UniqueName: \"kubernetes.io/projected/e38f30ee-b924-4a05-847c-6eb24c8ad99e-kube-api-access-h5wzv\") pod \"hivemq-test-hivemq-platform-operator-6966f96d65-svh4f\" (UID: \"e38f30ee-b924-4a05-847c-6eb24c8ad99e\") " pod="helmbrokerlicensesit-operator/hivemq-test-hivemq-platform-operator-6966f96d65-svh4f"
2025-01-30 18:28:15,738 INFO c.h.h.t.HelmChartContainer - [POD] hivemq-test-hivemq-platform-operator-6966f96d65-svh4f [e38f30ee-b924-4a05-847c-6eb24c8ad99e] in helmbrokerlicensesit-operator was MODIFIED
2025-01-30 18:28:15,744 INFO c.h.h.t.HelmChartContainer - [K3S] [replica_set.go:679] "Finished syncing" kind="ReplicaSet" key="helmbrokerlicensesit-operator/hivemq-test-hivemq-platform-operator-6966f96d65" duration="11.721168ms"
2025-01-30 18:28:15,744 INFO c.h.h.t.HelmChartContainer - [K3S] [replica_set.go:679] "Finished syncing" kind="ReplicaSet" key="helmbrokerlicensesit-operator/hivemq-test-hivemq-platform-operator-6966f96d65" duration="39.494µs"
2025-01-30 18:28:15,745 INFO c.h.h.t.HelmChartContainer - [EVENT] Normal [Scheduled] Successfully assigned helmbrokerlicensesit-operator/hivemq-test-hivemq-platform-operator-6966f96d65-svh4f to fa9d92da3b04 [helmbrokerlicensesit-operator:hivemq-test-hivemq-platform-operator-6966f96d65-svh4f]
2025-01-30 18:28:15,745 INFO c.h.h.t.HelmChartContainer - [K3S] [replica_set.go:679] "Finished syncing" kind="ReplicaSet" key="helmbrokerlicensesit-operator/hivemq-test-hivemq-platform-operator-6966f96d65" duration="2.058785ms"
2025-01-30 18:28:15,753 INFO c.h.h.t.HelmChartContainer - [K3S] [replica_set.go:679] "Finished syncing" kind="ReplicaSet" key="helmbrokerlicensesit-operator/hivemq-test-hivemq-platform-operator-6966f96d65" duration="29.324µs"
2025-01-30 18:28:15,756 INFO c.h.h.t.HelmChartContainer - [POD] hivemq-test-hivemq-platform-operator-6966f96d65-svh4f [e38f30ee-b924-4a05-847c-6eb24c8ad99e] in helmbrokerlicensesit-operator was MODIFIED
2025-01-30 18:28:16,132 INFO c.h.h.t.HelmChartContainer - [EVENT] Normal [Pulled] Container image "docker.io/hivemq/hivemq-platform-operator-test:snapshot" already present on machine [helmbrokerlicensesit-operator:hivemq-test-hivemq-platform-operator-6966f96d65-svh4f]
2025-01-30 18:28:16,133 INFO c.h.h.t.HelmChartContainer - Received Pulled event for container hivemq-platform-operator in pod hivemq-test-hivemq-platform-operator-6966f96d65-svh4f [e38f30ee-b924-4a05-847c-6eb24c8ad99e]
2025-01-30 18:28:16,140 INFO c.h.h.t.HelmChartContainer - [EVENT] Normal [Created] Created container: hivemq-platform-operator [helmbrokerlicensesit-operator:hivemq-test-hivemq-platform-operator-6966f96d65-svh4f]
2025-01-30 18:28:16,140 INFO c.h.h.t.HelmChartContainer - Received Created event for container hivemq-platform-operator in pod hivemq-test-hivemq-platform-operator-6966f96d65-svh4f [e38f30ee-b924-4a05-847c-6eb24c8ad99e]
2025-01-30 18:28:16,366 INFO c.h.h.t.HelmChartContainer - [K3S] [replica_set.go:679] "Finished syncing" kind="ReplicaSet" key="helmbrokerlicensesit-operator/hivemq-test-hivemq-platform-operator-6966f96d65" duration="50.314µs"
2025-01-30 18:28:16,370 INFO c.h.h.t.HelmChartContainer - [POD] hivemq-test-hivemq-platform-operator-6966f96d65-svh4f [e38f30ee-b924-4a05-847c-6eb24c8ad99e] in helmbrokerlicensesit-operator was MODIFIED
2025-01-30 18:28:16,399 INFO c.h.h.t.HelmChartContainer - Started log watcher for hivemq-platform-operator in pod hivemq-test-hivemq-platform-operator-6966f96d65-svh4f [e38f30ee-b924-4a05-847c-6eb24c8ad99e]
2025-01-30 18:28:16,399 INFO c.h.h.t.HelmChartContainer - [EVENT] Normal [Started] Started container hivemq-platform-operator [helmbrokerlicensesit-operator:hivemq-test-hivemq-platform-operator-6966f96d65-svh4f]
2025-01-30 18:28:16,399 INFO c.h.h.t.HelmChartContainer - Received Started event for container hivemq-platform-operator in pod hivemq-test-hivemq-platform-operator-6966f96d65-svh4f [e38f30ee-b924-4a05-847c-6eb24c8ad99e]
2025-01-30 18:28:16,399 INFO c.h.h.t.HelmChartContainer - [hivemq-test-hivemq-platform] [hivemq-platform-operator] [e38f30ee] -------------------------------------------------------------------------
2025-01-30 18:28:16,399 INFO c.h.h.t.HelmChartContainer - [hivemq-test-hivemq-platform] [hivemq-platform-operator] [e38f30ee] 
2025-01-30 18:28:16,399 INFO c.h.h.t.HelmChartContainer - [hivemq-test-hivemq-platform] [hivemq-platform-operator] [e38f30ee]                   _    _  _              __  __   ____
2025-01-30 18:28:16,399 INFO c.h.h.t.HelmChartContainer - [hivemq-test-hivemq-platform] [hivemq-platform-operator] [e38f30ee]                  | |  | |(_)            |  \/  | / __ \
2025-01-30 18:28:16,399 INFO c.h.h.t.HelmChartContainer - [hivemq-test-hivemq-platform] [hivemq-platform-operator] [e38f30ee]                  | |__| | _ __   __ ___ | \  / || |  | |
2025-01-30 18:28:16,399 INFO c.h.h.t.HelmChartContainer - [hivemq-test-hivemq-platform] [hivemq-platform-operator] [e38f30ee]                  |  __  || |\ \ / // _ \| |\/| || |  | |
2025-01-30 18:28:16,399 INFO c.h.h.t.HelmChartContainer - [hivemq-test-hivemq-platform] [hivemq-platform-operator] [e38f30ee]                  | |  | || | \ V /|  __/| |  | || |__| |
2025-01-30 18:28:16,399 INFO c.h.h.t.HelmChartContainer - [hivemq-test-hivemq-platform] [hivemq-platform-operator] [e38f30ee]                  |_|  |_||_|  \_/  \___||_|  |_| \___\_\
2025-01-30 18:28:16,399 INFO c.h.h.t.HelmChartContainer - [hivemq-test-hivemq-platform] [hivemq-platform-operator] [e38f30ee] 
2025-01-30 18:28:16,399 INFO c.h.h.t.HelmChartContainer - [hivemq-test-hivemq-platform] [hivemq-platform-operator] [e38f30ee] -------------------------------------------------------------------------
2025-01-30 18:28:16,399 INFO c.h.h.t.HelmChartContainer - [hivemq-test-hivemq-platform] [hivemq-platform-operator] [e38f30ee] 
2025-01-30 18:28:16,399 INFO c.h.h.t.HelmChartContainer - [hivemq-test-hivemq-platform] [hivemq-platform-operator] [e38f30ee]   HiveMQ Platform Operator Start Script v1.0
2025-01-30 18:28:16,399 INFO c.h.h.t.HelmChartContainer - [hivemq-test-hivemq-platform] [hivemq-platform-operator] [e38f30ee] 
2025-01-30 18:28:16,400 INFO c.h.h.t.HelmChartContainer - [hivemq-test-hivemq-platform] [hivemq-platform-operator] [e38f30ee] -------------------------------------------------------------------------
2025-01-30 18:28:16,400 INFO c.h.h.t.HelmChartContainer - [hivemq-test-hivemq-platform] [hivemq-platform-operator] [e38f30ee] 
2025-01-30 18:28:16,400 INFO c.h.h.t.HelmChartContainer - [hivemq-test-hivemq-platform] [hivemq-platform-operator] [e38f30ee]   JAVA_OPTS: -XX:+UnlockExperimentalVMOptions -XX:InitialRAMPercentage=75 -XX:MaxRAMPercentage=75 -Duser.language=en -Duser.region=US
2025-01-30 18:28:16,400 INFO c.h.h.t.HelmChartContainer - [hivemq-test-hivemq-platform] [hivemq-platform-operator] [e38f30ee] 
2025-01-30 18:28:16,400 INFO c.h.h.t.HelmChartContainer - [hivemq-test-hivemq-platform] [hivemq-platform-operator] [e38f30ee]   JAVA_VERSION: 21
2025-01-30 18:28:16,400 INFO c.h.h.t.HelmChartContainer - [hivemq-test-hivemq-platform] [hivemq-platform-operator] [e38f30ee] 
2025-01-30 18:28:16,400 INFO c.h.h.t.HelmChartContainer - [hivemq-test-hivemq-platform] [hivemq-platform-operator] [e38f30ee] -------------------------------------------------------------------------
2025-01-30 18:28:16,400 INFO c.h.h.t.HelmChartContainer - [hivemq-test-hivemq-platform] [hivemq-platform-operator] [e38f30ee] 
2025-01-30 18:28:19,557 INFO c.h.h.t.HelmChartContainer - [hivemq-test-hivemq-platform] [hivemq-platform-operator] [e38f30ee] 18:28:19.554 [main] DEBUG org.jboss.logging - Logging Provider: org.jboss.logging.Slf4jLoggerProvider
2025-01-30 18:28:19,687 INFO c.h.h.t.HelmChartContainer - [hivemq-test-hivemq-platform] [hivemq-platform-operator] [e38f30ee] 18:28:19.686 [main] DEBUG io.smallrye.config - SRCFG01006: Loaded ConfigSource SysPropConfigSource with ordinal 400
2025-01-30 18:28:19,687 INFO c.h.h.t.HelmChartContainer - [hivemq-test-hivemq-platform] [hivemq-platform-operator] [e38f30ee] 18:28:19.686 [main] DEBUG io.smallrye.config - SRCFG01006: Loaded ConfigSource EnvConfigSource with ordinal 300
2025-01-30 18:28:19,687 INFO c.h.h.t.HelmChartContainer - [hivemq-test-hivemq-platform] [hivemq-platform-operator] [e38f30ee] 18:28:19.686 [main] DEBUG io.smallrye.config - SRCFG01006: Loaded ConfigSource PropertiesConfigSource[source=jar:file:///opt/hivemq-platform-operator/bin/hivemq-platform-operator.jar!/hivemq-platform-operator.properties] with ordinal 100
2025-01-30 18:28:19,687 INFO c.h.h.t.HelmChartContainer - [hivemq-test-hivemq-platform] [hivemq-platform-operator] [e38f30ee] 18:28:19.686 [main] DEBUG io.smallrye.config - SRCFG01006: Loaded ConfigSource DefaultValuesConfigSource with ordinal -2147483648
2025-01-30 18:28:19,791 INFO c.h.h.t.HelmChartContainer - [hivemq-test-hivemq-platform] [hivemq-platform-operator] [e38f30ee] 18:28:19.790 [main] DEBUG i.m.c.u.i.l.InternalLoggerFactory - Using SLF4J as the default logging framework
2025-01-30 18:28:19,958 INFO c.h.h.t.HelmChartContainer - [hivemq-test-hivemq-platform] [hivemq-platform-operator] [e38f30ee] 18:28:19.899 [main] INFO  c.h.p.o.HiveMQPlatformOperatorApplication - HiveMQ Platform Operator 1.7.0-SNAPSHOT (commit: 47e3375 on branch: HEAD) built on Thu Jan 30 03:55:50 UTC 2025
2025-01-30 18:28:19,959 INFO c.h.h.t.HelmChartContainer - [hivemq-test-hivemq-platform] [hivemq-platform-operator] [e38f30ee] 18:28:19.957 [main] INFO  c.h.p.o.HiveMQPlatformOperatorApplication - HiveMQ Platform Operator is running in namespace: helmbrokerlicensesit-operator
2025-01-30 18:28:19,959 INFO c.h.h.t.HelmChartContainer - [hivemq-test-hivemq-platform] [hivemq-platform-operator] [e38f30ee] 18:28:19.957 [main] INFO  c.h.p.o.HiveMQPlatformOperatorApplication - Watching all namespaces
2025-01-30 18:28:19,959 INFO c.h.h.t.HelmChartContainer - [hivemq-test-hivemq-platform] [hivemq-platform-operator] [e38f30ee] 18:28:19.957 [main] INFO  c.h.p.o.HiveMQPlatformOperatorApplication - Log level: DEBUG
2025-01-30 18:28:19,959 INFO c.h.h.t.HelmChartContainer - [hivemq-test-hivemq-platform] [hivemq-platform-operator] [e38f30ee] 18:28:19.958 [main] INFO  c.h.p.o.HiveMQPlatformOperatorApplication - Release name: test-hivemq-platform-operator
2025-01-30 18:28:19,959 INFO c.h.h.t.HelmChartContainer - [hivemq-test-hivemq-platform] [hivemq-platform-operator] [e38f30ee] 18:28:19.958 [main] INFO  c.h.p.o.HiveMQPlatformOperatorApplication - HiveMQ Platform Operator Init image: docker.io/hivemq/hivemq-platform-operator-init-test:snapshot
2025-01-30 18:28:19,959 INFO c.h.h.t.HelmChartContainer - [hivemq-test-hivemq-platform] [hivemq-platform-operator] [e38f30ee] 18:28:19.958 [main] INFO  c.h.p.o.HiveMQPlatformOperatorApplication - HiveMQ Platform Operator Init App update URL: http://hivemq-platform-operator-test-hivemq-platform-operator.helmbrokerlicensesit-operator.svc:8080/initAppUpdate/hivemq-platform-operator-init-app-1.7.0-SNAPSHOT.jar
2025-01-30 18:28:19,959 INFO c.h.h.t.HelmChartContainer - [hivemq-test-hivemq-platform] [hivemq-platform-operator] [e38f30ee] 18:28:19.958 [main] INFO  c.h.p.o.HiveMQPlatformOperatorApplication - Additional imagePullSecret for all Platform deployments: none
2025-01-30 18:28:19,959 INFO c.h.h.t.HelmChartContainer - [hivemq-test-hivemq-platform] [hivemq-platform-operator] [e38f30ee] 18:28:19.958 [main] INFO  c.h.p.o.HiveMQPlatformOperatorApplication - Apply HiveMQ Platform CRD: true
2025-01-30 18:28:19,959 INFO c.h.h.t.HelmChartContainer - [hivemq-test-hivemq-platform] [hivemq-platform-operator] [e38f30ee] 18:28:19.958 [main] INFO  c.h.p.o.HiveMQPlatformOperatorApplication - Create Platform ServiceAccount: true
2025-01-30 18:28:19,959 INFO c.h.h.t.HelmChartContainer - [hivemq-test-hivemq-platform] [hivemq-platform-operator] [e38f30ee] 18:28:19.958 [main] INFO  c.h.p.o.HiveMQPlatformOperatorApplication - Create Platform ServiceAccount permissions: true
2025-01-30 18:28:19,959 INFO c.h.h.t.HelmChartContainer - [hivemq-test-hivemq-platform] [hivemq-platform-operator] [e38f30ee] 18:28:19.958 [main] INFO  c.h.p.o.HiveMQPlatformOperatorApplication - Validate Platform ServiceAccount: true
2025-01-30 18:28:19,959 INFO c.h.h.t.HelmChartContainer - [hivemq-test-hivemq-platform] [hivemq-platform-operator] [e38f30ee] 18:28:19.958 [main] INFO  c.h.p.o.HiveMQPlatformOperatorApplication - Validate Platform ServiceAccount permissions: true
2025-01-30 18:28:20,101 INFO c.h.h.t.HelmChartContainer - [hivemq-test-hivemq-platform] [hivemq-platform-operator] [e38f30ee] 18:28:20.099 [main] INFO  c.h.platform.operator.util.CRDUtil - Verifying deployed HiveMQ Platform CRD...
2025-01-30 18:28:21,361 INFO c.h.h.t.HelmChartContainer - [POD] metrics-server-8584b5786c-zjgpq [6c7ad35d-d7a3-444f-bc0c-eff0ff0d2e25] in kube-system was MODIFIED
2025-01-30 18:28:21,370 INFO c.h.h.t.HelmChartContainer - [K3S] [replica_set.go:679] "Finished syncing" kind="ReplicaSet" key="kube-system/metrics-server-8584b5786c" duration="12.022542ms"
2025-01-30 18:28:21,370 INFO c.h.h.t.HelmChartContainer - [K3S] [replica_set.go:679] "Finished syncing" kind="ReplicaSet" key="kube-system/metrics-server-8584b5786c" duration="31.159µs"
2025-01-30 18:28:22,488 INFO c.h.h.t.HelmChartContainer - [hivemq-test-hivemq-platform] [hivemq-platform-operator] [e38f30ee] 18:28:22.486 [main] DEBUG c.h.platform.operator.util.CRDUtil - HiveMQ Platform CRD version v1 is up to date
2025-01-30 18:28:22,488 INFO c.h.h.t.HelmChartContainer - [hivemq-test-hivemq-platform] [hivemq-platform-operator] [e38f30ee] 18:28:22.487 [main] INFO  c.h.platform.operator.util.CRDUtil - HiveMQ Platform CRD is up to date (version: V1_6_0)
2025-01-30 18:28:22,488 INFO c.h.h.t.HelmChartContainer - [hivemq-test-hivemq-platform] [hivemq-platform-operator] [e38f30ee] 18:28:22.487 [main] INFO  c.h.platform.operator.util.CRDUtil - Waiting 10000 ms for HiveMQ Platform CRD 'hivemq-platforms.hivemq.com' to become ready...
2025-01-30 18:28:22,791 INFO c.h.h.t.HelmChartContainer - [hivemq-test-hivemq-platform] [hivemq-platform-operator] [e38f30ee] 18:28:22.788 [vert.x-eventloop-thread-1] DEBUG c.h.platform.operator.util.CRDUtil - Checking CRD condition 'NamesAccepted' (status: 'True')
2025-01-30 18:28:22,791 INFO c.h.h.t.HelmChartContainer - [hivemq-test-hivemq-platform] [hivemq-platform-operator] [e38f30ee] 18:28:22.789 [vert.x-eventloop-thread-1] DEBUG c.h.platform.operator.util.CRDUtil - Checking CRD condition 'Established' (status: 'True')
2025-01-30 18:28:22,791 INFO c.h.h.t.HelmChartContainer - [hivemq-test-hivemq-platform] [hivemq-platform-operator] [e38f30ee] 18:28:22.789 [main] INFO  c.h.platform.operator.util.CRDUtil - HiveMQ Platform CRD 'hivemq-platforms.hivemq.com' is ready
2025-01-30 18:28:22,994 INFO c.h.h.t.HelmChartContainer - [hivemq-test-hivemq-platform] [hivemq-platform-operator] [e38f30ee] 18:28:22.993 [main] INFO  c.h.p.o.HiveMQPlatformReconciler - HiveMQ Platform Operator is starting...
2025-01-30 18:28:23,097 INFO c.h.h.t.HelmChartContainer - [hivemq-test-hivemq-platform] [hivemq-platform-operator] [e38f30ee] 18:28:23.096 [main] WARN  Default ConfigurationService implementation - Configuration for reconciler 'hivemq-controller' was not found. Known reconcilers: None.
2025-01-30 18:28:23,103 INFO c.h.h.t.HelmChartContainer - [hivemq-test-hivemq-platform] [hivemq-platform-operator] [e38f30ee] 18:28:23.102 [main] INFO  Default ConfigurationService implementation - Created configuration for reconciler com.hivemq.platform.operator.HiveMQPlatformReconciler with name hivemq-controller
2025-01-30 18:28:23,287 INFO c.h.h.t.HelmChartContainer - [hivemq-test-hivemq-platform] [hivemq-platform-operator] [e38f30ee] 18:28:23.286 [main] DEBUG c.h.p.o.HiveMQPlatformReconciler - HiveMQ Platform Operator is preparing EventSources
2025-01-30 18:28:23,299 INFO c.h.h.t.HelmChartContainer - [hivemq-test-hivemq-platform] [hivemq-platform-operator] [e38f30ee] 18:28:23.298 [main] INFO  i.javaoperatorsdk.operator.Operator - Registered reconciler: 'hivemq-controller' for resource: 'class com.hivemq.platform.operator.v1.HiveMQPlatform' for namespace(s): [all namespaces]
2025-01-30 18:28:23,896 INFO c.h.h.t.HelmChartContainer - [hivemq-test-hivemq-platform] [hivemq-platform-operator] [e38f30ee] 18:28:23.894 [main] INFO  c.h.p.operator.webserver.JettyServer - Starting Jetty server on port 8080
2025-01-30 18:28:23,994 INFO c.h.h.t.HelmChartContainer - [hivemq-test-hivemq-platform] [hivemq-platform-operator] [e38f30ee] 18:28:23.992 [main] INFO  i.javaoperatorsdk.operator.Operator - Operator SDK 4.9.7 (commit: 2133d28) built on Wed Nov 20 12:56:20 UTC 2024 starting...
2025-01-30 18:28:23,994 INFO c.h.h.t.HelmChartContainer - [hivemq-test-hivemq-platform] [hivemq-platform-operator] [e38f30ee] 18:28:23.993 [main] INFO  i.javaoperatorsdk.operator.Operator - Client version: 6.13.5
2025-01-30 18:28:23,995 INFO c.h.h.t.HelmChartContainer - [hivemq-test-hivemq-platform] [hivemq-platform-operator] [e38f30ee] 18:28:23.994 [Controller Starter for: hivemq-controller] INFO  i.j.operator.processing.Controller - Starting 'hivemq-controller' controller for reconciler: com.hivemq.platform.operator.HiveMQPlatformReconciler, resource: com.hivemq.platform.operator.v1.HiveMQPlatform
2025-01-30 18:28:26,380 INFO c.h.h.t.HelmChartContainer - [K3S] [range_allocator.go:247] "Successfully synced" key="fa9d92da3b04"
2025-01-30 18:28:26,585 INFO c.h.h.t.HelmChartContainer - [hivemq-test-hivemq-platform] [hivemq-platform-operator] [e38f30ee] 18:28:26.583 [Controller Starter for: hivemq-controller] INFO  i.j.operator.processing.Controller - 'hivemq-controller' controller started
2025-01-30 18:28:26,587 INFO c.h.h.t.HelmChartContainer - [hivemq-test-hivemq-platform] [hivemq-platform-operator] [e38f30ee] 18:28:26.584 [main] INFO  c.h.p.o.HiveMQPlatformOperatorApplication - HiveMQ Platform Operator 1.7.0-SNAPSHOT started in 6684 ms
2025-01-30 18:28:27,380 INFO c.h.h.t.HelmChartContainer - [POD] hivemq-test-hivemq-platform-operator-6966f96d65-svh4f [e38f30ee-b924-4a05-847c-6eb24c8ad99e] in helmbrokerlicensesit-operator was MODIFIED
2025-01-30 18:28:27,386 INFO c.h.h.t.HelmChartContainer - [K3S] [replica_set.go:679] "Finished syncing" kind="ReplicaSet" key="helmbrokerlicensesit-operator/hivemq-test-hivemq-platform-operator-6966f96d65" duration="10.422731ms"
2025-01-30 18:28:27,386 INFO c.h.h.t.HelmChartContainer - [K3S] [replica_set.go:679] "Finished syncing" kind="ReplicaSet" key="helmbrokerlicensesit-operator/hivemq-test-hivemq-platform-operator-6966f96d65" duration="38.642µs"
2025-01-30 18:28:27,771 INFO c.h.h.testcontainer.LogWaiterUtil - TEST Waiting for log pattern on 'test-hivemq-platform-0': .*License file license.lic is corrupt.
2025-01-30 18:28:27,842 DEBUG c.h.h.t.HelmChartContainer - Executing helm command: /bin/helm --kubeconfig /etc/rancher/k3s/k3s.yaml install test-hivemq-platform /charts/hivemq-platform --wait --timeout 5m0s --set image.repository=docker.io/hivemq --set image.tag=4.36.0 --set image.pullPolicy=Never --set nodes.resources.cpu=512m --set nodes.replicaCount=1 --set license.name=test-license --namespace helmbrokerlicensesit
2025-01-30 18:28:28,191 INFO c.h.h.t.HelmChartContainer - [hivemq-test-hivemq-platform] [hivemq-platform-operator] [e38f30ee] 18:28:28.189 [-2082509879-pool-1-thread-1] WARN  i.m.p.PrometheusMeterRegistry - The meter (MeterId{name='operator.sdk.events.received', tags=[tag(action=ADDED),tag(event=ResourceEvent),tag(group=hivemq.com),tag(kind=HiveMQPlatform),tag(name=test-hivemq-platform),tag(namespace=helmbrokerlicensesit),tag(scope=namespace),tag(version=v1)]}) registration has failed: Prometheus requires that all meters with the same name have the same set of tag keys. There is already an existing meter named 'operator.sdk.events.received' containing tag keys [event, group, kind, name, namespace, scope, version]. The meter you are attempting to register has keys [action, event, group, kind, name, namespace, scope, version]. Note that subsequent logs will be logged at debug level.
2025-01-30 18:28:28,691 INFO c.h.h.t.HelmChartContainer - [hivemq-test-hivemq-platform] [hivemq-platform-operator] [e38f30ee] 18:28:28.688 [pool-6-thread-3] DEBUG c.h.p.o.dependants.PodInfoConfigMap - [helmbrok] Desired PodInfo ConfigMap (1 extensions) (1 enabled)
2025-01-30 18:28:28,691 INFO c.h.h.t.HelmChartContainer - [hivemq-test-hivemq-platform] [hivemq-platform-operator] [e38f30ee] 18:28:28.690 [pool-6-thread-3] DEBUG c.h.p.o.dependants.PodInfoConfigMap - [helmbrok] Desired PodInfo ConfigMap (metrics port: 9399) (metrics path: /)
2025-01-30 18:28:28,692 INFO c.h.h.t.HelmChartContainer - [hivemq-test-hivemq-platform] [hivemq-platform-operator] [e38f30ee] 18:28:28.690 [pool-6-thread-3] DEBUG c.h.p.o.dependants.PodInfoConfigMap - [helmbrok] Desired PodInfo ConfigMap (extension state hash: -1817474005)
2025-01-30 18:28:28,756 INFO c.h.h.t.HelmChartContainer - [hivemq-test-hivemq-platform] [hivemq-platform-operator] [e38f30ee] 18:28:28.754 [pool-6-thread-3] DEBUG c.h.p.o.dependants.PodInfoConfigMap - [helmbrok] Create PodInfo ConfigMap
2025-01-30 18:28:28,860 INFO c.h.h.t.HelmChartContainer - [hivemq-test-hivemq-platform] [hivemq-platform-operator] [e38f30ee] 18:28:28.858 [pool-6-thread-5] DEBUG c.h.p.o.dependants.PodRoleResource - [helmbrok] Create Role: Role(apiVersion=rbac.authorization.k8s.io/v1, kind=Role, metadata=ObjectMeta(annotations={meta.helm.sh/release-name=test-hivemq-platform, meta.helm.sh/release-namespace=helmbrokerlicensesit}, creationTimestamp=null, deletionGracePeriodSeconds=null, deletionTimestamp=null, finalizers=[], generateName=null, generation=null, labels={helm.sh/chart=hivemq-platform-0.2.32, app.kubernetes.io/managed-by=Helm, app.kubernetes.io/name=hivemq-platform, hivemq-platform=test-hivemq-platform, app.kubernetes.io/instance=test-hivemq-platform, app.kubernetes.io/version=4.36.0}, managedFields=[], name=hivemq-platform-role-test-hivemq-platform, namespace=helmbrokerlicensesit, ownerReferences=[OwnerReference(apiVersion=hivemq.com/v1, blockOwnerDeletion=null, controller=null, kind=HiveMQPlatform, name=test-hivemq-platform, uid=5ca9460b-b346-4baf-a045-9ba3679cc57d, additionalProperties={})], resourceVersion=null, selfLink=null, uid=null, additionalProperties={}), rules=[PolicyRule(apiGroups=[], nonResourceURLs=[], resourceNames=[], resources=[pods], verbs=[get, patch, update], additionalProperties={})], additionalProperties={})
2025-01-30 18:28:28,992 INFO c.h.h.t.HelmChartContainer - [hivemq-test-hivemq-platform] [hivemq-platform-operator] [e38f30ee] 18:28:28.990 [pool-6-thread-7] DEBUG c.h.p.o.d.PodServiceAccountResource - [helmbrok] Desired PodServiceAccountResource (serviceAccountName: hivemq-platform-pod-test-hivemq-platform)
2025-01-30 18:28:29,056 INFO c.h.h.t.HelmChartContainer - [hivemq-test-hivemq-platform] [hivemq-platform-operator] [e38f30ee] 18:28:29.054 [pool-6-thread-7] DEBUG c.h.p.o.d.PodServiceAccountResource - [helmbrok] Create ServiceAccount 'hivemq-platform-pod-test-hivemq-platform'
2025-01-30 18:28:29,158 INFO c.h.h.t.HelmChartContainer - [hivemq-test-hivemq-platform] [hivemq-platform-operator] [e38f30ee] 18:28:29.157 [pool-6-thread-10] DEBUG c.h.p.o.d.PodRoleBindingResource - [helmbrok] Create RoleBinding: RoleBinding(apiVersion=rbac.authorization.k8s.io/v1, kind=RoleBinding, metadata=ObjectMeta(annotations={meta.helm.sh/release-name=test-hivemq-platform, meta.helm.sh/release-namespace=helmbrokerlicensesit}, creationTimestamp=null, deletionGracePeriodSeconds=null, deletionTimestamp=null, finalizers=[], generateName=null, generation=null, labels={helm.sh/chart=hivemq-platform-0.2.32, app.kubernetes.io/managed-by=Helm, app.kubernetes.io/name=hivemq-platform, hivemq-platform=test-hivemq-platform, app.kubernetes.io/instance=test-hivemq-platform, app.kubernetes.io/version=4.36.0}, managedFields=[], name=hivemq-platform-role-binding-test-hivemq-platform, namespace=helmbrokerlicensesit, ownerReferences=[OwnerReference(apiVersion=hivemq.com/v1, blockOwnerDeletion=null, controller=null, kind=HiveMQPlatform, name=test-hivemq-platform, uid=5ca9460b-b346-4baf-a045-9ba3679cc57d, additionalProperties={})], resourceVersion=null, selfLink=null, uid=null, additionalProperties={}), roleRef=RoleRef(apiGroup=rbac.authorization.k8s.io, kind=Role, name=hivemq-platform-role-test-hivemq-platform, additionalProperties={}), subjects=[Subject(apiGroup=null, kind=ServiceAccount, name=hivemq-platform-pod-test-hivemq-platform, namespace=helmbrokerlicensesit, additionalProperties={})], additionalProperties={})
2025-01-30 18:28:29,188 INFO c.h.h.t.HelmChartContainer - [hivemq-test-hivemq-platform] [hivemq-platform-operator] [e38f30ee] 18:28:29.187 [ReconcilerExecutor-hivemq-controller-54] INFO  c.h.p.o.HiveMQPlatformReconciler - [helmbrok] Reconciling HiveMQ Platform 'test-hivemq-platform' in namespace 'helmbrokerlicensesit'
2025-01-30 18:28:29,189 INFO c.h.h.t.HelmChartContainer - [hivemq-test-hivemq-platform] [hivemq-platform-operator] [e38f30ee] 18:28:29.187 [ReconcilerExecutor-hivemq-controller-54] DEBUG c.h.p.o.HiveMQPlatformReconciler - [helmbrok] Custom Resource Status CREATED - HiveMQ Platform was created (READY)
2025-01-30 18:28:29,190 INFO c.h.h.t.HelmChartContainer - [hivemq-test-hivemq-platform] [hivemq-platform-operator] [e38f30ee] 18:28:29.188 [ReconcilerExecutor-hivemq-controller-54] DEBUG c.h.p.o.HiveMQPlatformReconciler - [helmbrok] Custom Resource Spec (replicas: 1) (extensions: 1)
2025-01-30 18:28:29,192 INFO c.h.h.t.HelmChartContainer - [hivemq-test-hivemq-platform] [hivemq-platform-operator] [e38f30ee] 18:28:29.191 [ReconcilerExecutor-hivemq-controller-54] INFO  c.h.p.o.h.HiveMQPlatformReconcilerBaseHandler - [helmbrok] HiveMQ Platform is starting
2025-01-30 18:28:29,360 INFO c.h.h.t.HelmChartContainer - [hivemq-test-hivemq-platform] [hivemq-platform-operator] [e38f30ee] 18:28:29.358 [ReconcilerExecutor-hivemq-controller-54] DEBUG c.h.p.operator.event.EventSender - [helmbrok] Creating K8s event hivemq-platform-starting: [Start] HiveMQ Platform is starting
2025-01-30 18:28:29,367 INFO c.h.h.t.HelmChartContainer - [EVENT] Normal [Start] HiveMQ Platform is starting [helmbrokerlicensesit:test-hivemq-platform]
2025-01-30 18:28:29,386 INFO c.h.h.t.HelmChartContainer - [hivemq-test-hivemq-platform] [hivemq-platform-operator] [e38f30ee] 18:28:29.385 [ReconcilerExecutor-hivemq-controller-54] INFO  c.h.p.o.h.AbstractHiveMQReconcilerStateHandler - [helmbrok] Update HiveMQ Platform Status (CREATED [READY] -> STARTING [READY]): HiveMQ Platform is starting
2025-01-30 18:28:29,399 DEBUG com.hivemq.helmcharts.util.K8sUtil - Comparing actual state 'STARTING' and waiting for 'RUNNING'
2025-01-30 18:28:39,468 INFO c.h.h.t.HelmChartContainer - [hivemq-test-hivemq-platform] [hivemq-platform-operator] [e38f30ee] 18:28:39.462 [pool-6-thread-12] DEBUG c.h.p.o.d.PlatformServiceResource - [helmbrok] Desired Platform services (3 services)
2025-01-30 18:28:39,470 INFO c.h.h.t.HelmChartContainer - [hivemq-test-hivemq-platform] [hivemq-platform-operator] [e38f30ee] 18:28:39.467 [pool-6-thread-13] DEBUG c.h.p.o.dependants.PodInfoConfigMap - [helmbrok] Desired PodInfo ConfigMap (1 extensions) (1 enabled)
2025-01-30 18:28:39,472 INFO c.h.h.t.HelmChartContainer - [hivemq-test-hivemq-platform] [hivemq-platform-operator] [e38f30ee] 18:28:39.467 [pool-6-thread-13] DEBUG c.h.p.o.dependants.PodInfoConfigMap - [helmbrok] Desired PodInfo ConfigMap (metrics port: 9399) (metrics path: /)
2025-01-30 18:28:39,472 INFO c.h.h.t.HelmChartContainer - [hivemq-test-hivemq-platform] [hivemq-platform-operator] [e38f30ee] 18:28:39.467 [pool-6-thread-13] DEBUG c.h.p.o.dependants.PodInfoConfigMap - [helmbrok] Desired PodInfo ConfigMap (extension state hash: -1817474005)
2025-01-30 18:28:39,472 INFO c.h.h.t.HelmChartContainer - [hivemq-test-hivemq-platform] [hivemq-platform-operator] [e38f30ee] 18:28:39.469 [pool-6-thread-17] DEBUG c.h.p.o.d.PodServiceAccountResource - [helmbrok] Desired PodServiceAccountResource (serviceAccountName: hivemq-platform-pod-test-hivemq-platform)
2025-01-30 18:28:39,475 INFO c.h.h.t.HelmChartContainer - [hivemq-test-hivemq-platform] [hivemq-platform-operator] [e38f30ee] 18:28:39.474 [pool-6-thread-13] DEBUG c.h.p.o.dependants.PodInfoConfigMap - [helmbrok] Update PodInfo ConfigMap
2025-01-30 18:28:39,569 INFO c.h.h.t.HelmChartContainer - [K3S] [alloc.go:330] "allocated clusterIPs" service="helmbrokerlicensesit/hivemq-test-hivemq-platform-metrics-9399" clusterIPs={"IPv4":"10.43.86.7"}
2025-01-30 18:28:39,661 INFO c.h.h.t.HelmChartContainer - [K3S] [alloc.go:330] "allocated clusterIPs" service="helmbrokerlicensesit/hivemq-test-hivemq-platform-cc-8080" clusterIPs={"IPv4":"10.43.177.102"}
2025-01-30 18:28:39,673 INFO c.h.h.t.HelmChartContainer - [K3S] [alloc.go:330] "allocated clusterIPs" service="helmbrokerlicensesit/hivemq-test-hivemq-platform-mqtt-1883" clusterIPs={"IPv4":"10.43.26.70"}
2025-01-30 18:28:39,756 INFO c.h.h.t.HelmChartContainer - [hivemq-test-hivemq-platform] [hivemq-platform-operator] [e38f30ee] 18:28:39.755 [pool-6-thread-20] DEBUG c.h.p.o.d.StatefulSetResource - [helmbrok] Desired StatefulSet (1 replicas) for status STARTING (READY)
2025-01-30 18:28:39,769 INFO c.h.h.t.HelmChartContainer - [hivemq-test-hivemq-platform] [hivemq-platform-operator] [e38f30ee] 18:28:39.768 [pool-6-thread-20] DEBUG c.h.p.o.d.StatefulSetResource - [helmbrok] Create StatefulSet
2025-01-30 18:28:39,798 INFO c.h.h.t.HelmChartContainer - [POD] test-hivemq-platform-0 [1ecc2684-5d0d-4eef-8aef-a6eaa8ab75a6] in helmbrokerlicensesit was ADDED
2025-01-30 18:28:39,799 INFO c.h.h.t.HelmChartContainer - [EVENT] Normal [SuccessfulCreate] create Pod test-hivemq-platform-0 in StatefulSet test-hivemq-platform successful [helmbrokerlicensesit:test-hivemq-platform]
2025-01-30 18:28:39,804 INFO c.h.h.t.HelmChartContainer - [EVENT] Normal [Scheduled] Successfully assigned helmbrokerlicensesit/test-hivemq-platform-0 to fa9d92da3b04 [helmbrokerlicensesit:test-hivemq-platform-0]
2025-01-30 18:28:39,806 INFO c.h.h.t.HelmChartContainer - [POD] test-hivemq-platform-0 [1ecc2684-5d0d-4eef-8aef-a6eaa8ab75a6] in helmbrokerlicensesit was MODIFIED
2025-01-30 18:28:39,820 INFO c.h.h.t.HelmChartContainer - [POD] test-hivemq-platform-0 [1ecc2684-5d0d-4eef-8aef-a6eaa8ab75a6] in helmbrokerlicensesit was MODIFIED
2025-01-30 18:28:39,860 INFO c.h.h.t.HelmChartContainer - [hivemq-test-hivemq-platform] [hivemq-platform-operator] [e38f30ee] 18:28:39.855 [ReconcilerExecutor-hivemq-controller-65] INFO  c.h.p.o.HiveMQPlatformReconciler - [helmbrok] Reconciling HiveMQ Platform 'test-hivemq-platform' in namespace 'helmbrokerlicensesit'
2025-01-30 18:28:39,860 INFO c.h.h.t.HelmChartContainer - [hivemq-test-hivemq-platform] [hivemq-platform-operator] [e38f30ee] 18:28:39.856 [ReconcilerExecutor-hivemq-controller-65] DEBUG c.h.p.o.HiveMQPlatformReconciler - [helmbrok] Custom Resource Status STARTING - HiveMQ Platform is starting (READY)
2025-01-30 18:28:39,860 INFO c.h.h.t.HelmChartContainer - [hivemq-test-hivemq-platform] [hivemq-platform-operator] [e38f30ee] 18:28:39.856 [ReconcilerExecutor-hivemq-controller-65] DEBUG c.h.p.o.HiveMQPlatformReconciler - [helmbrok] Custom Resource Spec (replicas: 1) (extensions: 1)
2025-01-30 18:28:39,862 INFO c.h.h.t.HelmChartContainer - [hivemq-test-hivemq-platform] [hivemq-platform-operator] [e38f30ee] 18:28:39.861 [ReconcilerExecutor-hivemq-controller-65] DEBUG c.h.p.o.HiveMQPlatformReconciler - [helmbrok] StatefulSet Status (revision: null, replicas: 0, available: 0, ready: 0, current: 0, updated: 0)
2025-01-30 18:28:39,862 INFO c.h.h.t.HelmChartContainer - [hivemq-test-hivemq-platform] [hivemq-platform-operator] [e38f30ee] 18:28:39.861 [ReconcilerExecutor-hivemq-controller-65] DEBUG c.h.p.o.HiveMQPlatformReconciler - [helmbrok] StatefulSet Spec (replicas: 1, init containers: 1, containers: 1, volumes: 4)
2025-01-30 18:28:39,880 INFO c.h.h.t.HelmChartContainer - [K3S] [reconciler_common.go:251] "operationExecutor.VerifyControllerAttachedVolume started for volume \"pod-info\" (UniqueName: \"kubernetes.io/configmap/1ecc2684-5d0d-4eef-8aef-a6eaa8ab75a6-pod-info\") pod \"test-hivemq-platform-0\" (UID: \"1ecc2684-5d0d-4eef-8aef-a6eaa8ab75a6\") " pod="helmbrokerlicensesit/test-hivemq-platform-0"
2025-01-30 18:28:39,880 INFO c.h.h.t.HelmChartContainer - [K3S] [reconciler_common.go:251] "operationExecutor.VerifyControllerAttachedVolume started for volume \"broker-configuration\" (UniqueName: \"kubernetes.io/configmap/1ecc2684-5d0d-4eef-8aef-a6eaa8ab75a6-broker-configuration\") pod \"test-hivemq-platform-0\" (UID: \"1ecc2684-5d0d-4eef-8aef-a6eaa8ab75a6\") " pod="helmbrokerlicensesit/test-hivemq-platform-0"
2025-01-30 18:28:39,880 INFO c.h.h.t.HelmChartContainer - [K3S] [reconciler_common.go:251] "operationExecutor.VerifyControllerAttachedVolume started for volume \"operator-init\" (UniqueName: \"kubernetes.io/empty-dir/1ecc2684-5d0d-4eef-8aef-a6eaa8ab75a6-operator-init\") pod \"test-hivemq-platform-0\" (UID: \"1ecc2684-5d0d-4eef-8aef-a6eaa8ab75a6\") " pod="helmbrokerlicensesit/test-hivemq-platform-0"
2025-01-30 18:28:39,880 INFO c.h.h.t.HelmChartContainer - [K3S] [reconciler_common.go:251] "operationExecutor.VerifyControllerAttachedVolume started for volume \"licenses\" (UniqueName: \"kubernetes.io/secret/1ecc2684-5d0d-4eef-8aef-a6eaa8ab75a6-licenses\") pod \"test-hivemq-platform-0\" (UID: \"1ecc2684-5d0d-4eef-8aef-a6eaa8ab75a6\") " pod="helmbrokerlicensesit/test-hivemq-platform-0"
2025-01-30 18:28:39,880 INFO c.h.h.t.HelmChartContainer - [K3S] [reconciler_common.go:251] "operationExecutor.VerifyControllerAttachedVolume started for volume \"kube-api-access-bpjbd\" (UniqueName: \"kubernetes.io/projected/1ecc2684-5d0d-4eef-8aef-a6eaa8ab75a6-kube-api-access-bpjbd\") pod \"test-hivemq-platform-0\" (UID: \"1ecc2684-5d0d-4eef-8aef-a6eaa8ab75a6\") " pod="helmbrokerlicensesit/test-hivemq-platform-0"
2025-01-30 18:28:39,966 INFO c.h.h.t.HelmChartContainer - [hivemq-test-hivemq-platform] [hivemq-platform-operator] [e38f30ee] 18:28:39.965 [ReconcilerExecutor-hivemq-controller-65] DEBUG c.h.p.o.h.HiveMQPlatformReconcilerErrorHandler - [helmbrok] Pod 'test-hivemq-platform-0' phase Pending
2025-01-30 18:28:39,966 INFO c.h.h.t.HelmChartContainer - [hivemq-test-hivemq-platform] [hivemq-platform-operator] [e38f30ee] 18:28:39.965 [ReconcilerExecutor-hivemq-controller-65] DEBUG c.h.p.o.h.HiveMQPlatformReconcilerErrorHandler - [helmbrok] Pod 'test-hivemq-platform-0' condition 'PodReadyToStartContainers': False
2025-01-30 18:28:39,967 INFO c.h.h.t.HelmChartContainer - [hivemq-test-hivemq-platform] [hivemq-platform-operator] [e38f30ee] 18:28:39.965 [ReconcilerExecutor-hivemq-controller-65] DEBUG c.h.p.o.h.HiveMQPlatformReconcilerErrorHandler - [helmbrok] Pod 'test-hivemq-platform-0' condition 'Initialized': False
2025-01-30 18:28:39,967 INFO c.h.h.t.HelmChartContainer - [hivemq-test-hivemq-platform] [hivemq-platform-operator] [e38f30ee] 18:28:39.966 [ReconcilerExecutor-hivemq-controller-65] DEBUG c.h.p.o.h.HiveMQPlatformReconcilerErrorHandler - [helmbrok] Pod 'test-hivemq-platform-0' condition 'Ready': False
2025-01-30 18:28:39,967 INFO c.h.h.t.HelmChartContainer - [hivemq-test-hivemq-platform] [hivemq-platform-operator] [e38f30ee] 18:28:39.966 [ReconcilerExecutor-hivemq-controller-65] DEBUG c.h.p.o.h.HiveMQPlatformReconcilerErrorHandler - [helmbrok] Pod 'test-hivemq-platform-0' condition 'ContainersReady': False
2025-01-30 18:28:39,967 INFO c.h.h.t.HelmChartContainer - [hivemq-test-hivemq-platform] [hivemq-platform-operator] [e38f30ee] 18:28:39.966 [ReconcilerExecutor-hivemq-controller-65] DEBUG c.h.p.o.h.HiveMQPlatformReconcilerErrorHandler - [helmbrok] Pod 'test-hivemq-platform-0' condition 'PodScheduled': True
2025-01-30 18:28:39,967 INFO c.h.h.t.HelmChartContainer - [hivemq-test-hivemq-platform] [hivemq-platform-operator] [e38f30ee] 18:28:39.966 [ReconcilerExecutor-hivemq-controller-65] DEBUG c.h.p.o.h.HiveMQPlatformReconcilerErrorHandler - [helmbrok] Pod 'test-hivemq-platform-0' containerStatus 'hivemq' (started: false) (ready: false) (waiting: [PodInitializing] null)
2025-01-30 18:28:39,970 INFO c.h.h.t.HelmChartContainer - [hivemq-test-hivemq-platform] [hivemq-platform-operator] [e38f30ee] 18:28:39.969 [ReconcilerExecutor-hivemq-controller-65] INFO  c.h.p.o.h.HiveMQPlatformReconcilerBaseHandler - [helmbrok] HiveMQ Platform is starting, 0 of 1 replicas are ready
2025-01-30 18:28:40,059 INFO c.h.h.t.HelmChartContainer - [hivemq-test-hivemq-platform] [hivemq-platform-operator] [e38f30ee] 18:28:40.055 [pool-6-thread-22] DEBUG c.h.p.o.d.PlatformServiceResource - [helmbrok] Desired Platform services (3 services)
2025-01-30 18:28:40,059 INFO c.h.h.t.HelmChartContainer - [hivemq-test-hivemq-platform] [hivemq-platform-operator] [e38f30ee] 18:28:40.057 [pool-6-thread-23] DEBUG c.h.p.o.dependants.PodInfoConfigMap - [helmbrok] Desired PodInfo ConfigMap (1 extensions) (1 enabled)
2025-01-30 18:28:40,059 INFO c.h.h.t.HelmChartContainer - [hivemq-test-hivemq-platform] [hivemq-platform-operator] [e38f30ee] 18:28:40.057 [pool-6-thread-23] DEBUG c.h.p.o.dependants.PodInfoConfigMap - [helmbrok] Desired PodInfo ConfigMap (metrics port: 9399) (metrics path: /)
2025-01-30 18:28:40,059 INFO c.h.h.t.HelmChartContainer - [hivemq-test-hivemq-platform] [hivemq-platform-operator] [e38f30ee] 18:28:40.057 [pool-6-thread-23] DEBUG c.h.p.o.dependants.PodInfoConfigMap - [helmbrok] Desired PodInfo ConfigMap (extension state hash: -1817474005)
2025-01-30 18:28:40,062 INFO c.h.h.t.HelmChartContainer - [hivemq-test-hivemq-platform] [hivemq-platform-operator] [e38f30ee] 18:28:40.061 [pool-6-thread-27] DEBUG c.h.p.o.d.PodServiceAccountResource - [helmbrok] Desired PodServiceAccountResource (serviceAccountName: hivemq-platform-pod-test-hivemq-platform)
2025-01-30 18:28:40,160 INFO c.h.h.t.HelmChartContainer - [hivemq-test-hivemq-platform] [hivemq-platform-operator] [e38f30ee] 18:28:40.158 [pool-6-thread-30] DEBUG c.h.p.o.d.StatefulSetResource - [helmbrok] Desired StatefulSet (1 replicas) for status STARTING (READY)
2025-01-30 18:28:40,168 INFO c.h.h.t.HelmChartContainer - [hivemq-test-hivemq-platform] [hivemq-platform-operator] [e38f30ee] 18:28:40.167 [ReconcilerExecutor-hivemq-controller-76] INFO  c.h.p.o.HiveMQPlatformReconciler - [helmbrok] Reconciling HiveMQ Platform 'test-hivemq-platform' in namespace 'helmbrokerlicensesit'
2025-01-30 18:28:40,170 INFO c.h.h.t.HelmChartContainer - [hivemq-test-hivemq-platform] [hivemq-platform-operator] [e38f30ee] 18:28:40.168 [ReconcilerExecutor-hivemq-controller-76] DEBUG c.h.p.o.HiveMQPlatformReconciler - [helmbrok] Custom Resource Status STARTING - HiveMQ Platform is starting (READY)
2025-01-30 18:28:40,171 INFO c.h.h.t.HelmChartContainer - [hivemq-test-hivemq-platform] [hivemq-platform-operator] [e38f30ee] 18:28:40.170 [ReconcilerExecutor-hivemq-controller-76] DEBUG c.h.p.o.HiveMQPlatformReconciler - [helmbrok] Custom Resource Spec (replicas: 1) (extensions: 1)
2025-01-30 18:28:40,175 INFO c.h.h.t.HelmChartContainer - [hivemq-test-hivemq-platform] [hivemq-platform-operator] [e38f30ee] 18:28:40.174 [ReconcilerExecutor-hivemq-controller-76] DEBUG c.h.p.o.HiveMQPlatformReconciler - [helmbrok] StatefulSet Status (revision: test-hivemq-platform-5c857ddf4c, replicas: 1, available: 0, ready: 0, current: 1, updated: 1)
2025-01-30 18:28:40,176 INFO c.h.h.t.HelmChartContainer - [hivemq-test-hivemq-platform] [hivemq-platform-operator] [e38f30ee] 18:28:40.174 [ReconcilerExecutor-hivemq-controller-76] DEBUG c.h.p.o.HiveMQPlatformReconciler - [helmbrok] StatefulSet Spec (replicas: 1, init containers: 1, containers: 1, volumes: 4)
2025-01-30 18:28:40,194 INFO c.h.h.t.HelmChartContainer - [EVENT] Normal [Pulled] Container image "docker.io/hivemq/hivemq-platform-operator-init-test:snapshot" already present on machine [helmbrokerlicensesit:test-hivemq-platform-0]
2025-01-30 18:28:40,200 INFO c.h.h.t.HelmChartContainer - [EVENT] Normal [Created] Created container: hivemq-platform-operator-init [helmbrokerlicensesit:test-hivemq-platform-0]
2025-01-30 18:28:40,239 INFO c.h.h.t.HelmChartContainer - [EVENT] Normal [Started] Started container hivemq-platform-operator-init [helmbrokerlicensesit:test-hivemq-platform-0]
2025-01-30 18:28:40,257 INFO c.h.h.t.HelmChartContainer - [hivemq-test-hivemq-platform] [hivemq-platform-operator] [e38f30ee] 18:28:40.254 [ReconcilerExecutor-hivemq-controller-76] DEBUG c.h.p.o.h.HiveMQPlatformReconcilerErrorHandler - [helmbrok] Pod 'test-hivemq-platform-0' phase Pending
2025-01-30 18:28:40,258 INFO c.h.h.t.HelmChartContainer - [hivemq-test-hivemq-platform] [hivemq-platform-operator] [e38f30ee] 18:28:40.254 [ReconcilerExecutor-hivemq-controller-76] DEBUG c.h.p.o.h.HiveMQPlatformReconcilerErrorHandler - [helmbrok] Pod 'test-hivemq-platform-0' condition 'PodReadyToStartContainers': False
2025-01-30 18:28:40,258 INFO c.h.h.t.HelmChartContainer - [hivemq-test-hivemq-platform] [hivemq-platform-operator] [e38f30ee] 18:28:40.254 [ReconcilerExecutor-hivemq-controller-76] DEBUG c.h.p.o.h.HiveMQPlatformReconcilerErrorHandler - [helmbrok] Pod 'test-hivemq-platform-0' condition 'Initialized': False
2025-01-30 18:28:40,258 INFO c.h.h.t.HelmChartContainer - [hivemq-test-hivemq-platform] [hivemq-platform-operator] [e38f30ee] 18:28:40.254 [ReconcilerExecutor-hivemq-controller-76] DEBUG c.h.p.o.h.HiveMQPlatformReconcilerErrorHandler - [helmbrok] Pod 'test-hivemq-platform-0' condition 'Ready': False
2025-01-30 18:28:40,258 INFO c.h.h.t.HelmChartContainer - [hivemq-test-hivemq-platform] [hivemq-platform-operator] [e38f30ee] 18:28:40.254 [ReconcilerExecutor-hivemq-controller-76] DEBUG c.h.p.o.h.HiveMQPlatformReconcilerErrorHandler - [helmbrok] Pod 'test-hivemq-platform-0' condition 'ContainersReady': False
2025-01-30 18:28:40,258 INFO c.h.h.t.HelmChartContainer - [hivemq-test-hivemq-platform] [hivemq-platform-operator] [e38f30ee] 18:28:40.254 [ReconcilerExecutor-hivemq-controller-76] DEBUG c.h.p.o.h.HiveMQPlatformReconcilerErrorHandler - [helmbrok] Pod 'test-hivemq-platform-0' condition 'PodScheduled': True
2025-01-30 18:28:40,258 INFO c.h.h.t.HelmChartContainer - [hivemq-test-hivemq-platform] [hivemq-platform-operator] [e38f30ee] 18:28:40.254 [ReconcilerExecutor-hivemq-controller-76] DEBUG c.h.p.o.h.HiveMQPlatformReconcilerErrorHandler - [helmbrok] Pod 'test-hivemq-platform-0' containerStatus 'hivemq' (started: false) (ready: false) (waiting: [PodInitializing] null)
2025-01-30 18:28:40,259 INFO c.h.h.t.HelmChartContainer - [hivemq-test-hivemq-platform] [hivemq-platform-operator] [e38f30ee] 18:28:40.258 [ReconcilerExecutor-hivemq-controller-76] INFO  c.h.p.o.h.HiveMQPlatformReconcilerBaseHandler - [helmbrok] HiveMQ Platform is starting, 0 of 1 replicas are ready
2025-01-30 18:28:40,408 INFO c.h.h.t.HelmChartContainer - [POD] test-hivemq-platform-0 [1ecc2684-5d0d-4eef-8aef-a6eaa8ab75a6] in helmbrokerlicensesit was MODIFIED
2025-01-30 18:28:40,462 INFO c.h.h.t.HelmChartContainer - [hivemq-test-hivemq-platform] [hivemq-platform-operator] [e38f30ee] 18:28:40.457 [pool-6-thread-32] DEBUG c.h.p.o.d.PlatformServiceResource - [helmbrok] Desired Platform services (3 services)
2025-01-30 18:28:40,463 INFO c.h.h.t.HelmChartContainer - [hivemq-test-hivemq-platform] [hivemq-platform-operator] [e38f30ee] 18:28:40.459 [pool-6-thread-33] DEBUG c.h.p.o.dependants.PodInfoConfigMap - [helmbrok] Desired PodInfo ConfigMap (1 extensions) (1 enabled)
2025-01-30 18:28:40,463 INFO c.h.h.t.HelmChartContainer - [hivemq-test-hivemq-platform] [hivemq-platform-operator] [e38f30ee] 18:28:40.459 [pool-6-thread-33] DEBUG c.h.p.o.dependants.PodInfoConfigMap - [helmbrok] Desired PodInfo ConfigMap (metrics port: 9399) (metrics path: /)
2025-01-30 18:28:40,463 INFO c.h.h.t.HelmChartContainer - [hivemq-test-hivemq-platform] [hivemq-platform-operator] [e38f30ee] 18:28:40.459 [pool-6-thread-33] DEBUG c.h.p.o.dependants.PodInfoConfigMap - [helmbrok] Desired PodInfo ConfigMap (extension state hash: -1817474005)
2025-01-30 18:28:40,488 INFO c.h.h.t.HelmChartContainer - [hivemq-test-hivemq-platform] [hivemq-platform-operator] [e38f30ee] 18:28:40.485 [pool-6-thread-37] DEBUG c.h.p.o.d.PodServiceAccountResource - [helmbrok] Desired PodServiceAccountResource (serviceAccountName: hivemq-platform-pod-test-hivemq-platform)
2025-01-30 18:28:40,556 INFO c.h.h.t.HelmChartContainer - [hivemq-test-hivemq-platform] [hivemq-platform-operator] [e38f30ee] 18:28:40.554 [pool-6-thread-40] DEBUG c.h.p.o.d.StatefulSetResource - [helmbrok] Desired StatefulSet (1 replicas) for status STARTING (READY)
2025-01-30 18:28:40,561 INFO c.h.h.t.HelmChartContainer - [hivemq-test-hivemq-platform] [hivemq-platform-operator] [e38f30ee] 18:28:40.560 [ReconcilerExecutor-hivemq-controller-87] INFO  c.h.p.o.HiveMQPlatformReconciler - [helmbrok] Reconciling HiveMQ Platform 'test-hivemq-platform' in namespace 'helmbrokerlicensesit'
2025-01-30 18:28:40,561 INFO c.h.h.t.HelmChartContainer - [hivemq-test-hivemq-platform] [hivemq-platform-operator] [e38f30ee] 18:28:40.560 [ReconcilerExecutor-hivemq-controller-87] DEBUG c.h.p.o.HiveMQPlatformReconciler - [helmbrok] Custom Resource Status STARTING - HiveMQ Platform is starting (READY)
2025-01-30 18:28:40,561 INFO c.h.h.t.HelmChartContainer - [hivemq-test-hivemq-platform] [hivemq-platform-operator] [e38f30ee] 18:28:40.560 [ReconcilerExecutor-hivemq-controller-87] DEBUG c.h.p.o.HiveMQPlatformReconciler - [helmbrok] Custom Resource Spec (replicas: 1) (extensions: 1)
2025-01-30 18:28:40,585 INFO c.h.h.t.HelmChartContainer - [hivemq-test-hivemq-platform] [hivemq-platform-operator] [e38f30ee] 18:28:40.584 [ReconcilerExecutor-hivemq-controller-87] DEBUG c.h.p.o.HiveMQPlatformReconciler - [helmbrok] StatefulSet Status (revision: test-hivemq-platform-5c857ddf4c, replicas: 1, available: 0, ready: 0, current: 1, updated: 1)
2025-01-30 18:28:40,586 INFO c.h.h.t.HelmChartContainer - [hivemq-test-hivemq-platform] [hivemq-platform-operator] [e38f30ee] 18:28:40.584 [ReconcilerExecutor-hivemq-controller-87] DEBUG c.h.p.o.HiveMQPlatformReconciler - [helmbrok] StatefulSet Spec (replicas: 1, init containers: 1, containers: 1, volumes: 4)
2025-01-30 18:28:40,590 INFO c.h.h.t.HelmChartContainer - [hivemq-test-hivemq-platform] [hivemq-platform-operator] [e38f30ee] 18:28:40.588 [ReconcilerExecutor-hivemq-controller-87] DEBUG c.h.p.o.h.HiveMQPlatformReconcilerErrorHandler - [helmbrok] Pod 'test-hivemq-platform-0' phase Pending
2025-01-30 18:28:40,591 INFO c.h.h.t.HelmChartContainer - [hivemq-test-hivemq-platform] [hivemq-platform-operator] [e38f30ee] 18:28:40.588 [ReconcilerExecutor-hivemq-controller-87] DEBUG c.h.p.o.h.HiveMQPlatformReconcilerErrorHandler - [helmbrok] Pod 'test-hivemq-platform-0' condition 'PodReadyToStartContainers': True
2025-01-30 18:28:40,591 INFO c.h.h.t.HelmChartContainer - [hivemq-test-hivemq-platform] [hivemq-platform-operator] [e38f30ee] 18:28:40.588 [ReconcilerExecutor-hivemq-controller-87] DEBUG c.h.p.o.h.HiveMQPlatformReconcilerErrorHandler - [helmbrok] Pod 'test-hivemq-platform-0' condition 'Initialized': False
2025-01-30 18:28:40,591 INFO c.h.h.t.HelmChartContainer - [hivemq-test-hivemq-platform] [hivemq-platform-operator] [e38f30ee] 18:28:40.588 [ReconcilerExecutor-hivemq-controller-87] DEBUG c.h.p.o.h.HiveMQPlatformReconcilerErrorHandler - [helmbrok] Pod 'test-hivemq-platform-0' condition 'Ready': False
2025-01-30 18:28:40,591 INFO c.h.h.t.HelmChartContainer - [hivemq-test-hivemq-platform] [hivemq-platform-operator] [e38f30ee] 18:28:40.588 [ReconcilerExecutor-hivemq-controller-87] DEBUG c.h.p.o.h.HiveMQPlatformReconcilerErrorHandler - [helmbrok] Pod 'test-hivemq-platform-0' condition 'ContainersReady': False
2025-01-30 18:28:40,591 INFO c.h.h.t.HelmChartContainer - [hivemq-test-hivemq-platform] [hivemq-platform-operator] [e38f30ee] 18:28:40.589 [ReconcilerExecutor-hivemq-controller-87] DEBUG c.h.p.o.h.HiveMQPlatformReconcilerErrorHandler - [helmbrok] Pod 'test-hivemq-platform-0' condition 'PodScheduled': True
2025-01-30 18:28:40,591 INFO c.h.h.t.HelmChartContainer - [hivemq-test-hivemq-platform] [hivemq-platform-operator] [e38f30ee] 18:28:40.589 [ReconcilerExecutor-hivemq-controller-87] DEBUG c.h.p.o.h.HiveMQPlatformReconcilerErrorHandler - [helmbrok] Pod 'test-hivemq-platform-0' containerStatus 'hivemq' (started: false) (ready: false) (waiting: [PodInitializing] null)
2025-01-30 18:28:40,592 INFO c.h.h.t.HelmChartContainer - [hivemq-test-hivemq-platform] [hivemq-platform-operator] [e38f30ee] 18:28:40.590 [ReconcilerExecutor-hivemq-controller-87] INFO  c.h.p.o.h.HiveMQPlatformReconcilerBaseHandler - [helmbrok] HiveMQ Platform is starting, 0 of 1 replicas are ready
2025-01-30 18:28:41,400 INFO c.h.h.t.HelmChartContainer - [EVENT] Normal [Pulled] Container image "docker.io/hivemq/hivemq4:4.36.0" already present on machine [helmbrokerlicensesit:test-hivemq-platform-0]
2025-01-30 18:28:41,400 INFO c.h.h.t.HelmChartContainer - Received Pulled event for container hivemq in pod test-hivemq-platform-0 [1ecc2684-5d0d-4eef-8aef-a6eaa8ab75a6]
2025-01-30 18:28:41,410 INFO c.h.h.t.HelmChartContainer - [EVENT] Normal [Created] Created container: hivemq [helmbrokerlicensesit:test-hivemq-platform-0]
2025-01-30 18:28:41,411 INFO c.h.h.t.HelmChartContainer - Received Created event for container hivemq in pod test-hivemq-platform-0 [1ecc2684-5d0d-4eef-8aef-a6eaa8ab75a6]
2025-01-30 18:28:41,413 INFO c.h.h.t.HelmChartContainer - [POD] test-hivemq-platform-0 [1ecc2684-5d0d-4eef-8aef-a6eaa8ab75a6] in helmbrokerlicensesit was MODIFIED
2025-01-30 18:28:41,428 INFO c.h.h.t.HelmChartContainer - [hivemq-test-hivemq-platform] [hivemq-platform-operator] [e38f30ee] 18:28:41.423 [pool-6-thread-42] DEBUG c.h.p.o.d.PlatformServiceResource - [helmbrok] Desired Platform services (3 services)
2025-01-30 18:28:41,434 INFO c.h.h.t.HelmChartContainer - [hivemq-test-hivemq-platform] [hivemq-platform-operator] [e38f30ee] 18:28:41.426 [pool-6-thread-43] DEBUG c.h.p.o.dependants.PodInfoConfigMap - [helmbrok] Desired PodInfo ConfigMap (1 extensions) (1 enabled)
2025-01-30 18:28:41,434 INFO c.h.h.t.HelmChartContainer - [hivemq-test-hivemq-platform] [hivemq-platform-operator] [e38f30ee] 18:28:41.426 [pool-6-thread-43] DEBUG c.h.p.o.dependants.PodInfoConfigMap - [helmbrok] Desired PodInfo ConfigMap (metrics port: 9399) (metrics path: /)
2025-01-30 18:28:41,434 INFO c.h.h.t.HelmChartContainer - [hivemq-test-hivemq-platform] [hivemq-platform-operator] [e38f30ee] 18:28:41.426 [pool-6-thread-43] DEBUG c.h.p.o.dependants.PodInfoConfigMap - [helmbrok] Desired PodInfo ConfigMap (extension state hash: -1817474005)
2025-01-30 18:28:41,434 INFO c.h.h.t.HelmChartContainer - [hivemq-test-hivemq-platform] [hivemq-platform-operator] [e38f30ee] 18:28:41.430 [pool-6-thread-47] DEBUG c.h.p.o.d.PodServiceAccountResource - [helmbrok] Desired PodServiceAccountResource (serviceAccountName: hivemq-platform-pod-test-hivemq-platform)
2025-01-30 18:28:41,492 INFO c.h.h.t.HelmChartContainer - [hivemq-test-hivemq-platform] [hivemq-platform-operator] [e38f30ee] 18:28:41.487 [pool-6-thread-50] DEBUG c.h.p.o.d.StatefulSetResource - [helmbrok] Desired StatefulSet (1 replicas) for status STARTING (READY)
2025-01-30 18:28:41,496 INFO c.h.h.t.HelmChartContainer - [hivemq-test-hivemq-platform] [hivemq-platform-operator] [e38f30ee] 18:28:41.493 [ReconcilerExecutor-hivemq-controller-98] INFO  c.h.p.o.HiveMQPlatformReconciler - [helmbrok] Reconciling HiveMQ Platform 'test-hivemq-platform' in namespace 'helmbrokerlicensesit'
2025-01-30 18:28:41,496 INFO c.h.h.t.HelmChartContainer - [hivemq-test-hivemq-platform] [hivemq-platform-operator] [e38f30ee] 18:28:41.493 [ReconcilerExecutor-hivemq-controller-98] DEBUG c.h.p.o.HiveMQPlatformReconciler - [helmbrok] Custom Resource Status STARTING - HiveMQ Platform is starting (READY)
2025-01-30 18:28:41,496 INFO c.h.h.t.HelmChartContainer - [hivemq-test-hivemq-platform] [hivemq-platform-operator] [e38f30ee] 18:28:41.493 [ReconcilerExecutor-hivemq-controller-98] DEBUG c.h.p.o.HiveMQPlatformReconciler - [helmbrok] Custom Resource Spec (replicas: 1) (extensions: 1)
2025-01-30 18:28:41,500 INFO c.h.h.t.HelmChartContainer - [hivemq-test-hivemq-platform] [hivemq-platform-operator] [e38f30ee] 18:28:41.497 [ReconcilerExecutor-hivemq-controller-98] DEBUG c.h.p.o.HiveMQPlatformReconciler - [helmbrok] StatefulSet Status (revision: test-hivemq-platform-5c857ddf4c, replicas: 1, available: 0, ready: 0, current: 1, updated: 1)
2025-01-30 18:28:41,500 INFO c.h.h.t.HelmChartContainer - [hivemq-test-hivemq-platform] [hivemq-platform-operator] [e38f30ee] 18:28:41.499 [ReconcilerExecutor-hivemq-controller-98] DEBUG c.h.p.o.HiveMQPlatformReconciler - [helmbrok] StatefulSet Spec (replicas: 1, init containers: 1, containers: 1, volumes: 4)
2025-01-30 18:28:41,504 INFO c.h.h.t.HelmChartContainer - [hivemq-test-hivemq-platform] [hivemq-platform-operator] [e38f30ee] 18:28:41.503 [ReconcilerExecutor-hivemq-controller-98] DEBUG c.h.p.o.h.HiveMQPlatformReconcilerErrorHandler - [helmbrok] Pod 'test-hivemq-platform-0' phase Pending
2025-01-30 18:28:41,505 INFO c.h.h.t.HelmChartContainer - [hivemq-test-hivemq-platform] [hivemq-platform-operator] [e38f30ee] 18:28:41.503 [ReconcilerExecutor-hivemq-controller-98] DEBUG c.h.p.o.h.HiveMQPlatformReconcilerErrorHandler - [helmbrok] Pod 'test-hivemq-platform-0' condition 'PodReadyToStartContainers': True
2025-01-30 18:28:41,505 INFO c.h.h.t.HelmChartContainer - [hivemq-test-hivemq-platform] [hivemq-platform-operator] [e38f30ee] 18:28:41.503 [ReconcilerExecutor-hivemq-controller-98] DEBUG c.h.p.o.h.HiveMQPlatformReconcilerErrorHandler - [helmbrok] Pod 'test-hivemq-platform-0' condition 'Initialized': True
2025-01-30 18:28:41,505 INFO c.h.h.t.HelmChartContainer - [hivemq-test-hivemq-platform] [hivemq-platform-operator] [e38f30ee] 18:28:41.503 [ReconcilerExecutor-hivemq-controller-98] DEBUG c.h.p.o.h.HiveMQPlatformReconcilerErrorHandler - [helmbrok] Pod 'test-hivemq-platform-0' condition 'Ready': False
2025-01-30 18:28:41,505 INFO c.h.h.t.HelmChartContainer - [hivemq-test-hivemq-platform] [hivemq-platform-operator] [e38f30ee] 18:28:41.503 [ReconcilerExecutor-hivemq-controller-98] DEBUG c.h.p.o.h.HiveMQPlatformReconcilerErrorHandler - [helmbrok] Pod 'test-hivemq-platform-0' condition 'ContainersReady': False
2025-01-30 18:28:41,505 INFO c.h.h.t.HelmChartContainer - [hivemq-test-hivemq-platform] [hivemq-platform-operator] [e38f30ee] 18:28:41.503 [ReconcilerExecutor-hivemq-controller-98] DEBUG c.h.p.o.h.HiveMQPlatformReconcilerErrorHandler - [helmbrok] Pod 'test-hivemq-platform-0' condition 'PodScheduled': True
2025-01-30 18:28:41,506 INFO c.h.h.t.HelmChartContainer - [hivemq-test-hivemq-platform] [hivemq-platform-operator] [e38f30ee] 18:28:41.504 [ReconcilerExecutor-hivemq-controller-98] DEBUG c.h.p.o.h.HiveMQPlatformReconcilerErrorHandler - [helmbrok] Pod 'test-hivemq-platform-0' containerStatus 'hivemq' (started: false) (ready: false) (waiting: [PodInitializing] null)
2025-01-30 18:28:41,506 INFO c.h.h.t.HelmChartContainer - [hivemq-test-hivemq-platform] [hivemq-platform-operator] [e38f30ee] 18:28:41.505 [ReconcilerExecutor-hivemq-controller-98] INFO  c.h.p.o.h.HiveMQPlatformReconcilerBaseHandler - [helmbrok] HiveMQ Platform is starting, 0 of 1 replicas are ready
2025-01-30 18:28:42,412 INFO c.h.h.t.HelmChartContainer - [POD] test-hivemq-platform-0 [1ecc2684-5d0d-4eef-8aef-a6eaa8ab75a6] in helmbrokerlicensesit was MODIFIED
2025-01-30 18:28:42,421 INFO c.h.h.t.HelmChartContainer - [hivemq-test-hivemq-platform] [hivemq-platform-operator] [e38f30ee] 18:28:42.415 [pool-6-thread-5] DEBUG c.h.p.o.d.PlatformServiceResource - [helmbrok] Desired Platform services (3 services)
2025-01-30 18:28:42,421 INFO c.h.h.t.HelmChartContainer - [hivemq-test-hivemq-platform] [hivemq-platform-operator] [e38f30ee] 18:28:42.416 [pool-6-thread-8] DEBUG c.h.p.o.dependants.PodInfoConfigMap - [helmbrok] Desired PodInfo ConfigMap (1 extensions) (1 enabled)
2025-01-30 18:28:42,421 INFO c.h.h.t.HelmChartContainer - [hivemq-test-hivemq-platform] [hivemq-platform-operator] [e38f30ee] 18:28:42.416 [pool-6-thread-8] DEBUG c.h.p.o.dependants.PodInfoConfigMap - [helmbrok] Desired PodInfo ConfigMap (metrics port: 9399) (metrics path: /)
2025-01-30 18:28:42,421 INFO c.h.h.t.HelmChartContainer - [hivemq-test-hivemq-platform] [hivemq-platform-operator] [e38f30ee] 18:28:42.416 [pool-6-thread-8] DEBUG c.h.p.o.dependants.PodInfoConfigMap - [helmbrok] Desired PodInfo ConfigMap (extension state hash: -1817474005)
2025-01-30 18:28:42,421 INFO c.h.h.t.HelmChartContainer - [hivemq-test-hivemq-platform] [hivemq-platform-operator] [e38f30ee] 18:28:42.419 [pool-6-thread-6] DEBUG c.h.p.o.d.PodServiceAccountResource - [helmbrok] Desired PodServiceAccountResource (serviceAccountName: hivemq-platform-pod-test-hivemq-platform)
2025-01-30 18:28:42,429 INFO c.h.h.t.HelmChartContainer - Started log watcher for hivemq in pod test-hivemq-platform-0 [1ecc2684-5d0d-4eef-8aef-a6eaa8ab75a6]
2025-01-30 18:28:42,429 INFO c.h.h.t.HelmChartContainer - [EVENT] Normal [Started] Started container hivemq [helmbrokerlicensesit:test-hivemq-platform-0]
2025-01-30 18:28:42,429 INFO c.h.h.t.HelmChartContainer - Received Started event for container hivemq in pod test-hivemq-platform-0 [1ecc2684-5d0d-4eef-8aef-a6eaa8ab75a6]
2025-01-30 18:28:42,430 INFO c.h.h.t.HelmChartContainer - [test-hivemq-platform] [hivemq] [1ecc2684] Adding pre-installed HiveMQ Platform Operator extensions
2025-01-30 18:28:42,430 INFO c.h.h.t.HelmChartContainer - [test-hivemq-platform] [hivemq] [1ecc2684] Running as user 10000
2025-01-30 18:28:42,430 INFO c.h.h.t.HelmChartContainer - [test-hivemq-platform] [hivemq] [1ecc2684] Starting HiveMQ Platform Operator Init
2025-01-30 18:28:42,433 INFO c.h.h.t.HelmChartContainer - [hivemq-test-hivemq-platform] [hivemq-platform-operator] [e38f30ee] 18:28:42.431 [pool-6-thread-8] DEBUG c.h.p.o.d.StatefulSetResource - [helmbrok] Desired StatefulSet (1 replicas) for status STARTING (READY)
2025-01-30 18:28:42,488 INFO c.h.h.t.HelmChartContainer - [hivemq-test-hivemq-platform] [hivemq-platform-operator] [e38f30ee] 18:28:42.487 [ReconcilerExecutor-hivemq-controller-109] INFO  c.h.p.o.HiveMQPlatformReconciler - [helmbrok] Reconciling HiveMQ Platform 'test-hivemq-platform' in namespace 'helmbrokerlicensesit'
2025-01-30 18:28:42,489 INFO c.h.h.t.HelmChartContainer - [hivemq-test-hivemq-platform] [hivemq-platform-operator] [e38f30ee] 18:28:42.487 [ReconcilerExecutor-hivemq-controller-109] DEBUG c.h.p.o.HiveMQPlatformReconciler - [helmbrok] Custom Resource Status STARTING - HiveMQ Platform is starting (READY)
2025-01-30 18:28:42,489 INFO c.h.h.t.HelmChartContainer - [hivemq-test-hivemq-platform] [hivemq-platform-operator] [e38f30ee] 18:28:42.488 [ReconcilerExecutor-hivemq-controller-109] DEBUG c.h.p.o.HiveMQPlatformReconciler - [helmbrok] Custom Resource Spec (replicas: 1) (extensions: 1)
2025-01-30 18:28:42,493 INFO c.h.h.t.HelmChartContainer - [hivemq-test-hivemq-platform] [hivemq-platform-operator] [e38f30ee] 18:28:42.491 [ReconcilerExecutor-hivemq-controller-109] DEBUG c.h.p.o.HiveMQPlatformReconciler - [helmbrok] StatefulSet Status (revision: test-hivemq-platform-5c857ddf4c, replicas: 1, available: 0, ready: 0, current: 1, updated: 1)
2025-01-30 18:28:42,493 INFO c.h.h.t.HelmChartContainer - [hivemq-test-hivemq-platform] [hivemq-platform-operator] [e38f30ee] 18:28:42.491 [ReconcilerExecutor-hivemq-controller-109] DEBUG c.h.p.o.HiveMQPlatformReconciler - [helmbrok] StatefulSet Spec (replicas: 1, init containers: 1, containers: 1, volumes: 4)
2025-01-30 18:28:42,498 INFO c.h.h.t.HelmChartContainer - [hivemq-test-hivemq-platform] [hivemq-platform-operator] [e38f30ee] 18:28:42.496 [ReconcilerExecutor-hivemq-controller-109] DEBUG c.h.p.o.h.HiveMQPlatformReconcilerErrorHandler - [helmbrok] Pod 'test-hivemq-platform-0' phase Running
2025-01-30 18:28:42,499 INFO c.h.h.t.HelmChartContainer - [hivemq-test-hivemq-platform] [hivemq-platform-operator] [e38f30ee] 18:28:42.498 [ReconcilerExecutor-hivemq-controller-109] INFO  c.h.p.o.h.HiveMQPlatformReconcilerBaseHandler - [helmbrok] HiveMQ Platform is starting, 0 of 1 replicas are ready
2025-01-30 18:28:42,665 INFO c.h.h.t.HelmChartContainer - [test-hivemq-platform] [hivemq] [1ecc2684] INFO  - [HiveMQ Platform Operator Init 1.7.0-SNAPSHOT] HiveMQ Platform Operator Init 1.7.0-SNAPSHOT (commit: 47e3375 on branch: HEAD) built on Thu Jan 30 03:55:50 UTC 2025
2025-01-30 18:28:43,780 INFO c.h.h.t.HelmChartContainer - [test-hivemq-platform] [hivemq] [1ecc2684] INFO  - [HiveMQ Platform Operator Init App 1.7.0-SNAPSHOT] Using bind address 10.42.0.6 from environment variable
2025-01-30 18:28:44,761 INFO c.h.h.t.HelmChartContainer - [test-hivemq-platform] [hivemq] [1ecc2684] INFO  - [HiveMQ Platform Operator Init App 1.7.0-SNAPSHOT] HiveMQ Platform Operator Init App 1.7.0-SNAPSHOT (commit: 47e3375 on branch: HEAD) built on Thu Jan 30 03:55:50 UTC 2025
2025-01-30 18:28:44,761 INFO c.h.h.t.HelmChartContainer - [test-hivemq-platform] [hivemq] [1ecc2684] INFO  - [HiveMQ Platform Operator Init App 1.7.0-SNAPSHOT] PodInfo ConfigMap directory: /etc/podinfo
2025-01-30 18:28:44,762 INFO c.h.h.t.HelmChartContainer - [test-hivemq-platform] [hivemq] [1ecc2684] INFO  - [HiveMQ Platform Operator Init App 1.7.0-SNAPSHOT] HiveMQ home directory: /opt/hivemq
2025-01-30 18:28:44,762 INFO c.h.h.t.HelmChartContainer - [test-hivemq-platform] [hivemq] [1ecc2684] INFO  - [HiveMQ Platform Operator Init App 1.7.0-SNAPSHOT] HiveMQ Logback folder: /opt/hivemq/conf
2025-01-30 18:28:44,762 INFO c.h.h.t.HelmChartContainer - [test-hivemq-platform] [hivemq] [1ecc2684] INFO  - [HiveMQ Platform Operator Init App 1.7.0-SNAPSHOT] HiveMQ Config folder: /opt/hivemq/conf-k8s
2025-01-30 18:28:44,763 INFO c.h.h.t.HelmChartContainer - [test-hivemq-platform] [hivemq] [1ecc2684] INFO  - [HiveMQ Platform Operator Init App 1.7.0-SNAPSHOT] Starting HiveMQ Platform Operator Init App
2025-01-30 18:28:44,763 INFO c.h.h.t.HelmChartContainer - [test-hivemq-platform] [hivemq] [1ecc2684] INFO  - [HiveMQ Platform Operator Init App 1.7.0-SNAPSHOT] Starting Pod reconciler
2025-01-30 18:28:45,983 INFO c.h.h.t.HelmChartContainer - [test-hivemq-platform] [hivemq] [1ecc2684] INFO  - [HiveMQ Platform Operator Init App 1.7.0-SNAPSHOT] Pod reconciler is scheduled (interval: 5000 ms)
2025-01-30 18:28:45,984 INFO c.h.h.t.HelmChartContainer - [test-hivemq-platform] [hivemq] [1ecc2684] INFO  - [HiveMQ Platform Operator Init App 1.7.0-SNAPSHOT] Starting the REST API on 10.42.0.6:7979
2025-01-30 18:28:45,986 INFO c.h.h.t.HelmChartContainer - [test-hivemq-platform] [hivemq] [1ecc2684] INFO  - [HiveMQ Platform Operator Init App 1.7.0-SNAPSHOT] Waiting up to 600s for at most 1 HiveMQ nodes in cluster service hivemq-test-hivemq-platform-cluster.helmbrokerlicensesit.svc
2025-01-30 18:28:46,363 INFO c.h.h.t.HelmChartContainer - [test-hivemq-platform] [hivemq] [1ecc2684] INFO  - [HiveMQ Platform Operator Init App 1.7.0-SNAPSHOT] Resolved 1 IP addresses: [10.42.0.6]
2025-01-30 18:28:46,363 INFO c.h.h.t.HelmChartContainer - [test-hivemq-platform] [hivemq] [1ecc2684] INFO  - [HiveMQ Platform Operator Init App 1.7.0-SNAPSHOT] HiveMQ node count of 1 is within threshold of 1
2025-01-30 18:28:46,363 INFO c.h.h.t.HelmChartContainer - [test-hivemq-platform] [hivemq] [1ecc2684] INFO  - [HiveMQ Platform Operator Init App 1.7.0-SNAPSHOT] Proceeding with container start
2025-01-30 18:28:46,388 INFO c.h.h.t.HelmChartContainer - [test-hivemq-platform] [hivemq] [1ecc2684] INFO  - [HiveMQ Platform Operator Init App 1.7.0-SNAPSHOT] Initializing HiveMQ Platform extensions with initial configuration: {hivemq-allow-all-extension={start-priority=-1, skip-https-hostname-verification=false, restart=true, config-version=0, header-version=0, c-uri=, priority=-1, uri=preinstalled, skip-https-certificate-validation=false, enabled=true}, hivemq-prometheus-extension={enabled=true, request-header-path=no-request-headers, uri=preinstalled, skip-https-certificate-validation=false, skip-https-hostname-verification=false, c-uri=, start-priority=-1, priority=-1, restart=true}}
2025-01-30 18:28:47,074 INFO c.h.h.t.HelmChartContainer - [test-hivemq-platform] [hivemq] [1ecc2684] INFO  - [HiveMQ Platform Operator Init App 1.7.0-SNAPSHOT] Extension hivemq-allow-all-extension was already enabled
2025-01-30 18:28:47,123 INFO c.h.h.t.HelmChartContainer - [test-hivemq-platform] [hivemq] [1ecc2684] INFO  - [HiveMQ Platform Operator Init App 1.7.0-SNAPSHOT] Successfully enabled extension hivemq-prometheus-extension
2025-01-30 18:28:47,160 INFO c.h.h.t.HelmChartContainer - [test-hivemq-platform] [hivemq] [1ecc2684] INFO  - [HiveMQ Platform Operator Init App 1.7.0-SNAPSHOT] Starting HiveMQ Platform version 4.36.0 (4.36.0)
2025-01-30 18:28:47,160 INFO c.h.h.t.HelmChartContainer - [test-hivemq-platform] [hivemq] [1ecc2684] INFO  - [HiveMQ Platform Operator Init App 1.7.0-SNAPSHOT] Configuring the HiveMQ Platform
2025-01-30 18:28:47,172 INFO c.h.h.t.HelmChartContainer - [test-hivemq-platform] [hivemq] [1ecc2684] INFO  - [HiveMQ Platform Operator Init App 1.7.0-SNAPSHOT] Changed logback.xml file scan period to 20 seconds
2025-01-30 18:28:47,266 INFO c.h.h.t.HelmChartContainer - [test-hivemq-platform] [hivemq] [1ecc2684] INFO  - [HiveMQ Platform Operator Init App 1.7.0-SNAPSHOT] Starting the HiveMQ Platform
2025-01-30 18:28:47,269 INFO c.h.h.t.HelmChartContainer - [test-hivemq-platform] [hivemq] [1ecc2684] -------------------------------------------------------------------------
2025-01-30 18:28:47,269 INFO c.h.h.t.HelmChartContainer - [test-hivemq-platform] [hivemq] [1ecc2684] 
2025-01-30 18:28:47,269 INFO c.h.h.t.HelmChartContainer - [test-hivemq-platform] [hivemq] [1ecc2684]                   _    _  _              __  __   ____
2025-01-30 18:28:47,269 INFO c.h.h.t.HelmChartContainer - [test-hivemq-platform] [hivemq] [1ecc2684]                  | |  | |(_)            |  \/  | / __ \
2025-01-30 18:28:47,269 INFO c.h.h.t.HelmChartContainer - [test-hivemq-platform] [hivemq] [1ecc2684]                  | |__| | _ __   __ ___ | \  / || |  | |
2025-01-30 18:28:47,269 INFO c.h.h.t.HelmChartContainer - [test-hivemq-platform] [hivemq] [1ecc2684]                  |  __  || |\ \ / // _ \| |\/| || |  | |
2025-01-30 18:28:47,270 INFO c.h.h.t.HelmChartContainer - [test-hivemq-platform] [hivemq] [1ecc2684]                  | |  | || | \ V /|  __/| |  | || |__| |
2025-01-30 18:28:47,270 INFO c.h.h.t.HelmChartContainer - [test-hivemq-platform] [hivemq] [1ecc2684]                  |_|  |_||_|  \_/  \___||_|  |_| \___\_\
2025-01-30 18:28:47,270 INFO c.h.h.t.HelmChartContainer - [test-hivemq-platform] [hivemq] [1ecc2684] 
2025-01-30 18:28:47,270 INFO c.h.h.t.HelmChartContainer - [test-hivemq-platform] [hivemq] [1ecc2684] -------------------------------------------------------------------------
2025-01-30 18:28:47,271 INFO c.h.h.t.HelmChartContainer - [test-hivemq-platform] [hivemq] [1ecc2684] 
2025-01-30 18:28:47,271 INFO c.h.h.t.HelmChartContainer - [test-hivemq-platform] [hivemq] [1ecc2684]   HiveMQ Start Script for Linux/Unix v1.14
2025-01-30 18:28:47,271 INFO c.h.h.t.HelmChartContainer - [test-hivemq-platform] [hivemq] [1ecc2684] 
2025-01-30 18:28:47,377 INFO c.h.h.t.HelmChartContainer - [test-hivemq-platform] [hivemq] [1ecc2684] -------------------------------------------------------------------------
2025-01-30 18:28:47,377 INFO c.h.h.t.HelmChartContainer - [test-hivemq-platform] [hivemq] [1ecc2684] 
2025-01-30 18:28:47,377 INFO c.h.h.t.HelmChartContainer - [test-hivemq-platform] [hivemq] [1ecc2684]   HIVEMQ_HOME: /opt/hivemq
2025-01-30 18:28:47,377 INFO c.h.h.t.HelmChartContainer - [test-hivemq-platform] [hivemq] [1ecc2684] 
2025-01-30 18:28:47,377 INFO c.h.h.t.HelmChartContainer - [test-hivemq-platform] [hivemq] [1ecc2684]   JAVA_OPTS: -XX:+UnlockExperimentalVMOptions -XX:InitialRAMPercentage=50 -XX:MaxRAMPercentage=50 -Djava.net.preferIPv4Stack=true --add-opens java.base/java.lang=ALL-UNNAMED --add-opens java.base/java.nio=ALL-UNNAMED --add-opens java.base/sun.nio.ch=ALL-UNNAMED --add-opens jdk.management/com.sun.management.internal=ALL-UNNAMED --add-exports java.base/jdk.internal.misc=ALL-UNNAMED -Djava.security.egd=file:/dev/./urandom -Dcom.sun.management.jmxremote -Dcom.sun.management.jmxremote.port=9010 -Dcom.sun.management.jmxremote.local.only=false -Dcom.sun.management.jmxremote.authenticate=false -Dcom.sun.management.jmxremote.ssl=false -Duser.language=en -Duser.region=US -XX:+CrashOnOutOfMemoryError -XX:+HeapDumpOnOutOfMemoryError
2025-01-30 18:28:47,377 INFO c.h.h.t.HelmChartContainer - [test-hivemq-platform] [hivemq] [1ecc2684] 
2025-01-30 18:28:47,377 INFO c.h.h.t.HelmChartContainer - [test-hivemq-platform] [hivemq] [1ecc2684]   JAVA_VERSION: 21
2025-01-30 18:28:47,377 INFO c.h.h.t.HelmChartContainer - [test-hivemq-platform] [hivemq] [1ecc2684] 
2025-01-30 18:28:47,377 INFO c.h.h.t.HelmChartContainer - [test-hivemq-platform] [hivemq] [1ecc2684] -------------------------------------------------------------------------
2025-01-30 18:28:47,377 INFO c.h.h.t.HelmChartContainer - [test-hivemq-platform] [hivemq] [1ecc2684] 
2025-01-30 18:28:48,467 INFO c.h.h.t.HelmChartContainer - [test-hivemq-platform] [hivemq] [1ecc2684] INFO  - [HiveMQ Platform Operator Init App 1.7.0-SNAPSHOT] Returning default Health API response 503 for readiness
2025-01-30 18:28:48,765 INFO c.h.h.t.HelmChartContainer - [EVENT] Warning [Unhealthy] Readiness probe failed: HTTP probe failed with statuscode: 503 [helmbrokerlicensesit:test-hivemq-platform-0]
2025-01-30 18:28:48,765 INFO c.h.h.t.HelmChartContainer - Received Unhealthy event for container hivemq in pod test-hivemq-platform-0 [1ecc2684-5d0d-4eef-8aef-a6eaa8ab75a6]
2025-01-30 18:28:49,974 INFO c.h.h.t.HelmChartContainer - [test-hivemq-platform] [hivemq] [1ecc2684] INFO  - Starting HiveMQ Enterprise Server
2025-01-30 18:28:50,060 INFO c.h.h.t.HelmChartContainer - [test-hivemq-platform] [hivemq] [1ecc2684] INFO  - HiveMQ version: 4.36.0
2025-01-30 18:28:50,060 INFO c.h.h.t.HelmChartContainer - [test-hivemq-platform] [hivemq] [1ecc2684] INFO  - HiveMQ home directory: /opt/hivemq
2025-01-30 18:28:50,060 INFO c.h.h.t.HelmChartContainer - [test-hivemq-platform] [hivemq] [1ecc2684] INFO  - Log Configuration was overridden by /opt/hivemq/conf/logback.xml
2025-01-30 18:28:51,562 INFO c.h.h.t.HelmChartContainer - [test-hivemq-platform] [hivemq] [1ecc2684] INFO  - Successfully loaded configuration from '/opt/hivemq/conf-k8s/config.xml'.
2025-01-30 18:28:52,261 INFO c.h.h.t.HelmChartContainer - [test-hivemq-platform] [hivemq] [1ecc2684] INFO  - This node's ID is CkuNs
2025-01-30 18:28:52,262 INFO c.h.h.t.HelmChartContainer - [test-hivemq-platform] [hivemq] [1ecc2684] INFO  - Clustering is enabled
2025-01-30 18:28:52,507 INFO c.h.h.t.HelmChartContainer - [hivemq-test-hivemq-platform] [hivemq-platform-operator] [e38f30ee] 18:28:52.502 [pool-6-thread-11] DEBUG c.h.p.o.d.PlatformServiceResource - [helmbrok] Desired Platform services (3 services)
2025-01-30 18:28:52,507 INFO c.h.h.t.HelmChartContainer - [hivemq-test-hivemq-platform] [hivemq-platform-operator] [e38f30ee] 18:28:52.503 [pool-6-thread-17] DEBUG c.h.p.o.dependants.PodInfoConfigMap - [helmbrok] Desired PodInfo ConfigMap (1 extensions) (1 enabled)
2025-01-30 18:28:52,507 INFO c.h.h.t.HelmChartContainer - [hivemq-test-hivemq-platform] [hivemq-platform-operator] [e38f30ee] 18:28:52.503 [pool-6-thread-17] DEBUG c.h.p.o.dependants.PodInfoConfigMap - [helmbrok] Desired PodInfo ConfigMap (metrics port: 9399) (metrics path: /)
2025-01-30 18:28:52,507 INFO c.h.h.t.HelmChartContainer - [hivemq-test-hivemq-platform] [hivemq-platform-operator] [e38f30ee] 18:28:52.503 [pool-6-thread-17] DEBUG c.h.p.o.dependants.PodInfoConfigMap - [helmbrok] Desired PodInfo ConfigMap (extension state hash: -1817474005)
2025-01-30 18:28:52,507 INFO c.h.h.t.HelmChartContainer - [hivemq-test-hivemq-platform] [hivemq-platform-operator] [e38f30ee] 18:28:52.505 [pool-6-thread-16] DEBUG c.h.p.o.d.PodServiceAccountResource - [helmbrok] Desired PodServiceAccountResource (serviceAccountName: hivemq-platform-pod-test-hivemq-platform)
2025-01-30 18:28:52,508 INFO c.h.h.t.HelmChartContainer - [hivemq-test-hivemq-platform] [hivemq-platform-operator] [e38f30ee] 18:28:52.508 [pool-6-thread-17] DEBUG c.h.p.o.d.StatefulSetResource - [helmbrok] Desired StatefulSet (1 replicas) for status STARTING (READY)
2025-01-30 18:28:52,513 INFO c.h.h.t.HelmChartContainer - [hivemq-test-hivemq-platform] [hivemq-platform-operator] [e38f30ee] 18:28:52.511 [ReconcilerExecutor-hivemq-controller-110] INFO  c.h.p.o.HiveMQPlatformReconciler - [helmbrok] Reconciling HiveMQ Platform 'test-hivemq-platform' in namespace 'helmbrokerlicensesit'
2025-01-30 18:28:52,513 INFO c.h.h.t.HelmChartContainer - [hivemq-test-hivemq-platform] [hivemq-platform-operator] [e38f30ee] 18:28:52.511 [ReconcilerExecutor-hivemq-controller-110] DEBUG c.h.p.o.HiveMQPlatformReconciler - [helmbrok] Custom Resource Status STARTING - HiveMQ Platform is starting (READY)
2025-01-30 18:28:52,514 INFO c.h.h.t.HelmChartContainer - [hivemq-test-hivemq-platform] [hivemq-platform-operator] [e38f30ee] 18:28:52.511 [ReconcilerExecutor-hivemq-controller-110] DEBUG c.h.p.o.HiveMQPlatformReconciler - [helmbrok] Custom Resource Spec (replicas: 1) (extensions: 1)
2025-01-30 18:28:52,515 INFO c.h.h.t.HelmChartContainer - [hivemq-test-hivemq-platform] [hivemq-platform-operator] [e38f30ee] 18:28:52.512 [ReconcilerExecutor-hivemq-controller-110] DEBUG c.h.p.o.HiveMQPlatformReconciler - [helmbrok] StatefulSet Status (revision: test-hivemq-platform-5c857ddf4c, replicas: 1, available: 0, ready: 0, current: 1, updated: 1)
2025-01-30 18:28:52,515 INFO c.h.h.t.HelmChartContainer - [hivemq-test-hivemq-platform] [hivemq-platform-operator] [e38f30ee] 18:28:52.512 [ReconcilerExecutor-hivemq-controller-110] DEBUG c.h.p.o.HiveMQPlatformReconciler - [helmbrok] StatefulSet Spec (replicas: 1, init containers: 1, containers: 1, volumes: 4)
2025-01-30 18:28:52,516 INFO c.h.h.t.HelmChartContainer - [hivemq-test-hivemq-platform] [hivemq-platform-operator] [e38f30ee] 18:28:52.514 [ReconcilerExecutor-hivemq-controller-110] DEBUG c.h.p.o.h.HiveMQPlatformReconcilerErrorHandler - [helmbrok] Pod 'test-hivemq-platform-0' phase Running
2025-01-30 18:28:52,516 INFO c.h.h.t.HelmChartContainer - [hivemq-test-hivemq-platform] [hivemq-platform-operator] [e38f30ee] 18:28:52.514 [ReconcilerExecutor-hivemq-controller-110] INFO  c.h.p.o.h.HiveMQPlatformReconcilerBaseHandler - [helmbrok] HiveMQ Platform is starting, 0 of 1 replicas are ready
2025-01-30 18:28:53,864 INFO c.h.h.t.HelmChartContainer - [test-hivemq-platform] [hivemq] [1ecc2684] WARN  - [HiveMQ Platform Operator Init App 1.7.0-SNAPSHOT] Cannot connect to Health API for readiness: null
2025-01-30 18:28:53,869 INFO c.h.h.t.HelmChartContainer - [EVENT] Warning [Unhealthy] Readiness probe failed: HTTP probe failed with statuscode: 503 [helmbrokerlicensesit:test-hivemq-platform-0]
2025-01-30 18:28:53,870 INFO c.h.h.t.HelmChartContainer - Received Unhealthy event for container hivemq in pod test-hivemq-platform-0 [1ecc2684-5d0d-4eef-8aef-a6eaa8ab75a6]
2025-01-30 18:28:56,462 INFO c.h.h.t.HelmChartContainer - [test-hivemq-platform] [hivemq] [1ecc2684] Jan 30, 2025 6:28:56 PM io.vertx.core.impl.BlockedThreadChecker
2025-01-30 18:28:56,464 INFO c.h.h.t.HelmChartContainer - [test-hivemq-platform] [hivemq] [1ecc2684] WARNING: Thread Thread[vert.x-eventloop-thread-1,5,main] has been blocked for 2398 ms, time limit is 2000 ms
2025-01-30 18:28:57,363 INFO c.h.h.t.HelmChartContainer - [test-hivemq-platform] [hivemq] [1ecc2684] Jan 30, 2025 6:28:57 PM io.vertx.core.impl.BlockedThreadChecker
2025-01-30 18:28:57,365 INFO c.h.h.t.HelmChartContainer - [test-hivemq-platform] [hivemq] [1ecc2684] WARNING: Thread Thread[vert.x-eventloop-thread-1,5,main] has been blocked for 3398 ms, time limit is 2000 ms
2025-01-30 18:28:57,470 INFO c.h.h.t.HelmChartContainer - [test-hivemq-platform] [hivemq] [1ecc2684] INFO  - [HiveMQ Platform Operator Init App 1.7.0-SNAPSHOT] Updating Pod HiveMQ Platform Operator Init App version annotation (version: 1.7.0-SNAPSHOT)
2025-01-30 18:28:58,128 INFO c.h.h.t.HelmChartContainer - [POD] test-hivemq-platform-0 [1ecc2684-5d0d-4eef-8aef-a6eaa8ab75a6] in helmbrokerlicensesit was MODIFIED
2025-01-30 18:28:58,133 INFO c.h.h.t.HelmChartContainer - [hivemq-test-hivemq-platform] [hivemq-platform-operator] [e38f30ee] 18:28:58.132 [pool-6-thread-27] DEBUG c.h.p.o.d.PlatformServiceResource - [helmbrok] Desired Platform services (3 services)
2025-01-30 18:28:58,136 INFO c.h.h.t.HelmChartContainer - [hivemq-test-hivemq-platform] [hivemq-platform-operator] [e38f30ee] 18:28:58.135 [pool-6-thread-25] DEBUG c.h.p.o.dependants.PodInfoConfigMap - [helmbrok] Desired PodInfo ConfigMap (1 extensions) (1 enabled)
2025-01-30 18:28:58,137 INFO c.h.h.t.HelmChartContainer - [hivemq-test-hivemq-platform] [hivemq-platform-operator] [e38f30ee] 18:28:58.135 [pool-6-thread-25] DEBUG c.h.p.o.dependants.PodInfoConfigMap - [helmbrok] Desired PodInfo ConfigMap (metrics port: 9399) (metrics path: /)
2025-01-30 18:28:58,137 INFO c.h.h.t.HelmChartContainer - [hivemq-test-hivemq-platform] [hivemq-platform-operator] [e38f30ee] 18:28:58.135 [pool-6-thread-25] DEBUG c.h.p.o.dependants.PodInfoConfigMap - [helmbrok] Desired PodInfo ConfigMap (extension state hash: -1817474005)
2025-01-30 18:28:58,138 INFO c.h.h.t.HelmChartContainer - [hivemq-test-hivemq-platform] [hivemq-platform-operator] [e38f30ee] 18:28:58.135 [pool-6-thread-24] DEBUG c.h.p.o.d.PodServiceAccountResource - [helmbrok] Desired PodServiceAccountResource (serviceAccountName: hivemq-platform-pod-test-hivemq-platform)
2025-01-30 18:28:58,144 INFO c.h.h.t.HelmChartContainer - [hivemq-test-hivemq-platform] [hivemq-platform-operator] [e38f30ee] 18:28:58.142 [pool-6-thread-27] DEBUG c.h.p.o.d.StatefulSetResource - [helmbrok] Desired StatefulSet (1 replicas) for status STARTING (READY)
2025-01-30 18:28:58,148 INFO c.h.h.t.HelmChartContainer - [hivemq-test-hivemq-platform] [hivemq-platform-operator] [e38f30ee] 18:28:58.147 [ReconcilerExecutor-hivemq-controller-111] INFO  c.h.p.o.HiveMQPlatformReconciler - [helmbrok] Reconciling HiveMQ Platform 'test-hivemq-platform' in namespace 'helmbrokerlicensesit'
2025-01-30 18:28:58,148 INFO c.h.h.t.HelmChartContainer - [hivemq-test-hivemq-platform] [hivemq-platform-operator] [e38f30ee] 18:28:58.147 [ReconcilerExecutor-hivemq-controller-111] DEBUG c.h.p.o.HiveMQPlatformReconciler - [helmbrok] Custom Resource Status STARTING - HiveMQ Platform is starting (READY)
2025-01-30 18:28:58,148 INFO c.h.h.t.HelmChartContainer - [hivemq-test-hivemq-platform] [hivemq-platform-operator] [e38f30ee] 18:28:58.147 [ReconcilerExecutor-hivemq-controller-111] DEBUG c.h.p.o.HiveMQPlatformReconciler - [helmbrok] Custom Resource Spec (replicas: 1) (extensions: 1)
2025-01-30 18:28:58,166 INFO c.h.h.t.HelmChartContainer - [test-hivemq-platform] [hivemq] [1ecc2684] WARN  - [HiveMQ Platform Operator Init App 1.7.0-SNAPSHOT] Cannot connect to Health API for readiness: null
2025-01-30 18:28:58,169 INFO c.h.h.t.HelmChartContainer - [test-hivemq-platform] [hivemq] [1ecc2684] INFO  - [HiveMQ Platform Operator Init App 1.7.0-SNAPSHOT] Successfully updated Pod HiveMQ Platform Operator Init App version annotation (version: 1.7.0-SNAPSHOT)
2025-01-30 18:28:58,172 INFO c.h.h.t.HelmChartContainer - [EVENT] Warning [Unhealthy] Readiness probe failed: HTTP probe failed with statuscode: 503 [helmbrokerlicensesit:test-hivemq-platform-0]
2025-01-30 18:28:58,172 INFO c.h.h.t.HelmChartContainer - Received Unhealthy event for container hivemq in pod test-hivemq-platform-0 [1ecc2684-5d0d-4eef-8aef-a6eaa8ab75a6]
2025-01-30 18:28:58,186 INFO c.h.h.t.HelmChartContainer - [hivemq-test-hivemq-platform] [hivemq-platform-operator] [e38f30ee] 18:28:58.149 [ReconcilerExecutor-hivemq-controller-111] DEBUG c.h.p.o.HiveMQPlatformReconciler - [helmbrok] StatefulSet Status (revision: test-hivemq-platform-5c857ddf4c, replicas: 1, available: 0, ready: 0, current: 1, updated: 1)
2025-01-30 18:28:58,186 INFO c.h.h.t.HelmChartContainer - [hivemq-test-hivemq-platform] [hivemq-platform-operator] [e38f30ee] 18:28:58.183 [ReconcilerExecutor-hivemq-controller-111] DEBUG c.h.p.o.HiveMQPlatformReconciler - [helmbrok] StatefulSet Spec (replicas: 1, init containers: 1, containers: 1, volumes: 4)
2025-01-30 18:28:58,186 INFO c.h.h.t.HelmChartContainer - [hivemq-test-hivemq-platform] [hivemq-platform-operator] [e38f30ee] 18:28:58.184 [ReconcilerExecutor-hivemq-controller-111] DEBUG c.h.p.o.h.HiveMQPlatformReconcilerErrorHandler - [helmbrok] Pod 'test-hivemq-platform-0' phase Running
2025-01-30 18:28:58,187 INFO c.h.h.t.HelmChartContainer - [hivemq-test-hivemq-platform] [hivemq-platform-operator] [e38f30ee] 18:28:58.185 [ReconcilerExecutor-hivemq-controller-111] INFO  c.h.p.o.h.HiveMQPlatformReconcilerBaseHandler - [helmbrok] HiveMQ Platform is starting, 0 of 1 replicas are ready
2025-01-30 18:29:03,163 INFO c.h.h.t.HelmChartContainer - [test-hivemq-platform] [hivemq] [1ecc2684] WARN  - [HiveMQ Platform Operator Init App 1.7.0-SNAPSHOT] Cannot connect to Health API for readiness: null
2025-01-30 18:29:03,168 INFO c.h.h.t.HelmChartContainer - [EVENT] Warning [Unhealthy] Readiness probe failed: HTTP probe failed with statuscode: 503 [helmbrokerlicensesit:test-hivemq-platform-0]
2025-01-30 18:29:03,168 INFO c.h.h.t.HelmChartContainer - Received Unhealthy event for container hivemq in pod test-hivemq-platform-0 [1ecc2684-5d0d-4eef-8aef-a6eaa8ab75a6]
2025-01-30 18:29:08,163 INFO c.h.h.t.HelmChartContainer - [test-hivemq-platform] [hivemq] [1ecc2684] WARN  - [HiveMQ Platform Operator Init App 1.7.0-SNAPSHOT] Cannot connect to Health API for readiness: null
2025-01-30 18:29:08,169 INFO c.h.h.t.HelmChartContainer - [EVENT] Warning [Unhealthy] Readiness probe failed: HTTP probe failed with statuscode: 503 [helmbrokerlicensesit:test-hivemq-platform-0]
2025-01-30 18:29:08,169 INFO c.h.h.t.HelmChartContainer - Received Unhealthy event for container hivemq in pod test-hivemq-platform-0 [1ecc2684-5d0d-4eef-8aef-a6eaa8ab75a6]
2025-01-30 18:29:08,193 INFO c.h.h.t.HelmChartContainer - [hivemq-test-hivemq-platform] [hivemq-platform-operator] [e38f30ee] 18:29:08.188 [pool-6-thread-37] DEBUG c.h.p.o.d.PlatformServiceResource - [helmbrok] Desired Platform services (3 services)
2025-01-30 18:29:08,198 INFO c.h.h.t.HelmChartContainer - [hivemq-test-hivemq-platform] [hivemq-platform-operator] [e38f30ee] 18:29:08.189 [pool-6-thread-32] DEBUG c.h.p.o.dependants.PodInfoConfigMap - [helmbrok] Desired PodInfo ConfigMap (1 extensions) (1 enabled)
2025-01-30 18:29:08,198 INFO c.h.h.t.HelmChartContainer - [hivemq-test-hivemq-platform] [hivemq-platform-operator] [e38f30ee] 18:29:08.191 [pool-6-thread-32] DEBUG c.h.p.o.dependants.PodInfoConfigMap - [helmbrok] Desired PodInfo ConfigMap (metrics port: 9399) (metrics path: /)
2025-01-30 18:29:08,198 INFO c.h.h.t.HelmChartContainer - [hivemq-test-hivemq-platform] [hivemq-platform-operator] [e38f30ee] 18:29:08.191 [pool-6-thread-32] DEBUG c.h.p.o.dependants.PodInfoConfigMap - [helmbrok] Desired PodInfo ConfigMap (extension state hash: -1817474005)
2025-01-30 18:29:08,198 INFO c.h.h.t.HelmChartContainer - [hivemq-test-hivemq-platform] [hivemq-platform-operator] [e38f30ee] 18:29:08.190 [pool-6-thread-38] DEBUG c.h.p.o.d.PodServiceAccountResource - [helmbrok] Desired PodServiceAccountResource (serviceAccountName: hivemq-platform-pod-test-hivemq-platform)
2025-01-30 18:29:08,198 INFO c.h.h.t.HelmChartContainer - [hivemq-test-hivemq-platform] [hivemq-platform-operator] [e38f30ee] 18:29:08.196 [pool-6-thread-37] DEBUG c.h.p.o.d.StatefulSetResource - [helmbrok] Desired StatefulSet (1 replicas) for status STARTING (READY)
2025-01-30 18:29:08,204 INFO c.h.h.t.HelmChartContainer - [hivemq-test-hivemq-platform] [hivemq-platform-operator] [e38f30ee] 18:29:08.200 [ReconcilerExecutor-hivemq-controller-112] INFO  c.h.p.o.HiveMQPlatformReconciler - [helmbrok] Reconciling HiveMQ Platform 'test-hivemq-platform' in namespace 'helmbrokerlicensesit'
2025-01-30 18:29:08,204 INFO c.h.h.t.HelmChartContainer - [hivemq-test-hivemq-platform] [hivemq-platform-operator] [e38f30ee] 18:29:08.200 [ReconcilerExecutor-hivemq-controller-112] DEBUG c.h.p.o.HiveMQPlatformReconciler - [helmbrok] Custom Resource Status STARTING - HiveMQ Platform is starting (READY)
2025-01-30 18:29:08,204 INFO c.h.h.t.HelmChartContainer - [hivemq-test-hivemq-platform] [hivemq-platform-operator] [e38f30ee] 18:29:08.200 [ReconcilerExecutor-hivemq-controller-112] DEBUG c.h.p.o.HiveMQPlatformReconciler - [helmbrok] Custom Resource Spec (replicas: 1) (extensions: 1)
2025-01-30 18:29:08,205 INFO c.h.h.t.HelmChartContainer - [hivemq-test-hivemq-platform] [hivemq-platform-operator] [e38f30ee] 18:29:08.202 [ReconcilerExecutor-hivemq-controller-112] DEBUG c.h.p.o.HiveMQPlatformReconciler - [helmbrok] StatefulSet Status (revision: test-hivemq-platform-5c857ddf4c, replicas: 1, available: 0, ready: 0, current: 1, updated: 1)
2025-01-30 18:29:08,205 INFO c.h.h.t.HelmChartContainer - [hivemq-test-hivemq-platform] [hivemq-platform-operator] [e38f30ee] 18:29:08.202 [ReconcilerExecutor-hivemq-controller-112] DEBUG c.h.p.o.HiveMQPlatformReconciler - [helmbrok] StatefulSet Spec (replicas: 1, init containers: 1, containers: 1, volumes: 4)
2025-01-30 18:29:08,284 INFO c.h.h.t.HelmChartContainer - [hivemq-test-hivemq-platform] [hivemq-platform-operator] [e38f30ee] 18:29:08.283 [ReconcilerExecutor-hivemq-controller-112] DEBUG c.h.p.o.h.HiveMQPlatformReconcilerErrorHandler - [helmbrok] Pod 'test-hivemq-platform-0' phase Running
2025-01-30 18:29:08,285 INFO c.h.h.t.HelmChartContainer - [hivemq-test-hivemq-platform] [hivemq-platform-operator] [e38f30ee] 18:29:08.284 [ReconcilerExecutor-hivemq-controller-112] INFO  c.h.p.o.h.HiveMQPlatformReconcilerBaseHandler - [helmbrok] HiveMQ Platform is starting, 0 of 1 replicas are ready
2025-01-30 18:29:10,062 INFO c.h.h.t.HelmChartContainer - [test-hivemq-platform] [hivemq] [1ecc2684] WARN  - License file license.lic is corrupt.
2025-01-30 18:29:10,062 INFO c.h.h.testcontainer.LogWaiterUtil - TEST Found log pattern on 'test-hivemq-platform-0': .*License file license.lic is corrupt.
2025-01-30 18:29:10,064 INFO c.h.h.t.HelmChartContainer - [test-hivemq-platform] [hivemq] [1ecc2684] INFO  - No valid license file found. Using trial license, restricted to 25 connections.
2025-01-30 18:29:10,163 INFO c.h.h.t.HelmChartContainer - [test-hivemq-platform] [hivemq] [1ecc2684] WARN  - [HiveMQ Platform Operator Init App 1.7.0-SNAPSHOT] Cannot connect to Health API for liveness: null
2025-01-30 18:29:10,164 INFO c.h.h.t.HelmChartContainer - [test-hivemq-platform] [hivemq] [1ecc2684] INFO  - [HiveMQ Platform Operator Init App 1.7.0-SNAPSHOT] Returning default Health API response 200 for liveness
2025-01-30 18:29:12,678 INFO c.h.h.t.HelmChartContainer - [test-hivemq-platform] [hivemq] [1ecc2684] INFO  - No valid license file for Data Hub found. Using free license, restricted to 1 policy.
2025-01-30 18:29:13,164 INFO c.h.h.t.HelmChartContainer - [test-hivemq-platform] [hivemq] [1ecc2684] WARN  - [HiveMQ Platform Operator Init App 1.7.0-SNAPSHOT] Cannot connect to Health API for readiness: null
2025-01-30 18:29:13,171 INFO c.h.h.t.HelmChartContainer - [EVENT] Warning [Unhealthy] Readiness probe failed: HTTP probe failed with statuscode: 503 [helmbrokerlicensesit:test-hivemq-platform-0]
2025-01-30 18:29:13,171 INFO c.h.h.t.HelmChartContainer - Received Unhealthy event for container hivemq in pod test-hivemq-platform-0 [1ecc2684-5d0d-4eef-8aef-a6eaa8ab75a6]
2025-01-30 18:29:13,986 INFO c.h.h.t.HelmChartContainer - [test-hivemq-platform] [hivemq] [1ecc2684] INFO  - Audit Logger started.
2025-01-30 18:29:14,276 INFO c.h.h.t.HelmChartContainer - [test-hivemq-platform] [hivemq] [1ecc2684] INFO  - This node uses '1' CPU cores.
2025-01-30 18:29:14,281 INFO c.h.h.t.HelmChartContainer - [test-hivemq-platform] [hivemq] [1ecc2684] INFO  - Starting HiveMQ Health API on address 0.0.0.0 and port 8889
2025-01-30 18:29:14,973 INFO c.h.h.t.HelmChartContainer - [test-hivemq-platform] [hivemq] [1ecc2684] INFO  - Started HiveMQ Health API in 691ms
2025-01-30 18:29:15,562 INFO c.h.h.t.HelmChartContainer - [test-hivemq-platform] [hivemq] [1ecc2684] INFO  - Starting HiveMQ extension system.
2025-01-30 18:29:15,760 INFO c.h.h.t.HelmChartContainer - [test-hivemq-platform] [hivemq] [1ecc2684] INFO  - Starting extension with id "hivemq-dns-cluster-discovery" at /opt/hivemq/extensions/hivemq-dns-cluster-discovery
2025-01-30 18:29:16,164 INFO c.h.h.t.HelmChartContainer - [test-hivemq-platform] [hivemq] [1ecc2684] INFO  - Using TCP cluster transport on address 10.42.0.6 and port 7000
2025-01-30 18:29:16,169 INFO c.h.h.t.HelmChartContainer - [test-hivemq-platform] [hivemq] [1ecc2684] INFO  - Using extension cluster discovery
2025-01-30 18:29:16,370 INFO c.h.h.t.HelmChartContainer - [test-hivemq-platform] [hivemq] [1ecc2684] INFO  - Extension "DNS Cluster Discovery Extension" version 4.3.2 started successfully.
2025-01-30 18:29:16,371 INFO c.h.h.t.HelmChartContainer - [test-hivemq-platform] [hivemq] [1ecc2684] INFO  - Starting extension with id "hivemq-prometheus-extension" at /opt/hivemq/extensions/hivemq-prometheus-extension
2025-01-30 18:29:17,161 INFO c.h.h.t.HelmChartContainer - [test-hivemq-platform] [hivemq] [1ecc2684] INFO  - Started Jetty Server exposing Prometheus Servlet on URI http://0.0.0.0:9399/
2025-01-30 18:29:17,161 INFO c.h.h.t.HelmChartContainer - [test-hivemq-platform] [hivemq] [1ecc2684] INFO  - Extension "Prometheus Monitoring Extension" version 4.0.12 started successfully.
2025-01-30 18:29:17,162 INFO c.h.h.t.HelmChartContainer - [test-hivemq-platform] [hivemq] [1ecc2684] INFO  - Starting extension with id "hivemq-allow-all-extension" at /opt/hivemq/extensions/hivemq-allow-all-extension
2025-01-30 18:29:17,164 INFO c.h.h.t.HelmChartContainer - [test-hivemq-platform] [hivemq] [1ecc2684] WARN  - 
2025-01-30 18:29:17,164 INFO c.h.h.t.HelmChartContainer - [test-hivemq-platform] [hivemq] [1ecc2684] ################################################################################################################
2025-01-30 18:29:17,164 INFO c.h.h.t.HelmChartContainer - [test-hivemq-platform] [hivemq] [1ecc2684] # This HiveMQ deployment is not secure! You are lacking Authentication and Authorization.                      #
2025-01-30 18:29:17,164 INFO c.h.h.t.HelmChartContainer - [test-hivemq-platform] [hivemq] [1ecc2684] # Right now any MQTT client can connect to the broker with a full set of permissions.                          #
2025-01-30 18:29:17,164 INFO c.h.h.t.HelmChartContainer - [test-hivemq-platform] [hivemq] [1ecc2684] # For production usage, add an appropriate security extension and remove the hivemq-allow-all extension.       #
2025-01-30 18:29:17,164 INFO c.h.h.t.HelmChartContainer - [test-hivemq-platform] [hivemq] [1ecc2684] # You can download security extensions from the HiveMQ Marketplace (https://www.hivemq.com/extensions/).       #
2025-01-30 18:29:17,164 INFO c.h.h.t.HelmChartContainer - [test-hivemq-platform] [hivemq] [1ecc2684] ################################################################################################################
2025-01-30 18:29:17,164 INFO c.h.h.t.HelmChartContainer - [test-hivemq-platform] [hivemq] [1ecc2684] INFO  - Extension "Allow All Extension" version 1.1.1 started successfully.
2025-01-30 18:29:18,294 INFO c.h.h.t.HelmChartContainer - [hivemq-test-hivemq-platform] [hivemq-platform-operator] [e38f30ee] 18:29:18.288 [pool-6-thread-46] DEBUG c.h.p.o.d.PlatformServiceResource - [helmbrok] Desired Platform services (3 services)
2025-01-30 18:29:18,295 INFO c.h.h.t.HelmChartContainer - [hivemq-test-hivemq-platform] [hivemq-platform-operator] [e38f30ee] 18:29:18.288 [pool-6-thread-45] DEBUG c.h.p.o.d.PodServiceAccountResource - [helmbrok] Desired PodServiceAccountResource (serviceAccountName: hivemq-platform-pod-test-hivemq-platform)
2025-01-30 18:29:18,296 INFO c.h.h.t.HelmChartContainer - [hivemq-test-hivemq-platform] [hivemq-platform-operator] [e38f30ee] 18:29:18.290 [pool-6-thread-47] DEBUG c.h.p.o.dependants.PodInfoConfigMap - [helmbrok] Desired PodInfo ConfigMap (1 extensions) (1 enabled)
2025-01-30 18:29:18,297 INFO c.h.h.t.HelmChartContainer - [hivemq-test-hivemq-platform] [hivemq-platform-operator] [e38f30ee] 18:29:18.291 [pool-6-thread-47] DEBUG c.h.p.o.dependants.PodInfoConfigMap - [helmbrok] Desired PodInfo ConfigMap (metrics port: 9399) (metrics path: /)
2025-01-30 18:29:18,297 INFO c.h.h.t.HelmChartContainer - [hivemq-test-hivemq-platform] [hivemq-platform-operator] [e38f30ee] 18:29:18.291 [pool-6-thread-47] DEBUG c.h.p.o.dependants.PodInfoConfigMap - [helmbrok] Desired PodInfo ConfigMap (extension state hash: -1817474005)
2025-01-30 18:29:18,298 INFO c.h.h.t.HelmChartContainer - [hivemq-test-hivemq-platform] [hivemq-platform-operator] [e38f30ee] 18:29:18.294 [pool-6-thread-46] DEBUG c.h.p.o.d.StatefulSetResource - [helmbrok] Desired StatefulSet (1 replicas) for status STARTING (READY)
2025-01-30 18:29:18,302 INFO c.h.h.t.HelmChartContainer - [hivemq-test-hivemq-platform] [hivemq-platform-operator] [e38f30ee] 18:29:18.301 [ReconcilerExecutor-hivemq-controller-113] INFO  c.h.p.o.HiveMQPlatformReconciler - [helmbrok] Reconciling HiveMQ Platform 'test-hivemq-platform' in namespace 'helmbrokerlicensesit'
2025-01-30 18:29:18,304 INFO c.h.h.t.HelmChartContainer - [hivemq-test-hivemq-platform] [hivemq-platform-operator] [e38f30ee] 18:29:18.301 [ReconcilerExecutor-hivemq-controller-113] DEBUG c.h.p.o.HiveMQPlatformReconciler - [helmbrok] Custom Resource Status STARTING - HiveMQ Platform is starting (READY)
2025-01-30 18:29:18,305 INFO c.h.h.t.HelmChartContainer - [hivemq-test-hivemq-platform] [hivemq-platform-operator] [e38f30ee] 18:29:18.301 [ReconcilerExecutor-hivemq-controller-113] DEBUG c.h.p.o.HiveMQPlatformReconciler - [helmbrok] Custom Resource Spec (replicas: 1) (extensions: 1)
2025-01-30 18:29:18,305 INFO c.h.h.t.HelmChartContainer - [hivemq-test-hivemq-platform] [hivemq-platform-operator] [e38f30ee] 18:29:18.303 [ReconcilerExecutor-hivemq-controller-113] DEBUG c.h.p.o.HiveMQPlatformReconciler - [helmbrok] StatefulSet Status (revision: test-hivemq-platform-5c857ddf4c, replicas: 1, available: 0, ready: 0, current: 1, updated: 1)
2025-01-30 18:29:18,305 INFO c.h.h.t.HelmChartContainer - [hivemq-test-hivemq-platform] [hivemq-platform-operator] [e38f30ee] 18:29:18.303 [ReconcilerExecutor-hivemq-controller-113] DEBUG c.h.p.o.HiveMQPlatformReconciler - [helmbrok] StatefulSet Spec (replicas: 1, init containers: 1, containers: 1, volumes: 4)
2025-01-30 18:29:18,306 INFO c.h.h.t.HelmChartContainer - [hivemq-test-hivemq-platform] [hivemq-platform-operator] [e38f30ee] 18:29:18.305 [ReconcilerExecutor-hivemq-controller-113] DEBUG c.h.p.o.h.HiveMQPlatformReconcilerErrorHandler - [helmbrok] Pod 'test-hivemq-platform-0' phase Running
2025-01-30 18:29:18,307 INFO c.h.h.t.HelmChartContainer - [hivemq-test-hivemq-platform] [hivemq-platform-operator] [e38f30ee] 18:29:18.306 [ReconcilerExecutor-hivemq-controller-113] INFO  c.h.p.o.h.HiveMQPlatformReconcilerBaseHandler - [helmbrok] HiveMQ Platform is starting, 0 of 1 replicas are ready
2025-01-30 18:29:18,528 INFO c.h.h.t.HelmChartContainer - [test-hivemq-platform] [hivemq] [1ecc2684] INFO  - [HiveMQ Platform Operator Init App 1.7.0-SNAPSHOT] Returning Health API response 503 for readiness
2025-01-30 18:29:18,532 INFO c.h.h.t.HelmChartContainer - [EVENT] Warning [Unhealthy] Readiness probe failed: HTTP probe failed with statuscode: 503 [helmbrokerlicensesit:test-hivemq-platform-0]
2025-01-30 18:29:18,532 INFO c.h.h.t.HelmChartContainer - Received Unhealthy event for container hivemq in pod test-hivemq-platform-0 [1ecc2684-5d0d-4eef-8aef-a6eaa8ab75a6]
2025-01-30 18:29:19,361 INFO c.h.h.t.HelmChartContainer - [test-hivemq-platform] [hivemq] [1ecc2684] INFO  - CkuNs: no members discovered after 2792 ms: creating cluster as first member
2025-01-30 18:29:19,367 INFO c.h.h.t.HelmChartContainer - [test-hivemq-platform] [hivemq] [1ecc2684] INFO  - Cluster nodes found by discovery: [CkuNs|0] (1) [CkuNs].
2025-01-30 18:29:19,462 INFO c.h.h.t.HelmChartContainer - [test-hivemq-platform] [hivemq] [1ecc2684] WARN  - No user for HiveMQ Control Center configured. Starting with default user
2025-01-30 18:29:19,463 INFO c.h.h.t.HelmChartContainer - [test-hivemq-platform] [hivemq] [1ecc2684] INFO  - Starting HiveMQ Control Center on address 0.0.0.0 and port 8080
2025-01-30 18:29:19,475 INFO c.h.h.t.HelmChartContainer - [test-hivemq-platform] [hivemq] [1ecc2684] INFO  - Mounting HiveMQ Control Center V2 Preview
2025-01-30 18:29:20,079 INFO c.h.h.t.HelmChartContainer - [test-hivemq-platform] [hivemq] [1ecc2684] INFO  - Started HiveMQ Control Center in 617ms
2025-01-30 18:29:20,092 INFO c.h.h.t.HelmChartContainer - [test-hivemq-platform] [hivemq] [1ecc2684] INFO  - Starting TCP listener on address 0.0.0.0 and port 1883
2025-01-30 18:29:20,169 INFO c.h.h.t.HelmChartContainer - [test-hivemq-platform] [hivemq] [1ecc2684] INFO  - Started TCP Listener on address 0.0.0.0 and on port 1883.
2025-01-30 18:29:20,169 INFO c.h.h.t.HelmChartContainer - [test-hivemq-platform] [hivemq] [1ecc2684] INFO  - Started HiveMQ in 30508ms
2025-01-30 18:29:23,132 INFO c.h.h.t.HelmChartContainer - [test-hivemq-platform] [hivemq] [1ecc2684] INFO  - [HiveMQ Platform Operator Init App 1.7.0-SNAPSHOT] Returning Health API response 200 for readiness
2025-01-30 18:29:23,155 INFO c.h.h.t.HelmChartContainer - [POD] test-hivemq-platform-0 [1ecc2684-5d0d-4eef-8aef-a6eaa8ab75a6] in helmbrokerlicensesit was MODIFIED
2025-01-30 18:29:23,155 INFO c.h.h.t.HelmChartContainer - [hivemq-test-hivemq-platform] [hivemq-platform-operator] [e38f30ee] 18:29:23.151 [pool-6-thread-7] DEBUG c.h.p.o.d.PlatformServiceResource - [helmbrok] Desired Platform services (3 services)
2025-01-30 18:29:23,162 INFO c.h.h.t.HelmChartContainer - [hivemq-test-hivemq-platform] [hivemq-platform-operator] [e38f30ee] 18:29:23.154 [pool-6-thread-5] DEBUG c.h.p.o.dependants.PodInfoConfigMap - [helmbrok] Desired PodInfo ConfigMap (1 extensions) (1 enabled)
2025-01-30 18:29:23,162 INFO c.h.h.t.HelmChartContainer - [hivemq-test-hivemq-platform] [hivemq-platform-operator] [e38f30ee] 18:29:23.154 [pool-6-thread-5] DEBUG c.h.p.o.dependants.PodInfoConfigMap - [helmbrok] Desired PodInfo ConfigMap (metrics port: 9399) (metrics path: /)
2025-01-30 18:29:23,163 INFO c.h.h.t.HelmChartContainer - [hivemq-test-hivemq-platform] [hivemq-platform-operator] [e38f30ee] 18:29:23.154 [pool-6-thread-5] DEBUG c.h.p.o.dependants.PodInfoConfigMap - [helmbrok] Desired PodInfo ConfigMap (extension state hash: -1817474005)
2025-01-30 18:29:23,163 INFO c.h.h.t.HelmChartContainer - [hivemq-test-hivemq-platform] [hivemq-platform-operator] [e38f30ee] 18:29:23.159 [pool-6-thread-5] DEBUG c.h.p.o.d.PodServiceAccountResource - [helmbrok] Desired PodServiceAccountResource (serviceAccountName: hivemq-platform-pod-test-hivemq-platform)
2025-01-30 18:29:23,168 INFO c.h.h.t.HelmChartContainer - [hivemq-test-hivemq-platform] [hivemq-platform-operator] [e38f30ee] 18:29:23.160 [pool-6-thread-7] DEBUG c.h.p.o.d.StatefulSetResource - [helmbrok] Desired StatefulSet (1 replicas) for status STARTING (READY)
2025-01-30 18:29:23,168 INFO c.h.h.t.HelmChartContainer - [hivemq-test-hivemq-platform] [hivemq-platform-operator] [e38f30ee] 18:29:23.164 [ReconcilerExecutor-hivemq-controller-114] INFO  c.h.p.o.HiveMQPlatformReconciler - [helmbrok] Reconciling HiveMQ Platform 'test-hivemq-platform' in namespace 'helmbrokerlicensesit'
2025-01-30 18:29:23,168 INFO c.h.h.t.HelmChartContainer - [hivemq-test-hivemq-platform] [hivemq-platform-operator] [e38f30ee] 18:29:23.164 [ReconcilerExecutor-hivemq-controller-114] DEBUG c.h.p.o.HiveMQPlatformReconciler - [helmbrok] Custom Resource Status STARTING - HiveMQ Platform is starting (READY)
2025-01-30 18:29:23,168 INFO c.h.h.t.HelmChartContainer - [hivemq-test-hivemq-platform] [hivemq-platform-operator] [e38f30ee] 18:29:23.164 [ReconcilerExecutor-hivemq-controller-114] DEBUG c.h.p.o.HiveMQPlatformReconciler - [helmbrok] Custom Resource Spec (replicas: 1) (extensions: 1)
2025-01-30 18:29:23,170 INFO c.h.h.t.HelmChartContainer - [hivemq-test-hivemq-platform] [hivemq-platform-operator] [e38f30ee] 18:29:23.165 [ReconcilerExecutor-hivemq-controller-114] DEBUG c.h.p.o.HiveMQPlatformReconciler - [helmbrok] StatefulSet Status (revision: test-hivemq-platform-5c857ddf4c, replicas: 1, available: 0, ready: 0, current: 1, updated: 1)
2025-01-30 18:29:23,170 INFO c.h.h.t.HelmChartContainer - [hivemq-test-hivemq-platform] [hivemq-platform-operator] [e38f30ee] 18:29:23.165 [ReconcilerExecutor-hivemq-controller-114] DEBUG c.h.p.o.HiveMQPlatformReconciler - [helmbrok] StatefulSet Spec (replicas: 1, init containers: 1, containers: 1, volumes: 4)
2025-01-30 18:29:23,170 INFO c.h.h.t.HelmChartContainer - [hivemq-test-hivemq-platform] [hivemq-platform-operator] [e38f30ee] 18:29:23.167 [ReconcilerExecutor-hivemq-controller-114] DEBUG c.h.p.o.h.HiveMQPlatformReconcilerErrorHandler - [helmbrok] Pod 'test-hivemq-platform-0' phase Running
2025-01-30 18:29:23,170 INFO c.h.h.t.HelmChartContainer - [hivemq-test-hivemq-platform] [hivemq-platform-operator] [e38f30ee] 18:29:23.167 [ReconcilerExecutor-hivemq-controller-114] INFO  c.h.p.o.h.HiveMQPlatformReconcilerBaseHandler - [helmbrok] HiveMQ Platform is starting, 0 of 1 replicas are ready
2025-01-30 18:29:23,189 INFO c.h.h.t.HelmChartContainer - [hivemq-test-hivemq-platform] [hivemq-platform-operator] [e38f30ee] 18:29:23.187 [pool-6-thread-19] DEBUG c.h.p.o.dependants.PodInfoConfigMap - [helmbrok] Desired PodInfo ConfigMap (1 extensions) (1 enabled)
2025-01-30 18:29:23,189 INFO c.h.h.t.HelmChartContainer - [hivemq-test-hivemq-platform] [hivemq-platform-operator] [e38f30ee] 18:29:23.188 [pool-6-thread-19] DEBUG c.h.p.o.dependants.PodInfoConfigMap - [helmbrok] Desired PodInfo ConfigMap (metrics port: 9399) (metrics path: /)
2025-01-30 18:29:23,189 INFO c.h.h.t.HelmChartContainer - [hivemq-test-hivemq-platform] [hivemq-platform-operator] [e38f30ee] 18:29:23.188 [pool-6-thread-19] DEBUG c.h.p.o.dependants.PodInfoConfigMap - [helmbrok] Desired PodInfo ConfigMap (extension state hash: -1817474005)
2025-01-30 18:29:23,191 INFO c.h.h.t.HelmChartContainer - [hivemq-test-hivemq-platform] [hivemq-platform-operator] [e38f30ee] 18:29:23.188 [pool-6-thread-19] DEBUG c.h.p.o.d.PodServiceAccountResource - [helmbrok] Desired PodServiceAccountResource (serviceAccountName: hivemq-platform-pod-test-hivemq-platform)
2025-01-30 18:29:23,195 INFO c.h.h.t.HelmChartContainer - [hivemq-test-hivemq-platform] [hivemq-platform-operator] [e38f30ee] 18:29:23.194 [pool-6-thread-15] DEBUG c.h.p.o.d.PlatformServiceResource - [helmbrok] Desired Platform services (3 services)
2025-01-30 18:29:23,257 INFO c.h.h.t.HelmChartContainer - [hivemq-test-hivemq-platform] [hivemq-platform-operator] [e38f30ee] 18:29:23.255 [pool-6-thread-15] DEBUG c.h.p.o.d.StatefulSetResource - [helmbrok] Desired StatefulSet (1 replicas) for status STARTING (READY)
2025-01-30 18:29:23,284 INFO c.h.h.t.HelmChartContainer - [hivemq-test-hivemq-platform] [hivemq-platform-operator] [e38f30ee] 18:29:23.283 [ReconcilerExecutor-hivemq-controller-115] INFO  c.h.p.o.HiveMQPlatformReconciler - [helmbrok] Reconciling HiveMQ Platform 'test-hivemq-platform' in namespace 'helmbrokerlicensesit'
2025-01-30 18:29:23,284 INFO c.h.h.t.HelmChartContainer - [hivemq-test-hivemq-platform] [hivemq-platform-operator] [e38f30ee] 18:29:23.283 [ReconcilerExecutor-hivemq-controller-115] DEBUG c.h.p.o.HiveMQPlatformReconciler - [helmbrok] Custom Resource Status STARTING - HiveMQ Platform is starting (READY)
2025-01-30 18:29:23,285 INFO c.h.h.t.HelmChartContainer - [hivemq-test-hivemq-platform] [hivemq-platform-operator] [e38f30ee] 18:29:23.283 [ReconcilerExecutor-hivemq-controller-115] DEBUG c.h.p.o.HiveMQPlatformReconciler - [helmbrok] Custom Resource Spec (replicas: 1) (extensions: 1)
2025-01-30 18:29:23,286 INFO c.h.h.t.HelmChartContainer - [hivemq-test-hivemq-platform] [hivemq-platform-operator] [e38f30ee] 18:29:23.284 [ReconcilerExecutor-hivemq-controller-115] DEBUG c.h.p.o.HiveMQPlatformReconciler - [helmbrok] StatefulSet Status (revision: test-hivemq-platform-5c857ddf4c, replicas: 1, available: 1, ready: 1, current: 1, updated: 1)
2025-01-30 18:29:23,286 INFO c.h.h.t.HelmChartContainer - [hivemq-test-hivemq-platform] [hivemq-platform-operator] [e38f30ee] 18:29:23.284 [ReconcilerExecutor-hivemq-controller-115] DEBUG c.h.p.o.HiveMQPlatformReconciler - [helmbrok] StatefulSet Spec (replicas: 1, init containers: 1, containers: 1, volumes: 4)
2025-01-30 18:29:23,287 INFO c.h.h.t.HelmChartContainer - [hivemq-test-hivemq-platform] [hivemq-platform-operator] [e38f30ee] 18:29:23.286 [ReconcilerExecutor-hivemq-controller-115] DEBUG c.h.p.o.h.HiveMQPlatformReconcilerErrorHandler - [helmbrok] Pod 'test-hivemq-platform-0' phase Running
2025-01-30 18:29:23,288 INFO c.h.h.t.HelmChartContainer - [hivemq-test-hivemq-platform] [hivemq-platform-operator] [e38f30ee] 18:29:23.287 [ReconcilerExecutor-hivemq-controller-115] INFO  c.h.p.o.h.HiveMQPlatformReconcilerBaseHandler - [helmbrok] HiveMQ Platform started successfully
2025-01-30 18:29:23,363 INFO c.h.h.t.HelmChartContainer - [hivemq-test-hivemq-platform] [hivemq-platform-operator] [e38f30ee] 18:29:23.362 [ReconcilerExecutor-hivemq-controller-115] DEBUG c.h.p.operator.event.EventSender - [helmbrok] Creating K8s event hivemq-platform-ready: [Ready] HiveMQ Platform is ready
2025-01-30 18:29:23,367 INFO c.h.h.t.HelmChartContainer - [EVENT] Normal [Ready] HiveMQ Platform is ready [helmbrokerlicensesit:test-hivemq-platform]
2025-01-30 18:29:23,368 INFO c.h.h.t.HelmChartContainer - [hivemq-test-hivemq-platform] [hivemq-platform-operator] [e38f30ee] 18:29:23.366 [ReconcilerExecutor-hivemq-controller-115] INFO  c.h.p.o.h.AbstractHiveMQReconcilerStateHandler - [helmbrok] Update HiveMQ Platform Status (STARTING [READY] -> RUNNING [READY]): HiveMQ Platform is ready
2025-01-30 18:29:23,391 DEBUG com.hivemq.helmcharts.util.K8sUtil - Comparing actual state 'RUNNING' and waiting for 'RUNNING'
2025-01-30 18:29:27,438 INFO c.h.h.t.HelmChartContainer - Uninstalling release 'test-hivemq-platform' in namespace 'helmbrokerlicensesit'...
2025-01-30 18:29:27,438 DEBUG c.h.h.t.HelmChartContainer - Executing helm command: /bin/helm --kubeconfig /etc/rancher/k3s/k3s.yaml uninstall test-hivemq-platform  --wait --timeout 5m0s --cascade foreground --namespace helmbrokerlicensesit
2025-01-30 18:29:27,630 INFO c.h.h.t.HelmChartContainer - [hivemq-test-hivemq-platform] [hivemq-platform-operator] [e38f30ee] 18:29:27.619 [pool-6-thread-29] DEBUG c.h.p.o.d.PlatformServiceResource - [helmbrok] Desired Platform services (3 services)
2025-01-30 18:29:27,688 INFO c.h.h.t.HelmChartContainer - [hivemq-test-hivemq-platform] [hivemq-platform-operator] [e38f30ee] 18:29:27.683 [pool-6-thread-23] DEBUG c.h.p.o.dependants.PodInfoConfigMap - [helmbrok] Desired PodInfo ConfigMap (1 extensions) (1 enabled)
2025-01-30 18:29:27,688 INFO c.h.h.t.HelmChartContainer - [hivemq-test-hivemq-platform] [hivemq-platform-operator] [e38f30ee] 18:29:27.683 [pool-6-thread-23] DEBUG c.h.p.o.dependants.PodInfoConfigMap - [helmbrok] Desired PodInfo ConfigMap (metrics port: 9399) (metrics path: /)
2025-01-30 18:29:27,688 INFO c.h.h.t.HelmChartContainer - [hivemq-test-hivemq-platform] [hivemq-platform-operator] [e38f30ee] 18:29:27.683 [pool-6-thread-23] DEBUG c.h.p.o.dependants.PodInfoConfigMap - [helmbrok] Desired PodInfo ConfigMap (extension state hash: -1817474005)
2025-01-30 18:29:27,688 INFO c.h.h.t.HelmChartContainer - [hivemq-test-hivemq-platform] [hivemq-platform-operator] [e38f30ee] 18:29:27.684 [pool-6-thread-23] DEBUG c.h.p.o.dependants.PodInfoConfigMap - [helmbrok] Update PodInfo ConfigMap
2025-01-30 18:29:27,688 INFO c.h.h.t.HelmChartContainer - [hivemq-test-hivemq-platform] [hivemq-platform-operator] [e38f30ee] 18:29:27.684 [pool-6-thread-24] DEBUG c.h.p.o.d.PodServiceAccountResource - [helmbrok] Desired PodServiceAccountResource (serviceAccountName: hivemq-platform-pod-test-hivemq-platform)
2025-01-30 18:29:27,791 INFO c.h.h.t.HelmChartContainer - [hivemq-test-hivemq-platform] [hivemq-platform-operator] [e38f30ee] 18:29:27.784 [ReconcilerExecutor-hivemq-controller-116] ERROR i.j.o.p.event.EventProcessor - Error during event processing ExecutionScope{ resource id: ResourceID{name='test-hivemq-platform', namespace='helmbrokerlicensesit'}, version: 605}
2025-01-30 18:29:27,792 INFO c.h.h.t.HelmChartContainer - [hivemq-test-hivemq-platform] [hivemq-platform-operator] [e38f30ee] io.javaoperatorsdk.operator.OperatorException: io.javaoperatorsdk.operator.AggregatedOperatorException: Exception(s) during workflow execution. Details:
2025-01-30 18:29:27,792 INFO c.h.h.t.HelmChartContainer - [hivemq-test-hivemq-platform] [hivemq-platform-operator] [e38f30ee]  - com.hivemq.platform.operator.dependants.PodInfoConfigMap -> io.fabric8.kubernetes.client.KubernetesClientException: Failure executing: PUT at: https://10.43.0.1:443/api/v1/namespaces/helmbrokerlicensesit/configmaps/hivemq-platform-test-hivemq-platform-dynamic-state. Message: Operation cannot be fulfilled on configmaps "hivemq-platform-test-hivemq-platform-dynamic-state": StorageError: invalid object, Code: 4, Key: /registry/configmaps/helmbrokerlicensesit/hivemq-platform-test-hivemq-platform-dynamic-state, ResourceVersion: 0, AdditionalErrorMsg: Precondition failed: UID in precondition: 51095bac-5ff1-4bce-b1ac-863ad99e4279, UID in object meta: . Received status: Status(apiVersion=v1, code=409, details=StatusDetails(causes=[], group=null, kind=configmaps, name=hivemq-platform-test-hivemq-platform-dynamic-state, retryAfterSeconds=null, uid=null, additionalProperties={}), kind=Status, message=Operation cannot be fulfilled on configmaps "hivemq-platform-test-hivemq-platform-dynamic-state": StorageError: invalid object, Code: 4, Key: /registry/configmaps/helmbrokerlicensesit/hivemq-platform-test-hivemq-platform-dynamic-state, ResourceVersion: 0, AdditionalErrorMsg: Precondition failed: UID in precondition: 51095bac-5ff1-4bce-b1ac-863ad99e4279, UID in object meta: , metadata=ListMeta(_continue=null, remainingItemCount=null, resourceVersion=null, selfLink=null, additionalProperties={}), reason=Conflict, status=Failure, additionalProperties={}).
2025-01-30 18:29:27,792 INFO c.h.h.t.HelmChartContainer - [hivemq-test-hivemq-platform] [hivemq-platform-operator] [e38f30ee] 	at io.fabric8.kubernetes.client.KubernetesClientException.copyAsCause(KubernetesClientException.java:238)
2025-01-30 18:29:27,793 INFO c.h.h.t.HelmChartContainer - [hivemq-test-hivemq-platform] [hivemq-platform-operator] [e38f30ee] 	at io.fabric8.kubernetes.client.dsl.internal.OperationSupport.waitForResult(OperationSupport.java:507)
2025-01-30 18:29:27,793 INFO c.h.h.t.HelmChartContainer - [hivemq-test-hivemq-platform] [hivemq-platform-operator] [e38f30ee] 	at io.fabric8.kubernetes.client.dsl.internal.OperationSupport.handleResponse(OperationSupport.java:524)
2025-01-30 18:29:27,793 INFO c.h.h.t.HelmChartContainer - [hivemq-test-hivemq-platform] [hivemq-platform-operator] [e38f30ee] 	at io.fabric8.kubernetes.client.dsl.internal.OperationSupport.handleUpdate(OperationSupport.java:358)
2025-01-30 18:29:27,793 INFO c.h.h.t.HelmChartContainer - [hivemq-test-hivemq-platform] [hivemq-platform-operator] [e38f30ee] 	at io.fabric8.kubernetes.client.dsl.internal.BaseOperation.handleUpdate(BaseOperation.java:759)
2025-01-30 18:29:27,793 INFO c.h.h.t.HelmChartContainer - [hivemq-test-hivemq-platform] [hivemq-platform-operator] [e38f30ee] 	at io.fabric8.kubernetes.client.dsl.internal.HasMetadataOperation.update(HasMetadataOperation.java:138)
2025-01-30 18:29:27,793 INFO c.h.h.t.HelmChartContainer - [hivemq-test-hivemq-platform] [hivemq-platform-operator] [e38f30ee] 	at io.fabric8.kubernetes.client.dsl.internal.HasMetadataOperation.update(HasMetadataOperation.java:121)
2025-01-30 18:29:27,793 INFO c.h.h.t.HelmChartContainer - [hivemq-test-hivemq-platform] [hivemq-platform-operator] [e38f30ee] 	at io.fabric8.kubernetes.client.dsl.internal.HasMetadataOperation.update(HasMetadataOperation.java:44)
2025-01-30 18:29:27,793 INFO c.h.h.t.HelmChartContainer - [hivemq-test-hivemq-platform] [hivemq-platform-operator] [e38f30ee] 	at io.fabric8.kubernetes.client.extension.ResourceAdapter.update(ResourceAdapter.java:345)
2025-01-30 18:29:27,793 INFO c.h.h.t.HelmChartContainer - [hivemq-test-hivemq-platform] [hivemq-platform-operator] [e38f30ee] 	at io.javaoperatorsdk.operator.processing.dependent.kubernetes.KubernetesDependentResource.update(KubernetesDependentResource.java:140)
2025-01-30 18:29:27,793 INFO c.h.h.t.HelmChartContainer - [hivemq-test-hivemq-platform] [hivemq-platform-operator] [e38f30ee] 	at com.hivemq.platform.operator.dependants.PodInfoConfigMap.update(PodInfoConfigMap.java:167)
2025-01-30 18:29:27,793 INFO c.h.h.t.HelmChartContainer - [hivemq-test-hivemq-platform] [hivemq-platform-operator] [e38f30ee] 	at com.hivemq.platform.operator.dependants.PodInfoConfigMap.update(PodInfoConfigMap.java:39)
2025-01-30 18:29:27,794 INFO c.h.h.t.HelmChartContainer - [hivemq-test-hivemq-platform] [hivemq-platform-operator] [e38f30ee] 	at io.javaoperatorsdk.operator.processing.dependent.AbstractDependentResource.handleUpdate(AbstractDependentResource.java:148)
2025-01-30 18:29:27,794 INFO c.h.h.t.HelmChartContainer - [hivemq-test-hivemq-platform] [hivemq-platform-operator] [e38f30ee] 	at io.javaoperatorsdk.operator.processing.dependent.AbstractDependentResource.reconcile(AbstractDependentResource.java:72)
2025-01-30 18:29:27,794 INFO c.h.h.t.HelmChartContainer - [hivemq-test-hivemq-platform] [hivemq-platform-operator] [e38f30ee] 	at io.javaoperatorsdk.operator.processing.dependent.SingleDependentResourceReconciler.reconcile(SingleDependentResourceReconciler.java:19)
2025-01-30 18:29:27,794 INFO c.h.h.t.HelmChartContainer - [hivemq-test-hivemq-platform] [hivemq-platform-operator] [e38f30ee] 	at io.javaoperatorsdk.operator.processing.dependent.AbstractDependentResource.reconcile(AbstractDependentResource.java:52)
2025-01-30 18:29:27,794 INFO c.h.h.t.HelmChartContainer - [hivemq-test-hivemq-platform] [hivemq-platform-operator] [e38f30ee] 	at com.hivemq.platform.operator.dependants.PodInfoConfigMap.reconcile(PodInfoConfigMap.java:74)
2025-01-30 18:29:27,794 INFO c.h.h.t.HelmChartContainer - [hivemq-test-hivemq-platform] [hivemq-platform-operator] [e38f30ee] 	at com.hivemq.platform.operator.dependants.PodInfoConfigMap.reconcile(PodInfoConfigMap.java:39)
2025-01-30 18:29:27,794 INFO c.h.h.t.HelmChartContainer - [hivemq-test-hivemq-platform] [hivemq-platform-operator] [e38f30ee] 	at io.javaoperatorsdk.operator.processing.dependent.workflow.WorkflowReconcileExecutor$NodeReconcileExecutor.doRun(WorkflowReconcileExecutor.java:123)
2025-01-30 18:29:27,794 INFO c.h.h.t.HelmChartContainer - [hivemq-test-hivemq-platform] [hivemq-platform-operator] [e38f30ee] 	at io.javaoperatorsdk.operator.processing.dependent.workflow.NodeExecutor.run(NodeExecutor.java:22)
2025-01-30 18:29:27,794 INFO c.h.h.t.HelmChartContainer - [hivemq-test-hivemq-platform] [hivemq-platform-operator] [e38f30ee] 	at java.base/java.util.concurrent.Executors$RunnableAdapter.call(Unknown Source)
2025-01-30 18:29:27,794 INFO c.h.h.t.HelmChartContainer - [hivemq-test-hivemq-platform] [hivemq-platform-operator] [e38f30ee] 	at java.base/java.util.concurrent.FutureTask.run(Unknown Source)
2025-01-30 18:29:27,794 INFO c.h.h.t.HelmChartContainer - [hivemq-test-hivemq-platform] [hivemq-platform-operator] [e38f30ee] 	at java.base/java.util.concurrent.ThreadPoolExecutor.runWorker(Unknown Source)
2025-01-30 18:29:27,794 INFO c.h.h.t.HelmChartContainer - [hivemq-test-hivemq-platform] [hivemq-platform-operator] [e38f30ee] 	at java.base/java.util.concurrent.ThreadPoolExecutor$Worker.run(Unknown Source)
2025-01-30 18:29:27,794 INFO c.h.h.t.HelmChartContainer - [hivemq-test-hivemq-platform] [hivemq-platform-operator] [e38f30ee] 	at java.base/java.lang.Thread.run(Unknown Source)
2025-01-30 18:29:27,794 INFO c.h.h.t.HelmChartContainer - [hivemq-test-hivemq-platform] [hivemq-platform-operator] [e38f30ee] Caused by: io.fabric8.kubernetes.client.KubernetesClientException: Failure executing: PUT at: https://10.43.0.1:443/api/v1/namespaces/helmbrokerlicensesit/configmaps/hivemq-platform-test-hivemq-platform-dynamic-state. Message: Operation cannot be fulfilled on configmaps "hivemq-platform-test-hivemq-platform-dynamic-state": StorageError: invalid object, Code: 4, Key: /registry/configmaps/helmbrokerlicensesit/hivemq-platform-test-hivemq-platform-dynamic-state, ResourceVersion: 0, AdditionalErrorMsg: Precondition failed: UID in precondition: 51095bac-5ff1-4bce-b1ac-863ad99e4279, UID in object meta: . Received status: Status(apiVersion=v1, code=409, details=StatusDetails(causes=[], group=null, kind=configmaps, name=hivemq-platform-test-hivemq-platform-dynamic-state, retryAfterSeconds=null, uid=null, additionalProperties={}), kind=Status, message=Operation cannot be fulfilled on configmaps "hivemq-platform-test-hivemq-platform-dynamic-state": StorageError: invalid object, Code: 4, Key: /registry/configmaps/helmbrokerlicensesit/hivemq-platform-test-hivemq-platform-dynamic-state, ResourceVersion: 0, AdditionalErrorMsg: Precondition failed: UID in precondition: 51095bac-5ff1-4bce-b1ac-863ad99e4279, UID in object meta: , metadata=ListMeta(_continue=null, remainingItemCount=null, resourceVersion=null, selfLink=null, additionalProperties={}), reason=Conflict, status=Failure, additionalProperties={}).
2025-01-30 18:29:27,794 INFO c.h.h.t.HelmChartContainer - [hivemq-test-hivemq-platform] [hivemq-platform-operator] [e38f30ee] 	at io.fabric8.kubernetes.client.dsl.internal.OperationSupport.requestFailure(OperationSupport.java:660)
2025-01-30 18:29:27,794 INFO c.h.h.t.HelmChartContainer - [hivemq-test-hivemq-platform] [hivemq-platform-operator] [e38f30ee] 	at io.fabric8.kubernetes.client.dsl.internal.OperationSupport.requestFailure(OperationSupport.java:640)
2025-01-30 18:29:27,794 INFO c.h.h.t.HelmChartContainer - [hivemq-test-hivemq-platform] [hivemq-platform-operator] [e38f30ee] 	at io.fabric8.kubernetes.client.dsl.internal.OperationSupport.assertResponseCode(OperationSupport.java:589)
2025-01-30 18:29:27,794 INFO c.h.h.t.HelmChartContainer - [hivemq-test-hivemq-platform] [hivemq-platform-operator] [e38f30ee] 	at io.fabric8.kubernetes.client.dsl.internal.OperationSupport.lambda$handleResponse$0(OperationSupport.java:549)
2025-01-30 18:29:27,794 INFO c.h.h.t.HelmChartContainer - [hivemq-test-hivemq-platform] [hivemq-platform-operator] [e38f30ee] 	at java.base/java.util.concurrent.CompletableFuture$UniApply.tryFire(Unknown Source)
2025-01-30 18:29:27,794 INFO c.h.h.t.HelmChartContainer - [hivemq-test-hivemq-platform] [hivemq-platform-operator] [e38f30ee] 	at java.base/java.util.concurrent.CompletableFuture.postComplete(Unknown Source)
2025-01-30 18:29:27,794 INFO c.h.h.t.HelmChartContainer - [hivemq-test-hivemq-platform] [hivemq-platform-operator] [e38f30ee] 	at java.base/java.util.concurrent.CompletableFuture.complete(Unknown Source)
2025-01-30 18:29:27,794 INFO c.h.h.t.HelmChartContainer - [hivemq-test-hivemq-platform] [hivemq-platform-operator] [e38f30ee] 	at io.fabric8.kubernetes.client.http.StandardHttpClient.lambda$completeOrCancel$10(StandardHttpClient.java:141)
2025-01-30 18:29:27,794 INFO c.h.h.t.HelmChartContainer - [hivemq-test-hivemq-platform] [hivemq-platform-operator] [e38f30ee] 	at java.base/java.util.concurrent.CompletableFuture.uniWhenComplete(Unknown Source)
2025-01-30 18:29:27,794 INFO c.h.h.t.HelmChartContainer - [hivemq-test-hivemq-platform] [hivemq-platform-operator] [e38f30ee] 	at java.base/java.util.concurrent.CompletableFuture$UniWhenComplete.tryFire(Unknown Source)
2025-01-30 18:29:27,794 INFO c.h.h.t.HelmChartContainer - [hivemq-test-hivemq-platform] [hivemq-platform-operator] [e38f30ee] 	at java.base/java.util.concurrent.CompletableFuture.postComplete(Unknown Source)
2025-01-30 18:29:27,794 INFO c.h.h.t.HelmChartContainer - [hivemq-test-hivemq-platform] [hivemq-platform-operator] [e38f30ee] 	at java.base/java.util.concurrent.CompletableFuture.complete(Unknown Source)
2025-01-30 18:29:27,794 INFO c.h.h.t.HelmChartContainer - [hivemq-test-hivemq-platform] [hivemq-platform-operator] [e38f30ee] 	at io.fabric8.kubernetes.client.http.ByteArrayBodyHandler.onBodyDone(ByteArrayBodyHandler.java:51)
2025-01-30 18:29:27,794 INFO c.h.h.t.HelmChartContainer - [hivemq-test-hivemq-platform] [hivemq-platform-operator] [e38f30ee] 	at java.base/java.util.concurrent.CompletableFuture.uniWhenComplete(Unknown Source)
2025-01-30 18:29:27,794 INFO c.h.h.t.HelmChartContainer - [hivemq-test-hivemq-platform] [hivemq-platform-operator] [e38f30ee] 	at java.base/java.util.concurrent.CompletableFuture$UniWhenComplete.tryFire(Unknown Source)
2025-01-30 18:29:27,794 INFO c.h.h.t.HelmChartContainer - [hivemq-test-hivemq-platform] [hivemq-platform-operator] [e38f30ee] 	at java.base/java.util.concurrent.CompletableFuture.postComplete(Unknown Source)
2025-01-30 18:29:27,794 INFO c.h.h.t.HelmChartContainer - [hivemq-test-hivemq-platform] [hivemq-platform-operator] [e38f30ee] 	at java.base/java.util.concurrent.CompletableFuture.complete(Unknown Source)
2025-01-30 18:29:27,794 INFO c.h.h.t.HelmChartContainer - [hivemq-test-hivemq-platform] [hivemq-platform-operator] [e38f30ee] 	at io.fabric8.kubernetes.client.vertx.VertxHttpRequest.lambda$null$1(VertxHttpRequest.java:121)
2025-01-30 18:29:27,794 INFO c.h.h.t.HelmChartContainer - [hivemq-test-hivemq-platform] [hivemq-platform-operator] [e38f30ee] 	at io.vertx.core.impl.ContextInternal.dispatch(ContextInternal.java:279)
2025-01-30 18:29:27,794 INFO c.h.h.t.HelmChartContainer - [hivemq-test-hivemq-platform] [hivemq-platform-operator] [e38f30ee] 	at io.vertx.core.impl.ContextInternal.dispatch(ContextInternal.java:261)
2025-01-30 18:29:27,794 INFO c.h.h.t.HelmChartContainer - [hivemq-test-hivemq-platform] [hivemq-platform-operator] [e38f30ee] 	at io.vertx.core.http.impl.HttpEventHandler.handleEnd(HttpEventHandler.java:76)
2025-01-30 18:29:27,794 INFO c.h.h.t.HelmChartContainer - [hivemq-test-hivemq-platform] [hivemq-platform-operator] [e38f30ee] 	at io.vertx.core.http.impl.HttpClientResponseImpl.handleEnd(HttpClientResponseImpl.java:250)
2025-01-30 18:29:27,794 INFO c.h.h.t.HelmChartContainer - [hivemq-test-hivemq-platform] [hivemq-platform-operator] [e38f30ee] 	at io.vertx.core.http.impl.Http1xClientConnection$StreamImpl.lambda$new$0(Http1xClientConnection.java:421)
2025-01-30 18:29:27,794 INFO c.h.h.t.HelmChartContainer - [hivemq-test-hivemq-platform] [hivemq-platform-operator] [e38f30ee] 	at io.vertx.core.streams.impl.InboundBuffer.handleEvent(InboundBuffer.java:279)
2025-01-30 18:29:27,794 INFO c.h.h.t.HelmChartContainer - [hivemq-test-hivemq-platform] [hivemq-platform-operator] [e38f30ee] 	at io.vertx.core.streams.impl.InboundBuffer.write(InboundBuffer.java:157)
2025-01-30 18:29:27,797 INFO c.h.h.t.HelmChartContainer - [hivemq-test-hivemq-platform] [hivemq-platform-operator] [e38f30ee] 	at io.vertx.core.http.impl.Http1xClientConnection$StreamImpl.handleEnd(Http1xClientConnection.java:709)
2025-01-30 18:29:27,798 INFO c.h.h.t.HelmChartContainer - [hivemq-test-hivemq-platform] [hivemq-platform-operator] [e38f30ee] 	at io.vertx.core.impl.ContextImpl.execute(ContextImpl.java:313)
2025-01-30 18:29:27,798 INFO c.h.h.t.HelmChartContainer - [hivemq-test-hivemq-platform] [hivemq-platform-operator] [e38f30ee] 	at io.vertx.core.impl.ContextImpl.execute(ContextImpl.java:293)
2025-01-30 18:29:27,798 INFO c.h.h.t.HelmChartContainer - [hivemq-test-hivemq-platform] [hivemq-platform-operator] [e38f30ee] 	at io.vertx.core.http.impl.Http1xClientConnection.handleResponseEnd(Http1xClientConnection.java:940)
2025-01-30 18:29:27,798 INFO c.h.h.t.HelmChartContainer - [hivemq-test-hivemq-platform] [hivemq-platform-operator] [e38f30ee] 	at io.vertx.core.http.impl.Http1xClientConnection.handleHttpMessage(Http1xClientConnection.java:810)
2025-01-30 18:29:27,798 INFO c.h.h.t.HelmChartContainer - [hivemq-test-hivemq-platform] [hivemq-platform-operator] [e38f30ee] 	at io.vertx.core.http.impl.Http1xClientConnection.handleMessage(Http1xClientConnection.java:774)
2025-01-30 18:29:27,798 INFO c.h.h.t.HelmChartContainer - [hivemq-test-hivemq-platform] [hivemq-platform-operator] [e38f30ee] 	at io.vertx.core.net.impl.ConnectionBase.read(ConnectionBase.java:159)
2025-01-30 18:29:27,798 INFO c.h.h.t.HelmChartContainer - [hivemq-test-hivemq-platform] [hivemq-platform-operator] [e38f30ee] 	at io.vertx.core.net.impl.VertxHandler.channelRead(VertxHandler.java:153)
2025-01-30 18:29:27,798 INFO c.h.h.t.HelmChartContainer - [hivemq-test-hivemq-platform] [hivemq-platform-operator] [e38f30ee] 	at io.netty.channel.AbstractChannelHandlerContext.invokeChannelRead(AbstractChannelHandlerContext.java:442)
2025-01-30 18:29:27,798 INFO c.h.h.t.HelmChartContainer - [hivemq-test-hivemq-platform] [hivemq-platform-operator] [e38f30ee] 	at io.netty.channel.AbstractChannelHandlerContext.invokeChannelRead(AbstractChannelHandlerContext.java:420)
2025-01-30 18:29:27,798 INFO c.h.h.t.HelmChartContainer - [hivemq-test-hivemq-platform] [hivemq-platform-operator] [e38f30ee] 	at io.netty.channel.AbstractChannelHandlerContext.fireChannelRead(AbstractChannelHandlerContext.java:412)
2025-01-30 18:29:27,798 INFO c.h.h.t.HelmChartContainer - [hivemq-test-hivemq-platform] [hivemq-platform-operator] [e38f30ee] 	at io.netty.channel.CombinedChannelDuplexHandler$DelegatingChannelHandlerContext.fireChannelRead(CombinedChannelDuplexHandler.java:436)
2025-01-30 18:29:27,798 INFO c.h.h.t.HelmChartContainer - [hivemq-test-hivemq-platform] [hivemq-platform-operator] [e38f30ee] 	at io.netty.handler.codec.ByteToMessageDecoder.fireChannelRead(ByteToMessageDecoder.java:346)
2025-01-30 18:29:27,798 INFO c.h.h.t.HelmChartContainer - [hivemq-test-hivemq-platform] [hivemq-platform-operator] [e38f30ee] 	at io.netty.handler.codec.ByteToMessageDecoder.channelRead(ByteToMessageDecoder.java:318)
2025-01-30 18:29:27,798 INFO c.h.h.t.HelmChartContainer - [hivemq-test-hivemq-platform] [hivemq-platform-operator] [e38f30ee] 	at io.netty.channel.CombinedChannelDuplexHandler.channelRead(CombinedChannelDuplexHandler.java:251)
2025-01-30 18:29:27,798 INFO c.h.h.t.HelmChartContainer - [hivemq-test-hivemq-platform] [hivemq-platform-operator] [e38f30ee] 	at io.netty.channel.AbstractChannelHandlerContext.invokeChannelRead(AbstractChannelHandlerContext.java:442)
2025-01-30 18:29:27,798 INFO c.h.h.t.HelmChartContainer - [hivemq-test-hivemq-platform] [hivemq-platform-operator] [e38f30ee] 	at io.netty.channel.AbstractChannelHandlerContext.invokeChannelRead(AbstractChannelHandlerContext.java:420)
2025-01-30 18:29:27,798 INFO c.h.h.t.HelmChartContainer - [hivemq-test-hivemq-platform] [hivemq-platform-operator] [e38f30ee] 	at io.netty.channel.AbstractChannelHandlerContext.fireChannelRead(AbstractChannelHandlerContext.java:412)
2025-01-30 18:29:27,798 INFO c.h.h.t.HelmChartContainer - [hivemq-test-hivemq-platform] [hivemq-platform-operator] [e38f30ee] 	at io.netty.handler.ssl.SslHandler.unwrap(SslHandler.java:1475)
2025-01-30 18:29:27,798 INFO c.h.h.t.HelmChartContainer - [hivemq-test-hivemq-platform] [hivemq-platform-operator] [e38f30ee] 	at io.netty.handler.ssl.SslHandler.decodeJdkCompatible(SslHandler.java:1338)
2025-01-30 18:29:27,798 INFO c.h.h.t.HelmChartContainer - [hivemq-test-hivemq-platform] [hivemq-platform-operator] [e38f30ee] 	at io.netty.handler.ssl.SslHandler.decode(SslHandler.java:1387)
2025-01-30 18:29:27,798 INFO c.h.h.t.HelmChartContainer - [hivemq-test-hivemq-platform] [hivemq-platform-operator] [e38f30ee] 	at io.netty.handler.codec.ByteToMessageDecoder.decodeRemovalReentryProtection(ByteToMessageDecoder.java:530)
2025-01-30 18:29:27,798 INFO c.h.h.t.HelmChartContainer - [hivemq-test-hivemq-platform] [hivemq-platform-operator] [e38f30ee] 	at io.netty.handler.codec.ByteToMessageDecoder.callDecode(ByteToMessageDecoder.java:469)
2025-01-30 18:29:27,798 INFO c.h.h.t.HelmChartContainer - [hivemq-test-hivemq-platform] [hivemq-platform-operator] [e38f30ee] 	at io.netty.handler.codec.ByteToMessageDecoder.channelRead(ByteToMessageDecoder.java:290)
2025-01-30 18:29:27,798 INFO c.h.h.t.HelmChartContainer - [hivemq-test-hivemq-platform] [hivemq-platform-operator] [e38f30ee] 	at io.netty.channel.AbstractChannelHandlerContext.invokeChannelRead(AbstractChannelHandlerContext.java:444)
2025-01-30 18:29:27,798 INFO c.h.h.t.HelmChartContainer - [hivemq-test-hivemq-platform] [hivemq-platform-operator] [e38f30ee] 	at io.netty.channel.AbstractChannelHandlerContext.invokeChannelRead(AbstractChannelHandlerContext.java:420)
2025-01-30 18:29:27,798 INFO c.h.h.t.HelmChartContainer - [hivemq-test-hivemq-platform] [hivemq-platform-operator] [e38f30ee] 	at io.netty.channel.AbstractChannelHandlerContext.fireChannelRead(AbstractChannelHandlerContext.java:412)
2025-01-30 18:29:27,798 INFO c.h.h.t.HelmChartContainer - [hivemq-test-hivemq-platform] [hivemq-platform-operator] [e38f30ee] 	at io.netty.channel.DefaultChannelPipeline$HeadContext.channelRead(DefaultChannelPipeline.java:1407)
2025-01-30 18:29:27,798 INFO c.h.h.t.HelmChartContainer - [hivemq-test-hivemq-platform] [hivemq-platform-operator] [e38f30ee] 	at io.netty.channel.AbstractChannelHandlerContext.invokeChannelRead(AbstractChannelHandlerContext.java:440)
2025-01-30 18:29:27,798 INFO c.h.h.t.HelmChartContainer - [hivemq-test-hivemq-platform] [hivemq-platform-operator] [e38f30ee] 	at io.netty.channel.AbstractChannelHandlerContext.invokeChannelRead(AbstractChannelHandlerContext.java:420)
2025-01-30 18:29:27,798 INFO c.h.h.t.HelmChartContainer - [hivemq-test-hivemq-platform] [hivemq-platform-operator] [e38f30ee] 	at io.netty.channel.DefaultChannelPipeline.fireChannelRead(DefaultChannelPipeline.java:918)
2025-01-30 18:29:27,798 INFO c.h.h.t.HelmChartContainer - [hivemq-test-hivemq-platform] [hivemq-platform-operator] [e38f30ee] 	at io.netty.channel.nio.AbstractNioByteChannel$NioByteUnsafe.read(AbstractNioByteChannel.java:166)
2025-01-30 18:29:27,798 INFO c.h.h.t.HelmChartContainer - [hivemq-test-hivemq-platform] [hivemq-platform-operator] [e38f30ee] 	at io.netty.channel.nio.NioEventLoop.processSelectedKey(NioEventLoop.java:788)
2025-01-30 18:29:27,798 INFO c.h.h.t.HelmChartContainer - [hivemq-test-hivemq-platform] [hivemq-platform-operator] [e38f30ee] 	at io.netty.channel.nio.NioEventLoop.processSelectedKeysOptimized(NioEventLoop.java:724)
2025-01-30 18:29:27,798 INFO c.h.h.t.HelmChartContainer - [hivemq-test-hivemq-platform] [hivemq-platform-operator] [e38f30ee] 	at io.netty.channel.nio.NioEventLoop.processSelectedKeys(NioEventLoop.java:650)
2025-01-30 18:29:27,798 INFO c.h.h.t.HelmChartContainer - [hivemq-test-hivemq-platform] [hivemq-platform-operator] [e38f30ee] 	at io.netty.channel.nio.NioEventLoop.run(NioEventLoop.java:562)
2025-01-30 18:29:27,798 INFO c.h.h.t.HelmChartContainer - [hivemq-test-hivemq-platform] [hivemq-platform-operator] [e38f30ee] 	at io.netty.util.concurrent.SingleThreadEventExecutor$4.run(SingleThreadEventExecutor.java:997)
2025-01-30 18:29:27,798 INFO c.h.h.t.HelmChartContainer - [hivemq-test-hivemq-platform] [hivemq-platform-operator] [e38f30ee] 	at io.netty.util.internal.ThreadExecutorMap$2.run(ThreadExecutorMap.java:74)
2025-01-30 18:29:27,798 INFO c.h.h.t.HelmChartContainer - [hivemq-test-hivemq-platform] [hivemq-platform-operator] [e38f30ee] 	at io.netty.util.concurrent.FastThreadLocalRunnable.run(FastThreadLocalRunnable.java:30)
2025-01-30 18:29:27,798 INFO c.h.h.t.HelmChartContainer - [hivemq-test-hivemq-platform] [hivemq-platform-operator] [e38f30ee] 	... 1 more
2025-01-30 18:29:27,798 INFO c.h.h.t.HelmChartContainer - [hivemq-test-hivemq-platform] [hivemq-platform-operator] [e38f30ee] 
2025-01-30 18:29:27,798 INFO c.h.h.t.HelmChartContainer - [hivemq-test-hivemq-platform] [hivemq-platform-operator] [e38f30ee] 	at io.javaoperatorsdk.operator.monitoring.micrometer.MicrometerMetrics.lambda$timeControllerExecution$0(MicrometerMetrics.java:165)
2025-01-30 18:29:27,798 INFO c.h.h.t.HelmChartContainer - [hivemq-test-hivemq-platform] [hivemq-platform-operator] [e38f30ee] 	at io.micrometer.core.instrument.AbstractTimer.record(AbstractTimer.java:190)
2025-01-30 18:29:27,798 INFO c.h.h.t.HelmChartContainer - [hivemq-test-hivemq-platform] [hivemq-platform-operator] [e38f30ee] 	at io.javaoperatorsdk.operator.monitoring.micrometer.MicrometerMetrics.timeControllerExecution(MicrometerMetrics.java:161)
2025-01-30 18:29:27,798 INFO c.h.h.t.HelmChartContainer - [hivemq-test-hivemq-platform] [hivemq-platform-operator] [e38f30ee] 	at io.javaoperatorsdk.operator.processing.Controller.reconcile(Controller.java:109)
2025-01-30 18:29:27,798 INFO c.h.h.t.HelmChartContainer - [hivemq-test-hivemq-platform] [hivemq-platform-operator] [e38f30ee] 	at io.javaoperatorsdk.operator.processing.event.ReconciliationDispatcher.reconcileExecution(ReconciliationDispatcher.java:136)
2025-01-30 18:29:27,798 INFO c.h.h.t.HelmChartContainer - [hivemq-test-hivemq-platform] [hivemq-platform-operator] [e38f30ee] 	at io.javaoperatorsdk.operator.processing.event.ReconciliationDispatcher.handleReconcile(ReconciliationDispatcher.java:117)
2025-01-30 18:29:27,798 INFO c.h.h.t.HelmChartContainer - [hivemq-test-hivemq-platform] [hivemq-platform-operator] [e38f30ee] 	at io.javaoperatorsdk.operator.processing.event.ReconciliationDispatcher.handleDispatch(ReconciliationDispatcher.java:91)
2025-01-30 18:29:27,798 INFO c.h.h.t.HelmChartContainer - [hivemq-test-hivemq-platform] [hivemq-platform-operator] [e38f30ee] 	at io.javaoperatorsdk.operator.processing.event.ReconciliationDispatcher.handleExecution(ReconciliationDispatcher.java:64)
2025-01-30 18:29:27,798 INFO c.h.h.t.HelmChartContainer - [hivemq-test-hivemq-platform] [hivemq-platform-operator] [e38f30ee] 	at io.javaoperatorsdk.operator.processing.event.EventProcessor$ReconcilerExecutor.run(EventProcessor.java:452)
2025-01-30 18:29:27,798 INFO c.h.h.t.HelmChartContainer - [hivemq-test-hivemq-platform] [hivemq-platform-operator] [e38f30ee] 	at java.base/java.util.concurrent.ThreadPoolExecutor.runWorker(Unknown Source)
2025-01-30 18:29:27,798 INFO c.h.h.t.HelmChartContainer - [hivemq-test-hivemq-platform] [hivemq-platform-operator] [e38f30ee] 	at java.base/java.util.concurrent.ThreadPoolExecutor$Worker.run(Unknown Source)
2025-01-30 18:29:27,798 INFO c.h.h.t.HelmChartContainer - [hivemq-test-hivemq-platform] [hivemq-platform-operator] [e38f30ee] 	at java.base/java.lang.Thread.run(Unknown Source)
2025-01-30 18:29:27,798 INFO c.h.h.t.HelmChartContainer - [hivemq-test-hivemq-platform] [hivemq-platform-operator] [e38f30ee] Caused by: io.javaoperatorsdk.operator.AggregatedOperatorException: Exception(s) during workflow execution. Details:
2025-01-30 18:29:27,798 INFO c.h.h.t.HelmChartContainer - [hivemq-test-hivemq-platform] [hivemq-platform-operator] [e38f30ee]  - com.hivemq.platform.operator.dependants.PodInfoConfigMap -> io.fabric8.kubernetes.client.KubernetesClientException: Failure executing: PUT at: https://10.43.0.1:443/api/v1/namespaces/helmbrokerlicensesit/configmaps/hivemq-platform-test-hivemq-platform-dynamic-state. Message: Operation cannot be fulfilled on configmaps "hivemq-platform-test-hivemq-platform-dynamic-state": StorageError: invalid object, Code: 4, Key: /registry/configmaps/helmbrokerlicensesit/hivemq-platform-test-hivemq-platform-dynamic-state, ResourceVersion: 0, AdditionalErrorMsg: Precondition failed: UID in precondition: 51095bac-5ff1-4bce-b1ac-863ad99e4279, UID in object meta: . Received status: Status(apiVersion=v1, code=409, details=StatusDetails(causes=[], group=null, kind=configmaps, name=hivemq-platform-test-hivemq-platform-dynamic-state, retryAfterSeconds=null, uid=null, additionalProperties={}), kind=Status, message=Operation cannot be fulfilled on configmaps "hivemq-platform-test-hivemq-platform-dynamic-state": StorageError: invalid object, Code: 4, Key: /registry/configmaps/helmbrokerlicensesit/hivemq-platform-test-hivemq-platform-dynamic-state, ResourceVersion: 0, AdditionalErrorMsg: Precondition failed: UID in precondition: 51095bac-5ff1-4bce-b1ac-863ad99e4279, UID in object meta: , metadata=ListMeta(_continue=null, remainingItemCount=null, resourceVersion=null, selfLink=null, additionalProperties={}), reason=Conflict, status=Failure, additionalProperties={}).
2025-01-30 18:29:27,798 INFO c.h.h.t.HelmChartContainer - [hivemq-test-hivemq-platform] [hivemq-platform-operator] [e38f30ee] 	at io.fabric8.kubernetes.client.KubernetesClientException.copyAsCause(KubernetesClientException.java:238)
2025-01-30 18:29:27,798 INFO c.h.h.t.HelmChartContainer - [hivemq-test-hivemq-platform] [hivemq-platform-operator] [e38f30ee] 	at io.fabric8.kubernetes.client.dsl.internal.OperationSupport.waitForResult(OperationSupport.java:507)
2025-01-30 18:29:27,798 INFO c.h.h.t.HelmChartContainer - [hivemq-test-hivemq-platform] [hivemq-platform-operator] [e38f30ee] 	at io.fabric8.kubernetes.client.dsl.internal.OperationSupport.handleResponse(OperationSupport.java:524)
2025-01-30 18:29:27,798 INFO c.h.h.t.HelmChartContainer - [hivemq-test-hivemq-platform] [hivemq-platform-operator] [e38f30ee] 	at io.fabric8.kubernetes.client.dsl.internal.OperationSupport.handleUpdate(OperationSupport.java:358)
2025-01-30 18:29:27,798 INFO c.h.h.t.HelmChartContainer - [hivemq-test-hivemq-platform] [hivemq-platform-operator] [e38f30ee] 	at io.fabric8.kubernetes.client.dsl.internal.BaseOperation.handleUpdate(BaseOperation.java:759)
2025-01-30 18:29:27,798 INFO c.h.h.t.HelmChartContainer - [hivemq-test-hivemq-platform] [hivemq-platform-operator] [e38f30ee] 	at io.fabric8.kubernetes.client.dsl.internal.HasMetadataOperation.update(HasMetadataOperation.java:138)
2025-01-30 18:29:27,798 INFO c.h.h.t.HelmChartContainer - [hivemq-test-hivemq-platform] [hivemq-platform-operator] [e38f30ee] 	at io.fabric8.kubernetes.client.dsl.internal.HasMetadataOperation.update(HasMetadataOperation.java:121)
2025-01-30 18:29:27,798 INFO c.h.h.t.HelmChartContainer - [hivemq-test-hivemq-platform] [hivemq-platform-operator] [e38f30ee] 	at io.fabric8.kubernetes.client.dsl.internal.HasMetadataOperation.update(HasMetadataOperation.java:44)
2025-01-30 18:29:27,798 INFO c.h.h.t.HelmChartContainer - [hivemq-test-hivemq-platform] [hivemq-platform-operator] [e38f30ee] 	at io.fabric8.kubernetes.client.extension.ResourceAdapter.update(ResourceAdapter.java:345)
2025-01-30 18:29:27,798 INFO c.h.h.t.HelmChartContainer - [hivemq-test-hivemq-platform] [hivemq-platform-operator] [e38f30ee] 	at io.javaoperatorsdk.operator.processing.dependent.kubernetes.KubernetesDependentResource.update(KubernetesDependentResource.java:140)
2025-01-30 18:29:27,798 INFO c.h.h.t.HelmChartContainer - [hivemq-test-hivemq-platform] [hivemq-platform-operator] [e38f30ee] 	at com.hivemq.platform.operator.dependants.PodInfoConfigMap.update(PodInfoConfigMap.java:167)
2025-01-30 18:29:27,798 INFO c.h.h.t.HelmChartContainer - [hivemq-test-hivemq-platform] [hivemq-platform-operator] [e38f30ee] 	at com.hivemq.platform.operator.dependants.PodInfoConfigMap.update(PodInfoConfigMap.java:39)
2025-01-30 18:29:27,798 INFO c.h.h.t.HelmChartContainer - [hivemq-test-hivemq-platform] [hivemq-platform-operator] [e38f30ee] 	at io.javaoperatorsdk.operator.processing.dependent.AbstractDependentResource.handleUpdate(AbstractDependentResource.java:148)
2025-01-30 18:29:27,798 INFO c.h.h.t.HelmChartContainer - [hivemq-test-hivemq-platform] [hivemq-platform-operator] [e38f30ee] 	at io.javaoperatorsdk.operator.processing.dependent.AbstractDependentResource.reconcile(AbstractDependentResource.java:72)
2025-01-30 18:29:27,798 INFO c.h.h.t.HelmChartContainer - [hivemq-test-hivemq-platform] [hivemq-platform-operator] [e38f30ee] 	at io.javaoperatorsdk.operator.processing.dependent.SingleDependentResourceReconciler.reconcile(SingleDependentResourceReconciler.java:19)
2025-01-30 18:29:27,798 INFO c.h.h.t.HelmChartContainer - [hivemq-test-hivemq-platform] [hivemq-platform-operator] [e38f30ee] 	at io.javaoperatorsdk.operator.processing.dependent.AbstractDependentResource.reconcile(AbstractDependentResource.java:52)
2025-01-30 18:29:27,800 INFO c.h.h.t.HelmChartContainer - [hivemq-test-hivemq-platform] [hivemq-platform-operator] [e38f30ee] 	at com.hivemq.platform.operator.dependants.PodInfoConfigMap.reconcile(PodInfoConfigMap.java:74)
2025-01-30 18:29:27,800 INFO c.h.h.t.HelmChartContainer - [hivemq-test-hivemq-platform] [hivemq-platform-operator] [e38f30ee] 	at com.hivemq.platform.operator.dependants.PodInfoConfigMap.reconcile(PodInfoConfigMap.java:39)
2025-01-30 18:29:27,800 INFO c.h.h.t.HelmChartContainer - [hivemq-test-hivemq-platform] [hivemq-platform-operator] [e38f30ee] 	at io.javaoperatorsdk.operator.processing.dependent.workflow.WorkflowReconcileExecutor$NodeReconcileExecutor.doRun(WorkflowReconcileExecutor.java:123)
2025-01-30 18:29:27,800 INFO c.h.h.t.HelmChartContainer - [hivemq-test-hivemq-platform] [hivemq-platform-operator] [e38f30ee] 	at io.javaoperatorsdk.operator.processing.dependent.workflow.NodeExecutor.run(NodeExecutor.java:22)
2025-01-30 18:29:27,800 INFO c.h.h.t.HelmChartContainer - [hivemq-test-hivemq-platform] [hivemq-platform-operator] [e38f30ee] 	at java.base/java.util.concurrent.Executors$RunnableAdapter.call(Unknown Source)
2025-01-30 18:29:27,800 INFO c.h.h.t.HelmChartContainer - [hivemq-test-hivemq-platform] [hivemq-platform-operator] [e38f30ee] 	at java.base/java.util.concurrent.FutureTask.run(Unknown Source)
2025-01-30 18:29:27,800 INFO c.h.h.t.HelmChartContainer - [hivemq-test-hivemq-platform] [hivemq-platform-operator] [e38f30ee] 	at java.base/java.util.concurrent.ThreadPoolExecutor.runWorker(Unknown Source)
2025-01-30 18:29:27,800 INFO c.h.h.t.HelmChartContainer - [hivemq-test-hivemq-platform] [hivemq-platform-operator] [e38f30ee] 	at java.base/java.util.concurrent.ThreadPoolExecutor$Worker.run(Unknown Source)
2025-01-30 18:29:27,800 INFO c.h.h.t.HelmChartContainer - [hivemq-test-hivemq-platform] [hivemq-platform-operator] [e38f30ee] 	at java.base/java.lang.Thread.run(Unknown Source)
2025-01-30 18:29:27,800 INFO c.h.h.t.HelmChartContainer - [hivemq-test-hivemq-platform] [hivemq-platform-operator] [e38f30ee] Caused by: io.fabric8.kubernetes.client.KubernetesClientException: Failure executing: PUT at: https://10.43.0.1:443/api/v1/namespaces/helmbrokerlicensesit/configmaps/hivemq-platform-test-hivemq-platform-dynamic-state. Message: Operation cannot be fulfilled on configmaps "hivemq-platform-test-hivemq-platform-dynamic-state": StorageError: invalid object, Code: 4, Key: /registry/configmaps/helmbrokerlicensesit/hivemq-platform-test-hivemq-platform-dynamic-state, ResourceVersion: 0, AdditionalErrorMsg: Precondition failed: UID in precondition: 51095bac-5ff1-4bce-b1ac-863ad99e4279, UID in object meta: . Received status: Status(apiVersion=v1, code=409, details=StatusDetails(causes=[], group=null, kind=configmaps, name=hivemq-platform-test-hivemq-platform-dynamic-state, retryAfterSeconds=null, uid=null, additionalProperties={}), kind=Status, message=Operation cannot be fulfilled on configmaps "hivemq-platform-test-hivemq-platform-dynamic-state": StorageError: invalid object, Code: 4, Key: /registry/configmaps/helmbrokerlicensesit/hivemq-platform-test-hivemq-platform-dynamic-state, ResourceVersion: 0, AdditionalErrorMsg: Precondition failed: UID in precondition: 51095bac-5ff1-4bce-b1ac-863ad99e4279, UID in object meta: , metadata=ListMeta(_continue=null, remainingItemCount=null, resourceVersion=null, selfLink=null, additionalProperties={}), reason=Conflict, status=Failure, additionalProperties={}).
2025-01-30 18:29:27,800 INFO c.h.h.t.HelmChartContainer - [hivemq-test-hivemq-platform] [hivemq-platform-operator] [e38f30ee] 	at io.fabric8.kubernetes.client.dsl.internal.OperationSupport.requestFailure(OperationSupport.java:660)
2025-01-30 18:29:27,800 INFO c.h.h.t.HelmChartContainer - [hivemq-test-hivemq-platform] [hivemq-platform-operator] [e38f30ee] 	at io.fabric8.kubernetes.client.dsl.internal.OperationSupport.requestFailure(OperationSupport.java:640)
2025-01-30 18:29:27,800 INFO c.h.h.t.HelmChartContainer - [hivemq-test-hivemq-platform] [hivemq-platform-operator] [e38f30ee] 	at io.fabric8.kubernetes.client.dsl.internal.OperationSupport.assertResponseCode(OperationSupport.java:589)
2025-01-30 18:29:27,800 INFO c.h.h.t.HelmChartContainer - [hivemq-test-hivemq-platform] [hivemq-platform-operator] [e38f30ee] 	at io.fabric8.kubernetes.client.dsl.internal.OperationSupport.lambda$handleResponse$0(OperationSupport.java:549)
2025-01-30 18:29:27,800 INFO c.h.h.t.HelmChartContainer - [hivemq-test-hivemq-platform] [hivemq-platform-operator] [e38f30ee] 	at java.base/java.util.concurrent.CompletableFuture$UniApply.tryFire(Unknown Source)
2025-01-30 18:29:27,800 INFO c.h.h.t.HelmChartContainer - [hivemq-test-hivemq-platform] [hivemq-platform-operator] [e38f30ee] 	at java.base/java.util.concurrent.CompletableFuture.postComplete(Unknown Source)
2025-01-30 18:29:27,800 INFO c.h.h.t.HelmChartContainer - [hivemq-test-hivemq-platform] [hivemq-platform-operator] [e38f30ee] 	at java.base/java.util.concurrent.CompletableFuture.complete(Unknown Source)
2025-01-30 18:29:27,800 INFO c.h.h.t.HelmChartContainer - [hivemq-test-hivemq-platform] [hivemq-platform-operator] [e38f30ee] 	at io.fabric8.kubernetes.client.http.StandardHttpClient.lambda$completeOrCancel$10(StandardHttpClient.java:141)
2025-01-30 18:29:27,800 INFO c.h.h.t.HelmChartContainer - [hivemq-test-hivemq-platform] [hivemq-platform-operator] [e38f30ee] 	at java.base/java.util.concurrent.CompletableFuture.uniWhenComplete(Unknown Source)
2025-01-30 18:29:27,800 INFO c.h.h.t.HelmChartContainer - [hivemq-test-hivemq-platform] [hivemq-platform-operator] [e38f30ee] 	at java.base/java.util.concurrent.CompletableFuture$UniWhenComplete.tryFire(Unknown Source)
2025-01-30 18:29:27,800 INFO c.h.h.t.HelmChartContainer - [hivemq-test-hivemq-platform] [hivemq-platform-operator] [e38f30ee] 	at java.base/java.util.concurrent.CompletableFuture.postComplete(Unknown Source)
2025-01-30 18:29:27,800 INFO c.h.h.t.HelmChartContainer - [hivemq-test-hivemq-platform] [hivemq-platform-operator] [e38f30ee] 	at java.base/java.util.concurrent.CompletableFuture.complete(Unknown Source)
2025-01-30 18:29:27,800 INFO c.h.h.t.HelmChartContainer - [hivemq-test-hivemq-platform] [hivemq-platform-operator] [e38f30ee] 	at io.fabric8.kubernetes.client.http.ByteArrayBodyHandler.onBodyDone(ByteArrayBodyHandler.java:51)
2025-01-30 18:29:27,800 INFO c.h.h.t.HelmChartContainer - [hivemq-test-hivemq-platform] [hivemq-platform-operator] [e38f30ee] 	at java.base/java.util.concurrent.CompletableFuture.uniWhenComplete(Unknown Source)
2025-01-30 18:29:27,800 INFO c.h.h.t.HelmChartContainer - [hivemq-test-hivemq-platform] [hivemq-platform-operator] [e38f30ee] 	at java.base/java.util.concurrent.CompletableFuture$UniWhenComplete.tryFire(Unknown Source)
2025-01-30 18:29:27,800 INFO c.h.h.t.HelmChartContainer - [hivemq-test-hivemq-platform] [hivemq-platform-operator] [e38f30ee] 	at java.base/java.util.concurrent.CompletableFuture.postComplete(Unknown Source)
2025-01-30 18:29:27,800 INFO c.h.h.t.HelmChartContainer - [hivemq-test-hivemq-platform] [hivemq-platform-operator] [e38f30ee] 	at java.base/java.util.concurrent.CompletableFuture.complete(Unknown Source)
2025-01-30 18:29:27,800 INFO c.h.h.t.HelmChartContainer - [hivemq-test-hivemq-platform] [hivemq-platform-operator] [e38f30ee] 	at io.fabric8.kubernetes.client.vertx.VertxHttpRequest.lambda$null$1(VertxHttpRequest.java:121)
2025-01-30 18:29:27,800 INFO c.h.h.t.HelmChartContainer - [hivemq-test-hivemq-platform] [hivemq-platform-operator] [e38f30ee] 	at io.vertx.core.impl.ContextInternal.dispatch(ContextInternal.java:279)
2025-01-30 18:29:27,800 INFO c.h.h.t.HelmChartContainer - [hivemq-test-hivemq-platform] [hivemq-platform-operator] [e38f30ee] 	at io.vertx.core.impl.ContextInternal.dispatch(ContextInternal.java:261)
2025-01-30 18:29:27,800 INFO c.h.h.t.HelmChartContainer - [hivemq-test-hivemq-platform] [hivemq-platform-operator] [e38f30ee] 	at io.vertx.core.http.impl.HttpEventHandler.handleEnd(HttpEventHandler.java:76)
2025-01-30 18:29:27,800 INFO c.h.h.t.HelmChartContainer - [hivemq-test-hivemq-platform] [hivemq-platform-operator] [e38f30ee] 	at io.vertx.core.http.impl.HttpClientResponseImpl.handleEnd(HttpClientResponseImpl.java:250)
2025-01-30 18:29:27,800 INFO c.h.h.t.HelmChartContainer - [hivemq-test-hivemq-platform] [hivemq-platform-operator] [e38f30ee] 	at io.vertx.core.http.impl.Http1xClientConnection$StreamImpl.lambda$new$0(Http1xClientConnection.java:421)
2025-01-30 18:29:27,800 INFO c.h.h.t.HelmChartContainer - [hivemq-test-hivemq-platform] [hivemq-platform-operator] [e38f30ee] 	at io.vertx.core.streams.impl.InboundBuffer.handleEvent(InboundBuffer.java:279)
2025-01-30 18:29:27,800 INFO c.h.h.t.HelmChartContainer - [hivemq-test-hivemq-platform] [hivemq-platform-operator] [e38f30ee] 	at io.vertx.core.streams.impl.InboundBuffer.write(InboundBuffer.java:157)
2025-01-30 18:29:27,800 INFO c.h.h.t.HelmChartContainer - [hivemq-test-hivemq-platform] [hivemq-platform-operator] [e38f30ee] 	at io.vertx.core.http.impl.Http1xClientConnection$StreamImpl.handleEnd(Http1xClientConnection.java:709)
2025-01-30 18:29:27,800 INFO c.h.h.t.HelmChartContainer - [hivemq-test-hivemq-platform] [hivemq-platform-operator] [e38f30ee] 	at io.vertx.core.impl.ContextImpl.execute(ContextImpl.java:313)
2025-01-30 18:29:27,800 INFO c.h.h.t.HelmChartContainer - [hivemq-test-hivemq-platform] [hivemq-platform-operator] [e38f30ee] 	at io.vertx.core.impl.ContextImpl.execute(ContextImpl.java:293)
2025-01-30 18:29:27,800 INFO c.h.h.t.HelmChartContainer - [hivemq-test-hivemq-platform] [hivemq-platform-operator] [e38f30ee] 	at io.vertx.core.http.impl.Http1xClientConnection.handleResponseEnd(Http1xClientConnection.java:940)
2025-01-30 18:29:27,800 INFO c.h.h.t.HelmChartContainer - [hivemq-test-hivemq-platform] [hivemq-platform-operator] [e38f30ee] 	at io.vertx.core.http.impl.Http1xClientConnection.handleHttpMessage(Http1xClientConnection.java:810)
2025-01-30 18:29:27,800 INFO c.h.h.t.HelmChartContainer - [hivemq-test-hivemq-platform] [hivemq-platform-operator] [e38f30ee] 	at io.vertx.core.http.impl.Http1xClientConnection.handleMessage(Http1xClientConnection.java:774)
2025-01-30 18:29:27,800 INFO c.h.h.t.HelmChartContainer - [hivemq-test-hivemq-platform] [hivemq-platform-operator] [e38f30ee] 	at io.vertx.core.net.impl.ConnectionBase.read(ConnectionBase.java:159)
2025-01-30 18:29:27,800 INFO c.h.h.t.HelmChartContainer - [hivemq-test-hivemq-platform] [hivemq-platform-operator] [e38f30ee] 	at io.vertx.core.net.impl.VertxHandler.channelRead(VertxHandler.java:153)
2025-01-30 18:29:27,800 INFO c.h.h.t.HelmChartContainer - [hivemq-test-hivemq-platform] [hivemq-platform-operator] [e38f30ee] 	at io.netty.channel.AbstractChannelHandlerContext.invokeChannelRead(AbstractChannelHandlerContext.java:442)
2025-01-30 18:29:27,800 INFO c.h.h.t.HelmChartContainer - [hivemq-test-hivemq-platform] [hivemq-platform-operator] [e38f30ee] 	at io.netty.channel.AbstractChannelHandlerContext.invokeChannelRead(AbstractChannelHandlerContext.java:420)
2025-01-30 18:29:27,800 INFO c.h.h.t.HelmChartContainer - [hivemq-test-hivemq-platform] [hivemq-platform-operator] [e38f30ee] 	at io.netty.channel.AbstractChannelHandlerContext.fireChannelRead(AbstractChannelHandlerContext.java:412)
2025-01-30 18:29:27,800 INFO c.h.h.t.HelmChartContainer - [hivemq-test-hivemq-platform] [hivemq-platform-operator] [e38f30ee] 	at io.netty.channel.CombinedChannelDuplexHandler$DelegatingChannelHandlerContext.fireChannelRead(CombinedChannelDuplexHandler.java:436)
2025-01-30 18:29:27,800 INFO c.h.h.t.HelmChartContainer - [hivemq-test-hivemq-platform] [hivemq-platform-operator] [e38f30ee] 	at io.netty.handler.codec.ByteToMessageDecoder.fireChannelRead(ByteToMessageDecoder.java:346)
2025-01-30 18:29:27,800 INFO c.h.h.t.HelmChartContainer - [hivemq-test-hivemq-platform] [hivemq-platform-operator] [e38f30ee] 	at io.netty.handler.codec.ByteToMessageDecoder.channelRead(ByteToMessageDecoder.java:318)
2025-01-30 18:29:27,800 INFO c.h.h.t.HelmChartContainer - [hivemq-test-hivemq-platform] [hivemq-platform-operator] [e38f30ee] 	at io.netty.channel.CombinedChannelDuplexHandler.channelRead(CombinedChannelDuplexHandler.java:251)
2025-01-30 18:29:27,800 INFO c.h.h.t.HelmChartContainer - [hivemq-test-hivemq-platform] [hivemq-platform-operator] [e38f30ee] 	at io.netty.channel.AbstractChannelHandlerContext.invokeChannelRead(AbstractChannelHandlerContext.java:442)
2025-01-30 18:29:27,800 INFO c.h.h.t.HelmChartContainer - [hivemq-test-hivemq-platform] [hivemq-platform-operator] [e38f30ee] 	at io.netty.channel.AbstractChannelHandlerContext.invokeChannelRead(AbstractChannelHandlerContext.java:420)
2025-01-30 18:29:27,800 INFO c.h.h.t.HelmChartContainer - [hivemq-test-hivemq-platform] [hivemq-platform-operator] [e38f30ee] 	at io.netty.channel.AbstractChannelHandlerContext.fireChannelRead(AbstractChannelHandlerContext.java:412)
2025-01-30 18:29:27,800 INFO c.h.h.t.HelmChartContainer - [hivemq-test-hivemq-platform] [hivemq-platform-operator] [e38f30ee] 	at io.netty.handler.ssl.SslHandler.unwrap(SslHandler.java:1475)
2025-01-30 18:29:27,800 INFO c.h.h.t.HelmChartContainer - [hivemq-test-hivemq-platform] [hivemq-platform-operator] [e38f30ee] 	at io.netty.handler.ssl.SslHandler.decodeJdkCompatible(SslHandler.java:1338)
2025-01-30 18:29:27,800 INFO c.h.h.t.HelmChartContainer - [hivemq-test-hivemq-platform] [hivemq-platform-operator] [e38f30ee] 	at io.netty.handler.ssl.SslHandler.decode(SslHandler.java:1387)
2025-01-30 18:29:27,800 INFO c.h.h.t.HelmChartContainer - [hivemq-test-hivemq-platform] [hivemq-platform-operator] [e38f30ee] 	at io.netty.handler.codec.ByteToMessageDecoder.decodeRemovalReentryProtection(ByteToMessageDecoder.java:530)
2025-01-30 18:29:27,801 INFO c.h.h.t.HelmChartContainer - [hivemq-test-hivemq-platform] [hivemq-platform-operator] [e38f30ee] 	at io.netty.handler.codec.ByteToMessageDecoder.callDecode(ByteToMessageDecoder.java:469)
2025-01-30 18:29:27,801 INFO c.h.h.t.HelmChartContainer - [hivemq-test-hivemq-platform] [hivemq-platform-operator] [e38f30ee] 	at io.netty.handler.codec.ByteToMessageDecoder.channelRead(ByteToMessageDecoder.java:290)
2025-01-30 18:29:27,801 INFO c.h.h.t.HelmChartContainer - [hivemq-test-hivemq-platform] [hivemq-platform-operator] [e38f30ee] 	at io.netty.channel.AbstractChannelHandlerContext.invokeChannelRead(AbstractChannelHandlerContext.java:444)
2025-01-30 18:29:27,801 INFO c.h.h.t.HelmChartContainer - [hivemq-test-hivemq-platform] [hivemq-platform-operator] [e38f30ee] 	at io.netty.channel.AbstractChannelHandlerContext.invokeChannelRead(AbstractChannelHandlerContext.java:420)
2025-01-30 18:29:27,801 INFO c.h.h.t.HelmChartContainer - [hivemq-test-hivemq-platform] [hivemq-platform-operator] [e38f30ee] 	at io.netty.channel.AbstractChannelHandlerContext.fireChannelRead(AbstractChannelHandlerContext.java:412)
2025-01-30 18:29:27,801 INFO c.h.h.t.HelmChartContainer - [hivemq-test-hivemq-platform] [hivemq-platform-operator] [e38f30ee] 	at io.netty.channel.DefaultChannelPipeline$HeadContext.channelRead(DefaultChannelPipeline.java:1407)
2025-01-30 18:29:27,801 INFO c.h.h.t.HelmChartContainer - [hivemq-test-hivemq-platform] [hivemq-platform-operator] [e38f30ee] 	at io.netty.channel.AbstractChannelHandlerContext.invokeChannelRead(AbstractChannelHandlerContext.java:440)
2025-01-30 18:29:27,801 INFO c.h.h.t.HelmChartContainer - [hivemq-test-hivemq-platform] [hivemq-platform-operator] [e38f30ee] 	at io.netty.channel.AbstractChannelHandlerContext.invokeChannelRead(AbstractChannelHandlerContext.java:420)
2025-01-30 18:29:27,801 INFO c.h.h.t.HelmChartContainer - [hivemq-test-hivemq-platform] [hivemq-platform-operator] [e38f30ee] 	at io.netty.channel.DefaultChannelPipeline.fireChannelRead(DefaultChannelPipeline.java:918)
2025-01-30 18:29:27,801 INFO c.h.h.t.HelmChartContainer - [hivemq-test-hivemq-platform] [hivemq-platform-operator] [e38f30ee] 	at io.netty.channel.nio.AbstractNioByteChannel$NioByteUnsafe.read(AbstractNioByteChannel.java:166)
2025-01-30 18:29:27,801 INFO c.h.h.t.HelmChartContainer - [hivemq-test-hivemq-platform] [hivemq-platform-operator] [e38f30ee] 	at io.netty.channel.nio.NioEventLoop.processSelectedKey(NioEventLoop.java:788)
2025-01-30 18:29:27,801 INFO c.h.h.t.HelmChartContainer - [hivemq-test-hivemq-platform] [hivemq-platform-operator] [e38f30ee] 	at io.netty.channel.nio.NioEventLoop.processSelectedKeysOptimized(NioEventLoop.java:724)
2025-01-30 18:29:27,801 INFO c.h.h.t.HelmChartContainer - [hivemq-test-hivemq-platform] [hivemq-platform-operator] [e38f30ee] 	at io.netty.channel.nio.NioEventLoop.processSelectedKeys(NioEventLoop.java:650)
2025-01-30 18:29:27,801 INFO c.h.h.t.HelmChartContainer - [hivemq-test-hivemq-platform] [hivemq-platform-operator] [e38f30ee] 	at io.netty.channel.nio.NioEventLoop.run(NioEventLoop.java:562)
2025-01-30 18:29:27,801 INFO c.h.h.t.HelmChartContainer - [hivemq-test-hivemq-platform] [hivemq-platform-operator] [e38f30ee] 	at io.netty.util.concurrent.SingleThreadEventExecutor$4.run(SingleThreadEventExecutor.java:997)
2025-01-30 18:29:27,801 INFO c.h.h.t.HelmChartContainer - [hivemq-test-hivemq-platform] [hivemq-platform-operator] [e38f30ee] 	at io.netty.util.internal.ThreadExecutorMap$2.run(ThreadExecutorMap.java:74)
2025-01-30 18:29:27,801 INFO c.h.h.t.HelmChartContainer - [hivemq-test-hivemq-platform] [hivemq-platform-operator] [e38f30ee] 	at io.netty.util.concurrent.FastThreadLocalRunnable.run(FastThreadLocalRunnable.java:30)
2025-01-30 18:29:27,801 INFO c.h.h.t.HelmChartContainer - [hivemq-test-hivemq-platform] [hivemq-platform-operator] [e38f30ee] 	... 1 more
2025-01-30 18:29:27,801 INFO c.h.h.t.HelmChartContainer - [hivemq-test-hivemq-platform] [hivemq-platform-operator] [e38f30ee] 
2025-01-30 18:29:27,801 INFO c.h.h.t.HelmChartContainer - [hivemq-test-hivemq-platform] [hivemq-platform-operator] [e38f30ee] 	at io.javaoperatorsdk.operator.processing.dependent.workflow.WorkflowResult.throwAggregateExceptionIfErrorsPresent(WorkflowResult.java:54)
2025-01-30 18:29:27,801 INFO c.h.h.t.HelmChartContainer - [hivemq-test-hivemq-platform] [hivemq-platform-operator] [e38f30ee] 	at io.javaoperatorsdk.operator.processing.dependent.workflow.WorkflowReconcileResult.throwAggregateExceptionIfErrorsPresent(WorkflowReconcileResult.java:9)
2025-01-30 18:29:27,801 INFO c.h.h.t.HelmChartContainer - [hivemq-test-hivemq-platform] [hivemq-platform-operator] [e38f30ee] 	at io.javaoperatorsdk.operator.processing.dependent.workflow.DefaultWorkflow.reconcile(DefaultWorkflow.java:98)
2025-01-30 18:29:27,801 INFO c.h.h.t.HelmChartContainer - [hivemq-test-hivemq-platform] [hivemq-platform-operator] [e38f30ee] 	at io.javaoperatorsdk.operator.processing.Controller$1.execute(Controller.java:147)
2025-01-30 18:29:27,801 INFO c.h.h.t.HelmChartContainer - [hivemq-test-hivemq-platform] [hivemq-platform-operator] [e38f30ee] 	at io.javaoperatorsdk.operator.processing.Controller$1.execute(Controller.java:110)
2025-01-30 18:29:27,802 INFO c.h.h.t.HelmChartContainer - [hivemq-test-hivemq-platform] [hivemq-platform-operator] [e38f30ee] 	at io.javaoperatorsdk.operator.monitoring.micrometer.MicrometerMetrics.lambda$timeControllerExecution$0(MicrometerMetrics.java:163)
2025-01-30 18:29:27,802 INFO c.h.h.t.HelmChartContainer - [hivemq-test-hivemq-platform] [hivemq-platform-operator] [e38f30ee] 	... 11 common frames omitted
2025-01-30 18:29:27,802 INFO c.h.h.t.HelmChartContainer - [hivemq-test-hivemq-platform] [hivemq-platform-operator] [e38f30ee] 18:29:27.791 [ReconcilerExecutor-hivemq-controller-118] INFO  c.h.p.o.HiveMQPlatformReconciler - [helmbrok] Cleanup test-hivemq-platform - helmbrokerlicensesit HiveMQ Platform is shut down
2025-01-30 18:29:27,828 INFO c.h.h.t.HelmChartContainer - [POD] test-hivemq-platform-0 [1ecc2684-5d0d-4eef-8aef-a6eaa8ab75a6] in helmbrokerlicensesit was MODIFIED
2025-01-30 18:29:27,837 INFO c.h.h.t.HelmChartContainer - [EVENT] Normal [Killing] Stopping container hivemq [helmbrokerlicensesit:test-hivemq-platform-0]
2025-01-30 18:29:27,837 INFO c.h.h.t.HelmChartContainer - Received Killing event for container hivemq in pod test-hivemq-platform-0 [1ecc2684-5d0d-4eef-8aef-a6eaa8ab75a6]
2025-01-30 18:29:27,837 INFO c.h.h.t.HelmChartContainer - Container [test-hivemq-platform-0] [hivemq] [1ecc2684-5d0d-4eef-8aef-a6eaa8ab75a6] was terminated
2025-01-30 18:29:27,838 INFO c.h.h.t.HelmChartContainer - Stopped log watcher for hivemq in pod test-hivemq-platform-0 [1ecc2684-5d0d-4eef-8aef-a6eaa8ab75a6]
2025-01-30 18:29:27,858 INFO c.h.h.t.HelmChartContainer - [test-hivemq-platform] [hivemq] [1ecc2684] INFO  - [HiveMQ Platform Operator Init App 1.7.0-SNAPSHOT] Shutting down
2025-01-30 18:29:27,858 INFO c.h.h.t.HelmChartContainer - [test-hivemq-platform] [hivemq] [1ecc2684] INFO  - [HiveMQ Platform Operator Init App 1.7.0-SNAPSHOT] Stopping the HiveMQ Platform
2025-01-30 18:29:27,964 INFO c.h.h.t.HelmChartContainer - [test-hivemq-platform] [hivemq] [1ecc2684] INFO  - Shutting down HiveMQ. Please wait, this could take a while...
2025-01-30 18:29:28,018 INFO c.h.h.t.HelmChartContainer - [test-hivemq-platform] [hivemq] [1ecc2684] INFO  - Shutting down listeners and clients
2025-01-30 18:29:28,019 INFO c.h.h.t.HelmChartContainer - [test-hivemq-platform] [hivemq] [1ecc2684] INFO  - Shutdown of listeners is done
2025-01-30 18:29:28,019 INFO c.h.h.t.HelmChartContainer - [test-hivemq-platform] [hivemq] [1ecc2684] INFO  - No clients are connected, proceeding with shutdown
2025-01-30 18:29:28,128 INFO c.h.h.t.HelmChartContainer - [test-hivemq-platform] [hivemq] [1ecc2684] INFO  - [HiveMQ Platform Operator Init App 1.7.0-SNAPSHOT] Returning shutdown Health API response 503 for readiness
2025-01-30 18:29:28,131 INFO c.h.h.t.HelmChartContainer - [EVENT] Warning [Unhealthy] Readiness probe failed: HTTP probe failed with statuscode: 503 [helmbrokerlicensesit:test-hivemq-platform-0]
2025-01-30 18:29:28,132 INFO c.h.h.t.HelmChartContainer - Received Unhealthy event for container hivemq in pod test-hivemq-platform-0 [1ecc2684-5d0d-4eef-8aef-a6eaa8ab75a6]
2025-01-30 18:29:28,439 INFO c.h.h.t.HelmChartContainer - [K3S] [authentication.go:74] "Unable to authenticate the request" err="[invalid bearer token, serviceaccounts \"hivemq-platform-pod-test-hivemq-platform\" not found]"
2025-01-30 18:29:28,450 INFO c.h.h.t.HelmChartContainer - [K3S] [authentication.go:74] "Unable to authenticate the request" err="[invalid bearer token, serviceaccounts \"hivemq-platform-pod-test-hivemq-platform\" not found]"
2025-01-30 18:29:28,461 INFO c.h.h.t.HelmChartContainer - [test-hivemq-platform] [hivemq] [1ecc2684] WARN  - [HiveMQ Platform Operator Init App 1.7.0-SNAPSHOT] Could not update Pod annotations: Failure executing: GET at: https://10.43.0.1:443/api/v1/namespaces/helmbrokerlicensesit/pods/test-hivemq-platform-0. Message: Unauthorized. Received status: Status(apiVersion=v1, code=401, details=null, kind=Status, message=Unauthorized, metadata=ListMeta(_continue=null, remainingItemCount=null, resourceVersion=null, selfLink=null, additionalProperties={}), reason=Unauthorized, status=Failure, additionalProperties={}).
2025-01-30 18:29:29,669 INFO c.h.h.t.HelmChartContainer - Deleting namespace 'helmbrokerlicensesit'...
2025-01-30 18:29:30,568 INFO c.h.h.t.HelmChartContainer - [test-hivemq-platform] [hivemq] [1ecc2684] INFO  - Shutting down extension system
2025-01-30 18:29:30,572 INFO c.h.h.t.HelmChartContainer - [test-hivemq-platform] [hivemq] [1ecc2684] INFO  - Stopping extension with id hivemq-dns-cluster-discovery
2025-01-30 18:29:30,572 INFO c.h.h.t.HelmChartContainer - [test-hivemq-platform] [hivemq] [1ecc2684] INFO  - Extension "DNS Cluster Discovery Extension" version 4.3.2 stopped successfully.
2025-01-30 18:29:30,572 INFO c.h.h.t.HelmChartContainer - [test-hivemq-platform] [hivemq] [1ecc2684] INFO  - Stopping extension with id hivemq-prometheus-extension
2025-01-30 18:29:30,577 INFO c.h.h.t.HelmChartContainer - [test-hivemq-platform] [hivemq] [1ecc2684] INFO  - Extension "Prometheus Monitoring Extension" version 4.0.12 stopped successfully.
2025-01-30 18:29:30,577 INFO c.h.h.t.HelmChartContainer - [test-hivemq-platform] [hivemq] [1ecc2684] INFO  - Stopping extension with id hivemq-allow-all-extension
2025-01-30 18:29:30,577 INFO c.h.h.t.HelmChartContainer - [test-hivemq-platform] [hivemq] [1ecc2684] INFO  - Extension "Allow All Extension" version 1.1.1 stopped successfully.
2025-01-30 18:29:32,920 INFO c.h.h.t.HelmChartContainer - [test-hivemq-platform] [hivemq] [1ecc2684] INFO  - Shutdown completed.
2025-01-30 18:29:33,132 INFO c.h.h.t.HelmChartContainer - [EVENT] Warning [Unhealthy] Readiness probe failed: HTTP probe failed with statuscode: 503 [helmbrokerlicensesit:test-hivemq-platform-0]
2025-01-30 18:29:33,132 INFO c.h.h.t.HelmChartContainer - Received Unhealthy event for container hivemq in pod test-hivemq-platform-0 [1ecc2684-5d0d-4eef-8aef-a6eaa8ab75a6]
2025-01-30 18:29:33,267 INFO c.h.h.t.HelmChartContainer - [test-hivemq-platform] [hivemq] [1ecc2684] INFO  - [HiveMQ Platform Operator Init App 1.7.0-SNAPSHOT] The HiveMQ Platform exited with code 143
2025-01-30 18:29:33,267 INFO c.h.h.t.HelmChartContainer - [test-hivemq-platform] [hivemq] [1ecc2684] INFO  - [HiveMQ Platform Operator Init App 1.7.0-SNAPSHOT] Stopping the REST API
2025-01-30 18:29:33,272 INFO c.h.h.t.HelmChartContainer - [test-hivemq-platform] [hivemq] [1ecc2684] INFO  - [HiveMQ Platform Operator Init App 1.7.0-SNAPSHOT] Shutdown complete
2025-01-30 18:29:33,714 INFO c.h.h.t.HelmChartContainer - [K3S] [stateful_set.go:438] "Unhandled Error" err="error syncing StatefulSet helmbrokerlicensesit/test-hivemq-platform, requeuing: controllerrevisions.apps \"test-hivemq-platform-5c857ddf4c\" is forbidden: unable to create new content in namespace helmbrokerlicensesit because it is being terminated"
2025-01-30 18:29:33,715 INFO c.h.h.t.HelmChartContainer - [POD] test-hivemq-platform-0 [1ecc2684-5d0d-4eef-8aef-a6eaa8ab75a6] in helmbrokerlicensesit was MODIFIED
2025-01-30 18:29:33,722 INFO c.h.h.t.HelmChartContainer - [K3S] [stateful_set.go:438] "Unhandled Error" err="error syncing StatefulSet helmbrokerlicensesit/test-hivemq-platform, requeuing: controllerrevisions.apps \"test-hivemq-platform-5c857ddf4c\" is forbidden: unable to create new content in namespace helmbrokerlicensesit because it is being terminated"
2025-01-30 18:29:33,736 INFO c.h.h.t.HelmChartContainer - [K3S] [stateful_set.go:438] "Unhandled Error" err="error syncing StatefulSet helmbrokerlicensesit/test-hivemq-platform, requeuing: controllerrevisions.apps \"test-hivemq-platform-5c857ddf4c\" is forbidden: unable to create new content in namespace helmbrokerlicensesit because it is being terminated"
2025-01-30 18:29:33,760 INFO c.h.h.t.HelmChartContainer - [K3S] [stateful_set.go:438] "Unhandled Error" err="error syncing StatefulSet helmbrokerlicensesit/test-hivemq-platform, requeuing: controllerrevisions.apps \"test-hivemq-platform-5c857ddf4c\" is forbidden: unable to create new content in namespace helmbrokerlicensesit because it is being terminated"
2025-01-30 18:29:33,805 INFO c.h.h.t.HelmChartContainer - [K3S] [stateful_set.go:438] "Unhandled Error" err="error syncing StatefulSet helmbrokerlicensesit/test-hivemq-platform, requeuing: controllerrevisions.apps \"test-hivemq-platform-5c857ddf4c\" is forbidden: unable to create new content in namespace helmbrokerlicensesit because it is being terminated"
2025-01-30 18:29:33,809 INFO c.h.h.t.HelmChartContainer - [K3S] [reconciler_common.go:162] "operationExecutor.UnmountVolume started for volume \"pod-info\" (UniqueName: \"kubernetes.io/configmap/1ecc2684-5d0d-4eef-8aef-a6eaa8ab75a6-pod-info\") pod \"1ecc2684-5d0d-4eef-8aef-a6eaa8ab75a6\" (UID: \"1ecc2684-5d0d-4eef-8aef-a6eaa8ab75a6\") "
2025-01-30 18:29:33,809 INFO c.h.h.t.HelmChartContainer - [K3S] [reconciler_common.go:162] "operationExecutor.UnmountVolume started for volume \"broker-configuration\" (UniqueName: \"kubernetes.io/configmap/1ecc2684-5d0d-4eef-8aef-a6eaa8ab75a6-broker-configuration\") pod \"1ecc2684-5d0d-4eef-8aef-a6eaa8ab75a6\" (UID: \"1ecc2684-5d0d-4eef-8aef-a6eaa8ab75a6\") "
2025-01-30 18:29:33,809 INFO c.h.h.t.HelmChartContainer - [K3S] [reconciler_common.go:162] "operationExecutor.UnmountVolume started for volume \"kube-api-access-bpjbd\" (UniqueName: \"kubernetes.io/projected/1ecc2684-5d0d-4eef-8aef-a6eaa8ab75a6-kube-api-access-bpjbd\") pod \"1ecc2684-5d0d-4eef-8aef-a6eaa8ab75a6\" (UID: \"1ecc2684-5d0d-4eef-8aef-a6eaa8ab75a6\") "
2025-01-30 18:29:33,809 INFO c.h.h.t.HelmChartContainer - [K3S] [reconciler_common.go:162] "operationExecutor.UnmountVolume started for volume \"licenses\" (UniqueName: \"kubernetes.io/secret/1ecc2684-5d0d-4eef-8aef-a6eaa8ab75a6-licenses\") pod \"1ecc2684-5d0d-4eef-8aef-a6eaa8ab75a6\" (UID: \"1ecc2684-5d0d-4eef-8aef-a6eaa8ab75a6\") "
2025-01-30 18:29:33,809 INFO c.h.h.t.HelmChartContainer - [K3S] [reconciler_common.go:162] "operationExecutor.UnmountVolume started for volume \"operator-init\" (UniqueName: \"kubernetes.io/empty-dir/1ecc2684-5d0d-4eef-8aef-a6eaa8ab75a6-operator-init\") pod \"1ecc2684-5d0d-4eef-8aef-a6eaa8ab75a6\" (UID: \"1ecc2684-5d0d-4eef-8aef-a6eaa8ab75a6\") "
2025-01-30 18:29:33,888 INFO c.h.h.t.HelmChartContainer - [K3S] [stateful_set.go:438] "Unhandled Error" err="error syncing StatefulSet helmbrokerlicensesit/test-hivemq-platform, requeuing: controllerrevisions.apps \"test-hivemq-platform-5c857ddf4c\" is forbidden: unable to create new content in namespace helmbrokerlicensesit because it is being terminated"
2025-01-30 18:29:33,908 INFO c.h.h.t.HelmChartContainer - [K3S] [reconciler_common.go:299] "Volume detached for volume \"pod-info\" (UniqueName: \"kubernetes.io/configmap/1ecc2684-5d0d-4eef-8aef-a6eaa8ab75a6-pod-info\") on node \"fa9d92da3b04\" DevicePath \"\""
2025-01-30 18:29:33,908 INFO c.h.h.t.HelmChartContainer - [K3S] [reconciler_common.go:299] "Volume detached for volume \"broker-configuration\" (UniqueName: \"kubernetes.io/configmap/1ecc2684-5d0d-4eef-8aef-a6eaa8ab75a6-broker-configuration\") on node \"fa9d92da3b04\" DevicePath \"\""
2025-01-30 18:29:33,908 INFO c.h.h.t.HelmChartContainer - [K3S] [reconciler_common.go:299] "Volume detached for volume \"kube-api-access-bpjbd\" (UniqueName: \"kubernetes.io/projected/1ecc2684-5d0d-4eef-8aef-a6eaa8ab75a6-kube-api-access-bpjbd\") on node \"fa9d92da3b04\" DevicePath \"\""
2025-01-30 18:29:33,908 INFO c.h.h.t.HelmChartContainer - [K3S] [reconciler_common.go:299] "Volume detached for volume \"operator-init\" (UniqueName: \"kubernetes.io/empty-dir/1ecc2684-5d0d-4eef-8aef-a6eaa8ab75a6-operator-init\") on node \"fa9d92da3b04\" DevicePath \"\""
2025-01-30 18:29:33,908 INFO c.h.h.t.HelmChartContainer - [K3S] [reconciler_common.go:299] "Volume detached for volume \"licenses\" (UniqueName: \"kubernetes.io/secret/1ecc2684-5d0d-4eef-8aef-a6eaa8ab75a6-licenses\") on node \"fa9d92da3b04\" DevicePath \"\""
2025-01-30 18:29:34,052 INFO c.h.h.t.HelmChartContainer - [K3S] [stateful_set.go:438] "Unhandled Error" err="error syncing StatefulSet helmbrokerlicensesit/test-hivemq-platform, requeuing: controllerrevisions.apps \"test-hivemq-platform-5c857ddf4c\" is forbidden: unable to create new content in namespace helmbrokerlicensesit because it is being terminated"
2025-01-30 18:29:34,376 INFO c.h.h.t.HelmChartContainer - [K3S] [stateful_set.go:438] "Unhandled Error" err="error syncing StatefulSet helmbrokerlicensesit/test-hivemq-platform, requeuing: controllerrevisions.apps \"test-hivemq-platform-5c857ddf4c\" is forbidden: unable to create new content in namespace helmbrokerlicensesit because it is being terminated"
2025-01-30 18:29:34,469 INFO c.h.h.t.HelmChartContainer - [K3S] [scope.go:117] "RemoveContainer" containerID="b919a6140ba6bba2e06a754dd5c418e34922617e2928759a421dd338405b2c28"
2025-01-30 18:29:34,494 INFO c.h.h.t.HelmChartContainer - [POD] test-hivemq-platform-0 [1ecc2684-5d0d-4eef-8aef-a6eaa8ab75a6] in helmbrokerlicensesit was MODIFIED
2025-01-30 18:29:34,494 INFO c.h.h.t.HelmChartContainer - [K3S] [stateful_set.go:438] "Unhandled Error" err="error syncing StatefulSet helmbrokerlicensesit/test-hivemq-platform, requeuing: controllerrevisions.apps \"test-hivemq-platform-5c857ddf4c\" is forbidden: unable to create new content in namespace helmbrokerlicensesit because it is being terminated"
2025-01-30 18:29:34,494 INFO c.h.h.t.HelmChartContainer - [POD] test-hivemq-platform-0 [1ecc2684-5d0d-4eef-8aef-a6eaa8ab75a6] in helmbrokerlicensesit was DELETED
2025-01-30 18:29:34,498 INFO c.h.h.t.HelmChartContainer - [K3S] [stateful_set.go:438] "Unhandled Error" err="error syncing StatefulSet helmbrokerlicensesit/test-hivemq-platform, requeuing: controllerrevisions.apps \"test-hivemq-platform-5c857ddf4c\" is forbidden: unable to create new content in namespace helmbrokerlicensesit because it is being terminated"
2025-01-30 18:29:34,509 INFO c.h.h.t.HelmChartContainer - [K3S] [stateful_set.go:466] "StatefulSet has been deleted" key="helmbrokerlicensesit/test-hivemq-platform"
2025-01-30 18:29:34,582 INFO c.h.h.t.HelmChartContainer - [K3S] [scope.go:117] "RemoveContainer" containerID="88286f928a6cd35a0575369634a26fa05f01964f879e67f2d2125b56d0deb7f7"
2025-01-30 18:29:34,585 INFO c.h.h.t.HelmChartContainer - [K3S] [scope.go:117] "RemoveContainer" containerID="b919a6140ba6bba2e06a754dd5c418e34922617e2928759a421dd338405b2c28"
2025-01-30 18:29:34,586 INFO c.h.h.t.HelmChartContainer - [K3S] [scope.go:117] "RemoveContainer" containerID="88286f928a6cd35a0575369634a26fa05f01964f879e67f2d2125b56d0deb7f7"
2025-01-30 18:29:34,900 INFO c.h.h.t.HelmChartContainer - Namespace 'helmbrokerlicensesit' deleted
2025-01-30 18:29:34,900 INFO c.h.h.t.HelmChartContainer - Release 'test-hivemq-platform' in namespace 'helmbrokerlicensesit' is uninstalled
2025-01-30 18:29:34,900 INFO c.h.h.t.HelmChartContainer - Uninstalling release 'test-hivemq-platform-operator' in namespace 'helmbrokerlicensesit-operator'...
2025-01-30 18:29:34,900 DEBUG c.h.h.t.HelmChartContainer - Executing helm command: /bin/helm --kubeconfig /etc/rancher/k3s/k3s.yaml uninstall test-hivemq-platform-operator  --wait --timeout 5m0s --cascade foreground --namespace helmbrokerlicensesit-operator
2025-01-30 18:29:35,020 INFO c.h.h.t.HelmChartContainer - [K3S] [stateful_set.go:466] "StatefulSet has been deleted" key="helmbrokerlicensesit/test-hivemq-platform"
2025-01-30 18:29:35,094 INFO c.h.h.t.HelmChartContainer - [K3S] [replica_set.go:679] "Finished syncing" kind="ReplicaSet" key="helmbrokerlicensesit-operator/hivemq-test-hivemq-platform-operator-6966f96d65" duration="8.655839ms"
2025-01-30 18:29:35,094 INFO c.h.h.t.HelmChartContainer - [K3S] [replica_set.go:679] "Finished syncing" kind="ReplicaSet" key="helmbrokerlicensesit-operator/hivemq-test-hivemq-platform-operator-6966f96d65" duration="317.033µs"
2025-01-30 18:29:35,110 INFO c.h.h.t.HelmChartContainer - [POD] hivemq-test-hivemq-platform-operator-6966f96d65-svh4f [e38f30ee-b924-4a05-847c-6eb24c8ad99e] in helmbrokerlicensesit-operator was MODIFIED
2025-01-30 18:29:35,124 INFO c.h.h.t.HelmChartContainer - [hivemq-test-hivemq-platform] [hivemq-platform-operator] [e38f30ee] 18:29:35.123 [application-shutdown-thread] INFO  c.h.p.o.HiveMQPlatformOperatorApplication - HiveMQ Platform Operator is stopping...
2025-01-30 18:29:35,124 INFO c.h.h.t.HelmChartContainer - [hivemq-test-hivemq-platform] [hivemq-platform-operator] [e38f30ee] 18:29:35.123 [application-shutdown-thread] INFO  i.javaoperatorsdk.operator.Operator - Operator SDK 4.9.7 is shutting down...
2025-01-30 18:29:35,129 INFO c.h.h.t.HelmChartContainer - [EVENT] Normal [Killing] Stopping container hivemq-platform-operator [helmbrokerlicensesit-operator:hivemq-test-hivemq-platform-operator-6966f96d65-svh4f]
2025-01-30 18:29:35,129 INFO c.h.h.t.HelmChartContainer - Received Killing event for container hivemq-platform-operator in pod hivemq-test-hivemq-platform-operator-6966f96d65-svh4f [e38f30ee-b924-4a05-847c-6eb24c8ad99e]
2025-01-30 18:29:35,129 INFO c.h.h.t.HelmChartContainer - Container [hivemq-test-hivemq-platform-operator-6966f96d65-svh4f] [hivemq-platform-operator] [e38f30ee-b924-4a05-847c-6eb24c8ad99e] was terminated
2025-01-30 18:29:35,142 INFO c.h.h.t.HelmChartContainer - Stopped log watcher for hivemq-platform-operator in pod hivemq-test-hivemq-platform-operator-6966f96d65-svh4f [e38f30ee-b924-4a05-847c-6eb24c8ad99e]
2025-01-30 18:29:35,145 INFO c.h.h.t.HelmChartContainer - [K3S] [replica_set.go:679] "Finished syncing" kind="ReplicaSet" key="helmbrokerlicensesit-operator/hivemq-test-hivemq-platform-operator-6966f96d65" duration="31.191789ms"
2025-01-30 18:29:35,145 INFO c.h.h.t.HelmChartContainer - [K3S] [replica_set.go:679] "Finished syncing" kind="ReplicaSet" key="helmbrokerlicensesit-operator/hivemq-test-hivemq-platform-operator-6966f96d65" duration="29.144µs"
2025-01-30 18:29:35,308 INFO c.h.h.t.HelmChartContainer - [K3S] [kubelet_volumes.go:163] "Cleaned up orphaned pod volumes dir" podUID="1ecc2684-5d0d-4eef-8aef-a6eaa8ab75a6" path="/var/lib/kubelet/pods/1ecc2684-5d0d-4eef-8aef-a6eaa8ab75a6/volumes"
2025-01-30 18:29:35,733 INFO c.h.h.t.HelmChartContainer - [K3S] [replica_set.go:679] "Finished syncing" kind="ReplicaSet" key="helmbrokerlicensesit-operator/hivemq-test-hivemq-platform-operator-6966f96d65" duration="41.838µs"
2025-01-30 18:29:35,734 INFO c.h.h.t.HelmChartContainer - [POD] hivemq-test-hivemq-platform-operator-6966f96d65-svh4f [e38f30ee-b924-4a05-847c-6eb24c8ad99e] in helmbrokerlicensesit-operator was MODIFIED
2025-01-30 18:29:35,818 INFO c.h.h.t.HelmChartContainer - [K3S] [reconciler_common.go:162] "operationExecutor.UnmountVolume started for volume \"kube-api-access-h5wzv\" (UniqueName: \"kubernetes.io/projected/e38f30ee-b924-4a05-847c-6eb24c8ad99e-kube-api-access-h5wzv\") pod \"e38f30ee-b924-4a05-847c-6eb24c8ad99e\" (UID: \"e38f30ee-b924-4a05-847c-6eb24c8ad99e\") "
2025-01-30 18:29:35,919 INFO c.h.h.t.HelmChartContainer - [K3S] [reconciler_common.go:299] "Volume detached for volume \"kube-api-access-h5wzv\" (UniqueName: \"kubernetes.io/projected/e38f30ee-b924-4a05-847c-6eb24c8ad99e-kube-api-access-h5wzv\") on node \"fa9d92da3b04\" DevicePath \"\""
2025-01-30 18:29:36,473 INFO c.h.h.t.HelmChartContainer - [K3S] [scope.go:117] "RemoveContainer" containerID="4b1c4ee5b901eea3f8aab4c4d2f6871081950c95c5fefb13d918777121edbe92"
2025-01-30 18:29:36,478 INFO c.h.h.t.HelmChartContainer - [K3S] [scope.go:117] "RemoveContainer" containerID="4b1c4ee5b901eea3f8aab4c4d2f6871081950c95c5fefb13d918777121edbe92"
2025-01-30 18:29:36,485 INFO c.h.h.t.HelmChartContainer - [K3S] [replica_set.go:679] "Finished syncing" kind="ReplicaSet" key="helmbrokerlicensesit-operator/hivemq-test-hivemq-platform-operator-6966f96d65" duration="47.318µs"
2025-01-30 18:29:36,486 INFO c.h.h.t.HelmChartContainer - [POD] hivemq-test-hivemq-platform-operator-6966f96d65-svh4f [e38f30ee-b924-4a05-847c-6eb24c8ad99e] in helmbrokerlicensesit-operator was MODIFIED
2025-01-30 18:29:36,488 INFO c.h.h.t.HelmChartContainer - [POD] hivemq-test-hivemq-platform-operator-6966f96d65-svh4f [e38f30ee-b924-4a05-847c-6eb24c8ad99e] in helmbrokerlicensesit-operator was DELETED
2025-01-30 18:29:36,490 INFO c.h.h.t.HelmChartContainer - [K3S] [replica_set.go:679] "Finished syncing" kind="ReplicaSet" key="helmbrokerlicensesit-operator/hivemq-test-hivemq-platform-operator-6966f96d65" duration="29.656µs"
2025-01-30 18:29:36,498 INFO c.h.h.t.HelmChartContainer - [K3S] [replica_set.go:679] "Finished syncing" kind="ReplicaSet" key="helmbrokerlicensesit-operator/hivemq-test-hivemq-platform-operator-6966f96d65" duration="5.791µs"
2025-01-30 18:29:37,150 INFO c.h.h.t.HelmChartContainer - Deleting namespace 'helmbrokerlicensesit-operator'...
2025-01-30 18:29:37,308 INFO c.h.h.t.HelmChartContainer - [K3S] [kubelet_volumes.go:163] "Cleaned up orphaned pod volumes dir" podUID="e38f30ee-b924-4a05-847c-6eb24c8ad99e" path="/var/lib/kubelet/pods/e38f30ee-b924-4a05-847c-6eb24c8ad99e/volumes"
2025-01-30 18:29:39,811 INFO c.h.h.t.HelmChartContainer - [K3S] [namespace_controller.go:187] "Namespace has been deleted" namespace="helmbrokerlicensesit"
2025-01-30 18:29:42,369 INFO c.h.h.t.HelmChartContainer - Namespace 'helmbrokerlicensesit-operator' deleted
2025-01-30 18:29:42,369 INFO c.h.h.t.HelmChartContainer - Release 'test-hivemq-platform-operator' in namespace 'helmbrokerlicensesit-operator' is uninstalled
2025-01-30 18:29:43,092 INFO c.h.helmcharts.AbstractHelmChartIT - Removed unused containers:

2025-01-30 18:29:47,264 INFO c.h.h.t.HelmChartContainer - [K3S] [namespace_controller.go:187] "Namespace has been deleted" namespace="helmbrokerlicensesit-operator"
2025-01-30 18:29:50,644 INFO c.h.helmcharts.AbstractHelmChartIT - Removed unused snapshots:
Removing snapshot sha256:03af251906410714c5aef9fa705b63f6bbc39c4a5e787de7361eeb18886c2ed2
Removing snapshot sha256:0c46b3b43cce082ce5ec34ffc6c294e0417d17b9d1e6f366d114b6aadc4f96dc
Removing snapshot sha256:0ce761beee59082d6ed5bcebd3a805b8ddd9b3426b617e4809e7fb7c6587ffec
Removing snapshot sha256:0df91287303208332c8ff6ba40ae4710105201739addbfbddfb955f1ad593664
Removing snapshot sha256:1021ef88c7974bfff89c5a0ec4fd3160daac6c48a075f74cff721f85dd104e68
Removing snapshot sha256:10aba4953ddc18145dd38e3704709bc464aa20af60b56fe52caaff4b68411e62
Removing snapshot sha256:2573e0d8158209ed54ab25c87bcdcb00bd3d2539246960a3d592a1c599d70465
Removing snapshot sha256:362a8a37f8bbc31925a8146adcf7cf51f9882f5c1dcbef67c5baa03a297543c0
Removing snapshot sha256:3fa4ad33f0ddc8fd45b39b6b4640f82a3a83619606cd975bfe89d8710ad2d4cd
Removing snapshot sha256:43a7c979bbaba6838bc3102d6b10a1459f3ab050b87ccdfef84ef90cf43d3058
Removing snapshot sha256:4ab04491cdf0d3267f08206fe30bd48f49f94b9cab2f016d6739220f722a64af
Removing snapshot sha256:4b6068250e89c96f263060261819c7d912855bfbd64b3eb4c4a8483299b8c295
Removing snapshot sha256:4fcee255c844078be8f3abc45ced3842fdd13c75fdb83e003fcca19e88bc8357
Removing snapshot sha256:580e69a0a8034ede1921139bbd2bfb72a69ebf276d008281896c32dd8bf74775
Removing snapshot sha256:5d30ba46b27fe37484567ccc5242cadc78217b8da605f3f195ef25cbf7487904
Removing snapshot sha256:63ca1fbb43ae5034640e5e6cb3e083e05c290072c5366fcaa9d62435a4cced85
Removing snapshot sha256:67f702c6baae873bceb19487c8b1f27bd2b86077e4f2f0e480e6d60ab508b8f5
Removing snapshot sha256:6864348dd42806d552efdec384f1274be15e2d0c10ce44c1f04347af004c10a9
Removing snapshot sha256:6c7dee8f2c39b84b7dc2711c01d33de93514d9055499173e9290176fbe484b6c
Removing snapshot sha256:82753493a6d61ded36556292f02f31841a14c20d2f279f19eaad65afb661d5cd
Removing snapshot sha256:8a10d3db42c505ee0fcfa98417bdd7e39b304f6bcc0a06bb1b220797ff2cc63c
Removing snapshot sha256:8f06cd1a1bf0ab1414a26c1556db9c8170e55d5a3c23b6941d33d628971aa484
Removing snapshot sha256:a21e5b12dbac529ad45d976eb9ce45c881f3bedcc500fb30aba1e52aa1813418
Removing snapshot sha256:b921e6c28969094157f9b8e7244677780319637afd14450b7cb6b2fdea558a0c
Removing snapshot sha256:bc27ecb5769a00e309cf99ebc763c4a4b958b618d1decc96ffac5bc05f02f5b7
Removing snapshot sha256:be3ccb6627a5332e309d45ef461d09b4879dd870c7394d89323d0ebc6ca6aa8a
Removing snapshot sha256:c261f7cbbc64211ee175ee47273acdb7b1a36a4450b397a064a8f2c026490095
Removing snapshot sha256:c34d9393647eea0c9e3557ab988efaf59f61d10a2a5613b439ef0958cca5ec10
Removing snapshot sha256:ccf3c4a0fa967a41c1c83497a2ce6fa5787965859df0adb32c4ca2cf7490bc2b
Removing snapshot sha256:cf92d33f869417309692088c341cd0f223c178ea78a125f757317b22aa8f90e9
Removing snapshot sha256:d0037344cf2fb078884f1849f6a1f8cf9a33a3b6139b6a85833e5ee528e1f9a8
Removing snapshot sha256:d3b36d5b79273b1e98e7700470eaeff05a882e777124d84cebcc1505b85ecb36
Removing snapshot sha256:d65a44a37914602d12c611e5e22a50f11451d847e63015cc1c2aef92dee777a4
Removing snapshot sha256:e2dc0bae2455930f23ae570e019b7f32edc75c0f2d71cab084db837ff9051796
Removing snapshot sha256:eccbd24a99c60cd9e86ee5305dbfc4a4dc89f5ab4fb1f06c8d64797cecedef34
Removing snapshot sha256:f144bb4c7c7f0d2aa7eeffd36d934ec40db1ee167be727e326aad9fdc616f475

]]></system-out>
  </testcase>
  <testcase name="withBrokerLicenseFileContent_statefulSetWithLicenseSecretMounted()" classname="com.hivemq.helmcharts.license.HelmBrokerLicensesIT" time="99.551">
    <system-out><![CDATA[2025-01-30 18:29:50,652 INFO c.h.h.t.HelmChartContainer - Creating namespace 'helmbrokerlicensesit-operator'...
2025-01-30 18:29:50,657 INFO c.h.h.t.HelmChartContainer - Namespace 'helmbrokerlicensesit-operator' created
2025-01-30 18:29:50,658 INFO c.h.h.t.HelmChartContainer - Creating namespace 'helmbrokerlicensesit'...
2025-01-30 18:29:50,664 INFO c.h.h.t.HelmChartContainer - Namespace 'helmbrokerlicensesit' created
2025-01-30 18:29:50,739 DEBUG c.h.h.t.HelmChartContainer - Executing helm command: /bin/helm --kubeconfig /etc/rancher/k3s/k3s.yaml install test-hivemq-platform-operator /charts/hivemq-platform-operator --wait --timeout 5m0s --set image.repository=docker.io/hivemq --set image.name=hivemq-platform-operator-test --set image.initImageName=hivemq-platform-operator-init-test --set image.tag=snapshot --set image.pullPolicy=Never --set logLevel=DEBUG --set resources.cpu=512m --namespace helmbrokerlicensesit-operator
2025-01-30 18:29:51,054 INFO c.h.h.t.HelmChartContainer - [K3S] [alloc.go:330] "allocated clusterIPs" service="helmbrokerlicensesit-operator/hivemq-platform-operator-test-hivemq-platform-operator" clusterIPs={"IPv4":"10.43.25.49"}
2025-01-30 18:29:51,075 INFO c.h.h.t.HelmChartContainer - [EVENT] Normal [ScalingReplicaSet] Scaled up replica set hivemq-test-hivemq-platform-operator-6966f96d65 from 0 to 1 [helmbrokerlicensesit-operator:hivemq-test-hivemq-platform-operator]
2025-01-30 18:29:51,078 INFO c.h.h.t.HelmChartContainer - [POD] hivemq-test-hivemq-platform-operator-6966f96d65-wc4gk [1040cde6-7e35-425d-8088-b4ed6c72e38a] in helmbrokerlicensesit-operator was ADDED
2025-01-30 18:29:51,085 INFO c.h.h.t.HelmChartContainer - [EVENT] Normal [SuccessfulCreate] Created pod: hivemq-test-hivemq-platform-operator-6966f96d65-wc4gk [helmbrokerlicensesit-operator:hivemq-test-hivemq-platform-operator-6966f96d65]
2025-01-30 18:29:51,086 INFO c.h.h.t.HelmChartContainer - [K3S] [memory_manager.go:355] "RemoveStaleState removing state" podUID="e38f30ee-b924-4a05-847c-6eb24c8ad99e" containerName="hivemq-platform-operator"
2025-01-30 18:29:51,086 INFO c.h.h.t.HelmChartContainer - [K3S] [memory_manager.go:355] "RemoveStaleState removing state" podUID="1ecc2684-5d0d-4eef-8aef-a6eaa8ab75a6" containerName="hivemq"
2025-01-30 18:29:51,093 INFO c.h.h.t.HelmChartContainer - [POD] hivemq-test-hivemq-platform-operator-6966f96d65-wc4gk [1040cde6-7e35-425d-8088-b4ed6c72e38a] in helmbrokerlicensesit-operator was MODIFIED
2025-01-30 18:29:51,093 INFO c.h.h.t.HelmChartContainer - [K3S] [replica_set.go:679] "Finished syncing" kind="ReplicaSet" key="helmbrokerlicensesit-operator/hivemq-test-hivemq-platform-operator-6966f96d65" duration="22.127467ms"
2025-01-30 18:29:51,100 INFO c.h.h.t.HelmChartContainer - [K3S] [replica_set.go:679] "Finished syncing" kind="ReplicaSet" key="helmbrokerlicensesit-operator/hivemq-test-hivemq-platform-operator-6966f96d65" duration="10.258359ms"
2025-01-30 18:29:51,101 INFO c.h.h.t.HelmChartContainer - [EVENT] Normal [Scheduled] Successfully assigned helmbrokerlicensesit-operator/hivemq-test-hivemq-platform-operator-6966f96d65-wc4gk to fa9d92da3b04 [helmbrokerlicensesit-operator:hivemq-test-hivemq-platform-operator-6966f96d65-wc4gk]
2025-01-30 18:29:51,101 INFO c.h.h.t.HelmChartContainer - [K3S] [replica_set.go:679] "Finished syncing" kind="ReplicaSet" key="helmbrokerlicensesit-operator/hivemq-test-hivemq-platform-operator-6966f96d65" duration="718.212µs"
2025-01-30 18:29:51,106 INFO c.h.h.t.HelmChartContainer - [K3S] [replica_set.go:679] "Finished syncing" kind="ReplicaSet" key="helmbrokerlicensesit-operator/hivemq-test-hivemq-platform-operator-6966f96d65" duration="31.018µs"
2025-01-30 18:29:51,107 INFO c.h.h.t.HelmChartContainer - [POD] hivemq-test-hivemq-platform-operator-6966f96d65-wc4gk [1040cde6-7e35-425d-8088-b4ed6c72e38a] in helmbrokerlicensesit-operator was MODIFIED
2025-01-30 18:29:51,208 INFO c.h.h.t.HelmChartContainer - [K3S] [reconciler_common.go:251] "operationExecutor.VerifyControllerAttachedVolume started for volume \"kube-api-access-txz6w\" (UniqueName: \"kubernetes.io/projected/1040cde6-7e35-425d-8088-b4ed6c72e38a-kube-api-access-txz6w\") pod \"hivemq-test-hivemq-platform-operator-6966f96d65-wc4gk\" (UID: \"1040cde6-7e35-425d-8088-b4ed6c72e38a\") " pod="helmbrokerlicensesit-operator/hivemq-test-hivemq-platform-operator-6966f96d65-wc4gk"
2025-01-30 18:29:51,483 INFO c.h.h.t.HelmChartContainer - [EVENT] Normal [Pulled] Container image "docker.io/hivemq/hivemq-platform-operator-test:snapshot" already present on machine [helmbrokerlicensesit-operator:hivemq-test-hivemq-platform-operator-6966f96d65-wc4gk]
2025-01-30 18:29:51,484 INFO c.h.h.t.HelmChartContainer - Received Pulled event for container hivemq-platform-operator in pod hivemq-test-hivemq-platform-operator-6966f96d65-wc4gk [1040cde6-7e35-425d-8088-b4ed6c72e38a]
2025-01-30 18:29:52,723 INFO c.h.h.t.HelmChartContainer - [EVENT] Normal [Created] Created container: hivemq-platform-operator [helmbrokerlicensesit-operator:hivemq-test-hivemq-platform-operator-6966f96d65-wc4gk]
2025-01-30 18:29:52,723 INFO c.h.h.t.HelmChartContainer - Received Created event for container hivemq-platform-operator in pod hivemq-test-hivemq-platform-operator-6966f96d65-wc4gk [1040cde6-7e35-425d-8088-b4ed6c72e38a]
2025-01-30 18:29:53,510 INFO c.h.h.t.HelmChartContainer - [K3S] [replica_set.go:679] "Finished syncing" kind="ReplicaSet" key="helmbrokerlicensesit-operator/hivemq-test-hivemq-platform-operator-6966f96d65" duration="36.538µs"
2025-01-30 18:29:53,514 INFO c.h.h.t.HelmChartContainer - [POD] hivemq-test-hivemq-platform-operator-6966f96d65-wc4gk [1040cde6-7e35-425d-8088-b4ed6c72e38a] in helmbrokerlicensesit-operator was MODIFIED
2025-01-30 18:29:53,521 INFO c.h.h.t.HelmChartContainer - [EVENT] Normal [Started] Started container hivemq-platform-operator [helmbrokerlicensesit-operator:hivemq-test-hivemq-platform-operator-6966f96d65-wc4gk]
2025-01-30 18:29:53,521 INFO c.h.h.t.HelmChartContainer - Started log watcher for hivemq-platform-operator in pod hivemq-test-hivemq-platform-operator-6966f96d65-wc4gk [1040cde6-7e35-425d-8088-b4ed6c72e38a]
2025-01-30 18:29:53,522 INFO c.h.h.t.HelmChartContainer - Received Started event for container hivemq-platform-operator in pod hivemq-test-hivemq-platform-operator-6966f96d65-wc4gk [1040cde6-7e35-425d-8088-b4ed6c72e38a]
2025-01-30 18:29:53,522 INFO c.h.h.t.HelmChartContainer - [hivemq-test-hivemq-platform] [hivemq-platform-operator] [1040cde6] -------------------------------------------------------------------------
2025-01-30 18:29:53,522 INFO c.h.h.t.HelmChartContainer - [hivemq-test-hivemq-platform] [hivemq-platform-operator] [1040cde6] 
2025-01-30 18:29:53,522 INFO c.h.h.t.HelmChartContainer - [hivemq-test-hivemq-platform] [hivemq-platform-operator] [1040cde6]                   _    _  _              __  __   ____
2025-01-30 18:29:53,524 INFO c.h.h.t.HelmChartContainer - [hivemq-test-hivemq-platform] [hivemq-platform-operator] [1040cde6]                  | |  | |(_)            |  \/  | / __ \
2025-01-30 18:29:53,524 INFO c.h.h.t.HelmChartContainer - [hivemq-test-hivemq-platform] [hivemq-platform-operator] [1040cde6]                  | |__| | _ __   __ ___ | \  / || |  | |
2025-01-30 18:29:53,524 INFO c.h.h.t.HelmChartContainer - [hivemq-test-hivemq-platform] [hivemq-platform-operator] [1040cde6]                  |  __  || |\ \ / // _ \| |\/| || |  | |
2025-01-30 18:29:53,524 INFO c.h.h.t.HelmChartContainer - [hivemq-test-hivemq-platform] [hivemq-platform-operator] [1040cde6]                  | |  | || | \ V /|  __/| |  | || |__| |
2025-01-30 18:29:53,524 INFO c.h.h.t.HelmChartContainer - [hivemq-test-hivemq-platform] [hivemq-platform-operator] [1040cde6]                  |_|  |_||_|  \_/  \___||_|  |_| \___\_\
2025-01-30 18:29:53,524 INFO c.h.h.t.HelmChartContainer - [hivemq-test-hivemq-platform] [hivemq-platform-operator] [1040cde6] 
2025-01-30 18:29:53,524 INFO c.h.h.t.HelmChartContainer - [hivemq-test-hivemq-platform] [hivemq-platform-operator] [1040cde6] -------------------------------------------------------------------------
2025-01-30 18:29:53,524 INFO c.h.h.t.HelmChartContainer - [hivemq-test-hivemq-platform] [hivemq-platform-operator] [1040cde6] 
2025-01-30 18:29:53,524 INFO c.h.h.t.HelmChartContainer - [hivemq-test-hivemq-platform] [hivemq-platform-operator] [1040cde6]   HiveMQ Platform Operator Start Script v1.0
2025-01-30 18:29:53,524 INFO c.h.h.t.HelmChartContainer - [hivemq-test-hivemq-platform] [hivemq-platform-operator] [1040cde6] 
2025-01-30 18:29:53,524 INFO c.h.h.t.HelmChartContainer - [hivemq-test-hivemq-platform] [hivemq-platform-operator] [1040cde6] -------------------------------------------------------------------------
2025-01-30 18:29:53,524 INFO c.h.h.t.HelmChartContainer - [hivemq-test-hivemq-platform] [hivemq-platform-operator] [1040cde6] 
2025-01-30 18:29:53,524 INFO c.h.h.t.HelmChartContainer - [hivemq-test-hivemq-platform] [hivemq-platform-operator] [1040cde6]   JAVA_OPTS: -XX:+UnlockExperimentalVMOptions -XX:InitialRAMPercentage=75 -XX:MaxRAMPercentage=75 -Duser.language=en -Duser.region=US
2025-01-30 18:29:53,524 INFO c.h.h.t.HelmChartContainer - [hivemq-test-hivemq-platform] [hivemq-platform-operator] [1040cde6] 
2025-01-30 18:29:53,524 INFO c.h.h.t.HelmChartContainer - [hivemq-test-hivemq-platform] [hivemq-platform-operator] [1040cde6]   JAVA_VERSION: 21
2025-01-30 18:29:53,524 INFO c.h.h.t.HelmChartContainer - [hivemq-test-hivemq-platform] [hivemq-platform-operator] [1040cde6] 
2025-01-30 18:29:53,524 INFO c.h.h.t.HelmChartContainer - [hivemq-test-hivemq-platform] [hivemq-platform-operator] [1040cde6] -------------------------------------------------------------------------
2025-01-30 18:29:53,524 INFO c.h.h.t.HelmChartContainer - [hivemq-test-hivemq-platform] [hivemq-platform-operator] [1040cde6] 
2025-01-30 18:29:56,045 INFO c.h.h.t.HelmChartContainer - [hivemq-test-hivemq-platform] [hivemq-platform-operator] [1040cde6] 18:29:56.043 [main] DEBUG org.jboss.logging - Logging Provider: org.jboss.logging.Slf4jLoggerProvider
2025-01-30 18:29:56,150 INFO c.h.h.t.HelmChartContainer - [hivemq-test-hivemq-platform] [hivemq-platform-operator] [1040cde6] 18:29:56.150 [main] DEBUG io.smallrye.config - SRCFG01006: Loaded ConfigSource SysPropConfigSource with ordinal 400
2025-01-30 18:29:56,151 INFO c.h.h.t.HelmChartContainer - [hivemq-test-hivemq-platform] [hivemq-platform-operator] [1040cde6] 18:29:56.150 [main] DEBUG io.smallrye.config - SRCFG01006: Loaded ConfigSource EnvConfigSource with ordinal 300
2025-01-30 18:29:56,151 INFO c.h.h.t.HelmChartContainer - [hivemq-test-hivemq-platform] [hivemq-platform-operator] [1040cde6] 18:29:56.150 [main] DEBUG io.smallrye.config - SRCFG01006: Loaded ConfigSource PropertiesConfigSource[source=jar:file:///opt/hivemq-platform-operator/bin/hivemq-platform-operator.jar!/hivemq-platform-operator.properties] with ordinal 100
2025-01-30 18:29:56,151 INFO c.h.h.t.HelmChartContainer - [hivemq-test-hivemq-platform] [hivemq-platform-operator] [1040cde6] 18:29:56.150 [main] DEBUG io.smallrye.config - SRCFG01006: Loaded ConfigSource DefaultValuesConfigSource with ordinal -2147483648
2025-01-30 18:29:56,287 INFO c.h.h.t.HelmChartContainer - [hivemq-test-hivemq-platform] [hivemq-platform-operator] [1040cde6] 18:29:56.258 [main] DEBUG i.m.c.u.i.l.InternalLoggerFactory - Using SLF4J as the default logging framework
2025-01-30 18:29:56,392 INFO c.h.h.t.HelmChartContainer - [hivemq-test-hivemq-platform] [hivemq-platform-operator] [1040cde6] 18:29:56.355 [main] INFO  c.h.p.o.HiveMQPlatformOperatorApplication - HiveMQ Platform Operator 1.7.0-SNAPSHOT (commit: 47e3375 on branch: HEAD) built on Thu Jan 30 03:55:50 UTC 2025
2025-01-30 18:29:56,392 INFO c.h.h.t.HelmChartContainer - [hivemq-test-hivemq-platform] [hivemq-platform-operator] [1040cde6] 18:29:56.391 [main] INFO  c.h.p.o.HiveMQPlatformOperatorApplication - HiveMQ Platform Operator is running in namespace: helmbrokerlicensesit-operator
2025-01-30 18:29:56,392 INFO c.h.h.t.HelmChartContainer - [hivemq-test-hivemq-platform] [hivemq-platform-operator] [1040cde6] 18:29:56.391 [main] INFO  c.h.p.o.HiveMQPlatformOperatorApplication - Watching all namespaces
2025-01-30 18:29:56,392 INFO c.h.h.t.HelmChartContainer - [hivemq-test-hivemq-platform] [hivemq-platform-operator] [1040cde6] 18:29:56.391 [main] INFO  c.h.p.o.HiveMQPlatformOperatorApplication - Log level: DEBUG
2025-01-30 18:29:56,392 INFO c.h.h.t.HelmChartContainer - [hivemq-test-hivemq-platform] [hivemq-platform-operator] [1040cde6] 18:29:56.391 [main] INFO  c.h.p.o.HiveMQPlatformOperatorApplication - Release name: test-hivemq-platform-operator
2025-01-30 18:29:56,392 INFO c.h.h.t.HelmChartContainer - [hivemq-test-hivemq-platform] [hivemq-platform-operator] [1040cde6] 18:29:56.391 [main] INFO  c.h.p.o.HiveMQPlatformOperatorApplication - HiveMQ Platform Operator Init image: docker.io/hivemq/hivemq-platform-operator-init-test:snapshot
2025-01-30 18:29:56,392 INFO c.h.h.t.HelmChartContainer - [hivemq-test-hivemq-platform] [hivemq-platform-operator] [1040cde6] 18:29:56.391 [main] INFO  c.h.p.o.HiveMQPlatformOperatorApplication - HiveMQ Platform Operator Init App update URL: http://hivemq-platform-operator-test-hivemq-platform-operator.helmbrokerlicensesit-operator.svc:8080/initAppUpdate/hivemq-platform-operator-init-app-1.7.0-SNAPSHOT.jar
2025-01-30 18:29:56,392 INFO c.h.h.t.HelmChartContainer - [hivemq-test-hivemq-platform] [hivemq-platform-operator] [1040cde6] 18:29:56.391 [main] INFO  c.h.p.o.HiveMQPlatformOperatorApplication - Additional imagePullSecret for all Platform deployments: none
2025-01-30 18:29:56,392 INFO c.h.h.t.HelmChartContainer - [hivemq-test-hivemq-platform] [hivemq-platform-operator] [1040cde6] 18:29:56.391 [main] INFO  c.h.p.o.HiveMQPlatformOperatorApplication - Apply HiveMQ Platform CRD: true
2025-01-30 18:29:56,392 INFO c.h.h.t.HelmChartContainer - [hivemq-test-hivemq-platform] [hivemq-platform-operator] [1040cde6] 18:29:56.391 [main] INFO  c.h.p.o.HiveMQPlatformOperatorApplication - Create Platform ServiceAccount: true
2025-01-30 18:29:56,392 INFO c.h.h.t.HelmChartContainer - [hivemq-test-hivemq-platform] [hivemq-platform-operator] [1040cde6] 18:29:56.391 [main] INFO  c.h.p.o.HiveMQPlatformOperatorApplication - Create Platform ServiceAccount permissions: true
2025-01-30 18:29:56,392 INFO c.h.h.t.HelmChartContainer - [hivemq-test-hivemq-platform] [hivemq-platform-operator] [1040cde6] 18:29:56.391 [main] INFO  c.h.p.o.HiveMQPlatformOperatorApplication - Validate Platform ServiceAccount: true
2025-01-30 18:29:56,392 INFO c.h.h.t.HelmChartContainer - [hivemq-test-hivemq-platform] [hivemq-platform-operator] [1040cde6] 18:29:56.391 [main] INFO  c.h.p.o.HiveMQPlatformOperatorApplication - Validate Platform ServiceAccount permissions: true
2025-01-30 18:29:56,545 INFO c.h.h.t.HelmChartContainer - [hivemq-test-hivemq-platform] [hivemq-platform-operator] [1040cde6] 18:29:56.544 [main] INFO  c.h.platform.operator.util.CRDUtil - Verifying deployed HiveMQ Platform CRD...
2025-01-30 18:29:58,944 INFO c.h.h.t.HelmChartContainer - [hivemq-test-hivemq-platform] [hivemq-platform-operator] [1040cde6] 18:29:58.942 [main] DEBUG c.h.platform.operator.util.CRDUtil - HiveMQ Platform CRD version v1 is up to date
2025-01-30 18:29:58,944 INFO c.h.h.t.HelmChartContainer - [hivemq-test-hivemq-platform] [hivemq-platform-operator] [1040cde6] 18:29:58.942 [main] INFO  c.h.platform.operator.util.CRDUtil - HiveMQ Platform CRD is up to date (version: V1_6_0)
2025-01-30 18:29:58,944 INFO c.h.h.t.HelmChartContainer - [hivemq-test-hivemq-platform] [hivemq-platform-operator] [1040cde6] 18:29:58.942 [main] INFO  c.h.platform.operator.util.CRDUtil - Waiting 10000 ms for HiveMQ Platform CRD 'hivemq-platforms.hivemq.com' to become ready...
2025-01-30 18:29:59,250 INFO c.h.h.t.HelmChartContainer - [hivemq-test-hivemq-platform] [hivemq-platform-operator] [1040cde6] 18:29:59.248 [vert.x-eventloop-thread-1] DEBUG c.h.platform.operator.util.CRDUtil - Checking CRD condition 'NamesAccepted' (status: 'True')
2025-01-30 18:29:59,251 INFO c.h.h.t.HelmChartContainer - [hivemq-test-hivemq-platform] [hivemq-platform-operator] [1040cde6] 18:29:59.248 [vert.x-eventloop-thread-1] DEBUG c.h.platform.operator.util.CRDUtil - Checking CRD condition 'Established' (status: 'True')
2025-01-30 18:29:59,251 INFO c.h.h.t.HelmChartContainer - [hivemq-test-hivemq-platform] [hivemq-platform-operator] [1040cde6] 18:29:59.249 [main] INFO  c.h.platform.operator.util.CRDUtil - HiveMQ Platform CRD 'hivemq-platforms.hivemq.com' is ready
2025-01-30 18:29:59,447 INFO c.h.h.t.HelmChartContainer - [hivemq-test-hivemq-platform] [hivemq-platform-operator] [1040cde6] 18:29:59.446 [main] INFO  c.h.p.o.HiveMQPlatformReconciler - HiveMQ Platform Operator is starting...
2025-01-30 18:29:59,591 INFO c.h.h.t.HelmChartContainer - [hivemq-test-hivemq-platform] [hivemq-platform-operator] [1040cde6] 18:29:59.589 [main] WARN  Default ConfigurationService implementation - Configuration for reconciler 'hivemq-controller' was not found. Known reconcilers: None.
2025-01-30 18:29:59,641 INFO c.h.h.t.HelmChartContainer - [hivemq-test-hivemq-platform] [hivemq-platform-operator] [1040cde6] 18:29:59.640 [main] INFO  Default ConfigurationService implementation - Created configuration for reconciler com.hivemq.platform.operator.HiveMQPlatformReconciler with name hivemq-controller
2025-01-30 18:29:59,744 INFO c.h.h.t.HelmChartContainer - [hivemq-test-hivemq-platform] [hivemq-platform-operator] [1040cde6] 18:29:59.743 [main] DEBUG c.h.p.o.HiveMQPlatformReconciler - HiveMQ Platform Operator is preparing EventSources
2025-01-30 18:29:59,792 INFO c.h.h.t.HelmChartContainer - [hivemq-test-hivemq-platform] [hivemq-platform-operator] [1040cde6] 18:29:59.791 [main] INFO  i.javaoperatorsdk.operator.Operator - Registered reconciler: 'hivemq-controller' for resource: 'class com.hivemq.platform.operator.v1.HiveMQPlatform' for namespace(s): [all namespaces]
2025-01-30 18:30:00,343 INFO c.h.h.t.HelmChartContainer - [hivemq-test-hivemq-platform] [hivemq-platform-operator] [1040cde6] 18:30:00.342 [main] INFO  c.h.p.operator.webserver.JettyServer - Starting Jetty server on port 8080
2025-01-30 18:30:00,443 INFO c.h.h.t.HelmChartContainer - [hivemq-test-hivemq-platform] [hivemq-platform-operator] [1040cde6] 18:30:00.442 [main] INFO  i.javaoperatorsdk.operator.Operator - Operator SDK 4.9.7 (commit: 2133d28) built on Wed Nov 20 12:56:20 UTC 2024 starting...
2025-01-30 18:30:00,443 INFO c.h.h.t.HelmChartContainer - [hivemq-test-hivemq-platform] [hivemq-platform-operator] [1040cde6] 18:30:00.442 [main] INFO  i.javaoperatorsdk.operator.Operator - Client version: 6.13.5
2025-01-30 18:30:00,444 INFO c.h.h.t.HelmChartContainer - [hivemq-test-hivemq-platform] [hivemq-platform-operator] [1040cde6] 18:30:00.443 [Controller Starter for: hivemq-controller] INFO  i.j.operator.processing.Controller - Starting 'hivemq-controller' controller for reconciler: com.hivemq.platform.operator.HiveMQPlatformReconciler, resource: com.hivemq.platform.operator.v1.HiveMQPlatform
2025-01-30 18:30:02,842 INFO c.h.h.t.HelmChartContainer - [hivemq-test-hivemq-platform] [hivemq-platform-operator] [1040cde6] 18:30:02.840 [Controller Starter for: hivemq-controller] INFO  i.j.operator.processing.Controller - 'hivemq-controller' controller started
2025-01-30 18:30:02,842 INFO c.h.h.t.HelmChartContainer - [hivemq-test-hivemq-platform] [hivemq-platform-operator] [1040cde6] 18:30:02.841 [main] INFO  c.h.p.o.HiveMQPlatformOperatorApplication - HiveMQ Platform Operator 1.7.0-SNAPSHOT started in 6485 ms
2025-01-30 18:30:04,515 INFO c.h.h.t.HelmChartContainer - [POD] hivemq-test-hivemq-platform-operator-6966f96d65-wc4gk [1040cde6-7e35-425d-8088-b4ed6c72e38a] in helmbrokerlicensesit-operator was MODIFIED
2025-01-30 18:30:04,526 INFO c.h.h.t.HelmChartContainer - [K3S] [replica_set.go:679] "Finished syncing" kind="ReplicaSet" key="helmbrokerlicensesit-operator/hivemq-test-hivemq-platform-operator-6966f96d65" duration="12.715475ms"
2025-01-30 18:30:04,526 INFO c.h.h.t.HelmChartContainer - [K3S] [replica_set.go:679] "Finished syncing" kind="ReplicaSet" key="helmbrokerlicensesit-operator/hivemq-test-hivemq-platform-operator-6966f96d65" duration="41.547µs"
2025-01-30 18:30:05,124 INFO c.h.h.testcontainer.LogWaiterUtil - TEST Waiting for log pattern on 'test-hivemq-platform-0': .*License file license.lic is corrupt.
2025-01-30 18:30:05,179 DEBUG c.h.h.t.HelmChartContainer - Executing helm command: /bin/helm --kubeconfig /etc/rancher/k3s/k3s.yaml install test-hivemq-platform /charts/hivemq-platform --wait --timeout 5m0s --set image.repository=docker.io/hivemq --set image.tag=4.36.0 --set image.pullPolicy=Never --set nodes.resources.cpu=512m --set nodes.replicaCount=1 --set license.create=true --set-file license.overrideLicense=/files/mock-license.lic --namespace helmbrokerlicensesit
2025-01-30 18:30:05,505 INFO c.h.h.t.HelmChartContainer - [hivemq-test-hivemq-platform] [hivemq-platform-operator] [1040cde6] 18:30:05.504 [-2082509879-pool-1-thread-2] WARN  i.m.p.PrometheusMeterRegistry - The meter (MeterId{name='operator.sdk.events.received', tags=[tag(action=ADDED),tag(event=ResourceEvent),tag(group=hivemq.com),tag(kind=HiveMQPlatform),tag(name=test-hivemq-platform),tag(namespace=helmbrokerlicensesit),tag(scope=namespace),tag(version=v1)]}) registration has failed: Prometheus requires that all meters with the same name have the same set of tag keys. There is already an existing meter named 'operator.sdk.events.received' containing tag keys [event, group, kind, name, namespace, scope, version]. The meter you are attempting to register has keys [action, event, group, kind, name, namespace, scope, version]. Note that subsequent logs will be logged at debug level.
2025-01-30 18:30:06,006 INFO c.h.h.t.HelmChartContainer - [hivemq-test-hivemq-platform] [hivemq-platform-operator] [1040cde6] 18:30:06.005 [pool-6-thread-3] DEBUG c.h.p.o.dependants.PodInfoConfigMap - [helmbrok] Desired PodInfo ConfigMap (1 extensions) (1 enabled)
2025-01-30 18:30:06,006 INFO c.h.h.t.HelmChartContainer - [hivemq-test-hivemq-platform] [hivemq-platform-operator] [1040cde6] 18:30:06.006 [pool-6-thread-3] DEBUG c.h.p.o.dependants.PodInfoConfigMap - [helmbrok] Desired PodInfo ConfigMap (metrics port: 9399) (metrics path: /)
2025-01-30 18:30:06,089 INFO c.h.h.t.HelmChartContainer - [hivemq-test-hivemq-platform] [hivemq-platform-operator] [1040cde6] 18:30:06.086 [pool-6-thread-3] DEBUG c.h.p.o.dependants.PodInfoConfigMap - [helmbrok] Desired PodInfo ConfigMap (extension state hash: -1817474005)
2025-01-30 18:30:06,091 INFO c.h.h.t.HelmChartContainer - [hivemq-test-hivemq-platform] [hivemq-platform-operator] [1040cde6] 18:30:06.088 [pool-6-thread-3] DEBUG c.h.p.o.dependants.PodInfoConfigMap - [helmbrok] Create PodInfo ConfigMap
2025-01-30 18:30:06,193 INFO c.h.h.t.HelmChartContainer - [hivemq-test-hivemq-platform] [hivemq-platform-operator] [1040cde6] 18:30:06.190 [pool-6-thread-5] DEBUG c.h.p.o.dependants.PodRoleResource - [helmbrok] Create Role: Role(apiVersion=rbac.authorization.k8s.io/v1, kind=Role, metadata=ObjectMeta(annotations={meta.helm.sh/release-name=test-hivemq-platform, meta.helm.sh/release-namespace=helmbrokerlicensesit}, creationTimestamp=null, deletionGracePeriodSeconds=null, deletionTimestamp=null, finalizers=[], generateName=null, generation=null, labels={helm.sh/chart=hivemq-platform-0.2.32, app.kubernetes.io/managed-by=Helm, app.kubernetes.io/name=hivemq-platform, hivemq-platform=test-hivemq-platform, app.kubernetes.io/instance=test-hivemq-platform, app.kubernetes.io/version=4.36.0}, managedFields=[], name=hivemq-platform-role-test-hivemq-platform, namespace=helmbrokerlicensesit, ownerReferences=[OwnerReference(apiVersion=hivemq.com/v1, blockOwnerDeletion=null, controller=null, kind=HiveMQPlatform, name=test-hivemq-platform, uid=52b20d49-6753-4419-a57a-6662243c8b0e, additionalProperties={})], resourceVersion=null, selfLink=null, uid=null, additionalProperties={}), rules=[PolicyRule(apiGroups=[], nonResourceURLs=[], resourceNames=[], resources=[pods], verbs=[get, patch, update], additionalProperties={})], additionalProperties={})
2025-01-30 18:30:06,302 INFO c.h.h.t.HelmChartContainer - [hivemq-test-hivemq-platform] [hivemq-platform-operator] [1040cde6] 18:30:06.299 [pool-6-thread-7] DEBUG c.h.p.o.d.PodServiceAccountResource - [helmbrok] Desired PodServiceAccountResource (serviceAccountName: hivemq-platform-pod-test-hivemq-platform)
2025-01-30 18:30:06,302 INFO c.h.h.t.HelmChartContainer - [hivemq-test-hivemq-platform] [hivemq-platform-operator] [1040cde6] 18:30:06.300 [pool-6-thread-7] DEBUG c.h.p.o.d.PodServiceAccountResource - [helmbrok] Create ServiceAccount 'hivemq-platform-pod-test-hivemq-platform'
2025-01-30 18:30:06,493 INFO c.h.h.t.HelmChartContainer - [hivemq-test-hivemq-platform] [hivemq-platform-operator] [1040cde6] 18:30:06.492 [pool-6-thread-10] DEBUG c.h.p.o.d.PodRoleBindingResource - [helmbrok] Create RoleBinding: RoleBinding(apiVersion=rbac.authorization.k8s.io/v1, kind=RoleBinding, metadata=ObjectMeta(annotations={meta.helm.sh/release-name=test-hivemq-platform, meta.helm.sh/release-namespace=helmbrokerlicensesit}, creationTimestamp=null, deletionGracePeriodSeconds=null, deletionTimestamp=null, finalizers=[], generateName=null, generation=null, labels={helm.sh/chart=hivemq-platform-0.2.32, app.kubernetes.io/managed-by=Helm, app.kubernetes.io/name=hivemq-platform, hivemq-platform=test-hivemq-platform, app.kubernetes.io/instance=test-hivemq-platform, app.kubernetes.io/version=4.36.0}, managedFields=[], name=hivemq-platform-role-binding-test-hivemq-platform, namespace=helmbrokerlicensesit, ownerReferences=[OwnerReference(apiVersion=hivemq.com/v1, blockOwnerDeletion=null, controller=null, kind=HiveMQPlatform, name=test-hivemq-platform, uid=52b20d49-6753-4419-a57a-6662243c8b0e, additionalProperties={})], resourceVersion=null, selfLink=null, uid=null, additionalProperties={}), roleRef=RoleRef(apiGroup=rbac.authorization.k8s.io, kind=Role, name=hivemq-platform-role-test-hivemq-platform, additionalProperties={}), subjects=[Subject(apiGroup=null, kind=ServiceAccount, name=hivemq-platform-pod-test-hivemq-platform, namespace=helmbrokerlicensesit, additionalProperties={})], additionalProperties={})
2025-01-30 18:30:06,510 INFO c.h.h.t.HelmChartContainer - [hivemq-test-hivemq-platform] [hivemq-platform-operator] [1040cde6] 18:30:06.509 [ReconcilerExecutor-hivemq-controller-53] INFO  c.h.p.o.HiveMQPlatformReconciler - [helmbrok] Reconciling HiveMQ Platform 'test-hivemq-platform' in namespace 'helmbrokerlicensesit'
2025-01-30 18:30:06,510 INFO c.h.h.t.HelmChartContainer - [hivemq-test-hivemq-platform] [hivemq-platform-operator] [1040cde6] 18:30:06.509 [ReconcilerExecutor-hivemq-controller-53] DEBUG c.h.p.o.HiveMQPlatformReconciler - [helmbrok] Custom Resource Status CREATED - HiveMQ Platform was created (READY)
2025-01-30 18:30:06,510 INFO c.h.h.t.HelmChartContainer - [hivemq-test-hivemq-platform] [hivemq-platform-operator] [1040cde6] 18:30:06.510 [ReconcilerExecutor-hivemq-controller-53] DEBUG c.h.p.o.HiveMQPlatformReconciler - [helmbrok] Custom Resource Spec (replicas: 1) (extensions: 1)
2025-01-30 18:30:06,515 INFO c.h.h.t.HelmChartContainer - [hivemq-test-hivemq-platform] [hivemq-platform-operator] [1040cde6] 18:30:06.513 [ReconcilerExecutor-hivemq-controller-53] INFO  c.h.p.o.h.HiveMQPlatformReconcilerBaseHandler - [helmbrok] HiveMQ Platform is starting
2025-01-30 18:30:06,692 INFO c.h.h.t.HelmChartContainer - [hivemq-test-hivemq-platform] [hivemq-platform-operator] [1040cde6] 18:30:06.691 [ReconcilerExecutor-hivemq-controller-53] DEBUG c.h.p.operator.event.EventSender - [helmbrok] Creating K8s event hivemq-platform-starting: [Start] HiveMQ Platform is starting
2025-01-30 18:30:06,701 INFO c.h.h.t.HelmChartContainer - [EVENT] Normal [Start] HiveMQ Platform is starting [helmbrokerlicensesit:test-hivemq-platform]
2025-01-30 18:30:06,708 INFO c.h.h.t.HelmChartContainer - [hivemq-test-hivemq-platform] [hivemq-platform-operator] [1040cde6] 18:30:06.705 [ReconcilerExecutor-hivemq-controller-53] INFO  c.h.p.o.h.AbstractHiveMQReconcilerStateHandler - [helmbrok] Update HiveMQ Platform Status (CREATED [READY] -> STARTING [READY]): HiveMQ Platform is starting
2025-01-30 18:30:06,800 DEBUG com.hivemq.helmcharts.util.K8sUtil - Comparing actual state 'STARTING' and waiting for 'RUNNING'
2025-01-30 18:30:06,893 INFO c.h.h.t.HelmChartContainer - [hivemq-test-hivemq-platform] [hivemq-platform-operator] [1040cde6] 18:30:06.890 [pool-6-thread-12] DEBUG c.h.p.o.d.PlatformServiceResource - [helmbrok] Desired Platform services (3 services)
2025-01-30 18:30:06,895 INFO c.h.h.t.HelmChartContainer - [hivemq-test-hivemq-platform] [hivemq-platform-operator] [1040cde6] 18:30:06.892 [pool-6-thread-13] DEBUG c.h.p.o.dependants.PodInfoConfigMap - [helmbrok] Desired PodInfo ConfigMap (1 extensions) (1 enabled)
2025-01-30 18:30:06,895 INFO c.h.h.t.HelmChartContainer - [hivemq-test-hivemq-platform] [hivemq-platform-operator] [1040cde6] 18:30:06.895 [pool-6-thread-13] DEBUG c.h.p.o.dependants.PodInfoConfigMap - [helmbrok] Desired PodInfo ConfigMap (metrics port: 9399) (metrics path: /)
2025-01-30 18:30:06,897 INFO c.h.h.t.HelmChartContainer - [hivemq-test-hivemq-platform] [hivemq-platform-operator] [1040cde6] 18:30:06.895 [pool-6-thread-13] DEBUG c.h.p.o.dependants.PodInfoConfigMap - [helmbrok] Desired PodInfo ConfigMap (extension state hash: -1817474005)
2025-01-30 18:30:06,897 INFO c.h.h.t.HelmChartContainer - [hivemq-test-hivemq-platform] [hivemq-platform-operator] [1040cde6] 18:30:06.896 [pool-6-thread-17] DEBUG c.h.p.o.d.PodServiceAccountResource - [helmbrok] Desired PodServiceAccountResource (serviceAccountName: hivemq-platform-pod-test-hivemq-platform)
2025-01-30 18:30:06,989 INFO c.h.h.t.HelmChartContainer - [hivemq-test-hivemq-platform] [hivemq-platform-operator] [1040cde6] 18:30:06.986 [pool-6-thread-13] DEBUG c.h.p.o.dependants.PodInfoConfigMap - [helmbrok] Update PodInfo ConfigMap
2025-01-30 18:30:07,001 INFO c.h.h.t.HelmChartContainer - [K3S] [alloc.go:330] "allocated clusterIPs" service="helmbrokerlicensesit/hivemq-test-hivemq-platform-metrics-9399" clusterIPs={"IPv4":"10.43.152.201"}
2025-01-30 18:30:07,093 INFO c.h.h.t.HelmChartContainer - [K3S] [alloc.go:330] "allocated clusterIPs" service="helmbrokerlicensesit/hivemq-test-hivemq-platform-cc-8080" clusterIPs={"IPv4":"10.43.103.85"}
2025-01-30 18:30:07,108 INFO c.h.h.t.HelmChartContainer - [K3S] [alloc.go:330] "allocated clusterIPs" service="helmbrokerlicensesit/hivemq-test-hivemq-platform-mqtt-1883" clusterIPs={"IPv4":"10.43.122.123"}
2025-01-30 18:30:07,189 INFO c.h.h.t.HelmChartContainer - [hivemq-test-hivemq-platform] [hivemq-platform-operator] [1040cde6] 18:30:07.187 [pool-6-thread-20] DEBUG c.h.p.o.d.StatefulSetResource - [helmbrok] Desired StatefulSet (1 replicas) for status STARTING (READY)
2025-01-30 18:30:07,200 INFO c.h.h.t.HelmChartContainer - [hivemq-test-hivemq-platform] [hivemq-platform-operator] [1040cde6] 18:30:07.199 [pool-6-thread-20] DEBUG c.h.p.o.d.StatefulSetResource - [helmbrok] Create StatefulSet
2025-01-30 18:30:07,303 INFO c.h.h.t.HelmChartContainer - [hivemq-test-hivemq-platform] [hivemq-platform-operator] [1040cde6] 18:30:07.301 [ReconcilerExecutor-hivemq-controller-64] INFO  c.h.p.o.HiveMQPlatformReconciler - [helmbrok] Reconciling HiveMQ Platform 'test-hivemq-platform' in namespace 'helmbrokerlicensesit'
2025-01-30 18:30:07,303 INFO c.h.h.t.HelmChartContainer - [hivemq-test-hivemq-platform] [hivemq-platform-operator] [1040cde6] 18:30:07.301 [ReconcilerExecutor-hivemq-controller-64] DEBUG c.h.p.o.HiveMQPlatformReconciler - [helmbrok] Custom Resource Status STARTING - HiveMQ Platform is starting (READY)
2025-01-30 18:30:07,303 INFO c.h.h.t.HelmChartContainer - [hivemq-test-hivemq-platform] [hivemq-platform-operator] [1040cde6] 18:30:07.301 [ReconcilerExecutor-hivemq-controller-64] DEBUG c.h.p.o.HiveMQPlatformReconciler - [helmbrok] Custom Resource Spec (replicas: 1) (extensions: 1)
2025-01-30 18:30:07,308 INFO c.h.h.t.HelmChartContainer - [hivemq-test-hivemq-platform] [hivemq-platform-operator] [1040cde6] 18:30:07.306 [ReconcilerExecutor-hivemq-controller-64] DEBUG c.h.p.o.HiveMQPlatformReconciler - [helmbrok] StatefulSet Status (revision: null, replicas: 0, available: 0, ready: 0, current: 0, updated: 0)
2025-01-30 18:30:07,308 INFO c.h.h.t.HelmChartContainer - [hivemq-test-hivemq-platform] [hivemq-platform-operator] [1040cde6] 18:30:07.307 [ReconcilerExecutor-hivemq-controller-64] DEBUG c.h.p.o.HiveMQPlatformReconciler - [helmbrok] StatefulSet Spec (replicas: 1, init containers: 1, containers: 1, volumes: 4)
2025-01-30 18:30:07,309 INFO c.h.h.t.HelmChartContainer - [POD] test-hivemq-platform-0 [4b0693a9-2886-4103-a60d-5f807921c962] in helmbrokerlicensesit was ADDED
2025-01-30 18:30:07,312 INFO c.h.h.t.HelmChartContainer - [POD] test-hivemq-platform-0 [4b0693a9-2886-4103-a60d-5f807921c962] in helmbrokerlicensesit was MODIFIED
2025-01-30 18:30:07,315 INFO c.h.h.t.HelmChartContainer - [EVENT] Normal [SuccessfulCreate] create Pod test-hivemq-platform-0 in StatefulSet test-hivemq-platform successful [helmbrokerlicensesit:test-hivemq-platform]
2025-01-30 18:30:07,321 INFO c.h.h.t.HelmChartContainer - [EVENT] Normal [Scheduled] Successfully assigned helmbrokerlicensesit/test-hivemq-platform-0 to fa9d92da3b04 [helmbrokerlicensesit:test-hivemq-platform-0]
2025-01-30 18:30:07,327 INFO c.h.h.t.HelmChartContainer - [POD] test-hivemq-platform-0 [4b0693a9-2886-4103-a60d-5f807921c962] in helmbrokerlicensesit was MODIFIED
2025-01-30 18:30:07,394 INFO c.h.h.t.HelmChartContainer - [hivemq-test-hivemq-platform] [hivemq-platform-operator] [1040cde6] 18:30:07.391 [ReconcilerExecutor-hivemq-controller-64] INFO  c.h.p.o.h.HiveMQPlatformReconcilerBaseHandler - [helmbrok] HiveMQ Platform is starting, 0 of 1 replicas are ready
2025-01-30 18:30:07,401 INFO c.h.h.t.HelmChartContainer - [K3S] [reconciler_common.go:251] "operationExecutor.VerifyControllerAttachedVolume started for volume \"pod-info\" (UniqueName: \"kubernetes.io/configmap/4b0693a9-2886-4103-a60d-5f807921c962-pod-info\") pod \"test-hivemq-platform-0\" (UID: \"4b0693a9-2886-4103-a60d-5f807921c962\") " pod="helmbrokerlicensesit/test-hivemq-platform-0"
2025-01-30 18:30:07,401 INFO c.h.h.t.HelmChartContainer - [K3S] [reconciler_common.go:251] "operationExecutor.VerifyControllerAttachedVolume started for volume \"broker-configuration\" (UniqueName: \"kubernetes.io/configmap/4b0693a9-2886-4103-a60d-5f807921c962-broker-configuration\") pod \"test-hivemq-platform-0\" (UID: \"4b0693a9-2886-4103-a60d-5f807921c962\") " pod="helmbrokerlicensesit/test-hivemq-platform-0"
2025-01-30 18:30:07,401 INFO c.h.h.t.HelmChartContainer - [K3S] [reconciler_common.go:251] "operationExecutor.VerifyControllerAttachedVolume started for volume \"operator-init\" (UniqueName: \"kubernetes.io/empty-dir/4b0693a9-2886-4103-a60d-5f807921c962-operator-init\") pod \"test-hivemq-platform-0\" (UID: \"4b0693a9-2886-4103-a60d-5f807921c962\") " pod="helmbrokerlicensesit/test-hivemq-platform-0"
2025-01-30 18:30:07,401 INFO c.h.h.t.HelmChartContainer - [K3S] [reconciler_common.go:251] "operationExecutor.VerifyControllerAttachedVolume started for volume \"licenses\" (UniqueName: \"kubernetes.io/secret/4b0693a9-2886-4103-a60d-5f807921c962-licenses\") pod \"test-hivemq-platform-0\" (UID: \"4b0693a9-2886-4103-a60d-5f807921c962\") " pod="helmbrokerlicensesit/test-hivemq-platform-0"
2025-01-30 18:30:07,402 INFO c.h.h.t.HelmChartContainer - [K3S] [reconciler_common.go:251] "operationExecutor.VerifyControllerAttachedVolume started for volume \"kube-api-access-2s24l\" (UniqueName: \"kubernetes.io/projected/4b0693a9-2886-4103-a60d-5f807921c962-kube-api-access-2s24l\") pod \"test-hivemq-platform-0\" (UID: \"4b0693a9-2886-4103-a60d-5f807921c962\") " pod="helmbrokerlicensesit/test-hivemq-platform-0"
2025-01-30 18:30:07,402 INFO c.h.h.t.HelmChartContainer - [hivemq-test-hivemq-platform] [hivemq-platform-operator] [1040cde6] 18:30:07.400 [pool-6-thread-22] DEBUG c.h.p.o.d.PlatformServiceResource - [helmbrok] Desired Platform services (3 services)
2025-01-30 18:30:07,410 INFO c.h.h.t.HelmChartContainer - [hivemq-test-hivemq-platform] [hivemq-platform-operator] [1040cde6] 18:30:07.409 [pool-6-thread-23] DEBUG c.h.p.o.dependants.PodInfoConfigMap - [helmbrok] Desired PodInfo ConfigMap (1 extensions) (1 enabled)
2025-01-30 18:30:07,410 INFO c.h.h.t.HelmChartContainer - [hivemq-test-hivemq-platform] [hivemq-platform-operator] [1040cde6] 18:30:07.409 [pool-6-thread-23] DEBUG c.h.p.o.dependants.PodInfoConfigMap - [helmbrok] Desired PodInfo ConfigMap (metrics port: 9399) (metrics path: /)
2025-01-30 18:30:07,410 INFO c.h.h.t.HelmChartContainer - [hivemq-test-hivemq-platform] [hivemq-platform-operator] [1040cde6] 18:30:07.409 [pool-6-thread-23] DEBUG c.h.p.o.dependants.PodInfoConfigMap - [helmbrok] Desired PodInfo ConfigMap (extension state hash: -1817474005)
2025-01-30 18:30:07,491 INFO c.h.h.t.HelmChartContainer - [hivemq-test-hivemq-platform] [hivemq-platform-operator] [1040cde6] 18:30:07.489 [pool-6-thread-27] DEBUG c.h.p.o.d.PodServiceAccountResource - [helmbrok] Desired PodServiceAccountResource (serviceAccountName: hivemq-platform-pod-test-hivemq-platform)
2025-01-30 18:30:07,497 INFO c.h.h.t.HelmChartContainer - [hivemq-test-hivemq-platform] [hivemq-platform-operator] [1040cde6] 18:30:07.496 [pool-6-thread-30] DEBUG c.h.p.o.d.StatefulSetResource - [helmbrok] Desired StatefulSet (1 replicas) for status STARTING (READY)
2025-01-30 18:30:07,590 INFO c.h.h.t.HelmChartContainer - [hivemq-test-hivemq-platform] [hivemq-platform-operator] [1040cde6] 18:30:07.588 [ReconcilerExecutor-hivemq-controller-75] INFO  c.h.p.o.HiveMQPlatformReconciler - [helmbrok] Reconciling HiveMQ Platform 'test-hivemq-platform' in namespace 'helmbrokerlicensesit'
2025-01-30 18:30:07,590 INFO c.h.h.t.HelmChartContainer - [hivemq-test-hivemq-platform] [hivemq-platform-operator] [1040cde6] 18:30:07.588 [ReconcilerExecutor-hivemq-controller-75] DEBUG c.h.p.o.HiveMQPlatformReconciler - [helmbrok] Custom Resource Status STARTING - HiveMQ Platform is starting (READY)
2025-01-30 18:30:07,590 INFO c.h.h.t.HelmChartContainer - [hivemq-test-hivemq-platform] [hivemq-platform-operator] [1040cde6] 18:30:07.588 [ReconcilerExecutor-hivemq-controller-75] DEBUG c.h.p.o.HiveMQPlatformReconciler - [helmbrok] Custom Resource Spec (replicas: 1) (extensions: 1)
2025-01-30 18:30:07,594 INFO c.h.h.t.HelmChartContainer - [hivemq-test-hivemq-platform] [hivemq-platform-operator] [1040cde6] 18:30:07.592 [ReconcilerExecutor-hivemq-controller-75] DEBUG c.h.p.o.HiveMQPlatformReconciler - [helmbrok] StatefulSet Status (revision: test-hivemq-platform-6994fc54f5, replicas: 1, available: 0, ready: 0, current: 1, updated: 1)
2025-01-30 18:30:07,594 INFO c.h.h.t.HelmChartContainer - [hivemq-test-hivemq-platform] [hivemq-platform-operator] [1040cde6] 18:30:07.592 [ReconcilerExecutor-hivemq-controller-75] DEBUG c.h.p.o.HiveMQPlatformReconciler - [helmbrok] StatefulSet Spec (replicas: 1, init containers: 1, containers: 1, volumes: 4)
2025-01-30 18:30:07,606 INFO c.h.h.t.HelmChartContainer - [hivemq-test-hivemq-platform] [hivemq-platform-operator] [1040cde6] 18:30:07.604 [ReconcilerExecutor-hivemq-controller-75] DEBUG c.h.p.o.h.HiveMQPlatformReconcilerErrorHandler - [helmbrok] Pod 'test-hivemq-platform-0' phase Pending
2025-01-30 18:30:07,606 INFO c.h.h.t.HelmChartContainer - [hivemq-test-hivemq-platform] [hivemq-platform-operator] [1040cde6] 18:30:07.605 [ReconcilerExecutor-hivemq-controller-75] DEBUG c.h.p.o.h.HiveMQPlatformReconcilerErrorHandler - [helmbrok] Pod 'test-hivemq-platform-0' condition 'PodReadyToStartContainers': False
2025-01-30 18:30:07,606 INFO c.h.h.t.HelmChartContainer - [hivemq-test-hivemq-platform] [hivemq-platform-operator] [1040cde6] 18:30:07.605 [ReconcilerExecutor-hivemq-controller-75] DEBUG c.h.p.o.h.HiveMQPlatformReconcilerErrorHandler - [helmbrok] Pod 'test-hivemq-platform-0' condition 'Initialized': False
2025-01-30 18:30:07,606 INFO c.h.h.t.HelmChartContainer - [hivemq-test-hivemq-platform] [hivemq-platform-operator] [1040cde6] 18:30:07.605 [ReconcilerExecutor-hivemq-controller-75] DEBUG c.h.p.o.h.HiveMQPlatformReconcilerErrorHandler - [helmbrok] Pod 'test-hivemq-platform-0' condition 'Ready': False
2025-01-30 18:30:07,606 INFO c.h.h.t.HelmChartContainer - [hivemq-test-hivemq-platform] [hivemq-platform-operator] [1040cde6] 18:30:07.605 [ReconcilerExecutor-hivemq-controller-75] DEBUG c.h.p.o.h.HiveMQPlatformReconcilerErrorHandler - [helmbrok] Pod 'test-hivemq-platform-0' condition 'ContainersReady': False
2025-01-30 18:30:07,688 INFO c.h.h.t.HelmChartContainer - [hivemq-test-hivemq-platform] [hivemq-platform-operator] [1040cde6] 18:30:07.605 [ReconcilerExecutor-hivemq-controller-75] DEBUG c.h.p.o.h.HiveMQPlatformReconcilerErrorHandler - [helmbrok] Pod 'test-hivemq-platform-0' condition 'PodScheduled': True
2025-01-30 18:30:07,689 INFO c.h.h.t.HelmChartContainer - [hivemq-test-hivemq-platform] [hivemq-platform-operator] [1040cde6] 18:30:07.687 [ReconcilerExecutor-hivemq-controller-75] DEBUG c.h.p.o.h.HiveMQPlatformReconcilerErrorHandler - [helmbrok] Pod 'test-hivemq-platform-0' containerStatus 'hivemq' (started: false) (ready: false) (waiting: [PodInitializing] null)
2025-01-30 18:30:07,693 INFO c.h.h.t.HelmChartContainer - [hivemq-test-hivemq-platform] [hivemq-platform-operator] [1040cde6] 18:30:07.690 [ReconcilerExecutor-hivemq-controller-75] INFO  c.h.p.o.h.HiveMQPlatformReconcilerBaseHandler - [helmbrok] HiveMQ Platform is starting, 0 of 1 replicas are ready
2025-01-30 18:30:07,697 INFO c.h.h.t.HelmChartContainer - [hivemq-test-hivemq-platform] [hivemq-platform-operator] [1040cde6] 18:30:07.696 [pool-6-thread-32] DEBUG c.h.p.o.d.PlatformServiceResource - [helmbrok] Desired Platform services (3 services)
2025-01-30 18:30:07,701 INFO c.h.h.t.HelmChartContainer - [hivemq-test-hivemq-platform] [hivemq-platform-operator] [1040cde6] 18:30:07.699 [pool-6-thread-33] DEBUG c.h.p.o.dependants.PodInfoConfigMap - [helmbrok] Desired PodInfo ConfigMap (1 extensions) (1 enabled)
2025-01-30 18:30:07,703 INFO c.h.h.t.HelmChartContainer - [hivemq-test-hivemq-platform] [hivemq-platform-operator] [1040cde6] 18:30:07.699 [pool-6-thread-33] DEBUG c.h.p.o.dependants.PodInfoConfigMap - [helmbrok] Desired PodInfo ConfigMap (metrics port: 9399) (metrics path: /)
2025-01-30 18:30:07,703 INFO c.h.h.t.HelmChartContainer - [hivemq-test-hivemq-platform] [hivemq-platform-operator] [1040cde6] 18:30:07.699 [pool-6-thread-33] DEBUG c.h.p.o.dependants.PodInfoConfigMap - [helmbrok] Desired PodInfo ConfigMap (extension state hash: -1817474005)
2025-01-30 18:30:07,705 INFO c.h.h.t.HelmChartContainer - [hivemq-test-hivemq-platform] [hivemq-platform-operator] [1040cde6] 18:30:07.704 [pool-6-thread-37] DEBUG c.h.p.o.d.PodServiceAccountResource - [helmbrok] Desired PodServiceAccountResource (serviceAccountName: hivemq-platform-pod-test-hivemq-platform)
2025-01-30 18:30:07,714 INFO c.h.h.t.HelmChartContainer - [EVENT] Normal [Pulled] Container image "docker.io/hivemq/hivemq-platform-operator-init-test:snapshot" already present on machine [helmbrokerlicensesit:test-hivemq-platform-0]
2025-01-30 18:30:07,794 INFO c.h.h.t.HelmChartContainer - [hivemq-test-hivemq-platform] [hivemq-platform-operator] [1040cde6] 18:30:07.791 [pool-6-thread-40] DEBUG c.h.p.o.d.StatefulSetResource - [helmbrok] Desired StatefulSet (1 replicas) for status STARTING (READY)
2025-01-30 18:30:07,798 INFO c.h.h.t.HelmChartContainer - [hivemq-test-hivemq-platform] [hivemq-platform-operator] [1040cde6] 18:30:07.796 [ReconcilerExecutor-hivemq-controller-86] INFO  c.h.p.o.HiveMQPlatformReconciler - [helmbrok] Reconciling HiveMQ Platform 'test-hivemq-platform' in namespace 'helmbrokerlicensesit'
2025-01-30 18:30:07,798 INFO c.h.h.t.HelmChartContainer - [hivemq-test-hivemq-platform] [hivemq-platform-operator] [1040cde6] 18:30:07.796 [ReconcilerExecutor-hivemq-controller-86] DEBUG c.h.p.o.HiveMQPlatformReconciler - [helmbrok] Custom Resource Status STARTING - HiveMQ Platform is starting (READY)
2025-01-30 18:30:07,799 INFO c.h.h.t.HelmChartContainer - [hivemq-test-hivemq-platform] [hivemq-platform-operator] [1040cde6] 18:30:07.796 [ReconcilerExecutor-hivemq-controller-86] DEBUG c.h.p.o.HiveMQPlatformReconciler - [helmbrok] Custom Resource Spec (replicas: 1) (extensions: 1)
2025-01-30 18:30:07,800 INFO c.h.h.t.HelmChartContainer - [hivemq-test-hivemq-platform] [hivemq-platform-operator] [1040cde6] 18:30:07.799 [ReconcilerExecutor-hivemq-controller-86] DEBUG c.h.p.o.HiveMQPlatformReconciler - [helmbrok] StatefulSet Status (revision: test-hivemq-platform-6994fc54f5, replicas: 1, available: 0, ready: 0, current: 1, updated: 1)
2025-01-30 18:30:07,801 INFO c.h.h.t.HelmChartContainer - [hivemq-test-hivemq-platform] [hivemq-platform-operator] [1040cde6] 18:30:07.800 [ReconcilerExecutor-hivemq-controller-86] DEBUG c.h.p.o.HiveMQPlatformReconciler - [helmbrok] StatefulSet Spec (replicas: 1, init containers: 1, containers: 1, volumes: 4)
2025-01-30 18:30:07,804 INFO c.h.h.t.HelmChartContainer - [hivemq-test-hivemq-platform] [hivemq-platform-operator] [1040cde6] 18:30:07.802 [ReconcilerExecutor-hivemq-controller-86] DEBUG c.h.p.o.h.HiveMQPlatformReconcilerErrorHandler - [helmbrok] Pod 'test-hivemq-platform-0' phase Pending
2025-01-30 18:30:07,805 INFO c.h.h.t.HelmChartContainer - [hivemq-test-hivemq-platform] [hivemq-platform-operator] [1040cde6] 18:30:07.803 [ReconcilerExecutor-hivemq-controller-86] DEBUG c.h.p.o.h.HiveMQPlatformReconcilerErrorHandler - [helmbrok] Pod 'test-hivemq-platform-0' condition 'PodReadyToStartContainers': False
2025-01-30 18:30:07,805 INFO c.h.h.t.HelmChartContainer - [hivemq-test-hivemq-platform] [hivemq-platform-operator] [1040cde6] 18:30:07.803 [ReconcilerExecutor-hivemq-controller-86] DEBUG c.h.p.o.h.HiveMQPlatformReconcilerErrorHandler - [helmbrok] Pod 'test-hivemq-platform-0' condition 'Initialized': False
2025-01-30 18:30:07,805 INFO c.h.h.t.HelmChartContainer - [hivemq-test-hivemq-platform] [hivemq-platform-operator] [1040cde6] 18:30:07.803 [ReconcilerExecutor-hivemq-controller-86] DEBUG c.h.p.o.h.HiveMQPlatformReconcilerErrorHandler - [helmbrok] Pod 'test-hivemq-platform-0' condition 'Ready': False
2025-01-30 18:30:07,805 INFO c.h.h.t.HelmChartContainer - [hivemq-test-hivemq-platform] [hivemq-platform-operator] [1040cde6] 18:30:07.803 [ReconcilerExecutor-hivemq-controller-86] DEBUG c.h.p.o.h.HiveMQPlatformReconcilerErrorHandler - [helmbrok] Pod 'test-hivemq-platform-0' condition 'ContainersReady': False
2025-01-30 18:30:07,805 INFO c.h.h.t.HelmChartContainer - [hivemq-test-hivemq-platform] [hivemq-platform-operator] [1040cde6] 18:30:07.803 [ReconcilerExecutor-hivemq-controller-86] DEBUG c.h.p.o.h.HiveMQPlatformReconcilerErrorHandler - [helmbrok] Pod 'test-hivemq-platform-0' condition 'PodScheduled': True
2025-01-30 18:30:07,805 INFO c.h.h.t.HelmChartContainer - [hivemq-test-hivemq-platform] [hivemq-platform-operator] [1040cde6] 18:30:07.803 [ReconcilerExecutor-hivemq-controller-86] DEBUG c.h.p.o.h.HiveMQPlatformReconcilerErrorHandler - [helmbrok] Pod 'test-hivemq-platform-0' containerStatus 'hivemq' (started: false) (ready: false) (waiting: [PodInitializing] null)
2025-01-30 18:30:07,805 INFO c.h.h.t.HelmChartContainer - [hivemq-test-hivemq-platform] [hivemq-platform-operator] [1040cde6] 18:30:07.804 [ReconcilerExecutor-hivemq-controller-86] INFO  c.h.p.o.h.HiveMQPlatformReconcilerBaseHandler - [helmbrok] HiveMQ Platform is starting, 0 of 1 replicas are ready
2025-01-30 18:30:07,885 INFO c.h.h.t.HelmChartContainer - [EVENT] Normal [Created] Created container: hivemq-platform-operator-init [helmbrokerlicensesit:test-hivemq-platform-0]
2025-01-30 18:30:07,926 INFO c.h.h.t.HelmChartContainer - [EVENT] Normal [Started] Started container hivemq-platform-operator-init [helmbrokerlicensesit:test-hivemq-platform-0]
2025-01-30 18:30:08,531 INFO c.h.h.t.HelmChartContainer - [POD] test-hivemq-platform-0 [4b0693a9-2886-4103-a60d-5f807921c962] in helmbrokerlicensesit was MODIFIED
2025-01-30 18:30:08,550 INFO c.h.h.t.HelmChartContainer - [hivemq-test-hivemq-platform] [hivemq-platform-operator] [1040cde6] 18:30:08.545 [pool-6-thread-42] DEBUG c.h.p.o.d.PlatformServiceResource - [helmbrok] Desired Platform services (3 services)
2025-01-30 18:30:08,550 INFO c.h.h.t.HelmChartContainer - [hivemq-test-hivemq-platform] [hivemq-platform-operator] [1040cde6] 18:30:08.548 [pool-6-thread-43] DEBUG c.h.p.o.dependants.PodInfoConfigMap - [helmbrok] Desired PodInfo ConfigMap (1 extensions) (1 enabled)
2025-01-30 18:30:08,556 INFO c.h.h.t.HelmChartContainer - [hivemq-test-hivemq-platform] [hivemq-platform-operator] [1040cde6] 18:30:08.551 [pool-6-thread-43] DEBUG c.h.p.o.dependants.PodInfoConfigMap - [helmbrok] Desired PodInfo ConfigMap (metrics port: 9399) (metrics path: /)
2025-01-30 18:30:08,556 INFO c.h.h.t.HelmChartContainer - [hivemq-test-hivemq-platform] [hivemq-platform-operator] [1040cde6] 18:30:08.551 [pool-6-thread-43] DEBUG c.h.p.o.dependants.PodInfoConfigMap - [helmbrok] Desired PodInfo ConfigMap (extension state hash: -1817474005)
2025-01-30 18:30:08,559 INFO c.h.h.t.HelmChartContainer - [hivemq-test-hivemq-platform] [hivemq-platform-operator] [1040cde6] 18:30:08.555 [pool-6-thread-47] DEBUG c.h.p.o.d.PodServiceAccountResource - [helmbrok] Desired PodServiceAccountResource (serviceAccountName: hivemq-platform-pod-test-hivemq-platform)
2025-01-30 18:30:08,641 INFO c.h.h.t.HelmChartContainer - [hivemq-test-hivemq-platform] [hivemq-platform-operator] [1040cde6] 18:30:08.639 [pool-6-thread-50] DEBUG c.h.p.o.d.StatefulSetResource - [helmbrok] Desired StatefulSet (1 replicas) for status STARTING (READY)
2025-01-30 18:30:08,645 INFO c.h.h.t.HelmChartContainer - [hivemq-test-hivemq-platform] [hivemq-platform-operator] [1040cde6] 18:30:08.644 [ReconcilerExecutor-hivemq-controller-97] INFO  c.h.p.o.HiveMQPlatformReconciler - [helmbrok] Reconciling HiveMQ Platform 'test-hivemq-platform' in namespace 'helmbrokerlicensesit'
2025-01-30 18:30:08,647 INFO c.h.h.t.HelmChartContainer - [hivemq-test-hivemq-platform] [hivemq-platform-operator] [1040cde6] 18:30:08.644 [ReconcilerExecutor-hivemq-controller-97] DEBUG c.h.p.o.HiveMQPlatformReconciler - [helmbrok] Custom Resource Status STARTING - HiveMQ Platform is starting (READY)
2025-01-30 18:30:08,648 INFO c.h.h.t.HelmChartContainer - [hivemq-test-hivemq-platform] [hivemq-platform-operator] [1040cde6] 18:30:08.644 [ReconcilerExecutor-hivemq-controller-97] DEBUG c.h.p.o.HiveMQPlatformReconciler - [helmbrok] Custom Resource Spec (replicas: 1) (extensions: 1)
2025-01-30 18:30:08,648 INFO c.h.h.t.HelmChartContainer - [hivemq-test-hivemq-platform] [hivemq-platform-operator] [1040cde6] 18:30:08.646 [ReconcilerExecutor-hivemq-controller-97] DEBUG c.h.p.o.HiveMQPlatformReconciler - [helmbrok] StatefulSet Status (revision: test-hivemq-platform-6994fc54f5, replicas: 1, available: 0, ready: 0, current: 1, updated: 1)
2025-01-30 18:30:08,652 INFO c.h.h.t.HelmChartContainer - [hivemq-test-hivemq-platform] [hivemq-platform-operator] [1040cde6] 18:30:08.646 [ReconcilerExecutor-hivemq-controller-97] DEBUG c.h.p.o.HiveMQPlatformReconciler - [helmbrok] StatefulSet Spec (replicas: 1, init containers: 1, containers: 1, volumes: 4)
2025-01-30 18:30:08,652 INFO c.h.h.t.HelmChartContainer - [hivemq-test-hivemq-platform] [hivemq-platform-operator] [1040cde6] 18:30:08.650 [ReconcilerExecutor-hivemq-controller-97] DEBUG c.h.p.o.h.HiveMQPlatformReconcilerErrorHandler - [helmbrok] Pod 'test-hivemq-platform-0' phase Pending
2025-01-30 18:30:08,652 INFO c.h.h.t.HelmChartContainer - [hivemq-test-hivemq-platform] [hivemq-platform-operator] [1040cde6] 18:30:08.650 [ReconcilerExecutor-hivemq-controller-97] DEBUG c.h.p.o.h.HiveMQPlatformReconcilerErrorHandler - [helmbrok] Pod 'test-hivemq-platform-0' condition 'PodReadyToStartContainers': True
2025-01-30 18:30:08,652 INFO c.h.h.t.HelmChartContainer - [hivemq-test-hivemq-platform] [hivemq-platform-operator] [1040cde6] 18:30:08.650 [ReconcilerExecutor-hivemq-controller-97] DEBUG c.h.p.o.h.HiveMQPlatformReconcilerErrorHandler - [helmbrok] Pod 'test-hivemq-platform-0' condition 'Initialized': False
2025-01-30 18:30:08,652 INFO c.h.h.t.HelmChartContainer - [hivemq-test-hivemq-platform] [hivemq-platform-operator] [1040cde6] 18:30:08.650 [ReconcilerExecutor-hivemq-controller-97] DEBUG c.h.p.o.h.HiveMQPlatformReconcilerErrorHandler - [helmbrok] Pod 'test-hivemq-platform-0' condition 'Ready': False
2025-01-30 18:30:08,652 INFO c.h.h.t.HelmChartContainer - [hivemq-test-hivemq-platform] [hivemq-platform-operator] [1040cde6] 18:30:08.650 [ReconcilerExecutor-hivemq-controller-97] DEBUG c.h.p.o.h.HiveMQPlatformReconcilerErrorHandler - [helmbrok] Pod 'test-hivemq-platform-0' condition 'ContainersReady': False
2025-01-30 18:30:08,652 INFO c.h.h.t.HelmChartContainer - [hivemq-test-hivemq-platform] [hivemq-platform-operator] [1040cde6] 18:30:08.650 [ReconcilerExecutor-hivemq-controller-97] DEBUG c.h.p.o.h.HiveMQPlatformReconcilerErrorHandler - [helmbrok] Pod 'test-hivemq-platform-0' condition 'PodScheduled': True
2025-01-30 18:30:08,652 INFO c.h.h.t.HelmChartContainer - [hivemq-test-hivemq-platform] [hivemq-platform-operator] [1040cde6] 18:30:08.650 [ReconcilerExecutor-hivemq-controller-97] DEBUG c.h.p.o.h.HiveMQPlatformReconcilerErrorHandler - [helmbrok] Pod 'test-hivemq-platform-0' containerStatus 'hivemq' (started: false) (ready: false) (waiting: [PodInitializing] null)
2025-01-30 18:30:08,688 INFO c.h.h.t.HelmChartContainer - [hivemq-test-hivemq-platform] [hivemq-platform-operator] [1040cde6] 18:30:08.686 [ReconcilerExecutor-hivemq-controller-97] INFO  c.h.p.o.h.HiveMQPlatformReconcilerBaseHandler - [helmbrok] HiveMQ Platform is starting, 0 of 1 replicas are ready
2025-01-30 18:30:09,524 INFO c.h.h.t.HelmChartContainer - [EVENT] Normal [Pulled] Container image "docker.io/hivemq/hivemq4:4.36.0" already present on machine [helmbrokerlicensesit:test-hivemq-platform-0]
2025-01-30 18:30:09,524 INFO c.h.h.t.HelmChartContainer - Received Pulled event for container hivemq in pod test-hivemq-platform-0 [4b0693a9-2886-4103-a60d-5f807921c962]
2025-01-30 18:30:09,532 INFO c.h.h.t.HelmChartContainer - [POD] test-hivemq-platform-0 [4b0693a9-2886-4103-a60d-5f807921c962] in helmbrokerlicensesit was MODIFIED
2025-01-30 18:30:09,541 INFO c.h.h.t.HelmChartContainer - [hivemq-test-hivemq-platform] [hivemq-platform-operator] [1040cde6] 18:30:09.538 [pool-6-thread-8] DEBUG c.h.p.o.d.PlatformServiceResource - [helmbrok] Desired Platform services (3 services)
2025-01-30 18:30:09,544 INFO c.h.h.t.HelmChartContainer - [hivemq-test-hivemq-platform] [hivemq-platform-operator] [1040cde6] 18:30:09.539 [pool-6-thread-4] DEBUG c.h.p.o.d.PodServiceAccountResource - [helmbrok] Desired PodServiceAccountResource (serviceAccountName: hivemq-platform-pod-test-hivemq-platform)
2025-01-30 18:30:09,546 INFO c.h.h.t.HelmChartContainer - [hivemq-test-hivemq-platform] [hivemq-platform-operator] [1040cde6] 18:30:09.544 [pool-6-thread-6] DEBUG c.h.p.o.dependants.PodInfoConfigMap - [helmbrok] Desired PodInfo ConfigMap (1 extensions) (1 enabled)
2025-01-30 18:30:09,546 INFO c.h.h.t.HelmChartContainer - [hivemq-test-hivemq-platform] [hivemq-platform-operator] [1040cde6] 18:30:09.545 [pool-6-thread-6] DEBUG c.h.p.o.dependants.PodInfoConfigMap - [helmbrok] Desired PodInfo ConfigMap (metrics port: 9399) (metrics path: /)
2025-01-30 18:30:09,546 INFO c.h.h.t.HelmChartContainer - [hivemq-test-hivemq-platform] [hivemq-platform-operator] [1040cde6] 18:30:09.545 [pool-6-thread-6] DEBUG c.h.p.o.dependants.PodInfoConfigMap - [helmbrok] Desired PodInfo ConfigMap (extension state hash: -1817474005)
2025-01-30 18:30:09,553 INFO c.h.h.t.HelmChartContainer - [hivemq-test-hivemq-platform] [hivemq-platform-operator] [1040cde6] 18:30:09.552 [pool-6-thread-8] DEBUG c.h.p.o.d.StatefulSetResource - [helmbrok] Desired StatefulSet (1 replicas) for status STARTING (READY)
2025-01-30 18:30:09,591 INFO c.h.h.t.HelmChartContainer - [hivemq-test-hivemq-platform] [hivemq-platform-operator] [1040cde6] 18:30:09.590 [ReconcilerExecutor-hivemq-controller-108] INFO  c.h.p.o.HiveMQPlatformReconciler - [helmbrok] Reconciling HiveMQ Platform 'test-hivemq-platform' in namespace 'helmbrokerlicensesit'
2025-01-30 18:30:09,591 INFO c.h.h.t.HelmChartContainer - [hivemq-test-hivemq-platform] [hivemq-platform-operator] [1040cde6] 18:30:09.590 [ReconcilerExecutor-hivemq-controller-108] DEBUG c.h.p.o.HiveMQPlatformReconciler - [helmbrok] Custom Resource Status STARTING - HiveMQ Platform is starting (READY)
2025-01-30 18:30:09,591 INFO c.h.h.t.HelmChartContainer - [hivemq-test-hivemq-platform] [hivemq-platform-operator] [1040cde6] 18:30:09.590 [ReconcilerExecutor-hivemq-controller-108] DEBUG c.h.p.o.HiveMQPlatformReconciler - [helmbrok] Custom Resource Spec (replicas: 1) (extensions: 1)
2025-01-30 18:30:09,641 INFO c.h.h.t.HelmChartContainer - [hivemq-test-hivemq-platform] [hivemq-platform-operator] [1040cde6] 18:30:09.638 [ReconcilerExecutor-hivemq-controller-108] DEBUG c.h.p.o.HiveMQPlatformReconciler - [helmbrok] StatefulSet Status (revision: test-hivemq-platform-6994fc54f5, replicas: 1, available: 0, ready: 0, current: 1, updated: 1)
2025-01-30 18:30:09,642 INFO c.h.h.t.HelmChartContainer - [hivemq-test-hivemq-platform] [hivemq-platform-operator] [1040cde6] 18:30:09.638 [ReconcilerExecutor-hivemq-controller-108] DEBUG c.h.p.o.HiveMQPlatformReconciler - [helmbrok] StatefulSet Spec (replicas: 1, init containers: 1, containers: 1, volumes: 4)
2025-01-30 18:30:09,649 INFO c.h.h.t.HelmChartContainer - [hivemq-test-hivemq-platform] [hivemq-platform-operator] [1040cde6] 18:30:09.646 [ReconcilerExecutor-hivemq-controller-108] DEBUG c.h.p.o.h.HiveMQPlatformReconcilerErrorHandler - [helmbrok] Pod 'test-hivemq-platform-0' phase Pending
2025-01-30 18:30:09,649 INFO c.h.h.t.HelmChartContainer - [hivemq-test-hivemq-platform] [hivemq-platform-operator] [1040cde6] 18:30:09.647 [ReconcilerExecutor-hivemq-controller-108] DEBUG c.h.p.o.h.HiveMQPlatformReconcilerErrorHandler - [helmbrok] Pod 'test-hivemq-platform-0' condition 'PodReadyToStartContainers': True
2025-01-30 18:30:09,649 INFO c.h.h.t.HelmChartContainer - [hivemq-test-hivemq-platform] [hivemq-platform-operator] [1040cde6] 18:30:09.647 [ReconcilerExecutor-hivemq-controller-108] DEBUG c.h.p.o.h.HiveMQPlatformReconcilerErrorHandler - [helmbrok] Pod 'test-hivemq-platform-0' condition 'Initialized': True
2025-01-30 18:30:09,649 INFO c.h.h.t.HelmChartContainer - [hivemq-test-hivemq-platform] [hivemq-platform-operator] [1040cde6] 18:30:09.647 [ReconcilerExecutor-hivemq-controller-108] DEBUG c.h.p.o.h.HiveMQPlatformReconcilerErrorHandler - [helmbrok] Pod 'test-hivemq-platform-0' condition 'Ready': False
2025-01-30 18:30:09,649 INFO c.h.h.t.HelmChartContainer - [hivemq-test-hivemq-platform] [hivemq-platform-operator] [1040cde6] 18:30:09.647 [ReconcilerExecutor-hivemq-controller-108] DEBUG c.h.p.o.h.HiveMQPlatformReconcilerErrorHandler - [helmbrok] Pod 'test-hivemq-platform-0' condition 'ContainersReady': False
2025-01-30 18:30:09,649 INFO c.h.h.t.HelmChartContainer - [hivemq-test-hivemq-platform] [hivemq-platform-operator] [1040cde6] 18:30:09.647 [ReconcilerExecutor-hivemq-controller-108] DEBUG c.h.p.o.h.HiveMQPlatformReconcilerErrorHandler - [helmbrok] Pod 'test-hivemq-platform-0' condition 'PodScheduled': True
2025-01-30 18:30:09,649 INFO c.h.h.t.HelmChartContainer - [hivemq-test-hivemq-platform] [hivemq-platform-operator] [1040cde6] 18:30:09.647 [ReconcilerExecutor-hivemq-controller-108] DEBUG c.h.p.o.h.HiveMQPlatformReconcilerErrorHandler - [helmbrok] Pod 'test-hivemq-platform-0' containerStatus 'hivemq' (started: false) (ready: false) (waiting: [PodInitializing] null)
2025-01-30 18:30:09,651 INFO c.h.h.t.HelmChartContainer - [hivemq-test-hivemq-platform] [hivemq-platform-operator] [1040cde6] 18:30:09.648 [ReconcilerExecutor-hivemq-controller-108] INFO  c.h.p.o.h.HiveMQPlatformReconcilerBaseHandler - [helmbrok] HiveMQ Platform is starting, 0 of 1 replicas are ready
2025-01-30 18:30:10,793 INFO c.h.h.t.HelmChartContainer - [EVENT] Normal [Created] Created container: hivemq [helmbrokerlicensesit:test-hivemq-platform-0]
2025-01-30 18:30:10,793 INFO c.h.h.t.HelmChartContainer - Received Created event for container hivemq in pod test-hivemq-platform-0 [4b0693a9-2886-4103-a60d-5f807921c962]
2025-01-30 18:30:11,537 INFO c.h.h.t.HelmChartContainer - [POD] test-hivemq-platform-0 [4b0693a9-2886-4103-a60d-5f807921c962] in helmbrokerlicensesit was MODIFIED
2025-01-30 18:30:11,545 INFO c.h.h.t.HelmChartContainer - [hivemq-test-hivemq-platform] [hivemq-platform-operator] [1040cde6] 18:30:11.541 [pool-6-thread-14] DEBUG c.h.p.o.d.PlatformServiceResource - [helmbrok] Desired Platform services (3 services)
2025-01-30 18:30:11,545 INFO c.h.h.t.HelmChartContainer - [hivemq-test-hivemq-platform] [hivemq-platform-operator] [1040cde6] 18:30:11.543 [pool-6-thread-16] DEBUG c.h.p.o.dependants.PodInfoConfigMap - [helmbrok] Desired PodInfo ConfigMap (1 extensions) (1 enabled)
2025-01-30 18:30:11,545 INFO c.h.h.t.HelmChartContainer - [hivemq-test-hivemq-platform] [hivemq-platform-operator] [1040cde6] 18:30:11.543 [pool-6-thread-16] DEBUG c.h.p.o.dependants.PodInfoConfigMap - [helmbrok] Desired PodInfo ConfigMap (metrics port: 9399) (metrics path: /)
2025-01-30 18:30:11,545 INFO c.h.h.t.HelmChartContainer - [hivemq-test-hivemq-platform] [hivemq-platform-operator] [1040cde6] 18:30:11.543 [pool-6-thread-16] DEBUG c.h.p.o.dependants.PodInfoConfigMap - [helmbrok] Desired PodInfo ConfigMap (extension state hash: -1817474005)
2025-01-30 18:30:11,549 INFO c.h.h.t.HelmChartContainer - Started log watcher for hivemq in pod test-hivemq-platform-0 [4b0693a9-2886-4103-a60d-5f807921c962]
2025-01-30 18:30:11,549 INFO c.h.h.t.HelmChartContainer - [EVENT] Normal [Started] Started container hivemq [helmbrokerlicensesit:test-hivemq-platform-0]
2025-01-30 18:30:11,549 INFO c.h.h.t.HelmChartContainer - Received Started event for container hivemq in pod test-hivemq-platform-0 [4b0693a9-2886-4103-a60d-5f807921c962]
2025-01-30 18:30:11,550 INFO c.h.h.t.HelmChartContainer - [hivemq-test-hivemq-platform] [hivemq-platform-operator] [1040cde6] 18:30:11.548 [pool-6-thread-15] DEBUG c.h.p.o.d.PodServiceAccountResource - [helmbrok] Desired PodServiceAccountResource (serviceAccountName: hivemq-platform-pod-test-hivemq-platform)
2025-01-30 18:30:11,555 INFO c.h.h.t.HelmChartContainer - [test-hivemq-platform] [hivemq] [4b0693a9] Adding pre-installed HiveMQ Platform Operator extensions
2025-01-30 18:30:11,555 INFO c.h.h.t.HelmChartContainer - [test-hivemq-platform] [hivemq] [4b0693a9] Running as user 10000
2025-01-30 18:30:11,555 INFO c.h.h.t.HelmChartContainer - [test-hivemq-platform] [hivemq] [4b0693a9] Starting HiveMQ Platform Operator Init
2025-01-30 18:30:11,558 INFO c.h.h.t.HelmChartContainer - [hivemq-test-hivemq-platform] [hivemq-platform-operator] [1040cde6] 18:30:11.555 [pool-6-thread-18] DEBUG c.h.p.o.d.StatefulSetResource - [helmbrok] Desired StatefulSet (1 replicas) for status STARTING (READY)
2025-01-30 18:30:11,590 INFO c.h.h.t.HelmChartContainer - [hivemq-test-hivemq-platform] [hivemq-platform-operator] [1040cde6] 18:30:11.587 [ReconcilerExecutor-hivemq-controller-109] INFO  c.h.p.o.HiveMQPlatformReconciler - [helmbrok] Reconciling HiveMQ Platform 'test-hivemq-platform' in namespace 'helmbrokerlicensesit'
2025-01-30 18:30:11,590 INFO c.h.h.t.HelmChartContainer - [hivemq-test-hivemq-platform] [hivemq-platform-operator] [1040cde6] 18:30:11.587 [ReconcilerExecutor-hivemq-controller-109] DEBUG c.h.p.o.HiveMQPlatformReconciler - [helmbrok] Custom Resource Status STARTING - HiveMQ Platform is starting (READY)
2025-01-30 18:30:11,590 INFO c.h.h.t.HelmChartContainer - [hivemq-test-hivemq-platform] [hivemq-platform-operator] [1040cde6] 18:30:11.587 [ReconcilerExecutor-hivemq-controller-109] DEBUG c.h.p.o.HiveMQPlatformReconciler - [helmbrok] Custom Resource Spec (replicas: 1) (extensions: 1)
2025-01-30 18:30:11,640 INFO c.h.h.t.HelmChartContainer - [hivemq-test-hivemq-platform] [hivemq-platform-operator] [1040cde6] 18:30:11.638 [ReconcilerExecutor-hivemq-controller-109] DEBUG c.h.p.o.HiveMQPlatformReconciler - [helmbrok] StatefulSet Status (revision: test-hivemq-platform-6994fc54f5, replicas: 1, available: 0, ready: 0, current: 1, updated: 1)
2025-01-30 18:30:11,641 INFO c.h.h.t.HelmChartContainer - [hivemq-test-hivemq-platform] [hivemq-platform-operator] [1040cde6] 18:30:11.639 [ReconcilerExecutor-hivemq-controller-109] DEBUG c.h.p.o.HiveMQPlatformReconciler - [helmbrok] StatefulSet Spec (replicas: 1, init containers: 1, containers: 1, volumes: 4)
2025-01-30 18:30:11,642 INFO c.h.h.t.HelmChartContainer - [hivemq-test-hivemq-platform] [hivemq-platform-operator] [1040cde6] 18:30:11.640 [ReconcilerExecutor-hivemq-controller-109] DEBUG c.h.p.o.h.HiveMQPlatformReconcilerErrorHandler - [helmbrok] Pod 'test-hivemq-platform-0' phase Running
2025-01-30 18:30:11,642 INFO c.h.h.t.HelmChartContainer - [hivemq-test-hivemq-platform] [hivemq-platform-operator] [1040cde6] 18:30:11.641 [ReconcilerExecutor-hivemq-controller-109] INFO  c.h.p.o.h.HiveMQPlatformReconcilerBaseHandler - [helmbrok] HiveMQ Platform is starting, 0 of 1 replicas are ready
2025-01-30 18:30:11,989 INFO c.h.h.t.HelmChartContainer - [test-hivemq-platform] [hivemq] [4b0693a9] INFO  - [HiveMQ Platform Operator Init 1.7.0-SNAPSHOT] HiveMQ Platform Operator Init 1.7.0-SNAPSHOT (commit: 47e3375 on branch: HEAD) built on Thu Jan 30 03:55:50 UTC 2025
2025-01-30 18:30:13,100 INFO c.h.h.t.HelmChartContainer - [test-hivemq-platform] [hivemq] [4b0693a9] INFO  - [HiveMQ Platform Operator Init App 1.7.0-SNAPSHOT] Using bind address 10.42.0.8 from environment variable
2025-01-30 18:30:14,091 INFO c.h.h.t.HelmChartContainer - [test-hivemq-platform] [hivemq] [4b0693a9] INFO  - [HiveMQ Platform Operator Init App 1.7.0-SNAPSHOT] HiveMQ Platform Operator Init App 1.7.0-SNAPSHOT (commit: 47e3375 on branch: HEAD) built on Thu Jan 30 03:55:50 UTC 2025
2025-01-30 18:30:14,091 INFO c.h.h.t.HelmChartContainer - [test-hivemq-platform] [hivemq] [4b0693a9] INFO  - [HiveMQ Platform Operator Init App 1.7.0-SNAPSHOT] PodInfo ConfigMap directory: /etc/podinfo
2025-01-30 18:30:14,091 INFO c.h.h.t.HelmChartContainer - [test-hivemq-platform] [hivemq] [4b0693a9] INFO  - [HiveMQ Platform Operator Init App 1.7.0-SNAPSHOT] HiveMQ home directory: /opt/hivemq
2025-01-30 18:30:14,091 INFO c.h.h.t.HelmChartContainer - [test-hivemq-platform] [hivemq] [4b0693a9] INFO  - [HiveMQ Platform Operator Init App 1.7.0-SNAPSHOT] HiveMQ Logback folder: /opt/hivemq/conf
2025-01-30 18:30:14,091 INFO c.h.h.t.HelmChartContainer - [test-hivemq-platform] [hivemq] [4b0693a9] INFO  - [HiveMQ Platform Operator Init App 1.7.0-SNAPSHOT] HiveMQ Config folder: /opt/hivemq/conf-k8s
2025-01-30 18:30:14,092 INFO c.h.h.t.HelmChartContainer - [test-hivemq-platform] [hivemq] [4b0693a9] INFO  - [HiveMQ Platform Operator Init App 1.7.0-SNAPSHOT] Starting HiveMQ Platform Operator Init App
2025-01-30 18:30:14,092 INFO c.h.h.t.HelmChartContainer - [test-hivemq-platform] [hivemq] [4b0693a9] INFO  - [HiveMQ Platform Operator Init App 1.7.0-SNAPSHOT] Starting Pod reconciler
2025-01-30 18:30:15,295 INFO c.h.h.t.HelmChartContainer - [test-hivemq-platform] [hivemq] [4b0693a9] INFO  - [HiveMQ Platform Operator Init App 1.7.0-SNAPSHOT] Pod reconciler is scheduled (interval: 5000 ms)
2025-01-30 18:30:15,296 INFO c.h.h.t.HelmChartContainer - [test-hivemq-platform] [hivemq] [4b0693a9] INFO  - [HiveMQ Platform Operator Init App 1.7.0-SNAPSHOT] Starting the REST API on 10.42.0.8:7979
2025-01-30 18:30:15,299 INFO c.h.h.t.HelmChartContainer - [test-hivemq-platform] [hivemq] [4b0693a9] INFO  - [HiveMQ Platform Operator Init App 1.7.0-SNAPSHOT] Waiting up to 600s for at most 1 HiveMQ nodes in cluster service hivemq-test-hivemq-platform-cluster.helmbrokerlicensesit.svc
2025-01-30 18:30:15,687 INFO c.h.h.t.HelmChartContainer - [test-hivemq-platform] [hivemq] [4b0693a9] INFO  - [HiveMQ Platform Operator Init App 1.7.0-SNAPSHOT] Resolved 1 IP addresses: [10.42.0.8]
2025-01-30 18:30:15,687 INFO c.h.h.t.HelmChartContainer - [test-hivemq-platform] [hivemq] [4b0693a9] INFO  - [HiveMQ Platform Operator Init App 1.7.0-SNAPSHOT] HiveMQ node count of 1 is within threshold of 1
2025-01-30 18:30:15,687 INFO c.h.h.t.HelmChartContainer - [test-hivemq-platform] [hivemq] [4b0693a9] INFO  - [HiveMQ Platform Operator Init App 1.7.0-SNAPSHOT] Proceeding with container start
2025-01-30 18:30:15,753 INFO c.h.h.t.HelmChartContainer - [test-hivemq-platform] [hivemq] [4b0693a9] INFO  - [HiveMQ Platform Operator Init App 1.7.0-SNAPSHOT] Initializing HiveMQ Platform extensions with initial configuration: {hivemq-allow-all-extension={start-priority=-1, skip-https-hostname-verification=false, restart=true, config-version=0, header-version=0, c-uri=, priority=-1, uri=preinstalled, skip-https-certificate-validation=false, enabled=true}, hivemq-prometheus-extension={restart=true, priority=-1, start-priority=-1, c-uri=, skip-https-hostname-verification=false, skip-https-certificate-validation=false, uri=preinstalled, request-header-path=no-request-headers, enabled=true}}
2025-01-30 18:30:16,194 INFO c.h.h.t.HelmChartContainer - [test-hivemq-platform] [hivemq] [4b0693a9] INFO  - [HiveMQ Platform Operator Init App 1.7.0-SNAPSHOT] Extension hivemq-allow-all-extension was already enabled
2025-01-30 18:30:16,285 INFO c.h.h.t.HelmChartContainer - [test-hivemq-platform] [hivemq] [4b0693a9] INFO  - [HiveMQ Platform Operator Init App 1.7.0-SNAPSHOT] Successfully enabled extension hivemq-prometheus-extension
2025-01-30 18:30:16,287 INFO c.h.h.t.HelmChartContainer - [test-hivemq-platform] [hivemq] [4b0693a9] INFO  - [HiveMQ Platform Operator Init App 1.7.0-SNAPSHOT] Starting HiveMQ Platform version 4.36.0 (4.36.0)
2025-01-30 18:30:16,288 INFO c.h.h.t.HelmChartContainer - [test-hivemq-platform] [hivemq] [4b0693a9] INFO  - [HiveMQ Platform Operator Init App 1.7.0-SNAPSHOT] Configuring the HiveMQ Platform
2025-01-30 18:30:16,356 INFO c.h.h.t.HelmChartContainer - [test-hivemq-platform] [hivemq] [4b0693a9] INFO  - [HiveMQ Platform Operator Init App 1.7.0-SNAPSHOT] Changed logback.xml file scan period to 20 seconds
2025-01-30 18:30:16,391 INFO c.h.h.t.HelmChartContainer - [test-hivemq-platform] [hivemq] [4b0693a9] INFO  - [HiveMQ Platform Operator Init App 1.7.0-SNAPSHOT] Starting the HiveMQ Platform
2025-01-30 18:30:16,394 INFO c.h.h.t.HelmChartContainer - [test-hivemq-platform] [hivemq] [4b0693a9] -------------------------------------------------------------------------
2025-01-30 18:30:16,394 INFO c.h.h.t.HelmChartContainer - [test-hivemq-platform] [hivemq] [4b0693a9] 
2025-01-30 18:30:16,394 INFO c.h.h.t.HelmChartContainer - [test-hivemq-platform] [hivemq] [4b0693a9]                   _    _  _              __  __   ____
2025-01-30 18:30:16,394 INFO c.h.h.t.HelmChartContainer - [test-hivemq-platform] [hivemq] [4b0693a9]                  | |  | |(_)            |  \/  | / __ \
2025-01-30 18:30:16,394 INFO c.h.h.t.HelmChartContainer - [test-hivemq-platform] [hivemq] [4b0693a9]                  | |__| | _ __   __ ___ | \  / || |  | |
2025-01-30 18:30:16,394 INFO c.h.h.t.HelmChartContainer - [test-hivemq-platform] [hivemq] [4b0693a9]                  |  __  || |\ \ / // _ \| |\/| || |  | |
2025-01-30 18:30:16,394 INFO c.h.h.t.HelmChartContainer - [test-hivemq-platform] [hivemq] [4b0693a9]                  | |  | || | \ V /|  __/| |  | || |__| |
2025-01-30 18:30:16,394 INFO c.h.h.t.HelmChartContainer - [test-hivemq-platform] [hivemq] [4b0693a9]                  |_|  |_||_|  \_/  \___||_|  |_| \___\_\
2025-01-30 18:30:16,394 INFO c.h.h.t.HelmChartContainer - [test-hivemq-platform] [hivemq] [4b0693a9] 
2025-01-30 18:30:16,394 INFO c.h.h.t.HelmChartContainer - [test-hivemq-platform] [hivemq] [4b0693a9] -------------------------------------------------------------------------
2025-01-30 18:30:16,395 INFO c.h.h.t.HelmChartContainer - [test-hivemq-platform] [hivemq] [4b0693a9] 
2025-01-30 18:30:16,395 INFO c.h.h.t.HelmChartContainer - [test-hivemq-platform] [hivemq] [4b0693a9]   HiveMQ Start Script for Linux/Unix v1.14
2025-01-30 18:30:16,395 INFO c.h.h.t.HelmChartContainer - [test-hivemq-platform] [hivemq] [4b0693a9] 
2025-01-30 18:30:16,499 INFO c.h.h.t.HelmChartContainer - [test-hivemq-platform] [hivemq] [4b0693a9] -------------------------------------------------------------------------
2025-01-30 18:30:16,499 INFO c.h.h.t.HelmChartContainer - [test-hivemq-platform] [hivemq] [4b0693a9] 
2025-01-30 18:30:16,499 INFO c.h.h.t.HelmChartContainer - [test-hivemq-platform] [hivemq] [4b0693a9]   HIVEMQ_HOME: /opt/hivemq
2025-01-30 18:30:16,499 INFO c.h.h.t.HelmChartContainer - [test-hivemq-platform] [hivemq] [4b0693a9] 
2025-01-30 18:30:16,499 INFO c.h.h.t.HelmChartContainer - [test-hivemq-platform] [hivemq] [4b0693a9]   JAVA_OPTS: -XX:+UnlockExperimentalVMOptions -XX:InitialRAMPercentage=50 -XX:MaxRAMPercentage=50 -Djava.net.preferIPv4Stack=true --add-opens java.base/java.lang=ALL-UNNAMED --add-opens java.base/java.nio=ALL-UNNAMED --add-opens java.base/sun.nio.ch=ALL-UNNAMED --add-opens jdk.management/com.sun.management.internal=ALL-UNNAMED --add-exports java.base/jdk.internal.misc=ALL-UNNAMED -Djava.security.egd=file:/dev/./urandom -Dcom.sun.management.jmxremote -Dcom.sun.management.jmxremote.port=9010 -Dcom.sun.management.jmxremote.local.only=false -Dcom.sun.management.jmxremote.authenticate=false -Dcom.sun.management.jmxremote.ssl=false -Duser.language=en -Duser.region=US -XX:+CrashOnOutOfMemoryError -XX:+HeapDumpOnOutOfMemoryError
2025-01-30 18:30:16,499 INFO c.h.h.t.HelmChartContainer - [test-hivemq-platform] [hivemq] [4b0693a9] 
2025-01-30 18:30:16,499 INFO c.h.h.t.HelmChartContainer - [test-hivemq-platform] [hivemq] [4b0693a9]   JAVA_VERSION: 21
2025-01-30 18:30:16,499 INFO c.h.h.t.HelmChartContainer - [test-hivemq-platform] [hivemq] [4b0693a9] 
2025-01-30 18:30:16,499 INFO c.h.h.t.HelmChartContainer - [test-hivemq-platform] [hivemq] [4b0693a9] -------------------------------------------------------------------------
2025-01-30 18:30:16,499 INFO c.h.h.t.HelmChartContainer - [test-hivemq-platform] [hivemq] [4b0693a9] 
2025-01-30 18:30:17,653 INFO c.h.h.t.HelmChartContainer - [test-hivemq-platform] [hivemq] [4b0693a9] INFO  - [HiveMQ Platform Operator Init App 1.7.0-SNAPSHOT] Returning default Health API response 503 for readiness
2025-01-30 18:30:17,892 INFO c.h.h.t.HelmChartContainer - [EVENT] Warning [Unhealthy] Readiness probe failed: HTTP probe failed with statuscode: 503 [helmbrokerlicensesit:test-hivemq-platform-0]
2025-01-30 18:30:17,892 INFO c.h.h.t.HelmChartContainer - Received Unhealthy event for container hivemq in pod test-hivemq-platform-0 [4b0693a9-2886-4103-a60d-5f807921c962]
2025-01-30 18:30:19,094 INFO c.h.h.t.HelmChartContainer - [test-hivemq-platform] [hivemq] [4b0693a9] INFO  - Starting HiveMQ Enterprise Server
2025-01-30 18:30:19,181 INFO c.h.h.t.HelmChartContainer - [test-hivemq-platform] [hivemq] [4b0693a9] INFO  - HiveMQ version: 4.36.0
2025-01-30 18:30:19,182 INFO c.h.h.t.HelmChartContainer - [test-hivemq-platform] [hivemq] [4b0693a9] INFO  - HiveMQ home directory: /opt/hivemq
2025-01-30 18:30:19,182 INFO c.h.h.t.HelmChartContainer - [test-hivemq-platform] [hivemq] [4b0693a9] INFO  - Log Configuration was overridden by /opt/hivemq/conf/logback.xml
2025-01-30 18:30:20,386 INFO c.h.h.t.HelmChartContainer - [test-hivemq-platform] [hivemq] [4b0693a9] INFO  - Successfully loaded configuration from '/opt/hivemq/conf-k8s/config.xml'.
2025-01-30 18:30:21,188 INFO c.h.h.t.HelmChartContainer - [test-hivemq-platform] [hivemq] [4b0693a9] INFO  - This node's ID is ESmeg
2025-01-30 18:30:21,188 INFO c.h.h.t.HelmChartContainer - [test-hivemq-platform] [hivemq] [4b0693a9] INFO  - Clustering is enabled
2025-01-30 18:30:21,649 INFO c.h.h.t.HelmChartContainer - [hivemq-test-hivemq-platform] [hivemq-platform-operator] [1040cde6] 18:30:21.646 [pool-6-thread-25] DEBUG c.h.p.o.d.PlatformServiceResource - [helmbrok] Desired Platform services (3 services)
2025-01-30 18:30:21,650 INFO c.h.h.t.HelmChartContainer - [hivemq-test-hivemq-platform] [hivemq-platform-operator] [1040cde6] 18:30:21.646 [pool-6-thread-27] DEBUG c.h.p.o.dependants.PodInfoConfigMap - [helmbrok] Desired PodInfo ConfigMap (1 extensions) (1 enabled)
2025-01-30 18:30:21,650 INFO c.h.h.t.HelmChartContainer - [hivemq-test-hivemq-platform] [hivemq-platform-operator] [1040cde6] 18:30:21.646 [pool-6-thread-27] DEBUG c.h.p.o.dependants.PodInfoConfigMap - [helmbrok] Desired PodInfo ConfigMap (metrics port: 9399) (metrics path: /)
2025-01-30 18:30:21,650 INFO c.h.h.t.HelmChartContainer - [hivemq-test-hivemq-platform] [hivemq-platform-operator] [1040cde6] 18:30:21.646 [pool-6-thread-27] DEBUG c.h.p.o.dependants.PodInfoConfigMap - [helmbrok] Desired PodInfo ConfigMap (extension state hash: -1817474005)
2025-01-30 18:30:21,650 INFO c.h.h.t.HelmChartContainer - [hivemq-test-hivemq-platform] [hivemq-platform-operator] [1040cde6] 18:30:21.648 [pool-6-thread-29] DEBUG c.h.p.o.d.PodServiceAccountResource - [helmbrok] Desired PodServiceAccountResource (serviceAccountName: hivemq-platform-pod-test-hivemq-platform)
2025-01-30 18:30:21,657 INFO c.h.h.t.HelmChartContainer - [hivemq-test-hivemq-platform] [hivemq-platform-operator] [1040cde6] 18:30:21.656 [pool-6-thread-25] DEBUG c.h.p.o.d.StatefulSetResource - [helmbrok] Desired StatefulSet (1 replicas) for status STARTING (READY)
2025-01-30 18:30:21,739 INFO c.h.h.t.HelmChartContainer - [hivemq-test-hivemq-platform] [hivemq-platform-operator] [1040cde6] 18:30:21.738 [ReconcilerExecutor-hivemq-controller-110] INFO  c.h.p.o.HiveMQPlatformReconciler - [helmbrok] Reconciling HiveMQ Platform 'test-hivemq-platform' in namespace 'helmbrokerlicensesit'
2025-01-30 18:30:21,739 INFO c.h.h.t.HelmChartContainer - [hivemq-test-hivemq-platform] [hivemq-platform-operator] [1040cde6] 18:30:21.738 [ReconcilerExecutor-hivemq-controller-110] DEBUG c.h.p.o.HiveMQPlatformReconciler - [helmbrok] Custom Resource Status STARTING - HiveMQ Platform is starting (READY)
2025-01-30 18:30:21,739 INFO c.h.h.t.HelmChartContainer - [hivemq-test-hivemq-platform] [hivemq-platform-operator] [1040cde6] 18:30:21.738 [ReconcilerExecutor-hivemq-controller-110] DEBUG c.h.p.o.HiveMQPlatformReconciler - [helmbrok] Custom Resource Spec (replicas: 1) (extensions: 1)
2025-01-30 18:30:21,741 INFO c.h.h.t.HelmChartContainer - [hivemq-test-hivemq-platform] [hivemq-platform-operator] [1040cde6] 18:30:21.740 [ReconcilerExecutor-hivemq-controller-110] DEBUG c.h.p.o.HiveMQPlatformReconciler - [helmbrok] StatefulSet Status (revision: test-hivemq-platform-6994fc54f5, replicas: 1, available: 0, ready: 0, current: 1, updated: 1)
2025-01-30 18:30:21,742 INFO c.h.h.t.HelmChartContainer - [hivemq-test-hivemq-platform] [hivemq-platform-operator] [1040cde6] 18:30:21.740 [ReconcilerExecutor-hivemq-controller-110] DEBUG c.h.p.o.HiveMQPlatformReconciler - [helmbrok] StatefulSet Spec (replicas: 1, init containers: 1, containers: 1, volumes: 4)
2025-01-30 18:30:21,742 INFO c.h.h.t.HelmChartContainer - [hivemq-test-hivemq-platform] [hivemq-platform-operator] [1040cde6] 18:30:21.741 [ReconcilerExecutor-hivemq-controller-110] DEBUG c.h.p.o.h.HiveMQPlatformReconcilerErrorHandler - [helmbrok] Pod 'test-hivemq-platform-0' phase Running
2025-01-30 18:30:21,743 INFO c.h.h.t.HelmChartContainer - [hivemq-test-hivemq-platform] [hivemq-platform-operator] [1040cde6] 18:30:21.742 [ReconcilerExecutor-hivemq-controller-110] INFO  c.h.p.o.h.HiveMQPlatformReconcilerBaseHandler - [helmbrok] HiveMQ Platform is starting, 0 of 1 replicas are ready
2025-01-30 18:30:23,081 INFO c.h.h.t.HelmChartContainer - [test-hivemq-platform] [hivemq] [4b0693a9] WARN  - [HiveMQ Platform Operator Init App 1.7.0-SNAPSHOT] Cannot connect to Health API for readiness: null
2025-01-30 18:30:23,087 INFO c.h.h.t.HelmChartContainer - [EVENT] Warning [Unhealthy] Readiness probe failed: HTTP probe failed with statuscode: 503 [helmbrokerlicensesit:test-hivemq-platform-0]
2025-01-30 18:30:23,087 INFO c.h.h.t.HelmChartContainer - Received Unhealthy event for container hivemq in pod test-hivemq-platform-0 [4b0693a9-2886-4103-a60d-5f807921c962]
2025-01-30 18:30:25,587 INFO c.h.h.t.HelmChartContainer - [test-hivemq-platform] [hivemq] [4b0693a9] Jan 30, 2025 6:30:25 PM io.vertx.core.impl.BlockedThreadChecker
2025-01-30 18:30:25,588 INFO c.h.h.t.HelmChartContainer - [test-hivemq-platform] [hivemq] [4b0693a9] WARNING: Thread Thread[vert.x-eventloop-thread-1,5,main] has been blocked for 2393 ms, time limit is 2000 ms
2025-01-30 18:30:26,253 INFO c.h.h.t.HelmChartContainer - [test-hivemq-platform] [hivemq] [4b0693a9] INFO  - [HiveMQ Platform Operator Init App 1.7.0-SNAPSHOT] Updating Pod HiveMQ Platform Operator Init App version annotation (version: 1.7.0-SNAPSHOT)
2025-01-30 18:30:27,390 INFO c.h.h.t.HelmChartContainer - [POD] test-hivemq-platform-0 [4b0693a9-2886-4103-a60d-5f807921c962] in helmbrokerlicensesit was MODIFIED
2025-01-30 18:30:27,399 INFO c.h.h.t.HelmChartContainer - [hivemq-test-hivemq-platform] [hivemq-platform-operator] [1040cde6] 18:30:27.398 [pool-6-thread-31] DEBUG c.h.p.o.d.PlatformServiceResource - [helmbrok] Desired Platform services (3 services)
2025-01-30 18:30:27,402 INFO c.h.h.t.HelmChartContainer - [hivemq-test-hivemq-platform] [hivemq-platform-operator] [1040cde6] 18:30:27.399 [pool-6-thread-37] DEBUG c.h.p.o.dependants.PodInfoConfigMap - [helmbrok] Desired PodInfo ConfigMap (1 extensions) (1 enabled)
2025-01-30 18:30:27,402 INFO c.h.h.t.HelmChartContainer - [hivemq-test-hivemq-platform] [hivemq-platform-operator] [1040cde6] 18:30:27.399 [pool-6-thread-37] DEBUG c.h.p.o.dependants.PodInfoConfigMap - [helmbrok] Desired PodInfo ConfigMap (metrics port: 9399) (metrics path: /)
2025-01-30 18:30:27,402 INFO c.h.h.t.HelmChartContainer - [hivemq-test-hivemq-platform] [hivemq-platform-operator] [1040cde6] 18:30:27.399 [pool-6-thread-37] DEBUG c.h.p.o.dependants.PodInfoConfigMap - [helmbrok] Desired PodInfo ConfigMap (extension state hash: -1817474005)
2025-01-30 18:30:27,402 INFO c.h.h.t.HelmChartContainer - [hivemq-test-hivemq-platform] [hivemq-platform-operator] [1040cde6] 18:30:27.400 [pool-6-thread-38] DEBUG c.h.p.o.d.PodServiceAccountResource - [helmbrok] Desired PodServiceAccountResource (serviceAccountName: hivemq-platform-pod-test-hivemq-platform)
2025-01-30 18:30:27,410 INFO c.h.h.t.HelmChartContainer - [hivemq-test-hivemq-platform] [hivemq-platform-operator] [1040cde6] 18:30:27.409 [pool-6-thread-31] DEBUG c.h.p.o.d.StatefulSetResource - [helmbrok] Desired StatefulSet (1 replicas) for status STARTING (READY)
2025-01-30 18:30:27,415 INFO c.h.h.t.HelmChartContainer - [hivemq-test-hivemq-platform] [hivemq-platform-operator] [1040cde6] 18:30:27.414 [ReconcilerExecutor-hivemq-controller-111] INFO  c.h.p.o.HiveMQPlatformReconciler - [helmbrok] Reconciling HiveMQ Platform 'test-hivemq-platform' in namespace 'helmbrokerlicensesit'
2025-01-30 18:30:27,418 INFO c.h.h.t.HelmChartContainer - [hivemq-test-hivemq-platform] [hivemq-platform-operator] [1040cde6] 18:30:27.414 [ReconcilerExecutor-hivemq-controller-111] DEBUG c.h.p.o.HiveMQPlatformReconciler - [helmbrok] Custom Resource Status STARTING - HiveMQ Platform is starting (READY)
2025-01-30 18:30:27,419 INFO c.h.h.t.HelmChartContainer - [hivemq-test-hivemq-platform] [hivemq-platform-operator] [1040cde6] 18:30:27.415 [ReconcilerExecutor-hivemq-controller-111] DEBUG c.h.p.o.HiveMQPlatformReconciler - [helmbrok] Custom Resource Spec (replicas: 1) (extensions: 1)
2025-01-30 18:30:27,419 INFO c.h.h.t.HelmChartContainer - [hivemq-test-hivemq-platform] [hivemq-platform-operator] [1040cde6] 18:30:27.416 [ReconcilerExecutor-hivemq-controller-111] DEBUG c.h.p.o.HiveMQPlatformReconciler - [helmbrok] StatefulSet Status (revision: test-hivemq-platform-6994fc54f5, replicas: 1, available: 0, ready: 0, current: 1, updated: 1)
2025-01-30 18:30:27,419 INFO c.h.h.t.HelmChartContainer - [hivemq-test-hivemq-platform] [hivemq-platform-operator] [1040cde6] 18:30:27.416 [ReconcilerExecutor-hivemq-controller-111] DEBUG c.h.p.o.HiveMQPlatformReconciler - [helmbrok] StatefulSet Spec (replicas: 1, init containers: 1, containers: 1, volumes: 4)
2025-01-30 18:30:27,484 INFO c.h.h.t.HelmChartContainer - [test-hivemq-platform] [hivemq] [4b0693a9] WARN  - [HiveMQ Platform Operator Init App 1.7.0-SNAPSHOT] Cannot connect to Health API for readiness: null
2025-01-30 18:30:27,488 INFO c.h.h.t.HelmChartContainer - [EVENT] Warning [Unhealthy] Readiness probe failed: HTTP probe failed with statuscode: 503 [helmbrokerlicensesit:test-hivemq-platform-0]
2025-01-30 18:30:27,489 INFO c.h.h.t.HelmChartContainer - Received Unhealthy event for container hivemq in pod test-hivemq-platform-0 [4b0693a9-2886-4103-a60d-5f807921c962]
2025-01-30 18:30:27,492 INFO c.h.h.t.HelmChartContainer - [hivemq-test-hivemq-platform] [hivemq-platform-operator] [1040cde6] 18:30:27.487 [ReconcilerExecutor-hivemq-controller-111] DEBUG c.h.p.o.h.HiveMQPlatformReconcilerErrorHandler - [helmbrok] Pod 'test-hivemq-platform-0' phase Running
2025-01-30 18:30:27,492 INFO c.h.h.t.HelmChartContainer - [hivemq-test-hivemq-platform] [hivemq-platform-operator] [1040cde6] 18:30:27.490 [ReconcilerExecutor-hivemq-controller-111] INFO  c.h.p.o.h.HiveMQPlatformReconcilerBaseHandler - [helmbrok] HiveMQ Platform is starting, 0 of 1 replicas are ready
2025-01-30 18:30:27,493 INFO c.h.h.t.HelmChartContainer - [test-hivemq-platform] [hivemq] [4b0693a9] INFO  - [HiveMQ Platform Operator Init App 1.7.0-SNAPSHOT] Successfully updated Pod HiveMQ Platform Operator Init App version annotation (version: 1.7.0-SNAPSHOT)
2025-01-30 18:30:32,454 INFO c.h.h.t.HelmChartContainer - [test-hivemq-platform] [hivemq] [4b0693a9] WARN  - [HiveMQ Platform Operator Init App 1.7.0-SNAPSHOT] Cannot connect to Health API for readiness: null
2025-01-30 18:30:32,460 INFO c.h.h.t.HelmChartContainer - [EVENT] Warning [Unhealthy] Readiness probe failed: HTTP probe failed with statuscode: 503 [helmbrokerlicensesit:test-hivemq-platform-0]
2025-01-30 18:30:32,460 INFO c.h.h.t.HelmChartContainer - Received Unhealthy event for container hivemq in pod test-hivemq-platform-0 [4b0693a9-2886-4103-a60d-5f807921c962]
2025-01-30 18:30:37,455 INFO c.h.h.t.HelmChartContainer - [test-hivemq-platform] [hivemq] [4b0693a9] WARN  - [HiveMQ Platform Operator Init App 1.7.0-SNAPSHOT] Cannot connect to Health API for readiness: null
2025-01-30 18:30:37,463 INFO c.h.h.t.HelmChartContainer - [EVENT] Warning [Unhealthy] Readiness probe failed: HTTP probe failed with statuscode: 503 [helmbrokerlicensesit:test-hivemq-platform-0]
2025-01-30 18:30:37,463 INFO c.h.h.t.HelmChartContainer - Received Unhealthy event for container hivemq in pod test-hivemq-platform-0 [4b0693a9-2886-4103-a60d-5f807921c962]
2025-01-30 18:30:37,498 INFO c.h.h.t.HelmChartContainer - [hivemq-test-hivemq-platform] [hivemq-platform-operator] [1040cde6] 18:30:37.495 [pool-6-thread-45] DEBUG c.h.p.o.d.PlatformServiceResource - [helmbrok] Desired Platform services (3 services)
2025-01-30 18:30:37,498 INFO c.h.h.t.HelmChartContainer - [hivemq-test-hivemq-platform] [hivemq-platform-operator] [1040cde6] 18:30:37.496 [pool-6-thread-43] DEBUG c.h.p.o.dependants.PodInfoConfigMap - [helmbrok] Desired PodInfo ConfigMap (1 extensions) (1 enabled)
2025-01-30 18:30:37,498 INFO c.h.h.t.HelmChartContainer - [hivemq-test-hivemq-platform] [hivemq-platform-operator] [1040cde6] 18:30:37.496 [pool-6-thread-43] DEBUG c.h.p.o.dependants.PodInfoConfigMap - [helmbrok] Desired PodInfo ConfigMap (metrics port: 9399) (metrics path: /)
2025-01-30 18:30:37,498 INFO c.h.h.t.HelmChartContainer - [hivemq-test-hivemq-platform] [hivemq-platform-operator] [1040cde6] 18:30:37.496 [pool-6-thread-43] DEBUG c.h.p.o.dependants.PodInfoConfigMap - [helmbrok] Desired PodInfo ConfigMap (extension state hash: -1817474005)
2025-01-30 18:30:37,498 INFO c.h.h.t.HelmChartContainer - [hivemq-test-hivemq-platform] [hivemq-platform-operator] [1040cde6] 18:30:37.496 [pool-6-thread-44] DEBUG c.h.p.o.d.PodServiceAccountResource - [helmbrok] Desired PodServiceAccountResource (serviceAccountName: hivemq-platform-pod-test-hivemq-platform)
2025-01-30 18:30:37,503 INFO c.h.h.t.HelmChartContainer - [hivemq-test-hivemq-platform] [hivemq-platform-operator] [1040cde6] 18:30:37.502 [pool-6-thread-45] DEBUG c.h.p.o.d.StatefulSetResource - [helmbrok] Desired StatefulSet (1 replicas) for status STARTING (READY)
2025-01-30 18:30:37,518 INFO c.h.h.t.HelmChartContainer - [hivemq-test-hivemq-platform] [hivemq-platform-operator] [1040cde6] 18:30:37.515 [ReconcilerExecutor-hivemq-controller-112] INFO  c.h.p.o.HiveMQPlatformReconciler - [helmbrok] Reconciling HiveMQ Platform 'test-hivemq-platform' in namespace 'helmbrokerlicensesit'
2025-01-30 18:30:37,518 INFO c.h.h.t.HelmChartContainer - [hivemq-test-hivemq-platform] [hivemq-platform-operator] [1040cde6] 18:30:37.515 [ReconcilerExecutor-hivemq-controller-112] DEBUG c.h.p.o.HiveMQPlatformReconciler - [helmbrok] Custom Resource Status STARTING - HiveMQ Platform is starting (READY)
2025-01-30 18:30:37,518 INFO c.h.h.t.HelmChartContainer - [hivemq-test-hivemq-platform] [hivemq-platform-operator] [1040cde6] 18:30:37.515 [ReconcilerExecutor-hivemq-controller-112] DEBUG c.h.p.o.HiveMQPlatformReconciler - [helmbrok] Custom Resource Spec (replicas: 1) (extensions: 1)
2025-01-30 18:30:37,591 INFO c.h.h.t.HelmChartContainer - [hivemq-test-hivemq-platform] [hivemq-platform-operator] [1040cde6] 18:30:37.589 [ReconcilerExecutor-hivemq-controller-112] DEBUG c.h.p.o.HiveMQPlatformReconciler - [helmbrok] StatefulSet Status (revision: test-hivemq-platform-6994fc54f5, replicas: 1, available: 0, ready: 0, current: 1, updated: 1)
2025-01-30 18:30:37,591 INFO c.h.h.t.HelmChartContainer - [hivemq-test-hivemq-platform] [hivemq-platform-operator] [1040cde6] 18:30:37.589 [ReconcilerExecutor-hivemq-controller-112] DEBUG c.h.p.o.HiveMQPlatformReconciler - [helmbrok] StatefulSet Spec (replicas: 1, init containers: 1, containers: 1, volumes: 4)
2025-01-30 18:30:37,594 INFO c.h.h.t.HelmChartContainer - [hivemq-test-hivemq-platform] [hivemq-platform-operator] [1040cde6] 18:30:37.593 [ReconcilerExecutor-hivemq-controller-112] DEBUG c.h.p.o.h.HiveMQPlatformReconcilerErrorHandler - [helmbrok] Pod 'test-hivemq-platform-0' phase Running
2025-01-30 18:30:37,594 INFO c.h.h.t.HelmChartContainer - [hivemq-test-hivemq-platform] [hivemq-platform-operator] [1040cde6] 18:30:37.594 [ReconcilerExecutor-hivemq-controller-112] INFO  c.h.p.o.h.HiveMQPlatformReconcilerBaseHandler - [helmbrok] HiveMQ Platform is starting, 0 of 1 replicas are ready
2025-01-30 18:30:37,681 INFO c.h.h.t.HelmChartContainer - [test-hivemq-platform] [hivemq] [4b0693a9] WARN  - [HiveMQ Platform Operator Init App 1.7.0-SNAPSHOT] Cannot connect to Health API for liveness: null
2025-01-30 18:30:37,682 INFO c.h.h.t.HelmChartContainer - [test-hivemq-platform] [hivemq] [4b0693a9] INFO  - [HiveMQ Platform Operator Init App 1.7.0-SNAPSHOT] Returning default Health API response 200 for liveness
2025-01-30 18:30:39,585 INFO c.h.h.t.HelmChartContainer - [test-hivemq-platform] [hivemq] [4b0693a9] WARN  - License file license.lic is corrupt.
2025-01-30 18:30:39,585 INFO c.h.h.testcontainer.LogWaiterUtil - TEST Found log pattern on 'test-hivemq-platform-0': .*License file license.lic is corrupt.
2025-01-30 18:30:39,587 INFO c.h.h.t.HelmChartContainer - [test-hivemq-platform] [hivemq] [4b0693a9] INFO  - No valid license file found. Using trial license, restricted to 25 connections.
2025-01-30 18:30:42,482 INFO c.h.h.t.HelmChartContainer - [test-hivemq-platform] [hivemq] [4b0693a9] WARN  - [HiveMQ Platform Operator Init App 1.7.0-SNAPSHOT] Cannot connect to Health API for readiness: null
2025-01-30 18:30:42,489 INFO c.h.h.t.HelmChartContainer - [EVENT] Warning [Unhealthy] Readiness probe failed: HTTP probe failed with statuscode: 503 [helmbrokerlicensesit:test-hivemq-platform-0]
2025-01-30 18:30:42,489 INFO c.h.h.t.HelmChartContainer - Received Unhealthy event for container hivemq in pod test-hivemq-platform-0 [4b0693a9-2886-4103-a60d-5f807921c962]
2025-01-30 18:30:44,194 INFO c.h.h.t.HelmChartContainer - [test-hivemq-platform] [hivemq] [4b0693a9] INFO  - No valid license file for Data Hub found. Using free license, restricted to 1 policy.
2025-01-30 18:30:45,481 INFO c.h.h.t.HelmChartContainer - [test-hivemq-platform] [hivemq] [4b0693a9] INFO  - Audit Logger started.
2025-01-30 18:30:45,886 INFO c.h.h.t.HelmChartContainer - [test-hivemq-platform] [hivemq] [4b0693a9] INFO  - This node uses '1' CPU cores.
2025-01-30 18:30:45,891 INFO c.h.h.t.HelmChartContainer - [test-hivemq-platform] [hivemq] [4b0693a9] INFO  - Starting HiveMQ Health API on address 0.0.0.0 and port 8889
2025-01-30 18:30:46,783 INFO c.h.h.t.HelmChartContainer - [test-hivemq-platform] [hivemq] [4b0693a9] INFO  - Started HiveMQ Health API in 892ms
2025-01-30 18:30:47,599 INFO c.h.h.t.HelmChartContainer - [hivemq-test-hivemq-platform] [hivemq-platform-operator] [1040cde6] 18:30:47.597 [pool-6-thread-1] DEBUG c.h.p.o.d.PlatformServiceResource - [helmbrok] Desired Platform services (3 services)
2025-01-30 18:30:47,602 INFO c.h.h.t.HelmChartContainer - [hivemq-test-hivemq-platform] [hivemq-platform-operator] [1040cde6] 18:30:47.598 [pool-6-thread-2] DEBUG c.h.p.o.dependants.PodInfoConfigMap - [helmbrok] Desired PodInfo ConfigMap (1 extensions) (1 enabled)
2025-01-30 18:30:47,602 INFO c.h.h.t.HelmChartContainer - [hivemq-test-hivemq-platform] [hivemq-platform-operator] [1040cde6] 18:30:47.598 [pool-6-thread-2] DEBUG c.h.p.o.dependants.PodInfoConfigMap - [helmbrok] Desired PodInfo ConfigMap (metrics port: 9399) (metrics path: /)
2025-01-30 18:30:47,602 INFO c.h.h.t.HelmChartContainer - [hivemq-test-hivemq-platform] [hivemq-platform-operator] [1040cde6] 18:30:47.598 [pool-6-thread-2] DEBUG c.h.p.o.dependants.PodInfoConfigMap - [helmbrok] Desired PodInfo ConfigMap (extension state hash: -1817474005)
2025-01-30 18:30:47,602 INFO c.h.h.t.HelmChartContainer - [hivemq-test-hivemq-platform] [hivemq-platform-operator] [1040cde6] 18:30:47.600 [pool-6-thread-5] DEBUG c.h.p.o.d.PodServiceAccountResource - [helmbrok] Desired PodServiceAccountResource (serviceAccountName: hivemq-platform-pod-test-hivemq-platform)
2025-01-30 18:30:47,611 INFO c.h.h.t.HelmChartContainer - [hivemq-test-hivemq-platform] [hivemq-platform-operator] [1040cde6] 18:30:47.603 [pool-6-thread-5] DEBUG c.h.p.o.d.StatefulSetResource - [helmbrok] Desired StatefulSet (1 replicas) for status STARTING (READY)
2025-01-30 18:30:47,612 INFO c.h.h.t.HelmChartContainer - [hivemq-test-hivemq-platform] [hivemq-platform-operator] [1040cde6] 18:30:47.607 [ReconcilerExecutor-hivemq-controller-113] INFO  c.h.p.o.HiveMQPlatformReconciler - [helmbrok] Reconciling HiveMQ Platform 'test-hivemq-platform' in namespace 'helmbrokerlicensesit'
2025-01-30 18:30:47,612 INFO c.h.h.t.HelmChartContainer - [hivemq-test-hivemq-platform] [hivemq-platform-operator] [1040cde6] 18:30:47.607 [ReconcilerExecutor-hivemq-controller-113] DEBUG c.h.p.o.HiveMQPlatformReconciler - [helmbrok] Custom Resource Status STARTING - HiveMQ Platform is starting (READY)
2025-01-30 18:30:47,612 INFO c.h.h.t.HelmChartContainer - [hivemq-test-hivemq-platform] [hivemq-platform-operator] [1040cde6] 18:30:47.607 [ReconcilerExecutor-hivemq-controller-113] DEBUG c.h.p.o.HiveMQPlatformReconciler - [helmbrok] Custom Resource Spec (replicas: 1) (extensions: 1)
2025-01-30 18:30:47,612 INFO c.h.h.t.HelmChartContainer - [hivemq-test-hivemq-platform] [hivemq-platform-operator] [1040cde6] 18:30:47.608 [ReconcilerExecutor-hivemq-controller-113] DEBUG c.h.p.o.HiveMQPlatformReconciler - [helmbrok] StatefulSet Status (revision: test-hivemq-platform-6994fc54f5, replicas: 1, available: 0, ready: 0, current: 1, updated: 1)
2025-01-30 18:30:47,613 INFO c.h.h.t.HelmChartContainer - [hivemq-test-hivemq-platform] [hivemq-platform-operator] [1040cde6] 18:30:47.609 [ReconcilerExecutor-hivemq-controller-113] DEBUG c.h.p.o.HiveMQPlatformReconciler - [helmbrok] StatefulSet Spec (replicas: 1, init containers: 1, containers: 1, volumes: 4)
2025-01-30 18:30:47,613 INFO c.h.h.t.HelmChartContainer - [hivemq-test-hivemq-platform] [hivemq-platform-operator] [1040cde6] 18:30:47.610 [ReconcilerExecutor-hivemq-controller-113] DEBUG c.h.p.o.h.HiveMQPlatformReconcilerErrorHandler - [helmbrok] Pod 'test-hivemq-platform-0' phase Running
2025-01-30 18:30:47,613 INFO c.h.h.t.HelmChartContainer - [hivemq-test-hivemq-platform] [hivemq-platform-operator] [1040cde6] 18:30:47.611 [ReconcilerExecutor-hivemq-controller-113] INFO  c.h.p.o.h.HiveMQPlatformReconcilerBaseHandler - [helmbrok] HiveMQ Platform is starting, 0 of 1 replicas are ready
2025-01-30 18:30:47,783 INFO c.h.h.t.HelmChartContainer - [test-hivemq-platform] [hivemq] [4b0693a9] INFO  - Starting HiveMQ extension system.
2025-01-30 18:30:48,282 INFO c.h.h.t.HelmChartContainer - [test-hivemq-platform] [hivemq] [4b0693a9] INFO  - Starting extension with id "hivemq-dns-cluster-discovery" at /opt/hivemq/extensions/hivemq-dns-cluster-discovery
2025-01-30 18:30:48,437 INFO c.h.h.t.HelmChartContainer - [EVENT] Warning [Unhealthy] Readiness probe failed: Get "http://10.42.0.8:7979/readiness": context deadline exceeded (Client.Timeout exceeded while awaiting headers) [helmbrokerlicensesit:test-hivemq-platform-0]
2025-01-30 18:30:48,437 INFO c.h.h.t.HelmChartContainer - Received Unhealthy event for container hivemq in pod test-hivemq-platform-0 [4b0693a9-2886-4103-a60d-5f807921c962]
2025-01-30 18:30:48,682 INFO c.h.h.t.HelmChartContainer - [test-hivemq-platform] [hivemq] [4b0693a9] INFO  - [HiveMQ Platform Operator Init App 1.7.0-SNAPSHOT] Returning Health API response 503 for readiness
2025-01-30 18:30:48,985 INFO c.h.h.t.HelmChartContainer - [test-hivemq-platform] [hivemq] [4b0693a9] INFO  - Using TCP cluster transport on address 10.42.0.8 and port 7000
2025-01-30 18:30:48,990 INFO c.h.h.t.HelmChartContainer - [test-hivemq-platform] [hivemq] [4b0693a9] INFO  - Using extension cluster discovery
2025-01-30 18:30:49,190 INFO c.h.h.t.HelmChartContainer - [test-hivemq-platform] [hivemq] [4b0693a9] INFO  - Extension "DNS Cluster Discovery Extension" version 4.3.2 started successfully.
2025-01-30 18:30:49,282 INFO c.h.h.t.HelmChartContainer - [test-hivemq-platform] [hivemq] [4b0693a9] INFO  - Starting extension with id "hivemq-prometheus-extension" at /opt/hivemq/extensions/hivemq-prometheus-extension
2025-01-30 18:30:50,082 INFO c.h.h.t.HelmChartContainer - [test-hivemq-platform] [hivemq] [4b0693a9] INFO  - Started Jetty Server exposing Prometheus Servlet on URI http://0.0.0.0:9399/
2025-01-30 18:30:50,082 INFO c.h.h.t.HelmChartContainer - [test-hivemq-platform] [hivemq] [4b0693a9] INFO  - Extension "Prometheus Monitoring Extension" version 4.0.12 started successfully.
2025-01-30 18:30:50,084 INFO c.h.h.t.HelmChartContainer - [test-hivemq-platform] [hivemq] [4b0693a9] INFO  - Starting extension with id "hivemq-allow-all-extension" at /opt/hivemq/extensions/hivemq-allow-all-extension
2025-01-30 18:30:50,084 INFO c.h.h.t.HelmChartContainer - [test-hivemq-platform] [hivemq] [4b0693a9] WARN  - 
2025-01-30 18:30:50,084 INFO c.h.h.t.HelmChartContainer - [test-hivemq-platform] [hivemq] [4b0693a9] ################################################################################################################
2025-01-30 18:30:50,084 INFO c.h.h.t.HelmChartContainer - [test-hivemq-platform] [hivemq] [4b0693a9] # This HiveMQ deployment is not secure! You are lacking Authentication and Authorization.                      #
2025-01-30 18:30:50,085 INFO c.h.h.t.HelmChartContainer - [test-hivemq-platform] [hivemq] [4b0693a9] # Right now any MQTT client can connect to the broker with a full set of permissions.                          #
2025-01-30 18:30:50,085 INFO c.h.h.t.HelmChartContainer - [test-hivemq-platform] [hivemq] [4b0693a9] # For production usage, add an appropriate security extension and remove the hivemq-allow-all extension.       #
2025-01-30 18:30:50,085 INFO c.h.h.t.HelmChartContainer - [test-hivemq-platform] [hivemq] [4b0693a9] # You can download security extensions from the HiveMQ Marketplace (https://www.hivemq.com/extensions/).       #
2025-01-30 18:30:50,085 INFO c.h.h.t.HelmChartContainer - [test-hivemq-platform] [hivemq] [4b0693a9] ################################################################################################################
2025-01-30 18:30:50,085 INFO c.h.h.t.HelmChartContainer - [test-hivemq-platform] [hivemq] [4b0693a9] INFO  - Extension "Allow All Extension" version 1.1.1 started successfully.
2025-01-30 18:30:52,294 INFO c.h.h.t.HelmChartContainer - [test-hivemq-platform] [hivemq] [4b0693a9] INFO  - ESmeg: no members discovered after 2612 ms: creating cluster as first member
2025-01-30 18:30:52,299 INFO c.h.h.t.HelmChartContainer - [test-hivemq-platform] [hivemq] [4b0693a9] INFO  - Cluster nodes found by discovery: [ESmeg|0] (1) [ESmeg].
2025-01-30 18:30:52,317 INFO c.h.h.t.HelmChartContainer - [test-hivemq-platform] [hivemq] [4b0693a9] WARN  - No user for HiveMQ Control Center configured. Starting with default user
2025-01-30 18:30:52,317 INFO c.h.h.t.HelmChartContainer - [test-hivemq-platform] [hivemq] [4b0693a9] INFO  - Starting HiveMQ Control Center on address 0.0.0.0 and port 8080
2025-01-30 18:30:52,329 INFO c.h.h.t.HelmChartContainer - [test-hivemq-platform] [hivemq] [4b0693a9] INFO  - Mounting HiveMQ Control Center V2 Preview
2025-01-30 18:30:52,485 INFO c.h.h.t.HelmChartContainer - [EVENT] Warning [Unhealthy] Readiness probe failed: HTTP probe failed with statuscode: 503 [helmbrokerlicensesit:test-hivemq-platform-0]
2025-01-30 18:30:52,485 INFO c.h.h.t.HelmChartContainer - Received Unhealthy event for container hivemq in pod test-hivemq-platform-0 [4b0693a9-2886-4103-a60d-5f807921c962]
2025-01-30 18:30:52,997 INFO c.h.h.t.HelmChartContainer - [test-hivemq-platform] [hivemq] [4b0693a9] INFO  - Started HiveMQ Control Center in 680ms
2025-01-30 18:30:53,088 INFO c.h.h.t.HelmChartContainer - [test-hivemq-platform] [hivemq] [4b0693a9] INFO  - Starting TCP listener on address 0.0.0.0 and port 1883
2025-01-30 18:30:53,102 INFO c.h.h.t.HelmChartContainer - [test-hivemq-platform] [hivemq] [4b0693a9] INFO  - Started TCP Listener on address 0.0.0.0 and on port 1883.
2025-01-30 18:30:53,102 INFO c.h.h.t.HelmChartContainer - [test-hivemq-platform] [hivemq] [4b0693a9] INFO  - Started HiveMQ in 34315ms
2025-01-30 18:30:57,398 INFO c.h.h.t.HelmChartContainer - [test-hivemq-platform] [hivemq] [4b0693a9] INFO  - [HiveMQ Platform Operator Init App 1.7.0-SNAPSHOT] Returning Health API response 200 for readiness
2025-01-30 18:30:57,413 INFO c.h.h.t.HelmChartContainer - [POD] test-hivemq-platform-0 [4b0693a9-2886-4103-a60d-5f807921c962] in helmbrokerlicensesit was MODIFIED
2025-01-30 18:30:57,426 INFO c.h.h.t.HelmChartContainer - [hivemq-test-hivemq-platform] [hivemq-platform-operator] [1040cde6] 18:30:57.420 [pool-6-thread-14] DEBUG c.h.p.o.d.PodServiceAccountResource - [helmbrok] Desired PodServiceAccountResource (serviceAccountName: hivemq-platform-pod-test-hivemq-platform)
2025-01-30 18:30:57,429 INFO c.h.h.t.HelmChartContainer - [hivemq-test-hivemq-platform] [hivemq-platform-operator] [1040cde6] 18:30:57.421 [pool-6-thread-19] DEBUG c.h.p.o.dependants.PodInfoConfigMap - [helmbrok] Desired PodInfo ConfigMap (1 extensions) (1 enabled)
2025-01-30 18:30:57,429 INFO c.h.h.t.HelmChartContainer - [hivemq-test-hivemq-platform] [hivemq-platform-operator] [1040cde6] 18:30:57.421 [pool-6-thread-19] DEBUG c.h.p.o.dependants.PodInfoConfigMap - [helmbrok] Desired PodInfo ConfigMap (metrics port: 9399) (metrics path: /)
2025-01-30 18:30:57,429 INFO c.h.h.t.HelmChartContainer - [hivemq-test-hivemq-platform] [hivemq-platform-operator] [1040cde6] 18:30:57.421 [pool-6-thread-19] DEBUG c.h.p.o.dependants.PodInfoConfigMap - [helmbrok] Desired PodInfo ConfigMap (extension state hash: -1817474005)
2025-01-30 18:30:57,429 INFO c.h.h.t.HelmChartContainer - [hivemq-test-hivemq-platform] [hivemq-platform-operator] [1040cde6] 18:30:57.421 [pool-6-thread-15] DEBUG c.h.p.o.d.PlatformServiceResource - [helmbrok] Desired Platform services (3 services)
2025-01-30 18:30:57,487 INFO c.h.h.t.HelmChartContainer - [hivemq-test-hivemq-platform] [hivemq-platform-operator] [1040cde6] 18:30:57.486 [pool-6-thread-15] DEBUG c.h.p.o.d.StatefulSetResource - [helmbrok] Desired StatefulSet (1 replicas) for status STARTING (READY)
2025-01-30 18:30:57,493 INFO c.h.h.t.HelmChartContainer - [hivemq-test-hivemq-platform] [hivemq-platform-operator] [1040cde6] 18:30:57.491 [ReconcilerExecutor-hivemq-controller-114] INFO  c.h.p.o.HiveMQPlatformReconciler - [helmbrok] Reconciling HiveMQ Platform 'test-hivemq-platform' in namespace 'helmbrokerlicensesit'
2025-01-30 18:30:57,493 INFO c.h.h.t.HelmChartContainer - [hivemq-test-hivemq-platform] [hivemq-platform-operator] [1040cde6] 18:30:57.491 [ReconcilerExecutor-hivemq-controller-114] DEBUG c.h.p.o.HiveMQPlatformReconciler - [helmbrok] Custom Resource Status STARTING - HiveMQ Platform is starting (READY)
2025-01-30 18:30:57,493 INFO c.h.h.t.HelmChartContainer - [hivemq-test-hivemq-platform] [hivemq-platform-operator] [1040cde6] 18:30:57.491 [ReconcilerExecutor-hivemq-controller-114] DEBUG c.h.p.o.HiveMQPlatformReconciler - [helmbrok] Custom Resource Spec (replicas: 1) (extensions: 1)
2025-01-30 18:30:57,493 INFO c.h.h.t.HelmChartContainer - [hivemq-test-hivemq-platform] [hivemq-platform-operator] [1040cde6] 18:30:57.493 [ReconcilerExecutor-hivemq-controller-114] DEBUG c.h.p.o.HiveMQPlatformReconciler - [helmbrok] StatefulSet Status (revision: test-hivemq-platform-6994fc54f5, replicas: 1, available: 1, ready: 1, current: 1, updated: 1)
2025-01-30 18:30:57,495 INFO c.h.h.t.HelmChartContainer - [hivemq-test-hivemq-platform] [hivemq-platform-operator] [1040cde6] 18:30:57.493 [ReconcilerExecutor-hivemq-controller-114] DEBUG c.h.p.o.HiveMQPlatformReconciler - [helmbrok] StatefulSet Spec (replicas: 1, init containers: 1, containers: 1, volumes: 4)
2025-01-30 18:30:57,495 INFO c.h.h.t.HelmChartContainer - [hivemq-test-hivemq-platform] [hivemq-platform-operator] [1040cde6] 18:30:57.494 [ReconcilerExecutor-hivemq-controller-114] DEBUG c.h.p.o.h.HiveMQPlatformReconcilerErrorHandler - [helmbrok] Pod 'test-hivemq-platform-0' phase Running
2025-01-30 18:30:57,497 INFO c.h.h.t.HelmChartContainer - [hivemq-test-hivemq-platform] [hivemq-platform-operator] [1040cde6] 18:30:57.495 [ReconcilerExecutor-hivemq-controller-114] INFO  c.h.p.o.h.HiveMQPlatformReconcilerBaseHandler - [helmbrok] HiveMQ Platform started successfully
2025-01-30 18:30:57,512 INFO c.h.h.t.HelmChartContainer - [hivemq-test-hivemq-platform] [hivemq-platform-operator] [1040cde6] 18:30:57.511 [ReconcilerExecutor-hivemq-controller-114] DEBUG c.h.p.operator.event.EventSender - [helmbrok] Creating K8s event hivemq-platform-ready: [Ready] HiveMQ Platform is ready
2025-01-30 18:30:57,515 INFO c.h.h.t.HelmChartContainer - [EVENT] Normal [Ready] HiveMQ Platform is ready [helmbrokerlicensesit:test-hivemq-platform]
2025-01-30 18:30:57,588 INFO c.h.h.t.HelmChartContainer - [hivemq-test-hivemq-platform] [hivemq-platform-operator] [1040cde6] 18:30:57.587 [ReconcilerExecutor-hivemq-controller-114] INFO  c.h.p.o.h.AbstractHiveMQReconcilerStateHandler - [helmbrok] Update HiveMQ Platform Status (STARTING [READY] -> RUNNING [READY]): HiveMQ Platform is ready
2025-01-30 18:30:57,596 DEBUG com.hivemq.helmcharts.util.K8sUtil - Comparing actual state 'RUNNING' and waiting for 'RUNNING'
2025-01-30 18:30:57,604 INFO c.h.h.t.HelmChartContainer - [hivemq-test-hivemq-platform] [hivemq-platform-operator] [1040cde6] 18:30:57.601 [pool-6-thread-24] DEBUG c.h.p.o.d.PlatformServiceResource - [helmbrok] Desired Platform services (3 services)
2025-01-30 18:30:57,604 INFO c.h.h.t.HelmChartContainer - [hivemq-test-hivemq-platform] [hivemq-platform-operator] [1040cde6] 18:30:57.602 [pool-6-thread-29] DEBUG c.h.p.o.dependants.PodInfoConfigMap - [helmbrok] Desired PodInfo ConfigMap (1 extensions) (1 enabled)
2025-01-30 18:30:57,610 INFO c.h.h.t.HelmChartContainer - [hivemq-test-hivemq-platform] [hivemq-platform-operator] [1040cde6] 18:30:57.604 [pool-6-thread-29] DEBUG c.h.p.o.dependants.PodInfoConfigMap - [helmbrok] Desired PodInfo ConfigMap (metrics port: 9399) (metrics path: /)
2025-01-30 18:30:57,610 INFO c.h.h.t.HelmChartContainer - [hivemq-test-hivemq-platform] [hivemq-platform-operator] [1040cde6] 18:30:57.604 [pool-6-thread-29] DEBUG c.h.p.o.dependants.PodInfoConfigMap - [helmbrok] Desired PodInfo ConfigMap (extension state hash: -1817474005)
2025-01-30 18:30:57,610 INFO c.h.h.t.HelmChartContainer - [hivemq-test-hivemq-platform] [hivemq-platform-operator] [1040cde6] 18:30:57.603 [pool-6-thread-27] DEBUG c.h.p.o.d.PodServiceAccountResource - [helmbrok] Desired PodServiceAccountResource (serviceAccountName: hivemq-platform-pod-test-hivemq-platform)
2025-01-30 18:30:57,610 INFO c.h.h.t.HelmChartContainer - [hivemq-test-hivemq-platform] [hivemq-platform-operator] [1040cde6] 18:30:57.606 [pool-6-thread-29] DEBUG c.h.p.o.dependants.PodInfoConfigMap - [helmbrok] Update PodInfo ConfigMap
2025-01-30 18:30:57,701 INFO c.h.h.t.HelmChartContainer - [hivemq-test-hivemq-platform] [hivemq-platform-operator] [1040cde6] 18:30:57.700 [pool-6-thread-29] DEBUG c.h.p.o.d.StatefulSetResource - [helmbrok] Desired StatefulSet (1 replicas) for status RUNNING (READY)
2025-01-30 18:30:57,705 INFO c.h.h.t.HelmChartContainer - [hivemq-test-hivemq-platform] [hivemq-platform-operator] [1040cde6] 18:30:57.704 [ReconcilerExecutor-hivemq-controller-115] INFO  c.h.p.o.HiveMQPlatformReconciler - [helmbrok] Reconciling HiveMQ Platform 'test-hivemq-platform' in namespace 'helmbrokerlicensesit'
2025-01-30 18:30:57,705 INFO c.h.h.t.HelmChartContainer - [hivemq-test-hivemq-platform] [hivemq-platform-operator] [1040cde6] 18:30:57.704 [ReconcilerExecutor-hivemq-controller-115] DEBUG c.h.p.o.HiveMQPlatformReconciler - [helmbrok] Custom Resource Status RUNNING - HiveMQ Platform is ready (READY)
2025-01-30 18:30:57,706 INFO c.h.h.t.HelmChartContainer - [hivemq-test-hivemq-platform] [hivemq-platform-operator] [1040cde6] 18:30:57.704 [ReconcilerExecutor-hivemq-controller-115] DEBUG c.h.p.o.HiveMQPlatformReconciler - [helmbrok] Custom Resource Spec (replicas: 1) (extensions: 1)
2025-01-30 18:30:57,708 INFO c.h.h.t.HelmChartContainer - [hivemq-test-hivemq-platform] [hivemq-platform-operator] [1040cde6] 18:30:57.707 [ReconcilerExecutor-hivemq-controller-115] DEBUG c.h.p.o.HiveMQPlatformReconciler - [helmbrok] StatefulSet Status (revision: test-hivemq-platform-6994fc54f5, replicas: 1, available: 1, ready: 1, current: 1, updated: 1)
2025-01-30 18:30:57,708 INFO c.h.h.t.HelmChartContainer - [hivemq-test-hivemq-platform] [hivemq-platform-operator] [1040cde6] 18:30:57.707 [ReconcilerExecutor-hivemq-controller-115] DEBUG c.h.p.o.HiveMQPlatformReconciler - [helmbrok] StatefulSet Spec (replicas: 1, init containers: 1, containers: 1, volumes: 4)
2025-01-30 18:30:57,710 INFO c.h.h.t.HelmChartContainer - [hivemq-test-hivemq-platform] [hivemq-platform-operator] [1040cde6] 18:30:57.709 [ReconcilerExecutor-hivemq-controller-115] DEBUG c.h.p.o.h.HiveMQPlatformReconcilerErrorHandler - [helmbrok] Pod 'test-hivemq-platform-0' phase Running
2025-01-30 18:31:01,616 INFO c.h.h.t.HelmChartContainer - Uninstalling release 'test-hivemq-platform' in namespace 'helmbrokerlicensesit'...
2025-01-30 18:31:01,616 DEBUG c.h.h.t.HelmChartContainer - Executing helm command: /bin/helm --kubeconfig /etc/rancher/k3s/k3s.yaml uninstall test-hivemq-platform  --wait --timeout 5m0s --cascade foreground --namespace helmbrokerlicensesit
2025-01-30 18:31:01,801 INFO c.h.h.t.HelmChartContainer - [hivemq-test-hivemq-platform] [hivemq-platform-operator] [1040cde6] 18:31:01.799 [pool-6-thread-34] DEBUG c.h.p.o.d.PlatformServiceResource - [helmbrok] Desired Platform services (3 services)
2025-01-30 18:31:01,807 INFO c.h.h.t.HelmChartContainer - [hivemq-test-hivemq-platform] [hivemq-platform-operator] [1040cde6] 18:31:01.802 [pool-6-thread-35] DEBUG c.h.p.o.dependants.PodInfoConfigMap - [helmbrok] Desired PodInfo ConfigMap (1 extensions) (1 enabled)
2025-01-30 18:31:01,807 INFO c.h.h.t.HelmChartContainer - [hivemq-test-hivemq-platform] [hivemq-platform-operator] [1040cde6] 18:31:01.802 [pool-6-thread-35] DEBUG c.h.p.o.dependants.PodInfoConfigMap - [helmbrok] Desired PodInfo ConfigMap (metrics port: 9399) (metrics path: /)
2025-01-30 18:31:01,807 INFO c.h.h.t.HelmChartContainer - [hivemq-test-hivemq-platform] [hivemq-platform-operator] [1040cde6] 18:31:01.802 [pool-6-thread-35] DEBUG c.h.p.o.dependants.PodInfoConfigMap - [helmbrok] Desired PodInfo ConfigMap (extension state hash: -1817474005)
2025-01-30 18:31:01,809 INFO c.h.h.t.HelmChartContainer - [hivemq-test-hivemq-platform] [hivemq-platform-operator] [1040cde6] 18:31:01.804 [pool-6-thread-33] DEBUG c.h.p.o.d.PodServiceAccountResource - [helmbrok] Desired PodServiceAccountResource (serviceAccountName: hivemq-platform-pod-test-hivemq-platform)
2025-01-30 18:31:01,817 INFO c.h.h.t.HelmChartContainer - [hivemq-test-hivemq-platform] [hivemq-platform-operator] [1040cde6] 18:31:01.810 [pool-6-thread-34] DEBUG c.h.p.o.d.StatefulSetResource - [helmbrok] Desired StatefulSet (1 replicas) for status RUNNING (READY)
2025-01-30 18:31:01,842 INFO c.h.h.t.HelmChartContainer - [hivemq-test-hivemq-platform] [hivemq-platform-operator] [1040cde6] 18:31:01.840 [ReconcilerExecutor-hivemq-controller-116] INFO  c.h.p.o.HiveMQPlatformReconciler - [helmbrok] Reconciling HiveMQ Platform 'test-hivemq-platform' in namespace 'helmbrokerlicensesit'
2025-01-30 18:31:01,842 INFO c.h.h.t.HelmChartContainer - [hivemq-test-hivemq-platform] [hivemq-platform-operator] [1040cde6] 18:31:01.841 [ReconcilerExecutor-hivemq-controller-116] DEBUG c.h.p.o.HiveMQPlatformReconciler - [helmbrok] Custom Resource Status RUNNING - HiveMQ Platform is ready (READY)
2025-01-30 18:31:01,842 INFO c.h.h.t.HelmChartContainer - [hivemq-test-hivemq-platform] [hivemq-platform-operator] [1040cde6] 18:31:01.841 [ReconcilerExecutor-hivemq-controller-116] DEBUG c.h.p.o.HiveMQPlatformReconciler - [helmbrok] Custom Resource Spec (replicas: 1) (extensions: 1)
2025-01-30 18:31:01,843 INFO c.h.h.t.HelmChartContainer - [hivemq-test-hivemq-platform] [hivemq-platform-operator] [1040cde6] 18:31:01.842 [ReconcilerExecutor-hivemq-controller-116] DEBUG c.h.p.o.HiveMQPlatformReconciler - [helmbrok] StatefulSet Status (revision: test-hivemq-platform-6994fc54f5, replicas: 1, available: 1, ready: 1, current: 1, updated: 1)
2025-01-30 18:31:01,845 INFO c.h.h.t.HelmChartContainer - [hivemq-test-hivemq-platform] [hivemq-platform-operator] [1040cde6] 18:31:01.843 [ReconcilerExecutor-hivemq-controller-116] DEBUG c.h.p.o.HiveMQPlatformReconciler - [helmbrok] StatefulSet Spec (replicas: 1, init containers: 1, containers: 1, volumes: 4)
2025-01-30 18:31:01,845 INFO c.h.h.t.HelmChartContainer - [hivemq-test-hivemq-platform] [hivemq-platform-operator] [1040cde6] 18:31:01.845 [ReconcilerExecutor-hivemq-controller-116] DEBUG c.h.p.o.h.HiveMQPlatformReconcilerErrorHandler - [helmbrok] Pod 'test-hivemq-platform-0' phase Running
2025-01-30 18:31:01,897 INFO c.h.h.t.HelmChartContainer - [hivemq-test-hivemq-platform] [hivemq-platform-operator] [1040cde6] 18:31:01.895 [ReconcilerExecutor-hivemq-controller-121] INFO  c.h.p.o.HiveMQPlatformReconciler - [helmbrok] Cleanup test-hivemq-platform - helmbrokerlicensesit HiveMQ Platform is shut down
2025-01-30 18:31:02,682 INFO c.h.h.t.HelmChartContainer - [POD] test-hivemq-platform-0 [4b0693a9-2886-4103-a60d-5f807921c962] in helmbrokerlicensesit was MODIFIED
2025-01-30 18:31:02,686 INFO c.h.h.t.HelmChartContainer - [EVENT] Normal [Killing] Stopping container hivemq [helmbrokerlicensesit:test-hivemq-platform-0]
2025-01-30 18:31:02,686 INFO c.h.h.t.HelmChartContainer - Received Killing event for container hivemq in pod test-hivemq-platform-0 [4b0693a9-2886-4103-a60d-5f807921c962]
2025-01-30 18:31:02,686 INFO c.h.h.t.HelmChartContainer - Container [test-hivemq-platform-0] [hivemq] [4b0693a9-2886-4103-a60d-5f807921c962] was terminated
2025-01-30 18:31:02,686 INFO c.h.h.t.HelmChartContainer - Stopped log watcher for hivemq in pod test-hivemq-platform-0 [4b0693a9-2886-4103-a60d-5f807921c962]
2025-01-30 18:31:02,692 INFO c.h.h.t.HelmChartContainer - [test-hivemq-platform] [hivemq] [4b0693a9] INFO  - [HiveMQ Platform Operator Init App 1.7.0-SNAPSHOT] Shutting down
2025-01-30 18:31:02,693 INFO c.h.h.t.HelmChartContainer - [test-hivemq-platform] [hivemq] [4b0693a9] INFO  - [HiveMQ Platform Operator Init App 1.7.0-SNAPSHOT] Stopping the HiveMQ Platform
2025-01-30 18:31:02,793 INFO c.h.h.t.HelmChartContainer - [test-hivemq-platform] [hivemq] [4b0693a9] INFO  - Shutting down HiveMQ. Please wait, this could take a while...
2025-01-30 18:31:02,796 INFO c.h.h.t.HelmChartContainer - [test-hivemq-platform] [hivemq] [4b0693a9] INFO  - Shutting down listeners and clients
2025-01-30 18:31:02,879 INFO c.h.h.t.HelmChartContainer - [test-hivemq-platform] [hivemq] [4b0693a9] INFO  - Shutdown of listeners is done
2025-01-30 18:31:02,880 INFO c.h.h.t.HelmChartContainer - [test-hivemq-platform] [hivemq] [4b0693a9] INFO  - No clients are connected, proceeding with shutdown
2025-01-30 18:31:02,903 INFO c.h.h.t.HelmChartContainer - [test-hivemq-platform] [hivemq] [4b0693a9] WARN  - [HiveMQ Platform Operator Init App 1.7.0-SNAPSHOT] Could not update Pod annotations: Failure executing: GET at: https://10.43.0.1:443/api/v1/namespaces/helmbrokerlicensesit/pods/test-hivemq-platform-0. Message: pods "test-hivemq-platform-0" is forbidden: User "system:serviceaccount:helmbrokerlicensesit:hivemq-platform-pod-test-hivemq-platform" cannot get resource "pods" in API group "" in the namespace "helmbrokerlicensesit". Received status: Status(apiVersion=v1, code=403, details=StatusDetails(causes=[], group=null, kind=pods, name=test-hivemq-platform-0, retryAfterSeconds=null, uid=null, additionalProperties={}), kind=Status, message=pods "test-hivemq-platform-0" is forbidden: User "system:serviceaccount:helmbrokerlicensesit:hivemq-platform-pod-test-hivemq-platform" cannot get resource "pods" in API group "" in the namespace "helmbrokerlicensesit", metadata=ListMeta(_continue=null, remainingItemCount=null, resourceVersion=null, selfLink=null, additionalProperties={}), reason=Forbidden, status=Failure, additionalProperties={}).
2025-01-30 18:31:03,877 INFO c.h.h.t.HelmChartContainer - Deleting namespace 'helmbrokerlicensesit'...
2025-01-30 18:31:06,791 INFO c.h.h.t.HelmChartContainer - [test-hivemq-platform] [hivemq] [4b0693a9] INFO  - Shutting down extension system
2025-01-30 18:31:06,796 INFO c.h.h.t.HelmChartContainer - [test-hivemq-platform] [hivemq] [4b0693a9] INFO  - Stopping extension with id hivemq-dns-cluster-discovery
2025-01-30 18:31:06,797 INFO c.h.h.t.HelmChartContainer - [test-hivemq-platform] [hivemq] [4b0693a9] INFO  - Extension "DNS Cluster Discovery Extension" version 4.3.2 stopped successfully.
2025-01-30 18:31:06,798 INFO c.h.h.t.HelmChartContainer - [test-hivemq-platform] [hivemq] [4b0693a9] INFO  - Stopping extension with id hivemq-prometheus-extension
2025-01-30 18:31:06,801 INFO c.h.h.t.HelmChartContainer - [test-hivemq-platform] [hivemq] [4b0693a9] INFO  - Extension "Prometheus Monitoring Extension" version 4.0.12 stopped successfully.
2025-01-30 18:31:06,802 INFO c.h.h.t.HelmChartContainer - [test-hivemq-platform] [hivemq] [4b0693a9] INFO  - Stopping extension with id hivemq-allow-all-extension
2025-01-30 18:31:06,802 INFO c.h.h.t.HelmChartContainer - [test-hivemq-platform] [hivemq] [4b0693a9] INFO  - Extension "Allow All Extension" version 1.1.1 stopped successfully.
2025-01-30 18:31:07,394 INFO c.h.h.t.HelmChartContainer - [test-hivemq-platform] [hivemq] [4b0693a9] INFO  - [HiveMQ Platform Operator Init App 1.7.0-SNAPSHOT] Returning shutdown Health API response 503 for readiness
2025-01-30 18:31:07,399 INFO c.h.h.t.HelmChartContainer - [EVENT] Warning [Unhealthy] Readiness probe failed: HTTP probe failed with statuscode: 503 [helmbrokerlicensesit:test-hivemq-platform-0]
2025-01-30 18:31:07,399 INFO c.h.h.t.HelmChartContainer - Received Unhealthy event for container hivemq in pod test-hivemq-platform-0 [4b0693a9-2886-4103-a60d-5f807921c962]
2025-01-30 18:31:07,906 INFO c.h.h.t.HelmChartContainer - [K3S] [authentication.go:74] "Unable to authenticate the request" err="[invalid bearer token, serviceaccounts \"hivemq-platform-pod-test-hivemq-platform\" not found]"
2025-01-30 18:31:07,923 INFO c.h.h.t.HelmChartContainer - [K3S] [authentication.go:74] "Unable to authenticate the request" err="[invalid bearer token, serviceaccounts \"hivemq-platform-pod-test-hivemq-platform\" not found]"
2025-01-30 18:31:07,979 INFO c.h.h.t.HelmChartContainer - [test-hivemq-platform] [hivemq] [4b0693a9] WARN  - [HiveMQ Platform Operator Init App 1.7.0-SNAPSHOT] Could not update Pod annotations: Failure executing: GET at: https://10.43.0.1:443/api/v1/namespaces/helmbrokerlicensesit/pods/test-hivemq-platform-0. Message: Unauthorized. Received status: Status(apiVersion=v1, code=401, details=null, kind=Status, message=Unauthorized, metadata=ListMeta(_continue=null, remainingItemCount=null, resourceVersion=null, selfLink=null, additionalProperties={}), reason=Unauthorized, status=Failure, additionalProperties={}).
2025-01-30 18:31:09,100 INFO c.h.h.t.HelmChartContainer - [K3S] [stateful_set.go:466] "StatefulSet has been deleted" key="helmbrokerlicensesit/test-hivemq-platform"
2025-01-30 18:31:09,159 INFO c.h.h.t.HelmChartContainer - [test-hivemq-platform] [hivemq] [4b0693a9] INFO  - Shutdown completed.
2025-01-30 18:31:09,506 INFO c.h.h.t.HelmChartContainer - [test-hivemq-platform] [hivemq] [4b0693a9] INFO  - [HiveMQ Platform Operator Init App 1.7.0-SNAPSHOT] The HiveMQ Platform exited with code 143
2025-01-30 18:31:09,506 INFO c.h.h.t.HelmChartContainer - [test-hivemq-platform] [hivemq] [4b0693a9] INFO  - [HiveMQ Platform Operator Init App 1.7.0-SNAPSHOT] Stopping the REST API
2025-01-30 18:31:09,517 INFO c.h.h.t.HelmChartContainer - [test-hivemq-platform] [hivemq] [4b0693a9] INFO  - [HiveMQ Platform Operator Init App 1.7.0-SNAPSHOT] Shutdown complete
2025-01-30 18:31:09,979 INFO c.h.h.t.HelmChartContainer - [POD] test-hivemq-platform-0 [4b0693a9-2886-4103-a60d-5f807921c962] in helmbrokerlicensesit was MODIFIED
2025-01-30 18:31:10,064 INFO c.h.h.t.HelmChartContainer - [K3S] [reconciler_common.go:162] "operationExecutor.UnmountVolume started for volume \"pod-info\" (UniqueName: \"kubernetes.io/configmap/4b0693a9-2886-4103-a60d-5f807921c962-pod-info\") pod \"4b0693a9-2886-4103-a60d-5f807921c962\" (UID: \"4b0693a9-2886-4103-a60d-5f807921c962\") "
2025-01-30 18:31:10,064 INFO c.h.h.t.HelmChartContainer - [K3S] [reconciler_common.go:162] "operationExecutor.UnmountVolume started for volume \"broker-configuration\" (UniqueName: \"kubernetes.io/configmap/4b0693a9-2886-4103-a60d-5f807921c962-broker-configuration\") pod \"4b0693a9-2886-4103-a60d-5f807921c962\" (UID: \"4b0693a9-2886-4103-a60d-5f807921c962\") "
2025-01-30 18:31:10,064 INFO c.h.h.t.HelmChartContainer - [K3S] [reconciler_common.go:162] "operationExecutor.UnmountVolume started for volume \"operator-init\" (UniqueName: \"kubernetes.io/empty-dir/4b0693a9-2886-4103-a60d-5f807921c962-operator-init\") pod \"4b0693a9-2886-4103-a60d-5f807921c962\" (UID: \"4b0693a9-2886-4103-a60d-5f807921c962\") "
2025-01-30 18:31:10,064 INFO c.h.h.t.HelmChartContainer - [K3S] [reconciler_common.go:162] "operationExecutor.UnmountVolume started for volume \"kube-api-access-2s24l\" (UniqueName: \"kubernetes.io/projected/4b0693a9-2886-4103-a60d-5f807921c962-kube-api-access-2s24l\") pod \"4b0693a9-2886-4103-a60d-5f807921c962\" (UID: \"4b0693a9-2886-4103-a60d-5f807921c962\") "
2025-01-30 18:31:10,064 INFO c.h.h.t.HelmChartContainer - [K3S] [reconciler_common.go:162] "operationExecutor.UnmountVolume started for volume \"licenses\" (UniqueName: \"kubernetes.io/secret/4b0693a9-2886-4103-a60d-5f807921c962-licenses\") pod \"4b0693a9-2886-4103-a60d-5f807921c962\" (UID: \"4b0693a9-2886-4103-a60d-5f807921c962\") "
2025-01-30 18:31:10,165 INFO c.h.h.t.HelmChartContainer - [K3S] [reconciler_common.go:299] "Volume detached for volume \"broker-configuration\" (UniqueName: \"kubernetes.io/configmap/4b0693a9-2886-4103-a60d-5f807921c962-broker-configuration\") on node \"fa9d92da3b04\" DevicePath \"\""
2025-01-30 18:31:10,165 INFO c.h.h.t.HelmChartContainer - [K3S] [reconciler_common.go:299] "Volume detached for volume \"operator-init\" (UniqueName: \"kubernetes.io/empty-dir/4b0693a9-2886-4103-a60d-5f807921c962-operator-init\") on node \"fa9d92da3b04\" DevicePath \"\""
2025-01-30 18:31:10,165 INFO c.h.h.t.HelmChartContainer - [K3S] [reconciler_common.go:299] "Volume detached for volume \"pod-info\" (UniqueName: \"kubernetes.io/configmap/4b0693a9-2886-4103-a60d-5f807921c962-pod-info\") on node \"fa9d92da3b04\" DevicePath \"\""
2025-01-30 18:31:10,165 INFO c.h.h.t.HelmChartContainer - [K3S] [reconciler_common.go:299] "Volume detached for volume \"kube-api-access-2s24l\" (UniqueName: \"kubernetes.io/projected/4b0693a9-2886-4103-a60d-5f807921c962-kube-api-access-2s24l\") on node \"fa9d92da3b04\" DevicePath \"\""
2025-01-30 18:31:10,165 INFO c.h.h.t.HelmChartContainer - [K3S] [reconciler_common.go:299] "Volume detached for volume \"licenses\" (UniqueName: \"kubernetes.io/secret/4b0693a9-2886-4103-a60d-5f807921c962-licenses\") on node \"fa9d92da3b04\" DevicePath \"\""
2025-01-30 18:31:10,620 INFO c.h.h.t.HelmChartContainer - [K3S] [scope.go:117] "RemoveContainer" containerID="330048203df49e4b4dc92cb13cdabc075ef1d876980011f13b4c4819f2b435da"
2025-01-30 18:31:10,636 INFO c.h.h.t.HelmChartContainer - [POD] test-hivemq-platform-0 [4b0693a9-2886-4103-a60d-5f807921c962] in helmbrokerlicensesit was MODIFIED
2025-01-30 18:31:10,638 INFO c.h.h.t.HelmChartContainer - [POD] test-hivemq-platform-0 [4b0693a9-2886-4103-a60d-5f807921c962] in helmbrokerlicensesit was DELETED
2025-01-30 18:31:10,721 INFO c.h.h.t.HelmChartContainer - [K3S] [scope.go:117] "RemoveContainer" containerID="cf64ccb46abae9357674541b804704d56a2d86b880608bcd2ced6cfb557fa0e3"
2025-01-30 18:31:10,724 INFO c.h.h.t.HelmChartContainer - [K3S] [scope.go:117] "RemoveContainer" containerID="330048203df49e4b4dc92cb13cdabc075ef1d876980011f13b4c4819f2b435da"
2025-01-30 18:31:10,724 INFO c.h.h.t.HelmChartContainer - [K3S] [scope.go:117] "RemoveContainer" containerID="cf64ccb46abae9357674541b804704d56a2d86b880608bcd2ced6cfb557fa0e3"
2025-01-30 18:31:11,308 INFO c.h.h.t.HelmChartContainer - [K3S] [kubelet_volumes.go:163] "Cleaned up orphaned pod volumes dir" podUID="4b0693a9-2886-4103-a60d-5f807921c962" path="/var/lib/kubelet/pods/4b0693a9-2886-4103-a60d-5f807921c962/volumes"
2025-01-30 18:31:14,316 INFO c.h.h.t.HelmChartContainer - Namespace 'helmbrokerlicensesit' deleted
2025-01-30 18:31:14,317 INFO c.h.h.t.HelmChartContainer - Release 'test-hivemq-platform' in namespace 'helmbrokerlicensesit' is uninstalled
2025-01-30 18:31:14,317 INFO c.h.h.t.HelmChartContainer - Uninstalling release 'test-hivemq-platform-operator' in namespace 'helmbrokerlicensesit-operator'...
2025-01-30 18:31:14,317 DEBUG c.h.h.t.HelmChartContainer - Executing helm command: /bin/helm --kubeconfig /etc/rancher/k3s/k3s.yaml uninstall test-hivemq-platform-operator  --wait --timeout 5m0s --cascade foreground --namespace helmbrokerlicensesit-operator
2025-01-30 18:31:14,491 INFO c.h.h.t.HelmChartContainer - [K3S] [replica_set.go:679] "Finished syncing" kind="ReplicaSet" key="helmbrokerlicensesit-operator/hivemq-test-hivemq-platform-operator-6966f96d65" duration="11.848213ms"
2025-01-30 18:31:14,492 INFO c.h.h.t.HelmChartContainer - [K3S] [replica_set.go:679] "Finished syncing" kind="ReplicaSet" key="helmbrokerlicensesit-operator/hivemq-test-hivemq-platform-operator-6966f96d65" duration="45.515µs"
2025-01-30 18:31:14,510 INFO c.h.h.t.HelmChartContainer - [POD] hivemq-test-hivemq-platform-operator-6966f96d65-wc4gk [1040cde6-7e35-425d-8088-b4ed6c72e38a] in helmbrokerlicensesit-operator was MODIFIED
2025-01-30 18:31:14,527 INFO c.h.h.t.HelmChartContainer - [EVENT] Normal [Killing] Stopping container hivemq-platform-operator [helmbrokerlicensesit-operator:hivemq-test-hivemq-platform-operator-6966f96d65-wc4gk]
2025-01-30 18:31:14,527 INFO c.h.h.t.HelmChartContainer - Received Killing event for container hivemq-platform-operator in pod hivemq-test-hivemq-platform-operator-6966f96d65-wc4gk [1040cde6-7e35-425d-8088-b4ed6c72e38a]
2025-01-30 18:31:14,527 INFO c.h.h.t.HelmChartContainer - Container [hivemq-test-hivemq-platform-operator-6966f96d65-wc4gk] [hivemq-platform-operator] [1040cde6-7e35-425d-8088-b4ed6c72e38a] was terminated
2025-01-30 18:31:14,527 INFO c.h.h.t.HelmChartContainer - Stopped log watcher for hivemq-platform-operator in pod hivemq-test-hivemq-platform-operator-6966f96d65-wc4gk [1040cde6-7e35-425d-8088-b4ed6c72e38a]
2025-01-30 18:31:14,537 INFO c.h.h.t.HelmChartContainer - [K3S] [replica_set.go:679] "Finished syncing" kind="ReplicaSet" key="helmbrokerlicensesit-operator/hivemq-test-hivemq-platform-operator-6966f96d65" duration="26.02629ms"
2025-01-30 18:31:14,543 INFO c.h.h.t.HelmChartContainer - [K3S] [replica_set.go:679] "Finished syncing" kind="ReplicaSet" key="helmbrokerlicensesit-operator/hivemq-test-hivemq-platform-operator-6966f96d65" duration="40.576µs"
2025-01-30 18:31:14,589 INFO c.h.h.t.HelmChartContainer - [hivemq-test-hivemq-platform] [hivemq-platform-operator] [1040cde6] 18:31:14.587 [application-shutdown-thread] INFO  c.h.p.o.HiveMQPlatformOperatorApplication - HiveMQ Platform Operator is stopping...
2025-01-30 18:31:14,589 INFO c.h.h.t.HelmChartContainer - [hivemq-test-hivemq-platform] [hivemq-platform-operator] [1040cde6] 18:31:14.587 [application-shutdown-thread] INFO  i.javaoperatorsdk.operator.Operator - Operator SDK 4.9.7 is shutting down...
2025-01-30 18:31:14,911 INFO c.h.h.t.HelmChartContainer - [K3S] [replica_set.go:679] "Finished syncing" kind="ReplicaSet" key="helmbrokerlicensesit-operator/hivemq-test-hivemq-platform-operator-6966f96d65" duration="40.165µs"
2025-01-30 18:31:14,912 INFO c.h.h.t.HelmChartContainer - [POD] hivemq-test-hivemq-platform-operator-6966f96d65-wc4gk [1040cde6-7e35-425d-8088-b4ed6c72e38a] in helmbrokerlicensesit-operator was MODIFIED
2025-01-30 18:31:14,990 INFO c.h.h.t.HelmChartContainer - [K3S] [reconciler_common.go:162] "operationExecutor.UnmountVolume started for volume \"kube-api-access-txz6w\" (UniqueName: \"kubernetes.io/projected/1040cde6-7e35-425d-8088-b4ed6c72e38a-kube-api-access-txz6w\") pod \"1040cde6-7e35-425d-8088-b4ed6c72e38a\" (UID: \"1040cde6-7e35-425d-8088-b4ed6c72e38a\") "
2025-01-30 18:31:15,090 INFO c.h.h.t.HelmChartContainer - [K3S] [reconciler_common.go:299] "Volume detached for volume \"kube-api-access-txz6w\" (UniqueName: \"kubernetes.io/projected/1040cde6-7e35-425d-8088-b4ed6c72e38a-kube-api-access-txz6w\") on node \"fa9d92da3b04\" DevicePath \"\""
2025-01-30 18:31:15,629 INFO c.h.h.t.HelmChartContainer - [K3S] [scope.go:117] "RemoveContainer" containerID="d3fe7dbbd9759022f15d7ec0b6ea1020043b1e09e459fd7b54ac37cd3b8b6068"
2025-01-30 18:31:15,632 INFO c.h.h.t.HelmChartContainer - [K3S] [scope.go:117] "RemoveContainer" containerID="d3fe7dbbd9759022f15d7ec0b6ea1020043b1e09e459fd7b54ac37cd3b8b6068"
2025-01-30 18:31:15,638 INFO c.h.h.t.HelmChartContainer - [K3S] [replica_set.go:679] "Finished syncing" kind="ReplicaSet" key="helmbrokerlicensesit-operator/hivemq-test-hivemq-platform-operator-6966f96d65" duration="48.861µs"
2025-01-30 18:31:15,639 INFO c.h.h.t.HelmChartContainer - [POD] hivemq-test-hivemq-platform-operator-6966f96d65-wc4gk [1040cde6-7e35-425d-8088-b4ed6c72e38a] in helmbrokerlicensesit-operator was MODIFIED
2025-01-30 18:31:15,641 INFO c.h.h.t.HelmChartContainer - [K3S] [replica_set.go:679] "Finished syncing" kind="ReplicaSet" key="helmbrokerlicensesit-operator/hivemq-test-hivemq-platform-operator-6966f96d65" duration="35.957µs"
2025-01-30 18:31:15,641 INFO c.h.h.t.HelmChartContainer - [POD] hivemq-test-hivemq-platform-operator-6966f96d65-wc4gk [1040cde6-7e35-425d-8088-b4ed6c72e38a] in helmbrokerlicensesit-operator was DELETED
2025-01-30 18:31:15,650 INFO c.h.h.t.HelmChartContainer - [K3S] [replica_set.go:679] "Finished syncing" kind="ReplicaSet" key="helmbrokerlicensesit-operator/hivemq-test-hivemq-platform-operator-6966f96d65" duration="5.29µs"
2025-01-30 18:31:16,540 INFO c.h.h.t.HelmChartContainer - Deleting namespace 'helmbrokerlicensesit-operator'...
2025-01-30 18:31:17,308 INFO c.h.h.t.HelmChartContainer - [K3S] [kubelet_volumes.go:163] "Cleaned up orphaned pod volumes dir" podUID="1040cde6-7e35-425d-8088-b4ed6c72e38a" path="/var/lib/kubelet/pods/1040cde6-7e35-425d-8088-b4ed6c72e38a/volumes"
2025-01-30 18:31:19,224 INFO c.h.h.t.HelmChartContainer - [K3S] [namespace_controller.go:187] "Namespace has been deleted" namespace="helmbrokerlicensesit"
2025-01-30 18:31:21,757 INFO c.h.h.t.HelmChartContainer - Namespace 'helmbrokerlicensesit-operator' deleted
2025-01-30 18:31:21,758 INFO c.h.h.t.HelmChartContainer - Release 'test-hivemq-platform-operator' in namespace 'helmbrokerlicensesit-operator' is uninstalled
2025-01-30 18:31:22,467 INFO c.h.helmcharts.AbstractHelmChartIT - Removed unused containers:

2025-01-30 18:31:26,660 INFO c.h.h.t.HelmChartContainer - [K3S] [namespace_controller.go:187] "Namespace has been deleted" namespace="helmbrokerlicensesit-operator"
2025-01-30 18:31:30,202 INFO c.h.helmcharts.AbstractHelmChartIT - Removed unused snapshots:
Removing snapshot sha256:03af251906410714c5aef9fa705b63f6bbc39c4a5e787de7361eeb18886c2ed2
Removing snapshot sha256:0c46b3b43cce082ce5ec34ffc6c294e0417d17b9d1e6f366d114b6aadc4f96dc
Removing snapshot sha256:0ce761beee59082d6ed5bcebd3a805b8ddd9b3426b617e4809e7fb7c6587ffec
Removing snapshot sha256:0df91287303208332c8ff6ba40ae4710105201739addbfbddfb955f1ad593664
Removing snapshot sha256:1021ef88c7974bfff89c5a0ec4fd3160daac6c48a075f74cff721f85dd104e68
Removing snapshot sha256:10aba4953ddc18145dd38e3704709bc464aa20af60b56fe52caaff4b68411e62
Removing snapshot sha256:2573e0d8158209ed54ab25c87bcdcb00bd3d2539246960a3d592a1c599d70465
Removing snapshot sha256:362a8a37f8bbc31925a8146adcf7cf51f9882f5c1dcbef67c5baa03a297543c0
Removing snapshot sha256:3fa4ad33f0ddc8fd45b39b6b4640f82a3a83619606cd975bfe89d8710ad2d4cd
Removing snapshot sha256:43a7c979bbaba6838bc3102d6b10a1459f3ab050b87ccdfef84ef90cf43d3058
Removing snapshot sha256:4ab04491cdf0d3267f08206fe30bd48f49f94b9cab2f016d6739220f722a64af
Removing snapshot sha256:4b6068250e89c96f263060261819c7d912855bfbd64b3eb4c4a8483299b8c295
Removing snapshot sha256:4fcee255c844078be8f3abc45ced3842fdd13c75fdb83e003fcca19e88bc8357
Removing snapshot sha256:580e69a0a8034ede1921139bbd2bfb72a69ebf276d008281896c32dd8bf74775
Removing snapshot sha256:5d30ba46b27fe37484567ccc5242cadc78217b8da605f3f195ef25cbf7487904
Removing snapshot sha256:63ca1fbb43ae5034640e5e6cb3e083e05c290072c5366fcaa9d62435a4cced85
Removing snapshot sha256:67f702c6baae873bceb19487c8b1f27bd2b86077e4f2f0e480e6d60ab508b8f5
Removing snapshot sha256:6864348dd42806d552efdec384f1274be15e2d0c10ce44c1f04347af004c10a9
Removing snapshot sha256:6c7dee8f2c39b84b7dc2711c01d33de93514d9055499173e9290176fbe484b6c
Removing snapshot sha256:82753493a6d61ded36556292f02f31841a14c20d2f279f19eaad65afb661d5cd
Removing snapshot sha256:8a10d3db42c505ee0fcfa98417bdd7e39b304f6bcc0a06bb1b220797ff2cc63c
Removing snapshot sha256:8f06cd1a1bf0ab1414a26c1556db9c8170e55d5a3c23b6941d33d628971aa484
Removing snapshot sha256:a21e5b12dbac529ad45d976eb9ce45c881f3bedcc500fb30aba1e52aa1813418
Removing snapshot sha256:b921e6c28969094157f9b8e7244677780319637afd14450b7cb6b2fdea558a0c
Removing snapshot sha256:bc27ecb5769a00e309cf99ebc763c4a4b958b618d1decc96ffac5bc05f02f5b7
Removing snapshot sha256:be3ccb6627a5332e309d45ef461d09b4879dd870c7394d89323d0ebc6ca6aa8a
Removing snapshot sha256:c261f7cbbc64211ee175ee47273acdb7b1a36a4450b397a064a8f2c026490095
Removing snapshot sha256:c34d9393647eea0c9e3557ab988efaf59f61d10a2a5613b439ef0958cca5ec10
Removing snapshot sha256:ccf3c4a0fa967a41c1c83497a2ce6fa5787965859df0adb32c4ca2cf7490bc2b
Removing snapshot sha256:cf92d33f869417309692088c341cd0f223c178ea78a125f757317b22aa8f90e9
Removing snapshot sha256:d0037344cf2fb078884f1849f6a1f8cf9a33a3b6139b6a85833e5ee528e1f9a8
Removing snapshot sha256:d3b36d5b79273b1e98e7700470eaeff05a882e777124d84cebcc1505b85ecb36
Removing snapshot sha256:d65a44a37914602d12c611e5e22a50f11451d847e63015cc1c2aef92dee777a4
Removing snapshot sha256:e2dc0bae2455930f23ae570e019b7f32edc75c0f2d71cab084db837ff9051796
Removing snapshot sha256:eccbd24a99c60cd9e86ee5305dbfc4a4dc89f5ab4fb1f06c8d64797cecedef34
Removing snapshot sha256:f144bb4c7c7f0d2aa7eeffd36d934ec40db1ee167be727e326aad9fdc616f475

]]></system-out>
  </testcase>
  <system-out><![CDATA[2025-01-30 18:27:30,758 INFO c.h.h.t.HelmChartContainerExtension - Using cached HelmChartContainer instance
2025-01-30 18:27:30,765 INFO c.h.h.t.HelmChartContainerExtension - Creating cached HelmChartContainer instance
2025-01-30 18:27:30,787 INFO o.testcontainers.DockerClientFactory - Testcontainers version: 1.20.4
2025-01-30 18:27:31,187 INFO o.t.d.DockerClientProviderStrategy - Found Docker environment with local Unix socket (unix:///var/run/docker.sock)
2025-01-30 18:27:31,198 INFO o.testcontainers.DockerClientFactory - Docker host IP address is localhost
2025-01-30 18:27:31,214 INFO o.testcontainers.DockerClientFactory - Connected to docker: 
  Server Version: 26.1.3
  API Version: 1.45
  Operating System: Ubuntu 24.04.1 LTS
  Total Memory: 15990 MB
2025-01-30 18:27:31,220 INFO o.testcontainers.images.PullPolicy - Image pull policy will be performed by: DefaultPullPolicy()
2025-01-30 18:27:31,222 INFO o.t.utility.ImageNameSubstitutor - Image name substitution will be performed by: DefaultImageNameSubstitutor (composite of 'ConfigurationFileImageNameSubstitutor' and 'PrefixingImageNameSubstitutor')
2025-01-30 18:27:31,247 INFO tc.testcontainers/ryuk:0.11.0 - Pulling docker image: testcontainers/ryuk:0.11.0. Please be patient; this may take some time but only needs to be done once.
2025-01-30 18:27:31,661 INFO tc.testcontainers/ryuk:0.11.0 - Starting to pull image
2025-01-30 18:27:31,680 INFO tc.testcontainers/ryuk:0.11.0 - Pulling image layers:  0 pending,  0 downloaded,  0 extracted, (0 bytes/0 bytes)
2025-01-30 18:27:31,885 INFO tc.testcontainers/ryuk:0.11.0 - Pulling image layers:  2 pending,  1 downloaded,  0 extracted, (878 KB/? MB)
2025-01-30 18:27:31,908 INFO tc.testcontainers/ryuk:0.11.0 - Pulling image layers:  1 pending,  2 downloaded,  0 extracted, (4 MB/? MB)
2025-01-30 18:27:31,931 INFO tc.testcontainers/ryuk:0.11.0 - Pulling image layers:  0 pending,  3 downloaded,  0 extracted, (4 MB/10 MB)
2025-01-30 18:27:32,013 INFO tc.testcontainers/ryuk:0.11.0 - Pulling image layers:  0 pending,  3 downloaded,  1 extracted, (4 MB/10 MB)
2025-01-30 18:27:32,160 INFO tc.testcontainers/ryuk:0.11.0 - Pulling image layers:  0 pending,  3 downloaded,  2 extracted, (4 MB/10 MB)
2025-01-30 18:27:32,206 INFO tc.testcontainers/ryuk:0.11.0 - Pulling image layers:  0 pending,  3 downloaded,  3 extracted, (10 MB/10 MB)
2025-01-30 18:27:32,212 INFO tc.testcontainers/ryuk:0.11.0 - Image testcontainers/ryuk:0.11.0 pull took PT0.96541158S
2025-01-30 18:27:32,234 INFO tc.testcontainers/ryuk:0.11.0 - Creating container for image: testcontainers/ryuk:0.11.0
2025-01-30 18:27:32,295 INFO tc.testcontainers/ryuk:0.11.0 - Container testcontainers/ryuk:0.11.0 is starting: 02ad6b237edd6860ed6d404cd4a710f21fecc770918b0a9cda86f555d90732f9
2025-01-30 18:27:32,546 INFO tc.testcontainers/ryuk:0.11.0 - Container testcontainers/ryuk:0.11.0 started in PT0.311262212S
2025-01-30 18:27:32,550 INFO o.t.utility.RyukResourceReaper - Ryuk started - will monitor and terminate Testcontainers containers on JVM exit
2025-01-30 18:27:32,550 INFO o.testcontainers.DockerClientFactory - Checking the system...
2025-01-30 18:27:32,551 INFO o.testcontainers.DockerClientFactory - ✔︎ Docker server version should be at least 1.6.0
2025-01-30 18:27:32,629 INFO o.t.i.builder.ImageFromDockerfile - Pre-emptively checking local images for 'ubuntu:noble-20241118.1@sha256:80dd3c3b9c6cecb9f1667e9290b3bc61b78c2678c02cbdae5f0fea92cc6734ab', referenced via a Dockerfile. If not available, it will be pulled.
2025-01-30 18:27:32,632 INFO t.u.1@sha256:80dd3c... - Pulling docker image: ubuntu:noble-20241118.1@sha256:80dd3c3b9c6cecb9f1667e9290b3bc61b78c2678c02cbdae5f0fea92cc6734ab. Please be patient; this may take some time but only needs to be done once.
2025-01-30 18:27:32,899 INFO t.u.1@sha256:80dd3c... - Starting to pull image
2025-01-30 18:27:32,900 INFO t.u.1@sha256:80dd3c... - Pulling image layers:  0 pending,  0 downloaded,  0 extracted, (0 bytes/0 bytes)
2025-01-30 18:27:33,395 INFO t.u.1@sha256:80dd3c... - Pulling image layers:  0 pending,  1 downloaded,  0 extracted, (23 MB/28 MB)
2025-01-30 18:27:34,343 INFO t.u.1@sha256:80dd3c... - Pulling image layers:  0 pending,  1 downloaded,  1 extracted, (28 MB/28 MB)
2025-01-30 18:27:34,349 INFO t.u.1@sha256:80dd3c... - Pull complete. 1 layers, pulled in 1s (downloaded 28 MB at 28 MB/s)
2025-01-30 18:27:34,349 INFO t.u.1@sha256:80dd3c... - Image ubuntu:noble-20241118.1@sha256:80dd3c3b9c6cecb9f1667e9290b3bc61b78c2678c02cbdae5f0fea92cc6734ab pull took PT1.717001554S
2025-01-30 18:27:34,352 INFO o.t.i.builder.ImageFromDockerfile - Pre-emptively checking local images for 'rancher/k3s:v1.32.1-k3s1', referenced via a Dockerfile. If not available, it will be pulled.
2025-01-30 18:27:34,353 INFO tc.rancher/k3s:v1.32.1-k3s1 - Pulling docker image: rancher/k3s:v1.32.1-k3s1. Please be patient; this may take some time but only needs to be done once.
2025-01-30 18:27:34,740 INFO tc.rancher/k3s:v1.32.1-k3s1 - Starting to pull image
2025-01-30 18:27:34,741 INFO tc.rancher/k3s:v1.32.1-k3s1 - Pulling image layers:  0 pending,  0 downloaded,  0 extracted, (0 bytes/0 bytes)
2025-01-30 18:27:35,592 INFO tc.rancher/k3s:v1.32.1-k3s1 - Pulling image layers:  0 pending,  1 downloaded,  0 extracted, (70 MB/71 MB)
2025-01-30 18:27:36,634 INFO tc.rancher/k3s:v1.32.1-k3s1 - Pulling image layers:  0 pending,  1 downloaded,  1 extracted, (71 MB/71 MB)
2025-01-30 18:27:36,640 INFO tc.rancher/k3s:v1.32.1-k3s1 - Image rancher/k3s:v1.32.1-k3s1 pull took PT2.286797706S
2025-01-30 18:27:36,640 INFO tc.rancher/k3s:v1.32.1-k3s1 - Pull complete. 1 layers, pulled in 1s (downloaded 71 MB at 71 MB/s)
2025-01-30 18:27:36,647 INFO o.t.i.builder.ImageFromDockerfile - Transferred 0 bytes to Docker daemon
2025-01-30 18:27:51,019 INFO c.h.h.t.HelmChartContainer - Starting HelmChartContainer...
2025-01-30 18:27:51,022 INFO t.localhost/testcontainers/4ylurjmxusli2nxh:latest - Creating container for image: localhost/testcontainers/4ylurjmxusli2nxh:latest
2025-01-30 18:27:51,104 INFO tc.alpine:3.17 - Pulling docker image: alpine:3.17. Please be patient; this may take some time but only needs to be done once.
2025-01-30 18:27:51,539 INFO tc.alpine:3.17 - Starting to pull image
2025-01-30 18:27:51,540 INFO tc.alpine:3.17 - Pulling image layers:  0 pending,  0 downloaded,  0 extracted, (0 bytes/0 bytes)
2025-01-30 18:27:51,793 INFO tc.alpine:3.17 - Pulling image layers:  0 pending,  1 downloaded,  0 extracted, (33 KB/3 MB)
2025-01-30 18:27:51,892 INFO tc.alpine:3.17 - Pulling image layers:  0 pending,  1 downloaded,  1 extracted, (3 MB/3 MB)
2025-01-30 18:27:51,899 INFO tc.alpine:3.17 - Image alpine:3.17 pull took PT0.794451784S
2025-01-30 18:27:52,455 INFO t.localhost/testcontainers/4ylurjmxusli2nxh:latest - Container localhost/testcontainers/4ylurjmxusli2nxh:latest is starting: fa9d92da3b046710092e77bc0486b3cb71186eb4d3544506a99364fbb1f6d8a8
2025-01-30 18:27:52,810 INFO c.h.h.t.HelmChartContainer - [K3S] [INFO] Starting k3s v1.32.1+k3s1 (6a322f12)
2025-01-30 18:27:52,814 INFO c.h.h.t.HelmChartContainer - [K3S] [INFO] Configuring sqlite3 database connection pooling: maxIdleConns=2, maxOpenConns=0, connMaxLifetime=0s
2025-01-30 18:27:52,814 INFO c.h.h.t.HelmChartContainer - [K3S] [INFO] Configuring database table schema and indexes, this may take a moment...
2025-01-30 18:27:52,819 INFO c.h.h.t.HelmChartContainer - [K3S] [INFO] Database tables and indexes are up to date
2025-01-30 18:27:52,821 INFO c.h.h.t.HelmChartContainer - [K3S] [INFO] Kine available at unix://kine.sock
2025-01-30 18:27:52,871 INFO c.h.h.t.HelmChartContainer - [K3S] [INFO] Saving cluster bootstrap data to datastore
2025-01-30 18:27:52,872 INFO c.h.h.t.HelmChartContainer - [K3S] [WARNING] dynamiclistener [::]:6443: no cached certificate available for preload - deferring certificate load until storage initialization or first client request
2025-01-30 18:27:52,872 INFO c.h.h.t.HelmChartContainer - [K3S] [INFO] Active TLS secret / (ver=) (count 10): map[listener.cattle.io/cn-10.43.0.1:10.43.0.1 listener.cattle.io/cn-127.0.0.1:127.0.0.1 listener.cattle.io/cn-172.18.0.2:172.18.0.2 listener.cattle.io/cn-__1-f16284:::1 listener.cattle.io/cn-fa9d92da3b04:fa9d92da3b04 listener.cattle.io/cn-kubernetes:kubernetes listener.cattle.io/cn-kubernetes.default:kubernetes.default listener.cattle.io/cn-kubernetes.default.svc:kubernetes.default.svc listener.cattle.io/cn-kubernetes.default.svc.cluster.local:kubernetes.default.svc.cluster.local listener.cattle.io/cn-localhost:localhost listener.cattle.io/fingerprint:SHA1=1D013F918B8CE6D3444BF851850FC61F5F435871]
2025-01-30 18:27:53,044 INFO c.h.h.t.HelmChartContainer - [K3S] [INFO] Running kube-apiserver --advertise-port=6443 --allow-privileged=true --anonymous-auth=false --api-audiences=https://kubernetes.default.svc.cluster.local,k3s --authorization-mode=Node,RBAC --bind-address=127.0.0.1 --cert-dir=/var/lib/rancher/k3s/server/tls/temporary-certs --client-ca-file=/var/lib/rancher/k3s/server/tls/client-ca.crt --egress-selector-config-file=/var/lib/rancher/k3s/server/etc/egress-selector-config.yaml --enable-admission-plugins=NodeRestriction --enable-aggregator-routing=true --enable-bootstrap-token-auth=true --etcd-compaction-interval=0s --etcd-servers=unix://kine.sock --kubelet-certificate-authority=/var/lib/rancher/k3s/server/tls/server-ca.crt --kubelet-client-certificate=/var/lib/rancher/k3s/server/tls/client-kube-apiserver.crt --kubelet-client-key=/var/lib/rancher/k3s/server/tls/client-kube-apiserver.key --kubelet-preferred-address-types=InternalIP,ExternalIP,Hostname --profiling=false --proxy-client-cert-file=/var/lib/rancher/k3s/server/tls/client-auth-proxy.crt --proxy-client-key-file=/var/lib/rancher/k3s/server/tls/client-auth-proxy.key --requestheader-allowed-names=system:auth-proxy --requestheader-client-ca-file=/var/lib/rancher/k3s/server/tls/request-header-ca.crt --requestheader-extra-headers-prefix=X-Remote-Extra- --requestheader-group-headers=X-Remote-Group --requestheader-username-headers=X-Remote-User --secure-port=6444 --service-account-issuer=https://kubernetes.default.svc.cluster.local --service-account-key-file=/var/lib/rancher/k3s/server/tls/service.key --service-account-signing-key-file=/var/lib/rancher/k3s/server/tls/service.current.key --service-cluster-ip-range=10.43.0.0/16 --service-node-port-range=30000-32767 --storage-backend=etcd3 --tls-cert-file=/var/lib/rancher/k3s/server/tls/serving-kube-apiserver.crt --tls-cipher-suites=TLS_ECDHE_ECDSA_WITH_AES_256_GCM_SHA384,TLS_ECDHE_RSA_WITH_AES_256_GCM_SHA384,TLS_ECDHE_ECDSA_WITH_AES_128_GCM_SHA256,TLS_ECDHE_RSA_WITH_AES_128_GCM_SHA256,TLS_ECDHE_ECDSA_WITH_CHACHA20_POLY1305,TLS_ECDHE_RSA_WITH_CHACHA20_POLY1305 --tls-private-key-file=/var/lib/rancher/k3s/server/tls/serving-kube-apiserver.key
2025-01-30 18:27:53,045 INFO c.h.h.t.HelmChartContainer - [K3S] [INFO] Running kube-scheduler --authentication-kubeconfig=/var/lib/rancher/k3s/server/cred/scheduler.kubeconfig --authorization-kubeconfig=/var/lib/rancher/k3s/server/cred/scheduler.kubeconfig --bind-address=127.0.0.1 --kubeconfig=/var/lib/rancher/k3s/server/cred/scheduler.kubeconfig --leader-elect=false --profiling=false --secure-port=10259
2025-01-30 18:27:53,046 INFO c.h.h.t.HelmChartContainer - [K3S] [registry.go:256] calling componentGlobalsRegistry.AddFlags more than once, the registry will be set by the latest flags
2025-01-30 18:27:53,049 INFO c.h.h.t.HelmChartContainer - [K3S] [INFO] Running kube-controller-manager --allocate-node-cidrs=true --authentication-kubeconfig=/var/lib/rancher/k3s/server/cred/controller.kubeconfig --authorization-kubeconfig=/var/lib/rancher/k3s/server/cred/controller.kubeconfig --bind-address=127.0.0.1 --cluster-cidr=10.42.0.0/16 --cluster-signing-kube-apiserver-client-cert-file=/var/lib/rancher/k3s/server/tls/client-ca.nochain.crt --cluster-signing-kube-apiserver-client-key-file=/var/lib/rancher/k3s/server/tls/client-ca.key --cluster-signing-kubelet-client-cert-file=/var/lib/rancher/k3s/server/tls/client-ca.nochain.crt --cluster-signing-kubelet-client-key-file=/var/lib/rancher/k3s/server/tls/client-ca.key --cluster-signing-kubelet-serving-cert-file=/var/lib/rancher/k3s/server/tls/server-ca.nochain.crt --cluster-signing-kubelet-serving-key-file=/var/lib/rancher/k3s/server/tls/server-ca.key --cluster-signing-legacy-unknown-cert-file=/var/lib/rancher/k3s/server/tls/server-ca.nochain.crt --cluster-signing-legacy-unknown-key-file=/var/lib/rancher/k3s/server/tls/server-ca.key --configure-cloud-routes=false --controllers=*,tokencleaner,-service,-route,-cloud-node-lifecycle --kubeconfig=/var/lib/rancher/k3s/server/cred/controller.kubeconfig --leader-elect=false --profiling=false --root-ca-file=/var/lib/rancher/k3s/server/tls/server-ca.crt --secure-port=10257 --service-account-private-key-file=/var/lib/rancher/k3s/server/tls/service.current.key --service-cluster-ip-range=10.43.0.0/16 --use-service-account-credentials=true
2025-01-30 18:27:53,049 INFO c.h.h.t.HelmChartContainer - [K3S] [options.go:299] unable to set WatchListClient feature gate, err: cannot override default for feature "WatchListClient": gates already added to a flag set
2025-01-30 18:27:53,050 INFO c.h.h.t.HelmChartContainer - [K3S] [registry.go:256] calling componentGlobalsRegistry.AddFlags more than once, the registry will be set by the latest flags
2025-01-30 18:27:53,051 INFO c.h.h.t.HelmChartContainer - [K3S] [INFO] Running cloud-controller-manager --allocate-node-cidrs=true --authentication-kubeconfig=/var/lib/rancher/k3s/server/cred/cloud-controller.kubeconfig --authorization-kubeconfig=/var/lib/rancher/k3s/server/cred/cloud-controller.kubeconfig --bind-address=127.0.0.1 --cloud-config=/var/lib/rancher/k3s/server/etc/cloud-config.yaml --cloud-provider=k3s --cluster-cidr=10.42.0.0/16 --configure-cloud-routes=false --controllers=*,-route --kubeconfig=/var/lib/rancher/k3s/server/cred/cloud-controller.kubeconfig --leader-elect=false --leader-elect-resource-name=k3s-cloud-controller-manager --node-status-update-frequency=1m0s --profiling=false
2025-01-30 18:27:53,051 INFO c.h.h.t.HelmChartContainer - [K3S] [INFO] Server node token is available at /var/lib/rancher/k3s/server/token
2025-01-30 18:27:53,051 INFO c.h.h.t.HelmChartContainer - [K3S] [INFO] Waiting for API server to become available
2025-01-30 18:27:53,051 INFO c.h.h.t.HelmChartContainer - [K3S] [registry.go:256] calling componentGlobalsRegistry.AddFlags more than once, the registry will be set by the latest flags
2025-01-30 18:27:53,052 INFO c.h.h.t.HelmChartContainer - [K3S] [INFO] To join server node to cluster: k3s server -s https://172.18.0.2:6443 -t ${SERVER_NODE_TOKEN}
2025-01-30 18:27:53,052 INFO c.h.h.t.HelmChartContainer - [K3S] [INFO] Agent node token is available at /var/lib/rancher/k3s/server/agent-token
2025-01-30 18:27:53,052 INFO c.h.h.t.HelmChartContainer - [K3S] [INFO] To join agent node to cluster: k3s agent -s https://172.18.0.2:6443 -t ${AGENT_NODE_TOKEN}
2025-01-30 18:27:53,052 INFO c.h.h.t.HelmChartContainer - [K3S] [options.go:238] external host was not specified, using 172.18.0.2
2025-01-30 18:27:53,052 INFO c.h.h.t.HelmChartContainer - [K3S] [INFO] Wrote kubeconfig /etc/rancher/k3s/k3s.yaml
2025-01-30 18:27:53,052 INFO c.h.h.t.HelmChartContainer - [K3S] [INFO] Run: k3s kubectl
2025-01-30 18:27:53,052 INFO c.h.h.t.HelmChartContainer - [K3S] [server.go:151] Version: v1.32.1+k3s1
2025-01-30 18:27:53,053 INFO c.h.h.t.HelmChartContainer - [K3S] [server.go:153] "Golang settings" GOGC="" GOMAXPROCS="" GOTRACEBACK=""
2025-01-30 18:27:53,239 INFO c.h.h.t.HelmChartContainer - [K3S] [plugins.go:157] Loaded 13 mutating admission controller(s) successfully in the following order: NamespaceLifecycle,LimitRanger,ServiceAccount,NodeRestriction,TaintNodesByCondition,Priority,DefaultTolerationSeconds,DefaultStorageClass,StorageObjectInUseProtection,RuntimeClass,DefaultIngressClass,MutatingAdmissionPolicy,MutatingAdmissionWebhook.
2025-01-30 18:27:53,240 INFO c.h.h.t.HelmChartContainer - [K3S] [plugins.go:160] Loaded 13 validating admission controller(s) successfully in the following order: LimitRanger,ServiceAccount,PodSecurity,Priority,PersistentVolumeClaimResize,RuntimeClass,CertificateApproval,CertificateSigning,ClusterTrustBundleAttest,CertificateSubjectRestriction,ValidatingAdmissionPolicy,ValidatingAdmissionWebhook,ResourceQuota.
2025-01-30 18:27:53,240 INFO c.h.h.t.HelmChartContainer - [K3S] [instance.go:233] Using reconciler: lease
2025-01-30 18:27:53,297 INFO c.h.h.t.HelmChartContainer - [K3S] [apis.go:106] API group "internal.apiserver.k8s.io" is not enabled, skipping.
2025-01-30 18:27:53,347 INFO c.h.h.t.HelmChartContainer - [K3S] [apis.go:106] API group "storagemigration.k8s.io" is not enabled, skipping.
2025-01-30 18:27:53,373 INFO c.h.h.t.HelmChartContainer - [K3S] [apis.go:106] API group "resource.k8s.io" is not enabled, skipping.
2025-01-30 18:27:53,724 INFO c.h.h.t.HelmChartContainer - [K3S] [dynamic_cafile_content.go:161] "Starting controller" name="client-ca-bundle::/var/lib/rancher/k3s/server/tls/client-ca.crt"
2025-01-30 18:27:53,728 INFO c.h.h.t.HelmChartContainer - [K3S] [dynamic_cafile_content.go:161] "Starting controller" name="request-header::/var/lib/rancher/k3s/server/tls/request-header-ca.crt"
2025-01-30 18:27:53,728 INFO c.h.h.t.HelmChartContainer - [K3S] [dynamic_serving_content.go:135] "Starting controller" name="serving-cert::/var/lib/rancher/k3s/server/tls/serving-kube-apiserver.crt::/var/lib/rancher/k3s/server/tls/serving-kube-apiserver.key"
2025-01-30 18:27:53,729 INFO c.h.h.t.HelmChartContainer - [K3S] [secure_serving.go:213] Serving securely on 127.0.0.1:6444
2025-01-30 18:27:53,729 INFO c.h.h.t.HelmChartContainer - [K3S] [tlsconfig.go:243] "Starting DynamicServingCertificateController"
2025-01-30 18:27:53,729 INFO c.h.h.t.HelmChartContainer - [K3S] [local_available_controller.go:156] Starting LocalAvailability controller
2025-01-30 18:27:53,729 INFO c.h.h.t.HelmChartContainer - [K3S] [cluster_authentication_trust_controller.go:462] Starting cluster_authentication_trust_controller controller
2025-01-30 18:27:53,729 INFO c.h.h.t.HelmChartContainer - [K3S] [controller.go:80] Starting OpenAPI V3 AggregationController
2025-01-30 18:27:53,729 INFO c.h.h.t.HelmChartContainer - [K3S] [controller.go:119] Starting legacy_token_tracking_controller
2025-01-30 18:27:53,729 INFO c.h.h.t.HelmChartContainer - [K3S] [controller.go:78] Starting OpenAPI AggregationController
2025-01-30 18:27:53,729 INFO c.h.h.t.HelmChartContainer - [K3S] [aggregator.go:169] waiting for initial CRD sync...
2025-01-30 18:27:53,730 INFO c.h.h.t.HelmChartContainer - [K3S] [dynamic_cafile_content.go:161] "Starting controller" name="client-ca-bundle::/var/lib/rancher/k3s/server/tls/client-ca.crt"
2025-01-30 18:27:53,734 INFO c.h.h.t.HelmChartContainer - [K3S] [dynamic_cafile_content.go:161] "Starting controller" name="request-header::/var/lib/rancher/k3s/server/tls/request-header-ca.crt"
2025-01-30 18:27:53,735 INFO c.h.h.t.HelmChartContainer - [K3S] [apiservice_controller.go:100] Starting APIServiceRegistrationController
2025-01-30 18:27:53,735 INFO c.h.h.t.HelmChartContainer - [K3S] [crdregistration_controller.go:114] Starting crd-autoregister controller
2025-01-30 18:27:53,735 INFO c.h.h.t.HelmChartContainer - [K3S] [remote_available_controller.go:411] Starting RemoteAvailability controller
2025-01-30 18:27:53,735 INFO c.h.h.t.HelmChartContainer - [K3S] [customresource_discovery_controller.go:292] Starting DiscoveryController
2025-01-30 18:27:53,735 INFO c.h.h.t.HelmChartContainer - [K3S] [system_namespaces_controller.go:66] Starting system namespaces controller
2025-01-30 18:27:53,735 INFO c.h.h.t.HelmChartContainer - [K3S] [gc_controller.go:78] Starting apiserver lease garbage collector
2025-01-30 18:27:53,735 INFO c.h.h.t.HelmChartContainer - [K3S] [apf_controller.go:377] Starting API Priority and Fairness config controller
2025-01-30 18:27:53,735 INFO c.h.h.t.HelmChartContainer - [K3S] [dynamic_serving_content.go:135] "Starting controller" name="aggregator-proxy-cert::/var/lib/rancher/k3s/server/tls/client-auth-proxy.crt::/var/lib/rancher/k3s/server/tls/client-auth-proxy.key"
2025-01-30 18:27:53,736 INFO c.h.h.t.HelmChartContainer - [K3S] [controller.go:142] Starting OpenAPI controller
2025-01-30 18:27:53,736 INFO c.h.h.t.HelmChartContainer - [K3S] [controller.go:90] Starting OpenAPI V3 controller
2025-01-30 18:27:53,736 INFO c.h.h.t.HelmChartContainer - [K3S] [naming_controller.go:294] Starting NamingConditionController
2025-01-30 18:27:53,736 INFO c.h.h.t.HelmChartContainer - [K3S] [establishing_controller.go:81] Starting EstablishingController
2025-01-30 18:27:53,736 INFO c.h.h.t.HelmChartContainer - [K3S] [nonstructuralschema_controller.go:195] Starting NonStructuralSchemaConditionController
2025-01-30 18:27:53,742 INFO c.h.h.t.HelmChartContainer - [K3S] [apiapproval_controller.go:189] Starting KubernetesAPIApprovalPolicyConformantConditionController
2025-01-30 18:27:53,742 INFO c.h.h.t.HelmChartContainer - [K3S] [crd_finalizer.go:269] Starting CRDFinalizer
2025-01-30 18:27:53,763 INFO c.h.h.t.HelmChartContainer - [K3S] [INFO] Password verified locally for node fa9d92da3b04
2025-01-30 18:27:53,828 INFO c.h.h.t.HelmChartContainer - [K3S] [handler_discovery.go:451] Starting ResourceDiscoveryManager
2025-01-30 18:27:53,828 INFO c.h.h.t.HelmChartContainer - [K3S] [apf_controller.go:382] Running API Priority and Fairness config worker
2025-01-30 18:27:53,828 INFO c.h.h.t.HelmChartContainer - [K3S] [apf_controller.go:385] Running API Priority and Fairness periodic rebalancing process
2025-01-30 18:27:53,828 INFO c.h.h.t.HelmChartContainer - [K3S] [aggregator.go:171] initial CRD sync complete...
2025-01-30 18:27:53,828 INFO c.h.h.t.HelmChartContainer - [K3S] [autoregister_controller.go:144] Starting autoregister controller
2025-01-30 18:27:53,835 INFO c.h.h.t.HelmChartContainer - [K3S] [policy_source.go:240] refreshing policies
2025-01-30 18:27:53,878 INFO c.h.h.t.HelmChartContainer - [K3S] [controller.go:148] "Unhandled Error" err="while syncing ConfigMap \"kube-system/kube-apiserver-legacy-service-account-token-tracking\", err: namespaces \"kube-system\" not found" logger="UnhandledError"
2025-01-30 18:27:53,879 INFO c.h.h.t.HelmChartContainer - [K3S] [controller.go:95] Unable to perform initial Kubernetes service initialization: namespaces "default" not found
2025-01-30 18:27:53,899 INFO c.h.h.t.HelmChartContainer - [K3S] [controller.go:145] "Failed to ensure lease exists, will retry" err="namespaces \"kube-system\" not found" interval="200ms"
2025-01-30 18:27:54,204 INFO c.h.h.t.HelmChartContainer - [K3S] [WARNING] Host resolv.conf includes loopback or multicast nameservers - kubelet will use autogenerated resolv.conf with nameserver 8.8.8.8
2025-01-30 18:27:54,213 INFO c.h.h.t.HelmChartContainer - [K3S] [INFO] Module overlay was already loaded
2025-01-30 18:27:54,214 INFO c.h.h.t.HelmChartContainer - [K3S] [INFO] Module nf_conntrack was already loaded
2025-01-30 18:27:54,214 INFO c.h.h.t.HelmChartContainer - [K3S] [INFO] Module br_netfilter was already loaded
2025-01-30 18:27:54,218 INFO c.h.h.t.HelmChartContainer - [K3S] [INFO] Set sysctl 'net/netfilter/nf_conntrack_tcp_timeout_established' to 86400
2025-01-30 18:27:54,218 INFO c.h.h.t.HelmChartContainer - [K3S] [INFO] Set sysctl 'net/netfilter/nf_conntrack_tcp_timeout_close_wait' to 3600
2025-01-30 18:27:54,218 INFO c.h.h.t.HelmChartContainer - [K3S] [INFO] Set sysctl 'net/netfilter/nf_conntrack_max' to 131072
2025-01-30 18:27:54,220 INFO c.h.h.t.HelmChartContainer - [K3S] [INFO] Logging containerd to /var/lib/rancher/k3s/agent/containerd/containerd.log
2025-01-30 18:27:54,221 INFO c.h.h.t.HelmChartContainer - [K3S] [INFO] Running containerd -c /var/lib/rancher/k3s/agent/etc/containerd/config.toml -a /run/k3s/containerd/containerd.sock --state /run/k3s/containerd --root /var/lib/rancher/k3s/agent/containerd
2025-01-30 18:27:54,729 INFO c.h.h.t.HelmChartContainer - [K3S] [storage_scheduling.go:95] created PriorityClass system-node-critical with value 2000001000
2025-01-30 18:27:54,732 INFO c.h.h.t.HelmChartContainer - [K3S] [storage_scheduling.go:95] created PriorityClass system-cluster-critical with value 2000000000
2025-01-30 18:27:54,732 INFO c.h.h.t.HelmChartContainer - [K3S] [storage_scheduling.go:111] all system priority classes are created successfully or already exist.
2025-01-30 18:27:55,084 INFO c.h.h.t.HelmChartContainer - [K3S] [alloc.go:330] "allocated clusterIPs" service="default/kubernetes" clusterIPs={"IPv4":"10.43.0.1"}
2025-01-30 18:27:55,087 INFO c.h.h.t.HelmChartContainer - [K3S] [lease.go:265] Resetting endpoints for master service "kubernetes" to [172.18.0.2]
2025-01-30 18:27:55,230 INFO c.h.h.t.HelmChartContainer - [K3S] [INFO] containerd is now running
2025-01-30 18:27:55,235 INFO c.h.h.t.HelmChartContainer - [K3S] [INFO] Creating k3s-cert-monitor event broadcaster
2025-01-30 18:27:55,236 INFO c.h.h.t.HelmChartContainer - [K3S] [INFO] Connecting to proxy" url="wss://127.0.0.1:6443/v1-k3s/connect
2025-01-30 18:27:55,236 INFO c.h.h.t.HelmChartContainer - [K3S] [INFO] Running kubelet --cloud-provider=external --config-dir=/var/lib/rancher/k3s/agent/etc/kubelet.conf.d --containerd=/run/k3s/containerd/containerd.sock --hostname-override=fa9d92da3b04 --kubeconfig=/var/lib/rancher/k3s/agent/kubelet.kubeconfig --node-ip=172.18.0.2 --node-labels=
2025-01-30 18:27:55,241 INFO c.h.h.t.HelmChartContainer - [K3S] [INFO] Handling backend connection request [fa9d92da3b04]
2025-01-30 18:27:55,242 INFO c.h.h.t.HelmChartContainer - [K3S] [INFO] Remotedialer connected to proxy" url="wss://127.0.0.1:6443/v1-k3s/connect
2025-01-30 18:27:55,253 INFO c.h.h.t.HelmChartContainer - [K3S] Flag --containerd has been deprecated, This is a cadvisor flag that was mistakenly registered with the Kubelet. Due to legacy concerns, it will follow the standard CLI deprecation timeline before being removed.
2025-01-30 18:27:55,258 INFO c.h.h.t.HelmChartContainer - [K3S] [server.go:515] "Kubelet version" kubeletVersion="v1.32.1+k3s1"
2025-01-30 18:27:55,259 INFO c.h.h.t.HelmChartContainer - [K3S] [server.go:517] "Golang settings" GOGC="" GOMAXPROCS="" GOTRACEBACK=""
2025-01-30 18:27:55,261 INFO c.h.h.t.HelmChartContainer - [K3S] [dynamic_cafile_content.go:161] "Starting controller" name="client-ca-bundle::/var/lib/rancher/k3s/agent/client-ca.crt"
2025-01-30 18:27:55,263 INFO c.h.h.t.HelmChartContainer - [K3S] [log.go:32] "RuntimeConfig from runtime service failed" err="rpc error: code = Unimplemented desc = method RuntimeConfig not implemented"
2025-01-30 18:27:55,264 INFO c.h.h.t.HelmChartContainer - [K3S] [server.go:1416] "CRI implementation should be updated to support RuntimeConfig when KubeletCgroupDriverFromCRI feature gate has been enabled. Falling back to using cgroupDriver from kubelet config."
2025-01-30 18:27:55,267 INFO c.h.h.t.HelmChartContainer - [K3S] [info.go:53] Couldn't collect info from any of the files in "/etc/machine-id,/var/lib/dbus/machine-id"
2025-01-30 18:27:55,268 INFO c.h.h.t.HelmChartContainer - [K3S] [server.go:767] "--cgroups-per-qos enabled, but --cgroup-root was not specified.  defaulting to /"
2025-01-30 18:27:55,268 INFO c.h.h.t.HelmChartContainer - [K3S] [server.go:836] "NoSwap is set due to memorySwapBehavior not specified" memorySwapBehavior="" FailSwapOn=false
2025-01-30 18:27:55,268 INFO c.h.h.t.HelmChartContainer - [K3S] [swap_util.go:115] "Swap is on" /proc/swaps contents=<
2025-01-30 18:27:55,269 INFO c.h.h.t.HelmChartContainer - [K3S] 	Filename				Type		Size		Used		Priority
2025-01-30 18:27:55,269 INFO c.h.h.t.HelmChartContainer - [K3S] 	/mnt/swapfile                           file		4194300		0		-2
2025-01-30 18:27:55,269 INFO c.h.h.t.HelmChartContainer - [K3S]  >
2025-01-30 18:27:55,269 INFO c.h.h.t.HelmChartContainer - [K3S] [container_manager_linux.go:268] "Container manager verified user specified cgroup-root exists" cgroupRoot=[]
2025-01-30 18:27:55,269 INFO c.h.h.t.HelmChartContainer - [K3S] [container_manager_linux.go:273] "Creating Container Manager object based on Node Config" nodeConfig={"NodeName":"fa9d92da3b04","RuntimeCgroupsName":"","SystemCgroupsName":"","KubeletCgroupsName":"/k3s","KubeletOOMScoreAdj":-999,"ContainerRuntime":"","CgroupsPerQOS":true,"CgroupRoot":"/","CgroupDriver":"cgroupfs","KubeletRootDir":"/var/lib/kubelet","ProtectKernelDefaults":false,"KubeReservedCgroupName":"","SystemReservedCgroupName":"","ReservedSystemCPUs":{},"EnforceNodeAllocatable":{"pods":{}},"KubeReserved":null,"SystemReserved":null,"HardEvictionThresholds":[{"Signal":"imagefs.available","Operator":"LessThan","Value":{"Quantity":null,"Percentage":0.05},"GracePeriod":0,"MinReclaim":null},{"Signal":"nodefs.available","Operator":"LessThan","Value":{"Quantity":null,"Percentage":0.05},"GracePeriod":0,"MinReclaim":null}],"QOSReserved":{},"CPUManagerPolicy":"none","CPUManagerPolicyOptions":null,"TopologyManagerScope":"container","CPUManagerReconcilePeriod":10000000000,"ExperimentalMemoryManagerPolicy":"None","ExperimentalMemoryManagerReservedMemory":null,"PodPidsLimit":-1,"EnforceCPULimits":true,"CPUCFSQuotaPeriod":100000000,"TopologyManagerPolicy":"none","TopologyManagerPolicyOptions":null,"CgroupVersion":2}
2025-01-30 18:27:55,269 INFO c.h.h.t.HelmChartContainer - [K3S] [topology_manager.go:138] "Creating topology manager with none policy"
2025-01-30 18:27:55,269 INFO c.h.h.t.HelmChartContainer - [K3S] [container_manager_linux.go:304] "Creating device plugin manager"
2025-01-30 18:27:55,269 INFO c.h.h.t.HelmChartContainer - [K3S] [state_mem.go:36] "Initialized new in-memory state store"
2025-01-30 18:27:55,269 INFO c.h.h.t.HelmChartContainer - [K3S] [kubelet.go:446] "Attempting to sync node with API server"
2025-01-30 18:27:55,269 INFO c.h.h.t.HelmChartContainer - [K3S] [kubelet.go:341] "Adding static pod path" path="/var/lib/rancher/k3s/agent/pod-manifests"
2025-01-30 18:27:55,270 INFO c.h.h.t.HelmChartContainer - [K3S] [kubelet.go:352] "Adding apiserver pod source"
2025-01-30 18:27:55,272 INFO c.h.h.t.HelmChartContainer - [K3S] [apiserver.go:42] "Waiting for node sync before watching apiserver pods"
2025-01-30 18:27:55,272 INFO c.h.h.t.HelmChartContainer - [K3S] [kuberuntime_manager.go:269] "Container runtime initialized" containerRuntime="containerd" version="v1.7.23-k3s2" apiVersion="v1"
2025-01-30 18:27:55,272 INFO c.h.h.t.HelmChartContainer - [K3S] [kubelet.go:890] "Not starting ClusterTrustBundle informer because we are in static kubelet mode"
2025-01-30 18:27:55,272 INFO c.h.h.t.HelmChartContainer - [K3S] [probe.go:272] Flexvolume plugin directory at /usr/libexec/kubernetes/kubelet-plugins/volume/exec/ does not exist. Recreating.
2025-01-30 18:27:55,272 INFO c.h.h.t.HelmChartContainer - [K3S] [watchdog_linux.go:99] "Systemd watchdog is not enabled"
2025-01-30 18:27:55,272 INFO c.h.h.t.HelmChartContainer - [K3S] [server.go:1282] "Started kubelet"
2025-01-30 18:27:55,274 INFO c.h.h.t.HelmChartContainer - [K3S] [fs_resource_analyzer.go:67] "Starting FS ResourceAnalyzer"
2025-01-30 18:27:55,281 INFO c.h.h.t.HelmChartContainer - [K3S] [dynamic_serving_content.go:135] "Starting controller" name="kubelet-server-cert-files::/var/lib/rancher/k3s/agent/serving-kubelet.crt::/var/lib/rancher/k3s/agent/serving-kubelet.key"
2025-01-30 18:27:55,281 INFO c.h.h.t.HelmChartContainer - [K3S] [server.go:169] "Starting to listen" address="0.0.0.0" port=10250
2025-01-30 18:27:55,282 INFO c.h.h.t.HelmChartContainer - [K3S] [server.go:490] "Adding debug handlers to kubelet server"
2025-01-30 18:27:55,283 INFO c.h.h.t.HelmChartContainer - [K3S] [server.go:208] "Starting to listen read-only" address="0.0.0.0" port=10255
2025-01-30 18:27:55,284 INFO c.h.h.t.HelmChartContainer - [K3S] [volume_manager.go:297] "Starting Kubelet Volume Manager"
2025-01-30 18:27:55,284 INFO c.h.h.t.HelmChartContainer - [K3S] [kubelet_node_status.go:467] "Error getting the current node from lister" err="node \"fa9d92da3b04\" not found"
2025-01-30 18:27:55,284 INFO c.h.h.t.HelmChartContainer - [K3S] [ratelimit.go:55] "Setting rate limiting for endpoint" service="podresources" qps=100 burstTokens=10
2025-01-30 18:27:55,285 INFO c.h.h.t.HelmChartContainer - [K3S] [server.go:243] "Starting to serve the podresources API" endpoint="unix:/var/lib/kubelet/pod-resources/kubelet.sock"
2025-01-30 18:27:55,286 INFO c.h.h.t.HelmChartContainer - [K3S] [desired_state_of_world_populator.go:149] "Desired state populator starts to run"
2025-01-30 18:27:55,286 INFO c.h.h.t.HelmChartContainer - [K3S] [reconciler.go:26] "Reconciler: start to sync state"
2025-01-30 18:27:55,287 INFO c.h.h.t.HelmChartContainer - [K3S] [kubelet.go:1561] "Image garbage collection failed once. Stats initialization may not have completed yet" err="invalid capacity 0 on image filesystem"
2025-01-30 18:27:55,294 INFO c.h.h.t.HelmChartContainer - [K3S] [factory.go:221] Registration of the containerd container factory successfully
2025-01-30 18:27:55,294 INFO c.h.h.t.HelmChartContainer - [K3S] [factory.go:221] Registration of the systemd container factory successfully
2025-01-30 18:27:55,295 INFO c.h.h.t.HelmChartContainer - [K3S] [factory.go:219] Registration of the crio container factory failed: Get "http://%2Fvar%2Frun%2Fcrio%2Fcrio.sock/info": dial unix /var/run/crio/crio.sock: connect: no such file or directory
2025-01-30 18:27:55,296 INFO c.h.h.t.HelmChartContainer - [K3S] [nodelease.go:49] "Failed to get node when trying to set owner ref to the node lease" err="nodes \"fa9d92da3b04\" not found" node="fa9d92da3b04"
2025-01-30 18:27:55,304 INFO c.h.h.t.HelmChartContainer - [K3S] [kubelet_network_linux.go:50] "Initialized iptables rules." protocol="IPv4"
2025-01-30 18:27:55,306 INFO c.h.h.t.HelmChartContainer - [K3S] [kubelet_network_linux.go:50] "Initialized iptables rules." protocol="IPv6"
2025-01-30 18:27:55,306 INFO c.h.h.t.HelmChartContainer - [K3S] [status_manager.go:227] "Starting to sync pod status with apiserver"
2025-01-30 18:27:55,306 INFO c.h.h.t.HelmChartContainer - [K3S] [watchdog_linux.go:127] "Systemd watchdog is not enabled or the interval is invalid, so health checking will not be started."
2025-01-30 18:27:55,306 INFO c.h.h.t.HelmChartContainer - [K3S] [kubelet.go:2388] "Starting kubelet main sync loop"
2025-01-30 18:27:55,307 INFO c.h.h.t.HelmChartContainer - [K3S] [kubelet.go:2412] "Skipping pod synchronization" err="[container runtime status check may not have completed yet, PLEG is not healthy: pleg has yet to be successful]"
2025-01-30 18:27:55,319 INFO c.h.h.t.HelmChartContainer - [K3S] [cpu_manager.go:221] "Starting CPU manager" policy="none"
2025-01-30 18:27:55,320 INFO c.h.h.t.HelmChartContainer - [K3S] [cpu_manager.go:222] "Reconciling" reconcilePeriod="10s"
2025-01-30 18:27:55,320 INFO c.h.h.t.HelmChartContainer - [K3S] [state_mem.go:36] "Initialized new in-memory state store"
2025-01-30 18:27:55,322 INFO c.h.h.t.HelmChartContainer - [K3S] [policy_none.go:49] "None policy: Start"
2025-01-30 18:27:55,324 INFO c.h.h.t.HelmChartContainer - [K3S] [memory_manager.go:186] "Starting memorymanager" policy="None"
2025-01-30 18:27:55,324 INFO c.h.h.t.HelmChartContainer - [K3S] [state_mem.go:35] "Initializing new in-memory state store"
2025-01-30 18:27:55,327 INFO c.h.h.t.HelmChartContainer - [K3S] [manager.go:519] "Failed to read data from checkpoint" checkpoint="kubelet_internal_checkpoint" err="checkpoint is not found"
2025-01-30 18:27:55,328 INFO c.h.h.t.HelmChartContainer - [K3S] [eviction_manager.go:189] "Eviction manager: starting control loop"
2025-01-30 18:27:55,328 INFO c.h.h.t.HelmChartContainer - [K3S] [container_log_manager.go:189] "Initializing container log rotate workers" workers=1 monitorPeriod="10s"
2025-01-30 18:27:55,330 INFO c.h.h.t.HelmChartContainer - [K3S] [plugin_manager.go:118] "Starting Kubelet Plugin Manager"
2025-01-30 18:27:55,331 INFO c.h.h.t.HelmChartContainer - [K3S] [eviction_manager.go:267] "eviction manager: failed to check if we have separate container filesystem. Ignoring." err="no imagefs label for configured runtime"
2025-01-30 18:27:55,331 INFO c.h.h.t.HelmChartContainer - [K3S] [eviction_manager.go:292] "Eviction manager: failed to get summary stats" err="failed to get node info: node \"fa9d92da3b04\" not found"
2025-01-30 18:27:55,379 INFO c.h.h.t.HelmChartContainer - [K3S] [ERROR] Sending HTTP/1.1 503 response to 127.0.0.1:34944: runtime core not ready
2025-01-30 18:27:55,430 INFO c.h.h.t.HelmChartContainer - [K3S] [kubelet_node_status.go:76] "Attempting to register node" node="fa9d92da3b04"
2025-01-30 18:27:55,435 INFO c.h.h.t.HelmChartContainer - [K3S] [kubelet_node_status.go:79] "Successfully registered node" node="fa9d92da3b04"
2025-01-30 18:27:55,436 INFO c.h.h.t.HelmChartContainer - [K3S] [kubelet_node_status.go:549] "Error updating node status, will retry" err="error getting node \"fa9d92da3b04\": node \"fa9d92da3b04\" not found"
2025-01-30 18:27:55,438 INFO c.h.h.t.HelmChartContainer - [K3S] [INFO] Annotations and labels have been set successfully on node: fa9d92da3b04
2025-01-30 18:27:55,439 INFO c.h.h.t.HelmChartContainer - [K3S] [INFO] Starting flannel with backend vxlan
2025-01-30 18:27:55,461 INFO c.h.h.t.HelmChartContainer - [K3S] [INFO] Running kube-proxy --cluster-cidr=10.42.0.0/16 --conntrack-max-per-core=0 --conntrack-tcp-timeout-close-wait=0s --conntrack-tcp-timeout-established=0s --healthz-bind-address=127.0.0.1 --hostname-override=fa9d92da3b04 --kubeconfig=/var/lib/rancher/k3s/agent/kubeproxy.kubeconfig --proxy-mode=iptables
2025-01-30 18:27:55,499 INFO c.h.h.t.HelmChartContainer - [K3S] [server.go:698] "Successfully retrieved node IP(s)" IPs=["172.18.0.2"]
2025-01-30 18:27:55,499 INFO c.h.h.t.HelmChartContainer - [K3S] [server.go:234] "Kube-proxy configuration may be incomplete or incorrect" err="nodePortAddresses is unset; NodePort connections will be accepted on all local IPs. Consider using `--nodeport-addresses primary`"
2025-01-30 18:27:55,502 INFO c.h.h.t.HelmChartContainer - [K3S] [server.go:243] "kube-proxy running in dual-stack mode" primary ipFamily="IPv4"
2025-01-30 18:27:55,502 INFO c.h.h.t.HelmChartContainer - [K3S] [server_linux.go:170] "Using iptables Proxier"
2025-01-30 18:27:55,503 INFO c.h.h.t.HelmChartContainer - [K3S] [proxier.go:255] "Setting route_localnet=1 to allow node-ports on localhost; to change this either disable iptables.localhostNodePorts (--iptables-localhost-nodeports) or set nodePortAddresses (--nodeport-addresses) to filter loopback addresses"
2025-01-30 18:27:55,507 INFO c.h.h.t.HelmChartContainer - [K3S] [server.go:497] "Version info" version="v1.32.1+k3s1"
2025-01-30 18:27:55,507 INFO c.h.h.t.HelmChartContainer - [K3S] [server.go:499] "Golang settings" GOGC="" GOMAXPROCS="" GOTRACEBACK=""
2025-01-30 18:27:55,507 INFO c.h.h.t.HelmChartContainer - [K3S] [config.go:199] "Starting service config controller"
2025-01-30 18:27:55,508 INFO c.h.h.t.HelmChartContainer - [K3S] [config.go:329] "Starting node config controller"
2025-01-30 18:27:55,508 INFO c.h.h.t.HelmChartContainer - [K3S] [config.go:105] "Starting endpoint slice config controller"
2025-01-30 18:27:55,641 INFO c.h.h.t.HelmChartContainer - [K3S] [kubelet_node_status.go:502] "Fast updating node status as it just became ready"
2025-01-30 18:27:56,052 INFO c.h.h.t.HelmChartContainer - [K3S] [INFO] Waiting for untainted node
2025-01-30 18:27:56,055 INFO c.h.h.t.HelmChartContainer - [K3S] [INFO] Waiting for cloud-controller-manager privileges to become available
2025-01-30 18:27:56,055 INFO c.h.h.t.HelmChartContainer - [K3S] [INFO] Kube API server is now running
2025-01-30 18:27:56,055 INFO c.h.h.t.HelmChartContainer - [K3S] [INFO] ETCD server is now running
2025-01-30 18:27:56,055 INFO c.h.h.t.HelmChartContainer - [K3S] [INFO] k3s is up and running
2025-01-30 18:27:56,055 INFO c.h.h.t.HelmChartContainer - [K3S] [INFO] Creating k3s-supervisor event broadcaster
2025-01-30 18:27:56,058 INFO c.h.h.t.HelmChartContainer - [K3S] [INFO] Applying CRD addons.k3s.cattle.io
2025-01-30 18:27:56,068 INFO c.h.h.t.HelmChartContainer - [K3S] [INFO] Applying CRD etcdsnapshotfiles.k3s.cattle.io
2025-01-30 18:27:56,079 INFO c.h.h.t.HelmChartContainer - [K3S] [INFO] Applying CRD helmcharts.helm.cattle.io
2025-01-30 18:27:56,090 INFO c.h.h.t.HelmChartContainer - [K3S] [INFO] Applying CRD helmchartconfigs.helm.cattle.io
2025-01-30 18:27:56,103 INFO c.h.h.t.HelmChartContainer - [K3S] [INFO] Waiting for CRD helmchartconfigs.helm.cattle.io to become available
2025-01-30 18:27:56,270 INFO c.h.h.t.HelmChartContainer - [K3S] [apiserver.go:52] "Watching apiserver"
2025-01-30 18:27:56,287 INFO c.h.h.t.HelmChartContainer - [K3S] [desired_state_of_world_populator.go:157] "Finished populating initial desired state of world"
2025-01-30 18:27:56,341 INFO c.h.h.t.HelmChartContainer - [K3S] [serving.go:392] Generated self-signed cert in-memory
2025-01-30 18:27:56,466 INFO c.h.h.t.HelmChartContainer - [K3S] [controllermanager.go:185] "Starting" version="v1.32.1+k3s1"
2025-01-30 18:27:56,467 INFO c.h.h.t.HelmChartContainer - [K3S] [controllermanager.go:187] "Golang settings" GOGC="" GOMAXPROCS="" GOTRACEBACK=""
2025-01-30 18:27:56,469 INFO c.h.h.t.HelmChartContainer - [K3S] [requestheader_controller.go:180] Starting RequestHeaderAuthRequestController
2025-01-30 18:27:56,469 INFO c.h.h.t.HelmChartContainer - [K3S] [configmap_cafile_content.go:205] "Starting controller" name="client-ca::kube-system::extension-apiserver-authentication::requestheader-client-ca-file"
2025-01-30 18:27:56,470 INFO c.h.h.t.HelmChartContainer - [K3S] [configmap_cafile_content.go:205] "Starting controller" name="client-ca::kube-system::extension-apiserver-authentication::client-ca-file"
2025-01-30 18:27:56,470 INFO c.h.h.t.HelmChartContainer - [K3S] [secure_serving.go:213] Serving securely on 127.0.0.1:10257
2025-01-30 18:27:56,470 INFO c.h.h.t.HelmChartContainer - [K3S] [tlsconfig.go:243] "Starting DynamicServingCertificateController"
2025-01-30 18:27:56,474 INFO c.h.h.t.HelmChartContainer - [K3S] [controllermanager.go:765] "Started controller" controller="serviceaccount-token-controller"
2025-01-30 18:27:56,482 INFO c.h.h.t.HelmChartContainer - [K3S] [controllermanager.go:765] "Started controller" controller="endpoints-controller"
2025-01-30 18:27:56,483 INFO c.h.h.t.HelmChartContainer - [K3S] [endpoints_controller.go:182] "Starting endpoint controller"
2025-01-30 18:27:56,488 INFO c.h.h.t.HelmChartContainer - [K3S] [controllermanager.go:765] "Started controller" controller="serviceaccount-controller"
2025-01-30 18:27:56,488 INFO c.h.h.t.HelmChartContainer - [K3S] [serviceaccounts_controller.go:114] "Starting service account controller"
2025-01-30 18:27:56,494 INFO c.h.h.t.HelmChartContainer - [K3S] [controllermanager.go:765] "Started controller" controller="certificatesigningrequest-cleaner-controller"
2025-01-30 18:27:56,494 INFO c.h.h.t.HelmChartContainer - [K3S] [controllermanager.go:723] "Skipping a cloud provider controller" controller="node-route-controller"
2025-01-30 18:27:56,494 INFO c.h.h.t.HelmChartContainer - [K3S] [cleaner.go:83] "Starting CSR cleaner controller"
2025-01-30 18:27:56,499 INFO c.h.h.t.HelmChartContainer - [K3S] [controllermanager.go:765] "Started controller" controller="ttl-after-finished-controller"
2025-01-30 18:27:56,499 INFO c.h.h.t.HelmChartContainer - [K3S] [ttlafterfinished_controller.go:112] "Starting TTL after finished controller"
2025-01-30 18:27:56,504 INFO c.h.h.t.HelmChartContainer - [K3S] [controllermanager.go:765] "Started controller" controller="root-ca-certificate-publisher-controller"
2025-01-30 18:27:56,505 INFO c.h.h.t.HelmChartContainer - [K3S] [controllermanager.go:717] "Controller is disabled by a feature gate" controller="service-cidr-controller" requiredFeatureGates=["MultiCIDRServiceAllocator"]
2025-01-30 18:27:56,505 INFO c.h.h.t.HelmChartContainer - [K3S] [publisher.go:107] "Starting root CA cert publisher controller"
2025-01-30 18:27:56,510 INFO c.h.h.t.HelmChartContainer - [K3S] [controllermanager.go:765] "Started controller" controller="daemonset-controller"
2025-01-30 18:27:56,510 INFO c.h.h.t.HelmChartContainer - [K3S] [daemon_controller.go:294] "Starting daemon sets controller"
2025-01-30 18:27:56,515 INFO c.h.h.t.HelmChartContainer - [K3S] [controllermanager.go:765] "Started controller" controller="cronjob-controller"
2025-01-30 18:27:56,515 INFO c.h.h.t.HelmChartContainer - [K3S] [cronjob_controllerv2.go:145] "Starting cronjob controller v2"
2025-01-30 18:27:56,518 INFO c.h.h.t.HelmChartContainer - [K3S] [certificate_controller.go:120] "Starting certificate controller" name="csrsigning-kubelet-serving"
2025-01-30 18:27:56,518 INFO c.h.h.t.HelmChartContainer - [K3S] [dynamic_serving_content.go:135] "Starting controller" name="csr-controller::/var/lib/rancher/k3s/server/tls/server-ca.nochain.crt::/var/lib/rancher/k3s/server/tls/server-ca.key"
2025-01-30 18:27:56,519 INFO c.h.h.t.HelmChartContainer - [K3S] [certificate_controller.go:120] "Starting certificate controller" name="csrsigning-kubelet-client"
2025-01-30 18:27:56,519 INFO c.h.h.t.HelmChartContainer - [K3S] [dynamic_serving_content.go:135] "Starting controller" name="csr-controller::/var/lib/rancher/k3s/server/tls/client-ca.nochain.crt::/var/lib/rancher/k3s/server/tls/client-ca.key"
2025-01-30 18:27:56,519 INFO c.h.h.t.HelmChartContainer - [K3S] [controllermanager.go:765] "Started controller" controller="certificatesigningrequest-signing-controller"
2025-01-30 18:27:56,519 INFO c.h.h.t.HelmChartContainer - [K3S] [certificate_controller.go:120] "Starting certificate controller" name="csrsigning-kube-apiserver-client"
2025-01-30 18:27:56,519 INFO c.h.h.t.HelmChartContainer - [K3S] [dynamic_serving_content.go:135] "Starting controller" name="csr-controller::/var/lib/rancher/k3s/server/tls/client-ca.nochain.crt::/var/lib/rancher/k3s/server/tls/client-ca.key"
2025-01-30 18:27:56,520 INFO c.h.h.t.HelmChartContainer - [K3S] [certificate_controller.go:120] "Starting certificate controller" name="csrsigning-legacy-unknown"
2025-01-30 18:27:56,520 INFO c.h.h.t.HelmChartContainer - [K3S] [dynamic_serving_content.go:135] "Starting controller" name="csr-controller::/var/lib/rancher/k3s/server/tls/server-ca.nochain.crt::/var/lib/rancher/k3s/server/tls/server-ca.key"
2025-01-30 18:27:56,527 INFO c.h.h.t.HelmChartContainer - [K3S] [controllermanager.go:765] "Started controller" controller="persistentvolume-protection-controller"
2025-01-30 18:27:56,528 INFO c.h.h.t.HelmChartContainer - [K3S] [controllermanager.go:717] "Controller is disabled by a feature gate" controller="kube-apiserver-serving-clustertrustbundle-publisher-controller" requiredFeatureGates=["ClusterTrustBundle"]
2025-01-30 18:27:56,528 INFO c.h.h.t.HelmChartContainer - [K3S] [pv_protection_controller.go:81] "Starting PV protection controller"
2025-01-30 18:27:56,532 INFO c.h.h.t.HelmChartContainer - [K3S] [controllermanager.go:765] "Started controller" controller="ephemeral-volume-controller"
2025-01-30 18:27:56,532 INFO c.h.h.t.HelmChartContainer - [K3S] [controllermanager.go:717] "Controller is disabled by a feature gate" controller="storageversion-garbage-collector-controller" requiredFeatureGates=["APIServerIdentity","StorageVersionAPI"]
2025-01-30 18:27:56,532 INFO c.h.h.t.HelmChartContainer - [K3S] [controllermanager.go:743] "Warning: skipping controller" controller="storage-version-migrator-controller"
2025-01-30 18:27:56,532 INFO c.h.h.t.HelmChartContainer - [K3S] [controllermanager.go:717] "Controller is disabled by a feature gate" controller="selinux-warning-controller" requiredFeatureGates=["SELinuxChangePolicy"]
2025-01-30 18:27:56,532 INFO c.h.h.t.HelmChartContainer - [K3S] [controllermanager.go:717] "Controller is disabled by a feature gate" controller="volumeattributesclass-protection-controller" requiredFeatureGates=["VolumeAttributesClass"]
2025-01-30 18:27:56,532 INFO c.h.h.t.HelmChartContainer - [K3S] [controller.go:173] "Starting ephemeral volume controller"
2025-01-30 18:27:56,538 INFO c.h.h.t.HelmChartContainer - [K3S] [controllermanager.go:765] "Started controller" controller="pod-garbage-collector-controller"
2025-01-30 18:27:56,538 INFO c.h.h.t.HelmChartContainer - [K3S] [gc_controller.go:99] "Starting GC controller"
2025-01-30 18:27:56,606 INFO c.h.h.t.HelmChartContainer - [K3S] [INFO] Done waiting for CRD helmchartconfigs.helm.cattle.io to become available
2025-01-30 18:27:56,606 INFO c.h.h.t.HelmChartContainer - [K3S] [INFO] Writing static file: /var/lib/rancher/k3s/server/static/charts/traefik-27.0.201+up27.0.2.tgz
2025-01-30 18:27:56,607 INFO c.h.h.t.HelmChartContainer - [K3S] [INFO] Writing static file: /var/lib/rancher/k3s/server/static/charts/traefik-crd-27.0.201+up27.0.2.tgz
2025-01-30 18:27:56,607 INFO c.h.h.t.HelmChartContainer - [K3S] [INFO] Writing manifest: /var/lib/rancher/k3s/server/manifests/metrics-server/metrics-server-deployment.yaml
2025-01-30 18:27:56,607 INFO c.h.h.t.HelmChartContainer - [K3S] [INFO] Writing manifest: /var/lib/rancher/k3s/server/manifests/metrics-server/metrics-server-service.yaml
2025-01-30 18:27:56,608 INFO c.h.h.t.HelmChartContainer - [K3S] [INFO] Writing manifest: /var/lib/rancher/k3s/server/manifests/rolebindings.yaml
2025-01-30 18:27:56,608 INFO c.h.h.t.HelmChartContainer - [K3S] [INFO] Writing manifest: /var/lib/rancher/k3s/server/manifests/runtimes.yaml
2025-01-30 18:27:56,609 INFO c.h.h.t.HelmChartContainer - [K3S] [INFO] Writing manifest: /var/lib/rancher/k3s/server/manifests/local-storage.yaml
2025-01-30 18:27:56,609 INFO c.h.h.t.HelmChartContainer - [K3S] [INFO] Writing manifest: /var/lib/rancher/k3s/server/manifests/metrics-server/auth-delegator.yaml
2025-01-30 18:27:56,609 INFO c.h.h.t.HelmChartContainer - [K3S] [INFO] Writing manifest: /var/lib/rancher/k3s/server/manifests/metrics-server/aggregated-metrics-reader.yaml
2025-01-30 18:27:56,609 INFO c.h.h.t.HelmChartContainer - [K3S] [INFO] Writing manifest: /var/lib/rancher/k3s/server/manifests/metrics-server/auth-reader.yaml
2025-01-30 18:27:56,609 INFO c.h.h.t.HelmChartContainer - [K3S] [INFO] Writing manifest: /var/lib/rancher/k3s/server/manifests/metrics-server/metrics-apiservice.yaml
2025-01-30 18:27:56,609 INFO c.h.h.t.HelmChartContainer - [K3S] [INFO] Writing manifest: /var/lib/rancher/k3s/server/manifests/metrics-server/resource-reader.yaml
2025-01-30 18:27:56,609 INFO c.h.h.t.HelmChartContainer - [K3S] [INFO] Writing manifest: /var/lib/rancher/k3s/server/manifests/ccm.yaml
2025-01-30 18:27:56,609 INFO c.h.h.t.HelmChartContainer - [K3S] [INFO] Writing manifest: /var/lib/rancher/k3s/server/manifests/coredns.yaml
2025-01-30 18:27:56,611 INFO c.h.h.t.HelmChartContainer - [K3S] [INFO] Starting dynamiclistener CN filter node controller with SANs: [localhost 127.0.0.1 ::1 localhost fa9d92da3b04 172.18.0.2 10.43.0.1 kubernetes kubernetes.default kubernetes.default.svc kubernetes.default.svc.cluster.local]
2025-01-30 18:27:56,611 INFO c.h.h.t.HelmChartContainer - [K3S] [INFO] Tunnel server egress proxy mode: agent
2025-01-30 18:27:56,677 INFO c.h.h.t.HelmChartContainer - [K3S] [controllermanager.go:765] "Started controller" controller="job-controller"
2025-01-30 18:27:56,677 INFO c.h.h.t.HelmChartContainer - [K3S] [job_controller.go:243] "Starting job controller"
2025-01-30 18:27:56,717 INFO c.h.h.t.HelmChartContainer - [K3S] [INFO] Starting k3s.cattle.io/v1, Kind=Addon controller
2025-01-30 18:27:56,717 INFO c.h.h.t.HelmChartContainer - [K3S] [INFO] Creating deploy event broadcaster
2025-01-30 18:27:56,823 INFO c.h.h.t.HelmChartContainer - [K3S] [INFO] Starting /v1, Kind=Node controller
2025-01-30 18:27:56,823 INFO c.h.h.t.HelmChartContainer - [K3S] [INFO] Creating helm-controller event broadcaster
2025-01-30 18:27:56,833 INFO c.h.h.t.HelmChartContainer - [K3S] [INFO] Cluster dns configmap has been set successfully
2025-01-30 18:27:56,834 INFO c.h.h.t.HelmChartContainer - [K3S] [INFO] Labels and annotations have been set successfully on node: fa9d92da3b04
2025-01-30 18:27:56,871 INFO c.h.h.t.HelmChartContainer - [K3S] [INFO] Starting /v1, Kind=Secret controller
2025-01-30 18:27:56,871 INFO c.h.h.t.HelmChartContainer - [K3S] [INFO] Starting /v1, Kind=ConfigMap controller
2025-01-30 18:27:56,871 INFO c.h.h.t.HelmChartContainer - [K3S] [INFO] Starting /v1, Kind=ServiceAccount controller
2025-01-30 18:27:56,876 INFO c.h.h.t.HelmChartContainer - [K3S] [INFO] Updating TLS secret for kube-system/k3s-serving (count: 10): map[listener.cattle.io/cn-10.43.0.1:10.43.0.1 listener.cattle.io/cn-127.0.0.1:127.0.0.1 listener.cattle.io/cn-172.18.0.2:172.18.0.2 listener.cattle.io/cn-__1-f16284:::1 listener.cattle.io/cn-fa9d92da3b04:fa9d92da3b04 listener.cattle.io/cn-kubernetes:kubernetes listener.cattle.io/cn-kubernetes.default:kubernetes.default listener.cattle.io/cn-kubernetes.default.svc:kubernetes.default.svc listener.cattle.io/cn-kubernetes.default.svc.cluster.local:kubernetes.default.svc.cluster.local listener.cattle.io/cn-localhost:localhost listener.cattle.io/fingerprint:SHA1=1D013F918B8CE6D3444BF851850FC61F5F435871]
2025-01-30 18:27:56,879 INFO c.h.h.t.HelmChartContainer - [K3S] [INFO] Active TLS secret kube-system/k3s-serving (ver=242) (count 10): map[listener.cattle.io/cn-10.43.0.1:10.43.0.1 listener.cattle.io/cn-127.0.0.1:127.0.0.1 listener.cattle.io/cn-172.18.0.2:172.18.0.2 listener.cattle.io/cn-__1-f16284:::1 listener.cattle.io/cn-fa9d92da3b04:fa9d92da3b04 listener.cattle.io/cn-kubernetes:kubernetes listener.cattle.io/cn-kubernetes.default:kubernetes.default listener.cattle.io/cn-kubernetes.default.svc:kubernetes.default.svc listener.cattle.io/cn-kubernetes.default.svc.cluster.local:kubernetes.default.svc.cluster.local listener.cattle.io/cn-localhost:localhost listener.cattle.io/fingerprint:SHA1=1D013F918B8CE6D3444BF851850FC61F5F435871]
2025-01-30 18:27:56,930 INFO c.h.h.t.HelmChartContainer - [K3S] [INFO] Starting helm.cattle.io/v1, Kind=HelmChartConfig controller
2025-01-30 18:27:56,930 INFO c.h.h.t.HelmChartContainer - [K3S] [INFO] Starting helm.cattle.io/v1, Kind=HelmChart controller
2025-01-30 18:27:56,933 INFO c.h.h.t.HelmChartContainer - [K3S] [INFO] Starting rbac.authorization.k8s.io/v1, Kind=ClusterRoleBinding controller
2025-01-30 18:27:56,936 INFO c.h.h.t.HelmChartContainer - [K3S] [INFO] Starting batch/v1, Kind=Job controller
2025-01-30 18:27:56,974 INFO c.h.h.t.HelmChartContainer - [K3S] [INFO] Updating TLS secret for kube-system/k3s-serving (count: 10): map[listener.cattle.io/cn-10.43.0.1:10.43.0.1 listener.cattle.io/cn-127.0.0.1:127.0.0.1 listener.cattle.io/cn-172.18.0.2:172.18.0.2 listener.cattle.io/cn-__1-f16284:::1 listener.cattle.io/cn-fa9d92da3b04:fa9d92da3b04 listener.cattle.io/cn-kubernetes:kubernetes listener.cattle.io/cn-kubernetes.default:kubernetes.default listener.cattle.io/cn-kubernetes.default.svc:kubernetes.default.svc listener.cattle.io/cn-kubernetes.default.svc.cluster.local:kubernetes.default.svc.cluster.local listener.cattle.io/cn-localhost:localhost listener.cattle.io/fingerprint:SHA1=1D013F918B8CE6D3444BF851850FC61F5F435871]
2025-01-30 18:27:56,976 INFO c.h.h.t.HelmChartContainer - [K3S] [controllermanager.go:765] "Started controller" controller="horizontal-pod-autoscaler-controller"
2025-01-30 18:27:56,976 INFO c.h.h.t.HelmChartContainer - [K3S] [controllermanager.go:728] "Warning: controller is disabled" controller="bootstrap-signer-controller"
2025-01-30 18:27:56,976 INFO c.h.h.t.HelmChartContainer - [K3S] [horizontal.go:201] "Starting HPA controller"
2025-01-30 18:27:57,127 INFO c.h.h.t.HelmChartContainer - [K3S] [controllermanager.go:765] "Started controller" controller="token-cleaner-controller"
2025-01-30 18:27:57,127 INFO c.h.h.t.HelmChartContainer - [K3S] [tokencleaner.go:117] "Starting token cleaner controller"
2025-01-30 18:27:57,277 INFO c.h.h.t.HelmChartContainer - [K3S] [controllermanager.go:765] "Started controller" controller="persistentvolume-attach-detach-controller"
2025-01-30 18:27:57,277 INFO c.h.h.t.HelmChartContainer - [K3S] [attach_detach_controller.go:338] "Starting attach detach controller"
2025-01-30 18:27:57,428 INFO c.h.h.t.HelmChartContainer - [K3S] [controllermanager.go:765] "Started controller" controller="clusterrole-aggregation-controller"
2025-01-30 18:27:57,428 INFO c.h.h.t.HelmChartContainer - [K3S] [clusterroleaggregation_controller.go:194] "Starting ClusterRoleAggregator controller"
2025-01-30 18:27:57,627 INFO c.h.h.t.HelmChartContainer - [K3S] [controllermanager.go:765] "Started controller" controller="validatingadmissionpolicy-status-controller"
2025-01-30 18:27:57,933 INFO c.h.h.t.HelmChartContainer - [K3S] [controllermanager.go:765] "Started controller" controller="resourcequota-controller"
2025-01-30 18:27:57,933 INFO c.h.h.t.HelmChartContainer - [K3S] [resource_quota_controller.go:300] "Starting resource quota controller"
2025-01-30 18:27:58,177 INFO c.h.h.t.HelmChartContainer - [K3S] [graph_builder.go:351] "Running" component="GraphBuilder"
2025-01-30 18:27:58,177 INFO c.h.h.t.HelmChartContainer - [K3S] [controllermanager.go:765] "Started controller" controller="garbage-collector-controller"
2025-01-30 18:27:58,429 INFO c.h.h.t.HelmChartContainer - [K3S] [controllermanager.go:765] "Started controller" controller="replicaset-controller"
2025-01-30 18:27:58,429 INFO c.h.h.t.HelmChartContainer - [K3S] [replica_set.go:217] "Starting controller" name="replicaset"
2025-01-30 18:27:58,578 INFO c.h.h.t.HelmChartContainer - [K3S] [controllermanager.go:765] "Started controller" controller="legacy-serviceaccount-token-cleaner-controller"
2025-01-30 18:27:58,578 INFO c.h.h.t.HelmChartContainer - [K3S] [legacy_serviceaccount_token_cleaner.go:103] "Starting legacy service account token cleaner controller"
2025-01-30 18:27:58,722 INFO c.h.h.t.HelmChartContainer - [K3S] [event.go:389] "Event occurred" object="kube-system/ccm" fieldPath="" kind="Addon" apiVersion="k3s.cattle.io/v1" type="Normal" reason="ApplyingManifest" message="Applying manifest at \"/var/lib/rancher/k3s/server/manifests/ccm.yaml\""
2025-01-30 18:27:58,727 INFO c.h.h.t.HelmChartContainer - [K3S] [controllermanager.go:765] "Started controller" controller="taint-eviction-controller"
2025-01-30 18:27:58,727 INFO c.h.h.t.HelmChartContainer - [K3S] [taint_eviction.go:281] "Starting" controller="taint-eviction-controller"
2025-01-30 18:27:58,727 INFO c.h.h.t.HelmChartContainer - [K3S] [taint_eviction.go:287] "Sending events to api server"
2025-01-30 18:27:58,744 INFO c.h.h.t.HelmChartContainer - [K3S] [event.go:389] "Event occurred" object="kube-system/ccm" fieldPath="" kind="Addon" apiVersion="k3s.cattle.io/v1" type="Normal" reason="AppliedManifest" message="Applied manifest at \"/var/lib/rancher/k3s/server/manifests/ccm.yaml\""
2025-01-30 18:27:58,753 INFO c.h.h.t.HelmChartContainer - [K3S] [event.go:389] "Event occurred" object="kube-system/coredns" fieldPath="" kind="Addon" apiVersion="k3s.cattle.io/v1" type="Normal" reason="ApplyingManifest" message="Applying manifest at \"/var/lib/rancher/k3s/server/manifests/coredns.yaml\""
2025-01-30 18:27:58,854 INFO c.h.h.t.HelmChartContainer - [K3S] [alloc.go:330] "allocated clusterIPs" service="kube-system/kube-dns" clusterIPs={"IPv4":"10.43.0.10"}
2025-01-30 18:27:58,855 INFO c.h.h.t.HelmChartContainer - [K3S] [event.go:389] "Event occurred" object="kube-system/coredns" fieldPath="" kind="Addon" apiVersion="k3s.cattle.io/v1" type="Normal" reason="AppliedManifest" message="Applied manifest at \"/var/lib/rancher/k3s/server/manifests/coredns.yaml\""
2025-01-30 18:27:58,866 INFO c.h.h.t.HelmChartContainer - [K3S] [event.go:389] "Event occurred" object="kube-system/local-storage" fieldPath="" kind="Addon" apiVersion="k3s.cattle.io/v1" type="Normal" reason="ApplyingManifest" message="Applying manifest at \"/var/lib/rancher/k3s/server/manifests/local-storage.yaml\""
2025-01-30 18:27:58,878 INFO c.h.h.t.HelmChartContainer - [K3S] [controllermanager.go:765] "Started controller" controller="deployment-controller"
2025-01-30 18:27:58,880 INFO c.h.h.t.HelmChartContainer - [K3S] [deployment_controller.go:173] "Starting controller" controller="deployment"
2025-01-30 18:27:58,902 INFO c.h.h.t.HelmChartContainer - [K3S] [event.go:389] "Event occurred" object="fa9d92da3b04" fieldPath="" kind="Node" apiVersion="" type="Normal" reason="NodePasswordValidationComplete" message="Deferred node password secret validation complete"
2025-01-30 18:27:58,956 INFO c.h.h.t.HelmChartContainer - [K3S] [event.go:389] "Event occurred" object="kube-system/local-storage" fieldPath="" kind="Addon" apiVersion="k3s.cattle.io/v1" type="Normal" reason="AppliedManifest" message="Applied manifest at \"/var/lib/rancher/k3s/server/manifests/local-storage.yaml\""
2025-01-30 18:27:58,961 INFO c.h.h.t.HelmChartContainer - [K3S] [event.go:389] "Event occurred" object="kube-system/aggregated-metrics-reader" fieldPath="" kind="Addon" apiVersion="k3s.cattle.io/v1" type="Normal" reason="ApplyingManifest" message="Applying manifest at \"/var/lib/rancher/k3s/server/manifests/metrics-server/aggregated-metrics-reader.yaml\""
2025-01-30 18:27:59,028 INFO c.h.h.t.HelmChartContainer - [K3S] [event.go:389] "Event occurred" object="kube-system/aggregated-metrics-reader" fieldPath="" kind="Addon" apiVersion="k3s.cattle.io/v1" type="Normal" reason="AppliedManifest" message="Applied manifest at \"/var/lib/rancher/k3s/server/manifests/metrics-server/aggregated-metrics-reader.yaml\""
2025-01-30 18:27:59,034 INFO c.h.h.t.HelmChartContainer - [K3S] [event.go:389] "Event occurred" object="kube-system/auth-delegator" fieldPath="" kind="Addon" apiVersion="k3s.cattle.io/v1" type="Normal" reason="ApplyingManifest" message="Applying manifest at \"/var/lib/rancher/k3s/server/manifests/metrics-server/auth-delegator.yaml\""
2025-01-30 18:27:59,039 INFO c.h.h.t.HelmChartContainer - [K3S] [event.go:389] "Event occurred" object="kube-system/auth-delegator" fieldPath="" kind="Addon" apiVersion="k3s.cattle.io/v1" type="Normal" reason="AppliedManifest" message="Applied manifest at \"/var/lib/rancher/k3s/server/manifests/metrics-server/auth-delegator.yaml\""
2025-01-30 18:27:59,045 INFO c.h.h.t.HelmChartContainer - [K3S] [event.go:389] "Event occurred" object="kube-system/auth-reader" fieldPath="" kind="Addon" apiVersion="k3s.cattle.io/v1" type="Normal" reason="ApplyingManifest" message="Applying manifest at \"/var/lib/rancher/k3s/server/manifests/metrics-server/auth-reader.yaml\""
2025-01-30 18:27:59,049 INFO c.h.h.t.HelmChartContainer - [K3S] [event.go:389] "Event occurred" object="kube-system/auth-reader" fieldPath="" kind="Addon" apiVersion="k3s.cattle.io/v1" type="Normal" reason="AppliedManifest" message="Applied manifest at \"/var/lib/rancher/k3s/server/manifests/metrics-server/auth-reader.yaml\""
2025-01-30 18:27:59,057 INFO c.h.h.t.HelmChartContainer - [K3S] [event.go:389] "Event occurred" object="kube-system/metrics-apiservice" fieldPath="" kind="Addon" apiVersion="k3s.cattle.io/v1" type="Normal" reason="ApplyingManifest" message="Applying manifest at \"/var/lib/rancher/k3s/server/manifests/metrics-server/metrics-apiservice.yaml\""
2025-01-30 18:27:59,064 INFO c.h.h.t.HelmChartContainer - [K3S] [event.go:389] "Event occurred" object="kube-system/metrics-apiservice" fieldPath="" kind="Addon" apiVersion="k3s.cattle.io/v1" type="Normal" reason="AppliedManifest" message="Applied manifest at \"/var/lib/rancher/k3s/server/manifests/metrics-server/metrics-apiservice.yaml\""
2025-01-30 18:27:59,070 INFO c.h.h.t.HelmChartContainer - [K3S] [handler_proxy.go:99] no RequestInfo found in the context
2025-01-30 18:27:59,071 INFO c.h.h.t.HelmChartContainer - [K3S] [controller.go:146] "Unhandled Error" err=<
2025-01-30 18:27:59,071 INFO c.h.h.t.HelmChartContainer - [K3S] 	, Header: map[Content-Type:[text/plain; charset=utf-8] X-Content-Type-Options:[nosniff]]
2025-01-30 18:27:59,071 INFO c.h.h.t.HelmChartContainer - [K3S]  >
2025-01-30 18:27:59,071 INFO c.h.h.t.HelmChartContainer - [K3S] [handler_proxy.go:143] error resolving kube-system/metrics-server: service "metrics-server" not found
2025-01-30 18:27:59,072 INFO c.h.h.t.HelmChartContainer - [K3S] [event.go:389] "Event occurred" object="kube-system/metrics-server-deployment" fieldPath="" kind="Addon" apiVersion="k3s.cattle.io/v1" type="Normal" reason="ApplyingManifest" message="Applying manifest at \"/var/lib/rancher/k3s/server/manifests/metrics-server/metrics-server-deployment.yaml\""
2025-01-30 18:27:59,077 INFO c.h.h.t.HelmChartContainer - [K3S] [controllermanager.go:765] "Started controller" controller="disruption-controller"
2025-01-30 18:27:59,077 INFO c.h.h.t.HelmChartContainer - [K3S] [disruption.go:452] "Sending events to api server."
2025-01-30 18:27:59,077 INFO c.h.h.t.HelmChartContainer - [K3S] [disruption.go:463] "Starting disruption controller"
2025-01-30 18:27:59,085 INFO c.h.h.t.HelmChartContainer - [K3S] [event.go:389] "Event occurred" object="kube-system/metrics-server-deployment" fieldPath="" kind="Addon" apiVersion="k3s.cattle.io/v1" type="Normal" reason="AppliedManifest" message="Applied manifest at \"/var/lib/rancher/k3s/server/manifests/metrics-server/metrics-server-deployment.yaml\""
2025-01-30 18:27:59,094 INFO c.h.h.t.HelmChartContainer - [K3S] [event.go:389] "Event occurred" object="kube-system/metrics-server-service" fieldPath="" kind="Addon" apiVersion="k3s.cattle.io/v1" type="Normal" reason="ApplyingManifest" message="Applying manifest at \"/var/lib/rancher/k3s/server/manifests/metrics-server/metrics-server-service.yaml\""
2025-01-30 18:27:59,102 INFO c.h.h.t.HelmChartContainer - [K3S] [alloc.go:330] "allocated clusterIPs" service="kube-system/metrics-server" clusterIPs={"IPv4":"10.43.171.227"}
2025-01-30 18:27:59,103 INFO c.h.h.t.HelmChartContainer - [K3S] [event.go:389] "Event occurred" object="kube-system/metrics-server-service" fieldPath="" kind="Addon" apiVersion="k3s.cattle.io/v1" type="Normal" reason="AppliedManifest" message="Applied manifest at \"/var/lib/rancher/k3s/server/manifests/metrics-server/metrics-server-service.yaml\""
2025-01-30 18:27:59,110 INFO c.h.h.t.HelmChartContainer - [K3S] [handler_proxy.go:99] no RequestInfo found in the context
2025-01-30 18:27:59,110 INFO c.h.h.t.HelmChartContainer - [K3S] [controller.go:146] "Unhandled Error" err=<
2025-01-30 18:27:59,110 INFO c.h.h.t.HelmChartContainer - [K3S] 	, Header: map[Content-Type:[text/plain; charset=utf-8] X-Content-Type-Options:[nosniff]]
2025-01-30 18:27:59,110 INFO c.h.h.t.HelmChartContainer - [K3S]  >
2025-01-30 18:27:59,111 INFO c.h.h.t.HelmChartContainer - [K3S] [handler_proxy.go:143] error resolving kube-system/metrics-server: endpoints "metrics-server" not found
2025-01-30 18:27:59,114 INFO c.h.h.t.HelmChartContainer - [K3S] [event.go:389] "Event occurred" object="kube-system/resource-reader" fieldPath="" kind="Addon" apiVersion="k3s.cattle.io/v1" type="Normal" reason="ApplyingManifest" message="Applying manifest at \"/var/lib/rancher/k3s/server/manifests/metrics-server/resource-reader.yaml\""
2025-01-30 18:27:59,142 INFO c.h.h.t.HelmChartContainer - [K3S] [event.go:389] "Event occurred" object="kube-system/resource-reader" fieldPath="" kind="Addon" apiVersion="k3s.cattle.io/v1" type="Normal" reason="AppliedManifest" message="Applied manifest at \"/var/lib/rancher/k3s/server/manifests/metrics-server/resource-reader.yaml\""
2025-01-30 18:27:59,147 INFO c.h.h.t.HelmChartContainer - [K3S] [event.go:389] "Event occurred" object="kube-system/rolebindings" fieldPath="" kind="Addon" apiVersion="k3s.cattle.io/v1" type="Normal" reason="ApplyingManifest" message="Applying manifest at \"/var/lib/rancher/k3s/server/manifests/rolebindings.yaml\""
2025-01-30 18:27:59,228 INFO c.h.h.t.HelmChartContainer - [K3S] [controllermanager.go:765] "Started controller" controller="statefulset-controller"
2025-01-30 18:27:59,228 INFO c.h.h.t.HelmChartContainer - [K3S] [stateful_set.go:166] "Starting stateful set controller"
2025-01-30 18:27:59,253 INFO c.h.h.t.HelmChartContainer - [K3S] [event.go:389] "Event occurred" object="kube-system/rolebindings" fieldPath="" kind="Addon" apiVersion="k3s.cattle.io/v1" type="Normal" reason="AppliedManifest" message="Applied manifest at \"/var/lib/rancher/k3s/server/manifests/rolebindings.yaml\""
2025-01-30 18:27:59,262 INFO c.h.h.t.HelmChartContainer - [K3S] [event.go:389] "Event occurred" object="kube-system/runtimes" fieldPath="" kind="Addon" apiVersion="k3s.cattle.io/v1" type="Normal" reason="ApplyingManifest" message="Applying manifest at \"/var/lib/rancher/k3s/server/manifests/runtimes.yaml\""
2025-01-30 18:27:59,262 INFO c.h.h.t.HelmChartContainer - [K3S] [INFO] Tunnel authorizer set Kubelet Port 0.0.0.0:10250
2025-01-30 18:27:59,283 INFO c.h.h.t.HelmChartContainer - [K3S] [controllermanager.go:765] "Started controller" controller="certificatesigningrequest-approving-controller"
2025-01-30 18:27:59,284 INFO c.h.h.t.HelmChartContainer - [K3S] [certificate_controller.go:120] "Starting certificate controller" name="csrapproving"
2025-01-30 18:27:59,303 INFO c.h.h.t.HelmChartContainer - [K3S] [event.go:389] "Event occurred" object="kube-system/runtimes" fieldPath="" kind="Addon" apiVersion="k3s.cattle.io/v1" type="Normal" reason="AppliedManifest" message="Applied manifest at \"/var/lib/rancher/k3s/server/manifests/runtimes.yaml\""
2025-01-30 18:27:59,428 INFO c.h.h.t.HelmChartContainer - [K3S] [controllermanager.go:765] "Started controller" controller="persistentvolumeclaim-protection-controller"
2025-01-30 18:27:59,428 INFO c.h.h.t.HelmChartContainer - [K3S] [controllermanager.go:717] "Controller is disabled by a feature gate" controller="resourceclaim-controller" requiredFeatureGates=["DynamicResourceAllocation"]
2025-01-30 18:27:59,428 INFO c.h.h.t.HelmChartContainer - [K3S] [pvc_protection_controller.go:168] "Starting PVC protection controller"
2025-01-30 18:27:59,550 INFO c.h.h.t.HelmChartContainer - [K3S] [serving.go:392] Generated self-signed cert in-memory
2025-01-30 18:27:59,578 INFO c.h.h.t.HelmChartContainer - [K3S] [controllermanager.go:765] "Started controller" controller="endpointslice-mirroring-controller"
2025-01-30 18:27:59,579 INFO c.h.h.t.HelmChartContainer - [K3S] [endpointslicemirroring_controller.go:227] "Starting EndpointSliceMirroring controller"
2025-01-30 18:27:59,833 INFO c.h.h.t.HelmChartContainer - [K3S] [controllermanager.go:765] "Started controller" controller="namespace-controller"
2025-01-30 18:27:59,833 INFO c.h.h.t.HelmChartContainer - [K3S] [namespace_controller.go:202] "Starting namespace controller"
2025-01-30 18:27:59,867 INFO c.h.h.t.HelmChartContainer - [K3S] [serving.go:392] Generated self-signed cert in-memory
2025-01-30 18:27:59,977 INFO c.h.h.t.HelmChartContainer - [K3S] [controllermanager.go:765] "Started controller" controller="ttl-controller"
2025-01-30 18:27:59,977 INFO c.h.h.t.HelmChartContainer - [K3S] [ttl_controller.go:127] "Starting TTL controller"
2025-01-30 18:28:00,064 INFO c.h.h.t.HelmChartContainer - [K3S] [handler_proxy.go:99] no RequestInfo found in the context
2025-01-30 18:28:00,064 INFO c.h.h.t.HelmChartContainer - [K3S] [controller.go:102] "Unhandled Error" err=<
2025-01-30 18:28:00,064 INFO c.h.h.t.HelmChartContainer - [K3S] 	, Header: map[Content-Type:[text/plain; charset=utf-8] X-Content-Type-Options:[nosniff]]
2025-01-30 18:28:00,064 INFO c.h.h.t.HelmChartContainer - [K3S]  >
2025-01-30 18:28:00,064 INFO c.h.h.t.HelmChartContainer - [K3S] [handler_proxy.go:99] no RequestInfo found in the context
2025-01-30 18:28:00,067 INFO c.h.h.t.HelmChartContainer - [K3S] [controllermanager.go:160] Version: v1.32.1+k3s1
2025-01-30 18:28:00,071 INFO c.h.h.t.HelmChartContainer - [K3S] [requestheader_controller.go:180] Starting RequestHeaderAuthRequestController
2025-01-30 18:28:00,071 INFO c.h.h.t.HelmChartContainer - [K3S] [configmap_cafile_content.go:205] "Starting controller" name="client-ca::kube-system::extension-apiserver-authentication::client-ca-file"
2025-01-30 18:28:00,071 INFO c.h.h.t.HelmChartContainer - [K3S] [configmap_cafile_content.go:205] "Starting controller" name="client-ca::kube-system::extension-apiserver-authentication::requestheader-client-ca-file"
2025-01-30 18:28:00,071 INFO c.h.h.t.HelmChartContainer - [K3S] [secure_serving.go:213] Serving securely on 127.0.0.1:10258
2025-01-30 18:28:00,075 INFO c.h.h.t.HelmChartContainer - [K3S] [tlsconfig.go:243] "Starting DynamicServingCertificateController"
2025-01-30 18:28:00,077 INFO c.h.h.t.HelmChartContainer - [K3S] [INFO] Creating service-lb-controller event broadcaster
2025-01-30 18:28:00,129 INFO c.h.h.t.HelmChartContainer - [K3S] [range_allocator.go:112] "No Secondary Service CIDR provided. Skipping filtering out secondary service addresses"
2025-01-30 18:28:00,130 INFO c.h.h.t.HelmChartContainer - [K3S] [controllermanager.go:765] "Started controller" controller="node-ipam-controller"
2025-01-30 18:28:00,130 INFO c.h.h.t.HelmChartContainer - [K3S] [controllermanager.go:723] "Skipping a cloud provider controller" controller="service-lb-controller"
2025-01-30 18:28:00,130 INFO c.h.h.t.HelmChartContainer - [K3S] [node_ipam_controller.go:141] "Starting ipam controller"
2025-01-30 18:28:00,196 INFO c.h.h.t.HelmChartContainer - [K3S] [INFO] Starting /v1, Kind=Node controller
2025-01-30 18:28:00,199 INFO c.h.h.t.HelmChartContainer - [K3S] [INFO] Starting /v1, Kind=Pod controller
2025-01-30 18:28:00,201 INFO c.h.h.t.HelmChartContainer - [K3S] [INFO] Starting apps/v1, Kind=DaemonSet controller
2025-01-30 18:28:00,204 INFO c.h.h.t.HelmChartContainer - [K3S] [INFO] Starting discovery.k8s.io/v1, Kind=EndpointSlice controller
2025-01-30 18:28:00,205 INFO c.h.h.t.HelmChartContainer - [K3S] [controllermanager.go:329] Started "cloud-node-controller"
2025-01-30 18:28:00,206 INFO c.h.h.t.HelmChartContainer - [K3S] [controllermanager.go:329] Started "cloud-node-lifecycle-controller"
2025-01-30 18:28:00,207 INFO c.h.h.t.HelmChartContainer - [K3S] [node_controller.go:176] Sending events to api server.
2025-01-30 18:28:00,207 INFO c.h.h.t.HelmChartContainer - [K3S] [node_controller.go:185] Waiting for informer caches to sync
2025-01-30 18:28:00,207 INFO c.h.h.t.HelmChartContainer - [K3S] [node_lifecycle_controller.go:112] Sending events to api server
2025-01-30 18:28:00,207 INFO c.h.h.t.HelmChartContainer - [K3S] [controllermanager.go:329] Started "service-lb-controller"
2025-01-30 18:28:00,207 INFO c.h.h.t.HelmChartContainer - [K3S] [controller.go:234] Starting service controller
2025-01-30 18:28:00,207 INFO c.h.h.t.HelmChartContainer - [K3S] [controllermanager.go:306] "node-route-controller" is disabled
2025-01-30 18:28:00,261 INFO c.h.h.t.HelmChartContainer - [K3S] [INFO] Started tunnel to 172.18.0.2:6443
2025-01-30 18:28:00,261 INFO c.h.h.t.HelmChartContainer - [K3S] [INFO] Stopped tunnel to 127.0.0.1:6443
2025-01-30 18:28:00,261 INFO c.h.h.t.HelmChartContainer - [K3S] [INFO] Connecting to proxy" url="wss://172.18.0.2:6443/v1-k3s/connect
2025-01-30 18:28:00,262 INFO c.h.h.t.HelmChartContainer - [K3S] [INFO] Proxy done" err="context canceled" url="wss://127.0.0.1:6443/v1-k3s/connect
2025-01-30 18:28:00,262 INFO c.h.h.t.HelmChartContainer - [K3S] [INFO] error in remotedialer server [400]: websocket: close 1006 (abnormal closure): unexpected EOF
2025-01-30 18:28:00,263 INFO c.h.h.t.HelmChartContainer - [K3S] [INFO] Handling backend connection request [fa9d92da3b04]
2025-01-30 18:28:00,264 INFO c.h.h.t.HelmChartContainer - [K3S] [INFO] Remotedialer connected to proxy" url="wss://172.18.0.2:6443/v1-k3s/connect
2025-01-30 18:28:00,283 INFO c.h.h.t.HelmChartContainer - [K3S] [controllermanager.go:765] "Started controller" controller="persistentvolume-binder-controller"
2025-01-30 18:28:00,283 INFO c.h.h.t.HelmChartContainer - [K3S] [pv_controller_base.go:308] "Starting persistent volume controller"
2025-01-30 18:28:00,306 INFO c.h.h.t.HelmChartContainer - [K3S] [node_controller.go:429] Initializing node fa9d92da3b04 with cloud provider
2025-01-30 18:28:00,310 INFO c.h.h.t.HelmChartContainer - [K3S] [node_controller.go:474] Successfully initialized node fa9d92da3b04 with cloud provider
2025-01-30 18:28:00,311 INFO c.h.h.t.HelmChartContainer - [K3S] [event.go:389] "Event occurred" object="fa9d92da3b04" fieldPath="" kind="Node" apiVersion="v1" type="Normal" reason="Synced" message="Node synced successfully"
2025-01-30 18:28:00,323 INFO c.h.h.t.HelmChartContainer - [K3S] [INFO] Updated coredns NodeHosts entry for fa9d92da3b04
2025-01-30 18:28:00,428 INFO c.h.h.t.HelmChartContainer - [K3S] [controllermanager.go:765] "Started controller" controller="persistentvolume-expander-controller"
2025-01-30 18:28:00,428 INFO c.h.h.t.HelmChartContainer - [K3S] [expand_controller.go:329] "Starting expand controller"
2025-01-30 18:28:00,437 INFO c.h.h.t.HelmChartContainer - [K3S] [serving.go:392] Generated self-signed cert in-memory
2025-01-30 18:28:00,578 INFO c.h.h.t.HelmChartContainer - [K3S] [controllermanager.go:765] "Started controller" controller="endpointslice-controller"
2025-01-30 18:28:00,578 INFO c.h.h.t.HelmChartContainer - [K3S] [endpointslice_controller.go:281] "Starting endpoint slice controller"
2025-01-30 18:28:00,727 INFO c.h.h.t.HelmChartContainer - [K3S] [controllermanager.go:765] "Started controller" controller="replicationcontroller-controller"
2025-01-30 18:28:00,728 INFO c.h.h.t.HelmChartContainer - [K3S] [replica_set.go:217] "Starting controller" name="replicationcontroller"
2025-01-30 18:28:00,776 INFO c.h.h.t.HelmChartContainer - [K3S] [node_lifecycle_controller.go:432] "Controller will reconcile labels"
2025-01-30 18:28:00,777 INFO c.h.h.t.HelmChartContainer - [K3S] [controllermanager.go:765] "Started controller" controller="node-lifecycle-controller"
2025-01-30 18:28:00,777 INFO c.h.h.t.HelmChartContainer - [K3S] [controllermanager.go:723] "Skipping a cloud provider controller" controller="cloud-node-lifecycle-controller"
2025-01-30 18:28:00,780 INFO c.h.h.t.HelmChartContainer - [K3S] [node_lifecycle_controller.go:466] "Sending events to api server"
2025-01-30 18:28:00,780 INFO c.h.h.t.HelmChartContainer - [K3S] [node_lifecycle_controller.go:477] "Starting node controller"
2025-01-30 18:28:00,826 INFO c.h.h.t.HelmChartContainer - [K3S] [actual_state_of_world.go:541] "Failed to update statusUpdateNeeded field in actual state of world" err="Failed to set statusUpdateNeeded to needed true, because nodeName=\"fa9d92da3b04\" does not exist"
2025-01-30 18:28:00,832 INFO c.h.h.t.HelmChartContainer - [K3S] [range_allocator.go:177] "Sending events to api server"
2025-01-30 18:28:00,832 INFO c.h.h.t.HelmChartContainer - [K3S] [range_allocator.go:183] "Starting range CIDR allocator"
2025-01-30 18:28:00,839 INFO c.h.h.t.HelmChartContainer - [K3S] [INFO] Flannel found PodCIDR assigned for node fa9d92da3b04
2025-01-30 18:28:00,845 INFO c.h.h.t.HelmChartContainer - [K3S] [range_allocator.go:428] "Set node PodCIDR" node="fa9d92da3b04" podCIDRs=["10.42.0.0/24"]
2025-01-30 18:28:00,846 INFO c.h.h.t.HelmChartContainer - [K3S] [range_allocator.go:247] "Successfully synced" key="fa9d92da3b04"
2025-01-30 18:28:00,846 INFO c.h.h.t.HelmChartContainer - [K3S] [range_allocator.go:247] "Successfully synced" key="fa9d92da3b04"
2025-01-30 18:28:00,846 INFO c.h.h.t.HelmChartContainer - [K3S] [INFO] The interface eth0 with ipv4 address 172.18.0.2 will be used by flannel
2025-01-30 18:28:00,846 INFO c.h.h.t.HelmChartContainer - [K3S] [kube.go:139] Waiting 10m0s for node controller to sync
2025-01-30 18:28:00,846 INFO c.h.h.t.HelmChartContainer - [K3S] [kube.go:469] Starting kube subnet manager
2025-01-30 18:28:00,879 INFO c.h.h.t.HelmChartContainer - [K3S] [node_lifecycle_controller.go:1234] "Initializing eviction metric for zone" zone=""
2025-01-30 18:28:00,879 INFO c.h.h.t.HelmChartContainer - [K3S] [node_lifecycle_controller.go:886] "Missing timestamp for Node. Assuming now as a timestamp" node="fa9d92da3b04"
2025-01-30 18:28:00,879 INFO c.h.h.t.HelmChartContainer - [K3S] [node_lifecycle_controller.go:1080] "Controller detected that zone is now in new state" zone="" newState="Normal"
2025-01-30 18:28:00,894 INFO c.h.h.t.HelmChartContainer - [K3S] [range_allocator.go:247] "Successfully synced" key="fa9d92da3b04"
2025-01-30 18:28:00,911 INFO c.h.h.t.HelmChartContainer - [K3S] [server.go:164] "Starting Kubernetes Scheduler" version="v1.32.1+k3s1"
2025-01-30 18:28:00,911 INFO c.h.h.t.HelmChartContainer - [K3S] [server.go:166] "Golang settings" GOGC="" GOMAXPROCS="" GOTRACEBACK=""
2025-01-30 18:28:00,915 INFO c.h.h.t.HelmChartContainer - [K3S] [requestheader_controller.go:180] Starting RequestHeaderAuthRequestController
2025-01-30 18:28:00,915 INFO c.h.h.t.HelmChartContainer - [K3S] [configmap_cafile_content.go:205] "Starting controller" name="client-ca::kube-system::extension-apiserver-authentication::client-ca-file"
2025-01-30 18:28:00,916 INFO c.h.h.t.HelmChartContainer - [K3S] [configmap_cafile_content.go:205] "Starting controller" name="client-ca::kube-system::extension-apiserver-authentication::requestheader-client-ca-file"
2025-01-30 18:28:00,916 INFO c.h.h.t.HelmChartContainer - [K3S] [secure_serving.go:213] Serving securely on 127.0.0.1:10259
2025-01-30 18:28:00,916 INFO c.h.h.t.HelmChartContainer - [K3S] [tlsconfig.go:243] "Starting DynamicServingCertificateController"
2025-01-30 18:28:00,955 INFO c.h.h.t.HelmChartContainer - [K3S] [INFO] Starting network policy controller version v2.2.1, built on 2025-01-28T18:27:08Z, go1.23.4
2025-01-30 18:28:00,955 INFO c.h.h.t.HelmChartContainer - [K3S] [network_policy_controller.go:164] Starting network policy controller
2025-01-30 18:28:00,983 INFO c.h.h.t.HelmChartContainer - [K3S] [network_policy_controller.go:176] Starting network policy controller full sync goroutine
2025-01-30 18:28:01,233 INFO c.h.h.t.HelmChartContainer - [K3S] [range_allocator.go:247] "Successfully synced" key="fa9d92da3b04"
2025-01-30 18:28:01,434 INFO c.h.h.t.HelmChartContainer - [K3S] [handler_proxy.go:99] no RequestInfo found in the context
2025-01-30 18:28:01,434 INFO c.h.h.t.HelmChartContainer - [K3S] [controller.go:146] "Unhandled Error" err=<
2025-01-30 18:28:01,434 INFO c.h.h.t.HelmChartContainer - [K3S] 	, Header: map[Content-Type:[text/plain; charset=utf-8] X-Content-Type-Options:[nosniff]]
2025-01-30 18:28:01,434 INFO c.h.h.t.HelmChartContainer - [K3S]  >
2025-01-30 18:28:01,435 INFO c.h.h.t.HelmChartContainer - [K3S] [handler_proxy.go:143] error resolving kube-system/metrics-server: no endpoints available for service "metrics-server"
2025-01-30 18:28:01,696 INFO c.h.h.t.HelmChartContainer - [K3S] [replica_set.go:679] "Finished syncing" kind="ReplicaSet" key="kube-system/coredns-ff8999cc5" duration="111.671781ms"
2025-01-30 18:28:01,704 INFO c.h.h.t.HelmChartContainer - [K3S] [replica_set.go:679] "Finished syncing" kind="ReplicaSet" key="kube-system/metrics-server-8584b5786c" duration="120.557559ms"
2025-01-30 18:28:01,716 INFO c.h.h.t.HelmChartContainer - [K3S] [replica_set.go:679] "Finished syncing" kind="ReplicaSet" key="kube-system/metrics-server-8584b5786c" duration="6.109782ms"
2025-01-30 18:28:01,716 INFO c.h.h.t.HelmChartContainer - [K3S] [replica_set.go:679] "Finished syncing" kind="ReplicaSet" key="kube-system/metrics-server-8584b5786c" duration="26.239µs"
2025-01-30 18:28:01,716 INFO c.h.h.t.HelmChartContainer - [K3S] [replica_set.go:679] "Finished syncing" kind="ReplicaSet" key="kube-system/local-path-provisioner-698b58967b" duration="123.855587ms"
2025-01-30 18:28:01,716 INFO c.h.h.t.HelmChartContainer - [K3S] [replica_set.go:679] "Finished syncing" kind="ReplicaSet" key="kube-system/local-path-provisioner-698b58967b" duration="4.883587ms"
2025-01-30 18:28:01,716 INFO c.h.h.t.HelmChartContainer - [K3S] [replica_set.go:679] "Finished syncing" kind="ReplicaSet" key="kube-system/local-path-provisioner-698b58967b" duration="74.94µs"
2025-01-30 18:28:01,719 INFO c.h.h.t.HelmChartContainer - [K3S] [replica_set.go:679] "Finished syncing" kind="ReplicaSet" key="kube-system/coredns-ff8999cc5" duration="23.064928ms"
2025-01-30 18:28:01,719 INFO c.h.h.t.HelmChartContainer - [K3S] [replica_set.go:679] "Finished syncing" kind="ReplicaSet" key="kube-system/coredns-ff8999cc5" duration="30.667µs"
2025-01-30 18:28:01,740 INFO c.h.h.t.HelmChartContainer - [K3S] [replica_set.go:679] "Finished syncing" kind="ReplicaSet" key="kube-system/metrics-server-8584b5786c" duration="104.064µs"
2025-01-30 18:28:01,745 INFO c.h.h.t.HelmChartContainer - [K3S] [reconciler_common.go:251] "operationExecutor.VerifyControllerAttachedVolume started for volume \"tmp-dir\" (UniqueName: \"kubernetes.io/empty-dir/6c7ad35d-d7a3-444f-bc0c-eff0ff0d2e25-tmp-dir\") pod \"metrics-server-8584b5786c-zjgpq\" (UID: \"6c7ad35d-d7a3-444f-bc0c-eff0ff0d2e25\") " pod="kube-system/metrics-server-8584b5786c-zjgpq"
2025-01-30 18:28:01,746 INFO c.h.h.t.HelmChartContainer - [K3S] [reconciler_common.go:251] "operationExecutor.VerifyControllerAttachedVolume started for volume \"kube-api-access-gx94v\" (UniqueName: \"kubernetes.io/projected/6c7ad35d-d7a3-444f-bc0c-eff0ff0d2e25-kube-api-access-gx94v\") pod \"metrics-server-8584b5786c-zjgpq\" (UID: \"6c7ad35d-d7a3-444f-bc0c-eff0ff0d2e25\") " pod="kube-system/metrics-server-8584b5786c-zjgpq"
2025-01-30 18:28:01,746 INFO c.h.h.t.HelmChartContainer - [K3S] [reconciler_common.go:251] "operationExecutor.VerifyControllerAttachedVolume started for volume \"config-volume\" (UniqueName: \"kubernetes.io/configmap/b817ec8e-0936-43ec-bc42-dc89f5a92722-config-volume\") pod \"coredns-ff8999cc5-fhqpg\" (UID: \"b817ec8e-0936-43ec-bc42-dc89f5a92722\") " pod="kube-system/coredns-ff8999cc5-fhqpg"
2025-01-30 18:28:01,746 INFO c.h.h.t.HelmChartContainer - [K3S] [reconciler_common.go:251] "operationExecutor.VerifyControllerAttachedVolume started for volume \"custom-config-volume\" (UniqueName: \"kubernetes.io/configmap/b817ec8e-0936-43ec-bc42-dc89f5a92722-custom-config-volume\") pod \"coredns-ff8999cc5-fhqpg\" (UID: \"b817ec8e-0936-43ec-bc42-dc89f5a92722\") " pod="kube-system/coredns-ff8999cc5-fhqpg"
2025-01-30 18:28:01,746 INFO c.h.h.t.HelmChartContainer - [K3S] [reconciler_common.go:251] "operationExecutor.VerifyControllerAttachedVolume started for volume \"kube-api-access-cjmvf\" (UniqueName: \"kubernetes.io/projected/b817ec8e-0936-43ec-bc42-dc89f5a92722-kube-api-access-cjmvf\") pod \"coredns-ff8999cc5-fhqpg\" (UID: \"b817ec8e-0936-43ec-bc42-dc89f5a92722\") " pod="kube-system/coredns-ff8999cc5-fhqpg"
2025-01-30 18:28:01,746 INFO c.h.h.t.HelmChartContainer - [K3S] [reconciler_common.go:251] "operationExecutor.VerifyControllerAttachedVolume started for volume \"config-volume\" (UniqueName: \"kubernetes.io/configmap/6e22f584-bb1e-4cc3-99a1-6cd8a338d9e9-config-volume\") pod \"local-path-provisioner-698b58967b-lp5jp\" (UID: \"6e22f584-bb1e-4cc3-99a1-6cd8a338d9e9\") " pod="kube-system/local-path-provisioner-698b58967b-lp5jp"
2025-01-30 18:28:01,746 INFO c.h.h.t.HelmChartContainer - [K3S] [reconciler_common.go:251] "operationExecutor.VerifyControllerAttachedVolume started for volume \"kube-api-access-7ddhj\" (UniqueName: \"kubernetes.io/projected/6e22f584-bb1e-4cc3-99a1-6cd8a338d9e9-kube-api-access-7ddhj\") pod \"local-path-provisioner-698b58967b-lp5jp\" (UID: \"6e22f584-bb1e-4cc3-99a1-6cd8a338d9e9\") " pod="kube-system/local-path-provisioner-698b58967b-lp5jp"
2025-01-30 18:28:01,757 INFO c.h.h.t.HelmChartContainer - [K3S] [replica_set.go:679] "Finished syncing" kind="ReplicaSet" key="kube-system/coredns-ff8999cc5" duration="61.425µs"
2025-01-30 18:28:01,770 INFO c.h.h.t.HelmChartContainer - [K3S] [replica_set.go:679] "Finished syncing" kind="ReplicaSet" key="kube-system/local-path-provisioner-698b58967b" duration="53.47µs"
2025-01-30 18:28:01,849 INFO c.h.h.t.HelmChartContainer - [K3S] [kube.go:146] Node controller sync successful
2025-01-30 18:28:01,850 INFO c.h.h.t.HelmChartContainer - [K3S] [vxlan.go:141] VXLAN config: VNI=1 Port=0 GBP=false Learning=false DirectRouting=false
2025-01-30 18:28:01,850 INFO c.h.h.t.HelmChartContainer - [K3S] [kube.go:636] List of node(fa9d92da3b04) annotations: map[string]string{"alpha.kubernetes.io/provided-node-ip":"172.18.0.2", "k3s.io/hostname":"fa9d92da3b04", "k3s.io/internal-ip":"172.18.0.2", "k3s.io/node-args":"[\"server\",\"--etcd-arg\",\"unsafe-no-fsync\",\"--etcd-arg\",\"snapshot-count=10000\",\"--etcd-arg\",\"auto-compaction-mode=revision\",\"--etcd-arg\",\"auto-compaction-retention=1000000\",\"--kube-apiserver-arg\",\"etcd-compaction-interval=0s\",\"--disable\",\"traefik\",\"--tls-san\",\"localhost\"]", "k3s.io/node-config-hash":"2QNNT5M5XUBFOLO5XPGEVGOM5UDLHHTIVMSRUPAUHE5DU3HUYQUQ====", "k3s.io/node-env":"{}", "node.alpha.kubernetes.io/ttl":"0", "volumes.kubernetes.io/controller-managed-attach-detach":"true"}
2025-01-30 18:28:01,856 INFO c.h.h.t.HelmChartContainer - [K3S] [iptables.go:51] Starting flannel in iptables mode...
2025-01-30 18:28:01,856 INFO c.h.h.t.HelmChartContainer - [K3S] [WARNING] no subnet found for key: FLANNEL_NETWORK in file: /run/flannel/subnet.env
2025-01-30 18:28:01,856 INFO c.h.h.t.HelmChartContainer - [K3S] [WARNING] no subnet found for key: FLANNEL_SUBNET in file: /run/flannel/subnet.env
2025-01-30 18:28:01,856 INFO c.h.h.t.HelmChartContainer - [K3S] [WARNING] no subnet found for key: FLANNEL_IPV6_NETWORK in file: /run/flannel/subnet.env
2025-01-30 18:28:01,856 INFO c.h.h.t.HelmChartContainer - [K3S] [WARNING] no subnet found for key: FLANNEL_IPV6_SUBNET in file: /run/flannel/subnet.env
2025-01-30 18:28:01,856 INFO c.h.h.t.HelmChartContainer - [K3S] [iptables.go:115] Current network or subnet (10.42.0.0/16, 10.42.0.0/24) is not equal to previous one (0.0.0.0/0, 0.0.0.0/0), trying to recycle old iptables rules
2025-01-30 18:28:01,856 INFO c.h.h.t.HelmChartContainer - [K3S] [kube.go:490] Creating the node lease for IPv4. This is the n.Spec.PodCIDRs: [10.42.0.0/24]
2025-01-30 18:28:01,856 INFO c.h.h.t.HelmChartContainer - [K3S] [range_allocator.go:247] "Successfully synced" key="fa9d92da3b04"
2025-01-30 18:28:01,863 INFO c.h.h.t.HelmChartContainer - [K3S] [iptables.go:125] Setting up masking rules
2025-01-30 18:28:01,865 INFO c.h.h.t.HelmChartContainer - [K3S] [iptables.go:226] Changing default FORWARD chain policy to ACCEPT
2025-01-30 18:28:01,869 INFO c.h.h.t.HelmChartContainer - [K3S] [INFO] Wrote flannel subnet file to /run/flannel/subnet.env
2025-01-30 18:28:01,869 INFO c.h.h.t.HelmChartContainer - [K3S] [INFO] Running flannel backend.
2025-01-30 18:28:01,869 INFO c.h.h.t.HelmChartContainer - [K3S] [vxlan_network.go:65] watching for new subnet leases
2025-01-30 18:28:01,882 INFO c.h.h.t.HelmChartContainer - [K3S] [iptables.go:372] bootstrap done
2025-01-30 18:28:01,890 INFO c.h.h.t.HelmChartContainer - [K3S] [iptables.go:372] bootstrap done
2025-01-30 18:28:02,436 INFO c.h.h.t.HelmChartContainer - [K3S] [handler_proxy.go:99] no RequestInfo found in the context
2025-01-30 18:28:02,437 INFO c.h.h.t.HelmChartContainer - [K3S] [handler_proxy.go:99] no RequestInfo found in the context
2025-01-30 18:28:02,437 INFO c.h.h.t.HelmChartContainer - [K3S] [controller.go:102] "Unhandled Error" err=<
2025-01-30 18:28:02,437 INFO c.h.h.t.HelmChartContainer - [K3S] 	, Header: map[Content-Type:[text/plain; charset=utf-8] X-Content-Type-Options:[nosniff]]
2025-01-30 18:28:02,437 INFO c.h.h.t.HelmChartContainer - [K3S]  >
2025-01-30 18:28:04,352 INFO c.h.h.t.HelmChartContainer - [K3S] [replica_set.go:679] "Finished syncing" kind="ReplicaSet" key="kube-system/local-path-provisioner-698b58967b" duration="4.672491ms"
2025-01-30 18:28:04,352 INFO c.h.h.t.HelmChartContainer - [K3S] [replica_set.go:679] "Finished syncing" kind="ReplicaSet" key="kube-system/local-path-provisioner-698b58967b" duration="31.769µs"
2025-01-30 18:28:05,349 INFO c.h.h.t.HelmChartContainer - [K3S] [replica_set.go:679] "Finished syncing" kind="ReplicaSet" key="kube-system/coredns-ff8999cc5" duration="36.899µs"
2025-01-30 18:28:05,365 INFO c.h.h.t.HelmChartContainer - [K3S] [replica_set.go:679] "Finished syncing" kind="ReplicaSet" key="kube-system/metrics-server-8584b5786c" duration="34.334µs"
2025-01-30 18:28:05,383 INFO c.h.h.t.HelmChartContainer - [K3S] [replica_set.go:679] "Finished syncing" kind="ReplicaSet" key="kube-system/coredns-ff8999cc5" duration="6.270034ms"
2025-01-30 18:28:05,386 INFO c.h.h.t.HelmChartContainer - [K3S] [replica_set.go:679] "Finished syncing" kind="ReplicaSet" key="kube-system/coredns-ff8999cc5" duration="30.587µs"
2025-01-30 18:28:05,701 DEBUG c.h.h.t.HelmChartContainer - Image file loaded 'hivemq-platform-operator.tar'
2025-01-30 18:28:05,816 INFO c.h.h.t.HelmChartContainer - [K3S] [kuberuntime_manager.go:1702] "Updating runtime config through cri with podcidr" CIDR="10.42.0.0/24"
2025-01-30 18:28:05,817 INFO c.h.h.t.HelmChartContainer - [K3S] [kubelet_network.go:61] "Updating Pod CIDR" originalPodCIDR="" newPodCIDR="10.42.0.0/24"
2025-01-30 18:28:05,823 INFO c.h.h.t.HelmChartContainer - [K3S] [range_allocator.go:247] "Successfully synced" key="fa9d92da3b04"
2025-01-30 18:28:06,128 DEBUG c.h.h.t.HelmChartContainer - Image file loaded 'hivemq-platform-operator-init.tar'
2025-01-30 18:28:11,580 DEBUG c.h.h.t.HelmChartContainer - Image file loaded 'hivemq-platform.tar'
2025-01-30 18:28:11,580 DEBUG c.h.h.t.HelmChartContainer - Successful Helm chart Container startup
2025-01-30 18:28:11,588 INFO t.localhost/testcontainers/4ylurjmxusli2nxh:latest - Container localhost/testcontainers/4ylurjmxusli2nxh:latest started in PT20.565734858S
2025-01-30 18:28:11,692 DEBUG c.h.h.t.HelmChartContainer - Executing helm command: /bin/helm --kubeconfig /etc/rancher/k3s/k3s.yaml repo add hivemq https://hivemq.github.io/helm-charts
2025-01-30 18:28:13,019 INFO c.h.h.t.HelmChartContainer - [EVENT] Normal [Starting] Starting kubelet. [null:fa9d92da3b04]
2025-01-30 18:28:13,020 INFO c.h.h.t.HelmChartContainer - [EVENT] Warning [InvalidDiskCapacity] invalid capacity 0 on image filesystem [null:fa9d92da3b04]
2025-01-30 18:28:13,021 INFO c.h.h.t.HelmChartContainer - [EVENT] Normal [NodeHasSufficientMemory] Node fa9d92da3b04 status is now: NodeHasSufficientMemory [null:fa9d92da3b04]
2025-01-30 18:28:13,021 INFO c.h.h.t.HelmChartContainer - [EVENT] Normal [NodeHasNoDiskPressure] Node fa9d92da3b04 status is now: NodeHasNoDiskPressure [null:fa9d92da3b04]
2025-01-30 18:28:13,022 INFO c.h.h.t.HelmChartContainer - [EVENT] Normal [NodeHasSufficientPID] Node fa9d92da3b04 status is now: NodeHasSufficientPID [null:fa9d92da3b04]
2025-01-30 18:28:13,023 INFO c.h.h.t.HelmChartContainer - [EVENT] Normal [NodeAllocatableEnforced] Updated Node Allocatable limit across pods [null:fa9d92da3b04]
2025-01-30 18:28:13,025 INFO c.h.h.t.HelmChartContainer - [EVENT] Normal [NodeReady] Node fa9d92da3b04 status is now: NodeReady [null:fa9d92da3b04]
2025-01-30 18:28:13,026 INFO c.h.h.t.HelmChartContainer - [EVENT] Normal [NodePasswordValidationComplete] Deferred node password secret validation complete [null:fa9d92da3b04]
2025-01-30 18:28:13,027 INFO c.h.h.t.HelmChartContainer - [EVENT] Normal [Synced] Node synced successfully [null:fa9d92da3b04]
2025-01-30 18:28:13,027 INFO c.h.h.t.HelmChartContainer - Saved kubeconfig file on /tmp/kubeconfig-17130118767782004397.yaml
2025-01-30 18:28:13,027 INFO c.h.h.t.HelmChartContainer - HelmChartContainer is started
2025-01-30 18:28:13,027 INFO c.h.h.t.HelmChartContainer - [EVENT] Normal [RegisteredNode] Node fa9d92da3b04 event: Registered Node fa9d92da3b04 in Controller [null:fa9d92da3b04]
]]></system-out>
  <system-err><![CDATA[]]></system-err>
</testsuite>
