<?xml version="1.0" encoding="UTF-8"?>
<testsuite name="com.hivemq.helmcharts.StatefulSetRollingUpgradeIT" tests="1" skipped="0" failures="0" errors="0" timestamp="2025-01-29T00:59:42" hostname="fv-az1369-754" time="140.182">
  <properties/>
  <testcase name="withStatefulSet_RollingUpgrade()" classname="com.hivemq.helmcharts.StatefulSetRollingUpgradeIT" time="140.182">
    <system-out><![CDATA[2025-01-29 00:59:42,437 INFO t.localhost/testcontainers/sbwnb5shaf6jtg4c:latest - Creating container for image: localhost/testcontainers/sbwnb5shaf6jtg4c:latest
2025-01-29 00:59:42,530 INFO t.localhost/testcontainers/sbwnb5shaf6jtg4c:latest - Container localhost/testcontainers/sbwnb5shaf6jtg4c:latest is starting: 3f8ee143311f4b326dea0ea10d278496c6280a94c55a14bc821045b61e28321f
2025-01-29 00:59:42,880 INFO c.h.h.t.OperatorHelmChartContainer - [K3S] [INFO] Starting k3s v1.32.1+k3s1 (6a322f12)
2025-01-29 00:59:42,882 INFO c.h.h.t.OperatorHelmChartContainer - [K3S] [INFO] Configuring sqlite3 database connection pooling: maxIdleConns=2, maxOpenConns=0, connMaxLifetime=0s
2025-01-29 00:59:42,882 INFO c.h.h.t.OperatorHelmChartContainer - [K3S] [INFO] Configuring database table schema and indexes, this may take a moment...
2025-01-29 00:59:42,885 INFO c.h.h.t.OperatorHelmChartContainer - [K3S] [INFO] Database tables and indexes are up to date
2025-01-29 00:59:42,888 INFO c.h.h.t.OperatorHelmChartContainer - [K3S] [INFO] Kine available at unix://kine.sock
2025-01-29 00:59:43,002 INFO c.h.h.t.OperatorHelmChartContainer - [K3S] [INFO] Saving cluster bootstrap data to datastore
2025-01-29 00:59:43,002 INFO c.h.h.t.OperatorHelmChartContainer - [K3S] [WARNING] dynamiclistener [::]:6443: no cached certificate available for preload - deferring certificate load until storage initialization or first client request
2025-01-29 00:59:43,003 INFO c.h.h.t.OperatorHelmChartContainer - [K3S] [INFO] Active TLS secret / (ver=) (count 10): map[listener.cattle.io/cn-10.43.0.1:10.43.0.1 listener.cattle.io/cn-127.0.0.1:127.0.0.1 listener.cattle.io/cn-172.17.0.3:172.17.0.3 listener.cattle.io/cn-3f8ee143311f:3f8ee143311f listener.cattle.io/cn-__1-f16284:::1 listener.cattle.io/cn-kubernetes:kubernetes listener.cattle.io/cn-kubernetes.default:kubernetes.default listener.cattle.io/cn-kubernetes.default.svc:kubernetes.default.svc listener.cattle.io/cn-kubernetes.default.svc.cluster.local:kubernetes.default.svc.cluster.local listener.cattle.io/cn-localhost:localhost listener.cattle.io/fingerprint:SHA1=EC8926D1B3DCDE70A6A516083104E0CAA4DD4F50]
2025-01-29 00:59:43,161 INFO c.h.h.t.OperatorHelmChartContainer - [K3S] [INFO] Running kube-apiserver --advertise-port=6443 --allow-privileged=true --anonymous-auth=false --api-audiences=https://kubernetes.default.svc.cluster.local,k3s --authorization-mode=Node,RBAC --bind-address=127.0.0.1 --cert-dir=/var/lib/rancher/k3s/server/tls/temporary-certs --client-ca-file=/var/lib/rancher/k3s/server/tls/client-ca.crt --egress-selector-config-file=/var/lib/rancher/k3s/server/etc/egress-selector-config.yaml --enable-admission-plugins=NodeRestriction --enable-aggregator-routing=true --enable-bootstrap-token-auth=true --etcd-servers=unix://kine.sock --kubelet-certificate-authority=/var/lib/rancher/k3s/server/tls/server-ca.crt --kubelet-client-certificate=/var/lib/rancher/k3s/server/tls/client-kube-apiserver.crt --kubelet-client-key=/var/lib/rancher/k3s/server/tls/client-kube-apiserver.key --kubelet-preferred-address-types=InternalIP,ExternalIP,Hostname --profiling=false --proxy-client-cert-file=/var/lib/rancher/k3s/server/tls/client-auth-proxy.crt --proxy-client-key-file=/var/lib/rancher/k3s/server/tls/client-auth-proxy.key --requestheader-allowed-names=system:auth-proxy --requestheader-client-ca-file=/var/lib/rancher/k3s/server/tls/request-header-ca.crt --requestheader-extra-headers-prefix=X-Remote-Extra- --requestheader-group-headers=X-Remote-Group --requestheader-username-headers=X-Remote-User --secure-port=6444 --service-account-issuer=https://kubernetes.default.svc.cluster.local --service-account-key-file=/var/lib/rancher/k3s/server/tls/service.key --service-account-signing-key-file=/var/lib/rancher/k3s/server/tls/service.current.key --service-cluster-ip-range=10.43.0.0/16 --service-node-port-range=30000-32767 --storage-backend=etcd3 --tls-cert-file=/var/lib/rancher/k3s/server/tls/serving-kube-apiserver.crt --tls-cipher-suites=TLS_ECDHE_ECDSA_WITH_AES_256_GCM_SHA384,TLS_ECDHE_RSA_WITH_AES_256_GCM_SHA384,TLS_ECDHE_ECDSA_WITH_AES_128_GCM_SHA256,TLS_ECDHE_RSA_WITH_AES_128_GCM_SHA256,TLS_ECDHE_ECDSA_WITH_CHACHA20_POLY1305,TLS_ECDHE_RSA_WITH_CHACHA20_POLY1305 --tls-private-key-file=/var/lib/rancher/k3s/server/tls/serving-kube-apiserver.key
2025-01-29 00:59:43,162 INFO c.h.h.t.OperatorHelmChartContainer - [K3S] [INFO] Running kube-scheduler --authentication-kubeconfig=/var/lib/rancher/k3s/server/cred/scheduler.kubeconfig --authorization-kubeconfig=/var/lib/rancher/k3s/server/cred/scheduler.kubeconfig --bind-address=127.0.0.1 --kubeconfig=/var/lib/rancher/k3s/server/cred/scheduler.kubeconfig --leader-elect=false --profiling=false --secure-port=10259
2025-01-29 00:59:43,162 INFO c.h.h.t.OperatorHelmChartContainer - [K3S] [INFO] Waiting for API server to become available
2025-01-29 00:59:43,162 INFO c.h.h.t.OperatorHelmChartContainer - [K3S] [registry.go:256] calling componentGlobalsRegistry.AddFlags more than once, the registry will be set by the latest flags
2025-01-29 00:59:43,163 INFO c.h.h.t.OperatorHelmChartContainer - [K3S] [INFO] Running kube-controller-manager --allocate-node-cidrs=true --authentication-kubeconfig=/var/lib/rancher/k3s/server/cred/controller.kubeconfig --authorization-kubeconfig=/var/lib/rancher/k3s/server/cred/controller.kubeconfig --bind-address=127.0.0.1 --cluster-cidr=10.42.0.0/16 --cluster-signing-kube-apiserver-client-cert-file=/var/lib/rancher/k3s/server/tls/client-ca.nochain.crt --cluster-signing-kube-apiserver-client-key-file=/var/lib/rancher/k3s/server/tls/client-ca.key --cluster-signing-kubelet-client-cert-file=/var/lib/rancher/k3s/server/tls/client-ca.nochain.crt --cluster-signing-kubelet-client-key-file=/var/lib/rancher/k3s/server/tls/client-ca.key --cluster-signing-kubelet-serving-cert-file=/var/lib/rancher/k3s/server/tls/server-ca.nochain.crt --cluster-signing-kubelet-serving-key-file=/var/lib/rancher/k3s/server/tls/server-ca.key --cluster-signing-legacy-unknown-cert-file=/var/lib/rancher/k3s/server/tls/server-ca.nochain.crt --cluster-signing-legacy-unknown-key-file=/var/lib/rancher/k3s/server/tls/server-ca.key --configure-cloud-routes=false --controllers=*,tokencleaner,-service,-route,-cloud-node-lifecycle --kubeconfig=/var/lib/rancher/k3s/server/cred/controller.kubeconfig --leader-elect=false --profiling=false --root-ca-file=/var/lib/rancher/k3s/server/tls/server-ca.crt --secure-port=10257 --service-account-private-key-file=/var/lib/rancher/k3s/server/tls/service.current.key --service-cluster-ip-range=10.43.0.0/16 --use-service-account-credentials=true
2025-01-29 00:59:43,163 INFO c.h.h.t.OperatorHelmChartContainer - [K3S] [registry.go:256] calling componentGlobalsRegistry.AddFlags more than once, the registry will be set by the latest flags
2025-01-29 00:59:43,163 INFO c.h.h.t.OperatorHelmChartContainer - [K3S] [options.go:299] unable to set WatchListClient feature gate, err: cannot override default for feature "WatchListClient": gates already added to a flag set
2025-01-29 00:59:43,163 INFO c.h.h.t.OperatorHelmChartContainer - [K3S] [registry.go:256] calling componentGlobalsRegistry.AddFlags more than once, the registry will be set by the latest flags
2025-01-29 00:59:43,164 INFO c.h.h.t.OperatorHelmChartContainer - [K3S] [INFO] Running cloud-controller-manager --allocate-node-cidrs=true --authentication-kubeconfig=/var/lib/rancher/k3s/server/cred/cloud-controller.kubeconfig --authorization-kubeconfig=/var/lib/rancher/k3s/server/cred/cloud-controller.kubeconfig --bind-address=127.0.0.1 --cloud-config=/var/lib/rancher/k3s/server/etc/cloud-config.yaml --cloud-provider=k3s --cluster-cidr=10.42.0.0/16 --configure-cloud-routes=false --controllers=*,-route --kubeconfig=/var/lib/rancher/k3s/server/cred/cloud-controller.kubeconfig --leader-elect=false --leader-elect-resource-name=k3s-cloud-controller-manager --node-status-update-frequency=1m0s --profiling=false
2025-01-29 00:59:43,164 INFO c.h.h.t.OperatorHelmChartContainer - [K3S] [options.go:238] external host was not specified, using 172.17.0.3
2025-01-29 00:59:43,164 INFO c.h.h.t.OperatorHelmChartContainer - [K3S] [INFO] Server node token is available at /var/lib/rancher/k3s/server/token
2025-01-29 00:59:43,164 INFO c.h.h.t.OperatorHelmChartContainer - [K3S] [INFO] To join server node to cluster: k3s server -s https://172.17.0.3:6443 -t ${SERVER_NODE_TOKEN}
2025-01-29 00:59:43,164 INFO c.h.h.t.OperatorHelmChartContainer - [K3S] [INFO] Agent node token is available at /var/lib/rancher/k3s/server/agent-token
2025-01-29 00:59:43,164 INFO c.h.h.t.OperatorHelmChartContainer - [K3S] [INFO] To join agent node to cluster: k3s agent -s https://172.17.0.3:6443 -t ${AGENT_NODE_TOKEN}
2025-01-29 00:59:43,165 INFO c.h.h.t.OperatorHelmChartContainer - [K3S] [INFO] Wrote kubeconfig /etc/rancher/k3s/k3s.yaml
2025-01-29 00:59:43,165 INFO c.h.h.t.OperatorHelmChartContainer - [K3S] [INFO] Run: k3s kubectl
2025-01-29 00:59:43,166 INFO c.h.h.t.OperatorHelmChartContainer - [K3S] [server.go:151] Version: v1.32.1+k3s1
2025-01-29 00:59:43,166 INFO c.h.h.t.OperatorHelmChartContainer - [K3S] [server.go:153] "Golang settings" GOGC="" GOMAXPROCS="" GOTRACEBACK=""
2025-01-29 00:59:43,518 INFO c.h.h.t.OperatorHelmChartContainer - [K3S] [plugins.go:157] Loaded 13 mutating admission controller(s) successfully in the following order: NamespaceLifecycle,LimitRanger,ServiceAccount,NodeRestriction,TaintNodesByCondition,Priority,DefaultTolerationSeconds,DefaultStorageClass,StorageObjectInUseProtection,RuntimeClass,DefaultIngressClass,MutatingAdmissionPolicy,MutatingAdmissionWebhook.
2025-01-29 00:59:43,518 INFO c.h.h.t.OperatorHelmChartContainer - [K3S] [plugins.go:160] Loaded 13 validating admission controller(s) successfully in the following order: LimitRanger,ServiceAccount,PodSecurity,Priority,PersistentVolumeClaimResize,RuntimeClass,CertificateApproval,CertificateSigning,ClusterTrustBundleAttest,CertificateSubjectRestriction,ValidatingAdmissionPolicy,ValidatingAdmissionWebhook,ResourceQuota.
2025-01-29 00:59:43,518 INFO c.h.h.t.OperatorHelmChartContainer - [K3S] [instance.go:233] Using reconciler: lease
2025-01-29 00:59:43,571 INFO c.h.h.t.OperatorHelmChartContainer - [K3S] [apis.go:106] API group "internal.apiserver.k8s.io" is not enabled, skipping.
2025-01-29 00:59:43,633 INFO c.h.h.t.OperatorHelmChartContainer - [K3S] [apis.go:106] API group "storagemigration.k8s.io" is not enabled, skipping.
2025-01-29 00:59:43,661 INFO c.h.h.t.OperatorHelmChartContainer - [K3S] [apis.go:106] API group "resource.k8s.io" is not enabled, skipping.
2025-01-29 00:59:43,715 INFO c.h.h.t.OperatorHelmChartContainer - [K3S] [INFO] Password verified locally for node 3f8ee143311f
2025-01-29 00:59:43,985 INFO c.h.h.t.OperatorHelmChartContainer - [K3S] [dynamic_cafile_content.go:161] "Starting controller" name="request-header::/var/lib/rancher/k3s/server/tls/request-header-ca.crt"
2025-01-29 00:59:43,985 INFO c.h.h.t.OperatorHelmChartContainer - [K3S] [dynamic_cafile_content.go:161] "Starting controller" name="client-ca-bundle::/var/lib/rancher/k3s/server/tls/client-ca.crt"
2025-01-29 00:59:43,986 INFO c.h.h.t.OperatorHelmChartContainer - [K3S] [secure_serving.go:213] Serving securely on 127.0.0.1:6444
2025-01-29 00:59:43,986 INFO c.h.h.t.OperatorHelmChartContainer - [K3S] [dynamic_serving_content.go:135] "Starting controller" name="serving-cert::/var/lib/rancher/k3s/server/tls/serving-kube-apiserver.crt::/var/lib/rancher/k3s/server/tls/serving-kube-apiserver.key"
2025-01-29 00:59:43,986 INFO c.h.h.t.OperatorHelmChartContainer - [K3S] [tlsconfig.go:243] "Starting DynamicServingCertificateController"
2025-01-29 00:59:43,986 INFO c.h.h.t.OperatorHelmChartContainer - [K3S] [system_namespaces_controller.go:66] Starting system namespaces controller
2025-01-29 00:59:43,986 INFO c.h.h.t.OperatorHelmChartContainer - [K3S] [controller.go:78] Starting OpenAPI AggregationController
2025-01-29 00:59:43,986 INFO c.h.h.t.OperatorHelmChartContainer - [K3S] [controller.go:80] Starting OpenAPI V3 AggregationController
2025-01-29 00:59:43,986 INFO c.h.h.t.OperatorHelmChartContainer - [K3S] [customresource_discovery_controller.go:292] Starting DiscoveryController
2025-01-29 00:59:43,987 INFO c.h.h.t.OperatorHelmChartContainer - [K3S] [apf_controller.go:377] Starting API Priority and Fairness config controller
2025-01-29 00:59:43,989 INFO c.h.h.t.OperatorHelmChartContainer - [K3S] [remote_available_controller.go:411] Starting RemoteAvailability controller
2025-01-29 00:59:43,989 INFO c.h.h.t.OperatorHelmChartContainer - [K3S] [aggregator.go:169] waiting for initial CRD sync...
2025-01-29 00:59:43,989 INFO c.h.h.t.OperatorHelmChartContainer - [K3S] [cluster_authentication_trust_controller.go:462] Starting cluster_authentication_trust_controller controller
2025-01-29 00:59:43,989 INFO c.h.h.t.OperatorHelmChartContainer - [K3S] [gc_controller.go:78] Starting apiserver lease garbage collector
2025-01-29 00:59:43,989 INFO c.h.h.t.OperatorHelmChartContainer - [K3S] [controller.go:119] Starting legacy_token_tracking_controller
2025-01-29 00:59:43,992 INFO c.h.h.t.OperatorHelmChartContainer - [K3S] [dynamic_serving_content.go:135] "Starting controller" name="aggregator-proxy-cert::/var/lib/rancher/k3s/server/tls/client-auth-proxy.crt::/var/lib/rancher/k3s/server/tls/client-auth-proxy.key"
2025-01-29 00:59:43,993 INFO c.h.h.t.OperatorHelmChartContainer - [K3S] [apiservice_controller.go:100] Starting APIServiceRegistrationController
2025-01-29 00:59:43,993 INFO c.h.h.t.OperatorHelmChartContainer - [K3S] [crdregistration_controller.go:114] Starting crd-autoregister controller
2025-01-29 00:59:43,994 INFO c.h.h.t.OperatorHelmChartContainer - [K3S] [dynamic_cafile_content.go:161] "Starting controller" name="client-ca-bundle::/var/lib/rancher/k3s/server/tls/client-ca.crt"
2025-01-29 00:59:43,994 INFO c.h.h.t.OperatorHelmChartContainer - [K3S] [dynamic_cafile_content.go:161] "Starting controller" name="request-header::/var/lib/rancher/k3s/server/tls/request-header-ca.crt"
2025-01-29 00:59:43,995 INFO c.h.h.t.OperatorHelmChartContainer - [K3S] [local_available_controller.go:156] Starting LocalAvailability controller
2025-01-29 00:59:44,003 INFO c.h.h.t.OperatorHelmChartContainer - [K3S] [controller.go:142] Starting OpenAPI controller
2025-01-29 00:59:44,007 INFO c.h.h.t.OperatorHelmChartContainer - [K3S] [controller.go:90] Starting OpenAPI V3 controller
2025-01-29 00:59:44,007 INFO c.h.h.t.OperatorHelmChartContainer - [K3S] [naming_controller.go:294] Starting NamingConditionController
2025-01-29 00:59:44,007 INFO c.h.h.t.OperatorHelmChartContainer - [K3S] [establishing_controller.go:81] Starting EstablishingController
2025-01-29 00:59:44,007 INFO c.h.h.t.OperatorHelmChartContainer - [K3S] [nonstructuralschema_controller.go:195] Starting NonStructuralSchemaConditionController
2025-01-29 00:59:44,007 INFO c.h.h.t.OperatorHelmChartContainer - [K3S] [apiapproval_controller.go:189] Starting KubernetesAPIApprovalPolicyConformantConditionController
2025-01-29 00:59:44,007 INFO c.h.h.t.OperatorHelmChartContainer - [K3S] [crd_finalizer.go:269] Starting CRDFinalizer
2025-01-29 00:59:44,087 INFO c.h.h.t.OperatorHelmChartContainer - [K3S] [apf_controller.go:382] Running API Priority and Fairness config worker
2025-01-29 00:59:44,087 INFO c.h.h.t.OperatorHelmChartContainer - [K3S] [apf_controller.go:385] Running API Priority and Fairness periodic rebalancing process
2025-01-29 00:59:44,093 INFO c.h.h.t.OperatorHelmChartContainer - [K3S] [handler_discovery.go:451] Starting ResourceDiscoveryManager
2025-01-29 00:59:44,096 INFO c.h.h.t.OperatorHelmChartContainer - [K3S] [aggregator.go:171] initial CRD sync complete...
2025-01-29 00:59:44,096 INFO c.h.h.t.OperatorHelmChartContainer - [K3S] [autoregister_controller.go:144] Starting autoregister controller
2025-01-29 00:59:44,096 INFO c.h.h.t.OperatorHelmChartContainer - [K3S] [controller.go:145] "Failed to ensure lease exists, will retry" err="namespaces \"kube-system\" not found" interval="200ms"
2025-01-29 00:59:44,113 INFO c.h.h.t.OperatorHelmChartContainer - [K3S] [policy_source.go:240] refreshing policies
2025-01-29 00:59:44,141 INFO c.h.h.t.OperatorHelmChartContainer - [K3S] [controller.go:95] Unable to perform initial Kubernetes service initialization: namespaces "default" not found
2025-01-29 00:59:44,142 INFO c.h.h.t.OperatorHelmChartContainer - [K3S] [controller.go:148] "Unhandled Error" err="while syncing ConfigMap \"kube-system/kube-apiserver-legacy-service-account-token-tracking\", err: namespaces \"kube-system\" not found" logger="UnhandledError"
2025-01-29 00:59:44,251 INFO c.h.h.t.OperatorHelmChartContainer - [K3S] [INFO] Module overlay was already loaded
2025-01-29 00:59:44,252 INFO c.h.h.t.OperatorHelmChartContainer - [K3S] [INFO] Module nf_conntrack was already loaded
2025-01-29 00:59:44,252 INFO c.h.h.t.OperatorHelmChartContainer - [K3S] [INFO] Module br_netfilter was already loaded
2025-01-29 00:59:44,256 INFO c.h.h.t.OperatorHelmChartContainer - [K3S] [INFO] Set sysctl 'net/netfilter/nf_conntrack_max' to 131072
2025-01-29 00:59:44,256 INFO c.h.h.t.OperatorHelmChartContainer - [K3S] [INFO] Set sysctl 'net/netfilter/nf_conntrack_tcp_timeout_established' to 86400
2025-01-29 00:59:44,257 INFO c.h.h.t.OperatorHelmChartContainer - [K3S] [INFO] Set sysctl 'net/netfilter/nf_conntrack_tcp_timeout_close_wait' to 3600
2025-01-29 00:59:44,258 INFO c.h.h.t.OperatorHelmChartContainer - [K3S] [INFO] Logging containerd to /var/lib/rancher/k3s/agent/containerd/containerd.log
2025-01-29 00:59:44,259 INFO c.h.h.t.OperatorHelmChartContainer - [K3S] [INFO] Running containerd -c /var/lib/rancher/k3s/agent/etc/containerd/config.toml -a /run/k3s/containerd/containerd.sock --state /run/k3s/containerd --root /var/lib/rancher/k3s/agent/containerd
2025-01-29 00:59:44,990 INFO c.h.h.t.OperatorHelmChartContainer - [K3S] [storage_scheduling.go:95] created PriorityClass system-node-critical with value 2000001000
2025-01-29 00:59:44,993 INFO c.h.h.t.OperatorHelmChartContainer - [K3S] [storage_scheduling.go:95] created PriorityClass system-cluster-critical with value 2000000000
2025-01-29 00:59:44,993 INFO c.h.h.t.OperatorHelmChartContainer - [K3S] [storage_scheduling.go:111] all system priority classes are created successfully or already exist.
2025-01-29 00:59:45,261 INFO c.h.h.t.OperatorHelmChartContainer - [K3S] [INFO] containerd is now running
2025-01-29 00:59:45,264 INFO c.h.h.t.OperatorHelmChartContainer - [K3S] [INFO] Connecting to proxy" url="wss://127.0.0.1:6443/v1-k3s/connect
2025-01-29 00:59:45,267 INFO c.h.h.t.OperatorHelmChartContainer - [K3S] [INFO] Creating k3s-cert-monitor event broadcaster
2025-01-29 00:59:45,267 INFO c.h.h.t.OperatorHelmChartContainer - [K3S] [INFO] Running kubelet --cloud-provider=external --config-dir=/var/lib/rancher/k3s/agent/etc/kubelet.conf.d --containerd=/run/k3s/containerd/containerd.sock --hostname-override=3f8ee143311f --kubeconfig=/var/lib/rancher/k3s/agent/kubelet.kubeconfig --node-ip=172.17.0.3 --node-labels=
2025-01-29 00:59:45,268 INFO c.h.h.t.OperatorHelmChartContainer - [K3S] [INFO] Handling backend connection request [3f8ee143311f]
2025-01-29 00:59:45,268 INFO c.h.h.t.OperatorHelmChartContainer - [K3S] [INFO] Remotedialer connected to proxy" url="wss://127.0.0.1:6443/v1-k3s/connect
2025-01-29 00:59:45,346 INFO c.h.h.t.OperatorHelmChartContainer - [K3S] [alloc.go:330] "allocated clusterIPs" service="default/kubernetes" clusterIPs={"IPv4":"10.43.0.1"}
2025-01-29 00:59:45,350 INFO c.h.h.t.OperatorHelmChartContainer - [K3S] [lease.go:265] Resetting endpoints for master service "kubernetes" to [172.17.0.3]
2025-01-29 00:59:45,364 INFO c.h.h.t.OperatorHelmChartContainer - [K3S] [ERROR] Sending HTTP/1.1 503 response to 127.0.0.1:56040: runtime core not ready
2025-01-29 00:59:45,458 INFO c.h.h.t.OperatorHelmChartContainer - [K3S] [INFO] Running kube-proxy --cluster-cidr=10.42.0.0/16 --conntrack-max-per-core=0 --conntrack-tcp-timeout-close-wait=0s --conntrack-tcp-timeout-established=0s --healthz-bind-address=127.0.0.1 --hostname-override=3f8ee143311f --kubeconfig=/var/lib/rancher/k3s/agent/kubeproxy.kubeconfig --proxy-mode=iptables
2025-01-29 00:59:45,486 INFO c.h.h.t.OperatorHelmChartContainer - [K3S] [server.go:687] "Failed to retrieve node info" err="nodes \"3f8ee143311f\" not found"
2025-01-29 00:59:46,170 INFO c.h.h.t.OperatorHelmChartContainer - [K3S] [INFO] Waiting for untainted node
2025-01-29 00:59:46,170 INFO c.h.h.t.OperatorHelmChartContainer - [K3S] [INFO] Waiting for cloud-controller-manager privileges to become available
2025-01-29 00:59:46,171 INFO c.h.h.t.OperatorHelmChartContainer - [K3S] [INFO] Kube API server is now running
2025-01-29 00:59:46,171 INFO c.h.h.t.OperatorHelmChartContainer - [K3S] [INFO] ETCD server is now running
2025-01-29 00:59:46,171 INFO c.h.h.t.OperatorHelmChartContainer - [K3S] [INFO] k3s is up and running
2025-01-29 00:59:46,171 INFO c.h.h.t.OperatorHelmChartContainer - [K3S] [INFO] Creating k3s-supervisor event broadcaster
2025-01-29 00:59:46,174 INFO c.h.h.t.OperatorHelmChartContainer - [K3S] [INFO] Applying CRD addons.k3s.cattle.io
2025-01-29 00:59:46,184 INFO c.h.h.t.OperatorHelmChartContainer - [K3S] [INFO] Applying CRD etcdsnapshotfiles.k3s.cattle.io
2025-01-29 00:59:46,194 INFO c.h.h.t.OperatorHelmChartContainer - [K3S] [INFO] Applying CRD helmcharts.helm.cattle.io
2025-01-29 00:59:46,206 INFO c.h.h.t.OperatorHelmChartContainer - [K3S] [INFO] Applying CRD helmchartconfigs.helm.cattle.io
2025-01-29 00:59:46,218 INFO c.h.h.t.OperatorHelmChartContainer - [K3S] [INFO] Waiting for CRD helmcharts.helm.cattle.io to become available
2025-01-29 00:59:46,273 INFO c.h.h.t.OperatorHelmChartContainer - [K3S] Flag --containerd has been deprecated, This is a cadvisor flag that was mistakenly registered with the Kubelet. Due to legacy concerns, it will follow the standard CLI deprecation timeline before being removed.
2025-01-29 00:59:46,277 INFO c.h.h.t.OperatorHelmChartContainer - [K3S] [server.go:515] "Kubelet version" kubeletVersion="v1.32.1+k3s1"
2025-01-29 00:59:46,277 INFO c.h.h.t.OperatorHelmChartContainer - [K3S] [server.go:517] "Golang settings" GOGC="" GOMAXPROCS="" GOTRACEBACK=""
2025-01-29 00:59:46,279 INFO c.h.h.t.OperatorHelmChartContainer - [K3S] [dynamic_cafile_content.go:161] "Starting controller" name="client-ca-bundle::/var/lib/rancher/k3s/agent/client-ca.crt"
2025-01-29 00:59:46,281 INFO c.h.h.t.OperatorHelmChartContainer - [K3S] [log.go:32] "RuntimeConfig from runtime service failed" err="rpc error: code = Unimplemented desc = method RuntimeConfig not implemented"
2025-01-29 00:59:46,281 INFO c.h.h.t.OperatorHelmChartContainer - [K3S] [server.go:1416] "CRI implementation should be updated to support RuntimeConfig when KubeletCgroupDriverFromCRI feature gate has been enabled. Falling back to using cgroupDriver from kubelet config."
2025-01-29 00:59:46,284 INFO c.h.h.t.OperatorHelmChartContainer - [K3S] [info.go:53] Couldn't collect info from any of the files in "/etc/machine-id,/var/lib/dbus/machine-id"
2025-01-29 00:59:46,284 INFO c.h.h.t.OperatorHelmChartContainer - [K3S] [server.go:767] "--cgroups-per-qos enabled, but --cgroup-root was not specified.  defaulting to /"
2025-01-29 00:59:46,285 INFO c.h.h.t.OperatorHelmChartContainer - [K3S] [server.go:836] "NoSwap is set due to memorySwapBehavior not specified" memorySwapBehavior="" FailSwapOn=false
2025-01-29 00:59:46,285 INFO c.h.h.t.OperatorHelmChartContainer - [K3S] [swap_util.go:115] "Swap is on" /proc/swaps contents=<
2025-01-29 00:59:46,285 INFO c.h.h.t.OperatorHelmChartContainer - [K3S] 	Filename				Type		Size		Used		Priority
2025-01-29 00:59:46,285 INFO c.h.h.t.OperatorHelmChartContainer - [K3S] 	/mnt/swapfile                           file		4194300		268		-2
2025-01-29 00:59:46,285 INFO c.h.h.t.OperatorHelmChartContainer - [K3S]  >
2025-01-29 00:59:46,285 INFO c.h.h.t.OperatorHelmChartContainer - [K3S] [container_manager_linux.go:268] "Container manager verified user specified cgroup-root exists" cgroupRoot=[]
2025-01-29 00:59:46,285 INFO c.h.h.t.OperatorHelmChartContainer - [K3S] [container_manager_linux.go:273] "Creating Container Manager object based on Node Config" nodeConfig={"NodeName":"3f8ee143311f","RuntimeCgroupsName":"","SystemCgroupsName":"","KubeletCgroupsName":"/k3s","KubeletOOMScoreAdj":-999,"ContainerRuntime":"","CgroupsPerQOS":true,"CgroupRoot":"/","CgroupDriver":"cgroupfs","KubeletRootDir":"/var/lib/kubelet","ProtectKernelDefaults":false,"KubeReservedCgroupName":"","SystemReservedCgroupName":"","ReservedSystemCPUs":{},"EnforceNodeAllocatable":{"pods":{}},"KubeReserved":null,"SystemReserved":null,"HardEvictionThresholds":[{"Signal":"nodefs.available","Operator":"LessThan","Value":{"Quantity":null,"Percentage":0.05},"GracePeriod":0,"MinReclaim":null},{"Signal":"imagefs.available","Operator":"LessThan","Value":{"Quantity":null,"Percentage":0.05},"GracePeriod":0,"MinReclaim":null}],"QOSReserved":{},"CPUManagerPolicy":"none","CPUManagerPolicyOptions":null,"TopologyManagerScope":"container","CPUManagerReconcilePeriod":10000000000,"ExperimentalMemoryManagerPolicy":"None","ExperimentalMemoryManagerReservedMemory":null,"PodPidsLimit":-1,"EnforceCPULimits":true,"CPUCFSQuotaPeriod":100000000,"TopologyManagerPolicy":"none","TopologyManagerPolicyOptions":null,"CgroupVersion":2}
2025-01-29 00:59:46,286 INFO c.h.h.t.OperatorHelmChartContainer - [K3S] [topology_manager.go:138] "Creating topology manager with none policy"
2025-01-29 00:59:46,286 INFO c.h.h.t.OperatorHelmChartContainer - [K3S] [container_manager_linux.go:304] "Creating device plugin manager"
2025-01-29 00:59:46,286 INFO c.h.h.t.OperatorHelmChartContainer - [K3S] [state_mem.go:36] "Initialized new in-memory state store"
2025-01-29 00:59:46,286 INFO c.h.h.t.OperatorHelmChartContainer - [K3S] [kubelet.go:446] "Attempting to sync node with API server"
2025-01-29 00:59:46,286 INFO c.h.h.t.OperatorHelmChartContainer - [K3S] [kubelet.go:341] "Adding static pod path" path="/var/lib/rancher/k3s/agent/pod-manifests"
2025-01-29 00:59:46,286 INFO c.h.h.t.OperatorHelmChartContainer - [K3S] [kubelet.go:352] "Adding apiserver pod source"
2025-01-29 00:59:46,286 INFO c.h.h.t.OperatorHelmChartContainer - [K3S] [apiserver.go:42] "Waiting for node sync before watching apiserver pods"
2025-01-29 00:59:46,287 INFO c.h.h.t.OperatorHelmChartContainer - [K3S] [kuberuntime_manager.go:269] "Container runtime initialized" containerRuntime="containerd" version="v1.7.23-k3s2" apiVersion="v1"
2025-01-29 00:59:46,287 INFO c.h.h.t.OperatorHelmChartContainer - [K3S] [kubelet.go:890] "Not starting ClusterTrustBundle informer because we are in static kubelet mode"
2025-01-29 00:59:46,287 INFO c.h.h.t.OperatorHelmChartContainer - [K3S] [probe.go:272] Flexvolume plugin directory at /usr/libexec/kubernetes/kubelet-plugins/volume/exec/ does not exist. Recreating.
2025-01-29 00:59:46,288 INFO c.h.h.t.OperatorHelmChartContainer - [K3S] [watchdog_linux.go:99] "Systemd watchdog is not enabled"
2025-01-29 00:59:46,288 INFO c.h.h.t.OperatorHelmChartContainer - [K3S] [server.go:1282] "Started kubelet"
2025-01-29 00:59:46,290 INFO c.h.h.t.OperatorHelmChartContainer - [K3S] [fs_resource_analyzer.go:67] "Starting FS ResourceAnalyzer"
2025-01-29 00:59:46,292 INFO c.h.h.t.OperatorHelmChartContainer - [K3S] [kubelet.go:1561] "Image garbage collection failed once. Stats initialization may not have completed yet" err="invalid capacity 0 on image filesystem"
2025-01-29 00:59:46,296 INFO c.h.h.t.OperatorHelmChartContainer - [K3S] [volume_manager.go:297] "Starting Kubelet Volume Manager"
2025-01-29 00:59:46,296 INFO c.h.h.t.OperatorHelmChartContainer - [K3S] [kubelet_node_status.go:467] "Error getting the current node from lister" err="node \"3f8ee143311f\" not found"
2025-01-29 00:59:46,296 INFO c.h.h.t.OperatorHelmChartContainer - [K3S] [server.go:169] "Starting to listen" address="0.0.0.0" port=10250
2025-01-29 00:59:46,300 INFO c.h.h.t.OperatorHelmChartContainer - [K3S] [server.go:490] "Adding debug handlers to kubelet server"
2025-01-29 00:59:46,300 INFO c.h.h.t.OperatorHelmChartContainer - [K3S] [server.go:208] "Starting to listen read-only" address="0.0.0.0" port=10255
2025-01-29 00:59:46,301 INFO c.h.h.t.OperatorHelmChartContainer - [K3S] [desired_state_of_world_populator.go:149] "Desired state populator starts to run"
2025-01-29 00:59:46,301 INFO c.h.h.t.OperatorHelmChartContainer - [K3S] [reconciler.go:26] "Reconciler: start to sync state"
2025-01-29 00:59:46,301 INFO c.h.h.t.OperatorHelmChartContainer - [K3S] [ratelimit.go:55] "Setting rate limiting for endpoint" service="podresources" qps=100 burstTokens=10
2025-01-29 00:59:46,301 INFO c.h.h.t.OperatorHelmChartContainer - [K3S] [server.go:243] "Starting to serve the podresources API" endpoint="unix:/var/lib/kubelet/pod-resources/kubelet.sock"
2025-01-29 00:59:46,301 INFO c.h.h.t.OperatorHelmChartContainer - [K3S] [dynamic_serving_content.go:135] "Starting controller" name="kubelet-server-cert-files::/var/lib/rancher/k3s/agent/serving-kubelet.crt::/var/lib/rancher/k3s/agent/serving-kubelet.key"
2025-01-29 00:59:46,301 INFO c.h.h.t.OperatorHelmChartContainer - [K3S] [factory.go:221] Registration of the systemd container factory successfully
2025-01-29 00:59:46,301 INFO c.h.h.t.OperatorHelmChartContainer - [K3S] [factory.go:219] Registration of the crio container factory failed: Get "http://%2Fvar%2Frun%2Fcrio%2Fcrio.sock/info": dial unix /var/run/crio/crio.sock: connect: no such file or directory
2025-01-29 00:59:46,305 INFO c.h.h.t.OperatorHelmChartContainer - [K3S] [factory.go:221] Registration of the containerd container factory successfully
2025-01-29 00:59:46,307 INFO c.h.h.t.OperatorHelmChartContainer - [K3S] [kubelet_network_linux.go:50] "Initialized iptables rules." protocol="IPv4"
2025-01-29 00:59:46,307 INFO c.h.h.t.OperatorHelmChartContainer - [K3S] [kubelet_network_linux.go:50] "Initialized iptables rules." protocol="IPv6"
2025-01-29 00:59:46,307 INFO c.h.h.t.OperatorHelmChartContainer - [K3S] [status_manager.go:227] "Starting to sync pod status with apiserver"
2025-01-29 00:59:46,307 INFO c.h.h.t.OperatorHelmChartContainer - [K3S] [watchdog_linux.go:127] "Systemd watchdog is not enabled or the interval is invalid, so health checking will not be started."
2025-01-29 00:59:46,307 INFO c.h.h.t.OperatorHelmChartContainer - [K3S] [kubelet.go:2388] "Starting kubelet main sync loop"
2025-01-29 00:59:46,307 INFO c.h.h.t.OperatorHelmChartContainer - [K3S] [kubelet.go:2412] "Skipping pod synchronization" err="[container runtime status check may not have completed yet, PLEG is not healthy: pleg has yet to be successful]"
2025-01-29 00:59:46,330 INFO c.h.h.t.OperatorHelmChartContainer - [K3S] [nodelease.go:49] "Failed to get node when trying to set owner ref to the node lease" err="nodes \"3f8ee143311f\" not found" node="3f8ee143311f"
2025-01-29 00:59:46,356 INFO c.h.h.t.OperatorHelmChartContainer - [K3S] [cpu_manager.go:221] "Starting CPU manager" policy="none"
2025-01-29 00:59:46,356 INFO c.h.h.t.OperatorHelmChartContainer - [K3S] [cpu_manager.go:222] "Reconciling" reconcilePeriod="10s"
2025-01-29 00:59:46,356 INFO c.h.h.t.OperatorHelmChartContainer - [K3S] [state_mem.go:36] "Initialized new in-memory state store"
2025-01-29 00:59:46,358 INFO c.h.h.t.OperatorHelmChartContainer - [K3S] [policy_none.go:49] "None policy: Start"
2025-01-29 00:59:46,358 INFO c.h.h.t.OperatorHelmChartContainer - [K3S] [memory_manager.go:186] "Starting memorymanager" policy="None"
2025-01-29 00:59:46,358 INFO c.h.h.t.OperatorHelmChartContainer - [K3S] [state_mem.go:35] "Initializing new in-memory state store"
2025-01-29 00:59:46,360 INFO c.h.h.t.OperatorHelmChartContainer - [K3S] [manager.go:519] "Failed to read data from checkpoint" checkpoint="kubelet_internal_checkpoint" err="checkpoint is not found"
2025-01-29 00:59:46,360 INFO c.h.h.t.OperatorHelmChartContainer - [K3S] [eviction_manager.go:189] "Eviction manager: starting control loop"
2025-01-29 00:59:46,360 INFO c.h.h.t.OperatorHelmChartContainer - [K3S] [container_log_manager.go:189] "Initializing container log rotate workers" workers=1 monitorPeriod="10s"
2025-01-29 00:59:46,360 INFO c.h.h.t.OperatorHelmChartContainer - [K3S] [plugin_manager.go:118] "Starting Kubelet Plugin Manager"
2025-01-29 00:59:46,361 INFO c.h.h.t.OperatorHelmChartContainer - [K3S] [eviction_manager.go:267] "eviction manager: failed to check if we have separate container filesystem. Ignoring." err="no imagefs label for configured runtime"
2025-01-29 00:59:46,361 INFO c.h.h.t.OperatorHelmChartContainer - [K3S] [eviction_manager.go:292] "Eviction manager: failed to get summary stats" err="failed to get node info: node \"3f8ee143311f\" not found"
2025-01-29 00:59:46,402 INFO c.h.h.t.OperatorHelmChartContainer - [K3S] [serving.go:392] Generated self-signed cert in-memory
2025-01-29 00:59:46,461 INFO c.h.h.t.OperatorHelmChartContainer - [K3S] [kubelet_node_status.go:76] "Attempting to register node" node="3f8ee143311f"
2025-01-29 00:59:46,465 INFO c.h.h.t.OperatorHelmChartContainer - [K3S] [kubelet_node_status.go:79] "Successfully registered node" node="3f8ee143311f"
2025-01-29 00:59:46,465 INFO c.h.h.t.OperatorHelmChartContainer - [K3S] [kubelet_node_status.go:549] "Error updating node status, will retry" err="error getting node \"3f8ee143311f\": node \"3f8ee143311f\" not found"
2025-01-29 00:59:46,469 INFO c.h.h.t.OperatorHelmChartContainer - [K3S] [INFO] Annotations and labels have been set successfully on node: 3f8ee143311f
2025-01-29 00:59:46,469 INFO c.h.h.t.OperatorHelmChartContainer - [K3S] [INFO] Starting flannel with backend vxlan
2025-01-29 00:59:46,513 INFO c.h.h.t.OperatorHelmChartContainer - [K3S] [server.go:698] "Successfully retrieved node IP(s)" IPs=["172.17.0.3"]
2025-01-29 00:59:46,513 INFO c.h.h.t.OperatorHelmChartContainer - [K3S] [server.go:234] "Kube-proxy configuration may be incomplete or incorrect" err="nodePortAddresses is unset; NodePort connections will be accepted on all local IPs. Consider using `--nodeport-addresses primary`"
2025-01-29 00:59:46,516 INFO c.h.h.t.OperatorHelmChartContainer - [K3S] [server.go:243] "kube-proxy running in dual-stack mode" primary ipFamily="IPv4"
2025-01-29 00:59:46,516 INFO c.h.h.t.OperatorHelmChartContainer - [K3S] [server_linux.go:170] "Using iptables Proxier"
2025-01-29 00:59:46,517 INFO c.h.h.t.OperatorHelmChartContainer - [K3S] [proxier.go:255] "Setting route_localnet=1 to allow node-ports on localhost; to change this either disable iptables.localhostNodePorts (--iptables-localhost-nodeports) or set nodePortAddresses (--nodeport-addresses) to filter loopback addresses"
2025-01-29 00:59:46,519 INFO c.h.h.t.OperatorHelmChartContainer - [K3S] [server.go:497] "Version info" version="v1.32.1+k3s1"
2025-01-29 00:59:46,520 INFO c.h.h.t.OperatorHelmChartContainer - [K3S] [server.go:499] "Golang settings" GOGC="" GOMAXPROCS="" GOTRACEBACK=""
2025-01-29 00:59:46,520 INFO c.h.h.t.OperatorHelmChartContainer - [K3S] [config.go:199] "Starting service config controller"
2025-01-29 00:59:46,520 INFO c.h.h.t.OperatorHelmChartContainer - [K3S] [config.go:105] "Starting endpoint slice config controller"
2025-01-29 00:59:46,520 INFO c.h.h.t.OperatorHelmChartContainer - [K3S] [config.go:329] "Starting node config controller"
2025-01-29 00:59:46,673 INFO c.h.h.t.OperatorHelmChartContainer - [K3S] [kubelet_node_status.go:502] "Fast updating node status as it just became ready"
2025-01-29 00:59:46,721 INFO c.h.h.t.OperatorHelmChartContainer - [K3S] [INFO] Done waiting for CRD helmcharts.helm.cattle.io to become available
2025-01-29 00:59:46,721 INFO c.h.h.t.OperatorHelmChartContainer - [K3S] [INFO] Waiting for CRD helmchartconfigs.helm.cattle.io to become available
2025-01-29 00:59:46,757 INFO c.h.h.t.OperatorHelmChartContainer - [K3S] [controllermanager.go:185] "Starting" version="v1.32.1+k3s1"
2025-01-29 00:59:46,757 INFO c.h.h.t.OperatorHelmChartContainer - [K3S] [controllermanager.go:187] "Golang settings" GOGC="" GOMAXPROCS="" GOTRACEBACK=""
2025-01-29 00:59:46,759 INFO c.h.h.t.OperatorHelmChartContainer - [K3S] [requestheader_controller.go:180] Starting RequestHeaderAuthRequestController
2025-01-29 00:59:46,760 INFO c.h.h.t.OperatorHelmChartContainer - [K3S] [configmap_cafile_content.go:205] "Starting controller" name="client-ca::kube-system::extension-apiserver-authentication::client-ca-file"
2025-01-29 00:59:46,760 INFO c.h.h.t.OperatorHelmChartContainer - [K3S] [configmap_cafile_content.go:205] "Starting controller" name="client-ca::kube-system::extension-apiserver-authentication::requestheader-client-ca-file"
2025-01-29 00:59:46,760 INFO c.h.h.t.OperatorHelmChartContainer - [K3S] [secure_serving.go:213] Serving securely on 127.0.0.1:10257
2025-01-29 00:59:46,760 INFO c.h.h.t.OperatorHelmChartContainer - [K3S] [tlsconfig.go:243] "Starting DynamicServingCertificateController"
2025-01-29 00:59:46,764 INFO c.h.h.t.OperatorHelmChartContainer - [K3S] [controllermanager.go:765] "Started controller" controller="serviceaccount-token-controller"
2025-01-29 00:59:46,769 INFO c.h.h.t.OperatorHelmChartContainer - [K3S] [controllermanager.go:765] "Started controller" controller="endpoints-controller"
2025-01-29 00:59:46,769 INFO c.h.h.t.OperatorHelmChartContainer - [K3S] [endpoints_controller.go:182] "Starting endpoint controller"
2025-01-29 00:59:46,782 INFO c.h.h.t.OperatorHelmChartContainer - [K3S] [controllermanager.go:765] "Started controller" controller="namespace-controller"
2025-01-29 00:59:46,782 INFO c.h.h.t.OperatorHelmChartContainer - [K3S] [namespace_controller.go:202] "Starting namespace controller"
2025-01-29 00:59:46,787 INFO c.h.h.t.OperatorHelmChartContainer - [K3S] [controllermanager.go:765] "Started controller" controller="statefulset-controller"
2025-01-29 00:59:46,787 INFO c.h.h.t.OperatorHelmChartContainer - [K3S] [stateful_set.go:166] "Starting stateful set controller"
2025-01-29 00:59:46,791 INFO c.h.h.t.OperatorHelmChartContainer - [K3S] [controllermanager.go:765] "Started controller" controller="cronjob-controller"
2025-01-29 00:59:46,792 INFO c.h.h.t.OperatorHelmChartContainer - [K3S] [controllermanager.go:723] "Skipping a cloud provider controller" controller="service-lb-controller"
2025-01-29 00:59:46,792 INFO c.h.h.t.OperatorHelmChartContainer - [K3S] [cronjob_controllerv2.go:145] "Starting cronjob controller v2"
2025-01-29 00:59:46,803 INFO c.h.h.t.OperatorHelmChartContainer - [K3S] [controllermanager.go:765] "Started controller" controller="validatingadmissionpolicy-status-controller"
2025-01-29 00:59:46,808 INFO c.h.h.t.OperatorHelmChartContainer - [K3S] [controllermanager.go:765] "Started controller" controller="endpointslice-controller"
2025-01-29 00:59:46,808 INFO c.h.h.t.OperatorHelmChartContainer - [K3S] [endpointslice_controller.go:281] "Starting endpoint slice controller"
2025-01-29 00:59:46,812 INFO c.h.h.t.OperatorHelmChartContainer - [K3S] [controllermanager.go:765] "Started controller" controller="job-controller"
2025-01-29 00:59:46,812 INFO c.h.h.t.OperatorHelmChartContainer - [K3S] [job_controller.go:243] "Starting job controller"
2025-01-29 00:59:46,822 INFO c.h.h.t.OperatorHelmChartContainer - [K3S] [controllermanager.go:765] "Started controller" controller="horizontal-pod-autoscaler-controller"
2025-01-29 00:59:46,822 INFO c.h.h.t.OperatorHelmChartContainer - [K3S] [horizontal.go:201] "Starting HPA controller"
2025-01-29 00:59:46,916 INFO c.h.h.t.OperatorHelmChartContainer - [K3S] [controllermanager.go:765] "Started controller" controller="certificatesigningrequest-approving-controller"
2025-01-29 00:59:46,916 INFO c.h.h.t.OperatorHelmChartContainer - [K3S] [certificate_controller.go:120] "Starting certificate controller" name="csrapproving"
2025-01-29 00:59:47,067 INFO c.h.h.t.OperatorHelmChartContainer - [K3S] [controllermanager.go:765] "Started controller" controller="persistentvolumeclaim-protection-controller"
2025-01-29 00:59:47,067 INFO c.h.h.t.OperatorHelmChartContainer - [K3S] [pvc_protection_controller.go:168] "Starting PVC protection controller"
2025-01-29 00:59:47,217 INFO c.h.h.t.OperatorHelmChartContainer - [K3S] [controllermanager.go:765] "Started controller" controller="ephemeral-volume-controller"
2025-01-29 00:59:47,217 INFO c.h.h.t.OperatorHelmChartContainer - [K3S] [controller.go:173] "Starting ephemeral volume controller"
2025-01-29 00:59:47,223 INFO c.h.h.t.OperatorHelmChartContainer - [K3S] [INFO] Done waiting for CRD helmchartconfigs.helm.cattle.io to become available
2025-01-29 00:59:47,224 INFO c.h.h.t.OperatorHelmChartContainer - [K3S] [INFO] Writing static file: /var/lib/rancher/k3s/server/static/charts/traefik-27.0.201+up27.0.2.tgz
2025-01-29 00:59:47,225 INFO c.h.h.t.OperatorHelmChartContainer - [K3S] [INFO] Writing static file: /var/lib/rancher/k3s/server/static/charts/traefik-crd-27.0.201+up27.0.2.tgz
2025-01-29 00:59:47,225 INFO c.h.h.t.OperatorHelmChartContainer - [K3S] [INFO] Writing manifest: /var/lib/rancher/k3s/server/manifests/metrics-server/aggregated-metrics-reader.yaml
2025-01-29 00:59:47,225 INFO c.h.h.t.OperatorHelmChartContainer - [K3S] [INFO] Writing manifest: /var/lib/rancher/k3s/server/manifests/metrics-server/auth-reader.yaml
2025-01-29 00:59:47,225 INFO c.h.h.t.OperatorHelmChartContainer - [K3S] [INFO] Writing manifest: /var/lib/rancher/k3s/server/manifests/metrics-server/metrics-server-deployment.yaml
2025-01-29 00:59:47,225 INFO c.h.h.t.OperatorHelmChartContainer - [K3S] [INFO] Writing manifest: /var/lib/rancher/k3s/server/manifests/metrics-server/resource-reader.yaml
2025-01-29 00:59:47,226 INFO c.h.h.t.OperatorHelmChartContainer - [K3S] [INFO] Writing manifest: /var/lib/rancher/k3s/server/manifests/rolebindings.yaml
2025-01-29 00:59:47,226 INFO c.h.h.t.OperatorHelmChartContainer - [K3S] [INFO] Writing manifest: /var/lib/rancher/k3s/server/manifests/runtimes.yaml
2025-01-29 00:59:47,226 INFO c.h.h.t.OperatorHelmChartContainer - [K3S] [INFO] Writing manifest: /var/lib/rancher/k3s/server/manifests/local-storage.yaml
2025-01-29 00:59:47,226 INFO c.h.h.t.OperatorHelmChartContainer - [K3S] [INFO] Writing manifest: /var/lib/rancher/k3s/server/manifests/coredns.yaml
2025-01-29 00:59:47,226 INFO c.h.h.t.OperatorHelmChartContainer - [K3S] [INFO] Writing manifest: /var/lib/rancher/k3s/server/manifests/metrics-server/auth-delegator.yaml
2025-01-29 00:59:47,226 INFO c.h.h.t.OperatorHelmChartContainer - [K3S] [INFO] Writing manifest: /var/lib/rancher/k3s/server/manifests/metrics-server/metrics-apiservice.yaml
2025-01-29 00:59:47,226 INFO c.h.h.t.OperatorHelmChartContainer - [K3S] [INFO] Writing manifest: /var/lib/rancher/k3s/server/manifests/metrics-server/metrics-server-service.yaml
2025-01-29 00:59:47,226 INFO c.h.h.t.OperatorHelmChartContainer - [K3S] [INFO] Writing manifest: /var/lib/rancher/k3s/server/manifests/ccm.yaml
2025-01-29 00:59:47,227 INFO c.h.h.t.OperatorHelmChartContainer - [K3S] [INFO] Tunnel server egress proxy mode: agent
2025-01-29 00:59:47,227 INFO c.h.h.t.OperatorHelmChartContainer - [K3S] [INFO] Starting dynamiclistener CN filter node controller with SANs: [localhost 127.0.0.1 ::1 localhost 3f8ee143311f 172.17.0.3 10.43.0.1 kubernetes kubernetes.default kubernetes.default.svc kubernetes.default.svc.cluster.local]
2025-01-29 00:59:47,287 INFO c.h.h.t.OperatorHelmChartContainer - [K3S] [apiserver.go:52] "Watching apiserver"
2025-01-29 00:59:47,299 INFO c.h.h.t.OperatorHelmChartContainer - [K3S] [desired_state_of_world_populator.go:157] "Finished populating initial desired state of world"
2025-01-29 00:59:47,331 INFO c.h.h.t.OperatorHelmChartContainer - [K3S] [INFO] Starting k3s.cattle.io/v1, Kind=Addon controller
2025-01-29 00:59:47,331 INFO c.h.h.t.OperatorHelmChartContainer - [K3S] [INFO] Creating deploy event broadcaster
2025-01-29 00:59:47,366 INFO c.h.h.t.OperatorHelmChartContainer - [K3S] [controllermanager.go:765] "Started controller" controller="legacy-serviceaccount-token-cleaner-controller"
2025-01-29 00:59:47,366 INFO c.h.h.t.OperatorHelmChartContainer - [K3S] [legacy_serviceaccount_token_cleaner.go:103] "Starting legacy service account token cleaner controller"
2025-01-29 00:59:47,435 INFO c.h.h.t.OperatorHelmChartContainer - [K3S] [INFO] Starting /v1, Kind=Node controller
2025-01-29 00:59:47,436 INFO c.h.h.t.OperatorHelmChartContainer - [K3S] [INFO] Creating helm-controller event broadcaster
2025-01-29 00:59:47,448 INFO c.h.h.t.OperatorHelmChartContainer - [K3S] [INFO] Cluster dns configmap has been set successfully
2025-01-29 00:59:47,516 INFO c.h.h.t.OperatorHelmChartContainer - [K3S] [controllermanager.go:765] "Started controller" controller="ttl-controller"
2025-01-29 00:59:47,517 INFO c.h.h.t.OperatorHelmChartContainer - [K3S] [controllermanager.go:728] "Warning: controller is disabled" controller="bootstrap-signer-controller"
2025-01-29 00:59:47,517 INFO c.h.h.t.OperatorHelmChartContainer - [K3S] [ttl_controller.go:127] "Starting TTL controller"
2025-01-29 00:59:47,544 INFO c.h.h.t.OperatorHelmChartContainer - [K3S] [INFO] Starting helm.cattle.io/v1, Kind=HelmChart controller
2025-01-29 00:59:47,545 INFO c.h.h.t.OperatorHelmChartContainer - [K3S] [INFO] Starting helm.cattle.io/v1, Kind=HelmChartConfig controller
2025-01-29 00:59:47,547 INFO c.h.h.t.OperatorHelmChartContainer - [K3S] [INFO] Starting rbac.authorization.k8s.io/v1, Kind=ClusterRoleBinding controller
2025-01-29 00:59:47,550 INFO c.h.h.t.OperatorHelmChartContainer - [K3S] [INFO] Starting batch/v1, Kind=Job controller
2025-01-29 00:59:47,550 INFO c.h.h.t.OperatorHelmChartContainer - [K3S] [INFO] Starting /v1, Kind=Secret controller
2025-01-29 00:59:47,550 INFO c.h.h.t.OperatorHelmChartContainer - [K3S] [INFO] Starting /v1, Kind=ServiceAccount controller
2025-01-29 00:59:47,550 INFO c.h.h.t.OperatorHelmChartContainer - [K3S] [INFO] Starting /v1, Kind=ConfigMap controller
2025-01-29 00:59:47,673 INFO c.h.h.t.OperatorHelmChartContainer - [K3S] [node_lifecycle_controller.go:432] "Controller will reconcile labels"
2025-01-29 00:59:47,673 INFO c.h.h.t.OperatorHelmChartContainer - [K3S] [controllermanager.go:765] "Started controller" controller="node-lifecycle-controller"
2025-01-29 00:59:47,673 INFO c.h.h.t.OperatorHelmChartContainer - [K3S] [node_lifecycle_controller.go:466] "Sending events to api server"
2025-01-29 00:59:47,673 INFO c.h.h.t.OperatorHelmChartContainer - [K3S] [node_lifecycle_controller.go:477] "Starting node controller"
2025-01-29 00:59:47,817 INFO c.h.h.t.OperatorHelmChartContainer - [K3S] [controllermanager.go:765] "Started controller" controller="persistentvolume-binder-controller"
2025-01-29 00:59:47,817 INFO c.h.h.t.OperatorHelmChartContainer - [K3S] [controllermanager.go:717] "Controller is disabled by a feature gate" controller="volumeattributesclass-protection-controller" requiredFeatureGates=["VolumeAttributesClass"]
2025-01-29 00:59:47,817 INFO c.h.h.t.OperatorHelmChartContainer - [K3S] [pv_controller_base.go:308] "Starting persistent volume controller"
2025-01-29 00:59:47,966 INFO c.h.h.t.OperatorHelmChartContainer - [K3S] [controllermanager.go:765] "Started controller" controller="root-ca-certificate-publisher-controller"
2025-01-29 00:59:47,966 INFO c.h.h.t.OperatorHelmChartContainer - [K3S] [publisher.go:107] "Starting root CA cert publisher controller"
2025-01-29 00:59:48,007 INFO c.h.h.t.OperatorHelmChartContainer - [K3S] [INFO] Updating TLS secret for kube-system/k3s-serving (count: 10): map[listener.cattle.io/cn-10.43.0.1:10.43.0.1 listener.cattle.io/cn-127.0.0.1:127.0.0.1 listener.cattle.io/cn-172.17.0.3:172.17.0.3 listener.cattle.io/cn-3f8ee143311f:3f8ee143311f listener.cattle.io/cn-__1-f16284:::1 listener.cattle.io/cn-kubernetes:kubernetes listener.cattle.io/cn-kubernetes.default:kubernetes.default listener.cattle.io/cn-kubernetes.default.svc:kubernetes.default.svc listener.cattle.io/cn-kubernetes.default.svc.cluster.local:kubernetes.default.svc.cluster.local listener.cattle.io/cn-localhost:localhost listener.cattle.io/fingerprint:SHA1=EC8926D1B3DCDE70A6A516083104E0CAA4DD4F50]
2025-01-29 00:59:48,009 INFO c.h.h.t.OperatorHelmChartContainer - [K3S] [INFO] Active TLS secret kube-system/k3s-serving (ver=245) (count 10): map[listener.cattle.io/cn-10.43.0.1:10.43.0.1 listener.cattle.io/cn-127.0.0.1:127.0.0.1 listener.cattle.io/cn-172.17.0.3:172.17.0.3 listener.cattle.io/cn-3f8ee143311f:3f8ee143311f listener.cattle.io/cn-__1-f16284:::1 listener.cattle.io/cn-kubernetes:kubernetes listener.cattle.io/cn-kubernetes.default:kubernetes.default listener.cattle.io/cn-kubernetes.default.svc:kubernetes.default.svc listener.cattle.io/cn-kubernetes.default.svc.cluster.local:kubernetes.default.svc.cluster.local listener.cattle.io/cn-localhost:localhost listener.cattle.io/fingerprint:SHA1=EC8926D1B3DCDE70A6A516083104E0CAA4DD4F50]
2025-01-29 00:59:48,016 INFO c.h.h.t.OperatorHelmChartContainer - [K3S] [controllermanager.go:765] "Started controller" controller="certificatesigningrequest-cleaner-controller"
2025-01-29 00:59:48,016 INFO c.h.h.t.OperatorHelmChartContainer - [K3S] [cleaner.go:83] "Starting CSR cleaner controller"
2025-01-29 00:59:48,105 INFO c.h.h.t.OperatorHelmChartContainer - [K3S] [INFO] Updating TLS secret for kube-system/k3s-serving (count: 10): map[listener.cattle.io/cn-10.43.0.1:10.43.0.1 listener.cattle.io/cn-127.0.0.1:127.0.0.1 listener.cattle.io/cn-172.17.0.3:172.17.0.3 listener.cattle.io/cn-3f8ee143311f:3f8ee143311f listener.cattle.io/cn-__1-f16284:::1 listener.cattle.io/cn-kubernetes:kubernetes listener.cattle.io/cn-kubernetes.default:kubernetes.default listener.cattle.io/cn-kubernetes.default.svc:kubernetes.default.svc listener.cattle.io/cn-kubernetes.default.svc.cluster.local:kubernetes.default.svc.cluster.local listener.cattle.io/cn-localhost:localhost listener.cattle.io/fingerprint:SHA1=EC8926D1B3DCDE70A6A516083104E0CAA4DD4F50]
2025-01-29 00:59:48,166 INFO c.h.h.t.OperatorHelmChartContainer - [K3S] [controllermanager.go:765] "Started controller" controller="persistentvolume-attach-detach-controller"
2025-01-29 00:59:48,166 INFO c.h.h.t.OperatorHelmChartContainer - [K3S] [attach_detach_controller.go:338] "Starting attach detach controller"
2025-01-29 00:59:48,341 INFO c.h.h.t.OperatorHelmChartContainer - [K3S] [controllermanager.go:765] "Started controller" controller="persistentvolume-protection-controller"
2025-01-29 00:59:48,341 INFO c.h.h.t.OperatorHelmChartContainer - [K3S] [controllermanager.go:717] "Controller is disabled by a feature gate" controller="kube-apiserver-serving-clustertrustbundle-publisher-controller" requiredFeatureGates=["ClusterTrustBundle"]
2025-01-29 00:59:48,342 INFO c.h.h.t.OperatorHelmChartContainer - [K3S] [pv_protection_controller.go:81] "Starting PV protection controller"
2025-01-29 00:59:48,454 INFO c.h.h.t.OperatorHelmChartContainer - [K3S] [INFO] Labels and annotations have been set successfully on node: 3f8ee143311f
2025-01-29 00:59:48,467 INFO c.h.h.t.OperatorHelmChartContainer - [K3S] [controllermanager.go:765] "Started controller" controller="endpointslice-mirroring-controller"
2025-01-29 00:59:48,467 INFO c.h.h.t.OperatorHelmChartContainer - [K3S] [endpointslicemirroring_controller.go:227] "Starting EndpointSliceMirroring controller"
2025-01-29 00:59:48,616 INFO c.h.h.t.OperatorHelmChartContainer - [K3S] [controllermanager.go:765] "Started controller" controller="replicationcontroller-controller"
2025-01-29 00:59:48,616 INFO c.h.h.t.OperatorHelmChartContainer - [K3S] [replica_set.go:217] "Starting controller" name="replicationcontroller"
2025-01-29 00:59:48,767 INFO c.h.h.t.OperatorHelmChartContainer - [K3S] [controllermanager.go:765] "Started controller" controller="daemonset-controller"
2025-01-29 00:59:48,767 INFO c.h.h.t.OperatorHelmChartContainer - [K3S] [daemon_controller.go:294] "Starting daemon sets controller"
2025-01-29 00:59:48,800 INFO c.h.h.t.OperatorHelmChartContainer - [K3S] [event.go:389] "Event occurred" object="3f8ee143311f" fieldPath="" kind="Node" apiVersion="" type="Normal" reason="NodePasswordValidationComplete" message="Deferred node password secret validation complete"
2025-01-29 00:59:48,916 INFO c.h.h.t.OperatorHelmChartContainer - [K3S] [controllermanager.go:765] "Started controller" controller="deployment-controller"
2025-01-29 00:59:48,916 INFO c.h.h.t.OperatorHelmChartContainer - [K3S] [deployment_controller.go:173] "Starting controller" controller="deployment"
2025-01-29 00:59:49,066 INFO c.h.h.t.OperatorHelmChartContainer - [K3S] [controllermanager.go:765] "Started controller" controller="token-cleaner-controller"
2025-01-29 00:59:49,066 INFO c.h.h.t.OperatorHelmChartContainer - [K3S] [tokencleaner.go:117] "Starting token cleaner controller"
2025-01-29 00:59:49,219 INFO c.h.h.t.OperatorHelmChartContainer - [K3S] [range_allocator.go:112] "No Secondary Service CIDR provided. Skipping filtering out secondary service addresses"
2025-01-29 00:59:49,219 INFO c.h.h.t.OperatorHelmChartContainer - [K3S] [controllermanager.go:765] "Started controller" controller="node-ipam-controller"
2025-01-29 00:59:49,219 INFO c.h.h.t.OperatorHelmChartContainer - [K3S] [controllermanager.go:717] "Controller is disabled by a feature gate" controller="resourceclaim-controller" requiredFeatureGates=["DynamicResourceAllocation"]
2025-01-29 00:59:49,219 INFO c.h.h.t.OperatorHelmChartContainer - [K3S] [node_ipam_controller.go:141] "Starting ipam controller"
2025-01-29 00:59:49,335 INFO c.h.h.t.OperatorHelmChartContainer - [K3S] [event.go:389] "Event occurred" object="kube-system/ccm" fieldPath="" kind="Addon" apiVersion="k3s.cattle.io/v1" type="Normal" reason="ApplyingManifest" message="Applying manifest at \"/var/lib/rancher/k3s/server/manifests/ccm.yaml\""
2025-01-29 00:59:49,353 INFO c.h.h.t.OperatorHelmChartContainer - [K3S] [event.go:389] "Event occurred" object="kube-system/ccm" fieldPath="" kind="Addon" apiVersion="k3s.cattle.io/v1" type="Normal" reason="AppliedManifest" message="Applied manifest at \"/var/lib/rancher/k3s/server/manifests/ccm.yaml\""
2025-01-29 00:59:49,361 INFO c.h.h.t.OperatorHelmChartContainer - [K3S] [event.go:389] "Event occurred" object="kube-system/coredns" fieldPath="" kind="Addon" apiVersion="k3s.cattle.io/v1" type="Normal" reason="ApplyingManifest" message="Applying manifest at \"/var/lib/rancher/k3s/server/manifests/coredns.yaml\""
2025-01-29 00:59:49,468 INFO c.h.h.t.OperatorHelmChartContainer - [K3S] [alloc.go:330] "allocated clusterIPs" service="kube-system/kube-dns" clusterIPs={"IPv4":"10.43.0.10"}
2025-01-29 00:59:49,471 INFO c.h.h.t.OperatorHelmChartContainer - [K3S] [event.go:389] "Event occurred" object="kube-system/coredns" fieldPath="" kind="Addon" apiVersion="k3s.cattle.io/v1" type="Normal" reason="AppliedManifest" message="Applied manifest at \"/var/lib/rancher/k3s/server/manifests/coredns.yaml\""
2025-01-29 00:59:49,477 INFO c.h.h.t.OperatorHelmChartContainer - [K3S] [event.go:389] "Event occurred" object="kube-system/local-storage" fieldPath="" kind="Addon" apiVersion="k3s.cattle.io/v1" type="Normal" reason="ApplyingManifest" message="Applying manifest at \"/var/lib/rancher/k3s/server/manifests/local-storage.yaml\""
2025-01-29 00:59:49,520 INFO c.h.h.t.OperatorHelmChartContainer - [K3S] [controllermanager.go:765] "Started controller" controller="resourcequota-controller"
2025-01-29 00:59:49,520 INFO c.h.h.t.OperatorHelmChartContainer - [K3S] [resource_quota_controller.go:300] "Starting resource quota controller"
2025-01-29 00:59:49,569 INFO c.h.h.t.OperatorHelmChartContainer - [K3S] [event.go:389] "Event occurred" object="kube-system/local-storage" fieldPath="" kind="Addon" apiVersion="k3s.cattle.io/v1" type="Normal" reason="AppliedManifest" message="Applied manifest at \"/var/lib/rancher/k3s/server/manifests/local-storage.yaml\""
2025-01-29 00:59:49,574 INFO c.h.h.t.OperatorHelmChartContainer - [K3S] [event.go:389] "Event occurred" object="kube-system/aggregated-metrics-reader" fieldPath="" kind="Addon" apiVersion="k3s.cattle.io/v1" type="Normal" reason="ApplyingManifest" message="Applying manifest at \"/var/lib/rancher/k3s/server/manifests/metrics-server/aggregated-metrics-reader.yaml\""
2025-01-29 00:59:49,644 INFO c.h.h.t.OperatorHelmChartContainer - [K3S] [event.go:389] "Event occurred" object="kube-system/aggregated-metrics-reader" fieldPath="" kind="Addon" apiVersion="k3s.cattle.io/v1" type="Normal" reason="AppliedManifest" message="Applied manifest at \"/var/lib/rancher/k3s/server/manifests/metrics-server/aggregated-metrics-reader.yaml\""
2025-01-29 00:59:49,649 INFO c.h.h.t.OperatorHelmChartContainer - [K3S] [event.go:389] "Event occurred" object="kube-system/auth-delegator" fieldPath="" kind="Addon" apiVersion="k3s.cattle.io/v1" type="Normal" reason="ApplyingManifest" message="Applying manifest at \"/var/lib/rancher/k3s/server/manifests/metrics-server/auth-delegator.yaml\""
2025-01-29 00:59:49,653 INFO c.h.h.t.OperatorHelmChartContainer - [K3S] [event.go:389] "Event occurred" object="kube-system/auth-delegator" fieldPath="" kind="Addon" apiVersion="k3s.cattle.io/v1" type="Normal" reason="AppliedManifest" message="Applied manifest at \"/var/lib/rancher/k3s/server/manifests/metrics-server/auth-delegator.yaml\""
2025-01-29 00:59:49,658 INFO c.h.h.t.OperatorHelmChartContainer - [K3S] [event.go:389] "Event occurred" object="kube-system/auth-reader" fieldPath="" kind="Addon" apiVersion="k3s.cattle.io/v1" type="Normal" reason="ApplyingManifest" message="Applying manifest at \"/var/lib/rancher/k3s/server/manifests/metrics-server/auth-reader.yaml\""
2025-01-29 00:59:49,662 INFO c.h.h.t.OperatorHelmChartContainer - [K3S] [event.go:389] "Event occurred" object="kube-system/auth-reader" fieldPath="" kind="Addon" apiVersion="k3s.cattle.io/v1" type="Normal" reason="AppliedManifest" message="Applied manifest at \"/var/lib/rancher/k3s/server/manifests/metrics-server/auth-reader.yaml\""
2025-01-29 00:59:49,666 INFO c.h.h.t.OperatorHelmChartContainer - [K3S] [controllermanager.go:765] "Started controller" controller="serviceaccount-controller"
2025-01-29 00:59:49,666 INFO c.h.h.t.OperatorHelmChartContainer - [K3S] [serviceaccounts_controller.go:114] "Starting service account controller"
2025-01-29 00:59:49,668 INFO c.h.h.t.OperatorHelmChartContainer - [K3S] [event.go:389] "Event occurred" object="kube-system/metrics-apiservice" fieldPath="" kind="Addon" apiVersion="k3s.cattle.io/v1" type="Normal" reason="ApplyingManifest" message="Applying manifest at \"/var/lib/rancher/k3s/server/manifests/metrics-server/metrics-apiservice.yaml\""
2025-01-29 00:59:49,674 INFO c.h.h.t.OperatorHelmChartContainer - [K3S] [event.go:389] "Event occurred" object="kube-system/metrics-apiservice" fieldPath="" kind="Addon" apiVersion="k3s.cattle.io/v1" type="Normal" reason="AppliedManifest" message="Applied manifest at \"/var/lib/rancher/k3s/server/manifests/metrics-server/metrics-apiservice.yaml\""
2025-01-29 00:59:49,681 INFO c.h.h.t.OperatorHelmChartContainer - [K3S] [event.go:389] "Event occurred" object="kube-system/metrics-server-deployment" fieldPath="" kind="Addon" apiVersion="k3s.cattle.io/v1" type="Normal" reason="ApplyingManifest" message="Applying manifest at \"/var/lib/rancher/k3s/server/manifests/metrics-server/metrics-server-deployment.yaml\""
2025-01-29 00:59:49,681 INFO c.h.h.t.OperatorHelmChartContainer - [K3S] [handler_proxy.go:99] no RequestInfo found in the context
2025-01-29 00:59:49,682 INFO c.h.h.t.OperatorHelmChartContainer - [K3S] [controller.go:146] "Unhandled Error" err=<
2025-01-29 00:59:49,682 INFO c.h.h.t.OperatorHelmChartContainer - [K3S] 	, Header: map[Content-Type:[text/plain; charset=utf-8] X-Content-Type-Options:[nosniff]]
2025-01-29 00:59:49,682 INFO c.h.h.t.OperatorHelmChartContainer - [K3S]  >
2025-01-29 00:59:49,682 INFO c.h.h.t.OperatorHelmChartContainer - [K3S] [handler_proxy.go:143] error resolving kube-system/metrics-server: service "metrics-server" not found
2025-01-29 00:59:49,690 INFO c.h.h.t.OperatorHelmChartContainer - [K3S] [event.go:389] "Event occurred" object="kube-system/metrics-server-deployment" fieldPath="" kind="Addon" apiVersion="k3s.cattle.io/v1" type="Normal" reason="AppliedManifest" message="Applied manifest at \"/var/lib/rancher/k3s/server/manifests/metrics-server/metrics-server-deployment.yaml\""
2025-01-29 00:59:49,695 INFO c.h.h.t.OperatorHelmChartContainer - [K3S] [event.go:389] "Event occurred" object="kube-system/metrics-server-service" fieldPath="" kind="Addon" apiVersion="k3s.cattle.io/v1" type="Normal" reason="ApplyingManifest" message="Applying manifest at \"/var/lib/rancher/k3s/server/manifests/metrics-server/metrics-server-service.yaml\""
2025-01-29 00:59:49,701 INFO c.h.h.t.OperatorHelmChartContainer - [K3S] [alloc.go:330] "allocated clusterIPs" service="kube-system/metrics-server" clusterIPs={"IPv4":"10.43.240.160"}
2025-01-29 00:59:49,701 INFO c.h.h.t.OperatorHelmChartContainer - [K3S] [event.go:389] "Event occurred" object="kube-system/metrics-server-service" fieldPath="" kind="Addon" apiVersion="k3s.cattle.io/v1" type="Normal" reason="AppliedManifest" message="Applied manifest at \"/var/lib/rancher/k3s/server/manifests/metrics-server/metrics-server-service.yaml\""
2025-01-29 00:59:49,706 INFO c.h.h.t.OperatorHelmChartContainer - [K3S] [handler_proxy.go:99] no RequestInfo found in the context
2025-01-29 00:59:49,706 INFO c.h.h.t.OperatorHelmChartContainer - [K3S] [controller.go:146] "Unhandled Error" err=<
2025-01-29 00:59:49,706 INFO c.h.h.t.OperatorHelmChartContainer - [K3S] 	, Header: map[Content-Type:[text/plain; charset=utf-8] X-Content-Type-Options:[nosniff]]
2025-01-29 00:59:49,706 INFO c.h.h.t.OperatorHelmChartContainer - [K3S]  >
2025-01-29 00:59:49,707 INFO c.h.h.t.OperatorHelmChartContainer - [K3S] [handler_proxy.go:143] error resolving kube-system/metrics-server: endpoints "metrics-server" not found
2025-01-29 00:59:49,708 INFO c.h.h.t.OperatorHelmChartContainer - [K3S] [event.go:389] "Event occurred" object="kube-system/resource-reader" fieldPath="" kind="Addon" apiVersion="k3s.cattle.io/v1" type="Normal" reason="ApplyingManifest" message="Applying manifest at \"/var/lib/rancher/k3s/server/manifests/metrics-server/resource-reader.yaml\""
2025-01-29 00:59:49,757 INFO c.h.h.t.OperatorHelmChartContainer - [K3S] [event.go:389] "Event occurred" object="kube-system/resource-reader" fieldPath="" kind="Addon" apiVersion="k3s.cattle.io/v1" type="Normal" reason="AppliedManifest" message="Applied manifest at \"/var/lib/rancher/k3s/server/manifests/metrics-server/resource-reader.yaml\""
2025-01-29 00:59:49,762 INFO c.h.h.t.OperatorHelmChartContainer - [K3S] [event.go:389] "Event occurred" object="kube-system/rolebindings" fieldPath="" kind="Addon" apiVersion="k3s.cattle.io/v1" type="Normal" reason="ApplyingManifest" message="Applying manifest at \"/var/lib/rancher/k3s/server/manifests/rolebindings.yaml\""
2025-01-29 00:59:49,865 INFO c.h.h.t.OperatorHelmChartContainer - [K3S] [event.go:389] "Event occurred" object="kube-system/rolebindings" fieldPath="" kind="Addon" apiVersion="k3s.cattle.io/v1" type="Normal" reason="AppliedManifest" message="Applied manifest at \"/var/lib/rancher/k3s/server/manifests/rolebindings.yaml\""
2025-01-29 00:59:49,866 INFO c.h.h.t.OperatorHelmChartContainer - [K3S] [controllermanager.go:765] "Started controller" controller="disruption-controller"
2025-01-29 00:59:49,866 INFO c.h.h.t.OperatorHelmChartContainer - [K3S] [controllermanager.go:723] "Skipping a cloud provider controller" controller="node-route-controller"
2025-01-29 00:59:49,866 INFO c.h.h.t.OperatorHelmChartContainer - [K3S] [controllermanager.go:723] "Skipping a cloud provider controller" controller="cloud-node-lifecycle-controller"
2025-01-29 00:59:49,866 INFO c.h.h.t.OperatorHelmChartContainer - [K3S] [disruption.go:452] "Sending events to api server."
2025-01-29 00:59:49,866 INFO c.h.h.t.OperatorHelmChartContainer - [K3S] [disruption.go:463] "Starting disruption controller"
2025-01-29 00:59:49,871 INFO c.h.h.t.OperatorHelmChartContainer - [K3S] [event.go:389] "Event occurred" object="kube-system/runtimes" fieldPath="" kind="Addon" apiVersion="k3s.cattle.io/v1" type="Normal" reason="ApplyingManifest" message="Applying manifest at \"/var/lib/rancher/k3s/server/manifests/runtimes.yaml\""
2025-01-29 00:59:49,894 INFO c.h.h.t.OperatorHelmChartContainer - [K3S] [event.go:389] "Event occurred" object="kube-system/runtimes" fieldPath="" kind="Addon" apiVersion="k3s.cattle.io/v1" type="Normal" reason="AppliedManifest" message="Applied manifest at \"/var/lib/rancher/k3s/server/manifests/runtimes.yaml\""
2025-01-29 00:59:50,016 INFO c.h.h.t.OperatorHelmChartContainer - [K3S] [controllermanager.go:765] "Started controller" controller="persistentvolume-expander-controller"
2025-01-29 00:59:50,016 INFO c.h.h.t.OperatorHelmChartContainer - [K3S] [controllermanager.go:717] "Controller is disabled by a feature gate" controller="storageversion-garbage-collector-controller" requiredFeatureGates=["APIServerIdentity","StorageVersionAPI"]
2025-01-29 00:59:50,016 INFO c.h.h.t.OperatorHelmChartContainer - [K3S] [controllermanager.go:717] "Controller is disabled by a feature gate" controller="service-cidr-controller" requiredFeatureGates=["MultiCIDRServiceAllocator"]
2025-01-29 00:59:50,016 INFO c.h.h.t.OperatorHelmChartContainer - [K3S] [expand_controller.go:329] "Starting expand controller"
2025-01-29 00:59:50,167 INFO c.h.h.t.OperatorHelmChartContainer - [K3S] [controllermanager.go:765] "Started controller" controller="pod-garbage-collector-controller"
2025-01-29 00:59:50,167 INFO c.h.h.t.OperatorHelmChartContainer - [K3S] [gc_controller.go:99] "Starting GC controller"
2025-01-29 00:59:50,272 INFO c.h.h.t.OperatorHelmChartContainer - [K3S] [INFO] Tunnel authorizer set Kubelet Port 0.0.0.0:10250
2025-01-29 00:59:50,380 INFO c.h.h.t.OperatorHelmChartContainer - [K3S] [serving.go:392] Generated self-signed cert in-memory
2025-01-29 00:59:50,416 INFO c.h.h.t.OperatorHelmChartContainer - [K3S] [controllermanager.go:765] "Started controller" controller="garbage-collector-controller"
2025-01-29 00:59:50,416 INFO c.h.h.t.OperatorHelmChartContainer - [K3S] [graph_builder.go:351] "Running" component="GraphBuilder"
2025-01-29 00:59:50,666 INFO c.h.h.t.OperatorHelmChartContainer - [K3S] [controllermanager.go:765] "Started controller" controller="replicaset-controller"
2025-01-29 00:59:50,666 INFO c.h.h.t.OperatorHelmChartContainer - [K3S] [replica_set.go:217] "Starting controller" name="replicaset"
2025-01-29 00:59:50,676 INFO c.h.h.t.OperatorHelmChartContainer - [K3S] [handler_proxy.go:99] no RequestInfo found in the context
2025-01-29 00:59:50,676 INFO c.h.h.t.OperatorHelmChartContainer - [K3S] [handler_proxy.go:99] no RequestInfo found in the context
2025-01-29 00:59:50,676 INFO c.h.h.t.OperatorHelmChartContainer - [K3S] [controller.go:102] "Unhandled Error" err=<
2025-01-29 00:59:50,676 INFO c.h.h.t.OperatorHelmChartContainer - [K3S] 	, Header: map[Content-Type:[text/plain; charset=utf-8] X-Content-Type-Options:[nosniff]]
2025-01-29 00:59:50,676 INFO c.h.h.t.OperatorHelmChartContainer - [K3S]  >
2025-01-29 00:59:50,718 INFO c.h.h.t.OperatorHelmChartContainer - [K3S] [controllermanager.go:765] "Started controller" controller="certificatesigningrequest-signing-controller"
2025-01-29 00:59:50,718 INFO c.h.h.t.OperatorHelmChartContainer - [K3S] [certificate_controller.go:120] "Starting certificate controller" name="csrsigning-legacy-unknown"
2025-01-29 00:59:50,718 INFO c.h.h.t.OperatorHelmChartContainer - [K3S] [certificate_controller.go:120] "Starting certificate controller" name="csrsigning-kubelet-client"
2025-01-29 00:59:50,718 INFO c.h.h.t.OperatorHelmChartContainer - [K3S] [certificate_controller.go:120] "Starting certificate controller" name="csrsigning-kube-apiserver-client"
2025-01-29 00:59:50,718 INFO c.h.h.t.OperatorHelmChartContainer - [K3S] [dynamic_serving_content.go:135] "Starting controller" name="csr-controller::/var/lib/rancher/k3s/server/tls/client-ca.nochain.crt::/var/lib/rancher/k3s/server/tls/client-ca.key"
2025-01-29 00:59:50,718 INFO c.h.h.t.OperatorHelmChartContainer - [K3S] [certificate_controller.go:120] "Starting certificate controller" name="csrsigning-kubelet-serving"
2025-01-29 00:59:50,718 INFO c.h.h.t.OperatorHelmChartContainer - [K3S] [dynamic_serving_content.go:135] "Starting controller" name="csr-controller::/var/lib/rancher/k3s/server/tls/client-ca.nochain.crt::/var/lib/rancher/k3s/server/tls/client-ca.key"
2025-01-29 00:59:50,718 INFO c.h.h.t.OperatorHelmChartContainer - [K3S] [dynamic_serving_content.go:135] "Starting controller" name="csr-controller::/var/lib/rancher/k3s/server/tls/server-ca.nochain.crt::/var/lib/rancher/k3s/server/tls/server-ca.key"
2025-01-29 00:59:50,718 INFO c.h.h.t.OperatorHelmChartContainer - [K3S] [dynamic_serving_content.go:135] "Starting controller" name="csr-controller::/var/lib/rancher/k3s/server/tls/server-ca.nochain.crt::/var/lib/rancher/k3s/server/tls/server-ca.key"
2025-01-29 00:59:50,720 INFO c.h.h.t.OperatorHelmChartContainer - [K3S] [serving.go:392] Generated self-signed cert in-memory
2025-01-29 00:59:50,867 INFO c.h.h.t.OperatorHelmChartContainer - [K3S] [controllermanager.go:765] "Started controller" controller="clusterrole-aggregation-controller"
2025-01-29 00:59:50,867 INFO c.h.h.t.OperatorHelmChartContainer - [K3S] [clusterroleaggregation_controller.go:194] "Starting ClusterRoleAggregator controller"
2025-01-29 00:59:51,017 INFO c.h.h.t.OperatorHelmChartContainer - [K3S] [controllermanager.go:765] "Started controller" controller="ttl-after-finished-controller"
2025-01-29 00:59:51,017 INFO c.h.h.t.OperatorHelmChartContainer - [K3S] [ttlafterfinished_controller.go:112] "Starting TTL after finished controller"
2025-01-29 00:59:51,066 INFO c.h.h.t.OperatorHelmChartContainer - [K3S] [controllermanager.go:765] "Started controller" controller="taint-eviction-controller"
2025-01-29 00:59:51,066 INFO c.h.h.t.OperatorHelmChartContainer - [K3S] [controllermanager.go:743] "Warning: skipping controller" controller="storage-version-migrator-controller"
2025-01-29 00:59:51,066 INFO c.h.h.t.OperatorHelmChartContainer - [K3S] [controllermanager.go:717] "Controller is disabled by a feature gate" controller="selinux-warning-controller" requiredFeatureGates=["SELinuxChangePolicy"]
2025-01-29 00:59:51,066 INFO c.h.h.t.OperatorHelmChartContainer - [K3S] [taint_eviction.go:281] "Starting" controller="taint-eviction-controller"
2025-01-29 00:59:51,066 INFO c.h.h.t.OperatorHelmChartContainer - [K3S] [taint_eviction.go:287] "Sending events to api server"
2025-01-29 00:59:51,078 INFO c.h.h.t.OperatorHelmChartContainer - [K3S] [actual_state_of_world.go:541] "Failed to update statusUpdateNeeded field in actual state of world" err="Failed to set statusUpdateNeeded to needed true, because nodeName=\"3f8ee143311f\" does not exist"
2025-01-29 00:59:51,120 INFO c.h.h.t.OperatorHelmChartContainer - [K3S] [range_allocator.go:177] "Sending events to api server"
2025-01-29 00:59:51,120 INFO c.h.h.t.OperatorHelmChartContainer - [K3S] [range_allocator.go:183] "Starting range CIDR allocator"
2025-01-29 00:59:51,124 INFO c.h.h.t.OperatorHelmChartContainer - [K3S] [range_allocator.go:428] "Set node PodCIDR" node="3f8ee143311f" podCIDRs=["10.42.0.0/24"]
2025-01-29 00:59:51,126 INFO c.h.h.t.OperatorHelmChartContainer - [K3S] [range_allocator.go:247] "Successfully synced" key="3f8ee143311f"
2025-01-29 00:59:51,126 INFO c.h.h.t.OperatorHelmChartContainer - [K3S] [INFO] Flannel found PodCIDR assigned for node 3f8ee143311f
2025-01-29 00:59:51,126 INFO c.h.h.t.OperatorHelmChartContainer - [K3S] [range_allocator.go:247] "Successfully synced" key="3f8ee143311f"
2025-01-29 00:59:51,126 INFO c.h.h.t.OperatorHelmChartContainer - [K3S] [INFO] The interface eth0 with ipv4 address 172.17.0.3 will be used by flannel
2025-01-29 00:59:51,126 INFO c.h.h.t.OperatorHelmChartContainer - [K3S] [kube.go:139] Waiting 10m0s for node controller to sync
2025-01-29 00:59:51,126 INFO c.h.h.t.OperatorHelmChartContainer - [K3S] [kube.go:469] Starting kube subnet manager
2025-01-29 00:59:51,127 INFO c.h.h.t.OperatorHelmChartContainer - [K3S] [INFO] Network policy controller waiting for removal of node.cloudprovider.kubernetes.io/uninitialized taint
2025-01-29 00:59:51,130 INFO c.h.h.t.OperatorHelmChartContainer - [K3S] [INFO] Updated coredns NodeHosts entry for 3f8ee143311f
2025-01-29 00:59:51,136 INFO c.h.h.t.OperatorHelmChartContainer - [K3S] [controllermanager.go:160] Version: v1.32.1+k3s1
2025-01-29 00:59:51,139 INFO c.h.h.t.OperatorHelmChartContainer - [K3S] [requestheader_controller.go:180] Starting RequestHeaderAuthRequestController
2025-01-29 00:59:51,139 INFO c.h.h.t.OperatorHelmChartContainer - [K3S] [configmap_cafile_content.go:205] "Starting controller" name="client-ca::kube-system::extension-apiserver-authentication::requestheader-client-ca-file"
2025-01-29 00:59:51,140 INFO c.h.h.t.OperatorHelmChartContainer - [K3S] [configmap_cafile_content.go:205] "Starting controller" name="client-ca::kube-system::extension-apiserver-authentication::client-ca-file"
2025-01-29 00:59:51,140 INFO c.h.h.t.OperatorHelmChartContainer - [K3S] [secure_serving.go:213] Serving securely on 127.0.0.1:10258
2025-01-29 00:59:51,140 INFO c.h.h.t.OperatorHelmChartContainer - [K3S] [tlsconfig.go:243] "Starting DynamicServingCertificateController"
2025-01-29 00:59:51,143 INFO c.h.h.t.OperatorHelmChartContainer - [K3S] [INFO] Creating service-lb-controller event broadcaster
2025-01-29 00:59:51,174 INFO c.h.h.t.OperatorHelmChartContainer - [K3S] [node_lifecycle_controller.go:1234] "Initializing eviction metric for zone" zone=""
2025-01-29 00:59:51,174 INFO c.h.h.t.OperatorHelmChartContainer - [K3S] [node_lifecycle_controller.go:886] "Missing timestamp for Node. Assuming now as a timestamp" node="3f8ee143311f"
2025-01-29 00:59:51,174 INFO c.h.h.t.OperatorHelmChartContainer - [K3S] [node_lifecycle_controller.go:1080] "Controller detected that zone is now in new state" zone="" newState="Normal"
2025-01-29 00:59:51,179 INFO c.h.h.t.OperatorHelmChartContainer - [K3S] [range_allocator.go:247] "Successfully synced" key="3f8ee143311f"
2025-01-29 00:59:51,255 INFO c.h.h.t.OperatorHelmChartContainer - [K3S] [INFO] Starting /v1, Kind=Node controller
2025-01-29 00:59:51,258 INFO c.h.h.t.OperatorHelmChartContainer - [K3S] [INFO] Starting /v1, Kind=Pod controller
2025-01-29 00:59:51,261 INFO c.h.h.t.OperatorHelmChartContainer - [K3S] [INFO] Starting apps/v1, Kind=DaemonSet controller
2025-01-29 00:59:51,265 INFO c.h.h.t.OperatorHelmChartContainer - [K3S] [controllermanager.go:306] "node-route-controller" is disabled
2025-01-29 00:59:51,265 INFO c.h.h.t.OperatorHelmChartContainer - [K3S] [INFO] Starting discovery.k8s.io/v1, Kind=EndpointSlice controller
2025-01-29 00:59:51,265 INFO c.h.h.t.OperatorHelmChartContainer - [K3S] [controllermanager.go:329] Started "cloud-node-controller"
2025-01-29 00:59:51,265 INFO c.h.h.t.OperatorHelmChartContainer - [K3S] [node_controller.go:176] Sending events to api server.
2025-01-29 00:59:51,265 INFO c.h.h.t.OperatorHelmChartContainer - [K3S] [node_controller.go:185] Waiting for informer caches to sync
2025-01-29 00:59:51,266 INFO c.h.h.t.OperatorHelmChartContainer - [K3S] [controllermanager.go:329] Started "cloud-node-lifecycle-controller"
2025-01-29 00:59:51,266 INFO c.h.h.t.OperatorHelmChartContainer - [K3S] [node_lifecycle_controller.go:112] Sending events to api server
2025-01-29 00:59:51,267 INFO c.h.h.t.OperatorHelmChartContainer - [K3S] [controllermanager.go:329] Started "service-lb-controller"
2025-01-29 00:59:51,267 INFO c.h.h.t.OperatorHelmChartContainer - [K3S] [controller.go:234] Starting service controller
2025-01-29 00:59:51,272 INFO c.h.h.t.OperatorHelmChartContainer - [K3S] [INFO] Started tunnel to 172.17.0.3:6443
2025-01-29 00:59:51,272 INFO c.h.h.t.OperatorHelmChartContainer - [K3S] [INFO] Stopped tunnel to 127.0.0.1:6443
2025-01-29 00:59:51,272 INFO c.h.h.t.OperatorHelmChartContainer - [K3S] [INFO] Connecting to proxy" url="wss://172.17.0.3:6443/v1-k3s/connect
2025-01-29 00:59:51,272 INFO c.h.h.t.OperatorHelmChartContainer - [K3S] [INFO] Proxy done" err="context canceled" url="wss://127.0.0.1:6443/v1-k3s/connect
2025-01-29 00:59:51,272 INFO c.h.h.t.OperatorHelmChartContainer - [K3S] [INFO] error in remotedialer server [400]: websocket: close 1006 (abnormal closure): unexpected EOF
2025-01-29 00:59:51,274 INFO c.h.h.t.OperatorHelmChartContainer - [K3S] [INFO] Handling backend connection request [3f8ee143311f]
2025-01-29 00:59:51,274 INFO c.h.h.t.OperatorHelmChartContainer - [K3S] [INFO] Remotedialer connected to proxy" url="wss://172.17.0.3:6443/v1-k3s/connect
2025-01-29 00:59:51,366 INFO c.h.h.t.OperatorHelmChartContainer - [K3S] [node_controller.go:429] Initializing node 3f8ee143311f with cloud provider
2025-01-29 00:59:51,370 INFO c.h.h.t.OperatorHelmChartContainer - [K3S] [node_controller.go:474] Successfully initialized node 3f8ee143311f with cloud provider
2025-01-29 00:59:51,370 INFO c.h.h.t.OperatorHelmChartContainer - [K3S] [event.go:389] "Event occurred" object="3f8ee143311f" fieldPath="" kind="Node" apiVersion="v1" type="Normal" reason="Synced" message="Node synced successfully"
2025-01-29 00:59:51,371 INFO c.h.h.t.OperatorHelmChartContainer - [K3S] [range_allocator.go:247] "Successfully synced" key="3f8ee143311f"
2025-01-29 00:59:51,571 INFO c.h.h.t.OperatorHelmChartContainer - [K3S] [range_allocator.go:247] "Successfully synced" key="3f8ee143311f"
2025-01-29 00:59:51,610 INFO c.h.h.t.OperatorHelmChartContainer - [K3S] [serving.go:392] Generated self-signed cert in-memory
2025-01-29 00:59:51,873 INFO c.h.h.t.OperatorHelmChartContainer - [K3S] [handler_proxy.go:99] no RequestInfo found in the context
2025-01-29 00:59:51,874 INFO c.h.h.t.OperatorHelmChartContainer - [K3S] [controller.go:146] "Unhandled Error" err=<
2025-01-29 00:59:51,874 INFO c.h.h.t.OperatorHelmChartContainer - [K3S] 	, Header: map[Content-Type:[text/plain; charset=utf-8] X-Content-Type-Options:[nosniff]]
2025-01-29 00:59:51,874 INFO c.h.h.t.OperatorHelmChartContainer - [K3S]  >
2025-01-29 00:59:51,875 INFO c.h.h.t.OperatorHelmChartContainer - [K3S] [handler_proxy.go:143] error resolving kube-system/metrics-server: no endpoints available for service "metrics-server"
2025-01-29 00:59:51,945 INFO c.h.h.t.OperatorHelmChartContainer - [K3S] [server.go:164] "Starting Kubernetes Scheduler" version="v1.32.1+k3s1"
2025-01-29 00:59:51,945 INFO c.h.h.t.OperatorHelmChartContainer - [K3S] [server.go:166] "Golang settings" GOGC="" GOMAXPROCS="" GOTRACEBACK=""
2025-01-29 00:59:51,947 INFO c.h.h.t.OperatorHelmChartContainer - [K3S] [requestheader_controller.go:180] Starting RequestHeaderAuthRequestController
2025-01-29 00:59:51,947 INFO c.h.h.t.OperatorHelmChartContainer - [K3S] [configmap_cafile_content.go:205] "Starting controller" name="client-ca::kube-system::extension-apiserver-authentication::client-ca-file"
2025-01-29 00:59:51,947 INFO c.h.h.t.OperatorHelmChartContainer - [K3S] [configmap_cafile_content.go:205] "Starting controller" name="client-ca::kube-system::extension-apiserver-authentication::requestheader-client-ca-file"
2025-01-29 00:59:51,951 INFO c.h.h.t.OperatorHelmChartContainer - [K3S] [tlsconfig.go:243] "Starting DynamicServingCertificateController"
2025-01-29 00:59:51,951 INFO c.h.h.t.OperatorHelmChartContainer - [K3S] [secure_serving.go:213] Serving securely on 127.0.0.1:10259
2025-01-29 00:59:51,977 INFO c.h.h.t.OperatorHelmChartContainer - [K3S] [replica_set.go:679] "Finished syncing" kind="ReplicaSet" key="kube-system/local-path-provisioner-698b58967b" duration="354.173369ms"
2025-01-29 00:59:51,979 INFO c.h.h.t.OperatorHelmChartContainer - [K3S] [replica_set.go:679] "Finished syncing" kind="ReplicaSet" key="kube-system/coredns-ff8999cc5" duration="356.309318ms"
2025-01-29 00:59:51,980 INFO c.h.h.t.OperatorHelmChartContainer - [K3S] [replica_set.go:679] "Finished syncing" kind="ReplicaSet" key="kube-system/metrics-server-8584b5786c" duration="358.028327ms"
2025-01-29 00:59:51,981 INFO c.h.h.t.OperatorHelmChartContainer - [K3S] [replica_set.go:679] "Finished syncing" kind="ReplicaSet" key="kube-system/local-path-provisioner-698b58967b" duration="4.564219ms"
2025-01-29 00:59:51,982 INFO c.h.h.t.OperatorHelmChartContainer - [K3S] [replica_set.go:679] "Finished syncing" kind="ReplicaSet" key="kube-system/local-path-provisioner-698b58967b" duration="278.573µs"
2025-01-29 00:59:51,983 INFO c.h.h.t.OperatorHelmChartContainer - [K3S] [replica_set.go:679] "Finished syncing" kind="ReplicaSet" key="kube-system/coredns-ff8999cc5" duration="4.194167ms"
2025-01-29 00:59:51,984 INFO c.h.h.t.OperatorHelmChartContainer - [K3S] [replica_set.go:679] "Finished syncing" kind="ReplicaSet" key="kube-system/coredns-ff8999cc5" duration="32.591µs"
2025-01-29 00:59:51,985 INFO c.h.h.t.OperatorHelmChartContainer - [K3S] [replica_set.go:679] "Finished syncing" kind="ReplicaSet" key="kube-system/metrics-server-8584b5786c" duration="4.204521ms"
2025-01-29 00:59:51,986 INFO c.h.h.t.OperatorHelmChartContainer - [K3S] [replica_set.go:679] "Finished syncing" kind="ReplicaSet" key="kube-system/metrics-server-8584b5786c" duration="24.496µs"
2025-01-29 00:59:52,053 INFO c.h.h.t.OperatorHelmChartContainer - [K3S] [replica_set.go:679] "Finished syncing" kind="ReplicaSet" key="kube-system/local-path-provisioner-698b58967b" duration="28.864µs"
2025-01-29 00:59:52,053 INFO c.h.h.t.OperatorHelmChartContainer - [K3S] [replica_set.go:679] "Finished syncing" kind="ReplicaSet" key="kube-system/metrics-server-8584b5786c" duration="24.897µs"
2025-01-29 00:59:52,054 INFO c.h.h.t.OperatorHelmChartContainer - [K3S] [replica_set.go:679] "Finished syncing" kind="ReplicaSet" key="kube-system/coredns-ff8999cc5" duration="26.681µs"
2025-01-29 00:59:52,073 INFO c.h.h.t.OperatorHelmChartContainer - [K3S] [replica_set.go:679] "Finished syncing" kind="ReplicaSet" key="kube-system/coredns-ff8999cc5" duration="31.029µs"
2025-01-29 00:59:52,078 INFO c.h.h.t.OperatorHelmChartContainer - [K3S] [replica_set.go:679] "Finished syncing" kind="ReplicaSet" key="kube-system/local-path-provisioner-698b58967b" duration="22.943µs"
2025-01-29 00:59:52,084 INFO c.h.h.t.OperatorHelmChartContainer - [K3S] [replica_set.go:679] "Finished syncing" kind="ReplicaSet" key="kube-system/metrics-server-8584b5786c" duration="21.651µs"
2025-01-29 00:59:52,124 INFO c.h.h.t.OperatorHelmChartContainer - [K3S] [reconciler_common.go:251] "operationExecutor.VerifyControllerAttachedVolume started for volume \"kube-api-access-qlrzf\" (UniqueName: \"kubernetes.io/projected/a4f15295-25b5-419c-9c6e-97f82543699b-kube-api-access-qlrzf\") pod \"metrics-server-8584b5786c-79mff\" (UID: \"a4f15295-25b5-419c-9c6e-97f82543699b\") " pod="kube-system/metrics-server-8584b5786c-79mff"
2025-01-29 00:59:52,124 INFO c.h.h.t.OperatorHelmChartContainer - [K3S] [reconciler_common.go:251] "operationExecutor.VerifyControllerAttachedVolume started for volume \"config-volume\" (UniqueName: \"kubernetes.io/configmap/6ff89808-2666-4b17-ba55-8d2027001e32-config-volume\") pod \"coredns-ff8999cc5-psdg5\" (UID: \"6ff89808-2666-4b17-ba55-8d2027001e32\") " pod="kube-system/coredns-ff8999cc5-psdg5"
2025-01-29 00:59:52,124 INFO c.h.h.t.OperatorHelmChartContainer - [K3S] [reconciler_common.go:251] "operationExecutor.VerifyControllerAttachedVolume started for volume \"custom-config-volume\" (UniqueName: \"kubernetes.io/configmap/6ff89808-2666-4b17-ba55-8d2027001e32-custom-config-volume\") pod \"coredns-ff8999cc5-psdg5\" (UID: \"6ff89808-2666-4b17-ba55-8d2027001e32\") " pod="kube-system/coredns-ff8999cc5-psdg5"
2025-01-29 00:59:52,124 INFO c.h.h.t.OperatorHelmChartContainer - [K3S] [reconciler_common.go:251] "operationExecutor.VerifyControllerAttachedVolume started for volume \"kube-api-access-6f2wh\" (UniqueName: \"kubernetes.io/projected/6ff89808-2666-4b17-ba55-8d2027001e32-kube-api-access-6f2wh\") pod \"coredns-ff8999cc5-psdg5\" (UID: \"6ff89808-2666-4b17-ba55-8d2027001e32\") " pod="kube-system/coredns-ff8999cc5-psdg5"
2025-01-29 00:59:52,124 INFO c.h.h.t.OperatorHelmChartContainer - [K3S] [reconciler_common.go:251] "operationExecutor.VerifyControllerAttachedVolume started for volume \"config-volume\" (UniqueName: \"kubernetes.io/configmap/3316cbbf-944f-4c75-a117-eda45e1493b6-config-volume\") pod \"local-path-provisioner-698b58967b-knjn2\" (UID: \"3316cbbf-944f-4c75-a117-eda45e1493b6\") " pod="kube-system/local-path-provisioner-698b58967b-knjn2"
2025-01-29 00:59:52,125 INFO c.h.h.t.OperatorHelmChartContainer - [K3S] [reconciler_common.go:251] "operationExecutor.VerifyControllerAttachedVolume started for volume \"kube-api-access-sqxxl\" (UniqueName: \"kubernetes.io/projected/3316cbbf-944f-4c75-a117-eda45e1493b6-kube-api-access-sqxxl\") pod \"local-path-provisioner-698b58967b-knjn2\" (UID: \"3316cbbf-944f-4c75-a117-eda45e1493b6\") " pod="kube-system/local-path-provisioner-698b58967b-knjn2"
2025-01-29 00:59:52,125 INFO c.h.h.t.OperatorHelmChartContainer - [K3S] [reconciler_common.go:251] "operationExecutor.VerifyControllerAttachedVolume started for volume \"tmp-dir\" (UniqueName: \"kubernetes.io/empty-dir/a4f15295-25b5-419c-9c6e-97f82543699b-tmp-dir\") pod \"metrics-server-8584b5786c-79mff\" (UID: \"a4f15295-25b5-419c-9c6e-97f82543699b\") " pod="kube-system/metrics-server-8584b5786c-79mff"
2025-01-29 00:59:52,126 INFO c.h.h.t.OperatorHelmChartContainer - [K3S] [kube.go:146] Node controller sync successful
2025-01-29 00:59:52,126 INFO c.h.h.t.OperatorHelmChartContainer - [K3S] [vxlan.go:141] VXLAN config: VNI=1 Port=0 GBP=false Learning=false DirectRouting=false
2025-01-29 00:59:52,129 INFO c.h.h.t.OperatorHelmChartContainer - [K3S] [kube.go:636] List of node(3f8ee143311f) annotations: map[string]string{"alpha.kubernetes.io/provided-node-ip":"172.17.0.3", "k3s.io/hostname":"3f8ee143311f", "k3s.io/internal-ip":"172.17.0.3", "k3s.io/node-args":"[\"server\",\"--disable\",\"traefik\",\"--tls-san\",\"localhost\"]", "k3s.io/node-config-hash":"JO7YSLDHXFTIIPZLLVI7GVGPULZK5EY6PYXUBKR6RNNG4QMX5FBQ====", "k3s.io/node-env":"{}", "node.alpha.kubernetes.io/ttl":"0", "volumes.kubernetes.io/controller-managed-attach-detach":"true"}
2025-01-29 00:59:52,134 INFO c.h.h.t.OperatorHelmChartContainer - [K3S] [kube.go:490] Creating the node lease for IPv4. This is the n.Spec.PodCIDRs: [10.42.0.0/24]
2025-01-29 00:59:52,134 INFO c.h.h.t.OperatorHelmChartContainer - [K3S] [range_allocator.go:247] "Successfully synced" key="3f8ee143311f"
2025-01-29 00:59:52,134 INFO c.h.h.t.OperatorHelmChartContainer - [K3S] [iptables.go:51] Starting flannel in iptables mode...
2025-01-29 00:59:52,135 INFO c.h.h.t.OperatorHelmChartContainer - [K3S] [WARNING] no subnet found for key: FLANNEL_NETWORK in file: /run/flannel/subnet.env
2025-01-29 00:59:52,135 INFO c.h.h.t.OperatorHelmChartContainer - [K3S] [WARNING] no subnet found for key: FLANNEL_SUBNET in file: /run/flannel/subnet.env
2025-01-29 00:59:52,135 INFO c.h.h.t.OperatorHelmChartContainer - [K3S] [WARNING] no subnet found for key: FLANNEL_IPV6_NETWORK in file: /run/flannel/subnet.env
2025-01-29 00:59:52,135 INFO c.h.h.t.OperatorHelmChartContainer - [K3S] [WARNING] no subnet found for key: FLANNEL_IPV6_SUBNET in file: /run/flannel/subnet.env
2025-01-29 00:59:52,135 INFO c.h.h.t.OperatorHelmChartContainer - [K3S] [iptables.go:115] Current network or subnet (10.42.0.0/16, 10.42.0.0/24) is not equal to previous one (0.0.0.0/0, 0.0.0.0/0), trying to recycle old iptables rules
2025-01-29 00:59:52,142 INFO c.h.h.t.OperatorHelmChartContainer - [K3S] [iptables.go:125] Setting up masking rules
2025-01-29 00:59:52,144 INFO c.h.h.t.OperatorHelmChartContainer - [K3S] [iptables.go:226] Changing default FORWARD chain policy to ACCEPT
2025-01-29 00:59:52,145 INFO c.h.h.t.OperatorHelmChartContainer - [K3S] [INFO] Wrote flannel subnet file to /run/flannel/subnet.env
2025-01-29 00:59:52,146 INFO c.h.h.t.OperatorHelmChartContainer - [K3S] [INFO] Running flannel backend.
2025-01-29 00:59:52,146 INFO c.h.h.t.OperatorHelmChartContainer - [K3S] [vxlan_network.go:65] watching for new subnet leases
2025-01-29 00:59:52,154 INFO c.h.h.t.OperatorHelmChartContainer - [K3S] [iptables.go:372] bootstrap done
2025-01-29 00:59:52,159 INFO c.h.h.t.OperatorHelmChartContainer - [K3S] [iptables.go:372] bootstrap done
2025-01-29 00:59:52,875 INFO c.h.h.t.OperatorHelmChartContainer - [K3S] [handler_proxy.go:99] no RequestInfo found in the context
2025-01-29 00:59:52,875 INFO c.h.h.t.OperatorHelmChartContainer - [K3S] [controller.go:102] "Unhandled Error" err=<
2025-01-29 00:59:52,875 INFO c.h.h.t.OperatorHelmChartContainer - [K3S] 	, Header: map[Content-Type:[text/plain; charset=utf-8] X-Content-Type-Options:[nosniff]]
2025-01-29 00:59:52,875 INFO c.h.h.t.OperatorHelmChartContainer - [K3S]  >
2025-01-29 00:59:52,875 INFO c.h.h.t.OperatorHelmChartContainer - [K3S] [handler_proxy.go:99] no RequestInfo found in the context
2025-01-29 00:59:53,235 INFO c.h.h.t.OperatorHelmChartContainer - [K3S] [INFO] Starting network policy controller version v2.2.1, built on 2025-01-28T18:27:08Z, go1.23.4
2025-01-29 00:59:53,237 INFO c.h.h.t.OperatorHelmChartContainer - [K3S] [network_policy_controller.go:164] Starting network policy controller
2025-01-29 00:59:53,275 INFO c.h.h.t.OperatorHelmChartContainer - [K3S] [network_policy_controller.go:176] Starting network policy controller full sync goroutine
2025-01-29 00:59:55,381 INFO c.h.h.t.OperatorHelmChartContainer - [K3S] [replica_set.go:679] "Finished syncing" kind="ReplicaSet" key="kube-system/local-path-provisioner-698b58967b" duration="4.425239ms"
2025-01-29 00:59:55,381 INFO c.h.h.t.OperatorHelmChartContainer - [K3S] [replica_set.go:679] "Finished syncing" kind="ReplicaSet" key="kube-system/local-path-provisioner-698b58967b" duration="23.694µs"
2025-01-29 00:59:56,377 INFO c.h.h.t.OperatorHelmChartContainer - [K3S] [replica_set.go:679] "Finished syncing" kind="ReplicaSet" key="kube-system/metrics-server-8584b5786c" duration="40.887µs"
2025-01-29 00:59:56,391 INFO c.h.h.t.OperatorHelmChartContainer - [K3S] [replica_set.go:679] "Finished syncing" kind="ReplicaSet" key="kube-system/coredns-ff8999cc5" duration="5.389381ms"
2025-01-29 00:59:56,396 INFO c.h.h.t.OperatorHelmChartContainer - [K3S] [replica_set.go:679] "Finished syncing" kind="ReplicaSet" key="kube-system/coredns-ff8999cc5" duration="120.897µs"
2025-01-29 00:59:56,852 INFO c.h.h.t.OperatorHelmChartContainer - [K3S] [kuberuntime_manager.go:1702] "Updating runtime config through cri with podcidr" CIDR="10.42.0.0/24"
2025-01-29 00:59:56,852 INFO c.h.h.t.OperatorHelmChartContainer - [K3S] [kubelet_network.go:61] "Updating Pod CIDR" originalPodCIDR="" newPodCIDR="10.42.0.0/24"
2025-01-29 00:59:56,858 INFO c.h.h.t.OperatorHelmChartContainer - [K3S] [range_allocator.go:247] "Successfully synced" key="3f8ee143311f"
2025-01-29 01:00:08,154 INFO c.h.h.t.OperatorHelmChartContainer - [K3S] [alloc.go:330] "allocated clusterIPs" service="default/local-hivemq-hivemq-operator-operator" clusterIPs={"IPv4":"10.43.196.226"}
2025-01-29 01:00:08,195 INFO c.h.h.t.OperatorHelmChartContainer - [K3S] [replica_set.go:679] "Finished syncing" kind="ReplicaSet" key="default/local-hivemq-hivemq-operator-operator-6b564f6db4" duration="26.619125ms"
2025-01-29 01:00:08,218 INFO c.h.h.t.OperatorHelmChartContainer - [K3S] [replica_set.go:679] "Finished syncing" kind="ReplicaSet" key="default/local-hivemq-hivemq-operator-operator-6b564f6db4" duration="23.496343ms"
2025-01-29 01:00:08,223 INFO c.h.h.t.OperatorHelmChartContainer - [K3S] [reconciler_common.go:251] "operationExecutor.VerifyControllerAttachedVolume started for volume \"kube-api-access-fqvbs\" (UniqueName: \"kubernetes.io/projected/ea8fe1db-19c0-4096-ad20-03f8c9b35434-kube-api-access-fqvbs\") pod \"local-hivemq-hivemq-operator-operator-6b564f6db4-4qjpf\" (UID: \"ea8fe1db-19c0-4096-ad20-03f8c9b35434\") " pod="default/local-hivemq-hivemq-operator-operator-6b564f6db4-4qjpf"
2025-01-29 01:00:08,224 INFO c.h.h.t.OperatorHelmChartContainer - [K3S] [reconciler_common.go:251] "operationExecutor.VerifyControllerAttachedVolume started for volume \"templates\" (UniqueName: \"kubernetes.io/configmap/ea8fe1db-19c0-4096-ad20-03f8c9b35434-templates\") pod \"local-hivemq-hivemq-operator-operator-6b564f6db4-4qjpf\" (UID: \"ea8fe1db-19c0-4096-ad20-03f8c9b35434\") " pod="default/local-hivemq-hivemq-operator-operator-6b564f6db4-4qjpf"
2025-01-29 01:00:08,235 INFO c.h.h.t.OperatorHelmChartContainer - [K3S] [replica_set.go:679] "Finished syncing" kind="ReplicaSet" key="default/local-hivemq-hivemq-operator-operator-6b564f6db4" duration="19.465691ms"
2025-01-29 01:00:08,235 INFO c.h.h.t.OperatorHelmChartContainer - [K3S] [replica_set.go:679] "Finished syncing" kind="ReplicaSet" key="default/local-hivemq-hivemq-operator-operator-6b564f6db4" duration="48.752µs"
2025-01-29 01:00:08,287 DEBUG c.h.h.t.OperatorHelmChartContainer - Chart 'local-hivemq' installed or upgraded
2025-01-29 01:00:10,402 INFO c.h.h.t.OperatorHelmChartContainer - [K3S] [replica_set.go:679] "Finished syncing" kind="ReplicaSet" key="default/local-hivemq-hivemq-operator-operator-6b564f6db4" duration="4.432684ms"
2025-01-29 01:00:10,403 INFO c.h.h.t.OperatorHelmChartContainer - [K3S] [replica_set.go:679] "Finished syncing" kind="ReplicaSet" key="default/local-hivemq-hivemq-operator-operator-6b564f6db4" duration="28.263µs"
2025-01-29 01:00:12,389 INFO c.h.h.t.OperatorHelmChartContainer - [K3S] [replica_set.go:679] "Finished syncing" kind="ReplicaSet" key="kube-system/metrics-server-8584b5786c" duration="6.595223ms"
2025-01-29 01:00:12,390 INFO c.h.h.t.OperatorHelmChartContainer - [K3S] [replica_set.go:679] "Finished syncing" kind="ReplicaSet" key="kube-system/metrics-server-8584b5786c" duration="28.092µs"
2025-01-29 01:00:16,565 INFO c.h.h.t.OperatorHelmChartContainer - [K3S] [alloc.go:330] "allocated clusterIPs" service="default/hivemq-local-hivemq-cc" clusterIPs={"IPv4":"10.43.123.173"}
2025-01-29 01:00:16,569 INFO c.h.h.t.OperatorHelmChartContainer - [K3S] [alloc.go:330] "allocated clusterIPs" service="default/hivemq-local-hivemq-mqtt" clusterIPs={"IPv4":"10.43.214.94"}
2025-01-29 01:00:16,855 DEBUG com.hivemq.helmcharts.util.K8sUtil - State to compare Pending and waiting for Running
2025-01-29 01:00:17,525 INFO c.h.h.t.OperatorHelmChartContainer - [K3S] [range_allocator.go:247] "Successfully synced" key="3f8ee143311f"
2025-01-29 01:00:17,862 DEBUG com.hivemq.helmcharts.util.K8sUtil - State to compare Pending and waiting for Running
2025-01-29 01:00:18,387 INFO c.h.h.t.OperatorHelmChartContainer - [K3S] [reconciler_common.go:251] "operationExecutor.VerifyControllerAttachedVolume started for volume \"data\" (UniqueName: \"kubernetes.io/host-path/d5d9abfc-a7e0-41dd-acc3-4782e67363b2-data\") pod \"helper-pod-create-pvc-b6cae1a6-d182-41b5-be1a-55ff1ca841ea\" (UID: \"d5d9abfc-a7e0-41dd-acc3-4782e67363b2\") " pod="kube-system/helper-pod-create-pvc-b6cae1a6-d182-41b5-be1a-55ff1ca841ea"
2025-01-29 01:00:18,387 INFO c.h.h.t.OperatorHelmChartContainer - [K3S] [reconciler_common.go:251] "operationExecutor.VerifyControllerAttachedVolume started for volume \"kube-api-access-9d5jc\" (UniqueName: \"kubernetes.io/projected/d5d9abfc-a7e0-41dd-acc3-4782e67363b2-kube-api-access-9d5jc\") pod \"helper-pod-create-pvc-b6cae1a6-d182-41b5-be1a-55ff1ca841ea\" (UID: \"d5d9abfc-a7e0-41dd-acc3-4782e67363b2\") " pod="kube-system/helper-pod-create-pvc-b6cae1a6-d182-41b5-be1a-55ff1ca841ea"
2025-01-29 01:00:18,387 INFO c.h.h.t.OperatorHelmChartContainer - [K3S] [reconciler_common.go:251] "operationExecutor.VerifyControllerAttachedVolume started for volume \"script\" (UniqueName: \"kubernetes.io/configmap/d5d9abfc-a7e0-41dd-acc3-4782e67363b2-script\") pod \"helper-pod-create-pvc-b6cae1a6-d182-41b5-be1a-55ff1ca841ea\" (UID: \"d5d9abfc-a7e0-41dd-acc3-4782e67363b2\") " pod="kube-system/helper-pod-create-pvc-b6cae1a6-d182-41b5-be1a-55ff1ca841ea"
2025-01-29 01:00:18,853 DEBUG com.hivemq.helmcharts.util.K8sUtil - State to compare Pending and waiting for Running
2025-01-29 01:00:19,348 DEBUG com.hivemq.helmcharts.util.K8sUtil - State to compare Updating and waiting for Running
2025-01-29 01:00:21,505 INFO c.h.h.t.OperatorHelmChartContainer - [K3S] [reconciler_common.go:162] "operationExecutor.UnmountVolume started for volume \"data\" (UniqueName: \"kubernetes.io/host-path/d5d9abfc-a7e0-41dd-acc3-4782e67363b2-data\") pod \"d5d9abfc-a7e0-41dd-acc3-4782e67363b2\" (UID: \"d5d9abfc-a7e0-41dd-acc3-4782e67363b2\") "
2025-01-29 01:00:21,505 INFO c.h.h.t.OperatorHelmChartContainer - [K3S] [reconciler_common.go:162] "operationExecutor.UnmountVolume started for volume \"script\" (UniqueName: \"kubernetes.io/configmap/d5d9abfc-a7e0-41dd-acc3-4782e67363b2-script\") pod \"d5d9abfc-a7e0-41dd-acc3-4782e67363b2\" (UID: \"d5d9abfc-a7e0-41dd-acc3-4782e67363b2\") "
2025-01-29 01:00:21,506 INFO c.h.h.t.OperatorHelmChartContainer - [K3S] [reconciler_common.go:162] "operationExecutor.UnmountVolume started for volume \"kube-api-access-9d5jc\" (UniqueName: \"kubernetes.io/projected/d5d9abfc-a7e0-41dd-acc3-4782e67363b2-kube-api-access-9d5jc\") pod \"d5d9abfc-a7e0-41dd-acc3-4782e67363b2\" (UID: \"d5d9abfc-a7e0-41dd-acc3-4782e67363b2\") "
2025-01-29 01:00:21,506 INFO c.h.h.t.OperatorHelmChartContainer - [K3S] [reconciler_common.go:299] "Volume detached for volume \"data\" (UniqueName: \"kubernetes.io/host-path/d5d9abfc-a7e0-41dd-acc3-4782e67363b2-data\") on node \"3f8ee143311f\" DevicePath \"\""
2025-01-29 01:00:21,605 INFO c.h.h.t.OperatorHelmChartContainer - [K3S] [reconciler_common.go:299] "Volume detached for volume \"script\" (UniqueName: \"kubernetes.io/configmap/d5d9abfc-a7e0-41dd-acc3-4782e67363b2-script\") on node \"3f8ee143311f\" DevicePath \"\""
2025-01-29 01:00:21,605 INFO c.h.h.t.OperatorHelmChartContainer - [K3S] [reconciler_common.go:299] "Volume detached for volume \"kube-api-access-9d5jc\" (UniqueName: \"kubernetes.io/projected/d5d9abfc-a7e0-41dd-acc3-4782e67363b2-kube-api-access-9d5jc\") on node \"3f8ee143311f\" DevicePath \"\""
2025-01-29 01:00:22,408 INFO c.h.h.t.OperatorHelmChartContainer - [K3S] [pod_container_deletor.go:80] "Container not found in pod's containers" containerID="b8aa834e89869ebadd83f80f4042c07dad378ed6ff788af031e1514120079c33"
2025-01-29 01:00:22,409 INFO c.h.h.t.OperatorHelmChartContainer - [K3S] [status_manager.go:890] "Failed to get status for pod" podUID="d5d9abfc-a7e0-41dd-acc3-4782e67363b2" pod="kube-system/helper-pod-create-pvc-b6cae1a6-d182-41b5-be1a-55ff1ca841ea" err="pods \"helper-pod-create-pvc-b6cae1a6-d182-41b5-be1a-55ff1ca841ea\" is forbidden: User \"system:node:3f8ee143311f\" cannot get resource \"pods\" in API group \"\" in the namespace \"kube-system\": no relationship found between node '3f8ee143311f' and this object"
2025-01-29 01:00:23,282 INFO c.h.h.t.OperatorHelmChartContainer - [K3S] [memory_manager.go:355] "RemoveStaleState removing state" podUID="d5d9abfc-a7e0-41dd-acc3-4782e67363b2" containerName="helper-pod"
2025-01-29 01:00:23,305 INFO c.h.h.t.OperatorHelmChartContainer - [K3S] [status_manager.go:890] "Failed to get status for pod" podUID="d5d9abfc-a7e0-41dd-acc3-4782e67363b2" pod="kube-system/helper-pod-create-pvc-b6cae1a6-d182-41b5-be1a-55ff1ca841ea" err="pods \"helper-pod-create-pvc-b6cae1a6-d182-41b5-be1a-55ff1ca841ea\" is forbidden: User \"system:node:3f8ee143311f\" cannot get resource \"pods\" in API group \"\" in the namespace \"kube-system\": no relationship found between node '3f8ee143311f' and this object"
2025-01-29 01:00:23,427 INFO c.h.h.t.OperatorHelmChartContainer - [K3S] [reconciler_common.go:251] "operationExecutor.VerifyControllerAttachedVolume started for volume \"live-info\" (UniqueName: \"kubernetes.io/configmap/361fffe7-fdd9-4da4-b5ac-478890474899-live-info\") pod \"local-hivemq-0\" (UID: \"361fffe7-fdd9-4da4-b5ac-478890474899\") " pod="default/local-hivemq-0"
2025-01-29 01:00:23,427 INFO c.h.h.t.OperatorHelmChartContainer - [K3S] [reconciler_common.go:251] "operationExecutor.VerifyControllerAttachedVolume started for volume \"pvc-b6cae1a6-d182-41b5-be1a-55ff1ca841ea\" (UniqueName: \"kubernetes.io/local-volume/pvc-b6cae1a6-d182-41b5-be1a-55ff1ca841ea\") pod \"local-hivemq-0\" (UID: \"361fffe7-fdd9-4da4-b5ac-478890474899\") " pod="default/local-hivemq-0"
2025-01-29 01:00:23,427 INFO c.h.h.t.OperatorHelmChartContainer - [K3S] [reconciler_common.go:251] "operationExecutor.VerifyControllerAttachedVolume started for volume \"audit\" (UniqueName: \"kubernetes.io/empty-dir/361fffe7-fdd9-4da4-b5ac-478890474899-audit\") pod \"local-hivemq-0\" (UID: \"361fffe7-fdd9-4da4-b5ac-478890474899\") " pod="default/local-hivemq-0"
2025-01-29 01:00:23,427 INFO c.h.h.t.OperatorHelmChartContainer - [K3S] [reconciler_common.go:251] "operationExecutor.VerifyControllerAttachedVolume started for volume \"shared-data\" (UniqueName: \"kubernetes.io/empty-dir/361fffe7-fdd9-4da4-b5ac-478890474899-shared-data\") pod \"local-hivemq-0\" (UID: \"361fffe7-fdd9-4da4-b5ac-478890474899\") " pod="default/local-hivemq-0"
2025-01-29 01:00:23,427 INFO c.h.h.t.OperatorHelmChartContainer - [K3S] [reconciler_common.go:251] "operationExecutor.VerifyControllerAttachedVolume started for volume \"log\" (UniqueName: \"kubernetes.io/empty-dir/361fffe7-fdd9-4da4-b5ac-478890474899-log\") pod \"local-hivemq-0\" (UID: \"361fffe7-fdd9-4da4-b5ac-478890474899\") " pod="default/local-hivemq-0"
2025-01-29 01:00:23,427 INFO c.h.h.t.OperatorHelmChartContainer - [K3S] [reconciler_common.go:251] "operationExecutor.VerifyControllerAttachedVolume started for volume \"heap-dumps\" (UniqueName: \"kubernetes.io/empty-dir/361fffe7-fdd9-4da4-b5ac-478890474899-heap-dumps\") pod \"local-hivemq-0\" (UID: \"361fffe7-fdd9-4da4-b5ac-478890474899\") " pod="default/local-hivemq-0"
2025-01-29 01:00:23,427 INFO c.h.h.t.OperatorHelmChartContainer - [K3S] [reconciler_common.go:251] "operationExecutor.VerifyControllerAttachedVolume started for volume \"conf-override\" (UniqueName: \"kubernetes.io/empty-dir/361fffe7-fdd9-4da4-b5ac-478890474899-conf-override\") pod \"local-hivemq-0\" (UID: \"361fffe7-fdd9-4da4-b5ac-478890474899\") " pod="default/local-hivemq-0"
2025-01-29 01:00:23,427 INFO c.h.h.t.OperatorHelmChartContainer - [K3S] [reconciler_common.go:251] "operationExecutor.VerifyControllerAttachedVolume started for volume \"backup\" (UniqueName: \"kubernetes.io/empty-dir/361fffe7-fdd9-4da4-b5ac-478890474899-backup\") pod \"local-hivemq-0\" (UID: \"361fffe7-fdd9-4da4-b5ac-478890474899\") " pod="default/local-hivemq-0"
2025-01-29 01:00:23,427 INFO c.h.h.t.OperatorHelmChartContainer - [K3S] [reconciler_common.go:251] "operationExecutor.VerifyControllerAttachedVolume started for volume \"dns-wait-config\" (UniqueName: \"kubernetes.io/configmap/361fffe7-fdd9-4da4-b5ac-478890474899-dns-wait-config\") pod \"local-hivemq-0\" (UID: \"361fffe7-fdd9-4da4-b5ac-478890474899\") " pod="default/local-hivemq-0"
2025-01-29 01:00:23,427 INFO c.h.h.t.OperatorHelmChartContainer - [K3S] [reconciler_common.go:251] "operationExecutor.VerifyControllerAttachedVolume started for volume \"kube-api-access-v889b\" (UniqueName: \"kubernetes.io/projected/361fffe7-fdd9-4da4-b5ac-478890474899-kube-api-access-v889b\") pod \"local-hivemq-0\" (UID: \"361fffe7-fdd9-4da4-b5ac-478890474899\") " pod="default/local-hivemq-0"
2025-01-29 01:00:24,310 INFO c.h.h.t.OperatorHelmChartContainer - [K3S] [kubelet_volumes.go:163] "Cleaned up orphaned pod volumes dir" podUID="d5d9abfc-a7e0-41dd-acc3-4782e67363b2" path="/var/lib/kubelet/pods/d5d9abfc-a7e0-41dd-acc3-4782e67363b2/volumes"
2025-01-29 01:00:46,302 INFO c.h.h.t.OperatorHelmChartContainer - [K3S] [scope.go:117] "RemoveContainer" containerID="f967a4536c34c3b725c0050de4382a6bccc02477bb2309c77ae71e3be5bfeb2b"
2025-01-29 01:00:48,111 INFO c.h.h.t.OperatorHelmChartContainer - [K3S] [range_allocator.go:247] "Successfully synced" key="3f8ee143311f"
2025-01-29 01:01:08,705 DEBUG com.hivemq.helmcharts.util.K8sUtil - State to compare Updating and waiting for Running
2025-01-29 01:01:08,725 DEBUG com.hivemq.helmcharts.util.K8sUtil - State to compare Running and waiting for Running
2025-01-29 01:01:08,842 INFO t.localhost/testcontainers/sbwnb5shaf6jtg4c:latest - Container localhost/testcontainers/sbwnb5shaf6jtg4c:latest started in PT1M26.404247638S
2025-01-29 01:01:08,903 INFO c.h.h.t.OperatorHelmChartContainer - [K3S] [writers.go:123] "Unhandled Error" err="apiserver was unable to write a JSON response: http2: stream closed"
2025-01-29 01:01:08,904 INFO c.h.h.t.OperatorHelmChartContainer - [K3S] [wrap.go:53] "Timeout or abort while handling" method="GET" URI="/apis/hivemq.com/v1/namespaces/default/hivemq-clusters/local-hivemq" auditID="5f0aeb48-601a-4fc1-9009-2afd3f80bd1d"
2025-01-29 01:01:08,904 INFO c.h.h.t.OperatorHelmChartContainer - [K3S] [status.go:71] "Unhandled Error" err="apiserver received an error that is not an metav1.Status: &errors.errorString{s:\"http2: stream closed\"}: http2: stream closed"
2025-01-29 01:01:08,904 INFO c.h.h.t.OperatorHelmChartContainer - [K3S] [writers.go:136] "Unhandled Error" err="apiserver was unable to write a fallback JSON response: http: Handler timeout"
2025-01-29 01:01:08,906 INFO c.h.h.t.OperatorHelmChartContainer - [K3S] [timeout.go:140] "Post-timeout activity" timeElapsed="3.613613ms" method="GET" path="/apis/hivemq.com/v1/namespaces/default/hivemq-clusters/local-hivemq" result=null
2025-01-29 01:01:08,924 INFO c.h.h.t.OperatorHelmChartContainer - [EVENT] Normal [Starting] Starting kubelet. [null:3f8ee143311f]
2025-01-29 01:01:08,926 INFO c.h.h.t.OperatorHelmChartContainer - [EVENT] Warning [InvalidDiskCapacity] invalid capacity 0 on image filesystem [null:3f8ee143311f]
2025-01-29 01:01:08,926 INFO c.h.h.t.OperatorHelmChartContainer - [EVENT] Normal [NodeHasSufficientMemory] Node 3f8ee143311f status is now: NodeHasSufficientMemory [null:3f8ee143311f]
2025-01-29 01:01:08,926 INFO c.h.h.t.OperatorHelmChartContainer - [EVENT] Normal [NodeHasNoDiskPressure] Node 3f8ee143311f status is now: NodeHasNoDiskPressure [null:3f8ee143311f]
2025-01-29 01:01:08,926 INFO c.h.h.t.OperatorHelmChartContainer - [EVENT] Normal [NodeHasSufficientPID] Node 3f8ee143311f status is now: NodeHasSufficientPID [null:3f8ee143311f]
2025-01-29 01:01:08,927 INFO c.h.h.t.OperatorHelmChartContainer - [EVENT] Normal [NodeAllocatableEnforced] Updated Node Allocatable limit across pods [null:3f8ee143311f]
2025-01-29 01:01:08,927 INFO c.h.h.t.OperatorHelmChartContainer - [EVENT] Normal [NodeReady] Node 3f8ee143311f status is now: NodeReady [null:3f8ee143311f]
2025-01-29 01:01:08,927 INFO c.h.h.t.OperatorHelmChartContainer - [EVENT] Normal [NodePasswordValidationComplete] Deferred node password secret validation complete [null:3f8ee143311f]
2025-01-29 01:01:08,928 INFO c.h.h.t.OperatorHelmChartContainer - [EVENT] Normal [RegisteredNode] Node 3f8ee143311f event: Registered Node 3f8ee143311f in Controller [null:3f8ee143311f]
2025-01-29 01:01:08,928 INFO c.h.h.t.OperatorHelmChartContainer - [EVENT] Normal [Synced] Node synced successfully [null:3f8ee143311f]
2025-01-29 01:01:08,929 INFO c.h.h.t.OperatorHelmChartContainer - [EVENT] Normal [WaitForFirstConsumer] waiting for first consumer to be created before binding [default:data-local-hivemq-0]
2025-01-29 01:01:08,929 INFO c.h.h.t.OperatorHelmChartContainer - [EVENT] Normal [ExternalProvisioning] Waiting for a volume to be created either by the external provisioner 'rancher.io/local-path' or manually by the system administrator. If volume creation is delayed, please verify that the provisioner is running and correctly registered. [default:data-local-hivemq-0]
2025-01-29 01:01:08,929 INFO c.h.h.t.OperatorHelmChartContainer - [EVENT] Normal [Provisioning] External provisioner is provisioning volume for claim "default/data-local-hivemq-0" [default:data-local-hivemq-0]
2025-01-29 01:01:08,932 INFO c.h.h.t.OperatorHelmChartContainer - [EVENT] Normal [ProvisioningSucceeded] Successfully provisioned volume pvc-b6cae1a6-d182-41b5-be1a-55ff1ca841ea [default:data-local-hivemq-0]
2025-01-29 01:01:08,932 INFO c.h.h.t.OperatorHelmChartContainer - [EVENT] Normal [Scheduled] Successfully assigned default/local-hivemq-0 to 3f8ee143311f [default:local-hivemq-0]
2025-01-29 01:01:08,932 INFO c.h.h.t.OperatorHelmChartContainer - [EVENT] Normal [Pulling] Pulling image "busybox:latest" [default:local-hivemq-0]
2025-01-29 01:01:08,932 INFO c.h.h.t.OperatorHelmChartContainer - [EVENT] Normal [Pulled] Successfully pulled image "busybox:latest" in 918ms (918ms including waiting). Image size: 2167089 bytes. [default:local-hivemq-0]
2025-01-29 01:01:08,933 INFO c.h.h.t.OperatorHelmChartContainer - [EVENT] Normal [Created] Created container: init-shared [default:local-hivemq-0]
2025-01-29 01:01:08,933 INFO c.h.h.t.OperatorHelmChartContainer - [EVENT] Normal [Started] Started container init-shared [default:local-hivemq-0]
2025-01-29 01:01:08,933 INFO c.h.h.t.OperatorHelmChartContainer - [EVENT] Normal [Pulled] Container image "hivemq/init-dns-wait:snapshot" already present on machine [default:local-hivemq-0]
2025-01-29 01:01:08,933 INFO c.h.h.t.OperatorHelmChartContainer - [EVENT] Normal [Created] Created container: dns-wait [default:local-hivemq-0]
2025-01-29 01:01:08,933 INFO c.h.h.t.OperatorHelmChartContainer - [EVENT] Normal [Started] Started container dns-wait [default:local-hivemq-0]
2025-01-29 01:01:08,933 INFO c.h.h.t.OperatorHelmChartContainer - [EVENT] Normal [Pulled] Container image "hivemq/hivemq4:k8s-4.36.0" already present on machine [default:local-hivemq-0]
2025-01-29 01:01:08,933 INFO c.h.h.t.OperatorHelmChartContainer - Received Pulled event for container hivemq in pod local-hivemq-0 [361fffe7-fdd9-4da4-b5ac-478890474899]
2025-01-29 01:01:08,933 INFO c.h.h.t.OperatorHelmChartContainer - [EVENT] Normal [Created] Created container: hivemq [default:local-hivemq-0]
2025-01-29 01:01:08,933 INFO c.h.h.t.OperatorHelmChartContainer - Received Created event for container hivemq in pod local-hivemq-0 [361fffe7-fdd9-4da4-b5ac-478890474899]
2025-01-29 01:01:08,955 INFO c.h.h.t.OperatorHelmChartContainer - [EVENT] Normal [Started] Started container hivemq [default:local-hivemq-0]
2025-01-29 01:01:08,955 INFO c.h.h.t.OperatorHelmChartContainer - Received Started event for container hivemq in pod local-hivemq-0 [361fffe7-fdd9-4da4-b5ac-478890474899]
2025-01-29 01:01:08,955 INFO c.h.h.t.OperatorHelmChartContainer - [EVENT] Warning [Unhealthy] Readiness probe failed: Log statement not present (yet)
 [default:local-hivemq-0]
2025-01-29 01:01:08,955 INFO c.h.h.t.OperatorHelmChartContainer - Received Unhealthy event for container hivemq in pod local-hivemq-0 [361fffe7-fdd9-4da4-b5ac-478890474899]
2025-01-29 01:01:08,956 INFO c.h.h.t.OperatorHelmChartContainer - [EVENT] Warning [Unhealthy] Liveness probe failed: dial tcp 10.42.0.7:1883: connect: connection refused [default:local-hivemq-0]
2025-01-29 01:01:08,956 INFO c.h.h.t.OperatorHelmChartContainer - Received Unhealthy event for container hivemq in pod local-hivemq-0 [361fffe7-fdd9-4da4-b5ac-478890474899]
2025-01-29 01:01:08,956 INFO c.h.h.t.OperatorHelmChartContainer - [EVENT] Normal [Scheduled] Successfully assigned default/local-hivemq-hivemq-operator-operator-6b564f6db4-4qjpf to 3f8ee143311f [default:local-hivemq-hivemq-operator-operator-6b564f6db4-4qjpf]
2025-01-29 01:01:08,957 INFO c.h.h.t.OperatorHelmChartContainer - Started log watcher for hivemq in pod local-hivemq-0 [361fffe7-fdd9-4da4-b5ac-478890474899]
2025-01-29 01:01:08,958 INFO c.h.h.t.OperatorHelmChartContainer - [EVENT] Normal [Pulled] Container image "hivemq/hivemq-operator:snapshot" already present on machine [default:local-hivemq-hivemq-operator-operator-6b564f6db4-4qjpf]
2025-01-29 01:01:08,958 INFO c.h.h.t.OperatorHelmChartContainer - Received Pulled event for container operator in pod local-hivemq-hivemq-operator-operator-6b564f6db4-4qjpf [ea8fe1db-19c0-4096-ad20-03f8c9b35434]
2025-01-29 01:01:08,958 INFO c.h.h.t.OperatorHelmChartContainer - [EVENT] Normal [Created] Created container: operator [default:local-hivemq-hivemq-operator-operator-6b564f6db4-4qjpf]
2025-01-29 01:01:08,958 INFO c.h.h.t.OperatorHelmChartContainer - Received Created event for container operator in pod local-hivemq-hivemq-operator-operator-6b564f6db4-4qjpf [ea8fe1db-19c0-4096-ad20-03f8c9b35434]
2025-01-29 01:01:08,966 INFO c.h.h.t.OperatorHelmChartContainer - [local-hivemq-0] [hivemq] [361fffe7] Copying external files
2025-01-29 01:01:08,966 INFO c.h.h.t.OperatorHelmChartContainer - [local-hivemq-0] [hivemq] [361fffe7] Rewriting config.xml...
2025-01-29 01:01:08,966 INFO c.h.h.t.OperatorHelmChartContainer - [local-hivemq-0] [hivemq] [361fffe7] Creating initial lastUpdate files...
2025-01-29 01:01:08,966 INFO c.h.h.t.OperatorHelmChartContainer - [local-hivemq-0] [hivemq] [361fffe7] Disabling Prometheus
2025-01-29 01:01:08,966 INFO c.h.h.t.OperatorHelmChartContainer - [local-hivemq-0] [hivemq] [361fffe7] Pod info:
2025-01-29 01:01:08,966 INFO c.h.h.t.OperatorHelmChartContainer - [local-hivemq-0] [hivemq] [361fffe7] extension-names=hivemq-kafka-extension hivemq-google-cloud-pubsub-extension hivemq-bridge-extension hivemq-enterprise-security-extension hivemq-distributed-tracing-extension hivemq-amazon-kinesis-extension
2025-01-29 01:01:08,966 INFO c.h.h.t.OperatorHelmChartContainer - [local-hivemq-0] [hivemq] [361fffe7] extension-uris=preinstalled preinstalled preinstalled preinstalled preinstalled preinstalled
2025-01-29 01:01:08,966 INFO c.h.h.t.OperatorHelmChartContainer - [local-hivemq-0] [hivemq] [361fffe7] extension-states=false false false false false false
2025-01-29 01:01:08,966 INFO c.h.h.t.OperatorHelmChartContainer - [local-hivemq-0] [hivemq] [361fffe7] extensions-static=false false false false false false
2025-01-29 01:01:08,966 INFO c.h.h.t.OperatorHelmChartContainer - [local-hivemq-0] [hivemq] [361fffe7] Installing extension #0 with name: hivemq-kafka-extension, URI: preinstalled, enabled state: false
2025-01-29 01:01:08,966 INFO c.h.h.t.OperatorHelmChartContainer - [local-hivemq-0] [hivemq] [361fffe7] + [[ 3 != 3 ]]
2025-01-29 01:01:08,966 INFO c.h.h.t.OperatorHelmChartContainer - [local-hivemq-0] [hivemq] [361fffe7] + EXTENSION_URI=preinstalled
2025-01-29 01:01:08,966 INFO c.h.h.t.OperatorHelmChartContainer - [local-hivemq-0] [hivemq] [361fffe7] + EXTENSION_NAME=hivemq-kafka-extension
2025-01-29 01:01:08,966 INFO c.h.h.t.OperatorHelmChartContainer - [local-hivemq-0] [hivemq] [361fffe7] + TARGET_STATE=false
2025-01-29 01:01:08,966 INFO c.h.h.t.OperatorHelmChartContainer - [local-hivemq-0] [hivemq] [361fffe7] + TARGET_DIR=/opt/hivemq/extensions/hivemq-kafka-extension
2025-01-29 01:01:08,966 INFO c.h.h.t.OperatorHelmChartContainer - [local-hivemq-0] [hivemq] [361fffe7] ++ mktemp -d
2025-01-29 01:01:08,966 INFO c.h.h.t.OperatorHelmChartContainer - [local-hivemq-0] [hivemq] [361fffe7] + install_dir=/tmp/tmp.febOBTpUuw
2025-01-29 01:01:08,966 INFO c.h.h.t.OperatorHelmChartContainer - [local-hivemq-0] [hivemq] [361fffe7] + set +e
2025-01-29 01:01:08,966 INFO c.h.h.t.OperatorHelmChartContainer - [local-hivemq-0] [hivemq] [361fffe7] + [[ -f /opt/hivemq/extensions/hivemq-kafka-extension/DISABLED ]]
2025-01-29 01:01:08,966 INFO c.h.h.t.OperatorHelmChartContainer - [local-hivemq-0] [hivemq] [361fffe7] + was_enabled=0
2025-01-29 01:01:08,966 INFO c.h.h.t.OperatorHelmChartContainer - [local-hivemq-0] [hivemq] [361fffe7] + set -e
2025-01-29 01:01:08,966 INFO c.h.h.t.OperatorHelmChartContainer - [local-hivemq-0] [hivemq] [361fffe7] + [[ preinstalled != \p\r\e\i\n\s\t\a\l\l\e\d ]]
2025-01-29 01:01:08,966 INFO c.h.h.t.OperatorHelmChartContainer - [local-hivemq-0] [hivemq] [361fffe7] + [[ false == \f\a\l\s\e ]]
2025-01-29 01:01:08,966 INFO c.h.h.t.OperatorHelmChartContainer - [local-hivemq-0] [hivemq] [361fffe7] + touch /opt/hivemq/extensions/hivemq-kafka-extension/DISABLED
2025-01-29 01:01:08,966 INFO c.h.h.t.OperatorHelmChartContainer - [local-hivemq-0] [hivemq] [361fffe7] + was_enabled=0
2025-01-29 01:01:08,966 INFO c.h.h.t.OperatorHelmChartContainer - [local-hivemq-0] [hivemq] [361fffe7] + [[ preinstalled != \p\r\e\i\n\s\t\a\l\l\e\d ]]
2025-01-29 01:01:08,966 INFO c.h.h.t.OperatorHelmChartContainer - [local-hivemq-0] [hivemq] [361fffe7] + /opt/hivemq/bin/run_initialization.sh hivemq-kafka-extension
2025-01-29 01:01:08,966 INFO c.h.h.t.OperatorHelmChartContainer - [local-hivemq-0] [hivemq] [361fffe7] + EXTENSION_NAME=hivemq-kafka-extension
2025-01-29 01:01:08,966 INFO c.h.h.t.OperatorHelmChartContainer - [local-hivemq-0] [hivemq] [361fffe7] + TARGET_DIR=/opt/hivemq/extensions/hivemq-kafka-extension
2025-01-29 01:01:08,966 INFO c.h.h.t.OperatorHelmChartContainer - [local-hivemq-0] [hivemq] [361fffe7] + cd /opt/hivemq/extensions/hivemq-kafka-extension
2025-01-29 01:01:08,966 INFO c.h.h.t.OperatorHelmChartContainer - [local-hivemq-0] [hivemq] [361fffe7] + [[ -f init_tmp ]]
2025-01-29 01:01:08,966 INFO c.h.h.t.OperatorHelmChartContainer - [local-hivemq-0] [hivemq] [361fffe7] + [[ -f /etc/podinfo/init-extension-hivemq-kafka-extension ]]
2025-01-29 01:01:08,966 INFO c.h.h.t.OperatorHelmChartContainer - [local-hivemq-0] [hivemq] [361fffe7] Installing extension #1 with name: hivemq-google-cloud-pubsub-extension, URI: preinstalled, enabled state: false
2025-01-29 01:01:08,966 INFO c.h.h.t.OperatorHelmChartContainer - [local-hivemq-0] [hivemq] [361fffe7] + [[ 3 != 3 ]]
2025-01-29 01:01:08,966 INFO c.h.h.t.OperatorHelmChartContainer - [local-hivemq-0] [hivemq] [361fffe7] + EXTENSION_URI=preinstalled
2025-01-29 01:01:08,966 INFO c.h.h.t.OperatorHelmChartContainer - [local-hivemq-0] [hivemq] [361fffe7] + EXTENSION_NAME=hivemq-google-cloud-pubsub-extension
2025-01-29 01:01:08,966 INFO c.h.h.t.OperatorHelmChartContainer - [local-hivemq-0] [hivemq] [361fffe7] + TARGET_STATE=false
2025-01-29 01:01:08,966 INFO c.h.h.t.OperatorHelmChartContainer - [local-hivemq-0] [hivemq] [361fffe7] + TARGET_DIR=/opt/hivemq/extensions/hivemq-google-cloud-pubsub-extension
2025-01-29 01:01:08,966 INFO c.h.h.t.OperatorHelmChartContainer - [local-hivemq-0] [hivemq] [361fffe7] ++ mktemp -d
2025-01-29 01:01:08,966 INFO c.h.h.t.OperatorHelmChartContainer - [local-hivemq-0] [hivemq] [361fffe7] + install_dir=/tmp/tmp.f58BPuoJL2
2025-01-29 01:01:08,966 INFO c.h.h.t.OperatorHelmChartContainer - [local-hivemq-0] [hivemq] [361fffe7] + set +e
2025-01-29 01:01:08,966 INFO c.h.h.t.OperatorHelmChartContainer - [local-hivemq-0] [hivemq] [361fffe7] + [[ -f /opt/hivemq/extensions/hivemq-google-cloud-pubsub-extension/DISABLED ]]
2025-01-29 01:01:08,966 INFO c.h.h.t.OperatorHelmChartContainer - [local-hivemq-0] [hivemq] [361fffe7] + was_enabled=0
2025-01-29 01:01:08,966 INFO c.h.h.t.OperatorHelmChartContainer - [local-hivemq-0] [hivemq] [361fffe7] + set -e
2025-01-29 01:01:08,966 INFO c.h.h.t.OperatorHelmChartContainer - [local-hivemq-0] [hivemq] [361fffe7] + [[ preinstalled != \p\r\e\i\n\s\t\a\l\l\e\d ]]
2025-01-29 01:01:08,966 INFO c.h.h.t.OperatorHelmChartContainer - [local-hivemq-0] [hivemq] [361fffe7] + [[ false == \f\a\l\s\e ]]
2025-01-29 01:01:08,966 INFO c.h.h.t.OperatorHelmChartContainer - [local-hivemq-0] [hivemq] [361fffe7] + touch /opt/hivemq/extensions/hivemq-google-cloud-pubsub-extension/DISABLED
2025-01-29 01:01:08,966 INFO c.h.h.t.OperatorHelmChartContainer - [local-hivemq-0] [hivemq] [361fffe7] + was_enabled=0
2025-01-29 01:01:08,966 INFO c.h.h.t.OperatorHelmChartContainer - [local-hivemq-0] [hivemq] [361fffe7] + [[ preinstalled != \p\r\e\i\n\s\t\a\l\l\e\d ]]
2025-01-29 01:01:08,966 INFO c.h.h.t.OperatorHelmChartContainer - [local-hivemq-0] [hivemq] [361fffe7] + /opt/hivemq/bin/run_initialization.sh hivemq-google-cloud-pubsub-extension
2025-01-29 01:01:08,966 INFO c.h.h.t.OperatorHelmChartContainer - [local-hivemq-0] [hivemq] [361fffe7] + EXTENSION_NAME=hivemq-google-cloud-pubsub-extension
2025-01-29 01:01:08,966 INFO c.h.h.t.OperatorHelmChartContainer - [local-hivemq-0] [hivemq] [361fffe7] + TARGET_DIR=/opt/hivemq/extensions/hivemq-google-cloud-pubsub-extension
2025-01-29 01:01:08,966 INFO c.h.h.t.OperatorHelmChartContainer - [local-hivemq-0] [hivemq] [361fffe7] + cd /opt/hivemq/extensions/hivemq-google-cloud-pubsub-extension
2025-01-29 01:01:08,966 INFO c.h.h.t.OperatorHelmChartContainer - [local-hivemq-0] [hivemq] [361fffe7] + [[ -f init_tmp ]]
2025-01-29 01:01:08,966 INFO c.h.h.t.OperatorHelmChartContainer - [local-hivemq-0] [hivemq] [361fffe7] + [[ -f /etc/podinfo/init-extension-hivemq-google-cloud-pubsub-extension ]]
2025-01-29 01:01:08,966 INFO c.h.h.t.OperatorHelmChartContainer - [local-hivemq-0] [hivemq] [361fffe7] Installing extension #2 with name: hivemq-bridge-extension, URI: preinstalled, enabled state: false
2025-01-29 01:01:08,966 INFO c.h.h.t.OperatorHelmChartContainer - [local-hivemq-0] [hivemq] [361fffe7] + [[ 3 != 3 ]]
2025-01-29 01:01:08,966 INFO c.h.h.t.OperatorHelmChartContainer - [local-hivemq-0] [hivemq] [361fffe7] + EXTENSION_URI=preinstalled
2025-01-29 01:01:08,966 INFO c.h.h.t.OperatorHelmChartContainer - [local-hivemq-0] [hivemq] [361fffe7] + EXTENSION_NAME=hivemq-bridge-extension
2025-01-29 01:01:08,966 INFO c.h.h.t.OperatorHelmChartContainer - [local-hivemq-0] [hivemq] [361fffe7] + TARGET_STATE=false
2025-01-29 01:01:08,966 INFO c.h.h.t.OperatorHelmChartContainer - [local-hivemq-0] [hivemq] [361fffe7] + TARGET_DIR=/opt/hivemq/extensions/hivemq-bridge-extension
2025-01-29 01:01:08,966 INFO c.h.h.t.OperatorHelmChartContainer - [local-hivemq-0] [hivemq] [361fffe7] ++ mktemp -d
2025-01-29 01:01:08,966 INFO c.h.h.t.OperatorHelmChartContainer - [local-hivemq-0] [hivemq] [361fffe7] + install_dir=/tmp/tmp.137RyyqGlG
2025-01-29 01:01:08,966 INFO c.h.h.t.OperatorHelmChartContainer - [local-hivemq-0] [hivemq] [361fffe7] + set +e
2025-01-29 01:01:08,966 INFO c.h.h.t.OperatorHelmChartContainer - [local-hivemq-0] [hivemq] [361fffe7] + [[ -f /opt/hivemq/extensions/hivemq-bridge-extension/DISABLED ]]
2025-01-29 01:01:08,966 INFO c.h.h.t.OperatorHelmChartContainer - [local-hivemq-0] [hivemq] [361fffe7] + was_enabled=0
2025-01-29 01:01:08,966 INFO c.h.h.t.OperatorHelmChartContainer - [local-hivemq-0] [hivemq] [361fffe7] + set -e
2025-01-29 01:01:08,967 INFO c.h.h.t.OperatorHelmChartContainer - [local-hivemq-0] [hivemq] [361fffe7] + [[ preinstalled != \p\r\e\i\n\s\t\a\l\l\e\d ]]
2025-01-29 01:01:08,967 INFO c.h.h.t.OperatorHelmChartContainer - [local-hivemq-0] [hivemq] [361fffe7] + [[ false == \f\a\l\s\e ]]
2025-01-29 01:01:08,967 INFO c.h.h.t.OperatorHelmChartContainer - [local-hivemq-0] [hivemq] [361fffe7] + touch /opt/hivemq/extensions/hivemq-bridge-extension/DISABLED
2025-01-29 01:01:08,967 INFO c.h.h.t.OperatorHelmChartContainer - [local-hivemq-0] [hivemq] [361fffe7] + was_enabled=0
2025-01-29 01:01:08,967 INFO c.h.h.t.OperatorHelmChartContainer - [local-hivemq-0] [hivemq] [361fffe7] + [[ preinstalled != \p\r\e\i\n\s\t\a\l\l\e\d ]]
2025-01-29 01:01:08,967 INFO c.h.h.t.OperatorHelmChartContainer - [local-hivemq-0] [hivemq] [361fffe7] + /opt/hivemq/bin/run_initialization.sh hivemq-bridge-extension
2025-01-29 01:01:08,967 INFO c.h.h.t.OperatorHelmChartContainer - [local-hivemq-0] [hivemq] [361fffe7] + EXTENSION_NAME=hivemq-bridge-extension
2025-01-29 01:01:08,967 INFO c.h.h.t.OperatorHelmChartContainer - [local-hivemq-0] [hivemq] [361fffe7] + TARGET_DIR=/opt/hivemq/extensions/hivemq-bridge-extension
2025-01-29 01:01:08,967 INFO c.h.h.t.OperatorHelmChartContainer - [local-hivemq-0] [hivemq] [361fffe7] + cd /opt/hivemq/extensions/hivemq-bridge-extension
2025-01-29 01:01:08,967 INFO c.h.h.t.OperatorHelmChartContainer - [local-hivemq-0] [hivemq] [361fffe7] + [[ -f init_tmp ]]
2025-01-29 01:01:08,967 INFO c.h.h.t.OperatorHelmChartContainer - [local-hivemq-0] [hivemq] [361fffe7] + [[ -f /etc/podinfo/init-extension-hivemq-bridge-extension ]]
2025-01-29 01:01:08,967 INFO c.h.h.t.OperatorHelmChartContainer - [local-hivemq-0] [hivemq] [361fffe7] Installing extension #3 with name: hivemq-enterprise-security-extension, URI: preinstalled, enabled state: false
2025-01-29 01:01:08,967 INFO c.h.h.t.OperatorHelmChartContainer - [local-hivemq-0] [hivemq] [361fffe7] + [[ 3 != 3 ]]
2025-01-29 01:01:08,967 INFO c.h.h.t.OperatorHelmChartContainer - [local-hivemq-0] [hivemq] [361fffe7] + EXTENSION_URI=preinstalled
2025-01-29 01:01:08,967 INFO c.h.h.t.OperatorHelmChartContainer - [local-hivemq-0] [hivemq] [361fffe7] + EXTENSION_NAME=hivemq-enterprise-security-extension
2025-01-29 01:01:08,967 INFO c.h.h.t.OperatorHelmChartContainer - [local-hivemq-0] [hivemq] [361fffe7] + TARGET_STATE=false
2025-01-29 01:01:08,967 INFO c.h.h.t.OperatorHelmChartContainer - [local-hivemq-0] [hivemq] [361fffe7] + TARGET_DIR=/opt/hivemq/extensions/hivemq-enterprise-security-extension
2025-01-29 01:01:08,967 INFO c.h.h.t.OperatorHelmChartContainer - [local-hivemq-0] [hivemq] [361fffe7] ++ mktemp -d
2025-01-29 01:01:08,967 INFO c.h.h.t.OperatorHelmChartContainer - [local-hivemq-0] [hivemq] [361fffe7] + install_dir=/tmp/tmp.vk8gyv48J8
2025-01-29 01:01:08,967 INFO c.h.h.t.OperatorHelmChartContainer - [local-hivemq-0] [hivemq] [361fffe7] + set +e
2025-01-29 01:01:08,967 INFO c.h.h.t.OperatorHelmChartContainer - [local-hivemq-0] [hivemq] [361fffe7] + [[ -f /opt/hivemq/extensions/hivemq-enterprise-security-extension/DISABLED ]]
2025-01-29 01:01:08,967 INFO c.h.h.t.OperatorHelmChartContainer - [local-hivemq-0] [hivemq] [361fffe7] + was_enabled=0
2025-01-29 01:01:08,967 INFO c.h.h.t.OperatorHelmChartContainer - [local-hivemq-0] [hivemq] [361fffe7] + set -e
2025-01-29 01:01:08,967 INFO c.h.h.t.OperatorHelmChartContainer - [local-hivemq-0] [hivemq] [361fffe7] + [[ preinstalled != \p\r\e\i\n\s\t\a\l\l\e\d ]]
2025-01-29 01:01:08,967 INFO c.h.h.t.OperatorHelmChartContainer - [local-hivemq-0] [hivemq] [361fffe7] + [[ false == \f\a\l\s\e ]]
2025-01-29 01:01:08,967 INFO c.h.h.t.OperatorHelmChartContainer - [local-hivemq-0] [hivemq] [361fffe7] + touch /opt/hivemq/extensions/hivemq-enterprise-security-extension/DISABLED
2025-01-29 01:01:08,967 INFO c.h.h.t.OperatorHelmChartContainer - [local-hivemq-0] [hivemq] [361fffe7] + was_enabled=0
2025-01-29 01:01:08,967 INFO c.h.h.t.OperatorHelmChartContainer - [local-hivemq-0] [hivemq] [361fffe7] + [[ preinstalled != \p\r\e\i\n\s\t\a\l\l\e\d ]]
2025-01-29 01:01:08,967 INFO c.h.h.t.OperatorHelmChartContainer - [local-hivemq-0] [hivemq] [361fffe7] + /opt/hivemq/bin/run_initialization.sh hivemq-enterprise-security-extension
2025-01-29 01:01:08,967 INFO c.h.h.t.OperatorHelmChartContainer - [local-hivemq-0] [hivemq] [361fffe7] + EXTENSION_NAME=hivemq-enterprise-security-extension
2025-01-29 01:01:08,967 INFO c.h.h.t.OperatorHelmChartContainer - [local-hivemq-0] [hivemq] [361fffe7] + TARGET_DIR=/opt/hivemq/extensions/hivemq-enterprise-security-extension
2025-01-29 01:01:08,967 INFO c.h.h.t.OperatorHelmChartContainer - [local-hivemq-0] [hivemq] [361fffe7] + cd /opt/hivemq/extensions/hivemq-enterprise-security-extension
2025-01-29 01:01:08,967 INFO c.h.h.t.OperatorHelmChartContainer - [local-hivemq-0] [hivemq] [361fffe7] + [[ -f init_tmp ]]
2025-01-29 01:01:08,967 INFO c.h.h.t.OperatorHelmChartContainer - [local-hivemq-0] [hivemq] [361fffe7] + [[ -f /etc/podinfo/init-extension-hivemq-enterprise-security-extension ]]
2025-01-29 01:01:08,967 INFO c.h.h.t.OperatorHelmChartContainer - [local-hivemq-0] [hivemq] [361fffe7] + echo 'Using init script from config map'
2025-01-29 01:01:08,967 INFO c.h.h.t.OperatorHelmChartContainer - [local-hivemq-0] [hivemq] [361fffe7] Using init script from config map
2025-01-29 01:01:08,967 INFO c.h.h.t.OperatorHelmChartContainer - [local-hivemq-0] [hivemq] [361fffe7] + cat /etc/podinfo/init-extension-hivemq-enterprise-security-extension
2025-01-29 01:01:08,967 INFO c.h.h.t.OperatorHelmChartContainer - [local-hivemq-0] [hivemq] [361fffe7] Executing initialization script
2025-01-29 01:01:08,967 INFO c.h.h.t.OperatorHelmChartContainer - [local-hivemq-0] [hivemq] [361fffe7] + echo 'Executing initialization script'
2025-01-29 01:01:08,967 INFO c.h.h.t.OperatorHelmChartContainer - [local-hivemq-0] [hivemq] [361fffe7] + chmod +x init
2025-01-29 01:01:08,967 INFO c.h.h.t.OperatorHelmChartContainer - [local-hivemq-0] [hivemq] [361fffe7] + ./init
2025-01-29 01:01:08,967 INFO c.h.h.t.OperatorHelmChartContainer - [local-hivemq-0] [hivemq] [361fffe7]   % Total    % Received % Xferd  Average Speed   Time    Time     Time  Current
2025-01-29 01:01:08,967 INFO c.h.h.t.OperatorHelmChartContainer - [local-hivemq-0] [hivemq] [361fffe7]                                  Dload  Upload   Total   Spent    Left  Speed
2025-01-29 01:01:08,967 INFO c.h.h.t.OperatorHelmChartContainer - [local-hivemq-0] [hivemq] [361fffe7] 
2025-01-29 01:01:08,967 INFO c.h.h.t.OperatorHelmChartContainer - [local-hivemq-0] [hivemq] [361fffe7]   0     0    0     0    0     0      0      0 --:--:-- --:--:-- --:--:--     0
2025-01-29 01:01:08,967 INFO c.h.h.t.OperatorHelmChartContainer - [local-hivemq-0] [hivemq] [361fffe7]   0     0    0     0    0     0      0      0 --:--:-- --:--:-- --:--:--     0
2025-01-29 01:01:08,967 INFO c.h.h.t.OperatorHelmChartContainer - [local-hivemq-0] [hivemq] [361fffe7] 100  910k  100  910k    0     0  2349k      0 --:--:-- --:--:-- --:--:-- 2347k
2025-01-29 01:01:08,967 INFO c.h.h.t.OperatorHelmChartContainer - [local-hivemq-0] [hivemq] [361fffe7] Installing extension #4 with name: hivemq-distributed-tracing-extension, URI: preinstalled, enabled state: false
2025-01-29 01:01:08,967 INFO c.h.h.t.OperatorHelmChartContainer - [local-hivemq-0] [hivemq] [361fffe7] + [[ 3 != 3 ]]
2025-01-29 01:01:08,967 INFO c.h.h.t.OperatorHelmChartContainer - [local-hivemq-0] [hivemq] [361fffe7] + EXTENSION_URI=preinstalled
2025-01-29 01:01:08,967 INFO c.h.h.t.OperatorHelmChartContainer - [local-hivemq-0] [hivemq] [361fffe7] + EXTENSION_NAME=hivemq-distributed-tracing-extension
2025-01-29 01:01:08,967 INFO c.h.h.t.OperatorHelmChartContainer - [local-hivemq-0] [hivemq] [361fffe7] + TARGET_STATE=false
2025-01-29 01:01:08,967 INFO c.h.h.t.OperatorHelmChartContainer - [local-hivemq-0] [hivemq] [361fffe7] + TARGET_DIR=/opt/hivemq/extensions/hivemq-distributed-tracing-extension
2025-01-29 01:01:08,967 INFO c.h.h.t.OperatorHelmChartContainer - [local-hivemq-0] [hivemq] [361fffe7] ++ mktemp -d
2025-01-29 01:01:08,967 INFO c.h.h.t.OperatorHelmChartContainer - [local-hivemq-0] [hivemq] [361fffe7] + install_dir=/tmp/tmp.dx1UekRiu3
2025-01-29 01:01:08,967 INFO c.h.h.t.OperatorHelmChartContainer - [local-hivemq-0] [hivemq] [361fffe7] + set +e
2025-01-29 01:01:08,967 INFO c.h.h.t.OperatorHelmChartContainer - [local-hivemq-0] [hivemq] [361fffe7] + [[ -f /opt/hivemq/extensions/hivemq-distributed-tracing-extension/DISABLED ]]
2025-01-29 01:01:08,967 INFO c.h.h.t.OperatorHelmChartContainer - [local-hivemq-0] [hivemq] [361fffe7] + was_enabled=0
2025-01-29 01:01:08,967 INFO c.h.h.t.OperatorHelmChartContainer - [local-hivemq-0] [hivemq] [361fffe7] + set -e
2025-01-29 01:01:08,967 INFO c.h.h.t.OperatorHelmChartContainer - [local-hivemq-0] [hivemq] [361fffe7] + [[ preinstalled != \p\r\e\i\n\s\t\a\l\l\e\d ]]
2025-01-29 01:01:08,967 INFO c.h.h.t.OperatorHelmChartContainer - [local-hivemq-0] [hivemq] [361fffe7] + [[ false == \f\a\l\s\e ]]
2025-01-29 01:01:08,967 INFO c.h.h.t.OperatorHelmChartContainer - [local-hivemq-0] [hivemq] [361fffe7] + touch /opt/hivemq/extensions/hivemq-distributed-tracing-extension/DISABLED
2025-01-29 01:01:08,967 INFO c.h.h.t.OperatorHelmChartContainer - [local-hivemq-0] [hivemq] [361fffe7] + was_enabled=0
2025-01-29 01:01:08,967 INFO c.h.h.t.OperatorHelmChartContainer - [local-hivemq-0] [hivemq] [361fffe7] + [[ preinstalled != \p\r\e\i\n\s\t\a\l\l\e\d ]]
2025-01-29 01:01:08,967 INFO c.h.h.t.OperatorHelmChartContainer - [local-hivemq-0] [hivemq] [361fffe7] + /opt/hivemq/bin/run_initialization.sh hivemq-distributed-tracing-extension
2025-01-29 01:01:08,967 INFO c.h.h.t.OperatorHelmChartContainer - [local-hivemq-0] [hivemq] [361fffe7] + EXTENSION_NAME=hivemq-distributed-tracing-extension
2025-01-29 01:01:08,967 INFO c.h.h.t.OperatorHelmChartContainer - [local-hivemq-0] [hivemq] [361fffe7] + TARGET_DIR=/opt/hivemq/extensions/hivemq-distributed-tracing-extension
2025-01-29 01:01:08,967 INFO c.h.h.t.OperatorHelmChartContainer - [local-hivemq-0] [hivemq] [361fffe7] + cd /opt/hivemq/extensions/hivemq-distributed-tracing-extension
2025-01-29 01:01:08,967 INFO c.h.h.t.OperatorHelmChartContainer - [local-hivemq-0] [hivemq] [361fffe7] + [[ -f init_tmp ]]
2025-01-29 01:01:08,967 INFO c.h.h.t.OperatorHelmChartContainer - [local-hivemq-0] [hivemq] [361fffe7] + [[ -f /etc/podinfo/init-extension-hivemq-distributed-tracing-extension ]]
2025-01-29 01:01:08,967 INFO c.h.h.t.OperatorHelmChartContainer - [local-hivemq-0] [hivemq] [361fffe7] Installing extension #5 with name: hivemq-amazon-kinesis-extension, URI: preinstalled, enabled state: false
2025-01-29 01:01:08,967 INFO c.h.h.t.OperatorHelmChartContainer - [local-hivemq-0] [hivemq] [361fffe7] + [[ 3 != 3 ]]
2025-01-29 01:01:08,967 INFO c.h.h.t.OperatorHelmChartContainer - [local-hivemq-0] [hivemq] [361fffe7] + EXTENSION_URI=preinstalled
2025-01-29 01:01:08,967 INFO c.h.h.t.OperatorHelmChartContainer - [local-hivemq-0] [hivemq] [361fffe7] + EXTENSION_NAME=hivemq-amazon-kinesis-extension
2025-01-29 01:01:08,967 INFO c.h.h.t.OperatorHelmChartContainer - [local-hivemq-0] [hivemq] [361fffe7] + TARGET_STATE=false
2025-01-29 01:01:08,968 INFO c.h.h.t.OperatorHelmChartContainer - [local-hivemq-0] [hivemq] [361fffe7] + TARGET_DIR=/opt/hivemq/extensions/hivemq-amazon-kinesis-extension
2025-01-29 01:01:08,968 INFO c.h.h.t.OperatorHelmChartContainer - [local-hivemq-0] [hivemq] [361fffe7] ++ mktemp -d
2025-01-29 01:01:08,968 INFO c.h.h.t.OperatorHelmChartContainer - [local-hivemq-0] [hivemq] [361fffe7] + install_dir=/tmp/tmp.xJ2kJTMH45
2025-01-29 01:01:08,968 INFO c.h.h.t.OperatorHelmChartContainer - [local-hivemq-0] [hivemq] [361fffe7] + set +e
2025-01-29 01:01:08,968 INFO c.h.h.t.OperatorHelmChartContainer - [local-hivemq-0] [hivemq] [361fffe7] + [[ -f /opt/hivemq/extensions/hivemq-amazon-kinesis-extension/DISABLED ]]
2025-01-29 01:01:08,968 INFO c.h.h.t.OperatorHelmChartContainer - [local-hivemq-0] [hivemq] [361fffe7] + was_enabled=0
2025-01-29 01:01:08,968 INFO c.h.h.t.OperatorHelmChartContainer - [local-hivemq-0] [hivemq] [361fffe7] + set -e
2025-01-29 01:01:08,968 INFO c.h.h.t.OperatorHelmChartContainer - [local-hivemq-0] [hivemq] [361fffe7] + [[ preinstalled != \p\r\e\i\n\s\t\a\l\l\e\d ]]
2025-01-29 01:01:08,968 INFO c.h.h.t.OperatorHelmChartContainer - [local-hivemq-0] [hivemq] [361fffe7] + [[ false == \f\a\l\s\e ]]
2025-01-29 01:01:08,968 INFO c.h.h.t.OperatorHelmChartContainer - [local-hivemq-0] [hivemq] [361fffe7] + touch /opt/hivemq/extensions/hivemq-amazon-kinesis-extension/DISABLED
2025-01-29 01:01:08,968 INFO c.h.h.t.OperatorHelmChartContainer - [local-hivemq-0] [hivemq] [361fffe7] + was_enabled=0
2025-01-29 01:01:08,968 INFO c.h.h.t.OperatorHelmChartContainer - [local-hivemq-0] [hivemq] [361fffe7] + [[ preinstalled != \p\r\e\i\n\s\t\a\l\l\e\d ]]
2025-01-29 01:01:08,968 INFO c.h.h.t.OperatorHelmChartContainer - [local-hivemq-0] [hivemq] [361fffe7] + /opt/hivemq/bin/run_initialization.sh hivemq-amazon-kinesis-extension
2025-01-29 01:01:08,968 INFO c.h.h.t.OperatorHelmChartContainer - [local-hivemq-0] [hivemq] [361fffe7] + EXTENSION_NAME=hivemq-amazon-kinesis-extension
2025-01-29 01:01:08,968 INFO c.h.h.t.OperatorHelmChartContainer - [local-hivemq-0] [hivemq] [361fffe7] + TARGET_DIR=/opt/hivemq/extensions/hivemq-amazon-kinesis-extension
2025-01-29 01:01:08,968 INFO c.h.h.t.OperatorHelmChartContainer - [local-hivemq-0] [hivemq] [361fffe7] + cd /opt/hivemq/extensions/hivemq-amazon-kinesis-extension
2025-01-29 01:01:08,968 INFO c.h.h.t.OperatorHelmChartContainer - [local-hivemq-0] [hivemq] [361fffe7] + [[ -f init_tmp ]]
2025-01-29 01:01:08,968 INFO c.h.h.t.OperatorHelmChartContainer - [local-hivemq-0] [hivemq] [361fffe7] + [[ -f /etc/podinfo/init-extension-hivemq-amazon-kinesis-extension ]]
2025-01-29 01:01:08,968 INFO c.h.h.t.OperatorHelmChartContainer - [local-hivemq-0] [hivemq] [361fffe7] -------------------------------------------------------------------------
2025-01-29 01:01:08,968 INFO c.h.h.t.OperatorHelmChartContainer - [local-hivemq-0] [hivemq] [361fffe7] 
2025-01-29 01:01:08,968 INFO c.h.h.t.OperatorHelmChartContainer - [local-hivemq-0] [hivemq] [361fffe7]                   _    _  _              __  __   ____
2025-01-29 01:01:08,968 INFO c.h.h.t.OperatorHelmChartContainer - [local-hivemq-0] [hivemq] [361fffe7]                  | |  | |(_)            |  \/  | / __ \
2025-01-29 01:01:08,968 INFO c.h.h.t.OperatorHelmChartContainer - [local-hivemq-0] [hivemq] [361fffe7]                  | |__| | _ __   __ ___ | \  / || |  | |
2025-01-29 01:01:08,968 INFO c.h.h.t.OperatorHelmChartContainer - [local-hivemq-0] [hivemq] [361fffe7]                  |  __  || |\ \ / // _ \| |\/| || |  | |
2025-01-29 01:01:08,968 INFO c.h.h.t.OperatorHelmChartContainer - [local-hivemq-0] [hivemq] [361fffe7]                  | |  | || | \ V /|  __/| |  | || |__| |
2025-01-29 01:01:08,968 INFO c.h.h.t.OperatorHelmChartContainer - [local-hivemq-0] [hivemq] [361fffe7]                  |_|  |_||_|  \_/  \___||_|  |_| \___\_\
2025-01-29 01:01:08,968 INFO c.h.h.t.OperatorHelmChartContainer - [local-hivemq-0] [hivemq] [361fffe7] 
2025-01-29 01:01:08,968 INFO c.h.h.t.OperatorHelmChartContainer - [local-hivemq-0] [hivemq] [361fffe7] -------------------------------------------------------------------------
2025-01-29 01:01:08,968 INFO c.h.h.t.OperatorHelmChartContainer - [local-hivemq-0] [hivemq] [361fffe7] 
2025-01-29 01:01:08,968 INFO c.h.h.t.OperatorHelmChartContainer - [local-hivemq-0] [hivemq] [361fffe7]   HiveMQ Start Script for Linux/Unix v1.14
2025-01-29 01:01:08,968 INFO c.h.h.t.OperatorHelmChartContainer - [local-hivemq-0] [hivemq] [361fffe7] 
2025-01-29 01:01:08,968 INFO c.h.h.t.OperatorHelmChartContainer - [local-hivemq-0] [hivemq] [361fffe7] -------------------------------------------------------------------------
2025-01-29 01:01:08,968 INFO c.h.h.t.OperatorHelmChartContainer - [local-hivemq-0] [hivemq] [361fffe7] 
2025-01-29 01:01:08,968 INFO c.h.h.t.OperatorHelmChartContainer - [local-hivemq-0] [hivemq] [361fffe7]   HIVEMQ_HOME: /opt/hivemq
2025-01-29 01:01:08,968 INFO c.h.h.t.OperatorHelmChartContainer - [local-hivemq-0] [hivemq] [361fffe7] 
2025-01-29 01:01:08,971 INFO c.h.h.t.OperatorHelmChartContainer - [local-hivemq-0] [hivemq] [361fffe7]   JAVA_OPTS: -XX:+UnlockExperimentalVMOptions -XX:InitialRAMPercentage=40 -XX:MaxRAMPercentage=50 -XX:MinRAMPercentage=30 -Djava.net.preferIPv4Stack=true --add-opens java.base/java.lang=ALL-UNNAMED --add-opens java.base/java.nio=ALL-UNNAMED --add-opens java.base/sun.nio.ch=ALL-UNNAMED --add-opens jdk.management/com.sun.management.internal=ALL-UNNAMED --add-exports java.base/jdk.internal.misc=ALL-UNNAMED -Djava.security.egd=file:/dev/./urandom -Dcom.sun.management.jmxremote -Dcom.sun.management.jmxremote.port=9010 -Dcom.sun.management.jmxremote.local.only=false -Dcom.sun.management.jmxremote.authenticate=false -Dcom.sun.management.jmxremote.ssl=false -Duser.language=en -Duser.region=US -XX:+CrashOnOutOfMemoryError -XX:+HeapDumpOnOutOfMemoryError
2025-01-29 01:01:08,971 INFO c.h.h.t.OperatorHelmChartContainer - [local-hivemq-0] [hivemq] [361fffe7] 
2025-01-29 01:01:08,971 INFO c.h.h.t.OperatorHelmChartContainer - [local-hivemq-0] [hivemq] [361fffe7]   JAVA_VERSION: 21
2025-01-29 01:01:08,971 INFO c.h.h.t.OperatorHelmChartContainer - [local-hivemq-0] [hivemq] [361fffe7] 
2025-01-29 01:01:08,971 INFO c.h.h.t.OperatorHelmChartContainer - [local-hivemq-0] [hivemq] [361fffe7] -------------------------------------------------------------------------
2025-01-29 01:01:08,971 INFO c.h.h.t.OperatorHelmChartContainer - [local-hivemq-0] [hivemq] [361fffe7] 
2025-01-29 01:01:08,971 INFO c.h.h.t.OperatorHelmChartContainer - [local-hivemq-0] [hivemq] [361fffe7] INFO  - Starting HiveMQ Enterprise Server
2025-01-29 01:01:08,971 INFO c.h.h.t.OperatorHelmChartContainer - [local-hivemq-0] [hivemq] [361fffe7] INFO  - HiveMQ version: 4.36.0
2025-01-29 01:01:08,971 INFO c.h.h.t.OperatorHelmChartContainer - [local-hivemq-0] [hivemq] [361fffe7] INFO  - HiveMQ home directory: /opt/hivemq
2025-01-29 01:01:08,971 INFO c.h.h.t.OperatorHelmChartContainer - [local-hivemq-0] [hivemq] [361fffe7] INFO  - Log Configuration was overridden by /opt/hivemq/conf/logback.xml
2025-01-29 01:01:08,971 INFO c.h.h.t.OperatorHelmChartContainer - [local-hivemq-0] [hivemq] [361fffe7] DEBUG - Adding TCP Listener on bind address 0.0.0.0 and port 1883. Name: tcp-listener-1883. Proxy Protocol supported: false
2025-01-29 01:01:08,971 INFO c.h.h.t.OperatorHelmChartContainer - [local-hivemq-0] [hivemq] [361fffe7] DEBUG - Setting retained messages enabled to true
2025-01-29 01:01:08,971 INFO c.h.h.t.OperatorHelmChartContainer - [local-hivemq-0] [hivemq] [361fffe7] DEBUG - Setting wildcard subscriptions enabled to true
2025-01-29 01:01:08,971 INFO c.h.h.t.OperatorHelmChartContainer - [local-hivemq-0] [hivemq] [361fffe7] DEBUG - Setting subscription identifier enabled to true
2025-01-29 01:01:08,971 INFO c.h.h.t.OperatorHelmChartContainer - [local-hivemq-0] [hivemq] [361fffe7] DEBUG - Setting shared subscriptions enabled to true
2025-01-29 01:01:08,971 INFO c.h.h.t.OperatorHelmChartContainer - [local-hivemq-0] [hivemq] [361fffe7] DEBUG - Setting maximum qos to EXACTLY_ONCE 
2025-01-29 01:01:08,971 INFO c.h.h.t.OperatorHelmChartContainer - [local-hivemq-0] [hivemq] [361fffe7] DEBUG - Setting topic alias enabled to true
2025-01-29 01:01:08,971 INFO c.h.h.t.OperatorHelmChartContainer - [local-hivemq-0] [hivemq] [361fffe7] DEBUG - Setting topic alias maximum per client to 5
2025-01-29 01:01:08,971 INFO c.h.h.t.OperatorHelmChartContainer - [local-hivemq-0] [hivemq] [361fffe7] DEBUG - Setting the number of max queued messages  per client to 1000 entries
2025-01-29 01:01:08,971 INFO c.h.h.t.OperatorHelmChartContainer - [local-hivemq-0] [hivemq] [361fffe7] DEBUG - Setting queued messages strategy for each client to DISCARD
2025-01-29 01:01:08,971 INFO c.h.h.t.OperatorHelmChartContainer - [local-hivemq-0] [hivemq] [361fffe7] DEBUG - Setting the expiry interval for client sessions to 4294967295 seconds
2025-01-29 01:01:08,971 INFO c.h.h.t.OperatorHelmChartContainer - [local-hivemq-0] [hivemq] [361fffe7] DEBUG - Setting the expiry interval for publish messages to 4294967296 seconds
2025-01-29 01:01:08,971 INFO c.h.h.t.OperatorHelmChartContainer - [local-hivemq-0] [hivemq] [361fffe7] DEBUG - Setting the server receive maximum to 10
2025-01-29 01:01:08,971 INFO c.h.h.t.OperatorHelmChartContainer - [local-hivemq-0] [hivemq] [361fffe7] DEBUG - Setting keep alive maximum to 65535 seconds
2025-01-29 01:01:08,971 INFO c.h.h.t.OperatorHelmChartContainer - [local-hivemq-0] [hivemq] [361fffe7] DEBUG - Setting keep alive allow zero to true
2025-01-29 01:01:08,971 INFO c.h.h.t.OperatorHelmChartContainer - [local-hivemq-0] [hivemq] [361fffe7] DEBUG - Setting the maximum packet size for mqtt messages 268435460 bytes
2025-01-29 01:01:08,971 INFO c.h.h.t.OperatorHelmChartContainer - [local-hivemq-0] [hivemq] [361fffe7] DEBUG - Setting global maximum allowed connections to -1
2025-01-29 01:01:08,971 INFO c.h.h.t.OperatorHelmChartContainer - [local-hivemq-0] [hivemq] [361fffe7] DEBUG - Setting the maximum client id length to 65535
2025-01-29 01:01:08,971 INFO c.h.h.t.OperatorHelmChartContainer - [local-hivemq-0] [hivemq] [361fffe7] DEBUG - Setting the timeout for disconnecting idle tcp connections before a connect message was received to 10000 milliseconds
2025-01-29 01:01:08,971 INFO c.h.h.t.OperatorHelmChartContainer - [local-hivemq-0] [hivemq] [361fffe7] DEBUG - Throttling the global incoming traffic limit 0 bytes/second
2025-01-29 01:01:08,971 INFO c.h.h.t.OperatorHelmChartContainer - [local-hivemq-0] [hivemq] [361fffe7] DEBUG - Setting the maximum topic length to 65535
2025-01-29 01:01:08,971 INFO c.h.h.t.OperatorHelmChartContainer - [local-hivemq-0] [hivemq] [361fffe7] DEBUG - Setting allow server assigned client identifier to true
2025-01-29 01:01:08,971 INFO c.h.h.t.OperatorHelmChartContainer - [local-hivemq-0] [hivemq] [361fffe7] DEBUG - Setting validate UTF-8 to true
2025-01-29 01:01:08,971 INFO c.h.h.t.OperatorHelmChartContainer - [local-hivemq-0] [hivemq] [361fffe7] DEBUG - Setting payload format validation to false
2025-01-29 01:01:08,971 INFO c.h.h.t.OperatorHelmChartContainer - [local-hivemq-0] [hivemq] [361fffe7] DEBUG - Setting allow-problem-information to true
2025-01-29 01:01:08,972 INFO c.h.h.t.OperatorHelmChartContainer - [local-hivemq-0] [hivemq] [361fffe7] DEBUG - Setting control-center audit log enabled to true
2025-01-29 01:01:08,972 INFO c.h.h.t.OperatorHelmChartContainer - [local-hivemq-0] [hivemq] [361fffe7] DEBUG - Setting rest-api audit log enabled to true
2025-01-29 01:01:08,972 INFO c.h.h.t.OperatorHelmChartContainer - [local-hivemq-0] [hivemq] [361fffe7] DEBUG - Setting HiveMQ Control Center enabled to true 
2025-01-29 01:01:08,972 INFO c.h.h.t.OperatorHelmChartContainer - [local-hivemq-0] [hivemq] [361fffe7] DEBUG - Setting HiveMQ Control Center default login enabled to true 
2025-01-29 01:01:08,972 INFO c.h.h.t.OperatorHelmChartContainer - [local-hivemq-0] [hivemq] [361fffe7] DEBUG - Setting HiveMQ Control Center session idle time to 14400 seconds
2025-01-29 01:01:08,972 INFO c.h.h.t.OperatorHelmChartContainer - [local-hivemq-0] [hivemq] [361fffe7] DEBUG - Adding Http-Listener to HiveMQ Control Center Config
2025-01-29 01:01:08,972 INFO c.h.h.t.OperatorHelmChartContainer - [local-hivemq-0] [hivemq] [361fffe7] DEBUG - Set TLS to disabled for cluster TCP transport
2025-01-29 01:01:08,972 INFO c.h.h.t.OperatorHelmChartContainer - [local-hivemq-0] [hivemq] [361fffe7] DEBUG - Setting replica count to 2 
2025-01-29 01:01:08,972 INFO c.h.h.t.OperatorHelmChartContainer - [local-hivemq-0] [hivemq] [361fffe7] DEBUG - Setting cluster TCP health-check enabled
2025-01-29 01:01:08,972 INFO c.h.h.t.OperatorHelmChartContainer - [local-hivemq-0] [hivemq] [361fffe7] DEBUG - Setting cluster TCP health-check bind-address to 10.42.0.7
2025-01-29 01:01:08,972 INFO c.h.h.t.OperatorHelmChartContainer - [local-hivemq-0] [hivemq] [361fffe7] DEBUG - Setting cluster TCP health-check bind-address to 9000
2025-01-29 01:01:08,972 INFO c.h.h.t.OperatorHelmChartContainer - [local-hivemq-0] [hivemq] [361fffe7] DEBUG - Setting cluster TCP health-check bind-port to 9000
2025-01-29 01:01:08,972 INFO c.h.h.t.OperatorHelmChartContainer - [local-hivemq-0] [hivemq] [361fffe7] DEBUG - Setting cluster TCP health-check external-address to default
2025-01-29 01:01:08,972 INFO c.h.h.t.OperatorHelmChartContainer - [local-hivemq-0] [hivemq] [361fffe7] DEBUG - Setting cluster TCP health-check external-port to 0
2025-01-29 01:01:08,972 INFO c.h.h.t.OperatorHelmChartContainer - [local-hivemq-0] [hivemq] [361fffe7] DEBUG - Setting cluster heartbeat enabled
2025-01-29 01:01:08,972 INFO c.h.h.t.OperatorHelmChartContainer - [local-hivemq-0] [hivemq] [361fffe7] DEBUG - Setting cluster heartbeat interval to 4000 ms
2025-01-29 01:01:08,972 INFO c.h.h.t.OperatorHelmChartContainer - [local-hivemq-0] [hivemq] [361fffe7] DEBUG - Setting the cluster heartbeat timeout to 30000 ms
2025-01-29 01:01:08,972 INFO c.h.h.t.OperatorHelmChartContainer - [local-hivemq-0] [hivemq] [361fffe7] DEBUG - Setting HiveMQ REST API enabled to false 
2025-01-29 01:01:08,972 INFO c.h.h.t.OperatorHelmChartContainer - [local-hivemq-0] [hivemq] [361fffe7] DEBUG - Setting HiveMQ REST API authentication enabled to false 
2025-01-29 01:01:08,972 INFO c.h.h.t.OperatorHelmChartContainer - [local-hivemq-0] [hivemq] [361fffe7] DEBUG - Setting HiveMQ Health API enabled to false 
2025-01-29 01:01:08,972 INFO c.h.h.t.OperatorHelmChartContainer - [local-hivemq-0] [hivemq] [361fffe7] DEBUG - Setting client event history enabled to false
2025-01-29 01:01:08,972 INFO c.h.h.t.OperatorHelmChartContainer - [local-hivemq-0] [hivemq] [361fffe7] DEBUG - Setting client event history lifetime to 604800000 ms
2025-01-29 01:01:08,972 INFO c.h.h.t.OperatorHelmChartContainer - [local-hivemq-0] [hivemq] [361fffe7] DEBUG - Setting overload protection enabled to true 
2025-01-29 01:01:08,972 INFO c.h.h.t.OperatorHelmChartContainer - [local-hivemq-0] [hivemq] [361fffe7] DEBUG - Setting anonymous usage statistics enabled to false 
2025-01-29 01:01:08,972 INFO c.h.h.t.OperatorHelmChartContainer - [local-hivemq-0] [hivemq] [361fffe7] DEBUG - Setting expired messages topic enabled to false
2025-01-29 01:01:08,972 INFO c.h.h.t.OperatorHelmChartContainer - [local-hivemq-0] [hivemq] [361fffe7] DEBUG - Setting dropped messages topic enabled to false
2025-01-29 01:01:08,972 INFO c.h.h.t.OperatorHelmChartContainer - [local-hivemq-0] [hivemq] [361fffe7] DEBUG - Setting dead messages topic enabled to false
2025-01-29 01:01:08,972 INFO c.h.h.t.OperatorHelmChartContainer - [local-hivemq-0] [hivemq] [361fffe7] INFO  - Successfully loaded configuration from '/opt/hivemq/conf/config.xml'.
2025-01-29 01:01:08,972 INFO c.h.h.t.OperatorHelmChartContainer - [local-hivemq-0] [hivemq] [361fffe7] DEBUG - Performing sanity checks.
2025-01-29 01:01:08,972 INFO c.h.h.t.OperatorHelmChartContainer - [local-hivemq-0] [hivemq] [361fffe7] DEBUG - Soft limit for open files (1048576) satisfies the recommended limit (1000000).
2025-01-29 01:01:08,972 INFO c.h.h.t.OperatorHelmChartContainer - [local-hivemq-0] [hivemq] [361fffe7] DEBUG - Hard limit for open files (1048576) satisfies the recommended limit (1000000).
2025-01-29 01:01:08,972 INFO c.h.h.t.OperatorHelmChartContainer - [local-hivemq-0] [hivemq] [361fffe7] DEBUG - HiveMQ license directory (/opt/hivemq/license) satisfies all required file-system permissions.
2025-01-29 01:01:08,972 INFO c.h.h.t.OperatorHelmChartContainer - [local-hivemq-0] [hivemq] [361fffe7] DEBUG - HiveMQ data directory (/opt/hivemq/data) satisfies all required file-system permissions.
2025-01-29 01:01:08,972 INFO c.h.h.t.OperatorHelmChartContainer - [local-hivemq-0] [hivemq] [361fffe7] DEBUG - HiveMQ log directory (/opt/hivemq/log) satisfies all required file-system permissions.
2025-01-29 01:01:08,972 INFO c.h.h.t.OperatorHelmChartContainer - [local-hivemq-0] [hivemq] [361fffe7] DEBUG - HiveMQ backup directory (/opt/hivemq/backup) satisfies all required file-system permissions.
2025-01-29 01:01:08,972 INFO c.h.h.t.OperatorHelmChartContainer - [local-hivemq-0] [hivemq] [361fffe7] DEBUG - HiveMQ audit directory (/opt/hivemq/audit) satisfies all required file-system permissions.
2025-01-29 01:01:08,972 INFO c.h.h.t.OperatorHelmChartContainer - [local-hivemq-0] [hivemq] [361fffe7] DEBUG - HiveMQ extensions directory (/opt/hivemq/extensions) satisfies all required file-system permissions.
2025-01-29 01:01:08,972 INFO c.h.h.t.OperatorHelmChartContainer - [local-hivemq-0] [hivemq] [361fffe7] DEBUG - Extension directory hivemq-allow-all-extension (/opt/hivemq/extensions/hivemq-allow-all-extension) satisfies all required file-system permissions.
2025-01-29 01:01:08,972 INFO c.h.h.t.OperatorHelmChartContainer - [local-hivemq-0] [hivemq] [361fffe7] DEBUG - Extension directory hivemq-google-cloud-pubsub-extension (/opt/hivemq/extensions/hivemq-google-cloud-pubsub-extension) satisfies all required file-system permissions.
2025-01-29 01:01:08,972 INFO c.h.h.t.OperatorHelmChartContainer - [local-hivemq-0] [hivemq] [361fffe7] DEBUG - Extension directory hivemq-enterprise-security-extension (/opt/hivemq/extensions/hivemq-enterprise-security-extension) satisfies all required file-system permissions.
2025-01-29 01:01:08,972 INFO c.h.h.t.OperatorHelmChartContainer - [local-hivemq-0] [hivemq] [361fffe7] DEBUG - Extension directory hivemq-bridge-extension (/opt/hivemq/extensions/hivemq-bridge-extension) satisfies all required file-system permissions.
2025-01-29 01:01:08,972 INFO c.h.h.t.OperatorHelmChartContainer - [local-hivemq-0] [hivemq] [361fffe7] DEBUG - Extension directory hivemq-kafka-extension (/opt/hivemq/extensions/hivemq-kafka-extension) satisfies all required file-system permissions.
2025-01-29 01:01:08,972 INFO c.h.h.t.OperatorHelmChartContainer - [local-hivemq-0] [hivemq] [361fffe7] DEBUG - Extension directory hivemq-distributed-tracing-extension (/opt/hivemq/extensions/hivemq-distributed-tracing-extension) satisfies all required file-system permissions.
2025-01-29 01:01:08,972 INFO c.h.h.t.OperatorHelmChartContainer - [local-hivemq-0] [hivemq] [361fffe7] DEBUG - Extension directory hivemq-prometheus-extension (/opt/hivemq/extensions/hivemq-prometheus-extension) satisfies all required file-system permissions.
2025-01-29 01:01:08,972 INFO c.h.h.t.OperatorHelmChartContainer - [local-hivemq-0] [hivemq] [361fffe7] DEBUG - Extension directory hivemq-amazon-kinesis-extension (/opt/hivemq/extensions/hivemq-amazon-kinesis-extension) satisfies all required file-system permissions.
2025-01-29 01:01:08,972 INFO c.h.h.t.OperatorHelmChartContainer - [local-hivemq-0] [hivemq] [361fffe7] DEBUG - Extension directory hivemq-k8s-sync-extension (/opt/hivemq/extensions/hivemq-k8s-sync-extension) satisfies all required file-system permissions.
2025-01-29 01:01:08,972 INFO c.h.h.t.OperatorHelmChartContainer - [local-hivemq-0] [hivemq] [361fffe7] DEBUG - Extension directory hivemq-dns-cluster-discovery (/opt/hivemq/extensions/hivemq-dns-cluster-discovery) satisfies all required file-system permissions.
2025-01-29 01:01:08,974 INFO c.h.h.t.OperatorHelmChartContainer - [POD] local-hivemq-0 [361fffe7-fdd9-4da4-b5ac-478890474899] in default was ADDED
2025-01-29 01:01:08,975 INFO c.h.h.t.OperatorHelmChartContainer - [local-hivemq-0] [hivemq] [361fffe7] DEBUG - Extension directory hivemq-snowflake-extension (/opt/hivemq/extensions/hivemq-snowflake-extension) satisfies all required file-system permissions.
2025-01-29 01:01:08,976 INFO c.h.h.t.OperatorHelmChartContainer - [local-hivemq-0] [hivemq] [361fffe7] DEBUG - Extension directory hivemq-postgresql-extension (/opt/hivemq/extensions/hivemq-postgresql-extension) satisfies all required file-system permissions.
2025-01-29 01:01:08,976 INFO c.h.h.t.OperatorHelmChartContainer - [local-hivemq-0] [hivemq] [361fffe7] DEBUG - Extension directory hivemq-mysql-extension (/opt/hivemq/extensions/hivemq-mysql-extension) satisfies all required file-system permissions.
2025-01-29 01:01:08,976 INFO c.h.h.t.OperatorHelmChartContainer - [local-hivemq-0] [hivemq] [361fffe7] DEBUG - Extension directory hivemq-mongodb-extension (/opt/hivemq/extensions/hivemq-mongodb-extension) satisfies all required file-system permissions.
2025-01-29 01:01:08,976 INFO c.h.h.t.OperatorHelmChartContainer - [local-hivemq-0] [hivemq] [361fffe7] DEBUG - Extension directory hivemq-data-lake-extension (/opt/hivemq/extensions/hivemq-data-lake-extension) satisfies all required file-system permissions.
2025-01-29 01:01:08,976 INFO c.h.h.t.OperatorHelmChartContainer - [local-hivemq-0] [hivemq] [361fffe7] DEBUG - Extension directory hivemq-microsoft-sql-server-extension (/opt/hivemq/extensions/hivemq-microsoft-sql-server-extension) satisfies all required file-system permissions.
2025-01-29 01:01:08,976 INFO c.h.h.t.OperatorHelmChartContainer - [local-hivemq-0] [hivemq] [361fffe7] DEBUG - Temporary directory (/tmp) satisfies all required file-system permissions.
2025-01-29 01:01:08,976 INFO c.h.h.t.OperatorHelmChartContainer - [local-hivemq-0] [hivemq] [361fffe7] DEBUG - Heap dump directory (/opt/hivemq/dumps) satisfies all required file-system permissions.
2025-01-29 01:01:08,976 INFO c.h.h.t.OperatorHelmChartContainer - [local-hivemq-0] [hivemq] [361fffe7] DEBUG - Performed all sanity checks in 93ms. All sanity checks passed successfully.
2025-01-29 01:01:08,976 INFO c.h.h.t.OperatorHelmChartContainer - [local-hivemq-0] [hivemq] [361fffe7] INFO  - This node's ID is NTAIY
2025-01-29 01:01:08,976 INFO c.h.h.t.OperatorHelmChartContainer - [local-hivemq-0] [hivemq] [361fffe7] INFO  - Clustering is enabled
2025-01-29 01:01:08,976 INFO c.h.h.t.OperatorHelmChartContainer - [local-hivemq-0] [hivemq] [361fffe7] DEBUG - Configured WriteBufferManager with size for memtables 311023370 and for the block cache 466535055
2025-01-29 01:01:08,976 INFO c.h.h.t.OperatorHelmChartContainer - [local-hivemq-0] [hivemq] [361fffe7] DEBUG - Starting RocksDBMemoryUsageWatchdog.
2025-01-29 01:01:08,976 INFO c.h.h.t.OperatorHelmChartContainer - [local-hivemq-0] [hivemq] [361fffe7] DEBUG - RocksDBMemoryUsageWatchdog is running.
2025-01-29 01:01:08,976 INFO c.h.h.t.OperatorHelmChartContainer - [local-hivemq-0] [hivemq] [361fffe7] DEBUG - Folder /opt/hivemq/data/persistence does not exist, trying to create it
2025-01-29 01:01:08,976 INFO c.h.h.t.OperatorHelmChartContainer - [local-hivemq-0] [hivemq] [361fffe7] DEBUG - Created folder /opt/hivemq/data
2025-01-29 01:01:08,976 INFO c.h.h.t.OperatorHelmChartContainer - [local-hivemq-0] [hivemq] [361fffe7] DEBUG - Folder /opt/hivemq/data/persistence/publish_payload_store/040500_R does not exist, trying to create it
2025-01-29 01:01:08,976 INFO c.h.h.t.OperatorHelmChartContainer - [local-hivemq-0] [hivemq] [361fffe7] DEBUG - Folder /opt/hivemq/data/persistence/client_queue/042800_R does not exist, trying to create it
2025-01-29 01:01:08,976 INFO c.h.h.t.OperatorHelmChartContainer - [local-hivemq-0] [hivemq] [361fffe7] DEBUG - Folder /opt/hivemq/data/persistence/client_session_store/040100_R does not exist, trying to create it
2025-01-29 01:01:08,976 INFO c.h.h.t.OperatorHelmChartContainer - [local-hivemq-0] [hivemq] [361fffe7] DEBUG - Folder /opt/hivemq/data/persistence/client_session_subscriptions/043200_R does not exist, trying to create it
2025-01-29 01:01:08,976 INFO c.h.h.t.OperatorHelmChartContainer - [local-hivemq-0] [hivemq] [361fffe7] DEBUG - Folder /opt/hivemq/data/persistence/attribute/043100_R does not exist, trying to create it
2025-01-29 01:01:08,976 INFO c.h.h.t.OperatorHelmChartContainer - [local-hivemq-0] [hivemq] [361fffe7] DEBUG - Folder /opt/hivemq/data/persistence/retained_messages/040800_R does not exist, trying to create it
2025-01-29 01:01:08,976 INFO c.h.h.t.OperatorHelmChartContainer - [local-hivemq-0] [hivemq] [361fffe7] DEBUG - Folder /opt/hivemq/data/persistence/incoming_message_flow/043000_R does not exist, trying to create it
2025-01-29 01:01:08,976 INFO c.h.h.t.OperatorHelmChartContainer - [local-hivemq-0] [hivemq] [361fffe7] DEBUG - Folder /opt/hivemq/data/persistence/data_hub_modules/043000_R does not exist, trying to create it
2025-01-29 01:01:08,976 INFO c.h.h.t.OperatorHelmChartContainer - [local-hivemq-0] [hivemq] [361fffe7] DEBUG - Folder /opt/hivemq/data/persistence/data_hub_schemas/042000_R does not exist, trying to create it
2025-01-29 01:01:08,976 INFO c.h.h.t.OperatorHelmChartContainer - [local-hivemq-0] [hivemq] [361fffe7] DEBUG - Folder /opt/hivemq/data/persistence/data_hub_scripts/042300_R does not exist, trying to create it
2025-01-29 01:01:08,976 INFO c.h.h.t.OperatorHelmChartContainer - [local-hivemq-0] [hivemq] [361fffe7] DEBUG - Folder /opt/hivemq/data/persistence/data_hub_policies/042000_R does not exist, trying to create it
2025-01-29 01:01:08,976 INFO c.h.h.t.OperatorHelmChartContainer - [local-hivemq-0] [hivemq] [361fffe7] DEBUG - Diagnostic mode is disabled
2025-01-29 01:01:08,976 INFO c.h.h.t.OperatorHelmChartContainer - [local-hivemq-0] [hivemq] [361fffe7] INFO  - No valid license file found. Using trial license, restricted to 25 connections.
2025-01-29 01:01:08,976 INFO c.h.h.t.OperatorHelmChartContainer - [local-hivemq-0] [hivemq] [361fffe7] DEBUG - Native Epoll is available on this platform
2025-01-29 01:01:08,976 INFO c.h.h.t.OperatorHelmChartContainer - [local-hivemq-0] [hivemq] [361fffe7] DEBUG - Set extension executor thread pool size to 1
2025-01-29 01:01:08,976 INFO c.h.h.t.OperatorHelmChartContainer - [local-hivemq-0] [hivemq] [361fffe7] DEBUG - Set extension executor thread pool keep-alive to 30 seconds
2025-01-29 01:01:08,976 INFO c.h.h.t.OperatorHelmChartContainer - [local-hivemq-0] [hivemq] [361fffe7] DEBUG - initializing RSA key
2025-01-29 01:01:08,976 INFO c.h.h.t.OperatorHelmChartContainer - [local-hivemq-0] [hivemq] [361fffe7] DEBUG - finished initializing RSA key in 1042ms
2025-01-29 01:01:08,976 INFO c.h.h.t.OperatorHelmChartContainer - [local-hivemq-0] [hivemq] [361fffe7] DEBUG - Unable to provide size and free metrics for disk /dev/sda: Could not find the corresponding FileStore (OSHI/Java).
2025-01-29 01:01:08,976 INFO c.h.h.t.OperatorHelmChartContainer - [local-hivemq-0] [hivemq] [361fffe7] DEBUG - Unable to provide size and free metrics for disk /dev/sdb: Could not find the corresponding FileStore (OSHI/Java).
2025-01-29 01:01:08,976 INFO c.h.h.t.OperatorHelmChartContainer - [local-hivemq-0] [hivemq] [361fffe7] DEBUG - Throttling incoming traffic to 0 B/s
2025-01-29 01:01:08,976 INFO c.h.h.t.OperatorHelmChartContainer - [local-hivemq-0] [hivemq] [361fffe7] DEBUG - Throttling outgoing traffic to 0 B/s
2025-01-29 01:01:08,976 INFO c.h.h.t.OperatorHelmChartContainer - [local-hivemq-0] [hivemq] [361fffe7] INFO  - No valid license file for Data Hub found. Using free license, restricted to 1 policy.
2025-01-29 01:01:08,976 INFO c.h.h.t.OperatorHelmChartContainer - [local-hivemq-0] [hivemq] [361fffe7] DEBUG - Building initial topic tree
2025-01-29 01:01:08,976 INFO c.h.h.t.OperatorHelmChartContainer - [local-hivemq-0] [hivemq] [361fffe7] DEBUG - Started JMX Metrics Reporting.
2025-01-29 01:01:08,976 INFO c.h.h.t.OperatorHelmChartContainer - [local-hivemq-0] [hivemq] [361fffe7] DEBUG - Registered JVM metrics with prefix com.hivemq.jvm.
2025-01-29 01:01:08,976 INFO c.h.h.t.OperatorHelmChartContainer - [local-hivemq-0] [hivemq] [361fffe7] DEBUG - Registered HiveMQ Health API metrics.
2025-01-29 01:01:08,976 INFO c.h.h.t.OperatorHelmChartContainer - [local-hivemq-0] [hivemq] [361fffe7] INFO  - Audit Logger started.
2025-01-29 01:01:08,976 INFO c.h.h.t.OperatorHelmChartContainer - [local-hivemq-0] [hivemq] [361fffe7] INFO  - This node uses '1' CPU cores.
2025-01-29 01:01:08,976 INFO c.h.h.t.OperatorHelmChartContainer - [local-hivemq-0] [hivemq] [361fffe7] INFO  - Starting HiveMQ extension system.
2025-01-29 01:01:08,976 INFO c.h.h.t.OperatorHelmChartContainer - [local-hivemq-0] [hivemq] [361fffe7] INFO  - Starting extension with id "hivemq-dns-cluster-discovery" at /opt/hivemq/extensions/hivemq-dns-cluster-discovery
2025-01-29 01:01:08,976 INFO c.h.h.t.OperatorHelmChartContainer - [local-hivemq-0] [hivemq] [361fffe7] DEBUG - HiveMQ DNS Cluster Discovery Extension: No DNS server address was set in the configuration file or environment variable.
2025-01-29 01:01:08,976 INFO c.h.h.t.OperatorHelmChartContainer - [local-hivemq-0] [hivemq] [361fffe7] DEBUG - HiveMQ DNS Cluster Discovery Extension: No reload interval was set in the configuration file or environment variable. Defaulting to 30.
2025-01-29 01:01:08,976 INFO c.h.h.t.OperatorHelmChartContainer - [local-hivemq-0] [hivemq] [361fffe7] INFO  - Extension "DNS Cluster Discovery Extension" version 4.3.3 started successfully.
2025-01-29 01:01:08,976 INFO c.h.h.t.OperatorHelmChartContainer - [local-hivemq-0] [hivemq] [361fffe7] INFO  - Starting extension with id "hivemq-k8s-sync-extension" at /opt/hivemq/extensions/hivemq-k8s-sync-extension
2025-01-29 01:01:08,976 INFO c.h.h.t.OperatorHelmChartContainer - [local-hivemq-0] [hivemq] [361fffe7] INFO  - Using TCP cluster transport on address 10.42.0.7 and port 7000
2025-01-29 01:01:08,976 INFO c.h.h.t.OperatorHelmChartContainer - [local-hivemq-0] [hivemq] [361fffe7] INFO  - Using extension cluster discovery
2025-01-29 01:01:08,976 INFO c.h.h.t.OperatorHelmChartContainer - [local-hivemq-0] [hivemq] [361fffe7] DEBUG - Could not get configMap modification timestamp for source /hivemq-data/conf/..data, likely no ConfigMap mounted
2025-01-29 01:01:08,976 INFO c.h.h.t.OperatorHelmChartContainer - [local-hivemq-0] [hivemq] [361fffe7] DEBUG - Could not get configMap modification timestamp for source /hivemq-data/extensions/..data, likely no ConfigMap mounted
2025-01-29 01:01:08,976 INFO c.h.h.t.OperatorHelmChartContainer - [local-hivemq-0] [hivemq] [361fffe7] DEBUG - Could not get configMap modification timestamp for source /hivemq-data/bin/..data, likely no ConfigMap mounted
2025-01-29 01:01:08,976 INFO c.h.h.t.OperatorHelmChartContainer - [local-hivemq-0] [hivemq] [361fffe7] INFO  - Started HiveMQ Kubernetes State Synchronization Extension:1.0.3
2025-01-29 01:01:08,976 INFO c.h.h.t.OperatorHelmChartContainer - [local-hivemq-0] [hivemq] [361fffe7] INFO  - Extension "HiveMQ Kubernetes State Synchronization Extension" version 1.0.3 started successfully.
2025-01-29 01:01:08,976 INFO c.h.h.t.OperatorHelmChartContainer - [local-hivemq-0] [hivemq] [361fffe7] INFO  - Starting extension with id "hivemq-allow-all-extension" at /opt/hivemq/extensions/hivemq-allow-all-extension
2025-01-29 01:01:08,976 INFO c.h.h.t.OperatorHelmChartContainer - [local-hivemq-0] [hivemq] [361fffe7] WARN  - 
2025-01-29 01:01:08,976 INFO c.h.h.t.OperatorHelmChartContainer - [local-hivemq-0] [hivemq] [361fffe7] ################################################################################################################
2025-01-29 01:01:08,977 INFO c.h.h.t.OperatorHelmChartContainer - [local-hivemq-0] [hivemq] [361fffe7] # This HiveMQ deployment is not secure! You are lacking Authentication and Authorization.                      #
2025-01-29 01:01:08,977 INFO c.h.h.t.OperatorHelmChartContainer - [local-hivemq-0] [hivemq] [361fffe7] # Right now any MQTT client can connect to the broker with a full set of permissions.                          #
2025-01-29 01:01:08,977 INFO c.h.h.t.OperatorHelmChartContainer - [local-hivemq-0] [hivemq] [361fffe7] # For production usage, add an appropriate security extension and remove the hivemq-allow-all extension.       #
2025-01-29 01:01:08,977 INFO c.h.h.t.OperatorHelmChartContainer - [local-hivemq-0] [hivemq] [361fffe7] # You can download security extensions from the HiveMQ Marketplace (https://www.hivemq.com/extensions/).       #
2025-01-29 01:01:08,977 INFO c.h.h.t.OperatorHelmChartContainer - [local-hivemq-0] [hivemq] [361fffe7] ################################################################################################################
2025-01-29 01:01:08,977 INFO c.h.h.t.OperatorHelmChartContainer - [local-hivemq-0] [hivemq] [361fffe7] DEBUG - Simple authenticator added by extension 'hivemq-allow-all-extension'.
2025-01-29 01:01:08,977 INFO c.h.h.t.OperatorHelmChartContainer - [local-hivemq-0] [hivemq] [361fffe7] INFO  - Extension "Allow All Extension" version 1.1.1 started successfully.
2025-01-29 01:01:08,977 INFO c.h.h.t.OperatorHelmChartContainer - [local-hivemq-0] [hivemq] [361fffe7] DEBUG - HiveMQ DNS Cluster Discovery Extension: Discovered new address '10.42.0.7'.
2025-01-29 01:01:08,977 INFO c.h.h.t.OperatorHelmChartContainer - [local-hivemq-0] [hivemq] [361fffe7] INFO  - NTAIY: no members discovered after 2341 ms: creating cluster as first member
2025-01-29 01:01:08,977 INFO c.h.h.t.OperatorHelmChartContainer - [local-hivemq-0] [hivemq] [361fffe7] INFO  - Cluster nodes found by discovery: [NTAIY|0] (1) [NTAIY].
2025-01-29 01:01:08,977 INFO c.h.h.t.OperatorHelmChartContainer - [local-hivemq-0] [hivemq] [361fffe7] DEBUG - State of node NTAIY changed to UNKNOWN was null. Current cluster node states: {NTAIY=UNKNOWN}
2025-01-29 01:01:08,977 INFO c.h.h.t.OperatorHelmChartContainer - [local-hivemq-0] [hivemq] [361fffe7] DEBUG - State of node NTAIY set to RUNNING. Current cluster node states: {NTAIY=RUNNING}
2025-01-29 01:01:08,977 INFO c.h.h.t.OperatorHelmChartContainer - [local-hivemq-0] [hivemq] [361fffe7] WARN  - No user for HiveMQ Control Center configured. Starting with default user
2025-01-29 01:01:08,977 INFO c.h.h.t.OperatorHelmChartContainer - [local-hivemq-0] [hivemq] [361fffe7] INFO  - Starting HiveMQ Control Center on address 0.0.0.0 and port 8080
2025-01-29 01:01:08,979 INFO c.h.h.t.OperatorHelmChartContainer - [local-hivemq-0] [hivemq] [361fffe7] INFO  - Mounting HiveMQ Control Center V2 Preview
2025-01-29 01:01:08,979 INFO c.h.h.t.OperatorHelmChartContainer - [local-hivemq-0] [hivemq] [361fffe7] INFO  - Started HiveMQ Control Center in 1310ms
2025-01-29 01:01:08,979 INFO c.h.h.t.OperatorHelmChartContainer - [local-hivemq-0] [hivemq] [361fffe7] INFO  - Starting TCP listener on address 0.0.0.0 and port 1883
2025-01-29 01:01:08,979 INFO c.h.h.t.OperatorHelmChartContainer - [local-hivemq-0] [hivemq] [361fffe7] INFO  - Started TCP Listener on address 0.0.0.0 and on port 1883.
2025-01-29 01:01:08,979 INFO c.h.h.t.OperatorHelmChartContainer - [local-hivemq-0] [hivemq] [361fffe7] INFO  - Started HiveMQ in 24647ms
2025-01-29 01:01:08,981 INFO c.h.h.t.OperatorHelmChartContainer - [EVENT] Normal [Started] Started container operator [default:local-hivemq-hivemq-operator-operator-6b564f6db4-4qjpf]
2025-01-29 01:01:08,981 INFO c.h.h.t.OperatorHelmChartContainer - Received Started event for container operator in pod local-hivemq-hivemq-operator-operator-6b564f6db4-4qjpf [ea8fe1db-19c0-4096-ad20-03f8c9b35434]
2025-01-29 01:01:08,981 INFO c.h.h.t.OperatorHelmChartContainer - [EVENT] Normal [SuccessfulCreate] Created pod: local-hivemq-hivemq-operator-operator-6b564f6db4-4qjpf [default:local-hivemq-hivemq-operator-operator-6b564f6db4]
2025-01-29 01:01:08,981 INFO c.h.h.t.OperatorHelmChartContainer - [EVENT] Normal [ScalingReplicaSet] Scaled up replica set local-hivemq-hivemq-operator-operator-6b564f6db4 from 0 to 1 [default:local-hivemq-hivemq-operator-operator]
2025-01-29 01:01:08,982 INFO c.h.h.t.OperatorHelmChartContainer - Started log watcher for operator in pod local-hivemq-hivemq-operator-operator-6b564f6db4-4qjpf [ea8fe1db-19c0-4096-ad20-03f8c9b35434]
2025-01-29 01:01:08,982 INFO c.h.h.t.OperatorHelmChartContainer - [local-hivemq-hivemq-operator] [operator] [ea8fe1db] Picked up JAVA_TOOL_OPTIONS: -XX:+UnlockExperimentalVMOptions -XX:InitialRAMPercentage=75 -XX:MaxRAMPercentage=75
2025-01-29 01:01:08,984 INFO c.h.h.t.OperatorHelmChartContainer - [local-hivemq-hivemq-operator] [operator] [ea8fe1db]  __  __ _                                  _   
2025-01-29 01:01:08,984 INFO c.h.h.t.OperatorHelmChartContainer - [local-hivemq-hivemq-operator] [operator] [ea8fe1db] |  \/  (_) ___ _ __ ___  _ __   __ _ _   _| |_ 
2025-01-29 01:01:08,984 INFO c.h.h.t.OperatorHelmChartContainer - [local-hivemq-hivemq-operator] [operator] [ea8fe1db] | |\/| | |/ __| '__/ _ \| '_ \ / _` | | | | __|
2025-01-29 01:01:08,984 INFO c.h.h.t.OperatorHelmChartContainer - [local-hivemq-hivemq-operator] [operator] [ea8fe1db] | |  | | | (__| | | (_) | | | | (_| | |_| | |_ 
2025-01-29 01:01:08,984 INFO c.h.h.t.OperatorHelmChartContainer - [local-hivemq-hivemq-operator] [operator] [ea8fe1db] |_|  |_|_|\___|_|  \___/|_| |_|\__,_|\__,_|\__|
2025-01-29 01:01:08,984 INFO c.h.h.t.OperatorHelmChartContainer - [local-hivemq-hivemq-operator] [operator] [ea8fe1db]   Micronaut (v3.5.2)
2025-01-29 01:01:08,984 INFO c.h.h.t.OperatorHelmChartContainer - [local-hivemq-hivemq-operator] [operator] [ea8fe1db] 
2025-01-29 01:01:08,984 INFO c.h.h.t.OperatorHelmChartContainer - [local-hivemq-hivemq-operator] [operator] [ea8fe1db] ?[36m01:00:13.053?[0;39m ?[1;30m[main]?[0;39m ?[34mINFO ?[0;39m ?[35mio.micronaut.runtime.Micronaut?[0;39m - Startup completed in 2400ms. Server Running: http://local-hivemq-hivemq-operator-operator-6b564f6db4-4qjpf:8443
2025-01-29 01:01:08,984 INFO c.h.h.t.OperatorHelmChartContainer - [local-hivemq-hivemq-operator] [operator] [ea8fe1db] ?[36m01:00:14.038?[0;39m ?[1;30m[main]?[0;39m ?[34mINFO ?[0;39m ?[35mcom.hivemq.Operator?[0;39m - Initializing HiveMQ operator
2025-01-29 01:01:08,984 INFO c.h.h.t.OperatorHelmChartContainer - [local-hivemq-hivemq-operator] [operator] [ea8fe1db] ?[36m01:00:15.150?[0;39m ?[1;30m[main]?[0;39m ?[34mINFO ?[0;39m ?[35mcom.hivemq.Operator?[0;39m - Operating from namespace 'default'
2025-01-29 01:01:08,984 INFO c.h.h.t.OperatorHelmChartContainer - [local-hivemq-hivemq-operator] [operator] [ea8fe1db] ?[36m01:00:15.338?[0;39m ?[1;30m[pool-3-thread-1]?[0;39m ?[34mINFO ?[0;39m ?[35mcom.hivemq.AbstractWatcher?[0;39m - CustomResource watcher running for kinds HiveMQCluster
2025-01-29 01:01:08,984 INFO c.h.h.t.OperatorHelmChartContainer - [local-hivemq-hivemq-operator] [operator] [ea8fe1db] ?[36m01:00:15.934?[0;39m ?[1;30m[main]?[0;39m ?[34mINFO ?[0;39m ?[35mcom.hivemq.Operator?[0;39m - Operator started in 1896ms
2025-01-29 01:01:08,984 INFO c.h.h.t.OperatorHelmChartContainer - [local-hivemq-hivemq-operator] [operator] [ea8fe1db] ?[36m01:00:16.250?[0;39m ?[1;30m[pool-3-thread-2]?[0;39m ?[34mINFO ?[0;39m ?[35mcom.hivemq.Operator?[0;39m - Syncing state for cluster 'local-hivemq' in namespace 'default'
2025-01-29 01:01:08,984 INFO c.h.h.t.OperatorHelmChartContainer - [local-hivemq-hivemq-operator] [operator] [ea8fe1db] ?[36m01:00:18.048?[0;39m ?[1;30m[pool-3-thread-7]?[0;39m ?[34mINFO ?[0;39m ?[35mcom.hivemq.Operator?[0;39m - Syncing state for cluster 'local-hivemq' in namespace 'default'
2025-01-29 01:01:08,984 INFO c.h.h.t.OperatorHelmChartContainer - [local-hivemq-hivemq-operator] [operator] [ea8fe1db] ?[36m01:01:08.798?[0;39m ?[1;30m[pool-3-thread-7]?[0;39m ?[34mINFO ?[0;39m ?[35mcom.hivemq.Operator?[0;39m - State synchronization complete for cluster 'local-hivemq' in namespace 'default' in 50750ms
2025-01-29 01:01:08,982 INFO c.h.h.t.OperatorHelmChartContainer - [POD] local-hivemq-hivemq-operator-operator-6b564f6db4-4qjpf [ea8fe1db-19c0-4096-ad20-03f8c9b35434] in default was ADDED
2025-01-29 01:01:08,984 INFO c.h.h.t.OperatorHelmChartContainer - [POD] coredns-ff8999cc5-psdg5 [6ff89808-2666-4b17-ba55-8d2027001e32] in kube-system was ADDED
2025-01-29 01:01:08,985 INFO c.h.h.t.OperatorHelmChartContainer - [POD] local-path-provisioner-698b58967b-knjn2 [3316cbbf-944f-4c75-a117-eda45e1493b6] in kube-system was ADDED
2025-01-29 01:01:08,985 INFO c.h.h.t.OperatorHelmChartContainer - [POD] metrics-server-8584b5786c-79mff [a4f15295-25b5-419c-9c6e-97f82543699b] in kube-system was ADDED
2025-01-29 01:01:08,985 INFO c.h.h.t.OperatorHelmChartContainer - [EVENT] Normal [SuccessfulCreate] create Claim data-local-hivemq-0 Pod local-hivemq-0 in StatefulSet local-hivemq success [default:local-hivemq]
2025-01-29 01:01:08,986 INFO c.h.h.t.OperatorHelmChartContainer - [EVENT] Normal [SuccessfulCreate] create Pod local-hivemq-0 in StatefulSet local-hivemq successful [default:local-hivemq]
2025-01-29 01:01:09,000 INFO c.h.h.t.OperatorHelmChartContainer - [local-hivemq-hivemq-operator] [operator] [ea8fe1db] ?[36m01:01:08.995?[0;39m ?[1;30m[pool-3-thread-2]?[0;39m ?[34mINFO ?[0;39m ?[35mcom.hivemq.Operator?[0;39m - State synchronization complete for cluster 'local-hivemq' in namespace 'default' in 52745ms
2025-01-29 01:01:11,939 INFO c.h.h.t.OperatorHelmChartContainer - [local-hivemq-hivemq-operator] [operator] [ea8fe1db] ?[36m01:01:11.937?[0;39m ?[1;30m[pool-3-thread-12]?[0;39m ?[34mINFO ?[0;39m ?[35mcom.hivemq.Operator?[0;39m - Syncing state for cluster 'local-hivemq' in namespace 'default'
2025-01-29 01:01:12,055 INFO c.h.h.t.OperatorHelmChartContainer - [K3S] [writers.go:123] "Unhandled Error" err="apiserver was unable to write a JSON response: http2: stream closed"
2025-01-29 01:01:12,056 INFO c.h.h.t.OperatorHelmChartContainer - [K3S] [wrap.go:53] "Timeout or abort while handling" method="GET" URI="/apis/hivemq.com/v1/namespaces/default/hivemq-clusters/local-hivemq" auditID="92e56075-1de9-4e38-8975-53466b67af1d"
2025-01-29 01:01:12,056 INFO c.h.h.t.OperatorHelmChartContainer - [K3S] [status.go:71] "Unhandled Error" err="apiserver received an error that is not an metav1.Status: &errors.errorString{s:\"http2: stream closed\"}: http2: stream closed"
2025-01-29 01:01:12,056 INFO c.h.h.t.OperatorHelmChartContainer - [K3S] [writers.go:136] "Unhandled Error" err="apiserver was unable to write a fallback JSON response: http: Handler timeout"
2025-01-29 01:01:12,056 INFO c.h.h.t.OperatorHelmChartContainer - [K3S] [timeout.go:140] "Post-timeout activity" timeElapsed="3.265694ms" method="GET" path="/apis/hivemq.com/v1/namespaces/default/hivemq-clusters/local-hivemq" result=null
2025-01-29 01:01:12,059 DEBUG c.h.h.t.OperatorHelmChartContainer - Chart 'local-hivemq' installed or upgraded
2025-01-29 01:01:12,069 DEBUG com.hivemq.helmcharts.util.K8sUtil - State to compare Running and waiting for Updating
2025-01-29 01:01:12,364 INFO c.h.h.t.OperatorHelmChartContainer - [EVENT] Normal [SuccessfulCreate] create Claim data-local-hivemq-1 Pod local-hivemq-1 in StatefulSet local-hivemq success [default:local-hivemq]
2025-01-29 01:01:12,367 INFO c.h.h.t.OperatorHelmChartContainer - [EVENT] Normal [WaitForFirstConsumer] waiting for first consumer to be created before binding [default:data-local-hivemq-1]
2025-01-29 01:01:12,371 INFO c.h.h.t.OperatorHelmChartContainer - [POD] local-hivemq-1 [2c4d920b-dc2c-42ac-9d7b-4133583e059d] in default was ADDED
2025-01-29 01:01:12,372 INFO c.h.h.t.OperatorHelmChartContainer - [EVENT] Normal [SuccessfulCreate] create Pod local-hivemq-1 in StatefulSet local-hivemq successful [default:local-hivemq]
2025-01-29 01:01:12,382 INFO c.h.h.t.OperatorHelmChartContainer - [EVENT] Normal [ExternalProvisioning] Waiting for a volume to be created either by the external provisioner 'rancher.io/local-path' or manually by the system administrator. If volume creation is delayed, please verify that the provisioner is running and correctly registered. [default:data-local-hivemq-1]
2025-01-29 01:01:12,388 INFO c.h.h.t.OperatorHelmChartContainer - [EVENT] Normal [Provisioning] External provisioner is provisioning volume for claim "default/data-local-hivemq-1" [default:data-local-hivemq-1]
2025-01-29 01:01:12,467 INFO c.h.h.t.OperatorHelmChartContainer - [POD] helper-pod-create-pvc-8e802495-ec96-4c31-ba83-f2712555b313 [c03b48bd-39b1-4cd1-9d76-82b13768933b] in kube-system was ADDED
2025-01-29 01:01:12,473 INFO c.h.h.t.OperatorHelmChartContainer - [POD] helper-pod-create-pvc-8e802495-ec96-4c31-ba83-f2712555b313 [c03b48bd-39b1-4cd1-9d76-82b13768933b] in kube-system was MODIFIED
2025-01-29 01:01:12,611 INFO c.h.h.t.OperatorHelmChartContainer - [K3S] [reconciler_common.go:251] "operationExecutor.VerifyControllerAttachedVolume started for volume \"data\" (UniqueName: \"kubernetes.io/host-path/c03b48bd-39b1-4cd1-9d76-82b13768933b-data\") pod \"helper-pod-create-pvc-8e802495-ec96-4c31-ba83-f2712555b313\" (UID: \"c03b48bd-39b1-4cd1-9d76-82b13768933b\") " pod="kube-system/helper-pod-create-pvc-8e802495-ec96-4c31-ba83-f2712555b313"
2025-01-29 01:01:12,611 INFO c.h.h.t.OperatorHelmChartContainer - [K3S] [reconciler_common.go:251] "operationExecutor.VerifyControllerAttachedVolume started for volume \"kube-api-access-6krwf\" (UniqueName: \"kubernetes.io/projected/c03b48bd-39b1-4cd1-9d76-82b13768933b-kube-api-access-6krwf\") pod \"helper-pod-create-pvc-8e802495-ec96-4c31-ba83-f2712555b313\" (UID: \"c03b48bd-39b1-4cd1-9d76-82b13768933b\") " pod="kube-system/helper-pod-create-pvc-8e802495-ec96-4c31-ba83-f2712555b313"
2025-01-29 01:01:12,611 INFO c.h.h.t.OperatorHelmChartContainer - [K3S] [reconciler_common.go:251] "operationExecutor.VerifyControllerAttachedVolume started for volume \"script\" (UniqueName: \"kubernetes.io/configmap/c03b48bd-39b1-4cd1-9d76-82b13768933b-script\") pod \"helper-pod-create-pvc-8e802495-ec96-4c31-ba83-f2712555b313\" (UID: \"c03b48bd-39b1-4cd1-9d76-82b13768933b\") " pod="kube-system/helper-pod-create-pvc-8e802495-ec96-4c31-ba83-f2712555b313"
2025-01-29 01:01:13,500 INFO c.h.h.t.OperatorHelmChartContainer - [POD] helper-pod-create-pvc-8e802495-ec96-4c31-ba83-f2712555b313 [c03b48bd-39b1-4cd1-9d76-82b13768933b] in kube-system was MODIFIED
2025-01-29 01:01:14,561 INFO c.h.h.t.OperatorHelmChartContainer - [POD] helper-pod-create-pvc-8e802495-ec96-4c31-ba83-f2712555b313 [c03b48bd-39b1-4cd1-9d76-82b13768933b] in kube-system was MODIFIED
2025-01-29 01:01:14,625 INFO c.h.h.t.OperatorHelmChartContainer - [K3S] [reconciler_common.go:162] "operationExecutor.UnmountVolume started for volume \"data\" (UniqueName: \"kubernetes.io/host-path/c03b48bd-39b1-4cd1-9d76-82b13768933b-data\") pod \"c03b48bd-39b1-4cd1-9d76-82b13768933b\" (UID: \"c03b48bd-39b1-4cd1-9d76-82b13768933b\") "
2025-01-29 01:01:14,625 INFO c.h.h.t.OperatorHelmChartContainer - [K3S] [reconciler_common.go:162] "operationExecutor.UnmountVolume started for volume \"kube-api-access-6krwf\" (UniqueName: \"kubernetes.io/projected/c03b48bd-39b1-4cd1-9d76-82b13768933b-kube-api-access-6krwf\") pod \"c03b48bd-39b1-4cd1-9d76-82b13768933b\" (UID: \"c03b48bd-39b1-4cd1-9d76-82b13768933b\") "
2025-01-29 01:01:14,625 INFO c.h.h.t.OperatorHelmChartContainer - [K3S] [reconciler_common.go:162] "operationExecutor.UnmountVolume started for volume \"script\" (UniqueName: \"kubernetes.io/configmap/c03b48bd-39b1-4cd1-9d76-82b13768933b-script\") pod \"c03b48bd-39b1-4cd1-9d76-82b13768933b\" (UID: \"c03b48bd-39b1-4cd1-9d76-82b13768933b\") "
2025-01-29 01:01:14,726 INFO c.h.h.t.OperatorHelmChartContainer - [K3S] [reconciler_common.go:299] "Volume detached for volume \"data\" (UniqueName: \"kubernetes.io/host-path/c03b48bd-39b1-4cd1-9d76-82b13768933b-data\") on node \"3f8ee143311f\" DevicePath \"\""
2025-01-29 01:01:14,726 INFO c.h.h.t.OperatorHelmChartContainer - [K3S] [reconciler_common.go:299] "Volume detached for volume \"kube-api-access-6krwf\" (UniqueName: \"kubernetes.io/projected/c03b48bd-39b1-4cd1-9d76-82b13768933b-kube-api-access-6krwf\") on node \"3f8ee143311f\" DevicePath \"\""
2025-01-29 01:01:14,726 INFO c.h.h.t.OperatorHelmChartContainer - [K3S] [reconciler_common.go:299] "Volume detached for volume \"script\" (UniqueName: \"kubernetes.io/configmap/c03b48bd-39b1-4cd1-9d76-82b13768933b-script\") on node \"3f8ee143311f\" DevicePath \"\""
2025-01-29 01:01:15,485 INFO c.h.h.t.OperatorHelmChartContainer - [POD] helper-pod-create-pvc-8e802495-ec96-4c31-ba83-f2712555b313 [c03b48bd-39b1-4cd1-9d76-82b13768933b] in kube-system was MODIFIED
2025-01-29 01:01:15,488 INFO c.h.h.t.OperatorHelmChartContainer - [POD] helper-pod-create-pvc-8e802495-ec96-4c31-ba83-f2712555b313 [c03b48bd-39b1-4cd1-9d76-82b13768933b] in kube-system was DELETED
2025-01-29 01:01:15,494 INFO c.h.h.t.OperatorHelmChartContainer - [EVENT] Normal [ProvisioningSucceeded] Successfully provisioned volume pvc-8e802495-ec96-4c31-ba83-f2712555b313 [default:data-local-hivemq-1]
2025-01-29 01:01:15,497 INFO c.h.h.t.OperatorHelmChartContainer - [K3S] [pod_container_deletor.go:80] "Container not found in pod's containers" containerID="5c7317627cc7ae7ccf6b55c4b01a463a1e9aecf6c72923a874251756d7b234c0"
2025-01-29 01:01:15,505 INFO c.h.h.t.OperatorHelmChartContainer - [K3S] [status_manager.go:890] "Failed to get status for pod" podUID="c03b48bd-39b1-4cd1-9d76-82b13768933b" pod="kube-system/helper-pod-create-pvc-8e802495-ec96-4c31-ba83-f2712555b313" err="pods \"helper-pod-create-pvc-8e802495-ec96-4c31-ba83-f2712555b313\" is forbidden: User \"system:node:3f8ee143311f\" cannot get resource \"pods\" in API group \"\" in the namespace \"kube-system\": no relationship found between node '3f8ee143311f' and this object"
2025-01-29 01:01:16,310 INFO c.h.h.t.OperatorHelmChartContainer - [K3S] [status_manager.go:890] "Failed to get status for pod" podUID="c03b48bd-39b1-4cd1-9d76-82b13768933b" pod="kube-system/helper-pod-create-pvc-8e802495-ec96-4c31-ba83-f2712555b313" err="pods \"helper-pod-create-pvc-8e802495-ec96-4c31-ba83-f2712555b313\" is forbidden: User \"system:node:3f8ee143311f\" cannot get resource \"pods\" in API group \"\" in the namespace \"kube-system\": no relationship found between node '3f8ee143311f' and this object"
2025-01-29 01:01:16,311 INFO c.h.h.t.OperatorHelmChartContainer - [K3S] [kubelet_volumes.go:163] "Cleaned up orphaned pod volumes dir" podUID="c03b48bd-39b1-4cd1-9d76-82b13768933b" path="/var/lib/kubelet/pods/c03b48bd-39b1-4cd1-9d76-82b13768933b/volumes"
2025-01-29 01:01:16,378 INFO c.h.h.t.OperatorHelmChartContainer - [K3S] [memory_manager.go:355] "RemoveStaleState removing state" podUID="c03b48bd-39b1-4cd1-9d76-82b13768933b" containerName="helper-pod"
2025-01-29 01:01:16,380 INFO c.h.h.t.OperatorHelmChartContainer - [EVENT] Normal [Scheduled] Successfully assigned default/local-hivemq-1 to 3f8ee143311f [default:local-hivemq-1]
2025-01-29 01:01:16,384 INFO c.h.h.t.OperatorHelmChartContainer - [POD] local-hivemq-1 [2c4d920b-dc2c-42ac-9d7b-4133583e059d] in default was MODIFIED
2025-01-29 01:01:16,393 INFO c.h.h.t.OperatorHelmChartContainer - [POD] local-hivemq-1 [2c4d920b-dc2c-42ac-9d7b-4133583e059d] in default was MODIFIED
2025-01-29 01:01:16,537 INFO c.h.h.t.OperatorHelmChartContainer - [K3S] [reconciler_common.go:251] "operationExecutor.VerifyControllerAttachedVolume started for volume \"conf-override\" (UniqueName: \"kubernetes.io/empty-dir/2c4d920b-dc2c-42ac-9d7b-4133583e059d-conf-override\") pod \"local-hivemq-1\" (UID: \"2c4d920b-dc2c-42ac-9d7b-4133583e059d\") " pod="default/local-hivemq-1"
2025-01-29 01:01:16,537 INFO c.h.h.t.OperatorHelmChartContainer - [K3S] [reconciler_common.go:251] "operationExecutor.VerifyControllerAttachedVolume started for volume \"shared-data\" (UniqueName: \"kubernetes.io/empty-dir/2c4d920b-dc2c-42ac-9d7b-4133583e059d-shared-data\") pod \"local-hivemq-1\" (UID: \"2c4d920b-dc2c-42ac-9d7b-4133583e059d\") " pod="default/local-hivemq-1"
2025-01-29 01:01:16,537 INFO c.h.h.t.OperatorHelmChartContainer - [K3S] [reconciler_common.go:251] "operationExecutor.VerifyControllerAttachedVolume started for volume \"live-info\" (UniqueName: \"kubernetes.io/configmap/2c4d920b-dc2c-42ac-9d7b-4133583e059d-live-info\") pod \"local-hivemq-1\" (UID: \"2c4d920b-dc2c-42ac-9d7b-4133583e059d\") " pod="default/local-hivemq-1"
2025-01-29 01:01:16,537 INFO c.h.h.t.OperatorHelmChartContainer - [K3S] [reconciler_common.go:251] "operationExecutor.VerifyControllerAttachedVolume started for volume \"audit\" (UniqueName: \"kubernetes.io/empty-dir/2c4d920b-dc2c-42ac-9d7b-4133583e059d-audit\") pod \"local-hivemq-1\" (UID: \"2c4d920b-dc2c-42ac-9d7b-4133583e059d\") " pod="default/local-hivemq-1"
2025-01-29 01:01:16,537 INFO c.h.h.t.OperatorHelmChartContainer - [K3S] [reconciler_common.go:251] "operationExecutor.VerifyControllerAttachedVolume started for volume \"kube-api-access-j88wv\" (UniqueName: \"kubernetes.io/projected/2c4d920b-dc2c-42ac-9d7b-4133583e059d-kube-api-access-j88wv\") pod \"local-hivemq-1\" (UID: \"2c4d920b-dc2c-42ac-9d7b-4133583e059d\") " pod="default/local-hivemq-1"
2025-01-29 01:01:16,537 INFO c.h.h.t.OperatorHelmChartContainer - [K3S] [reconciler_common.go:251] "operationExecutor.VerifyControllerAttachedVolume started for volume \"backup\" (UniqueName: \"kubernetes.io/empty-dir/2c4d920b-dc2c-42ac-9d7b-4133583e059d-backup\") pod \"local-hivemq-1\" (UID: \"2c4d920b-dc2c-42ac-9d7b-4133583e059d\") " pod="default/local-hivemq-1"
2025-01-29 01:01:16,537 INFO c.h.h.t.OperatorHelmChartContainer - [K3S] [reconciler_common.go:251] "operationExecutor.VerifyControllerAttachedVolume started for volume \"pvc-8e802495-ec96-4c31-ba83-f2712555b313\" (UniqueName: \"kubernetes.io/local-volume/pvc-8e802495-ec96-4c31-ba83-f2712555b313\") pod \"local-hivemq-1\" (UID: \"2c4d920b-dc2c-42ac-9d7b-4133583e059d\") " pod="default/local-hivemq-1"
2025-01-29 01:01:16,537 INFO c.h.h.t.OperatorHelmChartContainer - [K3S] [reconciler_common.go:251] "operationExecutor.VerifyControllerAttachedVolume started for volume \"log\" (UniqueName: \"kubernetes.io/empty-dir/2c4d920b-dc2c-42ac-9d7b-4133583e059d-log\") pod \"local-hivemq-1\" (UID: \"2c4d920b-dc2c-42ac-9d7b-4133583e059d\") " pod="default/local-hivemq-1"
2025-01-29 01:01:16,537 INFO c.h.h.t.OperatorHelmChartContainer - [K3S] [reconciler_common.go:251] "operationExecutor.VerifyControllerAttachedVolume started for volume \"heap-dumps\" (UniqueName: \"kubernetes.io/empty-dir/2c4d920b-dc2c-42ac-9d7b-4133583e059d-heap-dumps\") pod \"local-hivemq-1\" (UID: \"2c4d920b-dc2c-42ac-9d7b-4133583e059d\") " pod="default/local-hivemq-1"
2025-01-29 01:01:16,537 INFO c.h.h.t.OperatorHelmChartContainer - [K3S] [reconciler_common.go:251] "operationExecutor.VerifyControllerAttachedVolume started for volume \"dns-wait-config\" (UniqueName: \"kubernetes.io/configmap/2c4d920b-dc2c-42ac-9d7b-4133583e059d-dns-wait-config\") pod \"local-hivemq-1\" (UID: \"2c4d920b-dc2c-42ac-9d7b-4133583e059d\") " pod="default/local-hivemq-1"
2025-01-29 01:01:16,768 INFO c.h.h.t.OperatorHelmChartContainer - [EVENT] Normal [Pulling] Pulling image "busybox:latest" [default:local-hivemq-1]
2025-01-29 01:01:16,991 INFO c.h.h.t.OperatorHelmChartContainer - [EVENT] Normal [Pulled] Successfully pulled image "busybox:latest" in 223ms (223ms including waiting). Image size: 2167089 bytes. [default:local-hivemq-1]
2025-01-29 01:01:16,997 INFO c.h.h.t.OperatorHelmChartContainer - [EVENT] Normal [Created] Created container: init-shared [default:local-hivemq-1]
2025-01-29 01:01:17,034 INFO c.h.h.t.OperatorHelmChartContainer - [EVENT] Normal [Started] Started container init-shared [default:local-hivemq-1]
2025-01-29 01:01:17,505 INFO c.h.h.t.OperatorHelmChartContainer - [EVENT] Normal [Pulled] Container image "hivemq/init-dns-wait:snapshot" already present on machine [default:local-hivemq-1]
2025-01-29 01:01:17,533 INFO c.h.h.t.OperatorHelmChartContainer - [EVENT] Normal [Created] Created container: dns-wait [default:local-hivemq-1]
2025-01-29 01:01:17,533 INFO c.h.h.t.OperatorHelmChartContainer - [POD] local-hivemq-1 [2c4d920b-dc2c-42ac-9d7b-4133583e059d] in default was MODIFIED
2025-01-29 01:01:17,587 INFO c.h.h.t.OperatorHelmChartContainer - [EVENT] Normal [Started] Started container dns-wait [default:local-hivemq-1]
2025-01-29 01:01:18,520 INFO c.h.h.t.OperatorHelmChartContainer - [POD] local-hivemq-1 [2c4d920b-dc2c-42ac-9d7b-4133583e059d] in default was MODIFIED
2025-01-29 01:01:28,524 INFO c.h.h.t.OperatorHelmChartContainer - [EVENT] Normal [Pulled] Container image "hivemq/hivemq4:k8s-4.36.0" already present on machine [default:local-hivemq-1]
2025-01-29 01:01:28,524 INFO c.h.h.t.OperatorHelmChartContainer - Received Pulled event for container hivemq in pod local-hivemq-1 [2c4d920b-dc2c-42ac-9d7b-4133583e059d]
2025-01-29 01:01:28,534 INFO c.h.h.t.OperatorHelmChartContainer - [EVENT] Normal [Created] Created container: hivemq [default:local-hivemq-1]
2025-01-29 01:01:28,534 INFO c.h.h.t.OperatorHelmChartContainer - Received Created event for container hivemq in pod local-hivemq-1 [2c4d920b-dc2c-42ac-9d7b-4133583e059d]
2025-01-29 01:01:28,541 INFO c.h.h.t.OperatorHelmChartContainer - [POD] local-hivemq-1 [2c4d920b-dc2c-42ac-9d7b-4133583e059d] in default was MODIFIED
2025-01-29 01:01:29,538 INFO c.h.h.t.OperatorHelmChartContainer - [POD] local-hivemq-1 [2c4d920b-dc2c-42ac-9d7b-4133583e059d] in default was MODIFIED
2025-01-29 01:01:29,547 INFO c.h.h.t.OperatorHelmChartContainer - Started log watcher for hivemq in pod local-hivemq-1 [2c4d920b-dc2c-42ac-9d7b-4133583e059d]
2025-01-29 01:01:29,547 INFO c.h.h.t.OperatorHelmChartContainer - [EVENT] Normal [Started] Started container hivemq [default:local-hivemq-1]
2025-01-29 01:01:29,547 INFO c.h.h.t.OperatorHelmChartContainer - [local-hivemq-1] [hivemq] [2c4d920b] Copying external files
2025-01-29 01:01:29,547 INFO c.h.h.t.OperatorHelmChartContainer - [local-hivemq-1] [hivemq] [2c4d920b] Rewriting config.xml...
2025-01-29 01:01:29,547 INFO c.h.h.t.OperatorHelmChartContainer - [local-hivemq-1] [hivemq] [2c4d920b] Creating initial lastUpdate files...
2025-01-29 01:01:29,547 INFO c.h.h.t.OperatorHelmChartContainer - [local-hivemq-1] [hivemq] [2c4d920b] Disabling Prometheus
2025-01-29 01:01:29,547 INFO c.h.h.t.OperatorHelmChartContainer - [local-hivemq-1] [hivemq] [2c4d920b] Pod info:
2025-01-29 01:01:29,547 INFO c.h.h.t.OperatorHelmChartContainer - Received Started event for container hivemq in pod local-hivemq-1 [2c4d920b-dc2c-42ac-9d7b-4133583e059d]
2025-01-29 01:01:29,547 INFO c.h.h.t.OperatorHelmChartContainer - [local-hivemq-1] [hivemq] [2c4d920b] extension-names=hivemq-kafka-extension hivemq-google-cloud-pubsub-extension hivemq-bridge-extension hivemq-enterprise-security-extension hivemq-distributed-tracing-extension hivemq-amazon-kinesis-extension
2025-01-29 01:01:29,547 INFO c.h.h.t.OperatorHelmChartContainer - [local-hivemq-1] [hivemq] [2c4d920b] extension-uris=preinstalled preinstalled preinstalled preinstalled preinstalled preinstalled
2025-01-29 01:01:29,547 INFO c.h.h.t.OperatorHelmChartContainer - [local-hivemq-1] [hivemq] [2c4d920b] extension-states=false false false false false false
2025-01-29 01:01:29,547 INFO c.h.h.t.OperatorHelmChartContainer - [local-hivemq-1] [hivemq] [2c4d920b] extensions-static=false false false false false false
2025-01-29 01:01:29,547 INFO c.h.h.t.OperatorHelmChartContainer - [local-hivemq-1] [hivemq] [2c4d920b] Installing extension #0 with name: hivemq-kafka-extension, URI: preinstalled, enabled state: false
2025-01-29 01:01:29,547 INFO c.h.h.t.OperatorHelmChartContainer - [local-hivemq-1] [hivemq] [2c4d920b] + [[ 3 != 3 ]]
2025-01-29 01:01:29,547 INFO c.h.h.t.OperatorHelmChartContainer - [local-hivemq-1] [hivemq] [2c4d920b] + EXTENSION_URI=preinstalled
2025-01-29 01:01:29,547 INFO c.h.h.t.OperatorHelmChartContainer - [local-hivemq-1] [hivemq] [2c4d920b] + EXTENSION_NAME=hivemq-kafka-extension
2025-01-29 01:01:29,548 INFO c.h.h.t.OperatorHelmChartContainer - [local-hivemq-1] [hivemq] [2c4d920b] + TARGET_STATE=false
2025-01-29 01:01:29,548 INFO c.h.h.t.OperatorHelmChartContainer - [local-hivemq-1] [hivemq] [2c4d920b] + TARGET_DIR=/opt/hivemq/extensions/hivemq-kafka-extension
2025-01-29 01:01:29,548 INFO c.h.h.t.OperatorHelmChartContainer - [local-hivemq-1] [hivemq] [2c4d920b] ++ mktemp -d
2025-01-29 01:01:29,548 INFO c.h.h.t.OperatorHelmChartContainer - [local-hivemq-1] [hivemq] [2c4d920b] + install_dir=/tmp/tmp.orSZMqWadI
2025-01-29 01:01:29,548 INFO c.h.h.t.OperatorHelmChartContainer - [local-hivemq-1] [hivemq] [2c4d920b] + set +e
2025-01-29 01:01:29,548 INFO c.h.h.t.OperatorHelmChartContainer - [local-hivemq-1] [hivemq] [2c4d920b] + [[ -f /opt/hivemq/extensions/hivemq-kafka-extension/DISABLED ]]
2025-01-29 01:01:29,548 INFO c.h.h.t.OperatorHelmChartContainer - [local-hivemq-1] [hivemq] [2c4d920b] + was_enabled=0
2025-01-29 01:01:29,548 INFO c.h.h.t.OperatorHelmChartContainer - [local-hivemq-1] [hivemq] [2c4d920b] + set -e
2025-01-29 01:01:29,548 INFO c.h.h.t.OperatorHelmChartContainer - [local-hivemq-1] [hivemq] [2c4d920b] + [[ preinstalled != \p\r\e\i\n\s\t\a\l\l\e\d ]]
2025-01-29 01:01:29,548 INFO c.h.h.t.OperatorHelmChartContainer - [local-hivemq-1] [hivemq] [2c4d920b] + [[ false == \f\a\l\s\e ]]
2025-01-29 01:01:29,548 INFO c.h.h.t.OperatorHelmChartContainer - [local-hivemq-1] [hivemq] [2c4d920b] + touch /opt/hivemq/extensions/hivemq-kafka-extension/DISABLED
2025-01-29 01:01:29,548 INFO c.h.h.t.OperatorHelmChartContainer - [local-hivemq-1] [hivemq] [2c4d920b] + was_enabled=0
2025-01-29 01:01:29,548 INFO c.h.h.t.OperatorHelmChartContainer - [local-hivemq-1] [hivemq] [2c4d920b] + [[ preinstalled != \p\r\e\i\n\s\t\a\l\l\e\d ]]
2025-01-29 01:01:29,548 INFO c.h.h.t.OperatorHelmChartContainer - [local-hivemq-1] [hivemq] [2c4d920b] + /opt/hivemq/bin/run_initialization.sh hivemq-kafka-extension
2025-01-29 01:01:29,548 INFO c.h.h.t.OperatorHelmChartContainer - [local-hivemq-1] [hivemq] [2c4d920b] + EXTENSION_NAME=hivemq-kafka-extension
2025-01-29 01:01:29,548 INFO c.h.h.t.OperatorHelmChartContainer - [local-hivemq-1] [hivemq] [2c4d920b] + TARGET_DIR=/opt/hivemq/extensions/hivemq-kafka-extension
2025-01-29 01:01:29,548 INFO c.h.h.t.OperatorHelmChartContainer - [local-hivemq-1] [hivemq] [2c4d920b] + cd /opt/hivemq/extensions/hivemq-kafka-extension
2025-01-29 01:01:29,548 INFO c.h.h.t.OperatorHelmChartContainer - [local-hivemq-1] [hivemq] [2c4d920b] + [[ -f init_tmp ]]
2025-01-29 01:01:29,548 INFO c.h.h.t.OperatorHelmChartContainer - [local-hivemq-1] [hivemq] [2c4d920b] + [[ -f /etc/podinfo/init-extension-hivemq-kafka-extension ]]
2025-01-29 01:01:29,548 INFO c.h.h.t.OperatorHelmChartContainer - [local-hivemq-1] [hivemq] [2c4d920b] Installing extension #1 with name: hivemq-google-cloud-pubsub-extension, URI: preinstalled, enabled state: false
2025-01-29 01:01:29,548 INFO c.h.h.t.OperatorHelmChartContainer - [local-hivemq-1] [hivemq] [2c4d920b] + [[ 3 != 3 ]]
2025-01-29 01:01:29,548 INFO c.h.h.t.OperatorHelmChartContainer - [local-hivemq-1] [hivemq] [2c4d920b] + EXTENSION_URI=preinstalled
2025-01-29 01:01:29,548 INFO c.h.h.t.OperatorHelmChartContainer - [local-hivemq-1] [hivemq] [2c4d920b] + EXTENSION_NAME=hivemq-google-cloud-pubsub-extension
2025-01-29 01:01:29,548 INFO c.h.h.t.OperatorHelmChartContainer - [local-hivemq-1] [hivemq] [2c4d920b] + TARGET_STATE=false
2025-01-29 01:01:29,548 INFO c.h.h.t.OperatorHelmChartContainer - [local-hivemq-1] [hivemq] [2c4d920b] + TARGET_DIR=/opt/hivemq/extensions/hivemq-google-cloud-pubsub-extension
2025-01-29 01:01:29,548 INFO c.h.h.t.OperatorHelmChartContainer - [local-hivemq-1] [hivemq] [2c4d920b] ++ mktemp -d
2025-01-29 01:01:29,548 INFO c.h.h.t.OperatorHelmChartContainer - [local-hivemq-1] [hivemq] [2c4d920b] + install_dir=/tmp/tmp.dt0m6fZUjZ
2025-01-29 01:01:29,548 INFO c.h.h.t.OperatorHelmChartContainer - [local-hivemq-1] [hivemq] [2c4d920b] + set +e
2025-01-29 01:01:29,548 INFO c.h.h.t.OperatorHelmChartContainer - [local-hivemq-1] [hivemq] [2c4d920b] + [[ -f /opt/hivemq/extensions/hivemq-google-cloud-pubsub-extension/DISABLED ]]
2025-01-29 01:01:29,548 INFO c.h.h.t.OperatorHelmChartContainer - [local-hivemq-1] [hivemq] [2c4d920b] + was_enabled=0
2025-01-29 01:01:29,548 INFO c.h.h.t.OperatorHelmChartContainer - [local-hivemq-1] [hivemq] [2c4d920b] + set -e
2025-01-29 01:01:29,548 INFO c.h.h.t.OperatorHelmChartContainer - [local-hivemq-1] [hivemq] [2c4d920b] + [[ preinstalled != \p\r\e\i\n\s\t\a\l\l\e\d ]]
2025-01-29 01:01:29,548 INFO c.h.h.t.OperatorHelmChartContainer - [local-hivemq-1] [hivemq] [2c4d920b] + [[ false == \f\a\l\s\e ]]
2025-01-29 01:01:29,548 INFO c.h.h.t.OperatorHelmChartContainer - [local-hivemq-1] [hivemq] [2c4d920b] + touch /opt/hivemq/extensions/hivemq-google-cloud-pubsub-extension/DISABLED
2025-01-29 01:01:29,548 INFO c.h.h.t.OperatorHelmChartContainer - [local-hivemq-1] [hivemq] [2c4d920b] + was_enabled=0
2025-01-29 01:01:29,548 INFO c.h.h.t.OperatorHelmChartContainer - [local-hivemq-1] [hivemq] [2c4d920b] + [[ preinstalled != \p\r\e\i\n\s\t\a\l\l\e\d ]]
2025-01-29 01:01:29,548 INFO c.h.h.t.OperatorHelmChartContainer - [local-hivemq-1] [hivemq] [2c4d920b] + /opt/hivemq/bin/run_initialization.sh hivemq-google-cloud-pubsub-extension
2025-01-29 01:01:29,548 INFO c.h.h.t.OperatorHelmChartContainer - [local-hivemq-1] [hivemq] [2c4d920b] + EXTENSION_NAME=hivemq-google-cloud-pubsub-extension
2025-01-29 01:01:29,548 INFO c.h.h.t.OperatorHelmChartContainer - [local-hivemq-1] [hivemq] [2c4d920b] + TARGET_DIR=/opt/hivemq/extensions/hivemq-google-cloud-pubsub-extension
2025-01-29 01:01:29,548 INFO c.h.h.t.OperatorHelmChartContainer - [local-hivemq-1] [hivemq] [2c4d920b] + cd /opt/hivemq/extensions/hivemq-google-cloud-pubsub-extension
2025-01-29 01:01:29,548 INFO c.h.h.t.OperatorHelmChartContainer - [local-hivemq-1] [hivemq] [2c4d920b] + [[ -f init_tmp ]]
2025-01-29 01:01:29,548 INFO c.h.h.t.OperatorHelmChartContainer - [local-hivemq-1] [hivemq] [2c4d920b] + [[ -f /etc/podinfo/init-extension-hivemq-google-cloud-pubsub-extension ]]
2025-01-29 01:01:29,548 INFO c.h.h.t.OperatorHelmChartContainer - [local-hivemq-1] [hivemq] [2c4d920b] Installing extension #2 with name: hivemq-bridge-extension, URI: preinstalled, enabled state: false
2025-01-29 01:01:29,548 INFO c.h.h.t.OperatorHelmChartContainer - [local-hivemq-1] [hivemq] [2c4d920b] + [[ 3 != 3 ]]
2025-01-29 01:01:29,548 INFO c.h.h.t.OperatorHelmChartContainer - [local-hivemq-1] [hivemq] [2c4d920b] + EXTENSION_URI=preinstalled
2025-01-29 01:01:29,548 INFO c.h.h.t.OperatorHelmChartContainer - [local-hivemq-1] [hivemq] [2c4d920b] + EXTENSION_NAME=hivemq-bridge-extension
2025-01-29 01:01:29,548 INFO c.h.h.t.OperatorHelmChartContainer - [local-hivemq-1] [hivemq] [2c4d920b] + TARGET_STATE=false
2025-01-29 01:01:29,548 INFO c.h.h.t.OperatorHelmChartContainer - [local-hivemq-1] [hivemq] [2c4d920b] + TARGET_DIR=/opt/hivemq/extensions/hivemq-bridge-extension
2025-01-29 01:01:29,548 INFO c.h.h.t.OperatorHelmChartContainer - [local-hivemq-1] [hivemq] [2c4d920b] ++ mktemp -d
2025-01-29 01:01:29,548 INFO c.h.h.t.OperatorHelmChartContainer - [local-hivemq-1] [hivemq] [2c4d920b] + install_dir=/tmp/tmp.vy6UO7Rwny
2025-01-29 01:01:29,548 INFO c.h.h.t.OperatorHelmChartContainer - [local-hivemq-1] [hivemq] [2c4d920b] + set +e
2025-01-29 01:01:29,548 INFO c.h.h.t.OperatorHelmChartContainer - [local-hivemq-1] [hivemq] [2c4d920b] + [[ -f /opt/hivemq/extensions/hivemq-bridge-extension/DISABLED ]]
2025-01-29 01:01:29,548 INFO c.h.h.t.OperatorHelmChartContainer - [local-hivemq-1] [hivemq] [2c4d920b] + was_enabled=0
2025-01-29 01:01:29,548 INFO c.h.h.t.OperatorHelmChartContainer - [local-hivemq-1] [hivemq] [2c4d920b] + set -e
2025-01-29 01:01:29,548 INFO c.h.h.t.OperatorHelmChartContainer - [local-hivemq-1] [hivemq] [2c4d920b] + [[ preinstalled != \p\r\e\i\n\s\t\a\l\l\e\d ]]
2025-01-29 01:01:29,548 INFO c.h.h.t.OperatorHelmChartContainer - [local-hivemq-1] [hivemq] [2c4d920b] + [[ false == \f\a\l\s\e ]]
2025-01-29 01:01:29,548 INFO c.h.h.t.OperatorHelmChartContainer - [local-hivemq-1] [hivemq] [2c4d920b] + touch /opt/hivemq/extensions/hivemq-bridge-extension/DISABLED
2025-01-29 01:01:29,548 INFO c.h.h.t.OperatorHelmChartContainer - [local-hivemq-1] [hivemq] [2c4d920b] + was_enabled=0
2025-01-29 01:01:29,548 INFO c.h.h.t.OperatorHelmChartContainer - [local-hivemq-1] [hivemq] [2c4d920b] + [[ preinstalled != \p\r\e\i\n\s\t\a\l\l\e\d ]]
2025-01-29 01:01:29,548 INFO c.h.h.t.OperatorHelmChartContainer - [local-hivemq-1] [hivemq] [2c4d920b] + /opt/hivemq/bin/run_initialization.sh hivemq-bridge-extension
2025-01-29 01:01:29,548 INFO c.h.h.t.OperatorHelmChartContainer - [local-hivemq-1] [hivemq] [2c4d920b] + EXTENSION_NAME=hivemq-bridge-extension
2025-01-29 01:01:29,548 INFO c.h.h.t.OperatorHelmChartContainer - [local-hivemq-1] [hivemq] [2c4d920b] + TARGET_DIR=/opt/hivemq/extensions/hivemq-bridge-extension
2025-01-29 01:01:29,548 INFO c.h.h.t.OperatorHelmChartContainer - [local-hivemq-1] [hivemq] [2c4d920b] + cd /opt/hivemq/extensions/hivemq-bridge-extension
2025-01-29 01:01:29,548 INFO c.h.h.t.OperatorHelmChartContainer - [local-hivemq-1] [hivemq] [2c4d920b] + [[ -f init_tmp ]]
2025-01-29 01:01:29,548 INFO c.h.h.t.OperatorHelmChartContainer - [local-hivemq-1] [hivemq] [2c4d920b] + [[ -f /etc/podinfo/init-extension-hivemq-bridge-extension ]]
2025-01-29 01:01:29,548 INFO c.h.h.t.OperatorHelmChartContainer - [local-hivemq-1] [hivemq] [2c4d920b] Installing extension #3 with name: hivemq-enterprise-security-extension, URI: preinstalled, enabled state: false
2025-01-29 01:01:29,548 INFO c.h.h.t.OperatorHelmChartContainer - [local-hivemq-1] [hivemq] [2c4d920b] + [[ 3 != 3 ]]
2025-01-29 01:01:29,548 INFO c.h.h.t.OperatorHelmChartContainer - [local-hivemq-1] [hivemq] [2c4d920b] + EXTENSION_URI=preinstalled
2025-01-29 01:01:29,548 INFO c.h.h.t.OperatorHelmChartContainer - [local-hivemq-1] [hivemq] [2c4d920b] + EXTENSION_NAME=hivemq-enterprise-security-extension
2025-01-29 01:01:29,548 INFO c.h.h.t.OperatorHelmChartContainer - [local-hivemq-1] [hivemq] [2c4d920b] + TARGET_STATE=false
2025-01-29 01:01:29,548 INFO c.h.h.t.OperatorHelmChartContainer - [local-hivemq-1] [hivemq] [2c4d920b] + TARGET_DIR=/opt/hivemq/extensions/hivemq-enterprise-security-extension
2025-01-29 01:01:29,548 INFO c.h.h.t.OperatorHelmChartContainer - [local-hivemq-1] [hivemq] [2c4d920b] ++ mktemp -d
2025-01-29 01:01:29,548 INFO c.h.h.t.OperatorHelmChartContainer - [local-hivemq-1] [hivemq] [2c4d920b] + install_dir=/tmp/tmp.cFygrEFfB4
2025-01-29 01:01:29,548 INFO c.h.h.t.OperatorHelmChartContainer - [local-hivemq-1] [hivemq] [2c4d920b] + set +e
2025-01-29 01:01:29,548 INFO c.h.h.t.OperatorHelmChartContainer - [local-hivemq-1] [hivemq] [2c4d920b] + [[ -f /opt/hivemq/extensions/hivemq-enterprise-security-extension/DISABLED ]]
2025-01-29 01:01:29,548 INFO c.h.h.t.OperatorHelmChartContainer - [local-hivemq-1] [hivemq] [2c4d920b] + was_enabled=0
2025-01-29 01:01:29,548 INFO c.h.h.t.OperatorHelmChartContainer - [local-hivemq-1] [hivemq] [2c4d920b] + set -e
2025-01-29 01:01:29,548 INFO c.h.h.t.OperatorHelmChartContainer - [local-hivemq-1] [hivemq] [2c4d920b] + [[ preinstalled != \p\r\e\i\n\s\t\a\l\l\e\d ]]
2025-01-29 01:01:29,548 INFO c.h.h.t.OperatorHelmChartContainer - [local-hivemq-1] [hivemq] [2c4d920b] + [[ false == \f\a\l\s\e ]]
2025-01-29 01:01:29,548 INFO c.h.h.t.OperatorHelmChartContainer - [local-hivemq-1] [hivemq] [2c4d920b] + touch /opt/hivemq/extensions/hivemq-enterprise-security-extension/DISABLED
2025-01-29 01:01:29,548 INFO c.h.h.t.OperatorHelmChartContainer - [local-hivemq-1] [hivemq] [2c4d920b] + was_enabled=0
2025-01-29 01:01:29,548 INFO c.h.h.t.OperatorHelmChartContainer - [local-hivemq-1] [hivemq] [2c4d920b] + [[ preinstalled != \p\r\e\i\n\s\t\a\l\l\e\d ]]
2025-01-29 01:01:29,548 INFO c.h.h.t.OperatorHelmChartContainer - [local-hivemq-1] [hivemq] [2c4d920b] + /opt/hivemq/bin/run_initialization.sh hivemq-enterprise-security-extension
2025-01-29 01:01:29,548 INFO c.h.h.t.OperatorHelmChartContainer - [local-hivemq-1] [hivemq] [2c4d920b] + EXTENSION_NAME=hivemq-enterprise-security-extension
2025-01-29 01:01:29,548 INFO c.h.h.t.OperatorHelmChartContainer - [local-hivemq-1] [hivemq] [2c4d920b] + TARGET_DIR=/opt/hivemq/extensions/hivemq-enterprise-security-extension
2025-01-29 01:01:29,548 INFO c.h.h.t.OperatorHelmChartContainer - [local-hivemq-1] [hivemq] [2c4d920b] + cd /opt/hivemq/extensions/hivemq-enterprise-security-extension
2025-01-29 01:01:29,548 INFO c.h.h.t.OperatorHelmChartContainer - [local-hivemq-1] [hivemq] [2c4d920b] + [[ -f init_tmp ]]
2025-01-29 01:01:29,548 INFO c.h.h.t.OperatorHelmChartContainer - [local-hivemq-1] [hivemq] [2c4d920b] + [[ -f /etc/podinfo/init-extension-hivemq-enterprise-security-extension ]]
2025-01-29 01:01:29,548 INFO c.h.h.t.OperatorHelmChartContainer - [local-hivemq-1] [hivemq] [2c4d920b] + echo 'Using init script from config map'
2025-01-29 01:01:29,548 INFO c.h.h.t.OperatorHelmChartContainer - [local-hivemq-1] [hivemq] [2c4d920b] + cat /etc/podinfo/init-extension-hivemq-enterprise-security-extension
2025-01-29 01:01:29,548 INFO c.h.h.t.OperatorHelmChartContainer - [local-hivemq-1] [hivemq] [2c4d920b] Using init script from config map
2025-01-29 01:01:29,548 INFO c.h.h.t.OperatorHelmChartContainer - [local-hivemq-1] [hivemq] [2c4d920b] Executing initialization script
2025-01-29 01:01:29,548 INFO c.h.h.t.OperatorHelmChartContainer - [local-hivemq-1] [hivemq] [2c4d920b] + echo 'Executing initialization script'
2025-01-29 01:01:29,548 INFO c.h.h.t.OperatorHelmChartContainer - [local-hivemq-1] [hivemq] [2c4d920b] + chmod +x init
2025-01-29 01:01:29,548 INFO c.h.h.t.OperatorHelmChartContainer - [local-hivemq-1] [hivemq] [2c4d920b] + ./init
2025-01-29 01:01:29,548 INFO c.h.h.t.OperatorHelmChartContainer - [local-hivemq-1] [hivemq] [2c4d920b]   % Total    % Received % Xferd  Average Speed   Time    Time     Time  Current
2025-01-29 01:01:29,548 INFO c.h.h.t.OperatorHelmChartContainer - [local-hivemq-1] [hivemq] [2c4d920b]                                  Dload  Upload   Total   Spent    Left  Speed
2025-01-29 01:01:29,750 INFO c.h.h.t.OperatorHelmChartContainer - [local-hivemq-1] [hivemq] [2c4d920b] 
2025-01-29 01:01:29,750 INFO c.h.h.t.OperatorHelmChartContainer - [local-hivemq-1] [hivemq] [2c4d920b]   0     0    0     0    0     0      0      0 --:--:-- --:--:-- --:--:--     0
2025-01-29 01:01:29,750 INFO c.h.h.t.OperatorHelmChartContainer - [local-hivemq-1] [hivemq] [2c4d920b]   0  910k    0     0    0     0      0      0 --:--:-- --:--:-- --:--:--     0
2025-01-29 01:01:29,750 INFO c.h.h.t.OperatorHelmChartContainer - [local-hivemq-1] [hivemq] [2c4d920b] 100  910k  100  910k    0     0   868k      0  0:00:01  0:00:01 --:--:--  868k
2025-01-29 01:01:29,754 INFO c.h.h.t.OperatorHelmChartContainer - [local-hivemq-1] [hivemq] [2c4d920b] Installing extension #4 with name: hivemq-distributed-tracing-extension, URI: preinstalled, enabled state: false
2025-01-29 01:01:29,756 INFO c.h.h.t.OperatorHelmChartContainer - [local-hivemq-1] [hivemq] [2c4d920b] + [[ 3 != 3 ]]
2025-01-29 01:01:29,756 INFO c.h.h.t.OperatorHelmChartContainer - [local-hivemq-1] [hivemq] [2c4d920b] + EXTENSION_URI=preinstalled
2025-01-29 01:01:29,756 INFO c.h.h.t.OperatorHelmChartContainer - [local-hivemq-1] [hivemq] [2c4d920b] + EXTENSION_NAME=hivemq-distributed-tracing-extension
2025-01-29 01:01:29,756 INFO c.h.h.t.OperatorHelmChartContainer - [local-hivemq-1] [hivemq] [2c4d920b] + TARGET_STATE=false
2025-01-29 01:01:29,756 INFO c.h.h.t.OperatorHelmChartContainer - [local-hivemq-1] [hivemq] [2c4d920b] + TARGET_DIR=/opt/hivemq/extensions/hivemq-distributed-tracing-extension
2025-01-29 01:01:29,757 INFO c.h.h.t.OperatorHelmChartContainer - [local-hivemq-1] [hivemq] [2c4d920b] ++ mktemp -d
2025-01-29 01:01:29,758 INFO c.h.h.t.OperatorHelmChartContainer - [local-hivemq-1] [hivemq] [2c4d920b] + install_dir=/tmp/tmp.SSQYyhOjun
2025-01-29 01:01:29,758 INFO c.h.h.t.OperatorHelmChartContainer - [local-hivemq-1] [hivemq] [2c4d920b] + set +e
2025-01-29 01:01:29,758 INFO c.h.h.t.OperatorHelmChartContainer - [local-hivemq-1] [hivemq] [2c4d920b] + [[ -f /opt/hivemq/extensions/hivemq-distributed-tracing-extension/DISABLED ]]
2025-01-29 01:01:29,758 INFO c.h.h.t.OperatorHelmChartContainer - [local-hivemq-1] [hivemq] [2c4d920b] + was_enabled=0
2025-01-29 01:01:29,758 INFO c.h.h.t.OperatorHelmChartContainer - [local-hivemq-1] [hivemq] [2c4d920b] + set -e
2025-01-29 01:01:29,759 INFO c.h.h.t.OperatorHelmChartContainer - [local-hivemq-1] [hivemq] [2c4d920b] + [[ preinstalled != \p\r\e\i\n\s\t\a\l\l\e\d ]]
2025-01-29 01:01:29,759 INFO c.h.h.t.OperatorHelmChartContainer - [local-hivemq-1] [hivemq] [2c4d920b] + [[ false == \f\a\l\s\e ]]
2025-01-29 01:01:29,759 INFO c.h.h.t.OperatorHelmChartContainer - [local-hivemq-1] [hivemq] [2c4d920b] + touch /opt/hivemq/extensions/hivemq-distributed-tracing-extension/DISABLED
2025-01-29 01:01:29,760 INFO c.h.h.t.OperatorHelmChartContainer - [local-hivemq-1] [hivemq] [2c4d920b] + was_enabled=0
2025-01-29 01:01:29,760 INFO c.h.h.t.OperatorHelmChartContainer - [local-hivemq-1] [hivemq] [2c4d920b] + [[ preinstalled != \p\r\e\i\n\s\t\a\l\l\e\d ]]
2025-01-29 01:01:29,760 INFO c.h.h.t.OperatorHelmChartContainer - [local-hivemq-1] [hivemq] [2c4d920b] + /opt/hivemq/bin/run_initialization.sh hivemq-distributed-tracing-extension
2025-01-29 01:01:29,762 INFO c.h.h.t.OperatorHelmChartContainer - [local-hivemq-1] [hivemq] [2c4d920b] + EXTENSION_NAME=hivemq-distributed-tracing-extension
2025-01-29 01:01:29,762 INFO c.h.h.t.OperatorHelmChartContainer - [local-hivemq-1] [hivemq] [2c4d920b] + TARGET_DIR=/opt/hivemq/extensions/hivemq-distributed-tracing-extension
2025-01-29 01:01:29,762 INFO c.h.h.t.OperatorHelmChartContainer - [local-hivemq-1] [hivemq] [2c4d920b] + cd /opt/hivemq/extensions/hivemq-distributed-tracing-extension
2025-01-29 01:01:29,762 INFO c.h.h.t.OperatorHelmChartContainer - [local-hivemq-1] [hivemq] [2c4d920b] + [[ -f init_tmp ]]
2025-01-29 01:01:29,762 INFO c.h.h.t.OperatorHelmChartContainer - [local-hivemq-1] [hivemq] [2c4d920b] + [[ -f /etc/podinfo/init-extension-hivemq-distributed-tracing-extension ]]
2025-01-29 01:01:29,763 INFO c.h.h.t.OperatorHelmChartContainer - [local-hivemq-1] [hivemq] [2c4d920b] Installing extension #5 with name: hivemq-amazon-kinesis-extension, URI: preinstalled, enabled state: false
2025-01-29 01:01:29,766 INFO c.h.h.t.OperatorHelmChartContainer - [local-hivemq-1] [hivemq] [2c4d920b] + [[ 3 != 3 ]]
2025-01-29 01:01:29,766 INFO c.h.h.t.OperatorHelmChartContainer - [local-hivemq-1] [hivemq] [2c4d920b] + EXTENSION_URI=preinstalled
2025-01-29 01:01:29,766 INFO c.h.h.t.OperatorHelmChartContainer - [local-hivemq-1] [hivemq] [2c4d920b] + EXTENSION_NAME=hivemq-amazon-kinesis-extension
2025-01-29 01:01:29,766 INFO c.h.h.t.OperatorHelmChartContainer - [local-hivemq-1] [hivemq] [2c4d920b] + TARGET_STATE=false
2025-01-29 01:01:29,766 INFO c.h.h.t.OperatorHelmChartContainer - [local-hivemq-1] [hivemq] [2c4d920b] + TARGET_DIR=/opt/hivemq/extensions/hivemq-amazon-kinesis-extension
2025-01-29 01:01:29,766 INFO c.h.h.t.OperatorHelmChartContainer - [local-hivemq-1] [hivemq] [2c4d920b] ++ mktemp -d
2025-01-29 01:01:29,768 INFO c.h.h.t.OperatorHelmChartContainer - [local-hivemq-1] [hivemq] [2c4d920b] + install_dir=/tmp/tmp.YbpSBw8C6H
2025-01-29 01:01:29,768 INFO c.h.h.t.OperatorHelmChartContainer - [local-hivemq-1] [hivemq] [2c4d920b] + set +e
2025-01-29 01:01:29,768 INFO c.h.h.t.OperatorHelmChartContainer - [local-hivemq-1] [hivemq] [2c4d920b] + [[ -f /opt/hivemq/extensions/hivemq-amazon-kinesis-extension/DISABLED ]]
2025-01-29 01:01:29,768 INFO c.h.h.t.OperatorHelmChartContainer - [local-hivemq-1] [hivemq] [2c4d920b] + was_enabled=0
2025-01-29 01:01:29,768 INFO c.h.h.t.OperatorHelmChartContainer - [local-hivemq-1] [hivemq] [2c4d920b] + set -e
2025-01-29 01:01:29,768 INFO c.h.h.t.OperatorHelmChartContainer - [local-hivemq-1] [hivemq] [2c4d920b] + [[ preinstalled != \p\r\e\i\n\s\t\a\l\l\e\d ]]
2025-01-29 01:01:29,768 INFO c.h.h.t.OperatorHelmChartContainer - [local-hivemq-1] [hivemq] [2c4d920b] + [[ false == \f\a\l\s\e ]]
2025-01-29 01:01:29,768 INFO c.h.h.t.OperatorHelmChartContainer - [local-hivemq-1] [hivemq] [2c4d920b] + touch /opt/hivemq/extensions/hivemq-amazon-kinesis-extension/DISABLED
2025-01-29 01:01:29,769 INFO c.h.h.t.OperatorHelmChartContainer - [local-hivemq-1] [hivemq] [2c4d920b] + was_enabled=0
2025-01-29 01:01:29,769 INFO c.h.h.t.OperatorHelmChartContainer - [local-hivemq-1] [hivemq] [2c4d920b] + [[ preinstalled != \p\r\e\i\n\s\t\a\l\l\e\d ]]
2025-01-29 01:01:29,769 INFO c.h.h.t.OperatorHelmChartContainer - [local-hivemq-1] [hivemq] [2c4d920b] + /opt/hivemq/bin/run_initialization.sh hivemq-amazon-kinesis-extension
2025-01-29 01:01:29,771 INFO c.h.h.t.OperatorHelmChartContainer - [local-hivemq-1] [hivemq] [2c4d920b] + EXTENSION_NAME=hivemq-amazon-kinesis-extension
2025-01-29 01:01:29,771 INFO c.h.h.t.OperatorHelmChartContainer - [local-hivemq-1] [hivemq] [2c4d920b] + TARGET_DIR=/opt/hivemq/extensions/hivemq-amazon-kinesis-extension
2025-01-29 01:01:29,771 INFO c.h.h.t.OperatorHelmChartContainer - [local-hivemq-1] [hivemq] [2c4d920b] + cd /opt/hivemq/extensions/hivemq-amazon-kinesis-extension
2025-01-29 01:01:29,771 INFO c.h.h.t.OperatorHelmChartContainer - [local-hivemq-1] [hivemq] [2c4d920b] + [[ -f init_tmp ]]
2025-01-29 01:01:29,771 INFO c.h.h.t.OperatorHelmChartContainer - [local-hivemq-1] [hivemq] [2c4d920b] + [[ -f /etc/podinfo/init-extension-hivemq-amazon-kinesis-extension ]]
2025-01-29 01:01:29,784 INFO c.h.h.t.OperatorHelmChartContainer - [local-hivemq-1] [hivemq] [2c4d920b] -------------------------------------------------------------------------
2025-01-29 01:01:29,785 INFO c.h.h.t.OperatorHelmChartContainer - [local-hivemq-1] [hivemq] [2c4d920b] 
2025-01-29 01:01:29,785 INFO c.h.h.t.OperatorHelmChartContainer - [local-hivemq-1] [hivemq] [2c4d920b]                   _    _  _              __  __   ____
2025-01-29 01:01:29,785 INFO c.h.h.t.OperatorHelmChartContainer - [local-hivemq-1] [hivemq] [2c4d920b]                  | |  | |(_)            |  \/  | / __ \
2025-01-29 01:01:29,785 INFO c.h.h.t.OperatorHelmChartContainer - [local-hivemq-1] [hivemq] [2c4d920b]                  | |__| | _ __   __ ___ | \  / || |  | |
2025-01-29 01:01:29,785 INFO c.h.h.t.OperatorHelmChartContainer - [local-hivemq-1] [hivemq] [2c4d920b]                  |  __  || |\ \ / // _ \| |\/| || |  | |
2025-01-29 01:01:29,785 INFO c.h.h.t.OperatorHelmChartContainer - [local-hivemq-1] [hivemq] [2c4d920b]                  | |  | || | \ V /|  __/| |  | || |__| |
2025-01-29 01:01:29,786 INFO c.h.h.t.OperatorHelmChartContainer - [local-hivemq-1] [hivemq] [2c4d920b]                  |_|  |_||_|  \_/  \___||_|  |_| \___\_\
2025-01-29 01:01:29,786 INFO c.h.h.t.OperatorHelmChartContainer - [local-hivemq-1] [hivemq] [2c4d920b] 
2025-01-29 01:01:29,786 INFO c.h.h.t.OperatorHelmChartContainer - [local-hivemq-1] [hivemq] [2c4d920b] -------------------------------------------------------------------------
2025-01-29 01:01:29,786 INFO c.h.h.t.OperatorHelmChartContainer - [local-hivemq-1] [hivemq] [2c4d920b] 
2025-01-29 01:01:29,786 INFO c.h.h.t.OperatorHelmChartContainer - [local-hivemq-1] [hivemq] [2c4d920b]   HiveMQ Start Script for Linux/Unix v1.14
2025-01-29 01:01:29,786 INFO c.h.h.t.OperatorHelmChartContainer - [local-hivemq-1] [hivemq] [2c4d920b] 
2025-01-29 01:01:29,839 INFO c.h.h.t.OperatorHelmChartContainer - [local-hivemq-1] [hivemq] [2c4d920b] -------------------------------------------------------------------------
2025-01-29 01:01:29,840 INFO c.h.h.t.OperatorHelmChartContainer - [local-hivemq-1] [hivemq] [2c4d920b] 
2025-01-29 01:01:29,840 INFO c.h.h.t.OperatorHelmChartContainer - [local-hivemq-1] [hivemq] [2c4d920b]   HIVEMQ_HOME: /opt/hivemq
2025-01-29 01:01:29,840 INFO c.h.h.t.OperatorHelmChartContainer - [local-hivemq-1] [hivemq] [2c4d920b] 
2025-01-29 01:01:29,840 INFO c.h.h.t.OperatorHelmChartContainer - [local-hivemq-1] [hivemq] [2c4d920b]   JAVA_OPTS: -XX:+UnlockExperimentalVMOptions -XX:InitialRAMPercentage=40 -XX:MaxRAMPercentage=50 -XX:MinRAMPercentage=30 -Djava.net.preferIPv4Stack=true --add-opens java.base/java.lang=ALL-UNNAMED --add-opens java.base/java.nio=ALL-UNNAMED --add-opens java.base/sun.nio.ch=ALL-UNNAMED --add-opens jdk.management/com.sun.management.internal=ALL-UNNAMED --add-exports java.base/jdk.internal.misc=ALL-UNNAMED -Djava.security.egd=file:/dev/./urandom -Dcom.sun.management.jmxremote -Dcom.sun.management.jmxremote.port=9010 -Dcom.sun.management.jmxremote.local.only=false -Dcom.sun.management.jmxremote.authenticate=false -Dcom.sun.management.jmxremote.ssl=false -Duser.language=en -Duser.region=US -XX:+CrashOnOutOfMemoryError -XX:+HeapDumpOnOutOfMemoryError
2025-01-29 01:01:29,840 INFO c.h.h.t.OperatorHelmChartContainer - [local-hivemq-1] [hivemq] [2c4d920b] 
2025-01-29 01:01:29,840 INFO c.h.h.t.OperatorHelmChartContainer - [local-hivemq-1] [hivemq] [2c4d920b]   JAVA_VERSION: 21
2025-01-29 01:01:29,840 INFO c.h.h.t.OperatorHelmChartContainer - [local-hivemq-1] [hivemq] [2c4d920b] 
2025-01-29 01:01:29,840 INFO c.h.h.t.OperatorHelmChartContainer - [local-hivemq-1] [hivemq] [2c4d920b] -------------------------------------------------------------------------
2025-01-29 01:01:29,840 INFO c.h.h.t.OperatorHelmChartContainer - [local-hivemq-1] [hivemq] [2c4d920b] 
2025-01-29 01:01:30,220 INFO c.h.h.t.OperatorHelmChartContainer - [local-hivemq-0] [hivemq] [361fffe7] DEBUG - HiveMQ DNS Cluster Discovery Extension: Discovered new address '10.42.0.9'.
2025-01-29 01:01:32,238 INFO c.h.h.t.OperatorHelmChartContainer - [local-hivemq-1] [hivemq] [2c4d920b] INFO  - Starting HiveMQ Enterprise Server
2025-01-29 01:01:32,325 INFO c.h.h.t.OperatorHelmChartContainer - [local-hivemq-1] [hivemq] [2c4d920b] INFO  - HiveMQ version: 4.36.0
2025-01-29 01:01:32,325 INFO c.h.h.t.OperatorHelmChartContainer - [local-hivemq-1] [hivemq] [2c4d920b] INFO  - HiveMQ home directory: /opt/hivemq
2025-01-29 01:01:32,325 INFO c.h.h.t.OperatorHelmChartContainer - [local-hivemq-1] [hivemq] [2c4d920b] INFO  - Log Configuration was overridden by /opt/hivemq/conf/logback.xml
2025-01-29 01:01:33,433 INFO c.h.h.t.OperatorHelmChartContainer - [local-hivemq-1] [hivemq] [2c4d920b] DEBUG - Adding TCP Listener on bind address 0.0.0.0 and port 1883. Name: tcp-listener-1883. Proxy Protocol supported: false
2025-01-29 01:01:33,433 INFO c.h.h.t.OperatorHelmChartContainer - [local-hivemq-1] [hivemq] [2c4d920b] DEBUG - Setting retained messages enabled to true
2025-01-29 01:01:33,433 INFO c.h.h.t.OperatorHelmChartContainer - [local-hivemq-1] [hivemq] [2c4d920b] DEBUG - Setting wildcard subscriptions enabled to true
2025-01-29 01:01:33,433 INFO c.h.h.t.OperatorHelmChartContainer - [local-hivemq-1] [hivemq] [2c4d920b] DEBUG - Setting subscription identifier enabled to true
2025-01-29 01:01:33,440 INFO c.h.h.t.OperatorHelmChartContainer - [local-hivemq-1] [hivemq] [2c4d920b] DEBUG - Setting shared subscriptions enabled to true
2025-01-29 01:01:33,440 INFO c.h.h.t.OperatorHelmChartContainer - [local-hivemq-1] [hivemq] [2c4d920b] DEBUG - Setting maximum qos to EXACTLY_ONCE 
2025-01-29 01:01:33,441 INFO c.h.h.t.OperatorHelmChartContainer - [local-hivemq-1] [hivemq] [2c4d920b] DEBUG - Setting topic alias enabled to true
2025-01-29 01:01:33,441 INFO c.h.h.t.OperatorHelmChartContainer - [local-hivemq-1] [hivemq] [2c4d920b] DEBUG - Setting topic alias maximum per client to 5
2025-01-29 01:01:33,441 INFO c.h.h.t.OperatorHelmChartContainer - [local-hivemq-1] [hivemq] [2c4d920b] DEBUG - Setting the number of max queued messages  per client to 1000 entries
2025-01-29 01:01:33,441 INFO c.h.h.t.OperatorHelmChartContainer - [local-hivemq-1] [hivemq] [2c4d920b] DEBUG - Setting queued messages strategy for each client to DISCARD
2025-01-29 01:01:33,441 INFO c.h.h.t.OperatorHelmChartContainer - [local-hivemq-1] [hivemq] [2c4d920b] DEBUG - Setting the expiry interval for client sessions to 4294967295 seconds
2025-01-29 01:01:33,441 INFO c.h.h.t.OperatorHelmChartContainer - [local-hivemq-1] [hivemq] [2c4d920b] DEBUG - Setting the expiry interval for publish messages to 4294967296 seconds
2025-01-29 01:01:33,441 INFO c.h.h.t.OperatorHelmChartContainer - [local-hivemq-1] [hivemq] [2c4d920b] DEBUG - Setting the server receive maximum to 10
2025-01-29 01:01:33,441 INFO c.h.h.t.OperatorHelmChartContainer - [local-hivemq-1] [hivemq] [2c4d920b] DEBUG - Setting keep alive maximum to 65535 seconds
2025-01-29 01:01:33,441 INFO c.h.h.t.OperatorHelmChartContainer - [local-hivemq-1] [hivemq] [2c4d920b] DEBUG - Setting keep alive allow zero to true
2025-01-29 01:01:33,442 INFO c.h.h.t.OperatorHelmChartContainer - [local-hivemq-1] [hivemq] [2c4d920b] DEBUG - Setting the maximum packet size for mqtt messages 268435460 bytes
2025-01-29 01:01:33,442 INFO c.h.h.t.OperatorHelmChartContainer - [local-hivemq-1] [hivemq] [2c4d920b] DEBUG - Setting global maximum allowed connections to -1
2025-01-29 01:01:33,442 INFO c.h.h.t.OperatorHelmChartContainer - [local-hivemq-1] [hivemq] [2c4d920b] DEBUG - Setting the maximum client id length to 65535
2025-01-29 01:01:33,442 INFO c.h.h.t.OperatorHelmChartContainer - [local-hivemq-1] [hivemq] [2c4d920b] DEBUG - Setting the timeout for disconnecting idle tcp connections before a connect message was received to 10000 milliseconds
2025-01-29 01:01:33,442 INFO c.h.h.t.OperatorHelmChartContainer - [local-hivemq-1] [hivemq] [2c4d920b] DEBUG - Throttling the global incoming traffic limit 0 bytes/second
2025-01-29 01:01:33,442 INFO c.h.h.t.OperatorHelmChartContainer - [local-hivemq-1] [hivemq] [2c4d920b] DEBUG - Setting the maximum topic length to 65535
2025-01-29 01:01:33,442 INFO c.h.h.t.OperatorHelmChartContainer - [local-hivemq-1] [hivemq] [2c4d920b] DEBUG - Setting allow server assigned client identifier to true
2025-01-29 01:01:33,442 INFO c.h.h.t.OperatorHelmChartContainer - [local-hivemq-1] [hivemq] [2c4d920b] DEBUG - Setting validate UTF-8 to true
2025-01-29 01:01:33,442 INFO c.h.h.t.OperatorHelmChartContainer - [local-hivemq-1] [hivemq] [2c4d920b] DEBUG - Setting payload format validation to false
2025-01-29 01:01:33,442 INFO c.h.h.t.OperatorHelmChartContainer - [local-hivemq-1] [hivemq] [2c4d920b] DEBUG - Setting allow-problem-information to true
2025-01-29 01:01:33,442 INFO c.h.h.t.OperatorHelmChartContainer - [local-hivemq-1] [hivemq] [2c4d920b] DEBUG - Setting control-center audit log enabled to true
2025-01-29 01:01:33,442 INFO c.h.h.t.OperatorHelmChartContainer - [local-hivemq-1] [hivemq] [2c4d920b] DEBUG - Setting rest-api audit log enabled to true
2025-01-29 01:01:33,442 INFO c.h.h.t.OperatorHelmChartContainer - [local-hivemq-1] [hivemq] [2c4d920b] DEBUG - Setting HiveMQ Control Center enabled to true 
2025-01-29 01:01:33,442 INFO c.h.h.t.OperatorHelmChartContainer - [local-hivemq-1] [hivemq] [2c4d920b] DEBUG - Setting HiveMQ Control Center default login enabled to true 
2025-01-29 01:01:33,442 INFO c.h.h.t.OperatorHelmChartContainer - [local-hivemq-1] [hivemq] [2c4d920b] DEBUG - Setting HiveMQ Control Center session idle time to 14400 seconds
2025-01-29 01:01:33,442 INFO c.h.h.t.OperatorHelmChartContainer - [local-hivemq-1] [hivemq] [2c4d920b] DEBUG - Adding Http-Listener to HiveMQ Control Center Config
2025-01-29 01:01:33,442 INFO c.h.h.t.OperatorHelmChartContainer - [local-hivemq-1] [hivemq] [2c4d920b] DEBUG - Set TLS to disabled for cluster TCP transport
2025-01-29 01:01:33,442 INFO c.h.h.t.OperatorHelmChartContainer - [local-hivemq-1] [hivemq] [2c4d920b] DEBUG - Setting replica count to 2 
2025-01-29 01:01:33,442 INFO c.h.h.t.OperatorHelmChartContainer - [local-hivemq-1] [hivemq] [2c4d920b] DEBUG - Setting cluster TCP health-check enabled
2025-01-29 01:01:33,442 INFO c.h.h.t.OperatorHelmChartContainer - [local-hivemq-1] [hivemq] [2c4d920b] DEBUG - Setting cluster TCP health-check bind-address to 10.42.0.9
2025-01-29 01:01:33,442 INFO c.h.h.t.OperatorHelmChartContainer - [local-hivemq-1] [hivemq] [2c4d920b] DEBUG - Setting cluster TCP health-check bind-address to 9000
2025-01-29 01:01:33,442 INFO c.h.h.t.OperatorHelmChartContainer - [local-hivemq-1] [hivemq] [2c4d920b] DEBUG - Setting cluster TCP health-check bind-port to 9000
2025-01-29 01:01:33,442 INFO c.h.h.t.OperatorHelmChartContainer - [local-hivemq-1] [hivemq] [2c4d920b] DEBUG - Setting cluster TCP health-check external-address to default
2025-01-29 01:01:33,442 INFO c.h.h.t.OperatorHelmChartContainer - [local-hivemq-1] [hivemq] [2c4d920b] DEBUG - Setting cluster TCP health-check external-port to 0
2025-01-29 01:01:33,442 INFO c.h.h.t.OperatorHelmChartContainer - [local-hivemq-1] [hivemq] [2c4d920b] DEBUG - Setting cluster heartbeat enabled
2025-01-29 01:01:33,442 INFO c.h.h.t.OperatorHelmChartContainer - [local-hivemq-1] [hivemq] [2c4d920b] DEBUG - Setting cluster heartbeat interval to 4000 ms
2025-01-29 01:01:33,442 INFO c.h.h.t.OperatorHelmChartContainer - [local-hivemq-1] [hivemq] [2c4d920b] DEBUG - Setting the cluster heartbeat timeout to 30000 ms
2025-01-29 01:01:33,442 INFO c.h.h.t.OperatorHelmChartContainer - [local-hivemq-1] [hivemq] [2c4d920b] DEBUG - Setting HiveMQ REST API enabled to false 
2025-01-29 01:01:33,442 INFO c.h.h.t.OperatorHelmChartContainer - [local-hivemq-1] [hivemq] [2c4d920b] DEBUG - Setting HiveMQ REST API authentication enabled to false 
2025-01-29 01:01:33,442 INFO c.h.h.t.OperatorHelmChartContainer - [local-hivemq-1] [hivemq] [2c4d920b] DEBUG - Setting HiveMQ Health API enabled to false 
2025-01-29 01:01:33,523 INFO c.h.h.t.OperatorHelmChartContainer - [local-hivemq-1] [hivemq] [2c4d920b] DEBUG - Setting client event history enabled to false
2025-01-29 01:01:33,526 INFO c.h.h.t.OperatorHelmChartContainer - [local-hivemq-1] [hivemq] [2c4d920b] DEBUG - Setting client event history lifetime to 604800000 ms
2025-01-29 01:01:33,526 INFO c.h.h.t.OperatorHelmChartContainer - [local-hivemq-1] [hivemq] [2c4d920b] DEBUG - Setting overload protection enabled to true 
2025-01-29 01:01:33,526 INFO c.h.h.t.OperatorHelmChartContainer - [local-hivemq-1] [hivemq] [2c4d920b] DEBUG - Setting anonymous usage statistics enabled to false 
2025-01-29 01:01:33,526 INFO c.h.h.t.OperatorHelmChartContainer - [local-hivemq-1] [hivemq] [2c4d920b] DEBUG - Setting expired messages topic enabled to false
2025-01-29 01:01:33,526 INFO c.h.h.t.OperatorHelmChartContainer - [local-hivemq-1] [hivemq] [2c4d920b] DEBUG - Setting dropped messages topic enabled to false
2025-01-29 01:01:33,526 INFO c.h.h.t.OperatorHelmChartContainer - [local-hivemq-1] [hivemq] [2c4d920b] DEBUG - Setting dead messages topic enabled to false
2025-01-29 01:01:33,527 INFO c.h.h.t.OperatorHelmChartContainer - [local-hivemq-1] [hivemq] [2c4d920b] INFO  - Successfully loaded configuration from '/opt/hivemq/conf/config.xml'.
2025-01-29 01:01:33,738 INFO c.h.h.t.OperatorHelmChartContainer - [local-hivemq-1] [hivemq] [2c4d920b] DEBUG - Performing sanity checks.
2025-01-29 01:01:33,824 INFO c.h.h.t.OperatorHelmChartContainer - [local-hivemq-1] [hivemq] [2c4d920b] DEBUG - Soft limit for open files (1048576) satisfies the recommended limit (1000000).
2025-01-29 01:01:33,826 INFO c.h.h.t.OperatorHelmChartContainer - [local-hivemq-1] [hivemq] [2c4d920b] DEBUG - Hard limit for open files (1048576) satisfies the recommended limit (1000000).
2025-01-29 01:01:33,826 INFO c.h.h.t.OperatorHelmChartContainer - [local-hivemq-1] [hivemq] [2c4d920b] DEBUG - HiveMQ license directory (/opt/hivemq/license) satisfies all required file-system permissions.
2025-01-29 01:01:33,827 INFO c.h.h.t.OperatorHelmChartContainer - [local-hivemq-1] [hivemq] [2c4d920b] DEBUG - HiveMQ data directory (/opt/hivemq/data) satisfies all required file-system permissions.
2025-01-29 01:01:33,827 INFO c.h.h.t.OperatorHelmChartContainer - [local-hivemq-1] [hivemq] [2c4d920b] DEBUG - HiveMQ log directory (/opt/hivemq/log) satisfies all required file-system permissions.
2025-01-29 01:01:33,827 INFO c.h.h.t.OperatorHelmChartContainer - [local-hivemq-1] [hivemq] [2c4d920b] DEBUG - HiveMQ backup directory (/opt/hivemq/backup) satisfies all required file-system permissions.
2025-01-29 01:01:33,827 INFO c.h.h.t.OperatorHelmChartContainer - [local-hivemq-1] [hivemq] [2c4d920b] DEBUG - HiveMQ audit directory (/opt/hivemq/audit) satisfies all required file-system permissions.
2025-01-29 01:01:33,827 INFO c.h.h.t.OperatorHelmChartContainer - [local-hivemq-1] [hivemq] [2c4d920b] DEBUG - HiveMQ extensions directory (/opt/hivemq/extensions) satisfies all required file-system permissions.
2025-01-29 01:01:33,829 INFO c.h.h.t.OperatorHelmChartContainer - [local-hivemq-1] [hivemq] [2c4d920b] DEBUG - Extension directory hivemq-allow-all-extension (/opt/hivemq/extensions/hivemq-allow-all-extension) satisfies all required file-system permissions.
2025-01-29 01:01:33,829 INFO c.h.h.t.OperatorHelmChartContainer - [local-hivemq-1] [hivemq] [2c4d920b] DEBUG - Extension directory hivemq-google-cloud-pubsub-extension (/opt/hivemq/extensions/hivemq-google-cloud-pubsub-extension) satisfies all required file-system permissions.
2025-01-29 01:01:33,829 INFO c.h.h.t.OperatorHelmChartContainer - [local-hivemq-1] [hivemq] [2c4d920b] DEBUG - Extension directory hivemq-enterprise-security-extension (/opt/hivemq/extensions/hivemq-enterprise-security-extension) satisfies all required file-system permissions.
2025-01-29 01:01:33,829 INFO c.h.h.t.OperatorHelmChartContainer - [local-hivemq-1] [hivemq] [2c4d920b] DEBUG - Extension directory hivemq-bridge-extension (/opt/hivemq/extensions/hivemq-bridge-extension) satisfies all required file-system permissions.
2025-01-29 01:01:33,829 INFO c.h.h.t.OperatorHelmChartContainer - [local-hivemq-1] [hivemq] [2c4d920b] DEBUG - Extension directory hivemq-kafka-extension (/opt/hivemq/extensions/hivemq-kafka-extension) satisfies all required file-system permissions.
2025-01-29 01:01:33,829 INFO c.h.h.t.OperatorHelmChartContainer - [local-hivemq-1] [hivemq] [2c4d920b] DEBUG - Extension directory hivemq-distributed-tracing-extension (/opt/hivemq/extensions/hivemq-distributed-tracing-extension) satisfies all required file-system permissions.
2025-01-29 01:01:33,829 INFO c.h.h.t.OperatorHelmChartContainer - [local-hivemq-1] [hivemq] [2c4d920b] DEBUG - Extension directory hivemq-prometheus-extension (/opt/hivemq/extensions/hivemq-prometheus-extension) satisfies all required file-system permissions.
2025-01-29 01:01:33,829 INFO c.h.h.t.OperatorHelmChartContainer - [local-hivemq-1] [hivemq] [2c4d920b] DEBUG - Extension directory hivemq-amazon-kinesis-extension (/opt/hivemq/extensions/hivemq-amazon-kinesis-extension) satisfies all required file-system permissions.
2025-01-29 01:01:33,829 INFO c.h.h.t.OperatorHelmChartContainer - [local-hivemq-1] [hivemq] [2c4d920b] DEBUG - Extension directory hivemq-k8s-sync-extension (/opt/hivemq/extensions/hivemq-k8s-sync-extension) satisfies all required file-system permissions.
2025-01-29 01:01:33,830 INFO c.h.h.t.OperatorHelmChartContainer - [local-hivemq-1] [hivemq] [2c4d920b] DEBUG - Extension directory hivemq-dns-cluster-discovery (/opt/hivemq/extensions/hivemq-dns-cluster-discovery) satisfies all required file-system permissions.
2025-01-29 01:01:33,830 INFO c.h.h.t.OperatorHelmChartContainer - [local-hivemq-1] [hivemq] [2c4d920b] DEBUG - Extension directory hivemq-snowflake-extension (/opt/hivemq/extensions/hivemq-snowflake-extension) satisfies all required file-system permissions.
2025-01-29 01:01:33,830 INFO c.h.h.t.OperatorHelmChartContainer - [local-hivemq-1] [hivemq] [2c4d920b] DEBUG - Extension directory hivemq-postgresql-extension (/opt/hivemq/extensions/hivemq-postgresql-extension) satisfies all required file-system permissions.
2025-01-29 01:01:33,830 INFO c.h.h.t.OperatorHelmChartContainer - [local-hivemq-1] [hivemq] [2c4d920b] DEBUG - Extension directory hivemq-mysql-extension (/opt/hivemq/extensions/hivemq-mysql-extension) satisfies all required file-system permissions.
2025-01-29 01:01:33,830 INFO c.h.h.t.OperatorHelmChartContainer - [local-hivemq-1] [hivemq] [2c4d920b] DEBUG - Extension directory hivemq-mongodb-extension (/opt/hivemq/extensions/hivemq-mongodb-extension) satisfies all required file-system permissions.
2025-01-29 01:01:33,831 INFO c.h.h.t.OperatorHelmChartContainer - [local-hivemq-1] [hivemq] [2c4d920b] DEBUG - Extension directory hivemq-data-lake-extension (/opt/hivemq/extensions/hivemq-data-lake-extension) satisfies all required file-system permissions.
2025-01-29 01:01:33,831 INFO c.h.h.t.OperatorHelmChartContainer - [local-hivemq-1] [hivemq] [2c4d920b] DEBUG - Extension directory hivemq-microsoft-sql-server-extension (/opt/hivemq/extensions/hivemq-microsoft-sql-server-extension) satisfies all required file-system permissions.
2025-01-29 01:01:33,831 INFO c.h.h.t.OperatorHelmChartContainer - [local-hivemq-1] [hivemq] [2c4d920b] DEBUG - Temporary directory (/tmp) satisfies all required file-system permissions.
2025-01-29 01:01:33,832 INFO c.h.h.t.OperatorHelmChartContainer - [local-hivemq-1] [hivemq] [2c4d920b] DEBUG - Heap dump directory (/opt/hivemq/dumps) satisfies all required file-system permissions.
2025-01-29 01:01:33,834 INFO c.h.h.t.OperatorHelmChartContainer - [local-hivemq-1] [hivemq] [2c4d920b] DEBUG - Performed all sanity checks in 93ms. All sanity checks passed successfully.
2025-01-29 01:01:33,834 INFO c.h.h.t.OperatorHelmChartContainer - [local-hivemq-1] [hivemq] [2c4d920b] INFO  - This node's ID is gVizq
2025-01-29 01:01:33,834 INFO c.h.h.t.OperatorHelmChartContainer - [local-hivemq-1] [hivemq] [2c4d920b] INFO  - Clustering is enabled
2025-01-29 01:01:35,338 INFO c.h.h.t.OperatorHelmChartContainer - [local-hivemq-1] [hivemq] [2c4d920b] DEBUG - Configured WriteBufferManager with size for memtables 311023370 and for the block cache 466535055
2025-01-29 01:01:35,338 INFO c.h.h.t.OperatorHelmChartContainer - [local-hivemq-1] [hivemq] [2c4d920b] DEBUG - Starting RocksDBMemoryUsageWatchdog.
2025-01-29 01:01:35,339 INFO c.h.h.t.OperatorHelmChartContainer - [local-hivemq-1] [hivemq] [2c4d920b] DEBUG - RocksDBMemoryUsageWatchdog is running.
2025-01-29 01:01:35,439 INFO c.h.h.t.OperatorHelmChartContainer - [local-hivemq-1] [hivemq] [2c4d920b] DEBUG - Folder /opt/hivemq/data/persistence does not exist, trying to create it
2025-01-29 01:01:35,440 INFO c.h.h.t.OperatorHelmChartContainer - [local-hivemq-1] [hivemq] [2c4d920b] DEBUG - Created folder /opt/hivemq/data
2025-01-29 01:01:35,440 INFO c.h.h.t.OperatorHelmChartContainer - [local-hivemq-1] [hivemq] [2c4d920b] DEBUG - Folder /opt/hivemq/data/persistence/publish_payload_store/040500_R does not exist, trying to create it
2025-01-29 01:01:35,530 INFO c.h.h.t.OperatorHelmChartContainer - [local-hivemq-1] [hivemq] [2c4d920b] DEBUG - Folder /opt/hivemq/data/persistence/client_queue/042800_R does not exist, trying to create it
2025-01-29 01:01:35,531 INFO c.h.h.t.OperatorHelmChartContainer - [local-hivemq-1] [hivemq] [2c4d920b] DEBUG - Folder /opt/hivemq/data/persistence/client_session_store/040100_R does not exist, trying to create it
2025-01-29 01:01:35,540 INFO c.h.h.t.OperatorHelmChartContainer - [local-hivemq-1] [hivemq] [2c4d920b] DEBUG - Folder /opt/hivemq/data/persistence/retained_messages/040800_R does not exist, trying to create it
2025-01-29 01:01:35,542 INFO c.h.h.t.OperatorHelmChartContainer - [local-hivemq-1] [hivemq] [2c4d920b] DEBUG - Folder /opt/hivemq/data/persistence/client_session_subscriptions/043200_R does not exist, trying to create it
2025-01-29 01:01:35,625 INFO c.h.h.t.OperatorHelmChartContainer - [local-hivemq-1] [hivemq] [2c4d920b] DEBUG - Folder /opt/hivemq/data/persistence/incoming_message_flow/043000_R does not exist, trying to create it
2025-01-29 01:01:35,625 INFO c.h.h.t.OperatorHelmChartContainer - [local-hivemq-1] [hivemq] [2c4d920b] DEBUG - Folder /opt/hivemq/data/persistence/attribute/043100_R does not exist, trying to create it
2025-01-29 01:01:35,736 INFO c.h.h.t.OperatorHelmChartContainer - [EVENT] Warning [Unhealthy] Readiness probe failed: Log statement not present (yet)
 [default:local-hivemq-1]
2025-01-29 01:01:35,736 INFO c.h.h.t.OperatorHelmChartContainer - Received Unhealthy event for container hivemq in pod local-hivemq-1 [2c4d920b-dc2c-42ac-9d7b-4133583e059d]
2025-01-29 01:01:35,964 INFO c.h.h.t.OperatorHelmChartContainer - [local-hivemq-1] [hivemq] [2c4d920b] DEBUG - Folder /opt/hivemq/data/persistence/data_hub_modules/043000_R does not exist, trying to create it
2025-01-29 01:01:35,965 INFO c.h.h.t.OperatorHelmChartContainer - [local-hivemq-1] [hivemq] [2c4d920b] DEBUG - Folder /opt/hivemq/data/persistence/data_hub_policies/042000_R does not exist, trying to create it
2025-01-29 01:01:35,966 INFO c.h.h.t.OperatorHelmChartContainer - [local-hivemq-1] [hivemq] [2c4d920b] DEBUG - Folder /opt/hivemq/data/persistence/data_hub_scripts/042300_R does not exist, trying to create it
2025-01-29 01:01:35,966 INFO c.h.h.t.OperatorHelmChartContainer - [local-hivemq-1] [hivemq] [2c4d920b] DEBUG - Folder /opt/hivemq/data/persistence/data_hub_schemas/042000_R does not exist, trying to create it
2025-01-29 01:01:40,728 INFO c.h.h.t.OperatorHelmChartContainer - [EVENT] Warning [Unhealthy] Readiness probe failed: Log statement not present (yet)
 [default:local-hivemq-1]
2025-01-29 01:01:40,728 INFO c.h.h.t.OperatorHelmChartContainer - Received Unhealthy event for container hivemq in pod local-hivemq-1 [2c4d920b-dc2c-42ac-9d7b-4133583e059d]
2025-01-29 01:01:40,839 INFO c.h.h.t.OperatorHelmChartContainer - [local-hivemq-1] [hivemq] [2c4d920b] DEBUG - Diagnostic mode is disabled
2025-01-29 01:01:45,733 INFO c.h.h.t.OperatorHelmChartContainer - [EVENT] Warning [Unhealthy] Readiness probe failed: Log statement not present (yet)
 [default:local-hivemq-1]
2025-01-29 01:01:45,733 INFO c.h.h.t.OperatorHelmChartContainer - Received Unhealthy event for container hivemq in pod local-hivemq-1 [2c4d920b-dc2c-42ac-9d7b-4133583e059d]
2025-01-29 01:01:46,335 INFO c.h.h.t.OperatorHelmChartContainer - [K3S] [scope.go:117] "RemoveContainer" containerID="734a7332389833e574961bb037773434051fba4eeb82a324df11a79adba763f4"
2025-01-29 01:01:46,683 INFO c.h.h.t.OperatorHelmChartContainer - [EVENT] Warning [Unhealthy] Liveness probe failed: dial tcp 10.42.0.9:1883: connect: connection refused [default:local-hivemq-1]
2025-01-29 01:01:46,683 INFO c.h.h.t.OperatorHelmChartContainer - Received Unhealthy event for container hivemq in pod local-hivemq-1 [2c4d920b-dc2c-42ac-9d7b-4133583e059d]
2025-01-29 01:01:46,899 INFO c.h.h.t.OperatorHelmChartContainer - [local-hivemq-1] [hivemq] [2c4d920b] INFO  - No valid license file found. Using trial license, restricted to 25 connections.
2025-01-29 01:01:47,326 INFO c.h.h.t.OperatorHelmChartContainer - [local-hivemq-1] [hivemq] [2c4d920b] DEBUG - Native Epoll is available on this platform
2025-01-29 01:01:47,423 INFO c.h.h.t.OperatorHelmChartContainer - [local-hivemq-1] [hivemq] [2c4d920b] DEBUG - Set extension executor thread pool size to 1
2025-01-29 01:01:47,425 INFO c.h.h.t.OperatorHelmChartContainer - [local-hivemq-1] [hivemq] [2c4d920b] DEBUG - Set extension executor thread pool keep-alive to 30 seconds
2025-01-29 01:01:47,427 INFO c.h.h.t.OperatorHelmChartContainer - [local-hivemq-1] [hivemq] [2c4d920b] DEBUG - initializing RSA key
2025-01-29 01:01:49,632 INFO c.h.h.t.OperatorHelmChartContainer - [local-hivemq-1] [hivemq] [2c4d920b] DEBUG - finished initializing RSA key in 2203ms
2025-01-29 01:01:50,734 INFO c.h.h.t.OperatorHelmChartContainer - [EVENT] Warning [Unhealthy] Readiness probe failed: Log statement not present (yet)
 [default:local-hivemq-1]
2025-01-29 01:01:50,734 INFO c.h.h.t.OperatorHelmChartContainer - Received Unhealthy event for container hivemq in pod local-hivemq-1 [2c4d920b-dc2c-42ac-9d7b-4133583e059d]
2025-01-29 01:01:50,930 INFO c.h.h.t.OperatorHelmChartContainer - [local-hivemq-1] [hivemq] [2c4d920b] DEBUG - Unable to provide size and free metrics for disk /dev/sda: Could not find the corresponding FileStore (OSHI/Java).
2025-01-29 01:01:50,931 INFO c.h.h.t.OperatorHelmChartContainer - [local-hivemq-1] [hivemq] [2c4d920b] DEBUG - Unable to provide size and free metrics for disk /dev/sdb: Could not find the corresponding FileStore (OSHI/Java).
2025-01-29 01:01:50,931 INFO c.h.h.t.OperatorHelmChartContainer - [local-hivemq-1] [hivemq] [2c4d920b] DEBUG - Throttling incoming traffic to 0 B/s
2025-01-29 01:01:50,932 INFO c.h.h.t.OperatorHelmChartContainer - [local-hivemq-1] [hivemq] [2c4d920b] DEBUG - Throttling outgoing traffic to 0 B/s
2025-01-29 01:01:51,100 INFO c.h.h.t.OperatorHelmChartContainer - [local-hivemq-1] [hivemq] [2c4d920b] INFO  - No valid license file for Data Hub found. Using free license, restricted to 1 policy.
2025-01-29 01:01:51,122 INFO c.h.h.t.OperatorHelmChartContainer - [local-hivemq-1] [hivemq] [2c4d920b] DEBUG - Building initial topic tree
2025-01-29 01:01:51,304 INFO c.h.h.t.OperatorHelmChartContainer - [local-hivemq-1] [hivemq] [2c4d920b] DEBUG - Started JMX Metrics Reporting.
2025-01-29 01:01:51,403 INFO c.h.h.t.OperatorHelmChartContainer - [local-hivemq-1] [hivemq] [2c4d920b] DEBUG - Registered JVM metrics with prefix com.hivemq.jvm.
2025-01-29 01:01:51,426 INFO c.h.h.t.OperatorHelmChartContainer - [local-hivemq-1] [hivemq] [2c4d920b] DEBUG - Registered HiveMQ Health API metrics.
2025-01-29 01:01:52,237 INFO c.h.h.t.OperatorHelmChartContainer - [local-hivemq-1] [hivemq] [2c4d920b] INFO  - Audit Logger started.
2025-01-29 01:01:52,515 INFO c.h.h.t.OperatorHelmChartContainer - [local-hivemq-1] [hivemq] [2c4d920b] INFO  - This node uses '1' CPU cores.
2025-01-29 01:01:53,111 INFO c.h.h.t.OperatorHelmChartContainer - [local-hivemq-1] [hivemq] [2c4d920b] INFO  - Starting HiveMQ extension system.
2025-01-29 01:01:53,427 INFO c.h.h.t.OperatorHelmChartContainer - [local-hivemq-1] [hivemq] [2c4d920b] INFO  - Starting extension with id "hivemq-dns-cluster-discovery" at /opt/hivemq/extensions/hivemq-dns-cluster-discovery
2025-01-29 01:01:53,528 INFO c.h.h.t.OperatorHelmChartContainer - [local-hivemq-1] [hivemq] [2c4d920b] DEBUG - HiveMQ DNS Cluster Discovery Extension: No DNS server address was set in the configuration file or environment variable.
2025-01-29 01:01:53,532 INFO c.h.h.t.OperatorHelmChartContainer - [local-hivemq-1] [hivemq] [2c4d920b] DEBUG - HiveMQ DNS Cluster Discovery Extension: No reload interval was set in the configuration file or environment variable. Defaulting to 30.
2025-01-29 01:01:54,001 INFO c.h.h.t.OperatorHelmChartContainer - [local-hivemq-1] [hivemq] [2c4d920b] INFO  - Extension "DNS Cluster Discovery Extension" version 4.3.3 started successfully.
2025-01-29 01:01:54,002 INFO c.h.h.t.OperatorHelmChartContainer - [local-hivemq-1] [hivemq] [2c4d920b] INFO  - Starting extension with id "hivemq-k8s-sync-extension" at /opt/hivemq/extensions/hivemq-k8s-sync-extension
2025-01-29 01:01:54,230 INFO c.h.h.t.OperatorHelmChartContainer - [local-hivemq-1] [hivemq] [2c4d920b] INFO  - Using TCP cluster transport on address 10.42.0.9 and port 7000
2025-01-29 01:01:54,300 INFO c.h.h.t.OperatorHelmChartContainer - [local-hivemq-1] [hivemq] [2c4d920b] INFO  - Using extension cluster discovery
2025-01-29 01:01:54,830 INFO c.h.h.t.OperatorHelmChartContainer - [local-hivemq-1] [hivemq] [2c4d920b] DEBUG - Could not get configMap modification timestamp for source /hivemq-data/conf/..data, likely no ConfigMap mounted
2025-01-29 01:01:54,831 INFO c.h.h.t.OperatorHelmChartContainer - [local-hivemq-1] [hivemq] [2c4d920b] DEBUG - Could not get configMap modification timestamp for source /hivemq-data/extensions/..data, likely no ConfigMap mounted
2025-01-29 01:01:54,831 INFO c.h.h.t.OperatorHelmChartContainer - [local-hivemq-1] [hivemq] [2c4d920b] DEBUG - Could not get configMap modification timestamp for source /hivemq-data/bin/..data, likely no ConfigMap mounted
2025-01-29 01:01:54,899 INFO c.h.h.t.OperatorHelmChartContainer - [local-hivemq-1] [hivemq] [2c4d920b] INFO  - Started HiveMQ Kubernetes State Synchronization Extension:1.0.3
2025-01-29 01:01:54,899 INFO c.h.h.t.OperatorHelmChartContainer - [local-hivemq-1] [hivemq] [2c4d920b] INFO  - Extension "HiveMQ Kubernetes State Synchronization Extension" version 1.0.3 started successfully.
2025-01-29 01:01:54,899 INFO c.h.h.t.OperatorHelmChartContainer - [local-hivemq-1] [hivemq] [2c4d920b] INFO  - Starting extension with id "hivemq-allow-all-extension" at /opt/hivemq/extensions/hivemq-allow-all-extension
2025-01-29 01:01:54,899 INFO c.h.h.t.OperatorHelmChartContainer - [local-hivemq-1] [hivemq] [2c4d920b] WARN  - 
2025-01-29 01:01:54,899 INFO c.h.h.t.OperatorHelmChartContainer - [local-hivemq-1] [hivemq] [2c4d920b] ################################################################################################################
2025-01-29 01:01:54,900 INFO c.h.h.t.OperatorHelmChartContainer - [local-hivemq-1] [hivemq] [2c4d920b] # This HiveMQ deployment is not secure! You are lacking Authentication and Authorization.                      #
2025-01-29 01:01:54,900 INFO c.h.h.t.OperatorHelmChartContainer - [local-hivemq-1] [hivemq] [2c4d920b] # Right now any MQTT client can connect to the broker with a full set of permissions.                          #
2025-01-29 01:01:54,900 INFO c.h.h.t.OperatorHelmChartContainer - [local-hivemq-1] [hivemq] [2c4d920b] # For production usage, add an appropriate security extension and remove the hivemq-allow-all extension.       #
2025-01-29 01:01:54,900 INFO c.h.h.t.OperatorHelmChartContainer - [local-hivemq-1] [hivemq] [2c4d920b] # You can download security extensions from the HiveMQ Marketplace (https://www.hivemq.com/extensions/).       #
2025-01-29 01:01:54,901 INFO c.h.h.t.OperatorHelmChartContainer - [local-hivemq-1] [hivemq] [2c4d920b] ################################################################################################################
2025-01-29 01:01:54,901 INFO c.h.h.t.OperatorHelmChartContainer - [local-hivemq-1] [hivemq] [2c4d920b] DEBUG - Simple authenticator added by extension 'hivemq-allow-all-extension'.
2025-01-29 01:01:54,901 INFO c.h.h.t.OperatorHelmChartContainer - [local-hivemq-1] [hivemq] [2c4d920b] INFO  - Extension "Allow All Extension" version 1.1.1 started successfully.
2025-01-29 01:01:55,033 INFO c.h.h.t.OperatorHelmChartContainer - [local-hivemq-1] [hivemq] [2c4d920b] DEBUG - HiveMQ DNS Cluster Discovery Extension: Discovered new address '10.42.0.7'.
2025-01-29 01:01:55,033 INFO c.h.h.t.OperatorHelmChartContainer - [local-hivemq-1] [hivemq] [2c4d920b] DEBUG - HiveMQ DNS Cluster Discovery Extension: Discovered new address '10.42.0.9'.
2025-01-29 01:01:55,131 INFO c.h.h.t.OperatorHelmChartContainer - [local-hivemq-0] [hivemq] [361fffe7] INFO  - Cluster nodes found by discovery: [NTAIY|1] (2) [NTAIY, gVizq].
2025-01-29 01:01:55,133 INFO c.h.h.t.OperatorHelmChartContainer - [local-hivemq-0] [hivemq] [361fffe7] DEBUG - New node discovered: 'gVizq'
2025-01-29 01:01:55,133 INFO c.h.h.t.OperatorHelmChartContainer - [local-hivemq-0] [hivemq] [361fffe7] DEBUG - State of node gVizq changed to UNKNOWN was null. Current cluster node states: {gVizq=UNKNOWN, NTAIY=RUNNING}
2025-01-29 01:01:55,203 INFO c.h.h.t.OperatorHelmChartContainer - [local-hivemq-1] [hivemq] [2c4d920b] INFO  - Cluster nodes found by discovery: [NTAIY|1] (2) [NTAIY, gVizq].
2025-01-29 01:01:55,223 INFO c.h.h.t.OperatorHelmChartContainer - [local-hivemq-1] [hivemq] [2c4d920b] DEBUG - New node discovered: 'NTAIY'
2025-01-29 01:01:55,224 INFO c.h.h.t.OperatorHelmChartContainer - [local-hivemq-1] [hivemq] [2c4d920b] DEBUG - State of node NTAIY changed to UNKNOWN was null. Current cluster node states: {NTAIY=UNKNOWN}
2025-01-29 01:01:55,225 INFO c.h.h.t.OperatorHelmChartContainer - [local-hivemq-1] [hivemq] [2c4d920b] DEBUG - State of node gVizq changed to UNKNOWN was null. Current cluster node states: {gVizq=UNKNOWN, NTAIY=UNKNOWN}
2025-01-29 01:01:55,400 INFO c.h.h.t.OperatorHelmChartContainer - [local-hivemq-1] [hivemq] [2c4d920b] DEBUG - State of node NTAIY changed to RUNNING was UNKNOWN. Current cluster node states: {gVizq=UNKNOWN, NTAIY=RUNNING}
2025-01-29 01:01:55,401 INFO c.h.h.t.OperatorHelmChartContainer - [local-hivemq-1] [hivemq] [2c4d920b] INFO  - Cluster size = 1, members : [NTAIY].
2025-01-29 01:01:55,507 INFO c.h.h.t.OperatorHelmChartContainer - [local-hivemq-1] [hivemq] [2c4d920b] DEBUG - Sending NOT_JOINED state request to NTAIY.
2025-01-29 01:01:55,613 INFO c.h.h.t.OperatorHelmChartContainer - [local-hivemq-1] [hivemq] [2c4d920b] DEBUG - Using global cluster id 'R6HtI' (1738112439110). Previous was 'ArSKe' (1738112491931).
2025-01-29 01:01:55,613 INFO c.h.h.t.OperatorHelmChartContainer - [local-hivemq-0] [hivemq] [361fffe7] DEBUG - State of node gVizq changed to NOT_JOINED was UNKNOWN. Current cluster node states: {gVizq=NOT_JOINED, NTAIY=RUNNING}
2025-01-29 01:01:55,614 INFO c.h.h.t.OperatorHelmChartContainer - [local-hivemq-0] [hivemq] [361fffe7] DEBUG - Sending NOT_JOINED state notification for gVizq to all nodes.
2025-01-29 01:01:55,615 INFO c.h.h.t.OperatorHelmChartContainer - [EVENT] Warning [Unhealthy] Readiness probe failed: Cluster size not matched. Current: 1, expected: 2
 [default:local-hivemq-1]
2025-01-29 01:01:55,615 INFO c.h.h.t.OperatorHelmChartContainer - Received Unhealthy event for container hivemq in pod local-hivemq-1 [2c4d920b-dc2c-42ac-9d7b-4133583e059d]
2025-01-29 01:01:55,617 INFO c.h.h.t.OperatorHelmChartContainer - [local-hivemq-1] [hivemq] [2c4d920b] DEBUG - State of node gVizq changed to NOT_JOINED was UNKNOWN. Current cluster node states: {gVizq=NOT_JOINED, NTAIY=RUNNING}
2025-01-29 01:01:55,629 INFO c.h.h.t.OperatorHelmChartContainer - [local-hivemq-1] [hivemq] [2c4d920b] DEBUG - Sending JOINING state request to NTAIY.
2025-01-29 01:01:55,649 INFO c.h.h.t.OperatorHelmChartContainer - [local-hivemq-0] [hivemq] [361fffe7] DEBUG - Allowing JOIN request for node gVizq.
2025-01-29 01:01:55,650 INFO c.h.h.t.OperatorHelmChartContainer - [local-hivemq-0] [hivemq] [361fffe7] DEBUG - State of node gVizq changed to JOINING was NOT_JOINED. Current cluster node states: {gVizq=JOINING, NTAIY=RUNNING}
2025-01-29 01:01:55,712 INFO c.h.h.t.OperatorHelmChartContainer - [local-hivemq-0] [hivemq] [361fffe7] DEBUG - Sending JOINING state notification for gVizq to all nodes.
2025-01-29 01:01:55,808 INFO c.h.h.t.OperatorHelmChartContainer - [local-hivemq-1] [hivemq] [2c4d920b] DEBUG - State of node gVizq changed to JOINING was NOT_JOINED. Current cluster node states: {gVizq=JOINING, NTAIY=RUNNING}
2025-01-29 01:01:55,816 INFO c.h.h.t.OperatorHelmChartContainer - [local-hivemq-1] [hivemq] [2c4d920b] INFO  - Starting cluster join process. This may take a while. Please do not shut down HiveMQ.
2025-01-29 01:01:55,816 INFO c.h.h.t.OperatorHelmChartContainer - [local-hivemq-1] [hivemq] [2c4d920b] DEBUG - Join started. Disabling WAL: true
2025-01-29 01:01:55,818 INFO c.h.h.t.OperatorHelmChartContainer - [local-hivemq-1] [hivemq] [2c4d920b] DEBUG - Replicating data from nodes [NTAIY].
2025-01-29 01:01:55,820 INFO c.h.h.t.OperatorHelmChartContainer - [local-hivemq-1] [hivemq] [2c4d920b] INFO  - Cluster join process is still ongoing. Please do not shut down HiveMQ.
2025-01-29 01:01:55,824 INFO c.h.h.t.OperatorHelmChartContainer - [local-hivemq-0] [hivemq] [361fffe7] DEBUG - Received replication finished request from gVizq. Response is false.
2025-01-29 01:01:56,047 INFO c.h.h.t.OperatorHelmChartContainer - [local-hivemq-0] [hivemq] [361fffe7] DEBUG - Replication of data to nodes [gVizq] finished.
2025-01-29 01:01:56,820 INFO c.h.h.t.OperatorHelmChartContainer - [local-hivemq-0] [hivemq] [361fffe7] DEBUG - Received replication finished request from gVizq. Response is true.
2025-01-29 01:01:56,820 INFO c.h.h.t.OperatorHelmChartContainer - [local-hivemq-1] [hivemq] [2c4d920b] DEBUG - Replication of data from node NTAIY finished.
2025-01-29 01:01:57,482 INFO c.h.h.t.OperatorHelmChartContainer - [local-hivemq-hivemq-operator] [operator] [ea8fe1db] ?[36m01:01:57.480?[0;39m ?[1;30m[pool-3-thread-12]?[0;39m ?[31mWARN ?[0;39m ?[35mc.h.operations.DeploymentOperable?[0;39m - Exception while waiting class io.fabric8.kubernetes.client.KubernetesClientTimeoutException:Timed out waiting for [45000] milliseconds for [StatefulSet] with name:[local-hivemq] in namespace [default].
2025-01-29 01:01:57,652 DEBUG com.hivemq.helmcharts.util.K8sUtil - State to compare Updating and waiting for Updating
2025-01-29 01:01:57,660 DEBUG com.hivemq.helmcharts.util.K8sUtil - State to compare Updating and waiting for Running
2025-01-29 01:01:57,823 INFO c.h.h.t.OperatorHelmChartContainer - [local-hivemq-1] [hivemq] [2c4d920b] DEBUG - Join finished. Flushing RocksDBs.
2025-01-29 01:01:57,825 INFO c.h.h.t.OperatorHelmChartContainer - [local-hivemq-1] [hivemq] [2c4d920b] DEBUG - Flushing: /opt/hivemq/data/persistence/publish_payload_store/040500_R/publish_payload_store_0
2025-01-29 01:01:57,825 INFO c.h.h.t.OperatorHelmChartContainer - [local-hivemq-1] [hivemq] [2c4d920b] DEBUG - Flushing: /opt/hivemq/data/persistence/publish_payload_store/040500_R/publish_payload_store_3
2025-01-29 01:01:57,825 INFO c.h.h.t.OperatorHelmChartContainer - [local-hivemq-1] [hivemq] [2c4d920b] DEBUG - Flushing: /opt/hivemq/data/persistence/publish_payload_store/040500_R/publish_payload_store_1
2025-01-29 01:01:57,825 INFO c.h.h.t.OperatorHelmChartContainer - [local-hivemq-1] [hivemq] [2c4d920b] DEBUG - Flushing: /opt/hivemq/data/persistence/publish_payload_store/040500_R/publish_payload_store_2
2025-01-29 01:01:57,825 INFO c.h.h.t.OperatorHelmChartContainer - [local-hivemq-1] [hivemq] [2c4d920b] DEBUG - Flushing: /opt/hivemq/data/persistence/publish_payload_store/040500_R/publish_payload_store_4
2025-01-29 01:01:57,825 INFO c.h.h.t.OperatorHelmChartContainer - [local-hivemq-1] [hivemq] [2c4d920b] DEBUG - Flushing: /opt/hivemq/data/persistence/publish_payload_store/040500_R/publish_payload_store_5
2025-01-29 01:01:57,825 INFO c.h.h.t.OperatorHelmChartContainer - [local-hivemq-1] [hivemq] [2c4d920b] DEBUG - Flushing: /opt/hivemq/data/persistence/publish_payload_store/040500_R/publish_payload_store_8
2025-01-29 01:01:57,825 INFO c.h.h.t.OperatorHelmChartContainer - [local-hivemq-1] [hivemq] [2c4d920b] DEBUG - Flushing: /opt/hivemq/data/persistence/publish_payload_store/040500_R/publish_payload_store_7
2025-01-29 01:01:57,825 INFO c.h.h.t.OperatorHelmChartContainer - [local-hivemq-1] [hivemq] [2c4d920b] DEBUG - Flushing: /opt/hivemq/data/persistence/publish_payload_store/040500_R/publish_payload_store_6
2025-01-29 01:01:57,825 INFO c.h.h.t.OperatorHelmChartContainer - [local-hivemq-1] [hivemq] [2c4d920b] DEBUG - Flushing: /opt/hivemq/data/persistence/publish_payload_store/040500_R/publish_payload_store_9
2025-01-29 01:01:57,825 INFO c.h.h.t.OperatorHelmChartContainer - [local-hivemq-1] [hivemq] [2c4d920b] DEBUG - Flushing: /opt/hivemq/data/persistence/publish_payload_store/040500_R/publish_payload_store_10
2025-01-29 01:01:57,825 INFO c.h.h.t.OperatorHelmChartContainer - [local-hivemq-1] [hivemq] [2c4d920b] DEBUG - Flushing: /opt/hivemq/data/persistence/publish_payload_store/040500_R/publish_payload_store_11
2025-01-29 01:01:57,825 INFO c.h.h.t.OperatorHelmChartContainer - [local-hivemq-1] [hivemq] [2c4d920b] DEBUG - Flushing: /opt/hivemq/data/persistence/publish_payload_store/040500_R/publish_payload_store_12
2025-01-29 01:01:57,825 INFO c.h.h.t.OperatorHelmChartContainer - [local-hivemq-1] [hivemq] [2c4d920b] DEBUG - Flushing: /opt/hivemq/data/persistence/publish_payload_store/040500_R/publish_payload_store_13
2025-01-29 01:01:57,825 INFO c.h.h.t.OperatorHelmChartContainer - [local-hivemq-1] [hivemq] [2c4d920b] DEBUG - Flushing: /opt/hivemq/data/persistence/publish_payload_store/040500_R/publish_payload_store_14
2025-01-29 01:01:57,825 INFO c.h.h.t.OperatorHelmChartContainer - [local-hivemq-1] [hivemq] [2c4d920b] DEBUG - Flushing: /opt/hivemq/data/persistence/publish_payload_store/040500_R/publish_payload_store_15
2025-01-29 01:01:57,825 INFO c.h.h.t.OperatorHelmChartContainer - [local-hivemq-1] [hivemq] [2c4d920b] DEBUG - Flushing: /opt/hivemq/data/persistence/publish_payload_store/040500_R/publish_payload_store_16
2025-01-29 01:01:57,825 INFO c.h.h.t.OperatorHelmChartContainer - [local-hivemq-1] [hivemq] [2c4d920b] DEBUG - Flushing: /opt/hivemq/data/persistence/publish_payload_store/040500_R/publish_payload_store_17
2025-01-29 01:01:57,825 INFO c.h.h.t.OperatorHelmChartContainer - [local-hivemq-1] [hivemq] [2c4d920b] DEBUG - Flushing: /opt/hivemq/data/persistence/publish_payload_store/040500_R/publish_payload_store_18
2025-01-29 01:01:57,825 INFO c.h.h.t.OperatorHelmChartContainer - [local-hivemq-1] [hivemq] [2c4d920b] DEBUG - Flushing: /opt/hivemq/data/persistence/publish_payload_store/040500_R/publish_payload_store_19
2025-01-29 01:01:57,825 INFO c.h.h.t.OperatorHelmChartContainer - [local-hivemq-1] [hivemq] [2c4d920b] DEBUG - Flushing: /opt/hivemq/data/persistence/publish_payload_store/040500_R/publish_payload_store_20
2025-01-29 01:01:57,825 INFO c.h.h.t.OperatorHelmChartContainer - [local-hivemq-1] [hivemq] [2c4d920b] DEBUG - Flushing: /opt/hivemq/data/persistence/publish_payload_store/040500_R/publish_payload_store_21
2025-01-29 01:01:57,825 INFO c.h.h.t.OperatorHelmChartContainer - [local-hivemq-1] [hivemq] [2c4d920b] DEBUG - Flushing: /opt/hivemq/data/persistence/publish_payload_store/040500_R/publish_payload_store_22
2025-01-29 01:01:57,825 INFO c.h.h.t.OperatorHelmChartContainer - [local-hivemq-1] [hivemq] [2c4d920b] DEBUG - Flushing: /opt/hivemq/data/persistence/publish_payload_store/040500_R/publish_payload_store_23
2025-01-29 01:01:57,825 INFO c.h.h.t.OperatorHelmChartContainer - [local-hivemq-1] [hivemq] [2c4d920b] DEBUG - Flushing: /opt/hivemq/data/persistence/publish_payload_store/040500_R/publish_payload_store_24
2025-01-29 01:01:57,825 INFO c.h.h.t.OperatorHelmChartContainer - [local-hivemq-1] [hivemq] [2c4d920b] DEBUG - Flushing: /opt/hivemq/data/persistence/publish_payload_store/040500_R/publish_payload_store_25
2025-01-29 01:01:57,825 INFO c.h.h.t.OperatorHelmChartContainer - [local-hivemq-1] [hivemq] [2c4d920b] DEBUG - Flushing: /opt/hivemq/data/persistence/publish_payload_store/040500_R/publish_payload_store_27
2025-01-29 01:01:57,825 INFO c.h.h.t.OperatorHelmChartContainer - [local-hivemq-1] [hivemq] [2c4d920b] DEBUG - Flushing: /opt/hivemq/data/persistence/publish_payload_store/040500_R/publish_payload_store_26
2025-01-29 01:01:57,825 INFO c.h.h.t.OperatorHelmChartContainer - [local-hivemq-1] [hivemq] [2c4d920b] DEBUG - Flushing: /opt/hivemq/data/persistence/publish_payload_store/040500_R/publish_payload_store_28
2025-01-29 01:01:57,825 INFO c.h.h.t.OperatorHelmChartContainer - [local-hivemq-1] [hivemq] [2c4d920b] DEBUG - Flushing: /opt/hivemq/data/persistence/publish_payload_store/040500_R/publish_payload_store_29
2025-01-29 01:01:57,825 INFO c.h.h.t.OperatorHelmChartContainer - [local-hivemq-1] [hivemq] [2c4d920b] DEBUG - Flushing: /opt/hivemq/data/persistence/publish_payload_store/040500_R/publish_payload_store_30
2025-01-29 01:01:57,827 INFO c.h.h.t.OperatorHelmChartContainer - [local-hivemq-1] [hivemq] [2c4d920b] DEBUG - Flushing: /opt/hivemq/data/persistence/publish_payload_store/040500_R/publish_payload_store_31
2025-01-29 01:01:57,827 INFO c.h.h.t.OperatorHelmChartContainer - [local-hivemq-1] [hivemq] [2c4d920b] DEBUG - Flushing: /opt/hivemq/data/persistence/publish_payload_store/040500_R/publish_payload_store_32
2025-01-29 01:01:57,827 INFO c.h.h.t.OperatorHelmChartContainer - [local-hivemq-1] [hivemq] [2c4d920b] DEBUG - Flushing: /opt/hivemq/data/persistence/publish_payload_store/040500_R/publish_payload_store_33
2025-01-29 01:01:57,827 INFO c.h.h.t.OperatorHelmChartContainer - [local-hivemq-1] [hivemq] [2c4d920b] DEBUG - Flushing: /opt/hivemq/data/persistence/publish_payload_store/040500_R/publish_payload_store_34
2025-01-29 01:01:57,827 INFO c.h.h.t.OperatorHelmChartContainer - [local-hivemq-1] [hivemq] [2c4d920b] DEBUG - Flushing: /opt/hivemq/data/persistence/publish_payload_store/040500_R/publish_payload_store_35
2025-01-29 01:01:57,827 INFO c.h.h.t.OperatorHelmChartContainer - [local-hivemq-1] [hivemq] [2c4d920b] DEBUG - Flushing: /opt/hivemq/data/persistence/publish_payload_store/040500_R/publish_payload_store_36
2025-01-29 01:01:57,827 INFO c.h.h.t.OperatorHelmChartContainer - [local-hivemq-1] [hivemq] [2c4d920b] DEBUG - Flushing: /opt/hivemq/data/persistence/publish_payload_store/040500_R/publish_payload_store_37
2025-01-29 01:01:57,827 INFO c.h.h.t.OperatorHelmChartContainer - [local-hivemq-1] [hivemq] [2c4d920b] DEBUG - Flushing: /opt/hivemq/data/persistence/publish_payload_store/040500_R/publish_payload_store_38
2025-01-29 01:01:57,827 INFO c.h.h.t.OperatorHelmChartContainer - [local-hivemq-1] [hivemq] [2c4d920b] DEBUG - Flushing: /opt/hivemq/data/persistence/publish_payload_store/040500_R/publish_payload_store_40
2025-01-29 01:01:57,827 INFO c.h.h.t.OperatorHelmChartContainer - [local-hivemq-1] [hivemq] [2c4d920b] DEBUG - Flushing: /opt/hivemq/data/persistence/publish_payload_store/040500_R/publish_payload_store_39
2025-01-29 01:01:57,827 INFO c.h.h.t.OperatorHelmChartContainer - [local-hivemq-1] [hivemq] [2c4d920b] DEBUG - Flushing: /opt/hivemq/data/persistence/publish_payload_store/040500_R/publish_payload_store_41
2025-01-29 01:01:57,827 INFO c.h.h.t.OperatorHelmChartContainer - [local-hivemq-1] [hivemq] [2c4d920b] DEBUG - Flushing: /opt/hivemq/data/persistence/publish_payload_store/040500_R/publish_payload_store_42
2025-01-29 01:01:57,827 INFO c.h.h.t.OperatorHelmChartContainer - [local-hivemq-1] [hivemq] [2c4d920b] DEBUG - Flushing: /opt/hivemq/data/persistence/publish_payload_store/040500_R/publish_payload_store_43
2025-01-29 01:01:57,827 INFO c.h.h.t.OperatorHelmChartContainer - [local-hivemq-1] [hivemq] [2c4d920b] DEBUG - Flushing: /opt/hivemq/data/persistence/publish_payload_store/040500_R/publish_payload_store_44
2025-01-29 01:01:57,827 INFO c.h.h.t.OperatorHelmChartContainer - [local-hivemq-1] [hivemq] [2c4d920b] DEBUG - Flushing: /opt/hivemq/data/persistence/publish_payload_store/040500_R/publish_payload_store_45
2025-01-29 01:01:57,827 INFO c.h.h.t.OperatorHelmChartContainer - [local-hivemq-1] [hivemq] [2c4d920b] DEBUG - Flushing: /opt/hivemq/data/persistence/publish_payload_store/040500_R/publish_payload_store_46
2025-01-29 01:01:57,827 INFO c.h.h.t.OperatorHelmChartContainer - [local-hivemq-1] [hivemq] [2c4d920b] DEBUG - Flushing: /opt/hivemq/data/persistence/publish_payload_store/040500_R/publish_payload_store_47
2025-01-29 01:01:57,827 INFO c.h.h.t.OperatorHelmChartContainer - [local-hivemq-1] [hivemq] [2c4d920b] DEBUG - Flushing: /opt/hivemq/data/persistence/publish_payload_store/040500_R/publish_payload_store_48
2025-01-29 01:01:57,827 INFO c.h.h.t.OperatorHelmChartContainer - [local-hivemq-1] [hivemq] [2c4d920b] DEBUG - Flushing: /opt/hivemq/data/persistence/publish_payload_store/040500_R/publish_payload_store_51
2025-01-29 01:01:57,827 INFO c.h.h.t.OperatorHelmChartContainer - [local-hivemq-1] [hivemq] [2c4d920b] DEBUG - Flushing: /opt/hivemq/data/persistence/publish_payload_store/040500_R/publish_payload_store_49
2025-01-29 01:01:57,827 INFO c.h.h.t.OperatorHelmChartContainer - [local-hivemq-1] [hivemq] [2c4d920b] DEBUG - Flushing: /opt/hivemq/data/persistence/publish_payload_store/040500_R/publish_payload_store_50
2025-01-29 01:01:57,827 INFO c.h.h.t.OperatorHelmChartContainer - [local-hivemq-1] [hivemq] [2c4d920b] DEBUG - Flushing: /opt/hivemq/data/persistence/publish_payload_store/040500_R/publish_payload_store_52
2025-01-29 01:01:57,827 INFO c.h.h.t.OperatorHelmChartContainer - [local-hivemq-1] [hivemq] [2c4d920b] DEBUG - Flushing: /opt/hivemq/data/persistence/publish_payload_store/040500_R/publish_payload_store_53
2025-01-29 01:01:57,827 INFO c.h.h.t.OperatorHelmChartContainer - [local-hivemq-1] [hivemq] [2c4d920b] DEBUG - Flushing: /opt/hivemq/data/persistence/publish_payload_store/040500_R/publish_payload_store_55
2025-01-29 01:01:57,828 INFO c.h.h.t.OperatorHelmChartContainer - [local-hivemq-1] [hivemq] [2c4d920b] DEBUG - Flushing: /opt/hivemq/data/persistence/publish_payload_store/040500_R/publish_payload_store_54
2025-01-29 01:01:57,828 INFO c.h.h.t.OperatorHelmChartContainer - [local-hivemq-1] [hivemq] [2c4d920b] DEBUG - Flushing: /opt/hivemq/data/persistence/publish_payload_store/040500_R/publish_payload_store_56
2025-01-29 01:01:57,828 INFO c.h.h.t.OperatorHelmChartContainer - [local-hivemq-1] [hivemq] [2c4d920b] DEBUG - Flushing: /opt/hivemq/data/persistence/publish_payload_store/040500_R/publish_payload_store_58
2025-01-29 01:01:57,828 INFO c.h.h.t.OperatorHelmChartContainer - [local-hivemq-1] [hivemq] [2c4d920b] DEBUG - Flushing: /opt/hivemq/data/persistence/publish_payload_store/040500_R/publish_payload_store_57
2025-01-29 01:01:57,828 INFO c.h.h.t.OperatorHelmChartContainer - [local-hivemq-1] [hivemq] [2c4d920b] DEBUG - Flushing: /opt/hivemq/data/persistence/publish_payload_store/040500_R/publish_payload_store_59
2025-01-29 01:01:57,829 INFO c.h.h.t.OperatorHelmChartContainer - [local-hivemq-1] [hivemq] [2c4d920b] DEBUG - Flushing: /opt/hivemq/data/persistence/publish_payload_store/040500_R/publish_payload_store_60
2025-01-29 01:01:57,829 INFO c.h.h.t.OperatorHelmChartContainer - [local-hivemq-1] [hivemq] [2c4d920b] DEBUG - Flushing: /opt/hivemq/data/persistence/publish_payload_store/040500_R/publish_payload_store_61
2025-01-29 01:01:57,829 INFO c.h.h.t.OperatorHelmChartContainer - [local-hivemq-1] [hivemq] [2c4d920b] DEBUG - Flushing: /opt/hivemq/data/persistence/publish_payload_store/040500_R/publish_payload_store_62
2025-01-29 01:01:57,829 INFO c.h.h.t.OperatorHelmChartContainer - [local-hivemq-1] [hivemq] [2c4d920b] DEBUG - Flushing: /opt/hivemq/data/persistence/publish_payload_store/040500_R/publish_payload_store_63
2025-01-29 01:01:57,838 INFO c.h.h.t.OperatorHelmChartContainer - [local-hivemq-1] [hivemq] [2c4d920b] DEBUG - Flushing: /opt/hivemq/data/persistence/client_session_store/040100_R/client_session_store_0
2025-01-29 01:01:57,838 INFO c.h.h.t.OperatorHelmChartContainer - [local-hivemq-1] [hivemq] [2c4d920b] DEBUG - Flushing: /opt/hivemq/data/persistence/client_session_store/040100_R/client_session_store_1
2025-01-29 01:01:57,838 INFO c.h.h.t.OperatorHelmChartContainer - [local-hivemq-1] [hivemq] [2c4d920b] DEBUG - Flushing: /opt/hivemq/data/persistence/client_session_store/040100_R/client_session_store_3
2025-01-29 01:01:57,838 INFO c.h.h.t.OperatorHelmChartContainer - [local-hivemq-1] [hivemq] [2c4d920b] DEBUG - Flushing: /opt/hivemq/data/persistence/client_session_store/040100_R/client_session_store_2
2025-01-29 01:01:57,838 INFO c.h.h.t.OperatorHelmChartContainer - [local-hivemq-1] [hivemq] [2c4d920b] DEBUG - Flushing: /opt/hivemq/data/persistence/client_session_store/040100_R/client_session_store_4
2025-01-29 01:01:57,838 INFO c.h.h.t.OperatorHelmChartContainer - [local-hivemq-1] [hivemq] [2c4d920b] DEBUG - Flushing: /opt/hivemq/data/persistence/client_session_store/040100_R/client_session_store_5
2025-01-29 01:01:57,838 INFO c.h.h.t.OperatorHelmChartContainer - [local-hivemq-1] [hivemq] [2c4d920b] DEBUG - Flushing: /opt/hivemq/data/persistence/client_session_store/040100_R/client_session_store_6
2025-01-29 01:01:57,838 INFO c.h.h.t.OperatorHelmChartContainer - [local-hivemq-1] [hivemq] [2c4d920b] DEBUG - Flushing: /opt/hivemq/data/persistence/client_session_store/040100_R/client_session_store_7
2025-01-29 01:01:57,838 INFO c.h.h.t.OperatorHelmChartContainer - [local-hivemq-1] [hivemq] [2c4d920b] DEBUG - Flushing: /opt/hivemq/data/persistence/client_session_store/040100_R/client_session_store_8
2025-01-29 01:01:57,838 INFO c.h.h.t.OperatorHelmChartContainer - [local-hivemq-1] [hivemq] [2c4d920b] DEBUG - Flushing: /opt/hivemq/data/persistence/client_session_store/040100_R/client_session_store_9
2025-01-29 01:01:57,838 INFO c.h.h.t.OperatorHelmChartContainer - [local-hivemq-1] [hivemq] [2c4d920b] DEBUG - Flushing: /opt/hivemq/data/persistence/client_session_store/040100_R/client_session_store_11
2025-01-29 01:01:57,838 INFO c.h.h.t.OperatorHelmChartContainer - [local-hivemq-1] [hivemq] [2c4d920b] DEBUG - Flushing: /opt/hivemq/data/persistence/client_session_store/040100_R/client_session_store_10
2025-01-29 01:01:57,838 INFO c.h.h.t.OperatorHelmChartContainer - [local-hivemq-1] [hivemq] [2c4d920b] DEBUG - Flushing: /opt/hivemq/data/persistence/client_session_store/040100_R/client_session_store_12
2025-01-29 01:01:57,838 INFO c.h.h.t.OperatorHelmChartContainer - [local-hivemq-1] [hivemq] [2c4d920b] DEBUG - Flushing: /opt/hivemq/data/persistence/client_session_store/040100_R/client_session_store_13
2025-01-29 01:01:57,838 INFO c.h.h.t.OperatorHelmChartContainer - [local-hivemq-1] [hivemq] [2c4d920b] DEBUG - Flushing: /opt/hivemq/data/persistence/client_session_store/040100_R/client_session_store_15
2025-01-29 01:01:57,838 INFO c.h.h.t.OperatorHelmChartContainer - [local-hivemq-1] [hivemq] [2c4d920b] DEBUG - Flushing: /opt/hivemq/data/persistence/client_session_store/040100_R/client_session_store_14
2025-01-29 01:01:57,839 INFO c.h.h.t.OperatorHelmChartContainer - [local-hivemq-1] [hivemq] [2c4d920b] DEBUG - Flushing: /opt/hivemq/data/persistence/client_session_store/040100_R/client_session_store_19
2025-01-29 01:01:57,839 INFO c.h.h.t.OperatorHelmChartContainer - [local-hivemq-1] [hivemq] [2c4d920b] DEBUG - Flushing: /opt/hivemq/data/persistence/client_session_store/040100_R/client_session_store_16
2025-01-29 01:01:57,839 INFO c.h.h.t.OperatorHelmChartContainer - [local-hivemq-1] [hivemq] [2c4d920b] DEBUG - Flushing: /opt/hivemq/data/persistence/client_session_store/040100_R/client_session_store_18
2025-01-29 01:01:57,839 INFO c.h.h.t.OperatorHelmChartContainer - [local-hivemq-1] [hivemq] [2c4d920b] DEBUG - Flushing: /opt/hivemq/data/persistence/client_session_store/040100_R/client_session_store_17
2025-01-29 01:01:57,839 INFO c.h.h.t.OperatorHelmChartContainer - [local-hivemq-1] [hivemq] [2c4d920b] DEBUG - Flushing: /opt/hivemq/data/persistence/client_session_store/040100_R/client_session_store_20
2025-01-29 01:01:57,839 INFO c.h.h.t.OperatorHelmChartContainer - [local-hivemq-1] [hivemq] [2c4d920b] DEBUG - Flushing: /opt/hivemq/data/persistence/client_session_store/040100_R/client_session_store_22
2025-01-29 01:01:57,839 INFO c.h.h.t.OperatorHelmChartContainer - [local-hivemq-1] [hivemq] [2c4d920b] DEBUG - Flushing: /opt/hivemq/data/persistence/client_session_store/040100_R/client_session_store_21
2025-01-29 01:01:57,839 INFO c.h.h.t.OperatorHelmChartContainer - [local-hivemq-1] [hivemq] [2c4d920b] DEBUG - Flushing: /opt/hivemq/data/persistence/client_session_store/040100_R/client_session_store_23
2025-01-29 01:01:57,839 INFO c.h.h.t.OperatorHelmChartContainer - [local-hivemq-1] [hivemq] [2c4d920b] DEBUG - Flushing: /opt/hivemq/data/persistence/client_session_store/040100_R/client_session_store_24
2025-01-29 01:01:57,839 INFO c.h.h.t.OperatorHelmChartContainer - [local-hivemq-1] [hivemq] [2c4d920b] DEBUG - Flushing: /opt/hivemq/data/persistence/client_session_store/040100_R/client_session_store_25
2025-01-29 01:01:57,839 INFO c.h.h.t.OperatorHelmChartContainer - [local-hivemq-1] [hivemq] [2c4d920b] DEBUG - Flushing: /opt/hivemq/data/persistence/client_session_store/040100_R/client_session_store_26
2025-01-29 01:01:57,839 INFO c.h.h.t.OperatorHelmChartContainer - [local-hivemq-1] [hivemq] [2c4d920b] DEBUG - Flushing: /opt/hivemq/data/persistence/client_session_store/040100_R/client_session_store_27
2025-01-29 01:01:57,839 INFO c.h.h.t.OperatorHelmChartContainer - [local-hivemq-1] [hivemq] [2c4d920b] DEBUG - Flushing: /opt/hivemq/data/persistence/client_session_store/040100_R/client_session_store_28
2025-01-29 01:01:57,839 INFO c.h.h.t.OperatorHelmChartContainer - [local-hivemq-1] [hivemq] [2c4d920b] DEBUG - Flushing: /opt/hivemq/data/persistence/client_session_store/040100_R/client_session_store_29
2025-01-29 01:01:57,839 INFO c.h.h.t.OperatorHelmChartContainer - [local-hivemq-1] [hivemq] [2c4d920b] DEBUG - Flushing: /opt/hivemq/data/persistence/client_session_store/040100_R/client_session_store_30
2025-01-29 01:01:57,839 INFO c.h.h.t.OperatorHelmChartContainer - [local-hivemq-1] [hivemq] [2c4d920b] DEBUG - Flushing: /opt/hivemq/data/persistence/client_session_store/040100_R/client_session_store_31
2025-01-29 01:01:57,839 INFO c.h.h.t.OperatorHelmChartContainer - [local-hivemq-1] [hivemq] [2c4d920b] DEBUG - Flushing: /opt/hivemq/data/persistence/client_session_store/040100_R/client_session_store_32
2025-01-29 01:01:57,839 INFO c.h.h.t.OperatorHelmChartContainer - [local-hivemq-1] [hivemq] [2c4d920b] DEBUG - Flushing: /opt/hivemq/data/persistence/client_session_store/040100_R/client_session_store_33
2025-01-29 01:01:57,839 INFO c.h.h.t.OperatorHelmChartContainer - [local-hivemq-1] [hivemq] [2c4d920b] DEBUG - Flushing: /opt/hivemq/data/persistence/client_session_store/040100_R/client_session_store_34
2025-01-29 01:01:57,839 INFO c.h.h.t.OperatorHelmChartContainer - [local-hivemq-1] [hivemq] [2c4d920b] DEBUG - Flushing: /opt/hivemq/data/persistence/client_session_store/040100_R/client_session_store_35
2025-01-29 01:01:57,839 INFO c.h.h.t.OperatorHelmChartContainer - [local-hivemq-1] [hivemq] [2c4d920b] DEBUG - Flushing: /opt/hivemq/data/persistence/client_session_store/040100_R/client_session_store_36
2025-01-29 01:01:57,839 INFO c.h.h.t.OperatorHelmChartContainer - [local-hivemq-1] [hivemq] [2c4d920b] DEBUG - Flushing: /opt/hivemq/data/persistence/client_session_store/040100_R/client_session_store_38
2025-01-29 01:01:57,839 INFO c.h.h.t.OperatorHelmChartContainer - [local-hivemq-1] [hivemq] [2c4d920b] DEBUG - Flushing: /opt/hivemq/data/persistence/client_session_store/040100_R/client_session_store_37
2025-01-29 01:01:57,839 INFO c.h.h.t.OperatorHelmChartContainer - [local-hivemq-1] [hivemq] [2c4d920b] DEBUG - Flushing: /opt/hivemq/data/persistence/client_session_store/040100_R/client_session_store_39
2025-01-29 01:01:57,839 INFO c.h.h.t.OperatorHelmChartContainer - [local-hivemq-1] [hivemq] [2c4d920b] DEBUG - Flushing: /opt/hivemq/data/persistence/client_session_store/040100_R/client_session_store_40
2025-01-29 01:01:57,839 INFO c.h.h.t.OperatorHelmChartContainer - [local-hivemq-1] [hivemq] [2c4d920b] DEBUG - Flushing: /opt/hivemq/data/persistence/client_session_store/040100_R/client_session_store_41
2025-01-29 01:01:57,839 INFO c.h.h.t.OperatorHelmChartContainer - [local-hivemq-1] [hivemq] [2c4d920b] DEBUG - Flushing: /opt/hivemq/data/persistence/client_session_store/040100_R/client_session_store_42
2025-01-29 01:01:57,839 INFO c.h.h.t.OperatorHelmChartContainer - [local-hivemq-1] [hivemq] [2c4d920b] DEBUG - Flushing: /opt/hivemq/data/persistence/client_session_store/040100_R/client_session_store_43
2025-01-29 01:01:57,843 INFO c.h.h.t.OperatorHelmChartContainer - [local-hivemq-1] [hivemq] [2c4d920b] DEBUG - Flushing: /opt/hivemq/data/persistence/client_session_store/040100_R/client_session_store_44
2025-01-29 01:01:57,843 INFO c.h.h.t.OperatorHelmChartContainer - [local-hivemq-1] [hivemq] [2c4d920b] DEBUG - Flushing: /opt/hivemq/data/persistence/client_session_store/040100_R/client_session_store_45
2025-01-29 01:01:57,843 INFO c.h.h.t.OperatorHelmChartContainer - [local-hivemq-1] [hivemq] [2c4d920b] DEBUG - Flushing: /opt/hivemq/data/persistence/client_session_store/040100_R/client_session_store_46
2025-01-29 01:01:57,843 INFO c.h.h.t.OperatorHelmChartContainer - [local-hivemq-1] [hivemq] [2c4d920b] DEBUG - Flushing: /opt/hivemq/data/persistence/client_session_store/040100_R/client_session_store_47
2025-01-29 01:01:57,843 INFO c.h.h.t.OperatorHelmChartContainer - [local-hivemq-1] [hivemq] [2c4d920b] DEBUG - Flushing: /opt/hivemq/data/persistence/client_session_store/040100_R/client_session_store_48
2025-01-29 01:01:57,843 INFO c.h.h.t.OperatorHelmChartContainer - [local-hivemq-1] [hivemq] [2c4d920b] DEBUG - Flushing: /opt/hivemq/data/persistence/client_session_store/040100_R/client_session_store_49
2025-01-29 01:01:57,843 INFO c.h.h.t.OperatorHelmChartContainer - [local-hivemq-1] [hivemq] [2c4d920b] DEBUG - Flushing: /opt/hivemq/data/persistence/client_session_store/040100_R/client_session_store_51
2025-01-29 01:01:57,843 INFO c.h.h.t.OperatorHelmChartContainer - [local-hivemq-1] [hivemq] [2c4d920b] DEBUG - Flushing: /opt/hivemq/data/persistence/client_session_store/040100_R/client_session_store_50
2025-01-29 01:01:57,843 INFO c.h.h.t.OperatorHelmChartContainer - [local-hivemq-1] [hivemq] [2c4d920b] DEBUG - Flushing: /opt/hivemq/data/persistence/client_session_store/040100_R/client_session_store_52
2025-01-29 01:01:57,843 INFO c.h.h.t.OperatorHelmChartContainer - [local-hivemq-1] [hivemq] [2c4d920b] DEBUG - Flushing: /opt/hivemq/data/persistence/client_session_store/040100_R/client_session_store_53
2025-01-29 01:01:57,843 INFO c.h.h.t.OperatorHelmChartContainer - [local-hivemq-1] [hivemq] [2c4d920b] DEBUG - Flushing: /opt/hivemq/data/persistence/client_session_store/040100_R/client_session_store_54
2025-01-29 01:01:57,843 INFO c.h.h.t.OperatorHelmChartContainer - [local-hivemq-1] [hivemq] [2c4d920b] DEBUG - Flushing: /opt/hivemq/data/persistence/client_session_store/040100_R/client_session_store_55
2025-01-29 01:01:57,843 INFO c.h.h.t.OperatorHelmChartContainer - [local-hivemq-1] [hivemq] [2c4d920b] DEBUG - Flushing: /opt/hivemq/data/persistence/client_session_store/040100_R/client_session_store_56
2025-01-29 01:01:57,843 INFO c.h.h.t.OperatorHelmChartContainer - [local-hivemq-1] [hivemq] [2c4d920b] DEBUG - Flushing: /opt/hivemq/data/persistence/client_session_store/040100_R/client_session_store_57
2025-01-29 01:01:57,843 INFO c.h.h.t.OperatorHelmChartContainer - [local-hivemq-1] [hivemq] [2c4d920b] DEBUG - Flushing: /opt/hivemq/data/persistence/client_session_store/040100_R/client_session_store_60
2025-01-29 01:01:57,843 INFO c.h.h.t.OperatorHelmChartContainer - [local-hivemq-1] [hivemq] [2c4d920b] DEBUG - Flushing: /opt/hivemq/data/persistence/client_session_store/040100_R/client_session_store_59
2025-01-29 01:01:57,843 INFO c.h.h.t.OperatorHelmChartContainer - [local-hivemq-1] [hivemq] [2c4d920b] DEBUG - Flushing: /opt/hivemq/data/persistence/client_session_store/040100_R/client_session_store_58
2025-01-29 01:01:57,843 INFO c.h.h.t.OperatorHelmChartContainer - [local-hivemq-1] [hivemq] [2c4d920b] DEBUG - Flushing: /opt/hivemq/data/persistence/client_session_store/040100_R/client_session_store_61
2025-01-29 01:01:57,843 INFO c.h.h.t.OperatorHelmChartContainer - [local-hivemq-1] [hivemq] [2c4d920b] DEBUG - Flushing: /opt/hivemq/data/persistence/client_session_store/040100_R/client_session_store_62
2025-01-29 01:01:57,843 INFO c.h.h.t.OperatorHelmChartContainer - [local-hivemq-1] [hivemq] [2c4d920b] DEBUG - Flushing: /opt/hivemq/data/persistence/client_session_store/040100_R/client_session_store_63
2025-01-29 01:01:57,843 INFO c.h.h.t.OperatorHelmChartContainer - [local-hivemq-1] [hivemq] [2c4d920b] DEBUG - Flushing: /opt/hivemq/data/persistence/client_queue/042800_R/client_queue_0
2025-01-29 01:01:57,843 INFO c.h.h.t.OperatorHelmChartContainer - [local-hivemq-1] [hivemq] [2c4d920b] DEBUG - Flushing: /opt/hivemq/data/persistence/client_queue/042800_R/client_queue_1
2025-01-29 01:01:57,843 INFO c.h.h.t.OperatorHelmChartContainer - [local-hivemq-1] [hivemq] [2c4d920b] DEBUG - Flushing: /opt/hivemq/data/persistence/client_queue/042800_R/client_queue_2
2025-01-29 01:01:57,843 INFO c.h.h.t.OperatorHelmChartContainer - [local-hivemq-1] [hivemq] [2c4d920b] DEBUG - Flushing: /opt/hivemq/data/persistence/client_queue/042800_R/client_queue_4
2025-01-29 01:01:57,843 INFO c.h.h.t.OperatorHelmChartContainer - [local-hivemq-1] [hivemq] [2c4d920b] DEBUG - Flushing: /opt/hivemq/data/persistence/client_queue/042800_R/client_queue_3
2025-01-29 01:01:57,844 INFO c.h.h.t.OperatorHelmChartContainer - [local-hivemq-1] [hivemq] [2c4d920b] DEBUG - Flushing: /opt/hivemq/data/persistence/client_queue/042800_R/client_queue_5
2025-01-29 01:01:57,844 INFO c.h.h.t.OperatorHelmChartContainer - [local-hivemq-1] [hivemq] [2c4d920b] DEBUG - Flushing: /opt/hivemq/data/persistence/client_queue/042800_R/client_queue_6
2025-01-29 01:01:57,844 INFO c.h.h.t.OperatorHelmChartContainer - [local-hivemq-1] [hivemq] [2c4d920b] DEBUG - Flushing: /opt/hivemq/data/persistence/client_queue/042800_R/client_queue_7
2025-01-29 01:01:57,844 INFO c.h.h.t.OperatorHelmChartContainer - [local-hivemq-1] [hivemq] [2c4d920b] DEBUG - Flushing: /opt/hivemq/data/persistence/client_queue/042800_R/client_queue_8
2025-01-29 01:01:57,844 INFO c.h.h.t.OperatorHelmChartContainer - [local-hivemq-1] [hivemq] [2c4d920b] DEBUG - Flushing: /opt/hivemq/data/persistence/client_queue/042800_R/client_queue_9
2025-01-29 01:01:57,844 INFO c.h.h.t.OperatorHelmChartContainer - [local-hivemq-1] [hivemq] [2c4d920b] DEBUG - Flushing: /opt/hivemq/data/persistence/client_queue/042800_R/client_queue_10
2025-01-29 01:01:57,844 INFO c.h.h.t.OperatorHelmChartContainer - [local-hivemq-1] [hivemq] [2c4d920b] DEBUG - Flushing: /opt/hivemq/data/persistence/client_queue/042800_R/client_queue_11
2025-01-29 01:01:57,844 INFO c.h.h.t.OperatorHelmChartContainer - [local-hivemq-1] [hivemq] [2c4d920b] DEBUG - Flushing: /opt/hivemq/data/persistence/client_queue/042800_R/client_queue_12
2025-01-29 01:01:57,844 INFO c.h.h.t.OperatorHelmChartContainer - [local-hivemq-1] [hivemq] [2c4d920b] DEBUG - Flushing: /opt/hivemq/data/persistence/client_queue/042800_R/client_queue_13
2025-01-29 01:01:57,844 INFO c.h.h.t.OperatorHelmChartContainer - [local-hivemq-1] [hivemq] [2c4d920b] DEBUG - Flushing: /opt/hivemq/data/persistence/client_queue/042800_R/client_queue_15
2025-01-29 01:01:57,844 INFO c.h.h.t.OperatorHelmChartContainer - [local-hivemq-1] [hivemq] [2c4d920b] DEBUG - Flushing: /opt/hivemq/data/persistence/client_queue/042800_R/client_queue_14
2025-01-29 01:01:57,844 INFO c.h.h.t.OperatorHelmChartContainer - [local-hivemq-1] [hivemq] [2c4d920b] DEBUG - Flushing: /opt/hivemq/data/persistence/client_queue/042800_R/client_queue_16
2025-01-29 01:01:57,844 INFO c.h.h.t.OperatorHelmChartContainer - [local-hivemq-1] [hivemq] [2c4d920b] DEBUG - Flushing: /opt/hivemq/data/persistence/client_queue/042800_R/client_queue_17
2025-01-29 01:01:57,844 INFO c.h.h.t.OperatorHelmChartContainer - [local-hivemq-1] [hivemq] [2c4d920b] DEBUG - Flushing: /opt/hivemq/data/persistence/client_queue/042800_R/client_queue_18
2025-01-29 01:01:57,844 INFO c.h.h.t.OperatorHelmChartContainer - [local-hivemq-1] [hivemq] [2c4d920b] DEBUG - Flushing: /opt/hivemq/data/persistence/client_queue/042800_R/client_queue_19
2025-01-29 01:01:57,844 INFO c.h.h.t.OperatorHelmChartContainer - [local-hivemq-1] [hivemq] [2c4d920b] DEBUG - Flushing: /opt/hivemq/data/persistence/client_queue/042800_R/client_queue_20
2025-01-29 01:01:57,844 INFO c.h.h.t.OperatorHelmChartContainer - [local-hivemq-1] [hivemq] [2c4d920b] DEBUG - Flushing: /opt/hivemq/data/persistence/client_queue/042800_R/client_queue_21
2025-01-29 01:01:57,844 INFO c.h.h.t.OperatorHelmChartContainer - [local-hivemq-1] [hivemq] [2c4d920b] DEBUG - Flushing: /opt/hivemq/data/persistence/client_queue/042800_R/client_queue_22
2025-01-29 01:01:57,844 INFO c.h.h.t.OperatorHelmChartContainer - [local-hivemq-1] [hivemq] [2c4d920b] DEBUG - Flushing: /opt/hivemq/data/persistence/client_queue/042800_R/client_queue_23
2025-01-29 01:01:57,844 INFO c.h.h.t.OperatorHelmChartContainer - [local-hivemq-1] [hivemq] [2c4d920b] DEBUG - Flushing: /opt/hivemq/data/persistence/client_queue/042800_R/client_queue_24
2025-01-29 01:01:57,844 INFO c.h.h.t.OperatorHelmChartContainer - [local-hivemq-1] [hivemq] [2c4d920b] DEBUG - Flushing: /opt/hivemq/data/persistence/client_queue/042800_R/client_queue_25
2025-01-29 01:01:57,844 INFO c.h.h.t.OperatorHelmChartContainer - [local-hivemq-1] [hivemq] [2c4d920b] DEBUG - Flushing: /opt/hivemq/data/persistence/client_queue/042800_R/client_queue_26
2025-01-29 01:01:57,844 INFO c.h.h.t.OperatorHelmChartContainer - [local-hivemq-1] [hivemq] [2c4d920b] DEBUG - Flushing: /opt/hivemq/data/persistence/client_queue/042800_R/client_queue_27
2025-01-29 01:01:57,844 INFO c.h.h.t.OperatorHelmChartContainer - [local-hivemq-1] [hivemq] [2c4d920b] DEBUG - Flushing: /opt/hivemq/data/persistence/client_queue/042800_R/client_queue_28
2025-01-29 01:01:57,844 INFO c.h.h.t.OperatorHelmChartContainer - [local-hivemq-1] [hivemq] [2c4d920b] DEBUG - Flushing: /opt/hivemq/data/persistence/client_queue/042800_R/client_queue_29
2025-01-29 01:01:57,844 INFO c.h.h.t.OperatorHelmChartContainer - [local-hivemq-1] [hivemq] [2c4d920b] DEBUG - Flushing: /opt/hivemq/data/persistence/client_queue/042800_R/client_queue_30
2025-01-29 01:01:57,844 INFO c.h.h.t.OperatorHelmChartContainer - [local-hivemq-1] [hivemq] [2c4d920b] DEBUG - Flushing: /opt/hivemq/data/persistence/client_queue/042800_R/client_queue_31
2025-01-29 01:01:57,844 INFO c.h.h.t.OperatorHelmChartContainer - [local-hivemq-1] [hivemq] [2c4d920b] DEBUG - Flushing: /opt/hivemq/data/persistence/client_queue/042800_R/client_queue_32
2025-01-29 01:01:57,844 INFO c.h.h.t.OperatorHelmChartContainer - [local-hivemq-1] [hivemq] [2c4d920b] DEBUG - Flushing: /opt/hivemq/data/persistence/client_queue/042800_R/client_queue_33
2025-01-29 01:01:57,844 INFO c.h.h.t.OperatorHelmChartContainer - [local-hivemq-1] [hivemq] [2c4d920b] DEBUG - Flushing: /opt/hivemq/data/persistence/client_queue/042800_R/client_queue_35
2025-01-29 01:01:57,844 INFO c.h.h.t.OperatorHelmChartContainer - [local-hivemq-1] [hivemq] [2c4d920b] DEBUG - Flushing: /opt/hivemq/data/persistence/client_queue/042800_R/client_queue_34
2025-01-29 01:01:57,844 INFO c.h.h.t.OperatorHelmChartContainer - [local-hivemq-1] [hivemq] [2c4d920b] DEBUG - Flushing: /opt/hivemq/data/persistence/client_queue/042800_R/client_queue_36
2025-01-29 01:01:57,844 INFO c.h.h.t.OperatorHelmChartContainer - [local-hivemq-1] [hivemq] [2c4d920b] DEBUG - Flushing: /opt/hivemq/data/persistence/client_queue/042800_R/client_queue_39
2025-01-29 01:01:57,844 INFO c.h.h.t.OperatorHelmChartContainer - [local-hivemq-1] [hivemq] [2c4d920b] DEBUG - Flushing: /opt/hivemq/data/persistence/client_queue/042800_R/client_queue_37
2025-01-29 01:01:57,844 INFO c.h.h.t.OperatorHelmChartContainer - [local-hivemq-1] [hivemq] [2c4d920b] DEBUG - Flushing: /opt/hivemq/data/persistence/client_queue/042800_R/client_queue_38
2025-01-29 01:01:57,844 INFO c.h.h.t.OperatorHelmChartContainer - [local-hivemq-1] [hivemq] [2c4d920b] DEBUG - Flushing: /opt/hivemq/data/persistence/client_queue/042800_R/client_queue_41
2025-01-29 01:01:57,844 INFO c.h.h.t.OperatorHelmChartContainer - [local-hivemq-1] [hivemq] [2c4d920b] DEBUG - Flushing: /opt/hivemq/data/persistence/client_queue/042800_R/client_queue_40
2025-01-29 01:01:57,844 INFO c.h.h.t.OperatorHelmChartContainer - [local-hivemq-1] [hivemq] [2c4d920b] DEBUG - Flushing: /opt/hivemq/data/persistence/client_queue/042800_R/client_queue_42
2025-01-29 01:01:57,844 INFO c.h.h.t.OperatorHelmChartContainer - [local-hivemq-1] [hivemq] [2c4d920b] DEBUG - Flushing: /opt/hivemq/data/persistence/client_queue/042800_R/client_queue_43
2025-01-29 01:01:57,844 INFO c.h.h.t.OperatorHelmChartContainer - [local-hivemq-1] [hivemq] [2c4d920b] DEBUG - Flushing: /opt/hivemq/data/persistence/client_queue/042800_R/client_queue_44
2025-01-29 01:01:57,844 INFO c.h.h.t.OperatorHelmChartContainer - [local-hivemq-1] [hivemq] [2c4d920b] DEBUG - Flushing: /opt/hivemq/data/persistence/client_queue/042800_R/client_queue_45
2025-01-29 01:01:57,844 INFO c.h.h.t.OperatorHelmChartContainer - [local-hivemq-1] [hivemq] [2c4d920b] DEBUG - Flushing: /opt/hivemq/data/persistence/client_queue/042800_R/client_queue_46
2025-01-29 01:01:57,844 INFO c.h.h.t.OperatorHelmChartContainer - [local-hivemq-1] [hivemq] [2c4d920b] DEBUG - Flushing: /opt/hivemq/data/persistence/client_queue/042800_R/client_queue_50
2025-01-29 01:01:57,844 INFO c.h.h.t.OperatorHelmChartContainer - [local-hivemq-1] [hivemq] [2c4d920b] DEBUG - Flushing: /opt/hivemq/data/persistence/client_queue/042800_R/client_queue_47
2025-01-29 01:01:57,844 INFO c.h.h.t.OperatorHelmChartContainer - [local-hivemq-1] [hivemq] [2c4d920b] DEBUG - Flushing: /opt/hivemq/data/persistence/client_queue/042800_R/client_queue_48
2025-01-29 01:01:57,844 INFO c.h.h.t.OperatorHelmChartContainer - [local-hivemq-1] [hivemq] [2c4d920b] DEBUG - Flushing: /opt/hivemq/data/persistence/client_queue/042800_R/client_queue_49
2025-01-29 01:01:57,844 INFO c.h.h.t.OperatorHelmChartContainer - [local-hivemq-1] [hivemq] [2c4d920b] DEBUG - Flushing: /opt/hivemq/data/persistence/client_queue/042800_R/client_queue_51
2025-01-29 01:01:57,844 INFO c.h.h.t.OperatorHelmChartContainer - [local-hivemq-1] [hivemq] [2c4d920b] DEBUG - Flushing: /opt/hivemq/data/persistence/client_queue/042800_R/client_queue_52
2025-01-29 01:01:57,844 INFO c.h.h.t.OperatorHelmChartContainer - [local-hivemq-1] [hivemq] [2c4d920b] DEBUG - Flushing: /opt/hivemq/data/persistence/client_queue/042800_R/client_queue_53
2025-01-29 01:01:57,844 INFO c.h.h.t.OperatorHelmChartContainer - [local-hivemq-1] [hivemq] [2c4d920b] DEBUG - Flushing: /opt/hivemq/data/persistence/client_queue/042800_R/client_queue_54
2025-01-29 01:01:57,844 INFO c.h.h.t.OperatorHelmChartContainer - [local-hivemq-1] [hivemq] [2c4d920b] DEBUG - Flushing: /opt/hivemq/data/persistence/client_queue/042800_R/client_queue_55
2025-01-29 01:01:57,844 INFO c.h.h.t.OperatorHelmChartContainer - [local-hivemq-1] [hivemq] [2c4d920b] DEBUG - Flushing: /opt/hivemq/data/persistence/client_queue/042800_R/client_queue_56
2025-01-29 01:01:57,844 INFO c.h.h.t.OperatorHelmChartContainer - [local-hivemq-1] [hivemq] [2c4d920b] DEBUG - Flushing: /opt/hivemq/data/persistence/client_queue/042800_R/client_queue_57
2025-01-29 01:01:57,844 INFO c.h.h.t.OperatorHelmChartContainer - [local-hivemq-1] [hivemq] [2c4d920b] DEBUG - Flushing: /opt/hivemq/data/persistence/client_queue/042800_R/client_queue_58
2025-01-29 01:01:57,844 INFO c.h.h.t.OperatorHelmChartContainer - [local-hivemq-1] [hivemq] [2c4d920b] DEBUG - Flushing: /opt/hivemq/data/persistence/client_queue/042800_R/client_queue_59
2025-01-29 01:01:57,844 INFO c.h.h.t.OperatorHelmChartContainer - [local-hivemq-1] [hivemq] [2c4d920b] DEBUG - Flushing: /opt/hivemq/data/persistence/client_queue/042800_R/client_queue_60
2025-01-29 01:01:57,844 INFO c.h.h.t.OperatorHelmChartContainer - [local-hivemq-1] [hivemq] [2c4d920b] DEBUG - Flushing: /opt/hivemq/data/persistence/client_queue/042800_R/client_queue_61
2025-01-29 01:01:57,846 INFO c.h.h.t.OperatorHelmChartContainer - [local-hivemq-1] [hivemq] [2c4d920b] DEBUG - Flushing: /opt/hivemq/data/persistence/client_queue/042800_R/client_queue_62
2025-01-29 01:01:57,846 INFO c.h.h.t.OperatorHelmChartContainer - [local-hivemq-1] [hivemq] [2c4d920b] DEBUG - Flushing: /opt/hivemq/data/persistence/client_queue/042800_R/client_queue_63
2025-01-29 01:01:57,846 INFO c.h.h.t.OperatorHelmChartContainer - [local-hivemq-1] [hivemq] [2c4d920b] DEBUG - Flushing: /opt/hivemq/data/persistence/retained_messages/040800_R/retained_messages_0
2025-01-29 01:01:57,846 INFO c.h.h.t.OperatorHelmChartContainer - [local-hivemq-1] [hivemq] [2c4d920b] DEBUG - Flushing: /opt/hivemq/data/persistence/retained_messages/040800_R/retained_messages_1
2025-01-29 01:01:57,846 INFO c.h.h.t.OperatorHelmChartContainer - [local-hivemq-1] [hivemq] [2c4d920b] DEBUG - Flushing: /opt/hivemq/data/persistence/retained_messages/040800_R/retained_messages_2
2025-01-29 01:01:57,846 INFO c.h.h.t.OperatorHelmChartContainer - [local-hivemq-1] [hivemq] [2c4d920b] DEBUG - Flushing: /opt/hivemq/data/persistence/retained_messages/040800_R/retained_messages_3
2025-01-29 01:01:57,846 INFO c.h.h.t.OperatorHelmChartContainer - [local-hivemq-1] [hivemq] [2c4d920b] DEBUG - Flushing: /opt/hivemq/data/persistence/retained_messages/040800_R/retained_messages_4
2025-01-29 01:01:57,846 INFO c.h.h.t.OperatorHelmChartContainer - [local-hivemq-1] [hivemq] [2c4d920b] DEBUG - Flushing: /opt/hivemq/data/persistence/retained_messages/040800_R/retained_messages_5
2025-01-29 01:01:57,846 INFO c.h.h.t.OperatorHelmChartContainer - [local-hivemq-1] [hivemq] [2c4d920b] DEBUG - Flushing: /opt/hivemq/data/persistence/retained_messages/040800_R/retained_messages_6
2025-01-29 01:01:57,846 INFO c.h.h.t.OperatorHelmChartContainer - [local-hivemq-1] [hivemq] [2c4d920b] DEBUG - Flushing: /opt/hivemq/data/persistence/retained_messages/040800_R/retained_messages_7
2025-01-29 01:01:57,846 INFO c.h.h.t.OperatorHelmChartContainer - [local-hivemq-1] [hivemq] [2c4d920b] DEBUG - Flushing: /opt/hivemq/data/persistence/retained_messages/040800_R/retained_messages_8
2025-01-29 01:01:57,846 INFO c.h.h.t.OperatorHelmChartContainer - [local-hivemq-1] [hivemq] [2c4d920b] DEBUG - Flushing: /opt/hivemq/data/persistence/retained_messages/040800_R/retained_messages_9
2025-01-29 01:01:57,847 INFO c.h.h.t.OperatorHelmChartContainer - [local-hivemq-1] [hivemq] [2c4d920b] DEBUG - Flushing: /opt/hivemq/data/persistence/retained_messages/040800_R/retained_messages_10
2025-01-29 01:01:57,847 INFO c.h.h.t.OperatorHelmChartContainer - [local-hivemq-1] [hivemq] [2c4d920b] DEBUG - Flushing: /opt/hivemq/data/persistence/retained_messages/040800_R/retained_messages_11
2025-01-29 01:01:57,847 INFO c.h.h.t.OperatorHelmChartContainer - [local-hivemq-1] [hivemq] [2c4d920b] DEBUG - Flushing: /opt/hivemq/data/persistence/retained_messages/040800_R/retained_messages_12
2025-01-29 01:01:57,847 INFO c.h.h.t.OperatorHelmChartContainer - [local-hivemq-1] [hivemq] [2c4d920b] DEBUG - Flushing: /opt/hivemq/data/persistence/retained_messages/040800_R/retained_messages_13
2025-01-29 01:01:57,847 INFO c.h.h.t.OperatorHelmChartContainer - [local-hivemq-1] [hivemq] [2c4d920b] DEBUG - Flushing: /opt/hivemq/data/persistence/retained_messages/040800_R/retained_messages_14
2025-01-29 01:01:57,847 INFO c.h.h.t.OperatorHelmChartContainer - [local-hivemq-1] [hivemq] [2c4d920b] DEBUG - Flushing: /opt/hivemq/data/persistence/retained_messages/040800_R/retained_messages_16
2025-01-29 01:01:57,847 INFO c.h.h.t.OperatorHelmChartContainer - [local-hivemq-1] [hivemq] [2c4d920b] DEBUG - Flushing: /opt/hivemq/data/persistence/retained_messages/040800_R/retained_messages_15
2025-01-29 01:01:57,847 INFO c.h.h.t.OperatorHelmChartContainer - [local-hivemq-1] [hivemq] [2c4d920b] DEBUG - Flushing: /opt/hivemq/data/persistence/retained_messages/040800_R/retained_messages_17
2025-01-29 01:01:57,847 INFO c.h.h.t.OperatorHelmChartContainer - [local-hivemq-1] [hivemq] [2c4d920b] DEBUG - Flushing: /opt/hivemq/data/persistence/retained_messages/040800_R/retained_messages_18
2025-01-29 01:01:57,847 INFO c.h.h.t.OperatorHelmChartContainer - [local-hivemq-1] [hivemq] [2c4d920b] DEBUG - Flushing: /opt/hivemq/data/persistence/retained_messages/040800_R/retained_messages_19
2025-01-29 01:01:57,847 INFO c.h.h.t.OperatorHelmChartContainer - [local-hivemq-1] [hivemq] [2c4d920b] DEBUG - Flushing: /opt/hivemq/data/persistence/retained_messages/040800_R/retained_messages_20
2025-01-29 01:01:57,847 INFO c.h.h.t.OperatorHelmChartContainer - [local-hivemq-1] [hivemq] [2c4d920b] DEBUG - Flushing: /opt/hivemq/data/persistence/retained_messages/040800_R/retained_messages_21
2025-01-29 01:01:57,847 INFO c.h.h.t.OperatorHelmChartContainer - [local-hivemq-1] [hivemq] [2c4d920b] DEBUG - Flushing: /opt/hivemq/data/persistence/retained_messages/040800_R/retained_messages_22
2025-01-29 01:01:57,847 INFO c.h.h.t.OperatorHelmChartContainer - [local-hivemq-1] [hivemq] [2c4d920b] DEBUG - Flushing: /opt/hivemq/data/persistence/retained_messages/040800_R/retained_messages_24
2025-01-29 01:01:57,847 INFO c.h.h.t.OperatorHelmChartContainer - [local-hivemq-1] [hivemq] [2c4d920b] DEBUG - Flushing: /opt/hivemq/data/persistence/retained_messages/040800_R/retained_messages_23
2025-01-29 01:01:57,847 INFO c.h.h.t.OperatorHelmChartContainer - [local-hivemq-1] [hivemq] [2c4d920b] DEBUG - Flushing: /opt/hivemq/data/persistence/retained_messages/040800_R/retained_messages_25
2025-01-29 01:01:57,847 INFO c.h.h.t.OperatorHelmChartContainer - [local-hivemq-1] [hivemq] [2c4d920b] DEBUG - Flushing: /opt/hivemq/data/persistence/retained_messages/040800_R/retained_messages_26
2025-01-29 01:01:57,847 INFO c.h.h.t.OperatorHelmChartContainer - [local-hivemq-1] [hivemq] [2c4d920b] DEBUG - Flushing: /opt/hivemq/data/persistence/retained_messages/040800_R/retained_messages_28
2025-01-29 01:01:57,847 INFO c.h.h.t.OperatorHelmChartContainer - [local-hivemq-1] [hivemq] [2c4d920b] DEBUG - Flushing: /opt/hivemq/data/persistence/retained_messages/040800_R/retained_messages_27
2025-01-29 01:01:57,847 INFO c.h.h.t.OperatorHelmChartContainer - [local-hivemq-1] [hivemq] [2c4d920b] DEBUG - Flushing: /opt/hivemq/data/persistence/retained_messages/040800_R/retained_messages_29
2025-01-29 01:01:57,847 INFO c.h.h.t.OperatorHelmChartContainer - [local-hivemq-1] [hivemq] [2c4d920b] DEBUG - Flushing: /opt/hivemq/data/persistence/retained_messages/040800_R/retained_messages_30
2025-01-29 01:01:57,847 INFO c.h.h.t.OperatorHelmChartContainer - [local-hivemq-1] [hivemq] [2c4d920b] DEBUG - Flushing: /opt/hivemq/data/persistence/retained_messages/040800_R/retained_messages_31
2025-01-29 01:01:57,847 INFO c.h.h.t.OperatorHelmChartContainer - [local-hivemq-1] [hivemq] [2c4d920b] DEBUG - Flushing: /opt/hivemq/data/persistence/retained_messages/040800_R/retained_messages_32
2025-01-29 01:01:57,847 INFO c.h.h.t.OperatorHelmChartContainer - [local-hivemq-1] [hivemq] [2c4d920b] DEBUG - Flushing: /opt/hivemq/data/persistence/retained_messages/040800_R/retained_messages_33
2025-01-29 01:01:57,847 INFO c.h.h.t.OperatorHelmChartContainer - [local-hivemq-1] [hivemq] [2c4d920b] DEBUG - Flushing: /opt/hivemq/data/persistence/retained_messages/040800_R/retained_messages_34
2025-01-29 01:01:57,847 INFO c.h.h.t.OperatorHelmChartContainer - [local-hivemq-1] [hivemq] [2c4d920b] DEBUG - Flushing: /opt/hivemq/data/persistence/retained_messages/040800_R/retained_messages_37
2025-01-29 01:01:57,847 INFO c.h.h.t.OperatorHelmChartContainer - [local-hivemq-1] [hivemq] [2c4d920b] DEBUG - Flushing: /opt/hivemq/data/persistence/retained_messages/040800_R/retained_messages_35
2025-01-29 01:01:57,847 INFO c.h.h.t.OperatorHelmChartContainer - [local-hivemq-1] [hivemq] [2c4d920b] DEBUG - Flushing: /opt/hivemq/data/persistence/retained_messages/040800_R/retained_messages_36
2025-01-29 01:01:57,847 INFO c.h.h.t.OperatorHelmChartContainer - [local-hivemq-1] [hivemq] [2c4d920b] DEBUG - Flushing: /opt/hivemq/data/persistence/retained_messages/040800_R/retained_messages_39
2025-01-29 01:01:57,847 INFO c.h.h.t.OperatorHelmChartContainer - [local-hivemq-1] [hivemq] [2c4d920b] DEBUG - Flushing: /opt/hivemq/data/persistence/retained_messages/040800_R/retained_messages_38
2025-01-29 01:01:57,847 INFO c.h.h.t.OperatorHelmChartContainer - [local-hivemq-1] [hivemq] [2c4d920b] DEBUG - Flushing: /opt/hivemq/data/persistence/retained_messages/040800_R/retained_messages_40
2025-01-29 01:01:57,847 INFO c.h.h.t.OperatorHelmChartContainer - [local-hivemq-1] [hivemq] [2c4d920b] DEBUG - Flushing: /opt/hivemq/data/persistence/retained_messages/040800_R/retained_messages_41
2025-01-29 01:01:57,847 INFO c.h.h.t.OperatorHelmChartContainer - [local-hivemq-1] [hivemq] [2c4d920b] DEBUG - Flushing: /opt/hivemq/data/persistence/retained_messages/040800_R/retained_messages_42
2025-01-29 01:01:57,847 INFO c.h.h.t.OperatorHelmChartContainer - [local-hivemq-1] [hivemq] [2c4d920b] DEBUG - Flushing: /opt/hivemq/data/persistence/retained_messages/040800_R/retained_messages_43
2025-01-29 01:01:57,847 INFO c.h.h.t.OperatorHelmChartContainer - [local-hivemq-1] [hivemq] [2c4d920b] DEBUG - Flushing: /opt/hivemq/data/persistence/retained_messages/040800_R/retained_messages_45
2025-01-29 01:01:57,847 INFO c.h.h.t.OperatorHelmChartContainer - [local-hivemq-1] [hivemq] [2c4d920b] DEBUG - Flushing: /opt/hivemq/data/persistence/retained_messages/040800_R/retained_messages_44
2025-01-29 01:01:57,847 INFO c.h.h.t.OperatorHelmChartContainer - [local-hivemq-1] [hivemq] [2c4d920b] DEBUG - Flushing: /opt/hivemq/data/persistence/retained_messages/040800_R/retained_messages_46
2025-01-29 01:01:57,847 INFO c.h.h.t.OperatorHelmChartContainer - [local-hivemq-1] [hivemq] [2c4d920b] DEBUG - Flushing: /opt/hivemq/data/persistence/retained_messages/040800_R/retained_messages_47
2025-01-29 01:01:57,847 INFO c.h.h.t.OperatorHelmChartContainer - [local-hivemq-1] [hivemq] [2c4d920b] DEBUG - Flushing: /opt/hivemq/data/persistence/retained_messages/040800_R/retained_messages_48
2025-01-29 01:01:57,847 INFO c.h.h.t.OperatorHelmChartContainer - [local-hivemq-1] [hivemq] [2c4d920b] DEBUG - Flushing: /opt/hivemq/data/persistence/retained_messages/040800_R/retained_messages_49
2025-01-29 01:01:57,847 INFO c.h.h.t.OperatorHelmChartContainer - [local-hivemq-1] [hivemq] [2c4d920b] DEBUG - Flushing: /opt/hivemq/data/persistence/retained_messages/040800_R/retained_messages_50
2025-01-29 01:01:57,847 INFO c.h.h.t.OperatorHelmChartContainer - [local-hivemq-1] [hivemq] [2c4d920b] DEBUG - Flushing: /opt/hivemq/data/persistence/retained_messages/040800_R/retained_messages_51
2025-01-29 01:01:57,847 INFO c.h.h.t.OperatorHelmChartContainer - [local-hivemq-1] [hivemq] [2c4d920b] DEBUG - Flushing: /opt/hivemq/data/persistence/retained_messages/040800_R/retained_messages_52
2025-01-29 01:01:57,847 INFO c.h.h.t.OperatorHelmChartContainer - [local-hivemq-1] [hivemq] [2c4d920b] DEBUG - Flushing: /opt/hivemq/data/persistence/retained_messages/040800_R/retained_messages_53
2025-01-29 01:01:57,847 INFO c.h.h.t.OperatorHelmChartContainer - [local-hivemq-1] [hivemq] [2c4d920b] DEBUG - Flushing: /opt/hivemq/data/persistence/retained_messages/040800_R/retained_messages_55
2025-01-29 01:01:57,847 INFO c.h.h.t.OperatorHelmChartContainer - [local-hivemq-1] [hivemq] [2c4d920b] DEBUG - Flushing: /opt/hivemq/data/persistence/retained_messages/040800_R/retained_messages_54
2025-01-29 01:01:57,847 INFO c.h.h.t.OperatorHelmChartContainer - [local-hivemq-1] [hivemq] [2c4d920b] DEBUG - Flushing: /opt/hivemq/data/persistence/retained_messages/040800_R/retained_messages_56
2025-01-29 01:01:57,847 INFO c.h.h.t.OperatorHelmChartContainer - [local-hivemq-1] [hivemq] [2c4d920b] DEBUG - Flushing: /opt/hivemq/data/persistence/retained_messages/040800_R/retained_messages_57
2025-01-29 01:01:57,847 INFO c.h.h.t.OperatorHelmChartContainer - [local-hivemq-1] [hivemq] [2c4d920b] DEBUG - Flushing: /opt/hivemq/data/persistence/retained_messages/040800_R/retained_messages_58
2025-01-29 01:01:57,847 INFO c.h.h.t.OperatorHelmChartContainer - [local-hivemq-1] [hivemq] [2c4d920b] DEBUG - Flushing: /opt/hivemq/data/persistence/retained_messages/040800_R/retained_messages_59
2025-01-29 01:01:57,847 INFO c.h.h.t.OperatorHelmChartContainer - [local-hivemq-1] [hivemq] [2c4d920b] DEBUG - Flushing: /opt/hivemq/data/persistence/retained_messages/040800_R/retained_messages_60
2025-01-29 01:01:57,847 INFO c.h.h.t.OperatorHelmChartContainer - [local-hivemq-1] [hivemq] [2c4d920b] DEBUG - Flushing: /opt/hivemq/data/persistence/retained_messages/040800_R/retained_messages_61
2025-01-29 01:01:57,847 INFO c.h.h.t.OperatorHelmChartContainer - [local-hivemq-1] [hivemq] [2c4d920b] DEBUG - Flushing: /opt/hivemq/data/persistence/retained_messages/040800_R/retained_messages_62
2025-01-29 01:01:57,847 INFO c.h.h.t.OperatorHelmChartContainer - [local-hivemq-1] [hivemq] [2c4d920b] DEBUG - Flushing: /opt/hivemq/data/persistence/retained_messages/040800_R/retained_messages_63
2025-01-29 01:01:57,847 INFO c.h.h.t.OperatorHelmChartContainer - [local-hivemq-1] [hivemq] [2c4d920b] DEBUG - Flushing: /opt/hivemq/data/persistence/client_session_subscriptions/043200_R/client_session_subscriptions_0
2025-01-29 01:01:57,849 INFO c.h.h.t.OperatorHelmChartContainer - [local-hivemq-1] [hivemq] [2c4d920b] DEBUG - Flushing: /opt/hivemq/data/persistence/client_session_subscriptions/043200_R/client_session_subscriptions_1
2025-01-29 01:01:57,849 INFO c.h.h.t.OperatorHelmChartContainer - [local-hivemq-1] [hivemq] [2c4d920b] DEBUG - Flushing: /opt/hivemq/data/persistence/client_session_subscriptions/043200_R/client_session_subscriptions_2
2025-01-29 01:01:57,849 INFO c.h.h.t.OperatorHelmChartContainer - [local-hivemq-1] [hivemq] [2c4d920b] DEBUG - Flushing: /opt/hivemq/data/persistence/client_session_subscriptions/043200_R/client_session_subscriptions_4
2025-01-29 01:01:57,849 INFO c.h.h.t.OperatorHelmChartContainer - [local-hivemq-1] [hivemq] [2c4d920b] DEBUG - Flushing: /opt/hivemq/data/persistence/client_session_subscriptions/043200_R/client_session_subscriptions_3
2025-01-29 01:01:57,849 INFO c.h.h.t.OperatorHelmChartContainer - [local-hivemq-1] [hivemq] [2c4d920b] DEBUG - Flushing: /opt/hivemq/data/persistence/client_session_subscriptions/043200_R/client_session_subscriptions_5
2025-01-29 01:01:57,849 INFO c.h.h.t.OperatorHelmChartContainer - [local-hivemq-1] [hivemq] [2c4d920b] DEBUG - Flushing: /opt/hivemq/data/persistence/client_session_subscriptions/043200_R/client_session_subscriptions_6
2025-01-29 01:01:57,849 INFO c.h.h.t.OperatorHelmChartContainer - [local-hivemq-1] [hivemq] [2c4d920b] DEBUG - Flushing: /opt/hivemq/data/persistence/client_session_subscriptions/043200_R/client_session_subscriptions_9
2025-01-29 01:01:57,849 INFO c.h.h.t.OperatorHelmChartContainer - [local-hivemq-1] [hivemq] [2c4d920b] DEBUG - Flushing: /opt/hivemq/data/persistence/client_session_subscriptions/043200_R/client_session_subscriptions_8
2025-01-29 01:01:57,849 INFO c.h.h.t.OperatorHelmChartContainer - [local-hivemq-1] [hivemq] [2c4d920b] DEBUG - Flushing: /opt/hivemq/data/persistence/client_session_subscriptions/043200_R/client_session_subscriptions_7
2025-01-29 01:01:57,849 INFO c.h.h.t.OperatorHelmChartContainer - [local-hivemq-1] [hivemq] [2c4d920b] DEBUG - Flushing: /opt/hivemq/data/persistence/client_session_subscriptions/043200_R/client_session_subscriptions_10
2025-01-29 01:01:57,849 INFO c.h.h.t.OperatorHelmChartContainer - [local-hivemq-1] [hivemq] [2c4d920b] DEBUG - Flushing: /opt/hivemq/data/persistence/client_session_subscriptions/043200_R/client_session_subscriptions_11
2025-01-29 01:01:57,849 INFO c.h.h.t.OperatorHelmChartContainer - [local-hivemq-1] [hivemq] [2c4d920b] DEBUG - Flushing: /opt/hivemq/data/persistence/client_session_subscriptions/043200_R/client_session_subscriptions_12
2025-01-29 01:01:57,849 INFO c.h.h.t.OperatorHelmChartContainer - [local-hivemq-1] [hivemq] [2c4d920b] DEBUG - Flushing: /opt/hivemq/data/persistence/client_session_subscriptions/043200_R/client_session_subscriptions_13
2025-01-29 01:01:57,849 INFO c.h.h.t.OperatorHelmChartContainer - [local-hivemq-1] [hivemq] [2c4d920b] DEBUG - Flushing: /opt/hivemq/data/persistence/client_session_subscriptions/043200_R/client_session_subscriptions_14
2025-01-29 01:01:57,850 INFO c.h.h.t.OperatorHelmChartContainer - [local-hivemq-1] [hivemq] [2c4d920b] DEBUG - Flushing: /opt/hivemq/data/persistence/client_session_subscriptions/043200_R/client_session_subscriptions_15
2025-01-29 01:01:57,851 INFO c.h.h.t.OperatorHelmChartContainer - [local-hivemq-1] [hivemq] [2c4d920b] DEBUG - Flushing: /opt/hivemq/data/persistence/client_session_subscriptions/043200_R/client_session_subscriptions_16
2025-01-29 01:01:57,851 INFO c.h.h.t.OperatorHelmChartContainer - [local-hivemq-1] [hivemq] [2c4d920b] DEBUG - Flushing: /opt/hivemq/data/persistence/client_session_subscriptions/043200_R/client_session_subscriptions_17
2025-01-29 01:01:57,851 INFO c.h.h.t.OperatorHelmChartContainer - [local-hivemq-1] [hivemq] [2c4d920b] DEBUG - Flushing: /opt/hivemq/data/persistence/client_session_subscriptions/043200_R/client_session_subscriptions_18
2025-01-29 01:01:57,851 INFO c.h.h.t.OperatorHelmChartContainer - [local-hivemq-1] [hivemq] [2c4d920b] DEBUG - Flushing: /opt/hivemq/data/persistence/client_session_subscriptions/043200_R/client_session_subscriptions_19
2025-01-29 01:01:57,851 INFO c.h.h.t.OperatorHelmChartContainer - [local-hivemq-1] [hivemq] [2c4d920b] DEBUG - Flushing: /opt/hivemq/data/persistence/client_session_subscriptions/043200_R/client_session_subscriptions_20
2025-01-29 01:01:57,851 INFO c.h.h.t.OperatorHelmChartContainer - [local-hivemq-1] [hivemq] [2c4d920b] DEBUG - Flushing: /opt/hivemq/data/persistence/client_session_subscriptions/043200_R/client_session_subscriptions_21
2025-01-29 01:01:57,851 INFO c.h.h.t.OperatorHelmChartContainer - [local-hivemq-1] [hivemq] [2c4d920b] DEBUG - Flushing: /opt/hivemq/data/persistence/client_session_subscriptions/043200_R/client_session_subscriptions_22
2025-01-29 01:01:57,851 INFO c.h.h.t.OperatorHelmChartContainer - [local-hivemq-1] [hivemq] [2c4d920b] DEBUG - Flushing: /opt/hivemq/data/persistence/client_session_subscriptions/043200_R/client_session_subscriptions_24
2025-01-29 01:01:57,851 INFO c.h.h.t.OperatorHelmChartContainer - [local-hivemq-1] [hivemq] [2c4d920b] DEBUG - Flushing: /opt/hivemq/data/persistence/client_session_subscriptions/043200_R/client_session_subscriptions_23
2025-01-29 01:01:57,851 INFO c.h.h.t.OperatorHelmChartContainer - [local-hivemq-1] [hivemq] [2c4d920b] DEBUG - Flushing: /opt/hivemq/data/persistence/client_session_subscriptions/043200_R/client_session_subscriptions_26
2025-01-29 01:01:57,851 INFO c.h.h.t.OperatorHelmChartContainer - [local-hivemq-1] [hivemq] [2c4d920b] DEBUG - Flushing: /opt/hivemq/data/persistence/client_session_subscriptions/043200_R/client_session_subscriptions_25
2025-01-29 01:01:57,851 INFO c.h.h.t.OperatorHelmChartContainer - [local-hivemq-1] [hivemq] [2c4d920b] DEBUG - Flushing: /opt/hivemq/data/persistence/client_session_subscriptions/043200_R/client_session_subscriptions_28
2025-01-29 01:01:57,851 INFO c.h.h.t.OperatorHelmChartContainer - [local-hivemq-1] [hivemq] [2c4d920b] DEBUG - Flushing: /opt/hivemq/data/persistence/client_session_subscriptions/043200_R/client_session_subscriptions_27
2025-01-29 01:01:57,851 INFO c.h.h.t.OperatorHelmChartContainer - [local-hivemq-1] [hivemq] [2c4d920b] DEBUG - Flushing: /opt/hivemq/data/persistence/client_session_subscriptions/043200_R/client_session_subscriptions_29
2025-01-29 01:01:57,851 INFO c.h.h.t.OperatorHelmChartContainer - [local-hivemq-1] [hivemq] [2c4d920b] DEBUG - Flushing: /opt/hivemq/data/persistence/client_session_subscriptions/043200_R/client_session_subscriptions_30
2025-01-29 01:01:57,851 INFO c.h.h.t.OperatorHelmChartContainer - [local-hivemq-1] [hivemq] [2c4d920b] DEBUG - Flushing: /opt/hivemq/data/persistence/client_session_subscriptions/043200_R/client_session_subscriptions_32
2025-01-29 01:01:57,851 INFO c.h.h.t.OperatorHelmChartContainer - [local-hivemq-1] [hivemq] [2c4d920b] DEBUG - Flushing: /opt/hivemq/data/persistence/client_session_subscriptions/043200_R/client_session_subscriptions_31
2025-01-29 01:01:57,851 INFO c.h.h.t.OperatorHelmChartContainer - [local-hivemq-1] [hivemq] [2c4d920b] DEBUG - Flushing: /opt/hivemq/data/persistence/client_session_subscriptions/043200_R/client_session_subscriptions_33
2025-01-29 01:01:57,853 INFO c.h.h.t.OperatorHelmChartContainer - [local-hivemq-1] [hivemq] [2c4d920b] DEBUG - Flushing: /opt/hivemq/data/persistence/client_session_subscriptions/043200_R/client_session_subscriptions_34
2025-01-29 01:01:57,853 INFO c.h.h.t.OperatorHelmChartContainer - [local-hivemq-1] [hivemq] [2c4d920b] DEBUG - Flushing: /opt/hivemq/data/persistence/client_session_subscriptions/043200_R/client_session_subscriptions_35
2025-01-29 01:01:57,853 INFO c.h.h.t.OperatorHelmChartContainer - [local-hivemq-1] [hivemq] [2c4d920b] DEBUG - Flushing: /opt/hivemq/data/persistence/client_session_subscriptions/043200_R/client_session_subscriptions_36
2025-01-29 01:01:57,853 INFO c.h.h.t.OperatorHelmChartContainer - [local-hivemq-1] [hivemq] [2c4d920b] DEBUG - Flushing: /opt/hivemq/data/persistence/client_session_subscriptions/043200_R/client_session_subscriptions_37
2025-01-29 01:01:57,853 INFO c.h.h.t.OperatorHelmChartContainer - [local-hivemq-1] [hivemq] [2c4d920b] DEBUG - Flushing: /opt/hivemq/data/persistence/client_session_subscriptions/043200_R/client_session_subscriptions_38
2025-01-29 01:01:57,853 INFO c.h.h.t.OperatorHelmChartContainer - [local-hivemq-1] [hivemq] [2c4d920b] DEBUG - Flushing: /opt/hivemq/data/persistence/client_session_subscriptions/043200_R/client_session_subscriptions_39
2025-01-29 01:01:57,853 INFO c.h.h.t.OperatorHelmChartContainer - [local-hivemq-1] [hivemq] [2c4d920b] DEBUG - Flushing: /opt/hivemq/data/persistence/client_session_subscriptions/043200_R/client_session_subscriptions_40
2025-01-29 01:01:57,853 INFO c.h.h.t.OperatorHelmChartContainer - [local-hivemq-1] [hivemq] [2c4d920b] DEBUG - Flushing: /opt/hivemq/data/persistence/client_session_subscriptions/043200_R/client_session_subscriptions_41
2025-01-29 01:01:57,853 INFO c.h.h.t.OperatorHelmChartContainer - [local-hivemq-1] [hivemq] [2c4d920b] DEBUG - Flushing: /opt/hivemq/data/persistence/client_session_subscriptions/043200_R/client_session_subscriptions_42
2025-01-29 01:01:57,853 INFO c.h.h.t.OperatorHelmChartContainer - [local-hivemq-1] [hivemq] [2c4d920b] DEBUG - Flushing: /opt/hivemq/data/persistence/client_session_subscriptions/043200_R/client_session_subscriptions_43
2025-01-29 01:01:57,853 INFO c.h.h.t.OperatorHelmChartContainer - [local-hivemq-1] [hivemq] [2c4d920b] DEBUG - Flushing: /opt/hivemq/data/persistence/client_session_subscriptions/043200_R/client_session_subscriptions_44
2025-01-29 01:01:57,853 INFO c.h.h.t.OperatorHelmChartContainer - [local-hivemq-1] [hivemq] [2c4d920b] DEBUG - Flushing: /opt/hivemq/data/persistence/client_session_subscriptions/043200_R/client_session_subscriptions_45
2025-01-29 01:01:57,853 INFO c.h.h.t.OperatorHelmChartContainer - [local-hivemq-1] [hivemq] [2c4d920b] DEBUG - Flushing: /opt/hivemq/data/persistence/client_session_subscriptions/043200_R/client_session_subscriptions_46
2025-01-29 01:01:57,853 INFO c.h.h.t.OperatorHelmChartContainer - [local-hivemq-1] [hivemq] [2c4d920b] DEBUG - Flushing: /opt/hivemq/data/persistence/client_session_subscriptions/043200_R/client_session_subscriptions_47
2025-01-29 01:01:57,853 INFO c.h.h.t.OperatorHelmChartContainer - [local-hivemq-1] [hivemq] [2c4d920b] DEBUG - Flushing: /opt/hivemq/data/persistence/client_session_subscriptions/043200_R/client_session_subscriptions_48
2025-01-29 01:01:57,853 INFO c.h.h.t.OperatorHelmChartContainer - [local-hivemq-1] [hivemq] [2c4d920b] DEBUG - Flushing: /opt/hivemq/data/persistence/client_session_subscriptions/043200_R/client_session_subscriptions_50
2025-01-29 01:01:57,853 INFO c.h.h.t.OperatorHelmChartContainer - [local-hivemq-1] [hivemq] [2c4d920b] DEBUG - Flushing: /opt/hivemq/data/persistence/client_session_subscriptions/043200_R/client_session_subscriptions_49
2025-01-29 01:01:57,853 INFO c.h.h.t.OperatorHelmChartContainer - [local-hivemq-1] [hivemq] [2c4d920b] DEBUG - Flushing: /opt/hivemq/data/persistence/client_session_subscriptions/043200_R/client_session_subscriptions_52
2025-01-29 01:01:57,854 INFO c.h.h.t.OperatorHelmChartContainer - [local-hivemq-1] [hivemq] [2c4d920b] DEBUG - Flushing: /opt/hivemq/data/persistence/client_session_subscriptions/043200_R/client_session_subscriptions_51
2025-01-29 01:01:57,856 INFO c.h.h.t.OperatorHelmChartContainer - [local-hivemq-1] [hivemq] [2c4d920b] DEBUG - Flushing: /opt/hivemq/data/persistence/client_session_subscriptions/043200_R/client_session_subscriptions_53
2025-01-29 01:01:57,856 INFO c.h.h.t.OperatorHelmChartContainer - [local-hivemq-1] [hivemq] [2c4d920b] DEBUG - Flushing: /opt/hivemq/data/persistence/client_session_subscriptions/043200_R/client_session_subscriptions_54
2025-01-29 01:01:57,858 INFO c.h.h.t.OperatorHelmChartContainer - [local-hivemq-1] [hivemq] [2c4d920b] DEBUG - Flushing: /opt/hivemq/data/persistence/client_session_subscriptions/043200_R/client_session_subscriptions_55
2025-01-29 01:01:57,858 INFO c.h.h.t.OperatorHelmChartContainer - [local-hivemq-1] [hivemq] [2c4d920b] DEBUG - Flushing: /opt/hivemq/data/persistence/client_session_subscriptions/043200_R/client_session_subscriptions_56
2025-01-29 01:01:57,858 INFO c.h.h.t.OperatorHelmChartContainer - [local-hivemq-1] [hivemq] [2c4d920b] DEBUG - Flushing: /opt/hivemq/data/persistence/client_session_subscriptions/043200_R/client_session_subscriptions_57
2025-01-29 01:01:57,858 INFO c.h.h.t.OperatorHelmChartContainer - [local-hivemq-1] [hivemq] [2c4d920b] DEBUG - Flushing: /opt/hivemq/data/persistence/client_session_subscriptions/043200_R/client_session_subscriptions_58
2025-01-29 01:01:57,858 INFO c.h.h.t.OperatorHelmChartContainer - [local-hivemq-1] [hivemq] [2c4d920b] DEBUG - Flushing: /opt/hivemq/data/persistence/client_session_subscriptions/043200_R/client_session_subscriptions_60
2025-01-29 01:01:57,858 INFO c.h.h.t.OperatorHelmChartContainer - [local-hivemq-1] [hivemq] [2c4d920b] DEBUG - Flushing: /opt/hivemq/data/persistence/client_session_subscriptions/043200_R/client_session_subscriptions_59
2025-01-29 01:01:57,858 INFO c.h.h.t.OperatorHelmChartContainer - [local-hivemq-1] [hivemq] [2c4d920b] DEBUG - Flushing: /opt/hivemq/data/persistence/client_session_subscriptions/043200_R/client_session_subscriptions_61
2025-01-29 01:01:57,858 INFO c.h.h.t.OperatorHelmChartContainer - [local-hivemq-1] [hivemq] [2c4d920b] DEBUG - Flushing: /opt/hivemq/data/persistence/client_session_subscriptions/043200_R/client_session_subscriptions_62
2025-01-29 01:01:57,858 INFO c.h.h.t.OperatorHelmChartContainer - [local-hivemq-1] [hivemq] [2c4d920b] DEBUG - Flushing: /opt/hivemq/data/persistence/client_session_subscriptions/043200_R/client_session_subscriptions_63
2025-01-29 01:01:57,858 INFO c.h.h.t.OperatorHelmChartContainer - [local-hivemq-1] [hivemq] [2c4d920b] DEBUG - Flushing: /opt/hivemq/data/persistence/incoming_message_flow/043000_R/incoming_message_flow_0
2025-01-29 01:01:57,858 INFO c.h.h.t.OperatorHelmChartContainer - [local-hivemq-1] [hivemq] [2c4d920b] DEBUG - Flushing: /opt/hivemq/data/persistence/incoming_message_flow/043000_R/incoming_message_flow_1
2025-01-29 01:01:57,858 INFO c.h.h.t.OperatorHelmChartContainer - [local-hivemq-1] [hivemq] [2c4d920b] DEBUG - Flushing: /opt/hivemq/data/persistence/incoming_message_flow/043000_R/incoming_message_flow_2
2025-01-29 01:01:57,858 INFO c.h.h.t.OperatorHelmChartContainer - [local-hivemq-1] [hivemq] [2c4d920b] DEBUG - Flushing: /opt/hivemq/data/persistence/incoming_message_flow/043000_R/incoming_message_flow_3
2025-01-29 01:01:57,858 INFO c.h.h.t.OperatorHelmChartContainer - [local-hivemq-1] [hivemq] [2c4d920b] DEBUG - Flushing: /opt/hivemq/data/persistence/incoming_message_flow/043000_R/incoming_message_flow_4
2025-01-29 01:01:57,858 INFO c.h.h.t.OperatorHelmChartContainer - [local-hivemq-1] [hivemq] [2c4d920b] DEBUG - Flushing: /opt/hivemq/data/persistence/incoming_message_flow/043000_R/incoming_message_flow_5
2025-01-29 01:01:57,858 INFO c.h.h.t.OperatorHelmChartContainer - [local-hivemq-1] [hivemq] [2c4d920b] DEBUG - Flushing: /opt/hivemq/data/persistence/incoming_message_flow/043000_R/incoming_message_flow_6
2025-01-29 01:01:57,858 INFO c.h.h.t.OperatorHelmChartContainer - [local-hivemq-1] [hivemq] [2c4d920b] DEBUG - Flushing: /opt/hivemq/data/persistence/incoming_message_flow/043000_R/incoming_message_flow_7
2025-01-29 01:01:57,858 INFO c.h.h.t.OperatorHelmChartContainer - [local-hivemq-1] [hivemq] [2c4d920b] DEBUG - Flushing: /opt/hivemq/data/persistence/incoming_message_flow/043000_R/incoming_message_flow_9
2025-01-29 01:01:57,858 INFO c.h.h.t.OperatorHelmChartContainer - [local-hivemq-1] [hivemq] [2c4d920b] DEBUG - Flushing: /opt/hivemq/data/persistence/incoming_message_flow/043000_R/incoming_message_flow_8
2025-01-29 01:01:57,858 INFO c.h.h.t.OperatorHelmChartContainer - [local-hivemq-1] [hivemq] [2c4d920b] DEBUG - Flushing: /opt/hivemq/data/persistence/incoming_message_flow/043000_R/incoming_message_flow_10
2025-01-29 01:01:57,858 INFO c.h.h.t.OperatorHelmChartContainer - [local-hivemq-1] [hivemq] [2c4d920b] DEBUG - Flushing: /opt/hivemq/data/persistence/incoming_message_flow/043000_R/incoming_message_flow_11
2025-01-29 01:01:57,858 INFO c.h.h.t.OperatorHelmChartContainer - [local-hivemq-1] [hivemq] [2c4d920b] DEBUG - Flushing: /opt/hivemq/data/persistence/incoming_message_flow/043000_R/incoming_message_flow_12
2025-01-29 01:01:57,858 INFO c.h.h.t.OperatorHelmChartContainer - [local-hivemq-1] [hivemq] [2c4d920b] DEBUG - Flushing: /opt/hivemq/data/persistence/incoming_message_flow/043000_R/incoming_message_flow_13
2025-01-29 01:01:57,858 INFO c.h.h.t.OperatorHelmChartContainer - [local-hivemq-1] [hivemq] [2c4d920b] DEBUG - Flushing: /opt/hivemq/data/persistence/incoming_message_flow/043000_R/incoming_message_flow_14
2025-01-29 01:01:57,858 INFO c.h.h.t.OperatorHelmChartContainer - [local-hivemq-1] [hivemq] [2c4d920b] DEBUG - Flushing: /opt/hivemq/data/persistence/incoming_message_flow/043000_R/incoming_message_flow_15
2025-01-29 01:01:57,858 INFO c.h.h.t.OperatorHelmChartContainer - [local-hivemq-1] [hivemq] [2c4d920b] DEBUG - Flushing: /opt/hivemq/data/persistence/incoming_message_flow/043000_R/incoming_message_flow_16
2025-01-29 01:01:57,858 INFO c.h.h.t.OperatorHelmChartContainer - [local-hivemq-1] [hivemq] [2c4d920b] DEBUG - Flushing: /opt/hivemq/data/persistence/incoming_message_flow/043000_R/incoming_message_flow_17
2025-01-29 01:01:57,860 INFO c.h.h.t.OperatorHelmChartContainer - [local-hivemq-1] [hivemq] [2c4d920b] DEBUG - Flushing: /opt/hivemq/data/persistence/incoming_message_flow/043000_R/incoming_message_flow_18
2025-01-29 01:01:57,860 INFO c.h.h.t.OperatorHelmChartContainer - [local-hivemq-1] [hivemq] [2c4d920b] DEBUG - Flushing: /opt/hivemq/data/persistence/incoming_message_flow/043000_R/incoming_message_flow_19
2025-01-29 01:01:57,860 INFO c.h.h.t.OperatorHelmChartContainer - [local-hivemq-1] [hivemq] [2c4d920b] DEBUG - Flushing: /opt/hivemq/data/persistence/incoming_message_flow/043000_R/incoming_message_flow_21
2025-01-29 01:01:57,861 INFO c.h.h.t.OperatorHelmChartContainer - [local-hivemq-1] [hivemq] [2c4d920b] DEBUG - Flushing: /opt/hivemq/data/persistence/incoming_message_flow/043000_R/incoming_message_flow_23
2025-01-29 01:01:57,861 INFO c.h.h.t.OperatorHelmChartContainer - [local-hivemq-1] [hivemq] [2c4d920b] DEBUG - Flushing: /opt/hivemq/data/persistence/incoming_message_flow/043000_R/incoming_message_flow_20
2025-01-29 01:01:57,861 INFO c.h.h.t.OperatorHelmChartContainer - [local-hivemq-1] [hivemq] [2c4d920b] DEBUG - Flushing: /opt/hivemq/data/persistence/incoming_message_flow/043000_R/incoming_message_flow_22
2025-01-29 01:01:57,861 INFO c.h.h.t.OperatorHelmChartContainer - [local-hivemq-1] [hivemq] [2c4d920b] DEBUG - Flushing: /opt/hivemq/data/persistence/incoming_message_flow/043000_R/incoming_message_flow_26
2025-01-29 01:01:57,861 INFO c.h.h.t.OperatorHelmChartContainer - [local-hivemq-1] [hivemq] [2c4d920b] DEBUG - Flushing: /opt/hivemq/data/persistence/incoming_message_flow/043000_R/incoming_message_flow_24
2025-01-29 01:01:57,861 INFO c.h.h.t.OperatorHelmChartContainer - [local-hivemq-1] [hivemq] [2c4d920b] DEBUG - Flushing: /opt/hivemq/data/persistence/incoming_message_flow/043000_R/incoming_message_flow_25
2025-01-29 01:01:57,861 INFO c.h.h.t.OperatorHelmChartContainer - [local-hivemq-1] [hivemq] [2c4d920b] DEBUG - Flushing: /opt/hivemq/data/persistence/incoming_message_flow/043000_R/incoming_message_flow_27
2025-01-29 01:01:57,861 INFO c.h.h.t.OperatorHelmChartContainer - [local-hivemq-1] [hivemq] [2c4d920b] DEBUG - Flushing: /opt/hivemq/data/persistence/incoming_message_flow/043000_R/incoming_message_flow_28
2025-01-29 01:01:57,861 INFO c.h.h.t.OperatorHelmChartContainer - [local-hivemq-1] [hivemq] [2c4d920b] DEBUG - Flushing: /opt/hivemq/data/persistence/incoming_message_flow/043000_R/incoming_message_flow_29
2025-01-29 01:01:57,861 INFO c.h.h.t.OperatorHelmChartContainer - [local-hivemq-1] [hivemq] [2c4d920b] DEBUG - Flushing: /opt/hivemq/data/persistence/incoming_message_flow/043000_R/incoming_message_flow_30
2025-01-29 01:01:57,861 INFO c.h.h.t.OperatorHelmChartContainer - [local-hivemq-1] [hivemq] [2c4d920b] DEBUG - Flushing: /opt/hivemq/data/persistence/incoming_message_flow/043000_R/incoming_message_flow_31
2025-01-29 01:01:57,861 INFO c.h.h.t.OperatorHelmChartContainer - [local-hivemq-1] [hivemq] [2c4d920b] DEBUG - Flushing: /opt/hivemq/data/persistence/incoming_message_flow/043000_R/incoming_message_flow_32
2025-01-29 01:01:57,861 INFO c.h.h.t.OperatorHelmChartContainer - [local-hivemq-1] [hivemq] [2c4d920b] DEBUG - Flushing: /opt/hivemq/data/persistence/incoming_message_flow/043000_R/incoming_message_flow_33
2025-01-29 01:01:57,861 INFO c.h.h.t.OperatorHelmChartContainer - [local-hivemq-1] [hivemq] [2c4d920b] DEBUG - Flushing: /opt/hivemq/data/persistence/incoming_message_flow/043000_R/incoming_message_flow_35
2025-01-29 01:01:57,861 INFO c.h.h.t.OperatorHelmChartContainer - [local-hivemq-1] [hivemq] [2c4d920b] DEBUG - Flushing: /opt/hivemq/data/persistence/incoming_message_flow/043000_R/incoming_message_flow_34
2025-01-29 01:01:57,861 INFO c.h.h.t.OperatorHelmChartContainer - [local-hivemq-1] [hivemq] [2c4d920b] DEBUG - Flushing: /opt/hivemq/data/persistence/incoming_message_flow/043000_R/incoming_message_flow_36
2025-01-29 01:01:57,861 INFO c.h.h.t.OperatorHelmChartContainer - [local-hivemq-1] [hivemq] [2c4d920b] DEBUG - Flushing: /opt/hivemq/data/persistence/incoming_message_flow/043000_R/incoming_message_flow_37
2025-01-29 01:01:57,861 INFO c.h.h.t.OperatorHelmChartContainer - [local-hivemq-1] [hivemq] [2c4d920b] DEBUG - Flushing: /opt/hivemq/data/persistence/incoming_message_flow/043000_R/incoming_message_flow_39
2025-01-29 01:01:57,861 INFO c.h.h.t.OperatorHelmChartContainer - [local-hivemq-1] [hivemq] [2c4d920b] DEBUG - Flushing: /opt/hivemq/data/persistence/incoming_message_flow/043000_R/incoming_message_flow_38
2025-01-29 01:01:57,861 INFO c.h.h.t.OperatorHelmChartContainer - [local-hivemq-1] [hivemq] [2c4d920b] DEBUG - Flushing: /opt/hivemq/data/persistence/incoming_message_flow/043000_R/incoming_message_flow_40
2025-01-29 01:01:57,861 INFO c.h.h.t.OperatorHelmChartContainer - [local-hivemq-1] [hivemq] [2c4d920b] DEBUG - Flushing: /opt/hivemq/data/persistence/incoming_message_flow/043000_R/incoming_message_flow_41
2025-01-29 01:01:57,861 INFO c.h.h.t.OperatorHelmChartContainer - [local-hivemq-1] [hivemq] [2c4d920b] DEBUG - Flushing: /opt/hivemq/data/persistence/incoming_message_flow/043000_R/incoming_message_flow_42
2025-01-29 01:01:57,861 INFO c.h.h.t.OperatorHelmChartContainer - [local-hivemq-1] [hivemq] [2c4d920b] DEBUG - Flushing: /opt/hivemq/data/persistence/incoming_message_flow/043000_R/incoming_message_flow_43
2025-01-29 01:01:57,862 INFO c.h.h.t.OperatorHelmChartContainer - [local-hivemq-1] [hivemq] [2c4d920b] DEBUG - Flushing: /opt/hivemq/data/persistence/incoming_message_flow/043000_R/incoming_message_flow_44
2025-01-29 01:01:57,862 INFO c.h.h.t.OperatorHelmChartContainer - [local-hivemq-1] [hivemq] [2c4d920b] DEBUG - Flushing: /opt/hivemq/data/persistence/incoming_message_flow/043000_R/incoming_message_flow_45
2025-01-29 01:01:57,862 INFO c.h.h.t.OperatorHelmChartContainer - [local-hivemq-1] [hivemq] [2c4d920b] DEBUG - Flushing: /opt/hivemq/data/persistence/incoming_message_flow/043000_R/incoming_message_flow_46
2025-01-29 01:01:57,862 INFO c.h.h.t.OperatorHelmChartContainer - [local-hivemq-1] [hivemq] [2c4d920b] DEBUG - Flushing: /opt/hivemq/data/persistence/incoming_message_flow/043000_R/incoming_message_flow_47
2025-01-29 01:01:57,862 INFO c.h.h.t.OperatorHelmChartContainer - [local-hivemq-1] [hivemq] [2c4d920b] DEBUG - Flushing: /opt/hivemq/data/persistence/incoming_message_flow/043000_R/incoming_message_flow_48
2025-01-29 01:01:57,862 INFO c.h.h.t.OperatorHelmChartContainer - [local-hivemq-1] [hivemq] [2c4d920b] DEBUG - Flushing: /opt/hivemq/data/persistence/incoming_message_flow/043000_R/incoming_message_flow_50
2025-01-29 01:01:57,862 INFO c.h.h.t.OperatorHelmChartContainer - [local-hivemq-1] [hivemq] [2c4d920b] DEBUG - Flushing: /opt/hivemq/data/persistence/incoming_message_flow/043000_R/incoming_message_flow_49
2025-01-29 01:01:57,862 INFO c.h.h.t.OperatorHelmChartContainer - [local-hivemq-1] [hivemq] [2c4d920b] DEBUG - Flushing: /opt/hivemq/data/persistence/incoming_message_flow/043000_R/incoming_message_flow_51
2025-01-29 01:01:57,862 INFO c.h.h.t.OperatorHelmChartContainer - [local-hivemq-1] [hivemq] [2c4d920b] DEBUG - Flushing: /opt/hivemq/data/persistence/incoming_message_flow/043000_R/incoming_message_flow_52
2025-01-29 01:01:57,862 INFO c.h.h.t.OperatorHelmChartContainer - [local-hivemq-1] [hivemq] [2c4d920b] DEBUG - Flushing: /opt/hivemq/data/persistence/incoming_message_flow/043000_R/incoming_message_flow_53
2025-01-29 01:01:57,862 INFO c.h.h.t.OperatorHelmChartContainer - [local-hivemq-1] [hivemq] [2c4d920b] DEBUG - Flushing: /opt/hivemq/data/persistence/incoming_message_flow/043000_R/incoming_message_flow_54
2025-01-29 01:01:57,862 INFO c.h.h.t.OperatorHelmChartContainer - [local-hivemq-1] [hivemq] [2c4d920b] DEBUG - Flushing: /opt/hivemq/data/persistence/incoming_message_flow/043000_R/incoming_message_flow_55
2025-01-29 01:01:57,862 INFO c.h.h.t.OperatorHelmChartContainer - [local-hivemq-1] [hivemq] [2c4d920b] DEBUG - Flushing: /opt/hivemq/data/persistence/incoming_message_flow/043000_R/incoming_message_flow_56
2025-01-29 01:01:57,862 INFO c.h.h.t.OperatorHelmChartContainer - [local-hivemq-1] [hivemq] [2c4d920b] DEBUG - Flushing: /opt/hivemq/data/persistence/incoming_message_flow/043000_R/incoming_message_flow_57
2025-01-29 01:01:57,862 INFO c.h.h.t.OperatorHelmChartContainer - [local-hivemq-1] [hivemq] [2c4d920b] DEBUG - Flushing: /opt/hivemq/data/persistence/incoming_message_flow/043000_R/incoming_message_flow_58
2025-01-29 01:01:57,862 INFO c.h.h.t.OperatorHelmChartContainer - [local-hivemq-1] [hivemq] [2c4d920b] DEBUG - Flushing: /opt/hivemq/data/persistence/incoming_message_flow/043000_R/incoming_message_flow_59
2025-01-29 01:01:57,862 INFO c.h.h.t.OperatorHelmChartContainer - [local-hivemq-1] [hivemq] [2c4d920b] DEBUG - Flushing: /opt/hivemq/data/persistence/incoming_message_flow/043000_R/incoming_message_flow_61
2025-01-29 01:01:57,862 INFO c.h.h.t.OperatorHelmChartContainer - [local-hivemq-1] [hivemq] [2c4d920b] DEBUG - Flushing: /opt/hivemq/data/persistence/incoming_message_flow/043000_R/incoming_message_flow_60
2025-01-29 01:01:57,862 INFO c.h.h.t.OperatorHelmChartContainer - [local-hivemq-1] [hivemq] [2c4d920b] DEBUG - Flushing: /opt/hivemq/data/persistence/incoming_message_flow/043000_R/incoming_message_flow_62
2025-01-29 01:01:57,862 INFO c.h.h.t.OperatorHelmChartContainer - [local-hivemq-1] [hivemq] [2c4d920b] DEBUG - Flushing: /opt/hivemq/data/persistence/attribute/043100_R/attribute_0
2025-01-29 01:01:57,862 INFO c.h.h.t.OperatorHelmChartContainer - [local-hivemq-1] [hivemq] [2c4d920b] DEBUG - Flushing: /opt/hivemq/data/persistence/incoming_message_flow/043000_R/incoming_message_flow_63
2025-01-29 01:01:57,865 INFO c.h.h.t.OperatorHelmChartContainer - [local-hivemq-1] [hivemq] [2c4d920b] DEBUG - Flushing: /opt/hivemq/data/persistence/attribute/043100_R/attribute_1
2025-01-29 01:01:57,865 INFO c.h.h.t.OperatorHelmChartContainer - [local-hivemq-1] [hivemq] [2c4d920b] DEBUG - Flushing: /opt/hivemq/data/persistence/attribute/043100_R/attribute_2
2025-01-29 01:01:57,865 INFO c.h.h.t.OperatorHelmChartContainer - [local-hivemq-1] [hivemq] [2c4d920b] DEBUG - Flushing: /opt/hivemq/data/persistence/attribute/043100_R/attribute_4
2025-01-29 01:01:57,865 INFO c.h.h.t.OperatorHelmChartContainer - [local-hivemq-1] [hivemq] [2c4d920b] DEBUG - Flushing: /opt/hivemq/data/persistence/attribute/043100_R/attribute_3
2025-01-29 01:01:57,865 INFO c.h.h.t.OperatorHelmChartContainer - [local-hivemq-1] [hivemq] [2c4d920b] DEBUG - Flushing: /opt/hivemq/data/persistence/attribute/043100_R/attribute_5
2025-01-29 01:01:57,865 INFO c.h.h.t.OperatorHelmChartContainer - [local-hivemq-1] [hivemq] [2c4d920b] DEBUG - Flushing: /opt/hivemq/data/persistence/attribute/043100_R/attribute_6
2025-01-29 01:01:57,865 INFO c.h.h.t.OperatorHelmChartContainer - [local-hivemq-1] [hivemq] [2c4d920b] DEBUG - Flushing: /opt/hivemq/data/persistence/attribute/043100_R/attribute_9
2025-01-29 01:01:57,865 INFO c.h.h.t.OperatorHelmChartContainer - [local-hivemq-1] [hivemq] [2c4d920b] DEBUG - Flushing: /opt/hivemq/data/persistence/attribute/043100_R/attribute_7
2025-01-29 01:01:57,865 INFO c.h.h.t.OperatorHelmChartContainer - [local-hivemq-1] [hivemq] [2c4d920b] DEBUG - Flushing: /opt/hivemq/data/persistence/attribute/043100_R/attribute_8
2025-01-29 01:01:57,865 INFO c.h.h.t.OperatorHelmChartContainer - [local-hivemq-1] [hivemq] [2c4d920b] DEBUG - Flushing: /opt/hivemq/data/persistence/attribute/043100_R/attribute_10
2025-01-29 01:01:57,865 INFO c.h.h.t.OperatorHelmChartContainer - [local-hivemq-1] [hivemq] [2c4d920b] DEBUG - Flushing: /opt/hivemq/data/persistence/attribute/043100_R/attribute_11
2025-01-29 01:01:57,865 INFO c.h.h.t.OperatorHelmChartContainer - [local-hivemq-1] [hivemq] [2c4d920b] DEBUG - Flushing: /opt/hivemq/data/persistence/attribute/043100_R/attribute_12
2025-01-29 01:01:57,865 INFO c.h.h.t.OperatorHelmChartContainer - [local-hivemq-1] [hivemq] [2c4d920b] DEBUG - Flushing: /opt/hivemq/data/persistence/attribute/043100_R/attribute_13
2025-01-29 01:01:57,865 INFO c.h.h.t.OperatorHelmChartContainer - [local-hivemq-1] [hivemq] [2c4d920b] DEBUG - Flushing: /opt/hivemq/data/persistence/attribute/043100_R/attribute_14
2025-01-29 01:01:57,865 INFO c.h.h.t.OperatorHelmChartContainer - [local-hivemq-1] [hivemq] [2c4d920b] DEBUG - Flushing: /opt/hivemq/data/persistence/attribute/043100_R/attribute_15
2025-01-29 01:01:57,865 INFO c.h.h.t.OperatorHelmChartContainer - [local-hivemq-1] [hivemq] [2c4d920b] DEBUG - Flushing: /opt/hivemq/data/persistence/attribute/043100_R/attribute_18
2025-01-29 01:01:57,865 INFO c.h.h.t.OperatorHelmChartContainer - [local-hivemq-1] [hivemq] [2c4d920b] DEBUG - Flushing: /opt/hivemq/data/persistence/attribute/043100_R/attribute_16
2025-01-29 01:01:57,865 INFO c.h.h.t.OperatorHelmChartContainer - [local-hivemq-1] [hivemq] [2c4d920b] DEBUG - Flushing: /opt/hivemq/data/persistence/attribute/043100_R/attribute_17
2025-01-29 01:01:57,865 INFO c.h.h.t.OperatorHelmChartContainer - [local-hivemq-1] [hivemq] [2c4d920b] DEBUG - Flushing: /opt/hivemq/data/persistence/attribute/043100_R/attribute_19
2025-01-29 01:01:57,865 INFO c.h.h.t.OperatorHelmChartContainer - [local-hivemq-1] [hivemq] [2c4d920b] DEBUG - Flushing: /opt/hivemq/data/persistence/attribute/043100_R/attribute_20
2025-01-29 01:01:57,900 INFO c.h.h.t.OperatorHelmChartContainer - [local-hivemq-1] [hivemq] [2c4d920b] DEBUG - Flushing: /opt/hivemq/data/persistence/attribute/043100_R/attribute_21
2025-01-29 01:01:57,900 INFO c.h.h.t.OperatorHelmChartContainer - [local-hivemq-1] [hivemq] [2c4d920b] DEBUG - Flushing: /opt/hivemq/data/persistence/attribute/043100_R/attribute_22
2025-01-29 01:01:57,900 INFO c.h.h.t.OperatorHelmChartContainer - [local-hivemq-1] [hivemq] [2c4d920b] DEBUG - Flushing: /opt/hivemq/data/persistence/attribute/043100_R/attribute_23
2025-01-29 01:01:57,900 INFO c.h.h.t.OperatorHelmChartContainer - [local-hivemq-1] [hivemq] [2c4d920b] DEBUG - Flushing: /opt/hivemq/data/persistence/attribute/043100_R/attribute_24
2025-01-29 01:01:57,900 INFO c.h.h.t.OperatorHelmChartContainer - [local-hivemq-1] [hivemq] [2c4d920b] DEBUG - Flushing: /opt/hivemq/data/persistence/attribute/043100_R/attribute_25
2025-01-29 01:01:57,900 INFO c.h.h.t.OperatorHelmChartContainer - [local-hivemq-1] [hivemq] [2c4d920b] DEBUG - Flushing: /opt/hivemq/data/persistence/attribute/043100_R/attribute_27
2025-01-29 01:01:57,900 INFO c.h.h.t.OperatorHelmChartContainer - [local-hivemq-1] [hivemq] [2c4d920b] DEBUG - Flushing: /opt/hivemq/data/persistence/attribute/043100_R/attribute_26
2025-01-29 01:01:57,900 INFO c.h.h.t.OperatorHelmChartContainer - [local-hivemq-1] [hivemq] [2c4d920b] DEBUG - Flushing: /opt/hivemq/data/persistence/attribute/043100_R/attribute_28
2025-01-29 01:01:57,901 INFO c.h.h.t.OperatorHelmChartContainer - [local-hivemq-1] [hivemq] [2c4d920b] DEBUG - Flushing: /opt/hivemq/data/persistence/attribute/043100_R/attribute_29
2025-01-29 01:01:57,901 INFO c.h.h.t.OperatorHelmChartContainer - [local-hivemq-1] [hivemq] [2c4d920b] DEBUG - Flushing: /opt/hivemq/data/persistence/attribute/043100_R/attribute_30
2025-01-29 01:01:57,901 INFO c.h.h.t.OperatorHelmChartContainer - [local-hivemq-1] [hivemq] [2c4d920b] DEBUG - Flushing: /opt/hivemq/data/persistence/attribute/043100_R/attribute_31
2025-01-29 01:01:57,901 INFO c.h.h.t.OperatorHelmChartContainer - [local-hivemq-1] [hivemq] [2c4d920b] DEBUG - Flushing: /opt/hivemq/data/persistence/attribute/043100_R/attribute_32
2025-01-29 01:01:57,901 INFO c.h.h.t.OperatorHelmChartContainer - [local-hivemq-1] [hivemq] [2c4d920b] DEBUG - Flushing: /opt/hivemq/data/persistence/attribute/043100_R/attribute_33
2025-01-29 01:01:57,901 INFO c.h.h.t.OperatorHelmChartContainer - [local-hivemq-1] [hivemq] [2c4d920b] DEBUG - Flushing: /opt/hivemq/data/persistence/attribute/043100_R/attribute_35
2025-01-29 01:01:57,901 INFO c.h.h.t.OperatorHelmChartContainer - [local-hivemq-1] [hivemq] [2c4d920b] DEBUG - Flushing: /opt/hivemq/data/persistence/attribute/043100_R/attribute_34
2025-01-29 01:01:57,901 INFO c.h.h.t.OperatorHelmChartContainer - [local-hivemq-1] [hivemq] [2c4d920b] DEBUG - Flushing: /opt/hivemq/data/persistence/attribute/043100_R/attribute_36
2025-01-29 01:01:57,901 INFO c.h.h.t.OperatorHelmChartContainer - [local-hivemq-1] [hivemq] [2c4d920b] DEBUG - Flushing: /opt/hivemq/data/persistence/attribute/043100_R/attribute_37
2025-01-29 01:01:57,901 INFO c.h.h.t.OperatorHelmChartContainer - [local-hivemq-1] [hivemq] [2c4d920b] DEBUG - Flushing: /opt/hivemq/data/persistence/attribute/043100_R/attribute_38
2025-01-29 01:01:57,901 INFO c.h.h.t.OperatorHelmChartContainer - [local-hivemq-1] [hivemq] [2c4d920b] DEBUG - Flushing: /opt/hivemq/data/persistence/attribute/043100_R/attribute_39
2025-01-29 01:01:57,901 INFO c.h.h.t.OperatorHelmChartContainer - [local-hivemq-1] [hivemq] [2c4d920b] DEBUG - Flushing: /opt/hivemq/data/persistence/attribute/043100_R/attribute_40
2025-01-29 01:01:57,901 INFO c.h.h.t.OperatorHelmChartContainer - [local-hivemq-1] [hivemq] [2c4d920b] DEBUG - Flushing: /opt/hivemq/data/persistence/attribute/043100_R/attribute_41
2025-01-29 01:01:57,901 INFO c.h.h.t.OperatorHelmChartContainer - [local-hivemq-1] [hivemq] [2c4d920b] DEBUG - Flushing: /opt/hivemq/data/persistence/attribute/043100_R/attribute_42
2025-01-29 01:01:57,901 INFO c.h.h.t.OperatorHelmChartContainer - [local-hivemq-1] [hivemq] [2c4d920b] DEBUG - Flushing: /opt/hivemq/data/persistence/attribute/043100_R/attribute_43
2025-01-29 01:01:57,901 INFO c.h.h.t.OperatorHelmChartContainer - [local-hivemq-1] [hivemq] [2c4d920b] DEBUG - Flushing: /opt/hivemq/data/persistence/attribute/043100_R/attribute_44
2025-01-29 01:01:57,901 INFO c.h.h.t.OperatorHelmChartContainer - [local-hivemq-1] [hivemq] [2c4d920b] DEBUG - Flushing: /opt/hivemq/data/persistence/attribute/043100_R/attribute_46
2025-01-29 01:01:57,901 INFO c.h.h.t.OperatorHelmChartContainer - [local-hivemq-1] [hivemq] [2c4d920b] DEBUG - Flushing: /opt/hivemq/data/persistence/attribute/043100_R/attribute_45
2025-01-29 01:01:57,901 INFO c.h.h.t.OperatorHelmChartContainer - [local-hivemq-1] [hivemq] [2c4d920b] DEBUG - Flushing: /opt/hivemq/data/persistence/attribute/043100_R/attribute_47
2025-01-29 01:01:57,901 INFO c.h.h.t.OperatorHelmChartContainer - [local-hivemq-1] [hivemq] [2c4d920b] DEBUG - Flushing: /opt/hivemq/data/persistence/attribute/043100_R/attribute_48
2025-01-29 01:01:57,901 INFO c.h.h.t.OperatorHelmChartContainer - [local-hivemq-1] [hivemq] [2c4d920b] DEBUG - Flushing: /opt/hivemq/data/persistence/attribute/043100_R/attribute_49
2025-01-29 01:01:57,901 INFO c.h.h.t.OperatorHelmChartContainer - [local-hivemq-1] [hivemq] [2c4d920b] DEBUG - Flushing: /opt/hivemq/data/persistence/attribute/043100_R/attribute_50
2025-01-29 01:01:57,901 INFO c.h.h.t.OperatorHelmChartContainer - [local-hivemq-1] [hivemq] [2c4d920b] DEBUG - Flushing: /opt/hivemq/data/persistence/attribute/043100_R/attribute_51
2025-01-29 01:01:57,901 INFO c.h.h.t.OperatorHelmChartContainer - [local-hivemq-1] [hivemq] [2c4d920b] DEBUG - Flushing: /opt/hivemq/data/persistence/attribute/043100_R/attribute_52
2025-01-29 01:01:57,901 INFO c.h.h.t.OperatorHelmChartContainer - [local-hivemq-1] [hivemq] [2c4d920b] DEBUG - Flushing: /opt/hivemq/data/persistence/attribute/043100_R/attribute_53
2025-01-29 01:01:57,901 INFO c.h.h.t.OperatorHelmChartContainer - [local-hivemq-1] [hivemq] [2c4d920b] DEBUG - Flushing: /opt/hivemq/data/persistence/attribute/043100_R/attribute_54
2025-01-29 01:01:57,901 INFO c.h.h.t.OperatorHelmChartContainer - [local-hivemq-1] [hivemq] [2c4d920b] DEBUG - Flushing: /opt/hivemq/data/persistence/attribute/043100_R/attribute_57
2025-01-29 01:01:57,901 INFO c.h.h.t.OperatorHelmChartContainer - [local-hivemq-1] [hivemq] [2c4d920b] DEBUG - Flushing: /opt/hivemq/data/persistence/attribute/043100_R/attribute_55
2025-01-29 01:01:57,901 INFO c.h.h.t.OperatorHelmChartContainer - [local-hivemq-1] [hivemq] [2c4d920b] DEBUG - Flushing: /opt/hivemq/data/persistence/attribute/043100_R/attribute_56
2025-01-29 01:01:57,901 INFO c.h.h.t.OperatorHelmChartContainer - [local-hivemq-1] [hivemq] [2c4d920b] DEBUG - Flushing: /opt/hivemq/data/persistence/attribute/043100_R/attribute_58
2025-01-29 01:01:57,901 INFO c.h.h.t.OperatorHelmChartContainer - [local-hivemq-1] [hivemq] [2c4d920b] DEBUG - Flushing: /opt/hivemq/data/persistence/attribute/043100_R/attribute_59
2025-01-29 01:01:57,901 INFO c.h.h.t.OperatorHelmChartContainer - [local-hivemq-1] [hivemq] [2c4d920b] DEBUG - Flushing: /opt/hivemq/data/persistence/attribute/043100_R/attribute_60
2025-01-29 01:01:57,901 INFO c.h.h.t.OperatorHelmChartContainer - [local-hivemq-1] [hivemq] [2c4d920b] DEBUG - Flushing: /opt/hivemq/data/persistence/attribute/043100_R/attribute_61
2025-01-29 01:01:57,901 INFO c.h.h.t.OperatorHelmChartContainer - [local-hivemq-1] [hivemq] [2c4d920b] DEBUG - Flushing: /opt/hivemq/data/persistence/attribute/043100_R/attribute_62
2025-01-29 01:01:57,924 INFO c.h.h.t.OperatorHelmChartContainer - [local-hivemq-1] [hivemq] [2c4d920b] DEBUG - Flushing: /opt/hivemq/data/persistence/attribute/043100_R/attribute_63
2025-01-29 01:01:57,930 INFO c.h.h.t.OperatorHelmChartContainer - [local-hivemq-0] [hivemq] [361fffe7] DEBUG - Starting After-Join-Cleanup for node gVizq.
2025-01-29 01:01:57,931 INFO c.h.h.t.OperatorHelmChartContainer - [local-hivemq-1] [hivemq] [2c4d920b] DEBUG - Flushing: /opt/hivemq/data/persistence/data_hub_modules/043000_R/data_hub_modules_0
2025-01-29 01:01:57,931 INFO c.h.h.t.OperatorHelmChartContainer - [local-hivemq-1] [hivemq] [2c4d920b] DEBUG - Flushing: /opt/hivemq/data/persistence/data_hub_policies/042000_R/data_hub_policies_0
2025-01-29 01:01:57,931 INFO c.h.h.t.OperatorHelmChartContainer - [local-hivemq-1] [hivemq] [2c4d920b] DEBUG - Flushing: /opt/hivemq/data/persistence/data_hub_scripts/042300_R/data_hub_scripts_0
2025-01-29 01:01:57,931 INFO c.h.h.t.OperatorHelmChartContainer - [local-hivemq-1] [hivemq] [2c4d920b] DEBUG - Flushing: /opt/hivemq/data/persistence/data_hub_schemas/042000_R/data_hub_schemas_0
2025-01-29 01:01:57,931 INFO c.h.h.t.OperatorHelmChartContainer - [local-hivemq-1] [hivemq] [2c4d920b] DEBUG - Enabling WAL.
2025-01-29 01:01:57,931 INFO c.h.h.t.OperatorHelmChartContainer - [local-hivemq-1] [hivemq] [2c4d920b] DEBUG - Sending RUNNING state request to NTAIY.
2025-01-29 01:01:57,941 INFO c.h.h.t.OperatorHelmChartContainer - [local-hivemq-0] [hivemq] [361fffe7] DEBUG - State of node gVizq changed to RUNNING was JOINING. Current cluster node states: {gVizq=RUNNING, NTAIY=RUNNING}
2025-01-29 01:01:57,945 INFO c.h.h.t.OperatorHelmChartContainer - [local-hivemq-0] [hivemq] [361fffe7] INFO  - Cluster size = 2, members : [gVizq, NTAIY].
2025-01-29 01:01:57,945 INFO c.h.h.t.OperatorHelmChartContainer - [local-hivemq-0] [hivemq] [361fffe7] DEBUG - Sending RUNNING state notification for gVizq to all nodes.
2025-01-29 01:01:57,953 INFO c.h.h.t.OperatorHelmChartContainer - [local-hivemq-1] [hivemq] [2c4d920b] DEBUG - Starting After-Join-Cleanup for node gVizq.
2025-01-29 01:01:57,957 INFO c.h.h.t.OperatorHelmChartContainer - [local-hivemq-1] [hivemq] [2c4d920b] DEBUG - State of node gVizq changed to RUNNING was JOINING. Current cluster node states: {gVizq=RUNNING, NTAIY=RUNNING}
2025-01-29 01:01:57,958 INFO c.h.h.t.OperatorHelmChartContainer - [local-hivemq-1] [hivemq] [2c4d920b] INFO  - Cluster size = 2, members : [gVizq, NTAIY].
2025-01-29 01:01:57,965 INFO c.h.h.t.OperatorHelmChartContainer - [local-hivemq-0] [hivemq] [361fffe7] DEBUG - Finished After-Join-Cleanup for node gVizq in 38ms.
2025-01-29 01:01:57,967 INFO c.h.h.t.OperatorHelmChartContainer - [local-hivemq-1] [hivemq] [2c4d920b] INFO  - Finished cluster join process successfully.
2025-01-29 01:01:57,969 INFO c.h.h.t.OperatorHelmChartContainer - [local-hivemq-1] [hivemq] [2c4d920b] WARN  - No user for HiveMQ Control Center configured. Starting with default user
2025-01-29 01:01:57,998 INFO c.h.h.t.OperatorHelmChartContainer - [local-hivemq-1] [hivemq] [2c4d920b] INFO  - Starting HiveMQ Control Center on address 0.0.0.0 and port 8080
2025-01-29 01:01:58,099 INFO c.h.h.t.OperatorHelmChartContainer - [local-hivemq-1] [hivemq] [2c4d920b] DEBUG - Finished After-Join-Cleanup for node gVizq in 147ms.
2025-01-29 01:01:58,232 INFO c.h.h.t.OperatorHelmChartContainer - [local-hivemq-1] [hivemq] [2c4d920b] INFO  - Mounting HiveMQ Control Center V2 Preview
2025-01-29 01:01:59,431 INFO c.h.h.t.OperatorHelmChartContainer - [local-hivemq-1] [hivemq] [2c4d920b] INFO  - Started HiveMQ Control Center in 1461ms
2025-01-29 01:01:59,444 INFO c.h.h.t.OperatorHelmChartContainer - [local-hivemq-1] [hivemq] [2c4d920b] INFO  - Starting TCP listener on address 0.0.0.0 and port 1883
2025-01-29 01:01:59,523 INFO c.h.h.t.OperatorHelmChartContainer - [local-hivemq-1] [hivemq] [2c4d920b] INFO  - Started TCP Listener on address 0.0.0.0 and on port 1883.
2025-01-29 01:01:59,523 INFO c.h.h.t.OperatorHelmChartContainer - [local-hivemq-1] [hivemq] [2c4d920b] INFO  - Started HiveMQ in 27591ms
2025-01-29 01:02:00,568 INFO c.h.h.t.OperatorHelmChartContainer - [POD] local-hivemq-1 [2c4d920b-dc2c-42ac-9d7b-4133583e059d] in default was MODIFIED
2025-01-29 01:02:00,704 DEBUG com.hivemq.helmcharts.util.K8sUtil - State to compare Running and waiting for Running
2025-01-29 01:02:00,705 INFO c.h.h.t.OperatorHelmChartContainer - [local-hivemq-hivemq-operator] [operator] [ea8fe1db] ?[36m01:02:00.703?[0;39m ?[1;30m[pool-3-thread-12]?[0;39m ?[34mINFO ?[0;39m ?[35mcom.hivemq.Operator?[0;39m - State synchronization complete for cluster 'local-hivemq' in namespace 'default' in 48766ms
2025-01-29 01:02:00,845 INFO c.h.h.t.OperatorHelmChartContainer - Stopped log watcher for operator in pod local-hivemq-hivemq-operator-operator-6b564f6db4-4qjpf [ea8fe1db-19c0-4096-ad20-03f8c9b35434]
2025-01-29 01:02:00,846 INFO c.h.h.t.OperatorHelmChartContainer - Stopped log watcher for hivemq in pod local-hivemq-1 [2c4d920b-dc2c-42ac-9d7b-4133583e059d]
2025-01-29 01:02:00,849 INFO c.h.h.t.OperatorHelmChartContainer - Stopped log watcher for hivemq in pod local-hivemq-0 [361fffe7-fdd9-4da4-b5ac-478890474899]
2025-01-29 01:02:01,051 INFO c.h.h.t.OperatorHelmChartContainer - [K3S] 
2025-01-29 01:02:01,052 INFO c.h.h.t.OperatorHelmChartContainer - [K3S] 
]]></system-out>
  </testcase>
  <system-out><![CDATA[2025-01-29 00:59:42,395 INFO o.t.i.builder.ImageFromDockerfile - Pre-emptively checking local images for 'ubuntu:noble-20241118.1@sha256:80dd3c3b9c6cecb9f1667e9290b3bc61b78c2678c02cbdae5f0fea92cc6734ab', referenced via a Dockerfile. If not available, it will be pulled.
2025-01-29 00:59:42,396 INFO o.t.i.builder.ImageFromDockerfile - Pre-emptively checking local images for 'rancher/k3s:v1.32.1-k3s1', referenced via a Dockerfile. If not available, it will be pulled.
2025-01-29 00:59:42,398 INFO o.t.i.builder.ImageFromDockerfile - Transferred 0 bytes to Docker daemon
]]></system-out>
  <system-err><![CDATA[]]></system-err>
</testsuite>
