<?xml version="1.0" encoding="UTF-8"?>
<testsuite name="com.hivemq.helmcharts.EseExtensionInstallationIT" tests="1" skipped="0" failures="0" errors="0" timestamp="2025-01-31T19:15:08" hostname="fv-az1774-424" time="196.86">
  <properties/>
  <testcase name="withExtensionConfiguration_hivemqRunning()" classname="com.hivemq.helmcharts.EseExtensionInstallationIT" time="196.86">
    <system-out><![CDATA[2025-01-31 19:15:08,021 INFO t.localhost/testcontainers/vhbngtkmatt5cvtr:latest - Creating container for image: localhost/testcontainers/vhbngtkmatt5cvtr:latest
2025-01-31 19:15:08,024 INFO tc.alpine:3.17 - Pulling docker image: alpine:3.17. Please be patient; this may take some time but only needs to be done once.
2025-01-31 19:15:09,008 INFO tc.alpine:3.17 - Starting to pull image
2025-01-31 19:15:09,009 INFO tc.alpine:3.17 - Pulling image layers:  0 pending,  0 downloaded,  0 extracted, (0 bytes/0 bytes)
2025-01-31 19:15:09,582 INFO tc.alpine:3.17 - Pulling image layers:  0 pending,  1 downloaded,  0 extracted, (33 KB/3 MB)
2025-01-31 19:15:09,677 INFO tc.alpine:3.17 - Pulling image layers:  0 pending,  1 downloaded,  1 extracted, (3 MB/3 MB)
2025-01-31 19:15:09,682 INFO tc.alpine:3.17 - Image alpine:3.17 pull took PT1.658336442S
2025-01-31 19:15:10,053 INFO t.localhost/testcontainers/vhbngtkmatt5cvtr:latest - Container localhost/testcontainers/vhbngtkmatt5cvtr:latest is starting: b8ea6f035c0d0f56d85867904c21df66c362c6a7ded7fd103b2d19ee163b1b4b
2025-01-31 19:15:10,398 INFO c.h.h.t.OperatorHelmChartContainer - [K3S] [INFO] Starting k3s v1.32.1+k3s1 (6a322f12)
2025-01-31 19:15:10,400 INFO c.h.h.t.OperatorHelmChartContainer - [K3S] [INFO] Configuring sqlite3 database connection pooling: maxIdleConns=2, maxOpenConns=0, connMaxLifetime=0s
2025-01-31 19:15:10,400 INFO c.h.h.t.OperatorHelmChartContainer - [K3S] [INFO] Configuring database table schema and indexes, this may take a moment...
2025-01-31 19:15:10,404 INFO c.h.h.t.OperatorHelmChartContainer - [K3S] [INFO] Database tables and indexes are up to date
2025-01-31 19:15:10,406 INFO c.h.h.t.OperatorHelmChartContainer - [K3S] [INFO] Kine available at unix://kine.sock
2025-01-31 19:15:10,540 INFO c.h.h.t.OperatorHelmChartContainer - [K3S] [INFO] Saving cluster bootstrap data to datastore
2025-01-31 19:15:10,541 INFO c.h.h.t.OperatorHelmChartContainer - [K3S] [WARNING] dynamiclistener [::]:6443: no cached certificate available for preload - deferring certificate load until storage initialization or first client request
2025-01-31 19:15:10,542 INFO c.h.h.t.OperatorHelmChartContainer - [K3S] [INFO] Active TLS secret / (ver=) (count 10): map[listener.cattle.io/cn-10.43.0.1:10.43.0.1 listener.cattle.io/cn-127.0.0.1:127.0.0.1 listener.cattle.io/cn-172.17.0.3:172.17.0.3 listener.cattle.io/cn-__1-f16284:::1 listener.cattle.io/cn-b8ea6f035c0d:b8ea6f035c0d listener.cattle.io/cn-kubernetes:kubernetes listener.cattle.io/cn-kubernetes.default:kubernetes.default listener.cattle.io/cn-kubernetes.default.svc:kubernetes.default.svc listener.cattle.io/cn-kubernetes.default.svc.cluster.local:kubernetes.default.svc.cluster.local listener.cattle.io/cn-localhost:localhost listener.cattle.io/fingerprint:SHA1=38593B4AD591093FC27B2062D1DB544E4C8B9943]
2025-01-31 19:15:10,703 INFO c.h.h.t.OperatorHelmChartContainer - [K3S] [INFO] Running kube-apiserver --advertise-port=6443 --allow-privileged=true --anonymous-auth=false --api-audiences=https://kubernetes.default.svc.cluster.local,k3s --authorization-mode=Node,RBAC --bind-address=127.0.0.1 --cert-dir=/var/lib/rancher/k3s/server/tls/temporary-certs --client-ca-file=/var/lib/rancher/k3s/server/tls/client-ca.crt --egress-selector-config-file=/var/lib/rancher/k3s/server/etc/egress-selector-config.yaml --enable-admission-plugins=NodeRestriction --enable-aggregator-routing=true --enable-bootstrap-token-auth=true --etcd-servers=unix://kine.sock --kubelet-certificate-authority=/var/lib/rancher/k3s/server/tls/server-ca.crt --kubelet-client-certificate=/var/lib/rancher/k3s/server/tls/client-kube-apiserver.crt --kubelet-client-key=/var/lib/rancher/k3s/server/tls/client-kube-apiserver.key --kubelet-preferred-address-types=InternalIP,ExternalIP,Hostname --profiling=false --proxy-client-cert-file=/var/lib/rancher/k3s/server/tls/client-auth-proxy.crt --proxy-client-key-file=/var/lib/rancher/k3s/server/tls/client-auth-proxy.key --requestheader-allowed-names=system:auth-proxy --requestheader-client-ca-file=/var/lib/rancher/k3s/server/tls/request-header-ca.crt --requestheader-extra-headers-prefix=X-Remote-Extra- --requestheader-group-headers=X-Remote-Group --requestheader-username-headers=X-Remote-User --secure-port=6444 --service-account-issuer=https://kubernetes.default.svc.cluster.local --service-account-key-file=/var/lib/rancher/k3s/server/tls/service.key --service-account-signing-key-file=/var/lib/rancher/k3s/server/tls/service.current.key --service-cluster-ip-range=10.43.0.0/16 --service-node-port-range=30000-32767 --storage-backend=etcd3 --tls-cert-file=/var/lib/rancher/k3s/server/tls/serving-kube-apiserver.crt --tls-cipher-suites=TLS_ECDHE_ECDSA_WITH_AES_256_GCM_SHA384,TLS_ECDHE_RSA_WITH_AES_256_GCM_SHA384,TLS_ECDHE_ECDSA_WITH_AES_128_GCM_SHA256,TLS_ECDHE_RSA_WITH_AES_128_GCM_SHA256,TLS_ECDHE_ECDSA_WITH_CHACHA20_POLY1305,TLS_ECDHE_RSA_WITH_CHACHA20_POLY1305 --tls-private-key-file=/var/lib/rancher/k3s/server/tls/serving-kube-apiserver.key
2025-01-31 19:15:10,704 INFO c.h.h.t.OperatorHelmChartContainer - [K3S] [INFO] Running kube-scheduler --authentication-kubeconfig=/var/lib/rancher/k3s/server/cred/scheduler.kubeconfig --authorization-kubeconfig=/var/lib/rancher/k3s/server/cred/scheduler.kubeconfig --bind-address=127.0.0.1 --kubeconfig=/var/lib/rancher/k3s/server/cred/scheduler.kubeconfig --leader-elect=false --profiling=false --secure-port=10259
2025-01-31 19:15:10,704 INFO c.h.h.t.OperatorHelmChartContainer - [K3S] [INFO] Waiting for API server to become available
2025-01-31 19:15:10,707 INFO c.h.h.t.OperatorHelmChartContainer - [K3S] [registry.go:256] calling componentGlobalsRegistry.AddFlags more than once, the registry will be set by the latest flags
2025-01-31 19:15:10,708 INFO c.h.h.t.OperatorHelmChartContainer - [K3S] [INFO] Running kube-controller-manager --allocate-node-cidrs=true --authentication-kubeconfig=/var/lib/rancher/k3s/server/cred/controller.kubeconfig --authorization-kubeconfig=/var/lib/rancher/k3s/server/cred/controller.kubeconfig --bind-address=127.0.0.1 --cluster-cidr=10.42.0.0/16 --cluster-signing-kube-apiserver-client-cert-file=/var/lib/rancher/k3s/server/tls/client-ca.nochain.crt --cluster-signing-kube-apiserver-client-key-file=/var/lib/rancher/k3s/server/tls/client-ca.key --cluster-signing-kubelet-client-cert-file=/var/lib/rancher/k3s/server/tls/client-ca.nochain.crt --cluster-signing-kubelet-client-key-file=/var/lib/rancher/k3s/server/tls/client-ca.key --cluster-signing-kubelet-serving-cert-file=/var/lib/rancher/k3s/server/tls/server-ca.nochain.crt --cluster-signing-kubelet-serving-key-file=/var/lib/rancher/k3s/server/tls/server-ca.key --cluster-signing-legacy-unknown-cert-file=/var/lib/rancher/k3s/server/tls/server-ca.nochain.crt --cluster-signing-legacy-unknown-key-file=/var/lib/rancher/k3s/server/tls/server-ca.key --configure-cloud-routes=false --controllers=*,tokencleaner,-service,-route,-cloud-node-lifecycle --kubeconfig=/var/lib/rancher/k3s/server/cred/controller.kubeconfig --leader-elect=false --profiling=false --root-ca-file=/var/lib/rancher/k3s/server/tls/server-ca.crt --secure-port=10257 --service-account-private-key-file=/var/lib/rancher/k3s/server/tls/service.current.key --service-cluster-ip-range=10.43.0.0/16 --use-service-account-credentials=true
2025-01-31 19:15:10,709 INFO c.h.h.t.OperatorHelmChartContainer - [K3S] [registry.go:256] calling componentGlobalsRegistry.AddFlags more than once, the registry will be set by the latest flags
2025-01-31 19:15:10,709 INFO c.h.h.t.OperatorHelmChartContainer - [K3S] [options.go:238] external host was not specified, using 172.17.0.3
2025-01-31 19:15:10,709 INFO c.h.h.t.OperatorHelmChartContainer - [K3S] [options.go:299] unable to set WatchListClient feature gate, err: cannot override default for feature "WatchListClient": gates already added to a flag set
2025-01-31 19:15:10,709 INFO c.h.h.t.OperatorHelmChartContainer - [K3S] [registry.go:256] calling componentGlobalsRegistry.AddFlags more than once, the registry will be set by the latest flags
2025-01-31 19:15:10,710 INFO c.h.h.t.OperatorHelmChartContainer - [K3S] [INFO] Running cloud-controller-manager --allocate-node-cidrs=true --authentication-kubeconfig=/var/lib/rancher/k3s/server/cred/cloud-controller.kubeconfig --authorization-kubeconfig=/var/lib/rancher/k3s/server/cred/cloud-controller.kubeconfig --bind-address=127.0.0.1 --cloud-config=/var/lib/rancher/k3s/server/etc/cloud-config.yaml --cloud-provider=k3s --cluster-cidr=10.42.0.0/16 --configure-cloud-routes=false --controllers=*,-route --kubeconfig=/var/lib/rancher/k3s/server/cred/cloud-controller.kubeconfig --leader-elect=false --leader-elect-resource-name=k3s-cloud-controller-manager --node-status-update-frequency=1m0s --profiling=false
2025-01-31 19:15:10,712 INFO c.h.h.t.OperatorHelmChartContainer - [K3S] [INFO] Server node token is available at /var/lib/rancher/k3s/server/token
2025-01-31 19:15:10,713 INFO c.h.h.t.OperatorHelmChartContainer - [K3S] [server.go:151] Version: v1.32.1+k3s1
2025-01-31 19:15:10,713 INFO c.h.h.t.OperatorHelmChartContainer - [K3S] [server.go:153] "Golang settings" GOGC="" GOMAXPROCS="" GOTRACEBACK=""
2025-01-31 19:15:10,713 INFO c.h.h.t.OperatorHelmChartContainer - [K3S] [INFO] To join server node to cluster: k3s server -s https://172.17.0.3:6443 -t ${SERVER_NODE_TOKEN}
2025-01-31 19:15:10,713 INFO c.h.h.t.OperatorHelmChartContainer - [K3S] [INFO] Agent node token is available at /var/lib/rancher/k3s/server/agent-token
2025-01-31 19:15:10,713 INFO c.h.h.t.OperatorHelmChartContainer - [K3S] [INFO] To join agent node to cluster: k3s agent -s https://172.17.0.3:6443 -t ${AGENT_NODE_TOKEN}
2025-01-31 19:15:10,713 INFO c.h.h.t.OperatorHelmChartContainer - [K3S] [INFO] Wrote kubeconfig /etc/rancher/k3s/k3s.yaml
2025-01-31 19:15:10,713 INFO c.h.h.t.OperatorHelmChartContainer - [K3S] [INFO] Run: k3s kubectl
2025-01-31 19:15:10,964 INFO c.h.h.t.OperatorHelmChartContainer - [K3S] [plugins.go:157] Loaded 13 mutating admission controller(s) successfully in the following order: NamespaceLifecycle,LimitRanger,ServiceAccount,NodeRestriction,TaintNodesByCondition,Priority,DefaultTolerationSeconds,DefaultStorageClass,StorageObjectInUseProtection,RuntimeClass,DefaultIngressClass,MutatingAdmissionPolicy,MutatingAdmissionWebhook.
2025-01-31 19:15:10,965 INFO c.h.h.t.OperatorHelmChartContainer - [K3S] [plugins.go:160] Loaded 13 validating admission controller(s) successfully in the following order: LimitRanger,ServiceAccount,PodSecurity,Priority,PersistentVolumeClaimResize,RuntimeClass,CertificateApproval,CertificateSigning,ClusterTrustBundleAttest,CertificateSubjectRestriction,ValidatingAdmissionPolicy,ValidatingAdmissionWebhook,ResourceQuota.
2025-01-31 19:15:10,965 INFO c.h.h.t.OperatorHelmChartContainer - [K3S] [instance.go:233] Using reconciler: lease
2025-01-31 19:15:11,030 INFO c.h.h.t.OperatorHelmChartContainer - [K3S] [apis.go:106] API group "internal.apiserver.k8s.io" is not enabled, skipping.
2025-01-31 19:15:11,077 INFO c.h.h.t.OperatorHelmChartContainer - [K3S] [apis.go:106] API group "storagemigration.k8s.io" is not enabled, skipping.
2025-01-31 19:15:11,107 INFO c.h.h.t.OperatorHelmChartContainer - [K3S] [apis.go:106] API group "resource.k8s.io" is not enabled, skipping.
2025-01-31 19:15:11,340 INFO c.h.h.t.OperatorHelmChartContainer - [K3S] [INFO] Password verified locally for node b8ea6f035c0d
2025-01-31 19:15:11,443 INFO c.h.h.t.OperatorHelmChartContainer - [K3S] [dynamic_cafile_content.go:161] "Starting controller" name="request-header::/var/lib/rancher/k3s/server/tls/request-header-ca.crt"
2025-01-31 19:15:11,444 INFO c.h.h.t.OperatorHelmChartContainer - [K3S] [dynamic_cafile_content.go:161] "Starting controller" name="client-ca-bundle::/var/lib/rancher/k3s/server/tls/client-ca.crt"
2025-01-31 19:15:11,444 INFO c.h.h.t.OperatorHelmChartContainer - [K3S] [dynamic_serving_content.go:135] "Starting controller" name="serving-cert::/var/lib/rancher/k3s/server/tls/serving-kube-apiserver.crt::/var/lib/rancher/k3s/server/tls/serving-kube-apiserver.key"
2025-01-31 19:15:11,444 INFO c.h.h.t.OperatorHelmChartContainer - [K3S] [secure_serving.go:213] Serving securely on 127.0.0.1:6444
2025-01-31 19:15:11,444 INFO c.h.h.t.OperatorHelmChartContainer - [K3S] [tlsconfig.go:243] "Starting DynamicServingCertificateController"
2025-01-31 19:15:11,444 INFO c.h.h.t.OperatorHelmChartContainer - [K3S] [apf_controller.go:377] Starting API Priority and Fairness config controller
2025-01-31 19:15:11,445 INFO c.h.h.t.OperatorHelmChartContainer - [K3S] [controller.go:78] Starting OpenAPI AggregationController
2025-01-31 19:15:11,445 INFO c.h.h.t.OperatorHelmChartContainer - [K3S] [system_namespaces_controller.go:66] Starting system namespaces controller
2025-01-31 19:15:11,445 INFO c.h.h.t.OperatorHelmChartContainer - [K3S] [remote_available_controller.go:411] Starting RemoteAvailability controller
2025-01-31 19:15:11,445 INFO c.h.h.t.OperatorHelmChartContainer - [K3S] [dynamic_serving_content.go:135] "Starting controller" name="aggregator-proxy-cert::/var/lib/rancher/k3s/server/tls/client-auth-proxy.crt::/var/lib/rancher/k3s/server/tls/client-auth-proxy.key"
2025-01-31 19:15:11,445 INFO c.h.h.t.OperatorHelmChartContainer - [K3S] [local_available_controller.go:156] Starting LocalAvailability controller
2025-01-31 19:15:11,445 INFO c.h.h.t.OperatorHelmChartContainer - [K3S] [cluster_authentication_trust_controller.go:462] Starting cluster_authentication_trust_controller controller
2025-01-31 19:15:11,445 INFO c.h.h.t.OperatorHelmChartContainer - [K3S] [aggregator.go:169] waiting for initial CRD sync...
2025-01-31 19:15:11,446 INFO c.h.h.t.OperatorHelmChartContainer - [K3S] [gc_controller.go:78] Starting apiserver lease garbage collector
2025-01-31 19:15:11,446 INFO c.h.h.t.OperatorHelmChartContainer - [K3S] [apiservice_controller.go:100] Starting APIServiceRegistrationController
2025-01-31 19:15:11,446 INFO c.h.h.t.OperatorHelmChartContainer - [K3S] [customresource_discovery_controller.go:292] Starting DiscoveryController
2025-01-31 19:15:11,446 INFO c.h.h.t.OperatorHelmChartContainer - [K3S] [controller.go:119] Starting legacy_token_tracking_controller
2025-01-31 19:15:11,446 INFO c.h.h.t.OperatorHelmChartContainer - [K3S] [controller.go:80] Starting OpenAPI V3 AggregationController
2025-01-31 19:15:11,446 INFO c.h.h.t.OperatorHelmChartContainer - [K3S] [dynamic_cafile_content.go:161] "Starting controller" name="client-ca-bundle::/var/lib/rancher/k3s/server/tls/client-ca.crt"
2025-01-31 19:15:11,446 INFO c.h.h.t.OperatorHelmChartContainer - [K3S] [dynamic_cafile_content.go:161] "Starting controller" name="request-header::/var/lib/rancher/k3s/server/tls/request-header-ca.crt"
2025-01-31 19:15:11,446 INFO c.h.h.t.OperatorHelmChartContainer - [K3S] [crdregistration_controller.go:114] Starting crd-autoregister controller
2025-01-31 19:15:11,447 INFO c.h.h.t.OperatorHelmChartContainer - [K3S] [controller.go:142] Starting OpenAPI controller
2025-01-31 19:15:11,447 INFO c.h.h.t.OperatorHelmChartContainer - [K3S] [controller.go:90] Starting OpenAPI V3 controller
2025-01-31 19:15:11,447 INFO c.h.h.t.OperatorHelmChartContainer - [K3S] [naming_controller.go:294] Starting NamingConditionController
2025-01-31 19:15:11,447 INFO c.h.h.t.OperatorHelmChartContainer - [K3S] [establishing_controller.go:81] Starting EstablishingController
2025-01-31 19:15:11,447 INFO c.h.h.t.OperatorHelmChartContainer - [K3S] [nonstructuralschema_controller.go:195] Starting NonStructuralSchemaConditionController
2025-01-31 19:15:11,447 INFO c.h.h.t.OperatorHelmChartContainer - [K3S] [apiapproval_controller.go:189] Starting KubernetesAPIApprovalPolicyConformantConditionController
2025-01-31 19:15:11,447 INFO c.h.h.t.OperatorHelmChartContainer - [K3S] [crd_finalizer.go:269] Starting CRDFinalizer
2025-01-31 19:15:11,480 INFO c.h.h.t.OperatorHelmChartContainer - [K3S] [policy_source.go:240] refreshing policies
2025-01-31 19:15:11,555 INFO c.h.h.t.OperatorHelmChartContainer - [K3S] [apf_controller.go:382] Running API Priority and Fairness config worker
2025-01-31 19:15:11,555 INFO c.h.h.t.OperatorHelmChartContainer - [K3S] [apf_controller.go:385] Running API Priority and Fairness periodic rebalancing process
2025-01-31 19:15:11,555 INFO c.h.h.t.OperatorHelmChartContainer - [K3S] [handler_discovery.go:451] Starting ResourceDiscoveryManager
2025-01-31 19:15:11,556 INFO c.h.h.t.OperatorHelmChartContainer - [K3S] [aggregator.go:171] initial CRD sync complete...
2025-01-31 19:15:11,556 INFO c.h.h.t.OperatorHelmChartContainer - [K3S] [autoregister_controller.go:144] Starting autoregister controller
2025-01-31 19:15:11,612 INFO c.h.h.t.OperatorHelmChartContainer - [K3S] [controller.go:95] Unable to perform initial Kubernetes service initialization: namespaces "default" not found
2025-01-31 19:15:11,912 INFO c.h.h.t.OperatorHelmChartContainer - [K3S] [INFO] Module overlay was already loaded
2025-01-31 19:15:11,913 INFO c.h.h.t.OperatorHelmChartContainer - [K3S] [INFO] Module nf_conntrack was already loaded
2025-01-31 19:15:11,913 INFO c.h.h.t.OperatorHelmChartContainer - [K3S] [INFO] Module br_netfilter was already loaded
2025-01-31 19:15:11,917 INFO c.h.h.t.OperatorHelmChartContainer - [K3S] [INFO] Set sysctl 'net/netfilter/nf_conntrack_max' to 131072
2025-01-31 19:15:11,917 INFO c.h.h.t.OperatorHelmChartContainer - [K3S] [INFO] Set sysctl 'net/netfilter/nf_conntrack_tcp_timeout_established' to 86400
2025-01-31 19:15:11,917 INFO c.h.h.t.OperatorHelmChartContainer - [K3S] [INFO] Set sysctl 'net/netfilter/nf_conntrack_tcp_timeout_close_wait' to 3600
2025-01-31 19:15:11,919 INFO c.h.h.t.OperatorHelmChartContainer - [K3S] [INFO] Logging containerd to /var/lib/rancher/k3s/agent/containerd/containerd.log
2025-01-31 19:15:11,920 INFO c.h.h.t.OperatorHelmChartContainer - [K3S] [INFO] Running containerd -c /var/lib/rancher/k3s/agent/etc/containerd/config.toml -a /run/k3s/containerd/containerd.sock --state /run/k3s/containerd --root /var/lib/rancher/k3s/agent/containerd
2025-01-31 19:15:12,446 INFO c.h.h.t.OperatorHelmChartContainer - [K3S] [storage_scheduling.go:95] created PriorityClass system-node-critical with value 2000001000
2025-01-31 19:15:12,449 INFO c.h.h.t.OperatorHelmChartContainer - [K3S] [storage_scheduling.go:95] created PriorityClass system-cluster-critical with value 2000000000
2025-01-31 19:15:12,449 INFO c.h.h.t.OperatorHelmChartContainer - [K3S] [storage_scheduling.go:111] all system priority classes are created successfully or already exist.
2025-01-31 19:15:12,819 INFO c.h.h.t.OperatorHelmChartContainer - [K3S] [alloc.go:330] "allocated clusterIPs" service="default/kubernetes" clusterIPs={"IPv4":"10.43.0.1"}
2025-01-31 19:15:12,823 INFO c.h.h.t.OperatorHelmChartContainer - [K3S] [lease.go:265] Resetting endpoints for master service "kubernetes" to [172.17.0.3]
2025-01-31 19:15:12,923 INFO c.h.h.t.OperatorHelmChartContainer - [K3S] [INFO] containerd is now running
2025-01-31 19:15:12,926 INFO c.h.h.t.OperatorHelmChartContainer - [K3S] [INFO] Connecting to proxy" url="wss://127.0.0.1:6443/v1-k3s/connect
2025-01-31 19:15:12,927 INFO c.h.h.t.OperatorHelmChartContainer - [K3S] [INFO] Creating k3s-cert-monitor event broadcaster
2025-01-31 19:15:12,930 INFO c.h.h.t.OperatorHelmChartContainer - [K3S] [INFO] Running kubelet --cloud-provider=external --config-dir=/var/lib/rancher/k3s/agent/etc/kubelet.conf.d --containerd=/run/k3s/containerd/containerd.sock --hostname-override=b8ea6f035c0d --kubeconfig=/var/lib/rancher/k3s/agent/kubelet.kubeconfig --node-ip=172.17.0.3 --node-labels=
2025-01-31 19:15:12,930 INFO c.h.h.t.OperatorHelmChartContainer - [K3S] [INFO] Handling backend connection request [b8ea6f035c0d]
2025-01-31 19:15:12,930 INFO c.h.h.t.OperatorHelmChartContainer - [K3S] [INFO] Remotedialer connected to proxy" url="wss://127.0.0.1:6443/v1-k3s/connect
2025-01-31 19:15:12,936 INFO c.h.h.t.OperatorHelmChartContainer - [K3S] Flag --containerd has been deprecated, This is a cadvisor flag that was mistakenly registered with the Kubelet. Due to legacy concerns, it will follow the standard CLI deprecation timeline before being removed.
2025-01-31 19:15:12,937 INFO c.h.h.t.OperatorHelmChartContainer - [K3S] [server.go:515] "Kubelet version" kubeletVersion="v1.32.1+k3s1"
2025-01-31 19:15:12,938 INFO c.h.h.t.OperatorHelmChartContainer - [K3S] [server.go:517] "Golang settings" GOGC="" GOMAXPROCS="" GOTRACEBACK=""
2025-01-31 19:15:12,939 INFO c.h.h.t.OperatorHelmChartContainer - [K3S] [dynamic_cafile_content.go:161] "Starting controller" name="client-ca-bundle::/var/lib/rancher/k3s/agent/client-ca.crt"
2025-01-31 19:15:12,942 INFO c.h.h.t.OperatorHelmChartContainer - [K3S] [log.go:32] "RuntimeConfig from runtime service failed" err="rpc error: code = Unimplemented desc = method RuntimeConfig not implemented"
2025-01-31 19:15:12,942 INFO c.h.h.t.OperatorHelmChartContainer - [K3S] [server.go:1416] "CRI implementation should be updated to support RuntimeConfig when KubeletCgroupDriverFromCRI feature gate has been enabled. Falling back to using cgroupDriver from kubelet config."
2025-01-31 19:15:12,945 INFO c.h.h.t.OperatorHelmChartContainer - [K3S] [info.go:53] Couldn't collect info from any of the files in "/etc/machine-id,/var/lib/dbus/machine-id"
2025-01-31 19:15:12,946 INFO c.h.h.t.OperatorHelmChartContainer - [K3S] [server.go:767] "--cgroups-per-qos enabled, but --cgroup-root was not specified.  defaulting to /"
2025-01-31 19:15:12,946 INFO c.h.h.t.OperatorHelmChartContainer - [K3S] [server.go:836] "NoSwap is set due to memorySwapBehavior not specified" memorySwapBehavior="" FailSwapOn=false
2025-01-31 19:15:12,946 INFO c.h.h.t.OperatorHelmChartContainer - [K3S] [swap_util.go:115] "Swap is on" /proc/swaps contents=<
2025-01-31 19:15:12,946 INFO c.h.h.t.OperatorHelmChartContainer - [K3S] 	Filename				Type		Size		Used		Priority
2025-01-31 19:15:12,947 INFO c.h.h.t.OperatorHelmChartContainer - [K3S] 	/mnt/swapfile                           file		4194300		0		-2
2025-01-31 19:15:12,947 INFO c.h.h.t.OperatorHelmChartContainer - [K3S]  >
2025-01-31 19:15:12,947 INFO c.h.h.t.OperatorHelmChartContainer - [K3S] [container_manager_linux.go:268] "Container manager verified user specified cgroup-root exists" cgroupRoot=[]
2025-01-31 19:15:12,947 INFO c.h.h.t.OperatorHelmChartContainer - [K3S] [container_manager_linux.go:273] "Creating Container Manager object based on Node Config" nodeConfig={"NodeName":"b8ea6f035c0d","RuntimeCgroupsName":"","SystemCgroupsName":"","KubeletCgroupsName":"/k3s","KubeletOOMScoreAdj":-999,"ContainerRuntime":"","CgroupsPerQOS":true,"CgroupRoot":"/","CgroupDriver":"cgroupfs","KubeletRootDir":"/var/lib/kubelet","ProtectKernelDefaults":false,"KubeReservedCgroupName":"","SystemReservedCgroupName":"","ReservedSystemCPUs":{},"EnforceNodeAllocatable":{"pods":{}},"KubeReserved":null,"SystemReserved":null,"HardEvictionThresholds":[{"Signal":"imagefs.available","Operator":"LessThan","Value":{"Quantity":null,"Percentage":0.05},"GracePeriod":0,"MinReclaim":null},{"Signal":"nodefs.available","Operator":"LessThan","Value":{"Quantity":null,"Percentage":0.05},"GracePeriod":0,"MinReclaim":null}],"QOSReserved":{},"CPUManagerPolicy":"none","CPUManagerPolicyOptions":null,"TopologyManagerScope":"container","CPUManagerReconcilePeriod":10000000000,"ExperimentalMemoryManagerPolicy":"None","ExperimentalMemoryManagerReservedMemory":null,"PodPidsLimit":-1,"EnforceCPULimits":true,"CPUCFSQuotaPeriod":100000000,"TopologyManagerPolicy":"none","TopologyManagerPolicyOptions":null,"CgroupVersion":2}
2025-01-31 19:15:12,947 INFO c.h.h.t.OperatorHelmChartContainer - [K3S] [topology_manager.go:138] "Creating topology manager with none policy"
2025-01-31 19:15:12,947 INFO c.h.h.t.OperatorHelmChartContainer - [K3S] [container_manager_linux.go:304] "Creating device plugin manager"
2025-01-31 19:15:12,947 INFO c.h.h.t.OperatorHelmChartContainer - [K3S] [state_mem.go:36] "Initialized new in-memory state store"
2025-01-31 19:15:12,947 INFO c.h.h.t.OperatorHelmChartContainer - [K3S] [kubelet.go:446] "Attempting to sync node with API server"
2025-01-31 19:15:12,947 INFO c.h.h.t.OperatorHelmChartContainer - [K3S] [kubelet.go:341] "Adding static pod path" path="/var/lib/rancher/k3s/agent/pod-manifests"
2025-01-31 19:15:12,948 INFO c.h.h.t.OperatorHelmChartContainer - [K3S] [kubelet.go:352] "Adding apiserver pod source"
2025-01-31 19:15:12,948 INFO c.h.h.t.OperatorHelmChartContainer - [K3S] [apiserver.go:42] "Waiting for node sync before watching apiserver pods"
2025-01-31 19:15:12,950 INFO c.h.h.t.OperatorHelmChartContainer - [K3S] [kuberuntime_manager.go:269] "Container runtime initialized" containerRuntime="containerd" version="v1.7.23-k3s2" apiVersion="v1"
2025-01-31 19:15:12,951 INFO c.h.h.t.OperatorHelmChartContainer - [K3S] [kubelet.go:890] "Not starting ClusterTrustBundle informer because we are in static kubelet mode"
2025-01-31 19:15:12,951 INFO c.h.h.t.OperatorHelmChartContainer - [K3S] [probe.go:272] Flexvolume plugin directory at /usr/libexec/kubernetes/kubelet-plugins/volume/exec/ does not exist. Recreating.
2025-01-31 19:15:12,952 INFO c.h.h.t.OperatorHelmChartContainer - [K3S] [watchdog_linux.go:99] "Systemd watchdog is not enabled"
2025-01-31 19:15:12,953 INFO c.h.h.t.OperatorHelmChartContainer - [K3S] [server.go:1282] "Started kubelet"
2025-01-31 19:15:12,954 INFO c.h.h.t.OperatorHelmChartContainer - [K3S] [fs_resource_analyzer.go:67] "Starting FS ResourceAnalyzer"
2025-01-31 19:15:12,957 INFO c.h.h.t.OperatorHelmChartContainer - [K3S] [server.go:169] "Starting to listen" address="0.0.0.0" port=10250
2025-01-31 19:15:12,959 INFO c.h.h.t.OperatorHelmChartContainer - [K3S] [server.go:490] "Adding debug handlers to kubelet server"
2025-01-31 19:15:12,960 INFO c.h.h.t.OperatorHelmChartContainer - [K3S] [server.go:208] "Starting to listen read-only" address="0.0.0.0" port=10255
2025-01-31 19:15:12,964 INFO c.h.h.t.OperatorHelmChartContainer - [K3S] [ratelimit.go:55] "Setting rate limiting for endpoint" service="podresources" qps=100 burstTokens=10
2025-01-31 19:15:12,964 INFO c.h.h.t.OperatorHelmChartContainer - [K3S] [server.go:243] "Starting to serve the podresources API" endpoint="unix:/var/lib/kubelet/pod-resources/kubelet.sock"
2025-01-31 19:15:12,964 INFO c.h.h.t.OperatorHelmChartContainer - [K3S] [dynamic_serving_content.go:135] "Starting controller" name="kubelet-server-cert-files::/var/lib/rancher/k3s/agent/serving-kubelet.crt::/var/lib/rancher/k3s/agent/serving-kubelet.key"
2025-01-31 19:15:12,966 INFO c.h.h.t.OperatorHelmChartContainer - [K3S] [kubelet_node_status.go:467] "Error getting the current node from lister" err="node \"b8ea6f035c0d\" not found"
2025-01-31 19:15:12,966 INFO c.h.h.t.OperatorHelmChartContainer - [K3S] [volume_manager.go:297] "Starting Kubelet Volume Manager"
2025-01-31 19:15:12,966 INFO c.h.h.t.OperatorHelmChartContainer - [K3S] [desired_state_of_world_populator.go:149] "Desired state populator starts to run"
2025-01-31 19:15:12,966 INFO c.h.h.t.OperatorHelmChartContainer - [K3S] [reconciler.go:26] "Reconciler: start to sync state"
2025-01-31 19:15:12,968 INFO c.h.h.t.OperatorHelmChartContainer - [K3S] [kubelet.go:1561] "Image garbage collection failed once. Stats initialization may not have completed yet" err="invalid capacity 0 on image filesystem"
2025-01-31 19:15:12,970 INFO c.h.h.t.OperatorHelmChartContainer - [K3S] [factory.go:221] Registration of the systemd container factory successfully
2025-01-31 19:15:12,970 INFO c.h.h.t.OperatorHelmChartContainer - [K3S] [factory.go:219] Registration of the crio container factory failed: Get "http://%2Fvar%2Frun%2Fcrio%2Fcrio.sock/info": dial unix /var/run/crio/crio.sock: connect: no such file or directory
2025-01-31 19:15:12,974 INFO c.h.h.t.OperatorHelmChartContainer - [K3S] [factory.go:221] Registration of the containerd container factory successfully
2025-01-31 19:15:12,974 INFO c.h.h.t.OperatorHelmChartContainer - [K3S] [nodelease.go:49] "Failed to get node when trying to set owner ref to the node lease" err="nodes \"b8ea6f035c0d\" not found" node="b8ea6f035c0d"
2025-01-31 19:15:12,982 INFO c.h.h.t.OperatorHelmChartContainer - [K3S] [kubelet_network_linux.go:50] "Initialized iptables rules." protocol="IPv4"
2025-01-31 19:15:12,982 INFO c.h.h.t.OperatorHelmChartContainer - [K3S] [kubelet_network_linux.go:50] "Initialized iptables rules." protocol="IPv6"
2025-01-31 19:15:12,982 INFO c.h.h.t.OperatorHelmChartContainer - [K3S] [status_manager.go:227] "Starting to sync pod status with apiserver"
2025-01-31 19:15:12,982 INFO c.h.h.t.OperatorHelmChartContainer - [K3S] [watchdog_linux.go:127] "Systemd watchdog is not enabled or the interval is invalid, so health checking will not be started."
2025-01-31 19:15:12,984 INFO c.h.h.t.OperatorHelmChartContainer - [K3S] [kubelet.go:2388] "Starting kubelet main sync loop"
2025-01-31 19:15:12,984 INFO c.h.h.t.OperatorHelmChartContainer - [K3S] [kubelet.go:2412] "Skipping pod synchronization" err="[container runtime status check may not have completed yet, PLEG is not healthy: pleg has yet to be successful]"
2025-01-31 19:15:13,004 INFO c.h.h.t.OperatorHelmChartContainer - [K3S] [cpu_manager.go:221] "Starting CPU manager" policy="none"
2025-01-31 19:15:13,004 INFO c.h.h.t.OperatorHelmChartContainer - [K3S] [cpu_manager.go:222] "Reconciling" reconcilePeriod="10s"
2025-01-31 19:15:13,004 INFO c.h.h.t.OperatorHelmChartContainer - [K3S] [state_mem.go:36] "Initialized new in-memory state store"
2025-01-31 19:15:13,006 INFO c.h.h.t.OperatorHelmChartContainer - [K3S] [policy_none.go:49] "None policy: Start"
2025-01-31 19:15:13,006 INFO c.h.h.t.OperatorHelmChartContainer - [K3S] [memory_manager.go:186] "Starting memorymanager" policy="None"
2025-01-31 19:15:13,006 INFO c.h.h.t.OperatorHelmChartContainer - [K3S] [state_mem.go:35] "Initializing new in-memory state store"
2025-01-31 19:15:13,010 INFO c.h.h.t.OperatorHelmChartContainer - [K3S] [manager.go:519] "Failed to read data from checkpoint" checkpoint="kubelet_internal_checkpoint" err="checkpoint is not found"
2025-01-31 19:15:13,010 INFO c.h.h.t.OperatorHelmChartContainer - [K3S] [eviction_manager.go:189] "Eviction manager: starting control loop"
2025-01-31 19:15:13,010 INFO c.h.h.t.OperatorHelmChartContainer - [K3S] [container_log_manager.go:189] "Initializing container log rotate workers" workers=1 monitorPeriod="10s"
2025-01-31 19:15:13,014 INFO c.h.h.t.OperatorHelmChartContainer - [K3S] [plugin_manager.go:118] "Starting Kubelet Plugin Manager"
2025-01-31 19:15:13,017 INFO c.h.h.t.OperatorHelmChartContainer - [K3S] [eviction_manager.go:267] "eviction manager: failed to check if we have separate container filesystem. Ignoring." err="no imagefs label for configured runtime"
2025-01-31 19:15:13,017 INFO c.h.h.t.OperatorHelmChartContainer - [K3S] [eviction_manager.go:292] "Eviction manager: failed to get summary stats" err="failed to get node info: node \"b8ea6f035c0d\" not found"
2025-01-31 19:15:13,049 INFO c.h.h.t.OperatorHelmChartContainer - [K3S] [ERROR] Sending HTTP/1.1 503 response to 127.0.0.1:35560: runtime core not ready
2025-01-31 19:15:13,111 INFO c.h.h.t.OperatorHelmChartContainer - [K3S] [kubelet_node_status.go:76] "Attempting to register node" node="b8ea6f035c0d"
2025-01-31 19:15:13,118 INFO c.h.h.t.OperatorHelmChartContainer - [K3S] [kubelet_node_status.go:79] "Successfully registered node" node="b8ea6f035c0d"
2025-01-31 19:15:13,123 INFO c.h.h.t.OperatorHelmChartContainer - [K3S] [INFO] Annotations and labels have been set successfully on node: b8ea6f035c0d
2025-01-31 19:15:13,124 INFO c.h.h.t.OperatorHelmChartContainer - [K3S] [INFO] Starting flannel with backend vxlan
2025-01-31 19:15:13,168 INFO c.h.h.t.OperatorHelmChartContainer - [K3S] [INFO] Running kube-proxy --cluster-cidr=10.42.0.0/16 --conntrack-max-per-core=0 --conntrack-tcp-timeout-close-wait=0s --conntrack-tcp-timeout-established=0s --healthz-bind-address=127.0.0.1 --hostname-override=b8ea6f035c0d --kubeconfig=/var/lib/rancher/k3s/agent/kubeproxy.kubeconfig --proxy-mode=iptables
2025-01-31 19:15:13,214 INFO c.h.h.t.OperatorHelmChartContainer - [K3S] [server.go:698] "Successfully retrieved node IP(s)" IPs=["172.17.0.3"]
2025-01-31 19:15:13,214 INFO c.h.h.t.OperatorHelmChartContainer - [K3S] [server.go:234] "Kube-proxy configuration may be incomplete or incorrect" err="nodePortAddresses is unset; NodePort connections will be accepted on all local IPs. Consider using `--nodeport-addresses primary`"
2025-01-31 19:15:13,217 INFO c.h.h.t.OperatorHelmChartContainer - [K3S] [server.go:243] "kube-proxy running in dual-stack mode" primary ipFamily="IPv4"
2025-01-31 19:15:13,218 INFO c.h.h.t.OperatorHelmChartContainer - [K3S] [server_linux.go:170] "Using iptables Proxier"
2025-01-31 19:15:13,219 INFO c.h.h.t.OperatorHelmChartContainer - [K3S] [proxier.go:255] "Setting route_localnet=1 to allow node-ports on localhost; to change this either disable iptables.localhostNodePorts (--iptables-localhost-nodeports) or set nodePortAddresses (--nodeport-addresses) to filter loopback addresses"
2025-01-31 19:15:13,225 INFO c.h.h.t.OperatorHelmChartContainer - [K3S] [server.go:497] "Version info" version="v1.32.1+k3s1"
2025-01-31 19:15:13,225 INFO c.h.h.t.OperatorHelmChartContainer - [K3S] [server.go:499] "Golang settings" GOGC="" GOMAXPROCS="" GOTRACEBACK=""
2025-01-31 19:15:13,225 INFO c.h.h.t.OperatorHelmChartContainer - [K3S] [config.go:329] "Starting node config controller"
2025-01-31 19:15:13,226 INFO c.h.h.t.OperatorHelmChartContainer - [K3S] [config.go:199] "Starting service config controller"
2025-01-31 19:15:13,226 INFO c.h.h.t.OperatorHelmChartContainer - [K3S] [config.go:105] "Starting endpoint slice config controller"
2025-01-31 19:15:13,325 INFO c.h.h.t.OperatorHelmChartContainer - [K3S] [kubelet_node_status.go:502] "Fast updating node status as it just became ready"
2025-01-31 19:15:13,713 INFO c.h.h.t.OperatorHelmChartContainer - [K3S] [INFO] Waiting for untainted node
2025-01-31 19:15:13,714 INFO c.h.h.t.OperatorHelmChartContainer - [K3S] [INFO] Waiting for cloud-controller-manager privileges to become available
2025-01-31 19:15:13,714 INFO c.h.h.t.OperatorHelmChartContainer - [K3S] [INFO] Kube API server is now running
2025-01-31 19:15:13,714 INFO c.h.h.t.OperatorHelmChartContainer - [K3S] [INFO] ETCD server is now running
2025-01-31 19:15:13,714 INFO c.h.h.t.OperatorHelmChartContainer - [K3S] [INFO] k3s is up and running
2025-01-31 19:15:13,717 INFO c.h.h.t.OperatorHelmChartContainer - [K3S] [INFO] Creating k3s-supervisor event broadcaster
2025-01-31 19:15:13,721 INFO c.h.h.t.OperatorHelmChartContainer - [K3S] [INFO] Applying CRD addons.k3s.cattle.io
2025-01-31 19:15:13,732 INFO c.h.h.t.OperatorHelmChartContainer - [K3S] [INFO] Applying CRD etcdsnapshotfiles.k3s.cattle.io
2025-01-31 19:15:13,740 INFO c.h.h.t.OperatorHelmChartContainer - [K3S] [INFO] Applying CRD helmcharts.helm.cattle.io
2025-01-31 19:15:13,751 INFO c.h.h.t.OperatorHelmChartContainer - [K3S] [INFO] Applying CRD helmchartconfigs.helm.cattle.io
2025-01-31 19:15:13,765 INFO c.h.h.t.OperatorHelmChartContainer - [K3S] [INFO] Waiting for CRD helmchartconfigs.helm.cattle.io to become available
2025-01-31 19:15:13,864 INFO c.h.h.t.OperatorHelmChartContainer - [K3S] [serving.go:392] Generated self-signed cert in-memory
2025-01-31 19:15:13,949 INFO c.h.h.t.OperatorHelmChartContainer - [K3S] [apiserver.go:52] "Watching apiserver"
2025-01-31 19:15:13,967 INFO c.h.h.t.OperatorHelmChartContainer - [K3S] [desired_state_of_world_populator.go:157] "Finished populating initial desired state of world"
2025-01-31 19:15:14,036 INFO c.h.h.t.OperatorHelmChartContainer - [K3S] [controllermanager.go:185] "Starting" version="v1.32.1+k3s1"
2025-01-31 19:15:14,036 INFO c.h.h.t.OperatorHelmChartContainer - [K3S] [controllermanager.go:187] "Golang settings" GOGC="" GOMAXPROCS="" GOTRACEBACK=""
2025-01-31 19:15:14,038 INFO c.h.h.t.OperatorHelmChartContainer - [K3S] [configmap_cafile_content.go:205] "Starting controller" name="client-ca::kube-system::extension-apiserver-authentication::client-ca-file"
2025-01-31 19:15:14,038 INFO c.h.h.t.OperatorHelmChartContainer - [K3S] [requestheader_controller.go:180] Starting RequestHeaderAuthRequestController
2025-01-31 19:15:14,038 INFO c.h.h.t.OperatorHelmChartContainer - [K3S] [configmap_cafile_content.go:205] "Starting controller" name="client-ca::kube-system::extension-apiserver-authentication::requestheader-client-ca-file"
2025-01-31 19:15:14,039 INFO c.h.h.t.OperatorHelmChartContainer - [K3S] [secure_serving.go:213] Serving securely on 127.0.0.1:10257
2025-01-31 19:15:14,039 INFO c.h.h.t.OperatorHelmChartContainer - [K3S] [tlsconfig.go:243] "Starting DynamicServingCertificateController"
2025-01-31 19:15:14,042 INFO c.h.h.t.OperatorHelmChartContainer - [K3S] [controllermanager.go:765] "Started controller" controller="serviceaccount-token-controller"
2025-01-31 19:15:14,048 INFO c.h.h.t.OperatorHelmChartContainer - [K3S] [controllermanager.go:765] "Started controller" controller="replicationcontroller-controller"
2025-01-31 19:15:14,048 INFO c.h.h.t.OperatorHelmChartContainer - [K3S] [replica_set.go:217] "Starting controller" name="replicationcontroller"
2025-01-31 19:15:14,053 INFO c.h.h.t.OperatorHelmChartContainer - [K3S] [controllermanager.go:765] "Started controller" controller="serviceaccount-controller"
2025-01-31 19:15:14,054 INFO c.h.h.t.OperatorHelmChartContainer - [K3S] [controllermanager.go:717] "Controller is disabled by a feature gate" controller="resourceclaim-controller" requiredFeatureGates=["DynamicResourceAllocation"]
2025-01-31 19:15:14,054 INFO c.h.h.t.OperatorHelmChartContainer - [K3S] [serviceaccounts_controller.go:114] "Starting service account controller"
2025-01-31 19:15:14,059 INFO c.h.h.t.OperatorHelmChartContainer - [K3S] [controllermanager.go:765] "Started controller" controller="endpoints-controller"
2025-01-31 19:15:14,060 INFO c.h.h.t.OperatorHelmChartContainer - [K3S] [endpoints_controller.go:182] "Starting endpoint controller"
2025-01-31 19:15:14,065 INFO c.h.h.t.OperatorHelmChartContainer - [K3S] [controllermanager.go:765] "Started controller" controller="daemonset-controller"
2025-01-31 19:15:14,065 INFO c.h.h.t.OperatorHelmChartContainer - [K3S] [daemon_controller.go:294] "Starting daemon sets controller"
2025-01-31 19:15:14,070 INFO c.h.h.t.OperatorHelmChartContainer - [K3S] [controllermanager.go:765] "Started controller" controller="cronjob-controller"
2025-01-31 19:15:14,071 INFO c.h.h.t.OperatorHelmChartContainer - [K3S] [controllermanager.go:743] "Warning: skipping controller" controller="storage-version-migrator-controller"
2025-01-31 19:15:14,071 INFO c.h.h.t.OperatorHelmChartContainer - [K3S] [cronjob_controllerv2.go:145] "Starting cronjob controller v2"
2025-01-31 19:15:14,077 INFO c.h.h.t.OperatorHelmChartContainer - [K3S] [controllermanager.go:765] "Started controller" controller="ephemeral-volume-controller"
2025-01-31 19:15:14,077 INFO c.h.h.t.OperatorHelmChartContainer - [K3S] [controller.go:173] "Starting ephemeral volume controller"
2025-01-31 19:15:14,083 INFO c.h.h.t.OperatorHelmChartContainer - [K3S] [controllermanager.go:765] "Started controller" controller="job-controller"
2025-01-31 19:15:14,083 INFO c.h.h.t.OperatorHelmChartContainer - [K3S] [job_controller.go:243] "Starting job controller"
2025-01-31 19:15:14,088 INFO c.h.h.t.OperatorHelmChartContainer - [K3S] [controllermanager.go:765] "Started controller" controller="statefulset-controller"
2025-01-31 19:15:14,089 INFO c.h.h.t.OperatorHelmChartContainer - [K3S] [controllermanager.go:728] "Warning: controller is disabled" controller="bootstrap-signer-controller"
2025-01-31 19:15:14,089 INFO c.h.h.t.OperatorHelmChartContainer - [K3S] [controllermanager.go:717] "Controller is disabled by a feature gate" controller="volumeattributesclass-protection-controller" requiredFeatureGates=["VolumeAttributesClass"]
2025-01-31 19:15:14,089 INFO c.h.h.t.OperatorHelmChartContainer - [K3S] [controllermanager.go:717] "Controller is disabled by a feature gate" controller="selinux-warning-controller" requiredFeatureGates=["SELinuxChangePolicy"]
2025-01-31 19:15:14,089 INFO c.h.h.t.OperatorHelmChartContainer - [K3S] [stateful_set.go:166] "Starting stateful set controller"
2025-01-31 19:15:14,094 INFO c.h.h.t.OperatorHelmChartContainer - [K3S] [controllermanager.go:765] "Started controller" controller="replicaset-controller"
2025-01-31 19:15:14,094 INFO c.h.h.t.OperatorHelmChartContainer - [K3S] [controllermanager.go:723] "Skipping a cloud provider controller" controller="service-lb-controller"
2025-01-31 19:15:14,094 INFO c.h.h.t.OperatorHelmChartContainer - [K3S] [replica_set.go:217] "Starting controller" name="replicaset"
2025-01-31 19:15:14,099 INFO c.h.h.t.OperatorHelmChartContainer - [K3S] [controllermanager.go:765] "Started controller" controller="clusterrole-aggregation-controller"
2025-01-31 19:15:14,100 INFO c.h.h.t.OperatorHelmChartContainer - [K3S] [clusterroleaggregation_controller.go:194] "Starting ClusterRoleAggregator controller"
2025-01-31 19:15:14,195 INFO c.h.h.t.OperatorHelmChartContainer - [K3S] [controllermanager.go:765] "Started controller" controller="persistentvolume-protection-controller"
2025-01-31 19:15:14,195 INFO c.h.h.t.OperatorHelmChartContainer - [K3S] [pv_protection_controller.go:81] "Starting PV protection controller"
2025-01-31 19:15:14,267 INFO c.h.h.t.OperatorHelmChartContainer - [K3S] [INFO] Done waiting for CRD helmchartconfigs.helm.cattle.io to become available
2025-01-31 19:15:14,268 INFO c.h.h.t.OperatorHelmChartContainer - [K3S] [INFO] Writing static file: /var/lib/rancher/k3s/server/static/charts/traefik-27.0.201+up27.0.2.tgz
2025-01-31 19:15:14,268 INFO c.h.h.t.OperatorHelmChartContainer - [K3S] [INFO] Writing static file: /var/lib/rancher/k3s/server/static/charts/traefik-crd-27.0.201+up27.0.2.tgz
2025-01-31 19:15:14,269 INFO c.h.h.t.OperatorHelmChartContainer - [K3S] [INFO] Writing manifest: /var/lib/rancher/k3s/server/manifests/metrics-server/auth-reader.yaml
2025-01-31 19:15:14,269 INFO c.h.h.t.OperatorHelmChartContainer - [K3S] [INFO] Writing manifest: /var/lib/rancher/k3s/server/manifests/metrics-server/metrics-apiservice.yaml
2025-01-31 19:15:14,269 INFO c.h.h.t.OperatorHelmChartContainer - [K3S] [INFO] Writing manifest: /var/lib/rancher/k3s/server/manifests/metrics-server/resource-reader.yaml
2025-01-31 19:15:14,269 INFO c.h.h.t.OperatorHelmChartContainer - [K3S] [INFO] Writing manifest: /var/lib/rancher/k3s/server/manifests/runtimes.yaml
2025-01-31 19:15:14,269 INFO c.h.h.t.OperatorHelmChartContainer - [K3S] [INFO] Writing manifest: /var/lib/rancher/k3s/server/manifests/coredns.yaml
2025-01-31 19:15:14,269 INFO c.h.h.t.OperatorHelmChartContainer - [K3S] [INFO] Writing manifest: /var/lib/rancher/k3s/server/manifests/local-storage.yaml
2025-01-31 19:15:14,270 INFO c.h.h.t.OperatorHelmChartContainer - [K3S] [INFO] Writing manifest: /var/lib/rancher/k3s/server/manifests/metrics-server/aggregated-metrics-reader.yaml
2025-01-31 19:15:14,270 INFO c.h.h.t.OperatorHelmChartContainer - [K3S] [INFO] Writing manifest: /var/lib/rancher/k3s/server/manifests/metrics-server/auth-delegator.yaml
2025-01-31 19:15:14,270 INFO c.h.h.t.OperatorHelmChartContainer - [K3S] [INFO] Writing manifest: /var/lib/rancher/k3s/server/manifests/ccm.yaml
2025-01-31 19:15:14,270 INFO c.h.h.t.OperatorHelmChartContainer - [K3S] [INFO] Writing manifest: /var/lib/rancher/k3s/server/manifests/metrics-server/metrics-server-deployment.yaml
2025-01-31 19:15:14,270 INFO c.h.h.t.OperatorHelmChartContainer - [K3S] [INFO] Writing manifest: /var/lib/rancher/k3s/server/manifests/metrics-server/metrics-server-service.yaml
2025-01-31 19:15:14,270 INFO c.h.h.t.OperatorHelmChartContainer - [K3S] [INFO] Writing manifest: /var/lib/rancher/k3s/server/manifests/rolebindings.yaml
2025-01-31 19:15:14,271 INFO c.h.h.t.OperatorHelmChartContainer - [K3S] [INFO] Tunnel server egress proxy mode: agent
2025-01-31 19:15:14,272 INFO c.h.h.t.OperatorHelmChartContainer - [K3S] [INFO] Starting dynamiclistener CN filter node controller with SANs: [localhost 127.0.0.1 ::1 localhost b8ea6f035c0d 172.17.0.3 10.43.0.1 kubernetes kubernetes.default kubernetes.default.svc kubernetes.default.svc.cluster.local]
2025-01-31 19:15:14,345 INFO c.h.h.t.OperatorHelmChartContainer - [K3S] [controllermanager.go:765] "Started controller" controller="certificatesigningrequest-approving-controller"
2025-01-31 19:15:14,346 INFO c.h.h.t.OperatorHelmChartContainer - [K3S] [certificate_controller.go:120] "Starting certificate controller" name="csrapproving"
2025-01-31 19:15:14,377 INFO c.h.h.t.OperatorHelmChartContainer - [K3S] [INFO] Starting k3s.cattle.io/v1, Kind=Addon controller
2025-01-31 19:15:14,377 INFO c.h.h.t.OperatorHelmChartContainer - [K3S] [INFO] Creating deploy event broadcaster
2025-01-31 19:15:14,395 INFO c.h.h.t.OperatorHelmChartContainer - [K3S] [controllermanager.go:765] "Started controller" controller="certificatesigningrequest-cleaner-controller"
2025-01-31 19:15:14,395 INFO c.h.h.t.OperatorHelmChartContainer - [K3S] [cleaner.go:83] "Starting CSR cleaner controller"
2025-01-31 19:15:14,481 INFO c.h.h.t.OperatorHelmChartContainer - [K3S] [INFO] Starting /v1, Kind=Node controller
2025-01-31 19:15:14,481 INFO c.h.h.t.OperatorHelmChartContainer - [K3S] [INFO] Creating helm-controller event broadcaster
2025-01-31 19:15:14,491 INFO c.h.h.t.OperatorHelmChartContainer - [K3S] [INFO] Labels and annotations have been set successfully on node: b8ea6f035c0d
2025-01-31 19:15:14,500 INFO c.h.h.t.OperatorHelmChartContainer - [K3S] [INFO] Cluster dns configmap has been set successfully
2025-01-31 19:15:14,541 INFO c.h.h.t.OperatorHelmChartContainer - [K3S] [INFO] Starting /v1, Kind=ServiceAccount controller
2025-01-31 19:15:14,542 INFO c.h.h.t.OperatorHelmChartContainer - [K3S] [INFO] Starting /v1, Kind=Secret controller
2025-01-31 19:15:14,542 INFO c.h.h.t.OperatorHelmChartContainer - [K3S] [INFO] Starting /v1, Kind=ConfigMap controller
2025-01-31 19:15:14,546 INFO c.h.h.t.OperatorHelmChartContainer - [K3S] [controllermanager.go:765] "Started controller" controller="root-ca-certificate-publisher-controller"
2025-01-31 19:15:14,546 INFO c.h.h.t.OperatorHelmChartContainer - [K3S] [publisher.go:107] "Starting root CA cert publisher controller"
2025-01-31 19:15:14,550 INFO c.h.h.t.OperatorHelmChartContainer - [K3S] [INFO] Updating TLS secret for kube-system/k3s-serving (count: 10): map[listener.cattle.io/cn-10.43.0.1:10.43.0.1 listener.cattle.io/cn-127.0.0.1:127.0.0.1 listener.cattle.io/cn-172.17.0.3:172.17.0.3 listener.cattle.io/cn-__1-f16284:::1 listener.cattle.io/cn-b8ea6f035c0d:b8ea6f035c0d listener.cattle.io/cn-kubernetes:kubernetes listener.cattle.io/cn-kubernetes.default:kubernetes.default listener.cattle.io/cn-kubernetes.default.svc:kubernetes.default.svc listener.cattle.io/cn-kubernetes.default.svc.cluster.local:kubernetes.default.svc.cluster.local listener.cattle.io/cn-localhost:localhost listener.cattle.io/fingerprint:SHA1=38593B4AD591093FC27B2062D1DB544E4C8B9943]
2025-01-31 19:15:14,553 INFO c.h.h.t.OperatorHelmChartContainer - [K3S] [INFO] Active TLS secret kube-system/k3s-serving (ver=243) (count 10): map[listener.cattle.io/cn-10.43.0.1:10.43.0.1 listener.cattle.io/cn-127.0.0.1:127.0.0.1 listener.cattle.io/cn-172.17.0.3:172.17.0.3 listener.cattle.io/cn-__1-f16284:::1 listener.cattle.io/cn-b8ea6f035c0d:b8ea6f035c0d listener.cattle.io/cn-kubernetes:kubernetes listener.cattle.io/cn-kubernetes.default:kubernetes.default listener.cattle.io/cn-kubernetes.default.svc:kubernetes.default.svc listener.cattle.io/cn-kubernetes.default.svc.cluster.local:kubernetes.default.svc.cluster.local listener.cattle.io/cn-localhost:localhost listener.cattle.io/fingerprint:SHA1=38593B4AD591093FC27B2062D1DB544E4C8B9943]
2025-01-31 19:15:14,589 INFO c.h.h.t.OperatorHelmChartContainer - [K3S] [INFO] Starting helm.cattle.io/v1, Kind=HelmChart controller
2025-01-31 19:15:14,589 INFO c.h.h.t.OperatorHelmChartContainer - [K3S] [INFO] Starting helm.cattle.io/v1, Kind=HelmChartConfig controller
2025-01-31 19:15:14,592 INFO c.h.h.t.OperatorHelmChartContainer - [K3S] [INFO] Starting rbac.authorization.k8s.io/v1, Kind=ClusterRoleBinding controller
2025-01-31 19:15:14,595 INFO c.h.h.t.OperatorHelmChartContainer - [K3S] [INFO] Starting batch/v1, Kind=Job controller
2025-01-31 19:15:14,645 INFO c.h.h.t.OperatorHelmChartContainer - [K3S] [INFO] Updating TLS secret for kube-system/k3s-serving (count: 10): map[listener.cattle.io/cn-10.43.0.1:10.43.0.1 listener.cattle.io/cn-127.0.0.1:127.0.0.1 listener.cattle.io/cn-172.17.0.3:172.17.0.3 listener.cattle.io/cn-__1-f16284:::1 listener.cattle.io/cn-b8ea6f035c0d:b8ea6f035c0d listener.cattle.io/cn-kubernetes:kubernetes listener.cattle.io/cn-kubernetes.default:kubernetes.default listener.cattle.io/cn-kubernetes.default.svc:kubernetes.default.svc listener.cattle.io/cn-kubernetes.default.svc.cluster.local:kubernetes.default.svc.cluster.local listener.cattle.io/cn-localhost:localhost listener.cattle.io/fingerprint:SHA1=38593B4AD591093FC27B2062D1DB544E4C8B9943]
2025-01-31 19:15:14,696 INFO c.h.h.t.OperatorHelmChartContainer - [K3S] [controllermanager.go:765] "Started controller" controller="endpointslice-controller"
2025-01-31 19:15:14,696 INFO c.h.h.t.OperatorHelmChartContainer - [K3S] [endpointslice_controller.go:281] "Starting endpoint slice controller"
2025-01-31 19:15:14,846 INFO c.h.h.t.OperatorHelmChartContainer - [K3S] [controllermanager.go:765] "Started controller" controller="pod-garbage-collector-controller"
2025-01-31 19:15:14,846 INFO c.h.h.t.OperatorHelmChartContainer - [K3S] [gc_controller.go:99] "Starting GC controller"
2025-01-31 19:15:15,044 INFO c.h.h.t.OperatorHelmChartContainer - [K3S] [controllermanager.go:765] "Started controller" controller="disruption-controller"
2025-01-31 19:15:15,044 INFO c.h.h.t.OperatorHelmChartContainer - [K3S] [disruption.go:452] "Sending events to api server."
2025-01-31 19:15:15,045 INFO c.h.h.t.OperatorHelmChartContainer - [K3S] [disruption.go:463] "Starting disruption controller"
2025-01-31 19:15:15,096 INFO c.h.h.t.OperatorHelmChartContainer - [K3S] [certificate_controller.go:120] "Starting certificate controller" name="csrsigning-kubelet-serving"
2025-01-31 19:15:15,096 INFO c.h.h.t.OperatorHelmChartContainer - [K3S] [dynamic_serving_content.go:135] "Starting controller" name="csr-controller::/var/lib/rancher/k3s/server/tls/server-ca.nochain.crt::/var/lib/rancher/k3s/server/tls/server-ca.key"
2025-01-31 19:15:15,096 INFO c.h.h.t.OperatorHelmChartContainer - [K3S] [certificate_controller.go:120] "Starting certificate controller" name="csrsigning-kubelet-client"
2025-01-31 19:15:15,097 INFO c.h.h.t.OperatorHelmChartContainer - [K3S] [dynamic_serving_content.go:135] "Starting controller" name="csr-controller::/var/lib/rancher/k3s/server/tls/client-ca.nochain.crt::/var/lib/rancher/k3s/server/tls/client-ca.key"
2025-01-31 19:15:15,097 INFO c.h.h.t.OperatorHelmChartContainer - [K3S] [certificate_controller.go:120] "Starting certificate controller" name="csrsigning-kube-apiserver-client"
2025-01-31 19:15:15,097 INFO c.h.h.t.OperatorHelmChartContainer - [K3S] [dynamic_serving_content.go:135] "Starting controller" name="csr-controller::/var/lib/rancher/k3s/server/tls/client-ca.nochain.crt::/var/lib/rancher/k3s/server/tls/client-ca.key"
2025-01-31 19:15:15,097 INFO c.h.h.t.OperatorHelmChartContainer - [K3S] [controllermanager.go:765] "Started controller" controller="certificatesigningrequest-signing-controller"
2025-01-31 19:15:15,097 INFO c.h.h.t.OperatorHelmChartContainer - [K3S] [controllermanager.go:717] "Controller is disabled by a feature gate" controller="kube-apiserver-serving-clustertrustbundle-publisher-controller" requiredFeatureGates=["ClusterTrustBundle"]
2025-01-31 19:15:15,097 INFO c.h.h.t.OperatorHelmChartContainer - [K3S] [certificate_controller.go:120] "Starting certificate controller" name="csrsigning-legacy-unknown"
2025-01-31 19:15:15,097 INFO c.h.h.t.OperatorHelmChartContainer - [K3S] [dynamic_serving_content.go:135] "Starting controller" name="csr-controller::/var/lib/rancher/k3s/server/tls/server-ca.nochain.crt::/var/lib/rancher/k3s/server/tls/server-ca.key"
2025-01-31 19:15:15,246 INFO c.h.h.t.OperatorHelmChartContainer - [K3S] [controllermanager.go:765] "Started controller" controller="taint-eviction-controller"
2025-01-31 19:15:15,246 INFO c.h.h.t.OperatorHelmChartContainer - [K3S] [controllermanager.go:717] "Controller is disabled by a feature gate" controller="service-cidr-controller" requiredFeatureGates=["MultiCIDRServiceAllocator"]
2025-01-31 19:15:15,246 INFO c.h.h.t.OperatorHelmChartContainer - [K3S] [taint_eviction.go:281] "Starting" controller="taint-eviction-controller"
2025-01-31 19:15:15,246 INFO c.h.h.t.OperatorHelmChartContainer - [K3S] [taint_eviction.go:287] "Sending events to api server"
2025-01-31 19:15:15,500 INFO c.h.h.t.OperatorHelmChartContainer - [K3S] [controllermanager.go:765] "Started controller" controller="namespace-controller"
2025-01-31 19:15:15,501 INFO c.h.h.t.OperatorHelmChartContainer - [K3S] [namespace_controller.go:202] "Starting namespace controller"
2025-01-31 19:15:15,794 INFO c.h.h.t.OperatorHelmChartContainer - [K3S] [controllermanager.go:765] "Started controller" controller="horizontal-pod-autoscaler-controller"
2025-01-31 19:15:15,795 INFO c.h.h.t.OperatorHelmChartContainer - [K3S] [controllermanager.go:723] "Skipping a cloud provider controller" controller="cloud-node-lifecycle-controller"
2025-01-31 19:15:15,795 INFO c.h.h.t.OperatorHelmChartContainer - [K3S] [horizontal.go:201] "Starting HPA controller"
2025-01-31 19:15:15,947 INFO c.h.h.t.OperatorHelmChartContainer - [K3S] [controllermanager.go:765] "Started controller" controller="persistentvolumeclaim-protection-controller"
2025-01-31 19:15:15,947 INFO c.h.h.t.OperatorHelmChartContainer - [K3S] [pvc_protection_controller.go:168] "Starting PVC protection controller"
2025-01-31 19:15:16,095 INFO c.h.h.t.OperatorHelmChartContainer - [K3S] [controllermanager.go:765] "Started controller" controller="ttl-controller"
2025-01-31 19:15:16,096 INFO c.h.h.t.OperatorHelmChartContainer - [K3S] [ttl_controller.go:127] "Starting TTL controller"
2025-01-31 19:15:16,145 INFO c.h.h.t.OperatorHelmChartContainer - [K3S] [node_lifecycle_controller.go:432] "Controller will reconcile labels"
2025-01-31 19:15:16,146 INFO c.h.h.t.OperatorHelmChartContainer - [K3S] [controllermanager.go:765] "Started controller" controller="node-lifecycle-controller"
2025-01-31 19:15:16,146 INFO c.h.h.t.OperatorHelmChartContainer - [K3S] [controllermanager.go:723] "Skipping a cloud provider controller" controller="node-route-controller"
2025-01-31 19:15:16,147 INFO c.h.h.t.OperatorHelmChartContainer - [K3S] [node_lifecycle_controller.go:466] "Sending events to api server"
2025-01-31 19:15:16,147 INFO c.h.h.t.OperatorHelmChartContainer - [K3S] [node_lifecycle_controller.go:477] "Starting node controller"
2025-01-31 19:15:16,296 INFO c.h.h.t.OperatorHelmChartContainer - [K3S] [controllermanager.go:765] "Started controller" controller="persistentvolume-attach-detach-controller"
2025-01-31 19:15:16,296 INFO c.h.h.t.OperatorHelmChartContainer - [K3S] [attach_detach_controller.go:338] "Starting attach detach controller"
2025-01-31 19:15:16,390 INFO c.h.h.t.OperatorHelmChartContainer - [K3S] [event.go:389] "Event occurred" object="kube-system/ccm" fieldPath="" kind="Addon" apiVersion="k3s.cattle.io/v1" type="Normal" reason="ApplyingManifest" message="Applying manifest at \"/var/lib/rancher/k3s/server/manifests/ccm.yaml\""
2025-01-31 19:15:16,443 INFO c.h.h.t.OperatorHelmChartContainer - [K3S] [event.go:389] "Event occurred" object="kube-system/ccm" fieldPath="" kind="Addon" apiVersion="k3s.cattle.io/v1" type="Normal" reason="AppliedManifest" message="Applied manifest at \"/var/lib/rancher/k3s/server/manifests/ccm.yaml\""
2025-01-31 19:15:16,456 INFO c.h.h.t.OperatorHelmChartContainer - [K3S] [controllermanager.go:765] "Started controller" controller="endpointslice-mirroring-controller"
2025-01-31 19:15:16,456 INFO c.h.h.t.OperatorHelmChartContainer - [K3S] [endpointslicemirroring_controller.go:227] "Starting EndpointSliceMirroring controller"
2025-01-31 19:15:16,458 INFO c.h.h.t.OperatorHelmChartContainer - [K3S] [event.go:389] "Event occurred" object="kube-system/coredns" fieldPath="" kind="Addon" apiVersion="k3s.cattle.io/v1" type="Normal" reason="ApplyingManifest" message="Applying manifest at \"/var/lib/rancher/k3s/server/manifests/coredns.yaml\""
2025-01-31 19:15:16,489 INFO c.h.h.t.OperatorHelmChartContainer - [K3S] [event.go:389] "Event occurred" object="b8ea6f035c0d" fieldPath="" kind="Node" apiVersion="" type="Normal" reason="NodePasswordValidationComplete" message="Deferred node password secret validation complete"
2025-01-31 19:15:16,552 INFO c.h.h.t.OperatorHelmChartContainer - [K3S] [alloc.go:330] "allocated clusterIPs" service="kube-system/kube-dns" clusterIPs={"IPv4":"10.43.0.10"}
2025-01-31 19:15:16,552 INFO c.h.h.t.OperatorHelmChartContainer - [K3S] [event.go:389] "Event occurred" object="kube-system/coredns" fieldPath="" kind="Addon" apiVersion="k3s.cattle.io/v1" type="Normal" reason="AppliedManifest" message="Applied manifest at \"/var/lib/rancher/k3s/server/manifests/coredns.yaml\""
2025-01-31 19:15:16,564 INFO c.h.h.t.OperatorHelmChartContainer - [K3S] [event.go:389] "Event occurred" object="kube-system/local-storage" fieldPath="" kind="Addon" apiVersion="k3s.cattle.io/v1" type="Normal" reason="ApplyingManifest" message="Applying manifest at \"/var/lib/rancher/k3s/server/manifests/local-storage.yaml\""
2025-01-31 19:15:16,654 INFO c.h.h.t.OperatorHelmChartContainer - [K3S] [event.go:389] "Event occurred" object="kube-system/local-storage" fieldPath="" kind="Addon" apiVersion="k3s.cattle.io/v1" type="Normal" reason="AppliedManifest" message="Applied manifest at \"/var/lib/rancher/k3s/server/manifests/local-storage.yaml\""
2025-01-31 19:15:16,660 INFO c.h.h.t.OperatorHelmChartContainer - [K3S] [event.go:389] "Event occurred" object="kube-system/aggregated-metrics-reader" fieldPath="" kind="Addon" apiVersion="k3s.cattle.io/v1" type="Normal" reason="ApplyingManifest" message="Applying manifest at \"/var/lib/rancher/k3s/server/manifests/metrics-server/aggregated-metrics-reader.yaml\""
2025-01-31 19:15:16,699 INFO c.h.h.t.OperatorHelmChartContainer - [K3S] [event.go:389] "Event occurred" object="kube-system/aggregated-metrics-reader" fieldPath="" kind="Addon" apiVersion="k3s.cattle.io/v1" type="Normal" reason="AppliedManifest" message="Applied manifest at \"/var/lib/rancher/k3s/server/manifests/metrics-server/aggregated-metrics-reader.yaml\""
2025-01-31 19:15:16,705 INFO c.h.h.t.OperatorHelmChartContainer - [K3S] [event.go:389] "Event occurred" object="kube-system/auth-delegator" fieldPath="" kind="Addon" apiVersion="k3s.cattle.io/v1" type="Normal" reason="ApplyingManifest" message="Applying manifest at \"/var/lib/rancher/k3s/server/manifests/metrics-server/auth-delegator.yaml\""
2025-01-31 19:15:16,732 INFO c.h.h.t.OperatorHelmChartContainer - [K3S] [event.go:389] "Event occurred" object="kube-system/auth-delegator" fieldPath="" kind="Addon" apiVersion="k3s.cattle.io/v1" type="Normal" reason="AppliedManifest" message="Applied manifest at \"/var/lib/rancher/k3s/server/manifests/metrics-server/auth-delegator.yaml\""
2025-01-31 19:15:16,740 INFO c.h.h.t.OperatorHelmChartContainer - [K3S] [event.go:389] "Event occurred" object="kube-system/auth-reader" fieldPath="" kind="Addon" apiVersion="k3s.cattle.io/v1" type="Normal" reason="ApplyingManifest" message="Applying manifest at \"/var/lib/rancher/k3s/server/manifests/metrics-server/auth-reader.yaml\""
2025-01-31 19:15:16,745 INFO c.h.h.t.OperatorHelmChartContainer - [K3S] [event.go:389] "Event occurred" object="kube-system/auth-reader" fieldPath="" kind="Addon" apiVersion="k3s.cattle.io/v1" type="Normal" reason="AppliedManifest" message="Applied manifest at \"/var/lib/rancher/k3s/server/manifests/metrics-server/auth-reader.yaml\""
2025-01-31 19:15:16,754 INFO c.h.h.t.OperatorHelmChartContainer - [K3S] [controllermanager.go:765] "Started controller" controller="resourcequota-controller"
2025-01-31 19:15:16,754 INFO c.h.h.t.OperatorHelmChartContainer - [K3S] [resource_quota_controller.go:300] "Starting resource quota controller"
2025-01-31 19:15:16,754 INFO c.h.h.t.OperatorHelmChartContainer - [K3S] [event.go:389] "Event occurred" object="kube-system/metrics-apiservice" fieldPath="" kind="Addon" apiVersion="k3s.cattle.io/v1" type="Normal" reason="ApplyingManifest" message="Applying manifest at \"/var/lib/rancher/k3s/server/manifests/metrics-server/metrics-apiservice.yaml\""
2025-01-31 19:15:16,764 INFO c.h.h.t.OperatorHelmChartContainer - [K3S] [event.go:389] "Event occurred" object="kube-system/metrics-apiservice" fieldPath="" kind="Addon" apiVersion="k3s.cattle.io/v1" type="Normal" reason="AppliedManifest" message="Applied manifest at \"/var/lib/rancher/k3s/server/manifests/metrics-server/metrics-apiservice.yaml\""
2025-01-31 19:15:16,769 INFO c.h.h.t.OperatorHelmChartContainer - [K3S] [handler_proxy.go:99] no RequestInfo found in the context
2025-01-31 19:15:16,770 INFO c.h.h.t.OperatorHelmChartContainer - [K3S] [controller.go:146] "Unhandled Error" err=<
2025-01-31 19:15:16,770 INFO c.h.h.t.OperatorHelmChartContainer - [K3S] 	, Header: map[Content-Type:[text/plain; charset=utf-8] X-Content-Type-Options:[nosniff]]
2025-01-31 19:15:16,770 INFO c.h.h.t.OperatorHelmChartContainer - [K3S]  >
2025-01-31 19:15:16,770 INFO c.h.h.t.OperatorHelmChartContainer - [K3S] [handler_proxy.go:143] error resolving kube-system/metrics-server: service "metrics-server" not found
2025-01-31 19:15:16,771 INFO c.h.h.t.OperatorHelmChartContainer - [K3S] [event.go:389] "Event occurred" object="kube-system/metrics-server-deployment" fieldPath="" kind="Addon" apiVersion="k3s.cattle.io/v1" type="Normal" reason="ApplyingManifest" message="Applying manifest at \"/var/lib/rancher/k3s/server/manifests/metrics-server/metrics-server-deployment.yaml\""
2025-01-31 19:15:16,781 INFO c.h.h.t.OperatorHelmChartContainer - [K3S] [event.go:389] "Event occurred" object="kube-system/metrics-server-deployment" fieldPath="" kind="Addon" apiVersion="k3s.cattle.io/v1" type="Normal" reason="AppliedManifest" message="Applied manifest at \"/var/lib/rancher/k3s/server/manifests/metrics-server/metrics-server-deployment.yaml\""
2025-01-31 19:15:16,789 INFO c.h.h.t.OperatorHelmChartContainer - [K3S] [event.go:389] "Event occurred" object="kube-system/metrics-server-service" fieldPath="" kind="Addon" apiVersion="k3s.cattle.io/v1" type="Normal" reason="ApplyingManifest" message="Applying manifest at \"/var/lib/rancher/k3s/server/manifests/metrics-server/metrics-server-service.yaml\""
2025-01-31 19:15:16,799 INFO c.h.h.t.OperatorHelmChartContainer - [K3S] [alloc.go:330] "allocated clusterIPs" service="kube-system/metrics-server" clusterIPs={"IPv4":"10.43.43.212"}
2025-01-31 19:15:16,799 INFO c.h.h.t.OperatorHelmChartContainer - [K3S] [event.go:389] "Event occurred" object="kube-system/metrics-server-service" fieldPath="" kind="Addon" apiVersion="k3s.cattle.io/v1" type="Normal" reason="AppliedManifest" message="Applied manifest at \"/var/lib/rancher/k3s/server/manifests/metrics-server/metrics-server-service.yaml\""
2025-01-31 19:15:16,802 INFO c.h.h.t.OperatorHelmChartContainer - [K3S] [handler_proxy.go:99] no RequestInfo found in the context
2025-01-31 19:15:16,803 INFO c.h.h.t.OperatorHelmChartContainer - [K3S] [controller.go:146] "Unhandled Error" err=<
2025-01-31 19:15:16,803 INFO c.h.h.t.OperatorHelmChartContainer - [K3S] 	, Header: map[Content-Type:[text/plain; charset=utf-8] X-Content-Type-Options:[nosniff]]
2025-01-31 19:15:16,804 INFO c.h.h.t.OperatorHelmChartContainer - [K3S]  >
2025-01-31 19:15:16,804 INFO c.h.h.t.OperatorHelmChartContainer - [K3S] [handler_proxy.go:143] error resolving kube-system/metrics-server: endpoints "metrics-server" not found
2025-01-31 19:15:16,809 INFO c.h.h.t.OperatorHelmChartContainer - [K3S] [event.go:389] "Event occurred" object="kube-system/resource-reader" fieldPath="" kind="Addon" apiVersion="k3s.cattle.io/v1" type="Normal" reason="ApplyingManifest" message="Applying manifest at \"/var/lib/rancher/k3s/server/manifests/metrics-server/resource-reader.yaml\""
2025-01-31 19:15:16,831 INFO c.h.h.t.OperatorHelmChartContainer - [K3S] [event.go:389] "Event occurred" object="kube-system/resource-reader" fieldPath="" kind="Addon" apiVersion="k3s.cattle.io/v1" type="Normal" reason="AppliedManifest" message="Applied manifest at \"/var/lib/rancher/k3s/server/manifests/metrics-server/resource-reader.yaml\""
2025-01-31 19:15:16,838 INFO c.h.h.t.OperatorHelmChartContainer - [K3S] [event.go:389] "Event occurred" object="kube-system/rolebindings" fieldPath="" kind="Addon" apiVersion="k3s.cattle.io/v1" type="Normal" reason="ApplyingManifest" message="Applying manifest at \"/var/lib/rancher/k3s/server/manifests/rolebindings.yaml\""
2025-01-31 19:15:16,897 INFO c.h.h.t.OperatorHelmChartContainer - [K3S] [controllermanager.go:765] "Started controller" controller="deployment-controller"
2025-01-31 19:15:16,897 INFO c.h.h.t.OperatorHelmChartContainer - [K3S] [deployment_controller.go:173] "Starting controller" controller="deployment"
2025-01-31 19:15:16,946 INFO c.h.h.t.OperatorHelmChartContainer - [K3S] [event.go:389] "Event occurred" object="kube-system/rolebindings" fieldPath="" kind="Addon" apiVersion="k3s.cattle.io/v1" type="Normal" reason="AppliedManifest" message="Applied manifest at \"/var/lib/rancher/k3s/server/manifests/rolebindings.yaml\""
2025-01-31 19:15:16,953 INFO c.h.h.t.OperatorHelmChartContainer - [K3S] [event.go:389] "Event occurred" object="kube-system/runtimes" fieldPath="" kind="Addon" apiVersion="k3s.cattle.io/v1" type="Normal" reason="ApplyingManifest" message="Applying manifest at \"/var/lib/rancher/k3s/server/manifests/runtimes.yaml\""
2025-01-31 19:15:16,986 INFO c.h.h.t.OperatorHelmChartContainer - [K3S] [event.go:389] "Event occurred" object="kube-system/runtimes" fieldPath="" kind="Addon" apiVersion="k3s.cattle.io/v1" type="Normal" reason="AppliedManifest" message="Applied manifest at \"/var/lib/rancher/k3s/server/manifests/runtimes.yaml\""
2025-01-31 19:15:17,030 INFO c.h.h.t.OperatorHelmChartContainer - [K3S] [serving.go:392] Generated self-signed cert in-memory
2025-01-31 19:15:17,046 INFO c.h.h.t.OperatorHelmChartContainer - [K3S] [controllermanager.go:765] "Started controller" controller="ttl-after-finished-controller"
2025-01-31 19:15:17,047 INFO c.h.h.t.OperatorHelmChartContainer - [K3S] [controllermanager.go:717] "Controller is disabled by a feature gate" controller="storageversion-garbage-collector-controller" requiredFeatureGates=["APIServerIdentity","StorageVersionAPI"]
2025-01-31 19:15:17,047 INFO c.h.h.t.OperatorHelmChartContainer - [K3S] [ttlafterfinished_controller.go:112] "Starting TTL after finished controller"
2025-01-31 19:15:17,204 INFO c.h.h.t.OperatorHelmChartContainer - [K3S] [controllermanager.go:765] "Started controller" controller="legacy-serviceaccount-token-cleaner-controller"
2025-01-31 19:15:17,204 INFO c.h.h.t.OperatorHelmChartContainer - [K3S] [legacy_serviceaccount_token_cleaner.go:103] "Starting legacy service account token cleaner controller"
2025-01-31 19:15:17,334 INFO c.h.h.t.OperatorHelmChartContainer - [K3S] [serving.go:392] Generated self-signed cert in-memory
2025-01-31 19:15:17,346 INFO c.h.h.t.OperatorHelmChartContainer - [K3S] [controllermanager.go:765] "Started controller" controller="persistentvolume-expander-controller"
2025-01-31 19:15:17,347 INFO c.h.h.t.OperatorHelmChartContainer - [K3S] [expand_controller.go:329] "Starting expand controller"
2025-01-31 19:15:17,548 INFO c.h.h.t.OperatorHelmChartContainer - [K3S] [controllermanager.go:765] "Started controller" controller="validatingadmissionpolicy-status-controller"
2025-01-31 19:15:17,763 INFO c.h.h.t.OperatorHelmChartContainer - [K3S] [handler_proxy.go:99] no RequestInfo found in the context
2025-01-31 19:15:17,763 INFO c.h.h.t.OperatorHelmChartContainer - [K3S] [handler_proxy.go:99] no RequestInfo found in the context
2025-01-31 19:15:17,763 INFO c.h.h.t.OperatorHelmChartContainer - [K3S] [controller.go:102] "Unhandled Error" err=<
2025-01-31 19:15:17,763 INFO c.h.h.t.OperatorHelmChartContainer - [K3S] 	, Header: map[Content-Type:[text/plain; charset=utf-8] X-Content-Type-Options:[nosniff]]
2025-01-31 19:15:17,763 INFO c.h.h.t.OperatorHelmChartContainer - [K3S]  >
2025-01-31 19:15:17,795 INFO c.h.h.t.OperatorHelmChartContainer - [K3S] [controllermanager.go:765] "Started controller" controller="garbage-collector-controller"
2025-01-31 19:15:17,796 INFO c.h.h.t.OperatorHelmChartContainer - [K3S] [graph_builder.go:351] "Running" component="GraphBuilder"
2025-01-31 19:15:17,876 INFO c.h.h.t.OperatorHelmChartContainer - [K3S] [controllermanager.go:160] Version: v1.32.1+k3s1
2025-01-31 19:15:17,879 INFO c.h.h.t.OperatorHelmChartContainer - [K3S] [requestheader_controller.go:180] Starting RequestHeaderAuthRequestController
2025-01-31 19:15:17,879 INFO c.h.h.t.OperatorHelmChartContainer - [K3S] [configmap_cafile_content.go:205] "Starting controller" name="client-ca::kube-system::extension-apiserver-authentication::requestheader-client-ca-file"
2025-01-31 19:15:17,879 INFO c.h.h.t.OperatorHelmChartContainer - [K3S] [configmap_cafile_content.go:205] "Starting controller" name="client-ca::kube-system::extension-apiserver-authentication::client-ca-file"
2025-01-31 19:15:17,879 INFO c.h.h.t.OperatorHelmChartContainer - [K3S] [secure_serving.go:213] Serving securely on 127.0.0.1:10258
2025-01-31 19:15:17,879 INFO c.h.h.t.OperatorHelmChartContainer - [K3S] [tlsconfig.go:243] "Starting DynamicServingCertificateController"
2025-01-31 19:15:17,884 INFO c.h.h.t.OperatorHelmChartContainer - [K3S] [INFO] Creating service-lb-controller event broadcaster
2025-01-31 19:15:17,935 INFO c.h.h.t.OperatorHelmChartContainer - [K3S] [INFO] Tunnel authorizer set Kubelet Port 0.0.0.0:10250
2025-01-31 19:15:18,006 INFO c.h.h.t.OperatorHelmChartContainer - [K3S] [INFO] Starting /v1, Kind=Node controller
2025-01-31 19:15:18,017 INFO c.h.h.t.OperatorHelmChartContainer - [K3S] [INFO] Starting /v1, Kind=Pod controller
2025-01-31 19:15:18,022 INFO c.h.h.t.OperatorHelmChartContainer - [K3S] [INFO] Starting apps/v1, Kind=DaemonSet controller
2025-01-31 19:15:18,027 INFO c.h.h.t.OperatorHelmChartContainer - [K3S] [controllermanager.go:329] Started "service-lb-controller"
2025-01-31 19:15:18,027 INFO c.h.h.t.OperatorHelmChartContainer - [K3S] [controllermanager.go:306] "node-route-controller" is disabled
2025-01-31 19:15:18,028 INFO c.h.h.t.OperatorHelmChartContainer - [K3S] [controllermanager.go:329] Started "cloud-node-controller"
2025-01-31 19:15:18,028 INFO c.h.h.t.OperatorHelmChartContainer - [K3S] [controllermanager.go:329] Started "cloud-node-lifecycle-controller"
2025-01-31 19:15:18,030 INFO c.h.h.t.OperatorHelmChartContainer - [K3S] [INFO] Starting discovery.k8s.io/v1, Kind=EndpointSlice controller
2025-01-31 19:15:18,030 INFO c.h.h.t.OperatorHelmChartContainer - [K3S] [node_controller.go:176] Sending events to api server.
2025-01-31 19:15:18,030 INFO c.h.h.t.OperatorHelmChartContainer - [K3S] [node_lifecycle_controller.go:112] Sending events to api server
2025-01-31 19:15:18,030 INFO c.h.h.t.OperatorHelmChartContainer - [K3S] [controller.go:234] Starting service controller
2025-01-31 19:15:18,030 INFO c.h.h.t.OperatorHelmChartContainer - [K3S] [node_controller.go:185] Waiting for informer caches to sync
2025-01-31 19:15:18,053 INFO c.h.h.t.OperatorHelmChartContainer - [K3S] [controllermanager.go:765] "Started controller" controller="token-cleaner-controller"
2025-01-31 19:15:18,055 INFO c.h.h.t.OperatorHelmChartContainer - [K3S] [tokencleaner.go:117] "Starting token cleaner controller"
2025-01-31 19:15:18,130 INFO c.h.h.t.OperatorHelmChartContainer - [K3S] [node_controller.go:429] Initializing node b8ea6f035c0d with cloud provider
2025-01-31 19:15:18,134 INFO c.h.h.t.OperatorHelmChartContainer - [K3S] [node_controller.go:474] Successfully initialized node b8ea6f035c0d with cloud provider
2025-01-31 19:15:18,134 INFO c.h.h.t.OperatorHelmChartContainer - [K3S] [event.go:389] "Event occurred" object="b8ea6f035c0d" fieldPath="" kind="Node" apiVersion="v1" type="Normal" reason="Synced" message="Node synced successfully"
2025-01-31 19:15:18,141 INFO c.h.h.t.OperatorHelmChartContainer - [K3S] [INFO] Updated coredns NodeHosts entry for b8ea6f035c0d
2025-01-31 19:15:18,198 INFO c.h.h.t.OperatorHelmChartContainer - [K3S] [range_allocator.go:112] "No Secondary Service CIDR provided. Skipping filtering out secondary service addresses"
2025-01-31 19:15:18,199 INFO c.h.h.t.OperatorHelmChartContainer - [K3S] [controllermanager.go:765] "Started controller" controller="node-ipam-controller"
2025-01-31 19:15:18,199 INFO c.h.h.t.OperatorHelmChartContainer - [K3S] [node_ipam_controller.go:141] "Starting ipam controller"
2025-01-31 19:15:18,345 INFO c.h.h.t.OperatorHelmChartContainer - [K3S] [controllermanager.go:765] "Started controller" controller="persistentvolume-binder-controller"
2025-01-31 19:15:18,346 INFO c.h.h.t.OperatorHelmChartContainer - [K3S] [pv_controller_base.go:308] "Starting persistent volume controller"
2025-01-31 19:15:18,387 INFO c.h.h.t.OperatorHelmChartContainer - [K3S] [actual_state_of_world.go:541] "Failed to update statusUpdateNeeded field in actual state of world" err="Failed to set statusUpdateNeeded to needed true, because nodeName=\"b8ea6f035c0d\" does not exist"
2025-01-31 19:15:18,399 INFO c.h.h.t.OperatorHelmChartContainer - [K3S] [range_allocator.go:177] "Sending events to api server"
2025-01-31 19:15:18,399 INFO c.h.h.t.OperatorHelmChartContainer - [K3S] [range_allocator.go:183] "Starting range CIDR allocator"
2025-01-31 19:15:18,408 INFO c.h.h.t.OperatorHelmChartContainer - [K3S] [range_allocator.go:428] "Set node PodCIDR" node="b8ea6f035c0d" podCIDRs=["10.42.0.0/24"]
2025-01-31 19:15:18,408 INFO c.h.h.t.OperatorHelmChartContainer - [K3S] [range_allocator.go:247] "Successfully synced" key="b8ea6f035c0d"
2025-01-31 19:15:18,408 INFO c.h.h.t.OperatorHelmChartContainer - [K3S] [range_allocator.go:247] "Successfully synced" key="b8ea6f035c0d"
2025-01-31 19:15:18,408 INFO c.h.h.t.OperatorHelmChartContainer - [K3S] [INFO] Flannel found PodCIDR assigned for node b8ea6f035c0d
2025-01-31 19:15:18,408 INFO c.h.h.t.OperatorHelmChartContainer - [K3S] [INFO] The interface eth0 with ipv4 address 172.17.0.3 will be used by flannel
2025-01-31 19:15:18,408 INFO c.h.h.t.OperatorHelmChartContainer - [K3S] [kube.go:139] Waiting 10m0s for node controller to sync
2025-01-31 19:15:18,409 INFO c.h.h.t.OperatorHelmChartContainer - [K3S] [kube.go:469] Starting kube subnet manager
2025-01-31 19:15:18,447 INFO c.h.h.t.OperatorHelmChartContainer - [K3S] [node_lifecycle_controller.go:1234] "Initializing eviction metric for zone" zone=""
2025-01-31 19:15:18,447 INFO c.h.h.t.OperatorHelmChartContainer - [K3S] [node_lifecycle_controller.go:886] "Missing timestamp for Node. Assuming now as a timestamp" node="b8ea6f035c0d"
2025-01-31 19:15:18,447 INFO c.h.h.t.OperatorHelmChartContainer - [K3S] [node_lifecycle_controller.go:1080] "Controller detected that zone is now in new state" zone="" newState="Normal"
2025-01-31 19:15:18,455 INFO c.h.h.t.OperatorHelmChartContainer - [K3S] [range_allocator.go:247] "Successfully synced" key="b8ea6f035c0d"
2025-01-31 19:15:18,503 INFO c.h.h.t.OperatorHelmChartContainer - [K3S] [range_allocator.go:247] "Successfully synced" key="b8ea6f035c0d"
2025-01-31 19:15:18,521 INFO c.h.h.t.OperatorHelmChartContainer - [K3S] [INFO] Starting network policy controller version v2.2.1, built on 2025-01-28T18:27:08Z, go1.23.4
2025-01-31 19:15:18,521 INFO c.h.h.t.OperatorHelmChartContainer - [K3S] [network_policy_controller.go:164] Starting network policy controller
2025-01-31 19:15:18,549 INFO c.h.h.t.OperatorHelmChartContainer - [K3S] [network_policy_controller.go:176] Starting network policy controller full sync goroutine
2025-01-31 19:15:18,627 INFO c.h.h.t.OperatorHelmChartContainer - [K3S] [serving.go:392] Generated self-signed cert in-memory
2025-01-31 19:15:18,859 INFO c.h.h.t.OperatorHelmChartContainer - [K3S] [server.go:164] "Starting Kubernetes Scheduler" version="v1.32.1+k3s1"
2025-01-31 19:15:18,859 INFO c.h.h.t.OperatorHelmChartContainer - [K3S] [server.go:166] "Golang settings" GOGC="" GOMAXPROCS="" GOTRACEBACK=""
2025-01-31 19:15:18,862 INFO c.h.h.t.OperatorHelmChartContainer - [K3S] [requestheader_controller.go:180] Starting RequestHeaderAuthRequestController
2025-01-31 19:15:18,863 INFO c.h.h.t.OperatorHelmChartContainer - [K3S] [configmap_cafile_content.go:205] "Starting controller" name="client-ca::kube-system::extension-apiserver-authentication::requestheader-client-ca-file"
2025-01-31 19:15:18,863 INFO c.h.h.t.OperatorHelmChartContainer - [K3S] [configmap_cafile_content.go:205] "Starting controller" name="client-ca::kube-system::extension-apiserver-authentication::client-ca-file"
2025-01-31 19:15:18,863 INFO c.h.h.t.OperatorHelmChartContainer - [K3S] [secure_serving.go:213] Serving securely on 127.0.0.1:10259
2025-01-31 19:15:18,863 INFO c.h.h.t.OperatorHelmChartContainer - [K3S] [tlsconfig.go:243] "Starting DynamicServingCertificateController"
2025-01-31 19:15:18,935 INFO c.h.h.t.OperatorHelmChartContainer - [K3S] [INFO] Started tunnel to 172.17.0.3:6443
2025-01-31 19:15:18,935 INFO c.h.h.t.OperatorHelmChartContainer - [K3S] [INFO] Stopped tunnel to 127.0.0.1:6443
2025-01-31 19:15:18,935 INFO c.h.h.t.OperatorHelmChartContainer - [K3S] [INFO] Connecting to proxy" url="wss://172.17.0.3:6443/v1-k3s/connect
2025-01-31 19:15:18,935 INFO c.h.h.t.OperatorHelmChartContainer - [K3S] [INFO] Proxy done" err="context canceled" url="wss://127.0.0.1:6443/v1-k3s/connect
2025-01-31 19:15:18,935 INFO c.h.h.t.OperatorHelmChartContainer - [K3S] [INFO] error in remotedialer server [400]: websocket: close 1006 (abnormal closure): unexpected EOF
2025-01-31 19:15:18,937 INFO c.h.h.t.OperatorHelmChartContainer - [K3S] [INFO] Handling backend connection request [b8ea6f035c0d]
2025-01-31 19:15:18,937 INFO c.h.h.t.OperatorHelmChartContainer - [K3S] [INFO] Remotedialer connected to proxy" url="wss://172.17.0.3:6443/v1-k3s/connect
2025-01-31 19:15:19,052 INFO c.h.h.t.OperatorHelmChartContainer - [K3S] [handler_proxy.go:99] no RequestInfo found in the context
2025-01-31 19:15:19,053 INFO c.h.h.t.OperatorHelmChartContainer - [K3S] [controller.go:146] "Unhandled Error" err=<
2025-01-31 19:15:19,053 INFO c.h.h.t.OperatorHelmChartContainer - [K3S] 	, Header: map[Content-Type:[text/plain; charset=utf-8] X-Content-Type-Options:[nosniff]]
2025-01-31 19:15:19,053 INFO c.h.h.t.OperatorHelmChartContainer - [K3S]  >
2025-01-31 19:15:19,053 INFO c.h.h.t.OperatorHelmChartContainer - [K3S] [handler_proxy.go:143] error resolving kube-system/metrics-server: no endpoints available for service "metrics-server"
2025-01-31 19:15:19,266 INFO c.h.h.t.OperatorHelmChartContainer - [K3S] [replica_set.go:679] "Finished syncing" kind="ReplicaSet" key="kube-system/metrics-server-8584b5786c" duration="164.343133ms"
2025-01-31 19:15:19,266 INFO c.h.h.t.OperatorHelmChartContainer - [K3S] [replica_set.go:679] "Finished syncing" kind="ReplicaSet" key="kube-system/coredns-ff8999cc5" duration="157.069312ms"
2025-01-31 19:15:19,277 INFO c.h.h.t.OperatorHelmChartContainer - [K3S] [replica_set.go:679] "Finished syncing" kind="ReplicaSet" key="kube-system/local-path-provisioner-698b58967b" duration="172.557622ms"
2025-01-31 19:15:19,283 INFO c.h.h.t.OperatorHelmChartContainer - [K3S] [replica_set.go:679] "Finished syncing" kind="ReplicaSet" key="kube-system/coredns-ff8999cc5" duration="16.592156ms"
2025-01-31 19:15:19,283 INFO c.h.h.t.OperatorHelmChartContainer - [K3S] [replica_set.go:679] "Finished syncing" kind="ReplicaSet" key="kube-system/coredns-ff8999cc5" duration="49.532µs"
2025-01-31 19:15:19,291 INFO c.h.h.t.OperatorHelmChartContainer - [K3S] [replica_set.go:679] "Finished syncing" kind="ReplicaSet" key="kube-system/local-path-provisioner-698b58967b" duration="14.180344ms"
2025-01-31 19:15:19,292 INFO c.h.h.t.OperatorHelmChartContainer - [K3S] [replica_set.go:679] "Finished syncing" kind="ReplicaSet" key="kube-system/local-path-provisioner-698b58967b" duration="41.378µs"
2025-01-31 19:15:19,292 INFO c.h.h.t.OperatorHelmChartContainer - [K3S] [replica_set.go:679] "Finished syncing" kind="ReplicaSet" key="kube-system/metrics-server-8584b5786c" duration="23.258953ms"
2025-01-31 19:15:19,303 INFO c.h.h.t.OperatorHelmChartContainer - [K3S] [replica_set.go:679] "Finished syncing" kind="ReplicaSet" key="kube-system/coredns-ff8999cc5" duration="29.325µs"
2025-01-31 19:15:19,309 INFO c.h.h.t.OperatorHelmChartContainer - [K3S] [replica_set.go:679] "Finished syncing" kind="ReplicaSet" key="kube-system/metrics-server-8584b5786c" duration="19.744056ms"
2025-01-31 19:15:19,309 INFO c.h.h.t.OperatorHelmChartContainer - [K3S] [replica_set.go:679] "Finished syncing" kind="ReplicaSet" key="kube-system/metrics-server-8584b5786c" duration="140.394µs"
2025-01-31 19:15:19,312 INFO c.h.h.t.OperatorHelmChartContainer - [K3S] [reconciler_common.go:251] "operationExecutor.VerifyControllerAttachedVolume started for volume \"tmp-dir\" (UniqueName: \"kubernetes.io/empty-dir/3e9a5d84-a4f8-4a3f-b581-78991879babc-tmp-dir\") pod \"metrics-server-8584b5786c-zz22w\" (UID: \"3e9a5d84-a4f8-4a3f-b581-78991879babc\") " pod="kube-system/metrics-server-8584b5786c-zz22w"
2025-01-31 19:15:19,312 INFO c.h.h.t.OperatorHelmChartContainer - [K3S] [reconciler_common.go:251] "operationExecutor.VerifyControllerAttachedVolume started for volume \"kube-api-access-jvbm5\" (UniqueName: \"kubernetes.io/projected/3e9a5d84-a4f8-4a3f-b581-78991879babc-kube-api-access-jvbm5\") pod \"metrics-server-8584b5786c-zz22w\" (UID: \"3e9a5d84-a4f8-4a3f-b581-78991879babc\") " pod="kube-system/metrics-server-8584b5786c-zz22w"
2025-01-31 19:15:19,312 INFO c.h.h.t.OperatorHelmChartContainer - [K3S] [reconciler_common.go:251] "operationExecutor.VerifyControllerAttachedVolume started for volume \"config-volume\" (UniqueName: \"kubernetes.io/configmap/24c2e086-3c18-4294-b471-ddc1fd2be299-config-volume\") pod \"local-path-provisioner-698b58967b-8qbj9\" (UID: \"24c2e086-3c18-4294-b471-ddc1fd2be299\") " pod="kube-system/local-path-provisioner-698b58967b-8qbj9"
2025-01-31 19:15:19,312 INFO c.h.h.t.OperatorHelmChartContainer - [K3S] [reconciler_common.go:251] "operationExecutor.VerifyControllerAttachedVolume started for volume \"kube-api-access-sq4w7\" (UniqueName: \"kubernetes.io/projected/24c2e086-3c18-4294-b471-ddc1fd2be299-kube-api-access-sq4w7\") pod \"local-path-provisioner-698b58967b-8qbj9\" (UID: \"24c2e086-3c18-4294-b471-ddc1fd2be299\") " pod="kube-system/local-path-provisioner-698b58967b-8qbj9"
2025-01-31 19:15:19,313 INFO c.h.h.t.OperatorHelmChartContainer - [K3S] [reconciler_common.go:251] "operationExecutor.VerifyControllerAttachedVolume started for volume \"config-volume\" (UniqueName: \"kubernetes.io/configmap/ba2e9987-ff5b-4b0f-aa76-9f296cc9d6c9-config-volume\") pod \"coredns-ff8999cc5-vpt8v\" (UID: \"ba2e9987-ff5b-4b0f-aa76-9f296cc9d6c9\") " pod="kube-system/coredns-ff8999cc5-vpt8v"
2025-01-31 19:15:19,313 INFO c.h.h.t.OperatorHelmChartContainer - [K3S] [reconciler_common.go:251] "operationExecutor.VerifyControllerAttachedVolume started for volume \"custom-config-volume\" (UniqueName: \"kubernetes.io/configmap/ba2e9987-ff5b-4b0f-aa76-9f296cc9d6c9-custom-config-volume\") pod \"coredns-ff8999cc5-vpt8v\" (UID: \"ba2e9987-ff5b-4b0f-aa76-9f296cc9d6c9\") " pod="kube-system/coredns-ff8999cc5-vpt8v"
2025-01-31 19:15:19,313 INFO c.h.h.t.OperatorHelmChartContainer - [K3S] [reconciler_common.go:251] "operationExecutor.VerifyControllerAttachedVolume started for volume \"kube-api-access-jrf6x\" (UniqueName: \"kubernetes.io/projected/ba2e9987-ff5b-4b0f-aa76-9f296cc9d6c9-kube-api-access-jrf6x\") pod \"coredns-ff8999cc5-vpt8v\" (UID: \"ba2e9987-ff5b-4b0f-aa76-9f296cc9d6c9\") " pod="kube-system/coredns-ff8999cc5-vpt8v"
2025-01-31 19:15:19,317 INFO c.h.h.t.OperatorHelmChartContainer - [K3S] [replica_set.go:679] "Finished syncing" kind="ReplicaSet" key="kube-system/metrics-server-8584b5786c" duration="33.663µs"
2025-01-31 19:15:19,324 INFO c.h.h.t.OperatorHelmChartContainer - [K3S] [replica_set.go:679] "Finished syncing" kind="ReplicaSet" key="kube-system/local-path-provisioner-698b58967b" duration="28.834µs"
2025-01-31 19:15:19,408 INFO c.h.h.t.OperatorHelmChartContainer - [K3S] [kube.go:146] Node controller sync successful
2025-01-31 19:15:19,412 INFO c.h.h.t.OperatorHelmChartContainer - [K3S] [vxlan.go:141] VXLAN config: VNI=1 Port=0 GBP=false Learning=false DirectRouting=false
2025-01-31 19:15:19,412 INFO c.h.h.t.OperatorHelmChartContainer - [K3S] [kube.go:636] List of node(b8ea6f035c0d) annotations: map[string]string{"alpha.kubernetes.io/provided-node-ip":"172.17.0.3", "k3s.io/hostname":"b8ea6f035c0d", "k3s.io/internal-ip":"172.17.0.3", "k3s.io/node-args":"[\"server\",\"--disable\",\"traefik\",\"--tls-san\",\"localhost\"]", "k3s.io/node-config-hash":"JO7YSLDHXFTIIPZLLVI7GVGPULZK5EY6PYXUBKR6RNNG4QMX5FBQ====", "k3s.io/node-env":"{}", "node.alpha.kubernetes.io/ttl":"0", "volumes.kubernetes.io/controller-managed-attach-detach":"true"}
2025-01-31 19:15:19,428 INFO c.h.h.t.OperatorHelmChartContainer - [K3S] [kube.go:490] Creating the node lease for IPv4. This is the n.Spec.PodCIDRs: [10.42.0.0/24]
2025-01-31 19:15:19,428 INFO c.h.h.t.OperatorHelmChartContainer - [K3S] [iptables.go:51] Starting flannel in iptables mode...
2025-01-31 19:15:19,428 INFO c.h.h.t.OperatorHelmChartContainer - [K3S] [WARNING] no subnet found for key: FLANNEL_NETWORK in file: /run/flannel/subnet.env
2025-01-31 19:15:19,428 INFO c.h.h.t.OperatorHelmChartContainer - [K3S] [WARNING] no subnet found for key: FLANNEL_SUBNET in file: /run/flannel/subnet.env
2025-01-31 19:15:19,428 INFO c.h.h.t.OperatorHelmChartContainer - [K3S] [WARNING] no subnet found for key: FLANNEL_IPV6_NETWORK in file: /run/flannel/subnet.env
2025-01-31 19:15:19,428 INFO c.h.h.t.OperatorHelmChartContainer - [K3S] [WARNING] no subnet found for key: FLANNEL_IPV6_SUBNET in file: /run/flannel/subnet.env
2025-01-31 19:15:19,428 INFO c.h.h.t.OperatorHelmChartContainer - [K3S] [iptables.go:115] Current network or subnet (10.42.0.0/16, 10.42.0.0/24) is not equal to previous one (0.0.0.0/0, 0.0.0.0/0), trying to recycle old iptables rules
2025-01-31 19:15:19,428 INFO c.h.h.t.OperatorHelmChartContainer - [K3S] [range_allocator.go:247] "Successfully synced" key="b8ea6f035c0d"
2025-01-31 19:15:19,438 INFO c.h.h.t.OperatorHelmChartContainer - [K3S] [iptables.go:125] Setting up masking rules
2025-01-31 19:15:19,442 INFO c.h.h.t.OperatorHelmChartContainer - [K3S] [iptables.go:226] Changing default FORWARD chain policy to ACCEPT
2025-01-31 19:15:19,444 INFO c.h.h.t.OperatorHelmChartContainer - [K3S] [INFO] Wrote flannel subnet file to /run/flannel/subnet.env
2025-01-31 19:15:19,444 INFO c.h.h.t.OperatorHelmChartContainer - [K3S] [INFO] Running flannel backend.
2025-01-31 19:15:19,444 INFO c.h.h.t.OperatorHelmChartContainer - [K3S] [vxlan_network.go:65] watching for new subnet leases
2025-01-31 19:15:19,459 INFO c.h.h.t.OperatorHelmChartContainer - [K3S] [iptables.go:372] bootstrap done
2025-01-31 19:15:19,465 INFO c.h.h.t.OperatorHelmChartContainer - [K3S] [iptables.go:372] bootstrap done
2025-01-31 19:15:20,054 INFO c.h.h.t.OperatorHelmChartContainer - [K3S] [handler_proxy.go:99] no RequestInfo found in the context
2025-01-31 19:15:20,054 INFO c.h.h.t.OperatorHelmChartContainer - [K3S] [handler_proxy.go:99] no RequestInfo found in the context
2025-01-31 19:15:20,054 INFO c.h.h.t.OperatorHelmChartContainer - [K3S] [controller.go:102] "Unhandled Error" err=<
2025-01-31 19:15:20,054 INFO c.h.h.t.OperatorHelmChartContainer - [K3S] 	, Header: map[Content-Type:[text/plain; charset=utf-8] X-Content-Type-Options:[nosniff]]
2025-01-31 19:15:20,054 INFO c.h.h.t.OperatorHelmChartContainer - [K3S]  >
2025-01-31 19:15:23,470 INFO c.h.h.t.OperatorHelmChartContainer - [K3S] [kuberuntime_manager.go:1702] "Updating runtime config through cri with podcidr" CIDR="10.42.0.0/24"
2025-01-31 19:15:23,470 INFO c.h.h.t.OperatorHelmChartContainer - [K3S] [kubelet_network.go:61] "Updating Pod CIDR" originalPodCIDR="" newPodCIDR="10.42.0.0/24"
2025-01-31 19:15:23,484 INFO c.h.h.t.OperatorHelmChartContainer - [K3S] [range_allocator.go:247] "Successfully synced" key="b8ea6f035c0d"
2025-01-31 19:15:25,040 INFO c.h.h.t.OperatorHelmChartContainer - [K3S] [replica_set.go:679] "Finished syncing" kind="ReplicaSet" key="kube-system/coredns-ff8999cc5" duration="38.863µs"
2025-01-31 19:15:25,065 INFO c.h.h.t.OperatorHelmChartContainer - [K3S] [replica_set.go:679] "Finished syncing" kind="ReplicaSet" key="kube-system/coredns-ff8999cc5" duration="11.005642ms"
2025-01-31 19:15:25,068 INFO c.h.h.t.OperatorHelmChartContainer - [K3S] [replica_set.go:679] "Finished syncing" kind="ReplicaSet" key="kube-system/coredns-ff8999cc5" duration="28.904µs"
2025-01-31 19:15:25,076 INFO c.h.h.t.OperatorHelmChartContainer - [K3S] [replica_set.go:679] "Finished syncing" kind="ReplicaSet" key="kube-system/metrics-server-8584b5786c" duration="27.351µs"
2025-01-31 19:15:25,098 INFO c.h.h.t.OperatorHelmChartContainer - [K3S] [replica_set.go:679] "Finished syncing" kind="ReplicaSet" key="kube-system/local-path-provisioner-698b58967b" duration="8.424439ms"
2025-01-31 19:15:25,099 INFO c.h.h.t.OperatorHelmChartContainer - [K3S] [replica_set.go:679] "Finished syncing" kind="ReplicaSet" key="kube-system/local-path-provisioner-698b58967b" duration="29.075µs"
2025-01-31 19:15:37,730 INFO c.h.h.t.OperatorHelmChartContainer - [K3S] [alloc.go:330] "allocated clusterIPs" service="default/local-hivemq-hivemq-operator-operator" clusterIPs={"IPv4":"10.43.221.194"}
2025-01-31 19:15:37,755 INFO c.h.h.t.OperatorHelmChartContainer - [K3S] [replica_set.go:679] "Finished syncing" kind="ReplicaSet" key="default/local-hivemq-hivemq-operator-operator-6b564f6db4" duration="12.952686ms"
2025-01-31 19:15:37,757 INFO c.h.h.t.OperatorHelmChartContainer - [K3S] [replica_set.go:679] "Finished syncing" kind="ReplicaSet" key="default/local-hivemq-hivemq-operator-operator-6b564f6db4" duration="5.271307ms"
2025-01-31 19:15:37,757 INFO c.h.h.t.OperatorHelmChartContainer - [K3S] [replica_set.go:679] "Finished syncing" kind="ReplicaSet" key="default/local-hivemq-hivemq-operator-operator-6b564f6db4" duration="35.857µs"
2025-01-31 19:15:37,765 INFO c.h.h.t.OperatorHelmChartContainer - [K3S] [replica_set.go:679] "Finished syncing" kind="ReplicaSet" key="default/local-hivemq-hivemq-operator-operator-6b564f6db4" duration="25.718µs"
2025-01-31 19:15:37,829 DEBUG c.h.h.t.OperatorHelmChartContainer - Chart 'local-hivemq' installed or upgraded
2025-01-31 19:15:37,920 INFO c.h.h.t.OperatorHelmChartContainer - [K3S] [reconciler_common.go:251] "operationExecutor.VerifyControllerAttachedVolume started for volume \"kube-api-access-lqvhj\" (UniqueName: \"kubernetes.io/projected/a6ba7663-4934-404d-95dd-f910d8cc4a64-kube-api-access-lqvhj\") pod \"local-hivemq-hivemq-operator-operator-6b564f6db4-8v8nd\" (UID: \"a6ba7663-4934-404d-95dd-f910d8cc4a64\") " pod="default/local-hivemq-hivemq-operator-operator-6b564f6db4-8v8nd"
2025-01-31 19:15:37,921 INFO c.h.h.t.OperatorHelmChartContainer - [K3S] [reconciler_common.go:251] "operationExecutor.VerifyControllerAttachedVolume started for volume \"templates\" (UniqueName: \"kubernetes.io/configmap/a6ba7663-4934-404d-95dd-f910d8cc4a64-templates\") pod \"local-hivemq-hivemq-operator-operator-6b564f6db4-8v8nd\" (UID: \"a6ba7663-4934-404d-95dd-f910d8cc4a64\") " pod="default/local-hivemq-hivemq-operator-operator-6b564f6db4-8v8nd"
2025-01-31 19:15:39,073 INFO c.h.h.t.OperatorHelmChartContainer - [K3S] [replica_set.go:679] "Finished syncing" kind="ReplicaSet" key="default/local-hivemq-hivemq-operator-operator-6b564f6db4" duration="13.074391ms"
2025-01-31 19:15:39,074 INFO c.h.h.t.OperatorHelmChartContainer - [K3S] [replica_set.go:679] "Finished syncing" kind="ReplicaSet" key="default/local-hivemq-hivemq-operator-operator-6b564f6db4" duration="28.764µs"
2025-01-31 19:15:41,047 INFO c.h.h.t.OperatorHelmChartContainer - [K3S] [replica_set.go:679] "Finished syncing" kind="ReplicaSet" key="kube-system/metrics-server-8584b5786c" duration="8.319923ms"
2025-01-31 19:15:41,051 INFO c.h.h.t.OperatorHelmChartContainer - [K3S] [replica_set.go:679] "Finished syncing" kind="ReplicaSet" key="kube-system/metrics-server-8584b5786c" duration="37.019µs"
2025-01-31 19:15:44,007 INFO c.h.h.t.OperatorHelmChartContainer - [K3S] [range_allocator.go:247] "Successfully synced" key="b8ea6f035c0d"
2025-01-31 19:15:45,663 INFO c.h.h.t.OperatorHelmChartContainer - [K3S] [alloc.go:330] "allocated clusterIPs" service="default/hivemq-local-hivemq-cc" clusterIPs={"IPv4":"10.43.221.221"}
2025-01-31 19:15:45,673 INFO c.h.h.t.OperatorHelmChartContainer - [K3S] [alloc.go:330] "allocated clusterIPs" service="default/hivemq-local-hivemq-mqtt" clusterIPs={"IPv4":"10.43.217.61"}
2025-01-31 19:15:45,675 INFO c.h.h.t.OperatorHelmChartContainer - [K3S] [event.go:389] "Event occurred" object="default/hivemq-local-hivemq-mqtt" fieldPath="" kind="Service" apiVersion="v1" type="Normal" reason="EnsuringLoadBalancer" message="Ensuring load balancer"
2025-01-31 19:15:45,764 INFO c.h.h.t.OperatorHelmChartContainer - [K3S] [event.go:389] "Event occurred" object="default/hivemq-local-hivemq-mqtt" fieldPath="" kind="Service" apiVersion="v1" type="Normal" reason="AppliedDaemonSet" message="Applied LoadBalancer DaemonSet kube-system/svclb-hivemq-local-hivemq-mqtt-1afa2424"
2025-01-31 19:15:48,083 INFO c.h.h.t.OperatorHelmChartContainer - [K3S] [event.go:389] "Event occurred" object="default/hivemq-local-hivemq-mqtt" fieldPath="" kind="Service" apiVersion="v1" type="Normal" reason="UpdatedLoadBalancer" message="Updated LoadBalancer with new IPs: [] -> [172.17.0.3]"
2025-01-31 19:15:48,189 DEBUG com.hivemq.helmcharts.util.K8sUtil - State to compare Pending and waiting for Running
2025-01-31 19:15:48,367 DEBUG com.hivemq.helmcharts.util.K8sUtil - State to compare Pending and waiting for Running
2025-01-31 19:15:49,480 DEBUG com.hivemq.helmcharts.util.K8sUtil - State to compare Pending and waiting for Running
2025-01-31 19:15:49,766 DEBUG com.hivemq.helmcharts.util.K8sUtil - State to compare Pending and waiting for Running
2025-01-31 19:15:50,166 DEBUG com.hivemq.helmcharts.util.K8sUtil - State to compare Updating and waiting for Running
2025-01-31 19:15:50,579 INFO c.h.h.t.OperatorHelmChartContainer - [K3S] [replica_set.go:679] "Finished syncing" kind="ReplicaSet" key="default/local-hivemq-6f4d548d79" duration="12.607823ms"
2025-01-31 19:15:50,596 INFO c.h.h.t.OperatorHelmChartContainer - [K3S] [replica_set.go:679] "Finished syncing" kind="ReplicaSet" key="default/local-hivemq-6f4d548d79" duration="17.52961ms"
2025-01-31 19:15:50,597 INFO c.h.h.t.OperatorHelmChartContainer - [K3S] [replica_set.go:679] "Finished syncing" kind="ReplicaSet" key="default/local-hivemq-6f4d548d79" duration="107.132µs"
2025-01-31 19:15:50,691 INFO c.h.h.t.OperatorHelmChartContainer - [K3S] [reconciler_common.go:251] "operationExecutor.VerifyControllerAttachedVolume started for volume \"shared-data\" (UniqueName: \"kubernetes.io/empty-dir/ac93fbb1-5483-42fe-bcc4-cd658587ec81-shared-data\") pod \"local-hivemq-6f4d548d79-2sx8q\" (UID: \"ac93fbb1-5483-42fe-bcc4-cd658587ec81\") " pod="default/local-hivemq-6f4d548d79-2sx8q"
2025-01-31 19:15:50,692 INFO c.h.h.t.OperatorHelmChartContainer - [K3S] [reconciler_common.go:251] "operationExecutor.VerifyControllerAttachedVolume started for volume \"heap-dumps\" (UniqueName: \"kubernetes.io/empty-dir/ac93fbb1-5483-42fe-bcc4-cd658587ec81-heap-dumps\") pod \"local-hivemq-6f4d548d79-2sx8q\" (UID: \"ac93fbb1-5483-42fe-bcc4-cd658587ec81\") " pod="default/local-hivemq-6f4d548d79-2sx8q"
2025-01-31 19:15:50,692 INFO c.h.h.t.OperatorHelmChartContainer - [K3S] [reconciler_common.go:251] "operationExecutor.VerifyControllerAttachedVolume started for volume \"log\" (UniqueName: \"kubernetes.io/empty-dir/ac93fbb1-5483-42fe-bcc4-cd658587ec81-log\") pod \"local-hivemq-6f4d548d79-2sx8q\" (UID: \"ac93fbb1-5483-42fe-bcc4-cd658587ec81\") " pod="default/local-hivemq-6f4d548d79-2sx8q"
2025-01-31 19:15:50,692 INFO c.h.h.t.OperatorHelmChartContainer - [K3S] [reconciler_common.go:251] "operationExecutor.VerifyControllerAttachedVolume started for volume \"data\" (UniqueName: \"kubernetes.io/empty-dir/ac93fbb1-5483-42fe-bcc4-cd658587ec81-data\") pod \"local-hivemq-6f4d548d79-2sx8q\" (UID: \"ac93fbb1-5483-42fe-bcc4-cd658587ec81\") " pod="default/local-hivemq-6f4d548d79-2sx8q"
2025-01-31 19:15:50,692 INFO c.h.h.t.OperatorHelmChartContainer - [K3S] [reconciler_common.go:251] "operationExecutor.VerifyControllerAttachedVolume started for volume \"audit\" (UniqueName: \"kubernetes.io/empty-dir/ac93fbb1-5483-42fe-bcc4-cd658587ec81-audit\") pod \"local-hivemq-6f4d548d79-2sx8q\" (UID: \"ac93fbb1-5483-42fe-bcc4-cd658587ec81\") " pod="default/local-hivemq-6f4d548d79-2sx8q"
2025-01-31 19:15:50,692 INFO c.h.h.t.OperatorHelmChartContainer - [K3S] [reconciler_common.go:251] "operationExecutor.VerifyControllerAttachedVolume started for volume \"dns-wait-config\" (UniqueName: \"kubernetes.io/configmap/ac93fbb1-5483-42fe-bcc4-cd658587ec81-dns-wait-config\") pod \"local-hivemq-6f4d548d79-2sx8q\" (UID: \"ac93fbb1-5483-42fe-bcc4-cd658587ec81\") " pod="default/local-hivemq-6f4d548d79-2sx8q"
2025-01-31 19:15:50,692 INFO c.h.h.t.OperatorHelmChartContainer - [K3S] [reconciler_common.go:251] "operationExecutor.VerifyControllerAttachedVolume started for volume \"kube-api-access-vqfqm\" (UniqueName: \"kubernetes.io/projected/ac93fbb1-5483-42fe-bcc4-cd658587ec81-kube-api-access-vqfqm\") pod \"local-hivemq-6f4d548d79-2sx8q\" (UID: \"ac93fbb1-5483-42fe-bcc4-cd658587ec81\") " pod="default/local-hivemq-6f4d548d79-2sx8q"
2025-01-31 19:15:50,692 INFO c.h.h.t.OperatorHelmChartContainer - [K3S] [reconciler_common.go:251] "operationExecutor.VerifyControllerAttachedVolume started for volume \"conf-override\" (UniqueName: \"kubernetes.io/empty-dir/ac93fbb1-5483-42fe-bcc4-cd658587ec81-conf-override\") pod \"local-hivemq-6f4d548d79-2sx8q\" (UID: \"ac93fbb1-5483-42fe-bcc4-cd658587ec81\") " pod="default/local-hivemq-6f4d548d79-2sx8q"
2025-01-31 19:15:50,692 INFO c.h.h.t.OperatorHelmChartContainer - [K3S] [reconciler_common.go:251] "operationExecutor.VerifyControllerAttachedVolume started for volume \"backup\" (UniqueName: \"kubernetes.io/empty-dir/ac93fbb1-5483-42fe-bcc4-cd658587ec81-backup\") pod \"local-hivemq-6f4d548d79-2sx8q\" (UID: \"ac93fbb1-5483-42fe-bcc4-cd658587ec81\") " pod="default/local-hivemq-6f4d548d79-2sx8q"
2025-01-31 19:15:50,692 INFO c.h.h.t.OperatorHelmChartContainer - [K3S] [reconciler_common.go:251] "operationExecutor.VerifyControllerAttachedVolume started for volume \"live-info\" (UniqueName: \"kubernetes.io/configmap/ac93fbb1-5483-42fe-bcc4-cd658587ec81-live-info\") pod \"local-hivemq-6f4d548d79-2sx8q\" (UID: \"ac93fbb1-5483-42fe-bcc4-cd658587ec81\") " pod="default/local-hivemq-6f4d548d79-2sx8q"
2025-01-31 19:15:50,759 DEBUG com.hivemq.helmcharts.util.K8sUtil - State to compare Updating and waiting for Running
2025-01-31 19:15:50,976 DEBUG com.hivemq.helmcharts.util.K8sUtil - State to compare Updating and waiting for Running
2025-01-31 19:15:51,264 INFO c.h.h.t.OperatorHelmChartContainer - [K3S] [replica_set.go:679] "Finished syncing" kind="ReplicaSet" key="default/local-hivemq-6f4d548d79" duration="42.63µs"
2025-01-31 19:15:53,091 INFO c.h.h.t.OperatorHelmChartContainer - [K3S] [replica_set.go:679] "Finished syncing" kind="ReplicaSet" key="default/local-hivemq-6f4d548d79" duration="55.925µs"
2025-01-31 19:15:53,101 INFO c.h.h.t.OperatorHelmChartContainer - [K3S] [event.go:389] "Event occurred" object="default/hivemq-local-hivemq-mqtt" fieldPath="" kind="Service" apiVersion="v1" type="Normal" reason="UpdatedLoadBalancer" message="Updated LoadBalancer with new IPs: [172.17.0.3] -> [172.17.0.3]"
2025-01-31 19:15:54,095 INFO c.h.h.t.OperatorHelmChartContainer - [K3S] [replica_set.go:679] "Finished syncing" kind="ReplicaSet" key="default/local-hivemq-6f4d548d79" duration="54.302µs"
2025-01-31 19:15:55,095 INFO c.h.h.t.OperatorHelmChartContainer - [K3S] [replica_set.go:679] "Finished syncing" kind="ReplicaSet" key="default/local-hivemq-6f4d548d79" duration="55.775µs"
2025-01-31 19:16:05,114 INFO c.h.h.t.OperatorHelmChartContainer - [K3S] [replica_set.go:679] "Finished syncing" kind="ReplicaSet" key="default/local-hivemq-6f4d548d79" duration="48.922µs"
2025-01-31 19:16:06,112 INFO c.h.h.t.OperatorHelmChartContainer - [K3S] [replica_set.go:679] "Finished syncing" kind="ReplicaSet" key="default/local-hivemq-6f4d548d79" duration="53.972µs"
2025-01-31 19:16:14,400 INFO c.h.h.t.OperatorHelmChartContainer - [K3S] [range_allocator.go:247] "Successfully synced" key="b8ea6f035c0d"
2025-01-31 19:16:37,156 INFO c.h.h.t.OperatorHelmChartContainer - [K3S] [replica_set.go:679] "Finished syncing" kind="ReplicaSet" key="default/local-hivemq-6f4d548d79" duration="10.175402ms"
2025-01-31 19:16:37,156 INFO c.h.h.t.OperatorHelmChartContainer - [K3S] [replica_set.go:679] "Finished syncing" kind="ReplicaSet" key="default/local-hivemq-6f4d548d79" duration="57.458µs"
2025-01-31 19:16:37,159 INFO c.h.h.t.OperatorHelmChartContainer - [K3S] [event.go:389] "Event occurred" object="default/hivemq-local-hivemq-mqtt" fieldPath="" kind="Service" apiVersion="v1" type="Normal" reason="UpdatedLoadBalancer" message="Updated LoadBalancer with new IPs: [172.17.0.3] -> [172.17.0.3]"
2025-01-31 19:17:07,162 INFO c.h.h.t.OperatorHelmChartContainer - [K3S] [replica_set.go:679] "Finished syncing" kind="ReplicaSet" key="default/local-hivemq-6f4d548d79" duration="6.471718ms"
2025-01-31 19:17:07,163 INFO c.h.h.t.OperatorHelmChartContainer - [K3S] [replica_set.go:679] "Finished syncing" kind="ReplicaSet" key="default/local-hivemq-6f4d548d79" duration="45.155µs"
2025-01-31 19:17:07,200 DEBUG com.hivemq.helmcharts.util.K8sUtil - State to compare Updating and waiting for Running
2025-01-31 19:17:07,468 DEBUG com.hivemq.helmcharts.util.K8sUtil - State to compare Updating and waiting for Running
2025-01-31 19:17:07,558 DEBUG com.hivemq.helmcharts.util.K8sUtil - State to compare Updating and waiting for Running
2025-01-31 19:17:07,573 DEBUG com.hivemq.helmcharts.util.K8sUtil - State to compare Updating and waiting for Running
2025-01-31 19:17:07,671 DEBUG com.hivemq.helmcharts.util.K8sUtil - State to compare Updating and waiting for Running
2025-01-31 19:17:07,781 DEBUG com.hivemq.helmcharts.util.K8sUtil - State to compare Updating and waiting for Running
2025-01-31 19:17:07,866 INFO c.h.h.t.OperatorHelmChartContainer - [K3S] [writers.go:123] "Unhandled Error" err="apiserver was unable to write a JSON response: http2: stream closed"
2025-01-31 19:17:07,866 INFO c.h.h.t.OperatorHelmChartContainer - [K3S] [wrap.go:53] "Timeout or abort while handling" method="PATCH" URI="/apis/hivemq.com/v1/namespaces/default/hivemq-clusters/local-hivemq/status" auditID="252c7cfb-4d4f-4e31-a4c7-71f7b8c187dd"
2025-01-31 19:17:07,867 INFO c.h.h.t.OperatorHelmChartContainer - [K3S] [status.go:71] "Unhandled Error" err="apiserver received an error that is not an metav1.Status: &errors.errorString{s:\"http2: stream closed\"}: http2: stream closed"
2025-01-31 19:17:07,869 INFO c.h.h.t.OperatorHelmChartContainer - [K3S] [writers.go:136] "Unhandled Error" err="apiserver was unable to write a fallback JSON response: http: Handler timeout"
2025-01-31 19:17:07,872 INFO c.h.h.t.OperatorHelmChartContainer - [K3S] [timeout.go:140] "Post-timeout activity" timeElapsed="8.626298ms" method="PATCH" path="/apis/hivemq.com/v1/namespaces/default/hivemq-clusters/local-hivemq/status" result=null
2025-01-31 19:17:07,873 DEBUG com.hivemq.helmcharts.util.K8sUtil - State to compare Running and waiting for Running
2025-01-31 19:17:08,327 INFO t.localhost/testcontainers/vhbngtkmatt5cvtr:latest - Container localhost/testcontainers/vhbngtkmatt5cvtr:latest started in PT2M0.305466932S
2025-01-31 19:17:08,414 INFO c.h.h.t.OperatorHelmChartContainer - [EVENT] Normal [Starting] Starting kubelet. [null:b8ea6f035c0d]
2025-01-31 19:17:08,416 INFO c.h.h.t.OperatorHelmChartContainer - [EVENT] Warning [InvalidDiskCapacity] invalid capacity 0 on image filesystem [null:b8ea6f035c0d]
2025-01-31 19:17:08,417 INFO c.h.h.t.OperatorHelmChartContainer - [EVENT] Normal [NodeHasSufficientMemory] Node b8ea6f035c0d status is now: NodeHasSufficientMemory [null:b8ea6f035c0d]
2025-01-31 19:17:08,417 INFO c.h.h.t.OperatorHelmChartContainer - [EVENT] Normal [NodeHasNoDiskPressure] Node b8ea6f035c0d status is now: NodeHasNoDiskPressure [null:b8ea6f035c0d]
2025-01-31 19:17:08,418 INFO c.h.h.t.OperatorHelmChartContainer - [EVENT] Normal [NodeHasSufficientPID] Node b8ea6f035c0d status is now: NodeHasSufficientPID [null:b8ea6f035c0d]
2025-01-31 19:17:08,418 INFO c.h.h.t.OperatorHelmChartContainer - [EVENT] Normal [NodeAllocatableEnforced] Updated Node Allocatable limit across pods [null:b8ea6f035c0d]
2025-01-31 19:17:08,419 INFO c.h.h.t.OperatorHelmChartContainer - [EVENT] Normal [NodeReady] Node b8ea6f035c0d status is now: NodeReady [null:b8ea6f035c0d]
2025-01-31 19:17:08,419 INFO c.h.h.t.OperatorHelmChartContainer - [EVENT] Normal [NodePasswordValidationComplete] Deferred node password secret validation complete [null:b8ea6f035c0d]
2025-01-31 19:17:08,420 INFO c.h.h.t.OperatorHelmChartContainer - [EVENT] Normal [Synced] Node synced successfully [null:b8ea6f035c0d]
2025-01-31 19:17:08,420 INFO c.h.h.t.OperatorHelmChartContainer - [EVENT] Normal [RegisteredNode] Node b8ea6f035c0d event: Registered Node b8ea6f035c0d in Controller [null:b8ea6f035c0d]
2025-01-31 19:17:08,421 INFO c.h.h.t.OperatorHelmChartContainer - [EVENT] Normal [EnsuringLoadBalancer] Ensuring load balancer [default:hivemq-local-hivemq-mqtt]
2025-01-31 19:17:08,421 INFO c.h.h.t.OperatorHelmChartContainer - [EVENT] Normal [AppliedDaemonSet] Applied LoadBalancer DaemonSet kube-system/svclb-hivemq-local-hivemq-mqtt-1afa2424 [default:hivemq-local-hivemq-mqtt]
2025-01-31 19:17:08,422 INFO c.h.h.t.OperatorHelmChartContainer - [EVENT] Normal [UpdatedLoadBalancer] Updated LoadBalancer with new IPs: [] -> [172.17.0.3] [default:hivemq-local-hivemq-mqtt]
2025-01-31 19:17:08,423 INFO c.h.h.t.OperatorHelmChartContainer - [EVENT] Normal [UpdatedLoadBalancer] Updated LoadBalancer with new IPs: [172.17.0.3] -> [172.17.0.3] [default:hivemq-local-hivemq-mqtt]
2025-01-31 19:17:08,423 INFO c.h.h.t.OperatorHelmChartContainer - [EVENT] Normal [Scheduled] Successfully assigned default/local-hivemq-6f4d548d79-2sx8q to b8ea6f035c0d [default:local-hivemq-6f4d548d79-2sx8q]
2025-01-31 19:17:08,424 INFO c.h.h.t.OperatorHelmChartContainer - [EVENT] Normal [Pulling] Pulling image "busybox:latest" [default:local-hivemq-6f4d548d79-2sx8q]
2025-01-31 19:17:08,425 INFO c.h.h.t.OperatorHelmChartContainer - [EVENT] Normal [Pulled] Successfully pulled image "busybox:latest" in 1.647s (1.647s including waiting). Image size: 2167089 bytes. [default:local-hivemq-6f4d548d79-2sx8q]
2025-01-31 19:17:08,425 INFO c.h.h.t.OperatorHelmChartContainer - [EVENT] Normal [Created] Created container: init-shared [default:local-hivemq-6f4d548d79-2sx8q]
2025-01-31 19:17:08,426 INFO c.h.h.t.OperatorHelmChartContainer - [EVENT] Normal [Started] Started container init-shared [default:local-hivemq-6f4d548d79-2sx8q]
2025-01-31 19:17:08,427 INFO c.h.h.t.OperatorHelmChartContainer - [EVENT] Normal [Pulled] Container image "hivemq/init-dns-wait:snapshot" already present on machine [default:local-hivemq-6f4d548d79-2sx8q]
2025-01-31 19:17:08,427 INFO c.h.h.t.OperatorHelmChartContainer - [EVENT] Normal [Created] Created container: dns-wait [default:local-hivemq-6f4d548d79-2sx8q]
2025-01-31 19:17:08,428 INFO c.h.h.t.OperatorHelmChartContainer - [EVENT] Normal [Started] Started container dns-wait [default:local-hivemq-6f4d548d79-2sx8q]
2025-01-31 19:17:08,431 INFO c.h.h.t.OperatorHelmChartContainer - [EVENT] Normal [Pulled] Container image "hivemq/hivemq4:k8s-4.36.0" already present on machine [default:local-hivemq-6f4d548d79-2sx8q]
2025-01-31 19:17:08,431 INFO c.h.h.t.OperatorHelmChartContainer - Received Pulled event for container hivemq in pod local-hivemq-6f4d548d79-2sx8q [ac93fbb1-5483-42fe-bcc4-cd658587ec81]
2025-01-31 19:17:08,431 INFO c.h.h.t.OperatorHelmChartContainer - [EVENT] Normal [Created] Created container: hivemq [default:local-hivemq-6f4d548d79-2sx8q]
2025-01-31 19:17:08,431 INFO c.h.h.t.OperatorHelmChartContainer - Received Created event for container hivemq in pod local-hivemq-6f4d548d79-2sx8q [ac93fbb1-5483-42fe-bcc4-cd658587ec81]
2025-01-31 19:17:08,468 INFO c.h.h.t.OperatorHelmChartContainer - [POD] local-hivemq-6f4d548d79-2sx8q [ac93fbb1-5483-42fe-bcc4-cd658587ec81] in default was ADDED
2025-01-31 19:17:08,471 INFO c.h.h.t.OperatorHelmChartContainer - [POD] local-hivemq-hivemq-operator-operator-6b564f6db4-8v8nd [a6ba7663-4934-404d-95dd-f910d8cc4a64] in default was ADDED
2025-01-31 19:17:08,478 INFO c.h.h.t.OperatorHelmChartContainer - [POD] coredns-ff8999cc5-vpt8v [ba2e9987-ff5b-4b0f-aa76-9f296cc9d6c9] in kube-system was ADDED
2025-01-31 19:17:08,480 INFO c.h.h.t.OperatorHelmChartContainer - [POD] local-path-provisioner-698b58967b-8qbj9 [24c2e086-3c18-4294-b471-ddc1fd2be299] in kube-system was ADDED
2025-01-31 19:17:08,484 INFO c.h.h.t.OperatorHelmChartContainer - [POD] metrics-server-8584b5786c-zz22w [3e9a5d84-a4f8-4a3f-b581-78991879babc] in kube-system was ADDED
2025-01-31 19:17:08,489 INFO c.h.h.t.OperatorHelmChartContainer - [POD] svclb-hivemq-local-hivemq-mqtt-1afa2424-64clc [1d6611d9-6e6e-419e-b001-32c05cb17395] in kube-system was ADDED
2025-01-31 19:17:08,507 INFO c.h.h.t.OperatorHelmChartContainer - [EVENT] Normal [Started] Started container hivemq [default:local-hivemq-6f4d548d79-2sx8q]
2025-01-31 19:17:08,507 INFO c.h.h.t.OperatorHelmChartContainer - Received Started event for container hivemq in pod local-hivemq-6f4d548d79-2sx8q [ac93fbb1-5483-42fe-bcc4-cd658587ec81]
2025-01-31 19:17:08,508 INFO c.h.h.t.OperatorHelmChartContainer - [EVENT] Warning [Unhealthy] Readiness probe failed: Log statement not present (yet)
 [default:local-hivemq-6f4d548d79-2sx8q]
2025-01-31 19:17:08,509 INFO c.h.h.t.OperatorHelmChartContainer - Received Unhealthy event for container hivemq in pod local-hivemq-6f4d548d79-2sx8q [ac93fbb1-5483-42fe-bcc4-cd658587ec81]
2025-01-31 19:17:08,509 INFO c.h.h.t.OperatorHelmChartContainer - [EVENT] Warning [Unhealthy] Liveness probe failed: dial tcp 10.42.0.7:1883: connect: connection refused [default:local-hivemq-6f4d548d79-2sx8q]
2025-01-31 19:17:08,509 INFO c.h.h.t.OperatorHelmChartContainer - Received Unhealthy event for container hivemq in pod local-hivemq-6f4d548d79-2sx8q [ac93fbb1-5483-42fe-bcc4-cd658587ec81]
2025-01-31 19:17:08,510 INFO c.h.h.t.OperatorHelmChartContainer - Started log watcher for hivemq in pod local-hivemq-6f4d548d79-2sx8q [ac93fbb1-5483-42fe-bcc4-cd658587ec81]
2025-01-31 19:17:08,513 INFO c.h.h.t.OperatorHelmChartContainer - [local-hivemq-6f4d548d79] [hivemq] [ac93fbb1] Copying external files
2025-01-31 19:17:08,513 INFO c.h.h.t.OperatorHelmChartContainer - [local-hivemq-6f4d548d79] [hivemq] [ac93fbb1] Rewriting config.xml...
2025-01-31 19:17:08,513 INFO c.h.h.t.OperatorHelmChartContainer - [local-hivemq-6f4d548d79] [hivemq] [ac93fbb1] Creating initial lastUpdate files...
2025-01-31 19:17:08,513 INFO c.h.h.t.OperatorHelmChartContainer - [local-hivemq-6f4d548d79] [hivemq] [ac93fbb1] Disabling Prometheus
2025-01-31 19:17:08,513 INFO c.h.h.t.OperatorHelmChartContainer - [local-hivemq-6f4d548d79] [hivemq] [ac93fbb1] Pod info:
2025-01-31 19:17:08,513 INFO c.h.h.t.OperatorHelmChartContainer - [local-hivemq-6f4d548d79] [hivemq] [ac93fbb1] extension-names=hivemq-kafka-extension hivemq-google-cloud-pubsub-extension hivemq-bridge-extension hivemq-enterprise-security-extension hivemq-distributed-tracing-extension hivemq-amazon-kinesis-extension
2025-01-31 19:17:08,513 INFO c.h.h.t.OperatorHelmChartContainer - [local-hivemq-6f4d548d79] [hivemq] [ac93fbb1] extension-uris=preinstalled preinstalled preinstalled preinstalled preinstalled preinstalled
2025-01-31 19:17:08,513 INFO c.h.h.t.OperatorHelmChartContainer - [local-hivemq-6f4d548d79] [hivemq] [ac93fbb1] extension-states=false false false false false false
2025-01-31 19:17:08,513 INFO c.h.h.t.OperatorHelmChartContainer - [local-hivemq-6f4d548d79] [hivemq] [ac93fbb1] extensions-static=false false false false false false
2025-01-31 19:17:08,513 INFO c.h.h.t.OperatorHelmChartContainer - [local-hivemq-6f4d548d79] [hivemq] [ac93fbb1] Installing extension #0 with name: hivemq-kafka-extension, URI: preinstalled, enabled state: false
2025-01-31 19:17:08,513 INFO c.h.h.t.OperatorHelmChartContainer - [local-hivemq-6f4d548d79] [hivemq] [ac93fbb1] + [[ 3 != 3 ]]
2025-01-31 19:17:08,513 INFO c.h.h.t.OperatorHelmChartContainer - [local-hivemq-6f4d548d79] [hivemq] [ac93fbb1] + EXTENSION_URI=preinstalled
2025-01-31 19:17:08,513 INFO c.h.h.t.OperatorHelmChartContainer - [local-hivemq-6f4d548d79] [hivemq] [ac93fbb1] + EXTENSION_NAME=hivemq-kafka-extension
2025-01-31 19:17:08,513 INFO c.h.h.t.OperatorHelmChartContainer - [local-hivemq-6f4d548d79] [hivemq] [ac93fbb1] + TARGET_STATE=false
2025-01-31 19:17:08,513 INFO c.h.h.t.OperatorHelmChartContainer - [local-hivemq-6f4d548d79] [hivemq] [ac93fbb1] + TARGET_DIR=/opt/hivemq/extensions/hivemq-kafka-extension
2025-01-31 19:17:08,513 INFO c.h.h.t.OperatorHelmChartContainer - [local-hivemq-6f4d548d79] [hivemq] [ac93fbb1] ++ mktemp -d
2025-01-31 19:17:08,513 INFO c.h.h.t.OperatorHelmChartContainer - [local-hivemq-6f4d548d79] [hivemq] [ac93fbb1] + install_dir=/tmp/tmp.U6VylvGYCA
2025-01-31 19:17:08,513 INFO c.h.h.t.OperatorHelmChartContainer - [local-hivemq-6f4d548d79] [hivemq] [ac93fbb1] + set +e
2025-01-31 19:17:08,515 INFO c.h.h.t.OperatorHelmChartContainer - [local-hivemq-6f4d548d79] [hivemq] [ac93fbb1] + [[ -f /opt/hivemq/extensions/hivemq-kafka-extension/DISABLED ]]
2025-01-31 19:17:08,515 INFO c.h.h.t.OperatorHelmChartContainer - [local-hivemq-6f4d548d79] [hivemq] [ac93fbb1] + was_enabled=0
2025-01-31 19:17:08,515 INFO c.h.h.t.OperatorHelmChartContainer - [local-hivemq-6f4d548d79] [hivemq] [ac93fbb1] + set -e
2025-01-31 19:17:08,515 INFO c.h.h.t.OperatorHelmChartContainer - [local-hivemq-6f4d548d79] [hivemq] [ac93fbb1] + [[ preinstalled != \p\r\e\i\n\s\t\a\l\l\e\d ]]
2025-01-31 19:17:08,515 INFO c.h.h.t.OperatorHelmChartContainer - [local-hivemq-6f4d548d79] [hivemq] [ac93fbb1] + [[ false == \f\a\l\s\e ]]
2025-01-31 19:17:08,515 INFO c.h.h.t.OperatorHelmChartContainer - [local-hivemq-6f4d548d79] [hivemq] [ac93fbb1] + touch /opt/hivemq/extensions/hivemq-kafka-extension/DISABLED
2025-01-31 19:17:08,515 INFO c.h.h.t.OperatorHelmChartContainer - [local-hivemq-6f4d548d79] [hivemq] [ac93fbb1] + was_enabled=0
2025-01-31 19:17:08,515 INFO c.h.h.t.OperatorHelmChartContainer - [local-hivemq-6f4d548d79] [hivemq] [ac93fbb1] + [[ preinstalled != \p\r\e\i\n\s\t\a\l\l\e\d ]]
2025-01-31 19:17:08,515 INFO c.h.h.t.OperatorHelmChartContainer - [local-hivemq-6f4d548d79] [hivemq] [ac93fbb1] + /opt/hivemq/bin/run_initialization.sh hivemq-kafka-extension
2025-01-31 19:17:08,515 INFO c.h.h.t.OperatorHelmChartContainer - [local-hivemq-6f4d548d79] [hivemq] [ac93fbb1] + EXTENSION_NAME=hivemq-kafka-extension
2025-01-31 19:17:08,515 INFO c.h.h.t.OperatorHelmChartContainer - [local-hivemq-6f4d548d79] [hivemq] [ac93fbb1] + TARGET_DIR=/opt/hivemq/extensions/hivemq-kafka-extension
2025-01-31 19:17:08,515 INFO c.h.h.t.OperatorHelmChartContainer - [local-hivemq-6f4d548d79] [hivemq] [ac93fbb1] + cd /opt/hivemq/extensions/hivemq-kafka-extension
2025-01-31 19:17:08,515 INFO c.h.h.t.OperatorHelmChartContainer - [local-hivemq-6f4d548d79] [hivemq] [ac93fbb1] + [[ -f init_tmp ]]
2025-01-31 19:17:08,515 INFO c.h.h.t.OperatorHelmChartContainer - [local-hivemq-6f4d548d79] [hivemq] [ac93fbb1] + [[ -f /etc/podinfo/init-extension-hivemq-kafka-extension ]]
2025-01-31 19:17:08,515 INFO c.h.h.t.OperatorHelmChartContainer - [local-hivemq-6f4d548d79] [hivemq] [ac93fbb1] Installing extension #1 with name: hivemq-google-cloud-pubsub-extension, URI: preinstalled, enabled state: false
2025-01-31 19:17:08,515 INFO c.h.h.t.OperatorHelmChartContainer - [local-hivemq-6f4d548d79] [hivemq] [ac93fbb1] + [[ 3 != 3 ]]
2025-01-31 19:17:08,515 INFO c.h.h.t.OperatorHelmChartContainer - [local-hivemq-6f4d548d79] [hivemq] [ac93fbb1] + EXTENSION_URI=preinstalled
2025-01-31 19:17:08,513 INFO c.h.h.t.OperatorHelmChartContainer - [EVENT] Normal [SuccessfulCreate] Created pod: local-hivemq-6f4d548d79-2sx8q [default:local-hivemq-6f4d548d79]
2025-01-31 19:17:08,515 INFO c.h.h.t.OperatorHelmChartContainer - [EVENT] Normal [Scheduled] Successfully assigned default/local-hivemq-hivemq-operator-operator-6b564f6db4-8v8nd to b8ea6f035c0d [default:local-hivemq-hivemq-operator-operator-6b564f6db4-8v8nd]
2025-01-31 19:17:08,515 INFO c.h.h.t.OperatorHelmChartContainer - [EVENT] Normal [Pulled] Container image "hivemq/hivemq-operator:snapshot" already present on machine [default:local-hivemq-hivemq-operator-operator-6b564f6db4-8v8nd]
2025-01-31 19:17:08,515 INFO c.h.h.t.OperatorHelmChartContainer - Received Pulled event for container operator in pod local-hivemq-hivemq-operator-operator-6b564f6db4-8v8nd [a6ba7663-4934-404d-95dd-f910d8cc4a64]
2025-01-31 19:17:08,515 INFO c.h.h.t.OperatorHelmChartContainer - [EVENT] Normal [Created] Created container: operator [default:local-hivemq-hivemq-operator-operator-6b564f6db4-8v8nd]
2025-01-31 19:17:08,515 INFO c.h.h.t.OperatorHelmChartContainer - Received Created event for container operator in pod local-hivemq-hivemq-operator-operator-6b564f6db4-8v8nd [a6ba7663-4934-404d-95dd-f910d8cc4a64]
2025-01-31 19:17:08,519 INFO c.h.h.t.OperatorHelmChartContainer - [local-hivemq-6f4d548d79] [hivemq] [ac93fbb1] + EXTENSION_NAME=hivemq-google-cloud-pubsub-extension
2025-01-31 19:17:08,519 INFO c.h.h.t.OperatorHelmChartContainer - [local-hivemq-6f4d548d79] [hivemq] [ac93fbb1] + TARGET_STATE=false
2025-01-31 19:17:08,519 INFO c.h.h.t.OperatorHelmChartContainer - [local-hivemq-6f4d548d79] [hivemq] [ac93fbb1] + TARGET_DIR=/opt/hivemq/extensions/hivemq-google-cloud-pubsub-extension
2025-01-31 19:17:08,519 INFO c.h.h.t.OperatorHelmChartContainer - [local-hivemq-6f4d548d79] [hivemq] [ac93fbb1] ++ mktemp -d
2025-01-31 19:17:08,519 INFO c.h.h.t.OperatorHelmChartContainer - [local-hivemq-6f4d548d79] [hivemq] [ac93fbb1] + install_dir=/tmp/tmp.OeRieyQsn2
2025-01-31 19:17:08,519 INFO c.h.h.t.OperatorHelmChartContainer - [local-hivemq-6f4d548d79] [hivemq] [ac93fbb1] + set +e
2025-01-31 19:17:08,519 INFO c.h.h.t.OperatorHelmChartContainer - [local-hivemq-6f4d548d79] [hivemq] [ac93fbb1] + [[ -f /opt/hivemq/extensions/hivemq-google-cloud-pubsub-extension/DISABLED ]]
2025-01-31 19:17:08,519 INFO c.h.h.t.OperatorHelmChartContainer - [local-hivemq-6f4d548d79] [hivemq] [ac93fbb1] + was_enabled=0
2025-01-31 19:17:08,519 INFO c.h.h.t.OperatorHelmChartContainer - [local-hivemq-6f4d548d79] [hivemq] [ac93fbb1] + set -e
2025-01-31 19:17:08,519 INFO c.h.h.t.OperatorHelmChartContainer - [local-hivemq-6f4d548d79] [hivemq] [ac93fbb1] + [[ preinstalled != \p\r\e\i\n\s\t\a\l\l\e\d ]]
2025-01-31 19:17:08,519 INFO c.h.h.t.OperatorHelmChartContainer - [local-hivemq-6f4d548d79] [hivemq] [ac93fbb1] + [[ false == \f\a\l\s\e ]]
2025-01-31 19:17:08,519 INFO c.h.h.t.OperatorHelmChartContainer - [local-hivemq-6f4d548d79] [hivemq] [ac93fbb1] + touch /opt/hivemq/extensions/hivemq-google-cloud-pubsub-extension/DISABLED
2025-01-31 19:17:08,519 INFO c.h.h.t.OperatorHelmChartContainer - [local-hivemq-6f4d548d79] [hivemq] [ac93fbb1] + was_enabled=0
2025-01-31 19:17:08,519 INFO c.h.h.t.OperatorHelmChartContainer - [local-hivemq-6f4d548d79] [hivemq] [ac93fbb1] + [[ preinstalled != \p\r\e\i\n\s\t\a\l\l\e\d ]]
2025-01-31 19:17:08,519 INFO c.h.h.t.OperatorHelmChartContainer - [local-hivemq-6f4d548d79] [hivemq] [ac93fbb1] + /opt/hivemq/bin/run_initialization.sh hivemq-google-cloud-pubsub-extension
2025-01-31 19:17:08,519 INFO c.h.h.t.OperatorHelmChartContainer - [local-hivemq-6f4d548d79] [hivemq] [ac93fbb1] + EXTENSION_NAME=hivemq-google-cloud-pubsub-extension
2025-01-31 19:17:08,520 INFO c.h.h.t.OperatorHelmChartContainer - [local-hivemq-6f4d548d79] [hivemq] [ac93fbb1] + TARGET_DIR=/opt/hivemq/extensions/hivemq-google-cloud-pubsub-extension
2025-01-31 19:17:08,520 INFO c.h.h.t.OperatorHelmChartContainer - [local-hivemq-6f4d548d79] [hivemq] [ac93fbb1] + cd /opt/hivemq/extensions/hivemq-google-cloud-pubsub-extension
2025-01-31 19:17:08,520 INFO c.h.h.t.OperatorHelmChartContainer - [local-hivemq-6f4d548d79] [hivemq] [ac93fbb1] + [[ -f init_tmp ]]
2025-01-31 19:17:08,520 INFO c.h.h.t.OperatorHelmChartContainer - [local-hivemq-6f4d548d79] [hivemq] [ac93fbb1] + [[ -f /etc/podinfo/init-extension-hivemq-google-cloud-pubsub-extension ]]
2025-01-31 19:17:08,520 INFO c.h.h.t.OperatorHelmChartContainer - [local-hivemq-6f4d548d79] [hivemq] [ac93fbb1] Installing extension #2 with name: hivemq-bridge-extension, URI: preinstalled, enabled state: false
2025-01-31 19:17:08,520 INFO c.h.h.t.OperatorHelmChartContainer - [local-hivemq-6f4d548d79] [hivemq] [ac93fbb1] + [[ 3 != 3 ]]
2025-01-31 19:17:08,520 INFO c.h.h.t.OperatorHelmChartContainer - [local-hivemq-6f4d548d79] [hivemq] [ac93fbb1] + EXTENSION_URI=preinstalled
2025-01-31 19:17:08,520 INFO c.h.h.t.OperatorHelmChartContainer - [local-hivemq-6f4d548d79] [hivemq] [ac93fbb1] + EXTENSION_NAME=hivemq-bridge-extension
2025-01-31 19:17:08,520 INFO c.h.h.t.OperatorHelmChartContainer - [local-hivemq-6f4d548d79] [hivemq] [ac93fbb1] + TARGET_STATE=false
2025-01-31 19:17:08,520 INFO c.h.h.t.OperatorHelmChartContainer - [local-hivemq-6f4d548d79] [hivemq] [ac93fbb1] + TARGET_DIR=/opt/hivemq/extensions/hivemq-bridge-extension
2025-01-31 19:17:08,520 INFO c.h.h.t.OperatorHelmChartContainer - [local-hivemq-6f4d548d79] [hivemq] [ac93fbb1] ++ mktemp -d
2025-01-31 19:17:08,520 INFO c.h.h.t.OperatorHelmChartContainer - [local-hivemq-6f4d548d79] [hivemq] [ac93fbb1] + install_dir=/tmp/tmp.KYT0ZkvGJL
2025-01-31 19:17:08,520 INFO c.h.h.t.OperatorHelmChartContainer - [local-hivemq-6f4d548d79] [hivemq] [ac93fbb1] + set +e
2025-01-31 19:17:08,520 INFO c.h.h.t.OperatorHelmChartContainer - [local-hivemq-6f4d548d79] [hivemq] [ac93fbb1] + [[ -f /opt/hivemq/extensions/hivemq-bridge-extension/DISABLED ]]
2025-01-31 19:17:08,520 INFO c.h.h.t.OperatorHelmChartContainer - [local-hivemq-6f4d548d79] [hivemq] [ac93fbb1] + was_enabled=0
2025-01-31 19:17:08,520 INFO c.h.h.t.OperatorHelmChartContainer - [local-hivemq-6f4d548d79] [hivemq] [ac93fbb1] + set -e
2025-01-31 19:17:08,520 INFO c.h.h.t.OperatorHelmChartContainer - [local-hivemq-6f4d548d79] [hivemq] [ac93fbb1] + [[ preinstalled != \p\r\e\i\n\s\t\a\l\l\e\d ]]
2025-01-31 19:17:08,520 INFO c.h.h.t.OperatorHelmChartContainer - [local-hivemq-6f4d548d79] [hivemq] [ac93fbb1] + [[ false == \f\a\l\s\e ]]
2025-01-31 19:17:08,520 INFO c.h.h.t.OperatorHelmChartContainer - [local-hivemq-6f4d548d79] [hivemq] [ac93fbb1] + touch /opt/hivemq/extensions/hivemq-bridge-extension/DISABLED
2025-01-31 19:17:08,520 INFO c.h.h.t.OperatorHelmChartContainer - [local-hivemq-6f4d548d79] [hivemq] [ac93fbb1] + was_enabled=0
2025-01-31 19:17:08,520 INFO c.h.h.t.OperatorHelmChartContainer - [local-hivemq-6f4d548d79] [hivemq] [ac93fbb1] + [[ preinstalled != \p\r\e\i\n\s\t\a\l\l\e\d ]]
2025-01-31 19:17:08,520 INFO c.h.h.t.OperatorHelmChartContainer - [local-hivemq-6f4d548d79] [hivemq] [ac93fbb1] + /opt/hivemq/bin/run_initialization.sh hivemq-bridge-extension
2025-01-31 19:17:08,520 INFO c.h.h.t.OperatorHelmChartContainer - [local-hivemq-6f4d548d79] [hivemq] [ac93fbb1] + EXTENSION_NAME=hivemq-bridge-extension
2025-01-31 19:17:08,520 INFO c.h.h.t.OperatorHelmChartContainer - [local-hivemq-6f4d548d79] [hivemq] [ac93fbb1] + TARGET_DIR=/opt/hivemq/extensions/hivemq-bridge-extension
2025-01-31 19:17:08,520 INFO c.h.h.t.OperatorHelmChartContainer - [local-hivemq-6f4d548d79] [hivemq] [ac93fbb1] + cd /opt/hivemq/extensions/hivemq-bridge-extension
2025-01-31 19:17:08,520 INFO c.h.h.t.OperatorHelmChartContainer - [local-hivemq-6f4d548d79] [hivemq] [ac93fbb1] + [[ -f init_tmp ]]
2025-01-31 19:17:08,520 INFO c.h.h.t.OperatorHelmChartContainer - [local-hivemq-6f4d548d79] [hivemq] [ac93fbb1] + [[ -f /etc/podinfo/init-extension-hivemq-bridge-extension ]]
2025-01-31 19:17:08,520 INFO c.h.h.t.OperatorHelmChartContainer - [local-hivemq-6f4d548d79] [hivemq] [ac93fbb1] Installing extension #3 with name: hivemq-enterprise-security-extension, URI: preinstalled, enabled state: false
2025-01-31 19:17:08,520 INFO c.h.h.t.OperatorHelmChartContainer - [local-hivemq-6f4d548d79] [hivemq] [ac93fbb1] + [[ 3 != 3 ]]
2025-01-31 19:17:08,520 INFO c.h.h.t.OperatorHelmChartContainer - [local-hivemq-6f4d548d79] [hivemq] [ac93fbb1] + EXTENSION_URI=preinstalled
2025-01-31 19:17:08,520 INFO c.h.h.t.OperatorHelmChartContainer - [local-hivemq-6f4d548d79] [hivemq] [ac93fbb1] + EXTENSION_NAME=hivemq-enterprise-security-extension
2025-01-31 19:17:08,520 INFO c.h.h.t.OperatorHelmChartContainer - [local-hivemq-6f4d548d79] [hivemq] [ac93fbb1] + TARGET_STATE=false
2025-01-31 19:17:08,520 INFO c.h.h.t.OperatorHelmChartContainer - [local-hivemq-6f4d548d79] [hivemq] [ac93fbb1] + TARGET_DIR=/opt/hivemq/extensions/hivemq-enterprise-security-extension
2025-01-31 19:17:08,520 INFO c.h.h.t.OperatorHelmChartContainer - [local-hivemq-6f4d548d79] [hivemq] [ac93fbb1] ++ mktemp -d
2025-01-31 19:17:08,520 INFO c.h.h.t.OperatorHelmChartContainer - [local-hivemq-6f4d548d79] [hivemq] [ac93fbb1] + install_dir=/tmp/tmp.1RUzQMvdCX
2025-01-31 19:17:08,520 INFO c.h.h.t.OperatorHelmChartContainer - [local-hivemq-6f4d548d79] [hivemq] [ac93fbb1] + set +e
2025-01-31 19:17:08,520 INFO c.h.h.t.OperatorHelmChartContainer - [local-hivemq-6f4d548d79] [hivemq] [ac93fbb1] + [[ -f /opt/hivemq/extensions/hivemq-enterprise-security-extension/DISABLED ]]
2025-01-31 19:17:08,520 INFO c.h.h.t.OperatorHelmChartContainer - [local-hivemq-6f4d548d79] [hivemq] [ac93fbb1] + was_enabled=0
2025-01-31 19:17:08,520 INFO c.h.h.t.OperatorHelmChartContainer - [local-hivemq-6f4d548d79] [hivemq] [ac93fbb1] + set -e
2025-01-31 19:17:08,520 INFO c.h.h.t.OperatorHelmChartContainer - [local-hivemq-6f4d548d79] [hivemq] [ac93fbb1] + [[ preinstalled != \p\r\e\i\n\s\t\a\l\l\e\d ]]
2025-01-31 19:17:08,520 INFO c.h.h.t.OperatorHelmChartContainer - [local-hivemq-6f4d548d79] [hivemq] [ac93fbb1] + [[ false == \f\a\l\s\e ]]
2025-01-31 19:17:08,520 INFO c.h.h.t.OperatorHelmChartContainer - [local-hivemq-6f4d548d79] [hivemq] [ac93fbb1] + touch /opt/hivemq/extensions/hivemq-enterprise-security-extension/DISABLED
2025-01-31 19:17:08,520 INFO c.h.h.t.OperatorHelmChartContainer - [local-hivemq-6f4d548d79] [hivemq] [ac93fbb1] + was_enabled=0
2025-01-31 19:17:08,520 INFO c.h.h.t.OperatorHelmChartContainer - [local-hivemq-6f4d548d79] [hivemq] [ac93fbb1] + [[ preinstalled != \p\r\e\i\n\s\t\a\l\l\e\d ]]
2025-01-31 19:17:08,520 INFO c.h.h.t.OperatorHelmChartContainer - [local-hivemq-6f4d548d79] [hivemq] [ac93fbb1] + /opt/hivemq/bin/run_initialization.sh hivemq-enterprise-security-extension
2025-01-31 19:17:08,520 INFO c.h.h.t.OperatorHelmChartContainer - [local-hivemq-6f4d548d79] [hivemq] [ac93fbb1] + EXTENSION_NAME=hivemq-enterprise-security-extension
2025-01-31 19:17:08,520 INFO c.h.h.t.OperatorHelmChartContainer - [local-hivemq-6f4d548d79] [hivemq] [ac93fbb1] + TARGET_DIR=/opt/hivemq/extensions/hivemq-enterprise-security-extension
2025-01-31 19:17:08,520 INFO c.h.h.t.OperatorHelmChartContainer - [local-hivemq-6f4d548d79] [hivemq] [ac93fbb1] + cd /opt/hivemq/extensions/hivemq-enterprise-security-extension
2025-01-31 19:17:08,520 INFO c.h.h.t.OperatorHelmChartContainer - [local-hivemq-6f4d548d79] [hivemq] [ac93fbb1] + [[ -f init_tmp ]]
2025-01-31 19:17:08,520 INFO c.h.h.t.OperatorHelmChartContainer - [local-hivemq-6f4d548d79] [hivemq] [ac93fbb1] + [[ -f /etc/podinfo/init-extension-hivemq-enterprise-security-extension ]]
2025-01-31 19:17:08,520 INFO c.h.h.t.OperatorHelmChartContainer - [local-hivemq-6f4d548d79] [hivemq] [ac93fbb1] + echo 'Using init script from config map'
2025-01-31 19:17:08,520 INFO c.h.h.t.OperatorHelmChartContainer - [local-hivemq-6f4d548d79] [hivemq] [ac93fbb1] + cat /etc/podinfo/init-extension-hivemq-enterprise-security-extension
2025-01-31 19:17:08,520 INFO c.h.h.t.OperatorHelmChartContainer - [local-hivemq-6f4d548d79] [hivemq] [ac93fbb1] Using init script from config map
2025-01-31 19:17:08,525 INFO c.h.h.t.OperatorHelmChartContainer - [local-hivemq-6f4d548d79] [hivemq] [ac93fbb1] Executing initialization script
2025-01-31 19:17:08,525 INFO c.h.h.t.OperatorHelmChartContainer - [local-hivemq-6f4d548d79] [hivemq] [ac93fbb1] + echo 'Executing initialization script'
2025-01-31 19:17:08,525 INFO c.h.h.t.OperatorHelmChartContainer - [local-hivemq-6f4d548d79] [hivemq] [ac93fbb1] + chmod +x init
2025-01-31 19:17:08,525 INFO c.h.h.t.OperatorHelmChartContainer - [local-hivemq-6f4d548d79] [hivemq] [ac93fbb1] + ./init
2025-01-31 19:17:08,525 INFO c.h.h.t.OperatorHelmChartContainer - [local-hivemq-6f4d548d79] [hivemq] [ac93fbb1]   % Total    % Received % Xferd  Average Speed   Time    Time     Time  Current
2025-01-31 19:17:08,525 INFO c.h.h.t.OperatorHelmChartContainer - [local-hivemq-6f4d548d79] [hivemq] [ac93fbb1]                                  Dload  Upload   Total   Spent    Left  Speed
2025-01-31 19:17:08,525 INFO c.h.h.t.OperatorHelmChartContainer - [local-hivemq-6f4d548d79] [hivemq] [ac93fbb1] 
2025-01-31 19:17:08,525 INFO c.h.h.t.OperatorHelmChartContainer - [local-hivemq-6f4d548d79] [hivemq] [ac93fbb1]   0     0    0     0    0     0      0      0 --:--:-- --:--:-- --:--:--     0
2025-01-31 19:17:08,525 INFO c.h.h.t.OperatorHelmChartContainer - [local-hivemq-6f4d548d79] [hivemq] [ac93fbb1] 100  910k  100  910k    0     0  1859k      0 --:--:-- --:--:-- --:--:-- 1862k
2025-01-31 19:17:08,525 INFO c.h.h.t.OperatorHelmChartContainer - [local-hivemq-6f4d548d79] [hivemq] [ac93fbb1] Installing extension #4 with name: hivemq-distributed-tracing-extension, URI: preinstalled, enabled state: false
2025-01-31 19:17:08,525 INFO c.h.h.t.OperatorHelmChartContainer - [local-hivemq-6f4d548d79] [hivemq] [ac93fbb1] + [[ 3 != 3 ]]
2025-01-31 19:17:08,525 INFO c.h.h.t.OperatorHelmChartContainer - [local-hivemq-6f4d548d79] [hivemq] [ac93fbb1] + EXTENSION_URI=preinstalled
2025-01-31 19:17:08,525 INFO c.h.h.t.OperatorHelmChartContainer - [local-hivemq-6f4d548d79] [hivemq] [ac93fbb1] + EXTENSION_NAME=hivemq-distributed-tracing-extension
2025-01-31 19:17:08,525 INFO c.h.h.t.OperatorHelmChartContainer - [local-hivemq-6f4d548d79] [hivemq] [ac93fbb1] + TARGET_STATE=false
2025-01-31 19:17:08,525 INFO c.h.h.t.OperatorHelmChartContainer - [local-hivemq-6f4d548d79] [hivemq] [ac93fbb1] + TARGET_DIR=/opt/hivemq/extensions/hivemq-distributed-tracing-extension
2025-01-31 19:17:08,525 INFO c.h.h.t.OperatorHelmChartContainer - [local-hivemq-6f4d548d79] [hivemq] [ac93fbb1] ++ mktemp -d
2025-01-31 19:17:08,525 INFO c.h.h.t.OperatorHelmChartContainer - [local-hivemq-6f4d548d79] [hivemq] [ac93fbb1] + install_dir=/tmp/tmp.iwaXR3xWdi
2025-01-31 19:17:08,525 INFO c.h.h.t.OperatorHelmChartContainer - [local-hivemq-6f4d548d79] [hivemq] [ac93fbb1] + set +e
2025-01-31 19:17:08,525 INFO c.h.h.t.OperatorHelmChartContainer - [local-hivemq-6f4d548d79] [hivemq] [ac93fbb1] + [[ -f /opt/hivemq/extensions/hivemq-distributed-tracing-extension/DISABLED ]]
2025-01-31 19:17:08,525 INFO c.h.h.t.OperatorHelmChartContainer - [local-hivemq-6f4d548d79] [hivemq] [ac93fbb1] + was_enabled=0
2025-01-31 19:17:08,525 INFO c.h.h.t.OperatorHelmChartContainer - [local-hivemq-6f4d548d79] [hivemq] [ac93fbb1] + set -e
2025-01-31 19:17:08,525 INFO c.h.h.t.OperatorHelmChartContainer - [local-hivemq-6f4d548d79] [hivemq] [ac93fbb1] + [[ preinstalled != \p\r\e\i\n\s\t\a\l\l\e\d ]]
2025-01-31 19:17:08,525 INFO c.h.h.t.OperatorHelmChartContainer - [local-hivemq-6f4d548d79] [hivemq] [ac93fbb1] + [[ false == \f\a\l\s\e ]]
2025-01-31 19:17:08,525 INFO c.h.h.t.OperatorHelmChartContainer - [local-hivemq-6f4d548d79] [hivemq] [ac93fbb1] + touch /opt/hivemq/extensions/hivemq-distributed-tracing-extension/DISABLED
2025-01-31 19:17:08,525 INFO c.h.h.t.OperatorHelmChartContainer - [local-hivemq-6f4d548d79] [hivemq] [ac93fbb1] + was_enabled=0
2025-01-31 19:17:08,525 INFO c.h.h.t.OperatorHelmChartContainer - [local-hivemq-6f4d548d79] [hivemq] [ac93fbb1] + [[ preinstalled != \p\r\e\i\n\s\t\a\l\l\e\d ]]
2025-01-31 19:17:08,525 INFO c.h.h.t.OperatorHelmChartContainer - [local-hivemq-6f4d548d79] [hivemq] [ac93fbb1] + /opt/hivemq/bin/run_initialization.sh hivemq-distributed-tracing-extension
2025-01-31 19:17:08,525 INFO c.h.h.t.OperatorHelmChartContainer - [local-hivemq-6f4d548d79] [hivemq] [ac93fbb1] + EXTENSION_NAME=hivemq-distributed-tracing-extension
2025-01-31 19:17:08,525 INFO c.h.h.t.OperatorHelmChartContainer - [local-hivemq-6f4d548d79] [hivemq] [ac93fbb1] + TARGET_DIR=/opt/hivemq/extensions/hivemq-distributed-tracing-extension
2025-01-31 19:17:08,525 INFO c.h.h.t.OperatorHelmChartContainer - [local-hivemq-6f4d548d79] [hivemq] [ac93fbb1] + cd /opt/hivemq/extensions/hivemq-distributed-tracing-extension
2025-01-31 19:17:08,525 INFO c.h.h.t.OperatorHelmChartContainer - [local-hivemq-6f4d548d79] [hivemq] [ac93fbb1] + [[ -f init_tmp ]]
2025-01-31 19:17:08,525 INFO c.h.h.t.OperatorHelmChartContainer - [local-hivemq-6f4d548d79] [hivemq] [ac93fbb1] + [[ -f /etc/podinfo/init-extension-hivemq-distributed-tracing-extension ]]
2025-01-31 19:17:08,525 INFO c.h.h.t.OperatorHelmChartContainer - [local-hivemq-6f4d548d79] [hivemq] [ac93fbb1] Installing extension #5 with name: hivemq-amazon-kinesis-extension, URI: preinstalled, enabled state: false
2025-01-31 19:17:08,525 INFO c.h.h.t.OperatorHelmChartContainer - [local-hivemq-6f4d548d79] [hivemq] [ac93fbb1] + [[ 3 != 3 ]]
2025-01-31 19:17:08,525 INFO c.h.h.t.OperatorHelmChartContainer - [local-hivemq-6f4d548d79] [hivemq] [ac93fbb1] + EXTENSION_URI=preinstalled
2025-01-31 19:17:08,525 INFO c.h.h.t.OperatorHelmChartContainer - [local-hivemq-6f4d548d79] [hivemq] [ac93fbb1] + EXTENSION_NAME=hivemq-amazon-kinesis-extension
2025-01-31 19:17:08,525 INFO c.h.h.t.OperatorHelmChartContainer - [local-hivemq-6f4d548d79] [hivemq] [ac93fbb1] + TARGET_STATE=false
2025-01-31 19:17:08,525 INFO c.h.h.t.OperatorHelmChartContainer - [local-hivemq-6f4d548d79] [hivemq] [ac93fbb1] + TARGET_DIR=/opt/hivemq/extensions/hivemq-amazon-kinesis-extension
2025-01-31 19:17:08,525 INFO c.h.h.t.OperatorHelmChartContainer - [local-hivemq-6f4d548d79] [hivemq] [ac93fbb1] ++ mktemp -d
2025-01-31 19:17:08,525 INFO c.h.h.t.OperatorHelmChartContainer - [local-hivemq-6f4d548d79] [hivemq] [ac93fbb1] + install_dir=/tmp/tmp.t4QoBDnig1
2025-01-31 19:17:08,525 INFO c.h.h.t.OperatorHelmChartContainer - [local-hivemq-6f4d548d79] [hivemq] [ac93fbb1] + set +e
2025-01-31 19:17:08,525 INFO c.h.h.t.OperatorHelmChartContainer - [local-hivemq-6f4d548d79] [hivemq] [ac93fbb1] + [[ -f /opt/hivemq/extensions/hivemq-amazon-kinesis-extension/DISABLED ]]
2025-01-31 19:17:08,525 INFO c.h.h.t.OperatorHelmChartContainer - [local-hivemq-6f4d548d79] [hivemq] [ac93fbb1] + was_enabled=0
2025-01-31 19:17:08,525 INFO c.h.h.t.OperatorHelmChartContainer - [local-hivemq-6f4d548d79] [hivemq] [ac93fbb1] + set -e
2025-01-31 19:17:08,525 INFO c.h.h.t.OperatorHelmChartContainer - [local-hivemq-6f4d548d79] [hivemq] [ac93fbb1] + [[ preinstalled != \p\r\e\i\n\s\t\a\l\l\e\d ]]
2025-01-31 19:17:08,525 INFO c.h.h.t.OperatorHelmChartContainer - [local-hivemq-6f4d548d79] [hivemq] [ac93fbb1] + [[ false == \f\a\l\s\e ]]
2025-01-31 19:17:08,525 INFO c.h.h.t.OperatorHelmChartContainer - [local-hivemq-6f4d548d79] [hivemq] [ac93fbb1] + touch /opt/hivemq/extensions/hivemq-amazon-kinesis-extension/DISABLED
2025-01-31 19:17:08,525 INFO c.h.h.t.OperatorHelmChartContainer - [local-hivemq-6f4d548d79] [hivemq] [ac93fbb1] + was_enabled=0
2025-01-31 19:17:08,525 INFO c.h.h.t.OperatorHelmChartContainer - [local-hivemq-6f4d548d79] [hivemq] [ac93fbb1] + [[ preinstalled != \p\r\e\i\n\s\t\a\l\l\e\d ]]
2025-01-31 19:17:08,525 INFO c.h.h.t.OperatorHelmChartContainer - [local-hivemq-6f4d548d79] [hivemq] [ac93fbb1] + /opt/hivemq/bin/run_initialization.sh hivemq-amazon-kinesis-extension
2025-01-31 19:17:08,525 INFO c.h.h.t.OperatorHelmChartContainer - [local-hivemq-6f4d548d79] [hivemq] [ac93fbb1] + EXTENSION_NAME=hivemq-amazon-kinesis-extension
2025-01-31 19:17:08,525 INFO c.h.h.t.OperatorHelmChartContainer - [local-hivemq-6f4d548d79] [hivemq] [ac93fbb1] + TARGET_DIR=/opt/hivemq/extensions/hivemq-amazon-kinesis-extension
2025-01-31 19:17:08,525 INFO c.h.h.t.OperatorHelmChartContainer - [local-hivemq-6f4d548d79] [hivemq] [ac93fbb1] + cd /opt/hivemq/extensions/hivemq-amazon-kinesis-extension
2025-01-31 19:17:08,525 INFO c.h.h.t.OperatorHelmChartContainer - [local-hivemq-6f4d548d79] [hivemq] [ac93fbb1] + [[ -f init_tmp ]]
2025-01-31 19:17:08,525 INFO c.h.h.t.OperatorHelmChartContainer - [local-hivemq-6f4d548d79] [hivemq] [ac93fbb1] + [[ -f /etc/podinfo/init-extension-hivemq-amazon-kinesis-extension ]]
2025-01-31 19:17:08,525 INFO c.h.h.t.OperatorHelmChartContainer - [local-hivemq-6f4d548d79] [hivemq] [ac93fbb1] -------------------------------------------------------------------------
2025-01-31 19:17:08,525 INFO c.h.h.t.OperatorHelmChartContainer - [local-hivemq-6f4d548d79] [hivemq] [ac93fbb1] 
2025-01-31 19:17:08,525 INFO c.h.h.t.OperatorHelmChartContainer - [local-hivemq-6f4d548d79] [hivemq] [ac93fbb1]                   _    _  _              __  __   ____
2025-01-31 19:17:08,525 INFO c.h.h.t.OperatorHelmChartContainer - [local-hivemq-6f4d548d79] [hivemq] [ac93fbb1]                  | |  | |(_)            |  \/  | / __ \
2025-01-31 19:17:08,525 INFO c.h.h.t.OperatorHelmChartContainer - [local-hivemq-6f4d548d79] [hivemq] [ac93fbb1]                  | |__| | _ __   __ ___ | \  / || |  | |
2025-01-31 19:17:08,525 INFO c.h.h.t.OperatorHelmChartContainer - [local-hivemq-6f4d548d79] [hivemq] [ac93fbb1]                  |  __  || |\ \ / // _ \| |\/| || |  | |
2025-01-31 19:17:08,525 INFO c.h.h.t.OperatorHelmChartContainer - [local-hivemq-6f4d548d79] [hivemq] [ac93fbb1]                  | |  | || | \ V /|  __/| |  | || |__| |
2025-01-31 19:17:08,525 INFO c.h.h.t.OperatorHelmChartContainer - [local-hivemq-6f4d548d79] [hivemq] [ac93fbb1]                  |_|  |_||_|  \_/  \___||_|  |_| \___\_\
2025-01-31 19:17:08,528 INFO c.h.h.t.OperatorHelmChartContainer - [local-hivemq-6f4d548d79] [hivemq] [ac93fbb1] 
2025-01-31 19:17:08,528 INFO c.h.h.t.OperatorHelmChartContainer - [local-hivemq-6f4d548d79] [hivemq] [ac93fbb1] -------------------------------------------------------------------------
2025-01-31 19:17:08,528 INFO c.h.h.t.OperatorHelmChartContainer - [local-hivemq-6f4d548d79] [hivemq] [ac93fbb1] 
2025-01-31 19:17:08,528 INFO c.h.h.t.OperatorHelmChartContainer - [local-hivemq-6f4d548d79] [hivemq] [ac93fbb1]   HiveMQ Start Script for Linux/Unix v1.14
2025-01-31 19:17:08,528 INFO c.h.h.t.OperatorHelmChartContainer - [local-hivemq-6f4d548d79] [hivemq] [ac93fbb1] 
2025-01-31 19:17:08,528 INFO c.h.h.t.OperatorHelmChartContainer - [local-hivemq-6f4d548d79] [hivemq] [ac93fbb1] -------------------------------------------------------------------------
2025-01-31 19:17:08,528 INFO c.h.h.t.OperatorHelmChartContainer - [local-hivemq-6f4d548d79] [hivemq] [ac93fbb1] 
2025-01-31 19:17:08,528 INFO c.h.h.t.OperatorHelmChartContainer - [local-hivemq-6f4d548d79] [hivemq] [ac93fbb1]   HIVEMQ_HOME: /opt/hivemq
2025-01-31 19:17:08,528 INFO c.h.h.t.OperatorHelmChartContainer - [local-hivemq-6f4d548d79] [hivemq] [ac93fbb1] 
2025-01-31 19:17:08,528 INFO c.h.h.t.OperatorHelmChartContainer - [local-hivemq-6f4d548d79] [hivemq] [ac93fbb1]   JAVA_OPTS: -XX:+UnlockExperimentalVMOptions -XX:InitialRAMPercentage=40 -XX:MaxRAMPercentage=50 -XX:MinRAMPercentage=30 -Djava.net.preferIPv4Stack=true --add-opens java.base/java.lang=ALL-UNNAMED --add-opens java.base/java.nio=ALL-UNNAMED --add-opens java.base/sun.nio.ch=ALL-UNNAMED --add-opens jdk.management/com.sun.management.internal=ALL-UNNAMED --add-exports java.base/jdk.internal.misc=ALL-UNNAMED -Djava.security.egd=file:/dev/./urandom -Dcom.sun.management.jmxremote -Dcom.sun.management.jmxremote.port=9010 -Dcom.sun.management.jmxremote.local.only=false -Dcom.sun.management.jmxremote.authenticate=false -Dcom.sun.management.jmxremote.ssl=false -Duser.language=en -Duser.region=US -XX:+CrashOnOutOfMemoryError -XX:+HeapDumpOnOutOfMemoryError
2025-01-31 19:17:08,528 INFO c.h.h.t.OperatorHelmChartContainer - [local-hivemq-6f4d548d79] [hivemq] [ac93fbb1] 
2025-01-31 19:17:08,528 INFO c.h.h.t.OperatorHelmChartContainer - [local-hivemq-6f4d548d79] [hivemq] [ac93fbb1]   JAVA_VERSION: 21
2025-01-31 19:17:08,528 INFO c.h.h.t.OperatorHelmChartContainer - [local-hivemq-6f4d548d79] [hivemq] [ac93fbb1] 
2025-01-31 19:17:08,528 INFO c.h.h.t.OperatorHelmChartContainer - [local-hivemq-6f4d548d79] [hivemq] [ac93fbb1] -------------------------------------------------------------------------
2025-01-31 19:17:08,528 INFO c.h.h.t.OperatorHelmChartContainer - [local-hivemq-6f4d548d79] [hivemq] [ac93fbb1] 
2025-01-31 19:17:08,528 INFO c.h.h.t.OperatorHelmChartContainer - [local-hivemq-6f4d548d79] [hivemq] [ac93fbb1] INFO  - Starting HiveMQ Enterprise Server
2025-01-31 19:17:08,528 INFO c.h.h.t.OperatorHelmChartContainer - [local-hivemq-6f4d548d79] [hivemq] [ac93fbb1] INFO  - HiveMQ version: 4.36.0
2025-01-31 19:17:08,528 INFO c.h.h.t.OperatorHelmChartContainer - [local-hivemq-6f4d548d79] [hivemq] [ac93fbb1] INFO  - HiveMQ home directory: /opt/hivemq
2025-01-31 19:17:08,528 INFO c.h.h.t.OperatorHelmChartContainer - [local-hivemq-6f4d548d79] [hivemq] [ac93fbb1] INFO  - Log Configuration was overridden by /opt/hivemq/conf/logback.xml
2025-01-31 19:17:08,528 INFO c.h.h.t.OperatorHelmChartContainer - [local-hivemq-6f4d548d79] [hivemq] [ac93fbb1] DEBUG - Adding TCP Listener on bind address 0.0.0.0 and port 1883. Name: tcp-listener-1883. Proxy Protocol supported: false
2025-01-31 19:17:08,528 INFO c.h.h.t.OperatorHelmChartContainer - [local-hivemq-6f4d548d79] [hivemq] [ac93fbb1] DEBUG - Setting retained messages enabled to true
2025-01-31 19:17:08,528 INFO c.h.h.t.OperatorHelmChartContainer - [local-hivemq-6f4d548d79] [hivemq] [ac93fbb1] DEBUG - Setting wildcard subscriptions enabled to true
2025-01-31 19:17:08,528 INFO c.h.h.t.OperatorHelmChartContainer - [local-hivemq-6f4d548d79] [hivemq] [ac93fbb1] DEBUG - Setting subscription identifier enabled to true
2025-01-31 19:17:08,528 INFO c.h.h.t.OperatorHelmChartContainer - [local-hivemq-6f4d548d79] [hivemq] [ac93fbb1] DEBUG - Setting shared subscriptions enabled to true
2025-01-31 19:17:08,528 INFO c.h.h.t.OperatorHelmChartContainer - [local-hivemq-6f4d548d79] [hivemq] [ac93fbb1] DEBUG - Setting maximum qos to EXACTLY_ONCE 
2025-01-31 19:17:08,528 INFO c.h.h.t.OperatorHelmChartContainer - [local-hivemq-6f4d548d79] [hivemq] [ac93fbb1] DEBUG - Setting topic alias enabled to true
2025-01-31 19:17:08,528 INFO c.h.h.t.OperatorHelmChartContainer - [local-hivemq-6f4d548d79] [hivemq] [ac93fbb1] DEBUG - Setting topic alias maximum per client to 5
2025-01-31 19:17:08,528 INFO c.h.h.t.OperatorHelmChartContainer - [local-hivemq-6f4d548d79] [hivemq] [ac93fbb1] DEBUG - Setting the number of max queued messages  per client to 1000 entries
2025-01-31 19:17:08,528 INFO c.h.h.t.OperatorHelmChartContainer - [local-hivemq-6f4d548d79] [hivemq] [ac93fbb1] DEBUG - Setting queued messages strategy for each client to DISCARD
2025-01-31 19:17:08,533 INFO c.h.h.t.OperatorHelmChartContainer - [local-hivemq-6f4d548d79] [hivemq] [ac93fbb1] DEBUG - Setting the expiry interval for client sessions to 4294967295 seconds
2025-01-31 19:17:08,538 INFO c.h.h.t.OperatorHelmChartContainer - [local-hivemq-6f4d548d79] [hivemq] [ac93fbb1] DEBUG - Setting the expiry interval for publish messages to 4294967296 seconds
2025-01-31 19:17:08,538 INFO c.h.h.t.OperatorHelmChartContainer - [local-hivemq-6f4d548d79] [hivemq] [ac93fbb1] DEBUG - Setting the server receive maximum to 10
2025-01-31 19:17:08,538 INFO c.h.h.t.OperatorHelmChartContainer - [local-hivemq-6f4d548d79] [hivemq] [ac93fbb1] DEBUG - Setting keep alive maximum to 65535 seconds
2025-01-31 19:17:08,538 INFO c.h.h.t.OperatorHelmChartContainer - [local-hivemq-6f4d548d79] [hivemq] [ac93fbb1] DEBUG - Setting keep alive allow zero to true
2025-01-31 19:17:08,538 INFO c.h.h.t.OperatorHelmChartContainer - [local-hivemq-6f4d548d79] [hivemq] [ac93fbb1] DEBUG - Setting the maximum packet size for mqtt messages 268435460 bytes
2025-01-31 19:17:08,538 INFO c.h.h.t.OperatorHelmChartContainer - [local-hivemq-6f4d548d79] [hivemq] [ac93fbb1] DEBUG - Setting global maximum allowed connections to -1
2025-01-31 19:17:08,538 INFO c.h.h.t.OperatorHelmChartContainer - [local-hivemq-6f4d548d79] [hivemq] [ac93fbb1] DEBUG - Setting the maximum client id length to 65535
2025-01-31 19:17:08,538 INFO c.h.h.t.OperatorHelmChartContainer - [local-hivemq-6f4d548d79] [hivemq] [ac93fbb1] DEBUG - Setting the timeout for disconnecting idle tcp connections before a connect message was received to 10000 milliseconds
2025-01-31 19:17:08,538 INFO c.h.h.t.OperatorHelmChartContainer - [local-hivemq-6f4d548d79] [hivemq] [ac93fbb1] DEBUG - Throttling the global incoming traffic limit 0 bytes/second
2025-01-31 19:17:08,538 INFO c.h.h.t.OperatorHelmChartContainer - [local-hivemq-6f4d548d79] [hivemq] [ac93fbb1] DEBUG - Setting the maximum topic length to 65535
2025-01-31 19:17:08,538 INFO c.h.h.t.OperatorHelmChartContainer - [local-hivemq-6f4d548d79] [hivemq] [ac93fbb1] DEBUG - Setting allow server assigned client identifier to true
2025-01-31 19:17:08,538 INFO c.h.h.t.OperatorHelmChartContainer - [local-hivemq-6f4d548d79] [hivemq] [ac93fbb1] DEBUG - Setting validate UTF-8 to true
2025-01-31 19:17:08,538 INFO c.h.h.t.OperatorHelmChartContainer - [local-hivemq-6f4d548d79] [hivemq] [ac93fbb1] DEBUG - Setting payload format validation to false
2025-01-31 19:17:08,538 INFO c.h.h.t.OperatorHelmChartContainer - [local-hivemq-6f4d548d79] [hivemq] [ac93fbb1] DEBUG - Setting allow-problem-information to true
2025-01-31 19:17:08,538 INFO c.h.h.t.OperatorHelmChartContainer - [local-hivemq-6f4d548d79] [hivemq] [ac93fbb1] DEBUG - Setting control-center audit log enabled to true
2025-01-31 19:17:08,538 INFO c.h.h.t.OperatorHelmChartContainer - [local-hivemq-6f4d548d79] [hivemq] [ac93fbb1] DEBUG - Setting rest-api audit log enabled to true
2025-01-31 19:17:08,538 INFO c.h.h.t.OperatorHelmChartContainer - [local-hivemq-6f4d548d79] [hivemq] [ac93fbb1] DEBUG - Setting HiveMQ Control Center enabled to true 
2025-01-31 19:17:08,538 INFO c.h.h.t.OperatorHelmChartContainer - [local-hivemq-6f4d548d79] [hivemq] [ac93fbb1] DEBUG - Setting HiveMQ Control Center default login enabled to true 
2025-01-31 19:17:08,538 INFO c.h.h.t.OperatorHelmChartContainer - [local-hivemq-6f4d548d79] [hivemq] [ac93fbb1] DEBUG - Setting HiveMQ Control Center session idle time to 14400 seconds
2025-01-31 19:17:08,538 INFO c.h.h.t.OperatorHelmChartContainer - [local-hivemq-6f4d548d79] [hivemq] [ac93fbb1] DEBUG - Adding Http-Listener to HiveMQ Control Center Config
2025-01-31 19:17:08,538 INFO c.h.h.t.OperatorHelmChartContainer - [local-hivemq-6f4d548d79] [hivemq] [ac93fbb1] DEBUG - Set TLS to disabled for cluster TCP transport
2025-01-31 19:17:08,538 INFO c.h.h.t.OperatorHelmChartContainer - [local-hivemq-6f4d548d79] [hivemq] [ac93fbb1] DEBUG - Setting replica count to 2 
2025-01-31 19:17:08,538 INFO c.h.h.t.OperatorHelmChartContainer - [local-hivemq-6f4d548d79] [hivemq] [ac93fbb1] DEBUG - Setting cluster TCP health-check enabled
2025-01-31 19:17:08,538 INFO c.h.h.t.OperatorHelmChartContainer - [local-hivemq-6f4d548d79] [hivemq] [ac93fbb1] DEBUG - Setting cluster TCP health-check bind-address to 10.42.0.7
2025-01-31 19:17:08,538 INFO c.h.h.t.OperatorHelmChartContainer - [local-hivemq-6f4d548d79] [hivemq] [ac93fbb1] DEBUG - Setting cluster TCP health-check bind-address to 9000
2025-01-31 19:17:08,538 INFO c.h.h.t.OperatorHelmChartContainer - [local-hivemq-6f4d548d79] [hivemq] [ac93fbb1] DEBUG - Setting cluster TCP health-check bind-port to 9000
2025-01-31 19:17:08,539 INFO c.h.h.t.OperatorHelmChartContainer - [local-hivemq-6f4d548d79] [hivemq] [ac93fbb1] DEBUG - Setting cluster TCP health-check external-address to default
2025-01-31 19:17:08,539 INFO c.h.h.t.OperatorHelmChartContainer - [local-hivemq-6f4d548d79] [hivemq] [ac93fbb1] DEBUG - Setting cluster TCP health-check external-port to 0
2025-01-31 19:17:08,539 INFO c.h.h.t.OperatorHelmChartContainer - [local-hivemq-6f4d548d79] [hivemq] [ac93fbb1] DEBUG - Setting cluster heartbeat enabled
2025-01-31 19:17:08,539 INFO c.h.h.t.OperatorHelmChartContainer - [local-hivemq-6f4d548d79] [hivemq] [ac93fbb1] DEBUG - Setting cluster heartbeat interval to 4000 ms
2025-01-31 19:17:08,539 INFO c.h.h.t.OperatorHelmChartContainer - [local-hivemq-6f4d548d79] [hivemq] [ac93fbb1] DEBUG - Setting the cluster heartbeat timeout to 30000 ms
2025-01-31 19:17:08,539 INFO c.h.h.t.OperatorHelmChartContainer - [local-hivemq-6f4d548d79] [hivemq] [ac93fbb1] DEBUG - Setting HiveMQ REST API enabled to false 
2025-01-31 19:17:08,539 INFO c.h.h.t.OperatorHelmChartContainer - [local-hivemq-6f4d548d79] [hivemq] [ac93fbb1] DEBUG - Setting HiveMQ REST API authentication enabled to false 
2025-01-31 19:17:08,539 INFO c.h.h.t.OperatorHelmChartContainer - [local-hivemq-6f4d548d79] [hivemq] [ac93fbb1] DEBUG - Setting HiveMQ Health API enabled to false 
2025-01-31 19:17:08,539 INFO c.h.h.t.OperatorHelmChartContainer - [local-hivemq-6f4d548d79] [hivemq] [ac93fbb1] DEBUG - Setting client event history enabled to false
2025-01-31 19:17:08,539 INFO c.h.h.t.OperatorHelmChartContainer - [local-hivemq-6f4d548d79] [hivemq] [ac93fbb1] DEBUG - Setting client event history lifetime to 604800000 ms
2025-01-31 19:17:08,539 INFO c.h.h.t.OperatorHelmChartContainer - [local-hivemq-6f4d548d79] [hivemq] [ac93fbb1] DEBUG - Setting overload protection enabled to true 
2025-01-31 19:17:08,539 INFO c.h.h.t.OperatorHelmChartContainer - [local-hivemq-6f4d548d79] [hivemq] [ac93fbb1] DEBUG - Setting anonymous usage statistics enabled to false 
2025-01-31 19:17:08,539 INFO c.h.h.t.OperatorHelmChartContainer - [local-hivemq-6f4d548d79] [hivemq] [ac93fbb1] DEBUG - Setting expired messages topic enabled to false
2025-01-31 19:17:08,539 INFO c.h.h.t.OperatorHelmChartContainer - [local-hivemq-6f4d548d79] [hivemq] [ac93fbb1] DEBUG - Setting dropped messages topic enabled to false
2025-01-31 19:17:08,539 INFO c.h.h.t.OperatorHelmChartContainer - [local-hivemq-6f4d548d79] [hivemq] [ac93fbb1] DEBUG - Setting dead messages topic enabled to false
2025-01-31 19:17:08,539 INFO c.h.h.t.OperatorHelmChartContainer - [local-hivemq-6f4d548d79] [hivemq] [ac93fbb1] INFO  - Successfully loaded configuration from '/opt/hivemq/conf/config.xml'.
2025-01-31 19:17:08,539 INFO c.h.h.t.OperatorHelmChartContainer - [local-hivemq-6f4d548d79] [hivemq] [ac93fbb1] DEBUG - Performing sanity checks.
2025-01-31 19:17:08,539 INFO c.h.h.t.OperatorHelmChartContainer - [local-hivemq-6f4d548d79] [hivemq] [ac93fbb1] DEBUG - Soft limit for open files (1048576) satisfies the recommended limit (1000000).
2025-01-31 19:17:08,539 INFO c.h.h.t.OperatorHelmChartContainer - [local-hivemq-6f4d548d79] [hivemq] [ac93fbb1] DEBUG - Hard limit for open files (1048576) satisfies the recommended limit (1000000).
2025-01-31 19:17:08,539 INFO c.h.h.t.OperatorHelmChartContainer - [local-hivemq-6f4d548d79] [hivemq] [ac93fbb1] DEBUG - HiveMQ license directory (/opt/hivemq/license) satisfies all required file-system permissions.
2025-01-31 19:17:08,539 INFO c.h.h.t.OperatorHelmChartContainer - [local-hivemq-6f4d548d79] [hivemq] [ac93fbb1] DEBUG - HiveMQ data directory (/opt/hivemq/data) satisfies all required file-system permissions.
2025-01-31 19:17:08,539 INFO c.h.h.t.OperatorHelmChartContainer - [local-hivemq-6f4d548d79] [hivemq] [ac93fbb1] DEBUG - HiveMQ log directory (/opt/hivemq/log) satisfies all required file-system permissions.
2025-01-31 19:17:08,539 INFO c.h.h.t.OperatorHelmChartContainer - [local-hivemq-6f4d548d79] [hivemq] [ac93fbb1] DEBUG - HiveMQ backup directory (/opt/hivemq/backup) satisfies all required file-system permissions.
2025-01-31 19:17:08,539 INFO c.h.h.t.OperatorHelmChartContainer - [local-hivemq-6f4d548d79] [hivemq] [ac93fbb1] DEBUG - HiveMQ audit directory (/opt/hivemq/audit) satisfies all required file-system permissions.
2025-01-31 19:17:08,539 INFO c.h.h.t.OperatorHelmChartContainer - [local-hivemq-6f4d548d79] [hivemq] [ac93fbb1] DEBUG - HiveMQ extensions directory (/opt/hivemq/extensions) satisfies all required file-system permissions.
2025-01-31 19:17:08,539 INFO c.h.h.t.OperatorHelmChartContainer - [local-hivemq-6f4d548d79] [hivemq] [ac93fbb1] DEBUG - Extension directory hivemq-allow-all-extension (/opt/hivemq/extensions/hivemq-allow-all-extension) satisfies all required file-system permissions.
2025-01-31 19:17:08,539 INFO c.h.h.t.OperatorHelmChartContainer - [local-hivemq-6f4d548d79] [hivemq] [ac93fbb1] DEBUG - Extension directory hivemq-google-cloud-pubsub-extension (/opt/hivemq/extensions/hivemq-google-cloud-pubsub-extension) satisfies all required file-system permissions.
2025-01-31 19:17:08,539 INFO c.h.h.t.OperatorHelmChartContainer - [local-hivemq-6f4d548d79] [hivemq] [ac93fbb1] DEBUG - Extension directory hivemq-enterprise-security-extension (/opt/hivemq/extensions/hivemq-enterprise-security-extension) satisfies all required file-system permissions.
2025-01-31 19:17:08,539 INFO c.h.h.t.OperatorHelmChartContainer - [local-hivemq-6f4d548d79] [hivemq] [ac93fbb1] DEBUG - Extension directory hivemq-bridge-extension (/opt/hivemq/extensions/hivemq-bridge-extension) satisfies all required file-system permissions.
2025-01-31 19:17:08,539 INFO c.h.h.t.OperatorHelmChartContainer - [local-hivemq-6f4d548d79] [hivemq] [ac93fbb1] DEBUG - Extension directory hivemq-kafka-extension (/opt/hivemq/extensions/hivemq-kafka-extension) satisfies all required file-system permissions.
2025-01-31 19:17:08,539 INFO c.h.h.t.OperatorHelmChartContainer - [local-hivemq-6f4d548d79] [hivemq] [ac93fbb1] DEBUG - Extension directory hivemq-distributed-tracing-extension (/opt/hivemq/extensions/hivemq-distributed-tracing-extension) satisfies all required file-system permissions.
2025-01-31 19:17:08,539 INFO c.h.h.t.OperatorHelmChartContainer - [local-hivemq-6f4d548d79] [hivemq] [ac93fbb1] DEBUG - Extension directory hivemq-prometheus-extension (/opt/hivemq/extensions/hivemq-prometheus-extension) satisfies all required file-system permissions.
2025-01-31 19:17:08,539 INFO c.h.h.t.OperatorHelmChartContainer - [local-hivemq-6f4d548d79] [hivemq] [ac93fbb1] DEBUG - Extension directory hivemq-amazon-kinesis-extension (/opt/hivemq/extensions/hivemq-amazon-kinesis-extension) satisfies all required file-system permissions.
2025-01-31 19:17:08,539 INFO c.h.h.t.OperatorHelmChartContainer - [local-hivemq-6f4d548d79] [hivemq] [ac93fbb1] DEBUG - Extension directory hivemq-k8s-sync-extension (/opt/hivemq/extensions/hivemq-k8s-sync-extension) satisfies all required file-system permissions.
2025-01-31 19:17:08,540 INFO c.h.h.t.OperatorHelmChartContainer - [local-hivemq-6f4d548d79] [hivemq] [ac93fbb1] DEBUG - Extension directory hivemq-dns-cluster-discovery (/opt/hivemq/extensions/hivemq-dns-cluster-discovery) satisfies all required file-system permissions.
2025-01-31 19:17:08,540 INFO c.h.h.t.OperatorHelmChartContainer - [local-hivemq-6f4d548d79] [hivemq] [ac93fbb1] DEBUG - Extension directory hivemq-snowflake-extension (/opt/hivemq/extensions/hivemq-snowflake-extension) satisfies all required file-system permissions.
2025-01-31 19:17:08,540 INFO c.h.h.t.OperatorHelmChartContainer - [local-hivemq-6f4d548d79] [hivemq] [ac93fbb1] DEBUG - Extension directory hivemq-postgresql-extension (/opt/hivemq/extensions/hivemq-postgresql-extension) satisfies all required file-system permissions.
2025-01-31 19:17:08,540 INFO c.h.h.t.OperatorHelmChartContainer - [local-hivemq-6f4d548d79] [hivemq] [ac93fbb1] DEBUG - Extension directory hivemq-mysql-extension (/opt/hivemq/extensions/hivemq-mysql-extension) satisfies all required file-system permissions.
2025-01-31 19:17:08,540 INFO c.h.h.t.OperatorHelmChartContainer - [local-hivemq-6f4d548d79] [hivemq] [ac93fbb1] DEBUG - Extension directory hivemq-mongodb-extension (/opt/hivemq/extensions/hivemq-mongodb-extension) satisfies all required file-system permissions.
2025-01-31 19:17:08,540 INFO c.h.h.t.OperatorHelmChartContainer - [local-hivemq-6f4d548d79] [hivemq] [ac93fbb1] DEBUG - Extension directory hivemq-data-lake-extension (/opt/hivemq/extensions/hivemq-data-lake-extension) satisfies all required file-system permissions.
2025-01-31 19:17:08,540 INFO c.h.h.t.OperatorHelmChartContainer - [local-hivemq-6f4d548d79] [hivemq] [ac93fbb1] DEBUG - Extension directory hivemq-microsoft-sql-server-extension (/opt/hivemq/extensions/hivemq-microsoft-sql-server-extension) satisfies all required file-system permissions.
2025-01-31 19:17:08,540 INFO c.h.h.t.OperatorHelmChartContainer - [local-hivemq-6f4d548d79] [hivemq] [ac93fbb1] DEBUG - Temporary directory (/tmp) satisfies all required file-system permissions.
2025-01-31 19:17:08,540 INFO c.h.h.t.OperatorHelmChartContainer - [local-hivemq-6f4d548d79] [hivemq] [ac93fbb1] DEBUG - Heap dump directory (/opt/hivemq/dumps) satisfies all required file-system permissions.
2025-01-31 19:17:08,540 INFO c.h.h.t.OperatorHelmChartContainer - [local-hivemq-6f4d548d79] [hivemq] [ac93fbb1] DEBUG - Performed all sanity checks in 59ms. All sanity checks passed successfully.
2025-01-31 19:17:08,540 INFO c.h.h.t.OperatorHelmChartContainer - [local-hivemq-6f4d548d79] [hivemq] [ac93fbb1] INFO  - This node's ID is i4tjy
2025-01-31 19:17:08,540 INFO c.h.h.t.OperatorHelmChartContainer - [local-hivemq-6f4d548d79] [hivemq] [ac93fbb1] INFO  - Clustering is enabled
2025-01-31 19:17:08,540 INFO c.h.h.t.OperatorHelmChartContainer - [local-hivemq-6f4d548d79] [hivemq] [ac93fbb1] DEBUG - Configured WriteBufferManager with size for memtables 311023370 and for the block cache 466535055
2025-01-31 19:17:08,540 INFO c.h.h.t.OperatorHelmChartContainer - [local-hivemq-6f4d548d79] [hivemq] [ac93fbb1] DEBUG - Starting RocksDBMemoryUsageWatchdog.
2025-01-31 19:17:08,540 INFO c.h.h.t.OperatorHelmChartContainer - [local-hivemq-6f4d548d79] [hivemq] [ac93fbb1] DEBUG - RocksDBMemoryUsageWatchdog is running.
2025-01-31 19:17:08,542 INFO c.h.h.t.OperatorHelmChartContainer - [local-hivemq-6f4d548d79] [hivemq] [ac93fbb1] DEBUG - Folder /opt/hivemq/data/persistence does not exist, trying to create it
2025-01-31 19:17:08,542 INFO c.h.h.t.OperatorHelmChartContainer - [local-hivemq-6f4d548d79] [hivemq] [ac93fbb1] DEBUG - Created folder /opt/hivemq/data
2025-01-31 19:17:08,542 INFO c.h.h.t.OperatorHelmChartContainer - [local-hivemq-6f4d548d79] [hivemq] [ac93fbb1] DEBUG - Folder /opt/hivemq/data/persistence/publish_payload_store/040500_R does not exist, trying to create it
2025-01-31 19:17:08,542 INFO c.h.h.t.OperatorHelmChartContainer - [local-hivemq-6f4d548d79] [hivemq] [ac93fbb1] DEBUG - Folder /opt/hivemq/data/persistence/client_queue/042800_R does not exist, trying to create it
2025-01-31 19:17:08,542 INFO c.h.h.t.OperatorHelmChartContainer - [local-hivemq-6f4d548d79] [hivemq] [ac93fbb1] DEBUG - Folder /opt/hivemq/data/persistence/client_session_store/040100_R does not exist, trying to create it
2025-01-31 19:17:08,542 INFO c.h.h.t.OperatorHelmChartContainer - [local-hivemq-6f4d548d79] [hivemq] [ac93fbb1] DEBUG - Folder /opt/hivemq/data/persistence/client_session_subscriptions/043200_R does not exist, trying to create it
2025-01-31 19:17:08,542 INFO c.h.h.t.OperatorHelmChartContainer - [local-hivemq-6f4d548d79] [hivemq] [ac93fbb1] DEBUG - Folder /opt/hivemq/data/persistence/retained_messages/040800_R does not exist, trying to create it
2025-01-31 19:17:08,542 INFO c.h.h.t.OperatorHelmChartContainer - [local-hivemq-6f4d548d79] [hivemq] [ac93fbb1] DEBUG - Folder /opt/hivemq/data/persistence/attribute/043100_R does not exist, trying to create it
2025-01-31 19:17:08,542 INFO c.h.h.t.OperatorHelmChartContainer - [local-hivemq-6f4d548d79] [hivemq] [ac93fbb1] DEBUG - Folder /opt/hivemq/data/persistence/incoming_message_flow/043000_R does not exist, trying to create it
2025-01-31 19:17:08,542 INFO c.h.h.t.OperatorHelmChartContainer - [local-hivemq-6f4d548d79] [hivemq] [ac93fbb1] DEBUG - Folder /opt/hivemq/data/persistence/data_hub_modules/043000_R does not exist, trying to create it
2025-01-31 19:17:08,542 INFO c.h.h.t.OperatorHelmChartContainer - [local-hivemq-6f4d548d79] [hivemq] [ac93fbb1] DEBUG - Folder /opt/hivemq/data/persistence/data_hub_schemas/042000_R does not exist, trying to create it
2025-01-31 19:17:08,542 INFO c.h.h.t.OperatorHelmChartContainer - [local-hivemq-6f4d548d79] [hivemq] [ac93fbb1] DEBUG - Folder /opt/hivemq/data/persistence/data_hub_scripts/042300_R does not exist, trying to create it
2025-01-31 19:17:08,542 INFO c.h.h.t.OperatorHelmChartContainer - [local-hivemq-6f4d548d79] [hivemq] [ac93fbb1] DEBUG - Folder /opt/hivemq/data/persistence/data_hub_policies/042000_R does not exist, trying to create it
2025-01-31 19:17:08,542 INFO c.h.h.t.OperatorHelmChartContainer - [local-hivemq-6f4d548d79] [hivemq] [ac93fbb1] DEBUG - Diagnostic mode is disabled
2025-01-31 19:17:08,542 INFO c.h.h.t.OperatorHelmChartContainer - [local-hivemq-6f4d548d79] [hivemq] [ac93fbb1] INFO  - No valid license file found. Using trial license, restricted to 25 connections.
2025-01-31 19:17:08,542 INFO c.h.h.t.OperatorHelmChartContainer - [local-hivemq-6f4d548d79] [hivemq] [ac93fbb1] DEBUG - Native Epoll is available on this platform
2025-01-31 19:17:08,542 INFO c.h.h.t.OperatorHelmChartContainer - [local-hivemq-6f4d548d79] [hivemq] [ac93fbb1] DEBUG - Set extension executor thread pool size to 1
2025-01-31 19:17:08,542 INFO c.h.h.t.OperatorHelmChartContainer - [local-hivemq-6f4d548d79] [hivemq] [ac93fbb1] DEBUG - Set extension executor thread pool keep-alive to 30 seconds
2025-01-31 19:17:08,542 INFO c.h.h.t.OperatorHelmChartContainer - [local-hivemq-6f4d548d79] [hivemq] [ac93fbb1] DEBUG - initializing RSA key
2025-01-31 19:17:08,542 INFO c.h.h.t.OperatorHelmChartContainer - [local-hivemq-6f4d548d79] [hivemq] [ac93fbb1] DEBUG - finished initializing RSA key in 1691ms
2025-01-31 19:17:08,542 INFO c.h.h.t.OperatorHelmChartContainer - [local-hivemq-6f4d548d79] [hivemq] [ac93fbb1] DEBUG - Unable to provide size and free metrics for disk /dev/sdb: Could not find the corresponding FileStore (OSHI/Java).
2025-01-31 19:17:08,545 INFO c.h.h.t.OperatorHelmChartContainer - [local-hivemq-6f4d548d79] [hivemq] [ac93fbb1] DEBUG - Unable to provide size and free metrics for disk /dev/sda: Could not find the corresponding FileStore (OSHI/Java).
2025-01-31 19:17:08,545 INFO c.h.h.t.OperatorHelmChartContainer - [local-hivemq-6f4d548d79] [hivemq] [ac93fbb1] DEBUG - Throttling incoming traffic to 0 B/s
2025-01-31 19:17:08,546 INFO c.h.h.t.OperatorHelmChartContainer - [local-hivemq-6f4d548d79] [hivemq] [ac93fbb1] DEBUG - Throttling outgoing traffic to 0 B/s
2025-01-31 19:17:08,546 INFO c.h.h.t.OperatorHelmChartContainer - [local-hivemq-6f4d548d79] [hivemq] [ac93fbb1] INFO  - No valid license file for Data Hub found. Using free license, restricted to 1 policy.
2025-01-31 19:17:08,546 INFO c.h.h.t.OperatorHelmChartContainer - [local-hivemq-6f4d548d79] [hivemq] [ac93fbb1] DEBUG - Building initial topic tree
2025-01-31 19:17:08,546 INFO c.h.h.t.OperatorHelmChartContainer - [local-hivemq-6f4d548d79] [hivemq] [ac93fbb1] DEBUG - Started JMX Metrics Reporting.
2025-01-31 19:17:08,546 INFO c.h.h.t.OperatorHelmChartContainer - [local-hivemq-6f4d548d79] [hivemq] [ac93fbb1] DEBUG - Registered JVM metrics with prefix com.hivemq.jvm.
2025-01-31 19:17:08,546 INFO c.h.h.t.OperatorHelmChartContainer - [local-hivemq-6f4d548d79] [hivemq] [ac93fbb1] DEBUG - Registered HiveMQ Health API metrics.
2025-01-31 19:17:08,546 INFO c.h.h.t.OperatorHelmChartContainer - [local-hivemq-6f4d548d79] [hivemq] [ac93fbb1] INFO  - Audit Logger started.
2025-01-31 19:17:08,546 INFO c.h.h.t.OperatorHelmChartContainer - [local-hivemq-6f4d548d79] [hivemq] [ac93fbb1] INFO  - This node uses '1' CPU cores.
2025-01-31 19:17:08,546 INFO c.h.h.t.OperatorHelmChartContainer - [local-hivemq-6f4d548d79] [hivemq] [ac93fbb1] INFO  - Starting HiveMQ extension system.
2025-01-31 19:17:08,546 INFO c.h.h.t.OperatorHelmChartContainer - [local-hivemq-6f4d548d79] [hivemq] [ac93fbb1] INFO  - Starting extension with id "hivemq-dns-cluster-discovery" at /opt/hivemq/extensions/hivemq-dns-cluster-discovery
2025-01-31 19:17:08,546 INFO c.h.h.t.OperatorHelmChartContainer - [local-hivemq-6f4d548d79] [hivemq] [ac93fbb1] DEBUG - HiveMQ DNS Cluster Discovery Extension: No DNS server address was set in the configuration file or environment variable.
2025-01-31 19:17:08,546 INFO c.h.h.t.OperatorHelmChartContainer - [local-hivemq-6f4d548d79] [hivemq] [ac93fbb1] DEBUG - HiveMQ DNS Cluster Discovery Extension: No reload interval was set in the configuration file or environment variable. Defaulting to 30.
2025-01-31 19:17:08,546 INFO c.h.h.t.OperatorHelmChartContainer - [local-hivemq-6f4d548d79] [hivemq] [ac93fbb1] INFO  - Extension "DNS Cluster Discovery Extension" version 4.3.3 started successfully.
2025-01-31 19:17:08,546 INFO c.h.h.t.OperatorHelmChartContainer - [local-hivemq-6f4d548d79] [hivemq] [ac93fbb1] INFO  - Starting extension with id "hivemq-k8s-sync-extension" at /opt/hivemq/extensions/hivemq-k8s-sync-extension
2025-01-31 19:17:08,546 INFO c.h.h.t.OperatorHelmChartContainer - [local-hivemq-6f4d548d79] [hivemq] [ac93fbb1] INFO  - Using TCP cluster transport on address 10.42.0.7 and port 7000
2025-01-31 19:17:08,546 INFO c.h.h.t.OperatorHelmChartContainer - [local-hivemq-6f4d548d79] [hivemq] [ac93fbb1] INFO  - Using extension cluster discovery
2025-01-31 19:17:08,546 INFO c.h.h.t.OperatorHelmChartContainer - [local-hivemq-6f4d548d79] [hivemq] [ac93fbb1] DEBUG - Could not get configMap modification timestamp for source /hivemq-data/conf/..data, likely no ConfigMap mounted
2025-01-31 19:17:08,546 INFO c.h.h.t.OperatorHelmChartContainer - [local-hivemq-6f4d548d79] [hivemq] [ac93fbb1] DEBUG - Could not get configMap modification timestamp for source /hivemq-data/extensions/..data, likely no ConfigMap mounted
2025-01-31 19:17:08,546 INFO c.h.h.t.OperatorHelmChartContainer - [local-hivemq-6f4d548d79] [hivemq] [ac93fbb1] DEBUG - Could not get configMap modification timestamp for source /hivemq-data/bin/..data, likely no ConfigMap mounted
2025-01-31 19:17:08,546 INFO c.h.h.t.OperatorHelmChartContainer - [local-hivemq-6f4d548d79] [hivemq] [ac93fbb1] INFO  - Started HiveMQ Kubernetes State Synchronization Extension:1.0.3
2025-01-31 19:17:08,546 INFO c.h.h.t.OperatorHelmChartContainer - [local-hivemq-6f4d548d79] [hivemq] [ac93fbb1] INFO  - Extension "HiveMQ Kubernetes State Synchronization Extension" version 1.0.3 started successfully.
2025-01-31 19:17:08,546 INFO c.h.h.t.OperatorHelmChartContainer - [local-hivemq-6f4d548d79] [hivemq] [ac93fbb1] INFO  - Starting extension with id "hivemq-allow-all-extension" at /opt/hivemq/extensions/hivemq-allow-all-extension
2025-01-31 19:17:08,546 INFO c.h.h.t.OperatorHelmChartContainer - [local-hivemq-6f4d548d79] [hivemq] [ac93fbb1] WARN  - 
2025-01-31 19:17:08,546 INFO c.h.h.t.OperatorHelmChartContainer - [local-hivemq-6f4d548d79] [hivemq] [ac93fbb1] ################################################################################################################
2025-01-31 19:17:08,546 INFO c.h.h.t.OperatorHelmChartContainer - [local-hivemq-6f4d548d79] [hivemq] [ac93fbb1] # This HiveMQ deployment is not secure! You are lacking Authentication and Authorization.                      #
2025-01-31 19:17:08,546 INFO c.h.h.t.OperatorHelmChartContainer - [local-hivemq-6f4d548d79] [hivemq] [ac93fbb1] # Right now any MQTT client can connect to the broker with a full set of permissions.                          #
2025-01-31 19:17:08,546 INFO c.h.h.t.OperatorHelmChartContainer - [local-hivemq-6f4d548d79] [hivemq] [ac93fbb1] # For production usage, add an appropriate security extension and remove the hivemq-allow-all extension.       #
2025-01-31 19:17:08,546 INFO c.h.h.t.OperatorHelmChartContainer - [local-hivemq-6f4d548d79] [hivemq] [ac93fbb1] # You can download security extensions from the HiveMQ Marketplace (https://www.hivemq.com/extensions/).       #
2025-01-31 19:17:08,546 INFO c.h.h.t.OperatorHelmChartContainer - [local-hivemq-6f4d548d79] [hivemq] [ac93fbb1] ################################################################################################################
2025-01-31 19:17:08,546 INFO c.h.h.t.OperatorHelmChartContainer - [local-hivemq-6f4d548d79] [hivemq] [ac93fbb1] DEBUG - Simple authenticator added by extension 'hivemq-allow-all-extension'.
2025-01-31 19:17:08,546 INFO c.h.h.t.OperatorHelmChartContainer - [local-hivemq-6f4d548d79] [hivemq] [ac93fbb1] INFO  - Extension "Allow All Extension" version 1.1.1 started successfully.
2025-01-31 19:17:08,546 INFO c.h.h.t.OperatorHelmChartContainer - [local-hivemq-6f4d548d79] [hivemq] [ac93fbb1] DEBUG - HiveMQ DNS Cluster Discovery Extension: Discovered new address '10.42.0.7'.
2025-01-31 19:17:08,546 INFO c.h.h.t.OperatorHelmChartContainer - [local-hivemq-6f4d548d79] [hivemq] [ac93fbb1] INFO  - i4tjy: no members discovered after 2197 ms: creating cluster as first member
2025-01-31 19:17:08,546 INFO c.h.h.t.OperatorHelmChartContainer - [local-hivemq-6f4d548d79] [hivemq] [ac93fbb1] INFO  - Cluster nodes found by discovery: [i4tjy|0] (1) [i4tjy].
2025-01-31 19:17:08,546 INFO c.h.h.t.OperatorHelmChartContainer - [local-hivemq-6f4d548d79] [hivemq] [ac93fbb1] DEBUG - State of node i4tjy changed to UNKNOWN was null. Current cluster node states: {i4tjy=UNKNOWN}
2025-01-31 19:17:08,546 INFO c.h.h.t.OperatorHelmChartContainer - [local-hivemq-6f4d548d79] [hivemq] [ac93fbb1] DEBUG - State of node i4tjy set to RUNNING. Current cluster node states: {i4tjy=RUNNING}
2025-01-31 19:17:08,546 INFO c.h.h.t.OperatorHelmChartContainer - [local-hivemq-6f4d548d79] [hivemq] [ac93fbb1] WARN  - No user for HiveMQ Control Center configured. Starting with default user
2025-01-31 19:17:08,546 INFO c.h.h.t.OperatorHelmChartContainer - [local-hivemq-6f4d548d79] [hivemq] [ac93fbb1] INFO  - Starting HiveMQ Control Center on address 0.0.0.0 and port 8080
2025-01-31 19:17:08,546 INFO c.h.h.t.OperatorHelmChartContainer - [local-hivemq-6f4d548d79] [hivemq] [ac93fbb1] INFO  - Mounting HiveMQ Control Center V2 Preview
2025-01-31 19:17:08,546 INFO c.h.h.t.OperatorHelmChartContainer - [local-hivemq-6f4d548d79] [hivemq] [ac93fbb1] INFO  - Started HiveMQ Control Center in 1397ms
2025-01-31 19:17:08,546 INFO c.h.h.t.OperatorHelmChartContainer - [local-hivemq-6f4d548d79] [hivemq] [ac93fbb1] INFO  - Starting TCP listener on address 0.0.0.0 and port 1883
2025-01-31 19:17:08,546 INFO c.h.h.t.OperatorHelmChartContainer - [local-hivemq-6f4d548d79] [hivemq] [ac93fbb1] INFO  - Started TCP Listener on address 0.0.0.0 and on port 1883.
2025-01-31 19:17:08,546 INFO c.h.h.t.OperatorHelmChartContainer - [local-hivemq-6f4d548d79] [hivemq] [ac93fbb1] INFO  - Started HiveMQ in 26538ms
2025-01-31 19:17:08,549 INFO c.h.h.t.OperatorHelmChartContainer - [EVENT] Normal [Started] Started container operator [default:local-hivemq-hivemq-operator-operator-6b564f6db4-8v8nd]
2025-01-31 19:17:08,549 INFO c.h.h.t.OperatorHelmChartContainer - Started log watcher for operator in pod local-hivemq-hivemq-operator-operator-6b564f6db4-8v8nd [a6ba7663-4934-404d-95dd-f910d8cc4a64]
2025-01-31 19:17:08,549 INFO c.h.h.t.OperatorHelmChartContainer - Received Started event for container operator in pod local-hivemq-hivemq-operator-operator-6b564f6db4-8v8nd [a6ba7663-4934-404d-95dd-f910d8cc4a64]
2025-01-31 19:17:08,549 INFO c.h.h.t.OperatorHelmChartContainer - [EVENT] Normal [SuccessfulCreate] Created pod: local-hivemq-hivemq-operator-operator-6b564f6db4-8v8nd [default:local-hivemq-hivemq-operator-operator-6b564f6db4]
2025-01-31 19:17:08,549 INFO c.h.h.t.OperatorHelmChartContainer - [EVENT] Normal [ScalingReplicaSet] Scaled up replica set local-hivemq-hivemq-operator-operator-6b564f6db4 from 0 to 1 [default:local-hivemq-hivemq-operator-operator]
2025-01-31 19:17:08,549 INFO c.h.h.t.OperatorHelmChartContainer - [EVENT] Normal [ScalingReplicaSet] Scaled up replica set local-hivemq-6f4d548d79 from 0 to 1 [default:local-hivemq]
2025-01-31 19:17:08,549 INFO c.h.h.t.OperatorHelmChartContainer - [local-hivemq-hivemq-operator] [operator] [a6ba7663] Picked up JAVA_TOOL_OPTIONS: -XX:+UnlockExperimentalVMOptions -XX:InitialRAMPercentage=75 -XX:MaxRAMPercentage=75
2025-01-31 19:17:08,549 INFO c.h.h.t.OperatorHelmChartContainer - [local-hivemq-hivemq-operator] [operator] [a6ba7663]  __  __ _                                  _   
2025-01-31 19:17:08,549 INFO c.h.h.t.OperatorHelmChartContainer - [local-hivemq-hivemq-operator] [operator] [a6ba7663] |  \/  (_) ___ _ __ ___  _ __   __ _ _   _| |_ 
2025-01-31 19:17:08,549 INFO c.h.h.t.OperatorHelmChartContainer - [local-hivemq-hivemq-operator] [operator] [a6ba7663] | |\/| | |/ __| '__/ _ \| '_ \ / _` | | | | __|
2025-01-31 19:17:08,549 INFO c.h.h.t.OperatorHelmChartContainer - [local-hivemq-hivemq-operator] [operator] [a6ba7663] | |  | | | (__| | | (_) | | | | (_| | |_| | |_ 
2025-01-31 19:17:08,549 INFO c.h.h.t.OperatorHelmChartContainer - [local-hivemq-hivemq-operator] [operator] [a6ba7663] |_|  |_|_|\___|_|  \___/|_| |_|\__,_|\__,_|\__|
2025-01-31 19:17:08,549 INFO c.h.h.t.OperatorHelmChartContainer - [local-hivemq-hivemq-operator] [operator] [a6ba7663]   Micronaut (v3.5.2)
2025-01-31 19:17:08,549 INFO c.h.h.t.OperatorHelmChartContainer - [local-hivemq-hivemq-operator] [operator] [a6ba7663] 
2025-01-31 19:17:08,549 INFO c.h.h.t.OperatorHelmChartContainer - [local-hivemq-hivemq-operator] [operator] [a6ba7663] ?[36m19:15:42.039?[0;39m ?[1;30m[main]?[0;39m ?[34mINFO ?[0;39m ?[35mio.micronaut.runtime.Micronaut?[0;39m - Startup completed in 2335ms. Server Running: http://local-hivemq-hivemq-operator-operator-6b564f6db4-8v8nd:8443
2025-01-31 19:17:08,549 INFO c.h.h.t.OperatorHelmChartContainer - [local-hivemq-hivemq-operator] [operator] [a6ba7663] ?[36m19:15:43.172?[0;39m ?[1;30m[main]?[0;39m ?[34mINFO ?[0;39m ?[35mcom.hivemq.Operator?[0;39m - Initializing HiveMQ operator
2025-01-31 19:17:08,549 INFO c.h.h.t.OperatorHelmChartContainer - [local-hivemq-hivemq-operator] [operator] [a6ba7663] ?[36m19:15:44.361?[0;39m ?[1;30m[main]?[0;39m ?[34mINFO ?[0;39m ?[35mcom.hivemq.Operator?[0;39m - Operating from namespace 'default'
2025-01-31 19:17:08,549 INFO c.h.h.t.OperatorHelmChartContainer - [local-hivemq-hivemq-operator] [operator] [a6ba7663] ?[36m19:15:44.544?[0;39m ?[1;30m[pool-3-thread-1]?[0;39m ?[34mINFO ?[0;39m ?[35mcom.hivemq.AbstractWatcher?[0;39m - CustomResource watcher running for kinds HiveMQCluster
2025-01-31 19:17:08,549 INFO c.h.h.t.OperatorHelmChartContainer - [local-hivemq-hivemq-operator] [operator] [a6ba7663] ?[36m19:15:45.140?[0;39m ?[1;30m[main]?[0;39m ?[34mINFO ?[0;39m ?[35mcom.hivemq.Operator?[0;39m - Operator started in 1968ms
2025-01-31 19:17:08,549 INFO c.h.h.t.OperatorHelmChartContainer - [local-hivemq-hivemq-operator] [operator] [a6ba7663] ?[36m19:15:45.358?[0;39m ?[1;30m[pool-3-thread-2]?[0;39m ?[34mINFO ?[0;39m ?[35mcom.hivemq.Operator?[0;39m - Syncing state for cluster 'local-hivemq' in namespace 'default'
2025-01-31 19:17:08,549 INFO c.h.h.t.OperatorHelmChartContainer - [local-hivemq-hivemq-operator] [operator] [a6ba7663] ?[36m19:15:49.742?[0;39m ?[1;30m[pool-3-thread-7]?[0;39m ?[34mINFO ?[0;39m ?[35mcom.hivemq.Operator?[0;39m - Syncing state for cluster 'local-hivemq' in namespace 'default'
2025-01-31 19:17:08,549 INFO c.h.h.t.OperatorHelmChartContainer - [local-hivemq-hivemq-operator] [operator] [a6ba7663] ?[36m19:15:50.645?[0;39m ?[1;30m[pool-3-thread-2]?[0;39m ?[34mINFO ?[0;39m ?[35mcom.hivemq.util.DeploymentUtil?[0;39m - Waiting for deployment local-hivemq to roll out...
2025-01-31 19:17:08,549 INFO c.h.h.t.OperatorHelmChartContainer - [local-hivemq-hivemq-operator] [operator] [a6ba7663] ?[36m19:15:51.259?[0;39m ?[1;30m[pool-3-thread-7]?[0;39m ?[34mINFO ?[0;39m ?[35mcom.hivemq.util.DeploymentUtil?[0;39m - Waiting for deployment local-hivemq to roll out...
2025-01-31 19:17:08,549 INFO c.h.h.t.OperatorHelmChartContainer - [local-hivemq-hivemq-operator] [operator] [a6ba7663] ?[36m19:17:07.868?[0;39m ?[1;30m[pool-3-thread-7]?[0;39m ?[34mINFO ?[0;39m ?[35mcom.hivemq.Operator?[0;39m - State synchronization complete for cluster 'local-hivemq' in namespace 'default' in 78127ms
2025-01-31 19:17:08,549 INFO c.h.h.t.OperatorHelmChartContainer - [local-hivemq-hivemq-operator] [operator] [a6ba7663] ?[36m19:17:08.261?[0;39m ?[1;30m[pool-3-thread-2]?[0;39m ?[34mINFO ?[0;39m ?[35mcom.hivemq.Operator?[0;39m - State synchronization complete for cluster 'local-hivemq' in namespace 'default' in 82903ms
2025-01-31 19:17:11,352 INFO c.h.h.t.OperatorHelmChartContainer - [local-hivemq-hivemq-operator] [operator] [a6ba7663] ?[36m19:17:11.350?[0;39m ?[1;30m[pool-3-thread-12]?[0;39m ?[34mINFO ?[0;39m ?[35mcom.hivemq.Operator?[0;39m - Syncing state for cluster 'local-hivemq' in namespace 'default'
2025-01-31 19:17:11,455 INFO c.h.h.t.OperatorHelmChartContainer - [K3S] [event.go:389] "Event occurred" object="default/hivemq-local-hivemq-mqtt" fieldPath="" kind="Service" apiVersion="v1" type="Normal" reason="DeletingLoadBalancer" message="Deleting load balancer"
2025-01-31 19:17:11,462 INFO c.h.h.t.OperatorHelmChartContainer - [EVENT] Normal [DeletingLoadBalancer] Deleting load balancer [default:hivemq-local-hivemq-mqtt]
2025-01-31 19:17:11,471 INFO c.h.h.t.OperatorHelmChartContainer - [K3S] [event.go:389] "Event occurred" object="default/hivemq-local-hivemq-mqtt" fieldPath="" kind="Service" apiVersion="v1" type="Normal" reason="DeletedLoadBalancer" message="Deleted load balancer"
2025-01-31 19:17:11,477 INFO c.h.h.t.OperatorHelmChartContainer - [K3S] [event.go:389] "Event occurred" object="default/hivemq-local-hivemq-mqtt" fieldPath="" kind="Service" apiVersion="v1" type="Normal" reason="DeletedDaemonSet" message="Deleted LoadBalancer DaemonSet kube-system/svclb-hivemq-local-hivemq-mqtt-1afa2424"
2025-01-31 19:17:11,487 INFO c.h.h.t.OperatorHelmChartContainer - [EVENT] Normal [DeletedLoadBalancer] Deleted load balancer [default:hivemq-local-hivemq-mqtt]
2025-01-31 19:17:11,489 INFO c.h.h.t.OperatorHelmChartContainer - [EVENT] Normal [DeletedDaemonSet] Deleted LoadBalancer DaemonSet kube-system/svclb-hivemq-local-hivemq-mqtt-1afa2424 [default:hivemq-local-hivemq-mqtt]
2025-01-31 19:17:11,499 INFO c.h.h.t.OperatorHelmChartContainer - [POD] svclb-hivemq-local-hivemq-mqtt-1afa2424-64clc [1d6611d9-6e6e-419e-b001-32c05cb17395] in kube-system was MODIFIED
2025-01-31 19:17:11,519 DEBUG c.h.h.t.OperatorHelmChartContainer - Chart 'local-hivemq' installed or upgraded
2025-01-31 19:17:11,539 DEBUG com.hivemq.helmcharts.util.K8sUtil - State to compare Running and waiting for Updating
2025-01-31 19:17:11,711 INFO c.h.h.t.OperatorHelmChartContainer - [POD] svclb-hivemq-local-hivemq-mqtt-1afa2424-64clc [1d6611d9-6e6e-419e-b001-32c05cb17395] in kube-system was MODIFIED
2025-01-31 19:17:11,936 DEBUG com.hivemq.helmcharts.util.K8sUtil - State to compare Running and waiting for Updating
2025-01-31 19:17:11,966 DEBUG com.hivemq.helmcharts.util.K8sUtil - State to compare Updating and waiting for Updating
2025-01-31 19:17:11,978 DEBUG com.hivemq.helmcharts.util.K8sUtil - State to compare Updating and waiting for Running
2025-01-31 19:17:12,163 INFO c.h.h.t.OperatorHelmChartContainer - [EVENT] Normal [ScalingReplicaSet] Scaled up replica set local-hivemq-5fcc877b5c from 0 to 1 [default:local-hivemq]
2025-01-31 19:17:12,171 INFO c.h.h.t.OperatorHelmChartContainer - [EVENT] Normal [SuccessfulCreate] Created pod: local-hivemq-5fcc877b5c-lzckq [default:local-hivemq-5fcc877b5c]
2025-01-31 19:17:12,176 INFO c.h.h.t.OperatorHelmChartContainer - [K3S] [memory_manager.go:355] "RemoveStaleState removing state" podUID="1d6611d9-6e6e-419e-b001-32c05cb17395" containerName="lb-tcp-1883"
2025-01-31 19:17:12,177 INFO c.h.h.t.OperatorHelmChartContainer - [K3S] [replica_set.go:679] "Finished syncing" kind="ReplicaSet" key="default/local-hivemq-5fcc877b5c" duration="15.717104ms"
2025-01-31 19:17:12,179 INFO c.h.h.t.OperatorHelmChartContainer - [POD] local-hivemq-5fcc877b5c-lzckq [0e807257-3c5e-48c4-9fd3-0e2e231b273d] in default was ADDED
2025-01-31 19:17:12,182 INFO c.h.h.t.OperatorHelmChartContainer - [EVENT] Normal [Scheduled] Successfully assigned default/local-hivemq-5fcc877b5c-lzckq to b8ea6f035c0d [default:local-hivemq-5fcc877b5c-lzckq]
2025-01-31 19:17:12,183 INFO c.h.h.t.OperatorHelmChartContainer - [POD] local-hivemq-5fcc877b5c-lzckq [0e807257-3c5e-48c4-9fd3-0e2e231b273d] in default was MODIFIED
2025-01-31 19:17:12,198 INFO c.h.h.t.OperatorHelmChartContainer - [POD] local-hivemq-5fcc877b5c-lzckq [0e807257-3c5e-48c4-9fd3-0e2e231b273d] in default was MODIFIED
2025-01-31 19:17:12,203 INFO c.h.h.t.OperatorHelmChartContainer - [K3S] [replica_set.go:679] "Finished syncing" kind="ReplicaSet" key="default/local-hivemq-5fcc877b5c" duration="23.328181ms"
2025-01-31 19:17:12,204 INFO c.h.h.t.OperatorHelmChartContainer - [K3S] [reconciler_common.go:251] "operationExecutor.VerifyControllerAttachedVolume started for volume \"log\" (UniqueName: \"kubernetes.io/empty-dir/0e807257-3c5e-48c4-9fd3-0e2e231b273d-log\") pod \"local-hivemq-5fcc877b5c-lzckq\" (UID: \"0e807257-3c5e-48c4-9fd3-0e2e231b273d\") " pod="default/local-hivemq-5fcc877b5c-lzckq"
2025-01-31 19:17:12,204 INFO c.h.h.t.OperatorHelmChartContainer - [K3S] [reconciler_common.go:251] "operationExecutor.VerifyControllerAttachedVolume started for volume \"conf-override\" (UniqueName: \"kubernetes.io/empty-dir/0e807257-3c5e-48c4-9fd3-0e2e231b273d-conf-override\") pod \"local-hivemq-5fcc877b5c-lzckq\" (UID: \"0e807257-3c5e-48c4-9fd3-0e2e231b273d\") " pod="default/local-hivemq-5fcc877b5c-lzckq"
2025-01-31 19:17:12,204 INFO c.h.h.t.OperatorHelmChartContainer - [K3S] [reconciler_common.go:251] "operationExecutor.VerifyControllerAttachedVolume started for volume \"data\" (UniqueName: \"kubernetes.io/empty-dir/0e807257-3c5e-48c4-9fd3-0e2e231b273d-data\") pod \"local-hivemq-5fcc877b5c-lzckq\" (UID: \"0e807257-3c5e-48c4-9fd3-0e2e231b273d\") " pod="default/local-hivemq-5fcc877b5c-lzckq"
2025-01-31 19:17:12,205 INFO c.h.h.t.OperatorHelmChartContainer - [K3S] [reconciler_common.go:251] "operationExecutor.VerifyControllerAttachedVolume started for volume \"heap-dumps\" (UniqueName: \"kubernetes.io/empty-dir/0e807257-3c5e-48c4-9fd3-0e2e231b273d-heap-dumps\") pod \"local-hivemq-5fcc877b5c-lzckq\" (UID: \"0e807257-3c5e-48c4-9fd3-0e2e231b273d\") " pod="default/local-hivemq-5fcc877b5c-lzckq"
2025-01-31 19:17:12,205 INFO c.h.h.t.OperatorHelmChartContainer - [K3S] [reconciler_common.go:251] "operationExecutor.VerifyControllerAttachedVolume started for volume \"ese-extension-config\" (UniqueName: \"kubernetes.io/configmap/0e807257-3c5e-48c4-9fd3-0e2e231b273d-ese-extension-config\") pod \"local-hivemq-5fcc877b5c-lzckq\" (UID: \"0e807257-3c5e-48c4-9fd3-0e2e231b273d\") " pod="default/local-hivemq-5fcc877b5c-lzckq"
2025-01-31 19:17:12,205 INFO c.h.h.t.OperatorHelmChartContainer - [K3S] [reconciler_common.go:251] "operationExecutor.VerifyControllerAttachedVolume started for volume \"shared-data\" (UniqueName: \"kubernetes.io/empty-dir/0e807257-3c5e-48c4-9fd3-0e2e231b273d-shared-data\") pod \"local-hivemq-5fcc877b5c-lzckq\" (UID: \"0e807257-3c5e-48c4-9fd3-0e2e231b273d\") " pod="default/local-hivemq-5fcc877b5c-lzckq"
2025-01-31 19:17:12,205 INFO c.h.h.t.OperatorHelmChartContainer - [K3S] [reconciler_common.go:251] "operationExecutor.VerifyControllerAttachedVolume started for volume \"live-info\" (UniqueName: \"kubernetes.io/configmap/0e807257-3c5e-48c4-9fd3-0e2e231b273d-live-info\") pod \"local-hivemq-5fcc877b5c-lzckq\" (UID: \"0e807257-3c5e-48c4-9fd3-0e2e231b273d\") " pod="default/local-hivemq-5fcc877b5c-lzckq"
2025-01-31 19:17:12,205 INFO c.h.h.t.OperatorHelmChartContainer - [K3S] [reconciler_common.go:251] "operationExecutor.VerifyControllerAttachedVolume started for volume \"backup\" (UniqueName: \"kubernetes.io/empty-dir/0e807257-3c5e-48c4-9fd3-0e2e231b273d-backup\") pod \"local-hivemq-5fcc877b5c-lzckq\" (UID: \"0e807257-3c5e-48c4-9fd3-0e2e231b273d\") " pod="default/local-hivemq-5fcc877b5c-lzckq"
2025-01-31 19:17:12,205 INFO c.h.h.t.OperatorHelmChartContainer - [K3S] [reconciler_common.go:251] "operationExecutor.VerifyControllerAttachedVolume started for volume \"audit\" (UniqueName: \"kubernetes.io/empty-dir/0e807257-3c5e-48c4-9fd3-0e2e231b273d-audit\") pod \"local-hivemq-5fcc877b5c-lzckq\" (UID: \"0e807257-3c5e-48c4-9fd3-0e2e231b273d\") " pod="default/local-hivemq-5fcc877b5c-lzckq"
2025-01-31 19:17:12,205 INFO c.h.h.t.OperatorHelmChartContainer - [K3S] [reconciler_common.go:251] "operationExecutor.VerifyControllerAttachedVolume started for volume \"kube-api-access-lnf47\" (UniqueName: \"kubernetes.io/projected/0e807257-3c5e-48c4-9fd3-0e2e231b273d-kube-api-access-lnf47\") pod \"local-hivemq-5fcc877b5c-lzckq\" (UID: \"0e807257-3c5e-48c4-9fd3-0e2e231b273d\") " pod="default/local-hivemq-5fcc877b5c-lzckq"
2025-01-31 19:17:12,205 INFO c.h.h.t.OperatorHelmChartContainer - [K3S] [reconciler_common.go:251] "operationExecutor.VerifyControllerAttachedVolume started for volume \"dns-wait-config\" (UniqueName: \"kubernetes.io/configmap/0e807257-3c5e-48c4-9fd3-0e2e231b273d-dns-wait-config\") pod \"local-hivemq-5fcc877b5c-lzckq\" (UID: \"0e807257-3c5e-48c4-9fd3-0e2e231b273d\") " pod="default/local-hivemq-5fcc877b5c-lzckq"
2025-01-31 19:17:12,211 INFO c.h.h.t.OperatorHelmChartContainer - [K3S] [scope.go:117] "RemoveContainer" containerID="37d6c0c7a0548bcd8e929fa23ec5be3c0785a9949449ef0edb796ddfcd1e32bd"
2025-01-31 19:17:12,226 INFO c.h.h.t.OperatorHelmChartContainer - [K3S] [scope.go:117] "RemoveContainer" containerID="37d6c0c7a0548bcd8e929fa23ec5be3c0785a9949449ef0edb796ddfcd1e32bd"
2025-01-31 19:17:12,226 INFO c.h.h.t.OperatorHelmChartContainer - [local-hivemq-hivemq-operator] [operator] [a6ba7663] ?[36m19:17:12.224?[0;39m ?[1;30m[pool-3-thread-12]?[0;39m ?[34mINFO ?[0;39m ?[35mcom.hivemq.util.DeploymentUtil?[0;39m - Waiting for deployment local-hivemq to roll out...
2025-01-31 19:17:12,229 INFO c.h.h.t.OperatorHelmChartContainer - [K3S] [replica_set.go:679] "Finished syncing" kind="ReplicaSet" key="default/local-hivemq-5fcc877b5c" duration="28.795567ms"
2025-01-31 19:17:12,230 INFO c.h.h.t.OperatorHelmChartContainer - [K3S] [replica_set.go:679] "Finished syncing" kind="ReplicaSet" key="default/local-hivemq-5fcc877b5c" duration="64.2µs"
2025-01-31 19:17:12,243 INFO c.h.h.t.OperatorHelmChartContainer - [POD] svclb-hivemq-local-hivemq-mqtt-1afa2424-64clc [1d6611d9-6e6e-419e-b001-32c05cb17395] in kube-system was MODIFIED
2025-01-31 19:17:12,244 INFO c.h.h.t.OperatorHelmChartContainer - [POD] svclb-hivemq-local-hivemq-mqtt-1afa2424-64clc [1d6611d9-6e6e-419e-b001-32c05cb17395] in kube-system was DELETED
2025-01-31 19:17:12,289 DEBUG com.hivemq.helmcharts.util.K8sUtil - State to compare Updating and waiting for Running
2025-01-31 19:17:12,364 DEBUG com.hivemq.helmcharts.util.K8sUtil - State to compare Updating and waiting for Running
2025-01-31 19:17:12,577 INFO c.h.h.t.OperatorHelmChartContainer - [EVENT] Normal [Pulling] Pulling image "busybox:latest" [default:local-hivemq-5fcc877b5c-lzckq]
2025-01-31 19:17:12,986 INFO c.h.h.t.OperatorHelmChartContainer - [K3S] [kubelet_volumes.go:163] "Cleaned up orphaned pod volumes dir" podUID="1d6611d9-6e6e-419e-b001-32c05cb17395" path="/var/lib/kubelet/pods/1d6611d9-6e6e-419e-b001-32c05cb17395/volumes"
2025-01-31 19:17:13,186 INFO c.h.h.t.OperatorHelmChartContainer - [EVENT] Normal [Pulled] Successfully pulled image "busybox:latest" in 609ms (609ms including waiting). Image size: 2167089 bytes. [default:local-hivemq-5fcc877b5c-lzckq]
2025-01-31 19:17:13,196 INFO c.h.h.t.OperatorHelmChartContainer - [EVENT] Normal [Created] Created container: init-shared [default:local-hivemq-5fcc877b5c-lzckq]
2025-01-31 19:17:13,239 INFO c.h.h.t.OperatorHelmChartContainer - [EVENT] Normal [Started] Started container init-shared [default:local-hivemq-5fcc877b5c-lzckq]
2025-01-31 19:17:14,222 INFO c.h.h.t.OperatorHelmChartContainer - [EVENT] Normal [Pulled] Container image "hivemq/init-dns-wait:snapshot" already present on machine [default:local-hivemq-5fcc877b5c-lzckq]
2025-01-31 19:17:14,228 INFO c.h.h.t.OperatorHelmChartContainer - [EVENT] Normal [Created] Created container: dns-wait [default:local-hivemq-5fcc877b5c-lzckq]
2025-01-31 19:17:14,233 INFO c.h.h.t.OperatorHelmChartContainer - [K3S] [replica_set.go:679] "Finished syncing" kind="ReplicaSet" key="default/local-hivemq-5fcc877b5c" duration="51.626µs"
2025-01-31 19:17:14,241 INFO c.h.h.t.OperatorHelmChartContainer - [POD] local-hivemq-5fcc877b5c-lzckq [0e807257-3c5e-48c4-9fd3-0e2e231b273d] in default was MODIFIED
2025-01-31 19:17:14,286 INFO c.h.h.t.OperatorHelmChartContainer - [EVENT] Normal [Started] Started container dns-wait [default:local-hivemq-5fcc877b5c-lzckq]
2025-01-31 19:17:15,231 INFO c.h.h.t.OperatorHelmChartContainer - [K3S] [replica_set.go:679] "Finished syncing" kind="ReplicaSet" key="default/local-hivemq-5fcc877b5c" duration="51.176µs"
2025-01-31 19:17:15,233 INFO c.h.h.t.OperatorHelmChartContainer - [POD] local-hivemq-5fcc877b5c-lzckq [0e807257-3c5e-48c4-9fd3-0e2e231b273d] in default was MODIFIED
2025-01-31 19:17:25,240 INFO c.h.h.t.OperatorHelmChartContainer - [EVENT] Normal [Pulled] Container image "hivemq/hivemq4:k8s-4.36.0" already present on machine [default:local-hivemq-5fcc877b5c-lzckq]
2025-01-31 19:17:25,241 INFO c.h.h.t.OperatorHelmChartContainer - Received Pulled event for container hivemq in pod local-hivemq-5fcc877b5c-lzckq [0e807257-3c5e-48c4-9fd3-0e2e231b273d]
2025-01-31 19:17:25,250 INFO c.h.h.t.OperatorHelmChartContainer - [K3S] [replica_set.go:679] "Finished syncing" kind="ReplicaSet" key="default/local-hivemq-5fcc877b5c" duration="56.296µs"
2025-01-31 19:17:25,252 INFO c.h.h.t.OperatorHelmChartContainer - [POD] local-hivemq-5fcc877b5c-lzckq [0e807257-3c5e-48c4-9fd3-0e2e231b273d] in default was MODIFIED
2025-01-31 19:17:25,253 INFO c.h.h.t.OperatorHelmChartContainer - [EVENT] Normal [Created] Created container: hivemq [default:local-hivemq-5fcc877b5c-lzckq]
2025-01-31 19:17:25,253 INFO c.h.h.t.OperatorHelmChartContainer - Received Created event for container hivemq in pod local-hivemq-5fcc877b5c-lzckq [0e807257-3c5e-48c4-9fd3-0e2e231b273d]
2025-01-31 19:17:26,257 INFO c.h.h.t.OperatorHelmChartContainer - [K3S] [replica_set.go:679] "Finished syncing" kind="ReplicaSet" key="default/local-hivemq-5fcc877b5c" duration="64.18µs"
2025-01-31 19:17:26,260 INFO c.h.h.t.OperatorHelmChartContainer - [POD] local-hivemq-5fcc877b5c-lzckq [0e807257-3c5e-48c4-9fd3-0e2e231b273d] in default was MODIFIED
2025-01-31 19:17:26,267 INFO c.h.h.t.OperatorHelmChartContainer - Started log watcher for hivemq in pod local-hivemq-5fcc877b5c-lzckq [0e807257-3c5e-48c4-9fd3-0e2e231b273d]
2025-01-31 19:17:26,268 INFO c.h.h.t.OperatorHelmChartContainer - [local-hivemq-5fcc877b5c] [hivemq] [0e807257] Copying external files
2025-01-31 19:17:26,268 INFO c.h.h.t.OperatorHelmChartContainer - [local-hivemq-5fcc877b5c] [hivemq] [0e807257] '/conf-override/extensions/hivemq-enterprise-security-extension/..2025_01_31_19_17_12.3455058223' -> '/opt/hivemq/extensions/hivemq-enterprise-security-extension/..2025_01_31_19_17_12.3455058223'
2025-01-31 19:17:26,268 INFO c.h.h.t.OperatorHelmChartContainer - [local-hivemq-5fcc877b5c] [hivemq] [0e807257] '/conf-override/extensions/hivemq-enterprise-security-extension/..2025_01_31_19_17_12.3455058223/hivemq-enterprise-security-extension.xml' -> '/opt/hivemq/extensions/hivemq-enterprise-security-extension/..2025_01_31_19_17_12.3455058223/hivemq-enterprise-security-extension.xml'
2025-01-31 19:17:26,267 INFO c.h.h.t.OperatorHelmChartContainer - [EVENT] Normal [Started] Started container hivemq [default:local-hivemq-5fcc877b5c-lzckq]
2025-01-31 19:17:26,269 INFO c.h.h.t.OperatorHelmChartContainer - [local-hivemq-5fcc877b5c] [hivemq] [0e807257] '/conf-override/extensions/hivemq-enterprise-security-extension/..data' -> '/opt/hivemq/extensions/hivemq-enterprise-security-extension/..data'
2025-01-31 19:17:26,269 INFO c.h.h.t.OperatorHelmChartContainer - [local-hivemq-5fcc877b5c] [hivemq] [0e807257] '/conf-override/extensions/hivemq-enterprise-security-extension/hivemq-enterprise-security-extension.xml' -> '/opt/hivemq/extensions/hivemq-enterprise-security-extension/hivemq-enterprise-security-extension.xml'
2025-01-31 19:17:26,269 INFO c.h.h.t.OperatorHelmChartContainer - Received Started event for container hivemq in pod local-hivemq-5fcc877b5c-lzckq [0e807257-3c5e-48c4-9fd3-0e2e231b273d]
2025-01-31 19:17:26,269 INFO c.h.h.t.OperatorHelmChartContainer - [local-hivemq-5fcc877b5c] [hivemq] [0e807257] Rewriting config.xml...
2025-01-31 19:17:26,269 INFO c.h.h.t.OperatorHelmChartContainer - [local-hivemq-5fcc877b5c] [hivemq] [0e807257] Creating initial lastUpdate files...
2025-01-31 19:17:26,269 INFO c.h.h.t.OperatorHelmChartContainer - [local-hivemq-5fcc877b5c] [hivemq] [0e807257] '/conf-override/extensions/hivemq-enterprise-security-extension/..2025_01_31_19_17_12.3455058223/hivemq-enterprise-security-extension.xml' -> '/opt/hivemq/extensions/hivemq-enterprise-security-extension/..2025_01_31_19_17_12.3455058223/hivemq-enterprise-security-extension.xml.lastUpdate'
2025-01-31 19:17:26,269 INFO c.h.h.t.OperatorHelmChartContainer - [local-hivemq-5fcc877b5c] [hivemq] [0e807257] Disabling Prometheus
2025-01-31 19:17:26,269 INFO c.h.h.t.OperatorHelmChartContainer - [local-hivemq-5fcc877b5c] [hivemq] [0e807257] Pod info:
2025-01-31 19:17:26,269 INFO c.h.h.t.OperatorHelmChartContainer - [local-hivemq-5fcc877b5c] [hivemq] [0e807257] extension-names=hivemq-enterprise-security-extension
2025-01-31 19:17:26,269 INFO c.h.h.t.OperatorHelmChartContainer - [local-hivemq-5fcc877b5c] [hivemq] [0e807257] extension-uris=preinstalled
2025-01-31 19:17:26,269 INFO c.h.h.t.OperatorHelmChartContainer - [local-hivemq-5fcc877b5c] [hivemq] [0e807257] extension-states=true
2025-01-31 19:17:26,269 INFO c.h.h.t.OperatorHelmChartContainer - [local-hivemq-5fcc877b5c] [hivemq] [0e807257] extensions-static=false
2025-01-31 19:17:26,269 INFO c.h.h.t.OperatorHelmChartContainer - [local-hivemq-5fcc877b5c] [hivemq] [0e807257] Installing extension #0 with name: hivemq-enterprise-security-extension, URI: preinstalled, enabled state: true
2025-01-31 19:17:26,269 INFO c.h.h.t.OperatorHelmChartContainer - [local-hivemq-5fcc877b5c] [hivemq] [0e807257] + [[ 3 != 3 ]]
2025-01-31 19:17:26,269 INFO c.h.h.t.OperatorHelmChartContainer - [local-hivemq-5fcc877b5c] [hivemq] [0e807257] + EXTENSION_URI=preinstalled
2025-01-31 19:17:26,269 INFO c.h.h.t.OperatorHelmChartContainer - [local-hivemq-5fcc877b5c] [hivemq] [0e807257] + EXTENSION_NAME=hivemq-enterprise-security-extension
2025-01-31 19:17:26,269 INFO c.h.h.t.OperatorHelmChartContainer - [local-hivemq-5fcc877b5c] [hivemq] [0e807257] + TARGET_STATE=true
2025-01-31 19:17:26,269 INFO c.h.h.t.OperatorHelmChartContainer - [local-hivemq-5fcc877b5c] [hivemq] [0e807257] + TARGET_DIR=/opt/hivemq/extensions/hivemq-enterprise-security-extension
2025-01-31 19:17:26,269 INFO c.h.h.t.OperatorHelmChartContainer - [local-hivemq-5fcc877b5c] [hivemq] [0e807257] ++ mktemp -d
2025-01-31 19:17:26,269 INFO c.h.h.t.OperatorHelmChartContainer - [local-hivemq-5fcc877b5c] [hivemq] [0e807257] + install_dir=/tmp/tmp.fdYCk5asMi
2025-01-31 19:17:26,269 INFO c.h.h.t.OperatorHelmChartContainer - [local-hivemq-5fcc877b5c] [hivemq] [0e807257] + set +e
2025-01-31 19:17:26,269 INFO c.h.h.t.OperatorHelmChartContainer - [local-hivemq-5fcc877b5c] [hivemq] [0e807257] + [[ -f /opt/hivemq/extensions/hivemq-enterprise-security-extension/DISABLED ]]
2025-01-31 19:17:26,269 INFO c.h.h.t.OperatorHelmChartContainer - [local-hivemq-5fcc877b5c] [hivemq] [0e807257] + was_enabled=0
2025-01-31 19:17:26,269 INFO c.h.h.t.OperatorHelmChartContainer - [local-hivemq-5fcc877b5c] [hivemq] [0e807257] + set -e
2025-01-31 19:17:26,269 INFO c.h.h.t.OperatorHelmChartContainer - [local-hivemq-5fcc877b5c] [hivemq] [0e807257] + [[ preinstalled != \p\r\e\i\n\s\t\a\l\l\e\d ]]
2025-01-31 19:17:26,269 INFO c.h.h.t.OperatorHelmChartContainer - [local-hivemq-5fcc877b5c] [hivemq] [0e807257] + [[ true == \f\a\l\s\e ]]
2025-01-31 19:17:26,269 INFO c.h.h.t.OperatorHelmChartContainer - [local-hivemq-5fcc877b5c] [hivemq] [0e807257] + [[ -f /opt/hivemq/extensions/hivemq-enterprise-security-extension/DISABLED ]]
2025-01-31 19:17:26,269 INFO c.h.h.t.OperatorHelmChartContainer - [local-hivemq-5fcc877b5c] [hivemq] [0e807257] + rm -f /opt/hivemq/extensions/hivemq-enterprise-security-extension/DISABLED
2025-01-31 19:17:26,269 INFO c.h.h.t.OperatorHelmChartContainer - [local-hivemq-5fcc877b5c] [hivemq] [0e807257] + was_enabled=0
2025-01-31 19:17:26,269 INFO c.h.h.t.OperatorHelmChartContainer - [local-hivemq-5fcc877b5c] [hivemq] [0e807257] + [[ preinstalled != \p\r\e\i\n\s\t\a\l\l\e\d ]]
2025-01-31 19:17:26,269 INFO c.h.h.t.OperatorHelmChartContainer - [local-hivemq-5fcc877b5c] [hivemq] [0e807257] + /opt/hivemq/bin/run_initialization.sh hivemq-enterprise-security-extension
2025-01-31 19:17:26,269 INFO c.h.h.t.OperatorHelmChartContainer - [local-hivemq-5fcc877b5c] [hivemq] [0e807257] + EXTENSION_NAME=hivemq-enterprise-security-extension
2025-01-31 19:17:26,269 INFO c.h.h.t.OperatorHelmChartContainer - [local-hivemq-5fcc877b5c] [hivemq] [0e807257] + TARGET_DIR=/opt/hivemq/extensions/hivemq-enterprise-security-extension
2025-01-31 19:17:26,269 INFO c.h.h.t.OperatorHelmChartContainer - [local-hivemq-5fcc877b5c] [hivemq] [0e807257] + cd /opt/hivemq/extensions/hivemq-enterprise-security-extension
2025-01-31 19:17:26,270 INFO c.h.h.t.OperatorHelmChartContainer - [local-hivemq-5fcc877b5c] [hivemq] [0e807257] + [[ -f init_tmp ]]
2025-01-31 19:17:26,271 INFO c.h.h.t.OperatorHelmChartContainer - [local-hivemq-5fcc877b5c] [hivemq] [0e807257] + [[ -f /etc/podinfo/init-extension-hivemq-enterprise-security-extension ]]
2025-01-31 19:17:26,271 INFO c.h.h.t.OperatorHelmChartContainer - [local-hivemq-5fcc877b5c] [hivemq] [0e807257] /conf-override/extensions/hivemq-enterprise-security-extension/:/opt/hivemq/extensions/hivemq-enterprise-security-extension
2025-01-31 19:17:26,271 INFO c.h.h.t.OperatorHelmChartContainer - [local-hivemq-5fcc877b5c] [hivemq] [0e807257] -------------------------------------------------------------------------
2025-01-31 19:17:26,271 INFO c.h.h.t.OperatorHelmChartContainer - [local-hivemq-5fcc877b5c] [hivemq] [0e807257] 
2025-01-31 19:17:26,271 INFO c.h.h.t.OperatorHelmChartContainer - [local-hivemq-5fcc877b5c] [hivemq] [0e807257]                   _    _  _              __  __   ____
2025-01-31 19:17:26,271 INFO c.h.h.t.OperatorHelmChartContainer - [local-hivemq-5fcc877b5c] [hivemq] [0e807257]                  | |  | |(_)            |  \/  | / __ \
2025-01-31 19:17:26,271 INFO c.h.h.t.OperatorHelmChartContainer - [local-hivemq-5fcc877b5c] [hivemq] [0e807257]                  | |__| | _ __   __ ___ | \  / || |  | |
2025-01-31 19:17:26,271 INFO c.h.h.t.OperatorHelmChartContainer - [local-hivemq-5fcc877b5c] [hivemq] [0e807257]                  |  __  || |\ \ / // _ \| |\/| || |  | |
2025-01-31 19:17:26,271 INFO c.h.h.t.OperatorHelmChartContainer - [local-hivemq-5fcc877b5c] [hivemq] [0e807257]                  | |  | || | \ V /|  __/| |  | || |__| |
2025-01-31 19:17:26,271 INFO c.h.h.t.OperatorHelmChartContainer - [local-hivemq-5fcc877b5c] [hivemq] [0e807257]                  |_|  |_||_|  \_/  \___||_|  |_| \___\_\
2025-01-31 19:17:26,271 INFO c.h.h.t.OperatorHelmChartContainer - [local-hivemq-5fcc877b5c] [hivemq] [0e807257] 
2025-01-31 19:17:26,271 INFO c.h.h.t.OperatorHelmChartContainer - [local-hivemq-5fcc877b5c] [hivemq] [0e807257] -------------------------------------------------------------------------
2025-01-31 19:17:26,271 INFO c.h.h.t.OperatorHelmChartContainer - [local-hivemq-5fcc877b5c] [hivemq] [0e807257] 
2025-01-31 19:17:26,271 INFO c.h.h.t.OperatorHelmChartContainer - [local-hivemq-5fcc877b5c] [hivemq] [0e807257]   HiveMQ Start Script for Linux/Unix v1.14
2025-01-31 19:17:26,271 INFO c.h.h.t.OperatorHelmChartContainer - [local-hivemq-5fcc877b5c] [hivemq] [0e807257] 
2025-01-31 19:17:26,271 INFO c.h.h.t.OperatorHelmChartContainer - [local-hivemq-5fcc877b5c] [hivemq] [0e807257] -------------------------------------------------------------------------
2025-01-31 19:17:26,271 INFO c.h.h.t.OperatorHelmChartContainer - [local-hivemq-5fcc877b5c] [hivemq] [0e807257] 
2025-01-31 19:17:26,271 INFO c.h.h.t.OperatorHelmChartContainer - [local-hivemq-5fcc877b5c] [hivemq] [0e807257]   HIVEMQ_HOME: /opt/hivemq
2025-01-31 19:17:26,271 INFO c.h.h.t.OperatorHelmChartContainer - [local-hivemq-5fcc877b5c] [hivemq] [0e807257] 
2025-01-31 19:17:26,271 INFO c.h.h.t.OperatorHelmChartContainer - [local-hivemq-5fcc877b5c] [hivemq] [0e807257]   JAVA_OPTS: -XX:+UnlockExperimentalVMOptions -XX:InitialRAMPercentage=40 -XX:MaxRAMPercentage=50 -XX:MinRAMPercentage=30 -Djava.net.preferIPv4Stack=true --add-opens java.base/java.lang=ALL-UNNAMED --add-opens java.base/java.nio=ALL-UNNAMED --add-opens java.base/sun.nio.ch=ALL-UNNAMED --add-opens jdk.management/com.sun.management.internal=ALL-UNNAMED --add-exports java.base/jdk.internal.misc=ALL-UNNAMED -Djava.security.egd=file:/dev/./urandom -Dcom.sun.management.jmxremote -Dcom.sun.management.jmxremote.port=9010 -Dcom.sun.management.jmxremote.local.only=false -Dcom.sun.management.jmxremote.authenticate=false -Dcom.sun.management.jmxremote.ssl=false -Duser.language=en -Duser.region=US -XX:+CrashOnOutOfMemoryError -XX:+HeapDumpOnOutOfMemoryError
2025-01-31 19:17:26,271 INFO c.h.h.t.OperatorHelmChartContainer - [local-hivemq-5fcc877b5c] [hivemq] [0e807257] 
2025-01-31 19:17:26,271 INFO c.h.h.t.OperatorHelmChartContainer - [local-hivemq-5fcc877b5c] [hivemq] [0e807257]   JAVA_VERSION: 21
2025-01-31 19:17:26,271 INFO c.h.h.t.OperatorHelmChartContainer - [local-hivemq-5fcc877b5c] [hivemq] [0e807257] 
2025-01-31 19:17:26,271 INFO c.h.h.t.OperatorHelmChartContainer - [local-hivemq-5fcc877b5c] [hivemq] [0e807257] -------------------------------------------------------------------------
2025-01-31 19:17:26,271 INFO c.h.h.t.OperatorHelmChartContainer - [local-hivemq-5fcc877b5c] [hivemq] [0e807257] 
2025-01-31 19:17:26,633 INFO c.h.h.t.OperatorHelmChartContainer - [local-hivemq-5fcc877b5c] [hivemq] [0e807257] INFO  - Starting HiveMQ Enterprise Server
2025-01-31 19:17:26,641 INFO c.h.h.t.OperatorHelmChartContainer - [local-hivemq-5fcc877b5c] [hivemq] [0e807257] INFO  - HiveMQ version: 4.36.0
2025-01-31 19:17:26,641 INFO c.h.h.t.OperatorHelmChartContainer - [local-hivemq-5fcc877b5c] [hivemq] [0e807257] INFO  - HiveMQ home directory: /opt/hivemq
2025-01-31 19:17:26,642 INFO c.h.h.t.OperatorHelmChartContainer - [local-hivemq-5fcc877b5c] [hivemq] [0e807257] INFO  - Log Configuration was overridden by /opt/hivemq/conf/logback.xml
2025-01-31 19:17:27,283 INFO c.h.h.t.OperatorHelmChartContainer - [local-hivemq-5fcc877b5c] [hivemq] [0e807257] DEBUG - Adding TCP Listener on bind address 0.0.0.0 and port 1883. Name: tcp-listener-1883. Proxy Protocol supported: false
2025-01-31 19:17:27,285 INFO c.h.h.t.OperatorHelmChartContainer - [local-hivemq-5fcc877b5c] [hivemq] [0e807257] DEBUG - Setting retained messages enabled to true
2025-01-31 19:17:27,285 INFO c.h.h.t.OperatorHelmChartContainer - [local-hivemq-5fcc877b5c] [hivemq] [0e807257] DEBUG - Setting wildcard subscriptions enabled to true
2025-01-31 19:17:27,285 INFO c.h.h.t.OperatorHelmChartContainer - [local-hivemq-5fcc877b5c] [hivemq] [0e807257] DEBUG - Setting subscription identifier enabled to true
2025-01-31 19:17:27,285 INFO c.h.h.t.OperatorHelmChartContainer - [local-hivemq-5fcc877b5c] [hivemq] [0e807257] DEBUG - Setting shared subscriptions enabled to true
2025-01-31 19:17:27,285 INFO c.h.h.t.OperatorHelmChartContainer - [local-hivemq-5fcc877b5c] [hivemq] [0e807257] DEBUG - Setting maximum qos to EXACTLY_ONCE 
2025-01-31 19:17:27,285 INFO c.h.h.t.OperatorHelmChartContainer - [local-hivemq-5fcc877b5c] [hivemq] [0e807257] DEBUG - Setting topic alias enabled to true
2025-01-31 19:17:27,285 INFO c.h.h.t.OperatorHelmChartContainer - [local-hivemq-5fcc877b5c] [hivemq] [0e807257] DEBUG - Setting topic alias maximum per client to 5
2025-01-31 19:17:27,285 INFO c.h.h.t.OperatorHelmChartContainer - [local-hivemq-5fcc877b5c] [hivemq] [0e807257] DEBUG - Setting the number of max queued messages  per client to 1000 entries
2025-01-31 19:17:27,285 INFO c.h.h.t.OperatorHelmChartContainer - [local-hivemq-5fcc877b5c] [hivemq] [0e807257] DEBUG - Setting queued messages strategy for each client to DISCARD
2025-01-31 19:17:27,285 INFO c.h.h.t.OperatorHelmChartContainer - [local-hivemq-5fcc877b5c] [hivemq] [0e807257] DEBUG - Setting the expiry interval for client sessions to 4294967295 seconds
2025-01-31 19:17:27,285 INFO c.h.h.t.OperatorHelmChartContainer - [local-hivemq-5fcc877b5c] [hivemq] [0e807257] DEBUG - Setting the expiry interval for publish messages to 4294967296 seconds
2025-01-31 19:17:27,285 INFO c.h.h.t.OperatorHelmChartContainer - [local-hivemq-5fcc877b5c] [hivemq] [0e807257] DEBUG - Setting the server receive maximum to 10
2025-01-31 19:17:27,289 INFO c.h.h.t.OperatorHelmChartContainer - [local-hivemq-5fcc877b5c] [hivemq] [0e807257] DEBUG - Setting keep alive maximum to 65535 seconds
2025-01-31 19:17:27,289 INFO c.h.h.t.OperatorHelmChartContainer - [local-hivemq-5fcc877b5c] [hivemq] [0e807257] DEBUG - Setting keep alive allow zero to true
2025-01-31 19:17:27,289 INFO c.h.h.t.OperatorHelmChartContainer - [local-hivemq-5fcc877b5c] [hivemq] [0e807257] DEBUG - Setting the maximum packet size for mqtt messages 268435460 bytes
2025-01-31 19:17:27,289 INFO c.h.h.t.OperatorHelmChartContainer - [local-hivemq-5fcc877b5c] [hivemq] [0e807257] DEBUG - Setting global maximum allowed connections to -1
2025-01-31 19:17:27,289 INFO c.h.h.t.OperatorHelmChartContainer - [local-hivemq-5fcc877b5c] [hivemq] [0e807257] DEBUG - Setting the maximum client id length to 65535
2025-01-31 19:17:27,289 INFO c.h.h.t.OperatorHelmChartContainer - [local-hivemq-5fcc877b5c] [hivemq] [0e807257] DEBUG - Setting the timeout for disconnecting idle tcp connections before a connect message was received to 10000 milliseconds
2025-01-31 19:17:27,291 INFO c.h.h.t.OperatorHelmChartContainer - [local-hivemq-5fcc877b5c] [hivemq] [0e807257] DEBUG - Throttling the global incoming traffic limit 0 bytes/second
2025-01-31 19:17:27,291 INFO c.h.h.t.OperatorHelmChartContainer - [local-hivemq-5fcc877b5c] [hivemq] [0e807257] DEBUG - Setting the maximum topic length to 65535
2025-01-31 19:17:27,291 INFO c.h.h.t.OperatorHelmChartContainer - [local-hivemq-5fcc877b5c] [hivemq] [0e807257] DEBUG - Setting allow server assigned client identifier to true
2025-01-31 19:17:27,291 INFO c.h.h.t.OperatorHelmChartContainer - [local-hivemq-5fcc877b5c] [hivemq] [0e807257] DEBUG - Setting validate UTF-8 to true
2025-01-31 19:17:27,291 INFO c.h.h.t.OperatorHelmChartContainer - [local-hivemq-5fcc877b5c] [hivemq] [0e807257] DEBUG - Setting payload format validation to false
2025-01-31 19:17:27,291 INFO c.h.h.t.OperatorHelmChartContainer - [local-hivemq-5fcc877b5c] [hivemq] [0e807257] DEBUG - Setting allow-problem-information to true
2025-01-31 19:17:27,291 INFO c.h.h.t.OperatorHelmChartContainer - [local-hivemq-5fcc877b5c] [hivemq] [0e807257] DEBUG - Setting control-center audit log enabled to true
2025-01-31 19:17:27,291 INFO c.h.h.t.OperatorHelmChartContainer - [local-hivemq-5fcc877b5c] [hivemq] [0e807257] DEBUG - Setting rest-api audit log enabled to true
2025-01-31 19:17:27,291 INFO c.h.h.t.OperatorHelmChartContainer - [local-hivemq-5fcc877b5c] [hivemq] [0e807257] DEBUG - Setting HiveMQ Control Center enabled to true 
2025-01-31 19:17:27,291 INFO c.h.h.t.OperatorHelmChartContainer - [local-hivemq-5fcc877b5c] [hivemq] [0e807257] DEBUG - Setting HiveMQ Control Center default login enabled to true 
2025-01-31 19:17:27,291 INFO c.h.h.t.OperatorHelmChartContainer - [local-hivemq-5fcc877b5c] [hivemq] [0e807257] DEBUG - Setting HiveMQ Control Center session idle time to 14400 seconds
2025-01-31 19:17:27,291 INFO c.h.h.t.OperatorHelmChartContainer - [local-hivemq-5fcc877b5c] [hivemq] [0e807257] DEBUG - Adding Http-Listener to HiveMQ Control Center Config
2025-01-31 19:17:27,291 INFO c.h.h.t.OperatorHelmChartContainer - [local-hivemq-5fcc877b5c] [hivemq] [0e807257] DEBUG - Set TLS to disabled for cluster TCP transport
2025-01-31 19:17:27,291 INFO c.h.h.t.OperatorHelmChartContainer - [local-hivemq-5fcc877b5c] [hivemq] [0e807257] DEBUG - Setting replica count to 2 
2025-01-31 19:17:27,291 INFO c.h.h.t.OperatorHelmChartContainer - [local-hivemq-5fcc877b5c] [hivemq] [0e807257] DEBUG - Setting cluster TCP health-check enabled
2025-01-31 19:17:27,291 INFO c.h.h.t.OperatorHelmChartContainer - [local-hivemq-5fcc877b5c] [hivemq] [0e807257] DEBUG - Setting cluster TCP health-check bind-address to 10.42.0.8
2025-01-31 19:17:27,291 INFO c.h.h.t.OperatorHelmChartContainer - [local-hivemq-5fcc877b5c] [hivemq] [0e807257] DEBUG - Setting cluster TCP health-check bind-address to 9000
2025-01-31 19:17:27,291 INFO c.h.h.t.OperatorHelmChartContainer - [local-hivemq-5fcc877b5c] [hivemq] [0e807257] DEBUG - Setting cluster TCP health-check bind-port to 9000
2025-01-31 19:17:27,292 INFO c.h.h.t.OperatorHelmChartContainer - [local-hivemq-5fcc877b5c] [hivemq] [0e807257] DEBUG - Setting cluster TCP health-check external-address to default
2025-01-31 19:17:27,292 INFO c.h.h.t.OperatorHelmChartContainer - [local-hivemq-5fcc877b5c] [hivemq] [0e807257] DEBUG - Setting cluster TCP health-check external-port to 0
2025-01-31 19:17:27,292 INFO c.h.h.t.OperatorHelmChartContainer - [local-hivemq-5fcc877b5c] [hivemq] [0e807257] DEBUG - Setting cluster heartbeat enabled
2025-01-31 19:17:27,292 INFO c.h.h.t.OperatorHelmChartContainer - [local-hivemq-5fcc877b5c] [hivemq] [0e807257] DEBUG - Setting cluster heartbeat interval to 4000 ms
2025-01-31 19:17:27,292 INFO c.h.h.t.OperatorHelmChartContainer - [local-hivemq-5fcc877b5c] [hivemq] [0e807257] DEBUG - Setting the cluster heartbeat timeout to 30000 ms
2025-01-31 19:17:27,292 INFO c.h.h.t.OperatorHelmChartContainer - [local-hivemq-5fcc877b5c] [hivemq] [0e807257] DEBUG - Setting HiveMQ REST API enabled to false 
2025-01-31 19:17:27,292 INFO c.h.h.t.OperatorHelmChartContainer - [local-hivemq-5fcc877b5c] [hivemq] [0e807257] DEBUG - Setting HiveMQ REST API authentication enabled to false 
2025-01-31 19:17:27,292 INFO c.h.h.t.OperatorHelmChartContainer - [local-hivemq-5fcc877b5c] [hivemq] [0e807257] DEBUG - Setting HiveMQ Health API enabled to false 
2025-01-31 19:17:27,330 INFO c.h.h.t.OperatorHelmChartContainer - [local-hivemq-5fcc877b5c] [hivemq] [0e807257] DEBUG - Setting client event history enabled to false
2025-01-31 19:17:27,332 INFO c.h.h.t.OperatorHelmChartContainer - [local-hivemq-5fcc877b5c] [hivemq] [0e807257] DEBUG - Setting client event history lifetime to 604800000 ms
2025-01-31 19:17:27,332 INFO c.h.h.t.OperatorHelmChartContainer - [local-hivemq-5fcc877b5c] [hivemq] [0e807257] DEBUG - Setting overload protection enabled to true 
2025-01-31 19:17:27,332 INFO c.h.h.t.OperatorHelmChartContainer - [local-hivemq-5fcc877b5c] [hivemq] [0e807257] DEBUG - Setting anonymous usage statistics enabled to false 
2025-01-31 19:17:27,332 INFO c.h.h.t.OperatorHelmChartContainer - [local-hivemq-5fcc877b5c] [hivemq] [0e807257] DEBUG - Setting expired messages topic enabled to false
2025-01-31 19:17:27,332 INFO c.h.h.t.OperatorHelmChartContainer - [local-hivemq-5fcc877b5c] [hivemq] [0e807257] DEBUG - Setting dropped messages topic enabled to false
2025-01-31 19:17:27,332 INFO c.h.h.t.OperatorHelmChartContainer - [local-hivemq-5fcc877b5c] [hivemq] [0e807257] DEBUG - Setting dead messages topic enabled to false
2025-01-31 19:17:27,333 INFO c.h.h.t.OperatorHelmChartContainer - [local-hivemq-5fcc877b5c] [hivemq] [0e807257] INFO  - Successfully loaded configuration from '/opt/hivemq/conf/config.xml'.
2025-01-31 19:17:27,486 INFO c.h.h.t.OperatorHelmChartContainer - [local-hivemq-5fcc877b5c] [hivemq] [0e807257] DEBUG - Performing sanity checks.
2025-01-31 19:17:27,532 INFO c.h.h.t.OperatorHelmChartContainer - [local-hivemq-5fcc877b5c] [hivemq] [0e807257] DEBUG - Soft limit for open files (1048576) satisfies the recommended limit (1000000).
2025-01-31 19:17:27,533 INFO c.h.h.t.OperatorHelmChartContainer - [local-hivemq-5fcc877b5c] [hivemq] [0e807257] DEBUG - Hard limit for open files (1048576) satisfies the recommended limit (1000000).
2025-01-31 19:17:27,536 INFO c.h.h.t.OperatorHelmChartContainer - [local-hivemq-5fcc877b5c] [hivemq] [0e807257] DEBUG - HiveMQ license directory (/opt/hivemq/license) satisfies all required file-system permissions.
2025-01-31 19:17:27,536 INFO c.h.h.t.OperatorHelmChartContainer - [local-hivemq-5fcc877b5c] [hivemq] [0e807257] DEBUG - HiveMQ data directory (/opt/hivemq/data) satisfies all required file-system permissions.
2025-01-31 19:17:27,536 INFO c.h.h.t.OperatorHelmChartContainer - [local-hivemq-5fcc877b5c] [hivemq] [0e807257] DEBUG - HiveMQ log directory (/opt/hivemq/log) satisfies all required file-system permissions.
2025-01-31 19:17:27,536 INFO c.h.h.t.OperatorHelmChartContainer - [local-hivemq-5fcc877b5c] [hivemq] [0e807257] DEBUG - HiveMQ backup directory (/opt/hivemq/backup) satisfies all required file-system permissions.
2025-01-31 19:17:27,536 INFO c.h.h.t.OperatorHelmChartContainer - [local-hivemq-5fcc877b5c] [hivemq] [0e807257] DEBUG - HiveMQ audit directory (/opt/hivemq/audit) satisfies all required file-system permissions.
2025-01-31 19:17:27,536 INFO c.h.h.t.OperatorHelmChartContainer - [local-hivemq-5fcc877b5c] [hivemq] [0e807257] DEBUG - HiveMQ extensions directory (/opt/hivemq/extensions) satisfies all required file-system permissions.
2025-01-31 19:17:27,536 INFO c.h.h.t.OperatorHelmChartContainer - [local-hivemq-5fcc877b5c] [hivemq] [0e807257] DEBUG - Extension directory hivemq-allow-all-extension (/opt/hivemq/extensions/hivemq-allow-all-extension) satisfies all required file-system permissions.
2025-01-31 19:17:27,536 INFO c.h.h.t.OperatorHelmChartContainer - [local-hivemq-5fcc877b5c] [hivemq] [0e807257] DEBUG - Extension directory hivemq-enterprise-security-extension (/opt/hivemq/extensions/hivemq-enterprise-security-extension) satisfies all required file-system permissions.
2025-01-31 19:17:27,536 INFO c.h.h.t.OperatorHelmChartContainer - [local-hivemq-5fcc877b5c] [hivemq] [0e807257] DEBUG - Extension directory hivemq-prometheus-extension (/opt/hivemq/extensions/hivemq-prometheus-extension) satisfies all required file-system permissions.
2025-01-31 19:17:27,536 INFO c.h.h.t.OperatorHelmChartContainer - [local-hivemq-5fcc877b5c] [hivemq] [0e807257] DEBUG - Extension directory hivemq-k8s-sync-extension (/opt/hivemq/extensions/hivemq-k8s-sync-extension) satisfies all required file-system permissions.
2025-01-31 19:17:27,536 INFO c.h.h.t.OperatorHelmChartContainer - [local-hivemq-5fcc877b5c] [hivemq] [0e807257] DEBUG - Extension directory hivemq-dns-cluster-discovery (/opt/hivemq/extensions/hivemq-dns-cluster-discovery) satisfies all required file-system permissions.
2025-01-31 19:17:27,536 INFO c.h.h.t.OperatorHelmChartContainer - [local-hivemq-5fcc877b5c] [hivemq] [0e807257] DEBUG - Extension directory hivemq-google-cloud-pubsub-extension (/opt/hivemq/extensions/hivemq-google-cloud-pubsub-extension) satisfies all required file-system permissions.
2025-01-31 19:17:27,536 INFO c.h.h.t.OperatorHelmChartContainer - [local-hivemq-5fcc877b5c] [hivemq] [0e807257] DEBUG - Extension directory hivemq-snowflake-extension (/opt/hivemq/extensions/hivemq-snowflake-extension) satisfies all required file-system permissions.
2025-01-31 19:17:27,536 INFO c.h.h.t.OperatorHelmChartContainer - [local-hivemq-5fcc877b5c] [hivemq] [0e807257] DEBUG - Extension directory hivemq-postgresql-extension (/opt/hivemq/extensions/hivemq-postgresql-extension) satisfies all required file-system permissions.
2025-01-31 19:17:27,536 INFO c.h.h.t.OperatorHelmChartContainer - [local-hivemq-5fcc877b5c] [hivemq] [0e807257] DEBUG - Extension directory hivemq-mysql-extension (/opt/hivemq/extensions/hivemq-mysql-extension) satisfies all required file-system permissions.
2025-01-31 19:17:27,536 INFO c.h.h.t.OperatorHelmChartContainer - [local-hivemq-5fcc877b5c] [hivemq] [0e807257] DEBUG - Extension directory hivemq-bridge-extension (/opt/hivemq/extensions/hivemq-bridge-extension) satisfies all required file-system permissions.
2025-01-31 19:17:27,536 INFO c.h.h.t.OperatorHelmChartContainer - [local-hivemq-5fcc877b5c] [hivemq] [0e807257] DEBUG - Extension directory hivemq-kafka-extension (/opt/hivemq/extensions/hivemq-kafka-extension) satisfies all required file-system permissions.
2025-01-31 19:17:27,536 INFO c.h.h.t.OperatorHelmChartContainer - [local-hivemq-5fcc877b5c] [hivemq] [0e807257] DEBUG - Extension directory hivemq-distributed-tracing-extension (/opt/hivemq/extensions/hivemq-distributed-tracing-extension) satisfies all required file-system permissions.
2025-01-31 19:17:27,536 INFO c.h.h.t.OperatorHelmChartContainer - [local-hivemq-5fcc877b5c] [hivemq] [0e807257] DEBUG - Extension directory hivemq-mongodb-extension (/opt/hivemq/extensions/hivemq-mongodb-extension) satisfies all required file-system permissions.
2025-01-31 19:17:27,536 INFO c.h.h.t.OperatorHelmChartContainer - [local-hivemq-5fcc877b5c] [hivemq] [0e807257] DEBUG - Extension directory hivemq-data-lake-extension (/opt/hivemq/extensions/hivemq-data-lake-extension) satisfies all required file-system permissions.
2025-01-31 19:17:27,536 INFO c.h.h.t.OperatorHelmChartContainer - [local-hivemq-5fcc877b5c] [hivemq] [0e807257] DEBUG - Extension directory hivemq-amazon-kinesis-extension (/opt/hivemq/extensions/hivemq-amazon-kinesis-extension) satisfies all required file-system permissions.
2025-01-31 19:17:27,536 INFO c.h.h.t.OperatorHelmChartContainer - [local-hivemq-5fcc877b5c] [hivemq] [0e807257] DEBUG - Extension directory hivemq-microsoft-sql-server-extension (/opt/hivemq/extensions/hivemq-microsoft-sql-server-extension) satisfies all required file-system permissions.
2025-01-31 19:17:27,536 INFO c.h.h.t.OperatorHelmChartContainer - [local-hivemq-5fcc877b5c] [hivemq] [0e807257] DEBUG - Temporary directory (/tmp) satisfies all required file-system permissions.
2025-01-31 19:17:27,536 INFO c.h.h.t.OperatorHelmChartContainer - [local-hivemq-5fcc877b5c] [hivemq] [0e807257] DEBUG - Heap dump directory (/opt/hivemq/dumps) satisfies all required file-system permissions.
2025-01-31 19:17:27,539 INFO c.h.h.t.OperatorHelmChartContainer - [local-hivemq-5fcc877b5c] [hivemq] [0e807257] DEBUG - Performed all sanity checks in 50ms. All sanity checks passed successfully.
2025-01-31 19:17:27,540 INFO c.h.h.t.OperatorHelmChartContainer - [local-hivemq-5fcc877b5c] [hivemq] [0e807257] INFO  - This node's ID is MtyN7
2025-01-31 19:17:27,540 INFO c.h.h.t.OperatorHelmChartContainer - [local-hivemq-5fcc877b5c] [hivemq] [0e807257] INFO  - Clustering is enabled
2025-01-31 19:17:28,381 INFO c.h.h.t.OperatorHelmChartContainer - [local-hivemq-5fcc877b5c] [hivemq] [0e807257] DEBUG - Configured WriteBufferManager with size for memtables 311023370 and for the block cache 466535055
2025-01-31 19:17:28,381 INFO c.h.h.t.OperatorHelmChartContainer - [local-hivemq-5fcc877b5c] [hivemq] [0e807257] DEBUG - Starting RocksDBMemoryUsageWatchdog.
2025-01-31 19:17:28,383 INFO c.h.h.t.OperatorHelmChartContainer - [local-hivemq-5fcc877b5c] [hivemq] [0e807257] DEBUG - RocksDBMemoryUsageWatchdog is running.
2025-01-31 19:17:28,436 INFO c.h.h.t.OperatorHelmChartContainer - [local-hivemq-5fcc877b5c] [hivemq] [0e807257] DEBUG - Folder /opt/hivemq/data/persistence does not exist, trying to create it
2025-01-31 19:17:28,437 INFO c.h.h.t.OperatorHelmChartContainer - [local-hivemq-5fcc877b5c] [hivemq] [0e807257] DEBUG - Created folder /opt/hivemq/data
2025-01-31 19:17:28,437 INFO c.h.h.t.OperatorHelmChartContainer - [local-hivemq-5fcc877b5c] [hivemq] [0e807257] DEBUG - Folder /opt/hivemq/data/persistence/publish_payload_store/040500_R does not exist, trying to create it
2025-01-31 19:17:28,479 INFO c.h.h.t.OperatorHelmChartContainer - [local-hivemq-5fcc877b5c] [hivemq] [0e807257] DEBUG - Folder /opt/hivemq/data/persistence/client_queue/042800_R does not exist, trying to create it
2025-01-31 19:17:28,480 INFO c.h.h.t.OperatorHelmChartContainer - [local-hivemq-5fcc877b5c] [hivemq] [0e807257] DEBUG - Folder /opt/hivemq/data/persistence/client_session_store/040100_R does not exist, trying to create it
2025-01-31 19:17:28,483 INFO c.h.h.t.OperatorHelmChartContainer - [local-hivemq-5fcc877b5c] [hivemq] [0e807257] DEBUG - Folder /opt/hivemq/data/persistence/client_session_subscriptions/043200_R does not exist, trying to create it
2025-01-31 19:17:28,483 INFO c.h.h.t.OperatorHelmChartContainer - [local-hivemq-5fcc877b5c] [hivemq] [0e807257] DEBUG - Folder /opt/hivemq/data/persistence/retained_messages/040800_R does not exist, trying to create it
2025-01-31 19:17:28,486 INFO c.h.h.t.OperatorHelmChartContainer - [local-hivemq-5fcc877b5c] [hivemq] [0e807257] DEBUG - Folder /opt/hivemq/data/persistence/attribute/043100_R does not exist, trying to create it
2025-01-31 19:17:28,489 INFO c.h.h.t.OperatorHelmChartContainer - [local-hivemq-5fcc877b5c] [hivemq] [0e807257] DEBUG - Folder /opt/hivemq/data/persistence/incoming_message_flow/043000_R does not exist, trying to create it
2025-01-31 19:17:28,739 INFO c.h.h.t.OperatorHelmChartContainer - [local-hivemq-5fcc877b5c] [hivemq] [0e807257] DEBUG - Folder /opt/hivemq/data/persistence/data_hub_modules/043000_R does not exist, trying to create it
2025-01-31 19:17:28,742 INFO c.h.h.t.OperatorHelmChartContainer - [local-hivemq-5fcc877b5c] [hivemq] [0e807257] DEBUG - Folder /opt/hivemq/data/persistence/data_hub_schemas/042000_R does not exist, trying to create it
2025-01-31 19:17:28,742 INFO c.h.h.t.OperatorHelmChartContainer - [local-hivemq-5fcc877b5c] [hivemq] [0e807257] DEBUG - Folder /opt/hivemq/data/persistence/data_hub_scripts/042300_R does not exist, trying to create it
2025-01-31 19:17:28,743 INFO c.h.h.t.OperatorHelmChartContainer - [local-hivemq-5fcc877b5c] [hivemq] [0e807257] DEBUG - Folder /opt/hivemq/data/persistence/data_hub_policies/042000_R does not exist, trying to create it
2025-01-31 19:17:30,831 INFO c.h.h.t.OperatorHelmChartContainer - [local-hivemq-6f4d548d79] [hivemq] [ac93fbb1] DEBUG - HiveMQ DNS Cluster Discovery Extension: Discovered new address '10.42.0.8'.
2025-01-31 19:17:31,653 INFO c.h.h.t.OperatorHelmChartContainer - [local-hivemq-5fcc877b5c] [hivemq] [0e807257] DEBUG - Diagnostic mode is disabled
2025-01-31 19:17:32,301 INFO c.h.h.t.OperatorHelmChartContainer - [EVENT] Warning [Unhealthy] Readiness probe failed: Log statement not present (yet)
 [default:local-hivemq-5fcc877b5c-lzckq]
2025-01-31 19:17:32,301 INFO c.h.h.t.OperatorHelmChartContainer - Received Unhealthy event for container hivemq in pod local-hivemq-5fcc877b5c-lzckq [0e807257-3c5e-48c4-9fd3-0e2e231b273d]
2025-01-31 19:17:34,436 INFO c.h.h.t.OperatorHelmChartContainer - [local-hivemq-5fcc877b5c] [hivemq] [0e807257] INFO  - No valid license file found. Using trial license, restricted to 25 connections.
2025-01-31 19:17:34,639 INFO c.h.h.t.OperatorHelmChartContainer - [local-hivemq-5fcc877b5c] [hivemq] [0e807257] DEBUG - Native Epoll is available on this platform
2025-01-31 19:17:34,680 INFO c.h.h.t.OperatorHelmChartContainer - [local-hivemq-5fcc877b5c] [hivemq] [0e807257] DEBUG - Set extension executor thread pool size to 1
2025-01-31 19:17:34,682 INFO c.h.h.t.OperatorHelmChartContainer - [local-hivemq-5fcc877b5c] [hivemq] [0e807257] DEBUG - Set extension executor thread pool keep-alive to 30 seconds
2025-01-31 19:17:34,683 INFO c.h.h.t.OperatorHelmChartContainer - [local-hivemq-5fcc877b5c] [hivemq] [0e807257] DEBUG - initializing RSA key
2025-01-31 19:17:35,188 INFO c.h.h.t.OperatorHelmChartContainer - [local-hivemq-5fcc877b5c] [hivemq] [0e807257] DEBUG - finished initializing RSA key in 504ms
2025-01-31 19:17:35,783 INFO c.h.h.t.OperatorHelmChartContainer - [local-hivemq-5fcc877b5c] [hivemq] [0e807257] DEBUG - Unable to provide size and free metrics for disk /dev/sdb: Could not find the corresponding FileStore (OSHI/Java).
2025-01-31 19:17:35,784 INFO c.h.h.t.OperatorHelmChartContainer - [local-hivemq-5fcc877b5c] [hivemq] [0e807257] DEBUG - Unable to provide size and free metrics for disk /dev/sda: Could not find the corresponding FileStore (OSHI/Java).
2025-01-31 19:17:35,785 INFO c.h.h.t.OperatorHelmChartContainer - [local-hivemq-5fcc877b5c] [hivemq] [0e807257] DEBUG - Throttling incoming traffic to 0 B/s
2025-01-31 19:17:35,785 INFO c.h.h.t.OperatorHelmChartContainer - [local-hivemq-5fcc877b5c] [hivemq] [0e807257] DEBUG - Throttling outgoing traffic to 0 B/s
2025-01-31 19:17:35,877 INFO c.h.h.t.OperatorHelmChartContainer - [local-hivemq-5fcc877b5c] [hivemq] [0e807257] INFO  - No valid license file for Data Hub found. Using free license, restricted to 1 policy.
2025-01-31 19:17:35,884 INFO c.h.h.t.OperatorHelmChartContainer - [local-hivemq-5fcc877b5c] [hivemq] [0e807257] DEBUG - Building initial topic tree
2025-01-31 19:17:35,987 INFO c.h.h.t.OperatorHelmChartContainer - [local-hivemq-5fcc877b5c] [hivemq] [0e807257] DEBUG - Started JMX Metrics Reporting.
2025-01-31 19:17:36,040 INFO c.h.h.t.OperatorHelmChartContainer - [local-hivemq-5fcc877b5c] [hivemq] [0e807257] DEBUG - Registered JVM metrics with prefix com.hivemq.jvm.
2025-01-31 19:17:36,047 INFO c.h.h.t.OperatorHelmChartContainer - [local-hivemq-5fcc877b5c] [hivemq] [0e807257] DEBUG - Registered HiveMQ Health API metrics.
2025-01-31 19:17:36,490 INFO c.h.h.t.OperatorHelmChartContainer - [local-hivemq-5fcc877b5c] [hivemq] [0e807257] INFO  - Audit Logger started.
2025-01-31 19:17:36,637 INFO c.h.h.t.OperatorHelmChartContainer - [local-hivemq-5fcc877b5c] [hivemq] [0e807257] INFO  - This node uses '1' CPU cores.
2025-01-31 19:17:36,941 INFO c.h.h.t.OperatorHelmChartContainer - [local-hivemq-5fcc877b5c] [hivemq] [0e807257] INFO  - Starting HiveMQ extension system.
2025-01-31 19:17:37,335 INFO c.h.h.t.OperatorHelmChartContainer - [EVENT] Warning [Unhealthy] Readiness probe failed: Log statement not present (yet)
 [default:local-hivemq-5fcc877b5c-lzckq]
2025-01-31 19:17:37,336 INFO c.h.h.t.OperatorHelmChartContainer - Received Unhealthy event for container hivemq in pod local-hivemq-5fcc877b5c-lzckq [0e807257-3c5e-48c4-9fd3-0e2e231b273d]
2025-01-31 19:17:38,383 INFO c.h.h.t.OperatorHelmChartContainer - [local-hivemq-5fcc877b5c] [hivemq] [0e807257] INFO  - No license found for enterprise extension with name "HiveMQ Enterprise Security Extension". Entering extension trial mode. "HiveMQ Enterprise Security Extension" will be disabled in 5 hours.
2025-01-31 19:17:38,486 INFO c.h.h.t.OperatorHelmChartContainer - [local-hivemq-5fcc877b5c] [hivemq] [0e807257] INFO  - Starting extension with id "hivemq-dns-cluster-discovery" at /opt/hivemq/extensions/hivemq-dns-cluster-discovery
2025-01-31 19:17:38,583 INFO c.h.h.t.OperatorHelmChartContainer - [local-hivemq-5fcc877b5c] [hivemq] [0e807257] DEBUG - HiveMQ DNS Cluster Discovery Extension: No DNS server address was set in the configuration file or environment variable.
2025-01-31 19:17:38,589 INFO c.h.h.t.OperatorHelmChartContainer - [local-hivemq-5fcc877b5c] [hivemq] [0e807257] DEBUG - HiveMQ DNS Cluster Discovery Extension: No reload interval was set in the configuration file or environment variable. Defaulting to 30.
2025-01-31 19:17:38,741 INFO c.h.h.t.OperatorHelmChartContainer - [local-hivemq-5fcc877b5c] [hivemq] [0e807257] INFO  - Extension "DNS Cluster Discovery Extension" version 4.3.3 started successfully.
2025-01-31 19:17:38,742 INFO c.h.h.t.OperatorHelmChartContainer - [local-hivemq-5fcc877b5c] [hivemq] [0e807257] INFO  - Starting extension with id "hivemq-enterprise-security-extension" at /opt/hivemq/extensions/hivemq-enterprise-security-extension
2025-01-31 19:17:38,928 INFO c.h.h.t.OperatorHelmChartContainer - [local-hivemq-5fcc877b5c] [hivemq] [0e807257] INFO  - Using TCP cluster transport on address 10.42.0.8 and port 7000
2025-01-31 19:17:38,936 INFO c.h.h.t.OperatorHelmChartContainer - [local-hivemq-5fcc877b5c] [hivemq] [0e807257] INFO  - Using extension cluster discovery
2025-01-31 19:17:39,431 INFO c.h.h.t.OperatorHelmChartContainer - [local-hivemq-5fcc877b5c] [hivemq] [0e807257] DEBUG - HiveMQ DNS Cluster Discovery Extension: Discovered new address '10.42.0.7'.
2025-01-31 19:17:39,434 INFO c.h.h.t.OperatorHelmChartContainer - [local-hivemq-5fcc877b5c] [hivemq] [0e807257] DEBUG - HiveMQ DNS Cluster Discovery Extension: Discovered new address '10.42.0.8'.
2025-01-31 19:17:39,540 INFO c.h.h.t.OperatorHelmChartContainer - [local-hivemq-6f4d548d79] [hivemq] [ac93fbb1] INFO  - Cluster nodes found by discovery: [i4tjy|1] (2) [i4tjy, MtyN7].
2025-01-31 19:17:39,541 INFO c.h.h.t.OperatorHelmChartContainer - [local-hivemq-6f4d548d79] [hivemq] [ac93fbb1] DEBUG - New node discovered: 'MtyN7'
2025-01-31 19:17:39,541 INFO c.h.h.t.OperatorHelmChartContainer - [local-hivemq-6f4d548d79] [hivemq] [ac93fbb1] DEBUG - State of node MtyN7 changed to UNKNOWN was null. Current cluster node states: {MtyN7=UNKNOWN, i4tjy=RUNNING}
2025-01-31 19:17:39,579 INFO c.h.h.t.OperatorHelmChartContainer - [local-hivemq-5fcc877b5c] [hivemq] [0e807257] WARN  - HiveMQ Enterprise Security Extension: Cannot load the configuration from '/opt/hivemq/extensions/hivemq-enterprise-security-extension/conf/config.xml' because of the following error: java.nio.file.NoSuchFileException: /opt/hivemq/extensions/hivemq-enterprise-security-extension/conf/config.xml
2025-01-31 19:17:39,581 INFO c.h.h.t.OperatorHelmChartContainer - [local-hivemq-5fcc877b5c] [hivemq] [0e807257] INFO  - Startup of extension with id "hivemq-enterprise-security-extension" was prevented by the extension itself, reason: Not able to start HiveMQ Enterprise Security Extension, reason: Cannot load the configuration from '/opt/hivemq/extensions/hivemq-enterprise-security-extension/conf/config.xml' because of the following error: java.nio.file.NoSuchFileException: /opt/hivemq/extensions/hivemq-enterprise-security-extension/conf/config.xml. Extension will be disabled.
2025-01-31 19:17:39,581 INFO c.h.h.t.OperatorHelmChartContainer - [local-hivemq-5fcc877b5c] [hivemq] [0e807257] INFO  - Starting extension with id "hivemq-k8s-sync-extension" at /opt/hivemq/extensions/hivemq-k8s-sync-extension
2025-01-31 19:17:39,634 INFO c.h.h.t.OperatorHelmChartContainer - [local-hivemq-5fcc877b5c] [hivemq] [0e807257] INFO  - Cluster nodes found by discovery: [i4tjy|1] (2) [i4tjy, MtyN7].
2025-01-31 19:17:39,679 INFO c.h.h.t.OperatorHelmChartContainer - [local-hivemq-5fcc877b5c] [hivemq] [0e807257] DEBUG - New node discovered: 'i4tjy'
2025-01-31 19:17:39,679 INFO c.h.h.t.OperatorHelmChartContainer - [local-hivemq-5fcc877b5c] [hivemq] [0e807257] DEBUG - State of node i4tjy changed to UNKNOWN was null. Current cluster node states: {i4tjy=UNKNOWN}
2025-01-31 19:17:39,680 INFO c.h.h.t.OperatorHelmChartContainer - [local-hivemq-5fcc877b5c] [hivemq] [0e807257] DEBUG - State of node MtyN7 changed to UNKNOWN was null. Current cluster node states: {MtyN7=UNKNOWN, i4tjy=UNKNOWN}
2025-01-31 19:17:39,831 INFO c.h.h.t.OperatorHelmChartContainer - [local-hivemq-5fcc877b5c] [hivemq] [0e807257] DEBUG - State of node i4tjy changed to RUNNING was UNKNOWN. Current cluster node states: {MtyN7=UNKNOWN, i4tjy=RUNNING}
2025-01-31 19:17:39,833 INFO c.h.h.t.OperatorHelmChartContainer - [local-hivemq-5fcc877b5c] [hivemq] [0e807257] INFO  - Cluster size = 1, members : [i4tjy].
2025-01-31 19:17:39,928 INFO c.h.h.t.OperatorHelmChartContainer - [local-hivemq-5fcc877b5c] [hivemq] [0e807257] DEBUG - Sending NOT_JOINED state request to i4tjy.
2025-01-31 19:17:39,978 INFO c.h.h.t.OperatorHelmChartContainer - [local-hivemq-5fcc877b5c] [hivemq] [0e807257] DEBUG - Could not get configMap modification timestamp for source /hivemq-data/extensions/..data, likely no ConfigMap mounted
2025-01-31 19:17:39,981 INFO c.h.h.t.OperatorHelmChartContainer - [local-hivemq-5fcc877b5c] [hivemq] [0e807257] DEBUG - Could not get configMap modification timestamp for source /hivemq-data/conf/..data, likely no ConfigMap mounted
2025-01-31 19:17:39,981 INFO c.h.h.t.OperatorHelmChartContainer - [local-hivemq-5fcc877b5c] [hivemq] [0e807257] DEBUG - Could not get configMap modification timestamp for source /hivemq-data/bin/..data, likely no ConfigMap mounted
2025-01-31 19:17:39,981 INFO c.h.h.t.OperatorHelmChartContainer - [local-hivemq-5fcc877b5c] [hivemq] [0e807257] INFO  - Started HiveMQ Kubernetes State Synchronization Extension:1.0.3
2025-01-31 19:17:39,981 INFO c.h.h.t.OperatorHelmChartContainer - [local-hivemq-5fcc877b5c] [hivemq] [0e807257] INFO  - Extension "HiveMQ Kubernetes State Synchronization Extension" version 1.0.3 started successfully.
2025-01-31 19:17:39,981 INFO c.h.h.t.OperatorHelmChartContainer - [local-hivemq-5fcc877b5c] [hivemq] [0e807257] INFO  - Starting extension with id "hivemq-allow-all-extension" at /opt/hivemq/extensions/hivemq-allow-all-extension
2025-01-31 19:17:39,981 INFO c.h.h.t.OperatorHelmChartContainer - [local-hivemq-5fcc877b5c] [hivemq] [0e807257] WARN  - 
2025-01-31 19:17:39,981 INFO c.h.h.t.OperatorHelmChartContainer - [local-hivemq-5fcc877b5c] [hivemq] [0e807257] ################################################################################################################
2025-01-31 19:17:39,981 INFO c.h.h.t.OperatorHelmChartContainer - [local-hivemq-5fcc877b5c] [hivemq] [0e807257] # This HiveMQ deployment is not secure! You are lacking Authentication and Authorization.                      #
2025-01-31 19:17:39,981 INFO c.h.h.t.OperatorHelmChartContainer - [local-hivemq-5fcc877b5c] [hivemq] [0e807257] # Right now any MQTT client can connect to the broker with a full set of permissions.                          #
2025-01-31 19:17:39,981 INFO c.h.h.t.OperatorHelmChartContainer - [local-hivemq-5fcc877b5c] [hivemq] [0e807257] # For production usage, add an appropriate security extension and remove the hivemq-allow-all extension.       #
2025-01-31 19:17:39,981 INFO c.h.h.t.OperatorHelmChartContainer - [local-hivemq-5fcc877b5c] [hivemq] [0e807257] # You can download security extensions from the HiveMQ Marketplace (https://www.hivemq.com/extensions/).       #
2025-01-31 19:17:39,981 INFO c.h.h.t.OperatorHelmChartContainer - [local-hivemq-5fcc877b5c] [hivemq] [0e807257] ################################################################################################################
2025-01-31 19:17:39,984 INFO c.h.h.t.OperatorHelmChartContainer - [local-hivemq-5fcc877b5c] [hivemq] [0e807257] DEBUG - Simple authenticator added by extension 'hivemq-allow-all-extension'.
2025-01-31 19:17:39,984 INFO c.h.h.t.OperatorHelmChartContainer - [local-hivemq-5fcc877b5c] [hivemq] [0e807257] INFO  - Extension "Allow All Extension" version 1.1.1 started successfully.
2025-01-31 19:17:40,032 INFO c.h.h.t.OperatorHelmChartContainer - [local-hivemq-5fcc877b5c] [hivemq] [0e807257] DEBUG - Using global cluster id '2rGNH' (1738350967886). Previous was 'UTaTc' (1738351046427).
2025-01-31 19:17:40,036 INFO c.h.h.t.OperatorHelmChartContainer - [local-hivemq-6f4d548d79] [hivemq] [ac93fbb1] DEBUG - State of node MtyN7 changed to NOT_JOINED was UNKNOWN. Current cluster node states: {MtyN7=NOT_JOINED, i4tjy=RUNNING}
2025-01-31 19:17:40,037 INFO c.h.h.t.OperatorHelmChartContainer - [local-hivemq-6f4d548d79] [hivemq] [ac93fbb1] DEBUG - Sending NOT_JOINED state notification for MtyN7 to all nodes.
2025-01-31 19:17:40,042 INFO c.h.h.t.OperatorHelmChartContainer - [local-hivemq-5fcc877b5c] [hivemq] [0e807257] DEBUG - State of node MtyN7 changed to NOT_JOINED was UNKNOWN. Current cluster node states: {MtyN7=NOT_JOINED, i4tjy=RUNNING}
2025-01-31 19:17:40,081 INFO c.h.h.t.OperatorHelmChartContainer - [local-hivemq-5fcc877b5c] [hivemq] [0e807257] DEBUG - Sending JOINING state request to i4tjy.
2025-01-31 19:17:40,125 INFO c.h.h.t.OperatorHelmChartContainer - [local-hivemq-6f4d548d79] [hivemq] [ac93fbb1] DEBUG - Allowing JOIN request for node MtyN7.
2025-01-31 19:17:40,125 INFO c.h.h.t.OperatorHelmChartContainer - [local-hivemq-6f4d548d79] [hivemq] [ac93fbb1] DEBUG - State of node MtyN7 changed to JOINING was NOT_JOINED. Current cluster node states: {MtyN7=JOINING, i4tjy=RUNNING}
2025-01-31 19:17:40,226 INFO c.h.h.t.OperatorHelmChartContainer - [local-hivemq-6f4d548d79] [hivemq] [ac93fbb1] DEBUG - Sending JOINING state notification for MtyN7 to all nodes.
2025-01-31 19:17:40,233 INFO c.h.h.t.OperatorHelmChartContainer - [local-hivemq-5fcc877b5c] [hivemq] [0e807257] DEBUG - State of node MtyN7 changed to JOINING was NOT_JOINED. Current cluster node states: {MtyN7=JOINING, i4tjy=RUNNING}
2025-01-31 19:17:40,240 INFO c.h.h.t.OperatorHelmChartContainer - [local-hivemq-5fcc877b5c] [hivemq] [0e807257] INFO  - Starting cluster join process. This may take a while. Please do not shut down HiveMQ.
2025-01-31 19:17:40,242 INFO c.h.h.t.OperatorHelmChartContainer - [local-hivemq-5fcc877b5c] [hivemq] [0e807257] DEBUG - Join started. Disabling WAL: true
2025-01-31 19:17:40,242 INFO c.h.h.t.OperatorHelmChartContainer - [local-hivemq-5fcc877b5c] [hivemq] [0e807257] DEBUG - Replicating data from nodes [i4tjy].
2025-01-31 19:17:40,243 INFO c.h.h.t.OperatorHelmChartContainer - [local-hivemq-5fcc877b5c] [hivemq] [0e807257] INFO  - Cluster join process is still ongoing. Please do not shut down HiveMQ.
2025-01-31 19:17:40,245 INFO c.h.h.t.OperatorHelmChartContainer - [local-hivemq-6f4d548d79] [hivemq] [ac93fbb1] DEBUG - Received replication finished request from MtyN7. Response is false.
2025-01-31 19:17:40,430 INFO c.h.h.t.OperatorHelmChartContainer - [local-hivemq-6f4d548d79] [hivemq] [ac93fbb1] DEBUG - Replication of data to nodes [MtyN7] finished.
2025-01-31 19:17:41,243 INFO c.h.h.t.OperatorHelmChartContainer - [local-hivemq-6f4d548d79] [hivemq] [ac93fbb1] DEBUG - Received replication finished request from MtyN7. Response is true.
2025-01-31 19:17:41,244 INFO c.h.h.t.OperatorHelmChartContainer - [local-hivemq-5fcc877b5c] [hivemq] [0e807257] DEBUG - Replication of data from node i4tjy finished.
2025-01-31 19:17:42,242 INFO c.h.h.t.OperatorHelmChartContainer - [local-hivemq-5fcc877b5c] [hivemq] [0e807257] DEBUG - Join finished. Flushing RocksDBs.
2025-01-31 19:17:42,244 INFO c.h.h.t.OperatorHelmChartContainer - [local-hivemq-5fcc877b5c] [hivemq] [0e807257] DEBUG - Flushing: /opt/hivemq/data/persistence/publish_payload_store/040500_R/publish_payload_store_0
2025-01-31 19:17:42,244 INFO c.h.h.t.OperatorHelmChartContainer - [local-hivemq-5fcc877b5c] [hivemq] [0e807257] DEBUG - Flushing: /opt/hivemq/data/persistence/publish_payload_store/040500_R/publish_payload_store_1
2025-01-31 19:17:42,244 INFO c.h.h.t.OperatorHelmChartContainer - [local-hivemq-5fcc877b5c] [hivemq] [0e807257] DEBUG - Flushing: /opt/hivemq/data/persistence/publish_payload_store/040500_R/publish_payload_store_2
2025-01-31 19:17:42,244 INFO c.h.h.t.OperatorHelmChartContainer - [local-hivemq-5fcc877b5c] [hivemq] [0e807257] DEBUG - Flushing: /opt/hivemq/data/persistence/publish_payload_store/040500_R/publish_payload_store_3
2025-01-31 19:17:42,244 INFO c.h.h.t.OperatorHelmChartContainer - [local-hivemq-5fcc877b5c] [hivemq] [0e807257] DEBUG - Flushing: /opt/hivemq/data/persistence/publish_payload_store/040500_R/publish_payload_store_4
2025-01-31 19:17:42,244 INFO c.h.h.t.OperatorHelmChartContainer - [local-hivemq-5fcc877b5c] [hivemq] [0e807257] DEBUG - Flushing: /opt/hivemq/data/persistence/publish_payload_store/040500_R/publish_payload_store_5
2025-01-31 19:17:42,244 INFO c.h.h.t.OperatorHelmChartContainer - [local-hivemq-5fcc877b5c] [hivemq] [0e807257] DEBUG - Flushing: /opt/hivemq/data/persistence/publish_payload_store/040500_R/publish_payload_store_7
2025-01-31 19:17:42,245 INFO c.h.h.t.OperatorHelmChartContainer - [local-hivemq-5fcc877b5c] [hivemq] [0e807257] DEBUG - Flushing: /opt/hivemq/data/persistence/publish_payload_store/040500_R/publish_payload_store_6
2025-01-31 19:17:42,245 INFO c.h.h.t.OperatorHelmChartContainer - [local-hivemq-5fcc877b5c] [hivemq] [0e807257] DEBUG - Flushing: /opt/hivemq/data/persistence/publish_payload_store/040500_R/publish_payload_store_8
2025-01-31 19:17:42,245 INFO c.h.h.t.OperatorHelmChartContainer - [local-hivemq-5fcc877b5c] [hivemq] [0e807257] DEBUG - Flushing: /opt/hivemq/data/persistence/publish_payload_store/040500_R/publish_payload_store_9
2025-01-31 19:17:42,245 INFO c.h.h.t.OperatorHelmChartContainer - [local-hivemq-5fcc877b5c] [hivemq] [0e807257] DEBUG - Flushing: /opt/hivemq/data/persistence/publish_payload_store/040500_R/publish_payload_store_10
2025-01-31 19:17:42,245 INFO c.h.h.t.OperatorHelmChartContainer - [local-hivemq-5fcc877b5c] [hivemq] [0e807257] DEBUG - Flushing: /opt/hivemq/data/persistence/publish_payload_store/040500_R/publish_payload_store_11
2025-01-31 19:17:42,245 INFO c.h.h.t.OperatorHelmChartContainer - [local-hivemq-5fcc877b5c] [hivemq] [0e807257] DEBUG - Flushing: /opt/hivemq/data/persistence/publish_payload_store/040500_R/publish_payload_store_13
2025-01-31 19:17:42,245 INFO c.h.h.t.OperatorHelmChartContainer - [local-hivemq-5fcc877b5c] [hivemq] [0e807257] DEBUG - Flushing: /opt/hivemq/data/persistence/publish_payload_store/040500_R/publish_payload_store_12
2025-01-31 19:17:42,245 INFO c.h.h.t.OperatorHelmChartContainer - [local-hivemq-5fcc877b5c] [hivemq] [0e807257] DEBUG - Flushing: /opt/hivemq/data/persistence/publish_payload_store/040500_R/publish_payload_store_14
2025-01-31 19:17:42,245 INFO c.h.h.t.OperatorHelmChartContainer - [local-hivemq-5fcc877b5c] [hivemq] [0e807257] DEBUG - Flushing: /opt/hivemq/data/persistence/publish_payload_store/040500_R/publish_payload_store_15
2025-01-31 19:17:42,245 INFO c.h.h.t.OperatorHelmChartContainer - [local-hivemq-5fcc877b5c] [hivemq] [0e807257] DEBUG - Flushing: /opt/hivemq/data/persistence/publish_payload_store/040500_R/publish_payload_store_18
2025-01-31 19:17:42,245 INFO c.h.h.t.OperatorHelmChartContainer - [local-hivemq-5fcc877b5c] [hivemq] [0e807257] DEBUG - Flushing: /opt/hivemq/data/persistence/publish_payload_store/040500_R/publish_payload_store_16
2025-01-31 19:17:42,245 INFO c.h.h.t.OperatorHelmChartContainer - [local-hivemq-5fcc877b5c] [hivemq] [0e807257] DEBUG - Flushing: /opt/hivemq/data/persistence/publish_payload_store/040500_R/publish_payload_store_17
2025-01-31 19:17:42,245 INFO c.h.h.t.OperatorHelmChartContainer - [local-hivemq-5fcc877b5c] [hivemq] [0e807257] DEBUG - Flushing: /opt/hivemq/data/persistence/publish_payload_store/040500_R/publish_payload_store_19
2025-01-31 19:17:42,245 INFO c.h.h.t.OperatorHelmChartContainer - [local-hivemq-5fcc877b5c] [hivemq] [0e807257] DEBUG - Flushing: /opt/hivemq/data/persistence/publish_payload_store/040500_R/publish_payload_store_20
2025-01-31 19:17:42,245 INFO c.h.h.t.OperatorHelmChartContainer - [local-hivemq-5fcc877b5c] [hivemq] [0e807257] DEBUG - Flushing: /opt/hivemq/data/persistence/publish_payload_store/040500_R/publish_payload_store_21
2025-01-31 19:17:42,245 INFO c.h.h.t.OperatorHelmChartContainer - [local-hivemq-5fcc877b5c] [hivemq] [0e807257] DEBUG - Flushing: /opt/hivemq/data/persistence/publish_payload_store/040500_R/publish_payload_store_22
2025-01-31 19:17:42,245 INFO c.h.h.t.OperatorHelmChartContainer - [local-hivemq-5fcc877b5c] [hivemq] [0e807257] DEBUG - Flushing: /opt/hivemq/data/persistence/publish_payload_store/040500_R/publish_payload_store_23
2025-01-31 19:17:42,245 INFO c.h.h.t.OperatorHelmChartContainer - [local-hivemq-5fcc877b5c] [hivemq] [0e807257] DEBUG - Flushing: /opt/hivemq/data/persistence/publish_payload_store/040500_R/publish_payload_store_24
2025-01-31 19:17:42,245 INFO c.h.h.t.OperatorHelmChartContainer - [local-hivemq-5fcc877b5c] [hivemq] [0e807257] DEBUG - Flushing: /opt/hivemq/data/persistence/publish_payload_store/040500_R/publish_payload_store_25
2025-01-31 19:17:42,245 INFO c.h.h.t.OperatorHelmChartContainer - [local-hivemq-5fcc877b5c] [hivemq] [0e807257] DEBUG - Flushing: /opt/hivemq/data/persistence/publish_payload_store/040500_R/publish_payload_store_26
2025-01-31 19:17:42,247 INFO c.h.h.t.OperatorHelmChartContainer - [local-hivemq-5fcc877b5c] [hivemq] [0e807257] DEBUG - Flushing: /opt/hivemq/data/persistence/publish_payload_store/040500_R/publish_payload_store_27
2025-01-31 19:17:42,247 INFO c.h.h.t.OperatorHelmChartContainer - [local-hivemq-5fcc877b5c] [hivemq] [0e807257] DEBUG - Flushing: /opt/hivemq/data/persistence/publish_payload_store/040500_R/publish_payload_store_28
2025-01-31 19:17:42,247 INFO c.h.h.t.OperatorHelmChartContainer - [local-hivemq-5fcc877b5c] [hivemq] [0e807257] DEBUG - Flushing: /opt/hivemq/data/persistence/publish_payload_store/040500_R/publish_payload_store_29
2025-01-31 19:17:42,247 INFO c.h.h.t.OperatorHelmChartContainer - [local-hivemq-5fcc877b5c] [hivemq] [0e807257] DEBUG - Flushing: /opt/hivemq/data/persistence/publish_payload_store/040500_R/publish_payload_store_30
2025-01-31 19:17:42,248 INFO c.h.h.t.OperatorHelmChartContainer - [local-hivemq-5fcc877b5c] [hivemq] [0e807257] DEBUG - Flushing: /opt/hivemq/data/persistence/publish_payload_store/040500_R/publish_payload_store_31
2025-01-31 19:17:42,248 INFO c.h.h.t.OperatorHelmChartContainer - [local-hivemq-5fcc877b5c] [hivemq] [0e807257] DEBUG - Flushing: /opt/hivemq/data/persistence/publish_payload_store/040500_R/publish_payload_store_32
2025-01-31 19:17:42,248 INFO c.h.h.t.OperatorHelmChartContainer - [local-hivemq-5fcc877b5c] [hivemq] [0e807257] DEBUG - Flushing: /opt/hivemq/data/persistence/publish_payload_store/040500_R/publish_payload_store_33
2025-01-31 19:17:42,248 INFO c.h.h.t.OperatorHelmChartContainer - [local-hivemq-5fcc877b5c] [hivemq] [0e807257] DEBUG - Flushing: /opt/hivemq/data/persistence/publish_payload_store/040500_R/publish_payload_store_34
2025-01-31 19:17:42,248 INFO c.h.h.t.OperatorHelmChartContainer - [local-hivemq-5fcc877b5c] [hivemq] [0e807257] DEBUG - Flushing: /opt/hivemq/data/persistence/publish_payload_store/040500_R/publish_payload_store_35
2025-01-31 19:17:42,248 INFO c.h.h.t.OperatorHelmChartContainer - [local-hivemq-5fcc877b5c] [hivemq] [0e807257] DEBUG - Flushing: /opt/hivemq/data/persistence/publish_payload_store/040500_R/publish_payload_store_36
2025-01-31 19:17:42,248 INFO c.h.h.t.OperatorHelmChartContainer - [local-hivemq-5fcc877b5c] [hivemq] [0e807257] DEBUG - Flushing: /opt/hivemq/data/persistence/publish_payload_store/040500_R/publish_payload_store_37
2025-01-31 19:17:42,248 INFO c.h.h.t.OperatorHelmChartContainer - [local-hivemq-5fcc877b5c] [hivemq] [0e807257] DEBUG - Flushing: /opt/hivemq/data/persistence/publish_payload_store/040500_R/publish_payload_store_38
2025-01-31 19:17:42,248 INFO c.h.h.t.OperatorHelmChartContainer - [local-hivemq-5fcc877b5c] [hivemq] [0e807257] DEBUG - Flushing: /opt/hivemq/data/persistence/publish_payload_store/040500_R/publish_payload_store_39
2025-01-31 19:17:42,248 INFO c.h.h.t.OperatorHelmChartContainer - [local-hivemq-5fcc877b5c] [hivemq] [0e807257] DEBUG - Flushing: /opt/hivemq/data/persistence/publish_payload_store/040500_R/publish_payload_store_41
2025-01-31 19:17:42,248 INFO c.h.h.t.OperatorHelmChartContainer - [local-hivemq-5fcc877b5c] [hivemq] [0e807257] DEBUG - Flushing: /opt/hivemq/data/persistence/publish_payload_store/040500_R/publish_payload_store_40
2025-01-31 19:17:42,249 INFO c.h.h.t.OperatorHelmChartContainer - [local-hivemq-5fcc877b5c] [hivemq] [0e807257] DEBUG - Flushing: /opt/hivemq/data/persistence/publish_payload_store/040500_R/publish_payload_store_42
2025-01-31 19:17:42,249 INFO c.h.h.t.OperatorHelmChartContainer - [local-hivemq-5fcc877b5c] [hivemq] [0e807257] DEBUG - Flushing: /opt/hivemq/data/persistence/publish_payload_store/040500_R/publish_payload_store_43
2025-01-31 19:17:42,249 INFO c.h.h.t.OperatorHelmChartContainer - [local-hivemq-5fcc877b5c] [hivemq] [0e807257] DEBUG - Flushing: /opt/hivemq/data/persistence/publish_payload_store/040500_R/publish_payload_store_44
2025-01-31 19:17:42,249 INFO c.h.h.t.OperatorHelmChartContainer - [local-hivemq-5fcc877b5c] [hivemq] [0e807257] DEBUG - Flushing: /opt/hivemq/data/persistence/publish_payload_store/040500_R/publish_payload_store_45
2025-01-31 19:17:42,249 INFO c.h.h.t.OperatorHelmChartContainer - [local-hivemq-5fcc877b5c] [hivemq] [0e807257] DEBUG - Flushing: /opt/hivemq/data/persistence/publish_payload_store/040500_R/publish_payload_store_46
2025-01-31 19:17:42,249 INFO c.h.h.t.OperatorHelmChartContainer - [local-hivemq-5fcc877b5c] [hivemq] [0e807257] DEBUG - Flushing: /opt/hivemq/data/persistence/publish_payload_store/040500_R/publish_payload_store_47
2025-01-31 19:17:42,249 INFO c.h.h.t.OperatorHelmChartContainer - [local-hivemq-5fcc877b5c] [hivemq] [0e807257] DEBUG - Flushing: /opt/hivemq/data/persistence/publish_payload_store/040500_R/publish_payload_store_49
2025-01-31 19:17:42,249 INFO c.h.h.t.OperatorHelmChartContainer - [local-hivemq-5fcc877b5c] [hivemq] [0e807257] DEBUG - Flushing: /opt/hivemq/data/persistence/publish_payload_store/040500_R/publish_payload_store_48
2025-01-31 19:17:42,249 INFO c.h.h.t.OperatorHelmChartContainer - [local-hivemq-5fcc877b5c] [hivemq] [0e807257] DEBUG - Flushing: /opt/hivemq/data/persistence/publish_payload_store/040500_R/publish_payload_store_50
2025-01-31 19:17:42,249 INFO c.h.h.t.OperatorHelmChartContainer - [local-hivemq-5fcc877b5c] [hivemq] [0e807257] DEBUG - Flushing: /opt/hivemq/data/persistence/publish_payload_store/040500_R/publish_payload_store_51
2025-01-31 19:17:42,249 INFO c.h.h.t.OperatorHelmChartContainer - [local-hivemq-5fcc877b5c] [hivemq] [0e807257] DEBUG - Flushing: /opt/hivemq/data/persistence/publish_payload_store/040500_R/publish_payload_store_52
2025-01-31 19:17:42,249 INFO c.h.h.t.OperatorHelmChartContainer - [local-hivemq-5fcc877b5c] [hivemq] [0e807257] DEBUG - Flushing: /opt/hivemq/data/persistence/publish_payload_store/040500_R/publish_payload_store_53
2025-01-31 19:17:42,249 INFO c.h.h.t.OperatorHelmChartContainer - [local-hivemq-5fcc877b5c] [hivemq] [0e807257] DEBUG - Flushing: /opt/hivemq/data/persistence/publish_payload_store/040500_R/publish_payload_store_54
2025-01-31 19:17:42,249 INFO c.h.h.t.OperatorHelmChartContainer - [local-hivemq-5fcc877b5c] [hivemq] [0e807257] DEBUG - Flushing: /opt/hivemq/data/persistence/publish_payload_store/040500_R/publish_payload_store_55
2025-01-31 19:17:42,249 INFO c.h.h.t.OperatorHelmChartContainer - [local-hivemq-5fcc877b5c] [hivemq] [0e807257] DEBUG - Flushing: /opt/hivemq/data/persistence/publish_payload_store/040500_R/publish_payload_store_57
2025-01-31 19:17:42,251 INFO c.h.h.t.OperatorHelmChartContainer - [local-hivemq-5fcc877b5c] [hivemq] [0e807257] DEBUG - Flushing: /opt/hivemq/data/persistence/publish_payload_store/040500_R/publish_payload_store_56
2025-01-31 19:17:42,251 INFO c.h.h.t.OperatorHelmChartContainer - [local-hivemq-5fcc877b5c] [hivemq] [0e807257] DEBUG - Flushing: /opt/hivemq/data/persistence/publish_payload_store/040500_R/publish_payload_store_58
2025-01-31 19:17:42,255 INFO c.h.h.t.OperatorHelmChartContainer - [local-hivemq-5fcc877b5c] [hivemq] [0e807257] DEBUG - Flushing: /opt/hivemq/data/persistence/publish_payload_store/040500_R/publish_payload_store_59
2025-01-31 19:17:42,255 INFO c.h.h.t.OperatorHelmChartContainer - [local-hivemq-5fcc877b5c] [hivemq] [0e807257] DEBUG - Flushing: /opt/hivemq/data/persistence/publish_payload_store/040500_R/publish_payload_store_60
2025-01-31 19:17:42,255 INFO c.h.h.t.OperatorHelmChartContainer - [local-hivemq-5fcc877b5c] [hivemq] [0e807257] DEBUG - Flushing: /opt/hivemq/data/persistence/publish_payload_store/040500_R/publish_payload_store_62
2025-01-31 19:17:42,255 INFO c.h.h.t.OperatorHelmChartContainer - [local-hivemq-5fcc877b5c] [hivemq] [0e807257] DEBUG - Flushing: /opt/hivemq/data/persistence/publish_payload_store/040500_R/publish_payload_store_61
2025-01-31 19:17:42,255 INFO c.h.h.t.OperatorHelmChartContainer - [local-hivemq-5fcc877b5c] [hivemq] [0e807257] DEBUG - Flushing: /opt/hivemq/data/persistence/publish_payload_store/040500_R/publish_payload_store_63
2025-01-31 19:17:42,255 INFO c.h.h.t.OperatorHelmChartContainer - [local-hivemq-5fcc877b5c] [hivemq] [0e807257] DEBUG - Flushing: /opt/hivemq/data/persistence/client_queue/042800_R/client_queue_0
2025-01-31 19:17:42,255 INFO c.h.h.t.OperatorHelmChartContainer - [local-hivemq-5fcc877b5c] [hivemq] [0e807257] DEBUG - Flushing: /opt/hivemq/data/persistence/client_queue/042800_R/client_queue_1
2025-01-31 19:17:42,255 INFO c.h.h.t.OperatorHelmChartContainer - [local-hivemq-5fcc877b5c] [hivemq] [0e807257] DEBUG - Flushing: /opt/hivemq/data/persistence/client_queue/042800_R/client_queue_3
2025-01-31 19:17:42,255 INFO c.h.h.t.OperatorHelmChartContainer - [local-hivemq-5fcc877b5c] [hivemq] [0e807257] DEBUG - Flushing: /opt/hivemq/data/persistence/client_queue/042800_R/client_queue_2
2025-01-31 19:17:42,255 INFO c.h.h.t.OperatorHelmChartContainer - [local-hivemq-5fcc877b5c] [hivemq] [0e807257] DEBUG - Flushing: /opt/hivemq/data/persistence/client_queue/042800_R/client_queue_4
2025-01-31 19:17:42,256 INFO c.h.h.t.OperatorHelmChartContainer - [local-hivemq-5fcc877b5c] [hivemq] [0e807257] DEBUG - Flushing: /opt/hivemq/data/persistence/client_queue/042800_R/client_queue_7
2025-01-31 19:17:42,256 INFO c.h.h.t.OperatorHelmChartContainer - [local-hivemq-5fcc877b5c] [hivemq] [0e807257] DEBUG - Flushing: /opt/hivemq/data/persistence/client_queue/042800_R/client_queue_5
2025-01-31 19:17:42,256 INFO c.h.h.t.OperatorHelmChartContainer - [local-hivemq-5fcc877b5c] [hivemq] [0e807257] DEBUG - Flushing: /opt/hivemq/data/persistence/client_queue/042800_R/client_queue_6
2025-01-31 19:17:42,256 INFO c.h.h.t.OperatorHelmChartContainer - [local-hivemq-5fcc877b5c] [hivemq] [0e807257] DEBUG - Flushing: /opt/hivemq/data/persistence/client_queue/042800_R/client_queue_8
2025-01-31 19:17:42,256 INFO c.h.h.t.OperatorHelmChartContainer - [local-hivemq-5fcc877b5c] [hivemq] [0e807257] DEBUG - Flushing: /opt/hivemq/data/persistence/client_queue/042800_R/client_queue_9
2025-01-31 19:17:42,256 INFO c.h.h.t.OperatorHelmChartContainer - [local-hivemq-5fcc877b5c] [hivemq] [0e807257] DEBUG - Flushing: /opt/hivemq/data/persistence/client_queue/042800_R/client_queue_10
2025-01-31 19:17:42,256 INFO c.h.h.t.OperatorHelmChartContainer - [local-hivemq-5fcc877b5c] [hivemq] [0e807257] DEBUG - Flushing: /opt/hivemq/data/persistence/client_queue/042800_R/client_queue_12
2025-01-31 19:17:42,256 INFO c.h.h.t.OperatorHelmChartContainer - [local-hivemq-5fcc877b5c] [hivemq] [0e807257] DEBUG - Flushing: /opt/hivemq/data/persistence/client_queue/042800_R/client_queue_11
2025-01-31 19:17:42,256 INFO c.h.h.t.OperatorHelmChartContainer - [local-hivemq-5fcc877b5c] [hivemq] [0e807257] DEBUG - Flushing: /opt/hivemq/data/persistence/client_queue/042800_R/client_queue_13
2025-01-31 19:17:42,256 INFO c.h.h.t.OperatorHelmChartContainer - [local-hivemq-5fcc877b5c] [hivemq] [0e807257] DEBUG - Flushing: /opt/hivemq/data/persistence/client_queue/042800_R/client_queue_14
2025-01-31 19:17:42,256 INFO c.h.h.t.OperatorHelmChartContainer - [local-hivemq-5fcc877b5c] [hivemq] [0e807257] DEBUG - Flushing: /opt/hivemq/data/persistence/client_queue/042800_R/client_queue_16
2025-01-31 19:17:42,256 INFO c.h.h.t.OperatorHelmChartContainer - [local-hivemq-5fcc877b5c] [hivemq] [0e807257] DEBUG - Flushing: /opt/hivemq/data/persistence/client_queue/042800_R/client_queue_15
2025-01-31 19:17:42,256 INFO c.h.h.t.OperatorHelmChartContainer - [local-hivemq-5fcc877b5c] [hivemq] [0e807257] DEBUG - Flushing: /opt/hivemq/data/persistence/client_queue/042800_R/client_queue_18
2025-01-31 19:17:42,256 INFO c.h.h.t.OperatorHelmChartContainer - [local-hivemq-5fcc877b5c] [hivemq] [0e807257] DEBUG - Flushing: /opt/hivemq/data/persistence/client_queue/042800_R/client_queue_17
2025-01-31 19:17:42,256 INFO c.h.h.t.OperatorHelmChartContainer - [local-hivemq-5fcc877b5c] [hivemq] [0e807257] DEBUG - Flushing: /opt/hivemq/data/persistence/client_queue/042800_R/client_queue_19
2025-01-31 19:17:42,256 INFO c.h.h.t.OperatorHelmChartContainer - [local-hivemq-5fcc877b5c] [hivemq] [0e807257] DEBUG - Flushing: /opt/hivemq/data/persistence/client_queue/042800_R/client_queue_20
2025-01-31 19:17:42,256 INFO c.h.h.t.OperatorHelmChartContainer - [local-hivemq-5fcc877b5c] [hivemq] [0e807257] DEBUG - Flushing: /opt/hivemq/data/persistence/client_queue/042800_R/client_queue_21
2025-01-31 19:17:42,256 INFO c.h.h.t.OperatorHelmChartContainer - [local-hivemq-5fcc877b5c] [hivemq] [0e807257] DEBUG - Flushing: /opt/hivemq/data/persistence/client_queue/042800_R/client_queue_22
2025-01-31 19:17:42,256 INFO c.h.h.t.OperatorHelmChartContainer - [local-hivemq-5fcc877b5c] [hivemq] [0e807257] DEBUG - Flushing: /opt/hivemq/data/persistence/client_queue/042800_R/client_queue_23
2025-01-31 19:17:42,259 INFO c.h.h.t.OperatorHelmChartContainer - [local-hivemq-5fcc877b5c] [hivemq] [0e807257] DEBUG - Flushing: /opt/hivemq/data/persistence/client_queue/042800_R/client_queue_24
2025-01-31 19:17:42,259 INFO c.h.h.t.OperatorHelmChartContainer - [local-hivemq-5fcc877b5c] [hivemq] [0e807257] DEBUG - Flushing: /opt/hivemq/data/persistence/client_queue/042800_R/client_queue_27
2025-01-31 19:17:42,259 INFO c.h.h.t.OperatorHelmChartContainer - [local-hivemq-5fcc877b5c] [hivemq] [0e807257] DEBUG - Flushing: /opt/hivemq/data/persistence/client_queue/042800_R/client_queue_26
2025-01-31 19:17:42,259 INFO c.h.h.t.OperatorHelmChartContainer - [local-hivemq-5fcc877b5c] [hivemq] [0e807257] DEBUG - Flushing: /opt/hivemq/data/persistence/client_queue/042800_R/client_queue_28
2025-01-31 19:17:42,259 INFO c.h.h.t.OperatorHelmChartContainer - [local-hivemq-5fcc877b5c] [hivemq] [0e807257] DEBUG - Flushing: /opt/hivemq/data/persistence/client_queue/042800_R/client_queue_25
2025-01-31 19:17:42,260 INFO c.h.h.t.OperatorHelmChartContainer - [local-hivemq-5fcc877b5c] [hivemq] [0e807257] DEBUG - Flushing: /opt/hivemq/data/persistence/client_queue/042800_R/client_queue_29
2025-01-31 19:17:42,261 INFO c.h.h.t.OperatorHelmChartContainer - [local-hivemq-5fcc877b5c] [hivemq] [0e807257] DEBUG - Flushing: /opt/hivemq/data/persistence/client_queue/042800_R/client_queue_31
2025-01-31 19:17:42,261 INFO c.h.h.t.OperatorHelmChartContainer - [local-hivemq-5fcc877b5c] [hivemq] [0e807257] DEBUG - Flushing: /opt/hivemq/data/persistence/client_queue/042800_R/client_queue_30
2025-01-31 19:17:42,268 INFO c.h.h.t.OperatorHelmChartContainer - [local-hivemq-5fcc877b5c] [hivemq] [0e807257] DEBUG - Flushing: /opt/hivemq/data/persistence/client_queue/042800_R/client_queue_32
2025-01-31 19:17:42,268 INFO c.h.h.t.OperatorHelmChartContainer - [local-hivemq-5fcc877b5c] [hivemq] [0e807257] DEBUG - Flushing: /opt/hivemq/data/persistence/client_queue/042800_R/client_queue_33
2025-01-31 19:17:42,268 INFO c.h.h.t.OperatorHelmChartContainer - [local-hivemq-5fcc877b5c] [hivemq] [0e807257] DEBUG - Flushing: /opt/hivemq/data/persistence/client_queue/042800_R/client_queue_35
2025-01-31 19:17:42,268 INFO c.h.h.t.OperatorHelmChartContainer - [local-hivemq-5fcc877b5c] [hivemq] [0e807257] DEBUG - Flushing: /opt/hivemq/data/persistence/client_queue/042800_R/client_queue_34
2025-01-31 19:17:42,269 INFO c.h.h.t.OperatorHelmChartContainer - [local-hivemq-5fcc877b5c] [hivemq] [0e807257] DEBUG - Flushing: /opt/hivemq/data/persistence/client_queue/042800_R/client_queue_36
2025-01-31 19:17:42,269 INFO c.h.h.t.OperatorHelmChartContainer - [local-hivemq-5fcc877b5c] [hivemq] [0e807257] DEBUG - Flushing: /opt/hivemq/data/persistence/client_queue/042800_R/client_queue_37
2025-01-31 19:17:42,269 INFO c.h.h.t.OperatorHelmChartContainer - [local-hivemq-5fcc877b5c] [hivemq] [0e807257] DEBUG - Flushing: /opt/hivemq/data/persistence/client_queue/042800_R/client_queue_38
2025-01-31 19:17:42,269 INFO c.h.h.t.OperatorHelmChartContainer - [local-hivemq-5fcc877b5c] [hivemq] [0e807257] DEBUG - Flushing: /opt/hivemq/data/persistence/client_queue/042800_R/client_queue_39
2025-01-31 19:17:42,269 INFO c.h.h.t.OperatorHelmChartContainer - [local-hivemq-5fcc877b5c] [hivemq] [0e807257] DEBUG - Flushing: /opt/hivemq/data/persistence/client_queue/042800_R/client_queue_40
2025-01-31 19:17:42,269 INFO c.h.h.t.OperatorHelmChartContainer - [local-hivemq-5fcc877b5c] [hivemq] [0e807257] DEBUG - Flushing: /opt/hivemq/data/persistence/client_queue/042800_R/client_queue_41
2025-01-31 19:17:42,269 INFO c.h.h.t.OperatorHelmChartContainer - [local-hivemq-5fcc877b5c] [hivemq] [0e807257] DEBUG - Flushing: /opt/hivemq/data/persistence/client_queue/042800_R/client_queue_42
2025-01-31 19:17:42,270 INFO c.h.h.t.OperatorHelmChartContainer - [local-hivemq-5fcc877b5c] [hivemq] [0e807257] DEBUG - Flushing: /opt/hivemq/data/persistence/client_queue/042800_R/client_queue_43
2025-01-31 19:17:42,270 INFO c.h.h.t.OperatorHelmChartContainer - [local-hivemq-5fcc877b5c] [hivemq] [0e807257] DEBUG - Flushing: /opt/hivemq/data/persistence/client_queue/042800_R/client_queue_45
2025-01-31 19:17:42,270 INFO c.h.h.t.OperatorHelmChartContainer - [local-hivemq-5fcc877b5c] [hivemq] [0e807257] DEBUG - Flushing: /opt/hivemq/data/persistence/client_queue/042800_R/client_queue_44
2025-01-31 19:17:42,270 INFO c.h.h.t.OperatorHelmChartContainer - [local-hivemq-5fcc877b5c] [hivemq] [0e807257] DEBUG - Flushing: /opt/hivemq/data/persistence/client_queue/042800_R/client_queue_46
2025-01-31 19:17:42,271 INFO c.h.h.t.OperatorHelmChartContainer - [local-hivemq-5fcc877b5c] [hivemq] [0e807257] DEBUG - Flushing: /opt/hivemq/data/persistence/client_queue/042800_R/client_queue_47
2025-01-31 19:17:42,271 INFO c.h.h.t.OperatorHelmChartContainer - [local-hivemq-5fcc877b5c] [hivemq] [0e807257] DEBUG - Flushing: /opt/hivemq/data/persistence/client_queue/042800_R/client_queue_48
2025-01-31 19:17:42,271 INFO c.h.h.t.OperatorHelmChartContainer - [local-hivemq-5fcc877b5c] [hivemq] [0e807257] DEBUG - Flushing: /opt/hivemq/data/persistence/client_queue/042800_R/client_queue_49
2025-01-31 19:17:42,271 INFO c.h.h.t.OperatorHelmChartContainer - [local-hivemq-5fcc877b5c] [hivemq] [0e807257] DEBUG - Flushing: /opt/hivemq/data/persistence/client_queue/042800_R/client_queue_50
2025-01-31 19:17:42,271 INFO c.h.h.t.OperatorHelmChartContainer - [local-hivemq-5fcc877b5c] [hivemq] [0e807257] DEBUG - Flushing: /opt/hivemq/data/persistence/client_queue/042800_R/client_queue_51
2025-01-31 19:17:42,271 INFO c.h.h.t.OperatorHelmChartContainer - [local-hivemq-5fcc877b5c] [hivemq] [0e807257] DEBUG - Flushing: /opt/hivemq/data/persistence/client_queue/042800_R/client_queue_53
2025-01-31 19:17:42,271 INFO c.h.h.t.OperatorHelmChartContainer - [local-hivemq-5fcc877b5c] [hivemq] [0e807257] DEBUG - Flushing: /opt/hivemq/data/persistence/client_queue/042800_R/client_queue_54
2025-01-31 19:17:42,271 INFO c.h.h.t.OperatorHelmChartContainer - [local-hivemq-5fcc877b5c] [hivemq] [0e807257] DEBUG - Flushing: /opt/hivemq/data/persistence/client_queue/042800_R/client_queue_52
2025-01-31 19:17:42,271 INFO c.h.h.t.OperatorHelmChartContainer - [local-hivemq-5fcc877b5c] [hivemq] [0e807257] DEBUG - Flushing: /opt/hivemq/data/persistence/client_queue/042800_R/client_queue_55
2025-01-31 19:17:42,271 INFO c.h.h.t.OperatorHelmChartContainer - [local-hivemq-5fcc877b5c] [hivemq] [0e807257] DEBUG - Flushing: /opt/hivemq/data/persistence/client_queue/042800_R/client_queue_57
2025-01-31 19:17:42,271 INFO c.h.h.t.OperatorHelmChartContainer - [local-hivemq-5fcc877b5c] [hivemq] [0e807257] DEBUG - Flushing: /opt/hivemq/data/persistence/client_queue/042800_R/client_queue_56
2025-01-31 19:17:42,271 INFO c.h.h.t.OperatorHelmChartContainer - [local-hivemq-5fcc877b5c] [hivemq] [0e807257] DEBUG - Flushing: /opt/hivemq/data/persistence/client_queue/042800_R/client_queue_58
2025-01-31 19:17:42,271 INFO c.h.h.t.OperatorHelmChartContainer - [local-hivemq-5fcc877b5c] [hivemq] [0e807257] DEBUG - Flushing: /opt/hivemq/data/persistence/client_queue/042800_R/client_queue_59
2025-01-31 19:17:42,271 INFO c.h.h.t.OperatorHelmChartContainer - [local-hivemq-5fcc877b5c] [hivemq] [0e807257] DEBUG - Flushing: /opt/hivemq/data/persistence/client_queue/042800_R/client_queue_60
2025-01-31 19:17:42,271 INFO c.h.h.t.OperatorHelmChartContainer - [local-hivemq-5fcc877b5c] [hivemq] [0e807257] DEBUG - Flushing: /opt/hivemq/data/persistence/client_queue/042800_R/client_queue_61
2025-01-31 19:17:42,271 INFO c.h.h.t.OperatorHelmChartContainer - [local-hivemq-5fcc877b5c] [hivemq] [0e807257] DEBUG - Flushing: /opt/hivemq/data/persistence/client_queue/042800_R/client_queue_62
2025-01-31 19:17:42,273 INFO c.h.h.t.OperatorHelmChartContainer - [local-hivemq-5fcc877b5c] [hivemq] [0e807257] DEBUG - Flushing: /opt/hivemq/data/persistence/client_queue/042800_R/client_queue_63
2025-01-31 19:17:42,273 INFO c.h.h.t.OperatorHelmChartContainer - [local-hivemq-5fcc877b5c] [hivemq] [0e807257] DEBUG - Flushing: /opt/hivemq/data/persistence/client_session_store/040100_R/client_session_store_0
2025-01-31 19:17:42,273 INFO c.h.h.t.OperatorHelmChartContainer - [local-hivemq-5fcc877b5c] [hivemq] [0e807257] DEBUG - Flushing: /opt/hivemq/data/persistence/client_session_store/040100_R/client_session_store_1
2025-01-31 19:17:42,273 INFO c.h.h.t.OperatorHelmChartContainer - [local-hivemq-5fcc877b5c] [hivemq] [0e807257] DEBUG - Flushing: /opt/hivemq/data/persistence/client_session_store/040100_R/client_session_store_2
2025-01-31 19:17:42,273 INFO c.h.h.t.OperatorHelmChartContainer - [local-hivemq-5fcc877b5c] [hivemq] [0e807257] DEBUG - Flushing: /opt/hivemq/data/persistence/client_session_store/040100_R/client_session_store_3
2025-01-31 19:17:42,273 INFO c.h.h.t.OperatorHelmChartContainer - [local-hivemq-5fcc877b5c] [hivemq] [0e807257] DEBUG - Flushing: /opt/hivemq/data/persistence/client_session_store/040100_R/client_session_store_6
2025-01-31 19:17:42,273 INFO c.h.h.t.OperatorHelmChartContainer - [local-hivemq-5fcc877b5c] [hivemq] [0e807257] DEBUG - Flushing: /opt/hivemq/data/persistence/client_session_store/040100_R/client_session_store_5
2025-01-31 19:17:42,273 INFO c.h.h.t.OperatorHelmChartContainer - [local-hivemq-5fcc877b5c] [hivemq] [0e807257] DEBUG - Flushing: /opt/hivemq/data/persistence/client_session_store/040100_R/client_session_store_4
2025-01-31 19:17:42,273 INFO c.h.h.t.OperatorHelmChartContainer - [local-hivemq-5fcc877b5c] [hivemq] [0e807257] DEBUG - Flushing: /opt/hivemq/data/persistence/client_session_store/040100_R/client_session_store_8
2025-01-31 19:17:42,273 INFO c.h.h.t.OperatorHelmChartContainer - [local-hivemq-5fcc877b5c] [hivemq] [0e807257] DEBUG - Flushing: /opt/hivemq/data/persistence/client_session_store/040100_R/client_session_store_7
2025-01-31 19:17:42,273 INFO c.h.h.t.OperatorHelmChartContainer - [local-hivemq-5fcc877b5c] [hivemq] [0e807257] DEBUG - Flushing: /opt/hivemq/data/persistence/client_session_store/040100_R/client_session_store_9
2025-01-31 19:17:42,274 INFO c.h.h.t.OperatorHelmChartContainer - [local-hivemq-5fcc877b5c] [hivemq] [0e807257] DEBUG - Flushing: /opt/hivemq/data/persistence/client_session_store/040100_R/client_session_store_10
2025-01-31 19:17:42,274 INFO c.h.h.t.OperatorHelmChartContainer - [local-hivemq-5fcc877b5c] [hivemq] [0e807257] DEBUG - Flushing: /opt/hivemq/data/persistence/client_session_store/040100_R/client_session_store_11
2025-01-31 19:17:42,274 INFO c.h.h.t.OperatorHelmChartContainer - [local-hivemq-5fcc877b5c] [hivemq] [0e807257] DEBUG - Flushing: /opt/hivemq/data/persistence/client_session_store/040100_R/client_session_store_12
2025-01-31 19:17:42,274 INFO c.h.h.t.OperatorHelmChartContainer - [local-hivemq-5fcc877b5c] [hivemq] [0e807257] DEBUG - Flushing: /opt/hivemq/data/persistence/client_session_store/040100_R/client_session_store_15
2025-01-31 19:17:42,274 INFO c.h.h.t.OperatorHelmChartContainer - [local-hivemq-5fcc877b5c] [hivemq] [0e807257] DEBUG - Flushing: /opt/hivemq/data/persistence/client_session_store/040100_R/client_session_store_14
2025-01-31 19:17:42,274 INFO c.h.h.t.OperatorHelmChartContainer - [local-hivemq-5fcc877b5c] [hivemq] [0e807257] DEBUG - Flushing: /opt/hivemq/data/persistence/client_session_store/040100_R/client_session_store_13
2025-01-31 19:17:42,275 INFO c.h.h.t.OperatorHelmChartContainer - [local-hivemq-5fcc877b5c] [hivemq] [0e807257] DEBUG - Flushing: /opt/hivemq/data/persistence/client_session_store/040100_R/client_session_store_16
2025-01-31 19:17:42,275 INFO c.h.h.t.OperatorHelmChartContainer - [local-hivemq-5fcc877b5c] [hivemq] [0e807257] DEBUG - Flushing: /opt/hivemq/data/persistence/client_session_store/040100_R/client_session_store_17
2025-01-31 19:17:42,275 INFO c.h.h.t.OperatorHelmChartContainer - [local-hivemq-5fcc877b5c] [hivemq] [0e807257] DEBUG - Flushing: /opt/hivemq/data/persistence/client_session_store/040100_R/client_session_store_18
2025-01-31 19:17:42,275 INFO c.h.h.t.OperatorHelmChartContainer - [local-hivemq-5fcc877b5c] [hivemq] [0e807257] DEBUG - Flushing: /opt/hivemq/data/persistence/client_session_store/040100_R/client_session_store_19
2025-01-31 19:17:42,276 INFO c.h.h.t.OperatorHelmChartContainer - [local-hivemq-5fcc877b5c] [hivemq] [0e807257] DEBUG - Flushing: /opt/hivemq/data/persistence/client_session_store/040100_R/client_session_store_20
2025-01-31 19:17:42,277 INFO c.h.h.t.OperatorHelmChartContainer - [local-hivemq-5fcc877b5c] [hivemq] [0e807257] DEBUG - Flushing: /opt/hivemq/data/persistence/client_session_store/040100_R/client_session_store_21
2025-01-31 19:17:42,278 INFO c.h.h.t.OperatorHelmChartContainer - [local-hivemq-5fcc877b5c] [hivemq] [0e807257] DEBUG - Flushing: /opt/hivemq/data/persistence/client_session_store/040100_R/client_session_store_22
2025-01-31 19:17:42,278 INFO c.h.h.t.OperatorHelmChartContainer - [local-hivemq-5fcc877b5c] [hivemq] [0e807257] DEBUG - Flushing: /opt/hivemq/data/persistence/client_session_store/040100_R/client_session_store_23
2025-01-31 19:17:42,279 INFO c.h.h.t.OperatorHelmChartContainer - [local-hivemq-5fcc877b5c] [hivemq] [0e807257] DEBUG - Flushing: /opt/hivemq/data/persistence/client_session_store/040100_R/client_session_store_24
2025-01-31 19:17:42,279 INFO c.h.h.t.OperatorHelmChartContainer - [local-hivemq-5fcc877b5c] [hivemq] [0e807257] DEBUG - Flushing: /opt/hivemq/data/persistence/client_session_store/040100_R/client_session_store_25
2025-01-31 19:17:42,279 INFO c.h.h.t.OperatorHelmChartContainer - [local-hivemq-5fcc877b5c] [hivemq] [0e807257] DEBUG - Flushing: /opt/hivemq/data/persistence/client_session_store/040100_R/client_session_store_26
2025-01-31 19:17:42,279 INFO c.h.h.t.OperatorHelmChartContainer - [local-hivemq-5fcc877b5c] [hivemq] [0e807257] DEBUG - Flushing: /opt/hivemq/data/persistence/client_session_store/040100_R/client_session_store_28
2025-01-31 19:17:42,279 INFO c.h.h.t.OperatorHelmChartContainer - [local-hivemq-5fcc877b5c] [hivemq] [0e807257] DEBUG - Flushing: /opt/hivemq/data/persistence/client_session_store/040100_R/client_session_store_29
2025-01-31 19:17:42,279 INFO c.h.h.t.OperatorHelmChartContainer - [local-hivemq-5fcc877b5c] [hivemq] [0e807257] DEBUG - Flushing: /opt/hivemq/data/persistence/client_session_store/040100_R/client_session_store_27
2025-01-31 19:17:42,279 INFO c.h.h.t.OperatorHelmChartContainer - [local-hivemq-5fcc877b5c] [hivemq] [0e807257] DEBUG - Flushing: /opt/hivemq/data/persistence/client_session_store/040100_R/client_session_store_30
2025-01-31 19:17:42,279 INFO c.h.h.t.OperatorHelmChartContainer - [local-hivemq-5fcc877b5c] [hivemq] [0e807257] DEBUG - Flushing: /opt/hivemq/data/persistence/client_session_store/040100_R/client_session_store_31
2025-01-31 19:17:42,279 INFO c.h.h.t.OperatorHelmChartContainer - [local-hivemq-5fcc877b5c] [hivemq] [0e807257] DEBUG - Flushing: /opt/hivemq/data/persistence/client_session_store/040100_R/client_session_store_32
2025-01-31 19:17:42,279 INFO c.h.h.t.OperatorHelmChartContainer - [local-hivemq-5fcc877b5c] [hivemq] [0e807257] DEBUG - Flushing: /opt/hivemq/data/persistence/client_session_store/040100_R/client_session_store_33
2025-01-31 19:17:42,279 INFO c.h.h.t.OperatorHelmChartContainer - [local-hivemq-5fcc877b5c] [hivemq] [0e807257] DEBUG - Flushing: /opt/hivemq/data/persistence/client_session_store/040100_R/client_session_store_34
2025-01-31 19:17:42,279 INFO c.h.h.t.OperatorHelmChartContainer - [local-hivemq-5fcc877b5c] [hivemq] [0e807257] DEBUG - Flushing: /opt/hivemq/data/persistence/client_session_store/040100_R/client_session_store_37
2025-01-31 19:17:42,280 INFO c.h.h.t.OperatorHelmChartContainer - [local-hivemq-5fcc877b5c] [hivemq] [0e807257] DEBUG - Flushing: /opt/hivemq/data/persistence/client_session_store/040100_R/client_session_store_35
2025-01-31 19:17:42,280 INFO c.h.h.t.OperatorHelmChartContainer - [local-hivemq-5fcc877b5c] [hivemq] [0e807257] DEBUG - Flushing: /opt/hivemq/data/persistence/client_session_store/040100_R/client_session_store_36
2025-01-31 19:17:42,280 INFO c.h.h.t.OperatorHelmChartContainer - [local-hivemq-5fcc877b5c] [hivemq] [0e807257] DEBUG - Flushing: /opt/hivemq/data/persistence/client_session_store/040100_R/client_session_store_39
2025-01-31 19:17:42,280 INFO c.h.h.t.OperatorHelmChartContainer - [local-hivemq-5fcc877b5c] [hivemq] [0e807257] DEBUG - Flushing: /opt/hivemq/data/persistence/client_session_store/040100_R/client_session_store_38
2025-01-31 19:17:42,280 INFO c.h.h.t.OperatorHelmChartContainer - [local-hivemq-5fcc877b5c] [hivemq] [0e807257] DEBUG - Flushing: /opt/hivemq/data/persistence/client_session_store/040100_R/client_session_store_40
2025-01-31 19:17:42,280 INFO c.h.h.t.OperatorHelmChartContainer - [local-hivemq-5fcc877b5c] [hivemq] [0e807257] DEBUG - Flushing: /opt/hivemq/data/persistence/client_session_store/040100_R/client_session_store_41
2025-01-31 19:17:42,280 INFO c.h.h.t.OperatorHelmChartContainer - [local-hivemq-5fcc877b5c] [hivemq] [0e807257] DEBUG - Flushing: /opt/hivemq/data/persistence/client_session_store/040100_R/client_session_store_42
2025-01-31 19:17:42,280 INFO c.h.h.t.OperatorHelmChartContainer - [local-hivemq-5fcc877b5c] [hivemq] [0e807257] DEBUG - Flushing: /opt/hivemq/data/persistence/client_session_store/040100_R/client_session_store_43
2025-01-31 19:17:42,280 INFO c.h.h.t.OperatorHelmChartContainer - [local-hivemq-5fcc877b5c] [hivemq] [0e807257] DEBUG - Flushing: /opt/hivemq/data/persistence/client_session_store/040100_R/client_session_store_44
2025-01-31 19:17:42,280 INFO c.h.h.t.OperatorHelmChartContainer - [local-hivemq-5fcc877b5c] [hivemq] [0e807257] DEBUG - Flushing: /opt/hivemq/data/persistence/client_session_store/040100_R/client_session_store_45
2025-01-31 19:17:42,280 INFO c.h.h.t.OperatorHelmChartContainer - [local-hivemq-5fcc877b5c] [hivemq] [0e807257] DEBUG - Flushing: /opt/hivemq/data/persistence/client_session_store/040100_R/client_session_store_47
2025-01-31 19:17:42,280 INFO c.h.h.t.OperatorHelmChartContainer - [local-hivemq-5fcc877b5c] [hivemq] [0e807257] DEBUG - Flushing: /opt/hivemq/data/persistence/client_session_store/040100_R/client_session_store_46
2025-01-31 19:17:42,280 INFO c.h.h.t.OperatorHelmChartContainer - [local-hivemq-5fcc877b5c] [hivemq] [0e807257] DEBUG - Flushing: /opt/hivemq/data/persistence/client_session_store/040100_R/client_session_store_48
2025-01-31 19:17:42,280 INFO c.h.h.t.OperatorHelmChartContainer - [local-hivemq-5fcc877b5c] [hivemq] [0e807257] DEBUG - Flushing: /opt/hivemq/data/persistence/client_session_store/040100_R/client_session_store_49
2025-01-31 19:17:42,280 INFO c.h.h.t.OperatorHelmChartContainer - [local-hivemq-5fcc877b5c] [hivemq] [0e807257] DEBUG - Flushing: /opt/hivemq/data/persistence/client_session_store/040100_R/client_session_store_50
2025-01-31 19:17:42,280 INFO c.h.h.t.OperatorHelmChartContainer - [local-hivemq-5fcc877b5c] [hivemq] [0e807257] DEBUG - Flushing: /opt/hivemq/data/persistence/client_session_store/040100_R/client_session_store_51
2025-01-31 19:17:42,280 INFO c.h.h.t.OperatorHelmChartContainer - [local-hivemq-5fcc877b5c] [hivemq] [0e807257] DEBUG - Flushing: /opt/hivemq/data/persistence/client_session_store/040100_R/client_session_store_52
2025-01-31 19:17:42,281 INFO c.h.h.t.OperatorHelmChartContainer - [local-hivemq-5fcc877b5c] [hivemq] [0e807257] DEBUG - Flushing: /opt/hivemq/data/persistence/client_session_store/040100_R/client_session_store_53
2025-01-31 19:17:42,281 INFO c.h.h.t.OperatorHelmChartContainer - [local-hivemq-5fcc877b5c] [hivemq] [0e807257] DEBUG - Flushing: /opt/hivemq/data/persistence/client_session_store/040100_R/client_session_store_54
2025-01-31 19:17:42,281 INFO c.h.h.t.OperatorHelmChartContainer - [local-hivemq-5fcc877b5c] [hivemq] [0e807257] DEBUG - Flushing: /opt/hivemq/data/persistence/client_session_store/040100_R/client_session_store_55
2025-01-31 19:17:42,281 INFO c.h.h.t.OperatorHelmChartContainer - [local-hivemq-5fcc877b5c] [hivemq] [0e807257] DEBUG - Flushing: /opt/hivemq/data/persistence/client_session_store/040100_R/client_session_store_56
2025-01-31 19:17:42,281 INFO c.h.h.t.OperatorHelmChartContainer - [local-hivemq-5fcc877b5c] [hivemq] [0e807257] DEBUG - Flushing: /opt/hivemq/data/persistence/client_session_store/040100_R/client_session_store_57
2025-01-31 19:17:42,281 INFO c.h.h.t.OperatorHelmChartContainer - [local-hivemq-5fcc877b5c] [hivemq] [0e807257] DEBUG - Flushing: /opt/hivemq/data/persistence/client_session_store/040100_R/client_session_store_58
2025-01-31 19:17:42,281 INFO c.h.h.t.OperatorHelmChartContainer - [local-hivemq-5fcc877b5c] [hivemq] [0e807257] DEBUG - Flushing: /opt/hivemq/data/persistence/client_session_store/040100_R/client_session_store_59
2025-01-31 19:17:42,281 INFO c.h.h.t.OperatorHelmChartContainer - [local-hivemq-5fcc877b5c] [hivemq] [0e807257] DEBUG - Flushing: /opt/hivemq/data/persistence/client_session_store/040100_R/client_session_store_60
2025-01-31 19:17:42,281 INFO c.h.h.t.OperatorHelmChartContainer - [local-hivemq-5fcc877b5c] [hivemq] [0e807257] DEBUG - Flushing: /opt/hivemq/data/persistence/client_session_store/040100_R/client_session_store_61
2025-01-31 19:17:42,281 INFO c.h.h.t.OperatorHelmChartContainer - [local-hivemq-5fcc877b5c] [hivemq] [0e807257] DEBUG - Flushing: /opt/hivemq/data/persistence/client_session_store/040100_R/client_session_store_62
2025-01-31 19:17:42,281 INFO c.h.h.t.OperatorHelmChartContainer - [local-hivemq-5fcc877b5c] [hivemq] [0e807257] DEBUG - Flushing: /opt/hivemq/data/persistence/client_session_store/040100_R/client_session_store_63
2025-01-31 19:17:42,281 INFO c.h.h.t.OperatorHelmChartContainer - [local-hivemq-5fcc877b5c] [hivemq] [0e807257] DEBUG - Flushing: /opt/hivemq/data/persistence/client_session_subscriptions/043200_R/client_session_subscriptions_0
2025-01-31 19:17:42,281 INFO c.h.h.t.OperatorHelmChartContainer - [local-hivemq-5fcc877b5c] [hivemq] [0e807257] DEBUG - Flushing: /opt/hivemq/data/persistence/client_session_subscriptions/043200_R/client_session_subscriptions_1
2025-01-31 19:17:42,281 INFO c.h.h.t.OperatorHelmChartContainer - [local-hivemq-5fcc877b5c] [hivemq] [0e807257] DEBUG - Flushing: /opt/hivemq/data/persistence/client_session_subscriptions/043200_R/client_session_subscriptions_2
2025-01-31 19:17:42,281 INFO c.h.h.t.OperatorHelmChartContainer - [local-hivemq-5fcc877b5c] [hivemq] [0e807257] DEBUG - Flushing: /opt/hivemq/data/persistence/client_session_subscriptions/043200_R/client_session_subscriptions_4
2025-01-31 19:17:42,281 INFO c.h.h.t.OperatorHelmChartContainer - [local-hivemq-5fcc877b5c] [hivemq] [0e807257] DEBUG - Flushing: /opt/hivemq/data/persistence/client_session_subscriptions/043200_R/client_session_subscriptions_3
2025-01-31 19:17:42,281 INFO c.h.h.t.OperatorHelmChartContainer - [local-hivemq-5fcc877b5c] [hivemq] [0e807257] DEBUG - Flushing: /opt/hivemq/data/persistence/client_session_subscriptions/043200_R/client_session_subscriptions_5
2025-01-31 19:17:42,281 INFO c.h.h.t.OperatorHelmChartContainer - [local-hivemq-5fcc877b5c] [hivemq] [0e807257] DEBUG - Flushing: /opt/hivemq/data/persistence/client_session_subscriptions/043200_R/client_session_subscriptions_6
2025-01-31 19:17:42,281 INFO c.h.h.t.OperatorHelmChartContainer - [local-hivemq-5fcc877b5c] [hivemq] [0e807257] DEBUG - Flushing: /opt/hivemq/data/persistence/client_session_subscriptions/043200_R/client_session_subscriptions_7
2025-01-31 19:17:42,281 INFO c.h.h.t.OperatorHelmChartContainer - [local-hivemq-5fcc877b5c] [hivemq] [0e807257] DEBUG - Flushing: /opt/hivemq/data/persistence/client_session_subscriptions/043200_R/client_session_subscriptions_9
2025-01-31 19:17:42,281 INFO c.h.h.t.OperatorHelmChartContainer - [local-hivemq-5fcc877b5c] [hivemq] [0e807257] DEBUG - Flushing: /opt/hivemq/data/persistence/client_session_subscriptions/043200_R/client_session_subscriptions_8
2025-01-31 19:17:42,281 INFO c.h.h.t.OperatorHelmChartContainer - [local-hivemq-5fcc877b5c] [hivemq] [0e807257] DEBUG - Flushing: /opt/hivemq/data/persistence/client_session_subscriptions/043200_R/client_session_subscriptions_10
2025-01-31 19:17:42,281 INFO c.h.h.t.OperatorHelmChartContainer - [local-hivemq-5fcc877b5c] [hivemq] [0e807257] DEBUG - Flushing: /opt/hivemq/data/persistence/client_session_subscriptions/043200_R/client_session_subscriptions_11
2025-01-31 19:17:42,281 INFO c.h.h.t.OperatorHelmChartContainer - [local-hivemq-5fcc877b5c] [hivemq] [0e807257] DEBUG - Flushing: /opt/hivemq/data/persistence/client_session_subscriptions/043200_R/client_session_subscriptions_13
2025-01-31 19:17:42,281 INFO c.h.h.t.OperatorHelmChartContainer - [local-hivemq-5fcc877b5c] [hivemq] [0e807257] DEBUG - Flushing: /opt/hivemq/data/persistence/client_session_subscriptions/043200_R/client_session_subscriptions_12
2025-01-31 19:17:42,281 INFO c.h.h.t.OperatorHelmChartContainer - [local-hivemq-5fcc877b5c] [hivemq] [0e807257] DEBUG - Flushing: /opt/hivemq/data/persistence/client_session_subscriptions/043200_R/client_session_subscriptions_14
2025-01-31 19:17:42,281 INFO c.h.h.t.OperatorHelmChartContainer - [local-hivemq-5fcc877b5c] [hivemq] [0e807257] DEBUG - Flushing: /opt/hivemq/data/persistence/client_session_subscriptions/043200_R/client_session_subscriptions_15
2025-01-31 19:17:42,281 INFO c.h.h.t.OperatorHelmChartContainer - [local-hivemq-5fcc877b5c] [hivemq] [0e807257] DEBUG - Flushing: /opt/hivemq/data/persistence/client_session_subscriptions/043200_R/client_session_subscriptions_16
2025-01-31 19:17:42,281 INFO c.h.h.t.OperatorHelmChartContainer - [local-hivemq-5fcc877b5c] [hivemq] [0e807257] DEBUG - Flushing: /opt/hivemq/data/persistence/client_session_subscriptions/043200_R/client_session_subscriptions_17
2025-01-31 19:17:42,281 INFO c.h.h.t.OperatorHelmChartContainer - [local-hivemq-5fcc877b5c] [hivemq] [0e807257] DEBUG - Flushing: /opt/hivemq/data/persistence/client_session_subscriptions/043200_R/client_session_subscriptions_18
2025-01-31 19:17:42,282 INFO c.h.h.t.OperatorHelmChartContainer - [local-hivemq-5fcc877b5c] [hivemq] [0e807257] DEBUG - Flushing: /opt/hivemq/data/persistence/client_session_subscriptions/043200_R/client_session_subscriptions_21
2025-01-31 19:17:42,282 INFO c.h.h.t.OperatorHelmChartContainer - [local-hivemq-5fcc877b5c] [hivemq] [0e807257] DEBUG - Flushing: /opt/hivemq/data/persistence/client_session_subscriptions/043200_R/client_session_subscriptions_19
2025-01-31 19:17:42,282 INFO c.h.h.t.OperatorHelmChartContainer - [local-hivemq-5fcc877b5c] [hivemq] [0e807257] DEBUG - Flushing: /opt/hivemq/data/persistence/client_session_subscriptions/043200_R/client_session_subscriptions_20
2025-01-31 19:17:42,282 INFO c.h.h.t.OperatorHelmChartContainer - [local-hivemq-5fcc877b5c] [hivemq] [0e807257] DEBUG - Flushing: /opt/hivemq/data/persistence/client_session_subscriptions/043200_R/client_session_subscriptions_22
2025-01-31 19:17:42,282 INFO c.h.h.t.OperatorHelmChartContainer - [local-hivemq-5fcc877b5c] [hivemq] [0e807257] DEBUG - Flushing: /opt/hivemq/data/persistence/client_session_subscriptions/043200_R/client_session_subscriptions_23
2025-01-31 19:17:42,282 INFO c.h.h.t.OperatorHelmChartContainer - [local-hivemq-5fcc877b5c] [hivemq] [0e807257] DEBUG - Flushing: /opt/hivemq/data/persistence/client_session_subscriptions/043200_R/client_session_subscriptions_24
2025-01-31 19:17:42,282 INFO c.h.h.t.OperatorHelmChartContainer - [local-hivemq-5fcc877b5c] [hivemq] [0e807257] DEBUG - Flushing: /opt/hivemq/data/persistence/client_session_subscriptions/043200_R/client_session_subscriptions_25
2025-01-31 19:17:42,282 INFO c.h.h.t.OperatorHelmChartContainer - [local-hivemq-5fcc877b5c] [hivemq] [0e807257] DEBUG - Flushing: /opt/hivemq/data/persistence/client_session_subscriptions/043200_R/client_session_subscriptions_26
2025-01-31 19:17:42,282 INFO c.h.h.t.OperatorHelmChartContainer - [local-hivemq-5fcc877b5c] [hivemq] [0e807257] DEBUG - Flushing: /opt/hivemq/data/persistence/client_session_subscriptions/043200_R/client_session_subscriptions_27
2025-01-31 19:17:42,282 INFO c.h.h.t.OperatorHelmChartContainer - [local-hivemq-5fcc877b5c] [hivemq] [0e807257] DEBUG - Flushing: /opt/hivemq/data/persistence/client_session_subscriptions/043200_R/client_session_subscriptions_28
2025-01-31 19:17:42,282 INFO c.h.h.t.OperatorHelmChartContainer - [local-hivemq-5fcc877b5c] [hivemq] [0e807257] DEBUG - Flushing: /opt/hivemq/data/persistence/client_session_subscriptions/043200_R/client_session_subscriptions_30
2025-01-31 19:17:42,282 INFO c.h.h.t.OperatorHelmChartContainer - [local-hivemq-5fcc877b5c] [hivemq] [0e807257] DEBUG - Flushing: /opt/hivemq/data/persistence/client_session_subscriptions/043200_R/client_session_subscriptions_29
2025-01-31 19:17:42,282 INFO c.h.h.t.OperatorHelmChartContainer - [local-hivemq-5fcc877b5c] [hivemq] [0e807257] DEBUG - Flushing: /opt/hivemq/data/persistence/client_session_subscriptions/043200_R/client_session_subscriptions_32
2025-01-31 19:17:42,282 INFO c.h.h.t.OperatorHelmChartContainer - [local-hivemq-5fcc877b5c] [hivemq] [0e807257] DEBUG - Flushing: /opt/hivemq/data/persistence/client_session_subscriptions/043200_R/client_session_subscriptions_31
2025-01-31 19:17:42,282 INFO c.h.h.t.OperatorHelmChartContainer - [local-hivemq-5fcc877b5c] [hivemq] [0e807257] DEBUG - Flushing: /opt/hivemq/data/persistence/client_session_subscriptions/043200_R/client_session_subscriptions_33
2025-01-31 19:17:42,282 INFO c.h.h.t.OperatorHelmChartContainer - [local-hivemq-5fcc877b5c] [hivemq] [0e807257] DEBUG - Flushing: /opt/hivemq/data/persistence/client_session_subscriptions/043200_R/client_session_subscriptions_34
2025-01-31 19:17:42,282 INFO c.h.h.t.OperatorHelmChartContainer - [local-hivemq-5fcc877b5c] [hivemq] [0e807257] DEBUG - Flushing: /opt/hivemq/data/persistence/client_session_subscriptions/043200_R/client_session_subscriptions_35
2025-01-31 19:17:42,282 INFO c.h.h.t.OperatorHelmChartContainer - [local-hivemq-5fcc877b5c] [hivemq] [0e807257] DEBUG - Flushing: /opt/hivemq/data/persistence/client_session_subscriptions/043200_R/client_session_subscriptions_36
2025-01-31 19:17:42,282 INFO c.h.h.t.OperatorHelmChartContainer - [local-hivemq-5fcc877b5c] [hivemq] [0e807257] DEBUG - Flushing: /opt/hivemq/data/persistence/client_session_subscriptions/043200_R/client_session_subscriptions_37
2025-01-31 19:17:42,282 INFO c.h.h.t.OperatorHelmChartContainer - [local-hivemq-5fcc877b5c] [hivemq] [0e807257] DEBUG - Flushing: /opt/hivemq/data/persistence/client_session_subscriptions/043200_R/client_session_subscriptions_38
2025-01-31 19:17:42,282 INFO c.h.h.t.OperatorHelmChartContainer - [local-hivemq-5fcc877b5c] [hivemq] [0e807257] DEBUG - Flushing: /opt/hivemq/data/persistence/client_session_subscriptions/043200_R/client_session_subscriptions_39
2025-01-31 19:17:42,282 INFO c.h.h.t.OperatorHelmChartContainer - [local-hivemq-5fcc877b5c] [hivemq] [0e807257] DEBUG - Flushing: /opt/hivemq/data/persistence/client_session_subscriptions/043200_R/client_session_subscriptions_40
2025-01-31 19:17:42,282 INFO c.h.h.t.OperatorHelmChartContainer - [local-hivemq-5fcc877b5c] [hivemq] [0e807257] DEBUG - Flushing: /opt/hivemq/data/persistence/client_session_subscriptions/043200_R/client_session_subscriptions_41
2025-01-31 19:17:42,282 INFO c.h.h.t.OperatorHelmChartContainer - [local-hivemq-5fcc877b5c] [hivemq] [0e807257] DEBUG - Flushing: /opt/hivemq/data/persistence/client_session_subscriptions/043200_R/client_session_subscriptions_42
2025-01-31 19:17:42,282 INFO c.h.h.t.OperatorHelmChartContainer - [local-hivemq-5fcc877b5c] [hivemq] [0e807257] DEBUG - Flushing: /opt/hivemq/data/persistence/client_session_subscriptions/043200_R/client_session_subscriptions_43
2025-01-31 19:17:42,282 INFO c.h.h.t.OperatorHelmChartContainer - [local-hivemq-5fcc877b5c] [hivemq] [0e807257] DEBUG - Flushing: /opt/hivemq/data/persistence/client_session_subscriptions/043200_R/client_session_subscriptions_44
2025-01-31 19:17:42,282 INFO c.h.h.t.OperatorHelmChartContainer - [local-hivemq-5fcc877b5c] [hivemq] [0e807257] DEBUG - Flushing: /opt/hivemq/data/persistence/client_session_subscriptions/043200_R/client_session_subscriptions_45
2025-01-31 19:17:42,282 INFO c.h.h.t.OperatorHelmChartContainer - [local-hivemq-5fcc877b5c] [hivemq] [0e807257] DEBUG - Flushing: /opt/hivemq/data/persistence/client_session_subscriptions/043200_R/client_session_subscriptions_46
2025-01-31 19:17:42,282 INFO c.h.h.t.OperatorHelmChartContainer - [local-hivemq-5fcc877b5c] [hivemq] [0e807257] DEBUG - Flushing: /opt/hivemq/data/persistence/client_session_subscriptions/043200_R/client_session_subscriptions_48
2025-01-31 19:17:42,282 INFO c.h.h.t.OperatorHelmChartContainer - [local-hivemq-5fcc877b5c] [hivemq] [0e807257] DEBUG - Flushing: /opt/hivemq/data/persistence/client_session_subscriptions/043200_R/client_session_subscriptions_47
2025-01-31 19:17:42,282 INFO c.h.h.t.OperatorHelmChartContainer - [local-hivemq-5fcc877b5c] [hivemq] [0e807257] DEBUG - Flushing: /opt/hivemq/data/persistence/client_session_subscriptions/043200_R/client_session_subscriptions_49
2025-01-31 19:17:42,282 INFO c.h.h.t.OperatorHelmChartContainer - [local-hivemq-5fcc877b5c] [hivemq] [0e807257] DEBUG - Flushing: /opt/hivemq/data/persistence/client_session_subscriptions/043200_R/client_session_subscriptions_50
2025-01-31 19:17:42,282 INFO c.h.h.t.OperatorHelmChartContainer - [local-hivemq-5fcc877b5c] [hivemq] [0e807257] DEBUG - Flushing: /opt/hivemq/data/persistence/client_session_subscriptions/043200_R/client_session_subscriptions_52
2025-01-31 19:17:42,282 INFO c.h.h.t.OperatorHelmChartContainer - [local-hivemq-5fcc877b5c] [hivemq] [0e807257] DEBUG - Flushing: /opt/hivemq/data/persistence/client_session_subscriptions/043200_R/client_session_subscriptions_51
2025-01-31 19:17:42,282 INFO c.h.h.t.OperatorHelmChartContainer - [local-hivemq-5fcc877b5c] [hivemq] [0e807257] DEBUG - Flushing: /opt/hivemq/data/persistence/client_session_subscriptions/043200_R/client_session_subscriptions_53
2025-01-31 19:17:42,282 INFO c.h.h.t.OperatorHelmChartContainer - [local-hivemq-5fcc877b5c] [hivemq] [0e807257] DEBUG - Flushing: /opt/hivemq/data/persistence/client_session_subscriptions/043200_R/client_session_subscriptions_54
2025-01-31 19:17:42,282 INFO c.h.h.t.OperatorHelmChartContainer - [local-hivemq-5fcc877b5c] [hivemq] [0e807257] DEBUG - Flushing: /opt/hivemq/data/persistence/client_session_subscriptions/043200_R/client_session_subscriptions_56
2025-01-31 19:17:42,282 INFO c.h.h.t.OperatorHelmChartContainer - [local-hivemq-5fcc877b5c] [hivemq] [0e807257] DEBUG - Flushing: /opt/hivemq/data/persistence/client_session_subscriptions/043200_R/client_session_subscriptions_55
2025-01-31 19:17:42,282 INFO c.h.h.t.OperatorHelmChartContainer - [local-hivemq-5fcc877b5c] [hivemq] [0e807257] DEBUG - Flushing: /opt/hivemq/data/persistence/client_session_subscriptions/043200_R/client_session_subscriptions_57
2025-01-31 19:17:42,282 INFO c.h.h.t.OperatorHelmChartContainer - [local-hivemq-5fcc877b5c] [hivemq] [0e807257] DEBUG - Flushing: /opt/hivemq/data/persistence/client_session_subscriptions/043200_R/client_session_subscriptions_58
2025-01-31 19:17:42,282 INFO c.h.h.t.OperatorHelmChartContainer - [local-hivemq-5fcc877b5c] [hivemq] [0e807257] DEBUG - Flushing: /opt/hivemq/data/persistence/client_session_subscriptions/043200_R/client_session_subscriptions_61
2025-01-31 19:17:42,282 INFO c.h.h.t.OperatorHelmChartContainer - [local-hivemq-5fcc877b5c] [hivemq] [0e807257] DEBUG - Flushing: /opt/hivemq/data/persistence/client_session_subscriptions/043200_R/client_session_subscriptions_60
2025-01-31 19:17:42,282 INFO c.h.h.t.OperatorHelmChartContainer - [local-hivemq-5fcc877b5c] [hivemq] [0e807257] DEBUG - Flushing: /opt/hivemq/data/persistence/client_session_subscriptions/043200_R/client_session_subscriptions_62
2025-01-31 19:17:42,282 INFO c.h.h.t.OperatorHelmChartContainer - [local-hivemq-5fcc877b5c] [hivemq] [0e807257] DEBUG - Flushing: /opt/hivemq/data/persistence/client_session_subscriptions/043200_R/client_session_subscriptions_59
2025-01-31 19:17:42,282 INFO c.h.h.t.OperatorHelmChartContainer - [local-hivemq-5fcc877b5c] [hivemq] [0e807257] DEBUG - Flushing: /opt/hivemq/data/persistence/client_session_subscriptions/043200_R/client_session_subscriptions_63
2025-01-31 19:17:42,283 INFO c.h.h.t.OperatorHelmChartContainer - [local-hivemq-5fcc877b5c] [hivemq] [0e807257] DEBUG - Flushing: /opt/hivemq/data/persistence/retained_messages/040800_R/retained_messages_0
2025-01-31 19:17:42,283 INFO c.h.h.t.OperatorHelmChartContainer - [local-hivemq-5fcc877b5c] [hivemq] [0e807257] DEBUG - Flushing: /opt/hivemq/data/persistence/retained_messages/040800_R/retained_messages_2
2025-01-31 19:17:42,283 INFO c.h.h.t.OperatorHelmChartContainer - [local-hivemq-5fcc877b5c] [hivemq] [0e807257] DEBUG - Flushing: /opt/hivemq/data/persistence/retained_messages/040800_R/retained_messages_1
2025-01-31 19:17:42,283 INFO c.h.h.t.OperatorHelmChartContainer - [local-hivemq-5fcc877b5c] [hivemq] [0e807257] DEBUG - Flushing: /opt/hivemq/data/persistence/retained_messages/040800_R/retained_messages_3
2025-01-31 19:17:42,283 INFO c.h.h.t.OperatorHelmChartContainer - [local-hivemq-5fcc877b5c] [hivemq] [0e807257] DEBUG - Flushing: /opt/hivemq/data/persistence/retained_messages/040800_R/retained_messages_5
2025-01-31 19:17:42,283 INFO c.h.h.t.OperatorHelmChartContainer - [local-hivemq-5fcc877b5c] [hivemq] [0e807257] DEBUG - Flushing: /opt/hivemq/data/persistence/retained_messages/040800_R/retained_messages_4
2025-01-31 19:17:42,283 INFO c.h.h.t.OperatorHelmChartContainer - [local-hivemq-5fcc877b5c] [hivemq] [0e807257] DEBUG - Flushing: /opt/hivemq/data/persistence/retained_messages/040800_R/retained_messages_6
2025-01-31 19:17:42,283 INFO c.h.h.t.OperatorHelmChartContainer - [local-hivemq-5fcc877b5c] [hivemq] [0e807257] DEBUG - Flushing: /opt/hivemq/data/persistence/retained_messages/040800_R/retained_messages_7
2025-01-31 19:17:42,283 INFO c.h.h.t.OperatorHelmChartContainer - [local-hivemq-5fcc877b5c] [hivemq] [0e807257] DEBUG - Flushing: /opt/hivemq/data/persistence/retained_messages/040800_R/retained_messages_8
2025-01-31 19:17:42,283 INFO c.h.h.t.OperatorHelmChartContainer - [local-hivemq-5fcc877b5c] [hivemq] [0e807257] DEBUG - Flushing: /opt/hivemq/data/persistence/retained_messages/040800_R/retained_messages_10
2025-01-31 19:17:42,283 INFO c.h.h.t.OperatorHelmChartContainer - [local-hivemq-5fcc877b5c] [hivemq] [0e807257] DEBUG - Flushing: /opt/hivemq/data/persistence/retained_messages/040800_R/retained_messages_13
2025-01-31 19:17:42,283 INFO c.h.h.t.OperatorHelmChartContainer - [local-hivemq-5fcc877b5c] [hivemq] [0e807257] DEBUG - Flushing: /opt/hivemq/data/persistence/retained_messages/040800_R/retained_messages_9
2025-01-31 19:17:42,283 INFO c.h.h.t.OperatorHelmChartContainer - [local-hivemq-5fcc877b5c] [hivemq] [0e807257] DEBUG - Flushing: /opt/hivemq/data/persistence/retained_messages/040800_R/retained_messages_11
2025-01-31 19:17:42,283 INFO c.h.h.t.OperatorHelmChartContainer - [local-hivemq-5fcc877b5c] [hivemq] [0e807257] DEBUG - Flushing: /opt/hivemq/data/persistence/retained_messages/040800_R/retained_messages_14
2025-01-31 19:17:42,283 INFO c.h.h.t.OperatorHelmChartContainer - [local-hivemq-5fcc877b5c] [hivemq] [0e807257] DEBUG - Flushing: /opt/hivemq/data/persistence/retained_messages/040800_R/retained_messages_12
2025-01-31 19:17:42,286 INFO c.h.h.t.OperatorHelmChartContainer - [local-hivemq-5fcc877b5c] [hivemq] [0e807257] DEBUG - Flushing: /opt/hivemq/data/persistence/retained_messages/040800_R/retained_messages_15
2025-01-31 19:17:42,286 INFO c.h.h.t.OperatorHelmChartContainer - [local-hivemq-5fcc877b5c] [hivemq] [0e807257] DEBUG - Flushing: /opt/hivemq/data/persistence/retained_messages/040800_R/retained_messages_16
2025-01-31 19:17:42,287 INFO c.h.h.t.OperatorHelmChartContainer - [local-hivemq-5fcc877b5c] [hivemq] [0e807257] DEBUG - Flushing: /opt/hivemq/data/persistence/retained_messages/040800_R/retained_messages_17
2025-01-31 19:17:42,287 INFO c.h.h.t.OperatorHelmChartContainer - [local-hivemq-5fcc877b5c] [hivemq] [0e807257] DEBUG - Flushing: /opt/hivemq/data/persistence/retained_messages/040800_R/retained_messages_18
2025-01-31 19:17:42,288 INFO c.h.h.t.OperatorHelmChartContainer - [local-hivemq-5fcc877b5c] [hivemq] [0e807257] DEBUG - Flushing: /opt/hivemq/data/persistence/retained_messages/040800_R/retained_messages_20
2025-01-31 19:17:42,288 INFO c.h.h.t.OperatorHelmChartContainer - [local-hivemq-5fcc877b5c] [hivemq] [0e807257] DEBUG - Flushing: /opt/hivemq/data/persistence/retained_messages/040800_R/retained_messages_19
2025-01-31 19:17:42,288 INFO c.h.h.t.OperatorHelmChartContainer - [local-hivemq-5fcc877b5c] [hivemq] [0e807257] DEBUG - Flushing: /opt/hivemq/data/persistence/retained_messages/040800_R/retained_messages_21
2025-01-31 19:17:42,288 INFO c.h.h.t.OperatorHelmChartContainer - [local-hivemq-5fcc877b5c] [hivemq] [0e807257] DEBUG - Flushing: /opt/hivemq/data/persistence/retained_messages/040800_R/retained_messages_22
2025-01-31 19:17:42,288 INFO c.h.h.t.OperatorHelmChartContainer - [local-hivemq-5fcc877b5c] [hivemq] [0e807257] DEBUG - Flushing: /opt/hivemq/data/persistence/retained_messages/040800_R/retained_messages_23
2025-01-31 19:17:42,288 INFO c.h.h.t.OperatorHelmChartContainer - [local-hivemq-5fcc877b5c] [hivemq] [0e807257] DEBUG - Flushing: /opt/hivemq/data/persistence/retained_messages/040800_R/retained_messages_24
2025-01-31 19:17:42,288 INFO c.h.h.t.OperatorHelmChartContainer - [local-hivemq-5fcc877b5c] [hivemq] [0e807257] DEBUG - Flushing: /opt/hivemq/data/persistence/retained_messages/040800_R/retained_messages_25
2025-01-31 19:17:42,288 INFO c.h.h.t.OperatorHelmChartContainer - [local-hivemq-5fcc877b5c] [hivemq] [0e807257] DEBUG - Flushing: /opt/hivemq/data/persistence/retained_messages/040800_R/retained_messages_26
2025-01-31 19:17:42,288 INFO c.h.h.t.OperatorHelmChartContainer - [local-hivemq-5fcc877b5c] [hivemq] [0e807257] DEBUG - Flushing: /opt/hivemq/data/persistence/retained_messages/040800_R/retained_messages_28
2025-01-31 19:17:42,288 INFO c.h.h.t.OperatorHelmChartContainer - [local-hivemq-5fcc877b5c] [hivemq] [0e807257] DEBUG - Flushing: /opt/hivemq/data/persistence/retained_messages/040800_R/retained_messages_27
2025-01-31 19:17:42,288 INFO c.h.h.t.OperatorHelmChartContainer - [local-hivemq-5fcc877b5c] [hivemq] [0e807257] DEBUG - Flushing: /opt/hivemq/data/persistence/retained_messages/040800_R/retained_messages_29
2025-01-31 19:17:42,288 INFO c.h.h.t.OperatorHelmChartContainer - [local-hivemq-5fcc877b5c] [hivemq] [0e807257] DEBUG - Flushing: /opt/hivemq/data/persistence/retained_messages/040800_R/retained_messages_30
2025-01-31 19:17:42,288 INFO c.h.h.t.OperatorHelmChartContainer - [local-hivemq-5fcc877b5c] [hivemq] [0e807257] DEBUG - Flushing: /opt/hivemq/data/persistence/retained_messages/040800_R/retained_messages_31
2025-01-31 19:17:42,288 INFO c.h.h.t.OperatorHelmChartContainer - [local-hivemq-5fcc877b5c] [hivemq] [0e807257] DEBUG - Flushing: /opt/hivemq/data/persistence/retained_messages/040800_R/retained_messages_33
2025-01-31 19:17:42,288 INFO c.h.h.t.OperatorHelmChartContainer - [local-hivemq-5fcc877b5c] [hivemq] [0e807257] DEBUG - Flushing: /opt/hivemq/data/persistence/retained_messages/040800_R/retained_messages_32
2025-01-31 19:17:42,288 INFO c.h.h.t.OperatorHelmChartContainer - [local-hivemq-5fcc877b5c] [hivemq] [0e807257] DEBUG - Flushing: /opt/hivemq/data/persistence/retained_messages/040800_R/retained_messages_34
2025-01-31 19:17:42,288 INFO c.h.h.t.OperatorHelmChartContainer - [local-hivemq-5fcc877b5c] [hivemq] [0e807257] DEBUG - Flushing: /opt/hivemq/data/persistence/retained_messages/040800_R/retained_messages_37
2025-01-31 19:17:42,288 INFO c.h.h.t.OperatorHelmChartContainer - [local-hivemq-5fcc877b5c] [hivemq] [0e807257] DEBUG - Flushing: /opt/hivemq/data/persistence/retained_messages/040800_R/retained_messages_35
2025-01-31 19:17:42,288 INFO c.h.h.t.OperatorHelmChartContainer - [local-hivemq-5fcc877b5c] [hivemq] [0e807257] DEBUG - Flushing: /opt/hivemq/data/persistence/retained_messages/040800_R/retained_messages_38
2025-01-31 19:17:42,288 INFO c.h.h.t.OperatorHelmChartContainer - [local-hivemq-5fcc877b5c] [hivemq] [0e807257] DEBUG - Flushing: /opt/hivemq/data/persistence/retained_messages/040800_R/retained_messages_36
2025-01-31 19:17:42,288 INFO c.h.h.t.OperatorHelmChartContainer - [local-hivemq-5fcc877b5c] [hivemq] [0e807257] DEBUG - Flushing: /opt/hivemq/data/persistence/retained_messages/040800_R/retained_messages_39
2025-01-31 19:17:42,288 INFO c.h.h.t.OperatorHelmChartContainer - [local-hivemq-5fcc877b5c] [hivemq] [0e807257] DEBUG - Flushing: /opt/hivemq/data/persistence/retained_messages/040800_R/retained_messages_41
2025-01-31 19:17:42,288 INFO c.h.h.t.OperatorHelmChartContainer - [local-hivemq-5fcc877b5c] [hivemq] [0e807257] DEBUG - Flushing: /opt/hivemq/data/persistence/retained_messages/040800_R/retained_messages_42
2025-01-31 19:17:42,288 INFO c.h.h.t.OperatorHelmChartContainer - [local-hivemq-5fcc877b5c] [hivemq] [0e807257] DEBUG - Flushing: /opt/hivemq/data/persistence/retained_messages/040800_R/retained_messages_40
2025-01-31 19:17:42,288 INFO c.h.h.t.OperatorHelmChartContainer - [local-hivemq-5fcc877b5c] [hivemq] [0e807257] DEBUG - Flushing: /opt/hivemq/data/persistence/retained_messages/040800_R/retained_messages_43
2025-01-31 19:17:42,288 INFO c.h.h.t.OperatorHelmChartContainer - [local-hivemq-5fcc877b5c] [hivemq] [0e807257] DEBUG - Flushing: /opt/hivemq/data/persistence/retained_messages/040800_R/retained_messages_44
2025-01-31 19:17:42,288 INFO c.h.h.t.OperatorHelmChartContainer - [local-hivemq-5fcc877b5c] [hivemq] [0e807257] DEBUG - Flushing: /opt/hivemq/data/persistence/retained_messages/040800_R/retained_messages_46
2025-01-31 19:17:42,288 INFO c.h.h.t.OperatorHelmChartContainer - [local-hivemq-5fcc877b5c] [hivemq] [0e807257] DEBUG - Flushing: /opt/hivemq/data/persistence/retained_messages/040800_R/retained_messages_45
2025-01-31 19:17:42,288 INFO c.h.h.t.OperatorHelmChartContainer - [local-hivemq-5fcc877b5c] [hivemq] [0e807257] DEBUG - Flushing: /opt/hivemq/data/persistence/retained_messages/040800_R/retained_messages_47
2025-01-31 19:17:42,289 INFO c.h.h.t.OperatorHelmChartContainer - [local-hivemq-5fcc877b5c] [hivemq] [0e807257] DEBUG - Flushing: /opt/hivemq/data/persistence/retained_messages/040800_R/retained_messages_48
2025-01-31 19:17:42,289 INFO c.h.h.t.OperatorHelmChartContainer - [local-hivemq-5fcc877b5c] [hivemq] [0e807257] DEBUG - Flushing: /opt/hivemq/data/persistence/retained_messages/040800_R/retained_messages_50
2025-01-31 19:17:42,289 INFO c.h.h.t.OperatorHelmChartContainer - [local-hivemq-5fcc877b5c] [hivemq] [0e807257] DEBUG - Flushing: /opt/hivemq/data/persistence/retained_messages/040800_R/retained_messages_49
2025-01-31 19:17:42,289 INFO c.h.h.t.OperatorHelmChartContainer - [local-hivemq-5fcc877b5c] [hivemq] [0e807257] DEBUG - Flushing: /opt/hivemq/data/persistence/retained_messages/040800_R/retained_messages_51
2025-01-31 19:17:42,289 INFO c.h.h.t.OperatorHelmChartContainer - [local-hivemq-5fcc877b5c] [hivemq] [0e807257] DEBUG - Flushing: /opt/hivemq/data/persistence/retained_messages/040800_R/retained_messages_52
2025-01-31 19:17:42,289 INFO c.h.h.t.OperatorHelmChartContainer - [local-hivemq-5fcc877b5c] [hivemq] [0e807257] DEBUG - Flushing: /opt/hivemq/data/persistence/retained_messages/040800_R/retained_messages_54
2025-01-31 19:17:42,289 INFO c.h.h.t.OperatorHelmChartContainer - [local-hivemq-5fcc877b5c] [hivemq] [0e807257] DEBUG - Flushing: /opt/hivemq/data/persistence/retained_messages/040800_R/retained_messages_53
2025-01-31 19:17:42,289 INFO c.h.h.t.OperatorHelmChartContainer - [local-hivemq-5fcc877b5c] [hivemq] [0e807257] DEBUG - Flushing: /opt/hivemq/data/persistence/retained_messages/040800_R/retained_messages_55
2025-01-31 19:17:42,289 INFO c.h.h.t.OperatorHelmChartContainer - [local-hivemq-5fcc877b5c] [hivemq] [0e807257] DEBUG - Flushing: /opt/hivemq/data/persistence/retained_messages/040800_R/retained_messages_56
2025-01-31 19:17:42,289 INFO c.h.h.t.OperatorHelmChartContainer - [local-hivemq-5fcc877b5c] [hivemq] [0e807257] DEBUG - Flushing: /opt/hivemq/data/persistence/retained_messages/040800_R/retained_messages_57
2025-01-31 19:17:42,289 INFO c.h.h.t.OperatorHelmChartContainer - [local-hivemq-5fcc877b5c] [hivemq] [0e807257] DEBUG - Flushing: /opt/hivemq/data/persistence/retained_messages/040800_R/retained_messages_58
2025-01-31 19:17:42,289 INFO c.h.h.t.OperatorHelmChartContainer - [local-hivemq-5fcc877b5c] [hivemq] [0e807257] DEBUG - Flushing: /opt/hivemq/data/persistence/retained_messages/040800_R/retained_messages_60
2025-01-31 19:17:42,289 INFO c.h.h.t.OperatorHelmChartContainer - [local-hivemq-5fcc877b5c] [hivemq] [0e807257] DEBUG - Flushing: /opt/hivemq/data/persistence/retained_messages/040800_R/retained_messages_59
2025-01-31 19:17:42,289 INFO c.h.h.t.OperatorHelmChartContainer - [local-hivemq-5fcc877b5c] [hivemq] [0e807257] DEBUG - Flushing: /opt/hivemq/data/persistence/retained_messages/040800_R/retained_messages_61
2025-01-31 19:17:42,289 INFO c.h.h.t.OperatorHelmChartContainer - [local-hivemq-5fcc877b5c] [hivemq] [0e807257] DEBUG - Flushing: /opt/hivemq/data/persistence/retained_messages/040800_R/retained_messages_62
2025-01-31 19:17:42,289 INFO c.h.h.t.OperatorHelmChartContainer - [local-hivemq-5fcc877b5c] [hivemq] [0e807257] DEBUG - Flushing: /opt/hivemq/data/persistence/attribute/043100_R/attribute_0
2025-01-31 19:17:42,289 INFO c.h.h.t.OperatorHelmChartContainer - [local-hivemq-5fcc877b5c] [hivemq] [0e807257] DEBUG - Flushing: /opt/hivemq/data/persistence/retained_messages/040800_R/retained_messages_63
2025-01-31 19:17:42,289 INFO c.h.h.t.OperatorHelmChartContainer - [local-hivemq-5fcc877b5c] [hivemq] [0e807257] DEBUG - Flushing: /opt/hivemq/data/persistence/attribute/043100_R/attribute_1
2025-01-31 19:17:42,289 INFO c.h.h.t.OperatorHelmChartContainer - [local-hivemq-5fcc877b5c] [hivemq] [0e807257] DEBUG - Flushing: /opt/hivemq/data/persistence/attribute/043100_R/attribute_2
2025-01-31 19:17:42,289 INFO c.h.h.t.OperatorHelmChartContainer - [local-hivemq-5fcc877b5c] [hivemq] [0e807257] DEBUG - Flushing: /opt/hivemq/data/persistence/attribute/043100_R/attribute_3
2025-01-31 19:17:42,289 INFO c.h.h.t.OperatorHelmChartContainer - [local-hivemq-5fcc877b5c] [hivemq] [0e807257] DEBUG - Flushing: /opt/hivemq/data/persistence/attribute/043100_R/attribute_4
2025-01-31 19:17:42,289 INFO c.h.h.t.OperatorHelmChartContainer - [local-hivemq-5fcc877b5c] [hivemq] [0e807257] DEBUG - Flushing: /opt/hivemq/data/persistence/attribute/043100_R/attribute_5
2025-01-31 19:17:42,289 INFO c.h.h.t.OperatorHelmChartContainer - [local-hivemq-5fcc877b5c] [hivemq] [0e807257] DEBUG - Flushing: /opt/hivemq/data/persistence/attribute/043100_R/attribute_6
2025-01-31 19:17:42,289 INFO c.h.h.t.OperatorHelmChartContainer - [local-hivemq-5fcc877b5c] [hivemq] [0e807257] DEBUG - Flushing: /opt/hivemq/data/persistence/attribute/043100_R/attribute_7
2025-01-31 19:17:42,289 INFO c.h.h.t.OperatorHelmChartContainer - [local-hivemq-5fcc877b5c] [hivemq] [0e807257] DEBUG - Flushing: /opt/hivemq/data/persistence/attribute/043100_R/attribute_9
2025-01-31 19:17:42,289 INFO c.h.h.t.OperatorHelmChartContainer - [local-hivemq-5fcc877b5c] [hivemq] [0e807257] DEBUG - Flushing: /opt/hivemq/data/persistence/attribute/043100_R/attribute_8
2025-01-31 19:17:42,289 INFO c.h.h.t.OperatorHelmChartContainer - [local-hivemq-5fcc877b5c] [hivemq] [0e807257] DEBUG - Flushing: /opt/hivemq/data/persistence/attribute/043100_R/attribute_10
2025-01-31 19:17:42,289 INFO c.h.h.t.OperatorHelmChartContainer - [local-hivemq-5fcc877b5c] [hivemq] [0e807257] DEBUG - Flushing: /opt/hivemq/data/persistence/attribute/043100_R/attribute_11
2025-01-31 19:17:42,289 INFO c.h.h.t.OperatorHelmChartContainer - [local-hivemq-5fcc877b5c] [hivemq] [0e807257] DEBUG - Flushing: /opt/hivemq/data/persistence/attribute/043100_R/attribute_12
2025-01-31 19:17:42,289 INFO c.h.h.t.OperatorHelmChartContainer - [local-hivemq-5fcc877b5c] [hivemq] [0e807257] DEBUG - Flushing: /opt/hivemq/data/persistence/attribute/043100_R/attribute_13
2025-01-31 19:17:42,289 INFO c.h.h.t.OperatorHelmChartContainer - [local-hivemq-5fcc877b5c] [hivemq] [0e807257] DEBUG - Flushing: /opt/hivemq/data/persistence/attribute/043100_R/attribute_14
2025-01-31 19:17:42,289 INFO c.h.h.t.OperatorHelmChartContainer - [local-hivemq-5fcc877b5c] [hivemq] [0e807257] DEBUG - Flushing: /opt/hivemq/data/persistence/attribute/043100_R/attribute_15
2025-01-31 19:17:42,289 INFO c.h.h.t.OperatorHelmChartContainer - [local-hivemq-5fcc877b5c] [hivemq] [0e807257] DEBUG - Flushing: /opt/hivemq/data/persistence/attribute/043100_R/attribute_18
2025-01-31 19:17:42,289 INFO c.h.h.t.OperatorHelmChartContainer - [local-hivemq-5fcc877b5c] [hivemq] [0e807257] DEBUG - Flushing: /opt/hivemq/data/persistence/attribute/043100_R/attribute_17
2025-01-31 19:17:42,289 INFO c.h.h.t.OperatorHelmChartContainer - [local-hivemq-5fcc877b5c] [hivemq] [0e807257] DEBUG - Flushing: /opt/hivemq/data/persistence/attribute/043100_R/attribute_16
2025-01-31 19:17:42,289 INFO c.h.h.t.OperatorHelmChartContainer - [local-hivemq-5fcc877b5c] [hivemq] [0e807257] DEBUG - Flushing: /opt/hivemq/data/persistence/attribute/043100_R/attribute_19
2025-01-31 19:17:42,289 INFO c.h.h.t.OperatorHelmChartContainer - [local-hivemq-5fcc877b5c] [hivemq] [0e807257] DEBUG - Flushing: /opt/hivemq/data/persistence/attribute/043100_R/attribute_21
2025-01-31 19:17:42,289 INFO c.h.h.t.OperatorHelmChartContainer - [local-hivemq-5fcc877b5c] [hivemq] [0e807257] DEBUG - Flushing: /opt/hivemq/data/persistence/attribute/043100_R/attribute_20
2025-01-31 19:17:42,289 INFO c.h.h.t.OperatorHelmChartContainer - [local-hivemq-5fcc877b5c] [hivemq] [0e807257] DEBUG - Flushing: /opt/hivemq/data/persistence/attribute/043100_R/attribute_22
2025-01-31 19:17:42,291 INFO c.h.h.t.OperatorHelmChartContainer - [local-hivemq-5fcc877b5c] [hivemq] [0e807257] DEBUG - Flushing: /opt/hivemq/data/persistence/attribute/043100_R/attribute_23
2025-01-31 19:17:42,292 INFO c.h.h.t.OperatorHelmChartContainer - [local-hivemq-5fcc877b5c] [hivemq] [0e807257] DEBUG - Flushing: /opt/hivemq/data/persistence/attribute/043100_R/attribute_24
2025-01-31 19:17:42,292 INFO c.h.h.t.OperatorHelmChartContainer - [local-hivemq-5fcc877b5c] [hivemq] [0e807257] DEBUG - Flushing: /opt/hivemq/data/persistence/attribute/043100_R/attribute_26
2025-01-31 19:17:42,292 INFO c.h.h.t.OperatorHelmChartContainer - [local-hivemq-5fcc877b5c] [hivemq] [0e807257] DEBUG - Flushing: /opt/hivemq/data/persistence/attribute/043100_R/attribute_25
2025-01-31 19:17:42,292 INFO c.h.h.t.OperatorHelmChartContainer - [local-hivemq-5fcc877b5c] [hivemq] [0e807257] DEBUG - Flushing: /opt/hivemq/data/persistence/attribute/043100_R/attribute_27
2025-01-31 19:17:42,292 INFO c.h.h.t.OperatorHelmChartContainer - [local-hivemq-5fcc877b5c] [hivemq] [0e807257] DEBUG - Flushing: /opt/hivemq/data/persistence/attribute/043100_R/attribute_28
2025-01-31 19:17:42,292 INFO c.h.h.t.OperatorHelmChartContainer - [local-hivemq-5fcc877b5c] [hivemq] [0e807257] DEBUG - Flushing: /opt/hivemq/data/persistence/attribute/043100_R/attribute_29
2025-01-31 19:17:42,292 INFO c.h.h.t.OperatorHelmChartContainer - [local-hivemq-5fcc877b5c] [hivemq] [0e807257] DEBUG - Flushing: /opt/hivemq/data/persistence/attribute/043100_R/attribute_30
2025-01-31 19:17:42,292 INFO c.h.h.t.OperatorHelmChartContainer - [local-hivemq-5fcc877b5c] [hivemq] [0e807257] DEBUG - Flushing: /opt/hivemq/data/persistence/attribute/043100_R/attribute_31
2025-01-31 19:17:42,292 INFO c.h.h.t.OperatorHelmChartContainer - [local-hivemq-5fcc877b5c] [hivemq] [0e807257] DEBUG - Flushing: /opt/hivemq/data/persistence/attribute/043100_R/attribute_32
2025-01-31 19:17:42,292 INFO c.h.h.t.OperatorHelmChartContainer - [local-hivemq-5fcc877b5c] [hivemq] [0e807257] DEBUG - Flushing: /opt/hivemq/data/persistence/attribute/043100_R/attribute_33
2025-01-31 19:17:42,292 INFO c.h.h.t.OperatorHelmChartContainer - [local-hivemq-5fcc877b5c] [hivemq] [0e807257] DEBUG - Flushing: /opt/hivemq/data/persistence/attribute/043100_R/attribute_34
2025-01-31 19:17:42,292 INFO c.h.h.t.OperatorHelmChartContainer - [local-hivemq-5fcc877b5c] [hivemq] [0e807257] DEBUG - Flushing: /opt/hivemq/data/persistence/attribute/043100_R/attribute_35
2025-01-31 19:17:42,292 INFO c.h.h.t.OperatorHelmChartContainer - [local-hivemq-5fcc877b5c] [hivemq] [0e807257] DEBUG - Flushing: /opt/hivemq/data/persistence/attribute/043100_R/attribute_36
2025-01-31 19:17:42,292 INFO c.h.h.t.OperatorHelmChartContainer - [local-hivemq-5fcc877b5c] [hivemq] [0e807257] DEBUG - Flushing: /opt/hivemq/data/persistence/attribute/043100_R/attribute_37
2025-01-31 19:17:42,292 INFO c.h.h.t.OperatorHelmChartContainer - [local-hivemq-5fcc877b5c] [hivemq] [0e807257] DEBUG - Flushing: /opt/hivemq/data/persistence/attribute/043100_R/attribute_38
2025-01-31 19:17:42,292 INFO c.h.h.t.OperatorHelmChartContainer - [local-hivemq-5fcc877b5c] [hivemq] [0e807257] DEBUG - Flushing: /opt/hivemq/data/persistence/attribute/043100_R/attribute_39
2025-01-31 19:17:42,292 INFO c.h.h.t.OperatorHelmChartContainer - [local-hivemq-5fcc877b5c] [hivemq] [0e807257] DEBUG - Flushing: /opt/hivemq/data/persistence/attribute/043100_R/attribute_40
2025-01-31 19:17:42,292 INFO c.h.h.t.OperatorHelmChartContainer - [local-hivemq-5fcc877b5c] [hivemq] [0e807257] DEBUG - Flushing: /opt/hivemq/data/persistence/attribute/043100_R/attribute_41
2025-01-31 19:17:42,292 INFO c.h.h.t.OperatorHelmChartContainer - [local-hivemq-5fcc877b5c] [hivemq] [0e807257] DEBUG - Flushing: /opt/hivemq/data/persistence/attribute/043100_R/attribute_42
2025-01-31 19:17:42,292 INFO c.h.h.t.OperatorHelmChartContainer - [local-hivemq-5fcc877b5c] [hivemq] [0e807257] DEBUG - Flushing: /opt/hivemq/data/persistence/attribute/043100_R/attribute_43
2025-01-31 19:17:42,292 INFO c.h.h.t.OperatorHelmChartContainer - [local-hivemq-5fcc877b5c] [hivemq] [0e807257] DEBUG - Flushing: /opt/hivemq/data/persistence/attribute/043100_R/attribute_44
2025-01-31 19:17:42,292 INFO c.h.h.t.OperatorHelmChartContainer - [local-hivemq-5fcc877b5c] [hivemq] [0e807257] DEBUG - Flushing: /opt/hivemq/data/persistence/attribute/043100_R/attribute_45
2025-01-31 19:17:42,292 INFO c.h.h.t.OperatorHelmChartContainer - [local-hivemq-5fcc877b5c] [hivemq] [0e807257] DEBUG - Flushing: /opt/hivemq/data/persistence/attribute/043100_R/attribute_47
2025-01-31 19:17:42,292 INFO c.h.h.t.OperatorHelmChartContainer - [local-hivemq-5fcc877b5c] [hivemq] [0e807257] DEBUG - Flushing: /opt/hivemq/data/persistence/attribute/043100_R/attribute_46
2025-01-31 19:17:42,292 INFO c.h.h.t.OperatorHelmChartContainer - [local-hivemq-5fcc877b5c] [hivemq] [0e807257] DEBUG - Flushing: /opt/hivemq/data/persistence/attribute/043100_R/attribute_48
2025-01-31 19:17:42,292 INFO c.h.h.t.OperatorHelmChartContainer - [local-hivemq-5fcc877b5c] [hivemq] [0e807257] DEBUG - Flushing: /opt/hivemq/data/persistence/attribute/043100_R/attribute_49
2025-01-31 19:17:42,292 INFO c.h.h.t.OperatorHelmChartContainer - [local-hivemq-5fcc877b5c] [hivemq] [0e807257] DEBUG - Flushing: /opt/hivemq/data/persistence/attribute/043100_R/attribute_50
2025-01-31 19:17:42,292 INFO c.h.h.t.OperatorHelmChartContainer - [local-hivemq-5fcc877b5c] [hivemq] [0e807257] DEBUG - Flushing: /opt/hivemq/data/persistence/attribute/043100_R/attribute_51
2025-01-31 19:17:42,292 INFO c.h.h.t.OperatorHelmChartContainer - [local-hivemq-5fcc877b5c] [hivemq] [0e807257] DEBUG - Flushing: /opt/hivemq/data/persistence/attribute/043100_R/attribute_52
2025-01-31 19:17:42,292 INFO c.h.h.t.OperatorHelmChartContainer - [local-hivemq-5fcc877b5c] [hivemq] [0e807257] DEBUG - Flushing: /opt/hivemq/data/persistence/attribute/043100_R/attribute_54
2025-01-31 19:17:42,292 INFO c.h.h.t.OperatorHelmChartContainer - [local-hivemq-5fcc877b5c] [hivemq] [0e807257] DEBUG - Flushing: /opt/hivemq/data/persistence/attribute/043100_R/attribute_53
2025-01-31 19:17:42,292 INFO c.h.h.t.OperatorHelmChartContainer - [local-hivemq-5fcc877b5c] [hivemq] [0e807257] DEBUG - Flushing: /opt/hivemq/data/persistence/attribute/043100_R/attribute_55
2025-01-31 19:17:42,292 INFO c.h.h.t.OperatorHelmChartContainer - [local-hivemq-5fcc877b5c] [hivemq] [0e807257] DEBUG - Flushing: /opt/hivemq/data/persistence/attribute/043100_R/attribute_56
2025-01-31 19:17:42,292 INFO c.h.h.t.OperatorHelmChartContainer - [local-hivemq-5fcc877b5c] [hivemq] [0e807257] DEBUG - Flushing: /opt/hivemq/data/persistence/attribute/043100_R/attribute_57
2025-01-31 19:17:42,292 INFO c.h.h.t.OperatorHelmChartContainer - [local-hivemq-5fcc877b5c] [hivemq] [0e807257] DEBUG - Flushing: /opt/hivemq/data/persistence/attribute/043100_R/attribute_58
2025-01-31 19:17:42,292 INFO c.h.h.t.OperatorHelmChartContainer - [local-hivemq-5fcc877b5c] [hivemq] [0e807257] DEBUG - Flushing: /opt/hivemq/data/persistence/attribute/043100_R/attribute_59
2025-01-31 19:17:42,292 INFO c.h.h.t.OperatorHelmChartContainer - [local-hivemq-5fcc877b5c] [hivemq] [0e807257] DEBUG - Flushing: /opt/hivemq/data/persistence/attribute/043100_R/attribute_60
2025-01-31 19:17:42,292 INFO c.h.h.t.OperatorHelmChartContainer - [local-hivemq-5fcc877b5c] [hivemq] [0e807257] DEBUG - Flushing: /opt/hivemq/data/persistence/attribute/043100_R/attribute_61
2025-01-31 19:17:42,292 INFO c.h.h.t.OperatorHelmChartContainer - [local-hivemq-5fcc877b5c] [hivemq] [0e807257] DEBUG - Flushing: /opt/hivemq/data/persistence/attribute/043100_R/attribute_62
2025-01-31 19:17:42,292 INFO c.h.h.t.OperatorHelmChartContainer - [local-hivemq-5fcc877b5c] [hivemq] [0e807257] DEBUG - Flushing: /opt/hivemq/data/persistence/attribute/043100_R/attribute_63
2025-01-31 19:17:42,292 INFO c.h.h.t.OperatorHelmChartContainer - [local-hivemq-5fcc877b5c] [hivemq] [0e807257] DEBUG - Flushing: /opt/hivemq/data/persistence/incoming_message_flow/043000_R/incoming_message_flow_0
2025-01-31 19:17:42,292 INFO c.h.h.t.OperatorHelmChartContainer - [local-hivemq-5fcc877b5c] [hivemq] [0e807257] DEBUG - Flushing: /opt/hivemq/data/persistence/incoming_message_flow/043000_R/incoming_message_flow_1
2025-01-31 19:17:42,292 INFO c.h.h.t.OperatorHelmChartContainer - [local-hivemq-5fcc877b5c] [hivemq] [0e807257] DEBUG - Flushing: /opt/hivemq/data/persistence/incoming_message_flow/043000_R/incoming_message_flow_2
2025-01-31 19:17:42,292 INFO c.h.h.t.OperatorHelmChartContainer - [local-hivemq-5fcc877b5c] [hivemq] [0e807257] DEBUG - Flushing: /opt/hivemq/data/persistence/incoming_message_flow/043000_R/incoming_message_flow_3
2025-01-31 19:17:42,292 INFO c.h.h.t.OperatorHelmChartContainer - [local-hivemq-5fcc877b5c] [hivemq] [0e807257] DEBUG - Flushing: /opt/hivemq/data/persistence/incoming_message_flow/043000_R/incoming_message_flow_4
2025-01-31 19:17:42,292 INFO c.h.h.t.OperatorHelmChartContainer - [local-hivemq-5fcc877b5c] [hivemq] [0e807257] DEBUG - Flushing: /opt/hivemq/data/persistence/incoming_message_flow/043000_R/incoming_message_flow_5
2025-01-31 19:17:42,292 INFO c.h.h.t.OperatorHelmChartContainer - [local-hivemq-5fcc877b5c] [hivemq] [0e807257] DEBUG - Flushing: /opt/hivemq/data/persistence/incoming_message_flow/043000_R/incoming_message_flow_6
2025-01-31 19:17:42,292 INFO c.h.h.t.OperatorHelmChartContainer - [local-hivemq-5fcc877b5c] [hivemq] [0e807257] DEBUG - Flushing: /opt/hivemq/data/persistence/incoming_message_flow/043000_R/incoming_message_flow_7
2025-01-31 19:17:42,292 INFO c.h.h.t.OperatorHelmChartContainer - [local-hivemq-5fcc877b5c] [hivemq] [0e807257] DEBUG - Flushing: /opt/hivemq/data/persistence/incoming_message_flow/043000_R/incoming_message_flow_8
2025-01-31 19:17:42,292 INFO c.h.h.t.OperatorHelmChartContainer - [local-hivemq-5fcc877b5c] [hivemq] [0e807257] DEBUG - Flushing: /opt/hivemq/data/persistence/incoming_message_flow/043000_R/incoming_message_flow_9
2025-01-31 19:17:42,292 INFO c.h.h.t.OperatorHelmChartContainer - [local-hivemq-5fcc877b5c] [hivemq] [0e807257] DEBUG - Flushing: /opt/hivemq/data/persistence/incoming_message_flow/043000_R/incoming_message_flow_11
2025-01-31 19:17:42,292 INFO c.h.h.t.OperatorHelmChartContainer - [local-hivemq-5fcc877b5c] [hivemq] [0e807257] DEBUG - Flushing: /opt/hivemq/data/persistence/incoming_message_flow/043000_R/incoming_message_flow_10
2025-01-31 19:17:42,292 INFO c.h.h.t.OperatorHelmChartContainer - [local-hivemq-5fcc877b5c] [hivemq] [0e807257] DEBUG - Flushing: /opt/hivemq/data/persistence/incoming_message_flow/043000_R/incoming_message_flow_12
2025-01-31 19:17:42,292 INFO c.h.h.t.OperatorHelmChartContainer - [local-hivemq-5fcc877b5c] [hivemq] [0e807257] DEBUG - Flushing: /opt/hivemq/data/persistence/incoming_message_flow/043000_R/incoming_message_flow_13
2025-01-31 19:17:42,292 INFO c.h.h.t.OperatorHelmChartContainer - [local-hivemq-5fcc877b5c] [hivemq] [0e807257] DEBUG - Flushing: /opt/hivemq/data/persistence/incoming_message_flow/043000_R/incoming_message_flow_14
2025-01-31 19:17:42,292 INFO c.h.h.t.OperatorHelmChartContainer - [local-hivemq-5fcc877b5c] [hivemq] [0e807257] DEBUG - Flushing: /opt/hivemq/data/persistence/incoming_message_flow/043000_R/incoming_message_flow_15
2025-01-31 19:17:42,292 INFO c.h.h.t.OperatorHelmChartContainer - [local-hivemq-5fcc877b5c] [hivemq] [0e807257] DEBUG - Flushing: /opt/hivemq/data/persistence/incoming_message_flow/043000_R/incoming_message_flow_16
2025-01-31 19:17:42,292 INFO c.h.h.t.OperatorHelmChartContainer - [local-hivemq-5fcc877b5c] [hivemq] [0e807257] DEBUG - Flushing: /opt/hivemq/data/persistence/incoming_message_flow/043000_R/incoming_message_flow_17
2025-01-31 19:17:42,292 INFO c.h.h.t.OperatorHelmChartContainer - [local-hivemq-5fcc877b5c] [hivemq] [0e807257] DEBUG - Flushing: /opt/hivemq/data/persistence/incoming_message_flow/043000_R/incoming_message_flow_18
2025-01-31 19:17:42,292 INFO c.h.h.t.OperatorHelmChartContainer - [local-hivemq-5fcc877b5c] [hivemq] [0e807257] DEBUG - Flushing: /opt/hivemq/data/persistence/incoming_message_flow/043000_R/incoming_message_flow_19
2025-01-31 19:17:42,292 INFO c.h.h.t.OperatorHelmChartContainer - [local-hivemq-5fcc877b5c] [hivemq] [0e807257] DEBUG - Flushing: /opt/hivemq/data/persistence/incoming_message_flow/043000_R/incoming_message_flow_20
2025-01-31 19:17:42,292 INFO c.h.h.t.OperatorHelmChartContainer - [local-hivemq-5fcc877b5c] [hivemq] [0e807257] DEBUG - Flushing: /opt/hivemq/data/persistence/incoming_message_flow/043000_R/incoming_message_flow_21
2025-01-31 19:17:42,292 INFO c.h.h.t.OperatorHelmChartContainer - [local-hivemq-5fcc877b5c] [hivemq] [0e807257] DEBUG - Flushing: /opt/hivemq/data/persistence/incoming_message_flow/043000_R/incoming_message_flow_22
2025-01-31 19:17:42,293 INFO c.h.h.t.OperatorHelmChartContainer - [local-hivemq-5fcc877b5c] [hivemq] [0e807257] DEBUG - Flushing: /opt/hivemq/data/persistence/incoming_message_flow/043000_R/incoming_message_flow_23
2025-01-31 19:17:42,293 INFO c.h.h.t.OperatorHelmChartContainer - [local-hivemq-5fcc877b5c] [hivemq] [0e807257] DEBUG - Flushing: /opt/hivemq/data/persistence/incoming_message_flow/043000_R/incoming_message_flow_24
2025-01-31 19:17:42,293 INFO c.h.h.t.OperatorHelmChartContainer - [local-hivemq-5fcc877b5c] [hivemq] [0e807257] DEBUG - Flushing: /opt/hivemq/data/persistence/incoming_message_flow/043000_R/incoming_message_flow_25
2025-01-31 19:17:42,293 INFO c.h.h.t.OperatorHelmChartContainer - [local-hivemq-5fcc877b5c] [hivemq] [0e807257] DEBUG - Flushing: /opt/hivemq/data/persistence/incoming_message_flow/043000_R/incoming_message_flow_26
2025-01-31 19:17:42,293 INFO c.h.h.t.OperatorHelmChartContainer - [local-hivemq-5fcc877b5c] [hivemq] [0e807257] DEBUG - Flushing: /opt/hivemq/data/persistence/incoming_message_flow/043000_R/incoming_message_flow_27
2025-01-31 19:17:42,293 INFO c.h.h.t.OperatorHelmChartContainer - [local-hivemq-5fcc877b5c] [hivemq] [0e807257] DEBUG - Flushing: /opt/hivemq/data/persistence/incoming_message_flow/043000_R/incoming_message_flow_28
2025-01-31 19:17:42,293 INFO c.h.h.t.OperatorHelmChartContainer - [local-hivemq-5fcc877b5c] [hivemq] [0e807257] DEBUG - Flushing: /opt/hivemq/data/persistence/incoming_message_flow/043000_R/incoming_message_flow_29
2025-01-31 19:17:42,293 INFO c.h.h.t.OperatorHelmChartContainer - [local-hivemq-5fcc877b5c] [hivemq] [0e807257] DEBUG - Flushing: /opt/hivemq/data/persistence/incoming_message_flow/043000_R/incoming_message_flow_30
2025-01-31 19:17:42,293 INFO c.h.h.t.OperatorHelmChartContainer - [local-hivemq-5fcc877b5c] [hivemq] [0e807257] DEBUG - Flushing: /opt/hivemq/data/persistence/incoming_message_flow/043000_R/incoming_message_flow_31
2025-01-31 19:17:42,293 INFO c.h.h.t.OperatorHelmChartContainer - [local-hivemq-5fcc877b5c] [hivemq] [0e807257] DEBUG - Flushing: /opt/hivemq/data/persistence/incoming_message_flow/043000_R/incoming_message_flow_32
2025-01-31 19:17:42,293 INFO c.h.h.t.OperatorHelmChartContainer - [local-hivemq-5fcc877b5c] [hivemq] [0e807257] DEBUG - Flushing: /opt/hivemq/data/persistence/incoming_message_flow/043000_R/incoming_message_flow_33
2025-01-31 19:17:42,293 INFO c.h.h.t.OperatorHelmChartContainer - [local-hivemq-5fcc877b5c] [hivemq] [0e807257] DEBUG - Flushing: /opt/hivemq/data/persistence/incoming_message_flow/043000_R/incoming_message_flow_34
2025-01-31 19:17:42,293 INFO c.h.h.t.OperatorHelmChartContainer - [local-hivemq-5fcc877b5c] [hivemq] [0e807257] DEBUG - Flushing: /opt/hivemq/data/persistence/incoming_message_flow/043000_R/incoming_message_flow_35
2025-01-31 19:17:42,293 INFO c.h.h.t.OperatorHelmChartContainer - [local-hivemq-6f4d548d79] [hivemq] [ac93fbb1] DEBUG - Starting After-Join-Cleanup for node MtyN7.
2025-01-31 19:17:42,293 INFO c.h.h.t.OperatorHelmChartContainer - [local-hivemq-5fcc877b5c] [hivemq] [0e807257] DEBUG - Flushing: /opt/hivemq/data/persistence/incoming_message_flow/043000_R/incoming_message_flow_36
2025-01-31 19:17:42,294 INFO c.h.h.t.OperatorHelmChartContainer - [local-hivemq-5fcc877b5c] [hivemq] [0e807257] DEBUG - Flushing: /opt/hivemq/data/persistence/incoming_message_flow/043000_R/incoming_message_flow_37
2025-01-31 19:17:42,294 INFO c.h.h.t.OperatorHelmChartContainer - [local-hivemq-5fcc877b5c] [hivemq] [0e807257] DEBUG - Flushing: /opt/hivemq/data/persistence/incoming_message_flow/043000_R/incoming_message_flow_38
2025-01-31 19:17:42,294 INFO c.h.h.t.OperatorHelmChartContainer - [local-hivemq-5fcc877b5c] [hivemq] [0e807257] DEBUG - Flushing: /opt/hivemq/data/persistence/incoming_message_flow/043000_R/incoming_message_flow_39
2025-01-31 19:17:42,294 INFO c.h.h.t.OperatorHelmChartContainer - [local-hivemq-5fcc877b5c] [hivemq] [0e807257] DEBUG - Flushing: /opt/hivemq/data/persistence/incoming_message_flow/043000_R/incoming_message_flow_40
2025-01-31 19:17:42,294 INFO c.h.h.t.OperatorHelmChartContainer - [local-hivemq-5fcc877b5c] [hivemq] [0e807257] DEBUG - Flushing: /opt/hivemq/data/persistence/incoming_message_flow/043000_R/incoming_message_flow_42
2025-01-31 19:17:42,294 INFO c.h.h.t.OperatorHelmChartContainer - [local-hivemq-5fcc877b5c] [hivemq] [0e807257] DEBUG - Flushing: /opt/hivemq/data/persistence/incoming_message_flow/043000_R/incoming_message_flow_41
2025-01-31 19:17:42,294 INFO c.h.h.t.OperatorHelmChartContainer - [local-hivemq-5fcc877b5c] [hivemq] [0e807257] DEBUG - Flushing: /opt/hivemq/data/persistence/incoming_message_flow/043000_R/incoming_message_flow_43
2025-01-31 19:17:42,294 INFO c.h.h.t.OperatorHelmChartContainer - [local-hivemq-5fcc877b5c] [hivemq] [0e807257] DEBUG - Flushing: /opt/hivemq/data/persistence/incoming_message_flow/043000_R/incoming_message_flow_44
2025-01-31 19:17:42,294 INFO c.h.h.t.OperatorHelmChartContainer - [local-hivemq-5fcc877b5c] [hivemq] [0e807257] DEBUG - Flushing: /opt/hivemq/data/persistence/incoming_message_flow/043000_R/incoming_message_flow_45
2025-01-31 19:17:42,294 INFO c.h.h.t.OperatorHelmChartContainer - [local-hivemq-5fcc877b5c] [hivemq] [0e807257] DEBUG - Flushing: /opt/hivemq/data/persistence/incoming_message_flow/043000_R/incoming_message_flow_46
2025-01-31 19:17:42,294 INFO c.h.h.t.OperatorHelmChartContainer - [local-hivemq-5fcc877b5c] [hivemq] [0e807257] DEBUG - Flushing: /opt/hivemq/data/persistence/incoming_message_flow/043000_R/incoming_message_flow_47
2025-01-31 19:17:42,294 INFO c.h.h.t.OperatorHelmChartContainer - [local-hivemq-5fcc877b5c] [hivemq] [0e807257] DEBUG - Flushing: /opt/hivemq/data/persistence/incoming_message_flow/043000_R/incoming_message_flow_48
2025-01-31 19:17:42,294 INFO c.h.h.t.OperatorHelmChartContainer - [local-hivemq-5fcc877b5c] [hivemq] [0e807257] DEBUG - Flushing: /opt/hivemq/data/persistence/incoming_message_flow/043000_R/incoming_message_flow_49
2025-01-31 19:17:42,294 INFO c.h.h.t.OperatorHelmChartContainer - [local-hivemq-5fcc877b5c] [hivemq] [0e807257] DEBUG - Flushing: /opt/hivemq/data/persistence/incoming_message_flow/043000_R/incoming_message_flow_50
2025-01-31 19:17:42,294 INFO c.h.h.t.OperatorHelmChartContainer - [local-hivemq-5fcc877b5c] [hivemq] [0e807257] DEBUG - Flushing: /opt/hivemq/data/persistence/incoming_message_flow/043000_R/incoming_message_flow_51
2025-01-31 19:17:42,294 INFO c.h.h.t.OperatorHelmChartContainer - [local-hivemq-5fcc877b5c] [hivemq] [0e807257] DEBUG - Flushing: /opt/hivemq/data/persistence/incoming_message_flow/043000_R/incoming_message_flow_52
2025-01-31 19:17:42,294 INFO c.h.h.t.OperatorHelmChartContainer - [local-hivemq-5fcc877b5c] [hivemq] [0e807257] DEBUG - Flushing: /opt/hivemq/data/persistence/incoming_message_flow/043000_R/incoming_message_flow_55
2025-01-31 19:17:42,294 INFO c.h.h.t.OperatorHelmChartContainer - [local-hivemq-5fcc877b5c] [hivemq] [0e807257] DEBUG - Flushing: /opt/hivemq/data/persistence/incoming_message_flow/043000_R/incoming_message_flow_54
2025-01-31 19:17:42,294 INFO c.h.h.t.OperatorHelmChartContainer - [local-hivemq-5fcc877b5c] [hivemq] [0e807257] DEBUG - Flushing: /opt/hivemq/data/persistence/incoming_message_flow/043000_R/incoming_message_flow_53
2025-01-31 19:17:42,294 INFO c.h.h.t.OperatorHelmChartContainer - [local-hivemq-5fcc877b5c] [hivemq] [0e807257] DEBUG - Flushing: /opt/hivemq/data/persistence/incoming_message_flow/043000_R/incoming_message_flow_56
2025-01-31 19:17:42,294 INFO c.h.h.t.OperatorHelmChartContainer - [local-hivemq-5fcc877b5c] [hivemq] [0e807257] DEBUG - Flushing: /opt/hivemq/data/persistence/incoming_message_flow/043000_R/incoming_message_flow_59
2025-01-31 19:17:42,294 INFO c.h.h.t.OperatorHelmChartContainer - [local-hivemq-5fcc877b5c] [hivemq] [0e807257] DEBUG - Flushing: /opt/hivemq/data/persistence/incoming_message_flow/043000_R/incoming_message_flow_58
2025-01-31 19:17:42,294 INFO c.h.h.t.OperatorHelmChartContainer - [local-hivemq-5fcc877b5c] [hivemq] [0e807257] DEBUG - Flushing: /opt/hivemq/data/persistence/incoming_message_flow/043000_R/incoming_message_flow_57
2025-01-31 19:17:42,294 INFO c.h.h.t.OperatorHelmChartContainer - [local-hivemq-5fcc877b5c] [hivemq] [0e807257] DEBUG - Flushing: /opt/hivemq/data/persistence/incoming_message_flow/043000_R/incoming_message_flow_60
2025-01-31 19:17:42,294 INFO c.h.h.t.OperatorHelmChartContainer - [local-hivemq-5fcc877b5c] [hivemq] [0e807257] DEBUG - Flushing: /opt/hivemq/data/persistence/incoming_message_flow/043000_R/incoming_message_flow_61
2025-01-31 19:17:42,294 INFO c.h.h.t.OperatorHelmChartContainer - [local-hivemq-5fcc877b5c] [hivemq] [0e807257] DEBUG - Flushing: /opt/hivemq/data/persistence/incoming_message_flow/043000_R/incoming_message_flow_62
2025-01-31 19:17:42,294 INFO c.h.h.t.OperatorHelmChartContainer - [local-hivemq-5fcc877b5c] [hivemq] [0e807257] DEBUG - Flushing: /opt/hivemq/data/persistence/incoming_message_flow/043000_R/incoming_message_flow_63
2025-01-31 19:17:42,294 INFO c.h.h.t.OperatorHelmChartContainer - [local-hivemq-5fcc877b5c] [hivemq] [0e807257] DEBUG - Flushing: /opt/hivemq/data/persistence/data_hub_modules/043000_R/data_hub_modules_0
2025-01-31 19:17:42,294 INFO c.h.h.t.OperatorHelmChartContainer - [local-hivemq-5fcc877b5c] [hivemq] [0e807257] DEBUG - Flushing: /opt/hivemq/data/persistence/data_hub_schemas/042000_R/data_hub_schemas_0
2025-01-31 19:17:42,294 INFO c.h.h.t.OperatorHelmChartContainer - [local-hivemq-5fcc877b5c] [hivemq] [0e807257] DEBUG - Flushing: /opt/hivemq/data/persistence/data_hub_policies/042000_R/data_hub_policies_0
2025-01-31 19:17:42,294 INFO c.h.h.t.OperatorHelmChartContainer - [local-hivemq-5fcc877b5c] [hivemq] [0e807257] DEBUG - Flushing: /opt/hivemq/data/persistence/data_hub_scripts/042300_R/data_hub_scripts_0
2025-01-31 19:17:42,294 INFO c.h.h.t.OperatorHelmChartContainer - [local-hivemq-5fcc877b5c] [hivemq] [0e807257] DEBUG - Enabling WAL.
2025-01-31 19:17:42,294 INFO c.h.h.t.OperatorHelmChartContainer - [local-hivemq-5fcc877b5c] [hivemq] [0e807257] DEBUG - Sending RUNNING state request to i4tjy.
2025-01-31 19:17:42,306 INFO c.h.h.t.OperatorHelmChartContainer - [local-hivemq-6f4d548d79] [hivemq] [ac93fbb1] DEBUG - State of node MtyN7 changed to RUNNING was JOINING. Current cluster node states: {MtyN7=RUNNING, i4tjy=RUNNING}
2025-01-31 19:17:42,307 INFO c.h.h.t.OperatorHelmChartContainer - [local-hivemq-6f4d548d79] [hivemq] [ac93fbb1] INFO  - Cluster size = 2, members : [MtyN7, i4tjy].
2025-01-31 19:17:42,307 INFO c.h.h.t.OperatorHelmChartContainer - [local-hivemq-6f4d548d79] [hivemq] [ac93fbb1] DEBUG - Sending RUNNING state notification for MtyN7 to all nodes.
2025-01-31 19:17:42,326 INFO c.h.h.t.OperatorHelmChartContainer - [local-hivemq-5fcc877b5c] [hivemq] [0e807257] DEBUG - Starting After-Join-Cleanup for node MtyN7.
2025-01-31 19:17:42,337 INFO c.h.h.t.OperatorHelmChartContainer - [local-hivemq-5fcc877b5c] [hivemq] [0e807257] DEBUG - State of node MtyN7 changed to RUNNING was JOINING. Current cluster node states: {MtyN7=RUNNING, i4tjy=RUNNING}
2025-01-31 19:17:42,338 INFO c.h.h.t.OperatorHelmChartContainer - [EVENT] Warning [Unhealthy] Readiness probe failed: Cluster size not matched. Current: 1, expected: 1
 [default:local-hivemq-5fcc877b5c-lzckq]
2025-01-31 19:17:42,338 INFO c.h.h.t.OperatorHelmChartContainer - Received Unhealthy event for container hivemq in pod local-hivemq-5fcc877b5c-lzckq [0e807257-3c5e-48c4-9fd3-0e2e231b273d]
2025-01-31 19:17:42,338 INFO c.h.h.t.OperatorHelmChartContainer - [local-hivemq-5fcc877b5c] [hivemq] [0e807257] INFO  - Cluster size = 2, members : [MtyN7, i4tjy].
2025-01-31 19:17:42,381 INFO c.h.h.t.OperatorHelmChartContainer - [local-hivemq-5fcc877b5c] [hivemq] [0e807257] DEBUG - Finished After-Join-Cleanup for node MtyN7 in 60ms.
2025-01-31 19:17:42,385 INFO c.h.h.t.OperatorHelmChartContainer - [local-hivemq-6f4d548d79] [hivemq] [ac93fbb1] DEBUG - Finished After-Join-Cleanup for node MtyN7 in 89ms.
2025-01-31 19:17:42,387 INFO c.h.h.t.OperatorHelmChartContainer - [local-hivemq-5fcc877b5c] [hivemq] [0e807257] INFO  - Finished cluster join process successfully.
2025-01-31 19:17:42,392 INFO c.h.h.t.OperatorHelmChartContainer - [local-hivemq-5fcc877b5c] [hivemq] [0e807257] WARN  - No user for HiveMQ Control Center configured. Starting with default user
2025-01-31 19:17:42,393 INFO c.h.h.t.OperatorHelmChartContainer - [local-hivemq-5fcc877b5c] [hivemq] [0e807257] INFO  - Starting HiveMQ Control Center on address 0.0.0.0 and port 8080
2025-01-31 19:17:42,481 INFO c.h.h.t.OperatorHelmChartContainer - [local-hivemq-5fcc877b5c] [hivemq] [0e807257] INFO  - Mounting HiveMQ Control Center V2 Preview
2025-01-31 19:17:42,483 INFO c.h.h.t.OperatorHelmChartContainer - [EVENT] Warning [Unhealthy] Liveness probe failed: dial tcp 10.42.0.8:1883: connect: connection refused [default:local-hivemq-5fcc877b5c-lzckq]
2025-01-31 19:17:42,483 INFO c.h.h.t.OperatorHelmChartContainer - Received Unhealthy event for container hivemq in pod local-hivemq-5fcc877b5c-lzckq [0e807257-3c5e-48c4-9fd3-0e2e231b273d]
2025-01-31 19:17:43,088 INFO c.h.h.t.OperatorHelmChartContainer - [local-hivemq-5fcc877b5c] [hivemq] [0e807257] INFO  - Started HiveMQ Control Center in 696ms
2025-01-31 19:17:43,140 INFO c.h.h.t.OperatorHelmChartContainer - [local-hivemq-5fcc877b5c] [hivemq] [0e807257] INFO  - Starting TCP listener on address 0.0.0.0 and port 1883
2025-01-31 19:17:43,185 INFO c.h.h.t.OperatorHelmChartContainer - [local-hivemq-5fcc877b5c] [hivemq] [0e807257] INFO  - Started TCP Listener on address 0.0.0.0 and on port 1883.
2025-01-31 19:17:43,185 INFO c.h.h.t.OperatorHelmChartContainer - [local-hivemq-5fcc877b5c] [hivemq] [0e807257] INFO  - Started HiveMQ in 16755ms
2025-01-31 19:17:47,287 INFO c.h.h.t.OperatorHelmChartContainer - [POD] local-hivemq-5fcc877b5c-lzckq [0e807257-3c5e-48c4-9fd3-0e2e231b273d] in default was MODIFIED
2025-01-31 19:17:47,294 INFO c.h.h.t.OperatorHelmChartContainer - [K3S] [replica_set.go:679] "Finished syncing" kind="ReplicaSet" key="default/local-hivemq-5fcc877b5c" duration="10.295697ms"
2025-01-31 19:17:47,294 INFO c.h.h.t.OperatorHelmChartContainer - [K3S] [replica_set.go:679] "Finished syncing" kind="ReplicaSet" key="default/local-hivemq-5fcc877b5c" duration="52.628µs"
2025-01-31 19:18:17,300 INFO c.h.h.t.OperatorHelmChartContainer - [K3S] [replica_set.go:679] "Finished syncing" kind="ReplicaSet" key="default/local-hivemq-5fcc877b5c" duration="6.756607ms"
2025-01-31 19:18:17,300 INFO c.h.h.t.OperatorHelmChartContainer - [K3S] [replica_set.go:679] "Finished syncing" kind="ReplicaSet" key="default/local-hivemq-5fcc877b5c" duration="60.083µs"
2025-01-31 19:18:17,312 INFO c.h.h.t.OperatorHelmChartContainer - [EVENT] Normal [ScalingReplicaSet] Scaled down replica set local-hivemq-6f4d548d79 from 1 to 0 [default:local-hivemq]
2025-01-31 19:18:17,320 INFO c.h.h.t.OperatorHelmChartContainer - [POD] local-hivemq-6f4d548d79-2sx8q [ac93fbb1-5483-42fe-bcc4-cd658587ec81] in default was MODIFIED
2025-01-31 19:18:17,365 INFO c.h.h.t.OperatorHelmChartContainer - [EVENT] Normal [SuccessfulDelete] Deleted pod: local-hivemq-6f4d548d79-2sx8q [default:local-hivemq-6f4d548d79]
2025-01-31 19:18:17,380 INFO c.h.h.t.OperatorHelmChartContainer - [EVENT] Normal [Killing] Stopping container hivemq [default:local-hivemq-6f4d548d79-2sx8q]
2025-01-31 19:18:17,381 INFO c.h.h.t.OperatorHelmChartContainer - Received Killing event for container hivemq in pod local-hivemq-6f4d548d79-2sx8q [ac93fbb1-5483-42fe-bcc4-cd658587ec81]
2025-01-31 19:18:17,381 INFO c.h.h.t.OperatorHelmChartContainer - Stopped log watcher for hivemq in pod local-hivemq-6f4d548d79-2sx8q [ac93fbb1-5483-42fe-bcc4-cd658587ec81]
2025-01-31 19:18:17,388 INFO c.h.h.t.OperatorHelmChartContainer - [K3S] [replica_set.go:679] "Finished syncing" kind="ReplicaSet" key="default/local-hivemq-6f4d548d79" duration="79.493989ms"
2025-01-31 19:18:17,432 INFO c.h.h.t.OperatorHelmChartContainer - [K3S] [writers.go:123] "Unhandled Error" err="apiserver was unable to write a JSON response: http2: stream closed"
2025-01-31 19:18:17,432 INFO c.h.h.t.OperatorHelmChartContainer - [K3S] [wrap.go:53] "Timeout or abort while handling" method="PATCH" URI="/apis/hivemq.com/v1/namespaces/default/hivemq-clusters/local-hivemq/status" auditID="d83b2261-de78-4a39-a739-bd0d3d74c41b"
2025-01-31 19:18:17,438 DEBUG com.hivemq.helmcharts.util.K8sUtil - State to compare Updating and waiting for Running
2025-01-31 19:18:17,440 INFO c.h.h.t.OperatorHelmChartContainer - [K3S] [status.go:71] "Unhandled Error" err="apiserver received an error that is not an metav1.Status: &errors.errorString{s:\"http2: stream closed\"}: http2: stream closed"
2025-01-31 19:18:17,440 INFO c.h.h.t.OperatorHelmChartContainer - [K3S] [writers.go:136] "Unhandled Error" err="apiserver was unable to write a fallback JSON response: http: Handler timeout"
2025-01-31 19:18:17,451 INFO c.h.h.t.OperatorHelmChartContainer - [K3S] [timeout.go:140] "Post-timeout activity" timeElapsed="19.244858ms" method="PATCH" path="/apis/hivemq.com/v1/namespaces/default/hivemq-clusters/local-hivemq/status" result=null
2025-01-31 19:18:17,468 INFO c.h.h.t.OperatorHelmChartContainer - [K3S] [replica_set.go:679] "Finished syncing" kind="ReplicaSet" key="default/local-hivemq-6f4d548d79" duration="80.203182ms"
2025-01-31 19:18:17,469 INFO c.h.h.t.OperatorHelmChartContainer - [K3S] [replica_set.go:679] "Finished syncing" kind="ReplicaSet" key="default/local-hivemq-6f4d548d79" duration="48.27µs"
2025-01-31 19:18:17,528 INFO c.h.h.t.OperatorHelmChartContainer - [local-hivemq-6f4d548d79] [hivemq] [ac93fbb1] INFO  - Shutting down HiveMQ. Please wait, this could take a while...
2025-01-31 19:18:17,581 INFO c.h.h.t.OperatorHelmChartContainer - [local-hivemq-6f4d548d79] [hivemq] [ac93fbb1] INFO  - Shutting down listeners and clients
2025-01-31 19:18:17,581 INFO c.h.h.t.OperatorHelmChartContainer - [local-hivemq-6f4d548d79] [hivemq] [ac93fbb1] DEBUG - Closed channel of listener with name 'tcp-listener-1883'
2025-01-31 19:18:17,582 INFO c.h.h.t.OperatorHelmChartContainer - [local-hivemq-6f4d548d79] [hivemq] [ac93fbb1] INFO  - Shutdown of listeners is done
2025-01-31 19:18:17,582 INFO c.h.h.t.OperatorHelmChartContainer - [local-hivemq-6f4d548d79] [hivemq] [ac93fbb1] INFO  - No clients are connected, proceeding with shutdown
2025-01-31 19:18:17,583 INFO c.h.h.t.OperatorHelmChartContainer - [local-hivemq-6f4d548d79] [hivemq] [ac93fbb1] DEBUG - Shutting down worker and boss threads
2025-01-31 19:18:17,658 DEBUG com.hivemq.helmcharts.util.K8sUtil - State to compare Updating and waiting for Running
2025-01-31 19:18:19,591 INFO c.h.h.t.OperatorHelmChartContainer - [local-hivemq-6f4d548d79] [hivemq] [ac93fbb1] DEBUG - Shutting down Data Hub
2025-01-31 19:18:19,834 INFO c.h.h.t.OperatorHelmChartContainer - [local-hivemq-6f4d548d79] [hivemq] [ac93fbb1] DEBUG - Data Hub shut down successfully in 243ms
2025-01-31 19:18:19,834 INFO c.h.h.t.OperatorHelmChartContainer - [local-hivemq-6f4d548d79] [hivemq] [ac93fbb1] DEBUG - Stopping RocksDBMemoryUsageWatchdog.
2025-01-31 19:18:19,835 INFO c.h.h.t.OperatorHelmChartContainer - [local-hivemq-6f4d548d79] [hivemq] [ac93fbb1] DEBUG - Terminating thread rocksdb-memory-usage-watchdog.
2025-01-31 19:18:19,835 INFO c.h.h.t.OperatorHelmChartContainer - [local-hivemq-6f4d548d79] [hivemq] [ac93fbb1] DEBUG - Stopped RocksDBMemoryUsageWatchdog.
2025-01-31 19:18:19,835 INFO c.h.h.t.OperatorHelmChartContainer - [local-hivemq-6f4d548d79] [hivemq] [ac93fbb1] INFO  - Shutting down extension system
2025-01-31 19:18:19,841 INFO c.h.h.t.OperatorHelmChartContainer - [local-hivemq-6f4d548d79] [hivemq] [ac93fbb1] INFO  - Stopping extension with id hivemq-dns-cluster-discovery
2025-01-31 19:18:19,843 INFO c.h.h.t.OperatorHelmChartContainer - [local-hivemq-6f4d548d79] [hivemq] [ac93fbb1] INFO  - Extension "DNS Cluster Discovery Extension" version 4.3.3 stopped successfully.
2025-01-31 19:18:19,844 INFO c.h.h.t.OperatorHelmChartContainer - [local-hivemq-6f4d548d79] [hivemq] [ac93fbb1] INFO  - Stopping extension with id hivemq-k8s-sync-extension
2025-01-31 19:18:19,845 INFO c.h.h.t.OperatorHelmChartContainer - [local-hivemq-6f4d548d79] [hivemq] [ac93fbb1] INFO  - Stopped HiveMQ Kubernetes State Synchronization Extension:1.0.3
2025-01-31 19:18:19,845 INFO c.h.h.t.OperatorHelmChartContainer - [local-hivemq-6f4d548d79] [hivemq] [ac93fbb1] INFO  - Extension "HiveMQ Kubernetes State Synchronization Extension" version 1.0.3 stopped successfully.
2025-01-31 19:18:19,846 INFO c.h.h.t.OperatorHelmChartContainer - [local-hivemq-6f4d548d79] [hivemq] [ac93fbb1] INFO  - Stopping extension with id hivemq-allow-all-extension
2025-01-31 19:18:19,846 INFO c.h.h.t.OperatorHelmChartContainer - [local-hivemq-6f4d548d79] [hivemq] [ac93fbb1] INFO  - Extension "Allow All Extension" version 1.1.1 stopped successfully.
2025-01-31 19:18:19,846 INFO c.h.h.t.OperatorHelmChartContainer - [local-hivemq-6f4d548d79] [hivemq] [ac93fbb1] DEBUG - Simple authenticator of extension 'hivemq-allow-all-extension' removed.
2025-01-31 19:18:19,846 INFO c.h.h.t.OperatorHelmChartContainer - [local-hivemq-6f4d548d79] [hivemq] [ac93fbb1] DEBUG - Running cluster shutdown hooks
2025-01-31 19:18:19,853 INFO c.h.h.t.OperatorHelmChartContainer - [local-hivemq-5fcc877b5c] [hivemq] [0e807257] INFO  - Cluster nodes found by discovery: [MtyN7|2] (1) [MtyN7].
2025-01-31 19:18:19,859 INFO c.h.h.t.OperatorHelmChartContainer - [local-hivemq-6f4d548d79] [hivemq] [ac93fbb1] DEBUG - Shutting down managed extension executor service
2025-01-31 19:18:19,859 INFO c.h.h.t.OperatorHelmChartContainer - [local-hivemq-6f4d548d79] [hivemq] [ac93fbb1] DEBUG - Stopped Trace Recording Event Loop gracefully
2025-01-31 19:18:19,859 INFO c.h.h.t.OperatorHelmChartContainer - [local-hivemq-6f4d548d79] [hivemq] [ac93fbb1] DEBUG - The Event Loop for Trace Recordings is shutting down and is not available anymore
2025-01-31 19:18:19,860 INFO c.h.h.t.OperatorHelmChartContainer - [local-hivemq-5fcc877b5c] [hivemq] [0e807257] DEBUG - Previous running nodes [i4tjy, MtyN7]
2025-01-31 19:18:19,860 INFO c.h.h.t.OperatorHelmChartContainer - [local-hivemq-5fcc877b5c] [hivemq] [0e807257] INFO  - Cluster size = 1, members : [MtyN7].
2025-01-31 19:18:19,860 INFO c.h.h.t.OperatorHelmChartContainer - [local-hivemq-5fcc877b5c] [hivemq] [0e807257] DEBUG - Removed state of node i4tjy.
2025-01-31 19:18:19,860 INFO c.h.h.t.OperatorHelmChartContainer - [local-hivemq-5fcc877b5c] [hivemq] [0e807257] DEBUG - Node left cluster: 'i4tjy'
2025-01-31 19:18:22,185 INFO c.h.h.t.OperatorHelmChartContainer - [local-hivemq-6f4d548d79] [hivemq] [ac93fbb1] INFO  - Shutdown completed.
2025-01-31 19:18:22,654 INFO c.h.h.t.OperatorHelmChartContainer - [K3S] [replica_set.go:679] "Finished syncing" kind="ReplicaSet" key="default/local-hivemq-6f4d548d79" duration="69.42µs"
2025-01-31 19:18:22,659 INFO c.h.h.t.OperatorHelmChartContainer - [POD] local-hivemq-6f4d548d79-2sx8q [ac93fbb1-5483-42fe-bcc4-cd658587ec81] in default was MODIFIED
2025-01-31 19:18:22,754 INFO c.h.h.t.OperatorHelmChartContainer - [K3S] [reconciler_common.go:162] "operationExecutor.UnmountVolume started for volume \"live-info\" (UniqueName: \"kubernetes.io/configmap/ac93fbb1-5483-42fe-bcc4-cd658587ec81-live-info\") pod \"ac93fbb1-5483-42fe-bcc4-cd658587ec81\" (UID: \"ac93fbb1-5483-42fe-bcc4-cd658587ec81\") "
2025-01-31 19:18:22,754 INFO c.h.h.t.OperatorHelmChartContainer - [K3S] [reconciler_common.go:162] "operationExecutor.UnmountVolume started for volume \"heap-dumps\" (UniqueName: \"kubernetes.io/empty-dir/ac93fbb1-5483-42fe-bcc4-cd658587ec81-heap-dumps\") pod \"ac93fbb1-5483-42fe-bcc4-cd658587ec81\" (UID: \"ac93fbb1-5483-42fe-bcc4-cd658587ec81\") "
2025-01-31 19:18:22,755 INFO c.h.h.t.OperatorHelmChartContainer - [K3S] [reconciler_common.go:162] "operationExecutor.UnmountVolume started for volume \"backup\" (UniqueName: \"kubernetes.io/empty-dir/ac93fbb1-5483-42fe-bcc4-cd658587ec81-backup\") pod \"ac93fbb1-5483-42fe-bcc4-cd658587ec81\" (UID: \"ac93fbb1-5483-42fe-bcc4-cd658587ec81\") "
2025-01-31 19:18:22,755 INFO c.h.h.t.OperatorHelmChartContainer - [K3S] [reconciler_common.go:162] "operationExecutor.UnmountVolume started for volume \"shared-data\" (UniqueName: \"kubernetes.io/empty-dir/ac93fbb1-5483-42fe-bcc4-cd658587ec81-shared-data\") pod \"ac93fbb1-5483-42fe-bcc4-cd658587ec81\" (UID: \"ac93fbb1-5483-42fe-bcc4-cd658587ec81\") "
2025-01-31 19:18:22,755 INFO c.h.h.t.OperatorHelmChartContainer - [K3S] [reconciler_common.go:162] "operationExecutor.UnmountVolume started for volume \"log\" (UniqueName: \"kubernetes.io/empty-dir/ac93fbb1-5483-42fe-bcc4-cd658587ec81-log\") pod \"ac93fbb1-5483-42fe-bcc4-cd658587ec81\" (UID: \"ac93fbb1-5483-42fe-bcc4-cd658587ec81\") "
2025-01-31 19:18:22,755 INFO c.h.h.t.OperatorHelmChartContainer - [K3S] [reconciler_common.go:162] "operationExecutor.UnmountVolume started for volume \"kube-api-access-vqfqm\" (UniqueName: \"kubernetes.io/projected/ac93fbb1-5483-42fe-bcc4-cd658587ec81-kube-api-access-vqfqm\") pod \"ac93fbb1-5483-42fe-bcc4-cd658587ec81\" (UID: \"ac93fbb1-5483-42fe-bcc4-cd658587ec81\") "
2025-01-31 19:18:22,755 INFO c.h.h.t.OperatorHelmChartContainer - [K3S] [reconciler_common.go:162] "operationExecutor.UnmountVolume started for volume \"data\" (UniqueName: \"kubernetes.io/empty-dir/ac93fbb1-5483-42fe-bcc4-cd658587ec81-data\") pod \"ac93fbb1-5483-42fe-bcc4-cd658587ec81\" (UID: \"ac93fbb1-5483-42fe-bcc4-cd658587ec81\") "
2025-01-31 19:18:22,755 INFO c.h.h.t.OperatorHelmChartContainer - [K3S] [reconciler_common.go:162] "operationExecutor.UnmountVolume started for volume \"audit\" (UniqueName: \"kubernetes.io/empty-dir/ac93fbb1-5483-42fe-bcc4-cd658587ec81-audit\") pod \"ac93fbb1-5483-42fe-bcc4-cd658587ec81\" (UID: \"ac93fbb1-5483-42fe-bcc4-cd658587ec81\") "
2025-01-31 19:18:22,755 INFO c.h.h.t.OperatorHelmChartContainer - [K3S] [reconciler_common.go:162] "operationExecutor.UnmountVolume started for volume \"dns-wait-config\" (UniqueName: \"kubernetes.io/configmap/ac93fbb1-5483-42fe-bcc4-cd658587ec81-dns-wait-config\") pod \"ac93fbb1-5483-42fe-bcc4-cd658587ec81\" (UID: \"ac93fbb1-5483-42fe-bcc4-cd658587ec81\") "
2025-01-31 19:18:22,755 INFO c.h.h.t.OperatorHelmChartContainer - [K3S] [reconciler_common.go:162] "operationExecutor.UnmountVolume started for volume \"conf-override\" (UniqueName: \"kubernetes.io/empty-dir/ac93fbb1-5483-42fe-bcc4-cd658587ec81-conf-override\") pod \"ac93fbb1-5483-42fe-bcc4-cd658587ec81\" (UID: \"ac93fbb1-5483-42fe-bcc4-cd658587ec81\") "
2025-01-31 19:18:22,854 INFO c.h.h.t.OperatorHelmChartContainer - [K3S] [reconciler_common.go:299] "Volume detached for volume \"backup\" (UniqueName: \"kubernetes.io/empty-dir/ac93fbb1-5483-42fe-bcc4-cd658587ec81-backup\") on node \"b8ea6f035c0d\" DevicePath \"\""
2025-01-31 19:18:22,854 INFO c.h.h.t.OperatorHelmChartContainer - [K3S] [reconciler_common.go:299] "Volume detached for volume \"shared-data\" (UniqueName: \"kubernetes.io/empty-dir/ac93fbb1-5483-42fe-bcc4-cd658587ec81-shared-data\") on node \"b8ea6f035c0d\" DevicePath \"\""
2025-01-31 19:18:22,854 INFO c.h.h.t.OperatorHelmChartContainer - [K3S] [reconciler_common.go:299] "Volume detached for volume \"log\" (UniqueName: \"kubernetes.io/empty-dir/ac93fbb1-5483-42fe-bcc4-cd658587ec81-log\") on node \"b8ea6f035c0d\" DevicePath \"\""
2025-01-31 19:18:22,854 INFO c.h.h.t.OperatorHelmChartContainer - [K3S] [reconciler_common.go:299] "Volume detached for volume \"kube-api-access-vqfqm\" (UniqueName: \"kubernetes.io/projected/ac93fbb1-5483-42fe-bcc4-cd658587ec81-kube-api-access-vqfqm\") on node \"b8ea6f035c0d\" DevicePath \"\""
2025-01-31 19:18:22,854 INFO c.h.h.t.OperatorHelmChartContainer - [K3S] [reconciler_common.go:299] "Volume detached for volume \"data\" (UniqueName: \"kubernetes.io/empty-dir/ac93fbb1-5483-42fe-bcc4-cd658587ec81-data\") on node \"b8ea6f035c0d\" DevicePath \"\""
2025-01-31 19:18:22,854 INFO c.h.h.t.OperatorHelmChartContainer - [K3S] [reconciler_common.go:299] "Volume detached for volume \"audit\" (UniqueName: \"kubernetes.io/empty-dir/ac93fbb1-5483-42fe-bcc4-cd658587ec81-audit\") on node \"b8ea6f035c0d\" DevicePath \"\""
2025-01-31 19:18:22,854 INFO c.h.h.t.OperatorHelmChartContainer - [K3S] [reconciler_common.go:299] "Volume detached for volume \"dns-wait-config\" (UniqueName: \"kubernetes.io/configmap/ac93fbb1-5483-42fe-bcc4-cd658587ec81-dns-wait-config\") on node \"b8ea6f035c0d\" DevicePath \"\""
2025-01-31 19:18:22,854 INFO c.h.h.t.OperatorHelmChartContainer - [K3S] [reconciler_common.go:299] "Volume detached for volume \"conf-override\" (UniqueName: \"kubernetes.io/empty-dir/ac93fbb1-5483-42fe-bcc4-cd658587ec81-conf-override\") on node \"b8ea6f035c0d\" DevicePath \"\""
2025-01-31 19:18:22,854 INFO c.h.h.t.OperatorHelmChartContainer - [K3S] [reconciler_common.go:299] "Volume detached for volume \"live-info\" (UniqueName: \"kubernetes.io/configmap/ac93fbb1-5483-42fe-bcc4-cd658587ec81-live-info\") on node \"b8ea6f035c0d\" DevicePath \"\""
2025-01-31 19:18:22,855 INFO c.h.h.t.OperatorHelmChartContainer - [K3S] [reconciler_common.go:299] "Volume detached for volume \"heap-dumps\" (UniqueName: \"kubernetes.io/empty-dir/ac93fbb1-5483-42fe-bcc4-cd658587ec81-heap-dumps\") on node \"b8ea6f035c0d\" DevicePath \"\""
2025-01-31 19:18:23,326 INFO c.h.h.t.OperatorHelmChartContainer - [K3S] [scope.go:117] "RemoveContainer" containerID="1b291a16ed8372e1ff7284ba038056b3e8cb3e86a2a898551cfe1dc9d5681f12"
2025-01-31 19:18:23,333 INFO c.h.h.t.OperatorHelmChartContainer - [K3S] [scope.go:117] "RemoveContainer" containerID="d61263f7c8bb070a8ccf2332e9563e2d860470b8f8cb2a49b1417c68cdaaae48"
2025-01-31 19:18:23,336 INFO c.h.h.t.OperatorHelmChartContainer - [K3S] [scope.go:117] "RemoveContainer" containerID="50c3ddebd9804cefbab0cbdc595fdd5dac5a6cf86de13ff05d78e6054167afb9"
2025-01-31 19:18:23,342 INFO c.h.h.t.OperatorHelmChartContainer - [K3S] [scope.go:117] "RemoveContainer" containerID="1b291a16ed8372e1ff7284ba038056b3e8cb3e86a2a898551cfe1dc9d5681f12"
2025-01-31 19:18:23,342 INFO c.h.h.t.OperatorHelmChartContainer - [K3S] [replica_set.go:679] "Finished syncing" kind="ReplicaSet" key="default/local-hivemq-6f4d548d79" duration="59.692µs"
2025-01-31 19:18:23,342 INFO c.h.h.t.OperatorHelmChartContainer - [K3S] [scope.go:117] "RemoveContainer" containerID="d61263f7c8bb070a8ccf2332e9563e2d860470b8f8cb2a49b1417c68cdaaae48"
2025-01-31 19:18:23,342 INFO c.h.h.t.OperatorHelmChartContainer - [K3S] [scope.go:117] "RemoveContainer" containerID="50c3ddebd9804cefbab0cbdc595fdd5dac5a6cf86de13ff05d78e6054167afb9"
2025-01-31 19:18:23,342 INFO c.h.h.t.OperatorHelmChartContainer - [POD] local-hivemq-6f4d548d79-2sx8q [ac93fbb1-5483-42fe-bcc4-cd658587ec81] in default was MODIFIED
2025-01-31 19:18:23,346 INFO c.h.h.t.OperatorHelmChartContainer - [K3S] [replica_set.go:679] "Finished syncing" kind="ReplicaSet" key="default/local-hivemq-6f4d548d79" duration="80.861µs"
2025-01-31 19:18:23,349 INFO c.h.h.t.OperatorHelmChartContainer - [POD] local-hivemq-6f4d548d79-2sx8q [ac93fbb1-5483-42fe-bcc4-cd658587ec81] in default was DELETED
2025-01-31 19:18:23,390 DEBUG com.hivemq.helmcharts.util.K8sUtil - State to compare Updating and waiting for Running
2025-01-31 19:18:23,452 DEBUG com.hivemq.helmcharts.util.K8sUtil - State to compare Updating and waiting for Running
2025-01-31 19:18:23,571 INFO c.h.h.t.OperatorHelmChartContainer - [local-hivemq-hivemq-operator] [operator] [a6ba7663] ?[36m19:18:23.570?[0;39m ?[1;30m[pool-3-thread-12]?[0;39m ?[34mINFO ?[0;39m ?[35mcom.hivemq.Operator?[0;39m - State synchronization complete for cluster 'local-hivemq' in namespace 'default' in 72220ms
2025-01-31 19:18:23,571 DEBUG com.hivemq.helmcharts.util.K8sUtil - State to compare Running and waiting for Running
2025-01-31 19:18:23,605 INFO c.h.h.t.OperatorHelmChartContainer - Stopped log watcher for hivemq in pod local-hivemq-5fcc877b5c-lzckq [0e807257-3c5e-48c4-9fd3-0e2e231b273d]
2025-01-31 19:18:23,605 INFO c.h.h.t.OperatorHelmChartContainer - Stopped log watcher for operator in pod local-hivemq-hivemq-operator-operator-6b564f6db4-8v8nd [a6ba7663-4934-404d-95dd-f910d8cc4a64]
2025-01-31 19:18:23,616 INFO c.h.h.t.OperatorHelmChartContainer - [K3S] [WARNING] signal received: \"terminated\", canceling context...
2025-01-31 19:18:23,617 INFO c.h.h.t.OperatorHelmChartContainer - [K3S] [health_controller.go:224] Shutting down HealthController RunCheck
2025-01-31 19:18:23,617 INFO c.h.h.t.OperatorHelmChartContainer - [K3S] [network_policy_controller.go:190] Shutting down network policies full sync goroutine
2025-01-31 19:18:23,617 INFO c.h.h.t.OperatorHelmChartContainer - [K3S] [subnet.go:137] could not watch leases: context canceled
2025-01-31 19:18:23,617 INFO c.h.h.t.OperatorHelmChartContainer - [K3S] [vxlan_network.go:79] evts chan closed
2025-01-31 19:18:23,787 INFO c.h.h.t.OperatorHelmChartContainer - [K3S] 
2025-01-31 19:18:23,787 INFO c.h.h.t.OperatorHelmChartContainer - [K3S] 
]]></system-out>
  </testcase>
  <system-out><![CDATA[2025-01-31 19:14:43,975 INFO o.testcontainers.DockerClientFactory - Testcontainers version: 1.20.4
2025-01-31 19:14:44,372 INFO o.t.d.DockerClientProviderStrategy - Found Docker environment with local Unix socket (unix:///var/run/docker.sock)
2025-01-31 19:14:44,378 INFO o.testcontainers.DockerClientFactory - Docker host IP address is localhost
2025-01-31 19:14:44,392 INFO o.testcontainers.DockerClientFactory - Connected to docker: 
  Server Version: 26.1.3
  API Version: 1.45
  Operating System: Ubuntu 24.04.1 LTS
  Total Memory: 15990 MB
2025-01-31 19:14:44,398 INFO o.testcontainers.images.PullPolicy - Image pull policy will be performed by: DefaultPullPolicy()
2025-01-31 19:14:44,399 INFO o.t.utility.ImageNameSubstitutor - Image name substitution will be performed by: DefaultImageNameSubstitutor (composite of 'ConfigurationFileImageNameSubstitutor' and 'PrefixingImageNameSubstitutor')
2025-01-31 19:14:44,419 INFO tc.testcontainers/ryuk:0.11.0 - Pulling docker image: testcontainers/ryuk:0.11.0. Please be patient; this may take some time but only needs to be done once.
2025-01-31 19:14:45,941 INFO tc.testcontainers/ryuk:0.11.0 - Starting to pull image
2025-01-31 19:14:45,955 INFO tc.testcontainers/ryuk:0.11.0 - Pulling image layers:  0 pending,  0 downloaded,  0 extracted, (0 bytes/0 bytes)
2025-01-31 19:14:46,483 INFO tc.testcontainers/ryuk:0.11.0 - Pulling image layers:  2 pending,  1 downloaded,  0 extracted, (3 MB/? MB)
2025-01-31 19:14:46,538 INFO tc.testcontainers/ryuk:0.11.0 - Pulling image layers:  1 pending,  2 downloaded,  0 extracted, (4 MB/? MB)
2025-01-31 19:14:46,585 INFO tc.testcontainers/ryuk:0.11.0 - Pulling image layers:  1 pending,  2 downloaded,  1 extracted, (4 MB/? MB)
2025-01-31 19:14:46,603 INFO tc.testcontainers/ryuk:0.11.0 - Pulling image layers:  0 pending,  3 downloaded,  1 extracted, (10 MB/10 MB)
2025-01-31 19:14:46,695 INFO tc.testcontainers/ryuk:0.11.0 - Pulling image layers:  0 pending,  3 downloaded,  2 extracted, (10 MB/10 MB)
2025-01-31 19:14:46,733 INFO tc.testcontainers/ryuk:0.11.0 - Pulling image layers:  0 pending,  3 downloaded,  3 extracted, (10 MB/10 MB)
2025-01-31 19:14:46,739 INFO tc.testcontainers/ryuk:0.11.0 - Image testcontainers/ryuk:0.11.0 pull took PT2.319251866S
2025-01-31 19:14:46,760 INFO tc.testcontainers/ryuk:0.11.0 - Creating container for image: testcontainers/ryuk:0.11.0
2025-01-31 19:14:46,826 INFO tc.testcontainers/ryuk:0.11.0 - Container testcontainers/ryuk:0.11.0 is starting: b4eb30b345d3c94141bca565a42d4e79eb4acfdef2b264de9954fc3ee25b40b9
2025-01-31 19:14:47,058 INFO tc.testcontainers/ryuk:0.11.0 - Container testcontainers/ryuk:0.11.0 started in PT0.297527808S
2025-01-31 19:14:47,061 INFO o.t.utility.RyukResourceReaper - Ryuk started - will monitor and terminate Testcontainers containers on JVM exit
2025-01-31 19:14:47,062 INFO o.testcontainers.DockerClientFactory - Checking the system...
2025-01-31 19:14:47,062 INFO o.testcontainers.DockerClientFactory - ✔︎ Docker server version should be at least 1.6.0
2025-01-31 19:14:47,082 INFO o.t.i.builder.ImageFromDockerfile - Pre-emptively checking local images for 'ubuntu:noble-20241118.1@sha256:80dd3c3b9c6cecb9f1667e9290b3bc61b78c2678c02cbdae5f0fea92cc6734ab', referenced via a Dockerfile. If not available, it will be pulled.
2025-01-31 19:14:47,085 INFO t.u.1@sha256:80dd3c... - Pulling docker image: ubuntu:noble-20241118.1@sha256:80dd3c3b9c6cecb9f1667e9290b3bc61b78c2678c02cbdae5f0fea92cc6734ab. Please be patient; this may take some time but only needs to be done once.
2025-01-31 19:14:47,817 INFO t.u.1@sha256:80dd3c... - Starting to pull image
2025-01-31 19:14:47,818 INFO t.u.1@sha256:80dd3c... - Pulling image layers:  0 pending,  0 downloaded,  0 extracted, (0 bytes/0 bytes)
2025-01-31 19:14:48,491 INFO t.u.1@sha256:80dd3c... - Pulling image layers:  0 pending,  1 downloaded,  0 extracted, (18 MB/28 MB)
2025-01-31 19:14:49,516 INFO t.u.1@sha256:80dd3c... - Pulling image layers:  0 pending,  1 downloaded,  1 extracted, (28 MB/28 MB)
2025-01-31 19:14:49,524 INFO t.u.1@sha256:80dd3c... - Pull complete. 1 layers, pulled in 1s (downloaded 28 MB at 28 MB/s)
2025-01-31 19:14:49,524 INFO t.u.1@sha256:80dd3c... - Image ubuntu:noble-20241118.1@sha256:80dd3c3b9c6cecb9f1667e9290b3bc61b78c2678c02cbdae5f0fea92cc6734ab pull took PT2.439166506S
2025-01-31 19:14:49,527 INFO o.t.i.builder.ImageFromDockerfile - Pre-emptively checking local images for 'rancher/k3s:v1.32.1-k3s1', referenced via a Dockerfile. If not available, it will be pulled.
2025-01-31 19:14:49,528 INFO tc.rancher/k3s:v1.32.1-k3s1 - Pulling docker image: rancher/k3s:v1.32.1-k3s1. Please be patient; this may take some time but only needs to be done once.
2025-01-31 19:14:50,557 INFO tc.rancher/k3s:v1.32.1-k3s1 - Starting to pull image
2025-01-31 19:14:50,558 INFO tc.rancher/k3s:v1.32.1-k3s1 - Pulling image layers:  0 pending,  0 downloaded,  0 extracted, (0 bytes/0 bytes)
2025-01-31 19:14:51,476 INFO tc.rancher/k3s:v1.32.1-k3s1 - Pulling image layers:  0 pending,  1 downloaded,  0 extracted, (56 MB/71 MB)
2025-01-31 19:14:52,519 INFO tc.rancher/k3s:v1.32.1-k3s1 - Pulling image layers:  0 pending,  1 downloaded,  1 extracted, (71 MB/71 MB)
2025-01-31 19:14:52,525 INFO tc.rancher/k3s:v1.32.1-k3s1 - Pull complete. 1 layers, pulled in 1s (downloaded 71 MB at 71 MB/s)
2025-01-31 19:14:52,525 INFO tc.rancher/k3s:v1.32.1-k3s1 - Image rancher/k3s:v1.32.1-k3s1 pull took PT2.996407966S
2025-01-31 19:14:52,530 INFO o.t.i.builder.ImageFromDockerfile - Transferred 0 bytes to Docker daemon
]]></system-out>
  <system-err><![CDATA[]]></system-err>
</testsuite>
