<?xml version="1.0" encoding="UTF-8"?>
<testsuite name="com.hivemq.helmcharts.ExtensionInstallationIT" tests="1" skipped="0" failures="0" errors="0" timestamp="2025-09-17T18:10:30" hostname="runnervmf4ws1" time="130.905">
  <properties/>
  <testcase name="withLogExtensionConfiguration_hivemqRunning()" classname="com.hivemq.helmcharts.ExtensionInstallationIT" time="130.905"/>
</testsuite>
