<?xml version="1.0" encoding="UTF-8"?>
<testsuite name="com.hivemq.helmcharts.monitoring.HelmMonitoringPlatformIT" tests="1" skipped="0" failures="0" errors="0" timestamp="2025-01-29T13:41:02" hostname="fv-az1344-873" time="217.927">
  <properties/>
  <testcase name="withPlatformMonitoringEnabled_metricsAndDashboardAvailable()" classname="com.hivemq.helmcharts.monitoring.HelmMonitoringPlatformIT" time="217.927">
    <system-out><![CDATA[2025-01-29 13:41:02,435 INFO c.h.h.t.HelmChartContainer - Creating namespace 'helmmonitoringplatformit-operator'...
2025-01-29 13:41:02,441 INFO c.h.h.t.HelmChartContainer - Namespace 'helmmonitoringplatformit-operator' created
2025-01-29 13:41:02,441 INFO c.h.h.t.HelmChartContainer - Creating namespace 'helmmonitoringplatformit'...
2025-01-29 13:41:02,543 INFO c.h.h.t.HelmChartContainer - Namespace 'helmmonitoringplatformit' created
2025-01-29 13:41:02,605 DEBUG c.h.h.t.HelmChartContainer - Executing helm command: /bin/helm --kubeconfig /etc/rancher/k3s/k3s.yaml install test-hivemq-platform-operator /charts/hivemq-platform-operator --wait --timeout 5m0s --set image.repository=docker.io/hivemq --set image.name=hivemq-platform-operator-test --set image.initImageName=hivemq-platform-operator-init-test --set image.tag=snapshot --set image.pullPolicy=Never --set logLevel=DEBUG --set resources.cpu=512m --namespace helmmonitoringplatformit-operator
2025-01-29 13:41:02,906 INFO c.h.h.t.HelmChartContainer - [K3S] [alloc.go:330] "allocated clusterIPs" service="helmmonitoringplatformit-operator/hivemq-platform-operator-test-hivemq-platform-operator" clusterIPs={"IPv4":"10.43.83.168"}
2025-01-29 13:41:02,924 INFO c.h.h.t.HelmChartContainer - [EVENT] Normal [ScalingReplicaSet] Scaled up replica set hivemq-test-hivemq-platform-operator-6966f96d65 from 0 to 1 [helmmonitoringplatformit-operator:hivemq-test-hivemq-platform-operator]
2025-01-29 13:41:02,929 INFO c.h.h.t.HelmChartContainer - [POD] hivemq-test-hivemq-platform-operator-6966f96d65-j4q8q [04a59eda-d380-478c-99d1-4e90e8b4d742] in helmmonitoringplatformit-operator was ADDED
2025-01-29 13:41:02,936 INFO c.h.h.t.HelmChartContainer - [POD] hivemq-test-hivemq-platform-operator-6966f96d65-j4q8q [04a59eda-d380-478c-99d1-4e90e8b4d742] in helmmonitoringplatformit-operator was MODIFIED
2025-01-29 13:41:02,936 INFO c.h.h.t.HelmChartContainer - [K3S] [memory_manager.go:355] "RemoveStaleState removing state" podUID="ff215ff2-fee4-4141-8634-ca9fc24e445a" containerName="hivemq-platform-operator"
2025-01-29 13:41:02,938 INFO c.h.h.t.HelmChartContainer - [K3S] [memory_manager.go:355] "RemoveStaleState removing state" podUID="0fb2d1ff-1e80-4753-a3d6-401de23ed4a4" containerName="hivemq"
2025-01-29 13:41:02,941 INFO c.h.h.t.HelmChartContainer - [K3S] [replica_set.go:679] "Finished syncing" kind="ReplicaSet" key="helmmonitoringplatformit-operator/hivemq-test-hivemq-platform-operator-6966f96d65" duration="22.76705ms"
2025-01-29 13:41:02,944 INFO c.h.h.t.HelmChartContainer - [EVENT] Normal [SuccessfulCreate] Created pod: hivemq-test-hivemq-platform-operator-6966f96d65-j4q8q [helmmonitoringplatformit-operator:hivemq-test-hivemq-platform-operator-6966f96d65]
2025-01-29 13:41:02,944 INFO c.h.h.t.HelmChartContainer - [EVENT] Normal [Scheduled] Successfully assigned helmmonitoringplatformit-operator/hivemq-test-hivemq-platform-operator-6966f96d65-j4q8q to b2bf2ea6808c [helmmonitoringplatformit-operator:hivemq-test-hivemq-platform-operator-6966f96d65-j4q8q]
2025-01-29 13:41:02,952 INFO c.h.h.t.HelmChartContainer - [POD] hivemq-test-hivemq-platform-operator-6966f96d65-j4q8q [04a59eda-d380-478c-99d1-4e90e8b4d742] in helmmonitoringplatformit-operator was MODIFIED
2025-01-29 13:41:02,954 INFO c.h.h.t.HelmChartContainer - [K3S] [replica_set.go:679] "Finished syncing" kind="ReplicaSet" key="helmmonitoringplatformit-operator/hivemq-test-hivemq-platform-operator-6966f96d65" duration="13.430894ms"
2025-01-29 13:41:02,964 INFO c.h.h.t.HelmChartContainer - [K3S] [replica_set.go:679] "Finished syncing" kind="ReplicaSet" key="helmmonitoringplatformit-operator/hivemq-test-hivemq-platform-operator-6966f96d65" duration="10.049002ms"
2025-01-29 13:41:02,964 INFO c.h.h.t.HelmChartContainer - [K3S] [replica_set.go:679] "Finished syncing" kind="ReplicaSet" key="helmmonitoringplatformit-operator/hivemq-test-hivemq-platform-operator-6966f96d65" duration="77.765µs"
2025-01-29 13:41:03,031 INFO c.h.h.t.HelmChartContainer - [K3S] [reconciler_common.go:251] "operationExecutor.VerifyControllerAttachedVolume started for volume \"kube-api-access-zwwjq\" (UniqueName: \"kubernetes.io/projected/04a59eda-d380-478c-99d1-4e90e8b4d742-kube-api-access-zwwjq\") pod \"hivemq-test-hivemq-platform-operator-6966f96d65-j4q8q\" (UID: \"04a59eda-d380-478c-99d1-4e90e8b4d742\") " pod="helmmonitoringplatformit-operator/hivemq-test-hivemq-platform-operator-6966f96d65-j4q8q"
2025-01-29 13:41:03,329 INFO c.h.h.t.HelmChartContainer - [EVENT] Normal [Pulled] Container image "docker.io/hivemq/hivemq-platform-operator-test:snapshot" already present on machine [helmmonitoringplatformit-operator:hivemq-test-hivemq-platform-operator-6966f96d65-j4q8q]
2025-01-29 13:41:03,329 INFO c.h.h.t.HelmChartContainer - Received Pulled event for container hivemq-platform-operator in pod hivemq-test-hivemq-platform-operator-6966f96d65-j4q8q [04a59eda-d380-478c-99d1-4e90e8b4d742]
2025-01-29 13:41:04,714 INFO c.h.h.t.HelmChartContainer - [EVENT] Normal [Created] Created container: hivemq-platform-operator [helmmonitoringplatformit-operator:hivemq-test-hivemq-platform-operator-6966f96d65-j4q8q]
2025-01-29 13:41:04,714 INFO c.h.h.t.HelmChartContainer - Received Created event for container hivemq-platform-operator in pod hivemq-test-hivemq-platform-operator-6966f96d65-j4q8q [04a59eda-d380-478c-99d1-4e90e8b4d742]
2025-01-29 13:41:05,465 INFO c.h.h.t.HelmChartContainer - [K3S] [replica_set.go:679] "Finished syncing" kind="ReplicaSet" key="helmmonitoringplatformit-operator/hivemq-test-hivemq-platform-operator-6966f96d65" duration="46.617µs"
2025-01-29 13:41:05,466 INFO c.h.h.t.HelmChartContainer - [POD] hivemq-test-hivemq-platform-operator-6966f96d65-j4q8q [04a59eda-d380-478c-99d1-4e90e8b4d742] in helmmonitoringplatformit-operator was MODIFIED
2025-01-29 13:41:05,475 INFO c.h.h.t.HelmChartContainer - [EVENT] Normal [Started] Started container hivemq-platform-operator [helmmonitoringplatformit-operator:hivemq-test-hivemq-platform-operator-6966f96d65-j4q8q]
2025-01-29 13:41:05,475 INFO c.h.h.t.HelmChartContainer - Started log watcher for hivemq-platform-operator in pod hivemq-test-hivemq-platform-operator-6966f96d65-j4q8q [04a59eda-d380-478c-99d1-4e90e8b4d742]
2025-01-29 13:41:05,475 INFO c.h.h.t.HelmChartContainer - Received Started event for container hivemq-platform-operator in pod hivemq-test-hivemq-platform-operator-6966f96d65-j4q8q [04a59eda-d380-478c-99d1-4e90e8b4d742]
2025-01-29 13:41:05,475 INFO c.h.h.t.HelmChartContainer - [hivemq-test-hivemq-platform] [hivemq-platform-operator] [04a59eda] -------------------------------------------------------------------------
2025-01-29 13:41:05,475 INFO c.h.h.t.HelmChartContainer - [hivemq-test-hivemq-platform] [hivemq-platform-operator] [04a59eda] 
2025-01-29 13:41:05,475 INFO c.h.h.t.HelmChartContainer - [hivemq-test-hivemq-platform] [hivemq-platform-operator] [04a59eda]                   _    _  _              __  __   ____
2025-01-29 13:41:05,475 INFO c.h.h.t.HelmChartContainer - [hivemq-test-hivemq-platform] [hivemq-platform-operator] [04a59eda]                  | |  | |(_)            |  \/  | / __ \
2025-01-29 13:41:05,475 INFO c.h.h.t.HelmChartContainer - [hivemq-test-hivemq-platform] [hivemq-platform-operator] [04a59eda]                  | |__| | _ __   __ ___ | \  / || |  | |
2025-01-29 13:41:05,475 INFO c.h.h.t.HelmChartContainer - [hivemq-test-hivemq-platform] [hivemq-platform-operator] [04a59eda]                  |  __  || |\ \ / // _ \| |\/| || |  | |
2025-01-29 13:41:05,475 INFO c.h.h.t.HelmChartContainer - [hivemq-test-hivemq-platform] [hivemq-platform-operator] [04a59eda]                  | |  | || | \ V /|  __/| |  | || |__| |
2025-01-29 13:41:05,475 INFO c.h.h.t.HelmChartContainer - [hivemq-test-hivemq-platform] [hivemq-platform-operator] [04a59eda]                  |_|  |_||_|  \_/  \___||_|  |_| \___\_\
2025-01-29 13:41:05,475 INFO c.h.h.t.HelmChartContainer - [hivemq-test-hivemq-platform] [hivemq-platform-operator] [04a59eda] 
2025-01-29 13:41:05,475 INFO c.h.h.t.HelmChartContainer - [hivemq-test-hivemq-platform] [hivemq-platform-operator] [04a59eda] -------------------------------------------------------------------------
2025-01-29 13:41:05,476 INFO c.h.h.t.HelmChartContainer - [hivemq-test-hivemq-platform] [hivemq-platform-operator] [04a59eda] 
2025-01-29 13:41:05,476 INFO c.h.h.t.HelmChartContainer - [hivemq-test-hivemq-platform] [hivemq-platform-operator] [04a59eda]   HiveMQ Platform Operator Start Script v1.0
2025-01-29 13:41:05,476 INFO c.h.h.t.HelmChartContainer - [hivemq-test-hivemq-platform] [hivemq-platform-operator] [04a59eda] 
2025-01-29 13:41:05,476 INFO c.h.h.t.HelmChartContainer - [hivemq-test-hivemq-platform] [hivemq-platform-operator] [04a59eda] -------------------------------------------------------------------------
2025-01-29 13:41:05,476 INFO c.h.h.t.HelmChartContainer - [hivemq-test-hivemq-platform] [hivemq-platform-operator] [04a59eda] 
2025-01-29 13:41:05,476 INFO c.h.h.t.HelmChartContainer - [hivemq-test-hivemq-platform] [hivemq-platform-operator] [04a59eda]   JAVA_OPTS: -XX:+UnlockExperimentalVMOptions -XX:InitialRAMPercentage=75 -XX:MaxRAMPercentage=75 -Duser.language=en -Duser.region=US
2025-01-29 13:41:05,476 INFO c.h.h.t.HelmChartContainer - [hivemq-test-hivemq-platform] [hivemq-platform-operator] [04a59eda] 
2025-01-29 13:41:05,476 INFO c.h.h.t.HelmChartContainer - [hivemq-test-hivemq-platform] [hivemq-platform-operator] [04a59eda]   JAVA_VERSION: 21
2025-01-29 13:41:05,476 INFO c.h.h.t.HelmChartContainer - [hivemq-test-hivemq-platform] [hivemq-platform-operator] [04a59eda] 
2025-01-29 13:41:05,476 INFO c.h.h.t.HelmChartContainer - [hivemq-test-hivemq-platform] [hivemq-platform-operator] [04a59eda] -------------------------------------------------------------------------
2025-01-29 13:41:05,476 INFO c.h.h.t.HelmChartContainer - [hivemq-test-hivemq-platform] [hivemq-platform-operator] [04a59eda] 
2025-01-29 13:41:08,049 INFO c.h.h.t.HelmChartContainer - [hivemq-test-hivemq-platform] [hivemq-platform-operator] [04a59eda] 13:41:08.046 [main] DEBUG org.jboss.logging - Logging Provider: org.jboss.logging.Slf4jLoggerProvider
2025-01-29 13:41:08,152 INFO c.h.h.t.HelmChartContainer - [hivemq-test-hivemq-platform] [hivemq-platform-operator] [04a59eda] 13:41:08.151 [main] DEBUG io.smallrye.config - SRCFG01006: Loaded ConfigSource SysPropConfigSource with ordinal 400
2025-01-29 13:41:08,153 INFO c.h.h.t.HelmChartContainer - [hivemq-test-hivemq-platform] [hivemq-platform-operator] [04a59eda] 13:41:08.151 [main] DEBUG io.smallrye.config - SRCFG01006: Loaded ConfigSource EnvConfigSource with ordinal 300
2025-01-29 13:41:08,153 INFO c.h.h.t.HelmChartContainer - [hivemq-test-hivemq-platform] [hivemq-platform-operator] [04a59eda] 13:41:08.151 [main] DEBUG io.smallrye.config - SRCFG01006: Loaded ConfigSource PropertiesConfigSource[source=jar:file:///opt/hivemq-platform-operator/bin/hivemq-platform-operator.jar!/hivemq-platform-operator.properties] with ordinal 100
2025-01-29 13:41:08,153 INFO c.h.h.t.HelmChartContainer - [hivemq-test-hivemq-platform] [hivemq-platform-operator] [04a59eda] 13:41:08.151 [main] DEBUG io.smallrye.config - SRCFG01006: Loaded ConfigSource DefaultValuesConfigSource with ordinal -2147483648
2025-01-29 13:41:08,262 INFO c.h.h.t.HelmChartContainer - [hivemq-test-hivemq-platform] [hivemq-platform-operator] [04a59eda] 13:41:08.261 [main] DEBUG i.m.c.u.i.l.InternalLoggerFactory - Using SLF4J as the default logging framework
2025-01-29 13:41:08,446 INFO c.h.h.t.HelmChartContainer - [hivemq-test-hivemq-platform] [hivemq-platform-operator] [04a59eda] 13:41:08.363 [main] INFO  c.h.p.o.HiveMQPlatformOperatorApplication - HiveMQ Platform Operator 1.7.0-SNAPSHOT (commit: bebf408 on branch: HEAD) built on Sun Jan 26 20:47:47 UTC 2025
2025-01-29 13:41:08,446 INFO c.h.h.t.HelmChartContainer - [hivemq-test-hivemq-platform] [hivemq-platform-operator] [04a59eda] 13:41:08.445 [main] INFO  c.h.p.o.HiveMQPlatformOperatorApplication - HiveMQ Platform Operator is running in namespace: helmmonitoringplatformit-operator
2025-01-29 13:41:08,447 INFO c.h.h.t.HelmChartContainer - [hivemq-test-hivemq-platform] [hivemq-platform-operator] [04a59eda] 13:41:08.445 [main] INFO  c.h.p.o.HiveMQPlatformOperatorApplication - Watching all namespaces
2025-01-29 13:41:08,447 INFO c.h.h.t.HelmChartContainer - [hivemq-test-hivemq-platform] [hivemq-platform-operator] [04a59eda] 13:41:08.445 [main] INFO  c.h.p.o.HiveMQPlatformOperatorApplication - Log level: DEBUG
2025-01-29 13:41:08,447 INFO c.h.h.t.HelmChartContainer - [hivemq-test-hivemq-platform] [hivemq-platform-operator] [04a59eda] 13:41:08.445 [main] INFO  c.h.p.o.HiveMQPlatformOperatorApplication - Release name: test-hivemq-platform-operator
2025-01-29 13:41:08,447 INFO c.h.h.t.HelmChartContainer - [hivemq-test-hivemq-platform] [hivemq-platform-operator] [04a59eda] 13:41:08.445 [main] INFO  c.h.p.o.HiveMQPlatformOperatorApplication - HiveMQ Platform Operator Init image: docker.io/hivemq/hivemq-platform-operator-init-test:snapshot
2025-01-29 13:41:08,447 INFO c.h.h.t.HelmChartContainer - [hivemq-test-hivemq-platform] [hivemq-platform-operator] [04a59eda] 13:41:08.445 [main] INFO  c.h.p.o.HiveMQPlatformOperatorApplication - HiveMQ Platform Operator Init App update URL: http://hivemq-platform-operator-test-hivemq-platform-operator.helmmonitoringplatformit-operator.svc:8080/initAppUpdate/hivemq-platform-operator-init-app-1.7.0-SNAPSHOT.jar
2025-01-29 13:41:08,447 INFO c.h.h.t.HelmChartContainer - [hivemq-test-hivemq-platform] [hivemq-platform-operator] [04a59eda] 13:41:08.445 [main] INFO  c.h.p.o.HiveMQPlatformOperatorApplication - Additional imagePullSecret for all Platform deployments: none
2025-01-29 13:41:08,447 INFO c.h.h.t.HelmChartContainer - [hivemq-test-hivemq-platform] [hivemq-platform-operator] [04a59eda] 13:41:08.445 [main] INFO  c.h.p.o.HiveMQPlatformOperatorApplication - Apply HiveMQ Platform CRD: true
2025-01-29 13:41:08,447 INFO c.h.h.t.HelmChartContainer - [hivemq-test-hivemq-platform] [hivemq-platform-operator] [04a59eda] 13:41:08.445 [main] INFO  c.h.p.o.HiveMQPlatformOperatorApplication - Create Platform ServiceAccount: true
2025-01-29 13:41:08,447 INFO c.h.h.t.HelmChartContainer - [hivemq-test-hivemq-platform] [hivemq-platform-operator] [04a59eda] 13:41:08.445 [main] INFO  c.h.p.o.HiveMQPlatformOperatorApplication - Create Platform ServiceAccount permissions: true
2025-01-29 13:41:08,447 INFO c.h.h.t.HelmChartContainer - [hivemq-test-hivemq-platform] [hivemq-platform-operator] [04a59eda] 13:41:08.445 [main] INFO  c.h.p.o.HiveMQPlatformOperatorApplication - Validate Platform ServiceAccount: true
2025-01-29 13:41:08,447 INFO c.h.h.t.HelmChartContainer - [hivemq-test-hivemq-platform] [hivemq-platform-operator] [04a59eda] 13:41:08.445 [main] INFO  c.h.p.o.HiveMQPlatformOperatorApplication - Validate Platform ServiceAccount permissions: true
2025-01-29 13:41:08,569 INFO c.h.h.t.HelmChartContainer - [hivemq-test-hivemq-platform] [hivemq-platform-operator] [04a59eda] 13:41:08.568 [main] INFO  c.h.platform.operator.util.CRDUtil - Verifying deployed HiveMQ Platform CRD...
2025-01-29 13:41:11,056 INFO c.h.h.t.HelmChartContainer - [hivemq-test-hivemq-platform] [hivemq-platform-operator] [04a59eda] 13:41:11.054 [main] DEBUG c.h.platform.operator.util.CRDUtil - HiveMQ Platform CRD version v1 is up to date
2025-01-29 13:41:11,056 INFO c.h.h.t.HelmChartContainer - [hivemq-test-hivemq-platform] [hivemq-platform-operator] [04a59eda] 13:41:11.054 [main] INFO  c.h.platform.operator.util.CRDUtil - HiveMQ Platform CRD is up to date (version: V1_6_0)
2025-01-29 13:41:11,056 INFO c.h.h.t.HelmChartContainer - [hivemq-test-hivemq-platform] [hivemq-platform-operator] [04a59eda] 13:41:11.054 [main] INFO  c.h.platform.operator.util.CRDUtil - Waiting 10000 ms for HiveMQ Platform CRD 'hivemq-platforms.hivemq.com' to become ready...
2025-01-29 13:41:11,359 INFO c.h.h.t.HelmChartContainer - [hivemq-test-hivemq-platform] [hivemq-platform-operator] [04a59eda] 13:41:11.356 [vert.x-eventloop-thread-1] DEBUG c.h.platform.operator.util.CRDUtil - Checking CRD condition 'NamesAccepted' (status: 'True')
2025-01-29 13:41:11,359 INFO c.h.h.t.HelmChartContainer - [hivemq-test-hivemq-platform] [hivemq-platform-operator] [04a59eda] 13:41:11.356 [vert.x-eventloop-thread-1] DEBUG c.h.platform.operator.util.CRDUtil - Checking CRD condition 'Established' (status: 'True')
2025-01-29 13:41:11,359 INFO c.h.h.t.HelmChartContainer - [hivemq-test-hivemq-platform] [hivemq-platform-operator] [04a59eda] 13:41:11.357 [main] INFO  c.h.platform.operator.util.CRDUtil - HiveMQ Platform CRD 'hivemq-platforms.hivemq.com' is ready
2025-01-29 13:41:11,547 INFO c.h.h.t.HelmChartContainer - [hivemq-test-hivemq-platform] [hivemq-platform-operator] [04a59eda] 13:41:11.546 [main] INFO  c.h.p.o.HiveMQPlatformReconciler - HiveMQ Platform Operator is starting...
2025-01-29 13:41:11,641 INFO c.h.h.t.HelmChartContainer - [hivemq-test-hivemq-platform] [hivemq-platform-operator] [04a59eda] 13:41:11.641 [main] WARN  Default ConfigurationService implementation - Configuration for reconciler 'hivemq-controller' was not found. Known reconcilers: None.
2025-01-29 13:41:11,649 INFO c.h.h.t.HelmChartContainer - [hivemq-test-hivemq-platform] [hivemq-platform-operator] [04a59eda] 13:41:11.648 [main] INFO  Default ConfigurationService implementation - Created configuration for reconciler com.hivemq.platform.operator.HiveMQPlatformReconciler with name hivemq-controller
2025-01-29 13:41:11,753 INFO c.h.h.t.HelmChartContainer - [hivemq-test-hivemq-platform] [hivemq-platform-operator] [04a59eda] 13:41:11.752 [main] DEBUG c.h.p.o.HiveMQPlatformReconciler - HiveMQ Platform Operator is preparing EventSources
2025-01-29 13:41:11,766 INFO c.h.h.t.HelmChartContainer - [hivemq-test-hivemq-platform] [hivemq-platform-operator] [04a59eda] 13:41:11.766 [main] INFO  i.javaoperatorsdk.operator.Operator - Registered reconciler: 'hivemq-controller' for resource: 'class com.hivemq.platform.operator.v1.HiveMQPlatform' for namespace(s): [all namespaces]
2025-01-29 13:41:12,357 INFO c.h.h.t.HelmChartContainer - [hivemq-test-hivemq-platform] [hivemq-platform-operator] [04a59eda] 13:41:12.356 [main] INFO  c.h.p.operator.webserver.JettyServer - Starting Jetty server on port 8080
2025-01-29 13:41:12,450 INFO c.h.h.t.HelmChartContainer - [hivemq-test-hivemq-platform] [hivemq-platform-operator] [04a59eda] 13:41:12.449 [main] INFO  i.javaoperatorsdk.operator.Operator - Operator SDK 4.9.7 (commit: 2133d28) built on Wed Nov 20 12:56:20 UTC 2024 starting...
2025-01-29 13:41:12,450 INFO c.h.h.t.HelmChartContainer - [hivemq-test-hivemq-platform] [hivemq-platform-operator] [04a59eda] 13:41:12.449 [main] INFO  i.javaoperatorsdk.operator.Operator - Client version: 6.13.4
2025-01-29 13:41:12,452 INFO c.h.h.t.HelmChartContainer - [hivemq-test-hivemq-platform] [hivemq-platform-operator] [04a59eda] 13:41:12.451 [Controller Starter for: hivemq-controller] INFO  i.j.operator.processing.Controller - Starting 'hivemq-controller' controller for reconciler: com.hivemq.platform.operator.HiveMQPlatformReconciler, resource: com.hivemq.platform.operator.v1.HiveMQPlatform
2025-01-29 13:41:14,645 INFO c.h.h.t.HelmChartContainer - [hivemq-test-hivemq-platform] [hivemq-platform-operator] [04a59eda] 13:41:14.644 [Controller Starter for: hivemq-controller] INFO  i.j.operator.processing.Controller - 'hivemq-controller' controller started
2025-01-29 13:41:14,645 INFO c.h.h.t.HelmChartContainer - [hivemq-test-hivemq-platform] [hivemq-platform-operator] [04a59eda] 13:41:14.644 [main] INFO  c.h.p.o.HiveMQPlatformOperatorApplication - HiveMQ Platform Operator 1.7.0-SNAPSHOT started in 6281 ms
2025-01-29 13:41:17,474 INFO c.h.h.t.HelmChartContainer - [POD] hivemq-test-hivemq-platform-operator-6966f96d65-j4q8q [04a59eda-d380-478c-99d1-4e90e8b4d742] in helmmonitoringplatformit-operator was MODIFIED
2025-01-29 13:41:17,475 INFO c.h.h.t.HelmChartContainer - [K3S] [replica_set.go:679] "Finished syncing" kind="ReplicaSet" key="helmmonitoringplatformit-operator/hivemq-test-hivemq-platform-operator-6966f96d65" duration="5.375484ms"
2025-01-29 13:41:17,476 INFO c.h.h.t.HelmChartContainer - [K3S] [replica_set.go:679] "Finished syncing" kind="ReplicaSet" key="helmmonitoringplatformit-operator/hivemq-test-hivemq-platform-operator-6966f96d65" duration="33.723µs"
2025-01-29 13:41:19,219 DEBUG c.h.h.t.HelmChartContainer - Executing helm command: /bin/helm --kubeconfig /etc/rancher/k3s/k3s.yaml repo add prometheus-community https://prometheus-community.github.io/helm-charts
2025-01-29 13:41:19,697 DEBUG c.h.h.t.HelmChartContainer - Executing helm command: /bin/helm --kubeconfig /etc/rancher/k3s/k3s.yaml install monitoring-stack prometheus-community/kube-prometheus-stack --wait --timeout 5m0s --set prometheus-node-exporter.hostRootFsMount.enabled=false -n monitoring --create-namespace
2025-01-29 13:41:26,534 INFO c.h.h.t.HelmChartContainer - [K3S] [job_controller.go:598] "enqueueing job" key="monitoring/monitoring-stack-kube-prom-admission-create" delay="0s"
2025-01-29 13:41:26,564 INFO c.h.h.t.HelmChartContainer - [POD] monitoring-stack-kube-prom-admission-create-djt9t [4f304f03-1b92-4063-a9cc-5ead85c983ca] in monitoring was ADDED
2025-01-29 13:41:26,564 INFO c.h.h.t.HelmChartContainer - [K3S] [job_controller.go:598] "enqueueing job" key="monitoring/monitoring-stack-kube-prom-admission-create" delay="1s"
2025-01-29 13:41:26,578 INFO c.h.h.t.HelmChartContainer - [K3S] [job_controller.go:598] "enqueueing job" key="monitoring/monitoring-stack-kube-prom-admission-create" delay="1s"
2025-01-29 13:41:26,579 INFO c.h.h.t.HelmChartContainer - [K3S] [job_controller.go:598] "enqueueing job" key="monitoring/monitoring-stack-kube-prom-admission-create" delay="1s"
2025-01-29 13:41:26,580 INFO c.h.h.t.HelmChartContainer - [EVENT] Normal [SuccessfulCreate] Created pod: monitoring-stack-kube-prom-admission-create-djt9t [monitoring:monitoring-stack-kube-prom-admission-create]
2025-01-29 13:41:26,582 INFO c.h.h.t.HelmChartContainer - [POD] monitoring-stack-kube-prom-admission-create-djt9t [4f304f03-1b92-4063-a9cc-5ead85c983ca] in monitoring was MODIFIED
2025-01-29 13:41:26,583 INFO c.h.h.t.HelmChartContainer - [EVENT] Normal [Scheduled] Successfully assigned monitoring/monitoring-stack-kube-prom-admission-create-djt9t to b2bf2ea6808c [monitoring:monitoring-stack-kube-prom-admission-create-djt9t]
2025-01-29 13:41:26,585 INFO c.h.h.t.HelmChartContainer - [K3S] [reflector.go:569] object-"monitoring"/"kube-root-ca.crt": failed to list *v1.ConfigMap: configmaps "kube-root-ca.crt" is forbidden: User "system:node:b2bf2ea6808c" cannot list resource "configmaps" in API group "" in the namespace "monitoring": no relationship found between node 'b2bf2ea6808c' and this object
2025-01-29 13:41:26,586 INFO c.h.h.t.HelmChartContainer - [K3S] [reflector.go:166] "Unhandled Error" err="object-\"monitoring\"/\"kube-root-ca.crt\": Failed to watch *v1.ConfigMap: failed to list *v1.ConfigMap: configmaps \"kube-root-ca.crt\" is forbidden: User \"system:node:b2bf2ea6808c\" cannot list resource \"configmaps\" in API group \"\" in the namespace \"monitoring\": no relationship found between node 'b2bf2ea6808c' and this object"
2025-01-29 13:41:26,594 INFO c.h.h.t.HelmChartContainer - [K3S] [job_controller.go:598] "enqueueing job" key="monitoring/monitoring-stack-kube-prom-admission-create" delay="1s"
2025-01-29 13:41:26,600 INFO c.h.h.t.HelmChartContainer - [POD] monitoring-stack-kube-prom-admission-create-djt9t [4f304f03-1b92-4063-a9cc-5ead85c983ca] in monitoring was MODIFIED
2025-01-29 13:41:26,637 INFO c.h.h.t.HelmChartContainer - [K3S] [reconciler_common.go:251] "operationExecutor.VerifyControllerAttachedVolume started for volume \"kube-api-access-d4lxt\" (UniqueName: \"kubernetes.io/projected/4f304f03-1b92-4063-a9cc-5ead85c983ca-kube-api-access-d4lxt\") pod \"monitoring-stack-kube-prom-admission-create-djt9t\" (UID: \"4f304f03-1b92-4063-a9cc-5ead85c983ca\") " pod="monitoring/monitoring-stack-kube-prom-admission-create-djt9t"
2025-01-29 13:41:27,869 INFO c.h.h.t.HelmChartContainer - [EVENT] Normal [Pulling] Pulling image "registry.k8s.io/ingress-nginx/kube-webhook-certgen:v1.5.1" [monitoring:monitoring-stack-kube-prom-admission-create-djt9t]
2025-01-29 13:41:29,009 INFO c.h.h.t.HelmChartContainer - [EVENT] Normal [Pulled] Successfully pulled image "registry.k8s.io/ingress-nginx/kube-webhook-certgen:v1.5.1" in 1.14s (1.14s including waiting). Image size: 27079554 bytes. [monitoring:monitoring-stack-kube-prom-admission-create-djt9t]
2025-01-29 13:41:29,015 INFO c.h.h.t.HelmChartContainer - [EVENT] Normal [Created] Created container: create [monitoring:monitoring-stack-kube-prom-admission-create-djt9t]
2025-01-29 13:41:29,070 INFO c.h.h.t.HelmChartContainer - [EVENT] Normal [Started] Started container create [monitoring:monitoring-stack-kube-prom-admission-create-djt9t]
2025-01-29 13:41:29,522 INFO c.h.h.t.HelmChartContainer - [K3S] [job_controller.go:598] "enqueueing job" key="monitoring/monitoring-stack-kube-prom-admission-create" delay="1s"
2025-01-29 13:41:29,525 INFO c.h.h.t.HelmChartContainer - [POD] monitoring-stack-kube-prom-admission-create-djt9t [4f304f03-1b92-4063-a9cc-5ead85c983ca] in monitoring was MODIFIED
2025-01-29 13:41:30,586 INFO c.h.h.t.HelmChartContainer - [K3S] [job_controller.go:598] "enqueueing job" key="monitoring/monitoring-stack-kube-prom-admission-create" delay="1s"
2025-01-29 13:41:30,588 INFO c.h.h.t.HelmChartContainer - [POD] monitoring-stack-kube-prom-admission-create-djt9t [4f304f03-1b92-4063-a9cc-5ead85c983ca] in monitoring was MODIFIED
2025-01-29 13:41:30,659 INFO c.h.h.t.HelmChartContainer - [K3S] [reconciler_common.go:162] "operationExecutor.UnmountVolume started for volume \"kube-api-access-d4lxt\" (UniqueName: \"kubernetes.io/projected/4f304f03-1b92-4063-a9cc-5ead85c983ca-kube-api-access-d4lxt\") pod \"4f304f03-1b92-4063-a9cc-5ead85c983ca\" (UID: \"4f304f03-1b92-4063-a9cc-5ead85c983ca\") "
2025-01-29 13:41:30,759 INFO c.h.h.t.HelmChartContainer - [K3S] [reconciler_common.go:299] "Volume detached for volume \"kube-api-access-d4lxt\" (UniqueName: \"kubernetes.io/projected/4f304f03-1b92-4063-a9cc-5ead85c983ca-kube-api-access-d4lxt\") on node \"b2bf2ea6808c\" DevicePath \"\""
2025-01-29 13:41:31,519 INFO c.h.h.t.HelmChartContainer - [K3S] [pod_container_deletor.go:80] "Container not found in pod's containers" containerID="f1dd8407e8a0301e487238b3be7773bdfb647a939dcac545efe86126ae2b5ca2"
2025-01-29 13:41:31,591 INFO c.h.h.t.HelmChartContainer - [K3S] [job_controller.go:598] "enqueueing job" key="monitoring/monitoring-stack-kube-prom-admission-create" delay="1s"
2025-01-29 13:41:31,595 INFO c.h.h.t.HelmChartContainer - [K3S] [job_controller.go:598] "enqueueing job" key="monitoring/monitoring-stack-kube-prom-admission-create" delay="1s"
2025-01-29 13:41:31,597 INFO c.h.h.t.HelmChartContainer - [POD] monitoring-stack-kube-prom-admission-create-djt9t [4f304f03-1b92-4063-a9cc-5ead85c983ca] in monitoring was MODIFIED
2025-01-29 13:41:31,601 INFO c.h.h.t.HelmChartContainer - [EVENT] Normal [Completed] Job completed [monitoring:monitoring-stack-kube-prom-admission-create]
2025-01-29 13:41:31,609 INFO c.h.h.t.HelmChartContainer - [K3S] [job_controller.go:598] "enqueueing job" key="monitoring/monitoring-stack-kube-prom-admission-create" delay="0s"
2025-01-29 13:41:31,620 INFO c.h.h.t.HelmChartContainer - [POD] monitoring-stack-kube-prom-admission-create-djt9t [4f304f03-1b92-4063-a9cc-5ead85c983ca] in monitoring was MODIFIED
2025-01-29 13:41:31,626 INFO c.h.h.t.HelmChartContainer - [POD] monitoring-stack-kube-prom-admission-create-djt9t [4f304f03-1b92-4063-a9cc-5ead85c983ca] in monitoring was DELETED
2025-01-29 13:41:31,805 INFO c.h.h.t.HelmChartContainer - [K3S] [alloc.go:330] "allocated clusterIPs" service="monitoring/monitoring-stack-kube-prom-prometheus" clusterIPs={"IPv4":"10.43.89.162"}
2025-01-29 13:41:31,811 INFO c.h.h.t.HelmChartContainer - [K3S] [alloc.go:330] "allocated clusterIPs" service="monitoring/monitoring-stack-grafana" clusterIPs={"IPv4":"10.43.165.119"}
2025-01-29 13:41:31,820 INFO c.h.h.t.HelmChartContainer - [K3S] [alloc.go:330] "allocated clusterIPs" service="monitoring/monitoring-stack-kube-state-metrics" clusterIPs={"IPv4":"10.43.156.204"}
2025-01-29 13:41:31,824 INFO c.h.h.t.HelmChartContainer - [K3S] [alloc.go:330] "allocated clusterIPs" service="monitoring/monitoring-stack-kube-prom-operator" clusterIPs={"IPv4":"10.43.221.161"}
2025-01-29 13:41:31,844 INFO c.h.h.t.HelmChartContainer - [K3S] [alloc.go:330] "allocated clusterIPs" service="monitoring/monitoring-stack-prometheus-node-exporter" clusterIPs={"IPv4":"10.43.23.176"}
2025-01-29 13:41:31,856 INFO c.h.h.t.HelmChartContainer - [K3S] [alloc.go:330] "allocated clusterIPs" service="monitoring/monitoring-stack-kube-prom-alertmanager" clusterIPs={"IPv4":"10.43.201.204"}
2025-01-29 13:41:31,890 INFO c.h.h.t.HelmChartContainer - [POD] monitoring-stack-prometheus-node-exporter-xjtjv [b5a5f999-a66a-4d07-9b0d-a60373e349f0] in monitoring was ADDED
2025-01-29 13:41:31,895 INFO c.h.h.t.HelmChartContainer - [EVENT] Normal [ScalingReplicaSet] Scaled up replica set monitoring-stack-kube-prom-operator-d77f8fd4c from 0 to 1 [monitoring:monitoring-stack-kube-prom-operator]
2025-01-29 13:41:31,907 INFO c.h.h.t.HelmChartContainer - [POD] monitoring-stack-prometheus-node-exporter-xjtjv [b5a5f999-a66a-4d07-9b0d-a60373e349f0] in monitoring was MODIFIED
2025-01-29 13:41:31,910 INFO c.h.h.t.HelmChartContainer - [K3S] [memory_manager.go:355] "RemoveStaleState removing state" podUID="4f304f03-1b92-4063-a9cc-5ead85c983ca" containerName="create"
2025-01-29 13:41:31,920 INFO c.h.h.t.HelmChartContainer - [EVENT] Normal [Scheduled] Successfully assigned monitoring/monitoring-stack-prometheus-node-exporter-xjtjv to b2bf2ea6808c [monitoring:monitoring-stack-prometheus-node-exporter-xjtjv]
2025-01-29 13:41:31,927 INFO c.h.h.t.HelmChartContainer - [POD] monitoring-stack-kube-prom-operator-d77f8fd4c-zghf7 [29df739c-500b-49d5-9d31-c9a17960f6f1] in monitoring was ADDED
2025-01-29 13:41:31,935 INFO c.h.h.t.HelmChartContainer - [POD] monitoring-stack-kube-state-metrics-5bf5c7b54d-mb4jf [66d47b05-37de-44c5-9023-8b2fa8de838d] in monitoring was ADDED
2025-01-29 13:41:31,937 INFO c.h.h.t.HelmChartContainer - [EVENT] Normal [SuccessfulCreate] Created pod: monitoring-stack-prometheus-node-exporter-xjtjv [monitoring:monitoring-stack-prometheus-node-exporter]
2025-01-29 13:41:31,946 INFO c.h.h.t.HelmChartContainer - [POD] monitoring-stack-kube-state-metrics-5bf5c7b54d-mb4jf [66d47b05-37de-44c5-9023-8b2fa8de838d] in monitoring was MODIFIED
2025-01-29 13:41:31,948 INFO c.h.h.t.HelmChartContainer - [POD] monitoring-stack-kube-prom-operator-d77f8fd4c-zghf7 [29df739c-500b-49d5-9d31-c9a17960f6f1] in monitoring was MODIFIED
2025-01-29 13:41:31,953 INFO c.h.h.t.HelmChartContainer - [POD] monitoring-stack-prometheus-node-exporter-xjtjv [b5a5f999-a66a-4d07-9b0d-a60373e349f0] in monitoring was MODIFIED
2025-01-29 13:41:31,963 INFO c.h.h.t.HelmChartContainer - [K3S] [dispatcher.go:210] Failed calling webhook, failing open prometheusrulemutate.monitoring.coreos.com: failed calling webhook "prometheusrulemutate.monitoring.coreos.com": failed to call webhook: Post "https://monitoring-stack-kube-prom-operator.monitoring.svc:443/admission-prometheusrules/mutate?timeout=10s": no endpoints available for service "monitoring-stack-kube-prom-operator"
2025-01-29 13:41:31,963 INFO c.h.h.t.HelmChartContainer - [K3S] [dispatcher.go:214] "Unhandled Error" err="failed calling webhook \"prometheusrulemutate.monitoring.coreos.com\": failed to call webhook: Post \"https://monitoring-stack-kube-prom-operator.monitoring.svc:443/admission-prometheusrules/mutate?timeout=10s\": no endpoints available for service \"monitoring-stack-kube-prom-operator\""
2025-01-29 13:41:31,966 INFO c.h.h.t.HelmChartContainer - [K3S] [reconciler_common.go:251] "operationExecutor.VerifyControllerAttachedVolume started for volume \"proc\" (UniqueName: \"kubernetes.io/host-path/b5a5f999-a66a-4d07-9b0d-a60373e349f0-proc\") pod \"monitoring-stack-prometheus-node-exporter-xjtjv\" (UID: \"b5a5f999-a66a-4d07-9b0d-a60373e349f0\") " pod="monitoring/monitoring-stack-prometheus-node-exporter-xjtjv"
2025-01-29 13:41:31,969 INFO c.h.h.t.HelmChartContainer - [EVENT] Normal [ScalingReplicaSet] Scaled up replica set monitoring-stack-kube-state-metrics-5bf5c7b54d from 0 to 1 [monitoring:monitoring-stack-kube-state-metrics]
2025-01-29 13:41:31,971 INFO c.h.h.t.HelmChartContainer - [K3S] [reconciler_common.go:251] "operationExecutor.VerifyControllerAttachedVolume started for volume \"sys\" (UniqueName: \"kubernetes.io/host-path/b5a5f999-a66a-4d07-9b0d-a60373e349f0-sys\") pod \"monitoring-stack-prometheus-node-exporter-xjtjv\" (UID: \"b5a5f999-a66a-4d07-9b0d-a60373e349f0\") " pod="monitoring/monitoring-stack-prometheus-node-exporter-xjtjv"
2025-01-29 13:41:31,972 INFO c.h.h.t.HelmChartContainer - [K3S] [reflector.go:569] object-"monitoring"/"kube-root-ca.crt": failed to list *v1.ConfigMap: configmaps "kube-root-ca.crt" is forbidden: User "system:node:b2bf2ea6808c" cannot list resource "configmaps" in API group "" in the namespace "monitoring": no relationship found between node 'b2bf2ea6808c' and this object
2025-01-29 13:41:31,974 INFO c.h.h.t.HelmChartContainer - [K3S] [reflector.go:166] "Unhandled Error" err="object-\"monitoring\"/\"kube-root-ca.crt\": Failed to watch *v1.ConfigMap: failed to list *v1.ConfigMap: configmaps \"kube-root-ca.crt\" is forbidden: User \"system:node:b2bf2ea6808c\" cannot list resource \"configmaps\" in API group \"\" in the namespace \"monitoring\": no relationship found between node 'b2bf2ea6808c' and this object"
2025-01-29 13:41:31,981 INFO c.h.h.t.HelmChartContainer - [EVENT] Normal [SuccessfulCreate] Created pod: monitoring-stack-kube-state-metrics-5bf5c7b54d-mb4jf [monitoring:monitoring-stack-kube-state-metrics-5bf5c7b54d]
2025-01-29 13:41:31,982 INFO c.h.h.t.HelmChartContainer - [EVENT] Normal [Scheduled] Successfully assigned monitoring/monitoring-stack-kube-state-metrics-5bf5c7b54d-mb4jf to b2bf2ea6808c [monitoring:monitoring-stack-kube-state-metrics-5bf5c7b54d-mb4jf]
2025-01-29 13:41:31,982 INFO c.h.h.t.HelmChartContainer - [EVENT] Normal [Scheduled] Successfully assigned monitoring/monitoring-stack-kube-prom-operator-d77f8fd4c-zghf7 to b2bf2ea6808c [monitoring:monitoring-stack-kube-prom-operator-d77f8fd4c-zghf7]
2025-01-29 13:41:31,988 INFO c.h.h.t.HelmChartContainer - [POD] monitoring-stack-grafana-64c55fb967-lbskk [74d7de76-ff69-42a1-a585-e4e67f3ae096] in monitoring was ADDED
2025-01-29 13:41:31,998 INFO c.h.h.t.HelmChartContainer - [K3S] [dispatcher.go:210] Failed calling webhook, failing open prometheusrulemutate.monitoring.coreos.com: failed calling webhook "prometheusrulemutate.monitoring.coreos.com": failed to call webhook: Post "https://monitoring-stack-kube-prom-operator.monitoring.svc:443/admission-prometheusrules/mutate?timeout=10s": no endpoints available for service "monitoring-stack-kube-prom-operator"
2025-01-29 13:41:31,999 INFO c.h.h.t.HelmChartContainer - [K3S] [dispatcher.go:214] "Unhandled Error" err="failed calling webhook \"prometheusrulemutate.monitoring.coreos.com\": failed to call webhook: Post \"https://monitoring-stack-kube-prom-operator.monitoring.svc:443/admission-prometheusrules/mutate?timeout=10s\": no endpoints available for service \"monitoring-stack-kube-prom-operator\""
2025-01-29 13:41:32,019 INFO c.h.h.t.HelmChartContainer - [EVENT] Normal [ScalingReplicaSet] Scaled up replica set monitoring-stack-grafana-64c55fb967 from 0 to 1 [monitoring:monitoring-stack-grafana]
2025-01-29 13:41:32,019 INFO c.h.h.t.HelmChartContainer - [K3S] [replica_set.go:679] "Finished syncing" kind="ReplicaSet" key="monitoring/monitoring-stack-kube-state-metrics-5bf5c7b54d" duration="129.159772ms"
2025-01-29 13:41:32,019 INFO c.h.h.t.HelmChartContainer - [K3S] [replica_set.go:679] "Finished syncing" kind="ReplicaSet" key="monitoring/monitoring-stack-kube-prom-operator-d77f8fd4c" duration="129.672196ms"
2025-01-29 13:41:32,019 INFO c.h.h.t.HelmChartContainer - [K3S] [dispatcher.go:210] Failed calling webhook, failing open prometheusrulemutate.monitoring.coreos.com: failed calling webhook "prometheusrulemutate.monitoring.coreos.com": failed to call webhook: Post "https://monitoring-stack-kube-prom-operator.monitoring.svc:443/admission-prometheusrules/mutate?timeout=10s": no endpoints available for service "monitoring-stack-kube-prom-operator"
2025-01-29 13:41:32,019 INFO c.h.h.t.HelmChartContainer - [K3S] [dispatcher.go:214] "Unhandled Error" err="failed calling webhook \"prometheusrulemutate.monitoring.coreos.com\": failed to call webhook: Post \"https://monitoring-stack-kube-prom-operator.monitoring.svc:443/admission-prometheusrules/mutate?timeout=10s\": no endpoints available for service \"monitoring-stack-kube-prom-operator\""
2025-01-29 13:41:32,019 INFO c.h.h.t.HelmChartContainer - [K3S] [dispatcher.go:210] Failed calling webhook, failing open prometheusrulemutate.monitoring.coreos.com: failed calling webhook "prometheusrulemutate.monitoring.coreos.com": failed to call webhook: Post "https://monitoring-stack-kube-prom-operator.monitoring.svc:443/admission-prometheusrules/mutate?timeout=10s": no endpoints available for service "monitoring-stack-kube-prom-operator"
2025-01-29 13:41:32,019 INFO c.h.h.t.HelmChartContainer - [K3S] [dispatcher.go:214] "Unhandled Error" err="failed calling webhook \"prometheusrulemutate.monitoring.coreos.com\": failed to call webhook: Post \"https://monitoring-stack-kube-prom-operator.monitoring.svc:443/admission-prometheusrules/mutate?timeout=10s\": no endpoints available for service \"monitoring-stack-kube-prom-operator\""
2025-01-29 13:41:32,020 INFO c.h.h.t.HelmChartContainer - [K3S] [dispatcher.go:210] Failed calling webhook, failing open prometheusrulemutate.monitoring.coreos.com: failed calling webhook "prometheusrulemutate.monitoring.coreos.com": failed to call webhook: Post "https://monitoring-stack-kube-prom-operator.monitoring.svc:443/admission-prometheusrules/mutate?timeout=10s": no endpoints available for service "monitoring-stack-kube-prom-operator"
2025-01-29 13:41:32,021 INFO c.h.h.t.HelmChartContainer - [K3S] [dispatcher.go:214] "Unhandled Error" err="failed calling webhook \"prometheusrulemutate.monitoring.coreos.com\": failed to call webhook: Post \"https://monitoring-stack-kube-prom-operator.monitoring.svc:443/admission-prometheusrules/mutate?timeout=10s\": no endpoints available for service \"monitoring-stack-kube-prom-operator\""
2025-01-29 13:41:32,021 INFO c.h.h.t.HelmChartContainer - [K3S] [dispatcher.go:210] Failed calling webhook, failing open prometheusrulemutate.monitoring.coreos.com: failed calling webhook "prometheusrulemutate.monitoring.coreos.com": failed to call webhook: Post "https://monitoring-stack-kube-prom-operator.monitoring.svc:443/admission-prometheusrules/mutate?timeout=10s": no endpoints available for service "monitoring-stack-kube-prom-operator"
2025-01-29 13:41:32,021 INFO c.h.h.t.HelmChartContainer - [K3S] [dispatcher.go:214] "Unhandled Error" err="failed calling webhook \"prometheusrulemutate.monitoring.coreos.com\": failed to call webhook: Post \"https://monitoring-stack-kube-prom-operator.monitoring.svc:443/admission-prometheusrules/mutate?timeout=10s\": no endpoints available for service \"monitoring-stack-kube-prom-operator\""
2025-01-29 13:41:32,024 INFO c.h.h.t.HelmChartContainer - [K3S] [dispatcher.go:210] Failed calling webhook, failing open prometheusrulemutate.monitoring.coreos.com: failed calling webhook "prometheusrulemutate.monitoring.coreos.com": failed to call webhook: Post "https://monitoring-stack-kube-prom-operator.monitoring.svc:443/admission-prometheusrules/mutate?timeout=10s": no endpoints available for service "monitoring-stack-kube-prom-operator"
2025-01-29 13:41:32,025 INFO c.h.h.t.HelmChartContainer - [K3S] [dispatcher.go:214] "Unhandled Error" err="failed calling webhook \"prometheusrulemutate.monitoring.coreos.com\": failed to call webhook: Post \"https://monitoring-stack-kube-prom-operator.monitoring.svc:443/admission-prometheusrules/mutate?timeout=10s\": no endpoints available for service \"monitoring-stack-kube-prom-operator\""
2025-01-29 13:41:32,026 INFO c.h.h.t.HelmChartContainer - [K3S] [dispatcher.go:210] Failed calling webhook, failing open prometheusrulemutate.monitoring.coreos.com: failed calling webhook "prometheusrulemutate.monitoring.coreos.com": failed to call webhook: Post "https://monitoring-stack-kube-prom-operator.monitoring.svc:443/admission-prometheusrules/mutate?timeout=10s": no endpoints available for service "monitoring-stack-kube-prom-operator"
2025-01-29 13:41:32,026 INFO c.h.h.t.HelmChartContainer - [K3S] [dispatcher.go:214] "Unhandled Error" err="failed calling webhook \"prometheusrulemutate.monitoring.coreos.com\": failed to call webhook: Post \"https://monitoring-stack-kube-prom-operator.monitoring.svc:443/admission-prometheusrules/mutate?timeout=10s\": no endpoints available for service \"monitoring-stack-kube-prom-operator\""
2025-01-29 13:41:32,026 INFO c.h.h.t.HelmChartContainer - [K3S] [dispatcher.go:210] Failed calling webhook, failing open prometheusrulemutate.monitoring.coreos.com: failed calling webhook "prometheusrulemutate.monitoring.coreos.com": failed to call webhook: Post "https://monitoring-stack-kube-prom-operator.monitoring.svc:443/admission-prometheusrules/mutate?timeout=10s": no endpoints available for service "monitoring-stack-kube-prom-operator"
2025-01-29 13:41:32,026 INFO c.h.h.t.HelmChartContainer - [K3S] [dispatcher.go:214] "Unhandled Error" err="failed calling webhook \"prometheusrulemutate.monitoring.coreos.com\": failed to call webhook: Post \"https://monitoring-stack-kube-prom-operator.monitoring.svc:443/admission-prometheusrules/mutate?timeout=10s\": no endpoints available for service \"monitoring-stack-kube-prom-operator\""
2025-01-29 13:41:32,028 INFO c.h.h.t.HelmChartContainer - [K3S] [dispatcher.go:210] Failed calling webhook, failing open prometheusrulemutate.monitoring.coreos.com: failed calling webhook "prometheusrulemutate.monitoring.coreos.com": failed to call webhook: Post "https://monitoring-stack-kube-prom-operator.monitoring.svc:443/admission-prometheusrules/mutate?timeout=10s": no endpoints available for service "monitoring-stack-kube-prom-operator"
2025-01-29 13:41:32,028 INFO c.h.h.t.HelmChartContainer - [K3S] [dispatcher.go:214] "Unhandled Error" err="failed calling webhook \"prometheusrulemutate.monitoring.coreos.com\": failed to call webhook: Post \"https://monitoring-stack-kube-prom-operator.monitoring.svc:443/admission-prometheusrules/mutate?timeout=10s\": no endpoints available for service \"monitoring-stack-kube-prom-operator\""
2025-01-29 13:41:32,028 INFO c.h.h.t.HelmChartContainer - [K3S] [dispatcher.go:210] Failed calling webhook, failing open prometheusrulemutate.monitoring.coreos.com: failed calling webhook "prometheusrulemutate.monitoring.coreos.com": failed to call webhook: Post "https://monitoring-stack-kube-prom-operator.monitoring.svc:443/admission-prometheusrules/mutate?timeout=10s": no endpoints available for service "monitoring-stack-kube-prom-operator"
2025-01-29 13:41:32,028 INFO c.h.h.t.HelmChartContainer - [K3S] [dispatcher.go:214] "Unhandled Error" err="failed calling webhook \"prometheusrulemutate.monitoring.coreos.com\": failed to call webhook: Post \"https://monitoring-stack-kube-prom-operator.monitoring.svc:443/admission-prometheusrules/mutate?timeout=10s\": no endpoints available for service \"monitoring-stack-kube-prom-operator\""
2025-01-29 13:41:32,030 INFO c.h.h.t.HelmChartContainer - [POD] monitoring-stack-kube-state-metrics-5bf5c7b54d-mb4jf [66d47b05-37de-44c5-9023-8b2fa8de838d] in monitoring was MODIFIED
2025-01-29 13:41:32,031 INFO c.h.h.t.HelmChartContainer - [K3S] [dispatcher.go:210] Failed calling webhook, failing open prometheusrulemutate.monitoring.coreos.com: failed calling webhook "prometheusrulemutate.monitoring.coreos.com": failed to call webhook: Post "https://monitoring-stack-kube-prom-operator.monitoring.svc:443/admission-prometheusrules/mutate?timeout=10s": no endpoints available for service "monitoring-stack-kube-prom-operator"
2025-01-29 13:41:32,032 INFO c.h.h.t.HelmChartContainer - [K3S] [dispatcher.go:214] "Unhandled Error" err="failed calling webhook \"prometheusrulemutate.monitoring.coreos.com\": failed to call webhook: Post \"https://monitoring-stack-kube-prom-operator.monitoring.svc:443/admission-prometheusrules/mutate?timeout=10s\": no endpoints available for service \"monitoring-stack-kube-prom-operator\""
2025-01-29 13:41:32,043 INFO c.h.h.t.HelmChartContainer - [K3S] [dispatcher.go:210] Failed calling webhook, failing open prometheusrulemutate.monitoring.coreos.com: failed calling webhook "prometheusrulemutate.monitoring.coreos.com": failed to call webhook: Post "https://monitoring-stack-kube-prom-operator.monitoring.svc:443/admission-prometheusrules/mutate?timeout=10s": no endpoints available for service "monitoring-stack-kube-prom-operator"
2025-01-29 13:41:32,043 INFO c.h.h.t.HelmChartContainer - [K3S] [dispatcher.go:214] "Unhandled Error" err="failed calling webhook \"prometheusrulemutate.monitoring.coreos.com\": failed to call webhook: Post \"https://monitoring-stack-kube-prom-operator.monitoring.svc:443/admission-prometheusrules/mutate?timeout=10s\": no endpoints available for service \"monitoring-stack-kube-prom-operator\""
2025-01-29 13:41:32,048 INFO c.h.h.t.HelmChartContainer - [K3S] [dispatcher.go:210] Failed calling webhook, failing open prometheusrulemutate.monitoring.coreos.com: failed calling webhook "prometheusrulemutate.monitoring.coreos.com": failed to call webhook: Post "https://monitoring-stack-kube-prom-operator.monitoring.svc:443/admission-prometheusrules/mutate?timeout=10s": no endpoints available for service "monitoring-stack-kube-prom-operator"
2025-01-29 13:41:32,048 INFO c.h.h.t.HelmChartContainer - [K3S] [dispatcher.go:214] "Unhandled Error" err="failed calling webhook \"prometheusrulemutate.monitoring.coreos.com\": failed to call webhook: Post \"https://monitoring-stack-kube-prom-operator.monitoring.svc:443/admission-prometheusrules/mutate?timeout=10s\": no endpoints available for service \"monitoring-stack-kube-prom-operator\""
2025-01-29 13:41:32,048 INFO c.h.h.t.HelmChartContainer - [K3S] [dispatcher.go:210] Failed calling webhook, failing open prometheusrulemutate.monitoring.coreos.com: failed calling webhook "prometheusrulemutate.monitoring.coreos.com": failed to call webhook: Post "https://monitoring-stack-kube-prom-operator.monitoring.svc:443/admission-prometheusrules/mutate?timeout=10s": no endpoints available for service "monitoring-stack-kube-prom-operator"
2025-01-29 13:41:32,048 INFO c.h.h.t.HelmChartContainer - [K3S] [dispatcher.go:214] "Unhandled Error" err="failed calling webhook \"prometheusrulemutate.monitoring.coreos.com\": failed to call webhook: Post \"https://monitoring-stack-kube-prom-operator.monitoring.svc:443/admission-prometheusrules/mutate?timeout=10s\": no endpoints available for service \"monitoring-stack-kube-prom-operator\""
2025-01-29 13:41:32,056 INFO c.h.h.t.HelmChartContainer - [POD] monitoring-stack-grafana-64c55fb967-lbskk [74d7de76-ff69-42a1-a585-e4e67f3ae096] in monitoring was MODIFIED
2025-01-29 13:41:32,056 INFO c.h.h.t.HelmChartContainer - [K3S] [dispatcher.go:210] Failed calling webhook, failing open prometheusrulemutate.monitoring.coreos.com: failed calling webhook "prometheusrulemutate.monitoring.coreos.com": failed to call webhook: Post "https://monitoring-stack-kube-prom-operator.monitoring.svc:443/admission-prometheusrules/mutate?timeout=10s": no endpoints available for service "monitoring-stack-kube-prom-operator"
2025-01-29 13:41:32,066 INFO c.h.h.t.HelmChartContainer - [K3S] [dispatcher.go:214] "Unhandled Error" err="failed calling webhook \"prometheusrulemutate.monitoring.coreos.com\": failed to call webhook: Post \"https://monitoring-stack-kube-prom-operator.monitoring.svc:443/admission-prometheusrules/mutate?timeout=10s\": no endpoints available for service \"monitoring-stack-kube-prom-operator\""
2025-01-29 13:41:32,067 INFO c.h.h.t.HelmChartContainer - [K3S] [dispatcher.go:210] Failed calling webhook, failing open prometheusrulemutate.monitoring.coreos.com: failed calling webhook "prometheusrulemutate.monitoring.coreos.com": failed to call webhook: Post "https://monitoring-stack-kube-prom-operator.monitoring.svc:443/admission-prometheusrules/mutate?timeout=10s": no endpoints available for service "monitoring-stack-kube-prom-operator"
2025-01-29 13:41:32,067 INFO c.h.h.t.HelmChartContainer - [K3S] [dispatcher.go:214] "Unhandled Error" err="failed calling webhook \"prometheusrulemutate.monitoring.coreos.com\": failed to call webhook: Post \"https://monitoring-stack-kube-prom-operator.monitoring.svc:443/admission-prometheusrules/mutate?timeout=10s\": no endpoints available for service \"monitoring-stack-kube-prom-operator\""
2025-01-29 13:41:32,067 INFO c.h.h.t.HelmChartContainer - [K3S] [dispatcher.go:210] Failed calling webhook, failing open prometheusrulemutate.monitoring.coreos.com: failed calling webhook "prometheusrulemutate.monitoring.coreos.com": failed to call webhook: Post "https://monitoring-stack-kube-prom-operator.monitoring.svc:443/admission-prometheusrules/mutate?timeout=10s": no endpoints available for service "monitoring-stack-kube-prom-operator"
2025-01-29 13:41:32,067 INFO c.h.h.t.HelmChartContainer - [K3S] [dispatcher.go:214] "Unhandled Error" err="failed calling webhook \"prometheusrulemutate.monitoring.coreos.com\": failed to call webhook: Post \"https://monitoring-stack-kube-prom-operator.monitoring.svc:443/admission-prometheusrules/mutate?timeout=10s\": no endpoints available for service \"monitoring-stack-kube-prom-operator\""
2025-01-29 13:41:32,067 INFO c.h.h.t.HelmChartContainer - [K3S] [dispatcher.go:210] Failed calling webhook, failing open prometheusrulemutate.monitoring.coreos.com: failed calling webhook "prometheusrulemutate.monitoring.coreos.com": failed to call webhook: Post "https://monitoring-stack-kube-prom-operator.monitoring.svc:443/admission-prometheusrules/mutate?timeout=10s": no endpoints available for service "monitoring-stack-kube-prom-operator"
2025-01-29 13:41:32,067 INFO c.h.h.t.HelmChartContainer - [K3S] [dispatcher.go:214] "Unhandled Error" err="failed calling webhook \"prometheusrulemutate.monitoring.coreos.com\": failed to call webhook: Post \"https://monitoring-stack-kube-prom-operator.monitoring.svc:443/admission-prometheusrules/mutate?timeout=10s\": no endpoints available for service \"monitoring-stack-kube-prom-operator\""
2025-01-29 13:41:32,067 INFO c.h.h.t.HelmChartContainer - [K3S] [dispatcher.go:210] Failed calling webhook, failing open prometheusrulemutate.monitoring.coreos.com: failed calling webhook "prometheusrulemutate.monitoring.coreos.com": failed to call webhook: Post "https://monitoring-stack-kube-prom-operator.monitoring.svc:443/admission-prometheusrules/mutate?timeout=10s": no endpoints available for service "monitoring-stack-kube-prom-operator"
2025-01-29 13:41:32,067 INFO c.h.h.t.HelmChartContainer - [K3S] [dispatcher.go:214] "Unhandled Error" err="failed calling webhook \"prometheusrulemutate.monitoring.coreos.com\": failed to call webhook: Post \"https://monitoring-stack-kube-prom-operator.monitoring.svc:443/admission-prometheusrules/mutate?timeout=10s\": no endpoints available for service \"monitoring-stack-kube-prom-operator\""
2025-01-29 13:41:32,067 INFO c.h.h.t.HelmChartContainer - [K3S] [dispatcher.go:210] Failed calling webhook, failing open prometheusrulemutate.monitoring.coreos.com: failed calling webhook "prometheusrulemutate.monitoring.coreos.com": failed to call webhook: Post "https://monitoring-stack-kube-prom-operator.monitoring.svc:443/admission-prometheusrules/mutate?timeout=10s": no endpoints available for service "monitoring-stack-kube-prom-operator"
2025-01-29 13:41:32,067 INFO c.h.h.t.HelmChartContainer - [K3S] [dispatcher.go:214] "Unhandled Error" err="failed calling webhook \"prometheusrulemutate.monitoring.coreos.com\": failed to call webhook: Post \"https://monitoring-stack-kube-prom-operator.monitoring.svc:443/admission-prometheusrules/mutate?timeout=10s\": no endpoints available for service \"monitoring-stack-kube-prom-operator\""
2025-01-29 13:41:32,067 INFO c.h.h.t.HelmChartContainer - [K3S] [dispatcher.go:210] Failed calling webhook, failing open prometheusrulemutate.monitoring.coreos.com: failed calling webhook "prometheusrulemutate.monitoring.coreos.com": failed to call webhook: Post "https://monitoring-stack-kube-prom-operator.monitoring.svc:443/admission-prometheusrules/mutate?timeout=10s": no endpoints available for service "monitoring-stack-kube-prom-operator"
2025-01-29 13:41:32,067 INFO c.h.h.t.HelmChartContainer - [K3S] [dispatcher.go:214] "Unhandled Error" err="failed calling webhook \"prometheusrulemutate.monitoring.coreos.com\": failed to call webhook: Post \"https://monitoring-stack-kube-prom-operator.monitoring.svc:443/admission-prometheusrules/mutate?timeout=10s\": no endpoints available for service \"monitoring-stack-kube-prom-operator\""
2025-01-29 13:41:32,068 INFO c.h.h.t.HelmChartContainer - [K3S] [dispatcher.go:210] Failed calling webhook, failing open prometheusrulemutate.monitoring.coreos.com: failed calling webhook "prometheusrulemutate.monitoring.coreos.com": failed to call webhook: Post "https://monitoring-stack-kube-prom-operator.monitoring.svc:443/admission-prometheusrules/mutate?timeout=10s": no endpoints available for service "monitoring-stack-kube-prom-operator"
2025-01-29 13:41:32,069 INFO c.h.h.t.HelmChartContainer - [K3S] [dispatcher.go:214] "Unhandled Error" err="failed calling webhook \"prometheusrulemutate.monitoring.coreos.com\": failed to call webhook: Post \"https://monitoring-stack-kube-prom-operator.monitoring.svc:443/admission-prometheusrules/mutate?timeout=10s\": no endpoints available for service \"monitoring-stack-kube-prom-operator\""
2025-01-29 13:41:32,073 INFO c.h.h.t.HelmChartContainer - [K3S] [replica_set.go:679] "Finished syncing" kind="ReplicaSet" key="monitoring/monitoring-stack-kube-prom-operator-d77f8fd4c" duration="57.999089ms"
2025-01-29 13:41:32,074 INFO c.h.h.t.HelmChartContainer - [K3S] [replica_set.go:679] "Finished syncing" kind="ReplicaSet" key="monitoring/monitoring-stack-kube-prom-operator-d77f8fd4c" duration="67.387µs"
2025-01-29 13:41:32,074 INFO c.h.h.t.HelmChartContainer - [K3S] [reconciler_common.go:251] "operationExecutor.VerifyControllerAttachedVolume started for volume \"tls-secret\" (UniqueName: \"kubernetes.io/secret/29df739c-500b-49d5-9d31-c9a17960f6f1-tls-secret\") pod \"monitoring-stack-kube-prom-operator-d77f8fd4c-zghf7\" (UID: \"29df739c-500b-49d5-9d31-c9a17960f6f1\") " pod="monitoring/monitoring-stack-kube-prom-operator-d77f8fd4c-zghf7"
2025-01-29 13:41:32,074 INFO c.h.h.t.HelmChartContainer - [K3S] [reconciler_common.go:251] "operationExecutor.VerifyControllerAttachedVolume started for volume \"kube-api-access-qxqjj\" (UniqueName: \"kubernetes.io/projected/29df739c-500b-49d5-9d31-c9a17960f6f1-kube-api-access-qxqjj\") pod \"monitoring-stack-kube-prom-operator-d77f8fd4c-zghf7\" (UID: \"29df739c-500b-49d5-9d31-c9a17960f6f1\") " pod="monitoring/monitoring-stack-kube-prom-operator-d77f8fd4c-zghf7"
2025-01-29 13:41:32,074 INFO c.h.h.t.HelmChartContainer - [K3S] [reconciler_common.go:251] "operationExecutor.VerifyControllerAttachedVolume started for volume \"kube-api-access-79njj\" (UniqueName: \"kubernetes.io/projected/66d47b05-37de-44c5-9023-8b2fa8de838d-kube-api-access-79njj\") pod \"monitoring-stack-kube-state-metrics-5bf5c7b54d-mb4jf\" (UID: \"66d47b05-37de-44c5-9023-8b2fa8de838d\") " pod="monitoring/monitoring-stack-kube-state-metrics-5bf5c7b54d-mb4jf"
2025-01-29 13:41:32,077 INFO c.h.h.t.HelmChartContainer - [K3S] [dispatcher.go:210] Failed calling webhook, failing open prometheusrulemutate.monitoring.coreos.com: failed calling webhook "prometheusrulemutate.monitoring.coreos.com": failed to call webhook: Post "https://monitoring-stack-kube-prom-operator.monitoring.svc:443/admission-prometheusrules/mutate?timeout=10s": no endpoints available for service "monitoring-stack-kube-prom-operator"
2025-01-29 13:41:32,077 INFO c.h.h.t.HelmChartContainer - [K3S] [dispatcher.go:214] "Unhandled Error" err="failed calling webhook \"prometheusrulemutate.monitoring.coreos.com\": failed to call webhook: Post \"https://monitoring-stack-kube-prom-operator.monitoring.svc:443/admission-prometheusrules/mutate?timeout=10s\": no endpoints available for service \"monitoring-stack-kube-prom-operator\""
2025-01-29 13:41:32,079 INFO c.h.h.t.HelmChartContainer - [K3S] [dispatcher.go:210] Failed calling webhook, failing open prometheusrulemutate.monitoring.coreos.com: failed calling webhook "prometheusrulemutate.monitoring.coreos.com": failed to call webhook: Post "https://monitoring-stack-kube-prom-operator.monitoring.svc:443/admission-prometheusrules/mutate?timeout=10s": no endpoints available for service "monitoring-stack-kube-prom-operator"
2025-01-29 13:41:32,079 INFO c.h.h.t.HelmChartContainer - [K3S] [dispatcher.go:214] "Unhandled Error" err="failed calling webhook \"prometheusrulemutate.monitoring.coreos.com\": failed to call webhook: Post \"https://monitoring-stack-kube-prom-operator.monitoring.svc:443/admission-prometheusrules/mutate?timeout=10s\": no endpoints available for service \"monitoring-stack-kube-prom-operator\""
2025-01-29 13:41:32,085 INFO c.h.h.t.HelmChartContainer - [K3S] [dispatcher.go:210] Failed calling webhook, failing open prometheusrulemutate.monitoring.coreos.com: failed calling webhook "prometheusrulemutate.monitoring.coreos.com": failed to call webhook: Post "https://monitoring-stack-kube-prom-operator.monitoring.svc:443/admission-prometheusrules/mutate?timeout=10s": no endpoints available for service "monitoring-stack-kube-prom-operator"
2025-01-29 13:41:32,085 INFO c.h.h.t.HelmChartContainer - [K3S] [dispatcher.go:214] "Unhandled Error" err="failed calling webhook \"prometheusrulemutate.monitoring.coreos.com\": failed to call webhook: Post \"https://monitoring-stack-kube-prom-operator.monitoring.svc:443/admission-prometheusrules/mutate?timeout=10s\": no endpoints available for service \"monitoring-stack-kube-prom-operator\""
2025-01-29 13:41:32,092 INFO c.h.h.t.HelmChartContainer - [EVENT] Normal [SuccessfulCreate] Created pod: monitoring-stack-kube-prom-operator-d77f8fd4c-zghf7 [monitoring:monitoring-stack-kube-prom-operator-d77f8fd4c]
2025-01-29 13:41:32,093 INFO c.h.h.t.HelmChartContainer - [K3S] [dispatcher.go:210] Failed calling webhook, failing open prometheusrulemutate.monitoring.coreos.com: failed calling webhook "prometheusrulemutate.monitoring.coreos.com": failed to call webhook: Post "https://monitoring-stack-kube-prom-operator.monitoring.svc:443/admission-prometheusrules/mutate?timeout=10s": no endpoints available for service "monitoring-stack-kube-prom-operator"
2025-01-29 13:41:32,093 INFO c.h.h.t.HelmChartContainer - [K3S] [dispatcher.go:214] "Unhandled Error" err="failed calling webhook \"prometheusrulemutate.monitoring.coreos.com\": failed to call webhook: Post \"https://monitoring-stack-kube-prom-operator.monitoring.svc:443/admission-prometheusrules/mutate?timeout=10s\": no endpoints available for service \"monitoring-stack-kube-prom-operator\""
2025-01-29 13:41:32,093 INFO c.h.h.t.HelmChartContainer - [K3S] [dispatcher.go:210] Failed calling webhook, failing open prometheusrulemutate.monitoring.coreos.com: failed calling webhook "prometheusrulemutate.monitoring.coreos.com": failed to call webhook: Post "https://monitoring-stack-kube-prom-operator.monitoring.svc:443/admission-prometheusrules/mutate?timeout=10s": no endpoints available for service "monitoring-stack-kube-prom-operator"
2025-01-29 13:41:32,093 INFO c.h.h.t.HelmChartContainer - [K3S] [dispatcher.go:214] "Unhandled Error" err="failed calling webhook \"prometheusrulemutate.monitoring.coreos.com\": failed to call webhook: Post \"https://monitoring-stack-kube-prom-operator.monitoring.svc:443/admission-prometheusrules/mutate?timeout=10s\": no endpoints available for service \"monitoring-stack-kube-prom-operator\""
2025-01-29 13:41:32,093 INFO c.h.h.t.HelmChartContainer - [K3S] [replica_set.go:679] "Finished syncing" kind="ReplicaSet" key="monitoring/monitoring-stack-kube-state-metrics-5bf5c7b54d" duration="78.231957ms"
2025-01-29 13:41:32,094 INFO c.h.h.t.HelmChartContainer - [K3S] [replica_set.go:679] "Finished syncing" kind="ReplicaSet" key="monitoring/monitoring-stack-kube-state-metrics-5bf5c7b54d" duration="1.049938ms"
2025-01-29 13:41:32,097 INFO c.h.h.t.HelmChartContainer - [K3S] [dispatcher.go:210] Failed calling webhook, failing open prometheusrulemutate.monitoring.coreos.com: failed calling webhook "prometheusrulemutate.monitoring.coreos.com": failed to call webhook: Post "https://monitoring-stack-kube-prom-operator.monitoring.svc:443/admission-prometheusrules/mutate?timeout=10s": no endpoints available for service "monitoring-stack-kube-prom-operator"
2025-01-29 13:41:32,097 INFO c.h.h.t.HelmChartContainer - [K3S] [dispatcher.go:214] "Unhandled Error" err="failed calling webhook \"prometheusrulemutate.monitoring.coreos.com\": failed to call webhook: Post \"https://monitoring-stack-kube-prom-operator.monitoring.svc:443/admission-prometheusrules/mutate?timeout=10s\": no endpoints available for service \"monitoring-stack-kube-prom-operator\""
2025-01-29 13:41:32,101 INFO c.h.h.t.HelmChartContainer - [K3S] [dispatcher.go:210] Failed calling webhook, failing open prometheusrulemutate.monitoring.coreos.com: failed calling webhook "prometheusrulemutate.monitoring.coreos.com": failed to call webhook: Post "https://monitoring-stack-kube-prom-operator.monitoring.svc:443/admission-prometheusrules/mutate?timeout=10s": no endpoints available for service "monitoring-stack-kube-prom-operator"
2025-01-29 13:41:32,103 INFO c.h.h.t.HelmChartContainer - [K3S] [dispatcher.go:214] "Unhandled Error" err="failed calling webhook \"prometheusrulemutate.monitoring.coreos.com\": failed to call webhook: Post \"https://monitoring-stack-kube-prom-operator.monitoring.svc:443/admission-prometheusrules/mutate?timeout=10s\": no endpoints available for service \"monitoring-stack-kube-prom-operator\""
2025-01-29 13:41:32,103 INFO c.h.h.t.HelmChartContainer - [K3S] [dispatcher.go:210] Failed calling webhook, failing open prometheusrulemutate.monitoring.coreos.com: failed calling webhook "prometheusrulemutate.monitoring.coreos.com": failed to call webhook: Post "https://monitoring-stack-kube-prom-operator.monitoring.svc:443/admission-prometheusrules/mutate?timeout=10s": no endpoints available for service "monitoring-stack-kube-prom-operator"
2025-01-29 13:41:32,103 INFO c.h.h.t.HelmChartContainer - [K3S] [dispatcher.go:214] "Unhandled Error" err="failed calling webhook \"prometheusrulemutate.monitoring.coreos.com\": failed to call webhook: Post \"https://monitoring-stack-kube-prom-operator.monitoring.svc:443/admission-prometheusrules/mutate?timeout=10s\": no endpoints available for service \"monitoring-stack-kube-prom-operator\""
2025-01-29 13:41:32,107 INFO c.h.h.t.HelmChartContainer - [K3S] [dispatcher.go:210] Failed calling webhook, failing open prometheusrulemutate.monitoring.coreos.com: failed calling webhook "prometheusrulemutate.monitoring.coreos.com": failed to call webhook: Post "https://monitoring-stack-kube-prom-operator.monitoring.svc:443/admission-prometheusrules/mutate?timeout=10s": no endpoints available for service "monitoring-stack-kube-prom-operator"
2025-01-29 13:41:32,107 INFO c.h.h.t.HelmChartContainer - [K3S] [dispatcher.go:214] "Unhandled Error" err="failed calling webhook \"prometheusrulemutate.monitoring.coreos.com\": failed to call webhook: Post \"https://monitoring-stack-kube-prom-operator.monitoring.svc:443/admission-prometheusrules/mutate?timeout=10s\": no endpoints available for service \"monitoring-stack-kube-prom-operator\""
2025-01-29 13:41:32,111 INFO c.h.h.t.HelmChartContainer - [K3S] [dispatcher.go:210] Failed calling webhook, failing open prometheusrulemutate.monitoring.coreos.com: failed calling webhook "prometheusrulemutate.monitoring.coreos.com": failed to call webhook: Post "https://monitoring-stack-kube-prom-operator.monitoring.svc:443/admission-prometheusrules/mutate?timeout=10s": no endpoints available for service "monitoring-stack-kube-prom-operator"
2025-01-29 13:41:32,115 INFO c.h.h.t.HelmChartContainer - [K3S] [dispatcher.go:214] "Unhandled Error" err="failed calling webhook \"prometheusrulemutate.monitoring.coreos.com\": failed to call webhook: Post \"https://monitoring-stack-kube-prom-operator.monitoring.svc:443/admission-prometheusrules/mutate?timeout=10s\": no endpoints available for service \"monitoring-stack-kube-prom-operator\""
2025-01-29 13:41:32,116 INFO c.h.h.t.HelmChartContainer - [K3S] [dispatcher.go:210] Failed calling webhook, failing open prometheusrulemutate.monitoring.coreos.com: failed calling webhook "prometheusrulemutate.monitoring.coreos.com": failed to call webhook: Post "https://monitoring-stack-kube-prom-operator.monitoring.svc:443/admission-prometheusrules/mutate?timeout=10s": no endpoints available for service "monitoring-stack-kube-prom-operator"
2025-01-29 13:41:32,116 INFO c.h.h.t.HelmChartContainer - [K3S] [dispatcher.go:214] "Unhandled Error" err="failed calling webhook \"prometheusrulemutate.monitoring.coreos.com\": failed to call webhook: Post \"https://monitoring-stack-kube-prom-operator.monitoring.svc:443/admission-prometheusrules/mutate?timeout=10s\": no endpoints available for service \"monitoring-stack-kube-prom-operator\""
2025-01-29 13:41:32,116 INFO c.h.h.t.HelmChartContainer - [K3S] [dispatcher.go:210] Failed calling webhook, failing open prometheusrulemutate.monitoring.coreos.com: failed calling webhook "prometheusrulemutate.monitoring.coreos.com": failed to call webhook: Post "https://monitoring-stack-kube-prom-operator.monitoring.svc:443/admission-prometheusrules/mutate?timeout=10s": no endpoints available for service "monitoring-stack-kube-prom-operator"
2025-01-29 13:41:32,116 INFO c.h.h.t.HelmChartContainer - [K3S] [dispatcher.go:214] "Unhandled Error" err="failed calling webhook \"prometheusrulemutate.monitoring.coreos.com\": failed to call webhook: Post \"https://monitoring-stack-kube-prom-operator.monitoring.svc:443/admission-prometheusrules/mutate?timeout=10s\": no endpoints available for service \"monitoring-stack-kube-prom-operator\""
2025-01-29 13:41:32,124 INFO c.h.h.t.HelmChartContainer - [EVENT] Normal [Scheduled] Successfully assigned monitoring/monitoring-stack-grafana-64c55fb967-lbskk to b2bf2ea6808c [monitoring:monitoring-stack-grafana-64c55fb967-lbskk]
2025-01-29 13:41:32,129 INFO c.h.h.t.HelmChartContainer - [K3S] [replica_set.go:679] "Finished syncing" kind="ReplicaSet" key="monitoring/monitoring-stack-grafana-64c55fb967" duration="189.687061ms"
2025-01-29 13:41:32,144 INFO c.h.h.t.HelmChartContainer - [K3S] [kubelet_volumes.go:163] "Cleaned up orphaned pod volumes dir" podUID="4f304f03-1b92-4063-a9cc-5ead85c983ca" path="/var/lib/kubelet/pods/4f304f03-1b92-4063-a9cc-5ead85c983ca/volumes"
2025-01-29 13:41:32,154 INFO c.h.h.t.HelmChartContainer - [EVENT] Normal [SuccessfulCreate] Created pod: monitoring-stack-grafana-64c55fb967-lbskk [monitoring:monitoring-stack-grafana-64c55fb967]
2025-01-29 13:41:32,154 INFO c.h.h.t.HelmChartContainer - [POD] monitoring-stack-kube-prom-operator-d77f8fd4c-zghf7 [29df739c-500b-49d5-9d31-c9a17960f6f1] in monitoring was MODIFIED
2025-01-29 13:41:32,172 INFO c.h.h.t.HelmChartContainer - [K3S] [replica_set.go:679] "Finished syncing" kind="ReplicaSet" key="monitoring/monitoring-stack-kube-prom-operator-d77f8fd4c" duration="47.429µs"
2025-01-29 13:41:32,174 INFO c.h.h.t.HelmChartContainer - [K3S] [replica_set.go:679] "Finished syncing" kind="ReplicaSet" key="monitoring/monitoring-stack-grafana-64c55fb967" duration="44.742908ms"
2025-01-29 13:41:32,174 INFO c.h.h.t.HelmChartContainer - [K3S] [replica_set.go:679] "Finished syncing" kind="ReplicaSet" key="monitoring/monitoring-stack-grafana-64c55fb967" duration="41.628µs"
2025-01-29 13:41:32,174 INFO c.h.h.t.HelmChartContainer - [K3S] [reconciler_common.go:251] "operationExecutor.VerifyControllerAttachedVolume started for volume \"storage\" (UniqueName: \"kubernetes.io/empty-dir/74d7de76-ff69-42a1-a585-e4e67f3ae096-storage\") pod \"monitoring-stack-grafana-64c55fb967-lbskk\" (UID: \"74d7de76-ff69-42a1-a585-e4e67f3ae096\") " pod="monitoring/monitoring-stack-grafana-64c55fb967-lbskk"
2025-01-29 13:41:32,174 INFO c.h.h.t.HelmChartContainer - [K3S] [reconciler_common.go:251] "operationExecutor.VerifyControllerAttachedVolume started for volume \"sc-dashboard-volume\" (UniqueName: \"kubernetes.io/empty-dir/74d7de76-ff69-42a1-a585-e4e67f3ae096-sc-dashboard-volume\") pod \"monitoring-stack-grafana-64c55fb967-lbskk\" (UID: \"74d7de76-ff69-42a1-a585-e4e67f3ae096\") " pod="monitoring/monitoring-stack-grafana-64c55fb967-lbskk"
2025-01-29 13:41:32,175 INFO c.h.h.t.HelmChartContainer - [K3S] [reconciler_common.go:251] "operationExecutor.VerifyControllerAttachedVolume started for volume \"config\" (UniqueName: \"kubernetes.io/configmap/74d7de76-ff69-42a1-a585-e4e67f3ae096-config\") pod \"monitoring-stack-grafana-64c55fb967-lbskk\" (UID: \"74d7de76-ff69-42a1-a585-e4e67f3ae096\") " pod="monitoring/monitoring-stack-grafana-64c55fb967-lbskk"
2025-01-29 13:41:32,175 INFO c.h.h.t.HelmChartContainer - [K3S] [reconciler_common.go:251] "operationExecutor.VerifyControllerAttachedVolume started for volume \"sc-dashboard-provider\" (UniqueName: \"kubernetes.io/configmap/74d7de76-ff69-42a1-a585-e4e67f3ae096-sc-dashboard-provider\") pod \"monitoring-stack-grafana-64c55fb967-lbskk\" (UID: \"74d7de76-ff69-42a1-a585-e4e67f3ae096\") " pod="monitoring/monitoring-stack-grafana-64c55fb967-lbskk"
2025-01-29 13:41:32,175 INFO c.h.h.t.HelmChartContainer - [K3S] [reconciler_common.go:251] "operationExecutor.VerifyControllerAttachedVolume started for volume \"sc-datasources-volume\" (UniqueName: \"kubernetes.io/empty-dir/74d7de76-ff69-42a1-a585-e4e67f3ae096-sc-datasources-volume\") pod \"monitoring-stack-grafana-64c55fb967-lbskk\" (UID: \"74d7de76-ff69-42a1-a585-e4e67f3ae096\") " pod="monitoring/monitoring-stack-grafana-64c55fb967-lbskk"
2025-01-29 13:41:32,175 INFO c.h.h.t.HelmChartContainer - [K3S] [reconciler_common.go:251] "operationExecutor.VerifyControllerAttachedVolume started for volume \"kube-api-access-g8crd\" (UniqueName: \"kubernetes.io/projected/74d7de76-ff69-42a1-a585-e4e67f3ae096-kube-api-access-g8crd\") pod \"monitoring-stack-grafana-64c55fb967-lbskk\" (UID: \"74d7de76-ff69-42a1-a585-e4e67f3ae096\") " pod="monitoring/monitoring-stack-grafana-64c55fb967-lbskk"
2025-01-29 13:41:32,227 INFO c.h.h.t.HelmChartContainer - [K3S] [replica_set.go:679] "Finished syncing" kind="ReplicaSet" key="monitoring/monitoring-stack-grafana-64c55fb967" duration="47.99µs"
2025-01-29 13:41:32,235 INFO c.h.h.t.HelmChartContainer - [POD] monitoring-stack-grafana-64c55fb967-lbskk [74d7de76-ff69-42a1-a585-e4e67f3ae096] in monitoring was MODIFIED
2025-01-29 13:41:32,341 INFO c.h.h.t.HelmChartContainer - [EVENT] Normal [Pulling] Pulling image "quay.io/prometheus/node-exporter:v1.8.2" [monitoring:monitoring-stack-prometheus-node-exporter-xjtjv]
2025-01-29 13:41:33,282 INFO c.h.h.t.HelmChartContainer - [EVENT] Normal [Pulling] Pulling image "quay.io/prometheus-operator/prometheus-operator:v0.79.2" [monitoring:monitoring-stack-kube-prom-operator-d77f8fd4c-zghf7]
2025-01-29 13:41:33,371 INFO c.h.h.t.HelmChartContainer - [EVENT] Normal [Pulling] Pulling image "quay.io/kiwigrid/k8s-sidecar:1.28.0" [monitoring:monitoring-stack-grafana-64c55fb967-lbskk]
2025-01-29 13:41:33,425 INFO c.h.h.t.HelmChartContainer - [EVENT] Normal [Pulled] Successfully pulled image "quay.io/prometheus/node-exporter:v1.8.2" in 1.084s (1.084s including waiting). Image size: 12041464 bytes. [monitoring:monitoring-stack-prometheus-node-exporter-xjtjv]
2025-01-29 13:41:33,432 INFO c.h.h.t.HelmChartContainer - [EVENT] Normal [Created] Created container: node-exporter [monitoring:monitoring-stack-prometheus-node-exporter-xjtjv]
2025-01-29 13:41:33,475 INFO c.h.h.t.HelmChartContainer - [EVENT] Normal [Started] Started container node-exporter [monitoring:monitoring-stack-prometheus-node-exporter-xjtjv]
2025-01-29 13:41:33,539 INFO c.h.h.t.HelmChartContainer - [POD] monitoring-stack-prometheus-node-exporter-xjtjv [b5a5f999-a66a-4d07-9b0d-a60373e349f0] in monitoring was MODIFIED
2025-01-29 13:41:33,544 INFO c.h.h.t.HelmChartContainer - [EVENT] Normal [Pulling] Pulling image "registry.k8s.io/kube-state-metrics/kube-state-metrics:v2.14.0" [monitoring:monitoring-stack-kube-state-metrics-5bf5c7b54d-mb4jf]
2025-01-29 13:41:33,547 INFO c.h.h.t.HelmChartContainer - [POD] monitoring-stack-prometheus-node-exporter-xjtjv [b5a5f999-a66a-4d07-9b0d-a60373e349f0] in monitoring was MODIFIED
2025-01-29 13:41:34,356 INFO c.h.h.t.HelmChartContainer - [EVENT] Normal [Pulled] Successfully pulled image "quay.io/prometheus-operator/prometheus-operator:v0.79.2" in 1.074s (1.074s including waiting). Image size: 19140913 bytes. [monitoring:monitoring-stack-kube-prom-operator-d77f8fd4c-zghf7]
2025-01-29 13:41:34,370 INFO c.h.h.t.HelmChartContainer - [EVENT] Normal [Created] Created container: kube-prometheus-stack [monitoring:monitoring-stack-kube-prom-operator-d77f8fd4c-zghf7]
2025-01-29 13:41:34,455 INFO c.h.h.t.HelmChartContainer - [EVENT] Normal [Started] Started container kube-prometheus-stack [monitoring:monitoring-stack-kube-prom-operator-d77f8fd4c-zghf7]
2025-01-29 13:41:34,535 INFO c.h.h.t.HelmChartContainer - [EVENT] Warning [Unhealthy] Readiness probe failed: Get "https://10.42.0.11:10250/healthz": dial tcp 10.42.0.11:10250: connect: connection refused [monitoring:monitoring-stack-kube-prom-operator-d77f8fd4c-zghf7]
2025-01-29 13:41:34,552 INFO c.h.h.t.HelmChartContainer - [K3S] [replica_set.go:679] "Finished syncing" kind="ReplicaSet" key="monitoring/monitoring-stack-kube-prom-operator-d77f8fd4c" duration="46.117µs"
2025-01-29 13:41:34,557 INFO c.h.h.t.HelmChartContainer - [POD] monitoring-stack-kube-prom-operator-d77f8fd4c-zghf7 [29df739c-500b-49d5-9d31-c9a17960f6f1] in monitoring was MODIFIED
2025-01-29 13:41:34,712 INFO c.h.h.t.HelmChartContainer - [POD] alertmanager-monitoring-stack-kube-prom-alertmanager-0 [8245ae88-ffc3-4e05-b9b9-4265137e03eb] in monitoring was ADDED
2025-01-29 13:41:34,720 INFO c.h.h.t.HelmChartContainer - [EVENT] Normal [SuccessfulCreate] create Pod alertmanager-monitoring-stack-kube-prom-alertmanager-0 in StatefulSet alertmanager-monitoring-stack-kube-prom-alertmanager successful [monitoring:alertmanager-monitoring-stack-kube-prom-alertmanager]
2025-01-29 13:41:34,725 INFO c.h.h.t.HelmChartContainer - [POD] alertmanager-monitoring-stack-kube-prom-alertmanager-0 [8245ae88-ffc3-4e05-b9b9-4265137e03eb] in monitoring was MODIFIED
2025-01-29 13:41:34,726 INFO c.h.h.t.HelmChartContainer - [EVENT] Normal [Scheduled] Successfully assigned monitoring/alertmanager-monitoring-stack-kube-prom-alertmanager-0 to b2bf2ea6808c [monitoring:alertmanager-monitoring-stack-kube-prom-alertmanager-0]
2025-01-29 13:41:34,764 INFO c.h.h.t.HelmChartContainer - [POD] alertmanager-monitoring-stack-kube-prom-alertmanager-0 [8245ae88-ffc3-4e05-b9b9-4265137e03eb] in monitoring was MODIFIED
2025-01-29 13:41:34,794 INFO c.h.h.t.HelmChartContainer - [K3S] [reconciler_common.go:251] "operationExecutor.VerifyControllerAttachedVolume started for volume \"config-volume\" (UniqueName: \"kubernetes.io/secret/8245ae88-ffc3-4e05-b9b9-4265137e03eb-config-volume\") pod \"alertmanager-monitoring-stack-kube-prom-alertmanager-0\" (UID: \"8245ae88-ffc3-4e05-b9b9-4265137e03eb\") " pod="monitoring/alertmanager-monitoring-stack-kube-prom-alertmanager-0"
2025-01-29 13:41:34,796 INFO c.h.h.t.HelmChartContainer - [K3S] [reconciler_common.go:251] "operationExecutor.VerifyControllerAttachedVolume started for volume \"kube-api-access-7d85f\" (UniqueName: \"kubernetes.io/projected/8245ae88-ffc3-4e05-b9b9-4265137e03eb-kube-api-access-7d85f\") pod \"alertmanager-monitoring-stack-kube-prom-alertmanager-0\" (UID: \"8245ae88-ffc3-4e05-b9b9-4265137e03eb\") " pod="monitoring/alertmanager-monitoring-stack-kube-prom-alertmanager-0"
2025-01-29 13:41:34,796 INFO c.h.h.t.HelmChartContainer - [K3S] [reconciler_common.go:251] "operationExecutor.VerifyControllerAttachedVolume started for volume \"config-out\" (UniqueName: \"kubernetes.io/empty-dir/8245ae88-ffc3-4e05-b9b9-4265137e03eb-config-out\") pod \"alertmanager-monitoring-stack-kube-prom-alertmanager-0\" (UID: \"8245ae88-ffc3-4e05-b9b9-4265137e03eb\") " pod="monitoring/alertmanager-monitoring-stack-kube-prom-alertmanager-0"
2025-01-29 13:41:34,799 INFO c.h.h.t.HelmChartContainer - [K3S] [reconciler_common.go:251] "operationExecutor.VerifyControllerAttachedVolume started for volume \"alertmanager-monitoring-stack-kube-prom-alertmanager-db\" (UniqueName: \"kubernetes.io/empty-dir/8245ae88-ffc3-4e05-b9b9-4265137e03eb-alertmanager-monitoring-stack-kube-prom-alertmanager-db\") pod \"alertmanager-monitoring-stack-kube-prom-alertmanager-0\" (UID: \"8245ae88-ffc3-4e05-b9b9-4265137e03eb\") " pod="monitoring/alertmanager-monitoring-stack-kube-prom-alertmanager-0"
2025-01-29 13:41:34,799 INFO c.h.h.t.HelmChartContainer - [K3S] [reconciler_common.go:251] "operationExecutor.VerifyControllerAttachedVolume started for volume \"tls-assets\" (UniqueName: \"kubernetes.io/projected/8245ae88-ffc3-4e05-b9b9-4265137e03eb-tls-assets\") pod \"alertmanager-monitoring-stack-kube-prom-alertmanager-0\" (UID: \"8245ae88-ffc3-4e05-b9b9-4265137e03eb\") " pod="monitoring/alertmanager-monitoring-stack-kube-prom-alertmanager-0"
2025-01-29 13:41:34,799 INFO c.h.h.t.HelmChartContainer - [K3S] [reconciler_common.go:251] "operationExecutor.VerifyControllerAttachedVolume started for volume \"web-config\" (UniqueName: \"kubernetes.io/secret/8245ae88-ffc3-4e05-b9b9-4265137e03eb-web-config\") pod \"alertmanager-monitoring-stack-kube-prom-alertmanager-0\" (UID: \"8245ae88-ffc3-4e05-b9b9-4265137e03eb\") " pod="monitoring/alertmanager-monitoring-stack-kube-prom-alertmanager-0"
2025-01-29 13:41:34,836 INFO c.h.h.t.HelmChartContainer - [EVENT] Normal [Pulled] Successfully pulled image "registry.k8s.io/kube-state-metrics/kube-state-metrics:v2.14.0" in 1.277s (1.277s including waiting). Image size: 15427061 bytes. [monitoring:monitoring-stack-kube-state-metrics-5bf5c7b54d-mb4jf]
2025-01-29 13:41:34,856 INFO c.h.h.t.HelmChartContainer - [EVENT] Normal [Created] Created container: kube-state-metrics [monitoring:monitoring-stack-kube-state-metrics-5bf5c7b54d-mb4jf]
2025-01-29 13:41:35,041 INFO c.h.h.t.HelmChartContainer - [EVENT] Normal [Started] Started container kube-state-metrics [monitoring:monitoring-stack-kube-state-metrics-5bf5c7b54d-mb4jf]
2025-01-29 13:41:35,168 INFO c.h.h.t.HelmChartContainer - [POD] prometheus-monitoring-stack-kube-prom-prometheus-0 [a5ed691c-84cb-481a-b4d3-c0ca1cc737ae] in monitoring was ADDED
2025-01-29 13:41:35,175 INFO c.h.h.t.HelmChartContainer - [EVENT] Normal [SuccessfulCreate] create Pod prometheus-monitoring-stack-kube-prom-prometheus-0 in StatefulSet prometheus-monitoring-stack-kube-prom-prometheus successful [monitoring:prometheus-monitoring-stack-kube-prom-prometheus]
2025-01-29 13:41:35,180 INFO c.h.h.t.HelmChartContainer - [POD] prometheus-monitoring-stack-kube-prom-prometheus-0 [a5ed691c-84cb-481a-b4d3-c0ca1cc737ae] in monitoring was MODIFIED
2025-01-29 13:41:35,188 INFO c.h.h.t.HelmChartContainer - [EVENT] Normal [Scheduled] Successfully assigned monitoring/prometheus-monitoring-stack-kube-prom-prometheus-0 to b2bf2ea6808c [monitoring:prometheus-monitoring-stack-kube-prom-prometheus-0]
2025-01-29 13:41:35,237 INFO c.h.h.t.HelmChartContainer - [POD] prometheus-monitoring-stack-kube-prom-prometheus-0 [a5ed691c-84cb-481a-b4d3-c0ca1cc737ae] in monitoring was MODIFIED
2025-01-29 13:41:35,260 INFO c.h.h.t.HelmChartContainer - [EVENT] Normal [Pulling] Pulling image "quay.io/prometheus-operator/prometheus-config-reloader:v0.79.2" [monitoring:alertmanager-monitoring-stack-kube-prom-alertmanager-0]
2025-01-29 13:41:35,311 INFO c.h.h.t.HelmChartContainer - [K3S] [reconciler_common.go:251] "operationExecutor.VerifyControllerAttachedVolume started for volume \"config-out\" (UniqueName: \"kubernetes.io/empty-dir/a5ed691c-84cb-481a-b4d3-c0ca1cc737ae-config-out\") pod \"prometheus-monitoring-stack-kube-prom-prometheus-0\" (UID: \"a5ed691c-84cb-481a-b4d3-c0ca1cc737ae\") " pod="monitoring/prometheus-monitoring-stack-kube-prom-prometheus-0"
2025-01-29 13:41:35,311 INFO c.h.h.t.HelmChartContainer - [K3S] [reconciler_common.go:251] "operationExecutor.VerifyControllerAttachedVolume started for volume \"prometheus-monitoring-stack-kube-prom-prometheus-rulefiles-0\" (UniqueName: \"kubernetes.io/configmap/a5ed691c-84cb-481a-b4d3-c0ca1cc737ae-prometheus-monitoring-stack-kube-prom-prometheus-rulefiles-0\") pod \"prometheus-monitoring-stack-kube-prom-prometheus-0\" (UID: \"a5ed691c-84cb-481a-b4d3-c0ca1cc737ae\") " pod="monitoring/prometheus-monitoring-stack-kube-prom-prometheus-0"
2025-01-29 13:41:35,311 INFO c.h.h.t.HelmChartContainer - [K3S] [reconciler_common.go:251] "operationExecutor.VerifyControllerAttachedVolume started for volume \"prometheus-monitoring-stack-kube-prom-prometheus-db\" (UniqueName: \"kubernetes.io/empty-dir/a5ed691c-84cb-481a-b4d3-c0ca1cc737ae-prometheus-monitoring-stack-kube-prom-prometheus-db\") pod \"prometheus-monitoring-stack-kube-prom-prometheus-0\" (UID: \"a5ed691c-84cb-481a-b4d3-c0ca1cc737ae\") " pod="monitoring/prometheus-monitoring-stack-kube-prom-prometheus-0"
2025-01-29 13:41:35,311 INFO c.h.h.t.HelmChartContainer - [K3S] [reconciler_common.go:251] "operationExecutor.VerifyControllerAttachedVolume started for volume \"web-config\" (UniqueName: \"kubernetes.io/secret/a5ed691c-84cb-481a-b4d3-c0ca1cc737ae-web-config\") pod \"prometheus-monitoring-stack-kube-prom-prometheus-0\" (UID: \"a5ed691c-84cb-481a-b4d3-c0ca1cc737ae\") " pod="monitoring/prometheus-monitoring-stack-kube-prom-prometheus-0"
2025-01-29 13:41:35,311 INFO c.h.h.t.HelmChartContainer - [K3S] [reconciler_common.go:251] "operationExecutor.VerifyControllerAttachedVolume started for volume \"config\" (UniqueName: \"kubernetes.io/secret/a5ed691c-84cb-481a-b4d3-c0ca1cc737ae-config\") pod \"prometheus-monitoring-stack-kube-prom-prometheus-0\" (UID: \"a5ed691c-84cb-481a-b4d3-c0ca1cc737ae\") " pod="monitoring/prometheus-monitoring-stack-kube-prom-prometheus-0"
2025-01-29 13:41:35,311 INFO c.h.h.t.HelmChartContainer - [K3S] [reconciler_common.go:251] "operationExecutor.VerifyControllerAttachedVolume started for volume \"tls-assets\" (UniqueName: \"kubernetes.io/projected/a5ed691c-84cb-481a-b4d3-c0ca1cc737ae-tls-assets\") pod \"prometheus-monitoring-stack-kube-prom-prometheus-0\" (UID: \"a5ed691c-84cb-481a-b4d3-c0ca1cc737ae\") " pod="monitoring/prometheus-monitoring-stack-kube-prom-prometheus-0"
2025-01-29 13:41:35,311 INFO c.h.h.t.HelmChartContainer - [K3S] [reconciler_common.go:251] "operationExecutor.VerifyControllerAttachedVolume started for volume \"kube-api-access-6mkkt\" (UniqueName: \"kubernetes.io/projected/a5ed691c-84cb-481a-b4d3-c0ca1cc737ae-kube-api-access-6mkkt\") pod \"prometheus-monitoring-stack-kube-prom-prometheus-0\" (UID: \"a5ed691c-84cb-481a-b4d3-c0ca1cc737ae\") " pod="monitoring/prometheus-monitoring-stack-kube-prom-prometheus-0"
2025-01-29 13:41:35,564 INFO c.h.h.t.HelmChartContainer - [K3S] [replica_set.go:679] "Finished syncing" kind="ReplicaSet" key="monitoring/monitoring-stack-kube-state-metrics-5bf5c7b54d" duration="45.064µs"
2025-01-29 13:41:35,565 INFO c.h.h.t.HelmChartContainer - [POD] monitoring-stack-kube-state-metrics-5bf5c7b54d-mb4jf [66d47b05-37de-44c5-9023-8b2fa8de838d] in monitoring was MODIFIED
2025-01-29 13:41:35,577 INFO c.h.h.t.HelmChartContainer - [POD] monitoring-stack-kube-prom-operator-d77f8fd4c-zghf7 [29df739c-500b-49d5-9d31-c9a17960f6f1] in monitoring was MODIFIED
2025-01-29 13:41:35,595 INFO c.h.h.t.HelmChartContainer - [K3S] [replica_set.go:679] "Finished syncing" kind="ReplicaSet" key="monitoring/monitoring-stack-kube-prom-operator-d77f8fd4c" duration="17.841405ms"
2025-01-29 13:41:35,595 INFO c.h.h.t.HelmChartContainer - [K3S] [replica_set.go:679] "Finished syncing" kind="ReplicaSet" key="monitoring/monitoring-stack-kube-prom-operator-d77f8fd4c" duration="45.505µs"
2025-01-29 13:41:35,660 INFO c.h.h.t.HelmChartContainer - [EVENT] Normal [Pulling] Pulling image "quay.io/prometheus-operator/prometheus-config-reloader:v0.79.2" [monitoring:prometheus-monitoring-stack-kube-prom-prometheus-0]
2025-01-29 13:41:35,947 INFO c.h.h.t.HelmChartContainer - [EVENT] Normal [Pulled] Successfully pulled image "quay.io/kiwigrid/k8s-sidecar:1.28.0" in 2.576s (2.576s including waiting). Image size: 23059632 bytes. [monitoring:monitoring-stack-grafana-64c55fb967-lbskk]
2025-01-29 13:41:35,954 INFO c.h.h.t.HelmChartContainer - [EVENT] Normal [Created] Created container: grafana-sc-dashboard [monitoring:monitoring-stack-grafana-64c55fb967-lbskk]
2025-01-29 13:41:36,021 INFO c.h.h.t.HelmChartContainer - [EVENT] Normal [Started] Started container grafana-sc-dashboard [monitoring:monitoring-stack-grafana-64c55fb967-lbskk]
2025-01-29 13:41:36,024 INFO c.h.h.t.HelmChartContainer - [EVENT] Normal [Pulled] Container image "quay.io/kiwigrid/k8s-sidecar:1.28.0" already present on machine [monitoring:monitoring-stack-grafana-64c55fb967-lbskk]
2025-01-29 13:41:36,033 INFO c.h.h.t.HelmChartContainer - [EVENT] Normal [Created] Created container: grafana-sc-datasources [monitoring:monitoring-stack-grafana-64c55fb967-lbskk]
2025-01-29 13:41:36,118 INFO c.h.h.t.HelmChartContainer - [EVENT] Normal [Started] Started container grafana-sc-datasources [monitoring:monitoring-stack-grafana-64c55fb967-lbskk]
2025-01-29 13:41:36,118 INFO c.h.h.t.HelmChartContainer - [EVENT] Normal [Pulling] Pulling image "docker.io/grafana/grafana:11.4.0" [monitoring:monitoring-stack-grafana-64c55fb967-lbskk]
2025-01-29 13:41:36,333 INFO c.h.h.t.HelmChartContainer - [EVENT] Normal [Pulled] Successfully pulled image "quay.io/prometheus-operator/prometheus-config-reloader:v0.79.2" in 1.072s (1.072s including waiting). Image size: 14945849 bytes. [monitoring:alertmanager-monitoring-stack-kube-prom-alertmanager-0]
2025-01-29 13:41:36,336 INFO c.h.h.t.HelmChartContainer - [EVENT] Normal [Pulled] Successfully pulled image "quay.io/prometheus-operator/prometheus-config-reloader:v0.79.2" in 662ms (662ms including waiting). Image size: 14945849 bytes. [monitoring:prometheus-monitoring-stack-kube-prom-prometheus-0]
2025-01-29 13:41:36,349 INFO c.h.h.t.HelmChartContainer - [EVENT] Normal [Created] Created container: init-config-reloader [monitoring:alertmanager-monitoring-stack-kube-prom-alertmanager-0]
2025-01-29 13:41:36,356 INFO c.h.h.t.HelmChartContainer - [EVENT] Normal [Created] Created container: init-config-reloader [monitoring:prometheus-monitoring-stack-kube-prom-prometheus-0]
2025-01-29 13:41:36,448 INFO c.h.h.t.HelmChartContainer - [EVENT] Normal [Started] Started container init-config-reloader [monitoring:alertmanager-monitoring-stack-kube-prom-alertmanager-0]
2025-01-29 13:41:36,452 INFO c.h.h.t.HelmChartContainer - [EVENT] Normal [Started] Started container init-config-reloader [monitoring:prometheus-monitoring-stack-kube-prom-prometheus-0]
2025-01-29 13:41:36,573 INFO c.h.h.t.HelmChartContainer - [POD] alertmanager-monitoring-stack-kube-prom-alertmanager-0 [8245ae88-ffc3-4e05-b9b9-4265137e03eb] in monitoring was MODIFIED
2025-01-29 13:41:36,593 INFO c.h.h.t.HelmChartContainer - [POD] prometheus-monitoring-stack-kube-prom-prometheus-0 [a5ed691c-84cb-481a-b4d3-c0ca1cc737ae] in monitoring was MODIFIED
2025-01-29 13:41:37,563 INFO c.h.h.t.HelmChartContainer - [EVENT] Normal [Pulling] Pulling image "quay.io/prometheus/prometheus:v3.1.0" [monitoring:prometheus-monitoring-stack-kube-prom-prometheus-0]
2025-01-29 13:41:37,572 INFO c.h.h.t.HelmChartContainer - [EVENT] Normal [Pulling] Pulling image "quay.io/prometheus/alertmanager:v0.28.0" [monitoring:alertmanager-monitoring-stack-kube-prom-alertmanager-0]
2025-01-29 13:41:37,600 INFO c.h.h.t.HelmChartContainer - [POD] prometheus-monitoring-stack-kube-prom-prometheus-0 [a5ed691c-84cb-481a-b4d3-c0ca1cc737ae] in monitoring was MODIFIED
2025-01-29 13:41:37,615 INFO c.h.h.t.HelmChartContainer - [POD] alertmanager-monitoring-stack-kube-prom-alertmanager-0 [8245ae88-ffc3-4e05-b9b9-4265137e03eb] in monitoring was MODIFIED
2025-01-29 13:41:39,649 INFO c.h.h.t.HelmChartContainer - [EVENT] Normal [Pulled] Successfully pulled image "quay.io/prometheus/alertmanager:v0.28.0" in 2.076s (2.076s including waiting). Image size: 35012199 bytes. [monitoring:alertmanager-monitoring-stack-kube-prom-alertmanager-0]
2025-01-29 13:41:39,670 INFO c.h.h.t.HelmChartContainer - [EVENT] Normal [Created] Created container: alertmanager [monitoring:alertmanager-monitoring-stack-kube-prom-alertmanager-0]
2025-01-29 13:41:39,806 INFO c.h.h.t.HelmChartContainer - [EVENT] Normal [Started] Started container alertmanager [monitoring:alertmanager-monitoring-stack-kube-prom-alertmanager-0]
2025-01-29 13:41:39,813 INFO c.h.h.t.HelmChartContainer - [EVENT] Normal [Pulled] Container image "quay.io/prometheus-operator/prometheus-config-reloader:v0.79.2" already present on machine [monitoring:alertmanager-monitoring-stack-kube-prom-alertmanager-0]
2025-01-29 13:41:39,833 INFO c.h.h.t.HelmChartContainer - [EVENT] Normal [Created] Created container: config-reloader [monitoring:alertmanager-monitoring-stack-kube-prom-alertmanager-0]
2025-01-29 13:41:39,958 INFO c.h.h.t.HelmChartContainer - [EVENT] Normal [Started] Started container config-reloader [monitoring:alertmanager-monitoring-stack-kube-prom-alertmanager-0]
2025-01-29 13:41:40,598 INFO c.h.h.t.HelmChartContainer - [POD] alertmanager-monitoring-stack-kube-prom-alertmanager-0 [8245ae88-ffc3-4e05-b9b9-4265137e03eb] in monitoring was MODIFIED
2025-01-29 13:41:41,044 INFO c.h.h.t.HelmChartContainer - [EVENT] Normal [Pulled] Successfully pulled image "quay.io/prometheus/prometheus:v3.1.0" in 3.487s (3.487s including waiting). Image size: 116764168 bytes. [monitoring:prometheus-monitoring-stack-kube-prom-prometheus-0]
2025-01-29 13:41:41,056 INFO c.h.h.t.HelmChartContainer - [EVENT] Normal [Created] Created container: prometheus [monitoring:prometheus-monitoring-stack-kube-prom-prometheus-0]
2025-01-29 13:41:41,140 INFO c.h.h.t.HelmChartContainer - [EVENT] Normal [Started] Started container prometheus [monitoring:prometheus-monitoring-stack-kube-prom-prometheus-0]
2025-01-29 13:41:41,142 INFO c.h.h.t.HelmChartContainer - [EVENT] Normal [Pulled] Container image "quay.io/prometheus-operator/prometheus-config-reloader:v0.79.2" already present on machine [monitoring:prometheus-monitoring-stack-kube-prom-prometheus-0]
2025-01-29 13:41:41,156 INFO c.h.h.t.HelmChartContainer - [EVENT] Normal [Created] Created container: config-reloader [monitoring:prometheus-monitoring-stack-kube-prom-prometheus-0]
2025-01-29 13:41:41,256 INFO c.h.h.t.HelmChartContainer - [EVENT] Normal [Started] Started container config-reloader [monitoring:prometheus-monitoring-stack-kube-prom-prometheus-0]
2025-01-29 13:41:41,592 INFO c.h.h.t.HelmChartContainer - [POD] prometheus-monitoring-stack-kube-prom-prometheus-0 [a5ed691c-84cb-481a-b4d3-c0ca1cc737ae] in monitoring was MODIFIED
2025-01-29 13:41:42,594 INFO c.h.h.t.HelmChartContainer - [POD] alertmanager-monitoring-stack-kube-prom-alertmanager-0 [8245ae88-ffc3-4e05-b9b9-4265137e03eb] in monitoring was MODIFIED
2025-01-29 13:41:42,741 INFO c.h.h.t.HelmChartContainer - [EVENT] Normal [Pulled] Successfully pulled image "docker.io/grafana/grafana:11.4.0" in 6.625s (6.625s including waiting). Image size: 132825227 bytes. [monitoring:monitoring-stack-grafana-64c55fb967-lbskk]
2025-01-29 13:41:42,749 INFO c.h.h.t.HelmChartContainer - [EVENT] Normal [Created] Created container: grafana [monitoring:monitoring-stack-grafana-64c55fb967-lbskk]
2025-01-29 13:41:42,809 INFO c.h.h.t.HelmChartContainer - [EVENT] Normal [Started] Started container grafana [monitoring:monitoring-stack-grafana-64c55fb967-lbskk]
2025-01-29 13:41:43,585 INFO c.h.h.t.HelmChartContainer - [EVENT] Warning [Unhealthy] Readiness probe failed: Get "http://10.42.0.12:3000/api/health": dial tcp 10.42.0.12:3000: connect: connection refused [monitoring:monitoring-stack-grafana-64c55fb967-lbskk]
2025-01-29 13:41:43,594 INFO c.h.h.t.HelmChartContainer - [POD] monitoring-stack-grafana-64c55fb967-lbskk [74d7de76-ff69-42a1-a585-e4e67f3ae096] in monitoring was MODIFIED
2025-01-29 13:41:43,597 INFO c.h.h.t.HelmChartContainer - [K3S] [replica_set.go:679] "Finished syncing" kind="ReplicaSet" key="monitoring/monitoring-stack-grafana-64c55fb967" duration="55.875µs"
2025-01-29 13:41:44,588 INFO c.h.h.t.HelmChartContainer - [EVENT] Warning [Unhealthy] Readiness probe failed: Get "http://10.42.0.12:3000/api/health": dial tcp 10.42.0.12:3000: connect: connection refused [monitoring:monitoring-stack-grafana-64c55fb967-lbskk]
2025-01-29 13:41:45,599 INFO c.h.h.t.HelmChartContainer - [POD] monitoring-stack-grafana-64c55fb967-lbskk [74d7de76-ff69-42a1-a585-e4e67f3ae096] in monitoring was MODIFIED
2025-01-29 13:41:45,607 INFO c.h.h.t.HelmChartContainer - [K3S] [replica_set.go:679] "Finished syncing" kind="ReplicaSet" key="monitoring/monitoring-stack-grafana-64c55fb967" duration="10.9824ms"
2025-01-29 13:41:45,608 INFO c.h.h.t.HelmChartContainer - [K3S] [replica_set.go:679] "Finished syncing" kind="ReplicaSet" key="monitoring/monitoring-stack-grafana-64c55fb967" duration="43.191µs"
2025-01-29 13:41:47,574 INFO c.h.h.t.HelmChartContainer - [POD] monitoring-stack-kube-state-metrics-5bf5c7b54d-mb4jf [66d47b05-37de-44c5-9023-8b2fa8de838d] in monitoring was MODIFIED
2025-01-29 13:41:47,578 INFO c.h.h.t.HelmChartContainer - [K3S] [replica_set.go:679] "Finished syncing" kind="ReplicaSet" key="monitoring/monitoring-stack-kube-state-metrics-5bf5c7b54d" duration="6.274437ms"
2025-01-29 13:41:47,579 INFO c.h.h.t.HelmChartContainer - [K3S] [replica_set.go:679] "Finished syncing" kind="ReplicaSet" key="monitoring/monitoring-stack-kube-state-metrics-5bf5c7b54d" duration="39.354µs"
2025-01-29 13:41:49,057 INFO c.h.h.t.HelmChartContainer - [K3S] [job_controller.go:598] "enqueueing job" key="monitoring/monitoring-stack-kube-prom-admission-patch" delay="0s"
2025-01-29 13:41:49,063 INFO c.h.h.t.HelmChartContainer - [POD] monitoring-stack-kube-prom-admission-patch-8txr4 [5dd7f1fd-6b7e-4a1f-ac3c-9378418e8c13] in monitoring was ADDED
2025-01-29 13:41:49,065 INFO c.h.h.t.HelmChartContainer - [K3S] [job_controller.go:598] "enqueueing job" key="monitoring/monitoring-stack-kube-prom-admission-patch" delay="1s"
2025-01-29 13:41:49,071 INFO c.h.h.t.HelmChartContainer - [K3S] [job_controller.go:598] "enqueueing job" key="monitoring/monitoring-stack-kube-prom-admission-patch" delay="1s"
2025-01-29 13:41:49,074 INFO c.h.h.t.HelmChartContainer - [K3S] [job_controller.go:598] "enqueueing job" key="monitoring/monitoring-stack-kube-prom-admission-patch" delay="1s"
2025-01-29 13:41:49,076 INFO c.h.h.t.HelmChartContainer - [POD] monitoring-stack-kube-prom-admission-patch-8txr4 [5dd7f1fd-6b7e-4a1f-ac3c-9378418e8c13] in monitoring was MODIFIED
2025-01-29 13:41:49,076 INFO c.h.h.t.HelmChartContainer - [EVENT] Normal [SuccessfulCreate] Created pod: monitoring-stack-kube-prom-admission-patch-8txr4 [monitoring:monitoring-stack-kube-prom-admission-patch]
2025-01-29 13:41:49,077 INFO c.h.h.t.HelmChartContainer - [EVENT] Normal [Scheduled] Successfully assigned monitoring/monitoring-stack-kube-prom-admission-patch-8txr4 to b2bf2ea6808c [monitoring:monitoring-stack-kube-prom-admission-patch-8txr4]
2025-01-29 13:41:49,083 INFO c.h.h.t.HelmChartContainer - [POD] monitoring-stack-kube-prom-admission-patch-8txr4 [5dd7f1fd-6b7e-4a1f-ac3c-9378418e8c13] in monitoring was MODIFIED
2025-01-29 13:41:49,085 INFO c.h.h.t.HelmChartContainer - [K3S] [job_controller.go:598] "enqueueing job" key="monitoring/monitoring-stack-kube-prom-admission-patch" delay="1s"
2025-01-29 13:41:49,206 INFO c.h.h.t.HelmChartContainer - [K3S] [reconciler_common.go:251] "operationExecutor.VerifyControllerAttachedVolume started for volume \"kube-api-access-t59x6\" (UniqueName: \"kubernetes.io/projected/5dd7f1fd-6b7e-4a1f-ac3c-9378418e8c13-kube-api-access-t59x6\") pod \"monitoring-stack-kube-prom-admission-patch-8txr4\" (UID: \"5dd7f1fd-6b7e-4a1f-ac3c-9378418e8c13\") " pod="monitoring/monitoring-stack-kube-prom-admission-patch-8txr4"
2025-01-29 13:41:49,466 INFO c.h.h.t.HelmChartContainer - [EVENT] Normal [Pulled] Container image "registry.k8s.io/ingress-nginx/kube-webhook-certgen:v1.5.1" already present on machine [monitoring:monitoring-stack-kube-prom-admission-patch-8txr4]
2025-01-29 13:41:49,478 INFO c.h.h.t.HelmChartContainer - [EVENT] Normal [Created] Created container: patch [monitoring:monitoring-stack-kube-prom-admission-patch-8txr4]
2025-01-29 13:41:49,546 INFO c.h.h.t.HelmChartContainer - [EVENT] Normal [Started] Started container patch [monitoring:monitoring-stack-kube-prom-admission-patch-8txr4]
2025-01-29 13:41:49,600 INFO c.h.h.t.HelmChartContainer - [K3S] [job_controller.go:598] "enqueueing job" key="monitoring/monitoring-stack-kube-prom-admission-patch" delay="1s"
2025-01-29 13:41:49,601 INFO c.h.h.t.HelmChartContainer - [POD] monitoring-stack-kube-prom-admission-patch-8txr4 [5dd7f1fd-6b7e-4a1f-ac3c-9378418e8c13] in monitoring was MODIFIED
2025-01-29 13:41:50,070 INFO c.h.h.t.HelmChartContainer - [K3S] [job_controller.go:598] "enqueueing job" key="monitoring/monitoring-stack-kube-prom-admission-patch" delay="1s"
2025-01-29 13:41:50,508 INFO c.h.h.t.HelmChartContainer - [POD] prometheus-monitoring-stack-kube-prom-prometheus-0 [a5ed691c-84cb-481a-b4d3-c0ca1cc737ae] in monitoring was MODIFIED
2025-01-29 13:41:50,611 INFO c.h.h.t.HelmChartContainer - [POD] prometheus-monitoring-stack-kube-prom-prometheus-0 [a5ed691c-84cb-481a-b4d3-c0ca1cc737ae] in monitoring was MODIFIED
2025-01-29 13:41:51,604 INFO c.h.h.t.HelmChartContainer - [K3S] [job_controller.go:598] "enqueueing job" key="monitoring/monitoring-stack-kube-prom-admission-patch" delay="1s"
2025-01-29 13:41:51,604 INFO c.h.h.t.HelmChartContainer - [POD] monitoring-stack-kube-prom-admission-patch-8txr4 [5dd7f1fd-6b7e-4a1f-ac3c-9378418e8c13] in monitoring was MODIFIED
2025-01-29 13:41:52,608 INFO c.h.h.t.HelmChartContainer - [K3S] [job_controller.go:598] "enqueueing job" key="monitoring/monitoring-stack-kube-prom-admission-patch" delay="1s"
2025-01-29 13:41:52,673 INFO c.h.h.t.HelmChartContainer - [K3S] [job_controller.go:598] "enqueueing job" key="monitoring/monitoring-stack-kube-prom-admission-patch" delay="1s"
2025-01-29 13:41:52,675 INFO c.h.h.t.HelmChartContainer - [POD] monitoring-stack-kube-prom-admission-patch-8txr4 [5dd7f1fd-6b7e-4a1f-ac3c-9378418e8c13] in monitoring was MODIFIED
2025-01-29 13:41:52,832 INFO c.h.h.t.HelmChartContainer - [K3S] [reconciler_common.go:162] "operationExecutor.UnmountVolume started for volume \"kube-api-access-t59x6\" (UniqueName: \"kubernetes.io/projected/5dd7f1fd-6b7e-4a1f-ac3c-9378418e8c13-kube-api-access-t59x6\") pod \"5dd7f1fd-6b7e-4a1f-ac3c-9378418e8c13\" (UID: \"5dd7f1fd-6b7e-4a1f-ac3c-9378418e8c13\") "
2025-01-29 13:41:52,933 INFO c.h.h.t.HelmChartContainer - [K3S] [reconciler_common.go:299] "Volume detached for volume \"kube-api-access-t59x6\" (UniqueName: \"kubernetes.io/projected/5dd7f1fd-6b7e-4a1f-ac3c-9378418e8c13-kube-api-access-t59x6\") on node \"b2bf2ea6808c\" DevicePath \"\""
2025-01-29 13:41:53,425 INFO c.h.h.t.HelmChartContainer - [K3S] [range_allocator.go:247] "Successfully synced" key="b2bf2ea6808c"
2025-01-29 13:41:53,600 INFO c.h.h.t.HelmChartContainer - [K3S] [pod_container_deletor.go:80] "Container not found in pod's containers" containerID="bebd213a7b98ca4e5026ad9d81242174fbdf7c7c5e1bdacb5b8c52d6c8f24aa9"
2025-01-29 13:41:53,612 INFO c.h.h.t.HelmChartContainer - [K3S] [job_controller.go:598] "enqueueing job" key="monitoring/monitoring-stack-kube-prom-admission-patch" delay="1s"
2025-01-29 13:41:53,616 INFO c.h.h.t.HelmChartContainer - [POD] monitoring-stack-kube-prom-admission-patch-8txr4 [5dd7f1fd-6b7e-4a1f-ac3c-9378418e8c13] in monitoring was MODIFIED
2025-01-29 13:41:53,617 INFO c.h.h.t.HelmChartContainer - [K3S] [job_controller.go:598] "enqueueing job" key="monitoring/monitoring-stack-kube-prom-admission-patch" delay="1s"
2025-01-29 13:41:53,623 INFO c.h.h.t.HelmChartContainer - [EVENT] Normal [Completed] Job completed [monitoring:monitoring-stack-kube-prom-admission-patch]
2025-01-29 13:41:53,629 INFO c.h.h.t.HelmChartContainer - [K3S] [job_controller.go:598] "enqueueing job" key="monitoring/monitoring-stack-kube-prom-admission-patch" delay="0s"
2025-01-29 13:41:53,640 INFO c.h.h.t.HelmChartContainer - [POD] monitoring-stack-kube-prom-admission-patch-8txr4 [5dd7f1fd-6b7e-4a1f-ac3c-9378418e8c13] in monitoring was MODIFIED
2025-01-29 13:41:53,644 INFO c.h.h.t.HelmChartContainer - [POD] monitoring-stack-kube-prom-admission-patch-8txr4 [5dd7f1fd-6b7e-4a1f-ac3c-9378418e8c13] in monitoring was DELETED
2025-01-29 13:41:53,808 INFO com.hivemq.helmcharts.util.K8sUtil - Pod 'monitoring-stack-prometheus-node-exporter-xjtjv' is ready
2025-01-29 13:41:53,808 INFO com.hivemq.helmcharts.util.K8sUtil - Pod 'monitoring-stack-kube-state-metrics-5bf5c7b54d-mb4jf' is ready
2025-01-29 13:41:53,808 INFO com.hivemq.helmcharts.util.K8sUtil - Pod 'monitoring-stack-grafana-64c55fb967-lbskk' is ready
2025-01-29 13:41:53,808 INFO com.hivemq.helmcharts.util.K8sUtil - Pod 'monitoring-stack-grafana-64c55fb967-lbskk' is ready
2025-01-29 13:41:53,808 INFO com.hivemq.helmcharts.util.K8sUtil - Pod 'monitoring-stack-grafana-64c55fb967-lbskk' is ready
2025-01-29 13:41:53,808 INFO com.hivemq.helmcharts.util.K8sUtil - Pod 'monitoring-stack-kube-prom-operator-d77f8fd4c-zghf7' is ready
2025-01-29 13:41:53,888 DEBUG c.h.h.t.HelmChartContainer - Executing helm command: /bin/helm --kubeconfig /etc/rancher/k3s/k3s.yaml install test-hivemq-platform /charts/hivemq-platform --wait --timeout 5m0s --set image.repository=docker.io/hivemq --set image.tag=4.36.0 --set image.pullPolicy=Never --set nodes.resources.cpu=512m -f /files/platform-monitoring-enabled-values.yaml --namespace helmmonitoringplatformit
2025-01-29 13:41:54,112 INFO c.h.h.t.HelmChartContainer - [K3S] [kubelet_volumes.go:163] "Cleaned up orphaned pod volumes dir" podUID="5dd7f1fd-6b7e-4a1f-ac3c-9378418e8c13" path="/var/lib/kubelet/pods/5dd7f1fd-6b7e-4a1f-ac3c-9378418e8c13/volumes"
2025-01-29 13:41:54,362 INFO c.h.h.t.HelmChartContainer - [hivemq-test-hivemq-platform] [hivemq-platform-operator] [04a59eda] 13:41:54.356 [-373097727-pool-1-thread-5] WARN  i.m.p.PrometheusMeterRegistry - The meter (MeterId{name='operator.sdk.events.received', tags=[tag(action=ADDED),tag(event=ResourceEvent),tag(group=hivemq.com),tag(kind=HiveMQPlatform),tag(name=test-hivemq-platform),tag(namespace=helmmonitoringplatformit),tag(scope=namespace),tag(version=v1)]}) registration has failed: Prometheus requires that all meters with the same name have the same set of tag keys. There is already an existing meter named 'operator.sdk.events.received' containing tag keys [event, group, kind, name, namespace, scope, version]. The meter you are attempting to register has keys [action, event, group, kind, name, namespace, scope, version]. Note that subsequent logs will be logged at debug level.
2025-01-29 13:41:54,764 INFO c.h.h.t.HelmChartContainer - [hivemq-test-hivemq-platform] [hivemq-platform-operator] [04a59eda] 13:41:54.763 [pool-6-thread-3] DEBUG c.h.p.o.dependants.PodInfoConfigMap - [helmmoni] Desired PodInfo ConfigMap (1 extensions) (1 enabled)
2025-01-29 13:41:54,764 INFO c.h.h.t.HelmChartContainer - [hivemq-test-hivemq-platform] [hivemq-platform-operator] [04a59eda] 13:41:54.763 [pool-6-thread-3] DEBUG c.h.p.o.dependants.PodInfoConfigMap - [helmmoni] Desired PodInfo ConfigMap (metrics port: 9399) (metrics path: /)
2025-01-29 13:41:54,765 INFO c.h.h.t.HelmChartContainer - [hivemq-test-hivemq-platform] [hivemq-platform-operator] [04a59eda] 13:41:54.764 [pool-6-thread-3] DEBUG c.h.p.o.dependants.PodInfoConfigMap - [helmmoni] Desired PodInfo ConfigMap (extension state hash: -1817474005)
2025-01-29 13:41:54,843 INFO c.h.h.t.HelmChartContainer - [hivemq-test-hivemq-platform] [hivemq-platform-operator] [04a59eda] 13:41:54.837 [pool-6-thread-3] DEBUG c.h.p.o.dependants.PodInfoConfigMap - [helmmoni] Create PodInfo ConfigMap
2025-01-29 13:41:54,948 INFO c.h.h.t.HelmChartContainer - [hivemq-test-hivemq-platform] [hivemq-platform-operator] [04a59eda] 13:41:54.945 [pool-6-thread-5] DEBUG c.h.p.o.dependants.PodRoleResource - [helmmoni] Create Role: Role(apiVersion=rbac.authorization.k8s.io/v1, kind=Role, metadata=ObjectMeta(annotations={meta.helm.sh/release-name=test-hivemq-platform, meta.helm.sh/release-namespace=helmmonitoringplatformit}, creationTimestamp=null, deletionGracePeriodSeconds=null, deletionTimestamp=null, finalizers=[], generateName=null, generation=null, labels={helm.sh/chart=hivemq-platform-0.2.32, app.kubernetes.io/managed-by=Helm, app.kubernetes.io/name=hivemq-platform, hivemq-platform=test-hivemq-platform, app.kubernetes.io/instance=test-hivemq-platform, app.kubernetes.io/version=4.36.0}, managedFields=[], name=hivemq-platform-role-test-hivemq-platform, namespace=helmmonitoringplatformit, ownerReferences=[OwnerReference(apiVersion=hivemq.com/v1, blockOwnerDeletion=null, controller=null, kind=HiveMQPlatform, name=test-hivemq-platform, uid=def98d92-b2bd-4df0-bb6c-694881101e4d, additionalProperties={})], resourceVersion=null, selfLink=null, uid=null, additionalProperties={}), rules=[PolicyRule(apiGroups=[], nonResourceURLs=[], resourceNames=[], resources=[pods], verbs=[get, patch, update], additionalProperties={})], additionalProperties={})
2025-01-29 13:41:55,048 INFO c.h.h.t.HelmChartContainer - [hivemq-test-hivemq-platform] [hivemq-platform-operator] [04a59eda] 13:41:55.046 [pool-6-thread-7] DEBUG c.h.p.o.d.PodServiceAccountResource - [helmmoni] Desired PodServiceAccountResource (serviceAccountName: hivemq-platform-pod-test-hivemq-platform)
2025-01-29 13:41:55,048 INFO c.h.h.t.HelmChartContainer - [hivemq-test-hivemq-platform] [hivemq-platform-operator] [04a59eda] 13:41:55.047 [pool-6-thread-7] DEBUG c.h.p.o.d.PodServiceAccountResource - [helmmoni] Create ServiceAccount 'hivemq-platform-pod-test-hivemq-platform'
2025-01-29 13:41:55,152 INFO c.h.h.t.HelmChartContainer - [hivemq-test-hivemq-platform] [hivemq-platform-operator] [04a59eda] 13:41:55.150 [pool-6-thread-9] DEBUG c.h.p.o.d.PodRoleBindingResource - [helmmoni] Create RoleBinding: RoleBinding(apiVersion=rbac.authorization.k8s.io/v1, kind=RoleBinding, metadata=ObjectMeta(annotations={meta.helm.sh/release-name=test-hivemq-platform, meta.helm.sh/release-namespace=helmmonitoringplatformit}, creationTimestamp=null, deletionGracePeriodSeconds=null, deletionTimestamp=null, finalizers=[], generateName=null, generation=null, labels={helm.sh/chart=hivemq-platform-0.2.32, app.kubernetes.io/managed-by=Helm, app.kubernetes.io/name=hivemq-platform, hivemq-platform=test-hivemq-platform, app.kubernetes.io/instance=test-hivemq-platform, app.kubernetes.io/version=4.36.0}, managedFields=[], name=hivemq-platform-role-binding-test-hivemq-platform, namespace=helmmonitoringplatformit, ownerReferences=[OwnerReference(apiVersion=hivemq.com/v1, blockOwnerDeletion=null, controller=null, kind=HiveMQPlatform, name=test-hivemq-platform, uid=def98d92-b2bd-4df0-bb6c-694881101e4d, additionalProperties={})], resourceVersion=null, selfLink=null, uid=null, additionalProperties={}), roleRef=RoleRef(apiGroup=rbac.authorization.k8s.io, kind=Role, name=hivemq-platform-role-test-hivemq-platform, additionalProperties={}), subjects=[Subject(apiGroup=null, kind=ServiceAccount, name=hivemq-platform-pod-test-hivemq-platform, namespace=helmmonitoringplatformit, additionalProperties={})], additionalProperties={})
2025-01-29 13:41:55,245 INFO c.h.h.t.HelmChartContainer - [hivemq-test-hivemq-platform] [hivemq-platform-operator] [04a59eda] 13:41:55.244 [ReconcilerExecutor-hivemq-controller-54] INFO  c.h.p.o.HiveMQPlatformReconciler - [helmmoni] Reconciling HiveMQ Platform 'test-hivemq-platform' in namespace 'helmmonitoringplatformit'
2025-01-29 13:41:55,245 INFO c.h.h.t.HelmChartContainer - [hivemq-test-hivemq-platform] [hivemq-platform-operator] [04a59eda] 13:41:55.244 [ReconcilerExecutor-hivemq-controller-54] DEBUG c.h.p.o.HiveMQPlatformReconciler - [helmmoni] Custom Resource Status CREATED - HiveMQ Platform was created (READY)
2025-01-29 13:41:55,246 INFO c.h.h.t.HelmChartContainer - [hivemq-test-hivemq-platform] [hivemq-platform-operator] [04a59eda] 13:41:55.244 [ReconcilerExecutor-hivemq-controller-54] DEBUG c.h.p.o.HiveMQPlatformReconciler - [helmmoni] Custom Resource Spec (replicas: 2) (extensions: 1)
2025-01-29 13:41:55,248 INFO c.h.h.t.HelmChartContainer - [hivemq-test-hivemq-platform] [hivemq-platform-operator] [04a59eda] 13:41:55.247 [ReconcilerExecutor-hivemq-controller-54] INFO  c.h.p.o.h.HiveMQPlatformReconcilerBaseHandler - [helmmoni] HiveMQ Platform is starting
2025-01-29 13:41:55,349 INFO c.h.h.t.HelmChartContainer - [hivemq-test-hivemq-platform] [hivemq-platform-operator] [04a59eda] 13:41:55.348 [ReconcilerExecutor-hivemq-controller-54] DEBUG c.h.p.operator.event.EventSender - [helmmoni] Creating K8s event hivemq-platform-starting: [Start] HiveMQ Platform is starting
2025-01-29 13:41:55,357 INFO c.h.h.t.HelmChartContainer - [EVENT] Normal [Start] HiveMQ Platform is starting [helmmonitoringplatformit:test-hivemq-platform]
2025-01-29 13:41:55,360 INFO c.h.h.t.HelmChartContainer - [hivemq-test-hivemq-platform] [hivemq-platform-operator] [04a59eda] 13:41:55.359 [ReconcilerExecutor-hivemq-controller-54] INFO  c.h.p.o.h.AbstractHiveMQReconcilerStateHandler - [helmmoni] Update HiveMQ Platform Status (CREATED [READY] -> STARTING [READY]): HiveMQ Platform is starting
2025-01-29 13:41:55,450 DEBUG com.hivemq.helmcharts.util.K8sUtil - Comparing actual state 'STARTING' and waiting for 'RUNNING'
2025-01-29 13:42:05,459 INFO c.h.h.t.HelmChartContainer - [hivemq-test-hivemq-platform] [hivemq-platform-operator] [04a59eda] 13:42:05.458 [pool-6-thread-12] DEBUG c.h.p.o.d.PlatformServiceResource - [helmmoni] Desired Platform services (3 services)
2025-01-29 13:42:05,461 INFO c.h.h.t.HelmChartContainer - [hivemq-test-hivemq-platform] [hivemq-platform-operator] [04a59eda] 13:42:05.461 [pool-6-thread-13] DEBUG c.h.p.o.dependants.PodInfoConfigMap - [helmmoni] Desired PodInfo ConfigMap (1 extensions) (1 enabled)
2025-01-29 13:42:05,463 INFO c.h.h.t.HelmChartContainer - [hivemq-test-hivemq-platform] [hivemq-platform-operator] [04a59eda] 13:42:05.461 [pool-6-thread-13] DEBUG c.h.p.o.dependants.PodInfoConfigMap - [helmmoni] Desired PodInfo ConfigMap (metrics port: 9399) (metrics path: /)
2025-01-29 13:42:05,463 INFO c.h.h.t.HelmChartContainer - [hivemq-test-hivemq-platform] [hivemq-platform-operator] [04a59eda] 13:42:05.461 [pool-6-thread-13] DEBUG c.h.p.o.dependants.PodInfoConfigMap - [helmmoni] Desired PodInfo ConfigMap (extension state hash: -1817474005)
2025-01-29 13:42:05,467 INFO c.h.h.t.HelmChartContainer - [hivemq-test-hivemq-platform] [hivemq-platform-operator] [04a59eda] 13:42:05.466 [pool-6-thread-17] DEBUG c.h.p.o.d.PodServiceAccountResource - [helmmoni] Desired PodServiceAccountResource (serviceAccountName: hivemq-platform-pod-test-hivemq-platform)
2025-01-29 13:42:05,473 INFO c.h.h.t.HelmChartContainer - [hivemq-test-hivemq-platform] [hivemq-platform-operator] [04a59eda] 13:42:05.472 [pool-6-thread-13] DEBUG c.h.p.o.dependants.PodInfoConfigMap - [helmmoni] Update PodInfo ConfigMap
2025-01-29 13:42:05,557 INFO c.h.h.t.HelmChartContainer - [K3S] [alloc.go:330] "allocated clusterIPs" service="helmmonitoringplatformit/hivemq-test-hivemq-platform-mqtt-1883" clusterIPs={"IPv4":"10.43.144.75"}
2025-01-29 13:42:05,653 INFO c.h.h.t.HelmChartContainer - [K3S] [alloc.go:330] "allocated clusterIPs" service="helmmonitoringplatformit/hivemq-test-hivemq-platform-metrics-9399" clusterIPs={"IPv4":"10.43.88.19"}
2025-01-29 13:42:05,669 INFO c.h.h.t.HelmChartContainer - [K3S] [alloc.go:330] "allocated clusterIPs" service="helmmonitoringplatformit/hivemq-test-hivemq-platform-cc-8080" clusterIPs={"IPv4":"10.43.98.238"}
2025-01-29 13:42:05,748 INFO c.h.h.t.HelmChartContainer - [hivemq-test-hivemq-platform] [hivemq-platform-operator] [04a59eda] 13:42:05.746 [pool-6-thread-20] DEBUG c.h.p.o.d.StatefulSetResource - [helmmoni] Desired StatefulSet (2 replicas) for status STARTING (READY)
2025-01-29 13:42:05,762 INFO c.h.h.t.HelmChartContainer - [hivemq-test-hivemq-platform] [hivemq-platform-operator] [04a59eda] 13:42:05.761 [pool-6-thread-20] DEBUG c.h.p.o.d.StatefulSetResource - [helmmoni] Create StatefulSet
2025-01-29 13:42:05,860 INFO c.h.h.t.HelmChartContainer - [hivemq-test-hivemq-platform] [hivemq-platform-operator] [04a59eda] 13:42:05.856 [ReconcilerExecutor-hivemq-controller-65] INFO  c.h.p.o.HiveMQPlatformReconciler - [helmmoni] Reconciling HiveMQ Platform 'test-hivemq-platform' in namespace 'helmmonitoringplatformit'
2025-01-29 13:42:05,861 INFO c.h.h.t.HelmChartContainer - [hivemq-test-hivemq-platform] [hivemq-platform-operator] [04a59eda] 13:42:05.856 [ReconcilerExecutor-hivemq-controller-65] DEBUG c.h.p.o.HiveMQPlatformReconciler - [helmmoni] Custom Resource Status STARTING - HiveMQ Platform is starting (READY)
2025-01-29 13:42:05,861 INFO c.h.h.t.HelmChartContainer - [hivemq-test-hivemq-platform] [hivemq-platform-operator] [04a59eda] 13:42:05.856 [ReconcilerExecutor-hivemq-controller-65] DEBUG c.h.p.o.HiveMQPlatformReconciler - [helmmoni] Custom Resource Spec (replicas: 2) (extensions: 1)
2025-01-29 13:42:05,866 INFO c.h.h.t.HelmChartContainer - [hivemq-test-hivemq-platform] [hivemq-platform-operator] [04a59eda] 13:42:05.865 [ReconcilerExecutor-hivemq-controller-65] DEBUG c.h.p.o.HiveMQPlatformReconciler - [helmmoni] StatefulSet Status (revision: null, replicas: 0, available: 0, ready: 0, current: 0, updated: 0)
2025-01-29 13:42:05,866 INFO c.h.h.t.HelmChartContainer - [hivemq-test-hivemq-platform] [hivemq-platform-operator] [04a59eda] 13:42:05.865 [ReconcilerExecutor-hivemq-controller-65] DEBUG c.h.p.o.HiveMQPlatformReconciler - [helmmoni] StatefulSet Spec (replicas: 2, init containers: 1, containers: 1, volumes: 3)
2025-01-29 13:42:05,870 INFO c.h.h.t.HelmChartContainer - [POD] test-hivemq-platform-0 [18f6316e-d68a-43a6-8f36-f78e5d534317] in helmmonitoringplatformit was ADDED
2025-01-29 13:42:05,870 INFO c.h.h.t.HelmChartContainer - [EVENT] Normal [SuccessfulCreate] create Pod test-hivemq-platform-0 in StatefulSet test-hivemq-platform successful [helmmonitoringplatformit:test-hivemq-platform]
2025-01-29 13:42:05,875 INFO c.h.h.t.HelmChartContainer - [POD] test-hivemq-platform-0 [18f6316e-d68a-43a6-8f36-f78e5d534317] in helmmonitoringplatformit was MODIFIED
2025-01-29 13:42:05,877 INFO c.h.h.t.HelmChartContainer - [K3S] [memory_manager.go:355] "RemoveStaleState removing state" podUID="5dd7f1fd-6b7e-4a1f-ac3c-9378418e8c13" containerName="patch"
2025-01-29 13:42:05,878 INFO c.h.h.t.HelmChartContainer - [EVENT] Normal [Scheduled] Successfully assigned helmmonitoringplatformit/test-hivemq-platform-0 to b2bf2ea6808c [helmmonitoringplatformit:test-hivemq-platform-0]
2025-01-29 13:42:05,891 INFO c.h.h.t.HelmChartContainer - [POD] test-hivemq-platform-0 [18f6316e-d68a-43a6-8f36-f78e5d534317] in helmmonitoringplatformit was MODIFIED
2025-01-29 13:42:05,954 INFO c.h.h.t.HelmChartContainer - [hivemq-test-hivemq-platform] [hivemq-platform-operator] [04a59eda] 13:42:05.952 [ReconcilerExecutor-hivemq-controller-65] DEBUG c.h.p.o.h.HiveMQPlatformReconcilerErrorHandler - [helmmoni] Pod 'test-hivemq-platform-0' phase Pending
2025-01-29 13:42:05,955 INFO c.h.h.t.HelmChartContainer - [hivemq-test-hivemq-platform] [hivemq-platform-operator] [04a59eda] 13:42:05.954 [ReconcilerExecutor-hivemq-controller-65] INFO  c.h.p.o.h.HiveMQPlatformReconcilerBaseHandler - [helmmoni] HiveMQ Platform is starting, 0 of 2 replicas are ready
2025-01-29 13:42:06,010 INFO c.h.h.t.HelmChartContainer - [K3S] [reconciler_common.go:251] "operationExecutor.VerifyControllerAttachedVolume started for volume \"operator-init\" (UniqueName: \"kubernetes.io/empty-dir/18f6316e-d68a-43a6-8f36-f78e5d534317-operator-init\") pod \"test-hivemq-platform-0\" (UID: \"18f6316e-d68a-43a6-8f36-f78e5d534317\") " pod="helmmonitoringplatformit/test-hivemq-platform-0"
2025-01-29 13:42:06,010 INFO c.h.h.t.HelmChartContainer - [K3S] [reconciler_common.go:251] "operationExecutor.VerifyControllerAttachedVolume started for volume \"broker-configuration\" (UniqueName: \"kubernetes.io/configmap/18f6316e-d68a-43a6-8f36-f78e5d534317-broker-configuration\") pod \"test-hivemq-platform-0\" (UID: \"18f6316e-d68a-43a6-8f36-f78e5d534317\") " pod="helmmonitoringplatformit/test-hivemq-platform-0"
2025-01-29 13:42:06,010 INFO c.h.h.t.HelmChartContainer - [K3S] [reconciler_common.go:251] "operationExecutor.VerifyControllerAttachedVolume started for volume \"pod-info\" (UniqueName: \"kubernetes.io/configmap/18f6316e-d68a-43a6-8f36-f78e5d534317-pod-info\") pod \"test-hivemq-platform-0\" (UID: \"18f6316e-d68a-43a6-8f36-f78e5d534317\") " pod="helmmonitoringplatformit/test-hivemq-platform-0"
2025-01-29 13:42:06,010 INFO c.h.h.t.HelmChartContainer - [K3S] [reconciler_common.go:251] "operationExecutor.VerifyControllerAttachedVolume started for volume \"kube-api-access-6k8n5\" (UniqueName: \"kubernetes.io/projected/18f6316e-d68a-43a6-8f36-f78e5d534317-kube-api-access-6k8n5\") pod \"test-hivemq-platform-0\" (UID: \"18f6316e-d68a-43a6-8f36-f78e5d534317\") " pod="helmmonitoringplatformit/test-hivemq-platform-0"
2025-01-29 13:42:06,045 INFO c.h.h.t.HelmChartContainer - [hivemq-test-hivemq-platform] [hivemq-platform-operator] [04a59eda] 13:42:06.043 [pool-6-thread-22] DEBUG c.h.p.o.d.PlatformServiceResource - [helmmoni] Desired Platform services (3 services)
2025-01-29 13:42:06,047 INFO c.h.h.t.HelmChartContainer - [hivemq-test-hivemq-platform] [hivemq-platform-operator] [04a59eda] 13:42:06.046 [pool-6-thread-23] DEBUG c.h.p.o.dependants.PodInfoConfigMap - [helmmoni] Desired PodInfo ConfigMap (1 extensions) (1 enabled)
2025-01-29 13:42:06,048 INFO c.h.h.t.HelmChartContainer - [hivemq-test-hivemq-platform] [hivemq-platform-operator] [04a59eda] 13:42:06.046 [pool-6-thread-23] DEBUG c.h.p.o.dependants.PodInfoConfigMap - [helmmoni] Desired PodInfo ConfigMap (metrics port: 9399) (metrics path: /)
2025-01-29 13:42:06,048 INFO c.h.h.t.HelmChartContainer - [hivemq-test-hivemq-platform] [hivemq-platform-operator] [04a59eda] 13:42:06.046 [pool-6-thread-23] DEBUG c.h.p.o.dependants.PodInfoConfigMap - [helmmoni] Desired PodInfo ConfigMap (extension state hash: -1817474005)
2025-01-29 13:42:06,050 INFO c.h.h.t.HelmChartContainer - [hivemq-test-hivemq-platform] [hivemq-platform-operator] [04a59eda] 13:42:06.049 [pool-6-thread-27] DEBUG c.h.p.o.d.PodServiceAccountResource - [helmmoni] Desired PodServiceAccountResource (serviceAccountName: hivemq-platform-pod-test-hivemq-platform)
2025-01-29 13:42:06,057 INFO c.h.h.t.HelmChartContainer - [hivemq-test-hivemq-platform] [hivemq-platform-operator] [04a59eda] 13:42:06.056 [pool-6-thread-30] DEBUG c.h.p.o.d.StatefulSetResource - [helmmoni] Desired StatefulSet (2 replicas) for status STARTING (READY)
2025-01-29 13:42:06,144 INFO c.h.h.t.HelmChartContainer - [hivemq-test-hivemq-platform] [hivemq-platform-operator] [04a59eda] 13:42:06.143 [ReconcilerExecutor-hivemq-controller-76] INFO  c.h.p.o.HiveMQPlatformReconciler - [helmmoni] Reconciling HiveMQ Platform 'test-hivemq-platform' in namespace 'helmmonitoringplatformit'
2025-01-29 13:42:06,145 INFO c.h.h.t.HelmChartContainer - [hivemq-test-hivemq-platform] [hivemq-platform-operator] [04a59eda] 13:42:06.143 [ReconcilerExecutor-hivemq-controller-76] DEBUG c.h.p.o.HiveMQPlatformReconciler - [helmmoni] Custom Resource Status STARTING - HiveMQ Platform is starting (READY)
2025-01-29 13:42:06,146 INFO c.h.h.t.HelmChartContainer - [hivemq-test-hivemq-platform] [hivemq-platform-operator] [04a59eda] 13:42:06.143 [ReconcilerExecutor-hivemq-controller-76] DEBUG c.h.p.o.HiveMQPlatformReconciler - [helmmoni] Custom Resource Spec (replicas: 2) (extensions: 1)
2025-01-29 13:42:06,148 INFO c.h.h.t.HelmChartContainer - [hivemq-test-hivemq-platform] [hivemq-platform-operator] [04a59eda] 13:42:06.147 [ReconcilerExecutor-hivemq-controller-76] DEBUG c.h.p.o.HiveMQPlatformReconciler - [helmmoni] StatefulSet Status (revision: test-hivemq-platform-64db946475, replicas: 1, available: 0, ready: 0, current: 1, updated: 1)
2025-01-29 13:42:06,148 INFO c.h.h.t.HelmChartContainer - [hivemq-test-hivemq-platform] [hivemq-platform-operator] [04a59eda] 13:42:06.147 [ReconcilerExecutor-hivemq-controller-76] DEBUG c.h.p.o.HiveMQPlatformReconciler - [helmmoni] StatefulSet Spec (replicas: 2, init containers: 1, containers: 1, volumes: 3)
2025-01-29 13:42:06,155 INFO c.h.h.t.HelmChartContainer - [hivemq-test-hivemq-platform] [hivemq-platform-operator] [04a59eda] 13:42:06.153 [ReconcilerExecutor-hivemq-controller-76] DEBUG c.h.p.o.h.HiveMQPlatformReconcilerErrorHandler - [helmmoni] Pod 'test-hivemq-platform-0' phase Pending
2025-01-29 13:42:06,155 INFO c.h.h.t.HelmChartContainer - [hivemq-test-hivemq-platform] [hivemq-platform-operator] [04a59eda] 13:42:06.153 [ReconcilerExecutor-hivemq-controller-76] DEBUG c.h.p.o.h.HiveMQPlatformReconcilerErrorHandler - [helmmoni] Pod 'test-hivemq-platform-0' condition 'PodReadyToStartContainers': False
2025-01-29 13:42:06,155 INFO c.h.h.t.HelmChartContainer - [hivemq-test-hivemq-platform] [hivemq-platform-operator] [04a59eda] 13:42:06.154 [ReconcilerExecutor-hivemq-controller-76] DEBUG c.h.p.o.h.HiveMQPlatformReconcilerErrorHandler - [helmmoni] Pod 'test-hivemq-platform-0' condition 'Initialized': False
2025-01-29 13:42:06,155 INFO c.h.h.t.HelmChartContainer - [hivemq-test-hivemq-platform] [hivemq-platform-operator] [04a59eda] 13:42:06.154 [ReconcilerExecutor-hivemq-controller-76] DEBUG c.h.p.o.h.HiveMQPlatformReconcilerErrorHandler - [helmmoni] Pod 'test-hivemq-platform-0' condition 'Ready': False
2025-01-29 13:42:06,155 INFO c.h.h.t.HelmChartContainer - [hivemq-test-hivemq-platform] [hivemq-platform-operator] [04a59eda] 13:42:06.154 [ReconcilerExecutor-hivemq-controller-76] DEBUG c.h.p.o.h.HiveMQPlatformReconcilerErrorHandler - [helmmoni] Pod 'test-hivemq-platform-0' condition 'ContainersReady': False
2025-01-29 13:42:06,155 INFO c.h.h.t.HelmChartContainer - [hivemq-test-hivemq-platform] [hivemq-platform-operator] [04a59eda] 13:42:06.154 [ReconcilerExecutor-hivemq-controller-76] DEBUG c.h.p.o.h.HiveMQPlatformReconcilerErrorHandler - [helmmoni] Pod 'test-hivemq-platform-0' condition 'PodScheduled': True
2025-01-29 13:42:06,155 INFO c.h.h.t.HelmChartContainer - [hivemq-test-hivemq-platform] [hivemq-platform-operator] [04a59eda] 13:42:06.154 [ReconcilerExecutor-hivemq-controller-76] DEBUG c.h.p.o.h.HiveMQPlatformReconcilerErrorHandler - [helmmoni] Pod 'test-hivemq-platform-0' containerStatus 'hivemq' (started: false) (ready: false) (waiting: [PodInitializing] null)
2025-01-29 13:42:06,157 INFO c.h.h.t.HelmChartContainer - [hivemq-test-hivemq-platform] [hivemq-platform-operator] [04a59eda] 13:42:06.156 [ReconcilerExecutor-hivemq-controller-76] INFO  c.h.p.o.h.HiveMQPlatformReconcilerBaseHandler - [helmmoni] HiveMQ Platform is starting, 0 of 2 replicas are ready
2025-01-29 13:42:06,273 INFO c.h.h.t.HelmChartContainer - [EVENT] Normal [Pulled] Container image "docker.io/hivemq/hivemq-platform-operator-init-test:snapshot" already present on machine [helmmonitoringplatformit:test-hivemq-platform-0]
2025-01-29 13:42:06,433 INFO c.h.h.t.HelmChartContainer - [EVENT] Normal [Created] Created container: hivemq-platform-operator-init [helmmonitoringplatformit:test-hivemq-platform-0]
2025-01-29 13:42:06,468 INFO c.h.h.t.HelmChartContainer - [EVENT] Normal [Started] Started container hivemq-platform-operator-init [helmmonitoringplatformit:test-hivemq-platform-0]
2025-01-29 13:42:06,627 INFO c.h.h.t.HelmChartContainer - [EVENT] Normal [Pulled] Container image "docker.io/hivemq/hivemq4:4.36.0" already present on machine [helmmonitoringplatformit:test-hivemq-platform-0]
2025-01-29 13:42:06,627 INFO c.h.h.t.HelmChartContainer - Received Pulled event for container hivemq in pod test-hivemq-platform-0 [18f6316e-d68a-43a6-8f36-f78e5d534317]
2025-01-29 13:42:06,639 INFO c.h.h.t.HelmChartContainer - [POD] test-hivemq-platform-0 [18f6316e-d68a-43a6-8f36-f78e5d534317] in helmmonitoringplatformit was MODIFIED
2025-01-29 13:42:06,671 INFO c.h.h.t.HelmChartContainer - [hivemq-test-hivemq-platform] [hivemq-platform-operator] [04a59eda] 13:42:06.651 [pool-6-thread-32] DEBUG c.h.p.o.d.PlatformServiceResource - [helmmoni] Desired Platform services (3 services)
2025-01-29 13:42:06,672 INFO c.h.h.t.HelmChartContainer - [hivemq-test-hivemq-platform] [hivemq-platform-operator] [04a59eda] 13:42:06.654 [pool-6-thread-33] DEBUG c.h.p.o.dependants.PodInfoConfigMap - [helmmoni] Desired PodInfo ConfigMap (1 extensions) (1 enabled)
2025-01-29 13:42:06,673 INFO c.h.h.t.HelmChartContainer - [hivemq-test-hivemq-platform] [hivemq-platform-operator] [04a59eda] 13:42:06.655 [pool-6-thread-33] DEBUG c.h.p.o.dependants.PodInfoConfigMap - [helmmoni] Desired PodInfo ConfigMap (metrics port: 9399) (metrics path: /)
2025-01-29 13:42:06,673 INFO c.h.h.t.HelmChartContainer - [hivemq-test-hivemq-platform] [hivemq-platform-operator] [04a59eda] 13:42:06.655 [pool-6-thread-33] DEBUG c.h.p.o.dependants.PodInfoConfigMap - [helmmoni] Desired PodInfo ConfigMap (extension state hash: -1817474005)
2025-01-29 13:42:06,673 INFO c.h.h.t.HelmChartContainer - [hivemq-test-hivemq-platform] [hivemq-platform-operator] [04a59eda] 13:42:06.660 [pool-6-thread-37] DEBUG c.h.p.o.d.PodServiceAccountResource - [helmmoni] Desired PodServiceAccountResource (serviceAccountName: hivemq-platform-pod-test-hivemq-platform)
2025-01-29 13:42:06,741 INFO c.h.h.t.HelmChartContainer - [hivemq-test-hivemq-platform] [hivemq-platform-operator] [04a59eda] 13:42:06.740 [pool-6-thread-40] DEBUG c.h.p.o.d.StatefulSetResource - [helmmoni] Desired StatefulSet (2 replicas) for status STARTING (READY)
2025-01-29 13:42:06,747 INFO c.h.h.t.HelmChartContainer - [hivemq-test-hivemq-platform] [hivemq-platform-operator] [04a59eda] 13:42:06.745 [ReconcilerExecutor-hivemq-controller-87] INFO  c.h.p.o.HiveMQPlatformReconciler - [helmmoni] Reconciling HiveMQ Platform 'test-hivemq-platform' in namespace 'helmmonitoringplatformit'
2025-01-29 13:42:06,747 INFO c.h.h.t.HelmChartContainer - [hivemq-test-hivemq-platform] [hivemq-platform-operator] [04a59eda] 13:42:06.745 [ReconcilerExecutor-hivemq-controller-87] DEBUG c.h.p.o.HiveMQPlatformReconciler - [helmmoni] Custom Resource Status STARTING - HiveMQ Platform is starting (READY)
2025-01-29 13:42:06,747 INFO c.h.h.t.HelmChartContainer - [hivemq-test-hivemq-platform] [hivemq-platform-operator] [04a59eda] 13:42:06.745 [ReconcilerExecutor-hivemq-controller-87] DEBUG c.h.p.o.HiveMQPlatformReconciler - [helmmoni] Custom Resource Spec (replicas: 2) (extensions: 1)
2025-01-29 13:42:06,749 INFO c.h.h.t.HelmChartContainer - [hivemq-test-hivemq-platform] [hivemq-platform-operator] [04a59eda] 13:42:06.747 [ReconcilerExecutor-hivemq-controller-87] DEBUG c.h.p.o.HiveMQPlatformReconciler - [helmmoni] StatefulSet Status (revision: test-hivemq-platform-64db946475, replicas: 1, available: 0, ready: 0, current: 1, updated: 1)
2025-01-29 13:42:06,749 INFO c.h.h.t.HelmChartContainer - [hivemq-test-hivemq-platform] [hivemq-platform-operator] [04a59eda] 13:42:06.747 [ReconcilerExecutor-hivemq-controller-87] DEBUG c.h.p.o.HiveMQPlatformReconciler - [helmmoni] StatefulSet Spec (replicas: 2, init containers: 1, containers: 1, volumes: 3)
2025-01-29 13:42:06,752 INFO c.h.h.t.HelmChartContainer - [hivemq-test-hivemq-platform] [hivemq-platform-operator] [04a59eda] 13:42:06.751 [ReconcilerExecutor-hivemq-controller-87] DEBUG c.h.p.o.h.HiveMQPlatformReconcilerErrorHandler - [helmmoni] Pod 'test-hivemq-platform-0' phase Pending
2025-01-29 13:42:06,753 INFO c.h.h.t.HelmChartContainer - [hivemq-test-hivemq-platform] [hivemq-platform-operator] [04a59eda] 13:42:06.751 [ReconcilerExecutor-hivemq-controller-87] DEBUG c.h.p.o.h.HiveMQPlatformReconcilerErrorHandler - [helmmoni] Pod 'test-hivemq-platform-0' condition 'PodReadyToStartContainers': True
2025-01-29 13:42:06,754 INFO c.h.h.t.HelmChartContainer - [hivemq-test-hivemq-platform] [hivemq-platform-operator] [04a59eda] 13:42:06.751 [ReconcilerExecutor-hivemq-controller-87] DEBUG c.h.p.o.h.HiveMQPlatformReconcilerErrorHandler - [helmmoni] Pod 'test-hivemq-platform-0' condition 'Initialized': True
2025-01-29 13:42:06,754 INFO c.h.h.t.HelmChartContainer - [hivemq-test-hivemq-platform] [hivemq-platform-operator] [04a59eda] 13:42:06.751 [ReconcilerExecutor-hivemq-controller-87] DEBUG c.h.p.o.h.HiveMQPlatformReconcilerErrorHandler - [helmmoni] Pod 'test-hivemq-platform-0' condition 'Ready': False
2025-01-29 13:42:06,754 INFO c.h.h.t.HelmChartContainer - [hivemq-test-hivemq-platform] [hivemq-platform-operator] [04a59eda] 13:42:06.751 [ReconcilerExecutor-hivemq-controller-87] DEBUG c.h.p.o.h.HiveMQPlatformReconcilerErrorHandler - [helmmoni] Pod 'test-hivemq-platform-0' condition 'ContainersReady': False
2025-01-29 13:42:06,754 INFO c.h.h.t.HelmChartContainer - [hivemq-test-hivemq-platform] [hivemq-platform-operator] [04a59eda] 13:42:06.751 [ReconcilerExecutor-hivemq-controller-87] DEBUG c.h.p.o.h.HiveMQPlatformReconcilerErrorHandler - [helmmoni] Pod 'test-hivemq-platform-0' condition 'PodScheduled': True
2025-01-29 13:42:06,754 INFO c.h.h.t.HelmChartContainer - [hivemq-test-hivemq-platform] [hivemq-platform-operator] [04a59eda] 13:42:06.751 [ReconcilerExecutor-hivemq-controller-87] DEBUG c.h.p.o.h.HiveMQPlatformReconcilerErrorHandler - [helmmoni] Pod 'test-hivemq-platform-0' containerStatus 'hivemq' (started: false) (ready: false) (waiting: [PodInitializing] null)
2025-01-29 13:42:06,754 INFO c.h.h.t.HelmChartContainer - [hivemq-test-hivemq-platform] [hivemq-platform-operator] [04a59eda] 13:42:06.752 [ReconcilerExecutor-hivemq-controller-87] INFO  c.h.p.o.h.HiveMQPlatformReconcilerBaseHandler - [helmmoni] HiveMQ Platform is starting, 0 of 2 replicas are ready
2025-01-29 13:42:08,493 INFO c.h.h.t.HelmChartContainer - [EVENT] Normal [Created] Created container: hivemq [helmmonitoringplatformit:test-hivemq-platform-0]
2025-01-29 13:42:08,493 INFO c.h.h.t.HelmChartContainer - Received Created event for container hivemq in pod test-hivemq-platform-0 [18f6316e-d68a-43a6-8f36-f78e5d534317]
2025-01-29 13:42:08,647 INFO c.h.h.t.HelmChartContainer - [POD] test-hivemq-platform-0 [18f6316e-d68a-43a6-8f36-f78e5d534317] in helmmonitoringplatformit was MODIFIED
2025-01-29 13:42:08,657 INFO c.h.h.t.HelmChartContainer - [EVENT] Normal [Started] Started container hivemq [helmmonitoringplatformit:test-hivemq-platform-0]
2025-01-29 13:42:08,657 INFO c.h.h.t.HelmChartContainer - Received Started event for container hivemq in pod test-hivemq-platform-0 [18f6316e-d68a-43a6-8f36-f78e5d534317]
2025-01-29 13:42:08,657 INFO c.h.h.t.HelmChartContainer - Started log watcher for hivemq in pod test-hivemq-platform-0 [18f6316e-d68a-43a6-8f36-f78e5d534317]
2025-01-29 13:42:08,657 INFO c.h.h.t.HelmChartContainer - [test-hivemq-platform] [hivemq] [18f6316e] Adding pre-installed HiveMQ Platform Operator extensions
2025-01-29 13:42:08,657 INFO c.h.h.t.HelmChartContainer - [test-hivemq-platform] [hivemq] [18f6316e] Running as user 10000
2025-01-29 13:42:08,657 INFO c.h.h.t.HelmChartContainer - [test-hivemq-platform] [hivemq] [18f6316e] Starting HiveMQ Platform Operator Init
2025-01-29 13:42:08,658 INFO c.h.h.t.HelmChartContainer - [hivemq-test-hivemq-platform] [hivemq-platform-operator] [04a59eda] 13:42:08.655 [pool-6-thread-42] DEBUG c.h.p.o.d.PlatformServiceResource - [helmmoni] Desired Platform services (3 services)
2025-01-29 13:42:08,660 INFO c.h.h.t.HelmChartContainer - [hivemq-test-hivemq-platform] [hivemq-platform-operator] [04a59eda] 13:42:08.657 [pool-6-thread-43] DEBUG c.h.p.o.dependants.PodInfoConfigMap - [helmmoni] Desired PodInfo ConfigMap (1 extensions) (1 enabled)
2025-01-29 13:42:08,660 INFO c.h.h.t.HelmChartContainer - [hivemq-test-hivemq-platform] [hivemq-platform-operator] [04a59eda] 13:42:08.657 [pool-6-thread-43] DEBUG c.h.p.o.dependants.PodInfoConfigMap - [helmmoni] Desired PodInfo ConfigMap (metrics port: 9399) (metrics path: /)
2025-01-29 13:42:08,660 INFO c.h.h.t.HelmChartContainer - [hivemq-test-hivemq-platform] [hivemq-platform-operator] [04a59eda] 13:42:08.657 [pool-6-thread-43] DEBUG c.h.p.o.dependants.PodInfoConfigMap - [helmmoni] Desired PodInfo ConfigMap (extension state hash: -1817474005)
2025-01-29 13:42:08,665 INFO c.h.h.t.HelmChartContainer - [hivemq-test-hivemq-platform] [hivemq-platform-operator] [04a59eda] 13:42:08.661 [pool-6-thread-47] DEBUG c.h.p.o.d.PodServiceAccountResource - [helmmoni] Desired PodServiceAccountResource (serviceAccountName: hivemq-platform-pod-test-hivemq-platform)
2025-01-29 13:42:08,746 INFO c.h.h.t.HelmChartContainer - [hivemq-test-hivemq-platform] [hivemq-platform-operator] [04a59eda] 13:42:08.744 [pool-6-thread-50] DEBUG c.h.p.o.d.StatefulSetResource - [helmmoni] Desired StatefulSet (2 replicas) for status STARTING (READY)
2025-01-29 13:42:08,750 INFO c.h.h.t.HelmChartContainer - [hivemq-test-hivemq-platform] [hivemq-platform-operator] [04a59eda] 13:42:08.749 [ReconcilerExecutor-hivemq-controller-98] INFO  c.h.p.o.HiveMQPlatformReconciler - [helmmoni] Reconciling HiveMQ Platform 'test-hivemq-platform' in namespace 'helmmonitoringplatformit'
2025-01-29 13:42:08,750 INFO c.h.h.t.HelmChartContainer - [hivemq-test-hivemq-platform] [hivemq-platform-operator] [04a59eda] 13:42:08.749 [ReconcilerExecutor-hivemq-controller-98] DEBUG c.h.p.o.HiveMQPlatformReconciler - [helmmoni] Custom Resource Status STARTING - HiveMQ Platform is starting (READY)
2025-01-29 13:42:08,750 INFO c.h.h.t.HelmChartContainer - [hivemq-test-hivemq-platform] [hivemq-platform-operator] [04a59eda] 13:42:08.749 [ReconcilerExecutor-hivemq-controller-98] DEBUG c.h.p.o.HiveMQPlatformReconciler - [helmmoni] Custom Resource Spec (replicas: 2) (extensions: 1)
2025-01-29 13:42:08,753 INFO c.h.h.t.HelmChartContainer - [hivemq-test-hivemq-platform] [hivemq-platform-operator] [04a59eda] 13:42:08.752 [ReconcilerExecutor-hivemq-controller-98] DEBUG c.h.p.o.HiveMQPlatformReconciler - [helmmoni] StatefulSet Status (revision: test-hivemq-platform-64db946475, replicas: 1, available: 0, ready: 0, current: 1, updated: 1)
2025-01-29 13:42:08,753 INFO c.h.h.t.HelmChartContainer - [hivemq-test-hivemq-platform] [hivemq-platform-operator] [04a59eda] 13:42:08.752 [ReconcilerExecutor-hivemq-controller-98] DEBUG c.h.p.o.HiveMQPlatformReconciler - [helmmoni] StatefulSet Spec (replicas: 2, init containers: 1, containers: 1, volumes: 3)
2025-01-29 13:42:08,755 INFO c.h.h.t.HelmChartContainer - [hivemq-test-hivemq-platform] [hivemq-platform-operator] [04a59eda] 13:42:08.754 [ReconcilerExecutor-hivemq-controller-98] DEBUG c.h.p.o.h.HiveMQPlatformReconcilerErrorHandler - [helmmoni] Pod 'test-hivemq-platform-0' phase Running
2025-01-29 13:42:08,756 INFO c.h.h.t.HelmChartContainer - [hivemq-test-hivemq-platform] [hivemq-platform-operator] [04a59eda] 13:42:08.755 [ReconcilerExecutor-hivemq-controller-98] INFO  c.h.p.o.h.HiveMQPlatformReconcilerBaseHandler - [helmmoni] HiveMQ Platform is starting, 0 of 2 replicas are ready
2025-01-29 13:42:09,806 INFO c.h.h.t.HelmChartContainer - [test-hivemq-platform] [hivemq] [18f6316e] INFO  - [HiveMQ Platform Operator Init 1.7.0-SNAPSHOT] HiveMQ Platform Operator Init 1.7.0-SNAPSHOT (commit: bebf408 on branch: HEAD) built on Sun Jan 26 20:47:47 UTC 2025
2025-01-29 13:42:11,019 INFO c.h.h.t.HelmChartContainer - [test-hivemq-platform] [hivemq] [18f6316e] INFO  - [HiveMQ Platform Operator Init App 1.7.0-SNAPSHOT] Using bind address 10.42.0.17 from environment variable
2025-01-29 13:42:11,999 INFO c.h.h.t.HelmChartContainer - [test-hivemq-platform] [hivemq] [18f6316e] INFO  - [HiveMQ Platform Operator Init App 1.7.0-SNAPSHOT] HiveMQ Platform Operator Init App 1.7.0-SNAPSHOT (commit: bebf408 on branch: HEAD) built on Sun Jan 26 20:47:47 UTC 2025
2025-01-29 13:42:11,999 INFO c.h.h.t.HelmChartContainer - [test-hivemq-platform] [hivemq] [18f6316e] INFO  - [HiveMQ Platform Operator Init App 1.7.0-SNAPSHOT] PodInfo ConfigMap directory: /etc/podinfo
2025-01-29 13:42:12,000 INFO c.h.h.t.HelmChartContainer - [test-hivemq-platform] [hivemq] [18f6316e] INFO  - [HiveMQ Platform Operator Init App 1.7.0-SNAPSHOT] HiveMQ home directory: /opt/hivemq
2025-01-29 13:42:12,000 INFO c.h.h.t.HelmChartContainer - [test-hivemq-platform] [hivemq] [18f6316e] INFO  - [HiveMQ Platform Operator Init App 1.7.0-SNAPSHOT] HiveMQ Logback folder: /opt/hivemq/conf
2025-01-29 13:42:12,000 INFO c.h.h.t.HelmChartContainer - [test-hivemq-platform] [hivemq] [18f6316e] INFO  - [HiveMQ Platform Operator Init App 1.7.0-SNAPSHOT] HiveMQ Config folder: /opt/hivemq/conf-k8s
2025-01-29 13:42:12,000 INFO c.h.h.t.HelmChartContainer - [test-hivemq-platform] [hivemq] [18f6316e] INFO  - [HiveMQ Platform Operator Init App 1.7.0-SNAPSHOT] Starting HiveMQ Platform Operator Init App
2025-01-29 13:42:12,000 INFO c.h.h.t.HelmChartContainer - [test-hivemq-platform] [hivemq] [18f6316e] INFO  - [HiveMQ Platform Operator Init App 1.7.0-SNAPSHOT] Starting Pod reconciler
2025-01-29 13:42:13,114 INFO c.h.h.t.HelmChartContainer - [test-hivemq-platform] [hivemq] [18f6316e] INFO  - [HiveMQ Platform Operator Init App 1.7.0-SNAPSHOT] Pod reconciler is scheduled (interval: 5000 ms)
2025-01-29 13:42:13,115 INFO c.h.h.t.HelmChartContainer - [test-hivemq-platform] [hivemq] [18f6316e] INFO  - [HiveMQ Platform Operator Init App 1.7.0-SNAPSHOT] Starting the REST API on 10.42.0.17:7979
2025-01-29 13:42:13,118 INFO c.h.h.t.HelmChartContainer - [test-hivemq-platform] [hivemq] [18f6316e] INFO  - [HiveMQ Platform Operator Init App 1.7.0-SNAPSHOT] Waiting up to 600s for at most 2 HiveMQ nodes in cluster service hivemq-test-hivemq-platform-cluster.helmmonitoringplatformit.svc
2025-01-29 13:42:13,508 INFO c.h.h.t.HelmChartContainer - [test-hivemq-platform] [hivemq] [18f6316e] INFO  - [HiveMQ Platform Operator Init App 1.7.0-SNAPSHOT] Resolved 1 IP addresses: [10.42.0.17]
2025-01-29 13:42:13,508 INFO c.h.h.t.HelmChartContainer - [test-hivemq-platform] [hivemq] [18f6316e] INFO  - [HiveMQ Platform Operator Init App 1.7.0-SNAPSHOT] HiveMQ node count of 1 is within threshold of 2
2025-01-29 13:42:13,508 INFO c.h.h.t.HelmChartContainer - [test-hivemq-platform] [hivemq] [18f6316e] INFO  - [HiveMQ Platform Operator Init App 1.7.0-SNAPSHOT] Proceeding with container start
2025-01-29 13:42:13,592 INFO c.h.h.t.HelmChartContainer - [test-hivemq-platform] [hivemq] [18f6316e] INFO  - [HiveMQ Platform Operator Init App 1.7.0-SNAPSHOT] Initializing HiveMQ Platform extensions with initial configuration: {hivemq-allow-all-extension={start-priority=-1, skip-https-hostname-verification=false, restart=true, config-version=0, header-version=0, c-uri=, priority=-1, uri=preinstalled, skip-https-certificate-validation=false, enabled=true}, hivemq-prometheus-extension={restart=true, priority=-1, start-priority=-1, c-uri=, skip-https-hostname-verification=false, skip-https-certificate-validation=false, uri=preinstalled, request-header-path=no-request-headers, enabled=true}}
2025-01-29 13:42:14,098 INFO c.h.h.t.HelmChartContainer - [test-hivemq-platform] [hivemq] [18f6316e] INFO  - [HiveMQ Platform Operator Init App 1.7.0-SNAPSHOT] Extension hivemq-allow-all-extension was already enabled
2025-01-29 13:42:14,106 INFO c.h.h.t.HelmChartContainer - [test-hivemq-platform] [hivemq] [18f6316e] INFO  - [HiveMQ Platform Operator Init App 1.7.0-SNAPSHOT] Successfully enabled extension hivemq-prometheus-extension
2025-01-29 13:42:14,185 INFO c.h.h.t.HelmChartContainer - [test-hivemq-platform] [hivemq] [18f6316e] INFO  - [HiveMQ Platform Operator Init App 1.7.0-SNAPSHOT] Starting HiveMQ Platform version 4.36.0 (4.36.0)
2025-01-29 13:42:14,185 INFO c.h.h.t.HelmChartContainer - [test-hivemq-platform] [hivemq] [18f6316e] INFO  - [HiveMQ Platform Operator Init App 1.7.0-SNAPSHOT] Configuring the HiveMQ Platform
2025-01-29 13:42:14,199 INFO c.h.h.t.HelmChartContainer - [test-hivemq-platform] [hivemq] [18f6316e] INFO  - [HiveMQ Platform Operator Init App 1.7.0-SNAPSHOT] Changed logback.xml file scan period to 20 seconds
2025-01-29 13:42:14,211 INFO c.h.h.t.HelmChartContainer - [test-hivemq-platform] [hivemq] [18f6316e] INFO  - [HiveMQ Platform Operator Init App 1.7.0-SNAPSHOT] Starting the HiveMQ Platform
2025-01-29 13:42:14,298 INFO c.h.h.t.HelmChartContainer - [test-hivemq-platform] [hivemq] [18f6316e] -------------------------------------------------------------------------
2025-01-29 13:42:14,298 INFO c.h.h.t.HelmChartContainer - [test-hivemq-platform] [hivemq] [18f6316e] 
2025-01-29 13:42:14,298 INFO c.h.h.t.HelmChartContainer - [test-hivemq-platform] [hivemq] [18f6316e]                   _    _  _              __  __   ____
2025-01-29 13:42:14,298 INFO c.h.h.t.HelmChartContainer - [test-hivemq-platform] [hivemq] [18f6316e]                  | |  | |(_)            |  \/  | / __ \
2025-01-29 13:42:14,298 INFO c.h.h.t.HelmChartContainer - [test-hivemq-platform] [hivemq] [18f6316e]                  | |__| | _ __   __ ___ | \  / || |  | |
2025-01-29 13:42:14,298 INFO c.h.h.t.HelmChartContainer - [test-hivemq-platform] [hivemq] [18f6316e]                  |  __  || |\ \ / // _ \| |\/| || |  | |
2025-01-29 13:42:14,298 INFO c.h.h.t.HelmChartContainer - [test-hivemq-platform] [hivemq] [18f6316e]                  | |  | || | \ V /|  __/| |  | || |__| |
2025-01-29 13:42:14,298 INFO c.h.h.t.HelmChartContainer - [test-hivemq-platform] [hivemq] [18f6316e]                  |_|  |_||_|  \_/  \___||_|  |_| \___\_\
2025-01-29 13:42:14,298 INFO c.h.h.t.HelmChartContainer - [test-hivemq-platform] [hivemq] [18f6316e] 
2025-01-29 13:42:14,298 INFO c.h.h.t.HelmChartContainer - [test-hivemq-platform] [hivemq] [18f6316e] -------------------------------------------------------------------------
2025-01-29 13:42:14,298 INFO c.h.h.t.HelmChartContainer - [test-hivemq-platform] [hivemq] [18f6316e] 
2025-01-29 13:42:14,298 INFO c.h.h.t.HelmChartContainer - [test-hivemq-platform] [hivemq] [18f6316e]   HiveMQ Start Script for Linux/Unix v1.14
2025-01-29 13:42:14,298 INFO c.h.h.t.HelmChartContainer - [test-hivemq-platform] [hivemq] [18f6316e] 
2025-01-29 13:42:14,388 INFO c.h.h.t.HelmChartContainer - [test-hivemq-platform] [hivemq] [18f6316e] -------------------------------------------------------------------------
2025-01-29 13:42:14,388 INFO c.h.h.t.HelmChartContainer - [test-hivemq-platform] [hivemq] [18f6316e] 
2025-01-29 13:42:14,388 INFO c.h.h.t.HelmChartContainer - [test-hivemq-platform] [hivemq] [18f6316e]   HIVEMQ_HOME: /opt/hivemq
2025-01-29 13:42:14,388 INFO c.h.h.t.HelmChartContainer - [test-hivemq-platform] [hivemq] [18f6316e] 
2025-01-29 13:42:14,388 INFO c.h.h.t.HelmChartContainer - [test-hivemq-platform] [hivemq] [18f6316e]   JAVA_OPTS: -XX:+UnlockExperimentalVMOptions -XX:InitialRAMPercentage=50 -XX:MaxRAMPercentage=50 -Djava.net.preferIPv4Stack=true --add-opens java.base/java.lang=ALL-UNNAMED --add-opens java.base/java.nio=ALL-UNNAMED --add-opens java.base/sun.nio.ch=ALL-UNNAMED --add-opens jdk.management/com.sun.management.internal=ALL-UNNAMED --add-exports java.base/jdk.internal.misc=ALL-UNNAMED -Djava.security.egd=file:/dev/./urandom -Dcom.sun.management.jmxremote -Dcom.sun.management.jmxremote.port=9010 -Dcom.sun.management.jmxremote.local.only=false -Dcom.sun.management.jmxremote.authenticate=false -Dcom.sun.management.jmxremote.ssl=false -Duser.language=en -Duser.region=US -XX:+CrashOnOutOfMemoryError -XX:+HeapDumpOnOutOfMemoryError
2025-01-29 13:42:14,388 INFO c.h.h.t.HelmChartContainer - [test-hivemq-platform] [hivemq] [18f6316e] 
2025-01-29 13:42:14,388 INFO c.h.h.t.HelmChartContainer - [test-hivemq-platform] [hivemq] [18f6316e]   JAVA_VERSION: 21
2025-01-29 13:42:14,388 INFO c.h.h.t.HelmChartContainer - [test-hivemq-platform] [hivemq] [18f6316e] 
2025-01-29 13:42:14,388 INFO c.h.h.t.HelmChartContainer - [test-hivemq-platform] [hivemq] [18f6316e] -------------------------------------------------------------------------
2025-01-29 13:42:14,388 INFO c.h.h.t.HelmChartContainer - [test-hivemq-platform] [hivemq] [18f6316e] 
2025-01-29 13:42:14,546 INFO c.h.h.t.HelmChartContainer - [K3S] [INFO] COMPACT compactRev=0 targetCompactRev=2 currentRev=1552
2025-01-29 13:42:14,547 INFO c.h.h.t.HelmChartContainer - [K3S] [INFO] COMPACT deleted 0 rows from 2 revisions in 588.496µs - compacted to 2/1552
2025-01-29 13:42:14,547 INFO c.h.h.t.HelmChartContainer - [K3S] [INFO] COMPACT compacted from 0 to 2 in 1 transactions over 1ms
2025-01-29 13:42:14,701 INFO c.h.h.t.HelmChartContainer - [test-hivemq-platform] [hivemq] [18f6316e] INFO  - [HiveMQ Platform Operator Init App 1.7.0-SNAPSHOT] Returning default Health API response 503 for readiness
2025-01-29 13:42:14,991 INFO c.h.h.t.HelmChartContainer - [EVENT] Warning [Unhealthy] Readiness probe failed: HTTP probe failed with statuscode: 503 [helmmonitoringplatformit:test-hivemq-platform-0]
2025-01-29 13:42:14,991 INFO c.h.h.t.HelmChartContainer - Received Unhealthy event for container hivemq in pod test-hivemq-platform-0 [18f6316e-d68a-43a6-8f36-f78e5d534317]
2025-01-29 13:42:17,100 INFO c.h.h.t.HelmChartContainer - [test-hivemq-platform] [hivemq] [18f6316e] INFO  - Starting HiveMQ Enterprise Server
2025-01-29 13:42:17,107 INFO c.h.h.t.HelmChartContainer - [test-hivemq-platform] [hivemq] [18f6316e] INFO  - HiveMQ version: 4.36.0
2025-01-29 13:42:17,107 INFO c.h.h.t.HelmChartContainer - [test-hivemq-platform] [hivemq] [18f6316e] INFO  - HiveMQ home directory: /opt/hivemq
2025-01-29 13:42:17,108 INFO c.h.h.t.HelmChartContainer - [test-hivemq-platform] [hivemq] [18f6316e] INFO  - Log Configuration was overridden by /opt/hivemq/conf/logback.xml
2025-01-29 13:42:18,125 INFO c.h.h.t.HelmChartContainer - [K3S] [info.go:53] Couldn't collect info from any of the files in "/etc/machine-id,/var/lib/dbus/machine-id"
2025-01-29 13:42:18,303 INFO c.h.h.t.HelmChartContainer - [K3S] [scope.go:117] "RemoveContainer" containerID="3132ed0dcb9eaff3244c62baf457be672db597af02f8d2d7cf302fbb4c5b4455"
2025-01-29 13:42:18,309 INFO c.h.h.t.HelmChartContainer - [K3S] [scope.go:117] "RemoveContainer" containerID="230efe44ab4d94aff5299bd7452431f26462be799adde60abc663fb81c6aa8ef"
2025-01-29 13:42:18,763 INFO c.h.h.t.HelmChartContainer - [hivemq-test-hivemq-platform] [hivemq-platform-operator] [04a59eda] 13:42:18.759 [pool-6-thread-6] DEBUG c.h.p.o.d.PlatformServiceResource - [helmmoni] Desired Platform services (3 services)
2025-01-29 13:42:18,763 INFO c.h.h.t.HelmChartContainer - [hivemq-test-hivemq-platform] [hivemq-platform-operator] [04a59eda] 13:42:18.760 [pool-6-thread-5] DEBUG c.h.p.o.dependants.PodInfoConfigMap - [helmmoni] Desired PodInfo ConfigMap (1 extensions) (1 enabled)
2025-01-29 13:42:18,763 INFO c.h.h.t.HelmChartContainer - [hivemq-test-hivemq-platform] [hivemq-platform-operator] [04a59eda] 13:42:18.760 [pool-6-thread-5] DEBUG c.h.p.o.dependants.PodInfoConfigMap - [helmmoni] Desired PodInfo ConfigMap (metrics port: 9399) (metrics path: /)
2025-01-29 13:42:18,763 INFO c.h.h.t.HelmChartContainer - [hivemq-test-hivemq-platform] [hivemq-platform-operator] [04a59eda] 13:42:18.760 [pool-6-thread-5] DEBUG c.h.p.o.dependants.PodInfoConfigMap - [helmmoni] Desired PodInfo ConfigMap (extension state hash: -1817474005)
2025-01-29 13:42:18,763 INFO c.h.h.t.HelmChartContainer - [hivemq-test-hivemq-platform] [hivemq-platform-operator] [04a59eda] 13:42:18.761 [pool-6-thread-5] DEBUG c.h.p.o.d.PodServiceAccountResource - [helmmoni] Desired PodServiceAccountResource (serviceAccountName: hivemq-platform-pod-test-hivemq-platform)
2025-01-29 13:42:18,768 INFO c.h.h.t.HelmChartContainer - [hivemq-test-hivemq-platform] [hivemq-platform-operator] [04a59eda] 13:42:18.767 [pool-6-thread-6] DEBUG c.h.p.o.d.StatefulSetResource - [helmmoni] Desired StatefulSet (2 replicas) for status STARTING (READY)
2025-01-29 13:42:18,772 INFO c.h.h.t.HelmChartContainer - [hivemq-test-hivemq-platform] [hivemq-platform-operator] [04a59eda] 13:42:18.772 [ReconcilerExecutor-hivemq-controller-109] INFO  c.h.p.o.HiveMQPlatformReconciler - [helmmoni] Reconciling HiveMQ Platform 'test-hivemq-platform' in namespace 'helmmonitoringplatformit'
2025-01-29 13:42:18,773 INFO c.h.h.t.HelmChartContainer - [hivemq-test-hivemq-platform] [hivemq-platform-operator] [04a59eda] 13:42:18.772 [ReconcilerExecutor-hivemq-controller-109] DEBUG c.h.p.o.HiveMQPlatformReconciler - [helmmoni] Custom Resource Status STARTING - HiveMQ Platform is starting (READY)
2025-01-29 13:42:18,774 INFO c.h.h.t.HelmChartContainer - [hivemq-test-hivemq-platform] [hivemq-platform-operator] [04a59eda] 13:42:18.772 [ReconcilerExecutor-hivemq-controller-109] DEBUG c.h.p.o.HiveMQPlatformReconciler - [helmmoni] Custom Resource Spec (replicas: 2) (extensions: 1)
2025-01-29 13:42:18,776 INFO c.h.h.t.HelmChartContainer - [hivemq-test-hivemq-platform] [hivemq-platform-operator] [04a59eda] 13:42:18.774 [ReconcilerExecutor-hivemq-controller-109] DEBUG c.h.p.o.HiveMQPlatformReconciler - [helmmoni] StatefulSet Status (revision: test-hivemq-platform-64db946475, replicas: 1, available: 0, ready: 0, current: 1, updated: 1)
2025-01-29 13:42:18,776 INFO c.h.h.t.HelmChartContainer - [hivemq-test-hivemq-platform] [hivemq-platform-operator] [04a59eda] 13:42:18.774 [ReconcilerExecutor-hivemq-controller-109] DEBUG c.h.p.o.HiveMQPlatformReconciler - [helmmoni] StatefulSet Spec (replicas: 2, init containers: 1, containers: 1, volumes: 3)
2025-01-29 13:42:18,844 INFO c.h.h.t.HelmChartContainer - [hivemq-test-hivemq-platform] [hivemq-platform-operator] [04a59eda] 13:42:18.843 [ReconcilerExecutor-hivemq-controller-109] DEBUG c.h.p.o.h.HiveMQPlatformReconcilerErrorHandler - [helmmoni] Pod 'test-hivemq-platform-0' phase Running
2025-01-29 13:42:18,844 INFO c.h.h.t.HelmChartContainer - [hivemq-test-hivemq-platform] [hivemq-platform-operator] [04a59eda] 13:42:18.844 [ReconcilerExecutor-hivemq-controller-109] INFO  c.h.p.o.h.HiveMQPlatformReconcilerBaseHandler - [helmmoni] HiveMQ Platform is starting, 0 of 2 replicas are ready
2025-01-29 13:42:18,910 INFO c.h.h.t.HelmChartContainer - [test-hivemq-platform] [hivemq] [18f6316e] INFO  - Successfully loaded configuration from '/opt/hivemq/conf-k8s/config.xml'.
2025-01-29 13:42:19,709 INFO c.h.h.t.HelmChartContainer - [test-hivemq-platform] [hivemq] [18f6316e] INFO  - This node's ID is VAneL
2025-01-29 13:42:19,709 INFO c.h.h.t.HelmChartContainer - [test-hivemq-platform] [hivemq] [18f6316e] INFO  - Clustering is enabled
2025-01-29 13:42:20,109 INFO c.h.h.t.HelmChartContainer - [test-hivemq-platform] [hivemq] [18f6316e] WARN  - [HiveMQ Platform Operator Init App 1.7.0-SNAPSHOT] Cannot connect to Health API for readiness: null
2025-01-29 13:42:20,114 INFO c.h.h.t.HelmChartContainer - [EVENT] Warning [Unhealthy] Readiness probe failed: HTTP probe failed with statuscode: 503 [helmmonitoringplatformit:test-hivemq-platform-0]
2025-01-29 13:42:20,114 INFO c.h.h.t.HelmChartContainer - Received Unhealthy event for container hivemq in pod test-hivemq-platform-0 [18f6316e-d68a-43a6-8f36-f78e5d534317]
2025-01-29 13:42:23,602 INFO c.h.h.t.HelmChartContainer - [test-hivemq-platform] [hivemq] [18f6316e] Jan 29, 2025 1:42:23 PM io.vertx.core.impl.BlockedThreadChecker
2025-01-29 13:42:23,602 INFO c.h.h.t.HelmChartContainer - [test-hivemq-platform] [hivemq] [18f6316e] WARNING: Thread Thread[vert.x-eventloop-thread-1,5,main] has been blocked for 2202 ms, time limit is 2000 ms
2025-01-29 13:42:24,408 INFO c.h.h.t.HelmChartContainer - [test-hivemq-platform] [hivemq] [18f6316e] INFO  - [HiveMQ Platform Operator Init App 1.7.0-SNAPSHOT] Updating Pod HiveMQ Platform Operator Init App version annotation (version: 1.7.0-SNAPSHOT)
2025-01-29 13:42:24,709 INFO c.h.h.t.HelmChartContainer - [test-hivemq-platform] [hivemq] [18f6316e] WARN  - [HiveMQ Platform Operator Init App 1.7.0-SNAPSHOT] Cannot connect to Health API for readiness: null
2025-01-29 13:42:24,713 INFO c.h.h.t.HelmChartContainer - [EVENT] Warning [Unhealthy] Readiness probe failed: HTTP probe failed with statuscode: 503 [helmmonitoringplatformit:test-hivemq-platform-0]
2025-01-29 13:42:24,713 INFO c.h.h.t.HelmChartContainer - Received Unhealthy event for container hivemq in pod test-hivemq-platform-0 [18f6316e-d68a-43a6-8f36-f78e5d534317]
2025-01-29 13:42:25,228 INFO c.h.h.t.HelmChartContainer - [POD] test-hivemq-platform-0 [18f6316e-d68a-43a6-8f36-f78e5d534317] in helmmonitoringplatformit was MODIFIED
2025-01-29 13:42:25,239 INFO c.h.h.t.HelmChartContainer - [hivemq-test-hivemq-platform] [hivemq-platform-operator] [04a59eda] 13:42:25.235 [pool-6-thread-11] DEBUG c.h.p.o.d.PlatformServiceResource - [helmmoni] Desired Platform services (3 services)
2025-01-29 13:42:25,239 INFO c.h.h.t.HelmChartContainer - [hivemq-test-hivemq-platform] [hivemq-platform-operator] [04a59eda] 13:42:25.236 [pool-6-thread-16] DEBUG c.h.p.o.dependants.PodInfoConfigMap - [helmmoni] Desired PodInfo ConfigMap (1 extensions) (1 enabled)
2025-01-29 13:42:25,239 INFO c.h.h.t.HelmChartContainer - [hivemq-test-hivemq-platform] [hivemq-platform-operator] [04a59eda] 13:42:25.236 [pool-6-thread-16] DEBUG c.h.p.o.dependants.PodInfoConfigMap - [helmmoni] Desired PodInfo ConfigMap (metrics port: 9399) (metrics path: /)
2025-01-29 13:42:25,239 INFO c.h.h.t.HelmChartContainer - [hivemq-test-hivemq-platform] [hivemq-platform-operator] [04a59eda] 13:42:25.236 [pool-6-thread-16] DEBUG c.h.p.o.dependants.PodInfoConfigMap - [helmmoni] Desired PodInfo ConfigMap (extension state hash: -1817474005)
2025-01-29 13:42:25,240 INFO c.h.h.t.HelmChartContainer - [hivemq-test-hivemq-platform] [hivemq-platform-operator] [04a59eda] 13:42:25.238 [pool-6-thread-16] DEBUG c.h.p.o.d.PodServiceAccountResource - [helmmoni] Desired PodServiceAccountResource (serviceAccountName: hivemq-platform-pod-test-hivemq-platform)
2025-01-29 13:42:25,251 INFO c.h.h.t.HelmChartContainer - [hivemq-test-hivemq-platform] [hivemq-platform-operator] [04a59eda] 13:42:25.248 [pool-6-thread-11] DEBUG c.h.p.o.d.StatefulSetResource - [helmmoni] Desired StatefulSet (2 replicas) for status STARTING (READY)
2025-01-29 13:42:25,256 INFO c.h.h.t.HelmChartContainer - [hivemq-test-hivemq-platform] [hivemq-platform-operator] [04a59eda] 13:42:25.255 [ReconcilerExecutor-hivemq-controller-110] INFO  c.h.p.o.HiveMQPlatformReconciler - [helmmoni] Reconciling HiveMQ Platform 'test-hivemq-platform' in namespace 'helmmonitoringplatformit'
2025-01-29 13:42:25,256 INFO c.h.h.t.HelmChartContainer - [hivemq-test-hivemq-platform] [hivemq-platform-operator] [04a59eda] 13:42:25.255 [ReconcilerExecutor-hivemq-controller-110] DEBUG c.h.p.o.HiveMQPlatformReconciler - [helmmoni] Custom Resource Status STARTING - HiveMQ Platform is starting (READY)
2025-01-29 13:42:25,256 INFO c.h.h.t.HelmChartContainer - [hivemq-test-hivemq-platform] [hivemq-platform-operator] [04a59eda] 13:42:25.255 [ReconcilerExecutor-hivemq-controller-110] DEBUG c.h.p.o.HiveMQPlatformReconciler - [helmmoni] Custom Resource Spec (replicas: 2) (extensions: 1)
2025-01-29 13:42:25,257 INFO c.h.h.t.HelmChartContainer - [hivemq-test-hivemq-platform] [hivemq-platform-operator] [04a59eda] 13:42:25.256 [ReconcilerExecutor-hivemq-controller-110] DEBUG c.h.p.o.HiveMQPlatformReconciler - [helmmoni] StatefulSet Status (revision: test-hivemq-platform-64db946475, replicas: 1, available: 0, ready: 0, current: 1, updated: 1)
2025-01-29 13:42:25,257 INFO c.h.h.t.HelmChartContainer - [hivemq-test-hivemq-platform] [hivemq-platform-operator] [04a59eda] 13:42:25.256 [ReconcilerExecutor-hivemq-controller-110] DEBUG c.h.p.o.HiveMQPlatformReconciler - [helmmoni] StatefulSet Spec (replicas: 2, init containers: 1, containers: 1, volumes: 3)
2025-01-29 13:42:25,260 INFO c.h.h.t.HelmChartContainer - [hivemq-test-hivemq-platform] [hivemq-platform-operator] [04a59eda] 13:42:25.258 [ReconcilerExecutor-hivemq-controller-110] DEBUG c.h.p.o.h.HiveMQPlatformReconcilerErrorHandler - [helmmoni] Pod 'test-hivemq-platform-0' phase Running
2025-01-29 13:42:25,260 INFO c.h.h.t.HelmChartContainer - [hivemq-test-hivemq-platform] [hivemq-platform-operator] [04a59eda] 13:42:25.259 [ReconcilerExecutor-hivemq-controller-110] INFO  c.h.p.o.h.HiveMQPlatformReconcilerBaseHandler - [helmmoni] HiveMQ Platform is starting, 0 of 2 replicas are ready
2025-01-29 13:42:25,300 INFO c.h.h.t.HelmChartContainer - [test-hivemq-platform] [hivemq] [18f6316e] WARN  - [HiveMQ Platform Operator Init App 1.7.0-SNAPSHOT] Cannot connect to Health API for readiness: null
2025-01-29 13:42:25,305 INFO c.h.h.t.HelmChartContainer - [test-hivemq-platform] [hivemq] [18f6316e] INFO  - [HiveMQ Platform Operator Init App 1.7.0-SNAPSHOT] Successfully updated Pod HiveMQ Platform Operator Init App version annotation (version: 1.7.0-SNAPSHOT)
2025-01-29 13:42:25,307 INFO c.h.h.t.HelmChartContainer - [EVENT] Warning [Unhealthy] Readiness probe failed: HTTP probe failed with statuscode: 503 [helmmonitoringplatformit:test-hivemq-platform-0]
2025-01-29 13:42:25,307 INFO c.h.h.t.HelmChartContainer - Received Unhealthy event for container hivemq in pod test-hivemq-platform-0 [18f6316e-d68a-43a6-8f36-f78e5d534317]
2025-01-29 13:42:30,301 INFO c.h.h.t.HelmChartContainer - [test-hivemq-platform] [hivemq] [18f6316e] WARN  - [HiveMQ Platform Operator Init App 1.7.0-SNAPSHOT] Cannot connect to Health API for readiness: null
2025-01-29 13:42:30,307 INFO c.h.h.t.HelmChartContainer - [EVENT] Warning [Unhealthy] Readiness probe failed: HTTP probe failed with statuscode: 503 [helmmonitoringplatformit:test-hivemq-platform-0]
2025-01-29 13:42:30,307 INFO c.h.h.t.HelmChartContainer - Received Unhealthy event for container hivemq in pod test-hivemq-platform-0 [18f6316e-d68a-43a6-8f36-f78e5d534317]
2025-01-29 13:42:35,265 INFO c.h.h.t.HelmChartContainer - [hivemq-test-hivemq-platform] [hivemq-platform-operator] [04a59eda] 13:42:35.264 [pool-6-thread-26] DEBUG c.h.p.o.dependants.PodInfoConfigMap - [helmmoni] Desired PodInfo ConfigMap (1 extensions) (1 enabled)
2025-01-29 13:42:35,267 INFO c.h.h.t.HelmChartContainer - [hivemq-test-hivemq-platform] [hivemq-platform-operator] [04a59eda] 13:42:35.264 [pool-6-thread-26] DEBUG c.h.p.o.dependants.PodInfoConfigMap - [helmmoni] Desired PodInfo ConfigMap (metrics port: 9399) (metrics path: /)
2025-01-29 13:42:35,267 INFO c.h.h.t.HelmChartContainer - [hivemq-test-hivemq-platform] [hivemq-platform-operator] [04a59eda] 13:42:35.264 [pool-6-thread-26] DEBUG c.h.p.o.dependants.PodInfoConfigMap - [helmmoni] Desired PodInfo ConfigMap (extension state hash: -1817474005)
2025-01-29 13:42:35,267 INFO c.h.h.t.HelmChartContainer - [hivemq-test-hivemq-platform] [hivemq-platform-operator] [04a59eda] 13:42:35.263 [pool-6-thread-23] DEBUG c.h.p.o.d.PlatformServiceResource - [helmmoni] Desired Platform services (3 services)
2025-01-29 13:42:35,267 INFO c.h.h.t.HelmChartContainer - [hivemq-test-hivemq-platform] [hivemq-platform-operator] [04a59eda] 13:42:35.265 [pool-6-thread-27] DEBUG c.h.p.o.d.PodServiceAccountResource - [helmmoni] Desired PodServiceAccountResource (serviceAccountName: hivemq-platform-pod-test-hivemq-platform)
2025-01-29 13:42:35,274 INFO c.h.h.t.HelmChartContainer - [hivemq-test-hivemq-platform] [hivemq-platform-operator] [04a59eda] 13:42:35.273 [pool-6-thread-23] DEBUG c.h.p.o.d.StatefulSetResource - [helmmoni] Desired StatefulSet (2 replicas) for status STARTING (READY)
2025-01-29 13:42:35,277 INFO c.h.h.t.HelmChartContainer - [hivemq-test-hivemq-platform] [hivemq-platform-operator] [04a59eda] 13:42:35.276 [ReconcilerExecutor-hivemq-controller-111] INFO  c.h.p.o.HiveMQPlatformReconciler - [helmmoni] Reconciling HiveMQ Platform 'test-hivemq-platform' in namespace 'helmmonitoringplatformit'
2025-01-29 13:42:35,279 INFO c.h.h.t.HelmChartContainer - [hivemq-test-hivemq-platform] [hivemq-platform-operator] [04a59eda] 13:42:35.277 [ReconcilerExecutor-hivemq-controller-111] DEBUG c.h.p.o.HiveMQPlatformReconciler - [helmmoni] Custom Resource Status STARTING - HiveMQ Platform is starting (READY)
2025-01-29 13:42:35,279 INFO c.h.h.t.HelmChartContainer - [hivemq-test-hivemq-platform] [hivemq-platform-operator] [04a59eda] 13:42:35.277 [ReconcilerExecutor-hivemq-controller-111] DEBUG c.h.p.o.HiveMQPlatformReconciler - [helmmoni] Custom Resource Spec (replicas: 2) (extensions: 1)
2025-01-29 13:42:35,280 INFO c.h.h.t.HelmChartContainer - [hivemq-test-hivemq-platform] [hivemq-platform-operator] [04a59eda] 13:42:35.279 [ReconcilerExecutor-hivemq-controller-111] DEBUG c.h.p.o.HiveMQPlatformReconciler - [helmmoni] StatefulSet Status (revision: test-hivemq-platform-64db946475, replicas: 1, available: 0, ready: 0, current: 1, updated: 1)
2025-01-29 13:42:35,280 INFO c.h.h.t.HelmChartContainer - [hivemq-test-hivemq-platform] [hivemq-platform-operator] [04a59eda] 13:42:35.279 [ReconcilerExecutor-hivemq-controller-111] DEBUG c.h.p.o.HiveMQPlatformReconciler - [helmmoni] StatefulSet Spec (replicas: 2, init containers: 1, containers: 1, volumes: 3)
2025-01-29 13:42:35,281 INFO c.h.h.t.HelmChartContainer - [hivemq-test-hivemq-platform] [hivemq-platform-operator] [04a59eda] 13:42:35.281 [ReconcilerExecutor-hivemq-controller-111] DEBUG c.h.p.o.h.HiveMQPlatformReconcilerErrorHandler - [helmmoni] Pod 'test-hivemq-platform-0' phase Running
2025-01-29 13:42:35,282 INFO c.h.h.t.HelmChartContainer - [hivemq-test-hivemq-platform] [hivemq-platform-operator] [04a59eda] 13:42:35.282 [ReconcilerExecutor-hivemq-controller-111] INFO  c.h.p.o.h.HiveMQPlatformReconcilerBaseHandler - [helmmoni] HiveMQ Platform is starting, 0 of 2 replicas are ready
2025-01-29 13:42:35,302 INFO c.h.h.t.HelmChartContainer - [test-hivemq-platform] [hivemq] [18f6316e] WARN  - [HiveMQ Platform Operator Init App 1.7.0-SNAPSHOT] Cannot connect to Health API for readiness: null
2025-01-29 13:42:35,306 INFO c.h.h.t.HelmChartContainer - [EVENT] Warning [Unhealthy] Readiness probe failed: HTTP probe failed with statuscode: 503 [helmmonitoringplatformit:test-hivemq-platform-0]
2025-01-29 13:42:35,306 INFO c.h.h.t.HelmChartContainer - Received Unhealthy event for container hivemq in pod test-hivemq-platform-0 [18f6316e-d68a-43a6-8f36-f78e5d534317]
2025-01-29 13:42:36,202 INFO c.h.h.t.HelmChartContainer - [test-hivemq-platform] [hivemq] [18f6316e] WARN  - [HiveMQ Platform Operator Init App 1.7.0-SNAPSHOT] Cannot connect to Health API for liveness: null
2025-01-29 13:42:36,202 INFO c.h.h.t.HelmChartContainer - [test-hivemq-platform] [hivemq] [18f6316e] INFO  - [HiveMQ Platform Operator Init App 1.7.0-SNAPSHOT] Returning default Health API response 200 for liveness
2025-01-29 13:42:37,099 INFO c.h.h.t.HelmChartContainer - [test-hivemq-platform] [hivemq] [18f6316e] INFO  - No valid license file found. Using trial license, restricted to 25 connections.
2025-01-29 13:42:40,302 INFO c.h.h.t.HelmChartContainer - [test-hivemq-platform] [hivemq] [18f6316e] WARN  - [HiveMQ Platform Operator Init App 1.7.0-SNAPSHOT] Cannot connect to Health API for readiness: null
2025-01-29 13:42:40,306 INFO c.h.h.t.HelmChartContainer - [EVENT] Warning [Unhealthy] Readiness probe failed: HTTP probe failed with statuscode: 503 [helmmonitoringplatformit:test-hivemq-platform-0]
2025-01-29 13:42:40,306 INFO c.h.h.t.HelmChartContainer - Received Unhealthy event for container hivemq in pod test-hivemq-platform-0 [18f6316e-d68a-43a6-8f36-f78e5d534317]
2025-01-29 13:42:40,713 INFO c.h.h.t.HelmChartContainer - [test-hivemq-platform] [hivemq] [18f6316e] INFO  - No valid license file for Data Hub found. Using free license, restricted to 1 policy.
2025-01-29 13:42:41,920 INFO c.h.h.t.HelmChartContainer - [test-hivemq-platform] [hivemq] [18f6316e] INFO  - Audit Logger started.
2025-01-29 13:42:42,229 INFO c.h.h.t.HelmChartContainer - [test-hivemq-platform] [hivemq] [18f6316e] INFO  - This node uses '1' CPU cores.
2025-01-29 13:42:42,235 INFO c.h.h.t.HelmChartContainer - [test-hivemq-platform] [hivemq] [18f6316e] INFO  - Starting HiveMQ Health API on address 0.0.0.0 and port 8889
2025-01-29 13:42:43,197 INFO c.h.h.t.HelmChartContainer - [test-hivemq-platform] [hivemq] [18f6316e] INFO  - Started HiveMQ Health API in 885ms
2025-01-29 13:42:43,902 INFO c.h.h.t.HelmChartContainer - [test-hivemq-platform] [hivemq] [18f6316e] INFO  - Starting HiveMQ extension system.
2025-01-29 13:42:44,108 INFO c.h.h.t.HelmChartContainer - [test-hivemq-platform] [hivemq] [18f6316e] INFO  - Starting extension with id "hivemq-dns-cluster-discovery" at /opt/hivemq/extensions/hivemq-dns-cluster-discovery
2025-01-29 13:42:44,507 INFO c.h.h.t.HelmChartContainer - [test-hivemq-platform] [hivemq] [18f6316e] INFO  - Using TCP cluster transport on address 10.42.0.17 and port 7000
2025-01-29 13:42:44,598 INFO c.h.h.t.HelmChartContainer - [test-hivemq-platform] [hivemq] [18f6316e] INFO  - Using extension cluster discovery
2025-01-29 13:42:44,809 INFO c.h.h.t.HelmChartContainer - [test-hivemq-platform] [hivemq] [18f6316e] INFO  - Extension "DNS Cluster Discovery Extension" version 4.3.2 started successfully.
2025-01-29 13:42:44,809 INFO c.h.h.t.HelmChartContainer - [test-hivemq-platform] [hivemq] [18f6316e] INFO  - Starting extension with id "hivemq-prometheus-extension" at /opt/hivemq/extensions/hivemq-prometheus-extension
2025-01-29 13:42:45,290 INFO c.h.h.t.HelmChartContainer - [hivemq-test-hivemq-platform] [hivemq-platform-operator] [04a59eda] 13:42:45.286 [pool-6-thread-37] DEBUG c.h.p.o.d.PlatformServiceResource - [helmmoni] Desired Platform services (3 services)
2025-01-29 13:42:45,290 INFO c.h.h.t.HelmChartContainer - [hivemq-test-hivemq-platform] [hivemq-platform-operator] [04a59eda] 13:42:45.286 [pool-6-thread-35] DEBUG c.h.p.o.d.PodServiceAccountResource - [helmmoni] Desired PodServiceAccountResource (serviceAccountName: hivemq-platform-pod-test-hivemq-platform)
2025-01-29 13:42:45,291 INFO c.h.h.t.HelmChartContainer - [hivemq-test-hivemq-platform] [hivemq-platform-operator] [04a59eda] 13:42:45.287 [pool-6-thread-36] DEBUG c.h.p.o.dependants.PodInfoConfigMap - [helmmoni] Desired PodInfo ConfigMap (1 extensions) (1 enabled)
2025-01-29 13:42:45,291 INFO c.h.h.t.HelmChartContainer - [hivemq-test-hivemq-platform] [hivemq-platform-operator] [04a59eda] 13:42:45.287 [pool-6-thread-36] DEBUG c.h.p.o.dependants.PodInfoConfigMap - [helmmoni] Desired PodInfo ConfigMap (metrics port: 9399) (metrics path: /)
2025-01-29 13:42:45,291 INFO c.h.h.t.HelmChartContainer - [hivemq-test-hivemq-platform] [hivemq-platform-operator] [04a59eda] 13:42:45.287 [pool-6-thread-36] DEBUG c.h.p.o.dependants.PodInfoConfigMap - [helmmoni] Desired PodInfo ConfigMap (extension state hash: -1817474005)
2025-01-29 13:42:45,292 INFO c.h.h.t.HelmChartContainer - [hivemq-test-hivemq-platform] [hivemq-platform-operator] [04a59eda] 13:42:45.292 [pool-6-thread-37] DEBUG c.h.p.o.d.StatefulSetResource - [helmmoni] Desired StatefulSet (2 replicas) for status STARTING (READY)
2025-01-29 13:42:45,296 INFO c.h.h.t.HelmChartContainer - [hivemq-test-hivemq-platform] [hivemq-platform-operator] [04a59eda] 13:42:45.295 [ReconcilerExecutor-hivemq-controller-112] INFO  c.h.p.o.HiveMQPlatformReconciler - [helmmoni] Reconciling HiveMQ Platform 'test-hivemq-platform' in namespace 'helmmonitoringplatformit'
2025-01-29 13:42:45,296 INFO c.h.h.t.HelmChartContainer - [hivemq-test-hivemq-platform] [hivemq-platform-operator] [04a59eda] 13:42:45.295 [ReconcilerExecutor-hivemq-controller-112] DEBUG c.h.p.o.HiveMQPlatformReconciler - [helmmoni] Custom Resource Status STARTING - HiveMQ Platform is starting (READY)
2025-01-29 13:42:45,296 INFO c.h.h.t.HelmChartContainer - [hivemq-test-hivemq-platform] [hivemq-platform-operator] [04a59eda] 13:42:45.295 [ReconcilerExecutor-hivemq-controller-112] DEBUG c.h.p.o.HiveMQPlatformReconciler - [helmmoni] Custom Resource Spec (replicas: 2) (extensions: 1)
2025-01-29 13:42:45,300 INFO c.h.h.t.HelmChartContainer - [hivemq-test-hivemq-platform] [hivemq-platform-operator] [04a59eda] 13:42:45.297 [ReconcilerExecutor-hivemq-controller-112] DEBUG c.h.p.o.HiveMQPlatformReconciler - [helmmoni] StatefulSet Status (revision: test-hivemq-platform-64db946475, replicas: 1, available: 0, ready: 0, current: 1, updated: 1)
2025-01-29 13:42:45,300 INFO c.h.h.t.HelmChartContainer - [hivemq-test-hivemq-platform] [hivemq-platform-operator] [04a59eda] 13:42:45.297 [ReconcilerExecutor-hivemq-controller-112] DEBUG c.h.p.o.HiveMQPlatformReconciler - [helmmoni] StatefulSet Spec (replicas: 2, init containers: 1, containers: 1, volumes: 3)
2025-01-29 13:42:45,300 INFO c.h.h.t.HelmChartContainer - [hivemq-test-hivemq-platform] [hivemq-platform-operator] [04a59eda] 13:42:45.298 [ReconcilerExecutor-hivemq-controller-112] DEBUG c.h.p.o.h.HiveMQPlatformReconcilerErrorHandler - [helmmoni] Pod 'test-hivemq-platform-0' phase Running
2025-01-29 13:42:45,300 INFO c.h.h.t.HelmChartContainer - [hivemq-test-hivemq-platform] [hivemq-platform-operator] [04a59eda] 13:42:45.299 [ReconcilerExecutor-hivemq-controller-112] INFO  c.h.p.o.h.HiveMQPlatformReconcilerBaseHandler - [helmmoni] HiveMQ Platform is starting, 0 of 2 replicas are ready
2025-01-29 13:42:46,201 INFO c.h.h.t.HelmChartContainer - [test-hivemq-platform] [hivemq] [18f6316e] INFO  - Started Jetty Server exposing Prometheus Servlet on URI http://0.0.0.0:9399/
2025-01-29 13:42:46,202 INFO c.h.h.t.HelmChartContainer - [test-hivemq-platform] [hivemq] [18f6316e] INFO  - Extension "Prometheus Monitoring Extension" version 4.0.12 started successfully.
2025-01-29 13:42:46,202 INFO c.h.h.t.HelmChartContainer - [test-hivemq-platform] [hivemq] [18f6316e] INFO  - Starting extension with id "hivemq-allow-all-extension" at /opt/hivemq/extensions/hivemq-allow-all-extension
2025-01-29 13:42:46,202 INFO c.h.h.t.HelmChartContainer - [test-hivemq-platform] [hivemq] [18f6316e] WARN  - 
2025-01-29 13:42:46,202 INFO c.h.h.t.HelmChartContainer - [test-hivemq-platform] [hivemq] [18f6316e] ################################################################################################################
2025-01-29 13:42:46,202 INFO c.h.h.t.HelmChartContainer - [test-hivemq-platform] [hivemq] [18f6316e] # This HiveMQ deployment is not secure! You are lacking Authentication and Authorization.                      #
2025-01-29 13:42:46,202 INFO c.h.h.t.HelmChartContainer - [test-hivemq-platform] [hivemq] [18f6316e] # Right now any MQTT client can connect to the broker with a full set of permissions.                          #
2025-01-29 13:42:46,202 INFO c.h.h.t.HelmChartContainer - [test-hivemq-platform] [hivemq] [18f6316e] # For production usage, add an appropriate security extension and remove the hivemq-allow-all extension.       #
2025-01-29 13:42:46,202 INFO c.h.h.t.HelmChartContainer - [test-hivemq-platform] [hivemq] [18f6316e] # You can download security extensions from the HiveMQ Marketplace (https://www.hivemq.com/extensions/).       #
2025-01-29 13:42:46,202 INFO c.h.h.t.HelmChartContainer - [test-hivemq-platform] [hivemq] [18f6316e] ################################################################################################################
2025-01-29 13:42:46,202 INFO c.h.h.t.HelmChartContainer - [test-hivemq-platform] [hivemq] [18f6316e] INFO  - Extension "Allow All Extension" version 1.1.1 started successfully.
2025-01-29 13:42:46,273 INFO c.h.h.t.HelmChartContainer - [EVENT] Warning [Unhealthy] Readiness probe failed: Get "http://10.42.0.17:7979/readiness": context deadline exceeded (Client.Timeout exceeded while awaiting headers) [helmmonitoringplatformit:test-hivemq-platform-0]
2025-01-29 13:42:46,273 INFO c.h.h.t.HelmChartContainer - Received Unhealthy event for container hivemq in pod test-hivemq-platform-0 [18f6316e-d68a-43a6-8f36-f78e5d534317]
2025-01-29 13:42:46,303 INFO c.h.h.t.HelmChartContainer - [test-hivemq-platform] [hivemq] [18f6316e] INFO  - [HiveMQ Platform Operator Init App 1.7.0-SNAPSHOT] Returning Health API response 503 for readiness
2025-01-29 13:42:48,005 INFO c.h.h.t.HelmChartContainer - [test-hivemq-platform] [hivemq] [18f6316e] INFO  - VAneL: no members discovered after 3004 ms: creating cluster as first member
2025-01-29 13:42:48,011 INFO c.h.h.t.HelmChartContainer - [test-hivemq-platform] [hivemq] [18f6316e] INFO  - Cluster nodes found by discovery: [VAneL|0] (1) [VAneL].
2025-01-29 13:42:48,102 INFO c.h.h.t.HelmChartContainer - [test-hivemq-platform] [hivemq] [18f6316e] WARN  - No user for HiveMQ Control Center configured. Starting with default user
2025-01-29 13:42:48,102 INFO c.h.h.t.HelmChartContainer - [test-hivemq-platform] [hivemq] [18f6316e] INFO  - Starting HiveMQ Control Center on address 0.0.0.0 and port 8080
2025-01-29 13:42:48,111 INFO c.h.h.t.HelmChartContainer - [test-hivemq-platform] [hivemq] [18f6316e] INFO  - Mounting HiveMQ Control Center V2 Preview
2025-01-29 13:42:48,797 INFO c.h.h.t.HelmChartContainer - [test-hivemq-platform] [hivemq] [18f6316e] INFO  - Started HiveMQ Control Center in 683ms
2025-01-29 13:42:48,812 INFO c.h.h.t.HelmChartContainer - [test-hivemq-platform] [hivemq] [18f6316e] INFO  - Starting TCP listener on address 0.0.0.0 and port 1883
2025-01-29 13:42:48,906 INFO c.h.h.t.HelmChartContainer - [test-hivemq-platform] [hivemq] [18f6316e] INFO  - Started TCP Listener on address 0.0.0.0 and on port 1883.
2025-01-29 13:42:48,907 INFO c.h.h.t.HelmChartContainer - [test-hivemq-platform] [hivemq] [18f6316e] INFO  - Started HiveMQ in 32208ms
2025-01-29 13:42:50,234 INFO c.h.h.t.HelmChartContainer - [test-hivemq-platform] [hivemq] [18f6316e] INFO  - [HiveMQ Platform Operator Init App 1.7.0-SNAPSHOT] Returning Health API response 200 for readiness
2025-01-29 13:42:50,247 INFO c.h.h.t.HelmChartContainer - [POD] test-hivemq-platform-0 [18f6316e-d68a-43a6-8f36-f78e5d534317] in helmmonitoringplatformit was MODIFIED
2025-01-29 13:42:50,255 INFO c.h.h.t.HelmChartContainer - [hivemq-test-hivemq-platform] [hivemq-platform-operator] [04a59eda] 13:42:50.254 [pool-6-thread-46] DEBUG c.h.p.o.d.PlatformServiceResource - [helmmoni] Desired Platform services (3 services)
2025-01-29 13:42:50,263 INFO c.h.h.t.HelmChartContainer - [hivemq-test-hivemq-platform] [hivemq-platform-operator] [04a59eda] 13:42:50.256 [pool-6-thread-47] DEBUG c.h.p.o.dependants.PodInfoConfigMap - [helmmoni] Desired PodInfo ConfigMap (1 extensions) (1 enabled)
2025-01-29 13:42:50,263 INFO c.h.h.t.HelmChartContainer - [hivemq-test-hivemq-platform] [hivemq-platform-operator] [04a59eda] 13:42:50.258 [pool-6-thread-47] DEBUG c.h.p.o.dependants.PodInfoConfigMap - [helmmoni] Desired PodInfo ConfigMap (metrics port: 9399) (metrics path: /)
2025-01-29 13:42:50,263 INFO c.h.h.t.HelmChartContainer - [hivemq-test-hivemq-platform] [hivemq-platform-operator] [04a59eda] 13:42:50.258 [pool-6-thread-47] DEBUG c.h.p.o.dependants.PodInfoConfigMap - [helmmoni] Desired PodInfo ConfigMap (extension state hash: -1817474005)
2025-01-29 13:42:50,263 INFO c.h.h.t.HelmChartContainer - [hivemq-test-hivemq-platform] [hivemq-platform-operator] [04a59eda] 13:42:50.256 [pool-6-thread-45] DEBUG c.h.p.o.d.PodServiceAccountResource - [helmmoni] Desired PodServiceAccountResource (serviceAccountName: hivemq-platform-pod-test-hivemq-platform)
2025-01-29 13:42:50,273 INFO c.h.h.t.HelmChartContainer - [POD] test-hivemq-platform-1 [2c2563dd-4a7a-402d-8d1f-6c9b1ddf1a46] in helmmonitoringplatformit was ADDED
2025-01-29 13:42:50,275 INFO c.h.h.t.HelmChartContainer - [EVENT] Normal [SuccessfulCreate] create Pod test-hivemq-platform-1 in StatefulSet test-hivemq-platform successful [helmmonitoringplatformit:test-hivemq-platform]
2025-01-29 13:42:50,275 INFO c.h.h.t.HelmChartContainer - [hivemq-test-hivemq-platform] [hivemq-platform-operator] [04a59eda] 13:42:50.264 [pool-6-thread-46] DEBUG c.h.p.o.d.StatefulSetResource - [helmmoni] Desired StatefulSet (2 replicas) for status STARTING (READY)
2025-01-29 13:42:50,286 INFO c.h.h.t.HelmChartContainer - [POD] test-hivemq-platform-1 [2c2563dd-4a7a-402d-8d1f-6c9b1ddf1a46] in helmmonitoringplatformit was MODIFIED
2025-01-29 13:42:50,291 INFO c.h.h.t.HelmChartContainer - [EVENT] Normal [Scheduled] Successfully assigned helmmonitoringplatformit/test-hivemq-platform-1 to b2bf2ea6808c [helmmonitoringplatformit:test-hivemq-platform-1]
2025-01-29 13:42:50,304 INFO c.h.h.t.HelmChartContainer - [POD] test-hivemq-platform-1 [2c2563dd-4a7a-402d-8d1f-6c9b1ddf1a46] in helmmonitoringplatformit was MODIFIED
2025-01-29 13:42:50,346 INFO c.h.h.t.HelmChartContainer - [hivemq-test-hivemq-platform] [hivemq-platform-operator] [04a59eda] 13:42:50.281 [ReconcilerExecutor-hivemq-controller-113] INFO  c.h.p.o.HiveMQPlatformReconciler - [helmmoni] Reconciling HiveMQ Platform 'test-hivemq-platform' in namespace 'helmmonitoringplatformit'
2025-01-29 13:42:50,347 INFO c.h.h.t.HelmChartContainer - [hivemq-test-hivemq-platform] [hivemq-platform-operator] [04a59eda] 13:42:50.344 [ReconcilerExecutor-hivemq-controller-113] DEBUG c.h.p.o.HiveMQPlatformReconciler - [helmmoni] Custom Resource Status STARTING - HiveMQ Platform is starting (READY)
2025-01-29 13:42:50,348 INFO c.h.h.t.HelmChartContainer - [hivemq-test-hivemq-platform] [hivemq-platform-operator] [04a59eda] 13:42:50.344 [ReconcilerExecutor-hivemq-controller-113] DEBUG c.h.p.o.HiveMQPlatformReconciler - [helmmoni] Custom Resource Spec (replicas: 2) (extensions: 1)
2025-01-29 13:42:50,348 INFO c.h.h.t.HelmChartContainer - [hivemq-test-hivemq-platform] [hivemq-platform-operator] [04a59eda] 13:42:50.346 [ReconcilerExecutor-hivemq-controller-113] DEBUG c.h.p.o.HiveMQPlatformReconciler - [helmmoni] StatefulSet Status (revision: test-hivemq-platform-64db946475, replicas: 1, available: 1, ready: 1, current: 1, updated: 1)
2025-01-29 13:42:50,348 INFO c.h.h.t.HelmChartContainer - [hivemq-test-hivemq-platform] [hivemq-platform-operator] [04a59eda] 13:42:50.346 [ReconcilerExecutor-hivemq-controller-113] DEBUG c.h.p.o.HiveMQPlatformReconciler - [helmmoni] StatefulSet Spec (replicas: 2, init containers: 1, containers: 1, volumes: 3)
2025-01-29 13:42:50,350 INFO c.h.h.t.HelmChartContainer - [hivemq-test-hivemq-platform] [hivemq-platform-operator] [04a59eda] 13:42:50.347 [ReconcilerExecutor-hivemq-controller-113] DEBUG c.h.p.o.h.HiveMQPlatformReconcilerErrorHandler - [helmmoni] Pod 'test-hivemq-platform-1' phase Pending
2025-01-29 13:42:50,351 INFO c.h.h.t.HelmChartContainer - [hivemq-test-hivemq-platform] [hivemq-platform-operator] [04a59eda] 13:42:50.349 [ReconcilerExecutor-hivemq-controller-113] DEBUG c.h.p.o.h.HiveMQPlatformReconcilerErrorHandler - [helmmoni] Pod 'test-hivemq-platform-0' phase Running
2025-01-29 13:42:50,351 INFO c.h.h.t.HelmChartContainer - [hivemq-test-hivemq-platform] [hivemq-platform-operator] [04a59eda] 13:42:50.349 [ReconcilerExecutor-hivemq-controller-113] INFO  c.h.p.o.h.HiveMQPlatformReconcilerBaseHandler - [helmmoni] HiveMQ Platform is starting, 1 of 2 replicas are ready
2025-01-29 13:42:50,354 INFO c.h.h.t.HelmChartContainer - [hivemq-test-hivemq-platform] [hivemq-platform-operator] [04a59eda] 13:42:50.354 [pool-6-thread-1] DEBUG c.h.p.o.d.PlatformServiceResource - [helmmoni] Desired Platform services (3 services)
2025-01-29 13:42:50,357 INFO c.h.h.t.HelmChartContainer - [hivemq-test-hivemq-platform] [hivemq-platform-operator] [04a59eda] 13:42:50.354 [pool-6-thread-3] DEBUG c.h.p.o.dependants.PodInfoConfigMap - [helmmoni] Desired PodInfo ConfigMap (1 extensions) (1 enabled)
2025-01-29 13:42:50,357 INFO c.h.h.t.HelmChartContainer - [hivemq-test-hivemq-platform] [hivemq-platform-operator] [04a59eda] 13:42:50.355 [pool-6-thread-3] DEBUG c.h.p.o.dependants.PodInfoConfigMap - [helmmoni] Desired PodInfo ConfigMap (metrics port: 9399) (metrics path: /)
2025-01-29 13:42:50,357 INFO c.h.h.t.HelmChartContainer - [hivemq-test-hivemq-platform] [hivemq-platform-operator] [04a59eda] 13:42:50.355 [pool-6-thread-3] DEBUG c.h.p.o.dependants.PodInfoConfigMap - [helmmoni] Desired PodInfo ConfigMap (extension state hash: -1817474005)
2025-01-29 13:42:50,357 INFO c.h.h.t.HelmChartContainer - [hivemq-test-hivemq-platform] [hivemq-platform-operator] [04a59eda] 13:42:50.356 [pool-6-thread-5] DEBUG c.h.p.o.d.PodServiceAccountResource - [helmmoni] Desired PodServiceAccountResource (serviceAccountName: hivemq-platform-pod-test-hivemq-platform)
2025-01-29 13:42:50,363 INFO c.h.h.t.HelmChartContainer - [hivemq-test-hivemq-platform] [hivemq-platform-operator] [04a59eda] 13:42:50.363 [pool-6-thread-1] DEBUG c.h.p.o.d.StatefulSetResource - [helmmoni] Desired StatefulSet (2 replicas) for status STARTING (READY)
2025-01-29 13:42:50,387 INFO c.h.h.t.HelmChartContainer - [K3S] [reconciler_common.go:251] "operationExecutor.VerifyControllerAttachedVolume started for volume \"pod-info\" (UniqueName: \"kubernetes.io/configmap/2c2563dd-4a7a-402d-8d1f-6c9b1ddf1a46-pod-info\") pod \"test-hivemq-platform-1\" (UID: \"2c2563dd-4a7a-402d-8d1f-6c9b1ddf1a46\") " pod="helmmonitoringplatformit/test-hivemq-platform-1"
2025-01-29 13:42:50,387 INFO c.h.h.t.HelmChartContainer - [K3S] [reconciler_common.go:251] "operationExecutor.VerifyControllerAttachedVolume started for volume \"operator-init\" (UniqueName: \"kubernetes.io/empty-dir/2c2563dd-4a7a-402d-8d1f-6c9b1ddf1a46-operator-init\") pod \"test-hivemq-platform-1\" (UID: \"2c2563dd-4a7a-402d-8d1f-6c9b1ddf1a46\") " pod="helmmonitoringplatformit/test-hivemq-platform-1"
2025-01-29 13:42:50,387 INFO c.h.h.t.HelmChartContainer - [K3S] [reconciler_common.go:251] "operationExecutor.VerifyControllerAttachedVolume started for volume \"kube-api-access-79kd6\" (UniqueName: \"kubernetes.io/projected/2c2563dd-4a7a-402d-8d1f-6c9b1ddf1a46-kube-api-access-79kd6\") pod \"test-hivemq-platform-1\" (UID: \"2c2563dd-4a7a-402d-8d1f-6c9b1ddf1a46\") " pod="helmmonitoringplatformit/test-hivemq-platform-1"
2025-01-29 13:42:50,387 INFO c.h.h.t.HelmChartContainer - [K3S] [reconciler_common.go:251] "operationExecutor.VerifyControllerAttachedVolume started for volume \"broker-configuration\" (UniqueName: \"kubernetes.io/configmap/2c2563dd-4a7a-402d-8d1f-6c9b1ddf1a46-broker-configuration\") pod \"test-hivemq-platform-1\" (UID: \"2c2563dd-4a7a-402d-8d1f-6c9b1ddf1a46\") " pod="helmmonitoringplatformit/test-hivemq-platform-1"
2025-01-29 13:42:50,447 INFO c.h.h.t.HelmChartContainer - [hivemq-test-hivemq-platform] [hivemq-platform-operator] [04a59eda] 13:42:50.445 [ReconcilerExecutor-hivemq-controller-114] INFO  c.h.p.o.HiveMQPlatformReconciler - [helmmoni] Reconciling HiveMQ Platform 'test-hivemq-platform' in namespace 'helmmonitoringplatformit'
2025-01-29 13:42:50,447 INFO c.h.h.t.HelmChartContainer - [hivemq-test-hivemq-platform] [hivemq-platform-operator] [04a59eda] 13:42:50.445 [ReconcilerExecutor-hivemq-controller-114] DEBUG c.h.p.o.HiveMQPlatformReconciler - [helmmoni] Custom Resource Status STARTING - HiveMQ Platform is starting (READY)
2025-01-29 13:42:50,447 INFO c.h.h.t.HelmChartContainer - [hivemq-test-hivemq-platform] [hivemq-platform-operator] [04a59eda] 13:42:50.445 [ReconcilerExecutor-hivemq-controller-114] DEBUG c.h.p.o.HiveMQPlatformReconciler - [helmmoni] Custom Resource Spec (replicas: 2) (extensions: 1)
2025-01-29 13:42:50,448 INFO c.h.h.t.HelmChartContainer - [hivemq-test-hivemq-platform] [hivemq-platform-operator] [04a59eda] 13:42:50.447 [ReconcilerExecutor-hivemq-controller-114] DEBUG c.h.p.o.HiveMQPlatformReconciler - [helmmoni] StatefulSet Status (revision: test-hivemq-platform-64db946475, replicas: 2, available: 1, ready: 1, current: 2, updated: 2)
2025-01-29 13:42:50,449 INFO c.h.h.t.HelmChartContainer - [hivemq-test-hivemq-platform] [hivemq-platform-operator] [04a59eda] 13:42:50.447 [ReconcilerExecutor-hivemq-controller-114] DEBUG c.h.p.o.HiveMQPlatformReconciler - [helmmoni] StatefulSet Spec (replicas: 2, init containers: 1, containers: 1, volumes: 3)
2025-01-29 13:42:50,451 INFO c.h.h.t.HelmChartContainer - [hivemq-test-hivemq-platform] [hivemq-platform-operator] [04a59eda] 13:42:50.449 [ReconcilerExecutor-hivemq-controller-114] DEBUG c.h.p.o.h.HiveMQPlatformReconcilerErrorHandler - [helmmoni] Pod 'test-hivemq-platform-1' phase Pending
2025-01-29 13:42:50,451 INFO c.h.h.t.HelmChartContainer - [hivemq-test-hivemq-platform] [hivemq-platform-operator] [04a59eda] 13:42:50.450 [ReconcilerExecutor-hivemq-controller-114] DEBUG c.h.p.o.h.HiveMQPlatformReconcilerErrorHandler - [helmmoni] Pod 'test-hivemq-platform-1' condition 'PodReadyToStartContainers': False
2025-01-29 13:42:50,451 INFO c.h.h.t.HelmChartContainer - [hivemq-test-hivemq-platform] [hivemq-platform-operator] [04a59eda] 13:42:50.450 [ReconcilerExecutor-hivemq-controller-114] DEBUG c.h.p.o.h.HiveMQPlatformReconcilerErrorHandler - [helmmoni] Pod 'test-hivemq-platform-1' condition 'Initialized': False
2025-01-29 13:42:50,451 INFO c.h.h.t.HelmChartContainer - [hivemq-test-hivemq-platform] [hivemq-platform-operator] [04a59eda] 13:42:50.450 [ReconcilerExecutor-hivemq-controller-114] DEBUG c.h.p.o.h.HiveMQPlatformReconcilerErrorHandler - [helmmoni] Pod 'test-hivemq-platform-1' condition 'Ready': False
2025-01-29 13:42:50,451 INFO c.h.h.t.HelmChartContainer - [hivemq-test-hivemq-platform] [hivemq-platform-operator] [04a59eda] 13:42:50.450 [ReconcilerExecutor-hivemq-controller-114] DEBUG c.h.p.o.h.HiveMQPlatformReconcilerErrorHandler - [helmmoni] Pod 'test-hivemq-platform-1' condition 'ContainersReady': False
2025-01-29 13:42:50,451 INFO c.h.h.t.HelmChartContainer - [hivemq-test-hivemq-platform] [hivemq-platform-operator] [04a59eda] 13:42:50.450 [ReconcilerExecutor-hivemq-controller-114] DEBUG c.h.p.o.h.HiveMQPlatformReconcilerErrorHandler - [helmmoni] Pod 'test-hivemq-platform-1' condition 'PodScheduled': True
2025-01-29 13:42:50,451 INFO c.h.h.t.HelmChartContainer - [hivemq-test-hivemq-platform] [hivemq-platform-operator] [04a59eda] 13:42:50.450 [ReconcilerExecutor-hivemq-controller-114] DEBUG c.h.p.o.h.HiveMQPlatformReconcilerErrorHandler - [helmmoni] Pod 'test-hivemq-platform-1' containerStatus 'hivemq' (started: false) (ready: false) (waiting: [PodInitializing] null)
2025-01-29 13:42:50,453 INFO c.h.h.t.HelmChartContainer - [hivemq-test-hivemq-platform] [hivemq-platform-operator] [04a59eda] 13:42:50.452 [ReconcilerExecutor-hivemq-controller-114] DEBUG c.h.p.o.h.HiveMQPlatformReconcilerErrorHandler - [helmmoni] Pod 'test-hivemq-platform-0' phase Running
2025-01-29 13:42:50,454 INFO c.h.h.t.HelmChartContainer - [hivemq-test-hivemq-platform] [hivemq-platform-operator] [04a59eda] 13:42:50.453 [ReconcilerExecutor-hivemq-controller-114] INFO  c.h.p.o.h.HiveMQPlatformReconcilerBaseHandler - [helmmoni] HiveMQ Platform is starting, 1 of 2 replicas are ready
2025-01-29 13:42:50,458 INFO c.h.h.t.HelmChartContainer - [hivemq-test-hivemq-platform] [hivemq-platform-operator] [04a59eda] 13:42:50.456 [pool-6-thread-14] DEBUG c.h.p.o.d.PlatformServiceResource - [helmmoni] Desired Platform services (3 services)
2025-01-29 13:42:50,458 INFO c.h.h.t.HelmChartContainer - [hivemq-test-hivemq-platform] [hivemq-platform-operator] [04a59eda] 13:42:50.458 [pool-6-thread-16] DEBUG c.h.p.o.dependants.PodInfoConfigMap - [helmmoni] Desired PodInfo ConfigMap (1 extensions) (1 enabled)
2025-01-29 13:42:50,459 INFO c.h.h.t.HelmChartContainer - [hivemq-test-hivemq-platform] [hivemq-platform-operator] [04a59eda] 13:42:50.458 [pool-6-thread-16] DEBUG c.h.p.o.dependants.PodInfoConfigMap - [helmmoni] Desired PodInfo ConfigMap (metrics port: 9399) (metrics path: /)
2025-01-29 13:42:50,459 INFO c.h.h.t.HelmChartContainer - [hivemq-test-hivemq-platform] [hivemq-platform-operator] [04a59eda] 13:42:50.458 [pool-6-thread-16] DEBUG c.h.p.o.dependants.PodInfoConfigMap - [helmmoni] Desired PodInfo ConfigMap (extension state hash: -1817474005)
2025-01-29 13:42:50,461 INFO c.h.h.t.HelmChartContainer - [hivemq-test-hivemq-platform] [hivemq-platform-operator] [04a59eda] 13:42:50.460 [pool-6-thread-19] DEBUG c.h.p.o.d.PodServiceAccountResource - [helmmoni] Desired PodServiceAccountResource (serviceAccountName: hivemq-platform-pod-test-hivemq-platform)
2025-01-29 13:42:50,549 INFO c.h.h.t.HelmChartContainer - [hivemq-test-hivemq-platform] [hivemq-platform-operator] [04a59eda] 13:42:50.548 [pool-6-thread-11] DEBUG c.h.p.o.d.StatefulSetResource - [helmmoni] Desired StatefulSet (2 replicas) for status STARTING (READY)
2025-01-29 13:42:50,552 INFO c.h.h.t.HelmChartContainer - [hivemq-test-hivemq-platform] [hivemq-platform-operator] [04a59eda] 13:42:50.551 [ReconcilerExecutor-hivemq-controller-115] INFO  c.h.p.o.HiveMQPlatformReconciler - [helmmoni] Reconciling HiveMQ Platform 'test-hivemq-platform' in namespace 'helmmonitoringplatformit'
2025-01-29 13:42:50,556 INFO c.h.h.t.HelmChartContainer - [hivemq-test-hivemq-platform] [hivemq-platform-operator] [04a59eda] 13:42:50.552 [ReconcilerExecutor-hivemq-controller-115] DEBUG c.h.p.o.HiveMQPlatformReconciler - [helmmoni] Custom Resource Status STARTING - HiveMQ Platform is starting (READY)
2025-01-29 13:42:50,556 INFO c.h.h.t.HelmChartContainer - [hivemq-test-hivemq-platform] [hivemq-platform-operator] [04a59eda] 13:42:50.552 [ReconcilerExecutor-hivemq-controller-115] DEBUG c.h.p.o.HiveMQPlatformReconciler - [helmmoni] Custom Resource Spec (replicas: 2) (extensions: 1)
2025-01-29 13:42:50,556 INFO c.h.h.t.HelmChartContainer - [hivemq-test-hivemq-platform] [hivemq-platform-operator] [04a59eda] 13:42:50.553 [ReconcilerExecutor-hivemq-controller-115] DEBUG c.h.p.o.HiveMQPlatformReconciler - [helmmoni] StatefulSet Status (revision: test-hivemq-platform-64db946475, replicas: 2, available: 1, ready: 1, current: 2, updated: 2)
2025-01-29 13:42:50,556 INFO c.h.h.t.HelmChartContainer - [hivemq-test-hivemq-platform] [hivemq-platform-operator] [04a59eda] 13:42:50.553 [ReconcilerExecutor-hivemq-controller-115] DEBUG c.h.p.o.HiveMQPlatformReconciler - [helmmoni] StatefulSet Spec (replicas: 2, init containers: 1, containers: 1, volumes: 3)
2025-01-29 13:42:50,556 INFO c.h.h.t.HelmChartContainer - [hivemq-test-hivemq-platform] [hivemq-platform-operator] [04a59eda] 13:42:50.554 [ReconcilerExecutor-hivemq-controller-115] DEBUG c.h.p.o.h.HiveMQPlatformReconcilerErrorHandler - [helmmoni] Pod 'test-hivemq-platform-1' phase Pending
2025-01-29 13:42:50,556 INFO c.h.h.t.HelmChartContainer - [hivemq-test-hivemq-platform] [hivemq-platform-operator] [04a59eda] 13:42:50.554 [ReconcilerExecutor-hivemq-controller-115] DEBUG c.h.p.o.h.HiveMQPlatformReconcilerErrorHandler - [helmmoni] Pod 'test-hivemq-platform-1' condition 'PodReadyToStartContainers': False
2025-01-29 13:42:50,556 INFO c.h.h.t.HelmChartContainer - [hivemq-test-hivemq-platform] [hivemq-platform-operator] [04a59eda] 13:42:50.554 [ReconcilerExecutor-hivemq-controller-115] DEBUG c.h.p.o.h.HiveMQPlatformReconcilerErrorHandler - [helmmoni] Pod 'test-hivemq-platform-1' condition 'Initialized': False
2025-01-29 13:42:50,556 INFO c.h.h.t.HelmChartContainer - [hivemq-test-hivemq-platform] [hivemq-platform-operator] [04a59eda] 13:42:50.554 [ReconcilerExecutor-hivemq-controller-115] DEBUG c.h.p.o.h.HiveMQPlatformReconcilerErrorHandler - [helmmoni] Pod 'test-hivemq-platform-1' condition 'Ready': False
2025-01-29 13:42:50,556 INFO c.h.h.t.HelmChartContainer - [hivemq-test-hivemq-platform] [hivemq-platform-operator] [04a59eda] 13:42:50.555 [ReconcilerExecutor-hivemq-controller-115] DEBUG c.h.p.o.h.HiveMQPlatformReconcilerErrorHandler - [helmmoni] Pod 'test-hivemq-platform-1' condition 'ContainersReady': False
2025-01-29 13:42:50,556 INFO c.h.h.t.HelmChartContainer - [hivemq-test-hivemq-platform] [hivemq-platform-operator] [04a59eda] 13:42:50.555 [ReconcilerExecutor-hivemq-controller-115] DEBUG c.h.p.o.h.HiveMQPlatformReconcilerErrorHandler - [helmmoni] Pod 'test-hivemq-platform-1' condition 'PodScheduled': True
2025-01-29 13:42:50,556 INFO c.h.h.t.HelmChartContainer - [hivemq-test-hivemq-platform] [hivemq-platform-operator] [04a59eda] 13:42:50.555 [ReconcilerExecutor-hivemq-controller-115] DEBUG c.h.p.o.h.HiveMQPlatformReconcilerErrorHandler - [helmmoni] Pod 'test-hivemq-platform-1' containerStatus 'hivemq' (started: false) (ready: false) (waiting: [PodInitializing] null)
2025-01-29 13:42:50,557 INFO c.h.h.t.HelmChartContainer - [hivemq-test-hivemq-platform] [hivemq-platform-operator] [04a59eda] 13:42:50.557 [ReconcilerExecutor-hivemq-controller-115] DEBUG c.h.p.o.h.HiveMQPlatformReconcilerErrorHandler - [helmmoni] Pod 'test-hivemq-platform-0' phase Running
2025-01-29 13:42:50,558 INFO c.h.h.t.HelmChartContainer - [hivemq-test-hivemq-platform] [hivemq-platform-operator] [04a59eda] 13:42:50.557 [ReconcilerExecutor-hivemq-controller-115] INFO  c.h.p.o.h.HiveMQPlatformReconcilerBaseHandler - [helmmoni] HiveMQ Platform is starting, 1 of 2 replicas are ready
2025-01-29 13:42:50,694 INFO c.h.h.t.HelmChartContainer - [EVENT] Normal [Pulled] Container image "docker.io/hivemq/hivemq-platform-operator-init-test:snapshot" already present on machine [helmmonitoringplatformit:test-hivemq-platform-1]
2025-01-29 13:42:50,702 INFO c.h.h.t.HelmChartContainer - [EVENT] Normal [Created] Created container: hivemq-platform-operator-init [helmmonitoringplatformit:test-hivemq-platform-1]
2025-01-29 13:42:50,744 INFO c.h.h.t.HelmChartContainer - [EVENT] Normal [Started] Started container hivemq-platform-operator-init [helmmonitoringplatformit:test-hivemq-platform-1]
2025-01-29 13:42:51,704 INFO c.h.h.t.HelmChartContainer - [EVENT] Normal [Pulled] Container image "docker.io/hivemq/hivemq4:4.36.0" already present on machine [helmmonitoringplatformit:test-hivemq-platform-1]
2025-01-29 13:42:51,705 INFO c.h.h.t.HelmChartContainer - Received Pulled event for container hivemq in pod test-hivemq-platform-1 [2c2563dd-4a7a-402d-8d1f-6c9b1ddf1a46]
2025-01-29 13:42:51,716 INFO c.h.h.t.HelmChartContainer - [POD] test-hivemq-platform-1 [2c2563dd-4a7a-402d-8d1f-6c9b1ddf1a46] in helmmonitoringplatformit was MODIFIED
2025-01-29 13:42:51,731 INFO c.h.h.t.HelmChartContainer - [hivemq-test-hivemq-platform] [hivemq-platform-operator] [04a59eda] 13:42:51.717 [pool-6-thread-22] DEBUG c.h.p.o.d.PlatformServiceResource - [helmmoni] Desired Platform services (3 services)
2025-01-29 13:42:51,735 INFO c.h.h.t.HelmChartContainer - [hivemq-test-hivemq-platform] [hivemq-platform-operator] [04a59eda] 13:42:51.719 [pool-6-thread-26] DEBUG c.h.p.o.dependants.PodInfoConfigMap - [helmmoni] Desired PodInfo ConfigMap (1 extensions) (1 enabled)
2025-01-29 13:42:51,735 INFO c.h.h.t.HelmChartContainer - [hivemq-test-hivemq-platform] [hivemq-platform-operator] [04a59eda] 13:42:51.719 [pool-6-thread-26] DEBUG c.h.p.o.dependants.PodInfoConfigMap - [helmmoni] Desired PodInfo ConfigMap (metrics port: 9399) (metrics path: /)
2025-01-29 13:42:51,735 INFO c.h.h.t.HelmChartContainer - [hivemq-test-hivemq-platform] [hivemq-platform-operator] [04a59eda] 13:42:51.719 [pool-6-thread-26] DEBUG c.h.p.o.dependants.PodInfoConfigMap - [helmmoni] Desired PodInfo ConfigMap (extension state hash: -1817474005)
2025-01-29 13:42:51,735 INFO c.h.h.t.HelmChartContainer - [hivemq-test-hivemq-platform] [hivemq-platform-operator] [04a59eda] 13:42:51.720 [pool-6-thread-26] DEBUG c.h.p.o.d.PodServiceAccountResource - [helmmoni] Desired PodServiceAccountResource (serviceAccountName: hivemq-platform-pod-test-hivemq-platform)
2025-01-29 13:42:51,739 INFO c.h.h.t.HelmChartContainer - [EVENT] Normal [Created] Created container: hivemq [helmmonitoringplatformit:test-hivemq-platform-1]
2025-01-29 13:42:51,739 INFO c.h.h.t.HelmChartContainer - Received Created event for container hivemq in pod test-hivemq-platform-1 [2c2563dd-4a7a-402d-8d1f-6c9b1ddf1a46]
2025-01-29 13:42:51,744 INFO c.h.h.t.HelmChartContainer - [hivemq-test-hivemq-platform] [hivemq-platform-operator] [04a59eda] 13:42:51.736 [pool-6-thread-22] DEBUG c.h.p.o.d.StatefulSetResource - [helmmoni] Desired StatefulSet (2 replicas) for status STARTING (READY)
2025-01-29 13:42:51,747 INFO c.h.h.t.HelmChartContainer - [hivemq-test-hivemq-platform] [hivemq-platform-operator] [04a59eda] 13:42:51.745 [ReconcilerExecutor-hivemq-controller-116] INFO  c.h.p.o.HiveMQPlatformReconciler - [helmmoni] Reconciling HiveMQ Platform 'test-hivemq-platform' in namespace 'helmmonitoringplatformit'
2025-01-29 13:42:51,747 INFO c.h.h.t.HelmChartContainer - [hivemq-test-hivemq-platform] [hivemq-platform-operator] [04a59eda] 13:42:51.745 [ReconcilerExecutor-hivemq-controller-116] DEBUG c.h.p.o.HiveMQPlatformReconciler - [helmmoni] Custom Resource Status STARTING - HiveMQ Platform is starting (READY)
2025-01-29 13:42:51,747 INFO c.h.h.t.HelmChartContainer - [hivemq-test-hivemq-platform] [hivemq-platform-operator] [04a59eda] 13:42:51.746 [ReconcilerExecutor-hivemq-controller-116] DEBUG c.h.p.o.HiveMQPlatformReconciler - [helmmoni] Custom Resource Spec (replicas: 2) (extensions: 1)
2025-01-29 13:42:51,763 INFO c.h.h.t.HelmChartContainer - [hivemq-test-hivemq-platform] [hivemq-platform-operator] [04a59eda] 13:42:51.755 [ReconcilerExecutor-hivemq-controller-116] DEBUG c.h.p.o.HiveMQPlatformReconciler - [helmmoni] StatefulSet Status (revision: test-hivemq-platform-64db946475, replicas: 2, available: 1, ready: 1, current: 2, updated: 2)
2025-01-29 13:42:51,763 INFO c.h.h.t.HelmChartContainer - [hivemq-test-hivemq-platform] [hivemq-platform-operator] [04a59eda] 13:42:51.755 [ReconcilerExecutor-hivemq-controller-116] DEBUG c.h.p.o.HiveMQPlatformReconciler - [helmmoni] StatefulSet Spec (replicas: 2, init containers: 1, containers: 1, volumes: 3)
2025-01-29 13:42:51,763 INFO c.h.h.t.HelmChartContainer - [hivemq-test-hivemq-platform] [hivemq-platform-operator] [04a59eda] 13:42:51.758 [ReconcilerExecutor-hivemq-controller-116] DEBUG c.h.p.o.h.HiveMQPlatformReconcilerErrorHandler - [helmmoni] Pod 'test-hivemq-platform-1' phase Pending
2025-01-29 13:42:51,763 INFO c.h.h.t.HelmChartContainer - [hivemq-test-hivemq-platform] [hivemq-platform-operator] [04a59eda] 13:42:51.758 [ReconcilerExecutor-hivemq-controller-116] DEBUG c.h.p.o.h.HiveMQPlatformReconcilerErrorHandler - [helmmoni] Pod 'test-hivemq-platform-1' condition 'PodReadyToStartContainers': True
2025-01-29 13:42:51,763 INFO c.h.h.t.HelmChartContainer - [hivemq-test-hivemq-platform] [hivemq-platform-operator] [04a59eda] 13:42:51.758 [ReconcilerExecutor-hivemq-controller-116] DEBUG c.h.p.o.h.HiveMQPlatformReconcilerErrorHandler - [helmmoni] Pod 'test-hivemq-platform-1' condition 'Initialized': True
2025-01-29 13:42:51,765 INFO c.h.h.t.HelmChartContainer - [hivemq-test-hivemq-platform] [hivemq-platform-operator] [04a59eda] 13:42:51.758 [ReconcilerExecutor-hivemq-controller-116] DEBUG c.h.p.o.h.HiveMQPlatformReconcilerErrorHandler - [helmmoni] Pod 'test-hivemq-platform-1' condition 'Ready': False
2025-01-29 13:42:51,765 INFO c.h.h.t.HelmChartContainer - [hivemq-test-hivemq-platform] [hivemq-platform-operator] [04a59eda] 13:42:51.758 [ReconcilerExecutor-hivemq-controller-116] DEBUG c.h.p.o.h.HiveMQPlatformReconcilerErrorHandler - [helmmoni] Pod 'test-hivemq-platform-1' condition 'ContainersReady': False
2025-01-29 13:42:51,765 INFO c.h.h.t.HelmChartContainer - [hivemq-test-hivemq-platform] [hivemq-platform-operator] [04a59eda] 13:42:51.758 [ReconcilerExecutor-hivemq-controller-116] DEBUG c.h.p.o.h.HiveMQPlatformReconcilerErrorHandler - [helmmoni] Pod 'test-hivemq-platform-1' condition 'PodScheduled': True
2025-01-29 13:42:51,765 INFO c.h.h.t.HelmChartContainer - [hivemq-test-hivemq-platform] [hivemq-platform-operator] [04a59eda] 13:42:51.758 [ReconcilerExecutor-hivemq-controller-116] DEBUG c.h.p.o.h.HiveMQPlatformReconcilerErrorHandler - [helmmoni] Pod 'test-hivemq-platform-1' containerStatus 'hivemq' (started: false) (ready: false) (waiting: [PodInitializing] null)
2025-01-29 13:42:51,765 INFO c.h.h.t.HelmChartContainer - [hivemq-test-hivemq-platform] [hivemq-platform-operator] [04a59eda] 13:42:51.759 [ReconcilerExecutor-hivemq-controller-116] DEBUG c.h.p.o.h.HiveMQPlatformReconcilerErrorHandler - [helmmoni] Pod 'test-hivemq-platform-0' phase Running
2025-01-29 13:42:51,765 INFO c.h.h.t.HelmChartContainer - [hivemq-test-hivemq-platform] [hivemq-platform-operator] [04a59eda] 13:42:51.760 [ReconcilerExecutor-hivemq-controller-116] INFO  c.h.p.o.h.HiveMQPlatformReconcilerBaseHandler - [helmmoni] HiveMQ Platform is starting, 1 of 2 replicas are ready
2025-01-29 13:42:52,720 INFO c.h.h.t.HelmChartContainer - [POD] test-hivemq-platform-1 [2c2563dd-4a7a-402d-8d1f-6c9b1ddf1a46] in helmmonitoringplatformit was MODIFIED
2025-01-29 13:42:52,726 INFO c.h.h.t.HelmChartContainer - [EVENT] Normal [Started] Started container hivemq [helmmonitoringplatformit:test-hivemq-platform-1]
2025-01-29 13:42:52,726 INFO c.h.h.t.HelmChartContainer - Received Started event for container hivemq in pod test-hivemq-platform-1 [2c2563dd-4a7a-402d-8d1f-6c9b1ddf1a46]
2025-01-29 13:42:52,728 INFO c.h.h.t.HelmChartContainer - Started log watcher for hivemq in pod test-hivemq-platform-1 [2c2563dd-4a7a-402d-8d1f-6c9b1ddf1a46]
2025-01-29 13:42:52,728 INFO c.h.h.t.HelmChartContainer - [test-hivemq-platform] [hivemq] [2c2563dd] Adding pre-installed HiveMQ Platform Operator extensions
2025-01-29 13:42:52,728 INFO c.h.h.t.HelmChartContainer - [test-hivemq-platform] [hivemq] [2c2563dd] Running as user 10000
2025-01-29 13:42:52,728 INFO c.h.h.t.HelmChartContainer - [test-hivemq-platform] [hivemq] [2c2563dd] Starting HiveMQ Platform Operator Init
2025-01-29 13:42:52,729 INFO c.h.h.t.HelmChartContainer - [hivemq-test-hivemq-platform] [hivemq-platform-operator] [04a59eda] 13:42:52.722 [pool-6-thread-31] DEBUG c.h.p.o.d.PlatformServiceResource - [helmmoni] Desired Platform services (3 services)
2025-01-29 13:42:52,730 INFO c.h.h.t.HelmChartContainer - [hivemq-test-hivemq-platform] [hivemq-platform-operator] [04a59eda] 13:42:52.723 [pool-6-thread-34] DEBUG c.h.p.o.dependants.PodInfoConfigMap - [helmmoni] Desired PodInfo ConfigMap (1 extensions) (1 enabled)
2025-01-29 13:42:52,730 INFO c.h.h.t.HelmChartContainer - [hivemq-test-hivemq-platform] [hivemq-platform-operator] [04a59eda] 13:42:52.724 [pool-6-thread-34] DEBUG c.h.p.o.dependants.PodInfoConfigMap - [helmmoni] Desired PodInfo ConfigMap (metrics port: 9399) (metrics path: /)
2025-01-29 13:42:52,730 INFO c.h.h.t.HelmChartContainer - [hivemq-test-hivemq-platform] [hivemq-platform-operator] [04a59eda] 13:42:52.724 [pool-6-thread-34] DEBUG c.h.p.o.dependants.PodInfoConfigMap - [helmmoni] Desired PodInfo ConfigMap (extension state hash: -1817474005)
2025-01-29 13:42:52,730 INFO c.h.h.t.HelmChartContainer - [hivemq-test-hivemq-platform] [hivemq-platform-operator] [04a59eda] 13:42:52.727 [pool-6-thread-34] DEBUG c.h.p.o.d.PodServiceAccountResource - [helmmoni] Desired PodServiceAccountResource (serviceAccountName: hivemq-platform-pod-test-hivemq-platform)
2025-01-29 13:42:52,735 INFO c.h.h.t.HelmChartContainer - [hivemq-test-hivemq-platform] [hivemq-platform-operator] [04a59eda] 13:42:52.733 [pool-6-thread-31] DEBUG c.h.p.o.d.StatefulSetResource - [helmmoni] Desired StatefulSet (2 replicas) for status STARTING (READY)
2025-01-29 13:42:52,752 INFO c.h.h.t.HelmChartContainer - [hivemq-test-hivemq-platform] [hivemq-platform-operator] [04a59eda] 13:42:52.751 [ReconcilerExecutor-hivemq-controller-117] INFO  c.h.p.o.HiveMQPlatformReconciler - [helmmoni] Reconciling HiveMQ Platform 'test-hivemq-platform' in namespace 'helmmonitoringplatformit'
2025-01-29 13:42:52,752 INFO c.h.h.t.HelmChartContainer - [hivemq-test-hivemq-platform] [hivemq-platform-operator] [04a59eda] 13:42:52.751 [ReconcilerExecutor-hivemq-controller-117] DEBUG c.h.p.o.HiveMQPlatformReconciler - [helmmoni] Custom Resource Status STARTING - HiveMQ Platform is starting (READY)
2025-01-29 13:42:52,756 INFO c.h.h.t.HelmChartContainer - [hivemq-test-hivemq-platform] [hivemq-platform-operator] [04a59eda] 13:42:52.751 [ReconcilerExecutor-hivemq-controller-117] DEBUG c.h.p.o.HiveMQPlatformReconciler - [helmmoni] Custom Resource Spec (replicas: 2) (extensions: 1)
2025-01-29 13:42:52,756 INFO c.h.h.t.HelmChartContainer - [hivemq-test-hivemq-platform] [hivemq-platform-operator] [04a59eda] 13:42:52.753 [ReconcilerExecutor-hivemq-controller-117] DEBUG c.h.p.o.HiveMQPlatformReconciler - [helmmoni] StatefulSet Status (revision: test-hivemq-platform-64db946475, replicas: 2, available: 1, ready: 1, current: 2, updated: 2)
2025-01-29 13:42:52,756 INFO c.h.h.t.HelmChartContainer - [hivemq-test-hivemq-platform] [hivemq-platform-operator] [04a59eda] 13:42:52.753 [ReconcilerExecutor-hivemq-controller-117] DEBUG c.h.p.o.HiveMQPlatformReconciler - [helmmoni] StatefulSet Spec (replicas: 2, init containers: 1, containers: 1, volumes: 3)
2025-01-29 13:42:52,756 INFO c.h.h.t.HelmChartContainer - [hivemq-test-hivemq-platform] [hivemq-platform-operator] [04a59eda] 13:42:52.754 [ReconcilerExecutor-hivemq-controller-117] DEBUG c.h.p.o.h.HiveMQPlatformReconcilerErrorHandler - [helmmoni] Pod 'test-hivemq-platform-1' phase Running
2025-01-29 13:42:52,757 INFO c.h.h.t.HelmChartContainer - [hivemq-test-hivemq-platform] [hivemq-platform-operator] [04a59eda] 13:42:52.755 [ReconcilerExecutor-hivemq-controller-117] DEBUG c.h.p.o.h.HiveMQPlatformReconcilerErrorHandler - [helmmoni] Pod 'test-hivemq-platform-0' phase Running
2025-01-29 13:42:52,757 INFO c.h.h.t.HelmChartContainer - [hivemq-test-hivemq-platform] [hivemq-platform-operator] [04a59eda] 13:42:52.756 [ReconcilerExecutor-hivemq-controller-117] INFO  c.h.p.o.h.HiveMQPlatformReconcilerBaseHandler - [helmmoni] HiveMQ Platform is starting, 1 of 2 replicas are ready
2025-01-29 13:42:52,889 INFO c.h.h.t.HelmChartContainer - [test-hivemq-platform] [hivemq] [2c2563dd] INFO  - [HiveMQ Platform Operator Init 1.7.0-SNAPSHOT] HiveMQ Platform Operator Init 1.7.0-SNAPSHOT (commit: bebf408 on branch: HEAD) built on Sun Jan 26 20:47:47 UTC 2025
2025-01-29 13:42:54,016 INFO c.h.h.t.HelmChartContainer - [test-hivemq-platform] [hivemq] [2c2563dd] INFO  - [HiveMQ Platform Operator Init App 1.7.0-SNAPSHOT] Using bind address 10.42.0.18 from environment variable
2025-01-29 13:42:54,995 INFO c.h.h.t.HelmChartContainer - [test-hivemq-platform] [hivemq] [2c2563dd] INFO  - [HiveMQ Platform Operator Init App 1.7.0-SNAPSHOT] HiveMQ Platform Operator Init App 1.7.0-SNAPSHOT (commit: bebf408 on branch: HEAD) built on Sun Jan 26 20:47:47 UTC 2025
2025-01-29 13:42:54,995 INFO c.h.h.t.HelmChartContainer - [test-hivemq-platform] [hivemq] [2c2563dd] INFO  - [HiveMQ Platform Operator Init App 1.7.0-SNAPSHOT] PodInfo ConfigMap directory: /etc/podinfo
2025-01-29 13:42:54,996 INFO c.h.h.t.HelmChartContainer - [test-hivemq-platform] [hivemq] [2c2563dd] INFO  - [HiveMQ Platform Operator Init App 1.7.0-SNAPSHOT] HiveMQ home directory: /opt/hivemq
2025-01-29 13:42:54,996 INFO c.h.h.t.HelmChartContainer - [test-hivemq-platform] [hivemq] [2c2563dd] INFO  - [HiveMQ Platform Operator Init App 1.7.0-SNAPSHOT] HiveMQ Logback folder: /opt/hivemq/conf
2025-01-29 13:42:54,996 INFO c.h.h.t.HelmChartContainer - [test-hivemq-platform] [hivemq] [2c2563dd] INFO  - [HiveMQ Platform Operator Init App 1.7.0-SNAPSHOT] HiveMQ Config folder: /opt/hivemq/conf-k8s
2025-01-29 13:42:54,996 INFO c.h.h.t.HelmChartContainer - [test-hivemq-platform] [hivemq] [2c2563dd] INFO  - [HiveMQ Platform Operator Init App 1.7.0-SNAPSHOT] Starting HiveMQ Platform Operator Init App
2025-01-29 13:42:54,996 INFO c.h.h.t.HelmChartContainer - [test-hivemq-platform] [hivemq] [2c2563dd] INFO  - [HiveMQ Platform Operator Init App 1.7.0-SNAPSHOT] Starting Pod reconciler
2025-01-29 13:42:56,287 INFO c.h.h.t.HelmChartContainer - [test-hivemq-platform] [hivemq] [2c2563dd] INFO  - [HiveMQ Platform Operator Init App 1.7.0-SNAPSHOT] Pod reconciler is scheduled (interval: 5000 ms)
2025-01-29 13:42:56,288 INFO c.h.h.t.HelmChartContainer - [test-hivemq-platform] [hivemq] [2c2563dd] INFO  - [HiveMQ Platform Operator Init App 1.7.0-SNAPSHOT] Starting the REST API on 10.42.0.18:7979
2025-01-29 13:42:56,291 INFO c.h.h.t.HelmChartContainer - [test-hivemq-platform] [hivemq] [2c2563dd] INFO  - [HiveMQ Platform Operator Init App 1.7.0-SNAPSHOT] Waiting up to 600s for at most 2 HiveMQ nodes in cluster service hivemq-test-hivemq-platform-cluster.helmmonitoringplatformit.svc
2025-01-29 13:42:56,592 INFO c.h.h.t.HelmChartContainer - [test-hivemq-platform] [hivemq] [2c2563dd] INFO  - [HiveMQ Platform Operator Init App 1.7.0-SNAPSHOT] Resolved 2 IP addresses: [10.42.0.17, 10.42.0.18]
2025-01-29 13:42:56,592 INFO c.h.h.t.HelmChartContainer - [test-hivemq-platform] [hivemq] [2c2563dd] INFO  - [HiveMQ Platform Operator Init App 1.7.0-SNAPSHOT] HiveMQ node count of 2 is within threshold of 2
2025-01-29 13:42:56,592 INFO c.h.h.t.HelmChartContainer - [test-hivemq-platform] [hivemq] [2c2563dd] INFO  - [HiveMQ Platform Operator Init App 1.7.0-SNAPSHOT] Proceeding with container start
2025-01-29 13:42:56,694 INFO c.h.h.t.HelmChartContainer - [test-hivemq-platform] [hivemq] [2c2563dd] INFO  - [HiveMQ Platform Operator Init App 1.7.0-SNAPSHOT] Initializing HiveMQ Platform extensions with initial configuration: {hivemq-allow-all-extension={start-priority=-1, skip-https-hostname-verification=false, restart=true, config-version=0, header-version=0, c-uri=, priority=-1, uri=preinstalled, skip-https-certificate-validation=false, enabled=true}, hivemq-prometheus-extension={request-header-path=no-request-headers, enabled=true, restart=true, priority=-1, start-priority=-1, c-uri=, skip-https-hostname-verification=false, skip-https-certificate-validation=false, uri=preinstalled}}
2025-01-29 13:42:57,180 INFO c.h.h.t.HelmChartContainer - [test-hivemq-platform] [hivemq] [2c2563dd] INFO  - [HiveMQ Platform Operator Init App 1.7.0-SNAPSHOT] Extension hivemq-allow-all-extension was already enabled
2025-01-29 13:42:57,192 INFO c.h.h.t.HelmChartContainer - [test-hivemq-platform] [hivemq] [2c2563dd] INFO  - [HiveMQ Platform Operator Init App 1.7.0-SNAPSHOT] Successfully enabled extension hivemq-prometheus-extension
2025-01-29 13:42:57,274 INFO c.h.h.t.HelmChartContainer - [test-hivemq-platform] [hivemq] [2c2563dd] INFO  - [HiveMQ Platform Operator Init App 1.7.0-SNAPSHOT] Starting HiveMQ Platform version 4.36.0 (4.36.0)
2025-01-29 13:42:57,274 INFO c.h.h.t.HelmChartContainer - [test-hivemq-platform] [hivemq] [2c2563dd] INFO  - [HiveMQ Platform Operator Init App 1.7.0-SNAPSHOT] Configuring the HiveMQ Platform
2025-01-29 13:42:57,282 INFO c.h.h.t.HelmChartContainer - [test-hivemq-platform] [hivemq] [2c2563dd] INFO  - [HiveMQ Platform Operator Init App 1.7.0-SNAPSHOT] Changed logback.xml file scan period to 20 seconds
2025-01-29 13:42:57,378 INFO c.h.h.t.HelmChartContainer - [test-hivemq-platform] [hivemq] [2c2563dd] INFO  - [HiveMQ Platform Operator Init App 1.7.0-SNAPSHOT] Starting the HiveMQ Platform
2025-01-29 13:42:57,380 INFO c.h.h.t.HelmChartContainer - [test-hivemq-platform] [hivemq] [2c2563dd] -------------------------------------------------------------------------
2025-01-29 13:42:57,380 INFO c.h.h.t.HelmChartContainer - [test-hivemq-platform] [hivemq] [2c2563dd] 
2025-01-29 13:42:57,380 INFO c.h.h.t.HelmChartContainer - [test-hivemq-platform] [hivemq] [2c2563dd]                   _    _  _              __  __   ____
2025-01-29 13:42:57,381 INFO c.h.h.t.HelmChartContainer - [test-hivemq-platform] [hivemq] [2c2563dd]                  | |  | |(_)            |  \/  | / __ \
2025-01-29 13:42:57,381 INFO c.h.h.t.HelmChartContainer - [test-hivemq-platform] [hivemq] [2c2563dd]                  | |__| | _ __   __ ___ | \  / || |  | |
2025-01-29 13:42:57,381 INFO c.h.h.t.HelmChartContainer - [test-hivemq-platform] [hivemq] [2c2563dd]                  |  __  || |\ \ / // _ \| |\/| || |  | |
2025-01-29 13:42:57,381 INFO c.h.h.t.HelmChartContainer - [test-hivemq-platform] [hivemq] [2c2563dd]                  | |  | || | \ V /|  __/| |  | || |__| |
2025-01-29 13:42:57,381 INFO c.h.h.t.HelmChartContainer - [test-hivemq-platform] [hivemq] [2c2563dd]                  |_|  |_||_|  \_/  \___||_|  |_| \___\_\
2025-01-29 13:42:57,381 INFO c.h.h.t.HelmChartContainer - [test-hivemq-platform] [hivemq] [2c2563dd] 
2025-01-29 13:42:57,381 INFO c.h.h.t.HelmChartContainer - [test-hivemq-platform] [hivemq] [2c2563dd] -------------------------------------------------------------------------
2025-01-29 13:42:57,381 INFO c.h.h.t.HelmChartContainer - [test-hivemq-platform] [hivemq] [2c2563dd] 
2025-01-29 13:42:57,381 INFO c.h.h.t.HelmChartContainer - [test-hivemq-platform] [hivemq] [2c2563dd]   HiveMQ Start Script for Linux/Unix v1.14
2025-01-29 13:42:57,381 INFO c.h.h.t.HelmChartContainer - [test-hivemq-platform] [hivemq] [2c2563dd] 
2025-01-29 13:42:57,480 INFO c.h.h.t.HelmChartContainer - [test-hivemq-platform] [hivemq] [2c2563dd] -------------------------------------------------------------------------
2025-01-29 13:42:57,480 INFO c.h.h.t.HelmChartContainer - [test-hivemq-platform] [hivemq] [2c2563dd] 
2025-01-29 13:42:57,480 INFO c.h.h.t.HelmChartContainer - [test-hivemq-platform] [hivemq] [2c2563dd]   HIVEMQ_HOME: /opt/hivemq
2025-01-29 13:42:57,480 INFO c.h.h.t.HelmChartContainer - [test-hivemq-platform] [hivemq] [2c2563dd] 
2025-01-29 13:42:57,480 INFO c.h.h.t.HelmChartContainer - [test-hivemq-platform] [hivemq] [2c2563dd]   JAVA_OPTS: -XX:+UnlockExperimentalVMOptions -XX:InitialRAMPercentage=50 -XX:MaxRAMPercentage=50 -Djava.net.preferIPv4Stack=true --add-opens java.base/java.lang=ALL-UNNAMED --add-opens java.base/java.nio=ALL-UNNAMED --add-opens java.base/sun.nio.ch=ALL-UNNAMED --add-opens jdk.management/com.sun.management.internal=ALL-UNNAMED --add-exports java.base/jdk.internal.misc=ALL-UNNAMED -Djava.security.egd=file:/dev/./urandom -Dcom.sun.management.jmxremote -Dcom.sun.management.jmxremote.port=9010 -Dcom.sun.management.jmxremote.local.only=false -Dcom.sun.management.jmxremote.authenticate=false -Dcom.sun.management.jmxremote.ssl=false -Duser.language=en -Duser.region=US -XX:+CrashOnOutOfMemoryError -XX:+HeapDumpOnOutOfMemoryError
2025-01-29 13:42:57,480 INFO c.h.h.t.HelmChartContainer - [test-hivemq-platform] [hivemq] [2c2563dd] 
2025-01-29 13:42:57,480 INFO c.h.h.t.HelmChartContainer - [test-hivemq-platform] [hivemq] [2c2563dd]   JAVA_VERSION: 21
2025-01-29 13:42:57,480 INFO c.h.h.t.HelmChartContainer - [test-hivemq-platform] [hivemq] [2c2563dd] 
2025-01-29 13:42:57,480 INFO c.h.h.t.HelmChartContainer - [test-hivemq-platform] [hivemq] [2c2563dd] -------------------------------------------------------------------------
2025-01-29 13:42:57,480 INFO c.h.h.t.HelmChartContainer - [test-hivemq-platform] [hivemq] [2c2563dd] 
2025-01-29 13:42:58,781 INFO c.h.h.t.HelmChartContainer - [test-hivemq-platform] [hivemq] [2c2563dd] INFO  - [HiveMQ Platform Operator Init App 1.7.0-SNAPSHOT] Returning default Health API response 503 for readiness
2025-01-29 13:42:59,185 INFO c.h.h.t.HelmChartContainer - [EVENT] Warning [Unhealthy] Readiness probe failed: HTTP probe failed with statuscode: 503 [helmmonitoringplatformit:test-hivemq-platform-1]
2025-01-29 13:42:59,185 INFO c.h.h.t.HelmChartContainer - Received Unhealthy event for container hivemq in pod test-hivemq-platform-1 [2c2563dd-4a7a-402d-8d1f-6c9b1ddf1a46]
2025-01-29 13:43:00,092 INFO c.h.h.t.HelmChartContainer - [test-hivemq-platform] [hivemq] [2c2563dd] INFO  - Starting HiveMQ Enterprise Server
2025-01-29 13:43:00,180 INFO c.h.h.t.HelmChartContainer - [test-hivemq-platform] [hivemq] [2c2563dd] INFO  - HiveMQ version: 4.36.0
2025-01-29 13:43:00,180 INFO c.h.h.t.HelmChartContainer - [test-hivemq-platform] [hivemq] [2c2563dd] INFO  - HiveMQ home directory: /opt/hivemq
2025-01-29 13:43:00,181 INFO c.h.h.t.HelmChartContainer - [test-hivemq-platform] [hivemq] [2c2563dd] INFO  - Log Configuration was overridden by /opt/hivemq/conf/logback.xml
2025-01-29 13:43:01,488 INFO c.h.h.t.HelmChartContainer - [test-hivemq-platform] [hivemq] [2c2563dd] INFO  - Successfully loaded configuration from '/opt/hivemq/conf-k8s/config.xml'.
2025-01-29 13:43:02,184 INFO c.h.h.t.HelmChartContainer - [test-hivemq-platform] [hivemq] [2c2563dd] INFO  - This node's ID is uMh4u
2025-01-29 13:43:02,185 INFO c.h.h.t.HelmChartContainer - [test-hivemq-platform] [hivemq] [2c2563dd] INFO  - Clustering is enabled
2025-01-29 13:43:02,762 INFO c.h.h.t.HelmChartContainer - [hivemq-test-hivemq-platform] [hivemq-platform-operator] [04a59eda] 13:43:02.759 [pool-6-thread-45] DEBUG c.h.p.o.d.PlatformServiceResource - [helmmoni] Desired Platform services (3 services)
2025-01-29 13:43:02,762 INFO c.h.h.t.HelmChartContainer - [hivemq-test-hivemq-platform] [hivemq-platform-operator] [04a59eda] 13:43:02.760 [pool-6-thread-43] DEBUG c.h.p.o.d.PodServiceAccountResource - [helmmoni] Desired PodServiceAccountResource (serviceAccountName: hivemq-platform-pod-test-hivemq-platform)
2025-01-29 13:43:02,763 INFO c.h.h.t.HelmChartContainer - [hivemq-test-hivemq-platform] [hivemq-platform-operator] [04a59eda] 13:43:02.761 [pool-6-thread-47] DEBUG c.h.p.o.dependants.PodInfoConfigMap - [helmmoni] Desired PodInfo ConfigMap (1 extensions) (1 enabled)
2025-01-29 13:43:02,763 INFO c.h.h.t.HelmChartContainer - [hivemq-test-hivemq-platform] [hivemq-platform-operator] [04a59eda] 13:43:02.761 [pool-6-thread-47] DEBUG c.h.p.o.dependants.PodInfoConfigMap - [helmmoni] Desired PodInfo ConfigMap (metrics port: 9399) (metrics path: /)
2025-01-29 13:43:02,763 INFO c.h.h.t.HelmChartContainer - [hivemq-test-hivemq-platform] [hivemq-platform-operator] [04a59eda] 13:43:02.761 [pool-6-thread-47] DEBUG c.h.p.o.dependants.PodInfoConfigMap - [helmmoni] Desired PodInfo ConfigMap (extension state hash: -1817474005)
2025-01-29 13:43:02,767 INFO c.h.h.t.HelmChartContainer - [hivemq-test-hivemq-platform] [hivemq-platform-operator] [04a59eda] 13:43:02.766 [pool-6-thread-45] DEBUG c.h.p.o.d.StatefulSetResource - [helmmoni] Desired StatefulSet (2 replicas) for status STARTING (READY)
2025-01-29 13:43:02,770 INFO c.h.h.t.HelmChartContainer - [hivemq-test-hivemq-platform] [hivemq-platform-operator] [04a59eda] 13:43:02.769 [ReconcilerExecutor-hivemq-controller-118] INFO  c.h.p.o.HiveMQPlatformReconciler - [helmmoni] Reconciling HiveMQ Platform 'test-hivemq-platform' in namespace 'helmmonitoringplatformit'
2025-01-29 13:43:02,771 INFO c.h.h.t.HelmChartContainer - [hivemq-test-hivemq-platform] [hivemq-platform-operator] [04a59eda] 13:43:02.770 [ReconcilerExecutor-hivemq-controller-118] DEBUG c.h.p.o.HiveMQPlatformReconciler - [helmmoni] Custom Resource Status STARTING - HiveMQ Platform is starting (READY)
2025-01-29 13:43:02,771 INFO c.h.h.t.HelmChartContainer - [hivemq-test-hivemq-platform] [hivemq-platform-operator] [04a59eda] 13:43:02.770 [ReconcilerExecutor-hivemq-controller-118] DEBUG c.h.p.o.HiveMQPlatformReconciler - [helmmoni] Custom Resource Spec (replicas: 2) (extensions: 1)
2025-01-29 13:43:02,772 INFO c.h.h.t.HelmChartContainer - [hivemq-test-hivemq-platform] [hivemq-platform-operator] [04a59eda] 13:43:02.771 [ReconcilerExecutor-hivemq-controller-118] DEBUG c.h.p.o.HiveMQPlatformReconciler - [helmmoni] StatefulSet Status (revision: test-hivemq-platform-64db946475, replicas: 2, available: 1, ready: 1, current: 2, updated: 2)
2025-01-29 13:43:02,774 INFO c.h.h.t.HelmChartContainer - [hivemq-test-hivemq-platform] [hivemq-platform-operator] [04a59eda] 13:43:02.771 [ReconcilerExecutor-hivemq-controller-118] DEBUG c.h.p.o.HiveMQPlatformReconciler - [helmmoni] StatefulSet Spec (replicas: 2, init containers: 1, containers: 1, volumes: 3)
2025-01-29 13:43:02,775 INFO c.h.h.t.HelmChartContainer - [hivemq-test-hivemq-platform] [hivemq-platform-operator] [04a59eda] 13:43:02.772 [ReconcilerExecutor-hivemq-controller-118] DEBUG c.h.p.o.h.HiveMQPlatformReconcilerErrorHandler - [helmmoni] Pod 'test-hivemq-platform-1' phase Running
2025-01-29 13:43:02,776 INFO c.h.h.t.HelmChartContainer - [hivemq-test-hivemq-platform] [hivemq-platform-operator] [04a59eda] 13:43:02.776 [ReconcilerExecutor-hivemq-controller-118] DEBUG c.h.p.o.h.HiveMQPlatformReconcilerErrorHandler - [helmmoni] Pod 'test-hivemq-platform-0' phase Running
2025-01-29 13:43:02,777 INFO c.h.h.t.HelmChartContainer - [hivemq-test-hivemq-platform] [hivemq-platform-operator] [04a59eda] 13:43:02.777 [ReconcilerExecutor-hivemq-controller-118] INFO  c.h.p.o.h.HiveMQPlatformReconcilerBaseHandler - [helmmoni] HiveMQ Platform is starting, 1 of 2 replicas are ready
2025-01-29 13:43:04,128 INFO c.h.h.t.HelmChartContainer - [test-hivemq-platform] [hivemq] [2c2563dd] WARN  - [HiveMQ Platform Operator Init App 1.7.0-SNAPSHOT] Cannot connect to Health API for readiness: null
2025-01-29 13:43:04,182 INFO c.h.h.t.HelmChartContainer - [EVENT] Warning [Unhealthy] Readiness probe failed: HTTP probe failed with statuscode: 503 [helmmonitoringplatformit:test-hivemq-platform-1]
2025-01-29 13:43:04,182 INFO c.h.h.t.HelmChartContainer - Received Unhealthy event for container hivemq in pod test-hivemq-platform-1 [2c2563dd-4a7a-402d-8d1f-6c9b1ddf1a46]
2025-01-29 13:43:06,190 INFO c.h.h.t.HelmChartContainer - [test-hivemq-platform] [hivemq] [18f6316e] INFO  - [HiveMQ Platform Operator Init App 1.7.0-SNAPSHOT] Returning Health API response 200 for liveness
2025-01-29 13:43:06,682 INFO c.h.h.t.HelmChartContainer - [test-hivemq-platform] [hivemq] [2c2563dd] Jan 29, 2025 1:43:06 PM io.vertx.core.impl.BlockedThreadChecker
2025-01-29 13:43:06,683 INFO c.h.h.t.HelmChartContainer - [test-hivemq-platform] [hivemq] [2c2563dd] WARNING: Thread Thread[vert.x-eventloop-thread-1,5,main] has been blocked for 2199 ms, time limit is 2000 ms
2025-01-29 13:43:07,581 INFO c.h.h.t.HelmChartContainer - [test-hivemq-platform] [hivemq] [2c2563dd] Jan 29, 2025 1:43:07 PM io.vertx.core.impl.BlockedThreadChecker
2025-01-29 13:43:07,581 INFO c.h.h.t.HelmChartContainer - [test-hivemq-platform] [hivemq] [2c2563dd] WARNING: Thread Thread[vert.x-eventloop-thread-1,5,main] has been blocked for 3200 ms, time limit is 2000 ms
2025-01-29 13:43:07,583 INFO c.h.h.t.HelmChartContainer - [test-hivemq-platform] [hivemq] [2c2563dd] INFO  - [HiveMQ Platform Operator Init App 1.7.0-SNAPSHOT] Updating Pod HiveMQ Platform Operator Init App version annotation (version: 1.7.0-SNAPSHOT)
2025-01-29 13:43:08,189 INFO c.h.h.t.HelmChartContainer - [POD] test-hivemq-platform-1 [2c2563dd-4a7a-402d-8d1f-6c9b1ddf1a46] in helmmonitoringplatformit was MODIFIED
2025-01-29 13:43:08,227 INFO c.h.h.t.HelmChartContainer - [hivemq-test-hivemq-platform] [hivemq-platform-operator] [04a59eda] 13:43:08.193 [pool-6-thread-7] DEBUG c.h.p.o.d.PlatformServiceResource - [helmmoni] Desired Platform services (3 services)
2025-01-29 13:43:08,228 INFO c.h.h.t.HelmChartContainer - [hivemq-test-hivemq-platform] [hivemq-platform-operator] [04a59eda] 13:43:08.194 [pool-6-thread-8] DEBUG c.h.p.o.dependants.PodInfoConfigMap - [helmmoni] Desired PodInfo ConfigMap (1 extensions) (1 enabled)
2025-01-29 13:43:08,228 INFO c.h.h.t.HelmChartContainer - [hivemq-test-hivemq-platform] [hivemq-platform-operator] [04a59eda] 13:43:08.194 [pool-6-thread-8] DEBUG c.h.p.o.dependants.PodInfoConfigMap - [helmmoni] Desired PodInfo ConfigMap (metrics port: 9399) (metrics path: /)
2025-01-29 13:43:08,228 INFO c.h.h.t.HelmChartContainer - [hivemq-test-hivemq-platform] [hivemq-platform-operator] [04a59eda] 13:43:08.194 [pool-6-thread-8] DEBUG c.h.p.o.dependants.PodInfoConfigMap - [helmmoni] Desired PodInfo ConfigMap (extension state hash: -1817474005)
2025-01-29 13:43:08,228 INFO c.h.h.t.HelmChartContainer - [hivemq-test-hivemq-platform] [hivemq-platform-operator] [04a59eda] 13:43:08.196 [pool-6-thread-5] DEBUG c.h.p.o.d.PodServiceAccountResource - [helmmoni] Desired PodServiceAccountResource (serviceAccountName: hivemq-platform-pod-test-hivemq-platform)
2025-01-29 13:43:08,228 INFO c.h.h.t.HelmChartContainer - [hivemq-test-hivemq-platform] [hivemq-platform-operator] [04a59eda] 13:43:08.200 [pool-6-thread-4] DEBUG c.h.p.o.d.StatefulSetResource - [helmmoni] Desired StatefulSet (2 replicas) for status STARTING (READY)
2025-01-29 13:43:08,228 INFO c.h.h.t.HelmChartContainer - [hivemq-test-hivemq-platform] [hivemq-platform-operator] [04a59eda] 13:43:08.203 [ReconcilerExecutor-hivemq-controller-119] INFO  c.h.p.o.HiveMQPlatformReconciler - [helmmoni] Reconciling HiveMQ Platform 'test-hivemq-platform' in namespace 'helmmonitoringplatformit'
2025-01-29 13:43:08,228 INFO c.h.h.t.HelmChartContainer - [hivemq-test-hivemq-platform] [hivemq-platform-operator] [04a59eda] 13:43:08.203 [ReconcilerExecutor-hivemq-controller-119] DEBUG c.h.p.o.HiveMQPlatformReconciler - [helmmoni] Custom Resource Status STARTING - HiveMQ Platform is starting (READY)
2025-01-29 13:43:08,228 INFO c.h.h.t.HelmChartContainer - [hivemq-test-hivemq-platform] [hivemq-platform-operator] [04a59eda] 13:43:08.203 [ReconcilerExecutor-hivemq-controller-119] DEBUG c.h.p.o.HiveMQPlatformReconciler - [helmmoni] Custom Resource Spec (replicas: 2) (extensions: 1)
2025-01-29 13:43:08,228 INFO c.h.h.t.HelmChartContainer - [hivemq-test-hivemq-platform] [hivemq-platform-operator] [04a59eda] 13:43:08.204 [ReconcilerExecutor-hivemq-controller-119] DEBUG c.h.p.o.HiveMQPlatformReconciler - [helmmoni] StatefulSet Status (revision: test-hivemq-platform-64db946475, replicas: 2, available: 1, ready: 1, current: 2, updated: 2)
2025-01-29 13:43:08,228 INFO c.h.h.t.HelmChartContainer - [hivemq-test-hivemq-platform] [hivemq-platform-operator] [04a59eda] 13:43:08.204 [ReconcilerExecutor-hivemq-controller-119] DEBUG c.h.p.o.HiveMQPlatformReconciler - [helmmoni] StatefulSet Spec (replicas: 2, init containers: 1, containers: 1, volumes: 3)
2025-01-29 13:43:08,228 INFO c.h.h.t.HelmChartContainer - [hivemq-test-hivemq-platform] [hivemq-platform-operator] [04a59eda] 13:43:08.205 [ReconcilerExecutor-hivemq-controller-119] DEBUG c.h.p.o.h.HiveMQPlatformReconcilerErrorHandler - [helmmoni] Pod 'test-hivemq-platform-1' phase Running
2025-01-29 13:43:08,228 INFO c.h.h.t.HelmChartContainer - [hivemq-test-hivemq-platform] [hivemq-platform-operator] [04a59eda] 13:43:08.206 [ReconcilerExecutor-hivemq-controller-119] DEBUG c.h.p.o.h.HiveMQPlatformReconcilerErrorHandler - [helmmoni] Pod 'test-hivemq-platform-0' phase Running
2025-01-29 13:43:08,228 INFO c.h.h.t.HelmChartContainer - [hivemq-test-hivemq-platform] [hivemq-platform-operator] [04a59eda] 13:43:08.207 [ReconcilerExecutor-hivemq-controller-119] INFO  c.h.p.o.h.HiveMQPlatformReconcilerBaseHandler - [helmmoni] HiveMQ Platform is starting, 1 of 2 replicas are ready
2025-01-29 13:43:08,276 INFO c.h.h.t.HelmChartContainer - [test-hivemq-platform] [hivemq] [2c2563dd] INFO  - [HiveMQ Platform Operator Init App 1.7.0-SNAPSHOT] Successfully updated Pod HiveMQ Platform Operator Init App version annotation (version: 1.7.0-SNAPSHOT)
2025-01-29 13:43:08,277 INFO c.h.h.t.HelmChartContainer - [test-hivemq-platform] [hivemq] [2c2563dd] WARN  - [HiveMQ Platform Operator Init App 1.7.0-SNAPSHOT] Cannot connect to Health API for readiness: null
2025-01-29 13:43:08,283 INFO c.h.h.t.HelmChartContainer - [EVENT] Warning [Unhealthy] Readiness probe failed: HTTP probe failed with statuscode: 503 [helmmonitoringplatformit:test-hivemq-platform-1]
2025-01-29 13:43:08,283 INFO c.h.h.t.HelmChartContainer - Received Unhealthy event for container hivemq in pod test-hivemq-platform-1 [2c2563dd-4a7a-402d-8d1f-6c9b1ddf1a46]
2025-01-29 13:43:13,228 INFO c.h.h.t.HelmChartContainer - [test-hivemq-platform] [hivemq] [2c2563dd] WARN  - [HiveMQ Platform Operator Init App 1.7.0-SNAPSHOT] Cannot connect to Health API for readiness: null
2025-01-29 13:43:13,234 INFO c.h.h.t.HelmChartContainer - [EVENT] Warning [Unhealthy] Readiness probe failed: HTTP probe failed with statuscode: 503 [helmmonitoringplatformit:test-hivemq-platform-1]
2025-01-29 13:43:13,234 INFO c.h.h.t.HelmChartContainer - Received Unhealthy event for container hivemq in pod test-hivemq-platform-1 [2c2563dd-4a7a-402d-8d1f-6c9b1ddf1a46]
2025-01-29 13:43:18,214 INFO c.h.h.t.HelmChartContainer - [hivemq-test-hivemq-platform] [hivemq-platform-operator] [04a59eda] 13:43:18.211 [pool-6-thread-15] DEBUG c.h.p.o.dependants.PodInfoConfigMap - [helmmoni] Desired PodInfo ConfigMap (1 extensions) (1 enabled)
2025-01-29 13:43:18,214 INFO c.h.h.t.HelmChartContainer - [hivemq-test-hivemq-platform] [hivemq-platform-operator] [04a59eda] 13:43:18.211 [pool-6-thread-15] DEBUG c.h.p.o.dependants.PodInfoConfigMap - [helmmoni] Desired PodInfo ConfigMap (metrics port: 9399) (metrics path: /)
2025-01-29 13:43:18,214 INFO c.h.h.t.HelmChartContainer - [hivemq-test-hivemq-platform] [hivemq-platform-operator] [04a59eda] 13:43:18.211 [pool-6-thread-15] DEBUG c.h.p.o.dependants.PodInfoConfigMap - [helmmoni] Desired PodInfo ConfigMap (extension state hash: -1817474005)
2025-01-29 13:43:18,214 INFO c.h.h.t.HelmChartContainer - [hivemq-test-hivemq-platform] [hivemq-platform-operator] [04a59eda] 13:43:18.212 [pool-6-thread-12] DEBUG c.h.p.o.d.PodServiceAccountResource - [helmmoni] Desired PodServiceAccountResource (serviceAccountName: hivemq-platform-pod-test-hivemq-platform)
2025-01-29 13:43:18,215 INFO c.h.h.t.HelmChartContainer - [hivemq-test-hivemq-platform] [hivemq-platform-operator] [04a59eda] 13:43:18.214 [pool-6-thread-19] DEBUG c.h.p.o.d.PlatformServiceResource - [helmmoni] Desired Platform services (3 services)
2025-01-29 13:43:18,220 INFO c.h.h.t.HelmChartContainer - [hivemq-test-hivemq-platform] [hivemq-platform-operator] [04a59eda] 13:43:18.219 [pool-6-thread-19] DEBUG c.h.p.o.d.StatefulSetResource - [helmmoni] Desired StatefulSet (2 replicas) for status STARTING (READY)
2025-01-29 13:43:18,223 INFO c.h.h.t.HelmChartContainer - [hivemq-test-hivemq-platform] [hivemq-platform-operator] [04a59eda] 13:43:18.222 [ReconcilerExecutor-hivemq-controller-120] INFO  c.h.p.o.HiveMQPlatformReconciler - [helmmoni] Reconciling HiveMQ Platform 'test-hivemq-platform' in namespace 'helmmonitoringplatformit'
2025-01-29 13:43:18,223 INFO c.h.h.t.HelmChartContainer - [hivemq-test-hivemq-platform] [hivemq-platform-operator] [04a59eda] 13:43:18.222 [ReconcilerExecutor-hivemq-controller-120] DEBUG c.h.p.o.HiveMQPlatformReconciler - [helmmoni] Custom Resource Status STARTING - HiveMQ Platform is starting (READY)
2025-01-29 13:43:18,224 INFO c.h.h.t.HelmChartContainer - [hivemq-test-hivemq-platform] [hivemq-platform-operator] [04a59eda] 13:43:18.222 [ReconcilerExecutor-hivemq-controller-120] DEBUG c.h.p.o.HiveMQPlatformReconciler - [helmmoni] Custom Resource Spec (replicas: 2) (extensions: 1)
2025-01-29 13:43:18,225 INFO c.h.h.t.HelmChartContainer - [hivemq-test-hivemq-platform] [hivemq-platform-operator] [04a59eda] 13:43:18.224 [ReconcilerExecutor-hivemq-controller-120] DEBUG c.h.p.o.HiveMQPlatformReconciler - [helmmoni] StatefulSet Status (revision: test-hivemq-platform-64db946475, replicas: 2, available: 1, ready: 1, current: 2, updated: 2)
2025-01-29 13:43:18,225 INFO c.h.h.t.HelmChartContainer - [hivemq-test-hivemq-platform] [hivemq-platform-operator] [04a59eda] 13:43:18.224 [ReconcilerExecutor-hivemq-controller-120] DEBUG c.h.p.o.HiveMQPlatformReconciler - [helmmoni] StatefulSet Spec (replicas: 2, init containers: 1, containers: 1, volumes: 3)
2025-01-29 13:43:18,228 INFO c.h.h.t.HelmChartContainer - [hivemq-test-hivemq-platform] [hivemq-platform-operator] [04a59eda] 13:43:18.227 [ReconcilerExecutor-hivemq-controller-120] DEBUG c.h.p.o.h.HiveMQPlatformReconcilerErrorHandler - [helmmoni] Pod 'test-hivemq-platform-1' phase Running
2025-01-29 13:43:18,244 INFO c.h.h.t.HelmChartContainer - [hivemq-test-hivemq-platform] [hivemq-platform-operator] [04a59eda] 13:43:18.243 [ReconcilerExecutor-hivemq-controller-120] DEBUG c.h.p.o.h.HiveMQPlatformReconcilerErrorHandler - [helmmoni] Pod 'test-hivemq-platform-0' phase Running
2025-01-29 13:43:18,245 INFO c.h.h.t.HelmChartContainer - [hivemq-test-hivemq-platform] [hivemq-platform-operator] [04a59eda] 13:43:18.244 [ReconcilerExecutor-hivemq-controller-120] INFO  c.h.p.o.h.HiveMQPlatformReconcilerBaseHandler - [helmmoni] HiveMQ Platform is starting, 1 of 2 replicas are ready
2025-01-29 13:43:18,275 INFO c.h.h.t.HelmChartContainer - [test-hivemq-platform] [hivemq] [2c2563dd] WARN  - [HiveMQ Platform Operator Init App 1.7.0-SNAPSHOT] Cannot connect to Health API for readiness: null
2025-01-29 13:43:18,282 INFO c.h.h.t.HelmChartContainer - [EVENT] Warning [Unhealthy] Readiness probe failed: HTTP probe failed with statuscode: 503 [helmmonitoringplatformit:test-hivemq-platform-1]
2025-01-29 13:43:18,282 INFO c.h.h.t.HelmChartContainer - Received Unhealthy event for container hivemq in pod test-hivemq-platform-1 [2c2563dd-4a7a-402d-8d1f-6c9b1ddf1a46]
2025-01-29 13:43:20,184 INFO c.h.h.t.HelmChartContainer - [test-hivemq-platform] [hivemq] [2c2563dd] INFO  - No valid license file found. Using trial license, restricted to 25 connections.
2025-01-29 13:43:20,676 INFO c.h.h.t.HelmChartContainer - [test-hivemq-platform] [hivemq] [2c2563dd] WARN  - [HiveMQ Platform Operator Init App 1.7.0-SNAPSHOT] Cannot connect to Health API for liveness: null
2025-01-29 13:43:20,676 INFO c.h.h.t.HelmChartContainer - [test-hivemq-platform] [hivemq] [2c2563dd] INFO  - [HiveMQ Platform Operator Init App 1.7.0-SNAPSHOT] Returning default Health API response 200 for liveness
2025-01-29 13:43:23,276 INFO c.h.h.t.HelmChartContainer - [test-hivemq-platform] [hivemq] [2c2563dd] WARN  - [HiveMQ Platform Operator Init App 1.7.0-SNAPSHOT] Cannot connect to Health API for readiness: null
2025-01-29 13:43:23,281 INFO c.h.h.t.HelmChartContainer - [EVENT] Warning [Unhealthy] Readiness probe failed: HTTP probe failed with statuscode: 503 [helmmonitoringplatformit:test-hivemq-platform-1]
2025-01-29 13:43:23,281 INFO c.h.h.t.HelmChartContainer - Received Unhealthy event for container hivemq in pod test-hivemq-platform-1 [2c2563dd-4a7a-402d-8d1f-6c9b1ddf1a46]
2025-01-29 13:43:23,395 INFO c.h.h.t.HelmChartContainer - [test-hivemq-platform] [hivemq] [2c2563dd] INFO  - No valid license file for Data Hub found. Using free license, restricted to 1 policy.
2025-01-29 13:43:24,631 INFO c.h.h.t.HelmChartContainer - [test-hivemq-platform] [hivemq] [2c2563dd] INFO  - Audit Logger started.
2025-01-29 13:43:24,890 INFO c.h.h.t.HelmChartContainer - [test-hivemq-platform] [hivemq] [2c2563dd] INFO  - This node uses '1' CPU cores.
2025-01-29 13:43:24,895 INFO c.h.h.t.HelmChartContainer - [test-hivemq-platform] [hivemq] [2c2563dd] INFO  - Starting HiveMQ Health API on address 0.0.0.0 and port 8889
2025-01-29 13:43:25,682 INFO c.h.h.t.HelmChartContainer - [test-hivemq-platform] [hivemq] [2c2563dd] INFO  - Started HiveMQ Health API in 787ms
2025-01-29 13:43:26,274 INFO c.h.h.t.HelmChartContainer - [test-hivemq-platform] [hivemq] [2c2563dd] INFO  - Starting HiveMQ extension system.
2025-01-29 13:43:26,529 INFO c.h.h.t.HelmChartContainer - [test-hivemq-platform] [hivemq] [2c2563dd] INFO  - Starting extension with id "hivemq-dns-cluster-discovery" at /opt/hivemq/extensions/hivemq-dns-cluster-discovery
2025-01-29 13:43:26,883 INFO c.h.h.t.HelmChartContainer - [test-hivemq-platform] [hivemq] [2c2563dd] INFO  - Extension "DNS Cluster Discovery Extension" version 4.3.2 started successfully.
2025-01-29 13:43:26,884 INFO c.h.h.t.HelmChartContainer - [test-hivemq-platform] [hivemq] [2c2563dd] INFO  - Starting extension with id "hivemq-prometheus-extension" at /opt/hivemq/extensions/hivemq-prometheus-extension
2025-01-29 13:43:27,380 INFO c.h.h.t.HelmChartContainer - [test-hivemq-platform] [hivemq] [2c2563dd] INFO  - Using TCP cluster transport on address 10.42.0.18 and port 7000
2025-01-29 13:43:27,474 INFO c.h.h.t.HelmChartContainer - [test-hivemq-platform] [hivemq] [2c2563dd] INFO  - Using extension cluster discovery
2025-01-29 13:43:27,879 INFO c.h.h.t.HelmChartContainer - [test-hivemq-platform] [hivemq] [2c2563dd] INFO  - Started Jetty Server exposing Prometheus Servlet on URI http://0.0.0.0:9399/
2025-01-29 13:43:27,879 INFO c.h.h.t.HelmChartContainer - [test-hivemq-platform] [hivemq] [2c2563dd] INFO  - Extension "Prometheus Monitoring Extension" version 4.0.12 started successfully.
2025-01-29 13:43:27,880 INFO c.h.h.t.HelmChartContainer - [test-hivemq-platform] [hivemq] [2c2563dd] INFO  - Starting extension with id "hivemq-allow-all-extension" at /opt/hivemq/extensions/hivemq-allow-all-extension
2025-01-29 13:43:27,880 INFO c.h.h.t.HelmChartContainer - [test-hivemq-platform] [hivemq] [2c2563dd] WARN  - 
2025-01-29 13:43:27,880 INFO c.h.h.t.HelmChartContainer - [test-hivemq-platform] [hivemq] [2c2563dd] ################################################################################################################
2025-01-29 13:43:27,880 INFO c.h.h.t.HelmChartContainer - [test-hivemq-platform] [hivemq] [2c2563dd] # This HiveMQ deployment is not secure! You are lacking Authentication and Authorization.                      #
2025-01-29 13:43:27,880 INFO c.h.h.t.HelmChartContainer - [test-hivemq-platform] [hivemq] [2c2563dd] # Right now any MQTT client can connect to the broker with a full set of permissions.                          #
2025-01-29 13:43:27,880 INFO c.h.h.t.HelmChartContainer - [test-hivemq-platform] [hivemq] [2c2563dd] # For production usage, add an appropriate security extension and remove the hivemq-allow-all extension.       #
2025-01-29 13:43:27,880 INFO c.h.h.t.HelmChartContainer - [test-hivemq-platform] [hivemq] [2c2563dd] # You can download security extensions from the HiveMQ Marketplace (https://www.hivemq.com/extensions/).       #
2025-01-29 13:43:27,880 INFO c.h.h.t.HelmChartContainer - [test-hivemq-platform] [hivemq] [2c2563dd] ################################################################################################################
2025-01-29 13:43:27,882 INFO c.h.h.t.HelmChartContainer - [test-hivemq-platform] [hivemq] [2c2563dd] INFO  - Extension "Allow All Extension" version 1.1.1 started successfully.
2025-01-29 13:43:28,082 INFO c.h.h.t.HelmChartContainer - [test-hivemq-platform] [hivemq] [18f6316e] INFO  - Cluster nodes found by discovery: [VAneL|1] (2) [VAneL, uMh4u].
2025-01-29 13:43:28,175 INFO c.h.h.t.HelmChartContainer - [test-hivemq-platform] [hivemq] [2c2563dd] INFO  - Cluster nodes found by discovery: [VAneL|1] (2) [VAneL, uMh4u].
2025-01-29 13:43:28,249 INFO c.h.h.t.HelmChartContainer - [hivemq-test-hivemq-platform] [hivemq-platform-operator] [04a59eda] 13:43:28.247 [pool-6-thread-27] DEBUG c.h.p.o.d.PlatformServiceResource - [helmmoni] Desired Platform services (3 services)
2025-01-29 13:43:28,250 INFO c.h.h.t.HelmChartContainer - [hivemq-test-hivemq-platform] [hivemq-platform-operator] [04a59eda] 13:43:28.248 [pool-6-thread-25] DEBUG c.h.p.o.d.PodServiceAccountResource - [helmmoni] Desired PodServiceAccountResource (serviceAccountName: hivemq-platform-pod-test-hivemq-platform)
2025-01-29 13:43:28,251 INFO c.h.h.t.HelmChartContainer - [hivemq-test-hivemq-platform] [hivemq-platform-operator] [04a59eda] 13:43:28.248 [pool-6-thread-28] DEBUG c.h.p.o.dependants.PodInfoConfigMap - [helmmoni] Desired PodInfo ConfigMap (1 extensions) (1 enabled)
2025-01-29 13:43:28,251 INFO c.h.h.t.HelmChartContainer - [hivemq-test-hivemq-platform] [hivemq-platform-operator] [04a59eda] 13:43:28.250 [pool-6-thread-28] DEBUG c.h.p.o.dependants.PodInfoConfigMap - [helmmoni] Desired PodInfo ConfigMap (metrics port: 9399) (metrics path: /)
2025-01-29 13:43:28,251 INFO c.h.h.t.HelmChartContainer - [hivemq-test-hivemq-platform] [hivemq-platform-operator] [04a59eda] 13:43:28.250 [pool-6-thread-28] DEBUG c.h.p.o.dependants.PodInfoConfigMap - [helmmoni] Desired PodInfo ConfigMap (extension state hash: -1817474005)
2025-01-29 13:43:28,255 INFO c.h.h.t.HelmChartContainer - [hivemq-test-hivemq-platform] [hivemq-platform-operator] [04a59eda] 13:43:28.254 [pool-6-thread-27] DEBUG c.h.p.o.d.StatefulSetResource - [helmmoni] Desired StatefulSet (2 replicas) for status STARTING (READY)
2025-01-29 13:43:28,257 INFO c.h.h.t.HelmChartContainer - [hivemq-test-hivemq-platform] [hivemq-platform-operator] [04a59eda] 13:43:28.257 [ReconcilerExecutor-hivemq-controller-121] INFO  c.h.p.o.HiveMQPlatformReconciler - [helmmoni] Reconciling HiveMQ Platform 'test-hivemq-platform' in namespace 'helmmonitoringplatformit'
2025-01-29 13:43:28,258 INFO c.h.h.t.HelmChartContainer - [hivemq-test-hivemq-platform] [hivemq-platform-operator] [04a59eda] 13:43:28.257 [ReconcilerExecutor-hivemq-controller-121] DEBUG c.h.p.o.HiveMQPlatformReconciler - [helmmoni] Custom Resource Status STARTING - HiveMQ Platform is starting (READY)
2025-01-29 13:43:28,258 INFO c.h.h.t.HelmChartContainer - [hivemq-test-hivemq-platform] [hivemq-platform-operator] [04a59eda] 13:43:28.257 [ReconcilerExecutor-hivemq-controller-121] DEBUG c.h.p.o.HiveMQPlatformReconciler - [helmmoni] Custom Resource Spec (replicas: 2) (extensions: 1)
2025-01-29 13:43:28,259 INFO c.h.h.t.HelmChartContainer - [hivemq-test-hivemq-platform] [hivemq-platform-operator] [04a59eda] 13:43:28.258 [ReconcilerExecutor-hivemq-controller-121] DEBUG c.h.p.o.HiveMQPlatformReconciler - [helmmoni] StatefulSet Status (revision: test-hivemq-platform-64db946475, replicas: 2, available: 1, ready: 1, current: 2, updated: 2)
2025-01-29 13:43:28,259 INFO c.h.h.t.HelmChartContainer - [hivemq-test-hivemq-platform] [hivemq-platform-operator] [04a59eda] 13:43:28.258 [ReconcilerExecutor-hivemq-controller-121] DEBUG c.h.p.o.HiveMQPlatformReconciler - [helmmoni] StatefulSet Spec (replicas: 2, init containers: 1, containers: 1, volumes: 3)
2025-01-29 13:43:28,260 INFO c.h.h.t.HelmChartContainer - [hivemq-test-hivemq-platform] [hivemq-platform-operator] [04a59eda] 13:43:28.259 [ReconcilerExecutor-hivemq-controller-121] DEBUG c.h.p.o.h.HiveMQPlatformReconcilerErrorHandler - [helmmoni] Pod 'test-hivemq-platform-1' phase Running
2025-01-29 13:43:28,261 INFO c.h.h.t.HelmChartContainer - [hivemq-test-hivemq-platform] [hivemq-platform-operator] [04a59eda] 13:43:28.260 [ReconcilerExecutor-hivemq-controller-121] DEBUG c.h.p.o.h.HiveMQPlatformReconcilerErrorHandler - [helmmoni] Pod 'test-hivemq-platform-0' phase Running
2025-01-29 13:43:28,261 INFO c.h.h.t.HelmChartContainer - [hivemq-test-hivemq-platform] [hivemq-platform-operator] [04a59eda] 13:43:28.261 [ReconcilerExecutor-hivemq-controller-121] INFO  c.h.p.o.h.HiveMQPlatformReconcilerBaseHandler - [helmmoni] HiveMQ Platform is starting, 1 of 2 replicas are ready
2025-01-29 13:43:28,381 INFO c.h.h.t.HelmChartContainer - [test-hivemq-platform] [hivemq] [2c2563dd] INFO  - Cluster size = 1, members : [VAneL].
2025-01-29 13:43:29,077 INFO c.h.h.t.HelmChartContainer - [test-hivemq-platform] [hivemq] [2c2563dd] INFO  - Starting cluster join process. This may take a while. Please do not shut down HiveMQ.
2025-01-29 13:43:29,080 INFO c.h.h.t.HelmChartContainer - [test-hivemq-platform] [hivemq] [2c2563dd] INFO  - Cluster join process is still ongoing. Please do not shut down HiveMQ.
2025-01-29 13:43:29,182 INFO c.h.h.t.HelmChartContainer - [test-hivemq-platform] [hivemq] [2c2563dd] INFO  - [HiveMQ Platform Operator Init App 1.7.0-SNAPSHOT] Returning Health API response 503 for readiness
2025-01-29 13:43:29,186 INFO c.h.h.t.HelmChartContainer - [EVENT] Warning [Unhealthy] Readiness probe failed: HTTP probe failed with statuscode: 503 [helmmonitoringplatformit:test-hivemq-platform-1]
2025-01-29 13:43:29,187 INFO c.h.h.t.HelmChartContainer - Received Unhealthy event for container hivemq in pod test-hivemq-platform-1 [2c2563dd-4a7a-402d-8d1f-6c9b1ddf1a46]
2025-01-29 13:43:31,089 INFO c.h.h.t.HelmChartContainer - [test-hivemq-platform] [hivemq] [18f6316e] INFO  - Cluster size = 2, members : [VAneL, uMh4u].
2025-01-29 13:43:31,098 INFO c.h.h.t.HelmChartContainer - [test-hivemq-platform] [hivemq] [2c2563dd] INFO  - Cluster size = 2, members : [VAneL, uMh4u].
2025-01-29 13:43:31,105 INFO c.h.h.t.HelmChartContainer - [test-hivemq-platform] [hivemq] [2c2563dd] INFO  - Finished cluster join process successfully.
2025-01-29 13:43:31,176 INFO c.h.h.t.HelmChartContainer - [test-hivemq-platform] [hivemq] [2c2563dd] WARN  - No user for HiveMQ Control Center configured. Starting with default user
2025-01-29 13:43:31,176 INFO c.h.h.t.HelmChartContainer - [test-hivemq-platform] [hivemq] [2c2563dd] INFO  - Starting HiveMQ Control Center on address 0.0.0.0 and port 8080
2025-01-29 13:43:31,181 INFO c.h.h.t.HelmChartContainer - [test-hivemq-platform] [hivemq] [2c2563dd] INFO  - Mounting HiveMQ Control Center V2 Preview
2025-01-29 13:43:32,181 INFO c.h.h.t.HelmChartContainer - [test-hivemq-platform] [hivemq] [2c2563dd] INFO  - Started HiveMQ Control Center in 1006ms
2025-01-29 13:43:32,289 INFO c.h.h.t.HelmChartContainer - [test-hivemq-platform] [hivemq] [2c2563dd] INFO  - Starting TCP listener on address 0.0.0.0 and port 1883
2025-01-29 13:43:32,389 INFO c.h.h.t.HelmChartContainer - [test-hivemq-platform] [hivemq] [2c2563dd] INFO  - Started TCP Listener on address 0.0.0.0 and on port 1883.
2025-01-29 13:43:32,389 INFO c.h.h.t.HelmChartContainer - [test-hivemq-platform] [hivemq] [2c2563dd] INFO  - Started HiveMQ in 32610ms
2025-01-29 13:43:33,194 INFO c.h.h.t.HelmChartContainer - [test-hivemq-platform] [hivemq] [2c2563dd] INFO  - [HiveMQ Platform Operator Init App 1.7.0-SNAPSHOT] Returning Health API response 200 for readiness
2025-01-29 13:43:33,212 INFO c.h.h.t.HelmChartContainer - [POD] test-hivemq-platform-1 [2c2563dd-4a7a-402d-8d1f-6c9b1ddf1a46] in helmmonitoringplatformit was MODIFIED
2025-01-29 13:43:33,224 INFO c.h.h.t.HelmChartContainer - [hivemq-test-hivemq-platform] [hivemq-platform-operator] [04a59eda] 13:43:33.217 [pool-6-thread-32] DEBUG c.h.p.o.dependants.PodInfoConfigMap - [helmmoni] Desired PodInfo ConfigMap (1 extensions) (1 enabled)
2025-01-29 13:43:33,224 INFO c.h.h.t.HelmChartContainer - [hivemq-test-hivemq-platform] [hivemq-platform-operator] [04a59eda] 13:43:33.218 [pool-6-thread-32] DEBUG c.h.p.o.dependants.PodInfoConfigMap - [helmmoni] Desired PodInfo ConfigMap (metrics port: 9399) (metrics path: /)
2025-01-29 13:43:33,224 INFO c.h.h.t.HelmChartContainer - [hivemq-test-hivemq-platform] [hivemq-platform-operator] [04a59eda] 13:43:33.218 [pool-6-thread-32] DEBUG c.h.p.o.dependants.PodInfoConfigMap - [helmmoni] Desired PodInfo ConfigMap (extension state hash: -1817474005)
2025-01-29 13:43:33,224 INFO c.h.h.t.HelmChartContainer - [hivemq-test-hivemq-platform] [hivemq-platform-operator] [04a59eda] 13:43:33.218 [pool-6-thread-34] DEBUG c.h.p.o.d.PodServiceAccountResource - [helmmoni] Desired PodServiceAccountResource (serviceAccountName: hivemq-platform-pod-test-hivemq-platform)
2025-01-29 13:43:33,224 INFO c.h.h.t.HelmChartContainer - [hivemq-test-hivemq-platform] [hivemq-platform-operator] [04a59eda] 13:43:33.219 [pool-6-thread-33] DEBUG c.h.p.o.d.PlatformServiceResource - [helmmoni] Desired Platform services (3 services)
2025-01-29 13:43:33,231 INFO c.h.h.t.HelmChartContainer - [hivemq-test-hivemq-platform] [hivemq-platform-operator] [04a59eda] 13:43:33.226 [pool-6-thread-33] DEBUG c.h.p.o.d.StatefulSetResource - [helmmoni] Desired StatefulSet (2 replicas) for status STARTING (READY)
2025-01-29 13:43:33,233 INFO c.h.h.t.HelmChartContainer - [hivemq-test-hivemq-platform] [hivemq-platform-operator] [04a59eda] 13:43:33.230 [ReconcilerExecutor-hivemq-controller-122] INFO  c.h.p.o.HiveMQPlatformReconciler - [helmmoni] Reconciling HiveMQ Platform 'test-hivemq-platform' in namespace 'helmmonitoringplatformit'
2025-01-29 13:43:33,233 INFO c.h.h.t.HelmChartContainer - [hivemq-test-hivemq-platform] [hivemq-platform-operator] [04a59eda] 13:43:33.230 [ReconcilerExecutor-hivemq-controller-122] DEBUG c.h.p.o.HiveMQPlatformReconciler - [helmmoni] Custom Resource Status STARTING - HiveMQ Platform is starting (READY)
2025-01-29 13:43:33,233 INFO c.h.h.t.HelmChartContainer - [hivemq-test-hivemq-platform] [hivemq-platform-operator] [04a59eda] 13:43:33.230 [ReconcilerExecutor-hivemq-controller-122] DEBUG c.h.p.o.HiveMQPlatformReconciler - [helmmoni] Custom Resource Spec (replicas: 2) (extensions: 1)
2025-01-29 13:43:33,235 INFO c.h.h.t.HelmChartContainer - [hivemq-test-hivemq-platform] [hivemq-platform-operator] [04a59eda] 13:43:33.231 [ReconcilerExecutor-hivemq-controller-122] DEBUG c.h.p.o.HiveMQPlatformReconciler - [helmmoni] StatefulSet Status (revision: test-hivemq-platform-64db946475, replicas: 2, available: 1, ready: 1, current: 2, updated: 2)
2025-01-29 13:43:33,235 INFO c.h.h.t.HelmChartContainer - [hivemq-test-hivemq-platform] [hivemq-platform-operator] [04a59eda] 13:43:33.231 [ReconcilerExecutor-hivemq-controller-122] DEBUG c.h.p.o.HiveMQPlatformReconciler - [helmmoni] StatefulSet Spec (replicas: 2, init containers: 1, containers: 1, volumes: 3)
2025-01-29 13:43:33,235 INFO c.h.h.t.HelmChartContainer - [hivemq-test-hivemq-platform] [hivemq-platform-operator] [04a59eda] 13:43:33.233 [ReconcilerExecutor-hivemq-controller-122] DEBUG c.h.p.o.h.HiveMQPlatformReconcilerErrorHandler - [helmmoni] Pod 'test-hivemq-platform-1' phase Running
2025-01-29 13:43:33,240 INFO c.h.h.t.HelmChartContainer - [hivemq-test-hivemq-platform] [hivemq-platform-operator] [04a59eda] 13:43:33.235 [ReconcilerExecutor-hivemq-controller-122] DEBUG c.h.p.o.h.HiveMQPlatformReconcilerErrorHandler - [helmmoni] Pod 'test-hivemq-platform-0' phase Running
2025-01-29 13:43:33,240 INFO c.h.h.t.HelmChartContainer - [hivemq-test-hivemq-platform] [hivemq-platform-operator] [04a59eda] 13:43:33.237 [ReconcilerExecutor-hivemq-controller-122] INFO  c.h.p.o.h.HiveMQPlatformReconcilerBaseHandler - [helmmoni] HiveMQ Platform is starting, 1 of 2 replicas are ready
2025-01-29 13:43:33,241 INFO c.h.h.t.HelmChartContainer - [hivemq-test-hivemq-platform] [hivemq-platform-operator] [04a59eda] 13:43:33.240 [pool-6-thread-43] DEBUG c.h.p.o.d.PlatformServiceResource - [helmmoni] Desired Platform services (3 services)
2025-01-29 13:43:33,244 INFO c.h.h.t.HelmChartContainer - [hivemq-test-hivemq-platform] [hivemq-platform-operator] [04a59eda] 13:43:33.243 [pool-6-thread-41] DEBUG c.h.p.o.dependants.PodInfoConfigMap - [helmmoni] Desired PodInfo ConfigMap (1 extensions) (1 enabled)
2025-01-29 13:43:33,245 INFO c.h.h.t.HelmChartContainer - [hivemq-test-hivemq-platform] [hivemq-platform-operator] [04a59eda] 13:43:33.243 [pool-6-thread-41] DEBUG c.h.p.o.dependants.PodInfoConfigMap - [helmmoni] Desired PodInfo ConfigMap (metrics port: 9399) (metrics path: /)
2025-01-29 13:43:33,245 INFO c.h.h.t.HelmChartContainer - [hivemq-test-hivemq-platform] [hivemq-platform-operator] [04a59eda] 13:43:33.243 [pool-6-thread-41] DEBUG c.h.p.o.dependants.PodInfoConfigMap - [helmmoni] Desired PodInfo ConfigMap (extension state hash: -1817474005)
2025-01-29 13:43:33,248 INFO c.h.h.t.HelmChartContainer - [hivemq-test-hivemq-platform] [hivemq-platform-operator] [04a59eda] 13:43:33.246 [pool-6-thread-41] DEBUG c.h.p.o.d.PodServiceAccountResource - [helmmoni] Desired PodServiceAccountResource (serviceAccountName: hivemq-platform-pod-test-hivemq-platform)
2025-01-29 13:43:33,248 INFO c.h.h.t.HelmChartContainer - [hivemq-test-hivemq-platform] [hivemq-platform-operator] [04a59eda] 13:43:33.247 [pool-6-thread-43] DEBUG c.h.p.o.d.StatefulSetResource - [helmmoni] Desired StatefulSet (2 replicas) for status STARTING (READY)
2025-01-29 13:43:33,252 INFO c.h.h.t.HelmChartContainer - [hivemq-test-hivemq-platform] [hivemq-platform-operator] [04a59eda] 13:43:33.249 [ReconcilerExecutor-hivemq-controller-123] INFO  c.h.p.o.HiveMQPlatformReconciler - [helmmoni] Reconciling HiveMQ Platform 'test-hivemq-platform' in namespace 'helmmonitoringplatformit'
2025-01-29 13:43:33,253 INFO c.h.h.t.HelmChartContainer - [hivemq-test-hivemq-platform] [hivemq-platform-operator] [04a59eda] 13:43:33.250 [ReconcilerExecutor-hivemq-controller-123] DEBUG c.h.p.o.HiveMQPlatformReconciler - [helmmoni] Custom Resource Status STARTING - HiveMQ Platform is starting (READY)
2025-01-29 13:43:33,253 INFO c.h.h.t.HelmChartContainer - [hivemq-test-hivemq-platform] [hivemq-platform-operator] [04a59eda] 13:43:33.250 [ReconcilerExecutor-hivemq-controller-123] DEBUG c.h.p.o.HiveMQPlatformReconciler - [helmmoni] Custom Resource Spec (replicas: 2) (extensions: 1)
2025-01-29 13:43:33,253 INFO c.h.h.t.HelmChartContainer - [hivemq-test-hivemq-platform] [hivemq-platform-operator] [04a59eda] 13:43:33.251 [ReconcilerExecutor-hivemq-controller-123] DEBUG c.h.p.o.HiveMQPlatformReconciler - [helmmoni] StatefulSet Status (revision: test-hivemq-platform-64db946475, replicas: 2, available: 2, ready: 2, current: 2, updated: 2)
2025-01-29 13:43:33,253 INFO c.h.h.t.HelmChartContainer - [hivemq-test-hivemq-platform] [hivemq-platform-operator] [04a59eda] 13:43:33.251 [ReconcilerExecutor-hivemq-controller-123] DEBUG c.h.p.o.HiveMQPlatformReconciler - [helmmoni] StatefulSet Spec (replicas: 2, init containers: 1, containers: 1, volumes: 3)
2025-01-29 13:43:33,253 INFO c.h.h.t.HelmChartContainer - [hivemq-test-hivemq-platform] [hivemq-platform-operator] [04a59eda] 13:43:33.252 [ReconcilerExecutor-hivemq-controller-123] DEBUG c.h.p.o.h.HiveMQPlatformReconcilerErrorHandler - [helmmoni] Pod 'test-hivemq-platform-1' phase Running
2025-01-29 13:43:33,255 INFO c.h.h.t.HelmChartContainer - [hivemq-test-hivemq-platform] [hivemq-platform-operator] [04a59eda] 13:43:33.254 [ReconcilerExecutor-hivemq-controller-123] DEBUG c.h.p.o.h.HiveMQPlatformReconcilerErrorHandler - [helmmoni] Pod 'test-hivemq-platform-0' phase Running
2025-01-29 13:43:33,256 INFO c.h.h.t.HelmChartContainer - [hivemq-test-hivemq-platform] [hivemq-platform-operator] [04a59eda] 13:43:33.256 [ReconcilerExecutor-hivemq-controller-123] INFO  c.h.p.o.h.HiveMQPlatformReconcilerBaseHandler - [helmmoni] HiveMQ Platform started successfully
2025-01-29 13:43:33,356 INFO c.h.h.t.HelmChartContainer - [hivemq-test-hivemq-platform] [hivemq-platform-operator] [04a59eda] 13:43:33.355 [ReconcilerExecutor-hivemq-controller-123] DEBUG c.h.p.operator.event.EventSender - [helmmoni] Creating K8s event hivemq-platform-ready: [Ready] HiveMQ Platform is ready
2025-01-29 13:43:33,359 INFO c.h.h.t.HelmChartContainer - [EVENT] Normal [Ready] HiveMQ Platform is ready [helmmonitoringplatformit:test-hivemq-platform]
2025-01-29 13:43:33,360 INFO c.h.h.t.HelmChartContainer - [hivemq-test-hivemq-platform] [hivemq-platform-operator] [04a59eda] 13:43:33.360 [ReconcilerExecutor-hivemq-controller-123] INFO  c.h.p.o.h.AbstractHiveMQReconcilerStateHandler - [helmmoni] Update HiveMQ Platform Status (STARTING [READY] -> RUNNING [READY]): HiveMQ Platform is ready
2025-01-29 13:43:33,368 DEBUG com.hivemq.helmcharts.util.K8sUtil - Comparing actual state 'RUNNING' and waiting for 'RUNNING'
Request method:	GET
Request URI:	http://localhost:44907/api/v1/query?query=com_hivemq_cluster_nodes_count
Proxy:			<none>
Request params:	query=com_hivemq_cluster_nodes_count
Query params:	<none>
Form params:	<none>
Path params:	<none>
Headers:		Accept=*/*
Cookies:		<none>
Multiparts:		<none>
Body:			<none>
HTTP/1.1 200 OK
Content-Encoding: gzip
Content-Type: application/json
Date: Wed, 29 Jan 2025 13:43:38 GMT
Content-Length: 263

{
    "status": "success",
    "data": {
        "resultType": "vector",
        "result": [
            {
                "metric": {
                    "__name__": "com_hivemq_cluster_nodes_count",
                    "container": "hivemq",
                    "endpoint": "metrics-9399",
                    "instance": "10.42.0.17:9399",
                    "job": "hivemq-test-hivemq-platform-metrics-9399",
                    "namespace": "helmmonitoringplatformit",
                    "pod": "test-hivemq-platform-0",
                    "service": "hivemq-test-hivemq-platform-metrics-9399"
                },
                "value": [
                    1738158218.984,
                    "2"
                ]
            },
            {
                "metric": {
                    "__name__": "com_hivemq_cluster_nodes_count",
                    "container": "hivemq",
                    "endpoint": "metrics-9399",
                    "instance": "10.42.0.18:9399",
                    "job": "hivemq-test-hivemq-platform-metrics-9399",
                    "namespace": "helmmonitoringplatformit",
                    "pod": "test-hivemq-platform-1",
                    "service": "hivemq-test-hivemq-platform-metrics-9399"
                },
                "value": [
                    1738158218.984,
                    "2"
                ]
            }
        ]
    }
}
2025-01-29 13:43:43,444 INFO c.h.h.t.HelmChartContainer - [hivemq-test-hivemq-platform] [hivemq-platform-operator] [04a59eda] 13:43:43.442 [pool-6-thread-6] DEBUG c.h.p.o.d.PlatformServiceResource - [helmmoni] Desired Platform services (3 services)
2025-01-29 13:43:43,446 INFO c.h.h.t.HelmChartContainer - [hivemq-test-hivemq-platform] [hivemq-platform-operator] [04a59eda] 13:43:43.443 [pool-6-thread-5] DEBUG c.h.p.o.d.PodServiceAccountResource - [helmmoni] Desired PodServiceAccountResource (serviceAccountName: hivemq-platform-pod-test-hivemq-platform)
2025-01-29 13:43:43,447 INFO c.h.h.t.HelmChartContainer - [hivemq-test-hivemq-platform] [hivemq-platform-operator] [04a59eda] 13:43:43.444 [pool-6-thread-8] DEBUG c.h.p.o.dependants.PodInfoConfigMap - [helmmoni] Desired PodInfo ConfigMap (1 extensions) (1 enabled)
2025-01-29 13:43:43,447 INFO c.h.h.t.HelmChartContainer - [hivemq-test-hivemq-platform] [hivemq-platform-operator] [04a59eda] 13:43:43.444 [pool-6-thread-8] DEBUG c.h.p.o.dependants.PodInfoConfigMap - [helmmoni] Desired PodInfo ConfigMap (metrics port: 9399) (metrics path: /)
2025-01-29 13:43:43,447 INFO c.h.h.t.HelmChartContainer - [hivemq-test-hivemq-platform] [hivemq-platform-operator] [04a59eda] 13:43:43.444 [pool-6-thread-8] DEBUG c.h.p.o.dependants.PodInfoConfigMap - [helmmoni] Desired PodInfo ConfigMap (extension state hash: -1817474005)
2025-01-29 13:43:43,447 INFO c.h.h.t.HelmChartContainer - [hivemq-test-hivemq-platform] [hivemq-platform-operator] [04a59eda] 13:43:43.445 [pool-6-thread-8] DEBUG c.h.p.o.dependants.PodInfoConfigMap - [helmmoni] Update PodInfo ConfigMap
2025-01-29 13:43:43,455 INFO c.h.h.t.HelmChartContainer - [hivemq-test-hivemq-platform] [hivemq-platform-operator] [04a59eda] 13:43:43.454 [pool-6-thread-8] DEBUG c.h.p.o.d.StatefulSetResource - [helmmoni] Desired StatefulSet (2 replicas) for status RUNNING (READY)
2025-01-29 13:43:43,459 INFO c.h.h.t.HelmChartContainer - [hivemq-test-hivemq-platform] [hivemq-platform-operator] [04a59eda] 13:43:43.457 [ReconcilerExecutor-hivemq-controller-124] INFO  c.h.p.o.HiveMQPlatformReconciler - [helmmoni] Reconciling HiveMQ Platform 'test-hivemq-platform' in namespace 'helmmonitoringplatformit'
2025-01-29 13:43:43,459 INFO c.h.h.t.HelmChartContainer - [hivemq-test-hivemq-platform] [hivemq-platform-operator] [04a59eda] 13:43:43.457 [ReconcilerExecutor-hivemq-controller-124] DEBUG c.h.p.o.HiveMQPlatformReconciler - [helmmoni] Custom Resource Status RUNNING - HiveMQ Platform is ready (READY)
2025-01-29 13:43:43,460 INFO c.h.h.t.HelmChartContainer - [hivemq-test-hivemq-platform] [hivemq-platform-operator] [04a59eda] 13:43:43.457 [ReconcilerExecutor-hivemq-controller-124] DEBUG c.h.p.o.HiveMQPlatformReconciler - [helmmoni] Custom Resource Spec (replicas: 2) (extensions: 1)
2025-01-29 13:43:43,460 INFO c.h.h.t.HelmChartContainer - [hivemq-test-hivemq-platform] [hivemq-platform-operator] [04a59eda] 13:43:43.459 [ReconcilerExecutor-hivemq-controller-124] DEBUG c.h.p.o.HiveMQPlatformReconciler - [helmmoni] StatefulSet Status (revision: test-hivemq-platform-64db946475, replicas: 2, available: 2, ready: 2, current: 2, updated: 2)
2025-01-29 13:43:43,461 INFO c.h.h.t.HelmChartContainer - [hivemq-test-hivemq-platform] [hivemq-platform-operator] [04a59eda] 13:43:43.459 [ReconcilerExecutor-hivemq-controller-124] DEBUG c.h.p.o.HiveMQPlatformReconciler - [helmmoni] StatefulSet Spec (replicas: 2, init containers: 1, containers: 1, volumes: 3)
2025-01-29 13:43:43,537 INFO c.h.h.t.HelmChartContainer - [hivemq-test-hivemq-platform] [hivemq-platform-operator] [04a59eda] 13:43:43.536 [ReconcilerExecutor-hivemq-controller-124] DEBUG c.h.p.o.h.HiveMQPlatformReconcilerErrorHandler - [helmmoni] Pod 'test-hivemq-platform-1' phase Running
2025-01-29 13:43:43,544 INFO c.h.h.t.HelmChartContainer - [hivemq-test-hivemq-platform] [hivemq-platform-operator] [04a59eda] 13:43:43.543 [ReconcilerExecutor-hivemq-controller-124] DEBUG c.h.p.o.h.HiveMQPlatformReconcilerErrorHandler - [helmmoni] Pod 'test-hivemq-platform-0' phase Running
Request method:	GET
Request URI:	http://localhost:45169/api/search
Proxy:			<none>
Request params:	<none>
Query params:	<none>
Form params:	<none>
Path params:	<none>
Headers:		Authorization=Basic YWRtaW46cHJvbS1vcGVyYXRvcg==
				Accept=*/*
Cookies:		<none>
Multiparts:		<none>
Body:			<none>
HTTP/1.1 200 OK
Cache-Control: no-store
Content-Type: application/json
X-Content-Type-Options: nosniff
X-Frame-Options: deny
X-Xss-Protection: 1; mode=block
Date: Wed, 29 Jan 2025 13:43:44 GMT
Transfer-Encoding: chunked

[
    {
        "id": 1,
        "uid": "alertmanager-overview",
        "title": "Alertmanager / Overview",
        "uri": "db/alertmanager-overview",
        "url": "/d/alertmanager-overview/alertmanager-overview",
        "slug": "",
        "type": "dash-db",
        "tags": [
            "alertmanager-mixin"
        ],
        "isStarred": false,
        "sortMeta": 0,
        "isDeleted": false
    },
    {
        "id": 7,
        "uid": "vkQ0UHxik",
        "title": "CoreDNS",
        "uri": "db/coredns",
        "url": "/d/vkQ0UHxik/coredns",
        "slug": "",
        "type": "dash-db",
        "tags": [
            "coredns",
            "dns"
        ],
        "isStarred": false,
        "sortMeta": 0,
        "isDeleted": false
    },
    {
        "id": 5,
        "uid": "c2f4e12cdf69feb95caa41a5a1b423d9",
        "title": "etcd",
        "uri": "db/etcd",
        "url": "/d/c2f4e12cdf69feb95caa41a5a1b423d9/etcd",
        "slug": "",
        "type": "dash-db",
        "tags": [
            "etcd-mixin"
        ],
        "isStarred": false,
        "sortMeta": 0,
        "isDeleted": false
    },
    {
        "id": 6,
        "uid": "6be0s85Mk",
        "title": "Grafana Overview",
        "uri": "db/grafana-overview",
        "url": "/d/6be0s85Mk/grafana-overview",
        "slug": "",
        "type": "dash-db",
        "tags": [
            
        ],
        "isStarred": false,
        "sortMeta": 0,
        "isDeleted": false
    },
    {
        "id": 29,
        "uid": "eebgi6ggg85xca",
        "title": "HiveMQ Platform (Prometheus)",
        "uri": "db/hivemq-platform-prometheus",
        "url": "/d/eebgi6ggg85xca/hivemq-platform-prometheus",
        "slug": "",
        "type": "dash-db",
        "tags": [
            
        ],
        "isStarred": false,
        "sortMeta": 0,
        "isDeleted": false
    },
    {
        "id": 2,
        "uid": "09ec8aa1e996d6ffcd6817bbaff4db1b",
        "title": "Kubernetes / API server",
        "uri": "db/kubernetes-api-server",
        "url": "/d/09ec8aa1e996d6ffcd6817bbaff4db1b/kubernetes-api-server",
        "slug": "",
        "type": "dash-db",
        "tags": [
            "kubernetes-mixin"
        ],
        "isStarred": false,
        "sortMeta": 0,
        "isDeleted": false
    },
    {
        "id": 9,
        "uid": "b59e6c9f2fcbe2e16d77fc492374cc4f",
        "title": "Kubernetes / Compute Resources /  Multi-Cluster",
        "uri": "db/kubernetes-compute-resources-multi-cluster",
        "url": "/d/b59e6c9f2fcbe2e16d77fc492374cc4f/kubernetes-compute-resources-multi-cluster",
        "slug": "",
        "type": "dash-db",
        "tags": [
            "kubernetes-mixin"
        ],
        "isStarred": false,
        "sortMeta": 0,
        "isDeleted": false
    },
    {
        "id": 8,
        "uid": "efa86fd1d0c121a26444b636a3f509a8",
        "title": "Kubernetes / Compute Resources / Cluster",
        "uri": "db/kubernetes-compute-resources-cluster",
        "url": "/d/efa86fd1d0c121a26444b636a3f509a8/kubernetes-compute-resources-cluster",
        "slug": "",
        "type": "dash-db",
        "tags": [
            "kubernetes-mixin"
        ],
        "isStarred": false,
        "sortMeta": 0,
        "isDeleted": false
    },
    {
        "id": 10,
        "uid": "85a562078cdf77779eaa1add43ccec1e",
        "title": "Kubernetes / Compute Resources / Namespace (Pods)",
        "uri": "db/kubernetes-compute-resources-namespace-pods",
        "url": "/d/85a562078cdf77779eaa1add43ccec1e/kubernetes-compute-resources-namespace-pods",
        "slug": "",
        "type": "dash-db",
        "tags": [
            "kubernetes-mixin"
        ],
        "isStarred": false,
        "sortMeta": 0,
        "isDeleted": false
    },
    {
        "id": 14,
        "uid": "a87fb0d919ec0ea5f6543124e16c42a5",
        "title": "Kubernetes / Compute Resources / Namespace (Workloads)",
        "uri": "db/kubernetes-compute-resources-namespace-workloads",
        "url": "/d/a87fb0d919ec0ea5f6543124e16c42a5/kubernetes-compute-resources-namespace-workloads",
        "slug": "",
        "type": "dash-db",
        "tags": [
            "kubernetes-mixin"
        ],
        "isStarred": false,
        "sortMeta": 0,
        "isDeleted": false
    },
    {
        "id": 11,
        "uid": "200ac8fdbfbb74b39aff88118e4d1c2c",
        "title": "Kubernetes / Compute Resources / Node (Pods)",
        "uri": "db/kubernetes-compute-resources-node-pods",
        "url": "/d/200ac8fdbfbb74b39aff88118e4d1c2c/kubernetes-compute-resources-node-pods",
        "slug": "",
        "type": "dash-db",
        "tags": [
            "kubernetes-mixin"
        ],
        "isStarred": false,
        "sortMeta": 0,
        "isDeleted": false
    },
    {
        "id": 12,
        "uid": "6581e46e4e5c7ba40a07646395ef7b23",
        "title": "Kubernetes / Compute Resources / Pod",
        "uri": "db/kubernetes-compute-resources-pod",
        "url": "/d/6581e46e4e5c7ba40a07646395ef7b23/kubernetes-compute-resources-pod",
        "slug": "",
        "type": "dash-db",
        "tags": [
            "kubernetes-mixin"
        ],
        "isStarred": false,
        "sortMeta": 0,
        "isDeleted": false
    },
    {
        "id": 13,
        "uid": "a164a7f0339f99e89cea5cb47e9be617",
        "title": "Kubernetes / Compute Resources / Workload",
        "uri": "db/kubernetes-compute-resources-workload",
        "url": "/d/a164a7f0339f99e89cea5cb47e9be617/kubernetes-compute-resources-workload",
        "slug": "",
        "type": "dash-db",
        "tags": [
            "kubernetes-mixin"
        ],
        "isStarred": false,
        "sortMeta": 0,
        "isDeleted": false
    },
    {
        "id": 4,
        "uid": "72e0e05bef5099e5f049b05fdc429ed4",
        "title": "Kubernetes / Controller Manager",
        "uri": "db/kubernetes-controller-manager",
        "url": "/d/72e0e05bef5099e5f049b05fdc429ed4/kubernetes-controller-manager",
        "slug": "",
        "type": "dash-db",
        "tags": [
            "kubernetes-mixin"
        ],
        "isStarred": false,
        "sortMeta": 0,
        "isDeleted": false
    },
    {
        "id": 15,
        "uid": "3138fa155d5915769fbded898ac09fd9",
        "title": "Kubernetes / Kubelet",
        "uri": "db/kubernetes-kubelet",
        "url": "/d/3138fa155d5915769fbded898ac09fd9/kubernetes-kubelet",
        "slug": "",
        "type": "dash-db",
        "tags": [
            "kubernetes-mixin"
        ],
        "isStarred": false,
        "sortMeta": 0,
        "isDeleted": false
    },
    {
        "id": 3,
        "uid": "ff635a025bcfea7bc3dd4f508990a3e9",
        "title": "Kubernetes / Networking / Cluster",
        "uri": "db/kubernetes-networking-cluster",
        "url": "/d/ff635a025bcfea7bc3dd4f508990a3e9/kubernetes-networking-cluster",
        "slug": "",
        "type": "dash-db",
        "tags": [
            "kubernetes-mixin"
        ],
        "isStarred": false,
        "sortMeta": 0,
        "isDeleted": false
    },
    {
        "id": 16,
        "uid": "8b7a8b326d7a6f1f04244066368c67af",
        "title": "Kubernetes / Networking / Namespace (Pods)",
        "uri": "db/kubernetes-networking-namespace-pods",
        "url": "/d/8b7a8b326d7a6f1f04244066368c67af/kubernetes-networking-namespace-pods",
        "slug": "",
        "type": "dash-db",
        "tags": [
            "kubernetes-mixin"
        ],
        "isStarred": false,
        "sortMeta": 0,
        "isDeleted": false
    },
    {
        "id": 17,
        "uid": "bbb2a765a623ae38130206c7d94a160f",
        "title": "Kubernetes / Networking / Namespace (Workload)",
        "uri": "db/kubernetes-networking-namespace-workload",
        "url": "/d/bbb2a765a623ae38130206c7d94a160f/kubernetes-networking-namespace-workload",
        "slug": "",
        "type": "dash-db",
        "tags": [
            "kubernetes-mixin"
        ],
        "isStarred": false,
        "sortMeta": 0,
        "isDeleted": false
    },
    {
        "id": 24,
        "uid": "7a18067ce943a40ae25454675c19ff5c",
        "title": "Kubernetes / Networking / Pod",
        "uri": "db/kubernetes-networking-pod",
        "url": "/d/7a18067ce943a40ae25454675c19ff5c/kubernetes-networking-pod",
        "slug": "",
        "type": "dash-db",
        "tags": [
            "kubernetes-mixin"
        ],
        "isStarred": false,
        "sortMeta": 0,
        "isDeleted": false
    },
    {
        "id": 28,
        "uid": "728bf77cc1166d2f3133bf25846876cc",
        "title": "Kubernetes / Networking / Workload",
        "uri": "db/kubernetes-networking-workload",
        "url": "/d/728bf77cc1166d2f3133bf25846876cc/kubernetes-networking-workload",
        "slug": "",
        "type": "dash-db",
        "tags": [
            "kubernetes-mixin"
        ],
        "isStarred": false,
        "sortMeta": 0,
        "isDeleted": false
    },
    {
        "id": 23,
        "uid": "919b92a8e8041bd567af9edab12c840c",
        "title": "Kubernetes / Persistent Volumes",
        "uri": "db/kubernetes-persistent-volumes",
        "url": "/d/919b92a8e8041bd567af9edab12c840c/kubernetes-persistent-volumes",
        "slug": "",
        "type": "dash-db",
        "tags": [
            "kubernetes-mixin"
        ],
        "isStarred": false,
        "sortMeta": 0,
        "isDeleted": false
    },
    {
        "id": 26,
        "uid": "632e265de029684c40b21cb76bca4f94",
        "title": "Kubernetes / Proxy",
        "uri": "db/kubernetes-proxy",
        "url": "/d/632e265de029684c40b21cb76bca4f94/kubernetes-proxy",
        "slug": "",
        "type": "dash-db",
        "tags": [
            "kubernetes-mixin"
        ],
        "isStarred": false,
        "sortMeta": 0,
        "isDeleted": false
    },
    {
        "id": 27,
        "uid": "2e6b6a3b4bddf1427b3a55aa1311c656",
        "title": "Kubernetes / Scheduler",
        "uri": "db/kubernetes-scheduler",
        "url": "/d/2e6b6a3b4bddf1427b3a55aa1311c656/kubernetes-scheduler",
        "slug": "",
        "type": "dash-db",
        "tags": [
            "kubernetes-mixin"
        ],
        "isStarred": false,
        "sortMeta": 0,
        "isDeleted": false
    },
    {
        "id": 21,
        "uid": "7e0a61e486f727d763fb1d86fdd629c2",
        "title": "Node Exporter / AIX",
        "uri": "db/node-exporter-aix",
        "url": "/d/7e0a61e486f727d763fb1d86fdd629c2/node-exporter-aix",
        "slug": "",
        "type": "dash-db",
        "tags": [
            "node-exporter-mixin"
        ],
        "isStarred": false,
        "sortMeta": 0,
        "isDeleted": false
    },
    {
        "id": 22,
        "uid": "629701ea43bf69291922ea45f4a87d37",
        "title": "Node Exporter / MacOS",
        "uri": "db/node-exporter-macos",
        "url": "/d/629701ea43bf69291922ea45f4a87d37/node-exporter-macos",
        "slug": "",
        "type": "dash-db",
        "tags": [
            "node-exporter-mixin"
        ],
        "isStarred": false,
        "sortMeta": 0,
        "isDeleted": false
    },
    {
        "id": 20,
        "uid": "7d57716318ee0dddbac5a7f451fb7753",
        "title": "Node Exporter / Nodes",
        "uri": "db/node-exporter-nodes",
        "url": "/d/7d57716318ee0dddbac5a7f451fb7753/node-exporter-nodes",
        "slug": "",
        "type": "dash-db",
        "tags": [
            "node-exporter-mixin"
        ],
        "isStarred": false,
        "sortMeta": 0,
        "isDeleted": false
    },
    {
        "id": 18,
        "uid": "3e97d1d02672cdd0861f4c97c64f89b2",
        "title": "Node Exporter / USE Method / Cluster",
        "uri": "db/node-exporter-use-method-cluster",
        "url": "/d/3e97d1d02672cdd0861f4c97c64f89b2/node-exporter-use-method-cluster",
        "slug": "",
        "type": "dash-db",
        "tags": [
            "node-exporter-mixin"
        ],
        "isStarred": false,
        "sortMeta": 0,
        "isDeleted": false
    },
    {
        "id": 19,
        "uid": "fac67cfbe174d3ef53eb473d73d9212f",
        "title": "Node Exporter / USE Method / Node",
        "uri": "db/node-exporter-use-method-node",
        "url": "/d/fac67cfbe174d3ef53eb473d73d9212f/node-exporter-use-method-node",
        "slug": "",
        "type": "dash-db",
        "tags": [
            "node-exporter-mixin"
        ],
        "isStarred": false,
        "sortMeta": 0,
        "isDeleted": false
    },
    {
        "id": 25,
        "uid": "febgi62vu36yob",
        "title": "Prometheus / Overview",
        "uri": "db/prometheus-overview",
        "url": "/d/febgi62vu36yob/prometheus-overview",
        "slug": "",
        "type": "dash-db",
        "tags": [
            "prometheus-mixin"
        ],
        "isStarred": false,
        "sortMeta": 0,
        "isDeleted": false
    }
]
2025-01-29 13:43:44,210 INFO c.h.h.t.HelmChartContainer - Uninstalling release 'monitoring-stack' in namespace 'monitoring'...
2025-01-29 13:43:44,210 DEBUG c.h.h.t.HelmChartContainer - Executing helm command: /bin/helm --kubeconfig /etc/rancher/k3s/k3s.yaml uninstall monitoring-stack  --wait --timeout 5m0s --cascade foreground --namespace monitoring
2025-01-29 13:43:45,959 INFO c.h.h.t.HelmChartContainer - [K3S] [replica_set.go:679] "Finished syncing" kind="ReplicaSet" key="monitoring/monitoring-stack-kube-prom-operator-d77f8fd4c" duration="3.352396ms"
2025-01-29 13:43:45,959 INFO c.h.h.t.HelmChartContainer - [K3S] [replica_set.go:679] "Finished syncing" kind="ReplicaSet" key="monitoring/monitoring-stack-kube-prom-operator-d77f8fd4c" duration="38.152µs"
2025-01-29 13:43:46,010 INFO c.h.h.t.HelmChartContainer - [K3S] [replica_set.go:679] "Finished syncing" kind="ReplicaSet" key="monitoring/monitoring-stack-grafana-64c55fb967" duration="4.837004ms"
2025-01-29 13:43:46,011 INFO c.h.h.t.HelmChartContainer - [K3S] [replica_set.go:679] "Finished syncing" kind="ReplicaSet" key="monitoring/monitoring-stack-grafana-64c55fb967" duration="40.857µs"
2025-01-29 13:43:46,083 INFO c.h.h.t.HelmChartContainer - [K3S] [replica_set.go:679] "Finished syncing" kind="ReplicaSet" key="monitoring/monitoring-stack-kube-state-metrics-5bf5c7b54d" duration="3.194331ms"
2025-01-29 13:43:46,084 INFO c.h.h.t.HelmChartContainer - [K3S] [replica_set.go:679] "Finished syncing" kind="ReplicaSet" key="monitoring/monitoring-stack-kube-state-metrics-5bf5c7b54d" duration="44.954µs"
2025-01-29 13:43:46,307 INFO c.h.h.t.HelmChartContainer - [POD] monitoring-stack-prometheus-node-exporter-xjtjv [b5a5f999-a66a-4d07-9b0d-a60373e349f0] in monitoring was MODIFIED
2025-01-29 13:43:46,311 INFO c.h.h.t.HelmChartContainer - [EVENT] Normal [Killing] Stopping container node-exporter [monitoring:monitoring-stack-prometheus-node-exporter-xjtjv]
2025-01-29 13:43:46,424 INFO c.h.h.t.HelmChartContainer - [POD] monitoring-stack-prometheus-node-exporter-xjtjv [b5a5f999-a66a-4d07-9b0d-a60373e349f0] in monitoring was MODIFIED
2025-01-29 13:43:46,462 INFO c.h.h.t.HelmChartContainer - [K3S] [reconciler_common.go:162] "operationExecutor.UnmountVolume started for volume \"proc\" (UniqueName: \"kubernetes.io/host-path/b5a5f999-a66a-4d07-9b0d-a60373e349f0-proc\") pod \"b5a5f999-a66a-4d07-9b0d-a60373e349f0\" (UID: \"b5a5f999-a66a-4d07-9b0d-a60373e349f0\") "
2025-01-29 13:43:46,462 INFO c.h.h.t.HelmChartContainer - [K3S] [reconciler_common.go:162] "operationExecutor.UnmountVolume started for volume \"sys\" (UniqueName: \"kubernetes.io/host-path/b5a5f999-a66a-4d07-9b0d-a60373e349f0-sys\") pod \"b5a5f999-a66a-4d07-9b0d-a60373e349f0\" (UID: \"b5a5f999-a66a-4d07-9b0d-a60373e349f0\") "
2025-01-29 13:43:46,563 INFO c.h.h.t.HelmChartContainer - [K3S] [reconciler_common.go:299] "Volume detached for volume \"proc\" (UniqueName: \"kubernetes.io/host-path/b5a5f999-a66a-4d07-9b0d-a60373e349f0-proc\") on node \"b2bf2ea6808c\" DevicePath \"\""
2025-01-29 13:43:46,563 INFO c.h.h.t.HelmChartContainer - [K3S] [reconciler_common.go:299] "Volume detached for volume \"sys\" (UniqueName: \"kubernetes.io/host-path/b5a5f999-a66a-4d07-9b0d-a60373e349f0-sys\") on node \"b2bf2ea6808c\" DevicePath \"\""
2025-01-29 13:43:46,797 INFO c.h.h.t.HelmChartContainer - [K3S] [scope.go:117] "RemoveContainer" containerID="3b4805e17b2a08e64d936d70c13b72d188962ba9d175d28dfa270cc483b81973"
2025-01-29 13:43:46,802 INFO c.h.h.t.HelmChartContainer - [K3S] [scope.go:117] "RemoveContainer" containerID="3b4805e17b2a08e64d936d70c13b72d188962ba9d175d28dfa270cc483b81973"
2025-01-29 13:43:46,811 INFO c.h.h.t.HelmChartContainer - [POD] monitoring-stack-prometheus-node-exporter-xjtjv [b5a5f999-a66a-4d07-9b0d-a60373e349f0] in monitoring was MODIFIED
2025-01-29 13:43:46,814 INFO c.h.h.t.HelmChartContainer - [POD] monitoring-stack-prometheus-node-exporter-xjtjv [b5a5f999-a66a-4d07-9b0d-a60373e349f0] in monitoring was DELETED
2025-01-29 13:43:48,113 INFO c.h.h.t.HelmChartContainer - [K3S] [kubelet_volumes.go:163] "Cleaned up orphaned pod volumes dir" podUID="b5a5f999-a66a-4d07-9b0d-a60373e349f0" path="/var/lib/kubelet/pods/b5a5f999-a66a-4d07-9b0d-a60373e349f0/volumes"
2025-01-29 13:43:50,598 INFO c.h.h.t.HelmChartContainer - [test-hivemq-platform] [hivemq] [2c2563dd] INFO  - [HiveMQ Platform Operator Init App 1.7.0-SNAPSHOT] Returning Health API response 200 for liveness
2025-01-29 13:43:53,444 INFO c.h.h.t.HelmChartContainer - [K3S] [authentication.go:74] "Unable to authenticate the request" err="[invalid bearer token, serviceaccounts \"monitoring-stack-kube-state-metrics\" not found]"
2025-01-29 13:43:53,446 INFO c.h.h.t.HelmChartContainer - [EVENT] Warning [Unhealthy] Liveness probe failed: HTTP probe failed with statuscode: 503 [monitoring:monitoring-stack-kube-state-metrics-5bf5c7b54d-mb4jf]
2025-01-29 13:43:53,548 INFO c.h.h.t.HelmChartContainer - [hivemq-test-hivemq-platform] [hivemq-platform-operator] [04a59eda] 13:43:53.546 [pool-6-thread-17] DEBUG c.h.p.o.d.PlatformServiceResource - [helmmoni] Desired Platform services (3 services)
2025-01-29 13:43:53,548 INFO c.h.h.t.HelmChartContainer - [hivemq-test-hivemq-platform] [hivemq-platform-operator] [04a59eda] 13:43:53.547 [pool-6-thread-15] DEBUG c.h.p.o.dependants.PodInfoConfigMap - [helmmoni] Desired PodInfo ConfigMap (1 extensions) (1 enabled)
2025-01-29 13:43:53,548 INFO c.h.h.t.HelmChartContainer - [hivemq-test-hivemq-platform] [hivemq-platform-operator] [04a59eda] 13:43:53.547 [pool-6-thread-15] DEBUG c.h.p.o.dependants.PodInfoConfigMap - [helmmoni] Desired PodInfo ConfigMap (metrics port: 9399) (metrics path: /)
2025-01-29 13:43:53,548 INFO c.h.h.t.HelmChartContainer - [hivemq-test-hivemq-platform] [hivemq-platform-operator] [04a59eda] 13:43:53.547 [pool-6-thread-15] DEBUG c.h.p.o.dependants.PodInfoConfigMap - [helmmoni] Desired PodInfo ConfigMap (extension state hash: -1817474005)
2025-01-29 13:43:53,550 INFO c.h.h.t.HelmChartContainer - [hivemq-test-hivemq-platform] [hivemq-platform-operator] [04a59eda] 13:43:53.549 [pool-6-thread-20] DEBUG c.h.p.o.d.PodServiceAccountResource - [helmmoni] Desired PodServiceAccountResource (serviceAccountName: hivemq-platform-pod-test-hivemq-platform)
2025-01-29 13:43:53,552 INFO c.h.h.t.HelmChartContainer - [hivemq-test-hivemq-platform] [hivemq-platform-operator] [04a59eda] 13:43:53.551 [pool-6-thread-17] DEBUG c.h.p.o.d.StatefulSetResource - [helmmoni] Desired StatefulSet (2 replicas) for status RUNNING (READY)
2025-01-29 13:43:53,555 INFO c.h.h.t.HelmChartContainer - [hivemq-test-hivemq-platform] [hivemq-platform-operator] [04a59eda] 13:43:53.554 [ReconcilerExecutor-hivemq-controller-126] INFO  c.h.p.o.HiveMQPlatformReconciler - [helmmoni] Reconciling HiveMQ Platform 'test-hivemq-platform' in namespace 'helmmonitoringplatformit'
2025-01-29 13:43:53,556 INFO c.h.h.t.HelmChartContainer - [hivemq-test-hivemq-platform] [hivemq-platform-operator] [04a59eda] 13:43:53.555 [ReconcilerExecutor-hivemq-controller-126] DEBUG c.h.p.o.HiveMQPlatformReconciler - [helmmoni] Custom Resource Status RUNNING - HiveMQ Platform is ready (READY)
2025-01-29 13:43:53,559 INFO c.h.h.t.HelmChartContainer - [hivemq-test-hivemq-platform] [hivemq-platform-operator] [04a59eda] 13:43:53.555 [ReconcilerExecutor-hivemq-controller-126] DEBUG c.h.p.o.HiveMQPlatformReconciler - [helmmoni] Custom Resource Spec (replicas: 2) (extensions: 1)
2025-01-29 13:43:53,559 INFO c.h.h.t.HelmChartContainer - [hivemq-test-hivemq-platform] [hivemq-platform-operator] [04a59eda] 13:43:53.556 [ReconcilerExecutor-hivemq-controller-126] DEBUG c.h.p.o.HiveMQPlatformReconciler - [helmmoni] StatefulSet Status (revision: test-hivemq-platform-64db946475, replicas: 2, available: 2, ready: 2, current: 2, updated: 2)
2025-01-29 13:43:53,559 INFO c.h.h.t.HelmChartContainer - [hivemq-test-hivemq-platform] [hivemq-platform-operator] [04a59eda] 13:43:53.556 [ReconcilerExecutor-hivemq-controller-126] DEBUG c.h.p.o.HiveMQPlatformReconciler - [helmmoni] StatefulSet Spec (replicas: 2, init containers: 1, containers: 1, volumes: 3)
2025-01-29 13:43:53,559 INFO c.h.h.t.HelmChartContainer - [hivemq-test-hivemq-platform] [hivemq-platform-operator] [04a59eda] 13:43:53.557 [ReconcilerExecutor-hivemq-controller-126] DEBUG c.h.p.o.h.HiveMQPlatformReconcilerErrorHandler - [helmmoni] Pod 'test-hivemq-platform-1' phase Running
2025-01-29 13:43:53,560 INFO c.h.h.t.HelmChartContainer - [hivemq-test-hivemq-platform] [hivemq-platform-operator] [04a59eda] 13:43:53.559 [ReconcilerExecutor-hivemq-controller-126] DEBUG c.h.p.o.h.HiveMQPlatformReconcilerErrorHandler - [helmmoni] Pod 'test-hivemq-platform-0' phase Running
2025-01-29 13:43:54,573 INFO c.h.h.t.HelmChartContainer - [K3S] [server.go:321] "Unable to authenticate the request due to an error" err="[invalid bearer token, serviceaccounts \"monitoring-stack-kube-prom-prometheus\" not found]"
2025-01-29 13:43:55,857 INFO c.h.h.t.HelmChartContainer - [POD] monitoring-stack-kube-prom-operator-d77f8fd4c-zghf7 [29df739c-500b-49d5-9d31-c9a17960f6f1] in monitoring was MODIFIED
2025-01-29 13:43:55,863 INFO c.h.h.t.HelmChartContainer - [K3S] [replica_set.go:679] "Finished syncing" kind="ReplicaSet" key="monitoring/monitoring-stack-kube-prom-operator-d77f8fd4c" duration="6.539681ms"
2025-01-29 13:43:55,865 INFO c.h.h.t.HelmChartContainer - [K3S] [replica_set.go:679] "Finished syncing" kind="ReplicaSet" key="monitoring/monitoring-stack-kube-prom-operator-d77f8fd4c" duration="48.993µs"
2025-01-29 13:43:55,867 INFO c.h.h.t.HelmChartContainer - [EVENT] Normal [Killing] Stopping container kube-prometheus-stack [monitoring:monitoring-stack-kube-prom-operator-d77f8fd4c-zghf7]
2025-01-29 13:43:55,909 INFO c.h.h.t.HelmChartContainer - [POD] monitoring-stack-grafana-64c55fb967-lbskk [74d7de76-ff69-42a1-a585-e4e67f3ae096] in monitoring was MODIFIED
2025-01-29 13:43:55,916 INFO c.h.h.t.HelmChartContainer - [K3S] [replica_set.go:679] "Finished syncing" kind="ReplicaSet" key="monitoring/monitoring-stack-grafana-64c55fb967" duration="9.41887ms"
2025-01-29 13:43:55,919 INFO c.h.h.t.HelmChartContainer - [EVENT] Normal [Killing] Stopping container grafana-sc-dashboard [monitoring:monitoring-stack-grafana-64c55fb967-lbskk]
2025-01-29 13:43:55,920 INFO c.h.h.t.HelmChartContainer - [K3S] [replica_set.go:679] "Finished syncing" kind="ReplicaSet" key="monitoring/monitoring-stack-grafana-64c55fb967" duration="46.607µs"
2025-01-29 13:43:55,923 INFO c.h.h.t.HelmChartContainer - [EVENT] Normal [Killing] Stopping container grafana [monitoring:monitoring-stack-grafana-64c55fb967-lbskk]
2025-01-29 13:43:55,926 INFO c.h.h.t.HelmChartContainer - [EVENT] Normal [Killing] Stopping container grafana-sc-datasources [monitoring:monitoring-stack-grafana-64c55fb967-lbskk]
2025-01-29 13:43:55,990 INFO c.h.h.t.HelmChartContainer - [POD] monitoring-stack-kube-state-metrics-5bf5c7b54d-mb4jf [66d47b05-37de-44c5-9023-8b2fa8de838d] in monitoring was MODIFIED
2025-01-29 13:43:55,998 INFO c.h.h.t.HelmChartContainer - [K3S] [replica_set.go:679] "Finished syncing" kind="ReplicaSet" key="monitoring/monitoring-stack-kube-state-metrics-5bf5c7b54d" duration="9.16911ms"
2025-01-29 13:43:56,001 INFO c.h.h.t.HelmChartContainer - [K3S] [replica_set.go:679] "Finished syncing" kind="ReplicaSet" key="monitoring/monitoring-stack-kube-state-metrics-5bf5c7b54d" duration="44.213µs"
2025-01-29 13:43:56,001 INFO c.h.h.t.HelmChartContainer - [EVENT] Normal [Killing] Stopping container kube-state-metrics [monitoring:monitoring-stack-kube-state-metrics-5bf5c7b54d-mb4jf]
2025-01-29 13:43:56,098 INFO c.h.h.t.HelmChartContainer - [K3S] [replica_set.go:679] "Finished syncing" kind="ReplicaSet" key="monitoring/monitoring-stack-kube-prom-operator-d77f8fd4c" duration="68.038µs"
2025-01-29 13:43:56,109 INFO c.h.h.t.HelmChartContainer - [POD] monitoring-stack-kube-prom-operator-d77f8fd4c-zghf7 [29df739c-500b-49d5-9d31-c9a17960f6f1] in monitoring was MODIFIED
2025-01-29 13:43:56,163 INFO c.h.h.t.HelmChartContainer - [POD] alertmanager-monitoring-stack-kube-prom-alertmanager-0 [8245ae88-ffc3-4e05-b9b9-4265137e03eb] in monitoring was MODIFIED
2025-01-29 13:43:56,169 INFO c.h.h.t.HelmChartContainer - [EVENT] Normal [Killing] Stopping container alertmanager [monitoring:alertmanager-monitoring-stack-kube-prom-alertmanager-0]
2025-01-29 13:43:56,183 INFO c.h.h.t.HelmChartContainer - [EVENT] Normal [Killing] Stopping container config-reloader [monitoring:alertmanager-monitoring-stack-kube-prom-alertmanager-0]
2025-01-29 13:43:56,216 INFO c.h.h.t.HelmChartContainer - [K3S] [reconciler_common.go:162] "operationExecutor.UnmountVolume started for volume \"tls-secret\" (UniqueName: \"kubernetes.io/secret/29df739c-500b-49d5-9d31-c9a17960f6f1-tls-secret\") pod \"29df739c-500b-49d5-9d31-c9a17960f6f1\" (UID: \"29df739c-500b-49d5-9d31-c9a17960f6f1\") "
2025-01-29 13:43:56,217 INFO c.h.h.t.HelmChartContainer - [K3S] [reconciler_common.go:162] "operationExecutor.UnmountVolume started for volume \"kube-api-access-qxqjj\" (UniqueName: \"kubernetes.io/projected/29df739c-500b-49d5-9d31-c9a17960f6f1-kube-api-access-qxqjj\") pod \"29df739c-500b-49d5-9d31-c9a17960f6f1\" (UID: \"29df739c-500b-49d5-9d31-c9a17960f6f1\") "
2025-01-29 13:43:56,299 INFO c.h.h.t.HelmChartContainer - [K3S] [replica_set.go:679] "Finished syncing" kind="ReplicaSet" key="monitoring/monitoring-stack-kube-state-metrics-5bf5c7b54d" duration="45.105µs"
2025-01-29 13:43:56,300 INFO c.h.h.t.HelmChartContainer - [POD] monitoring-stack-kube-state-metrics-5bf5c7b54d-mb4jf [66d47b05-37de-44c5-9023-8b2fa8de838d] in monitoring was MODIFIED
2025-01-29 13:43:56,316 INFO c.h.h.t.HelmChartContainer - [K3S] [reconciler_common.go:299] "Volume detached for volume \"kube-api-access-qxqjj\" (UniqueName: \"kubernetes.io/projected/29df739c-500b-49d5-9d31-c9a17960f6f1-kube-api-access-qxqjj\") on node \"b2bf2ea6808c\" DevicePath \"\""
2025-01-29 13:43:56,317 INFO c.h.h.t.HelmChartContainer - [K3S] [reconciler_common.go:299] "Volume detached for volume \"tls-secret\" (UniqueName: \"kubernetes.io/secret/29df739c-500b-49d5-9d31-c9a17960f6f1-tls-secret\") on node \"b2bf2ea6808c\" DevicePath \"\""
2025-01-29 13:43:56,370 INFO c.h.h.t.HelmChartContainer - [K3S] [replica_set.go:679] "Finished syncing" kind="ReplicaSet" key="monitoring/monitoring-stack-grafana-64c55fb967" duration="55.945µs"
2025-01-29 13:43:56,374 INFO c.h.h.t.HelmChartContainer - [POD] monitoring-stack-grafana-64c55fb967-lbskk [74d7de76-ff69-42a1-a585-e4e67f3ae096] in monitoring was MODIFIED
2025-01-29 13:43:56,397 INFO c.h.h.t.HelmChartContainer - [POD] alertmanager-monitoring-stack-kube-prom-alertmanager-0 [8245ae88-ffc3-4e05-b9b9-4265137e03eb] in monitoring was MODIFIED
2025-01-29 13:43:56,419 INFO c.h.h.t.HelmChartContainer - [K3S] [reconciler_common.go:162] "operationExecutor.UnmountVolume started for volume \"alertmanager-monitoring-stack-kube-prom-alertmanager-db\" (UniqueName: \"kubernetes.io/empty-dir/8245ae88-ffc3-4e05-b9b9-4265137e03eb-alertmanager-monitoring-stack-kube-prom-alertmanager-db\") pod \"8245ae88-ffc3-4e05-b9b9-4265137e03eb\" (UID: \"8245ae88-ffc3-4e05-b9b9-4265137e03eb\") "
2025-01-29 13:43:56,419 INFO c.h.h.t.HelmChartContainer - [K3S] [reconciler_common.go:162] "operationExecutor.UnmountVolume started for volume \"storage\" (UniqueName: \"kubernetes.io/empty-dir/74d7de76-ff69-42a1-a585-e4e67f3ae096-storage\") pod \"74d7de76-ff69-42a1-a585-e4e67f3ae096\" (UID: \"74d7de76-ff69-42a1-a585-e4e67f3ae096\") "
2025-01-29 13:43:56,421 INFO c.h.h.t.HelmChartContainer - [K3S] [reconciler_common.go:162] "operationExecutor.UnmountVolume started for volume \"config-out\" (UniqueName: \"kubernetes.io/empty-dir/8245ae88-ffc3-4e05-b9b9-4265137e03eb-config-out\") pod \"8245ae88-ffc3-4e05-b9b9-4265137e03eb\" (UID: \"8245ae88-ffc3-4e05-b9b9-4265137e03eb\") "
2025-01-29 13:43:56,422 INFO c.h.h.t.HelmChartContainer - [K3S] [reconciler_common.go:162] "operationExecutor.UnmountVolume started for volume \"tls-assets\" (UniqueName: \"kubernetes.io/projected/8245ae88-ffc3-4e05-b9b9-4265137e03eb-tls-assets\") pod \"8245ae88-ffc3-4e05-b9b9-4265137e03eb\" (UID: \"8245ae88-ffc3-4e05-b9b9-4265137e03eb\") "
2025-01-29 13:43:56,422 INFO c.h.h.t.HelmChartContainer - [K3S] [reconciler_common.go:162] "operationExecutor.UnmountVolume started for volume \"config\" (UniqueName: \"kubernetes.io/configmap/74d7de76-ff69-42a1-a585-e4e67f3ae096-config\") pod \"74d7de76-ff69-42a1-a585-e4e67f3ae096\" (UID: \"74d7de76-ff69-42a1-a585-e4e67f3ae096\") "
2025-01-29 13:43:56,422 INFO c.h.h.t.HelmChartContainer - [K3S] [reconciler_common.go:162] "operationExecutor.UnmountVolume started for volume \"sc-datasources-volume\" (UniqueName: \"kubernetes.io/empty-dir/74d7de76-ff69-42a1-a585-e4e67f3ae096-sc-datasources-volume\") pod \"74d7de76-ff69-42a1-a585-e4e67f3ae096\" (UID: \"74d7de76-ff69-42a1-a585-e4e67f3ae096\") "
2025-01-29 13:43:56,423 INFO c.h.h.t.HelmChartContainer - [K3S] [reconciler_common.go:162] "operationExecutor.UnmountVolume started for volume \"kube-api-access-7d85f\" (UniqueName: \"kubernetes.io/projected/8245ae88-ffc3-4e05-b9b9-4265137e03eb-kube-api-access-7d85f\") pod \"8245ae88-ffc3-4e05-b9b9-4265137e03eb\" (UID: \"8245ae88-ffc3-4e05-b9b9-4265137e03eb\") "
2025-01-29 13:43:56,423 INFO c.h.h.t.HelmChartContainer - [K3S] [reconciler_common.go:162] "operationExecutor.UnmountVolume started for volume \"sc-dashboard-provider\" (UniqueName: \"kubernetes.io/configmap/74d7de76-ff69-42a1-a585-e4e67f3ae096-sc-dashboard-provider\") pod \"74d7de76-ff69-42a1-a585-e4e67f3ae096\" (UID: \"74d7de76-ff69-42a1-a585-e4e67f3ae096\") "
2025-01-29 13:43:56,423 INFO c.h.h.t.HelmChartContainer - [K3S] [reconciler_common.go:162] "operationExecutor.UnmountVolume started for volume \"web-config\" (UniqueName: \"kubernetes.io/secret/8245ae88-ffc3-4e05-b9b9-4265137e03eb-web-config\") pod \"8245ae88-ffc3-4e05-b9b9-4265137e03eb\" (UID: \"8245ae88-ffc3-4e05-b9b9-4265137e03eb\") "
2025-01-29 13:43:56,423 INFO c.h.h.t.HelmChartContainer - [K3S] [reconciler_common.go:162] "operationExecutor.UnmountVolume started for volume \"kube-api-access-79njj\" (UniqueName: \"kubernetes.io/projected/66d47b05-37de-44c5-9023-8b2fa8de838d-kube-api-access-79njj\") pod \"66d47b05-37de-44c5-9023-8b2fa8de838d\" (UID: \"66d47b05-37de-44c5-9023-8b2fa8de838d\") "
2025-01-29 13:43:56,424 INFO c.h.h.t.HelmChartContainer - [K3S] [reconciler_common.go:162] "operationExecutor.UnmountVolume started for volume \"sc-dashboard-volume\" (UniqueName: \"kubernetes.io/empty-dir/74d7de76-ff69-42a1-a585-e4e67f3ae096-sc-dashboard-volume\") pod \"74d7de76-ff69-42a1-a585-e4e67f3ae096\" (UID: \"74d7de76-ff69-42a1-a585-e4e67f3ae096\") "
2025-01-29 13:43:56,424 INFO c.h.h.t.HelmChartContainer - [K3S] [reconciler_common.go:162] "operationExecutor.UnmountVolume started for volume \"kube-api-access-g8crd\" (UniqueName: \"kubernetes.io/projected/74d7de76-ff69-42a1-a585-e4e67f3ae096-kube-api-access-g8crd\") pod \"74d7de76-ff69-42a1-a585-e4e67f3ae096\" (UID: \"74d7de76-ff69-42a1-a585-e4e67f3ae096\") "
2025-01-29 13:43:56,424 INFO c.h.h.t.HelmChartContainer - [K3S] [reconciler_common.go:162] "operationExecutor.UnmountVolume started for volume \"config-volume\" (UniqueName: \"kubernetes.io/secret/8245ae88-ffc3-4e05-b9b9-4265137e03eb-config-volume\") pod \"8245ae88-ffc3-4e05-b9b9-4265137e03eb\" (UID: \"8245ae88-ffc3-4e05-b9b9-4265137e03eb\") "
2025-01-29 13:43:56,518 INFO c.h.h.t.HelmChartContainer - [K3S] [reconciler_common.go:299] "Volume detached for volume \"sc-dashboard-provider\" (UniqueName: \"kubernetes.io/configmap/74d7de76-ff69-42a1-a585-e4e67f3ae096-sc-dashboard-provider\") on node \"b2bf2ea6808c\" DevicePath \"\""
2025-01-29 13:43:56,518 INFO c.h.h.t.HelmChartContainer - [K3S] [reconciler_common.go:299] "Volume detached for volume \"web-config\" (UniqueName: \"kubernetes.io/secret/8245ae88-ffc3-4e05-b9b9-4265137e03eb-web-config\") on node \"b2bf2ea6808c\" DevicePath \"\""
2025-01-29 13:43:56,518 INFO c.h.h.t.HelmChartContainer - [K3S] [reconciler_common.go:299] "Volume detached for volume \"kube-api-access-79njj\" (UniqueName: \"kubernetes.io/projected/66d47b05-37de-44c5-9023-8b2fa8de838d-kube-api-access-79njj\") on node \"b2bf2ea6808c\" DevicePath \"\""
2025-01-29 13:43:56,518 INFO c.h.h.t.HelmChartContainer - [K3S] [reconciler_common.go:299] "Volume detached for volume \"sc-dashboard-volume\" (UniqueName: \"kubernetes.io/empty-dir/74d7de76-ff69-42a1-a585-e4e67f3ae096-sc-dashboard-volume\") on node \"b2bf2ea6808c\" DevicePath \"\""
2025-01-29 13:43:56,518 INFO c.h.h.t.HelmChartContainer - [K3S] [reconciler_common.go:299] "Volume detached for volume \"kube-api-access-g8crd\" (UniqueName: \"kubernetes.io/projected/74d7de76-ff69-42a1-a585-e4e67f3ae096-kube-api-access-g8crd\") on node \"b2bf2ea6808c\" DevicePath \"\""
2025-01-29 13:43:56,518 INFO c.h.h.t.HelmChartContainer - [K3S] [reconciler_common.go:299] "Volume detached for volume \"config-volume\" (UniqueName: \"kubernetes.io/secret/8245ae88-ffc3-4e05-b9b9-4265137e03eb-config-volume\") on node \"b2bf2ea6808c\" DevicePath \"\""
2025-01-29 13:43:56,518 INFO c.h.h.t.HelmChartContainer - [K3S] [reconciler_common.go:299] "Volume detached for volume \"alertmanager-monitoring-stack-kube-prom-alertmanager-db\" (UniqueName: \"kubernetes.io/empty-dir/8245ae88-ffc3-4e05-b9b9-4265137e03eb-alertmanager-monitoring-stack-kube-prom-alertmanager-db\") on node \"b2bf2ea6808c\" DevicePath \"\""
2025-01-29 13:43:56,518 INFO c.h.h.t.HelmChartContainer - [K3S] [reconciler_common.go:299] "Volume detached for volume \"config-out\" (UniqueName: \"kubernetes.io/empty-dir/8245ae88-ffc3-4e05-b9b9-4265137e03eb-config-out\") on node \"b2bf2ea6808c\" DevicePath \"\""
2025-01-29 13:43:56,518 INFO c.h.h.t.HelmChartContainer - [K3S] [reconciler_common.go:299] "Volume detached for volume \"tls-assets\" (UniqueName: \"kubernetes.io/projected/8245ae88-ffc3-4e05-b9b9-4265137e03eb-tls-assets\") on node \"b2bf2ea6808c\" DevicePath \"\""
2025-01-29 13:43:56,519 INFO c.h.h.t.HelmChartContainer - [K3S] [reconciler_common.go:299] "Volume detached for volume \"storage\" (UniqueName: \"kubernetes.io/empty-dir/74d7de76-ff69-42a1-a585-e4e67f3ae096-storage\") on node \"b2bf2ea6808c\" DevicePath \"\""
2025-01-29 13:43:56,519 INFO c.h.h.t.HelmChartContainer - [K3S] [reconciler_common.go:299] "Volume detached for volume \"config\" (UniqueName: \"kubernetes.io/configmap/74d7de76-ff69-42a1-a585-e4e67f3ae096-config\") on node \"b2bf2ea6808c\" DevicePath \"\""
2025-01-29 13:43:56,519 INFO c.h.h.t.HelmChartContainer - [K3S] [reconciler_common.go:299] "Volume detached for volume \"sc-datasources-volume\" (UniqueName: \"kubernetes.io/empty-dir/74d7de76-ff69-42a1-a585-e4e67f3ae096-sc-datasources-volume\") on node \"b2bf2ea6808c\" DevicePath \"\""
2025-01-29 13:43:56,519 INFO c.h.h.t.HelmChartContainer - [K3S] [reconciler_common.go:299] "Volume detached for volume \"kube-api-access-7d85f\" (UniqueName: \"kubernetes.io/projected/8245ae88-ffc3-4e05-b9b9-4265137e03eb-kube-api-access-7d85f\") on node \"b2bf2ea6808c\" DevicePath \"\""
2025-01-29 13:43:56,561 INFO c.h.h.t.HelmChartContainer - [POD] prometheus-monitoring-stack-kube-prom-prometheus-0 [a5ed691c-84cb-481a-b4d3-c0ca1cc737ae] in monitoring was MODIFIED
2025-01-29 13:43:56,573 INFO c.h.h.t.HelmChartContainer - [EVENT] Normal [Killing] Stopping container prometheus [monitoring:prometheus-monitoring-stack-kube-prom-prometheus-0]
2025-01-29 13:43:56,577 INFO c.h.h.t.HelmChartContainer - [EVENT] Normal [Killing] Stopping container config-reloader [monitoring:prometheus-monitoring-stack-kube-prom-prometheus-0]
2025-01-29 13:43:56,699 INFO c.h.h.t.HelmChartContainer - [POD] prometheus-monitoring-stack-kube-prom-prometheus-0 [a5ed691c-84cb-481a-b4d3-c0ca1cc737ae] in monitoring was MODIFIED
2025-01-29 13:43:56,814 INFO c.h.h.t.HelmChartContainer - [K3S] [scope.go:117] "RemoveContainer" containerID="fc9c4fdae34fd333b79020df2fc59abd065d77d5abdd1f49e30565c13afe6ad8"
2025-01-29 13:43:56,819 INFO c.h.h.t.HelmChartContainer - [K3S] [scope.go:117] "RemoveContainer" containerID="b258c01d358eb15707f301129ec58bbc3f41366177b9f8feac1d83b631de3470"
2025-01-29 13:43:56,820 INFO c.h.h.t.HelmChartContainer - [K3S] [reconciler_common.go:162] "operationExecutor.UnmountVolume started for volume \"config-out\" (UniqueName: \"kubernetes.io/empty-dir/a5ed691c-84cb-481a-b4d3-c0ca1cc737ae-config-out\") pod \"a5ed691c-84cb-481a-b4d3-c0ca1cc737ae\" (UID: \"a5ed691c-84cb-481a-b4d3-c0ca1cc737ae\") "
2025-01-29 13:43:56,820 INFO c.h.h.t.HelmChartContainer - [K3S] [reconciler_common.go:162] "operationExecutor.UnmountVolume started for volume \"prometheus-monitoring-stack-kube-prom-prometheus-rulefiles-0\" (UniqueName: \"kubernetes.io/configmap/a5ed691c-84cb-481a-b4d3-c0ca1cc737ae-prometheus-monitoring-stack-kube-prom-prometheus-rulefiles-0\") pod \"a5ed691c-84cb-481a-b4d3-c0ca1cc737ae\" (UID: \"a5ed691c-84cb-481a-b4d3-c0ca1cc737ae\") "
2025-01-29 13:43:56,820 INFO c.h.h.t.HelmChartContainer - [K3S] [reconciler_common.go:162] "operationExecutor.UnmountVolume started for volume \"config\" (UniqueName: \"kubernetes.io/secret/a5ed691c-84cb-481a-b4d3-c0ca1cc737ae-config\") pod \"a5ed691c-84cb-481a-b4d3-c0ca1cc737ae\" (UID: \"a5ed691c-84cb-481a-b4d3-c0ca1cc737ae\") "
2025-01-29 13:43:56,820 INFO c.h.h.t.HelmChartContainer - [K3S] [reconciler_common.go:162] "operationExecutor.UnmountVolume started for volume \"tls-assets\" (UniqueName: \"kubernetes.io/projected/a5ed691c-84cb-481a-b4d3-c0ca1cc737ae-tls-assets\") pod \"a5ed691c-84cb-481a-b4d3-c0ca1cc737ae\" (UID: \"a5ed691c-84cb-481a-b4d3-c0ca1cc737ae\") "
2025-01-29 13:43:56,820 INFO c.h.h.t.HelmChartContainer - [K3S] [reconciler_common.go:162] "operationExecutor.UnmountVolume started for volume \"prometheus-monitoring-stack-kube-prom-prometheus-db\" (UniqueName: \"kubernetes.io/empty-dir/a5ed691c-84cb-481a-b4d3-c0ca1cc737ae-prometheus-monitoring-stack-kube-prom-prometheus-db\") pod \"a5ed691c-84cb-481a-b4d3-c0ca1cc737ae\" (UID: \"a5ed691c-84cb-481a-b4d3-c0ca1cc737ae\") "
2025-01-29 13:43:56,820 INFO c.h.h.t.HelmChartContainer - [K3S] [reconciler_common.go:162] "operationExecutor.UnmountVolume started for volume \"web-config\" (UniqueName: \"kubernetes.io/secret/a5ed691c-84cb-481a-b4d3-c0ca1cc737ae-web-config\") pod \"a5ed691c-84cb-481a-b4d3-c0ca1cc737ae\" (UID: \"a5ed691c-84cb-481a-b4d3-c0ca1cc737ae\") "
2025-01-29 13:43:56,821 INFO c.h.h.t.HelmChartContainer - [K3S] [reconciler_common.go:162] "operationExecutor.UnmountVolume started for volume \"kube-api-access-6mkkt\" (UniqueName: \"kubernetes.io/projected/a5ed691c-84cb-481a-b4d3-c0ca1cc737ae-kube-api-access-6mkkt\") pod \"a5ed691c-84cb-481a-b4d3-c0ca1cc737ae\" (UID: \"a5ed691c-84cb-481a-b4d3-c0ca1cc737ae\") "
2025-01-29 13:43:56,827 INFO c.h.h.t.HelmChartContainer - [K3S] [scope.go:117] "RemoveContainer" containerID="4da8f9d6b4b37ad5950cf15d45aa51057b06b4642b325bbe699fc880adf5e470"
2025-01-29 13:43:56,839 INFO c.h.h.t.HelmChartContainer - [K3S] [scope.go:117] "RemoveContainer" containerID="fc9c4fdae34fd333b79020df2fc59abd065d77d5abdd1f49e30565c13afe6ad8"
2025-01-29 13:43:56,841 INFO c.h.h.t.HelmChartContainer - [K3S] [scope.go:117] "RemoveContainer" containerID="b258c01d358eb15707f301129ec58bbc3f41366177b9f8feac1d83b631de3470"
2025-01-29 13:43:56,842 INFO c.h.h.t.HelmChartContainer - [K3S] [scope.go:117] "RemoveContainer" containerID="4da8f9d6b4b37ad5950cf15d45aa51057b06b4642b325bbe699fc880adf5e470"
2025-01-29 13:43:56,843 INFO c.h.h.t.HelmChartContainer - [K3S] [scope.go:117] "RemoveContainer" containerID="fc9c4fdae34fd333b79020df2fc59abd065d77d5abdd1f49e30565c13afe6ad8"
2025-01-29 13:43:56,844 INFO c.h.h.t.HelmChartContainer - [K3S] [scope.go:117] "RemoveContainer" containerID="b258c01d358eb15707f301129ec58bbc3f41366177b9f8feac1d83b631de3470"
2025-01-29 13:43:56,845 INFO c.h.h.t.HelmChartContainer - [K3S] [scope.go:117] "RemoveContainer" containerID="4da8f9d6b4b37ad5950cf15d45aa51057b06b4642b325bbe699fc880adf5e470"
2025-01-29 13:43:56,846 INFO c.h.h.t.HelmChartContainer - [K3S] [replica_set.go:679] "Finished syncing" kind="ReplicaSet" key="monitoring/monitoring-stack-kube-prom-operator-d77f8fd4c" duration="44.815µs"
2025-01-29 13:43:56,848 INFO c.h.h.t.HelmChartContainer - [POD] monitoring-stack-kube-prom-operator-d77f8fd4c-zghf7 [29df739c-500b-49d5-9d31-c9a17960f6f1] in monitoring was MODIFIED
2025-01-29 13:43:56,849 INFO c.h.h.t.HelmChartContainer - [K3S] [scope.go:117] "RemoveContainer" containerID="fc9c4fdae34fd333b79020df2fc59abd065d77d5abdd1f49e30565c13afe6ad8"
2025-01-29 13:43:56,850 INFO c.h.h.t.HelmChartContainer - [POD] monitoring-stack-kube-prom-operator-d77f8fd4c-zghf7 [29df739c-500b-49d5-9d31-c9a17960f6f1] in monitoring was DELETED
2025-01-29 13:43:56,851 INFO c.h.h.t.HelmChartContainer - [K3S] [scope.go:117] "RemoveContainer" containerID="b258c01d358eb15707f301129ec58bbc3f41366177b9f8feac1d83b631de3470"
2025-01-29 13:43:56,851 INFO c.h.h.t.HelmChartContainer - [K3S] [replica_set.go:679] "Finished syncing" kind="ReplicaSet" key="monitoring/monitoring-stack-kube-prom-operator-d77f8fd4c" duration="43.361µs"
2025-01-29 13:43:56,852 INFO c.h.h.t.HelmChartContainer - [K3S] [scope.go:117] "RemoveContainer" containerID="4da8f9d6b4b37ad5950cf15d45aa51057b06b4642b325bbe699fc880adf5e470"
2025-01-29 13:43:56,852 INFO c.h.h.t.HelmChartContainer - [K3S] [scope.go:117] "RemoveContainer" containerID="343f514b0b47c5a281a454f0c43be069d7407d5f592cda5d76a9faa229cbc4f3"
2025-01-29 13:43:56,860 INFO c.h.h.t.HelmChartContainer - [K3S] [replica_set.go:679] "Finished syncing" kind="ReplicaSet" key="monitoring/monitoring-stack-kube-state-metrics-5bf5c7b54d" duration="47.859µs"
2025-01-29 13:43:56,862 INFO c.h.h.t.HelmChartContainer - [K3S] [scope.go:117] "RemoveContainer" containerID="343f514b0b47c5a281a454f0c43be069d7407d5f592cda5d76a9faa229cbc4f3"
2025-01-29 13:43:56,862 INFO c.h.h.t.HelmChartContainer - [POD] monitoring-stack-kube-state-metrics-5bf5c7b54d-mb4jf [66d47b05-37de-44c5-9023-8b2fa8de838d] in monitoring was MODIFIED
2025-01-29 13:43:56,867 INFO c.h.h.t.HelmChartContainer - [K3S] [scope.go:117] "RemoveContainer" containerID="8dd90d9d4afa0c63e00822cca4d18ce32806339e2fc0b1c1f5b5c0d7409b3dca"
2025-01-29 13:43:56,868 INFO c.h.h.t.HelmChartContainer - [POD] monitoring-stack-kube-state-metrics-5bf5c7b54d-mb4jf [66d47b05-37de-44c5-9023-8b2fa8de838d] in monitoring was DELETED
2025-01-29 13:43:56,869 INFO c.h.h.t.HelmChartContainer - [K3S] [replica_set.go:679] "Finished syncing" kind="ReplicaSet" key="monitoring/monitoring-stack-kube-state-metrics-5bf5c7b54d" duration="161.844µs"
2025-01-29 13:43:56,874 INFO c.h.h.t.HelmChartContainer - [K3S] [scope.go:117] "RemoveContainer" containerID="8dd90d9d4afa0c63e00822cca4d18ce32806339e2fc0b1c1f5b5c0d7409b3dca"
2025-01-29 13:43:56,875 INFO c.h.h.t.HelmChartContainer - [K3S] [scope.go:117] "RemoveContainer" containerID="91e2a71602c0d2b6bbfe112ba0c4fb1bd037cba52eecd2870a1f25999917d51f"
2025-01-29 13:43:56,882 INFO c.h.h.t.HelmChartContainer - [K3S] [scope.go:117] "RemoveContainer" containerID="c3f9df31fa817f4728c9449a097e916af87879006f91faafc88e523d7c7ebc89"
2025-01-29 13:43:56,891 INFO c.h.h.t.HelmChartContainer - [K3S] [replica_set.go:679] "Finished syncing" kind="ReplicaSet" key="monitoring/monitoring-stack-grafana-64c55fb967" duration="54.483µs"
2025-01-29 13:43:56,894 INFO c.h.h.t.HelmChartContainer - [K3S] [scope.go:117] "RemoveContainer" containerID="76808e5dd8170c79723233f239308068d9ae7347a4b26de775e8b23ff2c7763b"
2025-01-29 13:43:56,897 INFO c.h.h.t.HelmChartContainer - [K3S] [replica_set.go:679] "Finished syncing" kind="ReplicaSet" key="monitoring/monitoring-stack-grafana-64c55fb967" duration="46.057µs"
2025-01-29 13:43:56,897 INFO c.h.h.t.HelmChartContainer - [POD] monitoring-stack-grafana-64c55fb967-lbskk [74d7de76-ff69-42a1-a585-e4e67f3ae096] in monitoring was MODIFIED
2025-01-29 13:43:56,905 INFO c.h.h.t.HelmChartContainer - [K3S] [scope.go:117] "RemoveContainer" containerID="91e2a71602c0d2b6bbfe112ba0c4fb1bd037cba52eecd2870a1f25999917d51f"
2025-01-29 13:43:56,906 INFO c.h.h.t.HelmChartContainer - [K3S] [scope.go:117] "RemoveContainer" containerID="c3f9df31fa817f4728c9449a097e916af87879006f91faafc88e523d7c7ebc89"
2025-01-29 13:43:56,908 INFO c.h.h.t.HelmChartContainer - [K3S] [scope.go:117] "RemoveContainer" containerID="76808e5dd8170c79723233f239308068d9ae7347a4b26de775e8b23ff2c7763b"
2025-01-29 13:43:56,908 INFO c.h.h.t.HelmChartContainer - [POD] monitoring-stack-grafana-64c55fb967-lbskk [74d7de76-ff69-42a1-a585-e4e67f3ae096] in monitoring was DELETED
2025-01-29 13:43:56,910 INFO c.h.h.t.HelmChartContainer - [K3S] [scope.go:117] "RemoveContainer" containerID="91e2a71602c0d2b6bbfe112ba0c4fb1bd037cba52eecd2870a1f25999917d51f"
2025-01-29 13:43:56,911 INFO c.h.h.t.HelmChartContainer - [K3S] [scope.go:117] "RemoveContainer" containerID="c3f9df31fa817f4728c9449a097e916af87879006f91faafc88e523d7c7ebc89"
2025-01-29 13:43:56,915 INFO c.h.h.t.HelmChartContainer - [K3S] [scope.go:117] "RemoveContainer" containerID="76808e5dd8170c79723233f239308068d9ae7347a4b26de775e8b23ff2c7763b"
2025-01-29 13:43:56,916 INFO c.h.h.t.HelmChartContainer - [K3S] [scope.go:117] "RemoveContainer" containerID="3e454405c25565bdd4ade43945734dc8ab044417c47be1727ac59c013a5b9efe"
2025-01-29 13:43:56,923 INFO c.h.h.t.HelmChartContainer - [POD] alertmanager-monitoring-stack-kube-prom-alertmanager-0 [8245ae88-ffc3-4e05-b9b9-4265137e03eb] in monitoring was MODIFIED
2025-01-29 13:43:56,924 INFO c.h.h.t.HelmChartContainer - [K3S] [reconciler_common.go:299] "Volume detached for volume \"config-out\" (UniqueName: \"kubernetes.io/empty-dir/a5ed691c-84cb-481a-b4d3-c0ca1cc737ae-config-out\") on node \"b2bf2ea6808c\" DevicePath \"\""
2025-01-29 13:43:56,924 INFO c.h.h.t.HelmChartContainer - [K3S] [reconciler_common.go:299] "Volume detached for volume \"prometheus-monitoring-stack-kube-prom-prometheus-rulefiles-0\" (UniqueName: \"kubernetes.io/configmap/a5ed691c-84cb-481a-b4d3-c0ca1cc737ae-prometheus-monitoring-stack-kube-prom-prometheus-rulefiles-0\") on node \"b2bf2ea6808c\" DevicePath \"\""
2025-01-29 13:43:56,924 INFO c.h.h.t.HelmChartContainer - [K3S] [reconciler_common.go:299] "Volume detached for volume \"config\" (UniqueName: \"kubernetes.io/secret/a5ed691c-84cb-481a-b4d3-c0ca1cc737ae-config\") on node \"b2bf2ea6808c\" DevicePath \"\""
2025-01-29 13:43:56,925 INFO c.h.h.t.HelmChartContainer - [K3S] [reconciler_common.go:299] "Volume detached for volume \"tls-assets\" (UniqueName: \"kubernetes.io/projected/a5ed691c-84cb-481a-b4d3-c0ca1cc737ae-tls-assets\") on node \"b2bf2ea6808c\" DevicePath \"\""
2025-01-29 13:43:56,925 INFO c.h.h.t.HelmChartContainer - [K3S] [reconciler_common.go:299] "Volume detached for volume \"prometheus-monitoring-stack-kube-prom-prometheus-db\" (UniqueName: \"kubernetes.io/empty-dir/a5ed691c-84cb-481a-b4d3-c0ca1cc737ae-prometheus-monitoring-stack-kube-prom-prometheus-db\") on node \"b2bf2ea6808c\" DevicePath \"\""
2025-01-29 13:43:56,925 INFO c.h.h.t.HelmChartContainer - [K3S] [reconciler_common.go:299] "Volume detached for volume \"web-config\" (UniqueName: \"kubernetes.io/secret/a5ed691c-84cb-481a-b4d3-c0ca1cc737ae-web-config\") on node \"b2bf2ea6808c\" DevicePath \"\""
2025-01-29 13:43:56,925 INFO c.h.h.t.HelmChartContainer - [K3S] [reconciler_common.go:299] "Volume detached for volume \"kube-api-access-6mkkt\" (UniqueName: \"kubernetes.io/projected/a5ed691c-84cb-481a-b4d3-c0ca1cc737ae-kube-api-access-6mkkt\") on node \"b2bf2ea6808c\" DevicePath \"\""
2025-01-29 13:43:56,926 INFO c.h.h.t.HelmChartContainer - [K3S] [scope.go:117] "RemoveContainer" containerID="41b361f1585a3bbf9a86124c3202df787cfedc9e317d40c4957a30b1e8d40a66"
2025-01-29 13:43:56,931 INFO c.h.h.t.HelmChartContainer - [POD] alertmanager-monitoring-stack-kube-prom-alertmanager-0 [8245ae88-ffc3-4e05-b9b9-4265137e03eb] in monitoring was DELETED
2025-01-29 13:43:56,933 INFO c.h.h.t.HelmChartContainer - [K3S] [scope.go:117] "RemoveContainer" containerID="aae2a861dc4fd84894e6ed40edd9d4d370a1513a0a5325bfe76ee2d2ba532382"
2025-01-29 13:43:56,938 INFO c.h.h.t.HelmChartContainer - [K3S] [scope.go:117] "RemoveContainer" containerID="3e454405c25565bdd4ade43945734dc8ab044417c47be1727ac59c013a5b9efe"
2025-01-29 13:43:56,940 INFO c.h.h.t.HelmChartContainer - [K3S] [scope.go:117] "RemoveContainer" containerID="41b361f1585a3bbf9a86124c3202df787cfedc9e317d40c4957a30b1e8d40a66"
2025-01-29 13:43:56,940 INFO c.h.h.t.HelmChartContainer - [K3S] [scope.go:117] "RemoveContainer" containerID="aae2a861dc4fd84894e6ed40edd9d4d370a1513a0a5325bfe76ee2d2ba532382"
2025-01-29 13:43:56,940 INFO c.h.h.t.HelmChartContainer - [K3S] [scope.go:117] "RemoveContainer" containerID="3e454405c25565bdd4ade43945734dc8ab044417c47be1727ac59c013a5b9efe"
2025-01-29 13:43:56,941 INFO c.h.h.t.HelmChartContainer - [K3S] [scope.go:117] "RemoveContainer" containerID="41b361f1585a3bbf9a86124c3202df787cfedc9e317d40c4957a30b1e8d40a66"
2025-01-29 13:43:56,941 INFO c.h.h.t.HelmChartContainer - [K3S] [scope.go:117] "RemoveContainer" containerID="aae2a861dc4fd84894e6ed40edd9d4d370a1513a0a5325bfe76ee2d2ba532382"
2025-01-29 13:43:57,171 INFO c.h.h.t.HelmChartContainer - [POD] prometheus-monitoring-stack-kube-prom-prometheus-0 [a5ed691c-84cb-481a-b4d3-c0ca1cc737ae] in monitoring was MODIFIED
2025-01-29 13:43:57,171 INFO c.h.h.t.HelmChartContainer - [POD] prometheus-monitoring-stack-kube-prom-prometheus-0 [a5ed691c-84cb-481a-b4d3-c0ca1cc737ae] in monitoring was DELETED
2025-01-29 13:43:57,441 INFO c.h.h.t.HelmChartContainer - [K3S] [replica_set.go:679] "Finished syncing" kind="ReplicaSet" key="monitoring/monitoring-stack-kube-prom-operator-d77f8fd4c" duration="6.232µs"
2025-01-29 13:43:57,457 INFO c.h.h.t.HelmChartContainer - [K3S] [replica_set.go:679] "Finished syncing" kind="ReplicaSet" key="monitoring/monitoring-stack-kube-state-metrics-5bf5c7b54d" duration="5.561µs"
2025-01-29 13:43:57,490 INFO c.h.h.t.HelmChartContainer - [K3S] [replica_set.go:679] "Finished syncing" kind="ReplicaSet" key="monitoring/monitoring-stack-grafana-64c55fb967" duration="15.94µs"
2025-01-29 13:43:57,532 INFO c.h.h.t.HelmChartContainer - [K3S] [stateful_set.go:466] "StatefulSet has been deleted" key="monitoring/alertmanager-monitoring-stack-kube-prom-alertmanager"
2025-01-29 13:43:57,834 INFO c.h.h.t.HelmChartContainer - [K3S] [stateful_set.go:466] "StatefulSet has been deleted" key="monitoring/prometheus-monitoring-stack-kube-prom-prometheus"
2025-01-29 13:43:58,112 INFO c.h.h.t.HelmChartContainer - [K3S] [kubelet_volumes.go:163] "Cleaned up orphaned pod volumes dir" podUID="29df739c-500b-49d5-9d31-c9a17960f6f1" path="/var/lib/kubelet/pods/29df739c-500b-49d5-9d31-c9a17960f6f1/volumes"
2025-01-29 13:43:58,112 INFO c.h.h.t.HelmChartContainer - [K3S] [kubelet_volumes.go:163] "Cleaned up orphaned pod volumes dir" podUID="66d47b05-37de-44c5-9023-8b2fa8de838d" path="/var/lib/kubelet/pods/66d47b05-37de-44c5-9023-8b2fa8de838d/volumes"
2025-01-29 13:43:58,113 INFO c.h.h.t.HelmChartContainer - [K3S] [kubelet_volumes.go:163] "Cleaned up orphaned pod volumes dir" podUID="74d7de76-ff69-42a1-a585-e4e67f3ae096" path="/var/lib/kubelet/pods/74d7de76-ff69-42a1-a585-e4e67f3ae096/volumes"
2025-01-29 13:43:58,114 INFO c.h.h.t.HelmChartContainer - [K3S] [kubelet_volumes.go:163] "Cleaned up orphaned pod volumes dir" podUID="8245ae88-ffc3-4e05-b9b9-4265137e03eb" path="/var/lib/kubelet/pods/8245ae88-ffc3-4e05-b9b9-4265137e03eb/volumes"
2025-01-29 13:43:58,115 INFO c.h.h.t.HelmChartContainer - [K3S] [kubelet_volumes.go:163] "Cleaned up orphaned pod volumes dir" podUID="a5ed691c-84cb-481a-b4d3-c0ca1cc737ae" path="/var/lib/kubelet/pods/a5ed691c-84cb-481a-b4d3-c0ca1cc737ae/volumes"
2025-01-29 13:43:59,608 INFO c.h.h.t.HelmChartContainer - Deleting namespace 'monitoring'...
2025-01-29 13:44:03,565 INFO c.h.h.t.HelmChartContainer - [hivemq-test-hivemq-platform] [hivemq-platform-operator] [04a59eda] 13:44:03.563 [pool-6-thread-29] DEBUG c.h.p.o.d.PodServiceAccountResource - [helmmoni] Desired PodServiceAccountResource (serviceAccountName: hivemq-platform-pod-test-hivemq-platform)
2025-01-29 13:44:03,565 INFO c.h.h.t.HelmChartContainer - [hivemq-test-hivemq-platform] [hivemq-platform-operator] [04a59eda] 13:44:03.563 [pool-6-thread-23] DEBUG c.h.p.o.dependants.PodInfoConfigMap - [helmmoni] Desired PodInfo ConfigMap (1 extensions) (1 enabled)
2025-01-29 13:44:03,565 INFO c.h.h.t.HelmChartContainer - [hivemq-test-hivemq-platform] [hivemq-platform-operator] [04a59eda] 13:44:03.563 [pool-6-thread-23] DEBUG c.h.p.o.dependants.PodInfoConfigMap - [helmmoni] Desired PodInfo ConfigMap (metrics port: 9399) (metrics path: /)
2025-01-29 13:44:03,565 INFO c.h.h.t.HelmChartContainer - [hivemq-test-hivemq-platform] [hivemq-platform-operator] [04a59eda] 13:44:03.563 [pool-6-thread-23] DEBUG c.h.p.o.dependants.PodInfoConfigMap - [helmmoni] Desired PodInfo ConfigMap (extension state hash: -1817474005)
2025-01-29 13:44:03,566 INFO c.h.h.t.HelmChartContainer - [hivemq-test-hivemq-platform] [hivemq-platform-operator] [04a59eda] 13:44:03.563 [pool-6-thread-30] DEBUG c.h.p.o.d.PlatformServiceResource - [helmmoni] Desired Platform services (3 services)
2025-01-29 13:44:03,569 INFO c.h.h.t.HelmChartContainer - [hivemq-test-hivemq-platform] [hivemq-platform-operator] [04a59eda] 13:44:03.568 [pool-6-thread-30] DEBUG c.h.p.o.d.StatefulSetResource - [helmmoni] Desired StatefulSet (2 replicas) for status RUNNING (READY)
2025-01-29 13:44:03,573 INFO c.h.h.t.HelmChartContainer - [hivemq-test-hivemq-platform] [hivemq-platform-operator] [04a59eda] 13:44:03.571 [ReconcilerExecutor-hivemq-controller-127] INFO  c.h.p.o.HiveMQPlatformReconciler - [helmmoni] Reconciling HiveMQ Platform 'test-hivemq-platform' in namespace 'helmmonitoringplatformit'
2025-01-29 13:44:03,573 INFO c.h.h.t.HelmChartContainer - [hivemq-test-hivemq-platform] [hivemq-platform-operator] [04a59eda] 13:44:03.571 [ReconcilerExecutor-hivemq-controller-127] DEBUG c.h.p.o.HiveMQPlatformReconciler - [helmmoni] Custom Resource Status RUNNING - HiveMQ Platform is ready (READY)
2025-01-29 13:44:03,573 INFO c.h.h.t.HelmChartContainer - [hivemq-test-hivemq-platform] [hivemq-platform-operator] [04a59eda] 13:44:03.571 [ReconcilerExecutor-hivemq-controller-127] DEBUG c.h.p.o.HiveMQPlatformReconciler - [helmmoni] Custom Resource Spec (replicas: 2) (extensions: 1)
2025-01-29 13:44:03,574 INFO c.h.h.t.HelmChartContainer - [hivemq-test-hivemq-platform] [hivemq-platform-operator] [04a59eda] 13:44:03.572 [ReconcilerExecutor-hivemq-controller-127] DEBUG c.h.p.o.HiveMQPlatformReconciler - [helmmoni] StatefulSet Status (revision: test-hivemq-platform-64db946475, replicas: 2, available: 2, ready: 2, current: 2, updated: 2)
2025-01-29 13:44:03,574 INFO c.h.h.t.HelmChartContainer - [hivemq-test-hivemq-platform] [hivemq-platform-operator] [04a59eda] 13:44:03.572 [ReconcilerExecutor-hivemq-controller-127] DEBUG c.h.p.o.HiveMQPlatformReconciler - [helmmoni] StatefulSet Spec (replicas: 2, init containers: 1, containers: 1, volumes: 3)
2025-01-29 13:44:03,576 INFO c.h.h.t.HelmChartContainer - [hivemq-test-hivemq-platform] [hivemq-platform-operator] [04a59eda] 13:44:03.574 [ReconcilerExecutor-hivemq-controller-127] DEBUG c.h.p.o.h.HiveMQPlatformReconcilerErrorHandler - [helmmoni] Pod 'test-hivemq-platform-1' phase Running
2025-01-29 13:44:03,576 INFO c.h.h.t.HelmChartContainer - [hivemq-test-hivemq-platform] [hivemq-platform-operator] [04a59eda] 13:44:03.575 [ReconcilerExecutor-hivemq-controller-127] DEBUG c.h.p.o.h.HiveMQPlatformReconcilerErrorHandler - [helmmoni] Pod 'test-hivemq-platform-0' phase Running
2025-01-29 13:44:05,028 INFO c.h.h.t.HelmChartContainer - Namespace 'monitoring' deleted
2025-01-29 13:44:05,028 INFO c.h.h.t.HelmChartContainer - Release 'monitoring-stack' in namespace 'monitoring' is uninstalled
2025-01-29 13:44:05,028 INFO c.h.h.t.HelmChartContainer - Uninstalling release 'test-hivemq-platform' in namespace 'helmmonitoringplatformit'...
2025-01-29 13:44:05,028 DEBUG c.h.h.t.HelmChartContainer - Executing helm command: /bin/helm --kubeconfig /etc/rancher/k3s/k3s.yaml uninstall test-hivemq-platform  --wait --timeout 5m0s --cascade foreground --namespace helmmonitoringplatformit
2025-01-29 13:44:05,297 INFO c.h.h.t.HelmChartContainer - [hivemq-test-hivemq-platform] [hivemq-platform-operator] [04a59eda] 13:44:05.292 [pool-6-thread-36] DEBUG c.h.p.o.dependants.PodInfoConfigMap - [helmmoni] Desired PodInfo ConfigMap (1 extensions) (1 enabled)
2025-01-29 13:44:05,298 INFO c.h.h.t.HelmChartContainer - [hivemq-test-hivemq-platform] [hivemq-platform-operator] [04a59eda] 13:44:05.293 [pool-6-thread-36] DEBUG c.h.p.o.dependants.PodInfoConfigMap - [helmmoni] Desired PodInfo ConfigMap (metrics port: 9399) (metrics path: /)
2025-01-29 13:44:05,298 INFO c.h.h.t.HelmChartContainer - [hivemq-test-hivemq-platform] [hivemq-platform-operator] [04a59eda] 13:44:05.293 [pool-6-thread-36] DEBUG c.h.p.o.dependants.PodInfoConfigMap - [helmmoni] Desired PodInfo ConfigMap (extension state hash: -1817474005)
2025-01-29 13:44:05,298 INFO c.h.h.t.HelmChartContainer - [hivemq-test-hivemq-platform] [hivemq-platform-operator] [04a59eda] 13:44:05.293 [pool-6-thread-35] DEBUG c.h.p.o.d.PlatformServiceResource - [helmmoni] Desired Platform services (3 services)
2025-01-29 13:44:05,298 INFO c.h.h.t.HelmChartContainer - [hivemq-test-hivemq-platform] [hivemq-platform-operator] [04a59eda] 13:44:05.294 [pool-6-thread-38] DEBUG c.h.p.o.d.PodServiceAccountResource - [helmmoni] Desired PodServiceAccountResource (serviceAccountName: hivemq-platform-pod-test-hivemq-platform)
2025-01-29 13:44:05,308 INFO c.h.h.t.HelmChartContainer - [hivemq-test-hivemq-platform] [hivemq-platform-operator] [04a59eda] 13:44:05.299 [pool-6-thread-35] DEBUG c.h.p.o.d.StatefulSetResource - [helmmoni] Desired StatefulSet (2 replicas) for status RUNNING (READY)
2025-01-29 13:44:05,312 INFO c.h.h.t.HelmChartContainer - [hivemq-test-hivemq-platform] [hivemq-platform-operator] [04a59eda] 13:44:05.302 [ReconcilerExecutor-hivemq-controller-128] INFO  c.h.p.o.HiveMQPlatformReconciler - [helmmoni] Reconciling HiveMQ Platform 'test-hivemq-platform' in namespace 'helmmonitoringplatformit'
2025-01-29 13:44:05,312 INFO c.h.h.t.HelmChartContainer - [hivemq-test-hivemq-platform] [hivemq-platform-operator] [04a59eda] 13:44:05.302 [ReconcilerExecutor-hivemq-controller-128] DEBUG c.h.p.o.HiveMQPlatformReconciler - [helmmoni] Custom Resource Status RUNNING - HiveMQ Platform is ready (READY)
2025-01-29 13:44:05,312 INFO c.h.h.t.HelmChartContainer - [hivemq-test-hivemq-platform] [hivemq-platform-operator] [04a59eda] 13:44:05.302 [ReconcilerExecutor-hivemq-controller-128] DEBUG c.h.p.o.HiveMQPlatformReconciler - [helmmoni] Custom Resource Spec (replicas: 2) (extensions: 1)
2025-01-29 13:44:05,312 INFO c.h.h.t.HelmChartContainer - [hivemq-test-hivemq-platform] [hivemq-platform-operator] [04a59eda] 13:44:05.303 [ReconcilerExecutor-hivemq-controller-128] DEBUG c.h.p.o.HiveMQPlatformReconciler - [helmmoni] StatefulSet Status (revision: test-hivemq-platform-64db946475, replicas: 2, available: 2, ready: 2, current: 2, updated: 2)
2025-01-29 13:44:05,312 INFO c.h.h.t.HelmChartContainer - [hivemq-test-hivemq-platform] [hivemq-platform-operator] [04a59eda] 13:44:05.303 [ReconcilerExecutor-hivemq-controller-128] DEBUG c.h.p.o.HiveMQPlatformReconciler - [helmmoni] StatefulSet Spec (replicas: 2, init containers: 1, containers: 1, volumes: 3)
2025-01-29 13:44:05,312 INFO c.h.h.t.HelmChartContainer - [hivemq-test-hivemq-platform] [hivemq-platform-operator] [04a59eda] 13:44:05.305 [ReconcilerExecutor-hivemq-controller-128] DEBUG c.h.p.o.h.HiveMQPlatformReconcilerErrorHandler - [helmmoni] Pod 'test-hivemq-platform-1' phase Running
2025-01-29 13:44:05,312 INFO c.h.h.t.HelmChartContainer - [hivemq-test-hivemq-platform] [hivemq-platform-operator] [04a59eda] 13:44:05.306 [ReconcilerExecutor-hivemq-controller-128] DEBUG c.h.p.o.h.HiveMQPlatformReconcilerErrorHandler - [helmmoni] Pod 'test-hivemq-platform-0' phase Running
2025-01-29 13:44:05,312 INFO c.h.h.t.HelmChartContainer - [hivemq-test-hivemq-platform] [hivemq-platform-operator] [04a59eda] 13:44:05.311 [ReconcilerExecutor-hivemq-controller-129] INFO  c.h.p.o.HiveMQPlatformReconciler - [helmmoni] Cleanup test-hivemq-platform - helmmonitoringplatformit HiveMQ Platform is shut down
2025-01-29 13:44:05,815 INFO c.h.h.t.HelmChartContainer - [K3S] [authentication.go:74] "Unable to authenticate the request" err="[invalid bearer token, serviceaccounts \"hivemq-platform-pod-test-hivemq-platform\" not found]"
2025-01-29 13:44:05,835 INFO c.h.h.t.HelmChartContainer - [K3S] [authentication.go:74] "Unable to authenticate the request" err="[invalid bearer token, serviceaccounts \"hivemq-platform-pod-test-hivemq-platform\" not found]"
2025-01-29 13:44:05,899 INFO c.h.h.t.HelmChartContainer - [test-hivemq-platform] [hivemq] [18f6316e] WARN  - [HiveMQ Platform Operator Init App 1.7.0-SNAPSHOT] Could not update Pod annotations: Failure executing: GET at: https://10.43.0.1:443/api/v1/namespaces/helmmonitoringplatformit/pods/test-hivemq-platform-0. Message: Unauthorized. Received status: Status(apiVersion=v1, code=401, details=null, kind=Status, message=Unauthorized, metadata=ListMeta(_continue=null, remainingItemCount=null, resourceVersion=null, selfLink=null, additionalProperties={}), reason=Unauthorized, status=Failure, additionalProperties={}).
2025-01-29 13:44:06,172 INFO c.h.h.t.HelmChartContainer - [POD] test-hivemq-platform-0 [18f6316e-d68a-43a6-8f36-f78e5d534317] in helmmonitoringplatformit was MODIFIED
2025-01-29 13:44:06,178 INFO c.h.h.t.HelmChartContainer - [EVENT] Normal [Killing] Stopping container hivemq [helmmonitoringplatformit:test-hivemq-platform-0]
2025-01-29 13:44:06,178 INFO c.h.h.t.HelmChartContainer - Received Killing event for container hivemq in pod test-hivemq-platform-0 [18f6316e-d68a-43a6-8f36-f78e5d534317]
2025-01-29 13:44:06,179 INFO c.h.h.t.HelmChartContainer - Container [test-hivemq-platform-0] [hivemq] [18f6316e-d68a-43a6-8f36-f78e5d534317] was terminated
2025-01-29 13:44:06,179 INFO c.h.h.t.HelmChartContainer - Stopped log watcher for hivemq in pod test-hivemq-platform-0 [18f6316e-d68a-43a6-8f36-f78e5d534317]
2025-01-29 13:44:06,184 INFO c.h.h.t.HelmChartContainer - [test-hivemq-platform] [hivemq] [18f6316e] INFO  - [HiveMQ Platform Operator Init App 1.7.0-SNAPSHOT] Shutting down
2025-01-29 13:44:06,184 INFO c.h.h.t.HelmChartContainer - [test-hivemq-platform] [hivemq] [18f6316e] INFO  - [HiveMQ Platform Operator Init App 1.7.0-SNAPSHOT] Stopping the HiveMQ Platform
2025-01-29 13:44:06,198 INFO c.h.h.t.HelmChartContainer - [POD] test-hivemq-platform-1 [2c2563dd-4a7a-402d-8d1f-6c9b1ddf1a46] in helmmonitoringplatformit was MODIFIED
2025-01-29 13:44:06,212 INFO c.h.h.t.HelmChartContainer - [EVENT] Normal [Killing] Stopping container hivemq [helmmonitoringplatformit:test-hivemq-platform-1]
2025-01-29 13:44:06,212 INFO c.h.h.t.HelmChartContainer - Received Killing event for container hivemq in pod test-hivemq-platform-1 [2c2563dd-4a7a-402d-8d1f-6c9b1ddf1a46]
2025-01-29 13:44:06,212 INFO c.h.h.t.HelmChartContainer - Container [test-hivemq-platform-1] [hivemq] [2c2563dd-4a7a-402d-8d1f-6c9b1ddf1a46] was terminated
2025-01-29 13:44:06,212 INFO c.h.h.t.HelmChartContainer - Stopped log watcher for hivemq in pod test-hivemq-platform-1 [2c2563dd-4a7a-402d-8d1f-6c9b1ddf1a46]
2025-01-29 13:44:06,218 INFO c.h.h.t.HelmChartContainer - [test-hivemq-platform] [hivemq] [2c2563dd] INFO  - [HiveMQ Platform Operator Init App 1.7.0-SNAPSHOT] Shutting down
2025-01-29 13:44:06,218 INFO c.h.h.t.HelmChartContainer - [test-hivemq-platform] [hivemq] [2c2563dd] INFO  - [HiveMQ Platform Operator Init App 1.7.0-SNAPSHOT] Stopping the HiveMQ Platform
2025-01-29 13:44:06,305 INFO c.h.h.t.HelmChartContainer - [test-hivemq-platform] [hivemq] [18f6316e] INFO  - Shutting down HiveMQ. Please wait, this could take a while...
2025-01-29 13:44:06,375 INFO c.h.h.t.HelmChartContainer - [test-hivemq-platform] [hivemq] [2c2563dd] INFO  - Shutting down HiveMQ. Please wait, this could take a while...
2025-01-29 13:44:06,379 INFO c.h.h.t.HelmChartContainer - [test-hivemq-platform] [hivemq] [2c2563dd] INFO  - Shutting down listeners and clients
2025-01-29 13:44:06,381 INFO c.h.h.t.HelmChartContainer - [test-hivemq-platform] [hivemq] [2c2563dd] INFO  - Shutdown of listeners is done
2025-01-29 13:44:06,381 INFO c.h.h.t.HelmChartContainer - [test-hivemq-platform] [hivemq] [2c2563dd] INFO  - No clients are connected, proceeding with shutdown
2025-01-29 13:44:06,387 INFO c.h.h.t.HelmChartContainer - [test-hivemq-platform] [hivemq] [18f6316e] INFO  - Shutting down listeners and clients
2025-01-29 13:44:06,387 INFO c.h.h.t.HelmChartContainer - [test-hivemq-platform] [hivemq] [18f6316e] INFO  - Shutdown of listeners is done
2025-01-29 13:44:06,387 INFO c.h.h.t.HelmChartContainer - [test-hivemq-platform] [hivemq] [18f6316e] INFO  - No clients are connected, proceeding with shutdown
2025-01-29 13:44:07,375 INFO c.h.h.t.HelmChartContainer - Deleting namespace 'helmmonitoringplatformit'...
2025-01-29 13:44:08,190 INFO c.h.h.t.HelmChartContainer - [test-hivemq-platform] [hivemq] [2c2563dd] INFO  - [HiveMQ Platform Operator Init App 1.7.0-SNAPSHOT] Returning shutdown Health API response 503 for readiness
2025-01-29 13:44:08,194 INFO c.h.h.t.HelmChartContainer - [EVENT] Warning [Unhealthy] Readiness probe failed: HTTP probe failed with statuscode: 503 [helmmonitoringplatformit:test-hivemq-platform-1]
2025-01-29 13:44:08,194 INFO c.h.h.t.HelmChartContainer - Received Unhealthy event for container hivemq in pod test-hivemq-platform-1 [2c2563dd-4a7a-402d-8d1f-6c9b1ddf1a46]
2025-01-29 13:44:08,727 INFO c.h.h.t.HelmChartContainer - [K3S] [authentication.go:74] "Unable to authenticate the request" err="[invalid bearer token, serviceaccounts \"hivemq-platform-pod-test-hivemq-platform\" not found]"
2025-01-29 13:44:08,744 INFO c.h.h.t.HelmChartContainer - [K3S] [authentication.go:74] "Unable to authenticate the request" err="[invalid bearer token, serviceaccounts \"hivemq-platform-pod-test-hivemq-platform\" not found]"
2025-01-29 13:44:08,834 INFO c.h.h.t.HelmChartContainer - [test-hivemq-platform] [hivemq] [2c2563dd] WARN  - [HiveMQ Platform Operator Init App 1.7.0-SNAPSHOT] Could not update Pod annotations: Failure executing: GET at: https://10.43.0.1:443/api/v1/namespaces/helmmonitoringplatformit/pods/test-hivemq-platform-1. Message: Unauthorized. Received status: Status(apiVersion=v1, code=401, details=null, kind=Status, message=Unauthorized, metadata=ListMeta(_continue=null, remainingItemCount=null, resourceVersion=null, selfLink=null, additionalProperties={}), reason=Unauthorized, status=Failure, additionalProperties={}).
2025-01-29 13:44:09,284 INFO c.h.h.t.HelmChartContainer - [test-hivemq-platform] [hivemq] [2c2563dd] INFO  - Shutting down extension system
2025-01-29 13:44:09,290 INFO c.h.h.t.HelmChartContainer - [test-hivemq-platform] [hivemq] [2c2563dd] INFO  - Stopping extension with id hivemq-dns-cluster-discovery
2025-01-29 13:44:09,291 INFO c.h.h.t.HelmChartContainer - [test-hivemq-platform] [hivemq] [2c2563dd] INFO  - Extension "DNS Cluster Discovery Extension" version 4.3.2 stopped successfully.
2025-01-29 13:44:09,292 INFO c.h.h.t.HelmChartContainer - [test-hivemq-platform] [hivemq] [2c2563dd] INFO  - Stopping extension with id hivemq-prometheus-extension
2025-01-29 13:44:09,294 INFO c.h.h.t.HelmChartContainer - [test-hivemq-platform] [hivemq] [2c2563dd] INFO  - Extension "Prometheus Monitoring Extension" version 4.0.12 stopped successfully.
2025-01-29 13:44:09,295 INFO c.h.h.t.HelmChartContainer - [test-hivemq-platform] [hivemq] [2c2563dd] INFO  - Stopping extension with id hivemq-allow-all-extension
2025-01-29 13:44:09,295 INFO c.h.h.t.HelmChartContainer - [test-hivemq-platform] [hivemq] [2c2563dd] INFO  - Extension "Allow All Extension" version 1.1.1 stopped successfully.
2025-01-29 13:44:09,299 INFO c.h.h.t.HelmChartContainer - [test-hivemq-platform] [hivemq] [18f6316e] INFO  - Cluster nodes found by discovery: [VAneL|2] (1) [VAneL].
2025-01-29 13:44:09,306 INFO c.h.h.t.HelmChartContainer - [test-hivemq-platform] [hivemq] [18f6316e] INFO  - Cluster size = 1, members : [VAneL].
2025-01-29 13:44:10,008 INFO c.h.h.t.HelmChartContainer - [test-hivemq-platform] [hivemq] [18f6316e] INFO  - Shutting down extension system
2025-01-29 13:44:10,009 INFO c.h.h.t.HelmChartContainer - [K3S] [namespace_controller.go:187] "Namespace has been deleted" namespace="monitoring"
2025-01-29 13:44:10,013 INFO c.h.h.t.HelmChartContainer - [test-hivemq-platform] [hivemq] [18f6316e] INFO  - Stopping extension with id hivemq-dns-cluster-discovery
2025-01-29 13:44:10,014 INFO c.h.h.t.HelmChartContainer - [test-hivemq-platform] [hivemq] [18f6316e] INFO  - Extension "DNS Cluster Discovery Extension" version 4.3.2 stopped successfully.
2025-01-29 13:44:10,015 INFO c.h.h.t.HelmChartContainer - [test-hivemq-platform] [hivemq] [18f6316e] INFO  - Stopping extension with id hivemq-prometheus-extension
2025-01-29 13:44:10,018 INFO c.h.h.t.HelmChartContainer - [test-hivemq-platform] [hivemq] [18f6316e] INFO  - Extension "Prometheus Monitoring Extension" version 4.0.12 stopped successfully.
2025-01-29 13:44:10,018 INFO c.h.h.t.HelmChartContainer - [test-hivemq-platform] [hivemq] [18f6316e] INFO  - Stopping extension with id hivemq-allow-all-extension
2025-01-29 13:44:10,018 INFO c.h.h.t.HelmChartContainer - [test-hivemq-platform] [hivemq] [18f6316e] INFO  - Extension "Allow All Extension" version 1.1.1 stopped successfully.
2025-01-29 13:44:10,230 INFO c.h.h.t.HelmChartContainer - [test-hivemq-platform] [hivemq] [18f6316e] INFO  - [HiveMQ Platform Operator Init App 1.7.0-SNAPSHOT] Returning shutdown Health API response 503 for readiness
2025-01-29 13:44:10,234 INFO c.h.h.t.HelmChartContainer - [EVENT] Warning [Unhealthy] Readiness probe failed: HTTP probe failed with statuscode: 503 [helmmonitoringplatformit:test-hivemq-platform-0]
2025-01-29 13:44:10,234 INFO c.h.h.t.HelmChartContainer - Received Unhealthy event for container hivemq in pod test-hivemq-platform-0 [18f6316e-d68a-43a6-8f36-f78e5d534317]
2025-01-29 13:44:10,903 INFO c.h.h.t.HelmChartContainer - [K3S] [authentication.go:74] "Unable to authenticate the request" err="[invalid bearer token, serviceaccounts \"hivemq-platform-pod-test-hivemq-platform\" not found]"
2025-01-29 13:44:10,917 INFO c.h.h.t.HelmChartContainer - [K3S] [authentication.go:74] "Unable to authenticate the request" err="[invalid bearer token, serviceaccounts \"hivemq-platform-pod-test-hivemq-platform\" not found]"
2025-01-29 13:44:10,919 INFO c.h.h.t.HelmChartContainer - [test-hivemq-platform] [hivemq] [18f6316e] WARN  - [HiveMQ Platform Operator Init App 1.7.0-SNAPSHOT] Could not update Pod annotations: Failure executing: GET at: https://10.43.0.1:443/api/v1/namespaces/helmmonitoringplatformit/pods/test-hivemq-platform-0. Message: Unauthorized. Received status: Status(apiVersion=v1, code=401, details=null, kind=Status, message=Unauthorized, metadata=ListMeta(_continue=null, remainingItemCount=null, resourceVersion=null, selfLink=null, additionalProperties={}), reason=Unauthorized, status=Failure, additionalProperties={}).
2025-01-29 13:44:11,578 INFO c.h.h.t.HelmChartContainer - [test-hivemq-platform] [hivemq] [2c2563dd] INFO  - Shutdown completed.
2025-01-29 13:44:11,927 INFO c.h.h.t.HelmChartContainer - [test-hivemq-platform] [hivemq] [2c2563dd] INFO  - [HiveMQ Platform Operator Init App 1.7.0-SNAPSHOT] The HiveMQ Platform exited with code 143
2025-01-29 13:44:11,928 INFO c.h.h.t.HelmChartContainer - [test-hivemq-platform] [hivemq] [2c2563dd] INFO  - [HiveMQ Platform Operator Init App 1.7.0-SNAPSHOT] Stopping the REST API
2025-01-29 13:44:11,936 INFO c.h.h.t.HelmChartContainer - [test-hivemq-platform] [hivemq] [2c2563dd] INFO  - [HiveMQ Platform Operator Init App 1.7.0-SNAPSHOT] Shutdown complete
2025-01-29 13:44:12,298 INFO c.h.h.t.HelmChartContainer - [test-hivemq-platform] [hivemq] [18f6316e] INFO  - Shutdown completed.
2025-01-29 13:44:12,484 INFO c.h.h.t.HelmChartContainer - [POD] test-hivemq-platform-1 [2c2563dd-4a7a-402d-8d1f-6c9b1ddf1a46] in helmmonitoringplatformit was MODIFIED
2025-01-29 13:44:12,489 INFO c.h.h.t.HelmChartContainer - [K3S] [stateful_set.go:438] "Unhandled Error" err="error syncing StatefulSet helmmonitoringplatformit/test-hivemq-platform, requeuing: controllerrevisions.apps \"test-hivemq-platform-64db946475\" is forbidden: unable to create new content in namespace helmmonitoringplatformit because it is being terminated"
2025-01-29 13:44:12,499 INFO c.h.h.t.HelmChartContainer - [K3S] [stateful_set.go:438] "Unhandled Error" err="error syncing StatefulSet helmmonitoringplatformit/test-hivemq-platform, requeuing: controllerrevisions.apps \"test-hivemq-platform-64db946475\" is forbidden: unable to create new content in namespace helmmonitoringplatformit because it is being terminated"
2025-01-29 13:44:12,513 INFO c.h.h.t.HelmChartContainer - [K3S] [stateful_set.go:438] "Unhandled Error" err="error syncing StatefulSet helmmonitoringplatformit/test-hivemq-platform, requeuing: controllerrevisions.apps \"test-hivemq-platform-64db946475\" is forbidden: unable to create new content in namespace helmmonitoringplatformit because it is being terminated"
2025-01-29 13:44:12,537 INFO c.h.h.t.HelmChartContainer - [K3S] [stateful_set.go:438] "Unhandled Error" err="error syncing StatefulSet helmmonitoringplatformit/test-hivemq-platform, requeuing: controllerrevisions.apps \"test-hivemq-platform-64db946475\" is forbidden: unable to create new content in namespace helmmonitoringplatformit because it is being terminated"
2025-01-29 13:44:12,582 INFO c.h.h.t.HelmChartContainer - [K3S] [stateful_set.go:438] "Unhandled Error" err="error syncing StatefulSet helmmonitoringplatformit/test-hivemq-platform, requeuing: controllerrevisions.apps \"test-hivemq-platform-64db946475\" is forbidden: unable to create new content in namespace helmmonitoringplatformit because it is being terminated"
2025-01-29 13:44:12,592 INFO c.h.h.t.HelmChartContainer - [K3S] [stateful_set.go:466] "StatefulSet has been deleted" key="helmmonitoringplatformit/test-hivemq-platform"
2025-01-29 13:44:12,604 INFO c.h.h.t.HelmChartContainer - [K3S] [reconciler_common.go:162] "operationExecutor.UnmountVolume started for volume \"pod-info\" (UniqueName: \"kubernetes.io/configmap/2c2563dd-4a7a-402d-8d1f-6c9b1ddf1a46-pod-info\") pod \"2c2563dd-4a7a-402d-8d1f-6c9b1ddf1a46\" (UID: \"2c2563dd-4a7a-402d-8d1f-6c9b1ddf1a46\") "
2025-01-29 13:44:12,604 INFO c.h.h.t.HelmChartContainer - [K3S] [reconciler_common.go:162] "operationExecutor.UnmountVolume started for volume \"operator-init\" (UniqueName: \"kubernetes.io/empty-dir/2c2563dd-4a7a-402d-8d1f-6c9b1ddf1a46-operator-init\") pod \"2c2563dd-4a7a-402d-8d1f-6c9b1ddf1a46\" (UID: \"2c2563dd-4a7a-402d-8d1f-6c9b1ddf1a46\") "
2025-01-29 13:44:12,605 INFO c.h.h.t.HelmChartContainer - [K3S] [reconciler_common.go:162] "operationExecutor.UnmountVolume started for volume \"broker-configuration\" (UniqueName: \"kubernetes.io/configmap/2c2563dd-4a7a-402d-8d1f-6c9b1ddf1a46-broker-configuration\") pod \"2c2563dd-4a7a-402d-8d1f-6c9b1ddf1a46\" (UID: \"2c2563dd-4a7a-402d-8d1f-6c9b1ddf1a46\") "
2025-01-29 13:44:12,605 INFO c.h.h.t.HelmChartContainer - [K3S] [reconciler_common.go:162] "operationExecutor.UnmountVolume started for volume \"kube-api-access-79kd6\" (UniqueName: \"kubernetes.io/projected/2c2563dd-4a7a-402d-8d1f-6c9b1ddf1a46-kube-api-access-79kd6\") pod \"2c2563dd-4a7a-402d-8d1f-6c9b1ddf1a46\" (UID: \"2c2563dd-4a7a-402d-8d1f-6c9b1ddf1a46\") "
2025-01-29 13:44:12,652 INFO c.h.h.t.HelmChartContainer - [test-hivemq-platform] [hivemq] [18f6316e] INFO  - [HiveMQ Platform Operator Init App 1.7.0-SNAPSHOT] The HiveMQ Platform exited with code 143
2025-01-29 13:44:12,652 INFO c.h.h.t.HelmChartContainer - [test-hivemq-platform] [hivemq] [18f6316e] INFO  - [HiveMQ Platform Operator Init App 1.7.0-SNAPSHOT] Stopping the REST API
2025-01-29 13:44:12,664 INFO c.h.h.t.HelmChartContainer - [K3S] [stateful_set.go:466] "StatefulSet has been deleted" key="helmmonitoringplatformit/test-hivemq-platform"
2025-01-29 13:44:12,697 INFO c.h.h.t.HelmChartContainer - [test-hivemq-platform] [hivemq] [18f6316e] INFO  - [HiveMQ Platform Operator Init App 1.7.0-SNAPSHOT] Shutdown complete
2025-01-29 13:44:12,704 INFO c.h.h.t.HelmChartContainer - [K3S] [reconciler_common.go:299] "Volume detached for volume \"kube-api-access-79kd6\" (UniqueName: \"kubernetes.io/projected/2c2563dd-4a7a-402d-8d1f-6c9b1ddf1a46-kube-api-access-79kd6\") on node \"b2bf2ea6808c\" DevicePath \"\""
2025-01-29 13:44:12,704 INFO c.h.h.t.HelmChartContainer - [K3S] [reconciler_common.go:299] "Volume detached for volume \"pod-info\" (UniqueName: \"kubernetes.io/configmap/2c2563dd-4a7a-402d-8d1f-6c9b1ddf1a46-pod-info\") on node \"b2bf2ea6808c\" DevicePath \"\""
2025-01-29 13:44:12,704 INFO c.h.h.t.HelmChartContainer - [K3S] [reconciler_common.go:299] "Volume detached for volume \"operator-init\" (UniqueName: \"kubernetes.io/empty-dir/2c2563dd-4a7a-402d-8d1f-6c9b1ddf1a46-operator-init\") on node \"b2bf2ea6808c\" DevicePath \"\""
2025-01-29 13:44:12,704 INFO c.h.h.t.HelmChartContainer - [K3S] [reconciler_common.go:299] "Volume detached for volume \"broker-configuration\" (UniqueName: \"kubernetes.io/configmap/2c2563dd-4a7a-402d-8d1f-6c9b1ddf1a46-broker-configuration\") on node \"b2bf2ea6808c\" DevicePath \"\""
2025-01-29 13:44:12,874 INFO c.h.h.t.HelmChartContainer - [K3S] [scope.go:117] "RemoveContainer" containerID="98db43f1a4727e7403d537b50e0c9d5fa5bc6e265efc0823a3da8066edfc9332"
2025-01-29 13:44:12,887 INFO c.h.h.t.HelmChartContainer - [POD] test-hivemq-platform-1 [2c2563dd-4a7a-402d-8d1f-6c9b1ddf1a46] in helmmonitoringplatformit was MODIFIED
2025-01-29 13:44:12,892 INFO c.h.h.t.HelmChartContainer - [POD] test-hivemq-platform-1 [2c2563dd-4a7a-402d-8d1f-6c9b1ddf1a46] in helmmonitoringplatformit was DELETED
2025-01-29 13:44:12,970 INFO c.h.h.t.HelmChartContainer - [K3S] [scope.go:117] "RemoveContainer" containerID="837a61e60460b17b4ced022c0187a0eb5a867da5a57dfb224bc0e1793d4df3b1"
2025-01-29 13:44:12,974 INFO c.h.h.t.HelmChartContainer - [K3S] [scope.go:117] "RemoveContainer" containerID="98db43f1a4727e7403d537b50e0c9d5fa5bc6e265efc0823a3da8066edfc9332"
2025-01-29 13:44:12,975 INFO c.h.h.t.HelmChartContainer - [K3S] [scope.go:117] "RemoveContainer" containerID="837a61e60460b17b4ced022c0187a0eb5a867da5a57dfb224bc0e1793d4df3b1"
2025-01-29 13:44:13,129 INFO c.h.h.t.HelmChartContainer - [POD] test-hivemq-platform-0 [18f6316e-d68a-43a6-8f36-f78e5d534317] in helmmonitoringplatformit was MODIFIED
2025-01-29 13:44:13,206 INFO c.h.h.t.HelmChartContainer - [K3S] [reconciler_common.go:162] "operationExecutor.UnmountVolume started for volume \"operator-init\" (UniqueName: \"kubernetes.io/empty-dir/18f6316e-d68a-43a6-8f36-f78e5d534317-operator-init\") pod \"18f6316e-d68a-43a6-8f36-f78e5d534317\" (UID: \"18f6316e-d68a-43a6-8f36-f78e5d534317\") "
2025-01-29 13:44:13,207 INFO c.h.h.t.HelmChartContainer - [K3S] [reconciler_common.go:162] "operationExecutor.UnmountVolume started for volume \"broker-configuration\" (UniqueName: \"kubernetes.io/configmap/18f6316e-d68a-43a6-8f36-f78e5d534317-broker-configuration\") pod \"18f6316e-d68a-43a6-8f36-f78e5d534317\" (UID: \"18f6316e-d68a-43a6-8f36-f78e5d534317\") "
2025-01-29 13:44:13,207 INFO c.h.h.t.HelmChartContainer - [K3S] [reconciler_common.go:162] "operationExecutor.UnmountVolume started for volume \"kube-api-access-6k8n5\" (UniqueName: \"kubernetes.io/projected/18f6316e-d68a-43a6-8f36-f78e5d534317-kube-api-access-6k8n5\") pod \"18f6316e-d68a-43a6-8f36-f78e5d534317\" (UID: \"18f6316e-d68a-43a6-8f36-f78e5d534317\") "
2025-01-29 13:44:13,207 INFO c.h.h.t.HelmChartContainer - [K3S] [reconciler_common.go:162] "operationExecutor.UnmountVolume started for volume \"pod-info\" (UniqueName: \"kubernetes.io/configmap/18f6316e-d68a-43a6-8f36-f78e5d534317-pod-info\") pod \"18f6316e-d68a-43a6-8f36-f78e5d534317\" (UID: \"18f6316e-d68a-43a6-8f36-f78e5d534317\") "
2025-01-29 13:44:13,307 INFO c.h.h.t.HelmChartContainer - [K3S] [reconciler_common.go:299] "Volume detached for volume \"operator-init\" (UniqueName: \"kubernetes.io/empty-dir/18f6316e-d68a-43a6-8f36-f78e5d534317-operator-init\") on node \"b2bf2ea6808c\" DevicePath \"\""
2025-01-29 13:44:13,307 INFO c.h.h.t.HelmChartContainer - [K3S] [reconciler_common.go:299] "Volume detached for volume \"broker-configuration\" (UniqueName: \"kubernetes.io/configmap/18f6316e-d68a-43a6-8f36-f78e5d534317-broker-configuration\") on node \"b2bf2ea6808c\" DevicePath \"\""
2025-01-29 13:44:13,307 INFO c.h.h.t.HelmChartContainer - [K3S] [reconciler_common.go:299] "Volume detached for volume \"kube-api-access-6k8n5\" (UniqueName: \"kubernetes.io/projected/18f6316e-d68a-43a6-8f36-f78e5d534317-kube-api-access-6k8n5\") on node \"b2bf2ea6808c\" DevicePath \"\""
2025-01-29 13:44:13,307 INFO c.h.h.t.HelmChartContainer - [K3S] [reconciler_common.go:299] "Volume detached for volume \"pod-info\" (UniqueName: \"kubernetes.io/configmap/18f6316e-d68a-43a6-8f36-f78e5d534317-pod-info\") on node \"b2bf2ea6808c\" DevicePath \"\""
2025-01-29 13:44:13,877 INFO c.h.h.t.HelmChartContainer - [K3S] [scope.go:117] "RemoveContainer" containerID="175093c67c92f3b489becd05afc153c478c10ddf1e5b166c05f1374c281e70d2"
2025-01-29 13:44:13,891 INFO c.h.h.t.HelmChartContainer - [POD] test-hivemq-platform-0 [18f6316e-d68a-43a6-8f36-f78e5d534317] in helmmonitoringplatformit was MODIFIED
2025-01-29 13:44:13,894 INFO c.h.h.t.HelmChartContainer - [POD] test-hivemq-platform-0 [18f6316e-d68a-43a6-8f36-f78e5d534317] in helmmonitoringplatformit was DELETED
2025-01-29 13:44:13,974 INFO c.h.h.t.HelmChartContainer - [K3S] [scope.go:117] "RemoveContainer" containerID="b3245bdc058c6368ab7b8237280d3e9d67850085fab2330d11ad5f8bb00ac4fb"
2025-01-29 13:44:13,977 INFO c.h.h.t.HelmChartContainer - [K3S] [scope.go:117] "RemoveContainer" containerID="175093c67c92f3b489becd05afc153c478c10ddf1e5b166c05f1374c281e70d2"
2025-01-29 13:44:13,977 INFO c.h.h.t.HelmChartContainer - [K3S] [scope.go:117] "RemoveContainer" containerID="b3245bdc058c6368ab7b8237280d3e9d67850085fab2330d11ad5f8bb00ac4fb"
2025-01-29 13:44:14,111 INFO c.h.h.t.HelmChartContainer - [K3S] [kubelet_volumes.go:163] "Cleaned up orphaned pod volumes dir" podUID="18f6316e-d68a-43a6-8f36-f78e5d534317" path="/var/lib/kubelet/pods/18f6316e-d68a-43a6-8f36-f78e5d534317/volumes"
2025-01-29 13:44:14,111 INFO c.h.h.t.HelmChartContainer - [K3S] [kubelet_volumes.go:163] "Cleaned up orphaned pod volumes dir" podUID="2c2563dd-4a7a-402d-8d1f-6c9b1ddf1a46" path="/var/lib/kubelet/pods/2c2563dd-4a7a-402d-8d1f-6c9b1ddf1a46/volumes"
2025-01-29 13:44:17,802 INFO c.h.h.t.HelmChartContainer - Namespace 'helmmonitoringplatformit' deleted
2025-01-29 13:44:17,802 INFO c.h.h.t.HelmChartContainer - Release 'test-hivemq-platform' in namespace 'helmmonitoringplatformit' is uninstalled
2025-01-29 13:44:17,802 INFO c.h.h.t.HelmChartContainer - Uninstalling release 'test-hivemq-platform-operator' in namespace 'helmmonitoringplatformit-operator'...
2025-01-29 13:44:17,802 DEBUG c.h.h.t.HelmChartContainer - Executing helm command: /bin/helm --kubeconfig /etc/rancher/k3s/k3s.yaml uninstall test-hivemq-platform-operator  --wait --timeout 5m0s --cascade foreground --namespace helmmonitoringplatformit-operator
2025-01-29 13:44:17,965 INFO c.h.h.t.HelmChartContainer - [K3S] [replica_set.go:679] "Finished syncing" kind="ReplicaSet" key="helmmonitoringplatformit-operator/hivemq-test-hivemq-platform-operator-6966f96d65" duration="7.514444ms"
2025-01-29 13:44:17,967 INFO c.h.h.t.HelmChartContainer - [K3S] [replica_set.go:679] "Finished syncing" kind="ReplicaSet" key="helmmonitoringplatformit-operator/hivemq-test-hivemq-platform-operator-6966f96d65" duration="32.201µs"
2025-01-29 13:44:17,978 INFO c.h.h.t.HelmChartContainer - [POD] hivemq-test-hivemq-platform-operator-6966f96d65-j4q8q [04a59eda-d380-478c-99d1-4e90e8b4d742] in helmmonitoringplatformit-operator was MODIFIED
2025-01-29 13:44:17,985 INFO c.h.h.t.HelmChartContainer - [EVENT] Normal [Killing] Stopping container hivemq-platform-operator [helmmonitoringplatformit-operator:hivemq-test-hivemq-platform-operator-6966f96d65-j4q8q]
2025-01-29 13:44:17,985 INFO c.h.h.t.HelmChartContainer - Received Killing event for container hivemq-platform-operator in pod hivemq-test-hivemq-platform-operator-6966f96d65-j4q8q [04a59eda-d380-478c-99d1-4e90e8b4d742]
2025-01-29 13:44:17,985 INFO c.h.h.t.HelmChartContainer - Container [hivemq-test-hivemq-platform-operator-6966f96d65-j4q8q] [hivemq-platform-operator] [04a59eda-d380-478c-99d1-4e90e8b4d742] was terminated
2025-01-29 13:44:17,985 INFO c.h.h.t.HelmChartContainer - Stopped log watcher for hivemq-platform-operator in pod hivemq-test-hivemq-platform-operator-6966f96d65-j4q8q [04a59eda-d380-478c-99d1-4e90e8b4d742]
2025-01-29 13:44:17,987 INFO c.h.h.t.HelmChartContainer - [K3S] [replica_set.go:679] "Finished syncing" kind="ReplicaSet" key="helmmonitoringplatformit-operator/hivemq-test-hivemq-platform-operator-6966f96d65" duration="9.560243ms"
2025-01-29 13:44:17,988 INFO c.h.h.t.HelmChartContainer - [K3S] [replica_set.go:679] "Finished syncing" kind="ReplicaSet" key="helmmonitoringplatformit-operator/hivemq-test-hivemq-platform-operator-6966f96d65" duration="35.497µs"
2025-01-29 13:44:17,988 INFO c.h.h.t.HelmChartContainer - [hivemq-test-hivemq-platform] [hivemq-platform-operator] [04a59eda] 13:44:17.987 [application-shutdown-thread] INFO  c.h.p.o.HiveMQPlatformOperatorApplication - HiveMQ Platform Operator is stopping...
2025-01-29 13:44:17,989 INFO c.h.h.t.HelmChartContainer - [hivemq-test-hivemq-platform] [hivemq-platform-operator] [04a59eda] 13:44:17.987 [application-shutdown-thread] INFO  i.javaoperatorsdk.operator.Operator - Operator SDK 4.9.7 is shutting down...
2025-01-29 13:44:18,494 INFO c.h.h.t.HelmChartContainer - [K3S] [replica_set.go:679] "Finished syncing" kind="ReplicaSet" key="helmmonitoringplatformit-operator/hivemq-test-hivemq-platform-operator-6966f96d65" duration="43.131µs"
2025-01-29 13:44:18,495 INFO c.h.h.t.HelmChartContainer - [POD] hivemq-test-hivemq-platform-operator-6966f96d65-j4q8q [04a59eda-d380-478c-99d1-4e90e8b4d742] in helmmonitoringplatformit-operator was MODIFIED
2025-01-29 13:44:18,537 INFO c.h.h.t.HelmChartContainer - [K3S] [reconciler_common.go:162] "operationExecutor.UnmountVolume started for volume \"kube-api-access-zwwjq\" (UniqueName: \"kubernetes.io/projected/04a59eda-d380-478c-99d1-4e90e8b4d742-kube-api-access-zwwjq\") pod \"04a59eda-d380-478c-99d1-4e90e8b4d742\" (UID: \"04a59eda-d380-478c-99d1-4e90e8b4d742\") "
2025-01-29 13:44:18,637 INFO c.h.h.t.HelmChartContainer - [K3S] [reconciler_common.go:299] "Volume detached for volume \"kube-api-access-zwwjq\" (UniqueName: \"kubernetes.io/projected/04a59eda-d380-478c-99d1-4e90e8b4d742-kube-api-access-zwwjq\") on node \"b2bf2ea6808c\" DevicePath \"\""
2025-01-29 13:44:18,886 INFO c.h.h.t.HelmChartContainer - [K3S] [scope.go:117] "RemoveContainer" containerID="5b6c742763d249c95f172b9611422ba3709f92bebc78a432674a439e95c422b6"
2025-01-29 13:44:18,898 INFO c.h.h.t.HelmChartContainer - [K3S] [scope.go:117] "RemoveContainer" containerID="5b6c742763d249c95f172b9611422ba3709f92bebc78a432674a439e95c422b6"
2025-01-29 13:44:18,900 INFO c.h.h.t.HelmChartContainer - [K3S] [replica_set.go:679] "Finished syncing" kind="ReplicaSet" key="helmmonitoringplatformit-operator/hivemq-test-hivemq-platform-operator-6966f96d65" duration="54.062µs"
2025-01-29 13:44:18,900 INFO c.h.h.t.HelmChartContainer - [POD] hivemq-test-hivemq-platform-operator-6966f96d65-j4q8q [04a59eda-d380-478c-99d1-4e90e8b4d742] in helmmonitoringplatformit-operator was MODIFIED
2025-01-29 13:44:18,904 INFO c.h.h.t.HelmChartContainer - [K3S] [replica_set.go:679] "Finished syncing" kind="ReplicaSet" key="helmmonitoringplatformit-operator/hivemq-test-hivemq-platform-operator-6966f96d65" duration="27.672µs"
2025-01-29 13:44:18,905 INFO c.h.h.t.HelmChartContainer - [POD] hivemq-test-hivemq-platform-operator-6966f96d65-j4q8q [04a59eda-d380-478c-99d1-4e90e8b4d742] in helmmonitoringplatformit-operator was DELETED
2025-01-29 13:44:18,929 INFO c.h.h.t.HelmChartContainer - [K3S] [replica_set.go:679] "Finished syncing" kind="ReplicaSet" key="helmmonitoringplatformit-operator/hivemq-test-hivemq-platform-operator-6966f96d65" duration="5.37µs"
2025-01-29 13:44:20,003 INFO c.h.h.t.HelmChartContainer - Deleting namespace 'helmmonitoringplatformit-operator'...
2025-01-29 13:44:20,111 INFO c.h.h.t.HelmChartContainer - [K3S] [kubelet_volumes.go:163] "Cleaned up orphaned pod volumes dir" podUID="04a59eda-d380-478c-99d1-4e90e8b4d742" path="/var/lib/kubelet/pods/04a59eda-d380-478c-99d1-4e90e8b4d742/volumes"
2025-01-29 13:44:22,762 INFO c.h.h.t.HelmChartContainer - [K3S] [namespace_controller.go:187] "Namespace has been deleted" namespace="helmmonitoringplatformit"
2025-01-29 13:44:25,218 INFO c.h.h.t.HelmChartContainer - Namespace 'helmmonitoringplatformit-operator' deleted
2025-01-29 13:44:25,218 INFO c.h.h.t.HelmChartContainer - Release 'test-hivemq-platform-operator' in namespace 'helmmonitoringplatformit-operator' is uninstalled
2025-01-29 13:44:25,851 INFO c.h.helmcharts.AbstractHelmChartIT - Removed unused containers:

2025-01-29 13:44:30,160 INFO c.h.h.t.HelmChartContainer - [K3S] [namespace_controller.go:187] "Namespace has been deleted" namespace="helmmonitoringplatformit-operator"
2025-01-29 13:44:40,360 INFO c.h.helmcharts.AbstractHelmChartIT - Removed unused snapshots:
Removing snapshot sha256:03af251906410714c5aef9fa705b63f6bbc39c4a5e787de7361eeb18886c2ed2
Removing snapshot sha256:0c46b3b43cce082ce5ec34ffc6c294e0417d17b9d1e6f366d114b6aadc4f96dc
Removing snapshot sha256:0ce761beee59082d6ed5bcebd3a805b8ddd9b3426b617e4809e7fb7c6587ffec
Removing snapshot sha256:0df91287303208332c8ff6ba40ae4710105201739addbfbddfb955f1ad593664
Removing snapshot sha256:0f30b4526626599ad6853b13d715ed5f11e4dac30bdf22795ee36d8b73285c01
Removing snapshot sha256:1021ef88c7974bfff89c5a0ec4fd3160daac6c48a075f74cff721f85dd104e68
Removing snapshot sha256:10aba4953ddc18145dd38e3704709bc464aa20af60b56fe52caaff4b68411e62
Removing snapshot sha256:17b3230dbaa15b80ea4c59d385a510a1c6c669d654d4445b25f4122988ddf932
Removing snapshot sha256:1ab0a79eb9ae3bab99382d18e27cb1c587196d2929db9c8d1c79088bd5a8fa18
Removing snapshot sha256:1e604deea57dbda554a168861cff1238f93b8c6c69c863c43aed37d9d99c5fed
Removing snapshot sha256:2330d1b95992fe4dfdab1ed70e86e349f3f37a80a92140a1ec441a9c3169bcb7
Removing snapshot sha256:2573e0d8158209ed54ab25c87bcdcb00bd3d2539246960a3d592a1c599d70465
Removing snapshot sha256:3102b3958924e454ee4c19fe49136c5727bea4a438945b9d85ed7525ae7ad17a
Removing snapshot sha256:362a8a37f8bbc31925a8146adcf7cf51f9882f5c1dcbef67c5baa03a297543c0
Removing snapshot sha256:38300cd41e4e7621f1880dc17df1510a0b41c3700bba086c7d13695c2852c906
Removing snapshot sha256:3aea2e5ee60f1f0173fafb64e361c34847c160a755964b223b571f112b206391
Removing snapshot sha256:3d737060823899829eb7827e20ddb4021f5c31c4e7e348a380b528903c9051ae
Removing snapshot sha256:3fa4ad33f0ddc8fd45b39b6b4640f82a3a83619606cd975bfe89d8710ad2d4cd
Removing snapshot sha256:414bb12b7ebfdc92cdd56c1592a2b0f42e6319458eebc33530d9f85758dabc5f
Removing snapshot sha256:42508696bab4cddb098661270605482768f11b222c3b338a84e17c388a573539
Removing snapshot sha256:42b3566bfb67a7e1e92c7fb9a9d9fd9d5d1c68fb9234b2e7e8d57e3894c584c6
Removing snapshot sha256:43a7c979bbaba6838bc3102d6b10a1459f3ab050b87ccdfef84ef90cf43d3058
Removing snapshot sha256:43e32e0401181ce446773595aa5b45dd3de52a62bd17ce6321e472661bef46fc
Removing snapshot sha256:4ab04491cdf0d3267f08206fe30bd48f49f94b9cab2f016d6739220f722a64af
Removing snapshot sha256:4b6068250e89c96f263060261819c7d912855bfbd64b3eb4c4a8483299b8c295
Removing snapshot sha256:4e4a4c2a9fcafd941707917d9cb4c348229dcda7e6a77d20a5c9e977659e2acb
Removing snapshot sha256:580e69a0a8034ede1921139bbd2bfb72a69ebf276d008281896c32dd8bf74775
Removing snapshot sha256:597fcac6b802be96dede6dae530b1fd3d80ee2191e3c39bd5c3dfb528309801e
Removing snapshot sha256:59860db8e524598ca0913cb5a7821a1a1c1e56f61dec4fe619ad8a278bfd44c2
Removing snapshot sha256:5a9ba96b94a7acc2c16f45d7113265f2705262d850ff8d73abf339acec4e4283
Removing snapshot sha256:5d30ba46b27fe37484567ccc5242cadc78217b8da605f3f195ef25cbf7487904
Removing snapshot sha256:63ca1fbb43ae5034640e5e6cb3e083e05c290072c5366fcaa9d62435a4cced85
Removing snapshot sha256:67f702c6baae873bceb19487c8b1f27bd2b86077e4f2f0e480e6d60ab508b8f5
Removing snapshot sha256:6864348dd42806d552efdec384f1274be15e2d0c10ce44c1f04347af004c10a9
Removing snapshot sha256:6c7dee8f2c39b84b7dc2711c01d33de93514d9055499173e9290176fbe484b6c
Removing snapshot sha256:6d2198b9bba47eb108a6f8e064d85edb59b204d24ceb4d866ad96079b9ec1498
Removing snapshot sha256:711f0795be2fadadbf9fe1151ea3506c44bc3c41083e049b25f8bac1bd91851c
Removing snapshot sha256:74acea72c72664d31caa1810182a8d9f76600a5e41ed9d1eb2814c0bc090bfea
Removing snapshot sha256:75654b8eeebd3beae97271a102f57cdeb794cc91e442648544963a7e951e9558
Removing snapshot sha256:783ad6a93b23221db9f18c15f79aeb134655b6dd29a9a9bc7472ee50852d14a7
Removing snapshot sha256:81ed7e1a344eefb04664b5d772157e32be190d566bd3083af46ec0b8796ae9ae
Removing snapshot sha256:82753493a6d61ded36556292f02f31841a14c20d2f279f19eaad65afb661d5cd
Removing snapshot sha256:84a897f1c589cde259313d1efcd537ab957267a6526caa797d9703c4ee903204
Removing snapshot sha256:8a10d3db42c505ee0fcfa98417bdd7e39b304f6bcc0a06bb1b220797ff2cc63c
Removing snapshot sha256:8d297423f53775a6b77d49e57a5e9f47799fcfddca869a1164226d56c8299763
Removing snapshot sha256:8ec1e08a6c109c9698b32f46974375ee19470c62a5de0618346b3b4442919582
Removing snapshot sha256:94b728d964f60c89faa32d3296c8e524b6a15c163f95728001c8be4091968231
Removing snapshot sha256:9852f74557303324154e94d69646a117800c24f830d6dd3150a61f1cb1877bfb
Removing snapshot sha256:a0904247e36a7726c03c71ee48f3e64462021c88dafeb13f37fdaf613b27f11c
Removing snapshot sha256:a21e5b12dbac529ad45d976eb9ce45c881f3bedcc500fb30aba1e52aa1813418
Removing snapshot sha256:afb9d24a81528af822cc0a49b79c922afd1b6fb3355f0fe3683749f5ad2e2e5e
Removing snapshot sha256:b403bf5671b66322a4fb4fcf772687a9e487ab58804584befcae862807d8eb88
Removing snapshot sha256:b8c8d85687c0d5b64887dfaf35dedad43ecac3954a798ffa91d79a5aeb500496
Removing snapshot sha256:b921e6c28969094157f9b8e7244677780319637afd14450b7cb6b2fdea558a0c
Removing snapshot sha256:bc27ecb5769a00e309cf99ebc763c4a4b958b618d1decc96ffac5bc05f02f5b7
Removing snapshot sha256:be3ccb6627a5332e309d45ef461d09b4879dd870c7394d89323d0ebc6ca6aa8a
Removing snapshot sha256:c261f7cbbc64211ee175ee47273acdb7b1a36a4450b397a064a8f2c026490095
Removing snapshot sha256:c34d9393647eea0c9e3557ab988efaf59f61d10a2a5613b439ef0958cca5ec10
Removing snapshot sha256:c481eb2c14002b9f0dde4d7038af4caa071bcc6827e2ecddd715945f7a870a73
Removing snapshot sha256:ccf3c4a0fa967a41c1c83497a2ce6fa5787965859df0adb32c4ca2cf7490bc2b
Removing snapshot sha256:cda334c60720b02c295deeee0739beb29d9283df72a19f0e73b54e50c89e8c00
Removing snapshot sha256:cf92d33f869417309692088c341cd0f223c178ea78a125f757317b22aa8f90e9
Removing snapshot sha256:d0037344cf2fb078884f1849f6a1f8cf9a33a3b6139b6a85833e5ee528e1f9a8
Removing snapshot sha256:d3b36d5b79273b1e98e7700470eaeff05a882e777124d84cebcc1505b85ecb36
Removing snapshot sha256:d65a44a37914602d12c611e5e22a50f11451d847e63015cc1c2aef92dee777a4
Removing snapshot sha256:d7698055289ea72fad6a712ae4a30a02f6f294e476718fac7d5eea9098793d8e
Removing snapshot sha256:deb8fe0e16fb632523b566bfa4819d4c8b7689407d4211b88d26b6988d84ef75
Removing snapshot sha256:e2dc0bae2455930f23ae570e019b7f32edc75c0f2d71cab084db837ff9051796
Removing snapshot sha256:e58151b46376c08fb48e2a2fbe134b6de223be0749d20b7b60bf475e526a2884
Removing snapshot sha256:eccbd24a99c60cd9e86ee5305dbfc4a4dc89f5ab4fb1f06c8d64797cecedef34
Removing snapshot sha256:f144bb4c7c7f0d2aa7eeffd36d934ec40db1ee167be727e326aad9fdc616f475

]]></system-out>
  </testcase>
  <system-out><![CDATA[2025-01-29 13:41:02,434 INFO c.h.h.t.HelmChartContainerExtension - Using cached HelmChartContainer instance
]]></system-out>
  <system-err><![CDATA[]]></system-err>
</testsuite>
