<?xml version="1.0" encoding="UTF-8"?>
<testsuite name="com.hivemq.helmcharts.extensions.HelmCustomExtensionWithHttpsIT" tests="1" skipped="0" failures="0" errors="0" timestamp="2025-07-23T14:06:27" hostname="pkrvmpptgkbjq6m" time="103.726">
  <properties/>
  <testcase name="platformChart_whenCustomExtensionIsConfigured_withHttps_thenStartsUpSuccessfully()" classname="com.hivemq.helmcharts.extensions.HelmCustomExtensionWithHttpsIT" time="103.726"/>
</testsuite>
