<?xml version="1.0" encoding="UTF-8"?>
<testsuite name="com.hivemq.helmcharts.services.CustomClusterDomainNameIT" tests="1" skipped="0" failures="0" errors="0" timestamp="2025-03-31T06:25:27" hostname="fv-az1267-301" time="91.261">
  <properties/>
  <testcase name="whenK8sHasCustomClusterDomainName_thenServicesAreRunning()" classname="com.hivemq.helmcharts.services.CustomClusterDomainNameIT" time="91.261"/>
</testsuite>
