<?xml version="1.0" encoding="UTF-8"?>
<testsuite name="com.hivemq.helmcharts.services.HelmWebsocketsIT" tests="2" skipped="0" failures="0" errors="0" timestamp="2025-02-18T16:18:59" hostname="fv-az1912-370" time="203.425">
  <properties/>
  <testcase name="platformChart_whenMtlsWebsocketEnabledWithDifferentPrivateKey_thenSendsReceivesMessage(Path)" classname="com.hivemq.helmcharts.services.HelmWebsocketsIT" time="101.693"/>
  <testcase name="platformChart_whenMtlsWebsocketEnabled_thenSendsReceivesMessage(Path)" classname="com.hivemq.helmcharts.services.HelmWebsocketsIT" time="101.732"/>
</testsuite>
