<?xml version="1.0" encoding="UTF-8"?>
<testsuite name="com.hivemq.helmcharts.volumes.HelmAdditionalVolumesIT" tests="1" skipped="0" failures="0" errors="0" timestamp="2025-02-13T17:10:28" hostname="fv-az1319-980" time="106.426">
  <properties/>
  <testcase name="withAdditionalVolumes_hivemqRunningWithVolumeMounts()" classname="com.hivemq.helmcharts.volumes.HelmAdditionalVolumesIT" time="106.426"/>
</testsuite>
