<?xml version="1.0" encoding="UTF-8"?>
<testsuite name="com.hivemq.helmcharts.services.HelmMetricsServiceIT" tests="2" skipped="0" failures="0" errors="0" timestamp="2025-03-31T14:53:30" hostname="fv-az792-399" time="195.347">
  <properties/>
  <testcase name="platformChart_withCustomServiceName_thenMetricsAvailable()" classname="com.hivemq.helmcharts.services.HelmMetricsServiceIT" time="106.775"/>
  <testcase name="platformChart_withCustomMetrics_thenMetricsAvailable()" classname="com.hivemq.helmcharts.services.HelmMetricsServiceIT" time="88.572"/>
</testsuite>
