<?xml version="1.0" encoding="UTF-8"?>
<testsuite name="com.hivemq.helmcharts.volumes.HelmVolumeClaimTemplatesIT" tests="1" skipped="0" failures="0" errors="0" timestamp="2025-03-09T20:34:20" hostname="fv-az1680-744" time="340.683">
  <properties/>
  <testcase name="platform_whenVolumeClaimTemplateIsConfigured_withAdditionalVolumes_thenPersistentVolumeClaimsCreated()" classname="com.hivemq.helmcharts.volumes.HelmVolumeClaimTemplatesIT" time="340.683"/>
</testsuite>
