<?xml version="1.0" encoding="UTF-8"?>
<testsuite name="com.hivemq.helmcharts.license.HelmBrokerLicensesIT" tests="2" skipped="0" failures="0" errors="0" timestamp="2025-06-02T09:45:21" hostname="fv-az1361-152" time="186.554">
  <properties/>
  <testcase name="withExistingBrokerLicenseSecret_statefulSetWithLicenseSecretMounted()" classname="com.hivemq.helmcharts.license.HelmBrokerLicensesIT" time="92.946"/>
  <testcase name="withBrokerLicenseFileContent_statefulSetWithLicenseSecretMounted()" classname="com.hivemq.helmcharts.license.HelmBrokerLicensesIT" time="93.607"/>
</testsuite>
