<?xml version="1.0" encoding="UTF-8"?>
<testsuite name="com.hivemq.helmcharts.CompatibilityHelmChartDeploymentIT" tests="1" skipped="0" failures="0" errors="0" timestamp="2025-05-05T06:32:47" hostname="fv-az1778-662" time="146.931">
  <properties/>
  <testcase name="withHelmLocalVersionDeployment_mqttMessagePublishedReceived()" classname="com.hivemq.helmcharts.CompatibilityHelmChartDeploymentIT" time="146.931"/>
</testsuite>
