<?xml version="1.0" encoding="UTF-8"?>
<testsuite name="com.hivemq.helmcharts.platform.UpdateLogLevelIT" tests="2" skipped="0" failures="0" errors="0" timestamp="2025-05-08T14:22:13" hostname="fv-az1680-637" time="280.315">
  <properties/>
  <testcase name="1 withNamespaces: true" classname="com.hivemq.helmcharts.platform.UpdateLogLevelIT" time="143.22"/>
  <testcase name="2 withNamespaces: false" classname="com.hivemq.helmcharts.platform.UpdateLogLevelIT" time="137.094"/>
</testsuite>
