<?xml version="1.0" encoding="UTF-8"?>
<testsuite name="com.hivemq.helmcharts.securitycontext.HelmContainerSecurityContextUpgradePlatformIT" tests="2" skipped="0" failures="0" errors="0" timestamp="2025-01-28T23:51:33" hostname="fv-az787-195" time="469.786">
  <properties/>
  <testcase name="Operator values: (UID=0, GID=0, valuesFile='/files/operator-container-security-context-root-user-values.yaml') and Platform values: (UID=0, GID=0, valuesFile='/files/platform-container-security-context-root-user-values.yaml')" classname="com.hivemq.helmcharts.securitycontext.HelmContainerSecurityContextUpgradePlatformIT" time="229.72">
    <system-out><![CDATA[2025-01-28 23:51:33,269 INFO c.h.h.t.HelmChartContainer - Creating namespace 'helmcontainersecuritycontextupgradeplatformit-operator'...
2025-01-28 23:51:33,526 INFO c.h.h.t.HelmChartContainer - [POD] coredns-ff8999cc5-wmhv4 [10a2526b-16f9-4bab-a03a-971de1581dfe] in kube-system was ADDED
2025-01-28 23:51:33,529 INFO c.h.h.t.HelmChartContainer - [POD] local-path-provisioner-698b58967b-6v9cv [6a815d90-0ed7-46c4-95c5-506aba85f497] in kube-system was ADDED
2025-01-28 23:51:33,530 INFO c.h.h.t.HelmChartContainer - Namespace 'helmcontainersecuritycontextupgradeplatformit-operator' created
2025-01-28 23:51:33,530 INFO c.h.h.t.HelmChartContainer - Creating namespace 'helmcontainersecuritycontextupgradeplatformit'...
2025-01-28 23:51:33,532 INFO c.h.h.t.HelmChartContainer - [POD] metrics-server-8584b5786c-22q29 [8f62dcad-5573-469a-8fb5-597246d0e63d] in kube-system was ADDED
2025-01-28 23:51:33,539 INFO c.h.h.t.HelmChartContainer - Namespace 'helmcontainersecuritycontextupgradeplatformit' created
2025-01-28 23:51:33,618 DEBUG c.h.h.t.HelmChartContainer - Executing helm command: /bin/helm --kubeconfig /etc/rancher/k3s/k3s.yaml install test-hivemq-platform-operator /charts/hivemq-platform-operator --wait --timeout 5m0s --set image.repository=docker.io/hivemq --set image.name=hivemq-platform-operator-test --set image.initImageName=hivemq-platform-operator-init-test --set image.tag=snapshot --set image.pullPolicy=Never --set logLevel=DEBUG --set resources.cpu=512m -f /files/operator-container-security-context-root-user-values.yaml --namespace helmcontainersecuritycontextupgradeplatformit-operator
2025-01-28 23:51:35,996 INFO c.h.h.t.HelmChartContainer - [K3S] [alloc.go:330] "allocated clusterIPs" service="helmcontainersecuritycontextupgradeplatformit-operator/hivemq-platform-operator-test-hivemq-platform-operator" clusterIPs={"IPv4":"10.43.70.121"}
2025-01-28 23:51:36,014 INFO c.h.h.t.HelmChartContainer - [EVENT] Normal [ScalingReplicaSet] Scaled up replica set hivemq-test-hivemq-platform-operator-8669f546db from 0 to 1 [helmcontainersecuritycontextupgradeplatformit-operator:hivemq-test-hivemq-platform-operator]
2025-01-28 23:51:36,026 INFO c.h.h.t.HelmChartContainer - [EVENT] Normal [SuccessfulCreate] Created pod: hivemq-test-hivemq-platform-operator-8669f546db-7pkbm [helmcontainersecuritycontextupgradeplatformit-operator:hivemq-test-hivemq-platform-operator-8669f546db]
2025-01-28 23:51:36,029 INFO c.h.h.t.HelmChartContainer - [POD] hivemq-test-hivemq-platform-operator-8669f546db-7pkbm [7dfae362-2ed3-4136-a130-ebe2d464847d] in helmcontainersecuritycontextupgradeplatformit-operator was ADDED
2025-01-28 23:51:36,030 INFO c.h.h.t.HelmChartContainer - [K3S] [replica_set.go:679] "Finished syncing" kind="ReplicaSet" key="helmcontainersecuritycontextupgradeplatformit-operator/hivemq-test-hivemq-platform-operator-8669f546db" duration="17.43464ms"
2025-01-28 23:51:36,036 INFO c.h.h.t.HelmChartContainer - [POD] hivemq-test-hivemq-platform-operator-8669f546db-7pkbm [7dfae362-2ed3-4136-a130-ebe2d464847d] in helmcontainersecuritycontextupgradeplatformit-operator was MODIFIED
2025-01-28 23:51:36,045 INFO c.h.h.t.HelmChartContainer - [K3S] [replica_set.go:679] "Finished syncing" kind="ReplicaSet" key="helmcontainersecuritycontextupgradeplatformit-operator/hivemq-test-hivemq-platform-operator-8669f546db" duration="13.978846ms"
2025-01-28 23:51:36,046 INFO c.h.h.t.HelmChartContainer - [EVENT] Normal [Scheduled] Successfully assigned helmcontainersecuritycontextupgradeplatformit-operator/hivemq-test-hivemq-platform-operator-8669f546db-7pkbm to 0c997a873dc5 [helmcontainersecuritycontextupgradeplatformit-operator:hivemq-test-hivemq-platform-operator-8669f546db-7pkbm]
2025-01-28 23:51:36,057 INFO c.h.h.t.HelmChartContainer - [POD] hivemq-test-hivemq-platform-operator-8669f546db-7pkbm [7dfae362-2ed3-4136-a130-ebe2d464847d] in helmcontainersecuritycontextupgradeplatformit-operator was MODIFIED
2025-01-28 23:51:36,064 INFO c.h.h.t.HelmChartContainer - [K3S] [replica_set.go:679] "Finished syncing" kind="ReplicaSet" key="helmcontainersecuritycontextupgradeplatformit-operator/hivemq-test-hivemq-platform-operator-8669f546db" duration="19.833577ms"
2025-01-28 23:51:36,064 INFO c.h.h.t.HelmChartContainer - [K3S] [replica_set.go:679] "Finished syncing" kind="ReplicaSet" key="helmcontainersecuritycontextupgradeplatformit-operator/hivemq-test-hivemq-platform-operator-8669f546db" duration="38.552µs"
2025-01-28 23:51:36,099 INFO c.h.h.t.HelmChartContainer - [K3S] [reconciler_common.go:251] "operationExecutor.VerifyControllerAttachedVolume started for volume \"kube-api-access-lsp2w\" (UniqueName: \"kubernetes.io/projected/7dfae362-2ed3-4136-a130-ebe2d464847d-kube-api-access-lsp2w\") pod \"hivemq-test-hivemq-platform-operator-8669f546db-7pkbm\" (UID: \"7dfae362-2ed3-4136-a130-ebe2d464847d\") " pod="helmcontainersecuritycontextupgradeplatformit-operator/hivemq-test-hivemq-platform-operator-8669f546db-7pkbm"
2025-01-28 23:51:36,423 INFO c.h.h.t.HelmChartContainer - [EVENT] Normal [Pulled] Container image "docker.io/hivemq/hivemq-platform-operator-test:snapshot" already present on machine [helmcontainersecuritycontextupgradeplatformit-operator:hivemq-test-hivemq-platform-operator-8669f546db-7pkbm]
2025-01-28 23:51:36,424 INFO c.h.h.t.HelmChartContainer - Received Pulled event for container hivemq-platform-operator in pod hivemq-test-hivemq-platform-operator-8669f546db-7pkbm [7dfae362-2ed3-4136-a130-ebe2d464847d]
2025-01-28 23:51:36,430 INFO c.h.h.t.HelmChartContainer - [EVENT] Normal [Created] Created container: hivemq-platform-operator [helmcontainersecuritycontextupgradeplatformit-operator:hivemq-test-hivemq-platform-operator-8669f546db-7pkbm]
2025-01-28 23:51:36,430 INFO c.h.h.t.HelmChartContainer - Received Created event for container hivemq-platform-operator in pod hivemq-test-hivemq-platform-operator-8669f546db-7pkbm [7dfae362-2ed3-4136-a130-ebe2d464847d]
2025-01-28 23:51:36,568 INFO c.h.h.t.HelmChartContainer - [K3S] [replica_set.go:679] "Finished syncing" kind="ReplicaSet" key="helmcontainersecuritycontextupgradeplatformit-operator/hivemq-test-hivemq-platform-operator-8669f546db" duration="420.443µs"
2025-01-28 23:51:36,571 INFO c.h.h.t.HelmChartContainer - [POD] hivemq-test-hivemq-platform-operator-8669f546db-7pkbm [7dfae362-2ed3-4136-a130-ebe2d464847d] in helmcontainersecuritycontextupgradeplatformit-operator was MODIFIED
2025-01-28 23:51:36,595 INFO c.h.h.t.HelmChartContainer - [EVENT] Normal [Started] Started container hivemq-platform-operator [helmcontainersecuritycontextupgradeplatformit-operator:hivemq-test-hivemq-platform-operator-8669f546db-7pkbm]
2025-01-28 23:51:36,595 INFO c.h.h.t.HelmChartContainer - Started log watcher for hivemq-platform-operator in pod hivemq-test-hivemq-platform-operator-8669f546db-7pkbm [7dfae362-2ed3-4136-a130-ebe2d464847d]
2025-01-28 23:51:36,595 INFO c.h.h.t.HelmChartContainer - Received Started event for container hivemq-platform-operator in pod hivemq-test-hivemq-platform-operator-8669f546db-7pkbm [7dfae362-2ed3-4136-a130-ebe2d464847d]
2025-01-28 23:51:36,595 INFO c.h.h.t.HelmChartContainer - [hivemq-test-hivemq-platform] [hivemq-platform-operator] [7dfae362] -------------------------------------------------------------------------
2025-01-28 23:51:36,595 INFO c.h.h.t.HelmChartContainer - [hivemq-test-hivemq-platform] [hivemq-platform-operator] [7dfae362] 
2025-01-28 23:51:36,595 INFO c.h.h.t.HelmChartContainer - [hivemq-test-hivemq-platform] [hivemq-platform-operator] [7dfae362]                   _    _  _              __  __   ____
2025-01-28 23:51:36,595 INFO c.h.h.t.HelmChartContainer - [hivemq-test-hivemq-platform] [hivemq-platform-operator] [7dfae362]                  | |  | |(_)            |  \/  | / __ \
2025-01-28 23:51:36,595 INFO c.h.h.t.HelmChartContainer - [hivemq-test-hivemq-platform] [hivemq-platform-operator] [7dfae362]                  | |__| | _ __   __ ___ | \  / || |  | |
2025-01-28 23:51:36,595 INFO c.h.h.t.HelmChartContainer - [hivemq-test-hivemq-platform] [hivemq-platform-operator] [7dfae362]                  |  __  || |\ \ / // _ \| |\/| || |  | |
2025-01-28 23:51:36,595 INFO c.h.h.t.HelmChartContainer - [hivemq-test-hivemq-platform] [hivemq-platform-operator] [7dfae362]                  | |  | || | \ V /|  __/| |  | || |__| |
2025-01-28 23:51:36,595 INFO c.h.h.t.HelmChartContainer - [hivemq-test-hivemq-platform] [hivemq-platform-operator] [7dfae362]                  |_|  |_||_|  \_/  \___||_|  |_| \___\_\
2025-01-28 23:51:36,595 INFO c.h.h.t.HelmChartContainer - [hivemq-test-hivemq-platform] [hivemq-platform-operator] [7dfae362] 
2025-01-28 23:51:36,595 INFO c.h.h.t.HelmChartContainer - [hivemq-test-hivemq-platform] [hivemq-platform-operator] [7dfae362] -------------------------------------------------------------------------
2025-01-28 23:51:36,595 INFO c.h.h.t.HelmChartContainer - [hivemq-test-hivemq-platform] [hivemq-platform-operator] [7dfae362] 
2025-01-28 23:51:36,595 INFO c.h.h.t.HelmChartContainer - [hivemq-test-hivemq-platform] [hivemq-platform-operator] [7dfae362]   HiveMQ Platform Operator Start Script v1.0
2025-01-28 23:51:36,595 INFO c.h.h.t.HelmChartContainer - [hivemq-test-hivemq-platform] [hivemq-platform-operator] [7dfae362] 
2025-01-28 23:51:36,595 INFO c.h.h.t.HelmChartContainer - [hivemq-test-hivemq-platform] [hivemq-platform-operator] [7dfae362] -------------------------------------------------------------------------
2025-01-28 23:51:36,595 INFO c.h.h.t.HelmChartContainer - [hivemq-test-hivemq-platform] [hivemq-platform-operator] [7dfae362] 
2025-01-28 23:51:36,595 INFO c.h.h.t.HelmChartContainer - [hivemq-test-hivemq-platform] [hivemq-platform-operator] [7dfae362]   JAVA_OPTS: -XX:+UnlockExperimentalVMOptions -XX:InitialRAMPercentage=75 -XX:MaxRAMPercentage=75 -Duser.language=en -Duser.region=US
2025-01-28 23:51:36,595 INFO c.h.h.t.HelmChartContainer - [hivemq-test-hivemq-platform] [hivemq-platform-operator] [7dfae362] 
2025-01-28 23:51:36,596 INFO c.h.h.t.HelmChartContainer - [hivemq-test-hivemq-platform] [hivemq-platform-operator] [7dfae362]   JAVA_VERSION: 21
2025-01-28 23:51:36,596 INFO c.h.h.t.HelmChartContainer - [hivemq-test-hivemq-platform] [hivemq-platform-operator] [7dfae362] 
2025-01-28 23:51:36,596 INFO c.h.h.t.HelmChartContainer - [hivemq-test-hivemq-platform] [hivemq-platform-operator] [7dfae362] -------------------------------------------------------------------------
2025-01-28 23:51:36,596 INFO c.h.h.t.HelmChartContainer - [hivemq-test-hivemq-platform] [hivemq-platform-operator] [7dfae362] 
2025-01-28 23:51:39,802 INFO c.h.h.t.HelmChartContainer - [hivemq-test-hivemq-platform] [hivemq-platform-operator] [7dfae362] 23:51:39.800 [main] DEBUG org.jboss.logging - Logging Provider: org.jboss.logging.Slf4jLoggerProvider
2025-01-28 23:51:39,898 INFO c.h.h.t.HelmChartContainer - [hivemq-test-hivemq-platform] [hivemq-platform-operator] [7dfae362] 23:51:39.896 [main] DEBUG io.smallrye.config - SRCFG01006: Loaded ConfigSource SysPropConfigSource with ordinal 400
2025-01-28 23:51:39,899 INFO c.h.h.t.HelmChartContainer - [hivemq-test-hivemq-platform] [hivemq-platform-operator] [7dfae362] 23:51:39.896 [main] DEBUG io.smallrye.config - SRCFG01006: Loaded ConfigSource EnvConfigSource with ordinal 300
2025-01-28 23:51:39,900 INFO c.h.h.t.HelmChartContainer - [hivemq-test-hivemq-platform] [hivemq-platform-operator] [7dfae362] 23:51:39.896 [main] DEBUG io.smallrye.config - SRCFG01006: Loaded ConfigSource PropertiesConfigSource[source=jar:file:///opt/hivemq-platform-operator/bin/hivemq-platform-operator.jar!/hivemq-platform-operator.properties] with ordinal 100
2025-01-28 23:51:39,900 INFO c.h.h.t.HelmChartContainer - [hivemq-test-hivemq-platform] [hivemq-platform-operator] [7dfae362] 23:51:39.896 [main] DEBUG io.smallrye.config - SRCFG01006: Loaded ConfigSource DefaultValuesConfigSource with ordinal -2147483648
2025-01-28 23:51:40,006 INFO c.h.h.t.HelmChartContainer - [hivemq-test-hivemq-platform] [hivemq-platform-operator] [7dfae362] 23:51:40.005 [main] DEBUG i.m.c.u.i.l.InternalLoggerFactory - Using SLF4J as the default logging framework
2025-01-28 23:51:40,197 INFO c.h.h.t.HelmChartContainer - [hivemq-test-hivemq-platform] [hivemq-platform-operator] [7dfae362] 23:51:40.186 [main] INFO  c.h.p.o.HiveMQPlatformOperatorApplication - HiveMQ Platform Operator 1.7.0-SNAPSHOT (commit: bebf408 on branch: HEAD) built on Sun Jan 26 20:47:47 UTC 2025
2025-01-28 23:51:40,197 INFO c.h.h.t.HelmChartContainer - [hivemq-test-hivemq-platform] [hivemq-platform-operator] [7dfae362] 23:51:40.193 [main] INFO  c.h.p.o.HiveMQPlatformOperatorApplication - HiveMQ Platform Operator is running in namespace: helmcontainersecuritycontextupgradeplatformit-operator
2025-01-28 23:51:40,197 INFO c.h.h.t.HelmChartContainer - [hivemq-test-hivemq-platform] [hivemq-platform-operator] [7dfae362] 23:51:40.193 [main] INFO  c.h.p.o.HiveMQPlatformOperatorApplication - Watching all namespaces
2025-01-28 23:51:40,197 INFO c.h.h.t.HelmChartContainer - [hivemq-test-hivemq-platform] [hivemq-platform-operator] [7dfae362] 23:51:40.194 [main] INFO  c.h.p.o.HiveMQPlatformOperatorApplication - Log level: DEBUG
2025-01-28 23:51:40,197 INFO c.h.h.t.HelmChartContainer - [hivemq-test-hivemq-platform] [hivemq-platform-operator] [7dfae362] 23:51:40.194 [main] INFO  c.h.p.o.HiveMQPlatformOperatorApplication - Release name: test-hivemq-platform-operator
2025-01-28 23:51:40,197 INFO c.h.h.t.HelmChartContainer - [hivemq-test-hivemq-platform] [hivemq-platform-operator] [7dfae362] 23:51:40.194 [main] INFO  c.h.p.o.HiveMQPlatformOperatorApplication - HiveMQ Platform Operator Init image: docker.io/hivemq/hivemq-platform-operator-init-test:snapshot
2025-01-28 23:51:40,197 INFO c.h.h.t.HelmChartContainer - [hivemq-test-hivemq-platform] [hivemq-platform-operator] [7dfae362] 23:51:40.194 [main] INFO  c.h.p.o.HiveMQPlatformOperatorApplication - HiveMQ Platform Operator Init App update URL: http://hivemq-platform-operator-test-hivemq-platform-operator.helmcontainersecuritycontextupgradeplatformit-operator.svc:8080/initAppUpdate/hivemq-platform-operator-init-app-1.7.0-SNAPSHOT.jar
2025-01-28 23:51:40,197 INFO c.h.h.t.HelmChartContainer - [hivemq-test-hivemq-platform] [hivemq-platform-operator] [7dfae362] 23:51:40.194 [main] INFO  c.h.p.o.HiveMQPlatformOperatorApplication - Additional imagePullSecret for all Platform deployments: none
2025-01-28 23:51:40,197 INFO c.h.h.t.HelmChartContainer - [hivemq-test-hivemq-platform] [hivemq-platform-operator] [7dfae362] 23:51:40.194 [main] INFO  c.h.p.o.HiveMQPlatformOperatorApplication - Apply HiveMQ Platform CRD: true
2025-01-28 23:51:40,197 INFO c.h.h.t.HelmChartContainer - [hivemq-test-hivemq-platform] [hivemq-platform-operator] [7dfae362] 23:51:40.194 [main] INFO  c.h.p.o.HiveMQPlatformOperatorApplication - Create Platform ServiceAccount: true
2025-01-28 23:51:40,197 INFO c.h.h.t.HelmChartContainer - [hivemq-test-hivemq-platform] [hivemq-platform-operator] [7dfae362] 23:51:40.194 [main] INFO  c.h.p.o.HiveMQPlatformOperatorApplication - Create Platform ServiceAccount permissions: true
2025-01-28 23:51:40,197 INFO c.h.h.t.HelmChartContainer - [hivemq-test-hivemq-platform] [hivemq-platform-operator] [7dfae362] 23:51:40.194 [main] INFO  c.h.p.o.HiveMQPlatformOperatorApplication - Validate Platform ServiceAccount: true
2025-01-28 23:51:40,197 INFO c.h.h.t.HelmChartContainer - [hivemq-test-hivemq-platform] [hivemq-platform-operator] [7dfae362] 23:51:40.194 [main] INFO  c.h.p.o.HiveMQPlatformOperatorApplication - Validate Platform ServiceAccount permissions: true
2025-01-28 23:51:40,309 INFO c.h.h.t.HelmChartContainer - [hivemq-test-hivemq-platform] [hivemq-platform-operator] [7dfae362] 23:51:40.308 [main] INFO  c.h.platform.operator.util.CRDUtil - Verifying deployed HiveMQ Platform CRD...
2025-01-28 23:51:42,555 INFO c.h.h.t.HelmChartContainer - [POD] metrics-server-8584b5786c-22q29 [8f62dcad-5573-469a-8fb5-597246d0e63d] in kube-system was MODIFIED
2025-01-28 23:51:42,565 INFO c.h.h.t.HelmChartContainer - [K3S] [replica_set.go:679] "Finished syncing" kind="ReplicaSet" key="kube-system/metrics-server-8584b5786c" duration="11.56126ms"
2025-01-28 23:51:42,566 INFO c.h.h.t.HelmChartContainer - [K3S] [replica_set.go:679] "Finished syncing" kind="ReplicaSet" key="kube-system/metrics-server-8584b5786c" duration="29.546µs"
2025-01-28 23:51:42,787 INFO c.h.h.t.HelmChartContainer - [hivemq-test-hivemq-platform] [hivemq-platform-operator] [7dfae362] 23:51:42.784 [main] DEBUG c.h.platform.operator.util.CRDUtil - HiveMQ Platform CRD version v1 is up to date
2025-01-28 23:51:42,787 INFO c.h.h.t.HelmChartContainer - [hivemq-test-hivemq-platform] [hivemq-platform-operator] [7dfae362] 23:51:42.784 [main] INFO  c.h.platform.operator.util.CRDUtil - HiveMQ Platform CRD is up to date (version: V1_6_0)
2025-01-28 23:51:42,787 INFO c.h.h.t.HelmChartContainer - [hivemq-test-hivemq-platform] [hivemq-platform-operator] [7dfae362] 23:51:42.784 [main] INFO  c.h.platform.operator.util.CRDUtil - Waiting 10000 ms for HiveMQ Platform CRD 'hivemq-platforms.hivemq.com' to become ready...
2025-01-28 23:51:43,087 INFO c.h.h.t.HelmChartContainer - [hivemq-test-hivemq-platform] [hivemq-platform-operator] [7dfae362] 23:51:43.086 [vert.x-eventloop-thread-1] DEBUG c.h.platform.operator.util.CRDUtil - Checking CRD condition 'NamesAccepted' (status: 'True')
2025-01-28 23:51:43,088 INFO c.h.h.t.HelmChartContainer - [hivemq-test-hivemq-platform] [hivemq-platform-operator] [7dfae362] 23:51:43.086 [vert.x-eventloop-thread-1] DEBUG c.h.platform.operator.util.CRDUtil - Checking CRD condition 'Established' (status: 'True')
2025-01-28 23:51:43,089 INFO c.h.h.t.HelmChartContainer - [hivemq-test-hivemq-platform] [hivemq-platform-operator] [7dfae362] 23:51:43.088 [main] INFO  c.h.platform.operator.util.CRDUtil - HiveMQ Platform CRD 'hivemq-platforms.hivemq.com' is ready
2025-01-28 23:51:43,258 INFO c.h.h.t.HelmChartContainer - [hivemq-test-hivemq-platform] [hivemq-platform-operator] [7dfae362] 23:51:43.257 [main] INFO  c.h.p.o.HiveMQPlatformReconciler - HiveMQ Platform Operator is starting...
2025-01-28 23:51:43,385 INFO c.h.h.t.HelmChartContainer - [hivemq-test-hivemq-platform] [hivemq-platform-operator] [7dfae362] 23:51:43.357 [main] WARN  Default ConfigurationService implementation - Configuration for reconciler 'hivemq-controller' was not found. Known reconcilers: None.
2025-01-28 23:51:43,393 INFO c.h.h.t.HelmChartContainer - [hivemq-test-hivemq-platform] [hivemq-platform-operator] [7dfae362] 23:51:43.391 [main] INFO  Default ConfigurationService implementation - Created configuration for reconciler com.hivemq.platform.operator.HiveMQPlatformReconciler with name hivemq-controller
2025-01-28 23:51:43,498 INFO c.h.h.t.HelmChartContainer - [hivemq-test-hivemq-platform] [hivemq-platform-operator] [7dfae362] 23:51:43.497 [main] DEBUG c.h.p.o.HiveMQPlatformReconciler - HiveMQ Platform Operator is preparing EventSources
2025-01-28 23:51:43,587 INFO c.h.h.t.HelmChartContainer - [hivemq-test-hivemq-platform] [hivemq-platform-operator] [7dfae362] 23:51:43.586 [main] INFO  i.javaoperatorsdk.operator.Operator - Registered reconciler: 'hivemq-controller' for resource: 'class com.hivemq.platform.operator.v1.HiveMQPlatform' for namespace(s): [all namespaces]
2025-01-28 23:51:44,191 INFO c.h.h.t.HelmChartContainer - [hivemq-test-hivemq-platform] [hivemq-platform-operator] [7dfae362] 23:51:44.190 [main] INFO  c.h.p.operator.webserver.JettyServer - Starting Jetty server on port 8080
2025-01-28 23:51:44,286 INFO c.h.h.t.HelmChartContainer - [hivemq-test-hivemq-platform] [hivemq-platform-operator] [7dfae362] 23:51:44.285 [main] INFO  i.javaoperatorsdk.operator.Operator - Operator SDK 4.9.7 (commit: 2133d28) built on Wed Nov 20 12:56:20 UTC 2024 starting...
2025-01-28 23:51:44,286 INFO c.h.h.t.HelmChartContainer - [hivemq-test-hivemq-platform] [hivemq-platform-operator] [7dfae362] 23:51:44.285 [main] INFO  i.javaoperatorsdk.operator.Operator - Client version: 6.13.4
2025-01-28 23:51:44,289 INFO c.h.h.t.HelmChartContainer - [hivemq-test-hivemq-platform] [hivemq-platform-operator] [7dfae362] 23:51:44.286 [Controller Starter for: hivemq-controller] INFO  i.j.operator.processing.Controller - Starting 'hivemq-controller' controller for reconciler: com.hivemq.platform.operator.HiveMQPlatformReconciler, resource: com.hivemq.platform.operator.v1.HiveMQPlatform
2025-01-28 23:51:45,855 INFO c.h.h.t.HelmChartContainer - [K3S] [range_allocator.go:247] "Successfully synced" key="0c997a873dc5"
2025-01-28 23:51:46,565 INFO c.h.h.t.HelmChartContainer - [hivemq-test-hivemq-platform] [hivemq-platform-operator] [7dfae362] 23:51:46.562 [Controller Starter for: hivemq-controller] INFO  i.j.operator.processing.Controller - 'hivemq-controller' controller started
2025-01-28 23:51:46,565 INFO c.h.h.t.HelmChartContainer - [hivemq-test-hivemq-platform] [hivemq-platform-operator] [7dfae362] 23:51:46.563 [main] INFO  c.h.p.o.HiveMQPlatformOperatorApplication - HiveMQ Platform Operator 1.7.0-SNAPSHOT started in 6376 ms
2025-01-28 23:51:47,577 INFO c.h.h.t.HelmChartContainer - [POD] hivemq-test-hivemq-platform-operator-8669f546db-7pkbm [7dfae362-2ed3-4136-a130-ebe2d464847d] in helmcontainersecuritycontextupgradeplatformit-operator was MODIFIED
2025-01-28 23:51:47,592 INFO c.h.h.t.HelmChartContainer - [K3S] [replica_set.go:679] "Finished syncing" kind="ReplicaSet" key="helmcontainersecuritycontextupgradeplatformit-operator/hivemq-test-hivemq-platform-operator-8669f546db" duration="17.595318ms"
2025-01-28 23:51:47,592 INFO c.h.h.t.HelmChartContainer - [K3S] [replica_set.go:679] "Finished syncing" kind="ReplicaSet" key="helmcontainersecuritycontextupgradeplatformit-operator/hivemq-test-hivemq-platform-operator-8669f546db" duration="39.363µs"
2025-01-28 23:51:48,077 INFO com.hivemq.helmcharts.util.K8sUtil - Pod 'hivemq-test-hivemq-platform-operator-8669f546db-7pkbm' is ready
2025-01-28 23:51:48,199 DEBUG com.hivemq.helmcharts.util.PodUtil - Received status for command '[sh, -c, stat -c "%u:%g" /proc/1]' on pod 'hivemq-test-hivemq-platform-operator-8669f546db-7pkbm' (exit code: 0)
2025-01-28 23:51:48,265 DEBUG c.h.h.t.HelmChartContainer - Executing helm command: /bin/helm --kubeconfig /etc/rancher/k3s/k3s.yaml install test-hivemq-platform /charts/hivemq-platform --wait --timeout 5m0s --set image.repository=docker.io/hivemq --set image.tag=4.36.0 --set image.pullPolicy=Never --set nodes.resources.cpu=512m -f /files/platform-container-security-context-root-user-values.yaml --namespace helmcontainersecuritycontextupgradeplatformit
2025-01-28 23:51:48,563 INFO c.h.h.t.HelmChartContainer - [hivemq-test-hivemq-platform] [hivemq-platform-operator] [7dfae362] 23:51:48.562 [-373097727-pool-1-thread-3] WARN  i.m.p.PrometheusMeterRegistry - The meter (MeterId{name='operator.sdk.events.received', tags=[tag(action=ADDED),tag(event=ResourceEvent),tag(group=hivemq.com),tag(kind=HiveMQPlatform),tag(name=test-hivemq-platform),tag(namespace=helmcontainersecuritycontextupgradeplatformit),tag(scope=namespace),tag(version=v1)]}) registration has failed: Prometheus requires that all meters with the same name have the same set of tag keys. There is already an existing meter named 'operator.sdk.events.received' containing tag keys [event, group, kind, name, namespace, scope, version]. The meter you are attempting to register has keys [action, event, group, kind, name, namespace, scope, version]. Note that subsequent logs will be logged at debug level.
2025-01-28 23:51:48,989 INFO c.h.h.t.HelmChartContainer - [hivemq-test-hivemq-platform] [hivemq-platform-operator] [7dfae362] 23:51:48.986 [pool-6-thread-3] DEBUG c.h.p.o.dependants.PodInfoConfigMap - [helmcont] Desired PodInfo ConfigMap (1 extensions) (1 enabled)
2025-01-28 23:51:48,989 INFO c.h.h.t.HelmChartContainer - [hivemq-test-hivemq-platform] [hivemq-platform-operator] [7dfae362] 23:51:48.987 [pool-6-thread-3] DEBUG c.h.p.o.dependants.PodInfoConfigMap - [helmcont] Desired PodInfo ConfigMap (metrics port: 9399) (metrics path: /)
2025-01-28 23:51:48,989 INFO c.h.h.t.HelmChartContainer - [hivemq-test-hivemq-platform] [hivemq-platform-operator] [7dfae362] 23:51:48.987 [pool-6-thread-3] DEBUG c.h.p.o.dependants.PodInfoConfigMap - [helmcont] Desired PodInfo ConfigMap (extension state hash: -1817474005)
2025-01-28 23:51:48,990 INFO c.h.h.t.HelmChartContainer - [hivemq-test-hivemq-platform] [hivemq-platform-operator] [7dfae362] 23:51:48.989 [pool-6-thread-3] DEBUG c.h.p.o.dependants.PodInfoConfigMap - [helmcont] Create PodInfo ConfigMap
2025-01-28 23:51:49,097 INFO c.h.h.t.HelmChartContainer - [hivemq-test-hivemq-platform] [hivemq-platform-operator] [7dfae362] 23:51:49.092 [pool-6-thread-5] DEBUG c.h.p.o.dependants.PodRoleResource - [helmcont] Create Role: Role(apiVersion=rbac.authorization.k8s.io/v1, kind=Role, metadata=ObjectMeta(annotations={meta.helm.sh/release-name=test-hivemq-platform, meta.helm.sh/release-namespace=helmcontainersecuritycontextupgradeplatformit}, creationTimestamp=null, deletionGracePeriodSeconds=null, deletionTimestamp=null, finalizers=[], generateName=null, generation=null, labels={helm.sh/chart=hivemq-platform-0.2.32, app.kubernetes.io/managed-by=Helm, app.kubernetes.io/name=hivemq-platform, hivemq-platform=test-hivemq-platform, app.kubernetes.io/instance=test-hivemq-platform, app.kubernetes.io/version=4.36.0}, managedFields=[], name=hivemq-platform-role-test-hivemq-platform, namespace=helmcontainersecuritycontextupgradeplatformit, ownerReferences=[OwnerReference(apiVersion=hivemq.com/v1, blockOwnerDeletion=null, controller=null, kind=HiveMQPlatform, name=test-hivemq-platform, uid=5f913d67-235a-40b6-ac57-b582f552b25b, additionalProperties={})], resourceVersion=null, selfLink=null, uid=null, additionalProperties={}), rules=[PolicyRule(apiGroups=[], nonResourceURLs=[], resourceNames=[], resources=[pods], verbs=[get, patch, update], additionalProperties={})], additionalProperties={})
2025-01-28 23:51:49,196 INFO c.h.h.t.HelmChartContainer - [hivemq-test-hivemq-platform] [hivemq-platform-operator] [7dfae362] 23:51:49.194 [pool-6-thread-7] DEBUG c.h.p.o.d.PodServiceAccountResource - [helmcont] Desired PodServiceAccountResource (serviceAccountName: hivemq-platform-pod-test-hivemq-platform)
2025-01-28 23:51:49,197 INFO c.h.h.t.HelmChartContainer - [hivemq-test-hivemq-platform] [hivemq-platform-operator] [7dfae362] 23:51:49.195 [pool-6-thread-7] DEBUG c.h.p.o.d.PodServiceAccountResource - [helmcont] Create ServiceAccount 'hivemq-platform-pod-test-hivemq-platform'
2025-01-28 23:51:49,389 INFO c.h.h.t.HelmChartContainer - [hivemq-test-hivemq-platform] [hivemq-platform-operator] [7dfae362] 23:51:49.387 [pool-6-thread-10] DEBUG c.h.p.o.d.PodRoleBindingResource - [helmcont] Create RoleBinding: RoleBinding(apiVersion=rbac.authorization.k8s.io/v1, kind=RoleBinding, metadata=ObjectMeta(annotations={meta.helm.sh/release-name=test-hivemq-platform, meta.helm.sh/release-namespace=helmcontainersecuritycontextupgradeplatformit}, creationTimestamp=null, deletionGracePeriodSeconds=null, deletionTimestamp=null, finalizers=[], generateName=null, generation=null, labels={helm.sh/chart=hivemq-platform-0.2.32, app.kubernetes.io/managed-by=Helm, app.kubernetes.io/name=hivemq-platform, hivemq-platform=test-hivemq-platform, app.kubernetes.io/instance=test-hivemq-platform, app.kubernetes.io/version=4.36.0}, managedFields=[], name=hivemq-platform-role-binding-test-hivemq-platform, namespace=helmcontainersecuritycontextupgradeplatformit, ownerReferences=[OwnerReference(apiVersion=hivemq.com/v1, blockOwnerDeletion=null, controller=null, kind=HiveMQPlatform, name=test-hivemq-platform, uid=5f913d67-235a-40b6-ac57-b582f552b25b, additionalProperties={})], resourceVersion=null, selfLink=null, uid=null, additionalProperties={}), roleRef=RoleRef(apiGroup=rbac.authorization.k8s.io, kind=Role, name=hivemq-platform-role-test-hivemq-platform, additionalProperties={}), subjects=[Subject(apiGroup=null, kind=ServiceAccount, name=hivemq-platform-pod-test-hivemq-platform, namespace=helmcontainersecuritycontextupgradeplatformit, additionalProperties={})], additionalProperties={})
2025-01-28 23:51:49,424 INFO c.h.h.t.HelmChartContainer - [hivemq-test-hivemq-platform] [hivemq-platform-operator] [7dfae362] 23:51:49.422 [ReconcilerExecutor-hivemq-controller-53] INFO  c.h.p.o.HiveMQPlatformReconciler - [helmcont] Reconciling HiveMQ Platform 'test-hivemq-platform' in namespace 'helmcontainersecuritycontextupgradeplatformit'
2025-01-28 23:51:49,428 INFO c.h.h.t.HelmChartContainer - [hivemq-test-hivemq-platform] [hivemq-platform-operator] [7dfae362] 23:51:49.423 [ReconcilerExecutor-hivemq-controller-53] DEBUG c.h.p.o.HiveMQPlatformReconciler - [helmcont] Custom Resource Status CREATED - HiveMQ Platform was created (READY)
2025-01-28 23:51:49,428 INFO c.h.h.t.HelmChartContainer - [hivemq-test-hivemq-platform] [hivemq-platform-operator] [7dfae362] 23:51:49.423 [ReconcilerExecutor-hivemq-controller-53] DEBUG c.h.p.o.HiveMQPlatformReconciler - [helmcont] Custom Resource Spec (replicas: 1) (extensions: 1)
2025-01-28 23:51:49,459 INFO c.h.h.t.HelmChartContainer - [hivemq-test-hivemq-platform] [hivemq-platform-operator] [7dfae362] 23:51:49.458 [ReconcilerExecutor-hivemq-controller-53] INFO  c.h.p.o.h.HiveMQPlatformReconcilerBaseHandler - [helmcont] HiveMQ Platform is starting
2025-01-28 23:51:49,591 INFO c.h.h.t.HelmChartContainer - [hivemq-test-hivemq-platform] [hivemq-platform-operator] [7dfae362] 23:51:49.590 [ReconcilerExecutor-hivemq-controller-53] DEBUG c.h.p.operator.event.EventSender - [helmcont] Creating K8s event hivemq-platform-starting: [Start] HiveMQ Platform is starting
2025-01-28 23:51:49,600 INFO c.h.h.t.HelmChartContainer - [EVENT] Normal [Start] HiveMQ Platform is starting [helmcontainersecuritycontextupgradeplatformit:test-hivemq-platform]
2025-01-28 23:51:49,658 INFO c.h.h.t.HelmChartContainer - [hivemq-test-hivemq-platform] [hivemq-platform-operator] [7dfae362] 23:51:49.657 [ReconcilerExecutor-hivemq-controller-53] INFO  c.h.p.o.h.AbstractHiveMQReconcilerStateHandler - [helmcont] Update HiveMQ Platform Status (CREATED [READY] -> STARTING [READY]): HiveMQ Platform is starting
2025-01-28 23:51:49,700 DEBUG com.hivemq.helmcharts.util.K8sUtil - Comparing actual state 'STARTING' and waiting for 'RUNNING'
2025-01-28 23:51:59,712 INFO c.h.h.t.HelmChartContainer - [hivemq-test-hivemq-platform] [hivemq-platform-operator] [7dfae362] 23:51:59.708 [pool-6-thread-12] DEBUG c.h.p.o.d.PlatformServiceResource - [helmcont] Desired Platform services (3 services)
2025-01-28 23:51:59,713 INFO c.h.h.t.HelmChartContainer - [hivemq-test-hivemq-platform] [hivemq-platform-operator] [7dfae362] 23:51:59.709 [pool-6-thread-13] DEBUG c.h.p.o.dependants.PodInfoConfigMap - [helmcont] Desired PodInfo ConfigMap (1 extensions) (1 enabled)
2025-01-28 23:51:59,713 INFO c.h.h.t.HelmChartContainer - [hivemq-test-hivemq-platform] [hivemq-platform-operator] [7dfae362] 23:51:59.709 [pool-6-thread-13] DEBUG c.h.p.o.dependants.PodInfoConfigMap - [helmcont] Desired PodInfo ConfigMap (metrics port: 9399) (metrics path: /)
2025-01-28 23:51:59,713 INFO c.h.h.t.HelmChartContainer - [hivemq-test-hivemq-platform] [hivemq-platform-operator] [7dfae362] 23:51:59.709 [pool-6-thread-13] DEBUG c.h.p.o.dependants.PodInfoConfigMap - [helmcont] Desired PodInfo ConfigMap (extension state hash: -1817474005)
2025-01-28 23:51:59,716 INFO c.h.h.t.HelmChartContainer - [hivemq-test-hivemq-platform] [hivemq-platform-operator] [7dfae362] 23:51:59.713 [pool-6-thread-17] DEBUG c.h.p.o.d.PodServiceAccountResource - [helmcont] Desired PodServiceAccountResource (serviceAccountName: hivemq-platform-pod-test-hivemq-platform)
2025-01-28 23:51:59,716 INFO c.h.h.t.HelmChartContainer - [hivemq-test-hivemq-platform] [hivemq-platform-operator] [7dfae362] 23:51:59.714 [pool-6-thread-13] DEBUG c.h.p.o.dependants.PodInfoConfigMap - [helmcont] Update PodInfo ConfigMap
2025-01-28 23:51:59,794 INFO c.h.h.t.HelmChartContainer - [K3S] [alloc.go:330] "allocated clusterIPs" service="helmcontainersecuritycontextupgradeplatformit/hivemq-test-hivemq-platform-metrics-9399" clusterIPs={"IPv4":"10.43.51.230"}
2025-01-28 23:51:59,805 INFO c.h.h.t.HelmChartContainer - [K3S] [alloc.go:330] "allocated clusterIPs" service="helmcontainersecuritycontextupgradeplatformit/hivemq-test-hivemq-platform-mqtt-1883" clusterIPs={"IPv4":"10.43.93.55"}
2025-01-28 23:51:59,815 INFO c.h.h.t.HelmChartContainer - [K3S] [alloc.go:330] "allocated clusterIPs" service="helmcontainersecuritycontextupgradeplatformit/hivemq-test-hivemq-platform-cc-8080" clusterIPs={"IPv4":"10.43.175.131"}
2025-01-28 23:51:59,891 INFO c.h.h.t.HelmChartContainer - [hivemq-test-hivemq-platform] [hivemq-platform-operator] [7dfae362] 23:51:59.886 [pool-6-thread-20] DEBUG c.h.p.o.d.StatefulSetResource - [helmcont] Desired StatefulSet (1 replicas) for status STARTING (READY)
2025-01-28 23:51:59,907 INFO c.h.h.t.HelmChartContainer - [hivemq-test-hivemq-platform] [hivemq-platform-operator] [7dfae362] 23:51:59.905 [pool-6-thread-20] DEBUG c.h.p.o.d.StatefulSetResource - [helmcont] Create StatefulSet
2025-01-28 23:52:00,020 INFO c.h.h.t.HelmChartContainer - [POD] test-hivemq-platform-0 [af31bd0e-46a1-4401-bf78-96a2ff1b4dce] in helmcontainersecuritycontextupgradeplatformit was ADDED
2025-01-28 23:52:00,021 INFO c.h.h.t.HelmChartContainer - [EVENT] Normal [SuccessfulCreate] create Pod test-hivemq-platform-0 in StatefulSet test-hivemq-platform successful [helmcontainersecuritycontextupgradeplatformit:test-hivemq-platform]
2025-01-28 23:52:00,025 INFO c.h.h.t.HelmChartContainer - [EVENT] Normal [Scheduled] Successfully assigned helmcontainersecuritycontextupgradeplatformit/test-hivemq-platform-0 to 0c997a873dc5 [helmcontainersecuritycontextupgradeplatformit:test-hivemq-platform-0]
2025-01-28 23:52:00,025 INFO c.h.h.t.HelmChartContainer - [POD] test-hivemq-platform-0 [af31bd0e-46a1-4401-bf78-96a2ff1b4dce] in helmcontainersecuritycontextupgradeplatformit was MODIFIED
2025-01-28 23:52:00,036 INFO c.h.h.t.HelmChartContainer - [POD] test-hivemq-platform-0 [af31bd0e-46a1-4401-bf78-96a2ff1b4dce] in helmcontainersecuritycontextupgradeplatformit was MODIFIED
2025-01-28 23:52:00,096 INFO c.h.h.t.HelmChartContainer - [hivemq-test-hivemq-platform] [hivemq-platform-operator] [7dfae362] 23:52:00.092 [ReconcilerExecutor-hivemq-controller-64] INFO  c.h.p.o.HiveMQPlatformReconciler - [helmcont] Reconciling HiveMQ Platform 'test-hivemq-platform' in namespace 'helmcontainersecuritycontextupgradeplatformit'
2025-01-28 23:52:00,096 INFO c.h.h.t.HelmChartContainer - [hivemq-test-hivemq-platform] [hivemq-platform-operator] [7dfae362] 23:52:00.093 [ReconcilerExecutor-hivemq-controller-64] DEBUG c.h.p.o.HiveMQPlatformReconciler - [helmcont] Custom Resource Status STARTING - HiveMQ Platform is starting (READY)
2025-01-28 23:52:00,096 INFO c.h.h.t.HelmChartContainer - [hivemq-test-hivemq-platform] [hivemq-platform-operator] [7dfae362] 23:52:00.093 [ReconcilerExecutor-hivemq-controller-64] DEBUG c.h.p.o.HiveMQPlatformReconciler - [helmcont] Custom Resource Spec (replicas: 1) (extensions: 1)
2025-01-28 23:52:00,139 INFO c.h.h.t.HelmChartContainer - [K3S] [reconciler_common.go:251] "operationExecutor.VerifyControllerAttachedVolume started for volume \"operator-init\" (UniqueName: \"kubernetes.io/empty-dir/af31bd0e-46a1-4401-bf78-96a2ff1b4dce-operator-init\") pod \"test-hivemq-platform-0\" (UID: \"af31bd0e-46a1-4401-bf78-96a2ff1b4dce\") " pod="helmcontainersecuritycontextupgradeplatformit/test-hivemq-platform-0"
2025-01-28 23:52:00,139 INFO c.h.h.t.HelmChartContainer - [K3S] [reconciler_common.go:251] "operationExecutor.VerifyControllerAttachedVolume started for volume \"pod-info\" (UniqueName: \"kubernetes.io/configmap/af31bd0e-46a1-4401-bf78-96a2ff1b4dce-pod-info\") pod \"test-hivemq-platform-0\" (UID: \"af31bd0e-46a1-4401-bf78-96a2ff1b4dce\") " pod="helmcontainersecuritycontextupgradeplatformit/test-hivemq-platform-0"
2025-01-28 23:52:00,139 INFO c.h.h.t.HelmChartContainer - [K3S] [reconciler_common.go:251] "operationExecutor.VerifyControllerAttachedVolume started for volume \"broker-configuration\" (UniqueName: \"kubernetes.io/configmap/af31bd0e-46a1-4401-bf78-96a2ff1b4dce-broker-configuration\") pod \"test-hivemq-platform-0\" (UID: \"af31bd0e-46a1-4401-bf78-96a2ff1b4dce\") " pod="helmcontainersecuritycontextupgradeplatformit/test-hivemq-platform-0"
2025-01-28 23:52:00,139 INFO c.h.h.t.HelmChartContainer - [K3S] [reconciler_common.go:251] "operationExecutor.VerifyControllerAttachedVolume started for volume \"kube-api-access-wbrh8\" (UniqueName: \"kubernetes.io/projected/af31bd0e-46a1-4401-bf78-96a2ff1b4dce-kube-api-access-wbrh8\") pod \"test-hivemq-platform-0\" (UID: \"af31bd0e-46a1-4401-bf78-96a2ff1b4dce\") " pod="helmcontainersecuritycontextupgradeplatformit/test-hivemq-platform-0"
2025-01-28 23:52:00,187 INFO c.h.h.t.HelmChartContainer - [hivemq-test-hivemq-platform] [hivemq-platform-operator] [7dfae362] 23:52:00.184 [ReconcilerExecutor-hivemq-controller-64] DEBUG c.h.p.o.HiveMQPlatformReconciler - [helmcont] StatefulSet Status (revision: test-hivemq-platform-5fb49467b6, replicas: 1, available: 0, ready: 0, current: 1, updated: 1)
2025-01-28 23:52:00,187 INFO c.h.h.t.HelmChartContainer - [hivemq-test-hivemq-platform] [hivemq-platform-operator] [7dfae362] 23:52:00.185 [ReconcilerExecutor-hivemq-controller-64] DEBUG c.h.p.o.HiveMQPlatformReconciler - [helmcont] StatefulSet Spec (replicas: 1, init containers: 1, containers: 1, volumes: 3)
2025-01-28 23:52:00,197 INFO c.h.h.t.HelmChartContainer - [hivemq-test-hivemq-platform] [hivemq-platform-operator] [7dfae362] 23:52:00.196 [ReconcilerExecutor-hivemq-controller-64] DEBUG c.h.p.o.h.HiveMQPlatformReconcilerErrorHandler - [helmcont] Pod 'test-hivemq-platform-0' phase Pending
2025-01-28 23:52:00,199 INFO c.h.h.t.HelmChartContainer - [hivemq-test-hivemq-platform] [hivemq-platform-operator] [7dfae362] 23:52:00.197 [ReconcilerExecutor-hivemq-controller-64] DEBUG c.h.p.o.h.HiveMQPlatformReconcilerErrorHandler - [helmcont] Pod 'test-hivemq-platform-0' condition 'PodReadyToStartContainers': False
2025-01-28 23:52:00,199 INFO c.h.h.t.HelmChartContainer - [hivemq-test-hivemq-platform] [hivemq-platform-operator] [7dfae362] 23:52:00.197 [ReconcilerExecutor-hivemq-controller-64] DEBUG c.h.p.o.h.HiveMQPlatformReconcilerErrorHandler - [helmcont] Pod 'test-hivemq-platform-0' condition 'Initialized': False
2025-01-28 23:52:00,199 INFO c.h.h.t.HelmChartContainer - [hivemq-test-hivemq-platform] [hivemq-platform-operator] [7dfae362] 23:52:00.197 [ReconcilerExecutor-hivemq-controller-64] DEBUG c.h.p.o.h.HiveMQPlatformReconcilerErrorHandler - [helmcont] Pod 'test-hivemq-platform-0' condition 'Ready': False
2025-01-28 23:52:00,199 INFO c.h.h.t.HelmChartContainer - [hivemq-test-hivemq-platform] [hivemq-platform-operator] [7dfae362] 23:52:00.197 [ReconcilerExecutor-hivemq-controller-64] DEBUG c.h.p.o.h.HiveMQPlatformReconcilerErrorHandler - [helmcont] Pod 'test-hivemq-platform-0' condition 'ContainersReady': False
2025-01-28 23:52:00,199 INFO c.h.h.t.HelmChartContainer - [hivemq-test-hivemq-platform] [hivemq-platform-operator] [7dfae362] 23:52:00.197 [ReconcilerExecutor-hivemq-controller-64] DEBUG c.h.p.o.h.HiveMQPlatformReconcilerErrorHandler - [helmcont] Pod 'test-hivemq-platform-0' condition 'PodScheduled': True
2025-01-28 23:52:00,199 INFO c.h.h.t.HelmChartContainer - [hivemq-test-hivemq-platform] [hivemq-platform-operator] [7dfae362] 23:52:00.197 [ReconcilerExecutor-hivemq-controller-64] DEBUG c.h.p.o.h.HiveMQPlatformReconcilerErrorHandler - [helmcont] Pod 'test-hivemq-platform-0' containerStatus 'hivemq' (started: false) (ready: false) (waiting: [PodInitializing] null)
2025-01-28 23:52:00,200 INFO c.h.h.t.HelmChartContainer - [hivemq-test-hivemq-platform] [hivemq-platform-operator] [7dfae362] 23:52:00.199 [ReconcilerExecutor-hivemq-controller-64] INFO  c.h.p.o.h.HiveMQPlatformReconcilerBaseHandler - [helmcont] HiveMQ Platform is starting, 0 of 1 replicas are ready
2025-01-28 23:52:00,288 INFO c.h.h.t.HelmChartContainer - [hivemq-test-hivemq-platform] [hivemq-platform-operator] [7dfae362] 23:52:00.286 [pool-6-thread-22] DEBUG c.h.p.o.d.PlatformServiceResource - [helmcont] Desired Platform services (3 services)
2025-01-28 23:52:00,293 INFO c.h.h.t.HelmChartContainer - [hivemq-test-hivemq-platform] [hivemq-platform-operator] [7dfae362] 23:52:00.287 [pool-6-thread-23] DEBUG c.h.p.o.dependants.PodInfoConfigMap - [helmcont] Desired PodInfo ConfigMap (1 extensions) (1 enabled)
2025-01-28 23:52:00,293 INFO c.h.h.t.HelmChartContainer - [hivemq-test-hivemq-platform] [hivemq-platform-operator] [7dfae362] 23:52:00.287 [pool-6-thread-23] DEBUG c.h.p.o.dependants.PodInfoConfigMap - [helmcont] Desired PodInfo ConfigMap (metrics port: 9399) (metrics path: /)
2025-01-28 23:52:00,293 INFO c.h.h.t.HelmChartContainer - [hivemq-test-hivemq-platform] [hivemq-platform-operator] [7dfae362] 23:52:00.287 [pool-6-thread-23] DEBUG c.h.p.o.dependants.PodInfoConfigMap - [helmcont] Desired PodInfo ConfigMap (extension state hash: -1817474005)
2025-01-28 23:52:00,293 INFO c.h.h.t.HelmChartContainer - [hivemq-test-hivemq-platform] [hivemq-platform-operator] [7dfae362] 23:52:00.291 [pool-6-thread-27] DEBUG c.h.p.o.d.PodServiceAccountResource - [helmcont] Desired PodServiceAccountResource (serviceAccountName: hivemq-platform-pod-test-hivemq-platform)
2025-01-28 23:52:00,300 INFO c.h.h.t.HelmChartContainer - [hivemq-test-hivemq-platform] [hivemq-platform-operator] [7dfae362] 23:52:00.299 [pool-6-thread-30] DEBUG c.h.p.o.d.StatefulSetResource - [helmcont] Desired StatefulSet (1 replicas) for status STARTING (READY)
2025-01-28 23:52:00,391 INFO c.h.h.t.HelmChartContainer - [hivemq-test-hivemq-platform] [hivemq-platform-operator] [7dfae362] 23:52:00.389 [ReconcilerExecutor-hivemq-controller-75] INFO  c.h.p.o.HiveMQPlatformReconciler - [helmcont] Reconciling HiveMQ Platform 'test-hivemq-platform' in namespace 'helmcontainersecuritycontextupgradeplatformit'
2025-01-28 23:52:00,394 INFO c.h.h.t.HelmChartContainer - [hivemq-test-hivemq-platform] [hivemq-platform-operator] [7dfae362] 23:52:00.389 [ReconcilerExecutor-hivemq-controller-75] DEBUG c.h.p.o.HiveMQPlatformReconciler - [helmcont] Custom Resource Status STARTING - HiveMQ Platform is starting (READY)
2025-01-28 23:52:00,395 INFO c.h.h.t.HelmChartContainer - [hivemq-test-hivemq-platform] [hivemq-platform-operator] [7dfae362] 23:52:00.389 [ReconcilerExecutor-hivemq-controller-75] DEBUG c.h.p.o.HiveMQPlatformReconciler - [helmcont] Custom Resource Spec (replicas: 1) (extensions: 1)
2025-01-28 23:52:00,395 INFO c.h.h.t.HelmChartContainer - [hivemq-test-hivemq-platform] [hivemq-platform-operator] [7dfae362] 23:52:00.392 [ReconcilerExecutor-hivemq-controller-75] DEBUG c.h.p.o.HiveMQPlatformReconciler - [helmcont] StatefulSet Status (revision: test-hivemq-platform-5fb49467b6, replicas: 1, available: 0, ready: 0, current: 1, updated: 1)
2025-01-28 23:52:00,395 INFO c.h.h.t.HelmChartContainer - [hivemq-test-hivemq-platform] [hivemq-platform-operator] [7dfae362] 23:52:00.392 [ReconcilerExecutor-hivemq-controller-75] DEBUG c.h.p.o.HiveMQPlatformReconciler - [helmcont] StatefulSet Spec (replicas: 1, init containers: 1, containers: 1, volumes: 3)
2025-01-28 23:52:00,398 INFO c.h.h.t.HelmChartContainer - [hivemq-test-hivemq-platform] [hivemq-platform-operator] [7dfae362] 23:52:00.395 [ReconcilerExecutor-hivemq-controller-75] DEBUG c.h.p.o.h.HiveMQPlatformReconcilerErrorHandler - [helmcont] Pod 'test-hivemq-platform-0' phase Pending
2025-01-28 23:52:00,400 INFO c.h.h.t.HelmChartContainer - [hivemq-test-hivemq-platform] [hivemq-platform-operator] [7dfae362] 23:52:00.399 [ReconcilerExecutor-hivemq-controller-75] DEBUG c.h.p.o.h.HiveMQPlatformReconcilerErrorHandler - [helmcont] Pod 'test-hivemq-platform-0' condition 'PodReadyToStartContainers': False
2025-01-28 23:52:00,402 INFO c.h.h.t.HelmChartContainer - [hivemq-test-hivemq-platform] [hivemq-platform-operator] [7dfae362] 23:52:00.400 [ReconcilerExecutor-hivemq-controller-75] DEBUG c.h.p.o.h.HiveMQPlatformReconcilerErrorHandler - [helmcont] Pod 'test-hivemq-platform-0' condition 'Initialized': False
2025-01-28 23:52:00,403 INFO c.h.h.t.HelmChartContainer - [hivemq-test-hivemq-platform] [hivemq-platform-operator] [7dfae362] 23:52:00.401 [ReconcilerExecutor-hivemq-controller-75] DEBUG c.h.p.o.h.HiveMQPlatformReconcilerErrorHandler - [helmcont] Pod 'test-hivemq-platform-0' condition 'Ready': False
2025-01-28 23:52:00,404 INFO c.h.h.t.HelmChartContainer - [hivemq-test-hivemq-platform] [hivemq-platform-operator] [7dfae362] 23:52:00.401 [ReconcilerExecutor-hivemq-controller-75] DEBUG c.h.p.o.h.HiveMQPlatformReconcilerErrorHandler - [helmcont] Pod 'test-hivemq-platform-0' condition 'ContainersReady': False
2025-01-28 23:52:00,404 INFO c.h.h.t.HelmChartContainer - [hivemq-test-hivemq-platform] [hivemq-platform-operator] [7dfae362] 23:52:00.401 [ReconcilerExecutor-hivemq-controller-75] DEBUG c.h.p.o.h.HiveMQPlatformReconcilerErrorHandler - [helmcont] Pod 'test-hivemq-platform-0' condition 'PodScheduled': True
2025-01-28 23:52:00,404 INFO c.h.h.t.HelmChartContainer - [hivemq-test-hivemq-platform] [hivemq-platform-operator] [7dfae362] 23:52:00.401 [ReconcilerExecutor-hivemq-controller-75] DEBUG c.h.p.o.h.HiveMQPlatformReconcilerErrorHandler - [helmcont] Pod 'test-hivemq-platform-0' containerStatus 'hivemq' (started: false) (ready: false) (waiting: [PodInitializing] null)
2025-01-28 23:52:00,405 INFO c.h.h.t.HelmChartContainer - [hivemq-test-hivemq-platform] [hivemq-platform-operator] [7dfae362] 23:52:00.404 [ReconcilerExecutor-hivemq-controller-75] INFO  c.h.p.o.h.HiveMQPlatformReconcilerBaseHandler - [helmcont] HiveMQ Platform is starting, 0 of 1 replicas are ready
2025-01-28 23:52:00,426 INFO c.h.h.t.HelmChartContainer - [EVENT] Normal [Pulled] Container image "docker.io/hivemq/hivemq-platform-operator-init-test:snapshot" already present on machine [helmcontainersecuritycontextupgradeplatformit:test-hivemq-platform-0]
2025-01-28 23:52:00,432 INFO c.h.h.t.HelmChartContainer - [EVENT] Normal [Created] Created container: hivemq-platform-operator-init [helmcontainersecuritycontextupgradeplatformit:test-hivemq-platform-0]
2025-01-28 23:52:00,468 INFO c.h.h.t.HelmChartContainer - [EVENT] Normal [Started] Started container hivemq-platform-operator-init [helmcontainersecuritycontextupgradeplatformit:test-hivemq-platform-0]
2025-01-28 23:52:00,602 INFO c.h.h.t.HelmChartContainer - [POD] test-hivemq-platform-0 [af31bd0e-46a1-4401-bf78-96a2ff1b4dce] in helmcontainersecuritycontextupgradeplatformit was MODIFIED
2025-01-28 23:52:00,622 INFO c.h.h.t.HelmChartContainer - [hivemq-test-hivemq-platform] [hivemq-platform-operator] [7dfae362] 23:52:00.621 [pool-6-thread-32] DEBUG c.h.p.o.d.PlatformServiceResource - [helmcont] Desired Platform services (3 services)
2025-01-28 23:52:00,628 INFO c.h.h.t.HelmChartContainer - [hivemq-test-hivemq-platform] [hivemq-platform-operator] [7dfae362] 23:52:00.626 [pool-6-thread-33] DEBUG c.h.p.o.dependants.PodInfoConfigMap - [helmcont] Desired PodInfo ConfigMap (1 extensions) (1 enabled)
2025-01-28 23:52:00,629 INFO c.h.h.t.HelmChartContainer - [hivemq-test-hivemq-platform] [hivemq-platform-operator] [7dfae362] 23:52:00.628 [pool-6-thread-33] DEBUG c.h.p.o.dependants.PodInfoConfigMap - [helmcont] Desired PodInfo ConfigMap (metrics port: 9399) (metrics path: /)
2025-01-28 23:52:00,631 INFO c.h.h.t.HelmChartContainer - [hivemq-test-hivemq-platform] [hivemq-platform-operator] [7dfae362] 23:52:00.628 [pool-6-thread-33] DEBUG c.h.p.o.dependants.PodInfoConfigMap - [helmcont] Desired PodInfo ConfigMap (extension state hash: -1817474005)
2025-01-28 23:52:00,631 INFO c.h.h.t.HelmChartContainer - [hivemq-test-hivemq-platform] [hivemq-platform-operator] [7dfae362] 23:52:00.629 [pool-6-thread-37] DEBUG c.h.p.o.d.PodServiceAccountResource - [helmcont] Desired PodServiceAccountResource (serviceAccountName: hivemq-platform-pod-test-hivemq-platform)
2025-01-28 23:52:00,698 INFO c.h.h.t.HelmChartContainer - [hivemq-test-hivemq-platform] [hivemq-platform-operator] [7dfae362] 23:52:00.687 [pool-6-thread-40] DEBUG c.h.p.o.d.StatefulSetResource - [helmcont] Desired StatefulSet (1 replicas) for status STARTING (READY)
2025-01-28 23:52:00,698 INFO c.h.h.t.HelmChartContainer - [hivemq-test-hivemq-platform] [hivemq-platform-operator] [7dfae362] 23:52:00.691 [ReconcilerExecutor-hivemq-controller-86] INFO  c.h.p.o.HiveMQPlatformReconciler - [helmcont] Reconciling HiveMQ Platform 'test-hivemq-platform' in namespace 'helmcontainersecuritycontextupgradeplatformit'
2025-01-28 23:52:00,699 INFO c.h.h.t.HelmChartContainer - [hivemq-test-hivemq-platform] [hivemq-platform-operator] [7dfae362] 23:52:00.691 [ReconcilerExecutor-hivemq-controller-86] DEBUG c.h.p.o.HiveMQPlatformReconciler - [helmcont] Custom Resource Status STARTING - HiveMQ Platform is starting (READY)
2025-01-28 23:52:00,699 INFO c.h.h.t.HelmChartContainer - [hivemq-test-hivemq-platform] [hivemq-platform-operator] [7dfae362] 23:52:00.691 [ReconcilerExecutor-hivemq-controller-86] DEBUG c.h.p.o.HiveMQPlatformReconciler - [helmcont] Custom Resource Spec (replicas: 1) (extensions: 1)
2025-01-28 23:52:00,699 INFO c.h.h.t.HelmChartContainer - [hivemq-test-hivemq-platform] [hivemq-platform-operator] [7dfae362] 23:52:00.693 [ReconcilerExecutor-hivemq-controller-86] DEBUG c.h.p.o.HiveMQPlatformReconciler - [helmcont] StatefulSet Status (revision: test-hivemq-platform-5fb49467b6, replicas: 1, available: 0, ready: 0, current: 1, updated: 1)
2025-01-28 23:52:00,699 INFO c.h.h.t.HelmChartContainer - [hivemq-test-hivemq-platform] [hivemq-platform-operator] [7dfae362] 23:52:00.693 [ReconcilerExecutor-hivemq-controller-86] DEBUG c.h.p.o.HiveMQPlatformReconciler - [helmcont] StatefulSet Spec (replicas: 1, init containers: 1, containers: 1, volumes: 3)
2025-01-28 23:52:00,699 INFO c.h.h.t.HelmChartContainer - [hivemq-test-hivemq-platform] [hivemq-platform-operator] [7dfae362] 23:52:00.696 [ReconcilerExecutor-hivemq-controller-86] DEBUG c.h.p.o.h.HiveMQPlatformReconcilerErrorHandler - [helmcont] Pod 'test-hivemq-platform-0' phase Pending
2025-01-28 23:52:00,702 INFO c.h.h.t.HelmChartContainer - [hivemq-test-hivemq-platform] [hivemq-platform-operator] [7dfae362] 23:52:00.696 [ReconcilerExecutor-hivemq-controller-86] DEBUG c.h.p.o.h.HiveMQPlatformReconcilerErrorHandler - [helmcont] Pod 'test-hivemq-platform-0' condition 'PodReadyToStartContainers': True
2025-01-28 23:52:00,702 INFO c.h.h.t.HelmChartContainer - [hivemq-test-hivemq-platform] [hivemq-platform-operator] [7dfae362] 23:52:00.696 [ReconcilerExecutor-hivemq-controller-86] DEBUG c.h.p.o.h.HiveMQPlatformReconcilerErrorHandler - [helmcont] Pod 'test-hivemq-platform-0' condition 'Initialized': False
2025-01-28 23:52:00,702 INFO c.h.h.t.HelmChartContainer - [hivemq-test-hivemq-platform] [hivemq-platform-operator] [7dfae362] 23:52:00.696 [ReconcilerExecutor-hivemq-controller-86] DEBUG c.h.p.o.h.HiveMQPlatformReconcilerErrorHandler - [helmcont] Pod 'test-hivemq-platform-0' condition 'Ready': False
2025-01-28 23:52:00,702 INFO c.h.h.t.HelmChartContainer - [hivemq-test-hivemq-platform] [hivemq-platform-operator] [7dfae362] 23:52:00.696 [ReconcilerExecutor-hivemq-controller-86] DEBUG c.h.p.o.h.HiveMQPlatformReconcilerErrorHandler - [helmcont] Pod 'test-hivemq-platform-0' condition 'ContainersReady': False
2025-01-28 23:52:00,702 INFO c.h.h.t.HelmChartContainer - [hivemq-test-hivemq-platform] [hivemq-platform-operator] [7dfae362] 23:52:00.696 [ReconcilerExecutor-hivemq-controller-86] DEBUG c.h.p.o.h.HiveMQPlatformReconcilerErrorHandler - [helmcont] Pod 'test-hivemq-platform-0' condition 'PodScheduled': True
2025-01-28 23:52:00,702 INFO c.h.h.t.HelmChartContainer - [hivemq-test-hivemq-platform] [hivemq-platform-operator] [7dfae362] 23:52:00.696 [ReconcilerExecutor-hivemq-controller-86] DEBUG c.h.p.o.h.HiveMQPlatformReconcilerErrorHandler - [helmcont] Pod 'test-hivemq-platform-0' containerStatus 'hivemq' (started: false) (ready: false) (waiting: [PodInitializing] null)
2025-01-28 23:52:00,702 INFO c.h.h.t.HelmChartContainer - [hivemq-test-hivemq-platform] [hivemq-platform-operator] [7dfae362] 23:52:00.697 [ReconcilerExecutor-hivemq-controller-86] INFO  c.h.p.o.h.HiveMQPlatformReconcilerBaseHandler - [helmcont] HiveMQ Platform is starting, 0 of 1 replicas are ready
2025-01-28 23:52:01,597 INFO c.h.h.t.HelmChartContainer - [EVENT] Normal [Pulled] Container image "docker.io/hivemq/hivemq4:4.36.0" already present on machine [helmcontainersecuritycontextupgradeplatformit:test-hivemq-platform-0]
2025-01-28 23:52:01,598 INFO c.h.h.t.HelmChartContainer - Received Pulled event for container hivemq in pod test-hivemq-platform-0 [af31bd0e-46a1-4401-bf78-96a2ff1b4dce]
2025-01-28 23:52:01,608 INFO c.h.h.t.HelmChartContainer - [POD] test-hivemq-platform-0 [af31bd0e-46a1-4401-bf78-96a2ff1b4dce] in helmcontainersecuritycontextupgradeplatformit was MODIFIED
2025-01-28 23:52:01,611 INFO c.h.h.t.HelmChartContainer - [EVENT] Normal [Created] Created container: hivemq [helmcontainersecuritycontextupgradeplatformit:test-hivemq-platform-0]
2025-01-28 23:52:01,611 INFO c.h.h.t.HelmChartContainer - Received Created event for container hivemq in pod test-hivemq-platform-0 [af31bd0e-46a1-4401-bf78-96a2ff1b4dce]
2025-01-28 23:52:01,629 INFO c.h.h.t.HelmChartContainer - [hivemq-test-hivemq-platform] [hivemq-platform-operator] [7dfae362] 23:52:01.628 [pool-6-thread-42] DEBUG c.h.p.o.d.PlatformServiceResource - [helmcont] Desired Platform services (3 services)
2025-01-28 23:52:01,643 INFO c.h.h.t.HelmChartContainer - [hivemq-test-hivemq-platform] [hivemq-platform-operator] [7dfae362] 23:52:01.635 [pool-6-thread-47] DEBUG c.h.p.o.d.PodServiceAccountResource - [helmcont] Desired PodServiceAccountResource (serviceAccountName: hivemq-platform-pod-test-hivemq-platform)
2025-01-28 23:52:01,644 INFO c.h.h.t.HelmChartContainer - [hivemq-test-hivemq-platform] [hivemq-platform-operator] [7dfae362] 23:52:01.637 [pool-6-thread-43] DEBUG c.h.p.o.dependants.PodInfoConfigMap - [helmcont] Desired PodInfo ConfigMap (1 extensions) (1 enabled)
2025-01-28 23:52:01,644 INFO c.h.h.t.HelmChartContainer - [hivemq-test-hivemq-platform] [hivemq-platform-operator] [7dfae362] 23:52:01.637 [pool-6-thread-43] DEBUG c.h.p.o.dependants.PodInfoConfigMap - [helmcont] Desired PodInfo ConfigMap (metrics port: 9399) (metrics path: /)
2025-01-28 23:52:01,644 INFO c.h.h.t.HelmChartContainer - [hivemq-test-hivemq-platform] [hivemq-platform-operator] [7dfae362] 23:52:01.637 [pool-6-thread-43] DEBUG c.h.p.o.dependants.PodInfoConfigMap - [helmcont] Desired PodInfo ConfigMap (extension state hash: -1817474005)
2025-01-28 23:52:01,689 INFO c.h.h.t.HelmChartContainer - [hivemq-test-hivemq-platform] [hivemq-platform-operator] [7dfae362] 23:52:01.686 [pool-6-thread-49] DEBUG c.h.p.o.d.StatefulSetResource - [helmcont] Desired StatefulSet (1 replicas) for status STARTING (READY)
2025-01-28 23:52:01,697 INFO c.h.h.t.HelmChartContainer - [hivemq-test-hivemq-platform] [hivemq-platform-operator] [7dfae362] 23:52:01.693 [ReconcilerExecutor-hivemq-controller-97] INFO  c.h.p.o.HiveMQPlatformReconciler - [helmcont] Reconciling HiveMQ Platform 'test-hivemq-platform' in namespace 'helmcontainersecuritycontextupgradeplatformit'
2025-01-28 23:52:01,698 INFO c.h.h.t.HelmChartContainer - [hivemq-test-hivemq-platform] [hivemq-platform-operator] [7dfae362] 23:52:01.693 [ReconcilerExecutor-hivemq-controller-97] DEBUG c.h.p.o.HiveMQPlatformReconciler - [helmcont] Custom Resource Status STARTING - HiveMQ Platform is starting (READY)
2025-01-28 23:52:01,698 INFO c.h.h.t.HelmChartContainer - [hivemq-test-hivemq-platform] [hivemq-platform-operator] [7dfae362] 23:52:01.693 [ReconcilerExecutor-hivemq-controller-97] DEBUG c.h.p.o.HiveMQPlatformReconciler - [helmcont] Custom Resource Spec (replicas: 1) (extensions: 1)
2025-01-28 23:52:01,701 INFO c.h.h.t.HelmChartContainer - [hivemq-test-hivemq-platform] [hivemq-platform-operator] [7dfae362] 23:52:01.697 [ReconcilerExecutor-hivemq-controller-97] DEBUG c.h.p.o.HiveMQPlatformReconciler - [helmcont] StatefulSet Status (revision: test-hivemq-platform-5fb49467b6, replicas: 1, available: 0, ready: 0, current: 1, updated: 1)
2025-01-28 23:52:01,701 INFO c.h.h.t.HelmChartContainer - [hivemq-test-hivemq-platform] [hivemq-platform-operator] [7dfae362] 23:52:01.700 [ReconcilerExecutor-hivemq-controller-97] DEBUG c.h.p.o.HiveMQPlatformReconciler - [helmcont] StatefulSet Spec (replicas: 1, init containers: 1, containers: 1, volumes: 3)
2025-01-28 23:52:01,707 INFO c.h.h.t.HelmChartContainer - [hivemq-test-hivemq-platform] [hivemq-platform-operator] [7dfae362] 23:52:01.706 [ReconcilerExecutor-hivemq-controller-97] DEBUG c.h.p.o.h.HiveMQPlatformReconcilerErrorHandler - [helmcont] Pod 'test-hivemq-platform-0' phase Pending
2025-01-28 23:52:01,708 INFO c.h.h.t.HelmChartContainer - [hivemq-test-hivemq-platform] [hivemq-platform-operator] [7dfae362] 23:52:01.706 [ReconcilerExecutor-hivemq-controller-97] DEBUG c.h.p.o.h.HiveMQPlatformReconcilerErrorHandler - [helmcont] Pod 'test-hivemq-platform-0' condition 'PodReadyToStartContainers': True
2025-01-28 23:52:01,709 INFO c.h.h.t.HelmChartContainer - [hivemq-test-hivemq-platform] [hivemq-platform-operator] [7dfae362] 23:52:01.706 [ReconcilerExecutor-hivemq-controller-97] DEBUG c.h.p.o.h.HiveMQPlatformReconcilerErrorHandler - [helmcont] Pod 'test-hivemq-platform-0' condition 'Initialized': True
2025-01-28 23:52:01,709 INFO c.h.h.t.HelmChartContainer - [hivemq-test-hivemq-platform] [hivemq-platform-operator] [7dfae362] 23:52:01.707 [ReconcilerExecutor-hivemq-controller-97] DEBUG c.h.p.o.h.HiveMQPlatformReconcilerErrorHandler - [helmcont] Pod 'test-hivemq-platform-0' condition 'Ready': False
2025-01-28 23:52:01,710 INFO c.h.h.t.HelmChartContainer - [hivemq-test-hivemq-platform] [hivemq-platform-operator] [7dfae362] 23:52:01.707 [ReconcilerExecutor-hivemq-controller-97] DEBUG c.h.p.o.h.HiveMQPlatformReconcilerErrorHandler - [helmcont] Pod 'test-hivemq-platform-0' condition 'ContainersReady': False
2025-01-28 23:52:01,710 INFO c.h.h.t.HelmChartContainer - [hivemq-test-hivemq-platform] [hivemq-platform-operator] [7dfae362] 23:52:01.707 [ReconcilerExecutor-hivemq-controller-97] DEBUG c.h.p.o.h.HiveMQPlatformReconcilerErrorHandler - [helmcont] Pod 'test-hivemq-platform-0' condition 'PodScheduled': True
2025-01-28 23:52:01,710 INFO c.h.h.t.HelmChartContainer - [hivemq-test-hivemq-platform] [hivemq-platform-operator] [7dfae362] 23:52:01.707 [ReconcilerExecutor-hivemq-controller-97] DEBUG c.h.p.o.h.HiveMQPlatformReconcilerErrorHandler - [helmcont] Pod 'test-hivemq-platform-0' containerStatus 'hivemq' (started: false) (ready: false) (waiting: [PodInitializing] null)
2025-01-28 23:52:01,712 INFO c.h.h.t.HelmChartContainer - [hivemq-test-hivemq-platform] [hivemq-platform-operator] [7dfae362] 23:52:01.711 [ReconcilerExecutor-hivemq-controller-97] INFO  c.h.p.o.h.HiveMQPlatformReconcilerBaseHandler - [helmcont] HiveMQ Platform is starting, 0 of 1 replicas are ready
2025-01-28 23:52:02,615 INFO c.h.h.t.HelmChartContainer - [POD] test-hivemq-platform-0 [af31bd0e-46a1-4401-bf78-96a2ff1b4dce] in helmcontainersecuritycontextupgradeplatformit was MODIFIED
2025-01-28 23:52:02,624 INFO c.h.h.t.HelmChartContainer - [hivemq-test-hivemq-platform] [hivemq-platform-operator] [7dfae362] 23:52:02.620 [pool-6-thread-8] DEBUG c.h.p.o.d.PlatformServiceResource - [helmcont] Desired Platform services (3 services)
2025-01-28 23:52:02,627 INFO c.h.h.t.HelmChartContainer - [hivemq-test-hivemq-platform] [hivemq-platform-operator] [7dfae362] 23:52:02.621 [pool-6-thread-6] DEBUG c.h.p.o.dependants.PodInfoConfigMap - [helmcont] Desired PodInfo ConfigMap (1 extensions) (1 enabled)
2025-01-28 23:52:02,628 INFO c.h.h.t.HelmChartContainer - [hivemq-test-hivemq-platform] [hivemq-platform-operator] [7dfae362] 23:52:02.625 [pool-6-thread-6] DEBUG c.h.p.o.dependants.PodInfoConfigMap - [helmcont] Desired PodInfo ConfigMap (metrics port: 9399) (metrics path: /)
2025-01-28 23:52:02,631 INFO c.h.h.t.HelmChartContainer - [hivemq-test-hivemq-platform] [hivemq-platform-operator] [7dfae362] 23:52:02.626 [pool-6-thread-6] DEBUG c.h.p.o.dependants.PodInfoConfigMap - [helmcont] Desired PodInfo ConfigMap (extension state hash: -1817474005)
2025-01-28 23:52:02,632 INFO c.h.h.t.HelmChartContainer - [hivemq-test-hivemq-platform] [hivemq-platform-operator] [7dfae362] 23:52:02.629 [pool-6-thread-6] DEBUG c.h.p.o.d.PodServiceAccountResource - [helmcont] Desired PodServiceAccountResource (serviceAccountName: hivemq-platform-pod-test-hivemq-platform)
2025-01-28 23:52:02,636 INFO c.h.h.t.HelmChartContainer - [EVENT] Normal [Started] Started container hivemq [helmcontainersecuritycontextupgradeplatformit:test-hivemq-platform-0]
2025-01-28 23:52:02,636 INFO c.h.h.t.HelmChartContainer - Started log watcher for hivemq in pod test-hivemq-platform-0 [af31bd0e-46a1-4401-bf78-96a2ff1b4dce]
2025-01-28 23:52:02,636 INFO c.h.h.t.HelmChartContainer - Received Started event for container hivemq in pod test-hivemq-platform-0 [af31bd0e-46a1-4401-bf78-96a2ff1b4dce]
2025-01-28 23:52:02,636 INFO c.h.h.t.HelmChartContainer - [test-hivemq-platform] [hivemq] [af31bd0e] Adding pre-installed HiveMQ Platform Operator extensions
2025-01-28 23:52:02,636 INFO c.h.h.t.HelmChartContainer - [test-hivemq-platform] [hivemq] [af31bd0e] Running as user 0
2025-01-28 23:52:02,636 INFO c.h.h.t.HelmChartContainer - [test-hivemq-platform] [hivemq] [af31bd0e] Starting HiveMQ Platform Operator Init
2025-01-28 23:52:02,688 INFO c.h.h.t.HelmChartContainer - [hivemq-test-hivemq-platform] [hivemq-platform-operator] [7dfae362] 23:52:02.686 [pool-6-thread-8] DEBUG c.h.p.o.d.StatefulSetResource - [helmcont] Desired StatefulSet (1 replicas) for status STARTING (READY)
2025-01-28 23:52:02,695 INFO c.h.h.t.HelmChartContainer - [hivemq-test-hivemq-platform] [hivemq-platform-operator] [7dfae362] 23:52:02.692 [ReconcilerExecutor-hivemq-controller-108] INFO  c.h.p.o.HiveMQPlatformReconciler - [helmcont] Reconciling HiveMQ Platform 'test-hivemq-platform' in namespace 'helmcontainersecuritycontextupgradeplatformit'
2025-01-28 23:52:02,697 INFO c.h.h.t.HelmChartContainer - [hivemq-test-hivemq-platform] [hivemq-platform-operator] [7dfae362] 23:52:02.693 [ReconcilerExecutor-hivemq-controller-108] DEBUG c.h.p.o.HiveMQPlatformReconciler - [helmcont] Custom Resource Status STARTING - HiveMQ Platform is starting (READY)
2025-01-28 23:52:02,698 INFO c.h.h.t.HelmChartContainer - [hivemq-test-hivemq-platform] [hivemq-platform-operator] [7dfae362] 23:52:02.693 [ReconcilerExecutor-hivemq-controller-108] DEBUG c.h.p.o.HiveMQPlatformReconciler - [helmcont] Custom Resource Spec (replicas: 1) (extensions: 1)
2025-01-28 23:52:02,698 INFO c.h.h.t.HelmChartContainer - [hivemq-test-hivemq-platform] [hivemq-platform-operator] [7dfae362] 23:52:02.695 [ReconcilerExecutor-hivemq-controller-108] DEBUG c.h.p.o.HiveMQPlatformReconciler - [helmcont] StatefulSet Status (revision: test-hivemq-platform-5fb49467b6, replicas: 1, available: 0, ready: 0, current: 1, updated: 1)
2025-01-28 23:52:02,698 INFO c.h.h.t.HelmChartContainer - [hivemq-test-hivemq-platform] [hivemq-platform-operator] [7dfae362] 23:52:02.696 [ReconcilerExecutor-hivemq-controller-108] DEBUG c.h.p.o.HiveMQPlatformReconciler - [helmcont] StatefulSet Spec (replicas: 1, init containers: 1, containers: 1, volumes: 3)
2025-01-28 23:52:02,702 INFO c.h.h.t.HelmChartContainer - [hivemq-test-hivemq-platform] [hivemq-platform-operator] [7dfae362] 23:52:02.700 [ReconcilerExecutor-hivemq-controller-108] DEBUG c.h.p.o.h.HiveMQPlatformReconcilerErrorHandler - [helmcont] Pod 'test-hivemq-platform-0' phase Running
2025-01-28 23:52:02,703 INFO c.h.h.t.HelmChartContainer - [hivemq-test-hivemq-platform] [hivemq-platform-operator] [7dfae362] 23:52:02.701 [ReconcilerExecutor-hivemq-controller-108] INFO  c.h.p.o.h.HiveMQPlatformReconcilerBaseHandler - [helmcont] HiveMQ Platform is starting, 0 of 1 replicas are ready
2025-01-28 23:52:02,889 INFO c.h.h.t.HelmChartContainer - [test-hivemq-platform] [hivemq] [af31bd0e] INFO  - [HiveMQ Platform Operator Init 1.7.0-SNAPSHOT] HiveMQ Platform Operator Init 1.7.0-SNAPSHOT (commit: bebf408 on branch: HEAD) built on Sun Jan 26 20:47:47 UTC 2025
2025-01-28 23:52:04,098 INFO c.h.h.t.HelmChartContainer - [test-hivemq-platform] [hivemq] [af31bd0e] INFO  - [HiveMQ Platform Operator Init App 1.7.0-SNAPSHOT] Using bind address 10.42.0.6 from environment variable
2025-01-28 23:52:05,001 INFO c.h.h.t.HelmChartContainer - [test-hivemq-platform] [hivemq] [af31bd0e] INFO  - [HiveMQ Platform Operator Init App 1.7.0-SNAPSHOT] HiveMQ Platform Operator Init App 1.7.0-SNAPSHOT (commit: bebf408 on branch: HEAD) built on Sun Jan 26 20:47:47 UTC 2025
2025-01-28 23:52:05,001 INFO c.h.h.t.HelmChartContainer - [test-hivemq-platform] [hivemq] [af31bd0e] INFO  - [HiveMQ Platform Operator Init App 1.7.0-SNAPSHOT] PodInfo ConfigMap directory: /etc/podinfo
2025-01-28 23:52:05,001 INFO c.h.h.t.HelmChartContainer - [test-hivemq-platform] [hivemq] [af31bd0e] INFO  - [HiveMQ Platform Operator Init App 1.7.0-SNAPSHOT] HiveMQ home directory: /opt/hivemq
2025-01-28 23:52:05,001 INFO c.h.h.t.HelmChartContainer - [test-hivemq-platform] [hivemq] [af31bd0e] INFO  - [HiveMQ Platform Operator Init App 1.7.0-SNAPSHOT] HiveMQ Logback folder: /opt/hivemq/conf
2025-01-28 23:52:05,001 INFO c.h.h.t.HelmChartContainer - [test-hivemq-platform] [hivemq] [af31bd0e] INFO  - [HiveMQ Platform Operator Init App 1.7.0-SNAPSHOT] HiveMQ Config folder: /opt/hivemq/conf-k8s
2025-01-28 23:52:05,002 INFO c.h.h.t.HelmChartContainer - [test-hivemq-platform] [hivemq] [af31bd0e] INFO  - [HiveMQ Platform Operator Init App 1.7.0-SNAPSHOT] Starting HiveMQ Platform Operator Init App
2025-01-28 23:52:05,002 INFO c.h.h.t.HelmChartContainer - [test-hivemq-platform] [hivemq] [af31bd0e] INFO  - [HiveMQ Platform Operator Init App 1.7.0-SNAPSHOT] Starting Pod reconciler
2025-01-28 23:52:06,210 INFO c.h.h.t.HelmChartContainer - [test-hivemq-platform] [hivemq] [af31bd0e] INFO  - [HiveMQ Platform Operator Init App 1.7.0-SNAPSHOT] Pod reconciler is scheduled (interval: 5000 ms)
2025-01-28 23:52:06,211 INFO c.h.h.t.HelmChartContainer - [test-hivemq-platform] [hivemq] [af31bd0e] INFO  - [HiveMQ Platform Operator Init App 1.7.0-SNAPSHOT] Starting the REST API on 10.42.0.6:7979
2025-01-28 23:52:06,214 INFO c.h.h.t.HelmChartContainer - [test-hivemq-platform] [hivemq] [af31bd0e] INFO  - [HiveMQ Platform Operator Init App 1.7.0-SNAPSHOT] Waiting up to 600s for at most 1 HiveMQ nodes in cluster service hivemq-test-hivemq-platform-cluster.helmcontainersecuritycontextupgradeplatformit.svc
2025-01-28 23:52:06,590 INFO c.h.h.t.HelmChartContainer - [test-hivemq-platform] [hivemq] [af31bd0e] INFO  - [HiveMQ Platform Operator Init App 1.7.0-SNAPSHOT] Resolved 1 IP addresses: [10.42.0.6]
2025-01-28 23:52:06,591 INFO c.h.h.t.HelmChartContainer - [test-hivemq-platform] [hivemq] [af31bd0e] INFO  - [HiveMQ Platform Operator Init App 1.7.0-SNAPSHOT] HiveMQ node count of 1 is within threshold of 1
2025-01-28 23:52:06,591 INFO c.h.h.t.HelmChartContainer - [test-hivemq-platform] [hivemq] [af31bd0e] INFO  - [HiveMQ Platform Operator Init App 1.7.0-SNAPSHOT] Proceeding with container start
2025-01-28 23:52:06,620 INFO c.h.h.t.HelmChartContainer - [test-hivemq-platform] [hivemq] [af31bd0e] INFO  - [HiveMQ Platform Operator Init App 1.7.0-SNAPSHOT] Initializing HiveMQ Platform extensions with initial configuration: {hivemq-allow-all-extension={start-priority=-1, skip-https-hostname-verification=false, restart=true, config-version=0, header-version=0, c-uri=, priority=-1, uri=preinstalled, skip-https-certificate-validation=false, enabled=true}, hivemq-prometheus-extension={enabled=true, request-header-path=no-request-headers, uri=preinstalled, skip-https-certificate-validation=false, skip-https-hostname-verification=false, c-uri=, start-priority=-1, priority=-1, restart=true}}
2025-01-28 23:52:07,112 INFO c.h.h.t.HelmChartContainer - [test-hivemq-platform] [hivemq] [af31bd0e] INFO  - [HiveMQ Platform Operator Init App 1.7.0-SNAPSHOT] Extension hivemq-allow-all-extension was already enabled
2025-01-28 23:52:07,201 INFO c.h.h.t.HelmChartContainer - [test-hivemq-platform] [hivemq] [af31bd0e] INFO  - [HiveMQ Platform Operator Init App 1.7.0-SNAPSHOT] Successfully enabled extension hivemq-prometheus-extension
2025-01-28 23:52:07,203 INFO c.h.h.t.HelmChartContainer - [test-hivemq-platform] [hivemq] [af31bd0e] INFO  - [HiveMQ Platform Operator Init App 1.7.0-SNAPSHOT] Starting HiveMQ Platform version 4.36.0 (4.36.0)
2025-01-28 23:52:07,203 INFO c.h.h.t.HelmChartContainer - [test-hivemq-platform] [hivemq] [af31bd0e] INFO  - [HiveMQ Platform Operator Init App 1.7.0-SNAPSHOT] Configuring the HiveMQ Platform
2025-01-28 23:52:07,215 INFO c.h.h.t.HelmChartContainer - [test-hivemq-platform] [hivemq] [af31bd0e] INFO  - [HiveMQ Platform Operator Init App 1.7.0-SNAPSHOT] Changed logback.xml file scan period to 20 seconds
2025-01-28 23:52:07,308 INFO c.h.h.t.HelmChartContainer - [test-hivemq-platform] [hivemq] [af31bd0e] INFO  - [HiveMQ Platform Operator Init App 1.7.0-SNAPSHOT] Starting the HiveMQ Platform
2025-01-28 23:52:07,311 INFO c.h.h.t.HelmChartContainer - [test-hivemq-platform] [hivemq] [af31bd0e] -------------------------------------------------------------------------
2025-01-28 23:52:07,311 INFO c.h.h.t.HelmChartContainer - [test-hivemq-platform] [hivemq] [af31bd0e] 
2025-01-28 23:52:07,311 INFO c.h.h.t.HelmChartContainer - [test-hivemq-platform] [hivemq] [af31bd0e]                   _    _  _              __  __   ____
2025-01-28 23:52:07,311 INFO c.h.h.t.HelmChartContainer - [test-hivemq-platform] [hivemq] [af31bd0e]                  | |  | |(_)            |  \/  | / __ \
2025-01-28 23:52:07,311 INFO c.h.h.t.HelmChartContainer - [test-hivemq-platform] [hivemq] [af31bd0e]                  | |__| | _ __   __ ___ | \  / || |  | |
2025-01-28 23:52:07,311 INFO c.h.h.t.HelmChartContainer - [test-hivemq-platform] [hivemq] [af31bd0e]                  |  __  || |\ \ / // _ \| |\/| || |  | |
2025-01-28 23:52:07,312 INFO c.h.h.t.HelmChartContainer - [test-hivemq-platform] [hivemq] [af31bd0e]                  | |  | || | \ V /|  __/| |  | || |__| |
2025-01-28 23:52:07,312 INFO c.h.h.t.HelmChartContainer - [test-hivemq-platform] [hivemq] [af31bd0e]                  |_|  |_||_|  \_/  \___||_|  |_| \___\_\
2025-01-28 23:52:07,312 INFO c.h.h.t.HelmChartContainer - [test-hivemq-platform] [hivemq] [af31bd0e] 
2025-01-28 23:52:07,312 INFO c.h.h.t.HelmChartContainer - [test-hivemq-platform] [hivemq] [af31bd0e] -------------------------------------------------------------------------
2025-01-28 23:52:07,312 INFO c.h.h.t.HelmChartContainer - [test-hivemq-platform] [hivemq] [af31bd0e] 
2025-01-28 23:52:07,312 INFO c.h.h.t.HelmChartContainer - [test-hivemq-platform] [hivemq] [af31bd0e]   HiveMQ Start Script for Linux/Unix v1.14
2025-01-28 23:52:07,312 INFO c.h.h.t.HelmChartContainer - [test-hivemq-platform] [hivemq] [af31bd0e] 
2025-01-28 23:52:07,409 INFO c.h.h.t.HelmChartContainer - [test-hivemq-platform] [hivemq] [af31bd0e] -------------------------------------------------------------------------
2025-01-28 23:52:07,409 INFO c.h.h.t.HelmChartContainer - [test-hivemq-platform] [hivemq] [af31bd0e] 
2025-01-28 23:52:07,409 INFO c.h.h.t.HelmChartContainer - [test-hivemq-platform] [hivemq] [af31bd0e]   HIVEMQ_HOME: /opt/hivemq
2025-01-28 23:52:07,409 INFO c.h.h.t.HelmChartContainer - [test-hivemq-platform] [hivemq] [af31bd0e] 
2025-01-28 23:52:07,410 INFO c.h.h.t.HelmChartContainer - [test-hivemq-platform] [hivemq] [af31bd0e]   JAVA_OPTS: -XX:+UnlockExperimentalVMOptions -XX:InitialRAMPercentage=50 -XX:MaxRAMPercentage=50 -Djava.net.preferIPv4Stack=true --add-opens java.base/java.lang=ALL-UNNAMED --add-opens java.base/java.nio=ALL-UNNAMED --add-opens java.base/sun.nio.ch=ALL-UNNAMED --add-opens jdk.management/com.sun.management.internal=ALL-UNNAMED --add-exports java.base/jdk.internal.misc=ALL-UNNAMED -Djava.security.egd=file:/dev/./urandom -Dcom.sun.management.jmxremote -Dcom.sun.management.jmxremote.port=9010 -Dcom.sun.management.jmxremote.local.only=false -Dcom.sun.management.jmxremote.authenticate=false -Dcom.sun.management.jmxremote.ssl=false -Duser.language=en -Duser.region=US -XX:+CrashOnOutOfMemoryError -XX:+HeapDumpOnOutOfMemoryError
2025-01-28 23:52:07,410 INFO c.h.h.t.HelmChartContainer - [test-hivemq-platform] [hivemq] [af31bd0e] 
2025-01-28 23:52:07,410 INFO c.h.h.t.HelmChartContainer - [test-hivemq-platform] [hivemq] [af31bd0e]   JAVA_VERSION: 21
2025-01-28 23:52:07,410 INFO c.h.h.t.HelmChartContainer - [test-hivemq-platform] [hivemq] [af31bd0e] 
2025-01-28 23:52:07,410 INFO c.h.h.t.HelmChartContainer - [test-hivemq-platform] [hivemq] [af31bd0e] -------------------------------------------------------------------------
2025-01-28 23:52:07,410 INFO c.h.h.t.HelmChartContainer - [test-hivemq-platform] [hivemq] [af31bd0e] 
2025-01-28 23:52:08,610 INFO c.h.h.t.HelmChartContainer - [test-hivemq-platform] [hivemq] [af31bd0e] INFO  - [HiveMQ Platform Operator Init App 1.7.0-SNAPSHOT] Returning default Health API response 503 for readiness
2025-01-28 23:52:09,009 INFO c.h.h.t.HelmChartContainer - [EVENT] Warning [Unhealthy] Readiness probe failed: HTTP probe failed with statuscode: 503 [helmcontainersecuritycontextupgradeplatformit:test-hivemq-platform-0]
2025-01-28 23:52:09,009 INFO c.h.h.t.HelmChartContainer - Received Unhealthy event for container hivemq in pod test-hivemq-platform-0 [af31bd0e-46a1-4401-bf78-96a2ff1b4dce]
2025-01-28 23:52:10,102 INFO c.h.h.t.HelmChartContainer - [test-hivemq-platform] [hivemq] [af31bd0e] INFO  - Starting HiveMQ Enterprise Server
2025-01-28 23:52:10,108 INFO c.h.h.t.HelmChartContainer - [test-hivemq-platform] [hivemq] [af31bd0e] INFO  - HiveMQ version: 4.36.0
2025-01-28 23:52:10,109 INFO c.h.h.t.HelmChartContainer - [test-hivemq-platform] [hivemq] [af31bd0e] INFO  - HiveMQ home directory: /opt/hivemq
2025-01-28 23:52:10,109 INFO c.h.h.t.HelmChartContainer - [test-hivemq-platform] [hivemq] [af31bd0e] INFO  - Log Configuration was overridden by /opt/hivemq/conf/logback.xml
2025-01-28 23:52:11,309 INFO c.h.h.t.HelmChartContainer - [test-hivemq-platform] [hivemq] [af31bd0e] INFO  - Successfully loaded configuration from '/opt/hivemq/conf-k8s/config.xml'.
2025-01-28 23:52:12,008 INFO c.h.h.t.HelmChartContainer - [test-hivemq-platform] [hivemq] [af31bd0e] INFO  - This node's ID is bPixJ
2025-01-28 23:52:12,008 INFO c.h.h.t.HelmChartContainer - [test-hivemq-platform] [hivemq] [af31bd0e] INFO  - Clustering is enabled
2025-01-28 23:52:12,716 INFO c.h.h.t.HelmChartContainer - [hivemq-test-hivemq-platform] [hivemq-platform-operator] [7dfae362] 23:52:12.715 [pool-6-thread-16] DEBUG c.h.p.o.d.PlatformServiceResource - [helmcont] Desired Platform services (3 services)
2025-01-28 23:52:12,718 INFO c.h.h.t.HelmChartContainer - [hivemq-test-hivemq-platform] [hivemq-platform-operator] [7dfae362] 23:52:12.717 [pool-6-thread-15] DEBUG c.h.p.o.d.PodServiceAccountResource - [helmcont] Desired PodServiceAccountResource (serviceAccountName: hivemq-platform-pod-test-hivemq-platform)
2025-01-28 23:52:12,719 INFO c.h.h.t.HelmChartContainer - [hivemq-test-hivemq-platform] [hivemq-platform-operator] [7dfae362] 23:52:12.717 [pool-6-thread-14] DEBUG c.h.p.o.dependants.PodInfoConfigMap - [helmcont] Desired PodInfo ConfigMap (1 extensions) (1 enabled)
2025-01-28 23:52:12,720 INFO c.h.h.t.HelmChartContainer - [hivemq-test-hivemq-platform] [hivemq-platform-operator] [7dfae362] 23:52:12.720 [pool-6-thread-14] DEBUG c.h.p.o.dependants.PodInfoConfigMap - [helmcont] Desired PodInfo ConfigMap (metrics port: 9399) (metrics path: /)
2025-01-28 23:52:12,721 INFO c.h.h.t.HelmChartContainer - [hivemq-test-hivemq-platform] [hivemq-platform-operator] [7dfae362] 23:52:12.720 [pool-6-thread-14] DEBUG c.h.p.o.dependants.PodInfoConfigMap - [helmcont] Desired PodInfo ConfigMap (extension state hash: -1817474005)
2025-01-28 23:52:12,724 INFO c.h.h.t.HelmChartContainer - [hivemq-test-hivemq-platform] [hivemq-platform-operator] [7dfae362] 23:52:12.723 [pool-6-thread-14] DEBUG c.h.p.o.d.StatefulSetResource - [helmcont] Desired StatefulSet (1 replicas) for status STARTING (READY)
2025-01-28 23:52:12,727 INFO c.h.h.t.HelmChartContainer - [hivemq-test-hivemq-platform] [hivemq-platform-operator] [7dfae362] 23:52:12.726 [ReconcilerExecutor-hivemq-controller-109] INFO  c.h.p.o.HiveMQPlatformReconciler - [helmcont] Reconciling HiveMQ Platform 'test-hivemq-platform' in namespace 'helmcontainersecuritycontextupgradeplatformit'
2025-01-28 23:52:12,728 INFO c.h.h.t.HelmChartContainer - [hivemq-test-hivemq-platform] [hivemq-platform-operator] [7dfae362] 23:52:12.726 [ReconcilerExecutor-hivemq-controller-109] DEBUG c.h.p.o.HiveMQPlatformReconciler - [helmcont] Custom Resource Status STARTING - HiveMQ Platform is starting (READY)
2025-01-28 23:52:12,728 INFO c.h.h.t.HelmChartContainer - [hivemq-test-hivemq-platform] [hivemq-platform-operator] [7dfae362] 23:52:12.726 [ReconcilerExecutor-hivemq-controller-109] DEBUG c.h.p.o.HiveMQPlatformReconciler - [helmcont] Custom Resource Spec (replicas: 1) (extensions: 1)
2025-01-28 23:52:12,788 INFO c.h.h.t.HelmChartContainer - [hivemq-test-hivemq-platform] [hivemq-platform-operator] [7dfae362] 23:52:12.786 [ReconcilerExecutor-hivemq-controller-109] DEBUG c.h.p.o.HiveMQPlatformReconciler - [helmcont] StatefulSet Status (revision: test-hivemq-platform-5fb49467b6, replicas: 1, available: 0, ready: 0, current: 1, updated: 1)
2025-01-28 23:52:12,789 INFO c.h.h.t.HelmChartContainer - [hivemq-test-hivemq-platform] [hivemq-platform-operator] [7dfae362] 23:52:12.786 [ReconcilerExecutor-hivemq-controller-109] DEBUG c.h.p.o.HiveMQPlatformReconciler - [helmcont] StatefulSet Spec (replicas: 1, init containers: 1, containers: 1, volumes: 3)
2025-01-28 23:52:12,791 INFO c.h.h.t.HelmChartContainer - [hivemq-test-hivemq-platform] [hivemq-platform-operator] [7dfae362] 23:52:12.789 [ReconcilerExecutor-hivemq-controller-109] DEBUG c.h.p.o.h.HiveMQPlatformReconcilerErrorHandler - [helmcont] Pod 'test-hivemq-platform-0' phase Running
2025-01-28 23:52:12,791 INFO c.h.h.t.HelmChartContainer - [hivemq-test-hivemq-platform] [hivemq-platform-operator] [7dfae362] 23:52:12.790 [ReconcilerExecutor-hivemq-controller-109] INFO  c.h.p.o.h.HiveMQPlatformReconcilerBaseHandler - [helmcont] HiveMQ Platform is starting, 0 of 1 replicas are ready
2025-01-28 23:52:14,005 INFO c.h.h.t.HelmChartContainer - [test-hivemq-platform] [hivemq] [af31bd0e] WARN  - [HiveMQ Platform Operator Init App 1.7.0-SNAPSHOT] Cannot connect to Health API for readiness: null
2025-01-28 23:52:14,014 INFO c.h.h.t.HelmChartContainer - [EVENT] Warning [Unhealthy] Readiness probe failed: HTTP probe failed with statuscode: 503 [helmcontainersecuritycontextupgradeplatformit:test-hivemq-platform-0]
2025-01-28 23:52:14,014 INFO c.h.h.t.HelmChartContainer - Received Unhealthy event for container hivemq in pod test-hivemq-platform-0 [af31bd0e-46a1-4401-bf78-96a2ff1b4dce]
2025-01-28 23:52:16,607 INFO c.h.h.t.HelmChartContainer - [test-hivemq-platform] [hivemq] [af31bd0e] Jan 28, 2025 11:52:16 PM io.vertx.core.impl.BlockedThreadChecker
2025-01-28 23:52:16,607 INFO c.h.h.t.HelmChartContainer - [test-hivemq-platform] [hivemq] [af31bd0e] WARNING: Thread Thread[vert.x-eventloop-thread-1,5,main] has been blocked for 2116 ms, time limit is 2000 ms
2025-01-28 23:52:17,507 INFO c.h.h.t.HelmChartContainer - [test-hivemq-platform] [hivemq] [af31bd0e] Jan 28, 2025 11:52:17 PM io.vertx.core.impl.BlockedThreadChecker
2025-01-28 23:52:17,507 INFO c.h.h.t.HelmChartContainer - [test-hivemq-platform] [hivemq] [af31bd0e] WARNING: Thread Thread[vert.x-eventloop-thread-1,5,main] has been blocked for 3118 ms, time limit is 2000 ms
2025-01-28 23:52:17,515 INFO c.h.h.t.HelmChartContainer - [test-hivemq-platform] [hivemq] [af31bd0e] INFO  - [HiveMQ Platform Operator Init App 1.7.0-SNAPSHOT] Updating Pod HiveMQ Platform Operator Init App version annotation (version: 1.7.0-SNAPSHOT)
2025-01-28 23:52:18,119 INFO c.h.h.t.HelmChartContainer - [POD] test-hivemq-platform-0 [af31bd0e-46a1-4401-bf78-96a2ff1b4dce] in helmcontainersecuritycontextupgradeplatformit was MODIFIED
2025-01-28 23:52:18,130 INFO c.h.h.t.HelmChartContainer - [hivemq-test-hivemq-platform] [hivemq-platform-operator] [7dfae362] 23:52:18.127 [pool-6-thread-27] DEBUG c.h.p.o.dependants.PodInfoConfigMap - [helmcont] Desired PodInfo ConfigMap (1 extensions) (1 enabled)
2025-01-28 23:52:18,130 INFO c.h.h.t.HelmChartContainer - [hivemq-test-hivemq-platform] [hivemq-platform-operator] [7dfae362] 23:52:18.127 [pool-6-thread-27] DEBUG c.h.p.o.dependants.PodInfoConfigMap - [helmcont] Desired PodInfo ConfigMap (metrics port: 9399) (metrics path: /)
2025-01-28 23:52:18,130 INFO c.h.h.t.HelmChartContainer - [hivemq-test-hivemq-platform] [hivemq-platform-operator] [7dfae362] 23:52:18.127 [pool-6-thread-27] DEBUG c.h.p.o.dependants.PodInfoConfigMap - [helmcont] Desired PodInfo ConfigMap (extension state hash: -1817474005)
2025-01-28 23:52:18,130 INFO c.h.h.t.HelmChartContainer - [hivemq-test-hivemq-platform] [hivemq-platform-operator] [7dfae362] 23:52:18.128 [pool-6-thread-24] DEBUG c.h.p.o.d.PodServiceAccountResource - [helmcont] Desired PodServiceAccountResource (serviceAccountName: hivemq-platform-pod-test-hivemq-platform)
2025-01-28 23:52:18,133 INFO c.h.h.t.HelmChartContainer - [hivemq-test-hivemq-platform] [hivemq-platform-operator] [7dfae362] 23:52:18.126 [pool-6-thread-23] DEBUG c.h.p.o.d.PlatformServiceResource - [helmcont] Desired Platform services (3 services)
2025-01-28 23:52:18,139 INFO c.h.h.t.HelmChartContainer - [hivemq-test-hivemq-platform] [hivemq-platform-operator] [7dfae362] 23:52:18.136 [pool-6-thread-23] DEBUG c.h.p.o.d.StatefulSetResource - [helmcont] Desired StatefulSet (1 replicas) for status STARTING (READY)
2025-01-28 23:52:18,188 INFO c.h.h.t.HelmChartContainer - [hivemq-test-hivemq-platform] [hivemq-platform-operator] [7dfae362] 23:52:18.186 [ReconcilerExecutor-hivemq-controller-110] INFO  c.h.p.o.HiveMQPlatformReconciler - [helmcont] Reconciling HiveMQ Platform 'test-hivemq-platform' in namespace 'helmcontainersecuritycontextupgradeplatformit'
2025-01-28 23:52:18,188 INFO c.h.h.t.HelmChartContainer - [hivemq-test-hivemq-platform] [hivemq-platform-operator] [7dfae362] 23:52:18.186 [ReconcilerExecutor-hivemq-controller-110] DEBUG c.h.p.o.HiveMQPlatformReconciler - [helmcont] Custom Resource Status STARTING - HiveMQ Platform is starting (READY)
2025-01-28 23:52:18,188 INFO c.h.h.t.HelmChartContainer - [hivemq-test-hivemq-platform] [hivemq-platform-operator] [7dfae362] 23:52:18.186 [ReconcilerExecutor-hivemq-controller-110] DEBUG c.h.p.o.HiveMQPlatformReconciler - [helmcont] Custom Resource Spec (replicas: 1) (extensions: 1)
2025-01-28 23:52:18,192 INFO c.h.h.t.HelmChartContainer - [hivemq-test-hivemq-platform] [hivemq-platform-operator] [7dfae362] 23:52:18.188 [ReconcilerExecutor-hivemq-controller-110] DEBUG c.h.p.o.HiveMQPlatformReconciler - [helmcont] StatefulSet Status (revision: test-hivemq-platform-5fb49467b6, replicas: 1, available: 0, ready: 0, current: 1, updated: 1)
2025-01-28 23:52:18,192 INFO c.h.h.t.HelmChartContainer - [hivemq-test-hivemq-platform] [hivemq-platform-operator] [7dfae362] 23:52:18.188 [ReconcilerExecutor-hivemq-controller-110] DEBUG c.h.p.o.HiveMQPlatformReconciler - [helmcont] StatefulSet Spec (replicas: 1, init containers: 1, containers: 1, volumes: 3)
2025-01-28 23:52:18,192 INFO c.h.h.t.HelmChartContainer - [hivemq-test-hivemq-platform] [hivemq-platform-operator] [7dfae362] 23:52:18.189 [ReconcilerExecutor-hivemq-controller-110] DEBUG c.h.p.o.h.HiveMQPlatformReconcilerErrorHandler - [helmcont] Pod 'test-hivemq-platform-0' phase Running
2025-01-28 23:52:18,192 INFO c.h.h.t.HelmChartContainer - [hivemq-test-hivemq-platform] [hivemq-platform-operator] [7dfae362] 23:52:18.190 [ReconcilerExecutor-hivemq-controller-110] INFO  c.h.p.o.h.HiveMQPlatformReconcilerBaseHandler - [helmcont] HiveMQ Platform is starting, 0 of 1 replicas are ready
2025-01-28 23:52:18,205 INFO c.h.h.t.HelmChartContainer - [test-hivemq-platform] [hivemq] [af31bd0e] WARN  - [HiveMQ Platform Operator Init App 1.7.0-SNAPSHOT] Cannot connect to Health API for readiness: null
2025-01-28 23:52:18,212 INFO c.h.h.t.HelmChartContainer - [test-hivemq-platform] [hivemq] [af31bd0e] INFO  - [HiveMQ Platform Operator Init App 1.7.0-SNAPSHOT] Successfully updated Pod HiveMQ Platform Operator Init App version annotation (version: 1.7.0-SNAPSHOT)
2025-01-28 23:52:18,214 INFO c.h.h.t.HelmChartContainer - [EVENT] Warning [Unhealthy] Readiness probe failed: HTTP probe failed with statuscode: 503 [helmcontainersecuritycontextupgradeplatformit:test-hivemq-platform-0]
2025-01-28 23:52:18,214 INFO c.h.h.t.HelmChartContainer - Received Unhealthy event for container hivemq in pod test-hivemq-platform-0 [af31bd0e-46a1-4401-bf78-96a2ff1b4dce]
2025-01-28 23:52:23,122 INFO c.h.h.t.HelmChartContainer - [test-hivemq-platform] [hivemq] [af31bd0e] WARN  - [HiveMQ Platform Operator Init App 1.7.0-SNAPSHOT] Cannot connect to Health API for readiness: null
2025-01-28 23:52:23,202 INFO c.h.h.t.HelmChartContainer - [EVENT] Warning [Unhealthy] Readiness probe failed: HTTP probe failed with statuscode: 503 [helmcontainersecuritycontextupgradeplatformit:test-hivemq-platform-0]
2025-01-28 23:52:23,202 INFO c.h.h.t.HelmChartContainer - Received Unhealthy event for container hivemq in pod test-hivemq-platform-0 [af31bd0e-46a1-4401-bf78-96a2ff1b4dce]
2025-01-28 23:52:28,197 INFO c.h.h.t.HelmChartContainer - [hivemq-test-hivemq-platform] [hivemq-platform-operator] [7dfae362] 23:52:28.194 [pool-6-thread-37] DEBUG c.h.p.o.d.PlatformServiceResource - [helmcont] Desired Platform services (3 services)
2025-01-28 23:52:28,198 INFO c.h.h.t.HelmChartContainer - [hivemq-test-hivemq-platform] [hivemq-platform-operator] [7dfae362] 23:52:28.195 [pool-6-thread-33] DEBUG c.h.p.o.dependants.PodInfoConfigMap - [helmcont] Desired PodInfo ConfigMap (1 extensions) (1 enabled)
2025-01-28 23:52:28,198 INFO c.h.h.t.HelmChartContainer - [hivemq-test-hivemq-platform] [hivemq-platform-operator] [7dfae362] 23:52:28.195 [pool-6-thread-33] DEBUG c.h.p.o.dependants.PodInfoConfigMap - [helmcont] Desired PodInfo ConfigMap (metrics port: 9399) (metrics path: /)
2025-01-28 23:52:28,198 INFO c.h.h.t.HelmChartContainer - [hivemq-test-hivemq-platform] [hivemq-platform-operator] [7dfae362] 23:52:28.195 [pool-6-thread-33] DEBUG c.h.p.o.dependants.PodInfoConfigMap - [helmcont] Desired PodInfo ConfigMap (extension state hash: -1817474005)
2025-01-28 23:52:28,198 INFO c.h.h.t.HelmChartContainer - [hivemq-test-hivemq-platform] [hivemq-platform-operator] [7dfae362] 23:52:28.196 [pool-6-thread-33] DEBUG c.h.p.o.d.PodServiceAccountResource - [helmcont] Desired PodServiceAccountResource (serviceAccountName: hivemq-platform-pod-test-hivemq-platform)
2025-01-28 23:52:28,207 INFO c.h.h.t.HelmChartContainer - [hivemq-test-hivemq-platform] [hivemq-platform-operator] [7dfae362] 23:52:28.206 [pool-6-thread-37] DEBUG c.h.p.o.d.StatefulSetResource - [helmcont] Desired StatefulSet (1 replicas) for status STARTING (READY)
2025-01-28 23:52:28,207 INFO c.h.h.t.HelmChartContainer - [test-hivemq-platform] [hivemq] [af31bd0e] WARN  - [HiveMQ Platform Operator Init App 1.7.0-SNAPSHOT] Cannot connect to Health API for readiness: null
2025-01-28 23:52:28,217 INFO c.h.h.t.HelmChartContainer - [hivemq-test-hivemq-platform] [hivemq-platform-operator] [7dfae362] 23:52:28.214 [ReconcilerExecutor-hivemq-controller-111] INFO  c.h.p.o.HiveMQPlatformReconciler - [helmcont] Reconciling HiveMQ Platform 'test-hivemq-platform' in namespace 'helmcontainersecuritycontextupgradeplatformit'
2025-01-28 23:52:28,218 INFO c.h.h.t.HelmChartContainer - [EVENT] Warning [Unhealthy] Readiness probe failed: HTTP probe failed with statuscode: 503 [helmcontainersecuritycontextupgradeplatformit:test-hivemq-platform-0]
2025-01-28 23:52:28,219 INFO c.h.h.t.HelmChartContainer - [hivemq-test-hivemq-platform] [hivemq-platform-operator] [7dfae362] 23:52:28.214 [ReconcilerExecutor-hivemq-controller-111] DEBUG c.h.p.o.HiveMQPlatformReconciler - [helmcont] Custom Resource Status STARTING - HiveMQ Platform is starting (READY)
2025-01-28 23:52:28,219 INFO c.h.h.t.HelmChartContainer - [hivemq-test-hivemq-platform] [hivemq-platform-operator] [7dfae362] 23:52:28.214 [ReconcilerExecutor-hivemq-controller-111] DEBUG c.h.p.o.HiveMQPlatformReconciler - [helmcont] Custom Resource Spec (replicas: 1) (extensions: 1)
2025-01-28 23:52:28,219 INFO c.h.h.t.HelmChartContainer - [hivemq-test-hivemq-platform] [hivemq-platform-operator] [7dfae362] 23:52:28.215 [ReconcilerExecutor-hivemq-controller-111] DEBUG c.h.p.o.HiveMQPlatformReconciler - [helmcont] StatefulSet Status (revision: test-hivemq-platform-5fb49467b6, replicas: 1, available: 0, ready: 0, current: 1, updated: 1)
2025-01-28 23:52:28,219 INFO c.h.h.t.HelmChartContainer - [hivemq-test-hivemq-platform] [hivemq-platform-operator] [7dfae362] 23:52:28.215 [ReconcilerExecutor-hivemq-controller-111] DEBUG c.h.p.o.HiveMQPlatformReconciler - [helmcont] StatefulSet Spec (replicas: 1, init containers: 1, containers: 1, volumes: 3)
2025-01-28 23:52:28,219 INFO c.h.h.t.HelmChartContainer - Received Unhealthy event for container hivemq in pod test-hivemq-platform-0 [af31bd0e-46a1-4401-bf78-96a2ff1b4dce]
2025-01-28 23:52:28,287 INFO c.h.h.t.HelmChartContainer - [hivemq-test-hivemq-platform] [hivemq-platform-operator] [7dfae362] 23:52:28.286 [ReconcilerExecutor-hivemq-controller-111] DEBUG c.h.p.o.h.HiveMQPlatformReconcilerErrorHandler - [helmcont] Pod 'test-hivemq-platform-0' phase Running
2025-01-28 23:52:28,288 INFO c.h.h.t.HelmChartContainer - [hivemq-test-hivemq-platform] [hivemq-platform-operator] [7dfae362] 23:52:28.287 [ReconcilerExecutor-hivemq-controller-111] INFO  c.h.p.o.h.HiveMQPlatformReconcilerBaseHandler - [helmcont] HiveMQ Platform is starting, 0 of 1 replicas are ready
2025-01-28 23:52:29,319 INFO c.h.h.t.HelmChartContainer - [test-hivemq-platform] [hivemq] [af31bd0e] INFO  - No valid license file found. Using trial license, restricted to 25 connections.
2025-01-28 23:52:30,404 INFO c.h.h.t.HelmChartContainer - [test-hivemq-platform] [hivemq] [af31bd0e] WARN  - [HiveMQ Platform Operator Init App 1.7.0-SNAPSHOT] Cannot connect to Health API for liveness: null
2025-01-28 23:52:30,405 INFO c.h.h.t.HelmChartContainer - [test-hivemq-platform] [hivemq] [af31bd0e] INFO  - [HiveMQ Platform Operator Init App 1.7.0-SNAPSHOT] Returning default Health API response 200 for liveness
2025-01-28 23:52:32,486 INFO c.h.h.t.HelmChartContainer - [test-hivemq-platform] [hivemq] [af31bd0e] INFO  - No valid license file for Data Hub found. Using free license, restricted to 1 policy.
2025-01-28 23:52:33,122 INFO c.h.h.t.HelmChartContainer - [test-hivemq-platform] [hivemq] [af31bd0e] WARN  - [HiveMQ Platform Operator Init App 1.7.0-SNAPSHOT] Cannot connect to Health API for readiness: null
2025-01-28 23:52:33,126 INFO c.h.h.t.HelmChartContainer - [EVENT] Warning [Unhealthy] Readiness probe failed: HTTP probe failed with statuscode: 503 [helmcontainersecuritycontextupgradeplatformit:test-hivemq-platform-0]
2025-01-28 23:52:33,126 INFO c.h.h.t.HelmChartContainer - Received Unhealthy event for container hivemq in pod test-hivemq-platform-0 [af31bd0e-46a1-4401-bf78-96a2ff1b4dce]
2025-01-28 23:52:33,713 INFO c.h.h.t.HelmChartContainer - [test-hivemq-platform] [hivemq] [af31bd0e] INFO  - Audit Logger started.
2025-01-28 23:52:34,102 INFO c.h.h.t.HelmChartContainer - [test-hivemq-platform] [hivemq] [af31bd0e] INFO  - This node uses '1' CPU cores.
2025-01-28 23:52:34,109 INFO c.h.h.t.HelmChartContainer - [test-hivemq-platform] [hivemq] [af31bd0e] INFO  - Starting HiveMQ Health API on address 0.0.0.0 and port 8889
2025-01-28 23:52:34,915 INFO c.h.h.t.HelmChartContainer - [test-hivemq-platform] [hivemq] [af31bd0e] INFO  - Started HiveMQ Health API in 806ms
2025-01-28 23:52:35,684 INFO c.h.h.t.HelmChartContainer - [test-hivemq-platform] [hivemq] [af31bd0e] INFO  - Starting HiveMQ extension system.
2025-01-28 23:52:35,910 INFO c.h.h.t.HelmChartContainer - [test-hivemq-platform] [hivemq] [af31bd0e] INFO  - Starting extension with id "hivemq-dns-cluster-discovery" at /opt/hivemq/extensions/hivemq-dns-cluster-discovery
2025-01-28 23:52:36,314 INFO c.h.h.t.HelmChartContainer - [test-hivemq-platform] [hivemq] [af31bd0e] INFO  - Using TCP cluster transport on address 10.42.0.6 and port 7000
2025-01-28 23:52:36,403 INFO c.h.h.t.HelmChartContainer - [test-hivemq-platform] [hivemq] [af31bd0e] INFO  - Using extension cluster discovery
2025-01-28 23:52:36,510 INFO c.h.h.t.HelmChartContainer - [test-hivemq-platform] [hivemq] [af31bd0e] INFO  - Extension "DNS Cluster Discovery Extension" version 4.3.2 started successfully.
2025-01-28 23:52:36,512 INFO c.h.h.t.HelmChartContainer - [test-hivemq-platform] [hivemq] [af31bd0e] INFO  - Starting extension with id "hivemq-prometheus-extension" at /opt/hivemq/extensions/hivemq-prometheus-extension
2025-01-28 23:52:37,509 INFO c.h.h.t.HelmChartContainer - [test-hivemq-platform] [hivemq] [af31bd0e] INFO  - Started Jetty Server exposing Prometheus Servlet on URI http://0.0.0.0:9399/
2025-01-28 23:52:37,509 INFO c.h.h.t.HelmChartContainer - [test-hivemq-platform] [hivemq] [af31bd0e] INFO  - Extension "Prometheus Monitoring Extension" version 4.0.12 started successfully.
2025-01-28 23:52:37,509 INFO c.h.h.t.HelmChartContainer - [test-hivemq-platform] [hivemq] [af31bd0e] INFO  - Starting extension with id "hivemq-allow-all-extension" at /opt/hivemq/extensions/hivemq-allow-all-extension
2025-01-28 23:52:37,510 INFO c.h.h.t.HelmChartContainer - [test-hivemq-platform] [hivemq] [af31bd0e] WARN  - 
2025-01-28 23:52:37,510 INFO c.h.h.t.HelmChartContainer - [test-hivemq-platform] [hivemq] [af31bd0e] ################################################################################################################
2025-01-28 23:52:37,510 INFO c.h.h.t.HelmChartContainer - [test-hivemq-platform] [hivemq] [af31bd0e] # This HiveMQ deployment is not secure! You are lacking Authentication and Authorization.                      #
2025-01-28 23:52:37,510 INFO c.h.h.t.HelmChartContainer - [test-hivemq-platform] [hivemq] [af31bd0e] # Right now any MQTT client can connect to the broker with a full set of permissions.                          #
2025-01-28 23:52:37,510 INFO c.h.h.t.HelmChartContainer - [test-hivemq-platform] [hivemq] [af31bd0e] # For production usage, add an appropriate security extension and remove the hivemq-allow-all extension.       #
2025-01-28 23:52:37,510 INFO c.h.h.t.HelmChartContainer - [test-hivemq-platform] [hivemq] [af31bd0e] # You can download security extensions from the HiveMQ Marketplace (https://www.hivemq.com/extensions/).       #
2025-01-28 23:52:37,510 INFO c.h.h.t.HelmChartContainer - [test-hivemq-platform] [hivemq] [af31bd0e] ################################################################################################################
2025-01-28 23:52:37,510 INFO c.h.h.t.HelmChartContainer - [test-hivemq-platform] [hivemq] [af31bd0e] INFO  - Extension "Allow All Extension" version 1.1.1 started successfully.
2025-01-28 23:52:38,295 INFO c.h.h.t.HelmChartContainer - [hivemq-test-hivemq-platform] [hivemq-platform-operator] [7dfae362] 23:52:38.290 [pool-6-thread-41] DEBUG c.h.p.o.d.PlatformServiceResource - [helmcont] Desired Platform services (3 services)
2025-01-28 23:52:38,296 INFO c.h.h.t.HelmChartContainer - [hivemq-test-hivemq-platform] [hivemq-platform-operator] [7dfae362] 23:52:38.291 [pool-6-thread-43] DEBUG c.h.p.o.dependants.PodInfoConfigMap - [helmcont] Desired PodInfo ConfigMap (1 extensions) (1 enabled)
2025-01-28 23:52:38,296 INFO c.h.h.t.HelmChartContainer - [hivemq-test-hivemq-platform] [hivemq-platform-operator] [7dfae362] 23:52:38.291 [pool-6-thread-43] DEBUG c.h.p.o.dependants.PodInfoConfigMap - [helmcont] Desired PodInfo ConfigMap (metrics port: 9399) (metrics path: /)
2025-01-28 23:52:38,296 INFO c.h.h.t.HelmChartContainer - [hivemq-test-hivemq-platform] [hivemq-platform-operator] [7dfae362] 23:52:38.291 [pool-6-thread-43] DEBUG c.h.p.o.dependants.PodInfoConfigMap - [helmcont] Desired PodInfo ConfigMap (extension state hash: -1817474005)
2025-01-28 23:52:38,297 INFO c.h.h.t.HelmChartContainer - [hivemq-test-hivemq-platform] [hivemq-platform-operator] [7dfae362] 23:52:38.294 [pool-6-thread-43] DEBUG c.h.p.o.d.PodServiceAccountResource - [helmcont] Desired PodServiceAccountResource (serviceAccountName: hivemq-platform-pod-test-hivemq-platform)
2025-01-28 23:52:38,302 INFO c.h.h.t.HelmChartContainer - [hivemq-test-hivemq-platform] [hivemq-platform-operator] [7dfae362] 23:52:38.301 [pool-6-thread-48] DEBUG c.h.p.o.d.StatefulSetResource - [helmcont] Desired StatefulSet (1 replicas) for status STARTING (READY)
2025-01-28 23:52:38,391 INFO c.h.h.t.HelmChartContainer - [hivemq-test-hivemq-platform] [hivemq-platform-operator] [7dfae362] 23:52:38.389 [ReconcilerExecutor-hivemq-controller-112] INFO  c.h.p.o.HiveMQPlatformReconciler - [helmcont] Reconciling HiveMQ Platform 'test-hivemq-platform' in namespace 'helmcontainersecuritycontextupgradeplatformit'
2025-01-28 23:52:38,392 INFO c.h.h.t.HelmChartContainer - [hivemq-test-hivemq-platform] [hivemq-platform-operator] [7dfae362] 23:52:38.389 [ReconcilerExecutor-hivemq-controller-112] DEBUG c.h.p.o.HiveMQPlatformReconciler - [helmcont] Custom Resource Status STARTING - HiveMQ Platform is starting (READY)
2025-01-28 23:52:38,392 INFO c.h.h.t.HelmChartContainer - [hivemq-test-hivemq-platform] [hivemq-platform-operator] [7dfae362] 23:52:38.389 [ReconcilerExecutor-hivemq-controller-112] DEBUG c.h.p.o.HiveMQPlatformReconciler - [helmcont] Custom Resource Spec (replicas: 1) (extensions: 1)
2025-01-28 23:52:38,393 INFO c.h.h.t.HelmChartContainer - [hivemq-test-hivemq-platform] [hivemq-platform-operator] [7dfae362] 23:52:38.392 [ReconcilerExecutor-hivemq-controller-112] DEBUG c.h.p.o.HiveMQPlatformReconciler - [helmcont] StatefulSet Status (revision: test-hivemq-platform-5fb49467b6, replicas: 1, available: 0, ready: 0, current: 1, updated: 1)
2025-01-28 23:52:38,394 INFO c.h.h.t.HelmChartContainer - [hivemq-test-hivemq-platform] [hivemq-platform-operator] [7dfae362] 23:52:38.392 [ReconcilerExecutor-hivemq-controller-112] DEBUG c.h.p.o.HiveMQPlatformReconciler - [helmcont] StatefulSet Spec (replicas: 1, init containers: 1, containers: 1, volumes: 3)
2025-01-28 23:52:38,396 INFO c.h.h.t.HelmChartContainer - [hivemq-test-hivemq-platform] [hivemq-platform-operator] [7dfae362] 23:52:38.394 [ReconcilerExecutor-hivemq-controller-112] DEBUG c.h.p.o.h.HiveMQPlatformReconcilerErrorHandler - [helmcont] Pod 'test-hivemq-platform-0' phase Running
2025-01-28 23:52:38,396 INFO c.h.h.t.HelmChartContainer - [hivemq-test-hivemq-platform] [hivemq-platform-operator] [7dfae362] 23:52:38.395 [ReconcilerExecutor-hivemq-controller-112] INFO  c.h.p.o.h.HiveMQPlatformReconcilerBaseHandler - [helmcont] HiveMQ Platform is starting, 0 of 1 replicas are ready
2025-01-28 23:52:38,615 INFO c.h.h.t.HelmChartContainer - [test-hivemq-platform] [hivemq] [af31bd0e] INFO  - [HiveMQ Platform Operator Init App 1.7.0-SNAPSHOT] Returning Health API response 503 for readiness
2025-01-28 23:52:38,619 INFO c.h.h.t.HelmChartContainer - [EVENT] Warning [Unhealthy] Readiness probe failed: HTTP probe failed with statuscode: 503 [helmcontainersecuritycontextupgradeplatformit:test-hivemq-platform-0]
2025-01-28 23:52:38,619 INFO c.h.h.t.HelmChartContainer - Received Unhealthy event for container hivemq in pod test-hivemq-platform-0 [af31bd0e-46a1-4401-bf78-96a2ff1b4dce]
2025-01-28 23:52:39,404 INFO c.h.h.t.HelmChartContainer - [test-hivemq-platform] [hivemq] [af31bd0e] INFO  - bPixJ: no members discovered after 2497 ms: creating cluster as first member
2025-01-28 23:52:39,410 INFO c.h.h.t.HelmChartContainer - [test-hivemq-platform] [hivemq] [af31bd0e] INFO  - Cluster nodes found by discovery: [bPixJ|0] (1) [bPixJ].
2025-01-28 23:52:39,501 INFO c.h.h.t.HelmChartContainer - [test-hivemq-platform] [hivemq] [af31bd0e] WARN  - No user for HiveMQ Control Center configured. Starting with default user
2025-01-28 23:52:39,501 INFO c.h.h.t.HelmChartContainer - [test-hivemq-platform] [hivemq] [af31bd0e] INFO  - Starting HiveMQ Control Center on address 0.0.0.0 and port 8080
2025-01-28 23:52:39,514 INFO c.h.h.t.HelmChartContainer - [test-hivemq-platform] [hivemq] [af31bd0e] INFO  - Mounting HiveMQ Control Center V2 Preview
2025-01-28 23:52:40,015 INFO c.h.h.t.HelmChartContainer - [test-hivemq-platform] [hivemq] [af31bd0e] INFO  - Started HiveMQ Control Center in 586ms
2025-01-28 23:52:40,027 INFO c.h.h.t.HelmChartContainer - [test-hivemq-platform] [hivemq] [af31bd0e] INFO  - Starting TCP listener on address 0.0.0.0 and port 1883
2025-01-28 23:52:40,106 INFO c.h.h.t.HelmChartContainer - [test-hivemq-platform] [hivemq] [af31bd0e] INFO  - Started TCP Listener on address 0.0.0.0 and on port 1883.
2025-01-28 23:52:40,107 INFO c.h.h.t.HelmChartContainer - [test-hivemq-platform] [hivemq] [af31bd0e] INFO  - Started HiveMQ in 30392ms
2025-01-28 23:52:43,124 INFO c.h.h.t.HelmChartContainer - [test-hivemq-platform] [hivemq] [af31bd0e] INFO  - [HiveMQ Platform Operator Init App 1.7.0-SNAPSHOT] Returning Health API response 200 for readiness
2025-01-28 23:52:43,137 INFO c.h.h.t.HelmChartContainer - [POD] test-hivemq-platform-0 [af31bd0e-46a1-4401-bf78-96a2ff1b4dce] in helmcontainersecuritycontextupgradeplatformit was MODIFIED
2025-01-28 23:52:43,150 INFO c.h.h.t.HelmChartContainer - [hivemq-test-hivemq-platform] [hivemq-platform-operator] [7dfae362] 23:52:43.143 [pool-6-thread-4] DEBUG c.h.p.o.d.PlatformServiceResource - [helmcont] Desired Platform services (3 services)
2025-01-28 23:52:43,151 INFO c.h.h.t.HelmChartContainer - [hivemq-test-hivemq-platform] [hivemq-platform-operator] [7dfae362] 23:52:43.144 [pool-6-thread-3] DEBUG c.h.p.o.dependants.PodInfoConfigMap - [helmcont] Desired PodInfo ConfigMap (1 extensions) (1 enabled)
2025-01-28 23:52:43,151 INFO c.h.h.t.HelmChartContainer - [hivemq-test-hivemq-platform] [hivemq-platform-operator] [7dfae362] 23:52:43.146 [pool-6-thread-3] DEBUG c.h.p.o.dependants.PodInfoConfigMap - [helmcont] Desired PodInfo ConfigMap (metrics port: 9399) (metrics path: /)
2025-01-28 23:52:43,151 INFO c.h.h.t.HelmChartContainer - [hivemq-test-hivemq-platform] [hivemq-platform-operator] [7dfae362] 23:52:43.146 [pool-6-thread-3] DEBUG c.h.p.o.dependants.PodInfoConfigMap - [helmcont] Desired PodInfo ConfigMap (extension state hash: -1817474005)
2025-01-28 23:52:43,154 INFO c.h.h.t.HelmChartContainer - [hivemq-test-hivemq-platform] [hivemq-platform-operator] [7dfae362] 23:52:43.145 [pool-6-thread-1] DEBUG c.h.p.o.d.PodServiceAccountResource - [helmcont] Desired PodServiceAccountResource (serviceAccountName: hivemq-platform-pod-test-hivemq-platform)
2025-01-28 23:52:43,157 INFO c.h.h.t.HelmChartContainer - [hivemq-test-hivemq-platform] [hivemq-platform-operator] [7dfae362] 23:52:43.153 [pool-6-thread-4] DEBUG c.h.p.o.d.StatefulSetResource - [helmcont] Desired StatefulSet (1 replicas) for status STARTING (READY)
2025-01-28 23:52:43,159 INFO c.h.h.t.HelmChartContainer - [hivemq-test-hivemq-platform] [hivemq-platform-operator] [7dfae362] 23:52:43.157 [ReconcilerExecutor-hivemq-controller-113] INFO  c.h.p.o.HiveMQPlatformReconciler - [helmcont] Reconciling HiveMQ Platform 'test-hivemq-platform' in namespace 'helmcontainersecuritycontextupgradeplatformit'
2025-01-28 23:52:43,160 INFO c.h.h.t.HelmChartContainer - [hivemq-test-hivemq-platform] [hivemq-platform-operator] [7dfae362] 23:52:43.157 [ReconcilerExecutor-hivemq-controller-113] DEBUG c.h.p.o.HiveMQPlatformReconciler - [helmcont] Custom Resource Status STARTING - HiveMQ Platform is starting (READY)
2025-01-28 23:52:43,160 INFO c.h.h.t.HelmChartContainer - [hivemq-test-hivemq-platform] [hivemq-platform-operator] [7dfae362] 23:52:43.157 [ReconcilerExecutor-hivemq-controller-113] DEBUG c.h.p.o.HiveMQPlatformReconciler - [helmcont] Custom Resource Spec (replicas: 1) (extensions: 1)
2025-01-28 23:52:43,160 INFO c.h.h.t.HelmChartContainer - [hivemq-test-hivemq-platform] [hivemq-platform-operator] [7dfae362] 23:52:43.159 [ReconcilerExecutor-hivemq-controller-113] DEBUG c.h.p.o.HiveMQPlatformReconciler - [helmcont] StatefulSet Status (revision: test-hivemq-platform-5fb49467b6, replicas: 1, available: 1, ready: 1, current: 1, updated: 1)
2025-01-28 23:52:43,160 INFO c.h.h.t.HelmChartContainer - [hivemq-test-hivemq-platform] [hivemq-platform-operator] [7dfae362] 23:52:43.159 [ReconcilerExecutor-hivemq-controller-113] DEBUG c.h.p.o.HiveMQPlatformReconciler - [helmcont] StatefulSet Spec (replicas: 1, init containers: 1, containers: 1, volumes: 3)
2025-01-28 23:52:43,160 INFO c.h.h.t.HelmChartContainer - [hivemq-test-hivemq-platform] [hivemq-platform-operator] [7dfae362] 23:52:43.160 [ReconcilerExecutor-hivemq-controller-113] DEBUG c.h.p.o.h.HiveMQPlatformReconcilerErrorHandler - [helmcont] Pod 'test-hivemq-platform-0' phase Running
2025-01-28 23:52:43,187 INFO c.h.h.t.HelmChartContainer - [hivemq-test-hivemq-platform] [hivemq-platform-operator] [7dfae362] 23:52:43.184 [ReconcilerExecutor-hivemq-controller-113] INFO  c.h.p.o.h.HiveMQPlatformReconcilerBaseHandler - [helmcont] HiveMQ Platform started successfully
2025-01-28 23:52:43,258 INFO c.h.h.t.HelmChartContainer - [hivemq-test-hivemq-platform] [hivemq-platform-operator] [7dfae362] 23:52:43.257 [ReconcilerExecutor-hivemq-controller-113] DEBUG c.h.p.operator.event.EventSender - [helmcont] Creating K8s event hivemq-platform-ready: [Ready] HiveMQ Platform is ready
2025-01-28 23:52:43,262 INFO c.h.h.t.HelmChartContainer - [EVENT] Normal [Ready] HiveMQ Platform is ready [helmcontainersecuritycontextupgradeplatformit:test-hivemq-platform]
2025-01-28 23:52:43,285 INFO c.h.h.t.HelmChartContainer - [hivemq-test-hivemq-platform] [hivemq-platform-operator] [7dfae362] 23:52:43.284 [ReconcilerExecutor-hivemq-controller-113] INFO  c.h.p.o.h.AbstractHiveMQReconcilerStateHandler - [helmcont] Update HiveMQ Platform Status (STARTING [READY] -> RUNNING [READY]): HiveMQ Platform is ready
2025-01-28 23:52:43,293 DEBUG com.hivemq.helmcharts.util.K8sUtil - Comparing actual state 'RUNNING' and waiting for 'RUNNING'
2025-01-28 23:52:43,300 INFO c.h.h.t.HelmChartContainer - [hivemq-test-hivemq-platform] [hivemq-platform-operator] [7dfae362] 23:52:43.298 [pool-6-thread-17] DEBUG c.h.p.o.d.PlatformServiceResource - [helmcont] Desired Platform services (3 services)
2025-01-28 23:52:43,304 INFO c.h.h.t.HelmChartContainer - [hivemq-test-hivemq-platform] [hivemq-platform-operator] [7dfae362] 23:52:43.301 [pool-6-thread-15] DEBUG c.h.p.o.d.PodServiceAccountResource - [helmcont] Desired PodServiceAccountResource (serviceAccountName: hivemq-platform-pod-test-hivemq-platform)
2025-01-28 23:52:43,304 INFO c.h.h.t.HelmChartContainer - [hivemq-test-hivemq-platform] [hivemq-platform-operator] [7dfae362] 23:52:43.303 [pool-6-thread-13] DEBUG c.h.p.o.dependants.PodInfoConfigMap - [helmcont] Desired PodInfo ConfigMap (1 extensions) (1 enabled)
2025-01-28 23:52:43,304 INFO c.h.h.t.HelmChartContainer - [hivemq-test-hivemq-platform] [hivemq-platform-operator] [7dfae362] 23:52:43.303 [pool-6-thread-13] DEBUG c.h.p.o.dependants.PodInfoConfigMap - [helmcont] Desired PodInfo ConfigMap (metrics port: 9399) (metrics path: /)
2025-01-28 23:52:43,304 INFO c.h.h.t.HelmChartContainer - [hivemq-test-hivemq-platform] [hivemq-platform-operator] [7dfae362] 23:52:43.303 [pool-6-thread-13] DEBUG c.h.p.o.dependants.PodInfoConfigMap - [helmcont] Desired PodInfo ConfigMap (extension state hash: -1817474005)
2025-01-28 23:52:43,304 INFO c.h.h.t.HelmChartContainer - [hivemq-test-hivemq-platform] [hivemq-platform-operator] [7dfae362] 23:52:43.303 [pool-6-thread-13] DEBUG c.h.p.o.dependants.PodInfoConfigMap - [helmcont] Update PodInfo ConfigMap
2025-01-28 23:52:43,390 INFO c.h.h.t.HelmChartContainer - [hivemq-test-hivemq-platform] [hivemq-platform-operator] [7dfae362] 23:52:43.389 [pool-6-thread-17] DEBUG c.h.p.o.d.StatefulSetResource - [helmcont] Desired StatefulSet (1 replicas) for status RUNNING (READY)
2025-01-28 23:52:43,395 INFO c.h.h.t.HelmChartContainer - [hivemq-test-hivemq-platform] [hivemq-platform-operator] [7dfae362] 23:52:43.393 [ReconcilerExecutor-hivemq-controller-114] INFO  c.h.p.o.HiveMQPlatformReconciler - [helmcont] Reconciling HiveMQ Platform 'test-hivemq-platform' in namespace 'helmcontainersecuritycontextupgradeplatformit'
2025-01-28 23:52:43,395 INFO c.h.h.t.HelmChartContainer - [hivemq-test-hivemq-platform] [hivemq-platform-operator] [7dfae362] 23:52:43.393 [ReconcilerExecutor-hivemq-controller-114] DEBUG c.h.p.o.HiveMQPlatformReconciler - [helmcont] Custom Resource Status RUNNING - HiveMQ Platform is ready (READY)
2025-01-28 23:52:43,395 INFO c.h.h.t.HelmChartContainer - [hivemq-test-hivemq-platform] [hivemq-platform-operator] [7dfae362] 23:52:43.393 [ReconcilerExecutor-hivemq-controller-114] DEBUG c.h.p.o.HiveMQPlatformReconciler - [helmcont] Custom Resource Spec (replicas: 1) (extensions: 1)
2025-01-28 23:52:43,397 INFO c.h.h.t.HelmChartContainer - [hivemq-test-hivemq-platform] [hivemq-platform-operator] [7dfae362] 23:52:43.396 [ReconcilerExecutor-hivemq-controller-114] DEBUG c.h.p.o.HiveMQPlatformReconciler - [helmcont] StatefulSet Status (revision: test-hivemq-platform-5fb49467b6, replicas: 1, available: 1, ready: 1, current: 1, updated: 1)
2025-01-28 23:52:43,397 INFO c.h.h.t.HelmChartContainer - [hivemq-test-hivemq-platform] [hivemq-platform-operator] [7dfae362] 23:52:43.396 [ReconcilerExecutor-hivemq-controller-114] DEBUG c.h.p.o.HiveMQPlatformReconciler - [helmcont] StatefulSet Spec (replicas: 1, init containers: 1, containers: 1, volumes: 3)
2025-01-28 23:52:43,399 INFO c.h.h.t.HelmChartContainer - [hivemq-test-hivemq-platform] [hivemq-platform-operator] [7dfae362] 23:52:43.398 [ReconcilerExecutor-hivemq-controller-114] DEBUG c.h.p.o.h.HiveMQPlatformReconcilerErrorHandler - [helmcont] Pod 'test-hivemq-platform-0' phase Running
2025-01-28 23:52:43,404 DEBUG com.hivemq.helmcharts.util.PodUtil - Received status for command '[sh, -c, stat -c "%u:%g" /proc/1]' on pod 'test-hivemq-platform-0' (exit code: 0)
2025-01-28 23:52:43,429 INFO c.h.h.t.HelmChartContainer - [hivemq-test-hivemq-platform] [hivemq-platform-operator] [7dfae362] 23:52:43.428 [pool-6-thread-27] DEBUG c.h.p.o.d.PlatformServiceResource - [helmcont] Desired Platform services (3 services)
2025-01-28 23:52:43,431 DEBUG com.hivemq.helmcharts.util.K8sUtil - Comparing actual state 'RUNNING' and waiting for 'ROLLING_RESTART'
2025-01-28 23:52:43,433 INFO c.h.h.t.HelmChartContainer - [hivemq-test-hivemq-platform] [hivemq-platform-operator] [7dfae362] 23:52:43.430 [pool-6-thread-22] DEBUG c.h.p.o.dependants.PodInfoConfigMap - [helmcont] Desired PodInfo ConfigMap (1 extensions) (1 enabled)
2025-01-28 23:52:43,433 INFO c.h.h.t.HelmChartContainer - [hivemq-test-hivemq-platform] [hivemq-platform-operator] [7dfae362] 23:52:43.431 [pool-6-thread-26] DEBUG c.h.p.o.d.PodServiceAccountResource - [helmcont] Desired PodServiceAccountResource (serviceAccountName: hivemq-platform-pod-test-hivemq-platform)
2025-01-28 23:52:43,458 INFO c.h.h.t.HelmChartContainer - [hivemq-test-hivemq-platform] [hivemq-platform-operator] [7dfae362] 23:52:43.456 [pool-6-thread-22] DEBUG c.h.p.o.dependants.PodInfoConfigMap - [helmcont] Desired PodInfo ConfigMap (metrics port: 9399) (metrics path: /)
2025-01-28 23:52:43,458 INFO c.h.h.t.HelmChartContainer - [hivemq-test-hivemq-platform] [hivemq-platform-operator] [7dfae362] 23:52:43.457 [pool-6-thread-22] DEBUG c.h.p.o.dependants.PodInfoConfigMap - [helmcont] Desired PodInfo ConfigMap (extension state hash: -1817474005)
2025-01-28 23:52:43,488 INFO c.h.h.t.HelmChartContainer - [hivemq-test-hivemq-platform] [hivemq-platform-operator] [7dfae362] 23:52:43.487 [pool-6-thread-27] DEBUG c.h.p.o.d.StatefulSetResource - [helmcont] Desired StatefulSet (1 replicas) for status RUNNING (READY)
2025-01-28 23:52:43,491 INFO c.h.h.t.HelmChartContainer - [hivemq-test-hivemq-platform] [hivemq-platform-operator] [7dfae362] 23:52:43.490 [pool-6-thread-27] DEBUG c.h.p.o.d.StatefulSetResource - [helmcont] Update StatefulSet (replicas: 1 -> 1)
2025-01-28 23:52:43,492 INFO c.h.h.t.HelmChartContainer - [hivemq-test-hivemq-platform] [hivemq-platform-operator] [7dfae362] 23:52:43.491 [pool-6-thread-27] DEBUG c.h.p.o.d.StatefulSetResource - [helmcont] Detected change in StatefulSet specification (path: /template/metadata/annotations/kubernetes-resource-versions) (actual value: {broker-configuration-v2=-2089688360}) (target value: {broker-configuration-v2=1242811043})
2025-01-28 23:52:43,498 INFO c.h.h.t.HelmChartContainer - [hivemq-test-hivemq-platform] [hivemq-platform-operator] [7dfae362] 23:52:43.491 [pool-6-thread-27] INFO  c.h.p.o.d.StatefulSetResource - [helmcont] StatefulSet spec was updated, triggering rolling restart
2025-01-28 23:52:43,589 INFO c.h.h.t.HelmChartContainer - [hivemq-test-hivemq-platform] [hivemq-platform-operator] [7dfae362] 23:52:43.588 [ReconcilerExecutor-hivemq-controller-115] INFO  c.h.p.o.HiveMQPlatformReconciler - [helmcont] Reconciling HiveMQ Platform 'test-hivemq-platform' in namespace 'helmcontainersecuritycontextupgradeplatformit'
2025-01-28 23:52:43,590 INFO c.h.h.t.HelmChartContainer - [hivemq-test-hivemq-platform] [hivemq-platform-operator] [7dfae362] 23:52:43.588 [ReconcilerExecutor-hivemq-controller-115] DEBUG c.h.p.o.HiveMQPlatformReconciler - [helmcont] Custom Resource Status RUNNING - HiveMQ Platform is ready (READY) (reconciliation requests: ROLLING_RESTART, REQUESTS_UPDATED)
2025-01-28 23:52:43,590 INFO c.h.h.t.HelmChartContainer - [hivemq-test-hivemq-platform] [hivemq-platform-operator] [7dfae362] 23:52:43.588 [ReconcilerExecutor-hivemq-controller-115] DEBUG c.h.p.o.HiveMQPlatformReconciler - [helmcont] Custom Resource Spec (replicas: 1) (extensions: 1)
2025-01-28 23:52:43,592 INFO c.h.h.t.HelmChartContainer - [hivemq-test-hivemq-platform] [hivemq-platform-operator] [7dfae362] 23:52:43.590 [ReconcilerExecutor-hivemq-controller-115] DEBUG c.h.p.o.HiveMQPlatformReconciler - [helmcont] StatefulSet Status (revision: test-hivemq-platform-579f489c45, replicas: 1, available: 1, ready: 1, current: 1, updated: 0)
2025-01-28 23:52:43,592 INFO c.h.h.t.HelmChartContainer - [hivemq-test-hivemq-platform] [hivemq-platform-operator] [7dfae362] 23:52:43.590 [ReconcilerExecutor-hivemq-controller-115] DEBUG c.h.p.o.HiveMQPlatformReconciler - [helmcont] StatefulSet Spec (replicas: 1, init containers: 1, containers: 1, volumes: 3)
2025-01-28 23:52:43,594 INFO c.h.h.t.HelmChartContainer - [hivemq-test-hivemq-platform] [hivemq-platform-operator] [7dfae362] 23:52:43.591 [ReconcilerExecutor-hivemq-controller-115] DEBUG c.h.p.o.h.HiveMQPlatformReconcilerErrorHandler - [helmcont] Pod 'test-hivemq-platform-0' phase Running
2025-01-28 23:52:43,594 INFO c.h.h.t.HelmChartContainer - [hivemq-test-hivemq-platform] [hivemq-platform-operator] [7dfae362] 23:52:43.592 [ReconcilerExecutor-hivemq-controller-115] INFO  c.h.p.o.h.HiveMQPlatformReconcilerBaseHandler - [helmcont] Started rolling restart (scaling to 2 replicas)
2025-01-28 23:52:43,694 INFO c.h.h.t.HelmChartContainer - [hivemq-test-hivemq-platform] [hivemq-platform-operator] [7dfae362] 23:52:43.693 [ReconcilerExecutor-hivemq-controller-115] DEBUG c.h.p.operator.event.EventSender - [helmcont] Creating K8s event rolling-restart-started: [RollingRestart] HiveMQ Platform is starting a surge Pod (rolling restart)
2025-01-28 23:52:43,699 INFO c.h.h.t.HelmChartContainer - [EVENT] Normal [RollingRestart] HiveMQ Platform is starting a surge Pod (rolling restart) [helmcontainersecuritycontextupgradeplatformit:test-hivemq-platform]
2025-01-28 23:52:43,700 INFO c.h.h.t.HelmChartContainer - [hivemq-test-hivemq-platform] [hivemq-platform-operator] [7dfae362] 23:52:43.698 [ReconcilerExecutor-hivemq-controller-115] INFO  c.h.p.o.h.AbstractHiveMQReconcilerStateHandler - [helmcont] Update HiveMQ Platform Status (RUNNING [READY] -> ROLLING_RESTART [SURGE_IN_PROGRESS]): HiveMQ Platform is starting a surge Pod (rolling restart)
2025-01-28 23:52:43,706 DEBUG com.hivemq.helmcharts.util.K8sUtil - Comparing actual state 'ROLLING_RESTART' and waiting for 'ROLLING_RESTART'
2025-01-28 23:52:43,710 INFO c.h.h.t.HelmChartContainer - [hivemq-test-hivemq-platform] [hivemq-platform-operator] [7dfae362] 23:52:43.709 [pool-6-thread-32] DEBUG c.h.p.o.d.PlatformServiceResource - [helmcont] Desired Platform services (3 services)
2025-01-28 23:52:43,713 DEBUG com.hivemq.helmcharts.util.K8sUtil - Comparing actual state 'ROLLING_RESTART' and waiting for 'RUNNING'
2025-01-28 23:52:43,787 INFO c.h.h.t.HelmChartContainer - [hivemq-test-hivemq-platform] [hivemq-platform-operator] [7dfae362] 23:52:43.784 [pool-6-thread-33] DEBUG c.h.p.o.d.PodServiceAccountResource - [helmcont] Desired PodServiceAccountResource (serviceAccountName: hivemq-platform-pod-test-hivemq-platform)
2025-01-28 23:52:43,787 INFO c.h.h.t.HelmChartContainer - [hivemq-test-hivemq-platform] [hivemq-platform-operator] [7dfae362] 23:52:43.784 [pool-6-thread-36] DEBUG c.h.p.o.dependants.PodInfoConfigMap - [helmcont] Desired PodInfo ConfigMap (1 extensions) (1 enabled)
2025-01-28 23:52:43,788 INFO c.h.h.t.HelmChartContainer - [hivemq-test-hivemq-platform] [hivemq-platform-operator] [7dfae362] 23:52:43.785 [pool-6-thread-36] DEBUG c.h.p.o.dependants.PodInfoConfigMap - [helmcont] Desired PodInfo ConfigMap (metrics port: 9399) (metrics path: /)
2025-01-28 23:52:43,788 INFO c.h.h.t.HelmChartContainer - [hivemq-test-hivemq-platform] [hivemq-platform-operator] [7dfae362] 23:52:43.785 [pool-6-thread-36] DEBUG c.h.p.o.dependants.PodInfoConfigMap - [helmcont] Desired PodInfo ConfigMap (extension state hash: -1817474005)
2025-01-28 23:52:43,788 INFO c.h.h.t.HelmChartContainer - [hivemq-test-hivemq-platform] [hivemq-platform-operator] [7dfae362] 23:52:43.785 [pool-6-thread-36] DEBUG c.h.p.o.dependants.PodInfoConfigMap - [helmcont] Update PodInfo ConfigMap
2025-01-28 23:52:43,795 INFO c.h.h.t.HelmChartContainer - [hivemq-test-hivemq-platform] [hivemq-platform-operator] [7dfae362] 23:52:43.794 [pool-6-thread-37] DEBUG c.h.p.o.d.StatefulSetResource - [helmcont] Desired StatefulSet (2 replicas) for status ROLLING_RESTART (SURGE_IN_PROGRESS)
2025-01-28 23:52:43,800 INFO c.h.h.t.HelmChartContainer - [hivemq-test-hivemq-platform] [hivemq-platform-operator] [7dfae362] 23:52:43.799 [pool-6-thread-37] DEBUG c.h.p.o.d.StatefulSetResource - [helmcont] Update StatefulSet (replicas: 1 -> 2)
2025-01-28 23:52:43,815 INFO c.h.h.t.HelmChartContainer - [POD] test-hivemq-platform-1 [6594a6ad-8874-4b2a-a33d-96d3fb007b26] in helmcontainersecuritycontextupgradeplatformit was ADDED
2025-01-28 23:52:43,818 INFO c.h.h.t.HelmChartContainer - [EVENT] Normal [SuccessfulCreate] create Pod test-hivemq-platform-1 in StatefulSet test-hivemq-platform successful [helmcontainersecuritycontextupgradeplatformit:test-hivemq-platform]
2025-01-28 23:52:43,829 INFO c.h.h.t.HelmChartContainer - [POD] test-hivemq-platform-1 [6594a6ad-8874-4b2a-a33d-96d3fb007b26] in helmcontainersecuritycontextupgradeplatformit was MODIFIED
2025-01-28 23:52:43,833 INFO c.h.h.t.HelmChartContainer - [EVENT] Normal [Scheduled] Successfully assigned helmcontainersecuritycontextupgradeplatformit/test-hivemq-platform-1 to 0c997a873dc5 [helmcontainersecuritycontextupgradeplatformit:test-hivemq-platform-1]
2025-01-28 23:52:43,839 INFO c.h.h.t.HelmChartContainer - [POD] test-hivemq-platform-1 [6594a6ad-8874-4b2a-a33d-96d3fb007b26] in helmcontainersecuritycontextupgradeplatformit was MODIFIED
2025-01-28 23:52:43,900 INFO c.h.h.t.HelmChartContainer - [K3S] [reconciler_common.go:251] "operationExecutor.VerifyControllerAttachedVolume started for volume \"kube-api-access-kj5jg\" (UniqueName: \"kubernetes.io/projected/6594a6ad-8874-4b2a-a33d-96d3fb007b26-kube-api-access-kj5jg\") pod \"test-hivemq-platform-1\" (UID: \"6594a6ad-8874-4b2a-a33d-96d3fb007b26\") " pod="helmcontainersecuritycontextupgradeplatformit/test-hivemq-platform-1"
2025-01-28 23:52:43,900 INFO c.h.h.t.HelmChartContainer - [K3S] [reconciler_common.go:251] "operationExecutor.VerifyControllerAttachedVolume started for volume \"pod-info\" (UniqueName: \"kubernetes.io/configmap/6594a6ad-8874-4b2a-a33d-96d3fb007b26-pod-info\") pod \"test-hivemq-platform-1\" (UID: \"6594a6ad-8874-4b2a-a33d-96d3fb007b26\") " pod="helmcontainersecuritycontextupgradeplatformit/test-hivemq-platform-1"
2025-01-28 23:52:43,900 INFO c.h.h.t.HelmChartContainer - [K3S] [reconciler_common.go:251] "operationExecutor.VerifyControllerAttachedVolume started for volume \"broker-configuration\" (UniqueName: \"kubernetes.io/configmap/6594a6ad-8874-4b2a-a33d-96d3fb007b26-broker-configuration\") pod \"test-hivemq-platform-1\" (UID: \"6594a6ad-8874-4b2a-a33d-96d3fb007b26\") " pod="helmcontainersecuritycontextupgradeplatformit/test-hivemq-platform-1"
2025-01-28 23:52:43,900 INFO c.h.h.t.HelmChartContainer - [K3S] [reconciler_common.go:251] "operationExecutor.VerifyControllerAttachedVolume started for volume \"operator-init\" (UniqueName: \"kubernetes.io/empty-dir/6594a6ad-8874-4b2a-a33d-96d3fb007b26-operator-init\") pod \"test-hivemq-platform-1\" (UID: \"6594a6ad-8874-4b2a-a33d-96d3fb007b26\") " pod="helmcontainersecuritycontextupgradeplatformit/test-hivemq-platform-1"
2025-01-28 23:52:43,904 INFO c.h.h.t.HelmChartContainer - [hivemq-test-hivemq-platform] [hivemq-platform-operator] [7dfae362] 23:52:43.901 [ReconcilerExecutor-hivemq-controller-116] INFO  c.h.p.o.HiveMQPlatformReconciler - [helmcont] Reconciling HiveMQ Platform 'test-hivemq-platform' in namespace 'helmcontainersecuritycontextupgradeplatformit'
2025-01-28 23:52:43,904 INFO c.h.h.t.HelmChartContainer - [hivemq-test-hivemq-platform] [hivemq-platform-operator] [7dfae362] 23:52:43.901 [ReconcilerExecutor-hivemq-controller-116] DEBUG c.h.p.o.HiveMQPlatformReconciler - [helmcont] Custom Resource Status ROLLING_RESTART - HiveMQ Platform is starting a surge Pod (rolling restart) (SURGE_IN_PROGRESS)
2025-01-28 23:52:43,904 INFO c.h.h.t.HelmChartContainer - [hivemq-test-hivemq-platform] [hivemq-platform-operator] [7dfae362] 23:52:43.901 [ReconcilerExecutor-hivemq-controller-116] DEBUG c.h.p.o.HiveMQPlatformReconciler - [helmcont] Custom Resource Spec (replicas: 1) (extensions: 1)
2025-01-28 23:52:43,905 INFO c.h.h.t.HelmChartContainer - [hivemq-test-hivemq-platform] [hivemq-platform-operator] [7dfae362] 23:52:43.903 [ReconcilerExecutor-hivemq-controller-116] DEBUG c.h.p.o.HiveMQPlatformReconciler - [helmcont] StatefulSet Status (revision: test-hivemq-platform-579f489c45, replicas: 2, available: 1, ready: 1, current: 1, updated: 1)
2025-01-28 23:52:43,905 INFO c.h.h.t.HelmChartContainer - [hivemq-test-hivemq-platform] [hivemq-platform-operator] [7dfae362] 23:52:43.903 [ReconcilerExecutor-hivemq-controller-116] DEBUG c.h.p.o.HiveMQPlatformReconciler - [helmcont] StatefulSet Spec (replicas: 2, init containers: 1, containers: 1, volumes: 3)
2025-01-28 23:52:43,958 INFO c.h.h.t.HelmChartContainer - [hivemq-test-hivemq-platform] [hivemq-platform-operator] [7dfae362] 23:52:43.957 [ReconcilerExecutor-hivemq-controller-116] DEBUG c.h.p.o.h.HiveMQPlatformReconcilerErrorHandler - [helmcont] Pod 'test-hivemq-platform-1' phase Pending
2025-01-28 23:52:43,958 INFO c.h.h.t.HelmChartContainer - [hivemq-test-hivemq-platform] [hivemq-platform-operator] [7dfae362] 23:52:43.957 [ReconcilerExecutor-hivemq-controller-116] DEBUG c.h.p.o.h.HiveMQPlatformReconcilerErrorHandler - [helmcont] Pod 'test-hivemq-platform-1' condition 'PodReadyToStartContainers': False
2025-01-28 23:52:43,958 INFO c.h.h.t.HelmChartContainer - [hivemq-test-hivemq-platform] [hivemq-platform-operator] [7dfae362] 23:52:43.957 [ReconcilerExecutor-hivemq-controller-116] DEBUG c.h.p.o.h.HiveMQPlatformReconcilerErrorHandler - [helmcont] Pod 'test-hivemq-platform-1' condition 'Initialized': False
2025-01-28 23:52:43,958 INFO c.h.h.t.HelmChartContainer - [hivemq-test-hivemq-platform] [hivemq-platform-operator] [7dfae362] 23:52:43.957 [ReconcilerExecutor-hivemq-controller-116] DEBUG c.h.p.o.h.HiveMQPlatformReconcilerErrorHandler - [helmcont] Pod 'test-hivemq-platform-1' condition 'Ready': False
2025-01-28 23:52:43,959 INFO c.h.h.t.HelmChartContainer - [hivemq-test-hivemq-platform] [hivemq-platform-operator] [7dfae362] 23:52:43.958 [ReconcilerExecutor-hivemq-controller-116] DEBUG c.h.p.o.h.HiveMQPlatformReconcilerErrorHandler - [helmcont] Pod 'test-hivemq-platform-1' condition 'ContainersReady': False
2025-01-28 23:52:43,959 INFO c.h.h.t.HelmChartContainer - [hivemq-test-hivemq-platform] [hivemq-platform-operator] [7dfae362] 23:52:43.958 [ReconcilerExecutor-hivemq-controller-116] DEBUG c.h.p.o.h.HiveMQPlatformReconcilerErrorHandler - [helmcont] Pod 'test-hivemq-platform-1' condition 'PodScheduled': True
2025-01-28 23:52:43,959 INFO c.h.h.t.HelmChartContainer - [hivemq-test-hivemq-platform] [hivemq-platform-operator] [7dfae362] 23:52:43.958 [ReconcilerExecutor-hivemq-controller-116] DEBUG c.h.p.o.h.HiveMQPlatformReconcilerErrorHandler - [helmcont] Pod 'test-hivemq-platform-1' containerStatus 'hivemq' (started: false) (ready: false) (waiting: [PodInitializing] null)
2025-01-28 23:52:43,986 INFO c.h.h.t.HelmChartContainer - [hivemq-test-hivemq-platform] [hivemq-platform-operator] [7dfae362] 23:52:43.985 [ReconcilerExecutor-hivemq-controller-116] DEBUG c.h.p.o.h.HiveMQPlatformReconcilerErrorHandler - [helmcont] Pod 'test-hivemq-platform-0' phase Running
2025-01-28 23:52:43,988 INFO c.h.h.t.HelmChartContainer - [hivemq-test-hivemq-platform] [hivemq-platform-operator] [7dfae362] 23:52:43.987 [ReconcilerExecutor-hivemq-controller-116] DEBUG c.h.p.o.h.HiveMQPlatformReconcilerRollingRestartHandler - [helmcont] Rolling restart is waiting for 1 of 2 replicas
2025-01-28 23:52:43,991 INFO c.h.h.t.HelmChartContainer - [hivemq-test-hivemq-platform] [hivemq-platform-operator] [7dfae362] 23:52:43.990 [pool-6-thread-46] DEBUG c.h.p.o.d.PlatformServiceResource - [helmcont] Desired Platform services (3 services)
2025-01-28 23:52:43,993 INFO c.h.h.t.HelmChartContainer - [hivemq-test-hivemq-platform] [hivemq-platform-operator] [7dfae362] 23:52:43.991 [pool-6-thread-41] DEBUG c.h.p.o.dependants.PodInfoConfigMap - [helmcont] Desired PodInfo ConfigMap (1 extensions) (1 enabled)
2025-01-28 23:52:43,993 INFO c.h.h.t.HelmChartContainer - [hivemq-test-hivemq-platform] [hivemq-platform-operator] [7dfae362] 23:52:43.991 [pool-6-thread-41] DEBUG c.h.p.o.dependants.PodInfoConfigMap - [helmcont] Desired PodInfo ConfigMap (metrics port: 9399) (metrics path: /)
2025-01-28 23:52:43,993 INFO c.h.h.t.HelmChartContainer - [hivemq-test-hivemq-platform] [hivemq-platform-operator] [7dfae362] 23:52:43.991 [pool-6-thread-41] DEBUG c.h.p.o.dependants.PodInfoConfigMap - [helmcont] Desired PodInfo ConfigMap (extension state hash: -1817474005)
2025-01-28 23:52:43,994 INFO c.h.h.t.HelmChartContainer - [hivemq-test-hivemq-platform] [hivemq-platform-operator] [7dfae362] 23:52:43.992 [pool-6-thread-47] DEBUG c.h.p.o.d.PodServiceAccountResource - [helmcont] Desired PodServiceAccountResource (serviceAccountName: hivemq-platform-pod-test-hivemq-platform)
2025-01-28 23:52:43,998 INFO c.h.h.t.HelmChartContainer - [hivemq-test-hivemq-platform] [hivemq-platform-operator] [7dfae362] 23:52:43.997 [pool-6-thread-46] DEBUG c.h.p.o.d.StatefulSetResource - [helmcont] Desired StatefulSet (2 replicas) for status ROLLING_RESTART (SURGE_IN_PROGRESS)
2025-01-28 23:52:44,002 INFO c.h.h.t.HelmChartContainer - [hivemq-test-hivemq-platform] [hivemq-platform-operator] [7dfae362] 23:52:44.002 [ReconcilerExecutor-hivemq-controller-117] INFO  c.h.p.o.HiveMQPlatformReconciler - [helmcont] Reconciling HiveMQ Platform 'test-hivemq-platform' in namespace 'helmcontainersecuritycontextupgradeplatformit'
2025-01-28 23:52:44,003 INFO c.h.h.t.HelmChartContainer - [hivemq-test-hivemq-platform] [hivemq-platform-operator] [7dfae362] 23:52:44.002 [ReconcilerExecutor-hivemq-controller-117] DEBUG c.h.p.o.HiveMQPlatformReconciler - [helmcont] Custom Resource Status ROLLING_RESTART - HiveMQ Platform is starting a surge Pod (rolling restart) (SURGE_IN_PROGRESS)
2025-01-28 23:52:44,003 INFO c.h.h.t.HelmChartContainer - [hivemq-test-hivemq-platform] [hivemq-platform-operator] [7dfae362] 23:52:44.002 [ReconcilerExecutor-hivemq-controller-117] DEBUG c.h.p.o.HiveMQPlatformReconciler - [helmcont] Custom Resource Spec (replicas: 1) (extensions: 1)
2025-01-28 23:52:44,059 INFO c.h.h.t.HelmChartContainer - [hivemq-test-hivemq-platform] [hivemq-platform-operator] [7dfae362] 23:52:44.058 [ReconcilerExecutor-hivemq-controller-117] DEBUG c.h.p.o.HiveMQPlatformReconciler - [helmcont] StatefulSet Status (revision: test-hivemq-platform-579f489c45, replicas: 2, available: 1, ready: 1, current: 1, updated: 1)
2025-01-28 23:52:44,059 INFO c.h.h.t.HelmChartContainer - [hivemq-test-hivemq-platform] [hivemq-platform-operator] [7dfae362] 23:52:44.058 [ReconcilerExecutor-hivemq-controller-117] DEBUG c.h.p.o.HiveMQPlatformReconciler - [helmcont] StatefulSet Spec (replicas: 2, init containers: 1, containers: 1, volumes: 3)
2025-01-28 23:52:44,060 INFO c.h.h.t.HelmChartContainer - [hivemq-test-hivemq-platform] [hivemq-platform-operator] [7dfae362] 23:52:44.059 [ReconcilerExecutor-hivemq-controller-117] DEBUG c.h.p.o.h.HiveMQPlatformReconcilerErrorHandler - [helmcont] Pod 'test-hivemq-platform-1' phase Pending
2025-01-28 23:52:44,085 INFO c.h.h.t.HelmChartContainer - [hivemq-test-hivemq-platform] [hivemq-platform-operator] [7dfae362] 23:52:44.084 [ReconcilerExecutor-hivemq-controller-117] DEBUG c.h.p.o.h.HiveMQPlatformReconcilerErrorHandler - [helmcont] Pod 'test-hivemq-platform-1' condition 'PodReadyToStartContainers': False
2025-01-28 23:52:44,085 INFO c.h.h.t.HelmChartContainer - [hivemq-test-hivemq-platform] [hivemq-platform-operator] [7dfae362] 23:52:44.084 [ReconcilerExecutor-hivemq-controller-117] DEBUG c.h.p.o.h.HiveMQPlatformReconcilerErrorHandler - [helmcont] Pod 'test-hivemq-platform-1' condition 'Initialized': False
2025-01-28 23:52:44,085 INFO c.h.h.t.HelmChartContainer - [hivemq-test-hivemq-platform] [hivemq-platform-operator] [7dfae362] 23:52:44.084 [ReconcilerExecutor-hivemq-controller-117] DEBUG c.h.p.o.h.HiveMQPlatformReconcilerErrorHandler - [helmcont] Pod 'test-hivemq-platform-1' condition 'Ready': False
2025-01-28 23:52:44,085 INFO c.h.h.t.HelmChartContainer - [hivemq-test-hivemq-platform] [hivemq-platform-operator] [7dfae362] 23:52:44.084 [ReconcilerExecutor-hivemq-controller-117] DEBUG c.h.p.o.h.HiveMQPlatformReconcilerErrorHandler - [helmcont] Pod 'test-hivemq-platform-1' condition 'ContainersReady': False
2025-01-28 23:52:44,085 INFO c.h.h.t.HelmChartContainer - [hivemq-test-hivemq-platform] [hivemq-platform-operator] [7dfae362] 23:52:44.084 [ReconcilerExecutor-hivemq-controller-117] DEBUG c.h.p.o.h.HiveMQPlatformReconcilerErrorHandler - [helmcont] Pod 'test-hivemq-platform-1' condition 'PodScheduled': True
2025-01-28 23:52:44,085 INFO c.h.h.t.HelmChartContainer - [hivemq-test-hivemq-platform] [hivemq-platform-operator] [7dfae362] 23:52:44.084 [ReconcilerExecutor-hivemq-controller-117] DEBUG c.h.p.o.h.HiveMQPlatformReconcilerErrorHandler - [helmcont] Pod 'test-hivemq-platform-1' containerStatus 'hivemq' (started: false) (ready: false) (waiting: [PodInitializing] null)
2025-01-28 23:52:44,087 INFO c.h.h.t.HelmChartContainer - [hivemq-test-hivemq-platform] [hivemq-platform-operator] [7dfae362] 23:52:44.085 [ReconcilerExecutor-hivemq-controller-117] DEBUG c.h.p.o.h.HiveMQPlatformReconcilerErrorHandler - [helmcont] Pod 'test-hivemq-platform-0' phase Running
2025-01-28 23:52:44,087 INFO c.h.h.t.HelmChartContainer - [hivemq-test-hivemq-platform] [hivemq-platform-operator] [7dfae362] 23:52:44.086 [ReconcilerExecutor-hivemq-controller-117] DEBUG c.h.p.o.h.HiveMQPlatformReconcilerRollingRestartHandler - [helmcont] Rolling restart is waiting for 1 of 2 replicas
2025-01-28 23:52:44,213 INFO c.h.h.t.HelmChartContainer - [EVENT] Normal [Pulled] Container image "docker.io/hivemq/hivemq-platform-operator-init-test:snapshot" already present on machine [helmcontainersecuritycontextupgradeplatformit:test-hivemq-platform-1]
2025-01-28 23:52:44,218 INFO c.h.h.t.HelmChartContainer - [EVENT] Normal [Created] Created container: hivemq-platform-operator-init [helmcontainersecuritycontextupgradeplatformit:test-hivemq-platform-1]
2025-01-28 23:52:44,254 INFO c.h.h.t.HelmChartContainer - [EVENT] Normal [Started] Started container hivemq-platform-operator-init [helmcontainersecuritycontextupgradeplatformit:test-hivemq-platform-1]
2025-01-28 23:52:44,660 INFO c.h.h.t.HelmChartContainer - [EVENT] Normal [Pulled] Container image "docker.io/hivemq/hivemq4:4.36.0" already present on machine [helmcontainersecuritycontextupgradeplatformit:test-hivemq-platform-1]
2025-01-28 23:52:44,660 INFO c.h.h.t.HelmChartContainer - Received Pulled event for container hivemq in pod test-hivemq-platform-1 [6594a6ad-8874-4b2a-a33d-96d3fb007b26]
2025-01-28 23:52:44,670 INFO c.h.h.t.HelmChartContainer - [POD] test-hivemq-platform-1 [6594a6ad-8874-4b2a-a33d-96d3fb007b26] in helmcontainersecuritycontextupgradeplatformit was MODIFIED
2025-01-28 23:52:44,681 INFO c.h.h.t.HelmChartContainer - [EVENT] Normal [Created] Created container: hivemq [helmcontainersecuritycontextupgradeplatformit:test-hivemq-platform-1]
2025-01-28 23:52:44,681 INFO c.h.h.t.HelmChartContainer - Received Created event for container hivemq in pod test-hivemq-platform-1 [6594a6ad-8874-4b2a-a33d-96d3fb007b26]
2025-01-28 23:52:44,690 INFO c.h.h.t.HelmChartContainer - [hivemq-test-hivemq-platform] [hivemq-platform-operator] [7dfae362] 23:52:44.676 [pool-6-thread-5] DEBUG c.h.p.o.d.PlatformServiceResource - [helmcont] Desired Platform services (3 services)
2025-01-28 23:52:44,690 INFO c.h.h.t.HelmChartContainer - [hivemq-test-hivemq-platform] [hivemq-platform-operator] [7dfae362] 23:52:44.678 [pool-6-thread-1] DEBUG c.h.p.o.dependants.PodInfoConfigMap - [helmcont] Desired PodInfo ConfigMap (1 extensions) (1 enabled)
2025-01-28 23:52:44,690 INFO c.h.h.t.HelmChartContainer - [hivemq-test-hivemq-platform] [hivemq-platform-operator] [7dfae362] 23:52:44.678 [pool-6-thread-1] DEBUG c.h.p.o.dependants.PodInfoConfigMap - [helmcont] Desired PodInfo ConfigMap (metrics port: 9399) (metrics path: /)
2025-01-28 23:52:44,690 INFO c.h.h.t.HelmChartContainer - [hivemq-test-hivemq-platform] [hivemq-platform-operator] [7dfae362] 23:52:44.678 [pool-6-thread-1] DEBUG c.h.p.o.dependants.PodInfoConfigMap - [helmcont] Desired PodInfo ConfigMap (extension state hash: -1817474005)
2025-01-28 23:52:44,690 INFO c.h.h.t.HelmChartContainer - [hivemq-test-hivemq-platform] [hivemq-platform-operator] [7dfae362] 23:52:44.682 [pool-6-thread-2] DEBUG c.h.p.o.d.PodServiceAccountResource - [helmcont] Desired PodServiceAccountResource (serviceAccountName: hivemq-platform-pod-test-hivemq-platform)
2025-01-28 23:52:44,694 INFO c.h.h.t.HelmChartContainer - [hivemq-test-hivemq-platform] [hivemq-platform-operator] [7dfae362] 23:52:44.689 [pool-6-thread-5] DEBUG c.h.p.o.d.StatefulSetResource - [helmcont] Desired StatefulSet (2 replicas) for status ROLLING_RESTART (SURGE_IN_PROGRESS)
2025-01-28 23:52:44,704 INFO c.h.h.t.HelmChartContainer - [hivemq-test-hivemq-platform] [hivemq-platform-operator] [7dfae362] 23:52:44.700 [ReconcilerExecutor-hivemq-controller-118] INFO  c.h.p.o.HiveMQPlatformReconciler - [helmcont] Reconciling HiveMQ Platform 'test-hivemq-platform' in namespace 'helmcontainersecuritycontextupgradeplatformit'
2025-01-28 23:52:44,704 INFO c.h.h.t.HelmChartContainer - [hivemq-test-hivemq-platform] [hivemq-platform-operator] [7dfae362] 23:52:44.700 [ReconcilerExecutor-hivemq-controller-118] DEBUG c.h.p.o.HiveMQPlatformReconciler - [helmcont] Custom Resource Status ROLLING_RESTART - HiveMQ Platform is starting a surge Pod (rolling restart) (SURGE_IN_PROGRESS)
2025-01-28 23:52:44,704 INFO c.h.h.t.HelmChartContainer - [hivemq-test-hivemq-platform] [hivemq-platform-operator] [7dfae362] 23:52:44.700 [ReconcilerExecutor-hivemq-controller-118] DEBUG c.h.p.o.HiveMQPlatformReconciler - [helmcont] Custom Resource Spec (replicas: 1) (extensions: 1)
2025-01-28 23:52:44,759 INFO c.h.h.t.HelmChartContainer - [hivemq-test-hivemq-platform] [hivemq-platform-operator] [7dfae362] 23:52:44.756 [ReconcilerExecutor-hivemq-controller-118] DEBUG c.h.p.o.HiveMQPlatformReconciler - [helmcont] StatefulSet Status (revision: test-hivemq-platform-579f489c45, replicas: 2, available: 1, ready: 1, current: 1, updated: 1)
2025-01-28 23:52:44,760 INFO c.h.h.t.HelmChartContainer - [hivemq-test-hivemq-platform] [hivemq-platform-operator] [7dfae362] 23:52:44.757 [ReconcilerExecutor-hivemq-controller-118] DEBUG c.h.p.o.HiveMQPlatformReconciler - [helmcont] StatefulSet Spec (replicas: 2, init containers: 1, containers: 1, volumes: 3)
2025-01-28 23:52:44,761 INFO c.h.h.t.HelmChartContainer - [hivemq-test-hivemq-platform] [hivemq-platform-operator] [7dfae362] 23:52:44.760 [ReconcilerExecutor-hivemq-controller-118] DEBUG c.h.p.o.h.HiveMQPlatformReconcilerErrorHandler - [helmcont] Pod 'test-hivemq-platform-1' phase Pending
2025-01-28 23:52:44,762 INFO c.h.h.t.HelmChartContainer - [hivemq-test-hivemq-platform] [hivemq-platform-operator] [7dfae362] 23:52:44.761 [ReconcilerExecutor-hivemq-controller-118] DEBUG c.h.p.o.h.HiveMQPlatformReconcilerErrorHandler - [helmcont] Pod 'test-hivemq-platform-1' condition 'PodReadyToStartContainers': True
2025-01-28 23:52:44,762 INFO c.h.h.t.HelmChartContainer - [hivemq-test-hivemq-platform] [hivemq-platform-operator] [7dfae362] 23:52:44.761 [ReconcilerExecutor-hivemq-controller-118] DEBUG c.h.p.o.h.HiveMQPlatformReconcilerErrorHandler - [helmcont] Pod 'test-hivemq-platform-1' condition 'Initialized': True
2025-01-28 23:52:44,762 INFO c.h.h.t.HelmChartContainer - [hivemq-test-hivemq-platform] [hivemq-platform-operator] [7dfae362] 23:52:44.761 [ReconcilerExecutor-hivemq-controller-118] DEBUG c.h.p.o.h.HiveMQPlatformReconcilerErrorHandler - [helmcont] Pod 'test-hivemq-platform-1' condition 'Ready': False
2025-01-28 23:52:44,762 INFO c.h.h.t.HelmChartContainer - [hivemq-test-hivemq-platform] [hivemq-platform-operator] [7dfae362] 23:52:44.761 [ReconcilerExecutor-hivemq-controller-118] DEBUG c.h.p.o.h.HiveMQPlatformReconcilerErrorHandler - [helmcont] Pod 'test-hivemq-platform-1' condition 'ContainersReady': False
2025-01-28 23:52:44,763 INFO c.h.h.t.HelmChartContainer - [hivemq-test-hivemq-platform] [hivemq-platform-operator] [7dfae362] 23:52:44.761 [ReconcilerExecutor-hivemq-controller-118] DEBUG c.h.p.o.h.HiveMQPlatformReconcilerErrorHandler - [helmcont] Pod 'test-hivemq-platform-1' condition 'PodScheduled': True
2025-01-28 23:52:44,765 INFO c.h.h.t.HelmChartContainer - [hivemq-test-hivemq-platform] [hivemq-platform-operator] [7dfae362] 23:52:44.761 [ReconcilerExecutor-hivemq-controller-118] DEBUG c.h.p.o.h.HiveMQPlatformReconcilerErrorHandler - [helmcont] Pod 'test-hivemq-platform-1' containerStatus 'hivemq' (started: false) (ready: false) (waiting: [PodInitializing] null)
2025-01-28 23:52:44,765 INFO c.h.h.t.HelmChartContainer - [hivemq-test-hivemq-platform] [hivemq-platform-operator] [7dfae362] 23:52:44.764 [ReconcilerExecutor-hivemq-controller-118] DEBUG c.h.p.o.h.HiveMQPlatformReconcilerErrorHandler - [helmcont] Pod 'test-hivemq-platform-0' phase Running
2025-01-28 23:52:44,766 INFO c.h.h.t.HelmChartContainer - [hivemq-test-hivemq-platform] [hivemq-platform-operator] [7dfae362] 23:52:44.765 [ReconcilerExecutor-hivemq-controller-118] DEBUG c.h.p.o.h.HiveMQPlatformReconcilerRollingRestartHandler - [helmcont] Rolling restart is waiting for 1 of 2 replicas
2025-01-28 23:52:45,669 INFO c.h.h.t.HelmChartContainer - [POD] test-hivemq-platform-1 [6594a6ad-8874-4b2a-a33d-96d3fb007b26] in helmcontainersecuritycontextupgradeplatformit was MODIFIED
2025-01-28 23:52:45,684 INFO c.h.h.t.HelmChartContainer - [hivemq-test-hivemq-platform] [hivemq-platform-operator] [7dfae362] 23:52:45.677 [pool-6-thread-18] DEBUG c.h.p.o.d.PlatformServiceResource - [helmcont] Desired Platform services (3 services)
2025-01-28 23:52:45,685 INFO c.h.h.t.HelmChartContainer - [EVENT] Normal [Started] Started container hivemq [helmcontainersecuritycontextupgradeplatformit:test-hivemq-platform-1]
2025-01-28 23:52:45,685 INFO c.h.h.t.HelmChartContainer - Started log watcher for hivemq in pod test-hivemq-platform-1 [6594a6ad-8874-4b2a-a33d-96d3fb007b26]
2025-01-28 23:52:45,686 INFO c.h.h.t.HelmChartContainer - [test-hivemq-platform] [hivemq] [6594a6ad] Adding pre-installed HiveMQ Platform Operator extensions
2025-01-28 23:52:45,686 INFO c.h.h.t.HelmChartContainer - [test-hivemq-platform] [hivemq] [6594a6ad] Running as user 0
2025-01-28 23:52:45,686 INFO c.h.h.t.HelmChartContainer - [test-hivemq-platform] [hivemq] [6594a6ad] Starting HiveMQ Platform Operator Init
2025-01-28 23:52:45,685 INFO c.h.h.t.HelmChartContainer - Received Started event for container hivemq in pod test-hivemq-platform-1 [6594a6ad-8874-4b2a-a33d-96d3fb007b26]
2025-01-28 23:52:45,689 INFO c.h.h.t.HelmChartContainer - [hivemq-test-hivemq-platform] [hivemq-platform-operator] [7dfae362] 23:52:45.681 [pool-6-thread-15] DEBUG c.h.p.o.d.PodServiceAccountResource - [helmcont] Desired PodServiceAccountResource (serviceAccountName: hivemq-platform-pod-test-hivemq-platform)
2025-01-28 23:52:45,690 INFO c.h.h.t.HelmChartContainer - [hivemq-test-hivemq-platform] [hivemq-platform-operator] [7dfae362] 23:52:45.685 [pool-6-thread-19] DEBUG c.h.p.o.dependants.PodInfoConfigMap - [helmcont] Desired PodInfo ConfigMap (1 extensions) (1 enabled)
2025-01-28 23:52:45,691 INFO c.h.h.t.HelmChartContainer - [hivemq-test-hivemq-platform] [hivemq-platform-operator] [7dfae362] 23:52:45.685 [pool-6-thread-19] DEBUG c.h.p.o.dependants.PodInfoConfigMap - [helmcont] Desired PodInfo ConfigMap (metrics port: 9399) (metrics path: /)
2025-01-28 23:52:45,691 INFO c.h.h.t.HelmChartContainer - [hivemq-test-hivemq-platform] [hivemq-platform-operator] [7dfae362] 23:52:45.685 [pool-6-thread-19] DEBUG c.h.p.o.dependants.PodInfoConfigMap - [helmcont] Desired PodInfo ConfigMap (extension state hash: -1817474005)
2025-01-28 23:52:45,691 INFO c.h.h.t.HelmChartContainer - [hivemq-test-hivemq-platform] [hivemq-platform-operator] [7dfae362] 23:52:45.689 [pool-6-thread-18] DEBUG c.h.p.o.d.StatefulSetResource - [helmcont] Desired StatefulSet (2 replicas) for status ROLLING_RESTART (SURGE_IN_PROGRESS)
2025-01-28 23:52:45,695 INFO c.h.h.t.HelmChartContainer - [hivemq-test-hivemq-platform] [hivemq-platform-operator] [7dfae362] 23:52:45.694 [ReconcilerExecutor-hivemq-controller-119] INFO  c.h.p.o.HiveMQPlatformReconciler - [helmcont] Reconciling HiveMQ Platform 'test-hivemq-platform' in namespace 'helmcontainersecuritycontextupgradeplatformit'
2025-01-28 23:52:45,696 INFO c.h.h.t.HelmChartContainer - [hivemq-test-hivemq-platform] [hivemq-platform-operator] [7dfae362] 23:52:45.694 [ReconcilerExecutor-hivemq-controller-119] DEBUG c.h.p.o.HiveMQPlatformReconciler - [helmcont] Custom Resource Status ROLLING_RESTART - HiveMQ Platform is starting a surge Pod (rolling restart) (SURGE_IN_PROGRESS)
2025-01-28 23:52:45,697 INFO c.h.h.t.HelmChartContainer - [hivemq-test-hivemq-platform] [hivemq-platform-operator] [7dfae362] 23:52:45.694 [ReconcilerExecutor-hivemq-controller-119] DEBUG c.h.p.o.HiveMQPlatformReconciler - [helmcont] Custom Resource Spec (replicas: 1) (extensions: 1)
2025-01-28 23:52:45,760 INFO c.h.h.t.HelmChartContainer - [hivemq-test-hivemq-platform] [hivemq-platform-operator] [7dfae362] 23:52:45.757 [ReconcilerExecutor-hivemq-controller-119] DEBUG c.h.p.o.HiveMQPlatformReconciler - [helmcont] StatefulSet Status (revision: test-hivemq-platform-579f489c45, replicas: 2, available: 1, ready: 1, current: 1, updated: 1)
2025-01-28 23:52:45,760 INFO c.h.h.t.HelmChartContainer - [hivemq-test-hivemq-platform] [hivemq-platform-operator] [7dfae362] 23:52:45.757 [ReconcilerExecutor-hivemq-controller-119] DEBUG c.h.p.o.HiveMQPlatformReconciler - [helmcont] StatefulSet Spec (replicas: 2, init containers: 1, containers: 1, volumes: 3)
2025-01-28 23:52:45,760 INFO c.h.h.t.HelmChartContainer - [hivemq-test-hivemq-platform] [hivemq-platform-operator] [7dfae362] 23:52:45.758 [ReconcilerExecutor-hivemq-controller-119] DEBUG c.h.p.o.h.HiveMQPlatformReconcilerErrorHandler - [helmcont] Pod 'test-hivemq-platform-1' phase Running
2025-01-28 23:52:45,761 INFO c.h.h.t.HelmChartContainer - [hivemq-test-hivemq-platform] [hivemq-platform-operator] [7dfae362] 23:52:45.759 [ReconcilerExecutor-hivemq-controller-119] DEBUG c.h.p.o.h.HiveMQPlatformReconcilerErrorHandler - [helmcont] Pod 'test-hivemq-platform-0' phase Running
2025-01-28 23:52:45,762 INFO c.h.h.t.HelmChartContainer - [hivemq-test-hivemq-platform] [hivemq-platform-operator] [7dfae362] 23:52:45.760 [ReconcilerExecutor-hivemq-controller-119] DEBUG c.h.p.o.h.HiveMQPlatformReconcilerRollingRestartHandler - [helmcont] Rolling restart is waiting for 1 of 2 replicas
2025-01-28 23:52:46,021 INFO c.h.h.t.HelmChartContainer - [test-hivemq-platform] [hivemq] [6594a6ad] INFO  - [HiveMQ Platform Operator Init 1.7.0-SNAPSHOT] HiveMQ Platform Operator Init 1.7.0-SNAPSHOT (commit: bebf408 on branch: HEAD) built on Sun Jan 26 20:47:47 UTC 2025
2025-01-28 23:52:47,140 INFO c.h.h.t.HelmChartContainer - [test-hivemq-platform] [hivemq] [6594a6ad] INFO  - [HiveMQ Platform Operator Init App 1.7.0-SNAPSHOT] Using bind address 10.42.0.7 from environment variable
2025-01-28 23:52:48,041 INFO c.h.h.t.HelmChartContainer - [test-hivemq-platform] [hivemq] [6594a6ad] INFO  - [HiveMQ Platform Operator Init App 1.7.0-SNAPSHOT] HiveMQ Platform Operator Init App 1.7.0-SNAPSHOT (commit: bebf408 on branch: HEAD) built on Sun Jan 26 20:47:47 UTC 2025
2025-01-28 23:52:48,041 INFO c.h.h.t.HelmChartContainer - [test-hivemq-platform] [hivemq] [6594a6ad] INFO  - [HiveMQ Platform Operator Init App 1.7.0-SNAPSHOT] PodInfo ConfigMap directory: /etc/podinfo
2025-01-28 23:52:48,041 INFO c.h.h.t.HelmChartContainer - [test-hivemq-platform] [hivemq] [6594a6ad] INFO  - [HiveMQ Platform Operator Init App 1.7.0-SNAPSHOT] HiveMQ home directory: /opt/hivemq
2025-01-28 23:52:48,041 INFO c.h.h.t.HelmChartContainer - [test-hivemq-platform] [hivemq] [6594a6ad] INFO  - [HiveMQ Platform Operator Init App 1.7.0-SNAPSHOT] HiveMQ Logback folder: /opt/hivemq/conf
2025-01-28 23:52:48,041 INFO c.h.h.t.HelmChartContainer - [test-hivemq-platform] [hivemq] [6594a6ad] INFO  - [HiveMQ Platform Operator Init App 1.7.0-SNAPSHOT] HiveMQ Config folder: /opt/hivemq/conf-k8s
2025-01-28 23:52:48,042 INFO c.h.h.t.HelmChartContainer - [test-hivemq-platform] [hivemq] [6594a6ad] INFO  - [HiveMQ Platform Operator Init App 1.7.0-SNAPSHOT] Starting HiveMQ Platform Operator Init App
2025-01-28 23:52:48,042 INFO c.h.h.t.HelmChartContainer - [test-hivemq-platform] [hivemq] [6594a6ad] INFO  - [HiveMQ Platform Operator Init App 1.7.0-SNAPSHOT] Starting Pod reconciler
2025-01-28 23:52:49,237 INFO c.h.h.t.HelmChartContainer - [test-hivemq-platform] [hivemq] [6594a6ad] INFO  - [HiveMQ Platform Operator Init App 1.7.0-SNAPSHOT] Pod reconciler is scheduled (interval: 5000 ms)
2025-01-28 23:52:49,238 INFO c.h.h.t.HelmChartContainer - [test-hivemq-platform] [hivemq] [6594a6ad] INFO  - [HiveMQ Platform Operator Init App 1.7.0-SNAPSHOT] Starting the REST API on 10.42.0.7:7979
2025-01-28 23:52:49,242 INFO c.h.h.t.HelmChartContainer - [test-hivemq-platform] [hivemq] [6594a6ad] INFO  - [HiveMQ Platform Operator Init App 1.7.0-SNAPSHOT] Waiting up to 600s for at most 2 HiveMQ nodes in cluster service hivemq-test-hivemq-platform-cluster.helmcontainersecuritycontextupgradeplatformit.svc
2025-01-28 23:52:49,532 INFO c.h.h.t.HelmChartContainer - [test-hivemq-platform] [hivemq] [6594a6ad] INFO  - [HiveMQ Platform Operator Init App 1.7.0-SNAPSHOT] Resolved 2 IP addresses: [10.42.0.6, 10.42.0.7]
2025-01-28 23:52:49,533 INFO c.h.h.t.HelmChartContainer - [test-hivemq-platform] [hivemq] [6594a6ad] INFO  - [HiveMQ Platform Operator Init App 1.7.0-SNAPSHOT] HiveMQ node count of 2 is within threshold of 2
2025-01-28 23:52:49,533 INFO c.h.h.t.HelmChartContainer - [test-hivemq-platform] [hivemq] [6594a6ad] INFO  - [HiveMQ Platform Operator Init App 1.7.0-SNAPSHOT] Waiting 15s for previous shutdown replication to finish...
2025-01-28 23:52:51,669 INFO c.h.h.t.HelmChartContainer - [test-hivemq-platform] [hivemq] [6594a6ad] INFO  - [HiveMQ Platform Operator Init App 1.7.0-SNAPSHOT] Returning default Health API response 503 for readiness
2025-01-28 23:52:51,743 INFO c.h.h.t.HelmChartContainer - [EVENT] Warning [Unhealthy] Readiness probe failed: HTTP probe failed with statuscode: 503 [helmcontainersecuritycontextupgradeplatformit:test-hivemq-platform-1]
2025-01-28 23:52:51,743 INFO c.h.h.t.HelmChartContainer - Received Unhealthy event for container hivemq in pod test-hivemq-platform-1 [6594a6ad-8874-4b2a-a33d-96d3fb007b26]
2025-01-28 23:52:55,765 INFO c.h.h.t.HelmChartContainer - [hivemq-test-hivemq-platform] [hivemq-platform-operator] [7dfae362] 23:52:55.763 [pool-6-thread-26] DEBUG c.h.p.o.d.PlatformServiceResource - [helmcont] Desired Platform services (3 services)
2025-01-28 23:52:55,766 INFO c.h.h.t.HelmChartContainer - [hivemq-test-hivemq-platform] [hivemq-platform-operator] [7dfae362] 23:52:55.764 [pool-6-thread-25] DEBUG c.h.p.o.dependants.PodInfoConfigMap - [helmcont] Desired PodInfo ConfigMap (1 extensions) (1 enabled)
2025-01-28 23:52:55,768 INFO c.h.h.t.HelmChartContainer - [hivemq-test-hivemq-platform] [hivemq-platform-operator] [7dfae362] 23:52:55.764 [pool-6-thread-25] DEBUG c.h.p.o.dependants.PodInfoConfigMap - [helmcont] Desired PodInfo ConfigMap (metrics port: 9399) (metrics path: /)
2025-01-28 23:52:55,768 INFO c.h.h.t.HelmChartContainer - [hivemq-test-hivemq-platform] [hivemq-platform-operator] [7dfae362] 23:52:55.764 [pool-6-thread-25] DEBUG c.h.p.o.dependants.PodInfoConfigMap - [helmcont] Desired PodInfo ConfigMap (extension state hash: -1817474005)
2025-01-28 23:52:55,768 INFO c.h.h.t.HelmChartContainer - [hivemq-test-hivemq-platform] [hivemq-platform-operator] [7dfae362] 23:52:55.767 [pool-6-thread-29] DEBUG c.h.p.o.d.PodServiceAccountResource - [helmcont] Desired PodServiceAccountResource (serviceAccountName: hivemq-platform-pod-test-hivemq-platform)
2025-01-28 23:52:55,774 INFO c.h.h.t.HelmChartContainer - [hivemq-test-hivemq-platform] [hivemq-platform-operator] [7dfae362] 23:52:55.773 [pool-6-thread-27] DEBUG c.h.p.o.d.StatefulSetResource - [helmcont] Desired StatefulSet (2 replicas) for status ROLLING_RESTART (SURGE_IN_PROGRESS)
2025-01-28 23:52:55,778 INFO c.h.h.t.HelmChartContainer - [hivemq-test-hivemq-platform] [hivemq-platform-operator] [7dfae362] 23:52:55.777 [ReconcilerExecutor-hivemq-controller-120] INFO  c.h.p.o.HiveMQPlatformReconciler - [helmcont] Reconciling HiveMQ Platform 'test-hivemq-platform' in namespace 'helmcontainersecuritycontextupgradeplatformit'
2025-01-28 23:52:55,779 INFO c.h.h.t.HelmChartContainer - [hivemq-test-hivemq-platform] [hivemq-platform-operator] [7dfae362] 23:52:55.777 [ReconcilerExecutor-hivemq-controller-120] DEBUG c.h.p.o.HiveMQPlatformReconciler - [helmcont] Custom Resource Status ROLLING_RESTART - HiveMQ Platform is starting a surge Pod (rolling restart) (SURGE_IN_PROGRESS)
2025-01-28 23:52:55,779 INFO c.h.h.t.HelmChartContainer - [hivemq-test-hivemq-platform] [hivemq-platform-operator] [7dfae362] 23:52:55.777 [ReconcilerExecutor-hivemq-controller-120] DEBUG c.h.p.o.HiveMQPlatformReconciler - [helmcont] Custom Resource Spec (replicas: 1) (extensions: 1)
2025-01-28 23:52:55,780 INFO c.h.h.t.HelmChartContainer - [hivemq-test-hivemq-platform] [hivemq-platform-operator] [7dfae362] 23:52:55.778 [ReconcilerExecutor-hivemq-controller-120] DEBUG c.h.p.o.HiveMQPlatformReconciler - [helmcont] StatefulSet Status (revision: test-hivemq-platform-579f489c45, replicas: 2, available: 1, ready: 1, current: 1, updated: 1)
2025-01-28 23:52:55,780 INFO c.h.h.t.HelmChartContainer - [hivemq-test-hivemq-platform] [hivemq-platform-operator] [7dfae362] 23:52:55.778 [ReconcilerExecutor-hivemq-controller-120] DEBUG c.h.p.o.HiveMQPlatformReconciler - [helmcont] StatefulSet Spec (replicas: 2, init containers: 1, containers: 1, volumes: 3)
2025-01-28 23:52:55,858 INFO c.h.h.t.HelmChartContainer - [hivemq-test-hivemq-platform] [hivemq-platform-operator] [7dfae362] 23:52:55.856 [ReconcilerExecutor-hivemq-controller-120] DEBUG c.h.p.o.h.HiveMQPlatformReconcilerErrorHandler - [helmcont] Pod 'test-hivemq-platform-1' phase Running
2025-01-28 23:52:55,861 INFO c.h.h.t.HelmChartContainer - [hivemq-test-hivemq-platform] [hivemq-platform-operator] [7dfae362] 23:52:55.859 [ReconcilerExecutor-hivemq-controller-120] DEBUG c.h.p.o.h.HiveMQPlatformReconcilerErrorHandler - [helmcont] Pod 'test-hivemq-platform-0' phase Running
2025-01-28 23:52:55,862 INFO c.h.h.t.HelmChartContainer - [hivemq-test-hivemq-platform] [hivemq-platform-operator] [7dfae362] 23:52:55.860 [ReconcilerExecutor-hivemq-controller-120] DEBUG c.h.p.o.h.HiveMQPlatformReconcilerRollingRestartHandler - [helmcont] Rolling restart is waiting for 1 of 2 replicas
2025-01-28 23:52:56,537 INFO c.h.h.t.HelmChartContainer - [test-hivemq-platform] [hivemq] [6594a6ad] INFO  - [HiveMQ Platform Operator Init App 1.7.0-SNAPSHOT] Updating Pod HiveMQ Platform Operator Init App version annotation (version: 1.7.0-SNAPSHOT)
2025-01-28 23:52:56,727 INFO c.h.h.t.HelmChartContainer - [EVENT] Warning [Unhealthy] Readiness probe failed: HTTP probe failed with statuscode: 503 [helmcontainersecuritycontextupgradeplatformit:test-hivemq-platform-1]
2025-01-28 23:52:56,727 INFO c.h.h.t.HelmChartContainer - Received Unhealthy event for container hivemq in pod test-hivemq-platform-1 [6594a6ad-8874-4b2a-a33d-96d3fb007b26]
2025-01-28 23:52:56,949 INFO c.h.h.t.HelmChartContainer - [hivemq-test-hivemq-platform] [hivemq-platform-operator] [7dfae362] 23:52:56.942 [pool-6-thread-35] DEBUG c.h.p.o.d.PlatformServiceResource - [helmcont] Desired Platform services (3 services)
2025-01-28 23:52:56,949 INFO c.h.h.t.HelmChartContainer - [test-hivemq-platform] [hivemq] [6594a6ad] INFO  - [HiveMQ Platform Operator Init App 1.7.0-SNAPSHOT] Successfully updated Pod HiveMQ Platform Operator Init App version annotation (version: 1.7.0-SNAPSHOT)
2025-01-28 23:52:56,949 INFO c.h.h.t.HelmChartContainer - [EVENT] Warning [Unhealthy] Readiness probe failed: HTTP probe failed with statuscode: 503 [helmcontainersecuritycontextupgradeplatformit:test-hivemq-platform-1]
2025-01-28 23:52:56,949 INFO c.h.h.t.HelmChartContainer - Received Unhealthy event for container hivemq in pod test-hivemq-platform-1 [6594a6ad-8874-4b2a-a33d-96d3fb007b26]
2025-01-28 23:52:56,949 INFO c.h.h.t.HelmChartContainer - [hivemq-test-hivemq-platform] [hivemq-platform-operator] [7dfae362] 23:52:56.943 [pool-6-thread-34] DEBUG c.h.p.o.dependants.PodInfoConfigMap - [helmcont] Desired PodInfo ConfigMap (1 extensions) (1 enabled)
2025-01-28 23:52:56,950 INFO c.h.h.t.HelmChartContainer - [hivemq-test-hivemq-platform] [hivemq-platform-operator] [7dfae362] 23:52:56.949 [pool-6-thread-34] DEBUG c.h.p.o.dependants.PodInfoConfigMap - [helmcont] Desired PodInfo ConfigMap (metrics port: 9399) (metrics path: /)
2025-01-28 23:52:56,953 INFO c.h.h.t.HelmChartContainer - [POD] test-hivemq-platform-1 [6594a6ad-8874-4b2a-a33d-96d3fb007b26] in helmcontainersecuritycontextupgradeplatformit was MODIFIED
2025-01-28 23:52:56,953 INFO c.h.h.t.HelmChartContainer - [hivemq-test-hivemq-platform] [hivemq-platform-operator] [7dfae362] 23:52:56.949 [pool-6-thread-34] DEBUG c.h.p.o.dependants.PodInfoConfigMap - [helmcont] Desired PodInfo ConfigMap (extension state hash: -1817474005)
2025-01-28 23:52:56,953 INFO c.h.h.t.HelmChartContainer - [hivemq-test-hivemq-platform] [hivemq-platform-operator] [7dfae362] 23:52:56.950 [pool-6-thread-31] DEBUG c.h.p.o.d.PodServiceAccountResource - [helmcont] Desired PodServiceAccountResource (serviceAccountName: hivemq-platform-pod-test-hivemq-platform)
2025-01-28 23:52:56,958 INFO c.h.h.t.HelmChartContainer - [hivemq-test-hivemq-platform] [hivemq-platform-operator] [7dfae362] 23:52:56.956 [pool-6-thread-35] DEBUG c.h.p.o.d.StatefulSetResource - [helmcont] Desired StatefulSet (2 replicas) for status ROLLING_RESTART (SURGE_IN_PROGRESS)
2025-01-28 23:52:56,959 INFO c.h.h.t.HelmChartContainer - [hivemq-test-hivemq-platform] [hivemq-platform-operator] [7dfae362] 23:52:56.959 [ReconcilerExecutor-hivemq-controller-121] INFO  c.h.p.o.HiveMQPlatformReconciler - [helmcont] Reconciling HiveMQ Platform 'test-hivemq-platform' in namespace 'helmcontainersecuritycontextupgradeplatformit'
2025-01-28 23:52:56,960 INFO c.h.h.t.HelmChartContainer - [hivemq-test-hivemq-platform] [hivemq-platform-operator] [7dfae362] 23:52:56.959 [ReconcilerExecutor-hivemq-controller-121] DEBUG c.h.p.o.HiveMQPlatformReconciler - [helmcont] Custom Resource Status ROLLING_RESTART - HiveMQ Platform is starting a surge Pod (rolling restart) (SURGE_IN_PROGRESS)
2025-01-28 23:52:56,960 INFO c.h.h.t.HelmChartContainer - [hivemq-test-hivemq-platform] [hivemq-platform-operator] [7dfae362] 23:52:56.959 [ReconcilerExecutor-hivemq-controller-121] DEBUG c.h.p.o.HiveMQPlatformReconciler - [helmcont] Custom Resource Spec (replicas: 1) (extensions: 1)
2025-01-28 23:52:56,962 INFO c.h.h.t.HelmChartContainer - [hivemq-test-hivemq-platform] [hivemq-platform-operator] [7dfae362] 23:52:56.961 [ReconcilerExecutor-hivemq-controller-121] DEBUG c.h.p.o.HiveMQPlatformReconciler - [helmcont] StatefulSet Status (revision: test-hivemq-platform-579f489c45, replicas: 2, available: 1, ready: 1, current: 1, updated: 1)
2025-01-28 23:52:56,962 INFO c.h.h.t.HelmChartContainer - [hivemq-test-hivemq-platform] [hivemq-platform-operator] [7dfae362] 23:52:56.961 [ReconcilerExecutor-hivemq-controller-121] DEBUG c.h.p.o.HiveMQPlatformReconciler - [helmcont] StatefulSet Spec (replicas: 2, init containers: 1, containers: 1, volumes: 3)
2025-01-28 23:52:56,963 INFO c.h.h.t.HelmChartContainer - [hivemq-test-hivemq-platform] [hivemq-platform-operator] [7dfae362] 23:52:56.962 [ReconcilerExecutor-hivemq-controller-121] DEBUG c.h.p.o.h.HiveMQPlatformReconcilerErrorHandler - [helmcont] Pod 'test-hivemq-platform-1' phase Running
2025-01-28 23:52:56,964 INFO c.h.h.t.HelmChartContainer - [hivemq-test-hivemq-platform] [hivemq-platform-operator] [7dfae362] 23:52:56.964 [ReconcilerExecutor-hivemq-controller-121] DEBUG c.h.p.o.h.HiveMQPlatformReconcilerErrorHandler - [helmcont] Pod 'test-hivemq-platform-0' phase Running
2025-01-28 23:52:56,965 INFO c.h.h.t.HelmChartContainer - [hivemq-test-hivemq-platform] [hivemq-platform-operator] [7dfae362] 23:52:56.964 [ReconcilerExecutor-hivemq-controller-121] DEBUG c.h.p.o.h.HiveMQPlatformReconcilerRollingRestartHandler - [helmcont] Rolling restart is waiting for 1 of 2 replicas
2025-01-28 23:53:00,335 INFO c.h.h.t.HelmChartContainer - [test-hivemq-platform] [hivemq] [af31bd0e] INFO  - [HiveMQ Platform Operator Init App 1.7.0-SNAPSHOT] Returning Health API response 200 for liveness
2025-01-28 23:53:01,936 INFO c.h.h.t.HelmChartContainer - [EVENT] Warning [Unhealthy] Readiness probe failed: HTTP probe failed with statuscode: 503 [helmcontainersecuritycontextupgradeplatformit:test-hivemq-platform-1]
2025-01-28 23:53:01,936 INFO c.h.h.t.HelmChartContainer - Received Unhealthy event for container hivemq in pod test-hivemq-platform-1 [6594a6ad-8874-4b2a-a33d-96d3fb007b26]
2025-01-28 23:53:04,533 INFO c.h.h.t.HelmChartContainer - [test-hivemq-platform] [hivemq] [6594a6ad] INFO  - [HiveMQ Platform Operator Init App 1.7.0-SNAPSHOT] Proceeding with container start
2025-01-28 23:53:04,536 INFO c.h.h.t.HelmChartContainer - [test-hivemq-platform] [hivemq] [6594a6ad] INFO  - [HiveMQ Platform Operator Init App 1.7.0-SNAPSHOT] Initializing HiveMQ Platform extensions with initial configuration: {hivemq-allow-all-extension={start-priority=-1, skip-https-hostname-verification=false, restart=true, config-version=0, header-version=0, c-uri=, priority=-1, uri=preinstalled, skip-https-certificate-validation=false, enabled=true}, hivemq-prometheus-extension={start-priority=-1, c-uri=, skip-https-hostname-verification=false, skip-https-certificate-validation=false, uri=preinstalled, request-header-path=no-request-headers, enabled=true, restart=true, priority=-1}}
2025-01-28 23:53:04,929 INFO c.h.h.t.HelmChartContainer - [test-hivemq-platform] [hivemq] [6594a6ad] INFO  - [HiveMQ Platform Operator Init App 1.7.0-SNAPSHOT] Extension hivemq-allow-all-extension was already enabled
2025-01-28 23:53:04,937 INFO c.h.h.t.HelmChartContainer - [test-hivemq-platform] [hivemq] [6594a6ad] INFO  - [HiveMQ Platform Operator Init App 1.7.0-SNAPSHOT] Successfully enabled extension hivemq-prometheus-extension
2025-01-28 23:53:04,938 INFO c.h.h.t.HelmChartContainer - [test-hivemq-platform] [hivemq] [6594a6ad] INFO  - [HiveMQ Platform Operator Init App 1.7.0-SNAPSHOT] Starting HiveMQ Platform version 4.36.0 (4.36.0)
2025-01-28 23:53:04,938 INFO c.h.h.t.HelmChartContainer - [test-hivemq-platform] [hivemq] [6594a6ad] INFO  - [HiveMQ Platform Operator Init App 1.7.0-SNAPSHOT] Configuring the HiveMQ Platform
2025-01-28 23:53:05,023 INFO c.h.h.t.HelmChartContainer - [test-hivemq-platform] [hivemq] [6594a6ad] INFO  - [HiveMQ Platform Operator Init App 1.7.0-SNAPSHOT] Changed logback.xml file scan period to 20 seconds
2025-01-28 23:53:05,032 INFO c.h.h.t.HelmChartContainer - [test-hivemq-platform] [hivemq] [6594a6ad] INFO  - [HiveMQ Platform Operator Init App 1.7.0-SNAPSHOT] Starting the HiveMQ Platform
2025-01-28 23:53:05,119 INFO c.h.h.t.HelmChartContainer - [test-hivemq-platform] [hivemq] [6594a6ad] -------------------------------------------------------------------------
2025-01-28 23:53:05,119 INFO c.h.h.t.HelmChartContainer - [test-hivemq-platform] [hivemq] [6594a6ad] 
2025-01-28 23:53:05,120 INFO c.h.h.t.HelmChartContainer - [test-hivemq-platform] [hivemq] [6594a6ad]                   _    _  _              __  __   ____
2025-01-28 23:53:05,120 INFO c.h.h.t.HelmChartContainer - [test-hivemq-platform] [hivemq] [6594a6ad]                  | |  | |(_)            |  \/  | / __ \
2025-01-28 23:53:05,120 INFO c.h.h.t.HelmChartContainer - [test-hivemq-platform] [hivemq] [6594a6ad]                  | |__| | _ __   __ ___ | \  / || |  | |
2025-01-28 23:53:05,120 INFO c.h.h.t.HelmChartContainer - [test-hivemq-platform] [hivemq] [6594a6ad]                  |  __  || |\ \ / // _ \| |\/| || |  | |
2025-01-28 23:53:05,120 INFO c.h.h.t.HelmChartContainer - [test-hivemq-platform] [hivemq] [6594a6ad]                  | |  | || | \ V /|  __/| |  | || |__| |
2025-01-28 23:53:05,120 INFO c.h.h.t.HelmChartContainer - [test-hivemq-platform] [hivemq] [6594a6ad]                  |_|  |_||_|  \_/  \___||_|  |_| \___\_\
2025-01-28 23:53:05,120 INFO c.h.h.t.HelmChartContainer - [test-hivemq-platform] [hivemq] [6594a6ad] 
2025-01-28 23:53:05,120 INFO c.h.h.t.HelmChartContainer - [test-hivemq-platform] [hivemq] [6594a6ad] -------------------------------------------------------------------------
2025-01-28 23:53:05,120 INFO c.h.h.t.HelmChartContainer - [test-hivemq-platform] [hivemq] [6594a6ad] 
2025-01-28 23:53:05,120 INFO c.h.h.t.HelmChartContainer - [test-hivemq-platform] [hivemq] [6594a6ad]   HiveMQ Start Script for Linux/Unix v1.14
2025-01-28 23:53:05,120 INFO c.h.h.t.HelmChartContainer - [test-hivemq-platform] [hivemq] [6594a6ad] 
2025-01-28 23:53:05,150 INFO c.h.h.t.HelmChartContainer - [test-hivemq-platform] [hivemq] [6594a6ad] -------------------------------------------------------------------------
2025-01-28 23:53:05,151 INFO c.h.h.t.HelmChartContainer - [test-hivemq-platform] [hivemq] [6594a6ad] 
2025-01-28 23:53:05,152 INFO c.h.h.t.HelmChartContainer - [test-hivemq-platform] [hivemq] [6594a6ad]   HIVEMQ_HOME: /opt/hivemq
2025-01-28 23:53:05,152 INFO c.h.h.t.HelmChartContainer - [test-hivemq-platform] [hivemq] [6594a6ad] 
2025-01-28 23:53:05,152 INFO c.h.h.t.HelmChartContainer - [test-hivemq-platform] [hivemq] [6594a6ad]   JAVA_OPTS: -XX:+UnlockExperimentalVMOptions -XX:InitialRAMPercentage=50 -XX:MaxRAMPercentage=50 -Djava.net.preferIPv4Stack=true --add-opens java.base/java.lang=ALL-UNNAMED --add-opens java.base/java.nio=ALL-UNNAMED --add-opens java.base/sun.nio.ch=ALL-UNNAMED --add-opens jdk.management/com.sun.management.internal=ALL-UNNAMED --add-exports java.base/jdk.internal.misc=ALL-UNNAMED -Djava.security.egd=file:/dev/./urandom -Dcom.sun.management.jmxremote -Dcom.sun.management.jmxremote.port=9010 -Dcom.sun.management.jmxremote.local.only=false -Dcom.sun.management.jmxremote.authenticate=false -Dcom.sun.management.jmxremote.ssl=false -Duser.language=en -Duser.region=US -XX:+CrashOnOutOfMemoryError -XX:+HeapDumpOnOutOfMemoryError
2025-01-28 23:53:05,152 INFO c.h.h.t.HelmChartContainer - [test-hivemq-platform] [hivemq] [6594a6ad] 
2025-01-28 23:53:05,152 INFO c.h.h.t.HelmChartContainer - [test-hivemq-platform] [hivemq] [6594a6ad]   JAVA_VERSION: 21
2025-01-28 23:53:05,152 INFO c.h.h.t.HelmChartContainer - [test-hivemq-platform] [hivemq] [6594a6ad] 
2025-01-28 23:53:05,152 INFO c.h.h.t.HelmChartContainer - [test-hivemq-platform] [hivemq] [6594a6ad] -------------------------------------------------------------------------
2025-01-28 23:53:05,152 INFO c.h.h.t.HelmChartContainer - [test-hivemq-platform] [hivemq] [6594a6ad] 
2025-01-28 23:53:06,937 INFO c.h.h.t.HelmChartContainer - [EVENT] Warning [Unhealthy] Readiness probe failed: HTTP probe failed with statuscode: 503 [helmcontainersecuritycontextupgradeplatformit:test-hivemq-platform-1]
2025-01-28 23:53:06,937 INFO c.h.h.t.HelmChartContainer - Received Unhealthy event for container hivemq in pod test-hivemq-platform-1 [6594a6ad-8874-4b2a-a33d-96d3fb007b26]
2025-01-28 23:53:06,970 INFO c.h.h.t.HelmChartContainer - [hivemq-test-hivemq-platform] [hivemq-platform-operator] [7dfae362] 23:53:06.967 [pool-6-thread-43] DEBUG c.h.p.o.d.PlatformServiceResource - [helmcont] Desired Platform services (3 services)
2025-01-28 23:53:06,970 INFO c.h.h.t.HelmChartContainer - [hivemq-test-hivemq-platform] [hivemq-platform-operator] [7dfae362] 23:53:06.968 [pool-6-thread-47] DEBUG c.h.p.o.dependants.PodInfoConfigMap - [helmcont] Desired PodInfo ConfigMap (1 extensions) (1 enabled)
2025-01-28 23:53:06,970 INFO c.h.h.t.HelmChartContainer - [hivemq-test-hivemq-platform] [hivemq-platform-operator] [7dfae362] 23:53:06.968 [pool-6-thread-47] DEBUG c.h.p.o.dependants.PodInfoConfigMap - [helmcont] Desired PodInfo ConfigMap (metrics port: 9399) (metrics path: /)
2025-01-28 23:53:06,970 INFO c.h.h.t.HelmChartContainer - [hivemq-test-hivemq-platform] [hivemq-platform-operator] [7dfae362] 23:53:06.968 [pool-6-thread-47] DEBUG c.h.p.o.dependants.PodInfoConfigMap - [helmcont] Desired PodInfo ConfigMap (extension state hash: -1817474005)
2025-01-28 23:53:06,970 INFO c.h.h.t.HelmChartContainer - [hivemq-test-hivemq-platform] [hivemq-platform-operator] [7dfae362] 23:53:06.969 [pool-6-thread-41] DEBUG c.h.p.o.d.PodServiceAccountResource - [helmcont] Desired PodServiceAccountResource (serviceAccountName: hivemq-platform-pod-test-hivemq-platform)
2025-01-28 23:53:06,974 INFO c.h.h.t.HelmChartContainer - [hivemq-test-hivemq-platform] [hivemq-platform-operator] [7dfae362] 23:53:06.973 [pool-6-thread-43] DEBUG c.h.p.o.d.StatefulSetResource - [helmcont] Desired StatefulSet (2 replicas) for status ROLLING_RESTART (SURGE_IN_PROGRESS)
2025-01-28 23:53:06,979 INFO c.h.h.t.HelmChartContainer - [hivemq-test-hivemq-platform] [hivemq-platform-operator] [7dfae362] 23:53:06.977 [ReconcilerExecutor-hivemq-controller-122] INFO  c.h.p.o.HiveMQPlatformReconciler - [helmcont] Reconciling HiveMQ Platform 'test-hivemq-platform' in namespace 'helmcontainersecuritycontextupgradeplatformit'
2025-01-28 23:53:06,980 INFO c.h.h.t.HelmChartContainer - [hivemq-test-hivemq-platform] [hivemq-platform-operator] [7dfae362] 23:53:06.977 [ReconcilerExecutor-hivemq-controller-122] DEBUG c.h.p.o.HiveMQPlatformReconciler - [helmcont] Custom Resource Status ROLLING_RESTART - HiveMQ Platform is starting a surge Pod (rolling restart) (SURGE_IN_PROGRESS)
2025-01-28 23:53:06,980 INFO c.h.h.t.HelmChartContainer - [hivemq-test-hivemq-platform] [hivemq-platform-operator] [7dfae362] 23:53:06.977 [ReconcilerExecutor-hivemq-controller-122] DEBUG c.h.p.o.HiveMQPlatformReconciler - [helmcont] Custom Resource Spec (replicas: 1) (extensions: 1)
2025-01-28 23:53:06,980 INFO c.h.h.t.HelmChartContainer - [hivemq-test-hivemq-platform] [hivemq-platform-operator] [7dfae362] 23:53:06.979 [ReconcilerExecutor-hivemq-controller-122] DEBUG c.h.p.o.HiveMQPlatformReconciler - [helmcont] StatefulSet Status (revision: test-hivemq-platform-579f489c45, replicas: 2, available: 1, ready: 1, current: 1, updated: 1)
2025-01-28 23:53:06,982 INFO c.h.h.t.HelmChartContainer - [hivemq-test-hivemq-platform] [hivemq-platform-operator] [7dfae362] 23:53:06.979 [ReconcilerExecutor-hivemq-controller-122] DEBUG c.h.p.o.HiveMQPlatformReconciler - [helmcont] StatefulSet Spec (replicas: 2, init containers: 1, containers: 1, volumes: 3)
2025-01-28 23:53:06,982 INFO c.h.h.t.HelmChartContainer - [hivemq-test-hivemq-platform] [hivemq-platform-operator] [7dfae362] 23:53:06.980 [ReconcilerExecutor-hivemq-controller-122] DEBUG c.h.p.o.h.HiveMQPlatformReconcilerErrorHandler - [helmcont] Pod 'test-hivemq-platform-1' phase Running
2025-01-28 23:53:06,983 INFO c.h.h.t.HelmChartContainer - [hivemq-test-hivemq-platform] [hivemq-platform-operator] [7dfae362] 23:53:06.982 [ReconcilerExecutor-hivemq-controller-122] DEBUG c.h.p.o.h.HiveMQPlatformReconcilerErrorHandler - [helmcont] Pod 'test-hivemq-platform-0' phase Running
2025-01-28 23:53:06,983 INFO c.h.h.t.HelmChartContainer - [hivemq-test-hivemq-platform] [hivemq-platform-operator] [7dfae362] 23:53:06.983 [ReconcilerExecutor-hivemq-controller-122] DEBUG c.h.p.o.h.HiveMQPlatformReconcilerRollingRestartHandler - [helmcont] Rolling restart is waiting for 1 of 2 replicas
2025-01-28 23:53:07,622 INFO c.h.h.t.HelmChartContainer - [test-hivemq-platform] [hivemq] [6594a6ad] INFO  - Starting HiveMQ Enterprise Server
2025-01-28 23:53:07,628 INFO c.h.h.t.HelmChartContainer - [test-hivemq-platform] [hivemq] [6594a6ad] INFO  - HiveMQ version: 4.36.0
2025-01-28 23:53:07,628 INFO c.h.h.t.HelmChartContainer - [test-hivemq-platform] [hivemq] [6594a6ad] INFO  - HiveMQ home directory: /opt/hivemq
2025-01-28 23:53:07,628 INFO c.h.h.t.HelmChartContainer - [test-hivemq-platform] [hivemq] [6594a6ad] INFO  - Log Configuration was overridden by /opt/hivemq/conf/logback.xml
2025-01-28 23:53:08,827 INFO c.h.h.t.HelmChartContainer - [test-hivemq-platform] [hivemq] [6594a6ad] INFO  - Successfully loaded configuration from '/opt/hivemq/conf-k8s/config.xml'.
2025-01-28 23:53:09,222 INFO c.h.h.t.HelmChartContainer - [test-hivemq-platform] [hivemq] [6594a6ad] INFO  - This node's ID is jcDkl
2025-01-28 23:53:09,223 INFO c.h.h.t.HelmChartContainer - [test-hivemq-platform] [hivemq] [6594a6ad] INFO  - Clustering is enabled
2025-01-28 23:53:12,224 INFO c.h.h.t.HelmChartContainer - [test-hivemq-platform] [hivemq] [6594a6ad] WARN  - [HiveMQ Platform Operator Init App 1.7.0-SNAPSHOT] Cannot connect to Health API for readiness: null
2025-01-28 23:53:12,229 INFO c.h.h.t.HelmChartContainer - [EVENT] Warning [Unhealthy] Readiness probe failed: HTTP probe failed with statuscode: 503 [helmcontainersecuritycontextupgradeplatformit:test-hivemq-platform-1]
2025-01-28 23:53:12,229 INFO c.h.h.t.HelmChartContainer - Received Unhealthy event for container hivemq in pod test-hivemq-platform-1 [6594a6ad-8874-4b2a-a33d-96d3fb007b26]
2025-01-28 23:53:14,132 INFO c.h.h.t.HelmChartContainer - [test-hivemq-platform] [hivemq] [6594a6ad] WARN  - [HiveMQ Platform Operator Init App 1.7.0-SNAPSHOT] Cannot connect to Health API for liveness: null
2025-01-28 23:53:14,132 INFO c.h.h.t.HelmChartContainer - [test-hivemq-platform] [hivemq] [6594a6ad] INFO  - [HiveMQ Platform Operator Init App 1.7.0-SNAPSHOT] Returning default Health API response 200 for liveness
2025-01-28 23:53:16,936 INFO c.h.h.t.HelmChartContainer - [test-hivemq-platform] [hivemq] [6594a6ad] WARN  - [HiveMQ Platform Operator Init App 1.7.0-SNAPSHOT] Cannot connect to Health API for readiness: null
2025-01-28 23:53:16,940 INFO c.h.h.t.HelmChartContainer - [EVENT] Warning [Unhealthy] Readiness probe failed: HTTP probe failed with statuscode: 503 [helmcontainersecuritycontextupgradeplatformit:test-hivemq-platform-1]
2025-01-28 23:53:16,940 INFO c.h.h.t.HelmChartContainer - Received Unhealthy event for container hivemq in pod test-hivemq-platform-1 [6594a6ad-8874-4b2a-a33d-96d3fb007b26]
2025-01-28 23:53:16,989 INFO c.h.h.t.HelmChartContainer - [hivemq-test-hivemq-platform] [hivemq-platform-operator] [7dfae362] 23:53:16.986 [pool-6-thread-6] DEBUG c.h.p.o.d.PlatformServiceResource - [helmcont] Desired Platform services (3 services)
2025-01-28 23:53:16,989 INFO c.h.h.t.HelmChartContainer - [hivemq-test-hivemq-platform] [hivemq-platform-operator] [7dfae362] 23:53:16.986 [pool-6-thread-8] DEBUG c.h.p.o.dependants.PodInfoConfigMap - [helmcont] Desired PodInfo ConfigMap (1 extensions) (1 enabled)
2025-01-28 23:53:16,989 INFO c.h.h.t.HelmChartContainer - [hivemq-test-hivemq-platform] [hivemq-platform-operator] [7dfae362] 23:53:16.987 [pool-6-thread-8] DEBUG c.h.p.o.dependants.PodInfoConfigMap - [helmcont] Desired PodInfo ConfigMap (metrics port: 9399) (metrics path: /)
2025-01-28 23:53:16,989 INFO c.h.h.t.HelmChartContainer - [hivemq-test-hivemq-platform] [hivemq-platform-operator] [7dfae362] 23:53:16.987 [pool-6-thread-8] DEBUG c.h.p.o.dependants.PodInfoConfigMap - [helmcont] Desired PodInfo ConfigMap (extension state hash: -1817474005)
2025-01-28 23:53:16,989 INFO c.h.h.t.HelmChartContainer - [hivemq-test-hivemq-platform] [hivemq-platform-operator] [7dfae362] 23:53:16.987 [pool-6-thread-10] DEBUG c.h.p.o.d.PodServiceAccountResource - [helmcont] Desired PodServiceAccountResource (serviceAccountName: hivemq-platform-pod-test-hivemq-platform)
2025-01-28 23:53:16,993 INFO c.h.h.t.HelmChartContainer - [hivemq-test-hivemq-platform] [hivemq-platform-operator] [7dfae362] 23:53:16.991 [pool-6-thread-6] DEBUG c.h.p.o.d.StatefulSetResource - [helmcont] Desired StatefulSet (2 replicas) for status ROLLING_RESTART (SURGE_IN_PROGRESS)
2025-01-28 23:53:16,995 INFO c.h.h.t.HelmChartContainer - [hivemq-test-hivemq-platform] [hivemq-platform-operator] [7dfae362] 23:53:16.994 [ReconcilerExecutor-hivemq-controller-123] INFO  c.h.p.o.HiveMQPlatformReconciler - [helmcont] Reconciling HiveMQ Platform 'test-hivemq-platform' in namespace 'helmcontainersecuritycontextupgradeplatformit'
2025-01-28 23:53:16,996 INFO c.h.h.t.HelmChartContainer - [hivemq-test-hivemq-platform] [hivemq-platform-operator] [7dfae362] 23:53:16.995 [ReconcilerExecutor-hivemq-controller-123] DEBUG c.h.p.o.HiveMQPlatformReconciler - [helmcont] Custom Resource Status ROLLING_RESTART - HiveMQ Platform is starting a surge Pod (rolling restart) (SURGE_IN_PROGRESS)
2025-01-28 23:53:16,996 INFO c.h.h.t.HelmChartContainer - [hivemq-test-hivemq-platform] [hivemq-platform-operator] [7dfae362] 23:53:16.995 [ReconcilerExecutor-hivemq-controller-123] DEBUG c.h.p.o.HiveMQPlatformReconciler - [helmcont] Custom Resource Spec (replicas: 1) (extensions: 1)
2025-01-28 23:53:16,997 INFO c.h.h.t.HelmChartContainer - [hivemq-test-hivemq-platform] [hivemq-platform-operator] [7dfae362] 23:53:16.996 [ReconcilerExecutor-hivemq-controller-123] DEBUG c.h.p.o.HiveMQPlatformReconciler - [helmcont] StatefulSet Status (revision: test-hivemq-platform-579f489c45, replicas: 2, available: 1, ready: 1, current: 1, updated: 1)
2025-01-28 23:53:16,997 INFO c.h.h.t.HelmChartContainer - [hivemq-test-hivemq-platform] [hivemq-platform-operator] [7dfae362] 23:53:16.996 [ReconcilerExecutor-hivemq-controller-123] DEBUG c.h.p.o.HiveMQPlatformReconciler - [helmcont] StatefulSet Spec (replicas: 2, init containers: 1, containers: 1, volumes: 3)
2025-01-28 23:53:16,998 INFO c.h.h.t.HelmChartContainer - [hivemq-test-hivemq-platform] [hivemq-platform-operator] [7dfae362] 23:53:16.997 [ReconcilerExecutor-hivemq-controller-123] DEBUG c.h.p.o.h.HiveMQPlatformReconcilerErrorHandler - [helmcont] Pod 'test-hivemq-platform-1' phase Running
2025-01-28 23:53:16,999 INFO c.h.h.t.HelmChartContainer - [hivemq-test-hivemq-platform] [hivemq-platform-operator] [7dfae362] 23:53:16.998 [ReconcilerExecutor-hivemq-controller-123] DEBUG c.h.p.o.h.HiveMQPlatformReconcilerErrorHandler - [helmcont] Pod 'test-hivemq-platform-0' phase Running
2025-01-28 23:53:17,000 INFO c.h.h.t.HelmChartContainer - [hivemq-test-hivemq-platform] [hivemq-platform-operator] [7dfae362] 23:53:16.998 [ReconcilerExecutor-hivemq-controller-123] DEBUG c.h.p.o.h.HiveMQPlatformReconcilerRollingRestartHandler - [helmcont] Rolling restart is waiting for 1 of 2 replicas
2025-01-28 23:53:21,939 INFO c.h.h.t.HelmChartContainer - [test-hivemq-platform] [hivemq] [6594a6ad] WARN  - [HiveMQ Platform Operator Init App 1.7.0-SNAPSHOT] Cannot connect to Health API for readiness: null
2025-01-28 23:53:21,943 INFO c.h.h.t.HelmChartContainer - [EVENT] Warning [Unhealthy] Readiness probe failed: HTTP probe failed with statuscode: 503 [helmcontainersecuritycontextupgradeplatformit:test-hivemq-platform-1]
2025-01-28 23:53:21,943 INFO c.h.h.t.HelmChartContainer - Received Unhealthy event for container hivemq in pod test-hivemq-platform-1 [6594a6ad-8874-4b2a-a33d-96d3fb007b26]
2025-01-28 23:53:22,223 INFO c.h.h.t.HelmChartContainer - [test-hivemq-platform] [hivemq] [6594a6ad] INFO  - No valid license file found. Using trial license, restricted to 25 connections.
2025-01-28 23:53:25,230 INFO c.h.h.t.HelmChartContainer - [test-hivemq-platform] [hivemq] [6594a6ad] INFO  - No valid license file for Data Hub found. Using free license, restricted to 1 policy.
2025-01-28 23:53:26,335 INFO c.h.h.t.HelmChartContainer - [test-hivemq-platform] [hivemq] [6594a6ad] INFO  - Audit Logger started.
2025-01-28 23:53:26,570 INFO c.h.h.t.HelmChartContainer - [test-hivemq-platform] [hivemq] [6594a6ad] INFO  - This node uses '1' CPU cores.
2025-01-28 23:53:26,625 INFO c.h.h.t.HelmChartContainer - [test-hivemq-platform] [hivemq] [6594a6ad] INFO  - Starting HiveMQ Health API on address 0.0.0.0 and port 8889
2025-01-28 23:53:26,936 INFO c.h.h.t.HelmChartContainer - [test-hivemq-platform] [hivemq] [6594a6ad] WARN  - [HiveMQ Platform Operator Init App 1.7.0-SNAPSHOT] Cannot connect to Health API for readiness: null
2025-01-28 23:53:26,941 INFO c.h.h.t.HelmChartContainer - [EVENT] Warning [Unhealthy] Readiness probe failed: HTTP probe failed with statuscode: 503 [helmcontainersecuritycontextupgradeplatformit:test-hivemq-platform-1]
2025-01-28 23:53:26,941 INFO c.h.h.t.HelmChartContainer - Received Unhealthy event for container hivemq in pod test-hivemq-platform-1 [6594a6ad-8874-4b2a-a33d-96d3fb007b26]
2025-01-28 23:53:27,005 INFO c.h.h.t.HelmChartContainer - [hivemq-test-hivemq-platform] [hivemq-platform-operator] [7dfae362] 23:53:27.001 [pool-6-thread-11] DEBUG c.h.p.o.d.PlatformServiceResource - [helmcont] Desired Platform services (3 services)
2025-01-28 23:53:27,005 INFO c.h.h.t.HelmChartContainer - [hivemq-test-hivemq-platform] [hivemq-platform-operator] [7dfae362] 23:53:27.002 [pool-6-thread-16] DEBUG c.h.p.o.dependants.PodInfoConfigMap - [helmcont] Desired PodInfo ConfigMap (1 extensions) (1 enabled)
2025-01-28 23:53:27,005 INFO c.h.h.t.HelmChartContainer - [hivemq-test-hivemq-platform] [hivemq-platform-operator] [7dfae362] 23:53:27.003 [pool-6-thread-16] DEBUG c.h.p.o.dependants.PodInfoConfigMap - [helmcont] Desired PodInfo ConfigMap (metrics port: 9399) (metrics path: /)
2025-01-28 23:53:27,005 INFO c.h.h.t.HelmChartContainer - [hivemq-test-hivemq-platform] [hivemq-platform-operator] [7dfae362] 23:53:27.003 [pool-6-thread-16] DEBUG c.h.p.o.dependants.PodInfoConfigMap - [helmcont] Desired PodInfo ConfigMap (extension state hash: -1817474005)
2025-01-28 23:53:27,005 INFO c.h.h.t.HelmChartContainer - [hivemq-test-hivemq-platform] [hivemq-platform-operator] [7dfae362] 23:53:27.003 [pool-6-thread-16] DEBUG c.h.p.o.d.PodServiceAccountResource - [helmcont] Desired PodServiceAccountResource (serviceAccountName: hivemq-platform-pod-test-hivemq-platform)
2025-01-28 23:53:27,007 INFO c.h.h.t.HelmChartContainer - [hivemq-test-hivemq-platform] [hivemq-platform-operator] [7dfae362] 23:53:27.007 [pool-6-thread-12] DEBUG c.h.p.o.d.StatefulSetResource - [helmcont] Desired StatefulSet (2 replicas) for status ROLLING_RESTART (SURGE_IN_PROGRESS)
2025-01-28 23:53:27,012 INFO c.h.h.t.HelmChartContainer - [hivemq-test-hivemq-platform] [hivemq-platform-operator] [7dfae362] 23:53:27.010 [ReconcilerExecutor-hivemq-controller-124] INFO  c.h.p.o.HiveMQPlatformReconciler - [helmcont] Reconciling HiveMQ Platform 'test-hivemq-platform' in namespace 'helmcontainersecuritycontextupgradeplatformit'
2025-01-28 23:53:27,012 INFO c.h.h.t.HelmChartContainer - [hivemq-test-hivemq-platform] [hivemq-platform-operator] [7dfae362] 23:53:27.010 [ReconcilerExecutor-hivemq-controller-124] DEBUG c.h.p.o.HiveMQPlatformReconciler - [helmcont] Custom Resource Status ROLLING_RESTART - HiveMQ Platform is starting a surge Pod (rolling restart) (SURGE_IN_PROGRESS)
2025-01-28 23:53:27,014 INFO c.h.h.t.HelmChartContainer - [hivemq-test-hivemq-platform] [hivemq-platform-operator] [7dfae362] 23:53:27.010 [ReconcilerExecutor-hivemq-controller-124] DEBUG c.h.p.o.HiveMQPlatformReconciler - [helmcont] Custom Resource Spec (replicas: 1) (extensions: 1)
2025-01-28 23:53:27,014 INFO c.h.h.t.HelmChartContainer - [hivemq-test-hivemq-platform] [hivemq-platform-operator] [7dfae362] 23:53:27.012 [ReconcilerExecutor-hivemq-controller-124] DEBUG c.h.p.o.HiveMQPlatformReconciler - [helmcont] StatefulSet Status (revision: test-hivemq-platform-579f489c45, replicas: 2, available: 1, ready: 1, current: 1, updated: 1)
2025-01-28 23:53:27,014 INFO c.h.h.t.HelmChartContainer - [hivemq-test-hivemq-platform] [hivemq-platform-operator] [7dfae362] 23:53:27.012 [ReconcilerExecutor-hivemq-controller-124] DEBUG c.h.p.o.HiveMQPlatformReconciler - [helmcont] StatefulSet Spec (replicas: 2, init containers: 1, containers: 1, volumes: 3)
2025-01-28 23:53:27,015 INFO c.h.h.t.HelmChartContainer - [hivemq-test-hivemq-platform] [hivemq-platform-operator] [7dfae362] 23:53:27.013 [ReconcilerExecutor-hivemq-controller-124] DEBUG c.h.p.o.h.HiveMQPlatformReconcilerErrorHandler - [helmcont] Pod 'test-hivemq-platform-1' phase Running
2025-01-28 23:53:27,016 INFO c.h.h.t.HelmChartContainer - [hivemq-test-hivemq-platform] [hivemq-platform-operator] [7dfae362] 23:53:27.015 [ReconcilerExecutor-hivemq-controller-124] DEBUG c.h.p.o.h.HiveMQPlatformReconcilerErrorHandler - [helmcont] Pod 'test-hivemq-platform-0' phase Running
2025-01-28 23:53:27,017 INFO c.h.h.t.HelmChartContainer - [hivemq-test-hivemq-platform] [hivemq-platform-operator] [7dfae362] 23:53:27.016 [ReconcilerExecutor-hivemq-controller-124] DEBUG c.h.p.o.h.HiveMQPlatformReconcilerRollingRestartHandler - [helmcont] Rolling restart is waiting for 1 of 2 replicas
2025-01-28 23:53:27,526 INFO c.h.h.t.HelmChartContainer - [test-hivemq-platform] [hivemq] [6594a6ad] INFO  - Started HiveMQ Health API in 901ms
2025-01-28 23:53:28,340 INFO c.h.h.t.HelmChartContainer - [test-hivemq-platform] [hivemq] [6594a6ad] INFO  - Starting HiveMQ extension system.
2025-01-28 23:53:28,636 INFO c.h.h.t.HelmChartContainer - [test-hivemq-platform] [hivemq] [6594a6ad] INFO  - Starting extension with id "hivemq-dns-cluster-discovery" at /opt/hivemq/extensions/hivemq-dns-cluster-discovery
2025-01-28 23:53:29,324 INFO c.h.h.t.HelmChartContainer - [test-hivemq-platform] [hivemq] [6594a6ad] INFO  - Using TCP cluster transport on address 10.42.0.7 and port 7000
2025-01-28 23:53:29,331 INFO c.h.h.t.HelmChartContainer - [test-hivemq-platform] [hivemq] [6594a6ad] INFO  - Using extension cluster discovery
2025-01-28 23:53:29,422 INFO c.h.h.t.HelmChartContainer - [test-hivemq-platform] [hivemq] [6594a6ad] INFO  - Extension "DNS Cluster Discovery Extension" version 4.3.2 started successfully.
2025-01-28 23:53:29,423 INFO c.h.h.t.HelmChartContainer - [test-hivemq-platform] [hivemq] [6594a6ad] INFO  - Starting extension with id "hivemq-prometheus-extension" at /opt/hivemq/extensions/hivemq-prometheus-extension
2025-01-28 23:53:30,433 INFO c.h.h.t.HelmChartContainer - [test-hivemq-platform] [hivemq] [6594a6ad] INFO  - Started Jetty Server exposing Prometheus Servlet on URI http://0.0.0.0:9399/
2025-01-28 23:53:30,433 INFO c.h.h.t.HelmChartContainer - [test-hivemq-platform] [hivemq] [6594a6ad] INFO  - Extension "Prometheus Monitoring Extension" version 4.0.12 started successfully.
2025-01-28 23:53:30,433 INFO c.h.h.t.HelmChartContainer - [test-hivemq-platform] [hivemq] [6594a6ad] INFO  - Starting extension with id "hivemq-allow-all-extension" at /opt/hivemq/extensions/hivemq-allow-all-extension
2025-01-28 23:53:30,435 INFO c.h.h.t.HelmChartContainer - [test-hivemq-platform] [hivemq] [6594a6ad] WARN  - 
2025-01-28 23:53:30,435 INFO c.h.h.t.HelmChartContainer - [test-hivemq-platform] [hivemq] [6594a6ad] ################################################################################################################
2025-01-28 23:53:30,435 INFO c.h.h.t.HelmChartContainer - [test-hivemq-platform] [hivemq] [6594a6ad] # This HiveMQ deployment is not secure! You are lacking Authentication and Authorization.                      #
2025-01-28 23:53:30,435 INFO c.h.h.t.HelmChartContainer - [test-hivemq-platform] [hivemq] [6594a6ad] # Right now any MQTT client can connect to the broker with a full set of permissions.                          #
2025-01-28 23:53:30,436 INFO c.h.h.t.HelmChartContainer - [test-hivemq-platform] [hivemq] [6594a6ad] # For production usage, add an appropriate security extension and remove the hivemq-allow-all extension.       #
2025-01-28 23:53:30,436 INFO c.h.h.t.HelmChartContainer - [test-hivemq-platform] [hivemq] [6594a6ad] # You can download security extensions from the HiveMQ Marketplace (https://www.hivemq.com/extensions/).       #
2025-01-28 23:53:30,436 INFO c.h.h.t.HelmChartContainer - [test-hivemq-platform] [hivemq] [6594a6ad] ################################################################################################################
2025-01-28 23:53:30,436 INFO c.h.h.t.HelmChartContainer - [test-hivemq-platform] [hivemq] [6594a6ad] INFO  - Extension "Allow All Extension" version 1.1.1 started successfully.
2025-01-28 23:53:30,439 INFO c.h.h.t.HelmChartContainer - [test-hivemq-platform] [hivemq] [af31bd0e] INFO  - Cluster nodes found by discovery: [bPixJ|1] (2) [bPixJ, jcDkl].
2025-01-28 23:53:30,529 INFO c.h.h.t.HelmChartContainer - [test-hivemq-platform] [hivemq] [6594a6ad] INFO  - Cluster nodes found by discovery: [bPixJ|1] (2) [bPixJ, jcDkl].
2025-01-28 23:53:30,635 INFO c.h.h.t.HelmChartContainer - [test-hivemq-platform] [hivemq] [6594a6ad] INFO  - Cluster size = 1, members : [bPixJ].
2025-01-28 23:53:31,120 INFO c.h.h.t.HelmChartContainer - [test-hivemq-platform] [hivemq] [6594a6ad] INFO  - Starting cluster join process. This may take a while. Please do not shut down HiveMQ.
2025-01-28 23:53:31,126 INFO c.h.h.t.HelmChartContainer - [test-hivemq-platform] [hivemq] [6594a6ad] INFO  - Cluster join process is still ongoing. Please do not shut down HiveMQ.
2025-01-28 23:53:32,421 INFO c.h.h.t.HelmChartContainer - [test-hivemq-platform] [hivemq] [6594a6ad] INFO  - [HiveMQ Platform Operator Init App 1.7.0-SNAPSHOT] Returning Health API response 503 for readiness
2025-01-28 23:53:32,426 INFO c.h.h.t.HelmChartContainer - [EVENT] Warning [Unhealthy] Readiness probe failed: HTTP probe failed with statuscode: 503 [helmcontainersecuritycontextupgradeplatformit:test-hivemq-platform-1]
2025-01-28 23:53:32,426 INFO c.h.h.t.HelmChartContainer - Received Unhealthy event for container hivemq in pod test-hivemq-platform-1 [6594a6ad-8874-4b2a-a33d-96d3fb007b26]
2025-01-28 23:53:33,133 INFO c.h.h.t.HelmChartContainer - [test-hivemq-platform] [hivemq] [af31bd0e] INFO  - Cluster size = 2, members : [bPixJ, jcDkl].
2025-01-28 23:53:33,145 INFO c.h.h.t.HelmChartContainer - [test-hivemq-platform] [hivemq] [6594a6ad] INFO  - Cluster size = 2, members : [bPixJ, jcDkl].
2025-01-28 23:53:33,223 INFO c.h.h.t.HelmChartContainer - [test-hivemq-platform] [hivemq] [6594a6ad] INFO  - Finished cluster join process successfully.
2025-01-28 23:53:33,226 INFO c.h.h.t.HelmChartContainer - [test-hivemq-platform] [hivemq] [6594a6ad] WARN  - No user for HiveMQ Control Center configured. Starting with default user
2025-01-28 23:53:33,226 INFO c.h.h.t.HelmChartContainer - [test-hivemq-platform] [hivemq] [6594a6ad] INFO  - Starting HiveMQ Control Center on address 0.0.0.0 and port 8080
2025-01-28 23:53:33,229 INFO c.h.h.t.HelmChartContainer - [test-hivemq-platform] [hivemq] [6594a6ad] INFO  - Mounting HiveMQ Control Center V2 Preview
2025-01-28 23:53:33,823 INFO c.h.h.t.HelmChartContainer - [test-hivemq-platform] [hivemq] [6594a6ad] INFO  - Started HiveMQ Control Center in 601ms
2025-01-28 23:53:33,837 INFO c.h.h.t.HelmChartContainer - [test-hivemq-platform] [hivemq] [6594a6ad] INFO  - Starting TCP listener on address 0.0.0.0 and port 1884
2025-01-28 23:53:33,851 INFO c.h.h.t.HelmChartContainer - [test-hivemq-platform] [hivemq] [6594a6ad] INFO  - Started TCP Listener on address 0.0.0.0 and on port 1884.
2025-01-28 23:53:33,851 INFO c.h.h.t.HelmChartContainer - [test-hivemq-platform] [hivemq] [6594a6ad] INFO  - Started HiveMQ in 26630ms
2025-01-28 23:53:36,936 INFO c.h.h.t.HelmChartContainer - [test-hivemq-platform] [hivemq] [6594a6ad] INFO  - [HiveMQ Platform Operator Init App 1.7.0-SNAPSHOT] Returning Health API response 200 for readiness
2025-01-28 23:53:36,950 INFO c.h.h.t.HelmChartContainer - [POD] test-hivemq-platform-1 [6594a6ad-8874-4b2a-a33d-96d3fb007b26] in helmcontainersecuritycontextupgradeplatformit was MODIFIED
2025-01-28 23:53:36,961 INFO c.h.h.t.HelmChartContainer - [hivemq-test-hivemq-platform] [hivemq-platform-operator] [7dfae362] 23:53:36.951 [pool-6-thread-25] DEBUG c.h.p.o.d.PlatformServiceResource - [helmcont] Desired Platform services (3 services)
2025-01-28 23:53:36,961 INFO c.h.h.t.HelmChartContainer - [hivemq-test-hivemq-platform] [hivemq-platform-operator] [7dfae362] 23:53:36.956 [pool-6-thread-30] DEBUG c.h.p.o.dependants.PodInfoConfigMap - [helmcont] Desired PodInfo ConfigMap (1 extensions) (1 enabled)
2025-01-28 23:53:36,961 INFO c.h.h.t.HelmChartContainer - [hivemq-test-hivemq-platform] [hivemq-platform-operator] [7dfae362] 23:53:36.957 [pool-6-thread-30] DEBUG c.h.p.o.dependants.PodInfoConfigMap - [helmcont] Desired PodInfo ConfigMap (metrics port: 9399) (metrics path: /)
2025-01-28 23:53:36,961 INFO c.h.h.t.HelmChartContainer - [hivemq-test-hivemq-platform] [hivemq-platform-operator] [7dfae362] 23:53:36.957 [pool-6-thread-30] DEBUG c.h.p.o.dependants.PodInfoConfigMap - [helmcont] Desired PodInfo ConfigMap (extension state hash: -1817474005)
2025-01-28 23:53:36,961 INFO c.h.h.t.HelmChartContainer - [hivemq-test-hivemq-platform] [hivemq-platform-operator] [7dfae362] 23:53:36.958 [pool-6-thread-21] DEBUG c.h.p.o.d.PodServiceAccountResource - [helmcont] Desired PodServiceAccountResource (serviceAccountName: hivemq-platform-pod-test-hivemq-platform)
2025-01-28 23:53:36,961 INFO c.h.h.t.HelmChartContainer - [hivemq-test-hivemq-platform] [hivemq-platform-operator] [7dfae362] 23:53:36.959 [pool-6-thread-30] DEBUG c.h.p.o.d.StatefulSetResource - [helmcont] Desired StatefulSet (2 replicas) for status ROLLING_RESTART (SURGE_IN_PROGRESS)
2025-01-28 23:53:36,968 INFO c.h.h.t.HelmChartContainer - [hivemq-test-hivemq-platform] [hivemq-platform-operator] [7dfae362] 23:53:36.964 [ReconcilerExecutor-hivemq-controller-125] INFO  c.h.p.o.HiveMQPlatformReconciler - [helmcont] Reconciling HiveMQ Platform 'test-hivemq-platform' in namespace 'helmcontainersecuritycontextupgradeplatformit'
2025-01-28 23:53:36,968 INFO c.h.h.t.HelmChartContainer - [hivemq-test-hivemq-platform] [hivemq-platform-operator] [7dfae362] 23:53:36.964 [ReconcilerExecutor-hivemq-controller-125] DEBUG c.h.p.o.HiveMQPlatformReconciler - [helmcont] Custom Resource Status ROLLING_RESTART - HiveMQ Platform is starting a surge Pod (rolling restart) (SURGE_IN_PROGRESS)
2025-01-28 23:53:36,968 INFO c.h.h.t.HelmChartContainer - [hivemq-test-hivemq-platform] [hivemq-platform-operator] [7dfae362] 23:53:36.964 [ReconcilerExecutor-hivemq-controller-125] DEBUG c.h.p.o.HiveMQPlatformReconciler - [helmcont] Custom Resource Spec (replicas: 1) (extensions: 1)
2025-01-28 23:53:36,968 INFO c.h.h.t.HelmChartContainer - [hivemq-test-hivemq-platform] [hivemq-platform-operator] [7dfae362] 23:53:36.965 [ReconcilerExecutor-hivemq-controller-125] DEBUG c.h.p.o.HiveMQPlatformReconciler - [helmcont] StatefulSet Status (revision: test-hivemq-platform-579f489c45, replicas: 2, available: 1, ready: 1, current: 1, updated: 1)
2025-01-28 23:53:36,968 INFO c.h.h.t.HelmChartContainer - [hivemq-test-hivemq-platform] [hivemq-platform-operator] [7dfae362] 23:53:36.965 [ReconcilerExecutor-hivemq-controller-125] DEBUG c.h.p.o.HiveMQPlatformReconciler - [helmcont] StatefulSet Spec (replicas: 2, init containers: 1, containers: 1, volumes: 3)
2025-01-28 23:53:36,970 INFO c.h.h.t.HelmChartContainer - [hivemq-test-hivemq-platform] [hivemq-platform-operator] [7dfae362] 23:53:36.967 [ReconcilerExecutor-hivemq-controller-125] DEBUG c.h.p.o.h.HiveMQPlatformReconcilerErrorHandler - [helmcont] Pod 'test-hivemq-platform-1' phase Running
2025-01-28 23:53:36,972 INFO c.h.h.t.HelmChartContainer - [hivemq-test-hivemq-platform] [hivemq-platform-operator] [7dfae362] 23:53:36.969 [ReconcilerExecutor-hivemq-controller-125] DEBUG c.h.p.o.h.HiveMQPlatformReconcilerErrorHandler - [helmcont] Pod 'test-hivemq-platform-0' phase Running
2025-01-28 23:53:36,972 INFO c.h.h.t.HelmChartContainer - [hivemq-test-hivemq-platform] [hivemq-platform-operator] [7dfae362] 23:53:36.970 [ReconcilerExecutor-hivemq-controller-125] DEBUG c.h.p.o.h.HiveMQPlatformReconcilerRollingRestartHandler - [helmcont] Rolling restart is waiting for 1 of 2 replicas
2025-01-28 23:53:36,989 INFO c.h.h.t.HelmChartContainer - [hivemq-test-hivemq-platform] [hivemq-platform-operator] [7dfae362] 23:53:36.987 [pool-6-thread-36] DEBUG c.h.p.o.d.PlatformServiceResource - [helmcont] Desired Platform services (3 services)
2025-01-28 23:53:36,991 INFO c.h.h.t.HelmChartContainer - [hivemq-test-hivemq-platform] [hivemq-platform-operator] [7dfae362] 23:53:36.987 [pool-6-thread-40] DEBUG c.h.p.o.dependants.PodInfoConfigMap - [helmcont] Desired PodInfo ConfigMap (1 extensions) (1 enabled)
2025-01-28 23:53:36,991 INFO c.h.h.t.HelmChartContainer - [hivemq-test-hivemq-platform] [hivemq-platform-operator] [7dfae362] 23:53:36.987 [pool-6-thread-40] DEBUG c.h.p.o.dependants.PodInfoConfigMap - [helmcont] Desired PodInfo ConfigMap (metrics port: 9399) (metrics path: /)
2025-01-28 23:53:36,991 INFO c.h.h.t.HelmChartContainer - [hivemq-test-hivemq-platform] [hivemq-platform-operator] [7dfae362] 23:53:36.987 [pool-6-thread-40] DEBUG c.h.p.o.dependants.PodInfoConfigMap - [helmcont] Desired PodInfo ConfigMap (extension state hash: -1817474005)
2025-01-28 23:53:36,991 INFO c.h.h.t.HelmChartContainer - [hivemq-test-hivemq-platform] [hivemq-platform-operator] [7dfae362] 23:53:36.988 [pool-6-thread-40] DEBUG c.h.p.o.d.PodServiceAccountResource - [helmcont] Desired PodServiceAccountResource (serviceAccountName: hivemq-platform-pod-test-hivemq-platform)
2025-01-28 23:53:36,994 INFO c.h.h.t.HelmChartContainer - [hivemq-test-hivemq-platform] [hivemq-platform-operator] [7dfae362] 23:53:36.993 [pool-6-thread-36] DEBUG c.h.p.o.d.StatefulSetResource - [helmcont] Desired StatefulSet (2 replicas) for status ROLLING_RESTART (SURGE_IN_PROGRESS)
2025-01-28 23:53:37,059 INFO c.h.h.t.HelmChartContainer - [hivemq-test-hivemq-platform] [hivemq-platform-operator] [7dfae362] 23:53:37.056 [ReconcilerExecutor-hivemq-controller-126] INFO  c.h.p.o.HiveMQPlatformReconciler - [helmcont] Reconciling HiveMQ Platform 'test-hivemq-platform' in namespace 'helmcontainersecuritycontextupgradeplatformit'
2025-01-28 23:53:37,060 INFO c.h.h.t.HelmChartContainer - [hivemq-test-hivemq-platform] [hivemq-platform-operator] [7dfae362] 23:53:37.057 [ReconcilerExecutor-hivemq-controller-126] DEBUG c.h.p.o.HiveMQPlatformReconciler - [helmcont] Custom Resource Status ROLLING_RESTART - HiveMQ Platform is starting a surge Pod (rolling restart) (SURGE_IN_PROGRESS)
2025-01-28 23:53:37,060 INFO c.h.h.t.HelmChartContainer - [hivemq-test-hivemq-platform] [hivemq-platform-operator] [7dfae362] 23:53:37.057 [ReconcilerExecutor-hivemq-controller-126] DEBUG c.h.p.o.HiveMQPlatformReconciler - [helmcont] Custom Resource Spec (replicas: 1) (extensions: 1)
2025-01-28 23:53:37,060 INFO c.h.h.t.HelmChartContainer - [hivemq-test-hivemq-platform] [hivemq-platform-operator] [7dfae362] 23:53:37.058 [ReconcilerExecutor-hivemq-controller-126] DEBUG c.h.p.o.HiveMQPlatformReconciler - [helmcont] StatefulSet Status (revision: test-hivemq-platform-579f489c45, replicas: 2, available: 2, ready: 2, current: 1, updated: 1)
2025-01-28 23:53:37,060 INFO c.h.h.t.HelmChartContainer - [hivemq-test-hivemq-platform] [hivemq-platform-operator] [7dfae362] 23:53:37.058 [ReconcilerExecutor-hivemq-controller-126] DEBUG c.h.p.o.HiveMQPlatformReconciler - [helmcont] StatefulSet Spec (replicas: 2, init containers: 1, containers: 1, volumes: 3)
2025-01-28 23:53:37,062 INFO c.h.h.t.HelmChartContainer - [hivemq-test-hivemq-platform] [hivemq-platform-operator] [7dfae362] 23:53:37.060 [ReconcilerExecutor-hivemq-controller-126] DEBUG c.h.p.o.h.HiveMQPlatformReconcilerErrorHandler - [helmcont] Pod 'test-hivemq-platform-1' phase Running
2025-01-28 23:53:37,063 INFO c.h.h.t.HelmChartContainer - [hivemq-test-hivemq-platform] [hivemq-platform-operator] [7dfae362] 23:53:37.061 [ReconcilerExecutor-hivemq-controller-126] DEBUG c.h.p.o.h.HiveMQPlatformReconcilerErrorHandler - [helmcont] Pod 'test-hivemq-platform-0' phase Running
2025-01-28 23:53:37,063 INFO c.h.h.t.HelmChartContainer - [hivemq-test-hivemq-platform] [hivemq-platform-operator] [7dfae362] 23:53:37.062 [ReconcilerExecutor-hivemq-controller-126] INFO  c.h.p.o.h.HiveMQPlatformReconcilerRollingRestartHandler - [helmcont] Surge Pod started successfully
2025-01-28 23:53:37,190 INFO c.h.h.t.HelmChartContainer - [hivemq-test-hivemq-platform] [hivemq-platform-operator] [7dfae362] 23:53:37.187 [ReconcilerExecutor-hivemq-controller-126] DEBUG c.h.p.operator.event.EventSender - [helmcont] Creating K8s event rolling-restart-surge-in-progress: [RollingRestart] HiveMQ Platform is restarting Pods (rolling restart)
2025-01-28 23:53:37,195 INFO c.h.h.t.HelmChartContainer - [EVENT] Normal [RollingRestart] HiveMQ Platform is restarting Pods (rolling restart) [helmcontainersecuritycontextupgradeplatformit:test-hivemq-platform]
2025-01-28 23:53:37,196 INFO c.h.h.t.HelmChartContainer - [hivemq-test-hivemq-platform] [hivemq-platform-operator] [7dfae362] 23:53:37.195 [ReconcilerExecutor-hivemq-controller-126] INFO  c.h.p.o.h.AbstractHiveMQReconcilerStateHandler - [helmcont] Update HiveMQ Platform Status (ROLLING_RESTART [SURGE_IN_PROGRESS] -> ROLLING_RESTART [RESTART_PODS_IN_PROGRESS]): HiveMQ Platform is restarting Pods (rolling restart)
2025-01-28 23:53:37,262 DEBUG com.hivemq.helmcharts.util.K8sUtil - Comparing actual state 'ROLLING_RESTART' and waiting for 'RUNNING'
2025-01-28 23:53:44,135 INFO c.h.h.t.HelmChartContainer - [test-hivemq-platform] [hivemq] [6594a6ad] INFO  - [HiveMQ Platform Operator Init App 1.7.0-SNAPSHOT] Returning Health API response 200 for liveness
2025-01-28 23:53:47,269 INFO c.h.h.t.HelmChartContainer - [hivemq-test-hivemq-platform] [hivemq-platform-operator] [7dfae362] 23:53:47.266 [pool-6-thread-45] DEBUG c.h.p.o.d.PlatformServiceResource - [helmcont] Desired Platform services (3 services)
2025-01-28 23:53:47,269 INFO c.h.h.t.HelmChartContainer - [hivemq-test-hivemq-platform] [hivemq-platform-operator] [7dfae362] 23:53:47.267 [pool-6-thread-50] DEBUG c.h.p.o.dependants.PodInfoConfigMap - [helmcont] Desired PodInfo ConfigMap (1 extensions) (1 enabled)
2025-01-28 23:53:47,269 INFO c.h.h.t.HelmChartContainer - [hivemq-test-hivemq-platform] [hivemq-platform-operator] [7dfae362] 23:53:47.267 [pool-6-thread-50] DEBUG c.h.p.o.dependants.PodInfoConfigMap - [helmcont] Desired PodInfo ConfigMap (metrics port: 9399) (metrics path: /)
2025-01-28 23:53:47,269 INFO c.h.h.t.HelmChartContainer - [hivemq-test-hivemq-platform] [hivemq-platform-operator] [7dfae362] 23:53:47.267 [pool-6-thread-50] DEBUG c.h.p.o.dependants.PodInfoConfigMap - [helmcont] Desired PodInfo ConfigMap (extension state hash: -1817474005)
2025-01-28 23:53:47,269 INFO c.h.h.t.HelmChartContainer - [hivemq-test-hivemq-platform] [hivemq-platform-operator] [7dfae362] 23:53:47.267 [pool-6-thread-50] DEBUG c.h.p.o.d.PodServiceAccountResource - [helmcont] Desired PodServiceAccountResource (serviceAccountName: hivemq-platform-pod-test-hivemq-platform)
2025-01-28 23:53:47,271 INFO c.h.h.t.HelmChartContainer - [hivemq-test-hivemq-platform] [hivemq-platform-operator] [7dfae362] 23:53:47.270 [pool-6-thread-45] DEBUG c.h.p.o.d.StatefulSetResource - [helmcont] Desired StatefulSet (2 replicas) for status ROLLING_RESTART (RESTART_PODS_IN_PROGRESS)
2025-01-28 23:53:47,276 INFO c.h.h.t.HelmChartContainer - [hivemq-test-hivemq-platform] [hivemq-platform-operator] [7dfae362] 23:53:47.273 [ReconcilerExecutor-hivemq-controller-127] INFO  c.h.p.o.HiveMQPlatformReconciler - [helmcont] Reconciling HiveMQ Platform 'test-hivemq-platform' in namespace 'helmcontainersecuritycontextupgradeplatformit'
2025-01-28 23:53:47,276 INFO c.h.h.t.HelmChartContainer - [hivemq-test-hivemq-platform] [hivemq-platform-operator] [7dfae362] 23:53:47.273 [ReconcilerExecutor-hivemq-controller-127] DEBUG c.h.p.o.HiveMQPlatformReconciler - [helmcont] Custom Resource Status ROLLING_RESTART - HiveMQ Platform is restarting Pods (rolling restart) (RESTART_PODS_IN_PROGRESS)
2025-01-28 23:53:47,276 INFO c.h.h.t.HelmChartContainer - [hivemq-test-hivemq-platform] [hivemq-platform-operator] [7dfae362] 23:53:47.273 [ReconcilerExecutor-hivemq-controller-127] DEBUG c.h.p.o.HiveMQPlatformReconciler - [helmcont] Custom Resource Spec (replicas: 1) (extensions: 1)
2025-01-28 23:53:47,277 INFO c.h.h.t.HelmChartContainer - [hivemq-test-hivemq-platform] [hivemq-platform-operator] [7dfae362] 23:53:47.274 [ReconcilerExecutor-hivemq-controller-127] DEBUG c.h.p.o.HiveMQPlatformReconciler - [helmcont] StatefulSet Status (revision: test-hivemq-platform-579f489c45, replicas: 2, available: 2, ready: 2, current: 1, updated: 1)
2025-01-28 23:53:47,277 INFO c.h.h.t.HelmChartContainer - [hivemq-test-hivemq-platform] [hivemq-platform-operator] [7dfae362] 23:53:47.274 [ReconcilerExecutor-hivemq-controller-127] DEBUG c.h.p.o.HiveMQPlatformReconciler - [helmcont] StatefulSet Spec (replicas: 2, init containers: 1, containers: 1, volumes: 3)
2025-01-28 23:53:47,277 INFO c.h.h.t.HelmChartContainer - [hivemq-test-hivemq-platform] [hivemq-platform-operator] [7dfae362] 23:53:47.276 [ReconcilerExecutor-hivemq-controller-127] DEBUG c.h.p.o.h.HiveMQPlatformReconcilerErrorHandler - [helmcont] Pod 'test-hivemq-platform-1' phase Running
2025-01-28 23:53:47,279 INFO c.h.h.t.HelmChartContainer - [hivemq-test-hivemq-platform] [hivemq-platform-operator] [7dfae362] 23:53:47.277 [ReconcilerExecutor-hivemq-controller-127] DEBUG c.h.p.o.h.HiveMQPlatformReconcilerErrorHandler - [helmcont] Pod 'test-hivemq-platform-0' phase Running
2025-01-28 23:53:47,285 INFO c.h.h.t.HelmChartContainer - [hivemq-test-hivemq-platform] [hivemq-platform-operator] [7dfae362] 23:53:47.284 [ReconcilerExecutor-hivemq-controller-127] DEBUG c.h.p.o.h.HiveMQPlatformReconcilerRollingRestartHandler - [helmcont] Skipping Pod test-hivemq-platform-1 as it's already on the controller update revision (update revision: test-hivemq-platform-579f489c45, pod revision: test-hivemq-platform-579f489c45)
2025-01-28 23:53:47,367 INFO c.h.h.t.HelmChartContainer - [hivemq-test-hivemq-platform] [hivemq-platform-operator] [7dfae362] 23:53:47.364 [ReconcilerExecutor-hivemq-controller-127] DEBUG c.h.p.o.h.HiveMQPlatformReconcilerRollingRestartHandler - [helmcont] The last Pod is running for 64 seconds, the next Pod can be restarted
2025-01-28 23:53:47,367 INFO c.h.h.t.HelmChartContainer - [hivemq-test-hivemq-platform] [hivemq-platform-operator] [7dfae362] 23:53:47.364 [ReconcilerExecutor-hivemq-controller-127] INFO  c.h.p.o.h.HiveMQPlatformReconcilerRollingRestartHandler - [helmcont] Restarting Pod test-hivemq-platform-0 as it's not matching the controller update revision (update revision: test-hivemq-platform-579f489c45, pod revision: test-hivemq-platform-5fb49467b6)
2025-01-28 23:53:47,384 INFO c.h.h.t.HelmChartContainer - [POD] test-hivemq-platform-0 [af31bd0e-46a1-4401-bf78-96a2ff1b4dce] in helmcontainersecuritycontextupgradeplatformit was MODIFIED
2025-01-28 23:53:47,392 INFO c.h.h.t.HelmChartContainer - [test-hivemq-platform] [hivemq] [af31bd0e] INFO  - [HiveMQ Platform Operator Init App 1.7.0-SNAPSHOT] Shutting down
2025-01-28 23:53:47,393 INFO c.h.h.t.HelmChartContainer - [test-hivemq-platform] [hivemq] [af31bd0e] INFO  - [HiveMQ Platform Operator Init App 1.7.0-SNAPSHOT] Stopping the HiveMQ Platform
2025-01-28 23:53:47,410 INFO c.h.h.t.HelmChartContainer - [EVENT] Normal [Killing] Stopping container hivemq [helmcontainersecuritycontextupgradeplatformit:test-hivemq-platform-0]
2025-01-28 23:53:47,413 INFO c.h.h.t.HelmChartContainer - Received Killing event for container hivemq in pod test-hivemq-platform-0 [af31bd0e-46a1-4401-bf78-96a2ff1b4dce]
2025-01-28 23:53:47,413 INFO c.h.h.t.HelmChartContainer - Container [test-hivemq-platform-0] [hivemq] [af31bd0e-46a1-4401-bf78-96a2ff1b4dce] was terminated
2025-01-28 23:53:47,415 INFO c.h.h.t.HelmChartContainer - Stopped log watcher for hivemq in pod test-hivemq-platform-0 [af31bd0e-46a1-4401-bf78-96a2ff1b4dce]
2025-01-28 23:53:47,465 INFO c.h.h.t.HelmChartContainer - [hivemq-test-hivemq-platform] [hivemq-platform-operator] [7dfae362] 23:53:47.462 [pool-6-thread-8] DEBUG c.h.p.o.d.PlatformServiceResource - [helmcont] Desired Platform services (3 services)
2025-01-28 23:53:47,467 INFO c.h.h.t.HelmChartContainer - [hivemq-test-hivemq-platform] [hivemq-platform-operator] [7dfae362] 23:53:47.463 [pool-6-thread-10] DEBUG c.h.p.o.dependants.PodInfoConfigMap - [helmcont] Desired PodInfo ConfigMap (1 extensions) (1 enabled)
2025-01-28 23:53:47,468 INFO c.h.h.t.HelmChartContainer - [hivemq-test-hivemq-platform] [hivemq-platform-operator] [7dfae362] 23:53:47.463 [pool-6-thread-10] DEBUG c.h.p.o.dependants.PodInfoConfigMap - [helmcont] Desired PodInfo ConfigMap (metrics port: 9399) (metrics path: /)
2025-01-28 23:53:47,468 INFO c.h.h.t.HelmChartContainer - [hivemq-test-hivemq-platform] [hivemq-platform-operator] [7dfae362] 23:53:47.463 [pool-6-thread-10] DEBUG c.h.p.o.dependants.PodInfoConfigMap - [helmcont] Desired PodInfo ConfigMap (extension state hash: -1817474005)
2025-01-28 23:53:47,468 INFO c.h.h.t.HelmChartContainer - [hivemq-test-hivemq-platform] [hivemq-platform-operator] [7dfae362] 23:53:47.465 [pool-6-thread-10] DEBUG c.h.p.o.d.PodServiceAccountResource - [helmcont] Desired PodServiceAccountResource (serviceAccountName: hivemq-platform-pod-test-hivemq-platform)
2025-01-28 23:53:47,470 INFO c.h.h.t.HelmChartContainer - [hivemq-test-hivemq-platform] [hivemq-platform-operator] [7dfae362] 23:53:47.469 [pool-6-thread-8] DEBUG c.h.p.o.d.StatefulSetResource - [helmcont] Desired StatefulSet (2 replicas) for status ROLLING_RESTART (RESTART_PODS_IN_PROGRESS)
2025-01-28 23:53:47,486 INFO c.h.h.t.HelmChartContainer - [hivemq-test-hivemq-platform] [hivemq-platform-operator] [7dfae362] 23:53:47.484 [ReconcilerExecutor-hivemq-controller-129] INFO  c.h.p.o.HiveMQPlatformReconciler - [helmcont] Reconciling HiveMQ Platform 'test-hivemq-platform' in namespace 'helmcontainersecuritycontextupgradeplatformit'
2025-01-28 23:53:47,487 INFO c.h.h.t.HelmChartContainer - [hivemq-test-hivemq-platform] [hivemq-platform-operator] [7dfae362] 23:53:47.485 [ReconcilerExecutor-hivemq-controller-129] DEBUG c.h.p.o.HiveMQPlatformReconciler - [helmcont] Custom Resource Status ROLLING_RESTART - HiveMQ Platform is restarting Pods (rolling restart) (RESTART_PODS_IN_PROGRESS)
2025-01-28 23:53:47,487 INFO c.h.h.t.HelmChartContainer - [hivemq-test-hivemq-platform] [hivemq-platform-operator] [7dfae362] 23:53:47.485 [ReconcilerExecutor-hivemq-controller-129] DEBUG c.h.p.o.HiveMQPlatformReconciler - [helmcont] Custom Resource Spec (replicas: 1) (extensions: 1)
2025-01-28 23:53:47,559 INFO c.h.h.t.HelmChartContainer - [hivemq-test-hivemq-platform] [hivemq-platform-operator] [7dfae362] 23:53:47.557 [ReconcilerExecutor-hivemq-controller-129] DEBUG c.h.p.o.HiveMQPlatformReconciler - [helmcont] StatefulSet Status (revision: test-hivemq-platform-579f489c45, replicas: 2, available: 2, ready: 2, current: 0, updated: 1)
2025-01-28 23:53:47,559 INFO c.h.h.t.HelmChartContainer - [hivemq-test-hivemq-platform] [hivemq-platform-operator] [7dfae362] 23:53:47.557 [ReconcilerExecutor-hivemq-controller-129] DEBUG c.h.p.o.HiveMQPlatformReconciler - [helmcont] StatefulSet Spec (replicas: 2, init containers: 1, containers: 1, volumes: 3)
2025-01-28 23:53:47,561 INFO c.h.h.t.HelmChartContainer - [hivemq-test-hivemq-platform] [hivemq-platform-operator] [7dfae362] 23:53:47.560 [ReconcilerExecutor-hivemq-controller-129] DEBUG c.h.p.o.h.HiveMQPlatformReconcilerErrorHandler - [helmcont] Pod 'test-hivemq-platform-1' phase Running
2025-01-28 23:53:47,562 INFO c.h.h.t.HelmChartContainer - [hivemq-test-hivemq-platform] [hivemq-platform-operator] [7dfae362] 23:53:47.562 [ReconcilerExecutor-hivemq-controller-129] DEBUG c.h.p.o.h.HiveMQPlatformReconcilerErrorHandler - [helmcont] Pod 'test-hivemq-platform-0' phase Running
2025-01-28 23:53:47,569 INFO c.h.h.t.HelmChartContainer - [hivemq-test-hivemq-platform] [hivemq-platform-operator] [7dfae362] 23:53:47.569 [ReconcilerExecutor-hivemq-controller-129] DEBUG c.h.p.o.h.HiveMQPlatformReconcilerRollingRestartHandler - [helmcont] Skipping Pod test-hivemq-platform-1 as it's already on the controller update revision (update revision: test-hivemq-platform-579f489c45, pod revision: test-hivemq-platform-579f489c45)
2025-01-28 23:53:47,586 INFO c.h.h.t.HelmChartContainer - [test-hivemq-platform] [hivemq] [af31bd0e] INFO  - Shutting down HiveMQ. Please wait, this could take a while...
2025-01-28 23:53:47,590 INFO c.h.h.t.HelmChartContainer - [test-hivemq-platform] [hivemq] [af31bd0e] INFO  - Shutting down listeners and clients
2025-01-28 23:53:47,591 INFO c.h.h.t.HelmChartContainer - [test-hivemq-platform] [hivemq] [af31bd0e] INFO  - Shutdown of listeners is done
2025-01-28 23:53:47,592 INFO c.h.h.t.HelmChartContainer - [test-hivemq-platform] [hivemq] [af31bd0e] INFO  - No clients are connected, proceeding with shutdown
2025-01-28 23:53:47,659 INFO c.h.h.t.HelmChartContainer - [hivemq-test-hivemq-platform] [hivemq-platform-operator] [7dfae362] 23:53:47.658 [ReconcilerExecutor-hivemq-controller-129] DEBUG c.h.p.o.h.HiveMQPlatformReconcilerRollingRestartHandler - [helmcont] The last Pod is running for 64 seconds, the next Pod can be restarted
2025-01-28 23:53:47,659 INFO c.h.h.t.HelmChartContainer - [hivemq-test-hivemq-platform] [hivemq-platform-operator] [7dfae362] 23:53:47.658 [ReconcilerExecutor-hivemq-controller-129] INFO  c.h.p.o.h.HiveMQPlatformReconcilerRollingRestartHandler - [helmcont] Restarting Pod test-hivemq-platform-0 as it's not matching the controller update revision (update revision: test-hivemq-platform-579f489c45, pod revision: test-hivemq-platform-5fb49467b6)
2025-01-28 23:53:48,120 INFO c.h.h.t.HelmChartContainer - [test-hivemq-platform] [hivemq] [af31bd0e] INFO  - [HiveMQ Platform Operator Init App 1.7.0-SNAPSHOT] Returning shutdown Health API response 503 for readiness
2025-01-28 23:53:48,124 INFO c.h.h.t.HelmChartContainer - [EVENT] Warning [Unhealthy] Readiness probe failed: HTTP probe failed with statuscode: 503 [helmcontainersecuritycontextupgradeplatformit:test-hivemq-platform-0]
2025-01-28 23:53:48,124 INFO c.h.h.t.HelmChartContainer - Received Unhealthy event for container hivemq in pod test-hivemq-platform-0 [af31bd0e-46a1-4401-bf78-96a2ff1b4dce]
2025-01-28 23:53:49,715 INFO c.h.h.t.HelmChartContainer - [test-hivemq-platform] [hivemq] [af31bd0e] INFO  - Shutting down extension system
2025-01-28 23:53:49,720 INFO c.h.h.t.HelmChartContainer - [test-hivemq-platform] [hivemq] [af31bd0e] INFO  - Stopping extension with id hivemq-dns-cluster-discovery
2025-01-28 23:53:49,720 INFO c.h.h.t.HelmChartContainer - [test-hivemq-platform] [hivemq] [af31bd0e] INFO  - Extension "DNS Cluster Discovery Extension" version 4.3.2 stopped successfully.
2025-01-28 23:53:49,721 INFO c.h.h.t.HelmChartContainer - [test-hivemq-platform] [hivemq] [af31bd0e] INFO  - Stopping extension with id hivemq-prometheus-extension
2025-01-28 23:53:49,724 INFO c.h.h.t.HelmChartContainer - [test-hivemq-platform] [hivemq] [af31bd0e] INFO  - Extension "Prometheus Monitoring Extension" version 4.0.12 stopped successfully.
2025-01-28 23:53:49,724 INFO c.h.h.t.HelmChartContainer - [test-hivemq-platform] [hivemq] [af31bd0e] INFO  - Stopping extension with id hivemq-allow-all-extension
2025-01-28 23:53:49,725 INFO c.h.h.t.HelmChartContainer - [test-hivemq-platform] [hivemq] [af31bd0e] INFO  - Extension "Allow All Extension" version 1.1.1 stopped successfully.
2025-01-28 23:53:49,933 INFO c.h.h.t.HelmChartContainer - [test-hivemq-platform] [hivemq] [6594a6ad] INFO  - Cluster nodes found by discovery: [jcDkl|2] (1) [jcDkl].
2025-01-28 23:53:49,937 INFO c.h.h.t.HelmChartContainer - [test-hivemq-platform] [hivemq] [6594a6ad] INFO  - Cluster size = 1, members : [jcDkl].
2025-01-28 23:53:52,085 INFO c.h.h.t.HelmChartContainer - [test-hivemq-platform] [hivemq] [af31bd0e] INFO  - Shutdown completed.
2025-01-28 23:53:52,435 INFO c.h.h.t.HelmChartContainer - [test-hivemq-platform] [hivemq] [af31bd0e] INFO  - [HiveMQ Platform Operator Init App 1.7.0-SNAPSHOT] The HiveMQ Platform exited with code 143
2025-01-28 23:53:52,435 INFO c.h.h.t.HelmChartContainer - [test-hivemq-platform] [hivemq] [af31bd0e] INFO  - [HiveMQ Platform Operator Init App 1.7.0-SNAPSHOT] Stopping the REST API
2025-01-28 23:53:52,501 INFO c.h.h.t.HelmChartContainer - [test-hivemq-platform] [hivemq] [af31bd0e] INFO  - [HiveMQ Platform Operator Init App 1.7.0-SNAPSHOT] Shutdown complete
2025-01-28 23:53:52,982 INFO c.h.h.t.HelmChartContainer - [POD] test-hivemq-platform-0 [af31bd0e-46a1-4401-bf78-96a2ff1b4dce] in helmcontainersecuritycontextupgradeplatformit was MODIFIED
2025-01-28 23:53:52,997 INFO c.h.h.t.HelmChartContainer - [hivemq-test-hivemq-platform] [hivemq-platform-operator] [7dfae362] 23:53:52.995 [pool-6-thread-11] DEBUG c.h.p.o.d.PlatformServiceResource - [helmcont] Desired Platform services (3 services)
2025-01-28 23:53:53,003 INFO c.h.h.t.HelmChartContainer - [hivemq-test-hivemq-platform] [hivemq-platform-operator] [7dfae362] 23:53:53.001 [pool-6-thread-20] DEBUG c.h.p.o.d.PodServiceAccountResource - [helmcont] Desired PodServiceAccountResource (serviceAccountName: hivemq-platform-pod-test-hivemq-platform)
2025-01-28 23:53:53,005 INFO c.h.h.t.HelmChartContainer - [K3S] [reconciler_common.go:162] "operationExecutor.UnmountVolume started for volume \"kube-api-access-wbrh8\" (UniqueName: \"kubernetes.io/projected/af31bd0e-46a1-4401-bf78-96a2ff1b4dce-kube-api-access-wbrh8\") pod \"af31bd0e-46a1-4401-bf78-96a2ff1b4dce\" (UID: \"af31bd0e-46a1-4401-bf78-96a2ff1b4dce\") "
2025-01-28 23:53:53,005 INFO c.h.h.t.HelmChartContainer - [K3S] [reconciler_common.go:162] "operationExecutor.UnmountVolume started for volume \"pod-info\" (UniqueName: \"kubernetes.io/configmap/af31bd0e-46a1-4401-bf78-96a2ff1b4dce-pod-info\") pod \"af31bd0e-46a1-4401-bf78-96a2ff1b4dce\" (UID: \"af31bd0e-46a1-4401-bf78-96a2ff1b4dce\") "
2025-01-28 23:53:53,006 INFO c.h.h.t.HelmChartContainer - [K3S] [reconciler_common.go:162] "operationExecutor.UnmountVolume started for volume \"broker-configuration\" (UniqueName: \"kubernetes.io/configmap/af31bd0e-46a1-4401-bf78-96a2ff1b4dce-broker-configuration\") pod \"af31bd0e-46a1-4401-bf78-96a2ff1b4dce\" (UID: \"af31bd0e-46a1-4401-bf78-96a2ff1b4dce\") "
2025-01-28 23:53:53,008 INFO c.h.h.t.HelmChartContainer - [K3S] [reconciler_common.go:162] "operationExecutor.UnmountVolume started for volume \"operator-init\" (UniqueName: \"kubernetes.io/empty-dir/af31bd0e-46a1-4401-bf78-96a2ff1b4dce-operator-init\") pod \"af31bd0e-46a1-4401-bf78-96a2ff1b4dce\" (UID: \"af31bd0e-46a1-4401-bf78-96a2ff1b4dce\") "
2025-01-28 23:53:53,012 INFO c.h.h.t.HelmChartContainer - [hivemq-test-hivemq-platform] [hivemq-platform-operator] [7dfae362] 23:53:52.996 [pool-6-thread-19] DEBUG c.h.p.o.dependants.PodInfoConfigMap - [helmcont] Desired PodInfo ConfigMap (1 extensions) (1 enabled)
2025-01-28 23:53:53,012 INFO c.h.h.t.HelmChartContainer - [hivemq-test-hivemq-platform] [hivemq-platform-operator] [7dfae362] 23:53:53.001 [pool-6-thread-19] DEBUG c.h.p.o.dependants.PodInfoConfigMap - [helmcont] Desired PodInfo ConfigMap (metrics port: 9399) (metrics path: /)
2025-01-28 23:53:53,012 INFO c.h.h.t.HelmChartContainer - [hivemq-test-hivemq-platform] [hivemq-platform-operator] [7dfae362] 23:53:53.001 [pool-6-thread-19] DEBUG c.h.p.o.dependants.PodInfoConfigMap - [helmcont] Desired PodInfo ConfigMap (extension state hash: -1817474005)
2025-01-28 23:53:53,012 INFO c.h.h.t.HelmChartContainer - [hivemq-test-hivemq-platform] [hivemq-platform-operator] [7dfae362] 23:53:53.003 [pool-6-thread-11] DEBUG c.h.p.o.d.StatefulSetResource - [helmcont] Desired StatefulSet (2 replicas) for status ROLLING_RESTART (RESTART_PODS_IN_PROGRESS)
2025-01-28 23:53:53,012 INFO c.h.h.t.HelmChartContainer - [hivemq-test-hivemq-platform] [hivemq-platform-operator] [7dfae362] 23:53:53.006 [ReconcilerExecutor-hivemq-controller-130] INFO  c.h.p.o.HiveMQPlatformReconciler - [helmcont] Reconciling HiveMQ Platform 'test-hivemq-platform' in namespace 'helmcontainersecuritycontextupgradeplatformit'
2025-01-28 23:53:53,012 INFO c.h.h.t.HelmChartContainer - [hivemq-test-hivemq-platform] [hivemq-platform-operator] [7dfae362] 23:53:53.006 [ReconcilerExecutor-hivemq-controller-130] DEBUG c.h.p.o.HiveMQPlatformReconciler - [helmcont] Custom Resource Status ROLLING_RESTART - HiveMQ Platform is restarting Pods (rolling restart) (RESTART_PODS_IN_PROGRESS)
2025-01-28 23:53:53,012 INFO c.h.h.t.HelmChartContainer - [hivemq-test-hivemq-platform] [hivemq-platform-operator] [7dfae362] 23:53:53.006 [ReconcilerExecutor-hivemq-controller-130] DEBUG c.h.p.o.HiveMQPlatformReconciler - [helmcont] Custom Resource Spec (replicas: 1) (extensions: 1)
2025-01-28 23:53:53,012 INFO c.h.h.t.HelmChartContainer - [hivemq-test-hivemq-platform] [hivemq-platform-operator] [7dfae362] 23:53:53.007 [ReconcilerExecutor-hivemq-controller-130] DEBUG c.h.p.o.HiveMQPlatformReconciler - [helmcont] StatefulSet Status (revision: test-hivemq-platform-579f489c45, replicas: 2, available: 1, ready: 1, current: 0, updated: 1)
2025-01-28 23:53:53,012 INFO c.h.h.t.HelmChartContainer - [hivemq-test-hivemq-platform] [hivemq-platform-operator] [7dfae362] 23:53:53.007 [ReconcilerExecutor-hivemq-controller-130] DEBUG c.h.p.o.HiveMQPlatformReconciler - [helmcont] StatefulSet Spec (replicas: 2, init containers: 1, containers: 1, volumes: 3)
2025-01-28 23:53:53,012 INFO c.h.h.t.HelmChartContainer - [hivemq-test-hivemq-platform] [hivemq-platform-operator] [7dfae362] 23:53:53.009 [ReconcilerExecutor-hivemq-controller-130] DEBUG c.h.p.o.h.HiveMQPlatformReconcilerErrorHandler - [helmcont] Pod 'test-hivemq-platform-1' phase Running
2025-01-28 23:53:53,015 INFO c.h.h.t.HelmChartContainer - [hivemq-test-hivemq-platform] [hivemq-platform-operator] [7dfae362] 23:53:53.011 [ReconcilerExecutor-hivemq-controller-130] DEBUG c.h.p.o.h.HiveMQPlatformReconcilerErrorHandler - [helmcont] Pod 'test-hivemq-platform-0' phase Failed
2025-01-28 23:53:53,015 INFO c.h.h.t.HelmChartContainer - [hivemq-test-hivemq-platform] [hivemq-platform-operator] [7dfae362] 23:53:53.011 [ReconcilerExecutor-hivemq-controller-130] DEBUG c.h.p.o.h.HiveMQPlatformReconcilerErrorHandler - [helmcont] Pod 'test-hivemq-platform-0' condition 'PodReadyToStartContainers': False
2025-01-28 23:53:53,015 INFO c.h.h.t.HelmChartContainer - [hivemq-test-hivemq-platform] [hivemq-platform-operator] [7dfae362] 23:53:53.011 [ReconcilerExecutor-hivemq-controller-130] DEBUG c.h.p.o.h.HiveMQPlatformReconcilerErrorHandler - [helmcont] Pod 'test-hivemq-platform-0' condition 'Initialized': True
2025-01-28 23:53:53,015 INFO c.h.h.t.HelmChartContainer - [hivemq-test-hivemq-platform] [hivemq-platform-operator] [7dfae362] 23:53:53.011 [ReconcilerExecutor-hivemq-controller-130] DEBUG c.h.p.o.h.HiveMQPlatformReconcilerErrorHandler - [helmcont] Pod 'test-hivemq-platform-0' condition 'Ready': False
2025-01-28 23:53:53,015 INFO c.h.h.t.HelmChartContainer - [hivemq-test-hivemq-platform] [hivemq-platform-operator] [7dfae362] 23:53:53.011 [ReconcilerExecutor-hivemq-controller-130] DEBUG c.h.p.o.h.HiveMQPlatformReconcilerErrorHandler - [helmcont] Pod 'test-hivemq-platform-0' condition 'ContainersReady': False
2025-01-28 23:53:53,015 INFO c.h.h.t.HelmChartContainer - [hivemq-test-hivemq-platform] [hivemq-platform-operator] [7dfae362] 23:53:53.011 [ReconcilerExecutor-hivemq-controller-130] DEBUG c.h.p.o.h.HiveMQPlatformReconcilerErrorHandler - [helmcont] Pod 'test-hivemq-platform-0' condition 'PodScheduled': True
2025-01-28 23:53:53,015 INFO c.h.h.t.HelmChartContainer - [hivemq-test-hivemq-platform] [hivemq-platform-operator] [7dfae362] 23:53:53.011 [ReconcilerExecutor-hivemq-controller-130] DEBUG c.h.p.o.h.HiveMQPlatformReconcilerErrorHandler - [helmcont] Pod 'test-hivemq-platform-0' containerStatus 'hivemq' (started: false) (ready: false) (waiting: [Unknown] no message)
2025-01-28 23:53:53,015 INFO c.h.h.t.HelmChartContainer - [hivemq-test-hivemq-platform] [hivemq-platform-operator] [7dfae362] 23:53:53.012 [ReconcilerExecutor-hivemq-controller-130] DEBUG c.h.p.o.h.HiveMQPlatformReconcilerRollingRestartHandler - [helmcont] Rolling restart is waiting for 1 of 2 replicas
2025-01-28 23:53:53,020 INFO c.h.h.t.HelmChartContainer - [hivemq-test-hivemq-platform] [hivemq-platform-operator] [7dfae362] 23:53:53.017 [pool-6-thread-22] DEBUG c.h.p.o.d.PlatformServiceResource - [helmcont] Desired Platform services (3 services)
2025-01-28 23:53:53,021 INFO c.h.h.t.HelmChartContainer - [hivemq-test-hivemq-platform] [hivemq-platform-operator] [7dfae362] 23:53:53.018 [pool-6-thread-25] DEBUG c.h.p.o.dependants.PodInfoConfigMap - [helmcont] Desired PodInfo ConfigMap (1 extensions) (1 enabled)
2025-01-28 23:53:53,021 INFO c.h.h.t.HelmChartContainer - [hivemq-test-hivemq-platform] [hivemq-platform-operator] [7dfae362] 23:53:53.018 [pool-6-thread-25] DEBUG c.h.p.o.dependants.PodInfoConfigMap - [helmcont] Desired PodInfo ConfigMap (metrics port: 9399) (metrics path: /)
2025-01-28 23:53:53,021 INFO c.h.h.t.HelmChartContainer - [hivemq-test-hivemq-platform] [hivemq-platform-operator] [7dfae362] 23:53:53.018 [pool-6-thread-25] DEBUG c.h.p.o.dependants.PodInfoConfigMap - [helmcont] Desired PodInfo ConfigMap (extension state hash: -1817474005)
2025-01-28 23:53:53,058 INFO c.h.h.t.HelmChartContainer - [hivemq-test-hivemq-platform] [hivemq-platform-operator] [7dfae362] 23:53:53.058 [pool-6-thread-25] DEBUG c.h.p.o.d.PodServiceAccountResource - [helmcont] Desired PodServiceAccountResource (serviceAccountName: hivemq-platform-pod-test-hivemq-platform)
2025-01-28 23:53:53,087 INFO c.h.h.t.HelmChartContainer - [hivemq-test-hivemq-platform] [hivemq-platform-operator] [7dfae362] 23:53:53.086 [pool-6-thread-24] DEBUG c.h.p.o.d.StatefulSetResource - [helmcont] Desired StatefulSet (2 replicas) for status ROLLING_RESTART (RESTART_PODS_IN_PROGRESS)
2025-01-28 23:53:53,089 INFO c.h.h.t.HelmChartContainer - [hivemq-test-hivemq-platform] [hivemq-platform-operator] [7dfae362] 23:53:53.089 [ReconcilerExecutor-hivemq-controller-131] INFO  c.h.p.o.HiveMQPlatformReconciler - [helmcont] Reconciling HiveMQ Platform 'test-hivemq-platform' in namespace 'helmcontainersecuritycontextupgradeplatformit'
2025-01-28 23:53:53,091 INFO c.h.h.t.HelmChartContainer - [hivemq-test-hivemq-platform] [hivemq-platform-operator] [7dfae362] 23:53:53.089 [ReconcilerExecutor-hivemq-controller-131] DEBUG c.h.p.o.HiveMQPlatformReconciler - [helmcont] Custom Resource Status ROLLING_RESTART - HiveMQ Platform is restarting Pods (rolling restart) (RESTART_PODS_IN_PROGRESS)
2025-01-28 23:53:53,091 INFO c.h.h.t.HelmChartContainer - [hivemq-test-hivemq-platform] [hivemq-platform-operator] [7dfae362] 23:53:53.089 [ReconcilerExecutor-hivemq-controller-131] DEBUG c.h.p.o.HiveMQPlatformReconciler - [helmcont] Custom Resource Spec (replicas: 1) (extensions: 1)
2025-01-28 23:53:53,092 INFO c.h.h.t.HelmChartContainer - [hivemq-test-hivemq-platform] [hivemq-platform-operator] [7dfae362] 23:53:53.090 [ReconcilerExecutor-hivemq-controller-131] DEBUG c.h.p.o.HiveMQPlatformReconciler - [helmcont] StatefulSet Status (revision: test-hivemq-platform-579f489c45, replicas: 2, available: 1, ready: 1, current: 0, updated: 1)
2025-01-28 23:53:53,092 INFO c.h.h.t.HelmChartContainer - [hivemq-test-hivemq-platform] [hivemq-platform-operator] [7dfae362] 23:53:53.091 [ReconcilerExecutor-hivemq-controller-131] DEBUG c.h.p.o.HiveMQPlatformReconciler - [helmcont] StatefulSet Spec (replicas: 2, init containers: 1, containers: 1, volumes: 3)
2025-01-28 23:53:53,094 INFO c.h.h.t.HelmChartContainer - [hivemq-test-hivemq-platform] [hivemq-platform-operator] [7dfae362] 23:53:53.092 [ReconcilerExecutor-hivemq-controller-131] DEBUG c.h.p.o.h.HiveMQPlatformReconcilerErrorHandler - [helmcont] Pod 'test-hivemq-platform-1' phase Running
2025-01-28 23:53:53,094 INFO c.h.h.t.HelmChartContainer - [hivemq-test-hivemq-platform] [hivemq-platform-operator] [7dfae362] 23:53:53.093 [ReconcilerExecutor-hivemq-controller-131] DEBUG c.h.p.o.h.HiveMQPlatformReconcilerErrorHandler - [helmcont] Pod 'test-hivemq-platform-0' phase Failed
2025-01-28 23:53:53,094 INFO c.h.h.t.HelmChartContainer - [hivemq-test-hivemq-platform] [hivemq-platform-operator] [7dfae362] 23:53:53.093 [ReconcilerExecutor-hivemq-controller-131] DEBUG c.h.p.o.h.HiveMQPlatformReconcilerErrorHandler - [helmcont] Pod 'test-hivemq-platform-0' condition 'PodReadyToStartContainers': False
2025-01-28 23:53:53,094 INFO c.h.h.t.HelmChartContainer - [hivemq-test-hivemq-platform] [hivemq-platform-operator] [7dfae362] 23:53:53.093 [ReconcilerExecutor-hivemq-controller-131] DEBUG c.h.p.o.h.HiveMQPlatformReconcilerErrorHandler - [helmcont] Pod 'test-hivemq-platform-0' condition 'Initialized': True
2025-01-28 23:53:53,094 INFO c.h.h.t.HelmChartContainer - [hivemq-test-hivemq-platform] [hivemq-platform-operator] [7dfae362] 23:53:53.093 [ReconcilerExecutor-hivemq-controller-131] DEBUG c.h.p.o.h.HiveMQPlatformReconcilerErrorHandler - [helmcont] Pod 'test-hivemq-platform-0' condition 'Ready': False
2025-01-28 23:53:53,094 INFO c.h.h.t.HelmChartContainer - [hivemq-test-hivemq-platform] [hivemq-platform-operator] [7dfae362] 23:53:53.093 [ReconcilerExecutor-hivemq-controller-131] DEBUG c.h.p.o.h.HiveMQPlatformReconcilerErrorHandler - [helmcont] Pod 'test-hivemq-platform-0' condition 'ContainersReady': False
2025-01-28 23:53:53,094 INFO c.h.h.t.HelmChartContainer - [hivemq-test-hivemq-platform] [hivemq-platform-operator] [7dfae362] 23:53:53.093 [ReconcilerExecutor-hivemq-controller-131] DEBUG c.h.p.o.h.HiveMQPlatformReconcilerErrorHandler - [helmcont] Pod 'test-hivemq-platform-0' condition 'PodScheduled': True
2025-01-28 23:53:53,094 INFO c.h.h.t.HelmChartContainer - [hivemq-test-hivemq-platform] [hivemq-platform-operator] [7dfae362] 23:53:53.093 [ReconcilerExecutor-hivemq-controller-131] DEBUG c.h.p.o.h.HiveMQPlatformReconcilerErrorHandler - [helmcont] Pod 'test-hivemq-platform-0' containerStatus 'hivemq' (started: false) (ready: false) (waiting: [Unknown] no message)
2025-01-28 23:53:53,094 INFO c.h.h.t.HelmChartContainer - [hivemq-test-hivemq-platform] [hivemq-platform-operator] [7dfae362] 23:53:53.093 [ReconcilerExecutor-hivemq-controller-131] DEBUG c.h.p.o.h.HiveMQPlatformReconcilerRollingRestartHandler - [helmcont] Rolling restart is waiting for 1 of 2 replicas
2025-01-28 23:53:53,107 INFO c.h.h.t.HelmChartContainer - [K3S] [reconciler_common.go:299] "Volume detached for volume \"kube-api-access-wbrh8\" (UniqueName: \"kubernetes.io/projected/af31bd0e-46a1-4401-bf78-96a2ff1b4dce-kube-api-access-wbrh8\") on node \"0c997a873dc5\" DevicePath \"\""
2025-01-28 23:53:53,107 INFO c.h.h.t.HelmChartContainer - [K3S] [reconciler_common.go:299] "Volume detached for volume \"broker-configuration\" (UniqueName: \"kubernetes.io/configmap/af31bd0e-46a1-4401-bf78-96a2ff1b4dce-broker-configuration\") on node \"0c997a873dc5\" DevicePath \"\""
2025-01-28 23:53:53,107 INFO c.h.h.t.HelmChartContainer - [K3S] [reconciler_common.go:299] "Volume detached for volume \"operator-init\" (UniqueName: \"kubernetes.io/empty-dir/af31bd0e-46a1-4401-bf78-96a2ff1b4dce-operator-init\") on node \"0c997a873dc5\" DevicePath \"\""
2025-01-28 23:53:53,107 INFO c.h.h.t.HelmChartContainer - [K3S] [reconciler_common.go:299] "Volume detached for volume \"pod-info\" (UniqueName: \"kubernetes.io/configmap/af31bd0e-46a1-4401-bf78-96a2ff1b4dce-pod-info\") on node \"0c997a873dc5\" DevicePath \"\""
2025-01-28 23:53:53,751 INFO c.h.h.t.HelmChartContainer - [K3S] [scope.go:117] "RemoveContainer" containerID="2ca2cf18e6a857fbc0245190c8de97f6eb65c79c45c1cd73cb7a29faf6fe3843"
2025-01-28 23:53:53,771 INFO c.h.h.t.HelmChartContainer - [hivemq-test-hivemq-platform] [hivemq-platform-operator] [7dfae362] 23:53:53.769 [pool-6-thread-38] DEBUG c.h.p.o.d.PlatformServiceResource - [helmcont] Desired Platform services (3 services)
2025-01-28 23:53:53,772 INFO c.h.h.t.HelmChartContainer - [POD] test-hivemq-platform-0 [af31bd0e-46a1-4401-bf78-96a2ff1b4dce] in helmcontainersecuritycontextupgradeplatformit was MODIFIED
2025-01-28 23:53:53,776 INFO c.h.h.t.HelmChartContainer - [POD] test-hivemq-platform-0 [af31bd0e-46a1-4401-bf78-96a2ff1b4dce] in helmcontainersecuritycontextupgradeplatformit was DELETED
2025-01-28 23:53:53,778 INFO c.h.h.t.HelmChartContainer - [hivemq-test-hivemq-platform] [hivemq-platform-operator] [7dfae362] 23:53:53.771 [pool-6-thread-34] DEBUG c.h.p.o.d.PodServiceAccountResource - [helmcont] Desired PodServiceAccountResource (serviceAccountName: hivemq-platform-pod-test-hivemq-platform)
2025-01-28 23:53:53,792 INFO c.h.h.t.HelmChartContainer - [hivemq-test-hivemq-platform] [hivemq-platform-operator] [7dfae362] 23:53:53.776 [pool-6-thread-33] DEBUG c.h.p.o.dependants.PodInfoConfigMap - [helmcont] Desired PodInfo ConfigMap (1 extensions) (1 enabled)
2025-01-28 23:53:53,792 INFO c.h.h.t.HelmChartContainer - [hivemq-test-hivemq-platform] [hivemq-platform-operator] [7dfae362] 23:53:53.776 [pool-6-thread-33] DEBUG c.h.p.o.dependants.PodInfoConfigMap - [helmcont] Desired PodInfo ConfigMap (metrics port: 9399) (metrics path: /)
2025-01-28 23:53:53,792 INFO c.h.h.t.HelmChartContainer - [hivemq-test-hivemq-platform] [hivemq-platform-operator] [7dfae362] 23:53:53.776 [pool-6-thread-33] DEBUG c.h.p.o.dependants.PodInfoConfigMap - [helmcont] Desired PodInfo ConfigMap (extension state hash: -1817474005)
2025-01-28 23:53:53,792 INFO c.h.h.t.HelmChartContainer - [hivemq-test-hivemq-platform] [hivemq-platform-operator] [7dfae362] 23:53:53.779 [pool-6-thread-38] DEBUG c.h.p.o.d.StatefulSetResource - [helmcont] Desired StatefulSet (2 replicas) for status ROLLING_RESTART (RESTART_PODS_IN_PROGRESS)
2025-01-28 23:53:53,793 INFO c.h.h.t.HelmChartContainer - [hivemq-test-hivemq-platform] [hivemq-platform-operator] [7dfae362] 23:53:53.782 [ReconcilerExecutor-hivemq-controller-132] INFO  c.h.p.o.HiveMQPlatformReconciler - [helmcont] Reconciling HiveMQ Platform 'test-hivemq-platform' in namespace 'helmcontainersecuritycontextupgradeplatformit'
2025-01-28 23:53:53,793 INFO c.h.h.t.HelmChartContainer - [hivemq-test-hivemq-platform] [hivemq-platform-operator] [7dfae362] 23:53:53.782 [ReconcilerExecutor-hivemq-controller-132] DEBUG c.h.p.o.HiveMQPlatformReconciler - [helmcont] Custom Resource Status ROLLING_RESTART - HiveMQ Platform is restarting Pods (rolling restart) (RESTART_PODS_IN_PROGRESS)
2025-01-28 23:53:53,793 INFO c.h.h.t.HelmChartContainer - [hivemq-test-hivemq-platform] [hivemq-platform-operator] [7dfae362] 23:53:53.782 [ReconcilerExecutor-hivemq-controller-132] DEBUG c.h.p.o.HiveMQPlatformReconciler - [helmcont] Custom Resource Spec (replicas: 1) (extensions: 1)
2025-01-28 23:53:53,793 INFO c.h.h.t.HelmChartContainer - [hivemq-test-hivemq-platform] [hivemq-platform-operator] [7dfae362] 23:53:53.783 [ReconcilerExecutor-hivemq-controller-132] DEBUG c.h.p.o.HiveMQPlatformReconciler - [helmcont] StatefulSet Status (revision: test-hivemq-platform-579f489c45, replicas: 2, available: 1, ready: 1, current: 0, updated: 1)
2025-01-28 23:53:53,793 INFO c.h.h.t.HelmChartContainer - [hivemq-test-hivemq-platform] [hivemq-platform-operator] [7dfae362] 23:53:53.783 [ReconcilerExecutor-hivemq-controller-132] DEBUG c.h.p.o.HiveMQPlatformReconciler - [helmcont] StatefulSet Spec (replicas: 2, init containers: 1, containers: 1, volumes: 3)
2025-01-28 23:53:53,793 INFO c.h.h.t.HelmChartContainer - [hivemq-test-hivemq-platform] [hivemq-platform-operator] [7dfae362] 23:53:53.788 [ReconcilerExecutor-hivemq-controller-132] DEBUG c.h.p.o.h.HiveMQPlatformReconcilerErrorHandler - [helmcont] Pod 'test-hivemq-platform-1' phase Running
2025-01-28 23:53:53,793 INFO c.h.h.t.HelmChartContainer - [hivemq-test-hivemq-platform] [hivemq-platform-operator] [7dfae362] 23:53:53.789 [ReconcilerExecutor-hivemq-controller-132] DEBUG c.h.p.o.h.HiveMQPlatformReconcilerRollingRestartHandler - [helmcont] Rolling restart is waiting for 1 of 2 replicas
2025-01-28 23:53:53,798 INFO c.h.h.t.HelmChartContainer - [hivemq-test-hivemq-platform] [hivemq-platform-operator] [7dfae362] 23:53:53.796 [pool-6-thread-41] DEBUG c.h.p.o.d.PlatformServiceResource - [helmcont] Desired Platform services (3 services)
2025-01-28 23:53:53,806 INFO c.h.h.t.HelmChartContainer - [POD] test-hivemq-platform-0 [e76dc4a8-8926-4bdf-a0de-c74e24bd98df] in helmcontainersecuritycontextupgradeplatformit was ADDED
2025-01-28 23:53:53,816 INFO c.h.h.t.HelmChartContainer - [K3S] [memory_manager.go:355] "RemoveStaleState removing state" podUID="af31bd0e-46a1-4401-bf78-96a2ff1b4dce" containerName="hivemq"
2025-01-28 23:53:53,815 INFO c.h.h.t.HelmChartContainer - [POD] test-hivemq-platform-0 [e76dc4a8-8926-4bdf-a0de-c74e24bd98df] in helmcontainersecuritycontextupgradeplatformit was MODIFIED
2025-01-28 23:53:53,820 INFO c.h.h.t.HelmChartContainer - [EVENT] Normal [SuccessfulCreate] create Pod test-hivemq-platform-0 in StatefulSet test-hivemq-platform successful [helmcontainersecuritycontextupgradeplatformit:test-hivemq-platform]
2025-01-28 23:53:53,823 INFO c.h.h.t.HelmChartContainer - [EVENT] Normal [Scheduled] Successfully assigned helmcontainersecuritycontextupgradeplatformit/test-hivemq-platform-0 to 0c997a873dc5 [helmcontainersecuritycontextupgradeplatformit:test-hivemq-platform-0]
2025-01-28 23:53:53,832 INFO c.h.h.t.HelmChartContainer - [POD] test-hivemq-platform-0 [e76dc4a8-8926-4bdf-a0de-c74e24bd98df] in helmcontainersecuritycontextupgradeplatformit was MODIFIED
2025-01-28 23:53:53,860 INFO c.h.h.t.HelmChartContainer - [hivemq-test-hivemq-platform] [hivemq-platform-operator] [7dfae362] 23:53:53.857 [pool-6-thread-42] DEBUG c.h.p.o.d.PodServiceAccountResource - [helmcont] Desired PodServiceAccountResource (serviceAccountName: hivemq-platform-pod-test-hivemq-platform)
2025-01-28 23:53:53,860 INFO c.h.h.t.HelmChartContainer - [hivemq-test-hivemq-platform] [hivemq-platform-operator] [7dfae362] 23:53:53.859 [pool-6-thread-50] DEBUG c.h.p.o.dependants.PodInfoConfigMap - [helmcont] Desired PodInfo ConfigMap (1 extensions) (1 enabled)
2025-01-28 23:53:53,861 INFO c.h.h.t.HelmChartContainer - [hivemq-test-hivemq-platform] [hivemq-platform-operator] [7dfae362] 23:53:53.859 [pool-6-thread-50] DEBUG c.h.p.o.dependants.PodInfoConfigMap - [helmcont] Desired PodInfo ConfigMap (metrics port: 9399) (metrics path: /)
2025-01-28 23:53:53,861 INFO c.h.h.t.HelmChartContainer - [hivemq-test-hivemq-platform] [hivemq-platform-operator] [7dfae362] 23:53:53.859 [pool-6-thread-50] DEBUG c.h.p.o.dependants.PodInfoConfigMap - [helmcont] Desired PodInfo ConfigMap (extension state hash: -1817474005)
2025-01-28 23:53:53,870 INFO c.h.h.t.HelmChartContainer - [hivemq-test-hivemq-platform] [hivemq-platform-operator] [7dfae362] 23:53:53.869 [pool-6-thread-41] DEBUG c.h.p.o.d.StatefulSetResource - [helmcont] Desired StatefulSet (2 replicas) for status ROLLING_RESTART (RESTART_PODS_IN_PROGRESS)
2025-01-28 23:53:53,892 INFO c.h.h.t.HelmChartContainer - [hivemq-test-hivemq-platform] [hivemq-platform-operator] [7dfae362] 23:53:53.887 [ReconcilerExecutor-hivemq-controller-133] INFO  c.h.p.o.HiveMQPlatformReconciler - [helmcont] Reconciling HiveMQ Platform 'test-hivemq-platform' in namespace 'helmcontainersecuritycontextupgradeplatformit'
2025-01-28 23:53:53,892 INFO c.h.h.t.HelmChartContainer - [hivemq-test-hivemq-platform] [hivemq-platform-operator] [7dfae362] 23:53:53.887 [ReconcilerExecutor-hivemq-controller-133] DEBUG c.h.p.o.HiveMQPlatformReconciler - [helmcont] Custom Resource Status ROLLING_RESTART - HiveMQ Platform is restarting Pods (rolling restart) (RESTART_PODS_IN_PROGRESS)
2025-01-28 23:53:53,892 INFO c.h.h.t.HelmChartContainer - [hivemq-test-hivemq-platform] [hivemq-platform-operator] [7dfae362] 23:53:53.887 [ReconcilerExecutor-hivemq-controller-133] DEBUG c.h.p.o.HiveMQPlatformReconciler - [helmcont] Custom Resource Spec (replicas: 1) (extensions: 1)
2025-01-28 23:53:53,892 INFO c.h.h.t.HelmChartContainer - [hivemq-test-hivemq-platform] [hivemq-platform-operator] [7dfae362] 23:53:53.888 [ReconcilerExecutor-hivemq-controller-133] DEBUG c.h.p.o.HiveMQPlatformReconciler - [helmcont] StatefulSet Status (revision: test-hivemq-platform-579f489c45, replicas: 2, available: 1, ready: 1, current: 0, updated: 2)
2025-01-28 23:53:53,892 INFO c.h.h.t.HelmChartContainer - [hivemq-test-hivemq-platform] [hivemq-platform-operator] [7dfae362] 23:53:53.888 [ReconcilerExecutor-hivemq-controller-133] DEBUG c.h.p.o.HiveMQPlatformReconciler - [helmcont] StatefulSet Spec (replicas: 2, init containers: 1, containers: 1, volumes: 3)
2025-01-28 23:53:53,892 INFO c.h.h.t.HelmChartContainer - [hivemq-test-hivemq-platform] [hivemq-platform-operator] [7dfae362] 23:53:53.889 [ReconcilerExecutor-hivemq-controller-133] DEBUG c.h.p.o.h.HiveMQPlatformReconcilerErrorHandler - [helmcont] Pod 'test-hivemq-platform-1' phase Running
2025-01-28 23:53:53,892 INFO c.h.h.t.HelmChartContainer - [hivemq-test-hivemq-platform] [hivemq-platform-operator] [7dfae362] 23:53:53.890 [ReconcilerExecutor-hivemq-controller-133] DEBUG c.h.p.o.h.HiveMQPlatformReconcilerErrorHandler - [helmcont] Pod 'test-hivemq-platform-0' phase Pending
2025-01-28 23:53:53,892 INFO c.h.h.t.HelmChartContainer - [hivemq-test-hivemq-platform] [hivemq-platform-operator] [7dfae362] 23:53:53.890 [ReconcilerExecutor-hivemq-controller-133] DEBUG c.h.p.o.h.HiveMQPlatformReconcilerErrorHandler - [helmcont] Pod 'test-hivemq-platform-0' condition 'PodReadyToStartContainers': False
2025-01-28 23:53:53,901 INFO c.h.h.t.HelmChartContainer - [K3S] [scope.go:117] "RemoveContainer" containerID="1d94ca49cf7b0dc40855b449e47aa497fb00fcc803cad220a4ea29f6e8ded78b"
2025-01-28 23:53:53,905 INFO c.h.h.t.HelmChartContainer - [K3S] [scope.go:117] "RemoveContainer" containerID="2ca2cf18e6a857fbc0245190c8de97f6eb65c79c45c1cd73cb7a29faf6fe3843"
2025-01-28 23:53:53,905 INFO c.h.h.t.HelmChartContainer - [K3S] [scope.go:117] "RemoveContainer" containerID="1d94ca49cf7b0dc40855b449e47aa497fb00fcc803cad220a4ea29f6e8ded78b"
2025-01-28 23:53:53,911 INFO c.h.h.t.HelmChartContainer - [K3S] [reconciler_common.go:251] "operationExecutor.VerifyControllerAttachedVolume started for volume \"operator-init\" (UniqueName: \"kubernetes.io/empty-dir/e76dc4a8-8926-4bdf-a0de-c74e24bd98df-operator-init\") pod \"test-hivemq-platform-0\" (UID: \"e76dc4a8-8926-4bdf-a0de-c74e24bd98df\") " pod="helmcontainersecuritycontextupgradeplatformit/test-hivemq-platform-0"
2025-01-28 23:53:53,911 INFO c.h.h.t.HelmChartContainer - [K3S] [reconciler_common.go:251] "operationExecutor.VerifyControllerAttachedVolume started for volume \"kube-api-access-hd4h6\" (UniqueName: \"kubernetes.io/projected/e76dc4a8-8926-4bdf-a0de-c74e24bd98df-kube-api-access-hd4h6\") pod \"test-hivemq-platform-0\" (UID: \"e76dc4a8-8926-4bdf-a0de-c74e24bd98df\") " pod="helmcontainersecuritycontextupgradeplatformit/test-hivemq-platform-0"
2025-01-28 23:53:53,911 INFO c.h.h.t.HelmChartContainer - [K3S] [reconciler_common.go:251] "operationExecutor.VerifyControllerAttachedVolume started for volume \"broker-configuration\" (UniqueName: \"kubernetes.io/configmap/e76dc4a8-8926-4bdf-a0de-c74e24bd98df-broker-configuration\") pod \"test-hivemq-platform-0\" (UID: \"e76dc4a8-8926-4bdf-a0de-c74e24bd98df\") " pod="helmcontainersecuritycontextupgradeplatformit/test-hivemq-platform-0"
2025-01-28 23:53:53,911 INFO c.h.h.t.HelmChartContainer - [K3S] [reconciler_common.go:251] "operationExecutor.VerifyControllerAttachedVolume started for volume \"pod-info\" (UniqueName: \"kubernetes.io/configmap/e76dc4a8-8926-4bdf-a0de-c74e24bd98df-pod-info\") pod \"test-hivemq-platform-0\" (UID: \"e76dc4a8-8926-4bdf-a0de-c74e24bd98df\") " pod="helmcontainersecuritycontextupgradeplatformit/test-hivemq-platform-0"
2025-01-28 23:53:53,957 INFO c.h.h.t.HelmChartContainer - [hivemq-test-hivemq-platform] [hivemq-platform-operator] [7dfae362] 23:53:53.956 [ReconcilerExecutor-hivemq-controller-133] DEBUG c.h.p.o.h.HiveMQPlatformReconcilerErrorHandler - [helmcont] Pod 'test-hivemq-platform-0' condition 'Initialized': False
2025-01-28 23:53:53,957 INFO c.h.h.t.HelmChartContainer - [hivemq-test-hivemq-platform] [hivemq-platform-operator] [7dfae362] 23:53:53.956 [ReconcilerExecutor-hivemq-controller-133] DEBUG c.h.p.o.h.HiveMQPlatformReconcilerErrorHandler - [helmcont] Pod 'test-hivemq-platform-0' condition 'Ready': False
2025-01-28 23:53:53,957 INFO c.h.h.t.HelmChartContainer - [hivemq-test-hivemq-platform] [hivemq-platform-operator] [7dfae362] 23:53:53.956 [ReconcilerExecutor-hivemq-controller-133] DEBUG c.h.p.o.h.HiveMQPlatformReconcilerErrorHandler - [helmcont] Pod 'test-hivemq-platform-0' condition 'ContainersReady': False
2025-01-28 23:53:53,957 INFO c.h.h.t.HelmChartContainer - [hivemq-test-hivemq-platform] [hivemq-platform-operator] [7dfae362] 23:53:53.956 [ReconcilerExecutor-hivemq-controller-133] DEBUG c.h.p.o.h.HiveMQPlatformReconcilerErrorHandler - [helmcont] Pod 'test-hivemq-platform-0' condition 'PodScheduled': True
2025-01-28 23:53:53,957 INFO c.h.h.t.HelmChartContainer - [hivemq-test-hivemq-platform] [hivemq-platform-operator] [7dfae362] 23:53:53.956 [ReconcilerExecutor-hivemq-controller-133] DEBUG c.h.p.o.h.HiveMQPlatformReconcilerErrorHandler - [helmcont] Pod 'test-hivemq-platform-0' containerStatus 'hivemq' (started: false) (ready: false) (waiting: [PodInitializing] null)
2025-01-28 23:53:53,958 INFO c.h.h.t.HelmChartContainer - [hivemq-test-hivemq-platform] [hivemq-platform-operator] [7dfae362] 23:53:53.957 [ReconcilerExecutor-hivemq-controller-133] DEBUG c.h.p.o.h.HiveMQPlatformReconcilerRollingRestartHandler - [helmcont] Rolling restart is waiting for 1 of 2 replicas
2025-01-28 23:53:53,967 INFO c.h.h.t.HelmChartContainer - [hivemq-test-hivemq-platform] [hivemq-platform-operator] [7dfae362] 23:53:53.964 [pool-6-thread-10] DEBUG c.h.p.o.d.PlatformServiceResource - [helmcont] Desired Platform services (3 services)
2025-01-28 23:53:53,970 INFO c.h.h.t.HelmChartContainer - [hivemq-test-hivemq-platform] [hivemq-platform-operator] [7dfae362] 23:53:53.966 [pool-6-thread-7] DEBUG c.h.p.o.d.PodServiceAccountResource - [helmcont] Desired PodServiceAccountResource (serviceAccountName: hivemq-platform-pod-test-hivemq-platform)
2025-01-28 23:53:53,970 INFO c.h.h.t.HelmChartContainer - [hivemq-test-hivemq-platform] [hivemq-platform-operator] [7dfae362] 23:53:53.968 [pool-6-thread-3] DEBUG c.h.p.o.dependants.PodInfoConfigMap - [helmcont] Desired PodInfo ConfigMap (1 extensions) (1 enabled)
2025-01-28 23:53:53,970 INFO c.h.h.t.HelmChartContainer - [hivemq-test-hivemq-platform] [hivemq-platform-operator] [7dfae362] 23:53:53.968 [pool-6-thread-3] DEBUG c.h.p.o.dependants.PodInfoConfigMap - [helmcont] Desired PodInfo ConfigMap (metrics port: 9399) (metrics path: /)
2025-01-28 23:53:53,970 INFO c.h.h.t.HelmChartContainer - [hivemq-test-hivemq-platform] [hivemq-platform-operator] [7dfae362] 23:53:53.968 [pool-6-thread-3] DEBUG c.h.p.o.dependants.PodInfoConfigMap - [helmcont] Desired PodInfo ConfigMap (extension state hash: -1817474005)
2025-01-28 23:53:53,985 INFO c.h.h.t.HelmChartContainer - [hivemq-test-hivemq-platform] [hivemq-platform-operator] [7dfae362] 23:53:53.984 [pool-6-thread-3] DEBUG c.h.p.o.d.StatefulSetResource - [helmcont] Desired StatefulSet (2 replicas) for status ROLLING_RESTART (RESTART_PODS_IN_PROGRESS)
2025-01-28 23:53:53,990 INFO c.h.h.t.HelmChartContainer - [hivemq-test-hivemq-platform] [hivemq-platform-operator] [7dfae362] 23:53:53.987 [ReconcilerExecutor-hivemq-controller-134] INFO  c.h.p.o.HiveMQPlatformReconciler - [helmcont] Reconciling HiveMQ Platform 'test-hivemq-platform' in namespace 'helmcontainersecuritycontextupgradeplatformit'
2025-01-28 23:53:53,990 INFO c.h.h.t.HelmChartContainer - [hivemq-test-hivemq-platform] [hivemq-platform-operator] [7dfae362] 23:53:53.987 [ReconcilerExecutor-hivemq-controller-134] DEBUG c.h.p.o.HiveMQPlatformReconciler - [helmcont] Custom Resource Status ROLLING_RESTART - HiveMQ Platform is restarting Pods (rolling restart) (RESTART_PODS_IN_PROGRESS)
2025-01-28 23:53:53,990 INFO c.h.h.t.HelmChartContainer - [hivemq-test-hivemq-platform] [hivemq-platform-operator] [7dfae362] 23:53:53.987 [ReconcilerExecutor-hivemq-controller-134] DEBUG c.h.p.o.HiveMQPlatformReconciler - [helmcont] Custom Resource Spec (replicas: 1) (extensions: 1)
2025-01-28 23:53:53,991 INFO c.h.h.t.HelmChartContainer - [hivemq-test-hivemq-platform] [hivemq-platform-operator] [7dfae362] 23:53:53.988 [ReconcilerExecutor-hivemq-controller-134] DEBUG c.h.p.o.HiveMQPlatformReconciler - [helmcont] StatefulSet Status (revision: test-hivemq-platform-579f489c45, replicas: 2, available: 1, ready: 1, current: 0, updated: 2)
2025-01-28 23:53:53,991 INFO c.h.h.t.HelmChartContainer - [hivemq-test-hivemq-platform] [hivemq-platform-operator] [7dfae362] 23:53:53.988 [ReconcilerExecutor-hivemq-controller-134] DEBUG c.h.p.o.HiveMQPlatformReconciler - [helmcont] StatefulSet Spec (replicas: 2, init containers: 1, containers: 1, volumes: 3)
2025-01-28 23:53:53,991 INFO c.h.h.t.HelmChartContainer - [hivemq-test-hivemq-platform] [hivemq-platform-operator] [7dfae362] 23:53:53.990 [ReconcilerExecutor-hivemq-controller-134] DEBUG c.h.p.o.h.HiveMQPlatformReconcilerErrorHandler - [helmcont] Pod 'test-hivemq-platform-1' phase Running
2025-01-28 23:53:53,992 INFO c.h.h.t.HelmChartContainer - [hivemq-test-hivemq-platform] [hivemq-platform-operator] [7dfae362] 23:53:53.991 [ReconcilerExecutor-hivemq-controller-134] DEBUG c.h.p.o.h.HiveMQPlatformReconcilerErrorHandler - [helmcont] Pod 'test-hivemq-platform-0' phase Pending
2025-01-28 23:53:53,992 INFO c.h.h.t.HelmChartContainer - [hivemq-test-hivemq-platform] [hivemq-platform-operator] [7dfae362] 23:53:53.991 [ReconcilerExecutor-hivemq-controller-134] DEBUG c.h.p.o.h.HiveMQPlatformReconcilerErrorHandler - [helmcont] Pod 'test-hivemq-platform-0' condition 'PodReadyToStartContainers': False
2025-01-28 23:53:53,992 INFO c.h.h.t.HelmChartContainer - [hivemq-test-hivemq-platform] [hivemq-platform-operator] [7dfae362] 23:53:53.991 [ReconcilerExecutor-hivemq-controller-134] DEBUG c.h.p.o.h.HiveMQPlatformReconcilerErrorHandler - [helmcont] Pod 'test-hivemq-platform-0' condition 'Initialized': False
2025-01-28 23:53:53,992 INFO c.h.h.t.HelmChartContainer - [hivemq-test-hivemq-platform] [hivemq-platform-operator] [7dfae362] 23:53:53.991 [ReconcilerExecutor-hivemq-controller-134] DEBUG c.h.p.o.h.HiveMQPlatformReconcilerErrorHandler - [helmcont] Pod 'test-hivemq-platform-0' condition 'Ready': False
2025-01-28 23:53:53,992 INFO c.h.h.t.HelmChartContainer - [hivemq-test-hivemq-platform] [hivemq-platform-operator] [7dfae362] 23:53:53.991 [ReconcilerExecutor-hivemq-controller-134] DEBUG c.h.p.o.h.HiveMQPlatformReconcilerErrorHandler - [helmcont] Pod 'test-hivemq-platform-0' condition 'ContainersReady': False
2025-01-28 23:53:53,992 INFO c.h.h.t.HelmChartContainer - [hivemq-test-hivemq-platform] [hivemq-platform-operator] [7dfae362] 23:53:53.991 [ReconcilerExecutor-hivemq-controller-134] DEBUG c.h.p.o.h.HiveMQPlatformReconcilerErrorHandler - [helmcont] Pod 'test-hivemq-platform-0' condition 'PodScheduled': True
2025-01-28 23:53:53,992 INFO c.h.h.t.HelmChartContainer - [hivemq-test-hivemq-platform] [hivemq-platform-operator] [7dfae362] 23:53:53.991 [ReconcilerExecutor-hivemq-controller-134] DEBUG c.h.p.o.h.HiveMQPlatformReconcilerErrorHandler - [helmcont] Pod 'test-hivemq-platform-0' containerStatus 'hivemq' (started: false) (ready: false) (waiting: [PodInitializing] null)
2025-01-28 23:53:53,992 INFO c.h.h.t.HelmChartContainer - [hivemq-test-hivemq-platform] [hivemq-platform-operator] [7dfae362] 23:53:53.991 [ReconcilerExecutor-hivemq-controller-134] DEBUG c.h.p.o.h.HiveMQPlatformReconcilerRollingRestartHandler - [helmcont] Rolling restart is waiting for 1 of 2 replicas
2025-01-28 23:53:54,205 INFO c.h.h.t.HelmChartContainer - [EVENT] Normal [Pulled] Container image "docker.io/hivemq/hivemq-platform-operator-init-test:snapshot" already present on machine [helmcontainersecuritycontextupgradeplatformit:test-hivemq-platform-0]
2025-01-28 23:53:54,212 INFO c.h.h.t.HelmChartContainer - [EVENT] Normal [Created] Created container: hivemq-platform-operator-init [helmcontainersecuritycontextupgradeplatformit:test-hivemq-platform-0]
2025-01-28 23:53:54,250 INFO c.h.h.t.HelmChartContainer - [EVENT] Normal [Started] Started container hivemq-platform-operator-init [helmcontainersecuritycontextupgradeplatformit:test-hivemq-platform-0]
2025-01-28 23:53:54,758 INFO c.h.h.t.HelmChartContainer - [EVENT] Normal [Pulled] Container image "docker.io/hivemq/hivemq4:4.36.0" already present on machine [helmcontainersecuritycontextupgradeplatformit:test-hivemq-platform-0]
2025-01-28 23:53:54,758 INFO c.h.h.t.HelmChartContainer - Received Pulled event for container hivemq in pod test-hivemq-platform-0 [e76dc4a8-8926-4bdf-a0de-c74e24bd98df]
2025-01-28 23:53:54,765 INFO c.h.h.t.HelmChartContainer - [POD] test-hivemq-platform-0 [e76dc4a8-8926-4bdf-a0de-c74e24bd98df] in helmcontainersecuritycontextupgradeplatformit was MODIFIED
2025-01-28 23:53:54,780 INFO c.h.h.t.HelmChartContainer - [hivemq-test-hivemq-platform] [hivemq-platform-operator] [7dfae362] 23:53:54.772 [pool-6-thread-13] DEBUG c.h.p.o.d.PlatformServiceResource - [helmcont] Desired Platform services (3 services)
2025-01-28 23:53:54,781 INFO c.h.h.t.HelmChartContainer - [hivemq-test-hivemq-platform] [hivemq-platform-operator] [7dfae362] 23:53:54.773 [pool-6-thread-15] DEBUG c.h.p.o.dependants.PodInfoConfigMap - [helmcont] Desired PodInfo ConfigMap (1 extensions) (1 enabled)
2025-01-28 23:53:54,781 INFO c.h.h.t.HelmChartContainer - [hivemq-test-hivemq-platform] [hivemq-platform-operator] [7dfae362] 23:53:54.773 [pool-6-thread-15] DEBUG c.h.p.o.dependants.PodInfoConfigMap - [helmcont] Desired PodInfo ConfigMap (metrics port: 9399) (metrics path: /)
2025-01-28 23:53:54,781 INFO c.h.h.t.HelmChartContainer - [hivemq-test-hivemq-platform] [hivemq-platform-operator] [7dfae362] 23:53:54.773 [pool-6-thread-15] DEBUG c.h.p.o.dependants.PodInfoConfigMap - [helmcont] Desired PodInfo ConfigMap (extension state hash: -1817474005)
2025-01-28 23:53:54,781 INFO c.h.h.t.HelmChartContainer - [hivemq-test-hivemq-platform] [hivemq-platform-operator] [7dfae362] 23:53:54.774 [pool-6-thread-17] DEBUG c.h.p.o.d.PodServiceAccountResource - [helmcont] Desired PodServiceAccountResource (serviceAccountName: hivemq-platform-pod-test-hivemq-platform)
2025-01-28 23:53:54,789 INFO c.h.h.t.HelmChartContainer - [hivemq-test-hivemq-platform] [hivemq-platform-operator] [7dfae362] 23:53:54.785 [pool-6-thread-13] DEBUG c.h.p.o.d.StatefulSetResource - [helmcont] Desired StatefulSet (2 replicas) for status ROLLING_RESTART (RESTART_PODS_IN_PROGRESS)
2025-01-28 23:53:54,792 INFO c.h.h.t.HelmChartContainer - [EVENT] Normal [Created] Created container: hivemq [helmcontainersecuritycontextupgradeplatformit:test-hivemq-platform-0]
2025-01-28 23:53:54,792 INFO c.h.h.t.HelmChartContainer - Received Created event for container hivemq in pod test-hivemq-platform-0 [e76dc4a8-8926-4bdf-a0de-c74e24bd98df]
2025-01-28 23:53:54,799 INFO c.h.h.t.HelmChartContainer - [hivemq-test-hivemq-platform] [hivemq-platform-operator] [7dfae362] 23:53:54.793 [ReconcilerExecutor-hivemq-controller-135] INFO  c.h.p.o.HiveMQPlatformReconciler - [helmcont] Reconciling HiveMQ Platform 'test-hivemq-platform' in namespace 'helmcontainersecuritycontextupgradeplatformit'
2025-01-28 23:53:54,800 INFO c.h.h.t.HelmChartContainer - [hivemq-test-hivemq-platform] [hivemq-platform-operator] [7dfae362] 23:53:54.794 [ReconcilerExecutor-hivemq-controller-135] DEBUG c.h.p.o.HiveMQPlatformReconciler - [helmcont] Custom Resource Status ROLLING_RESTART - HiveMQ Platform is restarting Pods (rolling restart) (RESTART_PODS_IN_PROGRESS)
2025-01-28 23:53:54,801 INFO c.h.h.t.HelmChartContainer - [hivemq-test-hivemq-platform] [hivemq-platform-operator] [7dfae362] 23:53:54.794 [ReconcilerExecutor-hivemq-controller-135] DEBUG c.h.p.o.HiveMQPlatformReconciler - [helmcont] Custom Resource Spec (replicas: 1) (extensions: 1)
2025-01-28 23:53:54,801 INFO c.h.h.t.HelmChartContainer - [hivemq-test-hivemq-platform] [hivemq-platform-operator] [7dfae362] 23:53:54.795 [ReconcilerExecutor-hivemq-controller-135] DEBUG c.h.p.o.HiveMQPlatformReconciler - [helmcont] StatefulSet Status (revision: test-hivemq-platform-579f489c45, replicas: 2, available: 1, ready: 1, current: 0, updated: 2)
2025-01-28 23:53:54,801 INFO c.h.h.t.HelmChartContainer - [hivemq-test-hivemq-platform] [hivemq-platform-operator] [7dfae362] 23:53:54.795 [ReconcilerExecutor-hivemq-controller-135] DEBUG c.h.p.o.HiveMQPlatformReconciler - [helmcont] StatefulSet Spec (replicas: 2, init containers: 1, containers: 1, volumes: 3)
2025-01-28 23:53:54,801 INFO c.h.h.t.HelmChartContainer - [hivemq-test-hivemq-platform] [hivemq-platform-operator] [7dfae362] 23:53:54.796 [ReconcilerExecutor-hivemq-controller-135] DEBUG c.h.p.o.h.HiveMQPlatformReconcilerErrorHandler - [helmcont] Pod 'test-hivemq-platform-1' phase Running
2025-01-28 23:53:54,860 INFO c.h.h.t.HelmChartContainer - [hivemq-test-hivemq-platform] [hivemq-platform-operator] [7dfae362] 23:53:54.858 [ReconcilerExecutor-hivemq-controller-135] DEBUG c.h.p.o.h.HiveMQPlatformReconcilerErrorHandler - [helmcont] Pod 'test-hivemq-platform-0' phase Pending
2025-01-28 23:53:54,861 INFO c.h.h.t.HelmChartContainer - [hivemq-test-hivemq-platform] [hivemq-platform-operator] [7dfae362] 23:53:54.859 [ReconcilerExecutor-hivemq-controller-135] DEBUG c.h.p.o.h.HiveMQPlatformReconcilerErrorHandler - [helmcont] Pod 'test-hivemq-platform-0' condition 'PodReadyToStartContainers': True
2025-01-28 23:53:54,861 INFO c.h.h.t.HelmChartContainer - [hivemq-test-hivemq-platform] [hivemq-platform-operator] [7dfae362] 23:53:54.859 [ReconcilerExecutor-hivemq-controller-135] DEBUG c.h.p.o.h.HiveMQPlatformReconcilerErrorHandler - [helmcont] Pod 'test-hivemq-platform-0' condition 'Initialized': True
2025-01-28 23:53:54,861 INFO c.h.h.t.HelmChartContainer - [hivemq-test-hivemq-platform] [hivemq-platform-operator] [7dfae362] 23:53:54.859 [ReconcilerExecutor-hivemq-controller-135] DEBUG c.h.p.o.h.HiveMQPlatformReconcilerErrorHandler - [helmcont] Pod 'test-hivemq-platform-0' condition 'Ready': False
2025-01-28 23:53:54,861 INFO c.h.h.t.HelmChartContainer - [hivemq-test-hivemq-platform] [hivemq-platform-operator] [7dfae362] 23:53:54.859 [ReconcilerExecutor-hivemq-controller-135] DEBUG c.h.p.o.h.HiveMQPlatformReconcilerErrorHandler - [helmcont] Pod 'test-hivemq-platform-0' condition 'ContainersReady': False
2025-01-28 23:53:54,861 INFO c.h.h.t.HelmChartContainer - [hivemq-test-hivemq-platform] [hivemq-platform-operator] [7dfae362] 23:53:54.859 [ReconcilerExecutor-hivemq-controller-135] DEBUG c.h.p.o.h.HiveMQPlatformReconcilerErrorHandler - [helmcont] Pod 'test-hivemq-platform-0' condition 'PodScheduled': True
2025-01-28 23:53:54,861 INFO c.h.h.t.HelmChartContainer - [hivemq-test-hivemq-platform] [hivemq-platform-operator] [7dfae362] 23:53:54.859 [ReconcilerExecutor-hivemq-controller-135] DEBUG c.h.p.o.h.HiveMQPlatformReconcilerErrorHandler - [helmcont] Pod 'test-hivemq-platform-0' containerStatus 'hivemq' (started: false) (ready: false) (waiting: [PodInitializing] null)
2025-01-28 23:53:54,861 INFO c.h.h.t.HelmChartContainer - [hivemq-test-hivemq-platform] [hivemq-platform-operator] [7dfae362] 23:53:54.860 [ReconcilerExecutor-hivemq-controller-135] DEBUG c.h.p.o.h.HiveMQPlatformReconcilerRollingRestartHandler - [helmcont] Rolling restart is waiting for 1 of 2 replicas
2025-01-28 23:53:55,497 INFO c.h.h.t.HelmChartContainer - [K3S] [kubelet_volumes.go:163] "Cleaned up orphaned pod volumes dir" podUID="af31bd0e-46a1-4401-bf78-96a2ff1b4dce" path="/var/lib/kubelet/pods/af31bd0e-46a1-4401-bf78-96a2ff1b4dce/volumes"
2025-01-28 23:53:55,775 INFO c.h.h.t.HelmChartContainer - [POD] test-hivemq-platform-0 [e76dc4a8-8926-4bdf-a0de-c74e24bd98df] in helmcontainersecuritycontextupgradeplatformit was MODIFIED
2025-01-28 23:53:55,781 INFO c.h.h.t.HelmChartContainer - [hivemq-test-hivemq-platform] [hivemq-platform-operator] [7dfae362] 23:53:55.777 [pool-6-thread-23] DEBUG c.h.p.o.d.PlatformServiceResource - [helmcont] Desired Platform services (3 services)
2025-01-28 23:53:55,788 INFO c.h.h.t.HelmChartContainer - [hivemq-test-hivemq-platform] [hivemq-platform-operator] [7dfae362] 23:53:55.781 [pool-6-thread-26] DEBUG c.h.p.o.dependants.PodInfoConfigMap - [helmcont] Desired PodInfo ConfigMap (1 extensions) (1 enabled)
2025-01-28 23:53:55,788 INFO c.h.h.t.HelmChartContainer - [hivemq-test-hivemq-platform] [hivemq-platform-operator] [7dfae362] 23:53:55.781 [pool-6-thread-26] DEBUG c.h.p.o.dependants.PodInfoConfigMap - [helmcont] Desired PodInfo ConfigMap (metrics port: 9399) (metrics path: /)
2025-01-28 23:53:55,788 INFO c.h.h.t.HelmChartContainer - [hivemq-test-hivemq-platform] [hivemq-platform-operator] [7dfae362] 23:53:55.781 [pool-6-thread-26] DEBUG c.h.p.o.dependants.PodInfoConfigMap - [helmcont] Desired PodInfo ConfigMap (extension state hash: -1817474005)
2025-01-28 23:53:55,788 INFO c.h.h.t.HelmChartContainer - [hivemq-test-hivemq-platform] [hivemq-platform-operator] [7dfae362] 23:53:55.787 [pool-6-thread-27] DEBUG c.h.p.o.d.PodServiceAccountResource - [helmcont] Desired PodServiceAccountResource (serviceAccountName: hivemq-platform-pod-test-hivemq-platform)
2025-01-28 23:53:55,792 INFO c.h.h.t.HelmChartContainer - [EVENT] Normal [Started] Started container hivemq [helmcontainersecuritycontextupgradeplatformit:test-hivemq-platform-0]
2025-01-28 23:53:55,792 INFO c.h.h.t.HelmChartContainer - Received Started event for container hivemq in pod test-hivemq-platform-0 [e76dc4a8-8926-4bdf-a0de-c74e24bd98df]
2025-01-28 23:53:55,792 INFO c.h.h.t.HelmChartContainer - Started log watcher for hivemq in pod test-hivemq-platform-0 [e76dc4a8-8926-4bdf-a0de-c74e24bd98df]
2025-01-28 23:53:55,792 INFO c.h.h.t.HelmChartContainer - [test-hivemq-platform] [hivemq] [e76dc4a8] Adding pre-installed HiveMQ Platform Operator extensions
2025-01-28 23:53:55,793 INFO c.h.h.t.HelmChartContainer - [test-hivemq-platform] [hivemq] [e76dc4a8] Running as user 0
2025-01-28 23:53:55,793 INFO c.h.h.t.HelmChartContainer - [test-hivemq-platform] [hivemq] [e76dc4a8] Starting HiveMQ Platform Operator Init
2025-01-28 23:53:55,796 INFO c.h.h.t.HelmChartContainer - [hivemq-test-hivemq-platform] [hivemq-platform-operator] [7dfae362] 23:53:55.795 [pool-6-thread-23] DEBUG c.h.p.o.d.StatefulSetResource - [helmcont] Desired StatefulSet (2 replicas) for status ROLLING_RESTART (RESTART_PODS_IN_PROGRESS)
2025-01-28 23:53:55,802 INFO c.h.h.t.HelmChartContainer - [hivemq-test-hivemq-platform] [hivemq-platform-operator] [7dfae362] 23:53:55.799 [ReconcilerExecutor-hivemq-controller-136] INFO  c.h.p.o.HiveMQPlatformReconciler - [helmcont] Reconciling HiveMQ Platform 'test-hivemq-platform' in namespace 'helmcontainersecuritycontextupgradeplatformit'
2025-01-28 23:53:55,802 INFO c.h.h.t.HelmChartContainer - [hivemq-test-hivemq-platform] [hivemq-platform-operator] [7dfae362] 23:53:55.799 [ReconcilerExecutor-hivemq-controller-136] DEBUG c.h.p.o.HiveMQPlatformReconciler - [helmcont] Custom Resource Status ROLLING_RESTART - HiveMQ Platform is restarting Pods (rolling restart) (RESTART_PODS_IN_PROGRESS)
2025-01-28 23:53:55,802 INFO c.h.h.t.HelmChartContainer - [hivemq-test-hivemq-platform] [hivemq-platform-operator] [7dfae362] 23:53:55.799 [ReconcilerExecutor-hivemq-controller-136] DEBUG c.h.p.o.HiveMQPlatformReconciler - [helmcont] Custom Resource Spec (replicas: 1) (extensions: 1)
2025-01-28 23:53:55,802 INFO c.h.h.t.HelmChartContainer - [hivemq-test-hivemq-platform] [hivemq-platform-operator] [7dfae362] 23:53:55.800 [ReconcilerExecutor-hivemq-controller-136] DEBUG c.h.p.o.HiveMQPlatformReconciler - [helmcont] StatefulSet Status (revision: test-hivemq-platform-579f489c45, replicas: 2, available: 1, ready: 1, current: 0, updated: 2)
2025-01-28 23:53:55,802 INFO c.h.h.t.HelmChartContainer - [hivemq-test-hivemq-platform] [hivemq-platform-operator] [7dfae362] 23:53:55.800 [ReconcilerExecutor-hivemq-controller-136] DEBUG c.h.p.o.HiveMQPlatformReconciler - [helmcont] StatefulSet Spec (replicas: 2, init containers: 1, containers: 1, volumes: 3)
2025-01-28 23:53:55,802 INFO c.h.h.t.HelmChartContainer - [hivemq-test-hivemq-platform] [hivemq-platform-operator] [7dfae362] 23:53:55.801 [ReconcilerExecutor-hivemq-controller-136] DEBUG c.h.p.o.h.HiveMQPlatformReconcilerErrorHandler - [helmcont] Pod 'test-hivemq-platform-1' phase Running
2025-01-28 23:53:55,859 INFO c.h.h.t.HelmChartContainer - [hivemq-test-hivemq-platform] [hivemq-platform-operator] [7dfae362] 23:53:55.858 [ReconcilerExecutor-hivemq-controller-136] DEBUG c.h.p.o.h.HiveMQPlatformReconcilerErrorHandler - [helmcont] Pod 'test-hivemq-platform-0' phase Running
2025-01-28 23:53:55,860 INFO c.h.h.t.HelmChartContainer - [hivemq-test-hivemq-platform] [hivemq-platform-operator] [7dfae362] 23:53:55.859 [ReconcilerExecutor-hivemq-controller-136] DEBUG c.h.p.o.h.HiveMQPlatformReconcilerRollingRestartHandler - [helmcont] Rolling restart is waiting for 1 of 2 replicas
2025-01-28 23:53:56,114 INFO c.h.h.t.HelmChartContainer - [test-hivemq-platform] [hivemq] [e76dc4a8] INFO  - [HiveMQ Platform Operator Init 1.7.0-SNAPSHOT] HiveMQ Platform Operator Init 1.7.0-SNAPSHOT (commit: bebf408 on branch: HEAD) built on Sun Jan 26 20:47:47 UTC 2025
2025-01-28 23:53:57,231 INFO c.h.h.t.HelmChartContainer - [test-hivemq-platform] [hivemq] [e76dc4a8] INFO  - [HiveMQ Platform Operator Init App 1.7.0-SNAPSHOT] Using bind address 10.42.0.8 from environment variable
2025-01-28 23:53:58,156 INFO c.h.h.t.HelmChartContainer - [test-hivemq-platform] [hivemq] [e76dc4a8] INFO  - [HiveMQ Platform Operator Init App 1.7.0-SNAPSHOT] HiveMQ Platform Operator Init App 1.7.0-SNAPSHOT (commit: bebf408 on branch: HEAD) built on Sun Jan 26 20:47:47 UTC 2025
2025-01-28 23:53:58,156 INFO c.h.h.t.HelmChartContainer - [test-hivemq-platform] [hivemq] [e76dc4a8] INFO  - [HiveMQ Platform Operator Init App 1.7.0-SNAPSHOT] PodInfo ConfigMap directory: /etc/podinfo
2025-01-28 23:53:58,156 INFO c.h.h.t.HelmChartContainer - [test-hivemq-platform] [hivemq] [e76dc4a8] INFO  - [HiveMQ Platform Operator Init App 1.7.0-SNAPSHOT] HiveMQ home directory: /opt/hivemq
2025-01-28 23:53:58,156 INFO c.h.h.t.HelmChartContainer - [test-hivemq-platform] [hivemq] [e76dc4a8] INFO  - [HiveMQ Platform Operator Init App 1.7.0-SNAPSHOT] HiveMQ Logback folder: /opt/hivemq/conf
2025-01-28 23:53:58,156 INFO c.h.h.t.HelmChartContainer - [test-hivemq-platform] [hivemq] [e76dc4a8] INFO  - [HiveMQ Platform Operator Init App 1.7.0-SNAPSHOT] HiveMQ Config folder: /opt/hivemq/conf-k8s
2025-01-28 23:53:58,157 INFO c.h.h.t.HelmChartContainer - [test-hivemq-platform] [hivemq] [e76dc4a8] INFO  - [HiveMQ Platform Operator Init App 1.7.0-SNAPSHOT] Starting HiveMQ Platform Operator Init App
2025-01-28 23:53:58,157 INFO c.h.h.t.HelmChartContainer - [test-hivemq-platform] [hivemq] [e76dc4a8] INFO  - [HiveMQ Platform Operator Init App 1.7.0-SNAPSHOT] Starting Pod reconciler
2025-01-28 23:53:59,256 INFO c.h.h.t.HelmChartContainer - [test-hivemq-platform] [hivemq] [e76dc4a8] INFO  - [HiveMQ Platform Operator Init App 1.7.0-SNAPSHOT] Pod reconciler is scheduled (interval: 5000 ms)
2025-01-28 23:53:59,257 INFO c.h.h.t.HelmChartContainer - [test-hivemq-platform] [hivemq] [e76dc4a8] INFO  - [HiveMQ Platform Operator Init App 1.7.0-SNAPSHOT] Starting the REST API on 10.42.0.8:7979
2025-01-28 23:53:59,259 INFO c.h.h.t.HelmChartContainer - [test-hivemq-platform] [hivemq] [e76dc4a8] INFO  - [HiveMQ Platform Operator Init App 1.7.0-SNAPSHOT] Waiting up to 600s for at most 2 HiveMQ nodes in cluster service hivemq-test-hivemq-platform-cluster.helmcontainersecuritycontextupgradeplatformit.svc
2025-01-28 23:53:59,618 INFO c.h.h.t.HelmChartContainer - [test-hivemq-platform] [hivemq] [e76dc4a8] INFO  - [HiveMQ Platform Operator Init App 1.7.0-SNAPSHOT] Resolved 2 IP addresses: [10.42.0.7, 10.42.0.8]
2025-01-28 23:53:59,618 INFO c.h.h.t.HelmChartContainer - [test-hivemq-platform] [hivemq] [e76dc4a8] INFO  - [HiveMQ Platform Operator Init App 1.7.0-SNAPSHOT] HiveMQ node count of 2 is within threshold of 2
2025-01-28 23:53:59,618 INFO c.h.h.t.HelmChartContainer - [test-hivemq-platform] [hivemq] [e76dc4a8] INFO  - [HiveMQ Platform Operator Init App 1.7.0-SNAPSHOT] Waiting 15s for previous shutdown replication to finish...
2025-01-28 23:54:01,770 INFO c.h.h.t.HelmChartContainer - [test-hivemq-platform] [hivemq] [e76dc4a8] INFO  - [HiveMQ Platform Operator Init App 1.7.0-SNAPSHOT] Returning default Health API response 503 for readiness
2025-01-28 23:54:01,876 INFO c.h.h.t.HelmChartContainer - [EVENT] Warning [Unhealthy] Readiness probe failed: HTTP probe failed with statuscode: 503 [helmcontainersecuritycontextupgradeplatformit:test-hivemq-platform-0]
2025-01-28 23:54:01,876 INFO c.h.h.t.HelmChartContainer - Received Unhealthy event for container hivemq in pod test-hivemq-platform-0 [e76dc4a8-8926-4bdf-a0de-c74e24bd98df]
2025-01-28 23:54:05,865 INFO c.h.h.t.HelmChartContainer - [hivemq-test-hivemq-platform] [hivemq-platform-operator] [7dfae362] 23:54:05.861 [pool-6-thread-39] DEBUG c.h.p.o.d.PlatformServiceResource - [helmcont] Desired Platform services (3 services)
2025-01-28 23:54:05,868 INFO c.h.h.t.HelmChartContainer - [hivemq-test-hivemq-platform] [hivemq-platform-operator] [7dfae362] 23:54:05.865 [pool-6-thread-40] DEBUG c.h.p.o.d.PodServiceAccountResource - [helmcont] Desired PodServiceAccountResource (serviceAccountName: hivemq-platform-pod-test-hivemq-platform)
2025-01-28 23:54:05,868 INFO c.h.h.t.HelmChartContainer - [hivemq-test-hivemq-platform] [hivemq-platform-operator] [7dfae362] 23:54:05.863 [pool-6-thread-31] DEBUG c.h.p.o.dependants.PodInfoConfigMap - [helmcont] Desired PodInfo ConfigMap (1 extensions) (1 enabled)
2025-01-28 23:54:05,868 INFO c.h.h.t.HelmChartContainer - [hivemq-test-hivemq-platform] [hivemq-platform-operator] [7dfae362] 23:54:05.866 [pool-6-thread-31] DEBUG c.h.p.o.dependants.PodInfoConfigMap - [helmcont] Desired PodInfo ConfigMap (metrics port: 9399) (metrics path: /)
2025-01-28 23:54:05,868 INFO c.h.h.t.HelmChartContainer - [hivemq-test-hivemq-platform] [hivemq-platform-operator] [7dfae362] 23:54:05.866 [pool-6-thread-31] DEBUG c.h.p.o.dependants.PodInfoConfigMap - [helmcont] Desired PodInfo ConfigMap (extension state hash: -1817474005)
2025-01-28 23:54:05,875 INFO c.h.h.t.HelmChartContainer - [hivemq-test-hivemq-platform] [hivemq-platform-operator] [7dfae362] 23:54:05.874 [pool-6-thread-40] DEBUG c.h.p.o.d.StatefulSetResource - [helmcont] Desired StatefulSet (2 replicas) for status ROLLING_RESTART (RESTART_PODS_IN_PROGRESS)
2025-01-28 23:54:05,877 INFO c.h.h.t.HelmChartContainer - [hivemq-test-hivemq-platform] [hivemq-platform-operator] [7dfae362] 23:54:05.877 [ReconcilerExecutor-hivemq-controller-137] INFO  c.h.p.o.HiveMQPlatformReconciler - [helmcont] Reconciling HiveMQ Platform 'test-hivemq-platform' in namespace 'helmcontainersecuritycontextupgradeplatformit'
2025-01-28 23:54:05,877 INFO c.h.h.t.HelmChartContainer - [hivemq-test-hivemq-platform] [hivemq-platform-operator] [7dfae362] 23:54:05.877 [ReconcilerExecutor-hivemq-controller-137] DEBUG c.h.p.o.HiveMQPlatformReconciler - [helmcont] Custom Resource Status ROLLING_RESTART - HiveMQ Platform is restarting Pods (rolling restart) (RESTART_PODS_IN_PROGRESS)
2025-01-28 23:54:05,878 INFO c.h.h.t.HelmChartContainer - [hivemq-test-hivemq-platform] [hivemq-platform-operator] [7dfae362] 23:54:05.877 [ReconcilerExecutor-hivemq-controller-137] DEBUG c.h.p.o.HiveMQPlatformReconciler - [helmcont] Custom Resource Spec (replicas: 1) (extensions: 1)
2025-01-28 23:54:05,879 INFO c.h.h.t.HelmChartContainer - [hivemq-test-hivemq-platform] [hivemq-platform-operator] [7dfae362] 23:54:05.878 [ReconcilerExecutor-hivemq-controller-137] DEBUG c.h.p.o.HiveMQPlatformReconciler - [helmcont] StatefulSet Status (revision: test-hivemq-platform-579f489c45, replicas: 2, available: 1, ready: 1, current: 0, updated: 2)
2025-01-28 23:54:05,879 INFO c.h.h.t.HelmChartContainer - [hivemq-test-hivemq-platform] [hivemq-platform-operator] [7dfae362] 23:54:05.878 [ReconcilerExecutor-hivemq-controller-137] DEBUG c.h.p.o.HiveMQPlatformReconciler - [helmcont] StatefulSet Spec (replicas: 2, init containers: 1, containers: 1, volumes: 3)
2025-01-28 23:54:05,882 INFO c.h.h.t.HelmChartContainer - [hivemq-test-hivemq-platform] [hivemq-platform-operator] [7dfae362] 23:54:05.880 [ReconcilerExecutor-hivemq-controller-137] DEBUG c.h.p.o.h.HiveMQPlatformReconcilerErrorHandler - [helmcont] Pod 'test-hivemq-platform-1' phase Running
2025-01-28 23:54:05,885 INFO c.h.h.t.HelmChartContainer - [hivemq-test-hivemq-platform] [hivemq-platform-operator] [7dfae362] 23:54:05.882 [ReconcilerExecutor-hivemq-controller-137] DEBUG c.h.p.o.h.HiveMQPlatformReconcilerErrorHandler - [helmcont] Pod 'test-hivemq-platform-0' phase Running
2025-01-28 23:54:05,885 INFO c.h.h.t.HelmChartContainer - [hivemq-test-hivemq-platform] [hivemq-platform-operator] [7dfae362] 23:54:05.883 [ReconcilerExecutor-hivemq-controller-137] DEBUG c.h.p.o.h.HiveMQPlatformReconcilerRollingRestartHandler - [helmcont] Rolling restart is waiting for 1 of 2 replicas
2025-01-28 23:54:06,751 INFO c.h.h.t.HelmChartContainer - [test-hivemq-platform] [hivemq] [e76dc4a8] INFO  - [HiveMQ Platform Operator Init App 1.7.0-SNAPSHOT] Updating Pod HiveMQ Platform Operator Init App version annotation (version: 1.7.0-SNAPSHOT)
2025-01-28 23:54:06,768 INFO c.h.h.t.HelmChartContainer - [EVENT] Warning [Unhealthy] Readiness probe failed: HTTP probe failed with statuscode: 503 [helmcontainersecuritycontextupgradeplatformit:test-hivemq-platform-0]
2025-01-28 23:54:06,768 INFO c.h.h.t.HelmChartContainer - Received Unhealthy event for container hivemq in pod test-hivemq-platform-0 [e76dc4a8-8926-4bdf-a0de-c74e24bd98df]
2025-01-28 23:54:07,072 INFO c.h.h.t.HelmChartContainer - [POD] test-hivemq-platform-0 [e76dc4a8-8926-4bdf-a0de-c74e24bd98df] in helmcontainersecuritycontextupgradeplatformit was MODIFIED
2025-01-28 23:54:07,073 INFO c.h.h.t.HelmChartContainer - [EVENT] Warning [Unhealthy] Readiness probe failed: HTTP probe failed with statuscode: 503 [helmcontainersecuritycontextupgradeplatformit:test-hivemq-platform-0]
2025-01-28 23:54:07,073 INFO c.h.h.t.HelmChartContainer - Received Unhealthy event for container hivemq in pod test-hivemq-platform-0 [e76dc4a8-8926-4bdf-a0de-c74e24bd98df]
2025-01-28 23:54:07,076 INFO c.h.h.t.HelmChartContainer - [test-hivemq-platform] [hivemq] [e76dc4a8] INFO  - [HiveMQ Platform Operator Init App 1.7.0-SNAPSHOT] Successfully updated Pod HiveMQ Platform Operator Init App version annotation (version: 1.7.0-SNAPSHOT)
2025-01-28 23:54:07,080 INFO c.h.h.t.HelmChartContainer - [hivemq-test-hivemq-platform] [hivemq-platform-operator] [7dfae362] 23:54:07.078 [pool-6-thread-50] DEBUG c.h.p.o.d.PlatformServiceResource - [helmcont] Desired Platform services (3 services)
2025-01-28 23:54:07,081 INFO c.h.h.t.HelmChartContainer - [hivemq-test-hivemq-platform] [hivemq-platform-operator] [7dfae362] 23:54:07.079 [pool-6-thread-44] DEBUG c.h.p.o.d.PodServiceAccountResource - [helmcont] Desired PodServiceAccountResource (serviceAccountName: hivemq-platform-pod-test-hivemq-platform)
2025-01-28 23:54:07,082 INFO c.h.h.t.HelmChartContainer - [hivemq-test-hivemq-platform] [hivemq-platform-operator] [7dfae362] 23:54:07.079 [pool-6-thread-49] DEBUG c.h.p.o.dependants.PodInfoConfigMap - [helmcont] Desired PodInfo ConfigMap (1 extensions) (1 enabled)
2025-01-28 23:54:07,082 INFO c.h.h.t.HelmChartContainer - [hivemq-test-hivemq-platform] [hivemq-platform-operator] [7dfae362] 23:54:07.080 [pool-6-thread-49] DEBUG c.h.p.o.dependants.PodInfoConfigMap - [helmcont] Desired PodInfo ConfigMap (metrics port: 9399) (metrics path: /)
2025-01-28 23:54:07,082 INFO c.h.h.t.HelmChartContainer - [hivemq-test-hivemq-platform] [hivemq-platform-operator] [7dfae362] 23:54:07.080 [pool-6-thread-49] DEBUG c.h.p.o.dependants.PodInfoConfigMap - [helmcont] Desired PodInfo ConfigMap (extension state hash: -1817474005)
2025-01-28 23:54:07,084 INFO c.h.h.t.HelmChartContainer - [hivemq-test-hivemq-platform] [hivemq-platform-operator] [7dfae362] 23:54:07.082 [pool-6-thread-50] DEBUG c.h.p.o.d.StatefulSetResource - [helmcont] Desired StatefulSet (2 replicas) for status ROLLING_RESTART (RESTART_PODS_IN_PROGRESS)
2025-01-28 23:54:07,086 INFO c.h.h.t.HelmChartContainer - [hivemq-test-hivemq-platform] [hivemq-platform-operator] [7dfae362] 23:54:07.084 [ReconcilerExecutor-hivemq-controller-138] INFO  c.h.p.o.HiveMQPlatformReconciler - [helmcont] Reconciling HiveMQ Platform 'test-hivemq-platform' in namespace 'helmcontainersecuritycontextupgradeplatformit'
2025-01-28 23:54:07,086 INFO c.h.h.t.HelmChartContainer - [hivemq-test-hivemq-platform] [hivemq-platform-operator] [7dfae362] 23:54:07.084 [ReconcilerExecutor-hivemq-controller-138] DEBUG c.h.p.o.HiveMQPlatformReconciler - [helmcont] Custom Resource Status ROLLING_RESTART - HiveMQ Platform is restarting Pods (rolling restart) (RESTART_PODS_IN_PROGRESS)
2025-01-28 23:54:07,087 INFO c.h.h.t.HelmChartContainer - [hivemq-test-hivemq-platform] [hivemq-platform-operator] [7dfae362] 23:54:07.084 [ReconcilerExecutor-hivemq-controller-138] DEBUG c.h.p.o.HiveMQPlatformReconciler - [helmcont] Custom Resource Spec (replicas: 1) (extensions: 1)
2025-01-28 23:54:07,087 INFO c.h.h.t.HelmChartContainer - [hivemq-test-hivemq-platform] [hivemq-platform-operator] [7dfae362] 23:54:07.087 [ReconcilerExecutor-hivemq-controller-138] DEBUG c.h.p.o.HiveMQPlatformReconciler - [helmcont] StatefulSet Status (revision: test-hivemq-platform-579f489c45, replicas: 2, available: 1, ready: 1, current: 0, updated: 2)
2025-01-28 23:54:07,087 INFO c.h.h.t.HelmChartContainer - [hivemq-test-hivemq-platform] [hivemq-platform-operator] [7dfae362] 23:54:07.087 [ReconcilerExecutor-hivemq-controller-138] DEBUG c.h.p.o.HiveMQPlatformReconciler - [helmcont] StatefulSet Spec (replicas: 2, init containers: 1, containers: 1, volumes: 3)
2025-01-28 23:54:07,088 INFO c.h.h.t.HelmChartContainer - [hivemq-test-hivemq-platform] [hivemq-platform-operator] [7dfae362] 23:54:07.088 [ReconcilerExecutor-hivemq-controller-138] DEBUG c.h.p.o.h.HiveMQPlatformReconcilerErrorHandler - [helmcont] Pod 'test-hivemq-platform-1' phase Running
2025-01-28 23:54:07,090 INFO c.h.h.t.HelmChartContainer - [hivemq-test-hivemq-platform] [hivemq-platform-operator] [7dfae362] 23:54:07.089 [ReconcilerExecutor-hivemq-controller-138] DEBUG c.h.p.o.h.HiveMQPlatformReconcilerErrorHandler - [helmcont] Pod 'test-hivemq-platform-0' phase Running
2025-01-28 23:54:07,090 INFO c.h.h.t.HelmChartContainer - [hivemq-test-hivemq-platform] [hivemq-platform-operator] [7dfae362] 23:54:07.089 [ReconcilerExecutor-hivemq-controller-138] DEBUG c.h.p.o.h.HiveMQPlatformReconcilerRollingRestartHandler - [helmcont] Rolling restart is waiting for 1 of 2 replicas
2025-01-28 23:54:12,073 INFO c.h.h.t.HelmChartContainer - [EVENT] Warning [Unhealthy] Readiness probe failed: HTTP probe failed with statuscode: 503 [helmcontainersecuritycontextupgradeplatformit:test-hivemq-platform-0]
2025-01-28 23:54:12,073 INFO c.h.h.t.HelmChartContainer - Received Unhealthy event for container hivemq in pod test-hivemq-platform-0 [e76dc4a8-8926-4bdf-a0de-c74e24bd98df]
2025-01-28 23:54:14,619 INFO c.h.h.t.HelmChartContainer - [test-hivemq-platform] [hivemq] [e76dc4a8] INFO  - [HiveMQ Platform Operator Init App 1.7.0-SNAPSHOT] Proceeding with container start
2025-01-28 23:54:14,622 INFO c.h.h.t.HelmChartContainer - [test-hivemq-platform] [hivemq] [e76dc4a8] INFO  - [HiveMQ Platform Operator Init App 1.7.0-SNAPSHOT] Initializing HiveMQ Platform extensions with initial configuration: {hivemq-allow-all-extension={start-priority=-1, skip-https-hostname-verification=false, restart=true, config-version=0, header-version=0, c-uri=, priority=-1, uri=preinstalled, skip-https-certificate-validation=false, enabled=true}, hivemq-prometheus-extension={priority=-1, start-priority=-1, c-uri=, skip-https-hostname-verification=false, skip-https-certificate-validation=false, uri=preinstalled, request-header-path=no-request-headers, enabled=true, restart=true}}
2025-01-28 23:54:15,021 INFO c.h.h.t.HelmChartContainer - [test-hivemq-platform] [hivemq] [e76dc4a8] INFO  - [HiveMQ Platform Operator Init App 1.7.0-SNAPSHOT] Extension hivemq-allow-all-extension was already enabled
2025-01-28 23:54:15,029 INFO c.h.h.t.HelmChartContainer - [test-hivemq-platform] [hivemq] [e76dc4a8] INFO  - [HiveMQ Platform Operator Init App 1.7.0-SNAPSHOT] Successfully enabled extension hivemq-prometheus-extension
2025-01-28 23:54:15,030 INFO c.h.h.t.HelmChartContainer - [test-hivemq-platform] [hivemq] [e76dc4a8] INFO  - [HiveMQ Platform Operator Init App 1.7.0-SNAPSHOT] Starting HiveMQ Platform version 4.36.0 (4.36.0)
2025-01-28 23:54:15,031 INFO c.h.h.t.HelmChartContainer - [test-hivemq-platform] [hivemq] [e76dc4a8] INFO  - [HiveMQ Platform Operator Init App 1.7.0-SNAPSHOT] Configuring the HiveMQ Platform
2025-01-28 23:54:15,115 INFO c.h.h.t.HelmChartContainer - [test-hivemq-platform] [hivemq] [e76dc4a8] INFO  - [HiveMQ Platform Operator Init App 1.7.0-SNAPSHOT] Changed logback.xml file scan period to 20 seconds
2025-01-28 23:54:15,124 INFO c.h.h.t.HelmChartContainer - [test-hivemq-platform] [hivemq] [e76dc4a8] INFO  - [HiveMQ Platform Operator Init App 1.7.0-SNAPSHOT] Starting the HiveMQ Platform
2025-01-28 23:54:15,210 INFO c.h.h.t.HelmChartContainer - [test-hivemq-platform] [hivemq] [e76dc4a8] -------------------------------------------------------------------------
2025-01-28 23:54:15,210 INFO c.h.h.t.HelmChartContainer - [test-hivemq-platform] [hivemq] [e76dc4a8] 
2025-01-28 23:54:15,210 INFO c.h.h.t.HelmChartContainer - [test-hivemq-platform] [hivemq] [e76dc4a8]                   _    _  _              __  __   ____
2025-01-28 23:54:15,210 INFO c.h.h.t.HelmChartContainer - [test-hivemq-platform] [hivemq] [e76dc4a8]                  | |  | |(_)            |  \/  | / __ \
2025-01-28 23:54:15,210 INFO c.h.h.t.HelmChartContainer - [test-hivemq-platform] [hivemq] [e76dc4a8]                  | |__| | _ __   __ ___ | \  / || |  | |
2025-01-28 23:54:15,210 INFO c.h.h.t.HelmChartContainer - [test-hivemq-platform] [hivemq] [e76dc4a8]                  |  __  || |\ \ / // _ \| |\/| || |  | |
2025-01-28 23:54:15,210 INFO c.h.h.t.HelmChartContainer - [test-hivemq-platform] [hivemq] [e76dc4a8]                  | |  | || | \ V /|  __/| |  | || |__| |
2025-01-28 23:54:15,210 INFO c.h.h.t.HelmChartContainer - [test-hivemq-platform] [hivemq] [e76dc4a8]                  |_|  |_||_|  \_/  \___||_|  |_| \___\_\
2025-01-28 23:54:15,210 INFO c.h.h.t.HelmChartContainer - [test-hivemq-platform] [hivemq] [e76dc4a8] 
2025-01-28 23:54:15,210 INFO c.h.h.t.HelmChartContainer - [test-hivemq-platform] [hivemq] [e76dc4a8] -------------------------------------------------------------------------
2025-01-28 23:54:15,210 INFO c.h.h.t.HelmChartContainer - [test-hivemq-platform] [hivemq] [e76dc4a8] 
2025-01-28 23:54:15,210 INFO c.h.h.t.HelmChartContainer - [test-hivemq-platform] [hivemq] [e76dc4a8]   HiveMQ Start Script for Linux/Unix v1.14
2025-01-28 23:54:15,210 INFO c.h.h.t.HelmChartContainer - [test-hivemq-platform] [hivemq] [e76dc4a8] 
2025-01-28 23:54:15,313 INFO c.h.h.t.HelmChartContainer - [test-hivemq-platform] [hivemq] [e76dc4a8] -------------------------------------------------------------------------
2025-01-28 23:54:15,313 INFO c.h.h.t.HelmChartContainer - [test-hivemq-platform] [hivemq] [e76dc4a8] 
2025-01-28 23:54:15,313 INFO c.h.h.t.HelmChartContainer - [test-hivemq-platform] [hivemq] [e76dc4a8]   HIVEMQ_HOME: /opt/hivemq
2025-01-28 23:54:15,313 INFO c.h.h.t.HelmChartContainer - [test-hivemq-platform] [hivemq] [e76dc4a8] 
2025-01-28 23:54:15,313 INFO c.h.h.t.HelmChartContainer - [test-hivemq-platform] [hivemq] [e76dc4a8]   JAVA_OPTS: -XX:+UnlockExperimentalVMOptions -XX:InitialRAMPercentage=50 -XX:MaxRAMPercentage=50 -Djava.net.preferIPv4Stack=true --add-opens java.base/java.lang=ALL-UNNAMED --add-opens java.base/java.nio=ALL-UNNAMED --add-opens java.base/sun.nio.ch=ALL-UNNAMED --add-opens jdk.management/com.sun.management.internal=ALL-UNNAMED --add-exports java.base/jdk.internal.misc=ALL-UNNAMED -Djava.security.egd=file:/dev/./urandom -Dcom.sun.management.jmxremote -Dcom.sun.management.jmxremote.port=9010 -Dcom.sun.management.jmxremote.local.only=false -Dcom.sun.management.jmxremote.authenticate=false -Dcom.sun.management.jmxremote.ssl=false -Duser.language=en -Duser.region=US -XX:+CrashOnOutOfMemoryError -XX:+HeapDumpOnOutOfMemoryError
2025-01-28 23:54:15,313 INFO c.h.h.t.HelmChartContainer - [test-hivemq-platform] [hivemq] [e76dc4a8] 
2025-01-28 23:54:15,313 INFO c.h.h.t.HelmChartContainer - [test-hivemq-platform] [hivemq] [e76dc4a8]   JAVA_VERSION: 21
2025-01-28 23:54:15,313 INFO c.h.h.t.HelmChartContainer - [test-hivemq-platform] [hivemq] [e76dc4a8] 
2025-01-28 23:54:15,313 INFO c.h.h.t.HelmChartContainer - [test-hivemq-platform] [hivemq] [e76dc4a8] -------------------------------------------------------------------------
2025-01-28 23:54:15,313 INFO c.h.h.t.HelmChartContainer - [test-hivemq-platform] [hivemq] [e76dc4a8] 
2025-01-28 23:54:17,093 INFO c.h.h.t.HelmChartContainer - [hivemq-test-hivemq-platform] [hivemq-platform-operator] [7dfae362] 23:54:17.091 [pool-6-thread-4] DEBUG c.h.p.o.d.PlatformServiceResource - [helmcont] Desired Platform services (3 services)
2025-01-28 23:54:17,094 INFO c.h.h.t.HelmChartContainer - [hivemq-test-hivemq-platform] [hivemq-platform-operator] [7dfae362] 23:54:17.092 [pool-6-thread-10] DEBUG c.h.p.o.d.PodServiceAccountResource - [helmcont] Desired PodServiceAccountResource (serviceAccountName: hivemq-platform-pod-test-hivemq-platform)
2025-01-28 23:54:17,094 INFO c.h.h.t.HelmChartContainer - [hivemq-test-hivemq-platform] [hivemq-platform-operator] [7dfae362] 23:54:17.093 [pool-6-thread-9] DEBUG c.h.p.o.dependants.PodInfoConfigMap - [helmcont] Desired PodInfo ConfigMap (1 extensions) (1 enabled)
2025-01-28 23:54:17,094 INFO c.h.h.t.HelmChartContainer - [hivemq-test-hivemq-platform] [hivemq-platform-operator] [7dfae362] 23:54:17.093 [pool-6-thread-9] DEBUG c.h.p.o.dependants.PodInfoConfigMap - [helmcont] Desired PodInfo ConfigMap (metrics port: 9399) (metrics path: /)
2025-01-28 23:54:17,094 INFO c.h.h.t.HelmChartContainer - [hivemq-test-hivemq-platform] [hivemq-platform-operator] [7dfae362] 23:54:17.093 [pool-6-thread-9] DEBUG c.h.p.o.dependants.PodInfoConfigMap - [helmcont] Desired PodInfo ConfigMap (extension state hash: -1817474005)
2025-01-28 23:54:17,098 INFO c.h.h.t.HelmChartContainer - [hivemq-test-hivemq-platform] [hivemq-platform-operator] [7dfae362] 23:54:17.097 [pool-6-thread-4] DEBUG c.h.p.o.d.StatefulSetResource - [helmcont] Desired StatefulSet (2 replicas) for status ROLLING_RESTART (RESTART_PODS_IN_PROGRESS)
2025-01-28 23:54:17,101 INFO c.h.h.t.HelmChartContainer - [hivemq-test-hivemq-platform] [hivemq-platform-operator] [7dfae362] 23:54:17.099 [ReconcilerExecutor-hivemq-controller-139] INFO  c.h.p.o.HiveMQPlatformReconciler - [helmcont] Reconciling HiveMQ Platform 'test-hivemq-platform' in namespace 'helmcontainersecuritycontextupgradeplatformit'
2025-01-28 23:54:17,102 INFO c.h.h.t.HelmChartContainer - [hivemq-test-hivemq-platform] [hivemq-platform-operator] [7dfae362] 23:54:17.100 [ReconcilerExecutor-hivemq-controller-139] DEBUG c.h.p.o.HiveMQPlatformReconciler - [helmcont] Custom Resource Status ROLLING_RESTART - HiveMQ Platform is restarting Pods (rolling restart) (RESTART_PODS_IN_PROGRESS)
2025-01-28 23:54:17,102 INFO c.h.h.t.HelmChartContainer - [hivemq-test-hivemq-platform] [hivemq-platform-operator] [7dfae362] 23:54:17.100 [ReconcilerExecutor-hivemq-controller-139] DEBUG c.h.p.o.HiveMQPlatformReconciler - [helmcont] Custom Resource Spec (replicas: 1) (extensions: 1)
2025-01-28 23:54:17,102 INFO c.h.h.t.HelmChartContainer - [hivemq-test-hivemq-platform] [hivemq-platform-operator] [7dfae362] 23:54:17.101 [ReconcilerExecutor-hivemq-controller-139] DEBUG c.h.p.o.HiveMQPlatformReconciler - [helmcont] StatefulSet Status (revision: test-hivemq-platform-579f489c45, replicas: 2, available: 1, ready: 1, current: 0, updated: 2)
2025-01-28 23:54:17,102 INFO c.h.h.t.HelmChartContainer - [hivemq-test-hivemq-platform] [hivemq-platform-operator] [7dfae362] 23:54:17.101 [ReconcilerExecutor-hivemq-controller-139] DEBUG c.h.p.o.HiveMQPlatformReconciler - [helmcont] StatefulSet Spec (replicas: 2, init containers: 1, containers: 1, volumes: 3)
2025-01-28 23:54:17,103 INFO c.h.h.t.HelmChartContainer - [hivemq-test-hivemq-platform] [hivemq-platform-operator] [7dfae362] 23:54:17.102 [ReconcilerExecutor-hivemq-controller-139] DEBUG c.h.p.o.h.HiveMQPlatformReconcilerErrorHandler - [helmcont] Pod 'test-hivemq-platform-1' phase Running
2025-01-28 23:54:17,104 INFO c.h.h.t.HelmChartContainer - [hivemq-test-hivemq-platform] [hivemq-platform-operator] [7dfae362] 23:54:17.103 [ReconcilerExecutor-hivemq-controller-139] DEBUG c.h.p.o.h.HiveMQPlatformReconcilerErrorHandler - [helmcont] Pod 'test-hivemq-platform-0' phase Running
2025-01-28 23:54:17,104 INFO c.h.h.t.HelmChartContainer - [hivemq-test-hivemq-platform] [hivemq-platform-operator] [7dfae362] 23:54:17.103 [ReconcilerExecutor-hivemq-controller-139] DEBUG c.h.p.o.h.HiveMQPlatformReconcilerRollingRestartHandler - [helmcont] Rolling restart is waiting for 1 of 2 replicas
2025-01-28 23:54:17,122 INFO c.h.h.t.HelmChartContainer - [EVENT] Warning [Unhealthy] Readiness probe failed: HTTP probe failed with statuscode: 503 [helmcontainersecuritycontextupgradeplatformit:test-hivemq-platform-0]
2025-01-28 23:54:17,122 INFO c.h.h.t.HelmChartContainer - Received Unhealthy event for container hivemq in pod test-hivemq-platform-0 [e76dc4a8-8926-4bdf-a0de-c74e24bd98df]
2025-01-28 23:54:17,814 INFO c.h.h.t.HelmChartContainer - [test-hivemq-platform] [hivemq] [e76dc4a8] INFO  - Starting HiveMQ Enterprise Server
2025-01-28 23:54:17,819 INFO c.h.h.t.HelmChartContainer - [test-hivemq-platform] [hivemq] [e76dc4a8] INFO  - HiveMQ version: 4.36.0
2025-01-28 23:54:17,820 INFO c.h.h.t.HelmChartContainer - [test-hivemq-platform] [hivemq] [e76dc4a8] INFO  - HiveMQ home directory: /opt/hivemq
2025-01-28 23:54:17,820 INFO c.h.h.t.HelmChartContainer - [test-hivemq-platform] [hivemq] [e76dc4a8] INFO  - Log Configuration was overridden by /opt/hivemq/conf/logback.xml
2025-01-28 23:54:18,951 INFO c.h.h.t.HelmChartContainer - [test-hivemq-platform] [hivemq] [e76dc4a8] INFO  - Successfully loaded configuration from '/opt/hivemq/conf-k8s/config.xml'.
2025-01-28 23:54:19,228 INFO c.h.h.t.HelmChartContainer - [test-hivemq-platform] [hivemq] [e76dc4a8] INFO  - This node's ID is VqXIB
2025-01-28 23:54:19,228 INFO c.h.h.t.HelmChartContainer - [test-hivemq-platform] [hivemq] [e76dc4a8] INFO  - Clustering is enabled
2025-01-28 23:54:22,321 INFO c.h.h.t.HelmChartContainer - [test-hivemq-platform] [hivemq] [e76dc4a8] WARN  - [HiveMQ Platform Operator Init App 1.7.0-SNAPSHOT] Cannot connect to Health API for readiness: null
2025-01-28 23:54:22,325 INFO c.h.h.t.HelmChartContainer - [EVENT] Warning [Unhealthy] Readiness probe failed: HTTP probe failed with statuscode: 503 [helmcontainersecuritycontextupgradeplatformit:test-hivemq-platform-0]
2025-01-28 23:54:22,325 INFO c.h.h.t.HelmChartContainer - Received Unhealthy event for container hivemq in pod test-hivemq-platform-0 [e76dc4a8-8926-4bdf-a0de-c74e24bd98df]
2025-01-28 23:54:24,121 INFO c.h.h.t.HelmChartContainer - [test-hivemq-platform] [hivemq] [e76dc4a8] WARN  - [HiveMQ Platform Operator Init App 1.7.0-SNAPSHOT] Cannot connect to Health API for liveness: null
2025-01-28 23:54:24,122 INFO c.h.h.t.HelmChartContainer - [test-hivemq-platform] [hivemq] [e76dc4a8] INFO  - [HiveMQ Platform Operator Init App 1.7.0-SNAPSHOT] Returning default Health API response 200 for liveness
2025-01-28 23:54:27,114 INFO c.h.h.t.HelmChartContainer - [hivemq-test-hivemq-platform] [hivemq-platform-operator] [7dfae362] 23:54:27.107 [pool-6-thread-18] DEBUG c.h.p.o.d.PlatformServiceResource - [helmcont] Desired Platform services (3 services)
2025-01-28 23:54:27,114 INFO c.h.h.t.HelmChartContainer - [hivemq-test-hivemq-platform] [hivemq-platform-operator] [7dfae362] 23:54:27.108 [pool-6-thread-15] DEBUG c.h.p.o.dependants.PodInfoConfigMap - [helmcont] Desired PodInfo ConfigMap (1 extensions) (1 enabled)
2025-01-28 23:54:27,114 INFO c.h.h.t.HelmChartContainer - [hivemq-test-hivemq-platform] [hivemq-platform-operator] [7dfae362] 23:54:27.108 [pool-6-thread-15] DEBUG c.h.p.o.dependants.PodInfoConfigMap - [helmcont] Desired PodInfo ConfigMap (metrics port: 9399) (metrics path: /)
2025-01-28 23:54:27,114 INFO c.h.h.t.HelmChartContainer - [hivemq-test-hivemq-platform] [hivemq-platform-operator] [7dfae362] 23:54:27.108 [pool-6-thread-15] DEBUG c.h.p.o.dependants.PodInfoConfigMap - [helmcont] Desired PodInfo ConfigMap (extension state hash: -1817474005)
2025-01-28 23:54:27,114 INFO c.h.h.t.HelmChartContainer - [hivemq-test-hivemq-platform] [hivemq-platform-operator] [7dfae362] 23:54:27.108 [pool-6-thread-20] DEBUG c.h.p.o.d.PodServiceAccountResource - [helmcont] Desired PodServiceAccountResource (serviceAccountName: hivemq-platform-pod-test-hivemq-platform)
2025-01-28 23:54:27,114 INFO c.h.h.t.HelmChartContainer - [hivemq-test-hivemq-platform] [hivemq-platform-operator] [7dfae362] 23:54:27.111 [pool-6-thread-18] DEBUG c.h.p.o.d.StatefulSetResource - [helmcont] Desired StatefulSet (2 replicas) for status ROLLING_RESTART (RESTART_PODS_IN_PROGRESS)
2025-01-28 23:54:27,115 INFO c.h.h.t.HelmChartContainer - [test-hivemq-platform] [hivemq] [e76dc4a8] WARN  - [HiveMQ Platform Operator Init App 1.7.0-SNAPSHOT] Cannot connect to Health API for readiness: null
2025-01-28 23:54:27,117 INFO c.h.h.t.HelmChartContainer - [hivemq-test-hivemq-platform] [hivemq-platform-operator] [7dfae362] 23:54:27.116 [ReconcilerExecutor-hivemq-controller-140] INFO  c.h.p.o.HiveMQPlatformReconciler - [helmcont] Reconciling HiveMQ Platform 'test-hivemq-platform' in namespace 'helmcontainersecuritycontextupgradeplatformit'
2025-01-28 23:54:27,117 INFO c.h.h.t.HelmChartContainer - [hivemq-test-hivemq-platform] [hivemq-platform-operator] [7dfae362] 23:54:27.117 [ReconcilerExecutor-hivemq-controller-140] DEBUG c.h.p.o.HiveMQPlatformReconciler - [helmcont] Custom Resource Status ROLLING_RESTART - HiveMQ Platform is restarting Pods (rolling restart) (RESTART_PODS_IN_PROGRESS)
2025-01-28 23:54:27,118 INFO c.h.h.t.HelmChartContainer - [hivemq-test-hivemq-platform] [hivemq-platform-operator] [7dfae362] 23:54:27.117 [ReconcilerExecutor-hivemq-controller-140] DEBUG c.h.p.o.HiveMQPlatformReconciler - [helmcont] Custom Resource Spec (replicas: 1) (extensions: 1)
2025-01-28 23:54:27,119 INFO c.h.h.t.HelmChartContainer - [hivemq-test-hivemq-platform] [hivemq-platform-operator] [7dfae362] 23:54:27.118 [ReconcilerExecutor-hivemq-controller-140] DEBUG c.h.p.o.HiveMQPlatformReconciler - [helmcont] StatefulSet Status (revision: test-hivemq-platform-579f489c45, replicas: 2, available: 1, ready: 1, current: 0, updated: 2)
2025-01-28 23:54:27,119 INFO c.h.h.t.HelmChartContainer - [hivemq-test-hivemq-platform] [hivemq-platform-operator] [7dfae362] 23:54:27.118 [ReconcilerExecutor-hivemq-controller-140] DEBUG c.h.p.o.HiveMQPlatformReconciler - [helmcont] StatefulSet Spec (replicas: 2, init containers: 1, containers: 1, volumes: 3)
2025-01-28 23:54:27,124 INFO c.h.h.t.HelmChartContainer - [hivemq-test-hivemq-platform] [hivemq-platform-operator] [7dfae362] 23:54:27.120 [ReconcilerExecutor-hivemq-controller-140] DEBUG c.h.p.o.h.HiveMQPlatformReconcilerErrorHandler - [helmcont] Pod 'test-hivemq-platform-1' phase Running
2025-01-28 23:54:27,124 INFO c.h.h.t.HelmChartContainer - [hivemq-test-hivemq-platform] [hivemq-platform-operator] [7dfae362] 23:54:27.121 [ReconcilerExecutor-hivemq-controller-140] DEBUG c.h.p.o.h.HiveMQPlatformReconcilerErrorHandler - [helmcont] Pod 'test-hivemq-platform-0' phase Running
2025-01-28 23:54:27,124 INFO c.h.h.t.HelmChartContainer - [hivemq-test-hivemq-platform] [hivemq-platform-operator] [7dfae362] 23:54:27.123 [ReconcilerExecutor-hivemq-controller-140] DEBUG c.h.p.o.h.HiveMQPlatformReconcilerRollingRestartHandler - [helmcont] Rolling restart is waiting for 1 of 2 replicas
2025-01-28 23:54:27,128 INFO c.h.h.t.HelmChartContainer - [EVENT] Warning [Unhealthy] Readiness probe failed: HTTP probe failed with statuscode: 503 [helmcontainersecuritycontextupgradeplatformit:test-hivemq-platform-0]
2025-01-28 23:54:27,128 INFO c.h.h.t.HelmChartContainer - Received Unhealthy event for container hivemq in pod test-hivemq-platform-0 [e76dc4a8-8926-4bdf-a0de-c74e24bd98df]
2025-01-28 23:54:32,117 INFO c.h.h.t.HelmChartContainer - [test-hivemq-platform] [hivemq] [e76dc4a8] WARN  - [HiveMQ Platform Operator Init App 1.7.0-SNAPSHOT] Cannot connect to Health API for readiness: null
2025-01-28 23:54:32,118 INFO c.h.h.t.HelmChartContainer - [EVENT] Warning [Unhealthy] Readiness probe failed: HTTP probe failed with statuscode: 503 [helmcontainersecuritycontextupgradeplatformit:test-hivemq-platform-0]
2025-01-28 23:54:32,118 INFO c.h.h.t.HelmChartContainer - Received Unhealthy event for container hivemq in pod test-hivemq-platform-0 [e76dc4a8-8926-4bdf-a0de-c74e24bd98df]
2025-01-28 23:54:32,412 INFO c.h.h.t.HelmChartContainer - [test-hivemq-platform] [hivemq] [e76dc4a8] INFO  - No valid license file found. Using trial license, restricted to 25 connections.
2025-01-28 23:54:35,924 INFO c.h.h.t.HelmChartContainer - [test-hivemq-platform] [hivemq] [e76dc4a8] INFO  - No valid license file for Data Hub found. Using free license, restricted to 1 policy.
2025-01-28 23:54:37,116 INFO c.h.h.t.HelmChartContainer - [test-hivemq-platform] [hivemq] [e76dc4a8] WARN  - [HiveMQ Platform Operator Init App 1.7.0-SNAPSHOT] Cannot connect to Health API for readiness: null
2025-01-28 23:54:37,116 INFO c.h.h.t.HelmChartContainer - [test-hivemq-platform] [hivemq] [e76dc4a8] INFO  - Audit Logger started.
2025-01-28 23:54:37,120 INFO c.h.h.t.HelmChartContainer - [EVENT] Warning [Unhealthy] Readiness probe failed: HTTP probe failed with statuscode: 503 [helmcontainersecuritycontextupgradeplatformit:test-hivemq-platform-0]
2025-01-28 23:54:37,120 INFO c.h.h.t.HelmChartContainer - Received Unhealthy event for container hivemq in pod test-hivemq-platform-0 [e76dc4a8-8926-4bdf-a0de-c74e24bd98df]
2025-01-28 23:54:37,131 INFO c.h.h.t.HelmChartContainer - [hivemq-test-hivemq-platform] [hivemq-platform-operator] [7dfae362] 23:54:37.126 [pool-6-thread-25] DEBUG c.h.p.o.d.PlatformServiceResource - [helmcont] Desired Platform services (3 services)
2025-01-28 23:54:37,132 INFO c.h.h.t.HelmChartContainer - [hivemq-test-hivemq-platform] [hivemq-platform-operator] [7dfae362] 23:54:37.127 [pool-6-thread-27] DEBUG c.h.p.o.dependants.PodInfoConfigMap - [helmcont] Desired PodInfo ConfigMap (1 extensions) (1 enabled)
2025-01-28 23:54:37,132 INFO c.h.h.t.HelmChartContainer - [hivemq-test-hivemq-platform] [hivemq-platform-operator] [7dfae362] 23:54:37.127 [pool-6-thread-27] DEBUG c.h.p.o.dependants.PodInfoConfigMap - [helmcont] Desired PodInfo ConfigMap (metrics port: 9399) (metrics path: /)
2025-01-28 23:54:37,132 INFO c.h.h.t.HelmChartContainer - [hivemq-test-hivemq-platform] [hivemq-platform-operator] [7dfae362] 23:54:37.127 [pool-6-thread-27] DEBUG c.h.p.o.dependants.PodInfoConfigMap - [helmcont] Desired PodInfo ConfigMap (extension state hash: -1817474005)
2025-01-28 23:54:37,132 INFO c.h.h.t.HelmChartContainer - [hivemq-test-hivemq-platform] [hivemq-platform-operator] [7dfae362] 23:54:37.128 [pool-6-thread-27] DEBUG c.h.p.o.d.PodServiceAccountResource - [helmcont] Desired PodServiceAccountResource (serviceAccountName: hivemq-platform-pod-test-hivemq-platform)
2025-01-28 23:54:37,133 INFO c.h.h.t.HelmChartContainer - [hivemq-test-hivemq-platform] [hivemq-platform-operator] [7dfae362] 23:54:37.131 [pool-6-thread-25] DEBUG c.h.p.o.d.StatefulSetResource - [helmcont] Desired StatefulSet (2 replicas) for status ROLLING_RESTART (RESTART_PODS_IN_PROGRESS)
2025-01-28 23:54:37,135 INFO c.h.h.t.HelmChartContainer - [hivemq-test-hivemq-platform] [hivemq-platform-operator] [7dfae362] 23:54:37.134 [ReconcilerExecutor-hivemq-controller-141] INFO  c.h.p.o.HiveMQPlatformReconciler - [helmcont] Reconciling HiveMQ Platform 'test-hivemq-platform' in namespace 'helmcontainersecuritycontextupgradeplatformit'
2025-01-28 23:54:37,135 INFO c.h.h.t.HelmChartContainer - [hivemq-test-hivemq-platform] [hivemq-platform-operator] [7dfae362] 23:54:37.135 [ReconcilerExecutor-hivemq-controller-141] DEBUG c.h.p.o.HiveMQPlatformReconciler - [helmcont] Custom Resource Status ROLLING_RESTART - HiveMQ Platform is restarting Pods (rolling restart) (RESTART_PODS_IN_PROGRESS)
2025-01-28 23:54:37,136 INFO c.h.h.t.HelmChartContainer - [hivemq-test-hivemq-platform] [hivemq-platform-operator] [7dfae362] 23:54:37.135 [ReconcilerExecutor-hivemq-controller-141] DEBUG c.h.p.o.HiveMQPlatformReconciler - [helmcont] Custom Resource Spec (replicas: 1) (extensions: 1)
2025-01-28 23:54:37,137 INFO c.h.h.t.HelmChartContainer - [hivemq-test-hivemq-platform] [hivemq-platform-operator] [7dfae362] 23:54:37.136 [ReconcilerExecutor-hivemq-controller-141] DEBUG c.h.p.o.HiveMQPlatformReconciler - [helmcont] StatefulSet Status (revision: test-hivemq-platform-579f489c45, replicas: 2, available: 1, ready: 1, current: 0, updated: 2)
2025-01-28 23:54:37,138 INFO c.h.h.t.HelmChartContainer - [hivemq-test-hivemq-platform] [hivemq-platform-operator] [7dfae362] 23:54:37.136 [ReconcilerExecutor-hivemq-controller-141] DEBUG c.h.p.o.HiveMQPlatformReconciler - [helmcont] StatefulSet Spec (replicas: 2, init containers: 1, containers: 1, volumes: 3)
2025-01-28 23:54:37,138 INFO c.h.h.t.HelmChartContainer - [hivemq-test-hivemq-platform] [hivemq-platform-operator] [7dfae362] 23:54:37.138 [ReconcilerExecutor-hivemq-controller-141] DEBUG c.h.p.o.h.HiveMQPlatformReconcilerErrorHandler - [helmcont] Pod 'test-hivemq-platform-1' phase Running
2025-01-28 23:54:37,140 INFO c.h.h.t.HelmChartContainer - [hivemq-test-hivemq-platform] [hivemq-platform-operator] [7dfae362] 23:54:37.139 [ReconcilerExecutor-hivemq-controller-141] DEBUG c.h.p.o.h.HiveMQPlatformReconcilerErrorHandler - [helmcont] Pod 'test-hivemq-platform-0' phase Running
2025-01-28 23:54:37,140 INFO c.h.h.t.HelmChartContainer - [hivemq-test-hivemq-platform] [hivemq-platform-operator] [7dfae362] 23:54:37.139 [ReconcilerExecutor-hivemq-controller-141] DEBUG c.h.p.o.h.HiveMQPlatformReconcilerRollingRestartHandler - [helmcont] Rolling restart is waiting for 1 of 2 replicas
2025-01-28 23:54:37,425 INFO c.h.h.t.HelmChartContainer - [test-hivemq-platform] [hivemq] [e76dc4a8] INFO  - This node uses '1' CPU cores.
2025-01-28 23:54:37,429 INFO c.h.h.t.HelmChartContainer - [test-hivemq-platform] [hivemq] [e76dc4a8] INFO  - Starting HiveMQ Health API on address 0.0.0.0 and port 8889
2025-01-28 23:54:38,224 INFO c.h.h.t.HelmChartContainer - [test-hivemq-platform] [hivemq] [e76dc4a8] INFO  - Started HiveMQ Health API in 795ms
2025-01-28 23:54:38,819 INFO c.h.h.t.HelmChartContainer - [test-hivemq-platform] [hivemq] [e76dc4a8] INFO  - Starting HiveMQ extension system.
2025-01-28 23:54:39,117 INFO c.h.h.t.HelmChartContainer - [test-hivemq-platform] [hivemq] [e76dc4a8] INFO  - Starting extension with id "hivemq-dns-cluster-discovery" at /opt/hivemq/extensions/hivemq-dns-cluster-discovery
2025-01-28 23:54:39,717 INFO c.h.h.t.HelmChartContainer - [test-hivemq-platform] [hivemq] [e76dc4a8] INFO  - Using TCP cluster transport on address 10.42.0.8 and port 7000
2025-01-28 23:54:39,720 INFO c.h.h.t.HelmChartContainer - [test-hivemq-platform] [hivemq] [e76dc4a8] INFO  - Extension "DNS Cluster Discovery Extension" version 4.3.2 started successfully.
2025-01-28 23:54:39,720 INFO c.h.h.t.HelmChartContainer - [test-hivemq-platform] [hivemq] [e76dc4a8] INFO  - Starting extension with id "hivemq-prometheus-extension" at /opt/hivemq/extensions/hivemq-prometheus-extension
2025-01-28 23:54:39,722 INFO c.h.h.t.HelmChartContainer - [test-hivemq-platform] [hivemq] [e76dc4a8] INFO  - Using extension cluster discovery
2025-01-28 23:54:40,712 INFO c.h.h.t.HelmChartContainer - [test-hivemq-platform] [hivemq] [e76dc4a8] INFO  - Started Jetty Server exposing Prometheus Servlet on URI http://0.0.0.0:9399/
2025-01-28 23:54:40,713 INFO c.h.h.t.HelmChartContainer - [test-hivemq-platform] [hivemq] [e76dc4a8] INFO  - Extension "Prometheus Monitoring Extension" version 4.0.12 started successfully.
2025-01-28 23:54:40,713 INFO c.h.h.t.HelmChartContainer - [test-hivemq-platform] [hivemq] [e76dc4a8] INFO  - Starting extension with id "hivemq-allow-all-extension" at /opt/hivemq/extensions/hivemq-allow-all-extension
2025-01-28 23:54:40,713 INFO c.h.h.t.HelmChartContainer - [test-hivemq-platform] [hivemq] [e76dc4a8] WARN  - 
2025-01-28 23:54:40,713 INFO c.h.h.t.HelmChartContainer - [test-hivemq-platform] [hivemq] [e76dc4a8] ################################################################################################################
2025-01-28 23:54:40,713 INFO c.h.h.t.HelmChartContainer - [test-hivemq-platform] [hivemq] [e76dc4a8] # This HiveMQ deployment is not secure! You are lacking Authentication and Authorization.                      #
2025-01-28 23:54:40,713 INFO c.h.h.t.HelmChartContainer - [test-hivemq-platform] [hivemq] [e76dc4a8] # Right now any MQTT client can connect to the broker with a full set of permissions.                          #
2025-01-28 23:54:40,714 INFO c.h.h.t.HelmChartContainer - [test-hivemq-platform] [hivemq] [e76dc4a8] # For production usage, add an appropriate security extension and remove the hivemq-allow-all extension.       #
2025-01-28 23:54:40,714 INFO c.h.h.t.HelmChartContainer - [test-hivemq-platform] [hivemq] [e76dc4a8] # You can download security extensions from the HiveMQ Marketplace (https://www.hivemq.com/extensions/).       #
2025-01-28 23:54:40,714 INFO c.h.h.t.HelmChartContainer - [test-hivemq-platform] [hivemq] [e76dc4a8] ################################################################################################################
2025-01-28 23:54:40,714 INFO c.h.h.t.HelmChartContainer - [test-hivemq-platform] [hivemq] [e76dc4a8] INFO  - Extension "Allow All Extension" version 1.1.1 started successfully.
2025-01-28 23:54:40,823 INFO c.h.h.t.HelmChartContainer - [test-hivemq-platform] [hivemq] [6594a6ad] INFO  - Cluster nodes found by discovery: [jcDkl|3] (2) [jcDkl, VqXIB].
2025-01-28 23:54:40,916 INFO c.h.h.t.HelmChartContainer - [test-hivemq-platform] [hivemq] [e76dc4a8] INFO  - Cluster nodes found by discovery: [jcDkl|3] (2) [jcDkl, VqXIB].
2025-01-28 23:54:41,021 INFO c.h.h.t.HelmChartContainer - [test-hivemq-platform] [hivemq] [e76dc4a8] INFO  - Cluster size = 1, members : [jcDkl].
2025-01-28 23:54:41,251 INFO c.h.h.t.HelmChartContainer - [test-hivemq-platform] [hivemq] [e76dc4a8] INFO  - Starting cluster join process. This may take a while. Please do not shut down HiveMQ.
2025-01-28 23:54:41,251 INFO c.h.h.t.HelmChartContainer - [test-hivemq-platform] [hivemq] [e76dc4a8] INFO  - Cluster join process is still ongoing. Please do not shut down HiveMQ.
2025-01-28 23:54:42,557 INFO c.h.h.t.HelmChartContainer - [test-hivemq-platform] [hivemq] [e76dc4a8] INFO  - [HiveMQ Platform Operator Init App 1.7.0-SNAPSHOT] Returning Health API response 503 for readiness
2025-01-28 23:54:42,561 INFO c.h.h.t.HelmChartContainer - [EVENT] Warning [Unhealthy] Readiness probe failed: HTTP probe failed with statuscode: 503 [helmcontainersecuritycontextupgradeplatformit:test-hivemq-platform-0]
2025-01-28 23:54:42,561 INFO c.h.h.t.HelmChartContainer - Received Unhealthy event for container hivemq in pod test-hivemq-platform-0 [e76dc4a8-8926-4bdf-a0de-c74e24bd98df]
2025-01-28 23:54:43,259 INFO c.h.h.t.HelmChartContainer - [test-hivemq-platform] [hivemq] [6594a6ad] INFO  - Cluster size = 2, members : [VqXIB, jcDkl].
2025-01-28 23:54:43,267 INFO c.h.h.t.HelmChartContainer - [test-hivemq-platform] [hivemq] [e76dc4a8] INFO  - Cluster size = 2, members : [VqXIB, jcDkl].
2025-01-28 23:54:43,269 INFO c.h.h.t.HelmChartContainer - [test-hivemq-platform] [hivemq] [e76dc4a8] INFO  - Finished cluster join process successfully.
2025-01-28 23:54:43,273 INFO c.h.h.t.HelmChartContainer - [test-hivemq-platform] [hivemq] [e76dc4a8] WARN  - No user for HiveMQ Control Center configured. Starting with default user
2025-01-28 23:54:43,273 INFO c.h.h.t.HelmChartContainer - [test-hivemq-platform] [hivemq] [e76dc4a8] INFO  - Starting HiveMQ Control Center on address 0.0.0.0 and port 8080
2025-01-28 23:54:43,350 INFO c.h.h.t.HelmChartContainer - [test-hivemq-platform] [hivemq] [e76dc4a8] INFO  - Mounting HiveMQ Control Center V2 Preview
2025-01-28 23:54:43,873 INFO c.h.h.t.HelmChartContainer - [test-hivemq-platform] [hivemq] [e76dc4a8] INFO  - Started HiveMQ Control Center in 602ms
2025-01-28 23:54:43,959 INFO c.h.h.t.HelmChartContainer - [test-hivemq-platform] [hivemq] [e76dc4a8] INFO  - Starting TCP listener on address 0.0.0.0 and port 1884
2025-01-28 23:54:43,972 INFO c.h.h.t.HelmChartContainer - [test-hivemq-platform] [hivemq] [e76dc4a8] INFO  - Started TCP Listener on address 0.0.0.0 and on port 1884.
2025-01-28 23:54:43,972 INFO c.h.h.t.HelmChartContainer - [test-hivemq-platform] [hivemq] [e76dc4a8] INFO  - Started HiveMQ in 26548ms
2025-01-28 23:54:47,073 INFO c.h.h.t.HelmChartContainer - [test-hivemq-platform] [hivemq] [e76dc4a8] INFO  - [HiveMQ Platform Operator Init App 1.7.0-SNAPSHOT] Returning Health API response 200 for readiness
2025-01-28 23:54:47,088 INFO c.h.h.t.HelmChartContainer - [POD] test-hivemq-platform-0 [e76dc4a8-8926-4bdf-a0de-c74e24bd98df] in helmcontainersecuritycontextupgradeplatformit was MODIFIED
2025-01-28 23:54:47,098 INFO c.h.h.t.HelmChartContainer - [hivemq-test-hivemq-platform] [hivemq-platform-operator] [7dfae362] 23:54:47.093 [pool-6-thread-31] DEBUG c.h.p.o.d.PlatformServiceResource - [helmcont] Desired Platform services (3 services)
2025-01-28 23:54:47,098 INFO c.h.h.t.HelmChartContainer - [hivemq-test-hivemq-platform] [hivemq-platform-operator] [7dfae362] 23:54:47.094 [pool-6-thread-39] DEBUG c.h.p.o.dependants.PodInfoConfigMap - [helmcont] Desired PodInfo ConfigMap (1 extensions) (1 enabled)
2025-01-28 23:54:47,100 INFO c.h.h.t.HelmChartContainer - [hivemq-test-hivemq-platform] [hivemq-platform-operator] [7dfae362] 23:54:47.096 [pool-6-thread-39] DEBUG c.h.p.o.dependants.PodInfoConfigMap - [helmcont] Desired PodInfo ConfigMap (metrics port: 9399) (metrics path: /)
2025-01-28 23:54:47,100 INFO c.h.h.t.HelmChartContainer - [hivemq-test-hivemq-platform] [hivemq-platform-operator] [7dfae362] 23:54:47.096 [pool-6-thread-39] DEBUG c.h.p.o.dependants.PodInfoConfigMap - [helmcont] Desired PodInfo ConfigMap (extension state hash: -1817474005)
2025-01-28 23:54:47,100 INFO c.h.h.t.HelmChartContainer - [hivemq-test-hivemq-platform] [hivemq-platform-operator] [7dfae362] 23:54:47.095 [pool-6-thread-36] DEBUG c.h.p.o.d.PodServiceAccountResource - [helmcont] Desired PodServiceAccountResource (serviceAccountName: hivemq-platform-pod-test-hivemq-platform)
2025-01-28 23:54:47,106 INFO c.h.h.t.HelmChartContainer - [hivemq-test-hivemq-platform] [hivemq-platform-operator] [7dfae362] 23:54:47.105 [pool-6-thread-31] DEBUG c.h.p.o.d.StatefulSetResource - [helmcont] Desired StatefulSet (2 replicas) for status ROLLING_RESTART (RESTART_PODS_IN_PROGRESS)
2025-01-28 23:54:47,111 INFO c.h.h.t.HelmChartContainer - [hivemq-test-hivemq-platform] [hivemq-platform-operator] [7dfae362] 23:54:47.110 [ReconcilerExecutor-hivemq-controller-142] INFO  c.h.p.o.HiveMQPlatformReconciler - [helmcont] Reconciling HiveMQ Platform 'test-hivemq-platform' in namespace 'helmcontainersecuritycontextupgradeplatformit'
2025-01-28 23:54:47,111 INFO c.h.h.t.HelmChartContainer - [hivemq-test-hivemq-platform] [hivemq-platform-operator] [7dfae362] 23:54:47.110 [ReconcilerExecutor-hivemq-controller-142] DEBUG c.h.p.o.HiveMQPlatformReconciler - [helmcont] Custom Resource Status ROLLING_RESTART - HiveMQ Platform is restarting Pods (rolling restart) (RESTART_PODS_IN_PROGRESS)
2025-01-28 23:54:47,111 INFO c.h.h.t.HelmChartContainer - [hivemq-test-hivemq-platform] [hivemq-platform-operator] [7dfae362] 23:54:47.110 [ReconcilerExecutor-hivemq-controller-142] DEBUG c.h.p.o.HiveMQPlatformReconciler - [helmcont] Custom Resource Spec (replicas: 1) (extensions: 1)
2025-01-28 23:54:47,187 INFO c.h.h.t.HelmChartContainer - [hivemq-test-hivemq-platform] [hivemq-platform-operator] [7dfae362] 23:54:47.185 [ReconcilerExecutor-hivemq-controller-142] DEBUG c.h.p.o.HiveMQPlatformReconciler - [helmcont] StatefulSet Status (revision: test-hivemq-platform-579f489c45, replicas: 2, available: 2, ready: 2, current: 0, updated: 2)
2025-01-28 23:54:47,187 INFO c.h.h.t.HelmChartContainer - [hivemq-test-hivemq-platform] [hivemq-platform-operator] [7dfae362] 23:54:47.185 [ReconcilerExecutor-hivemq-controller-142] DEBUG c.h.p.o.HiveMQPlatformReconciler - [helmcont] StatefulSet Spec (replicas: 2, init containers: 1, containers: 1, volumes: 3)
2025-01-28 23:54:47,188 INFO c.h.h.t.HelmChartContainer - [hivemq-test-hivemq-platform] [hivemq-platform-operator] [7dfae362] 23:54:47.186 [ReconcilerExecutor-hivemq-controller-142] DEBUG c.h.p.o.h.HiveMQPlatformReconcilerErrorHandler - [helmcont] Pod 'test-hivemq-platform-1' phase Running
2025-01-28 23:54:47,188 INFO c.h.h.t.HelmChartContainer - [hivemq-test-hivemq-platform] [hivemq-platform-operator] [7dfae362] 23:54:47.187 [ReconcilerExecutor-hivemq-controller-142] DEBUG c.h.p.o.h.HiveMQPlatformReconcilerErrorHandler - [helmcont] Pod 'test-hivemq-platform-0' phase Running
2025-01-28 23:54:47,199 INFO c.h.h.t.HelmChartContainer - [hivemq-test-hivemq-platform] [hivemq-platform-operator] [7dfae362] 23:54:47.194 [ReconcilerExecutor-hivemq-controller-142] DEBUG c.h.p.o.h.HiveMQPlatformReconcilerRollingRestartHandler - [helmcont] Skipping Pod test-hivemq-platform-1 as it's already on the controller update revision (update revision: test-hivemq-platform-579f489c45, pod revision: test-hivemq-platform-579f489c45)
2025-01-28 23:54:47,200 INFO c.h.h.t.HelmChartContainer - [hivemq-test-hivemq-platform] [hivemq-platform-operator] [7dfae362] 23:54:47.199 [ReconcilerExecutor-hivemq-controller-142] DEBUG c.h.p.o.h.HiveMQPlatformReconcilerRollingRestartHandler - [helmcont] Skipping Pod test-hivemq-platform-0 as it's already on the controller update revision (update revision: test-hivemq-platform-579f489c45, pod revision: test-hivemq-platform-579f489c45)
2025-01-28 23:54:47,202 INFO c.h.h.t.HelmChartContainer - [hivemq-test-hivemq-platform] [hivemq-platform-operator] [7dfae362] 23:54:47.199 [ReconcilerExecutor-hivemq-controller-142] INFO  c.h.p.o.h.HiveMQPlatformReconcilerRollingRestartHandler - [helmcont] Stopping surge Pod
2025-01-28 23:54:47,292 INFO c.h.h.t.HelmChartContainer - [hivemq-test-hivemq-platform] [hivemq-platform-operator] [7dfae362] 23:54:47.291 [ReconcilerExecutor-hivemq-controller-142] DEBUG c.h.p.operator.event.EventSender - [helmcont] Creating K8s event rolling-restart-scale-down-in-progress: [RollingRestart] HiveMQ Platform is stopping the surge Pod (rolling restart)
2025-01-28 23:54:47,295 INFO c.h.h.t.HelmChartContainer - [EVENT] Normal [RollingRestart] HiveMQ Platform is stopping the surge Pod (rolling restart) [helmcontainersecuritycontextupgradeplatformit:test-hivemq-platform]
2025-01-28 23:54:47,295 INFO c.h.h.t.HelmChartContainer - [hivemq-test-hivemq-platform] [hivemq-platform-operator] [7dfae362] 23:54:47.295 [ReconcilerExecutor-hivemq-controller-142] INFO  c.h.p.o.h.AbstractHiveMQReconcilerStateHandler - [helmcont] Update HiveMQ Platform Status (ROLLING_RESTART [RESTART_PODS_IN_PROGRESS] -> ROLLING_RESTART [SCALE_DOWN_IN_PROGRESS]): HiveMQ Platform is stopping the surge Pod (rolling restart)
2025-01-28 23:54:47,302 DEBUG com.hivemq.helmcharts.util.K8sUtil - Comparing actual state 'ROLLING_RESTART' and waiting for 'RUNNING'
2025-01-28 23:54:47,305 INFO c.h.h.t.HelmChartContainer - [hivemq-test-hivemq-platform] [hivemq-platform-operator] [7dfae362] 23:54:47.304 [pool-6-thread-44] DEBUG c.h.p.o.d.PlatformServiceResource - [helmcont] Desired Platform services (3 services)
2025-01-28 23:54:47,306 INFO c.h.h.t.HelmChartContainer - [hivemq-test-hivemq-platform] [hivemq-platform-operator] [7dfae362] 23:54:47.304 [pool-6-thread-47] DEBUG c.h.p.o.d.PodServiceAccountResource - [helmcont] Desired PodServiceAccountResource (serviceAccountName: hivemq-platform-pod-test-hivemq-platform)
2025-01-28 23:54:47,306 INFO c.h.h.t.HelmChartContainer - [hivemq-test-hivemq-platform] [hivemq-platform-operator] [7dfae362] 23:54:47.305 [pool-6-thread-48] DEBUG c.h.p.o.dependants.PodInfoConfigMap - [helmcont] Desired PodInfo ConfigMap (1 extensions) (1 enabled)
2025-01-28 23:54:47,308 INFO c.h.h.t.HelmChartContainer - [hivemq-test-hivemq-platform] [hivemq-platform-operator] [7dfae362] 23:54:47.305 [pool-6-thread-48] DEBUG c.h.p.o.dependants.PodInfoConfigMap - [helmcont] Desired PodInfo ConfigMap (metrics port: 9399) (metrics path: /)
2025-01-28 23:54:47,308 INFO c.h.h.t.HelmChartContainer - [hivemq-test-hivemq-platform] [hivemq-platform-operator] [7dfae362] 23:54:47.305 [pool-6-thread-48] DEBUG c.h.p.o.dependants.PodInfoConfigMap - [helmcont] Desired PodInfo ConfigMap (extension state hash: -1817474005)
2025-01-28 23:54:47,308 INFO c.h.h.t.HelmChartContainer - [hivemq-test-hivemq-platform] [hivemq-platform-operator] [7dfae362] 23:54:47.306 [pool-6-thread-48] DEBUG c.h.p.o.dependants.PodInfoConfigMap - [helmcont] Update PodInfo ConfigMap
2025-01-28 23:54:47,313 INFO c.h.h.t.HelmChartContainer - [hivemq-test-hivemq-platform] [hivemq-platform-operator] [7dfae362] 23:54:47.313 [pool-6-thread-48] DEBUG c.h.p.o.d.StatefulSetResource - [helmcont] Desired StatefulSet (1 replicas) for status ROLLING_RESTART (SCALE_DOWN_IN_PROGRESS)
2025-01-28 23:54:47,315 INFO c.h.h.t.HelmChartContainer - [hivemq-test-hivemq-platform] [hivemq-platform-operator] [7dfae362] 23:54:47.314 [pool-6-thread-48] DEBUG c.h.p.o.d.StatefulSetResource - [helmcont] Update StatefulSet (replicas: 2 -> 1)
2025-01-28 23:54:47,400 INFO c.h.h.t.HelmChartContainer - [hivemq-test-hivemq-platform] [hivemq-platform-operator] [7dfae362] 23:54:47.399 [ReconcilerExecutor-hivemq-controller-143] INFO  c.h.p.o.HiveMQPlatformReconciler - [helmcont] Reconciling HiveMQ Platform 'test-hivemq-platform' in namespace 'helmcontainersecuritycontextupgradeplatformit'
2025-01-28 23:54:47,400 INFO c.h.h.t.HelmChartContainer - [hivemq-test-hivemq-platform] [hivemq-platform-operator] [7dfae362] 23:54:47.399 [ReconcilerExecutor-hivemq-controller-143] DEBUG c.h.p.o.HiveMQPlatformReconciler - [helmcont] Custom Resource Status ROLLING_RESTART - HiveMQ Platform is stopping the surge Pod (rolling restart) (SCALE_DOWN_IN_PROGRESS)
2025-01-28 23:54:47,400 INFO c.h.h.t.HelmChartContainer - [hivemq-test-hivemq-platform] [hivemq-platform-operator] [7dfae362] 23:54:47.399 [ReconcilerExecutor-hivemq-controller-143] DEBUG c.h.p.o.HiveMQPlatformReconciler - [helmcont] Custom Resource Spec (replicas: 1) (extensions: 1)
2025-01-28 23:54:47,401 INFO c.h.h.t.HelmChartContainer - [hivemq-test-hivemq-platform] [hivemq-platform-operator] [7dfae362] 23:54:47.400 [ReconcilerExecutor-hivemq-controller-143] DEBUG c.h.p.o.HiveMQPlatformReconciler - [helmcont] StatefulSet Status (revision: test-hivemq-platform-579f489c45, replicas: 2, available: 2, ready: 2, current: 0, updated: 2)
2025-01-28 23:54:47,401 INFO c.h.h.t.HelmChartContainer - [hivemq-test-hivemq-platform] [hivemq-platform-operator] [7dfae362] 23:54:47.400 [ReconcilerExecutor-hivemq-controller-143] DEBUG c.h.p.o.HiveMQPlatformReconciler - [helmcont] StatefulSet Spec (replicas: 1, init containers: 1, containers: 1, volumes: 3)
2025-01-28 23:54:47,405 INFO c.h.h.t.HelmChartContainer - [hivemq-test-hivemq-platform] [hivemq-platform-operator] [7dfae362] 23:54:47.404 [ReconcilerExecutor-hivemq-controller-143] DEBUG c.h.p.o.h.HiveMQPlatformReconcilerErrorHandler - [helmcont] Pod 'test-hivemq-platform-0' phase Running
2025-01-28 23:54:47,405 INFO c.h.h.t.HelmChartContainer - [hivemq-test-hivemq-platform] [hivemq-platform-operator] [7dfae362] 23:54:47.404 [ReconcilerExecutor-hivemq-controller-143] DEBUG c.h.p.o.h.HiveMQPlatformReconcilerRollingRestartHandler - [helmcont] Rolling restart is waiting for 2 of 1 replicas
2025-01-28 23:54:47,406 INFO c.h.h.t.HelmChartContainer - [POD] test-hivemq-platform-1 [6594a6ad-8874-4b2a-a33d-96d3fb007b26] in helmcontainersecuritycontextupgradeplatformit was MODIFIED
2025-01-28 23:54:47,412 INFO c.h.h.t.HelmChartContainer - [EVENT] Normal [Killing] Stopping container hivemq [helmcontainersecuritycontextupgradeplatformit:test-hivemq-platform-1]
2025-01-28 23:54:47,412 INFO c.h.h.t.HelmChartContainer - Received Killing event for container hivemq in pod test-hivemq-platform-1 [6594a6ad-8874-4b2a-a33d-96d3fb007b26]
2025-01-28 23:54:47,412 INFO c.h.h.t.HelmChartContainer - Container [test-hivemq-platform-1] [hivemq] [6594a6ad-8874-4b2a-a33d-96d3fb007b26] was terminated
2025-01-28 23:54:47,412 INFO c.h.h.t.HelmChartContainer - Stopped log watcher for hivemq in pod test-hivemq-platform-1 [6594a6ad-8874-4b2a-a33d-96d3fb007b26]
2025-01-28 23:54:47,415 INFO c.h.h.t.HelmChartContainer - [hivemq-test-hivemq-platform] [hivemq-platform-operator] [7dfae362] 23:54:47.411 [pool-6-thread-5] DEBUG c.h.p.o.d.PlatformServiceResource - [helmcont] Desired Platform services (3 services)
2025-01-28 23:54:47,419 INFO c.h.h.t.HelmChartContainer - [EVENT] Normal [SuccessfulDelete] delete Pod test-hivemq-platform-1 in StatefulSet test-hivemq-platform successful [helmcontainersecuritycontextupgradeplatformit:test-hivemq-platform]
2025-01-28 23:54:47,424 INFO c.h.h.t.HelmChartContainer - [test-hivemq-platform] [hivemq] [6594a6ad] INFO  - [HiveMQ Platform Operator Init App 1.7.0-SNAPSHOT] Shutting down
2025-01-28 23:54:47,424 INFO c.h.h.t.HelmChartContainer - [test-hivemq-platform] [hivemq] [6594a6ad] INFO  - [HiveMQ Platform Operator Init App 1.7.0-SNAPSHOT] Stopping the HiveMQ Platform
2025-01-28 23:54:47,433 INFO c.h.h.t.HelmChartContainer - [hivemq-test-hivemq-platform] [hivemq-platform-operator] [7dfae362] 23:54:47.415 [pool-6-thread-2] DEBUG c.h.p.o.d.PodServiceAccountResource - [helmcont] Desired PodServiceAccountResource (serviceAccountName: hivemq-platform-pod-test-hivemq-platform)
2025-01-28 23:54:47,434 INFO c.h.h.t.HelmChartContainer - [hivemq-test-hivemq-platform] [hivemq-platform-operator] [7dfae362] 23:54:47.417 [pool-6-thread-5] DEBUG c.h.p.o.dependants.PodInfoConfigMap - [helmcont] Desired PodInfo ConfigMap (1 extensions) (1 enabled)
2025-01-28 23:54:47,434 INFO c.h.h.t.HelmChartContainer - [hivemq-test-hivemq-platform] [hivemq-platform-operator] [7dfae362] 23:54:47.418 [pool-6-thread-5] DEBUG c.h.p.o.dependants.PodInfoConfigMap - [helmcont] Desired PodInfo ConfigMap (metrics port: 9399) (metrics path: /)
2025-01-28 23:54:47,434 INFO c.h.h.t.HelmChartContainer - [hivemq-test-hivemq-platform] [hivemq-platform-operator] [7dfae362] 23:54:47.419 [pool-6-thread-5] DEBUG c.h.p.o.dependants.PodInfoConfigMap - [helmcont] Desired PodInfo ConfigMap (extension state hash: -1817474005)
2025-01-28 23:54:47,434 INFO c.h.h.t.HelmChartContainer - [hivemq-test-hivemq-platform] [hivemq-platform-operator] [7dfae362] 23:54:47.422 [pool-6-thread-5] DEBUG c.h.p.o.d.StatefulSetResource - [helmcont] Desired StatefulSet (1 replicas) for status ROLLING_RESTART (SCALE_DOWN_IN_PROGRESS)
2025-01-28 23:54:47,490 INFO c.h.h.t.HelmChartContainer - [hivemq-test-hivemq-platform] [hivemq-platform-operator] [7dfae362] 23:54:47.487 [ReconcilerExecutor-hivemq-controller-144] INFO  c.h.p.o.HiveMQPlatformReconciler - [helmcont] Reconciling HiveMQ Platform 'test-hivemq-platform' in namespace 'helmcontainersecuritycontextupgradeplatformit'
2025-01-28 23:54:47,491 INFO c.h.h.t.HelmChartContainer - [hivemq-test-hivemq-platform] [hivemq-platform-operator] [7dfae362] 23:54:47.487 [ReconcilerExecutor-hivemq-controller-144] DEBUG c.h.p.o.HiveMQPlatformReconciler - [helmcont] Custom Resource Status ROLLING_RESTART - HiveMQ Platform is stopping the surge Pod (rolling restart) (SCALE_DOWN_IN_PROGRESS)
2025-01-28 23:54:47,491 INFO c.h.h.t.HelmChartContainer - [hivemq-test-hivemq-platform] [hivemq-platform-operator] [7dfae362] 23:54:47.487 [ReconcilerExecutor-hivemq-controller-144] DEBUG c.h.p.o.HiveMQPlatformReconciler - [helmcont] Custom Resource Spec (replicas: 1) (extensions: 1)
2025-01-28 23:54:47,492 INFO c.h.h.t.HelmChartContainer - [hivemq-test-hivemq-platform] [hivemq-platform-operator] [7dfae362] 23:54:47.488 [ReconcilerExecutor-hivemq-controller-144] DEBUG c.h.p.o.HiveMQPlatformReconciler - [helmcont] StatefulSet Status (revision: test-hivemq-platform-579f489c45, replicas: 2, available: 2, ready: 2, current: 0, updated: 1)
2025-01-28 23:54:47,492 INFO c.h.h.t.HelmChartContainer - [hivemq-test-hivemq-platform] [hivemq-platform-operator] [7dfae362] 23:54:47.488 [ReconcilerExecutor-hivemq-controller-144] DEBUG c.h.p.o.HiveMQPlatformReconciler - [helmcont] StatefulSet Spec (replicas: 1, init containers: 1, containers: 1, volumes: 3)
2025-01-28 23:54:47,492 INFO c.h.h.t.HelmChartContainer - [hivemq-test-hivemq-platform] [hivemq-platform-operator] [7dfae362] 23:54:47.489 [ReconcilerExecutor-hivemq-controller-144] DEBUG c.h.p.o.h.HiveMQPlatformReconcilerErrorHandler - [helmcont] Pod 'test-hivemq-platform-0' phase Running
2025-01-28 23:54:47,492 INFO c.h.h.t.HelmChartContainer - [hivemq-test-hivemq-platform] [hivemq-platform-operator] [7dfae362] 23:54:47.490 [ReconcilerExecutor-hivemq-controller-144] DEBUG c.h.p.o.h.HiveMQPlatformReconcilerRollingRestartHandler - [helmcont] Rolling restart is waiting for 2 of 1 replicas
2025-01-28 23:54:47,495 INFO c.h.h.t.HelmChartContainer - [hivemq-test-hivemq-platform] [hivemq-platform-operator] [7dfae362] 23:54:47.492 [pool-6-thread-17] DEBUG c.h.p.o.d.PlatformServiceResource - [helmcont] Desired Platform services (3 services)
2025-01-28 23:54:47,499 INFO c.h.h.t.HelmChartContainer - [hivemq-test-hivemq-platform] [hivemq-platform-operator] [7dfae362] 23:54:47.496 [pool-6-thread-14] DEBUG c.h.p.o.dependants.PodInfoConfigMap - [helmcont] Desired PodInfo ConfigMap (1 extensions) (1 enabled)
2025-01-28 23:54:47,500 INFO c.h.h.t.HelmChartContainer - [hivemq-test-hivemq-platform] [hivemq-platform-operator] [7dfae362] 23:54:47.498 [pool-6-thread-14] DEBUG c.h.p.o.dependants.PodInfoConfigMap - [helmcont] Desired PodInfo ConfigMap (metrics port: 9399) (metrics path: /)
2025-01-28 23:54:47,500 INFO c.h.h.t.HelmChartContainer - [hivemq-test-hivemq-platform] [hivemq-platform-operator] [7dfae362] 23:54:47.498 [pool-6-thread-14] DEBUG c.h.p.o.dependants.PodInfoConfigMap - [helmcont] Desired PodInfo ConfigMap (extension state hash: -1817474005)
2025-01-28 23:54:47,502 INFO c.h.h.t.HelmChartContainer - [hivemq-test-hivemq-platform] [hivemq-platform-operator] [7dfae362] 23:54:47.499 [pool-6-thread-16] DEBUG c.h.p.o.d.PodServiceAccountResource - [helmcont] Desired PodServiceAccountResource (serviceAccountName: hivemq-platform-pod-test-hivemq-platform)
2025-01-28 23:54:47,502 INFO c.h.h.t.HelmChartContainer - [hivemq-test-hivemq-platform] [hivemq-platform-operator] [7dfae362] 23:54:47.499 [pool-6-thread-17] DEBUG c.h.p.o.d.StatefulSetResource - [helmcont] Desired StatefulSet (1 replicas) for status ROLLING_RESTART (SCALE_DOWN_IN_PROGRESS)
2025-01-28 23:54:47,588 INFO c.h.h.t.HelmChartContainer - [hivemq-test-hivemq-platform] [hivemq-platform-operator] [7dfae362] 23:54:47.585 [ReconcilerExecutor-hivemq-controller-145] INFO  c.h.p.o.HiveMQPlatformReconciler - [helmcont] Reconciling HiveMQ Platform 'test-hivemq-platform' in namespace 'helmcontainersecuritycontextupgradeplatformit'
2025-01-28 23:54:47,588 INFO c.h.h.t.HelmChartContainer - [hivemq-test-hivemq-platform] [hivemq-platform-operator] [7dfae362] 23:54:47.585 [ReconcilerExecutor-hivemq-controller-145] DEBUG c.h.p.o.HiveMQPlatformReconciler - [helmcont] Custom Resource Status ROLLING_RESTART - HiveMQ Platform is stopping the surge Pod (rolling restart) (SCALE_DOWN_IN_PROGRESS)
2025-01-28 23:54:47,588 INFO c.h.h.t.HelmChartContainer - [hivemq-test-hivemq-platform] [hivemq-platform-operator] [7dfae362] 23:54:47.585 [ReconcilerExecutor-hivemq-controller-145] DEBUG c.h.p.o.HiveMQPlatformReconciler - [helmcont] Custom Resource Spec (replicas: 1) (extensions: 1)
2025-01-28 23:54:47,589 INFO c.h.h.t.HelmChartContainer - [hivemq-test-hivemq-platform] [hivemq-platform-operator] [7dfae362] 23:54:47.587 [ReconcilerExecutor-hivemq-controller-145] DEBUG c.h.p.o.HiveMQPlatformReconciler - [helmcont] StatefulSet Status (revision: test-hivemq-platform-579f489c45, replicas: 2, available: 2, ready: 2, current: 0, updated: 1)
2025-01-28 23:54:47,591 INFO c.h.h.t.HelmChartContainer - [hivemq-test-hivemq-platform] [hivemq-platform-operator] [7dfae362] 23:54:47.587 [ReconcilerExecutor-hivemq-controller-145] DEBUG c.h.p.o.HiveMQPlatformReconciler - [helmcont] StatefulSet Spec (replicas: 1, init containers: 1, containers: 1, volumes: 3)
2025-01-28 23:54:47,591 INFO c.h.h.t.HelmChartContainer - [hivemq-test-hivemq-platform] [hivemq-platform-operator] [7dfae362] 23:54:47.588 [ReconcilerExecutor-hivemq-controller-145] DEBUG c.h.p.o.h.HiveMQPlatformReconcilerErrorHandler - [helmcont] Pod 'test-hivemq-platform-0' phase Running
2025-01-28 23:54:47,591 INFO c.h.h.t.HelmChartContainer - [hivemq-test-hivemq-platform] [hivemq-platform-operator] [7dfae362] 23:54:47.588 [ReconcilerExecutor-hivemq-controller-145] DEBUG c.h.p.o.h.HiveMQPlatformReconcilerRollingRestartHandler - [helmcont] Rolling restart is waiting for 2 of 1 replicas
2025-01-28 23:54:47,591 INFO c.h.h.t.HelmChartContainer - [hivemq-test-hivemq-platform] [hivemq-platform-operator] [7dfae362] 23:54:47.591 [pool-6-thread-29] DEBUG c.h.p.o.d.PlatformServiceResource - [helmcont] Desired Platform services (3 services)
2025-01-28 23:54:47,593 INFO c.h.h.t.HelmChartContainer - [hivemq-test-hivemq-platform] [hivemq-platform-operator] [7dfae362] 23:54:47.592 [pool-6-thread-27] DEBUG c.h.p.o.d.PodServiceAccountResource - [helmcont] Desired PodServiceAccountResource (serviceAccountName: hivemq-platform-pod-test-hivemq-platform)
2025-01-28 23:54:47,594 INFO c.h.h.t.HelmChartContainer - [hivemq-test-hivemq-platform] [hivemq-platform-operator] [7dfae362] 23:54:47.592 [pool-6-thread-22] DEBUG c.h.p.o.dependants.PodInfoConfigMap - [helmcont] Desired PodInfo ConfigMap (1 extensions) (1 enabled)
2025-01-28 23:54:47,595 INFO c.h.h.t.HelmChartContainer - [hivemq-test-hivemq-platform] [hivemq-platform-operator] [7dfae362] 23:54:47.594 [pool-6-thread-22] DEBUG c.h.p.o.dependants.PodInfoConfigMap - [helmcont] Desired PodInfo ConfigMap (metrics port: 9399) (metrics path: /)
2025-01-28 23:54:47,596 INFO c.h.h.t.HelmChartContainer - [hivemq-test-hivemq-platform] [hivemq-platform-operator] [7dfae362] 23:54:47.595 [pool-6-thread-22] DEBUG c.h.p.o.dependants.PodInfoConfigMap - [helmcont] Desired PodInfo ConfigMap (extension state hash: -1817474005)
2025-01-28 23:54:47,597 INFO c.h.h.t.HelmChartContainer - [hivemq-test-hivemq-platform] [hivemq-platform-operator] [7dfae362] 23:54:47.597 [pool-6-thread-22] DEBUG c.h.p.o.d.StatefulSetResource - [helmcont] Desired StatefulSet (1 replicas) for status ROLLING_RESTART (SCALE_DOWN_IN_PROGRESS)
2025-01-28 23:54:47,627 INFO c.h.h.t.HelmChartContainer - [test-hivemq-platform] [hivemq] [6594a6ad] INFO  - Shutting down HiveMQ. Please wait, this could take a while...
2025-01-28 23:54:47,630 INFO c.h.h.t.HelmChartContainer - [test-hivemq-platform] [hivemq] [6594a6ad] INFO  - Shutting down listeners and clients
2025-01-28 23:54:47,631 INFO c.h.h.t.HelmChartContainer - [test-hivemq-platform] [hivemq] [6594a6ad] INFO  - Shutdown of listeners is done
2025-01-28 23:54:47,632 INFO c.h.h.t.HelmChartContainer - [test-hivemq-platform] [hivemq] [6594a6ad] INFO  - No clients are connected, proceeding with shutdown
2025-01-28 23:54:47,685 INFO c.h.h.t.HelmChartContainer - [hivemq-test-hivemq-platform] [hivemq-platform-operator] [7dfae362] 23:54:47.684 [ReconcilerExecutor-hivemq-controller-146] INFO  c.h.p.o.HiveMQPlatformReconciler - [helmcont] Reconciling HiveMQ Platform 'test-hivemq-platform' in namespace 'helmcontainersecuritycontextupgradeplatformit'
2025-01-28 23:54:47,685 INFO c.h.h.t.HelmChartContainer - [hivemq-test-hivemq-platform] [hivemq-platform-operator] [7dfae362] 23:54:47.684 [ReconcilerExecutor-hivemq-controller-146] DEBUG c.h.p.o.HiveMQPlatformReconciler - [helmcont] Custom Resource Status ROLLING_RESTART - HiveMQ Platform is stopping the surge Pod (rolling restart) (SCALE_DOWN_IN_PROGRESS)
2025-01-28 23:54:47,685 INFO c.h.h.t.HelmChartContainer - [hivemq-test-hivemq-platform] [hivemq-platform-operator] [7dfae362] 23:54:47.684 [ReconcilerExecutor-hivemq-controller-146] DEBUG c.h.p.o.HiveMQPlatformReconciler - [helmcont] Custom Resource Spec (replicas: 1) (extensions: 1)
2025-01-28 23:54:47,687 INFO c.h.h.t.HelmChartContainer - [hivemq-test-hivemq-platform] [hivemq-platform-operator] [7dfae362] 23:54:47.687 [ReconcilerExecutor-hivemq-controller-146] DEBUG c.h.p.o.HiveMQPlatformReconciler - [helmcont] StatefulSet Status (revision: test-hivemq-platform-579f489c45, replicas: 2, available: 2, ready: 2, current: 0, updated: 1)
2025-01-28 23:54:47,688 INFO c.h.h.t.HelmChartContainer - [hivemq-test-hivemq-platform] [hivemq-platform-operator] [7dfae362] 23:54:47.687 [ReconcilerExecutor-hivemq-controller-146] DEBUG c.h.p.o.HiveMQPlatformReconciler - [helmcont] StatefulSet Spec (replicas: 1, init containers: 1, containers: 1, volumes: 3)
2025-01-28 23:54:47,689 INFO c.h.h.t.HelmChartContainer - [hivemq-test-hivemq-platform] [hivemq-platform-operator] [7dfae362] 23:54:47.688 [ReconcilerExecutor-hivemq-controller-146] DEBUG c.h.p.o.h.HiveMQPlatformReconcilerErrorHandler - [helmcont] Pod 'test-hivemq-platform-0' phase Running
2025-01-28 23:54:47,689 INFO c.h.h.t.HelmChartContainer - [hivemq-test-hivemq-platform] [hivemq-platform-operator] [7dfae362] 23:54:47.688 [ReconcilerExecutor-hivemq-controller-146] DEBUG c.h.p.o.h.HiveMQPlatformReconcilerRollingRestartHandler - [helmcont] Rolling restart is waiting for 2 of 1 replicas
2025-01-28 23:54:51,434 INFO c.h.h.t.HelmChartContainer - [test-hivemq-platform] [hivemq] [6594a6ad] INFO  - Shutting down extension system
2025-01-28 23:54:51,435 INFO c.h.h.t.HelmChartContainer - [test-hivemq-platform] [hivemq] [6594a6ad] INFO  - Stopping extension with id hivemq-dns-cluster-discovery
2025-01-28 23:54:51,436 INFO c.h.h.t.HelmChartContainer - [test-hivemq-platform] [hivemq] [6594a6ad] INFO  - Extension "DNS Cluster Discovery Extension" version 4.3.2 stopped successfully.
2025-01-28 23:54:51,436 INFO c.h.h.t.HelmChartContainer - [test-hivemq-platform] [hivemq] [6594a6ad] INFO  - Stopping extension with id hivemq-prometheus-extension
2025-01-28 23:54:51,440 INFO c.h.h.t.HelmChartContainer - [test-hivemq-platform] [hivemq] [6594a6ad] INFO  - Extension "Prometheus Monitoring Extension" version 4.0.12 stopped successfully.
2025-01-28 23:54:51,441 INFO c.h.h.t.HelmChartContainer - [test-hivemq-platform] [hivemq] [6594a6ad] INFO  - Stopping extension with id hivemq-allow-all-extension
2025-01-28 23:54:51,441 INFO c.h.h.t.HelmChartContainer - [test-hivemq-platform] [hivemq] [6594a6ad] INFO  - Extension "Allow All Extension" version 1.1.1 stopped successfully.
2025-01-28 23:54:51,447 INFO c.h.h.t.HelmChartContainer - [test-hivemq-platform] [hivemq] [e76dc4a8] INFO  - Cluster nodes found by discovery: [VqXIB|4] (1) [VqXIB].
2025-01-28 23:54:51,452 INFO c.h.h.t.HelmChartContainer - [test-hivemq-platform] [hivemq] [e76dc4a8] INFO  - Cluster size = 1, members : [VqXIB].
2025-01-28 23:54:51,933 INFO c.h.h.t.HelmChartContainer - [test-hivemq-platform] [hivemq] [6594a6ad] INFO  - [HiveMQ Platform Operator Init App 1.7.0-SNAPSHOT] Returning shutdown Health API response 503 for readiness
2025-01-28 23:54:51,938 INFO c.h.h.t.HelmChartContainer - [EVENT] Warning [Unhealthy] Readiness probe failed: HTTP probe failed with statuscode: 503 [helmcontainersecuritycontextupgradeplatformit:test-hivemq-platform-1]
2025-01-28 23:54:51,938 INFO c.h.h.t.HelmChartContainer - Received Unhealthy event for container hivemq in pod test-hivemq-platform-1 [6594a6ad-8874-4b2a-a33d-96d3fb007b26]
2025-01-28 23:54:53,734 INFO c.h.h.t.HelmChartContainer - [test-hivemq-platform] [hivemq] [6594a6ad] INFO  - Shutdown completed.
2025-01-28 23:54:54,082 INFO c.h.h.t.HelmChartContainer - [test-hivemq-platform] [hivemq] [6594a6ad] INFO  - [HiveMQ Platform Operator Init App 1.7.0-SNAPSHOT] The HiveMQ Platform exited with code 143
2025-01-28 23:54:54,082 INFO c.h.h.t.HelmChartContainer - [test-hivemq-platform] [hivemq] [6594a6ad] INFO  - [HiveMQ Platform Operator Init App 1.7.0-SNAPSHOT] Stopping the REST API
2025-01-28 23:54:54,094 INFO c.h.h.t.HelmChartContainer - [test-hivemq-platform] [hivemq] [6594a6ad] INFO  - [HiveMQ Platform Operator Init App 1.7.0-SNAPSHOT] Shutdown complete
2025-01-28 23:54:54,123 INFO c.h.h.t.HelmChartContainer - [test-hivemq-platform] [hivemq] [e76dc4a8] INFO  - [HiveMQ Platform Operator Init App 1.7.0-SNAPSHOT] Returning Health API response 200 for liveness
2025-01-28 23:54:54,564 INFO c.h.h.t.HelmChartContainer - [POD] test-hivemq-platform-1 [6594a6ad-8874-4b2a-a33d-96d3fb007b26] in helmcontainersecuritycontextupgradeplatformit was MODIFIED
2025-01-28 23:54:54,573 INFO c.h.h.t.HelmChartContainer - [hivemq-test-hivemq-platform] [hivemq-platform-operator] [7dfae362] 23:54:54.566 [pool-6-thread-32] DEBUG c.h.p.o.d.PlatformServiceResource - [helmcont] Desired Platform services (3 services)
2025-01-28 23:54:54,573 INFO c.h.h.t.HelmChartContainer - [hivemq-test-hivemq-platform] [hivemq-platform-operator] [7dfae362] 23:54:54.570 [pool-6-thread-39] DEBUG c.h.p.o.dependants.PodInfoConfigMap - [helmcont] Desired PodInfo ConfigMap (1 extensions) (1 enabled)
2025-01-28 23:54:54,573 INFO c.h.h.t.HelmChartContainer - [hivemq-test-hivemq-platform] [hivemq-platform-operator] [7dfae362] 23:54:54.570 [pool-6-thread-39] DEBUG c.h.p.o.dependants.PodInfoConfigMap - [helmcont] Desired PodInfo ConfigMap (metrics port: 9399) (metrics path: /)
2025-01-28 23:54:54,573 INFO c.h.h.t.HelmChartContainer - [hivemq-test-hivemq-platform] [hivemq-platform-operator] [7dfae362] 23:54:54.570 [pool-6-thread-39] DEBUG c.h.p.o.dependants.PodInfoConfigMap - [helmcont] Desired PodInfo ConfigMap (extension state hash: -1817474005)
2025-01-28 23:54:54,576 INFO c.h.h.t.HelmChartContainer - [K3S] [reconciler_common.go:162] "operationExecutor.UnmountVolume started for volume \"kube-api-access-kj5jg\" (UniqueName: \"kubernetes.io/projected/6594a6ad-8874-4b2a-a33d-96d3fb007b26-kube-api-access-kj5jg\") pod \"6594a6ad-8874-4b2a-a33d-96d3fb007b26\" (UID: \"6594a6ad-8874-4b2a-a33d-96d3fb007b26\") "
2025-01-28 23:54:54,576 INFO c.h.h.t.HelmChartContainer - [K3S] [reconciler_common.go:162] "operationExecutor.UnmountVolume started for volume \"operator-init\" (UniqueName: \"kubernetes.io/empty-dir/6594a6ad-8874-4b2a-a33d-96d3fb007b26-operator-init\") pod \"6594a6ad-8874-4b2a-a33d-96d3fb007b26\" (UID: \"6594a6ad-8874-4b2a-a33d-96d3fb007b26\") "
2025-01-28 23:54:54,576 INFO c.h.h.t.HelmChartContainer - [K3S] [reconciler_common.go:162] "operationExecutor.UnmountVolume started for volume \"pod-info\" (UniqueName: \"kubernetes.io/configmap/6594a6ad-8874-4b2a-a33d-96d3fb007b26-pod-info\") pod \"6594a6ad-8874-4b2a-a33d-96d3fb007b26\" (UID: \"6594a6ad-8874-4b2a-a33d-96d3fb007b26\") "
2025-01-28 23:54:54,576 INFO c.h.h.t.HelmChartContainer - [K3S] [reconciler_common.go:162] "operationExecutor.UnmountVolume started for volume \"broker-configuration\" (UniqueName: \"kubernetes.io/configmap/6594a6ad-8874-4b2a-a33d-96d3fb007b26-broker-configuration\") pod \"6594a6ad-8874-4b2a-a33d-96d3fb007b26\" (UID: \"6594a6ad-8874-4b2a-a33d-96d3fb007b26\") "
2025-01-28 23:54:54,579 INFO c.h.h.t.HelmChartContainer - [hivemq-test-hivemq-platform] [hivemq-platform-operator] [7dfae362] 23:54:54.577 [pool-6-thread-39] DEBUG c.h.p.o.d.PodServiceAccountResource - [helmcont] Desired PodServiceAccountResource (serviceAccountName: hivemq-platform-pod-test-hivemq-platform)
2025-01-28 23:54:54,586 INFO c.h.h.t.HelmChartContainer - [hivemq-test-hivemq-platform] [hivemq-platform-operator] [7dfae362] 23:54:54.580 [pool-6-thread-32] DEBUG c.h.p.o.d.StatefulSetResource - [helmcont] Desired StatefulSet (1 replicas) for status ROLLING_RESTART (SCALE_DOWN_IN_PROGRESS)
2025-01-28 23:54:54,589 INFO c.h.h.t.HelmChartContainer - [hivemq-test-hivemq-platform] [hivemq-platform-operator] [7dfae362] 23:54:54.584 [ReconcilerExecutor-hivemq-controller-147] INFO  c.h.p.o.HiveMQPlatformReconciler - [helmcont] Reconciling HiveMQ Platform 'test-hivemq-platform' in namespace 'helmcontainersecuritycontextupgradeplatformit'
2025-01-28 23:54:54,589 INFO c.h.h.t.HelmChartContainer - [hivemq-test-hivemq-platform] [hivemq-platform-operator] [7dfae362] 23:54:54.584 [ReconcilerExecutor-hivemq-controller-147] DEBUG c.h.p.o.HiveMQPlatformReconciler - [helmcont] Custom Resource Status ROLLING_RESTART - HiveMQ Platform is stopping the surge Pod (rolling restart) (SCALE_DOWN_IN_PROGRESS)
2025-01-28 23:54:54,589 INFO c.h.h.t.HelmChartContainer - [hivemq-test-hivemq-platform] [hivemq-platform-operator] [7dfae362] 23:54:54.584 [ReconcilerExecutor-hivemq-controller-147] DEBUG c.h.p.o.HiveMQPlatformReconciler - [helmcont] Custom Resource Spec (replicas: 1) (extensions: 1)
2025-01-28 23:54:54,589 INFO c.h.h.t.HelmChartContainer - [hivemq-test-hivemq-platform] [hivemq-platform-operator] [7dfae362] 23:54:54.585 [ReconcilerExecutor-hivemq-controller-147] DEBUG c.h.p.o.HiveMQPlatformReconciler - [helmcont] StatefulSet Status (revision: test-hivemq-platform-579f489c45, replicas: 2, available: 1, ready: 1, current: 0, updated: 1)
2025-01-28 23:54:54,589 INFO c.h.h.t.HelmChartContainer - [hivemq-test-hivemq-platform] [hivemq-platform-operator] [7dfae362] 23:54:54.585 [ReconcilerExecutor-hivemq-controller-147] DEBUG c.h.p.o.HiveMQPlatformReconciler - [helmcont] StatefulSet Spec (replicas: 1, init containers: 1, containers: 1, volumes: 3)
2025-01-28 23:54:54,589 INFO c.h.h.t.HelmChartContainer - [hivemq-test-hivemq-platform] [hivemq-platform-operator] [7dfae362] 23:54:54.586 [ReconcilerExecutor-hivemq-controller-147] DEBUG c.h.p.o.h.HiveMQPlatformReconcilerErrorHandler - [helmcont] Pod 'test-hivemq-platform-0' phase Running
2025-01-28 23:54:54,589 INFO c.h.h.t.HelmChartContainer - [hivemq-test-hivemq-platform] [hivemq-platform-operator] [7dfae362] 23:54:54.586 [ReconcilerExecutor-hivemq-controller-147] INFO  c.h.p.o.h.HiveMQPlatformReconcilerRollingRestartHandler - [helmcont] Rolling restart is done
2025-01-28 23:54:54,598 INFO c.h.h.t.HelmChartContainer - [EVENT] Normal [Ready] HiveMQ Platform is ready [helmcontainersecuritycontextupgradeplatformit:test-hivemq-platform]
2025-01-28 23:54:54,599 INFO c.h.h.t.HelmChartContainer - [hivemq-test-hivemq-platform] [hivemq-platform-operator] [7dfae362] 23:54:54.598 [ReconcilerExecutor-hivemq-controller-147] DEBUG c.h.p.operator.event.EventSender - [helmcont] Updating K8s event hivemq-platform-ready: [Ready] HiveMQ Platform is ready
2025-01-28 23:54:54,600 INFO c.h.h.t.HelmChartContainer - [hivemq-test-hivemq-platform] [hivemq-platform-operator] [7dfae362] 23:54:54.598 [ReconcilerExecutor-hivemq-controller-147] INFO  c.h.p.o.h.AbstractHiveMQReconcilerStateHandler - [helmcont] Update HiveMQ Platform Status (ROLLING_RESTART [SCALE_DOWN_IN_PROGRESS] -> RUNNING [READY]): HiveMQ Platform is ready
2025-01-28 23:54:54,663 DEBUG com.hivemq.helmcharts.util.K8sUtil - Comparing actual state 'RUNNING' and waiting for 'RUNNING'
2025-01-28 23:54:54,667 INFO c.h.h.t.HelmChartContainer - [hivemq-test-hivemq-platform] [hivemq-platform-operator] [7dfae362] 23:54:54.665 [pool-6-thread-49] DEBUG c.h.p.o.d.PlatformServiceResource - [helmcont] Desired Platform services (3 services)
2025-01-28 23:54:54,667 INFO c.h.h.t.HelmChartContainer - [hivemq-test-hivemq-platform] [hivemq-platform-operator] [7dfae362] 23:54:54.665 [pool-6-thread-41] DEBUG c.h.p.o.d.PodServiceAccountResource - [helmcont] Desired PodServiceAccountResource (serviceAccountName: hivemq-platform-pod-test-hivemq-platform)
2025-01-28 23:54:54,668 INFO c.h.h.t.HelmChartContainer - Uninstalling release 'test-hivemq-platform' in namespace 'helmcontainersecuritycontextupgradeplatformit'...
2025-01-28 23:54:54,668 DEBUG c.h.h.t.HelmChartContainer - Executing helm command: /bin/helm --kubeconfig /etc/rancher/k3s/k3s.yaml uninstall test-hivemq-platform  --wait --timeout 5m0s --cascade foreground --namespace helmcontainersecuritycontextupgradeplatformit
2025-01-28 23:54:54,669 INFO c.h.h.t.HelmChartContainer - [hivemq-test-hivemq-platform] [hivemq-platform-operator] [7dfae362] 23:54:54.668 [pool-6-thread-45] DEBUG c.h.p.o.dependants.PodInfoConfigMap - [helmcont] Desired PodInfo ConfigMap (1 extensions) (1 enabled)
2025-01-28 23:54:54,669 INFO c.h.h.t.HelmChartContainer - [hivemq-test-hivemq-platform] [hivemq-platform-operator] [7dfae362] 23:54:54.668 [pool-6-thread-45] DEBUG c.h.p.o.dependants.PodInfoConfigMap - [helmcont] Desired PodInfo ConfigMap (metrics port: 9399) (metrics path: /)
2025-01-28 23:54:54,670 INFO c.h.h.t.HelmChartContainer - [hivemq-test-hivemq-platform] [hivemq-platform-operator] [7dfae362] 23:54:54.668 [pool-6-thread-45] DEBUG c.h.p.o.dependants.PodInfoConfigMap - [helmcont] Desired PodInfo ConfigMap (extension state hash: -1817474005)
2025-01-28 23:54:54,670 INFO c.h.h.t.HelmChartContainer - [hivemq-test-hivemq-platform] [hivemq-platform-operator] [7dfae362] 23:54:54.668 [pool-6-thread-45] DEBUG c.h.p.o.dependants.PodInfoConfigMap - [helmcont] Update PodInfo ConfigMap
2025-01-28 23:54:54,675 INFO c.h.h.t.HelmChartContainer - [K3S] [reconciler_common.go:299] "Volume detached for volume \"operator-init\" (UniqueName: \"kubernetes.io/empty-dir/6594a6ad-8874-4b2a-a33d-96d3fb007b26-operator-init\") on node \"0c997a873dc5\" DevicePath \"\""
2025-01-28 23:54:54,675 INFO c.h.h.t.HelmChartContainer - [K3S] [reconciler_common.go:299] "Volume detached for volume \"broker-configuration\" (UniqueName: \"kubernetes.io/configmap/6594a6ad-8874-4b2a-a33d-96d3fb007b26-broker-configuration\") on node \"0c997a873dc5\" DevicePath \"\""
2025-01-28 23:54:54,675 INFO c.h.h.t.HelmChartContainer - [K3S] [reconciler_common.go:299] "Volume detached for volume \"pod-info\" (UniqueName: \"kubernetes.io/configmap/6594a6ad-8874-4b2a-a33d-96d3fb007b26-pod-info\") on node \"0c997a873dc5\" DevicePath \"\""
2025-01-28 23:54:54,675 INFO c.h.h.t.HelmChartContainer - [K3S] [reconciler_common.go:299] "Volume detached for volume \"kube-api-access-kj5jg\" (UniqueName: \"kubernetes.io/projected/6594a6ad-8874-4b2a-a33d-96d3fb007b26-kube-api-access-kj5jg\") on node \"0c997a873dc5\" DevicePath \"\""
2025-01-28 23:54:54,681 INFO c.h.h.t.HelmChartContainer - [hivemq-test-hivemq-platform] [hivemq-platform-operator] [7dfae362] 23:54:54.678 [pool-6-thread-45] DEBUG c.h.p.o.d.StatefulSetResource - [helmcont] Desired StatefulSet (1 replicas) for status RUNNING (READY)
2025-01-28 23:54:54,682 INFO c.h.h.t.HelmChartContainer - [hivemq-test-hivemq-platform] [hivemq-platform-operator] [7dfae362] 23:54:54.681 [ReconcilerExecutor-hivemq-controller-148] INFO  c.h.p.o.HiveMQPlatformReconciler - [helmcont] Reconciling HiveMQ Platform 'test-hivemq-platform' in namespace 'helmcontainersecuritycontextupgradeplatformit'
2025-01-28 23:54:54,684 INFO c.h.h.t.HelmChartContainer - [hivemq-test-hivemq-platform] [hivemq-platform-operator] [7dfae362] 23:54:54.681 [ReconcilerExecutor-hivemq-controller-148] DEBUG c.h.p.o.HiveMQPlatformReconciler - [helmcont] Custom Resource Status RUNNING - HiveMQ Platform is ready (READY)
2025-01-28 23:54:54,684 INFO c.h.h.t.HelmChartContainer - [hivemq-test-hivemq-platform] [hivemq-platform-operator] [7dfae362] 23:54:54.681 [ReconcilerExecutor-hivemq-controller-148] DEBUG c.h.p.o.HiveMQPlatformReconciler - [helmcont] Custom Resource Spec (replicas: 1) (extensions: 1)
2025-01-28 23:54:54,685 INFO c.h.h.t.HelmChartContainer - [hivemq-test-hivemq-platform] [hivemq-platform-operator] [7dfae362] 23:54:54.682 [ReconcilerExecutor-hivemq-controller-148] DEBUG c.h.p.o.HiveMQPlatformReconciler - [helmcont] StatefulSet Status (revision: test-hivemq-platform-579f489c45, replicas: 2, available: 1, ready: 1, current: 0, updated: 1)
2025-01-28 23:54:54,685 INFO c.h.h.t.HelmChartContainer - [hivemq-test-hivemq-platform] [hivemq-platform-operator] [7dfae362] 23:54:54.682 [ReconcilerExecutor-hivemq-controller-148] DEBUG c.h.p.o.HiveMQPlatformReconciler - [helmcont] StatefulSet Spec (replicas: 1, init containers: 1, containers: 1, volumes: 3)
2025-01-28 23:54:54,685 INFO c.h.h.t.HelmChartContainer - [hivemq-test-hivemq-platform] [hivemq-platform-operator] [7dfae362] 23:54:54.683 [ReconcilerExecutor-hivemq-controller-148] DEBUG c.h.p.o.h.HiveMQPlatformReconcilerErrorHandler - [helmcont] Pod 'test-hivemq-platform-0' phase Running
2025-01-28 23:54:54,850 INFO c.h.h.t.HelmChartContainer - [K3S] [scope.go:117] "RemoveContainer" containerID="4f17f02bbd65843dabbe6fbbc5a0fd26812f9a2177b79c43028cdb4a33d9f5b6"
2025-01-28 23:54:54,858 INFO c.h.h.t.HelmChartContainer - [hivemq-test-hivemq-platform] [hivemq-platform-operator] [7dfae362] 23:54:54.851 [pool-6-thread-2] DEBUG c.h.p.o.d.PlatformServiceResource - [helmcont] Desired Platform services (3 services)
2025-01-28 23:54:54,878 INFO c.h.h.t.HelmChartContainer - [hivemq-test-hivemq-platform] [hivemq-platform-operator] [7dfae362] 23:54:54.858 [pool-6-thread-2] DEBUG c.h.p.o.dependants.PodInfoConfigMap - [helmcont] Desired PodInfo ConfigMap (1 extensions) (1 enabled)
2025-01-28 23:54:54,878 INFO c.h.h.t.HelmChartContainer - [hivemq-test-hivemq-platform] [hivemq-platform-operator] [7dfae362] 23:54:54.858 [pool-6-thread-2] DEBUG c.h.p.o.dependants.PodInfoConfigMap - [helmcont] Desired PodInfo ConfigMap (metrics port: 9399) (metrics path: /)
2025-01-28 23:54:54,878 INFO c.h.h.t.HelmChartContainer - [hivemq-test-hivemq-platform] [hivemq-platform-operator] [7dfae362] 23:54:54.858 [pool-6-thread-2] DEBUG c.h.p.o.dependants.PodInfoConfigMap - [helmcont] Desired PodInfo ConfigMap (extension state hash: -1817474005)
2025-01-28 23:54:54,878 INFO c.h.h.t.HelmChartContainer - [hivemq-test-hivemq-platform] [hivemq-platform-operator] [7dfae362] 23:54:54.860 [pool-6-thread-9] DEBUG c.h.p.o.d.PodServiceAccountResource - [helmcont] Desired PodServiceAccountResource (serviceAccountName: hivemq-platform-pod-test-hivemq-platform)
2025-01-28 23:54:54,878 INFO c.h.h.t.HelmChartContainer - [hivemq-test-hivemq-platform] [hivemq-platform-operator] [7dfae362] 23:54:54.861 [pool-6-thread-2] DEBUG c.h.p.o.d.StatefulSetResource - [helmcont] Desired StatefulSet (1 replicas) for status RUNNING (READY)
2025-01-28 23:54:54,878 INFO c.h.h.t.HelmChartContainer - [hivemq-test-hivemq-platform] [hivemq-platform-operator] [7dfae362] 23:54:54.866 [ReconcilerExecutor-hivemq-controller-150] INFO  c.h.p.o.HiveMQPlatformReconciler - [helmcont] Reconciling HiveMQ Platform 'test-hivemq-platform' in namespace 'helmcontainersecuritycontextupgradeplatformit'
2025-01-28 23:54:54,878 INFO c.h.h.t.HelmChartContainer - [hivemq-test-hivemq-platform] [hivemq-platform-operator] [7dfae362] 23:54:54.866 [ReconcilerExecutor-hivemq-controller-150] DEBUG c.h.p.o.HiveMQPlatformReconciler - [helmcont] Custom Resource Status RUNNING - HiveMQ Platform is ready (READY)
2025-01-28 23:54:54,878 INFO c.h.h.t.HelmChartContainer - [hivemq-test-hivemq-platform] [hivemq-platform-operator] [7dfae362] 23:54:54.866 [ReconcilerExecutor-hivemq-controller-150] DEBUG c.h.p.o.HiveMQPlatformReconciler - [helmcont] Custom Resource Spec (replicas: 1) (extensions: 1)
2025-01-28 23:54:54,878 INFO c.h.h.t.HelmChartContainer - [hivemq-test-hivemq-platform] [hivemq-platform-operator] [7dfae362] 23:54:54.867 [ReconcilerExecutor-hivemq-controller-150] DEBUG c.h.p.o.HiveMQPlatformReconciler - [helmcont] StatefulSet Status (revision: test-hivemq-platform-579f489c45, replicas: 2, available: 1, ready: 1, current: 0, updated: 1)
2025-01-28 23:54:54,878 INFO c.h.h.t.HelmChartContainer - [hivemq-test-hivemq-platform] [hivemq-platform-operator] [7dfae362] 23:54:54.867 [ReconcilerExecutor-hivemq-controller-150] DEBUG c.h.p.o.HiveMQPlatformReconciler - [helmcont] StatefulSet Spec (replicas: 1, init containers: 1, containers: 1, volumes: 3)
2025-01-28 23:54:54,878 INFO c.h.h.t.HelmChartContainer - [hivemq-test-hivemq-platform] [hivemq-platform-operator] [7dfae362] 23:54:54.868 [ReconcilerExecutor-hivemq-controller-150] DEBUG c.h.p.o.h.HiveMQPlatformReconcilerErrorHandler - [helmcont] Pod 'test-hivemq-platform-0' phase Running
2025-01-28 23:54:54,894 INFO c.h.h.t.HelmChartContainer - [hivemq-test-hivemq-platform] [hivemq-platform-operator] [7dfae362] 23:54:54.890 [ReconcilerExecutor-hivemq-controller-151] INFO  c.h.p.o.HiveMQPlatformReconciler - [helmcont] Cleanup test-hivemq-platform - helmcontainersecuritycontextupgradeplatformit HiveMQ Platform is shut down
2025-01-28 23:54:54,903 INFO c.h.h.t.HelmChartContainer - [POD] test-hivemq-platform-1 [6594a6ad-8874-4b2a-a33d-96d3fb007b26] in helmcontainersecuritycontextupgradeplatformit was MODIFIED
2025-01-28 23:54:54,920 INFO c.h.h.t.HelmChartContainer - [POD] test-hivemq-platform-1 [6594a6ad-8874-4b2a-a33d-96d3fb007b26] in helmcontainersecuritycontextupgradeplatformit was DELETED
2025-01-28 23:54:55,031 INFO c.h.h.t.HelmChartContainer - [K3S] [scope.go:117] "RemoveContainer" containerID="b370d2f37338262e8792bce239f72a770660d301c9da40ab47634ba5cba4a53c"
2025-01-28 23:54:55,034 INFO c.h.h.t.HelmChartContainer - [K3S] [scope.go:117] "RemoveContainer" containerID="4f17f02bbd65843dabbe6fbbc5a0fd26812f9a2177b79c43028cdb4a33d9f5b6"
2025-01-28 23:54:55,035 INFO c.h.h.t.HelmChartContainer - [K3S] [scope.go:117] "RemoveContainer" containerID="b370d2f37338262e8792bce239f72a770660d301c9da40ab47634ba5cba4a53c"
2025-01-28 23:54:55,496 INFO c.h.h.t.HelmChartContainer - [K3S] [kubelet_volumes.go:163] "Cleaned up orphaned pod volumes dir" podUID="6594a6ad-8874-4b2a-a33d-96d3fb007b26" path="/var/lib/kubelet/pods/6594a6ad-8874-4b2a-a33d-96d3fb007b26/volumes"
2025-01-28 23:54:55,754 INFO c.h.h.t.HelmChartContainer - [POD] test-hivemq-platform-0 [e76dc4a8-8926-4bdf-a0de-c74e24bd98df] in helmcontainersecuritycontextupgradeplatformit was MODIFIED
2025-01-28 23:54:55,762 INFO c.h.h.t.HelmChartContainer - [EVENT] Normal [Killing] Stopping container hivemq [helmcontainersecuritycontextupgradeplatformit:test-hivemq-platform-0]
2025-01-28 23:54:55,763 INFO c.h.h.t.HelmChartContainer - Received Killing event for container hivemq in pod test-hivemq-platform-0 [e76dc4a8-8926-4bdf-a0de-c74e24bd98df]
2025-01-28 23:54:55,763 INFO c.h.h.t.HelmChartContainer - Container [test-hivemq-platform-0] [hivemq] [e76dc4a8-8926-4bdf-a0de-c74e24bd98df] was terminated
2025-01-28 23:54:55,763 INFO c.h.h.t.HelmChartContainer - Stopped log watcher for hivemq in pod test-hivemq-platform-0 [e76dc4a8-8926-4bdf-a0de-c74e24bd98df]
2025-01-28 23:54:55,768 INFO c.h.h.t.HelmChartContainer - [test-hivemq-platform] [hivemq] [e76dc4a8] INFO  - [HiveMQ Platform Operator Init App 1.7.0-SNAPSHOT] Shutting down
2025-01-28 23:54:55,768 INFO c.h.h.t.HelmChartContainer - [test-hivemq-platform] [hivemq] [e76dc4a8] INFO  - [HiveMQ Platform Operator Init App 1.7.0-SNAPSHOT] Stopping the HiveMQ Platform
2025-01-28 23:54:55,866 INFO c.h.h.t.HelmChartContainer - [test-hivemq-platform] [hivemq] [e76dc4a8] INFO  - Shutting down HiveMQ. Please wait, this could take a while...
2025-01-28 23:54:55,869 INFO c.h.h.t.HelmChartContainer - [test-hivemq-platform] [hivemq] [e76dc4a8] INFO  - Shutting down listeners and clients
2025-01-28 23:54:55,952 INFO c.h.h.t.HelmChartContainer - [test-hivemq-platform] [hivemq] [e76dc4a8] INFO  - Shutdown of listeners is done
2025-01-28 23:54:55,952 INFO c.h.h.t.HelmChartContainer - [test-hivemq-platform] [hivemq] [e76dc4a8] INFO  - No clients are connected, proceeding with shutdown
2025-01-28 23:54:56,904 INFO c.h.h.t.HelmChartContainer - Deleting namespace 'helmcontainersecuritycontextupgradeplatformit'...
2025-01-28 23:54:57,069 INFO c.h.h.t.HelmChartContainer - [test-hivemq-platform] [hivemq] [e76dc4a8] INFO  - [HiveMQ Platform Operator Init App 1.7.0-SNAPSHOT] Returning shutdown Health API response 503 for readiness
2025-01-28 23:54:57,073 INFO c.h.h.t.HelmChartContainer - [EVENT] Warning [Unhealthy] Readiness probe failed: HTTP probe failed with statuscode: 503 [helmcontainersecuritycontextupgradeplatformit:test-hivemq-platform-0]
2025-01-28 23:54:57,073 INFO c.h.h.t.HelmChartContainer - Received Unhealthy event for container hivemq in pod test-hivemq-platform-0 [e76dc4a8-8926-4bdf-a0de-c74e24bd98df]
2025-01-28 23:54:57,375 INFO c.h.h.t.HelmChartContainer - [K3S] [authentication.go:74] "Unable to authenticate the request" err="[invalid bearer token, serviceaccounts \"hivemq-platform-pod-test-hivemq-platform\" not found]"
2025-01-28 23:54:57,391 INFO c.h.h.t.HelmChartContainer - [K3S] [authentication.go:74] "Unable to authenticate the request" err="[invalid bearer token, serviceaccounts \"hivemq-platform-pod-test-hivemq-platform\" not found]"
2025-01-28 23:54:57,453 INFO c.h.h.t.HelmChartContainer - [test-hivemq-platform] [hivemq] [e76dc4a8] WARN  - [HiveMQ Platform Operator Init App 1.7.0-SNAPSHOT] Could not update Pod annotations: Failure executing: GET at: https://10.43.0.1:443/api/v1/namespaces/helmcontainersecuritycontextupgradeplatformit/pods/test-hivemq-platform-0. Message: Unauthorized. Received status: Status(apiVersion=v1, code=401, details=null, kind=Status, message=Unauthorized, metadata=ListMeta(_continue=null, remainingItemCount=null, resourceVersion=null, selfLink=null, additionalProperties={}), reason=Unauthorized, status=Failure, additionalProperties={}).
2025-01-28 23:54:59,855 INFO c.h.h.t.HelmChartContainer - [test-hivemq-platform] [hivemq] [e76dc4a8] INFO  - Shutting down extension system
2025-01-28 23:54:59,858 INFO c.h.h.t.HelmChartContainer - [test-hivemq-platform] [hivemq] [e76dc4a8] INFO  - Stopping extension with id hivemq-dns-cluster-discovery
2025-01-28 23:54:59,859 INFO c.h.h.t.HelmChartContainer - [test-hivemq-platform] [hivemq] [e76dc4a8] INFO  - Extension "DNS Cluster Discovery Extension" version 4.3.2 stopped successfully.
2025-01-28 23:54:59,859 INFO c.h.h.t.HelmChartContainer - [test-hivemq-platform] [hivemq] [e76dc4a8] INFO  - Stopping extension with id hivemq-prometheus-extension
2025-01-28 23:54:59,861 INFO c.h.h.t.HelmChartContainer - [test-hivemq-platform] [hivemq] [e76dc4a8] INFO  - Extension "Prometheus Monitoring Extension" version 4.0.12 stopped successfully.
2025-01-28 23:54:59,862 INFO c.h.h.t.HelmChartContainer - [test-hivemq-platform] [hivemq] [e76dc4a8] INFO  - Stopping extension with id hivemq-allow-all-extension
2025-01-28 23:54:59,862 INFO c.h.h.t.HelmChartContainer - [test-hivemq-platform] [hivemq] [e76dc4a8] INFO  - Extension "Allow All Extension" version 1.1.1 stopped successfully.
2025-01-28 23:55:02,043 INFO c.h.h.t.HelmChartContainer - [K3S] [stateful_set.go:466] "StatefulSet has been deleted" key="helmcontainersecuritycontextupgradeplatformit/test-hivemq-platform"
2025-01-28 23:55:02,132 INFO c.h.h.t.HelmChartContainer - [K3S] [namespace_controller.go:164] "Unhandled Error" err="deletion of namespace helmcontainersecuritycontextupgradeplatformit failed: unexpected items still remain in namespace: helmcontainersecuritycontextupgradeplatformit for gvr: /v1, Resource=events"
2025-01-28 23:55:02,217 INFO c.h.h.t.HelmChartContainer - [test-hivemq-platform] [hivemq] [e76dc4a8] INFO  - Shutdown completed.
2025-01-28 23:55:02,457 INFO c.h.h.t.HelmChartContainer - [K3S] [authentication.go:74] "Unable to authenticate the request" err="[invalid bearer token, serviceaccounts \"hivemq-platform-pod-test-hivemq-platform\" not found]"
2025-01-28 23:55:02,467 INFO c.h.h.t.HelmChartContainer - [K3S] [authentication.go:74] "Unable to authenticate the request" err="[invalid bearer token, serviceaccounts \"hivemq-platform-pod-test-hivemq-platform\" not found]"
2025-01-28 23:55:02,468 INFO c.h.h.t.HelmChartContainer - [test-hivemq-platform] [hivemq] [e76dc4a8] WARN  - [HiveMQ Platform Operator Init App 1.7.0-SNAPSHOT] Could not update Pod annotations: Failure executing: GET at: https://10.43.0.1:443/api/v1/namespaces/helmcontainersecuritycontextupgradeplatformit/pods/test-hivemq-platform-0. Message: Unauthorized. Received status: Status(apiVersion=v1, code=401, details=null, kind=Status, message=Unauthorized, metadata=ListMeta(_continue=null, remainingItemCount=null, resourceVersion=null, selfLink=null, additionalProperties={}), reason=Unauthorized, status=Failure, additionalProperties={}).
2025-01-28 23:55:02,581 INFO c.h.h.t.HelmChartContainer - [test-hivemq-platform] [hivemq] [e76dc4a8] INFO  - [HiveMQ Platform Operator Init App 1.7.0-SNAPSHOT] The HiveMQ Platform exited with code 143
2025-01-28 23:55:02,581 INFO c.h.h.t.HelmChartContainer - [test-hivemq-platform] [hivemq] [e76dc4a8] INFO  - [HiveMQ Platform Operator Init App 1.7.0-SNAPSHOT] Stopping the REST API
2025-01-28 23:55:02,589 INFO c.h.h.t.HelmChartContainer - [test-hivemq-platform] [hivemq] [e76dc4a8] INFO  - [HiveMQ Platform Operator Init App 1.7.0-SNAPSHOT] Shutdown complete
2025-01-28 23:55:03,056 INFO c.h.h.t.HelmChartContainer - [POD] test-hivemq-platform-0 [e76dc4a8-8926-4bdf-a0de-c74e24bd98df] in helmcontainersecuritycontextupgradeplatformit was MODIFIED
2025-01-28 23:55:03,122 INFO c.h.h.t.HelmChartContainer - [K3S] [reconciler_common.go:162] "operationExecutor.UnmountVolume started for volume \"operator-init\" (UniqueName: \"kubernetes.io/empty-dir/e76dc4a8-8926-4bdf-a0de-c74e24bd98df-operator-init\") pod \"e76dc4a8-8926-4bdf-a0de-c74e24bd98df\" (UID: \"e76dc4a8-8926-4bdf-a0de-c74e24bd98df\") "
2025-01-28 23:55:03,123 INFO c.h.h.t.HelmChartContainer - [K3S] [reconciler_common.go:162] "operationExecutor.UnmountVolume started for volume \"kube-api-access-hd4h6\" (UniqueName: \"kubernetes.io/projected/e76dc4a8-8926-4bdf-a0de-c74e24bd98df-kube-api-access-hd4h6\") pod \"e76dc4a8-8926-4bdf-a0de-c74e24bd98df\" (UID: \"e76dc4a8-8926-4bdf-a0de-c74e24bd98df\") "
2025-01-28 23:55:03,123 INFO c.h.h.t.HelmChartContainer - [K3S] [reconciler_common.go:162] "operationExecutor.UnmountVolume started for volume \"broker-configuration\" (UniqueName: \"kubernetes.io/configmap/e76dc4a8-8926-4bdf-a0de-c74e24bd98df-broker-configuration\") pod \"e76dc4a8-8926-4bdf-a0de-c74e24bd98df\" (UID: \"e76dc4a8-8926-4bdf-a0de-c74e24bd98df\") "
2025-01-28 23:55:03,123 INFO c.h.h.t.HelmChartContainer - [K3S] [reconciler_common.go:162] "operationExecutor.UnmountVolume started for volume \"pod-info\" (UniqueName: \"kubernetes.io/configmap/e76dc4a8-8926-4bdf-a0de-c74e24bd98df-pod-info\") pod \"e76dc4a8-8926-4bdf-a0de-c74e24bd98df\" (UID: \"e76dc4a8-8926-4bdf-a0de-c74e24bd98df\") "
2025-01-28 23:55:03,223 INFO c.h.h.t.HelmChartContainer - [K3S] [reconciler_common.go:299] "Volume detached for volume \"operator-init\" (UniqueName: \"kubernetes.io/empty-dir/e76dc4a8-8926-4bdf-a0de-c74e24bd98df-operator-init\") on node \"0c997a873dc5\" DevicePath \"\""
2025-01-28 23:55:03,223 INFO c.h.h.t.HelmChartContainer - [K3S] [reconciler_common.go:299] "Volume detached for volume \"kube-api-access-hd4h6\" (UniqueName: \"kubernetes.io/projected/e76dc4a8-8926-4bdf-a0de-c74e24bd98df-kube-api-access-hd4h6\") on node \"0c997a873dc5\" DevicePath \"\""
2025-01-28 23:55:03,223 INFO c.h.h.t.HelmChartContainer - [K3S] [reconciler_common.go:299] "Volume detached for volume \"broker-configuration\" (UniqueName: \"kubernetes.io/configmap/e76dc4a8-8926-4bdf-a0de-c74e24bd98df-broker-configuration\") on node \"0c997a873dc5\" DevicePath \"\""
2025-01-28 23:55:03,223 INFO c.h.h.t.HelmChartContainer - [K3S] [reconciler_common.go:299] "Volume detached for volume \"pod-info\" (UniqueName: \"kubernetes.io/configmap/e76dc4a8-8926-4bdf-a0de-c74e24bd98df-pod-info\") on node \"0c997a873dc5\" DevicePath \"\""
2025-01-28 23:55:03,865 INFO c.h.h.t.HelmChartContainer - [K3S] [scope.go:117] "RemoveContainer" containerID="d2938c6f6ed25fc1207aa3fa9e68b77f525f39de3c342174def802c3bba5a56c"
2025-01-28 23:55:03,875 INFO c.h.h.t.HelmChartContainer - [POD] test-hivemq-platform-0 [e76dc4a8-8926-4bdf-a0de-c74e24bd98df] in helmcontainersecuritycontextupgradeplatformit was MODIFIED
2025-01-28 23:55:03,879 INFO c.h.h.t.HelmChartContainer - [POD] test-hivemq-platform-0 [e76dc4a8-8926-4bdf-a0de-c74e24bd98df] in helmcontainersecuritycontextupgradeplatformit was DELETED
2025-01-28 23:55:03,968 INFO c.h.h.t.HelmChartContainer - [K3S] [scope.go:117] "RemoveContainer" containerID="1926a0beb2e67a5382c74df5757c719eddd05bf26f261c20d82e201b9da36495"
2025-01-28 23:55:03,971 INFO c.h.h.t.HelmChartContainer - [K3S] [scope.go:117] "RemoveContainer" containerID="d2938c6f6ed25fc1207aa3fa9e68b77f525f39de3c342174def802c3bba5a56c"
2025-01-28 23:55:03,972 INFO c.h.h.t.HelmChartContainer - [K3S] [scope.go:117] "RemoveContainer" containerID="1926a0beb2e67a5382c74df5757c719eddd05bf26f261c20d82e201b9da36495"
2025-01-28 23:55:05,497 INFO c.h.h.t.HelmChartContainer - [K3S] [kubelet_volumes.go:163] "Cleaned up orphaned pod volumes dir" podUID="e76dc4a8-8926-4bdf-a0de-c74e24bd98df" path="/var/lib/kubelet/pods/e76dc4a8-8926-4bdf-a0de-c74e24bd98df/volumes"
2025-01-28 23:55:07,446 INFO c.h.h.t.HelmChartContainer - Namespace 'helmcontainersecuritycontextupgradeplatformit' deleted
2025-01-28 23:55:07,446 INFO c.h.h.t.HelmChartContainer - Release 'test-hivemq-platform' in namespace 'helmcontainersecuritycontextupgradeplatformit' is uninstalled
2025-01-28 23:55:07,446 INFO c.h.h.t.HelmChartContainer - Uninstalling release 'test-hivemq-platform-operator' in namespace 'helmcontainersecuritycontextupgradeplatformit-operator'...
2025-01-28 23:55:07,446 DEBUG c.h.h.t.HelmChartContainer - Executing helm command: /bin/helm --kubeconfig /etc/rancher/k3s/k3s.yaml uninstall test-hivemq-platform-operator  --wait --timeout 5m0s --cascade foreground --namespace helmcontainersecuritycontextupgradeplatformit-operator
2025-01-28 23:55:07,618 INFO c.h.h.t.HelmChartContainer - [K3S] [replica_set.go:679] "Finished syncing" kind="ReplicaSet" key="helmcontainersecuritycontextupgradeplatformit-operator/hivemq-test-hivemq-platform-operator-8669f546db" duration="9.319262ms"
2025-01-28 23:55:07,622 INFO c.h.h.t.HelmChartContainer - [K3S] [replica_set.go:679] "Finished syncing" kind="ReplicaSet" key="helmcontainersecuritycontextupgradeplatformit-operator/hivemq-test-hivemq-platform-operator-8669f546db" duration="39.343µs"
2025-01-28 23:55:07,639 INFO c.h.h.t.HelmChartContainer - [POD] hivemq-test-hivemq-platform-operator-8669f546db-7pkbm [7dfae362-2ed3-4136-a130-ebe2d464847d] in helmcontainersecuritycontextupgradeplatformit-operator was MODIFIED
2025-01-28 23:55:07,645 INFO c.h.h.t.HelmChartContainer - [K3S] [replica_set.go:679] "Finished syncing" kind="ReplicaSet" key="helmcontainersecuritycontextupgradeplatformit-operator/hivemq-test-hivemq-platform-operator-8669f546db" duration="9.77259ms"
2025-01-28 23:55:07,645 INFO c.h.h.t.HelmChartContainer - [K3S] [replica_set.go:679] "Finished syncing" kind="ReplicaSet" key="helmcontainersecuritycontextupgradeplatformit-operator/hivemq-test-hivemq-platform-operator-8669f546db" duration="64.25µs"
2025-01-28 23:55:07,650 INFO c.h.h.t.HelmChartContainer - [hivemq-test-hivemq-platform] [hivemq-platform-operator] [7dfae362] 23:55:07.649 [application-shutdown-thread] INFO  c.h.p.o.HiveMQPlatformOperatorApplication - HiveMQ Platform Operator is stopping...
2025-01-28 23:55:07,650 INFO c.h.h.t.HelmChartContainer - [hivemq-test-hivemq-platform] [hivemq-platform-operator] [7dfae362] 23:55:07.649 [application-shutdown-thread] INFO  i.javaoperatorsdk.operator.Operator - Operator SDK 4.9.7 is shutting down...
2025-01-28 23:55:07,654 INFO c.h.h.t.HelmChartContainer - [EVENT] Normal [Killing] Stopping container hivemq-platform-operator [helmcontainersecuritycontextupgradeplatformit-operator:hivemq-test-hivemq-platform-operator-8669f546db-7pkbm]
2025-01-28 23:55:07,654 INFO c.h.h.t.HelmChartContainer - Received Killing event for container hivemq-platform-operator in pod hivemq-test-hivemq-platform-operator-8669f546db-7pkbm [7dfae362-2ed3-4136-a130-ebe2d464847d]
2025-01-28 23:55:07,654 INFO c.h.h.t.HelmChartContainer - Container [hivemq-test-hivemq-platform-operator-8669f546db-7pkbm] [hivemq-platform-operator] [7dfae362-2ed3-4136-a130-ebe2d464847d] was terminated
2025-01-28 23:55:07,654 INFO c.h.h.t.HelmChartContainer - Stopped log watcher for hivemq-platform-operator in pod hivemq-test-hivemq-platform-operator-8669f546db-7pkbm [7dfae362-2ed3-4136-a130-ebe2d464847d]
2025-01-28 23:55:08,122 INFO c.h.h.t.HelmChartContainer - [K3S] [replica_set.go:679] "Finished syncing" kind="ReplicaSet" key="helmcontainersecuritycontextupgradeplatformit-operator/hivemq-test-hivemq-platform-operator-8669f546db" duration="39.904µs"
2025-01-28 23:55:08,123 INFO c.h.h.t.HelmChartContainer - [POD] hivemq-test-hivemq-platform-operator-8669f546db-7pkbm [7dfae362-2ed3-4136-a130-ebe2d464847d] in helmcontainersecuritycontextupgradeplatformit-operator was MODIFIED
2025-01-28 23:55:08,154 INFO c.h.h.t.HelmChartContainer - [K3S] [reconciler_common.go:162] "operationExecutor.UnmountVolume started for volume \"kube-api-access-lsp2w\" (UniqueName: \"kubernetes.io/projected/7dfae362-2ed3-4136-a130-ebe2d464847d-kube-api-access-lsp2w\") pod \"7dfae362-2ed3-4136-a130-ebe2d464847d\" (UID: \"7dfae362-2ed3-4136-a130-ebe2d464847d\") "
2025-01-28 23:55:08,255 INFO c.h.h.t.HelmChartContainer - [K3S] [reconciler_common.go:299] "Volume detached for volume \"kube-api-access-lsp2w\" (UniqueName: \"kubernetes.io/projected/7dfae362-2ed3-4136-a130-ebe2d464847d-kube-api-access-lsp2w\") on node \"0c997a873dc5\" DevicePath \"\""
2025-01-28 23:55:08,873 INFO c.h.h.t.HelmChartContainer - [K3S] [scope.go:117] "RemoveContainer" containerID="34d613598c052fac7922e9fef0d000416a033f01963dcfb857357e4a2a4c658e"
2025-01-28 23:55:08,876 INFO c.h.h.t.HelmChartContainer - [K3S] [scope.go:117] "RemoveContainer" containerID="34d613598c052fac7922e9fef0d000416a033f01963dcfb857357e4a2a4c658e"
2025-01-28 23:55:08,885 INFO c.h.h.t.HelmChartContainer - [POD] hivemq-test-hivemq-platform-operator-8669f546db-7pkbm [7dfae362-2ed3-4136-a130-ebe2d464847d] in helmcontainersecuritycontextupgradeplatformit-operator was MODIFIED
2025-01-28 23:55:08,885 INFO c.h.h.t.HelmChartContainer - [K3S] [replica_set.go:679] "Finished syncing" kind="ReplicaSet" key="helmcontainersecuritycontextupgradeplatformit-operator/hivemq-test-hivemq-platform-operator-8669f546db" duration="45.785µs"
2025-01-28 23:55:08,888 INFO c.h.h.t.HelmChartContainer - [POD] hivemq-test-hivemq-platform-operator-8669f546db-7pkbm [7dfae362-2ed3-4136-a130-ebe2d464847d] in helmcontainersecuritycontextupgradeplatformit-operator was DELETED
2025-01-28 23:55:08,888 INFO c.h.h.t.HelmChartContainer - [K3S] [replica_set.go:679] "Finished syncing" kind="ReplicaSet" key="helmcontainersecuritycontextupgradeplatformit-operator/hivemq-test-hivemq-platform-operator-8669f546db" duration="32.48µs"
2025-01-28 23:55:08,896 INFO c.h.h.t.HelmChartContainer - [K3S] [replica_set.go:679] "Finished syncing" kind="ReplicaSet" key="helmcontainersecuritycontextupgradeplatformit-operator/hivemq-test-hivemq-platform-operator-8669f546db" duration="6.523µs"
2025-01-28 23:55:09,496 INFO c.h.h.t.HelmChartContainer - [K3S] [kubelet_volumes.go:163] "Cleaned up orphaned pod volumes dir" podUID="7dfae362-2ed3-4136-a130-ebe2d464847d" path="/var/lib/kubelet/pods/7dfae362-2ed3-4136-a130-ebe2d464847d/volumes"
2025-01-28 23:55:09,656 INFO c.h.h.t.HelmChartContainer - Deleting namespace 'helmcontainersecuritycontextupgradeplatformit-operator'...
2025-01-28 23:55:12,369 INFO c.h.h.t.HelmChartContainer - [K3S] [namespace_controller.go:187] "Namespace has been deleted" namespace="helmcontainersecuritycontextupgradeplatformit"
2025-01-28 23:55:14,872 INFO c.h.h.t.HelmChartContainer - Namespace 'helmcontainersecuritycontextupgradeplatformit-operator' deleted
2025-01-28 23:55:14,872 INFO c.h.h.t.HelmChartContainer - Release 'test-hivemq-platform-operator' in namespace 'helmcontainersecuritycontextupgradeplatformit-operator' is uninstalled
2025-01-28 23:55:15,670 INFO c.h.helmcharts.AbstractHelmChartIT - Removed unused containers:

2025-01-28 23:55:19,779 INFO c.h.h.t.HelmChartContainer - [K3S] [namespace_controller.go:187] "Namespace has been deleted" namespace="helmcontainersecuritycontextupgradeplatformit-operator"
2025-01-28 23:55:22,976 INFO c.h.helmcharts.AbstractHelmChartIT - Removed unused snapshots:
Removing snapshot sha256:03af251906410714c5aef9fa705b63f6bbc39c4a5e787de7361eeb18886c2ed2
Removing snapshot sha256:0c46b3b43cce082ce5ec34ffc6c294e0417d17b9d1e6f366d114b6aadc4f96dc
Removing snapshot sha256:0ce761beee59082d6ed5bcebd3a805b8ddd9b3426b617e4809e7fb7c6587ffec
Removing snapshot sha256:0df91287303208332c8ff6ba40ae4710105201739addbfbddfb955f1ad593664
Removing snapshot sha256:1021ef88c7974bfff89c5a0ec4fd3160daac6c48a075f74cff721f85dd104e68
Removing snapshot sha256:10aba4953ddc18145dd38e3704709bc464aa20af60b56fe52caaff4b68411e62
Removing snapshot sha256:22c2a32cf34130f0e2e67059b54d78108c6fd50b5cc37a8180a5875b4fb07fb5
Removing snapshot sha256:2573e0d8158209ed54ab25c87bcdcb00bd3d2539246960a3d592a1c599d70465
Removing snapshot sha256:362a8a37f8bbc31925a8146adcf7cf51f9882f5c1dcbef67c5baa03a297543c0
Removing snapshot sha256:43a7c979bbaba6838bc3102d6b10a1459f3ab050b87ccdfef84ef90cf43d3058
Removing snapshot sha256:4ab04491cdf0d3267f08206fe30bd48f49f94b9cab2f016d6739220f722a64af
Removing snapshot sha256:4b6068250e89c96f263060261819c7d912855bfbd64b3eb4c4a8483299b8c295
Removing snapshot sha256:580e69a0a8034ede1921139bbd2bfb72a69ebf276d008281896c32dd8bf74775
Removing snapshot sha256:5d30ba46b27fe37484567ccc5242cadc78217b8da605f3f195ef25cbf7487904
Removing snapshot sha256:5d4e3119c67cd97e71b7f04e02a9c7ecdb79e475d84b376a7599d98b86cc80c2
Removing snapshot sha256:63ca1fbb43ae5034640e5e6cb3e083e05c290072c5366fcaa9d62435a4cced85
Removing snapshot sha256:67f702c6baae873bceb19487c8b1f27bd2b86077e4f2f0e480e6d60ab508b8f5
Removing snapshot sha256:6864348dd42806d552efdec384f1274be15e2d0c10ce44c1f04347af004c10a9
Removing snapshot sha256:6c7dee8f2c39b84b7dc2711c01d33de93514d9055499173e9290176fbe484b6c
Removing snapshot sha256:82753493a6d61ded36556292f02f31841a14c20d2f279f19eaad65afb661d5cd
Removing snapshot sha256:8a10d3db42c505ee0fcfa98417bdd7e39b304f6bcc0a06bb1b220797ff2cc63c
Removing snapshot sha256:a21e5b12dbac529ad45d976eb9ce45c881f3bedcc500fb30aba1e52aa1813418
Removing snapshot sha256:b921e6c28969094157f9b8e7244677780319637afd14450b7cb6b2fdea558a0c
Removing snapshot sha256:bc27ecb5769a00e309cf99ebc763c4a4b958b618d1decc96ffac5bc05f02f5b7
Removing snapshot sha256:be3ccb6627a5332e309d45ef461d09b4879dd870c7394d89323d0ebc6ca6aa8a
Removing snapshot sha256:c261f7cbbc64211ee175ee47273acdb7b1a36a4450b397a064a8f2c026490095
Removing snapshot sha256:c34d9393647eea0c9e3557ab988efaf59f61d10a2a5613b439ef0958cca5ec10
Removing snapshot sha256:ccf3c4a0fa967a41c1c83497a2ce6fa5787965859df0adb32c4ca2cf7490bc2b
Removing snapshot sha256:cf92d33f869417309692088c341cd0f223c178ea78a125f757317b22aa8f90e9
Removing snapshot sha256:d0037344cf2fb078884f1849f6a1f8cf9a33a3b6139b6a85833e5ee528e1f9a8
Removing snapshot sha256:d3b36d5b79273b1e98e7700470eaeff05a882e777124d84cebcc1505b85ecb36
Removing snapshot sha256:d65a44a37914602d12c611e5e22a50f11451d847e63015cc1c2aef92dee777a4
Removing snapshot sha256:e2dc0bae2455930f23ae570e019b7f32edc75c0f2d71cab084db837ff9051796
Removing snapshot sha256:eccbd24a99c60cd9e86ee5305dbfc4a4dc89f5ab4fb1f06c8d64797cecedef34
Removing snapshot sha256:f144bb4c7c7f0d2aa7eeffd36d934ec40db1ee167be727e326aad9fdc616f475

]]></system-out>
  </testcase>
  <testcase name="Operator values: (UID=185, GID=0, valuesFile='/files/operator-container-security-context-non-root-user-values.yaml') and Platform values: (UID=10000, GID=0, valuesFile='/files/platform-container-security-context-non-root-user-values.yaml')" classname="com.hivemq.helmcharts.securitycontext.HelmContainerSecurityContextUpgradePlatformIT" time="240.065">
    <system-out><![CDATA[2025-01-28 23:55:22,984 INFO c.h.h.t.HelmChartContainer - Creating namespace 'helmcontainersecuritycontextupgradeplatformit-operator'...
2025-01-28 23:55:22,989 INFO c.h.h.t.HelmChartContainer - Namespace 'helmcontainersecuritycontextupgradeplatformit-operator' created
2025-01-28 23:55:22,989 INFO c.h.h.t.HelmChartContainer - Creating namespace 'helmcontainersecuritycontextupgradeplatformit'...
2025-01-28 23:55:22,995 INFO c.h.h.t.HelmChartContainer - Namespace 'helmcontainersecuritycontextupgradeplatformit' created
2025-01-28 23:55:23,061 DEBUG c.h.h.t.HelmChartContainer - Executing helm command: /bin/helm --kubeconfig /etc/rancher/k3s/k3s.yaml install test-hivemq-platform-operator /charts/hivemq-platform-operator --wait --timeout 5m0s --set image.repository=docker.io/hivemq --set image.name=hivemq-platform-operator-test --set image.initImageName=hivemq-platform-operator-init-test --set image.tag=snapshot --set image.pullPolicy=Never --set logLevel=DEBUG --set resources.cpu=512m -f /files/operator-container-security-context-non-root-user-values.yaml --namespace helmcontainersecuritycontextupgradeplatformit-operator
2025-01-28 23:55:23,363 INFO c.h.h.t.HelmChartContainer - [K3S] [alloc.go:330] "allocated clusterIPs" service="helmcontainersecuritycontextupgradeplatformit-operator/hivemq-platform-operator-test-hivemq-platform-operator" clusterIPs={"IPv4":"10.43.216.39"}
2025-01-28 23:55:23,381 INFO c.h.h.t.HelmChartContainer - [EVENT] Normal [ScalingReplicaSet] Scaled up replica set hivemq-test-hivemq-platform-operator-85995884cf from 0 to 1 [helmcontainersecuritycontextupgradeplatformit-operator:hivemq-test-hivemq-platform-operator]
2025-01-28 23:55:23,389 INFO c.h.h.t.HelmChartContainer - [POD] hivemq-test-hivemq-platform-operator-85995884cf-vlw49 [b936e29b-c30e-42fa-9970-276f09c7c211] in helmcontainersecuritycontextupgradeplatformit-operator was ADDED
2025-01-28 23:55:23,393 INFO c.h.h.t.HelmChartContainer - [K3S] [memory_manager.go:355] "RemoveStaleState removing state" podUID="7dfae362-2ed3-4136-a130-ebe2d464847d" containerName="hivemq-platform-operator"
2025-01-28 23:55:23,393 INFO c.h.h.t.HelmChartContainer - [K3S] [memory_manager.go:355] "RemoveStaleState removing state" podUID="e76dc4a8-8926-4bdf-a0de-c74e24bd98df" containerName="hivemq"
2025-01-28 23:55:23,393 INFO c.h.h.t.HelmChartContainer - [K3S] [memory_manager.go:355] "RemoveStaleState removing state" podUID="6594a6ad-8874-4b2a-a33d-96d3fb007b26" containerName="hivemq"
2025-01-28 23:55:23,394 INFO c.h.h.t.HelmChartContainer - [POD] hivemq-test-hivemq-platform-operator-85995884cf-vlw49 [b936e29b-c30e-42fa-9970-276f09c7c211] in helmcontainersecuritycontextupgradeplatformit-operator was MODIFIED
2025-01-28 23:55:23,403 INFO c.h.h.t.HelmChartContainer - [EVENT] Normal [SuccessfulCreate] Created pod: hivemq-test-hivemq-platform-operator-85995884cf-vlw49 [helmcontainersecuritycontextupgradeplatformit-operator:hivemq-test-hivemq-platform-operator-85995884cf]
2025-01-28 23:55:23,404 INFO c.h.h.t.HelmChartContainer - [EVENT] Normal [Scheduled] Successfully assigned helmcontainersecuritycontextupgradeplatformit-operator/hivemq-test-hivemq-platform-operator-85995884cf-vlw49 to 0c997a873dc5 [helmcontainersecuritycontextupgradeplatformit-operator:hivemq-test-hivemq-platform-operator-85995884cf-vlw49]
2025-01-28 23:55:23,404 INFO c.h.h.t.HelmChartContainer - [K3S] [replica_set.go:679] "Finished syncing" kind="ReplicaSet" key="helmcontainersecuritycontextupgradeplatformit-operator/hivemq-test-hivemq-platform-operator-85995884cf" duration="27.575602ms"
2025-01-28 23:55:23,415 INFO c.h.h.t.HelmChartContainer - [POD] hivemq-test-hivemq-platform-operator-85995884cf-vlw49 [b936e29b-c30e-42fa-9970-276f09c7c211] in helmcontainersecuritycontextupgradeplatformit-operator was MODIFIED
2025-01-28 23:55:23,422 INFO c.h.h.t.HelmChartContainer - [K3S] [replica_set.go:679] "Finished syncing" kind="ReplicaSet" key="helmcontainersecuritycontextupgradeplatformit-operator/hivemq-test-hivemq-platform-operator-85995884cf" duration="17.286724ms"
2025-01-28 23:55:23,423 INFO c.h.h.t.HelmChartContainer - [K3S] [replica_set.go:679] "Finished syncing" kind="ReplicaSet" key="helmcontainersecuritycontextupgradeplatformit-operator/hivemq-test-hivemq-platform-operator-85995884cf" duration="244.896µs"
2025-01-28 23:55:23,423 INFO c.h.h.t.HelmChartContainer - [K3S] [replica_set.go:679] "Finished syncing" kind="ReplicaSet" key="helmcontainersecuritycontextupgradeplatformit-operator/hivemq-test-hivemq-platform-operator-85995884cf" duration="32.771µs"
2025-01-28 23:55:23,444 INFO c.h.h.t.HelmChartContainer - [K3S] [reconciler_common.go:251] "operationExecutor.VerifyControllerAttachedVolume started for volume \"kube-api-access-qqftv\" (UniqueName: \"kubernetes.io/projected/b936e29b-c30e-42fa-9970-276f09c7c211-kube-api-access-qqftv\") pod \"hivemq-test-hivemq-platform-operator-85995884cf-vlw49\" (UID: \"b936e29b-c30e-42fa-9970-276f09c7c211\") " pod="helmcontainersecuritycontextupgradeplatformit-operator/hivemq-test-hivemq-platform-operator-85995884cf-vlw49"
2025-01-28 23:55:23,794 INFO c.h.h.t.HelmChartContainer - [EVENT] Normal [Pulled] Container image "docker.io/hivemq/hivemq-platform-operator-test:snapshot" already present on machine [helmcontainersecuritycontextupgradeplatformit-operator:hivemq-test-hivemq-platform-operator-85995884cf-vlw49]
2025-01-28 23:55:23,794 INFO c.h.h.t.HelmChartContainer - Received Pulled event for container hivemq-platform-operator in pod hivemq-test-hivemq-platform-operator-85995884cf-vlw49 [b936e29b-c30e-42fa-9970-276f09c7c211]
2025-01-28 23:55:25,038 INFO c.h.h.t.HelmChartContainer - [EVENT] Normal [Created] Created container: hivemq-platform-operator [helmcontainersecuritycontextupgradeplatformit-operator:hivemq-test-hivemq-platform-operator-85995884cf-vlw49]
2025-01-28 23:55:25,038 INFO c.h.h.t.HelmChartContainer - Received Created event for container hivemq-platform-operator in pod hivemq-test-hivemq-platform-operator-85995884cf-vlw49 [b936e29b-c30e-42fa-9970-276f09c7c211]
2025-01-28 23:55:25,904 INFO c.h.h.t.HelmChartContainer - [K3S] [replica_set.go:679] "Finished syncing" kind="ReplicaSet" key="helmcontainersecuritycontextupgradeplatformit-operator/hivemq-test-hivemq-platform-operator-85995884cf" duration="41.948µs"
2025-01-28 23:55:25,906 INFO c.h.h.t.HelmChartContainer - [POD] hivemq-test-hivemq-platform-operator-85995884cf-vlw49 [b936e29b-c30e-42fa-9970-276f09c7c211] in helmcontainersecuritycontextupgradeplatformit-operator was MODIFIED
2025-01-28 23:55:25,916 INFO c.h.h.t.HelmChartContainer - Started log watcher for hivemq-platform-operator in pod hivemq-test-hivemq-platform-operator-85995884cf-vlw49 [b936e29b-c30e-42fa-9970-276f09c7c211]
2025-01-28 23:55:25,916 INFO c.h.h.t.HelmChartContainer - [EVENT] Normal [Started] Started container hivemq-platform-operator [helmcontainersecuritycontextupgradeplatformit-operator:hivemq-test-hivemq-platform-operator-85995884cf-vlw49]
2025-01-28 23:55:25,916 INFO c.h.h.t.HelmChartContainer - Received Started event for container hivemq-platform-operator in pod hivemq-test-hivemq-platform-operator-85995884cf-vlw49 [b936e29b-c30e-42fa-9970-276f09c7c211]
2025-01-28 23:55:25,917 INFO c.h.h.t.HelmChartContainer - [hivemq-test-hivemq-platform] [hivemq-platform-operator] [b936e29b] -------------------------------------------------------------------------
2025-01-28 23:55:25,917 INFO c.h.h.t.HelmChartContainer - [hivemq-test-hivemq-platform] [hivemq-platform-operator] [b936e29b] 
2025-01-28 23:55:25,917 INFO c.h.h.t.HelmChartContainer - [hivemq-test-hivemq-platform] [hivemq-platform-operator] [b936e29b]                   _    _  _              __  __   ____
2025-01-28 23:55:25,917 INFO c.h.h.t.HelmChartContainer - [hivemq-test-hivemq-platform] [hivemq-platform-operator] [b936e29b]                  | |  | |(_)            |  \/  | / __ \
2025-01-28 23:55:25,917 INFO c.h.h.t.HelmChartContainer - [hivemq-test-hivemq-platform] [hivemq-platform-operator] [b936e29b]                  | |__| | _ __   __ ___ | \  / || |  | |
2025-01-28 23:55:25,917 INFO c.h.h.t.HelmChartContainer - [hivemq-test-hivemq-platform] [hivemq-platform-operator] [b936e29b]                  |  __  || |\ \ / // _ \| |\/| || |  | |
2025-01-28 23:55:25,917 INFO c.h.h.t.HelmChartContainer - [hivemq-test-hivemq-platform] [hivemq-platform-operator] [b936e29b]                  | |  | || | \ V /|  __/| |  | || |__| |
2025-01-28 23:55:25,917 INFO c.h.h.t.HelmChartContainer - [hivemq-test-hivemq-platform] [hivemq-platform-operator] [b936e29b]                  |_|  |_||_|  \_/  \___||_|  |_| \___\_\
2025-01-28 23:55:25,917 INFO c.h.h.t.HelmChartContainer - [hivemq-test-hivemq-platform] [hivemq-platform-operator] [b936e29b] 
2025-01-28 23:55:25,917 INFO c.h.h.t.HelmChartContainer - [hivemq-test-hivemq-platform] [hivemq-platform-operator] [b936e29b] -------------------------------------------------------------------------
2025-01-28 23:55:25,917 INFO c.h.h.t.HelmChartContainer - [hivemq-test-hivemq-platform] [hivemq-platform-operator] [b936e29b] 
2025-01-28 23:55:25,917 INFO c.h.h.t.HelmChartContainer - [hivemq-test-hivemq-platform] [hivemq-platform-operator] [b936e29b]   HiveMQ Platform Operator Start Script v1.0
2025-01-28 23:55:25,917 INFO c.h.h.t.HelmChartContainer - [hivemq-test-hivemq-platform] [hivemq-platform-operator] [b936e29b] 
2025-01-28 23:55:25,917 INFO c.h.h.t.HelmChartContainer - [hivemq-test-hivemq-platform] [hivemq-platform-operator] [b936e29b] -------------------------------------------------------------------------
2025-01-28 23:55:25,917 INFO c.h.h.t.HelmChartContainer - [hivemq-test-hivemq-platform] [hivemq-platform-operator] [b936e29b] 
2025-01-28 23:55:25,917 INFO c.h.h.t.HelmChartContainer - [hivemq-test-hivemq-platform] [hivemq-platform-operator] [b936e29b]   JAVA_OPTS: -XX:+UnlockExperimentalVMOptions -XX:InitialRAMPercentage=75 -XX:MaxRAMPercentage=75 -Duser.language=en -Duser.region=US
2025-01-28 23:55:25,917 INFO c.h.h.t.HelmChartContainer - [hivemq-test-hivemq-platform] [hivemq-platform-operator] [b936e29b] 
2025-01-28 23:55:25,917 INFO c.h.h.t.HelmChartContainer - [hivemq-test-hivemq-platform] [hivemq-platform-operator] [b936e29b]   JAVA_VERSION: 21
2025-01-28 23:55:25,917 INFO c.h.h.t.HelmChartContainer - [hivemq-test-hivemq-platform] [hivemq-platform-operator] [b936e29b] 
2025-01-28 23:55:25,917 INFO c.h.h.t.HelmChartContainer - [hivemq-test-hivemq-platform] [hivemq-platform-operator] [b936e29b] -------------------------------------------------------------------------
2025-01-28 23:55:25,917 INFO c.h.h.t.HelmChartContainer - [hivemq-test-hivemq-platform] [hivemq-platform-operator] [b936e29b] 
2025-01-28 23:55:28,270 INFO c.h.h.t.HelmChartContainer - [hivemq-test-hivemq-platform] [hivemq-platform-operator] [b936e29b] 23:55:28.268 [main] DEBUG org.jboss.logging - Logging Provider: org.jboss.logging.Slf4jLoggerProvider
2025-01-28 23:55:28,369 INFO c.h.h.t.HelmChartContainer - [hivemq-test-hivemq-platform] [hivemq-platform-operator] [b936e29b] 23:55:28.368 [main] DEBUG io.smallrye.config - SRCFG01006: Loaded ConfigSource SysPropConfigSource with ordinal 400
2025-01-28 23:55:28,369 INFO c.h.h.t.HelmChartContainer - [hivemq-test-hivemq-platform] [hivemq-platform-operator] [b936e29b] 23:55:28.368 [main] DEBUG io.smallrye.config - SRCFG01006: Loaded ConfigSource EnvConfigSource with ordinal 300
2025-01-28 23:55:28,369 INFO c.h.h.t.HelmChartContainer - [hivemq-test-hivemq-platform] [hivemq-platform-operator] [b936e29b] 23:55:28.368 [main] DEBUG io.smallrye.config - SRCFG01006: Loaded ConfigSource PropertiesConfigSource[source=jar:file:///opt/hivemq-platform-operator/bin/hivemq-platform-operator.jar!/hivemq-platform-operator.properties] with ordinal 100
2025-01-28 23:55:28,369 INFO c.h.h.t.HelmChartContainer - [hivemq-test-hivemq-platform] [hivemq-platform-operator] [b936e29b] 23:55:28.368 [main] DEBUG io.smallrye.config - SRCFG01006: Loaded ConfigSource DefaultValuesConfigSource with ordinal -2147483648
2025-01-28 23:55:28,470 INFO c.h.h.t.HelmChartContainer - [hivemq-test-hivemq-platform] [hivemq-platform-operator] [b936e29b] 23:55:28.469 [main] DEBUG i.m.c.u.i.l.InternalLoggerFactory - Using SLF4J as the default logging framework
2025-01-28 23:55:28,576 INFO c.h.h.t.HelmChartContainer - [hivemq-test-hivemq-platform] [hivemq-platform-operator] [b936e29b] 23:55:28.566 [main] INFO  c.h.p.o.HiveMQPlatformOperatorApplication - HiveMQ Platform Operator 1.7.0-SNAPSHOT (commit: bebf408 on branch: HEAD) built on Sun Jan 26 20:47:47 UTC 2025
2025-01-28 23:55:28,576 INFO c.h.h.t.HelmChartContainer - [hivemq-test-hivemq-platform] [hivemq-platform-operator] [b936e29b] 23:55:28.574 [main] INFO  c.h.p.o.HiveMQPlatformOperatorApplication - HiveMQ Platform Operator is running in namespace: helmcontainersecuritycontextupgradeplatformit-operator
2025-01-28 23:55:28,576 INFO c.h.h.t.HelmChartContainer - [hivemq-test-hivemq-platform] [hivemq-platform-operator] [b936e29b] 23:55:28.575 [main] INFO  c.h.p.o.HiveMQPlatformOperatorApplication - Watching all namespaces
2025-01-28 23:55:28,577 INFO c.h.h.t.HelmChartContainer - [hivemq-test-hivemq-platform] [hivemq-platform-operator] [b936e29b] 23:55:28.575 [main] INFO  c.h.p.o.HiveMQPlatformOperatorApplication - Log level: DEBUG
2025-01-28 23:55:28,577 INFO c.h.h.t.HelmChartContainer - [hivemq-test-hivemq-platform] [hivemq-platform-operator] [b936e29b] 23:55:28.575 [main] INFO  c.h.p.o.HiveMQPlatformOperatorApplication - Release name: test-hivemq-platform-operator
2025-01-28 23:55:28,577 INFO c.h.h.t.HelmChartContainer - [hivemq-test-hivemq-platform] [hivemq-platform-operator] [b936e29b] 23:55:28.575 [main] INFO  c.h.p.o.HiveMQPlatformOperatorApplication - HiveMQ Platform Operator Init image: docker.io/hivemq/hivemq-platform-operator-init-test:snapshot
2025-01-28 23:55:28,577 INFO c.h.h.t.HelmChartContainer - [hivemq-test-hivemq-platform] [hivemq-platform-operator] [b936e29b] 23:55:28.575 [main] INFO  c.h.p.o.HiveMQPlatformOperatorApplication - HiveMQ Platform Operator Init App update URL: http://hivemq-platform-operator-test-hivemq-platform-operator.helmcontainersecuritycontextupgradeplatformit-operator.svc:8080/initAppUpdate/hivemq-platform-operator-init-app-1.7.0-SNAPSHOT.jar
2025-01-28 23:55:28,577 INFO c.h.h.t.HelmChartContainer - [hivemq-test-hivemq-platform] [hivemq-platform-operator] [b936e29b] 23:55:28.575 [main] INFO  c.h.p.o.HiveMQPlatformOperatorApplication - Additional imagePullSecret for all Platform deployments: none
2025-01-28 23:55:28,577 INFO c.h.h.t.HelmChartContainer - [hivemq-test-hivemq-platform] [hivemq-platform-operator] [b936e29b] 23:55:28.575 [main] INFO  c.h.p.o.HiveMQPlatformOperatorApplication - Apply HiveMQ Platform CRD: true
2025-01-28 23:55:28,577 INFO c.h.h.t.HelmChartContainer - [hivemq-test-hivemq-platform] [hivemq-platform-operator] [b936e29b] 23:55:28.575 [main] INFO  c.h.p.o.HiveMQPlatformOperatorApplication - Create Platform ServiceAccount: true
2025-01-28 23:55:28,577 INFO c.h.h.t.HelmChartContainer - [hivemq-test-hivemq-platform] [hivemq-platform-operator] [b936e29b] 23:55:28.575 [main] INFO  c.h.p.o.HiveMQPlatformOperatorApplication - Create Platform ServiceAccount permissions: true
2025-01-28 23:55:28,577 INFO c.h.h.t.HelmChartContainer - [hivemq-test-hivemq-platform] [hivemq-platform-operator] [b936e29b] 23:55:28.576 [main] INFO  c.h.p.o.HiveMQPlatformOperatorApplication - Validate Platform ServiceAccount: true
2025-01-28 23:55:28,577 INFO c.h.h.t.HelmChartContainer - [hivemq-test-hivemq-platform] [hivemq-platform-operator] [b936e29b] 23:55:28.576 [main] INFO  c.h.p.o.HiveMQPlatformOperatorApplication - Validate Platform ServiceAccount permissions: true
2025-01-28 23:55:28,693 INFO c.h.h.t.HelmChartContainer - [hivemq-test-hivemq-platform] [hivemq-platform-operator] [b936e29b] 23:55:28.692 [main] INFO  c.h.platform.operator.util.CRDUtil - Verifying deployed HiveMQ Platform CRD...
2025-01-28 23:55:31,070 INFO c.h.h.t.HelmChartContainer - [hivemq-test-hivemq-platform] [hivemq-platform-operator] [b936e29b] 23:55:31.069 [main] DEBUG c.h.platform.operator.util.CRDUtil - HiveMQ Platform CRD version v1 is up to date
2025-01-28 23:55:31,071 INFO c.h.h.t.HelmChartContainer - [hivemq-test-hivemq-platform] [hivemq-platform-operator] [b936e29b] 23:55:31.070 [main] INFO  c.h.platform.operator.util.CRDUtil - HiveMQ Platform CRD is up to date (version: V1_6_0)
2025-01-28 23:55:31,071 INFO c.h.h.t.HelmChartContainer - [hivemq-test-hivemq-platform] [hivemq-platform-operator] [b936e29b] 23:55:31.070 [main] INFO  c.h.platform.operator.util.CRDUtil - Waiting 10000 ms for HiveMQ Platform CRD 'hivemq-platforms.hivemq.com' to become ready...
2025-01-28 23:55:31,384 INFO c.h.h.t.HelmChartContainer - [hivemq-test-hivemq-platform] [hivemq-platform-operator] [b936e29b] 23:55:31.383 [vert.x-eventloop-thread-1] DEBUG c.h.platform.operator.util.CRDUtil - Checking CRD condition 'NamesAccepted' (status: 'True')
2025-01-28 23:55:31,385 INFO c.h.h.t.HelmChartContainer - [hivemq-test-hivemq-platform] [hivemq-platform-operator] [b936e29b] 23:55:31.384 [vert.x-eventloop-thread-1] DEBUG c.h.platform.operator.util.CRDUtil - Checking CRD condition 'Established' (status: 'True')
2025-01-28 23:55:31,467 INFO c.h.h.t.HelmChartContainer - [hivemq-test-hivemq-platform] [hivemq-platform-operator] [b936e29b] 23:55:31.467 [main] INFO  c.h.platform.operator.util.CRDUtil - HiveMQ Platform CRD 'hivemq-platforms.hivemq.com' is ready
2025-01-28 23:55:31,576 INFO c.h.h.t.HelmChartContainer - [hivemq-test-hivemq-platform] [hivemq-platform-operator] [b936e29b] 23:55:31.575 [main] INFO  c.h.p.o.HiveMQPlatformReconciler - HiveMQ Platform Operator is starting...
2025-01-28 23:55:31,669 INFO c.h.h.t.HelmChartContainer - [hivemq-test-hivemq-platform] [hivemq-platform-operator] [b936e29b] 23:55:31.668 [main] WARN  Default ConfigurationService implementation - Configuration for reconciler 'hivemq-controller' was not found. Known reconcilers: None.
2025-01-28 23:55:31,676 INFO c.h.h.t.HelmChartContainer - [hivemq-test-hivemq-platform] [hivemq-platform-operator] [b936e29b] 23:55:31.675 [main] INFO  Default ConfigurationService implementation - Created configuration for reconciler com.hivemq.platform.operator.HiveMQPlatformReconciler with name hivemq-controller
2025-01-28 23:55:31,774 INFO c.h.h.t.HelmChartContainer - [hivemq-test-hivemq-platform] [hivemq-platform-operator] [b936e29b] 23:55:31.773 [main] DEBUG c.h.p.o.HiveMQPlatformReconciler - HiveMQ Platform Operator is preparing EventSources
2025-01-28 23:55:31,785 INFO c.h.h.t.HelmChartContainer - [hivemq-test-hivemq-platform] [hivemq-platform-operator] [b936e29b] 23:55:31.784 [main] INFO  i.javaoperatorsdk.operator.Operator - Registered reconciler: 'hivemq-controller' for resource: 'class com.hivemq.platform.operator.v1.HiveMQPlatform' for namespace(s): [all namespaces]
2025-01-28 23:55:32,285 INFO c.h.h.t.HelmChartContainer - [hivemq-test-hivemq-platform] [hivemq-platform-operator] [b936e29b] 23:55:32.284 [main] INFO  c.h.p.operator.webserver.JettyServer - Starting Jetty server on port 8080
2025-01-28 23:55:32,384 INFO c.h.h.t.HelmChartContainer - [hivemq-test-hivemq-platform] [hivemq-platform-operator] [b936e29b] 23:55:32.382 [main] INFO  i.javaoperatorsdk.operator.Operator - Operator SDK 4.9.7 (commit: 2133d28) built on Wed Nov 20 12:56:20 UTC 2024 starting...
2025-01-28 23:55:32,385 INFO c.h.h.t.HelmChartContainer - [hivemq-test-hivemq-platform] [hivemq-platform-operator] [b936e29b] 23:55:32.383 [main] INFO  i.javaoperatorsdk.operator.Operator - Client version: 6.13.4
2025-01-28 23:55:32,385 INFO c.h.h.t.HelmChartContainer - [hivemq-test-hivemq-platform] [hivemq-platform-operator] [b936e29b] 23:55:32.384 [Controller Starter for: hivemq-controller] INFO  i.j.operator.processing.Controller - Starting 'hivemq-controller' controller for reconciler: com.hivemq.platform.operator.HiveMQPlatformReconciler, resource: com.hivemq.platform.operator.v1.HiveMQPlatform
2025-01-28 23:55:34,771 INFO c.h.h.t.HelmChartContainer - [hivemq-test-hivemq-platform] [hivemq-platform-operator] [b936e29b] 23:55:34.769 [Controller Starter for: hivemq-controller] INFO  i.j.operator.processing.Controller - 'hivemq-controller' controller started
2025-01-28 23:55:34,771 INFO c.h.h.t.HelmChartContainer - [hivemq-test-hivemq-platform] [hivemq-platform-operator] [b936e29b] 23:55:34.770 [main] INFO  c.h.p.o.HiveMQPlatformOperatorApplication - HiveMQ Platform Operator 1.7.0-SNAPSHOT started in 6203 ms
2025-01-28 23:55:36,913 INFO c.h.h.t.HelmChartContainer - [POD] hivemq-test-hivemq-platform-operator-85995884cf-vlw49 [b936e29b-c30e-42fa-9970-276f09c7c211] in helmcontainersecuritycontextupgradeplatformit-operator was MODIFIED
2025-01-28 23:55:36,922 INFO c.h.h.t.HelmChartContainer - [K3S] [replica_set.go:679] "Finished syncing" kind="ReplicaSet" key="helmcontainersecuritycontextupgradeplatformit-operator/hivemq-test-hivemq-platform-operator-85995884cf" duration="9.817453ms"
2025-01-28 23:55:36,923 INFO c.h.h.t.HelmChartContainer - [K3S] [replica_set.go:679] "Finished syncing" kind="ReplicaSet" key="helmcontainersecuritycontextupgradeplatformit-operator/hivemq-test-hivemq-platform-operator-85995884cf" duration="35.926µs"
2025-01-28 23:55:37,440 INFO com.hivemq.helmcharts.util.K8sUtil - Pod 'hivemq-test-hivemq-platform-operator-85995884cf-vlw49' is ready
2025-01-28 23:55:37,540 DEBUG com.hivemq.helmcharts.util.PodUtil - Received status for command '[sh, -c, stat -c "%u:%g" /proc/1]' on pod 'hivemq-test-hivemq-platform-operator-85995884cf-vlw49' (exit code: 0)
2025-01-28 23:55:37,614 DEBUG c.h.h.t.HelmChartContainer - Executing helm command: /bin/helm --kubeconfig /etc/rancher/k3s/k3s.yaml install test-hivemq-platform /charts/hivemq-platform --wait --timeout 5m0s --set image.repository=docker.io/hivemq --set image.tag=4.36.0 --set image.pullPolicy=Never --set nodes.resources.cpu=512m -f /files/platform-container-security-context-non-root-user-values.yaml --namespace helmcontainersecuritycontextupgradeplatformit
2025-01-28 23:55:37,935 INFO c.h.h.t.HelmChartContainer - [hivemq-test-hivemq-platform] [hivemq-platform-operator] [b936e29b] 23:55:37.931 [-373097727-pool-1-thread-3] WARN  i.m.p.PrometheusMeterRegistry - The meter (MeterId{name='operator.sdk.events.received', tags=[tag(action=ADDED),tag(event=ResourceEvent),tag(group=hivemq.com),tag(kind=HiveMQPlatform),tag(name=test-hivemq-platform),tag(namespace=helmcontainersecuritycontextupgradeplatformit),tag(scope=namespace),tag(version=v1)]}) registration has failed: Prometheus requires that all meters with the same name have the same set of tag keys. There is already an existing meter named 'operator.sdk.events.received' containing tag keys [event, group, kind, name, namespace, scope, version]. The meter you are attempting to register has keys [action, event, group, kind, name, namespace, scope, version]. Note that subsequent logs will be logged at debug level.
2025-01-28 23:55:38,338 INFO c.h.h.t.HelmChartContainer - [hivemq-test-hivemq-platform] [hivemq-platform-operator] [b936e29b] 23:55:38.335 [pool-6-thread-3] DEBUG c.h.p.o.dependants.PodInfoConfigMap - [helmcont] Desired PodInfo ConfigMap (1 extensions) (1 enabled)
2025-01-28 23:55:38,338 INFO c.h.h.t.HelmChartContainer - [hivemq-test-hivemq-platform] [hivemq-platform-operator] [b936e29b] 23:55:38.336 [pool-6-thread-3] DEBUG c.h.p.o.dependants.PodInfoConfigMap - [helmcont] Desired PodInfo ConfigMap (metrics port: 9399) (metrics path: /)
2025-01-28 23:55:38,338 INFO c.h.h.t.HelmChartContainer - [hivemq-test-hivemq-platform] [hivemq-platform-operator] [b936e29b] 23:55:38.336 [pool-6-thread-3] DEBUG c.h.p.o.dependants.PodInfoConfigMap - [helmcont] Desired PodInfo ConfigMap (extension state hash: -1817474005)
2025-01-28 23:55:38,339 INFO c.h.h.t.HelmChartContainer - [hivemq-test-hivemq-platform] [hivemq-platform-operator] [b936e29b] 23:55:38.337 [pool-6-thread-3] DEBUG c.h.p.o.dependants.PodInfoConfigMap - [helmcont] Create PodInfo ConfigMap
2025-01-28 23:55:38,440 INFO c.h.h.t.HelmChartContainer - [hivemq-test-hivemq-platform] [hivemq-platform-operator] [b936e29b] 23:55:38.437 [pool-6-thread-5] DEBUG c.h.p.o.dependants.PodRoleResource - [helmcont] Create Role: Role(apiVersion=rbac.authorization.k8s.io/v1, kind=Role, metadata=ObjectMeta(annotations={meta.helm.sh/release-name=test-hivemq-platform, meta.helm.sh/release-namespace=helmcontainersecuritycontextupgradeplatformit}, creationTimestamp=null, deletionGracePeriodSeconds=null, deletionTimestamp=null, finalizers=[], generateName=null, generation=null, labels={helm.sh/chart=hivemq-platform-0.2.32, app.kubernetes.io/managed-by=Helm, app.kubernetes.io/name=hivemq-platform, hivemq-platform=test-hivemq-platform, app.kubernetes.io/instance=test-hivemq-platform, app.kubernetes.io/version=4.36.0}, managedFields=[], name=hivemq-platform-role-test-hivemq-platform, namespace=helmcontainersecuritycontextupgradeplatformit, ownerReferences=[OwnerReference(apiVersion=hivemq.com/v1, blockOwnerDeletion=null, controller=null, kind=HiveMQPlatform, name=test-hivemq-platform, uid=d2512b37-e29d-4d2f-b9bb-8764b7a55712, additionalProperties={})], resourceVersion=null, selfLink=null, uid=null, additionalProperties={}), rules=[PolicyRule(apiGroups=[], nonResourceURLs=[], resourceNames=[], resources=[pods], verbs=[get, patch, update], additionalProperties={})], additionalProperties={})
2025-01-28 23:55:38,541 INFO c.h.h.t.HelmChartContainer - [hivemq-test-hivemq-platform] [hivemq-platform-operator] [b936e29b] 23:55:38.540 [pool-6-thread-7] DEBUG c.h.p.o.d.PodServiceAccountResource - [helmcont] Desired PodServiceAccountResource (serviceAccountName: hivemq-platform-pod-test-hivemq-platform)
2025-01-28 23:55:38,545 INFO c.h.h.t.HelmChartContainer - [hivemq-test-hivemq-platform] [hivemq-platform-operator] [b936e29b] 23:55:38.544 [pool-6-thread-7] DEBUG c.h.p.o.d.PodServiceAccountResource - [helmcont] Create ServiceAccount 'hivemq-platform-pod-test-hivemq-platform'
2025-01-28 23:55:38,668 INFO c.h.h.t.HelmChartContainer - [hivemq-test-hivemq-platform] [hivemq-platform-operator] [b936e29b] 23:55:38.666 [pool-6-thread-10] DEBUG c.h.p.o.d.PodRoleBindingResource - [helmcont] Create RoleBinding: RoleBinding(apiVersion=rbac.authorization.k8s.io/v1, kind=RoleBinding, metadata=ObjectMeta(annotations={meta.helm.sh/release-name=test-hivemq-platform, meta.helm.sh/release-namespace=helmcontainersecuritycontextupgradeplatformit}, creationTimestamp=null, deletionGracePeriodSeconds=null, deletionTimestamp=null, finalizers=[], generateName=null, generation=null, labels={helm.sh/chart=hivemq-platform-0.2.32, app.kubernetes.io/managed-by=Helm, app.kubernetes.io/name=hivemq-platform, hivemq-platform=test-hivemq-platform, app.kubernetes.io/instance=test-hivemq-platform, app.kubernetes.io/version=4.36.0}, managedFields=[], name=hivemq-platform-role-binding-test-hivemq-platform, namespace=helmcontainersecuritycontextupgradeplatformit, ownerReferences=[OwnerReference(apiVersion=hivemq.com/v1, blockOwnerDeletion=null, controller=null, kind=HiveMQPlatform, name=test-hivemq-platform, uid=d2512b37-e29d-4d2f-b9bb-8764b7a55712, additionalProperties={})], resourceVersion=null, selfLink=null, uid=null, additionalProperties={}), roleRef=RoleRef(apiGroup=rbac.authorization.k8s.io, kind=Role, name=hivemq-platform-role-test-hivemq-platform, additionalProperties={}), subjects=[Subject(apiGroup=null, kind=ServiceAccount, name=hivemq-platform-pod-test-hivemq-platform, namespace=helmcontainersecuritycontextupgradeplatformit, additionalProperties={})], additionalProperties={})
2025-01-28 23:55:38,744 INFO c.h.h.t.HelmChartContainer - [hivemq-test-hivemq-platform] [hivemq-platform-operator] [b936e29b] 23:55:38.743 [ReconcilerExecutor-hivemq-controller-54] INFO  c.h.p.o.HiveMQPlatformReconciler - [helmcont] Reconciling HiveMQ Platform 'test-hivemq-platform' in namespace 'helmcontainersecuritycontextupgradeplatformit'
2025-01-28 23:55:38,745 INFO c.h.h.t.HelmChartContainer - [hivemq-test-hivemq-platform] [hivemq-platform-operator] [b936e29b] 23:55:38.744 [ReconcilerExecutor-hivemq-controller-54] DEBUG c.h.p.o.HiveMQPlatformReconciler - [helmcont] Custom Resource Status CREATED - HiveMQ Platform was created (READY)
2025-01-28 23:55:38,745 INFO c.h.h.t.HelmChartContainer - [hivemq-test-hivemq-platform] [hivemq-platform-operator] [b936e29b] 23:55:38.744 [ReconcilerExecutor-hivemq-controller-54] DEBUG c.h.p.o.HiveMQPlatformReconciler - [helmcont] Custom Resource Spec (replicas: 1) (extensions: 1)
2025-01-28 23:55:38,748 INFO c.h.h.t.HelmChartContainer - [hivemq-test-hivemq-platform] [hivemq-platform-operator] [b936e29b] 23:55:38.747 [ReconcilerExecutor-hivemq-controller-54] INFO  c.h.p.o.h.HiveMQPlatformReconcilerBaseHandler - [helmcont] HiveMQ Platform is starting
2025-01-28 23:55:38,934 INFO c.h.h.t.HelmChartContainer - [hivemq-test-hivemq-platform] [hivemq-platform-operator] [b936e29b] 23:55:38.932 [ReconcilerExecutor-hivemq-controller-54] DEBUG c.h.p.operator.event.EventSender - [helmcont] Creating K8s event hivemq-platform-starting: [Start] HiveMQ Platform is starting
2025-01-28 23:55:38,943 INFO c.h.h.t.HelmChartContainer - [EVENT] Normal [Start] HiveMQ Platform is starting [helmcontainersecuritycontextupgradeplatformit:test-hivemq-platform]
2025-01-28 23:55:38,968 INFO c.h.h.t.HelmChartContainer - [hivemq-test-hivemq-platform] [hivemq-platform-operator] [b936e29b] 23:55:38.967 [ReconcilerExecutor-hivemq-controller-54] INFO  c.h.p.o.h.AbstractHiveMQReconcilerStateHandler - [helmcont] Update HiveMQ Platform Status (CREATED [READY] -> STARTING [READY]): HiveMQ Platform is starting
2025-01-28 23:55:39,042 DEBUG com.hivemq.helmcharts.util.K8sUtil - Comparing actual state 'STARTING' and waiting for 'RUNNING'
2025-01-28 23:55:49,052 INFO c.h.h.t.HelmChartContainer - [hivemq-test-hivemq-platform] [hivemq-platform-operator] [b936e29b] 23:55:49.051 [pool-6-thread-12] DEBUG c.h.p.o.d.PlatformServiceResource - [helmcont] Desired Platform services (3 services)
2025-01-28 23:55:49,057 INFO c.h.h.t.HelmChartContainer - [hivemq-test-hivemq-platform] [hivemq-platform-operator] [b936e29b] 23:55:49.056 [pool-6-thread-13] DEBUG c.h.p.o.dependants.PodInfoConfigMap - [helmcont] Desired PodInfo ConfigMap (1 extensions) (1 enabled)
2025-01-28 23:55:49,057 INFO c.h.h.t.HelmChartContainer - [hivemq-test-hivemq-platform] [hivemq-platform-operator] [b936e29b] 23:55:49.056 [pool-6-thread-13] DEBUG c.h.p.o.dependants.PodInfoConfigMap - [helmcont] Desired PodInfo ConfigMap (metrics port: 9399) (metrics path: /)
2025-01-28 23:55:49,058 INFO c.h.h.t.HelmChartContainer - [hivemq-test-hivemq-platform] [hivemq-platform-operator] [b936e29b] 23:55:49.056 [pool-6-thread-13] DEBUG c.h.p.o.dependants.PodInfoConfigMap - [helmcont] Desired PodInfo ConfigMap (extension state hash: -1817474005)
2025-01-28 23:55:49,133 INFO c.h.h.t.HelmChartContainer - [hivemq-test-hivemq-platform] [hivemq-platform-operator] [b936e29b] 23:55:49.129 [pool-6-thread-17] DEBUG c.h.p.o.d.PodServiceAccountResource - [helmcont] Desired PodServiceAccountResource (serviceAccountName: hivemq-platform-pod-test-hivemq-platform)
2025-01-28 23:55:49,133 INFO c.h.h.t.HelmChartContainer - [hivemq-test-hivemq-platform] [hivemq-platform-operator] [b936e29b] 23:55:49.130 [pool-6-thread-13] DEBUG c.h.p.o.dependants.PodInfoConfigMap - [helmcont] Update PodInfo ConfigMap
2025-01-28 23:55:49,137 INFO c.h.h.t.HelmChartContainer - [K3S] [alloc.go:330] "allocated clusterIPs" service="helmcontainersecuritycontextupgradeplatformit/hivemq-test-hivemq-platform-metrics-9399" clusterIPs={"IPv4":"10.43.169.143"}
2025-01-28 23:55:49,172 INFO c.h.h.t.HelmChartContainer - [K3S] [alloc.go:330] "allocated clusterIPs" service="helmcontainersecuritycontextupgradeplatformit/hivemq-test-hivemq-platform-mqtt-1883" clusterIPs={"IPv4":"10.43.48.224"}
2025-01-28 23:55:49,237 INFO c.h.h.t.HelmChartContainer - [K3S] [alloc.go:330] "allocated clusterIPs" service="helmcontainersecuritycontextupgradeplatformit/hivemq-test-hivemq-platform-cc-8080" clusterIPs={"IPv4":"10.43.230.80"}
2025-01-28 23:55:49,247 INFO c.h.h.t.HelmChartContainer - [hivemq-test-hivemq-platform] [hivemq-platform-operator] [b936e29b] 23:55:49.245 [pool-6-thread-20] DEBUG c.h.p.o.d.StatefulSetResource - [helmcont] Desired StatefulSet (1 replicas) for status STARTING (READY)
2025-01-28 23:55:49,338 INFO c.h.h.t.HelmChartContainer - [hivemq-test-hivemq-platform] [hivemq-platform-operator] [b936e29b] 23:55:49.337 [pool-6-thread-20] DEBUG c.h.p.o.d.StatefulSetResource - [helmcont] Create StatefulSet
2025-01-28 23:55:49,445 INFO c.h.h.t.HelmChartContainer - [hivemq-test-hivemq-platform] [hivemq-platform-operator] [b936e29b] 23:55:49.443 [ReconcilerExecutor-hivemq-controller-65] INFO  c.h.p.o.HiveMQPlatformReconciler - [helmcont] Reconciling HiveMQ Platform 'test-hivemq-platform' in namespace 'helmcontainersecuritycontextupgradeplatformit'
2025-01-28 23:55:49,447 INFO c.h.h.t.HelmChartContainer - [hivemq-test-hivemq-platform] [hivemq-platform-operator] [b936e29b] 23:55:49.443 [ReconcilerExecutor-hivemq-controller-65] DEBUG c.h.p.o.HiveMQPlatformReconciler - [helmcont] Custom Resource Status STARTING - HiveMQ Platform is starting (READY)
2025-01-28 23:55:49,447 INFO c.h.h.t.HelmChartContainer - [hivemq-test-hivemq-platform] [hivemq-platform-operator] [b936e29b] 23:55:49.444 [ReconcilerExecutor-hivemq-controller-65] DEBUG c.h.p.o.HiveMQPlatformReconciler - [helmcont] Custom Resource Spec (replicas: 1) (extensions: 1)
2025-01-28 23:55:49,451 INFO c.h.h.t.HelmChartContainer - [POD] test-hivemq-platform-0 [561b81a0-efa1-45ea-b4f3-3b7dbde42e59] in helmcontainersecuritycontextupgradeplatformit was ADDED
2025-01-28 23:55:49,454 INFO c.h.h.t.HelmChartContainer - [EVENT] Normal [SuccessfulCreate] create Pod test-hivemq-platform-0 in StatefulSet test-hivemq-platform successful [helmcontainersecuritycontextupgradeplatformit:test-hivemq-platform]
2025-01-28 23:55:49,455 INFO c.h.h.t.HelmChartContainer - [POD] test-hivemq-platform-0 [561b81a0-efa1-45ea-b4f3-3b7dbde42e59] in helmcontainersecuritycontextupgradeplatformit was MODIFIED
2025-01-28 23:55:49,458 INFO c.h.h.t.HelmChartContainer - [EVENT] Normal [Scheduled] Successfully assigned helmcontainersecuritycontextupgradeplatformit/test-hivemq-platform-0 to 0c997a873dc5 [helmcontainersecuritycontextupgradeplatformit:test-hivemq-platform-0]
2025-01-28 23:55:49,466 INFO c.h.h.t.HelmChartContainer - [POD] test-hivemq-platform-0 [561b81a0-efa1-45ea-b4f3-3b7dbde42e59] in helmcontainersecuritycontextupgradeplatformit was MODIFIED
2025-01-28 23:55:49,489 INFO c.h.h.t.HelmChartContainer - [K3S] [reconciler_common.go:251] "operationExecutor.VerifyControllerAttachedVolume started for volume \"broker-configuration\" (UniqueName: \"kubernetes.io/configmap/561b81a0-efa1-45ea-b4f3-3b7dbde42e59-broker-configuration\") pod \"test-hivemq-platform-0\" (UID: \"561b81a0-efa1-45ea-b4f3-3b7dbde42e59\") " pod="helmcontainersecuritycontextupgradeplatformit/test-hivemq-platform-0"
2025-01-28 23:55:49,489 INFO c.h.h.t.HelmChartContainer - [K3S] [reconciler_common.go:251] "operationExecutor.VerifyControllerAttachedVolume started for volume \"pod-info\" (UniqueName: \"kubernetes.io/configmap/561b81a0-efa1-45ea-b4f3-3b7dbde42e59-pod-info\") pod \"test-hivemq-platform-0\" (UID: \"561b81a0-efa1-45ea-b4f3-3b7dbde42e59\") " pod="helmcontainersecuritycontextupgradeplatformit/test-hivemq-platform-0"
2025-01-28 23:55:49,489 INFO c.h.h.t.HelmChartContainer - [K3S] [reconciler_common.go:251] "operationExecutor.VerifyControllerAttachedVolume started for volume \"operator-init\" (UniqueName: \"kubernetes.io/empty-dir/561b81a0-efa1-45ea-b4f3-3b7dbde42e59-operator-init\") pod \"test-hivemq-platform-0\" (UID: \"561b81a0-efa1-45ea-b4f3-3b7dbde42e59\") " pod="helmcontainersecuritycontextupgradeplatformit/test-hivemq-platform-0"
2025-01-28 23:55:49,489 INFO c.h.h.t.HelmChartContainer - [K3S] [reconciler_common.go:251] "operationExecutor.VerifyControllerAttachedVolume started for volume \"kube-api-access-ts5gj\" (UniqueName: \"kubernetes.io/projected/561b81a0-efa1-45ea-b4f3-3b7dbde42e59-kube-api-access-ts5gj\") pod \"test-hivemq-platform-0\" (UID: \"561b81a0-efa1-45ea-b4f3-3b7dbde42e59\") " pod="helmcontainersecuritycontextupgradeplatformit/test-hivemq-platform-0"
2025-01-28 23:55:49,530 INFO c.h.h.t.HelmChartContainer - [hivemq-test-hivemq-platform] [hivemq-platform-operator] [b936e29b] 23:55:49.529 [ReconcilerExecutor-hivemq-controller-65] DEBUG c.h.p.o.HiveMQPlatformReconciler - [helmcont] StatefulSet Status (revision: null, replicas: 0, available: 0, ready: 0, current: 0, updated: 0)
2025-01-28 23:55:49,531 INFO c.h.h.t.HelmChartContainer - [hivemq-test-hivemq-platform] [hivemq-platform-operator] [b936e29b] 23:55:49.529 [ReconcilerExecutor-hivemq-controller-65] DEBUG c.h.p.o.HiveMQPlatformReconciler - [helmcont] StatefulSet Spec (replicas: 1, init containers: 1, containers: 1, volumes: 3)
2025-01-28 23:55:49,542 INFO c.h.h.t.HelmChartContainer - [hivemq-test-hivemq-platform] [hivemq-platform-operator] [b936e29b] 23:55:49.541 [ReconcilerExecutor-hivemq-controller-65] DEBUG c.h.p.o.h.HiveMQPlatformReconcilerErrorHandler - [helmcont] Pod 'test-hivemq-platform-0' phase Pending
2025-01-28 23:55:49,543 INFO c.h.h.t.HelmChartContainer - [hivemq-test-hivemq-platform] [hivemq-platform-operator] [b936e29b] 23:55:49.543 [ReconcilerExecutor-hivemq-controller-65] INFO  c.h.p.o.h.HiveMQPlatformReconcilerBaseHandler - [helmcont] HiveMQ Platform is starting, 0 of 1 replicas are ready
2025-01-28 23:55:49,632 INFO c.h.h.t.HelmChartContainer - [hivemq-test-hivemq-platform] [hivemq-platform-operator] [b936e29b] 23:55:49.631 [pool-6-thread-22] DEBUG c.h.p.o.d.PlatformServiceResource - [helmcont] Desired Platform services (3 services)
2025-01-28 23:55:49,637 INFO c.h.h.t.HelmChartContainer - [hivemq-test-hivemq-platform] [hivemq-platform-operator] [b936e29b] 23:55:49.634 [pool-6-thread-23] DEBUG c.h.p.o.dependants.PodInfoConfigMap - [helmcont] Desired PodInfo ConfigMap (1 extensions) (1 enabled)
2025-01-28 23:55:49,637 INFO c.h.h.t.HelmChartContainer - [hivemq-test-hivemq-platform] [hivemq-platform-operator] [b936e29b] 23:55:49.634 [pool-6-thread-23] DEBUG c.h.p.o.dependants.PodInfoConfigMap - [helmcont] Desired PodInfo ConfigMap (metrics port: 9399) (metrics path: /)
2025-01-28 23:55:49,637 INFO c.h.h.t.HelmChartContainer - [hivemq-test-hivemq-platform] [hivemq-platform-operator] [b936e29b] 23:55:49.634 [pool-6-thread-23] DEBUG c.h.p.o.dependants.PodInfoConfigMap - [helmcont] Desired PodInfo ConfigMap (extension state hash: -1817474005)
2025-01-28 23:55:49,641 INFO c.h.h.t.HelmChartContainer - [hivemq-test-hivemq-platform] [hivemq-platform-operator] [b936e29b] 23:55:49.639 [pool-6-thread-27] DEBUG c.h.p.o.d.PodServiceAccountResource - [helmcont] Desired PodServiceAccountResource (serviceAccountName: hivemq-platform-pod-test-hivemq-platform)
2025-01-28 23:55:49,733 INFO c.h.h.t.HelmChartContainer - [hivemq-test-hivemq-platform] [hivemq-platform-operator] [b936e29b] 23:55:49.732 [pool-6-thread-30] DEBUG c.h.p.o.d.StatefulSetResource - [helmcont] Desired StatefulSet (1 replicas) for status STARTING (READY)
2025-01-28 23:55:49,740 INFO c.h.h.t.HelmChartContainer - [hivemq-test-hivemq-platform] [hivemq-platform-operator] [b936e29b] 23:55:49.738 [ReconcilerExecutor-hivemq-controller-76] INFO  c.h.p.o.HiveMQPlatformReconciler - [helmcont] Reconciling HiveMQ Platform 'test-hivemq-platform' in namespace 'helmcontainersecuritycontextupgradeplatformit'
2025-01-28 23:55:49,740 INFO c.h.h.t.HelmChartContainer - [hivemq-test-hivemq-platform] [hivemq-platform-operator] [b936e29b] 23:55:49.738 [ReconcilerExecutor-hivemq-controller-76] DEBUG c.h.p.o.HiveMQPlatformReconciler - [helmcont] Custom Resource Status STARTING - HiveMQ Platform is starting (READY)
2025-01-28 23:55:49,740 INFO c.h.h.t.HelmChartContainer - [hivemq-test-hivemq-platform] [hivemq-platform-operator] [b936e29b] 23:55:49.739 [ReconcilerExecutor-hivemq-controller-76] DEBUG c.h.p.o.HiveMQPlatformReconciler - [helmcont] Custom Resource Spec (replicas: 1) (extensions: 1)
2025-01-28 23:55:49,743 INFO c.h.h.t.HelmChartContainer - [hivemq-test-hivemq-platform] [hivemq-platform-operator] [b936e29b] 23:55:49.743 [ReconcilerExecutor-hivemq-controller-76] DEBUG c.h.p.o.HiveMQPlatformReconciler - [helmcont] StatefulSet Status (revision: test-hivemq-platform-fc778bc4c, replicas: 1, available: 0, ready: 0, current: 1, updated: 1)
2025-01-28 23:55:49,744 INFO c.h.h.t.HelmChartContainer - [hivemq-test-hivemq-platform] [hivemq-platform-operator] [b936e29b] 23:55:49.743 [ReconcilerExecutor-hivemq-controller-76] DEBUG c.h.p.o.HiveMQPlatformReconciler - [helmcont] StatefulSet Spec (replicas: 1, init containers: 1, containers: 1, volumes: 3)
2025-01-28 23:55:49,831 INFO c.h.h.t.HelmChartContainer - [hivemq-test-hivemq-platform] [hivemq-platform-operator] [b936e29b] 23:55:49.829 [ReconcilerExecutor-hivemq-controller-76] DEBUG c.h.p.o.h.HiveMQPlatformReconcilerErrorHandler - [helmcont] Pod 'test-hivemq-platform-0' phase Pending
2025-01-28 23:55:49,832 INFO c.h.h.t.HelmChartContainer - [hivemq-test-hivemq-platform] [hivemq-platform-operator] [b936e29b] 23:55:49.829 [ReconcilerExecutor-hivemq-controller-76] DEBUG c.h.p.o.h.HiveMQPlatformReconcilerErrorHandler - [helmcont] Pod 'test-hivemq-platform-0' condition 'PodReadyToStartContainers': False
2025-01-28 23:55:49,832 INFO c.h.h.t.HelmChartContainer - [hivemq-test-hivemq-platform] [hivemq-platform-operator] [b936e29b] 23:55:49.830 [ReconcilerExecutor-hivemq-controller-76] DEBUG c.h.p.o.h.HiveMQPlatformReconcilerErrorHandler - [helmcont] Pod 'test-hivemq-platform-0' condition 'Initialized': False
2025-01-28 23:55:49,833 INFO c.h.h.t.HelmChartContainer - [hivemq-test-hivemq-platform] [hivemq-platform-operator] [b936e29b] 23:55:49.830 [ReconcilerExecutor-hivemq-controller-76] DEBUG c.h.p.o.h.HiveMQPlatformReconcilerErrorHandler - [helmcont] Pod 'test-hivemq-platform-0' condition 'Ready': False
2025-01-28 23:55:49,833 INFO c.h.h.t.HelmChartContainer - [hivemq-test-hivemq-platform] [hivemq-platform-operator] [b936e29b] 23:55:49.830 [ReconcilerExecutor-hivemq-controller-76] DEBUG c.h.p.o.h.HiveMQPlatformReconcilerErrorHandler - [helmcont] Pod 'test-hivemq-platform-0' condition 'ContainersReady': False
2025-01-28 23:55:49,834 INFO c.h.h.t.HelmChartContainer - [hivemq-test-hivemq-platform] [hivemq-platform-operator] [b936e29b] 23:55:49.830 [ReconcilerExecutor-hivemq-controller-76] DEBUG c.h.p.o.h.HiveMQPlatformReconcilerErrorHandler - [helmcont] Pod 'test-hivemq-platform-0' condition 'PodScheduled': True
2025-01-28 23:55:49,834 INFO c.h.h.t.HelmChartContainer - [hivemq-test-hivemq-platform] [hivemq-platform-operator] [b936e29b] 23:55:49.830 [ReconcilerExecutor-hivemq-controller-76] DEBUG c.h.p.o.h.HiveMQPlatformReconcilerErrorHandler - [helmcont] Pod 'test-hivemq-platform-0' containerStatus 'hivemq' (started: false) (ready: false) (waiting: [PodInitializing] null)
2025-01-28 23:55:49,834 INFO c.h.h.t.HelmChartContainer - [hivemq-test-hivemq-platform] [hivemq-platform-operator] [b936e29b] 23:55:49.832 [ReconcilerExecutor-hivemq-controller-76] INFO  c.h.p.o.h.HiveMQPlatformReconcilerBaseHandler - [helmcont] HiveMQ Platform is starting, 0 of 1 replicas are ready
2025-01-28 23:55:49,841 INFO c.h.h.t.HelmChartContainer - [hivemq-test-hivemq-platform] [hivemq-platform-operator] [b936e29b] 23:55:49.838 [pool-6-thread-32] DEBUG c.h.p.o.d.PlatformServiceResource - [helmcont] Desired Platform services (3 services)
2025-01-28 23:55:49,842 INFO c.h.h.t.HelmChartContainer - [hivemq-test-hivemq-platform] [hivemq-platform-operator] [b936e29b] 23:55:49.840 [pool-6-thread-33] DEBUG c.h.p.o.dependants.PodInfoConfigMap - [helmcont] Desired PodInfo ConfigMap (1 extensions) (1 enabled)
2025-01-28 23:55:49,843 INFO c.h.h.t.HelmChartContainer - [hivemq-test-hivemq-platform] [hivemq-platform-operator] [b936e29b] 23:55:49.840 [pool-6-thread-33] DEBUG c.h.p.o.dependants.PodInfoConfigMap - [helmcont] Desired PodInfo ConfigMap (metrics port: 9399) (metrics path: /)
2025-01-28 23:55:49,843 INFO c.h.h.t.HelmChartContainer - [hivemq-test-hivemq-platform] [hivemq-platform-operator] [b936e29b] 23:55:49.840 [pool-6-thread-33] DEBUG c.h.p.o.dependants.PodInfoConfigMap - [helmcont] Desired PodInfo ConfigMap (extension state hash: -1817474005)
2025-01-28 23:55:49,847 INFO c.h.h.t.HelmChartContainer - [hivemq-test-hivemq-platform] [hivemq-platform-operator] [b936e29b] 23:55:49.846 [pool-6-thread-37] DEBUG c.h.p.o.d.PodServiceAccountResource - [helmcont] Desired PodServiceAccountResource (serviceAccountName: hivemq-platform-pod-test-hivemq-platform)
2025-01-28 23:55:49,852 INFO c.h.h.t.HelmChartContainer - [EVENT] Normal [Pulled] Container image "docker.io/hivemq/hivemq-platform-operator-init-test:snapshot" already present on machine [helmcontainersecuritycontextupgradeplatformit:test-hivemq-platform-0]
2025-01-28 23:55:49,934 INFO c.h.h.t.HelmChartContainer - [hivemq-test-hivemq-platform] [hivemq-platform-operator] [b936e29b] 23:55:49.933 [pool-6-thread-40] DEBUG c.h.p.o.d.StatefulSetResource - [helmcont] Desired StatefulSet (1 replicas) for status STARTING (READY)
2025-01-28 23:55:49,939 INFO c.h.h.t.HelmChartContainer - [hivemq-test-hivemq-platform] [hivemq-platform-operator] [b936e29b] 23:55:49.938 [ReconcilerExecutor-hivemq-controller-87] INFO  c.h.p.o.HiveMQPlatformReconciler - [helmcont] Reconciling HiveMQ Platform 'test-hivemq-platform' in namespace 'helmcontainersecuritycontextupgradeplatformit'
2025-01-28 23:55:49,940 INFO c.h.h.t.HelmChartContainer - [hivemq-test-hivemq-platform] [hivemq-platform-operator] [b936e29b] 23:55:49.938 [ReconcilerExecutor-hivemq-controller-87] DEBUG c.h.p.o.HiveMQPlatformReconciler - [helmcont] Custom Resource Status STARTING - HiveMQ Platform is starting (READY)
2025-01-28 23:55:49,940 INFO c.h.h.t.HelmChartContainer - [hivemq-test-hivemq-platform] [hivemq-platform-operator] [b936e29b] 23:55:49.938 [ReconcilerExecutor-hivemq-controller-87] DEBUG c.h.p.o.HiveMQPlatformReconciler - [helmcont] Custom Resource Spec (replicas: 1) (extensions: 1)
2025-01-28 23:55:49,942 INFO c.h.h.t.HelmChartContainer - [hivemq-test-hivemq-platform] [hivemq-platform-operator] [b936e29b] 23:55:49.941 [ReconcilerExecutor-hivemq-controller-87] DEBUG c.h.p.o.HiveMQPlatformReconciler - [helmcont] StatefulSet Status (revision: test-hivemq-platform-fc778bc4c, replicas: 1, available: 0, ready: 0, current: 1, updated: 1)
2025-01-28 23:55:49,943 INFO c.h.h.t.HelmChartContainer - [hivemq-test-hivemq-platform] [hivemq-platform-operator] [b936e29b] 23:55:49.941 [ReconcilerExecutor-hivemq-controller-87] DEBUG c.h.p.o.HiveMQPlatformReconciler - [helmcont] StatefulSet Spec (replicas: 1, init containers: 1, containers: 1, volumes: 3)
2025-01-28 23:55:49,944 INFO c.h.h.t.HelmChartContainer - [hivemq-test-hivemq-platform] [hivemq-platform-operator] [b936e29b] 23:55:49.944 [ReconcilerExecutor-hivemq-controller-87] DEBUG c.h.p.o.h.HiveMQPlatformReconcilerErrorHandler - [helmcont] Pod 'test-hivemq-platform-0' phase Pending
2025-01-28 23:55:49,946 INFO c.h.h.t.HelmChartContainer - [hivemq-test-hivemq-platform] [hivemq-platform-operator] [b936e29b] 23:55:49.944 [ReconcilerExecutor-hivemq-controller-87] DEBUG c.h.p.o.h.HiveMQPlatformReconcilerErrorHandler - [helmcont] Pod 'test-hivemq-platform-0' condition 'PodReadyToStartContainers': False
2025-01-28 23:55:49,946 INFO c.h.h.t.HelmChartContainer - [hivemq-test-hivemq-platform] [hivemq-platform-operator] [b936e29b] 23:55:49.944 [ReconcilerExecutor-hivemq-controller-87] DEBUG c.h.p.o.h.HiveMQPlatformReconcilerErrorHandler - [helmcont] Pod 'test-hivemq-platform-0' condition 'Initialized': False
2025-01-28 23:55:49,946 INFO c.h.h.t.HelmChartContainer - [hivemq-test-hivemq-platform] [hivemq-platform-operator] [b936e29b] 23:55:49.944 [ReconcilerExecutor-hivemq-controller-87] DEBUG c.h.p.o.h.HiveMQPlatformReconcilerErrorHandler - [helmcont] Pod 'test-hivemq-platform-0' condition 'Ready': False
2025-01-28 23:55:49,946 INFO c.h.h.t.HelmChartContainer - [hivemq-test-hivemq-platform] [hivemq-platform-operator] [b936e29b] 23:55:49.944 [ReconcilerExecutor-hivemq-controller-87] DEBUG c.h.p.o.h.HiveMQPlatformReconcilerErrorHandler - [helmcont] Pod 'test-hivemq-platform-0' condition 'ContainersReady': False
2025-01-28 23:55:49,946 INFO c.h.h.t.HelmChartContainer - [hivemq-test-hivemq-platform] [hivemq-platform-operator] [b936e29b] 23:55:49.944 [ReconcilerExecutor-hivemq-controller-87] DEBUG c.h.p.o.h.HiveMQPlatformReconcilerErrorHandler - [helmcont] Pod 'test-hivemq-platform-0' condition 'PodScheduled': True
2025-01-28 23:55:49,946 INFO c.h.h.t.HelmChartContainer - [hivemq-test-hivemq-platform] [hivemq-platform-operator] [b936e29b] 23:55:49.944 [ReconcilerExecutor-hivemq-controller-87] DEBUG c.h.p.o.h.HiveMQPlatformReconcilerErrorHandler - [helmcont] Pod 'test-hivemq-platform-0' containerStatus 'hivemq' (started: false) (ready: false) (waiting: [PodInitializing] null)
2025-01-28 23:55:49,946 INFO c.h.h.t.HelmChartContainer - [hivemq-test-hivemq-platform] [hivemq-platform-operator] [b936e29b] 23:55:49.945 [ReconcilerExecutor-hivemq-controller-87] INFO  c.h.p.o.h.HiveMQPlatformReconcilerBaseHandler - [helmcont] HiveMQ Platform is starting, 0 of 1 replicas are ready
2025-01-28 23:55:50,001 INFO c.h.h.t.HelmChartContainer - [EVENT] Normal [Created] Created container: hivemq-platform-operator-init [helmcontainersecuritycontextupgradeplatformit:test-hivemq-platform-0]
2025-01-28 23:55:50,038 INFO c.h.h.t.HelmChartContainer - [EVENT] Normal [Started] Started container hivemq-platform-operator-init [helmcontainersecuritycontextupgradeplatformit:test-hivemq-platform-0]
2025-01-28 23:55:50,938 INFO c.h.h.t.HelmChartContainer - [EVENT] Normal [Pulled] Container image "docker.io/hivemq/hivemq4:4.36.0" already present on machine [helmcontainersecuritycontextupgradeplatformit:test-hivemq-platform-0]
2025-01-28 23:55:50,938 INFO c.h.h.t.HelmChartContainer - Received Pulled event for container hivemq in pod test-hivemq-platform-0 [561b81a0-efa1-45ea-b4f3-3b7dbde42e59]
2025-01-28 23:55:50,951 INFO c.h.h.t.HelmChartContainer - [POD] test-hivemq-platform-0 [561b81a0-efa1-45ea-b4f3-3b7dbde42e59] in helmcontainersecuritycontextupgradeplatformit was MODIFIED
2025-01-28 23:55:50,970 INFO c.h.h.t.HelmChartContainer - [hivemq-test-hivemq-platform] [hivemq-platform-operator] [b936e29b] 23:55:50.966 [pool-6-thread-42] DEBUG c.h.p.o.d.PlatformServiceResource - [helmcont] Desired Platform services (3 services)
2025-01-28 23:55:50,976 INFO c.h.h.t.HelmChartContainer - [hivemq-test-hivemq-platform] [hivemq-platform-operator] [b936e29b] 23:55:50.973 [pool-6-thread-43] DEBUG c.h.p.o.dependants.PodInfoConfigMap - [helmcont] Desired PodInfo ConfigMap (1 extensions) (1 enabled)
2025-01-28 23:55:50,977 INFO c.h.h.t.HelmChartContainer - [hivemq-test-hivemq-platform] [hivemq-platform-operator] [b936e29b] 23:55:50.973 [pool-6-thread-43] DEBUG c.h.p.o.dependants.PodInfoConfigMap - [helmcont] Desired PodInfo ConfigMap (metrics port: 9399) (metrics path: /)
2025-01-28 23:55:50,977 INFO c.h.h.t.HelmChartContainer - [hivemq-test-hivemq-platform] [hivemq-platform-operator] [b936e29b] 23:55:50.973 [pool-6-thread-43] DEBUG c.h.p.o.dependants.PodInfoConfigMap - [helmcont] Desired PodInfo ConfigMap (extension state hash: -1817474005)
2025-01-28 23:55:50,977 INFO c.h.h.t.HelmChartContainer - [hivemq-test-hivemq-platform] [hivemq-platform-operator] [b936e29b] 23:55:50.975 [pool-6-thread-47] DEBUG c.h.p.o.d.PodServiceAccountResource - [helmcont] Desired PodServiceAccountResource (serviceAccountName: hivemq-platform-pod-test-hivemq-platform)
2025-01-28 23:55:50,983 INFO c.h.h.t.HelmChartContainer - [hivemq-test-hivemq-platform] [hivemq-platform-operator] [b936e29b] 23:55:50.982 [pool-6-thread-49] DEBUG c.h.p.o.d.StatefulSetResource - [helmcont] Desired StatefulSet (1 replicas) for status STARTING (READY)
2025-01-28 23:55:51,038 INFO c.h.h.t.HelmChartContainer - [hivemq-test-hivemq-platform] [hivemq-platform-operator] [b936e29b] 23:55:51.034 [ReconcilerExecutor-hivemq-controller-98] INFO  c.h.p.o.HiveMQPlatformReconciler - [helmcont] Reconciling HiveMQ Platform 'test-hivemq-platform' in namespace 'helmcontainersecuritycontextupgradeplatformit'
2025-01-28 23:55:51,038 INFO c.h.h.t.HelmChartContainer - [hivemq-test-hivemq-platform] [hivemq-platform-operator] [b936e29b] 23:55:51.034 [ReconcilerExecutor-hivemq-controller-98] DEBUG c.h.p.o.HiveMQPlatformReconciler - [helmcont] Custom Resource Status STARTING - HiveMQ Platform is starting (READY)
2025-01-28 23:55:51,038 INFO c.h.h.t.HelmChartContainer - [hivemq-test-hivemq-platform] [hivemq-platform-operator] [b936e29b] 23:55:51.034 [ReconcilerExecutor-hivemq-controller-98] DEBUG c.h.p.o.HiveMQPlatformReconciler - [helmcont] Custom Resource Spec (replicas: 1) (extensions: 1)
2025-01-28 23:55:51,038 INFO c.h.h.t.HelmChartContainer - [hivemq-test-hivemq-platform] [hivemq-platform-operator] [b936e29b] 23:55:51.037 [ReconcilerExecutor-hivemq-controller-98] DEBUG c.h.p.o.HiveMQPlatformReconciler - [helmcont] StatefulSet Status (revision: test-hivemq-platform-fc778bc4c, replicas: 1, available: 0, ready: 0, current: 1, updated: 1)
2025-01-28 23:55:51,039 INFO c.h.h.t.HelmChartContainer - [hivemq-test-hivemq-platform] [hivemq-platform-operator] [b936e29b] 23:55:51.038 [ReconcilerExecutor-hivemq-controller-98] DEBUG c.h.p.o.HiveMQPlatformReconciler - [helmcont] StatefulSet Spec (replicas: 1, init containers: 1, containers: 1, volumes: 3)
2025-01-28 23:55:51,042 INFO c.h.h.t.HelmChartContainer - [hivemq-test-hivemq-platform] [hivemq-platform-operator] [b936e29b] 23:55:51.041 [ReconcilerExecutor-hivemq-controller-98] DEBUG c.h.p.o.h.HiveMQPlatformReconcilerErrorHandler - [helmcont] Pod 'test-hivemq-platform-0' phase Pending
2025-01-28 23:55:51,042 INFO c.h.h.t.HelmChartContainer - [hivemq-test-hivemq-platform] [hivemq-platform-operator] [b936e29b] 23:55:51.041 [ReconcilerExecutor-hivemq-controller-98] DEBUG c.h.p.o.h.HiveMQPlatformReconcilerErrorHandler - [helmcont] Pod 'test-hivemq-platform-0' condition 'PodReadyToStartContainers': True
2025-01-28 23:55:51,043 INFO c.h.h.t.HelmChartContainer - [hivemq-test-hivemq-platform] [hivemq-platform-operator] [b936e29b] 23:55:51.041 [ReconcilerExecutor-hivemq-controller-98] DEBUG c.h.p.o.h.HiveMQPlatformReconcilerErrorHandler - [helmcont] Pod 'test-hivemq-platform-0' condition 'Initialized': True
2025-01-28 23:55:51,043 INFO c.h.h.t.HelmChartContainer - [hivemq-test-hivemq-platform] [hivemq-platform-operator] [b936e29b] 23:55:51.041 [ReconcilerExecutor-hivemq-controller-98] DEBUG c.h.p.o.h.HiveMQPlatformReconcilerErrorHandler - [helmcont] Pod 'test-hivemq-platform-0' condition 'Ready': False
2025-01-28 23:55:51,043 INFO c.h.h.t.HelmChartContainer - [hivemq-test-hivemq-platform] [hivemq-platform-operator] [b936e29b] 23:55:51.041 [ReconcilerExecutor-hivemq-controller-98] DEBUG c.h.p.o.h.HiveMQPlatformReconcilerErrorHandler - [helmcont] Pod 'test-hivemq-platform-0' condition 'ContainersReady': False
2025-01-28 23:55:51,043 INFO c.h.h.t.HelmChartContainer - [hivemq-test-hivemq-platform] [hivemq-platform-operator] [b936e29b] 23:55:51.041 [ReconcilerExecutor-hivemq-controller-98] DEBUG c.h.p.o.h.HiveMQPlatformReconcilerErrorHandler - [helmcont] Pod 'test-hivemq-platform-0' condition 'PodScheduled': True
2025-01-28 23:55:51,043 INFO c.h.h.t.HelmChartContainer - [hivemq-test-hivemq-platform] [hivemq-platform-operator] [b936e29b] 23:55:51.041 [ReconcilerExecutor-hivemq-controller-98] DEBUG c.h.p.o.h.HiveMQPlatformReconcilerErrorHandler - [helmcont] Pod 'test-hivemq-platform-0' containerStatus 'hivemq' (started: false) (ready: false) (waiting: [PodInitializing] null)
2025-01-28 23:55:51,043 INFO c.h.h.t.HelmChartContainer - [hivemq-test-hivemq-platform] [hivemq-platform-operator] [b936e29b] 23:55:51.042 [ReconcilerExecutor-hivemq-controller-98] INFO  c.h.p.o.h.HiveMQPlatformReconcilerBaseHandler - [helmcont] HiveMQ Platform is starting, 0 of 1 replicas are ready
2025-01-28 23:55:52,376 INFO c.h.h.t.HelmChartContainer - [EVENT] Normal [Created] Created container: hivemq [helmcontainersecuritycontextupgradeplatformit:test-hivemq-platform-0]
2025-01-28 23:55:52,377 INFO c.h.h.t.HelmChartContainer - Received Created event for container hivemq in pod test-hivemq-platform-0 [561b81a0-efa1-45ea-b4f3-3b7dbde42e59]
2025-01-28 23:55:52,949 INFO c.h.h.t.HelmChartContainer - [POD] test-hivemq-platform-0 [561b81a0-efa1-45ea-b4f3-3b7dbde42e59] in helmcontainersecuritycontextupgradeplatformit was MODIFIED
2025-01-28 23:55:52,959 INFO c.h.h.t.HelmChartContainer - [hivemq-test-hivemq-platform] [hivemq-platform-operator] [b936e29b] 23:55:52.954 [pool-6-thread-5] DEBUG c.h.p.o.d.PlatformServiceResource - [helmcont] Desired Platform services (3 services)
2025-01-28 23:55:52,961 INFO c.h.h.t.HelmChartContainer - [hivemq-test-hivemq-platform] [hivemq-platform-operator] [b936e29b] 23:55:52.956 [pool-6-thread-3] DEBUG c.h.p.o.dependants.PodInfoConfigMap - [helmcont] Desired PodInfo ConfigMap (1 extensions) (1 enabled)
2025-01-28 23:55:52,961 INFO c.h.h.t.HelmChartContainer - [hivemq-test-hivemq-platform] [hivemq-platform-operator] [b936e29b] 23:55:52.958 [pool-6-thread-3] DEBUG c.h.p.o.dependants.PodInfoConfigMap - [helmcont] Desired PodInfo ConfigMap (metrics port: 9399) (metrics path: /)
2025-01-28 23:55:52,962 INFO c.h.h.t.HelmChartContainer - [hivemq-test-hivemq-platform] [hivemq-platform-operator] [b936e29b] 23:55:52.958 [pool-6-thread-3] DEBUG c.h.p.o.dependants.PodInfoConfigMap - [helmcont] Desired PodInfo ConfigMap (extension state hash: -1817474005)
2025-01-28 23:55:52,962 INFO c.h.h.t.HelmChartContainer - [hivemq-test-hivemq-platform] [hivemq-platform-operator] [b936e29b] 23:55:52.959 [pool-6-thread-4] DEBUG c.h.p.o.d.PodServiceAccountResource - [helmcont] Desired PodServiceAccountResource (serviceAccountName: hivemq-platform-pod-test-hivemq-platform)
2025-01-28 23:55:52,966 INFO c.h.h.t.HelmChartContainer - Started log watcher for hivemq in pod test-hivemq-platform-0 [561b81a0-efa1-45ea-b4f3-3b7dbde42e59]
2025-01-28 23:55:52,966 INFO c.h.h.t.HelmChartContainer - [test-hivemq-platform] [hivemq] [561b81a0] Adding pre-installed HiveMQ Platform Operator extensions
2025-01-28 23:55:52,966 INFO c.h.h.t.HelmChartContainer - [test-hivemq-platform] [hivemq] [561b81a0] Running as user 10000
2025-01-28 23:55:52,966 INFO c.h.h.t.HelmChartContainer - [test-hivemq-platform] [hivemq] [561b81a0] Starting HiveMQ Platform Operator Init
2025-01-28 23:55:52,966 INFO c.h.h.t.HelmChartContainer - [EVENT] Normal [Started] Started container hivemq [helmcontainersecuritycontextupgradeplatformit:test-hivemq-platform-0]
2025-01-28 23:55:52,966 INFO c.h.h.t.HelmChartContainer - Received Started event for container hivemq in pod test-hivemq-platform-0 [561b81a0-efa1-45ea-b4f3-3b7dbde42e59]
2025-01-28 23:55:52,967 INFO c.h.h.t.HelmChartContainer - [hivemq-test-hivemq-platform] [hivemq-platform-operator] [b936e29b] 23:55:52.965 [pool-6-thread-5] DEBUG c.h.p.o.d.StatefulSetResource - [helmcont] Desired StatefulSet (1 replicas) for status STARTING (READY)
2025-01-28 23:55:52,972 INFO c.h.h.t.HelmChartContainer - [hivemq-test-hivemq-platform] [hivemq-platform-operator] [b936e29b] 23:55:52.971 [ReconcilerExecutor-hivemq-controller-109] INFO  c.h.p.o.HiveMQPlatformReconciler - [helmcont] Reconciling HiveMQ Platform 'test-hivemq-platform' in namespace 'helmcontainersecuritycontextupgradeplatformit'
2025-01-28 23:55:52,973 INFO c.h.h.t.HelmChartContainer - [hivemq-test-hivemq-platform] [hivemq-platform-operator] [b936e29b] 23:55:52.971 [ReconcilerExecutor-hivemq-controller-109] DEBUG c.h.p.o.HiveMQPlatformReconciler - [helmcont] Custom Resource Status STARTING - HiveMQ Platform is starting (READY)
2025-01-28 23:55:52,974 INFO c.h.h.t.HelmChartContainer - [hivemq-test-hivemq-platform] [hivemq-platform-operator] [b936e29b] 23:55:52.971 [ReconcilerExecutor-hivemq-controller-109] DEBUG c.h.p.o.HiveMQPlatformReconciler - [helmcont] Custom Resource Spec (replicas: 1) (extensions: 1)
2025-01-28 23:55:53,031 INFO c.h.h.t.HelmChartContainer - [hivemq-test-hivemq-platform] [hivemq-platform-operator] [b936e29b] 23:55:53.029 [ReconcilerExecutor-hivemq-controller-109] DEBUG c.h.p.o.HiveMQPlatformReconciler - [helmcont] StatefulSet Status (revision: test-hivemq-platform-fc778bc4c, replicas: 1, available: 0, ready: 0, current: 1, updated: 1)
2025-01-28 23:55:53,031 INFO c.h.h.t.HelmChartContainer - [hivemq-test-hivemq-platform] [hivemq-platform-operator] [b936e29b] 23:55:53.029 [ReconcilerExecutor-hivemq-controller-109] DEBUG c.h.p.o.HiveMQPlatformReconciler - [helmcont] StatefulSet Spec (replicas: 1, init containers: 1, containers: 1, volumes: 3)
2025-01-28 23:55:53,033 INFO c.h.h.t.HelmChartContainer - [hivemq-test-hivemq-platform] [hivemq-platform-operator] [b936e29b] 23:55:53.032 [ReconcilerExecutor-hivemq-controller-109] DEBUG c.h.p.o.h.HiveMQPlatformReconcilerErrorHandler - [helmcont] Pod 'test-hivemq-platform-0' phase Running
2025-01-28 23:55:53,034 INFO c.h.h.t.HelmChartContainer - [hivemq-test-hivemq-platform] [hivemq-platform-operator] [b936e29b] 23:55:53.033 [ReconcilerExecutor-hivemq-controller-109] INFO  c.h.p.o.h.HiveMQPlatformReconcilerBaseHandler - [helmcont] HiveMQ Platform is starting, 0 of 1 replicas are ready
2025-01-28 23:55:53,554 INFO c.h.h.t.HelmChartContainer - [test-hivemq-platform] [hivemq] [561b81a0] INFO  - [HiveMQ Platform Operator Init 1.7.0-SNAPSHOT] HiveMQ Platform Operator Init 1.7.0-SNAPSHOT (commit: bebf408 on branch: HEAD) built on Sun Jan 26 20:47:47 UTC 2025
2025-01-28 23:55:54,682 INFO c.h.h.t.HelmChartContainer - [test-hivemq-platform] [hivemq] [561b81a0] INFO  - [HiveMQ Platform Operator Init App 1.7.0-SNAPSHOT] Using bind address 10.42.0.10 from environment variable
2025-01-28 23:55:55,573 INFO c.h.h.t.HelmChartContainer - [test-hivemq-platform] [hivemq] [561b81a0] INFO  - [HiveMQ Platform Operator Init App 1.7.0-SNAPSHOT] HiveMQ Platform Operator Init App 1.7.0-SNAPSHOT (commit: bebf408 on branch: HEAD) built on Sun Jan 26 20:47:47 UTC 2025
2025-01-28 23:55:55,573 INFO c.h.h.t.HelmChartContainer - [test-hivemq-platform] [hivemq] [561b81a0] INFO  - [HiveMQ Platform Operator Init App 1.7.0-SNAPSHOT] PodInfo ConfigMap directory: /etc/podinfo
2025-01-28 23:55:55,573 INFO c.h.h.t.HelmChartContainer - [test-hivemq-platform] [hivemq] [561b81a0] INFO  - [HiveMQ Platform Operator Init App 1.7.0-SNAPSHOT] HiveMQ home directory: /opt/hivemq
2025-01-28 23:55:55,573 INFO c.h.h.t.HelmChartContainer - [test-hivemq-platform] [hivemq] [561b81a0] INFO  - [HiveMQ Platform Operator Init App 1.7.0-SNAPSHOT] HiveMQ Logback folder: /opt/hivemq/conf
2025-01-28 23:55:55,573 INFO c.h.h.t.HelmChartContainer - [test-hivemq-platform] [hivemq] [561b81a0] INFO  - [HiveMQ Platform Operator Init App 1.7.0-SNAPSHOT] HiveMQ Config folder: /opt/hivemq/conf-k8s
2025-01-28 23:55:55,573 INFO c.h.h.t.HelmChartContainer - [test-hivemq-platform] [hivemq] [561b81a0] INFO  - [HiveMQ Platform Operator Init App 1.7.0-SNAPSHOT] Starting HiveMQ Platform Operator Init App
2025-01-28 23:55:55,573 INFO c.h.h.t.HelmChartContainer - [test-hivemq-platform] [hivemq] [561b81a0] INFO  - [HiveMQ Platform Operator Init App 1.7.0-SNAPSHOT] Starting Pod reconciler
2025-01-28 23:55:56,696 INFO c.h.h.t.HelmChartContainer - [test-hivemq-platform] [hivemq] [561b81a0] INFO  - [HiveMQ Platform Operator Init App 1.7.0-SNAPSHOT] Pod reconciler is scheduled (interval: 5000 ms)
2025-01-28 23:55:56,697 INFO c.h.h.t.HelmChartContainer - [test-hivemq-platform] [hivemq] [561b81a0] INFO  - [HiveMQ Platform Operator Init App 1.7.0-SNAPSHOT] Starting the REST API on 10.42.0.10:7979
2025-01-28 23:55:56,770 INFO c.h.h.t.HelmChartContainer - [test-hivemq-platform] [hivemq] [561b81a0] INFO  - [HiveMQ Platform Operator Init App 1.7.0-SNAPSHOT] Waiting up to 600s for at most 1 HiveMQ nodes in cluster service hivemq-test-hivemq-platform-cluster.helmcontainersecuritycontextupgradeplatformit.svc
2025-01-28 23:55:57,083 INFO c.h.h.t.HelmChartContainer - [test-hivemq-platform] [hivemq] [561b81a0] INFO  - [HiveMQ Platform Operator Init App 1.7.0-SNAPSHOT] Resolved 1 IP addresses: [10.42.0.10]
2025-01-28 23:55:57,083 INFO c.h.h.t.HelmChartContainer - [test-hivemq-platform] [hivemq] [561b81a0] INFO  - [HiveMQ Platform Operator Init App 1.7.0-SNAPSHOT] HiveMQ node count of 1 is within threshold of 1
2025-01-28 23:55:57,084 INFO c.h.h.t.HelmChartContainer - [test-hivemq-platform] [hivemq] [561b81a0] INFO  - [HiveMQ Platform Operator Init App 1.7.0-SNAPSHOT] Proceeding with container start
2025-01-28 23:55:57,175 INFO c.h.h.t.HelmChartContainer - [test-hivemq-platform] [hivemq] [561b81a0] INFO  - [HiveMQ Platform Operator Init App 1.7.0-SNAPSHOT] Initializing HiveMQ Platform extensions with initial configuration: {hivemq-allow-all-extension={start-priority=-1, skip-https-hostname-verification=false, restart=true, config-version=0, header-version=0, c-uri=, priority=-1, uri=preinstalled, skip-https-certificate-validation=false, enabled=true}, hivemq-prometheus-extension={start-priority=-1, priority=-1, restart=true, enabled=true, request-header-path=no-request-headers, uri=preinstalled, skip-https-certificate-validation=false, skip-https-hostname-verification=false, c-uri=}}
2025-01-28 23:55:57,574 INFO c.h.h.t.HelmChartContainer - [test-hivemq-platform] [hivemq] [561b81a0] INFO  - [HiveMQ Platform Operator Init App 1.7.0-SNAPSHOT] Extension hivemq-allow-all-extension was already enabled
2025-01-28 23:55:57,583 INFO c.h.h.t.HelmChartContainer - [test-hivemq-platform] [hivemq] [561b81a0] INFO  - [HiveMQ Platform Operator Init App 1.7.0-SNAPSHOT] Successfully enabled extension hivemq-prometheus-extension
2025-01-28 23:55:57,584 INFO c.h.h.t.HelmChartContainer - [test-hivemq-platform] [hivemq] [561b81a0] INFO  - [HiveMQ Platform Operator Init App 1.7.0-SNAPSHOT] Starting HiveMQ Platform version 4.36.0 (4.36.0)
2025-01-28 23:55:57,584 INFO c.h.h.t.HelmChartContainer - [test-hivemq-platform] [hivemq] [561b81a0] INFO  - [HiveMQ Platform Operator Init App 1.7.0-SNAPSHOT] Configuring the HiveMQ Platform
2025-01-28 23:55:57,676 INFO c.h.h.t.HelmChartContainer - [test-hivemq-platform] [hivemq] [561b81a0] INFO  - [HiveMQ Platform Operator Init App 1.7.0-SNAPSHOT] Changed logback.xml file scan period to 20 seconds
2025-01-28 23:55:57,770 INFO c.h.h.t.HelmChartContainer - [test-hivemq-platform] [hivemq] [561b81a0] INFO  - [HiveMQ Platform Operator Init App 1.7.0-SNAPSHOT] Starting the HiveMQ Platform
2025-01-28 23:55:57,773 INFO c.h.h.t.HelmChartContainer - [test-hivemq-platform] [hivemq] [561b81a0] -------------------------------------------------------------------------
2025-01-28 23:55:57,774 INFO c.h.h.t.HelmChartContainer - [test-hivemq-platform] [hivemq] [561b81a0] 
2025-01-28 23:55:57,774 INFO c.h.h.t.HelmChartContainer - [test-hivemq-platform] [hivemq] [561b81a0]                   _    _  _              __  __   ____
2025-01-28 23:55:57,774 INFO c.h.h.t.HelmChartContainer - [test-hivemq-platform] [hivemq] [561b81a0]                  | |  | |(_)            |  \/  | / __ \
2025-01-28 23:55:57,774 INFO c.h.h.t.HelmChartContainer - [test-hivemq-platform] [hivemq] [561b81a0]                  | |__| | _ __   __ ___ | \  / || |  | |
2025-01-28 23:55:57,775 INFO c.h.h.t.HelmChartContainer - [test-hivemq-platform] [hivemq] [561b81a0]                  |  __  || |\ \ / // _ \| |\/| || |  | |
2025-01-28 23:55:57,775 INFO c.h.h.t.HelmChartContainer - [test-hivemq-platform] [hivemq] [561b81a0]                  | |  | || | \ V /|  __/| |  | || |__| |
2025-01-28 23:55:57,775 INFO c.h.h.t.HelmChartContainer - [test-hivemq-platform] [hivemq] [561b81a0]                  |_|  |_||_|  \_/  \___||_|  |_| \___\_\
2025-01-28 23:55:57,775 INFO c.h.h.t.HelmChartContainer - [test-hivemq-platform] [hivemq] [561b81a0] 
2025-01-28 23:55:57,775 INFO c.h.h.t.HelmChartContainer - [test-hivemq-platform] [hivemq] [561b81a0] -------------------------------------------------------------------------
2025-01-28 23:55:57,775 INFO c.h.h.t.HelmChartContainer - [test-hivemq-platform] [hivemq] [561b81a0] 
2025-01-28 23:55:57,775 INFO c.h.h.t.HelmChartContainer - [test-hivemq-platform] [hivemq] [561b81a0]   HiveMQ Start Script for Linux/Unix v1.14
2025-01-28 23:55:57,775 INFO c.h.h.t.HelmChartContainer - [test-hivemq-platform] [hivemq] [561b81a0] 
2025-01-28 23:55:57,802 INFO c.h.h.t.HelmChartContainer - [test-hivemq-platform] [hivemq] [561b81a0] -------------------------------------------------------------------------
2025-01-28 23:55:57,802 INFO c.h.h.t.HelmChartContainer - [test-hivemq-platform] [hivemq] [561b81a0] 
2025-01-28 23:55:57,802 INFO c.h.h.t.HelmChartContainer - [test-hivemq-platform] [hivemq] [561b81a0]   HIVEMQ_HOME: /opt/hivemq
2025-01-28 23:55:57,802 INFO c.h.h.t.HelmChartContainer - [test-hivemq-platform] [hivemq] [561b81a0] 
2025-01-28 23:55:57,802 INFO c.h.h.t.HelmChartContainer - [test-hivemq-platform] [hivemq] [561b81a0]   JAVA_OPTS: -XX:+UnlockExperimentalVMOptions -XX:InitialRAMPercentage=50 -XX:MaxRAMPercentage=50 -Djava.net.preferIPv4Stack=true --add-opens java.base/java.lang=ALL-UNNAMED --add-opens java.base/java.nio=ALL-UNNAMED --add-opens java.base/sun.nio.ch=ALL-UNNAMED --add-opens jdk.management/com.sun.management.internal=ALL-UNNAMED --add-exports java.base/jdk.internal.misc=ALL-UNNAMED -Djava.security.egd=file:/dev/./urandom -Dcom.sun.management.jmxremote -Dcom.sun.management.jmxremote.port=9010 -Dcom.sun.management.jmxremote.local.only=false -Dcom.sun.management.jmxremote.authenticate=false -Dcom.sun.management.jmxremote.ssl=false -Duser.language=en -Duser.region=US -XX:+CrashOnOutOfMemoryError -XX:+HeapDumpOnOutOfMemoryError
2025-01-28 23:55:57,802 INFO c.h.h.t.HelmChartContainer - [test-hivemq-platform] [hivemq] [561b81a0] 
2025-01-28 23:55:57,802 INFO c.h.h.t.HelmChartContainer - [test-hivemq-platform] [hivemq] [561b81a0]   JAVA_VERSION: 21
2025-01-28 23:55:57,802 INFO c.h.h.t.HelmChartContainer - [test-hivemq-platform] [hivemq] [561b81a0] 
2025-01-28 23:55:57,802 INFO c.h.h.t.HelmChartContainer - [test-hivemq-platform] [hivemq] [561b81a0] -------------------------------------------------------------------------
2025-01-28 23:55:57,802 INFO c.h.h.t.HelmChartContainer - [test-hivemq-platform] [hivemq] [561b81a0] 
2025-01-28 23:55:58,980 INFO c.h.h.t.HelmChartContainer - [test-hivemq-platform] [hivemq] [561b81a0] INFO  - [HiveMQ Platform Operator Init App 1.7.0-SNAPSHOT] Returning default Health API response 503 for readiness
2025-01-28 23:55:59,283 INFO c.h.h.t.HelmChartContainer - [EVENT] Warning [Unhealthy] Readiness probe failed: HTTP probe failed with statuscode: 503 [helmcontainersecuritycontextupgradeplatformit:test-hivemq-platform-0]
2025-01-28 23:55:59,283 INFO c.h.h.t.HelmChartContainer - Received Unhealthy event for container hivemq in pod test-hivemq-platform-0 [561b81a0-efa1-45ea-b4f3-3b7dbde42e59]
2025-01-28 23:56:00,379 INFO c.h.h.t.HelmChartContainer - [test-hivemq-platform] [hivemq] [561b81a0] INFO  - Starting HiveMQ Enterprise Server
2025-01-28 23:56:00,386 INFO c.h.h.t.HelmChartContainer - [test-hivemq-platform] [hivemq] [561b81a0] INFO  - HiveMQ version: 4.36.0
2025-01-28 23:56:00,386 INFO c.h.h.t.HelmChartContainer - [test-hivemq-platform] [hivemq] [561b81a0] INFO  - HiveMQ home directory: /opt/hivemq
2025-01-28 23:56:00,388 INFO c.h.h.t.HelmChartContainer - [test-hivemq-platform] [hivemq] [561b81a0] INFO  - Log Configuration was overridden by /opt/hivemq/conf/logback.xml
2025-01-28 23:56:01,578 INFO c.h.h.t.HelmChartContainer - [test-hivemq-platform] [hivemq] [561b81a0] INFO  - Successfully loaded configuration from '/opt/hivemq/conf-k8s/config.xml'.
2025-01-28 23:56:02,077 INFO c.h.h.t.HelmChartContainer - [test-hivemq-platform] [hivemq] [561b81a0] INFO  - This node's ID is g1y3t
2025-01-28 23:56:02,078 INFO c.h.h.t.HelmChartContainer - [test-hivemq-platform] [hivemq] [561b81a0] INFO  - Clustering is enabled
2025-01-28 23:56:03,042 INFO c.h.h.t.HelmChartContainer - [hivemq-test-hivemq-platform] [hivemq-platform-operator] [b936e29b] 23:56:03.036 [pool-6-thread-15] DEBUG c.h.p.o.d.PlatformServiceResource - [helmcont] Desired Platform services (3 services)
2025-01-28 23:56:03,042 INFO c.h.h.t.HelmChartContainer - [hivemq-test-hivemq-platform] [hivemq-platform-operator] [b936e29b] 23:56:03.037 [pool-6-thread-17] DEBUG c.h.p.o.d.PodServiceAccountResource - [helmcont] Desired PodServiceAccountResource (serviceAccountName: hivemq-platform-pod-test-hivemq-platform)
2025-01-28 23:56:03,042 INFO c.h.h.t.HelmChartContainer - [hivemq-test-hivemq-platform] [hivemq-platform-operator] [b936e29b] 23:56:03.038 [pool-6-thread-14] DEBUG c.h.p.o.dependants.PodInfoConfigMap - [helmcont] Desired PodInfo ConfigMap (1 extensions) (1 enabled)
2025-01-28 23:56:03,042 INFO c.h.h.t.HelmChartContainer - [hivemq-test-hivemq-platform] [hivemq-platform-operator] [b936e29b] 23:56:03.039 [pool-6-thread-14] DEBUG c.h.p.o.dependants.PodInfoConfigMap - [helmcont] Desired PodInfo ConfigMap (metrics port: 9399) (metrics path: /)
2025-01-28 23:56:03,042 INFO c.h.h.t.HelmChartContainer - [hivemq-test-hivemq-platform] [hivemq-platform-operator] [b936e29b] 23:56:03.040 [pool-6-thread-14] DEBUG c.h.p.o.dependants.PodInfoConfigMap - [helmcont] Desired PodInfo ConfigMap (extension state hash: -1817474005)
2025-01-28 23:56:03,050 INFO c.h.h.t.HelmChartContainer - [hivemq-test-hivemq-platform] [hivemq-platform-operator] [b936e29b] 23:56:03.044 [pool-6-thread-15] DEBUG c.h.p.o.d.StatefulSetResource - [helmcont] Desired StatefulSet (1 replicas) for status STARTING (READY)
2025-01-28 23:56:03,050 INFO c.h.h.t.HelmChartContainer - [hivemq-test-hivemq-platform] [hivemq-platform-operator] [b936e29b] 23:56:03.047 [ReconcilerExecutor-hivemq-controller-110] INFO  c.h.p.o.HiveMQPlatformReconciler - [helmcont] Reconciling HiveMQ Platform 'test-hivemq-platform' in namespace 'helmcontainersecuritycontextupgradeplatformit'
2025-01-28 23:56:03,050 INFO c.h.h.t.HelmChartContainer - [hivemq-test-hivemq-platform] [hivemq-platform-operator] [b936e29b] 23:56:03.047 [ReconcilerExecutor-hivemq-controller-110] DEBUG c.h.p.o.HiveMQPlatformReconciler - [helmcont] Custom Resource Status STARTING - HiveMQ Platform is starting (READY)
2025-01-28 23:56:03,050 INFO c.h.h.t.HelmChartContainer - [hivemq-test-hivemq-platform] [hivemq-platform-operator] [b936e29b] 23:56:03.047 [ReconcilerExecutor-hivemq-controller-110] DEBUG c.h.p.o.HiveMQPlatformReconciler - [helmcont] Custom Resource Spec (replicas: 1) (extensions: 1)
2025-01-28 23:56:03,050 INFO c.h.h.t.HelmChartContainer - [hivemq-test-hivemq-platform] [hivemq-platform-operator] [b936e29b] 23:56:03.049 [ReconcilerExecutor-hivemq-controller-110] DEBUG c.h.p.o.HiveMQPlatformReconciler - [helmcont] StatefulSet Status (revision: test-hivemq-platform-fc778bc4c, replicas: 1, available: 0, ready: 0, current: 1, updated: 1)
2025-01-28 23:56:03,050 INFO c.h.h.t.HelmChartContainer - [hivemq-test-hivemq-platform] [hivemq-platform-operator] [b936e29b] 23:56:03.049 [ReconcilerExecutor-hivemq-controller-110] DEBUG c.h.p.o.HiveMQPlatformReconciler - [helmcont] StatefulSet Spec (replicas: 1, init containers: 1, containers: 1, volumes: 3)
2025-01-28 23:56:03,130 INFO c.h.h.t.HelmChartContainer - [hivemq-test-hivemq-platform] [hivemq-platform-operator] [b936e29b] 23:56:03.129 [ReconcilerExecutor-hivemq-controller-110] DEBUG c.h.p.o.h.HiveMQPlatformReconcilerErrorHandler - [helmcont] Pod 'test-hivemq-platform-0' phase Running
2025-01-28 23:56:03,131 INFO c.h.h.t.HelmChartContainer - [hivemq-test-hivemq-platform] [hivemq-platform-operator] [b936e29b] 23:56:03.130 [ReconcilerExecutor-hivemq-controller-110] INFO  c.h.p.o.h.HiveMQPlatformReconcilerBaseHandler - [helmcont] HiveMQ Platform is starting, 0 of 1 replicas are ready
2025-01-28 23:56:04,277 INFO c.h.h.t.HelmChartContainer - [test-hivemq-platform] [hivemq] [561b81a0] WARN  - [HiveMQ Platform Operator Init App 1.7.0-SNAPSHOT] Cannot connect to Health API for readiness: null
2025-01-28 23:56:04,280 INFO c.h.h.t.HelmChartContainer - [EVENT] Warning [Unhealthy] Readiness probe failed: HTTP probe failed with statuscode: 503 [helmcontainersecuritycontextupgradeplatformit:test-hivemq-platform-0]
2025-01-28 23:56:04,280 INFO c.h.h.t.HelmChartContainer - Received Unhealthy event for container hivemq in pod test-hivemq-platform-0 [561b81a0-efa1-45ea-b4f3-3b7dbde42e59]
2025-01-28 23:56:06,979 INFO c.h.h.t.HelmChartContainer - [test-hivemq-platform] [hivemq] [561b81a0] INFO  - [HiveMQ Platform Operator Init App 1.7.0-SNAPSHOT] Updating Pod HiveMQ Platform Operator Init App version annotation (version: 1.7.0-SNAPSHOT)
2025-01-28 23:56:07,054 INFO c.h.h.t.HelmChartContainer - [test-hivemq-platform] [hivemq] [561b81a0] Jan 28, 2025 11:56:06 PM io.vertx.core.impl.BlockedThreadChecker
2025-01-28 23:56:07,054 INFO c.h.h.t.HelmChartContainer - [test-hivemq-platform] [hivemq] [561b81a0] WARNING: Thread Thread[vert.x-eventloop-thread-1,5,main] has been blocked for 2502 ms, time limit is 2000 ms
2025-01-28 23:56:07,996 INFO c.h.h.t.HelmChartContainer - [test-hivemq-platform] [hivemq] [561b81a0] WARN  - [HiveMQ Platform Operator Init App 1.7.0-SNAPSHOT] Cannot connect to Health API for readiness: null
2025-01-28 23:56:07,996 INFO c.h.h.t.HelmChartContainer - [EVENT] Warning [Unhealthy] Readiness probe failed: HTTP probe failed with statuscode: 503 [helmcontainersecuritycontextupgradeplatformit:test-hivemq-platform-0]
2025-01-28 23:56:07,996 INFO c.h.h.t.HelmChartContainer - [POD] test-hivemq-platform-0 [561b81a0-efa1-45ea-b4f3-3b7dbde42e59] in helmcontainersecuritycontextupgradeplatformit was MODIFIED
2025-01-28 23:56:07,997 INFO c.h.h.t.HelmChartContainer - Received Unhealthy event for container hivemq in pod test-hivemq-platform-0 [561b81a0-efa1-45ea-b4f3-3b7dbde42e59]
2025-01-28 23:56:07,999 INFO c.h.h.t.HelmChartContainer - [hivemq-test-hivemq-platform] [hivemq-platform-operator] [b936e29b] 23:56:07.999 [pool-6-thread-26] DEBUG c.h.p.o.d.PlatformServiceResource - [helmcont] Desired Platform services (3 services)
2025-01-28 23:56:08,002 INFO c.h.h.t.HelmChartContainer - [hivemq-test-hivemq-platform] [hivemq-platform-operator] [b936e29b] 23:56:08.001 [pool-6-thread-25] DEBUG c.h.p.o.d.PodServiceAccountResource - [helmcont] Desired PodServiceAccountResource (serviceAccountName: hivemq-platform-pod-test-hivemq-platform)
2025-01-28 23:56:08,004 INFO c.h.h.t.HelmChartContainer - [hivemq-test-hivemq-platform] [hivemq-platform-operator] [b936e29b] 23:56:08.004 [pool-6-thread-27] DEBUG c.h.p.o.dependants.PodInfoConfigMap - [helmcont] Desired PodInfo ConfigMap (1 extensions) (1 enabled)
2025-01-28 23:56:08,005 INFO c.h.h.t.HelmChartContainer - [hivemq-test-hivemq-platform] [hivemq-platform-operator] [b936e29b] 23:56:08.004 [pool-6-thread-27] DEBUG c.h.p.o.dependants.PodInfoConfigMap - [helmcont] Desired PodInfo ConfigMap (metrics port: 9399) (metrics path: /)
2025-01-28 23:56:08,005 INFO c.h.h.t.HelmChartContainer - [hivemq-test-hivemq-platform] [hivemq-platform-operator] [b936e29b] 23:56:08.004 [pool-6-thread-27] DEBUG c.h.p.o.dependants.PodInfoConfigMap - [helmcont] Desired PodInfo ConfigMap (extension state hash: -1817474005)
2025-01-28 23:56:08,010 INFO c.h.h.t.HelmChartContainer - [hivemq-test-hivemq-platform] [hivemq-platform-operator] [b936e29b] 23:56:08.009 [pool-6-thread-26] DEBUG c.h.p.o.d.StatefulSetResource - [helmcont] Desired StatefulSet (1 replicas) for status STARTING (READY)
2025-01-28 23:56:08,017 INFO c.h.h.t.HelmChartContainer - [hivemq-test-hivemq-platform] [hivemq-platform-operator] [b936e29b] 23:56:08.014 [ReconcilerExecutor-hivemq-controller-111] INFO  c.h.p.o.HiveMQPlatformReconciler - [helmcont] Reconciling HiveMQ Platform 'test-hivemq-platform' in namespace 'helmcontainersecuritycontextupgradeplatformit'
2025-01-28 23:56:08,017 INFO c.h.h.t.HelmChartContainer - [hivemq-test-hivemq-platform] [hivemq-platform-operator] [b936e29b] 23:56:08.015 [ReconcilerExecutor-hivemq-controller-111] DEBUG c.h.p.o.HiveMQPlatformReconciler - [helmcont] Custom Resource Status STARTING - HiveMQ Platform is starting (READY)
2025-01-28 23:56:08,017 INFO c.h.h.t.HelmChartContainer - [hivemq-test-hivemq-platform] [hivemq-platform-operator] [b936e29b] 23:56:08.015 [ReconcilerExecutor-hivemq-controller-111] DEBUG c.h.p.o.HiveMQPlatformReconciler - [helmcont] Custom Resource Spec (replicas: 1) (extensions: 1)
2025-01-28 23:56:08,017 INFO c.h.h.t.HelmChartContainer - [hivemq-test-hivemq-platform] [hivemq-platform-operator] [b936e29b] 23:56:08.016 [ReconcilerExecutor-hivemq-controller-111] DEBUG c.h.p.o.HiveMQPlatformReconciler - [helmcont] StatefulSet Status (revision: test-hivemq-platform-fc778bc4c, replicas: 1, available: 0, ready: 0, current: 1, updated: 1)
2025-01-28 23:56:08,017 INFO c.h.h.t.HelmChartContainer - [hivemq-test-hivemq-platform] [hivemq-platform-operator] [b936e29b] 23:56:08.016 [ReconcilerExecutor-hivemq-controller-111] DEBUG c.h.p.o.HiveMQPlatformReconciler - [helmcont] StatefulSet Spec (replicas: 1, init containers: 1, containers: 1, volumes: 3)
2025-01-28 23:56:08,070 INFO c.h.h.t.HelmChartContainer - [hivemq-test-hivemq-platform] [hivemq-platform-operator] [b936e29b] 23:56:08.067 [ReconcilerExecutor-hivemq-controller-111] DEBUG c.h.p.o.h.HiveMQPlatformReconcilerErrorHandler - [helmcont] Pod 'test-hivemq-platform-0' phase Running
2025-01-28 23:56:08,071 INFO c.h.h.t.HelmChartContainer - [hivemq-test-hivemq-platform] [hivemq-platform-operator] [b936e29b] 23:56:08.068 [ReconcilerExecutor-hivemq-controller-111] INFO  c.h.p.o.h.HiveMQPlatformReconcilerBaseHandler - [helmcont] HiveMQ Platform is starting, 0 of 1 replicas are ready
2025-01-28 23:56:08,074 INFO c.h.h.t.HelmChartContainer - [test-hivemq-platform] [hivemq] [561b81a0] INFO  - [HiveMQ Platform Operator Init App 1.7.0-SNAPSHOT] Successfully updated Pod HiveMQ Platform Operator Init App version annotation (version: 1.7.0-SNAPSHOT)
2025-01-28 23:56:11,929 INFO c.h.h.t.HelmChartContainer - [K3S] [INFO] COMPACT compactRev=0 targetCompactRev=2 currentRev=1044
2025-01-28 23:56:11,929 INFO c.h.h.t.HelmChartContainer - [K3S] [INFO] COMPACT deleted 0 rows from 2 revisions in 417.828µs - compacted to 2/1044
2025-01-28 23:56:11,929 INFO c.h.h.t.HelmChartContainer - [K3S] [INFO] COMPACT compacted from 0 to 2 in 1 transactions over 1ms
2025-01-28 23:56:12,983 INFO c.h.h.t.HelmChartContainer - [test-hivemq-platform] [hivemq] [561b81a0] WARN  - [HiveMQ Platform Operator Init App 1.7.0-SNAPSHOT] Cannot connect to Health API for readiness: null
2025-01-28 23:56:12,990 INFO c.h.h.t.HelmChartContainer - [EVENT] Warning [Unhealthy] Readiness probe failed: HTTP probe failed with statuscode: 503 [helmcontainersecuritycontextupgradeplatformit:test-hivemq-platform-0]
2025-01-28 23:56:12,990 INFO c.h.h.t.HelmChartContainer - Received Unhealthy event for container hivemq in pod test-hivemq-platform-0 [561b81a0-efa1-45ea-b4f3-3b7dbde42e59]
2025-01-28 23:56:15,517 INFO c.h.h.t.HelmChartContainer - [K3S] [info.go:53] Couldn't collect info from any of the files in "/etc/machine-id,/var/lib/dbus/machine-id"
2025-01-28 23:56:18,054 INFO c.h.h.t.HelmChartContainer - [test-hivemq-platform] [hivemq] [561b81a0] WARN  - [HiveMQ Platform Operator Init App 1.7.0-SNAPSHOT] Cannot connect to Health API for readiness: null
2025-01-28 23:56:18,058 INFO c.h.h.t.HelmChartContainer - [EVENT] Warning [Unhealthy] Readiness probe failed: HTTP probe failed with statuscode: 503 [helmcontainersecuritycontextupgradeplatformit:test-hivemq-platform-0]
2025-01-28 23:56:18,058 INFO c.h.h.t.HelmChartContainer - Received Unhealthy event for container hivemq in pod test-hivemq-platform-0 [561b81a0-efa1-45ea-b4f3-3b7dbde42e59]
2025-01-28 23:56:18,077 INFO c.h.h.t.HelmChartContainer - [hivemq-test-hivemq-platform] [hivemq-platform-operator] [b936e29b] 23:56:18.075 [pool-6-thread-32] DEBUG c.h.p.o.d.PlatformServiceResource - [helmcont] Desired Platform services (3 services)
2025-01-28 23:56:18,080 INFO c.h.h.t.HelmChartContainer - [hivemq-test-hivemq-platform] [hivemq-platform-operator] [b936e29b] 23:56:18.078 [pool-6-thread-37] DEBUG c.h.p.o.dependants.PodInfoConfigMap - [helmcont] Desired PodInfo ConfigMap (1 extensions) (1 enabled)
2025-01-28 23:56:18,080 INFO c.h.h.t.HelmChartContainer - [hivemq-test-hivemq-platform] [hivemq-platform-operator] [b936e29b] 23:56:18.078 [pool-6-thread-37] DEBUG c.h.p.o.dependants.PodInfoConfigMap - [helmcont] Desired PodInfo ConfigMap (metrics port: 9399) (metrics path: /)
2025-01-28 23:56:18,080 INFO c.h.h.t.HelmChartContainer - [hivemq-test-hivemq-platform] [hivemq-platform-operator] [b936e29b] 23:56:18.078 [pool-6-thread-37] DEBUG c.h.p.o.dependants.PodInfoConfigMap - [helmcont] Desired PodInfo ConfigMap (extension state hash: -1817474005)
2025-01-28 23:56:18,080 INFO c.h.h.t.HelmChartContainer - [hivemq-test-hivemq-platform] [hivemq-platform-operator] [b936e29b] 23:56:18.079 [pool-6-thread-33] DEBUG c.h.p.o.d.PodServiceAccountResource - [helmcont] Desired PodServiceAccountResource (serviceAccountName: hivemq-platform-pod-test-hivemq-platform)
2025-01-28 23:56:18,087 INFO c.h.h.t.HelmChartContainer - [hivemq-test-hivemq-platform] [hivemq-platform-operator] [b936e29b] 23:56:18.086 [pool-6-thread-32] DEBUG c.h.p.o.d.StatefulSetResource - [helmcont] Desired StatefulSet (1 replicas) for status STARTING (READY)
2025-01-28 23:56:18,168 INFO c.h.h.t.HelmChartContainer - [hivemq-test-hivemq-platform] [hivemq-platform-operator] [b936e29b] 23:56:18.166 [ReconcilerExecutor-hivemq-controller-112] INFO  c.h.p.o.HiveMQPlatformReconciler - [helmcont] Reconciling HiveMQ Platform 'test-hivemq-platform' in namespace 'helmcontainersecuritycontextupgradeplatformit'
2025-01-28 23:56:18,170 INFO c.h.h.t.HelmChartContainer - [hivemq-test-hivemq-platform] [hivemq-platform-operator] [b936e29b] 23:56:18.167 [ReconcilerExecutor-hivemq-controller-112] DEBUG c.h.p.o.HiveMQPlatformReconciler - [helmcont] Custom Resource Status STARTING - HiveMQ Platform is starting (READY)
2025-01-28 23:56:18,170 INFO c.h.h.t.HelmChartContainer - [hivemq-test-hivemq-platform] [hivemq-platform-operator] [b936e29b] 23:56:18.167 [ReconcilerExecutor-hivemq-controller-112] DEBUG c.h.p.o.HiveMQPlatformReconciler - [helmcont] Custom Resource Spec (replicas: 1) (extensions: 1)
2025-01-28 23:56:18,170 INFO c.h.h.t.HelmChartContainer - [hivemq-test-hivemq-platform] [hivemq-platform-operator] [b936e29b] 23:56:18.169 [ReconcilerExecutor-hivemq-controller-112] DEBUG c.h.p.o.HiveMQPlatformReconciler - [helmcont] StatefulSet Status (revision: test-hivemq-platform-fc778bc4c, replicas: 1, available: 0, ready: 0, current: 1, updated: 1)
2025-01-28 23:56:18,170 INFO c.h.h.t.HelmChartContainer - [hivemq-test-hivemq-platform] [hivemq-platform-operator] [b936e29b] 23:56:18.170 [ReconcilerExecutor-hivemq-controller-112] DEBUG c.h.p.o.HiveMQPlatformReconciler - [helmcont] StatefulSet Spec (replicas: 1, init containers: 1, containers: 1, volumes: 3)
2025-01-28 23:56:18,173 INFO c.h.h.t.HelmChartContainer - [hivemq-test-hivemq-platform] [hivemq-platform-operator] [b936e29b] 23:56:18.172 [ReconcilerExecutor-hivemq-controller-112] DEBUG c.h.p.o.h.HiveMQPlatformReconcilerErrorHandler - [helmcont] Pod 'test-hivemq-platform-0' phase Running
2025-01-28 23:56:18,175 INFO c.h.h.t.HelmChartContainer - [hivemq-test-hivemq-platform] [hivemq-platform-operator] [b936e29b] 23:56:18.174 [ReconcilerExecutor-hivemq-controller-112] INFO  c.h.p.o.h.HiveMQPlatformReconcilerBaseHandler - [helmcont] HiveMQ Platform is starting, 0 of 1 replicas are ready
2025-01-28 23:56:19,453 INFO c.h.h.t.HelmChartContainer - [test-hivemq-platform] [hivemq] [561b81a0] INFO  - No valid license file found. Using trial license, restricted to 25 connections.
2025-01-28 23:56:19,773 INFO c.h.h.t.HelmChartContainer - [test-hivemq-platform] [hivemq] [561b81a0] WARN  - [HiveMQ Platform Operator Init App 1.7.0-SNAPSHOT] Cannot connect to Health API for liveness: null
2025-01-28 23:56:19,773 INFO c.h.h.t.HelmChartContainer - [test-hivemq-platform] [hivemq] [561b81a0] INFO  - [HiveMQ Platform Operator Init App 1.7.0-SNAPSHOT] Returning default Health API response 200 for liveness
2025-01-28 23:56:22,381 INFO c.h.h.t.HelmChartContainer - [test-hivemq-platform] [hivemq] [561b81a0] INFO  - No valid license file for Data Hub found. Using free license, restricted to 1 policy.
2025-01-28 23:56:22,983 INFO c.h.h.t.HelmChartContainer - [test-hivemq-platform] [hivemq] [561b81a0] WARN  - [HiveMQ Platform Operator Init App 1.7.0-SNAPSHOT] Cannot connect to Health API for readiness: null
2025-01-28 23:56:22,987 INFO c.h.h.t.HelmChartContainer - [EVENT] Warning [Unhealthy] Readiness probe failed: HTTP probe failed with statuscode: 503 [helmcontainersecuritycontextupgradeplatformit:test-hivemq-platform-0]
2025-01-28 23:56:22,987 INFO c.h.h.t.HelmChartContainer - Received Unhealthy event for container hivemq in pod test-hivemq-platform-0 [561b81a0-efa1-45ea-b4f3-3b7dbde42e59]
2025-01-28 23:56:23,681 INFO c.h.h.t.HelmChartContainer - [test-hivemq-platform] [hivemq] [561b81a0] INFO  - Audit Logger started.
2025-01-28 23:56:23,994 INFO c.h.h.t.HelmChartContainer - [test-hivemq-platform] [hivemq] [561b81a0] INFO  - This node uses '1' CPU cores.
2025-01-28 23:56:23,998 INFO c.h.h.t.HelmChartContainer - [test-hivemq-platform] [hivemq] [561b81a0] INFO  - Starting HiveMQ Health API on address 0.0.0.0 and port 8889
2025-01-28 23:56:24,781 INFO c.h.h.t.HelmChartContainer - [test-hivemq-platform] [hivemq] [561b81a0] INFO  - Started HiveMQ Health API in 783ms
2025-01-28 23:56:25,383 INFO c.h.h.t.HelmChartContainer - [test-hivemq-platform] [hivemq] [561b81a0] INFO  - Starting HiveMQ extension system.
2025-01-28 23:56:25,579 INFO c.h.h.t.HelmChartContainer - [test-hivemq-platform] [hivemq] [561b81a0] INFO  - Starting extension with id "hivemq-dns-cluster-discovery" at /opt/hivemq/extensions/hivemq-dns-cluster-discovery
2025-01-28 23:56:26,076 INFO c.h.h.t.HelmChartContainer - [test-hivemq-platform] [hivemq] [561b81a0] INFO  - Extension "DNS Cluster Discovery Extension" version 4.3.2 started successfully.
2025-01-28 23:56:26,077 INFO c.h.h.t.HelmChartContainer - [test-hivemq-platform] [hivemq] [561b81a0] INFO  - Starting extension with id "hivemq-prometheus-extension" at /opt/hivemq/extensions/hivemq-prometheus-extension
2025-01-28 23:56:26,078 INFO c.h.h.t.HelmChartContainer - [test-hivemq-platform] [hivemq] [561b81a0] INFO  - Using TCP cluster transport on address 10.42.0.10 and port 7000
2025-01-28 23:56:26,171 INFO c.h.h.t.HelmChartContainer - [test-hivemq-platform] [hivemq] [561b81a0] INFO  - Using extension cluster discovery
2025-01-28 23:56:27,072 INFO c.h.h.t.HelmChartContainer - [test-hivemq-platform] [hivemq] [561b81a0] INFO  - Started Jetty Server exposing Prometheus Servlet on URI http://0.0.0.0:9399/
2025-01-28 23:56:27,072 INFO c.h.h.t.HelmChartContainer - [test-hivemq-platform] [hivemq] [561b81a0] INFO  - Extension "Prometheus Monitoring Extension" version 4.0.12 started successfully.
2025-01-28 23:56:27,074 INFO c.h.h.t.HelmChartContainer - [test-hivemq-platform] [hivemq] [561b81a0] INFO  - Starting extension with id "hivemq-allow-all-extension" at /opt/hivemq/extensions/hivemq-allow-all-extension
2025-01-28 23:56:27,074 INFO c.h.h.t.HelmChartContainer - [test-hivemq-platform] [hivemq] [561b81a0] WARN  - 
2025-01-28 23:56:27,074 INFO c.h.h.t.HelmChartContainer - [test-hivemq-platform] [hivemq] [561b81a0] ################################################################################################################
2025-01-28 23:56:27,074 INFO c.h.h.t.HelmChartContainer - [test-hivemq-platform] [hivemq] [561b81a0] # This HiveMQ deployment is not secure! You are lacking Authentication and Authorization.                      #
2025-01-28 23:56:27,074 INFO c.h.h.t.HelmChartContainer - [test-hivemq-platform] [hivemq] [561b81a0] # Right now any MQTT client can connect to the broker with a full set of permissions.                          #
2025-01-28 23:56:27,074 INFO c.h.h.t.HelmChartContainer - [test-hivemq-platform] [hivemq] [561b81a0] # For production usage, add an appropriate security extension and remove the hivemq-allow-all extension.       #
2025-01-28 23:56:27,074 INFO c.h.h.t.HelmChartContainer - [test-hivemq-platform] [hivemq] [561b81a0] # You can download security extensions from the HiveMQ Marketplace (https://www.hivemq.com/extensions/).       #
2025-01-28 23:56:27,074 INFO c.h.h.t.HelmChartContainer - [test-hivemq-platform] [hivemq] [561b81a0] ################################################################################################################
2025-01-28 23:56:27,074 INFO c.h.h.t.HelmChartContainer - [test-hivemq-platform] [hivemq] [561b81a0] INFO  - Extension "Allow All Extension" version 1.1.1 started successfully.
2025-01-28 23:56:28,182 INFO c.h.h.t.HelmChartContainer - [hivemq-test-hivemq-platform] [hivemq-platform-operator] [b936e29b] 23:56:28.179 [pool-6-thread-47] DEBUG c.h.p.o.dependants.PodInfoConfigMap - [helmcont] Desired PodInfo ConfigMap (1 extensions) (1 enabled)
2025-01-28 23:56:28,184 INFO c.h.h.t.HelmChartContainer - [hivemq-test-hivemq-platform] [hivemq-platform-operator] [b936e29b] 23:56:28.182 [pool-6-thread-47] DEBUG c.h.p.o.dependants.PodInfoConfigMap - [helmcont] Desired PodInfo ConfigMap (metrics port: 9399) (metrics path: /)
2025-01-28 23:56:28,184 INFO c.h.h.t.HelmChartContainer - [hivemq-test-hivemq-platform] [hivemq-platform-operator] [b936e29b] 23:56:28.182 [pool-6-thread-47] DEBUG c.h.p.o.dependants.PodInfoConfigMap - [helmcont] Desired PodInfo ConfigMap (extension state hash: -1817474005)
2025-01-28 23:56:28,184 INFO c.h.h.t.HelmChartContainer - [hivemq-test-hivemq-platform] [hivemq-platform-operator] [b936e29b] 23:56:28.183 [pool-6-thread-48] DEBUG c.h.p.o.d.PlatformServiceResource - [helmcont] Desired Platform services (3 services)
2025-01-28 23:56:28,184 INFO c.h.h.t.HelmChartContainer - [hivemq-test-hivemq-platform] [hivemq-platform-operator] [b936e29b] 23:56:28.180 [pool-6-thread-46] DEBUG c.h.p.o.d.PodServiceAccountResource - [helmcont] Desired PodServiceAccountResource (serviceAccountName: hivemq-platform-pod-test-hivemq-platform)
2025-01-28 23:56:28,195 INFO c.h.h.t.HelmChartContainer - [hivemq-test-hivemq-platform] [hivemq-platform-operator] [b936e29b] 23:56:28.194 [pool-6-thread-49] DEBUG c.h.p.o.d.StatefulSetResource - [helmcont] Desired StatefulSet (1 replicas) for status STARTING (READY)
2025-01-28 23:56:28,272 INFO c.h.h.t.HelmChartContainer - [hivemq-test-hivemq-platform] [hivemq-platform-operator] [b936e29b] 23:56:28.270 [ReconcilerExecutor-hivemq-controller-113] INFO  c.h.p.o.HiveMQPlatformReconciler - [helmcont] Reconciling HiveMQ Platform 'test-hivemq-platform' in namespace 'helmcontainersecuritycontextupgradeplatformit'
2025-01-28 23:56:28,272 INFO c.h.h.t.HelmChartContainer - [hivemq-test-hivemq-platform] [hivemq-platform-operator] [b936e29b] 23:56:28.270 [ReconcilerExecutor-hivemq-controller-113] DEBUG c.h.p.o.HiveMQPlatformReconciler - [helmcont] Custom Resource Status STARTING - HiveMQ Platform is starting (READY)
2025-01-28 23:56:28,272 INFO c.h.h.t.HelmChartContainer - [hivemq-test-hivemq-platform] [hivemq-platform-operator] [b936e29b] 23:56:28.270 [ReconcilerExecutor-hivemq-controller-113] DEBUG c.h.p.o.HiveMQPlatformReconciler - [helmcont] Custom Resource Spec (replicas: 1) (extensions: 1)
2025-01-28 23:56:28,273 INFO c.h.h.t.HelmChartContainer - [hivemq-test-hivemq-platform] [hivemq-platform-operator] [b936e29b] 23:56:28.272 [ReconcilerExecutor-hivemq-controller-113] DEBUG c.h.p.o.HiveMQPlatformReconciler - [helmcont] StatefulSet Status (revision: test-hivemq-platform-fc778bc4c, replicas: 1, available: 0, ready: 0, current: 1, updated: 1)
2025-01-28 23:56:28,277 INFO c.h.h.t.HelmChartContainer - [hivemq-test-hivemq-platform] [hivemq-platform-operator] [b936e29b] 23:56:28.275 [ReconcilerExecutor-hivemq-controller-113] DEBUG c.h.p.o.HiveMQPlatformReconciler - [helmcont] StatefulSet Spec (replicas: 1, init containers: 1, containers: 1, volumes: 3)
2025-01-28 23:56:28,282 INFO c.h.h.t.HelmChartContainer - [hivemq-test-hivemq-platform] [hivemq-platform-operator] [b936e29b] 23:56:28.281 [ReconcilerExecutor-hivemq-controller-113] DEBUG c.h.p.o.h.HiveMQPlatformReconcilerErrorHandler - [helmcont] Pod 'test-hivemq-platform-0' phase Running
2025-01-28 23:56:28,284 INFO c.h.h.t.HelmChartContainer - [hivemq-test-hivemq-platform] [hivemq-platform-operator] [b936e29b] 23:56:28.283 [ReconcilerExecutor-hivemq-controller-113] INFO  c.h.p.o.h.HiveMQPlatformReconcilerBaseHandler - [helmcont] HiveMQ Platform is starting, 0 of 1 replicas are ready
2025-01-28 23:56:28,381 INFO c.h.h.t.HelmChartContainer - [test-hivemq-platform] [hivemq] [561b81a0] INFO  - [HiveMQ Platform Operator Init App 1.7.0-SNAPSHOT] Returning Health API response 503 for readiness
2025-01-28 23:56:28,386 INFO c.h.h.t.HelmChartContainer - [EVENT] Warning [Unhealthy] Readiness probe failed: HTTP probe failed with statuscode: 503 [helmcontainersecuritycontextupgradeplatformit:test-hivemq-platform-0]
2025-01-28 23:56:28,386 INFO c.h.h.t.HelmChartContainer - Received Unhealthy event for container hivemq in pod test-hivemq-platform-0 [561b81a0-efa1-45ea-b4f3-3b7dbde42e59]
2025-01-28 23:56:29,075 INFO c.h.h.t.HelmChartContainer - [test-hivemq-platform] [hivemq] [561b81a0] INFO  - g1y3t: no members discovered after 2304 ms: creating cluster as first member
2025-01-28 23:56:29,081 INFO c.h.h.t.HelmChartContainer - [test-hivemq-platform] [hivemq] [561b81a0] INFO  - Cluster nodes found by discovery: [g1y3t|0] (1) [g1y3t].
2025-01-28 23:56:29,101 INFO c.h.h.t.HelmChartContainer - [test-hivemq-platform] [hivemq] [561b81a0] WARN  - No user for HiveMQ Control Center configured. Starting with default user
2025-01-28 23:56:29,102 INFO c.h.h.t.HelmChartContainer - [test-hivemq-platform] [hivemq] [561b81a0] INFO  - Starting HiveMQ Control Center on address 0.0.0.0 and port 8080
2025-01-28 23:56:29,114 INFO c.h.h.t.HelmChartContainer - [test-hivemq-platform] [hivemq] [561b81a0] INFO  - Mounting HiveMQ Control Center V2 Preview
2025-01-28 23:56:29,772 INFO c.h.h.t.HelmChartContainer - [test-hivemq-platform] [hivemq] [561b81a0] INFO  - Started HiveMQ Control Center in 671ms
2025-01-28 23:56:29,785 INFO c.h.h.t.HelmChartContainer - [test-hivemq-platform] [hivemq] [561b81a0] INFO  - Starting TCP listener on address 0.0.0.0 and port 1883
2025-01-28 23:56:29,797 INFO c.h.h.t.HelmChartContainer - [test-hivemq-platform] [hivemq] [561b81a0] INFO  - Started TCP Listener on address 0.0.0.0 and on port 1883.
2025-01-28 23:56:29,797 INFO c.h.h.t.HelmChartContainer - [test-hivemq-platform] [hivemq] [561b81a0] INFO  - Started HiveMQ in 29723ms
2025-01-28 23:56:32,985 INFO c.h.h.t.HelmChartContainer - [test-hivemq-platform] [hivemq] [561b81a0] INFO  - [HiveMQ Platform Operator Init App 1.7.0-SNAPSHOT] Returning Health API response 200 for readiness
2025-01-28 23:56:32,997 INFO c.h.h.t.HelmChartContainer - [POD] test-hivemq-platform-0 [561b81a0-efa1-45ea-b4f3-3b7dbde42e59] in helmcontainersecuritycontextupgradeplatformit was MODIFIED
2025-01-28 23:56:33,014 INFO c.h.h.t.HelmChartContainer - [hivemq-test-hivemq-platform] [hivemq-platform-operator] [b936e29b] 23:56:33.003 [pool-6-thread-2] DEBUG c.h.p.o.dependants.PodInfoConfigMap - [helmcont] Desired PodInfo ConfigMap (1 extensions) (1 enabled)
2025-01-28 23:56:33,014 INFO c.h.h.t.HelmChartContainer - [hivemq-test-hivemq-platform] [hivemq-platform-operator] [b936e29b] 23:56:33.005 [pool-6-thread-2] DEBUG c.h.p.o.dependants.PodInfoConfigMap - [helmcont] Desired PodInfo ConfigMap (metrics port: 9399) (metrics path: /)
2025-01-28 23:56:33,014 INFO c.h.h.t.HelmChartContainer - [hivemq-test-hivemq-platform] [hivemq-platform-operator] [b936e29b] 23:56:33.005 [pool-6-thread-2] DEBUG c.h.p.o.dependants.PodInfoConfigMap - [helmcont] Desired PodInfo ConfigMap (extension state hash: -1817474005)
2025-01-28 23:56:33,014 INFO c.h.h.t.HelmChartContainer - [hivemq-test-hivemq-platform] [hivemq-platform-operator] [b936e29b] 23:56:33.003 [pool-6-thread-3] DEBUG c.h.p.o.d.PodServiceAccountResource - [helmcont] Desired PodServiceAccountResource (serviceAccountName: hivemq-platform-pod-test-hivemq-platform)
2025-01-28 23:56:33,017 INFO c.h.h.t.HelmChartContainer - [hivemq-test-hivemq-platform] [hivemq-platform-operator] [b936e29b] 23:56:33.007 [pool-6-thread-1] DEBUG c.h.p.o.d.PlatformServiceResource - [helmcont] Desired Platform services (3 services)
2025-01-28 23:56:33,017 INFO c.h.h.t.HelmChartContainer - [hivemq-test-hivemq-platform] [hivemq-platform-operator] [b936e29b] 23:56:33.013 [pool-6-thread-5] DEBUG c.h.p.o.d.StatefulSetResource - [helmcont] Desired StatefulSet (1 replicas) for status STARTING (READY)
2025-01-28 23:56:33,020 INFO c.h.h.t.HelmChartContainer - [hivemq-test-hivemq-platform] [hivemq-platform-operator] [b936e29b] 23:56:33.019 [ReconcilerExecutor-hivemq-controller-114] INFO  c.h.p.o.HiveMQPlatformReconciler - [helmcont] Reconciling HiveMQ Platform 'test-hivemq-platform' in namespace 'helmcontainersecuritycontextupgradeplatformit'
2025-01-28 23:56:33,020 INFO c.h.h.t.HelmChartContainer - [hivemq-test-hivemq-platform] [hivemq-platform-operator] [b936e29b] 23:56:33.019 [ReconcilerExecutor-hivemq-controller-114] DEBUG c.h.p.o.HiveMQPlatformReconciler - [helmcont] Custom Resource Status STARTING - HiveMQ Platform is starting (READY)
2025-01-28 23:56:33,020 INFO c.h.h.t.HelmChartContainer - [hivemq-test-hivemq-platform] [hivemq-platform-operator] [b936e29b] 23:56:33.019 [ReconcilerExecutor-hivemq-controller-114] DEBUG c.h.p.o.HiveMQPlatformReconciler - [helmcont] Custom Resource Spec (replicas: 1) (extensions: 1)
2025-01-28 23:56:33,068 INFO c.h.h.t.HelmChartContainer - [hivemq-test-hivemq-platform] [hivemq-platform-operator] [b936e29b] 23:56:33.067 [ReconcilerExecutor-hivemq-controller-114] DEBUG c.h.p.o.HiveMQPlatformReconciler - [helmcont] StatefulSet Status (revision: test-hivemq-platform-fc778bc4c, replicas: 1, available: 0, ready: 0, current: 1, updated: 1)
2025-01-28 23:56:33,068 INFO c.h.h.t.HelmChartContainer - [hivemq-test-hivemq-platform] [hivemq-platform-operator] [b936e29b] 23:56:33.067 [ReconcilerExecutor-hivemq-controller-114] DEBUG c.h.p.o.HiveMQPlatformReconciler - [helmcont] StatefulSet Spec (replicas: 1, init containers: 1, containers: 1, volumes: 3)
2025-01-28 23:56:33,070 INFO c.h.h.t.HelmChartContainer - [hivemq-test-hivemq-platform] [hivemq-platform-operator] [b936e29b] 23:56:33.069 [ReconcilerExecutor-hivemq-controller-114] DEBUG c.h.p.o.h.HiveMQPlatformReconcilerErrorHandler - [helmcont] Pod 'test-hivemq-platform-0' phase Running
2025-01-28 23:56:33,071 INFO c.h.h.t.HelmChartContainer - [hivemq-test-hivemq-platform] [hivemq-platform-operator] [b936e29b] 23:56:33.071 [ReconcilerExecutor-hivemq-controller-114] INFO  c.h.p.o.h.HiveMQPlatformReconcilerBaseHandler - [helmcont] HiveMQ Platform is starting, 0 of 1 replicas are ready
2025-01-28 23:56:33,077 INFO c.h.h.t.HelmChartContainer - [hivemq-test-hivemq-platform] [hivemq-platform-operator] [b936e29b] 23:56:33.074 [pool-6-thread-11] DEBUG c.h.p.o.d.PlatformServiceResource - [helmcont] Desired Platform services (3 services)
2025-01-28 23:56:33,077 INFO c.h.h.t.HelmChartContainer - [hivemq-test-hivemq-platform] [hivemq-platform-operator] [b936e29b] 23:56:33.075 [pool-6-thread-17] DEBUG c.h.p.o.dependants.PodInfoConfigMap - [helmcont] Desired PodInfo ConfigMap (1 extensions) (1 enabled)
2025-01-28 23:56:33,078 INFO c.h.h.t.HelmChartContainer - [hivemq-test-hivemq-platform] [hivemq-platform-operator] [b936e29b] 23:56:33.075 [pool-6-thread-17] DEBUG c.h.p.o.dependants.PodInfoConfigMap - [helmcont] Desired PodInfo ConfigMap (metrics port: 9399) (metrics path: /)
2025-01-28 23:56:33,078 INFO c.h.h.t.HelmChartContainer - [hivemq-test-hivemq-platform] [hivemq-platform-operator] [b936e29b] 23:56:33.075 [pool-6-thread-17] DEBUG c.h.p.o.dependants.PodInfoConfigMap - [helmcont] Desired PodInfo ConfigMap (extension state hash: -1817474005)
2025-01-28 23:56:33,078 INFO c.h.h.t.HelmChartContainer - [hivemq-test-hivemq-platform] [hivemq-platform-operator] [b936e29b] 23:56:33.076 [pool-6-thread-17] DEBUG c.h.p.o.d.PodServiceAccountResource - [helmcont] Desired PodServiceAccountResource (serviceAccountName: hivemq-platform-pod-test-hivemq-platform)
2025-01-28 23:56:33,083 INFO c.h.h.t.HelmChartContainer - [hivemq-test-hivemq-platform] [hivemq-platform-operator] [b936e29b] 23:56:33.082 [pool-6-thread-15] DEBUG c.h.p.o.d.StatefulSetResource - [helmcont] Desired StatefulSet (1 replicas) for status STARTING (READY)
2025-01-28 23:56:33,169 INFO c.h.h.t.HelmChartContainer - [hivemq-test-hivemq-platform] [hivemq-platform-operator] [b936e29b] 23:56:33.168 [ReconcilerExecutor-hivemq-controller-115] INFO  c.h.p.o.HiveMQPlatformReconciler - [helmcont] Reconciling HiveMQ Platform 'test-hivemq-platform' in namespace 'helmcontainersecuritycontextupgradeplatformit'
2025-01-28 23:56:33,170 INFO c.h.h.t.HelmChartContainer - [hivemq-test-hivemq-platform] [hivemq-platform-operator] [b936e29b] 23:56:33.168 [ReconcilerExecutor-hivemq-controller-115] DEBUG c.h.p.o.HiveMQPlatformReconciler - [helmcont] Custom Resource Status STARTING - HiveMQ Platform is starting (READY)
2025-01-28 23:56:33,170 INFO c.h.h.t.HelmChartContainer - [hivemq-test-hivemq-platform] [hivemq-platform-operator] [b936e29b] 23:56:33.168 [ReconcilerExecutor-hivemq-controller-115] DEBUG c.h.p.o.HiveMQPlatformReconciler - [helmcont] Custom Resource Spec (replicas: 1) (extensions: 1)
2025-01-28 23:56:33,170 INFO c.h.h.t.HelmChartContainer - [hivemq-test-hivemq-platform] [hivemq-platform-operator] [b936e29b] 23:56:33.170 [ReconcilerExecutor-hivemq-controller-115] DEBUG c.h.p.o.HiveMQPlatformReconciler - [helmcont] StatefulSet Status (revision: test-hivemq-platform-fc778bc4c, replicas: 1, available: 1, ready: 1, current: 1, updated: 1)
2025-01-28 23:56:33,171 INFO c.h.h.t.HelmChartContainer - [hivemq-test-hivemq-platform] [hivemq-platform-operator] [b936e29b] 23:56:33.170 [ReconcilerExecutor-hivemq-controller-115] DEBUG c.h.p.o.HiveMQPlatformReconciler - [helmcont] StatefulSet Spec (replicas: 1, init containers: 1, containers: 1, volumes: 3)
2025-01-28 23:56:33,172 INFO c.h.h.t.HelmChartContainer - [hivemq-test-hivemq-platform] [hivemq-platform-operator] [b936e29b] 23:56:33.171 [ReconcilerExecutor-hivemq-controller-115] DEBUG c.h.p.o.h.HiveMQPlatformReconcilerErrorHandler - [helmcont] Pod 'test-hivemq-platform-0' phase Running
2025-01-28 23:56:33,172 INFO c.h.h.t.HelmChartContainer - [hivemq-test-hivemq-platform] [hivemq-platform-operator] [b936e29b] 23:56:33.172 [ReconcilerExecutor-hivemq-controller-115] INFO  c.h.p.o.h.HiveMQPlatformReconcilerBaseHandler - [helmcont] HiveMQ Platform started successfully
2025-01-28 23:56:33,190 INFO c.h.h.t.HelmChartContainer - [hivemq-test-hivemq-platform] [hivemq-platform-operator] [b936e29b] 23:56:33.188 [ReconcilerExecutor-hivemq-controller-115] DEBUG c.h.p.operator.event.EventSender - [helmcont] Creating K8s event hivemq-platform-ready: [Ready] HiveMQ Platform is ready
2025-01-28 23:56:33,192 INFO c.h.h.t.HelmChartContainer - [EVENT] Normal [Ready] HiveMQ Platform is ready [helmcontainersecuritycontextupgradeplatformit:test-hivemq-platform]
2025-01-28 23:56:33,193 INFO c.h.h.t.HelmChartContainer - [hivemq-test-hivemq-platform] [hivemq-platform-operator] [b936e29b] 23:56:33.192 [ReconcilerExecutor-hivemq-controller-115] INFO  c.h.p.o.h.AbstractHiveMQReconcilerStateHandler - [helmcont] Update HiveMQ Platform Status (STARTING [READY] -> RUNNING [READY]): HiveMQ Platform is ready
2025-01-28 23:56:33,275 DEBUG com.hivemq.helmcharts.util.K8sUtil - Comparing actual state 'RUNNING' and waiting for 'RUNNING'
2025-01-28 23:56:33,375 DEBUG com.hivemq.helmcharts.util.PodUtil - Received status for command '[sh, -c, stat -c "%u:%g" /proc/1]' on pod 'test-hivemq-platform-0' (exit code: 0)
2025-01-28 23:56:33,390 DEBUG com.hivemq.helmcharts.util.K8sUtil - Comparing actual state 'RUNNING' and waiting for 'ROLLING_RESTART'
2025-01-28 23:56:33,397 INFO c.h.h.t.HelmChartContainer - [hivemq-test-hivemq-platform] [hivemq-platform-operator] [b936e29b] 23:56:33.392 [pool-6-thread-27] DEBUG c.h.p.o.dependants.PodInfoConfigMap - [helmcont] Desired PodInfo ConfigMap (1 extensions) (1 enabled)
2025-01-28 23:56:33,397 INFO c.h.h.t.HelmChartContainer - [hivemq-test-hivemq-platform] [hivemq-platform-operator] [b936e29b] 23:56:33.392 [pool-6-thread-27] DEBUG c.h.p.o.dependants.PodInfoConfigMap - [helmcont] Desired PodInfo ConfigMap (metrics port: 9399) (metrics path: /)
2025-01-28 23:56:33,397 INFO c.h.h.t.HelmChartContainer - [hivemq-test-hivemq-platform] [hivemq-platform-operator] [b936e29b] 23:56:33.392 [pool-6-thread-27] DEBUG c.h.p.o.dependants.PodInfoConfigMap - [helmcont] Desired PodInfo ConfigMap (extension state hash: -1817474005)
2025-01-28 23:56:33,397 INFO c.h.h.t.HelmChartContainer - [hivemq-test-hivemq-platform] [hivemq-platform-operator] [b936e29b] 23:56:33.393 [pool-6-thread-27] DEBUG c.h.p.o.dependants.PodInfoConfigMap - [helmcont] Update PodInfo ConfigMap
2025-01-28 23:56:33,397 INFO c.h.h.t.HelmChartContainer - [hivemq-test-hivemq-platform] [hivemq-platform-operator] [b936e29b] 23:56:33.393 [pool-6-thread-22] DEBUG c.h.p.o.d.PodServiceAccountResource - [helmcont] Desired PodServiceAccountResource (serviceAccountName: hivemq-platform-pod-test-hivemq-platform)
2025-01-28 23:56:33,397 INFO c.h.h.t.HelmChartContainer - [hivemq-test-hivemq-platform] [hivemq-platform-operator] [b936e29b] 23:56:33.394 [pool-6-thread-24] DEBUG c.h.p.o.d.PlatformServiceResource - [helmcont] Desired Platform services (3 services)
2025-01-28 23:56:33,405 INFO c.h.h.t.HelmChartContainer - [hivemq-test-hivemq-platform] [hivemq-platform-operator] [b936e29b] 23:56:33.405 [pool-6-thread-27] DEBUG c.h.p.o.d.StatefulSetResource - [helmcont] Desired StatefulSet (1 replicas) for status RUNNING (READY)
2025-01-28 23:56:33,409 INFO c.h.h.t.HelmChartContainer - [hivemq-test-hivemq-platform] [hivemq-platform-operator] [b936e29b] 23:56:33.408 [pool-6-thread-27] DEBUG c.h.p.o.d.StatefulSetResource - [helmcont] Update StatefulSet (replicas: 1 -> 1)
2025-01-28 23:56:33,468 INFO c.h.h.t.HelmChartContainer - [hivemq-test-hivemq-platform] [hivemq-platform-operator] [b936e29b] 23:56:33.466 [pool-6-thread-27] DEBUG c.h.p.o.d.StatefulSetResource - [helmcont] Detected change in StatefulSet specification (path: /template/metadata/annotations/kubernetes-resource-versions) (actual value: {broker-configuration-v2=-2089688360}) (target value: {broker-configuration-v2=1242811043})
2025-01-28 23:56:33,468 INFO c.h.h.t.HelmChartContainer - [hivemq-test-hivemq-platform] [hivemq-platform-operator] [b936e29b] 23:56:33.466 [pool-6-thread-27] INFO  c.h.p.o.d.StatefulSetResource - [helmcont] StatefulSet spec was updated, triggering rolling restart
2025-01-28 23:56:33,485 INFO c.h.h.t.HelmChartContainer - [hivemq-test-hivemq-platform] [hivemq-platform-operator] [b936e29b] 23:56:33.480 [ReconcilerExecutor-hivemq-controller-116] INFO  c.h.p.o.HiveMQPlatformReconciler - [helmcont] Reconciling HiveMQ Platform 'test-hivemq-platform' in namespace 'helmcontainersecuritycontextupgradeplatformit'
2025-01-28 23:56:33,485 INFO c.h.h.t.HelmChartContainer - [hivemq-test-hivemq-platform] [hivemq-platform-operator] [b936e29b] 23:56:33.481 [ReconcilerExecutor-hivemq-controller-116] DEBUG c.h.p.o.HiveMQPlatformReconciler - [helmcont] Custom Resource Status RUNNING - HiveMQ Platform is ready (READY) (reconciliation requests: REQUESTS_UPDATED, ROLLING_RESTART)
2025-01-28 23:56:33,486 INFO c.h.h.t.HelmChartContainer - [hivemq-test-hivemq-platform] [hivemq-platform-operator] [b936e29b] 23:56:33.482 [ReconcilerExecutor-hivemq-controller-116] DEBUG c.h.p.o.HiveMQPlatformReconciler - [helmcont] Custom Resource Spec (replicas: 1) (extensions: 1)
2025-01-28 23:56:33,487 INFO c.h.h.t.HelmChartContainer - [hivemq-test-hivemq-platform] [hivemq-platform-operator] [b936e29b] 23:56:33.483 [ReconcilerExecutor-hivemq-controller-116] DEBUG c.h.p.o.HiveMQPlatformReconciler - [helmcont] StatefulSet Status (revision: test-hivemq-platform-fc778bc4c, replicas: 1, available: 1, ready: 1, current: 1, updated: 1)
2025-01-28 23:56:33,487 INFO c.h.h.t.HelmChartContainer - [hivemq-test-hivemq-platform] [hivemq-platform-operator] [b936e29b] 23:56:33.483 [ReconcilerExecutor-hivemq-controller-116] DEBUG c.h.p.o.HiveMQPlatformReconciler - [helmcont] StatefulSet Spec (replicas: 1, init containers: 1, containers: 1, volumes: 3)
2025-01-28 23:56:33,488 INFO c.h.h.t.HelmChartContainer - [hivemq-test-hivemq-platform] [hivemq-platform-operator] [b936e29b] 23:56:33.486 [ReconcilerExecutor-hivemq-controller-116] DEBUG c.h.p.o.h.HiveMQPlatformReconcilerErrorHandler - [helmcont] Pod 'test-hivemq-platform-0' phase Running
2025-01-28 23:56:33,488 INFO c.h.h.t.HelmChartContainer - [hivemq-test-hivemq-platform] [hivemq-platform-operator] [b936e29b] 23:56:33.487 [ReconcilerExecutor-hivemq-controller-116] INFO  c.h.p.o.h.HiveMQPlatformReconcilerBaseHandler - [helmcont] Started rolling restart (scaling to 2 replicas)
2025-01-28 23:56:33,584 INFO c.h.h.t.HelmChartContainer - [hivemq-test-hivemq-platform] [hivemq-platform-operator] [b936e29b] 23:56:33.581 [ReconcilerExecutor-hivemq-controller-116] DEBUG c.h.p.operator.event.EventSender - [helmcont] Creating K8s event rolling-restart-started: [RollingRestart] HiveMQ Platform is starting a surge Pod (rolling restart)
2025-01-28 23:56:33,586 INFO c.h.h.t.HelmChartContainer - [EVENT] Normal [RollingRestart] HiveMQ Platform is starting a surge Pod (rolling restart) [helmcontainersecuritycontextupgradeplatformit:test-hivemq-platform]
2025-01-28 23:56:33,587 INFO c.h.h.t.HelmChartContainer - [hivemq-test-hivemq-platform] [hivemq-platform-operator] [b936e29b] 23:56:33.586 [ReconcilerExecutor-hivemq-controller-116] INFO  c.h.p.o.h.AbstractHiveMQReconcilerStateHandler - [helmcont] Update HiveMQ Platform Status (RUNNING [READY] -> ROLLING_RESTART [SURGE_IN_PROGRESS]): HiveMQ Platform is starting a surge Pod (rolling restart)
2025-01-28 23:56:33,596 DEBUG com.hivemq.helmcharts.util.K8sUtil - Comparing actual state 'ROLLING_RESTART' and waiting for 'ROLLING_RESTART'
2025-01-28 23:56:33,599 DEBUG com.hivemq.helmcharts.util.K8sUtil - Comparing actual state 'ROLLING_RESTART' and waiting for 'RUNNING'
2025-01-28 23:56:33,675 INFO c.h.h.t.HelmChartContainer - [hivemq-test-hivemq-platform] [hivemq-platform-operator] [b936e29b] 23:56:33.672 [pool-6-thread-39] DEBUG c.h.p.o.dependants.PodInfoConfigMap - [helmcont] Desired PodInfo ConfigMap (1 extensions) (1 enabled)
2025-01-28 23:56:33,675 INFO c.h.h.t.HelmChartContainer - [hivemq-test-hivemq-platform] [hivemq-platform-operator] [b936e29b] 23:56:33.672 [pool-6-thread-39] DEBUG c.h.p.o.dependants.PodInfoConfigMap - [helmcont] Desired PodInfo ConfigMap (metrics port: 9399) (metrics path: /)
2025-01-28 23:56:33,675 INFO c.h.h.t.HelmChartContainer - [hivemq-test-hivemq-platform] [hivemq-platform-operator] [b936e29b] 23:56:33.672 [pool-6-thread-39] DEBUG c.h.p.o.dependants.PodInfoConfigMap - [helmcont] Desired PodInfo ConfigMap (extension state hash: -1817474005)
2025-01-28 23:56:33,675 INFO c.h.h.t.HelmChartContainer - [hivemq-test-hivemq-platform] [hivemq-platform-operator] [b936e29b] 23:56:33.673 [pool-6-thread-35] DEBUG c.h.p.o.d.PodServiceAccountResource - [helmcont] Desired PodServiceAccountResource (serviceAccountName: hivemq-platform-pod-test-hivemq-platform)
2025-01-28 23:56:33,676 INFO c.h.h.t.HelmChartContainer - [hivemq-test-hivemq-platform] [hivemq-platform-operator] [b936e29b] 23:56:33.675 [pool-6-thread-33] DEBUG c.h.p.o.d.PlatformServiceResource - [helmcont] Desired Platform services (3 services)
2025-01-28 23:56:33,677 INFO c.h.h.t.HelmChartContainer - [hivemq-test-hivemq-platform] [hivemq-platform-operator] [b936e29b] 23:56:33.673 [pool-6-thread-39] DEBUG c.h.p.o.dependants.PodInfoConfigMap - [helmcont] Update PodInfo ConfigMap
2025-01-28 23:56:33,769 INFO c.h.h.t.HelmChartContainer - [hivemq-test-hivemq-platform] [hivemq-platform-operator] [b936e29b] 23:56:33.768 [pool-6-thread-39] DEBUG c.h.p.o.d.StatefulSetResource - [helmcont] Desired StatefulSet (2 replicas) for status ROLLING_RESTART (SURGE_IN_PROGRESS)
2025-01-28 23:56:33,776 INFO c.h.h.t.HelmChartContainer - [hivemq-test-hivemq-platform] [hivemq-platform-operator] [b936e29b] 23:56:33.775 [pool-6-thread-39] DEBUG c.h.p.o.d.StatefulSetResource - [helmcont] Update StatefulSet (replicas: 1 -> 2)
2025-01-28 23:56:33,795 INFO c.h.h.t.HelmChartContainer - [POD] test-hivemq-platform-1 [07dfd0d6-fa3b-4542-871d-57f2e18e5c33] in helmcontainersecuritycontextupgradeplatformit was ADDED
2025-01-28 23:56:33,799 INFO c.h.h.t.HelmChartContainer - [EVENT] Normal [SuccessfulCreate] create Pod test-hivemq-platform-1 in StatefulSet test-hivemq-platform successful [helmcontainersecuritycontextupgradeplatformit:test-hivemq-platform]
2025-01-28 23:56:33,800 INFO c.h.h.t.HelmChartContainer - [POD] test-hivemq-platform-1 [07dfd0d6-fa3b-4542-871d-57f2e18e5c33] in helmcontainersecuritycontextupgradeplatformit was MODIFIED
2025-01-28 23:56:33,802 INFO c.h.h.t.HelmChartContainer - [EVENT] Normal [Scheduled] Successfully assigned helmcontainersecuritycontextupgradeplatformit/test-hivemq-platform-1 to 0c997a873dc5 [helmcontainersecuritycontextupgradeplatformit:test-hivemq-platform-1]
2025-01-28 23:56:33,809 INFO c.h.h.t.HelmChartContainer - [POD] test-hivemq-platform-1 [07dfd0d6-fa3b-4542-871d-57f2e18e5c33] in helmcontainersecuritycontextupgradeplatformit was MODIFIED
2025-01-28 23:56:33,840 INFO c.h.h.t.HelmChartContainer - [K3S] [reconciler_common.go:251] "operationExecutor.VerifyControllerAttachedVolume started for volume \"pod-info\" (UniqueName: \"kubernetes.io/configmap/07dfd0d6-fa3b-4542-871d-57f2e18e5c33-pod-info\") pod \"test-hivemq-platform-1\" (UID: \"07dfd0d6-fa3b-4542-871d-57f2e18e5c33\") " pod="helmcontainersecuritycontextupgradeplatformit/test-hivemq-platform-1"
2025-01-28 23:56:33,841 INFO c.h.h.t.HelmChartContainer - [K3S] [reconciler_common.go:251] "operationExecutor.VerifyControllerAttachedVolume started for volume \"kube-api-access-dxvtc\" (UniqueName: \"kubernetes.io/projected/07dfd0d6-fa3b-4542-871d-57f2e18e5c33-kube-api-access-dxvtc\") pod \"test-hivemq-platform-1\" (UID: \"07dfd0d6-fa3b-4542-871d-57f2e18e5c33\") " pod="helmcontainersecuritycontextupgradeplatformit/test-hivemq-platform-1"
2025-01-28 23:56:33,841 INFO c.h.h.t.HelmChartContainer - [K3S] [reconciler_common.go:251] "operationExecutor.VerifyControllerAttachedVolume started for volume \"broker-configuration\" (UniqueName: \"kubernetes.io/configmap/07dfd0d6-fa3b-4542-871d-57f2e18e5c33-broker-configuration\") pod \"test-hivemq-platform-1\" (UID: \"07dfd0d6-fa3b-4542-871d-57f2e18e5c33\") " pod="helmcontainersecuritycontextupgradeplatformit/test-hivemq-platform-1"
2025-01-28 23:56:33,841 INFO c.h.h.t.HelmChartContainer - [K3S] [reconciler_common.go:251] "operationExecutor.VerifyControllerAttachedVolume started for volume \"operator-init\" (UniqueName: \"kubernetes.io/empty-dir/07dfd0d6-fa3b-4542-871d-57f2e18e5c33-operator-init\") pod \"test-hivemq-platform-1\" (UID: \"07dfd0d6-fa3b-4542-871d-57f2e18e5c33\") " pod="helmcontainersecuritycontextupgradeplatformit/test-hivemq-platform-1"
2025-01-28 23:56:33,868 INFO c.h.h.t.HelmChartContainer - [hivemq-test-hivemq-platform] [hivemq-platform-operator] [b936e29b] 23:56:33.866 [ReconcilerExecutor-hivemq-controller-117] INFO  c.h.p.o.HiveMQPlatformReconciler - [helmcont] Reconciling HiveMQ Platform 'test-hivemq-platform' in namespace 'helmcontainersecuritycontextupgradeplatformit'
2025-01-28 23:56:33,868 INFO c.h.h.t.HelmChartContainer - [hivemq-test-hivemq-platform] [hivemq-platform-operator] [b936e29b] 23:56:33.866 [ReconcilerExecutor-hivemq-controller-117] DEBUG c.h.p.o.HiveMQPlatformReconciler - [helmcont] Custom Resource Status ROLLING_RESTART - HiveMQ Platform is starting a surge Pod (rolling restart) (SURGE_IN_PROGRESS)
2025-01-28 23:56:33,869 INFO c.h.h.t.HelmChartContainer - [hivemq-test-hivemq-platform] [hivemq-platform-operator] [b936e29b] 23:56:33.867 [ReconcilerExecutor-hivemq-controller-117] DEBUG c.h.p.o.HiveMQPlatformReconciler - [helmcont] Custom Resource Spec (replicas: 1) (extensions: 1)
2025-01-28 23:56:33,870 INFO c.h.h.t.HelmChartContainer - [hivemq-test-hivemq-platform] [hivemq-platform-operator] [b936e29b] 23:56:33.869 [ReconcilerExecutor-hivemq-controller-117] DEBUG c.h.p.o.HiveMQPlatformReconciler - [helmcont] StatefulSet Status (revision: test-hivemq-platform-85948b8786, replicas: 1, available: 1, ready: 1, current: 1, updated: 0)
2025-01-28 23:56:33,871 INFO c.h.h.t.HelmChartContainer - [hivemq-test-hivemq-platform] [hivemq-platform-operator] [b936e29b] 23:56:33.870 [ReconcilerExecutor-hivemq-controller-117] DEBUG c.h.p.o.HiveMQPlatformReconciler - [helmcont] StatefulSet Spec (replicas: 2, init containers: 1, containers: 1, volumes: 3)
2025-01-28 23:56:33,873 INFO c.h.h.t.HelmChartContainer - [hivemq-test-hivemq-platform] [hivemq-platform-operator] [b936e29b] 23:56:33.871 [ReconcilerExecutor-hivemq-controller-117] DEBUG c.h.p.o.h.HiveMQPlatformReconcilerErrorHandler - [helmcont] Pod 'test-hivemq-platform-1' phase Pending
2025-01-28 23:56:33,874 INFO c.h.h.t.HelmChartContainer - [hivemq-test-hivemq-platform] [hivemq-platform-operator] [b936e29b] 23:56:33.874 [ReconcilerExecutor-hivemq-controller-117] DEBUG c.h.p.o.h.HiveMQPlatformReconcilerErrorHandler - [helmcont] Pod 'test-hivemq-platform-0' phase Running
2025-01-28 23:56:33,876 INFO c.h.h.t.HelmChartContainer - [hivemq-test-hivemq-platform] [hivemq-platform-operator] [b936e29b] 23:56:33.876 [ReconcilerExecutor-hivemq-controller-117] DEBUG c.h.p.o.h.HiveMQPlatformReconcilerRollingRestartHandler - [helmcont] Rolling restart is waiting for 1 of 2 replicas
2025-01-28 23:56:33,880 INFO c.h.h.t.HelmChartContainer - [hivemq-test-hivemq-platform] [hivemq-platform-operator] [b936e29b] 23:56:33.879 [pool-6-thread-45] DEBUG c.h.p.o.d.PlatformServiceResource - [helmcont] Desired Platform services (3 services)
2025-01-28 23:56:33,883 INFO c.h.h.t.HelmChartContainer - [hivemq-test-hivemq-platform] [hivemq-platform-operator] [b936e29b] 23:56:33.880 [pool-6-thread-43] DEBUG c.h.p.o.dependants.PodInfoConfigMap - [helmcont] Desired PodInfo ConfigMap (1 extensions) (1 enabled)
2025-01-28 23:56:33,883 INFO c.h.h.t.HelmChartContainer - [hivemq-test-hivemq-platform] [hivemq-platform-operator] [b936e29b] 23:56:33.880 [pool-6-thread-43] DEBUG c.h.p.o.dependants.PodInfoConfigMap - [helmcont] Desired PodInfo ConfigMap (metrics port: 9399) (metrics path: /)
2025-01-28 23:56:33,883 INFO c.h.h.t.HelmChartContainer - [hivemq-test-hivemq-platform] [hivemq-platform-operator] [b936e29b] 23:56:33.880 [pool-6-thread-43] DEBUG c.h.p.o.dependants.PodInfoConfigMap - [helmcont] Desired PodInfo ConfigMap (extension state hash: -1817474005)
2025-01-28 23:56:33,884 INFO c.h.h.t.HelmChartContainer - [hivemq-test-hivemq-platform] [hivemq-platform-operator] [b936e29b] 23:56:33.883 [pool-6-thread-42] DEBUG c.h.p.o.d.PodServiceAccountResource - [helmcont] Desired PodServiceAccountResource (serviceAccountName: hivemq-platform-pod-test-hivemq-platform)
2025-01-28 23:56:33,970 INFO c.h.h.t.HelmChartContainer - [hivemq-test-hivemq-platform] [hivemq-platform-operator] [b936e29b] 23:56:33.969 [pool-6-thread-45] DEBUG c.h.p.o.d.StatefulSetResource - [helmcont] Desired StatefulSet (2 replicas) for status ROLLING_RESTART (SURGE_IN_PROGRESS)
2025-01-28 23:56:33,973 INFO c.h.h.t.HelmChartContainer - [hivemq-test-hivemq-platform] [hivemq-platform-operator] [b936e29b] 23:56:33.972 [ReconcilerExecutor-hivemq-controller-118] INFO  c.h.p.o.HiveMQPlatformReconciler - [helmcont] Reconciling HiveMQ Platform 'test-hivemq-platform' in namespace 'helmcontainersecuritycontextupgradeplatformit'
2025-01-28 23:56:33,973 INFO c.h.h.t.HelmChartContainer - [hivemq-test-hivemq-platform] [hivemq-platform-operator] [b936e29b] 23:56:33.972 [ReconcilerExecutor-hivemq-controller-118] DEBUG c.h.p.o.HiveMQPlatformReconciler - [helmcont] Custom Resource Status ROLLING_RESTART - HiveMQ Platform is starting a surge Pod (rolling restart) (SURGE_IN_PROGRESS)
2025-01-28 23:56:33,974 INFO c.h.h.t.HelmChartContainer - [hivemq-test-hivemq-platform] [hivemq-platform-operator] [b936e29b] 23:56:33.972 [ReconcilerExecutor-hivemq-controller-118] DEBUG c.h.p.o.HiveMQPlatformReconciler - [helmcont] Custom Resource Spec (replicas: 1) (extensions: 1)
2025-01-28 23:56:33,975 INFO c.h.h.t.HelmChartContainer - [hivemq-test-hivemq-platform] [hivemq-platform-operator] [b936e29b] 23:56:33.974 [ReconcilerExecutor-hivemq-controller-118] DEBUG c.h.p.o.HiveMQPlatformReconciler - [helmcont] StatefulSet Status (revision: test-hivemq-platform-85948b8786, replicas: 2, available: 1, ready: 1, current: 1, updated: 1)
2025-01-28 23:56:33,975 INFO c.h.h.t.HelmChartContainer - [hivemq-test-hivemq-platform] [hivemq-platform-operator] [b936e29b] 23:56:33.974 [ReconcilerExecutor-hivemq-controller-118] DEBUG c.h.p.o.HiveMQPlatformReconciler - [helmcont] StatefulSet Spec (replicas: 2, init containers: 1, containers: 1, volumes: 3)
2025-01-28 23:56:33,976 INFO c.h.h.t.HelmChartContainer - [hivemq-test-hivemq-platform] [hivemq-platform-operator] [b936e29b] 23:56:33.975 [ReconcilerExecutor-hivemq-controller-118] DEBUG c.h.p.o.h.HiveMQPlatformReconcilerErrorHandler - [helmcont] Pod 'test-hivemq-platform-1' phase Pending
2025-01-28 23:56:33,977 INFO c.h.h.t.HelmChartContainer - [hivemq-test-hivemq-platform] [hivemq-platform-operator] [b936e29b] 23:56:33.975 [ReconcilerExecutor-hivemq-controller-118] DEBUG c.h.p.o.h.HiveMQPlatformReconcilerErrorHandler - [helmcont] Pod 'test-hivemq-platform-1' condition 'PodReadyToStartContainers': False
2025-01-28 23:56:33,977 INFO c.h.h.t.HelmChartContainer - [hivemq-test-hivemq-platform] [hivemq-platform-operator] [b936e29b] 23:56:33.975 [ReconcilerExecutor-hivemq-controller-118] DEBUG c.h.p.o.h.HiveMQPlatformReconcilerErrorHandler - [helmcont] Pod 'test-hivemq-platform-1' condition 'Initialized': False
2025-01-28 23:56:33,977 INFO c.h.h.t.HelmChartContainer - [hivemq-test-hivemq-platform] [hivemq-platform-operator] [b936e29b] 23:56:33.975 [ReconcilerExecutor-hivemq-controller-118] DEBUG c.h.p.o.h.HiveMQPlatformReconcilerErrorHandler - [helmcont] Pod 'test-hivemq-platform-1' condition 'Ready': False
2025-01-28 23:56:33,977 INFO c.h.h.t.HelmChartContainer - [hivemq-test-hivemq-platform] [hivemq-platform-operator] [b936e29b] 23:56:33.975 [ReconcilerExecutor-hivemq-controller-118] DEBUG c.h.p.o.h.HiveMQPlatformReconcilerErrorHandler - [helmcont] Pod 'test-hivemq-platform-1' condition 'ContainersReady': False
2025-01-28 23:56:33,978 INFO c.h.h.t.HelmChartContainer - [hivemq-test-hivemq-platform] [hivemq-platform-operator] [b936e29b] 23:56:33.975 [ReconcilerExecutor-hivemq-controller-118] DEBUG c.h.p.o.h.HiveMQPlatformReconcilerErrorHandler - [helmcont] Pod 'test-hivemq-platform-1' condition 'PodScheduled': True
2025-01-28 23:56:33,978 INFO c.h.h.t.HelmChartContainer - [hivemq-test-hivemq-platform] [hivemq-platform-operator] [b936e29b] 23:56:33.975 [ReconcilerExecutor-hivemq-controller-118] DEBUG c.h.p.o.h.HiveMQPlatformReconcilerErrorHandler - [helmcont] Pod 'test-hivemq-platform-1' containerStatus 'hivemq' (started: false) (ready: false) (waiting: [PodInitializing] null)
2025-01-28 23:56:33,979 INFO c.h.h.t.HelmChartContainer - [hivemq-test-hivemq-platform] [hivemq-platform-operator] [b936e29b] 23:56:33.977 [ReconcilerExecutor-hivemq-controller-118] DEBUG c.h.p.o.h.HiveMQPlatformReconcilerErrorHandler - [helmcont] Pod 'test-hivemq-platform-0' phase Running
2025-01-28 23:56:33,979 INFO c.h.h.t.HelmChartContainer - [hivemq-test-hivemq-platform] [hivemq-platform-operator] [b936e29b] 23:56:33.978 [ReconcilerExecutor-hivemq-controller-118] DEBUG c.h.p.o.h.HiveMQPlatformReconcilerRollingRestartHandler - [helmcont] Rolling restart is waiting for 1 of 2 replicas
2025-01-28 23:56:33,982 INFO c.h.h.t.HelmChartContainer - [hivemq-test-hivemq-platform] [hivemq-platform-operator] [b936e29b] 23:56:33.981 [pool-6-thread-7] DEBUG c.h.p.o.d.PlatformServiceResource - [helmcont] Desired Platform services (3 services)
2025-01-28 23:56:33,984 INFO c.h.h.t.HelmChartContainer - [hivemq-test-hivemq-platform] [hivemq-platform-operator] [b936e29b] 23:56:33.983 [pool-6-thread-6] DEBUG c.h.p.o.dependants.PodInfoConfigMap - [helmcont] Desired PodInfo ConfigMap (1 extensions) (1 enabled)
2025-01-28 23:56:33,985 INFO c.h.h.t.HelmChartContainer - [hivemq-test-hivemq-platform] [hivemq-platform-operator] [b936e29b] 23:56:33.984 [pool-6-thread-6] DEBUG c.h.p.o.dependants.PodInfoConfigMap - [helmcont] Desired PodInfo ConfigMap (metrics port: 9399) (metrics path: /)
2025-01-28 23:56:33,986 INFO c.h.h.t.HelmChartContainer - [hivemq-test-hivemq-platform] [hivemq-platform-operator] [b936e29b] 23:56:33.985 [pool-6-thread-6] DEBUG c.h.p.o.dependants.PodInfoConfigMap - [helmcont] Desired PodInfo ConfigMap (extension state hash: -1817474005)
2025-01-28 23:56:33,987 INFO c.h.h.t.HelmChartContainer - [hivemq-test-hivemq-platform] [hivemq-platform-operator] [b936e29b] 23:56:33.986 [pool-6-thread-4] DEBUG c.h.p.o.d.PodServiceAccountResource - [helmcont] Desired PodServiceAccountResource (serviceAccountName: hivemq-platform-pod-test-hivemq-platform)
2025-01-28 23:56:34,070 INFO c.h.h.t.HelmChartContainer - [hivemq-test-hivemq-platform] [hivemq-platform-operator] [b936e29b] 23:56:34.069 [pool-6-thread-7] DEBUG c.h.p.o.d.StatefulSetResource - [helmcont] Desired StatefulSet (2 replicas) for status ROLLING_RESTART (SURGE_IN_PROGRESS)
2025-01-28 23:56:34,073 INFO c.h.h.t.HelmChartContainer - [hivemq-test-hivemq-platform] [hivemq-platform-operator] [b936e29b] 23:56:34.072 [ReconcilerExecutor-hivemq-controller-119] INFO  c.h.p.o.HiveMQPlatformReconciler - [helmcont] Reconciling HiveMQ Platform 'test-hivemq-platform' in namespace 'helmcontainersecuritycontextupgradeplatformit'
2025-01-28 23:56:34,073 INFO c.h.h.t.HelmChartContainer - [hivemq-test-hivemq-platform] [hivemq-platform-operator] [b936e29b] 23:56:34.072 [ReconcilerExecutor-hivemq-controller-119] DEBUG c.h.p.o.HiveMQPlatformReconciler - [helmcont] Custom Resource Status ROLLING_RESTART - HiveMQ Platform is starting a surge Pod (rolling restart) (SURGE_IN_PROGRESS)
2025-01-28 23:56:34,073 INFO c.h.h.t.HelmChartContainer - [hivemq-test-hivemq-platform] [hivemq-platform-operator] [b936e29b] 23:56:34.072 [ReconcilerExecutor-hivemq-controller-119] DEBUG c.h.p.o.HiveMQPlatformReconciler - [helmcont] Custom Resource Spec (replicas: 1) (extensions: 1)
2025-01-28 23:56:34,075 INFO c.h.h.t.HelmChartContainer - [hivemq-test-hivemq-platform] [hivemq-platform-operator] [b936e29b] 23:56:34.073 [ReconcilerExecutor-hivemq-controller-119] DEBUG c.h.p.o.HiveMQPlatformReconciler - [helmcont] StatefulSet Status (revision: test-hivemq-platform-85948b8786, replicas: 2, available: 1, ready: 1, current: 1, updated: 1)
2025-01-28 23:56:34,075 INFO c.h.h.t.HelmChartContainer - [hivemq-test-hivemq-platform] [hivemq-platform-operator] [b936e29b] 23:56:34.073 [ReconcilerExecutor-hivemq-controller-119] DEBUG c.h.p.o.HiveMQPlatformReconciler - [helmcont] StatefulSet Spec (replicas: 2, init containers: 1, containers: 1, volumes: 3)
2025-01-28 23:56:34,076 INFO c.h.h.t.HelmChartContainer - [hivemq-test-hivemq-platform] [hivemq-platform-operator] [b936e29b] 23:56:34.075 [ReconcilerExecutor-hivemq-controller-119] DEBUG c.h.p.o.h.HiveMQPlatformReconcilerErrorHandler - [helmcont] Pod 'test-hivemq-platform-1' phase Pending
2025-01-28 23:56:34,077 INFO c.h.h.t.HelmChartContainer - [hivemq-test-hivemq-platform] [hivemq-platform-operator] [b936e29b] 23:56:34.076 [ReconcilerExecutor-hivemq-controller-119] DEBUG c.h.p.o.h.HiveMQPlatformReconcilerErrorHandler - [helmcont] Pod 'test-hivemq-platform-1' condition 'PodReadyToStartContainers': False
2025-01-28 23:56:34,077 INFO c.h.h.t.HelmChartContainer - [hivemq-test-hivemq-platform] [hivemq-platform-operator] [b936e29b] 23:56:34.076 [ReconcilerExecutor-hivemq-controller-119] DEBUG c.h.p.o.h.HiveMQPlatformReconcilerErrorHandler - [helmcont] Pod 'test-hivemq-platform-1' condition 'Initialized': False
2025-01-28 23:56:34,078 INFO c.h.h.t.HelmChartContainer - [hivemq-test-hivemq-platform] [hivemq-platform-operator] [b936e29b] 23:56:34.076 [ReconcilerExecutor-hivemq-controller-119] DEBUG c.h.p.o.h.HiveMQPlatformReconcilerErrorHandler - [helmcont] Pod 'test-hivemq-platform-1' condition 'Ready': False
2025-01-28 23:56:34,078 INFO c.h.h.t.HelmChartContainer - [hivemq-test-hivemq-platform] [hivemq-platform-operator] [b936e29b] 23:56:34.076 [ReconcilerExecutor-hivemq-controller-119] DEBUG c.h.p.o.h.HiveMQPlatformReconcilerErrorHandler - [helmcont] Pod 'test-hivemq-platform-1' condition 'ContainersReady': False
2025-01-28 23:56:34,078 INFO c.h.h.t.HelmChartContainer - [hivemq-test-hivemq-platform] [hivemq-platform-operator] [b936e29b] 23:56:34.076 [ReconcilerExecutor-hivemq-controller-119] DEBUG c.h.p.o.h.HiveMQPlatformReconcilerErrorHandler - [helmcont] Pod 'test-hivemq-platform-1' condition 'PodScheduled': True
2025-01-28 23:56:34,078 INFO c.h.h.t.HelmChartContainer - [hivemq-test-hivemq-platform] [hivemq-platform-operator] [b936e29b] 23:56:34.076 [ReconcilerExecutor-hivemq-controller-119] DEBUG c.h.p.o.h.HiveMQPlatformReconcilerErrorHandler - [helmcont] Pod 'test-hivemq-platform-1' containerStatus 'hivemq' (started: false) (ready: false) (waiting: [PodInitializing] null)
2025-01-28 23:56:34,078 INFO c.h.h.t.HelmChartContainer - [hivemq-test-hivemq-platform] [hivemq-platform-operator] [b936e29b] 23:56:34.077 [ReconcilerExecutor-hivemq-controller-119] DEBUG c.h.p.o.h.HiveMQPlatformReconcilerErrorHandler - [helmcont] Pod 'test-hivemq-platform-0' phase Running
2025-01-28 23:56:34,078 INFO c.h.h.t.HelmChartContainer - [hivemq-test-hivemq-platform] [hivemq-platform-operator] [b936e29b] 23:56:34.077 [ReconcilerExecutor-hivemq-controller-119] DEBUG c.h.p.o.h.HiveMQPlatformReconcilerRollingRestartHandler - [helmcont] Rolling restart is waiting for 1 of 2 replicas
2025-01-28 23:56:34,189 INFO c.h.h.t.HelmChartContainer - [EVENT] Normal [Pulled] Container image "docker.io/hivemq/hivemq-platform-operator-init-test:snapshot" already present on machine [helmcontainersecuritycontextupgradeplatformit:test-hivemq-platform-1]
2025-01-28 23:56:34,194 INFO c.h.h.t.HelmChartContainer - [EVENT] Normal [Created] Created container: hivemq-platform-operator-init [helmcontainersecuritycontextupgradeplatformit:test-hivemq-platform-1]
2025-01-28 23:56:34,231 INFO c.h.h.t.HelmChartContainer - [EVENT] Normal [Started] Started container hivemq-platform-operator-init [helmcontainersecuritycontextupgradeplatformit:test-hivemq-platform-1]
2025-01-28 23:56:35,000 INFO c.h.h.t.HelmChartContainer - [EVENT] Normal [Pulled] Container image "docker.io/hivemq/hivemq4:4.36.0" already present on machine [helmcontainersecuritycontextupgradeplatformit:test-hivemq-platform-1]
2025-01-28 23:56:35,001 INFO c.h.h.t.HelmChartContainer - Received Pulled event for container hivemq in pod test-hivemq-platform-1 [07dfd0d6-fa3b-4542-871d-57f2e18e5c33]
2025-01-28 23:56:35,009 INFO c.h.h.t.HelmChartContainer - [POD] test-hivemq-platform-1 [07dfd0d6-fa3b-4542-871d-57f2e18e5c33] in helmcontainersecuritycontextupgradeplatformit was MODIFIED
2025-01-28 23:56:35,009 INFO c.h.h.t.HelmChartContainer - [EVENT] Normal [Created] Created container: hivemq [helmcontainersecuritycontextupgradeplatformit:test-hivemq-platform-1]
2025-01-28 23:56:35,009 INFO c.h.h.t.HelmChartContainer - Received Created event for container hivemq in pod test-hivemq-platform-1 [07dfd0d6-fa3b-4542-871d-57f2e18e5c33]
2025-01-28 23:56:35,035 INFO c.h.h.t.HelmChartContainer - [hivemq-test-hivemq-platform] [hivemq-platform-operator] [b936e29b] 23:56:35.022 [pool-6-thread-17] DEBUG c.h.p.o.dependants.PodInfoConfigMap - [helmcont] Desired PodInfo ConfigMap (1 extensions) (1 enabled)
2025-01-28 23:56:35,035 INFO c.h.h.t.HelmChartContainer - [hivemq-test-hivemq-platform] [hivemq-platform-operator] [b936e29b] 23:56:35.022 [pool-6-thread-17] DEBUG c.h.p.o.dependants.PodInfoConfigMap - [helmcont] Desired PodInfo ConfigMap (metrics port: 9399) (metrics path: /)
2025-01-28 23:56:35,035 INFO c.h.h.t.HelmChartContainer - [hivemq-test-hivemq-platform] [hivemq-platform-operator] [b936e29b] 23:56:35.022 [pool-6-thread-17] DEBUG c.h.p.o.dependants.PodInfoConfigMap - [helmcont] Desired PodInfo ConfigMap (extension state hash: -1817474005)
2025-01-28 23:56:35,035 INFO c.h.h.t.HelmChartContainer - [hivemq-test-hivemq-platform] [hivemq-platform-operator] [b936e29b] 23:56:35.025 [pool-6-thread-14] DEBUG c.h.p.o.d.PlatformServiceResource - [helmcont] Desired Platform services (3 services)
2025-01-28 23:56:35,035 INFO c.h.h.t.HelmChartContainer - [hivemq-test-hivemq-platform] [hivemq-platform-operator] [b936e29b] 23:56:35.026 [pool-6-thread-13] DEBUG c.h.p.o.d.PodServiceAccountResource - [helmcont] Desired PodServiceAccountResource (serviceAccountName: hivemq-platform-pod-test-hivemq-platform)
2025-01-28 23:56:35,037 INFO c.h.h.t.HelmChartContainer - [hivemq-test-hivemq-platform] [hivemq-platform-operator] [b936e29b] 23:56:35.034 [pool-6-thread-14] DEBUG c.h.p.o.d.StatefulSetResource - [helmcont] Desired StatefulSet (2 replicas) for status ROLLING_RESTART (SURGE_IN_PROGRESS)
2025-01-28 23:56:35,068 INFO c.h.h.t.HelmChartContainer - [hivemq-test-hivemq-platform] [hivemq-platform-operator] [b936e29b] 23:56:35.066 [ReconcilerExecutor-hivemq-controller-120] INFO  c.h.p.o.HiveMQPlatformReconciler - [helmcont] Reconciling HiveMQ Platform 'test-hivemq-platform' in namespace 'helmcontainersecuritycontextupgradeplatformit'
2025-01-28 23:56:35,070 INFO c.h.h.t.HelmChartContainer - [hivemq-test-hivemq-platform] [hivemq-platform-operator] [b936e29b] 23:56:35.067 [ReconcilerExecutor-hivemq-controller-120] DEBUG c.h.p.o.HiveMQPlatformReconciler - [helmcont] Custom Resource Status ROLLING_RESTART - HiveMQ Platform is starting a surge Pod (rolling restart) (SURGE_IN_PROGRESS)
2025-01-28 23:56:35,070 INFO c.h.h.t.HelmChartContainer - [hivemq-test-hivemq-platform] [hivemq-platform-operator] [b936e29b] 23:56:35.067 [ReconcilerExecutor-hivemq-controller-120] DEBUG c.h.p.o.HiveMQPlatformReconciler - [helmcont] Custom Resource Spec (replicas: 1) (extensions: 1)
2025-01-28 23:56:35,079 INFO c.h.h.t.HelmChartContainer - [hivemq-test-hivemq-platform] [hivemq-platform-operator] [b936e29b] 23:56:35.069 [ReconcilerExecutor-hivemq-controller-120] DEBUG c.h.p.o.HiveMQPlatformReconciler - [helmcont] StatefulSet Status (revision: test-hivemq-platform-85948b8786, replicas: 2, available: 1, ready: 1, current: 1, updated: 1)
2025-01-28 23:56:35,079 INFO c.h.h.t.HelmChartContainer - [hivemq-test-hivemq-platform] [hivemq-platform-operator] [b936e29b] 23:56:35.069 [ReconcilerExecutor-hivemq-controller-120] DEBUG c.h.p.o.HiveMQPlatformReconciler - [helmcont] StatefulSet Spec (replicas: 2, init containers: 1, containers: 1, volumes: 3)
2025-01-28 23:56:35,079 INFO c.h.h.t.HelmChartContainer - [hivemq-test-hivemq-platform] [hivemq-platform-operator] [b936e29b] 23:56:35.073 [ReconcilerExecutor-hivemq-controller-120] DEBUG c.h.p.o.h.HiveMQPlatformReconcilerErrorHandler - [helmcont] Pod 'test-hivemq-platform-1' phase Pending
2025-01-28 23:56:35,079 INFO c.h.h.t.HelmChartContainer - [hivemq-test-hivemq-platform] [hivemq-platform-operator] [b936e29b] 23:56:35.073 [ReconcilerExecutor-hivemq-controller-120] DEBUG c.h.p.o.h.HiveMQPlatformReconcilerErrorHandler - [helmcont] Pod 'test-hivemq-platform-1' condition 'PodReadyToStartContainers': True
2025-01-28 23:56:35,079 INFO c.h.h.t.HelmChartContainer - [hivemq-test-hivemq-platform] [hivemq-platform-operator] [b936e29b] 23:56:35.073 [ReconcilerExecutor-hivemq-controller-120] DEBUG c.h.p.o.h.HiveMQPlatformReconcilerErrorHandler - [helmcont] Pod 'test-hivemq-platform-1' condition 'Initialized': True
2025-01-28 23:56:35,081 INFO c.h.h.t.HelmChartContainer - [hivemq-test-hivemq-platform] [hivemq-platform-operator] [b936e29b] 23:56:35.073 [ReconcilerExecutor-hivemq-controller-120] DEBUG c.h.p.o.h.HiveMQPlatformReconcilerErrorHandler - [helmcont] Pod 'test-hivemq-platform-1' condition 'Ready': False
2025-01-28 23:56:35,081 INFO c.h.h.t.HelmChartContainer - [hivemq-test-hivemq-platform] [hivemq-platform-operator] [b936e29b] 23:56:35.073 [ReconcilerExecutor-hivemq-controller-120] DEBUG c.h.p.o.h.HiveMQPlatformReconcilerErrorHandler - [helmcont] Pod 'test-hivemq-platform-1' condition 'ContainersReady': False
2025-01-28 23:56:35,082 INFO c.h.h.t.HelmChartContainer - [hivemq-test-hivemq-platform] [hivemq-platform-operator] [b936e29b] 23:56:35.073 [ReconcilerExecutor-hivemq-controller-120] DEBUG c.h.p.o.h.HiveMQPlatformReconcilerErrorHandler - [helmcont] Pod 'test-hivemq-platform-1' condition 'PodScheduled': True
2025-01-28 23:56:35,082 INFO c.h.h.t.HelmChartContainer - [hivemq-test-hivemq-platform] [hivemq-platform-operator] [b936e29b] 23:56:35.073 [ReconcilerExecutor-hivemq-controller-120] DEBUG c.h.p.o.h.HiveMQPlatformReconcilerErrorHandler - [helmcont] Pod 'test-hivemq-platform-1' containerStatus 'hivemq' (started: false) (ready: false) (waiting: [PodInitializing] null)
2025-01-28 23:56:35,086 INFO c.h.h.t.HelmChartContainer - [hivemq-test-hivemq-platform] [hivemq-platform-operator] [b936e29b] 23:56:35.076 [ReconcilerExecutor-hivemq-controller-120] DEBUG c.h.p.o.h.HiveMQPlatformReconcilerErrorHandler - [helmcont] Pod 'test-hivemq-platform-0' phase Running
2025-01-28 23:56:35,086 INFO c.h.h.t.HelmChartContainer - [hivemq-test-hivemq-platform] [hivemq-platform-operator] [b936e29b] 23:56:35.079 [ReconcilerExecutor-hivemq-controller-120] DEBUG c.h.p.o.h.HiveMQPlatformReconcilerRollingRestartHandler - [helmcont] Rolling restart is waiting for 1 of 2 replicas
2025-01-28 23:56:36,015 INFO c.h.h.t.HelmChartContainer - [POD] test-hivemq-platform-1 [07dfd0d6-fa3b-4542-871d-57f2e18e5c33] in helmcontainersecuritycontextupgradeplatformit was MODIFIED
2025-01-28 23:56:36,023 INFO c.h.h.t.HelmChartContainer - [hivemq-test-hivemq-platform] [hivemq-platform-operator] [b936e29b] 23:56:36.019 [pool-6-thread-22] DEBUG c.h.p.o.d.PlatformServiceResource - [helmcont] Desired Platform services (3 services)
2025-01-28 23:56:36,026 INFO c.h.h.t.HelmChartContainer - [hivemq-test-hivemq-platform] [hivemq-platform-operator] [b936e29b] 23:56:36.022 [pool-6-thread-28] DEBUG c.h.p.o.d.PodServiceAccountResource - [helmcont] Desired PodServiceAccountResource (serviceAccountName: hivemq-platform-pod-test-hivemq-platform)
2025-01-28 23:56:36,027 INFO c.h.h.t.HelmChartContainer - [EVENT] Normal [Started] Started container hivemq [helmcontainersecuritycontextupgradeplatformit:test-hivemq-platform-1]
2025-01-28 23:56:36,027 INFO c.h.h.t.HelmChartContainer - Started log watcher for hivemq in pod test-hivemq-platform-1 [07dfd0d6-fa3b-4542-871d-57f2e18e5c33]
2025-01-28 23:56:36,028 INFO c.h.h.t.HelmChartContainer - [test-hivemq-platform] [hivemq] [07dfd0d6] Adding pre-installed HiveMQ Platform Operator extensions
2025-01-28 23:56:36,028 INFO c.h.h.t.HelmChartContainer - Received Started event for container hivemq in pod test-hivemq-platform-1 [07dfd0d6-fa3b-4542-871d-57f2e18e5c33]
2025-01-28 23:56:36,029 INFO c.h.h.t.HelmChartContainer - [test-hivemq-platform] [hivemq] [07dfd0d6] Running as user 10000
2025-01-28 23:56:36,029 INFO c.h.h.t.HelmChartContainer - [test-hivemq-platform] [hivemq] [07dfd0d6] Starting HiveMQ Platform Operator Init
2025-01-28 23:56:36,029 INFO c.h.h.t.HelmChartContainer - [hivemq-test-hivemq-platform] [hivemq-platform-operator] [b936e29b] 23:56:36.027 [pool-6-thread-25] DEBUG c.h.p.o.dependants.PodInfoConfigMap - [helmcont] Desired PodInfo ConfigMap (1 extensions) (1 enabled)
2025-01-28 23:56:36,029 INFO c.h.h.t.HelmChartContainer - [hivemq-test-hivemq-platform] [hivemq-platform-operator] [b936e29b] 23:56:36.027 [pool-6-thread-25] DEBUG c.h.p.o.dependants.PodInfoConfigMap - [helmcont] Desired PodInfo ConfigMap (metrics port: 9399) (metrics path: /)
2025-01-28 23:56:36,029 INFO c.h.h.t.HelmChartContainer - [hivemq-test-hivemq-platform] [hivemq-platform-operator] [b936e29b] 23:56:36.027 [pool-6-thread-25] DEBUG c.h.p.o.dependants.PodInfoConfigMap - [helmcont] Desired PodInfo ConfigMap (extension state hash: -1817474005)
2025-01-28 23:56:36,036 INFO c.h.h.t.HelmChartContainer - [hivemq-test-hivemq-platform] [hivemq-platform-operator] [b936e29b] 23:56:36.033 [pool-6-thread-25] DEBUG c.h.p.o.d.StatefulSetResource - [helmcont] Desired StatefulSet (2 replicas) for status ROLLING_RESTART (SURGE_IN_PROGRESS)
2025-01-28 23:56:36,042 INFO c.h.h.t.HelmChartContainer - [hivemq-test-hivemq-platform] [hivemq-platform-operator] [b936e29b] 23:56:36.040 [ReconcilerExecutor-hivemq-controller-121] INFO  c.h.p.o.HiveMQPlatformReconciler - [helmcont] Reconciling HiveMQ Platform 'test-hivemq-platform' in namespace 'helmcontainersecuritycontextupgradeplatformit'
2025-01-28 23:56:36,043 INFO c.h.h.t.HelmChartContainer - [hivemq-test-hivemq-platform] [hivemq-platform-operator] [b936e29b] 23:56:36.040 [ReconcilerExecutor-hivemq-controller-121] DEBUG c.h.p.o.HiveMQPlatformReconciler - [helmcont] Custom Resource Status ROLLING_RESTART - HiveMQ Platform is starting a surge Pod (rolling restart) (SURGE_IN_PROGRESS)
2025-01-28 23:56:36,043 INFO c.h.h.t.HelmChartContainer - [hivemq-test-hivemq-platform] [hivemq-platform-operator] [b936e29b] 23:56:36.040 [ReconcilerExecutor-hivemq-controller-121] DEBUG c.h.p.o.HiveMQPlatformReconciler - [helmcont] Custom Resource Spec (replicas: 1) (extensions: 1)
2025-01-28 23:56:36,044 INFO c.h.h.t.HelmChartContainer - [hivemq-test-hivemq-platform] [hivemq-platform-operator] [b936e29b] 23:56:36.042 [ReconcilerExecutor-hivemq-controller-121] DEBUG c.h.p.o.HiveMQPlatformReconciler - [helmcont] StatefulSet Status (revision: test-hivemq-platform-85948b8786, replicas: 2, available: 1, ready: 1, current: 1, updated: 1)
2025-01-28 23:56:36,044 INFO c.h.h.t.HelmChartContainer - [hivemq-test-hivemq-platform] [hivemq-platform-operator] [b936e29b] 23:56:36.042 [ReconcilerExecutor-hivemq-controller-121] DEBUG c.h.p.o.HiveMQPlatformReconciler - [helmcont] StatefulSet Spec (replicas: 2, init containers: 1, containers: 1, volumes: 3)
2025-01-28 23:56:36,070 INFO c.h.h.t.HelmChartContainer - [hivemq-test-hivemq-platform] [hivemq-platform-operator] [b936e29b] 23:56:36.068 [ReconcilerExecutor-hivemq-controller-121] DEBUG c.h.p.o.h.HiveMQPlatformReconcilerErrorHandler - [helmcont] Pod 'test-hivemq-platform-1' phase Running
2025-01-28 23:56:36,073 INFO c.h.h.t.HelmChartContainer - [hivemq-test-hivemq-platform] [hivemq-platform-operator] [b936e29b] 23:56:36.071 [ReconcilerExecutor-hivemq-controller-121] DEBUG c.h.p.o.h.HiveMQPlatformReconcilerErrorHandler - [helmcont] Pod 'test-hivemq-platform-0' phase Running
2025-01-28 23:56:36,074 INFO c.h.h.t.HelmChartContainer - [hivemq-test-hivemq-platform] [hivemq-platform-operator] [b936e29b] 23:56:36.072 [ReconcilerExecutor-hivemq-controller-121] DEBUG c.h.p.o.h.HiveMQPlatformReconcilerRollingRestartHandler - [helmcont] Rolling restart is waiting for 1 of 2 replicas
2025-01-28 23:56:36,346 INFO c.h.h.t.HelmChartContainer - [test-hivemq-platform] [hivemq] [07dfd0d6] INFO  - [HiveMQ Platform Operator Init 1.7.0-SNAPSHOT] HiveMQ Platform Operator Init 1.7.0-SNAPSHOT (commit: bebf408 on branch: HEAD) built on Sun Jan 26 20:47:47 UTC 2025
2025-01-28 23:56:37,424 INFO c.h.h.t.HelmChartContainer - [test-hivemq-platform] [hivemq] [07dfd0d6] INFO  - [HiveMQ Platform Operator Init App 1.7.0-SNAPSHOT] Using bind address 10.42.0.11 from environment variable
2025-01-28 23:56:38,406 INFO c.h.h.t.HelmChartContainer - [test-hivemq-platform] [hivemq] [07dfd0d6] INFO  - [HiveMQ Platform Operator Init App 1.7.0-SNAPSHOT] HiveMQ Platform Operator Init App 1.7.0-SNAPSHOT (commit: bebf408 on branch: HEAD) built on Sun Jan 26 20:47:47 UTC 2025
2025-01-28 23:56:38,406 INFO c.h.h.t.HelmChartContainer - [test-hivemq-platform] [hivemq] [07dfd0d6] INFO  - [HiveMQ Platform Operator Init App 1.7.0-SNAPSHOT] PodInfo ConfigMap directory: /etc/podinfo
2025-01-28 23:56:38,406 INFO c.h.h.t.HelmChartContainer - [test-hivemq-platform] [hivemq] [07dfd0d6] INFO  - [HiveMQ Platform Operator Init App 1.7.0-SNAPSHOT] HiveMQ home directory: /opt/hivemq
2025-01-28 23:56:38,406 INFO c.h.h.t.HelmChartContainer - [test-hivemq-platform] [hivemq] [07dfd0d6] INFO  - [HiveMQ Platform Operator Init App 1.7.0-SNAPSHOT] HiveMQ Logback folder: /opt/hivemq/conf
2025-01-28 23:56:38,406 INFO c.h.h.t.HelmChartContainer - [test-hivemq-platform] [hivemq] [07dfd0d6] INFO  - [HiveMQ Platform Operator Init App 1.7.0-SNAPSHOT] HiveMQ Config folder: /opt/hivemq/conf-k8s
2025-01-28 23:56:38,406 INFO c.h.h.t.HelmChartContainer - [test-hivemq-platform] [hivemq] [07dfd0d6] INFO  - [HiveMQ Platform Operator Init App 1.7.0-SNAPSHOT] Starting HiveMQ Platform Operator Init App
2025-01-28 23:56:38,407 INFO c.h.h.t.HelmChartContainer - [test-hivemq-platform] [hivemq] [07dfd0d6] INFO  - [HiveMQ Platform Operator Init App 1.7.0-SNAPSHOT] Starting Pod reconciler
2025-01-28 23:56:39,599 INFO c.h.h.t.HelmChartContainer - [test-hivemq-platform] [hivemq] [07dfd0d6] INFO  - [HiveMQ Platform Operator Init App 1.7.0-SNAPSHOT] Pod reconciler is scheduled (interval: 5000 ms)
2025-01-28 23:56:39,599 INFO c.h.h.t.HelmChartContainer - [test-hivemq-platform] [hivemq] [07dfd0d6] INFO  - [HiveMQ Platform Operator Init App 1.7.0-SNAPSHOT] Starting the REST API on 10.42.0.11:7979
2025-01-28 23:56:39,602 INFO c.h.h.t.HelmChartContainer - [test-hivemq-platform] [hivemq] [07dfd0d6] INFO  - [HiveMQ Platform Operator Init App 1.7.0-SNAPSHOT] Waiting up to 600s for at most 2 HiveMQ nodes in cluster service hivemq-test-hivemq-platform-cluster.helmcontainersecuritycontextupgradeplatformit.svc
2025-01-28 23:56:39,939 INFO c.h.h.t.HelmChartContainer - [test-hivemq-platform] [hivemq] [07dfd0d6] INFO  - [HiveMQ Platform Operator Init App 1.7.0-SNAPSHOT] Resolved 2 IP addresses: [10.42.0.10, 10.42.0.11]
2025-01-28 23:56:39,939 INFO c.h.h.t.HelmChartContainer - [test-hivemq-platform] [hivemq] [07dfd0d6] INFO  - [HiveMQ Platform Operator Init App 1.7.0-SNAPSHOT] HiveMQ node count of 2 is within threshold of 2
2025-01-28 23:56:39,939 INFO c.h.h.t.HelmChartContainer - [test-hivemq-platform] [hivemq] [07dfd0d6] INFO  - [HiveMQ Platform Operator Init App 1.7.0-SNAPSHOT] Waiting 15s for previous shutdown replication to finish...
2025-01-28 23:56:42,009 INFO c.h.h.t.HelmChartContainer - [test-hivemq-platform] [hivemq] [07dfd0d6] INFO  - [HiveMQ Platform Operator Init App 1.7.0-SNAPSHOT] Returning default Health API response 503 for readiness
2025-01-28 23:56:42,112 INFO c.h.h.t.HelmChartContainer - [EVENT] Warning [Unhealthy] Readiness probe failed: HTTP probe failed with statuscode: 503 [helmcontainersecuritycontextupgradeplatformit:test-hivemq-platform-1]
2025-01-28 23:56:42,112 INFO c.h.h.t.HelmChartContainer - Received Unhealthy event for container hivemq in pod test-hivemq-platform-1 [07dfd0d6-fa3b-4542-871d-57f2e18e5c33]
2025-01-28 23:56:46,077 INFO c.h.h.t.HelmChartContainer - [hivemq-test-hivemq-platform] [hivemq-platform-operator] [b936e29b] 23:56:46.076 [pool-6-thread-31] DEBUG c.h.p.o.d.PodServiceAccountResource - [helmcont] Desired PodServiceAccountResource (serviceAccountName: hivemq-platform-pod-test-hivemq-platform)
2025-01-28 23:56:46,078 INFO c.h.h.t.HelmChartContainer - [hivemq-test-hivemq-platform] [hivemq-platform-operator] [b936e29b] 23:56:46.076 [pool-6-thread-38] DEBUG c.h.p.o.dependants.PodInfoConfigMap - [helmcont] Desired PodInfo ConfigMap (1 extensions) (1 enabled)
2025-01-28 23:56:46,078 INFO c.h.h.t.HelmChartContainer - [hivemq-test-hivemq-platform] [hivemq-platform-operator] [b936e29b] 23:56:46.076 [pool-6-thread-38] DEBUG c.h.p.o.dependants.PodInfoConfigMap - [helmcont] Desired PodInfo ConfigMap (metrics port: 9399) (metrics path: /)
2025-01-28 23:56:46,078 INFO c.h.h.t.HelmChartContainer - [hivemq-test-hivemq-platform] [hivemq-platform-operator] [b936e29b] 23:56:46.076 [pool-6-thread-38] DEBUG c.h.p.o.dependants.PodInfoConfigMap - [helmcont] Desired PodInfo ConfigMap (extension state hash: -1817474005)
2025-01-28 23:56:46,079 INFO c.h.h.t.HelmChartContainer - [hivemq-test-hivemq-platform] [hivemq-platform-operator] [b936e29b] 23:56:46.076 [pool-6-thread-36] DEBUG c.h.p.o.d.PlatformServiceResource - [helmcont] Desired Platform services (3 services)
2025-01-28 23:56:46,083 INFO c.h.h.t.HelmChartContainer - [hivemq-test-hivemq-platform] [hivemq-platform-operator] [b936e29b] 23:56:46.082 [pool-6-thread-36] DEBUG c.h.p.o.d.StatefulSetResource - [helmcont] Desired StatefulSet (2 replicas) for status ROLLING_RESTART (SURGE_IN_PROGRESS)
2025-01-28 23:56:46,086 INFO c.h.h.t.HelmChartContainer - [hivemq-test-hivemq-platform] [hivemq-platform-operator] [b936e29b] 23:56:46.085 [ReconcilerExecutor-hivemq-controller-122] INFO  c.h.p.o.HiveMQPlatformReconciler - [helmcont] Reconciling HiveMQ Platform 'test-hivemq-platform' in namespace 'helmcontainersecuritycontextupgradeplatformit'
2025-01-28 23:56:46,086 INFO c.h.h.t.HelmChartContainer - [hivemq-test-hivemq-platform] [hivemq-platform-operator] [b936e29b] 23:56:46.085 [ReconcilerExecutor-hivemq-controller-122] DEBUG c.h.p.o.HiveMQPlatformReconciler - [helmcont] Custom Resource Status ROLLING_RESTART - HiveMQ Platform is starting a surge Pod (rolling restart) (SURGE_IN_PROGRESS)
2025-01-28 23:56:46,086 INFO c.h.h.t.HelmChartContainer - [hivemq-test-hivemq-platform] [hivemq-platform-operator] [b936e29b] 23:56:46.085 [ReconcilerExecutor-hivemq-controller-122] DEBUG c.h.p.o.HiveMQPlatformReconciler - [helmcont] Custom Resource Spec (replicas: 1) (extensions: 1)
2025-01-28 23:56:46,088 INFO c.h.h.t.HelmChartContainer - [hivemq-test-hivemq-platform] [hivemq-platform-operator] [b936e29b] 23:56:46.087 [ReconcilerExecutor-hivemq-controller-122] DEBUG c.h.p.o.HiveMQPlatformReconciler - [helmcont] StatefulSet Status (revision: test-hivemq-platform-85948b8786, replicas: 2, available: 1, ready: 1, current: 1, updated: 1)
2025-01-28 23:56:46,088 INFO c.h.h.t.HelmChartContainer - [hivemq-test-hivemq-platform] [hivemq-platform-operator] [b936e29b] 23:56:46.087 [ReconcilerExecutor-hivemq-controller-122] DEBUG c.h.p.o.HiveMQPlatformReconciler - [helmcont] StatefulSet Spec (replicas: 2, init containers: 1, containers: 1, volumes: 3)
2025-01-28 23:56:46,089 INFO c.h.h.t.HelmChartContainer - [hivemq-test-hivemq-platform] [hivemq-platform-operator] [b936e29b] 23:56:46.088 [ReconcilerExecutor-hivemq-controller-122] DEBUG c.h.p.o.h.HiveMQPlatformReconcilerErrorHandler - [helmcont] Pod 'test-hivemq-platform-1' phase Running
2025-01-28 23:56:46,091 INFO c.h.h.t.HelmChartContainer - [hivemq-test-hivemq-platform] [hivemq-platform-operator] [b936e29b] 23:56:46.090 [ReconcilerExecutor-hivemq-controller-122] DEBUG c.h.p.o.h.HiveMQPlatformReconcilerErrorHandler - [helmcont] Pod 'test-hivemq-platform-0' phase Running
2025-01-28 23:56:46,091 INFO c.h.h.t.HelmChartContainer - [hivemq-test-hivemq-platform] [hivemq-platform-operator] [b936e29b] 23:56:46.091 [ReconcilerExecutor-hivemq-controller-122] DEBUG c.h.p.o.h.HiveMQPlatformReconcilerRollingRestartHandler - [helmcont] Rolling restart is waiting for 1 of 2 replicas
2025-01-28 23:56:46,815 INFO c.h.h.t.HelmChartContainer - [test-hivemq-platform] [hivemq] [07dfd0d6] INFO  - [HiveMQ Platform Operator Init App 1.7.0-SNAPSHOT] Updating Pod HiveMQ Platform Operator Init App version annotation (version: 1.7.0-SNAPSHOT)
2025-01-28 23:56:47,008 INFO c.h.h.t.HelmChartContainer - [EVENT] Warning [Unhealthy] Readiness probe failed: HTTP probe failed with statuscode: 503 [helmcontainersecuritycontextupgradeplatformit:test-hivemq-platform-1]
2025-01-28 23:56:47,008 INFO c.h.h.t.HelmChartContainer - Received Unhealthy event for container hivemq in pod test-hivemq-platform-1 [07dfd0d6-fa3b-4542-871d-57f2e18e5c33]
2025-01-28 23:56:47,209 INFO c.h.h.t.HelmChartContainer - [POD] test-hivemq-platform-1 [07dfd0d6-fa3b-4542-871d-57f2e18e5c33] in helmcontainersecuritycontextupgradeplatformit was MODIFIED
2025-01-28 23:56:47,214 INFO c.h.h.t.HelmChartContainer - [EVENT] Warning [Unhealthy] Readiness probe failed: HTTP probe failed with statuscode: 503 [helmcontainersecuritycontextupgradeplatformit:test-hivemq-platform-1]
2025-01-28 23:56:47,214 INFO c.h.h.t.HelmChartContainer - Received Unhealthy event for container hivemq in pod test-hivemq-platform-1 [07dfd0d6-fa3b-4542-871d-57f2e18e5c33]
2025-01-28 23:56:47,216 INFO c.h.h.t.HelmChartContainer - [hivemq-test-hivemq-platform] [hivemq-platform-operator] [b936e29b] 23:56:47.214 [pool-6-thread-46] DEBUG c.h.p.o.d.PlatformServiceResource - [helmcont] Desired Platform services (3 services)
2025-01-28 23:56:47,217 INFO c.h.h.t.HelmChartContainer - [test-hivemq-platform] [hivemq] [07dfd0d6] INFO  - [HiveMQ Platform Operator Init App 1.7.0-SNAPSHOT] Successfully updated Pod HiveMQ Platform Operator Init App version annotation (version: 1.7.0-SNAPSHOT)
2025-01-28 23:56:47,218 INFO c.h.h.t.HelmChartContainer - [hivemq-test-hivemq-platform] [hivemq-platform-operator] [b936e29b] 23:56:47.217 [pool-6-thread-50] DEBUG c.h.p.o.d.PodServiceAccountResource - [helmcont] Desired PodServiceAccountResource (serviceAccountName: hivemq-platform-pod-test-hivemq-platform)
2025-01-28 23:56:47,220 INFO c.h.h.t.HelmChartContainer - [hivemq-test-hivemq-platform] [hivemq-platform-operator] [b936e29b] 23:56:47.215 [pool-6-thread-43] DEBUG c.h.p.o.dependants.PodInfoConfigMap - [helmcont] Desired PodInfo ConfigMap (1 extensions) (1 enabled)
2025-01-28 23:56:47,221 INFO c.h.h.t.HelmChartContainer - [hivemq-test-hivemq-platform] [hivemq-platform-operator] [b936e29b] 23:56:47.220 [pool-6-thread-43] DEBUG c.h.p.o.dependants.PodInfoConfigMap - [helmcont] Desired PodInfo ConfigMap (metrics port: 9399) (metrics path: /)
2025-01-28 23:56:47,221 INFO c.h.h.t.HelmChartContainer - [hivemq-test-hivemq-platform] [hivemq-platform-operator] [b936e29b] 23:56:47.220 [pool-6-thread-43] DEBUG c.h.p.o.dependants.PodInfoConfigMap - [helmcont] Desired PodInfo ConfigMap (extension state hash: -1817474005)
2025-01-28 23:56:47,224 INFO c.h.h.t.HelmChartContainer - [hivemq-test-hivemq-platform] [hivemq-platform-operator] [b936e29b] 23:56:47.223 [pool-6-thread-41] DEBUG c.h.p.o.d.StatefulSetResource - [helmcont] Desired StatefulSet (2 replicas) for status ROLLING_RESTART (SURGE_IN_PROGRESS)
2025-01-28 23:56:47,227 INFO c.h.h.t.HelmChartContainer - [hivemq-test-hivemq-platform] [hivemq-platform-operator] [b936e29b] 23:56:47.226 [ReconcilerExecutor-hivemq-controller-123] INFO  c.h.p.o.HiveMQPlatformReconciler - [helmcont] Reconciling HiveMQ Platform 'test-hivemq-platform' in namespace 'helmcontainersecuritycontextupgradeplatformit'
2025-01-28 23:56:47,227 INFO c.h.h.t.HelmChartContainer - [hivemq-test-hivemq-platform] [hivemq-platform-operator] [b936e29b] 23:56:47.226 [ReconcilerExecutor-hivemq-controller-123] DEBUG c.h.p.o.HiveMQPlatformReconciler - [helmcont] Custom Resource Status ROLLING_RESTART - HiveMQ Platform is starting a surge Pod (rolling restart) (SURGE_IN_PROGRESS)
2025-01-28 23:56:47,227 INFO c.h.h.t.HelmChartContainer - [hivemq-test-hivemq-platform] [hivemq-platform-operator] [b936e29b] 23:56:47.226 [ReconcilerExecutor-hivemq-controller-123] DEBUG c.h.p.o.HiveMQPlatformReconciler - [helmcont] Custom Resource Spec (replicas: 1) (extensions: 1)
2025-01-28 23:56:47,229 INFO c.h.h.t.HelmChartContainer - [hivemq-test-hivemq-platform] [hivemq-platform-operator] [b936e29b] 23:56:47.228 [ReconcilerExecutor-hivemq-controller-123] DEBUG c.h.p.o.HiveMQPlatformReconciler - [helmcont] StatefulSet Status (revision: test-hivemq-platform-85948b8786, replicas: 2, available: 1, ready: 1, current: 1, updated: 1)
2025-01-28 23:56:47,229 INFO c.h.h.t.HelmChartContainer - [hivemq-test-hivemq-platform] [hivemq-platform-operator] [b936e29b] 23:56:47.228 [ReconcilerExecutor-hivemq-controller-123] DEBUG c.h.p.o.HiveMQPlatformReconciler - [helmcont] StatefulSet Spec (replicas: 2, init containers: 1, containers: 1, volumes: 3)
2025-01-28 23:56:47,232 INFO c.h.h.t.HelmChartContainer - [hivemq-test-hivemq-platform] [hivemq-platform-operator] [b936e29b] 23:56:47.231 [ReconcilerExecutor-hivemq-controller-123] DEBUG c.h.p.o.h.HiveMQPlatformReconcilerErrorHandler - [helmcont] Pod 'test-hivemq-platform-1' phase Running
2025-01-28 23:56:47,233 INFO c.h.h.t.HelmChartContainer - [hivemq-test-hivemq-platform] [hivemq-platform-operator] [b936e29b] 23:56:47.233 [ReconcilerExecutor-hivemq-controller-123] DEBUG c.h.p.o.h.HiveMQPlatformReconcilerErrorHandler - [helmcont] Pod 'test-hivemq-platform-0' phase Running
2025-01-28 23:56:47,235 INFO c.h.h.t.HelmChartContainer - [hivemq-test-hivemq-platform] [hivemq-platform-operator] [b936e29b] 23:56:47.234 [ReconcilerExecutor-hivemq-controller-123] DEBUG c.h.p.o.h.HiveMQPlatformReconcilerRollingRestartHandler - [helmcont] Rolling restart is waiting for 1 of 2 replicas
2025-01-28 23:56:49,766 INFO c.h.h.t.HelmChartContainer - [test-hivemq-platform] [hivemq] [561b81a0] INFO  - [HiveMQ Platform Operator Init App 1.7.0-SNAPSHOT] Returning Health API response 200 for liveness
2025-01-28 23:56:52,212 INFO c.h.h.t.HelmChartContainer - [EVENT] Warning [Unhealthy] Readiness probe failed: HTTP probe failed with statuscode: 503 [helmcontainersecuritycontextupgradeplatformit:test-hivemq-platform-1]
2025-01-28 23:56:52,212 INFO c.h.h.t.HelmChartContainer - Received Unhealthy event for container hivemq in pod test-hivemq-platform-1 [07dfd0d6-fa3b-4542-871d-57f2e18e5c33]
2025-01-28 23:56:54,940 INFO c.h.h.t.HelmChartContainer - [test-hivemq-platform] [hivemq] [07dfd0d6] INFO  - [HiveMQ Platform Operator Init App 1.7.0-SNAPSHOT] Proceeding with container start
2025-01-28 23:56:54,943 INFO c.h.h.t.HelmChartContainer - [test-hivemq-platform] [hivemq] [07dfd0d6] INFO  - [HiveMQ Platform Operator Init App 1.7.0-SNAPSHOT] Initializing HiveMQ Platform extensions with initial configuration: {hivemq-allow-all-extension={start-priority=-1, skip-https-hostname-verification=false, restart=true, config-version=0, header-version=0, c-uri=, priority=-1, uri=preinstalled, skip-https-certificate-validation=false, enabled=true}, hivemq-prometheus-extension={start-priority=-1, c-uri=, skip-https-hostname-verification=false, skip-https-certificate-validation=false, uri=preinstalled, request-header-path=no-request-headers, enabled=true, restart=true, priority=-1}}
2025-01-28 23:56:55,262 INFO c.h.h.t.HelmChartContainer - [test-hivemq-platform] [hivemq] [07dfd0d6] INFO  - [HiveMQ Platform Operator Init App 1.7.0-SNAPSHOT] Extension hivemq-allow-all-extension was already enabled
2025-01-28 23:56:55,349 INFO c.h.h.t.HelmChartContainer - [test-hivemq-platform] [hivemq] [07dfd0d6] INFO  - [HiveMQ Platform Operator Init App 1.7.0-SNAPSHOT] Successfully enabled extension hivemq-prometheus-extension
2025-01-28 23:56:55,353 INFO c.h.h.t.HelmChartContainer - [test-hivemq-platform] [hivemq] [07dfd0d6] INFO  - [HiveMQ Platform Operator Init App 1.7.0-SNAPSHOT] Starting HiveMQ Platform version 4.36.0 (4.36.0)
2025-01-28 23:56:55,353 INFO c.h.h.t.HelmChartContainer - [test-hivemq-platform] [hivemq] [07dfd0d6] INFO  - [HiveMQ Platform Operator Init App 1.7.0-SNAPSHOT] Configuring the HiveMQ Platform
2025-01-28 23:56:55,442 INFO c.h.h.t.HelmChartContainer - [test-hivemq-platform] [hivemq] [07dfd0d6] INFO  - [HiveMQ Platform Operator Init App 1.7.0-SNAPSHOT] Changed logback.xml file scan period to 20 seconds
2025-01-28 23:56:55,452 INFO c.h.h.t.HelmChartContainer - [test-hivemq-platform] [hivemq] [07dfd0d6] INFO  - [HiveMQ Platform Operator Init App 1.7.0-SNAPSHOT] Starting the HiveMQ Platform
2025-01-28 23:56:55,455 INFO c.h.h.t.HelmChartContainer - [test-hivemq-platform] [hivemq] [07dfd0d6] -------------------------------------------------------------------------
2025-01-28 23:56:55,455 INFO c.h.h.t.HelmChartContainer - [test-hivemq-platform] [hivemq] [07dfd0d6] 
2025-01-28 23:56:55,455 INFO c.h.h.t.HelmChartContainer - [test-hivemq-platform] [hivemq] [07dfd0d6]                   _    _  _              __  __   ____
2025-01-28 23:56:55,455 INFO c.h.h.t.HelmChartContainer - [test-hivemq-platform] [hivemq] [07dfd0d6]                  | |  | |(_)            |  \/  | / __ \
2025-01-28 23:56:55,455 INFO c.h.h.t.HelmChartContainer - [test-hivemq-platform] [hivemq] [07dfd0d6]                  | |__| | _ __   __ ___ | \  / || |  | |
2025-01-28 23:56:55,455 INFO c.h.h.t.HelmChartContainer - [test-hivemq-platform] [hivemq] [07dfd0d6]                  |  __  || |\ \ / // _ \| |\/| || |  | |
2025-01-28 23:56:55,455 INFO c.h.h.t.HelmChartContainer - [test-hivemq-platform] [hivemq] [07dfd0d6]                  | |  | || | \ V /|  __/| |  | || |__| |
2025-01-28 23:56:55,455 INFO c.h.h.t.HelmChartContainer - [test-hivemq-platform] [hivemq] [07dfd0d6]                  |_|  |_||_|  \_/  \___||_|  |_| \___\_\
2025-01-28 23:56:55,455 INFO c.h.h.t.HelmChartContainer - [test-hivemq-platform] [hivemq] [07dfd0d6] 
2025-01-28 23:56:55,455 INFO c.h.h.t.HelmChartContainer - [test-hivemq-platform] [hivemq] [07dfd0d6] -------------------------------------------------------------------------
2025-01-28 23:56:55,455 INFO c.h.h.t.HelmChartContainer - [test-hivemq-platform] [hivemq] [07dfd0d6] 
2025-01-28 23:56:55,455 INFO c.h.h.t.HelmChartContainer - [test-hivemq-platform] [hivemq] [07dfd0d6]   HiveMQ Start Script for Linux/Unix v1.14
2025-01-28 23:56:55,455 INFO c.h.h.t.HelmChartContainer - [test-hivemq-platform] [hivemq] [07dfd0d6] 
2025-01-28 23:56:55,565 INFO c.h.h.t.HelmChartContainer - [test-hivemq-platform] [hivemq] [07dfd0d6] -------------------------------------------------------------------------
2025-01-28 23:56:55,566 INFO c.h.h.t.HelmChartContainer - [test-hivemq-platform] [hivemq] [07dfd0d6] 
2025-01-28 23:56:55,566 INFO c.h.h.t.HelmChartContainer - [test-hivemq-platform] [hivemq] [07dfd0d6]   HIVEMQ_HOME: /opt/hivemq
2025-01-28 23:56:55,566 INFO c.h.h.t.HelmChartContainer - [test-hivemq-platform] [hivemq] [07dfd0d6] 
2025-01-28 23:56:55,566 INFO c.h.h.t.HelmChartContainer - [test-hivemq-platform] [hivemq] [07dfd0d6]   JAVA_OPTS: -XX:+UnlockExperimentalVMOptions -XX:InitialRAMPercentage=50 -XX:MaxRAMPercentage=50 -Djava.net.preferIPv4Stack=true --add-opens java.base/java.lang=ALL-UNNAMED --add-opens java.base/java.nio=ALL-UNNAMED --add-opens java.base/sun.nio.ch=ALL-UNNAMED --add-opens jdk.management/com.sun.management.internal=ALL-UNNAMED --add-exports java.base/jdk.internal.misc=ALL-UNNAMED -Djava.security.egd=file:/dev/./urandom -Dcom.sun.management.jmxremote -Dcom.sun.management.jmxremote.port=9010 -Dcom.sun.management.jmxremote.local.only=false -Dcom.sun.management.jmxremote.authenticate=false -Dcom.sun.management.jmxremote.ssl=false -Duser.language=en -Duser.region=US -XX:+CrashOnOutOfMemoryError -XX:+HeapDumpOnOutOfMemoryError
2025-01-28 23:56:55,566 INFO c.h.h.t.HelmChartContainer - [test-hivemq-platform] [hivemq] [07dfd0d6] 
2025-01-28 23:56:55,566 INFO c.h.h.t.HelmChartContainer - [test-hivemq-platform] [hivemq] [07dfd0d6]   JAVA_VERSION: 21
2025-01-28 23:56:55,566 INFO c.h.h.t.HelmChartContainer - [test-hivemq-platform] [hivemq] [07dfd0d6] 
2025-01-28 23:56:55,566 INFO c.h.h.t.HelmChartContainer - [test-hivemq-platform] [hivemq] [07dfd0d6] -------------------------------------------------------------------------
2025-01-28 23:56:55,566 INFO c.h.h.t.HelmChartContainer - [test-hivemq-platform] [hivemq] [07dfd0d6] 
2025-01-28 23:56:57,241 INFO c.h.h.t.HelmChartContainer - [hivemq-test-hivemq-platform] [hivemq-platform-operator] [b936e29b] 23:56:57.238 [pool-6-thread-8] DEBUG c.h.p.o.dependants.PodInfoConfigMap - [helmcont] Desired PodInfo ConfigMap (1 extensions) (1 enabled)
2025-01-28 23:56:57,241 INFO c.h.h.t.HelmChartContainer - [hivemq-test-hivemq-platform] [hivemq-platform-operator] [b936e29b] 23:56:57.239 [pool-6-thread-8] DEBUG c.h.p.o.dependants.PodInfoConfigMap - [helmcont] Desired PodInfo ConfigMap (metrics port: 9399) (metrics path: /)
2025-01-28 23:56:57,241 INFO c.h.h.t.HelmChartContainer - [hivemq-test-hivemq-platform] [hivemq-platform-operator] [b936e29b] 23:56:57.239 [pool-6-thread-8] DEBUG c.h.p.o.dependants.PodInfoConfigMap - [helmcont] Desired PodInfo ConfigMap (extension state hash: -1817474005)
2025-01-28 23:56:57,241 INFO c.h.h.t.HelmChartContainer - [hivemq-test-hivemq-platform] [hivemq-platform-operator] [b936e29b] 23:56:57.239 [pool-6-thread-8] DEBUG c.h.p.o.d.PodServiceAccountResource - [helmcont] Desired PodServiceAccountResource (serviceAccountName: hivemq-platform-pod-test-hivemq-platform)
2025-01-28 23:56:57,243 INFO c.h.h.t.HelmChartContainer - [hivemq-test-hivemq-platform] [hivemq-platform-operator] [b936e29b] 23:56:57.238 [pool-6-thread-9] DEBUG c.h.p.o.d.PlatformServiceResource - [helmcont] Desired Platform services (3 services)
2025-01-28 23:56:57,246 INFO c.h.h.t.HelmChartContainer - [hivemq-test-hivemq-platform] [hivemq-platform-operator] [b936e29b] 23:56:57.245 [pool-6-thread-9] DEBUG c.h.p.o.d.StatefulSetResource - [helmcont] Desired StatefulSet (2 replicas) for status ROLLING_RESTART (SURGE_IN_PROGRESS)
2025-01-28 23:56:57,250 INFO c.h.h.t.HelmChartContainer - [hivemq-test-hivemq-platform] [hivemq-platform-operator] [b936e29b] 23:56:57.248 [ReconcilerExecutor-hivemq-controller-124] INFO  c.h.p.o.HiveMQPlatformReconciler - [helmcont] Reconciling HiveMQ Platform 'test-hivemq-platform' in namespace 'helmcontainersecuritycontextupgradeplatformit'
2025-01-28 23:56:57,250 INFO c.h.h.t.HelmChartContainer - [hivemq-test-hivemq-platform] [hivemq-platform-operator] [b936e29b] 23:56:57.248 [ReconcilerExecutor-hivemq-controller-124] DEBUG c.h.p.o.HiveMQPlatformReconciler - [helmcont] Custom Resource Status ROLLING_RESTART - HiveMQ Platform is starting a surge Pod (rolling restart) (SURGE_IN_PROGRESS)
2025-01-28 23:56:57,250 INFO c.h.h.t.HelmChartContainer - [hivemq-test-hivemq-platform] [hivemq-platform-operator] [b936e29b] 23:56:57.248 [ReconcilerExecutor-hivemq-controller-124] DEBUG c.h.p.o.HiveMQPlatformReconciler - [helmcont] Custom Resource Spec (replicas: 1) (extensions: 1)
2025-01-28 23:56:57,251 INFO c.h.h.t.HelmChartContainer - [hivemq-test-hivemq-platform] [hivemq-platform-operator] [b936e29b] 23:56:57.249 [ReconcilerExecutor-hivemq-controller-124] DEBUG c.h.p.o.HiveMQPlatformReconciler - [helmcont] StatefulSet Status (revision: test-hivemq-platform-85948b8786, replicas: 2, available: 1, ready: 1, current: 1, updated: 1)
2025-01-28 23:56:57,251 INFO c.h.h.t.HelmChartContainer - [hivemq-test-hivemq-platform] [hivemq-platform-operator] [b936e29b] 23:56:57.249 [ReconcilerExecutor-hivemq-controller-124] DEBUG c.h.p.o.HiveMQPlatformReconciler - [helmcont] StatefulSet Spec (replicas: 2, init containers: 1, containers: 1, volumes: 3)
2025-01-28 23:56:57,253 INFO c.h.h.t.HelmChartContainer - [hivemq-test-hivemq-platform] [hivemq-platform-operator] [b936e29b] 23:56:57.251 [ReconcilerExecutor-hivemq-controller-124] DEBUG c.h.p.o.h.HiveMQPlatformReconcilerErrorHandler - [helmcont] Pod 'test-hivemq-platform-1' phase Running
2025-01-28 23:56:57,253 INFO c.h.h.t.HelmChartContainer - [hivemq-test-hivemq-platform] [hivemq-platform-operator] [b936e29b] 23:56:57.252 [ReconcilerExecutor-hivemq-controller-124] DEBUG c.h.p.o.h.HiveMQPlatformReconcilerErrorHandler - [helmcont] Pod 'test-hivemq-platform-0' phase Running
2025-01-28 23:56:57,253 INFO c.h.h.t.HelmChartContainer - [hivemq-test-hivemq-platform] [hivemq-platform-operator] [b936e29b] 23:56:57.253 [ReconcilerExecutor-hivemq-controller-124] DEBUG c.h.p.o.h.HiveMQPlatformReconcilerRollingRestartHandler - [helmcont] Rolling restart is waiting for 1 of 2 replicas
2025-01-28 23:56:57,261 INFO c.h.h.t.HelmChartContainer - [EVENT] Warning [Unhealthy] Readiness probe failed: HTTP probe failed with statuscode: 503 [helmcontainersecuritycontextupgradeplatformit:test-hivemq-platform-1]
2025-01-28 23:56:57,261 INFO c.h.h.t.HelmChartContainer - Received Unhealthy event for container hivemq in pod test-hivemq-platform-1 [07dfd0d6-fa3b-4542-871d-57f2e18e5c33]
2025-01-28 23:56:58,042 INFO c.h.h.t.HelmChartContainer - [test-hivemq-platform] [hivemq] [07dfd0d6] INFO  - Starting HiveMQ Enterprise Server
2025-01-28 23:56:58,049 INFO c.h.h.t.HelmChartContainer - [test-hivemq-platform] [hivemq] [07dfd0d6] INFO  - HiveMQ version: 4.36.0
2025-01-28 23:56:58,050 INFO c.h.h.t.HelmChartContainer - [test-hivemq-platform] [hivemq] [07dfd0d6] INFO  - HiveMQ home directory: /opt/hivemq
2025-01-28 23:56:58,050 INFO c.h.h.t.HelmChartContainer - [test-hivemq-platform] [hivemq] [07dfd0d6] INFO  - Log Configuration was overridden by /opt/hivemq/conf/logback.xml
2025-01-28 23:56:59,201 INFO c.h.h.t.HelmChartContainer - [test-hivemq-platform] [hivemq] [07dfd0d6] INFO  - Successfully loaded configuration from '/opt/hivemq/conf-k8s/config.xml'.
2025-01-28 23:56:59,553 INFO c.h.h.t.HelmChartContainer - [test-hivemq-platform] [hivemq] [07dfd0d6] INFO  - This node's ID is x5kNS
2025-01-28 23:56:59,554 INFO c.h.h.t.HelmChartContainer - [test-hivemq-platform] [hivemq] [07dfd0d6] INFO  - Clustering is enabled
2025-01-28 23:57:02,542 INFO c.h.h.t.HelmChartContainer - [test-hivemq-platform] [hivemq] [07dfd0d6] WARN  - [HiveMQ Platform Operator Init App 1.7.0-SNAPSHOT] Cannot connect to Health API for readiness: null
2025-01-28 23:57:02,550 INFO c.h.h.t.HelmChartContainer - [EVENT] Warning [Unhealthy] Readiness probe failed: HTTP probe failed with statuscode: 503 [helmcontainersecuritycontextupgradeplatformit:test-hivemq-platform-1]
2025-01-28 23:57:02,550 INFO c.h.h.t.HelmChartContainer - Received Unhealthy event for container hivemq in pod test-hivemq-platform-1 [07dfd0d6-fa3b-4542-871d-57f2e18e5c33]
2025-01-28 23:57:04,141 INFO c.h.h.t.HelmChartContainer - [test-hivemq-platform] [hivemq] [07dfd0d6] WARN  - [HiveMQ Platform Operator Init App 1.7.0-SNAPSHOT] Cannot connect to Health API for liveness: null
2025-01-28 23:57:04,141 INFO c.h.h.t.HelmChartContainer - [test-hivemq-platform] [hivemq] [07dfd0d6] INFO  - [HiveMQ Platform Operator Init App 1.7.0-SNAPSHOT] Returning default Health API response 200 for liveness
2025-01-28 23:57:07,240 INFO c.h.h.t.HelmChartContainer - [test-hivemq-platform] [hivemq] [07dfd0d6] WARN  - [HiveMQ Platform Operator Init App 1.7.0-SNAPSHOT] Cannot connect to Health API for readiness: null
2025-01-28 23:57:07,245 INFO c.h.h.t.HelmChartContainer - [EVENT] Warning [Unhealthy] Readiness probe failed: HTTP probe failed with statuscode: 503 [helmcontainersecuritycontextupgradeplatformit:test-hivemq-platform-1]
2025-01-28 23:57:07,246 INFO c.h.h.t.HelmChartContainer - Received Unhealthy event for container hivemq in pod test-hivemq-platform-1 [07dfd0d6-fa3b-4542-871d-57f2e18e5c33]
2025-01-28 23:57:07,259 INFO c.h.h.t.HelmChartContainer - [hivemq-test-hivemq-platform] [hivemq-platform-operator] [b936e29b] 23:57:07.255 [pool-6-thread-18] DEBUG c.h.p.o.d.PlatformServiceResource - [helmcont] Desired Platform services (3 services)
2025-01-28 23:57:07,259 INFO c.h.h.t.HelmChartContainer - [hivemq-test-hivemq-platform] [hivemq-platform-operator] [b936e29b] 23:57:07.256 [pool-6-thread-12] DEBUG c.h.p.o.d.PodServiceAccountResource - [helmcont] Desired PodServiceAccountResource (serviceAccountName: hivemq-platform-pod-test-hivemq-platform)
2025-01-28 23:57:07,260 INFO c.h.h.t.HelmChartContainer - [hivemq-test-hivemq-platform] [hivemq-platform-operator] [b936e29b] 23:57:07.258 [pool-6-thread-19] DEBUG c.h.p.o.dependants.PodInfoConfigMap - [helmcont] Desired PodInfo ConfigMap (1 extensions) (1 enabled)
2025-01-28 23:57:07,260 INFO c.h.h.t.HelmChartContainer - [hivemq-test-hivemq-platform] [hivemq-platform-operator] [b936e29b] 23:57:07.258 [pool-6-thread-19] DEBUG c.h.p.o.dependants.PodInfoConfigMap - [helmcont] Desired PodInfo ConfigMap (metrics port: 9399) (metrics path: /)
2025-01-28 23:57:07,260 INFO c.h.h.t.HelmChartContainer - [hivemq-test-hivemq-platform] [hivemq-platform-operator] [b936e29b] 23:57:07.258 [pool-6-thread-19] DEBUG c.h.p.o.dependants.PodInfoConfigMap - [helmcont] Desired PodInfo ConfigMap (extension state hash: -1817474005)
2025-01-28 23:57:07,262 INFO c.h.h.t.HelmChartContainer - [hivemq-test-hivemq-platform] [hivemq-platform-operator] [b936e29b] 23:57:07.261 [pool-6-thread-18] DEBUG c.h.p.o.d.StatefulSetResource - [helmcont] Desired StatefulSet (2 replicas) for status ROLLING_RESTART (SURGE_IN_PROGRESS)
2025-01-28 23:57:07,264 INFO c.h.h.t.HelmChartContainer - [hivemq-test-hivemq-platform] [hivemq-platform-operator] [b936e29b] 23:57:07.264 [ReconcilerExecutor-hivemq-controller-125] INFO  c.h.p.o.HiveMQPlatformReconciler - [helmcont] Reconciling HiveMQ Platform 'test-hivemq-platform' in namespace 'helmcontainersecuritycontextupgradeplatformit'
2025-01-28 23:57:07,265 INFO c.h.h.t.HelmChartContainer - [hivemq-test-hivemq-platform] [hivemq-platform-operator] [b936e29b] 23:57:07.264 [ReconcilerExecutor-hivemq-controller-125] DEBUG c.h.p.o.HiveMQPlatformReconciler - [helmcont] Custom Resource Status ROLLING_RESTART - HiveMQ Platform is starting a surge Pod (rolling restart) (SURGE_IN_PROGRESS)
2025-01-28 23:57:07,265 INFO c.h.h.t.HelmChartContainer - [hivemq-test-hivemq-platform] [hivemq-platform-operator] [b936e29b] 23:57:07.264 [ReconcilerExecutor-hivemq-controller-125] DEBUG c.h.p.o.HiveMQPlatformReconciler - [helmcont] Custom Resource Spec (replicas: 1) (extensions: 1)
2025-01-28 23:57:07,266 INFO c.h.h.t.HelmChartContainer - [hivemq-test-hivemq-platform] [hivemq-platform-operator] [b936e29b] 23:57:07.265 [ReconcilerExecutor-hivemq-controller-125] DEBUG c.h.p.o.HiveMQPlatformReconciler - [helmcont] StatefulSet Status (revision: test-hivemq-platform-85948b8786, replicas: 2, available: 1, ready: 1, current: 1, updated: 1)
2025-01-28 23:57:07,266 INFO c.h.h.t.HelmChartContainer - [hivemq-test-hivemq-platform] [hivemq-platform-operator] [b936e29b] 23:57:07.265 [ReconcilerExecutor-hivemq-controller-125] DEBUG c.h.p.o.HiveMQPlatformReconciler - [helmcont] StatefulSet Spec (replicas: 2, init containers: 1, containers: 1, volumes: 3)
2025-01-28 23:57:07,267 INFO c.h.h.t.HelmChartContainer - [hivemq-test-hivemq-platform] [hivemq-platform-operator] [b936e29b] 23:57:07.266 [ReconcilerExecutor-hivemq-controller-125] DEBUG c.h.p.o.h.HiveMQPlatformReconcilerErrorHandler - [helmcont] Pod 'test-hivemq-platform-1' phase Running
2025-01-28 23:57:07,268 INFO c.h.h.t.HelmChartContainer - [hivemq-test-hivemq-platform] [hivemq-platform-operator] [b936e29b] 23:57:07.267 [ReconcilerExecutor-hivemq-controller-125] DEBUG c.h.p.o.h.HiveMQPlatformReconcilerErrorHandler - [helmcont] Pod 'test-hivemq-platform-0' phase Running
2025-01-28 23:57:07,269 INFO c.h.h.t.HelmChartContainer - [hivemq-test-hivemq-platform] [hivemq-platform-operator] [b936e29b] 23:57:07.268 [ReconcilerExecutor-hivemq-controller-125] DEBUG c.h.p.o.h.HiveMQPlatformReconcilerRollingRestartHandler - [helmcont] Rolling restart is waiting for 1 of 2 replicas
2025-01-28 23:57:12,115 INFO c.h.h.t.HelmChartContainer - [K3S] [range_allocator.go:247] "Successfully synced" key="0c997a873dc5"
2025-01-28 23:57:12,299 INFO c.h.h.t.HelmChartContainer - [test-hivemq-platform] [hivemq] [07dfd0d6] WARN  - [HiveMQ Platform Operator Init App 1.7.0-SNAPSHOT] Cannot connect to Health API for readiness: null
2025-01-28 23:57:12,303 INFO c.h.h.t.HelmChartContainer - [EVENT] Warning [Unhealthy] Readiness probe failed: HTTP probe failed with statuscode: 503 [helmcontainersecuritycontextupgradeplatformit:test-hivemq-platform-1]
2025-01-28 23:57:12,303 INFO c.h.h.t.HelmChartContainer - Received Unhealthy event for container hivemq in pod test-hivemq-platform-1 [07dfd0d6-fa3b-4542-871d-57f2e18e5c33]
2025-01-28 23:57:12,840 INFO c.h.h.t.HelmChartContainer - [test-hivemq-platform] [hivemq] [07dfd0d6] INFO  - No valid license file found. Using trial license, restricted to 25 connections.
2025-01-28 23:57:15,513 INFO c.h.h.t.HelmChartContainer - [test-hivemq-platform] [hivemq] [07dfd0d6] INFO  - No valid license file for Data Hub found. Using free license, restricted to 1 policy.
2025-01-28 23:57:16,609 INFO c.h.h.t.HelmChartContainer - [test-hivemq-platform] [hivemq] [07dfd0d6] INFO  - Audit Logger started.
2025-01-28 23:57:16,845 INFO c.h.h.t.HelmChartContainer - [test-hivemq-platform] [hivemq] [07dfd0d6] INFO  - This node uses '1' CPU cores.
2025-01-28 23:57:16,901 INFO c.h.h.t.HelmChartContainer - [test-hivemq-platform] [hivemq] [07dfd0d6] INFO  - Starting HiveMQ Health API on address 0.0.0.0 and port 8889
2025-01-28 23:57:17,240 INFO c.h.h.t.HelmChartContainer - [test-hivemq-platform] [hivemq] [07dfd0d6] WARN  - [HiveMQ Platform Operator Init App 1.7.0-SNAPSHOT] Cannot connect to Health API for readiness: null
2025-01-28 23:57:17,245 INFO c.h.h.t.HelmChartContainer - [EVENT] Warning [Unhealthy] Readiness probe failed: HTTP probe failed with statuscode: 503 [helmcontainersecuritycontextupgradeplatformit:test-hivemq-platform-1]
2025-01-28 23:57:17,245 INFO c.h.h.t.HelmChartContainer - Received Unhealthy event for container hivemq in pod test-hivemq-platform-1 [07dfd0d6-fa3b-4542-871d-57f2e18e5c33]
2025-01-28 23:57:17,275 INFO c.h.h.t.HelmChartContainer - [hivemq-test-hivemq-platform] [hivemq-platform-operator] [b936e29b] 23:57:17.271 [pool-6-thread-30] DEBUG c.h.p.o.d.PlatformServiceResource - [helmcont] Desired Platform services (3 services)
2025-01-28 23:57:17,275 INFO c.h.h.t.HelmChartContainer - [hivemq-test-hivemq-platform] [hivemq-platform-operator] [b936e29b] 23:57:17.271 [pool-6-thread-29] DEBUG c.h.p.o.dependants.PodInfoConfigMap - [helmcont] Desired PodInfo ConfigMap (1 extensions) (1 enabled)
2025-01-28 23:57:17,275 INFO c.h.h.t.HelmChartContainer - [hivemq-test-hivemq-platform] [hivemq-platform-operator] [b936e29b] 23:57:17.272 [pool-6-thread-29] DEBUG c.h.p.o.dependants.PodInfoConfigMap - [helmcont] Desired PodInfo ConfigMap (metrics port: 9399) (metrics path: /)
2025-01-28 23:57:17,275 INFO c.h.h.t.HelmChartContainer - [hivemq-test-hivemq-platform] [hivemq-platform-operator] [b936e29b] 23:57:17.272 [pool-6-thread-29] DEBUG c.h.p.o.dependants.PodInfoConfigMap - [helmcont] Desired PodInfo ConfigMap (extension state hash: -1817474005)
2025-01-28 23:57:17,275 INFO c.h.h.t.HelmChartContainer - [hivemq-test-hivemq-platform] [hivemq-platform-operator] [b936e29b] 23:57:17.273 [pool-6-thread-24] DEBUG c.h.p.o.d.PodServiceAccountResource - [helmcont] Desired PodServiceAccountResource (serviceAccountName: hivemq-platform-pod-test-hivemq-platform)
2025-01-28 23:57:17,277 INFO c.h.h.t.HelmChartContainer - [hivemq-test-hivemq-platform] [hivemq-platform-operator] [b936e29b] 23:57:17.275 [pool-6-thread-30] DEBUG c.h.p.o.d.StatefulSetResource - [helmcont] Desired StatefulSet (2 replicas) for status ROLLING_RESTART (SURGE_IN_PROGRESS)
2025-01-28 23:57:17,282 INFO c.h.h.t.HelmChartContainer - [hivemq-test-hivemq-platform] [hivemq-platform-operator] [b936e29b] 23:57:17.279 [ReconcilerExecutor-hivemq-controller-126] INFO  c.h.p.o.HiveMQPlatformReconciler - [helmcont] Reconciling HiveMQ Platform 'test-hivemq-platform' in namespace 'helmcontainersecuritycontextupgradeplatformit'
2025-01-28 23:57:17,285 INFO c.h.h.t.HelmChartContainer - [hivemq-test-hivemq-platform] [hivemq-platform-operator] [b936e29b] 23:57:17.279 [ReconcilerExecutor-hivemq-controller-126] DEBUG c.h.p.o.HiveMQPlatformReconciler - [helmcont] Custom Resource Status ROLLING_RESTART - HiveMQ Platform is starting a surge Pod (rolling restart) (SURGE_IN_PROGRESS)
2025-01-28 23:57:17,285 INFO c.h.h.t.HelmChartContainer - [hivemq-test-hivemq-platform] [hivemq-platform-operator] [b936e29b] 23:57:17.279 [ReconcilerExecutor-hivemq-controller-126] DEBUG c.h.p.o.HiveMQPlatformReconciler - [helmcont] Custom Resource Spec (replicas: 1) (extensions: 1)
2025-01-28 23:57:17,285 INFO c.h.h.t.HelmChartContainer - [hivemq-test-hivemq-platform] [hivemq-platform-operator] [b936e29b] 23:57:17.280 [ReconcilerExecutor-hivemq-controller-126] DEBUG c.h.p.o.HiveMQPlatformReconciler - [helmcont] StatefulSet Status (revision: test-hivemq-platform-85948b8786, replicas: 2, available: 1, ready: 1, current: 1, updated: 1)
2025-01-28 23:57:17,285 INFO c.h.h.t.HelmChartContainer - [hivemq-test-hivemq-platform] [hivemq-platform-operator] [b936e29b] 23:57:17.280 [ReconcilerExecutor-hivemq-controller-126] DEBUG c.h.p.o.HiveMQPlatformReconciler - [helmcont] StatefulSet Spec (replicas: 2, init containers: 1, containers: 1, volumes: 3)
2025-01-28 23:57:17,285 INFO c.h.h.t.HelmChartContainer - [hivemq-test-hivemq-platform] [hivemq-platform-operator] [b936e29b] 23:57:17.281 [ReconcilerExecutor-hivemq-controller-126] DEBUG c.h.p.o.h.HiveMQPlatformReconcilerErrorHandler - [helmcont] Pod 'test-hivemq-platform-1' phase Running
2025-01-28 23:57:17,285 INFO c.h.h.t.HelmChartContainer - [hivemq-test-hivemq-platform] [hivemq-platform-operator] [b936e29b] 23:57:17.282 [ReconcilerExecutor-hivemq-controller-126] DEBUG c.h.p.o.h.HiveMQPlatformReconcilerErrorHandler - [helmcont] Pod 'test-hivemq-platform-0' phase Running
2025-01-28 23:57:17,285 INFO c.h.h.t.HelmChartContainer - [hivemq-test-hivemq-platform] [hivemq-platform-operator] [b936e29b] 23:57:17.283 [ReconcilerExecutor-hivemq-controller-126] DEBUG c.h.p.o.h.HiveMQPlatformReconcilerRollingRestartHandler - [helmcont] Rolling restart is waiting for 1 of 2 replicas
2025-01-28 23:57:17,708 INFO c.h.h.t.HelmChartContainer - [test-hivemq-platform] [hivemq] [07dfd0d6] INFO  - Started HiveMQ Health API in 806ms
2025-01-28 23:57:18,407 INFO c.h.h.t.HelmChartContainer - [test-hivemq-platform] [hivemq] [07dfd0d6] INFO  - Starting HiveMQ extension system.
2025-01-28 23:57:18,703 INFO c.h.h.t.HelmChartContainer - [test-hivemq-platform] [hivemq] [07dfd0d6] INFO  - Starting extension with id "hivemq-dns-cluster-discovery" at /opt/hivemq/extensions/hivemq-dns-cluster-discovery
2025-01-28 23:57:19,102 INFO c.h.h.t.HelmChartContainer - [test-hivemq-platform] [hivemq] [07dfd0d6] INFO  - Extension "DNS Cluster Discovery Extension" version 4.3.2 started successfully.
2025-01-28 23:57:19,102 INFO c.h.h.t.HelmChartContainer - [test-hivemq-platform] [hivemq] [07dfd0d6] INFO  - Starting extension with id "hivemq-prometheus-extension" at /opt/hivemq/extensions/hivemq-prometheus-extension
2025-01-28 23:57:19,302 INFO c.h.h.t.HelmChartContainer - [test-hivemq-platform] [hivemq] [07dfd0d6] INFO  - Using TCP cluster transport on address 10.42.0.11 and port 7000
2025-01-28 23:57:19,402 INFO c.h.h.t.HelmChartContainer - [test-hivemq-platform] [hivemq] [07dfd0d6] INFO  - Using extension cluster discovery
2025-01-28 23:57:20,344 INFO c.h.h.t.HelmChartContainer - [test-hivemq-platform] [hivemq] [561b81a0] INFO  - Cluster nodes found by discovery: [g1y3t|1] (2) [g1y3t, x5kNS].
2025-01-28 23:57:20,408 INFO c.h.h.t.HelmChartContainer - [test-hivemq-platform] [hivemq] [07dfd0d6] INFO  - Cluster nodes found by discovery: [g1y3t|1] (2) [g1y3t, x5kNS].
2025-01-28 23:57:20,511 INFO c.h.h.t.HelmChartContainer - [test-hivemq-platform] [hivemq] [07dfd0d6] INFO  - Started Jetty Server exposing Prometheus Servlet on URI http://0.0.0.0:9399/
2025-01-28 23:57:20,511 INFO c.h.h.t.HelmChartContainer - [test-hivemq-platform] [hivemq] [07dfd0d6] INFO  - Extension "Prometheus Monitoring Extension" version 4.0.12 started successfully.
2025-01-28 23:57:20,511 INFO c.h.h.t.HelmChartContainer - [test-hivemq-platform] [hivemq] [07dfd0d6] INFO  - Starting extension with id "hivemq-allow-all-extension" at /opt/hivemq/extensions/hivemq-allow-all-extension
2025-01-28 23:57:20,512 INFO c.h.h.t.HelmChartContainer - [test-hivemq-platform] [hivemq] [07dfd0d6] WARN  - 
2025-01-28 23:57:20,512 INFO c.h.h.t.HelmChartContainer - [test-hivemq-platform] [hivemq] [07dfd0d6] ################################################################################################################
2025-01-28 23:57:20,512 INFO c.h.h.t.HelmChartContainer - [test-hivemq-platform] [hivemq] [07dfd0d6] # This HiveMQ deployment is not secure! You are lacking Authentication and Authorization.                      #
2025-01-28 23:57:20,512 INFO c.h.h.t.HelmChartContainer - [test-hivemq-platform] [hivemq] [07dfd0d6] # Right now any MQTT client can connect to the broker with a full set of permissions.                          #
2025-01-28 23:57:20,512 INFO c.h.h.t.HelmChartContainer - [test-hivemq-platform] [hivemq] [07dfd0d6] # For production usage, add an appropriate security extension and remove the hivemq-allow-all extension.       #
2025-01-28 23:57:20,512 INFO c.h.h.t.HelmChartContainer - [test-hivemq-platform] [hivemq] [07dfd0d6] # You can download security extensions from the HiveMQ Marketplace (https://www.hivemq.com/extensions/).       #
2025-01-28 23:57:20,512 INFO c.h.h.t.HelmChartContainer - [test-hivemq-platform] [hivemq] [07dfd0d6] ################################################################################################################
2025-01-28 23:57:20,540 INFO c.h.h.t.HelmChartContainer - [test-hivemq-platform] [hivemq] [07dfd0d6] INFO  - Extension "Allow All Extension" version 1.1.1 started successfully.
2025-01-28 23:57:20,609 INFO c.h.h.t.HelmChartContainer - [test-hivemq-platform] [hivemq] [07dfd0d6] INFO  - Cluster size = 1, members : [g1y3t].
2025-01-28 23:57:20,989 INFO c.h.h.t.HelmChartContainer - [test-hivemq-platform] [hivemq] [07dfd0d6] INFO  - Starting cluster join process. This may take a while. Please do not shut down HiveMQ.
2025-01-28 23:57:20,998 INFO c.h.h.t.HelmChartContainer - [test-hivemq-platform] [hivemq] [07dfd0d6] INFO  - Cluster join process is still ongoing. Please do not shut down HiveMQ.
2025-01-28 23:57:22,703 INFO c.h.h.t.HelmChartContainer - [test-hivemq-platform] [hivemq] [07dfd0d6] INFO  - [HiveMQ Platform Operator Init App 1.7.0-SNAPSHOT] Returning Health API response 503 for readiness
2025-01-28 23:57:22,708 INFO c.h.h.t.HelmChartContainer - [EVENT] Warning [Unhealthy] Readiness probe failed: HTTP probe failed with statuscode: 503 [helmcontainersecuritycontextupgradeplatformit:test-hivemq-platform-1]
2025-01-28 23:57:22,708 INFO c.h.h.t.HelmChartContainer - Received Unhealthy event for container hivemq in pod test-hivemq-platform-1 [07dfd0d6-fa3b-4542-871d-57f2e18e5c33]
2025-01-28 23:57:23,002 INFO c.h.h.t.HelmChartContainer - [test-hivemq-platform] [hivemq] [561b81a0] INFO  - Cluster size = 2, members : [g1y3t, x5kNS].
2025-01-28 23:57:23,011 INFO c.h.h.t.HelmChartContainer - [test-hivemq-platform] [hivemq] [07dfd0d6] INFO  - Cluster size = 2, members : [g1y3t, x5kNS].
2025-01-28 23:57:23,099 INFO c.h.h.t.HelmChartContainer - [test-hivemq-platform] [hivemq] [07dfd0d6] INFO  - Finished cluster join process successfully.
2025-01-28 23:57:23,100 INFO c.h.h.t.HelmChartContainer - [test-hivemq-platform] [hivemq] [07dfd0d6] WARN  - No user for HiveMQ Control Center configured. Starting with default user
2025-01-28 23:57:23,100 INFO c.h.h.t.HelmChartContainer - [test-hivemq-platform] [hivemq] [07dfd0d6] INFO  - Starting HiveMQ Control Center on address 0.0.0.0 and port 8080
2025-01-28 23:57:23,113 INFO c.h.h.t.HelmChartContainer - [test-hivemq-platform] [hivemq] [07dfd0d6] INFO  - Mounting HiveMQ Control Center V2 Preview
2025-01-28 23:57:23,706 INFO c.h.h.t.HelmChartContainer - [test-hivemq-platform] [hivemq] [07dfd0d6] INFO  - Started HiveMQ Control Center in 606ms
2025-01-28 23:57:23,720 INFO c.h.h.t.HelmChartContainer - [test-hivemq-platform] [hivemq] [07dfd0d6] INFO  - Starting TCP listener on address 0.0.0.0 and port 1884
2025-01-28 23:57:23,810 INFO c.h.h.t.HelmChartContainer - [test-hivemq-platform] [hivemq] [07dfd0d6] INFO  - Started TCP Listener on address 0.0.0.0 and on port 1884.
2025-01-28 23:57:23,810 INFO c.h.h.t.HelmChartContainer - [test-hivemq-platform] [hivemq] [07dfd0d6] INFO  - Started HiveMQ in 26160ms
2025-01-28 23:57:27,212 INFO c.h.h.t.HelmChartContainer - [test-hivemq-platform] [hivemq] [07dfd0d6] INFO  - [HiveMQ Platform Operator Init App 1.7.0-SNAPSHOT] Returning Health API response 200 for readiness
2025-01-28 23:57:27,225 INFO c.h.h.t.HelmChartContainer - [POD] test-hivemq-platform-1 [07dfd0d6-fa3b-4542-871d-57f2e18e5c33] in helmcontainersecuritycontextupgradeplatformit was MODIFIED
2025-01-28 23:57:27,231 INFO c.h.h.t.HelmChartContainer - [hivemq-test-hivemq-platform] [hivemq-platform-operator] [b936e29b] 23:57:27.227 [pool-6-thread-31] DEBUG c.h.p.o.d.PlatformServiceResource - [helmcont] Desired Platform services (3 services)
2025-01-28 23:57:27,231 INFO c.h.h.t.HelmChartContainer - [hivemq-test-hivemq-platform] [hivemq-platform-operator] [b936e29b] 23:57:27.230 [pool-6-thread-31] DEBUG c.h.p.o.dependants.PodInfoConfigMap - [helmcont] Desired PodInfo ConfigMap (1 extensions) (1 enabled)
2025-01-28 23:57:27,231 INFO c.h.h.t.HelmChartContainer - [hivemq-test-hivemq-platform] [hivemq-platform-operator] [b936e29b] 23:57:27.230 [pool-6-thread-31] DEBUG c.h.p.o.dependants.PodInfoConfigMap - [helmcont] Desired PodInfo ConfigMap (metrics port: 9399) (metrics path: /)
2025-01-28 23:57:27,231 INFO c.h.h.t.HelmChartContainer - [hivemq-test-hivemq-platform] [hivemq-platform-operator] [b936e29b] 23:57:27.230 [pool-6-thread-31] DEBUG c.h.p.o.dependants.PodInfoConfigMap - [helmcont] Desired PodInfo ConfigMap (extension state hash: -1817474005)
2025-01-28 23:57:27,239 INFO c.h.h.t.HelmChartContainer - [hivemq-test-hivemq-platform] [hivemq-platform-operator] [b936e29b] 23:57:27.232 [pool-6-thread-31] DEBUG c.h.p.o.d.PodServiceAccountResource - [helmcont] Desired PodServiceAccountResource (serviceAccountName: hivemq-platform-pod-test-hivemq-platform)
2025-01-28 23:57:27,239 INFO c.h.h.t.HelmChartContainer - [hivemq-test-hivemq-platform] [hivemq-platform-operator] [b936e29b] 23:57:27.235 [pool-6-thread-31] DEBUG c.h.p.o.d.StatefulSetResource - [helmcont] Desired StatefulSet (2 replicas) for status ROLLING_RESTART (SURGE_IN_PROGRESS)
2025-01-28 23:57:27,239 INFO c.h.h.t.HelmChartContainer - [hivemq-test-hivemq-platform] [hivemq-platform-operator] [b936e29b] 23:57:27.237 [ReconcilerExecutor-hivemq-controller-127] INFO  c.h.p.o.HiveMQPlatformReconciler - [helmcont] Reconciling HiveMQ Platform 'test-hivemq-platform' in namespace 'helmcontainersecuritycontextupgradeplatformit'
2025-01-28 23:57:27,239 INFO c.h.h.t.HelmChartContainer - [hivemq-test-hivemq-platform] [hivemq-platform-operator] [b936e29b] 23:57:27.237 [ReconcilerExecutor-hivemq-controller-127] DEBUG c.h.p.o.HiveMQPlatformReconciler - [helmcont] Custom Resource Status ROLLING_RESTART - HiveMQ Platform is starting a surge Pod (rolling restart) (SURGE_IN_PROGRESS)
2025-01-28 23:57:27,239 INFO c.h.h.t.HelmChartContainer - [hivemq-test-hivemq-platform] [hivemq-platform-operator] [b936e29b] 23:57:27.237 [ReconcilerExecutor-hivemq-controller-127] DEBUG c.h.p.o.HiveMQPlatformReconciler - [helmcont] Custom Resource Spec (replicas: 1) (extensions: 1)
2025-01-28 23:57:27,253 INFO c.h.h.t.HelmChartContainer - [hivemq-test-hivemq-platform] [hivemq-platform-operator] [b936e29b] 23:57:27.238 [ReconcilerExecutor-hivemq-controller-127] DEBUG c.h.p.o.HiveMQPlatformReconciler - [helmcont] StatefulSet Status (revision: test-hivemq-platform-85948b8786, replicas: 2, available: 1, ready: 1, current: 1, updated: 1)
2025-01-28 23:57:27,265 INFO c.h.h.t.HelmChartContainer - [hivemq-test-hivemq-platform] [hivemq-platform-operator] [b936e29b] 23:57:27.238 [ReconcilerExecutor-hivemq-controller-127] DEBUG c.h.p.o.HiveMQPlatformReconciler - [helmcont] StatefulSet Spec (replicas: 2, init containers: 1, containers: 1, volumes: 3)
2025-01-28 23:57:27,265 INFO c.h.h.t.HelmChartContainer - [hivemq-test-hivemq-platform] [hivemq-platform-operator] [b936e29b] 23:57:27.239 [ReconcilerExecutor-hivemq-controller-127] DEBUG c.h.p.o.h.HiveMQPlatformReconcilerErrorHandler - [helmcont] Pod 'test-hivemq-platform-1' phase Running
2025-01-28 23:57:27,265 INFO c.h.h.t.HelmChartContainer - [hivemq-test-hivemq-platform] [hivemq-platform-operator] [b936e29b] 23:57:27.242 [ReconcilerExecutor-hivemq-controller-127] DEBUG c.h.p.o.h.HiveMQPlatformReconcilerErrorHandler - [helmcont] Pod 'test-hivemq-platform-0' phase Running
2025-01-28 23:57:27,265 INFO c.h.h.t.HelmChartContainer - [hivemq-test-hivemq-platform] [hivemq-platform-operator] [b936e29b] 23:57:27.243 [ReconcilerExecutor-hivemq-controller-127] DEBUG c.h.p.o.h.HiveMQPlatformReconcilerRollingRestartHandler - [helmcont] Rolling restart is waiting for 1 of 2 replicas
2025-01-28 23:57:27,332 INFO c.h.h.t.HelmChartContainer - [hivemq-test-hivemq-platform] [hivemq-platform-operator] [b936e29b] 23:57:27.329 [pool-6-thread-43] DEBUG c.h.p.o.dependants.PodInfoConfigMap - [helmcont] Desired PodInfo ConfigMap (1 extensions) (1 enabled)
2025-01-28 23:57:27,332 INFO c.h.h.t.HelmChartContainer - [hivemq-test-hivemq-platform] [hivemq-platform-operator] [b936e29b] 23:57:27.329 [pool-6-thread-43] DEBUG c.h.p.o.dependants.PodInfoConfigMap - [helmcont] Desired PodInfo ConfigMap (metrics port: 9399) (metrics path: /)
2025-01-28 23:57:27,332 INFO c.h.h.t.HelmChartContainer - [hivemq-test-hivemq-platform] [hivemq-platform-operator] [b936e29b] 23:57:27.329 [pool-6-thread-43] DEBUG c.h.p.o.dependants.PodInfoConfigMap - [helmcont] Desired PodInfo ConfigMap (extension state hash: -1817474005)
2025-01-28 23:57:27,332 INFO c.h.h.t.HelmChartContainer - [hivemq-test-hivemq-platform] [hivemq-platform-operator] [b936e29b] 23:57:27.330 [pool-6-thread-50] DEBUG c.h.p.o.d.PodServiceAccountResource - [helmcont] Desired PodServiceAccountResource (serviceAccountName: hivemq-platform-pod-test-hivemq-platform)
2025-01-28 23:57:27,332 INFO c.h.h.t.HelmChartContainer - [hivemq-test-hivemq-platform] [hivemq-platform-operator] [b936e29b] 23:57:27.331 [pool-6-thread-42] DEBUG c.h.p.o.d.PlatformServiceResource - [helmcont] Desired Platform services (3 services)
2025-01-28 23:57:27,336 INFO c.h.h.t.HelmChartContainer - [hivemq-test-hivemq-platform] [hivemq-platform-operator] [b936e29b] 23:57:27.335 [pool-6-thread-42] DEBUG c.h.p.o.d.StatefulSetResource - [helmcont] Desired StatefulSet (2 replicas) for status ROLLING_RESTART (SURGE_IN_PROGRESS)
2025-01-28 23:57:27,339 INFO c.h.h.t.HelmChartContainer - [hivemq-test-hivemq-platform] [hivemq-platform-operator] [b936e29b] 23:57:27.337 [ReconcilerExecutor-hivemq-controller-128] INFO  c.h.p.o.HiveMQPlatformReconciler - [helmcont] Reconciling HiveMQ Platform 'test-hivemq-platform' in namespace 'helmcontainersecuritycontextupgradeplatformit'
2025-01-28 23:57:27,339 INFO c.h.h.t.HelmChartContainer - [hivemq-test-hivemq-platform] [hivemq-platform-operator] [b936e29b] 23:57:27.337 [ReconcilerExecutor-hivemq-controller-128] DEBUG c.h.p.o.HiveMQPlatformReconciler - [helmcont] Custom Resource Status ROLLING_RESTART - HiveMQ Platform is starting a surge Pod (rolling restart) (SURGE_IN_PROGRESS)
2025-01-28 23:57:27,339 INFO c.h.h.t.HelmChartContainer - [hivemq-test-hivemq-platform] [hivemq-platform-operator] [b936e29b] 23:57:27.337 [ReconcilerExecutor-hivemq-controller-128] DEBUG c.h.p.o.HiveMQPlatformReconciler - [helmcont] Custom Resource Spec (replicas: 1) (extensions: 1)
2025-01-28 23:57:27,339 INFO c.h.h.t.HelmChartContainer - [hivemq-test-hivemq-platform] [hivemq-platform-operator] [b936e29b] 23:57:27.339 [ReconcilerExecutor-hivemq-controller-128] DEBUG c.h.p.o.HiveMQPlatformReconciler - [helmcont] StatefulSet Status (revision: test-hivemq-platform-85948b8786, replicas: 2, available: 2, ready: 2, current: 1, updated: 1)
2025-01-28 23:57:27,339 INFO c.h.h.t.HelmChartContainer - [hivemq-test-hivemq-platform] [hivemq-platform-operator] [b936e29b] 23:57:27.339 [ReconcilerExecutor-hivemq-controller-128] DEBUG c.h.p.o.HiveMQPlatformReconciler - [helmcont] StatefulSet Spec (replicas: 2, init containers: 1, containers: 1, volumes: 3)
2025-01-28 23:57:27,341 INFO c.h.h.t.HelmChartContainer - [hivemq-test-hivemq-platform] [hivemq-platform-operator] [b936e29b] 23:57:27.340 [ReconcilerExecutor-hivemq-controller-128] DEBUG c.h.p.o.h.HiveMQPlatformReconcilerErrorHandler - [helmcont] Pod 'test-hivemq-platform-1' phase Running
2025-01-28 23:57:27,342 INFO c.h.h.t.HelmChartContainer - [hivemq-test-hivemq-platform] [hivemq-platform-operator] [b936e29b] 23:57:27.341 [ReconcilerExecutor-hivemq-controller-128] DEBUG c.h.p.o.h.HiveMQPlatformReconcilerErrorHandler - [helmcont] Pod 'test-hivemq-platform-0' phase Running
2025-01-28 23:57:27,343 INFO c.h.h.t.HelmChartContainer - [hivemq-test-hivemq-platform] [hivemq-platform-operator] [b936e29b] 23:57:27.342 [ReconcilerExecutor-hivemq-controller-128] INFO  c.h.p.o.h.HiveMQPlatformReconcilerRollingRestartHandler - [helmcont] Surge Pod started successfully
2025-01-28 23:57:27,441 INFO c.h.h.t.HelmChartContainer - [hivemq-test-hivemq-platform] [hivemq-platform-operator] [b936e29b] 23:57:27.440 [ReconcilerExecutor-hivemq-controller-128] DEBUG c.h.p.operator.event.EventSender - [helmcont] Creating K8s event rolling-restart-surge-in-progress: [RollingRestart] HiveMQ Platform is restarting Pods (rolling restart)
2025-01-28 23:57:27,450 INFO c.h.h.t.HelmChartContainer - [EVENT] Normal [RollingRestart] HiveMQ Platform is restarting Pods (rolling restart) [helmcontainersecuritycontextupgradeplatformit:test-hivemq-platform]
2025-01-28 23:57:27,471 INFO c.h.h.t.HelmChartContainer - [hivemq-test-hivemq-platform] [hivemq-platform-operator] [b936e29b] 23:57:27.467 [ReconcilerExecutor-hivemq-controller-128] INFO  c.h.p.o.h.AbstractHiveMQReconcilerStateHandler - [helmcont] Update HiveMQ Platform Status (ROLLING_RESTART [SURGE_IN_PROGRESS] -> ROLLING_RESTART [RESTART_PODS_IN_PROGRESS]): HiveMQ Platform is restarting Pods (rolling restart)
2025-01-28 23:57:27,537 DEBUG com.hivemq.helmcharts.util.K8sUtil - Comparing actual state 'ROLLING_RESTART' and waiting for 'RUNNING'
2025-01-28 23:57:34,110 INFO c.h.h.t.HelmChartContainer - [test-hivemq-platform] [hivemq] [07dfd0d6] INFO  - [HiveMQ Platform Operator Init App 1.7.0-SNAPSHOT] Returning Health API response 200 for liveness
2025-01-28 23:57:37,567 INFO c.h.h.t.HelmChartContainer - [hivemq-test-hivemq-platform] [hivemq-platform-operator] [b936e29b] 23:57:37.565 [pool-6-thread-3] DEBUG c.h.p.o.d.PlatformServiceResource - [helmcont] Desired Platform services (3 services)
2025-01-28 23:57:37,568 INFO c.h.h.t.HelmChartContainer - [hivemq-test-hivemq-platform] [hivemq-platform-operator] [b936e29b] 23:57:37.567 [pool-6-thread-1] DEBUG c.h.p.o.dependants.PodInfoConfigMap - [helmcont] Desired PodInfo ConfigMap (1 extensions) (1 enabled)
2025-01-28 23:57:37,570 INFO c.h.h.t.HelmChartContainer - [hivemq-test-hivemq-platform] [hivemq-platform-operator] [b936e29b] 23:57:37.567 [pool-6-thread-1] DEBUG c.h.p.o.dependants.PodInfoConfigMap - [helmcont] Desired PodInfo ConfigMap (metrics port: 9399) (metrics path: /)
2025-01-28 23:57:37,570 INFO c.h.h.t.HelmChartContainer - [hivemq-test-hivemq-platform] [hivemq-platform-operator] [b936e29b] 23:57:37.567 [pool-6-thread-1] DEBUG c.h.p.o.dependants.PodInfoConfigMap - [helmcont] Desired PodInfo ConfigMap (extension state hash: -1817474005)
2025-01-28 23:57:37,570 INFO c.h.h.t.HelmChartContainer - [hivemq-test-hivemq-platform] [hivemq-platform-operator] [b936e29b] 23:57:37.568 [pool-6-thread-10] DEBUG c.h.p.o.d.PodServiceAccountResource - [helmcont] Desired PodServiceAccountResource (serviceAccountName: hivemq-platform-pod-test-hivemq-platform)
2025-01-28 23:57:37,631 INFO c.h.h.t.HelmChartContainer - [hivemq-test-hivemq-platform] [hivemq-platform-operator] [b936e29b] 23:57:37.629 [pool-6-thread-6] DEBUG c.h.p.o.d.StatefulSetResource - [helmcont] Desired StatefulSet (2 replicas) for status ROLLING_RESTART (RESTART_PODS_IN_PROGRESS)
2025-01-28 23:57:37,634 INFO c.h.h.t.HelmChartContainer - [hivemq-test-hivemq-platform] [hivemq-platform-operator] [b936e29b] 23:57:37.633 [ReconcilerExecutor-hivemq-controller-129] INFO  c.h.p.o.HiveMQPlatformReconciler - [helmcont] Reconciling HiveMQ Platform 'test-hivemq-platform' in namespace 'helmcontainersecuritycontextupgradeplatformit'
2025-01-28 23:57:37,634 INFO c.h.h.t.HelmChartContainer - [hivemq-test-hivemq-platform] [hivemq-platform-operator] [b936e29b] 23:57:37.633 [ReconcilerExecutor-hivemq-controller-129] DEBUG c.h.p.o.HiveMQPlatformReconciler - [helmcont] Custom Resource Status ROLLING_RESTART - HiveMQ Platform is restarting Pods (rolling restart) (RESTART_PODS_IN_PROGRESS)
2025-01-28 23:57:37,634 INFO c.h.h.t.HelmChartContainer - [hivemq-test-hivemq-platform] [hivemq-platform-operator] [b936e29b] 23:57:37.633 [ReconcilerExecutor-hivemq-controller-129] DEBUG c.h.p.o.HiveMQPlatformReconciler - [helmcont] Custom Resource Spec (replicas: 1) (extensions: 1)
2025-01-28 23:57:37,635 INFO c.h.h.t.HelmChartContainer - [hivemq-test-hivemq-platform] [hivemq-platform-operator] [b936e29b] 23:57:37.634 [ReconcilerExecutor-hivemq-controller-129] DEBUG c.h.p.o.HiveMQPlatformReconciler - [helmcont] StatefulSet Status (revision: test-hivemq-platform-85948b8786, replicas: 2, available: 2, ready: 2, current: 1, updated: 1)
2025-01-28 23:57:37,636 INFO c.h.h.t.HelmChartContainer - [hivemq-test-hivemq-platform] [hivemq-platform-operator] [b936e29b] 23:57:37.634 [ReconcilerExecutor-hivemq-controller-129] DEBUG c.h.p.o.HiveMQPlatformReconciler - [helmcont] StatefulSet Spec (replicas: 2, init containers: 1, containers: 1, volumes: 3)
2025-01-28 23:57:37,636 INFO c.h.h.t.HelmChartContainer - [hivemq-test-hivemq-platform] [hivemq-platform-operator] [b936e29b] 23:57:37.635 [ReconcilerExecutor-hivemq-controller-129] DEBUG c.h.p.o.h.HiveMQPlatformReconcilerErrorHandler - [helmcont] Pod 'test-hivemq-platform-1' phase Running
2025-01-28 23:57:37,637 INFO c.h.h.t.HelmChartContainer - [hivemq-test-hivemq-platform] [hivemq-platform-operator] [b936e29b] 23:57:37.636 [ReconcilerExecutor-hivemq-controller-129] DEBUG c.h.p.o.h.HiveMQPlatformReconcilerErrorHandler - [helmcont] Pod 'test-hivemq-platform-0' phase Running
2025-01-28 23:57:37,644 INFO c.h.h.t.HelmChartContainer - [hivemq-test-hivemq-platform] [hivemq-platform-operator] [b936e29b] 23:57:37.644 [ReconcilerExecutor-hivemq-controller-129] DEBUG c.h.p.o.h.HiveMQPlatformReconcilerRollingRestartHandler - [helmcont] Skipping Pod test-hivemq-platform-1 as it's already on the controller update revision (update revision: test-hivemq-platform-85948b8786, pod revision: test-hivemq-platform-85948b8786)
2025-01-28 23:57:37,737 INFO c.h.h.t.HelmChartContainer - [hivemq-test-hivemq-platform] [hivemq-platform-operator] [b936e29b] 23:57:37.736 [ReconcilerExecutor-hivemq-controller-129] DEBUG c.h.p.o.h.HiveMQPlatformReconcilerRollingRestartHandler - [helmcont] The last Pod is running for 64 seconds, the next Pod can be restarted
2025-01-28 23:57:37,738 INFO c.h.h.t.HelmChartContainer - [hivemq-test-hivemq-platform] [hivemq-platform-operator] [b936e29b] 23:57:37.736 [ReconcilerExecutor-hivemq-controller-129] INFO  c.h.p.o.h.HiveMQPlatformReconcilerRollingRestartHandler - [helmcont] Restarting Pod test-hivemq-platform-0 as it's not matching the controller update revision (update revision: test-hivemq-platform-85948b8786, pod revision: test-hivemq-platform-fc778bc4c)
2025-01-28 23:57:37,747 INFO c.h.h.t.HelmChartContainer - [POD] test-hivemq-platform-0 [561b81a0-efa1-45ea-b4f3-3b7dbde42e59] in helmcontainersecuritycontextupgradeplatformit was MODIFIED
2025-01-28 23:57:37,762 INFO c.h.h.t.HelmChartContainer - [test-hivemq-platform] [hivemq] [561b81a0] INFO  - [HiveMQ Platform Operator Init App 1.7.0-SNAPSHOT] Shutting down
2025-01-28 23:57:37,762 INFO c.h.h.t.HelmChartContainer - [test-hivemq-platform] [hivemq] [561b81a0] INFO  - [HiveMQ Platform Operator Init App 1.7.0-SNAPSHOT] Stopping the HiveMQ Platform
2025-01-28 23:57:37,763 INFO c.h.h.t.HelmChartContainer - [EVENT] Normal [Killing] Stopping container hivemq [helmcontainersecuritycontextupgradeplatformit:test-hivemq-platform-0]
2025-01-28 23:57:37,763 INFO c.h.h.t.HelmChartContainer - Received Killing event for container hivemq in pod test-hivemq-platform-0 [561b81a0-efa1-45ea-b4f3-3b7dbde42e59]
2025-01-28 23:57:37,763 INFO c.h.h.t.HelmChartContainer - Container [test-hivemq-platform-0] [hivemq] [561b81a0-efa1-45ea-b4f3-3b7dbde42e59] was terminated
2025-01-28 23:57:37,763 INFO c.h.h.t.HelmChartContainer - Stopped log watcher for hivemq in pod test-hivemq-platform-0 [561b81a0-efa1-45ea-b4f3-3b7dbde42e59]
2025-01-28 23:57:37,836 INFO c.h.h.t.HelmChartContainer - [hivemq-test-hivemq-platform] [hivemq-platform-operator] [b936e29b] 23:57:37.830 [pool-6-thread-15] DEBUG c.h.p.o.d.PlatformServiceResource - [helmcont] Desired Platform services (3 services)
2025-01-28 23:57:37,836 INFO c.h.h.t.HelmChartContainer - [hivemq-test-hivemq-platform] [hivemq-platform-operator] [b936e29b] 23:57:37.831 [pool-6-thread-13] DEBUG c.h.p.o.dependants.PodInfoConfigMap - [helmcont] Desired PodInfo ConfigMap (1 extensions) (1 enabled)
2025-01-28 23:57:37,836 INFO c.h.h.t.HelmChartContainer - [hivemq-test-hivemq-platform] [hivemq-platform-operator] [b936e29b] 23:57:37.831 [pool-6-thread-13] DEBUG c.h.p.o.dependants.PodInfoConfigMap - [helmcont] Desired PodInfo ConfigMap (metrics port: 9399) (metrics path: /)
2025-01-28 23:57:37,836 INFO c.h.h.t.HelmChartContainer - [hivemq-test-hivemq-platform] [hivemq-platform-operator] [b936e29b] 23:57:37.831 [pool-6-thread-13] DEBUG c.h.p.o.dependants.PodInfoConfigMap - [helmcont] Desired PodInfo ConfigMap (extension state hash: -1817474005)
2025-01-28 23:57:37,836 INFO c.h.h.t.HelmChartContainer - [hivemq-test-hivemq-platform] [hivemq-platform-operator] [b936e29b] 23:57:37.831 [pool-6-thread-20] DEBUG c.h.p.o.d.PodServiceAccountResource - [helmcont] Desired PodServiceAccountResource (serviceAccountName: hivemq-platform-pod-test-hivemq-platform)
2025-01-28 23:57:37,839 INFO c.h.h.t.HelmChartContainer - [hivemq-test-hivemq-platform] [hivemq-platform-operator] [b936e29b] 23:57:37.837 [pool-6-thread-15] DEBUG c.h.p.o.d.StatefulSetResource - [helmcont] Desired StatefulSet (2 replicas) for status ROLLING_RESTART (RESTART_PODS_IN_PROGRESS)
2025-01-28 23:57:37,842 INFO c.h.h.t.HelmChartContainer - [hivemq-test-hivemq-platform] [hivemq-platform-operator] [b936e29b] 23:57:37.842 [ReconcilerExecutor-hivemq-controller-130] INFO  c.h.p.o.HiveMQPlatformReconciler - [helmcont] Reconciling HiveMQ Platform 'test-hivemq-platform' in namespace 'helmcontainersecuritycontextupgradeplatformit'
2025-01-28 23:57:37,843 INFO c.h.h.t.HelmChartContainer - [hivemq-test-hivemq-platform] [hivemq-platform-operator] [b936e29b] 23:57:37.842 [ReconcilerExecutor-hivemq-controller-130] DEBUG c.h.p.o.HiveMQPlatformReconciler - [helmcont] Custom Resource Status ROLLING_RESTART - HiveMQ Platform is restarting Pods (rolling restart) (RESTART_PODS_IN_PROGRESS)
2025-01-28 23:57:37,843 INFO c.h.h.t.HelmChartContainer - [hivemq-test-hivemq-platform] [hivemq-platform-operator] [b936e29b] 23:57:37.842 [ReconcilerExecutor-hivemq-controller-130] DEBUG c.h.p.o.HiveMQPlatformReconciler - [helmcont] Custom Resource Spec (replicas: 1) (extensions: 1)
2025-01-28 23:57:37,870 INFO c.h.h.t.HelmChartContainer - [hivemq-test-hivemq-platform] [hivemq-platform-operator] [b936e29b] 23:57:37.867 [ReconcilerExecutor-hivemq-controller-130] DEBUG c.h.p.o.HiveMQPlatformReconciler - [helmcont] StatefulSet Status (revision: test-hivemq-platform-85948b8786, replicas: 2, available: 2, ready: 2, current: 0, updated: 1)
2025-01-28 23:57:37,871 INFO c.h.h.t.HelmChartContainer - [hivemq-test-hivemq-platform] [hivemq-platform-operator] [b936e29b] 23:57:37.867 [ReconcilerExecutor-hivemq-controller-130] DEBUG c.h.p.o.HiveMQPlatformReconciler - [helmcont] StatefulSet Spec (replicas: 2, init containers: 1, containers: 1, volumes: 3)
2025-01-28 23:57:37,929 INFO c.h.h.t.HelmChartContainer - [hivemq-test-hivemq-platform] [hivemq-platform-operator] [b936e29b] 23:57:37.928 [ReconcilerExecutor-hivemq-controller-130] DEBUG c.h.p.o.h.HiveMQPlatformReconcilerErrorHandler - [helmcont] Pod 'test-hivemq-platform-1' phase Running
2025-01-28 23:57:37,931 INFO c.h.h.t.HelmChartContainer - [hivemq-test-hivemq-platform] [hivemq-platform-operator] [b936e29b] 23:57:37.930 [ReconcilerExecutor-hivemq-controller-130] DEBUG c.h.p.o.h.HiveMQPlatformReconcilerErrorHandler - [helmcont] Pod 'test-hivemq-platform-0' phase Running
2025-01-28 23:57:37,937 INFO c.h.h.t.HelmChartContainer - [hivemq-test-hivemq-platform] [hivemq-platform-operator] [b936e29b] 23:57:37.936 [ReconcilerExecutor-hivemq-controller-130] DEBUG c.h.p.o.h.HiveMQPlatformReconcilerRollingRestartHandler - [helmcont] Skipping Pod test-hivemq-platform-1 as it's already on the controller update revision (update revision: test-hivemq-platform-85948b8786, pod revision: test-hivemq-platform-85948b8786)
2025-01-28 23:57:37,946 INFO c.h.h.t.HelmChartContainer - [hivemq-test-hivemq-platform] [hivemq-platform-operator] [b936e29b] 23:57:37.945 [ReconcilerExecutor-hivemq-controller-130] DEBUG c.h.p.o.h.HiveMQPlatformReconcilerRollingRestartHandler - [helmcont] The last Pod is running for 64 seconds, the next Pod can be restarted
2025-01-28 23:57:37,946 INFO c.h.h.t.HelmChartContainer - [hivemq-test-hivemq-platform] [hivemq-platform-operator] [b936e29b] 23:57:37.945 [ReconcilerExecutor-hivemq-controller-130] INFO  c.h.p.o.h.HiveMQPlatformReconcilerRollingRestartHandler - [helmcont] Restarting Pod test-hivemq-platform-0 as it's not matching the controller update revision (update revision: test-hivemq-platform-85948b8786, pod revision: test-hivemq-platform-fc778bc4c)
2025-01-28 23:57:37,971 INFO c.h.h.t.HelmChartContainer - [test-hivemq-platform] [hivemq] [561b81a0] INFO  - Shutting down HiveMQ. Please wait, this could take a while...
2025-01-28 23:57:37,976 INFO c.h.h.t.HelmChartContainer - [test-hivemq-platform] [hivemq] [561b81a0] INFO  - Shutting down listeners and clients
2025-01-28 23:57:37,977 INFO c.h.h.t.HelmChartContainer - [test-hivemq-platform] [hivemq] [561b81a0] INFO  - Shutdown of listeners is done
2025-01-28 23:57:37,978 INFO c.h.h.t.HelmChartContainer - [test-hivemq-platform] [hivemq] [561b81a0] INFO  - No clients are connected, proceeding with shutdown
2025-01-28 23:57:37,980 INFO c.h.h.t.HelmChartContainer - [test-hivemq-platform] [hivemq] [561b81a0] INFO  - [HiveMQ Platform Operator Init App 1.7.0-SNAPSHOT] Returning shutdown Health API response 503 for readiness
2025-01-28 23:57:37,985 INFO c.h.h.t.HelmChartContainer - [EVENT] Warning [Unhealthy] Readiness probe failed: HTTP probe failed with statuscode: 503 [helmcontainersecuritycontextupgradeplatformit:test-hivemq-platform-0]
2025-01-28 23:57:37,985 INFO c.h.h.t.HelmChartContainer - Received Unhealthy event for container hivemq in pod test-hivemq-platform-0 [561b81a0-efa1-45ea-b4f3-3b7dbde42e59]
2025-01-28 23:57:38,037 INFO c.h.h.t.HelmChartContainer - [hivemq-test-hivemq-platform] [hivemq-platform-operator] [b936e29b] 23:57:38.033 [pool-6-thread-26] DEBUG c.h.p.o.d.PodServiceAccountResource - [helmcont] Desired PodServiceAccountResource (serviceAccountName: hivemq-platform-pod-test-hivemq-platform)
2025-01-28 23:57:38,038 INFO c.h.h.t.HelmChartContainer - [hivemq-test-hivemq-platform] [hivemq-platform-operator] [b936e29b] 23:57:38.035 [pool-6-thread-23] DEBUG c.h.p.o.dependants.PodInfoConfigMap - [helmcont] Desired PodInfo ConfigMap (1 extensions) (1 enabled)
2025-01-28 23:57:38,038 INFO c.h.h.t.HelmChartContainer - [hivemq-test-hivemq-platform] [hivemq-platform-operator] [b936e29b] 23:57:38.035 [pool-6-thread-23] DEBUG c.h.p.o.dependants.PodInfoConfigMap - [helmcont] Desired PodInfo ConfigMap (metrics port: 9399) (metrics path: /)
2025-01-28 23:57:38,038 INFO c.h.h.t.HelmChartContainer - [hivemq-test-hivemq-platform] [hivemq-platform-operator] [b936e29b] 23:57:38.035 [pool-6-thread-23] DEBUG c.h.p.o.dependants.PodInfoConfigMap - [helmcont] Desired PodInfo ConfigMap (extension state hash: -1817474005)
2025-01-28 23:57:38,038 INFO c.h.h.t.HelmChartContainer - [hivemq-test-hivemq-platform] [hivemq-platform-operator] [b936e29b] 23:57:38.033 [pool-6-thread-21] DEBUG c.h.p.o.d.PlatformServiceResource - [helmcont] Desired Platform services (3 services)
2025-01-28 23:57:38,041 INFO c.h.h.t.HelmChartContainer - [hivemq-test-hivemq-platform] [hivemq-platform-operator] [b936e29b] 23:57:38.040 [pool-6-thread-21] DEBUG c.h.p.o.d.StatefulSetResource - [helmcont] Desired StatefulSet (2 replicas) for status ROLLING_RESTART (RESTART_PODS_IN_PROGRESS)
2025-01-28 23:57:38,043 INFO c.h.h.t.HelmChartContainer - [hivemq-test-hivemq-platform] [hivemq-platform-operator] [b936e29b] 23:57:38.042 [ReconcilerExecutor-hivemq-controller-131] INFO  c.h.p.o.HiveMQPlatformReconciler - [helmcont] Reconciling HiveMQ Platform 'test-hivemq-platform' in namespace 'helmcontainersecuritycontextupgradeplatformit'
2025-01-28 23:57:38,043 INFO c.h.h.t.HelmChartContainer - [hivemq-test-hivemq-platform] [hivemq-platform-operator] [b936e29b] 23:57:38.042 [ReconcilerExecutor-hivemq-controller-131] DEBUG c.h.p.o.HiveMQPlatformReconciler - [helmcont] Custom Resource Status ROLLING_RESTART - HiveMQ Platform is restarting Pods (rolling restart) (RESTART_PODS_IN_PROGRESS)
2025-01-28 23:57:38,044 INFO c.h.h.t.HelmChartContainer - [hivemq-test-hivemq-platform] [hivemq-platform-operator] [b936e29b] 23:57:38.042 [ReconcilerExecutor-hivemq-controller-131] DEBUG c.h.p.o.HiveMQPlatformReconciler - [helmcont] Custom Resource Spec (replicas: 1) (extensions: 1)
2025-01-28 23:57:38,044 INFO c.h.h.t.HelmChartContainer - [hivemq-test-hivemq-platform] [hivemq-platform-operator] [b936e29b] 23:57:38.043 [ReconcilerExecutor-hivemq-controller-131] DEBUG c.h.p.o.HiveMQPlatformReconciler - [helmcont] StatefulSet Status (revision: test-hivemq-platform-85948b8786, replicas: 2, available: 2, ready: 2, current: 0, updated: 1)
2025-01-28 23:57:38,044 INFO c.h.h.t.HelmChartContainer - [hivemq-test-hivemq-platform] [hivemq-platform-operator] [b936e29b] 23:57:38.043 [ReconcilerExecutor-hivemq-controller-131] DEBUG c.h.p.o.HiveMQPlatformReconciler - [helmcont] StatefulSet Spec (replicas: 2, init containers: 1, containers: 1, volumes: 3)
2025-01-28 23:57:38,045 INFO c.h.h.t.HelmChartContainer - [hivemq-test-hivemq-platform] [hivemq-platform-operator] [b936e29b] 23:57:38.044 [ReconcilerExecutor-hivemq-controller-131] DEBUG c.h.p.o.h.HiveMQPlatformReconcilerErrorHandler - [helmcont] Pod 'test-hivemq-platform-1' phase Running
2025-01-28 23:57:38,046 INFO c.h.h.t.HelmChartContainer - [hivemq-test-hivemq-platform] [hivemq-platform-operator] [b936e29b] 23:57:38.045 [ReconcilerExecutor-hivemq-controller-131] DEBUG c.h.p.o.h.HiveMQPlatformReconcilerErrorHandler - [helmcont] Pod 'test-hivemq-platform-0' phase Running
2025-01-28 23:57:38,130 INFO c.h.h.t.HelmChartContainer - [hivemq-test-hivemq-platform] [hivemq-platform-operator] [b936e29b] 23:57:38.129 [ReconcilerExecutor-hivemq-controller-131] DEBUG c.h.p.o.h.HiveMQPlatformReconcilerRollingRestartHandler - [helmcont] Skipping Pod test-hivemq-platform-1 as it's already on the controller update revision (update revision: test-hivemq-platform-85948b8786, pod revision: test-hivemq-platform-85948b8786)
2025-01-28 23:57:38,140 INFO c.h.h.t.HelmChartContainer - [hivemq-test-hivemq-platform] [hivemq-platform-operator] [b936e29b] 23:57:38.139 [ReconcilerExecutor-hivemq-controller-131] DEBUG c.h.p.o.h.HiveMQPlatformReconcilerRollingRestartHandler - [helmcont] The last Pod is running for 65 seconds, the next Pod can be restarted
2025-01-28 23:57:38,140 INFO c.h.h.t.HelmChartContainer - [hivemq-test-hivemq-platform] [hivemq-platform-operator] [b936e29b] 23:57:38.139 [ReconcilerExecutor-hivemq-controller-131] INFO  c.h.p.o.h.HiveMQPlatformReconcilerRollingRestartHandler - [helmcont] Restarting Pod test-hivemq-platform-0 as it's not matching the controller update revision (update revision: test-hivemq-platform-85948b8786, pod revision: test-hivemq-platform-fc778bc4c)
2025-01-28 23:57:41,482 INFO c.h.h.t.HelmChartContainer - [test-hivemq-platform] [hivemq] [561b81a0] INFO  - Shutting down extension system
2025-01-28 23:57:41,484 INFO c.h.h.t.HelmChartContainer - [test-hivemq-platform] [hivemq] [561b81a0] INFO  - Stopping extension with id hivemq-dns-cluster-discovery
2025-01-28 23:57:41,485 INFO c.h.h.t.HelmChartContainer - [test-hivemq-platform] [hivemq] [561b81a0] INFO  - Extension "DNS Cluster Discovery Extension" version 4.3.2 stopped successfully.
2025-01-28 23:57:41,485 INFO c.h.h.t.HelmChartContainer - [test-hivemq-platform] [hivemq] [561b81a0] INFO  - Stopping extension with id hivemq-prometheus-extension
2025-01-28 23:57:41,491 INFO c.h.h.t.HelmChartContainer - [test-hivemq-platform] [hivemq] [561b81a0] INFO  - Extension "Prometheus Monitoring Extension" version 4.0.12 stopped successfully.
2025-01-28 23:57:41,491 INFO c.h.h.t.HelmChartContainer - [test-hivemq-platform] [hivemq] [561b81a0] INFO  - Stopping extension with id hivemq-allow-all-extension
2025-01-28 23:57:41,491 INFO c.h.h.t.HelmChartContainer - [test-hivemq-platform] [hivemq] [561b81a0] INFO  - Extension "Allow All Extension" version 1.1.1 stopped successfully.
2025-01-28 23:57:41,497 INFO c.h.h.t.HelmChartContainer - [test-hivemq-platform] [hivemq] [07dfd0d6] INFO  - Cluster nodes found by discovery: [x5kNS|2] (1) [x5kNS].
2025-01-28 23:57:41,503 INFO c.h.h.t.HelmChartContainer - [test-hivemq-platform] [hivemq] [07dfd0d6] INFO  - Cluster size = 1, members : [x5kNS].
2025-01-28 23:57:42,984 INFO c.h.h.t.HelmChartContainer - [EVENT] Warning [Unhealthy] Readiness probe failed: HTTP probe failed with statuscode: 503 [helmcontainersecuritycontextupgradeplatformit:test-hivemq-platform-0]
2025-01-28 23:57:42,984 INFO c.h.h.t.HelmChartContainer - Received Unhealthy event for container hivemq in pod test-hivemq-platform-0 [561b81a0-efa1-45ea-b4f3-3b7dbde42e59]
2025-01-28 23:57:43,777 INFO c.h.h.t.HelmChartContainer - [test-hivemq-platform] [hivemq] [561b81a0] INFO  - Shutdown completed.
2025-01-28 23:57:44,126 INFO c.h.h.t.HelmChartContainer - [test-hivemq-platform] [hivemq] [561b81a0] INFO  - [HiveMQ Platform Operator Init App 1.7.0-SNAPSHOT] The HiveMQ Platform exited with code 143
2025-01-28 23:57:44,126 INFO c.h.h.t.HelmChartContainer - [test-hivemq-platform] [hivemq] [561b81a0] INFO  - [HiveMQ Platform Operator Init App 1.7.0-SNAPSHOT] Stopping the REST API
2025-01-28 23:57:44,135 INFO c.h.h.t.HelmChartContainer - [test-hivemq-platform] [hivemq] [561b81a0] INFO  - [HiveMQ Platform Operator Init App 1.7.0-SNAPSHOT] Shutdown complete
2025-01-28 23:57:44,618 INFO c.h.h.t.HelmChartContainer - [POD] test-hivemq-platform-0 [561b81a0-efa1-45ea-b4f3-3b7dbde42e59] in helmcontainersecuritycontextupgradeplatformit was MODIFIED
2025-01-28 23:57:44,626 INFO c.h.h.t.HelmChartContainer - [hivemq-test-hivemq-platform] [hivemq-platform-operator] [b936e29b] 23:57:44.622 [pool-6-thread-34] DEBUG c.h.p.o.d.PlatformServiceResource - [helmcont] Desired Platform services (3 services)
2025-01-28 23:57:44,626 INFO c.h.h.t.HelmChartContainer - [hivemq-test-hivemq-platform] [hivemq-platform-operator] [b936e29b] 23:57:44.624 [pool-6-thread-38] DEBUG c.h.p.o.dependants.PodInfoConfigMap - [helmcont] Desired PodInfo ConfigMap (1 extensions) (1 enabled)
2025-01-28 23:57:44,626 INFO c.h.h.t.HelmChartContainer - [hivemq-test-hivemq-platform] [hivemq-platform-operator] [b936e29b] 23:57:44.624 [pool-6-thread-38] DEBUG c.h.p.o.dependants.PodInfoConfigMap - [helmcont] Desired PodInfo ConfigMap (metrics port: 9399) (metrics path: /)
2025-01-28 23:57:44,627 INFO c.h.h.t.HelmChartContainer - [hivemq-test-hivemq-platform] [hivemq-platform-operator] [b936e29b] 23:57:44.624 [pool-6-thread-38] DEBUG c.h.p.o.dependants.PodInfoConfigMap - [helmcont] Desired PodInfo ConfigMap (extension state hash: -1817474005)
2025-01-28 23:57:44,627 INFO c.h.h.t.HelmChartContainer - [hivemq-test-hivemq-platform] [hivemq-platform-operator] [b936e29b] 23:57:44.625 [pool-6-thread-35] DEBUG c.h.p.o.d.PodServiceAccountResource - [helmcont] Desired PodServiceAccountResource (serviceAccountName: hivemq-platform-pod-test-hivemq-platform)
2025-01-28 23:57:44,636 INFO c.h.h.t.HelmChartContainer - [hivemq-test-hivemq-platform] [hivemq-platform-operator] [b936e29b] 23:57:44.635 [pool-6-thread-34] DEBUG c.h.p.o.d.StatefulSetResource - [helmcont] Desired StatefulSet (2 replicas) for status ROLLING_RESTART (RESTART_PODS_IN_PROGRESS)
2025-01-28 23:57:44,640 INFO c.h.h.t.HelmChartContainer - [hivemq-test-hivemq-platform] [hivemq-platform-operator] [b936e29b] 23:57:44.639 [ReconcilerExecutor-hivemq-controller-132] INFO  c.h.p.o.HiveMQPlatformReconciler - [helmcont] Reconciling HiveMQ Platform 'test-hivemq-platform' in namespace 'helmcontainersecuritycontextupgradeplatformit'
2025-01-28 23:57:44,642 INFO c.h.h.t.HelmChartContainer - [hivemq-test-hivemq-platform] [hivemq-platform-operator] [b936e29b] 23:57:44.639 [ReconcilerExecutor-hivemq-controller-132] DEBUG c.h.p.o.HiveMQPlatformReconciler - [helmcont] Custom Resource Status ROLLING_RESTART - HiveMQ Platform is restarting Pods (rolling restart) (RESTART_PODS_IN_PROGRESS)
2025-01-28 23:57:44,643 INFO c.h.h.t.HelmChartContainer - [hivemq-test-hivemq-platform] [hivemq-platform-operator] [b936e29b] 23:57:44.639 [ReconcilerExecutor-hivemq-controller-132] DEBUG c.h.p.o.HiveMQPlatformReconciler - [helmcont] Custom Resource Spec (replicas: 1) (extensions: 1)
2025-01-28 23:57:44,643 INFO c.h.h.t.HelmChartContainer - [hivemq-test-hivemq-platform] [hivemq-platform-operator] [b936e29b] 23:57:44.640 [ReconcilerExecutor-hivemq-controller-132] DEBUG c.h.p.o.HiveMQPlatformReconciler - [helmcont] StatefulSet Status (revision: test-hivemq-platform-85948b8786, replicas: 2, available: 1, ready: 1, current: 0, updated: 1)
2025-01-28 23:57:44,643 INFO c.h.h.t.HelmChartContainer - [hivemq-test-hivemq-platform] [hivemq-platform-operator] [b936e29b] 23:57:44.640 [ReconcilerExecutor-hivemq-controller-132] DEBUG c.h.p.o.HiveMQPlatformReconciler - [helmcont] StatefulSet Spec (replicas: 2, init containers: 1, containers: 1, volumes: 3)
2025-01-28 23:57:44,643 INFO c.h.h.t.HelmChartContainer - [hivemq-test-hivemq-platform] [hivemq-platform-operator] [b936e29b] 23:57:44.642 [ReconcilerExecutor-hivemq-controller-132] DEBUG c.h.p.o.h.HiveMQPlatformReconcilerErrorHandler - [helmcont] Pod 'test-hivemq-platform-1' phase Running
2025-01-28 23:57:44,645 INFO c.h.h.t.HelmChartContainer - [hivemq-test-hivemq-platform] [hivemq-platform-operator] [b936e29b] 23:57:44.644 [ReconcilerExecutor-hivemq-controller-132] DEBUG c.h.p.o.h.HiveMQPlatformReconcilerErrorHandler - [helmcont] Pod 'test-hivemq-platform-0' phase Failed
2025-01-28 23:57:44,645 INFO c.h.h.t.HelmChartContainer - [hivemq-test-hivemq-platform] [hivemq-platform-operator] [b936e29b] 23:57:44.644 [ReconcilerExecutor-hivemq-controller-132] DEBUG c.h.p.o.h.HiveMQPlatformReconcilerErrorHandler - [helmcont] Pod 'test-hivemq-platform-0' condition 'PodReadyToStartContainers': False
2025-01-28 23:57:44,646 INFO c.h.h.t.HelmChartContainer - [hivemq-test-hivemq-platform] [hivemq-platform-operator] [b936e29b] 23:57:44.644 [ReconcilerExecutor-hivemq-controller-132] DEBUG c.h.p.o.h.HiveMQPlatformReconcilerErrorHandler - [helmcont] Pod 'test-hivemq-platform-0' condition 'Initialized': True
2025-01-28 23:57:44,646 INFO c.h.h.t.HelmChartContainer - [hivemq-test-hivemq-platform] [hivemq-platform-operator] [b936e29b] 23:57:44.644 [ReconcilerExecutor-hivemq-controller-132] DEBUG c.h.p.o.h.HiveMQPlatformReconcilerErrorHandler - [helmcont] Pod 'test-hivemq-platform-0' condition 'Ready': False
2025-01-28 23:57:44,646 INFO c.h.h.t.HelmChartContainer - [hivemq-test-hivemq-platform] [hivemq-platform-operator] [b936e29b] 23:57:44.644 [ReconcilerExecutor-hivemq-controller-132] DEBUG c.h.p.o.h.HiveMQPlatformReconcilerErrorHandler - [helmcont] Pod 'test-hivemq-platform-0' condition 'ContainersReady': False
2025-01-28 23:57:44,646 INFO c.h.h.t.HelmChartContainer - [hivemq-test-hivemq-platform] [hivemq-platform-operator] [b936e29b] 23:57:44.644 [ReconcilerExecutor-hivemq-controller-132] DEBUG c.h.p.o.h.HiveMQPlatformReconcilerErrorHandler - [helmcont] Pod 'test-hivemq-platform-0' condition 'PodScheduled': True
2025-01-28 23:57:44,647 INFO c.h.h.t.HelmChartContainer - [hivemq-test-hivemq-platform] [hivemq-platform-operator] [b936e29b] 23:57:44.645 [ReconcilerExecutor-hivemq-controller-132] DEBUG c.h.p.o.h.HiveMQPlatformReconcilerErrorHandler - [helmcont] Pod 'test-hivemq-platform-0' containerStatus 'hivemq' (started: false) (ready: false) (waiting: [Unknown] no message)
2025-01-28 23:57:44,647 INFO c.h.h.t.HelmChartContainer - [hivemq-test-hivemq-platform] [hivemq-platform-operator] [b936e29b] 23:57:44.645 [ReconcilerExecutor-hivemq-controller-132] DEBUG c.h.p.o.h.HiveMQPlatformReconcilerRollingRestartHandler - [helmcont] Rolling restart is waiting for 1 of 2 replicas
2025-01-28 23:57:44,734 INFO c.h.h.t.HelmChartContainer - [hivemq-test-hivemq-platform] [hivemq-platform-operator] [b936e29b] 23:57:44.730 [pool-6-thread-44] DEBUG c.h.p.o.d.PlatformServiceResource - [helmcont] Desired Platform services (3 services)
2025-01-28 23:57:44,734 INFO c.h.h.t.HelmChartContainer - [hivemq-test-hivemq-platform] [hivemq-platform-operator] [b936e29b] 23:57:44.731 [pool-6-thread-46] DEBUG c.h.p.o.dependants.PodInfoConfigMap - [helmcont] Desired PodInfo ConfigMap (1 extensions) (1 enabled)
2025-01-28 23:57:44,734 INFO c.h.h.t.HelmChartContainer - [hivemq-test-hivemq-platform] [hivemq-platform-operator] [b936e29b] 23:57:44.731 [pool-6-thread-46] DEBUG c.h.p.o.dependants.PodInfoConfigMap - [helmcont] Desired PodInfo ConfigMap (metrics port: 9399) (metrics path: /)
2025-01-28 23:57:44,734 INFO c.h.h.t.HelmChartContainer - [hivemq-test-hivemq-platform] [hivemq-platform-operator] [b936e29b] 23:57:44.731 [pool-6-thread-46] DEBUG c.h.p.o.dependants.PodInfoConfigMap - [helmcont] Desired PodInfo ConfigMap (extension state hash: -1817474005)
2025-01-28 23:57:44,734 INFO c.h.h.t.HelmChartContainer - [hivemq-test-hivemq-platform] [hivemq-platform-operator] [b936e29b] 23:57:44.732 [pool-6-thread-48] DEBUG c.h.p.o.d.PodServiceAccountResource - [helmcont] Desired PodServiceAccountResource (serviceAccountName: hivemq-platform-pod-test-hivemq-platform)
2025-01-28 23:57:44,736 INFO c.h.h.t.HelmChartContainer - [hivemq-test-hivemq-platform] [hivemq-platform-operator] [b936e29b] 23:57:44.735 [pool-6-thread-50] DEBUG c.h.p.o.d.StatefulSetResource - [helmcont] Desired StatefulSet (2 replicas) for status ROLLING_RESTART (RESTART_PODS_IN_PROGRESS)
2025-01-28 23:57:44,737 INFO c.h.h.t.HelmChartContainer - [hivemq-test-hivemq-platform] [hivemq-platform-operator] [b936e29b] 23:57:44.737 [ReconcilerExecutor-hivemq-controller-133] INFO  c.h.p.o.HiveMQPlatformReconciler - [helmcont] Reconciling HiveMQ Platform 'test-hivemq-platform' in namespace 'helmcontainersecuritycontextupgradeplatformit'
2025-01-28 23:57:44,738 INFO c.h.h.t.HelmChartContainer - [hivemq-test-hivemq-platform] [hivemq-platform-operator] [b936e29b] 23:57:44.737 [ReconcilerExecutor-hivemq-controller-133] DEBUG c.h.p.o.HiveMQPlatformReconciler - [helmcont] Custom Resource Status ROLLING_RESTART - HiveMQ Platform is restarting Pods (rolling restart) (RESTART_PODS_IN_PROGRESS)
2025-01-28 23:57:44,739 INFO c.h.h.t.HelmChartContainer - [hivemq-test-hivemq-platform] [hivemq-platform-operator] [b936e29b] 23:57:44.737 [ReconcilerExecutor-hivemq-controller-133] DEBUG c.h.p.o.HiveMQPlatformReconciler - [helmcont] Custom Resource Spec (replicas: 1) (extensions: 1)
2025-01-28 23:57:44,739 INFO c.h.h.t.HelmChartContainer - [hivemq-test-hivemq-platform] [hivemq-platform-operator] [b936e29b] 23:57:44.738 [ReconcilerExecutor-hivemq-controller-133] DEBUG c.h.p.o.HiveMQPlatformReconciler - [helmcont] StatefulSet Status (revision: test-hivemq-platform-85948b8786, replicas: 2, available: 1, ready: 1, current: 0, updated: 1)
2025-01-28 23:57:44,739 INFO c.h.h.t.HelmChartContainer - [hivemq-test-hivemq-platform] [hivemq-platform-operator] [b936e29b] 23:57:44.738 [ReconcilerExecutor-hivemq-controller-133] DEBUG c.h.p.o.HiveMQPlatformReconciler - [helmcont] StatefulSet Spec (replicas: 2, init containers: 1, containers: 1, volumes: 3)
2025-01-28 23:57:44,740 INFO c.h.h.t.HelmChartContainer - [hivemq-test-hivemq-platform] [hivemq-platform-operator] [b936e29b] 23:57:44.739 [ReconcilerExecutor-hivemq-controller-133] DEBUG c.h.p.o.h.HiveMQPlatformReconcilerErrorHandler - [helmcont] Pod 'test-hivemq-platform-1' phase Running
2025-01-28 23:57:44,741 INFO c.h.h.t.HelmChartContainer - [hivemq-test-hivemq-platform] [hivemq-platform-operator] [b936e29b] 23:57:44.740 [ReconcilerExecutor-hivemq-controller-133] DEBUG c.h.p.o.h.HiveMQPlatformReconcilerErrorHandler - [helmcont] Pod 'test-hivemq-platform-0' phase Failed
2025-01-28 23:57:44,741 INFO c.h.h.t.HelmChartContainer - [hivemq-test-hivemq-platform] [hivemq-platform-operator] [b936e29b] 23:57:44.740 [ReconcilerExecutor-hivemq-controller-133] DEBUG c.h.p.o.h.HiveMQPlatformReconcilerErrorHandler - [helmcont] Pod 'test-hivemq-platform-0' condition 'PodReadyToStartContainers': False
2025-01-28 23:57:44,741 INFO c.h.h.t.HelmChartContainer - [hivemq-test-hivemq-platform] [hivemq-platform-operator] [b936e29b] 23:57:44.740 [ReconcilerExecutor-hivemq-controller-133] DEBUG c.h.p.o.h.HiveMQPlatformReconcilerErrorHandler - [helmcont] Pod 'test-hivemq-platform-0' condition 'Initialized': True
2025-01-28 23:57:44,741 INFO c.h.h.t.HelmChartContainer - [hivemq-test-hivemq-platform] [hivemq-platform-operator] [b936e29b] 23:57:44.740 [ReconcilerExecutor-hivemq-controller-133] DEBUG c.h.p.o.h.HiveMQPlatformReconcilerErrorHandler - [helmcont] Pod 'test-hivemq-platform-0' condition 'Ready': False
2025-01-28 23:57:44,741 INFO c.h.h.t.HelmChartContainer - [hivemq-test-hivemq-platform] [hivemq-platform-operator] [b936e29b] 23:57:44.740 [ReconcilerExecutor-hivemq-controller-133] DEBUG c.h.p.o.h.HiveMQPlatformReconcilerErrorHandler - [helmcont] Pod 'test-hivemq-platform-0' condition 'ContainersReady': False
2025-01-28 23:57:44,742 INFO c.h.h.t.HelmChartContainer - [hivemq-test-hivemq-platform] [hivemq-platform-operator] [b936e29b] 23:57:44.740 [ReconcilerExecutor-hivemq-controller-133] DEBUG c.h.p.o.h.HiveMQPlatformReconcilerErrorHandler - [helmcont] Pod 'test-hivemq-platform-0' condition 'PodScheduled': True
2025-01-28 23:57:44,742 INFO c.h.h.t.HelmChartContainer - [hivemq-test-hivemq-platform] [hivemq-platform-operator] [b936e29b] 23:57:44.740 [ReconcilerExecutor-hivemq-controller-133] DEBUG c.h.p.o.h.HiveMQPlatformReconcilerErrorHandler - [helmcont] Pod 'test-hivemq-platform-0' containerStatus 'hivemq' (started: false) (ready: false) (waiting: [Unknown] no message)
2025-01-28 23:57:44,767 INFO c.h.h.t.HelmChartContainer - [hivemq-test-hivemq-platform] [hivemq-platform-operator] [b936e29b] 23:57:44.766 [ReconcilerExecutor-hivemq-controller-133] DEBUG c.h.p.o.h.HiveMQPlatformReconcilerRollingRestartHandler - [helmcont] Rolling restart is waiting for 1 of 2 replicas
2025-01-28 23:57:44,776 INFO c.h.h.t.HelmChartContainer - [K3S] [reconciler_common.go:162] "operationExecutor.UnmountVolume started for volume \"broker-configuration\" (UniqueName: \"kubernetes.io/configmap/561b81a0-efa1-45ea-b4f3-3b7dbde42e59-broker-configuration\") pod \"561b81a0-efa1-45ea-b4f3-3b7dbde42e59\" (UID: \"561b81a0-efa1-45ea-b4f3-3b7dbde42e59\") "
2025-01-28 23:57:44,776 INFO c.h.h.t.HelmChartContainer - [K3S] [reconciler_common.go:162] "operationExecutor.UnmountVolume started for volume \"kube-api-access-ts5gj\" (UniqueName: \"kubernetes.io/projected/561b81a0-efa1-45ea-b4f3-3b7dbde42e59-kube-api-access-ts5gj\") pod \"561b81a0-efa1-45ea-b4f3-3b7dbde42e59\" (UID: \"561b81a0-efa1-45ea-b4f3-3b7dbde42e59\") "
2025-01-28 23:57:44,776 INFO c.h.h.t.HelmChartContainer - [K3S] [reconciler_common.go:162] "operationExecutor.UnmountVolume started for volume \"operator-init\" (UniqueName: \"kubernetes.io/empty-dir/561b81a0-efa1-45ea-b4f3-3b7dbde42e59-operator-init\") pod \"561b81a0-efa1-45ea-b4f3-3b7dbde42e59\" (UID: \"561b81a0-efa1-45ea-b4f3-3b7dbde42e59\") "
2025-01-28 23:57:44,776 INFO c.h.h.t.HelmChartContainer - [K3S] [reconciler_common.go:162] "operationExecutor.UnmountVolume started for volume \"pod-info\" (UniqueName: \"kubernetes.io/configmap/561b81a0-efa1-45ea-b4f3-3b7dbde42e59-pod-info\") pod \"561b81a0-efa1-45ea-b4f3-3b7dbde42e59\" (UID: \"561b81a0-efa1-45ea-b4f3-3b7dbde42e59\") "
2025-01-28 23:57:44,876 INFO c.h.h.t.HelmChartContainer - [K3S] [reconciler_common.go:299] "Volume detached for volume \"operator-init\" (UniqueName: \"kubernetes.io/empty-dir/561b81a0-efa1-45ea-b4f3-3b7dbde42e59-operator-init\") on node \"0c997a873dc5\" DevicePath \"\""
2025-01-28 23:57:44,876 INFO c.h.h.t.HelmChartContainer - [K3S] [reconciler_common.go:299] "Volume detached for volume \"pod-info\" (UniqueName: \"kubernetes.io/configmap/561b81a0-efa1-45ea-b4f3-3b7dbde42e59-pod-info\") on node \"0c997a873dc5\" DevicePath \"\""
2025-01-28 23:57:44,876 INFO c.h.h.t.HelmChartContainer - [K3S] [reconciler_common.go:299] "Volume detached for volume \"broker-configuration\" (UniqueName: \"kubernetes.io/configmap/561b81a0-efa1-45ea-b4f3-3b7dbde42e59-broker-configuration\") on node \"0c997a873dc5\" DevicePath \"\""
2025-01-28 23:57:44,876 INFO c.h.h.t.HelmChartContainer - [K3S] [reconciler_common.go:299] "Volume detached for volume \"kube-api-access-ts5gj\" (UniqueName: \"kubernetes.io/projected/561b81a0-efa1-45ea-b4f3-3b7dbde42e59-kube-api-access-ts5gj\") on node \"0c997a873dc5\" DevicePath \"\""
2025-01-28 23:57:45,090 INFO c.h.h.t.HelmChartContainer - [K3S] [scope.go:117] "RemoveContainer" containerID="2ca90a5c3c204aa4301bc160dcf97b8ab4f516bb71b12c7e178b6374ae24c7f2"
2025-01-28 23:57:45,112 INFO c.h.h.t.HelmChartContainer - [POD] test-hivemq-platform-0 [561b81a0-efa1-45ea-b4f3-3b7dbde42e59] in helmcontainersecuritycontextupgradeplatformit was MODIFIED
2025-01-28 23:57:45,113 INFO c.h.h.t.HelmChartContainer - [POD] test-hivemq-platform-0 [561b81a0-efa1-45ea-b4f3-3b7dbde42e59] in helmcontainersecuritycontextupgradeplatformit was DELETED
2025-01-28 23:57:45,123 INFO c.h.h.t.HelmChartContainer - [hivemq-test-hivemq-platform] [hivemq-platform-operator] [b936e29b] 23:57:45.115 [pool-6-thread-10] DEBUG c.h.p.o.d.PlatformServiceResource - [helmcont] Desired Platform services (3 services)
2025-01-28 23:57:45,127 INFO c.h.h.t.HelmChartContainer - [POD] test-hivemq-platform-0 [03570dda-c5e2-4425-bab5-52e1bcacb75d] in helmcontainersecuritycontextupgradeplatformit was ADDED
2025-01-28 23:57:45,133 INFO c.h.h.t.HelmChartContainer - [K3S] [memory_manager.go:355] "RemoveStaleState removing state" podUID="561b81a0-efa1-45ea-b4f3-3b7dbde42e59" containerName="hivemq"
2025-01-28 23:57:45,138 INFO c.h.h.t.HelmChartContainer - [EVENT] Normal [SuccessfulCreate] create Pod test-hivemq-platform-0 in StatefulSet test-hivemq-platform successful [helmcontainersecuritycontextupgradeplatformit:test-hivemq-platform]
2025-01-28 23:57:45,139 INFO c.h.h.t.HelmChartContainer - [hivemq-test-hivemq-platform] [hivemq-platform-operator] [b936e29b] 23:57:45.124 [pool-6-thread-3] DEBUG c.h.p.o.dependants.PodInfoConfigMap - [helmcont] Desired PodInfo ConfigMap (1 extensions) (1 enabled)
2025-01-28 23:57:45,139 INFO c.h.h.t.HelmChartContainer - [hivemq-test-hivemq-platform] [hivemq-platform-operator] [b936e29b] 23:57:45.124 [pool-6-thread-3] DEBUG c.h.p.o.dependants.PodInfoConfigMap - [helmcont] Desired PodInfo ConfigMap (metrics port: 9399) (metrics path: /)
2025-01-28 23:57:45,139 INFO c.h.h.t.HelmChartContainer - [hivemq-test-hivemq-platform] [hivemq-platform-operator] [b936e29b] 23:57:45.124 [pool-6-thread-3] DEBUG c.h.p.o.dependants.PodInfoConfigMap - [helmcont] Desired PodInfo ConfigMap (extension state hash: -1817474005)
2025-01-28 23:57:45,139 INFO c.h.h.t.HelmChartContainer - [hivemq-test-hivemq-platform] [hivemq-platform-operator] [b936e29b] 23:57:45.134 [pool-6-thread-3] DEBUG c.h.p.o.d.PodServiceAccountResource - [helmcont] Desired PodServiceAccountResource (serviceAccountName: hivemq-platform-pod-test-hivemq-platform)
2025-01-28 23:57:45,144 INFO c.h.h.t.HelmChartContainer - [POD] test-hivemq-platform-0 [03570dda-c5e2-4425-bab5-52e1bcacb75d] in helmcontainersecuritycontextupgradeplatformit was MODIFIED
2025-01-28 23:57:45,146 INFO c.h.h.t.HelmChartContainer - [hivemq-test-hivemq-platform] [hivemq-platform-operator] [b936e29b] 23:57:45.136 [pool-6-thread-10] DEBUG c.h.p.o.d.StatefulSetResource - [helmcont] Desired StatefulSet (2 replicas) for status ROLLING_RESTART (RESTART_PODS_IN_PROGRESS)
2025-01-28 23:57:45,153 INFO c.h.h.t.HelmChartContainer - [hivemq-test-hivemq-platform] [hivemq-platform-operator] [b936e29b] 23:57:45.150 [ReconcilerExecutor-hivemq-controller-134] INFO  c.h.p.o.HiveMQPlatformReconciler - [helmcont] Reconciling HiveMQ Platform 'test-hivemq-platform' in namespace 'helmcontainersecuritycontextupgradeplatformit'
2025-01-28 23:57:45,153 INFO c.h.h.t.HelmChartContainer - [hivemq-test-hivemq-platform] [hivemq-platform-operator] [b936e29b] 23:57:45.150 [ReconcilerExecutor-hivemq-controller-134] DEBUG c.h.p.o.HiveMQPlatformReconciler - [helmcont] Custom Resource Status ROLLING_RESTART - HiveMQ Platform is restarting Pods (rolling restart) (RESTART_PODS_IN_PROGRESS)
2025-01-28 23:57:45,153 INFO c.h.h.t.HelmChartContainer - [hivemq-test-hivemq-platform] [hivemq-platform-operator] [b936e29b] 23:57:45.150 [ReconcilerExecutor-hivemq-controller-134] DEBUG c.h.p.o.HiveMQPlatformReconciler - [helmcont] Custom Resource Spec (replicas: 1) (extensions: 1)
2025-01-28 23:57:45,154 INFO c.h.h.t.HelmChartContainer - [EVENT] Normal [Scheduled] Successfully assigned helmcontainersecuritycontextupgradeplatformit/test-hivemq-platform-0 to 0c997a873dc5 [helmcontainersecuritycontextupgradeplatformit:test-hivemq-platform-0]
2025-01-28 23:57:45,161 INFO c.h.h.t.HelmChartContainer - [POD] test-hivemq-platform-0 [03570dda-c5e2-4425-bab5-52e1bcacb75d] in helmcontainersecuritycontextupgradeplatformit was MODIFIED
2025-01-28 23:57:45,173 INFO c.h.h.t.HelmChartContainer - [hivemq-test-hivemq-platform] [hivemq-platform-operator] [b936e29b] 23:57:45.168 [ReconcilerExecutor-hivemq-controller-134] DEBUG c.h.p.o.HiveMQPlatformReconciler - [helmcont] StatefulSet Status (revision: test-hivemq-platform-85948b8786, replicas: 1, available: 1, ready: 1, current: 0, updated: 1)
2025-01-28 23:57:45,174 INFO c.h.h.t.HelmChartContainer - [hivemq-test-hivemq-platform] [hivemq-platform-operator] [b936e29b] 23:57:45.168 [ReconcilerExecutor-hivemq-controller-134] DEBUG c.h.p.o.HiveMQPlatformReconciler - [helmcont] StatefulSet Spec (replicas: 2, init containers: 1, containers: 1, volumes: 3)
2025-01-28 23:57:45,174 INFO c.h.h.t.HelmChartContainer - [hivemq-test-hivemq-platform] [hivemq-platform-operator] [b936e29b] 23:57:45.169 [ReconcilerExecutor-hivemq-controller-134] DEBUG c.h.p.o.h.HiveMQPlatformReconcilerErrorHandler - [helmcont] Pod 'test-hivemq-platform-1' phase Running
2025-01-28 23:57:45,174 INFO c.h.h.t.HelmChartContainer - [hivemq-test-hivemq-platform] [hivemq-platform-operator] [b936e29b] 23:57:45.171 [ReconcilerExecutor-hivemq-controller-134] DEBUG c.h.p.o.h.HiveMQPlatformReconcilerErrorHandler - [helmcont] Pod 'test-hivemq-platform-0' phase Pending
2025-01-28 23:57:45,174 INFO c.h.h.t.HelmChartContainer - [hivemq-test-hivemq-platform] [hivemq-platform-operator] [b936e29b] 23:57:45.172 [ReconcilerExecutor-hivemq-controller-134] DEBUG c.h.p.o.h.HiveMQPlatformReconcilerErrorHandler - [helmcont] Pod 'test-hivemq-platform-0' condition 'PodReadyToStartContainers': False
2025-01-28 23:57:45,174 INFO c.h.h.t.HelmChartContainer - [hivemq-test-hivemq-platform] [hivemq-platform-operator] [b936e29b] 23:57:45.172 [ReconcilerExecutor-hivemq-controller-134] DEBUG c.h.p.o.h.HiveMQPlatformReconcilerErrorHandler - [helmcont] Pod 'test-hivemq-platform-0' condition 'Initialized': False
2025-01-28 23:57:45,174 INFO c.h.h.t.HelmChartContainer - [hivemq-test-hivemq-platform] [hivemq-platform-operator] [b936e29b] 23:57:45.172 [ReconcilerExecutor-hivemq-controller-134] DEBUG c.h.p.o.h.HiveMQPlatformReconcilerErrorHandler - [helmcont] Pod 'test-hivemq-platform-0' condition 'Ready': False
2025-01-28 23:57:45,174 INFO c.h.h.t.HelmChartContainer - [hivemq-test-hivemq-platform] [hivemq-platform-operator] [b936e29b] 23:57:45.172 [ReconcilerExecutor-hivemq-controller-134] DEBUG c.h.p.o.h.HiveMQPlatformReconcilerErrorHandler - [helmcont] Pod 'test-hivemq-platform-0' condition 'ContainersReady': False
2025-01-28 23:57:45,174 INFO c.h.h.t.HelmChartContainer - [hivemq-test-hivemq-platform] [hivemq-platform-operator] [b936e29b] 23:57:45.172 [ReconcilerExecutor-hivemq-controller-134] DEBUG c.h.p.o.h.HiveMQPlatformReconcilerErrorHandler - [helmcont] Pod 'test-hivemq-platform-0' condition 'PodScheduled': True
2025-01-28 23:57:45,174 INFO c.h.h.t.HelmChartContainer - [hivemq-test-hivemq-platform] [hivemq-platform-operator] [b936e29b] 23:57:45.172 [ReconcilerExecutor-hivemq-controller-134] DEBUG c.h.p.o.h.HiveMQPlatformReconcilerErrorHandler - [helmcont] Pod 'test-hivemq-platform-0' containerStatus 'hivemq' (started: false) (ready: false) (waiting: [PodInitializing] null)
2025-01-28 23:57:45,175 INFO c.h.h.t.HelmChartContainer - [hivemq-test-hivemq-platform] [hivemq-platform-operator] [b936e29b] 23:57:45.173 [ReconcilerExecutor-hivemq-controller-134] DEBUG c.h.p.o.h.HiveMQPlatformReconcilerRollingRestartHandler - [helmcont] Rolling restart is waiting for 1 of 2 replicas
2025-01-28 23:57:45,183 INFO c.h.h.t.HelmChartContainer - [hivemq-test-hivemq-platform] [hivemq-platform-operator] [b936e29b] 23:57:45.177 [pool-6-thread-13] DEBUG c.h.p.o.d.PlatformServiceResource - [helmcont] Desired Platform services (3 services)
2025-01-28 23:57:45,183 INFO c.h.h.t.HelmChartContainer - [hivemq-test-hivemq-platform] [hivemq-platform-operator] [b936e29b] 23:57:45.179 [pool-6-thread-20] DEBUG c.h.p.o.dependants.PodInfoConfigMap - [helmcont] Desired PodInfo ConfigMap (1 extensions) (1 enabled)
2025-01-28 23:57:45,183 INFO c.h.h.t.HelmChartContainer - [hivemq-test-hivemq-platform] [hivemq-platform-operator] [b936e29b] 23:57:45.179 [pool-6-thread-20] DEBUG c.h.p.o.dependants.PodInfoConfigMap - [helmcont] Desired PodInfo ConfigMap (metrics port: 9399) (metrics path: /)
2025-01-28 23:57:45,183 INFO c.h.h.t.HelmChartContainer - [hivemq-test-hivemq-platform] [hivemq-platform-operator] [b936e29b] 23:57:45.179 [pool-6-thread-20] DEBUG c.h.p.o.dependants.PodInfoConfigMap - [helmcont] Desired PodInfo ConfigMap (extension state hash: -1817474005)
2025-01-28 23:57:45,235 INFO c.h.h.t.HelmChartContainer - [hivemq-test-hivemq-platform] [hivemq-platform-operator] [b936e29b] 23:57:45.228 [pool-6-thread-20] DEBUG c.h.p.o.d.PodServiceAccountResource - [helmcont] Desired PodServiceAccountResource (serviceAccountName: hivemq-platform-pod-test-hivemq-platform)
2025-01-28 23:57:45,235 INFO c.h.h.t.HelmChartContainer - [K3S] [scope.go:117] "RemoveContainer" containerID="cec8ceeef5e18ad76ee3e3bbb577d1ba839571056e58ba87343100bb6a6c2f0e"
2025-01-28 23:57:45,236 INFO c.h.h.t.HelmChartContainer - [hivemq-test-hivemq-platform] [hivemq-platform-operator] [b936e29b] 23:57:45.233 [pool-6-thread-13] DEBUG c.h.p.o.d.StatefulSetResource - [helmcont] Desired StatefulSet (2 replicas) for status ROLLING_RESTART (RESTART_PODS_IN_PROGRESS)
2025-01-28 23:57:45,236 INFO c.h.h.t.HelmChartContainer - [hivemq-test-hivemq-platform] [hivemq-platform-operator] [b936e29b] 23:57:45.235 [ReconcilerExecutor-hivemq-controller-135] INFO  c.h.p.o.HiveMQPlatformReconciler - [helmcont] Reconciling HiveMQ Platform 'test-hivemq-platform' in namespace 'helmcontainersecuritycontextupgradeplatformit'
2025-01-28 23:57:45,237 INFO c.h.h.t.HelmChartContainer - [hivemq-test-hivemq-platform] [hivemq-platform-operator] [b936e29b] 23:57:45.235 [ReconcilerExecutor-hivemq-controller-135] DEBUG c.h.p.o.HiveMQPlatformReconciler - [helmcont] Custom Resource Status ROLLING_RESTART - HiveMQ Platform is restarting Pods (rolling restart) (RESTART_PODS_IN_PROGRESS)
2025-01-28 23:57:45,237 INFO c.h.h.t.HelmChartContainer - [hivemq-test-hivemq-platform] [hivemq-platform-operator] [b936e29b] 23:57:45.236 [ReconcilerExecutor-hivemq-controller-135] DEBUG c.h.p.o.HiveMQPlatformReconciler - [helmcont] Custom Resource Spec (replicas: 1) (extensions: 1)
2025-01-28 23:57:45,237 INFO c.h.h.t.HelmChartContainer - [hivemq-test-hivemq-platform] [hivemq-platform-operator] [b936e29b] 23:57:45.237 [ReconcilerExecutor-hivemq-controller-135] DEBUG c.h.p.o.HiveMQPlatformReconciler - [helmcont] StatefulSet Status (revision: test-hivemq-platform-85948b8786, replicas: 2, available: 1, ready: 1, current: 0, updated: 2)
2025-01-28 23:57:45,237 INFO c.h.h.t.HelmChartContainer - [hivemq-test-hivemq-platform] [hivemq-platform-operator] [b936e29b] 23:57:45.237 [ReconcilerExecutor-hivemq-controller-135] DEBUG c.h.p.o.HiveMQPlatformReconciler - [helmcont] StatefulSet Spec (replicas: 2, init containers: 1, containers: 1, volumes: 3)
2025-01-28 23:57:45,238 INFO c.h.h.t.HelmChartContainer - [hivemq-test-hivemq-platform] [hivemq-platform-operator] [b936e29b] 23:57:45.238 [ReconcilerExecutor-hivemq-controller-135] DEBUG c.h.p.o.h.HiveMQPlatformReconcilerErrorHandler - [helmcont] Pod 'test-hivemq-platform-1' phase Running
2025-01-28 23:57:45,240 INFO c.h.h.t.HelmChartContainer - [K3S] [scope.go:117] "RemoveContainer" containerID="2ca90a5c3c204aa4301bc160dcf97b8ab4f516bb71b12c7e178b6374ae24c7f2"
2025-01-28 23:57:45,240 INFO c.h.h.t.HelmChartContainer - [K3S] [scope.go:117] "RemoveContainer" containerID="cec8ceeef5e18ad76ee3e3bbb577d1ba839571056e58ba87343100bb6a6c2f0e"
2025-01-28 23:57:45,270 INFO c.h.h.t.HelmChartContainer - [hivemq-test-hivemq-platform] [hivemq-platform-operator] [b936e29b] 23:57:45.268 [ReconcilerExecutor-hivemq-controller-135] DEBUG c.h.p.o.h.HiveMQPlatformReconcilerErrorHandler - [helmcont] Pod 'test-hivemq-platform-0' phase Pending
2025-01-28 23:57:45,270 INFO c.h.h.t.HelmChartContainer - [hivemq-test-hivemq-platform] [hivemq-platform-operator] [b936e29b] 23:57:45.268 [ReconcilerExecutor-hivemq-controller-135] DEBUG c.h.p.o.h.HiveMQPlatformReconcilerErrorHandler - [helmcont] Pod 'test-hivemq-platform-0' condition 'PodReadyToStartContainers': False
2025-01-28 23:57:45,270 INFO c.h.h.t.HelmChartContainer - [hivemq-test-hivemq-platform] [hivemq-platform-operator] [b936e29b] 23:57:45.268 [ReconcilerExecutor-hivemq-controller-135] DEBUG c.h.p.o.h.HiveMQPlatformReconcilerErrorHandler - [helmcont] Pod 'test-hivemq-platform-0' condition 'Initialized': False
2025-01-28 23:57:45,270 INFO c.h.h.t.HelmChartContainer - [hivemq-test-hivemq-platform] [hivemq-platform-operator] [b936e29b] 23:57:45.268 [ReconcilerExecutor-hivemq-controller-135] DEBUG c.h.p.o.h.HiveMQPlatformReconcilerErrorHandler - [helmcont] Pod 'test-hivemq-platform-0' condition 'Ready': False
2025-01-28 23:57:45,270 INFO c.h.h.t.HelmChartContainer - [hivemq-test-hivemq-platform] [hivemq-platform-operator] [b936e29b] 23:57:45.268 [ReconcilerExecutor-hivemq-controller-135] DEBUG c.h.p.o.h.HiveMQPlatformReconcilerErrorHandler - [helmcont] Pod 'test-hivemq-platform-0' condition 'ContainersReady': False
2025-01-28 23:57:45,270 INFO c.h.h.t.HelmChartContainer - [hivemq-test-hivemq-platform] [hivemq-platform-operator] [b936e29b] 23:57:45.268 [ReconcilerExecutor-hivemq-controller-135] DEBUG c.h.p.o.h.HiveMQPlatformReconcilerErrorHandler - [helmcont] Pod 'test-hivemq-platform-0' condition 'PodScheduled': True
2025-01-28 23:57:45,270 INFO c.h.h.t.HelmChartContainer - [hivemq-test-hivemq-platform] [hivemq-platform-operator] [b936e29b] 23:57:45.268 [ReconcilerExecutor-hivemq-controller-135] DEBUG c.h.p.o.h.HiveMQPlatformReconcilerErrorHandler - [helmcont] Pod 'test-hivemq-platform-0' containerStatus 'hivemq' (started: false) (ready: false) (waiting: [PodInitializing] null)
2025-01-28 23:57:45,270 INFO c.h.h.t.HelmChartContainer - [hivemq-test-hivemq-platform] [hivemq-platform-operator] [b936e29b] 23:57:45.268 [ReconcilerExecutor-hivemq-controller-135] DEBUG c.h.p.o.h.HiveMQPlatformReconcilerRollingRestartHandler - [helmcont] Rolling restart is waiting for 1 of 2 replicas
2025-01-28 23:57:45,272 INFO c.h.h.t.HelmChartContainer - [hivemq-test-hivemq-platform] [hivemq-platform-operator] [b936e29b] 23:57:45.271 [pool-6-thread-22] DEBUG c.h.p.o.d.PlatformServiceResource - [helmcont] Desired Platform services (3 services)
2025-01-28 23:57:45,275 INFO c.h.h.t.HelmChartContainer - [hivemq-test-hivemq-platform] [hivemq-platform-operator] [b936e29b] 23:57:45.274 [pool-6-thread-29] DEBUG c.h.p.o.d.PodServiceAccountResource - [helmcont] Desired PodServiceAccountResource (serviceAccountName: hivemq-platform-pod-test-hivemq-platform)
2025-01-28 23:57:45,275 INFO c.h.h.t.HelmChartContainer - [hivemq-test-hivemq-platform] [hivemq-platform-operator] [b936e29b] 23:57:45.274 [pool-6-thread-25] DEBUG c.h.p.o.dependants.PodInfoConfigMap - [helmcont] Desired PodInfo ConfigMap (1 extensions) (1 enabled)
2025-01-28 23:57:45,275 INFO c.h.h.t.HelmChartContainer - [hivemq-test-hivemq-platform] [hivemq-platform-operator] [b936e29b] 23:57:45.274 [pool-6-thread-25] DEBUG c.h.p.o.dependants.PodInfoConfigMap - [helmcont] Desired PodInfo ConfigMap (metrics port: 9399) (metrics path: /)
2025-01-28 23:57:45,275 INFO c.h.h.t.HelmChartContainer - [hivemq-test-hivemq-platform] [hivemq-platform-operator] [b936e29b] 23:57:45.274 [pool-6-thread-25] DEBUG c.h.p.o.dependants.PodInfoConfigMap - [helmcont] Desired PodInfo ConfigMap (extension state hash: -1817474005)
2025-01-28 23:57:45,278 INFO c.h.h.t.HelmChartContainer - [K3S] [reconciler_common.go:251] "operationExecutor.VerifyControllerAttachedVolume started for volume \"pod-info\" (UniqueName: \"kubernetes.io/configmap/03570dda-c5e2-4425-bab5-52e1bcacb75d-pod-info\") pod \"test-hivemq-platform-0\" (UID: \"03570dda-c5e2-4425-bab5-52e1bcacb75d\") " pod="helmcontainersecuritycontextupgradeplatformit/test-hivemq-platform-0"
2025-01-28 23:57:45,278 INFO c.h.h.t.HelmChartContainer - [K3S] [reconciler_common.go:251] "operationExecutor.VerifyControllerAttachedVolume started for volume \"kube-api-access-lw7sl\" (UniqueName: \"kubernetes.io/projected/03570dda-c5e2-4425-bab5-52e1bcacb75d-kube-api-access-lw7sl\") pod \"test-hivemq-platform-0\" (UID: \"03570dda-c5e2-4425-bab5-52e1bcacb75d\") " pod="helmcontainersecuritycontextupgradeplatformit/test-hivemq-platform-0"
2025-01-28 23:57:45,278 INFO c.h.h.t.HelmChartContainer - [K3S] [reconciler_common.go:251] "operationExecutor.VerifyControllerAttachedVolume started for volume \"operator-init\" (UniqueName: \"kubernetes.io/empty-dir/03570dda-c5e2-4425-bab5-52e1bcacb75d-operator-init\") pod \"test-hivemq-platform-0\" (UID: \"03570dda-c5e2-4425-bab5-52e1bcacb75d\") " pod="helmcontainersecuritycontextupgradeplatformit/test-hivemq-platform-0"
2025-01-28 23:57:45,278 INFO c.h.h.t.HelmChartContainer - [K3S] [reconciler_common.go:251] "operationExecutor.VerifyControllerAttachedVolume started for volume \"broker-configuration\" (UniqueName: \"kubernetes.io/configmap/03570dda-c5e2-4425-bab5-52e1bcacb75d-broker-configuration\") pod \"test-hivemq-platform-0\" (UID: \"03570dda-c5e2-4425-bab5-52e1bcacb75d\") " pod="helmcontainersecuritycontextupgradeplatformit/test-hivemq-platform-0"
2025-01-28 23:57:45,330 INFO c.h.h.t.HelmChartContainer - [hivemq-test-hivemq-platform] [hivemq-platform-operator] [b936e29b] 23:57:45.329 [pool-6-thread-21] DEBUG c.h.p.o.d.StatefulSetResource - [helmcont] Desired StatefulSet (2 replicas) for status ROLLING_RESTART (RESTART_PODS_IN_PROGRESS)
2025-01-28 23:57:45,334 INFO c.h.h.t.HelmChartContainer - [hivemq-test-hivemq-platform] [hivemq-platform-operator] [b936e29b] 23:57:45.333 [ReconcilerExecutor-hivemq-controller-136] INFO  c.h.p.o.HiveMQPlatformReconciler - [helmcont] Reconciling HiveMQ Platform 'test-hivemq-platform' in namespace 'helmcontainersecuritycontextupgradeplatformit'
2025-01-28 23:57:45,334 INFO c.h.h.t.HelmChartContainer - [hivemq-test-hivemq-platform] [hivemq-platform-operator] [b936e29b] 23:57:45.333 [ReconcilerExecutor-hivemq-controller-136] DEBUG c.h.p.o.HiveMQPlatformReconciler - [helmcont] Custom Resource Status ROLLING_RESTART - HiveMQ Platform is restarting Pods (rolling restart) (RESTART_PODS_IN_PROGRESS)
2025-01-28 23:57:45,334 INFO c.h.h.t.HelmChartContainer - [hivemq-test-hivemq-platform] [hivemq-platform-operator] [b936e29b] 23:57:45.333 [ReconcilerExecutor-hivemq-controller-136] DEBUG c.h.p.o.HiveMQPlatformReconciler - [helmcont] Custom Resource Spec (replicas: 1) (extensions: 1)
2025-01-28 23:57:45,368 INFO c.h.h.t.HelmChartContainer - [hivemq-test-hivemq-platform] [hivemq-platform-operator] [b936e29b] 23:57:45.367 [ReconcilerExecutor-hivemq-controller-136] DEBUG c.h.p.o.HiveMQPlatformReconciler - [helmcont] StatefulSet Status (revision: test-hivemq-platform-85948b8786, replicas: 2, available: 1, ready: 1, current: 0, updated: 2)
2025-01-28 23:57:45,368 INFO c.h.h.t.HelmChartContainer - [hivemq-test-hivemq-platform] [hivemq-platform-operator] [b936e29b] 23:57:45.367 [ReconcilerExecutor-hivemq-controller-136] DEBUG c.h.p.o.HiveMQPlatformReconciler - [helmcont] StatefulSet Spec (replicas: 2, init containers: 1, containers: 1, volumes: 3)
2025-01-28 23:57:45,369 INFO c.h.h.t.HelmChartContainer - [hivemq-test-hivemq-platform] [hivemq-platform-operator] [b936e29b] 23:57:45.368 [ReconcilerExecutor-hivemq-controller-136] DEBUG c.h.p.o.h.HiveMQPlatformReconcilerErrorHandler - [helmcont] Pod 'test-hivemq-platform-1' phase Running
2025-01-28 23:57:45,370 INFO c.h.h.t.HelmChartContainer - [hivemq-test-hivemq-platform] [hivemq-platform-operator] [b936e29b] 23:57:45.369 [ReconcilerExecutor-hivemq-controller-136] DEBUG c.h.p.o.h.HiveMQPlatformReconcilerErrorHandler - [helmcont] Pod 'test-hivemq-platform-0' phase Pending
2025-01-28 23:57:45,370 INFO c.h.h.t.HelmChartContainer - [hivemq-test-hivemq-platform] [hivemq-platform-operator] [b936e29b] 23:57:45.369 [ReconcilerExecutor-hivemq-controller-136] DEBUG c.h.p.o.h.HiveMQPlatformReconcilerErrorHandler - [helmcont] Pod 'test-hivemq-platform-0' condition 'PodReadyToStartContainers': False
2025-01-28 23:57:45,370 INFO c.h.h.t.HelmChartContainer - [hivemq-test-hivemq-platform] [hivemq-platform-operator] [b936e29b] 23:57:45.369 [ReconcilerExecutor-hivemq-controller-136] DEBUG c.h.p.o.h.HiveMQPlatformReconcilerErrorHandler - [helmcont] Pod 'test-hivemq-platform-0' condition 'Initialized': False
2025-01-28 23:57:45,370 INFO c.h.h.t.HelmChartContainer - [hivemq-test-hivemq-platform] [hivemq-platform-operator] [b936e29b] 23:57:45.369 [ReconcilerExecutor-hivemq-controller-136] DEBUG c.h.p.o.h.HiveMQPlatformReconcilerErrorHandler - [helmcont] Pod 'test-hivemq-platform-0' condition 'Ready': False
2025-01-28 23:57:45,370 INFO c.h.h.t.HelmChartContainer - [hivemq-test-hivemq-platform] [hivemq-platform-operator] [b936e29b] 23:57:45.369 [ReconcilerExecutor-hivemq-controller-136] DEBUG c.h.p.o.h.HiveMQPlatformReconcilerErrorHandler - [helmcont] Pod 'test-hivemq-platform-0' condition 'ContainersReady': False
2025-01-28 23:57:45,370 INFO c.h.h.t.HelmChartContainer - [hivemq-test-hivemq-platform] [hivemq-platform-operator] [b936e29b] 23:57:45.369 [ReconcilerExecutor-hivemq-controller-136] DEBUG c.h.p.o.h.HiveMQPlatformReconcilerErrorHandler - [helmcont] Pod 'test-hivemq-platform-0' condition 'PodScheduled': True
2025-01-28 23:57:45,370 INFO c.h.h.t.HelmChartContainer - [hivemq-test-hivemq-platform] [hivemq-platform-operator] [b936e29b] 23:57:45.369 [ReconcilerExecutor-hivemq-controller-136] DEBUG c.h.p.o.h.HiveMQPlatformReconcilerErrorHandler - [helmcont] Pod 'test-hivemq-platform-0' containerStatus 'hivemq' (started: false) (ready: false) (waiting: [PodInitializing] null)
2025-01-28 23:57:45,370 INFO c.h.h.t.HelmChartContainer - [hivemq-test-hivemq-platform] [hivemq-platform-operator] [b936e29b] 23:57:45.369 [ReconcilerExecutor-hivemq-controller-136] DEBUG c.h.p.o.h.HiveMQPlatformReconcilerRollingRestartHandler - [helmcont] Rolling restart is waiting for 1 of 2 replicas
2025-01-28 23:57:45,497 INFO c.h.h.t.HelmChartContainer - [K3S] [kubelet_volumes.go:163] "Cleaned up orphaned pod volumes dir" podUID="561b81a0-efa1-45ea-b4f3-3b7dbde42e59" path="/var/lib/kubelet/pods/561b81a0-efa1-45ea-b4f3-3b7dbde42e59/volumes"
2025-01-28 23:57:45,536 INFO c.h.h.t.HelmChartContainer - [EVENT] Normal [Pulled] Container image "docker.io/hivemq/hivemq-platform-operator-init-test:snapshot" already present on machine [helmcontainersecuritycontextupgradeplatformit:test-hivemq-platform-0]
2025-01-28 23:57:45,543 INFO c.h.h.t.HelmChartContainer - [EVENT] Normal [Created] Created container: hivemq-platform-operator-init [helmcontainersecuritycontextupgradeplatformit:test-hivemq-platform-0]
2025-01-28 23:57:45,584 INFO c.h.h.t.HelmChartContainer - [EVENT] Normal [Started] Started container hivemq-platform-operator-init [helmcontainersecuritycontextupgradeplatformit:test-hivemq-platform-0]
2025-01-28 23:57:46,097 INFO c.h.h.t.HelmChartContainer - [EVENT] Normal [Pulled] Container image "docker.io/hivemq/hivemq4:4.36.0" already present on machine [helmcontainersecuritycontextupgradeplatformit:test-hivemq-platform-0]
2025-01-28 23:57:46,097 INFO c.h.h.t.HelmChartContainer - Received Pulled event for container hivemq in pod test-hivemq-platform-0 [03570dda-c5e2-4425-bab5-52e1bcacb75d]
2025-01-28 23:57:46,104 INFO c.h.h.t.HelmChartContainer - [POD] test-hivemq-platform-0 [03570dda-c5e2-4425-bab5-52e1bcacb75d] in helmcontainersecuritycontextupgradeplatformit was MODIFIED
2025-01-28 23:57:46,130 INFO c.h.h.t.HelmChartContainer - [hivemq-test-hivemq-platform] [hivemq-platform-operator] [b936e29b] 23:57:46.113 [pool-6-thread-33] DEBUG c.h.p.o.d.PlatformServiceResource - [helmcont] Desired Platform services (3 services)
2025-01-28 23:57:46,130 INFO c.h.h.t.HelmChartContainer - [hivemq-test-hivemq-platform] [hivemq-platform-operator] [b936e29b] 23:57:46.113 [pool-6-thread-35] DEBUG c.h.p.o.dependants.PodInfoConfigMap - [helmcont] Desired PodInfo ConfigMap (1 extensions) (1 enabled)
2025-01-28 23:57:46,130 INFO c.h.h.t.HelmChartContainer - [hivemq-test-hivemq-platform] [hivemq-platform-operator] [b936e29b] 23:57:46.113 [pool-6-thread-35] DEBUG c.h.p.o.dependants.PodInfoConfigMap - [helmcont] Desired PodInfo ConfigMap (metrics port: 9399) (metrics path: /)
2025-01-28 23:57:46,130 INFO c.h.h.t.HelmChartContainer - [hivemq-test-hivemq-platform] [hivemq-platform-operator] [b936e29b] 23:57:46.113 [pool-6-thread-35] DEBUG c.h.p.o.dependants.PodInfoConfigMap - [helmcont] Desired PodInfo ConfigMap (extension state hash: -1817474005)
2025-01-28 23:57:46,130 INFO c.h.h.t.HelmChartContainer - [hivemq-test-hivemq-platform] [hivemq-platform-operator] [b936e29b] 23:57:46.115 [pool-6-thread-35] DEBUG c.h.p.o.d.PodServiceAccountResource - [helmcont] Desired PodServiceAccountResource (serviceAccountName: hivemq-platform-pod-test-hivemq-platform)
2025-01-28 23:57:46,130 INFO c.h.h.t.HelmChartContainer - [hivemq-test-hivemq-platform] [hivemq-platform-operator] [b936e29b] 23:57:46.117 [pool-6-thread-33] DEBUG c.h.p.o.d.StatefulSetResource - [helmcont] Desired StatefulSet (2 replicas) for status ROLLING_RESTART (RESTART_PODS_IN_PROGRESS)
2025-01-28 23:57:46,133 INFO c.h.h.t.HelmChartContainer - [hivemq-test-hivemq-platform] [hivemq-platform-operator] [b936e29b] 23:57:46.123 [ReconcilerExecutor-hivemq-controller-137] INFO  c.h.p.o.HiveMQPlatformReconciler - [helmcont] Reconciling HiveMQ Platform 'test-hivemq-platform' in namespace 'helmcontainersecuritycontextupgradeplatformit'
2025-01-28 23:57:46,133 INFO c.h.h.t.HelmChartContainer - [hivemq-test-hivemq-platform] [hivemq-platform-operator] [b936e29b] 23:57:46.123 [ReconcilerExecutor-hivemq-controller-137] DEBUG c.h.p.o.HiveMQPlatformReconciler - [helmcont] Custom Resource Status ROLLING_RESTART - HiveMQ Platform is restarting Pods (rolling restart) (RESTART_PODS_IN_PROGRESS)
2025-01-28 23:57:46,135 INFO c.h.h.t.HelmChartContainer - [hivemq-test-hivemq-platform] [hivemq-platform-operator] [b936e29b] 23:57:46.124 [ReconcilerExecutor-hivemq-controller-137] DEBUG c.h.p.o.HiveMQPlatformReconciler - [helmcont] Custom Resource Spec (replicas: 1) (extensions: 1)
2025-01-28 23:57:46,136 INFO c.h.h.t.HelmChartContainer - [hivemq-test-hivemq-platform] [hivemq-platform-operator] [b936e29b] 23:57:46.125 [ReconcilerExecutor-hivemq-controller-137] DEBUG c.h.p.o.HiveMQPlatformReconciler - [helmcont] StatefulSet Status (revision: test-hivemq-platform-85948b8786, replicas: 2, available: 1, ready: 1, current: 0, updated: 2)
2025-01-28 23:57:46,136 INFO c.h.h.t.HelmChartContainer - [hivemq-test-hivemq-platform] [hivemq-platform-operator] [b936e29b] 23:57:46.125 [ReconcilerExecutor-hivemq-controller-137] DEBUG c.h.p.o.HiveMQPlatformReconciler - [helmcont] StatefulSet Spec (replicas: 2, init containers: 1, containers: 1, volumes: 3)
2025-01-28 23:57:46,136 INFO c.h.h.t.HelmChartContainer - [hivemq-test-hivemq-platform] [hivemq-platform-operator] [b936e29b] 23:57:46.127 [ReconcilerExecutor-hivemq-controller-137] DEBUG c.h.p.o.h.HiveMQPlatformReconcilerErrorHandler - [helmcont] Pod 'test-hivemq-platform-1' phase Running
2025-01-28 23:57:46,136 INFO c.h.h.t.HelmChartContainer - [hivemq-test-hivemq-platform] [hivemq-platform-operator] [b936e29b] 23:57:46.128 [ReconcilerExecutor-hivemq-controller-137] DEBUG c.h.p.o.h.HiveMQPlatformReconcilerErrorHandler - [helmcont] Pod 'test-hivemq-platform-0' phase Pending
2025-01-28 23:57:46,136 INFO c.h.h.t.HelmChartContainer - [hivemq-test-hivemq-platform] [hivemq-platform-operator] [b936e29b] 23:57:46.128 [ReconcilerExecutor-hivemq-controller-137] DEBUG c.h.p.o.h.HiveMQPlatformReconcilerErrorHandler - [helmcont] Pod 'test-hivemq-platform-0' condition 'PodReadyToStartContainers': True
2025-01-28 23:57:46,136 INFO c.h.h.t.HelmChartContainer - [hivemq-test-hivemq-platform] [hivemq-platform-operator] [b936e29b] 23:57:46.128 [ReconcilerExecutor-hivemq-controller-137] DEBUG c.h.p.o.h.HiveMQPlatformReconcilerErrorHandler - [helmcont] Pod 'test-hivemq-platform-0' condition 'Initialized': True
2025-01-28 23:57:46,136 INFO c.h.h.t.HelmChartContainer - [hivemq-test-hivemq-platform] [hivemq-platform-operator] [b936e29b] 23:57:46.128 [ReconcilerExecutor-hivemq-controller-137] DEBUG c.h.p.o.h.HiveMQPlatformReconcilerErrorHandler - [helmcont] Pod 'test-hivemq-platform-0' condition 'Ready': False
2025-01-28 23:57:46,136 INFO c.h.h.t.HelmChartContainer - [hivemq-test-hivemq-platform] [hivemq-platform-operator] [b936e29b] 23:57:46.129 [ReconcilerExecutor-hivemq-controller-137] DEBUG c.h.p.o.h.HiveMQPlatformReconcilerErrorHandler - [helmcont] Pod 'test-hivemq-platform-0' condition 'ContainersReady': False
2025-01-28 23:57:46,136 INFO c.h.h.t.HelmChartContainer - [hivemq-test-hivemq-platform] [hivemq-platform-operator] [b936e29b] 23:57:46.129 [ReconcilerExecutor-hivemq-controller-137] DEBUG c.h.p.o.h.HiveMQPlatformReconcilerErrorHandler - [helmcont] Pod 'test-hivemq-platform-0' condition 'PodScheduled': True
2025-01-28 23:57:46,136 INFO c.h.h.t.HelmChartContainer - [hivemq-test-hivemq-platform] [hivemq-platform-operator] [b936e29b] 23:57:46.129 [ReconcilerExecutor-hivemq-controller-137] DEBUG c.h.p.o.h.HiveMQPlatformReconcilerErrorHandler - [helmcont] Pod 'test-hivemq-platform-0' containerStatus 'hivemq' (started: false) (ready: false) (waiting: [PodInitializing] null)
2025-01-28 23:57:46,136 INFO c.h.h.t.HelmChartContainer - [hivemq-test-hivemq-platform] [hivemq-platform-operator] [b936e29b] 23:57:46.129 [ReconcilerExecutor-hivemq-controller-137] DEBUG c.h.p.o.h.HiveMQPlatformReconcilerRollingRestartHandler - [helmcont] Rolling restart is waiting for 1 of 2 replicas
2025-01-28 23:57:46,141 INFO c.h.h.t.HelmChartContainer - [EVENT] Normal [Created] Created container: hivemq [helmcontainersecuritycontextupgradeplatformit:test-hivemq-platform-0]
2025-01-28 23:57:46,141 INFO c.h.h.t.HelmChartContainer - Received Created event for container hivemq in pod test-hivemq-platform-0 [03570dda-c5e2-4425-bab5-52e1bcacb75d]
2025-01-28 23:57:47,111 INFO c.h.h.t.HelmChartContainer - [POD] test-hivemq-platform-0 [03570dda-c5e2-4425-bab5-52e1bcacb75d] in helmcontainersecuritycontextupgradeplatformit was MODIFIED
2025-01-28 23:57:47,113 INFO c.h.h.t.HelmChartContainer - [hivemq-test-hivemq-platform] [hivemq-platform-operator] [b936e29b] 23:57:47.111 [pool-6-thread-49] DEBUG c.h.p.o.d.PlatformServiceResource - [helmcont] Desired Platform services (3 services)
2025-01-28 23:57:47,113 INFO c.h.h.t.HelmChartContainer - [hivemq-test-hivemq-platform] [hivemq-platform-operator] [b936e29b] 23:57:47.112 [pool-6-thread-45] DEBUG c.h.p.o.dependants.PodInfoConfigMap - [helmcont] Desired PodInfo ConfigMap (1 extensions) (1 enabled)
2025-01-28 23:57:47,113 INFO c.h.h.t.HelmChartContainer - [hivemq-test-hivemq-platform] [hivemq-platform-operator] [b936e29b] 23:57:47.112 [pool-6-thread-45] DEBUG c.h.p.o.dependants.PodInfoConfigMap - [helmcont] Desired PodInfo ConfigMap (metrics port: 9399) (metrics path: /)
2025-01-28 23:57:47,113 INFO c.h.h.t.HelmChartContainer - [hivemq-test-hivemq-platform] [hivemq-platform-operator] [b936e29b] 23:57:47.112 [pool-6-thread-45] DEBUG c.h.p.o.dependants.PodInfoConfigMap - [helmcont] Desired PodInfo ConfigMap (extension state hash: -1817474005)
2025-01-28 23:57:47,114 INFO c.h.h.t.HelmChartContainer - [hivemq-test-hivemq-platform] [hivemq-platform-operator] [b936e29b] 23:57:47.113 [pool-6-thread-45] DEBUG c.h.p.o.d.PodServiceAccountResource - [helmcont] Desired PodServiceAccountResource (serviceAccountName: hivemq-platform-pod-test-hivemq-platform)
2025-01-28 23:57:47,126 INFO c.h.h.t.HelmChartContainer - Started log watcher for hivemq in pod test-hivemq-platform-0 [03570dda-c5e2-4425-bab5-52e1bcacb75d]
2025-01-28 23:57:47,126 INFO c.h.h.t.HelmChartContainer - [EVENT] Normal [Started] Started container hivemq [helmcontainersecuritycontextupgradeplatformit:test-hivemq-platform-0]
2025-01-28 23:57:47,126 INFO c.h.h.t.HelmChartContainer - Received Started event for container hivemq in pod test-hivemq-platform-0 [03570dda-c5e2-4425-bab5-52e1bcacb75d]
2025-01-28 23:57:47,129 INFO c.h.h.t.HelmChartContainer - [hivemq-test-hivemq-platform] [hivemq-platform-operator] [b936e29b] 23:57:47.120 [pool-6-thread-49] DEBUG c.h.p.o.d.StatefulSetResource - [helmcont] Desired StatefulSet (2 replicas) for status ROLLING_RESTART (RESTART_PODS_IN_PROGRESS)
2025-01-28 23:57:47,130 INFO c.h.h.t.HelmChartContainer - [hivemq-test-hivemq-platform] [hivemq-platform-operator] [b936e29b] 23:57:47.125 [ReconcilerExecutor-hivemq-controller-138] INFO  c.h.p.o.HiveMQPlatformReconciler - [helmcont] Reconciling HiveMQ Platform 'test-hivemq-platform' in namespace 'helmcontainersecuritycontextupgradeplatformit'
2025-01-28 23:57:47,130 INFO c.h.h.t.HelmChartContainer - [test-hivemq-platform] [hivemq] [03570dda] Adding pre-installed HiveMQ Platform Operator extensions
2025-01-28 23:57:47,130 INFO c.h.h.t.HelmChartContainer - [test-hivemq-platform] [hivemq] [03570dda] Running as user 10000
2025-01-28 23:57:47,130 INFO c.h.h.t.HelmChartContainer - [test-hivemq-platform] [hivemq] [03570dda] Starting HiveMQ Platform Operator Init
2025-01-28 23:57:47,130 INFO c.h.h.t.HelmChartContainer - [hivemq-test-hivemq-platform] [hivemq-platform-operator] [b936e29b] 23:57:47.126 [ReconcilerExecutor-hivemq-controller-138] DEBUG c.h.p.o.HiveMQPlatformReconciler - [helmcont] Custom Resource Status ROLLING_RESTART - HiveMQ Platform is restarting Pods (rolling restart) (RESTART_PODS_IN_PROGRESS)
2025-01-28 23:57:47,130 INFO c.h.h.t.HelmChartContainer - [hivemq-test-hivemq-platform] [hivemq-platform-operator] [b936e29b] 23:57:47.126 [ReconcilerExecutor-hivemq-controller-138] DEBUG c.h.p.o.HiveMQPlatformReconciler - [helmcont] Custom Resource Spec (replicas: 1) (extensions: 1)
2025-01-28 23:57:47,130 INFO c.h.h.t.HelmChartContainer - [hivemq-test-hivemq-platform] [hivemq-platform-operator] [b936e29b] 23:57:47.127 [ReconcilerExecutor-hivemq-controller-138] DEBUG c.h.p.o.HiveMQPlatformReconciler - [helmcont] StatefulSet Status (revision: test-hivemq-platform-85948b8786, replicas: 2, available: 1, ready: 1, current: 0, updated: 2)
2025-01-28 23:57:47,130 INFO c.h.h.t.HelmChartContainer - [hivemq-test-hivemq-platform] [hivemq-platform-operator] [b936e29b] 23:57:47.127 [ReconcilerExecutor-hivemq-controller-138] DEBUG c.h.p.o.HiveMQPlatformReconciler - [helmcont] StatefulSet Spec (replicas: 2, init containers: 1, containers: 1, volumes: 3)
2025-01-28 23:57:47,130 INFO c.h.h.t.HelmChartContainer - [hivemq-test-hivemq-platform] [hivemq-platform-operator] [b936e29b] 23:57:47.128 [ReconcilerExecutor-hivemq-controller-138] DEBUG c.h.p.o.h.HiveMQPlatformReconcilerErrorHandler - [helmcont] Pod 'test-hivemq-platform-1' phase Running
2025-01-28 23:57:47,134 INFO c.h.h.t.HelmChartContainer - [hivemq-test-hivemq-platform] [hivemq-platform-operator] [b936e29b] 23:57:47.133 [ReconcilerExecutor-hivemq-controller-138] DEBUG c.h.p.o.h.HiveMQPlatformReconcilerErrorHandler - [helmcont] Pod 'test-hivemq-platform-0' phase Running
2025-01-28 23:57:47,138 INFO c.h.h.t.HelmChartContainer - [hivemq-test-hivemq-platform] [hivemq-platform-operator] [b936e29b] 23:57:47.134 [ReconcilerExecutor-hivemq-controller-138] DEBUG c.h.p.o.h.HiveMQPlatformReconcilerRollingRestartHandler - [helmcont] Rolling restart is waiting for 1 of 2 replicas
2025-01-28 23:57:47,337 INFO c.h.h.t.HelmChartContainer - [test-hivemq-platform] [hivemq] [03570dda] INFO  - [HiveMQ Platform Operator Init 1.7.0-SNAPSHOT] HiveMQ Platform Operator Init 1.7.0-SNAPSHOT (commit: bebf408 on branch: HEAD) built on Sun Jan 26 20:47:47 UTC 2025
2025-01-28 23:57:48,448 INFO c.h.h.t.HelmChartContainer - [test-hivemq-platform] [hivemq] [03570dda] INFO  - [HiveMQ Platform Operator Init App 1.7.0-SNAPSHOT] Using bind address 10.42.0.12 from environment variable
2025-01-28 23:57:49,341 INFO c.h.h.t.HelmChartContainer - [test-hivemq-platform] [hivemq] [03570dda] INFO  - [HiveMQ Platform Operator Init App 1.7.0-SNAPSHOT] HiveMQ Platform Operator Init App 1.7.0-SNAPSHOT (commit: bebf408 on branch: HEAD) built on Sun Jan 26 20:47:47 UTC 2025
2025-01-28 23:57:49,341 INFO c.h.h.t.HelmChartContainer - [test-hivemq-platform] [hivemq] [03570dda] INFO  - [HiveMQ Platform Operator Init App 1.7.0-SNAPSHOT] PodInfo ConfigMap directory: /etc/podinfo
2025-01-28 23:57:49,341 INFO c.h.h.t.HelmChartContainer - [test-hivemq-platform] [hivemq] [03570dda] INFO  - [HiveMQ Platform Operator Init App 1.7.0-SNAPSHOT] HiveMQ home directory: /opt/hivemq
2025-01-28 23:57:49,341 INFO c.h.h.t.HelmChartContainer - [test-hivemq-platform] [hivemq] [03570dda] INFO  - [HiveMQ Platform Operator Init App 1.7.0-SNAPSHOT] HiveMQ Logback folder: /opt/hivemq/conf
2025-01-28 23:57:49,341 INFO c.h.h.t.HelmChartContainer - [test-hivemq-platform] [hivemq] [03570dda] INFO  - [HiveMQ Platform Operator Init App 1.7.0-SNAPSHOT] HiveMQ Config folder: /opt/hivemq/conf-k8s
2025-01-28 23:57:49,342 INFO c.h.h.t.HelmChartContainer - [test-hivemq-platform] [hivemq] [03570dda] INFO  - [HiveMQ Platform Operator Init App 1.7.0-SNAPSHOT] Starting HiveMQ Platform Operator Init App
2025-01-28 23:57:49,342 INFO c.h.h.t.HelmChartContainer - [test-hivemq-platform] [hivemq] [03570dda] INFO  - [HiveMQ Platform Operator Init App 1.7.0-SNAPSHOT] Starting Pod reconciler
2025-01-28 23:57:50,632 INFO c.h.h.t.HelmChartContainer - [test-hivemq-platform] [hivemq] [03570dda] INFO  - [HiveMQ Platform Operator Init App 1.7.0-SNAPSHOT] Pod reconciler is scheduled (interval: 5000 ms)
2025-01-28 23:57:50,633 INFO c.h.h.t.HelmChartContainer - [test-hivemq-platform] [hivemq] [03570dda] INFO  - [HiveMQ Platform Operator Init App 1.7.0-SNAPSHOT] Starting the REST API on 10.42.0.12:7979
2025-01-28 23:57:50,635 INFO c.h.h.t.HelmChartContainer - [test-hivemq-platform] [hivemq] [03570dda] INFO  - [HiveMQ Platform Operator Init App 1.7.0-SNAPSHOT] Waiting up to 600s for at most 2 HiveMQ nodes in cluster service hivemq-test-hivemq-platform-cluster.helmcontainersecuritycontextupgradeplatformit.svc
2025-01-28 23:57:51,003 INFO c.h.h.t.HelmChartContainer - [test-hivemq-platform] [hivemq] [03570dda] INFO  - [HiveMQ Platform Operator Init App 1.7.0-SNAPSHOT] Resolved 2 IP addresses: [10.42.0.11, 10.42.0.12]
2025-01-28 23:57:51,003 INFO c.h.h.t.HelmChartContainer - [test-hivemq-platform] [hivemq] [03570dda] INFO  - [HiveMQ Platform Operator Init App 1.7.0-SNAPSHOT] HiveMQ node count of 2 is within threshold of 2
2025-01-28 23:57:51,003 INFO c.h.h.t.HelmChartContainer - [test-hivemq-platform] [hivemq] [03570dda] INFO  - [HiveMQ Platform Operator Init App 1.7.0-SNAPSHOT] Waiting 15s for previous shutdown replication to finish...
2025-01-28 23:57:53,106 INFO c.h.h.t.HelmChartContainer - [test-hivemq-platform] [hivemq] [03570dda] INFO  - [HiveMQ Platform Operator Init App 1.7.0-SNAPSHOT] Returning default Health API response 503 for readiness
2025-01-28 23:57:53,215 INFO c.h.h.t.HelmChartContainer - [EVENT] Warning [Unhealthy] Readiness probe failed: HTTP probe failed with statuscode: 503 [helmcontainersecuritycontextupgradeplatformit:test-hivemq-platform-0]
2025-01-28 23:57:53,215 INFO c.h.h.t.HelmChartContainer - Received Unhealthy event for container hivemq in pod test-hivemq-platform-0 [03570dda-c5e2-4425-bab5-52e1bcacb75d]
2025-01-28 23:57:57,141 INFO c.h.h.t.HelmChartContainer - [hivemq-test-hivemq-platform] [hivemq-platform-operator] [b936e29b] 23:57:57.137 [pool-6-thread-8] DEBUG c.h.p.o.d.PlatformServiceResource - [helmcont] Desired Platform services (3 services)
2025-01-28 23:57:57,141 INFO c.h.h.t.HelmChartContainer - [hivemq-test-hivemq-platform] [hivemq-platform-operator] [b936e29b] 23:57:57.138 [pool-6-thread-4] DEBUG c.h.p.o.dependants.PodInfoConfigMap - [helmcont] Desired PodInfo ConfigMap (1 extensions) (1 enabled)
2025-01-28 23:57:57,141 INFO c.h.h.t.HelmChartContainer - [hivemq-test-hivemq-platform] [hivemq-platform-operator] [b936e29b] 23:57:57.138 [pool-6-thread-4] DEBUG c.h.p.o.dependants.PodInfoConfigMap - [helmcont] Desired PodInfo ConfigMap (metrics port: 9399) (metrics path: /)
2025-01-28 23:57:57,141 INFO c.h.h.t.HelmChartContainer - [hivemq-test-hivemq-platform] [hivemq-platform-operator] [b936e29b] 23:57:57.138 [pool-6-thread-4] DEBUG c.h.p.o.dependants.PodInfoConfigMap - [helmcont] Desired PodInfo ConfigMap (extension state hash: -1817474005)
2025-01-28 23:57:57,141 INFO c.h.h.t.HelmChartContainer - [hivemq-test-hivemq-platform] [hivemq-platform-operator] [b936e29b] 23:57:57.139 [pool-6-thread-4] DEBUG c.h.p.o.d.PodServiceAccountResource - [helmcont] Desired PodServiceAccountResource (serviceAccountName: hivemq-platform-pod-test-hivemq-platform)
2025-01-28 23:57:57,143 INFO c.h.h.t.HelmChartContainer - [hivemq-test-hivemq-platform] [hivemq-platform-operator] [b936e29b] 23:57:57.143 [pool-6-thread-8] DEBUG c.h.p.o.d.StatefulSetResource - [helmcont] Desired StatefulSet (2 replicas) for status ROLLING_RESTART (RESTART_PODS_IN_PROGRESS)
2025-01-28 23:57:57,146 INFO c.h.h.t.HelmChartContainer - [hivemq-test-hivemq-platform] [hivemq-platform-operator] [b936e29b] 23:57:57.145 [ReconcilerExecutor-hivemq-controller-139] INFO  c.h.p.o.HiveMQPlatformReconciler - [helmcont] Reconciling HiveMQ Platform 'test-hivemq-platform' in namespace 'helmcontainersecuritycontextupgradeplatformit'
2025-01-28 23:57:57,147 INFO c.h.h.t.HelmChartContainer - [hivemq-test-hivemq-platform] [hivemq-platform-operator] [b936e29b] 23:57:57.145 [ReconcilerExecutor-hivemq-controller-139] DEBUG c.h.p.o.HiveMQPlatformReconciler - [helmcont] Custom Resource Status ROLLING_RESTART - HiveMQ Platform is restarting Pods (rolling restart) (RESTART_PODS_IN_PROGRESS)
2025-01-28 23:57:57,148 INFO c.h.h.t.HelmChartContainer - [hivemq-test-hivemq-platform] [hivemq-platform-operator] [b936e29b] 23:57:57.145 [ReconcilerExecutor-hivemq-controller-139] DEBUG c.h.p.o.HiveMQPlatformReconciler - [helmcont] Custom Resource Spec (replicas: 1) (extensions: 1)
2025-01-28 23:57:57,148 INFO c.h.h.t.HelmChartContainer - [hivemq-test-hivemq-platform] [hivemq-platform-operator] [b936e29b] 23:57:57.146 [ReconcilerExecutor-hivemq-controller-139] DEBUG c.h.p.o.HiveMQPlatformReconciler - [helmcont] StatefulSet Status (revision: test-hivemq-platform-85948b8786, replicas: 2, available: 1, ready: 1, current: 0, updated: 2)
2025-01-28 23:57:57,149 INFO c.h.h.t.HelmChartContainer - [hivemq-test-hivemq-platform] [hivemq-platform-operator] [b936e29b] 23:57:57.146 [ReconcilerExecutor-hivemq-controller-139] DEBUG c.h.p.o.HiveMQPlatformReconciler - [helmcont] StatefulSet Spec (replicas: 2, init containers: 1, containers: 1, volumes: 3)
2025-01-28 23:57:57,149 INFO c.h.h.t.HelmChartContainer - [hivemq-test-hivemq-platform] [hivemq-platform-operator] [b936e29b] 23:57:57.147 [ReconcilerExecutor-hivemq-controller-139] DEBUG c.h.p.o.h.HiveMQPlatformReconcilerErrorHandler - [helmcont] Pod 'test-hivemq-platform-1' phase Running
2025-01-28 23:57:57,150 INFO c.h.h.t.HelmChartContainer - [hivemq-test-hivemq-platform] [hivemq-platform-operator] [b936e29b] 23:57:57.148 [ReconcilerExecutor-hivemq-controller-139] DEBUG c.h.p.o.h.HiveMQPlatformReconcilerErrorHandler - [helmcont] Pod 'test-hivemq-platform-0' phase Running
2025-01-28 23:57:57,151 INFO c.h.h.t.HelmChartContainer - [hivemq-test-hivemq-platform] [hivemq-platform-operator] [b936e29b] 23:57:57.150 [ReconcilerExecutor-hivemq-controller-139] DEBUG c.h.p.o.h.HiveMQPlatformReconcilerRollingRestartHandler - [helmcont] Rolling restart is waiting for 1 of 2 replicas
2025-01-28 23:57:58,048 INFO c.h.h.t.HelmChartContainer - [test-hivemq-platform] [hivemq] [03570dda] INFO  - [HiveMQ Platform Operator Init App 1.7.0-SNAPSHOT] Updating Pod HiveMQ Platform Operator Init App version annotation (version: 1.7.0-SNAPSHOT)
2025-01-28 23:57:58,131 INFO c.h.h.t.HelmChartContainer - [EVENT] Warning [Unhealthy] Readiness probe failed: HTTP probe failed with statuscode: 503 [helmcontainersecuritycontextupgradeplatformit:test-hivemq-platform-0]
2025-01-28 23:57:58,131 INFO c.h.h.t.HelmChartContainer - Received Unhealthy event for container hivemq in pod test-hivemq-platform-0 [03570dda-c5e2-4425-bab5-52e1bcacb75d]
2025-01-28 23:57:58,445 INFO c.h.h.t.HelmChartContainer - [POD] test-hivemq-platform-0 [03570dda-c5e2-4425-bab5-52e1bcacb75d] in helmcontainersecuritycontextupgradeplatformit was MODIFIED
2025-01-28 23:57:58,449 INFO c.h.h.t.HelmChartContainer - [hivemq-test-hivemq-platform] [hivemq-platform-operator] [b936e29b] 23:57:58.448 [pool-6-thread-12] DEBUG c.h.p.o.d.PlatformServiceResource - [helmcont] Desired Platform services (3 services)
2025-01-28 23:57:58,451 INFO c.h.h.t.HelmChartContainer - [hivemq-test-hivemq-platform] [hivemq-platform-operator] [b936e29b] 23:57:58.449 [pool-6-thread-16] DEBUG c.h.p.o.d.PodServiceAccountResource - [helmcont] Desired PodServiceAccountResource (serviceAccountName: hivemq-platform-pod-test-hivemq-platform)
2025-01-28 23:57:58,452 INFO c.h.h.t.HelmChartContainer - [hivemq-test-hivemq-platform] [hivemq-platform-operator] [b936e29b] 23:57:58.451 [pool-6-thread-17] DEBUG c.h.p.o.dependants.PodInfoConfigMap - [helmcont] Desired PodInfo ConfigMap (1 extensions) (1 enabled)
2025-01-28 23:57:58,452 INFO c.h.h.t.HelmChartContainer - [hivemq-test-hivemq-platform] [hivemq-platform-operator] [b936e29b] 23:57:58.451 [pool-6-thread-17] DEBUG c.h.p.o.dependants.PodInfoConfigMap - [helmcont] Desired PodInfo ConfigMap (metrics port: 9399) (metrics path: /)
2025-01-28 23:57:58,452 INFO c.h.h.t.HelmChartContainer - [hivemq-test-hivemq-platform] [hivemq-platform-operator] [b936e29b] 23:57:58.451 [pool-6-thread-17] DEBUG c.h.p.o.dependants.PodInfoConfigMap - [helmcont] Desired PodInfo ConfigMap (extension state hash: -1817474005)
2025-01-28 23:57:58,455 INFO c.h.h.t.HelmChartContainer - [hivemq-test-hivemq-platform] [hivemq-platform-operator] [b936e29b] 23:57:58.453 [pool-6-thread-13] DEBUG c.h.p.o.d.StatefulSetResource - [helmcont] Desired StatefulSet (2 replicas) for status ROLLING_RESTART (RESTART_PODS_IN_PROGRESS)
2025-01-28 23:57:58,456 INFO c.h.h.t.HelmChartContainer - [hivemq-test-hivemq-platform] [hivemq-platform-operator] [b936e29b] 23:57:58.455 [ReconcilerExecutor-hivemq-controller-140] INFO  c.h.p.o.HiveMQPlatformReconciler - [helmcont] Reconciling HiveMQ Platform 'test-hivemq-platform' in namespace 'helmcontainersecuritycontextupgradeplatformit'
2025-01-28 23:57:58,457 INFO c.h.h.t.HelmChartContainer - [hivemq-test-hivemq-platform] [hivemq-platform-operator] [b936e29b] 23:57:58.455 [ReconcilerExecutor-hivemq-controller-140] DEBUG c.h.p.o.HiveMQPlatformReconciler - [helmcont] Custom Resource Status ROLLING_RESTART - HiveMQ Platform is restarting Pods (rolling restart) (RESTART_PODS_IN_PROGRESS)
2025-01-28 23:57:58,457 INFO c.h.h.t.HelmChartContainer - [hivemq-test-hivemq-platform] [hivemq-platform-operator] [b936e29b] 23:57:58.455 [ReconcilerExecutor-hivemq-controller-140] DEBUG c.h.p.o.HiveMQPlatformReconciler - [helmcont] Custom Resource Spec (replicas: 1) (extensions: 1)
2025-01-28 23:57:58,458 INFO c.h.h.t.HelmChartContainer - [hivemq-test-hivemq-platform] [hivemq-platform-operator] [b936e29b] 23:57:58.456 [ReconcilerExecutor-hivemq-controller-140] DEBUG c.h.p.o.HiveMQPlatformReconciler - [helmcont] StatefulSet Status (revision: test-hivemq-platform-85948b8786, replicas: 2, available: 1, ready: 1, current: 0, updated: 2)
2025-01-28 23:57:58,458 INFO c.h.h.t.HelmChartContainer - [hivemq-test-hivemq-platform] [hivemq-platform-operator] [b936e29b] 23:57:58.456 [ReconcilerExecutor-hivemq-controller-140] DEBUG c.h.p.o.HiveMQPlatformReconciler - [helmcont] StatefulSet Spec (replicas: 2, init containers: 1, containers: 1, volumes: 3)
2025-01-28 23:57:58,458 INFO c.h.h.t.HelmChartContainer - [hivemq-test-hivemq-platform] [hivemq-platform-operator] [b936e29b] 23:57:58.457 [ReconcilerExecutor-hivemq-controller-140] DEBUG c.h.p.o.h.HiveMQPlatformReconcilerErrorHandler - [helmcont] Pod 'test-hivemq-platform-1' phase Running
2025-01-28 23:57:58,460 INFO c.h.h.t.HelmChartContainer - [hivemq-test-hivemq-platform] [hivemq-platform-operator] [b936e29b] 23:57:58.458 [ReconcilerExecutor-hivemq-controller-140] DEBUG c.h.p.o.h.HiveMQPlatformReconcilerErrorHandler - [helmcont] Pod 'test-hivemq-platform-0' phase Running
2025-01-28 23:57:58,460 INFO c.h.h.t.HelmChartContainer - [hivemq-test-hivemq-platform] [hivemq-platform-operator] [b936e29b] 23:57:58.459 [ReconcilerExecutor-hivemq-controller-140] DEBUG c.h.p.o.h.HiveMQPlatformReconcilerRollingRestartHandler - [helmcont] Rolling restart is waiting for 1 of 2 replicas
2025-01-28 23:57:58,504 INFO c.h.h.t.HelmChartContainer - [EVENT] Warning [Unhealthy] Readiness probe failed: HTTP probe failed with statuscode: 503 [helmcontainersecuritycontextupgradeplatformit:test-hivemq-platform-0]
2025-01-28 23:57:58,504 INFO c.h.h.t.HelmChartContainer - Received Unhealthy event for container hivemq in pod test-hivemq-platform-0 [03570dda-c5e2-4425-bab5-52e1bcacb75d]
2025-01-28 23:57:58,526 INFO c.h.h.t.HelmChartContainer - [test-hivemq-platform] [hivemq] [03570dda] INFO  - [HiveMQ Platform Operator Init App 1.7.0-SNAPSHOT] Successfully updated Pod HiveMQ Platform Operator Init App version annotation (version: 1.7.0-SNAPSHOT)
2025-01-28 23:58:03,450 INFO c.h.h.t.HelmChartContainer - [EVENT] Warning [Unhealthy] Readiness probe failed: HTTP probe failed with statuscode: 503 [helmcontainersecuritycontextupgradeplatformit:test-hivemq-platform-0]
2025-01-28 23:58:03,450 INFO c.h.h.t.HelmChartContainer - Received Unhealthy event for container hivemq in pod test-hivemq-platform-0 [03570dda-c5e2-4425-bab5-52e1bcacb75d]
2025-01-28 23:58:06,003 INFO c.h.h.t.HelmChartContainer - [test-hivemq-platform] [hivemq] [03570dda] INFO  - [HiveMQ Platform Operator Init App 1.7.0-SNAPSHOT] Proceeding with container start
2025-01-28 23:58:06,005 INFO c.h.h.t.HelmChartContainer - [test-hivemq-platform] [hivemq] [03570dda] INFO  - [HiveMQ Platform Operator Init App 1.7.0-SNAPSHOT] Initializing HiveMQ Platform extensions with initial configuration: {hivemq-allow-all-extension={start-priority=-1, skip-https-hostname-verification=false, restart=true, config-version=0, header-version=0, c-uri=, priority=-1, uri=preinstalled, skip-https-certificate-validation=false, enabled=true}, hivemq-prometheus-extension={request-header-path=no-request-headers, uri=preinstalled, skip-https-certificate-validation=false, skip-https-hostname-verification=false, c-uri=, start-priority=-1, priority=-1, restart=true, enabled=true}}
2025-01-28 23:58:06,400 INFO c.h.h.t.HelmChartContainer - [test-hivemq-platform] [hivemq] [03570dda] INFO  - [HiveMQ Platform Operator Init App 1.7.0-SNAPSHOT] Extension hivemq-allow-all-extension was already enabled
2025-01-28 23:58:06,409 INFO c.h.h.t.HelmChartContainer - [test-hivemq-platform] [hivemq] [03570dda] INFO  - [HiveMQ Platform Operator Init App 1.7.0-SNAPSHOT] Successfully enabled extension hivemq-prometheus-extension
2025-01-28 23:58:06,411 INFO c.h.h.t.HelmChartContainer - [test-hivemq-platform] [hivemq] [03570dda] INFO  - [HiveMQ Platform Operator Init App 1.7.0-SNAPSHOT] Starting HiveMQ Platform version 4.36.0 (4.36.0)
2025-01-28 23:58:06,412 INFO c.h.h.t.HelmChartContainer - [test-hivemq-platform] [hivemq] [03570dda] INFO  - [HiveMQ Platform Operator Init App 1.7.0-SNAPSHOT] Configuring the HiveMQ Platform
2025-01-28 23:58:06,430 INFO c.h.h.t.HelmChartContainer - [test-hivemq-platform] [hivemq] [03570dda] INFO  - [HiveMQ Platform Operator Init App 1.7.0-SNAPSHOT] Changed logback.xml file scan period to 20 seconds
2025-01-28 23:58:06,509 INFO c.h.h.t.HelmChartContainer - [test-hivemq-platform] [hivemq] [03570dda] INFO  - [HiveMQ Platform Operator Init App 1.7.0-SNAPSHOT] Starting the HiveMQ Platform
2025-01-28 23:58:06,512 INFO c.h.h.t.HelmChartContainer - [test-hivemq-platform] [hivemq] [03570dda] -------------------------------------------------------------------------
2025-01-28 23:58:06,512 INFO c.h.h.t.HelmChartContainer - [test-hivemq-platform] [hivemq] [03570dda] 
2025-01-28 23:58:06,512 INFO c.h.h.t.HelmChartContainer - [test-hivemq-platform] [hivemq] [03570dda]                   _    _  _              __  __   ____
2025-01-28 23:58:06,512 INFO c.h.h.t.HelmChartContainer - [test-hivemq-platform] [hivemq] [03570dda]                  | |  | |(_)            |  \/  | / __ \
2025-01-28 23:58:06,512 INFO c.h.h.t.HelmChartContainer - [test-hivemq-platform] [hivemq] [03570dda]                  | |__| | _ __   __ ___ | \  / || |  | |
2025-01-28 23:58:06,512 INFO c.h.h.t.HelmChartContainer - [test-hivemq-platform] [hivemq] [03570dda]                  |  __  || |\ \ / // _ \| |\/| || |  | |
2025-01-28 23:58:06,512 INFO c.h.h.t.HelmChartContainer - [test-hivemq-platform] [hivemq] [03570dda]                  | |  | || | \ V /|  __/| |  | || |__| |
2025-01-28 23:58:06,512 INFO c.h.h.t.HelmChartContainer - [test-hivemq-platform] [hivemq] [03570dda]                  |_|  |_||_|  \_/  \___||_|  |_| \___\_\
2025-01-28 23:58:06,512 INFO c.h.h.t.HelmChartContainer - [test-hivemq-platform] [hivemq] [03570dda] 
2025-01-28 23:58:06,512 INFO c.h.h.t.HelmChartContainer - [test-hivemq-platform] [hivemq] [03570dda] -------------------------------------------------------------------------
2025-01-28 23:58:06,512 INFO c.h.h.t.HelmChartContainer - [test-hivemq-platform] [hivemq] [03570dda] 
2025-01-28 23:58:06,512 INFO c.h.h.t.HelmChartContainer - [test-hivemq-platform] [hivemq] [03570dda]   HiveMQ Start Script for Linux/Unix v1.14
2025-01-28 23:58:06,512 INFO c.h.h.t.HelmChartContainer - [test-hivemq-platform] [hivemq] [03570dda] 
2025-01-28 23:58:06,632 INFO c.h.h.t.HelmChartContainer - [test-hivemq-platform] [hivemq] [03570dda] -------------------------------------------------------------------------
2025-01-28 23:58:06,632 INFO c.h.h.t.HelmChartContainer - [test-hivemq-platform] [hivemq] [03570dda] 
2025-01-28 23:58:06,632 INFO c.h.h.t.HelmChartContainer - [test-hivemq-platform] [hivemq] [03570dda]   HIVEMQ_HOME: /opt/hivemq
2025-01-28 23:58:06,632 INFO c.h.h.t.HelmChartContainer - [test-hivemq-platform] [hivemq] [03570dda] 
2025-01-28 23:58:06,632 INFO c.h.h.t.HelmChartContainer - [test-hivemq-platform] [hivemq] [03570dda]   JAVA_OPTS: -XX:+UnlockExperimentalVMOptions -XX:InitialRAMPercentage=50 -XX:MaxRAMPercentage=50 -Djava.net.preferIPv4Stack=true --add-opens java.base/java.lang=ALL-UNNAMED --add-opens java.base/java.nio=ALL-UNNAMED --add-opens java.base/sun.nio.ch=ALL-UNNAMED --add-opens jdk.management/com.sun.management.internal=ALL-UNNAMED --add-exports java.base/jdk.internal.misc=ALL-UNNAMED -Djava.security.egd=file:/dev/./urandom -Dcom.sun.management.jmxremote -Dcom.sun.management.jmxremote.port=9010 -Dcom.sun.management.jmxremote.local.only=false -Dcom.sun.management.jmxremote.authenticate=false -Dcom.sun.management.jmxremote.ssl=false -Duser.language=en -Duser.region=US -XX:+CrashOnOutOfMemoryError -XX:+HeapDumpOnOutOfMemoryError
2025-01-28 23:58:06,632 INFO c.h.h.t.HelmChartContainer - [test-hivemq-platform] [hivemq] [03570dda] 
2025-01-28 23:58:06,632 INFO c.h.h.t.HelmChartContainer - [test-hivemq-platform] [hivemq] [03570dda]   JAVA_VERSION: 21
2025-01-28 23:58:06,632 INFO c.h.h.t.HelmChartContainer - [test-hivemq-platform] [hivemq] [03570dda] 
2025-01-28 23:58:06,632 INFO c.h.h.t.HelmChartContainer - [test-hivemq-platform] [hivemq] [03570dda] -------------------------------------------------------------------------
2025-01-28 23:58:06,633 INFO c.h.h.t.HelmChartContainer - [test-hivemq-platform] [hivemq] [03570dda] 
2025-01-28 23:58:08,463 INFO c.h.h.t.HelmChartContainer - [hivemq-test-hivemq-platform] [hivemq-platform-operator] [b936e29b] 23:58:08.461 [pool-6-thread-28] DEBUG c.h.p.o.d.PlatformServiceResource - [helmcont] Desired Platform services (3 services)
2025-01-28 23:58:08,464 INFO c.h.h.t.HelmChartContainer - [hivemq-test-hivemq-platform] [hivemq-platform-operator] [b936e29b] 23:58:08.461 [pool-6-thread-29] DEBUG c.h.p.o.d.PodServiceAccountResource - [helmcont] Desired PodServiceAccountResource (serviceAccountName: hivemq-platform-pod-test-hivemq-platform)
2025-01-28 23:58:08,464 INFO c.h.h.t.HelmChartContainer - [hivemq-test-hivemq-platform] [hivemq-platform-operator] [b936e29b] 23:58:08.462 [pool-6-thread-23] DEBUG c.h.p.o.dependants.PodInfoConfigMap - [helmcont] Desired PodInfo ConfigMap (1 extensions) (1 enabled)
2025-01-28 23:58:08,464 INFO c.h.h.t.HelmChartContainer - [hivemq-test-hivemq-platform] [hivemq-platform-operator] [b936e29b] 23:58:08.462 [pool-6-thread-23] DEBUG c.h.p.o.dependants.PodInfoConfigMap - [helmcont] Desired PodInfo ConfigMap (metrics port: 9399) (metrics path: /)
2025-01-28 23:58:08,464 INFO c.h.h.t.HelmChartContainer - [hivemq-test-hivemq-platform] [hivemq-platform-operator] [b936e29b] 23:58:08.463 [pool-6-thread-23] DEBUG c.h.p.o.dependants.PodInfoConfigMap - [helmcont] Desired PodInfo ConfigMap (extension state hash: -1817474005)
2025-01-28 23:58:08,466 INFO c.h.h.t.HelmChartContainer - [hivemq-test-hivemq-platform] [hivemq-platform-operator] [b936e29b] 23:58:08.465 [pool-6-thread-23] DEBUG c.h.p.o.d.StatefulSetResource - [helmcont] Desired StatefulSet (2 replicas) for status ROLLING_RESTART (RESTART_PODS_IN_PROGRESS)
2025-01-28 23:58:08,468 INFO c.h.h.t.HelmChartContainer - [hivemq-test-hivemq-platform] [hivemq-platform-operator] [b936e29b] 23:58:08.467 [ReconcilerExecutor-hivemq-controller-141] INFO  c.h.p.o.HiveMQPlatformReconciler - [helmcont] Reconciling HiveMQ Platform 'test-hivemq-platform' in namespace 'helmcontainersecuritycontextupgradeplatformit'
2025-01-28 23:58:08,469 INFO c.h.h.t.HelmChartContainer - [hivemq-test-hivemq-platform] [hivemq-platform-operator] [b936e29b] 23:58:08.467 [ReconcilerExecutor-hivemq-controller-141] DEBUG c.h.p.o.HiveMQPlatformReconciler - [helmcont] Custom Resource Status ROLLING_RESTART - HiveMQ Platform is restarting Pods (rolling restart) (RESTART_PODS_IN_PROGRESS)
2025-01-28 23:58:08,469 INFO c.h.h.t.HelmChartContainer - [hivemq-test-hivemq-platform] [hivemq-platform-operator] [b936e29b] 23:58:08.467 [ReconcilerExecutor-hivemq-controller-141] DEBUG c.h.p.o.HiveMQPlatformReconciler - [helmcont] Custom Resource Spec (replicas: 1) (extensions: 1)
2025-01-28 23:58:08,470 INFO c.h.h.t.HelmChartContainer - [hivemq-test-hivemq-platform] [hivemq-platform-operator] [b936e29b] 23:58:08.468 [ReconcilerExecutor-hivemq-controller-141] DEBUG c.h.p.o.HiveMQPlatformReconciler - [helmcont] StatefulSet Status (revision: test-hivemq-platform-85948b8786, replicas: 2, available: 1, ready: 1, current: 0, updated: 2)
2025-01-28 23:58:08,470 INFO c.h.h.t.HelmChartContainer - [hivemq-test-hivemq-platform] [hivemq-platform-operator] [b936e29b] 23:58:08.468 [ReconcilerExecutor-hivemq-controller-141] DEBUG c.h.p.o.HiveMQPlatformReconciler - [helmcont] StatefulSet Spec (replicas: 2, init containers: 1, containers: 1, volumes: 3)
2025-01-28 23:58:08,470 INFO c.h.h.t.HelmChartContainer - [hivemq-test-hivemq-platform] [hivemq-platform-operator] [b936e29b] 23:58:08.469 [ReconcilerExecutor-hivemq-controller-141] DEBUG c.h.p.o.h.HiveMQPlatformReconcilerErrorHandler - [helmcont] Pod 'test-hivemq-platform-1' phase Running
2025-01-28 23:58:08,471 INFO c.h.h.t.HelmChartContainer - [hivemq-test-hivemq-platform] [hivemq-platform-operator] [b936e29b] 23:58:08.471 [ReconcilerExecutor-hivemq-controller-141] DEBUG c.h.p.o.h.HiveMQPlatformReconcilerErrorHandler - [helmcont] Pod 'test-hivemq-platform-0' phase Running
2025-01-28 23:58:08,472 INFO c.h.h.t.HelmChartContainer - [hivemq-test-hivemq-platform] [hivemq-platform-operator] [b936e29b] 23:58:08.471 [ReconcilerExecutor-hivemq-controller-141] DEBUG c.h.p.o.h.HiveMQPlatformReconcilerRollingRestartHandler - [helmcont] Rolling restart is waiting for 1 of 2 replicas
2025-01-28 23:58:08,506 INFO c.h.h.t.HelmChartContainer - [EVENT] Warning [Unhealthy] Readiness probe failed: HTTP probe failed with statuscode: 503 [helmcontainersecuritycontextupgradeplatformit:test-hivemq-platform-0]
2025-01-28 23:58:08,506 INFO c.h.h.t.HelmChartContainer - Received Unhealthy event for container hivemq in pod test-hivemq-platform-0 [03570dda-c5e2-4425-bab5-52e1bcacb75d]
2025-01-28 23:58:09,112 INFO c.h.h.t.HelmChartContainer - [test-hivemq-platform] [hivemq] [03570dda] INFO  - Starting HiveMQ Enterprise Server
2025-01-28 23:58:09,125 INFO c.h.h.t.HelmChartContainer - [test-hivemq-platform] [hivemq] [03570dda] INFO  - HiveMQ version: 4.36.0
2025-01-28 23:58:09,126 INFO c.h.h.t.HelmChartContainer - [test-hivemq-platform] [hivemq] [03570dda] INFO  - HiveMQ home directory: /opt/hivemq
2025-01-28 23:58:09,126 INFO c.h.h.t.HelmChartContainer - [test-hivemq-platform] [hivemq] [03570dda] INFO  - Log Configuration was overridden by /opt/hivemq/conf/logback.xml
2025-01-28 23:58:10,502 INFO c.h.h.t.HelmChartContainer - [test-hivemq-platform] [hivemq] [03570dda] INFO  - Successfully loaded configuration from '/opt/hivemq/conf-k8s/config.xml'.
2025-01-28 23:58:10,903 INFO c.h.h.t.HelmChartContainer - [test-hivemq-platform] [hivemq] [03570dda] INFO  - This node's ID is bugfE
2025-01-28 23:58:10,903 INFO c.h.h.t.HelmChartContainer - [test-hivemq-platform] [hivemq] [03570dda] INFO  - Clustering is enabled
2025-01-28 23:58:13,829 INFO c.h.h.t.HelmChartContainer - [test-hivemq-platform] [hivemq] [03570dda] WARN  - [HiveMQ Platform Operator Init App 1.7.0-SNAPSHOT] Cannot connect to Health API for readiness: null
2025-01-28 23:58:13,835 INFO c.h.h.t.HelmChartContainer - [EVENT] Warning [Unhealthy] Readiness probe failed: HTTP probe failed with statuscode: 503 [helmcontainersecuritycontextupgradeplatformit:test-hivemq-platform-0]
2025-01-28 23:58:13,835 INFO c.h.h.t.HelmChartContainer - Received Unhealthy event for container hivemq in pod test-hivemq-platform-0 [03570dda-c5e2-4425-bab5-52e1bcacb75d]
2025-01-28 23:58:15,502 INFO c.h.h.t.HelmChartContainer - [test-hivemq-platform] [hivemq] [03570dda] WARN  - [HiveMQ Platform Operator Init App 1.7.0-SNAPSHOT] Cannot connect to Health API for liveness: null
2025-01-28 23:58:15,502 INFO c.h.h.t.HelmChartContainer - [test-hivemq-platform] [hivemq] [03570dda] INFO  - [HiveMQ Platform Operator Init App 1.7.0-SNAPSHOT] Returning default Health API response 200 for liveness
2025-01-28 23:58:18,475 INFO c.h.h.t.HelmChartContainer - [hivemq-test-hivemq-platform] [hivemq-platform-operator] [b936e29b] 23:58:18.474 [pool-6-thread-32] DEBUG c.h.p.o.d.PlatformServiceResource - [helmcont] Desired Platform services (3 services)
2025-01-28 23:58:18,475 INFO c.h.h.t.HelmChartContainer - [hivemq-test-hivemq-platform] [hivemq-platform-operator] [b936e29b] 23:58:18.474 [pool-6-thread-40] DEBUG c.h.p.o.dependants.PodInfoConfigMap - [helmcont] Desired PodInfo ConfigMap (1 extensions) (1 enabled)
2025-01-28 23:58:18,475 INFO c.h.h.t.HelmChartContainer - [hivemq-test-hivemq-platform] [hivemq-platform-operator] [b936e29b] 23:58:18.474 [pool-6-thread-40] DEBUG c.h.p.o.dependants.PodInfoConfigMap - [helmcont] Desired PodInfo ConfigMap (metrics port: 9399) (metrics path: /)
2025-01-28 23:58:18,475 INFO c.h.h.t.HelmChartContainer - [hivemq-test-hivemq-platform] [hivemq-platform-operator] [b936e29b] 23:58:18.474 [pool-6-thread-40] DEBUG c.h.p.o.dependants.PodInfoConfigMap - [helmcont] Desired PodInfo ConfigMap (extension state hash: -1817474005)
2025-01-28 23:58:18,477 INFO c.h.h.t.HelmChartContainer - [hivemq-test-hivemq-platform] [hivemq-platform-operator] [b936e29b] 23:58:18.475 [pool-6-thread-40] DEBUG c.h.p.o.d.PodServiceAccountResource - [helmcont] Desired PodServiceAccountResource (serviceAccountName: hivemq-platform-pod-test-hivemq-platform)
2025-01-28 23:58:18,479 INFO c.h.h.t.HelmChartContainer - [hivemq-test-hivemq-platform] [hivemq-platform-operator] [b936e29b] 23:58:18.479 [pool-6-thread-32] DEBUG c.h.p.o.d.StatefulSetResource - [helmcont] Desired StatefulSet (2 replicas) for status ROLLING_RESTART (RESTART_PODS_IN_PROGRESS)
2025-01-28 23:58:18,481 INFO c.h.h.t.HelmChartContainer - [hivemq-test-hivemq-platform] [hivemq-platform-operator] [b936e29b] 23:58:18.481 [ReconcilerExecutor-hivemq-controller-142] INFO  c.h.p.o.HiveMQPlatformReconciler - [helmcont] Reconciling HiveMQ Platform 'test-hivemq-platform' in namespace 'helmcontainersecuritycontextupgradeplatformit'
2025-01-28 23:58:18,482 INFO c.h.h.t.HelmChartContainer - [hivemq-test-hivemq-platform] [hivemq-platform-operator] [b936e29b] 23:58:18.481 [ReconcilerExecutor-hivemq-controller-142] DEBUG c.h.p.o.HiveMQPlatformReconciler - [helmcont] Custom Resource Status ROLLING_RESTART - HiveMQ Platform is restarting Pods (rolling restart) (RESTART_PODS_IN_PROGRESS)
2025-01-28 23:58:18,482 INFO c.h.h.t.HelmChartContainer - [hivemq-test-hivemq-platform] [hivemq-platform-operator] [b936e29b] 23:58:18.481 [ReconcilerExecutor-hivemq-controller-142] DEBUG c.h.p.o.HiveMQPlatformReconciler - [helmcont] Custom Resource Spec (replicas: 1) (extensions: 1)
2025-01-28 23:58:18,483 INFO c.h.h.t.HelmChartContainer - [hivemq-test-hivemq-platform] [hivemq-platform-operator] [b936e29b] 23:58:18.483 [ReconcilerExecutor-hivemq-controller-142] DEBUG c.h.p.o.HiveMQPlatformReconciler - [helmcont] StatefulSet Status (revision: test-hivemq-platform-85948b8786, replicas: 2, available: 1, ready: 1, current: 0, updated: 2)
2025-01-28 23:58:18,484 INFO c.h.h.t.HelmChartContainer - [hivemq-test-hivemq-platform] [hivemq-platform-operator] [b936e29b] 23:58:18.483 [ReconcilerExecutor-hivemq-controller-142] DEBUG c.h.p.o.HiveMQPlatformReconciler - [helmcont] StatefulSet Spec (replicas: 2, init containers: 1, containers: 1, volumes: 3)
2025-01-28 23:58:18,485 INFO c.h.h.t.HelmChartContainer - [hivemq-test-hivemq-platform] [hivemq-platform-operator] [b936e29b] 23:58:18.484 [ReconcilerExecutor-hivemq-controller-142] DEBUG c.h.p.o.h.HiveMQPlatformReconcilerErrorHandler - [helmcont] Pod 'test-hivemq-platform-1' phase Running
2025-01-28 23:58:18,487 INFO c.h.h.t.HelmChartContainer - [hivemq-test-hivemq-platform] [hivemq-platform-operator] [b936e29b] 23:58:18.486 [ReconcilerExecutor-hivemq-controller-142] DEBUG c.h.p.o.h.HiveMQPlatformReconcilerErrorHandler - [helmcont] Pod 'test-hivemq-platform-0' phase Running
2025-01-28 23:58:18,487 INFO c.h.h.t.HelmChartContainer - [hivemq-test-hivemq-platform] [hivemq-platform-operator] [b936e29b] 23:58:18.486 [ReconcilerExecutor-hivemq-controller-142] DEBUG c.h.p.o.h.HiveMQPlatformReconcilerRollingRestartHandler - [helmcont] Rolling restart is waiting for 1 of 2 replicas
2025-01-28 23:58:18,506 INFO c.h.h.t.HelmChartContainer - [test-hivemq-platform] [hivemq] [03570dda] WARN  - [HiveMQ Platform Operator Init App 1.7.0-SNAPSHOT] Cannot connect to Health API for readiness: null
2025-01-28 23:58:18,509 INFO c.h.h.t.HelmChartContainer - [EVENT] Warning [Unhealthy] Readiness probe failed: HTTP probe failed with statuscode: 503 [helmcontainersecuritycontextupgradeplatformit:test-hivemq-platform-0]
2025-01-28 23:58:18,509 INFO c.h.h.t.HelmChartContainer - Received Unhealthy event for container hivemq in pod test-hivemq-platform-0 [03570dda-c5e2-4425-bab5-52e1bcacb75d]
2025-01-28 23:58:23,506 INFO c.h.h.t.HelmChartContainer - [test-hivemq-platform] [hivemq] [03570dda] WARN  - [HiveMQ Platform Operator Init App 1.7.0-SNAPSHOT] Cannot connect to Health API for readiness: null
2025-01-28 23:58:23,509 INFO c.h.h.t.HelmChartContainer - [EVENT] Warning [Unhealthy] Readiness probe failed: HTTP probe failed with statuscode: 503 [helmcontainersecuritycontextupgradeplatformit:test-hivemq-platform-0]
2025-01-28 23:58:23,509 INFO c.h.h.t.HelmChartContainer - Received Unhealthy event for container hivemq in pod test-hivemq-platform-0 [03570dda-c5e2-4425-bab5-52e1bcacb75d]
2025-01-28 23:58:24,029 INFO c.h.h.t.HelmChartContainer - [test-hivemq-platform] [hivemq] [03570dda] INFO  - No valid license file found. Using trial license, restricted to 25 connections.
2025-01-28 23:58:27,205 INFO c.h.h.t.HelmChartContainer - [test-hivemq-platform] [hivemq] [03570dda] INFO  - No valid license file for Data Hub found. Using free license, restricted to 1 policy.
2025-01-28 23:58:28,303 INFO c.h.h.t.HelmChartContainer - [test-hivemq-platform] [hivemq] [03570dda] INFO  - Audit Logger started.
2025-01-28 23:58:28,448 INFO c.h.h.t.HelmChartContainer - [test-hivemq-platform] [hivemq] [03570dda] WARN  - [HiveMQ Platform Operator Init App 1.7.0-SNAPSHOT] Cannot connect to Health API for readiness: null
2025-01-28 23:58:28,452 INFO c.h.h.t.HelmChartContainer - [EVENT] Warning [Unhealthy] Readiness probe failed: HTTP probe failed with statuscode: 503 [helmcontainersecuritycontextupgradeplatformit:test-hivemq-platform-0]
2025-01-28 23:58:28,452 INFO c.h.h.t.HelmChartContainer - Received Unhealthy event for container hivemq in pod test-hivemq-platform-0 [03570dda-c5e2-4425-bab5-52e1bcacb75d]
2025-01-28 23:58:28,492 INFO c.h.h.t.HelmChartContainer - [hivemq-test-hivemq-platform] [hivemq-platform-operator] [b936e29b] 23:58:28.489 [pool-6-thread-48] DEBUG c.h.p.o.d.PlatformServiceResource - [helmcont] Desired Platform services (3 services)
2025-01-28 23:58:28,492 INFO c.h.h.t.HelmChartContainer - [hivemq-test-hivemq-platform] [hivemq-platform-operator] [b936e29b] 23:58:28.489 [pool-6-thread-45] DEBUG c.h.p.o.dependants.PodInfoConfigMap - [helmcont] Desired PodInfo ConfigMap (1 extensions) (1 enabled)
2025-01-28 23:58:28,492 INFO c.h.h.t.HelmChartContainer - [hivemq-test-hivemq-platform] [hivemq-platform-operator] [b936e29b] 23:58:28.489 [pool-6-thread-45] DEBUG c.h.p.o.dependants.PodInfoConfigMap - [helmcont] Desired PodInfo ConfigMap (metrics port: 9399) (metrics path: /)
2025-01-28 23:58:28,492 INFO c.h.h.t.HelmChartContainer - [hivemq-test-hivemq-platform] [hivemq-platform-operator] [b936e29b] 23:58:28.489 [pool-6-thread-45] DEBUG c.h.p.o.dependants.PodInfoConfigMap - [helmcont] Desired PodInfo ConfigMap (extension state hash: -1817474005)
2025-01-28 23:58:28,492 INFO c.h.h.t.HelmChartContainer - [hivemq-test-hivemq-platform] [hivemq-platform-operator] [b936e29b] 23:58:28.490 [pool-6-thread-44] DEBUG c.h.p.o.d.PodServiceAccountResource - [helmcont] Desired PodServiceAccountResource (serviceAccountName: hivemq-platform-pod-test-hivemq-platform)
2025-01-28 23:58:28,493 INFO c.h.h.t.HelmChartContainer - [hivemq-test-hivemq-platform] [hivemq-platform-operator] [b936e29b] 23:58:28.492 [pool-6-thread-48] DEBUG c.h.p.o.d.StatefulSetResource - [helmcont] Desired StatefulSet (2 replicas) for status ROLLING_RESTART (RESTART_PODS_IN_PROGRESS)
2025-01-28 23:58:28,496 INFO c.h.h.t.HelmChartContainer - [hivemq-test-hivemq-platform] [hivemq-platform-operator] [b936e29b] 23:58:28.494 [ReconcilerExecutor-hivemq-controller-143] INFO  c.h.p.o.HiveMQPlatformReconciler - [helmcont] Reconciling HiveMQ Platform 'test-hivemq-platform' in namespace 'helmcontainersecuritycontextupgradeplatformit'
2025-01-28 23:58:28,496 INFO c.h.h.t.HelmChartContainer - [hivemq-test-hivemq-platform] [hivemq-platform-operator] [b936e29b] 23:58:28.494 [ReconcilerExecutor-hivemq-controller-143] DEBUG c.h.p.o.HiveMQPlatformReconciler - [helmcont] Custom Resource Status ROLLING_RESTART - HiveMQ Platform is restarting Pods (rolling restart) (RESTART_PODS_IN_PROGRESS)
2025-01-28 23:58:28,497 INFO c.h.h.t.HelmChartContainer - [hivemq-test-hivemq-platform] [hivemq-platform-operator] [b936e29b] 23:58:28.494 [ReconcilerExecutor-hivemq-controller-143] DEBUG c.h.p.o.HiveMQPlatformReconciler - [helmcont] Custom Resource Spec (replicas: 1) (extensions: 1)
2025-01-28 23:58:28,497 INFO c.h.h.t.HelmChartContainer - [hivemq-test-hivemq-platform] [hivemq-platform-operator] [b936e29b] 23:58:28.495 [ReconcilerExecutor-hivemq-controller-143] DEBUG c.h.p.o.HiveMQPlatformReconciler - [helmcont] StatefulSet Status (revision: test-hivemq-platform-85948b8786, replicas: 2, available: 1, ready: 1, current: 0, updated: 2)
2025-01-28 23:58:28,497 INFO c.h.h.t.HelmChartContainer - [hivemq-test-hivemq-platform] [hivemq-platform-operator] [b936e29b] 23:58:28.495 [ReconcilerExecutor-hivemq-controller-143] DEBUG c.h.p.o.HiveMQPlatformReconciler - [helmcont] StatefulSet Spec (replicas: 2, init containers: 1, containers: 1, volumes: 3)
2025-01-28 23:58:28,498 INFO c.h.h.t.HelmChartContainer - [hivemq-test-hivemq-platform] [hivemq-platform-operator] [b936e29b] 23:58:28.496 [ReconcilerExecutor-hivemq-controller-143] DEBUG c.h.p.o.h.HiveMQPlatformReconcilerErrorHandler - [helmcont] Pod 'test-hivemq-platform-1' phase Running
2025-01-28 23:58:28,500 INFO c.h.h.t.HelmChartContainer - [hivemq-test-hivemq-platform] [hivemq-platform-operator] [b936e29b] 23:58:28.499 [ReconcilerExecutor-hivemq-controller-143] DEBUG c.h.p.o.h.HiveMQPlatformReconcilerErrorHandler - [helmcont] Pod 'test-hivemq-platform-0' phase Running
2025-01-28 23:58:28,501 INFO c.h.h.t.HelmChartContainer - [hivemq-test-hivemq-platform] [hivemq-platform-operator] [b936e29b] 23:58:28.499 [ReconcilerExecutor-hivemq-controller-143] DEBUG c.h.p.o.h.HiveMQPlatformReconcilerRollingRestartHandler - [helmcont] Rolling restart is waiting for 1 of 2 replicas
2025-01-28 23:58:28,535 INFO c.h.h.t.HelmChartContainer - [test-hivemq-platform] [hivemq] [03570dda] INFO  - This node uses '1' CPU cores.
2025-01-28 23:58:28,600 INFO c.h.h.t.HelmChartContainer - [test-hivemq-platform] [hivemq] [03570dda] INFO  - Starting HiveMQ Health API on address 0.0.0.0 and port 8889
2025-01-28 23:58:29,401 INFO c.h.h.t.HelmChartContainer - [test-hivemq-platform] [hivemq] [03570dda] INFO  - Started HiveMQ Health API in 800ms
2025-01-28 23:58:29,938 INFO c.h.h.t.HelmChartContainer - [test-hivemq-platform] [hivemq] [03570dda] INFO  - Starting HiveMQ extension system.
2025-01-28 23:58:30,201 INFO c.h.h.t.HelmChartContainer - [test-hivemq-platform] [hivemq] [03570dda] INFO  - Starting extension with id "hivemq-dns-cluster-discovery" at /opt/hivemq/extensions/hivemq-dns-cluster-discovery
2025-01-28 23:58:30,802 INFO c.h.h.t.HelmChartContainer - [test-hivemq-platform] [hivemq] [03570dda] INFO  - Using TCP cluster transport on address 10.42.0.12 and port 7000
2025-01-28 23:58:30,804 INFO c.h.h.t.HelmChartContainer - [test-hivemq-platform] [hivemq] [03570dda] INFO  - Extension "DNS Cluster Discovery Extension" version 4.3.2 started successfully.
2025-01-28 23:58:30,804 INFO c.h.h.t.HelmChartContainer - [test-hivemq-platform] [hivemq] [03570dda] INFO  - Starting extension with id "hivemq-prometheus-extension" at /opt/hivemq/extensions/hivemq-prometheus-extension
2025-01-28 23:58:30,831 INFO c.h.h.t.HelmChartContainer - [test-hivemq-platform] [hivemq] [03570dda] INFO  - Using extension cluster discovery
2025-01-28 23:58:31,801 INFO c.h.h.t.HelmChartContainer - [test-hivemq-platform] [hivemq] [03570dda] INFO  - Started Jetty Server exposing Prometheus Servlet on URI http://0.0.0.0:9399/
2025-01-28 23:58:31,801 INFO c.h.h.t.HelmChartContainer - [test-hivemq-platform] [hivemq] [03570dda] INFO  - Extension "Prometheus Monitoring Extension" version 4.0.12 started successfully.
2025-01-28 23:58:31,802 INFO c.h.h.t.HelmChartContainer - [test-hivemq-platform] [hivemq] [03570dda] INFO  - Starting extension with id "hivemq-allow-all-extension" at /opt/hivemq/extensions/hivemq-allow-all-extension
2025-01-28 23:58:31,802 INFO c.h.h.t.HelmChartContainer - [test-hivemq-platform] [hivemq] [03570dda] WARN  - 
2025-01-28 23:58:31,802 INFO c.h.h.t.HelmChartContainer - [test-hivemq-platform] [hivemq] [03570dda] ################################################################################################################
2025-01-28 23:58:31,802 INFO c.h.h.t.HelmChartContainer - [test-hivemq-platform] [hivemq] [03570dda] # This HiveMQ deployment is not secure! You are lacking Authentication and Authorization.                      #
2025-01-28 23:58:31,802 INFO c.h.h.t.HelmChartContainer - [test-hivemq-platform] [hivemq] [03570dda] # Right now any MQTT client can connect to the broker with a full set of permissions.                          #
2025-01-28 23:58:31,802 INFO c.h.h.t.HelmChartContainer - [test-hivemq-platform] [hivemq] [03570dda] # For production usage, add an appropriate security extension and remove the hivemq-allow-all extension.       #
2025-01-28 23:58:31,802 INFO c.h.h.t.HelmChartContainer - [test-hivemq-platform] [hivemq] [03570dda] # You can download security extensions from the HiveMQ Marketplace (https://www.hivemq.com/extensions/).       #
2025-01-28 23:58:31,802 INFO c.h.h.t.HelmChartContainer - [test-hivemq-platform] [hivemq] [03570dda] ################################################################################################################
2025-01-28 23:58:31,802 INFO c.h.h.t.HelmChartContainer - [test-hivemq-platform] [hivemq] [03570dda] INFO  - Extension "Allow All Extension" version 1.1.1 started successfully.
2025-01-28 23:58:31,903 INFO c.h.h.t.HelmChartContainer - [test-hivemq-platform] [hivemq] [07dfd0d6] INFO  - Cluster nodes found by discovery: [x5kNS|3] (2) [x5kNS, bugfE].
2025-01-28 23:58:31,926 INFO c.h.h.t.HelmChartContainer - [test-hivemq-platform] [hivemq] [03570dda] INFO  - Cluster nodes found by discovery: [x5kNS|3] (2) [x5kNS, bugfE].
2025-01-28 23:58:32,031 INFO c.h.h.t.HelmChartContainer - [test-hivemq-platform] [hivemq] [03570dda] INFO  - Cluster size = 1, members : [x5kNS].
2025-01-28 23:58:32,326 INFO c.h.h.t.HelmChartContainer - [test-hivemq-platform] [hivemq] [03570dda] INFO  - Starting cluster join process. This may take a while. Please do not shut down HiveMQ.
2025-01-28 23:58:32,328 INFO c.h.h.t.HelmChartContainer - [test-hivemq-platform] [hivemq] [03570dda] INFO  - Cluster join process is still ongoing. Please do not shut down HiveMQ.
2025-01-28 23:58:33,842 INFO c.h.h.t.HelmChartContainer - [test-hivemq-platform] [hivemq] [03570dda] INFO  - [HiveMQ Platform Operator Init App 1.7.0-SNAPSHOT] Returning Health API response 503 for readiness
2025-01-28 23:58:33,848 INFO c.h.h.t.HelmChartContainer - [EVENT] Warning [Unhealthy] Readiness probe failed: HTTP probe failed with statuscode: 503 [helmcontainersecuritycontextupgradeplatformit:test-hivemq-platform-0]
2025-01-28 23:58:33,848 INFO c.h.h.t.HelmChartContainer - Received Unhealthy event for container hivemq in pod test-hivemq-platform-0 [03570dda-c5e2-4425-bab5-52e1bcacb75d]
2025-01-28 23:58:34,336 INFO c.h.h.t.HelmChartContainer - [test-hivemq-platform] [hivemq] [07dfd0d6] INFO  - Cluster size = 2, members : [x5kNS, bugfE].
2025-01-28 23:58:34,346 INFO c.h.h.t.HelmChartContainer - [test-hivemq-platform] [hivemq] [03570dda] INFO  - Cluster size = 2, members : [x5kNS, bugfE].
2025-01-28 23:58:34,427 INFO c.h.h.t.HelmChartContainer - [test-hivemq-platform] [hivemq] [03570dda] INFO  - Finished cluster join process successfully.
2025-01-28 23:58:34,429 INFO c.h.h.t.HelmChartContainer - [test-hivemq-platform] [hivemq] [03570dda] WARN  - No user for HiveMQ Control Center configured. Starting with default user
2025-01-28 23:58:34,429 INFO c.h.h.t.HelmChartContainer - [test-hivemq-platform] [hivemq] [03570dda] INFO  - Starting HiveMQ Control Center on address 0.0.0.0 and port 8080
2025-01-28 23:58:34,441 INFO c.h.h.t.HelmChartContainer - [test-hivemq-platform] [hivemq] [03570dda] INFO  - Mounting HiveMQ Control Center V2 Preview
2025-01-28 23:58:35,128 INFO c.h.h.t.HelmChartContainer - [test-hivemq-platform] [hivemq] [03570dda] INFO  - Started HiveMQ Control Center in 700ms
2025-01-28 23:58:35,142 INFO c.h.h.t.HelmChartContainer - [test-hivemq-platform] [hivemq] [03570dda] INFO  - Starting TCP listener on address 0.0.0.0 and port 1884
2025-01-28 23:58:35,231 INFO c.h.h.t.HelmChartContainer - [test-hivemq-platform] [hivemq] [03570dda] INFO  - Started TCP Listener on address 0.0.0.0 and on port 1884.
2025-01-28 23:58:35,231 INFO c.h.h.t.HelmChartContainer - [test-hivemq-platform] [hivemq] [03570dda] INFO  - Started HiveMQ in 26515ms
2025-01-28 23:58:38,449 INFO c.h.h.t.HelmChartContainer - [test-hivemq-platform] [hivemq] [03570dda] INFO  - [HiveMQ Platform Operator Init App 1.7.0-SNAPSHOT] Returning Health API response 200 for readiness
2025-01-28 23:58:38,462 INFO c.h.h.t.HelmChartContainer - [POD] test-hivemq-platform-0 [03570dda-c5e2-4425-bab5-52e1bcacb75d] in helmcontainersecuritycontextupgradeplatformit was MODIFIED
2025-01-28 23:58:38,472 INFO c.h.h.t.HelmChartContainer - [hivemq-test-hivemq-platform] [hivemq-platform-operator] [b936e29b] 23:58:38.465 [pool-6-thread-9] DEBUG c.h.p.o.d.PlatformServiceResource - [helmcont] Desired Platform services (3 services)
2025-01-28 23:58:38,472 INFO c.h.h.t.HelmChartContainer - [hivemq-test-hivemq-platform] [hivemq-platform-operator] [b936e29b] 23:58:38.466 [pool-6-thread-1] DEBUG c.h.p.o.d.PodServiceAccountResource - [helmcont] Desired PodServiceAccountResource (serviceAccountName: hivemq-platform-pod-test-hivemq-platform)
2025-01-28 23:58:38,472 INFO c.h.h.t.HelmChartContainer - [hivemq-test-hivemq-platform] [hivemq-platform-operator] [b936e29b] 23:58:38.465 [pool-6-thread-4] DEBUG c.h.p.o.dependants.PodInfoConfigMap - [helmcont] Desired PodInfo ConfigMap (1 extensions) (1 enabled)
2025-01-28 23:58:38,472 INFO c.h.h.t.HelmChartContainer - [hivemq-test-hivemq-platform] [hivemq-platform-operator] [b936e29b] 23:58:38.467 [pool-6-thread-4] DEBUG c.h.p.o.dependants.PodInfoConfigMap - [helmcont] Desired PodInfo ConfigMap (metrics port: 9399) (metrics path: /)
2025-01-28 23:58:38,472 INFO c.h.h.t.HelmChartContainer - [hivemq-test-hivemq-platform] [hivemq-platform-operator] [b936e29b] 23:58:38.467 [pool-6-thread-4] DEBUG c.h.p.o.dependants.PodInfoConfigMap - [helmcont] Desired PodInfo ConfigMap (extension state hash: -1817474005)
2025-01-28 23:58:38,472 INFO c.h.h.t.HelmChartContainer - [hivemq-test-hivemq-platform] [hivemq-platform-operator] [b936e29b] 23:58:38.469 [pool-6-thread-4] DEBUG c.h.p.o.d.StatefulSetResource - [helmcont] Desired StatefulSet (2 replicas) for status ROLLING_RESTART (RESTART_PODS_IN_PROGRESS)
2025-01-28 23:58:38,478 INFO c.h.h.t.HelmChartContainer - [hivemq-test-hivemq-platform] [hivemq-platform-operator] [b936e29b] 23:58:38.474 [ReconcilerExecutor-hivemq-controller-144] INFO  c.h.p.o.HiveMQPlatformReconciler - [helmcont] Reconciling HiveMQ Platform 'test-hivemq-platform' in namespace 'helmcontainersecuritycontextupgradeplatformit'
2025-01-28 23:58:38,478 INFO c.h.h.t.HelmChartContainer - [hivemq-test-hivemq-platform] [hivemq-platform-operator] [b936e29b] 23:58:38.474 [ReconcilerExecutor-hivemq-controller-144] DEBUG c.h.p.o.HiveMQPlatformReconciler - [helmcont] Custom Resource Status ROLLING_RESTART - HiveMQ Platform is restarting Pods (rolling restart) (RESTART_PODS_IN_PROGRESS)
2025-01-28 23:58:38,478 INFO c.h.h.t.HelmChartContainer - [hivemq-test-hivemq-platform] [hivemq-platform-operator] [b936e29b] 23:58:38.474 [ReconcilerExecutor-hivemq-controller-144] DEBUG c.h.p.o.HiveMQPlatformReconciler - [helmcont] Custom Resource Spec (replicas: 1) (extensions: 1)
2025-01-28 23:58:38,478 INFO c.h.h.t.HelmChartContainer - [hivemq-test-hivemq-platform] [hivemq-platform-operator] [b936e29b] 23:58:38.478 [ReconcilerExecutor-hivemq-controller-144] DEBUG c.h.p.o.HiveMQPlatformReconciler - [helmcont] StatefulSet Status (revision: test-hivemq-platform-85948b8786, replicas: 2, available: 1, ready: 1, current: 0, updated: 2)
2025-01-28 23:58:38,478 INFO c.h.h.t.HelmChartContainer - [hivemq-test-hivemq-platform] [hivemq-platform-operator] [b936e29b] 23:58:38.478 [ReconcilerExecutor-hivemq-controller-144] DEBUG c.h.p.o.HiveMQPlatformReconciler - [helmcont] StatefulSet Spec (replicas: 2, init containers: 1, containers: 1, volumes: 3)
2025-01-28 23:58:38,479 INFO c.h.h.t.HelmChartContainer - [hivemq-test-hivemq-platform] [hivemq-platform-operator] [b936e29b] 23:58:38.479 [ReconcilerExecutor-hivemq-controller-144] DEBUG c.h.p.o.h.HiveMQPlatformReconcilerErrorHandler - [helmcont] Pod 'test-hivemq-platform-1' phase Running
2025-01-28 23:58:38,480 INFO c.h.h.t.HelmChartContainer - [hivemq-test-hivemq-platform] [hivemq-platform-operator] [b936e29b] 23:58:38.479 [ReconcilerExecutor-hivemq-controller-144] DEBUG c.h.p.o.h.HiveMQPlatformReconcilerErrorHandler - [helmcont] Pod 'test-hivemq-platform-0' phase Running
2025-01-28 23:58:38,480 INFO c.h.h.t.HelmChartContainer - [hivemq-test-hivemq-platform] [hivemq-platform-operator] [b936e29b] 23:58:38.480 [ReconcilerExecutor-hivemq-controller-144] DEBUG c.h.p.o.h.HiveMQPlatformReconcilerRollingRestartHandler - [helmcont] Rolling restart is waiting for 1 of 2 replicas
2025-01-28 23:58:38,486 INFO c.h.h.t.HelmChartContainer - [hivemq-test-hivemq-platform] [hivemq-platform-operator] [b936e29b] 23:58:38.482 [pool-6-thread-14] DEBUG c.h.p.o.d.PlatformServiceResource - [helmcont] Desired Platform services (3 services)
2025-01-28 23:58:38,487 INFO c.h.h.t.HelmChartContainer - [hivemq-test-hivemq-platform] [hivemq-platform-operator] [b936e29b] 23:58:38.486 [pool-6-thread-18] DEBUG c.h.p.o.d.PodServiceAccountResource - [helmcont] Desired PodServiceAccountResource (serviceAccountName: hivemq-platform-pod-test-hivemq-platform)
2025-01-28 23:58:38,529 INFO c.h.h.t.HelmChartContainer - [hivemq-test-hivemq-platform] [hivemq-platform-operator] [b936e29b] 23:58:38.529 [pool-6-thread-14] DEBUG c.h.p.o.dependants.PodInfoConfigMap - [helmcont] Desired PodInfo ConfigMap (1 extensions) (1 enabled)
2025-01-28 23:58:38,529 INFO c.h.h.t.HelmChartContainer - [hivemq-test-hivemq-platform] [hivemq-platform-operator] [b936e29b] 23:58:38.529 [pool-6-thread-14] DEBUG c.h.p.o.dependants.PodInfoConfigMap - [helmcont] Desired PodInfo ConfigMap (metrics port: 9399) (metrics path: /)
2025-01-28 23:58:38,529 INFO c.h.h.t.HelmChartContainer - [hivemq-test-hivemq-platform] [hivemq-platform-operator] [b936e29b] 23:58:38.529 [pool-6-thread-14] DEBUG c.h.p.o.dependants.PodInfoConfigMap - [helmcont] Desired PodInfo ConfigMap (extension state hash: -1817474005)
2025-01-28 23:58:38,531 INFO c.h.h.t.HelmChartContainer - [hivemq-test-hivemq-platform] [hivemq-platform-operator] [b936e29b] 23:58:38.530 [pool-6-thread-14] DEBUG c.h.p.o.d.StatefulSetResource - [helmcont] Desired StatefulSet (2 replicas) for status ROLLING_RESTART (RESTART_PODS_IN_PROGRESS)
2025-01-28 23:58:38,533 INFO c.h.h.t.HelmChartContainer - [hivemq-test-hivemq-platform] [hivemq-platform-operator] [b936e29b] 23:58:38.532 [ReconcilerExecutor-hivemq-controller-145] INFO  c.h.p.o.HiveMQPlatformReconciler - [helmcont] Reconciling HiveMQ Platform 'test-hivemq-platform' in namespace 'helmcontainersecuritycontextupgradeplatformit'
2025-01-28 23:58:38,534 INFO c.h.h.t.HelmChartContainer - [hivemq-test-hivemq-platform] [hivemq-platform-operator] [b936e29b] 23:58:38.532 [ReconcilerExecutor-hivemq-controller-145] DEBUG c.h.p.o.HiveMQPlatformReconciler - [helmcont] Custom Resource Status ROLLING_RESTART - HiveMQ Platform is restarting Pods (rolling restart) (RESTART_PODS_IN_PROGRESS)
2025-01-28 23:58:38,534 INFO c.h.h.t.HelmChartContainer - [hivemq-test-hivemq-platform] [hivemq-platform-operator] [b936e29b] 23:58:38.532 [ReconcilerExecutor-hivemq-controller-145] DEBUG c.h.p.o.HiveMQPlatformReconciler - [helmcont] Custom Resource Spec (replicas: 1) (extensions: 1)
2025-01-28 23:58:38,534 INFO c.h.h.t.HelmChartContainer - [hivemq-test-hivemq-platform] [hivemq-platform-operator] [b936e29b] 23:58:38.533 [ReconcilerExecutor-hivemq-controller-145] DEBUG c.h.p.o.HiveMQPlatformReconciler - [helmcont] StatefulSet Status (revision: test-hivemq-platform-85948b8786, replicas: 2, available: 2, ready: 2, current: 0, updated: 2)
2025-01-28 23:58:38,534 INFO c.h.h.t.HelmChartContainer - [hivemq-test-hivemq-platform] [hivemq-platform-operator] [b936e29b] 23:58:38.533 [ReconcilerExecutor-hivemq-controller-145] DEBUG c.h.p.o.HiveMQPlatformReconciler - [helmcont] StatefulSet Spec (replicas: 2, init containers: 1, containers: 1, volumes: 3)
2025-01-28 23:58:38,568 INFO c.h.h.t.HelmChartContainer - [hivemq-test-hivemq-platform] [hivemq-platform-operator] [b936e29b] 23:58:38.567 [ReconcilerExecutor-hivemq-controller-145] DEBUG c.h.p.o.h.HiveMQPlatformReconcilerErrorHandler - [helmcont] Pod 'test-hivemq-platform-1' phase Running
2025-01-28 23:58:38,568 INFO c.h.h.t.HelmChartContainer - [hivemq-test-hivemq-platform] [hivemq-platform-operator] [b936e29b] 23:58:38.568 [ReconcilerExecutor-hivemq-controller-145] DEBUG c.h.p.o.h.HiveMQPlatformReconcilerErrorHandler - [helmcont] Pod 'test-hivemq-platform-0' phase Running
2025-01-28 23:58:38,575 INFO c.h.h.t.HelmChartContainer - [hivemq-test-hivemq-platform] [hivemq-platform-operator] [b936e29b] 23:58:38.574 [ReconcilerExecutor-hivemq-controller-145] DEBUG c.h.p.o.h.HiveMQPlatformReconcilerRollingRestartHandler - [helmcont] Skipping Pod test-hivemq-platform-1 as it's already on the controller update revision (update revision: test-hivemq-platform-85948b8786, pod revision: test-hivemq-platform-85948b8786)
2025-01-28 23:58:38,579 INFO c.h.h.t.HelmChartContainer - [hivemq-test-hivemq-platform] [hivemq-platform-operator] [b936e29b] 23:58:38.578 [ReconcilerExecutor-hivemq-controller-145] DEBUG c.h.p.o.h.HiveMQPlatformReconcilerRollingRestartHandler - [helmcont] Skipping Pod test-hivemq-platform-0 as it's already on the controller update revision (update revision: test-hivemq-platform-85948b8786, pod revision: test-hivemq-platform-85948b8786)
2025-01-28 23:58:38,580 INFO c.h.h.t.HelmChartContainer - [hivemq-test-hivemq-platform] [hivemq-platform-operator] [b936e29b] 23:58:38.579 [ReconcilerExecutor-hivemq-controller-145] INFO  c.h.p.o.h.HiveMQPlatformReconcilerRollingRestartHandler - [helmcont] Stopping surge Pod
2025-01-28 23:58:38,637 INFO c.h.h.t.HelmChartContainer - [hivemq-test-hivemq-platform] [hivemq-platform-operator] [b936e29b] 23:58:38.636 [ReconcilerExecutor-hivemq-controller-145] DEBUG c.h.p.operator.event.EventSender - [helmcont] Creating K8s event rolling-restart-scale-down-in-progress: [RollingRestart] HiveMQ Platform is stopping the surge Pod (rolling restart)
2025-01-28 23:58:38,669 INFO c.h.h.t.HelmChartContainer - [EVENT] Normal [RollingRestart] HiveMQ Platform is stopping the surge Pod (rolling restart) [helmcontainersecuritycontextupgradeplatformit:test-hivemq-platform]
2025-01-28 23:58:38,670 INFO c.h.h.t.HelmChartContainer - [hivemq-test-hivemq-platform] [hivemq-platform-operator] [b936e29b] 23:58:38.669 [ReconcilerExecutor-hivemq-controller-145] INFO  c.h.p.o.h.AbstractHiveMQReconcilerStateHandler - [helmcont] Update HiveMQ Platform Status (ROLLING_RESTART [RESTART_PODS_IN_PROGRESS] -> ROLLING_RESTART [SCALE_DOWN_IN_PROGRESS]): HiveMQ Platform is stopping the surge Pod (rolling restart)
2025-01-28 23:58:38,678 DEBUG com.hivemq.helmcharts.util.K8sUtil - Comparing actual state 'ROLLING_RESTART' and waiting for 'RUNNING'
2025-01-28 23:58:45,445 INFO c.h.h.t.HelmChartContainer - [test-hivemq-platform] [hivemq] [03570dda] INFO  - [HiveMQ Platform Operator Init App 1.7.0-SNAPSHOT] Returning Health API response 200 for liveness
2025-01-28 23:58:48,683 INFO c.h.h.t.HelmChartContainer - [hivemq-test-hivemq-platform] [hivemq-platform-operator] [b936e29b] 23:58:48.680 [pool-6-thread-26] DEBUG c.h.p.o.d.PlatformServiceResource - [helmcont] Desired Platform services (3 services)
2025-01-28 23:58:48,683 INFO c.h.h.t.HelmChartContainer - [hivemq-test-hivemq-platform] [hivemq-platform-operator] [b936e29b] 23:58:48.681 [pool-6-thread-25] DEBUG c.h.p.o.dependants.PodInfoConfigMap - [helmcont] Desired PodInfo ConfigMap (1 extensions) (1 enabled)
2025-01-28 23:58:48,684 INFO c.h.h.t.HelmChartContainer - [hivemq-test-hivemq-platform] [hivemq-platform-operator] [b936e29b] 23:58:48.681 [pool-6-thread-25] DEBUG c.h.p.o.dependants.PodInfoConfigMap - [helmcont] Desired PodInfo ConfigMap (metrics port: 9399) (metrics path: /)
2025-01-28 23:58:48,684 INFO c.h.h.t.HelmChartContainer - [hivemq-test-hivemq-platform] [hivemq-platform-operator] [b936e29b] 23:58:48.681 [pool-6-thread-24] DEBUG c.h.p.o.d.PodServiceAccountResource - [helmcont] Desired PodServiceAccountResource (serviceAccountName: hivemq-platform-pod-test-hivemq-platform)
2025-01-28 23:58:48,684 INFO c.h.h.t.HelmChartContainer - [hivemq-test-hivemq-platform] [hivemq-platform-operator] [b936e29b] 23:58:48.681 [pool-6-thread-25] DEBUG c.h.p.o.dependants.PodInfoConfigMap - [helmcont] Desired PodInfo ConfigMap (extension state hash: -1817474005)
2025-01-28 23:58:48,684 INFO c.h.h.t.HelmChartContainer - [hivemq-test-hivemq-platform] [hivemq-platform-operator] [b936e29b] 23:58:48.684 [pool-6-thread-25] DEBUG c.h.p.o.dependants.PodInfoConfigMap - [helmcont] Update PodInfo ConfigMap
2025-01-28 23:58:48,691 INFO c.h.h.t.HelmChartContainer - [hivemq-test-hivemq-platform] [hivemq-platform-operator] [b936e29b] 23:58:48.691 [pool-6-thread-25] DEBUG c.h.p.o.d.StatefulSetResource - [helmcont] Desired StatefulSet (1 replicas) for status ROLLING_RESTART (SCALE_DOWN_IN_PROGRESS)
2025-01-28 23:58:48,693 INFO c.h.h.t.HelmChartContainer - [hivemq-test-hivemq-platform] [hivemq-platform-operator] [b936e29b] 23:58:48.693 [pool-6-thread-25] DEBUG c.h.p.o.d.StatefulSetResource - [helmcont] Update StatefulSet (replicas: 2 -> 1)
2025-01-28 23:58:48,775 INFO c.h.h.t.HelmChartContainer - [hivemq-test-hivemq-platform] [hivemq-platform-operator] [b936e29b] 23:58:48.774 [ReconcilerExecutor-hivemq-controller-146] INFO  c.h.p.o.HiveMQPlatformReconciler - [helmcont] Reconciling HiveMQ Platform 'test-hivemq-platform' in namespace 'helmcontainersecuritycontextupgradeplatformit'
2025-01-28 23:58:48,775 INFO c.h.h.t.HelmChartContainer - [hivemq-test-hivemq-platform] [hivemq-platform-operator] [b936e29b] 23:58:48.775 [ReconcilerExecutor-hivemq-controller-146] DEBUG c.h.p.o.HiveMQPlatformReconciler - [helmcont] Custom Resource Status ROLLING_RESTART - HiveMQ Platform is stopping the surge Pod (rolling restart) (SCALE_DOWN_IN_PROGRESS)
2025-01-28 23:58:48,776 INFO c.h.h.t.HelmChartContainer - [hivemq-test-hivemq-platform] [hivemq-platform-operator] [b936e29b] 23:58:48.775 [ReconcilerExecutor-hivemq-controller-146] DEBUG c.h.p.o.HiveMQPlatformReconciler - [helmcont] Custom Resource Spec (replicas: 1) (extensions: 1)
2025-01-28 23:58:48,778 INFO c.h.h.t.HelmChartContainer - [hivemq-test-hivemq-platform] [hivemq-platform-operator] [b936e29b] 23:58:48.776 [ReconcilerExecutor-hivemq-controller-146] DEBUG c.h.p.o.HiveMQPlatformReconciler - [helmcont] StatefulSet Status (revision: test-hivemq-platform-85948b8786, replicas: 2, available: 2, ready: 2, current: 0, updated: 2)
2025-01-28 23:58:48,778 INFO c.h.h.t.HelmChartContainer - [hivemq-test-hivemq-platform] [hivemq-platform-operator] [b936e29b] 23:58:48.776 [ReconcilerExecutor-hivemq-controller-146] DEBUG c.h.p.o.HiveMQPlatformReconciler - [helmcont] StatefulSet Spec (replicas: 1, init containers: 1, containers: 1, volumes: 3)
2025-01-28 23:58:48,778 INFO c.h.h.t.HelmChartContainer - [hivemq-test-hivemq-platform] [hivemq-platform-operator] [b936e29b] 23:58:48.777 [ReconcilerExecutor-hivemq-controller-146] DEBUG c.h.p.o.h.HiveMQPlatformReconcilerErrorHandler - [helmcont] Pod 'test-hivemq-platform-0' phase Running
2025-01-28 23:58:48,779 INFO c.h.h.t.HelmChartContainer - [hivemq-test-hivemq-platform] [hivemq-platform-operator] [b936e29b] 23:58:48.778 [ReconcilerExecutor-hivemq-controller-146] DEBUG c.h.p.o.h.HiveMQPlatformReconcilerRollingRestartHandler - [helmcont] Rolling restart is waiting for 2 of 1 replicas
2025-01-28 23:58:48,787 INFO c.h.h.t.HelmChartContainer - [POD] test-hivemq-platform-1 [07dfd0d6-fa3b-4542-871d-57f2e18e5c33] in helmcontainersecuritycontextupgradeplatformit was MODIFIED
2025-01-28 23:58:48,792 INFO c.h.h.t.HelmChartContainer - [EVENT] Normal [Killing] Stopping container hivemq [helmcontainersecuritycontextupgradeplatformit:test-hivemq-platform-1]
2025-01-28 23:58:48,792 INFO c.h.h.t.HelmChartContainer - Received Killing event for container hivemq in pod test-hivemq-platform-1 [07dfd0d6-fa3b-4542-871d-57f2e18e5c33]
2025-01-28 23:58:48,792 INFO c.h.h.t.HelmChartContainer - Container [test-hivemq-platform-1] [hivemq] [07dfd0d6-fa3b-4542-871d-57f2e18e5c33] was terminated
2025-01-28 23:58:48,792 INFO c.h.h.t.HelmChartContainer - Stopped log watcher for hivemq in pod test-hivemq-platform-1 [07dfd0d6-fa3b-4542-871d-57f2e18e5c33]
2025-01-28 23:58:48,793 INFO c.h.h.t.HelmChartContainer - [EVENT] Normal [SuccessfulDelete] delete Pod test-hivemq-platform-1 in StatefulSet test-hivemq-platform successful [helmcontainersecuritycontextupgradeplatformit:test-hivemq-platform]
2025-01-28 23:58:48,807 INFO c.h.h.t.HelmChartContainer - [hivemq-test-hivemq-platform] [hivemq-platform-operator] [b936e29b] 23:58:48.797 [pool-6-thread-38] DEBUG c.h.p.o.d.PlatformServiceResource - [helmcont] Desired Platform services (3 services)
2025-01-28 23:58:48,807 INFO c.h.h.t.HelmChartContainer - [hivemq-test-hivemq-platform] [hivemq-platform-operator] [b936e29b] 23:58:48.798 [pool-6-thread-36] DEBUG c.h.p.o.d.PodServiceAccountResource - [helmcont] Desired PodServiceAccountResource (serviceAccountName: hivemq-platform-pod-test-hivemq-platform)
2025-01-28 23:58:48,813 INFO c.h.h.t.HelmChartContainer - [hivemq-test-hivemq-platform] [hivemq-platform-operator] [b936e29b] 23:58:48.799 [pool-6-thread-37] DEBUG c.h.p.o.dependants.PodInfoConfigMap - [helmcont] Desired PodInfo ConfigMap (1 extensions) (1 enabled)
2025-01-28 23:58:48,813 INFO c.h.h.t.HelmChartContainer - [hivemq-test-hivemq-platform] [hivemq-platform-operator] [b936e29b] 23:58:48.800 [pool-6-thread-37] DEBUG c.h.p.o.dependants.PodInfoConfigMap - [helmcont] Desired PodInfo ConfigMap (metrics port: 9399) (metrics path: /)
2025-01-28 23:58:48,813 INFO c.h.h.t.HelmChartContainer - [hivemq-test-hivemq-platform] [hivemq-platform-operator] [b936e29b] 23:58:48.801 [pool-6-thread-37] DEBUG c.h.p.o.dependants.PodInfoConfigMap - [helmcont] Desired PodInfo ConfigMap (extension state hash: -1817474005)
2025-01-28 23:58:48,813 INFO c.h.h.t.HelmChartContainer - [hivemq-test-hivemq-platform] [hivemq-platform-operator] [b936e29b] 23:58:48.809 [pool-6-thread-38] DEBUG c.h.p.o.d.StatefulSetResource - [helmcont] Desired StatefulSet (1 replicas) for status ROLLING_RESTART (SCALE_DOWN_IN_PROGRESS)
2025-01-28 23:58:48,813 INFO c.h.h.t.HelmChartContainer - [test-hivemq-platform] [hivemq] [07dfd0d6] INFO  - [HiveMQ Platform Operator Init App 1.7.0-SNAPSHOT] Shutting down
2025-01-28 23:58:48,814 INFO c.h.h.t.HelmChartContainer - [test-hivemq-platform] [hivemq] [07dfd0d6] INFO  - [HiveMQ Platform Operator Init App 1.7.0-SNAPSHOT] Stopping the HiveMQ Platform
2025-01-28 23:58:48,870 INFO c.h.h.t.HelmChartContainer - [hivemq-test-hivemq-platform] [hivemq-platform-operator] [b936e29b] 23:58:48.868 [ReconcilerExecutor-hivemq-controller-147] INFO  c.h.p.o.HiveMQPlatformReconciler - [helmcont] Reconciling HiveMQ Platform 'test-hivemq-platform' in namespace 'helmcontainersecuritycontextupgradeplatformit'
2025-01-28 23:58:48,870 INFO c.h.h.t.HelmChartContainer - [hivemq-test-hivemq-platform] [hivemq-platform-operator] [b936e29b] 23:58:48.868 [ReconcilerExecutor-hivemq-controller-147] DEBUG c.h.p.o.HiveMQPlatformReconciler - [helmcont] Custom Resource Status ROLLING_RESTART - HiveMQ Platform is stopping the surge Pod (rolling restart) (SCALE_DOWN_IN_PROGRESS)
2025-01-28 23:58:48,870 INFO c.h.h.t.HelmChartContainer - [hivemq-test-hivemq-platform] [hivemq-platform-operator] [b936e29b] 23:58:48.869 [ReconcilerExecutor-hivemq-controller-147] DEBUG c.h.p.o.HiveMQPlatformReconciler - [helmcont] Custom Resource Spec (replicas: 1) (extensions: 1)
2025-01-28 23:58:48,870 INFO c.h.h.t.HelmChartContainer - [hivemq-test-hivemq-platform] [hivemq-platform-operator] [b936e29b] 23:58:48.870 [ReconcilerExecutor-hivemq-controller-147] DEBUG c.h.p.o.HiveMQPlatformReconciler - [helmcont] StatefulSet Status (revision: test-hivemq-platform-85948b8786, replicas: 2, available: 2, ready: 2, current: 0, updated: 1)
2025-01-28 23:58:48,872 INFO c.h.h.t.HelmChartContainer - [hivemq-test-hivemq-platform] [hivemq-platform-operator] [b936e29b] 23:58:48.870 [ReconcilerExecutor-hivemq-controller-147] DEBUG c.h.p.o.HiveMQPlatformReconciler - [helmcont] StatefulSet Spec (replicas: 1, init containers: 1, containers: 1, volumes: 3)
2025-01-28 23:58:48,873 INFO c.h.h.t.HelmChartContainer - [hivemq-test-hivemq-platform] [hivemq-platform-operator] [b936e29b] 23:58:48.872 [ReconcilerExecutor-hivemq-controller-147] DEBUG c.h.p.o.h.HiveMQPlatformReconcilerErrorHandler - [helmcont] Pod 'test-hivemq-platform-0' phase Running
2025-01-28 23:58:48,873 INFO c.h.h.t.HelmChartContainer - [hivemq-test-hivemq-platform] [hivemq-platform-operator] [b936e29b] 23:58:48.872 [ReconcilerExecutor-hivemq-controller-147] DEBUG c.h.p.o.h.HiveMQPlatformReconcilerRollingRestartHandler - [helmcont] Rolling restart is waiting for 2 of 1 replicas
2025-01-28 23:58:48,876 INFO c.h.h.t.HelmChartContainer - [hivemq-test-hivemq-platform] [hivemq-platform-operator] [b936e29b] 23:58:48.876 [pool-6-thread-46] DEBUG c.h.p.o.d.PlatformServiceResource - [helmcont] Desired Platform services (3 services)
2025-01-28 23:58:48,877 INFO c.h.h.t.HelmChartContainer - [hivemq-test-hivemq-platform] [hivemq-platform-operator] [b936e29b] 23:58:48.876 [pool-6-thread-44] DEBUG c.h.p.o.dependants.PodInfoConfigMap - [helmcont] Desired PodInfo ConfigMap (1 extensions) (1 enabled)
2025-01-28 23:58:48,879 INFO c.h.h.t.HelmChartContainer - [hivemq-test-hivemq-platform] [hivemq-platform-operator] [b936e29b] 23:58:48.877 [pool-6-thread-44] DEBUG c.h.p.o.dependants.PodInfoConfigMap - [helmcont] Desired PodInfo ConfigMap (metrics port: 9399) (metrics path: /)
2025-01-28 23:58:48,879 INFO c.h.h.t.HelmChartContainer - [hivemq-test-hivemq-platform] [hivemq-platform-operator] [b936e29b] 23:58:48.877 [pool-6-thread-41] DEBUG c.h.p.o.d.PodServiceAccountResource - [helmcont] Desired PodServiceAccountResource (serviceAccountName: hivemq-platform-pod-test-hivemq-platform)
2025-01-28 23:58:48,880 INFO c.h.h.t.HelmChartContainer - [hivemq-test-hivemq-platform] [hivemq-platform-operator] [b936e29b] 23:58:48.879 [pool-6-thread-44] DEBUG c.h.p.o.dependants.PodInfoConfigMap - [helmcont] Desired PodInfo ConfigMap (extension state hash: -1817474005)
2025-01-28 23:58:48,886 INFO c.h.h.t.HelmChartContainer - [hivemq-test-hivemq-platform] [hivemq-platform-operator] [b936e29b] 23:58:48.882 [pool-6-thread-46] DEBUG c.h.p.o.d.StatefulSetResource - [helmcont] Desired StatefulSet (1 replicas) for status ROLLING_RESTART (SCALE_DOWN_IN_PROGRESS)
2025-01-28 23:58:48,886 INFO c.h.h.t.HelmChartContainer - [hivemq-test-hivemq-platform] [hivemq-platform-operator] [b936e29b] 23:58:48.884 [ReconcilerExecutor-hivemq-controller-148] INFO  c.h.p.o.HiveMQPlatformReconciler - [helmcont] Reconciling HiveMQ Platform 'test-hivemq-platform' in namespace 'helmcontainersecuritycontextupgradeplatformit'
2025-01-28 23:58:48,887 INFO c.h.h.t.HelmChartContainer - [hivemq-test-hivemq-platform] [hivemq-platform-operator] [b936e29b] 23:58:48.885 [ReconcilerExecutor-hivemq-controller-148] DEBUG c.h.p.o.HiveMQPlatformReconciler - [helmcont] Custom Resource Status ROLLING_RESTART - HiveMQ Platform is stopping the surge Pod (rolling restart) (SCALE_DOWN_IN_PROGRESS)
2025-01-28 23:58:48,887 INFO c.h.h.t.HelmChartContainer - [hivemq-test-hivemq-platform] [hivemq-platform-operator] [b936e29b] 23:58:48.885 [ReconcilerExecutor-hivemq-controller-148] DEBUG c.h.p.o.HiveMQPlatformReconciler - [helmcont] Custom Resource Spec (replicas: 1) (extensions: 1)
2025-01-28 23:58:48,887 INFO c.h.h.t.HelmChartContainer - [hivemq-test-hivemq-platform] [hivemq-platform-operator] [b936e29b] 23:58:48.887 [ReconcilerExecutor-hivemq-controller-148] DEBUG c.h.p.o.HiveMQPlatformReconciler - [helmcont] StatefulSet Status (revision: test-hivemq-platform-85948b8786, replicas: 2, available: 2, ready: 2, current: 0, updated: 1)
2025-01-28 23:58:48,888 INFO c.h.h.t.HelmChartContainer - [hivemq-test-hivemq-platform] [hivemq-platform-operator] [b936e29b] 23:58:48.887 [ReconcilerExecutor-hivemq-controller-148] DEBUG c.h.p.o.HiveMQPlatformReconciler - [helmcont] StatefulSet Spec (replicas: 1, init containers: 1, containers: 1, volumes: 3)
2025-01-28 23:58:48,919 INFO c.h.h.t.HelmChartContainer - [test-hivemq-platform] [hivemq] [07dfd0d6] INFO  - Shutting down HiveMQ. Please wait, this could take a while...
2025-01-28 23:58:48,968 INFO c.h.h.t.HelmChartContainer - [hivemq-test-hivemq-platform] [hivemq-platform-operator] [b936e29b] 23:58:48.967 [ReconcilerExecutor-hivemq-controller-148] DEBUG c.h.p.o.h.HiveMQPlatformReconcilerErrorHandler - [helmcont] Pod 'test-hivemq-platform-0' phase Running
2025-01-28 23:58:48,969 INFO c.h.h.t.HelmChartContainer - [hivemq-test-hivemq-platform] [hivemq-platform-operator] [b936e29b] 23:58:48.968 [ReconcilerExecutor-hivemq-controller-148] DEBUG c.h.p.o.h.HiveMQPlatformReconcilerRollingRestartHandler - [helmcont] Rolling restart is waiting for 2 of 1 replicas
2025-01-28 23:58:49,001 INFO c.h.h.t.HelmChartContainer - [test-hivemq-platform] [hivemq] [07dfd0d6] INFO  - Shutting down listeners and clients
2025-01-28 23:58:49,002 INFO c.h.h.t.HelmChartContainer - [test-hivemq-platform] [hivemq] [07dfd0d6] INFO  - Shutdown of listeners is done
2025-01-28 23:58:49,003 INFO c.h.h.t.HelmChartContainer - [test-hivemq-platform] [hivemq] [07dfd0d6] INFO  - No clients are connected, proceeding with shutdown
2025-01-28 23:58:51,514 INFO c.h.h.t.HelmChartContainer - [test-hivemq-platform] [hivemq] [07dfd0d6] INFO  - Shutting down extension system
2025-01-28 23:58:51,515 INFO c.h.h.t.HelmChartContainer - [test-hivemq-platform] [hivemq] [07dfd0d6] INFO  - Stopping extension with id hivemq-dns-cluster-discovery
2025-01-28 23:58:51,516 INFO c.h.h.t.HelmChartContainer - [test-hivemq-platform] [hivemq] [07dfd0d6] INFO  - Extension "DNS Cluster Discovery Extension" version 4.3.2 stopped successfully.
2025-01-28 23:58:51,516 INFO c.h.h.t.HelmChartContainer - [test-hivemq-platform] [hivemq] [07dfd0d6] INFO  - Stopping extension with id hivemq-prometheus-extension
2025-01-28 23:58:51,520 INFO c.h.h.t.HelmChartContainer - [test-hivemq-platform] [hivemq] [07dfd0d6] INFO  - Extension "Prometheus Monitoring Extension" version 4.0.12 stopped successfully.
2025-01-28 23:58:51,521 INFO c.h.h.t.HelmChartContainer - [test-hivemq-platform] [hivemq] [07dfd0d6] INFO  - Stopping extension with id hivemq-allow-all-extension
2025-01-28 23:58:51,521 INFO c.h.h.t.HelmChartContainer - [test-hivemq-platform] [hivemq] [07dfd0d6] INFO  - Extension "Allow All Extension" version 1.1.1 stopped successfully.
2025-01-28 23:58:51,526 INFO c.h.h.t.HelmChartContainer - [test-hivemq-platform] [hivemq] [03570dda] INFO  - Cluster nodes found by discovery: [bugfE|4] (1) [bugfE].
2025-01-28 23:58:51,532 INFO c.h.h.t.HelmChartContainer - [test-hivemq-platform] [hivemq] [03570dda] INFO  - Cluster size = 1, members : [bugfE].
2025-01-28 23:58:52,208 INFO c.h.h.t.HelmChartContainer - [test-hivemq-platform] [hivemq] [07dfd0d6] INFO  - [HiveMQ Platform Operator Init App 1.7.0-SNAPSHOT] Returning shutdown Health API response 503 for readiness
2025-01-28 23:58:52,212 INFO c.h.h.t.HelmChartContainer - [EVENT] Warning [Unhealthy] Readiness probe failed: HTTP probe failed with statuscode: 503 [helmcontainersecuritycontextupgradeplatformit:test-hivemq-platform-1]
2025-01-28 23:58:52,212 INFO c.h.h.t.HelmChartContainer - Received Unhealthy event for container hivemq in pod test-hivemq-platform-1 [07dfd0d6-fa3b-4542-871d-57f2e18e5c33]
2025-01-28 23:58:53,808 INFO c.h.h.t.HelmChartContainer - [test-hivemq-platform] [hivemq] [07dfd0d6] INFO  - Shutdown completed.
2025-01-28 23:58:54,157 INFO c.h.h.t.HelmChartContainer - [test-hivemq-platform] [hivemq] [07dfd0d6] INFO  - [HiveMQ Platform Operator Init App 1.7.0-SNAPSHOT] The HiveMQ Platform exited with code 143
2025-01-28 23:58:54,158 INFO c.h.h.t.HelmChartContainer - [test-hivemq-platform] [hivemq] [07dfd0d6] INFO  - [HiveMQ Platform Operator Init App 1.7.0-SNAPSHOT] Stopping the REST API
2025-01-28 23:58:54,168 INFO c.h.h.t.HelmChartContainer - [test-hivemq-platform] [hivemq] [07dfd0d6] INFO  - [HiveMQ Platform Operator Init App 1.7.0-SNAPSHOT] Shutdown complete
2025-01-28 23:58:54,631 INFO c.h.h.t.HelmChartContainer - [POD] test-hivemq-platform-1 [07dfd0d6-fa3b-4542-871d-57f2e18e5c33] in helmcontainersecuritycontextupgradeplatformit was MODIFIED
2025-01-28 23:58:54,642 INFO c.h.h.t.HelmChartContainer - [hivemq-test-hivemq-platform] [hivemq-platform-operator] [b936e29b] 23:58:54.634 [pool-6-thread-6] DEBUG c.h.p.o.dependants.PodInfoConfigMap - [helmcont] Desired PodInfo ConfigMap (1 extensions) (1 enabled)
2025-01-28 23:58:54,642 INFO c.h.h.t.HelmChartContainer - [hivemq-test-hivemq-platform] [hivemq-platform-operator] [b936e29b] 23:58:54.634 [pool-6-thread-3] DEBUG c.h.p.o.d.PlatformServiceResource - [helmcont] Desired Platform services (3 services)
2025-01-28 23:58:54,642 INFO c.h.h.t.HelmChartContainer - [hivemq-test-hivemq-platform] [hivemq-platform-operator] [b936e29b] 23:58:54.634 [pool-6-thread-2] DEBUG c.h.p.o.d.PodServiceAccountResource - [helmcont] Desired PodServiceAccountResource (serviceAccountName: hivemq-platform-pod-test-hivemq-platform)
2025-01-28 23:58:54,642 INFO c.h.h.t.HelmChartContainer - [hivemq-test-hivemq-platform] [hivemq-platform-operator] [b936e29b] 23:58:54.635 [pool-6-thread-6] DEBUG c.h.p.o.dependants.PodInfoConfigMap - [helmcont] Desired PodInfo ConfigMap (metrics port: 9399) (metrics path: /)
2025-01-28 23:58:54,642 INFO c.h.h.t.HelmChartContainer - [hivemq-test-hivemq-platform] [hivemq-platform-operator] [b936e29b] 23:58:54.636 [pool-6-thread-6] DEBUG c.h.p.o.dependants.PodInfoConfigMap - [helmcont] Desired PodInfo ConfigMap (extension state hash: -1817474005)
2025-01-28 23:58:54,642 INFO c.h.h.t.HelmChartContainer - [hivemq-test-hivemq-platform] [hivemq-platform-operator] [b936e29b] 23:58:54.639 [pool-6-thread-3] DEBUG c.h.p.o.d.StatefulSetResource - [helmcont] Desired StatefulSet (1 replicas) for status ROLLING_RESTART (SCALE_DOWN_IN_PROGRESS)
2025-01-28 23:58:54,647 INFO c.h.h.t.HelmChartContainer - [hivemq-test-hivemq-platform] [hivemq-platform-operator] [b936e29b] 23:58:54.643 [ReconcilerExecutor-hivemq-controller-149] INFO  c.h.p.o.HiveMQPlatformReconciler - [helmcont] Reconciling HiveMQ Platform 'test-hivemq-platform' in namespace 'helmcontainersecuritycontextupgradeplatformit'
2025-01-28 23:58:54,647 INFO c.h.h.t.HelmChartContainer - [hivemq-test-hivemq-platform] [hivemq-platform-operator] [b936e29b] 23:58:54.643 [ReconcilerExecutor-hivemq-controller-149] DEBUG c.h.p.o.HiveMQPlatformReconciler - [helmcont] Custom Resource Status ROLLING_RESTART - HiveMQ Platform is stopping the surge Pod (rolling restart) (SCALE_DOWN_IN_PROGRESS)
2025-01-28 23:58:54,650 INFO c.h.h.t.HelmChartContainer - [hivemq-test-hivemq-platform] [hivemq-platform-operator] [b936e29b] 23:58:54.643 [ReconcilerExecutor-hivemq-controller-149] DEBUG c.h.p.o.HiveMQPlatformReconciler - [helmcont] Custom Resource Spec (replicas: 1) (extensions: 1)
2025-01-28 23:58:54,650 INFO c.h.h.t.HelmChartContainer - [hivemq-test-hivemq-platform] [hivemq-platform-operator] [b936e29b] 23:58:54.644 [ReconcilerExecutor-hivemq-controller-149] DEBUG c.h.p.o.HiveMQPlatformReconciler - [helmcont] StatefulSet Status (revision: test-hivemq-platform-85948b8786, replicas: 2, available: 2, ready: 2, current: 0, updated: 1)
2025-01-28 23:58:54,650 INFO c.h.h.t.HelmChartContainer - [hivemq-test-hivemq-platform] [hivemq-platform-operator] [b936e29b] 23:58:54.644 [ReconcilerExecutor-hivemq-controller-149] DEBUG c.h.p.o.HiveMQPlatformReconciler - [helmcont] StatefulSet Spec (replicas: 1, init containers: 1, containers: 1, volumes: 3)
2025-01-28 23:58:54,650 INFO c.h.h.t.HelmChartContainer - [hivemq-test-hivemq-platform] [hivemq-platform-operator] [b936e29b] 23:58:54.645 [ReconcilerExecutor-hivemq-controller-149] DEBUG c.h.p.o.h.HiveMQPlatformReconcilerErrorHandler - [helmcont] Pod 'test-hivemq-platform-0' phase Running
2025-01-28 23:58:54,650 INFO c.h.h.t.HelmChartContainer - [hivemq-test-hivemq-platform] [hivemq-platform-operator] [b936e29b] 23:58:54.645 [ReconcilerExecutor-hivemq-controller-149] DEBUG c.h.p.o.h.HiveMQPlatformReconcilerRollingRestartHandler - [helmcont] Rolling restart is waiting for 2 of 1 replicas
2025-01-28 23:58:54,650 INFO c.h.h.t.HelmChartContainer - [hivemq-test-hivemq-platform] [hivemq-platform-operator] [b936e29b] 23:58:54.649 [pool-6-thread-20] DEBUG c.h.p.o.dependants.PodInfoConfigMap - [helmcont] Desired PodInfo ConfigMap (1 extensions) (1 enabled)
2025-01-28 23:58:54,650 INFO c.h.h.t.HelmChartContainer - [hivemq-test-hivemq-platform] [hivemq-platform-operator] [b936e29b] 23:58:54.649 [pool-6-thread-20] DEBUG c.h.p.o.dependants.PodInfoConfigMap - [helmcont] Desired PodInfo ConfigMap (metrics port: 9399) (metrics path: /)
2025-01-28 23:58:54,650 INFO c.h.h.t.HelmChartContainer - [hivemq-test-hivemq-platform] [hivemq-platform-operator] [b936e29b] 23:58:54.649 [pool-6-thread-19] DEBUG c.h.p.o.d.PlatformServiceResource - [helmcont] Desired Platform services (3 services)
2025-01-28 23:58:54,650 INFO c.h.h.t.HelmChartContainer - [hivemq-test-hivemq-platform] [hivemq-platform-operator] [b936e29b] 23:58:54.649 [pool-6-thread-18] DEBUG c.h.p.o.d.PodServiceAccountResource - [helmcont] Desired PodServiceAccountResource (serviceAccountName: hivemq-platform-pod-test-hivemq-platform)
2025-01-28 23:58:54,653 INFO c.h.h.t.HelmChartContainer - [hivemq-test-hivemq-platform] [hivemq-platform-operator] [b936e29b] 23:58:54.649 [pool-6-thread-20] DEBUG c.h.p.o.dependants.PodInfoConfigMap - [helmcont] Desired PodInfo ConfigMap (extension state hash: -1817474005)
2025-01-28 23:58:54,655 INFO c.h.h.t.HelmChartContainer - [hivemq-test-hivemq-platform] [hivemq-platform-operator] [b936e29b] 23:58:54.654 [pool-6-thread-19] DEBUG c.h.p.o.d.StatefulSetResource - [helmcont] Desired StatefulSet (1 replicas) for status ROLLING_RESTART (SCALE_DOWN_IN_PROGRESS)
2025-01-28 23:58:54,658 INFO c.h.h.t.HelmChartContainer - [hivemq-test-hivemq-platform] [hivemq-platform-operator] [b936e29b] 23:58:54.657 [ReconcilerExecutor-hivemq-controller-150] INFO  c.h.p.o.HiveMQPlatformReconciler - [helmcont] Reconciling HiveMQ Platform 'test-hivemq-platform' in namespace 'helmcontainersecuritycontextupgradeplatformit'
2025-01-28 23:58:54,658 INFO c.h.h.t.HelmChartContainer - [hivemq-test-hivemq-platform] [hivemq-platform-operator] [b936e29b] 23:58:54.657 [ReconcilerExecutor-hivemq-controller-150] DEBUG c.h.p.o.HiveMQPlatformReconciler - [helmcont] Custom Resource Status ROLLING_RESTART - HiveMQ Platform is stopping the surge Pod (rolling restart) (SCALE_DOWN_IN_PROGRESS)
2025-01-28 23:58:54,658 INFO c.h.h.t.HelmChartContainer - [hivemq-test-hivemq-platform] [hivemq-platform-operator] [b936e29b] 23:58:54.657 [ReconcilerExecutor-hivemq-controller-150] DEBUG c.h.p.o.HiveMQPlatformReconciler - [helmcont] Custom Resource Spec (replicas: 1) (extensions: 1)
2025-01-28 23:58:54,658 INFO c.h.h.t.HelmChartContainer - [hivemq-test-hivemq-platform] [hivemq-platform-operator] [b936e29b] 23:58:54.658 [ReconcilerExecutor-hivemq-controller-150] DEBUG c.h.p.o.HiveMQPlatformReconciler - [helmcont] StatefulSet Status (revision: test-hivemq-platform-85948b8786, replicas: 2, available: 1, ready: 1, current: 0, updated: 1)
2025-01-28 23:58:54,658 INFO c.h.h.t.HelmChartContainer - [hivemq-test-hivemq-platform] [hivemq-platform-operator] [b936e29b] 23:58:54.658 [ReconcilerExecutor-hivemq-controller-150] DEBUG c.h.p.o.HiveMQPlatformReconciler - [helmcont] StatefulSet Spec (replicas: 1, init containers: 1, containers: 1, volumes: 3)
2025-01-28 23:58:54,659 INFO c.h.h.t.HelmChartContainer - [hivemq-test-hivemq-platform] [hivemq-platform-operator] [b936e29b] 23:58:54.659 [ReconcilerExecutor-hivemq-controller-150] DEBUG c.h.p.o.h.HiveMQPlatformReconcilerErrorHandler - [helmcont] Pod 'test-hivemq-platform-0' phase Running
2025-01-28 23:58:54,661 INFO c.h.h.t.HelmChartContainer - [hivemq-test-hivemq-platform] [hivemq-platform-operator] [b936e29b] 23:58:54.659 [ReconcilerExecutor-hivemq-controller-150] INFO  c.h.p.o.h.HiveMQPlatformReconcilerRollingRestartHandler - [helmcont] Rolling restart is done
2025-01-28 23:58:54,689 INFO c.h.h.t.HelmChartContainer - [K3S] [reconciler_common.go:162] "operationExecutor.UnmountVolume started for volume \"operator-init\" (UniqueName: \"kubernetes.io/empty-dir/07dfd0d6-fa3b-4542-871d-57f2e18e5c33-operator-init\") pod \"07dfd0d6-fa3b-4542-871d-57f2e18e5c33\" (UID: \"07dfd0d6-fa3b-4542-871d-57f2e18e5c33\") "
2025-01-28 23:58:54,689 INFO c.h.h.t.HelmChartContainer - [K3S] [reconciler_common.go:162] "operationExecutor.UnmountVolume started for volume \"pod-info\" (UniqueName: \"kubernetes.io/configmap/07dfd0d6-fa3b-4542-871d-57f2e18e5c33-pod-info\") pod \"07dfd0d6-fa3b-4542-871d-57f2e18e5c33\" (UID: \"07dfd0d6-fa3b-4542-871d-57f2e18e5c33\") "
2025-01-28 23:58:54,689 INFO c.h.h.t.HelmChartContainer - [K3S] [reconciler_common.go:162] "operationExecutor.UnmountVolume started for volume \"broker-configuration\" (UniqueName: \"kubernetes.io/configmap/07dfd0d6-fa3b-4542-871d-57f2e18e5c33-broker-configuration\") pod \"07dfd0d6-fa3b-4542-871d-57f2e18e5c33\" (UID: \"07dfd0d6-fa3b-4542-871d-57f2e18e5c33\") "
2025-01-28 23:58:54,689 INFO c.h.h.t.HelmChartContainer - [K3S] [reconciler_common.go:162] "operationExecutor.UnmountVolume started for volume \"kube-api-access-dxvtc\" (UniqueName: \"kubernetes.io/projected/07dfd0d6-fa3b-4542-871d-57f2e18e5c33-kube-api-access-dxvtc\") pod \"07dfd0d6-fa3b-4542-871d-57f2e18e5c33\" (UID: \"07dfd0d6-fa3b-4542-871d-57f2e18e5c33\") "
2025-01-28 23:58:54,735 INFO c.h.h.t.HelmChartContainer - [EVENT] Normal [Ready] HiveMQ Platform is ready [helmcontainersecuritycontextupgradeplatformit:test-hivemq-platform]
2025-01-28 23:58:54,735 INFO c.h.h.t.HelmChartContainer - [hivemq-test-hivemq-platform] [hivemq-platform-operator] [b936e29b] 23:58:54.735 [ReconcilerExecutor-hivemq-controller-150] DEBUG c.h.p.operator.event.EventSender - [helmcont] Updating K8s event hivemq-platform-ready: [Ready] HiveMQ Platform is ready
2025-01-28 23:58:54,735 INFO c.h.h.t.HelmChartContainer - [hivemq-test-hivemq-platform] [hivemq-platform-operator] [b936e29b] 23:58:54.735 [ReconcilerExecutor-hivemq-controller-150] INFO  c.h.p.o.h.AbstractHiveMQReconcilerStateHandler - [helmcont] Update HiveMQ Platform Status (ROLLING_RESTART [SCALE_DOWN_IN_PROGRESS] -> RUNNING [READY]): HiveMQ Platform is ready
2025-01-28 23:58:54,742 DEBUG com.hivemq.helmcharts.util.K8sUtil - Comparing actual state 'RUNNING' and waiting for 'RUNNING'
2025-01-28 23:58:54,743 INFO c.h.h.t.HelmChartContainer - Uninstalling release 'test-hivemq-platform' in namespace 'helmcontainersecuritycontextupgradeplatformit'...
2025-01-28 23:58:54,743 DEBUG c.h.h.t.HelmChartContainer - Executing helm command: /bin/helm --kubeconfig /etc/rancher/k3s/k3s.yaml uninstall test-hivemq-platform  --wait --timeout 5m0s --cascade foreground --namespace helmcontainersecuritycontextupgradeplatformit
2025-01-28 23:58:54,790 INFO c.h.h.t.HelmChartContainer - [K3S] [reconciler_common.go:299] "Volume detached for volume \"pod-info\" (UniqueName: \"kubernetes.io/configmap/07dfd0d6-fa3b-4542-871d-57f2e18e5c33-pod-info\") on node \"0c997a873dc5\" DevicePath \"\""
2025-01-28 23:58:54,790 INFO c.h.h.t.HelmChartContainer - [K3S] [reconciler_common.go:299] "Volume detached for volume \"broker-configuration\" (UniqueName: \"kubernetes.io/configmap/07dfd0d6-fa3b-4542-871d-57f2e18e5c33-broker-configuration\") on node \"0c997a873dc5\" DevicePath \"\""
2025-01-28 23:58:54,790 INFO c.h.h.t.HelmChartContainer - [K3S] [reconciler_common.go:299] "Volume detached for volume \"kube-api-access-dxvtc\" (UniqueName: \"kubernetes.io/projected/07dfd0d6-fa3b-4542-871d-57f2e18e5c33-kube-api-access-dxvtc\") on node \"0c997a873dc5\" DevicePath \"\""
2025-01-28 23:58:54,790 INFO c.h.h.t.HelmChartContainer - [K3S] [reconciler_common.go:299] "Volume detached for volume \"operator-init\" (UniqueName: \"kubernetes.io/empty-dir/07dfd0d6-fa3b-4542-871d-57f2e18e5c33-operator-init\") on node \"0c997a873dc5\" DevicePath \"\""
2025-01-28 23:58:54,921 INFO c.h.h.t.HelmChartContainer - [hivemq-test-hivemq-platform] [hivemq-platform-operator] [b936e29b] 23:58:54.915 [pool-6-thread-26] DEBUG c.h.p.o.d.PlatformServiceResource - [helmcont] Desired Platform services (3 services)
2025-01-28 23:58:54,921 INFO c.h.h.t.HelmChartContainer - [hivemq-test-hivemq-platform] [hivemq-platform-operator] [b936e29b] 23:58:54.915 [pool-6-thread-24] DEBUG c.h.p.o.dependants.PodInfoConfigMap - [helmcont] Desired PodInfo ConfigMap (1 extensions) (1 enabled)
2025-01-28 23:58:54,921 INFO c.h.h.t.HelmChartContainer - [hivemq-test-hivemq-platform] [hivemq-platform-operator] [b936e29b] 23:58:54.915 [pool-6-thread-24] DEBUG c.h.p.o.dependants.PodInfoConfigMap - [helmcont] Desired PodInfo ConfigMap (metrics port: 9399) (metrics path: /)
2025-01-28 23:58:54,921 INFO c.h.h.t.HelmChartContainer - [hivemq-test-hivemq-platform] [hivemq-platform-operator] [b936e29b] 23:58:54.915 [pool-6-thread-24] DEBUG c.h.p.o.dependants.PodInfoConfigMap - [helmcont] Desired PodInfo ConfigMap (extension state hash: -1817474005)
2025-01-28 23:58:54,921 INFO c.h.h.t.HelmChartContainer - [hivemq-test-hivemq-platform] [hivemq-platform-operator] [b936e29b] 23:58:54.916 [pool-6-thread-24] DEBUG c.h.p.o.dependants.PodInfoConfigMap - [helmcont] Update PodInfo ConfigMap
2025-01-28 23:58:54,933 INFO c.h.h.t.HelmChartContainer - [hivemq-test-hivemq-platform] [hivemq-platform-operator] [b936e29b] 23:58:54.923 [pool-6-thread-26] DEBUG c.h.p.o.d.PodServiceAccountResource - [helmcont] Desired PodServiceAccountResource (serviceAccountName: hivemq-platform-pod-test-hivemq-platform)
2025-01-28 23:58:54,936 INFO c.h.h.t.HelmChartContainer - [hivemq-test-hivemq-platform] [hivemq-platform-operator] [b936e29b] 23:58:54.931 [pool-6-thread-24] DEBUG c.h.p.o.d.StatefulSetResource - [helmcont] Desired StatefulSet (1 replicas) for status RUNNING (READY)
2025-01-28 23:58:54,942 INFO c.h.h.t.HelmChartContainer - [hivemq-test-hivemq-platform] [hivemq-platform-operator] [b936e29b] 23:58:54.936 [ReconcilerExecutor-hivemq-controller-151] INFO  c.h.p.o.HiveMQPlatformReconciler - [helmcont] Reconciling HiveMQ Platform 'test-hivemq-platform' in namespace 'helmcontainersecuritycontextupgradeplatformit'
2025-01-28 23:58:54,942 INFO c.h.h.t.HelmChartContainer - [hivemq-test-hivemq-platform] [hivemq-platform-operator] [b936e29b] 23:58:54.936 [ReconcilerExecutor-hivemq-controller-151] DEBUG c.h.p.o.HiveMQPlatformReconciler - [helmcont] Custom Resource Status RUNNING - HiveMQ Platform is ready (READY)
2025-01-28 23:58:54,942 INFO c.h.h.t.HelmChartContainer - [hivemq-test-hivemq-platform] [hivemq-platform-operator] [b936e29b] 23:58:54.936 [ReconcilerExecutor-hivemq-controller-151] DEBUG c.h.p.o.HiveMQPlatformReconciler - [helmcont] Custom Resource Spec (replicas: 1) (extensions: 1)
2025-01-28 23:58:54,948 INFO c.h.h.t.HelmChartContainer - [hivemq-test-hivemq-platform] [hivemq-platform-operator] [b936e29b] 23:58:54.939 [ReconcilerExecutor-hivemq-controller-151] DEBUG c.h.p.o.HiveMQPlatformReconciler - [helmcont] StatefulSet Status (revision: test-hivemq-platform-85948b8786, replicas: 2, available: 1, ready: 1, current: 0, updated: 1)
2025-01-28 23:58:54,949 INFO c.h.h.t.HelmChartContainer - [hivemq-test-hivemq-platform] [hivemq-platform-operator] [b936e29b] 23:58:54.939 [ReconcilerExecutor-hivemq-controller-151] DEBUG c.h.p.o.HiveMQPlatformReconciler - [helmcont] StatefulSet Spec (replicas: 1, init containers: 1, containers: 1, volumes: 3)
2025-01-28 23:58:54,973 INFO c.h.h.t.HelmChartContainer - [hivemq-test-hivemq-platform] [hivemq-platform-operator] [b936e29b] 23:58:54.970 [ReconcilerExecutor-hivemq-controller-151] DEBUG c.h.p.o.h.HiveMQPlatformReconcilerErrorHandler - [helmcont] Pod 'test-hivemq-platform-0' phase Running
2025-01-28 23:58:54,982 INFO c.h.h.t.HelmChartContainer - [hivemq-test-hivemq-platform] [hivemq-platform-operator] [b936e29b] 23:58:54.980 [ReconcilerExecutor-hivemq-controller-154] INFO  c.h.p.o.HiveMQPlatformReconciler - [helmcont] Cleanup test-hivemq-platform - helmcontainersecuritycontextupgradeplatformit HiveMQ Platform is shut down
2025-01-28 23:58:55,193 INFO c.h.h.t.HelmChartContainer - [K3S] [scope.go:117] "RemoveContainer" containerID="0673a2a2f831cd9429b1d28a01329fc674ce70bf8b796c6b5d1afd196843fe72"
2025-01-28 23:58:55,207 INFO c.h.h.t.HelmChartContainer - [POD] test-hivemq-platform-1 [07dfd0d6-fa3b-4542-871d-57f2e18e5c33] in helmcontainersecuritycontextupgradeplatformit was MODIFIED
2025-01-28 23:58:55,215 INFO c.h.h.t.HelmChartContainer - [POD] test-hivemq-platform-1 [07dfd0d6-fa3b-4542-871d-57f2e18e5c33] in helmcontainersecuritycontextupgradeplatformit was DELETED
2025-01-28 23:58:55,292 INFO c.h.h.t.HelmChartContainer - [K3S] [scope.go:117] "RemoveContainer" containerID="f21425b71fac13ea0453a3d66b13df6e8fa37e96bec62b7de6700d24918eaf89"
2025-01-28 23:58:55,295 INFO c.h.h.t.HelmChartContainer - [K3S] [scope.go:117] "RemoveContainer" containerID="0673a2a2f831cd9429b1d28a01329fc674ce70bf8b796c6b5d1afd196843fe72"
2025-01-28 23:58:55,295 INFO c.h.h.t.HelmChartContainer - [K3S] [scope.go:117] "RemoveContainer" containerID="f21425b71fac13ea0453a3d66b13df6e8fa37e96bec62b7de6700d24918eaf89"
2025-01-28 23:58:55,497 INFO c.h.h.t.HelmChartContainer - [K3S] [kubelet_volumes.go:163] "Cleaned up orphaned pod volumes dir" podUID="07dfd0d6-fa3b-4542-871d-57f2e18e5c33" path="/var/lib/kubelet/pods/07dfd0d6-fa3b-4542-871d-57f2e18e5c33/volumes"
2025-01-28 23:58:55,704 INFO c.h.h.t.HelmChartContainer - [EVENT] Normal [Killing] Stopping container hivemq [helmcontainersecuritycontextupgradeplatformit:test-hivemq-platform-0]
2025-01-28 23:58:55,704 INFO c.h.h.t.HelmChartContainer - Received Killing event for container hivemq in pod test-hivemq-platform-0 [03570dda-c5e2-4425-bab5-52e1bcacb75d]
2025-01-28 23:58:55,704 INFO c.h.h.t.HelmChartContainer - Container [test-hivemq-platform-0] [hivemq] [03570dda-c5e2-4425-bab5-52e1bcacb75d] was terminated
2025-01-28 23:58:55,704 INFO c.h.h.t.HelmChartContainer - Stopped log watcher for hivemq in pod test-hivemq-platform-0 [03570dda-c5e2-4425-bab5-52e1bcacb75d]
2025-01-28 23:58:55,704 INFO c.h.h.t.HelmChartContainer - [POD] test-hivemq-platform-0 [03570dda-c5e2-4425-bab5-52e1bcacb75d] in helmcontainersecuritycontextupgradeplatformit was MODIFIED
2025-01-28 23:58:55,717 INFO c.h.h.t.HelmChartContainer - [test-hivemq-platform] [hivemq] [03570dda] INFO  - [HiveMQ Platform Operator Init App 1.7.0-SNAPSHOT] Shutting down
2025-01-28 23:58:55,717 INFO c.h.h.t.HelmChartContainer - [test-hivemq-platform] [hivemq] [03570dda] INFO  - [HiveMQ Platform Operator Init App 1.7.0-SNAPSHOT] Stopping the HiveMQ Platform
2025-01-28 23:58:55,903 INFO c.h.h.t.HelmChartContainer - [test-hivemq-platform] [hivemq] [03570dda] INFO  - Shutting down HiveMQ. Please wait, this could take a while...
2025-01-28 23:58:55,925 INFO c.h.h.t.HelmChartContainer - [test-hivemq-platform] [hivemq] [03570dda] INFO  - Shutting down listeners and clients
2025-01-28 23:58:55,926 INFO c.h.h.t.HelmChartContainer - [test-hivemq-platform] [hivemq] [03570dda] INFO  - Shutdown of listeners is done
2025-01-28 23:58:55,926 INFO c.h.h.t.HelmChartContainer - [test-hivemq-platform] [hivemq] [03570dda] INFO  - No clients are connected, proceeding with shutdown
2025-01-28 23:58:56,984 INFO c.h.h.t.HelmChartContainer - Deleting namespace 'helmcontainersecuritycontextupgradeplatformit'...
2025-01-28 23:58:58,445 INFO c.h.h.t.HelmChartContainer - [test-hivemq-platform] [hivemq] [03570dda] INFO  - [HiveMQ Platform Operator Init App 1.7.0-SNAPSHOT] Returning shutdown Health API response 503 for readiness
2025-01-28 23:58:58,450 INFO c.h.h.t.HelmChartContainer - [EVENT] Warning [Unhealthy] Readiness probe failed: HTTP probe failed with statuscode: 503 [helmcontainersecuritycontextupgradeplatformit:test-hivemq-platform-0]
2025-01-28 23:58:58,450 INFO c.h.h.t.HelmChartContainer - Received Unhealthy event for container hivemq in pod test-hivemq-platform-0 [03570dda-c5e2-4425-bab5-52e1bcacb75d]
2025-01-28 23:58:58,963 INFO c.h.h.t.HelmChartContainer - [K3S] [authentication.go:74] "Unable to authenticate the request" err="[invalid bearer token, serviceaccounts \"hivemq-platform-pod-test-hivemq-platform\" not found]"
2025-01-28 23:58:58,978 INFO c.h.h.t.HelmChartContainer - [K3S] [authentication.go:74] "Unable to authenticate the request" err="[invalid bearer token, serviceaccounts \"hivemq-platform-pod-test-hivemq-platform\" not found]"
2025-01-28 23:58:59,028 INFO c.h.h.t.HelmChartContainer - [test-hivemq-platform] [hivemq] [03570dda] WARN  - [HiveMQ Platform Operator Init App 1.7.0-SNAPSHOT] Could not update Pod annotations: Failure executing: GET at: https://10.43.0.1:443/api/v1/namespaces/helmcontainersecuritycontextupgradeplatformit/pods/test-hivemq-platform-0. Message: Unauthorized. Received status: Status(apiVersion=v1, code=401, details=null, kind=Status, message=Unauthorized, metadata=ListMeta(_continue=null, remainingItemCount=null, resourceVersion=null, selfLink=null, additionalProperties={}), reason=Unauthorized, status=Failure, additionalProperties={}).
2025-01-28 23:58:59,033 INFO c.h.h.t.HelmChartContainer - [test-hivemq-platform] [hivemq] [03570dda] INFO  - Shutting down extension system
2025-01-28 23:58:59,035 INFO c.h.h.t.HelmChartContainer - [test-hivemq-platform] [hivemq] [03570dda] INFO  - Stopping extension with id hivemq-dns-cluster-discovery
2025-01-28 23:58:59,037 INFO c.h.h.t.HelmChartContainer - [test-hivemq-platform] [hivemq] [03570dda] INFO  - Extension "DNS Cluster Discovery Extension" version 4.3.2 stopped successfully.
2025-01-28 23:58:59,037 INFO c.h.h.t.HelmChartContainer - [test-hivemq-platform] [hivemq] [03570dda] INFO  - Stopping extension with id hivemq-prometheus-extension
2025-01-28 23:58:59,041 INFO c.h.h.t.HelmChartContainer - [test-hivemq-platform] [hivemq] [03570dda] INFO  - Extension "Prometheus Monitoring Extension" version 4.0.12 stopped successfully.
2025-01-28 23:58:59,042 INFO c.h.h.t.HelmChartContainer - [test-hivemq-platform] [hivemq] [03570dda] INFO  - Stopping extension with id hivemq-allow-all-extension
2025-01-28 23:58:59,042 INFO c.h.h.t.HelmChartContainer - [test-hivemq-platform] [hivemq] [03570dda] INFO  - Extension "Allow All Extension" version 1.1.1 stopped successfully.
2025-01-28 23:59:01,401 INFO c.h.h.t.HelmChartContainer - [test-hivemq-platform] [hivemq] [03570dda] INFO  - Shutdown completed.
2025-01-28 23:59:01,748 INFO c.h.h.t.HelmChartContainer - [test-hivemq-platform] [hivemq] [03570dda] INFO  - [HiveMQ Platform Operator Init App 1.7.0-SNAPSHOT] The HiveMQ Platform exited with code 143
2025-01-28 23:59:01,748 INFO c.h.h.t.HelmChartContainer - [test-hivemq-platform] [hivemq] [03570dda] INFO  - [HiveMQ Platform Operator Init App 1.7.0-SNAPSHOT] Stopping the REST API
2025-01-28 23:59:01,754 INFO c.h.h.t.HelmChartContainer - [test-hivemq-platform] [hivemq] [03570dda] INFO  - [HiveMQ Platform Operator Init App 1.7.0-SNAPSHOT] Shutdown complete
2025-01-28 23:59:02,010 INFO c.h.h.t.HelmChartContainer - [K3S] [stateful_set.go:466] "StatefulSet has been deleted" key="helmcontainersecuritycontextupgradeplatformit/test-hivemq-platform"
2025-01-28 23:59:02,203 INFO c.h.h.t.HelmChartContainer - [K3S] [scope.go:117] "RemoveContainer" containerID="cace4f8faa82367d82eda287cc18adf82781a92d26c723c97aa6965beb58a034"
2025-01-28 23:59:02,210 INFO c.h.h.t.HelmChartContainer - [POD] test-hivemq-platform-0 [03570dda-c5e2-4425-bab5-52e1bcacb75d] in helmcontainersecuritycontextupgradeplatformit was MODIFIED
2025-01-28 23:59:02,227 INFO c.h.h.t.HelmChartContainer - [K3S] [reconciler_common.go:162] "operationExecutor.UnmountVolume started for volume \"broker-configuration\" (UniqueName: \"kubernetes.io/configmap/03570dda-c5e2-4425-bab5-52e1bcacb75d-broker-configuration\") pod \"03570dda-c5e2-4425-bab5-52e1bcacb75d\" (UID: \"03570dda-c5e2-4425-bab5-52e1bcacb75d\") "
2025-01-28 23:59:02,228 INFO c.h.h.t.HelmChartContainer - [K3S] [reconciler_common.go:162] "operationExecutor.UnmountVolume started for volume \"operator-init\" (UniqueName: \"kubernetes.io/empty-dir/03570dda-c5e2-4425-bab5-52e1bcacb75d-operator-init\") pod \"03570dda-c5e2-4425-bab5-52e1bcacb75d\" (UID: \"03570dda-c5e2-4425-bab5-52e1bcacb75d\") "
2025-01-28 23:59:02,228 INFO c.h.h.t.HelmChartContainer - [K3S] [reconciler_common.go:162] "operationExecutor.UnmountVolume started for volume \"pod-info\" (UniqueName: \"kubernetes.io/configmap/03570dda-c5e2-4425-bab5-52e1bcacb75d-pod-info\") pod \"03570dda-c5e2-4425-bab5-52e1bcacb75d\" (UID: \"03570dda-c5e2-4425-bab5-52e1bcacb75d\") "
2025-01-28 23:59:02,228 INFO c.h.h.t.HelmChartContainer - [K3S] [reconciler_common.go:162] "operationExecutor.UnmountVolume started for volume \"kube-api-access-lw7sl\" (UniqueName: \"kubernetes.io/projected/03570dda-c5e2-4425-bab5-52e1bcacb75d-kube-api-access-lw7sl\") pod \"03570dda-c5e2-4425-bab5-52e1bcacb75d\" (UID: \"03570dda-c5e2-4425-bab5-52e1bcacb75d\") "
2025-01-28 23:59:02,302 INFO c.h.h.t.HelmChartContainer - [K3S] [scope.go:117] "RemoveContainer" containerID="810fdb51695680e0249f62e4ff65925d1b737734d149859f9212d7daa12b505f"
2025-01-28 23:59:02,305 INFO c.h.h.t.HelmChartContainer - [K3S] [scope.go:117] "RemoveContainer" containerID="cace4f8faa82367d82eda287cc18adf82781a92d26c723c97aa6965beb58a034"
2025-01-28 23:59:02,305 INFO c.h.h.t.HelmChartContainer - [K3S] [scope.go:117] "RemoveContainer" containerID="810fdb51695680e0249f62e4ff65925d1b737734d149859f9212d7daa12b505f"
2025-01-28 23:59:02,327 INFO c.h.h.t.HelmChartContainer - [K3S] [reconciler_common.go:299] "Volume detached for volume \"pod-info\" (UniqueName: \"kubernetes.io/configmap/03570dda-c5e2-4425-bab5-52e1bcacb75d-pod-info\") on node \"0c997a873dc5\" DevicePath \"\""
2025-01-28 23:59:02,327 INFO c.h.h.t.HelmChartContainer - [K3S] [reconciler_common.go:299] "Volume detached for volume \"kube-api-access-lw7sl\" (UniqueName: \"kubernetes.io/projected/03570dda-c5e2-4425-bab5-52e1bcacb75d-kube-api-access-lw7sl\") on node \"0c997a873dc5\" DevicePath \"\""
2025-01-28 23:59:02,327 INFO c.h.h.t.HelmChartContainer - [K3S] [reconciler_common.go:299] "Volume detached for volume \"broker-configuration\" (UniqueName: \"kubernetes.io/configmap/03570dda-c5e2-4425-bab5-52e1bcacb75d-broker-configuration\") on node \"0c997a873dc5\" DevicePath \"\""
2025-01-28 23:59:02,327 INFO c.h.h.t.HelmChartContainer - [K3S] [reconciler_common.go:299] "Volume detached for volume \"operator-init\" (UniqueName: \"kubernetes.io/empty-dir/03570dda-c5e2-4425-bab5-52e1bcacb75d-operator-init\") on node \"0c997a873dc5\" DevicePath \"\""
2025-01-28 23:59:02,518 INFO c.h.h.t.HelmChartContainer - [POD] test-hivemq-platform-0 [03570dda-c5e2-4425-bab5-52e1bcacb75d] in helmcontainersecuritycontextupgradeplatformit was MODIFIED
2025-01-28 23:59:02,525 INFO c.h.h.t.HelmChartContainer - [POD] test-hivemq-platform-0 [03570dda-c5e2-4425-bab5-52e1bcacb75d] in helmcontainersecuritycontextupgradeplatformit was DELETED
2025-01-28 23:59:03,496 INFO c.h.h.t.HelmChartContainer - [K3S] [kubelet_volumes.go:163] "Cleaned up orphaned pod volumes dir" podUID="03570dda-c5e2-4425-bab5-52e1bcacb75d" path="/var/lib/kubelet/pods/03570dda-c5e2-4425-bab5-52e1bcacb75d/volumes"
2025-01-28 23:59:07,311 INFO c.h.h.t.HelmChartContainer - Namespace 'helmcontainersecuritycontextupgradeplatformit' deleted
2025-01-28 23:59:07,311 INFO c.h.h.t.HelmChartContainer - Release 'test-hivemq-platform' in namespace 'helmcontainersecuritycontextupgradeplatformit' is uninstalled
2025-01-28 23:59:07,311 INFO c.h.h.t.HelmChartContainer - Uninstalling release 'test-hivemq-platform-operator' in namespace 'helmcontainersecuritycontextupgradeplatformit-operator'...
2025-01-28 23:59:07,311 DEBUG c.h.h.t.HelmChartContainer - Executing helm command: /bin/helm --kubeconfig /etc/rancher/k3s/k3s.yaml uninstall test-hivemq-platform-operator  --wait --timeout 5m0s --cascade foreground --namespace helmcontainersecuritycontextupgradeplatformit-operator
2025-01-28 23:59:07,478 INFO c.h.h.t.HelmChartContainer - [K3S] [replica_set.go:679] "Finished syncing" kind="ReplicaSet" key="helmcontainersecuritycontextupgradeplatformit-operator/hivemq-test-hivemq-platform-operator-85995884cf" duration="11.661056ms"
2025-01-28 23:59:07,480 INFO c.h.h.t.HelmChartContainer - [K3S] [replica_set.go:679] "Finished syncing" kind="ReplicaSet" key="helmcontainersecuritycontextupgradeplatformit-operator/hivemq-test-hivemq-platform-operator-85995884cf" duration="40.505µs"
2025-01-28 23:59:07,497 INFO c.h.h.t.HelmChartContainer - [POD] hivemq-test-hivemq-platform-operator-85995884cf-vlw49 [b936e29b-c30e-42fa-9970-276f09c7c211] in helmcontainersecuritycontextupgradeplatformit-operator was MODIFIED
2025-01-28 23:59:07,504 INFO c.h.h.t.HelmChartContainer - [EVENT] Normal [Killing] Stopping container hivemq-platform-operator [helmcontainersecuritycontextupgradeplatformit-operator:hivemq-test-hivemq-platform-operator-85995884cf-vlw49]
2025-01-28 23:59:07,505 INFO c.h.h.t.HelmChartContainer - Received Killing event for container hivemq-platform-operator in pod hivemq-test-hivemq-platform-operator-85995884cf-vlw49 [b936e29b-c30e-42fa-9970-276f09c7c211]
2025-01-28 23:59:07,505 INFO c.h.h.t.HelmChartContainer - Container [hivemq-test-hivemq-platform-operator-85995884cf-vlw49] [hivemq-platform-operator] [b936e29b-c30e-42fa-9970-276f09c7c211] was terminated
2025-01-28 23:59:07,505 INFO c.h.h.t.HelmChartContainer - Stopped log watcher for hivemq-platform-operator in pod hivemq-test-hivemq-platform-operator-85995884cf-vlw49 [b936e29b-c30e-42fa-9970-276f09c7c211]
2025-01-28 23:59:07,506 INFO c.h.h.t.HelmChartContainer - [K3S] [replica_set.go:679] "Finished syncing" kind="ReplicaSet" key="helmcontainersecuritycontextupgradeplatformit-operator/hivemq-test-hivemq-platform-operator-85995884cf" duration="11.742127ms"
2025-01-28 23:59:07,507 INFO c.h.h.t.HelmChartContainer - [K3S] [replica_set.go:679] "Finished syncing" kind="ReplicaSet" key="helmcontainersecuritycontextupgradeplatformit-operator/hivemq-test-hivemq-platform-operator-85995884cf" duration="38.001µs"
2025-01-28 23:59:07,510 INFO c.h.h.t.HelmChartContainer - [hivemq-test-hivemq-platform] [hivemq-platform-operator] [b936e29b] 23:59:07.507 [application-shutdown-thread] INFO  c.h.p.o.HiveMQPlatformOperatorApplication - HiveMQ Platform Operator is stopping...
2025-01-28 23:59:07,510 INFO c.h.h.t.HelmChartContainer - [hivemq-test-hivemq-platform] [hivemq-platform-operator] [b936e29b] 23:59:07.507 [application-shutdown-thread] INFO  i.javaoperatorsdk.operator.Operator - Operator SDK 4.9.7 is shutting down...
2025-01-28 23:59:08,022 INFO c.h.h.t.HelmChartContainer - [K3S] [replica_set.go:679] "Finished syncing" kind="ReplicaSet" key="helmcontainersecuritycontextupgradeplatformit-operator/hivemq-test-hivemq-platform-operator-85995884cf" duration="42.8µs"
2025-01-28 23:59:08,022 INFO c.h.h.t.HelmChartContainer - [POD] hivemq-test-hivemq-platform-operator-85995884cf-vlw49 [b936e29b-c30e-42fa-9970-276f09c7c211] in helmcontainersecuritycontextupgradeplatformit-operator was MODIFIED
2025-01-28 23:59:08,067 INFO c.h.h.t.HelmChartContainer - [K3S] [reconciler_common.go:162] "operationExecutor.UnmountVolume started for volume \"kube-api-access-qqftv\" (UniqueName: \"kubernetes.io/projected/b936e29b-c30e-42fa-9970-276f09c7c211-kube-api-access-qqftv\") pod \"b936e29b-c30e-42fa-9970-276f09c7c211\" (UID: \"b936e29b-c30e-42fa-9970-276f09c7c211\") "
2025-01-28 23:59:08,168 INFO c.h.h.t.HelmChartContainer - [K3S] [reconciler_common.go:299] "Volume detached for volume \"kube-api-access-qqftv\" (UniqueName: \"kubernetes.io/projected/b936e29b-c30e-42fa-9970-276f09c7c211-kube-api-access-qqftv\") on node \"0c997a873dc5\" DevicePath \"\""
2025-01-28 23:59:08,210 INFO c.h.h.t.HelmChartContainer - [K3S] [scope.go:117] "RemoveContainer" containerID="831b8b040f3552f42cdab1a0a46816105677aa9ecd09c5071659154b05eee079"
2025-01-28 23:59:08,214 INFO c.h.h.t.HelmChartContainer - [K3S] [scope.go:117] "RemoveContainer" containerID="831b8b040f3552f42cdab1a0a46816105677aa9ecd09c5071659154b05eee079"
2025-01-28 23:59:08,222 INFO c.h.h.t.HelmChartContainer - [K3S] [replica_set.go:679] "Finished syncing" kind="ReplicaSet" key="helmcontainersecuritycontextupgradeplatformit-operator/hivemq-test-hivemq-platform-operator-85995884cf" duration="49.503µs"
2025-01-28 23:59:08,222 INFO c.h.h.t.HelmChartContainer - [POD] hivemq-test-hivemq-platform-operator-85995884cf-vlw49 [b936e29b-c30e-42fa-9970-276f09c7c211] in helmcontainersecuritycontextupgradeplatformit-operator was MODIFIED
2025-01-28 23:59:08,227 INFO c.h.h.t.HelmChartContainer - [K3S] [replica_set.go:679] "Finished syncing" kind="ReplicaSet" key="helmcontainersecuritycontextupgradeplatformit-operator/hivemq-test-hivemq-platform-operator-85995884cf" duration="30.988µs"
2025-01-28 23:59:08,228 INFO c.h.h.t.HelmChartContainer - [POD] hivemq-test-hivemq-platform-operator-85995884cf-vlw49 [b936e29b-c30e-42fa-9970-276f09c7c211] in helmcontainersecuritycontextupgradeplatformit-operator was DELETED
2025-01-28 23:59:08,238 INFO c.h.h.t.HelmChartContainer - [K3S] [replica_set.go:679] "Finished syncing" kind="ReplicaSet" key="helmcontainersecuritycontextupgradeplatformit-operator/hivemq-test-hivemq-platform-operator-85995884cf" duration="5.861µs"
2025-01-28 23:59:09,496 INFO c.h.h.t.HelmChartContainer - [K3S] [kubelet_volumes.go:163] "Cleaned up orphaned pod volumes dir" podUID="b936e29b-c30e-42fa-9970-276f09c7c211" path="/var/lib/kubelet/pods/b936e29b-c30e-42fa-9970-276f09c7c211/volumes"
2025-01-28 23:59:09,524 INFO c.h.h.t.HelmChartContainer - Deleting namespace 'helmcontainersecuritycontextupgradeplatformit-operator'...
2025-01-28 23:59:12,297 INFO c.h.h.t.HelmChartContainer - [K3S] [namespace_controller.go:187] "Namespace has been deleted" namespace="helmcontainersecuritycontextupgradeplatformit"
2025-01-28 23:59:14,740 INFO c.h.h.t.HelmChartContainer - Namespace 'helmcontainersecuritycontextupgradeplatformit-operator' deleted
2025-01-28 23:59:14,740 INFO c.h.h.t.HelmChartContainer - Release 'test-hivemq-platform-operator' in namespace 'helmcontainersecuritycontextupgradeplatformit-operator' is uninstalled
2025-01-28 23:59:15,522 INFO c.h.helmcharts.AbstractHelmChartIT - Removed unused containers:

2025-01-28 23:59:19,650 INFO c.h.h.t.HelmChartContainer - [K3S] [namespace_controller.go:187] "Namespace has been deleted" namespace="helmcontainersecuritycontextupgradeplatformit-operator"
2025-01-28 23:59:23,046 INFO c.h.helmcharts.AbstractHelmChartIT - Removed unused snapshots:
Removing snapshot sha256:03af251906410714c5aef9fa705b63f6bbc39c4a5e787de7361eeb18886c2ed2
Removing snapshot sha256:0c46b3b43cce082ce5ec34ffc6c294e0417d17b9d1e6f366d114b6aadc4f96dc
Removing snapshot sha256:0ce761beee59082d6ed5bcebd3a805b8ddd9b3426b617e4809e7fb7c6587ffec
Removing snapshot sha256:0df91287303208332c8ff6ba40ae4710105201739addbfbddfb955f1ad593664
Removing snapshot sha256:1021ef88c7974bfff89c5a0ec4fd3160daac6c48a075f74cff721f85dd104e68
Removing snapshot sha256:10aba4953ddc18145dd38e3704709bc464aa20af60b56fe52caaff4b68411e62
Removing snapshot sha256:22c2a32cf34130f0e2e67059b54d78108c6fd50b5cc37a8180a5875b4fb07fb5
Removing snapshot sha256:2573e0d8158209ed54ab25c87bcdcb00bd3d2539246960a3d592a1c599d70465
Removing snapshot sha256:362a8a37f8bbc31925a8146adcf7cf51f9882f5c1dcbef67c5baa03a297543c0
Removing snapshot sha256:43a7c979bbaba6838bc3102d6b10a1459f3ab050b87ccdfef84ef90cf43d3058
Removing snapshot sha256:4ab04491cdf0d3267f08206fe30bd48f49f94b9cab2f016d6739220f722a64af
Removing snapshot sha256:4b6068250e89c96f263060261819c7d912855bfbd64b3eb4c4a8483299b8c295
Removing snapshot sha256:580e69a0a8034ede1921139bbd2bfb72a69ebf276d008281896c32dd8bf74775
Removing snapshot sha256:5d30ba46b27fe37484567ccc5242cadc78217b8da605f3f195ef25cbf7487904
Removing snapshot sha256:5d4e3119c67cd97e71b7f04e02a9c7ecdb79e475d84b376a7599d98b86cc80c2
Removing snapshot sha256:63ca1fbb43ae5034640e5e6cb3e083e05c290072c5366fcaa9d62435a4cced85
Removing snapshot sha256:67f702c6baae873bceb19487c8b1f27bd2b86077e4f2f0e480e6d60ab508b8f5
Removing snapshot sha256:6864348dd42806d552efdec384f1274be15e2d0c10ce44c1f04347af004c10a9
Removing snapshot sha256:6c7dee8f2c39b84b7dc2711c01d33de93514d9055499173e9290176fbe484b6c
Removing snapshot sha256:82753493a6d61ded36556292f02f31841a14c20d2f279f19eaad65afb661d5cd
Removing snapshot sha256:8a10d3db42c505ee0fcfa98417bdd7e39b304f6bcc0a06bb1b220797ff2cc63c
Removing snapshot sha256:a21e5b12dbac529ad45d976eb9ce45c881f3bedcc500fb30aba1e52aa1813418
Removing snapshot sha256:b921e6c28969094157f9b8e7244677780319637afd14450b7cb6b2fdea558a0c
Removing snapshot sha256:bc27ecb5769a00e309cf99ebc763c4a4b958b618d1decc96ffac5bc05f02f5b7
Removing snapshot sha256:be3ccb6627a5332e309d45ef461d09b4879dd870c7394d89323d0ebc6ca6aa8a
Removing snapshot sha256:c261f7cbbc64211ee175ee47273acdb7b1a36a4450b397a064a8f2c026490095
Removing snapshot sha256:c34d9393647eea0c9e3557ab988efaf59f61d10a2a5613b439ef0958cca5ec10
Removing snapshot sha256:ccf3c4a0fa967a41c1c83497a2ce6fa5787965859df0adb32c4ca2cf7490bc2b
Removing snapshot sha256:cf92d33f869417309692088c341cd0f223c178ea78a125f757317b22aa8f90e9
Removing snapshot sha256:d0037344cf2fb078884f1849f6a1f8cf9a33a3b6139b6a85833e5ee528e1f9a8
Removing snapshot sha256:d3b36d5b79273b1e98e7700470eaeff05a882e777124d84cebcc1505b85ecb36
Removing snapshot sha256:d65a44a37914602d12c611e5e22a50f11451d847e63015cc1c2aef92dee777a4
Removing snapshot sha256:e2dc0bae2455930f23ae570e019b7f32edc75c0f2d71cab084db837ff9051796
Removing snapshot sha256:eccbd24a99c60cd9e86ee5305dbfc4a4dc89f5ab4fb1f06c8d64797cecedef34
Removing snapshot sha256:f144bb4c7c7f0d2aa7eeffd36d934ec40db1ee167be727e326aad9fdc616f475

]]></system-out>
  </testcase>
  <system-out><![CDATA[2025-01-28 23:50:49,146 INFO c.h.h.t.HelmChartContainerExtension - Using cached HelmChartContainer instance
2025-01-28 23:50:49,151 INFO c.h.h.t.HelmChartContainerExtension - Creating cached HelmChartContainer instance
2025-01-28 23:50:49,174 INFO o.testcontainers.DockerClientFactory - Testcontainers version: 1.20.4
2025-01-28 23:50:49,554 INFO o.t.d.DockerClientProviderStrategy - Found Docker environment with local Unix socket (unix:///var/run/docker.sock)
2025-01-28 23:50:49,560 INFO o.testcontainers.DockerClientFactory - Docker host IP address is localhost
2025-01-28 23:50:49,575 INFO o.testcontainers.DockerClientFactory - Connected to docker: 
  Server Version: 26.1.3
  API Version: 1.45
  Operating System: Ubuntu 24.04.1 LTS
  Total Memory: 15990 MB
2025-01-28 23:50:49,580 INFO o.testcontainers.images.PullPolicy - Image pull policy will be performed by: DefaultPullPolicy()
2025-01-28 23:50:49,581 INFO o.t.utility.ImageNameSubstitutor - Image name substitution will be performed by: DefaultImageNameSubstitutor (composite of 'ConfigurationFileImageNameSubstitutor' and 'PrefixingImageNameSubstitutor')
2025-01-28 23:50:49,603 INFO tc.testcontainers/ryuk:0.11.0 - Pulling docker image: testcontainers/ryuk:0.11.0. Please be patient; this may take some time but only needs to be done once.
2025-01-28 23:50:49,993 INFO tc.testcontainers/ryuk:0.11.0 - Starting to pull image
2025-01-28 23:50:50,014 INFO tc.testcontainers/ryuk:0.11.0 - Pulling image layers:  0 pending,  0 downloaded,  0 extracted, (0 bytes/0 bytes)
2025-01-28 23:50:50,332 INFO tc.testcontainers/ryuk:0.11.0 - Pulling image layers:  2 pending,  1 downloaded,  0 extracted, (116 KB/? MB)
2025-01-28 23:50:50,384 INFO tc.testcontainers/ryuk:0.11.0 - Pulling image layers:  1 pending,  2 downloaded,  0 extracted, (1 MB/? MB)
2025-01-28 23:50:50,415 INFO tc.testcontainers/ryuk:0.11.0 - Pulling image layers:  0 pending,  3 downloaded,  0 extracted, (5 MB/10 MB)
2025-01-28 23:50:50,492 INFO tc.testcontainers/ryuk:0.11.0 - Pulling image layers:  0 pending,  3 downloaded,  1 extracted, (6 MB/10 MB)
2025-01-28 23:50:50,626 INFO tc.testcontainers/ryuk:0.11.0 - Pulling image layers:  0 pending,  3 downloaded,  2 extracted, (7 MB/10 MB)
2025-01-28 23:50:50,663 INFO tc.testcontainers/ryuk:0.11.0 - Pulling image layers:  0 pending,  3 downloaded,  3 extracted, (10 MB/10 MB)
2025-01-28 23:50:50,669 INFO tc.testcontainers/ryuk:0.11.0 - Image testcontainers/ryuk:0.11.0 pull took PT1.065132784S
2025-01-28 23:50:50,689 INFO tc.testcontainers/ryuk:0.11.0 - Creating container for image: testcontainers/ryuk:0.11.0
2025-01-28 23:50:50,745 INFO tc.testcontainers/ryuk:0.11.0 - Container testcontainers/ryuk:0.11.0 is starting: b35fc1aa2d651d714cd8c98f0d054f843f199ffbabd92d308ea4b16aceef48f1
2025-01-28 23:50:50,981 INFO tc.testcontainers/ryuk:0.11.0 - Container testcontainers/ryuk:0.11.0 started in PT0.291377765S
2025-01-28 23:50:50,984 INFO o.t.utility.RyukResourceReaper - Ryuk started - will monitor and terminate Testcontainers containers on JVM exit
2025-01-28 23:50:50,984 INFO o.testcontainers.DockerClientFactory - Checking the system...
2025-01-28 23:50:50,985 INFO o.testcontainers.DockerClientFactory - ✔︎ Docker server version should be at least 1.6.0
2025-01-28 23:50:51,049 INFO o.t.i.builder.ImageFromDockerfile - Pre-emptively checking local images for 'ubuntu:noble-20241118.1@sha256:80dd3c3b9c6cecb9f1667e9290b3bc61b78c2678c02cbdae5f0fea92cc6734ab', referenced via a Dockerfile. If not available, it will be pulled.
2025-01-28 23:50:51,051 INFO t.u.1@sha256:80dd3c... - Pulling docker image: ubuntu:noble-20241118.1@sha256:80dd3c3b9c6cecb9f1667e9290b3bc61b78c2678c02cbdae5f0fea92cc6734ab. Please be patient; this may take some time but only needs to be done once.
2025-01-28 23:50:51,299 INFO t.u.1@sha256:80dd3c... - Starting to pull image
2025-01-28 23:50:51,300 INFO t.u.1@sha256:80dd3c... - Pulling image layers:  0 pending,  0 downloaded,  0 extracted, (0 bytes/0 bytes)
2025-01-28 23:50:51,920 INFO t.u.1@sha256:80dd3c... - Pulling image layers:  0 pending,  1 downloaded,  0 extracted, (19 MB/28 MB)
2025-01-28 23:50:52,843 INFO t.u.1@sha256:80dd3c... - Pulling image layers:  0 pending,  1 downloaded,  1 extracted, (28 MB/28 MB)
2025-01-28 23:50:52,847 INFO t.u.1@sha256:80dd3c... - Pull complete. 1 layers, pulled in 1s (downloaded 28 MB at 28 MB/s)
2025-01-28 23:50:52,847 INFO t.u.1@sha256:80dd3c... - Image ubuntu:noble-20241118.1@sha256:80dd3c3b9c6cecb9f1667e9290b3bc61b78c2678c02cbdae5f0fea92cc6734ab pull took PT1.795907312S
2025-01-28 23:50:52,850 INFO o.t.i.builder.ImageFromDockerfile - Pre-emptively checking local images for 'rancher/k3s:v1.32.1-k3s1', referenced via a Dockerfile. If not available, it will be pulled.
2025-01-28 23:50:52,851 INFO tc.rancher/k3s:v1.32.1-k3s1 - Pulling docker image: rancher/k3s:v1.32.1-k3s1. Please be patient; this may take some time but only needs to be done once.
2025-01-28 23:50:53,198 INFO tc.rancher/k3s:v1.32.1-k3s1 - Starting to pull image
2025-01-28 23:50:53,199 INFO tc.rancher/k3s:v1.32.1-k3s1 - Pulling image layers:  0 pending,  0 downloaded,  0 extracted, (0 bytes/0 bytes)
2025-01-28 23:50:54,217 INFO tc.rancher/k3s:v1.32.1-k3s1 - Pulling image layers:  0 pending,  1 downloaded,  0 extracted, (68 MB/71 MB)
2025-01-28 23:50:55,252 INFO tc.rancher/k3s:v1.32.1-k3s1 - Pulling image layers:  0 pending,  1 downloaded,  1 extracted, (71 MB/71 MB)
2025-01-28 23:50:55,257 INFO tc.rancher/k3s:v1.32.1-k3s1 - Pull complete. 1 layers, pulled in 2s (downloaded 71 MB at 35 MB/s)
2025-01-28 23:50:55,257 INFO tc.rancher/k3s:v1.32.1-k3s1 - Image rancher/k3s:v1.32.1-k3s1 pull took PT2.405320485S
2025-01-28 23:50:55,263 INFO o.t.i.builder.ImageFromDockerfile - Transferred 0 bytes to Docker daemon
2025-01-28 23:51:10,017 INFO c.h.h.t.HelmChartContainer - Starting HelmChartContainer...
2025-01-28 23:51:10,020 INFO t.localhost/testcontainers/x8wtmyu4capsfqgh:latest - Creating container for image: localhost/testcontainers/x8wtmyu4capsfqgh:latest
2025-01-28 23:51:10,086 INFO tc.alpine:3.17 - Pulling docker image: alpine:3.17. Please be patient; this may take some time but only needs to be done once.
2025-01-28 23:51:10,466 INFO tc.alpine:3.17 - Starting to pull image
2025-01-28 23:51:10,467 INFO tc.alpine:3.17 - Pulling image layers:  0 pending,  0 downloaded,  0 extracted, (0 bytes/0 bytes)
2025-01-28 23:51:10,925 INFO tc.alpine:3.17 - Pulling image layers:  0 pending,  1 downloaded,  0 extracted, (1 MB/3 MB)
2025-01-28 23:51:11,017 INFO tc.alpine:3.17 - Pulling image layers:  0 pending,  1 downloaded,  1 extracted, (3 MB/3 MB)
2025-01-28 23:51:11,022 INFO tc.alpine:3.17 - Image alpine:3.17 pull took PT0.935886166S
2025-01-28 23:51:11,558 INFO t.localhost/testcontainers/x8wtmyu4capsfqgh:latest - Container localhost/testcontainers/x8wtmyu4capsfqgh:latest is starting: 0c997a873dc535976afc8bb31d516cccea8db014cf26ac3710f8992633b374c8
2025-01-28 23:51:11,918 INFO c.h.h.t.HelmChartContainer - [K3S] [INFO] Starting k3s v1.32.1+k3s1 (6a322f12)
2025-01-28 23:51:11,921 INFO c.h.h.t.HelmChartContainer - [K3S] [INFO] Configuring sqlite3 database connection pooling: maxIdleConns=2, maxOpenConns=0, connMaxLifetime=0s
2025-01-28 23:51:11,921 INFO c.h.h.t.HelmChartContainer - [K3S] [INFO] Configuring database table schema and indexes, this may take a moment...
2025-01-28 23:51:11,924 INFO c.h.h.t.HelmChartContainer - [K3S] [INFO] Database tables and indexes are up to date
2025-01-28 23:51:11,926 INFO c.h.h.t.HelmChartContainer - [K3S] [INFO] Kine available at unix://kine.sock
2025-01-28 23:51:12,094 INFO c.h.h.t.HelmChartContainer - [K3S] [INFO] Saving cluster bootstrap data to datastore
2025-01-28 23:51:12,097 INFO c.h.h.t.HelmChartContainer - [K3S] [WARNING] dynamiclistener [::]:6443: no cached certificate available for preload - deferring certificate load until storage initialization or first client request
2025-01-28 23:51:12,097 INFO c.h.h.t.HelmChartContainer - [K3S] [INFO] Active TLS secret / (ver=) (count 10): map[listener.cattle.io/cn-0c997a873dc5:0c997a873dc5 listener.cattle.io/cn-10.43.0.1:10.43.0.1 listener.cattle.io/cn-127.0.0.1:127.0.0.1 listener.cattle.io/cn-172.18.0.2:172.18.0.2 listener.cattle.io/cn-__1-f16284:::1 listener.cattle.io/cn-kubernetes:kubernetes listener.cattle.io/cn-kubernetes.default:kubernetes.default listener.cattle.io/cn-kubernetes.default.svc:kubernetes.default.svc listener.cattle.io/cn-kubernetes.default.svc.cluster.local:kubernetes.default.svc.cluster.local listener.cattle.io/cn-localhost:localhost listener.cattle.io/fingerprint:SHA1=7B7AED514E45D6F6C9CAE38DD5D5B4B181D2F832]
2025-01-28 23:51:12,257 INFO c.h.h.t.HelmChartContainer - [K3S] [INFO] Running kube-apiserver --advertise-port=6443 --allow-privileged=true --anonymous-auth=false --api-audiences=https://kubernetes.default.svc.cluster.local,k3s --authorization-mode=Node,RBAC --bind-address=127.0.0.1 --cert-dir=/var/lib/rancher/k3s/server/tls/temporary-certs --client-ca-file=/var/lib/rancher/k3s/server/tls/client-ca.crt --egress-selector-config-file=/var/lib/rancher/k3s/server/etc/egress-selector-config.yaml --enable-admission-plugins=NodeRestriction --enable-aggregator-routing=true --enable-bootstrap-token-auth=true --etcd-compaction-interval=0s --etcd-servers=unix://kine.sock --kubelet-certificate-authority=/var/lib/rancher/k3s/server/tls/server-ca.crt --kubelet-client-certificate=/var/lib/rancher/k3s/server/tls/client-kube-apiserver.crt --kubelet-client-key=/var/lib/rancher/k3s/server/tls/client-kube-apiserver.key --kubelet-preferred-address-types=InternalIP,ExternalIP,Hostname --profiling=false --proxy-client-cert-file=/var/lib/rancher/k3s/server/tls/client-auth-proxy.crt --proxy-client-key-file=/var/lib/rancher/k3s/server/tls/client-auth-proxy.key --requestheader-allowed-names=system:auth-proxy --requestheader-client-ca-file=/var/lib/rancher/k3s/server/tls/request-header-ca.crt --requestheader-extra-headers-prefix=X-Remote-Extra- --requestheader-group-headers=X-Remote-Group --requestheader-username-headers=X-Remote-User --secure-port=6444 --service-account-issuer=https://kubernetes.default.svc.cluster.local --service-account-key-file=/var/lib/rancher/k3s/server/tls/service.key --service-account-signing-key-file=/var/lib/rancher/k3s/server/tls/service.current.key --service-cluster-ip-range=10.43.0.0/16 --service-node-port-range=30000-32767 --storage-backend=etcd3 --tls-cert-file=/var/lib/rancher/k3s/server/tls/serving-kube-apiserver.crt --tls-cipher-suites=TLS_ECDHE_ECDSA_WITH_AES_256_GCM_SHA384,TLS_ECDHE_RSA_WITH_AES_256_GCM_SHA384,TLS_ECDHE_ECDSA_WITH_AES_128_GCM_SHA256,TLS_ECDHE_RSA_WITH_AES_128_GCM_SHA256,TLS_ECDHE_ECDSA_WITH_CHACHA20_POLY1305,TLS_ECDHE_RSA_WITH_CHACHA20_POLY1305 --tls-private-key-file=/var/lib/rancher/k3s/server/tls/serving-kube-apiserver.key
2025-01-28 23:51:12,258 INFO c.h.h.t.HelmChartContainer - [K3S] [INFO] Running kube-scheduler --authentication-kubeconfig=/var/lib/rancher/k3s/server/cred/scheduler.kubeconfig --authorization-kubeconfig=/var/lib/rancher/k3s/server/cred/scheduler.kubeconfig --bind-address=127.0.0.1 --kubeconfig=/var/lib/rancher/k3s/server/cred/scheduler.kubeconfig --leader-elect=false --profiling=false --secure-port=10259
2025-01-28 23:51:12,259 INFO c.h.h.t.HelmChartContainer - [K3S] [registry.go:256] calling componentGlobalsRegistry.AddFlags more than once, the registry will be set by the latest flags
2025-01-28 23:51:12,259 INFO c.h.h.t.HelmChartContainer - [K3S] [INFO] Waiting for API server to become available
2025-01-28 23:51:12,260 INFO c.h.h.t.HelmChartContainer - [K3S] [INFO] Running kube-controller-manager --allocate-node-cidrs=true --authentication-kubeconfig=/var/lib/rancher/k3s/server/cred/controller.kubeconfig --authorization-kubeconfig=/var/lib/rancher/k3s/server/cred/controller.kubeconfig --bind-address=127.0.0.1 --cluster-cidr=10.42.0.0/16 --cluster-signing-kube-apiserver-client-cert-file=/var/lib/rancher/k3s/server/tls/client-ca.nochain.crt --cluster-signing-kube-apiserver-client-key-file=/var/lib/rancher/k3s/server/tls/client-ca.key --cluster-signing-kubelet-client-cert-file=/var/lib/rancher/k3s/server/tls/client-ca.nochain.crt --cluster-signing-kubelet-client-key-file=/var/lib/rancher/k3s/server/tls/client-ca.key --cluster-signing-kubelet-serving-cert-file=/var/lib/rancher/k3s/server/tls/server-ca.nochain.crt --cluster-signing-kubelet-serving-key-file=/var/lib/rancher/k3s/server/tls/server-ca.key --cluster-signing-legacy-unknown-cert-file=/var/lib/rancher/k3s/server/tls/server-ca.nochain.crt --cluster-signing-legacy-unknown-key-file=/var/lib/rancher/k3s/server/tls/server-ca.key --configure-cloud-routes=false --controllers=*,tokencleaner,-service,-route,-cloud-node-lifecycle --kubeconfig=/var/lib/rancher/k3s/server/cred/controller.kubeconfig --leader-elect=false --profiling=false --root-ca-file=/var/lib/rancher/k3s/server/tls/server-ca.crt --secure-port=10257 --service-account-private-key-file=/var/lib/rancher/k3s/server/tls/service.current.key --service-cluster-ip-range=10.43.0.0/16 --use-service-account-credentials=true
2025-01-28 23:51:12,261 INFO c.h.h.t.HelmChartContainer - [K3S] [options.go:299] unable to set WatchListClient feature gate, err: cannot override default for feature "WatchListClient": gates already added to a flag set
2025-01-28 23:51:12,261 INFO c.h.h.t.HelmChartContainer - [K3S] [registry.go:256] calling componentGlobalsRegistry.AddFlags more than once, the registry will be set by the latest flags
2025-01-28 23:51:12,261 INFO c.h.h.t.HelmChartContainer - [K3S] [INFO] Running cloud-controller-manager --allocate-node-cidrs=true --authentication-kubeconfig=/var/lib/rancher/k3s/server/cred/cloud-controller.kubeconfig --authorization-kubeconfig=/var/lib/rancher/k3s/server/cred/cloud-controller.kubeconfig --bind-address=127.0.0.1 --cloud-config=/var/lib/rancher/k3s/server/etc/cloud-config.yaml --cloud-provider=k3s --cluster-cidr=10.42.0.0/16 --configure-cloud-routes=false --controllers=*,-route --kubeconfig=/var/lib/rancher/k3s/server/cred/cloud-controller.kubeconfig --leader-elect=false --leader-elect-resource-name=k3s-cloud-controller-manager --node-status-update-frequency=1m0s --profiling=false
2025-01-28 23:51:12,264 INFO c.h.h.t.HelmChartContainer - [K3S] [INFO] Server node token is available at /var/lib/rancher/k3s/server/token
2025-01-28 23:51:12,264 INFO c.h.h.t.HelmChartContainer - [K3S] [INFO] To join server node to cluster: k3s server -s https://172.18.0.2:6443 -t ${SERVER_NODE_TOKEN}
2025-01-28 23:51:12,264 INFO c.h.h.t.HelmChartContainer - [K3S] [INFO] Agent node token is available at /var/lib/rancher/k3s/server/agent-token
2025-01-28 23:51:12,264 INFO c.h.h.t.HelmChartContainer - [K3S] [INFO] To join agent node to cluster: k3s agent -s https://172.18.0.2:6443 -t ${AGENT_NODE_TOKEN}
2025-01-28 23:51:12,264 INFO c.h.h.t.HelmChartContainer - [K3S] [registry.go:256] calling componentGlobalsRegistry.AddFlags more than once, the registry will be set by the latest flags
2025-01-28 23:51:12,264 INFO c.h.h.t.HelmChartContainer - [K3S] [INFO] Wrote kubeconfig /etc/rancher/k3s/k3s.yaml
2025-01-28 23:51:12,265 INFO c.h.h.t.HelmChartContainer - [K3S] [INFO] Run: k3s kubectl
2025-01-28 23:51:12,265 INFO c.h.h.t.HelmChartContainer - [K3S] [options.go:238] external host was not specified, using 172.18.0.2
2025-01-28 23:51:12,265 INFO c.h.h.t.HelmChartContainer - [K3S] [server.go:151] Version: v1.32.1+k3s1
2025-01-28 23:51:12,265 INFO c.h.h.t.HelmChartContainer - [K3S] [server.go:153] "Golang settings" GOGC="" GOMAXPROCS="" GOTRACEBACK=""
2025-01-28 23:51:12,718 INFO c.h.h.t.HelmChartContainer - [K3S] [plugins.go:157] Loaded 13 mutating admission controller(s) successfully in the following order: NamespaceLifecycle,LimitRanger,ServiceAccount,NodeRestriction,TaintNodesByCondition,Priority,DefaultTolerationSeconds,DefaultStorageClass,StorageObjectInUseProtection,RuntimeClass,DefaultIngressClass,MutatingAdmissionPolicy,MutatingAdmissionWebhook.
2025-01-28 23:51:12,719 INFO c.h.h.t.HelmChartContainer - [K3S] [plugins.go:160] Loaded 13 validating admission controller(s) successfully in the following order: LimitRanger,ServiceAccount,PodSecurity,Priority,PersistentVolumeClaimResize,RuntimeClass,CertificateApproval,CertificateSigning,ClusterTrustBundleAttest,CertificateSubjectRestriction,ValidatingAdmissionPolicy,ValidatingAdmissionWebhook,ResourceQuota.
2025-01-28 23:51:12,719 INFO c.h.h.t.HelmChartContainer - [K3S] [instance.go:233] Using reconciler: lease
2025-01-28 23:51:12,784 INFO c.h.h.t.HelmChartContainer - [K3S] [apis.go:106] API group "internal.apiserver.k8s.io" is not enabled, skipping.
2025-01-28 23:51:12,832 INFO c.h.h.t.HelmChartContainer - [K3S] [apis.go:106] API group "storagemigration.k8s.io" is not enabled, skipping.
2025-01-28 23:51:12,858 INFO c.h.h.t.HelmChartContainer - [K3S] [apis.go:106] API group "resource.k8s.io" is not enabled, skipping.
2025-01-28 23:51:12,861 INFO c.h.h.t.HelmChartContainer - [K3S] [INFO] Password verified locally for node 0c997a873dc5
2025-01-28 23:51:13,172 INFO c.h.h.t.HelmChartContainer - [K3S] [dynamic_cafile_content.go:161] "Starting controller" name="client-ca-bundle::/var/lib/rancher/k3s/server/tls/client-ca.crt"
2025-01-28 23:51:13,173 INFO c.h.h.t.HelmChartContainer - [K3S] [dynamic_cafile_content.go:161] "Starting controller" name="request-header::/var/lib/rancher/k3s/server/tls/request-header-ca.crt"
2025-01-28 23:51:13,174 INFO c.h.h.t.HelmChartContainer - [K3S] [dynamic_serving_content.go:135] "Starting controller" name="serving-cert::/var/lib/rancher/k3s/server/tls/serving-kube-apiserver.crt::/var/lib/rancher/k3s/server/tls/serving-kube-apiserver.key"
2025-01-28 23:51:13,174 INFO c.h.h.t.HelmChartContainer - [K3S] [secure_serving.go:213] Serving securely on 127.0.0.1:6444
2025-01-28 23:51:13,174 INFO c.h.h.t.HelmChartContainer - [K3S] [tlsconfig.go:243] "Starting DynamicServingCertificateController"
2025-01-28 23:51:13,175 INFO c.h.h.t.HelmChartContainer - [K3S] [aggregator.go:169] waiting for initial CRD sync...
2025-01-28 23:51:13,175 INFO c.h.h.t.HelmChartContainer - [K3S] [controller.go:80] Starting OpenAPI V3 AggregationController
2025-01-28 23:51:13,175 INFO c.h.h.t.HelmChartContainer - [K3S] [gc_controller.go:78] Starting apiserver lease garbage collector
2025-01-28 23:51:13,175 INFO c.h.h.t.HelmChartContainer - [K3S] [dynamic_serving_content.go:135] "Starting controller" name="aggregator-proxy-cert::/var/lib/rancher/k3s/server/tls/client-auth-proxy.crt::/var/lib/rancher/k3s/server/tls/client-auth-proxy.key"
2025-01-28 23:51:13,175 INFO c.h.h.t.HelmChartContainer - [K3S] [local_available_controller.go:156] Starting LocalAvailability controller
2025-01-28 23:51:13,175 INFO c.h.h.t.HelmChartContainer - [K3S] [apf_controller.go:377] Starting API Priority and Fairness config controller
2025-01-28 23:51:13,175 INFO c.h.h.t.HelmChartContainer - [K3S] [remote_available_controller.go:411] Starting RemoteAvailability controller
2025-01-28 23:51:13,177 INFO c.h.h.t.HelmChartContainer - [K3S] [system_namespaces_controller.go:66] Starting system namespaces controller
2025-01-28 23:51:13,178 INFO c.h.h.t.HelmChartContainer - [K3S] [controller.go:78] Starting OpenAPI AggregationController
2025-01-28 23:51:13,179 INFO c.h.h.t.HelmChartContainer - [K3S] [apiservice_controller.go:100] Starting APIServiceRegistrationController
2025-01-28 23:51:13,179 INFO c.h.h.t.HelmChartContainer - [K3S] [controller.go:119] Starting legacy_token_tracking_controller
2025-01-28 23:51:13,179 INFO c.h.h.t.HelmChartContainer - [K3S] [dynamic_cafile_content.go:161] "Starting controller" name="client-ca-bundle::/var/lib/rancher/k3s/server/tls/client-ca.crt"
2025-01-28 23:51:13,179 INFO c.h.h.t.HelmChartContainer - [K3S] [dynamic_cafile_content.go:161] "Starting controller" name="request-header::/var/lib/rancher/k3s/server/tls/request-header-ca.crt"
2025-01-28 23:51:13,179 INFO c.h.h.t.HelmChartContainer - [K3S] [customresource_discovery_controller.go:292] Starting DiscoveryController
2025-01-28 23:51:13,179 INFO c.h.h.t.HelmChartContainer - [K3S] [crdregistration_controller.go:114] Starting crd-autoregister controller
2025-01-28 23:51:13,181 INFO c.h.h.t.HelmChartContainer - [K3S] [cluster_authentication_trust_controller.go:462] Starting cluster_authentication_trust_controller controller
2025-01-28 23:51:13,181 INFO c.h.h.t.HelmChartContainer - [K3S] [controller.go:142] Starting OpenAPI controller
2025-01-28 23:51:13,181 INFO c.h.h.t.HelmChartContainer - [K3S] [controller.go:90] Starting OpenAPI V3 controller
2025-01-28 23:51:13,181 INFO c.h.h.t.HelmChartContainer - [K3S] [naming_controller.go:294] Starting NamingConditionController
2025-01-28 23:51:13,181 INFO c.h.h.t.HelmChartContainer - [K3S] [establishing_controller.go:81] Starting EstablishingController
2025-01-28 23:51:13,181 INFO c.h.h.t.HelmChartContainer - [K3S] [nonstructuralschema_controller.go:195] Starting NonStructuralSchemaConditionController
2025-01-28 23:51:13,181 INFO c.h.h.t.HelmChartContainer - [K3S] [apiapproval_controller.go:189] Starting KubernetesAPIApprovalPolicyConformantConditionController
2025-01-28 23:51:13,182 INFO c.h.h.t.HelmChartContainer - [K3S] [crd_finalizer.go:269] Starting CRDFinalizer
2025-01-28 23:51:13,248 INFO c.h.h.t.HelmChartContainer - [K3S] [policy_source.go:240] refreshing policies
2025-01-28 23:51:13,274 INFO c.h.h.t.HelmChartContainer - [K3S] [apf_controller.go:382] Running API Priority and Fairness config worker
2025-01-28 23:51:13,275 INFO c.h.h.t.HelmChartContainer - [K3S] [apf_controller.go:385] Running API Priority and Fairness periodic rebalancing process
2025-01-28 23:51:13,276 INFO c.h.h.t.HelmChartContainer - [K3S] [handler_discovery.go:451] Starting ResourceDiscoveryManager
2025-01-28 23:51:13,278 INFO c.h.h.t.HelmChartContainer - [K3S] [aggregator.go:171] initial CRD sync complete...
2025-01-28 23:51:13,278 INFO c.h.h.t.HelmChartContainer - [K3S] [autoregister_controller.go:144] Starting autoregister controller
2025-01-28 23:51:13,330 INFO c.h.h.t.HelmChartContainer - [K3S] [controller.go:95] Unable to perform initial Kubernetes service initialization: namespaces "default" not found
2025-01-28 23:51:13,419 INFO c.h.h.t.HelmChartContainer - [K3S] [WARNING] Host resolv.conf includes loopback or multicast nameservers - kubelet will use autogenerated resolv.conf with nameserver 8.8.8.8
2025-01-28 23:51:13,429 INFO c.h.h.t.HelmChartContainer - [K3S] [INFO] Module overlay was already loaded
2025-01-28 23:51:13,429 INFO c.h.h.t.HelmChartContainer - [K3S] [INFO] Module nf_conntrack was already loaded
2025-01-28 23:51:13,430 INFO c.h.h.t.HelmChartContainer - [K3S] [INFO] Module br_netfilter was already loaded
2025-01-28 23:51:13,434 INFO c.h.h.t.HelmChartContainer - [K3S] [INFO] Set sysctl 'net/netfilter/nf_conntrack_max' to 131072
2025-01-28 23:51:13,434 INFO c.h.h.t.HelmChartContainer - [K3S] [INFO] Set sysctl 'net/netfilter/nf_conntrack_tcp_timeout_established' to 86400
2025-01-28 23:51:13,434 INFO c.h.h.t.HelmChartContainer - [K3S] [INFO] Set sysctl 'net/netfilter/nf_conntrack_tcp_timeout_close_wait' to 3600
2025-01-28 23:51:13,436 INFO c.h.h.t.HelmChartContainer - [K3S] [INFO] Logging containerd to /var/lib/rancher/k3s/agent/containerd/containerd.log
2025-01-28 23:51:13,436 INFO c.h.h.t.HelmChartContainer - [K3S] [INFO] Running containerd -c /var/lib/rancher/k3s/agent/etc/containerd/config.toml -a /run/k3s/containerd/containerd.sock --state /run/k3s/containerd --root /var/lib/rancher/k3s/agent/containerd
2025-01-28 23:51:14,179 INFO c.h.h.t.HelmChartContainer - [K3S] [storage_scheduling.go:95] created PriorityClass system-node-critical with value 2000001000
2025-01-28 23:51:14,183 INFO c.h.h.t.HelmChartContainer - [K3S] [storage_scheduling.go:95] created PriorityClass system-cluster-critical with value 2000000000
2025-01-28 23:51:14,183 INFO c.h.h.t.HelmChartContainer - [K3S] [storage_scheduling.go:111] all system priority classes are created successfully or already exist.
2025-01-28 23:51:14,439 INFO c.h.h.t.HelmChartContainer - [K3S] [INFO] containerd is now running
2025-01-28 23:51:14,443 INFO c.h.h.t.HelmChartContainer - [K3S] [INFO] Connecting to proxy" url="wss://127.0.0.1:6443/v1-k3s/connect
2025-01-28 23:51:14,443 INFO c.h.h.t.HelmChartContainer - [K3S] [INFO] Creating k3s-cert-monitor event broadcaster
2025-01-28 23:51:14,447 INFO c.h.h.t.HelmChartContainer - [K3S] [INFO] Handling backend connection request [0c997a873dc5]
2025-01-28 23:51:14,447 INFO c.h.h.t.HelmChartContainer - [K3S] [INFO] Remotedialer connected to proxy" url="wss://127.0.0.1:6443/v1-k3s/connect
2025-01-28 23:51:14,447 INFO c.h.h.t.HelmChartContainer - [K3S] [INFO] Running kubelet --cloud-provider=external --config-dir=/var/lib/rancher/k3s/agent/etc/kubelet.conf.d --containerd=/run/k3s/containerd/containerd.sock --hostname-override=0c997a873dc5 --kubeconfig=/var/lib/rancher/k3s/agent/kubelet.kubeconfig --node-ip=172.18.0.2 --node-labels=
2025-01-28 23:51:14,557 INFO c.h.h.t.HelmChartContainer - [K3S] [ERROR] Sending HTTP/1.1 503 response to 127.0.0.1:38502: runtime core not ready
2025-01-28 23:51:14,635 INFO c.h.h.t.HelmChartContainer - [K3S] [INFO] Running kube-proxy --cluster-cidr=10.42.0.0/16 --conntrack-max-per-core=0 --conntrack-tcp-timeout-close-wait=0s --conntrack-tcp-timeout-established=0s --healthz-bind-address=127.0.0.1 --hostname-override=0c997a873dc5 --kubeconfig=/var/lib/rancher/k3s/agent/kubeproxy.kubeconfig --proxy-mode=iptables
2025-01-28 23:51:14,636 INFO c.h.h.t.HelmChartContainer - [K3S] [alloc.go:330] "allocated clusterIPs" service="default/kubernetes" clusterIPs={"IPv4":"10.43.0.1"}
2025-01-28 23:51:14,640 INFO c.h.h.t.HelmChartContainer - [K3S] [lease.go:265] Resetting endpoints for master service "kubernetes" to [172.18.0.2]
2025-01-28 23:51:14,672 INFO c.h.h.t.HelmChartContainer - [K3S] [server.go:687] "Failed to retrieve node info" err="nodes \"0c997a873dc5\" not found"
2025-01-28 23:51:15,262 INFO c.h.h.t.HelmChartContainer - [K3S] [INFO] Waiting for untainted node
2025-01-28 23:51:15,263 INFO c.h.h.t.HelmChartContainer - [K3S] [INFO] Waiting for cloud-controller-manager privileges to become available
2025-01-28 23:51:15,263 INFO c.h.h.t.HelmChartContainer - [K3S] [INFO] Creating k3s-supervisor event broadcaster
2025-01-28 23:51:15,263 INFO c.h.h.t.HelmChartContainer - [K3S] [INFO] Kube API server is now running
2025-01-28 23:51:15,263 INFO c.h.h.t.HelmChartContainer - [K3S] [INFO] ETCD server is now running
2025-01-28 23:51:15,263 INFO c.h.h.t.HelmChartContainer - [K3S] [INFO] k3s is up and running
2025-01-28 23:51:15,269 INFO c.h.h.t.HelmChartContainer - [K3S] [INFO] Applying CRD addons.k3s.cattle.io
2025-01-28 23:51:15,279 INFO c.h.h.t.HelmChartContainer - [K3S] [INFO] Applying CRD etcdsnapshotfiles.k3s.cattle.io
2025-01-28 23:51:15,293 INFO c.h.h.t.HelmChartContainer - [K3S] [INFO] Applying CRD helmcharts.helm.cattle.io
2025-01-28 23:51:15,304 INFO c.h.h.t.HelmChartContainer - [K3S] [INFO] Applying CRD helmchartconfigs.helm.cattle.io
2025-01-28 23:51:15,316 INFO c.h.h.t.HelmChartContainer - [K3S] [INFO] Waiting for CRD helmcharts.helm.cattle.io to become available
2025-01-28 23:51:15,450 INFO c.h.h.t.HelmChartContainer - [K3S] Flag --containerd has been deprecated, This is a cadvisor flag that was mistakenly registered with the Kubelet. Due to legacy concerns, it will follow the standard CLI deprecation timeline before being removed.
2025-01-28 23:51:15,454 INFO c.h.h.t.HelmChartContainer - [K3S] [server.go:515] "Kubelet version" kubeletVersion="v1.32.1+k3s1"
2025-01-28 23:51:15,454 INFO c.h.h.t.HelmChartContainer - [K3S] [server.go:517] "Golang settings" GOGC="" GOMAXPROCS="" GOTRACEBACK=""
2025-01-28 23:51:15,455 INFO c.h.h.t.HelmChartContainer - [K3S] [dynamic_cafile_content.go:161] "Starting controller" name="client-ca-bundle::/var/lib/rancher/k3s/agent/client-ca.crt"
2025-01-28 23:51:15,457 INFO c.h.h.t.HelmChartContainer - [K3S] [log.go:32] "RuntimeConfig from runtime service failed" err="rpc error: code = Unimplemented desc = method RuntimeConfig not implemented"
2025-01-28 23:51:15,457 INFO c.h.h.t.HelmChartContainer - [K3S] [server.go:1416] "CRI implementation should be updated to support RuntimeConfig when KubeletCgroupDriverFromCRI feature gate has been enabled. Falling back to using cgroupDriver from kubelet config."
2025-01-28 23:51:15,461 INFO c.h.h.t.HelmChartContainer - [K3S] [info.go:53] Couldn't collect info from any of the files in "/etc/machine-id,/var/lib/dbus/machine-id"
2025-01-28 23:51:15,462 INFO c.h.h.t.HelmChartContainer - [K3S] [server.go:767] "--cgroups-per-qos enabled, but --cgroup-root was not specified.  defaulting to /"
2025-01-28 23:51:15,462 INFO c.h.h.t.HelmChartContainer - [K3S] [server.go:836] "NoSwap is set due to memorySwapBehavior not specified" memorySwapBehavior="" FailSwapOn=false
2025-01-28 23:51:15,462 INFO c.h.h.t.HelmChartContainer - [K3S] [swap_util.go:115] "Swap is on" /proc/swaps contents=<
2025-01-28 23:51:15,462 INFO c.h.h.t.HelmChartContainer - [K3S] 	Filename				Type		Size		Used		Priority
2025-01-28 23:51:15,462 INFO c.h.h.t.HelmChartContainer - [K3S] 	/mnt/swapfile                           file		4194300		0		-2
2025-01-28 23:51:15,462 INFO c.h.h.t.HelmChartContainer - [K3S]  >
2025-01-28 23:51:15,462 INFO c.h.h.t.HelmChartContainer - [K3S] [container_manager_linux.go:268] "Container manager verified user specified cgroup-root exists" cgroupRoot=[]
2025-01-28 23:51:15,462 INFO c.h.h.t.HelmChartContainer - [K3S] [container_manager_linux.go:273] "Creating Container Manager object based on Node Config" nodeConfig={"NodeName":"0c997a873dc5","RuntimeCgroupsName":"","SystemCgroupsName":"","KubeletCgroupsName":"/k3s","KubeletOOMScoreAdj":-999,"ContainerRuntime":"","CgroupsPerQOS":true,"CgroupRoot":"/","CgroupDriver":"cgroupfs","KubeletRootDir":"/var/lib/kubelet","ProtectKernelDefaults":false,"KubeReservedCgroupName":"","SystemReservedCgroupName":"","ReservedSystemCPUs":{},"EnforceNodeAllocatable":{"pods":{}},"KubeReserved":null,"SystemReserved":null,"HardEvictionThresholds":[{"Signal":"imagefs.available","Operator":"LessThan","Value":{"Quantity":null,"Percentage":0.05},"GracePeriod":0,"MinReclaim":null},{"Signal":"nodefs.available","Operator":"LessThan","Value":{"Quantity":null,"Percentage":0.05},"GracePeriod":0,"MinReclaim":null}],"QOSReserved":{},"CPUManagerPolicy":"none","CPUManagerPolicyOptions":null,"TopologyManagerScope":"container","CPUManagerReconcilePeriod":10000000000,"ExperimentalMemoryManagerPolicy":"None","ExperimentalMemoryManagerReservedMemory":null,"PodPidsLimit":-1,"EnforceCPULimits":true,"CPUCFSQuotaPeriod":100000000,"TopologyManagerPolicy":"none","TopologyManagerPolicyOptions":null,"CgroupVersion":2}
2025-01-28 23:51:15,462 INFO c.h.h.t.HelmChartContainer - [K3S] [topology_manager.go:138] "Creating topology manager with none policy"
2025-01-28 23:51:15,462 INFO c.h.h.t.HelmChartContainer - [K3S] [container_manager_linux.go:304] "Creating device plugin manager"
2025-01-28 23:51:15,462 INFO c.h.h.t.HelmChartContainer - [K3S] [state_mem.go:36] "Initialized new in-memory state store"
2025-01-28 23:51:15,462 INFO c.h.h.t.HelmChartContainer - [K3S] [kubelet.go:446] "Attempting to sync node with API server"
2025-01-28 23:51:15,463 INFO c.h.h.t.HelmChartContainer - [K3S] [kubelet.go:341] "Adding static pod path" path="/var/lib/rancher/k3s/agent/pod-manifests"
2025-01-28 23:51:15,463 INFO c.h.h.t.HelmChartContainer - [K3S] [kubelet.go:352] "Adding apiserver pod source"
2025-01-28 23:51:15,463 INFO c.h.h.t.HelmChartContainer - [K3S] [apiserver.go:42] "Waiting for node sync before watching apiserver pods"
2025-01-28 23:51:15,464 INFO c.h.h.t.HelmChartContainer - [K3S] [kuberuntime_manager.go:269] "Container runtime initialized" containerRuntime="containerd" version="v1.7.23-k3s2" apiVersion="v1"
2025-01-28 23:51:15,464 INFO c.h.h.t.HelmChartContainer - [K3S] [kubelet.go:890] "Not starting ClusterTrustBundle informer because we are in static kubelet mode"
2025-01-28 23:51:15,464 INFO c.h.h.t.HelmChartContainer - [K3S] [probe.go:272] Flexvolume plugin directory at /usr/libexec/kubernetes/kubelet-plugins/volume/exec/ does not exist. Recreating.
2025-01-28 23:51:15,465 INFO c.h.h.t.HelmChartContainer - [K3S] [watchdog_linux.go:99] "Systemd watchdog is not enabled"
2025-01-28 23:51:15,465 INFO c.h.h.t.HelmChartContainer - [K3S] [server.go:1282] "Started kubelet"
2025-01-28 23:51:15,466 INFO c.h.h.t.HelmChartContainer - [K3S] [server.go:169] "Starting to listen" address="0.0.0.0" port=10250
2025-01-28 23:51:15,467 INFO c.h.h.t.HelmChartContainer - [K3S] [server.go:208] "Starting to listen read-only" address="0.0.0.0" port=10255
2025-01-28 23:51:15,467 INFO c.h.h.t.HelmChartContainer - [K3S] [server.go:490] "Adding debug handlers to kubelet server"
2025-01-28 23:51:15,469 INFO c.h.h.t.HelmChartContainer - [K3S] [ratelimit.go:55] "Setting rate limiting for endpoint" service="podresources" qps=100 burstTokens=10
2025-01-28 23:51:15,469 INFO c.h.h.t.HelmChartContainer - [K3S] [server.go:243] "Starting to serve the podresources API" endpoint="unix:/var/lib/kubelet/pod-resources/kubelet.sock"
2025-01-28 23:51:15,469 INFO c.h.h.t.HelmChartContainer - [K3S] [fs_resource_analyzer.go:67] "Starting FS ResourceAnalyzer"
2025-01-28 23:51:15,473 INFO c.h.h.t.HelmChartContainer - [K3S] [dynamic_serving_content.go:135] "Starting controller" name="kubelet-server-cert-files::/var/lib/rancher/k3s/agent/serving-kubelet.crt::/var/lib/rancher/k3s/agent/serving-kubelet.key"
2025-01-28 23:51:15,474 INFO c.h.h.t.HelmChartContainer - [K3S] [kubelet_node_status.go:467] "Error getting the current node from lister" err="node \"0c997a873dc5\" not found"
2025-01-28 23:51:15,477 INFO c.h.h.t.HelmChartContainer - [K3S] [volume_manager.go:297] "Starting Kubelet Volume Manager"
2025-01-28 23:51:15,477 INFO c.h.h.t.HelmChartContainer - [K3S] [desired_state_of_world_populator.go:149] "Desired state populator starts to run"
2025-01-28 23:51:15,477 INFO c.h.h.t.HelmChartContainer - [K3S] [reconciler.go:26] "Reconciler: start to sync state"
2025-01-28 23:51:15,479 INFO c.h.h.t.HelmChartContainer - [K3S] [factory.go:221] Registration of the systemd container factory successfully
2025-01-28 23:51:15,479 INFO c.h.h.t.HelmChartContainer - [K3S] [factory.go:219] Registration of the crio container factory failed: Get "http://%2Fvar%2Frun%2Fcrio%2Fcrio.sock/info": dial unix /var/run/crio/crio.sock: connect: no such file or directory
2025-01-28 23:51:15,480 INFO c.h.h.t.HelmChartContainer - [K3S] [kubelet.go:1561] "Image garbage collection failed once. Stats initialization may not have completed yet" err="invalid capacity 0 on image filesystem"
2025-01-28 23:51:15,482 INFO c.h.h.t.HelmChartContainer - [K3S] [factory.go:221] Registration of the containerd container factory successfully
2025-01-28 23:51:15,485 INFO c.h.h.t.HelmChartContainer - [K3S] [nodelease.go:49] "Failed to get node when trying to set owner ref to the node lease" err="nodes \"0c997a873dc5\" not found" node="0c997a873dc5"
2025-01-28 23:51:15,490 INFO c.h.h.t.HelmChartContainer - [K3S] [kubelet_network_linux.go:50] "Initialized iptables rules." protocol="IPv4"
2025-01-28 23:51:15,493 INFO c.h.h.t.HelmChartContainer - [K3S] [kubelet_network_linux.go:50] "Initialized iptables rules." protocol="IPv6"
2025-01-28 23:51:15,494 INFO c.h.h.t.HelmChartContainer - [K3S] [status_manager.go:227] "Starting to sync pod status with apiserver"
2025-01-28 23:51:15,494 INFO c.h.h.t.HelmChartContainer - [K3S] [watchdog_linux.go:127] "Systemd watchdog is not enabled or the interval is invalid, so health checking will not be started."
2025-01-28 23:51:15,494 INFO c.h.h.t.HelmChartContainer - [K3S] [kubelet.go:2388] "Starting kubelet main sync loop"
2025-01-28 23:51:15,494 INFO c.h.h.t.HelmChartContainer - [K3S] [kubelet.go:2412] "Skipping pod synchronization" err="[container runtime status check may not have completed yet, PLEG is not healthy: pleg has yet to be successful]"
2025-01-28 23:51:15,516 INFO c.h.h.t.HelmChartContainer - [K3S] [cpu_manager.go:221] "Starting CPU manager" policy="none"
2025-01-28 23:51:15,517 INFO c.h.h.t.HelmChartContainer - [K3S] [cpu_manager.go:222] "Reconciling" reconcilePeriod="10s"
2025-01-28 23:51:15,517 INFO c.h.h.t.HelmChartContainer - [K3S] [state_mem.go:36] "Initialized new in-memory state store"
2025-01-28 23:51:15,521 INFO c.h.h.t.HelmChartContainer - [K3S] [policy_none.go:49] "None policy: Start"
2025-01-28 23:51:15,521 INFO c.h.h.t.HelmChartContainer - [K3S] [memory_manager.go:186] "Starting memorymanager" policy="None"
2025-01-28 23:51:15,522 INFO c.h.h.t.HelmChartContainer - [K3S] [state_mem.go:35] "Initializing new in-memory state store"
2025-01-28 23:51:15,526 INFO c.h.h.t.HelmChartContainer - [K3S] [manager.go:519] "Failed to read data from checkpoint" checkpoint="kubelet_internal_checkpoint" err="checkpoint is not found"
2025-01-28 23:51:15,527 INFO c.h.h.t.HelmChartContainer - [K3S] [eviction_manager.go:189] "Eviction manager: starting control loop"
2025-01-28 23:51:15,527 INFO c.h.h.t.HelmChartContainer - [K3S] [container_log_manager.go:189] "Initializing container log rotate workers" workers=1 monitorPeriod="10s"
2025-01-28 23:51:15,529 INFO c.h.h.t.HelmChartContainer - [K3S] [plugin_manager.go:118] "Starting Kubelet Plugin Manager"
2025-01-28 23:51:15,529 INFO c.h.h.t.HelmChartContainer - [K3S] [eviction_manager.go:267] "eviction manager: failed to check if we have separate container filesystem. Ignoring." err="no imagefs label for configured runtime"
2025-01-28 23:51:15,530 INFO c.h.h.t.HelmChartContainer - [K3S] [eviction_manager.go:292] "Eviction manager: failed to get summary stats" err="failed to get node info: node \"0c997a873dc5\" not found"
2025-01-28 23:51:15,628 INFO c.h.h.t.HelmChartContainer - [K3S] [kubelet_node_status.go:76] "Attempting to register node" node="0c997a873dc5"
2025-01-28 23:51:15,632 INFO c.h.h.t.HelmChartContainer - [K3S] [kubelet_node_status.go:79] "Successfully registered node" node="0c997a873dc5"
2025-01-28 23:51:15,632 INFO c.h.h.t.HelmChartContainer - [K3S] [serving.go:392] Generated self-signed cert in-memory
2025-01-28 23:51:15,632 INFO c.h.h.t.HelmChartContainer - [K3S] [kubelet_node_status.go:549] "Error updating node status, will retry" err="error getting node \"0c997a873dc5\": node \"0c997a873dc5\" not found"
2025-01-28 23:51:15,637 INFO c.h.h.t.HelmChartContainer - [K3S] [INFO] Annotations and labels have been set successfully on node: 0c997a873dc5
2025-01-28 23:51:15,637 INFO c.h.h.t.HelmChartContainer - [K3S] [INFO] Starting flannel with backend vxlan
2025-01-28 23:51:15,742 INFO c.h.h.t.HelmChartContainer - [K3S] [server.go:698] "Successfully retrieved node IP(s)" IPs=["172.18.0.2"]
2025-01-28 23:51:15,742 INFO c.h.h.t.HelmChartContainer - [K3S] [server.go:234] "Kube-proxy configuration may be incomplete or incorrect" err="nodePortAddresses is unset; NodePort connections will be accepted on all local IPs. Consider using `--nodeport-addresses primary`"
2025-01-28 23:51:15,746 INFO c.h.h.t.HelmChartContainer - [K3S] [server.go:243] "kube-proxy running in dual-stack mode" primary ipFamily="IPv4"
2025-01-28 23:51:15,747 INFO c.h.h.t.HelmChartContainer - [K3S] [server_linux.go:170] "Using iptables Proxier"
2025-01-28 23:51:15,748 INFO c.h.h.t.HelmChartContainer - [K3S] [proxier.go:255] "Setting route_localnet=1 to allow node-ports on localhost; to change this either disable iptables.localhostNodePorts (--iptables-localhost-nodeports) or set nodePortAddresses (--nodeport-addresses) to filter loopback addresses"
2025-01-28 23:51:15,754 INFO c.h.h.t.HelmChartContainer - [K3S] [server.go:497] "Version info" version="v1.32.1+k3s1"
2025-01-28 23:51:15,754 INFO c.h.h.t.HelmChartContainer - [K3S] [server.go:499] "Golang settings" GOGC="" GOMAXPROCS="" GOTRACEBACK=""
2025-01-28 23:51:15,754 INFO c.h.h.t.HelmChartContainer - [K3S] [config.go:199] "Starting service config controller"
2025-01-28 23:51:15,754 INFO c.h.h.t.HelmChartContainer - [K3S] [config.go:105] "Starting endpoint slice config controller"
2025-01-28 23:51:15,755 INFO c.h.h.t.HelmChartContainer - [K3S] [config.go:329] "Starting node config controller"
2025-01-28 23:51:15,819 INFO c.h.h.t.HelmChartContainer - [K3S] [INFO] Done waiting for CRD helmcharts.helm.cattle.io to become available
2025-01-28 23:51:15,819 INFO c.h.h.t.HelmChartContainer - [K3S] [INFO] Waiting for CRD helmchartconfigs.helm.cattle.io to become available
2025-01-28 23:51:15,841 INFO c.h.h.t.HelmChartContainer - [K3S] [kubelet_node_status.go:502] "Fast updating node status as it just became ready"
2025-01-28 23:51:15,917 INFO c.h.h.t.HelmChartContainer - [K3S] [controllermanager.go:185] "Starting" version="v1.32.1+k3s1"
2025-01-28 23:51:15,917 INFO c.h.h.t.HelmChartContainer - [K3S] [controllermanager.go:187] "Golang settings" GOGC="" GOMAXPROCS="" GOTRACEBACK=""
2025-01-28 23:51:15,922 INFO c.h.h.t.HelmChartContainer - [K3S] [requestheader_controller.go:180] Starting RequestHeaderAuthRequestController
2025-01-28 23:51:15,923 INFO c.h.h.t.HelmChartContainer - [K3S] [configmap_cafile_content.go:205] "Starting controller" name="client-ca::kube-system::extension-apiserver-authentication::requestheader-client-ca-file"
2025-01-28 23:51:15,923 INFO c.h.h.t.HelmChartContainer - [K3S] [configmap_cafile_content.go:205] "Starting controller" name="client-ca::kube-system::extension-apiserver-authentication::client-ca-file"
2025-01-28 23:51:15,923 INFO c.h.h.t.HelmChartContainer - [K3S] [secure_serving.go:213] Serving securely on 127.0.0.1:10257
2025-01-28 23:51:15,924 INFO c.h.h.t.HelmChartContainer - [K3S] [tlsconfig.go:243] "Starting DynamicServingCertificateController"
2025-01-28 23:51:15,924 INFO c.h.h.t.HelmChartContainer - [K3S] [controllermanager.go:765] "Started controller" controller="serviceaccount-token-controller"
2025-01-28 23:51:15,943 INFO c.h.h.t.HelmChartContainer - [K3S] [controllermanager.go:765] "Started controller" controller="resourcequota-controller"
2025-01-28 23:51:15,943 INFO c.h.h.t.HelmChartContainer - [K3S] [resource_quota_controller.go:300] "Starting resource quota controller"
2025-01-28 23:51:15,957 INFO c.h.h.t.HelmChartContainer - [K3S] [controllermanager.go:765] "Started controller" controller="deployment-controller"
2025-01-28 23:51:15,958 INFO c.h.h.t.HelmChartContainer - [K3S] [deployment_controller.go:173] "Starting controller" controller="deployment"
2025-01-28 23:51:15,971 INFO c.h.h.t.HelmChartContainer - [K3S] [node_lifecycle_controller.go:432] "Controller will reconcile labels"
2025-01-28 23:51:15,971 INFO c.h.h.t.HelmChartContainer - [K3S] [controllermanager.go:765] "Started controller" controller="node-lifecycle-controller"
2025-01-28 23:51:15,971 INFO c.h.h.t.HelmChartContainer - [K3S] [controllermanager.go:717] "Controller is disabled by a feature gate" controller="volumeattributesclass-protection-controller" requiredFeatureGates=["VolumeAttributesClass"]
2025-01-28 23:51:15,971 INFO c.h.h.t.HelmChartContainer - [K3S] [controllermanager.go:717] "Controller is disabled by a feature gate" controller="resourceclaim-controller" requiredFeatureGates=["DynamicResourceAllocation"]
2025-01-28 23:51:15,971 INFO c.h.h.t.HelmChartContainer - [K3S] [controllermanager.go:717] "Controller is disabled by a feature gate" controller="service-cidr-controller" requiredFeatureGates=["MultiCIDRServiceAllocator"]
2025-01-28 23:51:15,975 INFO c.h.h.t.HelmChartContainer - [K3S] [node_lifecycle_controller.go:466] "Sending events to api server"
2025-01-28 23:51:15,976 INFO c.h.h.t.HelmChartContainer - [K3S] [node_lifecycle_controller.go:477] "Starting node controller"
2025-01-28 23:51:15,981 INFO c.h.h.t.HelmChartContainer - [K3S] [controllermanager.go:765] "Started controller" controller="endpoints-controller"
2025-01-28 23:51:15,981 INFO c.h.h.t.HelmChartContainer - [K3S] [endpoints_controller.go:182] "Starting endpoint controller"
2025-01-28 23:51:15,989 INFO c.h.h.t.HelmChartContainer - [K3S] [controllermanager.go:765] "Started controller" controller="pod-garbage-collector-controller"
2025-01-28 23:51:15,989 INFO c.h.h.t.HelmChartContainer - [K3S] [gc_controller.go:99] "Starting GC controller"
2025-01-28 23:51:15,995 INFO c.h.h.t.HelmChartContainer - [K3S] [controllermanager.go:765] "Started controller" controller="certificatesigningrequest-cleaner-controller"
2025-01-28 23:51:15,995 INFO c.h.h.t.HelmChartContainer - [K3S] [cleaner.go:83] "Starting CSR cleaner controller"
2025-01-28 23:51:16,003 INFO c.h.h.t.HelmChartContainer - [K3S] [range_allocator.go:112] "No Secondary Service CIDR provided. Skipping filtering out secondary service addresses"
2025-01-28 23:51:16,003 INFO c.h.h.t.HelmChartContainer - [K3S] [controllermanager.go:765] "Started controller" controller="node-ipam-controller"
2025-01-28 23:51:16,003 INFO c.h.h.t.HelmChartContainer - [K3S] [node_ipam_controller.go:141] "Starting ipam controller"
2025-01-28 23:51:16,008 INFO c.h.h.t.HelmChartContainer - [K3S] [controllermanager.go:765] "Started controller" controller="persistentvolume-attach-detach-controller"
2025-01-28 23:51:16,009 INFO c.h.h.t.HelmChartContainer - [K3S] [attach_detach_controller.go:338] "Starting attach detach controller"
2025-01-28 23:51:16,014 INFO c.h.h.t.HelmChartContainer - [K3S] [controllermanager.go:765] "Started controller" controller="persistentvolumeclaim-protection-controller"
2025-01-28 23:51:16,014 INFO c.h.h.t.HelmChartContainer - [K3S] [pvc_protection_controller.go:168] "Starting PVC protection controller"
2025-01-28 23:51:16,077 INFO c.h.h.t.HelmChartContainer - [K3S] [controllermanager.go:765] "Started controller" controller="ephemeral-volume-controller"
2025-01-28 23:51:16,078 INFO c.h.h.t.HelmChartContainer - [K3S] [controller.go:173] "Starting ephemeral volume controller"
2025-01-28 23:51:16,227 INFO c.h.h.t.HelmChartContainer - [K3S] [controllermanager.go:765] "Started controller" controller="clusterrole-aggregation-controller"
2025-01-28 23:51:16,227 INFO c.h.h.t.HelmChartContainer - [K3S] [clusterroleaggregation_controller.go:194] "Starting ClusterRoleAggregator controller"
2025-01-28 23:51:16,322 INFO c.h.h.t.HelmChartContainer - [K3S] [INFO] Done waiting for CRD helmchartconfigs.helm.cattle.io to become available
2025-01-28 23:51:16,322 INFO c.h.h.t.HelmChartContainer - [K3S] [INFO] Writing static file: /var/lib/rancher/k3s/server/static/charts/traefik-27.0.201+up27.0.2.tgz
2025-01-28 23:51:16,323 INFO c.h.h.t.HelmChartContainer - [K3S] [INFO] Writing static file: /var/lib/rancher/k3s/server/static/charts/traefik-crd-27.0.201+up27.0.2.tgz
2025-01-28 23:51:16,323 INFO c.h.h.t.HelmChartContainer - [K3S] [INFO] Writing manifest: /var/lib/rancher/k3s/server/manifests/ccm.yaml
2025-01-28 23:51:16,323 INFO c.h.h.t.HelmChartContainer - [K3S] [INFO] Writing manifest: /var/lib/rancher/k3s/server/manifests/coredns.yaml
2025-01-28 23:51:16,323 INFO c.h.h.t.HelmChartContainer - [K3S] [INFO] Writing manifest: /var/lib/rancher/k3s/server/manifests/metrics-server/aggregated-metrics-reader.yaml
2025-01-28 23:51:16,325 INFO c.h.h.t.HelmChartContainer - [K3S] [INFO] Writing manifest: /var/lib/rancher/k3s/server/manifests/metrics-server/auth-delegator.yaml
2025-01-28 23:51:16,325 INFO c.h.h.t.HelmChartContainer - [K3S] [INFO] Writing manifest: /var/lib/rancher/k3s/server/manifests/metrics-server/metrics-apiservice.yaml
2025-01-28 23:51:16,325 INFO c.h.h.t.HelmChartContainer - [K3S] [INFO] Writing manifest: /var/lib/rancher/k3s/server/manifests/metrics-server/metrics-server-service.yaml
2025-01-28 23:51:16,325 INFO c.h.h.t.HelmChartContainer - [K3S] [INFO] Writing manifest: /var/lib/rancher/k3s/server/manifests/rolebindings.yaml
2025-01-28 23:51:16,325 INFO c.h.h.t.HelmChartContainer - [K3S] [INFO] Writing manifest: /var/lib/rancher/k3s/server/manifests/local-storage.yaml
2025-01-28 23:51:16,325 INFO c.h.h.t.HelmChartContainer - [K3S] [INFO] Writing manifest: /var/lib/rancher/k3s/server/manifests/metrics-server/auth-reader.yaml
2025-01-28 23:51:16,325 INFO c.h.h.t.HelmChartContainer - [K3S] [INFO] Writing manifest: /var/lib/rancher/k3s/server/manifests/metrics-server/metrics-server-deployment.yaml
2025-01-28 23:51:16,325 INFO c.h.h.t.HelmChartContainer - [K3S] [INFO] Writing manifest: /var/lib/rancher/k3s/server/manifests/metrics-server/resource-reader.yaml
2025-01-28 23:51:16,326 INFO c.h.h.t.HelmChartContainer - [K3S] [INFO] Writing manifest: /var/lib/rancher/k3s/server/manifests/runtimes.yaml
2025-01-28 23:51:16,326 INFO c.h.h.t.HelmChartContainer - [K3S] [INFO] Tunnel server egress proxy mode: agent
2025-01-28 23:51:16,326 INFO c.h.h.t.HelmChartContainer - [K3S] [INFO] Starting dynamiclistener CN filter node controller with SANs: [localhost 127.0.0.1 ::1 localhost 0c997a873dc5 172.18.0.2 10.43.0.1 kubernetes kubernetes.default kubernetes.default.svc kubernetes.default.svc.cluster.local]
2025-01-28 23:51:16,431 INFO c.h.h.t.HelmChartContainer - [K3S] [INFO] Starting k3s.cattle.io/v1, Kind=Addon controller
2025-01-28 23:51:16,431 INFO c.h.h.t.HelmChartContainer - [K3S] [INFO] Creating deploy event broadcaster
2025-01-28 23:51:16,463 INFO c.h.h.t.HelmChartContainer - [K3S] [apiserver.go:52] "Watching apiserver"
2025-01-28 23:51:16,475 INFO c.h.h.t.HelmChartContainer - [K3S] [desired_state_of_world_populator.go:157] "Finished populating initial desired state of world"
2025-01-28 23:51:16,476 INFO c.h.h.t.HelmChartContainer - [K3S] [graph_builder.go:351] "Running" component="GraphBuilder"
2025-01-28 23:51:16,476 INFO c.h.h.t.HelmChartContainer - [K3S] [controllermanager.go:765] "Started controller" controller="garbage-collector-controller"
2025-01-28 23:51:16,535 INFO c.h.h.t.HelmChartContainer - [K3S] [INFO] Starting /v1, Kind=Node controller
2025-01-28 23:51:16,535 INFO c.h.h.t.HelmChartContainer - [K3S] [INFO] Creating helm-controller event broadcaster
2025-01-28 23:51:16,544 INFO c.h.h.t.HelmChartContainer - [K3S] [INFO] Cluster dns configmap has been set successfully
2025-01-28 23:51:16,550 INFO c.h.h.t.HelmChartContainer - [K3S] [INFO] Labels and annotations have been set successfully on node: 0c997a873dc5
2025-01-28 23:51:16,642 INFO c.h.h.t.HelmChartContainer - [K3S] [INFO] Starting helm.cattle.io/v1, Kind=HelmChart controller
2025-01-28 23:51:16,643 INFO c.h.h.t.HelmChartContainer - [K3S] [INFO] Starting helm.cattle.io/v1, Kind=HelmChartConfig controller
2025-01-28 23:51:16,645 INFO c.h.h.t.HelmChartContainer - [K3S] [INFO] Starting rbac.authorization.k8s.io/v1, Kind=ClusterRoleBinding controller
2025-01-28 23:51:16,648 INFO c.h.h.t.HelmChartContainer - [K3S] [INFO] Starting batch/v1, Kind=Job controller
2025-01-28 23:51:16,648 INFO c.h.h.t.HelmChartContainer - [K3S] [INFO] Starting /v1, Kind=ConfigMap controller
2025-01-28 23:51:16,648 INFO c.h.h.t.HelmChartContainer - [K3S] [INFO] Starting /v1, Kind=Secret controller
2025-01-28 23:51:16,648 INFO c.h.h.t.HelmChartContainer - [K3S] [INFO] Starting /v1, Kind=ServiceAccount controller
2025-01-28 23:51:16,727 INFO c.h.h.t.HelmChartContainer - [K3S] [controllermanager.go:765] "Started controller" controller="daemonset-controller"
2025-01-28 23:51:16,727 INFO c.h.h.t.HelmChartContainer - [K3S] [daemon_controller.go:294] "Starting daemon sets controller"
2025-01-28 23:51:16,884 INFO c.h.h.t.HelmChartContainer - [K3S] [controllermanager.go:765] "Started controller" controller="replicaset-controller"
2025-01-28 23:51:16,884 INFO c.h.h.t.HelmChartContainer - [K3S] [replica_set.go:217] "Starting controller" name="replicaset"
2025-01-28 23:51:16,926 INFO c.h.h.t.HelmChartContainer - [K3S] [controllermanager.go:765] "Started controller" controller="certificatesigningrequest-approving-controller"
2025-01-28 23:51:16,926 INFO c.h.h.t.HelmChartContainer - [K3S] [controllermanager.go:728] "Warning: controller is disabled" controller="bootstrap-signer-controller"
2025-01-28 23:51:16,927 INFO c.h.h.t.HelmChartContainer - [K3S] [certificate_controller.go:120] "Starting certificate controller" name="csrapproving"
2025-01-28 23:51:17,076 INFO c.h.h.t.HelmChartContainer - [K3S] [controllermanager.go:765] "Started controller" controller="token-cleaner-controller"
2025-01-28 23:51:17,077 INFO c.h.h.t.HelmChartContainer - [K3S] [controllermanager.go:723] "Skipping a cloud provider controller" controller="service-lb-controller"
2025-01-28 23:51:17,077 INFO c.h.h.t.HelmChartContainer - [K3S] [controllermanager.go:717] "Controller is disabled by a feature gate" controller="kube-apiserver-serving-clustertrustbundle-publisher-controller" requiredFeatureGates=["ClusterTrustBundle"]
2025-01-28 23:51:17,077 INFO c.h.h.t.HelmChartContainer - [K3S] [tokencleaner.go:117] "Starting token cleaner controller"
2025-01-28 23:51:17,100 INFO c.h.h.t.HelmChartContainer - [K3S] [INFO] Updating TLS secret for kube-system/k3s-serving (count: 10): map[listener.cattle.io/cn-0c997a873dc5:0c997a873dc5 listener.cattle.io/cn-10.43.0.1:10.43.0.1 listener.cattle.io/cn-127.0.0.1:127.0.0.1 listener.cattle.io/cn-172.18.0.2:172.18.0.2 listener.cattle.io/cn-__1-f16284:::1 listener.cattle.io/cn-kubernetes:kubernetes listener.cattle.io/cn-kubernetes.default:kubernetes.default listener.cattle.io/cn-kubernetes.default.svc:kubernetes.default.svc listener.cattle.io/cn-kubernetes.default.svc.cluster.local:kubernetes.default.svc.cluster.local listener.cattle.io/cn-localhost:localhost listener.cattle.io/fingerprint:SHA1=7B7AED514E45D6F6C9CAE38DD5D5B4B181D2F832]
2025-01-28 23:51:17,102 INFO c.h.h.t.HelmChartContainer - [K3S] [INFO] Active TLS secret kube-system/k3s-serving (ver=244) (count 10): map[listener.cattle.io/cn-0c997a873dc5:0c997a873dc5 listener.cattle.io/cn-10.43.0.1:10.43.0.1 listener.cattle.io/cn-127.0.0.1:127.0.0.1 listener.cattle.io/cn-172.18.0.2:172.18.0.2 listener.cattle.io/cn-__1-f16284:::1 listener.cattle.io/cn-kubernetes:kubernetes listener.cattle.io/cn-kubernetes.default:kubernetes.default listener.cattle.io/cn-kubernetes.default.svc:kubernetes.default.svc listener.cattle.io/cn-kubernetes.default.svc.cluster.local:kubernetes.default.svc.cluster.local listener.cattle.io/cn-localhost:localhost listener.cattle.io/fingerprint:SHA1=7B7AED514E45D6F6C9CAE38DD5D5B4B181D2F832]
2025-01-28 23:51:17,198 INFO c.h.h.t.HelmChartContainer - [K3S] [INFO] Updating TLS secret for kube-system/k3s-serving (count: 10): map[listener.cattle.io/cn-0c997a873dc5:0c997a873dc5 listener.cattle.io/cn-10.43.0.1:10.43.0.1 listener.cattle.io/cn-127.0.0.1:127.0.0.1 listener.cattle.io/cn-172.18.0.2:172.18.0.2 listener.cattle.io/cn-__1-f16284:::1 listener.cattle.io/cn-kubernetes:kubernetes listener.cattle.io/cn-kubernetes.default:kubernetes.default listener.cattle.io/cn-kubernetes.default.svc:kubernetes.default.svc listener.cattle.io/cn-kubernetes.default.svc.cluster.local:kubernetes.default.svc.cluster.local listener.cattle.io/cn-localhost:localhost listener.cattle.io/fingerprint:SHA1=7B7AED514E45D6F6C9CAE38DD5D5B4B181D2F832]
2025-01-28 23:51:17,277 INFO c.h.h.t.HelmChartContainer - [K3S] [controllermanager.go:765] "Started controller" controller="validatingadmissionpolicy-status-controller"
2025-01-28 23:51:17,427 INFO c.h.h.t.HelmChartContainer - [K3S] [controllermanager.go:765] "Started controller" controller="replicationcontroller-controller"
2025-01-28 23:51:17,427 INFO c.h.h.t.HelmChartContainer - [K3S] [replica_set.go:217] "Starting controller" name="replicationcontroller"
2025-01-28 23:51:17,577 INFO c.h.h.t.HelmChartContainer - [K3S] [controllermanager.go:765] "Started controller" controller="serviceaccount-controller"
2025-01-28 23:51:17,577 INFO c.h.h.t.HelmChartContainer - [K3S] [serviceaccounts_controller.go:114] "Starting service account controller"
2025-01-28 23:51:17,626 INFO c.h.h.t.HelmChartContainer - [K3S] [certificate_controller.go:120] "Starting certificate controller" name="csrsigning-kubelet-serving"
2025-01-28 23:51:17,626 INFO c.h.h.t.HelmChartContainer - [K3S] [dynamic_serving_content.go:135] "Starting controller" name="csr-controller::/var/lib/rancher/k3s/server/tls/server-ca.nochain.crt::/var/lib/rancher/k3s/server/tls/server-ca.key"
2025-01-28 23:51:17,626 INFO c.h.h.t.HelmChartContainer - [K3S] [certificate_controller.go:120] "Starting certificate controller" name="csrsigning-kubelet-client"
2025-01-28 23:51:17,626 INFO c.h.h.t.HelmChartContainer - [K3S] [dynamic_serving_content.go:135] "Starting controller" name="csr-controller::/var/lib/rancher/k3s/server/tls/client-ca.nochain.crt::/var/lib/rancher/k3s/server/tls/client-ca.key"
2025-01-28 23:51:17,626 INFO c.h.h.t.HelmChartContainer - [K3S] [certificate_controller.go:120] "Starting certificate controller" name="csrsigning-kube-apiserver-client"
2025-01-28 23:51:17,627 INFO c.h.h.t.HelmChartContainer - [K3S] [certificate_controller.go:120] "Starting certificate controller" name="csrsigning-legacy-unknown"
2025-01-28 23:51:17,627 INFO c.h.h.t.HelmChartContainer - [K3S] [controllermanager.go:765] "Started controller" controller="certificatesigningrequest-signing-controller"
2025-01-28 23:51:17,627 INFO c.h.h.t.HelmChartContainer - [K3S] [dynamic_serving_content.go:135] "Starting controller" name="csr-controller::/var/lib/rancher/k3s/server/tls/client-ca.nochain.crt::/var/lib/rancher/k3s/server/tls/client-ca.key"
2025-01-28 23:51:17,627 INFO c.h.h.t.HelmChartContainer - [K3S] [dynamic_serving_content.go:135] "Starting controller" name="csr-controller::/var/lib/rancher/k3s/server/tls/server-ca.nochain.crt::/var/lib/rancher/k3s/server/tls/server-ca.key"
2025-01-28 23:51:17,777 INFO c.h.h.t.HelmChartContainer - [K3S] [controllermanager.go:765] "Started controller" controller="ttl-controller"
2025-01-28 23:51:17,777 INFO c.h.h.t.HelmChartContainer - [K3S] [controllermanager.go:723] "Skipping a cloud provider controller" controller="node-route-controller"
2025-01-28 23:51:17,777 INFO c.h.h.t.HelmChartContainer - [K3S] [ttl_controller.go:127] "Starting TTL controller"
2025-01-28 23:51:17,928 INFO c.h.h.t.HelmChartContainer - [K3S] [controllermanager.go:765] "Started controller" controller="persistentvolume-binder-controller"
2025-01-28 23:51:17,928 INFO c.h.h.t.HelmChartContainer - [K3S] [controllermanager.go:717] "Controller is disabled by a feature gate" controller="selinux-warning-controller" requiredFeatureGates=["SELinuxChangePolicy"]
2025-01-28 23:51:17,928 INFO c.h.h.t.HelmChartContainer - [K3S] [pv_controller_base.go:308] "Starting persistent volume controller"
2025-01-28 23:51:17,953 INFO c.h.h.t.HelmChartContainer - [K3S] [event.go:389] "Event occurred" object="0c997a873dc5" fieldPath="" kind="Node" apiVersion="" type="Normal" reason="NodePasswordValidationComplete" message="Deferred node password secret validation complete"
2025-01-28 23:51:18,179 INFO c.h.h.t.HelmChartContainer - [K3S] [controllermanager.go:765] "Started controller" controller="namespace-controller"
2025-01-28 23:51:18,179 INFO c.h.h.t.HelmChartContainer - [K3S] [namespace_controller.go:202] "Starting namespace controller"
2025-01-28 23:51:18,328 INFO c.h.h.t.HelmChartContainer - [K3S] [controllermanager.go:765] "Started controller" controller="cronjob-controller"
2025-01-28 23:51:18,328 INFO c.h.h.t.HelmChartContainer - [K3S] [cronjob_controllerv2.go:145] "Starting cronjob controller v2"
2025-01-28 23:51:18,436 INFO c.h.h.t.HelmChartContainer - [K3S] [event.go:389] "Event occurred" object="kube-system/ccm" fieldPath="" kind="Addon" apiVersion="k3s.cattle.io/v1" type="Normal" reason="ApplyingManifest" message="Applying manifest at \"/var/lib/rancher/k3s/server/manifests/ccm.yaml\""
2025-01-28 23:51:18,456 INFO c.h.h.t.HelmChartContainer - [K3S] [event.go:389] "Event occurred" object="kube-system/ccm" fieldPath="" kind="Addon" apiVersion="k3s.cattle.io/v1" type="Normal" reason="AppliedManifest" message="Applied manifest at \"/var/lib/rancher/k3s/server/manifests/ccm.yaml\""
2025-01-28 23:51:18,464 INFO c.h.h.t.HelmChartContainer - [K3S] [event.go:389] "Event occurred" object="kube-system/coredns" fieldPath="" kind="Addon" apiVersion="k3s.cattle.io/v1" type="Normal" reason="ApplyingManifest" message="Applying manifest at \"/var/lib/rancher/k3s/server/manifests/coredns.yaml\""
2025-01-28 23:51:18,477 INFO c.h.h.t.HelmChartContainer - [K3S] [controllermanager.go:765] "Started controller" controller="root-ca-certificate-publisher-controller"
2025-01-28 23:51:18,477 INFO c.h.h.t.HelmChartContainer - [K3S] [publisher.go:107] "Starting root CA cert publisher controller"
2025-01-28 23:51:18,576 INFO c.h.h.t.HelmChartContainer - [K3S] [alloc.go:330] "allocated clusterIPs" service="kube-system/kube-dns" clusterIPs={"IPv4":"10.43.0.10"}
2025-01-28 23:51:18,579 INFO c.h.h.t.HelmChartContainer - [K3S] [event.go:389] "Event occurred" object="kube-system/coredns" fieldPath="" kind="Addon" apiVersion="k3s.cattle.io/v1" type="Normal" reason="AppliedManifest" message="Applied manifest at \"/var/lib/rancher/k3s/server/manifests/coredns.yaml\""
2025-01-28 23:51:18,586 INFO c.h.h.t.HelmChartContainer - [K3S] [event.go:389] "Event occurred" object="kube-system/local-storage" fieldPath="" kind="Addon" apiVersion="k3s.cattle.io/v1" type="Normal" reason="ApplyingManifest" message="Applying manifest at \"/var/lib/rancher/k3s/server/manifests/local-storage.yaml\""
2025-01-28 23:51:18,627 INFO c.h.h.t.HelmChartContainer - [K3S] [controllermanager.go:765] "Started controller" controller="statefulset-controller"
2025-01-28 23:51:18,627 INFO c.h.h.t.HelmChartContainer - [K3S] [controllermanager.go:723] "Skipping a cloud provider controller" controller="cloud-node-lifecycle-controller"
2025-01-28 23:51:18,627 INFO c.h.h.t.HelmChartContainer - [K3S] [controllermanager.go:717] "Controller is disabled by a feature gate" controller="storageversion-garbage-collector-controller" requiredFeatureGates=["APIServerIdentity","StorageVersionAPI"]
2025-01-28 23:51:18,627 INFO c.h.h.t.HelmChartContainer - [K3S] [stateful_set.go:166] "Starting stateful set controller"
2025-01-28 23:51:18,669 INFO c.h.h.t.HelmChartContainer - [K3S] [event.go:389] "Event occurred" object="kube-system/local-storage" fieldPath="" kind="Addon" apiVersion="k3s.cattle.io/v1" type="Normal" reason="AppliedManifest" message="Applied manifest at \"/var/lib/rancher/k3s/server/manifests/local-storage.yaml\""
2025-01-28 23:51:18,674 INFO c.h.h.t.HelmChartContainer - [K3S] [event.go:389] "Event occurred" object="kube-system/aggregated-metrics-reader" fieldPath="" kind="Addon" apiVersion="k3s.cattle.io/v1" type="Normal" reason="ApplyingManifest" message="Applying manifest at \"/var/lib/rancher/k3s/server/manifests/metrics-server/aggregated-metrics-reader.yaml\""
2025-01-28 23:51:18,742 INFO c.h.h.t.HelmChartContainer - [K3S] [event.go:389] "Event occurred" object="kube-system/aggregated-metrics-reader" fieldPath="" kind="Addon" apiVersion="k3s.cattle.io/v1" type="Normal" reason="AppliedManifest" message="Applied manifest at \"/var/lib/rancher/k3s/server/manifests/metrics-server/aggregated-metrics-reader.yaml\""
2025-01-28 23:51:18,748 INFO c.h.h.t.HelmChartContainer - [K3S] [event.go:389] "Event occurred" object="kube-system/auth-delegator" fieldPath="" kind="Addon" apiVersion="k3s.cattle.io/v1" type="Normal" reason="ApplyingManifest" message="Applying manifest at \"/var/lib/rancher/k3s/server/manifests/metrics-server/auth-delegator.yaml\""
2025-01-28 23:51:18,752 INFO c.h.h.t.HelmChartContainer - [K3S] [event.go:389] "Event occurred" object="kube-system/auth-delegator" fieldPath="" kind="Addon" apiVersion="k3s.cattle.io/v1" type="Normal" reason="AppliedManifest" message="Applied manifest at \"/var/lib/rancher/k3s/server/manifests/metrics-server/auth-delegator.yaml\""
2025-01-28 23:51:18,757 INFO c.h.h.t.HelmChartContainer - [K3S] [event.go:389] "Event occurred" object="kube-system/auth-reader" fieldPath="" kind="Addon" apiVersion="k3s.cattle.io/v1" type="Normal" reason="ApplyingManifest" message="Applying manifest at \"/var/lib/rancher/k3s/server/manifests/metrics-server/auth-reader.yaml\""
2025-01-28 23:51:18,762 INFO c.h.h.t.HelmChartContainer - [K3S] [event.go:389] "Event occurred" object="kube-system/auth-reader" fieldPath="" kind="Addon" apiVersion="k3s.cattle.io/v1" type="Normal" reason="AppliedManifest" message="Applied manifest at \"/var/lib/rancher/k3s/server/manifests/metrics-server/auth-reader.yaml\""
2025-01-28 23:51:18,768 INFO c.h.h.t.HelmChartContainer - [K3S] [event.go:389] "Event occurred" object="kube-system/metrics-apiservice" fieldPath="" kind="Addon" apiVersion="k3s.cattle.io/v1" type="Normal" reason="ApplyingManifest" message="Applying manifest at \"/var/lib/rancher/k3s/server/manifests/metrics-server/metrics-apiservice.yaml\""
2025-01-28 23:51:18,774 INFO c.h.h.t.HelmChartContainer - [K3S] [event.go:389] "Event occurred" object="kube-system/metrics-apiservice" fieldPath="" kind="Addon" apiVersion="k3s.cattle.io/v1" type="Normal" reason="AppliedManifest" message="Applied manifest at \"/var/lib/rancher/k3s/server/manifests/metrics-server/metrics-apiservice.yaml\""
2025-01-28 23:51:18,779 INFO c.h.h.t.HelmChartContainer - [K3S] [controllermanager.go:765] "Started controller" controller="legacy-serviceaccount-token-cleaner-controller"
2025-01-28 23:51:18,779 INFO c.h.h.t.HelmChartContainer - [K3S] [controllermanager.go:743] "Warning: skipping controller" controller="storage-version-migrator-controller"
2025-01-28 23:51:18,779 INFO c.h.h.t.HelmChartContainer - [K3S] [legacy_serviceaccount_token_cleaner.go:103] "Starting legacy service account token cleaner controller"
2025-01-28 23:51:18,781 INFO c.h.h.t.HelmChartContainer - [K3S] [handler_proxy.go:99] no RequestInfo found in the context
2025-01-28 23:51:18,781 INFO c.h.h.t.HelmChartContainer - [K3S] [controller.go:146] "Unhandled Error" err=<
2025-01-28 23:51:18,781 INFO c.h.h.t.HelmChartContainer - [K3S] 	, Header: map[Content-Type:[text/plain; charset=utf-8] X-Content-Type-Options:[nosniff]]
2025-01-28 23:51:18,781 INFO c.h.h.t.HelmChartContainer - [K3S]  >
2025-01-28 23:51:18,782 INFO c.h.h.t.HelmChartContainer - [K3S] [handler_proxy.go:143] error resolving kube-system/metrics-server: service "metrics-server" not found
2025-01-28 23:51:18,783 INFO c.h.h.t.HelmChartContainer - [K3S] [event.go:389] "Event occurred" object="kube-system/metrics-server-deployment" fieldPath="" kind="Addon" apiVersion="k3s.cattle.io/v1" type="Normal" reason="ApplyingManifest" message="Applying manifest at \"/var/lib/rancher/k3s/server/manifests/metrics-server/metrics-server-deployment.yaml\""
2025-01-28 23:51:18,791 INFO c.h.h.t.HelmChartContainer - [K3S] [event.go:389] "Event occurred" object="kube-system/metrics-server-deployment" fieldPath="" kind="Addon" apiVersion="k3s.cattle.io/v1" type="Normal" reason="AppliedManifest" message="Applied manifest at \"/var/lib/rancher/k3s/server/manifests/metrics-server/metrics-server-deployment.yaml\""
2025-01-28 23:51:18,796 INFO c.h.h.t.HelmChartContainer - [K3S] [event.go:389] "Event occurred" object="kube-system/metrics-server-service" fieldPath="" kind="Addon" apiVersion="k3s.cattle.io/v1" type="Normal" reason="ApplyingManifest" message="Applying manifest at \"/var/lib/rancher/k3s/server/manifests/metrics-server/metrics-server-service.yaml\""
2025-01-28 23:51:18,802 INFO c.h.h.t.HelmChartContainer - [K3S] [alloc.go:330] "allocated clusterIPs" service="kube-system/metrics-server" clusterIPs={"IPv4":"10.43.186.90"}
2025-01-28 23:51:18,804 INFO c.h.h.t.HelmChartContainer - [K3S] [event.go:389] "Event occurred" object="kube-system/metrics-server-service" fieldPath="" kind="Addon" apiVersion="k3s.cattle.io/v1" type="Normal" reason="AppliedManifest" message="Applied manifest at \"/var/lib/rancher/k3s/server/manifests/metrics-server/metrics-server-service.yaml\""
2025-01-28 23:51:18,807 INFO c.h.h.t.HelmChartContainer - [K3S] [handler_proxy.go:99] no RequestInfo found in the context
2025-01-28 23:51:18,808 INFO c.h.h.t.HelmChartContainer - [K3S] [controller.go:146] "Unhandled Error" err=<
2025-01-28 23:51:18,808 INFO c.h.h.t.HelmChartContainer - [K3S] 	, Header: map[Content-Type:[text/plain; charset=utf-8] X-Content-Type-Options:[nosniff]]
2025-01-28 23:51:18,808 INFO c.h.h.t.HelmChartContainer - [K3S]  >
2025-01-28 23:51:18,809 INFO c.h.h.t.HelmChartContainer - [K3S] [handler_proxy.go:143] error resolving kube-system/metrics-server: endpoints "metrics-server" not found
2025-01-28 23:51:18,811 INFO c.h.h.t.HelmChartContainer - [K3S] [event.go:389] "Event occurred" object="kube-system/resource-reader" fieldPath="" kind="Addon" apiVersion="k3s.cattle.io/v1" type="Normal" reason="ApplyingManifest" message="Applying manifest at \"/var/lib/rancher/k3s/server/manifests/metrics-server/resource-reader.yaml\""
2025-01-28 23:51:18,853 INFO c.h.h.t.HelmChartContainer - [K3S] [event.go:389] "Event occurred" object="kube-system/resource-reader" fieldPath="" kind="Addon" apiVersion="k3s.cattle.io/v1" type="Normal" reason="AppliedManifest" message="Applied manifest at \"/var/lib/rancher/k3s/server/manifests/metrics-server/resource-reader.yaml\""
2025-01-28 23:51:18,858 INFO c.h.h.t.HelmChartContainer - [K3S] [event.go:389] "Event occurred" object="kube-system/rolebindings" fieldPath="" kind="Addon" apiVersion="k3s.cattle.io/v1" type="Normal" reason="ApplyingManifest" message="Applying manifest at \"/var/lib/rancher/k3s/server/manifests/rolebindings.yaml\""
2025-01-28 23:51:18,927 INFO c.h.h.t.HelmChartContainer - [K3S] [controllermanager.go:765] "Started controller" controller="persistentvolume-protection-controller"
2025-01-28 23:51:18,927 INFO c.h.h.t.HelmChartContainer - [K3S] [pv_protection_controller.go:81] "Starting PV protection controller"
2025-01-28 23:51:18,963 INFO c.h.h.t.HelmChartContainer - [K3S] [event.go:389] "Event occurred" object="kube-system/rolebindings" fieldPath="" kind="Addon" apiVersion="k3s.cattle.io/v1" type="Normal" reason="AppliedManifest" message="Applied manifest at \"/var/lib/rancher/k3s/server/manifests/rolebindings.yaml\""
2025-01-28 23:51:18,969 INFO c.h.h.t.HelmChartContainer - [K3S] [event.go:389] "Event occurred" object="kube-system/runtimes" fieldPath="" kind="Addon" apiVersion="k3s.cattle.io/v1" type="Normal" reason="ApplyingManifest" message="Applying manifest at \"/var/lib/rancher/k3s/server/manifests/runtimes.yaml\""
2025-01-28 23:51:18,994 INFO c.h.h.t.HelmChartContainer - [K3S] [event.go:389] "Event occurred" object="kube-system/runtimes" fieldPath="" kind="Addon" apiVersion="k3s.cattle.io/v1" type="Normal" reason="AppliedManifest" message="Applied manifest at \"/var/lib/rancher/k3s/server/manifests/runtimes.yaml\""
2025-01-28 23:51:19,077 INFO c.h.h.t.HelmChartContainer - [K3S] [controllermanager.go:765] "Started controller" controller="endpointslice-controller"
2025-01-28 23:51:19,077 INFO c.h.h.t.HelmChartContainer - [K3S] [endpointslice_controller.go:281] "Starting endpoint slice controller"
2025-01-28 23:51:19,227 INFO c.h.h.t.HelmChartContainer - [K3S] [controllermanager.go:765] "Started controller" controller="endpointslice-mirroring-controller"
2025-01-28 23:51:19,227 INFO c.h.h.t.HelmChartContainer - [K3S] [endpointslicemirroring_controller.go:227] "Starting EndpointSliceMirroring controller"
2025-01-28 23:51:19,377 INFO c.h.h.t.HelmChartContainer - [K3S] [controllermanager.go:765] "Started controller" controller="job-controller"
2025-01-28 23:51:19,377 INFO c.h.h.t.HelmChartContainer - [K3S] [job_controller.go:243] "Starting job controller"
2025-01-28 23:51:19,452 INFO c.h.h.t.HelmChartContainer - [K3S] [INFO] Tunnel authorizer set Kubelet Port 0.0.0.0:10250
2025-01-28 23:51:19,564 INFO c.h.h.t.HelmChartContainer - [K3S] [serving.go:392] Generated self-signed cert in-memory
2025-01-28 23:51:19,676 INFO c.h.h.t.HelmChartContainer - [K3S] [controllermanager.go:765] "Started controller" controller="horizontal-pod-autoscaler-controller"
2025-01-28 23:51:19,676 INFO c.h.h.t.HelmChartContainer - [K3S] [horizontal.go:201] "Starting HPA controller"
2025-01-28 23:51:19,774 INFO c.h.h.t.HelmChartContainer - [K3S] [handler_proxy.go:99] no RequestInfo found in the context
2025-01-28 23:51:19,774 INFO c.h.h.t.HelmChartContainer - [K3S] [handler_proxy.go:99] no RequestInfo found in the context
2025-01-28 23:51:19,775 INFO c.h.h.t.HelmChartContainer - [K3S] [controller.go:102] "Unhandled Error" err=<
2025-01-28 23:51:19,775 INFO c.h.h.t.HelmChartContainer - [K3S] 	, Header: map[Content-Type:[text/plain; charset=utf-8] X-Content-Type-Options:[nosniff]]
2025-01-28 23:51:19,775 INFO c.h.h.t.HelmChartContainer - [K3S]  >
2025-01-28 23:51:19,821 INFO c.h.h.t.HelmChartContainer - [K3S] [serving.go:392] Generated self-signed cert in-memory
2025-01-28 23:51:19,876 INFO c.h.h.t.HelmChartContainer - [K3S] [controllermanager.go:765] "Started controller" controller="disruption-controller"
2025-01-28 23:51:19,876 INFO c.h.h.t.HelmChartContainer - [K3S] [disruption.go:452] "Sending events to api server."
2025-01-28 23:51:19,876 INFO c.h.h.t.HelmChartContainer - [K3S] [disruption.go:463] "Starting disruption controller"
2025-01-28 23:51:19,948 INFO c.h.h.t.HelmChartContainer - [K3S] [controllermanager.go:160] Version: v1.32.1+k3s1
2025-01-28 23:51:19,950 INFO c.h.h.t.HelmChartContainer - [K3S] [requestheader_controller.go:180] Starting RequestHeaderAuthRequestController
2025-01-28 23:51:19,950 INFO c.h.h.t.HelmChartContainer - [K3S] [configmap_cafile_content.go:205] "Starting controller" name="client-ca::kube-system::extension-apiserver-authentication::requestheader-client-ca-file"
2025-01-28 23:51:19,951 INFO c.h.h.t.HelmChartContainer - [K3S] [configmap_cafile_content.go:205] "Starting controller" name="client-ca::kube-system::extension-apiserver-authentication::client-ca-file"
2025-01-28 23:51:19,951 INFO c.h.h.t.HelmChartContainer - [K3S] [secure_serving.go:213] Serving securely on 127.0.0.1:10258
2025-01-28 23:51:19,952 INFO c.h.h.t.HelmChartContainer - [K3S] [tlsconfig.go:243] "Starting DynamicServingCertificateController"
2025-01-28 23:51:19,955 INFO c.h.h.t.HelmChartContainer - [K3S] [INFO] Creating service-lb-controller event broadcaster
2025-01-28 23:51:20,026 INFO c.h.h.t.HelmChartContainer - [K3S] [controllermanager.go:765] "Started controller" controller="persistentvolume-expander-controller"
2025-01-28 23:51:20,026 INFO c.h.h.t.HelmChartContainer - [K3S] [expand_controller.go:329] "Starting expand controller"
2025-01-28 23:51:20,067 INFO c.h.h.t.HelmChartContainer - [K3S] [INFO] Starting /v1, Kind=Node controller
2025-01-28 23:51:20,069 INFO c.h.h.t.HelmChartContainer - [K3S] [INFO] Starting /v1, Kind=Pod controller
2025-01-28 23:51:20,072 INFO c.h.h.t.HelmChartContainer - [K3S] [INFO] Starting apps/v1, Kind=DaemonSet controller
2025-01-28 23:51:20,075 INFO c.h.h.t.HelmChartContainer - [K3S] [INFO] Starting discovery.k8s.io/v1, Kind=EndpointSlice controller
2025-01-28 23:51:20,075 INFO c.h.h.t.HelmChartContainer - [K3S] [controllermanager.go:329] Started "service-lb-controller"
2025-01-28 23:51:20,075 INFO c.h.h.t.HelmChartContainer - [K3S] [controllermanager.go:306] "node-route-controller" is disabled
2025-01-28 23:51:20,076 INFO c.h.h.t.HelmChartContainer - [K3S] [controllermanager.go:329] Started "cloud-node-controller"
2025-01-28 23:51:20,076 INFO c.h.h.t.HelmChartContainer - [K3S] [controller.go:234] Starting service controller
2025-01-28 23:51:20,076 INFO c.h.h.t.HelmChartContainer - [K3S] [node_lifecycle_controller.go:112] Sending events to api server
2025-01-28 23:51:20,076 INFO c.h.h.t.HelmChartContainer - [K3S] [controllermanager.go:329] Started "cloud-node-lifecycle-controller"
2025-01-28 23:51:20,076 INFO c.h.h.t.HelmChartContainer - [K3S] [node_controller.go:176] Sending events to api server.
2025-01-28 23:51:20,076 INFO c.h.h.t.HelmChartContainer - [K3S] [node_controller.go:185] Waiting for informer caches to sync
2025-01-28 23:51:20,176 INFO c.h.h.t.HelmChartContainer - [K3S] [node_controller.go:429] Initializing node 0c997a873dc5 with cloud provider
2025-01-28 23:51:20,177 INFO c.h.h.t.HelmChartContainer - [K3S] [controllermanager.go:765] "Started controller" controller="ttl-after-finished-controller"
2025-01-28 23:51:20,177 INFO c.h.h.t.HelmChartContainer - [K3S] [ttlafterfinished_controller.go:112] "Starting TTL after finished controller"
2025-01-28 23:51:20,180 INFO c.h.h.t.HelmChartContainer - [K3S] [node_controller.go:474] Successfully initialized node 0c997a873dc5 with cloud provider
2025-01-28 23:51:20,180 INFO c.h.h.t.HelmChartContainer - [K3S] [event.go:389] "Event occurred" object="0c997a873dc5" fieldPath="" kind="Node" apiVersion="v1" type="Normal" reason="Synced" message="Node synced successfully"
2025-01-28 23:51:20,192 INFO c.h.h.t.HelmChartContainer - [K3S] [INFO] Updated coredns NodeHosts entry for 0c997a873dc5
2025-01-28 23:51:20,237 INFO c.h.h.t.HelmChartContainer - [K3S] [controllermanager.go:765] "Started controller" controller="taint-eviction-controller"
2025-01-28 23:51:20,240 INFO c.h.h.t.HelmChartContainer - [K3S] [taint_eviction.go:281] "Starting" controller="taint-eviction-controller"
2025-01-28 23:51:20,241 INFO c.h.h.t.HelmChartContainer - [K3S] [taint_eviction.go:287] "Sending events to api server"
2025-01-28 23:51:20,277 INFO c.h.h.t.HelmChartContainer - [K3S] [actual_state_of_world.go:541] "Failed to update statusUpdateNeeded field in actual state of world" err="Failed to set statusUpdateNeeded to needed true, because nodeName=\"0c997a873dc5\" does not exist"
2025-01-28 23:51:20,303 INFO c.h.h.t.HelmChartContainer - [K3S] [range_allocator.go:177] "Sending events to api server"
2025-01-28 23:51:20,304 INFO c.h.h.t.HelmChartContainer - [K3S] [range_allocator.go:183] "Starting range CIDR allocator"
2025-01-28 23:51:20,308 INFO c.h.h.t.HelmChartContainer - [K3S] [range_allocator.go:428] "Set node PodCIDR" node="0c997a873dc5" podCIDRs=["10.42.0.0/24"]
2025-01-28 23:51:20,308 INFO c.h.h.t.HelmChartContainer - [K3S] [range_allocator.go:247] "Successfully synced" key="0c997a873dc5"
2025-01-28 23:51:20,310 INFO c.h.h.t.HelmChartContainer - [K3S] [range_allocator.go:247] "Successfully synced" key="0c997a873dc5"
2025-01-28 23:51:20,310 INFO c.h.h.t.HelmChartContainer - [K3S] [INFO] Flannel found PodCIDR assigned for node 0c997a873dc5
2025-01-28 23:51:20,310 INFO c.h.h.t.HelmChartContainer - [K3S] [INFO] The interface eth0 with ipv4 address 172.18.0.2 will be used by flannel
2025-01-28 23:51:20,311 INFO c.h.h.t.HelmChartContainer - [K3S] [kube.go:139] Waiting 10m0s for node controller to sync
2025-01-28 23:51:20,312 INFO c.h.h.t.HelmChartContainer - [K3S] [kube.go:469] Starting kube subnet manager
2025-01-28 23:51:20,424 INFO c.h.h.t.HelmChartContainer - [K3S] [INFO] Starting network policy controller version v2.2.1, built on 2025-01-28T18:27:08Z, go1.23.4
2025-01-28 23:51:20,425 INFO c.h.h.t.HelmChartContainer - [K3S] [network_policy_controller.go:164] Starting network policy controller
2025-01-28 23:51:20,434 INFO c.h.h.t.HelmChartContainer - [K3S] [range_allocator.go:247] "Successfully synced" key="0c997a873dc5"
2025-01-28 23:51:20,452 INFO c.h.h.t.HelmChartContainer - [K3S] [INFO] Started tunnel to 172.18.0.2:6443
2025-01-28 23:51:20,452 INFO c.h.h.t.HelmChartContainer - [K3S] [INFO] Stopped tunnel to 127.0.0.1:6443
2025-01-28 23:51:20,453 INFO c.h.h.t.HelmChartContainer - [K3S] [INFO] Connecting to proxy" url="wss://172.18.0.2:6443/v1-k3s/connect
2025-01-28 23:51:20,453 INFO c.h.h.t.HelmChartContainer - [K3S] [INFO] Proxy done" err="context canceled" url="wss://127.0.0.1:6443/v1-k3s/connect
2025-01-28 23:51:20,453 INFO c.h.h.t.HelmChartContainer - [K3S] [INFO] error in remotedialer server [400]: websocket: close 1006 (abnormal closure): unexpected EOF
2025-01-28 23:51:20,454 INFO c.h.h.t.HelmChartContainer - [K3S] [serving.go:392] Generated self-signed cert in-memory
2025-01-28 23:51:20,455 INFO c.h.h.t.HelmChartContainer - [K3S] [INFO] Handling backend connection request [0c997a873dc5]
2025-01-28 23:51:20,456 INFO c.h.h.t.HelmChartContainer - [K3S] [INFO] Remotedialer connected to proxy" url="wss://172.18.0.2:6443/v1-k3s/connect
2025-01-28 23:51:20,456 INFO c.h.h.t.HelmChartContainer - [K3S] [network_policy_controller.go:176] Starting network policy controller full sync goroutine
2025-01-28 23:51:20,472 INFO c.h.h.t.HelmChartContainer - [K3S] [node_lifecycle_controller.go:1234] "Initializing eviction metric for zone" zone=""
2025-01-28 23:51:20,472 INFO c.h.h.t.HelmChartContainer - [K3S] [node_lifecycle_controller.go:886] "Missing timestamp for Node. Assuming now as a timestamp" node="0c997a873dc5"
2025-01-28 23:51:20,472 INFO c.h.h.t.HelmChartContainer - [K3S] [node_lifecycle_controller.go:1080] "Controller detected that zone is now in new state" zone="" newState="Normal"
2025-01-28 23:51:20,481 INFO c.h.h.t.HelmChartContainer - [K3S] [range_allocator.go:247] "Successfully synced" key="0c997a873dc5"
2025-01-28 23:51:20,633 INFO c.h.h.t.HelmChartContainer - [K3S] [handler_proxy.go:99] no RequestInfo found in the context
2025-01-28 23:51:20,634 INFO c.h.h.t.HelmChartContainer - [K3S] [controller.go:146] "Unhandled Error" err=<
2025-01-28 23:51:20,634 INFO c.h.h.t.HelmChartContainer - [K3S] 	, Header: map[Content-Type:[text/plain; charset=utf-8] X-Content-Type-Options:[nosniff]]
2025-01-28 23:51:20,634 INFO c.h.h.t.HelmChartContainer - [K3S]  >
2025-01-28 23:51:20,635 INFO c.h.h.t.HelmChartContainer - [K3S] [handler_proxy.go:143] error resolving kube-system/metrics-server: no endpoints available for service "metrics-server"
2025-01-28 23:51:20,915 INFO c.h.h.t.HelmChartContainer - [K3S] [server.go:164] "Starting Kubernetes Scheduler" version="v1.32.1+k3s1"
2025-01-28 23:51:20,915 INFO c.h.h.t.HelmChartContainer - [K3S] [server.go:166] "Golang settings" GOGC="" GOMAXPROCS="" GOTRACEBACK=""
2025-01-28 23:51:20,918 INFO c.h.h.t.HelmChartContainer - [K3S] [secure_serving.go:213] Serving securely on 127.0.0.1:10259
2025-01-28 23:51:20,918 INFO c.h.h.t.HelmChartContainer - [K3S] [requestheader_controller.go:180] Starting RequestHeaderAuthRequestController
2025-01-28 23:51:20,919 INFO c.h.h.t.HelmChartContainer - [K3S] [tlsconfig.go:243] "Starting DynamicServingCertificateController"
2025-01-28 23:51:20,919 INFO c.h.h.t.HelmChartContainer - [K3S] [configmap_cafile_content.go:205] "Starting controller" name="client-ca::kube-system::extension-apiserver-authentication::requestheader-client-ca-file"
2025-01-28 23:51:20,919 INFO c.h.h.t.HelmChartContainer - [K3S] [configmap_cafile_content.go:205] "Starting controller" name="client-ca::kube-system::extension-apiserver-authentication::client-ca-file"
2025-01-28 23:51:21,136 INFO c.h.h.t.HelmChartContainer - [K3S] [replica_set.go:679] "Finished syncing" kind="ReplicaSet" key="kube-system/local-path-provisioner-698b58967b" duration="304.388124ms"
2025-01-28 23:51:21,151 INFO c.h.h.t.HelmChartContainer - [K3S] [replica_set.go:679] "Finished syncing" kind="ReplicaSet" key="kube-system/local-path-provisioner-698b58967b" duration="14.438294ms"
2025-01-28 23:51:21,151 INFO c.h.h.t.HelmChartContainer - [K3S] [replica_set.go:679] "Finished syncing" kind="ReplicaSet" key="kube-system/local-path-provisioner-698b58967b" duration="27µs"
2025-01-28 23:51:21,151 INFO c.h.h.t.HelmChartContainer - [K3S] [replica_set.go:679] "Finished syncing" kind="ReplicaSet" key="kube-system/metrics-server-8584b5786c" duration="318.724211ms"
2025-01-28 23:51:21,152 INFO c.h.h.t.HelmChartContainer - [K3S] [replica_set.go:679] "Finished syncing" kind="ReplicaSet" key="kube-system/coredns-ff8999cc5" duration="319.482228ms"
2025-01-28 23:51:21,157 INFO c.h.h.t.HelmChartContainer - [K3S] [replica_set.go:679] "Finished syncing" kind="ReplicaSet" key="kube-system/metrics-server-8584b5786c" duration="6.195394ms"
2025-01-28 23:51:21,159 INFO c.h.h.t.HelmChartContainer - [K3S] [replica_set.go:679] "Finished syncing" kind="ReplicaSet" key="kube-system/local-path-provisioner-698b58967b" duration="21.3µs"
2025-01-28 23:51:21,163 INFO c.h.h.t.HelmChartContainer - [K3S] [replica_set.go:679] "Finished syncing" kind="ReplicaSet" key="kube-system/coredns-ff8999cc5" duration="11.165614ms"
2025-01-28 23:51:21,163 INFO c.h.h.t.HelmChartContainer - [K3S] [replica_set.go:679] "Finished syncing" kind="ReplicaSet" key="kube-system/coredns-ff8999cc5" duration="46.707µs"
2025-01-28 23:51:21,171 INFO c.h.h.t.HelmChartContainer - [K3S] [replica_set.go:679] "Finished syncing" kind="ReplicaSet" key="kube-system/metrics-server-8584b5786c" duration="13.392605ms"
2025-01-28 23:51:21,171 INFO c.h.h.t.HelmChartContainer - [K3S] [replica_set.go:679] "Finished syncing" kind="ReplicaSet" key="kube-system/metrics-server-8584b5786c" duration="44.342µs"
2025-01-28 23:51:21,175 INFO c.h.h.t.HelmChartContainer - [K3S] [replica_set.go:679] "Finished syncing" kind="ReplicaSet" key="kube-system/metrics-server-8584b5786c" duration="24.456µs"
2025-01-28 23:51:21,181 INFO c.h.h.t.HelmChartContainer - [K3S] [replica_set.go:679] "Finished syncing" kind="ReplicaSet" key="kube-system/local-path-provisioner-698b58967b" duration="24.545µs"
2025-01-28 23:51:21,188 INFO c.h.h.t.HelmChartContainer - [K3S] [replica_set.go:679] "Finished syncing" kind="ReplicaSet" key="kube-system/coredns-ff8999cc5" duration="35.556µs"
2025-01-28 23:51:21,210 INFO c.h.h.t.HelmChartContainer - [K3S] [reconciler_common.go:251] "operationExecutor.VerifyControllerAttachedVolume started for volume \"kube-api-access-nspjd\" (UniqueName: \"kubernetes.io/projected/6a815d90-0ed7-46c4-95c5-506aba85f497-kube-api-access-nspjd\") pod \"local-path-provisioner-698b58967b-6v9cv\" (UID: \"6a815d90-0ed7-46c4-95c5-506aba85f497\") " pod="kube-system/local-path-provisioner-698b58967b-6v9cv"
2025-01-28 23:51:21,210 INFO c.h.h.t.HelmChartContainer - [K3S] [reconciler_common.go:251] "operationExecutor.VerifyControllerAttachedVolume started for volume \"tmp-dir\" (UniqueName: \"kubernetes.io/empty-dir/8f62dcad-5573-469a-8fb5-597246d0e63d-tmp-dir\") pod \"metrics-server-8584b5786c-22q29\" (UID: \"8f62dcad-5573-469a-8fb5-597246d0e63d\") " pod="kube-system/metrics-server-8584b5786c-22q29"
2025-01-28 23:51:21,210 INFO c.h.h.t.HelmChartContainer - [K3S] [reconciler_common.go:251] "operationExecutor.VerifyControllerAttachedVolume started for volume \"kube-api-access-7h7hc\" (UniqueName: \"kubernetes.io/projected/8f62dcad-5573-469a-8fb5-597246d0e63d-kube-api-access-7h7hc\") pod \"metrics-server-8584b5786c-22q29\" (UID: \"8f62dcad-5573-469a-8fb5-597246d0e63d\") " pod="kube-system/metrics-server-8584b5786c-22q29"
2025-01-28 23:51:21,210 INFO c.h.h.t.HelmChartContainer - [K3S] [reconciler_common.go:251] "operationExecutor.VerifyControllerAttachedVolume started for volume \"config-volume\" (UniqueName: \"kubernetes.io/configmap/10a2526b-16f9-4bab-a03a-971de1581dfe-config-volume\") pod \"coredns-ff8999cc5-wmhv4\" (UID: \"10a2526b-16f9-4bab-a03a-971de1581dfe\") " pod="kube-system/coredns-ff8999cc5-wmhv4"
2025-01-28 23:51:21,210 INFO c.h.h.t.HelmChartContainer - [K3S] [reconciler_common.go:251] "operationExecutor.VerifyControllerAttachedVolume started for volume \"custom-config-volume\" (UniqueName: \"kubernetes.io/configmap/10a2526b-16f9-4bab-a03a-971de1581dfe-custom-config-volume\") pod \"coredns-ff8999cc5-wmhv4\" (UID: \"10a2526b-16f9-4bab-a03a-971de1581dfe\") " pod="kube-system/coredns-ff8999cc5-wmhv4"
2025-01-28 23:51:21,210 INFO c.h.h.t.HelmChartContainer - [K3S] [reconciler_common.go:251] "operationExecutor.VerifyControllerAttachedVolume started for volume \"kube-api-access-tcjhw\" (UniqueName: \"kubernetes.io/projected/10a2526b-16f9-4bab-a03a-971de1581dfe-kube-api-access-tcjhw\") pod \"coredns-ff8999cc5-wmhv4\" (UID: \"10a2526b-16f9-4bab-a03a-971de1581dfe\") " pod="kube-system/coredns-ff8999cc5-wmhv4"
2025-01-28 23:51:21,210 INFO c.h.h.t.HelmChartContainer - [K3S] [reconciler_common.go:251] "operationExecutor.VerifyControllerAttachedVolume started for volume \"config-volume\" (UniqueName: \"kubernetes.io/configmap/6a815d90-0ed7-46c4-95c5-506aba85f497-config-volume\") pod \"local-path-provisioner-698b58967b-6v9cv\" (UID: \"6a815d90-0ed7-46c4-95c5-506aba85f497\") " pod="kube-system/local-path-provisioner-698b58967b-6v9cv"
2025-01-28 23:51:21,312 INFO c.h.h.t.HelmChartContainer - [K3S] [kube.go:146] Node controller sync successful
2025-01-28 23:51:21,312 INFO c.h.h.t.HelmChartContainer - [K3S] [vxlan.go:141] VXLAN config: VNI=1 Port=0 GBP=false Learning=false DirectRouting=false
2025-01-28 23:51:21,318 INFO c.h.h.t.HelmChartContainer - [K3S] [kube.go:636] List of node(0c997a873dc5) annotations: map[string]string{"alpha.kubernetes.io/provided-node-ip":"172.18.0.2", "k3s.io/hostname":"0c997a873dc5", "k3s.io/internal-ip":"172.18.0.2", "k3s.io/node-args":"[\"server\",\"--etcd-arg\",\"unsafe-no-fsync\",\"--etcd-arg\",\"snapshot-count=10000\",\"--etcd-arg\",\"auto-compaction-mode=revision\",\"--etcd-arg\",\"auto-compaction-retention=1000000\",\"--kube-apiserver-arg\",\"etcd-compaction-interval=0s\",\"--disable\",\"traefik\",\"--tls-san\",\"localhost\"]", "k3s.io/node-config-hash":"2QNNT5M5XUBFOLO5XPGEVGOM5UDLHHTIVMSRUPAUHE5DU3HUYQUQ====", "k3s.io/node-env":"{}", "node.alpha.kubernetes.io/ttl":"0", "volumes.kubernetes.io/controller-managed-attach-detach":"true"}
2025-01-28 23:51:21,322 INFO c.h.h.t.HelmChartContainer - [K3S] [iptables.go:51] Starting flannel in iptables mode...
2025-01-28 23:51:21,322 INFO c.h.h.t.HelmChartContainer - [K3S] [WARNING] no subnet found for key: FLANNEL_NETWORK in file: /run/flannel/subnet.env
2025-01-28 23:51:21,322 INFO c.h.h.t.HelmChartContainer - [K3S] [WARNING] no subnet found for key: FLANNEL_SUBNET in file: /run/flannel/subnet.env
2025-01-28 23:51:21,322 INFO c.h.h.t.HelmChartContainer - [K3S] [kube.go:490] Creating the node lease for IPv4. This is the n.Spec.PodCIDRs: [10.42.0.0/24]
2025-01-28 23:51:21,322 INFO c.h.h.t.HelmChartContainer - [K3S] [WARNING] no subnet found for key: FLANNEL_IPV6_NETWORK in file: /run/flannel/subnet.env
2025-01-28 23:51:21,322 INFO c.h.h.t.HelmChartContainer - [K3S] [WARNING] no subnet found for key: FLANNEL_IPV6_SUBNET in file: /run/flannel/subnet.env
2025-01-28 23:51:21,322 INFO c.h.h.t.HelmChartContainer - [K3S] [iptables.go:115] Current network or subnet (10.42.0.0/16, 10.42.0.0/24) is not equal to previous one (0.0.0.0/0, 0.0.0.0/0), trying to recycle old iptables rules
2025-01-28 23:51:21,323 INFO c.h.h.t.HelmChartContainer - [K3S] [range_allocator.go:247] "Successfully synced" key="0c997a873dc5"
2025-01-28 23:51:21,330 INFO c.h.h.t.HelmChartContainer - [K3S] [iptables.go:125] Setting up masking rules
2025-01-28 23:51:21,332 INFO c.h.h.t.HelmChartContainer - [K3S] [iptables.go:226] Changing default FORWARD chain policy to ACCEPT
2025-01-28 23:51:21,334 INFO c.h.h.t.HelmChartContainer - [K3S] [INFO] Wrote flannel subnet file to /run/flannel/subnet.env
2025-01-28 23:51:21,334 INFO c.h.h.t.HelmChartContainer - [K3S] [INFO] Running flannel backend.
2025-01-28 23:51:21,334 INFO c.h.h.t.HelmChartContainer - [K3S] [vxlan_network.go:65] watching for new subnet leases
2025-01-28 23:51:21,342 INFO c.h.h.t.HelmChartContainer - [K3S] [iptables.go:372] bootstrap done
2025-01-28 23:51:21,347 INFO c.h.h.t.HelmChartContainer - [K3S] [iptables.go:372] bootstrap done
2025-01-28 23:51:21,636 INFO c.h.h.t.HelmChartContainer - [K3S] [handler_proxy.go:99] no RequestInfo found in the context
2025-01-28 23:51:21,636 INFO c.h.h.t.HelmChartContainer - [K3S] [handler_proxy.go:99] no RequestInfo found in the context
2025-01-28 23:51:21,636 INFO c.h.h.t.HelmChartContainer - [K3S] [controller.go:102] "Unhandled Error" err=<
2025-01-28 23:51:21,637 INFO c.h.h.t.HelmChartContainer - [K3S] 	, Header: map[Content-Type:[text/plain; charset=utf-8] X-Content-Type-Options:[nosniff]]
2025-01-28 23:51:21,637 INFO c.h.h.t.HelmChartContainer - [K3S]  >
2025-01-28 23:51:24,547 INFO c.h.h.t.HelmChartContainer - [K3S] [replica_set.go:679] "Finished syncing" kind="ReplicaSet" key="kube-system/local-path-provisioner-698b58967b" duration="7.226879ms"
2025-01-28 23:51:24,547 INFO c.h.h.t.HelmChartContainer - [K3S] [replica_set.go:679] "Finished syncing" kind="ReplicaSet" key="kube-system/local-path-provisioner-698b58967b" duration="29.916µs"
2025-01-28 23:51:25,388 DEBUG c.h.h.t.HelmChartContainer - Image file loaded 'hivemq-platform-operator.tar'
2025-01-28 23:51:25,553 INFO c.h.h.t.HelmChartContainer - [K3S] [replica_set.go:679] "Finished syncing" kind="ReplicaSet" key="kube-system/coredns-ff8999cc5" duration="35.406µs"
2025-01-28 23:51:25,584 INFO c.h.h.t.HelmChartContainer - [K3S] [replica_set.go:679] "Finished syncing" kind="ReplicaSet" key="kube-system/metrics-server-8584b5786c" duration="156.03µs"
2025-01-28 23:51:25,625 INFO c.h.h.t.HelmChartContainer - [K3S] [replica_set.go:679] "Finished syncing" kind="ReplicaSet" key="kube-system/coredns-ff8999cc5" duration="19.164003ms"
2025-01-28 23:51:25,631 INFO c.h.h.t.HelmChartContainer - [K3S] [replica_set.go:679] "Finished syncing" kind="ReplicaSet" key="kube-system/coredns-ff8999cc5" duration="36.758µs"
2025-01-28 23:51:25,713 INFO c.h.h.t.HelmChartContainer - [K3S] [kuberuntime_manager.go:1702] "Updating runtime config through cri with podcidr" CIDR="10.42.0.0/24"
2025-01-28 23:51:25,714 INFO c.h.h.t.HelmChartContainer - [K3S] [kubelet_network.go:61] "Updating Pod CIDR" originalPodCIDR="" newPodCIDR="10.42.0.0/24"
2025-01-28 23:51:25,723 INFO c.h.h.t.HelmChartContainer - [K3S] [range_allocator.go:247] "Successfully synced" key="0c997a873dc5"
2025-01-28 23:51:25,995 DEBUG c.h.h.t.HelmChartContainer - Image file loaded 'hivemq-platform-operator-init.tar'
2025-01-28 23:51:31,688 DEBUG c.h.h.t.HelmChartContainer - Image file loaded 'hivemq-platform.tar'
2025-01-28 23:51:31,689 DEBUG c.h.h.t.HelmChartContainer - Successful Helm chart Container startup
2025-01-28 23:51:31,704 INFO t.localhost/testcontainers/x8wtmyu4capsfqgh:latest - Container localhost/testcontainers/x8wtmyu4capsfqgh:latest started in PT21.683813176S
2025-01-28 23:51:31,714 DEBUG c.h.h.t.HelmChartContainer - Executing helm command: /bin/helm --kubeconfig /etc/rancher/k3s/k3s.yaml repo add hivemq https://hivemq.github.io/helm-charts
2025-01-28 23:51:33,206 INFO c.h.h.t.HelmChartContainer - Saved kubeconfig file on /tmp/kubeconfig-15174220474613792093.yaml
2025-01-28 23:51:33,206 INFO c.h.h.t.HelmChartContainer - HelmChartContainer is started
2025-01-28 23:51:33,212 INFO c.h.h.t.HelmChartContainer - [EVENT] Normal [Starting] Starting kubelet. [null:0c997a873dc5]
2025-01-28 23:51:33,218 INFO c.h.h.t.HelmChartContainer - [EVENT] Warning [InvalidDiskCapacity] invalid capacity 0 on image filesystem [null:0c997a873dc5]
2025-01-28 23:51:33,219 INFO c.h.h.t.HelmChartContainer - [EVENT] Normal [NodeHasSufficientMemory] Node 0c997a873dc5 status is now: NodeHasSufficientMemory [null:0c997a873dc5]
2025-01-28 23:51:33,219 INFO c.h.h.t.HelmChartContainer - [EVENT] Normal [NodeHasNoDiskPressure] Node 0c997a873dc5 status is now: NodeHasNoDiskPressure [null:0c997a873dc5]
2025-01-28 23:51:33,220 INFO c.h.h.t.HelmChartContainer - [EVENT] Normal [NodeHasSufficientPID] Node 0c997a873dc5 status is now: NodeHasSufficientPID [null:0c997a873dc5]
2025-01-28 23:51:33,223 INFO c.h.h.t.HelmChartContainer - [EVENT] Normal [NodeAllocatableEnforced] Updated Node Allocatable limit across pods [null:0c997a873dc5]
2025-01-28 23:51:33,226 INFO c.h.h.t.HelmChartContainer - [EVENT] Normal [NodeReady] Node 0c997a873dc5 status is now: NodeReady [null:0c997a873dc5]
2025-01-28 23:51:33,227 INFO c.h.h.t.HelmChartContainer - [EVENT] Normal [NodePasswordValidationComplete] Deferred node password secret validation complete [null:0c997a873dc5]
2025-01-28 23:51:33,232 INFO c.h.h.t.HelmChartContainer - [EVENT] Normal [Synced] Node synced successfully [null:0c997a873dc5]
2025-01-28 23:51:33,233 INFO c.h.h.t.HelmChartContainer - [EVENT] Normal [RegisteredNode] Node 0c997a873dc5 event: Registered Node 0c997a873dc5 in Controller [null:0c997a873dc5]
]]></system-out>
  <system-err><![CDATA[]]></system-err>
</testsuite>
