<?xml version="1.0" encoding="UTF-8"?>
<testsuite name="com.hivemq.helmcharts.migration.HelmLegacyStatefulSetMigrationIT" tests="1" skipped="0" failures="0" errors="0" timestamp="2025-07-23T15:34:51" hostname="pkrvmpptgkbjq6m" time="310.732">
  <properties/>
  <testcase name="migrateToCurrentPlatformOperator()" classname="com.hivemq.helmcharts.migration.HelmLegacyStatefulSetMigrationIT" time="310.732"/>
</testsuite>
