<?xml version="1.0" encoding="UTF-8"?>
<testsuite name="com.hivemq.helmcharts.volumes.HelmVolumeClaimTemplatesIT" tests="1" skipped="1" failures="0" errors="0" timestamp="2025-07-09T17:08:27" hostname="pkrvmfkh1xnbeme" time="0.0">
  <properties/>
  <testcase name="platform_whenVolumeClaimTemplateIsConfigured_withAdditionalVolumes_thenPersistentVolumeClaimsCreated()" classname="com.hivemq.helmcharts.volumes.HelmVolumeClaimTemplatesIT" time="0.0">
    <skipped/>
  </testcase>
</testsuite>
