<?xml version="1.0" encoding="UTF-8"?>
<testsuite name="com.hivemq.helmcharts.operator.HelmUpgradeOperatorIT" tests="1" skipped="0" failures="0" errors="0" timestamp="2025-01-30T18:35:41" hostname="fv-az1779-710" time="43.751">
  <properties/>
  <testcase name="withDeployedOperator_upgradeUsingNewValues()" classname="com.hivemq.helmcharts.operator.HelmUpgradeOperatorIT" time="43.751">
    <system-out><![CDATA[2025-01-30 18:35:41,450 INFO c.h.h.t.HelmChartContainer - Creating namespace 'helmupgradeoperatorit-operator'...
2025-01-30 18:35:41,458 INFO c.h.h.t.HelmChartContainer - Namespace 'helmupgradeoperatorit-operator' created
2025-01-30 18:35:41,458 INFO c.h.h.t.HelmChartContainer - Creating namespace 'helmupgradeoperatorit'...
2025-01-30 18:35:41,468 INFO c.h.h.t.HelmChartContainer - Namespace 'helmupgradeoperatorit' created
2025-01-30 18:35:41,560 DEBUG c.h.h.t.HelmChartContainer - Executing helm command: /bin/helm --kubeconfig /etc/rancher/k3s/k3s.yaml install test-hivemq-platform-operator /charts/hivemq-platform-operator --wait --timeout 5m0s --set image.repository=docker.io/hivemq --set image.name=hivemq-platform-operator-test --set image.initImageName=hivemq-platform-operator-init-test --set image.tag=snapshot --set image.pullPolicy=Never --set logLevel=DEBUG --set resources.cpu=512m --namespace helmupgradeoperatorit-operator
2025-01-30 18:35:41,902 INFO c.h.h.t.HelmChartContainer - [K3S] [alloc.go:330] "allocated clusterIPs" service="helmupgradeoperatorit-operator/hivemq-platform-operator-test-hivemq-platform-operator" clusterIPs={"IPv4":"10.43.222.102"}
2025-01-30 18:35:41,917 INFO c.h.h.t.HelmChartContainer - [EVENT] Normal [ScalingReplicaSet] Scaled up replica set hivemq-test-hivemq-platform-operator-6966f96d65 from 0 to 1 [helmupgradeoperatorit-operator:hivemq-test-hivemq-platform-operator]
2025-01-30 18:35:41,925 INFO c.h.h.t.HelmChartContainer - [POD] hivemq-test-hivemq-platform-operator-6966f96d65-ddzqv [a69b0750-3340-43b0-9698-085dd7d22972] in helmupgradeoperatorit-operator was ADDED
2025-01-30 18:35:41,932 INFO c.h.h.t.HelmChartContainer - [K3S] [replica_set.go:679] "Finished syncing" kind="ReplicaSet" key="helmupgradeoperatorit-operator/hivemq-test-hivemq-platform-operator-6966f96d65" duration="18.066898ms"
2025-01-30 18:35:41,932 INFO c.h.h.t.HelmChartContainer - [POD] hivemq-test-hivemq-platform-operator-6966f96d65-ddzqv [a69b0750-3340-43b0-9698-085dd7d22972] in helmupgradeoperatorit-operator was MODIFIED
2025-01-30 18:35:41,932 INFO c.h.h.t.HelmChartContainer - [K3S] [memory_manager.go:355] "RemoveStaleState removing state" podUID="5c08a30c-b3e8-43ea-8864-9a6976a78c46" containerName="kube-prometheus-stack"
2025-01-30 18:35:41,933 INFO c.h.h.t.HelmChartContainer - [K3S] [memory_manager.go:355] "RemoveStaleState removing state" podUID="7aee2582-eea0-45f3-8a83-b6462d1ee9bd" containerName="prometheus"
2025-01-30 18:35:41,933 INFO c.h.h.t.HelmChartContainer - [K3S] [memory_manager.go:355] "RemoveStaleState removing state" podUID="e7ddc8c1-5929-48fc-91cc-f96808c02776" containerName="hivemq"
2025-01-30 18:35:41,933 INFO c.h.h.t.HelmChartContainer - [K3S] [memory_manager.go:355] "RemoveStaleState removing state" podUID="86c12914-9a67-4b50-988e-c02ec68be750" containerName="hivemq"
2025-01-30 18:35:41,933 INFO c.h.h.t.HelmChartContainer - [K3S] [memory_manager.go:355] "RemoveStaleState removing state" podUID="8d76f7f3-f5fe-4a1c-86ce-9f80713f6723" containerName="hivemq-platform-operator"
2025-01-30 18:35:41,933 INFO c.h.h.t.HelmChartContainer - [K3S] [memory_manager.go:355] "RemoveStaleState removing state" podUID="f4a3542b-c15b-45c6-9e95-802d35867d57" containerName="grafana-sc-dashboard"
2025-01-30 18:35:41,933 INFO c.h.h.t.HelmChartContainer - [K3S] [memory_manager.go:355] "RemoveStaleState removing state" podUID="c45260c2-2616-4b56-918e-f4fc963d7da7" containerName="kube-state-metrics"
2025-01-30 18:35:41,933 INFO c.h.h.t.HelmChartContainer - [K3S] [memory_manager.go:355] "RemoveStaleState removing state" podUID="0b93e16c-eb98-403c-8f6c-46598633f1b1" containerName="node-exporter"
2025-01-30 18:35:41,934 INFO c.h.h.t.HelmChartContainer - [K3S] [memory_manager.go:355] "RemoveStaleState removing state" podUID="7aee2582-eea0-45f3-8a83-b6462d1ee9bd" containerName="config-reloader"
2025-01-30 18:35:41,934 INFO c.h.h.t.HelmChartContainer - [K3S] [memory_manager.go:355] "RemoveStaleState removing state" podUID="cae88f23-97d1-4b4b-a614-14344d45a67e" containerName="alertmanager"
2025-01-30 18:35:41,934 INFO c.h.h.t.HelmChartContainer - [K3S] [memory_manager.go:355] "RemoveStaleState removing state" podUID="f4a3542b-c15b-45c6-9e95-802d35867d57" containerName="grafana-sc-datasources"
2025-01-30 18:35:41,934 INFO c.h.h.t.HelmChartContainer - [K3S] [memory_manager.go:355] "RemoveStaleState removing state" podUID="cae88f23-97d1-4b4b-a614-14344d45a67e" containerName="config-reloader"
2025-01-30 18:35:41,934 INFO c.h.h.t.HelmChartContainer - [K3S] [memory_manager.go:355] "RemoveStaleState removing state" podUID="f4a3542b-c15b-45c6-9e95-802d35867d57" containerName="grafana"
2025-01-30 18:35:41,940 INFO c.h.h.t.HelmChartContainer - [EVENT] Normal [SuccessfulCreate] Created pod: hivemq-test-hivemq-platform-operator-6966f96d65-ddzqv [helmupgradeoperatorit-operator:hivemq-test-hivemq-platform-operator-6966f96d65]
2025-01-30 18:35:41,942 INFO c.h.h.t.HelmChartContainer - [EVENT] Normal [Scheduled] Successfully assigned helmupgradeoperatorit-operator/hivemq-test-hivemq-platform-operator-6966f96d65-ddzqv to 1176ab4d886c [helmupgradeoperatorit-operator:hivemq-test-hivemq-platform-operator-6966f96d65-ddzqv]
2025-01-30 18:35:41,948 INFO c.h.h.t.HelmChartContainer - [POD] hivemq-test-hivemq-platform-operator-6966f96d65-ddzqv [a69b0750-3340-43b0-9698-085dd7d22972] in helmupgradeoperatorit-operator was MODIFIED
2025-01-30 18:35:41,950 INFO c.h.h.t.HelmChartContainer - [K3S] [replica_set.go:679] "Finished syncing" kind="ReplicaSet" key="helmupgradeoperatorit-operator/hivemq-test-hivemq-platform-operator-6966f96d65" duration="16.404471ms"
2025-01-30 18:35:41,960 INFO c.h.h.t.HelmChartContainer - [K3S] [replica_set.go:679] "Finished syncing" kind="ReplicaSet" key="helmupgradeoperatorit-operator/hivemq-test-hivemq-platform-operator-6966f96d65" duration="11.564958ms"
2025-01-30 18:35:41,960 INFO c.h.h.t.HelmChartContainer - [K3S] [replica_set.go:679] "Finished syncing" kind="ReplicaSet" key="helmupgradeoperatorit-operator/hivemq-test-hivemq-platform-operator-6966f96d65" duration="38.121µs"
2025-01-30 18:35:42,003 INFO c.h.h.t.HelmChartContainer - [K3S] [reconciler_common.go:251] "operationExecutor.VerifyControllerAttachedVolume started for volume \"kube-api-access-nq79m\" (UniqueName: \"kubernetes.io/projected/a69b0750-3340-43b0-9698-085dd7d22972-kube-api-access-nq79m\") pod \"hivemq-test-hivemq-platform-operator-6966f96d65-ddzqv\" (UID: \"a69b0750-3340-43b0-9698-085dd7d22972\") " pod="helmupgradeoperatorit-operator/hivemq-test-hivemq-platform-operator-6966f96d65-ddzqv"
2025-01-30 18:35:42,319 INFO c.h.h.t.HelmChartContainer - [EVENT] Normal [Pulled] Container image "docker.io/hivemq/hivemq-platform-operator-test:snapshot" already present on machine [helmupgradeoperatorit-operator:hivemq-test-hivemq-platform-operator-6966f96d65-ddzqv]
2025-01-30 18:35:42,319 INFO c.h.h.t.HelmChartContainer - Received Pulled event for container hivemq-platform-operator in pod hivemq-test-hivemq-platform-operator-6966f96d65-ddzqv [a69b0750-3340-43b0-9698-085dd7d22972]
2025-01-30 18:35:43,608 INFO c.h.h.t.HelmChartContainer - [EVENT] Normal [Created] Created container: hivemq-platform-operator [helmupgradeoperatorit-operator:hivemq-test-hivemq-platform-operator-6966f96d65-ddzqv]
2025-01-30 18:35:43,608 INFO c.h.h.t.HelmChartContainer - Received Created event for container hivemq-platform-operator in pod hivemq-test-hivemq-platform-operator-6966f96d65-ddzqv [a69b0750-3340-43b0-9698-085dd7d22972]
2025-01-30 18:35:44,069 INFO c.h.h.t.HelmChartContainer - [K3S] [replica_set.go:679] "Finished syncing" kind="ReplicaSet" key="helmupgradeoperatorit-operator/hivemq-test-hivemq-platform-operator-6966f96d65" duration="49.011µs"
2025-01-30 18:35:44,069 INFO c.h.h.t.HelmChartContainer - [POD] hivemq-test-hivemq-platform-operator-6966f96d65-ddzqv [a69b0750-3340-43b0-9698-085dd7d22972] in helmupgradeoperatorit-operator was MODIFIED
2025-01-30 18:35:44,093 INFO c.h.h.t.HelmChartContainer - Started log watcher for hivemq-platform-operator in pod hivemq-test-hivemq-platform-operator-6966f96d65-ddzqv [a69b0750-3340-43b0-9698-085dd7d22972]
2025-01-30 18:35:44,093 INFO c.h.h.t.HelmChartContainer - [EVENT] Normal [Started] Started container hivemq-platform-operator [helmupgradeoperatorit-operator:hivemq-test-hivemq-platform-operator-6966f96d65-ddzqv]
2025-01-30 18:35:44,093 INFO c.h.h.t.HelmChartContainer - Received Started event for container hivemq-platform-operator in pod hivemq-test-hivemq-platform-operator-6966f96d65-ddzqv [a69b0750-3340-43b0-9698-085dd7d22972]
2025-01-30 18:35:44,094 INFO c.h.h.t.HelmChartContainer - [hivemq-test-hivemq-platform] [hivemq-platform-operator] [a69b0750] -------------------------------------------------------------------------
2025-01-30 18:35:44,094 INFO c.h.h.t.HelmChartContainer - [hivemq-test-hivemq-platform] [hivemq-platform-operator] [a69b0750] 
2025-01-30 18:35:44,094 INFO c.h.h.t.HelmChartContainer - [hivemq-test-hivemq-platform] [hivemq-platform-operator] [a69b0750]                   _    _  _              __  __   ____
2025-01-30 18:35:44,094 INFO c.h.h.t.HelmChartContainer - [hivemq-test-hivemq-platform] [hivemq-platform-operator] [a69b0750]                  | |  | |(_)            |  \/  | / __ \
2025-01-30 18:35:44,094 INFO c.h.h.t.HelmChartContainer - [hivemq-test-hivemq-platform] [hivemq-platform-operator] [a69b0750]                  | |__| | _ __   __ ___ | \  / || |  | |
2025-01-30 18:35:44,094 INFO c.h.h.t.HelmChartContainer - [hivemq-test-hivemq-platform] [hivemq-platform-operator] [a69b0750]                  |  __  || |\ \ / // _ \| |\/| || |  | |
2025-01-30 18:35:44,094 INFO c.h.h.t.HelmChartContainer - [hivemq-test-hivemq-platform] [hivemq-platform-operator] [a69b0750]                  | |  | || | \ V /|  __/| |  | || |__| |
2025-01-30 18:35:44,094 INFO c.h.h.t.HelmChartContainer - [hivemq-test-hivemq-platform] [hivemq-platform-operator] [a69b0750]                  |_|  |_||_|  \_/  \___||_|  |_| \___\_\
2025-01-30 18:35:44,094 INFO c.h.h.t.HelmChartContainer - [hivemq-test-hivemq-platform] [hivemq-platform-operator] [a69b0750] 
2025-01-30 18:35:44,094 INFO c.h.h.t.HelmChartContainer - [hivemq-test-hivemq-platform] [hivemq-platform-operator] [a69b0750] -------------------------------------------------------------------------
2025-01-30 18:35:44,094 INFO c.h.h.t.HelmChartContainer - [hivemq-test-hivemq-platform] [hivemq-platform-operator] [a69b0750] 
2025-01-30 18:35:44,094 INFO c.h.h.t.HelmChartContainer - [hivemq-test-hivemq-platform] [hivemq-platform-operator] [a69b0750]   HiveMQ Platform Operator Start Script v1.0
2025-01-30 18:35:44,095 INFO c.h.h.t.HelmChartContainer - [hivemq-test-hivemq-platform] [hivemq-platform-operator] [a69b0750] 
2025-01-30 18:35:44,095 INFO c.h.h.t.HelmChartContainer - [hivemq-test-hivemq-platform] [hivemq-platform-operator] [a69b0750] -------------------------------------------------------------------------
2025-01-30 18:35:44,095 INFO c.h.h.t.HelmChartContainer - [hivemq-test-hivemq-platform] [hivemq-platform-operator] [a69b0750] 
2025-01-30 18:35:44,095 INFO c.h.h.t.HelmChartContainer - [hivemq-test-hivemq-platform] [hivemq-platform-operator] [a69b0750]   JAVA_OPTS: -XX:+UnlockExperimentalVMOptions -XX:InitialRAMPercentage=75 -XX:MaxRAMPercentage=75 -Duser.language=en -Duser.region=US
2025-01-30 18:35:44,095 INFO c.h.h.t.HelmChartContainer - [hivemq-test-hivemq-platform] [hivemq-platform-operator] [a69b0750] 
2025-01-30 18:35:44,095 INFO c.h.h.t.HelmChartContainer - [hivemq-test-hivemq-platform] [hivemq-platform-operator] [a69b0750]   JAVA_VERSION: 21
2025-01-30 18:35:44,096 INFO c.h.h.t.HelmChartContainer - [hivemq-test-hivemq-platform] [hivemq-platform-operator] [a69b0750] 
2025-01-30 18:35:44,096 INFO c.h.h.t.HelmChartContainer - [hivemq-test-hivemq-platform] [hivemq-platform-operator] [a69b0750] -------------------------------------------------------------------------
2025-01-30 18:35:44,096 INFO c.h.h.t.HelmChartContainer - [hivemq-test-hivemq-platform] [hivemq-platform-operator] [a69b0750] 
2025-01-30 18:35:46,942 INFO c.h.h.t.HelmChartContainer - [hivemq-test-hivemq-platform] [hivemq-platform-operator] [a69b0750] 18:35:46.939 [main] DEBUG org.jboss.logging - Logging Provider: org.jboss.logging.Slf4jLoggerProvider
2025-01-30 18:35:47,043 INFO c.h.h.t.HelmChartContainer - [hivemq-test-hivemq-platform] [hivemq-platform-operator] [a69b0750] 18:35:47.042 [main] DEBUG io.smallrye.config - SRCFG01006: Loaded ConfigSource SysPropConfigSource with ordinal 400
2025-01-30 18:35:47,044 INFO c.h.h.t.HelmChartContainer - [hivemq-test-hivemq-platform] [hivemq-platform-operator] [a69b0750] 18:35:47.042 [main] DEBUG io.smallrye.config - SRCFG01006: Loaded ConfigSource EnvConfigSource with ordinal 300
2025-01-30 18:35:47,044 INFO c.h.h.t.HelmChartContainer - [hivemq-test-hivemq-platform] [hivemq-platform-operator] [a69b0750] 18:35:47.042 [main] DEBUG io.smallrye.config - SRCFG01006: Loaded ConfigSource PropertiesConfigSource[source=jar:file:///opt/hivemq-platform-operator/bin/hivemq-platform-operator.jar!/hivemq-platform-operator.properties] with ordinal 100
2025-01-30 18:35:47,044 INFO c.h.h.t.HelmChartContainer - [hivemq-test-hivemq-platform] [hivemq-platform-operator] [a69b0750] 18:35:47.043 [main] DEBUG io.smallrye.config - SRCFG01006: Loaded ConfigSource DefaultValuesConfigSource with ordinal -2147483648
2025-01-30 18:35:47,153 INFO c.h.h.t.HelmChartContainer - [hivemq-test-hivemq-platform] [hivemq-platform-operator] [a69b0750] 18:35:47.152 [main] DEBUG i.m.c.u.i.l.InternalLoggerFactory - Using SLF4J as the default logging framework
2025-01-30 18:35:47,265 INFO c.h.h.t.HelmChartContainer - [hivemq-test-hivemq-platform] [hivemq-platform-operator] [a69b0750] 18:35:47.258 [main] INFO  c.h.p.o.HiveMQPlatformOperatorApplication - HiveMQ Platform Operator 1.7.0-SNAPSHOT (commit: 47e3375 on branch: HEAD) built on Thu Jan 30 03:55:50 UTC 2025
2025-01-30 18:35:47,265 INFO c.h.h.t.HelmChartContainer - [hivemq-test-hivemq-platform] [hivemq-platform-operator] [a69b0750] 18:35:47.265 [main] INFO  c.h.p.o.HiveMQPlatformOperatorApplication - HiveMQ Platform Operator is running in namespace: helmupgradeoperatorit-operator
2025-01-30 18:35:47,266 INFO c.h.h.t.HelmChartContainer - [hivemq-test-hivemq-platform] [hivemq-platform-operator] [a69b0750] 18:35:47.265 [main] INFO  c.h.p.o.HiveMQPlatformOperatorApplication - Watching all namespaces
2025-01-30 18:35:47,266 INFO c.h.h.t.HelmChartContainer - [hivemq-test-hivemq-platform] [hivemq-platform-operator] [a69b0750] 18:35:47.265 [main] INFO  c.h.p.o.HiveMQPlatformOperatorApplication - Log level: DEBUG
2025-01-30 18:35:47,266 INFO c.h.h.t.HelmChartContainer - [hivemq-test-hivemq-platform] [hivemq-platform-operator] [a69b0750] 18:35:47.265 [main] INFO  c.h.p.o.HiveMQPlatformOperatorApplication - Release name: test-hivemq-platform-operator
2025-01-30 18:35:47,266 INFO c.h.h.t.HelmChartContainer - [hivemq-test-hivemq-platform] [hivemq-platform-operator] [a69b0750] 18:35:47.265 [main] INFO  c.h.p.o.HiveMQPlatformOperatorApplication - HiveMQ Platform Operator Init image: docker.io/hivemq/hivemq-platform-operator-init-test:snapshot
2025-01-30 18:35:47,266 INFO c.h.h.t.HelmChartContainer - [hivemq-test-hivemq-platform] [hivemq-platform-operator] [a69b0750] 18:35:47.265 [main] INFO  c.h.p.o.HiveMQPlatformOperatorApplication - HiveMQ Platform Operator Init App update URL: http://hivemq-platform-operator-test-hivemq-platform-operator.helmupgradeoperatorit-operator.svc:8080/initAppUpdate/hivemq-platform-operator-init-app-1.7.0-SNAPSHOT.jar
2025-01-30 18:35:47,266 INFO c.h.h.t.HelmChartContainer - [hivemq-test-hivemq-platform] [hivemq-platform-operator] [a69b0750] 18:35:47.265 [main] INFO  c.h.p.o.HiveMQPlatformOperatorApplication - Additional imagePullSecret for all Platform deployments: none
2025-01-30 18:35:47,266 INFO c.h.h.t.HelmChartContainer - [hivemq-test-hivemq-platform] [hivemq-platform-operator] [a69b0750] 18:35:47.265 [main] INFO  c.h.p.o.HiveMQPlatformOperatorApplication - Apply HiveMQ Platform CRD: true
2025-01-30 18:35:47,266 INFO c.h.h.t.HelmChartContainer - [hivemq-test-hivemq-platform] [hivemq-platform-operator] [a69b0750] 18:35:47.265 [main] INFO  c.h.p.o.HiveMQPlatformOperatorApplication - Create Platform ServiceAccount: true
2025-01-30 18:35:47,266 INFO c.h.h.t.HelmChartContainer - [hivemq-test-hivemq-platform] [hivemq-platform-operator] [a69b0750] 18:35:47.265 [main] INFO  c.h.p.o.HiveMQPlatformOperatorApplication - Create Platform ServiceAccount permissions: true
2025-01-30 18:35:47,266 INFO c.h.h.t.HelmChartContainer - [hivemq-test-hivemq-platform] [hivemq-platform-operator] [a69b0750] 18:35:47.265 [main] INFO  c.h.p.o.HiveMQPlatformOperatorApplication - Validate Platform ServiceAccount: true
2025-01-30 18:35:47,266 INFO c.h.h.t.HelmChartContainer - [hivemq-test-hivemq-platform] [hivemq-platform-operator] [a69b0750] 18:35:47.265 [main] INFO  c.h.p.o.HiveMQPlatformOperatorApplication - Validate Platform ServiceAccount permissions: true
2025-01-30 18:35:47,462 INFO c.h.h.t.HelmChartContainer - [hivemq-test-hivemq-platform] [hivemq-platform-operator] [a69b0750] 18:35:47.461 [main] INFO  c.h.platform.operator.util.CRDUtil - Verifying deployed HiveMQ Platform CRD...
2025-01-30 18:35:49,939 INFO c.h.h.t.HelmChartContainer - [hivemq-test-hivemq-platform] [hivemq-platform-operator] [a69b0750] 18:35:49.938 [main] DEBUG c.h.platform.operator.util.CRDUtil - HiveMQ Platform CRD version v1 is up to date
2025-01-30 18:35:49,939 INFO c.h.h.t.HelmChartContainer - [hivemq-test-hivemq-platform] [hivemq-platform-operator] [a69b0750] 18:35:49.938 [main] INFO  c.h.platform.operator.util.CRDUtil - HiveMQ Platform CRD is up to date (version: V1_6_0)
2025-01-30 18:35:49,939 INFO c.h.h.t.HelmChartContainer - [hivemq-test-hivemq-platform] [hivemq-platform-operator] [a69b0750] 18:35:49.938 [main] INFO  c.h.platform.operator.util.CRDUtil - Waiting 10000 ms for HiveMQ Platform CRD 'hivemq-platforms.hivemq.com' to become ready...
2025-01-30 18:35:50,154 INFO c.h.h.t.HelmChartContainer - [hivemq-test-hivemq-platform] [hivemq-platform-operator] [a69b0750] 18:35:50.153 [vert.x-eventloop-thread-1] DEBUG c.h.platform.operator.util.CRDUtil - Checking CRD condition 'NamesAccepted' (status: 'True')
2025-01-30 18:35:50,155 INFO c.h.h.t.HelmChartContainer - [hivemq-test-hivemq-platform] [hivemq-platform-operator] [a69b0750] 18:35:50.153 [vert.x-eventloop-thread-1] DEBUG c.h.platform.operator.util.CRDUtil - Checking CRD condition 'Established' (status: 'True')
2025-01-30 18:35:50,155 INFO c.h.h.t.HelmChartContainer - [hivemq-test-hivemq-platform] [hivemq-platform-operator] [a69b0750] 18:35:50.154 [main] INFO  c.h.platform.operator.util.CRDUtil - HiveMQ Platform CRD 'hivemq-platforms.hivemq.com' is ready
2025-01-30 18:35:50,347 INFO c.h.h.t.HelmChartContainer - [hivemq-test-hivemq-platform] [hivemq-platform-operator] [a69b0750] 18:35:50.346 [main] INFO  c.h.p.o.HiveMQPlatformReconciler - HiveMQ Platform Operator is starting...
2025-01-30 18:35:50,440 INFO c.h.h.t.HelmChartContainer - [hivemq-test-hivemq-platform] [hivemq-platform-operator] [a69b0750] 18:35:50.439 [main] WARN  Default ConfigurationService implementation - Configuration for reconciler 'hivemq-controller' was not found. Known reconcilers: None.
2025-01-30 18:35:50,447 INFO c.h.h.t.HelmChartContainer - [hivemq-test-hivemq-platform] [hivemq-platform-operator] [a69b0750] 18:35:50.447 [main] INFO  Default ConfigurationService implementation - Created configuration for reconciler com.hivemq.platform.operator.HiveMQPlatformReconciler with name hivemq-controller
2025-01-30 18:35:50,549 INFO c.h.h.t.HelmChartContainer - [hivemq-test-hivemq-platform] [hivemq-platform-operator] [a69b0750] 18:35:50.548 [main] DEBUG c.h.p.o.HiveMQPlatformReconciler - HiveMQ Platform Operator is preparing EventSources
2025-01-30 18:35:50,560 INFO c.h.h.t.HelmChartContainer - [hivemq-test-hivemq-platform] [hivemq-platform-operator] [a69b0750] 18:35:50.559 [main] INFO  i.javaoperatorsdk.operator.Operator - Registered reconciler: 'hivemq-controller' for resource: 'class com.hivemq.platform.operator.v1.HiveMQPlatform' for namespace(s): [all namespaces]
2025-01-30 18:35:51,152 INFO c.h.h.t.HelmChartContainer - [hivemq-test-hivemq-platform] [hivemq-platform-operator] [a69b0750] 18:35:51.151 [main] INFO  c.h.p.operator.webserver.JettyServer - Starting Jetty server on port 8080
2025-01-30 18:35:51,249 INFO c.h.h.t.HelmChartContainer - [hivemq-test-hivemq-platform] [hivemq-platform-operator] [a69b0750] 18:35:51.248 [main] INFO  i.javaoperatorsdk.operator.Operator - Operator SDK 4.9.7 (commit: 2133d28) built on Wed Nov 20 12:56:20 UTC 2024 starting...
2025-01-30 18:35:51,249 INFO c.h.h.t.HelmChartContainer - [hivemq-test-hivemq-platform] [hivemq-platform-operator] [a69b0750] 18:35:51.248 [main] INFO  i.javaoperatorsdk.operator.Operator - Client version: 6.13.5
2025-01-30 18:35:51,250 INFO c.h.h.t.HelmChartContainer - [hivemq-test-hivemq-platform] [hivemq-platform-operator] [a69b0750] 18:35:51.250 [Controller Starter for: hivemq-controller] INFO  i.j.operator.processing.Controller - Starting 'hivemq-controller' controller for reconciler: com.hivemq.platform.operator.HiveMQPlatformReconciler, resource: com.hivemq.platform.operator.v1.HiveMQPlatform
2025-01-30 18:35:53,546 INFO c.h.h.t.HelmChartContainer - [hivemq-test-hivemq-platform] [hivemq-platform-operator] [a69b0750] 18:35:53.545 [Controller Starter for: hivemq-controller] INFO  i.j.operator.processing.Controller - 'hivemq-controller' controller started
2025-01-30 18:35:53,547 INFO c.h.h.t.HelmChartContainer - [hivemq-test-hivemq-platform] [hivemq-platform-operator] [a69b0750] 18:35:53.546 [main] INFO  c.h.p.o.HiveMQPlatformOperatorApplication - HiveMQ Platform Operator 1.7.0-SNAPSHOT started in 6288 ms
2025-01-30 18:35:55,077 INFO c.h.h.t.HelmChartContainer - [POD] hivemq-test-hivemq-platform-operator-6966f96d65-ddzqv [a69b0750-3340-43b0-9698-085dd7d22972] in helmupgradeoperatorit-operator was MODIFIED
2025-01-30 18:35:55,081 INFO c.h.h.t.HelmChartContainer - [K3S] [replica_set.go:679] "Finished syncing" kind="ReplicaSet" key="helmupgradeoperatorit-operator/hivemq-test-hivemq-platform-operator-6966f96d65" duration="8.276579ms"
2025-01-30 18:35:55,083 INFO c.h.h.t.HelmChartContainer - [K3S] [replica_set.go:679] "Finished syncing" kind="ReplicaSet" key="helmupgradeoperatorit-operator/hivemq-test-hivemq-platform-operator-6966f96d65" duration="42.168µs"
2025-01-30 18:35:55,973 DEBUG c.h.h.operator.HelmUpgradeOperatorIT - Operator deployed successfully
2025-01-30 18:35:56,054 DEBUG c.h.h.t.HelmChartContainer - Executing helm command: /bin/helm --kubeconfig /etc/rancher/k3s/k3s.yaml upgrade test-hivemq-platform-operator /charts/hivemq-platform-operator --wait --timeout 5m0s --set image.repository=docker.io/hivemq --set image.name=hivemq-platform-operator-test --set image.initImageName=hivemq-platform-operator-init-test --set image.tag=snapshot --set image.pullPolicy=Never --set logLevel=DEBUG --set resources.cpu=512m --set http.port=8081 --namespace helmupgradeoperatorit-operator
2025-01-30 18:35:56,512 INFO c.h.h.t.HelmChartContainer - [EVENT] Normal [ScalingReplicaSet] Scaled down replica set hivemq-test-hivemq-platform-operator-6966f96d65 from 1 to 0 [helmupgradeoperatorit-operator:hivemq-test-hivemq-platform-operator]
2025-01-30 18:35:56,521 INFO c.h.h.t.HelmChartContainer - [POD] hivemq-test-hivemq-platform-operator-6966f96d65-ddzqv [a69b0750-3340-43b0-9698-085dd7d22972] in helmupgradeoperatorit-operator was MODIFIED
2025-01-30 18:35:56,527 INFO c.h.h.t.HelmChartContainer - [EVENT] Normal [Killing] Stopping container hivemq-platform-operator [helmupgradeoperatorit-operator:hivemq-test-hivemq-platform-operator-6966f96d65-ddzqv]
2025-01-30 18:35:56,527 INFO c.h.h.t.HelmChartContainer - Received Killing event for container hivemq-platform-operator in pod hivemq-test-hivemq-platform-operator-6966f96d65-ddzqv [a69b0750-3340-43b0-9698-085dd7d22972]
2025-01-30 18:35:56,527 INFO c.h.h.t.HelmChartContainer - Container [hivemq-test-hivemq-platform-operator-6966f96d65-ddzqv] [hivemq-platform-operator] [a69b0750-3340-43b0-9698-085dd7d22972] was terminated
2025-01-30 18:35:56,527 INFO c.h.h.t.HelmChartContainer - Stopped log watcher for hivemq-platform-operator in pod hivemq-test-hivemq-platform-operator-6966f96d65-ddzqv [a69b0750-3340-43b0-9698-085dd7d22972]
2025-01-30 18:35:56,534 INFO c.h.h.t.HelmChartContainer - [K3S] [replica_set.go:679] "Finished syncing" kind="ReplicaSet" key="helmupgradeoperatorit-operator/hivemq-test-hivemq-platform-operator-6966f96d65" duration="26.783904ms"
2025-01-30 18:35:56,537 INFO c.h.h.t.HelmChartContainer - [EVENT] Normal [SuccessfulDelete] Deleted pod: hivemq-test-hivemq-platform-operator-6966f96d65-ddzqv [helmupgradeoperatorit-operator:hivemq-test-hivemq-platform-operator-6966f96d65]
2025-01-30 18:35:56,542 INFO c.h.h.t.HelmChartContainer - [hivemq-test-hivemq-platform] [hivemq-platform-operator] [a69b0750] 18:35:56.540 [application-shutdown-thread] INFO  c.h.p.o.HiveMQPlatformOperatorApplication - HiveMQ Platform Operator is stopping...
2025-01-30 18:35:56,542 INFO c.h.h.t.HelmChartContainer - [hivemq-test-hivemq-platform] [hivemq-platform-operator] [a69b0750] 18:35:56.540 [application-shutdown-thread] INFO  i.javaoperatorsdk.operator.Operator - Operator SDK 4.9.7 is shutting down...
2025-01-30 18:35:56,554 INFO c.h.h.t.HelmChartContainer - [K3S] [replica_set.go:679] "Finished syncing" kind="ReplicaSet" key="helmupgradeoperatorit-operator/hivemq-test-hivemq-platform-operator-6966f96d65" duration="19.739886ms"
2025-01-30 18:35:56,554 INFO c.h.h.t.HelmChartContainer - [K3S] [replica_set.go:679] "Finished syncing" kind="ReplicaSet" key="helmupgradeoperatorit-operator/hivemq-test-hivemq-platform-operator-6966f96d65" duration="44.934µs"
2025-01-30 18:35:56,554 INFO c.h.h.t.HelmChartContainer - [K3S] [replica_set.go:679] "Finished syncing" kind="ReplicaSet" key="helmupgradeoperatorit-operator/hivemq-test-hivemq-platform-operator-6966f96d65" duration="25.077µs"
2025-01-30 18:35:57,703 INFO c.h.h.t.HelmChartContainer - [K3S] [replica_set.go:679] "Finished syncing" kind="ReplicaSet" key="helmupgradeoperatorit-operator/hivemq-test-hivemq-platform-operator-6966f96d65" duration="37.77µs"
2025-01-30 18:35:57,703 INFO c.h.h.t.HelmChartContainer - [POD] hivemq-test-hivemq-platform-operator-6966f96d65-ddzqv [a69b0750-3340-43b0-9698-085dd7d22972] in helmupgradeoperatorit-operator was MODIFIED
2025-01-30 18:35:57,797 INFO c.h.h.t.HelmChartContainer - [K3S] [reconciler_common.go:162] "operationExecutor.UnmountVolume started for volume \"kube-api-access-nq79m\" (UniqueName: \"kubernetes.io/projected/a69b0750-3340-43b0-9698-085dd7d22972-kube-api-access-nq79m\") pod \"a69b0750-3340-43b0-9698-085dd7d22972\" (UID: \"a69b0750-3340-43b0-9698-085dd7d22972\") "
2025-01-30 18:35:57,898 INFO c.h.h.t.HelmChartContainer - [K3S] [reconciler_common.go:299] "Volume detached for volume \"kube-api-access-nq79m\" (UniqueName: \"kubernetes.io/projected/a69b0750-3340-43b0-9698-085dd7d22972-kube-api-access-nq79m\") on node \"1176ab4d886c\" DevicePath \"\""
2025-01-30 18:35:58,084 INFO c.h.h.t.HelmChartContainer - [K3S] [scope.go:117] "RemoveContainer" containerID="d87895dfc5e971c336f75cf7fc56daee8280e9d0d4b171e44618abaec8a7417d"
2025-01-30 18:35:58,088 INFO c.h.h.t.HelmChartContainer - [K3S] [scope.go:117] "RemoveContainer" containerID="d87895dfc5e971c336f75cf7fc56daee8280e9d0d4b171e44618abaec8a7417d"
2025-01-30 18:35:58,097 INFO c.h.h.t.HelmChartContainer - [K3S] [replica_set.go:679] "Finished syncing" kind="ReplicaSet" key="helmupgradeoperatorit-operator/hivemq-test-hivemq-platform-operator-6966f96d65" duration="42.84µs"
2025-01-30 18:35:58,097 INFO c.h.h.t.HelmChartContainer - [POD] hivemq-test-hivemq-platform-operator-6966f96d65-ddzqv [a69b0750-3340-43b0-9698-085dd7d22972] in helmupgradeoperatorit-operator was MODIFIED
2025-01-30 18:35:58,099 INFO c.h.h.t.HelmChartContainer - [K3S] [replica_set.go:679] "Finished syncing" kind="ReplicaSet" key="helmupgradeoperatorit-operator/hivemq-test-hivemq-platform-operator-6966f96d65" duration="33.833µs"
2025-01-30 18:35:58,099 INFO c.h.h.t.HelmChartContainer - [POD] hivemq-test-hivemq-platform-operator-6966f96d65-ddzqv [a69b0750-3340-43b0-9698-085dd7d22972] in helmupgradeoperatorit-operator was DELETED
2025-01-30 18:35:58,107 INFO c.h.h.t.HelmChartContainer - [EVENT] Normal [ScalingReplicaSet] Scaled up replica set hivemq-test-hivemq-platform-operator-56497fff47 from 0 to 1 [helmupgradeoperatorit-operator:hivemq-test-hivemq-platform-operator]
2025-01-30 18:35:58,110 INFO c.h.h.t.HelmChartContainer - [POD] hivemq-test-hivemq-platform-operator-56497fff47-4rcng [d523af70-7cf6-462d-92e3-8bef321a0b29] in helmupgradeoperatorit-operator was ADDED
2025-01-30 18:35:58,116 INFO c.h.h.t.HelmChartContainer - [POD] hivemq-test-hivemq-platform-operator-56497fff47-4rcng [d523af70-7cf6-462d-92e3-8bef321a0b29] in helmupgradeoperatorit-operator was MODIFIED
2025-01-30 18:35:58,116 INFO c.h.h.t.HelmChartContainer - [EVENT] Normal [SuccessfulCreate] Created pod: hivemq-test-hivemq-platform-operator-56497fff47-4rcng [helmupgradeoperatorit-operator:hivemq-test-hivemq-platform-operator-56497fff47]
2025-01-30 18:35:58,116 INFO c.h.h.t.HelmChartContainer - [EVENT] Normal [Scheduled] Successfully assigned helmupgradeoperatorit-operator/hivemq-test-hivemq-platform-operator-56497fff47-4rcng to 1176ab4d886c [helmupgradeoperatorit-operator:hivemq-test-hivemq-platform-operator-56497fff47-4rcng]
2025-01-30 18:35:58,117 INFO c.h.h.t.HelmChartContainer - [K3S] [memory_manager.go:355] "RemoveStaleState removing state" podUID="a69b0750-3340-43b0-9698-085dd7d22972" containerName="hivemq-platform-operator"
2025-01-30 18:35:58,121 INFO c.h.h.t.HelmChartContainer - [K3S] [replica_set.go:679] "Finished syncing" kind="ReplicaSet" key="helmupgradeoperatorit-operator/hivemq-test-hivemq-platform-operator-56497fff47" duration="16.348768ms"
2025-01-30 18:35:58,132 INFO c.h.h.t.HelmChartContainer - [POD] hivemq-test-hivemq-platform-operator-56497fff47-4rcng [d523af70-7cf6-462d-92e3-8bef321a0b29] in helmupgradeoperatorit-operator was MODIFIED
2025-01-30 18:35:58,137 INFO c.h.h.t.HelmChartContainer - [K3S] [replica_set.go:679] "Finished syncing" kind="ReplicaSet" key="helmupgradeoperatorit-operator/hivemq-test-hivemq-platform-operator-56497fff47" duration="15.142823ms"
2025-01-30 18:35:58,148 INFO c.h.h.t.HelmChartContainer - [K3S] [replica_set.go:679] "Finished syncing" kind="ReplicaSet" key="helmupgradeoperatorit-operator/hivemq-test-hivemq-platform-operator-56497fff47" duration="11.784053ms"
2025-01-30 18:35:58,149 INFO c.h.h.t.HelmChartContainer - [K3S] [replica_set.go:679] "Finished syncing" kind="ReplicaSet" key="helmupgradeoperatorit-operator/hivemq-test-hivemq-platform-operator-56497fff47" duration="35.947µs"
2025-01-30 18:35:58,167 INFO c.h.h.t.HelmChartContainer - [K3S] [kubelet_volumes.go:163] "Cleaned up orphaned pod volumes dir" podUID="a69b0750-3340-43b0-9698-085dd7d22972" path="/var/lib/kubelet/pods/a69b0750-3340-43b0-9698-085dd7d22972/volumes"
2025-01-30 18:35:58,199 INFO c.h.h.t.HelmChartContainer - [K3S] [reconciler_common.go:251] "operationExecutor.VerifyControllerAttachedVolume started for volume \"kube-api-access-vwxkz\" (UniqueName: \"kubernetes.io/projected/d523af70-7cf6-462d-92e3-8bef321a0b29-kube-api-access-vwxkz\") pod \"hivemq-test-hivemq-platform-operator-56497fff47-4rcng\" (UID: \"d523af70-7cf6-462d-92e3-8bef321a0b29\") " pod="helmupgradeoperatorit-operator/hivemq-test-hivemq-platform-operator-56497fff47-4rcng"
2025-01-30 18:35:58,509 INFO c.h.h.t.HelmChartContainer - [EVENT] Normal [Pulled] Container image "docker.io/hivemq/hivemq-platform-operator-test:snapshot" already present on machine [helmupgradeoperatorit-operator:hivemq-test-hivemq-platform-operator-56497fff47-4rcng]
2025-01-30 18:35:58,509 INFO c.h.h.t.HelmChartContainer - Received Pulled event for container hivemq-platform-operator in pod hivemq-test-hivemq-platform-operator-56497fff47-4rcng [d523af70-7cf6-462d-92e3-8bef321a0b29]
2025-01-30 18:35:58,516 INFO c.h.h.t.HelmChartContainer - [EVENT] Normal [Created] Created container: hivemq-platform-operator [helmupgradeoperatorit-operator:hivemq-test-hivemq-platform-operator-56497fff47-4rcng]
2025-01-30 18:35:58,516 INFO c.h.h.t.HelmChartContainer - Received Created event for container hivemq-platform-operator in pod hivemq-test-hivemq-platform-operator-56497fff47-4rcng [d523af70-7cf6-462d-92e3-8bef321a0b29]
2025-01-30 18:35:59,095 INFO c.h.h.t.HelmChartContainer - [K3S] [replica_set.go:679] "Finished syncing" kind="ReplicaSet" key="helmupgradeoperatorit-operator/hivemq-test-hivemq-platform-operator-56497fff47" duration="32.53µs"
2025-01-30 18:35:59,096 INFO c.h.h.t.HelmChartContainer - [POD] hivemq-test-hivemq-platform-operator-56497fff47-4rcng [d523af70-7cf6-462d-92e3-8bef321a0b29] in helmupgradeoperatorit-operator was MODIFIED
2025-01-30 18:35:59,103 INFO c.h.h.t.HelmChartContainer - [EVENT] Normal [Started] Started container hivemq-platform-operator [helmupgradeoperatorit-operator:hivemq-test-hivemq-platform-operator-56497fff47-4rcng]
2025-01-30 18:35:59,103 INFO c.h.h.t.HelmChartContainer - Received Started event for container hivemq-platform-operator in pod hivemq-test-hivemq-platform-operator-56497fff47-4rcng [d523af70-7cf6-462d-92e3-8bef321a0b29]
2025-01-30 18:35:59,103 INFO c.h.h.t.HelmChartContainer - Started log watcher for hivemq-platform-operator in pod hivemq-test-hivemq-platform-operator-56497fff47-4rcng [d523af70-7cf6-462d-92e3-8bef321a0b29]
2025-01-30 18:35:59,103 INFO c.h.h.t.HelmChartContainer - [hivemq-test-hivemq-platform] [hivemq-platform-operator] [d523af70] -------------------------------------------------------------------------
2025-01-30 18:35:59,103 INFO c.h.h.t.HelmChartContainer - [hivemq-test-hivemq-platform] [hivemq-platform-operator] [d523af70] 
2025-01-30 18:35:59,103 INFO c.h.h.t.HelmChartContainer - [hivemq-test-hivemq-platform] [hivemq-platform-operator] [d523af70]                   _    _  _              __  __   ____
2025-01-30 18:35:59,103 INFO c.h.h.t.HelmChartContainer - [hivemq-test-hivemq-platform] [hivemq-platform-operator] [d523af70]                  | |  | |(_)            |  \/  | / __ \
2025-01-30 18:35:59,103 INFO c.h.h.t.HelmChartContainer - [hivemq-test-hivemq-platform] [hivemq-platform-operator] [d523af70]                  | |__| | _ __   __ ___ | \  / || |  | |
2025-01-30 18:35:59,103 INFO c.h.h.t.HelmChartContainer - [hivemq-test-hivemq-platform] [hivemq-platform-operator] [d523af70]                  |  __  || |\ \ / // _ \| |\/| || |  | |
2025-01-30 18:35:59,103 INFO c.h.h.t.HelmChartContainer - [hivemq-test-hivemq-platform] [hivemq-platform-operator] [d523af70]                  | |  | || | \ V /|  __/| |  | || |__| |
2025-01-30 18:35:59,104 INFO c.h.h.t.HelmChartContainer - [hivemq-test-hivemq-platform] [hivemq-platform-operator] [d523af70]                  |_|  |_||_|  \_/  \___||_|  |_| \___\_\
2025-01-30 18:35:59,104 INFO c.h.h.t.HelmChartContainer - [hivemq-test-hivemq-platform] [hivemq-platform-operator] [d523af70] 
2025-01-30 18:35:59,104 INFO c.h.h.t.HelmChartContainer - [hivemq-test-hivemq-platform] [hivemq-platform-operator] [d523af70] -------------------------------------------------------------------------
2025-01-30 18:35:59,104 INFO c.h.h.t.HelmChartContainer - [hivemq-test-hivemq-platform] [hivemq-platform-operator] [d523af70] 
2025-01-30 18:35:59,104 INFO c.h.h.t.HelmChartContainer - [hivemq-test-hivemq-platform] [hivemq-platform-operator] [d523af70]   HiveMQ Platform Operator Start Script v1.0
2025-01-30 18:35:59,104 INFO c.h.h.t.HelmChartContainer - [hivemq-test-hivemq-platform] [hivemq-platform-operator] [d523af70] 
2025-01-30 18:35:59,104 INFO c.h.h.t.HelmChartContainer - [hivemq-test-hivemq-platform] [hivemq-platform-operator] [d523af70] -------------------------------------------------------------------------
2025-01-30 18:35:59,104 INFO c.h.h.t.HelmChartContainer - [hivemq-test-hivemq-platform] [hivemq-platform-operator] [d523af70] 
2025-01-30 18:35:59,104 INFO c.h.h.t.HelmChartContainer - [hivemq-test-hivemq-platform] [hivemq-platform-operator] [d523af70]   JAVA_OPTS: -XX:+UnlockExperimentalVMOptions -XX:InitialRAMPercentage=75 -XX:MaxRAMPercentage=75 -Duser.language=en -Duser.region=US
2025-01-30 18:35:59,105 INFO c.h.h.t.HelmChartContainer - [hivemq-test-hivemq-platform] [hivemq-platform-operator] [d523af70] 
2025-01-30 18:35:59,105 INFO c.h.h.t.HelmChartContainer - [hivemq-test-hivemq-platform] [hivemq-platform-operator] [d523af70]   JAVA_VERSION: 21
2025-01-30 18:35:59,105 INFO c.h.h.t.HelmChartContainer - [hivemq-test-hivemq-platform] [hivemq-platform-operator] [d523af70] 
2025-01-30 18:35:59,105 INFO c.h.h.t.HelmChartContainer - [hivemq-test-hivemq-platform] [hivemq-platform-operator] [d523af70] -------------------------------------------------------------------------
2025-01-30 18:35:59,105 INFO c.h.h.t.HelmChartContainer - [hivemq-test-hivemq-platform] [hivemq-platform-operator] [d523af70] 
2025-01-30 18:36:01,941 INFO c.h.h.t.HelmChartContainer - [hivemq-test-hivemq-platform] [hivemq-platform-operator] [d523af70] 18:36:01.905 [main] DEBUG org.jboss.logging - Logging Provider: org.jboss.logging.Slf4jLoggerProvider
2025-01-30 18:36:02,043 INFO c.h.h.t.HelmChartContainer - [hivemq-test-hivemq-platform] [hivemq-platform-operator] [d523af70] 18:36:02.041 [main] DEBUG io.smallrye.config - SRCFG01006: Loaded ConfigSource SysPropConfigSource with ordinal 400
2025-01-30 18:36:02,043 INFO c.h.h.t.HelmChartContainer - [hivemq-test-hivemq-platform] [hivemq-platform-operator] [d523af70] 18:36:02.041 [main] DEBUG io.smallrye.config - SRCFG01006: Loaded ConfigSource EnvConfigSource with ordinal 300
2025-01-30 18:36:02,043 INFO c.h.h.t.HelmChartContainer - [hivemq-test-hivemq-platform] [hivemq-platform-operator] [d523af70] 18:36:02.041 [main] DEBUG io.smallrye.config - SRCFG01006: Loaded ConfigSource PropertiesConfigSource[source=jar:file:///opt/hivemq-platform-operator/bin/hivemq-platform-operator.jar!/hivemq-platform-operator.properties] with ordinal 100
2025-01-30 18:36:02,043 INFO c.h.h.t.HelmChartContainer - [hivemq-test-hivemq-platform] [hivemq-platform-operator] [d523af70] 18:36:02.041 [main] DEBUG io.smallrye.config - SRCFG01006: Loaded ConfigSource DefaultValuesConfigSource with ordinal -2147483648
2025-01-30 18:36:02,075 INFO c.h.h.t.HelmChartContainer - [hivemq-test-hivemq-platform] [hivemq-platform-operator] [d523af70] 18:36:02.074 [main] DEBUG i.m.c.u.i.l.InternalLoggerFactory - Using SLF4J as the default logging framework
2025-01-30 18:36:02,259 INFO c.h.h.t.HelmChartContainer - [hivemq-test-hivemq-platform] [hivemq-platform-operator] [d523af70] 18:36:02.250 [main] INFO  c.h.p.o.HiveMQPlatformOperatorApplication - HiveMQ Platform Operator 1.7.0-SNAPSHOT (commit: 47e3375 on branch: HEAD) built on Thu Jan 30 03:55:50 UTC 2025
2025-01-30 18:36:02,260 INFO c.h.h.t.HelmChartContainer - [hivemq-test-hivemq-platform] [hivemq-platform-operator] [d523af70] 18:36:02.258 [main] INFO  c.h.p.o.HiveMQPlatformOperatorApplication - HiveMQ Platform Operator is running in namespace: helmupgradeoperatorit-operator
2025-01-30 18:36:02,260 INFO c.h.h.t.HelmChartContainer - [hivemq-test-hivemq-platform] [hivemq-platform-operator] [d523af70] 18:36:02.258 [main] INFO  c.h.p.o.HiveMQPlatformOperatorApplication - Watching all namespaces
2025-01-30 18:36:02,260 INFO c.h.h.t.HelmChartContainer - [hivemq-test-hivemq-platform] [hivemq-platform-operator] [d523af70] 18:36:02.258 [main] INFO  c.h.p.o.HiveMQPlatformOperatorApplication - Log level: DEBUG
2025-01-30 18:36:02,260 INFO c.h.h.t.HelmChartContainer - [hivemq-test-hivemq-platform] [hivemq-platform-operator] [d523af70] 18:36:02.258 [main] INFO  c.h.p.o.HiveMQPlatformOperatorApplication - Release name: test-hivemq-platform-operator
2025-01-30 18:36:02,260 INFO c.h.h.t.HelmChartContainer - [hivemq-test-hivemq-platform] [hivemq-platform-operator] [d523af70] 18:36:02.258 [main] INFO  c.h.p.o.HiveMQPlatformOperatorApplication - HiveMQ Platform Operator Init image: docker.io/hivemq/hivemq-platform-operator-init-test:snapshot
2025-01-30 18:36:02,260 INFO c.h.h.t.HelmChartContainer - [hivemq-test-hivemq-platform] [hivemq-platform-operator] [d523af70] 18:36:02.258 [main] INFO  c.h.p.o.HiveMQPlatformOperatorApplication - HiveMQ Platform Operator Init App update URL: http://hivemq-platform-operator-test-hivemq-platform-operator.helmupgradeoperatorit-operator.svc:8081/initAppUpdate/hivemq-platform-operator-init-app-1.7.0-SNAPSHOT.jar
2025-01-30 18:36:02,260 INFO c.h.h.t.HelmChartContainer - [hivemq-test-hivemq-platform] [hivemq-platform-operator] [d523af70] 18:36:02.258 [main] INFO  c.h.p.o.HiveMQPlatformOperatorApplication - Additional imagePullSecret for all Platform deployments: none
2025-01-30 18:36:02,260 INFO c.h.h.t.HelmChartContainer - [hivemq-test-hivemq-platform] [hivemq-platform-operator] [d523af70] 18:36:02.258 [main] INFO  c.h.p.o.HiveMQPlatformOperatorApplication - Apply HiveMQ Platform CRD: true
2025-01-30 18:36:02,261 INFO c.h.h.t.HelmChartContainer - [hivemq-test-hivemq-platform] [hivemq-platform-operator] [d523af70] 18:36:02.258 [main] INFO  c.h.p.o.HiveMQPlatformOperatorApplication - Create Platform ServiceAccount: true
2025-01-30 18:36:02,261 INFO c.h.h.t.HelmChartContainer - [hivemq-test-hivemq-platform] [hivemq-platform-operator] [d523af70] 18:36:02.258 [main] INFO  c.h.p.o.HiveMQPlatformOperatorApplication - Create Platform ServiceAccount permissions: true
2025-01-30 18:36:02,261 INFO c.h.h.t.HelmChartContainer - [hivemq-test-hivemq-platform] [hivemq-platform-operator] [d523af70] 18:36:02.259 [main] INFO  c.h.p.o.HiveMQPlatformOperatorApplication - Validate Platform ServiceAccount: true
2025-01-30 18:36:02,261 INFO c.h.h.t.HelmChartContainer - [hivemq-test-hivemq-platform] [hivemq-platform-operator] [d523af70] 18:36:02.259 [main] INFO  c.h.p.o.HiveMQPlatformOperatorApplication - Validate Platform ServiceAccount permissions: true
2025-01-30 18:36:02,458 INFO c.h.h.t.HelmChartContainer - [hivemq-test-hivemq-platform] [hivemq-platform-operator] [d523af70] 18:36:02.457 [main] INFO  c.h.platform.operator.util.CRDUtil - Verifying deployed HiveMQ Platform CRD...
2025-01-30 18:36:04,844 INFO c.h.h.t.HelmChartContainer - [hivemq-test-hivemq-platform] [hivemq-platform-operator] [d523af70] 18:36:04.842 [main] DEBUG c.h.platform.operator.util.CRDUtil - HiveMQ Platform CRD version v1 is up to date
2025-01-30 18:36:04,844 INFO c.h.h.t.HelmChartContainer - [hivemq-test-hivemq-platform] [hivemq-platform-operator] [d523af70] 18:36:04.842 [main] INFO  c.h.platform.operator.util.CRDUtil - HiveMQ Platform CRD is up to date (version: V1_6_0)
2025-01-30 18:36:04,844 INFO c.h.h.t.HelmChartContainer - [hivemq-test-hivemq-platform] [hivemq-platform-operator] [d523af70] 18:36:04.842 [main] INFO  c.h.platform.operator.util.CRDUtil - Waiting 10000 ms for HiveMQ Platform CRD 'hivemq-platforms.hivemq.com' to become ready...
2025-01-30 18:36:05,053 INFO c.h.h.t.HelmChartContainer - [hivemq-test-hivemq-platform] [hivemq-platform-operator] [d523af70] 18:36:05.051 [vert.x-eventloop-thread-1] DEBUG c.h.platform.operator.util.CRDUtil - Checking CRD condition 'NamesAccepted' (status: 'True')
2025-01-30 18:36:05,053 INFO c.h.h.t.HelmChartContainer - [hivemq-test-hivemq-platform] [hivemq-platform-operator] [d523af70] 18:36:05.051 [vert.x-eventloop-thread-1] DEBUG c.h.platform.operator.util.CRDUtil - Checking CRD condition 'Established' (status: 'True')
2025-01-30 18:36:05,053 INFO c.h.h.t.HelmChartContainer - [hivemq-test-hivemq-platform] [hivemq-platform-operator] [d523af70] 18:36:05.052 [main] INFO  c.h.platform.operator.util.CRDUtil - HiveMQ Platform CRD 'hivemq-platforms.hivemq.com' is ready
2025-01-30 18:36:05,251 INFO c.h.h.t.HelmChartContainer - [hivemq-test-hivemq-platform] [hivemq-platform-operator] [d523af70] 18:36:05.250 [main] INFO  c.h.p.o.HiveMQPlatformReconciler - HiveMQ Platform Operator is starting...
2025-01-30 18:36:05,347 INFO c.h.h.t.HelmChartContainer - [hivemq-test-hivemq-platform] [hivemq-platform-operator] [d523af70] 18:36:05.346 [main] WARN  Default ConfigurationService implementation - Configuration for reconciler 'hivemq-controller' was not found. Known reconcilers: None.
2025-01-30 18:36:05,354 INFO c.h.h.t.HelmChartContainer - [hivemq-test-hivemq-platform] [hivemq-platform-operator] [d523af70] 18:36:05.354 [main] INFO  Default ConfigurationService implementation - Created configuration for reconciler com.hivemq.platform.operator.HiveMQPlatformReconciler with name hivemq-controller
2025-01-30 18:36:05,459 INFO c.h.h.t.HelmChartContainer - [hivemq-test-hivemq-platform] [hivemq-platform-operator] [d523af70] 18:36:05.458 [main] DEBUG c.h.p.o.HiveMQPlatformReconciler - HiveMQ Platform Operator is preparing EventSources
2025-01-30 18:36:05,546 INFO c.h.h.t.HelmChartContainer - [hivemq-test-hivemq-platform] [hivemq-platform-operator] [d523af70] 18:36:05.545 [main] INFO  i.javaoperatorsdk.operator.Operator - Registered reconciler: 'hivemq-controller' for resource: 'class com.hivemq.platform.operator.v1.HiveMQPlatform' for namespace(s): [all namespaces]
2025-01-30 18:36:06,060 INFO c.h.h.t.HelmChartContainer - [hivemq-test-hivemq-platform] [hivemq-platform-operator] [d523af70] 18:36:06.058 [main] INFO  c.h.p.operator.webserver.JettyServer - Starting Jetty server on port 8081
2025-01-30 18:36:06,153 INFO c.h.h.t.HelmChartContainer - [hivemq-test-hivemq-platform] [hivemq-platform-operator] [d523af70] 18:36:06.152 [main] INFO  i.javaoperatorsdk.operator.Operator - Operator SDK 4.9.7 (commit: 2133d28) built on Wed Nov 20 12:56:20 UTC 2024 starting...
2025-01-30 18:36:06,153 INFO c.h.h.t.HelmChartContainer - [hivemq-test-hivemq-platform] [hivemq-platform-operator] [d523af70] 18:36:06.152 [main] INFO  i.javaoperatorsdk.operator.Operator - Client version: 6.13.5
2025-01-30 18:36:06,154 INFO c.h.h.t.HelmChartContainer - [hivemq-test-hivemq-platform] [hivemq-platform-operator] [d523af70] 18:36:06.154 [Controller Starter for: hivemq-controller] INFO  i.j.operator.processing.Controller - Starting 'hivemq-controller' controller for reconciler: com.hivemq.platform.operator.HiveMQPlatformReconciler, resource: com.hivemq.platform.operator.v1.HiveMQPlatform
2025-01-30 18:36:08,742 INFO c.h.h.t.HelmChartContainer - [hivemq-test-hivemq-platform] [hivemq-platform-operator] [d523af70] 18:36:08.741 [Controller Starter for: hivemq-controller] INFO  i.j.operator.processing.Controller - 'hivemq-controller' controller started
2025-01-30 18:36:08,743 INFO c.h.h.t.HelmChartContainer - [hivemq-test-hivemq-platform] [hivemq-platform-operator] [d523af70] 18:36:08.742 [main] INFO  c.h.p.o.HiveMQPlatformOperatorApplication - HiveMQ Platform Operator 1.7.0-SNAPSHOT started in 6491 ms
2025-01-30 18:36:10,102 INFO c.h.h.t.HelmChartContainer - [POD] hivemq-test-hivemq-platform-operator-56497fff47-4rcng [d523af70-7cf6-462d-92e3-8bef321a0b29] in helmupgradeoperatorit-operator was MODIFIED
2025-01-30 18:36:10,110 INFO c.h.h.t.HelmChartContainer - [K3S] [replica_set.go:679] "Finished syncing" kind="ReplicaSet" key="helmupgradeoperatorit-operator/hivemq-test-hivemq-platform-operator-56497fff47" duration="9.51445ms"
2025-01-30 18:36:10,111 INFO c.h.h.t.HelmChartContainer - [K3S] [replica_set.go:679] "Finished syncing" kind="ReplicaSet" key="helmupgradeoperatorit-operator/hivemq-test-hivemq-platform-operator-56497fff47" duration="43.942µs"
2025-01-30 18:36:10,617 INFO c.h.h.t.HelmChartContainer - Uninstalling release 'test-hivemq-platform-operator' in namespace 'helmupgradeoperatorit-operator'...
2025-01-30 18:36:10,617 DEBUG c.h.h.t.HelmChartContainer - Executing helm command: /bin/helm --kubeconfig /etc/rancher/k3s/k3s.yaml uninstall test-hivemq-platform-operator  --wait --timeout 5m0s --cascade foreground --namespace helmupgradeoperatorit-operator
2025-01-30 18:36:10,788 INFO c.h.h.t.HelmChartContainer - [K3S] [replica_set.go:679] "Finished syncing" kind="ReplicaSet" key="helmupgradeoperatorit-operator/hivemq-test-hivemq-platform-operator-6966f96d65" duration="7.113µs"
2025-01-30 18:36:10,803 INFO c.h.h.t.HelmChartContainer - [K3S] [replica_set.go:679] "Finished syncing" kind="ReplicaSet" key="helmupgradeoperatorit-operator/hivemq-test-hivemq-platform-operator-56497fff47" duration="15.686845ms"
2025-01-30 18:36:10,803 INFO c.h.h.t.HelmChartContainer - [K3S] [replica_set.go:679] "Finished syncing" kind="ReplicaSet" key="helmupgradeoperatorit-operator/hivemq-test-hivemq-platform-operator-56497fff47" duration="32.892µs"
2025-01-30 18:36:10,817 INFO c.h.h.t.HelmChartContainer - [POD] hivemq-test-hivemq-platform-operator-56497fff47-4rcng [d523af70-7cf6-462d-92e3-8bef321a0b29] in helmupgradeoperatorit-operator was MODIFIED
2025-01-30 18:36:10,835 INFO c.h.h.t.HelmChartContainer - [K3S] [replica_set.go:679] "Finished syncing" kind="ReplicaSet" key="helmupgradeoperatorit-operator/hivemq-test-hivemq-platform-operator-56497fff47" duration="18.435781ms"
2025-01-30 18:36:10,835 INFO c.h.h.t.HelmChartContainer - [EVENT] Normal [Killing] Stopping container hivemq-platform-operator [helmupgradeoperatorit-operator:hivemq-test-hivemq-platform-operator-56497fff47-4rcng]
2025-01-30 18:36:10,836 INFO c.h.h.t.HelmChartContainer - Received Killing event for container hivemq-platform-operator in pod hivemq-test-hivemq-platform-operator-56497fff47-4rcng [d523af70-7cf6-462d-92e3-8bef321a0b29]
2025-01-30 18:36:10,836 INFO c.h.h.t.HelmChartContainer - Container [hivemq-test-hivemq-platform-operator-56497fff47-4rcng] [hivemq-platform-operator] [d523af70-7cf6-462d-92e3-8bef321a0b29] was terminated
2025-01-30 18:36:10,836 INFO c.h.h.t.HelmChartContainer - Stopped log watcher for hivemq-platform-operator in pod hivemq-test-hivemq-platform-operator-56497fff47-4rcng [d523af70-7cf6-462d-92e3-8bef321a0b29]
2025-01-30 18:36:10,837 INFO c.h.h.t.HelmChartContainer - [K3S] [replica_set.go:679] "Finished syncing" kind="ReplicaSet" key="helmupgradeoperatorit-operator/hivemq-test-hivemq-platform-operator-56497fff47" duration="41.818µs"
2025-01-30 18:36:10,841 INFO c.h.h.t.HelmChartContainer - [EVENT] Warning [FailedToUpdateEndpoint] Failed to update endpoint helmupgradeoperatorit-operator/hivemq-platform-operator-test-hivemq-platform-operator: Operation cannot be fulfilled on endpoints "hivemq-platform-operator-test-hivemq-platform-operator": StorageError: invalid object, Code: 4, Key: /registry/services/endpoints/helmupgradeoperatorit-operator/hivemq-platform-operator-test-hivemq-platform-operator, ResourceVersion: 0, AdditionalErrorMsg: Precondition failed: UID in precondition: f7f6605c-762c-4275-8028-fa5dae386294, UID in object meta:  [helmupgradeoperatorit-operator:hivemq-platform-operator-test-hivemq-platform-operator]
2025-01-30 18:36:10,846 INFO c.h.h.t.HelmChartContainer - [hivemq-test-hivemq-platform] [hivemq-platform-operator] [d523af70] 18:36:10.845 [application-shutdown-thread] INFO  c.h.p.o.HiveMQPlatformOperatorApplication - HiveMQ Platform Operator is stopping...
2025-01-30 18:36:10,846 INFO c.h.h.t.HelmChartContainer - [hivemq-test-hivemq-platform] [hivemq-platform-operator] [d523af70] 18:36:10.845 [application-shutdown-thread] INFO  i.javaoperatorsdk.operator.Operator - Operator SDK 4.9.7 is shutting down...
2025-01-30 18:36:11,384 INFO c.h.h.t.HelmChartContainer - [POD] hivemq-test-hivemq-platform-operator-56497fff47-4rcng [d523af70-7cf6-462d-92e3-8bef321a0b29] in helmupgradeoperatorit-operator was MODIFIED
2025-01-30 18:36:11,384 INFO c.h.h.t.HelmChartContainer - [K3S] [replica_set.go:679] "Finished syncing" kind="ReplicaSet" key="helmupgradeoperatorit-operator/hivemq-test-hivemq-platform-operator-56497fff47" duration="43.381µs"
2025-01-30 18:36:11,477 INFO c.h.h.t.HelmChartContainer - [K3S] [reconciler_common.go:162] "operationExecutor.UnmountVolume started for volume \"kube-api-access-vwxkz\" (UniqueName: \"kubernetes.io/projected/d523af70-7cf6-462d-92e3-8bef321a0b29-kube-api-access-vwxkz\") pod \"d523af70-7cf6-462d-92e3-8bef321a0b29\" (UID: \"d523af70-7cf6-462d-92e3-8bef321a0b29\") "
2025-01-30 18:36:11,578 INFO c.h.h.t.HelmChartContainer - [K3S] [reconciler_common.go:299] "Volume detached for volume \"kube-api-access-vwxkz\" (UniqueName: \"kubernetes.io/projected/d523af70-7cf6-462d-92e3-8bef321a0b29-kube-api-access-vwxkz\") on node \"1176ab4d886c\" DevicePath \"\""
2025-01-30 18:36:12,109 INFO c.h.h.t.HelmChartContainer - [K3S] [scope.go:117] "RemoveContainer" containerID="bfdc9f08e79cd4c3ae8d096e783647e63520c951ef23e9ba4a638942465c49e2"
2025-01-30 18:36:12,112 INFO c.h.h.t.HelmChartContainer - [K3S] [scope.go:117] "RemoveContainer" containerID="bfdc9f08e79cd4c3ae8d096e783647e63520c951ef23e9ba4a638942465c49e2"
2025-01-30 18:36:12,120 INFO c.h.h.t.HelmChartContainer - [K3S] [replica_set.go:679] "Finished syncing" kind="ReplicaSet" key="helmupgradeoperatorit-operator/hivemq-test-hivemq-platform-operator-56497fff47" duration="41.888µs"
2025-01-30 18:36:12,120 INFO c.h.h.t.HelmChartContainer - [POD] hivemq-test-hivemq-platform-operator-56497fff47-4rcng [d523af70-7cf6-462d-92e3-8bef321a0b29] in helmupgradeoperatorit-operator was MODIFIED
2025-01-30 18:36:12,122 INFO c.h.h.t.HelmChartContainer - [POD] hivemq-test-hivemq-platform-operator-56497fff47-4rcng [d523af70-7cf6-462d-92e3-8bef321a0b29] in helmupgradeoperatorit-operator was DELETED
2025-01-30 18:36:12,123 INFO c.h.h.t.HelmChartContainer - [K3S] [replica_set.go:679] "Finished syncing" kind="ReplicaSet" key="helmupgradeoperatorit-operator/hivemq-test-hivemq-platform-operator-56497fff47" duration="30.938µs"
2025-01-30 18:36:12,132 INFO c.h.h.t.HelmChartContainer - [K3S] [replica_set.go:679] "Finished syncing" kind="ReplicaSet" key="helmupgradeoperatorit-operator/hivemq-test-hivemq-platform-operator-56497fff47" duration="6.423µs"
2025-01-30 18:36:12,168 INFO c.h.h.t.HelmChartContainer - [K3S] [kubelet_volumes.go:163] "Cleaned up orphaned pod volumes dir" podUID="d523af70-7cf6-462d-92e3-8bef321a0b29" path="/var/lib/kubelet/pods/d523af70-7cf6-462d-92e3-8bef321a0b29/volumes"
2025-01-30 18:36:12,869 INFO c.h.h.t.HelmChartContainer - Deleting namespace 'helmupgradeoperatorit-operator'...
2025-01-30 18:36:18,085 INFO c.h.h.t.HelmChartContainer - Namespace 'helmupgradeoperatorit-operator' deleted
2025-01-30 18:36:18,085 INFO c.h.h.t.HelmChartContainer - Release 'test-hivemq-platform-operator' in namespace 'helmupgradeoperatorit-operator' is uninstalled
2025-01-30 18:36:18,815 INFO c.h.helmcharts.AbstractHelmChartIT - Removed unused containers:

2025-01-30 18:36:23,044 INFO c.h.h.t.HelmChartContainer - [K3S] [namespace_controller.go:187] "Namespace has been deleted" namespace="helmupgradeoperatorit-operator"
2025-01-30 18:36:25,199 INFO c.h.helmcharts.AbstractHelmChartIT - Removed unused snapshots:
Removing snapshot sha256:03af251906410714c5aef9fa705b63f6bbc39c4a5e787de7361eeb18886c2ed2
Removing snapshot sha256:0c46b3b43cce082ce5ec34ffc6c294e0417d17b9d1e6f366d114b6aadc4f96dc
Removing snapshot sha256:0ce761beee59082d6ed5bcebd3a805b8ddd9b3426b617e4809e7fb7c6587ffec
Removing snapshot sha256:1021ef88c7974bfff89c5a0ec4fd3160daac6c48a075f74cff721f85dd104e68
Removing snapshot sha256:10aba4953ddc18145dd38e3704709bc464aa20af60b56fe52caaff4b68411e62
Removing snapshot sha256:2573e0d8158209ed54ab25c87bcdcb00bd3d2539246960a3d592a1c599d70465
Removing snapshot sha256:362a8a37f8bbc31925a8146adcf7cf51f9882f5c1dcbef67c5baa03a297543c0
Removing snapshot sha256:3fa4ad33f0ddc8fd45b39b6b4640f82a3a83619606cd975bfe89d8710ad2d4cd
Removing snapshot sha256:43a7c979bbaba6838bc3102d6b10a1459f3ab050b87ccdfef84ef90cf43d3058
Removing snapshot sha256:4ab04491cdf0d3267f08206fe30bd48f49f94b9cab2f016d6739220f722a64af
Removing snapshot sha256:4b6068250e89c96f263060261819c7d912855bfbd64b3eb4c4a8483299b8c295
Removing snapshot sha256:580e69a0a8034ede1921139bbd2bfb72a69ebf276d008281896c32dd8bf74775
Removing snapshot sha256:5d30ba46b27fe37484567ccc5242cadc78217b8da605f3f195ef25cbf7487904
Removing snapshot sha256:63ca1fbb43ae5034640e5e6cb3e083e05c290072c5366fcaa9d62435a4cced85
Removing snapshot sha256:67f702c6baae873bceb19487c8b1f27bd2b86077e4f2f0e480e6d60ab508b8f5
Removing snapshot sha256:6864348dd42806d552efdec384f1274be15e2d0c10ce44c1f04347af004c10a9
Removing snapshot sha256:6c7dee8f2c39b84b7dc2711c01d33de93514d9055499173e9290176fbe484b6c
Removing snapshot sha256:82753493a6d61ded36556292f02f31841a14c20d2f279f19eaad65afb661d5cd
Removing snapshot sha256:8a10d3db42c505ee0fcfa98417bdd7e39b304f6bcc0a06bb1b220797ff2cc63c
Removing snapshot sha256:a21e5b12dbac529ad45d976eb9ce45c881f3bedcc500fb30aba1e52aa1813418
Removing snapshot sha256:b921e6c28969094157f9b8e7244677780319637afd14450b7cb6b2fdea558a0c
Removing snapshot sha256:bc27ecb5769a00e309cf99ebc763c4a4b958b618d1decc96ffac5bc05f02f5b7
Removing snapshot sha256:be3ccb6627a5332e309d45ef461d09b4879dd870c7394d89323d0ebc6ca6aa8a
Removing snapshot sha256:c261f7cbbc64211ee175ee47273acdb7b1a36a4450b397a064a8f2c026490095
Removing snapshot sha256:c34d9393647eea0c9e3557ab988efaf59f61d10a2a5613b439ef0958cca5ec10
Removing snapshot sha256:ccf3c4a0fa967a41c1c83497a2ce6fa5787965859df0adb32c4ca2cf7490bc2b
Removing snapshot sha256:cf92d33f869417309692088c341cd0f223c178ea78a125f757317b22aa8f90e9
Removing snapshot sha256:d0037344cf2fb078884f1849f6a1f8cf9a33a3b6139b6a85833e5ee528e1f9a8
Removing snapshot sha256:d3b36d5b79273b1e98e7700470eaeff05a882e777124d84cebcc1505b85ecb36
Removing snapshot sha256:d65a44a37914602d12c611e5e22a50f11451d847e63015cc1c2aef92dee777a4
Removing snapshot sha256:e2dc0bae2455930f23ae570e019b7f32edc75c0f2d71cab084db837ff9051796
Removing snapshot sha256:e31519795c7e3df686c447a21ec8d2eb301388a5e39ccf7f20a25c6f6ce3a522
Removing snapshot sha256:e9e86ed11d9bebc0707dd6f1166c51237ebb44f98657241f943261b2675a5449
Removing snapshot sha256:eccbd24a99c60cd9e86ee5305dbfc4a4dc89f5ab4fb1f06c8d64797cecedef34
Removing snapshot sha256:edd1404c718ab99ca3456bdf222065033800bb67d4334a9642746685a24394cd
Removing snapshot sha256:f144bb4c7c7f0d2aa7eeffd36d934ec40db1ee167be727e326aad9fdc616f475
Removing snapshot sha256:f841014e90f6182556f949eabc3e9b3d3f6fe845251ffbf58da9256f388a764b

]]></system-out>
  </testcase>
  <system-out><![CDATA[2025-01-30 18:35:41,448 INFO c.h.h.t.HelmChartContainerExtension - Using cached HelmChartContainer instance
]]></system-out>
  <system-err><![CDATA[]]></system-err>
</testsuite>
