<?xml version="1.0" encoding="UTF-8"?>
<testsuite name="com.hivemq.helmcharts.securitycontext.HelmPodSecurityContextUpgradeExtensionIT" tests="2" skipped="0" failures="0" errors="0" timestamp="2025-03-11T13:07:33" hostname="fv-az1296-332" time="347.595">
  <properties/>
  <testcase name="Operator values: (UID=0, GID=0, valuesFile='/files/operator-pod-security-context-root-user-values.yaml') and Platform values: (UID=0, GID=0, valuesFile='/files/platform-pod-security-context-root-user-with-tracing-extension-values.yaml')" classname="com.hivemq.helmcharts.securitycontext.HelmPodSecurityContextUpgradeExtensionIT" time="173.38"/>
  <testcase name="Operator values: (UID=185, GID=0, valuesFile='/files/operator-pod-security-context-non-root-user-values.yaml') and Platform values: (UID=10000, GID=0, valuesFile='/files/platform-pod-security-context-non-root-user-with-tracing-extension-values.yaml')" classname="com.hivemq.helmcharts.securitycontext.HelmPodSecurityContextUpgradeExtensionIT" time="174.214"/>
</testsuite>
