<?xml version="1.0" encoding="UTF-8"?>
<testsuite name="com.hivemq.helmcharts.services.HelmRestApiIT" tests="4" skipped="0" failures="0" errors="0" timestamp="2025-09-22T09:45:22" hostname="runnervmf4ws1" time="364.183">
  <properties/>
  <testcase name="platformChart_whenAuthEnabled_thenCallsEndpoint()" classname="com.hivemq.helmcharts.services.HelmRestApiIT" time="101.183"/>
  <testcase name="platformChart_withTlsEnabled_thenCallsEndpoint()" classname="com.hivemq.helmcharts.services.HelmRestApiIT" time="90.903"/>
  <testcase name="platformChart_withCustomServiceName_thenCallsEndpoint()" classname="com.hivemq.helmcharts.services.HelmRestApiIT" time="85.467"/>
  <testcase name="platformChart_whenRestApiEnabled_thenCallsEndpoint()" classname="com.hivemq.helmcharts.services.HelmRestApiIT" time="86.63"/>
</testsuite>
