<?xml version="1.0" encoding="UTF-8"?>
<testsuite name="com.hivemq.helmcharts.extensions.HelmCustomExtensionIT" tests="3" skipped="0" failures="0" errors="0" timestamp="2025-03-08T16:51:33" hostname="fv-az1341-899" time="319.715">
  <properties/>
  <testcase name="platformChart_whenCustomExtensionIsConfigured_withHttpBasicAuth_thenStartsUpSuccessfully()" classname="com.hivemq.helmcharts.extensions.HelmCustomExtensionIT" time="106.292"/>
  <testcase name="platformChart_whenCustomExtensionIsConfigured_withHttp_thenStartsUpSuccessfully()" classname="com.hivemq.helmcharts.extensions.HelmCustomExtensionIT" time="108.964"/>
  <testcase name="platformChart_whenCustomExtensionIsConfigured_withHttps_thenStartsUpSuccessfully()" classname="com.hivemq.helmcharts.extensions.HelmCustomExtensionIT" time="104.459"/>
</testsuite>
