<?xml version="1.0" encoding="UTF-8"?>
<testsuite name="com.hivemq.helmcharts.monitoring.HelmMonitoringPlatformIT" tests="1" skipped="0" failures="0" errors="0" timestamp="2025-01-29T13:58:25" hostname="fv-az1376-582" time="223.166">
  <properties/>
  <testcase name="withPlatformMonitoringEnabled_metricsAndDashboardAvailable()" classname="com.hivemq.helmcharts.monitoring.HelmMonitoringPlatformIT" time="223.166">
    <system-out><![CDATA[2025-01-29 13:58:25,376 INFO c.h.h.t.HelmChartContainer - Creating namespace 'helmmonitoringplatformit-operator'...
2025-01-29 13:58:25,385 INFO c.h.h.t.HelmChartContainer - Namespace 'helmmonitoringplatformit-operator' created
2025-01-29 13:58:25,385 INFO c.h.h.t.HelmChartContainer - Creating namespace 'helmmonitoringplatformit'...
2025-01-29 13:58:25,392 INFO c.h.h.t.HelmChartContainer - Namespace 'helmmonitoringplatformit' created
2025-01-29 13:58:25,456 DEBUG c.h.h.t.HelmChartContainer - Executing helm command: /bin/helm --kubeconfig /etc/rancher/k3s/k3s.yaml install test-hivemq-platform-operator /charts/hivemq-platform-operator --wait --timeout 5m0s --set image.repository=docker.io/hivemq --set image.name=hivemq-platform-operator-test --set image.initImageName=hivemq-platform-operator-init-test --set image.tag=snapshot --set image.pullPolicy=Never --set logLevel=DEBUG --set resources.cpu=512m --namespace helmmonitoringplatformit-operator
2025-01-29 13:58:25,750 INFO c.h.h.t.HelmChartContainer - [K3S] [alloc.go:330] "allocated clusterIPs" service="helmmonitoringplatformit-operator/hivemq-platform-operator-test-hivemq-platform-operator" clusterIPs={"IPv4":"10.43.24.49"}
2025-01-29 13:58:25,762 INFO c.h.h.t.HelmChartContainer - [EVENT] Normal [ScalingReplicaSet] Scaled up replica set hivemq-test-hivemq-platform-operator-6966f96d65 from 0 to 1 [helmmonitoringplatformit-operator:hivemq-test-hivemq-platform-operator]
2025-01-29 13:58:25,769 INFO c.h.h.t.HelmChartContainer - [POD] hivemq-test-hivemq-platform-operator-6966f96d65-wkn4n [4223238d-4e50-4a7f-be86-a084a97b8e25] in helmmonitoringplatformit-operator was ADDED
2025-01-29 13:58:25,777 INFO c.h.h.t.HelmChartContainer - [EVENT] Normal [SuccessfulCreate] Created pod: hivemq-test-hivemq-platform-operator-6966f96d65-wkn4n [helmmonitoringplatformit-operator:hivemq-test-hivemq-platform-operator-6966f96d65]
2025-01-29 13:58:25,777 INFO c.h.h.t.HelmChartContainer - [POD] hivemq-test-hivemq-platform-operator-6966f96d65-wkn4n [4223238d-4e50-4a7f-be86-a084a97b8e25] in helmmonitoringplatformit-operator was MODIFIED
2025-01-29 13:58:25,778 INFO c.h.h.t.HelmChartContainer - [K3S] [memory_manager.go:355] "RemoveStaleState removing state" podUID="ec9cf77f-a3d7-4d06-a89e-12008eb7b738" containerName="hivemq-platform-operator"
2025-01-29 13:58:25,779 INFO c.h.h.t.HelmChartContainer - [K3S] [replica_set.go:679] "Finished syncing" kind="ReplicaSet" key="helmmonitoringplatformit-operator/hivemq-test-hivemq-platform-operator-6966f96d65" duration="17.019754ms"
2025-01-29 13:58:25,779 INFO c.h.h.t.HelmChartContainer - [K3S] [memory_manager.go:355] "RemoveStaleState removing state" podUID="17b3042e-1f3b-434c-8d3e-9e27c3796afd" containerName="hivemq"
2025-01-29 13:58:25,780 INFO c.h.h.t.HelmChartContainer - [EVENT] Normal [Scheduled] Successfully assigned helmmonitoringplatformit-operator/hivemq-test-hivemq-platform-operator-6966f96d65-wkn4n to 5da5100ee944 [helmmonitoringplatformit-operator:hivemq-test-hivemq-platform-operator-6966f96d65-wkn4n]
2025-01-29 13:58:25,793 INFO c.h.h.t.HelmChartContainer - [POD] hivemq-test-hivemq-platform-operator-6966f96d65-wkn4n [4223238d-4e50-4a7f-be86-a084a97b8e25] in helmmonitoringplatformit-operator was MODIFIED
2025-01-29 13:58:25,794 INFO c.h.h.t.HelmChartContainer - [K3S] [replica_set.go:679] "Finished syncing" kind="ReplicaSet" key="helmmonitoringplatformit-operator/hivemq-test-hivemq-platform-operator-6966f96d65" duration="17.668069ms"
2025-01-29 13:58:25,795 INFO c.h.h.t.HelmChartContainer - [K3S] [replica_set.go:679] "Finished syncing" kind="ReplicaSet" key="helmmonitoringplatformit-operator/hivemq-test-hivemq-platform-operator-6966f96d65" duration="36.208µs"
2025-01-29 13:58:25,884 INFO c.h.h.t.HelmChartContainer - [K3S] [reconciler_common.go:251] "operationExecutor.VerifyControllerAttachedVolume started for volume \"kube-api-access-64m7h\" (UniqueName: \"kubernetes.io/projected/4223238d-4e50-4a7f-be86-a084a97b8e25-kube-api-access-64m7h\") pod \"hivemq-test-hivemq-platform-operator-6966f96d65-wkn4n\" (UID: \"4223238d-4e50-4a7f-be86-a084a97b8e25\") " pod="helmmonitoringplatformit-operator/hivemq-test-hivemq-platform-operator-6966f96d65-wkn4n"
2025-01-29 13:58:26,169 INFO c.h.h.t.HelmChartContainer - [EVENT] Normal [Pulled] Container image "docker.io/hivemq/hivemq-platform-operator-test:snapshot" already present on machine [helmmonitoringplatformit-operator:hivemq-test-hivemq-platform-operator-6966f96d65-wkn4n]
2025-01-29 13:58:26,169 INFO c.h.h.t.HelmChartContainer - Received Pulled event for container hivemq-platform-operator in pod hivemq-test-hivemq-platform-operator-6966f96d65-wkn4n [4223238d-4e50-4a7f-be86-a084a97b8e25]
2025-01-29 13:58:27,405 INFO c.h.h.t.HelmChartContainer - [EVENT] Normal [Created] Created container: hivemq-platform-operator [helmmonitoringplatformit-operator:hivemq-test-hivemq-platform-operator-6966f96d65-wkn4n]
2025-01-29 13:58:27,405 INFO c.h.h.t.HelmChartContainer - Received Created event for container hivemq-platform-operator in pod hivemq-test-hivemq-platform-operator-6966f96d65-wkn4n [4223238d-4e50-4a7f-be86-a084a97b8e25]
2025-01-29 13:58:27,574 INFO c.h.h.t.HelmChartContainer - [POD] hivemq-test-hivemq-platform-operator-6966f96d65-wkn4n [4223238d-4e50-4a7f-be86-a084a97b8e25] in helmmonitoringplatformit-operator was MODIFIED
2025-01-29 13:58:27,576 INFO c.h.h.t.HelmChartContainer - [K3S] [replica_set.go:679] "Finished syncing" kind="ReplicaSet" key="helmmonitoringplatformit-operator/hivemq-test-hivemq-platform-operator-6966f96d65" duration="39.994µs"
2025-01-29 13:58:27,584 INFO c.h.h.t.HelmChartContainer - [EVENT] Normal [Started] Started container hivemq-platform-operator [helmmonitoringplatformit-operator:hivemq-test-hivemq-platform-operator-6966f96d65-wkn4n]
2025-01-29 13:58:27,584 INFO c.h.h.t.HelmChartContainer - Received Started event for container hivemq-platform-operator in pod hivemq-test-hivemq-platform-operator-6966f96d65-wkn4n [4223238d-4e50-4a7f-be86-a084a97b8e25]
2025-01-29 13:58:27,584 INFO c.h.h.t.HelmChartContainer - Started log watcher for hivemq-platform-operator in pod hivemq-test-hivemq-platform-operator-6966f96d65-wkn4n [4223238d-4e50-4a7f-be86-a084a97b8e25]
2025-01-29 13:58:27,584 INFO c.h.h.t.HelmChartContainer - [hivemq-test-hivemq-platform] [hivemq-platform-operator] [4223238d] -------------------------------------------------------------------------
2025-01-29 13:58:27,585 INFO c.h.h.t.HelmChartContainer - [hivemq-test-hivemq-platform] [hivemq-platform-operator] [4223238d] 
2025-01-29 13:58:27,585 INFO c.h.h.t.HelmChartContainer - [hivemq-test-hivemq-platform] [hivemq-platform-operator] [4223238d]                   _    _  _              __  __   ____
2025-01-29 13:58:27,585 INFO c.h.h.t.HelmChartContainer - [hivemq-test-hivemq-platform] [hivemq-platform-operator] [4223238d]                  | |  | |(_)            |  \/  | / __ \
2025-01-29 13:58:27,585 INFO c.h.h.t.HelmChartContainer - [hivemq-test-hivemq-platform] [hivemq-platform-operator] [4223238d]                  | |__| | _ __   __ ___ | \  / || |  | |
2025-01-29 13:58:27,585 INFO c.h.h.t.HelmChartContainer - [hivemq-test-hivemq-platform] [hivemq-platform-operator] [4223238d]                  |  __  || |\ \ / // _ \| |\/| || |  | |
2025-01-29 13:58:27,585 INFO c.h.h.t.HelmChartContainer - [hivemq-test-hivemq-platform] [hivemq-platform-operator] [4223238d]                  | |  | || | \ V /|  __/| |  | || |__| |
2025-01-29 13:58:27,585 INFO c.h.h.t.HelmChartContainer - [hivemq-test-hivemq-platform] [hivemq-platform-operator] [4223238d]                  |_|  |_||_|  \_/  \___||_|  |_| \___\_\
2025-01-29 13:58:27,585 INFO c.h.h.t.HelmChartContainer - [hivemq-test-hivemq-platform] [hivemq-platform-operator] [4223238d] 
2025-01-29 13:58:27,585 INFO c.h.h.t.HelmChartContainer - [hivemq-test-hivemq-platform] [hivemq-platform-operator] [4223238d] -------------------------------------------------------------------------
2025-01-29 13:58:27,585 INFO c.h.h.t.HelmChartContainer - [hivemq-test-hivemq-platform] [hivemq-platform-operator] [4223238d] 
2025-01-29 13:58:27,585 INFO c.h.h.t.HelmChartContainer - [hivemq-test-hivemq-platform] [hivemq-platform-operator] [4223238d]   HiveMQ Platform Operator Start Script v1.0
2025-01-29 13:58:27,585 INFO c.h.h.t.HelmChartContainer - [hivemq-test-hivemq-platform] [hivemq-platform-operator] [4223238d] 
2025-01-29 13:58:27,585 INFO c.h.h.t.HelmChartContainer - [hivemq-test-hivemq-platform] [hivemq-platform-operator] [4223238d] -------------------------------------------------------------------------
2025-01-29 13:58:27,585 INFO c.h.h.t.HelmChartContainer - [hivemq-test-hivemq-platform] [hivemq-platform-operator] [4223238d] 
2025-01-29 13:58:27,585 INFO c.h.h.t.HelmChartContainer - [hivemq-test-hivemq-platform] [hivemq-platform-operator] [4223238d]   JAVA_OPTS: -XX:+UnlockExperimentalVMOptions -XX:InitialRAMPercentage=75 -XX:MaxRAMPercentage=75 -Duser.language=en -Duser.region=US
2025-01-29 13:58:27,585 INFO c.h.h.t.HelmChartContainer - [hivemq-test-hivemq-platform] [hivemq-platform-operator] [4223238d] 
2025-01-29 13:58:27,585 INFO c.h.h.t.HelmChartContainer - [hivemq-test-hivemq-platform] [hivemq-platform-operator] [4223238d]   JAVA_VERSION: 21
2025-01-29 13:58:27,585 INFO c.h.h.t.HelmChartContainer - [hivemq-test-hivemq-platform] [hivemq-platform-operator] [4223238d] 
2025-01-29 13:58:27,585 INFO c.h.h.t.HelmChartContainer - [hivemq-test-hivemq-platform] [hivemq-platform-operator] [4223238d] -------------------------------------------------------------------------
2025-01-29 13:58:27,585 INFO c.h.h.t.HelmChartContainer - [hivemq-test-hivemq-platform] [hivemq-platform-operator] [4223238d] 
2025-01-29 13:58:30,640 INFO c.h.h.t.HelmChartContainer - [hivemq-test-hivemq-platform] [hivemq-platform-operator] [4223238d] 13:58:30.638 [main] DEBUG org.jboss.logging - Logging Provider: org.jboss.logging.Slf4jLoggerProvider
2025-01-29 13:58:30,745 INFO c.h.h.t.HelmChartContainer - [hivemq-test-hivemq-platform] [hivemq-platform-operator] [4223238d] 13:58:30.744 [main] DEBUG io.smallrye.config - SRCFG01006: Loaded ConfigSource SysPropConfigSource with ordinal 400
2025-01-29 13:58:30,746 INFO c.h.h.t.HelmChartContainer - [hivemq-test-hivemq-platform] [hivemq-platform-operator] [4223238d] 13:58:30.745 [main] DEBUG io.smallrye.config - SRCFG01006: Loaded ConfigSource EnvConfigSource with ordinal 300
2025-01-29 13:58:30,746 INFO c.h.h.t.HelmChartContainer - [hivemq-test-hivemq-platform] [hivemq-platform-operator] [4223238d] 13:58:30.745 [main] DEBUG io.smallrye.config - SRCFG01006: Loaded ConfigSource PropertiesConfigSource[source=jar:file:///opt/hivemq-platform-operator/bin/hivemq-platform-operator.jar!/hivemq-platform-operator.properties] with ordinal 100
2025-01-29 13:58:30,746 INFO c.h.h.t.HelmChartContainer - [hivemq-test-hivemq-platform] [hivemq-platform-operator] [4223238d] 13:58:30.745 [main] DEBUG io.smallrye.config - SRCFG01006: Loaded ConfigSource DefaultValuesConfigSource with ordinal -2147483648
2025-01-29 13:58:30,849 INFO c.h.h.t.HelmChartContainer - [hivemq-test-hivemq-platform] [hivemq-platform-operator] [4223238d] 13:58:30.848 [main] DEBUG i.m.c.u.i.l.InternalLoggerFactory - Using SLF4J as the default logging framework
2025-01-29 13:58:31,034 INFO c.h.h.t.HelmChartContainer - [hivemq-test-hivemq-platform] [hivemq-platform-operator] [4223238d] 13:58:30.944 [main] INFO  c.h.p.o.HiveMQPlatformOperatorApplication - HiveMQ Platform Operator 1.7.0-SNAPSHOT (commit: bebf408 on branch: HEAD) built on Sun Jan 26 20:47:47 UTC 2025
2025-01-29 13:58:31,036 INFO c.h.h.t.HelmChartContainer - [hivemq-test-hivemq-platform] [hivemq-platform-operator] [4223238d] 13:58:31.033 [main] INFO  c.h.p.o.HiveMQPlatformOperatorApplication - HiveMQ Platform Operator is running in namespace: helmmonitoringplatformit-operator
2025-01-29 13:58:31,036 INFO c.h.h.t.HelmChartContainer - [hivemq-test-hivemq-platform] [hivemq-platform-operator] [4223238d] 13:58:31.033 [main] INFO  c.h.p.o.HiveMQPlatformOperatorApplication - Watching all namespaces
2025-01-29 13:58:31,036 INFO c.h.h.t.HelmChartContainer - [hivemq-test-hivemq-platform] [hivemq-platform-operator] [4223238d] 13:58:31.033 [main] INFO  c.h.p.o.HiveMQPlatformOperatorApplication - Log level: DEBUG
2025-01-29 13:58:31,036 INFO c.h.h.t.HelmChartContainer - [hivemq-test-hivemq-platform] [hivemq-platform-operator] [4223238d] 13:58:31.033 [main] INFO  c.h.p.o.HiveMQPlatformOperatorApplication - Release name: test-hivemq-platform-operator
2025-01-29 13:58:31,036 INFO c.h.h.t.HelmChartContainer - [hivemq-test-hivemq-platform] [hivemq-platform-operator] [4223238d] 13:58:31.033 [main] INFO  c.h.p.o.HiveMQPlatformOperatorApplication - HiveMQ Platform Operator Init image: docker.io/hivemq/hivemq-platform-operator-init-test:snapshot
2025-01-29 13:58:31,036 INFO c.h.h.t.HelmChartContainer - [hivemq-test-hivemq-platform] [hivemq-platform-operator] [4223238d] 13:58:31.033 [main] INFO  c.h.p.o.HiveMQPlatformOperatorApplication - HiveMQ Platform Operator Init App update URL: http://hivemq-platform-operator-test-hivemq-platform-operator.helmmonitoringplatformit-operator.svc:8080/initAppUpdate/hivemq-platform-operator-init-app-1.7.0-SNAPSHOT.jar
2025-01-29 13:58:31,036 INFO c.h.h.t.HelmChartContainer - [hivemq-test-hivemq-platform] [hivemq-platform-operator] [4223238d] 13:58:31.033 [main] INFO  c.h.p.o.HiveMQPlatformOperatorApplication - Additional imagePullSecret for all Platform deployments: none
2025-01-29 13:58:31,037 INFO c.h.h.t.HelmChartContainer - [hivemq-test-hivemq-platform] [hivemq-platform-operator] [4223238d] 13:58:31.033 [main] INFO  c.h.p.o.HiveMQPlatformOperatorApplication - Apply HiveMQ Platform CRD: true
2025-01-29 13:58:31,037 INFO c.h.h.t.HelmChartContainer - [hivemq-test-hivemq-platform] [hivemq-platform-operator] [4223238d] 13:58:31.033 [main] INFO  c.h.p.o.HiveMQPlatformOperatorApplication - Create Platform ServiceAccount: true
2025-01-29 13:58:31,037 INFO c.h.h.t.HelmChartContainer - [hivemq-test-hivemq-platform] [hivemq-platform-operator] [4223238d] 13:58:31.033 [main] INFO  c.h.p.o.HiveMQPlatformOperatorApplication - Create Platform ServiceAccount permissions: true
2025-01-29 13:58:31,037 INFO c.h.h.t.HelmChartContainer - [hivemq-test-hivemq-platform] [hivemq-platform-operator] [4223238d] 13:58:31.033 [main] INFO  c.h.p.o.HiveMQPlatformOperatorApplication - Validate Platform ServiceAccount: true
2025-01-29 13:58:31,037 INFO c.h.h.t.HelmChartContainer - [hivemq-test-hivemq-platform] [hivemq-platform-operator] [4223238d] 13:58:31.034 [main] INFO  c.h.p.o.HiveMQPlatformOperatorApplication - Validate Platform ServiceAccount permissions: true
2025-01-29 13:58:31,148 INFO c.h.h.t.HelmChartContainer - [hivemq-test-hivemq-platform] [hivemq-platform-operator] [4223238d] 13:58:31.147 [main] INFO  c.h.platform.operator.util.CRDUtil - Verifying deployed HiveMQ Platform CRD...
2025-01-29 13:58:33,536 INFO c.h.h.t.HelmChartContainer - [hivemq-test-hivemq-platform] [hivemq-platform-operator] [4223238d] 13:58:33.535 [main] DEBUG c.h.platform.operator.util.CRDUtil - HiveMQ Platform CRD version v1 is up to date
2025-01-29 13:58:33,536 INFO c.h.h.t.HelmChartContainer - [hivemq-test-hivemq-platform] [hivemq-platform-operator] [4223238d] 13:58:33.535 [main] INFO  c.h.platform.operator.util.CRDUtil - HiveMQ Platform CRD is up to date (version: V1_6_0)
2025-01-29 13:58:33,536 INFO c.h.h.t.HelmChartContainer - [hivemq-test-hivemq-platform] [hivemq-platform-operator] [4223238d] 13:58:33.535 [main] INFO  c.h.platform.operator.util.CRDUtil - Waiting 10000 ms for HiveMQ Platform CRD 'hivemq-platforms.hivemq.com' to become ready...
2025-01-29 13:58:33,791 INFO c.h.h.t.HelmChartContainer - [hivemq-test-hivemq-platform] [hivemq-platform-operator] [4223238d] 13:58:33.790 [vert.x-eventloop-thread-1] DEBUG c.h.platform.operator.util.CRDUtil - Checking CRD condition 'NamesAccepted' (status: 'True')
2025-01-29 13:58:33,792 INFO c.h.h.t.HelmChartContainer - [hivemq-test-hivemq-platform] [hivemq-platform-operator] [4223238d] 13:58:33.791 [vert.x-eventloop-thread-1] DEBUG c.h.platform.operator.util.CRDUtil - Checking CRD condition 'Established' (status: 'True')
2025-01-29 13:58:33,828 INFO c.h.h.t.HelmChartContainer - [hivemq-test-hivemq-platform] [hivemq-platform-operator] [4223238d] 13:58:33.827 [main] INFO  c.h.platform.operator.util.CRDUtil - HiveMQ Platform CRD 'hivemq-platforms.hivemq.com' is ready
2025-01-29 13:58:33,934 INFO c.h.h.t.HelmChartContainer - [hivemq-test-hivemq-platform] [hivemq-platform-operator] [4223238d] 13:58:33.933 [main] INFO  c.h.p.o.HiveMQPlatformReconciler - HiveMQ Platform Operator is starting...
2025-01-29 13:58:34,031 INFO c.h.h.t.HelmChartContainer - [hivemq-test-hivemq-platform] [hivemq-platform-operator] [4223238d] 13:58:34.030 [main] WARN  Default ConfigurationService implementation - Configuration for reconciler 'hivemq-controller' was not found. Known reconcilers: None.
2025-01-29 13:58:34,038 INFO c.h.h.t.HelmChartContainer - [hivemq-test-hivemq-platform] [hivemq-platform-operator] [4223238d] 13:58:34.037 [main] INFO  Default ConfigurationService implementation - Created configuration for reconciler com.hivemq.platform.operator.HiveMQPlatformReconciler with name hivemq-controller
2025-01-29 13:58:34,139 INFO c.h.h.t.HelmChartContainer - [hivemq-test-hivemq-platform] [hivemq-platform-operator] [4223238d] 13:58:34.138 [main] DEBUG c.h.p.o.HiveMQPlatformReconciler - HiveMQ Platform Operator is preparing EventSources
2025-01-29 13:58:34,150 INFO c.h.h.t.HelmChartContainer - [hivemq-test-hivemq-platform] [hivemq-platform-operator] [4223238d] 13:58:34.149 [main] INFO  i.javaoperatorsdk.operator.Operator - Registered reconciler: 'hivemq-controller' for resource: 'class com.hivemq.platform.operator.v1.HiveMQPlatform' for namespace(s): [all namespaces]
2025-01-29 13:58:34,689 INFO c.h.h.t.HelmChartContainer - [hivemq-test-hivemq-platform] [hivemq-platform-operator] [4223238d] 13:58:34.688 [main] INFO  c.h.p.operator.webserver.JettyServer - Starting Jetty server on port 8080
2025-01-29 13:58:34,744 INFO c.h.h.t.HelmChartContainer - [hivemq-test-hivemq-platform] [hivemq-platform-operator] [4223238d] 13:58:34.743 [main] INFO  i.javaoperatorsdk.operator.Operator - Operator SDK 4.9.7 (commit: 2133d28) built on Wed Nov 20 12:56:20 UTC 2024 starting...
2025-01-29 13:58:34,744 INFO c.h.h.t.HelmChartContainer - [hivemq-test-hivemq-platform] [hivemq-platform-operator] [4223238d] 13:58:34.743 [main] INFO  i.javaoperatorsdk.operator.Operator - Client version: 6.13.4
2025-01-29 13:58:34,746 INFO c.h.h.t.HelmChartContainer - [hivemq-test-hivemq-platform] [hivemq-platform-operator] [4223238d] 13:58:34.745 [Controller Starter for: hivemq-controller] INFO  i.j.operator.processing.Controller - Starting 'hivemq-controller' controller for reconciler: com.hivemq.platform.operator.HiveMQPlatformReconciler, resource: com.hivemq.platform.operator.v1.HiveMQPlatform
2025-01-29 13:58:37,041 INFO c.h.h.t.HelmChartContainer - [hivemq-test-hivemq-platform] [hivemq-platform-operator] [4223238d] 13:58:37.039 [Controller Starter for: hivemq-controller] INFO  i.j.operator.processing.Controller - 'hivemq-controller' controller started
2025-01-29 13:58:37,041 INFO c.h.h.t.HelmChartContainer - [hivemq-test-hivemq-platform] [hivemq-platform-operator] [4223238d] 13:58:37.039 [main] INFO  c.h.p.o.HiveMQPlatformOperatorApplication - HiveMQ Platform Operator 1.7.0-SNAPSHOT started in 6095 ms
2025-01-29 13:58:38,577 INFO c.h.h.t.HelmChartContainer - [POD] hivemq-test-hivemq-platform-operator-6966f96d65-wkn4n [4223238d-4e50-4a7f-be86-a084a97b8e25] in helmmonitoringplatformit-operator was MODIFIED
2025-01-29 13:58:38,582 INFO c.h.h.t.HelmChartContainer - [K3S] [replica_set.go:679] "Finished syncing" kind="ReplicaSet" key="helmmonitoringplatformit-operator/hivemq-test-hivemq-platform-operator-6966f96d65" duration="6.211712ms"
2025-01-29 13:58:38,585 INFO c.h.h.t.HelmChartContainer - [K3S] [replica_set.go:679] "Finished syncing" kind="ReplicaSet" key="helmmonitoringplatformit-operator/hivemq-test-hivemq-platform-operator-6966f96d65" duration="36.738µs"
2025-01-29 13:58:40,080 DEBUG c.h.h.t.HelmChartContainer - Executing helm command: /bin/helm --kubeconfig /etc/rancher/k3s/k3s.yaml repo add prometheus-community https://prometheus-community.github.io/helm-charts
2025-01-29 13:58:40,634 DEBUG c.h.h.t.HelmChartContainer - Executing helm command: /bin/helm --kubeconfig /etc/rancher/k3s/k3s.yaml install monitoring-stack prometheus-community/kube-prometheus-stack --wait --timeout 5m0s --set prometheus-node-exporter.hostRootFsMount.enabled=false -n monitoring --create-namespace
2025-01-29 13:58:47,647 INFO c.h.h.t.HelmChartContainer - [K3S] [job_controller.go:598] "enqueueing job" key="monitoring/monitoring-stack-kube-prom-admission-create" delay="0s"
2025-01-29 13:58:47,663 INFO c.h.h.t.HelmChartContainer - [K3S] [job_controller.go:598] "enqueueing job" key="monitoring/monitoring-stack-kube-prom-admission-create" delay="1s"
2025-01-29 13:58:47,670 INFO c.h.h.t.HelmChartContainer - [POD] monitoring-stack-kube-prom-admission-create-k2wms [55e9f535-bc00-45e4-9ac7-56d294f66572] in monitoring was ADDED
2025-01-29 13:58:47,686 INFO c.h.h.t.HelmChartContainer - [K3S] [job_controller.go:598] "enqueueing job" key="monitoring/monitoring-stack-kube-prom-admission-create" delay="1s"
2025-01-29 13:58:47,688 INFO c.h.h.t.HelmChartContainer - [K3S] [reflector.go:569] object-"monitoring"/"kube-root-ca.crt": failed to list *v1.ConfigMap: configmaps "kube-root-ca.crt" is forbidden: User "system:node:5da5100ee944" cannot list resource "configmaps" in API group "" in the namespace "monitoring": no relationship found between node '5da5100ee944' and this object
2025-01-29 13:58:47,689 INFO c.h.h.t.HelmChartContainer - [K3S] [reflector.go:166] "Unhandled Error" err="object-\"monitoring\"/\"kube-root-ca.crt\": Failed to watch *v1.ConfigMap: failed to list *v1.ConfigMap: configmaps \"kube-root-ca.crt\" is forbidden: User \"system:node:5da5100ee944\" cannot list resource \"configmaps\" in API group \"\" in the namespace \"monitoring\": no relationship found between node '5da5100ee944' and this object"
2025-01-29 13:58:47,689 INFO c.h.h.t.HelmChartContainer - [K3S] [status_manager.go:890] "Failed to get status for pod" podUID="55e9f535-bc00-45e4-9ac7-56d294f66572" pod="monitoring/monitoring-stack-kube-prom-admission-create-k2wms" err="pods \"monitoring-stack-kube-prom-admission-create-k2wms\" is forbidden: User \"system:node:5da5100ee944\" cannot get resource \"pods\" in API group \"\" in the namespace \"monitoring\": no relationship found between node '5da5100ee944' and this object"
2025-01-29 13:58:47,693 INFO c.h.h.t.HelmChartContainer - [K3S] [job_controller.go:598] "enqueueing job" key="monitoring/monitoring-stack-kube-prom-admission-create" delay="1s"
2025-01-29 13:58:47,694 INFO c.h.h.t.HelmChartContainer - [EVENT] Normal [SuccessfulCreate] Created pod: monitoring-stack-kube-prom-admission-create-k2wms [monitoring:monitoring-stack-kube-prom-admission-create]
2025-01-29 13:58:47,694 INFO c.h.h.t.HelmChartContainer - [POD] monitoring-stack-kube-prom-admission-create-k2wms [55e9f535-bc00-45e4-9ac7-56d294f66572] in monitoring was MODIFIED
2025-01-29 13:58:47,700 INFO c.h.h.t.HelmChartContainer - [EVENT] Normal [Scheduled] Successfully assigned monitoring/monitoring-stack-kube-prom-admission-create-k2wms to 5da5100ee944 [monitoring:monitoring-stack-kube-prom-admission-create-k2wms]
2025-01-29 13:58:47,768 INFO c.h.h.t.HelmChartContainer - [K3S] [reconciler_common.go:251] "operationExecutor.VerifyControllerAttachedVolume started for volume \"kube-api-access-hj67l\" (UniqueName: \"kubernetes.io/projected/55e9f535-bc00-45e4-9ac7-56d294f66572-kube-api-access-hj67l\") pod \"monitoring-stack-kube-prom-admission-create-k2wms\" (UID: \"55e9f535-bc00-45e4-9ac7-56d294f66572\") " pod="monitoring/monitoring-stack-kube-prom-admission-create-k2wms"
2025-01-29 13:58:48,874 INFO c.h.h.t.HelmChartContainer - [K3S] [projected.go:288] Couldn't get configMap monitoring/kube-root-ca.crt: failed to sync configmap cache: timed out waiting for the condition
2025-01-29 13:58:48,874 INFO c.h.h.t.HelmChartContainer - [K3S] [projected.go:194] Error preparing data for projected volume kube-api-access-hj67l for pod monitoring/monitoring-stack-kube-prom-admission-create-k2wms: failed to sync configmap cache: timed out waiting for the condition
2025-01-29 13:58:48,874 INFO c.h.h.t.HelmChartContainer - [K3S] [nestedpendingoperations.go:348] Operation for "{volumeName:kubernetes.io/projected/55e9f535-bc00-45e4-9ac7-56d294f66572-kube-api-access-hj67l podName:55e9f535-bc00-45e4-9ac7-56d294f66572 nodeName:}" failed. No retries permitted until 2025-01-29 13:58:49.374091968 +0000 UTC m=+248.818667835 (durationBeforeRetry 500ms). Error: MountVolume.SetUp failed for volume "kube-api-access-hj67l" (UniqueName: "kubernetes.io/projected/55e9f535-bc00-45e4-9ac7-56d294f66572-kube-api-access-hj67l") pod "monitoring-stack-kube-prom-admission-create-k2wms" (UID: "55e9f535-bc00-45e4-9ac7-56d294f66572") : failed to sync configmap cache: timed out waiting for the condition
2025-01-29 13:58:48,877 INFO c.h.h.t.HelmChartContainer - [EVENT] Warning [FailedMount] MountVolume.SetUp failed for volume "kube-api-access-hj67l" : failed to sync configmap cache: timed out waiting for the condition [monitoring:monitoring-stack-kube-prom-admission-create-k2wms]
2025-01-29 13:58:49,568 INFO c.h.h.t.HelmChartContainer - [EVENT] Normal [Pulling] Pulling image "registry.k8s.io/ingress-nginx/kube-webhook-certgen:v1.5.1" [monitoring:monitoring-stack-kube-prom-admission-create-k2wms]
2025-01-29 13:58:51,003 INFO c.h.h.t.HelmChartContainer - [EVENT] Normal [Pulled] Successfully pulled image "registry.k8s.io/ingress-nginx/kube-webhook-certgen:v1.5.1" in 1.435s (1.435s including waiting). Image size: 27079554 bytes. [monitoring:monitoring-stack-kube-prom-admission-create-k2wms]
2025-01-29 13:58:51,010 INFO c.h.h.t.HelmChartContainer - [EVENT] Normal [Created] Created container: create [monitoring:monitoring-stack-kube-prom-admission-create-k2wms]
2025-01-29 13:58:51,072 INFO c.h.h.t.HelmChartContainer - [EVENT] Normal [Started] Started container create [monitoring:monitoring-stack-kube-prom-admission-create-k2wms]
2025-01-29 13:58:51,617 INFO c.h.h.t.HelmChartContainer - [K3S] [job_controller.go:598] "enqueueing job" key="monitoring/monitoring-stack-kube-prom-admission-create" delay="1s"
2025-01-29 13:58:51,619 INFO c.h.h.t.HelmChartContainer - [POD] monitoring-stack-kube-prom-admission-create-k2wms [55e9f535-bc00-45e4-9ac7-56d294f66572] in monitoring was MODIFIED
2025-01-29 13:58:52,621 INFO c.h.h.t.HelmChartContainer - [K3S] [job_controller.go:598] "enqueueing job" key="monitoring/monitoring-stack-kube-prom-admission-create" delay="1s"
2025-01-29 13:58:52,623 INFO c.h.h.t.HelmChartContainer - [POD] monitoring-stack-kube-prom-admission-create-k2wms [55e9f535-bc00-45e4-9ac7-56d294f66572] in monitoring was MODIFIED
2025-01-29 13:58:52,624 INFO c.h.h.t.HelmChartContainer - [K3S] [job_controller.go:598] "enqueueing job" key="monitoring/monitoring-stack-kube-prom-admission-create" delay="1s"
2025-01-29 13:58:53,626 INFO c.h.h.t.HelmChartContainer - [K3S] [job_controller.go:598] "enqueueing job" key="monitoring/monitoring-stack-kube-prom-admission-create" delay="1s"
2025-01-29 13:58:53,684 INFO c.h.h.t.HelmChartContainer - [K3S] [job_controller.go:598] "enqueueing job" key="monitoring/monitoring-stack-kube-prom-admission-create" delay="1s"
2025-01-29 13:58:53,685 INFO c.h.h.t.HelmChartContainer - [POD] monitoring-stack-kube-prom-admission-create-k2wms [55e9f535-bc00-45e4-9ac7-56d294f66572] in monitoring was MODIFIED
2025-01-29 13:58:53,801 INFO c.h.h.t.HelmChartContainer - [K3S] [reconciler_common.go:162] "operationExecutor.UnmountVolume started for volume \"kube-api-access-hj67l\" (UniqueName: \"kubernetes.io/projected/55e9f535-bc00-45e4-9ac7-56d294f66572-kube-api-access-hj67l\") pod \"55e9f535-bc00-45e4-9ac7-56d294f66572\" (UID: \"55e9f535-bc00-45e4-9ac7-56d294f66572\") "
2025-01-29 13:58:53,902 INFO c.h.h.t.HelmChartContainer - [K3S] [reconciler_common.go:299] "Volume detached for volume \"kube-api-access-hj67l\" (UniqueName: \"kubernetes.io/projected/55e9f535-bc00-45e4-9ac7-56d294f66572-kube-api-access-hj67l\") on node \"5da5100ee944\" DevicePath \"\""
2025-01-29 13:58:54,617 INFO c.h.h.t.HelmChartContainer - [K3S] [pod_container_deletor.go:80] "Container not found in pod's containers" containerID="932af6b91caafc82ac5848f072a8d36f8ae76a593d3a8715215577d6ccb8b2af"
2025-01-29 13:58:54,629 INFO c.h.h.t.HelmChartContainer - [K3S] [job_controller.go:598] "enqueueing job" key="monitoring/monitoring-stack-kube-prom-admission-create" delay="1s"
2025-01-29 13:58:54,634 INFO c.h.h.t.HelmChartContainer - [K3S] [job_controller.go:598] "enqueueing job" key="monitoring/monitoring-stack-kube-prom-admission-create" delay="1s"
2025-01-29 13:58:54,635 INFO c.h.h.t.HelmChartContainer - [POD] monitoring-stack-kube-prom-admission-create-k2wms [55e9f535-bc00-45e4-9ac7-56d294f66572] in monitoring was MODIFIED
2025-01-29 13:58:54,641 INFO c.h.h.t.HelmChartContainer - [EVENT] Normal [Completed] Job completed [monitoring:monitoring-stack-kube-prom-admission-create]
2025-01-29 13:58:54,647 INFO c.h.h.t.HelmChartContainer - [K3S] [job_controller.go:598] "enqueueing job" key="monitoring/monitoring-stack-kube-prom-admission-create" delay="0s"
2025-01-29 13:58:54,654 INFO c.h.h.t.HelmChartContainer - [POD] monitoring-stack-kube-prom-admission-create-k2wms [55e9f535-bc00-45e4-9ac7-56d294f66572] in monitoring was MODIFIED
2025-01-29 13:58:54,662 INFO c.h.h.t.HelmChartContainer - [POD] monitoring-stack-kube-prom-admission-create-k2wms [55e9f535-bc00-45e4-9ac7-56d294f66572] in monitoring was DELETED
2025-01-29 13:58:54,811 INFO c.h.h.t.HelmChartContainer - [K3S] [alloc.go:330] "allocated clusterIPs" service="monitoring/monitoring-stack-kube-state-metrics" clusterIPs={"IPv4":"10.43.6.213"}
2025-01-29 13:58:54,825 INFO c.h.h.t.HelmChartContainer - [K3S] [alloc.go:330] "allocated clusterIPs" service="monitoring/monitoring-stack-grafana" clusterIPs={"IPv4":"10.43.210.12"}
2025-01-29 13:58:54,829 INFO c.h.h.t.HelmChartContainer - [K3S] [alloc.go:330] "allocated clusterIPs" service="monitoring/monitoring-stack-prometheus-node-exporter" clusterIPs={"IPv4":"10.43.86.39"}
2025-01-29 13:58:54,846 INFO c.h.h.t.HelmChartContainer - [K3S] [alloc.go:330] "allocated clusterIPs" service="monitoring/monitoring-stack-kube-prom-prometheus" clusterIPs={"IPv4":"10.43.163.78"}
2025-01-29 13:58:54,856 INFO c.h.h.t.HelmChartContainer - [K3S] [alloc.go:330] "allocated clusterIPs" service="monitoring/monitoring-stack-kube-prom-operator" clusterIPs={"IPv4":"10.43.200.237"}
2025-01-29 13:58:54,861 INFO c.h.h.t.HelmChartContainer - [K3S] [alloc.go:330] "allocated clusterIPs" service="monitoring/monitoring-stack-kube-prom-alertmanager" clusterIPs={"IPv4":"10.43.220.216"}
2025-01-29 13:58:54,923 INFO c.h.h.t.HelmChartContainer - [EVENT] Normal [ScalingReplicaSet] Scaled up replica set monitoring-stack-kube-prom-operator-d77f8fd4c from 0 to 1 [monitoring:monitoring-stack-kube-prom-operator]
2025-01-29 13:58:54,924 INFO c.h.h.t.HelmChartContainer - [POD] monitoring-stack-kube-state-metrics-5bf5c7b54d-vghpw [7e495999-9cba-485a-97d5-0ee7c57e1ad1] in monitoring was ADDED
2025-01-29 13:58:54,924 INFO c.h.h.t.HelmChartContainer - [POD] monitoring-stack-kube-prom-operator-d77f8fd4c-f7jgc [2a79befa-2c29-4ed1-a7ad-585283c7e154] in monitoring was ADDED
2025-01-29 13:58:54,942 INFO c.h.h.t.HelmChartContainer - [K3S] [replica_set.go:679] "Finished syncing" kind="ReplicaSet" key="monitoring/monitoring-stack-kube-prom-operator-d77f8fd4c" duration="41.622519ms"
2025-01-29 13:58:54,945 INFO c.h.h.t.HelmChartContainer - [POD] monitoring-stack-grafana-64c55fb967-kp7jb [7e28258c-7f2b-4d68-87fa-8950b348c584] in monitoring was ADDED
2025-01-29 13:58:54,968 INFO c.h.h.t.HelmChartContainer - [EVENT] Normal [SuccessfulCreate] Created pod: monitoring-stack-kube-state-metrics-5bf5c7b54d-vghpw [monitoring:monitoring-stack-kube-state-metrics-5bf5c7b54d]
2025-01-29 13:58:54,975 INFO c.h.h.t.HelmChartContainer - [K3S] [dispatcher.go:210] Failed calling webhook, failing open prometheusrulemutate.monitoring.coreos.com: failed calling webhook "prometheusrulemutate.monitoring.coreos.com": failed to call webhook: Post "https://monitoring-stack-kube-prom-operator.monitoring.svc:443/admission-prometheusrules/mutate?timeout=10s": no endpoints available for service "monitoring-stack-kube-prom-operator"
2025-01-29 13:58:54,975 INFO c.h.h.t.HelmChartContainer - [K3S] [dispatcher.go:214] "Unhandled Error" err="failed calling webhook \"prometheusrulemutate.monitoring.coreos.com\": failed to call webhook: Post \"https://monitoring-stack-kube-prom-operator.monitoring.svc:443/admission-prometheusrules/mutate?timeout=10s\": no endpoints available for service \"monitoring-stack-kube-prom-operator\""
2025-01-29 13:58:54,983 INFO c.h.h.t.HelmChartContainer - [K3S] [dispatcher.go:210] Failed calling webhook, failing open prometheusrulemutate.monitoring.coreos.com: failed calling webhook "prometheusrulemutate.monitoring.coreos.com": failed to call webhook: Post "https://monitoring-stack-kube-prom-operator.monitoring.svc:443/admission-prometheusrules/mutate?timeout=10s": no endpoints available for service "monitoring-stack-kube-prom-operator"
2025-01-29 13:58:54,983 INFO c.h.h.t.HelmChartContainer - [K3S] [dispatcher.go:214] "Unhandled Error" err="failed calling webhook \"prometheusrulemutate.monitoring.coreos.com\": failed to call webhook: Post \"https://monitoring-stack-kube-prom-operator.monitoring.svc:443/admission-prometheusrules/mutate?timeout=10s\": no endpoints available for service \"monitoring-stack-kube-prom-operator\""
2025-01-29 13:58:54,995 INFO c.h.h.t.HelmChartContainer - [K3S] [memory_manager.go:355] "RemoveStaleState removing state" podUID="55e9f535-bc00-45e4-9ac7-56d294f66572" containerName="create"
2025-01-29 13:58:54,998 INFO c.h.h.t.HelmChartContainer - [K3S] [dispatcher.go:210] Failed calling webhook, failing open prometheusrulemutate.monitoring.coreos.com: failed calling webhook "prometheusrulemutate.monitoring.coreos.com": failed to call webhook: Post "https://monitoring-stack-kube-prom-operator.monitoring.svc:443/admission-prometheusrules/mutate?timeout=10s": no endpoints available for service "monitoring-stack-kube-prom-operator"
2025-01-29 13:58:55,001 INFO c.h.h.t.HelmChartContainer - [K3S] [dispatcher.go:214] "Unhandled Error" err="failed calling webhook \"prometheusrulemutate.monitoring.coreos.com\": failed to call webhook: Post \"https://monitoring-stack-kube-prom-operator.monitoring.svc:443/admission-prometheusrules/mutate?timeout=10s\": no endpoints available for service \"monitoring-stack-kube-prom-operator\""
2025-01-29 13:58:55,004 INFO c.h.h.t.HelmChartContainer - [K3S] [dispatcher.go:210] Failed calling webhook, failing open prometheusrulemutate.monitoring.coreos.com: failed calling webhook "prometheusrulemutate.monitoring.coreos.com": failed to call webhook: Post "https://monitoring-stack-kube-prom-operator.monitoring.svc:443/admission-prometheusrules/mutate?timeout=10s": no endpoints available for service "monitoring-stack-kube-prom-operator"
2025-01-29 13:58:55,004 INFO c.h.h.t.HelmChartContainer - [K3S] [dispatcher.go:214] "Unhandled Error" err="failed calling webhook \"prometheusrulemutate.monitoring.coreos.com\": failed to call webhook: Post \"https://monitoring-stack-kube-prom-operator.monitoring.svc:443/admission-prometheusrules/mutate?timeout=10s\": no endpoints available for service \"monitoring-stack-kube-prom-operator\""
2025-01-29 13:58:55,006 INFO c.h.h.t.HelmChartContainer - [K3S] [dispatcher.go:210] Failed calling webhook, failing open prometheusrulemutate.monitoring.coreos.com: failed calling webhook "prometheusrulemutate.monitoring.coreos.com": failed to call webhook: Post "https://monitoring-stack-kube-prom-operator.monitoring.svc:443/admission-prometheusrules/mutate?timeout=10s": no endpoints available for service "monitoring-stack-kube-prom-operator"
2025-01-29 13:58:55,006 INFO c.h.h.t.HelmChartContainer - [K3S] [dispatcher.go:214] "Unhandled Error" err="failed calling webhook \"prometheusrulemutate.monitoring.coreos.com\": failed to call webhook: Post \"https://monitoring-stack-kube-prom-operator.monitoring.svc:443/admission-prometheusrules/mutate?timeout=10s\": no endpoints available for service \"monitoring-stack-kube-prom-operator\""
2025-01-29 13:58:55,007 INFO c.h.h.t.HelmChartContainer - [EVENT] Normal [ScalingReplicaSet] Scaled up replica set monitoring-stack-grafana-64c55fb967 from 0 to 1 [monitoring:monitoring-stack-grafana]
2025-01-29 13:58:55,007 INFO c.h.h.t.HelmChartContainer - [POD] monitoring-stack-kube-state-metrics-5bf5c7b54d-vghpw [7e495999-9cba-485a-97d5-0ee7c57e1ad1] in monitoring was MODIFIED
2025-01-29 13:58:55,007 INFO c.h.h.t.HelmChartContainer - [POD] monitoring-stack-kube-prom-operator-d77f8fd4c-f7jgc [2a79befa-2c29-4ed1-a7ad-585283c7e154] in monitoring was MODIFIED
2025-01-29 13:58:55,009 INFO c.h.h.t.HelmChartContainer - [POD] monitoring-stack-grafana-64c55fb967-kp7jb [7e28258c-7f2b-4d68-87fa-8950b348c584] in monitoring was MODIFIED
2025-01-29 13:58:55,010 INFO c.h.h.t.HelmChartContainer - [K3S] [dispatcher.go:210] Failed calling webhook, failing open prometheusrulemutate.monitoring.coreos.com: failed calling webhook "prometheusrulemutate.monitoring.coreos.com": failed to call webhook: Post "https://monitoring-stack-kube-prom-operator.monitoring.svc:443/admission-prometheusrules/mutate?timeout=10s": no endpoints available for service "monitoring-stack-kube-prom-operator"
2025-01-29 13:58:55,010 INFO c.h.h.t.HelmChartContainer - [K3S] [dispatcher.go:214] "Unhandled Error" err="failed calling webhook \"prometheusrulemutate.monitoring.coreos.com\": failed to call webhook: Post \"https://monitoring-stack-kube-prom-operator.monitoring.svc:443/admission-prometheusrules/mutate?timeout=10s\": no endpoints available for service \"monitoring-stack-kube-prom-operator\""
2025-01-29 13:58:55,011 INFO c.h.h.t.HelmChartContainer - [K3S] [dispatcher.go:210] Failed calling webhook, failing open prometheusrulemutate.monitoring.coreos.com: failed calling webhook "prometheusrulemutate.monitoring.coreos.com": failed to call webhook: Post "https://monitoring-stack-kube-prom-operator.monitoring.svc:443/admission-prometheusrules/mutate?timeout=10s": no endpoints available for service "monitoring-stack-kube-prom-operator"
2025-01-29 13:58:55,011 INFO c.h.h.t.HelmChartContainer - [K3S] [dispatcher.go:214] "Unhandled Error" err="failed calling webhook \"prometheusrulemutate.monitoring.coreos.com\": failed to call webhook: Post \"https://monitoring-stack-kube-prom-operator.monitoring.svc:443/admission-prometheusrules/mutate?timeout=10s\": no endpoints available for service \"monitoring-stack-kube-prom-operator\""
2025-01-29 13:58:55,015 INFO c.h.h.t.HelmChartContainer - [K3S] [dispatcher.go:210] Failed calling webhook, failing open prometheusrulemutate.monitoring.coreos.com: failed calling webhook "prometheusrulemutate.monitoring.coreos.com": failed to call webhook: Post "https://monitoring-stack-kube-prom-operator.monitoring.svc:443/admission-prometheusrules/mutate?timeout=10s": no endpoints available for service "monitoring-stack-kube-prom-operator"
2025-01-29 13:58:55,016 INFO c.h.h.t.HelmChartContainer - [K3S] [dispatcher.go:214] "Unhandled Error" err="failed calling webhook \"prometheusrulemutate.monitoring.coreos.com\": failed to call webhook: Post \"https://monitoring-stack-kube-prom-operator.monitoring.svc:443/admission-prometheusrules/mutate?timeout=10s\": no endpoints available for service \"monitoring-stack-kube-prom-operator\""
2025-01-29 13:58:55,025 INFO c.h.h.t.HelmChartContainer - [K3S] [replica_set.go:679] "Finished syncing" kind="ReplicaSet" key="monitoring/monitoring-stack-grafana-64c55fb967" duration="126.796165ms"
2025-01-29 13:58:55,041 INFO c.h.h.t.HelmChartContainer - [K3S] [reflector.go:569] object-"monitoring"/"monitoring-stack-kube-prom-admission": failed to list *v1.Secret: secrets "monitoring-stack-kube-prom-admission" is forbidden: User "system:node:5da5100ee944" cannot list resource "secrets" in API group "" in the namespace "monitoring": no relationship found between node '5da5100ee944' and this object
2025-01-29 13:58:55,042 INFO c.h.h.t.HelmChartContainer - [K3S] [reflector.go:166] "Unhandled Error" err="object-\"monitoring\"/\"monitoring-stack-kube-prom-admission\": Failed to watch *v1.Secret: failed to list *v1.Secret: secrets \"monitoring-stack-kube-prom-admission\" is forbidden: User \"system:node:5da5100ee944\" cannot list resource \"secrets\" in API group \"\" in the namespace \"monitoring\": no relationship found between node '5da5100ee944' and this object"
2025-01-29 13:58:55,042 INFO c.h.h.t.HelmChartContainer - [K3S] [status_manager.go:890] "Failed to get status for pod" podUID="7e28258c-7f2b-4d68-87fa-8950b348c584" pod="monitoring/monitoring-stack-grafana-64c55fb967-kp7jb" err="pods \"monitoring-stack-grafana-64c55fb967-kp7jb\" is forbidden: User \"system:node:5da5100ee944\" cannot get resource \"pods\" in API group \"\" in the namespace \"monitoring\": no relationship found between node '5da5100ee944' and this object"
2025-01-29 13:58:55,042 INFO c.h.h.t.HelmChartContainer - [K3S] [reflector.go:569] object-"monitoring"/"monitoring-stack-grafana": failed to list *v1.Secret: secrets "monitoring-stack-grafana" is forbidden: User "system:node:5da5100ee944" cannot list resource "secrets" in API group "" in the namespace "monitoring": no relationship found between node '5da5100ee944' and this object
2025-01-29 13:58:55,042 INFO c.h.h.t.HelmChartContainer - [K3S] [reflector.go:166] "Unhandled Error" err="object-\"monitoring\"/\"monitoring-stack-grafana\": Failed to watch *v1.Secret: failed to list *v1.Secret: secrets \"monitoring-stack-grafana\" is forbidden: User \"system:node:5da5100ee944\" cannot list resource \"secrets\" in API group \"\" in the namespace \"monitoring\": no relationship found between node '5da5100ee944' and this object"
2025-01-29 13:58:55,042 INFO c.h.h.t.HelmChartContainer - [K3S] [reflector.go:569] object-"monitoring"/"monitoring-stack-grafana": failed to list *v1.ConfigMap: configmaps "monitoring-stack-grafana" is forbidden: User "system:node:5da5100ee944" cannot list resource "configmaps" in API group "" in the namespace "monitoring": no relationship found between node '5da5100ee944' and this object
2025-01-29 13:58:55,042 INFO c.h.h.t.HelmChartContainer - [K3S] [reflector.go:166] "Unhandled Error" err="object-\"monitoring\"/\"monitoring-stack-grafana\": Failed to watch *v1.ConfigMap: failed to list *v1.ConfigMap: configmaps \"monitoring-stack-grafana\" is forbidden: User \"system:node:5da5100ee944\" cannot list resource \"configmaps\" in API group \"\" in the namespace \"monitoring\": no relationship found between node '5da5100ee944' and this object"
2025-01-29 13:58:55,042 INFO c.h.h.t.HelmChartContainer - [K3S] [reflector.go:569] object-"monitoring"/"monitoring-stack-grafana-config-dashboards": failed to list *v1.ConfigMap: configmaps "monitoring-stack-grafana-config-dashboards" is forbidden: User "system:node:5da5100ee944" cannot list resource "configmaps" in API group "" in the namespace "monitoring": no relationship found between node '5da5100ee944' and this object
2025-01-29 13:58:55,042 INFO c.h.h.t.HelmChartContainer - [K3S] [reflector.go:166] "Unhandled Error" err="object-\"monitoring\"/\"monitoring-stack-grafana-config-dashboards\": Failed to watch *v1.ConfigMap: failed to list *v1.ConfigMap: configmaps \"monitoring-stack-grafana-config-dashboards\" is forbidden: User \"system:node:5da5100ee944\" cannot list resource \"configmaps\" in API group \"\" in the namespace \"monitoring\": no relationship found between node '5da5100ee944' and this object"
2025-01-29 13:58:55,042 INFO c.h.h.t.HelmChartContainer - [K3S] [reflector.go:569] object-"monitoring"/"kube-root-ca.crt": failed to list *v1.ConfigMap: configmaps "kube-root-ca.crt" is forbidden: User "system:node:5da5100ee944" cannot list resource "configmaps" in API group "" in the namespace "monitoring": no relationship found between node '5da5100ee944' and this object
2025-01-29 13:58:55,042 INFO c.h.h.t.HelmChartContainer - [K3S] [reflector.go:166] "Unhandled Error" err="object-\"monitoring\"/\"kube-root-ca.crt\": Failed to watch *v1.ConfigMap: failed to list *v1.ConfigMap: configmaps \"kube-root-ca.crt\" is forbidden: User \"system:node:5da5100ee944\" cannot list resource \"configmaps\" in API group \"\" in the namespace \"monitoring\": no relationship found between node '5da5100ee944' and this object"
2025-01-29 13:58:55,045 INFO c.h.h.t.HelmChartContainer - [K3S] [dispatcher.go:210] Failed calling webhook, failing open prometheusrulemutate.monitoring.coreos.com: failed calling webhook "prometheusrulemutate.monitoring.coreos.com": failed to call webhook: Post "https://monitoring-stack-kube-prom-operator.monitoring.svc:443/admission-prometheusrules/mutate?timeout=10s": no endpoints available for service "monitoring-stack-kube-prom-operator"
2025-01-29 13:58:55,046 INFO c.h.h.t.HelmChartContainer - [K3S] [dispatcher.go:214] "Unhandled Error" err="failed calling webhook \"prometheusrulemutate.monitoring.coreos.com\": failed to call webhook: Post \"https://monitoring-stack-kube-prom-operator.monitoring.svc:443/admission-prometheusrules/mutate?timeout=10s\": no endpoints available for service \"monitoring-stack-kube-prom-operator\""
2025-01-29 13:58:55,046 INFO c.h.h.t.HelmChartContainer - [K3S] [dispatcher.go:210] Failed calling webhook, failing open prometheusrulemutate.monitoring.coreos.com: failed calling webhook "prometheusrulemutate.monitoring.coreos.com": failed to call webhook: Post "https://monitoring-stack-kube-prom-operator.monitoring.svc:443/admission-prometheusrules/mutate?timeout=10s": no endpoints available for service "monitoring-stack-kube-prom-operator"
2025-01-29 13:58:55,046 INFO c.h.h.t.HelmChartContainer - [K3S] [dispatcher.go:214] "Unhandled Error" err="failed calling webhook \"prometheusrulemutate.monitoring.coreos.com\": failed to call webhook: Post \"https://monitoring-stack-kube-prom-operator.monitoring.svc:443/admission-prometheusrules/mutate?timeout=10s\": no endpoints available for service \"monitoring-stack-kube-prom-operator\""
2025-01-29 13:58:55,051 INFO c.h.h.t.HelmChartContainer - [K3S] [dispatcher.go:210] Failed calling webhook, failing open prometheusrulemutate.monitoring.coreos.com: failed calling webhook "prometheusrulemutate.monitoring.coreos.com": failed to call webhook: Post "https://monitoring-stack-kube-prom-operator.monitoring.svc:443/admission-prometheusrules/mutate?timeout=10s": no endpoints available for service "monitoring-stack-kube-prom-operator"
2025-01-29 13:58:55,051 INFO c.h.h.t.HelmChartContainer - [K3S] [dispatcher.go:214] "Unhandled Error" err="failed calling webhook \"prometheusrulemutate.monitoring.coreos.com\": failed to call webhook: Post \"https://monitoring-stack-kube-prom-operator.monitoring.svc:443/admission-prometheusrules/mutate?timeout=10s\": no endpoints available for service \"monitoring-stack-kube-prom-operator\""
2025-01-29 13:58:55,051 INFO c.h.h.t.HelmChartContainer - [K3S] [replica_set.go:679] "Finished syncing" kind="ReplicaSet" key="monitoring/monitoring-stack-kube-state-metrics-5bf5c7b54d" duration="152.165736ms"
2025-01-29 13:58:55,052 INFO c.h.h.t.HelmChartContainer - [EVENT] Normal [Scheduled] Successfully assigned monitoring/monitoring-stack-kube-state-metrics-5bf5c7b54d-vghpw to 5da5100ee944 [monitoring:monitoring-stack-kube-state-metrics-5bf5c7b54d-vghpw]
2025-01-29 13:58:55,052 INFO c.h.h.t.HelmChartContainer - [EVENT] Normal [Scheduled] Successfully assigned monitoring/monitoring-stack-kube-prom-operator-d77f8fd4c-f7jgc to 5da5100ee944 [monitoring:monitoring-stack-kube-prom-operator-d77f8fd4c-f7jgc]
2025-01-29 13:58:55,053 INFO c.h.h.t.HelmChartContainer - [K3S] [dispatcher.go:210] Failed calling webhook, failing open prometheusrulemutate.monitoring.coreos.com: failed calling webhook "prometheusrulemutate.monitoring.coreos.com": failed to call webhook: Post "https://monitoring-stack-kube-prom-operator.monitoring.svc:443/admission-prometheusrules/mutate?timeout=10s": no endpoints available for service "monitoring-stack-kube-prom-operator"
2025-01-29 13:58:55,053 INFO c.h.h.t.HelmChartContainer - [K3S] [dispatcher.go:214] "Unhandled Error" err="failed calling webhook \"prometheusrulemutate.monitoring.coreos.com\": failed to call webhook: Post \"https://monitoring-stack-kube-prom-operator.monitoring.svc:443/admission-prometheusrules/mutate?timeout=10s\": no endpoints available for service \"monitoring-stack-kube-prom-operator\""
2025-01-29 13:58:55,054 INFO c.h.h.t.HelmChartContainer - [K3S] [dispatcher.go:210] Failed calling webhook, failing open prometheusrulemutate.monitoring.coreos.com: failed calling webhook "prometheusrulemutate.monitoring.coreos.com": failed to call webhook: Post "https://monitoring-stack-kube-prom-operator.monitoring.svc:443/admission-prometheusrules/mutate?timeout=10s": no endpoints available for service "monitoring-stack-kube-prom-operator"
2025-01-29 13:58:55,054 INFO c.h.h.t.HelmChartContainer - [K3S] [dispatcher.go:214] "Unhandled Error" err="failed calling webhook \"prometheusrulemutate.monitoring.coreos.com\": failed to call webhook: Post \"https://monitoring-stack-kube-prom-operator.monitoring.svc:443/admission-prometheusrules/mutate?timeout=10s\": no endpoints available for service \"monitoring-stack-kube-prom-operator\""
2025-01-29 13:58:55,056 INFO c.h.h.t.HelmChartContainer - [K3S] [dispatcher.go:210] Failed calling webhook, failing open prometheusrulemutate.monitoring.coreos.com: failed calling webhook "prometheusrulemutate.monitoring.coreos.com": failed to call webhook: Post "https://monitoring-stack-kube-prom-operator.monitoring.svc:443/admission-prometheusrules/mutate?timeout=10s": no endpoints available for service "monitoring-stack-kube-prom-operator"
2025-01-29 13:58:55,056 INFO c.h.h.t.HelmChartContainer - [K3S] [dispatcher.go:214] "Unhandled Error" err="failed calling webhook \"prometheusrulemutate.monitoring.coreos.com\": failed to call webhook: Post \"https://monitoring-stack-kube-prom-operator.monitoring.svc:443/admission-prometheusrules/mutate?timeout=10s\": no endpoints available for service \"monitoring-stack-kube-prom-operator\""
2025-01-29 13:58:55,056 INFO c.h.h.t.HelmChartContainer - [K3S] [dispatcher.go:210] Failed calling webhook, failing open prometheusrulemutate.monitoring.coreos.com: failed calling webhook "prometheusrulemutate.monitoring.coreos.com": failed to call webhook: Post "https://monitoring-stack-kube-prom-operator.monitoring.svc:443/admission-prometheusrules/mutate?timeout=10s": no endpoints available for service "monitoring-stack-kube-prom-operator"
2025-01-29 13:58:55,056 INFO c.h.h.t.HelmChartContainer - [K3S] [dispatcher.go:214] "Unhandled Error" err="failed calling webhook \"prometheusrulemutate.monitoring.coreos.com\": failed to call webhook: Post \"https://monitoring-stack-kube-prom-operator.monitoring.svc:443/admission-prometheusrules/mutate?timeout=10s\": no endpoints available for service \"monitoring-stack-kube-prom-operator\""
2025-01-29 13:58:55,059 INFO c.h.h.t.HelmChartContainer - [K3S] [dispatcher.go:210] Failed calling webhook, failing open prometheusrulemutate.monitoring.coreos.com: failed calling webhook "prometheusrulemutate.monitoring.coreos.com": failed to call webhook: Post "https://monitoring-stack-kube-prom-operator.monitoring.svc:443/admission-prometheusrules/mutate?timeout=10s": no endpoints available for service "monitoring-stack-kube-prom-operator"
2025-01-29 13:58:55,060 INFO c.h.h.t.HelmChartContainer - [K3S] [dispatcher.go:214] "Unhandled Error" err="failed calling webhook \"prometheusrulemutate.monitoring.coreos.com\": failed to call webhook: Post \"https://monitoring-stack-kube-prom-operator.monitoring.svc:443/admission-prometheusrules/mutate?timeout=10s\": no endpoints available for service \"monitoring-stack-kube-prom-operator\""
2025-01-29 13:58:55,067 INFO c.h.h.t.HelmChartContainer - [K3S] [dispatcher.go:210] Failed calling webhook, failing open prometheusrulemutate.monitoring.coreos.com: failed calling webhook "prometheusrulemutate.monitoring.coreos.com": failed to call webhook: Post "https://monitoring-stack-kube-prom-operator.monitoring.svc:443/admission-prometheusrules/mutate?timeout=10s": no endpoints available for service "monitoring-stack-kube-prom-operator"
2025-01-29 13:58:55,068 INFO c.h.h.t.HelmChartContainer - [K3S] [dispatcher.go:214] "Unhandled Error" err="failed calling webhook \"prometheusrulemutate.monitoring.coreos.com\": failed to call webhook: Post \"https://monitoring-stack-kube-prom-operator.monitoring.svc:443/admission-prometheusrules/mutate?timeout=10s\": no endpoints available for service \"monitoring-stack-kube-prom-operator\""
2025-01-29 13:58:55,069 INFO c.h.h.t.HelmChartContainer - [EVENT] Normal [ScalingReplicaSet] Scaled up replica set monitoring-stack-kube-state-metrics-5bf5c7b54d from 0 to 1 [monitoring:monitoring-stack-kube-state-metrics]
2025-01-29 13:58:55,069 INFO c.h.h.t.HelmChartContainer - [EVENT] Normal [SuccessfulCreate] Created pod: monitoring-stack-kube-prom-operator-d77f8fd4c-f7jgc [monitoring:monitoring-stack-kube-prom-operator-d77f8fd4c]
2025-01-29 13:58:55,070 INFO c.h.h.t.HelmChartContainer - [EVENT] Normal [Scheduled] Successfully assigned monitoring/monitoring-stack-grafana-64c55fb967-kp7jb to 5da5100ee944 [monitoring:monitoring-stack-grafana-64c55fb967-kp7jb]
2025-01-29 13:58:55,072 INFO c.h.h.t.HelmChartContainer - [K3S] [dispatcher.go:210] Failed calling webhook, failing open prometheusrulemutate.monitoring.coreos.com: failed calling webhook "prometheusrulemutate.monitoring.coreos.com": failed to call webhook: Post "https://monitoring-stack-kube-prom-operator.monitoring.svc:443/admission-prometheusrules/mutate?timeout=10s": no endpoints available for service "monitoring-stack-kube-prom-operator"
2025-01-29 13:58:55,073 INFO c.h.h.t.HelmChartContainer - [K3S] [dispatcher.go:214] "Unhandled Error" err="failed calling webhook \"prometheusrulemutate.monitoring.coreos.com\": failed to call webhook: Post \"https://monitoring-stack-kube-prom-operator.monitoring.svc:443/admission-prometheusrules/mutate?timeout=10s\": no endpoints available for service \"monitoring-stack-kube-prom-operator\""
2025-01-29 13:58:55,073 INFO c.h.h.t.HelmChartContainer - [K3S] [dispatcher.go:210] Failed calling webhook, failing open prometheusrulemutate.monitoring.coreos.com: failed calling webhook "prometheusrulemutate.monitoring.coreos.com": failed to call webhook: Post "https://monitoring-stack-kube-prom-operator.monitoring.svc:443/admission-prometheusrules/mutate?timeout=10s": no endpoints available for service "monitoring-stack-kube-prom-operator"
2025-01-29 13:58:55,073 INFO c.h.h.t.HelmChartContainer - [K3S] [dispatcher.go:214] "Unhandled Error" err="failed calling webhook \"prometheusrulemutate.monitoring.coreos.com\": failed to call webhook: Post \"https://monitoring-stack-kube-prom-operator.monitoring.svc:443/admission-prometheusrules/mutate?timeout=10s\": no endpoints available for service \"monitoring-stack-kube-prom-operator\""
2025-01-29 13:58:55,076 INFO c.h.h.t.HelmChartContainer - [K3S] [dispatcher.go:210] Failed calling webhook, failing open prometheusrulemutate.monitoring.coreos.com: failed calling webhook "prometheusrulemutate.monitoring.coreos.com": failed to call webhook: Post "https://monitoring-stack-kube-prom-operator.monitoring.svc:443/admission-prometheusrules/mutate?timeout=10s": no endpoints available for service "monitoring-stack-kube-prom-operator"
2025-01-29 13:58:55,076 INFO c.h.h.t.HelmChartContainer - [K3S] [dispatcher.go:214] "Unhandled Error" err="failed calling webhook \"prometheusrulemutate.monitoring.coreos.com\": failed to call webhook: Post \"https://monitoring-stack-kube-prom-operator.monitoring.svc:443/admission-prometheusrules/mutate?timeout=10s\": no endpoints available for service \"monitoring-stack-kube-prom-operator\""
2025-01-29 13:58:55,077 INFO c.h.h.t.HelmChartContainer - [POD] monitoring-stack-prometheus-node-exporter-7l889 [c818730f-d597-4f86-b196-ce0833f71270] in monitoring was ADDED
2025-01-29 13:58:55,081 INFO c.h.h.t.HelmChartContainer - [K3S] [dispatcher.go:210] Failed calling webhook, failing open prometheusrulemutate.monitoring.coreos.com: failed calling webhook "prometheusrulemutate.monitoring.coreos.com": failed to call webhook: Post "https://monitoring-stack-kube-prom-operator.monitoring.svc:443/admission-prometheusrules/mutate?timeout=10s": no endpoints available for service "monitoring-stack-kube-prom-operator"
2025-01-29 13:58:55,081 INFO c.h.h.t.HelmChartContainer - [K3S] [dispatcher.go:214] "Unhandled Error" err="failed calling webhook \"prometheusrulemutate.monitoring.coreos.com\": failed to call webhook: Post \"https://monitoring-stack-kube-prom-operator.monitoring.svc:443/admission-prometheusrules/mutate?timeout=10s\": no endpoints available for service \"monitoring-stack-kube-prom-operator\""
2025-01-29 13:58:55,082 INFO c.h.h.t.HelmChartContainer - [K3S] [dispatcher.go:210] Failed calling webhook, failing open prometheusrulemutate.monitoring.coreos.com: failed calling webhook "prometheusrulemutate.monitoring.coreos.com": failed to call webhook: Post "https://monitoring-stack-kube-prom-operator.monitoring.svc:443/admission-prometheusrules/mutate?timeout=10s": no endpoints available for service "monitoring-stack-kube-prom-operator"
2025-01-29 13:58:55,082 INFO c.h.h.t.HelmChartContainer - [K3S] [dispatcher.go:214] "Unhandled Error" err="failed calling webhook \"prometheusrulemutate.monitoring.coreos.com\": failed to call webhook: Post \"https://monitoring-stack-kube-prom-operator.monitoring.svc:443/admission-prometheusrules/mutate?timeout=10s\": no endpoints available for service \"monitoring-stack-kube-prom-operator\""
2025-01-29 13:58:55,085 INFO c.h.h.t.HelmChartContainer - [K3S] [dispatcher.go:210] Failed calling webhook, failing open prometheusrulemutate.monitoring.coreos.com: failed calling webhook "prometheusrulemutate.monitoring.coreos.com": failed to call webhook: Post "https://monitoring-stack-kube-prom-operator.monitoring.svc:443/admission-prometheusrules/mutate?timeout=10s": no endpoints available for service "monitoring-stack-kube-prom-operator"
2025-01-29 13:58:55,085 INFO c.h.h.t.HelmChartContainer - [K3S] [dispatcher.go:214] "Unhandled Error" err="failed calling webhook \"prometheusrulemutate.monitoring.coreos.com\": failed to call webhook: Post \"https://monitoring-stack-kube-prom-operator.monitoring.svc:443/admission-prometheusrules/mutate?timeout=10s\": no endpoints available for service \"monitoring-stack-kube-prom-operator\""
2025-01-29 13:58:55,086 INFO c.h.h.t.HelmChartContainer - [K3S] [dispatcher.go:210] Failed calling webhook, failing open prometheusrulemutate.monitoring.coreos.com: failed calling webhook "prometheusrulemutate.monitoring.coreos.com": failed to call webhook: Post "https://monitoring-stack-kube-prom-operator.monitoring.svc:443/admission-prometheusrules/mutate?timeout=10s": no endpoints available for service "monitoring-stack-kube-prom-operator"
2025-01-29 13:58:55,086 INFO c.h.h.t.HelmChartContainer - [K3S] [dispatcher.go:214] "Unhandled Error" err="failed calling webhook \"prometheusrulemutate.monitoring.coreos.com\": failed to call webhook: Post \"https://monitoring-stack-kube-prom-operator.monitoring.svc:443/admission-prometheusrules/mutate?timeout=10s\": no endpoints available for service \"monitoring-stack-kube-prom-operator\""
2025-01-29 13:58:55,090 INFO c.h.h.t.HelmChartContainer - [POD] monitoring-stack-kube-state-metrics-5bf5c7b54d-vghpw [7e495999-9cba-485a-97d5-0ee7c57e1ad1] in monitoring was MODIFIED
2025-01-29 13:58:55,093 INFO c.h.h.t.HelmChartContainer - [K3S] [dispatcher.go:210] Failed calling webhook, failing open prometheusrulemutate.monitoring.coreos.com: failed calling webhook "prometheusrulemutate.monitoring.coreos.com": failed to call webhook: Post "https://monitoring-stack-kube-prom-operator.monitoring.svc:443/admission-prometheusrules/mutate?timeout=10s": no endpoints available for service "monitoring-stack-kube-prom-operator"
2025-01-29 13:58:55,093 INFO c.h.h.t.HelmChartContainer - [K3S] [dispatcher.go:214] "Unhandled Error" err="failed calling webhook \"prometheusrulemutate.monitoring.coreos.com\": failed to call webhook: Post \"https://monitoring-stack-kube-prom-operator.monitoring.svc:443/admission-prometheusrules/mutate?timeout=10s\": no endpoints available for service \"monitoring-stack-kube-prom-operator\""
2025-01-29 13:58:55,093 INFO c.h.h.t.HelmChartContainer - [K3S] [dispatcher.go:210] Failed calling webhook, failing open prometheusrulemutate.monitoring.coreos.com: failed calling webhook "prometheusrulemutate.monitoring.coreos.com": failed to call webhook: Post "https://monitoring-stack-kube-prom-operator.monitoring.svc:443/admission-prometheusrules/mutate?timeout=10s": no endpoints available for service "monitoring-stack-kube-prom-operator"
2025-01-29 13:58:55,096 INFO c.h.h.t.HelmChartContainer - [K3S] [dispatcher.go:214] "Unhandled Error" err="failed calling webhook \"prometheusrulemutate.monitoring.coreos.com\": failed to call webhook: Post \"https://monitoring-stack-kube-prom-operator.monitoring.svc:443/admission-prometheusrules/mutate?timeout=10s\": no endpoints available for service \"monitoring-stack-kube-prom-operator\""
2025-01-29 13:58:55,096 INFO c.h.h.t.HelmChartContainer - [K3S] [dispatcher.go:210] Failed calling webhook, failing open prometheusrulemutate.monitoring.coreos.com: failed calling webhook "prometheusrulemutate.monitoring.coreos.com": failed to call webhook: Post "https://monitoring-stack-kube-prom-operator.monitoring.svc:443/admission-prometheusrules/mutate?timeout=10s": no endpoints available for service "monitoring-stack-kube-prom-operator"
2025-01-29 13:58:55,098 INFO c.h.h.t.HelmChartContainer - [K3S] [dispatcher.go:214] "Unhandled Error" err="failed calling webhook \"prometheusrulemutate.monitoring.coreos.com\": failed to call webhook: Post \"https://monitoring-stack-kube-prom-operator.monitoring.svc:443/admission-prometheusrules/mutate?timeout=10s\": no endpoints available for service \"monitoring-stack-kube-prom-operator\""
2025-01-29 13:58:55,098 INFO c.h.h.t.HelmChartContainer - [K3S] [dispatcher.go:210] Failed calling webhook, failing open prometheusrulemutate.monitoring.coreos.com: failed calling webhook "prometheusrulemutate.monitoring.coreos.com": failed to call webhook: Post "https://monitoring-stack-kube-prom-operator.monitoring.svc:443/admission-prometheusrules/mutate?timeout=10s": no endpoints available for service "monitoring-stack-kube-prom-operator"
2025-01-29 13:58:55,098 INFO c.h.h.t.HelmChartContainer - [K3S] [dispatcher.go:214] "Unhandled Error" err="failed calling webhook \"prometheusrulemutate.monitoring.coreos.com\": failed to call webhook: Post \"https://monitoring-stack-kube-prom-operator.monitoring.svc:443/admission-prometheusrules/mutate?timeout=10s\": no endpoints available for service \"monitoring-stack-kube-prom-operator\""
2025-01-29 13:58:55,099 INFO c.h.h.t.HelmChartContainer - [K3S] [dispatcher.go:210] Failed calling webhook, failing open prometheusrulemutate.monitoring.coreos.com: failed calling webhook "prometheusrulemutate.monitoring.coreos.com": failed to call webhook: Post "https://monitoring-stack-kube-prom-operator.monitoring.svc:443/admission-prometheusrules/mutate?timeout=10s": no endpoints available for service "monitoring-stack-kube-prom-operator"
2025-01-29 13:58:55,100 INFO c.h.h.t.HelmChartContainer - [K3S] [dispatcher.go:214] "Unhandled Error" err="failed calling webhook \"prometheusrulemutate.monitoring.coreos.com\": failed to call webhook: Post \"https://monitoring-stack-kube-prom-operator.monitoring.svc:443/admission-prometheusrules/mutate?timeout=10s\": no endpoints available for service \"monitoring-stack-kube-prom-operator\""
2025-01-29 13:58:55,101 INFO c.h.h.t.HelmChartContainer - [K3S] [dispatcher.go:210] Failed calling webhook, failing open prometheusrulemutate.monitoring.coreos.com: failed calling webhook "prometheusrulemutate.monitoring.coreos.com": failed to call webhook: Post "https://monitoring-stack-kube-prom-operator.monitoring.svc:443/admission-prometheusrules/mutate?timeout=10s": no endpoints available for service "monitoring-stack-kube-prom-operator"
2025-01-29 13:58:55,101 INFO c.h.h.t.HelmChartContainer - [K3S] [dispatcher.go:214] "Unhandled Error" err="failed calling webhook \"prometheusrulemutate.monitoring.coreos.com\": failed to call webhook: Post \"https://monitoring-stack-kube-prom-operator.monitoring.svc:443/admission-prometheusrules/mutate?timeout=10s\": no endpoints available for service \"monitoring-stack-kube-prom-operator\""
2025-01-29 13:58:55,101 INFO c.h.h.t.HelmChartContainer - [K3S] [dispatcher.go:210] Failed calling webhook, failing open prometheusrulemutate.monitoring.coreos.com: failed calling webhook "prometheusrulemutate.monitoring.coreos.com": failed to call webhook: Post "https://monitoring-stack-kube-prom-operator.monitoring.svc:443/admission-prometheusrules/mutate?timeout=10s": no endpoints available for service "monitoring-stack-kube-prom-operator"
2025-01-29 13:58:55,101 INFO c.h.h.t.HelmChartContainer - [K3S] [dispatcher.go:214] "Unhandled Error" err="failed calling webhook \"prometheusrulemutate.monitoring.coreos.com\": failed to call webhook: Post \"https://monitoring-stack-kube-prom-operator.monitoring.svc:443/admission-prometheusrules/mutate?timeout=10s\": no endpoints available for service \"monitoring-stack-kube-prom-operator\""
2025-01-29 13:58:55,105 INFO c.h.h.t.HelmChartContainer - [K3S] [dispatcher.go:210] Failed calling webhook, failing open prometheusrulemutate.monitoring.coreos.com: failed calling webhook "prometheusrulemutate.monitoring.coreos.com": failed to call webhook: Post "https://monitoring-stack-kube-prom-operator.monitoring.svc:443/admission-prometheusrules/mutate?timeout=10s": no endpoints available for service "monitoring-stack-kube-prom-operator"
2025-01-29 13:58:55,106 INFO c.h.h.t.HelmChartContainer - [K3S] [dispatcher.go:214] "Unhandled Error" err="failed calling webhook \"prometheusrulemutate.monitoring.coreos.com\": failed to call webhook: Post \"https://monitoring-stack-kube-prom-operator.monitoring.svc:443/admission-prometheusrules/mutate?timeout=10s\": no endpoints available for service \"monitoring-stack-kube-prom-operator\""
2025-01-29 13:58:55,106 INFO c.h.h.t.HelmChartContainer - [K3S] [dispatcher.go:210] Failed calling webhook, failing open prometheusrulemutate.monitoring.coreos.com: failed calling webhook "prometheusrulemutate.monitoring.coreos.com": failed to call webhook: Post "https://monitoring-stack-kube-prom-operator.monitoring.svc:443/admission-prometheusrules/mutate?timeout=10s": no endpoints available for service "monitoring-stack-kube-prom-operator"
2025-01-29 13:58:55,106 INFO c.h.h.t.HelmChartContainer - [K3S] [dispatcher.go:214] "Unhandled Error" err="failed calling webhook \"prometheusrulemutate.monitoring.coreos.com\": failed to call webhook: Post \"https://monitoring-stack-kube-prom-operator.monitoring.svc:443/admission-prometheusrules/mutate?timeout=10s\": no endpoints available for service \"monitoring-stack-kube-prom-operator\""
2025-01-29 13:58:55,107 INFO c.h.h.t.HelmChartContainer - [K3S] [reconciler_common.go:251] "operationExecutor.VerifyControllerAttachedVolume started for volume \"kube-api-access-c5jgx\" (UniqueName: \"kubernetes.io/projected/7e495999-9cba-485a-97d5-0ee7c57e1ad1-kube-api-access-c5jgx\") pod \"monitoring-stack-kube-state-metrics-5bf5c7b54d-vghpw\" (UID: \"7e495999-9cba-485a-97d5-0ee7c57e1ad1\") " pod="monitoring/monitoring-stack-kube-state-metrics-5bf5c7b54d-vghpw"
2025-01-29 13:58:55,108 INFO c.h.h.t.HelmChartContainer - [K3S] [reconciler_common.go:251] "operationExecutor.VerifyControllerAttachedVolume started for volume \"kube-api-access-bsdhx\" (UniqueName: \"kubernetes.io/projected/2a79befa-2c29-4ed1-a7ad-585283c7e154-kube-api-access-bsdhx\") pod \"monitoring-stack-kube-prom-operator-d77f8fd4c-f7jgc\" (UID: \"2a79befa-2c29-4ed1-a7ad-585283c7e154\") " pod="monitoring/monitoring-stack-kube-prom-operator-d77f8fd4c-f7jgc"
2025-01-29 13:58:55,108 INFO c.h.h.t.HelmChartContainer - [K3S] [reconciler_common.go:251] "operationExecutor.VerifyControllerAttachedVolume started for volume \"sc-dashboard-volume\" (UniqueName: \"kubernetes.io/empty-dir/7e28258c-7f2b-4d68-87fa-8950b348c584-sc-dashboard-volume\") pod \"monitoring-stack-grafana-64c55fb967-kp7jb\" (UID: \"7e28258c-7f2b-4d68-87fa-8950b348c584\") " pod="monitoring/monitoring-stack-grafana-64c55fb967-kp7jb"
2025-01-29 13:58:55,108 INFO c.h.h.t.HelmChartContainer - [K3S] [reconciler_common.go:251] "operationExecutor.VerifyControllerAttachedVolume started for volume \"sc-dashboard-provider\" (UniqueName: \"kubernetes.io/configmap/7e28258c-7f2b-4d68-87fa-8950b348c584-sc-dashboard-provider\") pod \"monitoring-stack-grafana-64c55fb967-kp7jb\" (UID: \"7e28258c-7f2b-4d68-87fa-8950b348c584\") " pod="monitoring/monitoring-stack-grafana-64c55fb967-kp7jb"
2025-01-29 13:58:55,108 INFO c.h.h.t.HelmChartContainer - [K3S] [reconciler_common.go:251] "operationExecutor.VerifyControllerAttachedVolume started for volume \"kube-api-access-jc7tk\" (UniqueName: \"kubernetes.io/projected/7e28258c-7f2b-4d68-87fa-8950b348c584-kube-api-access-jc7tk\") pod \"monitoring-stack-grafana-64c55fb967-kp7jb\" (UID: \"7e28258c-7f2b-4d68-87fa-8950b348c584\") " pod="monitoring/monitoring-stack-grafana-64c55fb967-kp7jb"
2025-01-29 13:58:55,108 INFO c.h.h.t.HelmChartContainer - [K3S] [reconciler_common.go:251] "operationExecutor.VerifyControllerAttachedVolume started for volume \"storage\" (UniqueName: \"kubernetes.io/empty-dir/7e28258c-7f2b-4d68-87fa-8950b348c584-storage\") pod \"monitoring-stack-grafana-64c55fb967-kp7jb\" (UID: \"7e28258c-7f2b-4d68-87fa-8950b348c584\") " pod="monitoring/monitoring-stack-grafana-64c55fb967-kp7jb"
2025-01-29 13:58:55,108 INFO c.h.h.t.HelmChartContainer - [K3S] [reconciler_common.go:251] "operationExecutor.VerifyControllerAttachedVolume started for volume \"tls-secret\" (UniqueName: \"kubernetes.io/secret/2a79befa-2c29-4ed1-a7ad-585283c7e154-tls-secret\") pod \"monitoring-stack-kube-prom-operator-d77f8fd4c-f7jgc\" (UID: \"2a79befa-2c29-4ed1-a7ad-585283c7e154\") " pod="monitoring/monitoring-stack-kube-prom-operator-d77f8fd4c-f7jgc"
2025-01-29 13:58:55,108 INFO c.h.h.t.HelmChartContainer - [K3S] [reconciler_common.go:251] "operationExecutor.VerifyControllerAttachedVolume started for volume \"config\" (UniqueName: \"kubernetes.io/configmap/7e28258c-7f2b-4d68-87fa-8950b348c584-config\") pod \"monitoring-stack-grafana-64c55fb967-kp7jb\" (UID: \"7e28258c-7f2b-4d68-87fa-8950b348c584\") " pod="monitoring/monitoring-stack-grafana-64c55fb967-kp7jb"
2025-01-29 13:58:55,108 INFO c.h.h.t.HelmChartContainer - [K3S] [reconciler_common.go:251] "operationExecutor.VerifyControllerAttachedVolume started for volume \"sc-datasources-volume\" (UniqueName: \"kubernetes.io/empty-dir/7e28258c-7f2b-4d68-87fa-8950b348c584-sc-datasources-volume\") pod \"monitoring-stack-grafana-64c55fb967-kp7jb\" (UID: \"7e28258c-7f2b-4d68-87fa-8950b348c584\") " pod="monitoring/monitoring-stack-grafana-64c55fb967-kp7jb"
2025-01-29 13:58:55,108 INFO c.h.h.t.HelmChartContainer - [K3S] [dispatcher.go:210] Failed calling webhook, failing open prometheusrulemutate.monitoring.coreos.com: failed calling webhook "prometheusrulemutate.monitoring.coreos.com": failed to call webhook: Post "https://monitoring-stack-kube-prom-operator.monitoring.svc:443/admission-prometheusrules/mutate?timeout=10s": no endpoints available for service "monitoring-stack-kube-prom-operator"
2025-01-29 13:58:55,108 INFO c.h.h.t.HelmChartContainer - [K3S] [dispatcher.go:214] "Unhandled Error" err="failed calling webhook \"prometheusrulemutate.monitoring.coreos.com\": failed to call webhook: Post \"https://monitoring-stack-kube-prom-operator.monitoring.svc:443/admission-prometheusrules/mutate?timeout=10s\": no endpoints available for service \"monitoring-stack-kube-prom-operator\""
2025-01-29 13:58:55,113 INFO c.h.h.t.HelmChartContainer - [K3S] [dispatcher.go:210] Failed calling webhook, failing open prometheusrulemutate.monitoring.coreos.com: failed calling webhook "prometheusrulemutate.monitoring.coreos.com": failed to call webhook: Post "https://monitoring-stack-kube-prom-operator.monitoring.svc:443/admission-prometheusrules/mutate?timeout=10s": no endpoints available for service "monitoring-stack-kube-prom-operator"
2025-01-29 13:58:55,113 INFO c.h.h.t.HelmChartContainer - [K3S] [dispatcher.go:214] "Unhandled Error" err="failed calling webhook \"prometheusrulemutate.monitoring.coreos.com\": failed to call webhook: Post \"https://monitoring-stack-kube-prom-operator.monitoring.svc:443/admission-prometheusrules/mutate?timeout=10s\": no endpoints available for service \"monitoring-stack-kube-prom-operator\""
2025-01-29 13:58:55,122 INFO c.h.h.t.HelmChartContainer - [EVENT] Normal [SuccessfulCreate] Created pod: monitoring-stack-grafana-64c55fb967-kp7jb [monitoring:monitoring-stack-grafana-64c55fb967]
2025-01-29 13:58:55,128 INFO c.h.h.t.HelmChartContainer - [K3S] [replica_set.go:679] "Finished syncing" kind="ReplicaSet" key="monitoring/monitoring-stack-grafana-64c55fb967" duration="103.350711ms"
2025-01-29 13:58:55,129 INFO c.h.h.t.HelmChartContainer - [K3S] [replica_set.go:679] "Finished syncing" kind="ReplicaSet" key="monitoring/monitoring-stack-grafana-64c55fb967" duration="271.376µs"
2025-01-29 13:58:55,139 INFO c.h.h.t.HelmChartContainer - [POD] monitoring-stack-prometheus-node-exporter-7l889 [c818730f-d597-4f86-b196-ce0833f71270] in monitoring was MODIFIED
2025-01-29 13:58:55,154 INFO c.h.h.t.HelmChartContainer - [EVENT] Normal [SuccessfulCreate] Created pod: monitoring-stack-prometheus-node-exporter-7l889 [monitoring:monitoring-stack-prometheus-node-exporter]
2025-01-29 13:58:55,158 INFO c.h.h.t.HelmChartContainer - [EVENT] Normal [Scheduled] Successfully assigned monitoring/monitoring-stack-prometheus-node-exporter-7l889 to 5da5100ee944 [monitoring:monitoring-stack-prometheus-node-exporter-7l889]
2025-01-29 13:58:55,159 INFO c.h.h.t.HelmChartContainer - [K3S] [replica_set.go:679] "Finished syncing" kind="ReplicaSet" key="monitoring/monitoring-stack-kube-prom-operator-d77f8fd4c" duration="213.208439ms"
2025-01-29 13:58:55,159 INFO c.h.h.t.HelmChartContainer - [K3S] [replica_set.go:679] "Finished syncing" kind="ReplicaSet" key="monitoring/monitoring-stack-kube-prom-operator-d77f8fd4c" duration="38.712µs"
2025-01-29 13:58:55,160 INFO c.h.h.t.HelmChartContainer - [K3S] [replica_set.go:679] "Finished syncing" kind="ReplicaSet" key="monitoring/monitoring-stack-kube-prom-operator-d77f8fd4c" duration="32.791µs"
2025-01-29 13:58:55,167 INFO c.h.h.t.HelmChartContainer - [POD] monitoring-stack-kube-prom-operator-d77f8fd4c-f7jgc [2a79befa-2c29-4ed1-a7ad-585283c7e154] in monitoring was MODIFIED
2025-01-29 13:58:55,171 INFO c.h.h.t.HelmChartContainer - [K3S] [replica_set.go:679] "Finished syncing" kind="ReplicaSet" key="monitoring/monitoring-stack-kube-prom-operator-d77f8fd4c" duration="41.327µs"
2025-01-29 13:58:55,202 INFO c.h.h.t.HelmChartContainer - [K3S] [replica_set.go:679] "Finished syncing" kind="ReplicaSet" key="monitoring/monitoring-stack-kube-state-metrics-5bf5c7b54d" duration="151.528274ms"
2025-01-29 13:58:55,203 INFO c.h.h.t.HelmChartContainer - [K3S] [replica_set.go:679] "Finished syncing" kind="ReplicaSet" key="monitoring/monitoring-stack-kube-state-metrics-5bf5c7b54d" duration="48.4µs"
2025-01-29 13:58:55,205 INFO c.h.h.t.HelmChartContainer - [POD] monitoring-stack-prometheus-node-exporter-7l889 [c818730f-d597-4f86-b196-ce0833f71270] in monitoring was MODIFIED
2025-01-29 13:58:55,208 INFO c.h.h.t.HelmChartContainer - [K3S] [reconciler_common.go:251] "operationExecutor.VerifyControllerAttachedVolume started for volume \"sys\" (UniqueName: \"kubernetes.io/host-path/c818730f-d597-4f86-b196-ce0833f71270-sys\") pod \"monitoring-stack-prometheus-node-exporter-7l889\" (UID: \"c818730f-d597-4f86-b196-ce0833f71270\") " pod="monitoring/monitoring-stack-prometheus-node-exporter-7l889"
2025-01-29 13:58:55,209 INFO c.h.h.t.HelmChartContainer - [K3S] [reconciler_common.go:251] "operationExecutor.VerifyControllerAttachedVolume started for volume \"proc\" (UniqueName: \"kubernetes.io/host-path/c818730f-d597-4f86-b196-ce0833f71270-proc\") pod \"monitoring-stack-prometheus-node-exporter-7l889\" (UID: \"c818730f-d597-4f86-b196-ce0833f71270\") " pod="monitoring/monitoring-stack-prometheus-node-exporter-7l889"
2025-01-29 13:58:55,227 INFO c.h.h.t.HelmChartContainer - [K3S] [kubelet_volumes.go:163] "Cleaned up orphaned pod volumes dir" podUID="55e9f535-bc00-45e4-9ac7-56d294f66572" path="/var/lib/kubelet/pods/55e9f535-bc00-45e4-9ac7-56d294f66572/volumes"
2025-01-29 13:58:55,231 INFO c.h.h.t.HelmChartContainer - [K3S] [replica_set.go:679] "Finished syncing" kind="ReplicaSet" key="monitoring/monitoring-stack-grafana-64c55fb967" duration="58.059µs"
2025-01-29 13:58:55,231 INFO c.h.h.t.HelmChartContainer - [POD] monitoring-stack-grafana-64c55fb967-kp7jb [7e28258c-7f2b-4d68-87fa-8950b348c584] in monitoring was MODIFIED
2025-01-29 13:58:55,516 INFO c.h.h.t.HelmChartContainer - [EVENT] Normal [Pulling] Pulling image "quay.io/prometheus/node-exporter:v1.8.2" [monitoring:monitoring-stack-prometheus-node-exporter-7l889]
2025-01-29 13:58:56,212 INFO c.h.h.t.HelmChartContainer - [K3S] [configmap.go:193] Couldn't get configMap monitoring/monitoring-stack-grafana: failed to sync configmap cache: timed out waiting for the condition
2025-01-29 13:58:56,212 INFO c.h.h.t.HelmChartContainer - [K3S] [secret.go:189] Couldn't get secret monitoring/monitoring-stack-kube-prom-admission: failed to sync secret cache: timed out waiting for the condition
2025-01-29 13:58:56,212 INFO c.h.h.t.HelmChartContainer - [K3S] [nestedpendingoperations.go:348] Operation for "{volumeName:kubernetes.io/configmap/7e28258c-7f2b-4d68-87fa-8950b348c584-config podName:7e28258c-7f2b-4d68-87fa-8950b348c584 nodeName:}" failed. No retries permitted until 2025-01-29 13:58:56.711979335 +0000 UTC m=+256.156555202 (durationBeforeRetry 500ms). Error: MountVolume.SetUp failed for volume "config" (UniqueName: "kubernetes.io/configmap/7e28258c-7f2b-4d68-87fa-8950b348c584-config") pod "monitoring-stack-grafana-64c55fb967-kp7jb" (UID: "7e28258c-7f2b-4d68-87fa-8950b348c584") : failed to sync configmap cache: timed out waiting for the condition
2025-01-29 13:58:56,212 INFO c.h.h.t.HelmChartContainer - [K3S] [configmap.go:193] Couldn't get configMap monitoring/monitoring-stack-grafana-config-dashboards: failed to sync configmap cache: timed out waiting for the condition
2025-01-29 13:58:56,212 INFO c.h.h.t.HelmChartContainer - [K3S] [nestedpendingoperations.go:348] Operation for "{volumeName:kubernetes.io/secret/2a79befa-2c29-4ed1-a7ad-585283c7e154-tls-secret podName:2a79befa-2c29-4ed1-a7ad-585283c7e154 nodeName:}" failed. No retries permitted until 2025-01-29 13:58:56.71200893 +0000 UTC m=+256.156584797 (durationBeforeRetry 500ms). Error: MountVolume.SetUp failed for volume "tls-secret" (UniqueName: "kubernetes.io/secret/2a79befa-2c29-4ed1-a7ad-585283c7e154-tls-secret") pod "monitoring-stack-kube-prom-operator-d77f8fd4c-f7jgc" (UID: "2a79befa-2c29-4ed1-a7ad-585283c7e154") : failed to sync secret cache: timed out waiting for the condition
2025-01-29 13:58:56,212 INFO c.h.h.t.HelmChartContainer - [K3S] [nestedpendingoperations.go:348] Operation for "{volumeName:kubernetes.io/configmap/7e28258c-7f2b-4d68-87fa-8950b348c584-sc-dashboard-provider podName:7e28258c-7f2b-4d68-87fa-8950b348c584 nodeName:}" failed. No retries permitted until 2025-01-29 13:58:56.712038325 +0000 UTC m=+256.156614192 (durationBeforeRetry 500ms). Error: MountVolume.SetUp failed for volume "sc-dashboard-provider" (UniqueName: "kubernetes.io/configmap/7e28258c-7f2b-4d68-87fa-8950b348c584-sc-dashboard-provider") pod "monitoring-stack-grafana-64c55fb967-kp7jb" (UID: "7e28258c-7f2b-4d68-87fa-8950b348c584") : failed to sync configmap cache: timed out waiting for the condition
2025-01-29 13:58:56,215 INFO c.h.h.t.HelmChartContainer - [EVENT] Warning [FailedMount] MountVolume.SetUp failed for volume "config" : failed to sync configmap cache: timed out waiting for the condition [monitoring:monitoring-stack-grafana-64c55fb967-kp7jb]
2025-01-29 13:58:56,217 INFO c.h.h.t.HelmChartContainer - [EVENT] Warning [FailedMount] MountVolume.SetUp failed for volume "tls-secret" : failed to sync secret cache: timed out waiting for the condition [monitoring:monitoring-stack-kube-prom-operator-d77f8fd4c-f7jgc]
2025-01-29 13:58:56,219 INFO c.h.h.t.HelmChartContainer - [EVENT] Warning [FailedMount] MountVolume.SetUp failed for volume "sc-dashboard-provider" : failed to sync configmap cache: timed out waiting for the condition [monitoring:monitoring-stack-grafana-64c55fb967-kp7jb]
2025-01-29 13:58:56,223 INFO c.h.h.t.HelmChartContainer - [K3S] [projected.go:288] Couldn't get configMap monitoring/kube-root-ca.crt: failed to sync configmap cache: timed out waiting for the condition
2025-01-29 13:58:56,223 INFO c.h.h.t.HelmChartContainer - [K3S] [projected.go:194] Error preparing data for projected volume kube-api-access-bsdhx for pod monitoring/monitoring-stack-kube-prom-operator-d77f8fd4c-f7jgc: failed to sync configmap cache: timed out waiting for the condition
2025-01-29 13:58:56,223 INFO c.h.h.t.HelmChartContainer - [K3S] [nestedpendingoperations.go:348] Operation for "{volumeName:kubernetes.io/projected/2a79befa-2c29-4ed1-a7ad-585283c7e154-kube-api-access-bsdhx podName:2a79befa-2c29-4ed1-a7ad-585283c7e154 nodeName:}" failed. No retries permitted until 2025-01-29 13:58:56.723303857 +0000 UTC m=+256.167879724 (durationBeforeRetry 500ms). Error: MountVolume.SetUp failed for volume "kube-api-access-bsdhx" (UniqueName: "kubernetes.io/projected/2a79befa-2c29-4ed1-a7ad-585283c7e154-kube-api-access-bsdhx") pod "monitoring-stack-kube-prom-operator-d77f8fd4c-f7jgc" (UID: "2a79befa-2c29-4ed1-a7ad-585283c7e154") : failed to sync configmap cache: timed out waiting for the condition
2025-01-29 13:58:56,225 INFO c.h.h.t.HelmChartContainer - [K3S] [projected.go:288] Couldn't get configMap monitoring/kube-root-ca.crt: failed to sync configmap cache: timed out waiting for the condition
2025-01-29 13:58:56,225 INFO c.h.h.t.HelmChartContainer - [K3S] [projected.go:194] Error preparing data for projected volume kube-api-access-c5jgx for pod monitoring/monitoring-stack-kube-state-metrics-5bf5c7b54d-vghpw: failed to sync configmap cache: timed out waiting for the condition
2025-01-29 13:58:56,225 INFO c.h.h.t.HelmChartContainer - [K3S] [nestedpendingoperations.go:348] Operation for "{volumeName:kubernetes.io/projected/7e495999-9cba-485a-97d5-0ee7c57e1ad1-kube-api-access-c5jgx podName:7e495999-9cba-485a-97d5-0ee7c57e1ad1 nodeName:}" failed. No retries permitted until 2025-01-29 13:58:56.724937959 +0000 UTC m=+256.169513825 (durationBeforeRetry 500ms). Error: MountVolume.SetUp failed for volume "kube-api-access-c5jgx" (UniqueName: "kubernetes.io/projected/7e495999-9cba-485a-97d5-0ee7c57e1ad1-kube-api-access-c5jgx") pod "monitoring-stack-kube-state-metrics-5bf5c7b54d-vghpw" (UID: "7e495999-9cba-485a-97d5-0ee7c57e1ad1") : failed to sync configmap cache: timed out waiting for the condition
2025-01-29 13:58:56,225 INFO c.h.h.t.HelmChartContainer - [EVENT] Warning [FailedMount] MountVolume.SetUp failed for volume "kube-api-access-bsdhx" : failed to sync configmap cache: timed out waiting for the condition [monitoring:monitoring-stack-kube-prom-operator-d77f8fd4c-f7jgc]
2025-01-29 13:58:56,227 INFO c.h.h.t.HelmChartContainer - [EVENT] Warning [FailedMount] MountVolume.SetUp failed for volume "kube-api-access-c5jgx" : failed to sync configmap cache: timed out waiting for the condition [monitoring:monitoring-stack-kube-state-metrics-5bf5c7b54d-vghpw]
2025-01-29 13:58:56,228 INFO c.h.h.t.HelmChartContainer - [K3S] [projected.go:288] Couldn't get configMap monitoring/kube-root-ca.crt: failed to sync configmap cache: timed out waiting for the condition
2025-01-29 13:58:56,228 INFO c.h.h.t.HelmChartContainer - [K3S] [projected.go:194] Error preparing data for projected volume kube-api-access-jc7tk for pod monitoring/monitoring-stack-grafana-64c55fb967-kp7jb: failed to sync configmap cache: timed out waiting for the condition
2025-01-29 13:58:56,228 INFO c.h.h.t.HelmChartContainer - [K3S] [nestedpendingoperations.go:348] Operation for "{volumeName:kubernetes.io/projected/7e28258c-7f2b-4d68-87fa-8950b348c584-kube-api-access-jc7tk podName:7e28258c-7f2b-4d68-87fa-8950b348c584 nodeName:}" failed. No retries permitted until 2025-01-29 13:58:56.728676873 +0000 UTC m=+256.173252740 (durationBeforeRetry 500ms). Error: MountVolume.SetUp failed for volume "kube-api-access-jc7tk" (UniqueName: "kubernetes.io/projected/7e28258c-7f2b-4d68-87fa-8950b348c584-kube-api-access-jc7tk") pod "monitoring-stack-grafana-64c55fb967-kp7jb" (UID: "7e28258c-7f2b-4d68-87fa-8950b348c584") : failed to sync configmap cache: timed out waiting for the condition
2025-01-29 13:58:56,231 INFO c.h.h.t.HelmChartContainer - [EVENT] Warning [FailedMount] MountVolume.SetUp failed for volume "kube-api-access-jc7tk" : failed to sync configmap cache: timed out waiting for the condition [monitoring:monitoring-stack-grafana-64c55fb967-kp7jb]
2025-01-29 13:58:57,241 INFO c.h.h.t.HelmChartContainer - [EVENT] Normal [Pulling] Pulling image "quay.io/kiwigrid/k8s-sidecar:1.28.0" [monitoring:monitoring-stack-grafana-64c55fb967-kp7jb]
2025-01-29 13:58:57,241 INFO c.h.h.t.HelmChartContainer - [EVENT] Normal [Pulling] Pulling image "quay.io/prometheus-operator/prometheus-operator:v0.79.2" [monitoring:monitoring-stack-kube-prom-operator-d77f8fd4c-f7jgc]
2025-01-29 13:58:57,246 INFO c.h.h.t.HelmChartContainer - [EVENT] Normal [Pulling] Pulling image "registry.k8s.io/kube-state-metrics/kube-state-metrics:v2.14.0" [monitoring:monitoring-stack-kube-state-metrics-5bf5c7b54d-vghpw]
2025-01-29 13:58:58,381 INFO c.h.h.t.HelmChartContainer - [EVENT] Normal [Pulled] Successfully pulled image "registry.k8s.io/kube-state-metrics/kube-state-metrics:v2.14.0" in 1.135s (1.135s including waiting). Image size: 15427061 bytes. [monitoring:monitoring-stack-kube-state-metrics-5bf5c7b54d-vghpw]
2025-01-29 13:58:58,398 INFO c.h.h.t.HelmChartContainer - [EVENT] Normal [Created] Created container: kube-state-metrics [monitoring:monitoring-stack-kube-state-metrics-5bf5c7b54d-vghpw]
2025-01-29 13:58:58,467 INFO c.h.h.t.HelmChartContainer - [EVENT] Normal [Started] Started container kube-state-metrics [monitoring:monitoring-stack-kube-state-metrics-5bf5c7b54d-vghpw]
2025-01-29 13:58:58,522 INFO c.h.h.t.HelmChartContainer - [EVENT] Normal [Pulled] Successfully pulled image "quay.io/prometheus/node-exporter:v1.8.2" in 3.005s (3.005s including waiting). Image size: 12041464 bytes. [monitoring:monitoring-stack-prometheus-node-exporter-7l889]
2025-01-29 13:58:58,531 INFO c.h.h.t.HelmChartContainer - [EVENT] Normal [Created] Created container: node-exporter [monitoring:monitoring-stack-prometheus-node-exporter-7l889]
2025-01-29 13:58:58,574 INFO c.h.h.t.HelmChartContainer - [EVENT] Normal [Started] Started container node-exporter [monitoring:monitoring-stack-prometheus-node-exporter-7l889]
2025-01-29 13:58:58,639 INFO c.h.h.t.HelmChartContainer - [K3S] [replica_set.go:679] "Finished syncing" kind="ReplicaSet" key="monitoring/monitoring-stack-kube-state-metrics-5bf5c7b54d" duration="46.827µs"
2025-01-29 13:58:58,644 INFO c.h.h.t.HelmChartContainer - [POD] monitoring-stack-kube-state-metrics-5bf5c7b54d-vghpw [7e495999-9cba-485a-97d5-0ee7c57e1ad1] in monitoring was MODIFIED
2025-01-29 13:58:58,649 INFO c.h.h.t.HelmChartContainer - [POD] monitoring-stack-prometheus-node-exporter-7l889 [c818730f-d597-4f86-b196-ce0833f71270] in monitoring was MODIFIED
2025-01-29 13:58:59,379 INFO c.h.h.t.HelmChartContainer - [EVENT] Normal [Pulled] Successfully pulled image "quay.io/prometheus-operator/prometheus-operator:v0.79.2" in 2.139s (2.139s including waiting). Image size: 19140913 bytes. [monitoring:monitoring-stack-kube-prom-operator-d77f8fd4c-f7jgc]
2025-01-29 13:58:59,392 INFO c.h.h.t.HelmChartContainer - [EVENT] Normal [Created] Created container: kube-prometheus-stack [monitoring:monitoring-stack-kube-prom-operator-d77f8fd4c-f7jgc]
2025-01-29 13:58:59,451 INFO c.h.h.t.HelmChartContainer - [EVENT] Normal [Started] Started container kube-prometheus-stack [monitoring:monitoring-stack-kube-prom-operator-d77f8fd4c-f7jgc]
2025-01-29 13:58:59,645 INFO c.h.h.t.HelmChartContainer - [POD] monitoring-stack-kube-prom-operator-d77f8fd4c-f7jgc [2a79befa-2c29-4ed1-a7ad-585283c7e154] in monitoring was MODIFIED
2025-01-29 13:58:59,650 INFO c.h.h.t.HelmChartContainer - [K3S] [replica_set.go:679] "Finished syncing" kind="ReplicaSet" key="monitoring/monitoring-stack-kube-prom-operator-d77f8fd4c" duration="47.208µs"
2025-01-29 13:58:59,671 INFO c.h.h.t.HelmChartContainer - [POD] monitoring-stack-kube-prom-operator-d77f8fd4c-f7jgc [2a79befa-2c29-4ed1-a7ad-585283c7e154] in monitoring was MODIFIED
2025-01-29 13:58:59,692 INFO c.h.h.t.HelmChartContainer - [K3S] [replica_set.go:679] "Finished syncing" kind="ReplicaSet" key="monitoring/monitoring-stack-kube-prom-operator-d77f8fd4c" duration="12.533409ms"
2025-01-29 13:58:59,695 INFO c.h.h.t.HelmChartContainer - [K3S] [replica_set.go:679] "Finished syncing" kind="ReplicaSet" key="monitoring/monitoring-stack-kube-prom-operator-d77f8fd4c" duration="77.234µs"
2025-01-29 13:58:59,725 INFO c.h.h.t.HelmChartContainer - [POD] alertmanager-monitoring-stack-kube-prom-alertmanager-0 [c138637f-fa17-4b92-954c-ba4b897d427f] in monitoring was ADDED
2025-01-29 13:58:59,740 INFO c.h.h.t.HelmChartContainer - [EVENT] Normal [SuccessfulCreate] create Pod alertmanager-monitoring-stack-kube-prom-alertmanager-0 in StatefulSet alertmanager-monitoring-stack-kube-prom-alertmanager successful [monitoring:alertmanager-monitoring-stack-kube-prom-alertmanager]
2025-01-29 13:58:59,740 INFO c.h.h.t.HelmChartContainer - [EVENT] Normal [Scheduled] Successfully assigned monitoring/alertmanager-monitoring-stack-kube-prom-alertmanager-0 to 5da5100ee944 [monitoring:alertmanager-monitoring-stack-kube-prom-alertmanager-0]
2025-01-29 13:58:59,741 INFO c.h.h.t.HelmChartContainer - [POD] alertmanager-monitoring-stack-kube-prom-alertmanager-0 [c138637f-fa17-4b92-954c-ba4b897d427f] in monitoring was MODIFIED
2025-01-29 13:58:59,785 INFO c.h.h.t.HelmChartContainer - [POD] alertmanager-monitoring-stack-kube-prom-alertmanager-0 [c138637f-fa17-4b92-954c-ba4b897d427f] in monitoring was MODIFIED
2025-01-29 13:58:59,831 INFO c.h.h.t.HelmChartContainer - [K3S] [reconciler_common.go:251] "operationExecutor.VerifyControllerAttachedVolume started for volume \"tls-assets\" (UniqueName: \"kubernetes.io/projected/c138637f-fa17-4b92-954c-ba4b897d427f-tls-assets\") pod \"alertmanager-monitoring-stack-kube-prom-alertmanager-0\" (UID: \"c138637f-fa17-4b92-954c-ba4b897d427f\") " pod="monitoring/alertmanager-monitoring-stack-kube-prom-alertmanager-0"
2025-01-29 13:58:59,833 INFO c.h.h.t.HelmChartContainer - [K3S] [reconciler_common.go:251] "operationExecutor.VerifyControllerAttachedVolume started for volume \"alertmanager-monitoring-stack-kube-prom-alertmanager-db\" (UniqueName: \"kubernetes.io/empty-dir/c138637f-fa17-4b92-954c-ba4b897d427f-alertmanager-monitoring-stack-kube-prom-alertmanager-db\") pod \"alertmanager-monitoring-stack-kube-prom-alertmanager-0\" (UID: \"c138637f-fa17-4b92-954c-ba4b897d427f\") " pod="monitoring/alertmanager-monitoring-stack-kube-prom-alertmanager-0"
2025-01-29 13:58:59,834 INFO c.h.h.t.HelmChartContainer - [K3S] [reconciler_common.go:251] "operationExecutor.VerifyControllerAttachedVolume started for volume \"kube-api-access-6jsxm\" (UniqueName: \"kubernetes.io/projected/c138637f-fa17-4b92-954c-ba4b897d427f-kube-api-access-6jsxm\") pod \"alertmanager-monitoring-stack-kube-prom-alertmanager-0\" (UID: \"c138637f-fa17-4b92-954c-ba4b897d427f\") " pod="monitoring/alertmanager-monitoring-stack-kube-prom-alertmanager-0"
2025-01-29 13:58:59,834 INFO c.h.h.t.HelmChartContainer - [K3S] [reconciler_common.go:251] "operationExecutor.VerifyControllerAttachedVolume started for volume \"config-volume\" (UniqueName: \"kubernetes.io/secret/c138637f-fa17-4b92-954c-ba4b897d427f-config-volume\") pod \"alertmanager-monitoring-stack-kube-prom-alertmanager-0\" (UID: \"c138637f-fa17-4b92-954c-ba4b897d427f\") " pod="monitoring/alertmanager-monitoring-stack-kube-prom-alertmanager-0"
2025-01-29 13:58:59,835 INFO c.h.h.t.HelmChartContainer - [K3S] [reconciler_common.go:251] "operationExecutor.VerifyControllerAttachedVolume started for volume \"web-config\" (UniqueName: \"kubernetes.io/secret/c138637f-fa17-4b92-954c-ba4b897d427f-web-config\") pod \"alertmanager-monitoring-stack-kube-prom-alertmanager-0\" (UID: \"c138637f-fa17-4b92-954c-ba4b897d427f\") " pod="monitoring/alertmanager-monitoring-stack-kube-prom-alertmanager-0"
2025-01-29 13:58:59,835 INFO c.h.h.t.HelmChartContainer - [K3S] [reconciler_common.go:251] "operationExecutor.VerifyControllerAttachedVolume started for volume \"config-out\" (UniqueName: \"kubernetes.io/empty-dir/c138637f-fa17-4b92-954c-ba4b897d427f-config-out\") pod \"alertmanager-monitoring-stack-kube-prom-alertmanager-0\" (UID: \"c138637f-fa17-4b92-954c-ba4b897d427f\") " pod="monitoring/alertmanager-monitoring-stack-kube-prom-alertmanager-0"
2025-01-29 13:58:59,930 INFO c.h.h.t.HelmChartContainer - [POD] prometheus-monitoring-stack-kube-prom-prometheus-0 [520b3e10-6981-4384-b059-ceb263b08a12] in monitoring was ADDED
2025-01-29 13:58:59,940 INFO c.h.h.t.HelmChartContainer - [EVENT] Normal [SuccessfulCreate] create Pod prometheus-monitoring-stack-kube-prom-prometheus-0 in StatefulSet prometheus-monitoring-stack-kube-prom-prometheus successful [monitoring:prometheus-monitoring-stack-kube-prom-prometheus]
2025-01-29 13:58:59,948 INFO c.h.h.t.HelmChartContainer - [POD] prometheus-monitoring-stack-kube-prom-prometheus-0 [520b3e10-6981-4384-b059-ceb263b08a12] in monitoring was MODIFIED
2025-01-29 13:58:59,967 INFO c.h.h.t.HelmChartContainer - [EVENT] Normal [Scheduled] Successfully assigned monitoring/prometheus-monitoring-stack-kube-prom-prometheus-0 to 5da5100ee944 [monitoring:prometheus-monitoring-stack-kube-prom-prometheus-0]
2025-01-29 13:58:59,983 INFO c.h.h.t.HelmChartContainer - [POD] prometheus-monitoring-stack-kube-prom-prometheus-0 [520b3e10-6981-4384-b059-ceb263b08a12] in monitoring was MODIFIED
2025-01-29 13:59:00,035 INFO c.h.h.t.HelmChartContainer - [K3S] [reconciler_common.go:251] "operationExecutor.VerifyControllerAttachedVolume started for volume \"kube-api-access-pp46x\" (UniqueName: \"kubernetes.io/projected/520b3e10-6981-4384-b059-ceb263b08a12-kube-api-access-pp46x\") pod \"prometheus-monitoring-stack-kube-prom-prometheus-0\" (UID: \"520b3e10-6981-4384-b059-ceb263b08a12\") " pod="monitoring/prometheus-monitoring-stack-kube-prom-prometheus-0"
2025-01-29 13:59:00,035 INFO c.h.h.t.HelmChartContainer - [K3S] [reconciler_common.go:251] "operationExecutor.VerifyControllerAttachedVolume started for volume \"prometheus-monitoring-stack-kube-prom-prometheus-rulefiles-0\" (UniqueName: \"kubernetes.io/configmap/520b3e10-6981-4384-b059-ceb263b08a12-prometheus-monitoring-stack-kube-prom-prometheus-rulefiles-0\") pod \"prometheus-monitoring-stack-kube-prom-prometheus-0\" (UID: \"520b3e10-6981-4384-b059-ceb263b08a12\") " pod="monitoring/prometheus-monitoring-stack-kube-prom-prometheus-0"
2025-01-29 13:59:00,036 INFO c.h.h.t.HelmChartContainer - [K3S] [reconciler_common.go:251] "operationExecutor.VerifyControllerAttachedVolume started for volume \"web-config\" (UniqueName: \"kubernetes.io/secret/520b3e10-6981-4384-b059-ceb263b08a12-web-config\") pod \"prometheus-monitoring-stack-kube-prom-prometheus-0\" (UID: \"520b3e10-6981-4384-b059-ceb263b08a12\") " pod="monitoring/prometheus-monitoring-stack-kube-prom-prometheus-0"
2025-01-29 13:59:00,036 INFO c.h.h.t.HelmChartContainer - [K3S] [reconciler_common.go:251] "operationExecutor.VerifyControllerAttachedVolume started for volume \"tls-assets\" (UniqueName: \"kubernetes.io/projected/520b3e10-6981-4384-b059-ceb263b08a12-tls-assets\") pod \"prometheus-monitoring-stack-kube-prom-prometheus-0\" (UID: \"520b3e10-6981-4384-b059-ceb263b08a12\") " pod="monitoring/prometheus-monitoring-stack-kube-prom-prometheus-0"
2025-01-29 13:59:00,037 INFO c.h.h.t.HelmChartContainer - [K3S] [reconciler_common.go:251] "operationExecutor.VerifyControllerAttachedVolume started for volume \"config\" (UniqueName: \"kubernetes.io/secret/520b3e10-6981-4384-b059-ceb263b08a12-config\") pod \"prometheus-monitoring-stack-kube-prom-prometheus-0\" (UID: \"520b3e10-6981-4384-b059-ceb263b08a12\") " pod="monitoring/prometheus-monitoring-stack-kube-prom-prometheus-0"
2025-01-29 13:59:00,037 INFO c.h.h.t.HelmChartContainer - [K3S] [reconciler_common.go:251] "operationExecutor.VerifyControllerAttachedVolume started for volume \"prometheus-monitoring-stack-kube-prom-prometheus-db\" (UniqueName: \"kubernetes.io/empty-dir/520b3e10-6981-4384-b059-ceb263b08a12-prometheus-monitoring-stack-kube-prom-prometheus-db\") pod \"prometheus-monitoring-stack-kube-prom-prometheus-0\" (UID: \"520b3e10-6981-4384-b059-ceb263b08a12\") " pod="monitoring/prometheus-monitoring-stack-kube-prom-prometheus-0"
2025-01-29 13:59:00,037 INFO c.h.h.t.HelmChartContainer - [K3S] [reconciler_common.go:251] "operationExecutor.VerifyControllerAttachedVolume started for volume \"config-out\" (UniqueName: \"kubernetes.io/empty-dir/520b3e10-6981-4384-b059-ceb263b08a12-config-out\") pod \"prometheus-monitoring-stack-kube-prom-prometheus-0\" (UID: \"520b3e10-6981-4384-b059-ceb263b08a12\") " pod="monitoring/prometheus-monitoring-stack-kube-prom-prometheus-0"
2025-01-29 13:59:00,218 INFO c.h.h.t.HelmChartContainer - [EVENT] Normal [Pulling] Pulling image "quay.io/prometheus-operator/prometheus-config-reloader:v0.79.2" [monitoring:alertmanager-monitoring-stack-kube-prom-alertmanager-0]
2025-01-29 13:59:00,382 INFO c.h.h.t.HelmChartContainer - [EVENT] Normal [Pulling] Pulling image "quay.io/prometheus-operator/prometheus-config-reloader:v0.79.2" [monitoring:prometheus-monitoring-stack-kube-prom-prometheus-0]
2025-01-29 13:59:01,201 INFO c.h.h.t.HelmChartContainer - [EVENT] Normal [Pulled] Successfully pulled image "quay.io/kiwigrid/k8s-sidecar:1.28.0" in 3.965s (3.965s including waiting). Image size: 23059632 bytes. [monitoring:monitoring-stack-grafana-64c55fb967-kp7jb]
2025-01-29 13:59:01,210 INFO c.h.h.t.HelmChartContainer - [EVENT] Normal [Created] Created container: grafana-sc-dashboard [monitoring:monitoring-stack-grafana-64c55fb967-kp7jb]
2025-01-29 13:59:01,277 INFO c.h.h.t.HelmChartContainer - [EVENT] Normal [Started] Started container grafana-sc-dashboard [monitoring:monitoring-stack-grafana-64c55fb967-kp7jb]
2025-01-29 13:59:01,279 INFO c.h.h.t.HelmChartContainer - [EVENT] Normal [Pulled] Container image "quay.io/kiwigrid/k8s-sidecar:1.28.0" already present on machine [monitoring:monitoring-stack-grafana-64c55fb967-kp7jb]
2025-01-29 13:59:01,288 INFO c.h.h.t.HelmChartContainer - [EVENT] Normal [Created] Created container: grafana-sc-datasources [monitoring:monitoring-stack-grafana-64c55fb967-kp7jb]
2025-01-29 13:59:01,361 INFO c.h.h.t.HelmChartContainer - [EVENT] Normal [Started] Started container grafana-sc-datasources [monitoring:monitoring-stack-grafana-64c55fb967-kp7jb]
2025-01-29 13:59:01,361 INFO c.h.h.t.HelmChartContainer - [EVENT] Normal [Pulling] Pulling image "docker.io/grafana/grafana:11.4.0" [monitoring:monitoring-stack-grafana-64c55fb967-kp7jb]
2025-01-29 13:59:02,501 INFO c.h.h.t.HelmChartContainer - [EVENT] Normal [Pulled] Successfully pulled image "quay.io/prometheus-operator/prometheus-config-reloader:v0.79.2" in 2.118s (2.118s including waiting). Image size: 14945849 bytes. [monitoring:prometheus-monitoring-stack-kube-prom-prometheus-0]
2025-01-29 13:59:02,506 INFO c.h.h.t.HelmChartContainer - [EVENT] Normal [Pulled] Successfully pulled image "quay.io/prometheus-operator/prometheus-config-reloader:v0.79.2" in 2.285s (2.285s including waiting). Image size: 14945849 bytes. [monitoring:alertmanager-monitoring-stack-kube-prom-alertmanager-0]
2025-01-29 13:59:02,521 INFO c.h.h.t.HelmChartContainer - [EVENT] Normal [Created] Created container: init-config-reloader [monitoring:alertmanager-monitoring-stack-kube-prom-alertmanager-0]
2025-01-29 13:59:02,526 INFO c.h.h.t.HelmChartContainer - [EVENT] Normal [Created] Created container: init-config-reloader [monitoring:prometheus-monitoring-stack-kube-prom-prometheus-0]
2025-01-29 13:59:02,624 INFO c.h.h.t.HelmChartContainer - [EVENT] Normal [Started] Started container init-config-reloader [monitoring:prometheus-monitoring-stack-kube-prom-prometheus-0]
2025-01-29 13:59:02,629 INFO c.h.h.t.HelmChartContainer - [EVENT] Normal [Started] Started container init-config-reloader [monitoring:alertmanager-monitoring-stack-kube-prom-alertmanager-0]
2025-01-29 13:59:02,664 INFO c.h.h.t.HelmChartContainer - [POD] alertmanager-monitoring-stack-kube-prom-alertmanager-0 [c138637f-fa17-4b92-954c-ba4b897d427f] in monitoring was MODIFIED
2025-01-29 13:59:02,698 INFO c.h.h.t.HelmChartContainer - [POD] prometheus-monitoring-stack-kube-prom-prometheus-0 [520b3e10-6981-4384-b059-ceb263b08a12] in monitoring was MODIFIED
2025-01-29 13:59:03,667 INFO c.h.h.t.HelmChartContainer - [EVENT] Normal [Pulling] Pulling image "quay.io/prometheus/prometheus:v3.1.0" [monitoring:prometheus-monitoring-stack-kube-prom-prometheus-0]
2025-01-29 13:59:03,667 INFO c.h.h.t.HelmChartContainer - [EVENT] Normal [Pulling] Pulling image "quay.io/prometheus/alertmanager:v0.28.0" [monitoring:alertmanager-monitoring-stack-kube-prom-alertmanager-0]
2025-01-29 13:59:03,695 INFO c.h.h.t.HelmChartContainer - [POD] prometheus-monitoring-stack-kube-prom-prometheus-0 [520b3e10-6981-4384-b059-ceb263b08a12] in monitoring was MODIFIED
2025-01-29 13:59:03,708 INFO c.h.h.t.HelmChartContainer - [POD] alertmanager-monitoring-stack-kube-prom-alertmanager-0 [c138637f-fa17-4b92-954c-ba4b897d427f] in monitoring was MODIFIED
2025-01-29 13:59:05,659 INFO c.h.h.t.HelmChartContainer - [EVENT] Normal [Pulled] Successfully pulled image "quay.io/prometheus/alertmanager:v0.28.0" in 1.991s (1.991s including waiting). Image size: 35012199 bytes. [monitoring:alertmanager-monitoring-stack-kube-prom-alertmanager-0]
2025-01-29 13:59:05,668 INFO c.h.h.t.HelmChartContainer - [EVENT] Normal [Created] Created container: alertmanager [monitoring:alertmanager-monitoring-stack-kube-prom-alertmanager-0]
2025-01-29 13:59:05,743 INFO c.h.h.t.HelmChartContainer - [EVENT] Normal [Started] Started container alertmanager [monitoring:alertmanager-monitoring-stack-kube-prom-alertmanager-0]
2025-01-29 13:59:05,748 INFO c.h.h.t.HelmChartContainer - [EVENT] Normal [Pulled] Container image "quay.io/prometheus-operator/prometheus-config-reloader:v0.79.2" already present on machine [monitoring:alertmanager-monitoring-stack-kube-prom-alertmanager-0]
2025-01-29 13:59:05,761 INFO c.h.h.t.HelmChartContainer - [EVENT] Normal [Created] Created container: config-reloader [monitoring:alertmanager-monitoring-stack-kube-prom-alertmanager-0]
2025-01-29 13:59:05,871 INFO c.h.h.t.HelmChartContainer - [EVENT] Normal [Started] Started container config-reloader [monitoring:alertmanager-monitoring-stack-kube-prom-alertmanager-0]
2025-01-29 13:59:06,699 INFO c.h.h.t.HelmChartContainer - [POD] alertmanager-monitoring-stack-kube-prom-alertmanager-0 [c138637f-fa17-4b92-954c-ba4b897d427f] in monitoring was MODIFIED
2025-01-29 13:59:06,881 INFO c.h.h.t.HelmChartContainer - [EVENT] Normal [Pulled] Successfully pulled image "quay.io/prometheus/prometheus:v3.1.0" in 3.228s (3.228s including waiting). Image size: 116764168 bytes. [monitoring:prometheus-monitoring-stack-kube-prom-prometheus-0]
2025-01-29 13:59:06,892 INFO c.h.h.t.HelmChartContainer - [EVENT] Normal [Created] Created container: prometheus [monitoring:prometheus-monitoring-stack-kube-prom-prometheus-0]
2025-01-29 13:59:06,964 INFO c.h.h.t.HelmChartContainer - [EVENT] Normal [Started] Started container prometheus [monitoring:prometheus-monitoring-stack-kube-prom-prometheus-0]
2025-01-29 13:59:06,966 INFO c.h.h.t.HelmChartContainer - [EVENT] Normal [Pulled] Container image "quay.io/prometheus-operator/prometheus-config-reloader:v0.79.2" already present on machine [monitoring:prometheus-monitoring-stack-kube-prom-prometheus-0]
2025-01-29 13:59:06,979 INFO c.h.h.t.HelmChartContainer - [EVENT] Normal [Created] Created container: config-reloader [monitoring:prometheus-monitoring-stack-kube-prom-prometheus-0]
2025-01-29 13:59:07,069 INFO c.h.h.t.HelmChartContainer - [EVENT] Normal [Started] Started container config-reloader [monitoring:prometheus-monitoring-stack-kube-prom-prometheus-0]
2025-01-29 13:59:07,700 INFO c.h.h.t.HelmChartContainer - [POD] prometheus-monitoring-stack-kube-prom-prometheus-0 [520b3e10-6981-4384-b059-ceb263b08a12] in monitoring was MODIFIED
2025-01-29 13:59:08,013 INFO c.h.h.t.HelmChartContainer - [EVENT] Normal [Pulled] Successfully pulled image "docker.io/grafana/grafana:11.4.0" in 6.656s (6.656s including waiting). Image size: 132825227 bytes. [monitoring:monitoring-stack-grafana-64c55fb967-kp7jb]
2025-01-29 13:59:08,024 INFO c.h.h.t.HelmChartContainer - [EVENT] Normal [Created] Created container: grafana [monitoring:monitoring-stack-grafana-64c55fb967-kp7jb]
2025-01-29 13:59:08,088 INFO c.h.h.t.HelmChartContainer - [EVENT] Normal [Started] Started container grafana [monitoring:monitoring-stack-grafana-64c55fb967-kp7jb]
2025-01-29 13:59:08,701 INFO c.h.h.t.HelmChartContainer - [K3S] [replica_set.go:679] "Finished syncing" kind="ReplicaSet" key="monitoring/monitoring-stack-grafana-64c55fb967" duration="52.838µs"
2025-01-29 13:59:08,706 INFO c.h.h.t.HelmChartContainer - [POD] monitoring-stack-grafana-64c55fb967-kp7jb [7e28258c-7f2b-4d68-87fa-8950b348c584] in monitoring was MODIFIED
2025-01-29 13:59:09,655 INFO c.h.h.t.HelmChartContainer - [POD] monitoring-stack-kube-state-metrics-5bf5c7b54d-vghpw [7e495999-9cba-485a-97d5-0ee7c57e1ad1] in monitoring was MODIFIED
2025-01-29 13:59:09,660 INFO c.h.h.t.HelmChartContainer - [K3S] [replica_set.go:679] "Finished syncing" kind="ReplicaSet" key="monitoring/monitoring-stack-kube-state-metrics-5bf5c7b54d" duration="13.872661ms"
2025-01-29 13:59:09,661 INFO c.h.h.t.HelmChartContainer - [K3S] [replica_set.go:679] "Finished syncing" kind="ReplicaSet" key="monitoring/monitoring-stack-kube-state-metrics-5bf5c7b54d" duration="40.355µs"
2025-01-29 13:59:09,692 INFO c.h.h.t.HelmChartContainer - [EVENT] Warning [Unhealthy] Readiness probe failed: Get "http://10.42.0.11:3000/api/health": dial tcp 10.42.0.11:3000: connect: connection refused [monitoring:monitoring-stack-grafana-64c55fb967-kp7jb]
2025-01-29 13:59:10,704 INFO c.h.h.t.HelmChartContainer - [POD] monitoring-stack-grafana-64c55fb967-kp7jb [7e28258c-7f2b-4d68-87fa-8950b348c584] in monitoring was MODIFIED
2025-01-29 13:59:10,717 INFO c.h.h.t.HelmChartContainer - [K3S] [replica_set.go:679] "Finished syncing" kind="ReplicaSet" key="monitoring/monitoring-stack-grafana-64c55fb967" duration="12.237973ms"
2025-01-29 13:59:10,717 INFO c.h.h.t.HelmChartContainer - [K3S] [replica_set.go:679] "Finished syncing" kind="ReplicaSet" key="monitoring/monitoring-stack-grafana-64c55fb967" duration="46.707µs"
2025-01-29 13:59:12,212 INFO c.h.h.t.HelmChartContainer - [K3S] [job_controller.go:598] "enqueueing job" key="monitoring/monitoring-stack-kube-prom-admission-patch" delay="0s"
2025-01-29 13:59:12,218 INFO c.h.h.t.HelmChartContainer - [POD] monitoring-stack-kube-prom-admission-patch-x9xpj [68ddc5cb-272b-493a-ae4c-060f2fc9e072] in monitoring was ADDED
2025-01-29 13:59:12,222 INFO c.h.h.t.HelmChartContainer - [K3S] [job_controller.go:598] "enqueueing job" key="monitoring/monitoring-stack-kube-prom-admission-patch" delay="1s"
2025-01-29 13:59:12,225 INFO c.h.h.t.HelmChartContainer - [POD] monitoring-stack-kube-prom-admission-patch-x9xpj [68ddc5cb-272b-493a-ae4c-060f2fc9e072] in monitoring was MODIFIED
2025-01-29 13:59:12,227 INFO c.h.h.t.HelmChartContainer - [K3S] [job_controller.go:598] "enqueueing job" key="monitoring/monitoring-stack-kube-prom-admission-patch" delay="1s"
2025-01-29 13:59:12,230 INFO c.h.h.t.HelmChartContainer - [EVENT] Normal [SuccessfulCreate] Created pod: monitoring-stack-kube-prom-admission-patch-x9xpj [monitoring:monitoring-stack-kube-prom-admission-patch]
2025-01-29 13:59:12,233 INFO c.h.h.t.HelmChartContainer - [EVENT] Normal [Scheduled] Successfully assigned monitoring/monitoring-stack-kube-prom-admission-patch-x9xpj to 5da5100ee944 [monitoring:monitoring-stack-kube-prom-admission-patch-x9xpj]
2025-01-29 13:59:12,234 INFO c.h.h.t.HelmChartContainer - [K3S] [job_controller.go:598] "enqueueing job" key="monitoring/monitoring-stack-kube-prom-admission-patch" delay="1s"
2025-01-29 13:59:12,242 INFO c.h.h.t.HelmChartContainer - [K3S] [job_controller.go:598] "enqueueing job" key="monitoring/monitoring-stack-kube-prom-admission-patch" delay="1s"
2025-01-29 13:59:12,247 INFO c.h.h.t.HelmChartContainer - [POD] monitoring-stack-kube-prom-admission-patch-x9xpj [68ddc5cb-272b-493a-ae4c-060f2fc9e072] in monitoring was MODIFIED
2025-01-29 13:59:12,337 INFO c.h.h.t.HelmChartContainer - [K3S] [reconciler_common.go:251] "operationExecutor.VerifyControllerAttachedVolume started for volume \"kube-api-access-j4xrh\" (UniqueName: \"kubernetes.io/projected/68ddc5cb-272b-493a-ae4c-060f2fc9e072-kube-api-access-j4xrh\") pod \"monitoring-stack-kube-prom-admission-patch-x9xpj\" (UID: \"68ddc5cb-272b-493a-ae4c-060f2fc9e072\") " pod="monitoring/monitoring-stack-kube-prom-admission-patch-x9xpj"
2025-01-29 13:59:12,626 INFO c.h.h.t.HelmChartContainer - [EVENT] Normal [Pulled] Container image "registry.k8s.io/ingress-nginx/kube-webhook-certgen:v1.5.1" already present on machine [monitoring:monitoring-stack-kube-prom-admission-patch-x9xpj]
2025-01-29 13:59:12,634 INFO c.h.h.t.HelmChartContainer - [EVENT] Normal [Created] Created container: patch [monitoring:monitoring-stack-kube-prom-admission-patch-x9xpj]
2025-01-29 13:59:12,701 INFO c.h.h.t.HelmChartContainer - [POD] alertmanager-monitoring-stack-kube-prom-alertmanager-0 [c138637f-fa17-4b92-954c-ba4b897d427f] in monitoring was MODIFIED
2025-01-29 13:59:12,725 INFO c.h.h.t.HelmChartContainer - [EVENT] Normal [Started] Started container patch [monitoring:monitoring-stack-kube-prom-admission-patch-x9xpj]
2025-01-29 13:59:13,707 INFO c.h.h.t.HelmChartContainer - [K3S] [job_controller.go:598] "enqueueing job" key="monitoring/monitoring-stack-kube-prom-admission-patch" delay="1s"
2025-01-29 13:59:13,708 INFO c.h.h.t.HelmChartContainer - [POD] monitoring-stack-kube-prom-admission-patch-x9xpj [68ddc5cb-272b-493a-ae4c-060f2fc9e072] in monitoring was MODIFIED
2025-01-29 13:59:14,712 INFO c.h.h.t.HelmChartContainer - [POD] monitoring-stack-kube-prom-admission-patch-x9xpj [68ddc5cb-272b-493a-ae4c-060f2fc9e072] in monitoring was MODIFIED
2025-01-29 13:59:14,713 INFO c.h.h.t.HelmChartContainer - [K3S] [job_controller.go:598] "enqueueing job" key="monitoring/monitoring-stack-kube-prom-admission-patch" delay="1s"
2025-01-29 13:59:14,713 INFO c.h.h.t.HelmChartContainer - [K3S] [job_controller.go:598] "enqueueing job" key="monitoring/monitoring-stack-kube-prom-admission-patch" delay="1s"
2025-01-29 13:59:15,268 INFO c.h.h.t.HelmChartContainer - [POD] prometheus-monitoring-stack-kube-prom-prometheus-0 [520b3e10-6981-4384-b059-ceb263b08a12] in monitoring was MODIFIED
2025-01-29 13:59:15,719 INFO c.h.h.t.HelmChartContainer - [K3S] [job_controller.go:598] "enqueueing job" key="monitoring/monitoring-stack-kube-prom-admission-patch" delay="1s"
2025-01-29 13:59:15,732 INFO c.h.h.t.HelmChartContainer - [POD] prometheus-monitoring-stack-kube-prom-prometheus-0 [520b3e10-6981-4384-b059-ceb263b08a12] in monitoring was MODIFIED
2025-01-29 13:59:15,814 INFO c.h.h.t.HelmChartContainer - [POD] monitoring-stack-kube-prom-admission-patch-x9xpj [68ddc5cb-272b-493a-ae4c-060f2fc9e072] in monitoring was MODIFIED
2025-01-29 13:59:15,814 INFO c.h.h.t.HelmChartContainer - [K3S] [job_controller.go:598] "enqueueing job" key="monitoring/monitoring-stack-kube-prom-admission-patch" delay="1s"
2025-01-29 13:59:15,863 INFO c.h.h.t.HelmChartContainer - [K3S] [reconciler_common.go:162] "operationExecutor.UnmountVolume started for volume \"kube-api-access-j4xrh\" (UniqueName: \"kubernetes.io/projected/68ddc5cb-272b-493a-ae4c-060f2fc9e072-kube-api-access-j4xrh\") pod \"68ddc5cb-272b-493a-ae4c-060f2fc9e072\" (UID: \"68ddc5cb-272b-493a-ae4c-060f2fc9e072\") "
2025-01-29 13:59:15,963 INFO c.h.h.t.HelmChartContainer - [K3S] [reconciler_common.go:299] "Volume detached for volume \"kube-api-access-j4xrh\" (UniqueName: \"kubernetes.io/projected/68ddc5cb-272b-493a-ae4c-060f2fc9e072-kube-api-access-j4xrh\") on node \"5da5100ee944\" DevicePath \"\""
2025-01-29 13:59:16,706 INFO c.h.h.t.HelmChartContainer - [K3S] [pod_container_deletor.go:80] "Container not found in pod's containers" containerID="326b707a6541f07e8d5e0fe879a27a81f239e269e56a687d249d429f1f5b430b"
2025-01-29 13:59:16,721 INFO c.h.h.t.HelmChartContainer - [K3S] [job_controller.go:598] "enqueueing job" key="monitoring/monitoring-stack-kube-prom-admission-patch" delay="1s"
2025-01-29 13:59:16,727 INFO c.h.h.t.HelmChartContainer - [K3S] [job_controller.go:598] "enqueueing job" key="monitoring/monitoring-stack-kube-prom-admission-patch" delay="1s"
2025-01-29 13:59:16,727 INFO c.h.h.t.HelmChartContainer - [POD] monitoring-stack-kube-prom-admission-patch-x9xpj [68ddc5cb-272b-493a-ae4c-060f2fc9e072] in monitoring was MODIFIED
2025-01-29 13:59:16,733 INFO c.h.h.t.HelmChartContainer - [EVENT] Normal [Completed] Job completed [monitoring:monitoring-stack-kube-prom-admission-patch]
2025-01-29 13:59:16,741 INFO c.h.h.t.HelmChartContainer - [K3S] [job_controller.go:598] "enqueueing job" key="monitoring/monitoring-stack-kube-prom-admission-patch" delay="0s"
2025-01-29 13:59:16,752 INFO c.h.h.t.HelmChartContainer - [POD] monitoring-stack-kube-prom-admission-patch-x9xpj [68ddc5cb-272b-493a-ae4c-060f2fc9e072] in monitoring was MODIFIED
2025-01-29 13:59:16,756 INFO c.h.h.t.HelmChartContainer - [POD] monitoring-stack-kube-prom-admission-patch-x9xpj [68ddc5cb-272b-493a-ae4c-060f2fc9e072] in monitoring was DELETED
2025-01-29 13:59:16,910 INFO com.hivemq.helmcharts.util.K8sUtil - Pod 'monitoring-stack-prometheus-node-exporter-7l889' is ready
2025-01-29 13:59:16,910 INFO com.hivemq.helmcharts.util.K8sUtil - Pod 'monitoring-stack-kube-prom-operator-d77f8fd4c-f7jgc' is ready
2025-01-29 13:59:16,910 INFO com.hivemq.helmcharts.util.K8sUtil - Pod 'monitoring-stack-kube-state-metrics-5bf5c7b54d-vghpw' is ready
2025-01-29 13:59:16,910 INFO com.hivemq.helmcharts.util.K8sUtil - Pod 'monitoring-stack-grafana-64c55fb967-kp7jb' is ready
2025-01-29 13:59:16,910 INFO com.hivemq.helmcharts.util.K8sUtil - Pod 'monitoring-stack-grafana-64c55fb967-kp7jb' is ready
2025-01-29 13:59:16,910 INFO com.hivemq.helmcharts.util.K8sUtil - Pod 'monitoring-stack-grafana-64c55fb967-kp7jb' is ready
2025-01-29 13:59:16,986 DEBUG c.h.h.t.HelmChartContainer - Executing helm command: /bin/helm --kubeconfig /etc/rancher/k3s/k3s.yaml install test-hivemq-platform /charts/hivemq-platform --wait --timeout 5m0s --set image.repository=docker.io/hivemq --set image.tag=4.36.0 --set image.pullPolicy=Never --set nodes.resources.cpu=512m -f /files/platform-monitoring-enabled-values.yaml --namespace helmmonitoringplatformit
2025-01-29 13:59:17,227 INFO c.h.h.t.HelmChartContainer - [K3S] [kubelet_volumes.go:163] "Cleaned up orphaned pod volumes dir" podUID="68ddc5cb-272b-493a-ae4c-060f2fc9e072" path="/var/lib/kubelet/pods/68ddc5cb-272b-493a-ae4c-060f2fc9e072/volumes"
2025-01-29 13:59:17,540 INFO c.h.h.t.HelmChartContainer - [hivemq-test-hivemq-platform] [hivemq-platform-operator] [4223238d] 13:59:17.539 [-373097727-pool-1-thread-4] WARN  i.m.p.PrometheusMeterRegistry - The meter (MeterId{name='operator.sdk.events.received', tags=[tag(action=ADDED),tag(event=ResourceEvent),tag(group=hivemq.com),tag(kind=HiveMQPlatform),tag(name=test-hivemq-platform),tag(namespace=helmmonitoringplatformit),tag(scope=namespace),tag(version=v1)]}) registration has failed: Prometheus requires that all meters with the same name have the same set of tag keys. There is already an existing meter named 'operator.sdk.events.received' containing tag keys [event, group, kind, name, namespace, scope, version]. The meter you are attempting to register has keys [action, event, group, kind, name, namespace, scope, version]. Note that subsequent logs will be logged at debug level.
2025-01-29 13:59:18,001 INFO c.h.h.t.HelmChartContainer - [hivemq-test-hivemq-platform] [hivemq-platform-operator] [4223238d] 13:59:17.997 [pool-6-thread-3] DEBUG c.h.p.o.dependants.PodInfoConfigMap - [helmmoni] Desired PodInfo ConfigMap (1 extensions) (1 enabled)
2025-01-29 13:59:18,001 INFO c.h.h.t.HelmChartContainer - [hivemq-test-hivemq-platform] [hivemq-platform-operator] [4223238d] 13:59:17.998 [pool-6-thread-3] DEBUG c.h.p.o.dependants.PodInfoConfigMap - [helmmoni] Desired PodInfo ConfigMap (metrics port: 9399) (metrics path: /)
2025-01-29 13:59:18,001 INFO c.h.h.t.HelmChartContainer - [hivemq-test-hivemq-platform] [hivemq-platform-operator] [4223238d] 13:59:17.998 [pool-6-thread-3] DEBUG c.h.p.o.dependants.PodInfoConfigMap - [helmmoni] Desired PodInfo ConfigMap (extension state hash: -1817474005)
2025-01-29 13:59:18,008 INFO c.h.h.t.HelmChartContainer - [hivemq-test-hivemq-platform] [hivemq-platform-operator] [4223238d] 13:59:18.007 [pool-6-thread-3] DEBUG c.h.p.o.dependants.PodInfoConfigMap - [helmmoni] Create PodInfo ConfigMap
2025-01-29 13:59:18,099 INFO c.h.h.t.HelmChartContainer - [hivemq-test-hivemq-platform] [hivemq-platform-operator] [4223238d] 13:59:18.096 [pool-6-thread-5] DEBUG c.h.p.o.dependants.PodRoleResource - [helmmoni] Create Role: Role(apiVersion=rbac.authorization.k8s.io/v1, kind=Role, metadata=ObjectMeta(annotations={meta.helm.sh/release-name=test-hivemq-platform, meta.helm.sh/release-namespace=helmmonitoringplatformit}, creationTimestamp=null, deletionGracePeriodSeconds=null, deletionTimestamp=null, finalizers=[], generateName=null, generation=null, labels={helm.sh/chart=hivemq-platform-0.2.32, app.kubernetes.io/managed-by=Helm, app.kubernetes.io/name=hivemq-platform, hivemq-platform=test-hivemq-platform, app.kubernetes.io/instance=test-hivemq-platform, app.kubernetes.io/version=4.36.0}, managedFields=[], name=hivemq-platform-role-test-hivemq-platform, namespace=helmmonitoringplatformit, ownerReferences=[OwnerReference(apiVersion=hivemq.com/v1, blockOwnerDeletion=null, controller=null, kind=HiveMQPlatform, name=test-hivemq-platform, uid=4fc6629d-5ca3-4294-a64a-cdd0fd4432b0, additionalProperties={})], resourceVersion=null, selfLink=null, uid=null, additionalProperties={}), rules=[PolicyRule(apiGroups=[], nonResourceURLs=[], resourceNames=[], resources=[pods], verbs=[get, patch, update], additionalProperties={})], additionalProperties={})
2025-01-29 13:59:18,229 INFO c.h.h.t.HelmChartContainer - [hivemq-test-hivemq-platform] [hivemq-platform-operator] [4223238d] 13:59:18.200 [pool-6-thread-7] DEBUG c.h.p.o.d.PodServiceAccountResource - [helmmoni] Desired PodServiceAccountResource (serviceAccountName: hivemq-platform-pod-test-hivemq-platform)
2025-01-29 13:59:18,229 INFO c.h.h.t.HelmChartContainer - [hivemq-test-hivemq-platform] [hivemq-platform-operator] [4223238d] 13:59:18.228 [pool-6-thread-7] DEBUG c.h.p.o.d.PodServiceAccountResource - [helmmoni] Create ServiceAccount 'hivemq-platform-pod-test-hivemq-platform'
2025-01-29 13:59:18,333 INFO c.h.h.t.HelmChartContainer - [hivemq-test-hivemq-platform] [hivemq-platform-operator] [4223238d] 13:59:18.331 [pool-6-thread-10] DEBUG c.h.p.o.d.PodRoleBindingResource - [helmmoni] Create RoleBinding: RoleBinding(apiVersion=rbac.authorization.k8s.io/v1, kind=RoleBinding, metadata=ObjectMeta(annotations={meta.helm.sh/release-name=test-hivemq-platform, meta.helm.sh/release-namespace=helmmonitoringplatformit}, creationTimestamp=null, deletionGracePeriodSeconds=null, deletionTimestamp=null, finalizers=[], generateName=null, generation=null, labels={helm.sh/chart=hivemq-platform-0.2.32, app.kubernetes.io/managed-by=Helm, app.kubernetes.io/name=hivemq-platform, hivemq-platform=test-hivemq-platform, app.kubernetes.io/instance=test-hivemq-platform, app.kubernetes.io/version=4.36.0}, managedFields=[], name=hivemq-platform-role-binding-test-hivemq-platform, namespace=helmmonitoringplatformit, ownerReferences=[OwnerReference(apiVersion=hivemq.com/v1, blockOwnerDeletion=null, controller=null, kind=HiveMQPlatform, name=test-hivemq-platform, uid=4fc6629d-5ca3-4294-a64a-cdd0fd4432b0, additionalProperties={})], resourceVersion=null, selfLink=null, uid=null, additionalProperties={}), roleRef=RoleRef(apiGroup=rbac.authorization.k8s.io, kind=Role, name=hivemq-platform-role-test-hivemq-platform, additionalProperties={}), subjects=[Subject(apiGroup=null, kind=ServiceAccount, name=hivemq-platform-pod-test-hivemq-platform, namespace=helmmonitoringplatformit, additionalProperties={})], additionalProperties={})
2025-01-29 13:59:18,405 INFO c.h.h.t.HelmChartContainer - [hivemq-test-hivemq-platform] [hivemq-platform-operator] [4223238d] 13:59:18.404 [ReconcilerExecutor-hivemq-controller-54] INFO  c.h.p.o.HiveMQPlatformReconciler - [helmmoni] Reconciling HiveMQ Platform 'test-hivemq-platform' in namespace 'helmmonitoringplatformit'
2025-01-29 13:59:18,405 INFO c.h.h.t.HelmChartContainer - [hivemq-test-hivemq-platform] [hivemq-platform-operator] [4223238d] 13:59:18.404 [ReconcilerExecutor-hivemq-controller-54] DEBUG c.h.p.o.HiveMQPlatformReconciler - [helmmoni] Custom Resource Status CREATED - HiveMQ Platform was created (READY)
2025-01-29 13:59:18,406 INFO c.h.h.t.HelmChartContainer - [hivemq-test-hivemq-platform] [hivemq-platform-operator] [4223238d] 13:59:18.404 [ReconcilerExecutor-hivemq-controller-54] DEBUG c.h.p.o.HiveMQPlatformReconciler - [helmmoni] Custom Resource Spec (replicas: 2) (extensions: 1)
2025-01-29 13:59:18,408 INFO c.h.h.t.HelmChartContainer - [hivemq-test-hivemq-platform] [hivemq-platform-operator] [4223238d] 13:59:18.408 [ReconcilerExecutor-hivemq-controller-54] INFO  c.h.p.o.h.HiveMQPlatformReconcilerBaseHandler - [helmmoni] HiveMQ Platform is starting
2025-01-29 13:59:18,458 INFO c.h.h.t.HelmChartContainer - [K3S] [range_allocator.go:247] "Successfully synced" key="5da5100ee944"
2025-01-29 13:59:18,503 INFO c.h.h.t.HelmChartContainer - [hivemq-test-hivemq-platform] [hivemq-platform-operator] [4223238d] 13:59:18.502 [ReconcilerExecutor-hivemq-controller-54] DEBUG c.h.p.operator.event.EventSender - [helmmoni] Creating K8s event hivemq-platform-starting: [Start] HiveMQ Platform is starting
2025-01-29 13:59:18,534 INFO c.h.h.t.HelmChartContainer - [EVENT] Normal [Start] HiveMQ Platform is starting [helmmonitoringplatformit:test-hivemq-platform]
2025-01-29 13:59:18,591 INFO c.h.h.t.HelmChartContainer - [hivemq-test-hivemq-platform] [hivemq-platform-operator] [4223238d] 13:59:18.587 [ReconcilerExecutor-hivemq-controller-54] INFO  c.h.p.o.h.AbstractHiveMQReconcilerStateHandler - [helmmoni] Update HiveMQ Platform Status (CREATED [READY] -> STARTING [READY]): HiveMQ Platform is starting
2025-01-29 13:59:18,602 DEBUG com.hivemq.helmcharts.util.K8sUtil - Comparing actual state 'STARTING' and waiting for 'RUNNING'
2025-01-29 13:59:28,612 INFO c.h.h.t.HelmChartContainer - [hivemq-test-hivemq-platform] [hivemq-platform-operator] [4223238d] 13:59:28.610 [pool-6-thread-12] DEBUG c.h.p.o.d.PlatformServiceResource - [helmmoni] Desired Platform services (3 services)
2025-01-29 13:59:28,616 INFO c.h.h.t.HelmChartContainer - [hivemq-test-hivemq-platform] [hivemq-platform-operator] [4223238d] 13:59:28.612 [pool-6-thread-13] DEBUG c.h.p.o.dependants.PodInfoConfigMap - [helmmoni] Desired PodInfo ConfigMap (1 extensions) (1 enabled)
2025-01-29 13:59:28,617 INFO c.h.h.t.HelmChartContainer - [hivemq-test-hivemq-platform] [hivemq-platform-operator] [4223238d] 13:59:28.613 [pool-6-thread-13] DEBUG c.h.p.o.dependants.PodInfoConfigMap - [helmmoni] Desired PodInfo ConfigMap (metrics port: 9399) (metrics path: /)
2025-01-29 13:59:28,617 INFO c.h.h.t.HelmChartContainer - [hivemq-test-hivemq-platform] [hivemq-platform-operator] [4223238d] 13:59:28.613 [pool-6-thread-13] DEBUG c.h.p.o.dependants.PodInfoConfigMap - [helmmoni] Desired PodInfo ConfigMap (extension state hash: -1817474005)
2025-01-29 13:59:28,619 INFO c.h.h.t.HelmChartContainer - [hivemq-test-hivemq-platform] [hivemq-platform-operator] [4223238d] 13:59:28.618 [pool-6-thread-17] DEBUG c.h.p.o.d.PodServiceAccountResource - [helmmoni] Desired PodServiceAccountResource (serviceAccountName: hivemq-platform-pod-test-hivemq-platform)
2025-01-29 13:59:28,621 INFO c.h.h.t.HelmChartContainer - [hivemq-test-hivemq-platform] [hivemq-platform-operator] [4223238d] 13:59:28.621 [pool-6-thread-13] DEBUG c.h.p.o.dependants.PodInfoConfigMap - [helmmoni] Update PodInfo ConfigMap
2025-01-29 13:59:28,635 INFO c.h.h.t.HelmChartContainer - [K3S] [alloc.go:330] "allocated clusterIPs" service="helmmonitoringplatformit/hivemq-test-hivemq-platform-mqtt-1883" clusterIPs={"IPv4":"10.43.207.108"}
2025-01-29 13:59:28,702 INFO c.h.h.t.HelmChartContainer - [K3S] [alloc.go:330] "allocated clusterIPs" service="helmmonitoringplatformit/hivemq-test-hivemq-platform-metrics-9399" clusterIPs={"IPv4":"10.43.129.159"}
2025-01-29 13:59:28,711 INFO c.h.h.t.HelmChartContainer - [K3S] [alloc.go:330] "allocated clusterIPs" service="helmmonitoringplatformit/hivemq-test-hivemq-platform-cc-8080" clusterIPs={"IPv4":"10.43.26.197"}
2025-01-29 13:59:28,788 INFO c.h.h.t.HelmChartContainer - [hivemq-test-hivemq-platform] [hivemq-platform-operator] [4223238d] 13:59:28.786 [pool-6-thread-20] DEBUG c.h.p.o.d.StatefulSetResource - [helmmoni] Desired StatefulSet (2 replicas) for status STARTING (READY)
2025-01-29 13:59:28,801 INFO c.h.h.t.HelmChartContainer - [hivemq-test-hivemq-platform] [hivemq-platform-operator] [4223238d] 13:59:28.800 [pool-6-thread-20] DEBUG c.h.p.o.d.StatefulSetResource - [helmmoni] Create StatefulSet
2025-01-29 13:59:28,903 INFO c.h.h.t.HelmChartContainer - [hivemq-test-hivemq-platform] [hivemq-platform-operator] [4223238d] 13:59:28.901 [ReconcilerExecutor-hivemq-controller-65] INFO  c.h.p.o.HiveMQPlatformReconciler - [helmmoni] Reconciling HiveMQ Platform 'test-hivemq-platform' in namespace 'helmmonitoringplatformit'
2025-01-29 13:59:28,903 INFO c.h.h.t.HelmChartContainer - [hivemq-test-hivemq-platform] [hivemq-platform-operator] [4223238d] 13:59:28.901 [ReconcilerExecutor-hivemq-controller-65] DEBUG c.h.p.o.HiveMQPlatformReconciler - [helmmoni] Custom Resource Status STARTING - HiveMQ Platform is starting (READY)
2025-01-29 13:59:28,903 INFO c.h.h.t.HelmChartContainer - [hivemq-test-hivemq-platform] [hivemq-platform-operator] [4223238d] 13:59:28.902 [ReconcilerExecutor-hivemq-controller-65] DEBUG c.h.p.o.HiveMQPlatformReconciler - [helmmoni] Custom Resource Spec (replicas: 2) (extensions: 1)
2025-01-29 13:59:28,908 INFO c.h.h.t.HelmChartContainer - [POD] test-hivemq-platform-0 [366c4d1e-e289-4ff2-92de-3f80c30392f9] in helmmonitoringplatformit was ADDED
2025-01-29 13:59:28,909 INFO c.h.h.t.HelmChartContainer - [hivemq-test-hivemq-platform] [hivemq-platform-operator] [4223238d] 13:59:28.905 [ReconcilerExecutor-hivemq-controller-65] DEBUG c.h.p.o.HiveMQPlatformReconciler - [helmmoni] StatefulSet Status (revision: null, replicas: 0, available: 0, ready: 0, current: 0, updated: 0)
2025-01-29 13:59:28,909 INFO c.h.h.t.HelmChartContainer - [hivemq-test-hivemq-platform] [hivemq-platform-operator] [4223238d] 13:59:28.905 [ReconcilerExecutor-hivemq-controller-65] DEBUG c.h.p.o.HiveMQPlatformReconciler - [helmmoni] StatefulSet Spec (replicas: 2, init containers: 1, containers: 1, volumes: 3)
2025-01-29 13:59:28,910 INFO c.h.h.t.HelmChartContainer - [EVENT] Normal [SuccessfulCreate] create Pod test-hivemq-platform-0 in StatefulSet test-hivemq-platform successful [helmmonitoringplatformit:test-hivemq-platform]
2025-01-29 13:59:28,914 INFO c.h.h.t.HelmChartContainer - [K3S] [memory_manager.go:355] "RemoveStaleState removing state" podUID="68ddc5cb-272b-493a-ae4c-060f2fc9e072" containerName="patch"
2025-01-29 13:59:28,917 INFO c.h.h.t.HelmChartContainer - [POD] test-hivemq-platform-0 [366c4d1e-e289-4ff2-92de-3f80c30392f9] in helmmonitoringplatformit was MODIFIED
2025-01-29 13:59:28,918 INFO c.h.h.t.HelmChartContainer - [EVENT] Normal [Scheduled] Successfully assigned helmmonitoringplatformit/test-hivemq-platform-0 to 5da5100ee944 [helmmonitoringplatformit:test-hivemq-platform-0]
2025-01-29 13:59:28,928 INFO c.h.h.t.HelmChartContainer - [POD] test-hivemq-platform-0 [366c4d1e-e289-4ff2-92de-3f80c30392f9] in helmmonitoringplatformit was MODIFIED
2025-01-29 13:59:28,999 INFO c.h.h.t.HelmChartContainer - [hivemq-test-hivemq-platform] [hivemq-platform-operator] [4223238d] 13:59:28.997 [ReconcilerExecutor-hivemq-controller-65] DEBUG c.h.p.o.h.HiveMQPlatformReconcilerErrorHandler - [helmmoni] Pod 'test-hivemq-platform-0' phase Pending
2025-01-29 13:59:29,001 INFO c.h.h.t.HelmChartContainer - [hivemq-test-hivemq-platform] [hivemq-platform-operator] [4223238d] 13:59:28.999 [ReconcilerExecutor-hivemq-controller-65] INFO  c.h.p.o.h.HiveMQPlatformReconcilerBaseHandler - [helmmoni] HiveMQ Platform is starting, 0 of 2 replicas are ready
2025-01-29 13:59:29,034 INFO c.h.h.t.HelmChartContainer - [hivemq-test-hivemq-platform] [hivemq-platform-operator] [4223238d] 13:59:29.033 [pool-6-thread-22] DEBUG c.h.p.o.d.PlatformServiceResource - [helmmoni] Desired Platform services (3 services)
2025-01-29 13:59:29,045 INFO c.h.h.t.HelmChartContainer - [K3S] [reconciler_common.go:251] "operationExecutor.VerifyControllerAttachedVolume started for volume \"pod-info\" (UniqueName: \"kubernetes.io/configmap/366c4d1e-e289-4ff2-92de-3f80c30392f9-pod-info\") pod \"test-hivemq-platform-0\" (UID: \"366c4d1e-e289-4ff2-92de-3f80c30392f9\") " pod="helmmonitoringplatformit/test-hivemq-platform-0"
2025-01-29 13:59:29,045 INFO c.h.h.t.HelmChartContainer - [K3S] [reconciler_common.go:251] "operationExecutor.VerifyControllerAttachedVolume started for volume \"operator-init\" (UniqueName: \"kubernetes.io/empty-dir/366c4d1e-e289-4ff2-92de-3f80c30392f9-operator-init\") pod \"test-hivemq-platform-0\" (UID: \"366c4d1e-e289-4ff2-92de-3f80c30392f9\") " pod="helmmonitoringplatformit/test-hivemq-platform-0"
2025-01-29 13:59:29,045 INFO c.h.h.t.HelmChartContainer - [K3S] [reconciler_common.go:251] "operationExecutor.VerifyControllerAttachedVolume started for volume \"kube-api-access-j7qj7\" (UniqueName: \"kubernetes.io/projected/366c4d1e-e289-4ff2-92de-3f80c30392f9-kube-api-access-j7qj7\") pod \"test-hivemq-platform-0\" (UID: \"366c4d1e-e289-4ff2-92de-3f80c30392f9\") " pod="helmmonitoringplatformit/test-hivemq-platform-0"
2025-01-29 13:59:29,045 INFO c.h.h.t.HelmChartContainer - [K3S] [reconciler_common.go:251] "operationExecutor.VerifyControllerAttachedVolume started for volume \"broker-configuration\" (UniqueName: \"kubernetes.io/configmap/366c4d1e-e289-4ff2-92de-3f80c30392f9-broker-configuration\") pod \"test-hivemq-platform-0\" (UID: \"366c4d1e-e289-4ff2-92de-3f80c30392f9\") " pod="helmmonitoringplatformit/test-hivemq-platform-0"
2025-01-29 13:59:29,089 INFO c.h.h.t.HelmChartContainer - [hivemq-test-hivemq-platform] [hivemq-platform-operator] [4223238d] 13:59:29.087 [pool-6-thread-23] DEBUG c.h.p.o.dependants.PodInfoConfigMap - [helmmoni] Desired PodInfo ConfigMap (1 extensions) (1 enabled)
2025-01-29 13:59:29,090 INFO c.h.h.t.HelmChartContainer - [hivemq-test-hivemq-platform] [hivemq-platform-operator] [4223238d] 13:59:29.088 [pool-6-thread-23] DEBUG c.h.p.o.dependants.PodInfoConfigMap - [helmmoni] Desired PodInfo ConfigMap (metrics port: 9399) (metrics path: /)
2025-01-29 13:59:29,090 INFO c.h.h.t.HelmChartContainer - [hivemq-test-hivemq-platform] [hivemq-platform-operator] [4223238d] 13:59:29.088 [pool-6-thread-23] DEBUG c.h.p.o.dependants.PodInfoConfigMap - [helmmoni] Desired PodInfo ConfigMap (extension state hash: -1817474005)
2025-01-29 13:59:29,091 INFO c.h.h.t.HelmChartContainer - [hivemq-test-hivemq-platform] [hivemq-platform-operator] [4223238d] 13:59:29.091 [pool-6-thread-27] DEBUG c.h.p.o.d.PodServiceAccountResource - [helmmoni] Desired PodServiceAccountResource (serviceAccountName: hivemq-platform-pod-test-hivemq-platform)
2025-01-29 13:59:29,098 INFO c.h.h.t.HelmChartContainer - [hivemq-test-hivemq-platform] [hivemq-platform-operator] [4223238d] 13:59:29.097 [pool-6-thread-30] DEBUG c.h.p.o.d.StatefulSetResource - [helmmoni] Desired StatefulSet (2 replicas) for status STARTING (READY)
2025-01-29 13:59:29,129 INFO c.h.h.t.HelmChartContainer - [hivemq-test-hivemq-platform] [hivemq-platform-operator] [4223238d] 13:59:29.129 [ReconcilerExecutor-hivemq-controller-76] INFO  c.h.p.o.HiveMQPlatformReconciler - [helmmoni] Reconciling HiveMQ Platform 'test-hivemq-platform' in namespace 'helmmonitoringplatformit'
2025-01-29 13:59:29,129 INFO c.h.h.t.HelmChartContainer - [hivemq-test-hivemq-platform] [hivemq-platform-operator] [4223238d] 13:59:29.129 [ReconcilerExecutor-hivemq-controller-76] DEBUG c.h.p.o.HiveMQPlatformReconciler - [helmmoni] Custom Resource Status STARTING - HiveMQ Platform is starting (READY)
2025-01-29 13:59:29,129 INFO c.h.h.t.HelmChartContainer - [hivemq-test-hivemq-platform] [hivemq-platform-operator] [4223238d] 13:59:29.129 [ReconcilerExecutor-hivemq-controller-76] DEBUG c.h.p.o.HiveMQPlatformReconciler - [helmmoni] Custom Resource Spec (replicas: 2) (extensions: 1)
2025-01-29 13:59:29,189 INFO c.h.h.t.HelmChartContainer - [hivemq-test-hivemq-platform] [hivemq-platform-operator] [4223238d] 13:59:29.188 [ReconcilerExecutor-hivemq-controller-76] DEBUG c.h.p.o.HiveMQPlatformReconciler - [helmmoni] StatefulSet Status (revision: test-hivemq-platform-64db946475, replicas: 1, available: 0, ready: 0, current: 1, updated: 1)
2025-01-29 13:59:29,190 INFO c.h.h.t.HelmChartContainer - [hivemq-test-hivemq-platform] [hivemq-platform-operator] [4223238d] 13:59:29.188 [ReconcilerExecutor-hivemq-controller-76] DEBUG c.h.p.o.HiveMQPlatformReconciler - [helmmoni] StatefulSet Spec (replicas: 2, init containers: 1, containers: 1, volumes: 3)
2025-01-29 13:59:29,195 INFO c.h.h.t.HelmChartContainer - [hivemq-test-hivemq-platform] [hivemq-platform-operator] [4223238d] 13:59:29.195 [ReconcilerExecutor-hivemq-controller-76] DEBUG c.h.p.o.h.HiveMQPlatformReconcilerErrorHandler - [helmmoni] Pod 'test-hivemq-platform-0' phase Pending
2025-01-29 13:59:29,196 INFO c.h.h.t.HelmChartContainer - [hivemq-test-hivemq-platform] [hivemq-platform-operator] [4223238d] 13:59:29.195 [ReconcilerExecutor-hivemq-controller-76] DEBUG c.h.p.o.h.HiveMQPlatformReconcilerErrorHandler - [helmmoni] Pod 'test-hivemq-platform-0' condition 'PodReadyToStartContainers': False
2025-01-29 13:59:29,197 INFO c.h.h.t.HelmChartContainer - [hivemq-test-hivemq-platform] [hivemq-platform-operator] [4223238d] 13:59:29.196 [ReconcilerExecutor-hivemq-controller-76] DEBUG c.h.p.o.h.HiveMQPlatformReconcilerErrorHandler - [helmmoni] Pod 'test-hivemq-platform-0' condition 'Initialized': False
2025-01-29 13:59:29,197 INFO c.h.h.t.HelmChartContainer - [hivemq-test-hivemq-platform] [hivemq-platform-operator] [4223238d] 13:59:29.196 [ReconcilerExecutor-hivemq-controller-76] DEBUG c.h.p.o.h.HiveMQPlatformReconcilerErrorHandler - [helmmoni] Pod 'test-hivemq-platform-0' condition 'Ready': False
2025-01-29 13:59:29,198 INFO c.h.h.t.HelmChartContainer - [hivemq-test-hivemq-platform] [hivemq-platform-operator] [4223238d] 13:59:29.196 [ReconcilerExecutor-hivemq-controller-76] DEBUG c.h.p.o.h.HiveMQPlatformReconcilerErrorHandler - [helmmoni] Pod 'test-hivemq-platform-0' condition 'ContainersReady': False
2025-01-29 13:59:29,198 INFO c.h.h.t.HelmChartContainer - [hivemq-test-hivemq-platform] [hivemq-platform-operator] [4223238d] 13:59:29.196 [ReconcilerExecutor-hivemq-controller-76] DEBUG c.h.p.o.h.HiveMQPlatformReconcilerErrorHandler - [helmmoni] Pod 'test-hivemq-platform-0' condition 'PodScheduled': True
2025-01-29 13:59:29,198 INFO c.h.h.t.HelmChartContainer - [hivemq-test-hivemq-platform] [hivemq-platform-operator] [4223238d] 13:59:29.196 [ReconcilerExecutor-hivemq-controller-76] DEBUG c.h.p.o.h.HiveMQPlatformReconcilerErrorHandler - [helmmoni] Pod 'test-hivemq-platform-0' containerStatus 'hivemq' (started: false) (ready: false) (waiting: [PodInitializing] null)
2025-01-29 13:59:29,199 INFO c.h.h.t.HelmChartContainer - [hivemq-test-hivemq-platform] [hivemq-platform-operator] [4223238d] 13:59:29.198 [ReconcilerExecutor-hivemq-controller-76] INFO  c.h.p.o.h.HiveMQPlatformReconcilerBaseHandler - [helmmoni] HiveMQ Platform is starting, 0 of 2 replicas are ready
2025-01-29 13:59:29,311 INFO c.h.h.t.HelmChartContainer - [EVENT] Normal [Pulled] Container image "docker.io/hivemq/hivemq-platform-operator-init-test:snapshot" already present on machine [helmmonitoringplatformit:test-hivemq-platform-0]
2025-01-29 13:59:29,432 INFO c.h.h.t.HelmChartContainer - [EVENT] Normal [Created] Created container: hivemq-platform-operator-init [helmmonitoringplatformit:test-hivemq-platform-0]
2025-01-29 13:59:29,472 INFO c.h.h.t.HelmChartContainer - [EVENT] Normal [Started] Started container hivemq-platform-operator-init [helmmonitoringplatformit:test-hivemq-platform-0]
2025-01-29 13:59:29,729 INFO c.h.h.t.HelmChartContainer - [EVENT] Normal [Pulled] Container image "docker.io/hivemq/hivemq4:4.36.0" already present on machine [helmmonitoringplatformit:test-hivemq-platform-0]
2025-01-29 13:59:29,729 INFO c.h.h.t.HelmChartContainer - Received Pulled event for container hivemq in pod test-hivemq-platform-0 [366c4d1e-e289-4ff2-92de-3f80c30392f9]
2025-01-29 13:59:29,743 INFO c.h.h.t.HelmChartContainer - [POD] test-hivemq-platform-0 [366c4d1e-e289-4ff2-92de-3f80c30392f9] in helmmonitoringplatformit was MODIFIED
2025-01-29 13:59:29,763 INFO c.h.h.t.HelmChartContainer - [hivemq-test-hivemq-platform] [hivemq-platform-operator] [4223238d] 13:59:29.752 [pool-6-thread-32] DEBUG c.h.p.o.d.PlatformServiceResource - [helmmoni] Desired Platform services (3 services)
2025-01-29 13:59:29,763 INFO c.h.h.t.HelmChartContainer - [hivemq-test-hivemq-platform] [hivemq-platform-operator] [4223238d] 13:59:29.753 [pool-6-thread-33] DEBUG c.h.p.o.dependants.PodInfoConfigMap - [helmmoni] Desired PodInfo ConfigMap (1 extensions) (1 enabled)
2025-01-29 13:59:29,763 INFO c.h.h.t.HelmChartContainer - [hivemq-test-hivemq-platform] [hivemq-platform-operator] [4223238d] 13:59:29.755 [pool-6-thread-33] DEBUG c.h.p.o.dependants.PodInfoConfigMap - [helmmoni] Desired PodInfo ConfigMap (metrics port: 9399) (metrics path: /)
2025-01-29 13:59:29,763 INFO c.h.h.t.HelmChartContainer - [hivemq-test-hivemq-platform] [hivemq-platform-operator] [4223238d] 13:59:29.755 [pool-6-thread-33] DEBUG c.h.p.o.dependants.PodInfoConfigMap - [helmmoni] Desired PodInfo ConfigMap (extension state hash: -1817474005)
2025-01-29 13:59:29,768 INFO c.h.h.t.HelmChartContainer - [hivemq-test-hivemq-platform] [hivemq-platform-operator] [4223238d] 13:59:29.759 [pool-6-thread-37] DEBUG c.h.p.o.d.PodServiceAccountResource - [helmmoni] Desired PodServiceAccountResource (serviceAccountName: hivemq-platform-pod-test-hivemq-platform)
2025-01-29 13:59:29,833 INFO c.h.h.t.HelmChartContainer - [hivemq-test-hivemq-platform] [hivemq-platform-operator] [4223238d] 13:59:29.829 [pool-6-thread-40] DEBUG c.h.p.o.d.StatefulSetResource - [helmmoni] Desired StatefulSet (2 replicas) for status STARTING (READY)
2025-01-29 13:59:29,835 INFO c.h.h.t.HelmChartContainer - [hivemq-test-hivemq-platform] [hivemq-platform-operator] [4223238d] 13:59:29.834 [ReconcilerExecutor-hivemq-controller-87] INFO  c.h.p.o.HiveMQPlatformReconciler - [helmmoni] Reconciling HiveMQ Platform 'test-hivemq-platform' in namespace 'helmmonitoringplatformit'
2025-01-29 13:59:29,835 INFO c.h.h.t.HelmChartContainer - [hivemq-test-hivemq-platform] [hivemq-platform-operator] [4223238d] 13:59:29.835 [ReconcilerExecutor-hivemq-controller-87] DEBUG c.h.p.o.HiveMQPlatformReconciler - [helmmoni] Custom Resource Status STARTING - HiveMQ Platform is starting (READY)
2025-01-29 13:59:29,837 INFO c.h.h.t.HelmChartContainer - [hivemq-test-hivemq-platform] [hivemq-platform-operator] [4223238d] 13:59:29.835 [ReconcilerExecutor-hivemq-controller-87] DEBUG c.h.p.o.HiveMQPlatformReconciler - [helmmoni] Custom Resource Spec (replicas: 2) (extensions: 1)
2025-01-29 13:59:29,840 INFO c.h.h.t.HelmChartContainer - [hivemq-test-hivemq-platform] [hivemq-platform-operator] [4223238d] 13:59:29.838 [ReconcilerExecutor-hivemq-controller-87] DEBUG c.h.p.o.HiveMQPlatformReconciler - [helmmoni] StatefulSet Status (revision: test-hivemq-platform-64db946475, replicas: 1, available: 0, ready: 0, current: 1, updated: 1)
2025-01-29 13:59:29,840 INFO c.h.h.t.HelmChartContainer - [hivemq-test-hivemq-platform] [hivemq-platform-operator] [4223238d] 13:59:29.838 [ReconcilerExecutor-hivemq-controller-87] DEBUG c.h.p.o.HiveMQPlatformReconciler - [helmmoni] StatefulSet Spec (replicas: 2, init containers: 1, containers: 1, volumes: 3)
2025-01-29 13:59:29,845 INFO c.h.h.t.HelmChartContainer - [hivemq-test-hivemq-platform] [hivemq-platform-operator] [4223238d] 13:59:29.842 [ReconcilerExecutor-hivemq-controller-87] DEBUG c.h.p.o.h.HiveMQPlatformReconcilerErrorHandler - [helmmoni] Pod 'test-hivemq-platform-0' phase Pending
2025-01-29 13:59:29,845 INFO c.h.h.t.HelmChartContainer - [hivemq-test-hivemq-platform] [hivemq-platform-operator] [4223238d] 13:59:29.843 [ReconcilerExecutor-hivemq-controller-87] DEBUG c.h.p.o.h.HiveMQPlatformReconcilerErrorHandler - [helmmoni] Pod 'test-hivemq-platform-0' condition 'PodReadyToStartContainers': True
2025-01-29 13:59:29,845 INFO c.h.h.t.HelmChartContainer - [hivemq-test-hivemq-platform] [hivemq-platform-operator] [4223238d] 13:59:29.843 [ReconcilerExecutor-hivemq-controller-87] DEBUG c.h.p.o.h.HiveMQPlatformReconcilerErrorHandler - [helmmoni] Pod 'test-hivemq-platform-0' condition 'Initialized': True
2025-01-29 13:59:29,845 INFO c.h.h.t.HelmChartContainer - [hivemq-test-hivemq-platform] [hivemq-platform-operator] [4223238d] 13:59:29.843 [ReconcilerExecutor-hivemq-controller-87] DEBUG c.h.p.o.h.HiveMQPlatformReconcilerErrorHandler - [helmmoni] Pod 'test-hivemq-platform-0' condition 'Ready': False
2025-01-29 13:59:29,845 INFO c.h.h.t.HelmChartContainer - [hivemq-test-hivemq-platform] [hivemq-platform-operator] [4223238d] 13:59:29.843 [ReconcilerExecutor-hivemq-controller-87] DEBUG c.h.p.o.h.HiveMQPlatformReconcilerErrorHandler - [helmmoni] Pod 'test-hivemq-platform-0' condition 'ContainersReady': False
2025-01-29 13:59:29,845 INFO c.h.h.t.HelmChartContainer - [hivemq-test-hivemq-platform] [hivemq-platform-operator] [4223238d] 13:59:29.843 [ReconcilerExecutor-hivemq-controller-87] DEBUG c.h.p.o.h.HiveMQPlatformReconcilerErrorHandler - [helmmoni] Pod 'test-hivemq-platform-0' condition 'PodScheduled': True
2025-01-29 13:59:29,845 INFO c.h.h.t.HelmChartContainer - [hivemq-test-hivemq-platform] [hivemq-platform-operator] [4223238d] 13:59:29.843 [ReconcilerExecutor-hivemq-controller-87] DEBUG c.h.p.o.h.HiveMQPlatformReconcilerErrorHandler - [helmmoni] Pod 'test-hivemq-platform-0' containerStatus 'hivemq' (started: false) (ready: false) (waiting: [PodInitializing] null)
2025-01-29 13:59:29,845 INFO c.h.h.t.HelmChartContainer - [hivemq-test-hivemq-platform] [hivemq-platform-operator] [4223238d] 13:59:29.844 [ReconcilerExecutor-hivemq-controller-87] INFO  c.h.p.o.h.HiveMQPlatformReconcilerBaseHandler - [helmmoni] HiveMQ Platform is starting, 0 of 2 replicas are ready
2025-01-29 13:59:31,502 INFO c.h.h.t.HelmChartContainer - [EVENT] Normal [Created] Created container: hivemq [helmmonitoringplatformit:test-hivemq-platform-0]
2025-01-29 13:59:31,502 INFO c.h.h.t.HelmChartContainer - Received Created event for container hivemq in pod test-hivemq-platform-0 [366c4d1e-e289-4ff2-92de-3f80c30392f9]
2025-01-29 13:59:31,741 INFO c.h.h.t.HelmChartContainer - [POD] test-hivemq-platform-0 [366c4d1e-e289-4ff2-92de-3f80c30392f9] in helmmonitoringplatformit was MODIFIED
2025-01-29 13:59:31,754 INFO c.h.h.t.HelmChartContainer - [hivemq-test-hivemq-platform] [hivemq-platform-operator] [4223238d] 13:59:31.750 [pool-6-thread-42] DEBUG c.h.p.o.d.PlatformServiceResource - [helmmoni] Desired Platform services (3 services)
2025-01-29 13:59:31,757 INFO c.h.h.t.HelmChartContainer - [hivemq-test-hivemq-platform] [hivemq-platform-operator] [4223238d] 13:59:31.755 [pool-6-thread-43] DEBUG c.h.p.o.dependants.PodInfoConfigMap - [helmmoni] Desired PodInfo ConfigMap (1 extensions) (1 enabled)
2025-01-29 13:59:31,757 INFO c.h.h.t.HelmChartContainer - [hivemq-test-hivemq-platform] [hivemq-platform-operator] [4223238d] 13:59:31.755 [pool-6-thread-43] DEBUG c.h.p.o.dependants.PodInfoConfigMap - [helmmoni] Desired PodInfo ConfigMap (metrics port: 9399) (metrics path: /)
2025-01-29 13:59:31,758 INFO c.h.h.t.HelmChartContainer - [hivemq-test-hivemq-platform] [hivemq-platform-operator] [4223238d] 13:59:31.756 [pool-6-thread-43] DEBUG c.h.p.o.dependants.PodInfoConfigMap - [helmmoni] Desired PodInfo ConfigMap (extension state hash: -1817474005)
2025-01-29 13:59:31,761 INFO c.h.h.t.HelmChartContainer - [hivemq-test-hivemq-platform] [hivemq-platform-operator] [4223238d] 13:59:31.759 [pool-6-thread-47] DEBUG c.h.p.o.d.PodServiceAccountResource - [helmmoni] Desired PodServiceAccountResource (serviceAccountName: hivemq-platform-pod-test-hivemq-platform)
2025-01-29 13:59:31,763 INFO c.h.h.t.HelmChartContainer - Started log watcher for hivemq in pod test-hivemq-platform-0 [366c4d1e-e289-4ff2-92de-3f80c30392f9]
2025-01-29 13:59:31,763 INFO c.h.h.t.HelmChartContainer - [test-hivemq-platform] [hivemq] [366c4d1e] Adding pre-installed HiveMQ Platform Operator extensions
2025-01-29 13:59:31,764 INFO c.h.h.t.HelmChartContainer - [EVENT] Normal [Started] Started container hivemq [helmmonitoringplatformit:test-hivemq-platform-0]
2025-01-29 13:59:31,764 INFO c.h.h.t.HelmChartContainer - Received Started event for container hivemq in pod test-hivemq-platform-0 [366c4d1e-e289-4ff2-92de-3f80c30392f9]
2025-01-29 13:59:31,764 INFO c.h.h.t.HelmChartContainer - [test-hivemq-platform] [hivemq] [366c4d1e] Running as user 10000
2025-01-29 13:59:31,764 INFO c.h.h.t.HelmChartContainer - [test-hivemq-platform] [hivemq] [366c4d1e] Starting HiveMQ Platform Operator Init
2025-01-29 13:59:31,830 INFO c.h.h.t.HelmChartContainer - [hivemq-test-hivemq-platform] [hivemq-platform-operator] [4223238d] 13:59:31.829 [pool-6-thread-50] DEBUG c.h.p.o.d.StatefulSetResource - [helmmoni] Desired StatefulSet (2 replicas) for status STARTING (READY)
2025-01-29 13:59:31,837 INFO c.h.h.t.HelmChartContainer - [hivemq-test-hivemq-platform] [hivemq-platform-operator] [4223238d] 13:59:31.836 [ReconcilerExecutor-hivemq-controller-98] INFO  c.h.p.o.HiveMQPlatformReconciler - [helmmoni] Reconciling HiveMQ Platform 'test-hivemq-platform' in namespace 'helmmonitoringplatformit'
2025-01-29 13:59:31,838 INFO c.h.h.t.HelmChartContainer - [hivemq-test-hivemq-platform] [hivemq-platform-operator] [4223238d] 13:59:31.836 [ReconcilerExecutor-hivemq-controller-98] DEBUG c.h.p.o.HiveMQPlatformReconciler - [helmmoni] Custom Resource Status STARTING - HiveMQ Platform is starting (READY)
2025-01-29 13:59:31,838 INFO c.h.h.t.HelmChartContainer - [hivemq-test-hivemq-platform] [hivemq-platform-operator] [4223238d] 13:59:31.836 [ReconcilerExecutor-hivemq-controller-98] DEBUG c.h.p.o.HiveMQPlatformReconciler - [helmmoni] Custom Resource Spec (replicas: 2) (extensions: 1)
2025-01-29 13:59:31,840 INFO c.h.h.t.HelmChartContainer - [hivemq-test-hivemq-platform] [hivemq-platform-operator] [4223238d] 13:59:31.840 [ReconcilerExecutor-hivemq-controller-98] DEBUG c.h.p.o.HiveMQPlatformReconciler - [helmmoni] StatefulSet Status (revision: test-hivemq-platform-64db946475, replicas: 1, available: 0, ready: 0, current: 1, updated: 1)
2025-01-29 13:59:31,840 INFO c.h.h.t.HelmChartContainer - [hivemq-test-hivemq-platform] [hivemq-platform-operator] [4223238d] 13:59:31.840 [ReconcilerExecutor-hivemq-controller-98] DEBUG c.h.p.o.HiveMQPlatformReconciler - [helmmoni] StatefulSet Spec (replicas: 2, init containers: 1, containers: 1, volumes: 3)
2025-01-29 13:59:31,843 INFO c.h.h.t.HelmChartContainer - [hivemq-test-hivemq-platform] [hivemq-platform-operator] [4223238d] 13:59:31.842 [ReconcilerExecutor-hivemq-controller-98] DEBUG c.h.p.o.h.HiveMQPlatformReconcilerErrorHandler - [helmmoni] Pod 'test-hivemq-platform-0' phase Running
2025-01-29 13:59:31,844 INFO c.h.h.t.HelmChartContainer - [hivemq-test-hivemq-platform] [hivemq-platform-operator] [4223238d] 13:59:31.843 [ReconcilerExecutor-hivemq-controller-98] INFO  c.h.p.o.h.HiveMQPlatformReconcilerBaseHandler - [helmmoni] HiveMQ Platform is starting, 0 of 2 replicas are ready
2025-01-29 13:59:32,793 INFO c.h.h.t.HelmChartContainer - [test-hivemq-platform] [hivemq] [366c4d1e] INFO  - [HiveMQ Platform Operator Init 1.7.0-SNAPSHOT] HiveMQ Platform Operator Init 1.7.0-SNAPSHOT (commit: bebf408 on branch: HEAD) built on Sun Jan 26 20:47:47 UTC 2025
2025-01-29 13:59:33,904 INFO c.h.h.t.HelmChartContainer - [test-hivemq-platform] [hivemq] [366c4d1e] INFO  - [HiveMQ Platform Operator Init App 1.7.0-SNAPSHOT] Using bind address 10.42.0.17 from environment variable
2025-01-29 13:59:34,816 INFO c.h.h.t.HelmChartContainer - [test-hivemq-platform] [hivemq] [366c4d1e] INFO  - [HiveMQ Platform Operator Init App 1.7.0-SNAPSHOT] HiveMQ Platform Operator Init App 1.7.0-SNAPSHOT (commit: bebf408 on branch: HEAD) built on Sun Jan 26 20:47:47 UTC 2025
2025-01-29 13:59:34,816 INFO c.h.h.t.HelmChartContainer - [test-hivemq-platform] [hivemq] [366c4d1e] INFO  - [HiveMQ Platform Operator Init App 1.7.0-SNAPSHOT] PodInfo ConfigMap directory: /etc/podinfo
2025-01-29 13:59:34,817 INFO c.h.h.t.HelmChartContainer - [test-hivemq-platform] [hivemq] [366c4d1e] INFO  - [HiveMQ Platform Operator Init App 1.7.0-SNAPSHOT] HiveMQ home directory: /opt/hivemq
2025-01-29 13:59:34,817 INFO c.h.h.t.HelmChartContainer - [test-hivemq-platform] [hivemq] [366c4d1e] INFO  - [HiveMQ Platform Operator Init App 1.7.0-SNAPSHOT] HiveMQ Logback folder: /opt/hivemq/conf
2025-01-29 13:59:34,817 INFO c.h.h.t.HelmChartContainer - [test-hivemq-platform] [hivemq] [366c4d1e] INFO  - [HiveMQ Platform Operator Init App 1.7.0-SNAPSHOT] HiveMQ Config folder: /opt/hivemq/conf-k8s
2025-01-29 13:59:34,818 INFO c.h.h.t.HelmChartContainer - [test-hivemq-platform] [hivemq] [366c4d1e] INFO  - [HiveMQ Platform Operator Init App 1.7.0-SNAPSHOT] Starting HiveMQ Platform Operator Init App
2025-01-29 13:59:34,818 INFO c.h.h.t.HelmChartContainer - [test-hivemq-platform] [hivemq] [366c4d1e] INFO  - [HiveMQ Platform Operator Init App 1.7.0-SNAPSHOT] Starting Pod reconciler
2025-01-29 13:59:36,038 INFO c.h.h.t.HelmChartContainer - [test-hivemq-platform] [hivemq] [366c4d1e] INFO  - [HiveMQ Platform Operator Init App 1.7.0-SNAPSHOT] Pod reconciler is scheduled (interval: 5000 ms)
2025-01-29 13:59:36,039 INFO c.h.h.t.HelmChartContainer - [test-hivemq-platform] [hivemq] [366c4d1e] INFO  - [HiveMQ Platform Operator Init App 1.7.0-SNAPSHOT] Starting the REST API on 10.42.0.17:7979
2025-01-29 13:59:36,090 INFO c.h.h.t.HelmChartContainer - [test-hivemq-platform] [hivemq] [366c4d1e] INFO  - [HiveMQ Platform Operator Init App 1.7.0-SNAPSHOT] Waiting up to 600s for at most 2 HiveMQ nodes in cluster service hivemq-test-hivemq-platform-cluster.helmmonitoringplatformit.svc
2025-01-29 13:59:36,392 INFO c.h.h.t.HelmChartContainer - [test-hivemq-platform] [hivemq] [366c4d1e] INFO  - [HiveMQ Platform Operator Init App 1.7.0-SNAPSHOT] Resolved 1 IP addresses: [10.42.0.17]
2025-01-29 13:59:36,392 INFO c.h.h.t.HelmChartContainer - [test-hivemq-platform] [hivemq] [366c4d1e] INFO  - [HiveMQ Platform Operator Init App 1.7.0-SNAPSHOT] HiveMQ node count of 1 is within threshold of 2
2025-01-29 13:59:36,392 INFO c.h.h.t.HelmChartContainer - [test-hivemq-platform] [hivemq] [366c4d1e] INFO  - [HiveMQ Platform Operator Init App 1.7.0-SNAPSHOT] Proceeding with container start
2025-01-29 13:59:36,491 INFO c.h.h.t.HelmChartContainer - [test-hivemq-platform] [hivemq] [366c4d1e] INFO  - [HiveMQ Platform Operator Init App 1.7.0-SNAPSHOT] Initializing HiveMQ Platform extensions with initial configuration: {hivemq-allow-all-extension={start-priority=-1, skip-https-hostname-verification=false, restart=true, config-version=0, header-version=0, c-uri=, priority=-1, uri=preinstalled, skip-https-certificate-validation=false, enabled=true}, hivemq-prometheus-extension={restart=true, enabled=true, request-header-path=no-request-headers, uri=preinstalled, skip-https-certificate-validation=false, skip-https-hostname-verification=false, c-uri=, start-priority=-1, priority=-1}}
2025-01-29 13:59:36,991 INFO c.h.h.t.HelmChartContainer - [test-hivemq-platform] [hivemq] [366c4d1e] INFO  - [HiveMQ Platform Operator Init App 1.7.0-SNAPSHOT] Extension hivemq-allow-all-extension was already enabled
2025-01-29 13:59:37,014 INFO c.h.h.t.HelmChartContainer - [test-hivemq-platform] [hivemq] [366c4d1e] INFO  - [HiveMQ Platform Operator Init App 1.7.0-SNAPSHOT] Successfully enabled extension hivemq-prometheus-extension
2025-01-29 13:59:37,016 INFO c.h.h.t.HelmChartContainer - [test-hivemq-platform] [hivemq] [366c4d1e] INFO  - [HiveMQ Platform Operator Init App 1.7.0-SNAPSHOT] Starting HiveMQ Platform version 4.36.0 (4.36.0)
2025-01-29 13:59:37,017 INFO c.h.h.t.HelmChartContainer - [test-hivemq-platform] [hivemq] [366c4d1e] INFO  - [HiveMQ Platform Operator Init App 1.7.0-SNAPSHOT] Configuring the HiveMQ Platform
2025-01-29 13:59:37,026 INFO c.h.h.t.HelmChartContainer - [test-hivemq-platform] [hivemq] [366c4d1e] INFO  - [HiveMQ Platform Operator Init App 1.7.0-SNAPSHOT] Changed logback.xml file scan period to 20 seconds
2025-01-29 13:59:37,116 INFO c.h.h.t.HelmChartContainer - [test-hivemq-platform] [hivemq] [366c4d1e] INFO  - [HiveMQ Platform Operator Init App 1.7.0-SNAPSHOT] Starting the HiveMQ Platform
2025-01-29 13:59:37,119 INFO c.h.h.t.HelmChartContainer - [test-hivemq-platform] [hivemq] [366c4d1e] -------------------------------------------------------------------------
2025-01-29 13:59:37,119 INFO c.h.h.t.HelmChartContainer - [test-hivemq-platform] [hivemq] [366c4d1e] 
2025-01-29 13:59:37,119 INFO c.h.h.t.HelmChartContainer - [test-hivemq-platform] [hivemq] [366c4d1e]                   _    _  _              __  __   ____
2025-01-29 13:59:37,119 INFO c.h.h.t.HelmChartContainer - [test-hivemq-platform] [hivemq] [366c4d1e]                  | |  | |(_)            |  \/  | / __ \
2025-01-29 13:59:37,119 INFO c.h.h.t.HelmChartContainer - [test-hivemq-platform] [hivemq] [366c4d1e]                  | |__| | _ __   __ ___ | \  / || |  | |
2025-01-29 13:59:37,119 INFO c.h.h.t.HelmChartContainer - [test-hivemq-platform] [hivemq] [366c4d1e]                  |  __  || |\ \ / // _ \| |\/| || |  | |
2025-01-29 13:59:37,119 INFO c.h.h.t.HelmChartContainer - [test-hivemq-platform] [hivemq] [366c4d1e]                  | |  | || | \ V /|  __/| |  | || |__| |
2025-01-29 13:59:37,119 INFO c.h.h.t.HelmChartContainer - [test-hivemq-platform] [hivemq] [366c4d1e]                  |_|  |_||_|  \_/  \___||_|  |_| \___\_\
2025-01-29 13:59:37,119 INFO c.h.h.t.HelmChartContainer - [test-hivemq-platform] [hivemq] [366c4d1e] 
2025-01-29 13:59:37,119 INFO c.h.h.t.HelmChartContainer - [test-hivemq-platform] [hivemq] [366c4d1e] -------------------------------------------------------------------------
2025-01-29 13:59:37,119 INFO c.h.h.t.HelmChartContainer - [test-hivemq-platform] [hivemq] [366c4d1e] 
2025-01-29 13:59:37,119 INFO c.h.h.t.HelmChartContainer - [test-hivemq-platform] [hivemq] [366c4d1e]   HiveMQ Start Script for Linux/Unix v1.14
2025-01-29 13:59:37,119 INFO c.h.h.t.HelmChartContainer - [test-hivemq-platform] [hivemq] [366c4d1e] 
2025-01-29 13:59:37,220 INFO c.h.h.t.HelmChartContainer - [test-hivemq-platform] [hivemq] [366c4d1e] -------------------------------------------------------------------------
2025-01-29 13:59:37,220 INFO c.h.h.t.HelmChartContainer - [test-hivemq-platform] [hivemq] [366c4d1e] 
2025-01-29 13:59:37,220 INFO c.h.h.t.HelmChartContainer - [test-hivemq-platform] [hivemq] [366c4d1e]   HIVEMQ_HOME: /opt/hivemq
2025-01-29 13:59:37,220 INFO c.h.h.t.HelmChartContainer - [test-hivemq-platform] [hivemq] [366c4d1e] 
2025-01-29 13:59:37,220 INFO c.h.h.t.HelmChartContainer - [test-hivemq-platform] [hivemq] [366c4d1e]   JAVA_OPTS: -XX:+UnlockExperimentalVMOptions -XX:InitialRAMPercentage=50 -XX:MaxRAMPercentage=50 -Djava.net.preferIPv4Stack=true --add-opens java.base/java.lang=ALL-UNNAMED --add-opens java.base/java.nio=ALL-UNNAMED --add-opens java.base/sun.nio.ch=ALL-UNNAMED --add-opens jdk.management/com.sun.management.internal=ALL-UNNAMED --add-exports java.base/jdk.internal.misc=ALL-UNNAMED -Djava.security.egd=file:/dev/./urandom -Dcom.sun.management.jmxremote -Dcom.sun.management.jmxremote.port=9010 -Dcom.sun.management.jmxremote.local.only=false -Dcom.sun.management.jmxremote.authenticate=false -Dcom.sun.management.jmxremote.ssl=false -Duser.language=en -Duser.region=US -XX:+CrashOnOutOfMemoryError -XX:+HeapDumpOnOutOfMemoryError
2025-01-29 13:59:37,220 INFO c.h.h.t.HelmChartContainer - [test-hivemq-platform] [hivemq] [366c4d1e] 
2025-01-29 13:59:37,220 INFO c.h.h.t.HelmChartContainer - [test-hivemq-platform] [hivemq] [366c4d1e]   JAVA_VERSION: 21
2025-01-29 13:59:37,220 INFO c.h.h.t.HelmChartContainer - [test-hivemq-platform] [hivemq] [366c4d1e] 
2025-01-29 13:59:37,220 INFO c.h.h.t.HelmChartContainer - [test-hivemq-platform] [hivemq] [366c4d1e] -------------------------------------------------------------------------
2025-01-29 13:59:37,220 INFO c.h.h.t.HelmChartContainer - [test-hivemq-platform] [hivemq] [366c4d1e] 
2025-01-29 13:59:37,817 INFO c.h.h.t.HelmChartContainer - [test-hivemq-platform] [hivemq] [366c4d1e] INFO  - [HiveMQ Platform Operator Init App 1.7.0-SNAPSHOT] Returning default Health API response 503 for readiness
2025-01-29 13:59:38,195 INFO c.h.h.t.HelmChartContainer - [EVENT] Warning [Unhealthy] Readiness probe failed: HTTP probe failed with statuscode: 503 [helmmonitoringplatformit:test-hivemq-platform-0]
2025-01-29 13:59:38,196 INFO c.h.h.t.HelmChartContainer - Received Unhealthy event for container hivemq in pod test-hivemq-platform-0 [366c4d1e-e289-4ff2-92de-3f80c30392f9]
2025-01-29 13:59:39,820 INFO c.h.h.t.HelmChartContainer - [test-hivemq-platform] [hivemq] [366c4d1e] INFO  - Starting HiveMQ Enterprise Server
2025-01-29 13:59:39,826 INFO c.h.h.t.HelmChartContainer - [test-hivemq-platform] [hivemq] [366c4d1e] INFO  - HiveMQ version: 4.36.0
2025-01-29 13:59:39,826 INFO c.h.h.t.HelmChartContainer - [test-hivemq-platform] [hivemq] [366c4d1e] INFO  - HiveMQ home directory: /opt/hivemq
2025-01-29 13:59:39,826 INFO c.h.h.t.HelmChartContainer - [test-hivemq-platform] [hivemq] [366c4d1e] INFO  - Log Configuration was overridden by /opt/hivemq/conf/logback.xml
2025-01-29 13:59:40,636 INFO c.h.h.t.HelmChartContainer - [K3S] [INFO] COMPACT compactRev=0 targetCompactRev=2 currentRev=1561
2025-01-29 13:59:40,636 INFO c.h.h.t.HelmChartContainer - [K3S] [INFO] COMPACT deleted 0 rows from 2 revisions in 456.482µs - compacted to 2/1561
2025-01-29 13:59:40,636 INFO c.h.h.t.HelmChartContainer - [K3S] [INFO] COMPACT compacted from 0 to 2 in 1 transactions over 1ms
2025-01-29 13:59:41,191 INFO c.h.h.t.HelmChartContainer - [test-hivemq-platform] [hivemq] [366c4d1e] INFO  - Successfully loaded configuration from '/opt/hivemq/conf-k8s/config.xml'.
2025-01-29 13:59:41,713 INFO c.h.h.t.HelmChartContainer - [test-hivemq-platform] [hivemq] [366c4d1e] INFO  - This node's ID is 1rzsG
2025-01-29 13:59:41,714 INFO c.h.h.t.HelmChartContainer - [test-hivemq-platform] [hivemq] [366c4d1e] INFO  - Clustering is enabled
2025-01-29 13:59:41,848 INFO c.h.h.t.HelmChartContainer - [hivemq-test-hivemq-platform] [hivemq-platform-operator] [4223238d] 13:59:41.847 [pool-6-thread-8] DEBUG c.h.p.o.d.PlatformServiceResource - [helmmoni] Desired Platform services (3 services)
2025-01-29 13:59:41,854 INFO c.h.h.t.HelmChartContainer - [hivemq-test-hivemq-platform] [hivemq-platform-operator] [4223238d] 13:59:41.849 [pool-6-thread-6] DEBUG c.h.p.o.d.PodServiceAccountResource - [helmmoni] Desired PodServiceAccountResource (serviceAccountName: hivemq-platform-pod-test-hivemq-platform)
2025-01-29 13:59:41,859 INFO c.h.h.t.HelmChartContainer - [hivemq-test-hivemq-platform] [hivemq-platform-operator] [4223238d] 13:59:41.856 [pool-6-thread-9] DEBUG c.h.p.o.dependants.PodInfoConfigMap - [helmmoni] Desired PodInfo ConfigMap (1 extensions) (1 enabled)
2025-01-29 13:59:41,863 INFO c.h.h.t.HelmChartContainer - [hivemq-test-hivemq-platform] [hivemq-platform-operator] [4223238d] 13:59:41.859 [pool-6-thread-9] DEBUG c.h.p.o.dependants.PodInfoConfigMap - [helmmoni] Desired PodInfo ConfigMap (metrics port: 9399) (metrics path: /)
2025-01-29 13:59:41,863 INFO c.h.h.t.HelmChartContainer - [hivemq-test-hivemq-platform] [hivemq-platform-operator] [4223238d] 13:59:41.859 [pool-6-thread-9] DEBUG c.h.p.o.dependants.PodInfoConfigMap - [helmmoni] Desired PodInfo ConfigMap (extension state hash: -1817474005)
2025-01-29 13:59:41,866 INFO c.h.h.t.HelmChartContainer - [hivemq-test-hivemq-platform] [hivemq-platform-operator] [4223238d] 13:59:41.865 [pool-6-thread-10] DEBUG c.h.p.o.d.StatefulSetResource - [helmmoni] Desired StatefulSet (2 replicas) for status STARTING (READY)
2025-01-29 13:59:41,931 INFO c.h.h.t.HelmChartContainer - [hivemq-test-hivemq-platform] [hivemq-platform-operator] [4223238d] 13:59:41.929 [ReconcilerExecutor-hivemq-controller-109] INFO  c.h.p.o.HiveMQPlatformReconciler - [helmmoni] Reconciling HiveMQ Platform 'test-hivemq-platform' in namespace 'helmmonitoringplatformit'
2025-01-29 13:59:41,931 INFO c.h.h.t.HelmChartContainer - [hivemq-test-hivemq-platform] [hivemq-platform-operator] [4223238d] 13:59:41.930 [ReconcilerExecutor-hivemq-controller-109] DEBUG c.h.p.o.HiveMQPlatformReconciler - [helmmoni] Custom Resource Status STARTING - HiveMQ Platform is starting (READY)
2025-01-29 13:59:41,940 INFO c.h.h.t.HelmChartContainer - [hivemq-test-hivemq-platform] [hivemq-platform-operator] [4223238d] 13:59:41.930 [ReconcilerExecutor-hivemq-controller-109] DEBUG c.h.p.o.HiveMQPlatformReconciler - [helmmoni] Custom Resource Spec (replicas: 2) (extensions: 1)
2025-01-29 13:59:41,940 INFO c.h.h.t.HelmChartContainer - [hivemq-test-hivemq-platform] [hivemq-platform-operator] [4223238d] 13:59:41.934 [ReconcilerExecutor-hivemq-controller-109] DEBUG c.h.p.o.HiveMQPlatformReconciler - [helmmoni] StatefulSet Status (revision: test-hivemq-platform-64db946475, replicas: 1, available: 0, ready: 0, current: 1, updated: 1)
2025-01-29 13:59:41,940 INFO c.h.h.t.HelmChartContainer - [hivemq-test-hivemq-platform] [hivemq-platform-operator] [4223238d] 13:59:41.935 [ReconcilerExecutor-hivemq-controller-109] DEBUG c.h.p.o.HiveMQPlatformReconciler - [helmmoni] StatefulSet Spec (replicas: 2, init containers: 1, containers: 1, volumes: 3)
2025-01-29 13:59:41,940 INFO c.h.h.t.HelmChartContainer - [hivemq-test-hivemq-platform] [hivemq-platform-operator] [4223238d] 13:59:41.938 [ReconcilerExecutor-hivemq-controller-109] DEBUG c.h.p.o.h.HiveMQPlatformReconcilerErrorHandler - [helmmoni] Pod 'test-hivemq-platform-0' phase Running
2025-01-29 13:59:41,940 INFO c.h.h.t.HelmChartContainer - [hivemq-test-hivemq-platform] [hivemq-platform-operator] [4223238d] 13:59:41.939 [ReconcilerExecutor-hivemq-controller-109] INFO  c.h.p.o.h.HiveMQPlatformReconcilerBaseHandler - [helmmoni] HiveMQ Platform is starting, 0 of 2 replicas are ready
2025-01-29 13:59:43,245 INFO c.h.h.t.HelmChartContainer - [K3S] [info.go:53] Couldn't collect info from any of the files in "/etc/machine-id,/var/lib/dbus/machine-id"
2025-01-29 13:59:43,313 INFO c.h.h.t.HelmChartContainer - [test-hivemq-platform] [hivemq] [366c4d1e] WARN  - [HiveMQ Platform Operator Init App 1.7.0-SNAPSHOT] Cannot connect to Health API for readiness: null
2025-01-29 13:59:43,318 INFO c.h.h.t.HelmChartContainer - [K3S] [scope.go:117] "RemoveContainer" containerID="8fd12db50a578aeed0058f3fe5975041f2dbe925c972d4704c861fd94d46c705"
2025-01-29 13:59:43,322 INFO c.h.h.t.HelmChartContainer - [K3S] [scope.go:117] "RemoveContainer" containerID="0dee69929994fb3eee2d7a41774eb4d6c9cfd10a777be1be3ca1de84ff6f19f6"
2025-01-29 13:59:43,323 INFO c.h.h.t.HelmChartContainer - [EVENT] Warning [Unhealthy] Readiness probe failed: HTTP probe failed with statuscode: 503 [helmmonitoringplatformit:test-hivemq-platform-0]
2025-01-29 13:59:43,323 INFO c.h.h.t.HelmChartContainer - Received Unhealthy event for container hivemq in pod test-hivemq-platform-0 [366c4d1e-e289-4ff2-92de-3f80c30392f9]
2025-01-29 13:59:47,422 INFO c.h.h.t.HelmChartContainer - [test-hivemq-platform] [hivemq] [366c4d1e] Jan 29, 2025 1:59:47 PM io.vertx.core.impl.BlockedThreadChecker
2025-01-29 13:59:47,422 INFO c.h.h.t.HelmChartContainer - [test-hivemq-platform] [hivemq] [366c4d1e] WARNING: Thread Thread[vert.x-eventloop-thread-1,5,main] has been blocked for 2993 ms, time limit is 2000 ms
2025-01-29 13:59:47,819 INFO c.h.h.t.HelmChartContainer - [test-hivemq-platform] [hivemq] [366c4d1e] WARN  - [HiveMQ Platform Operator Init App 1.7.0-SNAPSHOT] Cannot connect to Health API for readiness: null
2025-01-29 13:59:47,820 INFO c.h.h.t.HelmChartContainer - [test-hivemq-platform] [hivemq] [366c4d1e] INFO  - [HiveMQ Platform Operator Init App 1.7.0-SNAPSHOT] Updating Pod HiveMQ Platform Operator Init App version annotation (version: 1.7.0-SNAPSHOT)
2025-01-29 13:59:47,825 INFO c.h.h.t.HelmChartContainer - [EVENT] Warning [Unhealthy] Readiness probe failed: HTTP probe failed with statuscode: 503 [helmmonitoringplatformit:test-hivemq-platform-0]
2025-01-29 13:59:47,825 INFO c.h.h.t.HelmChartContainer - Received Unhealthy event for container hivemq in pod test-hivemq-platform-0 [366c4d1e-e289-4ff2-92de-3f80c30392f9]
2025-01-29 13:59:48,530 INFO c.h.h.t.HelmChartContainer - [POD] test-hivemq-platform-0 [366c4d1e-e289-4ff2-92de-3f80c30392f9] in helmmonitoringplatformit was MODIFIED
2025-01-29 13:59:48,534 INFO c.h.h.t.HelmChartContainer - [hivemq-test-hivemq-platform] [hivemq-platform-operator] [4223238d] 13:59:48.533 [pool-6-thread-16] DEBUG c.h.p.o.d.PlatformServiceResource - [helmmoni] Desired Platform services (3 services)
2025-01-29 13:59:48,536 INFO c.h.h.t.HelmChartContainer - [hivemq-test-hivemq-platform] [hivemq-platform-operator] [4223238d] 13:59:48.535 [pool-6-thread-15] DEBUG c.h.p.o.dependants.PodInfoConfigMap - [helmmoni] Desired PodInfo ConfigMap (1 extensions) (1 enabled)
2025-01-29 13:59:48,536 INFO c.h.h.t.HelmChartContainer - [hivemq-test-hivemq-platform] [hivemq-platform-operator] [4223238d] 13:59:48.535 [pool-6-thread-17] DEBUG c.h.p.o.d.PodServiceAccountResource - [helmmoni] Desired PodServiceAccountResource (serviceAccountName: hivemq-platform-pod-test-hivemq-platform)
2025-01-29 13:59:48,536 INFO c.h.h.t.HelmChartContainer - [hivemq-test-hivemq-platform] [hivemq-platform-operator] [4223238d] 13:59:48.535 [pool-6-thread-15] DEBUG c.h.p.o.dependants.PodInfoConfigMap - [helmmoni] Desired PodInfo ConfigMap (metrics port: 9399) (metrics path: /)
2025-01-29 13:59:48,536 INFO c.h.h.t.HelmChartContainer - [hivemq-test-hivemq-platform] [hivemq-platform-operator] [4223238d] 13:59:48.535 [pool-6-thread-15] DEBUG c.h.p.o.dependants.PodInfoConfigMap - [helmmoni] Desired PodInfo ConfigMap (extension state hash: -1817474005)
2025-01-29 13:59:48,542 INFO c.h.h.t.HelmChartContainer - [hivemq-test-hivemq-platform] [hivemq-platform-operator] [4223238d] 13:59:48.541 [pool-6-thread-16] DEBUG c.h.p.o.d.StatefulSetResource - [helmmoni] Desired StatefulSet (2 replicas) for status STARTING (READY)
2025-01-29 13:59:48,546 INFO c.h.h.t.HelmChartContainer - [hivemq-test-hivemq-platform] [hivemq-platform-operator] [4223238d] 13:59:48.545 [ReconcilerExecutor-hivemq-controller-110] INFO  c.h.p.o.HiveMQPlatformReconciler - [helmmoni] Reconciling HiveMQ Platform 'test-hivemq-platform' in namespace 'helmmonitoringplatformit'
2025-01-29 13:59:48,546 INFO c.h.h.t.HelmChartContainer - [hivemq-test-hivemq-platform] [hivemq-platform-operator] [4223238d] 13:59:48.545 [ReconcilerExecutor-hivemq-controller-110] DEBUG c.h.p.o.HiveMQPlatformReconciler - [helmmoni] Custom Resource Status STARTING - HiveMQ Platform is starting (READY)
2025-01-29 13:59:48,546 INFO c.h.h.t.HelmChartContainer - [hivemq-test-hivemq-platform] [hivemq-platform-operator] [4223238d] 13:59:48.545 [ReconcilerExecutor-hivemq-controller-110] DEBUG c.h.p.o.HiveMQPlatformReconciler - [helmmoni] Custom Resource Spec (replicas: 2) (extensions: 1)
2025-01-29 13:59:48,547 INFO c.h.h.t.HelmChartContainer - [hivemq-test-hivemq-platform] [hivemq-platform-operator] [4223238d] 13:59:48.547 [ReconcilerExecutor-hivemq-controller-110] DEBUG c.h.p.o.HiveMQPlatformReconciler - [helmmoni] StatefulSet Status (revision: test-hivemq-platform-64db946475, replicas: 1, available: 0, ready: 0, current: 1, updated: 1)
2025-01-29 13:59:48,547 INFO c.h.h.t.HelmChartContainer - [hivemq-test-hivemq-platform] [hivemq-platform-operator] [4223238d] 13:59:48.547 [ReconcilerExecutor-hivemq-controller-110] DEBUG c.h.p.o.HiveMQPlatformReconciler - [helmmoni] StatefulSet Spec (replicas: 2, init containers: 1, containers: 1, volumes: 3)
2025-01-29 13:59:48,551 INFO c.h.h.t.HelmChartContainer - [hivemq-test-hivemq-platform] [hivemq-platform-operator] [4223238d] 13:59:48.551 [ReconcilerExecutor-hivemq-controller-110] DEBUG c.h.p.o.h.HiveMQPlatformReconcilerErrorHandler - [helmmoni] Pod 'test-hivemq-platform-0' phase Running
2025-01-29 13:59:48,619 INFO c.h.h.t.HelmChartContainer - [test-hivemq-platform] [hivemq] [366c4d1e] WARN  - [HiveMQ Platform Operator Init App 1.7.0-SNAPSHOT] Cannot connect to Health API for readiness: null
2025-01-29 13:59:48,627 INFO c.h.h.t.HelmChartContainer - [EVENT] Warning [Unhealthy] Readiness probe failed: HTTP probe failed with statuscode: 503 [helmmonitoringplatformit:test-hivemq-platform-0]
2025-01-29 13:59:48,628 INFO c.h.h.t.HelmChartContainer - Received Unhealthy event for container hivemq in pod test-hivemq-platform-0 [366c4d1e-e289-4ff2-92de-3f80c30392f9]
2025-01-29 13:59:48,633 INFO c.h.h.t.HelmChartContainer - [test-hivemq-platform] [hivemq] [366c4d1e] INFO  - [HiveMQ Platform Operator Init App 1.7.0-SNAPSHOT] Successfully updated Pod HiveMQ Platform Operator Init App version annotation (version: 1.7.0-SNAPSHOT)
2025-01-29 13:59:48,635 INFO c.h.h.t.HelmChartContainer - [hivemq-test-hivemq-platform] [hivemq-platform-operator] [4223238d] 13:59:48.628 [ReconcilerExecutor-hivemq-controller-110] INFO  c.h.p.o.h.HiveMQPlatformReconcilerBaseHandler - [helmmoni] HiveMQ Platform is starting, 0 of 2 replicas are ready
2025-01-29 13:59:53,536 INFO c.h.h.t.HelmChartContainer - [test-hivemq-platform] [hivemq] [366c4d1e] WARN  - [HiveMQ Platform Operator Init App 1.7.0-SNAPSHOT] Cannot connect to Health API for readiness: null
2025-01-29 13:59:53,540 INFO c.h.h.t.HelmChartContainer - [EVENT] Warning [Unhealthy] Readiness probe failed: HTTP probe failed with statuscode: 503 [helmmonitoringplatformit:test-hivemq-platform-0]
2025-01-29 13:59:53,541 INFO c.h.h.t.HelmChartContainer - Received Unhealthy event for container hivemq in pod test-hivemq-platform-0 [366c4d1e-e289-4ff2-92de-3f80c30392f9]
2025-01-29 13:59:58,315 INFO c.h.h.t.HelmChartContainer - [test-hivemq-platform] [hivemq] [366c4d1e] INFO  - No valid license file found. Using trial license, restricted to 25 connections.
2025-01-29 13:59:58,614 INFO c.h.h.t.HelmChartContainer - [test-hivemq-platform] [hivemq] [366c4d1e] WARN  - [HiveMQ Platform Operator Init App 1.7.0-SNAPSHOT] Cannot connect to Health API for readiness: null
2025-01-29 13:59:58,621 INFO c.h.h.t.HelmChartContainer - [EVENT] Warning [Unhealthy] Readiness probe failed: HTTP probe failed with statuscode: 503 [helmmonitoringplatformit:test-hivemq-platform-0]
2025-01-29 13:59:58,621 INFO c.h.h.t.HelmChartContainer - Received Unhealthy event for container hivemq in pod test-hivemq-platform-0 [366c4d1e-e289-4ff2-92de-3f80c30392f9]
2025-01-29 13:59:58,635 INFO c.h.h.t.HelmChartContainer - [hivemq-test-hivemq-platform] [hivemq-platform-operator] [4223238d] 13:59:58.634 [pool-6-thread-23] DEBUG c.h.p.o.d.PlatformServiceResource - [helmmoni] Desired Platform services (3 services)
2025-01-29 13:59:58,638 INFO c.h.h.t.HelmChartContainer - [hivemq-test-hivemq-platform] [hivemq-platform-operator] [4223238d] 13:59:58.636 [pool-6-thread-24] DEBUG c.h.p.o.d.PodServiceAccountResource - [helmmoni] Desired PodServiceAccountResource (serviceAccountName: hivemq-platform-pod-test-hivemq-platform)
2025-01-29 13:59:58,639 INFO c.h.h.t.HelmChartContainer - [hivemq-test-hivemq-platform] [hivemq-platform-operator] [4223238d] 13:59:58.637 [pool-6-thread-26] DEBUG c.h.p.o.dependants.PodInfoConfigMap - [helmmoni] Desired PodInfo ConfigMap (1 extensions) (1 enabled)
2025-01-29 13:59:58,639 INFO c.h.h.t.HelmChartContainer - [hivemq-test-hivemq-platform] [hivemq-platform-operator] [4223238d] 13:59:58.638 [pool-6-thread-26] DEBUG c.h.p.o.dependants.PodInfoConfigMap - [helmmoni] Desired PodInfo ConfigMap (metrics port: 9399) (metrics path: /)
2025-01-29 13:59:58,639 INFO c.h.h.t.HelmChartContainer - [hivemq-test-hivemq-platform] [hivemq-platform-operator] [4223238d] 13:59:58.638 [pool-6-thread-26] DEBUG c.h.p.o.dependants.PodInfoConfigMap - [helmmoni] Desired PodInfo ConfigMap (extension state hash: -1817474005)
2025-01-29 13:59:58,640 INFO c.h.h.t.HelmChartContainer - [hivemq-test-hivemq-platform] [hivemq-platform-operator] [4223238d] 13:59:58.640 [pool-6-thread-26] DEBUG c.h.p.o.d.StatefulSetResource - [helmmoni] Desired StatefulSet (2 replicas) for status STARTING (READY)
2025-01-29 13:59:58,643 INFO c.h.h.t.HelmChartContainer - [hivemq-test-hivemq-platform] [hivemq-platform-operator] [4223238d] 13:59:58.643 [ReconcilerExecutor-hivemq-controller-111] INFO  c.h.p.o.HiveMQPlatformReconciler - [helmmoni] Reconciling HiveMQ Platform 'test-hivemq-platform' in namespace 'helmmonitoringplatformit'
2025-01-29 13:59:58,643 INFO c.h.h.t.HelmChartContainer - [hivemq-test-hivemq-platform] [hivemq-platform-operator] [4223238d] 13:59:58.643 [ReconcilerExecutor-hivemq-controller-111] DEBUG c.h.p.o.HiveMQPlatformReconciler - [helmmoni] Custom Resource Status STARTING - HiveMQ Platform is starting (READY)
2025-01-29 13:59:58,644 INFO c.h.h.t.HelmChartContainer - [hivemq-test-hivemq-platform] [hivemq-platform-operator] [4223238d] 13:59:58.643 [ReconcilerExecutor-hivemq-controller-111] DEBUG c.h.p.o.HiveMQPlatformReconciler - [helmmoni] Custom Resource Spec (replicas: 2) (extensions: 1)
2025-01-29 13:59:58,645 INFO c.h.h.t.HelmChartContainer - [hivemq-test-hivemq-platform] [hivemq-platform-operator] [4223238d] 13:59:58.644 [ReconcilerExecutor-hivemq-controller-111] DEBUG c.h.p.o.HiveMQPlatformReconciler - [helmmoni] StatefulSet Status (revision: test-hivemq-platform-64db946475, replicas: 1, available: 0, ready: 0, current: 1, updated: 1)
2025-01-29 13:59:58,645 INFO c.h.h.t.HelmChartContainer - [hivemq-test-hivemq-platform] [hivemq-platform-operator] [4223238d] 13:59:58.644 [ReconcilerExecutor-hivemq-controller-111] DEBUG c.h.p.o.HiveMQPlatformReconciler - [helmmoni] StatefulSet Spec (replicas: 2, init containers: 1, containers: 1, volumes: 3)
2025-01-29 13:59:58,646 INFO c.h.h.t.HelmChartContainer - [hivemq-test-hivemq-platform] [hivemq-platform-operator] [4223238d] 13:59:58.645 [ReconcilerExecutor-hivemq-controller-111] DEBUG c.h.p.o.h.HiveMQPlatformReconcilerErrorHandler - [helmmoni] Pod 'test-hivemq-platform-0' phase Running
2025-01-29 13:59:58,647 INFO c.h.h.t.HelmChartContainer - [hivemq-test-hivemq-platform] [hivemq-platform-operator] [4223238d] 13:59:58.646 [ReconcilerExecutor-hivemq-controller-111] INFO  c.h.p.o.h.HiveMQPlatformReconcilerBaseHandler - [helmmoni] HiveMQ Platform is starting, 0 of 2 replicas are ready
2025-01-29 13:59:59,222 INFO c.h.h.t.HelmChartContainer - [test-hivemq-platform] [hivemq] [366c4d1e] WARN  - [HiveMQ Platform Operator Init App 1.7.0-SNAPSHOT] Cannot connect to Health API for liveness: null
2025-01-29 13:59:59,222 INFO c.h.h.t.HelmChartContainer - [test-hivemq-platform] [hivemq] [366c4d1e] INFO  - [HiveMQ Platform Operator Init App 1.7.0-SNAPSHOT] Returning default Health API response 200 for liveness
2025-01-29 14:00:02,326 INFO c.h.h.t.HelmChartContainer - [test-hivemq-platform] [hivemq] [366c4d1e] INFO  - No valid license file for Data Hub found. Using free license, restricted to 1 policy.
2025-01-29 14:00:03,515 INFO c.h.h.t.HelmChartContainer - [test-hivemq-platform] [hivemq] [366c4d1e] INFO  - Audit Logger started.
2025-01-29 14:00:03,618 INFO c.h.h.t.HelmChartContainer - [test-hivemq-platform] [hivemq] [366c4d1e] WARN  - [HiveMQ Platform Operator Init App 1.7.0-SNAPSHOT] Cannot connect to Health API for readiness: null
2025-01-29 14:00:03,623 INFO c.h.h.t.HelmChartContainer - [EVENT] Warning [Unhealthy] Readiness probe failed: HTTP probe failed with statuscode: 503 [helmmonitoringplatformit:test-hivemq-platform-0]
2025-01-29 14:00:03,623 INFO c.h.h.t.HelmChartContainer - Received Unhealthy event for container hivemq in pod test-hivemq-platform-0 [366c4d1e-e289-4ff2-92de-3f80c30392f9]
2025-01-29 14:00:03,756 INFO c.h.h.t.HelmChartContainer - [test-hivemq-platform] [hivemq] [366c4d1e] INFO  - This node uses '1' CPU cores.
2025-01-29 14:00:03,818 INFO c.h.h.t.HelmChartContainer - [test-hivemq-platform] [hivemq] [366c4d1e] INFO  - Starting HiveMQ Health API on address 0.0.0.0 and port 8889
2025-01-29 14:00:04,525 INFO c.h.h.t.HelmChartContainer - [test-hivemq-platform] [hivemq] [366c4d1e] INFO  - Started HiveMQ Health API in 707ms
2025-01-29 14:00:05,088 INFO c.h.h.t.HelmChartContainer - [test-hivemq-platform] [hivemq] [366c4d1e] INFO  - Starting HiveMQ extension system.
2025-01-29 14:00:05,320 INFO c.h.h.t.HelmChartContainer - [test-hivemq-platform] [hivemq] [366c4d1e] INFO  - Starting extension with id "hivemq-dns-cluster-discovery" at /opt/hivemq/extensions/hivemq-dns-cluster-discovery
2025-01-29 14:00:05,725 INFO c.h.h.t.HelmChartContainer - [test-hivemq-platform] [hivemq] [366c4d1e] INFO  - Using TCP cluster transport on address 10.42.0.17 and port 7000
2025-01-29 14:00:05,813 INFO c.h.h.t.HelmChartContainer - [test-hivemq-platform] [hivemq] [366c4d1e] INFO  - Using extension cluster discovery
2025-01-29 14:00:05,918 INFO c.h.h.t.HelmChartContainer - [test-hivemq-platform] [hivemq] [366c4d1e] INFO  - Extension "DNS Cluster Discovery Extension" version 4.3.2 started successfully.
2025-01-29 14:00:05,918 INFO c.h.h.t.HelmChartContainer - [test-hivemq-platform] [hivemq] [366c4d1e] INFO  - Starting extension with id "hivemq-prometheus-extension" at /opt/hivemq/extensions/hivemq-prometheus-extension
2025-01-29 14:00:06,923 INFO c.h.h.t.HelmChartContainer - [test-hivemq-platform] [hivemq] [366c4d1e] INFO  - Started Jetty Server exposing Prometheus Servlet on URI http://0.0.0.0:9399/
2025-01-29 14:00:06,923 INFO c.h.h.t.HelmChartContainer - [test-hivemq-platform] [hivemq] [366c4d1e] INFO  - Extension "Prometheus Monitoring Extension" version 4.0.12 started successfully.
2025-01-29 14:00:06,923 INFO c.h.h.t.HelmChartContainer - [test-hivemq-platform] [hivemq] [366c4d1e] INFO  - Starting extension with id "hivemq-allow-all-extension" at /opt/hivemq/extensions/hivemq-allow-all-extension
2025-01-29 14:00:06,923 INFO c.h.h.t.HelmChartContainer - [test-hivemq-platform] [hivemq] [366c4d1e] WARN  - 
2025-01-29 14:00:06,923 INFO c.h.h.t.HelmChartContainer - [test-hivemq-platform] [hivemq] [366c4d1e] ################################################################################################################
2025-01-29 14:00:06,923 INFO c.h.h.t.HelmChartContainer - [test-hivemq-platform] [hivemq] [366c4d1e] # This HiveMQ deployment is not secure! You are lacking Authentication and Authorization.                      #
2025-01-29 14:00:06,924 INFO c.h.h.t.HelmChartContainer - [test-hivemq-platform] [hivemq] [366c4d1e] # Right now any MQTT client can connect to the broker with a full set of permissions.                          #
2025-01-29 14:00:06,924 INFO c.h.h.t.HelmChartContainer - [test-hivemq-platform] [hivemq] [366c4d1e] # For production usage, add an appropriate security extension and remove the hivemq-allow-all extension.       #
2025-01-29 14:00:06,924 INFO c.h.h.t.HelmChartContainer - [test-hivemq-platform] [hivemq] [366c4d1e] # You can download security extensions from the HiveMQ Marketplace (https://www.hivemq.com/extensions/).       #
2025-01-29 14:00:06,924 INFO c.h.h.t.HelmChartContainer - [test-hivemq-platform] [hivemq] [366c4d1e] ################################################################################################################
2025-01-29 14:00:06,924 INFO c.h.h.t.HelmChartContainer - [test-hivemq-platform] [hivemq] [366c4d1e] INFO  - Extension "Allow All Extension" version 1.1.1 started successfully.
2025-01-29 14:00:08,654 INFO c.h.h.t.HelmChartContainer - [hivemq-test-hivemq-platform] [hivemq-platform-operator] [4223238d] 14:00:08.651 [pool-6-thread-35] DEBUG c.h.p.o.dependants.PodInfoConfigMap - [helmmoni] Desired PodInfo ConfigMap (1 extensions) (1 enabled)
2025-01-29 14:00:08,654 INFO c.h.h.t.HelmChartContainer - [hivemq-test-hivemq-platform] [hivemq-platform-operator] [4223238d] 14:00:08.651 [pool-6-thread-34] DEBUG c.h.p.o.d.PodServiceAccountResource - [helmmoni] Desired PodServiceAccountResource (serviceAccountName: hivemq-platform-pod-test-hivemq-platform)
2025-01-29 14:00:08,654 INFO c.h.h.t.HelmChartContainer - [hivemq-test-hivemq-platform] [hivemq-platform-operator] [4223238d] 14:00:08.651 [pool-6-thread-35] DEBUG c.h.p.o.dependants.PodInfoConfigMap - [helmmoni] Desired PodInfo ConfigMap (metrics port: 9399) (metrics path: /)
2025-01-29 14:00:08,654 INFO c.h.h.t.HelmChartContainer - [hivemq-test-hivemq-platform] [hivemq-platform-operator] [4223238d] 14:00:08.651 [pool-6-thread-35] DEBUG c.h.p.o.dependants.PodInfoConfigMap - [helmmoni] Desired PodInfo ConfigMap (extension state hash: -1817474005)
2025-01-29 14:00:08,654 INFO c.h.h.t.HelmChartContainer - [hivemq-test-hivemq-platform] [hivemq-platform-operator] [4223238d] 14:00:08.652 [pool-6-thread-33] DEBUG c.h.p.o.d.PlatformServiceResource - [helmmoni] Desired Platform services (3 services)
2025-01-29 14:00:08,660 INFO c.h.h.t.HelmChartContainer - [hivemq-test-hivemq-platform] [hivemq-platform-operator] [4223238d] 14:00:08.657 [pool-6-thread-33] DEBUG c.h.p.o.d.StatefulSetResource - [helmmoni] Desired StatefulSet (2 replicas) for status STARTING (READY)
2025-01-29 14:00:08,661 INFO c.h.h.t.HelmChartContainer - [hivemq-test-hivemq-platform] [hivemq-platform-operator] [4223238d] 14:00:08.661 [ReconcilerExecutor-hivemq-controller-112] INFO  c.h.p.o.HiveMQPlatformReconciler - [helmmoni] Reconciling HiveMQ Platform 'test-hivemq-platform' in namespace 'helmmonitoringplatformit'
2025-01-29 14:00:08,661 INFO c.h.h.t.HelmChartContainer - [hivemq-test-hivemq-platform] [hivemq-platform-operator] [4223238d] 14:00:08.661 [ReconcilerExecutor-hivemq-controller-112] DEBUG c.h.p.o.HiveMQPlatformReconciler - [helmmoni] Custom Resource Status STARTING - HiveMQ Platform is starting (READY)
2025-01-29 14:00:08,661 INFO c.h.h.t.HelmChartContainer - [hivemq-test-hivemq-platform] [hivemq-platform-operator] [4223238d] 14:00:08.661 [ReconcilerExecutor-hivemq-controller-112] DEBUG c.h.p.o.HiveMQPlatformReconciler - [helmmoni] Custom Resource Spec (replicas: 2) (extensions: 1)
2025-01-29 14:00:08,663 INFO c.h.h.t.HelmChartContainer - [hivemq-test-hivemq-platform] [hivemq-platform-operator] [4223238d] 14:00:08.662 [ReconcilerExecutor-hivemq-controller-112] DEBUG c.h.p.o.HiveMQPlatformReconciler - [helmmoni] StatefulSet Status (revision: test-hivemq-platform-64db946475, replicas: 1, available: 0, ready: 0, current: 1, updated: 1)
2025-01-29 14:00:08,663 INFO c.h.h.t.HelmChartContainer - [hivemq-test-hivemq-platform] [hivemq-platform-operator] [4223238d] 14:00:08.662 [ReconcilerExecutor-hivemq-controller-112] DEBUG c.h.p.o.HiveMQPlatformReconciler - [helmmoni] StatefulSet Spec (replicas: 2, init containers: 1, containers: 1, volumes: 3)
2025-01-29 14:00:08,664 INFO c.h.h.t.HelmChartContainer - [hivemq-test-hivemq-platform] [hivemq-platform-operator] [4223238d] 14:00:08.663 [ReconcilerExecutor-hivemq-controller-112] DEBUG c.h.p.o.h.HiveMQPlatformReconcilerErrorHandler - [helmmoni] Pod 'test-hivemq-platform-0' phase Running
2025-01-29 14:00:08,665 INFO c.h.h.t.HelmChartContainer - [hivemq-test-hivemq-platform] [hivemq-platform-operator] [4223238d] 14:00:08.664 [ReconcilerExecutor-hivemq-controller-112] INFO  c.h.p.o.h.HiveMQPlatformReconcilerBaseHandler - [helmmoni] HiveMQ Platform is starting, 0 of 2 replicas are ready
2025-01-29 14:00:08,827 INFO c.h.h.t.HelmChartContainer - [test-hivemq-platform] [hivemq] [366c4d1e] INFO  - 1rzsG: no members discovered after 2603 ms: creating cluster as first member
2025-01-29 14:00:08,921 INFO c.h.h.t.HelmChartContainer - [test-hivemq-platform] [hivemq] [366c4d1e] INFO  - Cluster nodes found by discovery: [1rzsG|0] (1) [1rzsG].
2025-01-29 14:00:08,921 INFO c.h.h.t.HelmChartContainer - [test-hivemq-platform] [hivemq] [366c4d1e] INFO  - [HiveMQ Platform Operator Init App 1.7.0-SNAPSHOT] Returning Health API response 503 for readiness
2025-01-29 14:00:08,930 INFO c.h.h.t.HelmChartContainer - [EVENT] Warning [Unhealthy] Readiness probe failed: HTTP probe failed with statuscode: 503 [helmmonitoringplatformit:test-hivemq-platform-0]
2025-01-29 14:00:08,930 INFO c.h.h.t.HelmChartContainer - Received Unhealthy event for container hivemq in pod test-hivemq-platform-0 [366c4d1e-e289-4ff2-92de-3f80c30392f9]
2025-01-29 14:00:09,025 INFO c.h.h.t.HelmChartContainer - [test-hivemq-platform] [hivemq] [366c4d1e] WARN  - No user for HiveMQ Control Center configured. Starting with default user
2025-01-29 14:00:09,026 INFO c.h.h.t.HelmChartContainer - [test-hivemq-platform] [hivemq] [366c4d1e] INFO  - Starting HiveMQ Control Center on address 0.0.0.0 and port 8080
2025-01-29 14:00:09,112 INFO c.h.h.t.HelmChartContainer - [test-hivemq-platform] [hivemq] [366c4d1e] INFO  - Mounting HiveMQ Control Center V2 Preview
2025-01-29 14:00:09,927 INFO c.h.h.t.HelmChartContainer - [test-hivemq-platform] [hivemq] [366c4d1e] INFO  - Started HiveMQ Control Center in 902ms
2025-01-29 14:00:10,021 INFO c.h.h.t.HelmChartContainer - [test-hivemq-platform] [hivemq] [366c4d1e] INFO  - Starting TCP listener on address 0.0.0.0 and port 1883
2025-01-29 14:00:10,113 INFO c.h.h.t.HelmChartContainer - [test-hivemq-platform] [hivemq] [366c4d1e] INFO  - Started TCP Listener on address 0.0.0.0 and on port 1883.
2025-01-29 14:00:10,113 INFO c.h.h.t.HelmChartContainer - [test-hivemq-platform] [hivemq] [366c4d1e] INFO  - Started HiveMQ in 30619ms
2025-01-29 14:00:13,538 INFO c.h.h.t.HelmChartContainer - [test-hivemq-platform] [hivemq] [366c4d1e] INFO  - [HiveMQ Platform Operator Init App 1.7.0-SNAPSHOT] Returning Health API response 200 for readiness
2025-01-29 14:00:13,550 INFO c.h.h.t.HelmChartContainer - [POD] test-hivemq-platform-0 [366c4d1e-e289-4ff2-92de-3f80c30392f9] in helmmonitoringplatformit was MODIFIED
2025-01-29 14:00:13,563 INFO c.h.h.t.HelmChartContainer - [hivemq-test-hivemq-platform] [hivemq-platform-operator] [4223238d] 14:00:13.556 [pool-6-thread-41] DEBUG c.h.p.o.d.PlatformServiceResource - [helmmoni] Desired Platform services (3 services)
2025-01-29 14:00:13,564 INFO c.h.h.t.HelmChartContainer - [hivemq-test-hivemq-platform] [hivemq-platform-operator] [4223238d] 14:00:13.558 [pool-6-thread-46] DEBUG c.h.p.o.dependants.PodInfoConfigMap - [helmmoni] Desired PodInfo ConfigMap (1 extensions) (1 enabled)
2025-01-29 14:00:13,565 INFO c.h.h.t.HelmChartContainer - [hivemq-test-hivemq-platform] [hivemq-platform-operator] [4223238d] 14:00:13.559 [pool-6-thread-46] DEBUG c.h.p.o.dependants.PodInfoConfigMap - [helmmoni] Desired PodInfo ConfigMap (metrics port: 9399) (metrics path: /)
2025-01-29 14:00:13,565 INFO c.h.h.t.HelmChartContainer - [hivemq-test-hivemq-platform] [hivemq-platform-operator] [4223238d] 14:00:13.559 [pool-6-thread-46] DEBUG c.h.p.o.dependants.PodInfoConfigMap - [helmmoni] Desired PodInfo ConfigMap (extension state hash: -1817474005)
2025-01-29 14:00:13,565 INFO c.h.h.t.HelmChartContainer - [hivemq-test-hivemq-platform] [hivemq-platform-operator] [4223238d] 14:00:13.560 [pool-6-thread-47] DEBUG c.h.p.o.d.PodServiceAccountResource - [helmmoni] Desired PodServiceAccountResource (serviceAccountName: hivemq-platform-pod-test-hivemq-platform)
2025-01-29 14:00:13,571 INFO c.h.h.t.HelmChartContainer - [POD] test-hivemq-platform-1 [e2fffa4d-66fb-40fb-871c-3237e777fecf] in helmmonitoringplatformit was ADDED
2025-01-29 14:00:13,574 INFO c.h.h.t.HelmChartContainer - [hivemq-test-hivemq-platform] [hivemq-platform-operator] [4223238d] 14:00:13.570 [pool-6-thread-41] DEBUG c.h.p.o.d.StatefulSetResource - [helmmoni] Desired StatefulSet (2 replicas) for status STARTING (READY)
2025-01-29 14:00:13,585 INFO c.h.h.t.HelmChartContainer - [EVENT] Normal [SuccessfulCreate] create Pod test-hivemq-platform-1 in StatefulSet test-hivemq-platform successful [helmmonitoringplatformit:test-hivemq-platform]
2025-01-29 14:00:13,585 INFO c.h.h.t.HelmChartContainer - [POD] test-hivemq-platform-1 [e2fffa4d-66fb-40fb-871c-3237e777fecf] in helmmonitoringplatformit was MODIFIED
2025-01-29 14:00:13,592 INFO c.h.h.t.HelmChartContainer - [EVENT] Normal [Scheduled] Successfully assigned helmmonitoringplatformit/test-hivemq-platform-1 to 5da5100ee944 [helmmonitoringplatformit:test-hivemq-platform-1]
2025-01-29 14:00:13,600 INFO c.h.h.t.HelmChartContainer - [POD] test-hivemq-platform-1 [e2fffa4d-66fb-40fb-871c-3237e777fecf] in helmmonitoringplatformit was MODIFIED
2025-01-29 14:00:13,635 INFO c.h.h.t.HelmChartContainer - [K3S] [reconciler_common.go:251] "operationExecutor.VerifyControllerAttachedVolume started for volume \"pod-info\" (UniqueName: \"kubernetes.io/configmap/e2fffa4d-66fb-40fb-871c-3237e777fecf-pod-info\") pod \"test-hivemq-platform-1\" (UID: \"e2fffa4d-66fb-40fb-871c-3237e777fecf\") " pod="helmmonitoringplatformit/test-hivemq-platform-1"
2025-01-29 14:00:13,635 INFO c.h.h.t.HelmChartContainer - [K3S] [reconciler_common.go:251] "operationExecutor.VerifyControllerAttachedVolume started for volume \"operator-init\" (UniqueName: \"kubernetes.io/empty-dir/e2fffa4d-66fb-40fb-871c-3237e777fecf-operator-init\") pod \"test-hivemq-platform-1\" (UID: \"e2fffa4d-66fb-40fb-871c-3237e777fecf\") " pod="helmmonitoringplatformit/test-hivemq-platform-1"
2025-01-29 14:00:13,635 INFO c.h.h.t.HelmChartContainer - [K3S] [reconciler_common.go:251] "operationExecutor.VerifyControllerAttachedVolume started for volume \"broker-configuration\" (UniqueName: \"kubernetes.io/configmap/e2fffa4d-66fb-40fb-871c-3237e777fecf-broker-configuration\") pod \"test-hivemq-platform-1\" (UID: \"e2fffa4d-66fb-40fb-871c-3237e777fecf\") " pod="helmmonitoringplatformit/test-hivemq-platform-1"
2025-01-29 14:00:13,635 INFO c.h.h.t.HelmChartContainer - [K3S] [reconciler_common.go:251] "operationExecutor.VerifyControllerAttachedVolume started for volume \"kube-api-access-zkdht\" (UniqueName: \"kubernetes.io/projected/e2fffa4d-66fb-40fb-871c-3237e777fecf-kube-api-access-zkdht\") pod \"test-hivemq-platform-1\" (UID: \"e2fffa4d-66fb-40fb-871c-3237e777fecf\") " pod="helmmonitoringplatformit/test-hivemq-platform-1"
2025-01-29 14:00:13,638 INFO c.h.h.t.HelmChartContainer - [hivemq-test-hivemq-platform] [hivemq-platform-operator] [4223238d] 14:00:13.636 [ReconcilerExecutor-hivemq-controller-113] INFO  c.h.p.o.HiveMQPlatformReconciler - [helmmoni] Reconciling HiveMQ Platform 'test-hivemq-platform' in namespace 'helmmonitoringplatformit'
2025-01-29 14:00:13,639 INFO c.h.h.t.HelmChartContainer - [hivemq-test-hivemq-platform] [hivemq-platform-operator] [4223238d] 14:00:13.637 [ReconcilerExecutor-hivemq-controller-113] DEBUG c.h.p.o.HiveMQPlatformReconciler - [helmmoni] Custom Resource Status STARTING - HiveMQ Platform is starting (READY)
2025-01-29 14:00:13,639 INFO c.h.h.t.HelmChartContainer - [hivemq-test-hivemq-platform] [hivemq-platform-operator] [4223238d] 14:00:13.637 [ReconcilerExecutor-hivemq-controller-113] DEBUG c.h.p.o.HiveMQPlatformReconciler - [helmmoni] Custom Resource Spec (replicas: 2) (extensions: 1)
2025-01-29 14:00:13,640 INFO c.h.h.t.HelmChartContainer - [hivemq-test-hivemq-platform] [hivemq-platform-operator] [4223238d] 14:00:13.639 [ReconcilerExecutor-hivemq-controller-113] DEBUG c.h.p.o.HiveMQPlatformReconciler - [helmmoni] StatefulSet Status (revision: test-hivemq-platform-64db946475, replicas: 2, available: 1, ready: 1, current: 2, updated: 2)
2025-01-29 14:00:13,642 INFO c.h.h.t.HelmChartContainer - [hivemq-test-hivemq-platform] [hivemq-platform-operator] [4223238d] 14:00:13.639 [ReconcilerExecutor-hivemq-controller-113] DEBUG c.h.p.o.HiveMQPlatformReconciler - [helmmoni] StatefulSet Spec (replicas: 2, init containers: 1, containers: 1, volumes: 3)
2025-01-29 14:00:13,642 INFO c.h.h.t.HelmChartContainer - [hivemq-test-hivemq-platform] [hivemq-platform-operator] [4223238d] 14:00:13.640 [ReconcilerExecutor-hivemq-controller-113] DEBUG c.h.p.o.h.HiveMQPlatformReconcilerErrorHandler - [helmmoni] Pod 'test-hivemq-platform-1' phase Pending
2025-01-29 14:00:13,643 INFO c.h.h.t.HelmChartContainer - [hivemq-test-hivemq-platform] [hivemq-platform-operator] [4223238d] 14:00:13.641 [ReconcilerExecutor-hivemq-controller-113] DEBUG c.h.p.o.h.HiveMQPlatformReconcilerErrorHandler - [helmmoni] Pod 'test-hivemq-platform-1' condition 'PodReadyToStartContainers': False
2025-01-29 14:00:13,644 INFO c.h.h.t.HelmChartContainer - [hivemq-test-hivemq-platform] [hivemq-platform-operator] [4223238d] 14:00:13.641 [ReconcilerExecutor-hivemq-controller-113] DEBUG c.h.p.o.h.HiveMQPlatformReconcilerErrorHandler - [helmmoni] Pod 'test-hivemq-platform-1' condition 'Initialized': False
2025-01-29 14:00:13,644 INFO c.h.h.t.HelmChartContainer - [hivemq-test-hivemq-platform] [hivemq-platform-operator] [4223238d] 14:00:13.641 [ReconcilerExecutor-hivemq-controller-113] DEBUG c.h.p.o.h.HiveMQPlatformReconcilerErrorHandler - [helmmoni] Pod 'test-hivemq-platform-1' condition 'Ready': False
2025-01-29 14:00:13,644 INFO c.h.h.t.HelmChartContainer - [hivemq-test-hivemq-platform] [hivemq-platform-operator] [4223238d] 14:00:13.641 [ReconcilerExecutor-hivemq-controller-113] DEBUG c.h.p.o.h.HiveMQPlatformReconcilerErrorHandler - [helmmoni] Pod 'test-hivemq-platform-1' condition 'ContainersReady': False
2025-01-29 14:00:13,644 INFO c.h.h.t.HelmChartContainer - [hivemq-test-hivemq-platform] [hivemq-platform-operator] [4223238d] 14:00:13.641 [ReconcilerExecutor-hivemq-controller-113] DEBUG c.h.p.o.h.HiveMQPlatformReconcilerErrorHandler - [helmmoni] Pod 'test-hivemq-platform-1' condition 'PodScheduled': True
2025-01-29 14:00:13,644 INFO c.h.h.t.HelmChartContainer - [hivemq-test-hivemq-platform] [hivemq-platform-operator] [4223238d] 14:00:13.641 [ReconcilerExecutor-hivemq-controller-113] DEBUG c.h.p.o.h.HiveMQPlatformReconcilerErrorHandler - [helmmoni] Pod 'test-hivemq-platform-1' containerStatus 'hivemq' (started: false) (ready: false) (waiting: [PodInitializing] null)
2025-01-29 14:00:13,644 INFO c.h.h.t.HelmChartContainer - [hivemq-test-hivemq-platform] [hivemq-platform-operator] [4223238d] 14:00:13.643 [ReconcilerExecutor-hivemq-controller-113] DEBUG c.h.p.o.h.HiveMQPlatformReconcilerErrorHandler - [helmmoni] Pod 'test-hivemq-platform-0' phase Running
2025-01-29 14:00:13,646 INFO c.h.h.t.HelmChartContainer - [hivemq-test-hivemq-platform] [hivemq-platform-operator] [4223238d] 14:00:13.645 [ReconcilerExecutor-hivemq-controller-113] INFO  c.h.p.o.h.HiveMQPlatformReconcilerBaseHandler - [helmmoni] HiveMQ Platform is starting, 1 of 2 replicas are ready
2025-01-29 14:00:13,650 INFO c.h.h.t.HelmChartContainer - [hivemq-test-hivemq-platform] [hivemq-platform-operator] [4223238d] 14:00:13.648 [pool-6-thread-6] DEBUG c.h.p.o.d.PlatformServiceResource - [helmmoni] Desired Platform services (3 services)
2025-01-29 14:00:13,651 INFO c.h.h.t.HelmChartContainer - [hivemq-test-hivemq-platform] [hivemq-platform-operator] [4223238d] 14:00:13.649 [pool-6-thread-1] DEBUG c.h.p.o.dependants.PodInfoConfigMap - [helmmoni] Desired PodInfo ConfigMap (1 extensions) (1 enabled)
2025-01-29 14:00:13,651 INFO c.h.h.t.HelmChartContainer - [hivemq-test-hivemq-platform] [hivemq-platform-operator] [4223238d] 14:00:13.649 [pool-6-thread-1] DEBUG c.h.p.o.dependants.PodInfoConfigMap - [helmmoni] Desired PodInfo ConfigMap (metrics port: 9399) (metrics path: /)
2025-01-29 14:00:13,730 INFO c.h.h.t.HelmChartContainer - [hivemq-test-hivemq-platform] [hivemq-platform-operator] [4223238d] 14:00:13.727 [pool-6-thread-1] DEBUG c.h.p.o.dependants.PodInfoConfigMap - [helmmoni] Desired PodInfo ConfigMap (extension state hash: -1817474005)
2025-01-29 14:00:13,730 INFO c.h.h.t.HelmChartContainer - [hivemq-test-hivemq-platform] [hivemq-platform-operator] [4223238d] 14:00:13.650 [pool-6-thread-3] DEBUG c.h.p.o.d.PodServiceAccountResource - [helmmoni] Desired PodServiceAccountResource (serviceAccountName: hivemq-platform-pod-test-hivemq-platform)
2025-01-29 14:00:13,732 INFO c.h.h.t.HelmChartContainer - [hivemq-test-hivemq-platform] [hivemq-platform-operator] [4223238d] 14:00:13.730 [pool-6-thread-6] DEBUG c.h.p.o.d.StatefulSetResource - [helmmoni] Desired StatefulSet (2 replicas) for status STARTING (READY)
2025-01-29 14:00:13,737 INFO c.h.h.t.HelmChartContainer - [hivemq-test-hivemq-platform] [hivemq-platform-operator] [4223238d] 14:00:13.735 [ReconcilerExecutor-hivemq-controller-114] INFO  c.h.p.o.HiveMQPlatformReconciler - [helmmoni] Reconciling HiveMQ Platform 'test-hivemq-platform' in namespace 'helmmonitoringplatformit'
2025-01-29 14:00:13,737 INFO c.h.h.t.HelmChartContainer - [hivemq-test-hivemq-platform] [hivemq-platform-operator] [4223238d] 14:00:13.735 [ReconcilerExecutor-hivemq-controller-114] DEBUG c.h.p.o.HiveMQPlatformReconciler - [helmmoni] Custom Resource Status STARTING - HiveMQ Platform is starting (READY)
2025-01-29 14:00:13,737 INFO c.h.h.t.HelmChartContainer - [hivemq-test-hivemq-platform] [hivemq-platform-operator] [4223238d] 14:00:13.735 [ReconcilerExecutor-hivemq-controller-114] DEBUG c.h.p.o.HiveMQPlatformReconciler - [helmmoni] Custom Resource Spec (replicas: 2) (extensions: 1)
2025-01-29 14:00:13,740 INFO c.h.h.t.HelmChartContainer - [hivemq-test-hivemq-platform] [hivemq-platform-operator] [4223238d] 14:00:13.738 [ReconcilerExecutor-hivemq-controller-114] DEBUG c.h.p.o.HiveMQPlatformReconciler - [helmmoni] StatefulSet Status (revision: test-hivemq-platform-64db946475, replicas: 2, available: 1, ready: 1, current: 2, updated: 2)
2025-01-29 14:00:13,741 INFO c.h.h.t.HelmChartContainer - [hivemq-test-hivemq-platform] [hivemq-platform-operator] [4223238d] 14:00:13.738 [ReconcilerExecutor-hivemq-controller-114] DEBUG c.h.p.o.HiveMQPlatformReconciler - [helmmoni] StatefulSet Spec (replicas: 2, init containers: 1, containers: 1, volumes: 3)
2025-01-29 14:00:13,741 INFO c.h.h.t.HelmChartContainer - [hivemq-test-hivemq-platform] [hivemq-platform-operator] [4223238d] 14:00:13.740 [ReconcilerExecutor-hivemq-controller-114] DEBUG c.h.p.o.h.HiveMQPlatformReconcilerErrorHandler - [helmmoni] Pod 'test-hivemq-platform-1' phase Pending
2025-01-29 14:00:13,741 INFO c.h.h.t.HelmChartContainer - [hivemq-test-hivemq-platform] [hivemq-platform-operator] [4223238d] 14:00:13.740 [ReconcilerExecutor-hivemq-controller-114] DEBUG c.h.p.o.h.HiveMQPlatformReconcilerErrorHandler - [helmmoni] Pod 'test-hivemq-platform-1' condition 'PodReadyToStartContainers': False
2025-01-29 14:00:13,741 INFO c.h.h.t.HelmChartContainer - [hivemq-test-hivemq-platform] [hivemq-platform-operator] [4223238d] 14:00:13.740 [ReconcilerExecutor-hivemq-controller-114] DEBUG c.h.p.o.h.HiveMQPlatformReconcilerErrorHandler - [helmmoni] Pod 'test-hivemq-platform-1' condition 'Initialized': False
2025-01-29 14:00:13,741 INFO c.h.h.t.HelmChartContainer - [hivemq-test-hivemq-platform] [hivemq-platform-operator] [4223238d] 14:00:13.740 [ReconcilerExecutor-hivemq-controller-114] DEBUG c.h.p.o.h.HiveMQPlatformReconcilerErrorHandler - [helmmoni] Pod 'test-hivemq-platform-1' condition 'Ready': False
2025-01-29 14:00:13,741 INFO c.h.h.t.HelmChartContainer - [hivemq-test-hivemq-platform] [hivemq-platform-operator] [4223238d] 14:00:13.740 [ReconcilerExecutor-hivemq-controller-114] DEBUG c.h.p.o.h.HiveMQPlatformReconcilerErrorHandler - [helmmoni] Pod 'test-hivemq-platform-1' condition 'ContainersReady': False
2025-01-29 14:00:13,741 INFO c.h.h.t.HelmChartContainer - [hivemq-test-hivemq-platform] [hivemq-platform-operator] [4223238d] 14:00:13.740 [ReconcilerExecutor-hivemq-controller-114] DEBUG c.h.p.o.h.HiveMQPlatformReconcilerErrorHandler - [helmmoni] Pod 'test-hivemq-platform-1' condition 'PodScheduled': True
2025-01-29 14:00:13,742 INFO c.h.h.t.HelmChartContainer - [hivemq-test-hivemq-platform] [hivemq-platform-operator] [4223238d] 14:00:13.740 [ReconcilerExecutor-hivemq-controller-114] DEBUG c.h.p.o.h.HiveMQPlatformReconcilerErrorHandler - [helmmoni] Pod 'test-hivemq-platform-1' containerStatus 'hivemq' (started: false) (ready: false) (waiting: [PodInitializing] null)
2025-01-29 14:00:13,743 INFO c.h.h.t.HelmChartContainer - [hivemq-test-hivemq-platform] [hivemq-platform-operator] [4223238d] 14:00:13.742 [ReconcilerExecutor-hivemq-controller-114] DEBUG c.h.p.o.h.HiveMQPlatformReconcilerErrorHandler - [helmmoni] Pod 'test-hivemq-platform-0' phase Running
2025-01-29 14:00:13,744 INFO c.h.h.t.HelmChartContainer - [hivemq-test-hivemq-platform] [hivemq-platform-operator] [4223238d] 14:00:13.743 [ReconcilerExecutor-hivemq-controller-114] INFO  c.h.p.o.h.HiveMQPlatformReconcilerBaseHandler - [helmmoni] HiveMQ Platform is starting, 1 of 2 replicas are ready
2025-01-29 14:00:13,977 INFO c.h.h.t.HelmChartContainer - [EVENT] Normal [Pulled] Container image "docker.io/hivemq/hivemq-platform-operator-init-test:snapshot" already present on machine [helmmonitoringplatformit:test-hivemq-platform-1]
2025-01-29 14:00:13,984 INFO c.h.h.t.HelmChartContainer - [EVENT] Normal [Created] Created container: hivemq-platform-operator-init [helmmonitoringplatformit:test-hivemq-platform-1]
2025-01-29 14:00:14,024 INFO c.h.h.t.HelmChartContainer - [EVENT] Normal [Started] Started container hivemq-platform-operator-init [helmmonitoringplatformit:test-hivemq-platform-1]
2025-01-29 14:00:14,804 INFO c.h.h.t.HelmChartContainer - [EVENT] Normal [Pulled] Container image "docker.io/hivemq/hivemq4:4.36.0" already present on machine [helmmonitoringplatformit:test-hivemq-platform-1]
2025-01-29 14:00:14,804 INFO c.h.h.t.HelmChartContainer - Received Pulled event for container hivemq in pod test-hivemq-platform-1 [e2fffa4d-66fb-40fb-871c-3237e777fecf]
2025-01-29 14:00:14,811 INFO c.h.h.t.HelmChartContainer - [POD] test-hivemq-platform-1 [e2fffa4d-66fb-40fb-871c-3237e777fecf] in helmmonitoringplatformit was MODIFIED
2025-01-29 14:00:14,829 INFO c.h.h.t.HelmChartContainer - [hivemq-test-hivemq-platform] [hivemq-platform-operator] [4223238d] 14:00:14.819 [pool-6-thread-18] DEBUG c.h.p.o.dependants.PodInfoConfigMap - [helmmoni] Desired PodInfo ConfigMap (1 extensions) (1 enabled)
2025-01-29 14:00:14,836 INFO c.h.h.t.HelmChartContainer - [hivemq-test-hivemq-platform] [hivemq-platform-operator] [4223238d] 14:00:14.822 [pool-6-thread-18] DEBUG c.h.p.o.dependants.PodInfoConfigMap - [helmmoni] Desired PodInfo ConfigMap (metrics port: 9399) (metrics path: /)
2025-01-29 14:00:14,836 INFO c.h.h.t.HelmChartContainer - [hivemq-test-hivemq-platform] [hivemq-platform-operator] [4223238d] 14:00:14.822 [pool-6-thread-18] DEBUG c.h.p.o.dependants.PodInfoConfigMap - [helmmoni] Desired PodInfo ConfigMap (extension state hash: -1817474005)
2025-01-29 14:00:14,836 INFO c.h.h.t.HelmChartContainer - [hivemq-test-hivemq-platform] [hivemq-platform-operator] [4223238d] 14:00:14.819 [pool-6-thread-13] DEBUG c.h.p.o.d.PlatformServiceResource - [helmmoni] Desired Platform services (3 services)
2025-01-29 14:00:14,836 INFO c.h.h.t.HelmChartContainer - [hivemq-test-hivemq-platform] [hivemq-platform-operator] [4223238d] 14:00:14.820 [pool-6-thread-19] DEBUG c.h.p.o.d.PodServiceAccountResource - [helmmoni] Desired PodServiceAccountResource (serviceAccountName: hivemq-platform-pod-test-hivemq-platform)
2025-01-29 14:00:14,837 INFO c.h.h.t.HelmChartContainer - [EVENT] Normal [Created] Created container: hivemq [helmmonitoringplatformit:test-hivemq-platform-1]
2025-01-29 14:00:14,837 INFO c.h.h.t.HelmChartContainer - Received Created event for container hivemq in pod test-hivemq-platform-1 [e2fffa4d-66fb-40fb-871c-3237e777fecf]
2025-01-29 14:00:14,845 INFO c.h.h.t.HelmChartContainer - [hivemq-test-hivemq-platform] [hivemq-platform-operator] [4223238d] 14:00:14.843 [pool-6-thread-13] DEBUG c.h.p.o.d.StatefulSetResource - [helmmoni] Desired StatefulSet (2 replicas) for status STARTING (READY)
2025-01-29 14:00:14,893 INFO c.h.h.t.HelmChartContainer - [hivemq-test-hivemq-platform] [hivemq-platform-operator] [4223238d] 14:00:14.892 [ReconcilerExecutor-hivemq-controller-115] INFO  c.h.p.o.HiveMQPlatformReconciler - [helmmoni] Reconciling HiveMQ Platform 'test-hivemq-platform' in namespace 'helmmonitoringplatformit'
2025-01-29 14:00:14,895 INFO c.h.h.t.HelmChartContainer - [hivemq-test-hivemq-platform] [hivemq-platform-operator] [4223238d] 14:00:14.893 [ReconcilerExecutor-hivemq-controller-115] DEBUG c.h.p.o.HiveMQPlatformReconciler - [helmmoni] Custom Resource Status STARTING - HiveMQ Platform is starting (READY)
2025-01-29 14:00:14,896 INFO c.h.h.t.HelmChartContainer - [hivemq-test-hivemq-platform] [hivemq-platform-operator] [4223238d] 14:00:14.893 [ReconcilerExecutor-hivemq-controller-115] DEBUG c.h.p.o.HiveMQPlatformReconciler - [helmmoni] Custom Resource Spec (replicas: 2) (extensions: 1)
2025-01-29 14:00:14,897 INFO c.h.h.t.HelmChartContainer - [hivemq-test-hivemq-platform] [hivemq-platform-operator] [4223238d] 14:00:14.896 [ReconcilerExecutor-hivemq-controller-115] DEBUG c.h.p.o.HiveMQPlatformReconciler - [helmmoni] StatefulSet Status (revision: test-hivemq-platform-64db946475, replicas: 2, available: 1, ready: 1, current: 2, updated: 2)
2025-01-29 14:00:14,898 INFO c.h.h.t.HelmChartContainer - [hivemq-test-hivemq-platform] [hivemq-platform-operator] [4223238d] 14:00:14.896 [ReconcilerExecutor-hivemq-controller-115] DEBUG c.h.p.o.HiveMQPlatformReconciler - [helmmoni] StatefulSet Spec (replicas: 2, init containers: 1, containers: 1, volumes: 3)
2025-01-29 14:00:14,901 INFO c.h.h.t.HelmChartContainer - [hivemq-test-hivemq-platform] [hivemq-platform-operator] [4223238d] 14:00:14.897 [ReconcilerExecutor-hivemq-controller-115] DEBUG c.h.p.o.h.HiveMQPlatformReconcilerErrorHandler - [helmmoni] Pod 'test-hivemq-platform-1' phase Pending
2025-01-29 14:00:14,902 INFO c.h.h.t.HelmChartContainer - [hivemq-test-hivemq-platform] [hivemq-platform-operator] [4223238d] 14:00:14.897 [ReconcilerExecutor-hivemq-controller-115] DEBUG c.h.p.o.h.HiveMQPlatformReconcilerErrorHandler - [helmmoni] Pod 'test-hivemq-platform-1' condition 'PodReadyToStartContainers': True
2025-01-29 14:00:14,902 INFO c.h.h.t.HelmChartContainer - [hivemq-test-hivemq-platform] [hivemq-platform-operator] [4223238d] 14:00:14.897 [ReconcilerExecutor-hivemq-controller-115] DEBUG c.h.p.o.h.HiveMQPlatformReconcilerErrorHandler - [helmmoni] Pod 'test-hivemq-platform-1' condition 'Initialized': True
2025-01-29 14:00:14,902 INFO c.h.h.t.HelmChartContainer - [hivemq-test-hivemq-platform] [hivemq-platform-operator] [4223238d] 14:00:14.897 [ReconcilerExecutor-hivemq-controller-115] DEBUG c.h.p.o.h.HiveMQPlatformReconcilerErrorHandler - [helmmoni] Pod 'test-hivemq-platform-1' condition 'Ready': False
2025-01-29 14:00:14,902 INFO c.h.h.t.HelmChartContainer - [hivemq-test-hivemq-platform] [hivemq-platform-operator] [4223238d] 14:00:14.897 [ReconcilerExecutor-hivemq-controller-115] DEBUG c.h.p.o.h.HiveMQPlatformReconcilerErrorHandler - [helmmoni] Pod 'test-hivemq-platform-1' condition 'ContainersReady': False
2025-01-29 14:00:14,902 INFO c.h.h.t.HelmChartContainer - [hivemq-test-hivemq-platform] [hivemq-platform-operator] [4223238d] 14:00:14.897 [ReconcilerExecutor-hivemq-controller-115] DEBUG c.h.p.o.h.HiveMQPlatformReconcilerErrorHandler - [helmmoni] Pod 'test-hivemq-platform-1' condition 'PodScheduled': True
2025-01-29 14:00:14,902 INFO c.h.h.t.HelmChartContainer - [hivemq-test-hivemq-platform] [hivemq-platform-operator] [4223238d] 14:00:14.897 [ReconcilerExecutor-hivemq-controller-115] DEBUG c.h.p.o.h.HiveMQPlatformReconcilerErrorHandler - [helmmoni] Pod 'test-hivemq-platform-1' containerStatus 'hivemq' (started: false) (ready: false) (waiting: [PodInitializing] null)
2025-01-29 14:00:14,902 INFO c.h.h.t.HelmChartContainer - [hivemq-test-hivemq-platform] [hivemq-platform-operator] [4223238d] 14:00:14.898 [ReconcilerExecutor-hivemq-controller-115] DEBUG c.h.p.o.h.HiveMQPlatformReconcilerErrorHandler - [helmmoni] Pod 'test-hivemq-platform-0' phase Running
2025-01-29 14:00:14,902 INFO c.h.h.t.HelmChartContainer - [hivemq-test-hivemq-platform] [hivemq-platform-operator] [4223238d] 14:00:14.899 [ReconcilerExecutor-hivemq-controller-115] INFO  c.h.p.o.h.HiveMQPlatformReconcilerBaseHandler - [helmmoni] HiveMQ Platform is starting, 1 of 2 replicas are ready
2025-01-29 14:00:15,823 INFO c.h.h.t.HelmChartContainer - [POD] test-hivemq-platform-1 [e2fffa4d-66fb-40fb-871c-3237e777fecf] in helmmonitoringplatformit was MODIFIED
2025-01-29 14:00:15,831 INFO c.h.h.t.HelmChartContainer - [hivemq-test-hivemq-platform] [hivemq-platform-operator] [4223238d] 14:00:15.830 [pool-6-thread-21] DEBUG c.h.p.o.d.PlatformServiceResource - [helmmoni] Desired Platform services (3 services)
2025-01-29 14:00:15,834 INFO c.h.h.t.HelmChartContainer - [hivemq-test-hivemq-platform] [hivemq-platform-operator] [4223238d] 14:00:15.832 [pool-6-thread-23] DEBUG c.h.p.o.dependants.PodInfoConfigMap - [helmmoni] Desired PodInfo ConfigMap (1 extensions) (1 enabled)
2025-01-29 14:00:15,835 INFO c.h.h.t.HelmChartContainer - [hivemq-test-hivemq-platform] [hivemq-platform-operator] [4223238d] 14:00:15.832 [pool-6-thread-23] DEBUG c.h.p.o.dependants.PodInfoConfigMap - [helmmoni] Desired PodInfo ConfigMap (metrics port: 9399) (metrics path: /)
2025-01-29 14:00:15,835 INFO c.h.h.t.HelmChartContainer - [hivemq-test-hivemq-platform] [hivemq-platform-operator] [4223238d] 14:00:15.832 [pool-6-thread-23] DEBUG c.h.p.o.dependants.PodInfoConfigMap - [helmmoni] Desired PodInfo ConfigMap (extension state hash: -1817474005)
2025-01-29 14:00:15,838 INFO c.h.h.t.HelmChartContainer - [hivemq-test-hivemq-platform] [hivemq-platform-operator] [4223238d] 14:00:15.834 [pool-6-thread-23] DEBUG c.h.p.o.d.PodServiceAccountResource - [helmmoni] Desired PodServiceAccountResource (serviceAccountName: hivemq-platform-pod-test-hivemq-platform)
2025-01-29 14:00:15,838 INFO c.h.h.t.HelmChartContainer - Started log watcher for hivemq in pod test-hivemq-platform-1 [e2fffa4d-66fb-40fb-871c-3237e777fecf]
2025-01-29 14:00:15,840 INFO c.h.h.t.HelmChartContainer - [EVENT] Normal [Started] Started container hivemq [helmmonitoringplatformit:test-hivemq-platform-1]
2025-01-29 14:00:15,840 INFO c.h.h.t.HelmChartContainer - Received Started event for container hivemq in pod test-hivemq-platform-1 [e2fffa4d-66fb-40fb-871c-3237e777fecf]
2025-01-29 14:00:15,841 INFO c.h.h.t.HelmChartContainer - [test-hivemq-platform] [hivemq] [e2fffa4d] Adding pre-installed HiveMQ Platform Operator extensions
2025-01-29 14:00:15,841 INFO c.h.h.t.HelmChartContainer - [test-hivemq-platform] [hivemq] [e2fffa4d] Running as user 10000
2025-01-29 14:00:15,841 INFO c.h.h.t.HelmChartContainer - [test-hivemq-platform] [hivemq] [e2fffa4d] Starting HiveMQ Platform Operator Init
2025-01-29 14:00:15,842 INFO c.h.h.t.HelmChartContainer - [hivemq-test-hivemq-platform] [hivemq-platform-operator] [4223238d] 14:00:15.840 [pool-6-thread-21] DEBUG c.h.p.o.d.StatefulSetResource - [helmmoni] Desired StatefulSet (2 replicas) for status STARTING (READY)
2025-01-29 14:00:15,844 INFO c.h.h.t.HelmChartContainer - [hivemq-test-hivemq-platform] [hivemq-platform-operator] [4223238d] 14:00:15.844 [ReconcilerExecutor-hivemq-controller-116] INFO  c.h.p.o.HiveMQPlatformReconciler - [helmmoni] Reconciling HiveMQ Platform 'test-hivemq-platform' in namespace 'helmmonitoringplatformit'
2025-01-29 14:00:15,846 INFO c.h.h.t.HelmChartContainer - [hivemq-test-hivemq-platform] [hivemq-platform-operator] [4223238d] 14:00:15.844 [ReconcilerExecutor-hivemq-controller-116] DEBUG c.h.p.o.HiveMQPlatformReconciler - [helmmoni] Custom Resource Status STARTING - HiveMQ Platform is starting (READY)
2025-01-29 14:00:15,846 INFO c.h.h.t.HelmChartContainer - [hivemq-test-hivemq-platform] [hivemq-platform-operator] [4223238d] 14:00:15.844 [ReconcilerExecutor-hivemq-controller-116] DEBUG c.h.p.o.HiveMQPlatformReconciler - [helmmoni] Custom Resource Spec (replicas: 2) (extensions: 1)
2025-01-29 14:00:15,846 INFO c.h.h.t.HelmChartContainer - [hivemq-test-hivemq-platform] [hivemq-platform-operator] [4223238d] 14:00:15.845 [ReconcilerExecutor-hivemq-controller-116] DEBUG c.h.p.o.HiveMQPlatformReconciler - [helmmoni] StatefulSet Status (revision: test-hivemq-platform-64db946475, replicas: 2, available: 1, ready: 1, current: 2, updated: 2)
2025-01-29 14:00:15,846 INFO c.h.h.t.HelmChartContainer - [hivemq-test-hivemq-platform] [hivemq-platform-operator] [4223238d] 14:00:15.845 [ReconcilerExecutor-hivemq-controller-116] DEBUG c.h.p.o.HiveMQPlatformReconciler - [helmmoni] StatefulSet Spec (replicas: 2, init containers: 1, containers: 1, volumes: 3)
2025-01-29 14:00:15,847 INFO c.h.h.t.HelmChartContainer - [hivemq-test-hivemq-platform] [hivemq-platform-operator] [4223238d] 14:00:15.847 [ReconcilerExecutor-hivemq-controller-116] DEBUG c.h.p.o.h.HiveMQPlatformReconcilerErrorHandler - [helmmoni] Pod 'test-hivemq-platform-1' phase Running
2025-01-29 14:00:15,850 INFO c.h.h.t.HelmChartContainer - [hivemq-test-hivemq-platform] [hivemq-platform-operator] [4223238d] 14:00:15.848 [ReconcilerExecutor-hivemq-controller-116] DEBUG c.h.p.o.h.HiveMQPlatformReconcilerErrorHandler - [helmmoni] Pod 'test-hivemq-platform-0' phase Running
2025-01-29 14:00:15,890 INFO c.h.h.t.HelmChartContainer - [hivemq-test-hivemq-platform] [hivemq-platform-operator] [4223238d] 14:00:15.887 [ReconcilerExecutor-hivemq-controller-116] INFO  c.h.p.o.h.HiveMQPlatformReconcilerBaseHandler - [helmmoni] HiveMQ Platform is starting, 1 of 2 replicas are ready
2025-01-29 14:00:16,125 INFO c.h.h.t.HelmChartContainer - [test-hivemq-platform] [hivemq] [e2fffa4d] INFO  - [HiveMQ Platform Operator Init 1.7.0-SNAPSHOT] HiveMQ Platform Operator Init 1.7.0-SNAPSHOT (commit: bebf408 on branch: HEAD) built on Sun Jan 26 20:47:47 UTC 2025
2025-01-29 14:00:17,318 INFO c.h.h.t.HelmChartContainer - [test-hivemq-platform] [hivemq] [e2fffa4d] INFO  - [HiveMQ Platform Operator Init App 1.7.0-SNAPSHOT] Using bind address 10.42.0.18 from environment variable
2025-01-29 14:00:18,218 INFO c.h.h.t.HelmChartContainer - [test-hivemq-platform] [hivemq] [e2fffa4d] INFO  - [HiveMQ Platform Operator Init App 1.7.0-SNAPSHOT] HiveMQ Platform Operator Init App 1.7.0-SNAPSHOT (commit: bebf408 on branch: HEAD) built on Sun Jan 26 20:47:47 UTC 2025
2025-01-29 14:00:18,218 INFO c.h.h.t.HelmChartContainer - [test-hivemq-platform] [hivemq] [e2fffa4d] INFO  - [HiveMQ Platform Operator Init App 1.7.0-SNAPSHOT] PodInfo ConfigMap directory: /etc/podinfo
2025-01-29 14:00:18,219 INFO c.h.h.t.HelmChartContainer - [test-hivemq-platform] [hivemq] [e2fffa4d] INFO  - [HiveMQ Platform Operator Init App 1.7.0-SNAPSHOT] HiveMQ home directory: /opt/hivemq
2025-01-29 14:00:18,219 INFO c.h.h.t.HelmChartContainer - [test-hivemq-platform] [hivemq] [e2fffa4d] INFO  - [HiveMQ Platform Operator Init App 1.7.0-SNAPSHOT] HiveMQ Logback folder: /opt/hivemq/conf
2025-01-29 14:00:18,219 INFO c.h.h.t.HelmChartContainer - [test-hivemq-platform] [hivemq] [e2fffa4d] INFO  - [HiveMQ Platform Operator Init App 1.7.0-SNAPSHOT] HiveMQ Config folder: /opt/hivemq/conf-k8s
2025-01-29 14:00:18,219 INFO c.h.h.t.HelmChartContainer - [test-hivemq-platform] [hivemq] [e2fffa4d] INFO  - [HiveMQ Platform Operator Init App 1.7.0-SNAPSHOT] Starting HiveMQ Platform Operator Init App
2025-01-29 14:00:18,219 INFO c.h.h.t.HelmChartContainer - [test-hivemq-platform] [hivemq] [e2fffa4d] INFO  - [HiveMQ Platform Operator Init App 1.7.0-SNAPSHOT] Starting Pod reconciler
2025-01-29 14:00:19,391 INFO c.h.h.t.HelmChartContainer - [test-hivemq-platform] [hivemq] [e2fffa4d] INFO  - [HiveMQ Platform Operator Init App 1.7.0-SNAPSHOT] Pod reconciler is scheduled (interval: 5000 ms)
2025-01-29 14:00:19,392 INFO c.h.h.t.HelmChartContainer - [test-hivemq-platform] [hivemq] [e2fffa4d] INFO  - [HiveMQ Platform Operator Init App 1.7.0-SNAPSHOT] Starting the REST API on 10.42.0.18:7979
2025-01-29 14:00:19,394 INFO c.h.h.t.HelmChartContainer - [test-hivemq-platform] [hivemq] [e2fffa4d] INFO  - [HiveMQ Platform Operator Init App 1.7.0-SNAPSHOT] Waiting up to 600s for at most 2 HiveMQ nodes in cluster service hivemq-test-hivemq-platform-cluster.helmmonitoringplatformit.svc
2025-01-29 14:00:19,719 INFO c.h.h.t.HelmChartContainer - [test-hivemq-platform] [hivemq] [e2fffa4d] INFO  - [HiveMQ Platform Operator Init App 1.7.0-SNAPSHOT] Resolved 2 IP addresses: [10.42.0.18, 10.42.0.17]
2025-01-29 14:00:19,719 INFO c.h.h.t.HelmChartContainer - [test-hivemq-platform] [hivemq] [e2fffa4d] INFO  - [HiveMQ Platform Operator Init App 1.7.0-SNAPSHOT] HiveMQ node count of 2 is within threshold of 2
2025-01-29 14:00:19,719 INFO c.h.h.t.HelmChartContainer - [test-hivemq-platform] [hivemq] [e2fffa4d] INFO  - [HiveMQ Platform Operator Init App 1.7.0-SNAPSHOT] Proceeding with container start
2025-01-29 14:00:19,798 INFO c.h.h.t.HelmChartContainer - [test-hivemq-platform] [hivemq] [e2fffa4d] INFO  - [HiveMQ Platform Operator Init App 1.7.0-SNAPSHOT] Initializing HiveMQ Platform extensions with initial configuration: {hivemq-allow-all-extension={start-priority=-1, skip-https-hostname-verification=false, restart=true, config-version=0, header-version=0, c-uri=, priority=-1, uri=preinstalled, skip-https-certificate-validation=false, enabled=true}, hivemq-prometheus-extension={start-priority=-1, c-uri=, skip-https-hostname-verification=false, skip-https-certificate-validation=false, uri=preinstalled, request-header-path=no-request-headers, enabled=true, restart=true, priority=-1}}
2025-01-29 14:00:20,217 INFO c.h.h.t.HelmChartContainer - [test-hivemq-platform] [hivemq] [e2fffa4d] INFO  - [HiveMQ Platform Operator Init App 1.7.0-SNAPSHOT] Extension hivemq-allow-all-extension was already enabled
2025-01-29 14:00:20,290 INFO c.h.h.t.HelmChartContainer - [test-hivemq-platform] [hivemq] [e2fffa4d] INFO  - [HiveMQ Platform Operator Init App 1.7.0-SNAPSHOT] Successfully enabled extension hivemq-prometheus-extension
2025-01-29 14:00:20,292 INFO c.h.h.t.HelmChartContainer - [test-hivemq-platform] [hivemq] [e2fffa4d] INFO  - [HiveMQ Platform Operator Init App 1.7.0-SNAPSHOT] Starting HiveMQ Platform version 4.36.0 (4.36.0)
2025-01-29 14:00:20,292 INFO c.h.h.t.HelmChartContainer - [test-hivemq-platform] [hivemq] [e2fffa4d] INFO  - [HiveMQ Platform Operator Init App 1.7.0-SNAPSHOT] Configuring the HiveMQ Platform
2025-01-29 14:00:20,316 INFO c.h.h.t.HelmChartContainer - [test-hivemq-platform] [hivemq] [e2fffa4d] INFO  - [HiveMQ Platform Operator Init App 1.7.0-SNAPSHOT] Changed logback.xml file scan period to 20 seconds
2025-01-29 14:00:20,411 INFO c.h.h.t.HelmChartContainer - [test-hivemq-platform] [hivemq] [e2fffa4d] INFO  - [HiveMQ Platform Operator Init App 1.7.0-SNAPSHOT] Starting the HiveMQ Platform
2025-01-29 14:00:20,415 INFO c.h.h.t.HelmChartContainer - [test-hivemq-platform] [hivemq] [e2fffa4d] -------------------------------------------------------------------------
2025-01-29 14:00:20,415 INFO c.h.h.t.HelmChartContainer - [test-hivemq-platform] [hivemq] [e2fffa4d] 
2025-01-29 14:00:20,415 INFO c.h.h.t.HelmChartContainer - [test-hivemq-platform] [hivemq] [e2fffa4d]                   _    _  _              __  __   ____
2025-01-29 14:00:20,415 INFO c.h.h.t.HelmChartContainer - [test-hivemq-platform] [hivemq] [e2fffa4d]                  | |  | |(_)            |  \/  | / __ \
2025-01-29 14:00:20,415 INFO c.h.h.t.HelmChartContainer - [test-hivemq-platform] [hivemq] [e2fffa4d]                  | |__| | _ __   __ ___ | \  / || |  | |
2025-01-29 14:00:20,415 INFO c.h.h.t.HelmChartContainer - [test-hivemq-platform] [hivemq] [e2fffa4d]                  |  __  || |\ \ / // _ \| |\/| || |  | |
2025-01-29 14:00:20,415 INFO c.h.h.t.HelmChartContainer - [test-hivemq-platform] [hivemq] [e2fffa4d]                  | |  | || | \ V /|  __/| |  | || |__| |
2025-01-29 14:00:20,415 INFO c.h.h.t.HelmChartContainer - [test-hivemq-platform] [hivemq] [e2fffa4d]                  |_|  |_||_|  \_/  \___||_|  |_| \___\_\
2025-01-29 14:00:20,415 INFO c.h.h.t.HelmChartContainer - [test-hivemq-platform] [hivemq] [e2fffa4d] 
2025-01-29 14:00:20,415 INFO c.h.h.t.HelmChartContainer - [test-hivemq-platform] [hivemq] [e2fffa4d] -------------------------------------------------------------------------
2025-01-29 14:00:20,415 INFO c.h.h.t.HelmChartContainer - [test-hivemq-platform] [hivemq] [e2fffa4d] 
2025-01-29 14:00:20,416 INFO c.h.h.t.HelmChartContainer - [test-hivemq-platform] [hivemq] [e2fffa4d]   HiveMQ Start Script for Linux/Unix v1.14
2025-01-29 14:00:20,416 INFO c.h.h.t.HelmChartContainer - [test-hivemq-platform] [hivemq] [e2fffa4d] 
2025-01-29 14:00:20,512 INFO c.h.h.t.HelmChartContainer - [test-hivemq-platform] [hivemq] [e2fffa4d] -------------------------------------------------------------------------
2025-01-29 14:00:20,512 INFO c.h.h.t.HelmChartContainer - [test-hivemq-platform] [hivemq] [e2fffa4d] 
2025-01-29 14:00:20,512 INFO c.h.h.t.HelmChartContainer - [test-hivemq-platform] [hivemq] [e2fffa4d]   HIVEMQ_HOME: /opt/hivemq
2025-01-29 14:00:20,512 INFO c.h.h.t.HelmChartContainer - [test-hivemq-platform] [hivemq] [e2fffa4d] 
2025-01-29 14:00:20,512 INFO c.h.h.t.HelmChartContainer - [test-hivemq-platform] [hivemq] [e2fffa4d]   JAVA_OPTS: -XX:+UnlockExperimentalVMOptions -XX:InitialRAMPercentage=50 -XX:MaxRAMPercentage=50 -Djava.net.preferIPv4Stack=true --add-opens java.base/java.lang=ALL-UNNAMED --add-opens java.base/java.nio=ALL-UNNAMED --add-opens java.base/sun.nio.ch=ALL-UNNAMED --add-opens jdk.management/com.sun.management.internal=ALL-UNNAMED --add-exports java.base/jdk.internal.misc=ALL-UNNAMED -Djava.security.egd=file:/dev/./urandom -Dcom.sun.management.jmxremote -Dcom.sun.management.jmxremote.port=9010 -Dcom.sun.management.jmxremote.local.only=false -Dcom.sun.management.jmxremote.authenticate=false -Dcom.sun.management.jmxremote.ssl=false -Duser.language=en -Duser.region=US -XX:+CrashOnOutOfMemoryError -XX:+HeapDumpOnOutOfMemoryError
2025-01-29 14:00:20,512 INFO c.h.h.t.HelmChartContainer - [test-hivemq-platform] [hivemq] [e2fffa4d] 
2025-01-29 14:00:20,512 INFO c.h.h.t.HelmChartContainer - [test-hivemq-platform] [hivemq] [e2fffa4d]   JAVA_VERSION: 21
2025-01-29 14:00:20,512 INFO c.h.h.t.HelmChartContainer - [test-hivemq-platform] [hivemq] [e2fffa4d] 
2025-01-29 14:00:20,512 INFO c.h.h.t.HelmChartContainer - [test-hivemq-platform] [hivemq] [e2fffa4d] -------------------------------------------------------------------------
2025-01-29 14:00:20,512 INFO c.h.h.t.HelmChartContainer - [test-hivemq-platform] [hivemq] [e2fffa4d] 
2025-01-29 14:00:21,822 INFO c.h.h.t.HelmChartContainer - [test-hivemq-platform] [hivemq] [e2fffa4d] INFO  - [HiveMQ Platform Operator Init App 1.7.0-SNAPSHOT] Returning default Health API response 503 for readiness
2025-01-29 14:00:22,316 INFO c.h.h.t.HelmChartContainer - [EVENT] Warning [Unhealthy] Readiness probe failed: HTTP probe failed with statuscode: 503 [helmmonitoringplatformit:test-hivemq-platform-1]
2025-01-29 14:00:22,317 INFO c.h.h.t.HelmChartContainer - Received Unhealthy event for container hivemq in pod test-hivemq-platform-1 [e2fffa4d-66fb-40fb-871c-3237e777fecf]
2025-01-29 14:00:23,222 INFO c.h.h.t.HelmChartContainer - [test-hivemq-platform] [hivemq] [e2fffa4d] INFO  - Starting HiveMQ Enterprise Server
2025-01-29 14:00:23,312 INFO c.h.h.t.HelmChartContainer - [test-hivemq-platform] [hivemq] [e2fffa4d] INFO  - HiveMQ version: 4.36.0
2025-01-29 14:00:23,312 INFO c.h.h.t.HelmChartContainer - [test-hivemq-platform] [hivemq] [e2fffa4d] INFO  - HiveMQ home directory: /opt/hivemq
2025-01-29 14:00:23,313 INFO c.h.h.t.HelmChartContainer - [test-hivemq-platform] [hivemq] [e2fffa4d] INFO  - Log Configuration was overridden by /opt/hivemq/conf/logback.xml
2025-01-29 14:00:24,422 INFO c.h.h.t.HelmChartContainer - [test-hivemq-platform] [hivemq] [e2fffa4d] INFO  - Successfully loaded configuration from '/opt/hivemq/conf-k8s/config.xml'.
2025-01-29 14:00:25,194 INFO c.h.h.t.HelmChartContainer - [test-hivemq-platform] [hivemq] [e2fffa4d] INFO  - This node's ID is NiZv2
2025-01-29 14:00:25,194 INFO c.h.h.t.HelmChartContainer - [test-hivemq-platform] [hivemq] [e2fffa4d] INFO  - Clustering is enabled
2025-01-29 14:00:25,895 INFO c.h.h.t.HelmChartContainer - [hivemq-test-hivemq-platform] [hivemq-platform-operator] [4223238d] 14:00:25.892 [pool-6-thread-38] DEBUG c.h.p.o.d.PlatformServiceResource - [helmmoni] Desired Platform services (3 services)
2025-01-29 14:00:25,895 INFO c.h.h.t.HelmChartContainer - [hivemq-test-hivemq-platform] [hivemq-platform-operator] [4223238d] 14:00:25.893 [pool-6-thread-36] DEBUG c.h.p.o.d.PodServiceAccountResource - [helmmoni] Desired PodServiceAccountResource (serviceAccountName: hivemq-platform-pod-test-hivemq-platform)
2025-01-29 14:00:25,897 INFO c.h.h.t.HelmChartContainer - [hivemq-test-hivemq-platform] [hivemq-platform-operator] [4223238d] 14:00:25.897 [pool-6-thread-31] DEBUG c.h.p.o.dependants.PodInfoConfigMap - [helmmoni] Desired PodInfo ConfigMap (1 extensions) (1 enabled)
2025-01-29 14:00:25,899 INFO c.h.h.t.HelmChartContainer - [hivemq-test-hivemq-platform] [hivemq-platform-operator] [4223238d] 14:00:25.897 [pool-6-thread-31] DEBUG c.h.p.o.dependants.PodInfoConfigMap - [helmmoni] Desired PodInfo ConfigMap (metrics port: 9399) (metrics path: /)
2025-01-29 14:00:25,899 INFO c.h.h.t.HelmChartContainer - [hivemq-test-hivemq-platform] [hivemq-platform-operator] [4223238d] 14:00:25.897 [pool-6-thread-31] DEBUG c.h.p.o.dependants.PodInfoConfigMap - [helmmoni] Desired PodInfo ConfigMap (extension state hash: -1817474005)
2025-01-29 14:00:25,906 INFO c.h.h.t.HelmChartContainer - [hivemq-test-hivemq-platform] [hivemq-platform-operator] [4223238d] 14:00:25.905 [pool-6-thread-31] DEBUG c.h.p.o.d.StatefulSetResource - [helmmoni] Desired StatefulSet (2 replicas) for status STARTING (READY)
2025-01-29 14:00:25,910 INFO c.h.h.t.HelmChartContainer - [hivemq-test-hivemq-platform] [hivemq-platform-operator] [4223238d] 14:00:25.909 [ReconcilerExecutor-hivemq-controller-117] INFO  c.h.p.o.HiveMQPlatformReconciler - [helmmoni] Reconciling HiveMQ Platform 'test-hivemq-platform' in namespace 'helmmonitoringplatformit'
2025-01-29 14:00:25,910 INFO c.h.h.t.HelmChartContainer - [hivemq-test-hivemq-platform] [hivemq-platform-operator] [4223238d] 14:00:25.909 [ReconcilerExecutor-hivemq-controller-117] DEBUG c.h.p.o.HiveMQPlatformReconciler - [helmmoni] Custom Resource Status STARTING - HiveMQ Platform is starting (READY)
2025-01-29 14:00:25,910 INFO c.h.h.t.HelmChartContainer - [hivemq-test-hivemq-platform] [hivemq-platform-operator] [4223238d] 14:00:25.909 [ReconcilerExecutor-hivemq-controller-117] DEBUG c.h.p.o.HiveMQPlatformReconciler - [helmmoni] Custom Resource Spec (replicas: 2) (extensions: 1)
2025-01-29 14:00:25,911 INFO c.h.h.t.HelmChartContainer - [hivemq-test-hivemq-platform] [hivemq-platform-operator] [4223238d] 14:00:25.910 [ReconcilerExecutor-hivemq-controller-117] DEBUG c.h.p.o.HiveMQPlatformReconciler - [helmmoni] StatefulSet Status (revision: test-hivemq-platform-64db946475, replicas: 2, available: 1, ready: 1, current: 2, updated: 2)
2025-01-29 14:00:25,914 INFO c.h.h.t.HelmChartContainer - [hivemq-test-hivemq-platform] [hivemq-platform-operator] [4223238d] 14:00:25.912 [ReconcilerExecutor-hivemq-controller-117] DEBUG c.h.p.o.HiveMQPlatformReconciler - [helmmoni] StatefulSet Spec (replicas: 2, init containers: 1, containers: 1, volumes: 3)
2025-01-29 14:00:25,991 INFO c.h.h.t.HelmChartContainer - [hivemq-test-hivemq-platform] [hivemq-platform-operator] [4223238d] 14:00:25.986 [ReconcilerExecutor-hivemq-controller-117] DEBUG c.h.p.o.h.HiveMQPlatformReconcilerErrorHandler - [helmmoni] Pod 'test-hivemq-platform-1' phase Running
2025-01-29 14:00:25,992 INFO c.h.h.t.HelmChartContainer - [hivemq-test-hivemq-platform] [hivemq-platform-operator] [4223238d] 14:00:25.988 [ReconcilerExecutor-hivemq-controller-117] DEBUG c.h.p.o.h.HiveMQPlatformReconcilerErrorHandler - [helmmoni] Pod 'test-hivemq-platform-0' phase Running
2025-01-29 14:00:25,992 INFO c.h.h.t.HelmChartContainer - [hivemq-test-hivemq-platform] [hivemq-platform-operator] [4223238d] 14:00:25.989 [ReconcilerExecutor-hivemq-controller-117] INFO  c.h.p.o.h.HiveMQPlatformReconcilerBaseHandler - [helmmoni] HiveMQ Platform is starting, 1 of 2 replicas are ready
2025-01-29 14:00:27,218 INFO c.h.h.t.HelmChartContainer - [test-hivemq-platform] [hivemq] [e2fffa4d] WARN  - [HiveMQ Platform Operator Init App 1.7.0-SNAPSHOT] Cannot connect to Health API for readiness: null
2025-01-29 14:00:27,223 INFO c.h.h.t.HelmChartContainer - [EVENT] Warning [Unhealthy] Readiness probe failed: HTTP probe failed with statuscode: 503 [helmmonitoringplatformit:test-hivemq-platform-1]
2025-01-29 14:00:27,223 INFO c.h.h.t.HelmChartContainer - Received Unhealthy event for container hivemq in pod test-hivemq-platform-1 [e2fffa4d-66fb-40fb-871c-3237e777fecf]
2025-01-29 14:00:29,227 INFO c.h.h.t.HelmChartContainer - [test-hivemq-platform] [hivemq] [366c4d1e] INFO  - [HiveMQ Platform Operator Init App 1.7.0-SNAPSHOT] Returning Health API response 200 for liveness
2025-01-29 14:00:30,693 INFO c.h.h.t.HelmChartContainer - [test-hivemq-platform] [hivemq] [e2fffa4d] INFO  - [HiveMQ Platform Operator Init App 1.7.0-SNAPSHOT] Updating Pod HiveMQ Platform Operator Init App version annotation (version: 1.7.0-SNAPSHOT)
2025-01-29 14:00:31,327 INFO c.h.h.t.HelmChartContainer - [POD] test-hivemq-platform-1 [e2fffa4d-66fb-40fb-871c-3237e777fecf] in helmmonitoringplatformit was MODIFIED
2025-01-29 14:00:31,333 INFO c.h.h.t.HelmChartContainer - [hivemq-test-hivemq-platform] [hivemq-platform-operator] [4223238d] 14:00:31.330 [pool-6-thread-46] DEBUG c.h.p.o.d.PlatformServiceResource - [helmmoni] Desired Platform services (3 services)
2025-01-29 14:00:31,333 INFO c.h.h.t.HelmChartContainer - [hivemq-test-hivemq-platform] [hivemq-platform-operator] [4223238d] 14:00:31.330 [pool-6-thread-42] DEBUG c.h.p.o.d.PodServiceAccountResource - [helmmoni] Desired PodServiceAccountResource (serviceAccountName: hivemq-platform-pod-test-hivemq-platform)
2025-01-29 14:00:31,334 INFO c.h.h.t.HelmChartContainer - [hivemq-test-hivemq-platform] [hivemq-platform-operator] [4223238d] 14:00:31.332 [pool-6-thread-45] DEBUG c.h.p.o.dependants.PodInfoConfigMap - [helmmoni] Desired PodInfo ConfigMap (1 extensions) (1 enabled)
2025-01-29 14:00:31,334 INFO c.h.h.t.HelmChartContainer - [hivemq-test-hivemq-platform] [hivemq-platform-operator] [4223238d] 14:00:31.332 [pool-6-thread-45] DEBUG c.h.p.o.dependants.PodInfoConfigMap - [helmmoni] Desired PodInfo ConfigMap (metrics port: 9399) (metrics path: /)
2025-01-29 14:00:31,334 INFO c.h.h.t.HelmChartContainer - [hivemq-test-hivemq-platform] [hivemq-platform-operator] [4223238d] 14:00:31.333 [pool-6-thread-45] DEBUG c.h.p.o.dependants.PodInfoConfigMap - [helmmoni] Desired PodInfo ConfigMap (extension state hash: -1817474005)
2025-01-29 14:00:31,336 INFO c.h.h.t.HelmChartContainer - [hivemq-test-hivemq-platform] [hivemq-platform-operator] [4223238d] 14:00:31.336 [pool-6-thread-46] DEBUG c.h.p.o.d.StatefulSetResource - [helmmoni] Desired StatefulSet (2 replicas) for status STARTING (READY)
2025-01-29 14:00:31,339 INFO c.h.h.t.HelmChartContainer - [hivemq-test-hivemq-platform] [hivemq-platform-operator] [4223238d] 14:00:31.339 [ReconcilerExecutor-hivemq-controller-118] INFO  c.h.p.o.HiveMQPlatformReconciler - [helmmoni] Reconciling HiveMQ Platform 'test-hivemq-platform' in namespace 'helmmonitoringplatformit'
2025-01-29 14:00:31,340 INFO c.h.h.t.HelmChartContainer - [hivemq-test-hivemq-platform] [hivemq-platform-operator] [4223238d] 14:00:31.339 [ReconcilerExecutor-hivemq-controller-118] DEBUG c.h.p.o.HiveMQPlatformReconciler - [helmmoni] Custom Resource Status STARTING - HiveMQ Platform is starting (READY)
2025-01-29 14:00:31,340 INFO c.h.h.t.HelmChartContainer - [hivemq-test-hivemq-platform] [hivemq-platform-operator] [4223238d] 14:00:31.339 [ReconcilerExecutor-hivemq-controller-118] DEBUG c.h.p.o.HiveMQPlatformReconciler - [helmmoni] Custom Resource Spec (replicas: 2) (extensions: 1)
2025-01-29 14:00:31,342 INFO c.h.h.t.HelmChartContainer - [hivemq-test-hivemq-platform] [hivemq-platform-operator] [4223238d] 14:00:31.340 [ReconcilerExecutor-hivemq-controller-118] DEBUG c.h.p.o.HiveMQPlatformReconciler - [helmmoni] StatefulSet Status (revision: test-hivemq-platform-64db946475, replicas: 2, available: 1, ready: 1, current: 2, updated: 2)
2025-01-29 14:00:31,342 INFO c.h.h.t.HelmChartContainer - [hivemq-test-hivemq-platform] [hivemq-platform-operator] [4223238d] 14:00:31.340 [ReconcilerExecutor-hivemq-controller-118] DEBUG c.h.p.o.HiveMQPlatformReconciler - [helmmoni] StatefulSet Spec (replicas: 2, init containers: 1, containers: 1, volumes: 3)
2025-01-29 14:00:31,342 INFO c.h.h.t.HelmChartContainer - [hivemq-test-hivemq-platform] [hivemq-platform-operator] [4223238d] 14:00:31.341 [ReconcilerExecutor-hivemq-controller-118] DEBUG c.h.p.o.h.HiveMQPlatformReconcilerErrorHandler - [helmmoni] Pod 'test-hivemq-platform-1' phase Running
2025-01-29 14:00:31,343 INFO c.h.h.t.HelmChartContainer - [hivemq-test-hivemq-platform] [hivemq-platform-operator] [4223238d] 14:00:31.342 [ReconcilerExecutor-hivemq-controller-118] DEBUG c.h.p.o.h.HiveMQPlatformReconcilerErrorHandler - [helmmoni] Pod 'test-hivemq-platform-0' phase Running
2025-01-29 14:00:31,343 INFO c.h.h.t.HelmChartContainer - [hivemq-test-hivemq-platform] [hivemq-platform-operator] [4223238d] 14:00:31.343 [ReconcilerExecutor-hivemq-controller-118] INFO  c.h.p.o.h.HiveMQPlatformReconcilerBaseHandler - [helmmoni] HiveMQ Platform is starting, 1 of 2 replicas are ready
2025-01-29 14:00:31,393 INFO c.h.h.t.HelmChartContainer - [test-hivemq-platform] [hivemq] [e2fffa4d] WARN  - [HiveMQ Platform Operator Init App 1.7.0-SNAPSHOT] Cannot connect to Health API for readiness: null
2025-01-29 14:00:31,412 INFO c.h.h.t.HelmChartContainer - [EVENT] Warning [Unhealthy] Readiness probe failed: HTTP probe failed with statuscode: 503 [helmmonitoringplatformit:test-hivemq-platform-1]
2025-01-29 14:00:31,412 INFO c.h.h.t.HelmChartContainer - Received Unhealthy event for container hivemq in pod test-hivemq-platform-1 [e2fffa4d-66fb-40fb-871c-3237e777fecf]
2025-01-29 14:00:31,414 INFO c.h.h.t.HelmChartContainer - [test-hivemq-platform] [hivemq] [e2fffa4d] INFO  - [HiveMQ Platform Operator Init App 1.7.0-SNAPSHOT] Successfully updated Pod HiveMQ Platform Operator Init App version annotation (version: 1.7.0-SNAPSHOT)
2025-01-29 14:00:36,391 INFO c.h.h.t.HelmChartContainer - [test-hivemq-platform] [hivemq] [e2fffa4d] WARN  - [HiveMQ Platform Operator Init App 1.7.0-SNAPSHOT] Cannot connect to Health API for readiness: null
2025-01-29 14:00:36,397 INFO c.h.h.t.HelmChartContainer - [EVENT] Warning [Unhealthy] Readiness probe failed: HTTP probe failed with statuscode: 503 [helmmonitoringplatformit:test-hivemq-platform-1]
2025-01-29 14:00:36,397 INFO c.h.h.t.HelmChartContainer - Received Unhealthy event for container hivemq in pod test-hivemq-platform-1 [e2fffa4d-66fb-40fb-871c-3237e777fecf]
2025-01-29 14:00:41,349 INFO c.h.h.t.HelmChartContainer - [hivemq-test-hivemq-platform] [hivemq-platform-operator] [4223238d] 14:00:41.346 [pool-6-thread-5] DEBUG c.h.p.o.d.PlatformServiceResource - [helmmoni] Desired Platform services (3 services)
2025-01-29 14:00:41,349 INFO c.h.h.t.HelmChartContainer - [hivemq-test-hivemq-platform] [hivemq-platform-operator] [4223238d] 14:00:41.346 [pool-6-thread-3] DEBUG c.h.p.o.dependants.PodInfoConfigMap - [helmmoni] Desired PodInfo ConfigMap (1 extensions) (1 enabled)
2025-01-29 14:00:41,349 INFO c.h.h.t.HelmChartContainer - [hivemq-test-hivemq-platform] [hivemq-platform-operator] [4223238d] 14:00:41.347 [pool-6-thread-3] DEBUG c.h.p.o.dependants.PodInfoConfigMap - [helmmoni] Desired PodInfo ConfigMap (metrics port: 9399) (metrics path: /)
2025-01-29 14:00:41,349 INFO c.h.h.t.HelmChartContainer - [hivemq-test-hivemq-platform] [hivemq-platform-operator] [4223238d] 14:00:41.347 [pool-6-thread-3] DEBUG c.h.p.o.dependants.PodInfoConfigMap - [helmmoni] Desired PodInfo ConfigMap (extension state hash: -1817474005)
2025-01-29 14:00:41,349 INFO c.h.h.t.HelmChartContainer - [hivemq-test-hivemq-platform] [hivemq-platform-operator] [4223238d] 14:00:41.347 [pool-6-thread-1] DEBUG c.h.p.o.d.PodServiceAccountResource - [helmmoni] Desired PodServiceAccountResource (serviceAccountName: hivemq-platform-pod-test-hivemq-platform)
2025-01-29 14:00:41,353 INFO c.h.h.t.HelmChartContainer - [hivemq-test-hivemq-platform] [hivemq-platform-operator] [4223238d] 14:00:41.352 [pool-6-thread-5] DEBUG c.h.p.o.d.StatefulSetResource - [helmmoni] Desired StatefulSet (2 replicas) for status STARTING (READY)
2025-01-29 14:00:41,359 INFO c.h.h.t.HelmChartContainer - [hivemq-test-hivemq-platform] [hivemq-platform-operator] [4223238d] 14:00:41.357 [ReconcilerExecutor-hivemq-controller-119] INFO  c.h.p.o.HiveMQPlatformReconciler - [helmmoni] Reconciling HiveMQ Platform 'test-hivemq-platform' in namespace 'helmmonitoringplatformit'
2025-01-29 14:00:41,359 INFO c.h.h.t.HelmChartContainer - [hivemq-test-hivemq-platform] [hivemq-platform-operator] [4223238d] 14:00:41.357 [ReconcilerExecutor-hivemq-controller-119] DEBUG c.h.p.o.HiveMQPlatformReconciler - [helmmoni] Custom Resource Status STARTING - HiveMQ Platform is starting (READY)
2025-01-29 14:00:41,359 INFO c.h.h.t.HelmChartContainer - [hivemq-test-hivemq-platform] [hivemq-platform-operator] [4223238d] 14:00:41.357 [ReconcilerExecutor-hivemq-controller-119] DEBUG c.h.p.o.HiveMQPlatformReconciler - [helmmoni] Custom Resource Spec (replicas: 2) (extensions: 1)
2025-01-29 14:00:41,360 INFO c.h.h.t.HelmChartContainer - [hivemq-test-hivemq-platform] [hivemq-platform-operator] [4223238d] 14:00:41.358 [ReconcilerExecutor-hivemq-controller-119] DEBUG c.h.p.o.HiveMQPlatformReconciler - [helmmoni] StatefulSet Status (revision: test-hivemq-platform-64db946475, replicas: 2, available: 1, ready: 1, current: 2, updated: 2)
2025-01-29 14:00:41,360 INFO c.h.h.t.HelmChartContainer - [hivemq-test-hivemq-platform] [hivemq-platform-operator] [4223238d] 14:00:41.358 [ReconcilerExecutor-hivemq-controller-119] DEBUG c.h.p.o.HiveMQPlatformReconciler - [helmmoni] StatefulSet Spec (replicas: 2, init containers: 1, containers: 1, volumes: 3)
2025-01-29 14:00:41,361 INFO c.h.h.t.HelmChartContainer - [hivemq-test-hivemq-platform] [hivemq-platform-operator] [4223238d] 14:00:41.359 [ReconcilerExecutor-hivemq-controller-119] DEBUG c.h.p.o.h.HiveMQPlatformReconcilerErrorHandler - [helmmoni] Pod 'test-hivemq-platform-1' phase Running
2025-01-29 14:00:41,363 INFO c.h.h.t.HelmChartContainer - [hivemq-test-hivemq-platform] [hivemq-platform-operator] [4223238d] 14:00:41.362 [ReconcilerExecutor-hivemq-controller-119] DEBUG c.h.p.o.h.HiveMQPlatformReconcilerErrorHandler - [helmmoni] Pod 'test-hivemq-platform-0' phase Running
2025-01-29 14:00:41,364 INFO c.h.h.t.HelmChartContainer - [hivemq-test-hivemq-platform] [hivemq-platform-operator] [4223238d] 14:00:41.363 [ReconcilerExecutor-hivemq-controller-119] INFO  c.h.p.o.h.HiveMQPlatformReconcilerBaseHandler - [helmmoni] HiveMQ Platform is starting, 1 of 2 replicas are ready
2025-01-29 14:00:41,393 INFO c.h.h.t.HelmChartContainer - [test-hivemq-platform] [hivemq] [e2fffa4d] WARN  - [HiveMQ Platform Operator Init App 1.7.0-SNAPSHOT] Cannot connect to Health API for readiness: null
2025-01-29 14:00:41,398 INFO c.h.h.t.HelmChartContainer - [EVENT] Warning [Unhealthy] Readiness probe failed: HTTP probe failed with statuscode: 503 [helmmonitoringplatformit:test-hivemq-platform-1]
2025-01-29 14:00:41,398 INFO c.h.h.t.HelmChartContainer - Received Unhealthy event for container hivemq in pod test-hivemq-platform-1 [e2fffa4d-66fb-40fb-871c-3237e777fecf]
2025-01-29 14:00:43,489 INFO c.h.h.t.HelmChartContainer - [test-hivemq-platform] [hivemq] [e2fffa4d] INFO  - No valid license file found. Using trial license, restricted to 25 connections.
2025-01-29 14:00:43,892 INFO c.h.h.t.HelmChartContainer - [test-hivemq-platform] [hivemq] [e2fffa4d] WARN  - [HiveMQ Platform Operator Init App 1.7.0-SNAPSHOT] Cannot connect to Health API for liveness: null
2025-01-29 14:00:43,893 INFO c.h.h.t.HelmChartContainer - [test-hivemq-platform] [hivemq] [e2fffa4d] INFO  - [HiveMQ Platform Operator Init App 1.7.0-SNAPSHOT] Returning default Health API response 200 for liveness
2025-01-29 14:00:46,393 INFO c.h.h.t.HelmChartContainer - [test-hivemq-platform] [hivemq] [e2fffa4d] WARN  - [HiveMQ Platform Operator Init App 1.7.0-SNAPSHOT] Cannot connect to Health API for readiness: null
2025-01-29 14:00:46,397 INFO c.h.h.t.HelmChartContainer - [EVENT] Warning [Unhealthy] Readiness probe failed: HTTP probe failed with statuscode: 503 [helmmonitoringplatformit:test-hivemq-platform-1]
2025-01-29 14:00:46,397 INFO c.h.h.t.HelmChartContainer - Received Unhealthy event for container hivemq in pod test-hivemq-platform-1 [e2fffa4d-66fb-40fb-871c-3237e777fecf]
2025-01-29 14:00:47,290 INFO c.h.h.t.HelmChartContainer - [test-hivemq-platform] [hivemq] [e2fffa4d] INFO  - No valid license file for Data Hub found. Using free license, restricted to 1 policy.
2025-01-29 14:00:48,490 INFO c.h.h.t.HelmChartContainer - [test-hivemq-platform] [hivemq] [e2fffa4d] INFO  - Audit Logger started.
2025-01-29 14:00:48,717 INFO c.h.h.t.HelmChartContainer - [test-hivemq-platform] [hivemq] [e2fffa4d] INFO  - This node uses '1' CPU cores.
2025-01-29 14:00:48,723 INFO c.h.h.t.HelmChartContainer - [test-hivemq-platform] [hivemq] [e2fffa4d] INFO  - Starting HiveMQ Health API on address 0.0.0.0 and port 8889
2025-01-29 14:00:49,691 INFO c.h.h.t.HelmChartContainer - [test-hivemq-platform] [hivemq] [e2fffa4d] INFO  - Started HiveMQ Health API in 967ms
2025-01-29 14:00:50,302 INFO c.h.h.t.HelmChartContainer - [test-hivemq-platform] [hivemq] [e2fffa4d] INFO  - Starting HiveMQ extension system.
2025-01-29 14:00:50,617 INFO c.h.h.t.HelmChartContainer - [test-hivemq-platform] [hivemq] [e2fffa4d] INFO  - Starting extension with id "hivemq-dns-cluster-discovery" at /opt/hivemq/extensions/hivemq-dns-cluster-discovery
2025-01-29 14:00:51,215 INFO c.h.h.t.HelmChartContainer - [test-hivemq-platform] [hivemq] [e2fffa4d] INFO  - Extension "DNS Cluster Discovery Extension" version 4.3.2 started successfully.
2025-01-29 14:00:51,215 INFO c.h.h.t.HelmChartContainer - [test-hivemq-platform] [hivemq] [e2fffa4d] INFO  - Starting extension with id "hivemq-prometheus-extension" at /opt/hivemq/extensions/hivemq-prometheus-extension
2025-01-29 14:00:51,297 INFO c.h.h.t.HelmChartContainer - [test-hivemq-platform] [hivemq] [e2fffa4d] INFO  - Using TCP cluster transport on address 10.42.0.18 and port 7000
2025-01-29 14:00:51,367 INFO c.h.h.t.HelmChartContainer - [hivemq-test-hivemq-platform] [hivemq-platform-operator] [4223238d] 14:00:51.365 [pool-6-thread-17] DEBUG c.h.p.o.d.PlatformServiceResource - [helmmoni] Desired Platform services (3 services)
2025-01-29 14:00:51,368 INFO c.h.h.t.HelmChartContainer - [hivemq-test-hivemq-platform] [hivemq-platform-operator] [4223238d] 14:00:51.366 [pool-6-thread-11] DEBUG c.h.p.o.d.PodServiceAccountResource - [helmmoni] Desired PodServiceAccountResource (serviceAccountName: hivemq-platform-pod-test-hivemq-platform)
2025-01-29 14:00:51,368 INFO c.h.h.t.HelmChartContainer - [hivemq-test-hivemq-platform] [hivemq-platform-operator] [4223238d] 14:00:51.366 [pool-6-thread-15] DEBUG c.h.p.o.dependants.PodInfoConfigMap - [helmmoni] Desired PodInfo ConfigMap (1 extensions) (1 enabled)
2025-01-29 14:00:51,369 INFO c.h.h.t.HelmChartContainer - [hivemq-test-hivemq-platform] [hivemq-platform-operator] [4223238d] 14:00:51.367 [pool-6-thread-15] DEBUG c.h.p.o.dependants.PodInfoConfigMap - [helmmoni] Desired PodInfo ConfigMap (metrics port: 9399) (metrics path: /)
2025-01-29 14:00:51,369 INFO c.h.h.t.HelmChartContainer - [hivemq-test-hivemq-platform] [hivemq-platform-operator] [4223238d] 14:00:51.367 [pool-6-thread-15] DEBUG c.h.p.o.dependants.PodInfoConfigMap - [helmmoni] Desired PodInfo ConfigMap (extension state hash: -1817474005)
2025-01-29 14:00:51,373 INFO c.h.h.t.HelmChartContainer - [hivemq-test-hivemq-platform] [hivemq-platform-operator] [4223238d] 14:00:51.372 [pool-6-thread-13] DEBUG c.h.p.o.d.StatefulSetResource - [helmmoni] Desired StatefulSet (2 replicas) for status STARTING (READY)
2025-01-29 14:00:51,376 INFO c.h.h.t.HelmChartContainer - [hivemq-test-hivemq-platform] [hivemq-platform-operator] [4223238d] 14:00:51.375 [ReconcilerExecutor-hivemq-controller-120] INFO  c.h.p.o.HiveMQPlatformReconciler - [helmmoni] Reconciling HiveMQ Platform 'test-hivemq-platform' in namespace 'helmmonitoringplatformit'
2025-01-29 14:00:51,376 INFO c.h.h.t.HelmChartContainer - [hivemq-test-hivemq-platform] [hivemq-platform-operator] [4223238d] 14:00:51.375 [ReconcilerExecutor-hivemq-controller-120] DEBUG c.h.p.o.HiveMQPlatformReconciler - [helmmoni] Custom Resource Status STARTING - HiveMQ Platform is starting (READY)
2025-01-29 14:00:51,377 INFO c.h.h.t.HelmChartContainer - [hivemq-test-hivemq-platform] [hivemq-platform-operator] [4223238d] 14:00:51.375 [ReconcilerExecutor-hivemq-controller-120] DEBUG c.h.p.o.HiveMQPlatformReconciler - [helmmoni] Custom Resource Spec (replicas: 2) (extensions: 1)
2025-01-29 14:00:51,378 INFO c.h.h.t.HelmChartContainer - [hivemq-test-hivemq-platform] [hivemq-platform-operator] [4223238d] 14:00:51.376 [ReconcilerExecutor-hivemq-controller-120] DEBUG c.h.p.o.HiveMQPlatformReconciler - [helmmoni] StatefulSet Status (revision: test-hivemq-platform-64db946475, replicas: 2, available: 1, ready: 1, current: 2, updated: 2)
2025-01-29 14:00:51,378 INFO c.h.h.t.HelmChartContainer - [hivemq-test-hivemq-platform] [hivemq-platform-operator] [4223238d] 14:00:51.376 [ReconcilerExecutor-hivemq-controller-120] DEBUG c.h.p.o.HiveMQPlatformReconciler - [helmmoni] StatefulSet Spec (replicas: 2, init containers: 1, containers: 1, volumes: 3)
2025-01-29 14:00:51,379 INFO c.h.h.t.HelmChartContainer - [hivemq-test-hivemq-platform] [hivemq-platform-operator] [4223238d] 14:00:51.377 [ReconcilerExecutor-hivemq-controller-120] DEBUG c.h.p.o.h.HiveMQPlatformReconcilerErrorHandler - [helmmoni] Pod 'test-hivemq-platform-1' phase Running
2025-01-29 14:00:51,380 INFO c.h.h.t.HelmChartContainer - [hivemq-test-hivemq-platform] [hivemq-platform-operator] [4223238d] 14:00:51.378 [ReconcilerExecutor-hivemq-controller-120] DEBUG c.h.p.o.h.HiveMQPlatformReconcilerErrorHandler - [helmmoni] Pod 'test-hivemq-platform-0' phase Running
2025-01-29 14:00:51,381 INFO c.h.h.t.HelmChartContainer - [hivemq-test-hivemq-platform] [hivemq-platform-operator] [4223238d] 14:00:51.379 [ReconcilerExecutor-hivemq-controller-120] INFO  c.h.p.o.h.HiveMQPlatformReconcilerBaseHandler - [helmmoni] HiveMQ Platform is starting, 1 of 2 replicas are ready
2025-01-29 14:00:51,416 INFO c.h.h.t.HelmChartContainer - [test-hivemq-platform] [hivemq] [e2fffa4d] INFO  - Using extension cluster discovery
2025-01-29 14:00:52,373 INFO c.h.h.t.HelmChartContainer - [EVENT] Warning [Unhealthy] Readiness probe failed: Get "http://10.42.0.18:7979/readiness": context deadline exceeded (Client.Timeout exceeded while awaiting headers) [helmmonitoringplatformit:test-hivemq-platform-1]
2025-01-29 14:00:52,373 INFO c.h.h.t.HelmChartContainer - Received Unhealthy event for container hivemq in pod test-hivemq-platform-1 [e2fffa4d-66fb-40fb-871c-3237e777fecf]
2025-01-29 14:00:52,716 INFO c.h.h.t.HelmChartContainer - [test-hivemq-platform] [hivemq] [e2fffa4d] INFO  - [HiveMQ Platform Operator Init App 1.7.0-SNAPSHOT] Returning Health API response 503 for readiness
2025-01-29 14:00:52,891 INFO c.h.h.t.HelmChartContainer - [test-hivemq-platform] [hivemq] [e2fffa4d] INFO  - Started Jetty Server exposing Prometheus Servlet on URI http://0.0.0.0:9399/
2025-01-29 14:00:52,891 INFO c.h.h.t.HelmChartContainer - [test-hivemq-platform] [hivemq] [e2fffa4d] INFO  - Extension "Prometheus Monitoring Extension" version 4.0.12 started successfully.
2025-01-29 14:00:52,891 INFO c.h.h.t.HelmChartContainer - [test-hivemq-platform] [hivemq] [e2fffa4d] INFO  - Starting extension with id "hivemq-allow-all-extension" at /opt/hivemq/extensions/hivemq-allow-all-extension
2025-01-29 14:00:52,891 INFO c.h.h.t.HelmChartContainer - [test-hivemq-platform] [hivemq] [e2fffa4d] WARN  - 
2025-01-29 14:00:52,891 INFO c.h.h.t.HelmChartContainer - [test-hivemq-platform] [hivemq] [e2fffa4d] ################################################################################################################
2025-01-29 14:00:52,891 INFO c.h.h.t.HelmChartContainer - [test-hivemq-platform] [hivemq] [e2fffa4d] # This HiveMQ deployment is not secure! You are lacking Authentication and Authorization.                      #
2025-01-29 14:00:52,891 INFO c.h.h.t.HelmChartContainer - [test-hivemq-platform] [hivemq] [e2fffa4d] # Right now any MQTT client can connect to the broker with a full set of permissions.                          #
2025-01-29 14:00:52,891 INFO c.h.h.t.HelmChartContainer - [test-hivemq-platform] [hivemq] [e2fffa4d] # For production usage, add an appropriate security extension and remove the hivemq-allow-all extension.       #
2025-01-29 14:00:52,891 INFO c.h.h.t.HelmChartContainer - [test-hivemq-platform] [hivemq] [e2fffa4d] # You can download security extensions from the HiveMQ Marketplace (https://www.hivemq.com/extensions/).       #
2025-01-29 14:00:52,891 INFO c.h.h.t.HelmChartContainer - [test-hivemq-platform] [hivemq] [e2fffa4d] ################################################################################################################
2025-01-29 14:00:52,891 INFO c.h.h.t.HelmChartContainer - [test-hivemq-platform] [hivemq] [e2fffa4d] INFO  - Extension "Allow All Extension" version 1.1.1 started successfully.
2025-01-29 14:00:53,098 INFO c.h.h.t.HelmChartContainer - [test-hivemq-platform] [hivemq] [366c4d1e] INFO  - Cluster nodes found by discovery: [1rzsG|1] (2) [1rzsG, NiZv2].
2025-01-29 14:00:53,213 INFO c.h.h.t.HelmChartContainer - [test-hivemq-platform] [hivemq] [e2fffa4d] INFO  - Cluster nodes found by discovery: [1rzsG|1] (2) [1rzsG, NiZv2].
2025-01-29 14:00:53,398 INFO c.h.h.t.HelmChartContainer - [test-hivemq-platform] [hivemq] [e2fffa4d] INFO  - Cluster size = 1, members : [1rzsG].
2025-01-29 14:00:53,991 INFO c.h.h.t.HelmChartContainer - [test-hivemq-platform] [hivemq] [e2fffa4d] INFO  - Starting cluster join process. This may take a while. Please do not shut down HiveMQ.
2025-01-29 14:00:53,994 INFO c.h.h.t.HelmChartContainer - [test-hivemq-platform] [hivemq] [e2fffa4d] INFO  - Cluster join process is still ongoing. Please do not shut down HiveMQ.
2025-01-29 14:00:56,004 INFO c.h.h.t.HelmChartContainer - [test-hivemq-platform] [hivemq] [366c4d1e] INFO  - Cluster size = 2, members : [1rzsG, NiZv2].
2025-01-29 14:00:56,019 INFO c.h.h.t.HelmChartContainer - [test-hivemq-platform] [hivemq] [e2fffa4d] INFO  - Cluster size = 2, members : [1rzsG, NiZv2].
2025-01-29 14:00:56,023 INFO c.h.h.t.HelmChartContainer - [test-hivemq-platform] [hivemq] [e2fffa4d] INFO  - Finished cluster join process successfully.
2025-01-29 14:00:56,091 INFO c.h.h.t.HelmChartContainer - [test-hivemq-platform] [hivemq] [e2fffa4d] WARN  - No user for HiveMQ Control Center configured. Starting with default user
2025-01-29 14:00:56,092 INFO c.h.h.t.HelmChartContainer - [test-hivemq-platform] [hivemq] [e2fffa4d] INFO  - Starting HiveMQ Control Center on address 0.0.0.0 and port 8080
2025-01-29 14:00:56,112 INFO c.h.h.t.HelmChartContainer - [test-hivemq-platform] [hivemq] [e2fffa4d] INFO  - Mounting HiveMQ Control Center V2 Preview
2025-01-29 14:00:56,417 INFO c.h.h.t.HelmChartContainer - [EVENT] Warning [Unhealthy] Readiness probe failed: HTTP probe failed with statuscode: 503 [helmmonitoringplatformit:test-hivemq-platform-1]
2025-01-29 14:00:56,417 INFO c.h.h.t.HelmChartContainer - Received Unhealthy event for container hivemq in pod test-hivemq-platform-1 [e2fffa4d-66fb-40fb-871c-3237e777fecf]
2025-01-29 14:00:56,919 INFO c.h.h.t.HelmChartContainer - [test-hivemq-platform] [hivemq] [e2fffa4d] INFO  - Started HiveMQ Control Center in 828ms
2025-01-29 14:00:56,994 INFO c.h.h.t.HelmChartContainer - [test-hivemq-platform] [hivemq] [e2fffa4d] INFO  - Starting TCP listener on address 0.0.0.0 and port 1883
2025-01-29 14:00:57,090 INFO c.h.h.t.HelmChartContainer - [test-hivemq-platform] [hivemq] [e2fffa4d] INFO  - Started TCP Listener on address 0.0.0.0 and on port 1883.
2025-01-29 14:00:57,090 INFO c.h.h.t.HelmChartContainer - [test-hivemq-platform] [hivemq] [e2fffa4d] INFO  - Started HiveMQ in 34174ms
2025-01-29 14:01:01,334 INFO c.h.h.t.HelmChartContainer - [test-hivemq-platform] [hivemq] [e2fffa4d] INFO  - [HiveMQ Platform Operator Init App 1.7.0-SNAPSHOT] Returning Health API response 200 for readiness
2025-01-29 14:01:01,346 INFO c.h.h.t.HelmChartContainer - [POD] test-hivemq-platform-1 [e2fffa4d-66fb-40fb-871c-3237e777fecf] in helmmonitoringplatformit was MODIFIED
2025-01-29 14:01:01,357 INFO c.h.h.t.HelmChartContainer - [hivemq-test-hivemq-platform] [hivemq-platform-operator] [4223238d] 14:01:01.352 [pool-6-thread-22] DEBUG c.h.p.o.d.PodServiceAccountResource - [helmmoni] Desired PodServiceAccountResource (serviceAccountName: hivemq-platform-pod-test-hivemq-platform)
2025-01-29 14:01:01,362 INFO c.h.h.t.HelmChartContainer - [hivemq-test-hivemq-platform] [hivemq-platform-operator] [4223238d] 14:01:01.354 [pool-6-thread-29] DEBUG c.h.p.o.dependants.PodInfoConfigMap - [helmmoni] Desired PodInfo ConfigMap (1 extensions) (1 enabled)
2025-01-29 14:01:01,363 INFO c.h.h.t.HelmChartContainer - [hivemq-test-hivemq-platform] [hivemq-platform-operator] [4223238d] 14:01:01.355 [pool-6-thread-24] DEBUG c.h.p.o.d.PlatformServiceResource - [helmmoni] Desired Platform services (3 services)
2025-01-29 14:01:01,363 INFO c.h.h.t.HelmChartContainer - [hivemq-test-hivemq-platform] [hivemq-platform-operator] [4223238d] 14:01:01.359 [pool-6-thread-29] DEBUG c.h.p.o.dependants.PodInfoConfigMap - [helmmoni] Desired PodInfo ConfigMap (metrics port: 9399) (metrics path: /)
2025-01-29 14:01:01,363 INFO c.h.h.t.HelmChartContainer - [hivemq-test-hivemq-platform] [hivemq-platform-operator] [4223238d] 14:01:01.360 [pool-6-thread-29] DEBUG c.h.p.o.dependants.PodInfoConfigMap - [helmmoni] Desired PodInfo ConfigMap (extension state hash: -1817474005)
2025-01-29 14:01:01,369 INFO c.h.h.t.HelmChartContainer - [hivemq-test-hivemq-platform] [hivemq-platform-operator] [4223238d] 14:01:01.367 [pool-6-thread-24] DEBUG c.h.p.o.d.StatefulSetResource - [helmmoni] Desired StatefulSet (2 replicas) for status STARTING (READY)
2025-01-29 14:01:01,373 INFO c.h.h.t.HelmChartContainer - [hivemq-test-hivemq-platform] [hivemq-platform-operator] [4223238d] 14:01:01.371 [ReconcilerExecutor-hivemq-controller-121] INFO  c.h.p.o.HiveMQPlatformReconciler - [helmmoni] Reconciling HiveMQ Platform 'test-hivemq-platform' in namespace 'helmmonitoringplatformit'
2025-01-29 14:01:01,373 INFO c.h.h.t.HelmChartContainer - [hivemq-test-hivemq-platform] [hivemq-platform-operator] [4223238d] 14:01:01.372 [ReconcilerExecutor-hivemq-controller-121] DEBUG c.h.p.o.HiveMQPlatformReconciler - [helmmoni] Custom Resource Status STARTING - HiveMQ Platform is starting (READY)
2025-01-29 14:01:01,373 INFO c.h.h.t.HelmChartContainer - [hivemq-test-hivemq-platform] [hivemq-platform-operator] [4223238d] 14:01:01.372 [ReconcilerExecutor-hivemq-controller-121] DEBUG c.h.p.o.HiveMQPlatformReconciler - [helmmoni] Custom Resource Spec (replicas: 2) (extensions: 1)
2025-01-29 14:01:01,375 INFO c.h.h.t.HelmChartContainer - [hivemq-test-hivemq-platform] [hivemq-platform-operator] [4223238d] 14:01:01.373 [ReconcilerExecutor-hivemq-controller-121] DEBUG c.h.p.o.HiveMQPlatformReconciler - [helmmoni] StatefulSet Status (revision: test-hivemq-platform-64db946475, replicas: 2, available: 2, ready: 2, current: 2, updated: 2)
2025-01-29 14:01:01,376 INFO c.h.h.t.HelmChartContainer - [hivemq-test-hivemq-platform] [hivemq-platform-operator] [4223238d] 14:01:01.373 [ReconcilerExecutor-hivemq-controller-121] DEBUG c.h.p.o.HiveMQPlatformReconciler - [helmmoni] StatefulSet Spec (replicas: 2, init containers: 1, containers: 1, volumes: 3)
2025-01-29 14:01:01,379 INFO c.h.h.t.HelmChartContainer - [hivemq-test-hivemq-platform] [hivemq-platform-operator] [4223238d] 14:01:01.374 [ReconcilerExecutor-hivemq-controller-121] DEBUG c.h.p.o.h.HiveMQPlatformReconcilerErrorHandler - [helmmoni] Pod 'test-hivemq-platform-1' phase Running
2025-01-29 14:01:01,379 INFO c.h.h.t.HelmChartContainer - [hivemq-test-hivemq-platform] [hivemq-platform-operator] [4223238d] 14:01:01.376 [ReconcilerExecutor-hivemq-controller-121] DEBUG c.h.p.o.h.HiveMQPlatformReconcilerErrorHandler - [helmmoni] Pod 'test-hivemq-platform-0' phase Running
2025-01-29 14:01:01,428 INFO c.h.h.t.HelmChartContainer - [hivemq-test-hivemq-platform] [hivemq-platform-operator] [4223238d] 14:01:01.377 [ReconcilerExecutor-hivemq-controller-121] INFO  c.h.p.o.h.HiveMQPlatformReconcilerBaseHandler - [helmmoni] HiveMQ Platform started successfully
2025-01-29 14:01:01,452 INFO c.h.h.t.HelmChartContainer - [hivemq-test-hivemq-platform] [hivemq-platform-operator] [4223238d] 14:01:01.451 [ReconcilerExecutor-hivemq-controller-121] DEBUG c.h.p.operator.event.EventSender - [helmmoni] Creating K8s event hivemq-platform-ready: [Ready] HiveMQ Platform is ready
2025-01-29 14:01:01,456 INFO c.h.h.t.HelmChartContainer - [EVENT] Normal [Ready] HiveMQ Platform is ready [helmmonitoringplatformit:test-hivemq-platform]
2025-01-29 14:01:01,530 INFO c.h.h.t.HelmChartContainer - [hivemq-test-hivemq-platform] [hivemq-platform-operator] [4223238d] 14:01:01.528 [ReconcilerExecutor-hivemq-controller-121] INFO  c.h.p.o.h.AbstractHiveMQReconcilerStateHandler - [helmmoni] Update HiveMQ Platform Status (STARTING [READY] -> RUNNING [READY]): HiveMQ Platform is ready
2025-01-29 14:01:01,540 DEBUG com.hivemq.helmcharts.util.K8sUtil - Comparing actual state 'RUNNING' and waiting for 'RUNNING'
2025-01-29 14:01:01,545 INFO c.h.h.t.HelmChartContainer - [hivemq-test-hivemq-platform] [hivemq-platform-operator] [4223238d] 14:01:01.545 [pool-6-thread-36] DEBUG c.h.p.o.d.PlatformServiceResource - [helmmoni] Desired Platform services (3 services)
2025-01-29 14:01:01,549 INFO c.h.h.t.HelmChartContainer - [hivemq-test-hivemq-platform] [hivemq-platform-operator] [4223238d] 14:01:01.546 [pool-6-thread-35] DEBUG c.h.p.o.dependants.PodInfoConfigMap - [helmmoni] Desired PodInfo ConfigMap (1 extensions) (1 enabled)
2025-01-29 14:01:01,550 INFO c.h.h.t.HelmChartContainer - [hivemq-test-hivemq-platform] [hivemq-platform-operator] [4223238d] 14:01:01.546 [pool-6-thread-35] DEBUG c.h.p.o.dependants.PodInfoConfigMap - [helmmoni] Desired PodInfo ConfigMap (metrics port: 9399) (metrics path: /)
2025-01-29 14:01:01,550 INFO c.h.h.t.HelmChartContainer - [hivemq-test-hivemq-platform] [hivemq-platform-operator] [4223238d] 14:01:01.547 [pool-6-thread-35] DEBUG c.h.p.o.dependants.PodInfoConfigMap - [helmmoni] Desired PodInfo ConfigMap (extension state hash: -1817474005)
2025-01-29 14:01:01,550 INFO c.h.h.t.HelmChartContainer - [hivemq-test-hivemq-platform] [hivemq-platform-operator] [4223238d] 14:01:01.547 [pool-6-thread-39] DEBUG c.h.p.o.d.PodServiceAccountResource - [helmmoni] Desired PodServiceAccountResource (serviceAccountName: hivemq-platform-pod-test-hivemq-platform)
2025-01-29 14:01:01,550 INFO c.h.h.t.HelmChartContainer - [hivemq-test-hivemq-platform] [hivemq-platform-operator] [4223238d] 14:01:01.547 [pool-6-thread-35] DEBUG c.h.p.o.dependants.PodInfoConfigMap - [helmmoni] Update PodInfo ConfigMap
2025-01-29 14:01:01,629 INFO c.h.h.t.HelmChartContainer - [hivemq-test-hivemq-platform] [hivemq-platform-operator] [4223238d] 14:01:01.628 [pool-6-thread-35] DEBUG c.h.p.o.d.StatefulSetResource - [helmmoni] Desired StatefulSet (2 replicas) for status RUNNING (READY)
2025-01-29 14:01:01,635 INFO c.h.h.t.HelmChartContainer - [hivemq-test-hivemq-platform] [hivemq-platform-operator] [4223238d] 14:01:01.632 [ReconcilerExecutor-hivemq-controller-122] INFO  c.h.p.o.HiveMQPlatformReconciler - [helmmoni] Reconciling HiveMQ Platform 'test-hivemq-platform' in namespace 'helmmonitoringplatformit'
2025-01-29 14:01:01,635 INFO c.h.h.t.HelmChartContainer - [hivemq-test-hivemq-platform] [hivemq-platform-operator] [4223238d] 14:01:01.632 [ReconcilerExecutor-hivemq-controller-122] DEBUG c.h.p.o.HiveMQPlatformReconciler - [helmmoni] Custom Resource Status RUNNING - HiveMQ Platform is ready (READY)
2025-01-29 14:01:01,635 INFO c.h.h.t.HelmChartContainer - [hivemq-test-hivemq-platform] [hivemq-platform-operator] [4223238d] 14:01:01.632 [ReconcilerExecutor-hivemq-controller-122] DEBUG c.h.p.o.HiveMQPlatformReconciler - [helmmoni] Custom Resource Spec (replicas: 2) (extensions: 1)
2025-01-29 14:01:01,635 INFO c.h.h.t.HelmChartContainer - [hivemq-test-hivemq-platform] [hivemq-platform-operator] [4223238d] 14:01:01.633 [ReconcilerExecutor-hivemq-controller-122] DEBUG c.h.p.o.HiveMQPlatformReconciler - [helmmoni] StatefulSet Status (revision: test-hivemq-platform-64db946475, replicas: 2, available: 2, ready: 2, current: 2, updated: 2)
2025-01-29 14:01:01,635 INFO c.h.h.t.HelmChartContainer - [hivemq-test-hivemq-platform] [hivemq-platform-operator] [4223238d] 14:01:01.633 [ReconcilerExecutor-hivemq-controller-122] DEBUG c.h.p.o.HiveMQPlatformReconciler - [helmmoni] StatefulSet Spec (replicas: 2, init containers: 1, containers: 1, volumes: 3)
2025-01-29 14:01:01,636 INFO c.h.h.t.HelmChartContainer - [hivemq-test-hivemq-platform] [hivemq-platform-operator] [4223238d] 14:01:01.635 [ReconcilerExecutor-hivemq-controller-122] DEBUG c.h.p.o.h.HiveMQPlatformReconcilerErrorHandler - [helmmoni] Pod 'test-hivemq-platform-1' phase Running
2025-01-29 14:01:01,637 INFO c.h.h.t.HelmChartContainer - [hivemq-test-hivemq-platform] [hivemq-platform-operator] [4223238d] 14:01:01.636 [ReconcilerExecutor-hivemq-controller-122] DEBUG c.h.p.o.h.HiveMQPlatformReconcilerErrorHandler - [helmmoni] Pod 'test-hivemq-platform-0' phase Running
Request method:	GET
Request URI:	http://localhost:33723/api/v1/query?query=com_hivemq_cluster_nodes_count
Proxy:			<none>
Request params:	query=com_hivemq_cluster_nodes_count
Query params:	<none>
Form params:	<none>
Path params:	<none>
Headers:		Accept=*/*
Cookies:		<none>
Multiparts:		<none>
Body:			<none>
HTTP/1.1 200 OK
Content-Encoding: gzip
Content-Type: application/json
Date: Wed, 29 Jan 2025 14:01:07 GMT
Content-Length: 265

{
    "status": "success",
    "data": {
        "resultType": "vector",
        "result": [
            {
                "metric": {
                    "__name__": "com_hivemq_cluster_nodes_count",
                    "container": "hivemq",
                    "endpoint": "metrics-9399",
                    "instance": "10.42.0.17:9399",
                    "job": "hivemq-test-hivemq-platform-metrics-9399",
                    "namespace": "helmmonitoringplatformit",
                    "pod": "test-hivemq-platform-0",
                    "service": "hivemq-test-hivemq-platform-metrics-9399"
                },
                "value": [
                    1738159267.194,
                    "2"
                ]
            },
            {
                "metric": {
                    "__name__": "com_hivemq_cluster_nodes_count",
                    "container": "hivemq",
                    "endpoint": "metrics-9399",
                    "instance": "10.42.0.18:9399",
                    "job": "hivemq-test-hivemq-platform-metrics-9399",
                    "namespace": "helmmonitoringplatformit",
                    "pod": "test-hivemq-platform-1",
                    "service": "hivemq-test-hivemq-platform-metrics-9399"
                },
                "value": [
                    1738159267.194,
                    "2"
                ]
            }
        ]
    }
}
2025-01-29 14:01:11,643 INFO c.h.h.t.HelmChartContainer - [hivemq-test-hivemq-platform] [hivemq-platform-operator] [4223238d] 14:01:11.639 [pool-6-thread-44] DEBUG c.h.p.o.d.PlatformServiceResource - [helmmoni] Desired Platform services (3 services)
2025-01-29 14:01:11,643 INFO c.h.h.t.HelmChartContainer - [hivemq-test-hivemq-platform] [hivemq-platform-operator] [4223238d] 14:01:11.640 [pool-6-thread-43] DEBUG c.h.p.o.dependants.PodInfoConfigMap - [helmmoni] Desired PodInfo ConfigMap (1 extensions) (1 enabled)
2025-01-29 14:01:11,643 INFO c.h.h.t.HelmChartContainer - [hivemq-test-hivemq-platform] [hivemq-platform-operator] [4223238d] 14:01:11.640 [pool-6-thread-43] DEBUG c.h.p.o.dependants.PodInfoConfigMap - [helmmoni] Desired PodInfo ConfigMap (metrics port: 9399) (metrics path: /)
2025-01-29 14:01:11,643 INFO c.h.h.t.HelmChartContainer - [hivemq-test-hivemq-platform] [hivemq-platform-operator] [4223238d] 14:01:11.640 [pool-6-thread-43] DEBUG c.h.p.o.dependants.PodInfoConfigMap - [helmmoni] Desired PodInfo ConfigMap (extension state hash: -1817474005)
2025-01-29 14:01:11,643 INFO c.h.h.t.HelmChartContainer - [hivemq-test-hivemq-platform] [hivemq-platform-operator] [4223238d] 14:01:11.640 [pool-6-thread-43] DEBUG c.h.p.o.d.PodServiceAccountResource - [helmmoni] Desired PodServiceAccountResource (serviceAccountName: hivemq-platform-pod-test-hivemq-platform)
2025-01-29 14:01:11,646 INFO c.h.h.t.HelmChartContainer - [hivemq-test-hivemq-platform] [hivemq-platform-operator] [4223238d] 14:01:11.645 [pool-6-thread-44] DEBUG c.h.p.o.d.StatefulSetResource - [helmmoni] Desired StatefulSet (2 replicas) for status RUNNING (READY)
2025-01-29 14:01:11,649 INFO c.h.h.t.HelmChartContainer - [hivemq-test-hivemq-platform] [hivemq-platform-operator] [4223238d] 14:01:11.648 [ReconcilerExecutor-hivemq-controller-123] INFO  c.h.p.o.HiveMQPlatformReconciler - [helmmoni] Reconciling HiveMQ Platform 'test-hivemq-platform' in namespace 'helmmonitoringplatformit'
2025-01-29 14:01:11,649 INFO c.h.h.t.HelmChartContainer - [hivemq-test-hivemq-platform] [hivemq-platform-operator] [4223238d] 14:01:11.648 [ReconcilerExecutor-hivemq-controller-123] DEBUG c.h.p.o.HiveMQPlatformReconciler - [helmmoni] Custom Resource Status RUNNING - HiveMQ Platform is ready (READY)
2025-01-29 14:01:11,649 INFO c.h.h.t.HelmChartContainer - [hivemq-test-hivemq-platform] [hivemq-platform-operator] [4223238d] 14:01:11.648 [ReconcilerExecutor-hivemq-controller-123] DEBUG c.h.p.o.HiveMQPlatformReconciler - [helmmoni] Custom Resource Spec (replicas: 2) (extensions: 1)
2025-01-29 14:01:11,650 INFO c.h.h.t.HelmChartContainer - [hivemq-test-hivemq-platform] [hivemq-platform-operator] [4223238d] 14:01:11.649 [ReconcilerExecutor-hivemq-controller-123] DEBUG c.h.p.o.HiveMQPlatformReconciler - [helmmoni] StatefulSet Status (revision: test-hivemq-platform-64db946475, replicas: 2, available: 2, ready: 2, current: 2, updated: 2)
2025-01-29 14:01:11,650 INFO c.h.h.t.HelmChartContainer - [hivemq-test-hivemq-platform] [hivemq-platform-operator] [4223238d] 14:01:11.650 [ReconcilerExecutor-hivemq-controller-123] DEBUG c.h.p.o.HiveMQPlatformReconciler - [helmmoni] StatefulSet Spec (replicas: 2, init containers: 1, containers: 1, volumes: 3)
2025-01-29 14:01:11,651 INFO c.h.h.t.HelmChartContainer - [hivemq-test-hivemq-platform] [hivemq-platform-operator] [4223238d] 14:01:11.651 [ReconcilerExecutor-hivemq-controller-123] DEBUG c.h.p.o.h.HiveMQPlatformReconcilerErrorHandler - [helmmoni] Pod 'test-hivemq-platform-1' phase Running
2025-01-29 14:01:11,652 INFO c.h.h.t.HelmChartContainer - [hivemq-test-hivemq-platform] [hivemq-platform-operator] [4223238d] 14:01:11.652 [ReconcilerExecutor-hivemq-controller-123] DEBUG c.h.p.o.h.HiveMQPlatformReconcilerErrorHandler - [helmmoni] Pod 'test-hivemq-platform-0' phase Running
Request method:	GET
Request URI:	http://localhost:42187/api/search
Proxy:			<none>
Request params:	<none>
Query params:	<none>
Form params:	<none>
Path params:	<none>
Headers:		Authorization=Basic YWRtaW46cHJvbS1vcGVyYXRvcg==
				Accept=*/*
Cookies:		<none>
Multiparts:		<none>
Body:			<none>
HTTP/1.1 200 OK
Cache-Control: no-store
Content-Type: application/json
X-Content-Type-Options: nosniff
X-Frame-Options: deny
X-Xss-Protection: 1; mode=block
Date: Wed, 29 Jan 2025 14:01:12 GMT
Transfer-Encoding: chunked

[
    {
        "id": 1,
        "uid": "alertmanager-overview",
        "title": "Alertmanager / Overview",
        "uri": "db/alertmanager-overview",
        "url": "/d/alertmanager-overview/alertmanager-overview",
        "slug": "",
        "type": "dash-db",
        "tags": [
            "alertmanager-mixin"
        ],
        "isStarred": false,
        "sortMeta": 0,
        "isDeleted": false
    },
    {
        "id": 7,
        "uid": "vkQ0UHxik",
        "title": "CoreDNS",
        "uri": "db/coredns",
        "url": "/d/vkQ0UHxik/coredns",
        "slug": "",
        "type": "dash-db",
        "tags": [
            "coredns",
            "dns"
        ],
        "isStarred": false,
        "sortMeta": 0,
        "isDeleted": false
    },
    {
        "id": 5,
        "uid": "c2f4e12cdf69feb95caa41a5a1b423d9",
        "title": "etcd",
        "uri": "db/etcd",
        "url": "/d/c2f4e12cdf69feb95caa41a5a1b423d9/etcd",
        "slug": "",
        "type": "dash-db",
        "tags": [
            "etcd-mixin"
        ],
        "isStarred": false,
        "sortMeta": 0,
        "isDeleted": false
    },
    {
        "id": 6,
        "uid": "6be0s85Mk",
        "title": "Grafana Overview",
        "uri": "db/grafana-overview",
        "url": "/d/6be0s85Mk/grafana-overview",
        "slug": "",
        "type": "dash-db",
        "tags": [
            
        ],
        "isStarred": false,
        "sortMeta": 0,
        "isDeleted": false
    },
    {
        "id": 29,
        "uid": "cebgjqall8gsgf",
        "title": "HiveMQ Platform (Prometheus)",
        "uri": "db/hivemq-platform-prometheus",
        "url": "/d/cebgjqall8gsgf/hivemq-platform-prometheus",
        "slug": "",
        "type": "dash-db",
        "tags": [
            
        ],
        "isStarred": false,
        "sortMeta": 0,
        "isDeleted": false
    },
    {
        "id": 2,
        "uid": "09ec8aa1e996d6ffcd6817bbaff4db1b",
        "title": "Kubernetes / API server",
        "uri": "db/kubernetes-api-server",
        "url": "/d/09ec8aa1e996d6ffcd6817bbaff4db1b/kubernetes-api-server",
        "slug": "",
        "type": "dash-db",
        "tags": [
            "kubernetes-mixin"
        ],
        "isStarred": false,
        "sortMeta": 0,
        "isDeleted": false
    },
    {
        "id": 9,
        "uid": "b59e6c9f2fcbe2e16d77fc492374cc4f",
        "title": "Kubernetes / Compute Resources /  Multi-Cluster",
        "uri": "db/kubernetes-compute-resources-multi-cluster",
        "url": "/d/b59e6c9f2fcbe2e16d77fc492374cc4f/kubernetes-compute-resources-multi-cluster",
        "slug": "",
        "type": "dash-db",
        "tags": [
            "kubernetes-mixin"
        ],
        "isStarred": false,
        "sortMeta": 0,
        "isDeleted": false
    },
    {
        "id": 8,
        "uid": "efa86fd1d0c121a26444b636a3f509a8",
        "title": "Kubernetes / Compute Resources / Cluster",
        "uri": "db/kubernetes-compute-resources-cluster",
        "url": "/d/efa86fd1d0c121a26444b636a3f509a8/kubernetes-compute-resources-cluster",
        "slug": "",
        "type": "dash-db",
        "tags": [
            "kubernetes-mixin"
        ],
        "isStarred": false,
        "sortMeta": 0,
        "isDeleted": false
    },
    {
        "id": 10,
        "uid": "85a562078cdf77779eaa1add43ccec1e",
        "title": "Kubernetes / Compute Resources / Namespace (Pods)",
        "uri": "db/kubernetes-compute-resources-namespace-pods",
        "url": "/d/85a562078cdf77779eaa1add43ccec1e/kubernetes-compute-resources-namespace-pods",
        "slug": "",
        "type": "dash-db",
        "tags": [
            "kubernetes-mixin"
        ],
        "isStarred": false,
        "sortMeta": 0,
        "isDeleted": false
    },
    {
        "id": 14,
        "uid": "a87fb0d919ec0ea5f6543124e16c42a5",
        "title": "Kubernetes / Compute Resources / Namespace (Workloads)",
        "uri": "db/kubernetes-compute-resources-namespace-workloads",
        "url": "/d/a87fb0d919ec0ea5f6543124e16c42a5/kubernetes-compute-resources-namespace-workloads",
        "slug": "",
        "type": "dash-db",
        "tags": [
            "kubernetes-mixin"
        ],
        "isStarred": false,
        "sortMeta": 0,
        "isDeleted": false
    },
    {
        "id": 11,
        "uid": "200ac8fdbfbb74b39aff88118e4d1c2c",
        "title": "Kubernetes / Compute Resources / Node (Pods)",
        "uri": "db/kubernetes-compute-resources-node-pods",
        "url": "/d/200ac8fdbfbb74b39aff88118e4d1c2c/kubernetes-compute-resources-node-pods",
        "slug": "",
        "type": "dash-db",
        "tags": [
            "kubernetes-mixin"
        ],
        "isStarred": false,
        "sortMeta": 0,
        "isDeleted": false
    },
    {
        "id": 12,
        "uid": "6581e46e4e5c7ba40a07646395ef7b23",
        "title": "Kubernetes / Compute Resources / Pod",
        "uri": "db/kubernetes-compute-resources-pod",
        "url": "/d/6581e46e4e5c7ba40a07646395ef7b23/kubernetes-compute-resources-pod",
        "slug": "",
        "type": "dash-db",
        "tags": [
            "kubernetes-mixin"
        ],
        "isStarred": false,
        "sortMeta": 0,
        "isDeleted": false
    },
    {
        "id": 13,
        "uid": "a164a7f0339f99e89cea5cb47e9be617",
        "title": "Kubernetes / Compute Resources / Workload",
        "uri": "db/kubernetes-compute-resources-workload",
        "url": "/d/a164a7f0339f99e89cea5cb47e9be617/kubernetes-compute-resources-workload",
        "slug": "",
        "type": "dash-db",
        "tags": [
            "kubernetes-mixin"
        ],
        "isStarred": false,
        "sortMeta": 0,
        "isDeleted": false
    },
    {
        "id": 4,
        "uid": "72e0e05bef5099e5f049b05fdc429ed4",
        "title": "Kubernetes / Controller Manager",
        "uri": "db/kubernetes-controller-manager",
        "url": "/d/72e0e05bef5099e5f049b05fdc429ed4/kubernetes-controller-manager",
        "slug": "",
        "type": "dash-db",
        "tags": [
            "kubernetes-mixin"
        ],
        "isStarred": false,
        "sortMeta": 0,
        "isDeleted": false
    },
    {
        "id": 15,
        "uid": "3138fa155d5915769fbded898ac09fd9",
        "title": "Kubernetes / Kubelet",
        "uri": "db/kubernetes-kubelet",
        "url": "/d/3138fa155d5915769fbded898ac09fd9/kubernetes-kubelet",
        "slug": "",
        "type": "dash-db",
        "tags": [
            "kubernetes-mixin"
        ],
        "isStarred": false,
        "sortMeta": 0,
        "isDeleted": false
    },
    {
        "id": 3,
        "uid": "ff635a025bcfea7bc3dd4f508990a3e9",
        "title": "Kubernetes / Networking / Cluster",
        "uri": "db/kubernetes-networking-cluster",
        "url": "/d/ff635a025bcfea7bc3dd4f508990a3e9/kubernetes-networking-cluster",
        "slug": "",
        "type": "dash-db",
        "tags": [
            "kubernetes-mixin"
        ],
        "isStarred": false,
        "sortMeta": 0,
        "isDeleted": false
    },
    {
        "id": 16,
        "uid": "8b7a8b326d7a6f1f04244066368c67af",
        "title": "Kubernetes / Networking / Namespace (Pods)",
        "uri": "db/kubernetes-networking-namespace-pods",
        "url": "/d/8b7a8b326d7a6f1f04244066368c67af/kubernetes-networking-namespace-pods",
        "slug": "",
        "type": "dash-db",
        "tags": [
            "kubernetes-mixin"
        ],
        "isStarred": false,
        "sortMeta": 0,
        "isDeleted": false
    },
    {
        "id": 17,
        "uid": "bbb2a765a623ae38130206c7d94a160f",
        "title": "Kubernetes / Networking / Namespace (Workload)",
        "uri": "db/kubernetes-networking-namespace-workload",
        "url": "/d/bbb2a765a623ae38130206c7d94a160f/kubernetes-networking-namespace-workload",
        "slug": "",
        "type": "dash-db",
        "tags": [
            "kubernetes-mixin"
        ],
        "isStarred": false,
        "sortMeta": 0,
        "isDeleted": false
    },
    {
        "id": 24,
        "uid": "7a18067ce943a40ae25454675c19ff5c",
        "title": "Kubernetes / Networking / Pod",
        "uri": "db/kubernetes-networking-pod",
        "url": "/d/7a18067ce943a40ae25454675c19ff5c/kubernetes-networking-pod",
        "slug": "",
        "type": "dash-db",
        "tags": [
            "kubernetes-mixin"
        ],
        "isStarred": false,
        "sortMeta": 0,
        "isDeleted": false
    },
    {
        "id": 28,
        "uid": "728bf77cc1166d2f3133bf25846876cc",
        "title": "Kubernetes / Networking / Workload",
        "uri": "db/kubernetes-networking-workload",
        "url": "/d/728bf77cc1166d2f3133bf25846876cc/kubernetes-networking-workload",
        "slug": "",
        "type": "dash-db",
        "tags": [
            "kubernetes-mixin"
        ],
        "isStarred": false,
        "sortMeta": 0,
        "isDeleted": false
    },
    {
        "id": 23,
        "uid": "919b92a8e8041bd567af9edab12c840c",
        "title": "Kubernetes / Persistent Volumes",
        "uri": "db/kubernetes-persistent-volumes",
        "url": "/d/919b92a8e8041bd567af9edab12c840c/kubernetes-persistent-volumes",
        "slug": "",
        "type": "dash-db",
        "tags": [
            "kubernetes-mixin"
        ],
        "isStarred": false,
        "sortMeta": 0,
        "isDeleted": false
    },
    {
        "id": 26,
        "uid": "632e265de029684c40b21cb76bca4f94",
        "title": "Kubernetes / Proxy",
        "uri": "db/kubernetes-proxy",
        "url": "/d/632e265de029684c40b21cb76bca4f94/kubernetes-proxy",
        "slug": "",
        "type": "dash-db",
        "tags": [
            "kubernetes-mixin"
        ],
        "isStarred": false,
        "sortMeta": 0,
        "isDeleted": false
    },
    {
        "id": 27,
        "uid": "2e6b6a3b4bddf1427b3a55aa1311c656",
        "title": "Kubernetes / Scheduler",
        "uri": "db/kubernetes-scheduler",
        "url": "/d/2e6b6a3b4bddf1427b3a55aa1311c656/kubernetes-scheduler",
        "slug": "",
        "type": "dash-db",
        "tags": [
            "kubernetes-mixin"
        ],
        "isStarred": false,
        "sortMeta": 0,
        "isDeleted": false
    },
    {
        "id": 21,
        "uid": "7e0a61e486f727d763fb1d86fdd629c2",
        "title": "Node Exporter / AIX",
        "uri": "db/node-exporter-aix",
        "url": "/d/7e0a61e486f727d763fb1d86fdd629c2/node-exporter-aix",
        "slug": "",
        "type": "dash-db",
        "tags": [
            "node-exporter-mixin"
        ],
        "isStarred": false,
        "sortMeta": 0,
        "isDeleted": false
    },
    {
        "id": 22,
        "uid": "629701ea43bf69291922ea45f4a87d37",
        "title": "Node Exporter / MacOS",
        "uri": "db/node-exporter-macos",
        "url": "/d/629701ea43bf69291922ea45f4a87d37/node-exporter-macos",
        "slug": "",
        "type": "dash-db",
        "tags": [
            "node-exporter-mixin"
        ],
        "isStarred": false,
        "sortMeta": 0,
        "isDeleted": false
    },
    {
        "id": 20,
        "uid": "7d57716318ee0dddbac5a7f451fb7753",
        "title": "Node Exporter / Nodes",
        "uri": "db/node-exporter-nodes",
        "url": "/d/7d57716318ee0dddbac5a7f451fb7753/node-exporter-nodes",
        "slug": "",
        "type": "dash-db",
        "tags": [
            "node-exporter-mixin"
        ],
        "isStarred": false,
        "sortMeta": 0,
        "isDeleted": false
    },
    {
        "id": 18,
        "uid": "3e97d1d02672cdd0861f4c97c64f89b2",
        "title": "Node Exporter / USE Method / Cluster",
        "uri": "db/node-exporter-use-method-cluster",
        "url": "/d/3e97d1d02672cdd0861f4c97c64f89b2/node-exporter-use-method-cluster",
        "slug": "",
        "type": "dash-db",
        "tags": [
            "node-exporter-mixin"
        ],
        "isStarred": false,
        "sortMeta": 0,
        "isDeleted": false
    },
    {
        "id": 19,
        "uid": "fac67cfbe174d3ef53eb473d73d9212f",
        "title": "Node Exporter / USE Method / Node",
        "uri": "db/node-exporter-use-method-node",
        "url": "/d/fac67cfbe174d3ef53eb473d73d9212f/node-exporter-use-method-node",
        "slug": "",
        "type": "dash-db",
        "tags": [
            "node-exporter-mixin"
        ],
        "isStarred": false,
        "sortMeta": 0,
        "isDeleted": false
    },
    {
        "id": 25,
        "uid": "eebgjq0hmj30gd",
        "title": "Prometheus / Overview",
        "uri": "db/prometheus-overview",
        "url": "/d/eebgjq0hmj30gd/prometheus-overview",
        "slug": "",
        "type": "dash-db",
        "tags": [
            "prometheus-mixin"
        ],
        "isStarred": false,
        "sortMeta": 0,
        "isDeleted": false
    }
]
2025-01-29 14:01:12,419 INFO c.h.h.t.HelmChartContainer - Uninstalling release 'monitoring-stack' in namespace 'monitoring'...
2025-01-29 14:01:12,419 DEBUG c.h.h.t.HelmChartContainer - Executing helm command: /bin/helm --kubeconfig /etc/rancher/k3s/k3s.yaml uninstall monitoring-stack  --wait --timeout 5m0s --cascade foreground --namespace monitoring
2025-01-29 14:01:13,895 INFO c.h.h.t.HelmChartContainer - [test-hivemq-platform] [hivemq] [e2fffa4d] INFO  - [HiveMQ Platform Operator Init App 1.7.0-SNAPSHOT] Returning Health API response 200 for liveness
2025-01-29 14:01:14,020 INFO c.h.h.t.HelmChartContainer - [K3S] [replica_set.go:679] "Finished syncing" kind="ReplicaSet" key="monitoring/monitoring-stack-kube-prom-operator-d77f8fd4c" duration="3.446093ms"
2025-01-29 14:01:14,020 INFO c.h.h.t.HelmChartContainer - [K3S] [replica_set.go:679] "Finished syncing" kind="ReplicaSet" key="monitoring/monitoring-stack-kube-prom-operator-d77f8fd4c" duration="35.857µs"
2025-01-29 14:01:14,094 INFO c.h.h.t.HelmChartContainer - [K3S] [replica_set.go:679] "Finished syncing" kind="ReplicaSet" key="monitoring/monitoring-stack-kube-state-metrics-5bf5c7b54d" duration="3.236632ms"
2025-01-29 14:01:14,094 INFO c.h.h.t.HelmChartContainer - [K3S] [replica_set.go:679] "Finished syncing" kind="ReplicaSet" key="monitoring/monitoring-stack-kube-state-metrics-5bf5c7b54d" duration="54.491µs"
2025-01-29 14:01:14,172 INFO c.h.h.t.HelmChartContainer - [K3S] [replica_set.go:679] "Finished syncing" kind="ReplicaSet" key="monitoring/monitoring-stack-grafana-64c55fb967" duration="4.507536ms"
2025-01-29 14:01:14,172 INFO c.h.h.t.HelmChartContainer - [K3S] [replica_set.go:679] "Finished syncing" kind="ReplicaSet" key="monitoring/monitoring-stack-grafana-64c55fb967" duration="36.198µs"
2025-01-29 14:01:14,448 INFO c.h.h.t.HelmChartContainer - [POD] monitoring-stack-prometheus-node-exporter-7l889 [c818730f-d597-4f86-b196-ce0833f71270] in monitoring was MODIFIED
2025-01-29 14:01:14,469 INFO c.h.h.t.HelmChartContainer - [EVENT] Normal [Killing] Stopping container node-exporter [monitoring:monitoring-stack-prometheus-node-exporter-7l889]
2025-01-29 14:01:14,593 INFO c.h.h.t.HelmChartContainer - [POD] monitoring-stack-prometheus-node-exporter-7l889 [c818730f-d597-4f86-b196-ce0833f71270] in monitoring was MODIFIED
2025-01-29 14:01:14,616 INFO c.h.h.t.HelmChartContainer - [K3S] [reconciler_common.go:162] "operationExecutor.UnmountVolume started for volume \"sys\" (UniqueName: \"kubernetes.io/host-path/c818730f-d597-4f86-b196-ce0833f71270-sys\") pod \"c818730f-d597-4f86-b196-ce0833f71270\" (UID: \"c818730f-d597-4f86-b196-ce0833f71270\") "
2025-01-29 14:01:14,616 INFO c.h.h.t.HelmChartContainer - [K3S] [reconciler_common.go:162] "operationExecutor.UnmountVolume started for volume \"proc\" (UniqueName: \"kubernetes.io/host-path/c818730f-d597-4f86-b196-ce0833f71270-proc\") pod \"c818730f-d597-4f86-b196-ce0833f71270\" (UID: \"c818730f-d597-4f86-b196-ce0833f71270\") "
2025-01-29 14:01:14,716 INFO c.h.h.t.HelmChartContainer - [K3S] [reconciler_common.go:299] "Volume detached for volume \"proc\" (UniqueName: \"kubernetes.io/host-path/c818730f-d597-4f86-b196-ce0833f71270-proc\") on node \"5da5100ee944\" DevicePath \"\""
2025-01-29 14:01:14,716 INFO c.h.h.t.HelmChartContainer - [K3S] [reconciler_common.go:299] "Volume detached for volume \"sys\" (UniqueName: \"kubernetes.io/host-path/c818730f-d597-4f86-b196-ce0833f71270-sys\") on node \"5da5100ee944\" DevicePath \"\""
2025-01-29 14:01:14,906 INFO c.h.h.t.HelmChartContainer - [K3S] [scope.go:117] "RemoveContainer" containerID="6f83ee5fa23f6220ea7384617b1c26149f7d0e0c7a5b08ef4036328e603cefb6"
2025-01-29 14:01:14,914 INFO c.h.h.t.HelmChartContainer - [K3S] [scope.go:117] "RemoveContainer" containerID="6f83ee5fa23f6220ea7384617b1c26149f7d0e0c7a5b08ef4036328e603cefb6"
2025-01-29 14:01:14,920 INFO c.h.h.t.HelmChartContainer - [POD] monitoring-stack-prometheus-node-exporter-7l889 [c818730f-d597-4f86-b196-ce0833f71270] in monitoring was MODIFIED
2025-01-29 14:01:14,923 INFO c.h.h.t.HelmChartContainer - [POD] monitoring-stack-prometheus-node-exporter-7l889 [c818730f-d597-4f86-b196-ce0833f71270] in monitoring was DELETED
2025-01-29 14:01:15,226 INFO c.h.h.t.HelmChartContainer - [K3S] [kubelet_volumes.go:163] "Cleaned up orphaned pod volumes dir" podUID="c818730f-d597-4f86-b196-ce0833f71270" path="/var/lib/kubelet/pods/c818730f-d597-4f86-b196-ce0833f71270/volumes"
2025-01-29 14:01:21,657 INFO c.h.h.t.HelmChartContainer - [hivemq-test-hivemq-platform] [hivemq-platform-operator] [4223238d] 14:01:21.655 [pool-6-thread-7] DEBUG c.h.p.o.d.PlatformServiceResource - [helmmoni] Desired Platform services (3 services)
2025-01-29 14:01:21,659 INFO c.h.h.t.HelmChartContainer - [hivemq-test-hivemq-platform] [hivemq-platform-operator] [4223238d] 14:01:21.655 [pool-6-thread-2] DEBUG c.h.p.o.d.PodServiceAccountResource - [helmmoni] Desired PodServiceAccountResource (serviceAccountName: hivemq-platform-pod-test-hivemq-platform)
2025-01-29 14:01:21,660 INFO c.h.h.t.HelmChartContainer - [hivemq-test-hivemq-platform] [hivemq-platform-operator] [4223238d] 14:01:21.655 [pool-6-thread-9] DEBUG c.h.p.o.dependants.PodInfoConfigMap - [helmmoni] Desired PodInfo ConfigMap (1 extensions) (1 enabled)
2025-01-29 14:01:21,660 INFO c.h.h.t.HelmChartContainer - [hivemq-test-hivemq-platform] [hivemq-platform-operator] [4223238d] 14:01:21.658 [pool-6-thread-9] DEBUG c.h.p.o.dependants.PodInfoConfigMap - [helmmoni] Desired PodInfo ConfigMap (metrics port: 9399) (metrics path: /)
2025-01-29 14:01:21,660 INFO c.h.h.t.HelmChartContainer - [hivemq-test-hivemq-platform] [hivemq-platform-operator] [4223238d] 14:01:21.658 [pool-6-thread-9] DEBUG c.h.p.o.dependants.PodInfoConfigMap - [helmmoni] Desired PodInfo ConfigMap (extension state hash: -1817474005)
2025-01-29 14:01:21,661 INFO c.h.h.t.HelmChartContainer - [hivemq-test-hivemq-platform] [hivemq-platform-operator] [4223238d] 14:01:21.660 [pool-6-thread-9] DEBUG c.h.p.o.d.StatefulSetResource - [helmmoni] Desired StatefulSet (2 replicas) for status RUNNING (READY)
2025-01-29 14:01:21,663 INFO c.h.h.t.HelmChartContainer - [hivemq-test-hivemq-platform] [hivemq-platform-operator] [4223238d] 14:01:21.662 [ReconcilerExecutor-hivemq-controller-124] INFO  c.h.p.o.HiveMQPlatformReconciler - [helmmoni] Reconciling HiveMQ Platform 'test-hivemq-platform' in namespace 'helmmonitoringplatformit'
2025-01-29 14:01:21,663 INFO c.h.h.t.HelmChartContainer - [hivemq-test-hivemq-platform] [hivemq-platform-operator] [4223238d] 14:01:21.663 [ReconcilerExecutor-hivemq-controller-124] DEBUG c.h.p.o.HiveMQPlatformReconciler - [helmmoni] Custom Resource Status RUNNING - HiveMQ Platform is ready (READY)
2025-01-29 14:01:21,664 INFO c.h.h.t.HelmChartContainer - [hivemq-test-hivemq-platform] [hivemq-platform-operator] [4223238d] 14:01:21.663 [ReconcilerExecutor-hivemq-controller-124] DEBUG c.h.p.o.HiveMQPlatformReconciler - [helmmoni] Custom Resource Spec (replicas: 2) (extensions: 1)
2025-01-29 14:01:21,665 INFO c.h.h.t.HelmChartContainer - [hivemq-test-hivemq-platform] [hivemq-platform-operator] [4223238d] 14:01:21.664 [ReconcilerExecutor-hivemq-controller-124] DEBUG c.h.p.o.HiveMQPlatformReconciler - [helmmoni] StatefulSet Status (revision: test-hivemq-platform-64db946475, replicas: 2, available: 2, ready: 2, current: 2, updated: 2)
2025-01-29 14:01:21,665 INFO c.h.h.t.HelmChartContainer - [hivemq-test-hivemq-platform] [hivemq-platform-operator] [4223238d] 14:01:21.664 [ReconcilerExecutor-hivemq-controller-124] DEBUG c.h.p.o.HiveMQPlatformReconciler - [helmmoni] StatefulSet Spec (replicas: 2, init containers: 1, containers: 1, volumes: 3)
2025-01-29 14:01:21,666 INFO c.h.h.t.HelmChartContainer - [hivemq-test-hivemq-platform] [hivemq-platform-operator] [4223238d] 14:01:21.665 [ReconcilerExecutor-hivemq-controller-124] DEBUG c.h.p.o.h.HiveMQPlatformReconcilerErrorHandler - [helmmoni] Pod 'test-hivemq-platform-1' phase Running
2025-01-29 14:01:21,668 INFO c.h.h.t.HelmChartContainer - [hivemq-test-hivemq-platform] [hivemq-platform-operator] [4223238d] 14:01:21.667 [ReconcilerExecutor-hivemq-controller-124] DEBUG c.h.p.o.h.HiveMQPlatformReconcilerErrorHandler - [helmmoni] Pod 'test-hivemq-platform-0' phase Running
2025-01-29 14:01:23,340 INFO c.h.h.t.HelmChartContainer - [K3S] [authentication.go:74] "Unable to authenticate the request" err="[invalid bearer token, serviceaccounts \"monitoring-stack-kube-prom-operator\" not found]"
2025-01-29 14:01:23,344 INFO c.h.h.t.HelmChartContainer - [K3S] [authentication.go:74] "Unable to authenticate the request" err="[invalid bearer token, serviceaccounts \"monitoring-stack-kube-prom-operator\" not found]"
2025-01-29 14:01:23,421 INFO c.h.h.t.HelmChartContainer - [K3S] [authentication.go:74] "Unable to authenticate the request" err="[invalid bearer token, serviceaccounts \"monitoring-stack-kube-prom-operator\" not found]"
2025-01-29 14:01:23,425 INFO c.h.h.t.HelmChartContainer - [K3S] [authentication.go:74] "Unable to authenticate the request" err="[invalid bearer token, serviceaccounts \"monitoring-stack-kube-prom-operator\" not found]"
2025-01-29 14:01:24,043 INFO c.h.h.t.HelmChartContainer - [POD] monitoring-stack-kube-prom-operator-d77f8fd4c-f7jgc [2a79befa-2c29-4ed1-a7ad-585283c7e154] in monitoring was MODIFIED
2025-01-29 14:01:24,049 INFO c.h.h.t.HelmChartContainer - [EVENT] Normal [Killing] Stopping container kube-prometheus-stack [monitoring:monitoring-stack-kube-prom-operator-d77f8fd4c-f7jgc]
2025-01-29 14:01:24,050 INFO c.h.h.t.HelmChartContainer - [K3S] [replica_set.go:679] "Finished syncing" kind="ReplicaSet" key="monitoring/monitoring-stack-kube-prom-operator-d77f8fd4c" duration="7.175789ms"
2025-01-29 14:01:24,050 INFO c.h.h.t.HelmChartContainer - [K3S] [replica_set.go:679] "Finished syncing" kind="ReplicaSet" key="monitoring/monitoring-stack-kube-prom-operator-d77f8fd4c" duration="40.004µs"
2025-01-29 14:01:24,121 INFO c.h.h.t.HelmChartContainer - [POD] monitoring-stack-kube-state-metrics-5bf5c7b54d-vghpw [7e495999-9cba-485a-97d5-0ee7c57e1ad1] in monitoring was MODIFIED
2025-01-29 14:01:24,127 INFO c.h.h.t.HelmChartContainer - [K3S] [replica_set.go:679] "Finished syncing" kind="ReplicaSet" key="monitoring/monitoring-stack-kube-state-metrics-5bf5c7b54d" duration="6.644832ms"
2025-01-29 14:01:24,127 INFO c.h.h.t.HelmChartContainer - [EVENT] Normal [Killing] Stopping container kube-state-metrics [monitoring:monitoring-stack-kube-state-metrics-5bf5c7b54d-vghpw]
2025-01-29 14:01:24,127 INFO c.h.h.t.HelmChartContainer - [K3S] [replica_set.go:679] "Finished syncing" kind="ReplicaSet" key="monitoring/monitoring-stack-kube-state-metrics-5bf5c7b54d" duration="40.485µs"
2025-01-29 14:01:24,200 INFO c.h.h.t.HelmChartContainer - [K3S] [replica_set.go:679] "Finished syncing" kind="ReplicaSet" key="monitoring/monitoring-stack-kube-prom-operator-d77f8fd4c" duration="45.234µs"
2025-01-29 14:01:24,200 INFO c.h.h.t.HelmChartContainer - [POD] monitoring-stack-kube-prom-operator-d77f8fd4c-f7jgc [2a79befa-2c29-4ed1-a7ad-585283c7e154] in monitoring was MODIFIED
2025-01-29 14:01:24,200 INFO c.h.h.t.HelmChartContainer - [POD] monitoring-stack-grafana-64c55fb967-kp7jb [7e28258c-7f2b-4d68-87fa-8950b348c584] in monitoring was MODIFIED
2025-01-29 14:01:24,207 INFO c.h.h.t.HelmChartContainer - [EVENT] Normal [Killing] Stopping container grafana-sc-dashboard [monitoring:monitoring-stack-grafana-64c55fb967-kp7jb]
2025-01-29 14:01:24,214 INFO c.h.h.t.HelmChartContainer - [K3S] [replica_set.go:679] "Finished syncing" kind="ReplicaSet" key="monitoring/monitoring-stack-grafana-64c55fb967" duration="17.965549ms"
2025-01-29 14:01:24,215 INFO c.h.h.t.HelmChartContainer - [EVENT] Normal [Killing] Stopping container grafana [monitoring:monitoring-stack-grafana-64c55fb967-kp7jb]
2025-01-29 14:01:24,215 INFO c.h.h.t.HelmChartContainer - [K3S] [replica_set.go:679] "Finished syncing" kind="ReplicaSet" key="monitoring/monitoring-stack-grafana-64c55fb967" duration="56.305µs"
2025-01-29 14:01:24,225 INFO c.h.h.t.HelmChartContainer - [EVENT] Normal [Killing] Stopping container grafana-sc-datasources [monitoring:monitoring-stack-grafana-64c55fb967-kp7jb]
2025-01-29 14:01:24,269 INFO c.h.h.t.HelmChartContainer - [K3S] [reconciler_common.go:162] "operationExecutor.UnmountVolume started for volume \"kube-api-access-bsdhx\" (UniqueName: \"kubernetes.io/projected/2a79befa-2c29-4ed1-a7ad-585283c7e154-kube-api-access-bsdhx\") pod \"2a79befa-2c29-4ed1-a7ad-585283c7e154\" (UID: \"2a79befa-2c29-4ed1-a7ad-585283c7e154\") "
2025-01-29 14:01:24,270 INFO c.h.h.t.HelmChartContainer - [K3S] [reconciler_common.go:162] "operationExecutor.UnmountVolume started for volume \"tls-secret\" (UniqueName: \"kubernetes.io/secret/2a79befa-2c29-4ed1-a7ad-585283c7e154-tls-secret\") pod \"2a79befa-2c29-4ed1-a7ad-585283c7e154\" (UID: \"2a79befa-2c29-4ed1-a7ad-585283c7e154\") "
2025-01-29 14:01:24,303 INFO c.h.h.t.HelmChartContainer - [POD] monitoring-stack-kube-state-metrics-5bf5c7b54d-vghpw [7e495999-9cba-485a-97d5-0ee7c57e1ad1] in monitoring was MODIFIED
2025-01-29 14:01:24,304 INFO c.h.h.t.HelmChartContainer - [K3S] [replica_set.go:679] "Finished syncing" kind="ReplicaSet" key="monitoring/monitoring-stack-kube-state-metrics-5bf5c7b54d" duration="48.68µs"
2025-01-29 14:01:24,369 INFO c.h.h.t.HelmChartContainer - [K3S] [reconciler_common.go:162] "operationExecutor.UnmountVolume started for volume \"kube-api-access-c5jgx\" (UniqueName: \"kubernetes.io/projected/7e495999-9cba-485a-97d5-0ee7c57e1ad1-kube-api-access-c5jgx\") pod \"7e495999-9cba-485a-97d5-0ee7c57e1ad1\" (UID: \"7e495999-9cba-485a-97d5-0ee7c57e1ad1\") "
2025-01-29 14:01:24,369 INFO c.h.h.t.HelmChartContainer - [K3S] [reconciler_common.go:299] "Volume detached for volume \"kube-api-access-bsdhx\" (UniqueName: \"kubernetes.io/projected/2a79befa-2c29-4ed1-a7ad-585283c7e154-kube-api-access-bsdhx\") on node \"5da5100ee944\" DevicePath \"\""
2025-01-29 14:01:24,369 INFO c.h.h.t.HelmChartContainer - [K3S] [reconciler_common.go:299] "Volume detached for volume \"tls-secret\" (UniqueName: \"kubernetes.io/secret/2a79befa-2c29-4ed1-a7ad-585283c7e154-tls-secret\") on node \"5da5100ee944\" DevicePath \"\""
2025-01-29 14:01:24,470 INFO c.h.h.t.HelmChartContainer - [K3S] [reconciler_common.go:299] "Volume detached for volume \"kube-api-access-c5jgx\" (UniqueName: \"kubernetes.io/projected/7e495999-9cba-485a-97d5-0ee7c57e1ad1-kube-api-access-c5jgx\") on node \"5da5100ee944\" DevicePath \"\""
2025-01-29 14:01:24,497 INFO c.h.h.t.HelmChartContainer - [POD] alertmanager-monitoring-stack-kube-prom-alertmanager-0 [c138637f-fa17-4b92-954c-ba4b897d427f] in monitoring was MODIFIED
2025-01-29 14:01:24,521 INFO c.h.h.t.HelmChartContainer - [EVENT] Normal [Killing] Stopping container alertmanager [monitoring:alertmanager-monitoring-stack-kube-prom-alertmanager-0]
2025-01-29 14:01:24,529 INFO c.h.h.t.HelmChartContainer - [EVENT] Normal [Killing] Stopping container config-reloader [monitoring:alertmanager-monitoring-stack-kube-prom-alertmanager-0]
2025-01-29 14:01:24,550 INFO c.h.h.t.HelmChartContainer - [POD] monitoring-stack-grafana-64c55fb967-kp7jb [7e28258c-7f2b-4d68-87fa-8950b348c584] in monitoring was MODIFIED
2025-01-29 14:01:24,553 INFO c.h.h.t.HelmChartContainer - [POD] prometheus-monitoring-stack-kube-prom-prometheus-0 [520b3e10-6981-4384-b059-ceb263b08a12] in monitoring was MODIFIED
2025-01-29 14:01:24,555 INFO c.h.h.t.HelmChartContainer - [K3S] [replica_set.go:679] "Finished syncing" kind="ReplicaSet" key="monitoring/monitoring-stack-grafana-64c55fb967" duration="57.176µs"
2025-01-29 14:01:24,557 INFO c.h.h.t.HelmChartContainer - [EVENT] Normal [Killing] Stopping container prometheus [monitoring:prometheus-monitoring-stack-kube-prom-prometheus-0]
2025-01-29 14:01:24,561 INFO c.h.h.t.HelmChartContainer - [EVENT] Normal [Killing] Stopping container config-reloader [monitoring:prometheus-monitoring-stack-kube-prom-prometheus-0]
2025-01-29 14:01:24,573 INFO c.h.h.t.HelmChartContainer - [K3S] [reconciler_common.go:162] "operationExecutor.UnmountVolume started for volume \"sc-datasources-volume\" (UniqueName: \"kubernetes.io/empty-dir/7e28258c-7f2b-4d68-87fa-8950b348c584-sc-datasources-volume\") pod \"7e28258c-7f2b-4d68-87fa-8950b348c584\" (UID: \"7e28258c-7f2b-4d68-87fa-8950b348c584\") "
2025-01-29 14:01:24,573 INFO c.h.h.t.HelmChartContainer - [K3S] [reconciler_common.go:162] "operationExecutor.UnmountVolume started for volume \"config\" (UniqueName: \"kubernetes.io/configmap/7e28258c-7f2b-4d68-87fa-8950b348c584-config\") pod \"7e28258c-7f2b-4d68-87fa-8950b348c584\" (UID: \"7e28258c-7f2b-4d68-87fa-8950b348c584\") "
2025-01-29 14:01:24,578 INFO c.h.h.t.HelmChartContainer - [K3S] [reconciler_common.go:162] "operationExecutor.UnmountVolume started for volume \"storage\" (UniqueName: \"kubernetes.io/empty-dir/7e28258c-7f2b-4d68-87fa-8950b348c584-storage\") pod \"7e28258c-7f2b-4d68-87fa-8950b348c584\" (UID: \"7e28258c-7f2b-4d68-87fa-8950b348c584\") "
2025-01-29 14:01:24,578 INFO c.h.h.t.HelmChartContainer - [K3S] [reconciler_common.go:162] "operationExecutor.UnmountVolume started for volume \"sc-dashboard-provider\" (UniqueName: \"kubernetes.io/configmap/7e28258c-7f2b-4d68-87fa-8950b348c584-sc-dashboard-provider\") pod \"7e28258c-7f2b-4d68-87fa-8950b348c584\" (UID: \"7e28258c-7f2b-4d68-87fa-8950b348c584\") "
2025-01-29 14:01:24,578 INFO c.h.h.t.HelmChartContainer - [K3S] [reconciler_common.go:162] "operationExecutor.UnmountVolume started for volume \"sc-dashboard-volume\" (UniqueName: \"kubernetes.io/empty-dir/7e28258c-7f2b-4d68-87fa-8950b348c584-sc-dashboard-volume\") pod \"7e28258c-7f2b-4d68-87fa-8950b348c584\" (UID: \"7e28258c-7f2b-4d68-87fa-8950b348c584\") "
2025-01-29 14:01:24,578 INFO c.h.h.t.HelmChartContainer - [K3S] [reconciler_common.go:162] "operationExecutor.UnmountVolume started for volume \"kube-api-access-jc7tk\" (UniqueName: \"kubernetes.io/projected/7e28258c-7f2b-4d68-87fa-8950b348c584-kube-api-access-jc7tk\") pod \"7e28258c-7f2b-4d68-87fa-8950b348c584\" (UID: \"7e28258c-7f2b-4d68-87fa-8950b348c584\") "
2025-01-29 14:01:24,678 INFO c.h.h.t.HelmChartContainer - [K3S] [reconciler_common.go:299] "Volume detached for volume \"sc-datasources-volume\" (UniqueName: \"kubernetes.io/empty-dir/7e28258c-7f2b-4d68-87fa-8950b348c584-sc-datasources-volume\") on node \"5da5100ee944\" DevicePath \"\""
2025-01-29 14:01:24,678 INFO c.h.h.t.HelmChartContainer - [K3S] [reconciler_common.go:299] "Volume detached for volume \"config\" (UniqueName: \"kubernetes.io/configmap/7e28258c-7f2b-4d68-87fa-8950b348c584-config\") on node \"5da5100ee944\" DevicePath \"\""
2025-01-29 14:01:24,678 INFO c.h.h.t.HelmChartContainer - [K3S] [reconciler_common.go:299] "Volume detached for volume \"storage\" (UniqueName: \"kubernetes.io/empty-dir/7e28258c-7f2b-4d68-87fa-8950b348c584-storage\") on node \"5da5100ee944\" DevicePath \"\""
2025-01-29 14:01:24,678 INFO c.h.h.t.HelmChartContainer - [K3S] [reconciler_common.go:299] "Volume detached for volume \"sc-dashboard-provider\" (UniqueName: \"kubernetes.io/configmap/7e28258c-7f2b-4d68-87fa-8950b348c584-sc-dashboard-provider\") on node \"5da5100ee944\" DevicePath \"\""
2025-01-29 14:01:24,678 INFO c.h.h.t.HelmChartContainer - [K3S] [reconciler_common.go:299] "Volume detached for volume \"sc-dashboard-volume\" (UniqueName: \"kubernetes.io/empty-dir/7e28258c-7f2b-4d68-87fa-8950b348c584-sc-dashboard-volume\") on node \"5da5100ee944\" DevicePath \"\""
2025-01-29 14:01:24,678 INFO c.h.h.t.HelmChartContainer - [K3S] [reconciler_common.go:299] "Volume detached for volume \"kube-api-access-jc7tk\" (UniqueName: \"kubernetes.io/projected/7e28258c-7f2b-4d68-87fa-8950b348c584-kube-api-access-jc7tk\") on node \"5da5100ee944\" DevicePath \"\""
2025-01-29 14:01:24,780 INFO c.h.h.t.HelmChartContainer - [K3S] [reconciler_common.go:162] "operationExecutor.UnmountVolume started for volume \"tls-assets\" (UniqueName: \"kubernetes.io/projected/c138637f-fa17-4b92-954c-ba4b897d427f-tls-assets\") pod \"c138637f-fa17-4b92-954c-ba4b897d427f\" (UID: \"c138637f-fa17-4b92-954c-ba4b897d427f\") "
2025-01-29 14:01:24,780 INFO c.h.h.t.HelmChartContainer - [K3S] [reconciler_common.go:162] "operationExecutor.UnmountVolume started for volume \"web-config\" (UniqueName: \"kubernetes.io/secret/c138637f-fa17-4b92-954c-ba4b897d427f-web-config\") pod \"c138637f-fa17-4b92-954c-ba4b897d427f\" (UID: \"c138637f-fa17-4b92-954c-ba4b897d427f\") "
2025-01-29 14:01:24,780 INFO c.h.h.t.HelmChartContainer - [K3S] [reconciler_common.go:162] "operationExecutor.UnmountVolume started for volume \"config-volume\" (UniqueName: \"kubernetes.io/secret/c138637f-fa17-4b92-954c-ba4b897d427f-config-volume\") pod \"c138637f-fa17-4b92-954c-ba4b897d427f\" (UID: \"c138637f-fa17-4b92-954c-ba4b897d427f\") "
2025-01-29 14:01:24,780 INFO c.h.h.t.HelmChartContainer - [K3S] [reconciler_common.go:162] "operationExecutor.UnmountVolume started for volume \"kube-api-access-6jsxm\" (UniqueName: \"kubernetes.io/projected/c138637f-fa17-4b92-954c-ba4b897d427f-kube-api-access-6jsxm\") pod \"c138637f-fa17-4b92-954c-ba4b897d427f\" (UID: \"c138637f-fa17-4b92-954c-ba4b897d427f\") "
2025-01-29 14:01:24,780 INFO c.h.h.t.HelmChartContainer - [K3S] [reconciler_common.go:162] "operationExecutor.UnmountVolume started for volume \"alertmanager-monitoring-stack-kube-prom-alertmanager-db\" (UniqueName: \"kubernetes.io/empty-dir/c138637f-fa17-4b92-954c-ba4b897d427f-alertmanager-monitoring-stack-kube-prom-alertmanager-db\") pod \"c138637f-fa17-4b92-954c-ba4b897d427f\" (UID: \"c138637f-fa17-4b92-954c-ba4b897d427f\") "
2025-01-29 14:01:24,780 INFO c.h.h.t.HelmChartContainer - [K3S] [reconciler_common.go:162] "operationExecutor.UnmountVolume started for volume \"config-out\" (UniqueName: \"kubernetes.io/empty-dir/c138637f-fa17-4b92-954c-ba4b897d427f-config-out\") pod \"c138637f-fa17-4b92-954c-ba4b897d427f\" (UID: \"c138637f-fa17-4b92-954c-ba4b897d427f\") "
2025-01-29 14:01:24,782 INFO c.h.h.t.HelmChartContainer - [POD] alertmanager-monitoring-stack-kube-prom-alertmanager-0 [c138637f-fa17-4b92-954c-ba4b897d427f] in monitoring was MODIFIED
2025-01-29 14:01:24,867 INFO c.h.h.t.HelmChartContainer - [POD] prometheus-monitoring-stack-kube-prom-prometheus-0 [520b3e10-6981-4384-b059-ceb263b08a12] in monitoring was MODIFIED
2025-01-29 14:01:24,882 INFO c.h.h.t.HelmChartContainer - [K3S] [reconciler_common.go:162] "operationExecutor.UnmountVolume started for volume \"prometheus-monitoring-stack-kube-prom-prometheus-rulefiles-0\" (UniqueName: \"kubernetes.io/configmap/520b3e10-6981-4384-b059-ceb263b08a12-prometheus-monitoring-stack-kube-prom-prometheus-rulefiles-0\") pod \"520b3e10-6981-4384-b059-ceb263b08a12\" (UID: \"520b3e10-6981-4384-b059-ceb263b08a12\") "
2025-01-29 14:01:24,883 INFO c.h.h.t.HelmChartContainer - [K3S] [reconciler_common.go:162] "operationExecutor.UnmountVolume started for volume \"prometheus-monitoring-stack-kube-prom-prometheus-db\" (UniqueName: \"kubernetes.io/empty-dir/520b3e10-6981-4384-b059-ceb263b08a12-prometheus-monitoring-stack-kube-prom-prometheus-db\") pod \"520b3e10-6981-4384-b059-ceb263b08a12\" (UID: \"520b3e10-6981-4384-b059-ceb263b08a12\") "
2025-01-29 14:01:24,883 INFO c.h.h.t.HelmChartContainer - [K3S] [reconciler_common.go:162] "operationExecutor.UnmountVolume started for volume \"config-out\" (UniqueName: \"kubernetes.io/empty-dir/520b3e10-6981-4384-b059-ceb263b08a12-config-out\") pod \"520b3e10-6981-4384-b059-ceb263b08a12\" (UID: \"520b3e10-6981-4384-b059-ceb263b08a12\") "
2025-01-29 14:01:24,883 INFO c.h.h.t.HelmChartContainer - [K3S] [reconciler_common.go:162] "operationExecutor.UnmountVolume started for volume \"web-config\" (UniqueName: \"kubernetes.io/secret/520b3e10-6981-4384-b059-ceb263b08a12-web-config\") pod \"520b3e10-6981-4384-b059-ceb263b08a12\" (UID: \"520b3e10-6981-4384-b059-ceb263b08a12\") "
2025-01-29 14:01:24,883 INFO c.h.h.t.HelmChartContainer - [K3S] [reconciler_common.go:162] "operationExecutor.UnmountVolume started for volume \"kube-api-access-pp46x\" (UniqueName: \"kubernetes.io/projected/520b3e10-6981-4384-b059-ceb263b08a12-kube-api-access-pp46x\") pod \"520b3e10-6981-4384-b059-ceb263b08a12\" (UID: \"520b3e10-6981-4384-b059-ceb263b08a12\") "
2025-01-29 14:01:24,884 INFO c.h.h.t.HelmChartContainer - [K3S] [reconciler_common.go:162] "operationExecutor.UnmountVolume started for volume \"config\" (UniqueName: \"kubernetes.io/secret/520b3e10-6981-4384-b059-ceb263b08a12-config\") pod \"520b3e10-6981-4384-b059-ceb263b08a12\" (UID: \"520b3e10-6981-4384-b059-ceb263b08a12\") "
2025-01-29 14:01:24,884 INFO c.h.h.t.HelmChartContainer - [K3S] [reconciler_common.go:162] "operationExecutor.UnmountVolume started for volume \"tls-assets\" (UniqueName: \"kubernetes.io/projected/520b3e10-6981-4384-b059-ceb263b08a12-tls-assets\") pod \"520b3e10-6981-4384-b059-ceb263b08a12\" (UID: \"520b3e10-6981-4384-b059-ceb263b08a12\") "
2025-01-29 14:01:24,884 INFO c.h.h.t.HelmChartContainer - [K3S] [reconciler_common.go:299] "Volume detached for volume \"kube-api-access-6jsxm\" (UniqueName: \"kubernetes.io/projected/c138637f-fa17-4b92-954c-ba4b897d427f-kube-api-access-6jsxm\") on node \"5da5100ee944\" DevicePath \"\""
2025-01-29 14:01:24,884 INFO c.h.h.t.HelmChartContainer - [K3S] [reconciler_common.go:299] "Volume detached for volume \"alertmanager-monitoring-stack-kube-prom-alertmanager-db\" (UniqueName: \"kubernetes.io/empty-dir/c138637f-fa17-4b92-954c-ba4b897d427f-alertmanager-monitoring-stack-kube-prom-alertmanager-db\") on node \"5da5100ee944\" DevicePath \"\""
2025-01-29 14:01:24,884 INFO c.h.h.t.HelmChartContainer - [K3S] [reconciler_common.go:299] "Volume detached for volume \"config-out\" (UniqueName: \"kubernetes.io/empty-dir/c138637f-fa17-4b92-954c-ba4b897d427f-config-out\") on node \"5da5100ee944\" DevicePath \"\""
2025-01-29 14:01:24,884 INFO c.h.h.t.HelmChartContainer - [K3S] [reconciler_common.go:299] "Volume detached for volume \"tls-assets\" (UniqueName: \"kubernetes.io/projected/c138637f-fa17-4b92-954c-ba4b897d427f-tls-assets\") on node \"5da5100ee944\" DevicePath \"\""
2025-01-29 14:01:24,884 INFO c.h.h.t.HelmChartContainer - [K3S] [reconciler_common.go:299] "Volume detached for volume \"web-config\" (UniqueName: \"kubernetes.io/secret/c138637f-fa17-4b92-954c-ba4b897d427f-web-config\") on node \"5da5100ee944\" DevicePath \"\""
2025-01-29 14:01:24,884 INFO c.h.h.t.HelmChartContainer - [K3S] [reconciler_common.go:299] "Volume detached for volume \"config-volume\" (UniqueName: \"kubernetes.io/secret/c138637f-fa17-4b92-954c-ba4b897d427f-config-volume\") on node \"5da5100ee944\" DevicePath \"\""
2025-01-29 14:01:24,921 INFO c.h.h.t.HelmChartContainer - [K3S] [scope.go:117] "RemoveContainer" containerID="3ca3676dfb9fe334ef908ae027020becba236cfe2419106a34011095f7e3348f"
2025-01-29 14:01:24,933 INFO c.h.h.t.HelmChartContainer - [K3S] [scope.go:117] "RemoveContainer" containerID="a0e2a8f8cdab0b1b09273d7511553b6a2686a3d384c14fdf3fb6a86703936f95"
2025-01-29 14:01:24,944 INFO c.h.h.t.HelmChartContainer - [K3S] [scope.go:117] "RemoveContainer" containerID="e154cc9cd8d417e04aebb5b800d5c8fede3534e90db580108291c570874ec5c4"
2025-01-29 14:01:24,952 INFO c.h.h.t.HelmChartContainer - [K3S] [scope.go:117] "RemoveContainer" containerID="3ca3676dfb9fe334ef908ae027020becba236cfe2419106a34011095f7e3348f"
2025-01-29 14:01:24,953 INFO c.h.h.t.HelmChartContainer - [K3S] [scope.go:117] "RemoveContainer" containerID="a0e2a8f8cdab0b1b09273d7511553b6a2686a3d384c14fdf3fb6a86703936f95"
2025-01-29 14:01:24,956 INFO c.h.h.t.HelmChartContainer - [K3S] [scope.go:117] "RemoveContainer" containerID="e154cc9cd8d417e04aebb5b800d5c8fede3534e90db580108291c570874ec5c4"
2025-01-29 14:01:24,957 INFO c.h.h.t.HelmChartContainer - [K3S] [scope.go:117] "RemoveContainer" containerID="3ca3676dfb9fe334ef908ae027020becba236cfe2419106a34011095f7e3348f"
2025-01-29 14:01:24,961 INFO c.h.h.t.HelmChartContainer - [K3S] [scope.go:117] "RemoveContainer" containerID="a0e2a8f8cdab0b1b09273d7511553b6a2686a3d384c14fdf3fb6a86703936f95"
2025-01-29 14:01:24,962 INFO c.h.h.t.HelmChartContainer - [K3S] [scope.go:117] "RemoveContainer" containerID="e154cc9cd8d417e04aebb5b800d5c8fede3534e90db580108291c570874ec5c4"
2025-01-29 14:01:24,963 INFO c.h.h.t.HelmChartContainer - [POD] prometheus-monitoring-stack-kube-prom-prometheus-0 [520b3e10-6981-4384-b059-ceb263b08a12] in monitoring was MODIFIED
2025-01-29 14:01:24,967 INFO c.h.h.t.HelmChartContainer - [POD] prometheus-monitoring-stack-kube-prom-prometheus-0 [520b3e10-6981-4384-b059-ceb263b08a12] in monitoring was DELETED
2025-01-29 14:01:24,967 INFO c.h.h.t.HelmChartContainer - [K3S] [scope.go:117] "RemoveContainer" containerID="cb4fe9797ce80176d75c7146226116c62d39d654246e1197d7e1ca94223e9e78"
2025-01-29 14:01:24,971 INFO c.h.h.t.HelmChartContainer - [K3S] [scope.go:117] "RemoveContainer" containerID="cb4fe9797ce80176d75c7146226116c62d39d654246e1197d7e1ca94223e9e78"
2025-01-29 14:01:24,973 INFO c.h.h.t.HelmChartContainer - [K3S] [scope.go:117] "RemoveContainer" containerID="efa4e3a087b625dea772c0392344aa2fe8d29423eee522060957fabe5fbb643b"
2025-01-29 14:01:24,978 INFO c.h.h.t.HelmChartContainer - [K3S] [scope.go:117] "RemoveContainer" containerID="efa4e3a087b625dea772c0392344aa2fe8d29423eee522060957fabe5fbb643b"
2025-01-29 14:01:24,979 INFO c.h.h.t.HelmChartContainer - [K3S] [scope.go:117] "RemoveContainer" containerID="648ff397e9246420ba1ac9812d68108c5db98a229da3c5933d0545c36dcf1360"
2025-01-29 14:01:24,983 INFO c.h.h.t.HelmChartContainer - [POD] monitoring-stack-kube-prom-operator-d77f8fd4c-f7jgc [2a79befa-2c29-4ed1-a7ad-585283c7e154] in monitoring was MODIFIED
2025-01-29 14:01:24,983 INFO c.h.h.t.HelmChartContainer - [K3S] [replica_set.go:679] "Finished syncing" kind="ReplicaSet" key="monitoring/monitoring-stack-kube-prom-operator-d77f8fd4c" duration="41.717µs"
2025-01-29 14:01:24,987 INFO c.h.h.t.HelmChartContainer - [K3S] [reconciler_common.go:299] "Volume detached for volume \"prometheus-monitoring-stack-kube-prom-prometheus-rulefiles-0\" (UniqueName: \"kubernetes.io/configmap/520b3e10-6981-4384-b059-ceb263b08a12-prometheus-monitoring-stack-kube-prom-prometheus-rulefiles-0\") on node \"5da5100ee944\" DevicePath \"\""
2025-01-29 14:01:24,987 INFO c.h.h.t.HelmChartContainer - [K3S] [reconciler_common.go:299] "Volume detached for volume \"prometheus-monitoring-stack-kube-prom-prometheus-db\" (UniqueName: \"kubernetes.io/empty-dir/520b3e10-6981-4384-b059-ceb263b08a12-prometheus-monitoring-stack-kube-prom-prometheus-db\") on node \"5da5100ee944\" DevicePath \"\""
2025-01-29 14:01:24,987 INFO c.h.h.t.HelmChartContainer - [K3S] [reconciler_common.go:299] "Volume detached for volume \"config-out\" (UniqueName: \"kubernetes.io/empty-dir/520b3e10-6981-4384-b059-ceb263b08a12-config-out\") on node \"5da5100ee944\" DevicePath \"\""
2025-01-29 14:01:24,987 INFO c.h.h.t.HelmChartContainer - [K3S] [reconciler_common.go:299] "Volume detached for volume \"web-config\" (UniqueName: \"kubernetes.io/secret/520b3e10-6981-4384-b059-ceb263b08a12-web-config\") on node \"5da5100ee944\" DevicePath \"\""
2025-01-29 14:01:24,987 INFO c.h.h.t.HelmChartContainer - [K3S] [reconciler_common.go:299] "Volume detached for volume \"kube-api-access-pp46x\" (UniqueName: \"kubernetes.io/projected/520b3e10-6981-4384-b059-ceb263b08a12-kube-api-access-pp46x\") on node \"5da5100ee944\" DevicePath \"\""
2025-01-29 14:01:24,987 INFO c.h.h.t.HelmChartContainer - [K3S] [reconciler_common.go:299] "Volume detached for volume \"config\" (UniqueName: \"kubernetes.io/secret/520b3e10-6981-4384-b059-ceb263b08a12-config\") on node \"5da5100ee944\" DevicePath \"\""
2025-01-29 14:01:24,987 INFO c.h.h.t.HelmChartContainer - [K3S] [reconciler_common.go:299] "Volume detached for volume \"tls-assets\" (UniqueName: \"kubernetes.io/projected/520b3e10-6981-4384-b059-ceb263b08a12-tls-assets\") on node \"5da5100ee944\" DevicePath \"\""
2025-01-29 14:01:24,988 INFO c.h.h.t.HelmChartContainer - [K3S] [scope.go:117] "RemoveContainer" containerID="be2f4c70188ce3302f8b3c56ca877a676604a9ef023139e12e73bd7ce33b74dd"
2025-01-29 14:01:24,988 INFO c.h.h.t.HelmChartContainer - [K3S] [replica_set.go:679] "Finished syncing" kind="ReplicaSet" key="monitoring/monitoring-stack-kube-prom-operator-d77f8fd4c" duration="34.033µs"
2025-01-29 14:01:24,991 INFO c.h.h.t.HelmChartContainer - [POD] monitoring-stack-kube-prom-operator-d77f8fd4c-f7jgc [2a79befa-2c29-4ed1-a7ad-585283c7e154] in monitoring was DELETED
2025-01-29 14:01:25,001 INFO c.h.h.t.HelmChartContainer - [K3S] [scope.go:117] "RemoveContainer" containerID="5f6fb28e19da59fbaaa451ceebe3292b71e1f2b8a73d5f52c11419d28fad0e7f"
2025-01-29 14:01:25,002 INFO c.h.h.t.HelmChartContainer - [K3S] [scope.go:117] "RemoveContainer" containerID="648ff397e9246420ba1ac9812d68108c5db98a229da3c5933d0545c36dcf1360"
2025-01-29 14:01:25,003 INFO c.h.h.t.HelmChartContainer - [K3S] [scope.go:117] "RemoveContainer" containerID="be2f4c70188ce3302f8b3c56ca877a676604a9ef023139e12e73bd7ce33b74dd"
2025-01-29 14:01:25,004 INFO c.h.h.t.HelmChartContainer - [K3S] [scope.go:117] "RemoveContainer" containerID="5f6fb28e19da59fbaaa451ceebe3292b71e1f2b8a73d5f52c11419d28fad0e7f"
2025-01-29 14:01:25,005 INFO c.h.h.t.HelmChartContainer - [K3S] [scope.go:117] "RemoveContainer" containerID="648ff397e9246420ba1ac9812d68108c5db98a229da3c5933d0545c36dcf1360"
2025-01-29 14:01:25,005 INFO c.h.h.t.HelmChartContainer - [K3S] [scope.go:117] "RemoveContainer" containerID="be2f4c70188ce3302f8b3c56ca877a676604a9ef023139e12e73bd7ce33b74dd"
2025-01-29 14:01:25,007 INFO c.h.h.t.HelmChartContainer - [K3S] [scope.go:117] "RemoveContainer" containerID="5f6fb28e19da59fbaaa451ceebe3292b71e1f2b8a73d5f52c11419d28fad0e7f"
2025-01-29 14:01:25,007 INFO c.h.h.t.HelmChartContainer - [K3S] [scope.go:117] "RemoveContainer" containerID="648ff397e9246420ba1ac9812d68108c5db98a229da3c5933d0545c36dcf1360"
2025-01-29 14:01:25,008 INFO c.h.h.t.HelmChartContainer - [K3S] [scope.go:117] "RemoveContainer" containerID="be2f4c70188ce3302f8b3c56ca877a676604a9ef023139e12e73bd7ce33b74dd"
2025-01-29 14:01:25,008 INFO c.h.h.t.HelmChartContainer - [K3S] [scope.go:117] "RemoveContainer" containerID="5f6fb28e19da59fbaaa451ceebe3292b71e1f2b8a73d5f52c11419d28fad0e7f"
2025-01-29 14:01:25,009 INFO c.h.h.t.HelmChartContainer - [K3S] [scope.go:117] "RemoveContainer" containerID="f513d62c4bf6d68285f7b8e6326977e772161d12e2692692cf55f62a887b7e97"
2025-01-29 14:01:25,014 INFO c.h.h.t.HelmChartContainer - [POD] monitoring-stack-kube-state-metrics-5bf5c7b54d-vghpw [7e495999-9cba-485a-97d5-0ee7c57e1ad1] in monitoring was MODIFIED
2025-01-29 14:01:25,014 INFO c.h.h.t.HelmChartContainer - [K3S] [replica_set.go:679] "Finished syncing" kind="ReplicaSet" key="monitoring/monitoring-stack-kube-state-metrics-5bf5c7b54d" duration="43.601µs"
2025-01-29 14:01:25,016 INFO c.h.h.t.HelmChartContainer - [POD] monitoring-stack-kube-state-metrics-5bf5c7b54d-vghpw [7e495999-9cba-485a-97d5-0ee7c57e1ad1] in monitoring was DELETED
2025-01-29 14:01:25,018 INFO c.h.h.t.HelmChartContainer - [K3S] [replica_set.go:679] "Finished syncing" kind="ReplicaSet" key="monitoring/monitoring-stack-kube-state-metrics-5bf5c7b54d" duration="39.554µs"
2025-01-29 14:01:25,018 INFO c.h.h.t.HelmChartContainer - [K3S] [scope.go:117] "RemoveContainer" containerID="7484b8eddac3881a5e1606590db8d0ba48436c62085cf90617f739c4efaa37b0"
2025-01-29 14:01:25,022 INFO c.h.h.t.HelmChartContainer - [K3S] [scope.go:117] "RemoveContainer" containerID="956cf1acb698d07366454d5bccd35bf6abb7f5b5b0d712906d44abf8fb09e085"
2025-01-29 14:01:25,026 INFO c.h.h.t.HelmChartContainer - [K3S] [scope.go:117] "RemoveContainer" containerID="f513d62c4bf6d68285f7b8e6326977e772161d12e2692692cf55f62a887b7e97"
2025-01-29 14:01:25,028 INFO c.h.h.t.HelmChartContainer - [K3S] [scope.go:117] "RemoveContainer" containerID="7484b8eddac3881a5e1606590db8d0ba48436c62085cf90617f739c4efaa37b0"
2025-01-29 14:01:25,031 INFO c.h.h.t.HelmChartContainer - [K3S] [scope.go:117] "RemoveContainer" containerID="956cf1acb698d07366454d5bccd35bf6abb7f5b5b0d712906d44abf8fb09e085"
2025-01-29 14:01:25,036 INFO c.h.h.t.HelmChartContainer - [K3S] [scope.go:117] "RemoveContainer" containerID="f513d62c4bf6d68285f7b8e6326977e772161d12e2692692cf55f62a887b7e97"
2025-01-29 14:01:25,039 INFO c.h.h.t.HelmChartContainer - [POD] alertmanager-monitoring-stack-kube-prom-alertmanager-0 [c138637f-fa17-4b92-954c-ba4b897d427f] in monitoring was MODIFIED
2025-01-29 14:01:25,039 INFO c.h.h.t.HelmChartContainer - [K3S] [scope.go:117] "RemoveContainer" containerID="7484b8eddac3881a5e1606590db8d0ba48436c62085cf90617f739c4efaa37b0"
2025-01-29 14:01:25,039 INFO c.h.h.t.HelmChartContainer - [K3S] [scope.go:117] "RemoveContainer" containerID="956cf1acb698d07366454d5bccd35bf6abb7f5b5b0d712906d44abf8fb09e085"
2025-01-29 14:01:25,046 INFO c.h.h.t.HelmChartContainer - [POD] alertmanager-monitoring-stack-kube-prom-alertmanager-0 [c138637f-fa17-4b92-954c-ba4b897d427f] in monitoring was DELETED
2025-01-29 14:01:25,065 INFO c.h.h.t.HelmChartContainer - [POD] monitoring-stack-grafana-64c55fb967-kp7jb [7e28258c-7f2b-4d68-87fa-8950b348c584] in monitoring was MODIFIED
2025-01-29 14:01:25,066 INFO c.h.h.t.HelmChartContainer - [K3S] [replica_set.go:679] "Finished syncing" kind="ReplicaSet" key="monitoring/monitoring-stack-grafana-64c55fb967" duration="59.12µs"
2025-01-29 14:01:25,066 INFO c.h.h.t.HelmChartContainer - [K3S] [replica_set.go:679] "Finished syncing" kind="ReplicaSet" key="monitoring/monitoring-stack-grafana-64c55fb967" duration="30.606µs"
2025-01-29 14:01:25,068 INFO c.h.h.t.HelmChartContainer - [POD] monitoring-stack-grafana-64c55fb967-kp7jb [7e28258c-7f2b-4d68-87fa-8950b348c584] in monitoring was DELETED
2025-01-29 14:01:25,227 INFO c.h.h.t.HelmChartContainer - [K3S] [kubelet_volumes.go:163] "Cleaned up orphaned pod volumes dir" podUID="2a79befa-2c29-4ed1-a7ad-585283c7e154" path="/var/lib/kubelet/pods/2a79befa-2c29-4ed1-a7ad-585283c7e154/volumes"
2025-01-29 14:01:25,228 INFO c.h.h.t.HelmChartContainer - [K3S] [kubelet_volumes.go:163] "Cleaned up orphaned pod volumes dir" podUID="520b3e10-6981-4384-b059-ceb263b08a12" path="/var/lib/kubelet/pods/520b3e10-6981-4384-b059-ceb263b08a12/volumes"
2025-01-29 14:01:25,229 INFO c.h.h.t.HelmChartContainer - [K3S] [kubelet_volumes.go:163] "Cleaned up orphaned pod volumes dir" podUID="7e28258c-7f2b-4d68-87fa-8950b348c584" path="/var/lib/kubelet/pods/7e28258c-7f2b-4d68-87fa-8950b348c584/volumes"
2025-01-29 14:01:25,229 INFO c.h.h.t.HelmChartContainer - [K3S] [kubelet_volumes.go:163] "Cleaned up orphaned pod volumes dir" podUID="7e495999-9cba-485a-97d5-0ee7c57e1ad1" path="/var/lib/kubelet/pods/7e495999-9cba-485a-97d5-0ee7c57e1ad1/volumes"
2025-01-29 14:01:25,230 INFO c.h.h.t.HelmChartContainer - [K3S] [kubelet_volumes.go:163] "Cleaned up orphaned pod volumes dir" podUID="c138637f-fa17-4b92-954c-ba4b897d427f" path="/var/lib/kubelet/pods/c138637f-fa17-4b92-954c-ba4b897d427f/volumes"
2025-01-29 14:01:25,568 INFO c.h.h.t.HelmChartContainer - [K3S] [replica_set.go:679] "Finished syncing" kind="ReplicaSet" key="monitoring/monitoring-stack-kube-prom-operator-d77f8fd4c" duration="6.652µs"
2025-01-29 14:01:25,593 INFO c.h.h.t.HelmChartContainer - [K3S] [replica_set.go:679] "Finished syncing" kind="ReplicaSet" key="monitoring/monitoring-stack-kube-state-metrics-5bf5c7b54d" duration="4.959µs"
2025-01-29 14:01:25,620 INFO c.h.h.t.HelmChartContainer - [K3S] [replica_set.go:679] "Finished syncing" kind="ReplicaSet" key="monitoring/monitoring-stack-grafana-64c55fb967" duration="5.219µs"
2025-01-29 14:01:25,795 INFO c.h.h.t.HelmChartContainer - [K3S] [stateful_set.go:466] "StatefulSet has been deleted" key="monitoring/alertmanager-monitoring-stack-kube-prom-alertmanager"
2025-01-29 14:01:26,020 INFO c.h.h.t.HelmChartContainer - [K3S] [stateful_set.go:466] "StatefulSet has been deleted" key="monitoring/prometheus-monitoring-stack-kube-prom-prometheus"
2025-01-29 14:01:27,819 INFO c.h.h.t.HelmChartContainer - Deleting namespace 'monitoring'...
2025-01-29 14:01:31,671 INFO c.h.h.t.HelmChartContainer - [hivemq-test-hivemq-platform] [hivemq-platform-operator] [4223238d] 14:01:31.670 [pool-6-thread-14] DEBUG c.h.p.o.d.PlatformServiceResource - [helmmoni] Desired Platform services (3 services)
2025-01-29 14:01:31,674 INFO c.h.h.t.HelmChartContainer - [hivemq-test-hivemq-platform] [hivemq-platform-operator] [4223238d] 14:01:31.671 [pool-6-thread-11] DEBUG c.h.p.o.dependants.PodInfoConfigMap - [helmmoni] Desired PodInfo ConfigMap (1 extensions) (1 enabled)
2025-01-29 14:01:31,674 INFO c.h.h.t.HelmChartContainer - [hivemq-test-hivemq-platform] [hivemq-platform-operator] [4223238d] 14:01:31.671 [pool-6-thread-11] DEBUG c.h.p.o.dependants.PodInfoConfigMap - [helmmoni] Desired PodInfo ConfigMap (metrics port: 9399) (metrics path: /)
2025-01-29 14:01:31,674 INFO c.h.h.t.HelmChartContainer - [hivemq-test-hivemq-platform] [hivemq-platform-operator] [4223238d] 14:01:31.671 [pool-6-thread-11] DEBUG c.h.p.o.dependants.PodInfoConfigMap - [helmmoni] Desired PodInfo ConfigMap (extension state hash: -1817474005)
2025-01-29 14:01:31,674 INFO c.h.h.t.HelmChartContainer - [hivemq-test-hivemq-platform] [hivemq-platform-operator] [4223238d] 14:01:31.671 [pool-6-thread-18] DEBUG c.h.p.o.d.PodServiceAccountResource - [helmmoni] Desired PodServiceAccountResource (serviceAccountName: hivemq-platform-pod-test-hivemq-platform)
2025-01-29 14:01:31,676 INFO c.h.h.t.HelmChartContainer - [hivemq-test-hivemq-platform] [hivemq-platform-operator] [4223238d] 14:01:31.675 [pool-6-thread-14] DEBUG c.h.p.o.d.StatefulSetResource - [helmmoni] Desired StatefulSet (2 replicas) for status RUNNING (READY)
2025-01-29 14:01:31,679 INFO c.h.h.t.HelmChartContainer - [hivemq-test-hivemq-platform] [hivemq-platform-operator] [4223238d] 14:01:31.678 [ReconcilerExecutor-hivemq-controller-125] INFO  c.h.p.o.HiveMQPlatformReconciler - [helmmoni] Reconciling HiveMQ Platform 'test-hivemq-platform' in namespace 'helmmonitoringplatformit'
2025-01-29 14:01:31,679 INFO c.h.h.t.HelmChartContainer - [hivemq-test-hivemq-platform] [hivemq-platform-operator] [4223238d] 14:01:31.678 [ReconcilerExecutor-hivemq-controller-125] DEBUG c.h.p.o.HiveMQPlatformReconciler - [helmmoni] Custom Resource Status RUNNING - HiveMQ Platform is ready (READY)
2025-01-29 14:01:31,680 INFO c.h.h.t.HelmChartContainer - [hivemq-test-hivemq-platform] [hivemq-platform-operator] [4223238d] 14:01:31.678 [ReconcilerExecutor-hivemq-controller-125] DEBUG c.h.p.o.HiveMQPlatformReconciler - [helmmoni] Custom Resource Spec (replicas: 2) (extensions: 1)
2025-01-29 14:01:31,681 INFO c.h.h.t.HelmChartContainer - [hivemq-test-hivemq-platform] [hivemq-platform-operator] [4223238d] 14:01:31.679 [ReconcilerExecutor-hivemq-controller-125] DEBUG c.h.p.o.HiveMQPlatformReconciler - [helmmoni] StatefulSet Status (revision: test-hivemq-platform-64db946475, replicas: 2, available: 2, ready: 2, current: 2, updated: 2)
2025-01-29 14:01:31,681 INFO c.h.h.t.HelmChartContainer - [hivemq-test-hivemq-platform] [hivemq-platform-operator] [4223238d] 14:01:31.680 [ReconcilerExecutor-hivemq-controller-125] DEBUG c.h.p.o.HiveMQPlatformReconciler - [helmmoni] StatefulSet Spec (replicas: 2, init containers: 1, containers: 1, volumes: 3)
2025-01-29 14:01:31,682 INFO c.h.h.t.HelmChartContainer - [hivemq-test-hivemq-platform] [hivemq-platform-operator] [4223238d] 14:01:31.681 [ReconcilerExecutor-hivemq-controller-125] DEBUG c.h.p.o.h.HiveMQPlatformReconcilerErrorHandler - [helmmoni] Pod 'test-hivemq-platform-1' phase Running
2025-01-29 14:01:31,684 INFO c.h.h.t.HelmChartContainer - [hivemq-test-hivemq-platform] [hivemq-platform-operator] [4223238d] 14:01:31.683 [ReconcilerExecutor-hivemq-controller-125] DEBUG c.h.p.o.h.HiveMQPlatformReconcilerErrorHandler - [helmmoni] Pod 'test-hivemq-platform-0' phase Running
2025-01-29 14:01:33,246 INFO c.h.h.t.HelmChartContainer - Namespace 'monitoring' deleted
2025-01-29 14:01:33,246 INFO c.h.h.t.HelmChartContainer - Release 'monitoring-stack' in namespace 'monitoring' is uninstalled
2025-01-29 14:01:33,246 INFO c.h.h.t.HelmChartContainer - Uninstalling release 'test-hivemq-platform' in namespace 'helmmonitoringplatformit'...
2025-01-29 14:01:33,247 DEBUG c.h.h.t.HelmChartContainer - Executing helm command: /bin/helm --kubeconfig /etc/rancher/k3s/k3s.yaml uninstall test-hivemq-platform  --wait --timeout 5m0s --cascade foreground --namespace helmmonitoringplatformit
2025-01-29 14:01:33,546 INFO c.h.h.t.HelmChartContainer - [hivemq-test-hivemq-platform] [hivemq-platform-operator] [4223238d] 14:01:33.525 [pool-6-thread-28] DEBUG c.h.p.o.d.PlatformServiceResource - [helmmoni] Desired Platform services (3 services)
2025-01-29 14:01:33,546 INFO c.h.h.t.HelmChartContainer - [hivemq-test-hivemq-platform] [hivemq-platform-operator] [4223238d] 14:01:33.525 [pool-6-thread-30] DEBUG c.h.p.o.dependants.PodInfoConfigMap - [helmmoni] Desired PodInfo ConfigMap (1 extensions) (1 enabled)
2025-01-29 14:01:33,546 INFO c.h.h.t.HelmChartContainer - [hivemq-test-hivemq-platform] [hivemq-platform-operator] [4223238d] 14:01:33.525 [pool-6-thread-30] DEBUG c.h.p.o.dependants.PodInfoConfigMap - [helmmoni] Desired PodInfo ConfigMap (metrics port: 9399) (metrics path: /)
2025-01-29 14:01:33,546 INFO c.h.h.t.HelmChartContainer - [hivemq-test-hivemq-platform] [hivemq-platform-operator] [4223238d] 14:01:33.525 [pool-6-thread-30] DEBUG c.h.p.o.dependants.PodInfoConfigMap - [helmmoni] Desired PodInfo ConfigMap (extension state hash: -1817474005)
2025-01-29 14:01:33,546 INFO c.h.h.t.HelmChartContainer - [hivemq-test-hivemq-platform] [hivemq-platform-operator] [4223238d] 14:01:33.526 [pool-6-thread-30] DEBUG c.h.p.o.d.PodServiceAccountResource - [helmmoni] Desired PodServiceAccountResource (serviceAccountName: hivemq-platform-pod-test-hivemq-platform)
2025-01-29 14:01:33,546 INFO c.h.h.t.HelmChartContainer - [hivemq-test-hivemq-platform] [hivemq-platform-operator] [4223238d] 14:01:33.529 [pool-6-thread-28] DEBUG c.h.p.o.d.StatefulSetResource - [helmmoni] Desired StatefulSet (2 replicas) for status RUNNING (READY)
2025-01-29 14:01:33,546 INFO c.h.h.t.HelmChartContainer - [hivemq-test-hivemq-platform] [hivemq-platform-operator] [4223238d] 14:01:33.532 [ReconcilerExecutor-hivemq-controller-126] INFO  c.h.p.o.HiveMQPlatformReconciler - [helmmoni] Reconciling HiveMQ Platform 'test-hivemq-platform' in namespace 'helmmonitoringplatformit'
2025-01-29 14:01:33,546 INFO c.h.h.t.HelmChartContainer - [hivemq-test-hivemq-platform] [hivemq-platform-operator] [4223238d] 14:01:33.532 [ReconcilerExecutor-hivemq-controller-126] DEBUG c.h.p.o.HiveMQPlatformReconciler - [helmmoni] Custom Resource Status RUNNING - HiveMQ Platform is ready (READY)
2025-01-29 14:01:33,546 INFO c.h.h.t.HelmChartContainer - [hivemq-test-hivemq-platform] [hivemq-platform-operator] [4223238d] 14:01:33.532 [ReconcilerExecutor-hivemq-controller-126] DEBUG c.h.p.o.HiveMQPlatformReconciler - [helmmoni] Custom Resource Spec (replicas: 2) (extensions: 1)
2025-01-29 14:01:33,546 INFO c.h.h.t.HelmChartContainer - [hivemq-test-hivemq-platform] [hivemq-platform-operator] [4223238d] 14:01:33.536 [ReconcilerExecutor-hivemq-controller-126] DEBUG c.h.p.o.HiveMQPlatformReconciler - [helmmoni] StatefulSet Status (revision: test-hivemq-platform-64db946475, replicas: 2, available: 2, ready: 2, current: 2, updated: 2)
2025-01-29 14:01:33,546 INFO c.h.h.t.HelmChartContainer - [hivemq-test-hivemq-platform] [hivemq-platform-operator] [4223238d] 14:01:33.536 [ReconcilerExecutor-hivemq-controller-126] DEBUG c.h.p.o.HiveMQPlatformReconciler - [helmmoni] StatefulSet Spec (replicas: 2, init containers: 1, containers: 1, volumes: 3)
2025-01-29 14:01:33,546 INFO c.h.h.t.HelmChartContainer - [hivemq-test-hivemq-platform] [hivemq-platform-operator] [4223238d] 14:01:33.537 [ReconcilerExecutor-hivemq-controller-126] DEBUG c.h.p.o.h.HiveMQPlatformReconcilerErrorHandler - [helmmoni] Pod 'test-hivemq-platform-1' phase Running
2025-01-29 14:01:33,546 INFO c.h.h.t.HelmChartContainer - [hivemq-test-hivemq-platform] [hivemq-platform-operator] [4223238d] 14:01:33.539 [ReconcilerExecutor-hivemq-controller-126] DEBUG c.h.p.o.h.HiveMQPlatformReconcilerErrorHandler - [helmmoni] Pod 'test-hivemq-platform-0' phase Running
2025-01-29 14:01:33,557 INFO c.h.h.t.HelmChartContainer - [hivemq-test-hivemq-platform] [hivemq-platform-operator] [4223238d] 14:01:33.545 [ReconcilerExecutor-hivemq-controller-127] INFO  c.h.p.o.HiveMQPlatformReconciler - [helmmoni] Cleanup test-hivemq-platform - helmmonitoringplatformit HiveMQ Platform is shut down
2025-01-29 14:01:34,078 INFO c.h.h.t.HelmChartContainer - [test-hivemq-platform] [hivemq] [366c4d1e] WARN  - [HiveMQ Platform Operator Init App 1.7.0-SNAPSHOT] Could not update Pod annotations: Failure executing: GET at: https://10.43.0.1:443/api/v1/namespaces/helmmonitoringplatformit/pods/test-hivemq-platform-0. Message: pods "test-hivemq-platform-0" is forbidden: User "system:serviceaccount:helmmonitoringplatformit:hivemq-platform-pod-test-hivemq-platform" cannot get resource "pods" in API group "" in the namespace "helmmonitoringplatformit". Received status: Status(apiVersion=v1, code=403, details=StatusDetails(causes=[], group=null, kind=pods, name=test-hivemq-platform-0, retryAfterSeconds=null, uid=null, additionalProperties={}), kind=Status, message=pods "test-hivemq-platform-0" is forbidden: User "system:serviceaccount:helmmonitoringplatformit:hivemq-platform-pod-test-hivemq-platform" cannot get resource "pods" in API group "" in the namespace "helmmonitoringplatformit", metadata=ListMeta(_continue=null, remainingItemCount=null, resourceVersion=null, selfLink=null, additionalProperties={}), reason=Forbidden, status=Failure, additionalProperties={}).
2025-01-29 14:01:34,406 INFO c.h.h.t.HelmChartContainer - [POD] test-hivemq-platform-0 [366c4d1e-e289-4ff2-92de-3f80c30392f9] in helmmonitoringplatformit was MODIFIED
2025-01-29 14:01:34,409 INFO c.h.h.t.HelmChartContainer - [EVENT] Normal [Killing] Stopping container hivemq [helmmonitoringplatformit:test-hivemq-platform-0]
2025-01-29 14:01:34,409 INFO c.h.h.t.HelmChartContainer - Received Killing event for container hivemq in pod test-hivemq-platform-0 [366c4d1e-e289-4ff2-92de-3f80c30392f9]
2025-01-29 14:01:34,409 INFO c.h.h.t.HelmChartContainer - Container [test-hivemq-platform-0] [hivemq] [366c4d1e-e289-4ff2-92de-3f80c30392f9] was terminated
2025-01-29 14:01:34,409 INFO c.h.h.t.HelmChartContainer - Stopped log watcher for hivemq in pod test-hivemq-platform-0 [366c4d1e-e289-4ff2-92de-3f80c30392f9]
2025-01-29 14:01:34,416 INFO c.h.h.t.HelmChartContainer - [test-hivemq-platform] [hivemq] [366c4d1e] INFO  - [HiveMQ Platform Operator Init App 1.7.0-SNAPSHOT] Shutting down
2025-01-29 14:01:34,416 INFO c.h.h.t.HelmChartContainer - [test-hivemq-platform] [hivemq] [366c4d1e] INFO  - [HiveMQ Platform Operator Init App 1.7.0-SNAPSHOT] Stopping the HiveMQ Platform
2025-01-29 14:01:34,440 INFO c.h.h.t.HelmChartContainer - [POD] test-hivemq-platform-1 [e2fffa4d-66fb-40fb-871c-3237e777fecf] in helmmonitoringplatformit was MODIFIED
2025-01-29 14:01:34,443 INFO c.h.h.t.HelmChartContainer - [EVENT] Normal [Killing] Stopping container hivemq [helmmonitoringplatformit:test-hivemq-platform-1]
2025-01-29 14:01:34,443 INFO c.h.h.t.HelmChartContainer - Received Killing event for container hivemq in pod test-hivemq-platform-1 [e2fffa4d-66fb-40fb-871c-3237e777fecf]
2025-01-29 14:01:34,443 INFO c.h.h.t.HelmChartContainer - Container [test-hivemq-platform-1] [hivemq] [e2fffa4d-66fb-40fb-871c-3237e777fecf] was terminated
2025-01-29 14:01:34,443 INFO c.h.h.t.HelmChartContainer - Stopped log watcher for hivemq in pod test-hivemq-platform-1 [e2fffa4d-66fb-40fb-871c-3237e777fecf]
2025-01-29 14:01:34,453 INFO c.h.h.t.HelmChartContainer - [test-hivemq-platform] [hivemq] [e2fffa4d] INFO  - [HiveMQ Platform Operator Init App 1.7.0-SNAPSHOT] Shutting down
2025-01-29 14:01:34,455 INFO c.h.h.t.HelmChartContainer - [test-hivemq-platform] [hivemq] [e2fffa4d] INFO  - [HiveMQ Platform Operator Init App 1.7.0-SNAPSHOT] Stopping the HiveMQ Platform
2025-01-29 14:01:34,462 INFO c.h.h.t.HelmChartContainer - [K3S] [endpointslice_controller.go:344] "Error syncing endpoint slices for service, retrying" key="helmmonitoringplatformit/hivemq-test-hivemq-platform-mqtt-1883" err="failed to update hivemq-test-hivemq-platform-mqtt-1883-v8956 EndpointSlice for Service helmmonitoringplatformit/hivemq-test-hivemq-platform-mqtt-1883: Operation cannot be fulfilled on endpointslices.discovery.k8s.io \"hivemq-test-hivemq-platform-mqtt-1883-v8956\": StorageError: invalid object, Code: 4, Key: /registry/endpointslices/helmmonitoringplatformit/hivemq-test-hivemq-platform-mqtt-1883-v8956, ResourceVersion: 0, AdditionalErrorMsg: Precondition failed: UID in precondition: abf1f0a1-97b5-4961-84a0-35757848566a, UID in object meta: "
2025-01-29 14:01:34,462 INFO c.h.h.t.HelmChartContainer - [K3S] [event.go:377] Event(v1.ObjectReference{Kind:"Service", Namespace:"helmmonitoringplatformit", Name:"hivemq-test-hivemq-platform-mqtt-1883", UID:"ef8a3a90-458c-47f8-963e-81ec8e7337b0", APIVersion:"v1", ResourceVersion:"2122", FieldPath:""}): type: 'Warning' reason: 'FailedToUpdateEndpointSlices' Error updating Endpoint Slices for Service helmmonitoringplatformit/hivemq-test-hivemq-platform-mqtt-1883: failed to update hivemq-test-hivemq-platform-mqtt-1883-v8956 EndpointSlice for Service helmmonitoringplatformit/hivemq-test-hivemq-platform-mqtt-1883: Operation cannot be fulfilled on endpointslices.discovery.k8s.io "hivemq-test-hivemq-platform-mqtt-1883-v8956": StorageError: invalid object, Code: 4, Key: /registry/endpointslices/helmmonitoringplatformit/hivemq-test-hivemq-platform-mqtt-1883-v8956, ResourceVersion: 0, AdditionalErrorMsg: Precondition failed: UID in precondition: abf1f0a1-97b5-4961-84a0-35757848566a, UID in object meta: 
2025-01-29 14:01:34,467 INFO c.h.h.t.HelmChartContainer - [EVENT] Warning [FailedToUpdateEndpointSlices] Error updating Endpoint Slices for Service helmmonitoringplatformit/hivemq-test-hivemq-platform-mqtt-1883: failed to update hivemq-test-hivemq-platform-mqtt-1883-v8956 EndpointSlice for Service helmmonitoringplatformit/hivemq-test-hivemq-platform-mqtt-1883: Operation cannot be fulfilled on endpointslices.discovery.k8s.io "hivemq-test-hivemq-platform-mqtt-1883-v8956": StorageError: invalid object, Code: 4, Key: /registry/endpointslices/helmmonitoringplatformit/hivemq-test-hivemq-platform-mqtt-1883-v8956, ResourceVersion: 0, AdditionalErrorMsg: Precondition failed: UID in precondition: abf1f0a1-97b5-4961-84a0-35757848566a, UID in object meta:  [helmmonitoringplatformit:hivemq-test-hivemq-platform-mqtt-1883]
2025-01-29 14:01:34,621 INFO c.h.h.t.HelmChartContainer - [test-hivemq-platform] [hivemq] [366c4d1e] INFO  - Shutting down HiveMQ. Please wait, this could take a while...
2025-01-29 14:01:34,625 INFO c.h.h.t.HelmChartContainer - [test-hivemq-platform] [hivemq] [e2fffa4d] INFO  - Shutting down HiveMQ. Please wait, this could take a while...
2025-01-29 14:01:34,625 INFO c.h.h.t.HelmChartContainer - [test-hivemq-platform] [hivemq] [366c4d1e] INFO  - Shutting down listeners and clients
2025-01-29 14:01:34,627 INFO c.h.h.t.HelmChartContainer - [test-hivemq-platform] [hivemq] [366c4d1e] INFO  - Shutdown of listeners is done
2025-01-29 14:01:34,627 INFO c.h.h.t.HelmChartContainer - [test-hivemq-platform] [hivemq] [366c4d1e] INFO  - No clients are connected, proceeding with shutdown
2025-01-29 14:01:34,631 INFO c.h.h.t.HelmChartContainer - [test-hivemq-platform] [hivemq] [e2fffa4d] INFO  - Shutting down listeners and clients
2025-01-29 14:01:34,632 INFO c.h.h.t.HelmChartContainer - [test-hivemq-platform] [hivemq] [e2fffa4d] INFO  - Shutdown of listeners is done
2025-01-29 14:01:34,633 INFO c.h.h.t.HelmChartContainer - [test-hivemq-platform] [hivemq] [e2fffa4d] INFO  - No clients are connected, proceeding with shutdown
2025-01-29 14:01:35,606 INFO c.h.h.t.HelmChartContainer - Deleting namespace 'helmmonitoringplatformit'...
2025-01-29 14:01:36,330 INFO c.h.h.t.HelmChartContainer - [test-hivemq-platform] [hivemq] [e2fffa4d] INFO  - [HiveMQ Platform Operator Init App 1.7.0-SNAPSHOT] Returning shutdown Health API response 503 for readiness
2025-01-29 14:01:36,334 INFO c.h.h.t.HelmChartContainer - [EVENT] Warning [Unhealthy] Readiness probe failed: HTTP probe failed with statuscode: 503 [helmmonitoringplatformit:test-hivemq-platform-1]
2025-01-29 14:01:36,334 INFO c.h.h.t.HelmChartContainer - Received Unhealthy event for container hivemq in pod test-hivemq-platform-1 [e2fffa4d-66fb-40fb-871c-3237e777fecf]
2025-01-29 14:01:36,969 INFO c.h.h.t.HelmChartContainer - [test-hivemq-platform] [hivemq] [e2fffa4d] WARN  - [HiveMQ Platform Operator Init App 1.7.0-SNAPSHOT] Could not update Pod annotations: Failure executing: GET at: https://10.43.0.1:443/api/v1/namespaces/helmmonitoringplatformit/pods/test-hivemq-platform-1. Message: pods "test-hivemq-platform-1" is forbidden: User "system:serviceaccount:helmmonitoringplatformit:hivemq-platform-pod-test-hivemq-platform" cannot get resource "pods" in API group "" in the namespace "helmmonitoringplatformit". Received status: Status(apiVersion=v1, code=403, details=StatusDetails(causes=[], group=null, kind=pods, name=test-hivemq-platform-1, retryAfterSeconds=null, uid=null, additionalProperties={}), kind=Status, message=pods "test-hivemq-platform-1" is forbidden: User "system:serviceaccount:helmmonitoringplatformit:hivemq-platform-pod-test-hivemq-platform" cannot get resource "pods" in API group "" in the namespace "helmmonitoringplatformit", metadata=ListMeta(_continue=null, remainingItemCount=null, resourceVersion=null, selfLink=null, additionalProperties={}), reason=Forbidden, status=Failure, additionalProperties={}).
2025-01-29 14:01:37,322 INFO c.h.h.t.HelmChartContainer - [test-hivemq-platform] [hivemq] [e2fffa4d] INFO  - Shutting down extension system
2025-01-29 14:01:37,325 INFO c.h.h.t.HelmChartContainer - [test-hivemq-platform] [hivemq] [e2fffa4d] INFO  - Stopping extension with id hivemq-dns-cluster-discovery
2025-01-29 14:01:37,326 INFO c.h.h.t.HelmChartContainer - [test-hivemq-platform] [hivemq] [e2fffa4d] INFO  - Extension "DNS Cluster Discovery Extension" version 4.3.2 stopped successfully.
2025-01-29 14:01:37,327 INFO c.h.h.t.HelmChartContainer - [test-hivemq-platform] [hivemq] [e2fffa4d] INFO  - Stopping extension with id hivemq-prometheus-extension
2025-01-29 14:01:37,331 INFO c.h.h.t.HelmChartContainer - [test-hivemq-platform] [hivemq] [e2fffa4d] INFO  - Extension "Prometheus Monitoring Extension" version 4.0.12 stopped successfully.
2025-01-29 14:01:37,331 INFO c.h.h.t.HelmChartContainer - [test-hivemq-platform] [hivemq] [e2fffa4d] INFO  - Stopping extension with id hivemq-allow-all-extension
2025-01-29 14:01:37,332 INFO c.h.h.t.HelmChartContainer - [test-hivemq-platform] [hivemq] [e2fffa4d] INFO  - Extension "Allow All Extension" version 1.1.1 stopped successfully.
2025-01-29 14:01:37,334 INFO c.h.h.t.HelmChartContainer - [test-hivemq-platform] [hivemq] [366c4d1e] INFO  - Cluster nodes found by discovery: [1rzsG|2] (1) [1rzsG].
2025-01-29 14:01:37,344 INFO c.h.h.t.HelmChartContainer - [test-hivemq-platform] [hivemq] [366c4d1e] INFO  - Cluster size = 1, members : [1rzsG].
2025-01-29 14:01:38,130 INFO c.h.h.t.HelmChartContainer - [test-hivemq-platform] [hivemq] [366c4d1e] INFO  - Shutting down extension system
2025-01-29 14:01:38,132 INFO c.h.h.t.HelmChartContainer - [test-hivemq-platform] [hivemq] [366c4d1e] INFO  - Stopping extension with id hivemq-dns-cluster-discovery
2025-01-29 14:01:38,132 INFO c.h.h.t.HelmChartContainer - [test-hivemq-platform] [hivemq] [366c4d1e] INFO  - Extension "DNS Cluster Discovery Extension" version 4.3.2 stopped successfully.
2025-01-29 14:01:38,133 INFO c.h.h.t.HelmChartContainer - [test-hivemq-platform] [hivemq] [366c4d1e] INFO  - Stopping extension with id hivemq-prometheus-extension
2025-01-29 14:01:38,136 INFO c.h.h.t.HelmChartContainer - [test-hivemq-platform] [hivemq] [366c4d1e] INFO  - Extension "Prometheus Monitoring Extension" version 4.0.12 stopped successfully.
2025-01-29 14:01:38,137 INFO c.h.h.t.HelmChartContainer - [test-hivemq-platform] [hivemq] [366c4d1e] INFO  - Stopping extension with id hivemq-allow-all-extension
2025-01-29 14:01:38,137 INFO c.h.h.t.HelmChartContainer - [test-hivemq-platform] [hivemq] [366c4d1e] INFO  - Extension "Allow All Extension" version 1.1.1 stopped successfully.
2025-01-29 14:01:38,238 INFO c.h.h.t.HelmChartContainer - [K3S] [namespace_controller.go:187] "Namespace has been deleted" namespace="monitoring"
2025-01-29 14:01:38,532 INFO c.h.h.t.HelmChartContainer - [test-hivemq-platform] [hivemq] [366c4d1e] INFO  - [HiveMQ Platform Operator Init App 1.7.0-SNAPSHOT] Returning shutdown Health API response 503 for readiness
2025-01-29 14:01:38,536 INFO c.h.h.t.HelmChartContainer - [EVENT] Warning [Unhealthy] Readiness probe failed: HTTP probe failed with statuscode: 503 [helmmonitoringplatformit:test-hivemq-platform-0]
2025-01-29 14:01:38,536 INFO c.h.h.t.HelmChartContainer - Received Unhealthy event for container hivemq in pod test-hivemq-platform-0 [366c4d1e-e289-4ff2-92de-3f80c30392f9]
2025-01-29 14:01:39,082 INFO c.h.h.t.HelmChartContainer - [K3S] [authentication.go:74] "Unable to authenticate the request" err="[invalid bearer token, serviceaccounts \"hivemq-platform-pod-test-hivemq-platform\" not found]"
2025-01-29 14:01:39,098 INFO c.h.h.t.HelmChartContainer - [K3S] [authentication.go:74] "Unable to authenticate the request" err="[invalid bearer token, serviceaccounts \"hivemq-platform-pod-test-hivemq-platform\" not found]"
2025-01-29 14:01:39,100 INFO c.h.h.t.HelmChartContainer - [test-hivemq-platform] [hivemq] [366c4d1e] WARN  - [HiveMQ Platform Operator Init App 1.7.0-SNAPSHOT] Could not update Pod annotations: Failure executing: GET at: https://10.43.0.1:443/api/v1/namespaces/helmmonitoringplatformit/pods/test-hivemq-platform-0. Message: Unauthorized. Received status: Status(apiVersion=v1, code=401, details=null, kind=Status, message=Unauthorized, metadata=ListMeta(_continue=null, remainingItemCount=null, resourceVersion=null, selfLink=null, additionalProperties={}), reason=Unauthorized, status=Failure, additionalProperties={}).
2025-01-29 14:01:39,712 INFO c.h.h.t.HelmChartContainer - [test-hivemq-platform] [hivemq] [e2fffa4d] INFO  - Shutdown completed.
2025-01-29 14:01:40,065 INFO c.h.h.t.HelmChartContainer - [test-hivemq-platform] [hivemq] [e2fffa4d] INFO  - [HiveMQ Platform Operator Init App 1.7.0-SNAPSHOT] The HiveMQ Platform exited with code 143
2025-01-29 14:01:40,065 INFO c.h.h.t.HelmChartContainer - [test-hivemq-platform] [hivemq] [e2fffa4d] INFO  - [HiveMQ Platform Operator Init App 1.7.0-SNAPSHOT] Stopping the REST API
2025-01-29 14:01:40,114 INFO c.h.h.t.HelmChartContainer - [test-hivemq-platform] [hivemq] [e2fffa4d] INFO  - [HiveMQ Platform Operator Init App 1.7.0-SNAPSHOT] Shutdown complete
2025-01-29 14:01:40,492 INFO c.h.h.t.HelmChartContainer - [test-hivemq-platform] [hivemq] [366c4d1e] INFO  - Shutdown completed.
2025-01-29 14:01:40,570 INFO c.h.h.t.HelmChartContainer - [POD] test-hivemq-platform-1 [e2fffa4d-66fb-40fb-871c-3237e777fecf] in helmmonitoringplatformit was MODIFIED
2025-01-29 14:01:40,571 INFO c.h.h.t.HelmChartContainer - [K3S] [stateful_set.go:438] "Unhandled Error" err="error syncing StatefulSet helmmonitoringplatformit/test-hivemq-platform, requeuing: controllerrevisions.apps \"test-hivemq-platform-64db946475\" is forbidden: unable to create new content in namespace helmmonitoringplatformit because it is being terminated"
2025-01-29 14:01:40,578 INFO c.h.h.t.HelmChartContainer - [K3S] [stateful_set.go:438] "Unhandled Error" err="error syncing StatefulSet helmmonitoringplatformit/test-hivemq-platform, requeuing: controllerrevisions.apps \"test-hivemq-platform-64db946475\" is forbidden: unable to create new content in namespace helmmonitoringplatformit because it is being terminated"
2025-01-29 14:01:40,591 INFO c.h.h.t.HelmChartContainer - [K3S] [stateful_set.go:438] "Unhandled Error" err="error syncing StatefulSet helmmonitoringplatformit/test-hivemq-platform, requeuing: controllerrevisions.apps \"test-hivemq-platform-64db946475\" is forbidden: unable to create new content in namespace helmmonitoringplatformit because it is being terminated"
2025-01-29 14:01:40,615 INFO c.h.h.t.HelmChartContainer - [K3S] [stateful_set.go:438] "Unhandled Error" err="error syncing StatefulSet helmmonitoringplatformit/test-hivemq-platform, requeuing: controllerrevisions.apps \"test-hivemq-platform-64db946475\" is forbidden: unable to create new content in namespace helmmonitoringplatformit because it is being terminated"
2025-01-29 14:01:40,622 INFO c.h.h.t.HelmChartContainer - [K3S] [stateful_set.go:466] "StatefulSet has been deleted" key="helmmonitoringplatformit/test-hivemq-platform"
2025-01-29 14:01:40,656 INFO c.h.h.t.HelmChartContainer - [K3S] [stateful_set.go:466] "StatefulSet has been deleted" key="helmmonitoringplatformit/test-hivemq-platform"
2025-01-29 14:01:40,677 INFO c.h.h.t.HelmChartContainer - [K3S] [reconciler_common.go:162] "operationExecutor.UnmountVolume started for volume \"kube-api-access-zkdht\" (UniqueName: \"kubernetes.io/projected/e2fffa4d-66fb-40fb-871c-3237e777fecf-kube-api-access-zkdht\") pod \"e2fffa4d-66fb-40fb-871c-3237e777fecf\" (UID: \"e2fffa4d-66fb-40fb-871c-3237e777fecf\") "
2025-01-29 14:01:40,678 INFO c.h.h.t.HelmChartContainer - [K3S] [reconciler_common.go:162] "operationExecutor.UnmountVolume started for volume \"broker-configuration\" (UniqueName: \"kubernetes.io/configmap/e2fffa4d-66fb-40fb-871c-3237e777fecf-broker-configuration\") pod \"e2fffa4d-66fb-40fb-871c-3237e777fecf\" (UID: \"e2fffa4d-66fb-40fb-871c-3237e777fecf\") "
2025-01-29 14:01:40,678 INFO c.h.h.t.HelmChartContainer - [K3S] [reconciler_common.go:162] "operationExecutor.UnmountVolume started for volume \"pod-info\" (UniqueName: \"kubernetes.io/configmap/e2fffa4d-66fb-40fb-871c-3237e777fecf-pod-info\") pod \"e2fffa4d-66fb-40fb-871c-3237e777fecf\" (UID: \"e2fffa4d-66fb-40fb-871c-3237e777fecf\") "
2025-01-29 14:01:40,678 INFO c.h.h.t.HelmChartContainer - [K3S] [reconciler_common.go:162] "operationExecutor.UnmountVolume started for volume \"operator-init\" (UniqueName: \"kubernetes.io/empty-dir/e2fffa4d-66fb-40fb-871c-3237e777fecf-operator-init\") pod \"e2fffa4d-66fb-40fb-871c-3237e777fecf\" (UID: \"e2fffa4d-66fb-40fb-871c-3237e777fecf\") "
2025-01-29 14:01:40,778 INFO c.h.h.t.HelmChartContainer - [K3S] [reconciler_common.go:299] "Volume detached for volume \"kube-api-access-zkdht\" (UniqueName: \"kubernetes.io/projected/e2fffa4d-66fb-40fb-871c-3237e777fecf-kube-api-access-zkdht\") on node \"5da5100ee944\" DevicePath \"\""
2025-01-29 14:01:40,778 INFO c.h.h.t.HelmChartContainer - [K3S] [reconciler_common.go:299] "Volume detached for volume \"broker-configuration\" (UniqueName: \"kubernetes.io/configmap/e2fffa4d-66fb-40fb-871c-3237e777fecf-broker-configuration\") on node \"5da5100ee944\" DevicePath \"\""
2025-01-29 14:01:40,778 INFO c.h.h.t.HelmChartContainer - [K3S] [reconciler_common.go:299] "Volume detached for volume \"pod-info\" (UniqueName: \"kubernetes.io/configmap/e2fffa4d-66fb-40fb-871c-3237e777fecf-pod-info\") on node \"5da5100ee944\" DevicePath \"\""
2025-01-29 14:01:40,778 INFO c.h.h.t.HelmChartContainer - [K3S] [reconciler_common.go:299] "Volume detached for volume \"operator-init\" (UniqueName: \"kubernetes.io/empty-dir/e2fffa4d-66fb-40fb-871c-3237e777fecf-operator-init\") on node \"5da5100ee944\" DevicePath \"\""
2025-01-29 14:01:40,844 INFO c.h.h.t.HelmChartContainer - [test-hivemq-platform] [hivemq] [366c4d1e] INFO  - [HiveMQ Platform Operator Init App 1.7.0-SNAPSHOT] The HiveMQ Platform exited with code 143
2025-01-29 14:01:40,844 INFO c.h.h.t.HelmChartContainer - [test-hivemq-platform] [hivemq] [366c4d1e] INFO  - [HiveMQ Platform Operator Init App 1.7.0-SNAPSHOT] Stopping the REST API
2025-01-29 14:01:40,896 INFO c.h.h.t.HelmChartContainer - [test-hivemq-platform] [hivemq] [366c4d1e] INFO  - [HiveMQ Platform Operator Init App 1.7.0-SNAPSHOT] Shutdown complete
2025-01-29 14:01:40,983 INFO c.h.h.t.HelmChartContainer - [K3S] [scope.go:117] "RemoveContainer" containerID="6c0d35a1dcbbe9d8609d2d05374bf8a26112b5ad8fb60b857a50ccc49925bbdc"
2025-01-29 14:01:41,004 INFO c.h.h.t.HelmChartContainer - [POD] test-hivemq-platform-1 [e2fffa4d-66fb-40fb-871c-3237e777fecf] in helmmonitoringplatformit was MODIFIED
2025-01-29 14:01:41,008 INFO c.h.h.t.HelmChartContainer - [POD] test-hivemq-platform-1 [e2fffa4d-66fb-40fb-871c-3237e777fecf] in helmmonitoringplatformit was DELETED
2025-01-29 14:01:41,109 INFO c.h.h.t.HelmChartContainer - [K3S] [scope.go:117] "RemoveContainer" containerID="f5c7c3ff80efaaa8c91aa46aa3fb1ac2c0098642fe9abab241ad8592066e01a2"
2025-01-29 14:01:41,112 INFO c.h.h.t.HelmChartContainer - [K3S] [scope.go:117] "RemoveContainer" containerID="6c0d35a1dcbbe9d8609d2d05374bf8a26112b5ad8fb60b857a50ccc49925bbdc"
2025-01-29 14:01:41,112 INFO c.h.h.t.HelmChartContainer - [K3S] [scope.go:117] "RemoveContainer" containerID="f5c7c3ff80efaaa8c91aa46aa3fb1ac2c0098642fe9abab241ad8592066e01a2"
2025-01-29 14:01:41,227 INFO c.h.h.t.HelmChartContainer - [K3S] [kubelet_volumes.go:163] "Cleaned up orphaned pod volumes dir" podUID="e2fffa4d-66fb-40fb-871c-3237e777fecf" path="/var/lib/kubelet/pods/e2fffa4d-66fb-40fb-871c-3237e777fecf/volumes"
2025-01-29 14:01:41,353 INFO c.h.h.t.HelmChartContainer - [POD] test-hivemq-platform-0 [366c4d1e-e289-4ff2-92de-3f80c30392f9] in helmmonitoringplatformit was MODIFIED
2025-01-29 14:01:41,381 INFO c.h.h.t.HelmChartContainer - [K3S] [reconciler_common.go:162] "operationExecutor.UnmountVolume started for volume \"operator-init\" (UniqueName: \"kubernetes.io/empty-dir/366c4d1e-e289-4ff2-92de-3f80c30392f9-operator-init\") pod \"366c4d1e-e289-4ff2-92de-3f80c30392f9\" (UID: \"366c4d1e-e289-4ff2-92de-3f80c30392f9\") "
2025-01-29 14:01:41,381 INFO c.h.h.t.HelmChartContainer - [K3S] [reconciler_common.go:162] "operationExecutor.UnmountVolume started for volume \"kube-api-access-j7qj7\" (UniqueName: \"kubernetes.io/projected/366c4d1e-e289-4ff2-92de-3f80c30392f9-kube-api-access-j7qj7\") pod \"366c4d1e-e289-4ff2-92de-3f80c30392f9\" (UID: \"366c4d1e-e289-4ff2-92de-3f80c30392f9\") "
2025-01-29 14:01:41,382 INFO c.h.h.t.HelmChartContainer - [K3S] [reconciler_common.go:162] "operationExecutor.UnmountVolume started for volume \"pod-info\" (UniqueName: \"kubernetes.io/configmap/366c4d1e-e289-4ff2-92de-3f80c30392f9-pod-info\") pod \"366c4d1e-e289-4ff2-92de-3f80c30392f9\" (UID: \"366c4d1e-e289-4ff2-92de-3f80c30392f9\") "
2025-01-29 14:01:41,382 INFO c.h.h.t.HelmChartContainer - [K3S] [reconciler_common.go:162] "operationExecutor.UnmountVolume started for volume \"broker-configuration\" (UniqueName: \"kubernetes.io/configmap/366c4d1e-e289-4ff2-92de-3f80c30392f9-broker-configuration\") pod \"366c4d1e-e289-4ff2-92de-3f80c30392f9\" (UID: \"366c4d1e-e289-4ff2-92de-3f80c30392f9\") "
2025-01-29 14:01:41,481 INFO c.h.h.t.HelmChartContainer - [K3S] [reconciler_common.go:299] "Volume detached for volume \"operator-init\" (UniqueName: \"kubernetes.io/empty-dir/366c4d1e-e289-4ff2-92de-3f80c30392f9-operator-init\") on node \"5da5100ee944\" DevicePath \"\""
2025-01-29 14:01:41,481 INFO c.h.h.t.HelmChartContainer - [K3S] [reconciler_common.go:299] "Volume detached for volume \"kube-api-access-j7qj7\" (UniqueName: \"kubernetes.io/projected/366c4d1e-e289-4ff2-92de-3f80c30392f9-kube-api-access-j7qj7\") on node \"5da5100ee944\" DevicePath \"\""
2025-01-29 14:01:41,481 INFO c.h.h.t.HelmChartContainer - [K3S] [reconciler_common.go:299] "Volume detached for volume \"pod-info\" (UniqueName: \"kubernetes.io/configmap/366c4d1e-e289-4ff2-92de-3f80c30392f9-pod-info\") on node \"5da5100ee944\" DevicePath \"\""
2025-01-29 14:01:41,481 INFO c.h.h.t.HelmChartContainer - [K3S] [reconciler_common.go:299] "Volume detached for volume \"broker-configuration\" (UniqueName: \"kubernetes.io/configmap/366c4d1e-e289-4ff2-92de-3f80c30392f9-broker-configuration\") on node \"5da5100ee944\" DevicePath \"\""
2025-01-29 14:01:41,987 INFO c.h.h.t.HelmChartContainer - [K3S] [scope.go:117] "RemoveContainer" containerID="dfd25333936246439a43392ce459aa41f642b7675816c8a267f33a0c8324e5b8"
2025-01-29 14:01:42,001 INFO c.h.h.t.HelmChartContainer - [POD] test-hivemq-platform-0 [366c4d1e-e289-4ff2-92de-3f80c30392f9] in helmmonitoringplatformit was MODIFIED
2025-01-29 14:01:42,011 INFO c.h.h.t.HelmChartContainer - [POD] test-hivemq-platform-0 [366c4d1e-e289-4ff2-92de-3f80c30392f9] in helmmonitoringplatformit was DELETED
2025-01-29 14:01:42,098 INFO c.h.h.t.HelmChartContainer - [K3S] [scope.go:117] "RemoveContainer" containerID="c8d84faffd22c7912840b8755bd383c631638998ba282eaa7157226b799cac7f"
2025-01-29 14:01:42,100 INFO c.h.h.t.HelmChartContainer - [K3S] [scope.go:117] "RemoveContainer" containerID="dfd25333936246439a43392ce459aa41f642b7675816c8a267f33a0c8324e5b8"
2025-01-29 14:01:42,101 INFO c.h.h.t.HelmChartContainer - [K3S] [scope.go:117] "RemoveContainer" containerID="c8d84faffd22c7912840b8755bd383c631638998ba282eaa7157226b799cac7f"
2025-01-29 14:01:43,226 INFO c.h.h.t.HelmChartContainer - [K3S] [kubelet_volumes.go:163] "Cleaned up orphaned pod volumes dir" podUID="366c4d1e-e289-4ff2-92de-3f80c30392f9" path="/var/lib/kubelet/pods/366c4d1e-e289-4ff2-92de-3f80c30392f9/volumes"
2025-01-29 14:01:46,029 INFO c.h.h.t.HelmChartContainer - Namespace 'helmmonitoringplatformit' deleted
2025-01-29 14:01:46,029 INFO c.h.h.t.HelmChartContainer - Release 'test-hivemq-platform' in namespace 'helmmonitoringplatformit' is uninstalled
2025-01-29 14:01:46,029 INFO c.h.h.t.HelmChartContainer - Uninstalling release 'test-hivemq-platform-operator' in namespace 'helmmonitoringplatformit-operator'...
2025-01-29 14:01:46,029 DEBUG c.h.h.t.HelmChartContainer - Executing helm command: /bin/helm --kubeconfig /etc/rancher/k3s/k3s.yaml uninstall test-hivemq-platform-operator  --wait --timeout 5m0s --cascade foreground --namespace helmmonitoringplatformit-operator
2025-01-29 14:01:46,185 INFO c.h.h.t.HelmChartContainer - [K3S] [replica_set.go:679] "Finished syncing" kind="ReplicaSet" key="helmmonitoringplatformit-operator/hivemq-test-hivemq-platform-operator-6966f96d65" duration="7.686864ms"
2025-01-29 14:01:46,186 INFO c.h.h.t.HelmChartContainer - [K3S] [replica_set.go:679] "Finished syncing" kind="ReplicaSet" key="helmmonitoringplatformit-operator/hivemq-test-hivemq-platform-operator-6966f96d65" duration="32.129µs"
2025-01-29 14:01:46,200 INFO c.h.h.t.HelmChartContainer - [POD] hivemq-test-hivemq-platform-operator-6966f96d65-wkn4n [4223238d-4e50-4a7f-be86-a084a97b8e25] in helmmonitoringplatformit-operator was MODIFIED
2025-01-29 14:01:46,206 INFO c.h.h.t.HelmChartContainer - [EVENT] Normal [Killing] Stopping container hivemq-platform-operator [helmmonitoringplatformit-operator:hivemq-test-hivemq-platform-operator-6966f96d65-wkn4n]
2025-01-29 14:01:46,206 INFO c.h.h.t.HelmChartContainer - Received Killing event for container hivemq-platform-operator in pod hivemq-test-hivemq-platform-operator-6966f96d65-wkn4n [4223238d-4e50-4a7f-be86-a084a97b8e25]
2025-01-29 14:01:46,206 INFO c.h.h.t.HelmChartContainer - Container [hivemq-test-hivemq-platform-operator-6966f96d65-wkn4n] [hivemq-platform-operator] [4223238d-4e50-4a7f-be86-a084a97b8e25] was terminated
2025-01-29 14:01:46,206 INFO c.h.h.t.HelmChartContainer - Stopped log watcher for hivemq-platform-operator in pod hivemq-test-hivemq-platform-operator-6966f96d65-wkn4n [4223238d-4e50-4a7f-be86-a084a97b8e25]
2025-01-29 14:01:46,214 INFO c.h.h.t.HelmChartContainer - [hivemq-test-hivemq-platform] [hivemq-platform-operator] [4223238d] 14:01:46.212 [application-shutdown-thread] INFO  c.h.p.o.HiveMQPlatformOperatorApplication - HiveMQ Platform Operator is stopping...
2025-01-29 14:01:46,214 INFO c.h.h.t.HelmChartContainer - [hivemq-test-hivemq-platform] [hivemq-platform-operator] [4223238d] 14:01:46.212 [application-shutdown-thread] INFO  i.javaoperatorsdk.operator.Operator - Operator SDK 4.9.7 is shutting down...
2025-01-29 14:01:46,218 INFO c.h.h.t.HelmChartContainer - [K3S] [replica_set.go:679] "Finished syncing" kind="ReplicaSet" key="helmmonitoringplatformit-operator/hivemq-test-hivemq-platform-operator-6966f96d65" duration="17.983709ms"
2025-01-29 14:01:46,219 INFO c.h.h.t.HelmChartContainer - [K3S] [replica_set.go:679] "Finished syncing" kind="ReplicaSet" key="helmmonitoringplatformit-operator/hivemq-test-hivemq-platform-operator-6966f96d65" duration="41.137µs"
2025-01-29 14:01:46,734 INFO c.h.h.t.HelmChartContainer - [K3S] [replica_set.go:679] "Finished syncing" kind="ReplicaSet" key="helmmonitoringplatformit-operator/hivemq-test-hivemq-platform-operator-6966f96d65" duration="43.51µs"
2025-01-29 14:01:46,735 INFO c.h.h.t.HelmChartContainer - [POD] hivemq-test-hivemq-platform-operator-6966f96d65-wkn4n [4223238d-4e50-4a7f-be86-a084a97b8e25] in helmmonitoringplatformit-operator was MODIFIED
2025-01-29 14:01:46,808 INFO c.h.h.t.HelmChartContainer - [K3S] [reconciler_common.go:162] "operationExecutor.UnmountVolume started for volume \"kube-api-access-64m7h\" (UniqueName: \"kubernetes.io/projected/4223238d-4e50-4a7f-be86-a084a97b8e25-kube-api-access-64m7h\") pod \"4223238d-4e50-4a7f-be86-a084a97b8e25\" (UID: \"4223238d-4e50-4a7f-be86-a084a97b8e25\") "
2025-01-29 14:01:46,909 INFO c.h.h.t.HelmChartContainer - [K3S] [reconciler_common.go:299] "Volume detached for volume \"kube-api-access-64m7h\" (UniqueName: \"kubernetes.io/projected/4223238d-4e50-4a7f-be86-a084a97b8e25-kube-api-access-64m7h\") on node \"5da5100ee944\" DevicePath \"\""
2025-01-29 14:01:46,997 INFO c.h.h.t.HelmChartContainer - [K3S] [scope.go:117] "RemoveContainer" containerID="23d5db4818f69ec211712bcf75551d55a209250405e1d7a260155076f6133549"
2025-01-29 14:01:47,000 INFO c.h.h.t.HelmChartContainer - [K3S] [scope.go:117] "RemoveContainer" containerID="23d5db4818f69ec211712bcf75551d55a209250405e1d7a260155076f6133549"
2025-01-29 14:01:47,009 INFO c.h.h.t.HelmChartContainer - [K3S] [replica_set.go:679] "Finished syncing" kind="ReplicaSet" key="helmmonitoringplatformit-operator/hivemq-test-hivemq-platform-operator-6966f96d65" duration="40.886µs"
2025-01-29 14:01:47,009 INFO c.h.h.t.HelmChartContainer - [POD] hivemq-test-hivemq-platform-operator-6966f96d65-wkn4n [4223238d-4e50-4a7f-be86-a084a97b8e25] in helmmonitoringplatformit-operator was MODIFIED
2025-01-29 14:01:47,011 INFO c.h.h.t.HelmChartContainer - [K3S] [replica_set.go:679] "Finished syncing" kind="ReplicaSet" key="helmmonitoringplatformit-operator/hivemq-test-hivemq-platform-operator-6966f96d65" duration="28.623µs"
2025-01-29 14:01:47,012 INFO c.h.h.t.HelmChartContainer - [POD] hivemq-test-hivemq-platform-operator-6966f96d65-wkn4n [4223238d-4e50-4a7f-be86-a084a97b8e25] in helmmonitoringplatformit-operator was DELETED
2025-01-29 14:01:47,022 INFO c.h.h.t.HelmChartContainer - [K3S] [replica_set.go:679] "Finished syncing" kind="ReplicaSet" key="helmmonitoringplatformit-operator/hivemq-test-hivemq-platform-operator-6966f96d65" duration="5.911µs"
2025-01-29 14:01:47,226 INFO c.h.h.t.HelmChartContainer - [K3S] [kubelet_volumes.go:163] "Cleaned up orphaned pod volumes dir" podUID="4223238d-4e50-4a7f-be86-a084a97b8e25" path="/var/lib/kubelet/pods/4223238d-4e50-4a7f-be86-a084a97b8e25/volumes"
2025-01-29 14:01:48,223 INFO c.h.h.t.HelmChartContainer - Deleting namespace 'helmmonitoringplatformit-operator'...
2025-01-29 14:01:50,940 INFO c.h.h.t.HelmChartContainer - [K3S] [namespace_controller.go:187] "Namespace has been deleted" namespace="helmmonitoringplatformit"
2025-01-29 14:01:53,438 INFO c.h.h.t.HelmChartContainer - Namespace 'helmmonitoringplatformit-operator' deleted
2025-01-29 14:01:53,438 INFO c.h.h.t.HelmChartContainer - Release 'test-hivemq-platform-operator' in namespace 'helmmonitoringplatformit-operator' is uninstalled
2025-01-29 14:01:54,081 INFO c.h.helmcharts.AbstractHelmChartIT - Removed unused containers:

2025-01-29 14:01:58,376 INFO c.h.h.t.HelmChartContainer - [K3S] [namespace_controller.go:187] "Namespace has been deleted" namespace="helmmonitoringplatformit-operator"
2025-01-29 14:02:08,540 INFO c.h.helmcharts.AbstractHelmChartIT - Removed unused snapshots:
Removing snapshot sha256:03af251906410714c5aef9fa705b63f6bbc39c4a5e787de7361eeb18886c2ed2
Removing snapshot sha256:0c46b3b43cce082ce5ec34ffc6c294e0417d17b9d1e6f366d114b6aadc4f96dc
Removing snapshot sha256:0ce761beee59082d6ed5bcebd3a805b8ddd9b3426b617e4809e7fb7c6587ffec
Removing snapshot sha256:0df91287303208332c8ff6ba40ae4710105201739addbfbddfb955f1ad593664
Removing snapshot sha256:0f30b4526626599ad6853b13d715ed5f11e4dac30bdf22795ee36d8b73285c01
Removing snapshot sha256:1021ef88c7974bfff89c5a0ec4fd3160daac6c48a075f74cff721f85dd104e68
Removing snapshot sha256:10aba4953ddc18145dd38e3704709bc464aa20af60b56fe52caaff4b68411e62
Removing snapshot sha256:17b3230dbaa15b80ea4c59d385a510a1c6c669d654d4445b25f4122988ddf932
Removing snapshot sha256:1ab0a79eb9ae3bab99382d18e27cb1c587196d2929db9c8d1c79088bd5a8fa18
Removing snapshot sha256:1e604deea57dbda554a168861cff1238f93b8c6c69c863c43aed37d9d99c5fed
Removing snapshot sha256:2330d1b95992fe4dfdab1ed70e86e349f3f37a80a92140a1ec441a9c3169bcb7
Removing snapshot sha256:2573e0d8158209ed54ab25c87bcdcb00bd3d2539246960a3d592a1c599d70465
Removing snapshot sha256:3102b3958924e454ee4c19fe49136c5727bea4a438945b9d85ed7525ae7ad17a
Removing snapshot sha256:362a8a37f8bbc31925a8146adcf7cf51f9882f5c1dcbef67c5baa03a297543c0
Removing snapshot sha256:38300cd41e4e7621f1880dc17df1510a0b41c3700bba086c7d13695c2852c906
Removing snapshot sha256:3aea2e5ee60f1f0173fafb64e361c34847c160a755964b223b571f112b206391
Removing snapshot sha256:3d737060823899829eb7827e20ddb4021f5c31c4e7e348a380b528903c9051ae
Removing snapshot sha256:3fa4ad33f0ddc8fd45b39b6b4640f82a3a83619606cd975bfe89d8710ad2d4cd
Removing snapshot sha256:42508696bab4cddb098661270605482768f11b222c3b338a84e17c388a573539
Removing snapshot sha256:42b3566bfb67a7e1e92c7fb9a9d9fd9d5d1c68fb9234b2e7e8d57e3894c584c6
Removing snapshot sha256:43a7c979bbaba6838bc3102d6b10a1459f3ab050b87ccdfef84ef90cf43d3058
Removing snapshot sha256:43e32e0401181ce446773595aa5b45dd3de52a62bd17ce6321e472661bef46fc
Removing snapshot sha256:4ab04491cdf0d3267f08206fe30bd48f49f94b9cab2f016d6739220f722a64af
Removing snapshot sha256:4b6068250e89c96f263060261819c7d912855bfbd64b3eb4c4a8483299b8c295
Removing snapshot sha256:4e4a4c2a9fcafd941707917d9cb4c348229dcda7e6a77d20a5c9e977659e2acb
Removing snapshot sha256:580e69a0a8034ede1921139bbd2bfb72a69ebf276d008281896c32dd8bf74775
Removing snapshot sha256:597fcac6b802be96dede6dae530b1fd3d80ee2191e3c39bd5c3dfb528309801e
Removing snapshot sha256:59860db8e524598ca0913cb5a7821a1a1c1e56f61dec4fe619ad8a278bfd44c2
Removing snapshot sha256:5a9ba96b94a7acc2c16f45d7113265f2705262d850ff8d73abf339acec4e4283
Removing snapshot sha256:5d30ba46b27fe37484567ccc5242cadc78217b8da605f3f195ef25cbf7487904
Removing snapshot sha256:63ca1fbb43ae5034640e5e6cb3e083e05c290072c5366fcaa9d62435a4cced85
Removing snapshot sha256:67f702c6baae873bceb19487c8b1f27bd2b86077e4f2f0e480e6d60ab508b8f5
Removing snapshot sha256:6864348dd42806d552efdec384f1274be15e2d0c10ce44c1f04347af004c10a9
Removing snapshot sha256:6c7dee8f2c39b84b7dc2711c01d33de93514d9055499173e9290176fbe484b6c
Removing snapshot sha256:6d2198b9bba47eb108a6f8e064d85edb59b204d24ceb4d866ad96079b9ec1498
Removing snapshot sha256:711f0795be2fadadbf9fe1151ea3506c44bc3c41083e049b25f8bac1bd91851c
Removing snapshot sha256:74acea72c72664d31caa1810182a8d9f76600a5e41ed9d1eb2814c0bc090bfea
Removing snapshot sha256:75654b8eeebd3beae97271a102f57cdeb794cc91e442648544963a7e951e9558
Removing snapshot sha256:783ad6a93b23221db9f18c15f79aeb134655b6dd29a9a9bc7472ee50852d14a7
Removing snapshot sha256:81ed7e1a344eefb04664b5d772157e32be190d566bd3083af46ec0b8796ae9ae
Removing snapshot sha256:82753493a6d61ded36556292f02f31841a14c20d2f279f19eaad65afb661d5cd
Removing snapshot sha256:84a897f1c589cde259313d1efcd537ab957267a6526caa797d9703c4ee903204
Removing snapshot sha256:8801d35618e1524f5648fe7d5adb410ab68bca7a315396f75d8981d50a58ff99
Removing snapshot sha256:8a10d3db42c505ee0fcfa98417bdd7e39b304f6bcc0a06bb1b220797ff2cc63c
Removing snapshot sha256:8d297423f53775a6b77d49e57a5e9f47799fcfddca869a1164226d56c8299763
Removing snapshot sha256:8ec1e08a6c109c9698b32f46974375ee19470c62a5de0618346b3b4442919582
Removing snapshot sha256:94b728d964f60c89faa32d3296c8e524b6a15c163f95728001c8be4091968231
Removing snapshot sha256:9852f74557303324154e94d69646a117800c24f830d6dd3150a61f1cb1877bfb
Removing snapshot sha256:9902d5abc0eb8850d66d9a6332d3270b61eeaf60e305210cf9bd4b877feaaf06
Removing snapshot sha256:a0904247e36a7726c03c71ee48f3e64462021c88dafeb13f37fdaf613b27f11c
Removing snapshot sha256:a21e5b12dbac529ad45d976eb9ce45c881f3bedcc500fb30aba1e52aa1813418
Removing snapshot sha256:afb9d24a81528af822cc0a49b79c922afd1b6fb3355f0fe3683749f5ad2e2e5e
Removing snapshot sha256:b403bf5671b66322a4fb4fcf772687a9e487ab58804584befcae862807d8eb88
Removing snapshot sha256:b8c8d85687c0d5b64887dfaf35dedad43ecac3954a798ffa91d79a5aeb500496
Removing snapshot sha256:b921e6c28969094157f9b8e7244677780319637afd14450b7cb6b2fdea558a0c
Removing snapshot sha256:bc27ecb5769a00e309cf99ebc763c4a4b958b618d1decc96ffac5bc05f02f5b7
Removing snapshot sha256:be3ccb6627a5332e309d45ef461d09b4879dd870c7394d89323d0ebc6ca6aa8a
Removing snapshot sha256:c261f7cbbc64211ee175ee47273acdb7b1a36a4450b397a064a8f2c026490095
Removing snapshot sha256:c34d9393647eea0c9e3557ab988efaf59f61d10a2a5613b439ef0958cca5ec10
Removing snapshot sha256:ccf3c4a0fa967a41c1c83497a2ce6fa5787965859df0adb32c4ca2cf7490bc2b
Removing snapshot sha256:cda334c60720b02c295deeee0739beb29d9283df72a19f0e73b54e50c89e8c00
Removing snapshot sha256:cf92d33f869417309692088c341cd0f223c178ea78a125f757317b22aa8f90e9
Removing snapshot sha256:d0037344cf2fb078884f1849f6a1f8cf9a33a3b6139b6a85833e5ee528e1f9a8
Removing snapshot sha256:d3b36d5b79273b1e98e7700470eaeff05a882e777124d84cebcc1505b85ecb36
Removing snapshot sha256:d65a44a37914602d12c611e5e22a50f11451d847e63015cc1c2aef92dee777a4
Removing snapshot sha256:d7698055289ea72fad6a712ae4a30a02f6f294e476718fac7d5eea9098793d8e
Removing snapshot sha256:deb8fe0e16fb632523b566bfa4819d4c8b7689407d4211b88d26b6988d84ef75
Removing snapshot sha256:e2dc0bae2455930f23ae570e019b7f32edc75c0f2d71cab084db837ff9051796
Removing snapshot sha256:e58151b46376c08fb48e2a2fbe134b6de223be0749d20b7b60bf475e526a2884
Removing snapshot sha256:eccbd24a99c60cd9e86ee5305dbfc4a4dc89f5ab4fb1f06c8d64797cecedef34
Removing snapshot sha256:f144bb4c7c7f0d2aa7eeffd36d934ec40db1ee167be727e326aad9fdc616f475

]]></system-out>
  </testcase>
  <system-out><![CDATA[2025-01-29 13:58:25,375 INFO c.h.h.t.HelmChartContainerExtension - Using cached HelmChartContainer instance
]]></system-out>
  <system-err><![CDATA[]]></system-err>
</testsuite>
