<?xml version="1.0" encoding="UTF-8"?>
<testsuite name="com.hivemq.helmcharts.operator.CustomOperatorSelectorsIT" tests="1" skipped="0" failures="0" errors="0" timestamp="2025-03-11T17:36:59" hostname="fv-az790-267" time="106.863">
  <properties/>
  <testcase name="whenOperatorSelectorIsConfigured_thenOnlyMatchingCustomResourcesAreReconciled()" classname="com.hivemq.helmcharts.operator.CustomOperatorSelectorsIT" time="106.863"/>
</testsuite>
