<?xml version="1.0" encoding="UTF-8"?>
<testsuite name="com.hivemq.helmcharts.services.HelmRestApiIT" tests="3" skipped="0" failures="0" errors="0" timestamp="2025-01-29T13:22:01" hostname="fv-az1333-232" time="302.077">
  <properties/>
  <testcase name="platformChart_whenAuthEnabled_thenCallsEndpoint()" classname="com.hivemq.helmcharts.services.HelmRestApiIT" time="107.626">
    <system-out><![CDATA[2025-01-29 13:22:01,846 INFO c.h.h.t.HelmChartContainer - Creating namespace 'helmrestapiit-operator'...
2025-01-29 13:22:01,852 INFO c.h.h.t.HelmChartContainer - Namespace 'helmrestapiit-operator' created
2025-01-29 13:22:01,853 INFO c.h.h.t.HelmChartContainer - Creating namespace 'helmrestapiit'...
2025-01-29 13:22:01,953 INFO c.h.h.t.HelmChartContainer - Namespace 'helmrestapiit' created
2025-01-29 13:22:02,019 DEBUG c.h.h.t.HelmChartContainer - Executing helm command: /bin/helm --kubeconfig /etc/rancher/k3s/k3s.yaml install test-hivemq-platform-operator /charts/hivemq-platform-operator --wait --timeout 5m0s --set image.repository=docker.io/hivemq --set image.name=hivemq-platform-operator-test --set image.initImageName=hivemq-platform-operator-init-test --set image.tag=snapshot --set image.pullPolicy=Never --set logLevel=DEBUG --set resources.cpu=512m --namespace helmrestapiit-operator
2025-01-29 13:22:02,308 INFO c.h.h.t.HelmChartContainer - [K3S] [alloc.go:330] "allocated clusterIPs" service="helmrestapiit-operator/hivemq-platform-operator-test-hivemq-platform-operator" clusterIPs={"IPv4":"10.43.159.100"}
2025-01-29 13:22:02,321 INFO c.h.h.t.HelmChartContainer - [EVENT] Normal [ScalingReplicaSet] Scaled up replica set hivemq-test-hivemq-platform-operator-6966f96d65 from 0 to 1 [helmrestapiit-operator:hivemq-test-hivemq-platform-operator]
2025-01-29 13:22:02,329 INFO c.h.h.t.HelmChartContainer - [POD] hivemq-test-hivemq-platform-operator-6966f96d65-q2cht [c521dfcc-71d9-43d1-ac60-77aed0b33e7b] in helmrestapiit-operator was ADDED
2025-01-29 13:22:02,336 INFO c.h.h.t.HelmChartContainer - [K3S] [memory_manager.go:355] "RemoveStaleState removing state" podUID="439cabc9-03d1-4b99-874a-74a5bd88390a" containerName="hivemq-platform-operator"
2025-01-29 13:22:02,336 INFO c.h.h.t.HelmChartContainer - [POD] hivemq-test-hivemq-platform-operator-6966f96d65-q2cht [c521dfcc-71d9-43d1-ac60-77aed0b33e7b] in helmrestapiit-operator was MODIFIED
2025-01-29 13:22:02,343 INFO c.h.h.t.HelmChartContainer - [K3S] [replica_set.go:679] "Finished syncing" kind="ReplicaSet" key="helmrestapiit-operator/hivemq-test-hivemq-platform-operator-6966f96d65" duration="23.515827ms"
2025-01-29 13:22:02,343 INFO c.h.h.t.HelmChartContainer - [EVENT] Normal [SuccessfulCreate] Created pod: hivemq-test-hivemq-platform-operator-6966f96d65-q2cht [helmrestapiit-operator:hivemq-test-hivemq-platform-operator-6966f96d65]
2025-01-29 13:22:02,346 INFO c.h.h.t.HelmChartContainer - [EVENT] Normal [Scheduled] Successfully assigned helmrestapiit-operator/hivemq-test-hivemq-platform-operator-6966f96d65-q2cht to 4b5e7665a766 [helmrestapiit-operator:hivemq-test-hivemq-platform-operator-6966f96d65-q2cht]
2025-01-29 13:22:02,349 INFO c.h.h.t.HelmChartContainer - [K3S] [replica_set.go:679] "Finished syncing" kind="ReplicaSet" key="helmrestapiit-operator/hivemq-test-hivemq-platform-operator-6966f96d65" duration="5.307763ms"
2025-01-29 13:22:02,349 INFO c.h.h.t.HelmChartContainer - [K3S] [replica_set.go:679] "Finished syncing" kind="ReplicaSet" key="helmrestapiit-operator/hivemq-test-hivemq-platform-operator-6966f96d65" duration="34.855µs"
2025-01-29 13:22:02,352 INFO c.h.h.t.HelmChartContainer - [K3S] [replica_set.go:679] "Finished syncing" kind="ReplicaSet" key="helmrestapiit-operator/hivemq-test-hivemq-platform-operator-6966f96d65" duration="31.439µs"
2025-01-29 13:22:02,353 INFO c.h.h.t.HelmChartContainer - [POD] hivemq-test-hivemq-platform-operator-6966f96d65-q2cht [c521dfcc-71d9-43d1-ac60-77aed0b33e7b] in helmrestapiit-operator was MODIFIED
2025-01-29 13:22:02,501 INFO c.h.h.t.HelmChartContainer - [K3S] [reconciler_common.go:251] "operationExecutor.VerifyControllerAttachedVolume started for volume \"kube-api-access-5sgpn\" (UniqueName: \"kubernetes.io/projected/c521dfcc-71d9-43d1-ac60-77aed0b33e7b-kube-api-access-5sgpn\") pod \"hivemq-test-hivemq-platform-operator-6966f96d65-q2cht\" (UID: \"c521dfcc-71d9-43d1-ac60-77aed0b33e7b\") " pod="helmrestapiit-operator/hivemq-test-hivemq-platform-operator-6966f96d65-q2cht"
2025-01-29 13:22:02,729 INFO c.h.h.t.HelmChartContainer - [EVENT] Normal [Pulled] Container image "docker.io/hivemq/hivemq-platform-operator-test:snapshot" already present on machine [helmrestapiit-operator:hivemq-test-hivemq-platform-operator-6966f96d65-q2cht]
2025-01-29 13:22:02,729 INFO c.h.h.t.HelmChartContainer - Received Pulled event for container hivemq-platform-operator in pod hivemq-test-hivemq-platform-operator-6966f96d65-q2cht [c521dfcc-71d9-43d1-ac60-77aed0b33e7b]
2025-01-29 13:22:03,960 INFO c.h.h.t.HelmChartContainer - [EVENT] Normal [Created] Created container: hivemq-platform-operator [helmrestapiit-operator:hivemq-test-hivemq-platform-operator-6966f96d65-q2cht]
2025-01-29 13:22:03,960 INFO c.h.h.t.HelmChartContainer - Received Created event for container hivemq-platform-operator in pod hivemq-test-hivemq-platform-operator-6966f96d65-q2cht [c521dfcc-71d9-43d1-ac60-77aed0b33e7b]
2025-01-29 13:22:04,646 INFO c.h.h.t.HelmChartContainer - [K3S] [replica_set.go:679] "Finished syncing" kind="ReplicaSet" key="helmrestapiit-operator/hivemq-test-hivemq-platform-operator-6966f96d65" duration="41.647µs"
2025-01-29 13:22:04,649 INFO c.h.h.t.HelmChartContainer - [POD] hivemq-test-hivemq-platform-operator-6966f96d65-q2cht [c521dfcc-71d9-43d1-ac60-77aed0b33e7b] in helmrestapiit-operator was MODIFIED
2025-01-29 13:22:04,657 INFO c.h.h.t.HelmChartContainer - Started log watcher for hivemq-platform-operator in pod hivemq-test-hivemq-platform-operator-6966f96d65-q2cht [c521dfcc-71d9-43d1-ac60-77aed0b33e7b]
2025-01-29 13:22:04,657 INFO c.h.h.t.HelmChartContainer - [hivemq-test-hivemq-platform] [hivemq-platform-operator] [c521dfcc] -------------------------------------------------------------------------
2025-01-29 13:22:04,657 INFO c.h.h.t.HelmChartContainer - [EVENT] Normal [Started] Started container hivemq-platform-operator [helmrestapiit-operator:hivemq-test-hivemq-platform-operator-6966f96d65-q2cht]
2025-01-29 13:22:04,657 INFO c.h.h.t.HelmChartContainer - Received Started event for container hivemq-platform-operator in pod hivemq-test-hivemq-platform-operator-6966f96d65-q2cht [c521dfcc-71d9-43d1-ac60-77aed0b33e7b]
2025-01-29 13:22:04,657 INFO c.h.h.t.HelmChartContainer - [hivemq-test-hivemq-platform] [hivemq-platform-operator] [c521dfcc] 
2025-01-29 13:22:04,657 INFO c.h.h.t.HelmChartContainer - [hivemq-test-hivemq-platform] [hivemq-platform-operator] [c521dfcc]                   _    _  _              __  __   ____
2025-01-29 13:22:04,657 INFO c.h.h.t.HelmChartContainer - [hivemq-test-hivemq-platform] [hivemq-platform-operator] [c521dfcc]                  | |  | |(_)            |  \/  | / __ \
2025-01-29 13:22:04,657 INFO c.h.h.t.HelmChartContainer - [hivemq-test-hivemq-platform] [hivemq-platform-operator] [c521dfcc]                  | |__| | _ __   __ ___ | \  / || |  | |
2025-01-29 13:22:04,658 INFO c.h.h.t.HelmChartContainer - [hivemq-test-hivemq-platform] [hivemq-platform-operator] [c521dfcc]                  |  __  || |\ \ / // _ \| |\/| || |  | |
2025-01-29 13:22:04,658 INFO c.h.h.t.HelmChartContainer - [hivemq-test-hivemq-platform] [hivemq-platform-operator] [c521dfcc]                  | |  | || | \ V /|  __/| |  | || |__| |
2025-01-29 13:22:04,658 INFO c.h.h.t.HelmChartContainer - [hivemq-test-hivemq-platform] [hivemq-platform-operator] [c521dfcc]                  |_|  |_||_|  \_/  \___||_|  |_| \___\_\
2025-01-29 13:22:04,658 INFO c.h.h.t.HelmChartContainer - [hivemq-test-hivemq-platform] [hivemq-platform-operator] [c521dfcc] 
2025-01-29 13:22:04,658 INFO c.h.h.t.HelmChartContainer - [hivemq-test-hivemq-platform] [hivemq-platform-operator] [c521dfcc] -------------------------------------------------------------------------
2025-01-29 13:22:04,658 INFO c.h.h.t.HelmChartContainer - [hivemq-test-hivemq-platform] [hivemq-platform-operator] [c521dfcc] 
2025-01-29 13:22:04,658 INFO c.h.h.t.HelmChartContainer - [hivemq-test-hivemq-platform] [hivemq-platform-operator] [c521dfcc]   HiveMQ Platform Operator Start Script v1.0
2025-01-29 13:22:04,658 INFO c.h.h.t.HelmChartContainer - [hivemq-test-hivemq-platform] [hivemq-platform-operator] [c521dfcc] 
2025-01-29 13:22:04,658 INFO c.h.h.t.HelmChartContainer - [hivemq-test-hivemq-platform] [hivemq-platform-operator] [c521dfcc] -------------------------------------------------------------------------
2025-01-29 13:22:04,658 INFO c.h.h.t.HelmChartContainer - [hivemq-test-hivemq-platform] [hivemq-platform-operator] [c521dfcc] 
2025-01-29 13:22:04,658 INFO c.h.h.t.HelmChartContainer - [hivemq-test-hivemq-platform] [hivemq-platform-operator] [c521dfcc]   JAVA_OPTS: -XX:+UnlockExperimentalVMOptions -XX:InitialRAMPercentage=75 -XX:MaxRAMPercentage=75 -Duser.language=en -Duser.region=US
2025-01-29 13:22:04,658 INFO c.h.h.t.HelmChartContainer - [hivemq-test-hivemq-platform] [hivemq-platform-operator] [c521dfcc] 
2025-01-29 13:22:04,658 INFO c.h.h.t.HelmChartContainer - [hivemq-test-hivemq-platform] [hivemq-platform-operator] [c521dfcc]   JAVA_VERSION: 21
2025-01-29 13:22:04,658 INFO c.h.h.t.HelmChartContainer - [hivemq-test-hivemq-platform] [hivemq-platform-operator] [c521dfcc] 
2025-01-29 13:22:04,658 INFO c.h.h.t.HelmChartContainer - [hivemq-test-hivemq-platform] [hivemq-platform-operator] [c521dfcc] -------------------------------------------------------------------------
2025-01-29 13:22:04,658 INFO c.h.h.t.HelmChartContainer - [hivemq-test-hivemq-platform] [hivemq-platform-operator] [c521dfcc] 
2025-01-29 13:22:07,284 INFO c.h.h.t.HelmChartContainer - [hivemq-test-hivemq-platform] [hivemq-platform-operator] [c521dfcc] 13:22:07.281 [main] DEBUG org.jboss.logging - Logging Provider: org.jboss.logging.Slf4jLoggerProvider
2025-01-29 13:22:07,386 INFO c.h.h.t.HelmChartContainer - [hivemq-test-hivemq-platform] [hivemq-platform-operator] [c521dfcc] 13:22:07.385 [main] DEBUG io.smallrye.config - SRCFG01006: Loaded ConfigSource SysPropConfigSource with ordinal 400
2025-01-29 13:22:07,386 INFO c.h.h.t.HelmChartContainer - [hivemq-test-hivemq-platform] [hivemq-platform-operator] [c521dfcc] 13:22:07.385 [main] DEBUG io.smallrye.config - SRCFG01006: Loaded ConfigSource EnvConfigSource with ordinal 300
2025-01-29 13:22:07,386 INFO c.h.h.t.HelmChartContainer - [hivemq-test-hivemq-platform] [hivemq-platform-operator] [c521dfcc] 13:22:07.385 [main] DEBUG io.smallrye.config - SRCFG01006: Loaded ConfigSource PropertiesConfigSource[source=jar:file:///opt/hivemq-platform-operator/bin/hivemq-platform-operator.jar!/hivemq-platform-operator.properties] with ordinal 100
2025-01-29 13:22:07,386 INFO c.h.h.t.HelmChartContainer - [hivemq-test-hivemq-platform] [hivemq-platform-operator] [c521dfcc] 13:22:07.385 [main] DEBUG io.smallrye.config - SRCFG01006: Loaded ConfigSource DefaultValuesConfigSource with ordinal -2147483648
2025-01-29 13:22:07,491 INFO c.h.h.t.HelmChartContainer - [hivemq-test-hivemq-platform] [hivemq-platform-operator] [c521dfcc] 13:22:07.490 [main] DEBUG i.m.c.u.i.l.InternalLoggerFactory - Using SLF4J as the default logging framework
2025-01-29 13:22:07,596 INFO c.h.h.t.HelmChartContainer - [hivemq-test-hivemq-platform] [hivemq-platform-operator] [c521dfcc] 13:22:07.587 [main] INFO  c.h.p.o.HiveMQPlatformOperatorApplication - HiveMQ Platform Operator 1.7.0-SNAPSHOT (commit: bebf408 on branch: HEAD) built on Sun Jan 26 20:47:47 UTC 2025
2025-01-29 13:22:07,597 INFO c.h.h.t.HelmChartContainer - [hivemq-test-hivemq-platform] [hivemq-platform-operator] [c521dfcc] 13:22:07.595 [main] INFO  c.h.p.o.HiveMQPlatformOperatorApplication - HiveMQ Platform Operator is running in namespace: helmrestapiit-operator
2025-01-29 13:22:07,597 INFO c.h.h.t.HelmChartContainer - [hivemq-test-hivemq-platform] [hivemq-platform-operator] [c521dfcc] 13:22:07.595 [main] INFO  c.h.p.o.HiveMQPlatformOperatorApplication - Watching all namespaces
2025-01-29 13:22:07,597 INFO c.h.h.t.HelmChartContainer - [hivemq-test-hivemq-platform] [hivemq-platform-operator] [c521dfcc] 13:22:07.595 [main] INFO  c.h.p.o.HiveMQPlatformOperatorApplication - Log level: DEBUG
2025-01-29 13:22:07,597 INFO c.h.h.t.HelmChartContainer - [hivemq-test-hivemq-platform] [hivemq-platform-operator] [c521dfcc] 13:22:07.595 [main] INFO  c.h.p.o.HiveMQPlatformOperatorApplication - Release name: test-hivemq-platform-operator
2025-01-29 13:22:07,597 INFO c.h.h.t.HelmChartContainer - [hivemq-test-hivemq-platform] [hivemq-platform-operator] [c521dfcc] 13:22:07.595 [main] INFO  c.h.p.o.HiveMQPlatformOperatorApplication - HiveMQ Platform Operator Init image: docker.io/hivemq/hivemq-platform-operator-init-test:snapshot
2025-01-29 13:22:07,597 INFO c.h.h.t.HelmChartContainer - [hivemq-test-hivemq-platform] [hivemq-platform-operator] [c521dfcc] 13:22:07.596 [main] INFO  c.h.p.o.HiveMQPlatformOperatorApplication - HiveMQ Platform Operator Init App update URL: http://hivemq-platform-operator-test-hivemq-platform-operator.helmrestapiit-operator.svc:8080/initAppUpdate/hivemq-platform-operator-init-app-1.7.0-SNAPSHOT.jar
2025-01-29 13:22:07,597 INFO c.h.h.t.HelmChartContainer - [hivemq-test-hivemq-platform] [hivemq-platform-operator] [c521dfcc] 13:22:07.596 [main] INFO  c.h.p.o.HiveMQPlatformOperatorApplication - Additional imagePullSecret for all Platform deployments: none
2025-01-29 13:22:07,598 INFO c.h.h.t.HelmChartContainer - [hivemq-test-hivemq-platform] [hivemq-platform-operator] [c521dfcc] 13:22:07.596 [main] INFO  c.h.p.o.HiveMQPlatformOperatorApplication - Apply HiveMQ Platform CRD: true
2025-01-29 13:22:07,598 INFO c.h.h.t.HelmChartContainer - [hivemq-test-hivemq-platform] [hivemq-platform-operator] [c521dfcc] 13:22:07.596 [main] INFO  c.h.p.o.HiveMQPlatformOperatorApplication - Create Platform ServiceAccount: true
2025-01-29 13:22:07,598 INFO c.h.h.t.HelmChartContainer - [hivemq-test-hivemq-platform] [hivemq-platform-operator] [c521dfcc] 13:22:07.596 [main] INFO  c.h.p.o.HiveMQPlatformOperatorApplication - Create Platform ServiceAccount permissions: true
2025-01-29 13:22:07,598 INFO c.h.h.t.HelmChartContainer - [hivemq-test-hivemq-platform] [hivemq-platform-operator] [c521dfcc] 13:22:07.596 [main] INFO  c.h.p.o.HiveMQPlatformOperatorApplication - Validate Platform ServiceAccount: true
2025-01-29 13:22:07,598 INFO c.h.h.t.HelmChartContainer - [hivemq-test-hivemq-platform] [hivemq-platform-operator] [c521dfcc] 13:22:07.596 [main] INFO  c.h.p.o.HiveMQPlatformOperatorApplication - Validate Platform ServiceAccount permissions: true
2025-01-29 13:22:07,787 INFO c.h.h.t.HelmChartContainer - [hivemq-test-hivemq-platform] [hivemq-platform-operator] [c521dfcc] 13:22:07.786 [main] INFO  c.h.platform.operator.util.CRDUtil - Verifying deployed HiveMQ Platform CRD...
2025-01-29 13:22:10,299 INFO c.h.h.t.HelmChartContainer - [hivemq-test-hivemq-platform] [hivemq-platform-operator] [c521dfcc] 13:22:10.297 [main] DEBUG c.h.platform.operator.util.CRDUtil - HiveMQ Platform CRD version v1 is up to date
2025-01-29 13:22:10,299 INFO c.h.h.t.HelmChartContainer - [hivemq-test-hivemq-platform] [hivemq-platform-operator] [c521dfcc] 13:22:10.297 [main] INFO  c.h.platform.operator.util.CRDUtil - HiveMQ Platform CRD is up to date (version: V1_6_0)
2025-01-29 13:22:10,299 INFO c.h.h.t.HelmChartContainer - [hivemq-test-hivemq-platform] [hivemq-platform-operator] [c521dfcc] 13:22:10.297 [main] INFO  c.h.platform.operator.util.CRDUtil - Waiting 10000 ms for HiveMQ Platform CRD 'hivemq-platforms.hivemq.com' to become ready...
2025-01-29 13:22:10,597 INFO c.h.h.t.HelmChartContainer - [hivemq-test-hivemq-platform] [hivemq-platform-operator] [c521dfcc] 13:22:10.596 [vert.x-eventloop-thread-1] DEBUG c.h.platform.operator.util.CRDUtil - Checking CRD condition 'NamesAccepted' (status: 'True')
2025-01-29 13:22:10,597 INFO c.h.h.t.HelmChartContainer - [hivemq-test-hivemq-platform] [hivemq-platform-operator] [c521dfcc] 13:22:10.596 [vert.x-eventloop-thread-1] DEBUG c.h.platform.operator.util.CRDUtil - Checking CRD condition 'Established' (status: 'True')
2025-01-29 13:22:10,598 INFO c.h.h.t.HelmChartContainer - [hivemq-test-hivemq-platform] [hivemq-platform-operator] [c521dfcc] 13:22:10.597 [main] INFO  c.h.platform.operator.util.CRDUtil - HiveMQ Platform CRD 'hivemq-platforms.hivemq.com' is ready
2025-01-29 13:22:10,797 INFO c.h.h.t.HelmChartContainer - [hivemq-test-hivemq-platform] [hivemq-platform-operator] [c521dfcc] 13:22:10.796 [main] INFO  c.h.p.o.HiveMQPlatformReconciler - HiveMQ Platform Operator is starting...
2025-01-29 13:22:10,897 INFO c.h.h.t.HelmChartContainer - [hivemq-test-hivemq-platform] [hivemq-platform-operator] [c521dfcc] 13:22:10.896 [main] WARN  Default ConfigurationService implementation - Configuration for reconciler 'hivemq-controller' was not found. Known reconcilers: None.
2025-01-29 13:22:10,903 INFO c.h.h.t.HelmChartContainer - [hivemq-test-hivemq-platform] [hivemq-platform-operator] [c521dfcc] 13:22:10.902 [main] INFO  Default ConfigurationService implementation - Created configuration for reconciler com.hivemq.platform.operator.HiveMQPlatformReconciler with name hivemq-controller
2025-01-29 13:22:11,082 INFO c.h.h.t.HelmChartContainer - [hivemq-test-hivemq-platform] [hivemq-platform-operator] [c521dfcc] 13:22:11.081 [main] DEBUG c.h.p.o.HiveMQPlatformReconciler - HiveMQ Platform Operator is preparing EventSources
2025-01-29 13:22:11,094 INFO c.h.h.t.HelmChartContainer - [hivemq-test-hivemq-platform] [hivemq-platform-operator] [c521dfcc] 13:22:11.093 [main] INFO  i.javaoperatorsdk.operator.Operator - Registered reconciler: 'hivemq-controller' for resource: 'class com.hivemq.platform.operator.v1.HiveMQPlatform' for namespace(s): [all namespaces]
2025-01-29 13:22:11,681 INFO c.h.h.t.HelmChartContainer - [hivemq-test-hivemq-platform] [hivemq-platform-operator] [c521dfcc] 13:22:11.680 [main] INFO  c.h.p.operator.webserver.JettyServer - Starting Jetty server on port 8080
2025-01-29 13:22:11,701 INFO c.h.h.t.HelmChartContainer - [hivemq-test-hivemq-platform] [hivemq-platform-operator] [c521dfcc] 13:22:11.700 [main] INFO  i.javaoperatorsdk.operator.Operator - Operator SDK 4.9.7 (commit: 2133d28) built on Wed Nov 20 12:56:20 UTC 2024 starting...
2025-01-29 13:22:11,702 INFO c.h.h.t.HelmChartContainer - [hivemq-test-hivemq-platform] [hivemq-platform-operator] [c521dfcc] 13:22:11.700 [main] INFO  i.javaoperatorsdk.operator.Operator - Client version: 6.13.4
2025-01-29 13:22:11,781 INFO c.h.h.t.HelmChartContainer - [hivemq-test-hivemq-platform] [hivemq-platform-operator] [c521dfcc] 13:22:11.779 [Controller Starter for: hivemq-controller] INFO  i.j.operator.processing.Controller - Starting 'hivemq-controller' controller for reconciler: com.hivemq.platform.operator.HiveMQPlatformReconciler, resource: com.hivemq.platform.operator.v1.HiveMQPlatform
2025-01-29 13:22:13,983 INFO c.h.h.t.HelmChartContainer - [hivemq-test-hivemq-platform] [hivemq-platform-operator] [c521dfcc] 13:22:13.982 [Controller Starter for: hivemq-controller] INFO  i.j.operator.processing.Controller - 'hivemq-controller' controller started
2025-01-29 13:22:13,984 INFO c.h.h.t.HelmChartContainer - [hivemq-test-hivemq-platform] [hivemq-platform-operator] [c521dfcc] 13:22:13.983 [main] INFO  c.h.p.o.HiveMQPlatformOperatorApplication - HiveMQ Platform Operator 1.7.0-SNAPSHOT started in 6395 ms
2025-01-29 13:22:15,654 INFO c.h.h.t.HelmChartContainer - [POD] hivemq-test-hivemq-platform-operator-6966f96d65-q2cht [c521dfcc-71d9-43d1-ac60-77aed0b33e7b] in helmrestapiit-operator was MODIFIED
2025-01-29 13:22:15,661 INFO c.h.h.t.HelmChartContainer - [K3S] [replica_set.go:679] "Finished syncing" kind="ReplicaSet" key="helmrestapiit-operator/hivemq-test-hivemq-platform-operator-6966f96d65" duration="7.787098ms"
2025-01-29 13:22:15,661 INFO c.h.h.t.HelmChartContainer - [K3S] [replica_set.go:679] "Finished syncing" kind="ReplicaSet" key="helmrestapiit-operator/hivemq-test-hivemq-platform-operator-6966f96d65" duration="37.069µs"
2025-01-29 13:22:16,451 DEBUG c.h.h.t.HelmChartContainer - Executing helm command: /bin/helm --kubeconfig /etc/rancher/k3s/k3s.yaml install test-hivemq-platform /charts/hivemq-platform --wait --timeout 5m0s --set image.repository=docker.io/hivemq --set image.tag=4.36.0 --set image.pullPolicy=Never --set nodes.resources.cpu=512m -f /files/rest-api-with-auth-values.yaml --namespace helmrestapiit
2025-01-29 13:22:16,680 INFO c.h.h.t.HelmChartContainer - [hivemq-test-hivemq-platform] [hivemq-platform-operator] [c521dfcc] 13:22:16.678 [-373097727-pool-1-thread-3] WARN  i.m.p.PrometheusMeterRegistry - The meter (MeterId{name='operator.sdk.events.received', tags=[tag(action=ADDED),tag(event=ResourceEvent),tag(group=hivemq.com),tag(kind=HiveMQPlatform),tag(name=test-hivemq-platform),tag(namespace=helmrestapiit),tag(scope=namespace),tag(version=v1)]}) registration has failed: Prometheus requires that all meters with the same name have the same set of tag keys. There is already an existing meter named 'operator.sdk.events.received' containing tag keys [event, group, kind, name, namespace, scope, version]. The meter you are attempting to register has keys [action, event, group, kind, name, namespace, scope, version]. Note that subsequent logs will be logged at debug level.
2025-01-29 13:22:17,180 INFO c.h.h.t.HelmChartContainer - [hivemq-test-hivemq-platform] [hivemq-platform-operator] [c521dfcc] 13:22:17.179 [pool-6-thread-3] DEBUG c.h.p.o.dependants.PodInfoConfigMap - [helmrest] Desired PodInfo ConfigMap (2 extensions) (1 enabled)
2025-01-29 13:22:17,256 INFO c.h.h.t.HelmChartContainer - [hivemq-test-hivemq-platform] [hivemq-platform-operator] [c521dfcc] 13:22:17.254 [pool-6-thread-3] DEBUG c.h.p.o.dependants.PodInfoConfigMap - [helmrest] Desired PodInfo ConfigMap (metrics port: 9399) (metrics path: /)
2025-01-29 13:22:17,256 INFO c.h.h.t.HelmChartContainer - [hivemq-test-hivemq-platform] [hivemq-platform-operator] [c521dfcc] 13:22:17.254 [pool-6-thread-3] DEBUG c.h.p.o.dependants.PodInfoConfigMap - [helmrest] Desired PodInfo ConfigMap (extension state hash: 1053972473)
2025-01-29 13:22:17,257 INFO c.h.h.t.HelmChartContainer - [hivemq-test-hivemq-platform] [hivemq-platform-operator] [c521dfcc] 13:22:17.256 [pool-6-thread-3] DEBUG c.h.p.o.dependants.PodInfoConfigMap - [helmrest] Create PodInfo ConfigMap
2025-01-29 13:22:17,268 INFO c.h.h.t.HelmChartContainer - [hivemq-test-hivemq-platform] [hivemq-platform-operator] [c521dfcc] 13:22:17.266 [pool-6-thread-5] DEBUG c.h.p.o.dependants.PodRoleResource - [helmrest] Create Role: Role(apiVersion=rbac.authorization.k8s.io/v1, kind=Role, metadata=ObjectMeta(annotations={meta.helm.sh/release-name=test-hivemq-platform, meta.helm.sh/release-namespace=helmrestapiit}, creationTimestamp=null, deletionGracePeriodSeconds=null, deletionTimestamp=null, finalizers=[], generateName=null, generation=null, labels={helm.sh/chart=hivemq-platform-0.2.32, app.kubernetes.io/managed-by=Helm, app.kubernetes.io/name=hivemq-platform, hivemq-platform=test-hivemq-platform, app.kubernetes.io/instance=test-hivemq-platform, app.kubernetes.io/version=4.36.0}, managedFields=[], name=hivemq-platform-role-test-hivemq-platform, namespace=helmrestapiit, ownerReferences=[OwnerReference(apiVersion=hivemq.com/v1, blockOwnerDeletion=null, controller=null, kind=HiveMQPlatform, name=test-hivemq-platform, uid=a2975f4b-6730-4acb-bff8-6026f613c90f, additionalProperties={})], resourceVersion=null, selfLink=null, uid=null, additionalProperties={}), rules=[PolicyRule(apiGroups=[], nonResourceURLs=[], resourceNames=[], resources=[pods], verbs=[get, patch, update], additionalProperties={})], additionalProperties={})
2025-01-29 13:22:17,459 INFO c.h.h.t.HelmChartContainer - [hivemq-test-hivemq-platform] [hivemq-platform-operator] [c521dfcc] 13:22:17.456 [pool-6-thread-7] DEBUG c.h.p.o.d.PodServiceAccountResource - [helmrest] Desired PodServiceAccountResource (serviceAccountName: hivemq-platform-pod-test-hivemq-platform)
2025-01-29 13:22:17,459 INFO c.h.h.t.HelmChartContainer - [hivemq-test-hivemq-platform] [hivemq-platform-operator] [c521dfcc] 13:22:17.457 [pool-6-thread-7] DEBUG c.h.p.o.d.PodServiceAccountResource - [helmrest] Create ServiceAccount 'hivemq-platform-pod-test-hivemq-platform'
2025-01-29 13:22:17,558 INFO c.h.h.t.HelmChartContainer - [hivemq-test-hivemq-platform] [hivemq-platform-operator] [c521dfcc] 13:22:17.556 [pool-6-thread-10] DEBUG c.h.p.o.d.PodRoleBindingResource - [helmrest] Create RoleBinding: RoleBinding(apiVersion=rbac.authorization.k8s.io/v1, kind=RoleBinding, metadata=ObjectMeta(annotations={meta.helm.sh/release-name=test-hivemq-platform, meta.helm.sh/release-namespace=helmrestapiit}, creationTimestamp=null, deletionGracePeriodSeconds=null, deletionTimestamp=null, finalizers=[], generateName=null, generation=null, labels={helm.sh/chart=hivemq-platform-0.2.32, app.kubernetes.io/managed-by=Helm, app.kubernetes.io/name=hivemq-platform, hivemq-platform=test-hivemq-platform, app.kubernetes.io/instance=test-hivemq-platform, app.kubernetes.io/version=4.36.0}, managedFields=[], name=hivemq-platform-role-binding-test-hivemq-platform, namespace=helmrestapiit, ownerReferences=[OwnerReference(apiVersion=hivemq.com/v1, blockOwnerDeletion=null, controller=null, kind=HiveMQPlatform, name=test-hivemq-platform, uid=a2975f4b-6730-4acb-bff8-6026f613c90f, additionalProperties={})], resourceVersion=null, selfLink=null, uid=null, additionalProperties={}), roleRef=RoleRef(apiGroup=rbac.authorization.k8s.io, kind=Role, name=hivemq-platform-role-test-hivemq-platform, additionalProperties={}), subjects=[Subject(apiGroup=null, kind=ServiceAccount, name=hivemq-platform-pod-test-hivemq-platform, namespace=helmrestapiit, additionalProperties={})], additionalProperties={})
2025-01-29 13:22:17,581 INFO c.h.h.t.HelmChartContainer - [hivemq-test-hivemq-platform] [hivemq-platform-operator] [c521dfcc] 13:22:17.579 [ReconcilerExecutor-hivemq-controller-53] INFO  c.h.p.o.HiveMQPlatformReconciler - [helmrest] Reconciling HiveMQ Platform 'test-hivemq-platform' in namespace 'helmrestapiit'
2025-01-29 13:22:17,655 INFO c.h.h.t.HelmChartContainer - [hivemq-test-hivemq-platform] [hivemq-platform-operator] [c521dfcc] 13:22:17.654 [ReconcilerExecutor-hivemq-controller-53] DEBUG c.h.p.o.HiveMQPlatformReconciler - [helmrest] Custom Resource Status CREATED - HiveMQ Platform was created (READY)
2025-01-29 13:22:17,655 INFO c.h.h.t.HelmChartContainer - [hivemq-test-hivemq-platform] [hivemq-platform-operator] [c521dfcc] 13:22:17.654 [ReconcilerExecutor-hivemq-controller-53] DEBUG c.h.p.o.HiveMQPlatformReconciler - [helmrest] Custom Resource Spec (replicas: 1) (extensions: 2)
2025-01-29 13:22:17,660 INFO c.h.h.t.HelmChartContainer - [hivemq-test-hivemq-platform] [hivemq-platform-operator] [c521dfcc] 13:22:17.659 [ReconcilerExecutor-hivemq-controller-53] INFO  c.h.p.o.h.HiveMQPlatformReconcilerBaseHandler - [helmrest] HiveMQ Platform is starting
2025-01-29 13:22:17,764 INFO c.h.h.t.HelmChartContainer - [hivemq-test-hivemq-platform] [hivemq-platform-operator] [c521dfcc] 13:22:17.763 [ReconcilerExecutor-hivemq-controller-53] DEBUG c.h.p.operator.event.EventSender - [helmrest] Creating K8s event hivemq-platform-starting: [Start] HiveMQ Platform is starting
2025-01-29 13:22:17,773 INFO c.h.h.t.HelmChartContainer - [EVENT] Normal [Start] HiveMQ Platform is starting [helmrestapiit:test-hivemq-platform]
2025-01-29 13:22:17,857 INFO c.h.h.t.HelmChartContainer - [hivemq-test-hivemq-platform] [hivemq-platform-operator] [c521dfcc] 13:22:17.856 [ReconcilerExecutor-hivemq-controller-53] INFO  c.h.p.o.h.AbstractHiveMQReconcilerStateHandler - [helmrest] Update HiveMQ Platform Status (CREATED [READY] -> STARTING [READY]): HiveMQ Platform is starting
2025-01-29 13:22:17,871 DEBUG com.hivemq.helmcharts.util.K8sUtil - Comparing actual state 'STARTING' and waiting for 'RUNNING'
2025-01-29 13:22:27,882 INFO c.h.h.t.HelmChartContainer - [hivemq-test-hivemq-platform] [hivemq-platform-operator] [c521dfcc] 13:22:27.879 [pool-6-thread-12] DEBUG c.h.p.o.d.PlatformServiceResource - [helmrest] Desired Platform services (2 services)
2025-01-29 13:22:27,885 INFO c.h.h.t.HelmChartContainer - [hivemq-test-hivemq-platform] [hivemq-platform-operator] [c521dfcc] 13:22:27.882 [pool-6-thread-13] DEBUG c.h.p.o.dependants.PodInfoConfigMap - [helmrest] Desired PodInfo ConfigMap (2 extensions) (1 enabled)
2025-01-29 13:22:27,885 INFO c.h.h.t.HelmChartContainer - [hivemq-test-hivemq-platform] [hivemq-platform-operator] [c521dfcc] 13:22:27.882 [pool-6-thread-13] DEBUG c.h.p.o.dependants.PodInfoConfigMap - [helmrest] Desired PodInfo ConfigMap (metrics port: 9399) (metrics path: /)
2025-01-29 13:22:27,885 INFO c.h.h.t.HelmChartContainer - [hivemq-test-hivemq-platform] [hivemq-platform-operator] [c521dfcc] 13:22:27.882 [pool-6-thread-13] DEBUG c.h.p.o.dependants.PodInfoConfigMap - [helmrest] Desired PodInfo ConfigMap (extension state hash: 1053972473)
2025-01-29 13:22:27,889 INFO c.h.h.t.HelmChartContainer - [hivemq-test-hivemq-platform] [hivemq-platform-operator] [c521dfcc] 13:22:27.886 [pool-6-thread-17] DEBUG c.h.p.o.d.PodServiceAccountResource - [helmrest] Desired PodServiceAccountResource (serviceAccountName: hivemq-platform-pod-test-hivemq-platform)
2025-01-29 13:22:27,898 INFO c.h.h.t.HelmChartContainer - [K3S] [alloc.go:330] "allocated clusterIPs" service="helmrestapiit/hivemq-test-hivemq-platform-rest-8890" clusterIPs={"IPv4":"10.43.190.65"}
2025-01-29 13:22:27,957 INFO c.h.h.t.HelmChartContainer - [hivemq-test-hivemq-platform] [hivemq-platform-operator] [c521dfcc] 13:22:27.956 [pool-6-thread-13] DEBUG c.h.p.o.dependants.PodInfoConfigMap - [helmrest] Update PodInfo ConfigMap
2025-01-29 13:22:27,986 INFO c.h.h.t.HelmChartContainer - [K3S] [alloc.go:330] "allocated clusterIPs" service="helmrestapiit/hivemq-test-hivemq-platform-metrics-9399" clusterIPs={"IPv4":"10.43.225.5"}
2025-01-29 13:22:27,993 INFO c.h.h.t.HelmChartContainer - [hivemq-test-hivemq-platform] [hivemq-platform-operator] [c521dfcc] 13:22:27.992 [pool-6-thread-20] DEBUG c.h.p.o.d.StatefulSetResource - [helmrest] Desired StatefulSet (1 replicas) for status STARTING (READY)
2025-01-29 13:22:28,082 INFO c.h.h.t.HelmChartContainer - [hivemq-test-hivemq-platform] [hivemq-platform-operator] [c521dfcc] 13:22:28.080 [pool-6-thread-20] DEBUG c.h.p.o.d.StatefulSetResource - [helmrest] Create StatefulSet
2025-01-29 13:22:28,106 INFO c.h.h.t.HelmChartContainer - [POD] test-hivemq-platform-0 [23cc56da-cdd0-48e8-bd14-aba060df0357] in helmrestapiit was ADDED
2025-01-29 13:22:28,115 INFO c.h.h.t.HelmChartContainer - [EVENT] Normal [Scheduled] Successfully assigned helmrestapiit/test-hivemq-platform-0 to 4b5e7665a766 [helmrestapiit:test-hivemq-platform-0]
2025-01-29 13:22:28,116 INFO c.h.h.t.HelmChartContainer - [POD] test-hivemq-platform-0 [23cc56da-cdd0-48e8-bd14-aba060df0357] in helmrestapiit was MODIFIED
2025-01-29 13:22:28,119 INFO c.h.h.t.HelmChartContainer - [EVENT] Normal [SuccessfulCreate] create Pod test-hivemq-platform-0 in StatefulSet test-hivemq-platform successful [helmrestapiit:test-hivemq-platform]
2025-01-29 13:22:28,130 INFO c.h.h.t.HelmChartContainer - [POD] test-hivemq-platform-0 [23cc56da-cdd0-48e8-bd14-aba060df0357] in helmrestapiit was MODIFIED
2025-01-29 13:22:28,157 INFO c.h.h.t.HelmChartContainer - [hivemq-test-hivemq-platform] [hivemq-platform-operator] [c521dfcc] 13:22:28.154 [ReconcilerExecutor-hivemq-controller-64] INFO  c.h.p.o.HiveMQPlatformReconciler - [helmrest] Reconciling HiveMQ Platform 'test-hivemq-platform' in namespace 'helmrestapiit'
2025-01-29 13:22:28,158 INFO c.h.h.t.HelmChartContainer - [hivemq-test-hivemq-platform] [hivemq-platform-operator] [c521dfcc] 13:22:28.155 [ReconcilerExecutor-hivemq-controller-64] DEBUG c.h.p.o.HiveMQPlatformReconciler - [helmrest] Custom Resource Status STARTING - HiveMQ Platform is starting (READY)
2025-01-29 13:22:28,158 INFO c.h.h.t.HelmChartContainer - [hivemq-test-hivemq-platform] [hivemq-platform-operator] [c521dfcc] 13:22:28.155 [ReconcilerExecutor-hivemq-controller-64] DEBUG c.h.p.o.HiveMQPlatformReconciler - [helmrest] Custom Resource Spec (replicas: 1) (extensions: 2)
2025-01-29 13:22:28,255 INFO c.h.h.t.HelmChartContainer - [K3S] [reconciler_common.go:251] "operationExecutor.VerifyControllerAttachedVolume started for volume \"ese-file-realm\" (UniqueName: \"kubernetes.io/configmap/23cc56da-cdd0-48e8-bd14-aba060df0357-ese-file-realm\") pod \"test-hivemq-platform-0\" (UID: \"23cc56da-cdd0-48e8-bd14-aba060df0357\") " pod="helmrestapiit/test-hivemq-platform-0"
2025-01-29 13:22:28,255 INFO c.h.h.t.HelmChartContainer - [K3S] [reconciler_common.go:251] "operationExecutor.VerifyControllerAttachedVolume started for volume \"broker-configuration\" (UniqueName: \"kubernetes.io/configmap/23cc56da-cdd0-48e8-bd14-aba060df0357-broker-configuration\") pod \"test-hivemq-platform-0\" (UID: \"23cc56da-cdd0-48e8-bd14-aba060df0357\") " pod="helmrestapiit/test-hivemq-platform-0"
2025-01-29 13:22:28,255 INFO c.h.h.t.HelmChartContainer - [K3S] [reconciler_common.go:251] "operationExecutor.VerifyControllerAttachedVolume started for volume \"kube-api-access-dv7z5\" (UniqueName: \"kubernetes.io/projected/23cc56da-cdd0-48e8-bd14-aba060df0357-kube-api-access-dv7z5\") pod \"test-hivemq-platform-0\" (UID: \"23cc56da-cdd0-48e8-bd14-aba060df0357\") " pod="helmrestapiit/test-hivemq-platform-0"
2025-01-29 13:22:28,255 INFO c.h.h.t.HelmChartContainer - [K3S] [reconciler_common.go:251] "operationExecutor.VerifyControllerAttachedVolume started for volume \"extension-configuration-hivemq-enterprise-security-extension\" (UniqueName: \"kubernetes.io/configmap/23cc56da-cdd0-48e8-bd14-aba060df0357-extension-configuration-hivemq-enterprise-security-extension\") pod \"test-hivemq-platform-0\" (UID: \"23cc56da-cdd0-48e8-bd14-aba060df0357\") " pod="helmrestapiit/test-hivemq-platform-0"
2025-01-29 13:22:28,255 INFO c.h.h.t.HelmChartContainer - [K3S] [reconciler_common.go:251] "operationExecutor.VerifyControllerAttachedVolume started for volume \"operator-init\" (UniqueName: \"kubernetes.io/empty-dir/23cc56da-cdd0-48e8-bd14-aba060df0357-operator-init\") pod \"test-hivemq-platform-0\" (UID: \"23cc56da-cdd0-48e8-bd14-aba060df0357\") " pod="helmrestapiit/test-hivemq-platform-0"
2025-01-29 13:22:28,255 INFO c.h.h.t.HelmChartContainer - [K3S] [reconciler_common.go:251] "operationExecutor.VerifyControllerAttachedVolume started for volume \"pod-info\" (UniqueName: \"kubernetes.io/configmap/23cc56da-cdd0-48e8-bd14-aba060df0357-pod-info\") pod \"test-hivemq-platform-0\" (UID: \"23cc56da-cdd0-48e8-bd14-aba060df0357\") " pod="helmrestapiit/test-hivemq-platform-0"
2025-01-29 13:22:28,258 INFO c.h.h.t.HelmChartContainer - [hivemq-test-hivemq-platform] [hivemq-platform-operator] [c521dfcc] 13:22:28.257 [ReconcilerExecutor-hivemq-controller-64] DEBUG c.h.p.o.HiveMQPlatformReconciler - [helmrest] StatefulSet Status (revision: test-hivemq-platform-bbf59449c, replicas: 0, available: 0, ready: 0, current: 0, updated: 0)
2025-01-29 13:22:28,259 INFO c.h.h.t.HelmChartContainer - [hivemq-test-hivemq-platform] [hivemq-platform-operator] [c521dfcc] 13:22:28.257 [ReconcilerExecutor-hivemq-controller-64] DEBUG c.h.p.o.HiveMQPlatformReconciler - [helmrest] StatefulSet Spec (replicas: 1, init containers: 1, containers: 1, volumes: 5)
2025-01-29 13:22:28,289 INFO c.h.h.t.HelmChartContainer - [hivemq-test-hivemq-platform] [hivemq-platform-operator] [c521dfcc] 13:22:28.287 [ReconcilerExecutor-hivemq-controller-64] DEBUG c.h.p.o.h.HiveMQPlatformReconcilerErrorHandler - [helmrest] Pod 'test-hivemq-platform-0' phase Pending
2025-01-29 13:22:28,289 INFO c.h.h.t.HelmChartContainer - [hivemq-test-hivemq-platform] [hivemq-platform-operator] [c521dfcc] 13:22:28.288 [ReconcilerExecutor-hivemq-controller-64] DEBUG c.h.p.o.h.HiveMQPlatformReconcilerErrorHandler - [helmrest] Pod 'test-hivemq-platform-0' condition 'PodReadyToStartContainers': False
2025-01-29 13:22:28,290 INFO c.h.h.t.HelmChartContainer - [hivemq-test-hivemq-platform] [hivemq-platform-operator] [c521dfcc] 13:22:28.288 [ReconcilerExecutor-hivemq-controller-64] DEBUG c.h.p.o.h.HiveMQPlatformReconcilerErrorHandler - [helmrest] Pod 'test-hivemq-platform-0' condition 'Initialized': False
2025-01-29 13:22:28,290 INFO c.h.h.t.HelmChartContainer - [hivemq-test-hivemq-platform] [hivemq-platform-operator] [c521dfcc] 13:22:28.288 [ReconcilerExecutor-hivemq-controller-64] DEBUG c.h.p.o.h.HiveMQPlatformReconcilerErrorHandler - [helmrest] Pod 'test-hivemq-platform-0' condition 'Ready': False
2025-01-29 13:22:28,290 INFO c.h.h.t.HelmChartContainer - [hivemq-test-hivemq-platform] [hivemq-platform-operator] [c521dfcc] 13:22:28.288 [ReconcilerExecutor-hivemq-controller-64] DEBUG c.h.p.o.h.HiveMQPlatformReconcilerErrorHandler - [helmrest] Pod 'test-hivemq-platform-0' condition 'ContainersReady': False
2025-01-29 13:22:28,290 INFO c.h.h.t.HelmChartContainer - [hivemq-test-hivemq-platform] [hivemq-platform-operator] [c521dfcc] 13:22:28.288 [ReconcilerExecutor-hivemq-controller-64] DEBUG c.h.p.o.h.HiveMQPlatformReconcilerErrorHandler - [helmrest] Pod 'test-hivemq-platform-0' condition 'PodScheduled': True
2025-01-29 13:22:28,290 INFO c.h.h.t.HelmChartContainer - [hivemq-test-hivemq-platform] [hivemq-platform-operator] [c521dfcc] 13:22:28.288 [ReconcilerExecutor-hivemq-controller-64] DEBUG c.h.p.o.h.HiveMQPlatformReconcilerErrorHandler - [helmrest] Pod 'test-hivemq-platform-0' containerStatus 'hivemq' (started: false) (ready: false) (waiting: [PodInitializing] null)
2025-01-29 13:22:28,291 INFO c.h.h.t.HelmChartContainer - [hivemq-test-hivemq-platform] [hivemq-platform-operator] [c521dfcc] 13:22:28.291 [ReconcilerExecutor-hivemq-controller-64] INFO  c.h.p.o.h.HiveMQPlatformReconcilerBaseHandler - [helmrest] HiveMQ Platform is starting, 0 of 1 replicas are ready
2025-01-29 13:22:28,383 INFO c.h.h.t.HelmChartContainer - [hivemq-test-hivemq-platform] [hivemq-platform-operator] [c521dfcc] 13:22:28.379 [pool-6-thread-22] DEBUG c.h.p.o.d.PlatformServiceResource - [helmrest] Desired Platform services (2 services)
2025-01-29 13:22:28,384 INFO c.h.h.t.HelmChartContainer - [hivemq-test-hivemq-platform] [hivemq-platform-operator] [c521dfcc] 13:22:28.383 [pool-6-thread-23] DEBUG c.h.p.o.dependants.PodInfoConfigMap - [helmrest] Desired PodInfo ConfigMap (2 extensions) (1 enabled)
2025-01-29 13:22:28,385 INFO c.h.h.t.HelmChartContainer - [hivemq-test-hivemq-platform] [hivemq-platform-operator] [c521dfcc] 13:22:28.384 [pool-6-thread-27] DEBUG c.h.p.o.d.PodServiceAccountResource - [helmrest] Desired PodServiceAccountResource (serviceAccountName: hivemq-platform-pod-test-hivemq-platform)
2025-01-29 13:22:28,389 INFO c.h.h.t.HelmChartContainer - [hivemq-test-hivemq-platform] [hivemq-platform-operator] [c521dfcc] 13:22:28.388 [pool-6-thread-23] DEBUG c.h.p.o.dependants.PodInfoConfigMap - [helmrest] Desired PodInfo ConfigMap (metrics port: 9399) (metrics path: /)
2025-01-29 13:22:28,389 INFO c.h.h.t.HelmChartContainer - [hivemq-test-hivemq-platform] [hivemq-platform-operator] [c521dfcc] 13:22:28.388 [pool-6-thread-23] DEBUG c.h.p.o.dependants.PodInfoConfigMap - [helmrest] Desired PodInfo ConfigMap (extension state hash: 1053972473)
2025-01-29 13:22:28,458 INFO c.h.h.t.HelmChartContainer - [hivemq-test-hivemq-platform] [hivemq-platform-operator] [c521dfcc] 13:22:28.457 [pool-6-thread-30] DEBUG c.h.p.o.d.StatefulSetResource - [helmrest] Desired StatefulSet (1 replicas) for status STARTING (READY)
2025-01-29 13:22:28,485 INFO c.h.h.t.HelmChartContainer - [hivemq-test-hivemq-platform] [hivemq-platform-operator] [c521dfcc] 13:22:28.483 [ReconcilerExecutor-hivemq-controller-75] INFO  c.h.p.o.HiveMQPlatformReconciler - [helmrest] Reconciling HiveMQ Platform 'test-hivemq-platform' in namespace 'helmrestapiit'
2025-01-29 13:22:28,485 INFO c.h.h.t.HelmChartContainer - [hivemq-test-hivemq-platform] [hivemq-platform-operator] [c521dfcc] 13:22:28.484 [ReconcilerExecutor-hivemq-controller-75] DEBUG c.h.p.o.HiveMQPlatformReconciler - [helmrest] Custom Resource Status STARTING - HiveMQ Platform is starting (READY)
2025-01-29 13:22:28,485 INFO c.h.h.t.HelmChartContainer - [hivemq-test-hivemq-platform] [hivemq-platform-operator] [c521dfcc] 13:22:28.484 [ReconcilerExecutor-hivemq-controller-75] DEBUG c.h.p.o.HiveMQPlatformReconciler - [helmrest] Custom Resource Spec (replicas: 1) (extensions: 2)
2025-01-29 13:22:28,490 INFO c.h.h.t.HelmChartContainer - [hivemq-test-hivemq-platform] [hivemq-platform-operator] [c521dfcc] 13:22:28.489 [ReconcilerExecutor-hivemq-controller-75] DEBUG c.h.p.o.HiveMQPlatformReconciler - [helmrest] StatefulSet Status (revision: test-hivemq-platform-bbf59449c, replicas: 1, available: 0, ready: 0, current: 1, updated: 1)
2025-01-29 13:22:28,491 INFO c.h.h.t.HelmChartContainer - [hivemq-test-hivemq-platform] [hivemq-platform-operator] [c521dfcc] 13:22:28.489 [ReconcilerExecutor-hivemq-controller-75] DEBUG c.h.p.o.HiveMQPlatformReconciler - [helmrest] StatefulSet Spec (replicas: 1, init containers: 1, containers: 1, volumes: 5)
2025-01-29 13:22:28,492 INFO c.h.h.t.HelmChartContainer - [hivemq-test-hivemq-platform] [hivemq-platform-operator] [c521dfcc] 13:22:28.491 [ReconcilerExecutor-hivemq-controller-75] DEBUG c.h.p.o.h.HiveMQPlatformReconcilerErrorHandler - [helmrest] Pod 'test-hivemq-platform-0' phase Pending
2025-01-29 13:22:28,493 INFO c.h.h.t.HelmChartContainer - [hivemq-test-hivemq-platform] [hivemq-platform-operator] [c521dfcc] 13:22:28.491 [ReconcilerExecutor-hivemq-controller-75] DEBUG c.h.p.o.h.HiveMQPlatformReconcilerErrorHandler - [helmrest] Pod 'test-hivemq-platform-0' condition 'PodReadyToStartContainers': False
2025-01-29 13:22:28,493 INFO c.h.h.t.HelmChartContainer - [hivemq-test-hivemq-platform] [hivemq-platform-operator] [c521dfcc] 13:22:28.491 [ReconcilerExecutor-hivemq-controller-75] DEBUG c.h.p.o.h.HiveMQPlatformReconcilerErrorHandler - [helmrest] Pod 'test-hivemq-platform-0' condition 'Initialized': False
2025-01-29 13:22:28,493 INFO c.h.h.t.HelmChartContainer - [hivemq-test-hivemq-platform] [hivemq-platform-operator] [c521dfcc] 13:22:28.491 [ReconcilerExecutor-hivemq-controller-75] DEBUG c.h.p.o.h.HiveMQPlatformReconcilerErrorHandler - [helmrest] Pod 'test-hivemq-platform-0' condition 'Ready': False
2025-01-29 13:22:28,493 INFO c.h.h.t.HelmChartContainer - [hivemq-test-hivemq-platform] [hivemq-platform-operator] [c521dfcc] 13:22:28.491 [ReconcilerExecutor-hivemq-controller-75] DEBUG c.h.p.o.h.HiveMQPlatformReconcilerErrorHandler - [helmrest] Pod 'test-hivemq-platform-0' condition 'ContainersReady': False
2025-01-29 13:22:28,493 INFO c.h.h.t.HelmChartContainer - [hivemq-test-hivemq-platform] [hivemq-platform-operator] [c521dfcc] 13:22:28.491 [ReconcilerExecutor-hivemq-controller-75] DEBUG c.h.p.o.h.HiveMQPlatformReconcilerErrorHandler - [helmrest] Pod 'test-hivemq-platform-0' condition 'PodScheduled': True
2025-01-29 13:22:28,494 INFO c.h.h.t.HelmChartContainer - [hivemq-test-hivemq-platform] [hivemq-platform-operator] [c521dfcc] 13:22:28.491 [ReconcilerExecutor-hivemq-controller-75] DEBUG c.h.p.o.h.HiveMQPlatformReconcilerErrorHandler - [helmrest] Pod 'test-hivemq-platform-0' containerStatus 'hivemq' (started: false) (ready: false) (waiting: [PodInitializing] null)
2025-01-29 13:22:28,494 INFO c.h.h.t.HelmChartContainer - [hivemq-test-hivemq-platform] [hivemq-platform-operator] [c521dfcc] 13:22:28.493 [ReconcilerExecutor-hivemq-controller-75] INFO  c.h.p.o.h.HiveMQPlatformReconcilerBaseHandler - [helmrest] HiveMQ Platform is starting, 0 of 1 replicas are ready
2025-01-29 13:22:28,509 INFO c.h.h.t.HelmChartContainer - [EVENT] Normal [Pulled] Container image "docker.io/hivemq/hivemq-platform-operator-init-test:snapshot" already present on machine [helmrestapiit:test-hivemq-platform-0]
2025-01-29 13:22:28,646 INFO c.h.h.t.HelmChartContainer - [EVENT] Normal [Created] Created container: hivemq-platform-operator-init [helmrestapiit:test-hivemq-platform-0]
2025-01-29 13:22:28,685 INFO c.h.h.t.HelmChartContainer - [EVENT] Normal [Started] Started container hivemq-platform-operator-init [helmrestapiit:test-hivemq-platform-0]
2025-01-29 13:22:29,677 INFO c.h.h.t.HelmChartContainer - [EVENT] Normal [Pulled] Container image "docker.io/hivemq/hivemq4:4.36.0" already present on machine [helmrestapiit:test-hivemq-platform-0]
2025-01-29 13:22:29,677 INFO c.h.h.t.HelmChartContainer - Received Pulled event for container hivemq in pod test-hivemq-platform-0 [23cc56da-cdd0-48e8-bd14-aba060df0357]
2025-01-29 13:22:29,697 INFO c.h.h.t.HelmChartContainer - [POD] test-hivemq-platform-0 [23cc56da-cdd0-48e8-bd14-aba060df0357] in helmrestapiit was MODIFIED
2025-01-29 13:22:29,715 INFO c.h.h.t.HelmChartContainer - [hivemq-test-hivemq-platform] [hivemq-platform-operator] [c521dfcc] 13:22:29.710 [pool-6-thread-32] DEBUG c.h.p.o.d.PlatformServiceResource - [helmrest] Desired Platform services (2 services)
2025-01-29 13:22:29,723 INFO c.h.h.t.HelmChartContainer - [hivemq-test-hivemq-platform] [hivemq-platform-operator] [c521dfcc] 13:22:29.719 [pool-6-thread-33] DEBUG c.h.p.o.dependants.PodInfoConfigMap - [helmrest] Desired PodInfo ConfigMap (2 extensions) (1 enabled)
2025-01-29 13:22:29,723 INFO c.h.h.t.HelmChartContainer - [hivemq-test-hivemq-platform] [hivemq-platform-operator] [c521dfcc] 13:22:29.720 [pool-6-thread-37] DEBUG c.h.p.o.d.PodServiceAccountResource - [helmrest] Desired PodServiceAccountResource (serviceAccountName: hivemq-platform-pod-test-hivemq-platform)
2025-01-29 13:22:29,725 INFO c.h.h.t.HelmChartContainer - [hivemq-test-hivemq-platform] [hivemq-platform-operator] [c521dfcc] 13:22:29.720 [pool-6-thread-33] DEBUG c.h.p.o.dependants.PodInfoConfigMap - [helmrest] Desired PodInfo ConfigMap (metrics port: 9399) (metrics path: /)
2025-01-29 13:22:29,726 INFO c.h.h.t.HelmChartContainer - [hivemq-test-hivemq-platform] [hivemq-platform-operator] [c521dfcc] 13:22:29.724 [pool-6-thread-33] DEBUG c.h.p.o.dependants.PodInfoConfigMap - [helmrest] Desired PodInfo ConfigMap (extension state hash: 1053972473)
2025-01-29 13:22:29,786 INFO c.h.h.t.HelmChartContainer - [hivemq-test-hivemq-platform] [hivemq-platform-operator] [c521dfcc] 13:22:29.785 [pool-6-thread-40] DEBUG c.h.p.o.d.StatefulSetResource - [helmrest] Desired StatefulSet (1 replicas) for status STARTING (READY)
2025-01-29 13:22:29,794 INFO c.h.h.t.HelmChartContainer - [hivemq-test-hivemq-platform] [hivemq-platform-operator] [c521dfcc] 13:22:29.793 [ReconcilerExecutor-hivemq-controller-86] INFO  c.h.p.o.HiveMQPlatformReconciler - [helmrest] Reconciling HiveMQ Platform 'test-hivemq-platform' in namespace 'helmrestapiit'
2025-01-29 13:22:29,794 INFO c.h.h.t.HelmChartContainer - [hivemq-test-hivemq-platform] [hivemq-platform-operator] [c521dfcc] 13:22:29.793 [ReconcilerExecutor-hivemq-controller-86] DEBUG c.h.p.o.HiveMQPlatformReconciler - [helmrest] Custom Resource Status STARTING - HiveMQ Platform is starting (READY)
2025-01-29 13:22:29,794 INFO c.h.h.t.HelmChartContainer - [hivemq-test-hivemq-platform] [hivemq-platform-operator] [c521dfcc] 13:22:29.793 [ReconcilerExecutor-hivemq-controller-86] DEBUG c.h.p.o.HiveMQPlatformReconciler - [helmrest] Custom Resource Spec (replicas: 1) (extensions: 2)
2025-01-29 13:22:29,798 INFO c.h.h.t.HelmChartContainer - [hivemq-test-hivemq-platform] [hivemq-platform-operator] [c521dfcc] 13:22:29.798 [ReconcilerExecutor-hivemq-controller-86] DEBUG c.h.p.o.HiveMQPlatformReconciler - [helmrest] StatefulSet Status (revision: test-hivemq-platform-bbf59449c, replicas: 1, available: 0, ready: 0, current: 1, updated: 1)
2025-01-29 13:22:29,800 INFO c.h.h.t.HelmChartContainer - [hivemq-test-hivemq-platform] [hivemq-platform-operator] [c521dfcc] 13:22:29.799 [ReconcilerExecutor-hivemq-controller-86] DEBUG c.h.p.o.HiveMQPlatformReconciler - [helmrest] StatefulSet Spec (replicas: 1, init containers: 1, containers: 1, volumes: 5)
2025-01-29 13:22:29,804 INFO c.h.h.t.HelmChartContainer - [hivemq-test-hivemq-platform] [hivemq-platform-operator] [c521dfcc] 13:22:29.803 [ReconcilerExecutor-hivemq-controller-86] DEBUG c.h.p.o.h.HiveMQPlatformReconcilerErrorHandler - [helmrest] Pod 'test-hivemq-platform-0' phase Pending
2025-01-29 13:22:29,804 INFO c.h.h.t.HelmChartContainer - [hivemq-test-hivemq-platform] [hivemq-platform-operator] [c521dfcc] 13:22:29.803 [ReconcilerExecutor-hivemq-controller-86] DEBUG c.h.p.o.h.HiveMQPlatformReconcilerErrorHandler - [helmrest] Pod 'test-hivemq-platform-0' condition 'PodReadyToStartContainers': True
2025-01-29 13:22:29,804 INFO c.h.h.t.HelmChartContainer - [hivemq-test-hivemq-platform] [hivemq-platform-operator] [c521dfcc] 13:22:29.803 [ReconcilerExecutor-hivemq-controller-86] DEBUG c.h.p.o.h.HiveMQPlatformReconcilerErrorHandler - [helmrest] Pod 'test-hivemq-platform-0' condition 'Initialized': True
2025-01-29 13:22:29,804 INFO c.h.h.t.HelmChartContainer - [hivemq-test-hivemq-platform] [hivemq-platform-operator] [c521dfcc] 13:22:29.803 [ReconcilerExecutor-hivemq-controller-86] DEBUG c.h.p.o.h.HiveMQPlatformReconcilerErrorHandler - [helmrest] Pod 'test-hivemq-platform-0' condition 'Ready': False
2025-01-29 13:22:29,804 INFO c.h.h.t.HelmChartContainer - [hivemq-test-hivemq-platform] [hivemq-platform-operator] [c521dfcc] 13:22:29.803 [ReconcilerExecutor-hivemq-controller-86] DEBUG c.h.p.o.h.HiveMQPlatformReconcilerErrorHandler - [helmrest] Pod 'test-hivemq-platform-0' condition 'ContainersReady': False
2025-01-29 13:22:29,805 INFO c.h.h.t.HelmChartContainer - [hivemq-test-hivemq-platform] [hivemq-platform-operator] [c521dfcc] 13:22:29.803 [ReconcilerExecutor-hivemq-controller-86] DEBUG c.h.p.o.h.HiveMQPlatformReconcilerErrorHandler - [helmrest] Pod 'test-hivemq-platform-0' condition 'PodScheduled': True
2025-01-29 13:22:29,805 INFO c.h.h.t.HelmChartContainer - [hivemq-test-hivemq-platform] [hivemq-platform-operator] [c521dfcc] 13:22:29.803 [ReconcilerExecutor-hivemq-controller-86] DEBUG c.h.p.o.h.HiveMQPlatformReconcilerErrorHandler - [helmrest] Pod 'test-hivemq-platform-0' containerStatus 'hivemq' (started: false) (ready: false) (waiting: [PodInitializing] null)
2025-01-29 13:22:29,807 INFO c.h.h.t.HelmChartContainer - [hivemq-test-hivemq-platform] [hivemq-platform-operator] [c521dfcc] 13:22:29.806 [ReconcilerExecutor-hivemq-controller-86] INFO  c.h.p.o.h.HiveMQPlatformReconcilerBaseHandler - [helmrest] HiveMQ Platform is starting, 0 of 1 replicas are ready
2025-01-29 13:22:31,086 INFO c.h.h.t.HelmChartContainer - [EVENT] Normal [Created] Created container: hivemq [helmrestapiit:test-hivemq-platform-0]
2025-01-29 13:22:31,086 INFO c.h.h.t.HelmChartContainer - Received Created event for container hivemq in pod test-hivemq-platform-0 [23cc56da-cdd0-48e8-bd14-aba060df0357]
2025-01-29 13:22:31,691 INFO c.h.h.t.HelmChartContainer - [POD] test-hivemq-platform-0 [23cc56da-cdd0-48e8-bd14-aba060df0357] in helmrestapiit was MODIFIED
2025-01-29 13:22:31,700 INFO c.h.h.t.HelmChartContainer - [hivemq-test-hivemq-platform] [hivemq-platform-operator] [c521dfcc] 13:22:31.698 [pool-6-thread-42] DEBUG c.h.p.o.d.PlatformServiceResource - [helmrest] Desired Platform services (2 services)
2025-01-29 13:22:31,704 INFO c.h.h.t.HelmChartContainer - [EVENT] Normal [Started] Started container hivemq [helmrestapiit:test-hivemq-platform-0]
2025-01-29 13:22:31,704 INFO c.h.h.t.HelmChartContainer - Started log watcher for hivemq in pod test-hivemq-platform-0 [23cc56da-cdd0-48e8-bd14-aba060df0357]
2025-01-29 13:22:31,705 INFO c.h.h.t.HelmChartContainer - Received Started event for container hivemq in pod test-hivemq-platform-0 [23cc56da-cdd0-48e8-bd14-aba060df0357]
2025-01-29 13:22:31,706 INFO c.h.h.t.HelmChartContainer - [test-hivemq-platform] [hivemq] [23cc56da] Adding pre-installed HiveMQ Platform Operator extensions
2025-01-29 13:22:31,706 INFO c.h.h.t.HelmChartContainer - [test-hivemq-platform] [hivemq] [23cc56da] Running as user 10000
2025-01-29 13:22:31,706 INFO c.h.h.t.HelmChartContainer - [test-hivemq-platform] [hivemq] [23cc56da] Starting HiveMQ Platform Operator Init
2025-01-29 13:22:31,711 INFO c.h.h.t.HelmChartContainer - [hivemq-test-hivemq-platform] [hivemq-platform-operator] [c521dfcc] 13:22:31.706 [pool-6-thread-47] DEBUG c.h.p.o.d.PodServiceAccountResource - [helmrest] Desired PodServiceAccountResource (serviceAccountName: hivemq-platform-pod-test-hivemq-platform)
2025-01-29 13:22:31,711 INFO c.h.h.t.HelmChartContainer - [hivemq-test-hivemq-platform] [hivemq-platform-operator] [c521dfcc] 13:22:31.701 [pool-6-thread-43] DEBUG c.h.p.o.dependants.PodInfoConfigMap - [helmrest] Desired PodInfo ConfigMap (2 extensions) (1 enabled)
2025-01-29 13:22:31,711 INFO c.h.h.t.HelmChartContainer - [hivemq-test-hivemq-platform] [hivemq-platform-operator] [c521dfcc] 13:22:31.707 [pool-6-thread-43] DEBUG c.h.p.o.dependants.PodInfoConfigMap - [helmrest] Desired PodInfo ConfigMap (metrics port: 9399) (metrics path: /)
2025-01-29 13:22:31,711 INFO c.h.h.t.HelmChartContainer - [hivemq-test-hivemq-platform] [hivemq-platform-operator] [c521dfcc] 13:22:31.707 [pool-6-thread-43] DEBUG c.h.p.o.dependants.PodInfoConfigMap - [helmrest] Desired PodInfo ConfigMap (extension state hash: 1053972473)
2025-01-29 13:22:31,720 INFO c.h.h.t.HelmChartContainer - [hivemq-test-hivemq-platform] [hivemq-platform-operator] [c521dfcc] 13:22:31.718 [pool-6-thread-50] DEBUG c.h.p.o.d.StatefulSetResource - [helmrest] Desired StatefulSet (1 replicas) for status STARTING (READY)
2025-01-29 13:22:31,783 INFO c.h.h.t.HelmChartContainer - [hivemq-test-hivemq-platform] [hivemq-platform-operator] [c521dfcc] 13:22:31.781 [ReconcilerExecutor-hivemq-controller-97] INFO  c.h.p.o.HiveMQPlatformReconciler - [helmrest] Reconciling HiveMQ Platform 'test-hivemq-platform' in namespace 'helmrestapiit'
2025-01-29 13:22:31,783 INFO c.h.h.t.HelmChartContainer - [hivemq-test-hivemq-platform] [hivemq-platform-operator] [c521dfcc] 13:22:31.781 [ReconcilerExecutor-hivemq-controller-97] DEBUG c.h.p.o.HiveMQPlatformReconciler - [helmrest] Custom Resource Status STARTING - HiveMQ Platform is starting (READY)
2025-01-29 13:22:31,784 INFO c.h.h.t.HelmChartContainer - [hivemq-test-hivemq-platform] [hivemq-platform-operator] [c521dfcc] 13:22:31.781 [ReconcilerExecutor-hivemq-controller-97] DEBUG c.h.p.o.HiveMQPlatformReconciler - [helmrest] Custom Resource Spec (replicas: 1) (extensions: 2)
2025-01-29 13:22:31,786 INFO c.h.h.t.HelmChartContainer - [hivemq-test-hivemq-platform] [hivemq-platform-operator] [c521dfcc] 13:22:31.785 [ReconcilerExecutor-hivemq-controller-97] DEBUG c.h.p.o.HiveMQPlatformReconciler - [helmrest] StatefulSet Status (revision: test-hivemq-platform-bbf59449c, replicas: 1, available: 0, ready: 0, current: 1, updated: 1)
2025-01-29 13:22:31,786 INFO c.h.h.t.HelmChartContainer - [hivemq-test-hivemq-platform] [hivemq-platform-operator] [c521dfcc] 13:22:31.785 [ReconcilerExecutor-hivemq-controller-97] DEBUG c.h.p.o.HiveMQPlatformReconciler - [helmrest] StatefulSet Spec (replicas: 1, init containers: 1, containers: 1, volumes: 5)
2025-01-29 13:22:31,788 INFO c.h.h.t.HelmChartContainer - [hivemq-test-hivemq-platform] [hivemq-platform-operator] [c521dfcc] 13:22:31.788 [ReconcilerExecutor-hivemq-controller-97] DEBUG c.h.p.o.h.HiveMQPlatformReconcilerErrorHandler - [helmrest] Pod 'test-hivemq-platform-0' phase Running
2025-01-29 13:22:31,789 INFO c.h.h.t.HelmChartContainer - [hivemq-test-hivemq-platform] [hivemq-platform-operator] [c521dfcc] 13:22:31.789 [ReconcilerExecutor-hivemq-controller-97] INFO  c.h.p.o.h.HiveMQPlatformReconcilerBaseHandler - [helmrest] HiveMQ Platform is starting, 0 of 1 replicas are ready
2025-01-29 13:22:32,334 INFO c.h.h.t.HelmChartContainer - [test-hivemq-platform] [hivemq] [23cc56da] INFO  - [HiveMQ Platform Operator Init 1.7.0-SNAPSHOT] HiveMQ Platform Operator Init 1.7.0-SNAPSHOT (commit: bebf408 on branch: HEAD) built on Sun Jan 26 20:47:47 UTC 2025
2025-01-29 13:22:33,441 INFO c.h.h.t.HelmChartContainer - [test-hivemq-platform] [hivemq] [23cc56da] INFO  - [HiveMQ Platform Operator Init App 1.7.0-SNAPSHOT] Using bind address 10.42.0.11 from environment variable
2025-01-29 13:22:34,340 INFO c.h.h.t.HelmChartContainer - [test-hivemq-platform] [hivemq] [23cc56da] INFO  - [HiveMQ Platform Operator Init App 1.7.0-SNAPSHOT] HiveMQ Platform Operator Init App 1.7.0-SNAPSHOT (commit: bebf408 on branch: HEAD) built on Sun Jan 26 20:47:47 UTC 2025
2025-01-29 13:22:34,340 INFO c.h.h.t.HelmChartContainer - [test-hivemq-platform] [hivemq] [23cc56da] INFO  - [HiveMQ Platform Operator Init App 1.7.0-SNAPSHOT] PodInfo ConfigMap directory: /etc/podinfo
2025-01-29 13:22:34,340 INFO c.h.h.t.HelmChartContainer - [test-hivemq-platform] [hivemq] [23cc56da] INFO  - [HiveMQ Platform Operator Init App 1.7.0-SNAPSHOT] HiveMQ home directory: /opt/hivemq
2025-01-29 13:22:34,340 INFO c.h.h.t.HelmChartContainer - [test-hivemq-platform] [hivemq] [23cc56da] INFO  - [HiveMQ Platform Operator Init App 1.7.0-SNAPSHOT] HiveMQ Logback folder: /opt/hivemq/conf
2025-01-29 13:22:34,340 INFO c.h.h.t.HelmChartContainer - [test-hivemq-platform] [hivemq] [23cc56da] INFO  - [HiveMQ Platform Operator Init App 1.7.0-SNAPSHOT] HiveMQ Config folder: /opt/hivemq/conf-k8s
2025-01-29 13:22:34,340 INFO c.h.h.t.HelmChartContainer - [test-hivemq-platform] [hivemq] [23cc56da] INFO  - [HiveMQ Platform Operator Init App 1.7.0-SNAPSHOT] Starting HiveMQ Platform Operator Init App
2025-01-29 13:22:34,340 INFO c.h.h.t.HelmChartContainer - [test-hivemq-platform] [hivemq] [23cc56da] INFO  - [HiveMQ Platform Operator Init App 1.7.0-SNAPSHOT] Starting Pod reconciler
2025-01-29 13:22:35,545 INFO c.h.h.t.HelmChartContainer - [test-hivemq-platform] [hivemq] [23cc56da] INFO  - [HiveMQ Platform Operator Init App 1.7.0-SNAPSHOT] Pod reconciler is scheduled (interval: 5000 ms)
2025-01-29 13:22:35,546 INFO c.h.h.t.HelmChartContainer - [test-hivemq-platform] [hivemq] [23cc56da] INFO  - [HiveMQ Platform Operator Init App 1.7.0-SNAPSHOT] Starting the REST API on 10.42.0.11:7979
2025-01-29 13:22:35,548 INFO c.h.h.t.HelmChartContainer - [test-hivemq-platform] [hivemq] [23cc56da] INFO  - [HiveMQ Platform Operator Init App 1.7.0-SNAPSHOT] Waiting up to 600s for at most 1 HiveMQ nodes in cluster service hivemq-test-hivemq-platform-cluster.helmrestapiit.svc
2025-01-29 13:22:35,934 INFO c.h.h.t.HelmChartContainer - [test-hivemq-platform] [hivemq] [23cc56da] INFO  - [HiveMQ Platform Operator Init App 1.7.0-SNAPSHOT] Resolved 1 IP addresses: [10.42.0.11]
2025-01-29 13:22:35,934 INFO c.h.h.t.HelmChartContainer - [test-hivemq-platform] [hivemq] [23cc56da] INFO  - [HiveMQ Platform Operator Init App 1.7.0-SNAPSHOT] HiveMQ node count of 1 is within threshold of 1
2025-01-29 13:22:35,934 INFO c.h.h.t.HelmChartContainer - [test-hivemq-platform] [hivemq] [23cc56da] INFO  - [HiveMQ Platform Operator Init App 1.7.0-SNAPSHOT] Proceeding with container start
2025-01-29 13:22:35,995 INFO c.h.h.t.HelmChartContainer - [test-hivemq-platform] [hivemq] [23cc56da] INFO  - [HiveMQ Platform Operator Init App 1.7.0-SNAPSHOT] Initializing HiveMQ Platform extensions with initial configuration: {hivemq-allow-all-extension={start-priority=-1, skip-https-hostname-verification=false, restart=true, config-version=0, header-version=0, c-uri=, priority=-1, uri=preinstalled, skip-https-certificate-validation=false, enabled=false}, hivemq-enterprise-security-extension={start-priority=-1, skip-https-hostname-verification=false, restart=true, config-version=1104, header-version=0, c-uri=, priority=-1, uri=preinstalled, skip-https-certificate-validation=false, enabled=true}, hivemq-prometheus-extension={enabled=true, restart=true, priority=-1, start-priority=-1, c-uri=, skip-https-hostname-verification=false, skip-https-certificate-validation=false, uri=preinstalled, request-header-path=no-request-headers}}
2025-01-29 13:22:35,996 INFO c.h.h.t.HelmChartContainer - [test-hivemq-platform] [hivemq] [23cc56da] INFO  - [HiveMQ Platform Operator Init App 1.7.0-SNAPSHOT] Successfully disabled extension hivemq-allow-all-extension
2025-01-29 13:22:36,431 INFO c.h.h.t.HelmChartContainer - [test-hivemq-platform] [hivemq] [23cc56da] INFO  - [HiveMQ Platform Operator Init App 1.7.0-SNAPSHOT] Successfully enabled extension hivemq-enterprise-security-extension
2025-01-29 13:22:36,497 INFO c.h.h.t.HelmChartContainer - [test-hivemq-platform] [hivemq] [23cc56da] INFO  - [HiveMQ Platform Operator Init App 1.7.0-SNAPSHOT] Successfully enabled extension hivemq-prometheus-extension
2025-01-29 13:22:36,498 INFO c.h.h.t.HelmChartContainer - [test-hivemq-platform] [hivemq] [23cc56da] INFO  - [HiveMQ Platform Operator Init App 1.7.0-SNAPSHOT] Starting HiveMQ Platform version 4.36.0 (4.36.0)
2025-01-29 13:22:36,500 INFO c.h.h.t.HelmChartContainer - [test-hivemq-platform] [hivemq] [23cc56da] INFO  - [HiveMQ Platform Operator Init App 1.7.0-SNAPSHOT] Configuring the HiveMQ Platform
2025-01-29 13:22:36,537 INFO c.h.h.t.HelmChartContainer - [test-hivemq-platform] [hivemq] [23cc56da] INFO  - [HiveMQ Platform Operator Init App 1.7.0-SNAPSHOT] Changed logback.xml file scan period to 20 seconds
2025-01-29 13:22:36,598 INFO c.h.h.t.HelmChartContainer - [test-hivemq-platform] [hivemq] [23cc56da] INFO  - [HiveMQ Platform Operator Init App 1.7.0-SNAPSHOT] Starting the HiveMQ Platform
2025-01-29 13:22:36,632 INFO c.h.h.t.HelmChartContainer - [test-hivemq-platform] [hivemq] [23cc56da] -------------------------------------------------------------------------
2025-01-29 13:22:36,632 INFO c.h.h.t.HelmChartContainer - [test-hivemq-platform] [hivemq] [23cc56da] 
2025-01-29 13:22:36,638 INFO c.h.h.t.HelmChartContainer - [test-hivemq-platform] [hivemq] [23cc56da]                   _    _  _              __  __   ____
2025-01-29 13:22:36,638 INFO c.h.h.t.HelmChartContainer - [test-hivemq-platform] [hivemq] [23cc56da]                  | |  | |(_)            |  \/  | / __ \
2025-01-29 13:22:36,638 INFO c.h.h.t.HelmChartContainer - [test-hivemq-platform] [hivemq] [23cc56da]                  | |__| | _ __   __ ___ | \  / || |  | |
2025-01-29 13:22:36,638 INFO c.h.h.t.HelmChartContainer - [test-hivemq-platform] [hivemq] [23cc56da]                  |  __  || |\ \ / // _ \| |\/| || |  | |
2025-01-29 13:22:36,639 INFO c.h.h.t.HelmChartContainer - [test-hivemq-platform] [hivemq] [23cc56da]                  | |  | || | \ V /|  __/| |  | || |__| |
2025-01-29 13:22:36,639 INFO c.h.h.t.HelmChartContainer - [test-hivemq-platform] [hivemq] [23cc56da]                  |_|  |_||_|  \_/  \___||_|  |_| \___\_\
2025-01-29 13:22:36,639 INFO c.h.h.t.HelmChartContainer - [test-hivemq-platform] [hivemq] [23cc56da] 
2025-01-29 13:22:36,639 INFO c.h.h.t.HelmChartContainer - [test-hivemq-platform] [hivemq] [23cc56da] -------------------------------------------------------------------------
2025-01-29 13:22:36,639 INFO c.h.h.t.HelmChartContainer - [test-hivemq-platform] [hivemq] [23cc56da] 
2025-01-29 13:22:36,639 INFO c.h.h.t.HelmChartContainer - [test-hivemq-platform] [hivemq] [23cc56da]   HiveMQ Start Script for Linux/Unix v1.14
2025-01-29 13:22:36,639 INFO c.h.h.t.HelmChartContainer - [test-hivemq-platform] [hivemq] [23cc56da] 
2025-01-29 13:22:36,703 INFO c.h.h.t.HelmChartContainer - [test-hivemq-platform] [hivemq] [23cc56da] -------------------------------------------------------------------------
2025-01-29 13:22:36,704 INFO c.h.h.t.HelmChartContainer - [test-hivemq-platform] [hivemq] [23cc56da] 
2025-01-29 13:22:36,704 INFO c.h.h.t.HelmChartContainer - [test-hivemq-platform] [hivemq] [23cc56da]   HIVEMQ_HOME: /opt/hivemq
2025-01-29 13:22:36,704 INFO c.h.h.t.HelmChartContainer - [test-hivemq-platform] [hivemq] [23cc56da] 
2025-01-29 13:22:36,704 INFO c.h.h.t.HelmChartContainer - [test-hivemq-platform] [hivemq] [23cc56da]   JAVA_OPTS: -XX:+UnlockExperimentalVMOptions -XX:InitialRAMPercentage=50 -XX:MaxRAMPercentage=50 -Djava.net.preferIPv4Stack=true --add-opens java.base/java.lang=ALL-UNNAMED --add-opens java.base/java.nio=ALL-UNNAMED --add-opens java.base/sun.nio.ch=ALL-UNNAMED --add-opens jdk.management/com.sun.management.internal=ALL-UNNAMED --add-exports java.base/jdk.internal.misc=ALL-UNNAMED -Djava.security.egd=file:/dev/./urandom -Dcom.sun.management.jmxremote -Dcom.sun.management.jmxremote.port=9010 -Dcom.sun.management.jmxremote.local.only=false -Dcom.sun.management.jmxremote.authenticate=false -Dcom.sun.management.jmxremote.ssl=false -Duser.language=en -Duser.region=US -XX:+CrashOnOutOfMemoryError -XX:+HeapDumpOnOutOfMemoryError
2025-01-29 13:22:36,704 INFO c.h.h.t.HelmChartContainer - [test-hivemq-platform] [hivemq] [23cc56da] 
2025-01-29 13:22:36,704 INFO c.h.h.t.HelmChartContainer - [test-hivemq-platform] [hivemq] [23cc56da]   JAVA_VERSION: 21
2025-01-29 13:22:36,704 INFO c.h.h.t.HelmChartContainer - [test-hivemq-platform] [hivemq] [23cc56da] 
2025-01-29 13:22:36,704 INFO c.h.h.t.HelmChartContainer - [test-hivemq-platform] [hivemq] [23cc56da] -------------------------------------------------------------------------
2025-01-29 13:22:36,704 INFO c.h.h.t.HelmChartContainer - [test-hivemq-platform] [hivemq] [23cc56da] 
2025-01-29 13:22:37,735 INFO c.h.h.t.HelmChartContainer - [test-hivemq-platform] [hivemq] [23cc56da] INFO  - [HiveMQ Platform Operator Init App 1.7.0-SNAPSHOT] Returning default Health API response 503 for readiness
2025-01-29 13:22:38,036 INFO c.h.h.t.HelmChartContainer - [EVENT] Warning [Unhealthy] Readiness probe failed: HTTP probe failed with statuscode: 503 [helmrestapiit:test-hivemq-platform-0]
2025-01-29 13:22:38,036 INFO c.h.h.t.HelmChartContainer - Received Unhealthy event for container hivemq in pod test-hivemq-platform-0 [23cc56da-cdd0-48e8-bd14-aba060df0357]
2025-01-29 13:22:39,333 INFO c.h.h.t.HelmChartContainer - [test-hivemq-platform] [hivemq] [23cc56da] INFO  - Starting HiveMQ Enterprise Server
2025-01-29 13:22:39,339 INFO c.h.h.t.HelmChartContainer - [test-hivemq-platform] [hivemq] [23cc56da] INFO  - HiveMQ version: 4.36.0
2025-01-29 13:22:39,340 INFO c.h.h.t.HelmChartContainer - [test-hivemq-platform] [hivemq] [23cc56da] INFO  - HiveMQ home directory: /opt/hivemq
2025-01-29 13:22:39,340 INFO c.h.h.t.HelmChartContainer - [test-hivemq-platform] [hivemq] [23cc56da] INFO  - Log Configuration was overridden by /opt/hivemq/conf/logback.xml
2025-01-29 13:22:40,444 INFO c.h.h.t.HelmChartContainer - [test-hivemq-platform] [hivemq] [23cc56da] INFO  - Successfully loaded configuration from '/opt/hivemq/conf-k8s/config.xml'.
2025-01-29 13:22:41,036 INFO c.h.h.t.HelmChartContainer - [test-hivemq-platform] [hivemq] [23cc56da] INFO  - This node's ID is dxrk7
2025-01-29 13:22:41,037 INFO c.h.h.t.HelmChartContainer - [test-hivemq-platform] [hivemq] [23cc56da] INFO  - Clustering is enabled
2025-01-29 13:22:41,795 INFO c.h.h.t.HelmChartContainer - [hivemq-test-hivemq-platform] [hivemq-platform-operator] [c521dfcc] 13:22:41.793 [pool-6-thread-8] DEBUG c.h.p.o.d.PlatformServiceResource - [helmrest] Desired Platform services (2 services)
2025-01-29 13:22:41,798 INFO c.h.h.t.HelmChartContainer - [hivemq-test-hivemq-platform] [hivemq-platform-operator] [c521dfcc] 13:22:41.797 [pool-6-thread-9] DEBUG c.h.p.o.dependants.PodInfoConfigMap - [helmrest] Desired PodInfo ConfigMap (2 extensions) (1 enabled)
2025-01-29 13:22:41,799 INFO c.h.h.t.HelmChartContainer - [hivemq-test-hivemq-platform] [hivemq-platform-operator] [c521dfcc] 13:22:41.797 [pool-6-thread-9] DEBUG c.h.p.o.dependants.PodInfoConfigMap - [helmrest] Desired PodInfo ConfigMap (metrics port: 9399) (metrics path: /)
2025-01-29 13:22:41,799 INFO c.h.h.t.HelmChartContainer - [hivemq-test-hivemq-platform] [hivemq-platform-operator] [c521dfcc] 13:22:41.797 [pool-6-thread-9] DEBUG c.h.p.o.dependants.PodInfoConfigMap - [helmrest] Desired PodInfo ConfigMap (extension state hash: 1053972473)
2025-01-29 13:22:41,800 INFO c.h.h.t.HelmChartContainer - [hivemq-test-hivemq-platform] [hivemq-platform-operator] [c521dfcc] 13:22:41.797 [pool-6-thread-5] DEBUG c.h.p.o.d.PodServiceAccountResource - [helmrest] Desired PodServiceAccountResource (serviceAccountName: hivemq-platform-pod-test-hivemq-platform)
2025-01-29 13:22:41,810 INFO c.h.h.t.HelmChartContainer - [hivemq-test-hivemq-platform] [hivemq-platform-operator] [c521dfcc] 13:22:41.809 [pool-6-thread-8] DEBUG c.h.p.o.d.StatefulSetResource - [helmrest] Desired StatefulSet (1 replicas) for status STARTING (READY)
2025-01-29 13:22:41,884 INFO c.h.h.t.HelmChartContainer - [hivemq-test-hivemq-platform] [hivemq-platform-operator] [c521dfcc] 13:22:41.882 [ReconcilerExecutor-hivemq-controller-108] INFO  c.h.p.o.HiveMQPlatformReconciler - [helmrest] Reconciling HiveMQ Platform 'test-hivemq-platform' in namespace 'helmrestapiit'
2025-01-29 13:22:41,884 INFO c.h.h.t.HelmChartContainer - [hivemq-test-hivemq-platform] [hivemq-platform-operator] [c521dfcc] 13:22:41.883 [ReconcilerExecutor-hivemq-controller-108] DEBUG c.h.p.o.HiveMQPlatformReconciler - [helmrest] Custom Resource Status STARTING - HiveMQ Platform is starting (READY)
2025-01-29 13:22:41,884 INFO c.h.h.t.HelmChartContainer - [hivemq-test-hivemq-platform] [hivemq-platform-operator] [c521dfcc] 13:22:41.883 [ReconcilerExecutor-hivemq-controller-108] DEBUG c.h.p.o.HiveMQPlatformReconciler - [helmrest] Custom Resource Spec (replicas: 1) (extensions: 2)
2025-01-29 13:22:41,888 INFO c.h.h.t.HelmChartContainer - [hivemq-test-hivemq-platform] [hivemq-platform-operator] [c521dfcc] 13:22:41.885 [ReconcilerExecutor-hivemq-controller-108] DEBUG c.h.p.o.HiveMQPlatformReconciler - [helmrest] StatefulSet Status (revision: test-hivemq-platform-bbf59449c, replicas: 1, available: 0, ready: 0, current: 1, updated: 1)
2025-01-29 13:22:41,888 INFO c.h.h.t.HelmChartContainer - [hivemq-test-hivemq-platform] [hivemq-platform-operator] [c521dfcc] 13:22:41.885 [ReconcilerExecutor-hivemq-controller-108] DEBUG c.h.p.o.HiveMQPlatformReconciler - [helmrest] StatefulSet Spec (replicas: 1, init containers: 1, containers: 1, volumes: 5)
2025-01-29 13:22:41,890 INFO c.h.h.t.HelmChartContainer - [hivemq-test-hivemq-platform] [hivemq-platform-operator] [c521dfcc] 13:22:41.888 [ReconcilerExecutor-hivemq-controller-108] DEBUG c.h.p.o.h.HiveMQPlatformReconcilerErrorHandler - [helmrest] Pod 'test-hivemq-platform-0' phase Running
2025-01-29 13:22:41,890 INFO c.h.h.t.HelmChartContainer - [hivemq-test-hivemq-platform] [hivemq-platform-operator] [c521dfcc] 13:22:41.889 [ReconcilerExecutor-hivemq-controller-108] INFO  c.h.p.o.h.HiveMQPlatformReconcilerBaseHandler - [helmrest] HiveMQ Platform is starting, 0 of 1 replicas are ready
2025-01-29 13:22:43,036 INFO c.h.h.t.HelmChartContainer - [test-hivemq-platform] [hivemq] [23cc56da] WARN  - [HiveMQ Platform Operator Init App 1.7.0-SNAPSHOT] Cannot connect to Health API for readiness: null
2025-01-29 13:22:43,040 INFO c.h.h.t.HelmChartContainer - [EVENT] Warning [Unhealthy] Readiness probe failed: HTTP probe failed with statuscode: 503 [helmrestapiit:test-hivemq-platform-0]
2025-01-29 13:22:43,040 INFO c.h.h.t.HelmChartContainer - Received Unhealthy event for container hivemq in pod test-hivemq-platform-0 [23cc56da-cdd0-48e8-bd14-aba060df0357]
2025-01-29 13:22:45,895 INFO c.h.h.t.HelmChartContainer - [test-hivemq-platform] [hivemq] [23cc56da] Jan 29, 2025 1:22:45 PM io.vertx.core.impl.BlockedThreadChecker
2025-01-29 13:22:45,895 INFO c.h.h.t.HelmChartContainer - [test-hivemq-platform] [hivemq] [23cc56da] WARNING: Thread Thread[vert.x-eventloop-thread-1,5,main] has been blocked for 2700 ms, time limit is 2000 ms
2025-01-29 13:22:46,394 INFO c.h.h.t.HelmChartContainer - [test-hivemq-platform] [hivemq] [23cc56da] INFO  - [HiveMQ Platform Operator Init App 1.7.0-SNAPSHOT] Updating Pod HiveMQ Platform Operator Init App version annotation (version: 1.7.0-SNAPSHOT)
2025-01-29 13:22:47,145 INFO c.h.h.t.HelmChartContainer - [POD] test-hivemq-platform-0 [23cc56da-cdd0-48e8-bd14-aba060df0357] in helmrestapiit was MODIFIED
2025-01-29 13:22:47,157 INFO c.h.h.t.HelmChartContainer - [hivemq-test-hivemq-platform] [hivemq-platform-operator] [c521dfcc] 13:22:47.156 [pool-6-thread-17] DEBUG c.h.p.o.dependants.PodInfoConfigMap - [helmrest] Desired PodInfo ConfigMap (2 extensions) (1 enabled)
2025-01-29 13:22:47,157 INFO c.h.h.t.HelmChartContainer - [hivemq-test-hivemq-platform] [hivemq-platform-operator] [c521dfcc] 13:22:47.156 [pool-6-thread-17] DEBUG c.h.p.o.dependants.PodInfoConfigMap - [helmrest] Desired PodInfo ConfigMap (metrics port: 9399) (metrics path: /)
2025-01-29 13:22:47,158 INFO c.h.h.t.HelmChartContainer - [hivemq-test-hivemq-platform] [hivemq-platform-operator] [c521dfcc] 13:22:47.156 [pool-6-thread-17] DEBUG c.h.p.o.dependants.PodInfoConfigMap - [helmrest] Desired PodInfo ConfigMap (extension state hash: 1053972473)
2025-01-29 13:22:47,158 INFO c.h.h.t.HelmChartContainer - [hivemq-test-hivemq-platform] [hivemq-platform-operator] [c521dfcc] 13:22:47.155 [pool-6-thread-19] DEBUG c.h.p.o.d.PlatformServiceResource - [helmrest] Desired Platform services (2 services)
2025-01-29 13:22:47,161 INFO c.h.h.t.HelmChartContainer - [hivemq-test-hivemq-platform] [hivemq-platform-operator] [c521dfcc] 13:22:47.160 [pool-6-thread-17] DEBUG c.h.p.o.d.PodServiceAccountResource - [helmrest] Desired PodServiceAccountResource (serviceAccountName: hivemq-platform-pod-test-hivemq-platform)
2025-01-29 13:22:47,163 INFO c.h.h.t.HelmChartContainer - [hivemq-test-hivemq-platform] [hivemq-platform-operator] [c521dfcc] 13:22:47.162 [pool-6-thread-18] DEBUG c.h.p.o.d.StatefulSetResource - [helmrest] Desired StatefulSet (1 replicas) for status STARTING (READY)
2025-01-29 13:22:47,179 INFO c.h.h.t.HelmChartContainer - [hivemq-test-hivemq-platform] [hivemq-platform-operator] [c521dfcc] 13:22:47.178 [ReconcilerExecutor-hivemq-controller-109] INFO  c.h.p.o.HiveMQPlatformReconciler - [helmrest] Reconciling HiveMQ Platform 'test-hivemq-platform' in namespace 'helmrestapiit'
2025-01-29 13:22:47,179 INFO c.h.h.t.HelmChartContainer - [hivemq-test-hivemq-platform] [hivemq-platform-operator] [c521dfcc] 13:22:47.178 [ReconcilerExecutor-hivemq-controller-109] DEBUG c.h.p.o.HiveMQPlatformReconciler - [helmrest] Custom Resource Status STARTING - HiveMQ Platform is starting (READY)
2025-01-29 13:22:47,179 INFO c.h.h.t.HelmChartContainer - [hivemq-test-hivemq-platform] [hivemq-platform-operator] [c521dfcc] 13:22:47.179 [ReconcilerExecutor-hivemq-controller-109] DEBUG c.h.p.o.HiveMQPlatformReconciler - [helmrest] Custom Resource Spec (replicas: 1) (extensions: 2)
2025-01-29 13:22:47,183 INFO c.h.h.t.HelmChartContainer - [hivemq-test-hivemq-platform] [hivemq-platform-operator] [c521dfcc] 13:22:47.182 [ReconcilerExecutor-hivemq-controller-109] DEBUG c.h.p.o.HiveMQPlatformReconciler - [helmrest] StatefulSet Status (revision: test-hivemq-platform-bbf59449c, replicas: 1, available: 0, ready: 0, current: 1, updated: 1)
2025-01-29 13:22:47,183 INFO c.h.h.t.HelmChartContainer - [hivemq-test-hivemq-platform] [hivemq-platform-operator] [c521dfcc] 13:22:47.182 [ReconcilerExecutor-hivemq-controller-109] DEBUG c.h.p.o.HiveMQPlatformReconciler - [helmrest] StatefulSet Spec (replicas: 1, init containers: 1, containers: 1, volumes: 5)
2025-01-29 13:22:47,185 INFO c.h.h.t.HelmChartContainer - [hivemq-test-hivemq-platform] [hivemq-platform-operator] [c521dfcc] 13:22:47.184 [ReconcilerExecutor-hivemq-controller-109] DEBUG c.h.p.o.h.HiveMQPlatformReconcilerErrorHandler - [helmrest] Pod 'test-hivemq-platform-0' phase Running
2025-01-29 13:22:47,186 INFO c.h.h.t.HelmChartContainer - [hivemq-test-hivemq-platform] [hivemq-platform-operator] [c521dfcc] 13:22:47.185 [ReconcilerExecutor-hivemq-controller-109] INFO  c.h.p.o.h.HiveMQPlatformReconcilerBaseHandler - [helmrest] HiveMQ Platform is starting, 0 of 1 replicas are ready
2025-01-29 13:22:47,237 INFO c.h.h.t.HelmChartContainer - [test-hivemq-platform] [hivemq] [23cc56da] WARN  - [HiveMQ Platform Operator Init App 1.7.0-SNAPSHOT] Cannot connect to Health API for readiness: null
2025-01-29 13:22:47,243 INFO c.h.h.t.HelmChartContainer - [test-hivemq-platform] [hivemq] [23cc56da] INFO  - [HiveMQ Platform Operator Init App 1.7.0-SNAPSHOT] Successfully updated Pod HiveMQ Platform Operator Init App version annotation (version: 1.7.0-SNAPSHOT)
2025-01-29 13:22:47,246 INFO c.h.h.t.HelmChartContainer - [EVENT] Warning [Unhealthy] Readiness probe failed: HTTP probe failed with statuscode: 503 [helmrestapiit:test-hivemq-platform-0]
2025-01-29 13:22:47,246 INFO c.h.h.t.HelmChartContainer - Received Unhealthy event for container hivemq in pod test-hivemq-platform-0 [23cc56da-cdd0-48e8-bd14-aba060df0357]
2025-01-29 13:22:52,148 INFO c.h.h.t.HelmChartContainer - [test-hivemq-platform] [hivemq] [23cc56da] WARN  - [HiveMQ Platform Operator Init App 1.7.0-SNAPSHOT] Cannot connect to Health API for readiness: null
2025-01-29 13:22:52,155 INFO c.h.h.t.HelmChartContainer - [EVENT] Warning [Unhealthy] Readiness probe failed: HTTP probe failed with statuscode: 503 [helmrestapiit:test-hivemq-platform-0]
2025-01-29 13:22:52,155 INFO c.h.h.t.HelmChartContainer - Received Unhealthy event for container hivemq in pod test-hivemq-platform-0 [23cc56da-cdd0-48e8-bd14-aba060df0357]
2025-01-29 13:22:57,149 INFO c.h.h.t.HelmChartContainer - [test-hivemq-platform] [hivemq] [23cc56da] WARN  - [HiveMQ Platform Operator Init App 1.7.0-SNAPSHOT] Cannot connect to Health API for readiness: null
2025-01-29 13:22:57,154 INFO c.h.h.t.HelmChartContainer - [EVENT] Warning [Unhealthy] Readiness probe failed: HTTP probe failed with statuscode: 503 [helmrestapiit:test-hivemq-platform-0]
2025-01-29 13:22:57,154 INFO c.h.h.t.HelmChartContainer - Received Unhealthy event for container hivemq in pod test-hivemq-platform-0 [23cc56da-cdd0-48e8-bd14-aba060df0357]
2025-01-29 13:22:57,196 INFO c.h.h.t.HelmChartContainer - [hivemq-test-hivemq-platform] [hivemq-platform-operator] [c521dfcc] 13:22:57.191 [pool-6-thread-26] DEBUG c.h.p.o.d.PlatformServiceResource - [helmrest] Desired Platform services (2 services)
2025-01-29 13:22:57,196 INFO c.h.h.t.HelmChartContainer - [hivemq-test-hivemq-platform] [hivemq-platform-operator] [c521dfcc] 13:22:57.192 [pool-6-thread-24] DEBUG c.h.p.o.dependants.PodInfoConfigMap - [helmrest] Desired PodInfo ConfigMap (2 extensions) (1 enabled)
2025-01-29 13:22:57,196 INFO c.h.h.t.HelmChartContainer - [hivemq-test-hivemq-platform] [hivemq-platform-operator] [c521dfcc] 13:22:57.193 [pool-6-thread-29] DEBUG c.h.p.o.d.PodServiceAccountResource - [helmrest] Desired PodServiceAccountResource (serviceAccountName: hivemq-platform-pod-test-hivemq-platform)
2025-01-29 13:22:57,196 INFO c.h.h.t.HelmChartContainer - [hivemq-test-hivemq-platform] [hivemq-platform-operator] [c521dfcc] 13:22:57.192 [pool-6-thread-24] DEBUG c.h.p.o.dependants.PodInfoConfigMap - [helmrest] Desired PodInfo ConfigMap (metrics port: 9399) (metrics path: /)
2025-01-29 13:22:57,196 INFO c.h.h.t.HelmChartContainer - [hivemq-test-hivemq-platform] [hivemq-platform-operator] [c521dfcc] 13:22:57.195 [pool-6-thread-24] DEBUG c.h.p.o.dependants.PodInfoConfigMap - [helmrest] Desired PodInfo ConfigMap (extension state hash: 1053972473)
2025-01-29 13:22:57,199 INFO c.h.h.t.HelmChartContainer - [hivemq-test-hivemq-platform] [hivemq-platform-operator] [c521dfcc] 13:22:57.198 [pool-6-thread-29] DEBUG c.h.p.o.d.StatefulSetResource - [helmrest] Desired StatefulSet (1 replicas) for status STARTING (READY)
2025-01-29 13:22:57,204 INFO c.h.h.t.HelmChartContainer - [hivemq-test-hivemq-platform] [hivemq-platform-operator] [c521dfcc] 13:22:57.202 [ReconcilerExecutor-hivemq-controller-110] INFO  c.h.p.o.HiveMQPlatformReconciler - [helmrest] Reconciling HiveMQ Platform 'test-hivemq-platform' in namespace 'helmrestapiit'
2025-01-29 13:22:57,204 INFO c.h.h.t.HelmChartContainer - [hivemq-test-hivemq-platform] [hivemq-platform-operator] [c521dfcc] 13:22:57.202 [ReconcilerExecutor-hivemq-controller-110] DEBUG c.h.p.o.HiveMQPlatformReconciler - [helmrest] Custom Resource Status STARTING - HiveMQ Platform is starting (READY)
2025-01-29 13:22:57,205 INFO c.h.h.t.HelmChartContainer - [hivemq-test-hivemq-platform] [hivemq-platform-operator] [c521dfcc] 13:22:57.202 [ReconcilerExecutor-hivemq-controller-110] DEBUG c.h.p.o.HiveMQPlatformReconciler - [helmrest] Custom Resource Spec (replicas: 1) (extensions: 2)
2025-01-29 13:22:57,285 INFO c.h.h.t.HelmChartContainer - [hivemq-test-hivemq-platform] [hivemq-platform-operator] [c521dfcc] 13:22:57.281 [ReconcilerExecutor-hivemq-controller-110] DEBUG c.h.p.o.HiveMQPlatformReconciler - [helmrest] StatefulSet Status (revision: test-hivemq-platform-bbf59449c, replicas: 1, available: 0, ready: 0, current: 1, updated: 1)
2025-01-29 13:22:57,285 INFO c.h.h.t.HelmChartContainer - [hivemq-test-hivemq-platform] [hivemq-platform-operator] [c521dfcc] 13:22:57.281 [ReconcilerExecutor-hivemq-controller-110] DEBUG c.h.p.o.HiveMQPlatformReconciler - [helmrest] StatefulSet Spec (replicas: 1, init containers: 1, containers: 1, volumes: 5)
2025-01-29 13:22:57,285 INFO c.h.h.t.HelmChartContainer - [hivemq-test-hivemq-platform] [hivemq-platform-operator] [c521dfcc] 13:22:57.282 [ReconcilerExecutor-hivemq-controller-110] DEBUG c.h.p.o.h.HiveMQPlatformReconcilerErrorHandler - [helmrest] Pod 'test-hivemq-platform-0' phase Running
2025-01-29 13:22:57,285 INFO c.h.h.t.HelmChartContainer - [hivemq-test-hivemq-platform] [hivemq-platform-operator] [c521dfcc] 13:22:57.283 [ReconcilerExecutor-hivemq-controller-110] INFO  c.h.p.o.h.HiveMQPlatformReconcilerBaseHandler - [helmrest] HiveMQ Platform is starting, 0 of 1 replicas are ready
2025-01-29 13:22:58,434 INFO c.h.h.t.HelmChartContainer - [test-hivemq-platform] [hivemq] [23cc56da] WARN  - [HiveMQ Platform Operator Init App 1.7.0-SNAPSHOT] Cannot connect to Health API for liveness: null
2025-01-29 13:22:58,435 INFO c.h.h.t.HelmChartContainer - [test-hivemq-platform] [hivemq] [23cc56da] INFO  - [HiveMQ Platform Operator Init App 1.7.0-SNAPSHOT] Returning default Health API response 200 for liveness
2025-01-29 13:22:58,841 INFO c.h.h.t.HelmChartContainer - [test-hivemq-platform] [hivemq] [23cc56da] INFO  - No valid license file found. Using trial license, restricted to 25 connections.
2025-01-29 13:23:02,233 INFO c.h.h.t.HelmChartContainer - [test-hivemq-platform] [hivemq] [23cc56da] WARN  - [HiveMQ Platform Operator Init App 1.7.0-SNAPSHOT] Cannot connect to Health API for readiness: null
2025-01-29 13:23:02,238 INFO c.h.h.t.HelmChartContainer - [EVENT] Warning [Unhealthy] Readiness probe failed: HTTP probe failed with statuscode: 503 [helmrestapiit:test-hivemq-platform-0]
2025-01-29 13:23:02,238 INFO c.h.h.t.HelmChartContainer - Received Unhealthy event for container hivemq in pod test-hivemq-platform-0 [23cc56da-cdd0-48e8-bd14-aba060df0357]
2025-01-29 13:23:02,742 INFO c.h.h.t.HelmChartContainer - [test-hivemq-platform] [hivemq] [23cc56da] INFO  - No valid license file for Data Hub found. Using free license, restricted to 1 policy.
2025-01-29 13:23:03,841 INFO c.h.h.t.HelmChartContainer - [test-hivemq-platform] [hivemq] [23cc56da] INFO  - Audit Logger started.
2025-01-29 13:23:04,071 INFO c.h.h.t.HelmChartContainer - [test-hivemq-platform] [hivemq] [23cc56da] INFO  - This node uses '1' CPU cores.
2025-01-29 13:23:04,135 INFO c.h.h.t.HelmChartContainer - [test-hivemq-platform] [hivemq] [23cc56da] INFO  - Starting HiveMQ Health API on address 0.0.0.0 and port 8889
2025-01-29 13:23:04,845 INFO c.h.h.t.HelmChartContainer - [test-hivemq-platform] [hivemq] [23cc56da] INFO  - Started HiveMQ Health API in 710ms
2025-01-29 13:23:05,539 INFO c.h.h.t.HelmChartContainer - [test-hivemq-platform] [hivemq] [23cc56da] INFO  - Starting HiveMQ extension system.
2025-01-29 13:23:07,290 INFO c.h.h.t.HelmChartContainer - [hivemq-test-hivemq-platform] [hivemq-platform-operator] [c521dfcc] 13:23:07.288 [pool-6-thread-34] DEBUG c.h.p.o.dependants.PodInfoConfigMap - [helmrest] Desired PodInfo ConfigMap (2 extensions) (1 enabled)
2025-01-29 13:23:07,291 INFO c.h.h.t.HelmChartContainer - [hivemq-test-hivemq-platform] [hivemq-platform-operator] [c521dfcc] 13:23:07.290 [pool-6-thread-34] DEBUG c.h.p.o.dependants.PodInfoConfigMap - [helmrest] Desired PodInfo ConfigMap (metrics port: 9399) (metrics path: /)
2025-01-29 13:23:07,294 INFO c.h.h.t.HelmChartContainer - [hivemq-test-hivemq-platform] [hivemq-platform-operator] [c521dfcc] 13:23:07.290 [pool-6-thread-34] DEBUG c.h.p.o.dependants.PodInfoConfigMap - [helmrest] Desired PodInfo ConfigMap (extension state hash: 1053972473)
2025-01-29 13:23:07,294 INFO c.h.h.t.HelmChartContainer - [hivemq-test-hivemq-platform] [hivemq-platform-operator] [c521dfcc] 13:23:07.290 [pool-6-thread-36] DEBUG c.h.p.o.d.PlatformServiceResource - [helmrest] Desired Platform services (2 services)
2025-01-29 13:23:07,294 INFO c.h.h.t.HelmChartContainer - [hivemq-test-hivemq-platform] [hivemq-platform-operator] [c521dfcc] 13:23:07.289 [pool-6-thread-35] DEBUG c.h.p.o.d.PodServiceAccountResource - [helmrest] Desired PodServiceAccountResource (serviceAccountName: hivemq-platform-pod-test-hivemq-platform)
2025-01-29 13:23:07,295 INFO c.h.h.t.HelmChartContainer - [hivemq-test-hivemq-platform] [hivemq-platform-operator] [c521dfcc] 13:23:07.295 [pool-6-thread-36] DEBUG c.h.p.o.d.StatefulSetResource - [helmrest] Desired StatefulSet (1 replicas) for status STARTING (READY)
2025-01-29 13:23:07,300 INFO c.h.h.t.HelmChartContainer - [hivemq-test-hivemq-platform] [hivemq-platform-operator] [c521dfcc] 13:23:07.299 [ReconcilerExecutor-hivemq-controller-111] INFO  c.h.p.o.HiveMQPlatformReconciler - [helmrest] Reconciling HiveMQ Platform 'test-hivemq-platform' in namespace 'helmrestapiit'
2025-01-29 13:23:07,302 INFO c.h.h.t.HelmChartContainer - [hivemq-test-hivemq-platform] [hivemq-platform-operator] [c521dfcc] 13:23:07.300 [ReconcilerExecutor-hivemq-controller-111] DEBUG c.h.p.o.HiveMQPlatformReconciler - [helmrest] Custom Resource Status STARTING - HiveMQ Platform is starting (READY)
2025-01-29 13:23:07,302 INFO c.h.h.t.HelmChartContainer - [hivemq-test-hivemq-platform] [hivemq-platform-operator] [c521dfcc] 13:23:07.300 [ReconcilerExecutor-hivemq-controller-111] DEBUG c.h.p.o.HiveMQPlatformReconciler - [helmrest] Custom Resource Spec (replicas: 1) (extensions: 2)
2025-01-29 13:23:07,304 INFO c.h.h.t.HelmChartContainer - [hivemq-test-hivemq-platform] [hivemq-platform-operator] [c521dfcc] 13:23:07.302 [ReconcilerExecutor-hivemq-controller-111] DEBUG c.h.p.o.HiveMQPlatformReconciler - [helmrest] StatefulSet Status (revision: test-hivemq-platform-bbf59449c, replicas: 1, available: 0, ready: 0, current: 1, updated: 1)
2025-01-29 13:23:07,304 INFO c.h.h.t.HelmChartContainer - [hivemq-test-hivemq-platform] [hivemq-platform-operator] [c521dfcc] 13:23:07.302 [ReconcilerExecutor-hivemq-controller-111] DEBUG c.h.p.o.HiveMQPlatformReconciler - [helmrest] StatefulSet Spec (replicas: 1, init containers: 1, containers: 1, volumes: 5)
2025-01-29 13:23:07,381 INFO c.h.h.t.HelmChartContainer - [hivemq-test-hivemq-platform] [hivemq-platform-operator] [c521dfcc] 13:23:07.380 [ReconcilerExecutor-hivemq-controller-111] DEBUG c.h.p.o.h.HiveMQPlatformReconcilerErrorHandler - [helmrest] Pod 'test-hivemq-platform-0' phase Running
2025-01-29 13:23:07,382 INFO c.h.h.t.HelmChartContainer - [hivemq-test-hivemq-platform] [hivemq-platform-operator] [c521dfcc] 13:23:07.381 [ReconcilerExecutor-hivemq-controller-111] INFO  c.h.p.o.h.HiveMQPlatformReconcilerBaseHandler - [helmrest] HiveMQ Platform is starting, 0 of 1 replicas are ready
2025-01-29 13:23:07,943 INFO c.h.h.t.HelmChartContainer - [test-hivemq-platform] [hivemq] [23cc56da] INFO  - [HiveMQ Platform Operator Init App 1.7.0-SNAPSHOT] Returning Health API response 503 for readiness
2025-01-29 13:23:07,947 INFO c.h.h.t.HelmChartContainer - [EVENT] Warning [Unhealthy] Readiness probe failed: HTTP probe failed with statuscode: 503 [helmrestapiit:test-hivemq-platform-0]
2025-01-29 13:23:07,947 INFO c.h.h.t.HelmChartContainer - Received Unhealthy event for container hivemq in pod test-hivemq-platform-0 [23cc56da-cdd0-48e8-bd14-aba060df0357]
2025-01-29 13:23:08,750 INFO c.h.h.t.HelmChartContainer - [test-hivemq-platform] [hivemq] [23cc56da] INFO  - No license found for enterprise extension with name "HiveMQ Enterprise Security Extension". Entering extension trial mode. "HiveMQ Enterprise Security Extension" will be disabled in 5 hours.
2025-01-29 13:23:08,943 INFO c.h.h.t.HelmChartContainer - [test-hivemq-platform] [hivemq] [23cc56da] INFO  - Starting extension with id "hivemq-dns-cluster-discovery" at /opt/hivemq/extensions/hivemq-dns-cluster-discovery
2025-01-29 13:23:09,437 INFO c.h.h.t.HelmChartContainer - [test-hivemq-platform] [hivemq] [23cc56da] INFO  - Using TCP cluster transport on address 10.42.0.11 and port 7000
2025-01-29 13:23:09,441 INFO c.h.h.t.HelmChartContainer - [test-hivemq-platform] [hivemq] [23cc56da] INFO  - Using extension cluster discovery
2025-01-29 13:23:09,445 INFO c.h.h.t.HelmChartContainer - [test-hivemq-platform] [hivemq] [23cc56da] INFO  - Extension "DNS Cluster Discovery Extension" version 4.3.2 started successfully.
2025-01-29 13:23:09,445 INFO c.h.h.t.HelmChartContainer - [test-hivemq-platform] [hivemq] [23cc56da] INFO  - Starting extension with id "hivemq-enterprise-security-extension" at /opt/hivemq/extensions/hivemq-enterprise-security-extension
2025-01-29 13:23:10,937 INFO c.h.h.t.HelmChartContainer - [test-hivemq-platform] [hivemq] [23cc56da] INFO  - HiveMQ Enterprise Security Extension: Successfully loaded configuration from '/opt/hivemq/extensions/hivemq-enterprise-security-extension/conf/config.xml'.
2025-01-29 13:23:10,939 INFO c.h.h.t.HelmChartContainer - [test-hivemq-platform] [hivemq] [23cc56da] INFO  - HiveMQ Enterprise Security Extension: Starting HiveMQ Enterprise Security Extension.
2025-01-29 13:23:11,049 INFO c.h.h.t.HelmChartContainer - [test-hivemq-platform] [hivemq] [23cc56da] INFO  - HiveMQ Enterprise Security Extension: Access log is written to /opt/hivemq/log/access/access.log.
2025-01-29 13:23:11,335 INFO c.h.h.t.HelmChartContainer - [test-hivemq-platform] [hivemq] [23cc56da] INFO  - HiveMQ Enterprise Security Extension: Started HiveMQ Enterprise Security Extension successfully in 1888ms.
2025-01-29 13:23:11,336 INFO c.h.h.t.HelmChartContainer - [test-hivemq-platform] [hivemq] [23cc56da] INFO  - Extension "HiveMQ Enterprise Security Extension" version 4.36.0 started successfully.
2025-01-29 13:23:11,336 INFO c.h.h.t.HelmChartContainer - [test-hivemq-platform] [hivemq] [23cc56da] INFO  - Starting extension with id "hivemq-prometheus-extension" at /opt/hivemq/extensions/hivemq-prometheus-extension
2025-01-29 13:23:11,831 INFO c.h.h.t.HelmChartContainer - [test-hivemq-platform] [hivemq] [23cc56da] INFO  - Started Jetty Server exposing Prometheus Servlet on URI http://0.0.0.0:9399/
2025-01-29 13:23:11,831 INFO c.h.h.t.HelmChartContainer - [test-hivemq-platform] [hivemq] [23cc56da] INFO  - Extension "Prometheus Monitoring Extension" version 4.0.12 started successfully.
2025-01-29 13:23:11,832 INFO c.h.h.t.HelmChartContainer - [test-hivemq-platform] [hivemq] [23cc56da] WARN  - 
2025-01-29 13:23:11,832 INFO c.h.h.t.HelmChartContainer - [test-hivemq-platform] [hivemq] [23cc56da] ###############################################################################
2025-01-29 13:23:11,832 INFO c.h.h.t.HelmChartContainer - [test-hivemq-platform] [hivemq] [23cc56da] # No security extension present, MQTT clients can not connect to this broker. #
2025-01-29 13:23:11,832 INFO c.h.h.t.HelmChartContainer - [test-hivemq-platform] [hivemq] [23cc56da] ###############################################################################
2025-01-29 13:23:12,154 INFO c.h.h.t.HelmChartContainer - [EVENT] Warning [Unhealthy] Readiness probe failed: HTTP probe failed with statuscode: 503 [helmrestapiit:test-hivemq-platform-0]
2025-01-29 13:23:12,154 INFO c.h.h.t.HelmChartContainer - Received Unhealthy event for container hivemq in pod test-hivemq-platform-0 [23cc56da-cdd0-48e8-bd14-aba060df0357]
2025-01-29 13:23:12,633 INFO c.h.h.t.HelmChartContainer - [test-hivemq-platform] [hivemq] [23cc56da] INFO  - dxrk7: no members discovered after 2793 ms: creating cluster as first member
2025-01-29 13:23:12,642 INFO c.h.h.t.HelmChartContainer - [test-hivemq-platform] [hivemq] [23cc56da] INFO  - Cluster nodes found by discovery: [dxrk7|0] (1) [dxrk7].
2025-01-29 13:23:12,746 INFO c.h.h.t.HelmChartContainer - [test-hivemq-platform] [hivemq] [23cc56da] INFO  - Starting HiveMQ REST API on address 0.0.0.0 and port 8890
2025-01-29 13:23:13,231 INFO c.h.h.t.HelmChartContainer - [test-hivemq-platform] [hivemq] [23cc56da] INFO  - Started HiveMQ REST API in 485ms
2025-01-29 13:23:13,232 INFO c.h.h.t.HelmChartContainer - [test-hivemq-platform] [hivemq] [23cc56da] WARN  - No user for HiveMQ Control Center configured. Starting with default user
2025-01-29 13:23:13,232 INFO c.h.h.t.HelmChartContainer - [test-hivemq-platform] [hivemq] [23cc56da] INFO  - Starting HiveMQ Control Center on address 127.0.0.1 and port 8080
2025-01-29 13:23:13,233 INFO c.h.h.t.HelmChartContainer - [test-hivemq-platform] [hivemq] [23cc56da] INFO  - Mounting HiveMQ Control Center V2 Preview
2025-01-29 13:23:13,751 INFO c.h.h.t.HelmChartContainer - [test-hivemq-platform] [hivemq] [23cc56da] INFO  - Started HiveMQ Control Center in 518ms
2025-01-29 13:23:13,844 INFO c.h.h.t.HelmChartContainer - [test-hivemq-platform] [hivemq] [23cc56da] INFO  - Starting TCP listener on address 0.0.0.0 and port 1883
2025-01-29 13:23:13,934 INFO c.h.h.t.HelmChartContainer - [test-hivemq-platform] [hivemq] [23cc56da] INFO  - Started TCP Listener on address 0.0.0.0 and on port 1883.
2025-01-29 13:23:13,934 INFO c.h.h.t.HelmChartContainer - [test-hivemq-platform] [hivemq] [23cc56da] INFO  - Started HiveMQ in 34992ms
2025-01-29 13:23:17,152 INFO c.h.h.t.HelmChartContainer - [test-hivemq-platform] [hivemq] [23cc56da] INFO  - [HiveMQ Platform Operator Init App 1.7.0-SNAPSHOT] Returning Health API response 200 for readiness
2025-01-29 13:23:17,166 INFO c.h.h.t.HelmChartContainer - [POD] test-hivemq-platform-0 [23cc56da-cdd0-48e8-bd14-aba060df0357] in helmrestapiit was MODIFIED
2025-01-29 13:23:17,177 INFO c.h.h.t.HelmChartContainer - [hivemq-test-hivemq-platform] [hivemq-platform-operator] [c521dfcc] 13:23:17.173 [pool-6-thread-47] DEBUG c.h.p.o.d.PlatformServiceResource - [helmrest] Desired Platform services (2 services)
2025-01-29 13:23:17,180 INFO c.h.h.t.HelmChartContainer - [hivemq-test-hivemq-platform] [hivemq-platform-operator] [c521dfcc] 13:23:17.177 [pool-6-thread-41] DEBUG c.h.p.o.d.PodServiceAccountResource - [helmrest] Desired PodServiceAccountResource (serviceAccountName: hivemq-platform-pod-test-hivemq-platform)
2025-01-29 13:23:17,182 INFO c.h.h.t.HelmChartContainer - [hivemq-test-hivemq-platform] [hivemq-platform-operator] [c521dfcc] 13:23:17.174 [pool-6-thread-46] DEBUG c.h.p.o.dependants.PodInfoConfigMap - [helmrest] Desired PodInfo ConfigMap (2 extensions) (1 enabled)
2025-01-29 13:23:17,182 INFO c.h.h.t.HelmChartContainer - [hivemq-test-hivemq-platform] [hivemq-platform-operator] [c521dfcc] 13:23:17.181 [pool-6-thread-46] DEBUG c.h.p.o.dependants.PodInfoConfigMap - [helmrest] Desired PodInfo ConfigMap (metrics port: 9399) (metrics path: /)
2025-01-29 13:23:17,187 INFO c.h.h.t.HelmChartContainer - [hivemq-test-hivemq-platform] [hivemq-platform-operator] [c521dfcc] 13:23:17.181 [pool-6-thread-46] DEBUG c.h.p.o.dependants.PodInfoConfigMap - [helmrest] Desired PodInfo ConfigMap (extension state hash: 1053972473)
2025-01-29 13:23:17,190 INFO c.h.h.t.HelmChartContainer - [hivemq-test-hivemq-platform] [hivemq-platform-operator] [c521dfcc] 13:23:17.188 [pool-6-thread-47] DEBUG c.h.p.o.d.StatefulSetResource - [helmrest] Desired StatefulSet (1 replicas) for status STARTING (READY)
2025-01-29 13:23:17,257 INFO c.h.h.t.HelmChartContainer - [hivemq-test-hivemq-platform] [hivemq-platform-operator] [c521dfcc] 13:23:17.255 [ReconcilerExecutor-hivemq-controller-112] INFO  c.h.p.o.HiveMQPlatformReconciler - [helmrest] Reconciling HiveMQ Platform 'test-hivemq-platform' in namespace 'helmrestapiit'
2025-01-29 13:23:17,257 INFO c.h.h.t.HelmChartContainer - [hivemq-test-hivemq-platform] [hivemq-platform-operator] [c521dfcc] 13:23:17.255 [ReconcilerExecutor-hivemq-controller-112] DEBUG c.h.p.o.HiveMQPlatformReconciler - [helmrest] Custom Resource Status STARTING - HiveMQ Platform is starting (READY)
2025-01-29 13:23:17,257 INFO c.h.h.t.HelmChartContainer - [hivemq-test-hivemq-platform] [hivemq-platform-operator] [c521dfcc] 13:23:17.255 [ReconcilerExecutor-hivemq-controller-112] DEBUG c.h.p.o.HiveMQPlatformReconciler - [helmrest] Custom Resource Spec (replicas: 1) (extensions: 2)
2025-01-29 13:23:17,261 INFO c.h.h.t.HelmChartContainer - [hivemq-test-hivemq-platform] [hivemq-platform-operator] [c521dfcc] 13:23:17.260 [ReconcilerExecutor-hivemq-controller-112] DEBUG c.h.p.o.HiveMQPlatformReconciler - [helmrest] StatefulSet Status (revision: test-hivemq-platform-bbf59449c, replicas: 1, available: 1, ready: 1, current: 1, updated: 1)
2025-01-29 13:23:17,261 INFO c.h.h.t.HelmChartContainer - [hivemq-test-hivemq-platform] [hivemq-platform-operator] [c521dfcc] 13:23:17.260 [ReconcilerExecutor-hivemq-controller-112] DEBUG c.h.p.o.HiveMQPlatformReconciler - [helmrest] StatefulSet Spec (replicas: 1, init containers: 1, containers: 1, volumes: 5)
2025-01-29 13:23:17,263 INFO c.h.h.t.HelmChartContainer - [hivemq-test-hivemq-platform] [hivemq-platform-operator] [c521dfcc] 13:23:17.262 [ReconcilerExecutor-hivemq-controller-112] DEBUG c.h.p.o.h.HiveMQPlatformReconcilerErrorHandler - [helmrest] Pod 'test-hivemq-platform-0' phase Running
2025-01-29 13:23:17,264 INFO c.h.h.t.HelmChartContainer - [hivemq-test-hivemq-platform] [hivemq-platform-operator] [c521dfcc] 13:23:17.263 [ReconcilerExecutor-hivemq-controller-112] INFO  c.h.p.o.h.HiveMQPlatformReconcilerBaseHandler - [helmrest] HiveMQ Platform started successfully
2025-01-29 13:23:17,365 INFO c.h.h.t.HelmChartContainer - [hivemq-test-hivemq-platform] [hivemq-platform-operator] [c521dfcc] 13:23:17.364 [ReconcilerExecutor-hivemq-controller-112] DEBUG c.h.p.operator.event.EventSender - [helmrest] Creating K8s event hivemq-platform-ready: [Ready] HiveMQ Platform is ready
2025-01-29 13:23:17,368 INFO c.h.h.t.HelmChartContainer - [EVENT] Normal [Ready] HiveMQ Platform is ready [helmrestapiit:test-hivemq-platform]
2025-01-29 13:23:17,380 INFO c.h.h.t.HelmChartContainer - [hivemq-test-hivemq-platform] [hivemq-platform-operator] [c521dfcc] 13:23:17.379 [ReconcilerExecutor-hivemq-controller-112] INFO  c.h.p.o.h.AbstractHiveMQReconcilerStateHandler - [helmrest] Update HiveMQ Platform Status (STARTING [READY] -> RUNNING [READY]): HiveMQ Platform is ready
2025-01-29 13:23:17,387 DEBUG com.hivemq.helmcharts.util.K8sUtil - Comparing actual state 'RUNNING' and waiting for 'RUNNING'
2025-01-29 13:23:17,396 INFO c.hivemq.helmcharts.util.RestAPIUtil - Checking authorization for REST API on hivemq-test-hivemq-platform-rest-8890:8890 (username: user) (password: password) (endpoint path: /api/v1/mqtt/clients)
2025-01-29 13:23:17,463 INFO c.h.h.t.HelmChartContainer - [hivemq-test-hivemq-platform] [hivemq-platform-operator] [c521dfcc] 13:23:17.459 [pool-6-thread-3] DEBUG c.h.p.o.d.PlatformServiceResource - [helmrest] Desired Platform services (2 services)
2025-01-29 13:23:17,469 INFO c.h.h.t.HelmChartContainer - [hivemq-test-hivemq-platform] [hivemq-platform-operator] [c521dfcc] 13:23:17.464 [pool-6-thread-4] DEBUG c.h.p.o.dependants.PodInfoConfigMap - [helmrest] Desired PodInfo ConfigMap (2 extensions) (1 enabled)
2025-01-29 13:23:17,470 INFO c.h.h.t.HelmChartContainer - [hivemq-test-hivemq-platform] [hivemq-platform-operator] [c521dfcc] 13:23:17.464 [pool-6-thread-4] DEBUG c.h.p.o.dependants.PodInfoConfigMap - [helmrest] Desired PodInfo ConfigMap (metrics port: 9399) (metrics path: /)
2025-01-29 13:23:17,470 INFO c.h.h.t.HelmChartContainer - [hivemq-test-hivemq-platform] [hivemq-platform-operator] [c521dfcc] 13:23:17.464 [pool-6-thread-4] DEBUG c.h.p.o.dependants.PodInfoConfigMap - [helmrest] Desired PodInfo ConfigMap (extension state hash: 1053972473)
2025-01-29 13:23:17,470 INFO c.h.h.t.HelmChartContainer - [hivemq-test-hivemq-platform] [hivemq-platform-operator] [c521dfcc] 13:23:17.465 [pool-6-thread-4] DEBUG c.h.p.o.dependants.PodInfoConfigMap - [helmrest] Update PodInfo ConfigMap
2025-01-29 13:23:17,483 INFO c.h.h.t.HelmChartContainer - [hivemq-test-hivemq-platform] [hivemq-platform-operator] [c521dfcc] 13:23:17.479 [pool-6-thread-1] DEBUG c.h.p.o.d.PodServiceAccountResource - [helmrest] Desired PodServiceAccountResource (serviceAccountName: hivemq-platform-pod-test-hivemq-platform)
2025-01-29 13:23:17,494 INFO c.h.h.t.HelmChartContainer - [hivemq-test-hivemq-platform] [hivemq-platform-operator] [c521dfcc] 13:23:17.492 [pool-6-thread-4] DEBUG c.h.p.o.d.StatefulSetResource - [helmrest] Desired StatefulSet (1 replicas) for status RUNNING (READY)
2025-01-29 13:23:17,568 INFO c.h.h.t.HelmChartContainer - [hivemq-test-hivemq-platform] [hivemq-platform-operator] [c521dfcc] 13:23:17.560 [ReconcilerExecutor-hivemq-controller-113] INFO  c.h.p.o.HiveMQPlatformReconciler - [helmrest] Reconciling HiveMQ Platform 'test-hivemq-platform' in namespace 'helmrestapiit'
2025-01-29 13:23:17,568 INFO c.h.h.t.HelmChartContainer - [hivemq-test-hivemq-platform] [hivemq-platform-operator] [c521dfcc] 13:23:17.560 [ReconcilerExecutor-hivemq-controller-113] DEBUG c.h.p.o.HiveMQPlatformReconciler - [helmrest] Custom Resource Status RUNNING - HiveMQ Platform is ready (READY)
2025-01-29 13:23:17,568 INFO c.h.h.t.HelmChartContainer - [hivemq-test-hivemq-platform] [hivemq-platform-operator] [c521dfcc] 13:23:17.560 [ReconcilerExecutor-hivemq-controller-113] DEBUG c.h.p.o.HiveMQPlatformReconciler - [helmrest] Custom Resource Spec (replicas: 1) (extensions: 2)
2025-01-29 13:23:17,568 INFO c.h.h.t.HelmChartContainer - [hivemq-test-hivemq-platform] [hivemq-platform-operator] [c521dfcc] 13:23:17.563 [ReconcilerExecutor-hivemq-controller-113] DEBUG c.h.p.o.HiveMQPlatformReconciler - [helmrest] StatefulSet Status (revision: test-hivemq-platform-bbf59449c, replicas: 1, available: 1, ready: 1, current: 1, updated: 1)
2025-01-29 13:23:17,568 INFO c.h.h.t.HelmChartContainer - [hivemq-test-hivemq-platform] [hivemq-platform-operator] [c521dfcc] 13:23:17.563 [ReconcilerExecutor-hivemq-controller-113] DEBUG c.h.p.o.HiveMQPlatformReconciler - [helmrest] StatefulSet Spec (replicas: 1, init containers: 1, containers: 1, volumes: 5)
2025-01-29 13:23:17,568 INFO c.h.h.t.HelmChartContainer - [hivemq-test-hivemq-platform] [hivemq-platform-operator] [c521dfcc] 13:23:17.565 [ReconcilerExecutor-hivemq-controller-113] DEBUG c.h.p.o.h.HiveMQPlatformReconcilerErrorHandler - [helmrest] Pod 'test-hivemq-platform-0' phase Running
2025-01-29 13:23:18,365 INFO c.hivemq.helmcharts.util.RestAPIUtil - Checking authorization for REST API on hivemq-test-hivemq-platform-rest-8890:8890 (username: user) (password: wrong-password) (endpoint path: /api/v1/mqtt/clients)
HTTP/1.1 401 Unauthorized
Content-Type: application/json;charset=utf-8
WWW-Authenticate: Basic charset="UTF-8"
Content-Length: 39

{
    "errors": [
        {
            "title": "Not authorized"
        }
    ]
}
2025-01-29 13:23:21,082 INFO c.hivemq.helmcharts.util.RestAPIUtil - Checking authorization for REST API on hivemq-test-hivemq-platform-rest-8890:8890 (username: user) (password: password) (endpoint path: /api/v1/management/backups)
HTTP/1.1 403 Forbidden
Content-Type: application/json;charset=utf-8
Content-Length: 49

{
    "errors": [
        {
            "title": "Insufficient permissions"
        }
    ]
}
2025-01-29 13:23:21,163 INFO c.h.h.t.HelmChartContainer - Uninstalling release 'test-hivemq-platform' in namespace 'helmrestapiit'...
2025-01-29 13:23:21,163 DEBUG c.h.h.t.HelmChartContainer - Executing helm command: /bin/helm --kubeconfig /etc/rancher/k3s/k3s.yaml uninstall test-hivemq-platform  --wait --timeout 5m0s --cascade foreground --namespace helmrestapiit
2025-01-29 13:23:21,361 INFO c.h.h.t.HelmChartContainer - [hivemq-test-hivemq-platform] [hivemq-platform-operator] [c521dfcc] 13:23:21.347 [pool-6-thread-19] DEBUG c.h.p.o.d.PlatformServiceResource - [helmrest] Desired Platform services (2 services)
2025-01-29 13:23:21,361 INFO c.h.h.t.HelmChartContainer - [hivemq-test-hivemq-platform] [hivemq-platform-operator] [c521dfcc] 13:23:21.353 [pool-6-thread-15] DEBUG c.h.p.o.dependants.PodInfoConfigMap - [helmrest] Desired PodInfo ConfigMap (2 extensions) (1 enabled)
2025-01-29 13:23:21,361 INFO c.h.h.t.HelmChartContainer - [hivemq-test-hivemq-platform] [hivemq-platform-operator] [c521dfcc] 13:23:21.353 [pool-6-thread-15] DEBUG c.h.p.o.dependants.PodInfoConfigMap - [helmrest] Desired PodInfo ConfigMap (metrics port: 9399) (metrics path: /)
2025-01-29 13:23:21,361 INFO c.h.h.t.HelmChartContainer - [hivemq-test-hivemq-platform] [hivemq-platform-operator] [c521dfcc] 13:23:21.354 [pool-6-thread-15] DEBUG c.h.p.o.dependants.PodInfoConfigMap - [helmrest] Desired PodInfo ConfigMap (extension state hash: 1053972473)
2025-01-29 13:23:21,361 INFO c.h.h.t.HelmChartContainer - [hivemq-test-hivemq-platform] [hivemq-platform-operator] [c521dfcc] 13:23:21.355 [pool-6-thread-16] DEBUG c.h.p.o.d.PodServiceAccountResource - [helmrest] Desired PodServiceAccountResource (serviceAccountName: hivemq-platform-pod-test-hivemq-platform)
2025-01-29 13:23:21,387 INFO c.h.h.t.HelmChartContainer - [hivemq-test-hivemq-platform] [hivemq-platform-operator] [c521dfcc] 13:23:21.386 [pool-6-thread-16] DEBUG c.h.p.o.d.StatefulSetResource - [helmrest] Desired StatefulSet (1 replicas) for status RUNNING (READY)
2025-01-29 13:23:21,483 INFO c.h.h.t.HelmChartContainer - [hivemq-test-hivemq-platform] [hivemq-platform-operator] [c521dfcc] 13:23:21.479 [pool-6-thread-16] DEBUG c.h.p.o.d.StatefulSetResource - [helmrest] Update StatefulSet (replicas: 1 -> 1)
2025-01-29 13:23:21,483 INFO c.h.h.t.HelmChartContainer - [hivemq-test-hivemq-platform] [hivemq-platform-operator] [c521dfcc] 13:23:21.480 [pool-6-thread-16] DEBUG c.h.p.o.d.StatefulSetResource - [helmrest] Detected change in StatefulSet specification (path: /template/metadata/annotations/kubernetes-resource-versions) (actual value: {broker-configuration-v2=514734220}) (target value: {broker-configuration-v2=0})
2025-01-29 13:23:21,483 INFO c.h.h.t.HelmChartContainer - [hivemq-test-hivemq-platform] [hivemq-platform-operator] [c521dfcc] 13:23:21.480 [pool-6-thread-16] INFO  c.h.p.o.d.StatefulSetResource - [helmrest] StatefulSet spec was updated, triggering rolling restart
2025-01-29 13:23:21,499 INFO c.h.h.t.HelmChartContainer - [hivemq-test-hivemq-platform] [hivemq-platform-operator] [c521dfcc] 13:23:21.496 [ReconcilerExecutor-hivemq-controller-114] INFO  c.h.p.o.HiveMQPlatformReconciler - [helmrest] Reconciling HiveMQ Platform 'test-hivemq-platform' in namespace 'helmrestapiit'
2025-01-29 13:23:21,499 INFO c.h.h.t.HelmChartContainer - [hivemq-test-hivemq-platform] [hivemq-platform-operator] [c521dfcc] 13:23:21.496 [ReconcilerExecutor-hivemq-controller-114] DEBUG c.h.p.o.HiveMQPlatformReconciler - [helmrest] Custom Resource Status RUNNING - HiveMQ Platform is ready (READY) (reconciliation requests: REQUESTS_UPDATED, ROLLING_RESTART)
2025-01-29 13:23:21,499 INFO c.h.h.t.HelmChartContainer - [hivemq-test-hivemq-platform] [hivemq-platform-operator] [c521dfcc] 13:23:21.497 [ReconcilerExecutor-hivemq-controller-114] DEBUG c.h.p.o.HiveMQPlatformReconciler - [helmrest] Custom Resource Spec (replicas: 1) (extensions: 2)
2025-01-29 13:23:21,499 INFO c.h.h.t.HelmChartContainer - [hivemq-test-hivemq-platform] [hivemq-platform-operator] [c521dfcc] 13:23:21.497 [ReconcilerExecutor-hivemq-controller-114] WARN  c.h.p.o.h.HiveMQPlatformReconcilerErrorHandler - [helmrest] Could not find ConfigMap 'hivemq-configuration-test-hivemq-platform' for HiveMQ Platform configuration
2025-01-29 13:23:21,594 INFO c.h.h.t.HelmChartContainer - [hivemq-test-hivemq-platform] [hivemq-platform-operator] [c521dfcc] 13:23:21.592 [ReconcilerExecutor-hivemq-controller-114] DEBUG c.h.p.operator.event.EventSender - [helmrest] Creating K8s event hivemq-platform-invalid-configuration: [Start] Could not find ConfigMap 'hivemq-configuration-test-hivemq-platform' for HiveMQ Platform configuration
2025-01-29 13:23:21,599 INFO c.h.h.t.HelmChartContainer - [EVENT] Warning [Start] Could not find ConfigMap 'hivemq-configuration-test-hivemq-platform' for HiveMQ Platform configuration [helmrestapiit:test-hivemq-platform]
2025-01-29 13:23:21,680 INFO c.h.h.t.HelmChartContainer - [hivemq-test-hivemq-platform] [hivemq-platform-operator] [c521dfcc] 13:23:21.679 [ReconcilerExecutor-hivemq-controller-114] INFO  c.h.p.o.h.AbstractHiveMQReconcilerStateHandler - [helmrest] Update HiveMQ Platform Status (RUNNING [READY] -> ERROR [INVALID_CONFIG_MAP]): Could not find ConfigMap 'hivemq-configuration-test-hivemq-platform' for HiveMQ Platform configuration (reconciliation requests: ROLLING_RESTART)
2025-01-29 13:23:21,689 INFO c.h.h.t.HelmChartContainer - [hivemq-test-hivemq-platform] [hivemq-platform-operator] [c521dfcc] 13:23:21.686 [ReconcilerExecutor-hivemq-controller-114] ERROR i.j.o.p.event.EventProcessor - Error during event processing ExecutionScope{ resource id: ResourceID{name='test-hivemq-platform', namespace='helmrestapiit'}, version: 1187}
2025-01-29 13:23:21,691 INFO c.h.h.t.HelmChartContainer - [hivemq-test-hivemq-platform] [hivemq-platform-operator] [c521dfcc] io.fabric8.kubernetes.client.KubernetesClientException: Failure executing: PUT at: https://10.43.0.1:443/apis/hivemq.com/v1/namespaces/helmrestapiit/hivemq-platforms/test-hivemq-platform/status. Message: Operation cannot be fulfilled on hivemq-platforms.hivemq.com "test-hivemq-platform": the object has been modified; please apply your changes to the latest version and try again. Received status: Status(apiVersion=v1, code=409, details=StatusDetails(causes=[], group=hivemq.com, kind=hivemq-platforms, name=test-hivemq-platform, retryAfterSeconds=null, uid=null, additionalProperties={}), kind=Status, message=Operation cannot be fulfilled on hivemq-platforms.hivemq.com "test-hivemq-platform": the object has been modified; please apply your changes to the latest version and try again, metadata=ListMeta(_continue=null, remainingItemCount=null, resourceVersion=null, selfLink=null, additionalProperties={}), reason=Conflict, status=Failure, additionalProperties={}).
2025-01-29 13:23:21,691 INFO c.h.h.t.HelmChartContainer - [hivemq-test-hivemq-platform] [hivemq-platform-operator] [c521dfcc] 	at io.fabric8.kubernetes.client.KubernetesClientException.copyAsCause(KubernetesClientException.java:238)
2025-01-29 13:23:21,691 INFO c.h.h.t.HelmChartContainer - [hivemq-test-hivemq-platform] [hivemq-platform-operator] [c521dfcc] 	at io.fabric8.kubernetes.client.dsl.internal.OperationSupport.waitForResult(OperationSupport.java:507)
2025-01-29 13:23:21,691 INFO c.h.h.t.HelmChartContainer - [hivemq-test-hivemq-platform] [hivemq-platform-operator] [c521dfcc] 	at io.fabric8.kubernetes.client.dsl.internal.OperationSupport.handleResponse(OperationSupport.java:524)
2025-01-29 13:23:21,691 INFO c.h.h.t.HelmChartContainer - [hivemq-test-hivemq-platform] [hivemq-platform-operator] [c521dfcc] 	at io.fabric8.kubernetes.client.dsl.internal.OperationSupport.handleUpdate(OperationSupport.java:358)
2025-01-29 13:23:21,691 INFO c.h.h.t.HelmChartContainer - [hivemq-test-hivemq-platform] [hivemq-platform-operator] [c521dfcc] 	at io.fabric8.kubernetes.client.dsl.internal.BaseOperation.handleUpdate(BaseOperation.java:759)
2025-01-29 13:23:21,691 INFO c.h.h.t.HelmChartContainer - [hivemq-test-hivemq-platform] [hivemq-platform-operator] [c521dfcc] 	at io.fabric8.kubernetes.client.dsl.internal.HasMetadataOperation.update(HasMetadataOperation.java:138)
2025-01-29 13:23:21,691 INFO c.h.h.t.HelmChartContainer - [hivemq-test-hivemq-platform] [hivemq-platform-operator] [c521dfcc] 	at io.fabric8.kubernetes.client.dsl.internal.HasMetadataOperation.update(HasMetadataOperation.java:121)
2025-01-29 13:23:21,691 INFO c.h.h.t.HelmChartContainer - [hivemq-test-hivemq-platform] [hivemq-platform-operator] [c521dfcc] 	at io.fabric8.kubernetes.client.dsl.internal.HasMetadataOperation.updateStatus(HasMetadataOperation.java:126)
2025-01-29 13:23:21,691 INFO c.h.h.t.HelmChartContainer - [hivemq-test-hivemq-platform] [hivemq-platform-operator] [c521dfcc] 	at io.fabric8.kubernetes.client.dsl.internal.HasMetadataOperation.updateStatus(HasMetadataOperation.java:44)
2025-01-29 13:23:21,691 INFO c.h.h.t.HelmChartContainer - [hivemq-test-hivemq-platform] [hivemq-platform-operator] [c521dfcc] 	at io.javaoperatorsdk.operator.processing.event.ReconciliationDispatcher$CustomResourceFacade.updateStatus(ReconciliationDispatcher.java:408)
2025-01-29 13:23:21,691 INFO c.h.h.t.HelmChartContainer - [hivemq-test-hivemq-platform] [hivemq-platform-operator] [c521dfcc] 	at io.javaoperatorsdk.operator.processing.event.ReconciliationDispatcher.updateStatusGenerationAware(ReconciliationDispatcher.java:228)
2025-01-29 13:23:21,691 INFO c.h.h.t.HelmChartContainer - [hivemq-test-hivemq-platform] [hivemq-platform-operator] [c521dfcc] 	at io.javaoperatorsdk.operator.processing.event.ReconciliationDispatcher.reconcileExecution(ReconciliationDispatcher.java:150)
2025-01-29 13:23:21,691 INFO c.h.h.t.HelmChartContainer - [hivemq-test-hivemq-platform] [hivemq-platform-operator] [c521dfcc] 	at io.javaoperatorsdk.operator.processing.event.ReconciliationDispatcher.handleReconcile(ReconciliationDispatcher.java:117)
2025-01-29 13:23:21,691 INFO c.h.h.t.HelmChartContainer - [hivemq-test-hivemq-platform] [hivemq-platform-operator] [c521dfcc] 	at io.javaoperatorsdk.operator.processing.event.ReconciliationDispatcher.handleDispatch(ReconciliationDispatcher.java:91)
2025-01-29 13:23:21,692 INFO c.h.h.t.HelmChartContainer - [hivemq-test-hivemq-platform] [hivemq-platform-operator] [c521dfcc] 	at io.javaoperatorsdk.operator.processing.event.ReconciliationDispatcher.handleExecution(ReconciliationDispatcher.java:64)
2025-01-29 13:23:21,692 INFO c.h.h.t.HelmChartContainer - [hivemq-test-hivemq-platform] [hivemq-platform-operator] [c521dfcc] 	at io.javaoperatorsdk.operator.processing.event.EventProcessor$ReconcilerExecutor.run(EventProcessor.java:452)
2025-01-29 13:23:21,692 INFO c.h.h.t.HelmChartContainer - [hivemq-test-hivemq-platform] [hivemq-platform-operator] [c521dfcc] 	at java.base/java.util.concurrent.ThreadPoolExecutor.runWorker(Unknown Source)
2025-01-29 13:23:21,692 INFO c.h.h.t.HelmChartContainer - [hivemq-test-hivemq-platform] [hivemq-platform-operator] [c521dfcc] 	at java.base/java.util.concurrent.ThreadPoolExecutor$Worker.run(Unknown Source)
2025-01-29 13:23:21,692 INFO c.h.h.t.HelmChartContainer - [hivemq-test-hivemq-platform] [hivemq-platform-operator] [c521dfcc] 	at java.base/java.lang.Thread.run(Unknown Source)
2025-01-29 13:23:21,692 INFO c.h.h.t.HelmChartContainer - [hivemq-test-hivemq-platform] [hivemq-platform-operator] [c521dfcc] Caused by: io.fabric8.kubernetes.client.KubernetesClientException: Failure executing: PUT at: https://10.43.0.1:443/apis/hivemq.com/v1/namespaces/helmrestapiit/hivemq-platforms/test-hivemq-platform/status. Message: Operation cannot be fulfilled on hivemq-platforms.hivemq.com "test-hivemq-platform": the object has been modified; please apply your changes to the latest version and try again. Received status: Status(apiVersion=v1, code=409, details=StatusDetails(causes=[], group=hivemq.com, kind=hivemq-platforms, name=test-hivemq-platform, retryAfterSeconds=null, uid=null, additionalProperties={}), kind=Status, message=Operation cannot be fulfilled on hivemq-platforms.hivemq.com "test-hivemq-platform": the object has been modified; please apply your changes to the latest version and try again, metadata=ListMeta(_continue=null, remainingItemCount=null, resourceVersion=null, selfLink=null, additionalProperties={}), reason=Conflict, status=Failure, additionalProperties={}).
2025-01-29 13:23:21,692 INFO c.h.h.t.HelmChartContainer - [hivemq-test-hivemq-platform] [hivemq-platform-operator] [c521dfcc] 	at io.fabric8.kubernetes.client.dsl.internal.OperationSupport.requestFailure(OperationSupport.java:660)
2025-01-29 13:23:21,692 INFO c.h.h.t.HelmChartContainer - [hivemq-test-hivemq-platform] [hivemq-platform-operator] [c521dfcc] 	at io.fabric8.kubernetes.client.dsl.internal.OperationSupport.requestFailure(OperationSupport.java:640)
2025-01-29 13:23:21,692 INFO c.h.h.t.HelmChartContainer - [hivemq-test-hivemq-platform] [hivemq-platform-operator] [c521dfcc] 	at io.fabric8.kubernetes.client.dsl.internal.OperationSupport.assertResponseCode(OperationSupport.java:589)
2025-01-29 13:23:21,692 INFO c.h.h.t.HelmChartContainer - [hivemq-test-hivemq-platform] [hivemq-platform-operator] [c521dfcc] 	at io.fabric8.kubernetes.client.dsl.internal.OperationSupport.lambda$handleResponse$0(OperationSupport.java:549)
2025-01-29 13:23:21,692 INFO c.h.h.t.HelmChartContainer - [hivemq-test-hivemq-platform] [hivemq-platform-operator] [c521dfcc] 	at java.base/java.util.concurrent.CompletableFuture$UniApply.tryFire(Unknown Source)
2025-01-29 13:23:21,692 INFO c.h.h.t.HelmChartContainer - [hivemq-test-hivemq-platform] [hivemq-platform-operator] [c521dfcc] 	at java.base/java.util.concurrent.CompletableFuture.postComplete(Unknown Source)
2025-01-29 13:23:21,692 INFO c.h.h.t.HelmChartContainer - [hivemq-test-hivemq-platform] [hivemq-platform-operator] [c521dfcc] 	at java.base/java.util.concurrent.CompletableFuture.complete(Unknown Source)
2025-01-29 13:23:21,692 INFO c.h.h.t.HelmChartContainer - [hivemq-test-hivemq-platform] [hivemq-platform-operator] [c521dfcc] 	at io.fabric8.kubernetes.client.http.StandardHttpClient.lambda$completeOrCancel$10(StandardHttpClient.java:141)
2025-01-29 13:23:21,692 INFO c.h.h.t.HelmChartContainer - [hivemq-test-hivemq-platform] [hivemq-platform-operator] [c521dfcc] 	at java.base/java.util.concurrent.CompletableFuture.uniWhenComplete(Unknown Source)
2025-01-29 13:23:21,692 INFO c.h.h.t.HelmChartContainer - [hivemq-test-hivemq-platform] [hivemq-platform-operator] [c521dfcc] 	at java.base/java.util.concurrent.CompletableFuture$UniWhenComplete.tryFire(Unknown Source)
2025-01-29 13:23:21,692 INFO c.h.h.t.HelmChartContainer - [hivemq-test-hivemq-platform] [hivemq-platform-operator] [c521dfcc] 	at java.base/java.util.concurrent.CompletableFuture.postComplete(Unknown Source)
2025-01-29 13:23:21,692 INFO c.h.h.t.HelmChartContainer - [hivemq-test-hivemq-platform] [hivemq-platform-operator] [c521dfcc] 	at java.base/java.util.concurrent.CompletableFuture.complete(Unknown Source)
2025-01-29 13:23:21,692 INFO c.h.h.t.HelmChartContainer - [hivemq-test-hivemq-platform] [hivemq-platform-operator] [c521dfcc] 	at io.fabric8.kubernetes.client.http.ByteArrayBodyHandler.onBodyDone(ByteArrayBodyHandler.java:51)
2025-01-29 13:23:21,692 INFO c.h.h.t.HelmChartContainer - [hivemq-test-hivemq-platform] [hivemq-platform-operator] [c521dfcc] 	at java.base/java.util.concurrent.CompletableFuture.uniWhenComplete(Unknown Source)
2025-01-29 13:23:21,692 INFO c.h.h.t.HelmChartContainer - [hivemq-test-hivemq-platform] [hivemq-platform-operator] [c521dfcc] 	at java.base/java.util.concurrent.CompletableFuture$UniWhenComplete.tryFire(Unknown Source)
2025-01-29 13:23:21,693 INFO c.h.h.t.HelmChartContainer - [hivemq-test-hivemq-platform] [hivemq-platform-operator] [c521dfcc] 	at java.base/java.util.concurrent.CompletableFuture.postComplete(Unknown Source)
2025-01-29 13:23:21,693 INFO c.h.h.t.HelmChartContainer - [hivemq-test-hivemq-platform] [hivemq-platform-operator] [c521dfcc] 	at java.base/java.util.concurrent.CompletableFuture.complete(Unknown Source)
2025-01-29 13:23:21,693 INFO c.h.h.t.HelmChartContainer - [hivemq-test-hivemq-platform] [hivemq-platform-operator] [c521dfcc] 	at io.fabric8.kubernetes.client.vertx.VertxHttpRequest.lambda$null$1(VertxHttpRequest.java:121)
2025-01-29 13:23:21,693 INFO c.h.h.t.HelmChartContainer - [hivemq-test-hivemq-platform] [hivemq-platform-operator] [c521dfcc] 	at io.vertx.core.impl.ContextInternal.dispatch(ContextInternal.java:279)
2025-01-29 13:23:21,693 INFO c.h.h.t.HelmChartContainer - [hivemq-test-hivemq-platform] [hivemq-platform-operator] [c521dfcc] 	at io.vertx.core.impl.ContextInternal.dispatch(ContextInternal.java:261)
2025-01-29 13:23:21,693 INFO c.h.h.t.HelmChartContainer - [hivemq-test-hivemq-platform] [hivemq-platform-operator] [c521dfcc] 	at io.vertx.core.http.impl.HttpEventHandler.handleEnd(HttpEventHandler.java:76)
2025-01-29 13:23:21,693 INFO c.h.h.t.HelmChartContainer - [hivemq-test-hivemq-platform] [hivemq-platform-operator] [c521dfcc] 	at io.vertx.core.http.impl.HttpClientResponseImpl.handleEnd(HttpClientResponseImpl.java:250)
2025-01-29 13:23:21,693 INFO c.h.h.t.HelmChartContainer - [hivemq-test-hivemq-platform] [hivemq-platform-operator] [c521dfcc] 	at io.vertx.core.http.impl.Http1xClientConnection$StreamImpl.lambda$new$0(Http1xClientConnection.java:421)
2025-01-29 13:23:21,693 INFO c.h.h.t.HelmChartContainer - [hivemq-test-hivemq-platform] [hivemq-platform-operator] [c521dfcc] 	at io.vertx.core.streams.impl.InboundBuffer.handleEvent(InboundBuffer.java:279)
2025-01-29 13:23:21,693 INFO c.h.h.t.HelmChartContainer - [hivemq-test-hivemq-platform] [hivemq-platform-operator] [c521dfcc] 	at io.vertx.core.streams.impl.InboundBuffer.write(InboundBuffer.java:157)
2025-01-29 13:23:21,693 INFO c.h.h.t.HelmChartContainer - [hivemq-test-hivemq-platform] [hivemq-platform-operator] [c521dfcc] 	at io.vertx.core.http.impl.Http1xClientConnection$StreamImpl.handleEnd(Http1xClientConnection.java:709)
2025-01-29 13:23:21,693 INFO c.h.h.t.HelmChartContainer - [hivemq-test-hivemq-platform] [hivemq-platform-operator] [c521dfcc] 	at io.vertx.core.impl.ContextImpl.lambda$execute$4(ContextImpl.java:315)
2025-01-29 13:23:21,693 INFO c.h.h.t.HelmChartContainer - [hivemq-test-hivemq-platform] [hivemq-platform-operator] [c521dfcc] 	at io.netty.util.concurrent.AbstractEventExecutor.runTask(AbstractEventExecutor.java:173)
2025-01-29 13:23:21,693 INFO c.h.h.t.HelmChartContainer - [hivemq-test-hivemq-platform] [hivemq-platform-operator] [c521dfcc] 	at io.netty.util.concurrent.AbstractEventExecutor.safeExecute(AbstractEventExecutor.java:166)
2025-01-29 13:23:21,693 INFO c.h.h.t.HelmChartContainer - [hivemq-test-hivemq-platform] [hivemq-platform-operator] [c521dfcc] 	at io.netty.util.concurrent.SingleThreadEventExecutor.runAllTasks(SingleThreadEventExecutor.java:472)
2025-01-29 13:23:21,693 INFO c.h.h.t.HelmChartContainer - [hivemq-test-hivemq-platform] [hivemq-platform-operator] [c521dfcc] 	at io.netty.channel.nio.NioEventLoop.run(NioEventLoop.java:569)
2025-01-29 13:23:21,693 INFO c.h.h.t.HelmChartContainer - [hivemq-test-hivemq-platform] [hivemq-platform-operator] [c521dfcc] 	at io.netty.util.concurrent.SingleThreadEventExecutor$4.run(SingleThreadEventExecutor.java:997)
2025-01-29 13:23:21,693 INFO c.h.h.t.HelmChartContainer - [hivemq-test-hivemq-platform] [hivemq-platform-operator] [c521dfcc] 	at io.netty.util.internal.ThreadExecutorMap$2.run(ThreadExecutorMap.java:74)
2025-01-29 13:23:21,693 INFO c.h.h.t.HelmChartContainer - [hivemq-test-hivemq-platform] [hivemq-platform-operator] [c521dfcc] 	at io.netty.util.concurrent.FastThreadLocalRunnable.run(FastThreadLocalRunnable.java:30)
2025-01-29 13:23:21,693 INFO c.h.h.t.HelmChartContainer - [hivemq-test-hivemq-platform] [hivemq-platform-operator] [c521dfcc] 	... 1 common frames omitted
2025-01-29 13:23:21,700 INFO c.h.h.t.HelmChartContainer - [hivemq-test-hivemq-platform] [hivemq-platform-operator] [c521dfcc] 13:23:21.693 [ReconcilerExecutor-hivemq-controller-117] INFO  c.h.p.o.HiveMQPlatformReconciler - [helmrest] Cleanup test-hivemq-platform - helmrestapiit HiveMQ Platform is shut down
2025-01-29 13:23:21,829 INFO c.h.h.t.HelmChartContainer - [POD] test-hivemq-platform-0 [23cc56da-cdd0-48e8-bd14-aba060df0357] in helmrestapiit was MODIFIED
2025-01-29 13:23:21,857 INFO c.h.h.t.HelmChartContainer - [test-hivemq-platform] [hivemq] [23cc56da] INFO  - [HiveMQ Platform Operator Init App 1.7.0-SNAPSHOT] Shutting down
2025-01-29 13:23:21,857 INFO c.h.h.t.HelmChartContainer - [test-hivemq-platform] [hivemq] [23cc56da] INFO  - [HiveMQ Platform Operator Init App 1.7.0-SNAPSHOT] Stopping the HiveMQ Platform
2025-01-29 13:23:21,864 INFO c.h.h.t.HelmChartContainer - [EVENT] Normal [Killing] Stopping container hivemq [helmrestapiit:test-hivemq-platform-0]
2025-01-29 13:23:21,867 INFO c.h.h.t.HelmChartContainer - Received Killing event for container hivemq in pod test-hivemq-platform-0 [23cc56da-cdd0-48e8-bd14-aba060df0357]
2025-01-29 13:23:21,867 INFO c.h.h.t.HelmChartContainer - Container [test-hivemq-platform-0] [hivemq] [23cc56da-cdd0-48e8-bd14-aba060df0357] was terminated
2025-01-29 13:23:21,867 INFO c.h.h.t.HelmChartContainer - Stopped log watcher for hivemq in pod test-hivemq-platform-0 [23cc56da-cdd0-48e8-bd14-aba060df0357]
2025-01-29 13:23:22,038 INFO c.h.h.t.HelmChartContainer - [test-hivemq-platform] [hivemq] [23cc56da] INFO  - Shutting down HiveMQ. Please wait, this could take a while...
2025-01-29 13:23:22,049 INFO c.h.h.t.HelmChartContainer - [test-hivemq-platform] [hivemq] [23cc56da] INFO  - Shutting down listeners and clients
2025-01-29 13:23:22,050 INFO c.h.h.t.HelmChartContainer - [test-hivemq-platform] [hivemq] [23cc56da] INFO  - Shutdown of listeners is done
2025-01-29 13:23:22,050 INFO c.h.h.t.HelmChartContainer - [test-hivemq-platform] [hivemq] [23cc56da] INFO  - No clients are connected, proceeding with shutdown
2025-01-29 13:23:22,148 INFO c.h.h.t.HelmChartContainer - [test-hivemq-platform] [hivemq] [23cc56da] INFO  - [HiveMQ Platform Operator Init App 1.7.0-SNAPSHOT] Returning shutdown Health API response 503 for readiness
2025-01-29 13:23:22,151 INFO c.h.h.t.HelmChartContainer - [EVENT] Warning [Unhealthy] Readiness probe failed: HTTP probe failed with statuscode: 503 [helmrestapiit:test-hivemq-platform-0]
2025-01-29 13:23:22,151 INFO c.h.h.t.HelmChartContainer - Received Unhealthy event for container hivemq in pod test-hivemq-platform-0 [23cc56da-cdd0-48e8-bd14-aba060df0357]
2025-01-29 13:23:22,668 INFO c.h.h.t.HelmChartContainer - [test-hivemq-platform] [hivemq] [23cc56da] WARN  - [HiveMQ Platform Operator Init App 1.7.0-SNAPSHOT] Could not update Pod annotations: Failure executing: GET at: https://10.43.0.1:443/api/v1/namespaces/helmrestapiit/pods/test-hivemq-platform-0. Message: pods "test-hivemq-platform-0" is forbidden: User "system:serviceaccount:helmrestapiit:hivemq-platform-pod-test-hivemq-platform" cannot get resource "pods" in API group "" in the namespace "helmrestapiit". Received status: Status(apiVersion=v1, code=403, details=StatusDetails(causes=[], group=null, kind=pods, name=test-hivemq-platform-0, retryAfterSeconds=null, uid=null, additionalProperties={}), kind=Status, message=pods "test-hivemq-platform-0" is forbidden: User "system:serviceaccount:helmrestapiit:hivemq-platform-pod-test-hivemq-platform" cannot get resource "pods" in API group "" in the namespace "helmrestapiit", metadata=ListMeta(_continue=null, remainingItemCount=null, resourceVersion=null, selfLink=null, additionalProperties={}), reason=Forbidden, status=Failure, additionalProperties={}).
2025-01-29 13:23:23,396 INFO c.h.h.t.HelmChartContainer - Deleting namespace 'helmrestapiit'...
2025-01-29 13:23:24,545 INFO c.h.h.t.HelmChartContainer - [test-hivemq-platform] [hivemq] [23cc56da] INFO  - Shutting down extension system
2025-01-29 13:23:24,552 INFO c.h.h.t.HelmChartContainer - [test-hivemq-platform] [hivemq] [23cc56da] INFO  - Stopping extension with id hivemq-dns-cluster-discovery
2025-01-29 13:23:24,552 INFO c.h.h.t.HelmChartContainer - [test-hivemq-platform] [hivemq] [23cc56da] INFO  - Extension "DNS Cluster Discovery Extension" version 4.3.2 stopped successfully.
2025-01-29 13:23:24,553 INFO c.h.h.t.HelmChartContainer - [test-hivemq-platform] [hivemq] [23cc56da] INFO  - Stopping extension with id hivemq-prometheus-extension
2025-01-29 13:23:24,557 INFO c.h.h.t.HelmChartContainer - [test-hivemq-platform] [hivemq] [23cc56da] INFO  - Extension "Prometheus Monitoring Extension" version 4.0.12 stopped successfully.
2025-01-29 13:23:24,558 INFO c.h.h.t.HelmChartContainer - [test-hivemq-platform] [hivemq] [23cc56da] INFO  - Stopping extension with id hivemq-enterprise-security-extension
2025-01-29 13:23:24,558 INFO c.h.h.t.HelmChartContainer - [test-hivemq-platform] [hivemq] [23cc56da] INFO  - HiveMQ Enterprise Security Extension: Shutting down HiveMQ Enterprise Security Extension.
2025-01-29 13:23:27,150 INFO c.h.h.t.HelmChartContainer - [EVENT] Warning [Unhealthy] Readiness probe failed: HTTP probe failed with statuscode: 503 [helmrestapiit:test-hivemq-platform-0]
2025-01-29 13:23:27,150 INFO c.h.h.t.HelmChartContainer - Received Unhealthy event for container hivemq in pod test-hivemq-platform-0 [23cc56da-cdd0-48e8-bd14-aba060df0357]
2025-01-29 13:23:27,560 INFO c.h.h.t.HelmChartContainer - [test-hivemq-platform] [hivemq] [23cc56da] INFO  - HiveMQ Enterprise Security Extension: Stopped HiveMQ Enterprise Security Extension successfully in 3002ms.
2025-01-29 13:23:27,560 INFO c.h.h.t.HelmChartContainer - [test-hivemq-platform] [hivemq] [23cc56da] INFO  - Extension "HiveMQ Enterprise Security Extension" version 4.36.0 stopped successfully.
2025-01-29 13:23:27,672 INFO c.h.h.t.HelmChartContainer - [K3S] [authentication.go:74] "Unable to authenticate the request" err="[invalid bearer token, serviceaccounts \"hivemq-platform-pod-test-hivemq-platform\" not found]"
2025-01-29 13:23:27,691 INFO c.h.h.t.HelmChartContainer - [K3S] [authentication.go:74] "Unable to authenticate the request" err="[invalid bearer token, serviceaccounts \"hivemq-platform-pod-test-hivemq-platform\" not found]"
2025-01-29 13:23:27,693 INFO c.h.h.t.HelmChartContainer - [test-hivemq-platform] [hivemq] [23cc56da] WARN  - [HiveMQ Platform Operator Init App 1.7.0-SNAPSHOT] Could not update Pod annotations: Failure executing: GET at: https://10.43.0.1:443/api/v1/namespaces/helmrestapiit/pods/test-hivemq-platform-0. Message: Unauthorized. Received status: Status(apiVersion=v1, code=401, details=null, kind=Status, message=Unauthorized, metadata=ListMeta(_continue=null, remainingItemCount=null, resourceVersion=null, selfLink=null, additionalProperties={}), reason=Unauthorized, status=Failure, additionalProperties={}).
2025-01-29 13:23:28,425 INFO c.h.h.t.HelmChartContainer - [K3S] [stateful_set.go:466] "StatefulSet has been deleted" key="helmrestapiit/test-hivemq-platform"
2025-01-29 13:23:30,334 INFO c.h.h.t.HelmChartContainer - [test-hivemq-platform] [hivemq] [23cc56da] INFO  - Shutdown completed.
2025-01-29 13:23:30,754 INFO c.h.h.t.HelmChartContainer - [test-hivemq-platform] [hivemq] [23cc56da] INFO  - [HiveMQ Platform Operator Init App 1.7.0-SNAPSHOT] The HiveMQ Platform exited with code 143
2025-01-29 13:23:30,754 INFO c.h.h.t.HelmChartContainer - [test-hivemq-platform] [hivemq] [23cc56da] INFO  - [HiveMQ Platform Operator Init App 1.7.0-SNAPSHOT] Stopping the REST API
2025-01-29 13:23:30,796 INFO c.h.h.t.HelmChartContainer - [test-hivemq-platform] [hivemq] [23cc56da] INFO  - [HiveMQ Platform Operator Init App 1.7.0-SNAPSHOT] Shutdown complete
2025-01-29 13:23:31,266 INFO c.h.h.t.HelmChartContainer - [POD] test-hivemq-platform-0 [23cc56da-cdd0-48e8-bd14-aba060df0357] in helmrestapiit was MODIFIED
2025-01-29 13:23:31,432 INFO c.h.h.t.HelmChartContainer - [K3S] [reconciler_common.go:162] "operationExecutor.UnmountVolume started for volume \"broker-configuration\" (UniqueName: \"kubernetes.io/configmap/23cc56da-cdd0-48e8-bd14-aba060df0357-broker-configuration\") pod \"23cc56da-cdd0-48e8-bd14-aba060df0357\" (UID: \"23cc56da-cdd0-48e8-bd14-aba060df0357\") "
2025-01-29 13:23:31,432 INFO c.h.h.t.HelmChartContainer - [K3S] [reconciler_common.go:162] "operationExecutor.UnmountVolume started for volume \"pod-info\" (UniqueName: \"kubernetes.io/configmap/23cc56da-cdd0-48e8-bd14-aba060df0357-pod-info\") pod \"23cc56da-cdd0-48e8-bd14-aba060df0357\" (UID: \"23cc56da-cdd0-48e8-bd14-aba060df0357\") "
2025-01-29 13:23:31,433 INFO c.h.h.t.HelmChartContainer - [K3S] [reconciler_common.go:162] "operationExecutor.UnmountVolume started for volume \"operator-init\" (UniqueName: \"kubernetes.io/empty-dir/23cc56da-cdd0-48e8-bd14-aba060df0357-operator-init\") pod \"23cc56da-cdd0-48e8-bd14-aba060df0357\" (UID: \"23cc56da-cdd0-48e8-bd14-aba060df0357\") "
2025-01-29 13:23:31,433 INFO c.h.h.t.HelmChartContainer - [K3S] [reconciler_common.go:162] "operationExecutor.UnmountVolume started for volume \"ese-file-realm\" (UniqueName: \"kubernetes.io/configmap/23cc56da-cdd0-48e8-bd14-aba060df0357-ese-file-realm\") pod \"23cc56da-cdd0-48e8-bd14-aba060df0357\" (UID: \"23cc56da-cdd0-48e8-bd14-aba060df0357\") "
2025-01-29 13:23:31,433 INFO c.h.h.t.HelmChartContainer - [K3S] [reconciler_common.go:162] "operationExecutor.UnmountVolume started for volume \"kube-api-access-dv7z5\" (UniqueName: \"kubernetes.io/projected/23cc56da-cdd0-48e8-bd14-aba060df0357-kube-api-access-dv7z5\") pod \"23cc56da-cdd0-48e8-bd14-aba060df0357\" (UID: \"23cc56da-cdd0-48e8-bd14-aba060df0357\") "
2025-01-29 13:23:31,433 INFO c.h.h.t.HelmChartContainer - [K3S] [reconciler_common.go:162] "operationExecutor.UnmountVolume started for volume \"extension-configuration-hivemq-enterprise-security-extension\" (UniqueName: \"kubernetes.io/configmap/23cc56da-cdd0-48e8-bd14-aba060df0357-extension-configuration-hivemq-enterprise-security-extension\") pod \"23cc56da-cdd0-48e8-bd14-aba060df0357\" (UID: \"23cc56da-cdd0-48e8-bd14-aba060df0357\") "
2025-01-29 13:23:31,533 INFO c.h.h.t.HelmChartContainer - [K3S] [reconciler_common.go:299] "Volume detached for volume \"broker-configuration\" (UniqueName: \"kubernetes.io/configmap/23cc56da-cdd0-48e8-bd14-aba060df0357-broker-configuration\") on node \"4b5e7665a766\" DevicePath \"\""
2025-01-29 13:23:31,533 INFO c.h.h.t.HelmChartContainer - [K3S] [reconciler_common.go:299] "Volume detached for volume \"pod-info\" (UniqueName: \"kubernetes.io/configmap/23cc56da-cdd0-48e8-bd14-aba060df0357-pod-info\") on node \"4b5e7665a766\" DevicePath \"\""
2025-01-29 13:23:31,533 INFO c.h.h.t.HelmChartContainer - [K3S] [reconciler_common.go:299] "Volume detached for volume \"operator-init\" (UniqueName: \"kubernetes.io/empty-dir/23cc56da-cdd0-48e8-bd14-aba060df0357-operator-init\") on node \"4b5e7665a766\" DevicePath \"\""
2025-01-29 13:23:31,533 INFO c.h.h.t.HelmChartContainer - [K3S] [reconciler_common.go:299] "Volume detached for volume \"ese-file-realm\" (UniqueName: \"kubernetes.io/configmap/23cc56da-cdd0-48e8-bd14-aba060df0357-ese-file-realm\") on node \"4b5e7665a766\" DevicePath \"\""
2025-01-29 13:23:31,533 INFO c.h.h.t.HelmChartContainer - [K3S] [reconciler_common.go:299] "Volume detached for volume \"kube-api-access-dv7z5\" (UniqueName: \"kubernetes.io/projected/23cc56da-cdd0-48e8-bd14-aba060df0357-kube-api-access-dv7z5\") on node \"4b5e7665a766\" DevicePath \"\""
2025-01-29 13:23:31,534 INFO c.h.h.t.HelmChartContainer - [K3S] [reconciler_common.go:299] "Volume detached for volume \"extension-configuration-hivemq-enterprise-security-extension\" (UniqueName: \"kubernetes.io/configmap/23cc56da-cdd0-48e8-bd14-aba060df0357-extension-configuration-hivemq-enterprise-security-extension\") on node \"4b5e7665a766\" DevicePath \"\""
2025-01-29 13:23:31,761 INFO c.h.h.t.HelmChartContainer - [K3S] [scope.go:117] "RemoveContainer" containerID="207d145de4117fc0b687e3724c694c58a83c23f96884812b4b888ad9d629568f"
2025-01-29 13:23:31,779 INFO c.h.h.t.HelmChartContainer - [POD] test-hivemq-platform-0 [23cc56da-cdd0-48e8-bd14-aba060df0357] in helmrestapiit was MODIFIED
2025-01-29 13:23:31,781 INFO c.h.h.t.HelmChartContainer - [POD] test-hivemq-platform-0 [23cc56da-cdd0-48e8-bd14-aba060df0357] in helmrestapiit was DELETED
2025-01-29 13:23:31,879 INFO c.h.h.t.HelmChartContainer - [K3S] [scope.go:117] "RemoveContainer" containerID="a63af7ec8d7089a9147a48c34057b7da596d4fd02f3e643cf233022dd3e1d073"
2025-01-29 13:23:31,881 INFO c.h.h.t.HelmChartContainer - [K3S] [scope.go:117] "RemoveContainer" containerID="207d145de4117fc0b687e3724c694c58a83c23f96884812b4b888ad9d629568f"
2025-01-29 13:23:31,882 INFO c.h.h.t.HelmChartContainer - [K3S] [scope.go:117] "RemoveContainer" containerID="a63af7ec8d7089a9147a48c34057b7da596d4fd02f3e643cf233022dd3e1d073"
2025-01-29 13:23:32,284 INFO c.h.h.t.HelmChartContainer - [K3S] [kubelet_volumes.go:163] "Cleaned up orphaned pod volumes dir" podUID="23cc56da-cdd0-48e8-bd14-aba060df0357" path="/var/lib/kubelet/pods/23cc56da-cdd0-48e8-bd14-aba060df0357/volumes"
2025-01-29 13:23:33,726 INFO c.h.h.t.HelmChartContainer - Namespace 'helmrestapiit' deleted
2025-01-29 13:23:33,726 INFO c.h.h.t.HelmChartContainer - Release 'test-hivemq-platform' in namespace 'helmrestapiit' is uninstalled
2025-01-29 13:23:33,726 INFO c.h.h.t.HelmChartContainer - Uninstalling release 'test-hivemq-platform-operator' in namespace 'helmrestapiit-operator'...
2025-01-29 13:23:33,726 DEBUG c.h.h.t.HelmChartContainer - Executing helm command: /bin/helm --kubeconfig /etc/rancher/k3s/k3s.yaml uninstall test-hivemq-platform-operator  --wait --timeout 5m0s --cascade foreground --namespace helmrestapiit-operator
2025-01-29 13:23:33,890 INFO c.h.h.t.HelmChartContainer - [K3S] [replica_set.go:679] "Finished syncing" kind="ReplicaSet" key="helmrestapiit-operator/hivemq-test-hivemq-platform-operator-6966f96d65" duration="12.836397ms"
2025-01-29 13:23:33,890 INFO c.h.h.t.HelmChartContainer - [K3S] [replica_set.go:679] "Finished syncing" kind="ReplicaSet" key="helmrestapiit-operator/hivemq-test-hivemq-platform-operator-6966f96d65" duration="33.814µs"
2025-01-29 13:23:33,898 INFO c.h.h.t.HelmChartContainer - [POD] hivemq-test-hivemq-platform-operator-6966f96d65-q2cht [c521dfcc-71d9-43d1-ac60-77aed0b33e7b] in helmrestapiit-operator was MODIFIED
2025-01-29 13:23:33,905 INFO c.h.h.t.HelmChartContainer - [EVENT] Normal [Killing] Stopping container hivemq-platform-operator [helmrestapiit-operator:hivemq-test-hivemq-platform-operator-6966f96d65-q2cht]
2025-01-29 13:23:33,905 INFO c.h.h.t.HelmChartContainer - Received Killing event for container hivemq-platform-operator in pod hivemq-test-hivemq-platform-operator-6966f96d65-q2cht [c521dfcc-71d9-43d1-ac60-77aed0b33e7b]
2025-01-29 13:23:33,905 INFO c.h.h.t.HelmChartContainer - Container [hivemq-test-hivemq-platform-operator-6966f96d65-q2cht] [hivemq-platform-operator] [c521dfcc-71d9-43d1-ac60-77aed0b33e7b] was terminated
2025-01-29 13:23:33,905 INFO c.h.h.t.HelmChartContainer - Stopped log watcher for hivemq-platform-operator in pod hivemq-test-hivemq-platform-operator-6966f96d65-q2cht [c521dfcc-71d9-43d1-ac60-77aed0b33e7b]
2025-01-29 13:23:33,914 INFO c.h.h.t.HelmChartContainer - [K3S] [replica_set.go:679] "Finished syncing" kind="ReplicaSet" key="helmrestapiit-operator/hivemq-test-hivemq-platform-operator-6966f96d65" duration="18.016327ms"
2025-01-29 13:23:33,915 INFO c.h.h.t.HelmChartContainer - [K3S] [replica_set.go:679] "Finished syncing" kind="ReplicaSet" key="helmrestapiit-operator/hivemq-test-hivemq-platform-operator-6966f96d65" duration="37.57µs"
2025-01-29 13:23:33,920 INFO c.h.h.t.HelmChartContainer - [hivemq-test-hivemq-platform] [hivemq-platform-operator] [c521dfcc] 13:23:33.915 [application-shutdown-thread] INFO  c.h.p.o.HiveMQPlatformOperatorApplication - HiveMQ Platform Operator is stopping...
2025-01-29 13:23:33,921 INFO c.h.h.t.HelmChartContainer - [hivemq-test-hivemq-platform] [hivemq-platform-operator] [c521dfcc] 13:23:33.915 [application-shutdown-thread] INFO  i.javaoperatorsdk.operator.Operator - Operator SDK 4.9.7 is shutting down...
2025-01-29 13:23:34,520 INFO c.h.h.t.HelmChartContainer - [K3S] [replica_set.go:679] "Finished syncing" kind="ReplicaSet" key="helmrestapiit-operator/hivemq-test-hivemq-platform-operator-6966f96d65" duration="48.019µs"
2025-01-29 13:23:34,521 INFO c.h.h.t.HelmChartContainer - [POD] hivemq-test-hivemq-platform-operator-6966f96d65-q2cht [c521dfcc-71d9-43d1-ac60-77aed0b33e7b] in helmrestapiit-operator was MODIFIED
2025-01-29 13:23:34,552 INFO c.h.h.t.HelmChartContainer - [K3S] [reconciler_common.go:162] "operationExecutor.UnmountVolume started for volume \"kube-api-access-5sgpn\" (UniqueName: \"kubernetes.io/projected/c521dfcc-71d9-43d1-ac60-77aed0b33e7b-kube-api-access-5sgpn\") pod \"c521dfcc-71d9-43d1-ac60-77aed0b33e7b\" (UID: \"c521dfcc-71d9-43d1-ac60-77aed0b33e7b\") "
2025-01-29 13:23:34,652 INFO c.h.h.t.HelmChartContainer - [K3S] [reconciler_common.go:299] "Volume detached for volume \"kube-api-access-5sgpn\" (UniqueName: \"kubernetes.io/projected/c521dfcc-71d9-43d1-ac60-77aed0b33e7b-kube-api-access-5sgpn\") on node \"4b5e7665a766\" DevicePath \"\""
2025-01-29 13:23:34,766 INFO c.h.h.t.HelmChartContainer - [K3S] [scope.go:117] "RemoveContainer" containerID="f26244b5176cb891ba3086bbfbddd60e75a1c64803168b35ac47ad2a8dda241d"
2025-01-29 13:23:34,770 INFO c.h.h.t.HelmChartContainer - [K3S] [scope.go:117] "RemoveContainer" containerID="f26244b5176cb891ba3086bbfbddd60e75a1c64803168b35ac47ad2a8dda241d"
2025-01-29 13:23:34,778 INFO c.h.h.t.HelmChartContainer - [K3S] [replica_set.go:679] "Finished syncing" kind="ReplicaSet" key="helmrestapiit-operator/hivemq-test-hivemq-platform-operator-6966f96d65" duration="42.879µs"
2025-01-29 13:23:34,778 INFO c.h.h.t.HelmChartContainer - [POD] hivemq-test-hivemq-platform-operator-6966f96d65-q2cht [c521dfcc-71d9-43d1-ac60-77aed0b33e7b] in helmrestapiit-operator was MODIFIED
2025-01-29 13:23:34,781 INFO c.h.h.t.HelmChartContainer - [POD] hivemq-test-hivemq-platform-operator-6966f96d65-q2cht [c521dfcc-71d9-43d1-ac60-77aed0b33e7b] in helmrestapiit-operator was DELETED
2025-01-29 13:23:34,783 INFO c.h.h.t.HelmChartContainer - [K3S] [replica_set.go:679] "Finished syncing" kind="ReplicaSet" key="helmrestapiit-operator/hivemq-test-hivemq-platform-operator-6966f96d65" duration="35.557µs"
2025-01-29 13:23:34,793 INFO c.h.h.t.HelmChartContainer - [K3S] [replica_set.go:679] "Finished syncing" kind="ReplicaSet" key="helmrestapiit-operator/hivemq-test-hivemq-platform-operator-6966f96d65" duration="6.973µs"
2025-01-29 13:23:35,945 INFO c.h.h.t.HelmChartContainer - Deleting namespace 'helmrestapiit-operator'...
2025-01-29 13:23:36,285 INFO c.h.h.t.HelmChartContainer - [K3S] [kubelet_volumes.go:163] "Cleaned up orphaned pod volumes dir" podUID="c521dfcc-71d9-43d1-ac60-77aed0b33e7b" path="/var/lib/kubelet/pods/c521dfcc-71d9-43d1-ac60-77aed0b33e7b/volumes"
2025-01-29 13:23:38,638 INFO c.h.h.t.HelmChartContainer - [K3S] [namespace_controller.go:187] "Namespace has been deleted" namespace="helmrestapiit"
2025-01-29 13:23:41,163 INFO c.h.h.t.HelmChartContainer - Namespace 'helmrestapiit-operator' deleted
2025-01-29 13:23:41,163 INFO c.h.h.t.HelmChartContainer - Release 'test-hivemq-platform-operator' in namespace 'helmrestapiit-operator' is uninstalled
2025-01-29 13:23:41,889 INFO c.h.helmcharts.AbstractHelmChartIT - Removed unused containers:

2025-01-29 13:23:46,069 INFO c.h.h.t.HelmChartContainer - [K3S] [namespace_controller.go:187] "Namespace has been deleted" namespace="helmrestapiit-operator"
2025-01-29 13:23:47,790 INFO c.h.h.t.HelmChartContainer - [K3S] [INFO] COMPACT compactRev=0 targetCompactRev=2 currentRev=1308
2025-01-29 13:23:47,791 INFO c.h.h.t.HelmChartContainer - [K3S] [INFO] COMPACT deleted 0 rows from 2 revisions in 545.435µs - compacted to 2/1308
2025-01-29 13:23:47,791 INFO c.h.h.t.HelmChartContainer - [K3S] [INFO] COMPACT compacted from 0 to 2 in 1 transactions over 1ms
2025-01-29 13:23:49,471 INFO c.h.helmcharts.AbstractHelmChartIT - Removed unused snapshots:
Removing snapshot sha256:03af251906410714c5aef9fa705b63f6bbc39c4a5e787de7361eeb18886c2ed2
Removing snapshot sha256:0c46b3b43cce082ce5ec34ffc6c294e0417d17b9d1e6f366d114b6aadc4f96dc
Removing snapshot sha256:0ce761beee59082d6ed5bcebd3a805b8ddd9b3426b617e4809e7fb7c6587ffec
Removing snapshot sha256:0df91287303208332c8ff6ba40ae4710105201739addbfbddfb955f1ad593664
Removing snapshot sha256:1021ef88c7974bfff89c5a0ec4fd3160daac6c48a075f74cff721f85dd104e68
Removing snapshot sha256:10aba4953ddc18145dd38e3704709bc464aa20af60b56fe52caaff4b68411e62
Removing snapshot sha256:2573e0d8158209ed54ab25c87bcdcb00bd3d2539246960a3d592a1c599d70465
Removing snapshot sha256:28949a393ce844c6bddc1c54bd13efe3c3fe76d30699627cd2f6c77aa3f86bf3
Removing snapshot sha256:362a8a37f8bbc31925a8146adcf7cf51f9882f5c1dcbef67c5baa03a297543c0
Removing snapshot sha256:43a7c979bbaba6838bc3102d6b10a1459f3ab050b87ccdfef84ef90cf43d3058
Removing snapshot sha256:4ab04491cdf0d3267f08206fe30bd48f49f94b9cab2f016d6739220f722a64af
Removing snapshot sha256:4b6068250e89c96f263060261819c7d912855bfbd64b3eb4c4a8483299b8c295
Removing snapshot sha256:580e69a0a8034ede1921139bbd2bfb72a69ebf276d008281896c32dd8bf74775
Removing snapshot sha256:5d30ba46b27fe37484567ccc5242cadc78217b8da605f3f195ef25cbf7487904
Removing snapshot sha256:63ca1fbb43ae5034640e5e6cb3e083e05c290072c5366fcaa9d62435a4cced85
Removing snapshot sha256:67f702c6baae873bceb19487c8b1f27bd2b86077e4f2f0e480e6d60ab508b8f5
Removing snapshot sha256:6864348dd42806d552efdec384f1274be15e2d0c10ce44c1f04347af004c10a9
Removing snapshot sha256:6c7dee8f2c39b84b7dc2711c01d33de93514d9055499173e9290176fbe484b6c
Removing snapshot sha256:70a7599a2d7a3259afa42f29abef20d42e0c7ece44c099427783d5b0fd89fc08
Removing snapshot sha256:82753493a6d61ded36556292f02f31841a14c20d2f279f19eaad65afb661d5cd
Removing snapshot sha256:8a10d3db42c505ee0fcfa98417bdd7e39b304f6bcc0a06bb1b220797ff2cc63c
Removing snapshot sha256:a21e5b12dbac529ad45d976eb9ce45c881f3bedcc500fb30aba1e52aa1813418
Removing snapshot sha256:b921e6c28969094157f9b8e7244677780319637afd14450b7cb6b2fdea558a0c
Removing snapshot sha256:bc27ecb5769a00e309cf99ebc763c4a4b958b618d1decc96ffac5bc05f02f5b7
Removing snapshot sha256:be3ccb6627a5332e309d45ef461d09b4879dd870c7394d89323d0ebc6ca6aa8a
Removing snapshot sha256:c261f7cbbc64211ee175ee47273acdb7b1a36a4450b397a064a8f2c026490095
Removing snapshot sha256:c34d9393647eea0c9e3557ab988efaf59f61d10a2a5613b439ef0958cca5ec10
Removing snapshot sha256:ccf3c4a0fa967a41c1c83497a2ce6fa5787965859df0adb32c4ca2cf7490bc2b
Removing snapshot sha256:cf92d33f869417309692088c341cd0f223c178ea78a125f757317b22aa8f90e9
Removing snapshot sha256:d0037344cf2fb078884f1849f6a1f8cf9a33a3b6139b6a85833e5ee528e1f9a8
Removing snapshot sha256:d3b36d5b79273b1e98e7700470eaeff05a882e777124d84cebcc1505b85ecb36
Removing snapshot sha256:d65a44a37914602d12c611e5e22a50f11451d847e63015cc1c2aef92dee777a4
Removing snapshot sha256:e2dc0bae2455930f23ae570e019b7f32edc75c0f2d71cab084db837ff9051796
Removing snapshot sha256:eccbd24a99c60cd9e86ee5305dbfc4a4dc89f5ab4fb1f06c8d64797cecedef34
Removing snapshot sha256:f144bb4c7c7f0d2aa7eeffd36d934ec40db1ee167be727e326aad9fdc616f475

]]></system-out>
  </testcase>
  <testcase name="platformChart_withCustomServiceName_thenCallsEndpoint()" classname="com.hivemq.helmcharts.services.HelmRestApiIT" time="100.158">
    <system-out><![CDATA[2025-01-29 13:23:49,472 INFO c.h.h.t.HelmChartContainer - Creating namespace 'helmrestapiit-operator'...
2025-01-29 13:23:49,477 INFO c.h.h.t.HelmChartContainer - Namespace 'helmrestapiit-operator' created
2025-01-29 13:23:49,477 INFO c.h.h.t.HelmChartContainer - Creating namespace 'helmrestapiit'...
2025-01-29 13:23:49,483 INFO c.h.h.t.HelmChartContainer - Namespace 'helmrestapiit' created
2025-01-29 13:23:49,548 DEBUG c.h.h.t.HelmChartContainer - Executing helm command: /bin/helm --kubeconfig /etc/rancher/k3s/k3s.yaml install test-hivemq-platform-operator /charts/hivemq-platform-operator --wait --timeout 5m0s --set image.repository=docker.io/hivemq --set image.name=hivemq-platform-operator-test --set image.initImageName=hivemq-platform-operator-init-test --set image.tag=snapshot --set image.pullPolicy=Never --set logLevel=DEBUG --set resources.cpu=512m --namespace helmrestapiit-operator
2025-01-29 13:23:49,896 INFO c.h.h.t.HelmChartContainer - [K3S] [alloc.go:330] "allocated clusterIPs" service="helmrestapiit-operator/hivemq-platform-operator-test-hivemq-platform-operator" clusterIPs={"IPv4":"10.43.136.32"}
2025-01-29 13:23:49,914 INFO c.h.h.t.HelmChartContainer - [EVENT] Normal [ScalingReplicaSet] Scaled up replica set hivemq-test-hivemq-platform-operator-6966f96d65 from 0 to 1 [helmrestapiit-operator:hivemq-test-hivemq-platform-operator]
2025-01-29 13:23:49,920 INFO c.h.h.t.HelmChartContainer - [POD] hivemq-test-hivemq-platform-operator-6966f96d65-sk9xx [8819f925-dfb0-42f5-a95b-7776bed653aa] in helmrestapiit-operator was ADDED
2025-01-29 13:23:49,928 INFO c.h.h.t.HelmChartContainer - [EVENT] Normal [SuccessfulCreate] Created pod: hivemq-test-hivemq-platform-operator-6966f96d65-sk9xx [helmrestapiit-operator:hivemq-test-hivemq-platform-operator-6966f96d65]
2025-01-29 13:23:49,941 INFO c.h.h.t.HelmChartContainer - [K3S] [memory_manager.go:355] "RemoveStaleState removing state" podUID="c521dfcc-71d9-43d1-ac60-77aed0b33e7b" containerName="hivemq-platform-operator"
2025-01-29 13:23:49,941 INFO c.h.h.t.HelmChartContainer - [K3S] [memory_manager.go:355] "RemoveStaleState removing state" podUID="23cc56da-cdd0-48e8-bd14-aba060df0357" containerName="hivemq"
2025-01-29 13:23:49,941 INFO c.h.h.t.HelmChartContainer - [K3S] [replica_set.go:679] "Finished syncing" kind="ReplicaSet" key="helmrestapiit-operator/hivemq-test-hivemq-platform-operator-6966f96d65" duration="27.317189ms"
2025-01-29 13:23:49,942 INFO c.h.h.t.HelmChartContainer - [EVENT] Normal [Scheduled] Successfully assigned helmrestapiit-operator/hivemq-test-hivemq-platform-operator-6966f96d65-sk9xx to 4b5e7665a766 [helmrestapiit-operator:hivemq-test-hivemq-platform-operator-6966f96d65-sk9xx]
2025-01-29 13:23:49,942 INFO c.h.h.t.HelmChartContainer - [POD] hivemq-test-hivemq-platform-operator-6966f96d65-sk9xx [8819f925-dfb0-42f5-a95b-7776bed653aa] in helmrestapiit-operator was MODIFIED
2025-01-29 13:23:49,945 INFO c.h.h.t.HelmChartContainer - [K3S] [reconciler_common.go:251] "operationExecutor.VerifyControllerAttachedVolume started for volume \"kube-api-access-6rjs9\" (UniqueName: \"kubernetes.io/projected/8819f925-dfb0-42f5-a95b-7776bed653aa-kube-api-access-6rjs9\") pod \"hivemq-test-hivemq-platform-operator-6966f96d65-sk9xx\" (UID: \"8819f925-dfb0-42f5-a95b-7776bed653aa\") " pod="helmrestapiit-operator/hivemq-test-hivemq-platform-operator-6966f96d65-sk9xx"
2025-01-29 13:23:49,951 INFO c.h.h.t.HelmChartContainer - [POD] hivemq-test-hivemq-platform-operator-6966f96d65-sk9xx [8819f925-dfb0-42f5-a95b-7776bed653aa] in helmrestapiit-operator was MODIFIED
2025-01-29 13:23:49,953 INFO c.h.h.t.HelmChartContainer - [K3S] [replica_set.go:679] "Finished syncing" kind="ReplicaSet" key="helmrestapiit-operator/hivemq-test-hivemq-platform-operator-6966f96d65" duration="17.526204ms"
2025-01-29 13:23:49,954 INFO c.h.h.t.HelmChartContainer - [K3S] [replica_set.go:679] "Finished syncing" kind="ReplicaSet" key="helmrestapiit-operator/hivemq-test-hivemq-platform-operator-6966f96d65" duration="44.072µs"
2025-01-29 13:23:50,292 INFO c.h.h.t.HelmChartContainer - [K3S] [info.go:53] Couldn't collect info from any of the files in "/etc/machine-id,/var/lib/dbus/machine-id"
2025-01-29 13:23:50,328 INFO c.h.h.t.HelmChartContainer - [EVENT] Normal [Pulled] Container image "docker.io/hivemq/hivemq-platform-operator-test:snapshot" already present on machine [helmrestapiit-operator:hivemq-test-hivemq-platform-operator-6966f96d65-sk9xx]
2025-01-29 13:23:50,328 INFO c.h.h.t.HelmChartContainer - Received Pulled event for container hivemq-platform-operator in pod hivemq-test-hivemq-platform-operator-6966f96d65-sk9xx [8819f925-dfb0-42f5-a95b-7776bed653aa]
2025-01-29 13:23:51,572 INFO c.h.h.t.HelmChartContainer - [EVENT] Normal [Created] Created container: hivemq-platform-operator [helmrestapiit-operator:hivemq-test-hivemq-platform-operator-6966f96d65-sk9xx]
2025-01-29 13:23:51,572 INFO c.h.h.t.HelmChartContainer - Received Created event for container hivemq-platform-operator in pod hivemq-test-hivemq-platform-operator-6966f96d65-sk9xx [8819f925-dfb0-42f5-a95b-7776bed653aa]
2025-01-29 13:23:51,809 INFO c.h.h.t.HelmChartContainer - [K3S] [replica_set.go:679] "Finished syncing" kind="ReplicaSet" key="helmrestapiit-operator/hivemq-test-hivemq-platform-operator-6966f96d65" duration="57.086µs"
2025-01-29 13:23:51,809 INFO c.h.h.t.HelmChartContainer - [POD] hivemq-test-hivemq-platform-operator-6966f96d65-sk9xx [8819f925-dfb0-42f5-a95b-7776bed653aa] in helmrestapiit-operator was MODIFIED
2025-01-29 13:23:51,821 INFO c.h.h.t.HelmChartContainer - Started log watcher for hivemq-platform-operator in pod hivemq-test-hivemq-platform-operator-6966f96d65-sk9xx [8819f925-dfb0-42f5-a95b-7776bed653aa]
2025-01-29 13:23:51,821 INFO c.h.h.t.HelmChartContainer - [EVENT] Normal [Started] Started container hivemq-platform-operator [helmrestapiit-operator:hivemq-test-hivemq-platform-operator-6966f96d65-sk9xx]
2025-01-29 13:23:51,821 INFO c.h.h.t.HelmChartContainer - Received Started event for container hivemq-platform-operator in pod hivemq-test-hivemq-platform-operator-6966f96d65-sk9xx [8819f925-dfb0-42f5-a95b-7776bed653aa]
2025-01-29 13:23:51,821 INFO c.h.h.t.HelmChartContainer - [hivemq-test-hivemq-platform] [hivemq-platform-operator] [8819f925] -------------------------------------------------------------------------
2025-01-29 13:23:51,821 INFO c.h.h.t.HelmChartContainer - [hivemq-test-hivemq-platform] [hivemq-platform-operator] [8819f925] 
2025-01-29 13:23:51,821 INFO c.h.h.t.HelmChartContainer - [hivemq-test-hivemq-platform] [hivemq-platform-operator] [8819f925]                   _    _  _              __  __   ____
2025-01-29 13:23:51,821 INFO c.h.h.t.HelmChartContainer - [hivemq-test-hivemq-platform] [hivemq-platform-operator] [8819f925]                  | |  | |(_)            |  \/  | / __ \
2025-01-29 13:23:51,821 INFO c.h.h.t.HelmChartContainer - [hivemq-test-hivemq-platform] [hivemq-platform-operator] [8819f925]                  | |__| | _ __   __ ___ | \  / || |  | |
2025-01-29 13:23:51,821 INFO c.h.h.t.HelmChartContainer - [hivemq-test-hivemq-platform] [hivemq-platform-operator] [8819f925]                  |  __  || |\ \ / // _ \| |\/| || |  | |
2025-01-29 13:23:51,821 INFO c.h.h.t.HelmChartContainer - [hivemq-test-hivemq-platform] [hivemq-platform-operator] [8819f925]                  | |  | || | \ V /|  __/| |  | || |__| |
2025-01-29 13:23:51,821 INFO c.h.h.t.HelmChartContainer - [hivemq-test-hivemq-platform] [hivemq-platform-operator] [8819f925]                  |_|  |_||_|  \_/  \___||_|  |_| \___\_\
2025-01-29 13:23:51,821 INFO c.h.h.t.HelmChartContainer - [hivemq-test-hivemq-platform] [hivemq-platform-operator] [8819f925] 
2025-01-29 13:23:51,821 INFO c.h.h.t.HelmChartContainer - [hivemq-test-hivemq-platform] [hivemq-platform-operator] [8819f925] -------------------------------------------------------------------------
2025-01-29 13:23:51,821 INFO c.h.h.t.HelmChartContainer - [hivemq-test-hivemq-platform] [hivemq-platform-operator] [8819f925] 
2025-01-29 13:23:51,821 INFO c.h.h.t.HelmChartContainer - [hivemq-test-hivemq-platform] [hivemq-platform-operator] [8819f925]   HiveMQ Platform Operator Start Script v1.0
2025-01-29 13:23:51,822 INFO c.h.h.t.HelmChartContainer - [hivemq-test-hivemq-platform] [hivemq-platform-operator] [8819f925] 
2025-01-29 13:23:51,822 INFO c.h.h.t.HelmChartContainer - [hivemq-test-hivemq-platform] [hivemq-platform-operator] [8819f925] -------------------------------------------------------------------------
2025-01-29 13:23:51,822 INFO c.h.h.t.HelmChartContainer - [hivemq-test-hivemq-platform] [hivemq-platform-operator] [8819f925] 
2025-01-29 13:23:51,822 INFO c.h.h.t.HelmChartContainer - [hivemq-test-hivemq-platform] [hivemq-platform-operator] [8819f925]   JAVA_OPTS: -XX:+UnlockExperimentalVMOptions -XX:InitialRAMPercentage=75 -XX:MaxRAMPercentage=75 -Duser.language=en -Duser.region=US
2025-01-29 13:23:51,822 INFO c.h.h.t.HelmChartContainer - [hivemq-test-hivemq-platform] [hivemq-platform-operator] [8819f925] 
2025-01-29 13:23:51,822 INFO c.h.h.t.HelmChartContainer - [hivemq-test-hivemq-platform] [hivemq-platform-operator] [8819f925]   JAVA_VERSION: 21
2025-01-29 13:23:51,822 INFO c.h.h.t.HelmChartContainer - [hivemq-test-hivemq-platform] [hivemq-platform-operator] [8819f925] 
2025-01-29 13:23:51,822 INFO c.h.h.t.HelmChartContainer - [hivemq-test-hivemq-platform] [hivemq-platform-operator] [8819f925] -------------------------------------------------------------------------
2025-01-29 13:23:51,822 INFO c.h.h.t.HelmChartContainer - [hivemq-test-hivemq-platform] [hivemq-platform-operator] [8819f925] 
2025-01-29 13:23:54,805 INFO c.h.h.t.HelmChartContainer - [hivemq-test-hivemq-platform] [hivemq-platform-operator] [8819f925] 13:23:54.803 [main] DEBUG org.jboss.logging - Logging Provider: org.jboss.logging.Slf4jLoggerProvider
2025-01-29 13:23:54,928 INFO c.h.h.t.HelmChartContainer - [hivemq-test-hivemq-platform] [hivemq-platform-operator] [8819f925] 13:23:54.926 [main] DEBUG io.smallrye.config - SRCFG01006: Loaded ConfigSource SysPropConfigSource with ordinal 400
2025-01-29 13:23:54,928 INFO c.h.h.t.HelmChartContainer - [hivemq-test-hivemq-platform] [hivemq-platform-operator] [8819f925] 13:23:54.926 [main] DEBUG io.smallrye.config - SRCFG01006: Loaded ConfigSource EnvConfigSource with ordinal 300
2025-01-29 13:23:54,928 INFO c.h.h.t.HelmChartContainer - [hivemq-test-hivemq-platform] [hivemq-platform-operator] [8819f925] 13:23:54.927 [main] DEBUG io.smallrye.config - SRCFG01006: Loaded ConfigSource PropertiesConfigSource[source=jar:file:///opt/hivemq-platform-operator/bin/hivemq-platform-operator.jar!/hivemq-platform-operator.properties] with ordinal 100
2025-01-29 13:23:54,928 INFO c.h.h.t.HelmChartContainer - [hivemq-test-hivemq-platform] [hivemq-platform-operator] [8819f925] 13:23:54.927 [main] DEBUG io.smallrye.config - SRCFG01006: Loaded ConfigSource DefaultValuesConfigSource with ordinal -2147483648
2025-01-29 13:23:55,035 INFO c.h.h.t.HelmChartContainer - [hivemq-test-hivemq-platform] [hivemq-platform-operator] [8819f925] 13:23:55.034 [main] DEBUG i.m.c.u.i.l.InternalLoggerFactory - Using SLF4J as the default logging framework
2025-01-29 13:23:55,204 INFO c.h.h.t.HelmChartContainer - [hivemq-test-hivemq-platform] [hivemq-platform-operator] [8819f925] 13:23:55.196 [main] INFO  c.h.p.o.HiveMQPlatformOperatorApplication - HiveMQ Platform Operator 1.7.0-SNAPSHOT (commit: bebf408 on branch: HEAD) built on Sun Jan 26 20:47:47 UTC 2025
2025-01-29 13:23:55,204 INFO c.h.h.t.HelmChartContainer - [hivemq-test-hivemq-platform] [hivemq-platform-operator] [8819f925] 13:23:55.203 [main] INFO  c.h.p.o.HiveMQPlatformOperatorApplication - HiveMQ Platform Operator is running in namespace: helmrestapiit-operator
2025-01-29 13:23:55,204 INFO c.h.h.t.HelmChartContainer - [hivemq-test-hivemq-platform] [hivemq-platform-operator] [8819f925] 13:23:55.203 [main] INFO  c.h.p.o.HiveMQPlatformOperatorApplication - Watching all namespaces
2025-01-29 13:23:55,204 INFO c.h.h.t.HelmChartContainer - [hivemq-test-hivemq-platform] [hivemq-platform-operator] [8819f925] 13:23:55.203 [main] INFO  c.h.p.o.HiveMQPlatformOperatorApplication - Log level: DEBUG
2025-01-29 13:23:55,204 INFO c.h.h.t.HelmChartContainer - [hivemq-test-hivemq-platform] [hivemq-platform-operator] [8819f925] 13:23:55.203 [main] INFO  c.h.p.o.HiveMQPlatformOperatorApplication - Release name: test-hivemq-platform-operator
2025-01-29 13:23:55,204 INFO c.h.h.t.HelmChartContainer - [hivemq-test-hivemq-platform] [hivemq-platform-operator] [8819f925] 13:23:55.203 [main] INFO  c.h.p.o.HiveMQPlatformOperatorApplication - HiveMQ Platform Operator Init image: docker.io/hivemq/hivemq-platform-operator-init-test:snapshot
2025-01-29 13:23:55,204 INFO c.h.h.t.HelmChartContainer - [hivemq-test-hivemq-platform] [hivemq-platform-operator] [8819f925] 13:23:55.203 [main] INFO  c.h.p.o.HiveMQPlatformOperatorApplication - HiveMQ Platform Operator Init App update URL: http://hivemq-platform-operator-test-hivemq-platform-operator.helmrestapiit-operator.svc:8080/initAppUpdate/hivemq-platform-operator-init-app-1.7.0-SNAPSHOT.jar
2025-01-29 13:23:55,204 INFO c.h.h.t.HelmChartContainer - [hivemq-test-hivemq-platform] [hivemq-platform-operator] [8819f925] 13:23:55.204 [main] INFO  c.h.p.o.HiveMQPlatformOperatorApplication - Additional imagePullSecret for all Platform deployments: none
2025-01-29 13:23:55,205 INFO c.h.h.t.HelmChartContainer - [hivemq-test-hivemq-platform] [hivemq-platform-operator] [8819f925] 13:23:55.204 [main] INFO  c.h.p.o.HiveMQPlatformOperatorApplication - Apply HiveMQ Platform CRD: true
2025-01-29 13:23:55,205 INFO c.h.h.t.HelmChartContainer - [hivemq-test-hivemq-platform] [hivemq-platform-operator] [8819f925] 13:23:55.204 [main] INFO  c.h.p.o.HiveMQPlatformOperatorApplication - Create Platform ServiceAccount: true
2025-01-29 13:23:55,205 INFO c.h.h.t.HelmChartContainer - [hivemq-test-hivemq-platform] [hivemq-platform-operator] [8819f925] 13:23:55.204 [main] INFO  c.h.p.o.HiveMQPlatformOperatorApplication - Create Platform ServiceAccount permissions: true
2025-01-29 13:23:55,205 INFO c.h.h.t.HelmChartContainer - [hivemq-test-hivemq-platform] [hivemq-platform-operator] [8819f925] 13:23:55.204 [main] INFO  c.h.p.o.HiveMQPlatformOperatorApplication - Validate Platform ServiceAccount: true
2025-01-29 13:23:55,205 INFO c.h.h.t.HelmChartContainer - [hivemq-test-hivemq-platform] [hivemq-platform-operator] [8819f925] 13:23:55.204 [main] INFO  c.h.p.o.HiveMQPlatformOperatorApplication - Validate Platform ServiceAccount permissions: true
2025-01-29 13:23:55,393 INFO c.h.h.t.HelmChartContainer - [hivemq-test-hivemq-platform] [hivemq-platform-operator] [8819f925] 13:23:55.392 [main] INFO  c.h.platform.operator.util.CRDUtil - Verifying deployed HiveMQ Platform CRD...
2025-01-29 13:23:57,829 INFO c.h.h.t.HelmChartContainer - [hivemq-test-hivemq-platform] [hivemq-platform-operator] [8819f925] 13:23:57.828 [main] DEBUG c.h.platform.operator.util.CRDUtil - HiveMQ Platform CRD version v1 is up to date
2025-01-29 13:23:57,829 INFO c.h.h.t.HelmChartContainer - [hivemq-test-hivemq-platform] [hivemq-platform-operator] [8819f925] 13:23:57.828 [main] INFO  c.h.platform.operator.util.CRDUtil - HiveMQ Platform CRD is up to date (version: V1_6_0)
2025-01-29 13:23:57,829 INFO c.h.h.t.HelmChartContainer - [hivemq-test-hivemq-platform] [hivemq-platform-operator] [8819f925] 13:23:57.828 [main] INFO  c.h.platform.operator.util.CRDUtil - Waiting 10000 ms for HiveMQ Platform CRD 'hivemq-platforms.hivemq.com' to become ready...
2025-01-29 13:23:58,131 INFO c.h.h.t.HelmChartContainer - [hivemq-test-hivemq-platform] [hivemq-platform-operator] [8819f925] 13:23:58.128 [vert.x-eventloop-thread-1] DEBUG c.h.platform.operator.util.CRDUtil - Checking CRD condition 'NamesAccepted' (status: 'True')
2025-01-29 13:23:58,131 INFO c.h.h.t.HelmChartContainer - [hivemq-test-hivemq-platform] [hivemq-platform-operator] [8819f925] 13:23:58.129 [vert.x-eventloop-thread-1] DEBUG c.h.platform.operator.util.CRDUtil - Checking CRD condition 'Established' (status: 'True')
2025-01-29 13:23:58,132 INFO c.h.h.t.HelmChartContainer - [hivemq-test-hivemq-platform] [hivemq-platform-operator] [8819f925] 13:23:58.129 [main] INFO  c.h.platform.operator.util.CRDUtil - HiveMQ Platform CRD 'hivemq-platforms.hivemq.com' is ready
2025-01-29 13:23:58,302 INFO c.h.h.t.HelmChartContainer - [hivemq-test-hivemq-platform] [hivemq-platform-operator] [8819f925] 13:23:58.301 [main] INFO  c.h.p.o.HiveMQPlatformReconciler - HiveMQ Platform Operator is starting...
2025-01-29 13:23:58,395 INFO c.h.h.t.HelmChartContainer - [hivemq-test-hivemq-platform] [hivemq-platform-operator] [8819f925] 13:23:58.394 [main] WARN  Default ConfigurationService implementation - Configuration for reconciler 'hivemq-controller' was not found. Known reconcilers: None.
2025-01-29 13:23:58,402 INFO c.h.h.t.HelmChartContainer - [hivemq-test-hivemq-platform] [hivemq-platform-operator] [8819f925] 13:23:58.402 [main] INFO  Default ConfigurationService implementation - Created configuration for reconciler com.hivemq.platform.operator.HiveMQPlatformReconciler with name hivemq-controller
2025-01-29 13:23:58,528 INFO c.h.h.t.HelmChartContainer - [hivemq-test-hivemq-platform] [hivemq-platform-operator] [8819f925] 13:23:58.527 [main] DEBUG c.h.p.o.HiveMQPlatformReconciler - HiveMQ Platform Operator is preparing EventSources
2025-01-29 13:23:58,593 INFO c.h.h.t.HelmChartContainer - [hivemq-test-hivemq-platform] [hivemq-platform-operator] [8819f925] 13:23:58.593 [main] INFO  i.javaoperatorsdk.operator.Operator - Registered reconciler: 'hivemq-controller' for resource: 'class com.hivemq.platform.operator.v1.HiveMQPlatform' for namespace(s): [all namespaces]
2025-01-29 13:23:59,101 INFO c.h.h.t.HelmChartContainer - [hivemq-test-hivemq-platform] [hivemq-platform-operator] [8819f925] 13:23:59.100 [main] INFO  c.h.p.operator.webserver.JettyServer - Starting Jetty server on port 8080
2025-01-29 13:23:59,199 INFO c.h.h.t.HelmChartContainer - [hivemq-test-hivemq-platform] [hivemq-platform-operator] [8819f925] 13:23:59.198 [main] INFO  i.javaoperatorsdk.operator.Operator - Operator SDK 4.9.7 (commit: 2133d28) built on Wed Nov 20 12:56:20 UTC 2024 starting...
2025-01-29 13:23:59,199 INFO c.h.h.t.HelmChartContainer - [hivemq-test-hivemq-platform] [hivemq-platform-operator] [8819f925] 13:23:59.198 [main] INFO  i.javaoperatorsdk.operator.Operator - Client version: 6.13.4
2025-01-29 13:23:59,200 INFO c.h.h.t.HelmChartContainer - [hivemq-test-hivemq-platform] [hivemq-platform-operator] [8819f925] 13:23:59.199 [Controller Starter for: hivemq-controller] INFO  i.j.operator.processing.Controller - Starting 'hivemq-controller' controller for reconciler: com.hivemq.platform.operator.HiveMQPlatformReconciler, resource: com.hivemq.platform.operator.v1.HiveMQPlatform
2025-01-29 13:24:01,699 INFO c.h.h.t.HelmChartContainer - [hivemq-test-hivemq-platform] [hivemq-platform-operator] [8819f925] 13:24:01.698 [Controller Starter for: hivemq-controller] INFO  i.j.operator.processing.Controller - 'hivemq-controller' controller started
2025-01-29 13:24:01,701 INFO c.h.h.t.HelmChartContainer - [hivemq-test-hivemq-platform] [hivemq-platform-operator] [8819f925] 13:24:01.699 [main] INFO  c.h.p.o.HiveMQPlatformOperatorApplication - HiveMQ Platform Operator 1.7.0-SNAPSHOT started in 6503 ms
2025-01-29 13:24:02,813 INFO c.h.h.t.HelmChartContainer - [POD] hivemq-test-hivemq-platform-operator-6966f96d65-sk9xx [8819f925-dfb0-42f5-a95b-7776bed653aa] in helmrestapiit-operator was MODIFIED
2025-01-29 13:24:02,820 INFO c.h.h.t.HelmChartContainer - [K3S] [replica_set.go:679] "Finished syncing" kind="ReplicaSet" key="helmrestapiit-operator/hivemq-test-hivemq-platform-operator-6966f96d65" duration="10.243305ms"
2025-01-29 13:24:02,821 INFO c.h.h.t.HelmChartContainer - [K3S] [replica_set.go:679] "Finished syncing" kind="ReplicaSet" key="helmrestapiit-operator/hivemq-test-hivemq-platform-operator-6966f96d65" duration="38.241µs"
2025-01-29 13:24:04,024 DEBUG c.h.h.t.HelmChartContainer - Executing helm command: /bin/helm --kubeconfig /etc/rancher/k3s/k3s.yaml install test-hivemq-platform /charts/hivemq-platform --wait --timeout 5m0s --set image.repository=docker.io/hivemq --set image.tag=4.36.0 --set image.pullPolicy=Never --set nodes.resources.cpu=512m -f /files/custom-service-names-values.yaml --namespace helmrestapiit
2025-01-29 13:24:04,331 INFO c.h.h.t.HelmChartContainer - [hivemq-test-hivemq-platform] [hivemq-platform-operator] [8819f925] 13:24:04.325 [-373097727-pool-1-thread-3] WARN  i.m.p.PrometheusMeterRegistry - The meter (MeterId{name='operator.sdk.events.received', tags=[tag(action=ADDED),tag(event=ResourceEvent),tag(group=hivemq.com),tag(kind=HiveMQPlatform),tag(name=test-hivemq-platform),tag(namespace=helmrestapiit),tag(scope=namespace),tag(version=v1)]}) registration has failed: Prometheus requires that all meters with the same name have the same set of tag keys. There is already an existing meter named 'operator.sdk.events.received' containing tag keys [event, group, kind, name, namespace, scope, version]. The meter you are attempting to register has keys [action, event, group, kind, name, namespace, scope, version]. Note that subsequent logs will be logged at debug level.
2025-01-29 13:24:04,737 INFO c.h.h.t.HelmChartContainer - [hivemq-test-hivemq-platform] [hivemq-platform-operator] [8819f925] 13:24:04.734 [pool-6-thread-3] DEBUG c.h.p.o.dependants.PodInfoConfigMap - [helmrest] Desired PodInfo ConfigMap (1 extensions) (1 enabled)
2025-01-29 13:24:04,737 INFO c.h.h.t.HelmChartContainer - [hivemq-test-hivemq-platform] [hivemq-platform-operator] [8819f925] 13:24:04.735 [pool-6-thread-3] DEBUG c.h.p.o.dependants.PodInfoConfigMap - [helmrest] Desired PodInfo ConfigMap (metrics port: 9399) (metrics path: /)
2025-01-29 13:24:04,737 INFO c.h.h.t.HelmChartContainer - [hivemq-test-hivemq-platform] [hivemq-platform-operator] [8819f925] 13:24:04.735 [pool-6-thread-3] DEBUG c.h.p.o.dependants.PodInfoConfigMap - [helmrest] Desired PodInfo ConfigMap (extension state hash: -1817474005)
2025-01-29 13:24:04,739 INFO c.h.h.t.HelmChartContainer - [hivemq-test-hivemq-platform] [hivemq-platform-operator] [8819f925] 13:24:04.738 [pool-6-thread-3] DEBUG c.h.p.o.dependants.PodInfoConfigMap - [helmrest] Create PodInfo ConfigMap
2025-01-29 13:24:04,840 INFO c.h.h.t.HelmChartContainer - [hivemq-test-hivemq-platform] [hivemq-platform-operator] [8819f925] 13:24:04.839 [pool-6-thread-5] DEBUG c.h.p.o.dependants.PodRoleResource - [helmrest] Create Role: Role(apiVersion=rbac.authorization.k8s.io/v1, kind=Role, metadata=ObjectMeta(annotations={meta.helm.sh/release-name=test-hivemq-platform, meta.helm.sh/release-namespace=helmrestapiit}, creationTimestamp=null, deletionGracePeriodSeconds=null, deletionTimestamp=null, finalizers=[], generateName=null, generation=null, labels={helm.sh/chart=hivemq-platform-0.2.32, app.kubernetes.io/managed-by=Helm, app.kubernetes.io/name=hivemq-platform, hivemq-platform=test-hivemq-platform, app.kubernetes.io/instance=test-hivemq-platform, app.kubernetes.io/version=4.36.0}, managedFields=[], name=hivemq-platform-role-test-hivemq-platform, namespace=helmrestapiit, ownerReferences=[OwnerReference(apiVersion=hivemq.com/v1, blockOwnerDeletion=null, controller=null, kind=HiveMQPlatform, name=test-hivemq-platform, uid=16d7de51-2892-443e-968c-44d4cb45d1da, additionalProperties={})], resourceVersion=null, selfLink=null, uid=null, additionalProperties={}), rules=[PolicyRule(apiGroups=[], nonResourceURLs=[], resourceNames=[], resources=[pods], verbs=[get, patch, update], additionalProperties={})], additionalProperties={})
2025-01-29 13:24:05,029 INFO c.h.h.t.HelmChartContainer - [hivemq-test-hivemq-platform] [hivemq-platform-operator] [8819f925] 13:24:05.027 [pool-6-thread-7] DEBUG c.h.p.o.d.PodServiceAccountResource - [helmrest] Desired PodServiceAccountResource (serviceAccountName: hivemq-platform-pod-test-hivemq-platform)
2025-01-29 13:24:05,030 INFO c.h.h.t.HelmChartContainer - [hivemq-test-hivemq-platform] [hivemq-platform-operator] [8819f925] 13:24:05.028 [pool-6-thread-7] DEBUG c.h.p.o.d.PodServiceAccountResource - [helmrest] Create ServiceAccount 'hivemq-platform-pod-test-hivemq-platform'
2025-01-29 13:24:05,136 INFO c.h.h.t.HelmChartContainer - [hivemq-test-hivemq-platform] [hivemq-platform-operator] [8819f925] 13:24:05.135 [pool-6-thread-10] DEBUG c.h.p.o.d.PodRoleBindingResource - [helmrest] Create RoleBinding: RoleBinding(apiVersion=rbac.authorization.k8s.io/v1, kind=RoleBinding, metadata=ObjectMeta(annotations={meta.helm.sh/release-name=test-hivemq-platform, meta.helm.sh/release-namespace=helmrestapiit}, creationTimestamp=null, deletionGracePeriodSeconds=null, deletionTimestamp=null, finalizers=[], generateName=null, generation=null, labels={helm.sh/chart=hivemq-platform-0.2.32, app.kubernetes.io/managed-by=Helm, app.kubernetes.io/name=hivemq-platform, hivemq-platform=test-hivemq-platform, app.kubernetes.io/instance=test-hivemq-platform, app.kubernetes.io/version=4.36.0}, managedFields=[], name=hivemq-platform-role-binding-test-hivemq-platform, namespace=helmrestapiit, ownerReferences=[OwnerReference(apiVersion=hivemq.com/v1, blockOwnerDeletion=null, controller=null, kind=HiveMQPlatform, name=test-hivemq-platform, uid=16d7de51-2892-443e-968c-44d4cb45d1da, additionalProperties={})], resourceVersion=null, selfLink=null, uid=null, additionalProperties={}), roleRef=RoleRef(apiGroup=rbac.authorization.k8s.io, kind=Role, name=hivemq-platform-role-test-hivemq-platform, additionalProperties={}), subjects=[Subject(apiGroup=null, kind=ServiceAccount, name=hivemq-platform-pod-test-hivemq-platform, namespace=helmrestapiit, additionalProperties={})], additionalProperties={})
2025-01-29 13:24:05,227 INFO c.h.h.t.HelmChartContainer - [hivemq-test-hivemq-platform] [hivemq-platform-operator] [8819f925] 13:24:05.226 [ReconcilerExecutor-hivemq-controller-52] INFO  c.h.p.o.HiveMQPlatformReconciler - [helmrest] Reconciling HiveMQ Platform 'test-hivemq-platform' in namespace 'helmrestapiit'
2025-01-29 13:24:05,228 INFO c.h.h.t.HelmChartContainer - [hivemq-test-hivemq-platform] [hivemq-platform-operator] [8819f925] 13:24:05.227 [ReconcilerExecutor-hivemq-controller-52] DEBUG c.h.p.o.HiveMQPlatformReconciler - [helmrest] Custom Resource Status CREATED - HiveMQ Platform was created (READY)
2025-01-29 13:24:05,228 INFO c.h.h.t.HelmChartContainer - [hivemq-test-hivemq-platform] [hivemq-platform-operator] [8819f925] 13:24:05.227 [ReconcilerExecutor-hivemq-controller-52] DEBUG c.h.p.o.HiveMQPlatformReconciler - [helmrest] Custom Resource Spec (replicas: 1) (extensions: 1)
2025-01-29 13:24:05,231 INFO c.h.h.t.HelmChartContainer - [hivemq-test-hivemq-platform] [hivemq-platform-operator] [8819f925] 13:24:05.230 [ReconcilerExecutor-hivemq-controller-52] INFO  c.h.p.o.h.HiveMQPlatformReconcilerBaseHandler - [helmrest] HiveMQ Platform is starting
2025-01-29 13:24:05,336 INFO c.h.h.t.HelmChartContainer - [hivemq-test-hivemq-platform] [hivemq-platform-operator] [8819f925] 13:24:05.335 [ReconcilerExecutor-hivemq-controller-52] DEBUG c.h.p.operator.event.EventSender - [helmrest] Creating K8s event hivemq-platform-starting: [Start] HiveMQ Platform is starting
2025-01-29 13:24:05,343 INFO c.h.h.t.HelmChartContainer - [EVENT] Normal [Start] HiveMQ Platform is starting [helmrestapiit:test-hivemq-platform]
2025-01-29 13:24:05,429 INFO c.h.h.t.HelmChartContainer - [hivemq-test-hivemq-platform] [hivemq-platform-operator] [8819f925] 13:24:05.427 [ReconcilerExecutor-hivemq-controller-52] INFO  c.h.p.o.h.AbstractHiveMQReconcilerStateHandler - [helmrest] Update HiveMQ Platform Status (CREATED [READY] -> STARTING [READY]): HiveMQ Platform is starting
2025-01-29 13:24:05,441 DEBUG com.hivemq.helmcharts.util.K8sUtil - Comparing actual state 'STARTING' and waiting for 'RUNNING'
2025-01-29 13:24:15,454 INFO c.h.h.t.HelmChartContainer - [hivemq-test-hivemq-platform] [hivemq-platform-operator] [8819f925] 13:24:15.452 [pool-6-thread-12] DEBUG c.h.p.o.d.PlatformServiceResource - [helmrest] Desired Platform services (4 services)
2025-01-29 13:24:15,456 INFO c.h.h.t.HelmChartContainer - [hivemq-test-hivemq-platform] [hivemq-platform-operator] [8819f925] 13:24:15.455 [pool-6-thread-17] DEBUG c.h.p.o.d.PodServiceAccountResource - [helmrest] Desired PodServiceAccountResource (serviceAccountName: hivemq-platform-pod-test-hivemq-platform)
2025-01-29 13:24:15,457 INFO c.h.h.t.HelmChartContainer - [hivemq-test-hivemq-platform] [hivemq-platform-operator] [8819f925] 13:24:15.456 [pool-6-thread-13] DEBUG c.h.p.o.dependants.PodInfoConfigMap - [helmrest] Desired PodInfo ConfigMap (1 extensions) (1 enabled)
2025-01-29 13:24:15,458 INFO c.h.h.t.HelmChartContainer - [hivemq-test-hivemq-platform] [hivemq-platform-operator] [8819f925] 13:24:15.456 [pool-6-thread-13] DEBUG c.h.p.o.dependants.PodInfoConfigMap - [helmrest] Desired PodInfo ConfigMap (metrics port: 9399) (metrics path: /)
2025-01-29 13:24:15,459 INFO c.h.h.t.HelmChartContainer - [hivemq-test-hivemq-platform] [hivemq-platform-operator] [8819f925] 13:24:15.457 [pool-6-thread-13] DEBUG c.h.p.o.dependants.PodInfoConfigMap - [helmrest] Desired PodInfo ConfigMap (extension state hash: -1817474005)
2025-01-29 13:24:15,464 INFO c.h.h.t.HelmChartContainer - [hivemq-test-hivemq-platform] [hivemq-platform-operator] [8819f925] 13:24:15.464 [pool-6-thread-13] DEBUG c.h.p.o.dependants.PodInfoConfigMap - [helmrest] Update PodInfo ConfigMap
2025-01-29 13:24:15,535 INFO c.h.h.t.HelmChartContainer - [K3S] [alloc.go:330] "allocated clusterIPs" service="helmrestapiit/mqtt-service" clusterIPs={"IPv4":"10.43.193.141"}
2025-01-29 13:24:15,637 INFO c.h.h.t.HelmChartContainer - [K3S] [alloc.go:330] "allocated clusterIPs" service="helmrestapiit/control-center-service" clusterIPs={"IPv4":"10.43.204.116"}
2025-01-29 13:24:15,653 INFO c.h.h.t.HelmChartContainer - [K3S] [alloc.go:330] "allocated clusterIPs" service="helmrestapiit/metrics-service" clusterIPs={"IPv4":"10.43.139.66"}
2025-01-29 13:24:15,732 INFO c.h.h.t.HelmChartContainer - [K3S] [alloc.go:330] "allocated clusterIPs" service="helmrestapiit/rest-api-service" clusterIPs={"IPv4":"10.43.229.244"}
2025-01-29 13:24:15,741 INFO c.h.h.t.HelmChartContainer - [hivemq-test-hivemq-platform] [hivemq-platform-operator] [8819f925] 13:24:15.740 [pool-6-thread-20] DEBUG c.h.p.o.d.StatefulSetResource - [helmrest] Desired StatefulSet (1 replicas) for status STARTING (READY)
2025-01-29 13:24:15,832 INFO c.h.h.t.HelmChartContainer - [hivemq-test-hivemq-platform] [hivemq-platform-operator] [8819f925] 13:24:15.830 [pool-6-thread-20] DEBUG c.h.p.o.d.StatefulSetResource - [helmrest] Create StatefulSet
2025-01-29 13:24:15,857 INFO c.h.h.t.HelmChartContainer - [POD] test-hivemq-platform-0 [54e47bbf-6e5a-4a70-ac4d-31b389385604] in helmrestapiit was ADDED
2025-01-29 13:24:15,858 INFO c.h.h.t.HelmChartContainer - [EVENT] Normal [SuccessfulCreate] create Pod test-hivemq-platform-0 in StatefulSet test-hivemq-platform successful [helmrestapiit:test-hivemq-platform]
2025-01-29 13:24:15,861 INFO c.h.h.t.HelmChartContainer - [POD] test-hivemq-platform-0 [54e47bbf-6e5a-4a70-ac4d-31b389385604] in helmrestapiit was MODIFIED
2025-01-29 13:24:15,863 INFO c.h.h.t.HelmChartContainer - [EVENT] Normal [Scheduled] Successfully assigned helmrestapiit/test-hivemq-platform-0 to 4b5e7665a766 [helmrestapiit:test-hivemq-platform-0]
2025-01-29 13:24:15,870 INFO c.h.h.t.HelmChartContainer - [POD] test-hivemq-platform-0 [54e47bbf-6e5a-4a70-ac4d-31b389385604] in helmrestapiit was MODIFIED
2025-01-29 13:24:15,897 INFO c.h.h.t.HelmChartContainer - [K3S] [reconciler_common.go:251] "operationExecutor.VerifyControllerAttachedVolume started for volume \"pod-info\" (UniqueName: \"kubernetes.io/configmap/54e47bbf-6e5a-4a70-ac4d-31b389385604-pod-info\") pod \"test-hivemq-platform-0\" (UID: \"54e47bbf-6e5a-4a70-ac4d-31b389385604\") " pod="helmrestapiit/test-hivemq-platform-0"
2025-01-29 13:24:15,898 INFO c.h.h.t.HelmChartContainer - [K3S] [reconciler_common.go:251] "operationExecutor.VerifyControllerAttachedVolume started for volume \"broker-configuration\" (UniqueName: \"kubernetes.io/configmap/54e47bbf-6e5a-4a70-ac4d-31b389385604-broker-configuration\") pod \"test-hivemq-platform-0\" (UID: \"54e47bbf-6e5a-4a70-ac4d-31b389385604\") " pod="helmrestapiit/test-hivemq-platform-0"
2025-01-29 13:24:15,898 INFO c.h.h.t.HelmChartContainer - [K3S] [reconciler_common.go:251] "operationExecutor.VerifyControllerAttachedVolume started for volume \"kube-api-access-c95wc\" (UniqueName: \"kubernetes.io/projected/54e47bbf-6e5a-4a70-ac4d-31b389385604-kube-api-access-c95wc\") pod \"test-hivemq-platform-0\" (UID: \"54e47bbf-6e5a-4a70-ac4d-31b389385604\") " pod="helmrestapiit/test-hivemq-platform-0"
2025-01-29 13:24:15,898 INFO c.h.h.t.HelmChartContainer - [K3S] [reconciler_common.go:251] "operationExecutor.VerifyControllerAttachedVolume started for volume \"operator-init\" (UniqueName: \"kubernetes.io/empty-dir/54e47bbf-6e5a-4a70-ac4d-31b389385604-operator-init\") pod \"test-hivemq-platform-0\" (UID: \"54e47bbf-6e5a-4a70-ac4d-31b389385604\") " pod="helmrestapiit/test-hivemq-platform-0"
2025-01-29 13:24:15,931 INFO c.h.h.t.HelmChartContainer - [hivemq-test-hivemq-platform] [hivemq-platform-operator] [8819f925] 13:24:15.926 [ReconcilerExecutor-hivemq-controller-63] INFO  c.h.p.o.HiveMQPlatformReconciler - [helmrest] Reconciling HiveMQ Platform 'test-hivemq-platform' in namespace 'helmrestapiit'
2025-01-29 13:24:15,931 INFO c.h.h.t.HelmChartContainer - [hivemq-test-hivemq-platform] [hivemq-platform-operator] [8819f925] 13:24:15.926 [ReconcilerExecutor-hivemq-controller-63] DEBUG c.h.p.o.HiveMQPlatformReconciler - [helmrest] Custom Resource Status STARTING - HiveMQ Platform is starting (READY)
2025-01-29 13:24:15,931 INFO c.h.h.t.HelmChartContainer - [hivemq-test-hivemq-platform] [hivemq-platform-operator] [8819f925] 13:24:15.926 [ReconcilerExecutor-hivemq-controller-63] DEBUG c.h.p.o.HiveMQPlatformReconciler - [helmrest] Custom Resource Spec (replicas: 1) (extensions: 1)
2025-01-29 13:24:15,938 INFO c.h.h.t.HelmChartContainer - [hivemq-test-hivemq-platform] [hivemq-platform-operator] [8819f925] 13:24:15.936 [ReconcilerExecutor-hivemq-controller-63] DEBUG c.h.p.o.HiveMQPlatformReconciler - [helmrest] StatefulSet Status (revision: null, replicas: 0, available: 0, ready: 0, current: 0, updated: 0)
2025-01-29 13:24:15,939 INFO c.h.h.t.HelmChartContainer - [hivemq-test-hivemq-platform] [hivemq-platform-operator] [8819f925] 13:24:15.936 [ReconcilerExecutor-hivemq-controller-63] DEBUG c.h.p.o.HiveMQPlatformReconciler - [helmrest] StatefulSet Spec (replicas: 1, init containers: 1, containers: 1, volumes: 3)
2025-01-29 13:24:16,036 INFO c.h.h.t.HelmChartContainer - [hivemq-test-hivemq-platform] [hivemq-platform-operator] [8819f925] 13:24:16.034 [ReconcilerExecutor-hivemq-controller-63] DEBUG c.h.p.o.h.HiveMQPlatformReconcilerErrorHandler - [helmrest] Pod 'test-hivemq-platform-0' phase Pending
2025-01-29 13:24:16,037 INFO c.h.h.t.HelmChartContainer - [hivemq-test-hivemq-platform] [hivemq-platform-operator] [8819f925] 13:24:16.035 [ReconcilerExecutor-hivemq-controller-63] DEBUG c.h.p.o.h.HiveMQPlatformReconcilerErrorHandler - [helmrest] Pod 'test-hivemq-platform-0' condition 'PodReadyToStartContainers': False
2025-01-29 13:24:16,037 INFO c.h.h.t.HelmChartContainer - [hivemq-test-hivemq-platform] [hivemq-platform-operator] [8819f925] 13:24:16.036 [ReconcilerExecutor-hivemq-controller-63] DEBUG c.h.p.o.h.HiveMQPlatformReconcilerErrorHandler - [helmrest] Pod 'test-hivemq-platform-0' condition 'Initialized': False
2025-01-29 13:24:16,037 INFO c.h.h.t.HelmChartContainer - [hivemq-test-hivemq-platform] [hivemq-platform-operator] [8819f925] 13:24:16.036 [ReconcilerExecutor-hivemq-controller-63] DEBUG c.h.p.o.h.HiveMQPlatformReconcilerErrorHandler - [helmrest] Pod 'test-hivemq-platform-0' condition 'Ready': False
2025-01-29 13:24:16,037 INFO c.h.h.t.HelmChartContainer - [hivemq-test-hivemq-platform] [hivemq-platform-operator] [8819f925] 13:24:16.036 [ReconcilerExecutor-hivemq-controller-63] DEBUG c.h.p.o.h.HiveMQPlatformReconcilerErrorHandler - [helmrest] Pod 'test-hivemq-platform-0' condition 'ContainersReady': False
2025-01-29 13:24:16,038 INFO c.h.h.t.HelmChartContainer - [hivemq-test-hivemq-platform] [hivemq-platform-operator] [8819f925] 13:24:16.036 [ReconcilerExecutor-hivemq-controller-63] DEBUG c.h.p.o.h.HiveMQPlatformReconcilerErrorHandler - [helmrest] Pod 'test-hivemq-platform-0' condition 'PodScheduled': True
2025-01-29 13:24:16,038 INFO c.h.h.t.HelmChartContainer - [hivemq-test-hivemq-platform] [hivemq-platform-operator] [8819f925] 13:24:16.036 [ReconcilerExecutor-hivemq-controller-63] DEBUG c.h.p.o.h.HiveMQPlatformReconcilerErrorHandler - [helmrest] Pod 'test-hivemq-platform-0' containerStatus 'hivemq' (started: false) (ready: false) (waiting: [PodInitializing] null)
2025-01-29 13:24:16,039 INFO c.h.h.t.HelmChartContainer - [hivemq-test-hivemq-platform] [hivemq-platform-operator] [8819f925] 13:24:16.039 [ReconcilerExecutor-hivemq-controller-63] INFO  c.h.p.o.h.HiveMQPlatformReconcilerBaseHandler - [helmrest] HiveMQ Platform is starting, 0 of 1 replicas are ready
2025-01-29 13:24:16,128 INFO c.h.h.t.HelmChartContainer - [hivemq-test-hivemq-platform] [hivemq-platform-operator] [8819f925] 13:24:16.125 [pool-6-thread-22] DEBUG c.h.p.o.d.PlatformServiceResource - [helmrest] Desired Platform services (4 services)
2025-01-29 13:24:16,129 INFO c.h.h.t.HelmChartContainer - [hivemq-test-hivemq-platform] [hivemq-platform-operator] [8819f925] 13:24:16.126 [pool-6-thread-23] DEBUG c.h.p.o.dependants.PodInfoConfigMap - [helmrest] Desired PodInfo ConfigMap (1 extensions) (1 enabled)
2025-01-29 13:24:16,129 INFO c.h.h.t.HelmChartContainer - [hivemq-test-hivemq-platform] [hivemq-platform-operator] [8819f925] 13:24:16.127 [pool-6-thread-23] DEBUG c.h.p.o.dependants.PodInfoConfigMap - [helmrest] Desired PodInfo ConfigMap (metrics port: 9399) (metrics path: /)
2025-01-29 13:24:16,129 INFO c.h.h.t.HelmChartContainer - [hivemq-test-hivemq-platform] [hivemq-platform-operator] [8819f925] 13:24:16.127 [pool-6-thread-23] DEBUG c.h.p.o.dependants.PodInfoConfigMap - [helmrest] Desired PodInfo ConfigMap (extension state hash: -1817474005)
2025-01-29 13:24:16,132 INFO c.h.h.t.HelmChartContainer - [hivemq-test-hivemq-platform] [hivemq-platform-operator] [8819f925] 13:24:16.130 [pool-6-thread-27] DEBUG c.h.p.o.d.PodServiceAccountResource - [helmrest] Desired PodServiceAccountResource (serviceAccountName: hivemq-platform-pod-test-hivemq-platform)
2025-01-29 13:24:16,227 INFO c.h.h.t.HelmChartContainer - [hivemq-test-hivemq-platform] [hivemq-platform-operator] [8819f925] 13:24:16.225 [pool-6-thread-30] DEBUG c.h.p.o.d.StatefulSetResource - [helmrest] Desired StatefulSet (1 replicas) for status STARTING (READY)
2025-01-29 13:24:16,234 INFO c.h.h.t.HelmChartContainer - [hivemq-test-hivemq-platform] [hivemq-platform-operator] [8819f925] 13:24:16.233 [ReconcilerExecutor-hivemq-controller-75] INFO  c.h.p.o.HiveMQPlatformReconciler - [helmrest] Reconciling HiveMQ Platform 'test-hivemq-platform' in namespace 'helmrestapiit'
2025-01-29 13:24:16,235 INFO c.h.h.t.HelmChartContainer - [hivemq-test-hivemq-platform] [hivemq-platform-operator] [8819f925] 13:24:16.233 [ReconcilerExecutor-hivemq-controller-75] DEBUG c.h.p.o.HiveMQPlatformReconciler - [helmrest] Custom Resource Status STARTING - HiveMQ Platform is starting (READY)
2025-01-29 13:24:16,235 INFO c.h.h.t.HelmChartContainer - [hivemq-test-hivemq-platform] [hivemq-platform-operator] [8819f925] 13:24:16.233 [ReconcilerExecutor-hivemq-controller-75] DEBUG c.h.p.o.HiveMQPlatformReconciler - [helmrest] Custom Resource Spec (replicas: 1) (extensions: 1)
2025-01-29 13:24:16,239 INFO c.h.h.t.HelmChartContainer - [hivemq-test-hivemq-platform] [hivemq-platform-operator] [8819f925] 13:24:16.237 [ReconcilerExecutor-hivemq-controller-75] DEBUG c.h.p.o.HiveMQPlatformReconciler - [helmrest] StatefulSet Status (revision: test-hivemq-platform-5997c57dcb, replicas: 1, available: 0, ready: 0, current: 1, updated: 1)
2025-01-29 13:24:16,239 INFO c.h.h.t.HelmChartContainer - [hivemq-test-hivemq-platform] [hivemq-platform-operator] [8819f925] 13:24:16.237 [ReconcilerExecutor-hivemq-controller-75] DEBUG c.h.p.o.HiveMQPlatformReconciler - [helmrest] StatefulSet Spec (replicas: 1, init containers: 1, containers: 1, volumes: 3)
2025-01-29 13:24:16,242 INFO c.h.h.t.HelmChartContainer - [hivemq-test-hivemq-platform] [hivemq-platform-operator] [8819f925] 13:24:16.239 [ReconcilerExecutor-hivemq-controller-75] DEBUG c.h.p.o.h.HiveMQPlatformReconcilerErrorHandler - [helmrest] Pod 'test-hivemq-platform-0' phase Pending
2025-01-29 13:24:16,242 INFO c.h.h.t.HelmChartContainer - [hivemq-test-hivemq-platform] [hivemq-platform-operator] [8819f925] 13:24:16.239 [ReconcilerExecutor-hivemq-controller-75] DEBUG c.h.p.o.h.HiveMQPlatformReconcilerErrorHandler - [helmrest] Pod 'test-hivemq-platform-0' condition 'PodReadyToStartContainers': False
2025-01-29 13:24:16,242 INFO c.h.h.t.HelmChartContainer - [hivemq-test-hivemq-platform] [hivemq-platform-operator] [8819f925] 13:24:16.239 [ReconcilerExecutor-hivemq-controller-75] DEBUG c.h.p.o.h.HiveMQPlatformReconcilerErrorHandler - [helmrest] Pod 'test-hivemq-platform-0' condition 'Initialized': False
2025-01-29 13:24:16,242 INFO c.h.h.t.HelmChartContainer - [hivemq-test-hivemq-platform] [hivemq-platform-operator] [8819f925] 13:24:16.239 [ReconcilerExecutor-hivemq-controller-75] DEBUG c.h.p.o.h.HiveMQPlatformReconcilerErrorHandler - [helmrest] Pod 'test-hivemq-platform-0' condition 'Ready': False
2025-01-29 13:24:16,242 INFO c.h.h.t.HelmChartContainer - [hivemq-test-hivemq-platform] [hivemq-platform-operator] [8819f925] 13:24:16.239 [ReconcilerExecutor-hivemq-controller-75] DEBUG c.h.p.o.h.HiveMQPlatformReconcilerErrorHandler - [helmrest] Pod 'test-hivemq-platform-0' condition 'ContainersReady': False
2025-01-29 13:24:16,242 INFO c.h.h.t.HelmChartContainer - [hivemq-test-hivemq-platform] [hivemq-platform-operator] [8819f925] 13:24:16.239 [ReconcilerExecutor-hivemq-controller-75] DEBUG c.h.p.o.h.HiveMQPlatformReconcilerErrorHandler - [helmrest] Pod 'test-hivemq-platform-0' condition 'PodScheduled': True
2025-01-29 13:24:16,242 INFO c.h.h.t.HelmChartContainer - [hivemq-test-hivemq-platform] [hivemq-platform-operator] [8819f925] 13:24:16.239 [ReconcilerExecutor-hivemq-controller-75] DEBUG c.h.p.o.h.HiveMQPlatformReconcilerErrorHandler - [helmrest] Pod 'test-hivemq-platform-0' containerStatus 'hivemq' (started: false) (ready: false) (waiting: [PodInitializing] null)
2025-01-29 13:24:16,242 INFO c.h.h.t.HelmChartContainer - [hivemq-test-hivemq-platform] [hivemq-platform-operator] [8819f925] 13:24:16.240 [ReconcilerExecutor-hivemq-controller-75] INFO  c.h.p.o.h.HiveMQPlatformReconcilerBaseHandler - [helmrest] HiveMQ Platform is starting, 0 of 1 replicas are ready
2025-01-29 13:24:16,252 INFO c.h.h.t.HelmChartContainer - [EVENT] Normal [Pulled] Container image "docker.io/hivemq/hivemq-platform-operator-init-test:snapshot" already present on machine [helmrestapiit:test-hivemq-platform-0]
2025-01-29 13:24:16,365 INFO c.h.h.t.HelmChartContainer - [EVENT] Normal [Created] Created container: hivemq-platform-operator-init [helmrestapiit:test-hivemq-platform-0]
2025-01-29 13:24:16,401 INFO c.h.h.t.HelmChartContainer - [EVENT] Normal [Started] Started container hivemq-platform-operator-init [helmrestapiit:test-hivemq-platform-0]
2025-01-29 13:24:16,836 INFO c.h.h.t.HelmChartContainer - [EVENT] Normal [Pulled] Container image "docker.io/hivemq/hivemq4:4.36.0" already present on machine [helmrestapiit:test-hivemq-platform-0]
2025-01-29 13:24:16,837 INFO c.h.h.t.HelmChartContainer - Received Pulled event for container hivemq in pod test-hivemq-platform-0 [54e47bbf-6e5a-4a70-ac4d-31b389385604]
2025-01-29 13:24:16,845 INFO c.h.h.t.HelmChartContainer - [POD] test-hivemq-platform-0 [54e47bbf-6e5a-4a70-ac4d-31b389385604] in helmrestapiit was MODIFIED
2025-01-29 13:24:16,872 INFO c.h.h.t.HelmChartContainer - [hivemq-test-hivemq-platform] [hivemq-platform-operator] [8819f925] 13:24:16.868 [pool-6-thread-32] DEBUG c.h.p.o.d.PlatformServiceResource - [helmrest] Desired Platform services (4 services)
2025-01-29 13:24:16,882 INFO c.h.h.t.HelmChartContainer - [hivemq-test-hivemq-platform] [hivemq-platform-operator] [8819f925] 13:24:16.874 [pool-6-thread-33] DEBUG c.h.p.o.dependants.PodInfoConfigMap - [helmrest] Desired PodInfo ConfigMap (1 extensions) (1 enabled)
2025-01-29 13:24:16,882 INFO c.h.h.t.HelmChartContainer - [hivemq-test-hivemq-platform] [hivemq-platform-operator] [8819f925] 13:24:16.874 [pool-6-thread-33] DEBUG c.h.p.o.dependants.PodInfoConfigMap - [helmrest] Desired PodInfo ConfigMap (metrics port: 9399) (metrics path: /)
2025-01-29 13:24:16,882 INFO c.h.h.t.HelmChartContainer - [hivemq-test-hivemq-platform] [hivemq-platform-operator] [8819f925] 13:24:16.874 [pool-6-thread-33] DEBUG c.h.p.o.dependants.PodInfoConfigMap - [helmrest] Desired PodInfo ConfigMap (extension state hash: -1817474005)
2025-01-29 13:24:16,930 INFO c.h.h.t.HelmChartContainer - [hivemq-test-hivemq-platform] [hivemq-platform-operator] [8819f925] 13:24:16.927 [pool-6-thread-37] DEBUG c.h.p.o.d.PodServiceAccountResource - [helmrest] Desired PodServiceAccountResource (serviceAccountName: hivemq-platform-pod-test-hivemq-platform)
2025-01-29 13:24:16,936 INFO c.h.h.t.HelmChartContainer - [hivemq-test-hivemq-platform] [hivemq-platform-operator] [8819f925] 13:24:16.934 [pool-6-thread-40] DEBUG c.h.p.o.d.StatefulSetResource - [helmrest] Desired StatefulSet (1 replicas) for status STARTING (READY)
2025-01-29 13:24:16,941 INFO c.h.h.t.HelmChartContainer - [hivemq-test-hivemq-platform] [hivemq-platform-operator] [8819f925] 13:24:16.940 [ReconcilerExecutor-hivemq-controller-86] INFO  c.h.p.o.HiveMQPlatformReconciler - [helmrest] Reconciling HiveMQ Platform 'test-hivemq-platform' in namespace 'helmrestapiit'
2025-01-29 13:24:16,941 INFO c.h.h.t.HelmChartContainer - [hivemq-test-hivemq-platform] [hivemq-platform-operator] [8819f925] 13:24:16.940 [ReconcilerExecutor-hivemq-controller-86] DEBUG c.h.p.o.HiveMQPlatformReconciler - [helmrest] Custom Resource Status STARTING - HiveMQ Platform is starting (READY)
2025-01-29 13:24:16,941 INFO c.h.h.t.HelmChartContainer - [hivemq-test-hivemq-platform] [hivemq-platform-operator] [8819f925] 13:24:16.940 [ReconcilerExecutor-hivemq-controller-86] DEBUG c.h.p.o.HiveMQPlatformReconciler - [helmrest] Custom Resource Spec (replicas: 1) (extensions: 1)
2025-01-29 13:24:16,944 INFO c.h.h.t.HelmChartContainer - [hivemq-test-hivemq-platform] [hivemq-platform-operator] [8819f925] 13:24:16.943 [ReconcilerExecutor-hivemq-controller-86] DEBUG c.h.p.o.HiveMQPlatformReconciler - [helmrest] StatefulSet Status (revision: test-hivemq-platform-5997c57dcb, replicas: 1, available: 0, ready: 0, current: 1, updated: 1)
2025-01-29 13:24:16,947 INFO c.h.h.t.HelmChartContainer - [hivemq-test-hivemq-platform] [hivemq-platform-operator] [8819f925] 13:24:16.943 [ReconcilerExecutor-hivemq-controller-86] DEBUG c.h.p.o.HiveMQPlatformReconciler - [helmrest] StatefulSet Spec (replicas: 1, init containers: 1, containers: 1, volumes: 3)
2025-01-29 13:24:16,949 INFO c.h.h.t.HelmChartContainer - [hivemq-test-hivemq-platform] [hivemq-platform-operator] [8819f925] 13:24:16.947 [ReconcilerExecutor-hivemq-controller-86] DEBUG c.h.p.o.h.HiveMQPlatformReconcilerErrorHandler - [helmrest] Pod 'test-hivemq-platform-0' phase Pending
2025-01-29 13:24:16,949 INFO c.h.h.t.HelmChartContainer - [hivemq-test-hivemq-platform] [hivemq-platform-operator] [8819f925] 13:24:16.947 [ReconcilerExecutor-hivemq-controller-86] DEBUG c.h.p.o.h.HiveMQPlatformReconcilerErrorHandler - [helmrest] Pod 'test-hivemq-platform-0' condition 'PodReadyToStartContainers': True
2025-01-29 13:24:16,949 INFO c.h.h.t.HelmChartContainer - [hivemq-test-hivemq-platform] [hivemq-platform-operator] [8819f925] 13:24:16.948 [ReconcilerExecutor-hivemq-controller-86] DEBUG c.h.p.o.h.HiveMQPlatformReconcilerErrorHandler - [helmrest] Pod 'test-hivemq-platform-0' condition 'Initialized': True
2025-01-29 13:24:16,949 INFO c.h.h.t.HelmChartContainer - [hivemq-test-hivemq-platform] [hivemq-platform-operator] [8819f925] 13:24:16.948 [ReconcilerExecutor-hivemq-controller-86] DEBUG c.h.p.o.h.HiveMQPlatformReconcilerErrorHandler - [helmrest] Pod 'test-hivemq-platform-0' condition 'Ready': False
2025-01-29 13:24:16,949 INFO c.h.h.t.HelmChartContainer - [hivemq-test-hivemq-platform] [hivemq-platform-operator] [8819f925] 13:24:16.948 [ReconcilerExecutor-hivemq-controller-86] DEBUG c.h.p.o.h.HiveMQPlatformReconcilerErrorHandler - [helmrest] Pod 'test-hivemq-platform-0' condition 'ContainersReady': False
2025-01-29 13:24:16,949 INFO c.h.h.t.HelmChartContainer - [hivemq-test-hivemq-platform] [hivemq-platform-operator] [8819f925] 13:24:16.948 [ReconcilerExecutor-hivemq-controller-86] DEBUG c.h.p.o.h.HiveMQPlatformReconcilerErrorHandler - [helmrest] Pod 'test-hivemq-platform-0' condition 'PodScheduled': True
2025-01-29 13:24:16,949 INFO c.h.h.t.HelmChartContainer - [hivemq-test-hivemq-platform] [hivemq-platform-operator] [8819f925] 13:24:16.948 [ReconcilerExecutor-hivemq-controller-86] DEBUG c.h.p.o.h.HiveMQPlatformReconcilerErrorHandler - [helmrest] Pod 'test-hivemq-platform-0' containerStatus 'hivemq' (started: false) (ready: false) (waiting: [PodInitializing] null)
2025-01-29 13:24:16,950 INFO c.h.h.t.HelmChartContainer - [hivemq-test-hivemq-platform] [hivemq-platform-operator] [8819f925] 13:24:16.949 [ReconcilerExecutor-hivemq-controller-86] INFO  c.h.p.o.h.HiveMQPlatformReconcilerBaseHandler - [helmrest] HiveMQ Platform is starting, 0 of 1 replicas are ready
2025-01-29 13:24:18,150 INFO c.h.h.t.HelmChartContainer - [EVENT] Normal [Created] Created container: hivemq [helmrestapiit:test-hivemq-platform-0]
2025-01-29 13:24:18,150 INFO c.h.h.t.HelmChartContainer - Received Created event for container hivemq in pod test-hivemq-platform-0 [54e47bbf-6e5a-4a70-ac4d-31b389385604]
2025-01-29 13:24:18,848 INFO c.h.h.t.HelmChartContainer - [POD] test-hivemq-platform-0 [54e47bbf-6e5a-4a70-ac4d-31b389385604] in helmrestapiit was MODIFIED
2025-01-29 13:24:18,855 INFO c.h.h.t.HelmChartContainer - [EVENT] Normal [Started] Started container hivemq [helmrestapiit:test-hivemq-platform-0]
2025-01-29 13:24:18,855 INFO c.h.h.t.HelmChartContainer - Started log watcher for hivemq in pod test-hivemq-platform-0 [54e47bbf-6e5a-4a70-ac4d-31b389385604]
2025-01-29 13:24:18,856 INFO c.h.h.t.HelmChartContainer - Received Started event for container hivemq in pod test-hivemq-platform-0 [54e47bbf-6e5a-4a70-ac4d-31b389385604]
2025-01-29 13:24:18,856 INFO c.h.h.t.HelmChartContainer - [test-hivemq-platform] [hivemq] [54e47bbf] Adding pre-installed HiveMQ Platform Operator extensions
2025-01-29 13:24:18,857 INFO c.h.h.t.HelmChartContainer - [test-hivemq-platform] [hivemq] [54e47bbf] Running as user 10000
2025-01-29 13:24:18,857 INFO c.h.h.t.HelmChartContainer - [test-hivemq-platform] [hivemq] [54e47bbf] Starting HiveMQ Platform Operator Init
2025-01-29 13:24:18,862 INFO c.h.h.t.HelmChartContainer - [hivemq-test-hivemq-platform] [hivemq-platform-operator] [8819f925] 13:24:18.861 [pool-6-thread-43] DEBUG c.h.p.o.dependants.PodInfoConfigMap - [helmrest] Desired PodInfo ConfigMap (1 extensions) (1 enabled)
2025-01-29 13:24:18,864 INFO c.h.h.t.HelmChartContainer - [hivemq-test-hivemq-platform] [hivemq-platform-operator] [8819f925] 13:24:18.862 [pool-6-thread-42] DEBUG c.h.p.o.d.PlatformServiceResource - [helmrest] Desired Platform services (4 services)
2025-01-29 13:24:18,865 INFO c.h.h.t.HelmChartContainer - [hivemq-test-hivemq-platform] [hivemq-platform-operator] [8819f925] 13:24:18.862 [pool-6-thread-43] DEBUG c.h.p.o.dependants.PodInfoConfigMap - [helmrest] Desired PodInfo ConfigMap (metrics port: 9399) (metrics path: /)
2025-01-29 13:24:18,867 INFO c.h.h.t.HelmChartContainer - [hivemq-test-hivemq-platform] [hivemq-platform-operator] [8819f925] 13:24:18.863 [pool-6-thread-43] DEBUG c.h.p.o.dependants.PodInfoConfigMap - [helmrest] Desired PodInfo ConfigMap (extension state hash: -1817474005)
2025-01-29 13:24:18,876 INFO c.h.h.t.HelmChartContainer - [hivemq-test-hivemq-platform] [hivemq-platform-operator] [8819f925] 13:24:18.874 [pool-6-thread-47] DEBUG c.h.p.o.d.PodServiceAccountResource - [helmrest] Desired PodServiceAccountResource (serviceAccountName: hivemq-platform-pod-test-hivemq-platform)
2025-01-29 13:24:18,930 INFO c.h.h.t.HelmChartContainer - [hivemq-test-hivemq-platform] [hivemq-platform-operator] [8819f925] 13:24:18.929 [pool-6-thread-50] DEBUG c.h.p.o.d.StatefulSetResource - [helmrest] Desired StatefulSet (1 replicas) for status STARTING (READY)
2025-01-29 13:24:18,934 INFO c.h.h.t.HelmChartContainer - [hivemq-test-hivemq-platform] [hivemq-platform-operator] [8819f925] 13:24:18.933 [ReconcilerExecutor-hivemq-controller-97] INFO  c.h.p.o.HiveMQPlatformReconciler - [helmrest] Reconciling HiveMQ Platform 'test-hivemq-platform' in namespace 'helmrestapiit'
2025-01-29 13:24:18,934 INFO c.h.h.t.HelmChartContainer - [hivemq-test-hivemq-platform] [hivemq-platform-operator] [8819f925] 13:24:18.933 [ReconcilerExecutor-hivemq-controller-97] DEBUG c.h.p.o.HiveMQPlatformReconciler - [helmrest] Custom Resource Status STARTING - HiveMQ Platform is starting (READY)
2025-01-29 13:24:18,934 INFO c.h.h.t.HelmChartContainer - [hivemq-test-hivemq-platform] [hivemq-platform-operator] [8819f925] 13:24:18.933 [ReconcilerExecutor-hivemq-controller-97] DEBUG c.h.p.o.HiveMQPlatformReconciler - [helmrest] Custom Resource Spec (replicas: 1) (extensions: 1)
2025-01-29 13:24:18,936 INFO c.h.h.t.HelmChartContainer - [hivemq-test-hivemq-platform] [hivemq-platform-operator] [8819f925] 13:24:18.935 [ReconcilerExecutor-hivemq-controller-97] DEBUG c.h.p.o.HiveMQPlatformReconciler - [helmrest] StatefulSet Status (revision: test-hivemq-platform-5997c57dcb, replicas: 1, available: 0, ready: 0, current: 1, updated: 1)
2025-01-29 13:24:18,937 INFO c.h.h.t.HelmChartContainer - [hivemq-test-hivemq-platform] [hivemq-platform-operator] [8819f925] 13:24:18.935 [ReconcilerExecutor-hivemq-controller-97] DEBUG c.h.p.o.HiveMQPlatformReconciler - [helmrest] StatefulSet Spec (replicas: 1, init containers: 1, containers: 1, volumes: 3)
2025-01-29 13:24:18,939 INFO c.h.h.t.HelmChartContainer - [hivemq-test-hivemq-platform] [hivemq-platform-operator] [8819f925] 13:24:18.938 [ReconcilerExecutor-hivemq-controller-97] DEBUG c.h.p.o.h.HiveMQPlatformReconcilerErrorHandler - [helmrest] Pod 'test-hivemq-platform-0' phase Running
2025-01-29 13:24:18,940 INFO c.h.h.t.HelmChartContainer - [hivemq-test-hivemq-platform] [hivemq-platform-operator] [8819f925] 13:24:18.939 [ReconcilerExecutor-hivemq-controller-97] INFO  c.h.p.o.h.HiveMQPlatformReconcilerBaseHandler - [helmrest] HiveMQ Platform is starting, 0 of 1 replicas are ready
2025-01-29 13:24:19,514 INFO c.h.h.t.HelmChartContainer - [test-hivemq-platform] [hivemq] [54e47bbf] INFO  - [HiveMQ Platform Operator Init 1.7.0-SNAPSHOT] HiveMQ Platform Operator Init 1.7.0-SNAPSHOT (commit: bebf408 on branch: HEAD) built on Sun Jan 26 20:47:47 UTC 2025
2025-01-29 13:24:20,616 INFO c.h.h.t.HelmChartContainer - [test-hivemq-platform] [hivemq] [54e47bbf] INFO  - [HiveMQ Platform Operator Init App 1.7.0-SNAPSHOT] Using bind address 10.42.0.13 from environment variable
2025-01-29 13:24:21,514 INFO c.h.h.t.HelmChartContainer - [test-hivemq-platform] [hivemq] [54e47bbf] INFO  - [HiveMQ Platform Operator Init App 1.7.0-SNAPSHOT] HiveMQ Platform Operator Init App 1.7.0-SNAPSHOT (commit: bebf408 on branch: HEAD) built on Sun Jan 26 20:47:47 UTC 2025
2025-01-29 13:24:21,514 INFO c.h.h.t.HelmChartContainer - [test-hivemq-platform] [hivemq] [54e47bbf] INFO  - [HiveMQ Platform Operator Init App 1.7.0-SNAPSHOT] PodInfo ConfigMap directory: /etc/podinfo
2025-01-29 13:24:21,514 INFO c.h.h.t.HelmChartContainer - [test-hivemq-platform] [hivemq] [54e47bbf] INFO  - [HiveMQ Platform Operator Init App 1.7.0-SNAPSHOT] HiveMQ home directory: /opt/hivemq
2025-01-29 13:24:21,514 INFO c.h.h.t.HelmChartContainer - [test-hivemq-platform] [hivemq] [54e47bbf] INFO  - [HiveMQ Platform Operator Init App 1.7.0-SNAPSHOT] HiveMQ Logback folder: /opt/hivemq/conf
2025-01-29 13:24:21,514 INFO c.h.h.t.HelmChartContainer - [test-hivemq-platform] [hivemq] [54e47bbf] INFO  - [HiveMQ Platform Operator Init App 1.7.0-SNAPSHOT] HiveMQ Config folder: /opt/hivemq/conf-k8s
2025-01-29 13:24:21,514 INFO c.h.h.t.HelmChartContainer - [test-hivemq-platform] [hivemq] [54e47bbf] INFO  - [HiveMQ Platform Operator Init App 1.7.0-SNAPSHOT] Starting HiveMQ Platform Operator Init App
2025-01-29 13:24:21,514 INFO c.h.h.t.HelmChartContainer - [test-hivemq-platform] [hivemq] [54e47bbf] INFO  - [HiveMQ Platform Operator Init App 1.7.0-SNAPSHOT] Starting Pod reconciler
2025-01-29 13:24:22,761 INFO c.h.h.t.HelmChartContainer - [test-hivemq-platform] [hivemq] [54e47bbf] INFO  - [HiveMQ Platform Operator Init App 1.7.0-SNAPSHOT] Pod reconciler is scheduled (interval: 5000 ms)
2025-01-29 13:24:22,761 INFO c.h.h.t.HelmChartContainer - [test-hivemq-platform] [hivemq] [54e47bbf] INFO  - [HiveMQ Platform Operator Init App 1.7.0-SNAPSHOT] Starting the REST API on 10.42.0.13:7979
2025-01-29 13:24:22,763 INFO c.h.h.t.HelmChartContainer - [test-hivemq-platform] [hivemq] [54e47bbf] INFO  - [HiveMQ Platform Operator Init App 1.7.0-SNAPSHOT] Waiting up to 600s for at most 1 HiveMQ nodes in cluster service hivemq-test-hivemq-platform-cluster.helmrestapiit.svc
2025-01-29 13:24:23,109 INFO c.h.h.t.HelmChartContainer - [test-hivemq-platform] [hivemq] [54e47bbf] INFO  - [HiveMQ Platform Operator Init App 1.7.0-SNAPSHOT] Resolved 1 IP addresses: [10.42.0.13]
2025-01-29 13:24:23,109 INFO c.h.h.t.HelmChartContainer - [test-hivemq-platform] [hivemq] [54e47bbf] INFO  - [HiveMQ Platform Operator Init App 1.7.0-SNAPSHOT] HiveMQ node count of 1 is within threshold of 1
2025-01-29 13:24:23,110 INFO c.h.h.t.HelmChartContainer - [test-hivemq-platform] [hivemq] [54e47bbf] INFO  - [HiveMQ Platform Operator Init App 1.7.0-SNAPSHOT] Proceeding with container start
2025-01-29 13:24:23,174 INFO c.h.h.t.HelmChartContainer - [test-hivemq-platform] [hivemq] [54e47bbf] INFO  - [HiveMQ Platform Operator Init App 1.7.0-SNAPSHOT] Initializing HiveMQ Platform extensions with initial configuration: {hivemq-allow-all-extension={start-priority=-1, skip-https-hostname-verification=false, restart=true, config-version=0, header-version=0, c-uri=, priority=-1, uri=preinstalled, skip-https-certificate-validation=false, enabled=true}, hivemq-prometheus-extension={priority=-1, restart=true, enabled=true, request-header-path=no-request-headers, uri=preinstalled, skip-https-certificate-validation=false, skip-https-hostname-verification=false, c-uri=, start-priority=-1}}
2025-01-29 13:24:23,615 INFO c.h.h.t.HelmChartContainer - [test-hivemq-platform] [hivemq] [54e47bbf] INFO  - [HiveMQ Platform Operator Init App 1.7.0-SNAPSHOT] Extension hivemq-allow-all-extension was already enabled
2025-01-29 13:24:23,667 INFO c.h.h.t.HelmChartContainer - [test-hivemq-platform] [hivemq] [54e47bbf] INFO  - [HiveMQ Platform Operator Init App 1.7.0-SNAPSHOT] Successfully enabled extension hivemq-prometheus-extension
2025-01-29 13:24:23,669 INFO c.h.h.t.HelmChartContainer - [test-hivemq-platform] [hivemq] [54e47bbf] INFO  - [HiveMQ Platform Operator Init App 1.7.0-SNAPSHOT] Starting HiveMQ Platform version 4.36.0 (4.36.0)
2025-01-29 13:24:23,669 INFO c.h.h.t.HelmChartContainer - [test-hivemq-platform] [hivemq] [54e47bbf] INFO  - [HiveMQ Platform Operator Init App 1.7.0-SNAPSHOT] Configuring the HiveMQ Platform
2025-01-29 13:24:23,764 INFO c.h.h.t.HelmChartContainer - [test-hivemq-platform] [hivemq] [54e47bbf] INFO  - [HiveMQ Platform Operator Init App 1.7.0-SNAPSHOT] Changed logback.xml file scan period to 20 seconds
2025-01-29 13:24:23,811 INFO c.h.h.t.HelmChartContainer - [test-hivemq-platform] [hivemq] [54e47bbf] INFO  - [HiveMQ Platform Operator Init App 1.7.0-SNAPSHOT] Starting the HiveMQ Platform
2025-01-29 13:24:23,862 INFO c.h.h.t.HelmChartContainer - [test-hivemq-platform] [hivemq] [54e47bbf] -------------------------------------------------------------------------
2025-01-29 13:24:23,862 INFO c.h.h.t.HelmChartContainer - [test-hivemq-platform] [hivemq] [54e47bbf] 
2025-01-29 13:24:23,862 INFO c.h.h.t.HelmChartContainer - [test-hivemq-platform] [hivemq] [54e47bbf]                   _    _  _              __  __   ____
2025-01-29 13:24:23,862 INFO c.h.h.t.HelmChartContainer - [test-hivemq-platform] [hivemq] [54e47bbf]                  | |  | |(_)            |  \/  | / __ \
2025-01-29 13:24:23,862 INFO c.h.h.t.HelmChartContainer - [test-hivemq-platform] [hivemq] [54e47bbf]                  | |__| | _ __   __ ___ | \  / || |  | |
2025-01-29 13:24:23,862 INFO c.h.h.t.HelmChartContainer - [test-hivemq-platform] [hivemq] [54e47bbf]                  |  __  || |\ \ / // _ \| |\/| || |  | |
2025-01-29 13:24:23,862 INFO c.h.h.t.HelmChartContainer - [test-hivemq-platform] [hivemq] [54e47bbf]                  | |  | || | \ V /|  __/| |  | || |__| |
2025-01-29 13:24:23,862 INFO c.h.h.t.HelmChartContainer - [test-hivemq-platform] [hivemq] [54e47bbf]                  |_|  |_||_|  \_/  \___||_|  |_| \___\_\
2025-01-29 13:24:23,862 INFO c.h.h.t.HelmChartContainer - [test-hivemq-platform] [hivemq] [54e47bbf] 
2025-01-29 13:24:23,862 INFO c.h.h.t.HelmChartContainer - [test-hivemq-platform] [hivemq] [54e47bbf] -------------------------------------------------------------------------
2025-01-29 13:24:23,862 INFO c.h.h.t.HelmChartContainer - [test-hivemq-platform] [hivemq] [54e47bbf] 
2025-01-29 13:24:23,862 INFO c.h.h.t.HelmChartContainer - [test-hivemq-platform] [hivemq] [54e47bbf]   HiveMQ Start Script for Linux/Unix v1.14
2025-01-29 13:24:23,862 INFO c.h.h.t.HelmChartContainer - [test-hivemq-platform] [hivemq] [54e47bbf] 
2025-01-29 13:24:23,913 INFO c.h.h.t.HelmChartContainer - [test-hivemq-platform] [hivemq] [54e47bbf] -------------------------------------------------------------------------
2025-01-29 13:24:23,913 INFO c.h.h.t.HelmChartContainer - [test-hivemq-platform] [hivemq] [54e47bbf] 
2025-01-29 13:24:23,914 INFO c.h.h.t.HelmChartContainer - [test-hivemq-platform] [hivemq] [54e47bbf]   HIVEMQ_HOME: /opt/hivemq
2025-01-29 13:24:23,914 INFO c.h.h.t.HelmChartContainer - [test-hivemq-platform] [hivemq] [54e47bbf] 
2025-01-29 13:24:23,914 INFO c.h.h.t.HelmChartContainer - [test-hivemq-platform] [hivemq] [54e47bbf]   JAVA_OPTS: -XX:+UnlockExperimentalVMOptions -XX:InitialRAMPercentage=50 -XX:MaxRAMPercentage=50 -Djava.net.preferIPv4Stack=true --add-opens java.base/java.lang=ALL-UNNAMED --add-opens java.base/java.nio=ALL-UNNAMED --add-opens java.base/sun.nio.ch=ALL-UNNAMED --add-opens jdk.management/com.sun.management.internal=ALL-UNNAMED --add-exports java.base/jdk.internal.misc=ALL-UNNAMED -Djava.security.egd=file:/dev/./urandom -Dcom.sun.management.jmxremote -Dcom.sun.management.jmxremote.port=9010 -Dcom.sun.management.jmxremote.local.only=false -Dcom.sun.management.jmxremote.authenticate=false -Dcom.sun.management.jmxremote.ssl=false -Duser.language=en -Duser.region=US -XX:+CrashOnOutOfMemoryError -XX:+HeapDumpOnOutOfMemoryError
2025-01-29 13:24:23,914 INFO c.h.h.t.HelmChartContainer - [test-hivemq-platform] [hivemq] [54e47bbf] 
2025-01-29 13:24:23,914 INFO c.h.h.t.HelmChartContainer - [test-hivemq-platform] [hivemq] [54e47bbf]   JAVA_VERSION: 21
2025-01-29 13:24:23,914 INFO c.h.h.t.HelmChartContainer - [test-hivemq-platform] [hivemq] [54e47bbf] 
2025-01-29 13:24:23,914 INFO c.h.h.t.HelmChartContainer - [test-hivemq-platform] [hivemq] [54e47bbf] -------------------------------------------------------------------------
2025-01-29 13:24:23,914 INFO c.h.h.t.HelmChartContainer - [test-hivemq-platform] [hivemq] [54e47bbf] 
2025-01-29 13:24:24,910 INFO c.h.h.t.HelmChartContainer - [test-hivemq-platform] [hivemq] [54e47bbf] INFO  - [HiveMQ Platform Operator Init App 1.7.0-SNAPSHOT] Returning default Health API response 503 for readiness
2025-01-29 13:24:25,266 INFO c.h.h.t.HelmChartContainer - [EVENT] Warning [Unhealthy] Readiness probe failed: HTTP probe failed with statuscode: 503 [helmrestapiit:test-hivemq-platform-0]
2025-01-29 13:24:25,266 INFO c.h.h.t.HelmChartContainer - Received Unhealthy event for container hivemq in pod test-hivemq-platform-0 [54e47bbf-6e5a-4a70-ac4d-31b389385604]
2025-01-29 13:24:26,513 INFO c.h.h.t.HelmChartContainer - [test-hivemq-platform] [hivemq] [54e47bbf] INFO  - Starting HiveMQ Enterprise Server
2025-01-29 13:24:26,562 INFO c.h.h.t.HelmChartContainer - [test-hivemq-platform] [hivemq] [54e47bbf] INFO  - HiveMQ version: 4.36.0
2025-01-29 13:24:26,562 INFO c.h.h.t.HelmChartContainer - [test-hivemq-platform] [hivemq] [54e47bbf] INFO  - HiveMQ home directory: /opt/hivemq
2025-01-29 13:24:26,562 INFO c.h.h.t.HelmChartContainer - [test-hivemq-platform] [hivemq] [54e47bbf] INFO  - Log Configuration was overridden by /opt/hivemq/conf/logback.xml
2025-01-29 13:24:27,764 INFO c.h.h.t.HelmChartContainer - [test-hivemq-platform] [hivemq] [54e47bbf] INFO  - Successfully loaded configuration from '/opt/hivemq/conf-k8s/config.xml'.
2025-01-29 13:24:28,512 INFO c.h.h.t.HelmChartContainer - [test-hivemq-platform] [hivemq] [54e47bbf] INFO  - This node's ID is SQBf1
2025-01-29 13:24:28,512 INFO c.h.h.t.HelmChartContainer - [test-hivemq-platform] [hivemq] [54e47bbf] INFO  - Clustering is enabled
2025-01-29 13:24:28,945 INFO c.h.h.t.HelmChartContainer - [hivemq-test-hivemq-platform] [hivemq-platform-operator] [8819f925] 13:24:28.944 [pool-6-thread-9] DEBUG c.h.p.o.d.PlatformServiceResource - [helmrest] Desired Platform services (4 services)
2025-01-29 13:24:28,946 INFO c.h.h.t.HelmChartContainer - [hivemq-test-hivemq-platform] [hivemq-platform-operator] [8819f925] 13:24:28.945 [pool-6-thread-5] DEBUG c.h.p.o.dependants.PodInfoConfigMap - [helmrest] Desired PodInfo ConfigMap (1 extensions) (1 enabled)
2025-01-29 13:24:28,949 INFO c.h.h.t.HelmChartContainer - [hivemq-test-hivemq-platform] [hivemq-platform-operator] [8819f925] 13:24:28.947 [pool-6-thread-6] DEBUG c.h.p.o.d.PodServiceAccountResource - [helmrest] Desired PodServiceAccountResource (serviceAccountName: hivemq-platform-pod-test-hivemq-platform)
2025-01-29 13:24:28,949 INFO c.h.h.t.HelmChartContainer - [hivemq-test-hivemq-platform] [hivemq-platform-operator] [8819f925] 13:24:28.948 [pool-6-thread-5] DEBUG c.h.p.o.dependants.PodInfoConfigMap - [helmrest] Desired PodInfo ConfigMap (metrics port: 9399) (metrics path: /)
2025-01-29 13:24:28,949 INFO c.h.h.t.HelmChartContainer - [hivemq-test-hivemq-platform] [hivemq-platform-operator] [8819f925] 13:24:28.948 [pool-6-thread-5] DEBUG c.h.p.o.dependants.PodInfoConfigMap - [helmrest] Desired PodInfo ConfigMap (extension state hash: -1817474005)
2025-01-29 13:24:28,956 INFO c.h.h.t.HelmChartContainer - [hivemq-test-hivemq-platform] [hivemq-platform-operator] [8819f925] 13:24:28.956 [pool-6-thread-9] DEBUG c.h.p.o.d.StatefulSetResource - [helmrest] Desired StatefulSet (1 replicas) for status STARTING (READY)
2025-01-29 13:24:29,027 INFO c.h.h.t.HelmChartContainer - [hivemq-test-hivemq-platform] [hivemq-platform-operator] [8819f925] 13:24:29.025 [ReconcilerExecutor-hivemq-controller-108] INFO  c.h.p.o.HiveMQPlatformReconciler - [helmrest] Reconciling HiveMQ Platform 'test-hivemq-platform' in namespace 'helmrestapiit'
2025-01-29 13:24:29,027 INFO c.h.h.t.HelmChartContainer - [hivemq-test-hivemq-platform] [hivemq-platform-operator] [8819f925] 13:24:29.026 [ReconcilerExecutor-hivemq-controller-108] DEBUG c.h.p.o.HiveMQPlatformReconciler - [helmrest] Custom Resource Status STARTING - HiveMQ Platform is starting (READY)
2025-01-29 13:24:29,027 INFO c.h.h.t.HelmChartContainer - [hivemq-test-hivemq-platform] [hivemq-platform-operator] [8819f925] 13:24:29.026 [ReconcilerExecutor-hivemq-controller-108] DEBUG c.h.p.o.HiveMQPlatformReconciler - [helmrest] Custom Resource Spec (replicas: 1) (extensions: 1)
2025-01-29 13:24:29,031 INFO c.h.h.t.HelmChartContainer - [hivemq-test-hivemq-platform] [hivemq-platform-operator] [8819f925] 13:24:29.029 [ReconcilerExecutor-hivemq-controller-108] DEBUG c.h.p.o.HiveMQPlatformReconciler - [helmrest] StatefulSet Status (revision: test-hivemq-platform-5997c57dcb, replicas: 1, available: 0, ready: 0, current: 1, updated: 1)
2025-01-29 13:24:29,031 INFO c.h.h.t.HelmChartContainer - [hivemq-test-hivemq-platform] [hivemq-platform-operator] [8819f925] 13:24:29.029 [ReconcilerExecutor-hivemq-controller-108] DEBUG c.h.p.o.HiveMQPlatformReconciler - [helmrest] StatefulSet Spec (replicas: 1, init containers: 1, containers: 1, volumes: 3)
2025-01-29 13:24:29,032 INFO c.h.h.t.HelmChartContainer - [hivemq-test-hivemq-platform] [hivemq-platform-operator] [8819f925] 13:24:29.031 [ReconcilerExecutor-hivemq-controller-108] DEBUG c.h.p.o.h.HiveMQPlatformReconcilerErrorHandler - [helmrest] Pod 'test-hivemq-platform-0' phase Running
2025-01-29 13:24:29,032 INFO c.h.h.t.HelmChartContainer - [hivemq-test-hivemq-platform] [hivemq-platform-operator] [8819f925] 13:24:29.031 [ReconcilerExecutor-hivemq-controller-108] INFO  c.h.p.o.h.HiveMQPlatformReconcilerBaseHandler - [helmrest] HiveMQ Platform is starting, 0 of 1 replicas are ready
2025-01-29 13:24:30,412 INFO c.h.h.t.HelmChartContainer - [test-hivemq-platform] [hivemq] [54e47bbf] WARN  - [HiveMQ Platform Operator Init App 1.7.0-SNAPSHOT] Cannot connect to Health API for readiness: null
2025-01-29 13:24:30,419 INFO c.h.h.t.HelmChartContainer - [EVENT] Warning [Unhealthy] Readiness probe failed: HTTP probe failed with statuscode: 503 [helmrestapiit:test-hivemq-platform-0]
2025-01-29 13:24:30,420 INFO c.h.h.t.HelmChartContainer - Received Unhealthy event for container hivemq in pod test-hivemq-platform-0 [54e47bbf-6e5a-4a70-ac4d-31b389385604]
2025-01-29 13:24:33,110 INFO c.h.h.t.HelmChartContainer - [test-hivemq-platform] [hivemq] [54e47bbf] Jan 29, 2025 1:24:33 PM io.vertx.core.impl.BlockedThreadChecker
2025-01-29 13:24:33,110 INFO c.h.h.t.HelmChartContainer - [test-hivemq-platform] [hivemq] [54e47bbf] WARNING: Thread Thread[vert.x-eventloop-thread-1,5,main] has been blocked for 2148 ms, time limit is 2000 ms
2025-01-29 13:24:34,064 INFO c.h.h.t.HelmChartContainer - [test-hivemq-platform] [hivemq] [54e47bbf] Jan 29, 2025 1:24:34 PM io.vertx.core.impl.BlockedThreadChecker
2025-01-29 13:24:34,064 INFO c.h.h.t.HelmChartContainer - [test-hivemq-platform] [hivemq] [54e47bbf] WARNING: Thread Thread[vert.x-eventloop-thread-1,5,main] has been blocked for 3148 ms, time limit is 2000 ms
2025-01-29 13:24:34,209 INFO c.h.h.t.HelmChartContainer - [test-hivemq-platform] [hivemq] [54e47bbf] INFO  - [HiveMQ Platform Operator Init App 1.7.0-SNAPSHOT] Updating Pod HiveMQ Platform Operator Init App version annotation (version: 1.7.0-SNAPSHOT)
2025-01-29 13:24:34,909 INFO c.h.h.t.HelmChartContainer - [test-hivemq-platform] [hivemq] [54e47bbf] WARN  - [HiveMQ Platform Operator Init App 1.7.0-SNAPSHOT] Cannot connect to Health API for readiness: null
2025-01-29 13:24:34,919 INFO c.h.h.t.HelmChartContainer - [EVENT] Warning [Unhealthy] Readiness probe failed: HTTP probe failed with statuscode: 503 [helmrestapiit:test-hivemq-platform-0]
2025-01-29 13:24:34,919 INFO c.h.h.t.HelmChartContainer - Received Unhealthy event for container hivemq in pod test-hivemq-platform-0 [54e47bbf-6e5a-4a70-ac4d-31b389385604]
2025-01-29 13:24:35,274 INFO c.h.h.t.HelmChartContainer - [POD] test-hivemq-platform-0 [54e47bbf-6e5a-4a70-ac4d-31b389385604] in helmrestapiit was MODIFIED
2025-01-29 13:24:35,280 INFO c.h.h.t.HelmChartContainer - [hivemq-test-hivemq-platform] [hivemq-platform-operator] [8819f925] 13:24:35.277 [pool-6-thread-14] DEBUG c.h.p.o.d.PlatformServiceResource - [helmrest] Desired Platform services (4 services)
2025-01-29 13:24:35,280 INFO c.h.h.t.HelmChartContainer - [hivemq-test-hivemq-platform] [hivemq-platform-operator] [8819f925] 13:24:35.279 [pool-6-thread-16] DEBUG c.h.p.o.dependants.PodInfoConfigMap - [helmrest] Desired PodInfo ConfigMap (1 extensions) (1 enabled)
2025-01-29 13:24:35,280 INFO c.h.h.t.HelmChartContainer - [hivemq-test-hivemq-platform] [hivemq-platform-operator] [8819f925] 13:24:35.279 [pool-6-thread-16] DEBUG c.h.p.o.dependants.PodInfoConfigMap - [helmrest] Desired PodInfo ConfigMap (metrics port: 9399) (metrics path: /)
2025-01-29 13:24:35,280 INFO c.h.h.t.HelmChartContainer - [hivemq-test-hivemq-platform] [hivemq-platform-operator] [8819f925] 13:24:35.279 [pool-6-thread-16] DEBUG c.h.p.o.dependants.PodInfoConfigMap - [helmrest] Desired PodInfo ConfigMap (extension state hash: -1817474005)
2025-01-29 13:24:35,285 INFO c.h.h.t.HelmChartContainer - [hivemq-test-hivemq-platform] [hivemq-platform-operator] [8819f925] 13:24:35.282 [pool-6-thread-17] DEBUG c.h.p.o.d.PodServiceAccountResource - [helmrest] Desired PodServiceAccountResource (serviceAccountName: hivemq-platform-pod-test-hivemq-platform)
2025-01-29 13:24:35,291 INFO c.h.h.t.HelmChartContainer - [hivemq-test-hivemq-platform] [hivemq-platform-operator] [8819f925] 13:24:35.289 [pool-6-thread-14] DEBUG c.h.p.o.d.StatefulSetResource - [helmrest] Desired StatefulSet (1 replicas) for status STARTING (READY)
2025-01-29 13:24:35,309 INFO c.h.h.t.HelmChartContainer - [test-hivemq-platform] [hivemq] [54e47bbf] WARN  - [HiveMQ Platform Operator Init App 1.7.0-SNAPSHOT] Cannot connect to Health API for readiness: null
2025-01-29 13:24:35,313 INFO c.h.h.t.HelmChartContainer - [test-hivemq-platform] [hivemq] [54e47bbf] INFO  - [HiveMQ Platform Operator Init App 1.7.0-SNAPSHOT] Successfully updated Pod HiveMQ Platform Operator Init App version annotation (version: 1.7.0-SNAPSHOT)
2025-01-29 13:24:35,315 INFO c.h.h.t.HelmChartContainer - [EVENT] Warning [Unhealthy] Readiness probe failed: HTTP probe failed with statuscode: 503 [helmrestapiit:test-hivemq-platform-0]
2025-01-29 13:24:35,315 INFO c.h.h.t.HelmChartContainer - Received Unhealthy event for container hivemq in pod test-hivemq-platform-0 [54e47bbf-6e5a-4a70-ac4d-31b389385604]
2025-01-29 13:24:35,330 INFO c.h.h.t.HelmChartContainer - [hivemq-test-hivemq-platform] [hivemq-platform-operator] [8819f925] 13:24:35.327 [ReconcilerExecutor-hivemq-controller-109] INFO  c.h.p.o.HiveMQPlatformReconciler - [helmrest] Reconciling HiveMQ Platform 'test-hivemq-platform' in namespace 'helmrestapiit'
2025-01-29 13:24:35,330 INFO c.h.h.t.HelmChartContainer - [hivemq-test-hivemq-platform] [hivemq-platform-operator] [8819f925] 13:24:35.327 [ReconcilerExecutor-hivemq-controller-109] DEBUG c.h.p.o.HiveMQPlatformReconciler - [helmrest] Custom Resource Status STARTING - HiveMQ Platform is starting (READY)
2025-01-29 13:24:35,330 INFO c.h.h.t.HelmChartContainer - [hivemq-test-hivemq-platform] [hivemq-platform-operator] [8819f925] 13:24:35.327 [ReconcilerExecutor-hivemq-controller-109] DEBUG c.h.p.o.HiveMQPlatformReconciler - [helmrest] Custom Resource Spec (replicas: 1) (extensions: 1)
2025-01-29 13:24:35,330 INFO c.h.h.t.HelmChartContainer - [hivemq-test-hivemq-platform] [hivemq-platform-operator] [8819f925] 13:24:35.329 [ReconcilerExecutor-hivemq-controller-109] DEBUG c.h.p.o.HiveMQPlatformReconciler - [helmrest] StatefulSet Status (revision: test-hivemq-platform-5997c57dcb, replicas: 1, available: 0, ready: 0, current: 1, updated: 1)
2025-01-29 13:24:35,331 INFO c.h.h.t.HelmChartContainer - [hivemq-test-hivemq-platform] [hivemq-platform-operator] [8819f925] 13:24:35.329 [ReconcilerExecutor-hivemq-controller-109] DEBUG c.h.p.o.HiveMQPlatformReconciler - [helmrest] StatefulSet Spec (replicas: 1, init containers: 1, containers: 1, volumes: 3)
2025-01-29 13:24:35,331 INFO c.h.h.t.HelmChartContainer - [hivemq-test-hivemq-platform] [hivemq-platform-operator] [8819f925] 13:24:35.330 [ReconcilerExecutor-hivemq-controller-109] DEBUG c.h.p.o.h.HiveMQPlatformReconcilerErrorHandler - [helmrest] Pod 'test-hivemq-platform-0' phase Running
2025-01-29 13:24:35,332 INFO c.h.h.t.HelmChartContainer - [hivemq-test-hivemq-platform] [hivemq-platform-operator] [8819f925] 13:24:35.331 [ReconcilerExecutor-hivemq-controller-109] INFO  c.h.p.o.h.HiveMQPlatformReconcilerBaseHandler - [helmrest] HiveMQ Platform is starting, 0 of 1 replicas are ready
2025-01-29 13:24:40,311 INFO c.h.h.t.HelmChartContainer - [test-hivemq-platform] [hivemq] [54e47bbf] WARN  - [HiveMQ Platform Operator Init App 1.7.0-SNAPSHOT] Cannot connect to Health API for readiness: null
2025-01-29 13:24:40,317 INFO c.h.h.t.HelmChartContainer - [EVENT] Warning [Unhealthy] Readiness probe failed: HTTP probe failed with statuscode: 503 [helmrestapiit:test-hivemq-platform-0]
2025-01-29 13:24:40,317 INFO c.h.h.t.HelmChartContainer - Received Unhealthy event for container hivemq in pod test-hivemq-platform-0 [54e47bbf-6e5a-4a70-ac4d-31b389385604]
2025-01-29 13:24:45,309 INFO c.h.h.t.HelmChartContainer - [test-hivemq-platform] [hivemq] [54e47bbf] WARN  - [HiveMQ Platform Operator Init App 1.7.0-SNAPSHOT] Cannot connect to Health API for readiness: null
2025-01-29 13:24:45,315 INFO c.h.h.t.HelmChartContainer - [EVENT] Warning [Unhealthy] Readiness probe failed: HTTP probe failed with statuscode: 503 [helmrestapiit:test-hivemq-platform-0]
2025-01-29 13:24:45,315 INFO c.h.h.t.HelmChartContainer - Received Unhealthy event for container hivemq in pod test-hivemq-platform-0 [54e47bbf-6e5a-4a70-ac4d-31b389385604]
2025-01-29 13:24:45,338 INFO c.h.h.t.HelmChartContainer - [hivemq-test-hivemq-platform] [hivemq-platform-operator] [8819f925] 13:24:45.336 [pool-6-thread-26] DEBUG c.h.p.o.d.PlatformServiceResource - [helmrest] Desired Platform services (4 services)
2025-01-29 13:24:45,339 INFO c.h.h.t.HelmChartContainer - [hivemq-test-hivemq-platform] [hivemq-platform-operator] [8819f925] 13:24:45.336 [pool-6-thread-27] DEBUG c.h.p.o.dependants.PodInfoConfigMap - [helmrest] Desired PodInfo ConfigMap (1 extensions) (1 enabled)
2025-01-29 13:24:45,339 INFO c.h.h.t.HelmChartContainer - [hivemq-test-hivemq-platform] [hivemq-platform-operator] [8819f925] 13:24:45.336 [pool-6-thread-27] DEBUG c.h.p.o.dependants.PodInfoConfigMap - [helmrest] Desired PodInfo ConfigMap (metrics port: 9399) (metrics path: /)
2025-01-29 13:24:45,339 INFO c.h.h.t.HelmChartContainer - [hivemq-test-hivemq-platform] [hivemq-platform-operator] [8819f925] 13:24:45.336 [pool-6-thread-27] DEBUG c.h.p.o.dependants.PodInfoConfigMap - [helmrest] Desired PodInfo ConfigMap (extension state hash: -1817474005)
2025-01-29 13:24:45,339 INFO c.h.h.t.HelmChartContainer - [hivemq-test-hivemq-platform] [hivemq-platform-operator] [8819f925] 13:24:45.339 [pool-6-thread-23] DEBUG c.h.p.o.d.PodServiceAccountResource - [helmrest] Desired PodServiceAccountResource (serviceAccountName: hivemq-platform-pod-test-hivemq-platform)
2025-01-29 13:24:45,345 INFO c.h.h.t.HelmChartContainer - [hivemq-test-hivemq-platform] [hivemq-platform-operator] [8819f925] 13:24:45.345 [pool-6-thread-26] DEBUG c.h.p.o.d.StatefulSetResource - [helmrest] Desired StatefulSet (1 replicas) for status STARTING (READY)
2025-01-29 13:24:45,349 INFO c.h.h.t.HelmChartContainer - [hivemq-test-hivemq-platform] [hivemq-platform-operator] [8819f925] 13:24:45.347 [ReconcilerExecutor-hivemq-controller-110] INFO  c.h.p.o.HiveMQPlatformReconciler - [helmrest] Reconciling HiveMQ Platform 'test-hivemq-platform' in namespace 'helmrestapiit'
2025-01-29 13:24:45,349 INFO c.h.h.t.HelmChartContainer - [hivemq-test-hivemq-platform] [hivemq-platform-operator] [8819f925] 13:24:45.347 [ReconcilerExecutor-hivemq-controller-110] DEBUG c.h.p.o.HiveMQPlatformReconciler - [helmrest] Custom Resource Status STARTING - HiveMQ Platform is starting (READY)
2025-01-29 13:24:45,349 INFO c.h.h.t.HelmChartContainer - [hivemq-test-hivemq-platform] [hivemq-platform-operator] [8819f925] 13:24:45.348 [ReconcilerExecutor-hivemq-controller-110] DEBUG c.h.p.o.HiveMQPlatformReconciler - [helmrest] Custom Resource Spec (replicas: 1) (extensions: 1)
2025-01-29 13:24:45,350 INFO c.h.h.t.HelmChartContainer - [hivemq-test-hivemq-platform] [hivemq-platform-operator] [8819f925] 13:24:45.349 [ReconcilerExecutor-hivemq-controller-110] DEBUG c.h.p.o.HiveMQPlatformReconciler - [helmrest] StatefulSet Status (revision: test-hivemq-platform-5997c57dcb, replicas: 1, available: 0, ready: 0, current: 1, updated: 1)
2025-01-29 13:24:45,351 INFO c.h.h.t.HelmChartContainer - [hivemq-test-hivemq-platform] [hivemq-platform-operator] [8819f925] 13:24:45.349 [ReconcilerExecutor-hivemq-controller-110] DEBUG c.h.p.o.HiveMQPlatformReconciler - [helmrest] StatefulSet Spec (replicas: 1, init containers: 1, containers: 1, volumes: 3)
2025-01-29 13:24:45,352 INFO c.h.h.t.HelmChartContainer - [hivemq-test-hivemq-platform] [hivemq-platform-operator] [8819f925] 13:24:45.351 [ReconcilerExecutor-hivemq-controller-110] DEBUG c.h.p.o.h.HiveMQPlatformReconcilerErrorHandler - [helmrest] Pod 'test-hivemq-platform-0' phase Running
2025-01-29 13:24:45,353 INFO c.h.h.t.HelmChartContainer - [hivemq-test-hivemq-platform] [hivemq-platform-operator] [8819f925] 13:24:45.352 [ReconcilerExecutor-hivemq-controller-110] INFO  c.h.p.o.h.HiveMQPlatformReconcilerBaseHandler - [helmrest] HiveMQ Platform is starting, 0 of 1 replicas are ready
2025-01-29 13:24:46,208 INFO c.h.h.t.HelmChartContainer - [test-hivemq-platform] [hivemq] [54e47bbf] WARN  - [HiveMQ Platform Operator Init App 1.7.0-SNAPSHOT] Cannot connect to Health API for liveness: null
2025-01-29 13:24:46,208 INFO c.h.h.t.HelmChartContainer - [test-hivemq-platform] [hivemq] [54e47bbf] INFO  - [HiveMQ Platform Operator Init App 1.7.0-SNAPSHOT] Returning default Health API response 200 for liveness
2025-01-29 13:24:46,620 INFO c.h.h.t.HelmChartContainer - [test-hivemq-platform] [hivemq] [54e47bbf] INFO  - No valid license file found. Using trial license, restricted to 25 connections.
2025-01-29 13:24:50,311 INFO c.h.h.t.HelmChartContainer - [test-hivemq-platform] [hivemq] [54e47bbf] WARN  - [HiveMQ Platform Operator Init App 1.7.0-SNAPSHOT] Cannot connect to Health API for readiness: null
2025-01-29 13:24:50,318 INFO c.h.h.t.HelmChartContainer - [EVENT] Warning [Unhealthy] Readiness probe failed: HTTP probe failed with statuscode: 503 [helmrestapiit:test-hivemq-platform-0]
2025-01-29 13:24:50,318 INFO c.h.h.t.HelmChartContainer - Received Unhealthy event for container hivemq in pod test-hivemq-platform-0 [54e47bbf-6e5a-4a70-ac4d-31b389385604]
2025-01-29 13:24:51,061 INFO c.h.h.t.HelmChartContainer - [test-hivemq-platform] [hivemq] [54e47bbf] INFO  - No valid license file for Data Hub found. Using free license, restricted to 1 policy.
2025-01-29 13:24:52,206 INFO c.h.h.t.HelmChartContainer - [test-hivemq-platform] [hivemq] [54e47bbf] INFO  - Audit Logger started.
2025-01-29 13:24:52,432 INFO c.h.h.t.HelmChartContainer - [test-hivemq-platform] [hivemq] [54e47bbf] INFO  - This node uses '1' CPU cores.
2025-01-29 13:24:52,437 INFO c.h.h.t.HelmChartContainer - [test-hivemq-platform] [hivemq] [54e47bbf] INFO  - Starting HiveMQ Health API on address 0.0.0.0 and port 8889
2025-01-29 13:24:53,221 INFO c.h.h.t.HelmChartContainer - [test-hivemq-platform] [hivemq] [54e47bbf] INFO  - Started HiveMQ Health API in 783ms
2025-01-29 13:24:53,767 INFO c.h.h.t.HelmChartContainer - [test-hivemq-platform] [hivemq] [54e47bbf] INFO  - Starting HiveMQ extension system.
2025-01-29 13:24:54,014 INFO c.h.h.t.HelmChartContainer - [test-hivemq-platform] [hivemq] [54e47bbf] INFO  - Starting extension with id "hivemq-dns-cluster-discovery" at /opt/hivemq/extensions/hivemq-dns-cluster-discovery
2025-01-29 13:24:54,509 INFO c.h.h.t.HelmChartContainer - [test-hivemq-platform] [hivemq] [54e47bbf] INFO  - Extension "DNS Cluster Discovery Extension" version 4.3.2 started successfully.
2025-01-29 13:24:54,509 INFO c.h.h.t.HelmChartContainer - [test-hivemq-platform] [hivemq] [54e47bbf] INFO  - Starting extension with id "hivemq-prometheus-extension" at /opt/hivemq/extensions/hivemq-prometheus-extension
2025-01-29 13:24:54,711 INFO c.h.h.t.HelmChartContainer - [test-hivemq-platform] [hivemq] [54e47bbf] INFO  - Using TCP cluster transport on address 10.42.0.13 and port 7000
2025-01-29 13:24:54,808 INFO c.h.h.t.HelmChartContainer - [test-hivemq-platform] [hivemq] [54e47bbf] INFO  - Using extension cluster discovery
2025-01-29 13:24:55,361 INFO c.h.h.t.HelmChartContainer - [hivemq-test-hivemq-platform] [hivemq-platform-operator] [8819f925] 13:24:55.358 [pool-6-thread-33] DEBUG c.h.p.o.dependants.PodInfoConfigMap - [helmrest] Desired PodInfo ConfigMap (1 extensions) (1 enabled)
2025-01-29 13:24:55,361 INFO c.h.h.t.HelmChartContainer - [hivemq-test-hivemq-platform] [hivemq-platform-operator] [8819f925] 13:24:55.358 [pool-6-thread-33] DEBUG c.h.p.o.dependants.PodInfoConfigMap - [helmrest] Desired PodInfo ConfigMap (metrics port: 9399) (metrics path: /)
2025-01-29 13:24:55,361 INFO c.h.h.t.HelmChartContainer - [hivemq-test-hivemq-platform] [hivemq-platform-operator] [8819f925] 13:24:55.358 [pool-6-thread-33] DEBUG c.h.p.o.dependants.PodInfoConfigMap - [helmrest] Desired PodInfo ConfigMap (extension state hash: -1817474005)
2025-01-29 13:24:55,361 INFO c.h.h.t.HelmChartContainer - [hivemq-test-hivemq-platform] [hivemq-platform-operator] [8819f925] 13:24:55.358 [pool-6-thread-33] DEBUG c.h.p.o.d.PodServiceAccountResource - [helmrest] Desired PodServiceAccountResource (serviceAccountName: hivemq-platform-pod-test-hivemq-platform)
2025-01-29 13:24:55,364 INFO c.h.h.t.HelmChartContainer - [hivemq-test-hivemq-platform] [hivemq-platform-operator] [8819f925] 13:24:55.357 [pool-6-thread-34] DEBUG c.h.p.o.d.PlatformServiceResource - [helmrest] Desired Platform services (4 services)
2025-01-29 13:24:55,372 INFO c.h.h.t.HelmChartContainer - [hivemq-test-hivemq-platform] [hivemq-platform-operator] [8819f925] 13:24:55.371 [pool-6-thread-34] DEBUG c.h.p.o.d.StatefulSetResource - [helmrest] Desired StatefulSet (1 replicas) for status STARTING (READY)
2025-01-29 13:24:55,377 INFO c.h.h.t.HelmChartContainer - [hivemq-test-hivemq-platform] [hivemq-platform-operator] [8819f925] 13:24:55.376 [ReconcilerExecutor-hivemq-controller-111] INFO  c.h.p.o.HiveMQPlatformReconciler - [helmrest] Reconciling HiveMQ Platform 'test-hivemq-platform' in namespace 'helmrestapiit'
2025-01-29 13:24:55,377 INFO c.h.h.t.HelmChartContainer - [hivemq-test-hivemq-platform] [hivemq-platform-operator] [8819f925] 13:24:55.376 [ReconcilerExecutor-hivemq-controller-111] DEBUG c.h.p.o.HiveMQPlatformReconciler - [helmrest] Custom Resource Status STARTING - HiveMQ Platform is starting (READY)
2025-01-29 13:24:55,377 INFO c.h.h.t.HelmChartContainer - [hivemq-test-hivemq-platform] [hivemq-platform-operator] [8819f925] 13:24:55.376 [ReconcilerExecutor-hivemq-controller-111] DEBUG c.h.p.o.HiveMQPlatformReconciler - [helmrest] Custom Resource Spec (replicas: 1) (extensions: 1)
2025-01-29 13:24:55,378 INFO c.h.h.t.HelmChartContainer - [hivemq-test-hivemq-platform] [hivemq-platform-operator] [8819f925] 13:24:55.378 [ReconcilerExecutor-hivemq-controller-111] DEBUG c.h.p.o.HiveMQPlatformReconciler - [helmrest] StatefulSet Status (revision: test-hivemq-platform-5997c57dcb, replicas: 1, available: 0, ready: 0, current: 1, updated: 1)
2025-01-29 13:24:55,379 INFO c.h.h.t.HelmChartContainer - [hivemq-test-hivemq-platform] [hivemq-platform-operator] [8819f925] 13:24:55.378 [ReconcilerExecutor-hivemq-controller-111] DEBUG c.h.p.o.HiveMQPlatformReconciler - [helmrest] StatefulSet Spec (replicas: 1, init containers: 1, containers: 1, volumes: 3)
2025-01-29 13:24:55,427 INFO c.h.h.t.HelmChartContainer - [hivemq-test-hivemq-platform] [hivemq-platform-operator] [8819f925] 13:24:55.426 [ReconcilerExecutor-hivemq-controller-111] DEBUG c.h.p.o.h.HiveMQPlatformReconcilerErrorHandler - [helmrest] Pod 'test-hivemq-platform-0' phase Running
2025-01-29 13:24:55,428 INFO c.h.h.t.HelmChartContainer - [hivemq-test-hivemq-platform] [hivemq-platform-operator] [8819f925] 13:24:55.427 [ReconcilerExecutor-hivemq-controller-111] INFO  c.h.p.o.h.HiveMQPlatformReconcilerBaseHandler - [helmrest] HiveMQ Platform is starting, 0 of 1 replicas are ready
2025-01-29 13:24:55,714 INFO c.h.h.t.HelmChartContainer - [test-hivemq-platform] [hivemq] [54e47bbf] INFO  - Started Jetty Server exposing Prometheus Servlet on URI http://0.0.0.0:9399/
2025-01-29 13:24:55,715 INFO c.h.h.t.HelmChartContainer - [test-hivemq-platform] [hivemq] [54e47bbf] INFO  - Extension "Prometheus Monitoring Extension" version 4.0.12 started successfully.
2025-01-29 13:24:55,715 INFO c.h.h.t.HelmChartContainer - [test-hivemq-platform] [hivemq] [54e47bbf] INFO  - Starting extension with id "hivemq-allow-all-extension" at /opt/hivemq/extensions/hivemq-allow-all-extension
2025-01-29 13:24:55,715 INFO c.h.h.t.HelmChartContainer - [test-hivemq-platform] [hivemq] [54e47bbf] WARN  - 
2025-01-29 13:24:55,715 INFO c.h.h.t.HelmChartContainer - [test-hivemq-platform] [hivemq] [54e47bbf] ################################################################################################################
2025-01-29 13:24:55,715 INFO c.h.h.t.HelmChartContainer - [test-hivemq-platform] [hivemq] [54e47bbf] # This HiveMQ deployment is not secure! You are lacking Authentication and Authorization.                      #
2025-01-29 13:24:55,715 INFO c.h.h.t.HelmChartContainer - [test-hivemq-platform] [hivemq] [54e47bbf] # Right now any MQTT client can connect to the broker with a full set of permissions.                          #
2025-01-29 13:24:55,715 INFO c.h.h.t.HelmChartContainer - [test-hivemq-platform] [hivemq] [54e47bbf] # For production usage, add an appropriate security extension and remove the hivemq-allow-all extension.       #
2025-01-29 13:24:55,715 INFO c.h.h.t.HelmChartContainer - [test-hivemq-platform] [hivemq] [54e47bbf] # You can download security extensions from the HiveMQ Marketplace (https://www.hivemq.com/extensions/).       #
2025-01-29 13:24:55,715 INFO c.h.h.t.HelmChartContainer - [test-hivemq-platform] [hivemq] [54e47bbf] ################################################################################################################
2025-01-29 13:24:55,761 INFO c.h.h.t.HelmChartContainer - [test-hivemq-platform] [hivemq] [54e47bbf] INFO  - Extension "Allow All Extension" version 1.1.1 started successfully.
2025-01-29 13:24:56,307 INFO c.h.h.t.HelmChartContainer - [test-hivemq-platform] [hivemq] [54e47bbf] INFO  - [HiveMQ Platform Operator Init App 1.7.0-SNAPSHOT] Returning Health API response 503 for readiness
2025-01-29 13:24:56,310 INFO c.h.h.t.HelmChartContainer - [EVENT] Warning [Unhealthy] Readiness probe failed: Get "http://10.42.0.13:7979/readiness": context deadline exceeded (Client.Timeout exceeded while awaiting headers) [helmrestapiit:test-hivemq-platform-0]
2025-01-29 13:24:56,311 INFO c.h.h.t.HelmChartContainer - Received Unhealthy event for container hivemq in pod test-hivemq-platform-0 [54e47bbf-6e5a-4a70-ac4d-31b389385604]
2025-01-29 13:24:57,812 INFO c.h.h.t.HelmChartContainer - [test-hivemq-platform] [hivemq] [54e47bbf] INFO  - SQBf1: no members discovered after 2251 ms: creating cluster as first member
2025-01-29 13:24:57,819 INFO c.h.h.t.HelmChartContainer - [test-hivemq-platform] [hivemq] [54e47bbf] INFO  - Cluster nodes found by discovery: [SQBf1|0] (1) [SQBf1].
2025-01-29 13:24:57,912 INFO c.h.h.t.HelmChartContainer - [test-hivemq-platform] [hivemq] [54e47bbf] INFO  - Starting HiveMQ REST API on address 0.0.0.0 and port 8890
2025-01-29 13:24:58,317 INFO c.h.h.t.HelmChartContainer - [test-hivemq-platform] [hivemq] [54e47bbf] INFO  - Started HiveMQ REST API in 405ms
2025-01-29 13:24:58,318 INFO c.h.h.t.HelmChartContainer - [test-hivemq-platform] [hivemq] [54e47bbf] WARN  - No user for HiveMQ Control Center configured. Starting with default user
2025-01-29 13:24:58,318 INFO c.h.h.t.HelmChartContainer - [test-hivemq-platform] [hivemq] [54e47bbf] INFO  - Starting HiveMQ Control Center on address 0.0.0.0 and port 8081
2025-01-29 13:24:58,322 INFO c.h.h.t.HelmChartContainer - [test-hivemq-platform] [hivemq] [54e47bbf] INFO  - Mounting HiveMQ Control Center V2 Preview
2025-01-29 13:24:58,920 INFO c.h.h.t.HelmChartContainer - [test-hivemq-platform] [hivemq] [54e47bbf] INFO  - Started HiveMQ Control Center in 603ms
2025-01-29 13:24:59,012 INFO c.h.h.t.HelmChartContainer - [test-hivemq-platform] [hivemq] [54e47bbf] INFO  - Starting TCP listener on address 0.0.0.0 and port 1883
2025-01-29 13:24:59,108 INFO c.h.h.t.HelmChartContainer - [test-hivemq-platform] [hivemq] [54e47bbf] INFO  - Started TCP Listener on address 0.0.0.0 and on port 1883.
2025-01-29 13:24:59,108 INFO c.h.h.t.HelmChartContainer - [test-hivemq-platform] [hivemq] [54e47bbf] INFO  - Started HiveMQ in 32990ms
2025-01-29 13:25:00,278 INFO c.h.h.t.HelmChartContainer - [test-hivemq-platform] [hivemq] [54e47bbf] INFO  - [HiveMQ Platform Operator Init App 1.7.0-SNAPSHOT] Returning Health API response 200 for readiness
2025-01-29 13:25:00,293 INFO c.h.h.t.HelmChartContainer - [POD] test-hivemq-platform-0 [54e47bbf-6e5a-4a70-ac4d-31b389385604] in helmrestapiit was MODIFIED
2025-01-29 13:25:00,304 INFO c.h.h.t.HelmChartContainer - [hivemq-test-hivemq-platform] [hivemq-platform-operator] [8819f925] 13:25:00.299 [pool-6-thread-42] DEBUG c.h.p.o.d.PlatformServiceResource - [helmrest] Desired Platform services (4 services)
2025-01-29 13:25:00,305 INFO c.h.h.t.HelmChartContainer - [hivemq-test-hivemq-platform] [hivemq-platform-operator] [8819f925] 13:25:00.300 [pool-6-thread-46] DEBUG c.h.p.o.dependants.PodInfoConfigMap - [helmrest] Desired PodInfo ConfigMap (1 extensions) (1 enabled)
2025-01-29 13:25:00,305 INFO c.h.h.t.HelmChartContainer - [hivemq-test-hivemq-platform] [hivemq-platform-operator] [8819f925] 13:25:00.300 [pool-6-thread-46] DEBUG c.h.p.o.dependants.PodInfoConfigMap - [helmrest] Desired PodInfo ConfigMap (metrics port: 9399) (metrics path: /)
2025-01-29 13:25:00,305 INFO c.h.h.t.HelmChartContainer - [hivemq-test-hivemq-platform] [hivemq-platform-operator] [8819f925] 13:25:00.300 [pool-6-thread-46] DEBUG c.h.p.o.dependants.PodInfoConfigMap - [helmrest] Desired PodInfo ConfigMap (extension state hash: -1817474005)
2025-01-29 13:25:00,309 INFO c.h.h.t.HelmChartContainer - [hivemq-test-hivemq-platform] [hivemq-platform-operator] [8819f925] 13:25:00.304 [pool-6-thread-46] DEBUG c.h.p.o.d.PodServiceAccountResource - [helmrest] Desired PodServiceAccountResource (serviceAccountName: hivemq-platform-pod-test-hivemq-platform)
2025-01-29 13:25:00,324 INFO c.h.h.t.HelmChartContainer - [hivemq-test-hivemq-platform] [hivemq-platform-operator] [8819f925] 13:25:00.316 [pool-6-thread-42] DEBUG c.h.p.o.d.StatefulSetResource - [helmrest] Desired StatefulSet (1 replicas) for status STARTING (READY)
2025-01-29 13:25:00,400 INFO c.h.h.t.HelmChartContainer - [hivemq-test-hivemq-platform] [hivemq-platform-operator] [8819f925] 13:25:00.399 [ReconcilerExecutor-hivemq-controller-112] INFO  c.h.p.o.HiveMQPlatformReconciler - [helmrest] Reconciling HiveMQ Platform 'test-hivemq-platform' in namespace 'helmrestapiit'
2025-01-29 13:25:00,401 INFO c.h.h.t.HelmChartContainer - [hivemq-test-hivemq-platform] [hivemq-platform-operator] [8819f925] 13:25:00.399 [ReconcilerExecutor-hivemq-controller-112] DEBUG c.h.p.o.HiveMQPlatformReconciler - [helmrest] Custom Resource Status STARTING - HiveMQ Platform is starting (READY)
2025-01-29 13:25:00,401 INFO c.h.h.t.HelmChartContainer - [hivemq-test-hivemq-platform] [hivemq-platform-operator] [8819f925] 13:25:00.399 [ReconcilerExecutor-hivemq-controller-112] DEBUG c.h.p.o.HiveMQPlatformReconciler - [helmrest] Custom Resource Spec (replicas: 1) (extensions: 1)
2025-01-29 13:25:00,403 INFO c.h.h.t.HelmChartContainer - [hivemq-test-hivemq-platform] [hivemq-platform-operator] [8819f925] 13:25:00.402 [ReconcilerExecutor-hivemq-controller-112] DEBUG c.h.p.o.HiveMQPlatformReconciler - [helmrest] StatefulSet Status (revision: test-hivemq-platform-5997c57dcb, replicas: 1, available: 1, ready: 1, current: 1, updated: 1)
2025-01-29 13:25:00,403 INFO c.h.h.t.HelmChartContainer - [hivemq-test-hivemq-platform] [hivemq-platform-operator] [8819f925] 13:25:00.402 [ReconcilerExecutor-hivemq-controller-112] DEBUG c.h.p.o.HiveMQPlatformReconciler - [helmrest] StatefulSet Spec (replicas: 1, init containers: 1, containers: 1, volumes: 3)
2025-01-29 13:25:00,404 INFO c.h.h.t.HelmChartContainer - [hivemq-test-hivemq-platform] [hivemq-platform-operator] [8819f925] 13:25:00.404 [ReconcilerExecutor-hivemq-controller-112] DEBUG c.h.p.o.h.HiveMQPlatformReconcilerErrorHandler - [helmrest] Pod 'test-hivemq-platform-0' phase Running
2025-01-29 13:25:00,406 INFO c.h.h.t.HelmChartContainer - [hivemq-test-hivemq-platform] [hivemq-platform-operator] [8819f925] 13:25:00.405 [ReconcilerExecutor-hivemq-controller-112] INFO  c.h.p.o.h.HiveMQPlatformReconcilerBaseHandler - [helmrest] HiveMQ Platform started successfully
2025-01-29 13:25:00,514 INFO c.h.h.t.HelmChartContainer - [hivemq-test-hivemq-platform] [hivemq-platform-operator] [8819f925] 13:25:00.512 [ReconcilerExecutor-hivemq-controller-112] DEBUG c.h.p.operator.event.EventSender - [helmrest] Creating K8s event hivemq-platform-ready: [Ready] HiveMQ Platform is ready
2025-01-29 13:25:00,595 INFO c.h.h.t.HelmChartContainer - [EVENT] Normal [Ready] HiveMQ Platform is ready [helmrestapiit:test-hivemq-platform]
2025-01-29 13:25:00,597 INFO c.h.h.t.HelmChartContainer - [hivemq-test-hivemq-platform] [hivemq-platform-operator] [8819f925] 13:25:00.595 [ReconcilerExecutor-hivemq-controller-112] INFO  c.h.p.o.h.AbstractHiveMQReconcilerStateHandler - [helmrest] Update HiveMQ Platform Status (STARTING [READY] -> RUNNING [READY]): HiveMQ Platform is ready
2025-01-29 13:25:00,604 DEBUG com.hivemq.helmcharts.util.K8sUtil - Comparing actual state 'RUNNING' and waiting for 'RUNNING'
2025-01-29 13:25:00,611 INFO c.h.h.t.HelmChartContainer - [hivemq-test-hivemq-platform] [hivemq-platform-operator] [8819f925] 13:25:00.608 [pool-6-thread-6] DEBUG c.h.p.o.d.PlatformServiceResource - [helmrest] Desired Platform services (4 services)
2025-01-29 13:25:00,612 INFO c.h.h.t.HelmChartContainer - [hivemq-test-hivemq-platform] [hivemq-platform-operator] [8819f925] 13:25:00.611 [pool-6-thread-5] DEBUG c.h.p.o.dependants.PodInfoConfigMap - [helmrest] Desired PodInfo ConfigMap (1 extensions) (1 enabled)
2025-01-29 13:25:00,614 INFO c.h.h.t.HelmChartContainer - [hivemq-test-hivemq-platform] [hivemq-platform-operator] [8819f925] 13:25:00.611 [pool-6-thread-5] DEBUG c.h.p.o.dependants.PodInfoConfigMap - [helmrest] Desired PodInfo ConfigMap (metrics port: 9399) (metrics path: /)
2025-01-29 13:25:00,614 INFO c.h.h.t.HelmChartContainer - [hivemq-test-hivemq-platform] [hivemq-platform-operator] [8819f925] 13:25:00.611 [pool-6-thread-5] DEBUG c.h.p.o.dependants.PodInfoConfigMap - [helmrest] Desired PodInfo ConfigMap (extension state hash: -1817474005)
2025-01-29 13:25:00,614 INFO c.h.h.t.HelmChartContainer - [hivemq-test-hivemq-platform] [hivemq-platform-operator] [8819f925] 13:25:00.612 [pool-6-thread-5] DEBUG c.h.p.o.dependants.PodInfoConfigMap - [helmrest] Update PodInfo ConfigMap
2025-01-29 13:25:00,626 INFO c.h.h.t.HelmChartContainer - [hivemq-test-hivemq-platform] [hivemq-platform-operator] [8819f925] 13:25:00.625 [pool-6-thread-6] DEBUG c.h.p.o.d.PodServiceAccountResource - [helmrest] Desired PodServiceAccountResource (serviceAccountName: hivemq-platform-pod-test-hivemq-platform)
2025-01-29 13:25:00,695 INFO c.h.h.t.HelmChartContainer - [hivemq-test-hivemq-platform] [hivemq-platform-operator] [8819f925] 13:25:00.694 [pool-6-thread-6] DEBUG c.h.p.o.d.StatefulSetResource - [helmrest] Desired StatefulSet (1 replicas) for status RUNNING (READY)
2025-01-29 13:25:00,701 INFO c.h.h.t.HelmChartContainer - [hivemq-test-hivemq-platform] [hivemq-platform-operator] [8819f925] 13:25:00.698 [ReconcilerExecutor-hivemq-controller-113] INFO  c.h.p.o.HiveMQPlatformReconciler - [helmrest] Reconciling HiveMQ Platform 'test-hivemq-platform' in namespace 'helmrestapiit'
2025-01-29 13:25:00,702 INFO c.h.h.t.HelmChartContainer - [hivemq-test-hivemq-platform] [hivemq-platform-operator] [8819f925] 13:25:00.698 [ReconcilerExecutor-hivemq-controller-113] DEBUG c.h.p.o.HiveMQPlatformReconciler - [helmrest] Custom Resource Status RUNNING - HiveMQ Platform is ready (READY)
2025-01-29 13:25:00,702 INFO c.h.h.t.HelmChartContainer - [hivemq-test-hivemq-platform] [hivemq-platform-operator] [8819f925] 13:25:00.698 [ReconcilerExecutor-hivemq-controller-113] DEBUG c.h.p.o.HiveMQPlatformReconciler - [helmrest] Custom Resource Spec (replicas: 1) (extensions: 1)
2025-01-29 13:25:00,702 INFO c.h.h.t.HelmChartContainer - [hivemq-test-hivemq-platform] [hivemq-platform-operator] [8819f925] 13:25:00.700 [ReconcilerExecutor-hivemq-controller-113] DEBUG c.h.p.o.HiveMQPlatformReconciler - [helmrest] StatefulSet Status (revision: test-hivemq-platform-5997c57dcb, replicas: 1, available: 1, ready: 1, current: 1, updated: 1)
2025-01-29 13:25:00,702 INFO c.h.h.t.HelmChartContainer - [hivemq-test-hivemq-platform] [hivemq-platform-operator] [8819f925] 13:25:00.700 [ReconcilerExecutor-hivemq-controller-113] DEBUG c.h.p.o.HiveMQPlatformReconciler - [helmrest] StatefulSet Spec (replicas: 1, init containers: 1, containers: 1, volumes: 3)
2025-01-29 13:25:00,704 INFO c.h.h.t.HelmChartContainer - [hivemq-test-hivemq-platform] [hivemq-platform-operator] [8819f925] 13:25:00.703 [ReconcilerExecutor-hivemq-controller-113] DEBUG c.h.p.o.h.HiveMQPlatformReconcilerErrorHandler - [helmrest] Pod 'test-hivemq-platform-0' phase Running
2025-01-29 13:25:01,170 INFO c.h.h.t.HelmChartContainer - Uninstalling release 'test-hivemq-platform' in namespace 'helmrestapiit'...
2025-01-29 13:25:01,170 DEBUG c.h.h.t.HelmChartContainer - Executing helm command: /bin/helm --kubeconfig /etc/rancher/k3s/k3s.yaml uninstall test-hivemq-platform  --wait --timeout 5m0s --cascade foreground --namespace helmrestapiit
2025-01-29 13:25:01,367 INFO c.h.h.t.HelmChartContainer - [hivemq-test-hivemq-platform] [hivemq-platform-operator] [8819f925] 13:25:01.361 [pool-6-thread-13] DEBUG c.h.p.o.d.PlatformServiceResource - [helmrest] Desired Platform services (4 services)
2025-01-29 13:25:01,367 INFO c.h.h.t.HelmChartContainer - [hivemq-test-hivemq-platform] [hivemq-platform-operator] [8819f925] 13:25:01.363 [pool-6-thread-18] DEBUG c.h.p.o.dependants.PodInfoConfigMap - [helmrest] Desired PodInfo ConfigMap (1 extensions) (1 enabled)
2025-01-29 13:25:01,369 INFO c.h.h.t.HelmChartContainer - [hivemq-test-hivemq-platform] [hivemq-platform-operator] [8819f925] 13:25:01.366 [pool-6-thread-12] DEBUG c.h.p.o.d.PodServiceAccountResource - [helmrest] Desired PodServiceAccountResource (serviceAccountName: hivemq-platform-pod-test-hivemq-platform)
2025-01-29 13:25:01,376 INFO c.h.h.t.HelmChartContainer - [hivemq-test-hivemq-platform] [hivemq-platform-operator] [8819f925] 13:25:01.366 [pool-6-thread-18] DEBUG c.h.p.o.dependants.PodInfoConfigMap - [helmrest] Desired PodInfo ConfigMap (metrics port: 9399) (metrics path: /)
2025-01-29 13:25:01,376 INFO c.h.h.t.HelmChartContainer - [hivemq-test-hivemq-platform] [hivemq-platform-operator] [8819f925] 13:25:01.368 [pool-6-thread-18] DEBUG c.h.p.o.dependants.PodInfoConfigMap - [helmrest] Desired PodInfo ConfigMap (extension state hash: -1817474005)
2025-01-29 13:25:01,376 INFO c.h.h.t.HelmChartContainer - [hivemq-test-hivemq-platform] [hivemq-platform-operator] [8819f925] 13:25:01.373 [pool-6-thread-13] DEBUG c.h.p.o.d.StatefulSetResource - [helmrest] Desired StatefulSet (1 replicas) for status RUNNING (READY)
2025-01-29 13:25:01,432 INFO c.h.h.t.HelmChartContainer - [hivemq-test-hivemq-platform] [hivemq-platform-operator] [8819f925] 13:25:01.430 [ReconcilerExecutor-hivemq-controller-114] INFO  c.h.p.o.HiveMQPlatformReconciler - [helmrest] Reconciling HiveMQ Platform 'test-hivemq-platform' in namespace 'helmrestapiit'
2025-01-29 13:25:01,432 INFO c.h.h.t.HelmChartContainer - [hivemq-test-hivemq-platform] [hivemq-platform-operator] [8819f925] 13:25:01.431 [ReconcilerExecutor-hivemq-controller-114] DEBUG c.h.p.o.HiveMQPlatformReconciler - [helmrest] Custom Resource Status RUNNING - HiveMQ Platform is ready (READY)
2025-01-29 13:25:01,432 INFO c.h.h.t.HelmChartContainer - [hivemq-test-hivemq-platform] [hivemq-platform-operator] [8819f925] 13:25:01.431 [ReconcilerExecutor-hivemq-controller-114] DEBUG c.h.p.o.HiveMQPlatformReconciler - [helmrest] Custom Resource Spec (replicas: 1) (extensions: 1)
2025-01-29 13:25:01,433 INFO c.h.h.t.HelmChartContainer - [hivemq-test-hivemq-platform] [hivemq-platform-operator] [8819f925] 13:25:01.431 [ReconcilerExecutor-hivemq-controller-114] WARN  c.h.p.o.h.HiveMQPlatformReconcilerErrorHandler - [helmrest] Could not find ConfigMap 'hivemq-configuration-test-hivemq-platform' for HiveMQ Platform configuration
2025-01-29 13:25:01,545 INFO c.h.h.t.HelmChartContainer - [hivemq-test-hivemq-platform] [hivemq-platform-operator] [8819f925] 13:25:01.544 [ReconcilerExecutor-hivemq-controller-114] DEBUG c.h.p.operator.event.EventSender - [helmrest] Creating K8s event hivemq-platform-invalid-configuration: [Start] Could not find ConfigMap 'hivemq-configuration-test-hivemq-platform' for HiveMQ Platform configuration
2025-01-29 13:25:01,551 INFO c.h.h.t.HelmChartContainer - [EVENT] Warning [Start] Could not find ConfigMap 'hivemq-configuration-test-hivemq-platform' for HiveMQ Platform configuration [helmrestapiit:test-hivemq-platform]
2025-01-29 13:25:01,630 INFO c.h.h.t.HelmChartContainer - [hivemq-test-hivemq-platform] [hivemq-platform-operator] [8819f925] 13:25:01.628 [ReconcilerExecutor-hivemq-controller-114] INFO  c.h.p.o.h.AbstractHiveMQReconcilerStateHandler - [helmrest] Update HiveMQ Platform Status (RUNNING [READY] -> ERROR [INVALID_CONFIG_MAP]): Could not find ConfigMap 'hivemq-configuration-test-hivemq-platform' for HiveMQ Platform configuration
2025-01-29 13:25:01,641 INFO c.h.h.t.HelmChartContainer - [hivemq-test-hivemq-platform] [hivemq-platform-operator] [8819f925] 13:25:01.637 [ReconcilerExecutor-hivemq-controller-114] ERROR i.j.o.p.event.EventProcessor - Error during event processing ExecutionScope{ resource id: ResourceID{name='test-hivemq-platform', namespace='helmrestapiit'}, version: 1450}
2025-01-29 13:25:01,642 INFO c.h.h.t.HelmChartContainer - [hivemq-test-hivemq-platform] [hivemq-platform-operator] [8819f925] io.fabric8.kubernetes.client.KubernetesClientException: Failure executing: PUT at: https://10.43.0.1:443/apis/hivemq.com/v1/namespaces/helmrestapiit/hivemq-platforms/test-hivemq-platform/status. Message: Operation cannot be fulfilled on hivemq-platforms.hivemq.com "test-hivemq-platform": the object has been modified; please apply your changes to the latest version and try again. Received status: Status(apiVersion=v1, code=409, details=StatusDetails(causes=[], group=hivemq.com, kind=hivemq-platforms, name=test-hivemq-platform, retryAfterSeconds=null, uid=null, additionalProperties={}), kind=Status, message=Operation cannot be fulfilled on hivemq-platforms.hivemq.com "test-hivemq-platform": the object has been modified; please apply your changes to the latest version and try again, metadata=ListMeta(_continue=null, remainingItemCount=null, resourceVersion=null, selfLink=null, additionalProperties={}), reason=Conflict, status=Failure, additionalProperties={}).
2025-01-29 13:25:01,642 INFO c.h.h.t.HelmChartContainer - [hivemq-test-hivemq-platform] [hivemq-platform-operator] [8819f925] 	at io.fabric8.kubernetes.client.KubernetesClientException.copyAsCause(KubernetesClientException.java:238)
2025-01-29 13:25:01,644 INFO c.h.h.t.HelmChartContainer - [hivemq-test-hivemq-platform] [hivemq-platform-operator] [8819f925] 	at io.fabric8.kubernetes.client.dsl.internal.OperationSupport.waitForResult(OperationSupport.java:507)
2025-01-29 13:25:01,644 INFO c.h.h.t.HelmChartContainer - [hivemq-test-hivemq-platform] [hivemq-platform-operator] [8819f925] 	at io.fabric8.kubernetes.client.dsl.internal.OperationSupport.handleResponse(OperationSupport.java:524)
2025-01-29 13:25:01,644 INFO c.h.h.t.HelmChartContainer - [hivemq-test-hivemq-platform] [hivemq-platform-operator] [8819f925] 	at io.fabric8.kubernetes.client.dsl.internal.OperationSupport.handleUpdate(OperationSupport.java:358)
2025-01-29 13:25:01,644 INFO c.h.h.t.HelmChartContainer - [hivemq-test-hivemq-platform] [hivemq-platform-operator] [8819f925] 	at io.fabric8.kubernetes.client.dsl.internal.BaseOperation.handleUpdate(BaseOperation.java:759)
2025-01-29 13:25:01,644 INFO c.h.h.t.HelmChartContainer - [hivemq-test-hivemq-platform] [hivemq-platform-operator] [8819f925] 	at io.fabric8.kubernetes.client.dsl.internal.HasMetadataOperation.update(HasMetadataOperation.java:138)
2025-01-29 13:25:01,644 INFO c.h.h.t.HelmChartContainer - [hivemq-test-hivemq-platform] [hivemq-platform-operator] [8819f925] 	at io.fabric8.kubernetes.client.dsl.internal.HasMetadataOperation.update(HasMetadataOperation.java:121)
2025-01-29 13:25:01,644 INFO c.h.h.t.HelmChartContainer - [hivemq-test-hivemq-platform] [hivemq-platform-operator] [8819f925] 	at io.fabric8.kubernetes.client.dsl.internal.HasMetadataOperation.updateStatus(HasMetadataOperation.java:126)
2025-01-29 13:25:01,644 INFO c.h.h.t.HelmChartContainer - [hivemq-test-hivemq-platform] [hivemq-platform-operator] [8819f925] 	at io.fabric8.kubernetes.client.dsl.internal.HasMetadataOperation.updateStatus(HasMetadataOperation.java:44)
2025-01-29 13:25:01,644 INFO c.h.h.t.HelmChartContainer - [hivemq-test-hivemq-platform] [hivemq-platform-operator] [8819f925] 	at io.javaoperatorsdk.operator.processing.event.ReconciliationDispatcher$CustomResourceFacade.updateStatus(ReconciliationDispatcher.java:408)
2025-01-29 13:25:01,644 INFO c.h.h.t.HelmChartContainer - [hivemq-test-hivemq-platform] [hivemq-platform-operator] [8819f925] 	at io.javaoperatorsdk.operator.processing.event.ReconciliationDispatcher.updateStatusGenerationAware(ReconciliationDispatcher.java:228)
2025-01-29 13:25:01,644 INFO c.h.h.t.HelmChartContainer - [hivemq-test-hivemq-platform] [hivemq-platform-operator] [8819f925] 	at io.javaoperatorsdk.operator.processing.event.ReconciliationDispatcher.reconcileExecution(ReconciliationDispatcher.java:150)
2025-01-29 13:25:01,644 INFO c.h.h.t.HelmChartContainer - [hivemq-test-hivemq-platform] [hivemq-platform-operator] [8819f925] 	at io.javaoperatorsdk.operator.processing.event.ReconciliationDispatcher.handleReconcile(ReconciliationDispatcher.java:117)
2025-01-29 13:25:01,644 INFO c.h.h.t.HelmChartContainer - [hivemq-test-hivemq-platform] [hivemq-platform-operator] [8819f925] 	at io.javaoperatorsdk.operator.processing.event.ReconciliationDispatcher.handleDispatch(ReconciliationDispatcher.java:91)
2025-01-29 13:25:01,644 INFO c.h.h.t.HelmChartContainer - [hivemq-test-hivemq-platform] [hivemq-platform-operator] [8819f925] 	at io.javaoperatorsdk.operator.processing.event.ReconciliationDispatcher.handleExecution(ReconciliationDispatcher.java:64)
2025-01-29 13:25:01,644 INFO c.h.h.t.HelmChartContainer - [hivemq-test-hivemq-platform] [hivemq-platform-operator] [8819f925] 	at io.javaoperatorsdk.operator.processing.event.EventProcessor$ReconcilerExecutor.run(EventProcessor.java:452)
2025-01-29 13:25:01,644 INFO c.h.h.t.HelmChartContainer - [hivemq-test-hivemq-platform] [hivemq-platform-operator] [8819f925] 	at java.base/java.util.concurrent.ThreadPoolExecutor.runWorker(Unknown Source)
2025-01-29 13:25:01,644 INFO c.h.h.t.HelmChartContainer - [hivemq-test-hivemq-platform] [hivemq-platform-operator] [8819f925] 	at java.base/java.util.concurrent.ThreadPoolExecutor$Worker.run(Unknown Source)
2025-01-29 13:25:01,644 INFO c.h.h.t.HelmChartContainer - [hivemq-test-hivemq-platform] [hivemq-platform-operator] [8819f925] 	at java.base/java.lang.Thread.run(Unknown Source)
2025-01-29 13:25:01,644 INFO c.h.h.t.HelmChartContainer - [hivemq-test-hivemq-platform] [hivemq-platform-operator] [8819f925] Caused by: io.fabric8.kubernetes.client.KubernetesClientException: Failure executing: PUT at: https://10.43.0.1:443/apis/hivemq.com/v1/namespaces/helmrestapiit/hivemq-platforms/test-hivemq-platform/status. Message: Operation cannot be fulfilled on hivemq-platforms.hivemq.com "test-hivemq-platform": the object has been modified; please apply your changes to the latest version and try again. Received status: Status(apiVersion=v1, code=409, details=StatusDetails(causes=[], group=hivemq.com, kind=hivemq-platforms, name=test-hivemq-platform, retryAfterSeconds=null, uid=null, additionalProperties={}), kind=Status, message=Operation cannot be fulfilled on hivemq-platforms.hivemq.com "test-hivemq-platform": the object has been modified; please apply your changes to the latest version and try again, metadata=ListMeta(_continue=null, remainingItemCount=null, resourceVersion=null, selfLink=null, additionalProperties={}), reason=Conflict, status=Failure, additionalProperties={}).
2025-01-29 13:25:01,644 INFO c.h.h.t.HelmChartContainer - [hivemq-test-hivemq-platform] [hivemq-platform-operator] [8819f925] 	at io.fabric8.kubernetes.client.dsl.internal.OperationSupport.requestFailure(OperationSupport.java:660)
2025-01-29 13:25:01,644 INFO c.h.h.t.HelmChartContainer - [hivemq-test-hivemq-platform] [hivemq-platform-operator] [8819f925] 	at io.fabric8.kubernetes.client.dsl.internal.OperationSupport.requestFailure(OperationSupport.java:640)
2025-01-29 13:25:01,644 INFO c.h.h.t.HelmChartContainer - [hivemq-test-hivemq-platform] [hivemq-platform-operator] [8819f925] 	at io.fabric8.kubernetes.client.dsl.internal.OperationSupport.assertResponseCode(OperationSupport.java:589)
2025-01-29 13:25:01,644 INFO c.h.h.t.HelmChartContainer - [hivemq-test-hivemq-platform] [hivemq-platform-operator] [8819f925] 	at io.fabric8.kubernetes.client.dsl.internal.OperationSupport.lambda$handleResponse$0(OperationSupport.java:549)
2025-01-29 13:25:01,644 INFO c.h.h.t.HelmChartContainer - [hivemq-test-hivemq-platform] [hivemq-platform-operator] [8819f925] 	at java.base/java.util.concurrent.CompletableFuture$UniApply.tryFire(Unknown Source)
2025-01-29 13:25:01,645 INFO c.h.h.t.HelmChartContainer - [hivemq-test-hivemq-platform] [hivemq-platform-operator] [8819f925] 	at java.base/java.util.concurrent.CompletableFuture.postComplete(Unknown Source)
2025-01-29 13:25:01,645 INFO c.h.h.t.HelmChartContainer - [hivemq-test-hivemq-platform] [hivemq-platform-operator] [8819f925] 	at java.base/java.util.concurrent.CompletableFuture.complete(Unknown Source)
2025-01-29 13:25:01,645 INFO c.h.h.t.HelmChartContainer - [hivemq-test-hivemq-platform] [hivemq-platform-operator] [8819f925] 	at io.fabric8.kubernetes.client.http.StandardHttpClient.lambda$completeOrCancel$10(StandardHttpClient.java:141)
2025-01-29 13:25:01,645 INFO c.h.h.t.HelmChartContainer - [hivemq-test-hivemq-platform] [hivemq-platform-operator] [8819f925] 	at java.base/java.util.concurrent.CompletableFuture.uniWhenComplete(Unknown Source)
2025-01-29 13:25:01,645 INFO c.h.h.t.HelmChartContainer - [hivemq-test-hivemq-platform] [hivemq-platform-operator] [8819f925] 	at java.base/java.util.concurrent.CompletableFuture$UniWhenComplete.tryFire(Unknown Source)
2025-01-29 13:25:01,645 INFO c.h.h.t.HelmChartContainer - [hivemq-test-hivemq-platform] [hivemq-platform-operator] [8819f925] 	at java.base/java.util.concurrent.CompletableFuture.postComplete(Unknown Source)
2025-01-29 13:25:01,645 INFO c.h.h.t.HelmChartContainer - [hivemq-test-hivemq-platform] [hivemq-platform-operator] [8819f925] 	at java.base/java.util.concurrent.CompletableFuture.complete(Unknown Source)
2025-01-29 13:25:01,645 INFO c.h.h.t.HelmChartContainer - [hivemq-test-hivemq-platform] [hivemq-platform-operator] [8819f925] 	at io.fabric8.kubernetes.client.http.ByteArrayBodyHandler.onBodyDone(ByteArrayBodyHandler.java:51)
2025-01-29 13:25:01,645 INFO c.h.h.t.HelmChartContainer - [hivemq-test-hivemq-platform] [hivemq-platform-operator] [8819f925] 	at java.base/java.util.concurrent.CompletableFuture.uniWhenComplete(Unknown Source)
2025-01-29 13:25:01,645 INFO c.h.h.t.HelmChartContainer - [hivemq-test-hivemq-platform] [hivemq-platform-operator] [8819f925] 	at java.base/java.util.concurrent.CompletableFuture$UniWhenComplete.tryFire(Unknown Source)
2025-01-29 13:25:01,645 INFO c.h.h.t.HelmChartContainer - [hivemq-test-hivemq-platform] [hivemq-platform-operator] [8819f925] 	at java.base/java.util.concurrent.CompletableFuture.postComplete(Unknown Source)
2025-01-29 13:25:01,645 INFO c.h.h.t.HelmChartContainer - [hivemq-test-hivemq-platform] [hivemq-platform-operator] [8819f925] 	at java.base/java.util.concurrent.CompletableFuture.complete(Unknown Source)
2025-01-29 13:25:01,645 INFO c.h.h.t.HelmChartContainer - [hivemq-test-hivemq-platform] [hivemq-platform-operator] [8819f925] 	at io.fabric8.kubernetes.client.vertx.VertxHttpRequest.lambda$null$1(VertxHttpRequest.java:121)
2025-01-29 13:25:01,645 INFO c.h.h.t.HelmChartContainer - [hivemq-test-hivemq-platform] [hivemq-platform-operator] [8819f925] 	at io.vertx.core.impl.ContextInternal.dispatch(ContextInternal.java:279)
2025-01-29 13:25:01,645 INFO c.h.h.t.HelmChartContainer - [hivemq-test-hivemq-platform] [hivemq-platform-operator] [8819f925] 	at io.vertx.core.impl.ContextInternal.dispatch(ContextInternal.java:261)
2025-01-29 13:25:01,645 INFO c.h.h.t.HelmChartContainer - [hivemq-test-hivemq-platform] [hivemq-platform-operator] [8819f925] 	at io.vertx.core.http.impl.HttpEventHandler.handleEnd(HttpEventHandler.java:76)
2025-01-29 13:25:01,645 INFO c.h.h.t.HelmChartContainer - [hivemq-test-hivemq-platform] [hivemq-platform-operator] [8819f925] 	at io.vertx.core.http.impl.HttpClientResponseImpl.handleEnd(HttpClientResponseImpl.java:250)
2025-01-29 13:25:01,645 INFO c.h.h.t.HelmChartContainer - [hivemq-test-hivemq-platform] [hivemq-platform-operator] [8819f925] 	at io.vertx.core.http.impl.Http1xClientConnection$StreamImpl.lambda$new$0(Http1xClientConnection.java:421)
2025-01-29 13:25:01,645 INFO c.h.h.t.HelmChartContainer - [hivemq-test-hivemq-platform] [hivemq-platform-operator] [8819f925] 	at io.vertx.core.streams.impl.InboundBuffer.handleEvent(InboundBuffer.java:279)
2025-01-29 13:25:01,645 INFO c.h.h.t.HelmChartContainer - [hivemq-test-hivemq-platform] [hivemq-platform-operator] [8819f925] 	at io.vertx.core.streams.impl.InboundBuffer.write(InboundBuffer.java:157)
2025-01-29 13:25:01,645 INFO c.h.h.t.HelmChartContainer - [hivemq-test-hivemq-platform] [hivemq-platform-operator] [8819f925] 	at io.vertx.core.http.impl.Http1xClientConnection$StreamImpl.handleEnd(Http1xClientConnection.java:709)
2025-01-29 13:25:01,645 INFO c.h.h.t.HelmChartContainer - [hivemq-test-hivemq-platform] [hivemq-platform-operator] [8819f925] 	at io.vertx.core.impl.ContextImpl.lambda$execute$4(ContextImpl.java:315)
2025-01-29 13:25:01,645 INFO c.h.h.t.HelmChartContainer - [hivemq-test-hivemq-platform] [hivemq-platform-operator] [8819f925] 	at io.netty.util.concurrent.AbstractEventExecutor.runTask(AbstractEventExecutor.java:173)
2025-01-29 13:25:01,645 INFO c.h.h.t.HelmChartContainer - [hivemq-test-hivemq-platform] [hivemq-platform-operator] [8819f925] 	at io.netty.util.concurrent.AbstractEventExecutor.safeExecute(AbstractEventExecutor.java:166)
2025-01-29 13:25:01,645 INFO c.h.h.t.HelmChartContainer - [hivemq-test-hivemq-platform] [hivemq-platform-operator] [8819f925] 	at io.netty.util.concurrent.SingleThreadEventExecutor.runAllTasks(SingleThreadEventExecutor.java:472)
2025-01-29 13:25:01,645 INFO c.h.h.t.HelmChartContainer - [hivemq-test-hivemq-platform] [hivemq-platform-operator] [8819f925] 	at io.netty.channel.nio.NioEventLoop.run(NioEventLoop.java:569)
2025-01-29 13:25:01,645 INFO c.h.h.t.HelmChartContainer - [hivemq-test-hivemq-platform] [hivemq-platform-operator] [8819f925] 	at io.netty.util.concurrent.SingleThreadEventExecutor$4.run(SingleThreadEventExecutor.java:997)
2025-01-29 13:25:01,645 INFO c.h.h.t.HelmChartContainer - [hivemq-test-hivemq-platform] [hivemq-platform-operator] [8819f925] 	at io.netty.util.internal.ThreadExecutorMap$2.run(ThreadExecutorMap.java:74)
2025-01-29 13:25:01,645 INFO c.h.h.t.HelmChartContainer - [hivemq-test-hivemq-platform] [hivemq-platform-operator] [8819f925] 	at io.netty.util.concurrent.FastThreadLocalRunnable.run(FastThreadLocalRunnable.java:30)
2025-01-29 13:25:01,645 INFO c.h.h.t.HelmChartContainer - [hivemq-test-hivemq-platform] [hivemq-platform-operator] [8819f925] 	... 1 common frames omitted
2025-01-29 13:25:01,728 INFO c.h.h.t.HelmChartContainer - [hivemq-test-hivemq-platform] [hivemq-platform-operator] [8819f925] 13:25:01.727 [ReconcilerExecutor-hivemq-controller-121] INFO  c.h.p.o.HiveMQPlatformReconciler - [helmrest] Cleanup test-hivemq-platform - helmrestapiit HiveMQ Platform is shut down
2025-01-29 13:25:02,419 INFO c.h.h.t.HelmChartContainer - [POD] test-hivemq-platform-0 [54e47bbf-6e5a-4a70-ac4d-31b389385604] in helmrestapiit was MODIFIED
2025-01-29 13:25:02,423 INFO c.h.h.t.HelmChartContainer - [EVENT] Normal [Killing] Stopping container hivemq [helmrestapiit:test-hivemq-platform-0]
2025-01-29 13:25:02,423 INFO c.h.h.t.HelmChartContainer - Received Killing event for container hivemq in pod test-hivemq-platform-0 [54e47bbf-6e5a-4a70-ac4d-31b389385604]
2025-01-29 13:25:02,423 INFO c.h.h.t.HelmChartContainer - Container [test-hivemq-platform-0] [hivemq] [54e47bbf-6e5a-4a70-ac4d-31b389385604] was terminated
2025-01-29 13:25:02,423 INFO c.h.h.t.HelmChartContainer - Stopped log watcher for hivemq in pod test-hivemq-platform-0 [54e47bbf-6e5a-4a70-ac4d-31b389385604]
2025-01-29 13:25:02,432 INFO c.h.h.t.HelmChartContainer - [test-hivemq-platform] [hivemq] [54e47bbf] INFO  - [HiveMQ Platform Operator Init App 1.7.0-SNAPSHOT] Shutting down
2025-01-29 13:25:02,432 INFO c.h.h.t.HelmChartContainer - [test-hivemq-platform] [hivemq] [54e47bbf] INFO  - [HiveMQ Platform Operator Init App 1.7.0-SNAPSHOT] Stopping the HiveMQ Platform
2025-01-29 13:25:02,522 INFO c.h.h.t.HelmChartContainer - [test-hivemq-platform] [hivemq] [54e47bbf] INFO  - Shutting down HiveMQ. Please wait, this could take a while...
2025-01-29 13:25:02,615 INFO c.h.h.t.HelmChartContainer - [test-hivemq-platform] [hivemq] [54e47bbf] INFO  - Shutting down listeners and clients
2025-01-29 13:25:02,617 INFO c.h.h.t.HelmChartContainer - [test-hivemq-platform] [hivemq] [54e47bbf] INFO  - Shutdown of listeners is done
2025-01-29 13:25:02,617 INFO c.h.h.t.HelmChartContainer - [test-hivemq-platform] [hivemq] [54e47bbf] INFO  - No clients are connected, proceeding with shutdown
2025-01-29 13:25:03,411 INFO c.h.h.t.HelmChartContainer - Deleting namespace 'helmrestapiit'...
2025-01-29 13:25:05,273 INFO c.h.h.t.HelmChartContainer - [test-hivemq-platform] [hivemq] [54e47bbf] INFO  - [HiveMQ Platform Operator Init App 1.7.0-SNAPSHOT] Returning shutdown Health API response 503 for readiness
2025-01-29 13:25:05,277 INFO c.h.h.t.HelmChartContainer - [EVENT] Warning [Unhealthy] Readiness probe failed: HTTP probe failed with statuscode: 503 [helmrestapiit:test-hivemq-platform-0]
2025-01-29 13:25:05,277 INFO c.h.h.t.HelmChartContainer - Received Unhealthy event for container hivemq in pod test-hivemq-platform-0 [54e47bbf-6e5a-4a70-ac4d-31b389385604]
2025-01-29 13:25:05,628 INFO c.h.h.t.HelmChartContainer - [K3S] [authentication.go:74] "Unable to authenticate the request" err="[invalid bearer token, serviceaccounts \"hivemq-platform-pod-test-hivemq-platform\" not found]"
2025-01-29 13:25:05,638 INFO c.h.h.t.HelmChartContainer - [K3S] [authentication.go:74] "Unable to authenticate the request" err="[invalid bearer token, serviceaccounts \"hivemq-platform-pod-test-hivemq-platform\" not found]"
2025-01-29 13:25:05,650 INFO c.h.h.t.HelmChartContainer - [test-hivemq-platform] [hivemq] [54e47bbf] WARN  - [HiveMQ Platform Operator Init App 1.7.0-SNAPSHOT] Could not update Pod annotations: Failure executing: GET at: https://10.43.0.1:443/api/v1/namespaces/helmrestapiit/pods/test-hivemq-platform-0. Message: Unauthorized. Received status: Status(apiVersion=v1, code=401, details=null, kind=Status, message=Unauthorized, metadata=ListMeta(_continue=null, remainingItemCount=null, resourceVersion=null, selfLink=null, additionalProperties={}), reason=Unauthorized, status=Failure, additionalProperties={}).
2025-01-29 13:25:05,810 INFO c.h.h.t.HelmChartContainer - [test-hivemq-platform] [hivemq] [54e47bbf] INFO  - Shutting down extension system
2025-01-29 13:25:05,813 INFO c.h.h.t.HelmChartContainer - [test-hivemq-platform] [hivemq] [54e47bbf] INFO  - Stopping extension with id hivemq-dns-cluster-discovery
2025-01-29 13:25:05,814 INFO c.h.h.t.HelmChartContainer - [test-hivemq-platform] [hivemq] [54e47bbf] INFO  - Extension "DNS Cluster Discovery Extension" version 4.3.2 stopped successfully.
2025-01-29 13:25:05,814 INFO c.h.h.t.HelmChartContainer - [test-hivemq-platform] [hivemq] [54e47bbf] INFO  - Stopping extension with id hivemq-prometheus-extension
2025-01-29 13:25:05,819 INFO c.h.h.t.HelmChartContainer - [test-hivemq-platform] [hivemq] [54e47bbf] INFO  - Extension "Prometheus Monitoring Extension" version 4.0.12 stopped successfully.
2025-01-29 13:25:05,819 INFO c.h.h.t.HelmChartContainer - [test-hivemq-platform] [hivemq] [54e47bbf] INFO  - Stopping extension with id hivemq-allow-all-extension
2025-01-29 13:25:05,820 INFO c.h.h.t.HelmChartContainer - [test-hivemq-platform] [hivemq] [54e47bbf] INFO  - Extension "Allow All Extension" version 1.1.1 stopped successfully.
2025-01-29 13:25:08,086 INFO c.h.h.t.HelmChartContainer - [test-hivemq-platform] [hivemq] [54e47bbf] INFO  - Shutdown completed.
2025-01-29 13:25:08,432 INFO c.h.h.t.HelmChartContainer - [K3S] [stateful_set.go:466] "StatefulSet has been deleted" key="helmrestapiit/test-hivemq-platform"
2025-01-29 13:25:08,460 INFO c.h.h.t.HelmChartContainer - [test-hivemq-platform] [hivemq] [54e47bbf] INFO  - [HiveMQ Platform Operator Init App 1.7.0-SNAPSHOT] The HiveMQ Platform exited with code 143
2025-01-29 13:25:08,460 INFO c.h.h.t.HelmChartContainer - [test-hivemq-platform] [hivemq] [54e47bbf] INFO  - [HiveMQ Platform Operator Init App 1.7.0-SNAPSHOT] Stopping the REST API
2025-01-29 13:25:08,508 INFO c.h.h.t.HelmChartContainer - [test-hivemq-platform] [hivemq] [54e47bbf] INFO  - [HiveMQ Platform Operator Init App 1.7.0-SNAPSHOT] Shutdown complete
2025-01-29 13:25:08,968 INFO c.h.h.t.HelmChartContainer - [POD] test-hivemq-platform-0 [54e47bbf-6e5a-4a70-ac4d-31b389385604] in helmrestapiit was MODIFIED
2025-01-29 13:25:08,993 INFO c.h.h.t.HelmChartContainer - [K3S] [reconciler_common.go:162] "operationExecutor.UnmountVolume started for volume \"pod-info\" (UniqueName: \"kubernetes.io/configmap/54e47bbf-6e5a-4a70-ac4d-31b389385604-pod-info\") pod \"54e47bbf-6e5a-4a70-ac4d-31b389385604\" (UID: \"54e47bbf-6e5a-4a70-ac4d-31b389385604\") "
2025-01-29 13:25:08,993 INFO c.h.h.t.HelmChartContainer - [K3S] [reconciler_common.go:162] "operationExecutor.UnmountVolume started for volume \"kube-api-access-c95wc\" (UniqueName: \"kubernetes.io/projected/54e47bbf-6e5a-4a70-ac4d-31b389385604-kube-api-access-c95wc\") pod \"54e47bbf-6e5a-4a70-ac4d-31b389385604\" (UID: \"54e47bbf-6e5a-4a70-ac4d-31b389385604\") "
2025-01-29 13:25:08,994 INFO c.h.h.t.HelmChartContainer - [K3S] [reconciler_common.go:162] "operationExecutor.UnmountVolume started for volume \"operator-init\" (UniqueName: \"kubernetes.io/empty-dir/54e47bbf-6e5a-4a70-ac4d-31b389385604-operator-init\") pod \"54e47bbf-6e5a-4a70-ac4d-31b389385604\" (UID: \"54e47bbf-6e5a-4a70-ac4d-31b389385604\") "
2025-01-29 13:25:08,994 INFO c.h.h.t.HelmChartContainer - [K3S] [reconciler_common.go:162] "operationExecutor.UnmountVolume started for volume \"broker-configuration\" (UniqueName: \"kubernetes.io/configmap/54e47bbf-6e5a-4a70-ac4d-31b389385604-broker-configuration\") pod \"54e47bbf-6e5a-4a70-ac4d-31b389385604\" (UID: \"54e47bbf-6e5a-4a70-ac4d-31b389385604\") "
2025-01-29 13:25:09,093 INFO c.h.h.t.HelmChartContainer - [K3S] [reconciler_common.go:299] "Volume detached for volume \"pod-info\" (UniqueName: \"kubernetes.io/configmap/54e47bbf-6e5a-4a70-ac4d-31b389385604-pod-info\") on node \"4b5e7665a766\" DevicePath \"\""
2025-01-29 13:25:09,093 INFO c.h.h.t.HelmChartContainer - [K3S] [reconciler_common.go:299] "Volume detached for volume \"broker-configuration\" (UniqueName: \"kubernetes.io/configmap/54e47bbf-6e5a-4a70-ac4d-31b389385604-broker-configuration\") on node \"4b5e7665a766\" DevicePath \"\""
2025-01-29 13:25:09,093 INFO c.h.h.t.HelmChartContainer - [K3S] [reconciler_common.go:299] "Volume detached for volume \"kube-api-access-c95wc\" (UniqueName: \"kubernetes.io/projected/54e47bbf-6e5a-4a70-ac4d-31b389385604-kube-api-access-c95wc\") on node \"4b5e7665a766\" DevicePath \"\""
2025-01-29 13:25:09,093 INFO c.h.h.t.HelmChartContainer - [K3S] [reconciler_common.go:299] "Volume detached for volume \"operator-init\" (UniqueName: \"kubernetes.io/empty-dir/54e47bbf-6e5a-4a70-ac4d-31b389385604-operator-init\") on node \"4b5e7665a766\" DevicePath \"\""
2025-01-29 13:25:09,916 INFO c.h.h.t.HelmChartContainer - [K3S] [scope.go:117] "RemoveContainer" containerID="7714936e13edcf093e9c8e7c0e821cca449abd5a2f7311c6fecdd183905f5d91"
2025-01-29 13:25:09,930 INFO c.h.h.t.HelmChartContainer - [POD] test-hivemq-platform-0 [54e47bbf-6e5a-4a70-ac4d-31b389385604] in helmrestapiit was MODIFIED
2025-01-29 13:25:09,933 INFO c.h.h.t.HelmChartContainer - [POD] test-hivemq-platform-0 [54e47bbf-6e5a-4a70-ac4d-31b389385604] in helmrestapiit was DELETED
2025-01-29 13:25:10,020 INFO c.h.h.t.HelmChartContainer - [K3S] [scope.go:117] "RemoveContainer" containerID="86b75ea7183be96d01c02a45b24a1cc1954d7007b70e9bc3f50b9cfc5057bb99"
2025-01-29 13:25:10,285 INFO c.h.h.t.HelmChartContainer - [K3S] [kubelet_volumes.go:163] "Cleaned up orphaned pod volumes dir" podUID="54e47bbf-6e5a-4a70-ac4d-31b389385604" path="/var/lib/kubelet/pods/54e47bbf-6e5a-4a70-ac4d-31b389385604/volumes"
2025-01-29 13:25:13,745 INFO c.h.h.t.HelmChartContainer - Namespace 'helmrestapiit' deleted
2025-01-29 13:25:13,745 INFO c.h.h.t.HelmChartContainer - Release 'test-hivemq-platform' in namespace 'helmrestapiit' is uninstalled
2025-01-29 13:25:13,745 INFO c.h.h.t.HelmChartContainer - Uninstalling release 'test-hivemq-platform-operator' in namespace 'helmrestapiit-operator'...
2025-01-29 13:25:13,745 DEBUG c.h.h.t.HelmChartContainer - Executing helm command: /bin/helm --kubeconfig /etc/rancher/k3s/k3s.yaml uninstall test-hivemq-platform-operator  --wait --timeout 5m0s --cascade foreground --namespace helmrestapiit-operator
2025-01-29 13:25:13,910 INFO c.h.h.t.HelmChartContainer - [K3S] [replica_set.go:679] "Finished syncing" kind="ReplicaSet" key="helmrestapiit-operator/hivemq-test-hivemq-platform-operator-6966f96d65" duration="10.535987ms"
2025-01-29 13:25:13,914 INFO c.h.h.t.HelmChartContainer - [K3S] [replica_set.go:679] "Finished syncing" kind="ReplicaSet" key="helmrestapiit-operator/hivemq-test-hivemq-platform-operator-6966f96d65" duration="36.788µs"
2025-01-29 13:25:13,921 INFO c.h.h.t.HelmChartContainer - [POD] hivemq-test-hivemq-platform-operator-6966f96d65-sk9xx [8819f925-dfb0-42f5-a95b-7776bed653aa] in helmrestapiit-operator was MODIFIED
2025-01-29 13:25:13,946 INFO c.h.h.t.HelmChartContainer - [hivemq-test-hivemq-platform] [hivemq-platform-operator] [8819f925] 13:25:13.942 [application-shutdown-thread] INFO  c.h.p.o.HiveMQPlatformOperatorApplication - HiveMQ Platform Operator is stopping...
2025-01-29 13:25:13,948 INFO c.h.h.t.HelmChartContainer - [hivemq-test-hivemq-platform] [hivemq-platform-operator] [8819f925] 13:25:13.942 [application-shutdown-thread] INFO  i.javaoperatorsdk.operator.Operator - Operator SDK 4.9.7 is shutting down...
2025-01-29 13:25:13,951 INFO c.h.h.t.HelmChartContainer - [EVENT] Normal [Killing] Stopping container hivemq-platform-operator [helmrestapiit-operator:hivemq-test-hivemq-platform-operator-6966f96d65-sk9xx]
2025-01-29 13:25:13,951 INFO c.h.h.t.HelmChartContainer - Received Killing event for container hivemq-platform-operator in pod hivemq-test-hivemq-platform-operator-6966f96d65-sk9xx [8819f925-dfb0-42f5-a95b-7776bed653aa]
2025-01-29 13:25:13,951 INFO c.h.h.t.HelmChartContainer - Container [hivemq-test-hivemq-platform-operator-6966f96d65-sk9xx] [hivemq-platform-operator] [8819f925-dfb0-42f5-a95b-7776bed653aa] was terminated
2025-01-29 13:25:13,951 INFO c.h.h.t.HelmChartContainer - Stopped log watcher for hivemq-platform-operator in pod hivemq-test-hivemq-platform-operator-6966f96d65-sk9xx [8819f925-dfb0-42f5-a95b-7776bed653aa]
2025-01-29 13:25:13,956 INFO c.h.h.t.HelmChartContainer - [K3S] [replica_set.go:679] "Finished syncing" kind="ReplicaSet" key="helmrestapiit-operator/hivemq-test-hivemq-platform-operator-6966f96d65" duration="33.856035ms"
2025-01-29 13:25:13,956 INFO c.h.h.t.HelmChartContainer - [K3S] [replica_set.go:679] "Finished syncing" kind="ReplicaSet" key="helmrestapiit-operator/hivemq-test-hivemq-platform-operator-6966f96d65" duration="74.359µs"
2025-01-29 13:25:13,961 INFO c.h.h.t.HelmChartContainer - [EVENT] Warning [FailedToUpdateEndpoint] Failed to update endpoint helmrestapiit-operator/hivemq-platform-operator-test-hivemq-platform-operator: Operation cannot be fulfilled on endpoints "hivemq-platform-operator-test-hivemq-platform-operator": StorageError: invalid object, Code: 4, Key: /registry/services/endpoints/helmrestapiit-operator/hivemq-platform-operator-test-hivemq-platform-operator, ResourceVersion: 0, AdditionalErrorMsg: Precondition failed: UID in precondition: 3aca9a87-96e6-4546-91b6-e4eb81191660, UID in object meta:  [helmrestapiit-operator:hivemq-platform-operator-test-hivemq-platform-operator]
2025-01-29 13:25:14,574 INFO c.h.h.t.HelmChartContainer - [K3S] [replica_set.go:679] "Finished syncing" kind="ReplicaSet" key="helmrestapiit-operator/hivemq-test-hivemq-platform-operator-6966f96d65" duration="43.03µs"
2025-01-29 13:25:14,575 INFO c.h.h.t.HelmChartContainer - [POD] hivemq-test-hivemq-platform-operator-6966f96d65-sk9xx [8819f925-dfb0-42f5-a95b-7776bed653aa] in helmrestapiit-operator was MODIFIED
2025-01-29 13:25:14,738 INFO c.h.h.t.HelmChartContainer - [K3S] [reconciler_common.go:162] "operationExecutor.UnmountVolume started for volume \"kube-api-access-6rjs9\" (UniqueName: \"kubernetes.io/projected/8819f925-dfb0-42f5-a95b-7776bed653aa-kube-api-access-6rjs9\") pod \"8819f925-dfb0-42f5-a95b-7776bed653aa\" (UID: \"8819f925-dfb0-42f5-a95b-7776bed653aa\") "
2025-01-29 13:25:14,839 INFO c.h.h.t.HelmChartContainer - [K3S] [reconciler_common.go:299] "Volume detached for volume \"kube-api-access-6rjs9\" (UniqueName: \"kubernetes.io/projected/8819f925-dfb0-42f5-a95b-7776bed653aa-kube-api-access-6rjs9\") on node \"4b5e7665a766\" DevicePath \"\""
2025-01-29 13:25:14,932 INFO c.h.h.t.HelmChartContainer - [K3S] [scope.go:117] "RemoveContainer" containerID="8acb5cf67216874c541ed47cbab8897952994dc710466f92d6e1f5ab6c813866"
2025-01-29 13:25:14,935 INFO c.h.h.t.HelmChartContainer - [K3S] [scope.go:117] "RemoveContainer" containerID="8acb5cf67216874c541ed47cbab8897952994dc710466f92d6e1f5ab6c813866"
2025-01-29 13:25:14,945 INFO c.h.h.t.HelmChartContainer - [K3S] [replica_set.go:679] "Finished syncing" kind="ReplicaSet" key="helmrestapiit-operator/hivemq-test-hivemq-platform-operator-6966f96d65" duration="50.123µs"
2025-01-29 13:25:14,946 INFO c.h.h.t.HelmChartContainer - [POD] hivemq-test-hivemq-platform-operator-6966f96d65-sk9xx [8819f925-dfb0-42f5-a95b-7776bed653aa] in helmrestapiit-operator was MODIFIED
2025-01-29 13:25:14,947 INFO c.h.h.t.HelmChartContainer - [K3S] [replica_set.go:679] "Finished syncing" kind="ReplicaSet" key="helmrestapiit-operator/hivemq-test-hivemq-platform-operator-6966f96d65" duration="39.103µs"
2025-01-29 13:25:14,948 INFO c.h.h.t.HelmChartContainer - [POD] hivemq-test-hivemq-platform-operator-6966f96d65-sk9xx [8819f925-dfb0-42f5-a95b-7776bed653aa] in helmrestapiit-operator was DELETED
2025-01-29 13:25:14,959 INFO c.h.h.t.HelmChartContainer - [K3S] [replica_set.go:679] "Finished syncing" kind="ReplicaSet" key="helmrestapiit-operator/hivemq-test-hivemq-platform-operator-6966f96d65" duration="6.312µs"
2025-01-29 13:25:15,961 INFO c.h.h.t.HelmChartContainer - Deleting namespace 'helmrestapiit-operator'...
2025-01-29 13:25:16,285 INFO c.h.h.t.HelmChartContainer - [K3S] [kubelet_volumes.go:163] "Cleaned up orphaned pod volumes dir" podUID="8819f925-dfb0-42f5-a95b-7776bed653aa" path="/var/lib/kubelet/pods/8819f925-dfb0-42f5-a95b-7776bed653aa/volumes"
2025-01-29 13:25:18,670 INFO c.h.h.t.HelmChartContainer - [K3S] [namespace_controller.go:187] "Namespace has been deleted" namespace="helmrestapiit"
2025-01-29 13:25:21,178 INFO c.h.h.t.HelmChartContainer - Namespace 'helmrestapiit-operator' deleted
2025-01-29 13:25:21,178 INFO c.h.h.t.HelmChartContainer - Release 'test-hivemq-platform-operator' in namespace 'helmrestapiit-operator' is uninstalled
2025-01-29 13:25:21,896 INFO c.h.helmcharts.AbstractHelmChartIT - Removed unused containers:

2025-01-29 13:25:26,091 INFO c.h.h.t.HelmChartContainer - [K3S] [namespace_controller.go:187] "Namespace has been deleted" namespace="helmrestapiit-operator"
2025-01-29 13:25:29,629 INFO c.h.helmcharts.AbstractHelmChartIT - Removed unused snapshots:
Removing snapshot sha256:03af251906410714c5aef9fa705b63f6bbc39c4a5e787de7361eeb18886c2ed2
Removing snapshot sha256:0c46b3b43cce082ce5ec34ffc6c294e0417d17b9d1e6f366d114b6aadc4f96dc
Removing snapshot sha256:0ce761beee59082d6ed5bcebd3a805b8ddd9b3426b617e4809e7fb7c6587ffec
Removing snapshot sha256:0df91287303208332c8ff6ba40ae4710105201739addbfbddfb955f1ad593664
Removing snapshot sha256:1021ef88c7974bfff89c5a0ec4fd3160daac6c48a075f74cff721f85dd104e68
Removing snapshot sha256:10aba4953ddc18145dd38e3704709bc464aa20af60b56fe52caaff4b68411e62
Removing snapshot sha256:2573e0d8158209ed54ab25c87bcdcb00bd3d2539246960a3d592a1c599d70465
Removing snapshot sha256:28949a393ce844c6bddc1c54bd13efe3c3fe76d30699627cd2f6c77aa3f86bf3
Removing snapshot sha256:362a8a37f8bbc31925a8146adcf7cf51f9882f5c1dcbef67c5baa03a297543c0
Removing snapshot sha256:43a7c979bbaba6838bc3102d6b10a1459f3ab050b87ccdfef84ef90cf43d3058
Removing snapshot sha256:4ab04491cdf0d3267f08206fe30bd48f49f94b9cab2f016d6739220f722a64af
Removing snapshot sha256:4b6068250e89c96f263060261819c7d912855bfbd64b3eb4c4a8483299b8c295
Removing snapshot sha256:580e69a0a8034ede1921139bbd2bfb72a69ebf276d008281896c32dd8bf74775
Removing snapshot sha256:5d30ba46b27fe37484567ccc5242cadc78217b8da605f3f195ef25cbf7487904
Removing snapshot sha256:63ca1fbb43ae5034640e5e6cb3e083e05c290072c5366fcaa9d62435a4cced85
Removing snapshot sha256:67f702c6baae873bceb19487c8b1f27bd2b86077e4f2f0e480e6d60ab508b8f5
Removing snapshot sha256:6864348dd42806d552efdec384f1274be15e2d0c10ce44c1f04347af004c10a9
Removing snapshot sha256:6c7dee8f2c39b84b7dc2711c01d33de93514d9055499173e9290176fbe484b6c
Removing snapshot sha256:70a7599a2d7a3259afa42f29abef20d42e0c7ece44c099427783d5b0fd89fc08
Removing snapshot sha256:82753493a6d61ded36556292f02f31841a14c20d2f279f19eaad65afb661d5cd
Removing snapshot sha256:8a10d3db42c505ee0fcfa98417bdd7e39b304f6bcc0a06bb1b220797ff2cc63c
Removing snapshot sha256:a21e5b12dbac529ad45d976eb9ce45c881f3bedcc500fb30aba1e52aa1813418
Removing snapshot sha256:b921e6c28969094157f9b8e7244677780319637afd14450b7cb6b2fdea558a0c
Removing snapshot sha256:bc27ecb5769a00e309cf99ebc763c4a4b958b618d1decc96ffac5bc05f02f5b7
Removing snapshot sha256:be3ccb6627a5332e309d45ef461d09b4879dd870c7394d89323d0ebc6ca6aa8a
Removing snapshot sha256:c261f7cbbc64211ee175ee47273acdb7b1a36a4450b397a064a8f2c026490095
Removing snapshot sha256:c34d9393647eea0c9e3557ab988efaf59f61d10a2a5613b439ef0958cca5ec10
Removing snapshot sha256:ccf3c4a0fa967a41c1c83497a2ce6fa5787965859df0adb32c4ca2cf7490bc2b
Removing snapshot sha256:cf92d33f869417309692088c341cd0f223c178ea78a125f757317b22aa8f90e9
Removing snapshot sha256:d0037344cf2fb078884f1849f6a1f8cf9a33a3b6139b6a85833e5ee528e1f9a8
Removing snapshot sha256:d3b36d5b79273b1e98e7700470eaeff05a882e777124d84cebcc1505b85ecb36
Removing snapshot sha256:d65a44a37914602d12c611e5e22a50f11451d847e63015cc1c2aef92dee777a4
Removing snapshot sha256:e2dc0bae2455930f23ae570e019b7f32edc75c0f2d71cab084db837ff9051796
Removing snapshot sha256:eccbd24a99c60cd9e86ee5305dbfc4a4dc89f5ab4fb1f06c8d64797cecedef34
Removing snapshot sha256:f144bb4c7c7f0d2aa7eeffd36d934ec40db1ee167be727e326aad9fdc616f475

]]></system-out>
  </testcase>
  <testcase name="platformChart_whenRestApiEnabled_thenCallsEndpoint()" classname="com.hivemq.helmcharts.services.HelmRestApiIT" time="94.293">
    <system-out><![CDATA[2025-01-29 13:25:29,630 INFO c.h.h.t.HelmChartContainer - Creating namespace 'helmrestapiit-operator'...
2025-01-29 13:25:29,636 INFO c.h.h.t.HelmChartContainer - Namespace 'helmrestapiit-operator' created
2025-01-29 13:25:29,636 INFO c.h.h.t.HelmChartContainer - Creating namespace 'helmrestapiit'...
2025-01-29 13:25:29,642 INFO c.h.h.t.HelmChartContainer - Namespace 'helmrestapiit' created
2025-01-29 13:25:29,711 DEBUG c.h.h.t.HelmChartContainer - Executing helm command: /bin/helm --kubeconfig /etc/rancher/k3s/k3s.yaml install test-hivemq-platform-operator /charts/hivemq-platform-operator --wait --timeout 5m0s --set image.repository=docker.io/hivemq --set image.name=hivemq-platform-operator-test --set image.initImageName=hivemq-platform-operator-init-test --set image.tag=snapshot --set image.pullPolicy=Never --set logLevel=DEBUG --set resources.cpu=512m --namespace helmrestapiit-operator
2025-01-29 13:25:30,017 INFO c.h.h.t.HelmChartContainer - [K3S] [alloc.go:330] "allocated clusterIPs" service="helmrestapiit-operator/hivemq-platform-operator-test-hivemq-platform-operator" clusterIPs={"IPv4":"10.43.84.196"}
2025-01-29 13:25:30,042 INFO c.h.h.t.HelmChartContainer - [EVENT] Normal [ScalingReplicaSet] Scaled up replica set hivemq-test-hivemq-platform-operator-6966f96d65 from 0 to 1 [helmrestapiit-operator:hivemq-test-hivemq-platform-operator]
2025-01-29 13:25:30,042 INFO c.h.h.t.HelmChartContainer - [POD] hivemq-test-hivemq-platform-operator-6966f96d65-6q2h6 [85a152b0-4bf2-4567-b19e-a9e88fd05139] in helmrestapiit-operator was ADDED
2025-01-29 13:25:30,050 INFO c.h.h.t.HelmChartContainer - [EVENT] Normal [SuccessfulCreate] Created pod: hivemq-test-hivemq-platform-operator-6966f96d65-6q2h6 [helmrestapiit-operator:hivemq-test-hivemq-platform-operator-6966f96d65]
2025-01-29 13:25:30,051 INFO c.h.h.t.HelmChartContainer - [K3S] [replica_set.go:679] "Finished syncing" kind="ReplicaSet" key="helmrestapiit-operator/hivemq-test-hivemq-platform-operator-6966f96d65" duration="21.128903ms"
2025-01-29 13:25:30,056 INFO c.h.h.t.HelmChartContainer - [POD] hivemq-test-hivemq-platform-operator-6966f96d65-6q2h6 [85a152b0-4bf2-4567-b19e-a9e88fd05139] in helmrestapiit-operator was MODIFIED
2025-01-29 13:25:30,057 INFO c.h.h.t.HelmChartContainer - [K3S] [memory_manager.go:355] "RemoveStaleState removing state" podUID="8819f925-dfb0-42f5-a95b-7776bed653aa" containerName="hivemq-platform-operator"
2025-01-29 13:25:30,057 INFO c.h.h.t.HelmChartContainer - [K3S] [memory_manager.go:355] "RemoveStaleState removing state" podUID="54e47bbf-6e5a-4a70-ac4d-31b389385604" containerName="hivemq"
2025-01-29 13:25:30,063 INFO c.h.h.t.HelmChartContainer - [K3S] [replica_set.go:679] "Finished syncing" kind="ReplicaSet" key="helmrestapiit-operator/hivemq-test-hivemq-platform-operator-6966f96d65" duration="9.396275ms"
2025-01-29 13:25:30,069 INFO c.h.h.t.HelmChartContainer - [EVENT] Normal [Scheduled] Successfully assigned helmrestapiit-operator/hivemq-test-hivemq-platform-operator-6966f96d65-6q2h6 to 4b5e7665a766 [helmrestapiit-operator:hivemq-test-hivemq-platform-operator-6966f96d65-6q2h6]
2025-01-29 13:25:30,080 INFO c.h.h.t.HelmChartContainer - [POD] hivemq-test-hivemq-platform-operator-6966f96d65-6q2h6 [85a152b0-4bf2-4567-b19e-a9e88fd05139] in helmrestapiit-operator was MODIFIED
2025-01-29 13:25:30,083 INFO c.h.h.t.HelmChartContainer - [K3S] [replica_set.go:679] "Finished syncing" kind="ReplicaSet" key="helmrestapiit-operator/hivemq-test-hivemq-platform-operator-6966f96d65" duration="21.656476ms"
2025-01-29 13:25:30,083 INFO c.h.h.t.HelmChartContainer - [K3S] [replica_set.go:679] "Finished syncing" kind="ReplicaSet" key="helmrestapiit-operator/hivemq-test-hivemq-platform-operator-6966f96d65" duration="37.79µs"
2025-01-29 13:25:30,229 INFO c.h.h.t.HelmChartContainer - [K3S] [reconciler_common.go:251] "operationExecutor.VerifyControllerAttachedVolume started for volume \"kube-api-access-ghhwc\" (UniqueName: \"kubernetes.io/projected/85a152b0-4bf2-4567-b19e-a9e88fd05139-kube-api-access-ghhwc\") pod \"hivemq-test-hivemq-platform-operator-6966f96d65-6q2h6\" (UID: \"85a152b0-4bf2-4567-b19e-a9e88fd05139\") " pod="helmrestapiit-operator/hivemq-test-hivemq-platform-operator-6966f96d65-6q2h6"
2025-01-29 13:25:30,451 INFO c.h.h.t.HelmChartContainer - [EVENT] Normal [Pulled] Container image "docker.io/hivemq/hivemq-platform-operator-test:snapshot" already present on machine [helmrestapiit-operator:hivemq-test-hivemq-platform-operator-6966f96d65-6q2h6]
2025-01-29 13:25:30,452 INFO c.h.h.t.HelmChartContainer - Received Pulled event for container hivemq-platform-operator in pod hivemq-test-hivemq-platform-operator-6966f96d65-6q2h6 [85a152b0-4bf2-4567-b19e-a9e88fd05139]
2025-01-29 13:25:31,689 INFO c.h.h.t.HelmChartContainer - [EVENT] Normal [Created] Created container: hivemq-platform-operator [helmrestapiit-operator:hivemq-test-hivemq-platform-operator-6966f96d65-6q2h6]
2025-01-29 13:25:31,689 INFO c.h.h.t.HelmChartContainer - Received Created event for container hivemq-platform-operator in pod hivemq-test-hivemq-platform-operator-6966f96d65-6q2h6 [85a152b0-4bf2-4567-b19e-a9e88fd05139]
2025-01-29 13:25:31,970 INFO c.h.h.t.HelmChartContainer - [POD] hivemq-test-hivemq-platform-operator-6966f96d65-6q2h6 [85a152b0-4bf2-4567-b19e-a9e88fd05139] in helmrestapiit-operator was MODIFIED
2025-01-29 13:25:31,971 INFO c.h.h.t.HelmChartContainer - [K3S] [replica_set.go:679] "Finished syncing" kind="ReplicaSet" key="helmrestapiit-operator/hivemq-test-hivemq-platform-operator-6966f96d65" duration="46.617µs"
2025-01-29 13:25:31,980 INFO c.h.h.t.HelmChartContainer - Started log watcher for hivemq-platform-operator in pod hivemq-test-hivemq-platform-operator-6966f96d65-6q2h6 [85a152b0-4bf2-4567-b19e-a9e88fd05139]
2025-01-29 13:25:31,980 INFO c.h.h.t.HelmChartContainer - [EVENT] Normal [Started] Started container hivemq-platform-operator [helmrestapiit-operator:hivemq-test-hivemq-platform-operator-6966f96d65-6q2h6]
2025-01-29 13:25:31,980 INFO c.h.h.t.HelmChartContainer - Received Started event for container hivemq-platform-operator in pod hivemq-test-hivemq-platform-operator-6966f96d65-6q2h6 [85a152b0-4bf2-4567-b19e-a9e88fd05139]
2025-01-29 13:25:31,981 INFO c.h.h.t.HelmChartContainer - [hivemq-test-hivemq-platform] [hivemq-platform-operator] [85a152b0] -------------------------------------------------------------------------
2025-01-29 13:25:31,981 INFO c.h.h.t.HelmChartContainer - [hivemq-test-hivemq-platform] [hivemq-platform-operator] [85a152b0] 
2025-01-29 13:25:31,981 INFO c.h.h.t.HelmChartContainer - [hivemq-test-hivemq-platform] [hivemq-platform-operator] [85a152b0]                   _    _  _              __  __   ____
2025-01-29 13:25:31,982 INFO c.h.h.t.HelmChartContainer - [hivemq-test-hivemq-platform] [hivemq-platform-operator] [85a152b0]                  | |  | |(_)            |  \/  | / __ \
2025-01-29 13:25:31,982 INFO c.h.h.t.HelmChartContainer - [hivemq-test-hivemq-platform] [hivemq-platform-operator] [85a152b0]                  | |__| | _ __   __ ___ | \  / || |  | |
2025-01-29 13:25:31,982 INFO c.h.h.t.HelmChartContainer - [hivemq-test-hivemq-platform] [hivemq-platform-operator] [85a152b0]                  |  __  || |\ \ / // _ \| |\/| || |  | |
2025-01-29 13:25:31,982 INFO c.h.h.t.HelmChartContainer - [hivemq-test-hivemq-platform] [hivemq-platform-operator] [85a152b0]                  | |  | || | \ V /|  __/| |  | || |__| |
2025-01-29 13:25:31,982 INFO c.h.h.t.HelmChartContainer - [hivemq-test-hivemq-platform] [hivemq-platform-operator] [85a152b0]                  |_|  |_||_|  \_/  \___||_|  |_| \___\_\
2025-01-29 13:25:31,982 INFO c.h.h.t.HelmChartContainer - [hivemq-test-hivemq-platform] [hivemq-platform-operator] [85a152b0] 
2025-01-29 13:25:31,982 INFO c.h.h.t.HelmChartContainer - [hivemq-test-hivemq-platform] [hivemq-platform-operator] [85a152b0] -------------------------------------------------------------------------
2025-01-29 13:25:31,982 INFO c.h.h.t.HelmChartContainer - [hivemq-test-hivemq-platform] [hivemq-platform-operator] [85a152b0] 
2025-01-29 13:25:31,982 INFO c.h.h.t.HelmChartContainer - [hivemq-test-hivemq-platform] [hivemq-platform-operator] [85a152b0]   HiveMQ Platform Operator Start Script v1.0
2025-01-29 13:25:31,982 INFO c.h.h.t.HelmChartContainer - [hivemq-test-hivemq-platform] [hivemq-platform-operator] [85a152b0] 
2025-01-29 13:25:31,982 INFO c.h.h.t.HelmChartContainer - [hivemq-test-hivemq-platform] [hivemq-platform-operator] [85a152b0] -------------------------------------------------------------------------
2025-01-29 13:25:31,982 INFO c.h.h.t.HelmChartContainer - [hivemq-test-hivemq-platform] [hivemq-platform-operator] [85a152b0] 
2025-01-29 13:25:31,982 INFO c.h.h.t.HelmChartContainer - [hivemq-test-hivemq-platform] [hivemq-platform-operator] [85a152b0]   JAVA_OPTS: -XX:+UnlockExperimentalVMOptions -XX:InitialRAMPercentage=75 -XX:MaxRAMPercentage=75 -Duser.language=en -Duser.region=US
2025-01-29 13:25:31,982 INFO c.h.h.t.HelmChartContainer - [hivemq-test-hivemq-platform] [hivemq-platform-operator] [85a152b0] 
2025-01-29 13:25:31,982 INFO c.h.h.t.HelmChartContainer - [hivemq-test-hivemq-platform] [hivemq-platform-operator] [85a152b0]   JAVA_VERSION: 21
2025-01-29 13:25:31,982 INFO c.h.h.t.HelmChartContainer - [hivemq-test-hivemq-platform] [hivemq-platform-operator] [85a152b0] 
2025-01-29 13:25:31,982 INFO c.h.h.t.HelmChartContainer - [hivemq-test-hivemq-platform] [hivemq-platform-operator] [85a152b0] -------------------------------------------------------------------------
2025-01-29 13:25:31,982 INFO c.h.h.t.HelmChartContainer - [hivemq-test-hivemq-platform] [hivemq-platform-operator] [85a152b0] 
2025-01-29 13:25:34,954 INFO c.h.h.t.HelmChartContainer - [hivemq-test-hivemq-platform] [hivemq-platform-operator] [85a152b0] 13:25:34.951 [main] DEBUG org.jboss.logging - Logging Provider: org.jboss.logging.Slf4jLoggerProvider
2025-01-29 13:25:35,125 INFO c.h.h.t.HelmChartContainer - [hivemq-test-hivemq-platform] [hivemq-platform-operator] [85a152b0] 13:25:35.123 [main] DEBUG io.smallrye.config - SRCFG01006: Loaded ConfigSource SysPropConfigSource with ordinal 400
2025-01-29 13:25:35,125 INFO c.h.h.t.HelmChartContainer - [hivemq-test-hivemq-platform] [hivemq-platform-operator] [85a152b0] 13:25:35.124 [main] DEBUG io.smallrye.config - SRCFG01006: Loaded ConfigSource EnvConfigSource with ordinal 300
2025-01-29 13:25:35,125 INFO c.h.h.t.HelmChartContainer - [hivemq-test-hivemq-platform] [hivemq-platform-operator] [85a152b0] 13:25:35.124 [main] DEBUG io.smallrye.config - SRCFG01006: Loaded ConfigSource PropertiesConfigSource[source=jar:file:///opt/hivemq-platform-operator/bin/hivemq-platform-operator.jar!/hivemq-platform-operator.properties] with ordinal 100
2025-01-29 13:25:35,126 INFO c.h.h.t.HelmChartContainer - [hivemq-test-hivemq-platform] [hivemq-platform-operator] [85a152b0] 13:25:35.124 [main] DEBUG io.smallrye.config - SRCFG01006: Loaded ConfigSource DefaultValuesConfigSource with ordinal -2147483648
2025-01-29 13:25:35,221 INFO c.h.h.t.HelmChartContainer - [hivemq-test-hivemq-platform] [hivemq-platform-operator] [85a152b0] 13:25:35.220 [main] DEBUG i.m.c.u.i.l.InternalLoggerFactory - Using SLF4J as the default logging framework
2025-01-29 13:25:35,350 INFO c.h.h.t.HelmChartContainer - [hivemq-test-hivemq-platform] [hivemq-platform-operator] [85a152b0] 13:25:35.326 [main] INFO  c.h.p.o.HiveMQPlatformOperatorApplication - HiveMQ Platform Operator 1.7.0-SNAPSHOT (commit: bebf408 on branch: HEAD) built on Sun Jan 26 20:47:47 UTC 2025
2025-01-29 13:25:35,351 INFO c.h.h.t.HelmChartContainer - [hivemq-test-hivemq-platform] [hivemq-platform-operator] [85a152b0] 13:25:35.350 [main] INFO  c.h.p.o.HiveMQPlatformOperatorApplication - HiveMQ Platform Operator is running in namespace: helmrestapiit-operator
2025-01-29 13:25:35,351 INFO c.h.h.t.HelmChartContainer - [hivemq-test-hivemq-platform] [hivemq-platform-operator] [85a152b0] 13:25:35.350 [main] INFO  c.h.p.o.HiveMQPlatformOperatorApplication - Watching all namespaces
2025-01-29 13:25:35,351 INFO c.h.h.t.HelmChartContainer - [hivemq-test-hivemq-platform] [hivemq-platform-operator] [85a152b0] 13:25:35.350 [main] INFO  c.h.p.o.HiveMQPlatformOperatorApplication - Log level: DEBUG
2025-01-29 13:25:35,351 INFO c.h.h.t.HelmChartContainer - [hivemq-test-hivemq-platform] [hivemq-platform-operator] [85a152b0] 13:25:35.350 [main] INFO  c.h.p.o.HiveMQPlatformOperatorApplication - Release name: test-hivemq-platform-operator
2025-01-29 13:25:35,351 INFO c.h.h.t.HelmChartContainer - [hivemq-test-hivemq-platform] [hivemq-platform-operator] [85a152b0] 13:25:35.350 [main] INFO  c.h.p.o.HiveMQPlatformOperatorApplication - HiveMQ Platform Operator Init image: docker.io/hivemq/hivemq-platform-operator-init-test:snapshot
2025-01-29 13:25:35,351 INFO c.h.h.t.HelmChartContainer - [hivemq-test-hivemq-platform] [hivemq-platform-operator] [85a152b0] 13:25:35.350 [main] INFO  c.h.p.o.HiveMQPlatformOperatorApplication - HiveMQ Platform Operator Init App update URL: http://hivemq-platform-operator-test-hivemq-platform-operator.helmrestapiit-operator.svc:8080/initAppUpdate/hivemq-platform-operator-init-app-1.7.0-SNAPSHOT.jar
2025-01-29 13:25:35,351 INFO c.h.h.t.HelmChartContainer - [hivemq-test-hivemq-platform] [hivemq-platform-operator] [85a152b0] 13:25:35.350 [main] INFO  c.h.p.o.HiveMQPlatformOperatorApplication - Additional imagePullSecret for all Platform deployments: none
2025-01-29 13:25:35,351 INFO c.h.h.t.HelmChartContainer - [hivemq-test-hivemq-platform] [hivemq-platform-operator] [85a152b0] 13:25:35.350 [main] INFO  c.h.p.o.HiveMQPlatformOperatorApplication - Apply HiveMQ Platform CRD: true
2025-01-29 13:25:35,351 INFO c.h.h.t.HelmChartContainer - [hivemq-test-hivemq-platform] [hivemq-platform-operator] [85a152b0] 13:25:35.350 [main] INFO  c.h.p.o.HiveMQPlatformOperatorApplication - Create Platform ServiceAccount: true
2025-01-29 13:25:35,351 INFO c.h.h.t.HelmChartContainer - [hivemq-test-hivemq-platform] [hivemq-platform-operator] [85a152b0] 13:25:35.350 [main] INFO  c.h.p.o.HiveMQPlatformOperatorApplication - Create Platform ServiceAccount permissions: true
2025-01-29 13:25:35,351 INFO c.h.h.t.HelmChartContainer - [hivemq-test-hivemq-platform] [hivemq-platform-operator] [85a152b0] 13:25:35.350 [main] INFO  c.h.p.o.HiveMQPlatformOperatorApplication - Validate Platform ServiceAccount: true
2025-01-29 13:25:35,351 INFO c.h.h.t.HelmChartContainer - [hivemq-test-hivemq-platform] [hivemq-platform-operator] [85a152b0] 13:25:35.350 [main] INFO  c.h.p.o.HiveMQPlatformOperatorApplication - Validate Platform ServiceAccount permissions: true
2025-01-29 13:25:35,534 INFO c.h.h.t.HelmChartContainer - [hivemq-test-hivemq-platform] [hivemq-platform-operator] [85a152b0] 13:25:35.533 [main] INFO  c.h.platform.operator.util.CRDUtil - Verifying deployed HiveMQ Platform CRD...
2025-01-29 13:25:37,927 INFO c.h.h.t.HelmChartContainer - [hivemq-test-hivemq-platform] [hivemq-platform-operator] [85a152b0] 13:25:37.925 [main] DEBUG c.h.platform.operator.util.CRDUtil - HiveMQ Platform CRD version v1 is up to date
2025-01-29 13:25:37,927 INFO c.h.h.t.HelmChartContainer - [hivemq-test-hivemq-platform] [hivemq-platform-operator] [85a152b0] 13:25:37.925 [main] INFO  c.h.platform.operator.util.CRDUtil - HiveMQ Platform CRD is up to date (version: V1_6_0)
2025-01-29 13:25:37,927 INFO c.h.h.t.HelmChartContainer - [hivemq-test-hivemq-platform] [hivemq-platform-operator] [85a152b0] 13:25:37.926 [main] INFO  c.h.platform.operator.util.CRDUtil - Waiting 10000 ms for HiveMQ Platform CRD 'hivemq-platforms.hivemq.com' to become ready...
2025-01-29 13:25:38,152 INFO c.h.h.t.HelmChartContainer - [hivemq-test-hivemq-platform] [hivemq-platform-operator] [85a152b0] 13:25:38.151 [vert.x-eventloop-thread-1] DEBUG c.h.platform.operator.util.CRDUtil - Checking CRD condition 'NamesAccepted' (status: 'True')
2025-01-29 13:25:38,153 INFO c.h.h.t.HelmChartContainer - [hivemq-test-hivemq-platform] [hivemq-platform-operator] [85a152b0] 13:25:38.151 [vert.x-eventloop-thread-1] DEBUG c.h.platform.operator.util.CRDUtil - Checking CRD condition 'Established' (status: 'True')
2025-01-29 13:25:38,153 INFO c.h.h.t.HelmChartContainer - [hivemq-test-hivemq-platform] [hivemq-platform-operator] [85a152b0] 13:25:38.152 [main] INFO  c.h.platform.operator.util.CRDUtil - HiveMQ Platform CRD 'hivemq-platforms.hivemq.com' is ready
2025-01-29 13:25:38,259 INFO c.h.h.t.HelmChartContainer - [hivemq-test-hivemq-platform] [hivemq-platform-operator] [85a152b0] 13:25:38.258 [main] INFO  c.h.p.o.HiveMQPlatformReconciler - HiveMQ Platform Operator is starting...
2025-01-29 13:25:38,358 INFO c.h.h.t.HelmChartContainer - [hivemq-test-hivemq-platform] [hivemq-platform-operator] [85a152b0] 13:25:38.357 [main] WARN  Default ConfigurationService implementation - Configuration for reconciler 'hivemq-controller' was not found. Known reconcilers: None.
2025-01-29 13:25:38,427 INFO c.h.h.t.HelmChartContainer - [hivemq-test-hivemq-platform] [hivemq-platform-operator] [85a152b0] 13:25:38.425 [main] INFO  Default ConfigurationService implementation - Created configuration for reconciler com.hivemq.platform.operator.HiveMQPlatformReconciler with name hivemq-controller
2025-01-29 13:25:38,527 INFO c.h.h.t.HelmChartContainer - [hivemq-test-hivemq-platform] [hivemq-platform-operator] [85a152b0] 13:25:38.526 [main] DEBUG c.h.p.o.HiveMQPlatformReconciler - HiveMQ Platform Operator is preparing EventSources
2025-01-29 13:25:38,552 INFO c.h.h.t.HelmChartContainer - [hivemq-test-hivemq-platform] [hivemq-platform-operator] [85a152b0] 13:25:38.551 [main] INFO  i.javaoperatorsdk.operator.Operator - Registered reconciler: 'hivemq-controller' for resource: 'class com.hivemq.platform.operator.v1.HiveMQPlatform' for namespace(s): [all namespaces]
2025-01-29 13:25:39,128 INFO c.h.h.t.HelmChartContainer - [hivemq-test-hivemq-platform] [hivemq-platform-operator] [85a152b0] 13:25:39.127 [main] INFO  c.h.p.operator.webserver.JettyServer - Starting Jetty server on port 8080
2025-01-29 13:25:39,231 INFO c.h.h.t.HelmChartContainer - [hivemq-test-hivemq-platform] [hivemq-platform-operator] [85a152b0] 13:25:39.230 [main] INFO  i.javaoperatorsdk.operator.Operator - Operator SDK 4.9.7 (commit: 2133d28) built on Wed Nov 20 12:56:20 UTC 2024 starting...
2025-01-29 13:25:39,231 INFO c.h.h.t.HelmChartContainer - [hivemq-test-hivemq-platform] [hivemq-platform-operator] [85a152b0] 13:25:39.230 [main] INFO  i.javaoperatorsdk.operator.Operator - Client version: 6.13.4
2025-01-29 13:25:39,248 INFO c.h.h.t.HelmChartContainer - [hivemq-test-hivemq-platform] [hivemq-platform-operator] [85a152b0] 13:25:39.246 [Controller Starter for: hivemq-controller] INFO  i.j.operator.processing.Controller - Starting 'hivemq-controller' controller for reconciler: com.hivemq.platform.operator.HiveMQPlatformReconciler, resource: com.hivemq.platform.operator.v1.HiveMQPlatform
2025-01-29 13:25:42,053 INFO c.h.h.t.HelmChartContainer - [hivemq-test-hivemq-platform] [hivemq-platform-operator] [85a152b0] 13:25:42.052 [Controller Starter for: hivemq-controller] INFO  i.j.operator.processing.Controller - 'hivemq-controller' controller started
2025-01-29 13:25:42,054 INFO c.h.h.t.HelmChartContainer - [hivemq-test-hivemq-platform] [hivemq-platform-operator] [85a152b0] 13:25:42.053 [main] INFO  c.h.p.o.HiveMQPlatformOperatorApplication - HiveMQ Platform Operator 1.7.0-SNAPSHOT started in 6726 ms
2025-01-29 13:25:42,978 INFO c.h.h.t.HelmChartContainer - [POD] hivemq-test-hivemq-platform-operator-6966f96d65-6q2h6 [85a152b0-4bf2-4567-b19e-a9e88fd05139] in helmrestapiit-operator was MODIFIED
2025-01-29 13:25:42,985 INFO c.h.h.t.HelmChartContainer - [K3S] [replica_set.go:679] "Finished syncing" kind="ReplicaSet" key="helmrestapiit-operator/hivemq-test-hivemq-platform-operator-6966f96d65" duration="10.04351ms"
2025-01-29 13:25:42,985 INFO c.h.h.t.HelmChartContainer - [K3S] [replica_set.go:679] "Finished syncing" kind="ReplicaSet" key="helmrestapiit-operator/hivemq-test-hivemq-platform-operator-6966f96d65" duration="40.034µs"
2025-01-29 13:25:44,158 DEBUG c.h.h.t.HelmChartContainer - Executing helm command: /bin/helm --kubeconfig /etc/rancher/k3s/k3s.yaml install test-hivemq-platform /charts/hivemq-platform --wait --timeout 5m0s --set image.repository=docker.io/hivemq --set image.tag=4.36.0 --set image.pullPolicy=Never --set nodes.resources.cpu=512m -f /files/rest-api-values.yaml --namespace helmrestapiit
2025-01-29 13:25:44,400 INFO c.h.h.t.HelmChartContainer - [hivemq-test-hivemq-platform] [hivemq-platform-operator] [85a152b0] 13:25:44.399 [-373097727-pool-1-thread-2] WARN  i.m.p.PrometheusMeterRegistry - The meter (MeterId{name='operator.sdk.events.received', tags=[tag(action=ADDED),tag(event=ResourceEvent),tag(group=hivemq.com),tag(kind=HiveMQPlatform),tag(name=test-hivemq-platform),tag(namespace=helmrestapiit),tag(scope=namespace),tag(version=v1)]}) registration has failed: Prometheus requires that all meters with the same name have the same set of tag keys. There is already an existing meter named 'operator.sdk.events.received' containing tag keys [event, group, kind, name, namespace, scope, version]. The meter you are attempting to register has keys [action, event, group, kind, name, namespace, scope, version]. Note that subsequent logs will be logged at debug level.
2025-01-29 13:25:44,863 INFO c.h.h.t.HelmChartContainer - [hivemq-test-hivemq-platform] [hivemq-platform-operator] [85a152b0] 13:25:44.861 [pool-6-thread-3] DEBUG c.h.p.o.dependants.PodInfoConfigMap - [helmrest] Desired PodInfo ConfigMap (1 extensions) (1 enabled)
2025-01-29 13:25:44,863 INFO c.h.h.t.HelmChartContainer - [hivemq-test-hivemq-platform] [hivemq-platform-operator] [85a152b0] 13:25:44.862 [pool-6-thread-3] DEBUG c.h.p.o.dependants.PodInfoConfigMap - [helmrest] Desired PodInfo ConfigMap (metrics port: 9399) (metrics path: /)
2025-01-29 13:25:44,864 INFO c.h.h.t.HelmChartContainer - [hivemq-test-hivemq-platform] [hivemq-platform-operator] [85a152b0] 13:25:44.862 [pool-6-thread-3] DEBUG c.h.p.o.dependants.PodInfoConfigMap - [helmrest] Desired PodInfo ConfigMap (extension state hash: -1817474005)
2025-01-29 13:25:44,947 INFO c.h.h.t.HelmChartContainer - [hivemq-test-hivemq-platform] [hivemq-platform-operator] [85a152b0] 13:25:44.946 [pool-6-thread-3] DEBUG c.h.p.o.dependants.PodInfoConfigMap - [helmrest] Create PodInfo ConfigMap
2025-01-29 13:25:45,048 INFO c.h.h.t.HelmChartContainer - [hivemq-test-hivemq-platform] [hivemq-platform-operator] [85a152b0] 13:25:45.045 [pool-6-thread-5] DEBUG c.h.p.o.dependants.PodRoleResource - [helmrest] Create Role: Role(apiVersion=rbac.authorization.k8s.io/v1, kind=Role, metadata=ObjectMeta(annotations={meta.helm.sh/release-name=test-hivemq-platform, meta.helm.sh/release-namespace=helmrestapiit}, creationTimestamp=null, deletionGracePeriodSeconds=null, deletionTimestamp=null, finalizers=[], generateName=null, generation=null, labels={helm.sh/chart=hivemq-platform-0.2.32, app.kubernetes.io/managed-by=Helm, app.kubernetes.io/name=hivemq-platform, hivemq-platform=test-hivemq-platform, app.kubernetes.io/instance=test-hivemq-platform, app.kubernetes.io/version=4.36.0}, managedFields=[], name=hivemq-platform-role-test-hivemq-platform, namespace=helmrestapiit, ownerReferences=[OwnerReference(apiVersion=hivemq.com/v1, blockOwnerDeletion=null, controller=null, kind=HiveMQPlatform, name=test-hivemq-platform, uid=34b5e4fc-f609-4cc0-974a-1bb4ab08518a, additionalProperties={})], resourceVersion=null, selfLink=null, uid=null, additionalProperties={}), rules=[PolicyRule(apiGroups=[], nonResourceURLs=[], resourceNames=[], resources=[pods], verbs=[get, patch, update], additionalProperties={})], additionalProperties={})
2025-01-29 13:25:45,154 INFO c.h.h.t.HelmChartContainer - [hivemq-test-hivemq-platform] [hivemq-platform-operator] [85a152b0] 13:25:45.152 [pool-6-thread-7] DEBUG c.h.p.o.d.PodServiceAccountResource - [helmrest] Desired PodServiceAccountResource (serviceAccountName: hivemq-platform-pod-test-hivemq-platform)
2025-01-29 13:25:45,155 INFO c.h.h.t.HelmChartContainer - [hivemq-test-hivemq-platform] [hivemq-platform-operator] [85a152b0] 13:25:45.153 [pool-6-thread-7] DEBUG c.h.p.o.d.PodServiceAccountResource - [helmrest] Create ServiceAccount 'hivemq-platform-pod-test-hivemq-platform'
2025-01-29 13:25:45,263 INFO c.h.h.t.HelmChartContainer - [hivemq-test-hivemq-platform] [hivemq-platform-operator] [85a152b0] 13:25:45.262 [pool-6-thread-9] DEBUG c.h.p.o.d.PodRoleBindingResource - [helmrest] Create RoleBinding: RoleBinding(apiVersion=rbac.authorization.k8s.io/v1, kind=RoleBinding, metadata=ObjectMeta(annotations={meta.helm.sh/release-name=test-hivemq-platform, meta.helm.sh/release-namespace=helmrestapiit}, creationTimestamp=null, deletionGracePeriodSeconds=null, deletionTimestamp=null, finalizers=[], generateName=null, generation=null, labels={helm.sh/chart=hivemq-platform-0.2.32, app.kubernetes.io/managed-by=Helm, app.kubernetes.io/name=hivemq-platform, hivemq-platform=test-hivemq-platform, app.kubernetes.io/instance=test-hivemq-platform, app.kubernetes.io/version=4.36.0}, managedFields=[], name=hivemq-platform-role-binding-test-hivemq-platform, namespace=helmrestapiit, ownerReferences=[OwnerReference(apiVersion=hivemq.com/v1, blockOwnerDeletion=null, controller=null, kind=HiveMQPlatform, name=test-hivemq-platform, uid=34b5e4fc-f609-4cc0-974a-1bb4ab08518a, additionalProperties={})], resourceVersion=null, selfLink=null, uid=null, additionalProperties={}), roleRef=RoleRef(apiGroup=rbac.authorization.k8s.io, kind=Role, name=hivemq-platform-role-test-hivemq-platform, additionalProperties={}), subjects=[Subject(apiGroup=null, kind=ServiceAccount, name=hivemq-platform-pod-test-hivemq-platform, namespace=helmrestapiit, additionalProperties={})], additionalProperties={})
2025-01-29 13:25:45,363 INFO c.h.h.t.HelmChartContainer - [hivemq-test-hivemq-platform] [hivemq-platform-operator] [85a152b0] 13:25:45.362 [ReconcilerExecutor-hivemq-controller-55] INFO  c.h.p.o.HiveMQPlatformReconciler - [helmrest] Reconciling HiveMQ Platform 'test-hivemq-platform' in namespace 'helmrestapiit'
2025-01-29 13:25:45,364 INFO c.h.h.t.HelmChartContainer - [hivemq-test-hivemq-platform] [hivemq-platform-operator] [85a152b0] 13:25:45.362 [ReconcilerExecutor-hivemq-controller-55] DEBUG c.h.p.o.HiveMQPlatformReconciler - [helmrest] Custom Resource Status CREATED - HiveMQ Platform was created (READY)
2025-01-29 13:25:45,364 INFO c.h.h.t.HelmChartContainer - [hivemq-test-hivemq-platform] [hivemq-platform-operator] [85a152b0] 13:25:45.362 [ReconcilerExecutor-hivemq-controller-55] DEBUG c.h.p.o.HiveMQPlatformReconciler - [helmrest] Custom Resource Spec (replicas: 1) (extensions: 1)
2025-01-29 13:25:45,367 INFO c.h.h.t.HelmChartContainer - [hivemq-test-hivemq-platform] [hivemq-platform-operator] [85a152b0] 13:25:45.366 [ReconcilerExecutor-hivemq-controller-55] INFO  c.h.p.o.h.HiveMQPlatformReconcilerBaseHandler - [helmrest] HiveMQ Platform is starting
2025-01-29 13:25:45,548 INFO c.h.h.t.HelmChartContainer - [hivemq-test-hivemq-platform] [hivemq-platform-operator] [85a152b0] 13:25:45.547 [ReconcilerExecutor-hivemq-controller-55] DEBUG c.h.p.operator.event.EventSender - [helmrest] Creating K8s event hivemq-platform-starting: [Start] HiveMQ Platform is starting
2025-01-29 13:25:45,557 INFO c.h.h.t.HelmChartContainer - [EVENT] Normal [Start] HiveMQ Platform is starting [helmrestapiit:test-hivemq-platform]
2025-01-29 13:25:45,562 INFO c.h.h.t.HelmChartContainer - [hivemq-test-hivemq-platform] [hivemq-platform-operator] [85a152b0] 13:25:45.561 [ReconcilerExecutor-hivemq-controller-55] INFO  c.h.p.o.h.AbstractHiveMQReconcilerStateHandler - [helmrest] Update HiveMQ Platform Status (CREATED [READY] -> STARTING [READY]): HiveMQ Platform is starting
2025-01-29 13:25:45,652 DEBUG com.hivemq.helmcharts.util.K8sUtil - Comparing actual state 'STARTING' and waiting for 'RUNNING'
2025-01-29 13:25:55,664 INFO c.h.h.t.HelmChartContainer - [hivemq-test-hivemq-platform] [hivemq-platform-operator] [85a152b0] 13:25:55.660 [pool-6-thread-12] DEBUG c.h.p.o.d.PlatformServiceResource - [helmrest] Desired Platform services (2 services)
2025-01-29 13:25:55,664 INFO c.h.h.t.HelmChartContainer - [hivemq-test-hivemq-platform] [hivemq-platform-operator] [85a152b0] 13:25:55.662 [pool-6-thread-13] DEBUG c.h.p.o.dependants.PodInfoConfigMap - [helmrest] Desired PodInfo ConfigMap (1 extensions) (1 enabled)
2025-01-29 13:25:55,664 INFO c.h.h.t.HelmChartContainer - [hivemq-test-hivemq-platform] [hivemq-platform-operator] [85a152b0] 13:25:55.662 [pool-6-thread-13] DEBUG c.h.p.o.dependants.PodInfoConfigMap - [helmrest] Desired PodInfo ConfigMap (metrics port: 9399) (metrics path: /)
2025-01-29 13:25:55,664 INFO c.h.h.t.HelmChartContainer - [hivemq-test-hivemq-platform] [hivemq-platform-operator] [85a152b0] 13:25:55.662 [pool-6-thread-13] DEBUG c.h.p.o.dependants.PodInfoConfigMap - [helmrest] Desired PodInfo ConfigMap (extension state hash: -1817474005)
2025-01-29 13:25:55,667 INFO c.h.h.t.HelmChartContainer - [hivemq-test-hivemq-platform] [hivemq-platform-operator] [85a152b0] 13:25:55.666 [pool-6-thread-17] DEBUG c.h.p.o.d.PodServiceAccountResource - [helmrest] Desired PodServiceAccountResource (serviceAccountName: hivemq-platform-pod-test-hivemq-platform)
2025-01-29 13:25:55,670 INFO c.h.h.t.HelmChartContainer - [hivemq-test-hivemq-platform] [hivemq-platform-operator] [85a152b0] 13:25:55.669 [pool-6-thread-13] DEBUG c.h.p.o.dependants.PodInfoConfigMap - [helmrest] Update PodInfo ConfigMap
2025-01-29 13:25:55,678 INFO c.h.h.t.HelmChartContainer - [K3S] [alloc.go:330] "allocated clusterIPs" service="helmrestapiit/hivemq-test-hivemq-platform-rest-8890" clusterIPs={"IPv4":"10.43.230.173"}
2025-01-29 13:25:55,754 INFO c.h.h.t.HelmChartContainer - [K3S] [alloc.go:330] "allocated clusterIPs" service="helmrestapiit/hivemq-test-hivemq-platform-metrics-9399" clusterIPs={"IPv4":"10.43.118.111"}
2025-01-29 13:25:55,848 INFO c.h.h.t.HelmChartContainer - [hivemq-test-hivemq-platform] [hivemq-platform-operator] [85a152b0] 13:25:55.847 [pool-6-thread-20] DEBUG c.h.p.o.d.StatefulSetResource - [helmrest] Desired StatefulSet (1 replicas) for status STARTING (READY)
2025-01-29 13:25:55,860 INFO c.h.h.t.HelmChartContainer - [hivemq-test-hivemq-platform] [hivemq-platform-operator] [85a152b0] 13:25:55.859 [pool-6-thread-20] DEBUG c.h.p.o.d.StatefulSetResource - [helmrest] Create StatefulSet
2025-01-29 13:25:55,957 INFO c.h.h.t.HelmChartContainer - [hivemq-test-hivemq-platform] [hivemq-platform-operator] [85a152b0] 13:25:55.956 [ReconcilerExecutor-hivemq-controller-66] INFO  c.h.p.o.HiveMQPlatformReconciler - [helmrest] Reconciling HiveMQ Platform 'test-hivemq-platform' in namespace 'helmrestapiit'
2025-01-29 13:25:55,959 INFO c.h.h.t.HelmChartContainer - [hivemq-test-hivemq-platform] [hivemq-platform-operator] [85a152b0] 13:25:55.957 [ReconcilerExecutor-hivemq-controller-66] DEBUG c.h.p.o.HiveMQPlatformReconciler - [helmrest] Custom Resource Status STARTING - HiveMQ Platform is starting (READY)
2025-01-29 13:25:55,959 INFO c.h.h.t.HelmChartContainer - [hivemq-test-hivemq-platform] [hivemq-platform-operator] [85a152b0] 13:25:55.957 [ReconcilerExecutor-hivemq-controller-66] DEBUG c.h.p.o.HiveMQPlatformReconciler - [helmrest] Custom Resource Spec (replicas: 1) (extensions: 1)
2025-01-29 13:25:55,965 INFO c.h.h.t.HelmChartContainer - [hivemq-test-hivemq-platform] [hivemq-platform-operator] [85a152b0] 13:25:55.964 [ReconcilerExecutor-hivemq-controller-66] DEBUG c.h.p.o.HiveMQPlatformReconciler - [helmrest] StatefulSet Status (revision: null, replicas: 0, available: 0, ready: 0, current: 0, updated: 0)
2025-01-29 13:25:55,966 INFO c.h.h.t.HelmChartContainer - [hivemq-test-hivemq-platform] [hivemq-platform-operator] [85a152b0] 13:25:55.964 [ReconcilerExecutor-hivemq-controller-66] DEBUG c.h.p.o.HiveMQPlatformReconciler - [helmrest] StatefulSet Spec (replicas: 1, init containers: 1, containers: 1, volumes: 3)
2025-01-29 13:25:55,969 INFO c.h.h.t.HelmChartContainer - [hivemq-test-hivemq-platform] [hivemq-platform-operator] [85a152b0] 13:25:55.967 [ReconcilerExecutor-hivemq-controller-66] INFO  c.h.p.o.h.HiveMQPlatformReconcilerBaseHandler - [helmrest] HiveMQ Platform is starting, 0 of 1 replicas are ready
2025-01-29 13:25:55,973 INFO c.h.h.t.HelmChartContainer - [POD] test-hivemq-platform-0 [36eb870f-307a-4801-9531-5c3fb0682bc3] in helmrestapiit was ADDED
2025-01-29 13:25:55,974 INFO c.h.h.t.HelmChartContainer - [EVENT] Normal [SuccessfulCreate] create Pod test-hivemq-platform-0 in StatefulSet test-hivemq-platform successful [helmrestapiit:test-hivemq-platform]
2025-01-29 13:25:55,979 INFO c.h.h.t.HelmChartContainer - [EVENT] Normal [Scheduled] Successfully assigned helmrestapiit/test-hivemq-platform-0 to 4b5e7665a766 [helmrestapiit:test-hivemq-platform-0]
2025-01-29 13:25:55,979 INFO c.h.h.t.HelmChartContainer - [POD] test-hivemq-platform-0 [36eb870f-307a-4801-9531-5c3fb0682bc3] in helmrestapiit was MODIFIED
2025-01-29 13:25:55,984 INFO c.h.h.t.HelmChartContainer - [K3S] [reconciler_common.go:251] "operationExecutor.VerifyControllerAttachedVolume started for volume \"pod-info\" (UniqueName: \"kubernetes.io/configmap/36eb870f-307a-4801-9531-5c3fb0682bc3-pod-info\") pod \"test-hivemq-platform-0\" (UID: \"36eb870f-307a-4801-9531-5c3fb0682bc3\") " pod="helmrestapiit/test-hivemq-platform-0"
2025-01-29 13:25:55,984 INFO c.h.h.t.HelmChartContainer - [K3S] [reconciler_common.go:251] "operationExecutor.VerifyControllerAttachedVolume started for volume \"broker-configuration\" (UniqueName: \"kubernetes.io/configmap/36eb870f-307a-4801-9531-5c3fb0682bc3-broker-configuration\") pod \"test-hivemq-platform-0\" (UID: \"36eb870f-307a-4801-9531-5c3fb0682bc3\") " pod="helmrestapiit/test-hivemq-platform-0"
2025-01-29 13:25:55,984 INFO c.h.h.t.HelmChartContainer - [K3S] [reconciler_common.go:251] "operationExecutor.VerifyControllerAttachedVolume started for volume \"operator-init\" (UniqueName: \"kubernetes.io/empty-dir/36eb870f-307a-4801-9531-5c3fb0682bc3-operator-init\") pod \"test-hivemq-platform-0\" (UID: \"36eb870f-307a-4801-9531-5c3fb0682bc3\") " pod="helmrestapiit/test-hivemq-platform-0"
2025-01-29 13:25:55,984 INFO c.h.h.t.HelmChartContainer - [K3S] [reconciler_common.go:251] "operationExecutor.VerifyControllerAttachedVolume started for volume \"kube-api-access-7kq88\" (UniqueName: \"kubernetes.io/projected/36eb870f-307a-4801-9531-5c3fb0682bc3-kube-api-access-7kq88\") pod \"test-hivemq-platform-0\" (UID: \"36eb870f-307a-4801-9531-5c3fb0682bc3\") " pod="helmrestapiit/test-hivemq-platform-0"
2025-01-29 13:25:55,989 INFO c.h.h.t.HelmChartContainer - [POD] test-hivemq-platform-0 [36eb870f-307a-4801-9531-5c3fb0682bc3] in helmrestapiit was MODIFIED
2025-01-29 13:25:56,054 INFO c.h.h.t.HelmChartContainer - [hivemq-test-hivemq-platform] [hivemq-platform-operator] [85a152b0] 13:25:56.052 [pool-6-thread-22] DEBUG c.h.p.o.d.PlatformServiceResource - [helmrest] Desired Platform services (2 services)
2025-01-29 13:25:56,057 INFO c.h.h.t.HelmChartContainer - [hivemq-test-hivemq-platform] [hivemq-platform-operator] [85a152b0] 13:25:56.055 [pool-6-thread-23] DEBUG c.h.p.o.dependants.PodInfoConfigMap - [helmrest] Desired PodInfo ConfigMap (1 extensions) (1 enabled)
2025-01-29 13:25:56,057 INFO c.h.h.t.HelmChartContainer - [hivemq-test-hivemq-platform] [hivemq-platform-operator] [85a152b0] 13:25:56.055 [pool-6-thread-23] DEBUG c.h.p.o.dependants.PodInfoConfigMap - [helmrest] Desired PodInfo ConfigMap (metrics port: 9399) (metrics path: /)
2025-01-29 13:25:56,057 INFO c.h.h.t.HelmChartContainer - [hivemq-test-hivemq-platform] [hivemq-platform-operator] [85a152b0] 13:25:56.055 [pool-6-thread-23] DEBUG c.h.p.o.dependants.PodInfoConfigMap - [helmrest] Desired PodInfo ConfigMap (extension state hash: -1817474005)
2025-01-29 13:25:56,149 INFO c.h.h.t.HelmChartContainer - [hivemq-test-hivemq-platform] [hivemq-platform-operator] [85a152b0] 13:25:56.147 [pool-6-thread-27] DEBUG c.h.p.o.d.PodServiceAccountResource - [helmrest] Desired PodServiceAccountResource (serviceAccountName: hivemq-platform-pod-test-hivemq-platform)
2025-01-29 13:25:56,154 INFO c.h.h.t.HelmChartContainer - [hivemq-test-hivemq-platform] [hivemq-platform-operator] [85a152b0] 13:25:56.153 [pool-6-thread-30] DEBUG c.h.p.o.d.StatefulSetResource - [helmrest] Desired StatefulSet (1 replicas) for status STARTING (READY)
2025-01-29 13:25:56,246 INFO c.h.h.t.HelmChartContainer - [hivemq-test-hivemq-platform] [hivemq-platform-operator] [85a152b0] 13:25:56.245 [ReconcilerExecutor-hivemq-controller-77] INFO  c.h.p.o.HiveMQPlatformReconciler - [helmrest] Reconciling HiveMQ Platform 'test-hivemq-platform' in namespace 'helmrestapiit'
2025-01-29 13:25:56,246 INFO c.h.h.t.HelmChartContainer - [hivemq-test-hivemq-platform] [hivemq-platform-operator] [85a152b0] 13:25:56.245 [ReconcilerExecutor-hivemq-controller-77] DEBUG c.h.p.o.HiveMQPlatformReconciler - [helmrest] Custom Resource Status STARTING - HiveMQ Platform is starting (READY)
2025-01-29 13:25:56,246 INFO c.h.h.t.HelmChartContainer - [hivemq-test-hivemq-platform] [hivemq-platform-operator] [85a152b0] 13:25:56.245 [ReconcilerExecutor-hivemq-controller-77] DEBUG c.h.p.o.HiveMQPlatformReconciler - [helmrest] Custom Resource Spec (replicas: 1) (extensions: 1)
2025-01-29 13:25:56,250 INFO c.h.h.t.HelmChartContainer - [hivemq-test-hivemq-platform] [hivemq-platform-operator] [85a152b0] 13:25:56.249 [ReconcilerExecutor-hivemq-controller-77] DEBUG c.h.p.o.HiveMQPlatformReconciler - [helmrest] StatefulSet Status (revision: test-hivemq-platform-54dd684c8, replicas: 1, available: 0, ready: 0, current: 1, updated: 1)
2025-01-29 13:25:56,250 INFO c.h.h.t.HelmChartContainer - [hivemq-test-hivemq-platform] [hivemq-platform-operator] [85a152b0] 13:25:56.249 [ReconcilerExecutor-hivemq-controller-77] DEBUG c.h.p.o.HiveMQPlatformReconciler - [helmrest] StatefulSet Spec (replicas: 1, init containers: 1, containers: 1, volumes: 3)
2025-01-29 13:25:56,261 INFO c.h.h.t.HelmChartContainer - [hivemq-test-hivemq-platform] [hivemq-platform-operator] [85a152b0] 13:25:56.261 [ReconcilerExecutor-hivemq-controller-77] DEBUG c.h.p.o.h.HiveMQPlatformReconcilerErrorHandler - [helmrest] Pod 'test-hivemq-platform-0' phase Pending
2025-01-29 13:25:56,262 INFO c.h.h.t.HelmChartContainer - [hivemq-test-hivemq-platform] [hivemq-platform-operator] [85a152b0] 13:25:56.261 [ReconcilerExecutor-hivemq-controller-77] DEBUG c.h.p.o.h.HiveMQPlatformReconcilerErrorHandler - [helmrest] Pod 'test-hivemq-platform-0' condition 'PodReadyToStartContainers': False
2025-01-29 13:25:56,263 INFO c.h.h.t.HelmChartContainer - [hivemq-test-hivemq-platform] [hivemq-platform-operator] [85a152b0] 13:25:56.262 [ReconcilerExecutor-hivemq-controller-77] DEBUG c.h.p.o.h.HiveMQPlatformReconcilerErrorHandler - [helmrest] Pod 'test-hivemq-platform-0' condition 'Initialized': False
2025-01-29 13:25:56,263 INFO c.h.h.t.HelmChartContainer - [hivemq-test-hivemq-platform] [hivemq-platform-operator] [85a152b0] 13:25:56.262 [ReconcilerExecutor-hivemq-controller-77] DEBUG c.h.p.o.h.HiveMQPlatformReconcilerErrorHandler - [helmrest] Pod 'test-hivemq-platform-0' condition 'Ready': False
2025-01-29 13:25:56,263 INFO c.h.h.t.HelmChartContainer - [hivemq-test-hivemq-platform] [hivemq-platform-operator] [85a152b0] 13:25:56.262 [ReconcilerExecutor-hivemq-controller-77] DEBUG c.h.p.o.h.HiveMQPlatformReconcilerErrorHandler - [helmrest] Pod 'test-hivemq-platform-0' condition 'ContainersReady': False
2025-01-29 13:25:56,263 INFO c.h.h.t.HelmChartContainer - [hivemq-test-hivemq-platform] [hivemq-platform-operator] [85a152b0] 13:25:56.262 [ReconcilerExecutor-hivemq-controller-77] DEBUG c.h.p.o.h.HiveMQPlatformReconcilerErrorHandler - [helmrest] Pod 'test-hivemq-platform-0' condition 'PodScheduled': True
2025-01-29 13:25:56,264 INFO c.h.h.t.HelmChartContainer - [hivemq-test-hivemq-platform] [hivemq-platform-operator] [85a152b0] 13:25:56.263 [ReconcilerExecutor-hivemq-controller-77] DEBUG c.h.p.o.h.HiveMQPlatformReconcilerErrorHandler - [helmrest] Pod 'test-hivemq-platform-0' containerStatus 'hivemq' (started: false) (ready: false) (waiting: [PodInitializing] null)
2025-01-29 13:25:56,348 INFO c.h.h.t.HelmChartContainer - [hivemq-test-hivemq-platform] [hivemq-platform-operator] [85a152b0] 13:25:56.345 [ReconcilerExecutor-hivemq-controller-77] INFO  c.h.p.o.h.HiveMQPlatformReconcilerBaseHandler - [helmrest] HiveMQ Platform is starting, 0 of 1 replicas are ready
2025-01-29 13:25:56,357 INFO c.h.h.t.HelmChartContainer - [hivemq-test-hivemq-platform] [hivemq-platform-operator] [85a152b0] 13:25:56.356 [pool-6-thread-32] DEBUG c.h.p.o.d.PlatformServiceResource - [helmrest] Desired Platform services (2 services)
2025-01-29 13:25:56,361 INFO c.h.h.t.HelmChartContainer - [hivemq-test-hivemq-platform] [hivemq-platform-operator] [85a152b0] 13:25:56.360 [pool-6-thread-33] DEBUG c.h.p.o.dependants.PodInfoConfigMap - [helmrest] Desired PodInfo ConfigMap (1 extensions) (1 enabled)
2025-01-29 13:25:56,370 INFO c.h.h.t.HelmChartContainer - [hivemq-test-hivemq-platform] [hivemq-platform-operator] [85a152b0] 13:25:56.365 [pool-6-thread-33] DEBUG c.h.p.o.dependants.PodInfoConfigMap - [helmrest] Desired PodInfo ConfigMap (metrics port: 9399) (metrics path: /)
2025-01-29 13:25:56,370 INFO c.h.h.t.HelmChartContainer - [hivemq-test-hivemq-platform] [hivemq-platform-operator] [85a152b0] 13:25:56.366 [pool-6-thread-33] DEBUG c.h.p.o.dependants.PodInfoConfigMap - [helmrest] Desired PodInfo ConfigMap (extension state hash: -1817474005)
2025-01-29 13:25:56,381 INFO c.h.h.t.HelmChartContainer - [EVENT] Normal [Pulled] Container image "docker.io/hivemq/hivemq-platform-operator-init-test:snapshot" already present on machine [helmrestapiit:test-hivemq-platform-0]
2025-01-29 13:25:56,446 INFO c.h.h.t.HelmChartContainer - [hivemq-test-hivemq-platform] [hivemq-platform-operator] [85a152b0] 13:25:56.445 [pool-6-thread-37] DEBUG c.h.p.o.d.PodServiceAccountResource - [helmrest] Desired PodServiceAccountResource (serviceAccountName: hivemq-platform-pod-test-hivemq-platform)
2025-01-29 13:25:56,454 INFO c.h.h.t.HelmChartContainer - [hivemq-test-hivemq-platform] [hivemq-platform-operator] [85a152b0] 13:25:56.452 [pool-6-thread-40] DEBUG c.h.p.o.d.StatefulSetResource - [helmrest] Desired StatefulSet (1 replicas) for status STARTING (READY)
2025-01-29 13:25:56,457 INFO c.h.h.t.HelmChartContainer - [hivemq-test-hivemq-platform] [hivemq-platform-operator] [85a152b0] 13:25:56.456 [ReconcilerExecutor-hivemq-controller-88] INFO  c.h.p.o.HiveMQPlatformReconciler - [helmrest] Reconciling HiveMQ Platform 'test-hivemq-platform' in namespace 'helmrestapiit'
2025-01-29 13:25:56,457 INFO c.h.h.t.HelmChartContainer - [hivemq-test-hivemq-platform] [hivemq-platform-operator] [85a152b0] 13:25:56.456 [ReconcilerExecutor-hivemq-controller-88] DEBUG c.h.p.o.HiveMQPlatformReconciler - [helmrest] Custom Resource Status STARTING - HiveMQ Platform is starting (READY)
2025-01-29 13:25:56,457 INFO c.h.h.t.HelmChartContainer - [hivemq-test-hivemq-platform] [hivemq-platform-operator] [85a152b0] 13:25:56.456 [ReconcilerExecutor-hivemq-controller-88] DEBUG c.h.p.o.HiveMQPlatformReconciler - [helmrest] Custom Resource Spec (replicas: 1) (extensions: 1)
2025-01-29 13:25:56,460 INFO c.h.h.t.HelmChartContainer - [hivemq-test-hivemq-platform] [hivemq-platform-operator] [85a152b0] 13:25:56.458 [ReconcilerExecutor-hivemq-controller-88] DEBUG c.h.p.o.HiveMQPlatformReconciler - [helmrest] StatefulSet Status (revision: test-hivemq-platform-54dd684c8, replicas: 1, available: 0, ready: 0, current: 1, updated: 1)
2025-01-29 13:25:56,461 INFO c.h.h.t.HelmChartContainer - [hivemq-test-hivemq-platform] [hivemq-platform-operator] [85a152b0] 13:25:56.458 [ReconcilerExecutor-hivemq-controller-88] DEBUG c.h.p.o.HiveMQPlatformReconciler - [helmrest] StatefulSet Spec (replicas: 1, init containers: 1, containers: 1, volumes: 3)
2025-01-29 13:25:56,462 INFO c.h.h.t.HelmChartContainer - [hivemq-test-hivemq-platform] [hivemq-platform-operator] [85a152b0] 13:25:56.460 [ReconcilerExecutor-hivemq-controller-88] DEBUG c.h.p.o.h.HiveMQPlatformReconcilerErrorHandler - [helmrest] Pod 'test-hivemq-platform-0' phase Pending
2025-01-29 13:25:56,462 INFO c.h.h.t.HelmChartContainer - [hivemq-test-hivemq-platform] [hivemq-platform-operator] [85a152b0] 13:25:56.460 [ReconcilerExecutor-hivemq-controller-88] DEBUG c.h.p.o.h.HiveMQPlatformReconcilerErrorHandler - [helmrest] Pod 'test-hivemq-platform-0' condition 'PodReadyToStartContainers': False
2025-01-29 13:25:56,464 INFO c.h.h.t.HelmChartContainer - [hivemq-test-hivemq-platform] [hivemq-platform-operator] [85a152b0] 13:25:56.460 [ReconcilerExecutor-hivemq-controller-88] DEBUG c.h.p.o.h.HiveMQPlatformReconcilerErrorHandler - [helmrest] Pod 'test-hivemq-platform-0' condition 'Initialized': False
2025-01-29 13:25:56,464 INFO c.h.h.t.HelmChartContainer - [hivemq-test-hivemq-platform] [hivemq-platform-operator] [85a152b0] 13:25:56.461 [ReconcilerExecutor-hivemq-controller-88] DEBUG c.h.p.o.h.HiveMQPlatformReconcilerErrorHandler - [helmrest] Pod 'test-hivemq-platform-0' condition 'Ready': False
2025-01-29 13:25:56,464 INFO c.h.h.t.HelmChartContainer - [hivemq-test-hivemq-platform] [hivemq-platform-operator] [85a152b0] 13:25:56.461 [ReconcilerExecutor-hivemq-controller-88] DEBUG c.h.p.o.h.HiveMQPlatformReconcilerErrorHandler - [helmrest] Pod 'test-hivemq-platform-0' condition 'ContainersReady': False
2025-01-29 13:25:56,464 INFO c.h.h.t.HelmChartContainer - [hivemq-test-hivemq-platform] [hivemq-platform-operator] [85a152b0] 13:25:56.461 [ReconcilerExecutor-hivemq-controller-88] DEBUG c.h.p.o.h.HiveMQPlatformReconcilerErrorHandler - [helmrest] Pod 'test-hivemq-platform-0' condition 'PodScheduled': True
2025-01-29 13:25:56,464 INFO c.h.h.t.HelmChartContainer - [hivemq-test-hivemq-platform] [hivemq-platform-operator] [85a152b0] 13:25:56.461 [ReconcilerExecutor-hivemq-controller-88] DEBUG c.h.p.o.h.HiveMQPlatformReconcilerErrorHandler - [helmrest] Pod 'test-hivemq-platform-0' containerStatus 'hivemq' (started: false) (ready: false) (waiting: [PodInitializing] null)
2025-01-29 13:25:56,464 INFO c.h.h.t.HelmChartContainer - [hivemq-test-hivemq-platform] [hivemq-platform-operator] [85a152b0] 13:25:56.461 [ReconcilerExecutor-hivemq-controller-88] INFO  c.h.p.o.h.HiveMQPlatformReconcilerBaseHandler - [helmrest] HiveMQ Platform is starting, 0 of 1 replicas are ready
2025-01-29 13:25:56,499 INFO c.h.h.t.HelmChartContainer - [EVENT] Normal [Created] Created container: hivemq-platform-operator-init [helmrestapiit:test-hivemq-platform-0]
2025-01-29 13:25:56,555 INFO c.h.h.t.HelmChartContainer - [EVENT] Normal [Started] Started container hivemq-platform-operator-init [helmrestapiit:test-hivemq-platform-0]
2025-01-29 13:25:57,030 INFO c.h.h.t.HelmChartContainer - [hivemq-test-hivemq-platform] [hivemq-platform-operator] [85a152b0] 13:25:57.019 [pool-6-thread-42] DEBUG c.h.p.o.d.PlatformServiceResource - [helmrest] Desired Platform services (2 services)
2025-01-29 13:25:57,030 INFO c.h.h.t.HelmChartContainer - [hivemq-test-hivemq-platform] [hivemq-platform-operator] [85a152b0] 13:25:57.025 [pool-6-thread-43] DEBUG c.h.p.o.dependants.PodInfoConfigMap - [helmrest] Desired PodInfo ConfigMap (1 extensions) (1 enabled)
2025-01-29 13:25:57,030 INFO c.h.h.t.HelmChartContainer - [hivemq-test-hivemq-platform] [hivemq-platform-operator] [85a152b0] 13:25:57.025 [pool-6-thread-43] DEBUG c.h.p.o.dependants.PodInfoConfigMap - [helmrest] Desired PodInfo ConfigMap (metrics port: 9399) (metrics path: /)
2025-01-29 13:25:57,030 INFO c.h.h.t.HelmChartContainer - [hivemq-test-hivemq-platform] [hivemq-platform-operator] [85a152b0] 13:25:57.025 [pool-6-thread-43] DEBUG c.h.p.o.dependants.PodInfoConfigMap - [helmrest] Desired PodInfo ConfigMap (extension state hash: -1817474005)
2025-01-29 13:25:57,034 INFO c.h.h.t.HelmChartContainer - [hivemq-test-hivemq-platform] [hivemq-platform-operator] [85a152b0] 13:25:57.031 [pool-6-thread-47] DEBUG c.h.p.o.d.PodServiceAccountResource - [helmrest] Desired PodServiceAccountResource (serviceAccountName: hivemq-platform-pod-test-hivemq-platform)
2025-01-29 13:25:57,034 INFO c.h.h.t.HelmChartContainer - [POD] test-hivemq-platform-0 [36eb870f-307a-4801-9531-5c3fb0682bc3] in helmrestapiit was MODIFIED
2025-01-29 13:25:57,052 INFO c.h.h.t.HelmChartContainer - [hivemq-test-hivemq-platform] [hivemq-platform-operator] [85a152b0] 13:25:57.050 [pool-6-thread-50] DEBUG c.h.p.o.d.StatefulSetResource - [helmrest] Desired StatefulSet (1 replicas) for status STARTING (READY)
2025-01-29 13:25:57,122 INFO c.h.h.t.HelmChartContainer - [hivemq-test-hivemq-platform] [hivemq-platform-operator] [85a152b0] 13:25:57.119 [ReconcilerExecutor-hivemq-controller-99] INFO  c.h.p.o.HiveMQPlatformReconciler - [helmrest] Reconciling HiveMQ Platform 'test-hivemq-platform' in namespace 'helmrestapiit'
2025-01-29 13:25:57,123 INFO c.h.h.t.HelmChartContainer - [hivemq-test-hivemq-platform] [hivemq-platform-operator] [85a152b0] 13:25:57.120 [ReconcilerExecutor-hivemq-controller-99] DEBUG c.h.p.o.HiveMQPlatformReconciler - [helmrest] Custom Resource Status STARTING - HiveMQ Platform is starting (READY)
2025-01-29 13:25:57,124 INFO c.h.h.t.HelmChartContainer - [hivemq-test-hivemq-platform] [hivemq-platform-operator] [85a152b0] 13:25:57.120 [ReconcilerExecutor-hivemq-controller-99] DEBUG c.h.p.o.HiveMQPlatformReconciler - [helmrest] Custom Resource Spec (replicas: 1) (extensions: 1)
2025-01-29 13:25:57,125 INFO c.h.h.t.HelmChartContainer - [hivemq-test-hivemq-platform] [hivemq-platform-operator] [85a152b0] 13:25:57.123 [ReconcilerExecutor-hivemq-controller-99] DEBUG c.h.p.o.HiveMQPlatformReconciler - [helmrest] StatefulSet Status (revision: test-hivemq-platform-54dd684c8, replicas: 1, available: 0, ready: 0, current: 1, updated: 1)
2025-01-29 13:25:57,126 INFO c.h.h.t.HelmChartContainer - [hivemq-test-hivemq-platform] [hivemq-platform-operator] [85a152b0] 13:25:57.123 [ReconcilerExecutor-hivemq-controller-99] DEBUG c.h.p.o.HiveMQPlatformReconciler - [helmrest] StatefulSet Spec (replicas: 1, init containers: 1, containers: 1, volumes: 3)
2025-01-29 13:25:57,128 INFO c.h.h.t.HelmChartContainer - [hivemq-test-hivemq-platform] [hivemq-platform-operator] [85a152b0] 13:25:57.127 [ReconcilerExecutor-hivemq-controller-99] DEBUG c.h.p.o.h.HiveMQPlatformReconcilerErrorHandler - [helmrest] Pod 'test-hivemq-platform-0' phase Pending
2025-01-29 13:25:57,129 INFO c.h.h.t.HelmChartContainer - [hivemq-test-hivemq-platform] [hivemq-platform-operator] [85a152b0] 13:25:57.127 [ReconcilerExecutor-hivemq-controller-99] DEBUG c.h.p.o.h.HiveMQPlatformReconcilerErrorHandler - [helmrest] Pod 'test-hivemq-platform-0' condition 'PodReadyToStartContainers': True
2025-01-29 13:25:57,130 INFO c.h.h.t.HelmChartContainer - [hivemq-test-hivemq-platform] [hivemq-platform-operator] [85a152b0] 13:25:57.127 [ReconcilerExecutor-hivemq-controller-99] DEBUG c.h.p.o.h.HiveMQPlatformReconcilerErrorHandler - [helmrest] Pod 'test-hivemq-platform-0' condition 'Initialized': False
2025-01-29 13:25:57,130 INFO c.h.h.t.HelmChartContainer - [hivemq-test-hivemq-platform] [hivemq-platform-operator] [85a152b0] 13:25:57.127 [ReconcilerExecutor-hivemq-controller-99] DEBUG c.h.p.o.h.HiveMQPlatformReconcilerErrorHandler - [helmrest] Pod 'test-hivemq-platform-0' condition 'Ready': False
2025-01-29 13:25:57,130 INFO c.h.h.t.HelmChartContainer - [hivemq-test-hivemq-platform] [hivemq-platform-operator] [85a152b0] 13:25:57.127 [ReconcilerExecutor-hivemq-controller-99] DEBUG c.h.p.o.h.HiveMQPlatformReconcilerErrorHandler - [helmrest] Pod 'test-hivemq-platform-0' condition 'ContainersReady': False
2025-01-29 13:25:57,130 INFO c.h.h.t.HelmChartContainer - [hivemq-test-hivemq-platform] [hivemq-platform-operator] [85a152b0] 13:25:57.128 [ReconcilerExecutor-hivemq-controller-99] DEBUG c.h.p.o.h.HiveMQPlatformReconcilerErrorHandler - [helmrest] Pod 'test-hivemq-platform-0' condition 'PodScheduled': True
2025-01-29 13:25:57,130 INFO c.h.h.t.HelmChartContainer - [hivemq-test-hivemq-platform] [hivemq-platform-operator] [85a152b0] 13:25:57.128 [ReconcilerExecutor-hivemq-controller-99] DEBUG c.h.p.o.h.HiveMQPlatformReconcilerErrorHandler - [helmrest] Pod 'test-hivemq-platform-0' containerStatus 'hivemq' (started: false) (ready: false) (waiting: [PodInitializing] null)
2025-01-29 13:25:57,130 INFO c.h.h.t.HelmChartContainer - [hivemq-test-hivemq-platform] [hivemq-platform-operator] [85a152b0] 13:25:57.129 [ReconcilerExecutor-hivemq-controller-99] INFO  c.h.p.o.h.HiveMQPlatformReconcilerBaseHandler - [helmrest] HiveMQ Platform is starting, 0 of 1 replicas are ready
2025-01-29 13:25:57,999 INFO c.h.h.t.HelmChartContainer - [EVENT] Normal [Pulled] Container image "docker.io/hivemq/hivemq4:4.36.0" already present on machine [helmrestapiit:test-hivemq-platform-0]
2025-01-29 13:25:57,999 INFO c.h.h.t.HelmChartContainer - Received Pulled event for container hivemq in pod test-hivemq-platform-0 [36eb870f-307a-4801-9531-5c3fb0682bc3]
2025-01-29 13:25:58,010 INFO c.h.h.t.HelmChartContainer - [POD] test-hivemq-platform-0 [36eb870f-307a-4801-9531-5c3fb0682bc3] in helmrestapiit was MODIFIED
2025-01-29 13:25:58,017 INFO c.h.h.t.HelmChartContainer - [hivemq-test-hivemq-platform] [hivemq-platform-operator] [85a152b0] 13:25:58.013 [pool-6-thread-3] DEBUG c.h.p.o.d.PlatformServiceResource - [helmrest] Desired Platform services (2 services)
2025-01-29 13:25:58,017 INFO c.h.h.t.HelmChartContainer - [hivemq-test-hivemq-platform] [hivemq-platform-operator] [85a152b0] 13:25:58.013 [pool-6-thread-6] DEBUG c.h.p.o.dependants.PodInfoConfigMap - [helmrest] Desired PodInfo ConfigMap (1 extensions) (1 enabled)
2025-01-29 13:25:58,017 INFO c.h.h.t.HelmChartContainer - [hivemq-test-hivemq-platform] [hivemq-platform-operator] [85a152b0] 13:25:58.014 [pool-6-thread-6] DEBUG c.h.p.o.dependants.PodInfoConfigMap - [helmrest] Desired PodInfo ConfigMap (metrics port: 9399) (metrics path: /)
2025-01-29 13:25:58,017 INFO c.h.h.t.HelmChartContainer - [hivemq-test-hivemq-platform] [hivemq-platform-operator] [85a152b0] 13:25:58.014 [pool-6-thread-6] DEBUG c.h.p.o.dependants.PodInfoConfigMap - [helmrest] Desired PodInfo ConfigMap (extension state hash: -1817474005)
2025-01-29 13:25:58,019 INFO c.h.h.t.HelmChartContainer - [hivemq-test-hivemq-platform] [hivemq-platform-operator] [85a152b0] 13:25:58.016 [pool-6-thread-6] DEBUG c.h.p.o.d.PodServiceAccountResource - [helmrest] Desired PodServiceAccountResource (serviceAccountName: hivemq-platform-pod-test-hivemq-platform)
2025-01-29 13:25:58,027 INFO c.h.h.t.HelmChartContainer - [hivemq-test-hivemq-platform] [hivemq-platform-operator] [85a152b0] 13:25:58.023 [pool-6-thread-3] DEBUG c.h.p.o.d.StatefulSetResource - [helmrest] Desired StatefulSet (1 replicas) for status STARTING (READY)
2025-01-29 13:25:58,053 INFO c.h.h.t.HelmChartContainer - [hivemq-test-hivemq-platform] [hivemq-platform-operator] [85a152b0] 13:25:58.047 [ReconcilerExecutor-hivemq-controller-110] INFO  c.h.p.o.HiveMQPlatformReconciler - [helmrest] Reconciling HiveMQ Platform 'test-hivemq-platform' in namespace 'helmrestapiit'
2025-01-29 13:25:58,053 INFO c.h.h.t.HelmChartContainer - [hivemq-test-hivemq-platform] [hivemq-platform-operator] [85a152b0] 13:25:58.047 [ReconcilerExecutor-hivemq-controller-110] DEBUG c.h.p.o.HiveMQPlatformReconciler - [helmrest] Custom Resource Status STARTING - HiveMQ Platform is starting (READY)
2025-01-29 13:25:58,053 INFO c.h.h.t.HelmChartContainer - [hivemq-test-hivemq-platform] [hivemq-platform-operator] [85a152b0] 13:25:58.047 [ReconcilerExecutor-hivemq-controller-110] DEBUG c.h.p.o.HiveMQPlatformReconciler - [helmrest] Custom Resource Spec (replicas: 1) (extensions: 1)
2025-01-29 13:25:58,053 INFO c.h.h.t.HelmChartContainer - [hivemq-test-hivemq-platform] [hivemq-platform-operator] [85a152b0] 13:25:58.049 [ReconcilerExecutor-hivemq-controller-110] DEBUG c.h.p.o.HiveMQPlatformReconciler - [helmrest] StatefulSet Status (revision: test-hivemq-platform-54dd684c8, replicas: 1, available: 0, ready: 0, current: 1, updated: 1)
2025-01-29 13:25:58,053 INFO c.h.h.t.HelmChartContainer - [hivemq-test-hivemq-platform] [hivemq-platform-operator] [85a152b0] 13:25:58.049 [ReconcilerExecutor-hivemq-controller-110] DEBUG c.h.p.o.HiveMQPlatformReconciler - [helmrest] StatefulSet Spec (replicas: 1, init containers: 1, containers: 1, volumes: 3)
2025-01-29 13:25:58,055 INFO c.h.h.t.HelmChartContainer - [hivemq-test-hivemq-platform] [hivemq-platform-operator] [85a152b0] 13:25:58.052 [ReconcilerExecutor-hivemq-controller-110] DEBUG c.h.p.o.h.HiveMQPlatformReconcilerErrorHandler - [helmrest] Pod 'test-hivemq-platform-0' phase Pending
2025-01-29 13:25:58,055 INFO c.h.h.t.HelmChartContainer - [hivemq-test-hivemq-platform] [hivemq-platform-operator] [85a152b0] 13:25:58.052 [ReconcilerExecutor-hivemq-controller-110] DEBUG c.h.p.o.h.HiveMQPlatformReconcilerErrorHandler - [helmrest] Pod 'test-hivemq-platform-0' condition 'PodReadyToStartContainers': True
2025-01-29 13:25:58,055 INFO c.h.h.t.HelmChartContainer - [hivemq-test-hivemq-platform] [hivemq-platform-operator] [85a152b0] 13:25:58.052 [ReconcilerExecutor-hivemq-controller-110] DEBUG c.h.p.o.h.HiveMQPlatformReconcilerErrorHandler - [helmrest] Pod 'test-hivemq-platform-0' condition 'Initialized': True
2025-01-29 13:25:58,055 INFO c.h.h.t.HelmChartContainer - [hivemq-test-hivemq-platform] [hivemq-platform-operator] [85a152b0] 13:25:58.052 [ReconcilerExecutor-hivemq-controller-110] DEBUG c.h.p.o.h.HiveMQPlatformReconcilerErrorHandler - [helmrest] Pod 'test-hivemq-platform-0' condition 'Ready': False
2025-01-29 13:25:58,055 INFO c.h.h.t.HelmChartContainer - [hivemq-test-hivemq-platform] [hivemq-platform-operator] [85a152b0] 13:25:58.052 [ReconcilerExecutor-hivemq-controller-110] DEBUG c.h.p.o.h.HiveMQPlatformReconcilerErrorHandler - [helmrest] Pod 'test-hivemq-platform-0' condition 'ContainersReady': False
2025-01-29 13:25:58,055 INFO c.h.h.t.HelmChartContainer - [hivemq-test-hivemq-platform] [hivemq-platform-operator] [85a152b0] 13:25:58.053 [ReconcilerExecutor-hivemq-controller-110] DEBUG c.h.p.o.h.HiveMQPlatformReconcilerErrorHandler - [helmrest] Pod 'test-hivemq-platform-0' condition 'PodScheduled': True
2025-01-29 13:25:58,055 INFO c.h.h.t.HelmChartContainer - [hivemq-test-hivemq-platform] [hivemq-platform-operator] [85a152b0] 13:25:58.053 [ReconcilerExecutor-hivemq-controller-110] DEBUG c.h.p.o.h.HiveMQPlatformReconcilerErrorHandler - [helmrest] Pod 'test-hivemq-platform-0' containerStatus 'hivemq' (started: false) (ready: false) (waiting: [PodInitializing] null)
2025-01-29 13:25:58,056 INFO c.h.h.t.HelmChartContainer - [hivemq-test-hivemq-platform] [hivemq-platform-operator] [85a152b0] 13:25:58.054 [ReconcilerExecutor-hivemq-controller-110] INFO  c.h.p.o.h.HiveMQPlatformReconcilerBaseHandler - [helmrest] HiveMQ Platform is starting, 0 of 1 replicas are ready
2025-01-29 13:25:59,058 INFO c.h.h.t.HelmChartContainer - [EVENT] Normal [Created] Created container: hivemq [helmrestapiit:test-hivemq-platform-0]
2025-01-29 13:25:59,058 INFO c.h.h.t.HelmChartContainer - Received Created event for container hivemq in pod test-hivemq-platform-0 [36eb870f-307a-4801-9531-5c3fb0682bc3]
2025-01-29 13:26:00,011 INFO c.h.h.t.HelmChartContainer - [POD] test-hivemq-platform-0 [36eb870f-307a-4801-9531-5c3fb0682bc3] in helmrestapiit was MODIFIED
2025-01-29 13:26:00,018 INFO c.h.h.t.HelmChartContainer - [hivemq-test-hivemq-platform] [hivemq-platform-operator] [85a152b0] 13:26:00.016 [pool-6-thread-16] DEBUG c.h.p.o.d.PlatformServiceResource - [helmrest] Desired Platform services (2 services)
2025-01-29 13:26:00,021 INFO c.h.h.t.HelmChartContainer - Started log watcher for hivemq in pod test-hivemq-platform-0 [36eb870f-307a-4801-9531-5c3fb0682bc3]
2025-01-29 13:26:00,022 INFO c.h.h.t.HelmChartContainer - [EVENT] Normal [Started] Started container hivemq [helmrestapiit:test-hivemq-platform-0]
2025-01-29 13:26:00,022 INFO c.h.h.t.HelmChartContainer - Received Started event for container hivemq in pod test-hivemq-platform-0 [36eb870f-307a-4801-9531-5c3fb0682bc3]
2025-01-29 13:26:00,023 INFO c.h.h.t.HelmChartContainer - [hivemq-test-hivemq-platform] [hivemq-platform-operator] [85a152b0] 13:26:00.021 [pool-6-thread-11] DEBUG c.h.p.o.dependants.PodInfoConfigMap - [helmrest] Desired PodInfo ConfigMap (1 extensions) (1 enabled)
2025-01-29 13:26:00,023 INFO c.h.h.t.HelmChartContainer - [hivemq-test-hivemq-platform] [hivemq-platform-operator] [85a152b0] 13:26:00.021 [pool-6-thread-11] DEBUG c.h.p.o.dependants.PodInfoConfigMap - [helmrest] Desired PodInfo ConfigMap (metrics port: 9399) (metrics path: /)
2025-01-29 13:26:00,023 INFO c.h.h.t.HelmChartContainer - [hivemq-test-hivemq-platform] [hivemq-platform-operator] [85a152b0] 13:26:00.021 [pool-6-thread-11] DEBUG c.h.p.o.dependants.PodInfoConfigMap - [helmrest] Desired PodInfo ConfigMap (extension state hash: -1817474005)
2025-01-29 13:26:00,024 INFO c.h.h.t.HelmChartContainer - [test-hivemq-platform] [hivemq] [36eb870f] Adding pre-installed HiveMQ Platform Operator extensions
2025-01-29 13:26:00,024 INFO c.h.h.t.HelmChartContainer - [test-hivemq-platform] [hivemq] [36eb870f] Running as user 10000
2025-01-29 13:26:00,024 INFO c.h.h.t.HelmChartContainer - [test-hivemq-platform] [hivemq] [36eb870f] Starting HiveMQ Platform Operator Init
2025-01-29 13:26:00,030 INFO c.h.h.t.HelmChartContainer - [hivemq-test-hivemq-platform] [hivemq-platform-operator] [85a152b0] 13:26:00.029 [pool-6-thread-19] DEBUG c.h.p.o.d.PodServiceAccountResource - [helmrest] Desired PodServiceAccountResource (serviceAccountName: hivemq-platform-pod-test-hivemq-platform)
2025-01-29 13:26:00,035 INFO c.h.h.t.HelmChartContainer - [hivemq-test-hivemq-platform] [hivemq-platform-operator] [85a152b0] 13:26:00.034 [pool-6-thread-16] DEBUG c.h.p.o.d.StatefulSetResource - [helmrest] Desired StatefulSet (1 replicas) for status STARTING (READY)
2025-01-29 13:26:00,038 INFO c.h.h.t.HelmChartContainer - [hivemq-test-hivemq-platform] [hivemq-platform-operator] [85a152b0] 13:26:00.038 [ReconcilerExecutor-hivemq-controller-111] INFO  c.h.p.o.HiveMQPlatformReconciler - [helmrest] Reconciling HiveMQ Platform 'test-hivemq-platform' in namespace 'helmrestapiit'
2025-01-29 13:26:00,039 INFO c.h.h.t.HelmChartContainer - [hivemq-test-hivemq-platform] [hivemq-platform-operator] [85a152b0] 13:26:00.038 [ReconcilerExecutor-hivemq-controller-111] DEBUG c.h.p.o.HiveMQPlatformReconciler - [helmrest] Custom Resource Status STARTING - HiveMQ Platform is starting (READY)
2025-01-29 13:26:00,039 INFO c.h.h.t.HelmChartContainer - [hivemq-test-hivemq-platform] [hivemq-platform-operator] [85a152b0] 13:26:00.038 [ReconcilerExecutor-hivemq-controller-111] DEBUG c.h.p.o.HiveMQPlatformReconciler - [helmrest] Custom Resource Spec (replicas: 1) (extensions: 1)
2025-01-29 13:26:00,048 INFO c.h.h.t.HelmChartContainer - [hivemq-test-hivemq-platform] [hivemq-platform-operator] [85a152b0] 13:26:00.046 [ReconcilerExecutor-hivemq-controller-111] DEBUG c.h.p.o.HiveMQPlatformReconciler - [helmrest] StatefulSet Status (revision: test-hivemq-platform-54dd684c8, replicas: 1, available: 0, ready: 0, current: 1, updated: 1)
2025-01-29 13:26:00,048 INFO c.h.h.t.HelmChartContainer - [hivemq-test-hivemq-platform] [hivemq-platform-operator] [85a152b0] 13:26:00.046 [ReconcilerExecutor-hivemq-controller-111] DEBUG c.h.p.o.HiveMQPlatformReconciler - [helmrest] StatefulSet Spec (replicas: 1, init containers: 1, containers: 1, volumes: 3)
2025-01-29 13:26:00,050 INFO c.h.h.t.HelmChartContainer - [hivemq-test-hivemq-platform] [hivemq-platform-operator] [85a152b0] 13:26:00.049 [ReconcilerExecutor-hivemq-controller-111] DEBUG c.h.p.o.h.HiveMQPlatformReconcilerErrorHandler - [helmrest] Pod 'test-hivemq-platform-0' phase Running
2025-01-29 13:26:00,052 INFO c.h.h.t.HelmChartContainer - [hivemq-test-hivemq-platform] [hivemq-platform-operator] [85a152b0] 13:26:00.051 [ReconcilerExecutor-hivemq-controller-111] INFO  c.h.p.o.h.HiveMQPlatformReconcilerBaseHandler - [helmrest] HiveMQ Platform is starting, 0 of 1 replicas are ready
2025-01-29 13:26:00,188 INFO c.h.h.t.HelmChartContainer - [test-hivemq-platform] [hivemq] [36eb870f] INFO  - [HiveMQ Platform Operator Init 1.7.0-SNAPSHOT] HiveMQ Platform Operator Init 1.7.0-SNAPSHOT (commit: bebf408 on branch: HEAD) built on Sun Jan 26 20:47:47 UTC 2025
2025-01-29 13:26:01,383 INFO c.h.h.t.HelmChartContainer - [test-hivemq-platform] [hivemq] [36eb870f] INFO  - [HiveMQ Platform Operator Init App 1.7.0-SNAPSHOT] Using bind address 10.42.0.15 from environment variable
2025-01-29 13:26:02,285 INFO c.h.h.t.HelmChartContainer - [test-hivemq-platform] [hivemq] [36eb870f] INFO  - [HiveMQ Platform Operator Init App 1.7.0-SNAPSHOT] HiveMQ Platform Operator Init App 1.7.0-SNAPSHOT (commit: bebf408 on branch: HEAD) built on Sun Jan 26 20:47:47 UTC 2025
2025-01-29 13:26:02,285 INFO c.h.h.t.HelmChartContainer - [test-hivemq-platform] [hivemq] [36eb870f] INFO  - [HiveMQ Platform Operator Init App 1.7.0-SNAPSHOT] PodInfo ConfigMap directory: /etc/podinfo
2025-01-29 13:26:02,285 INFO c.h.h.t.HelmChartContainer - [test-hivemq-platform] [hivemq] [36eb870f] INFO  - [HiveMQ Platform Operator Init App 1.7.0-SNAPSHOT] HiveMQ home directory: /opt/hivemq
2025-01-29 13:26:02,286 INFO c.h.h.t.HelmChartContainer - [test-hivemq-platform] [hivemq] [36eb870f] INFO  - [HiveMQ Platform Operator Init App 1.7.0-SNAPSHOT] HiveMQ Logback folder: /opt/hivemq/conf
2025-01-29 13:26:02,286 INFO c.h.h.t.HelmChartContainer - [test-hivemq-platform] [hivemq] [36eb870f] INFO  - [HiveMQ Platform Operator Init App 1.7.0-SNAPSHOT] HiveMQ Config folder: /opt/hivemq/conf-k8s
2025-01-29 13:26:02,287 INFO c.h.h.t.HelmChartContainer - [test-hivemq-platform] [hivemq] [36eb870f] INFO  - [HiveMQ Platform Operator Init App 1.7.0-SNAPSHOT] Starting HiveMQ Platform Operator Init App
2025-01-29 13:26:02,287 INFO c.h.h.t.HelmChartContainer - [test-hivemq-platform] [hivemq] [36eb870f] INFO  - [HiveMQ Platform Operator Init App 1.7.0-SNAPSHOT] Starting Pod reconciler
2025-01-29 13:26:03,395 INFO c.h.h.t.HelmChartContainer - [test-hivemq-platform] [hivemq] [36eb870f] INFO  - [HiveMQ Platform Operator Init App 1.7.0-SNAPSHOT] Pod reconciler is scheduled (interval: 5000 ms)
2025-01-29 13:26:03,397 INFO c.h.h.t.HelmChartContainer - [test-hivemq-platform] [hivemq] [36eb870f] INFO  - [HiveMQ Platform Operator Init App 1.7.0-SNAPSHOT] Starting the REST API on 10.42.0.15:7979
2025-01-29 13:26:03,399 INFO c.h.h.t.HelmChartContainer - [test-hivemq-platform] [hivemq] [36eb870f] INFO  - [HiveMQ Platform Operator Init App 1.7.0-SNAPSHOT] Waiting up to 600s for at most 1 HiveMQ nodes in cluster service hivemq-test-hivemq-platform-cluster.helmrestapiit.svc
2025-01-29 13:26:03,788 INFO c.h.h.t.HelmChartContainer - [test-hivemq-platform] [hivemq] [36eb870f] INFO  - [HiveMQ Platform Operator Init App 1.7.0-SNAPSHOT] Resolved 1 IP addresses: [10.42.0.15]
2025-01-29 13:26:03,788 INFO c.h.h.t.HelmChartContainer - [test-hivemq-platform] [hivemq] [36eb870f] INFO  - [HiveMQ Platform Operator Init App 1.7.0-SNAPSHOT] HiveMQ node count of 1 is within threshold of 1
2025-01-29 13:26:03,788 INFO c.h.h.t.HelmChartContainer - [test-hivemq-platform] [hivemq] [36eb870f] INFO  - [HiveMQ Platform Operator Init App 1.7.0-SNAPSHOT] Proceeding with container start
2025-01-29 13:26:03,882 INFO c.h.h.t.HelmChartContainer - [test-hivemq-platform] [hivemq] [36eb870f] INFO  - [HiveMQ Platform Operator Init App 1.7.0-SNAPSHOT] Initializing HiveMQ Platform extensions with initial configuration: {hivemq-allow-all-extension={start-priority=-1, skip-https-hostname-verification=false, restart=true, config-version=0, header-version=0, c-uri=, priority=-1, uri=preinstalled, skip-https-certificate-validation=false, enabled=true}, hivemq-prometheus-extension={request-header-path=no-request-headers, enabled=true, restart=true, priority=-1, start-priority=-1, c-uri=, skip-https-hostname-verification=false, skip-https-certificate-validation=false, uri=preinstalled}}
2025-01-29 13:26:04,381 INFO c.h.h.t.HelmChartContainer - [test-hivemq-platform] [hivemq] [36eb870f] INFO  - [HiveMQ Platform Operator Init App 1.7.0-SNAPSHOT] Extension hivemq-allow-all-extension was already enabled
2025-01-29 13:26:04,475 INFO c.h.h.t.HelmChartContainer - [test-hivemq-platform] [hivemq] [36eb870f] INFO  - [HiveMQ Platform Operator Init App 1.7.0-SNAPSHOT] Successfully enabled extension hivemq-prometheus-extension
2025-01-29 13:26:04,476 INFO c.h.h.t.HelmChartContainer - [test-hivemq-platform] [hivemq] [36eb870f] INFO  - [HiveMQ Platform Operator Init App 1.7.0-SNAPSHOT] Starting HiveMQ Platform version 4.36.0 (4.36.0)
2025-01-29 13:26:04,476 INFO c.h.h.t.HelmChartContainer - [test-hivemq-platform] [hivemq] [36eb870f] INFO  - [HiveMQ Platform Operator Init App 1.7.0-SNAPSHOT] Configuring the HiveMQ Platform
2025-01-29 13:26:04,487 INFO c.h.h.t.HelmChartContainer - [test-hivemq-platform] [hivemq] [36eb870f] INFO  - [HiveMQ Platform Operator Init App 1.7.0-SNAPSHOT] Changed logback.xml file scan period to 20 seconds
2025-01-29 13:26:04,579 INFO c.h.h.t.HelmChartContainer - [test-hivemq-platform] [hivemq] [36eb870f] INFO  - [HiveMQ Platform Operator Init App 1.7.0-SNAPSHOT] Starting the HiveMQ Platform
2025-01-29 13:26:04,582 INFO c.h.h.t.HelmChartContainer - [test-hivemq-platform] [hivemq] [36eb870f] -------------------------------------------------------------------------
2025-01-29 13:26:04,583 INFO c.h.h.t.HelmChartContainer - [test-hivemq-platform] [hivemq] [36eb870f] 
2025-01-29 13:26:04,583 INFO c.h.h.t.HelmChartContainer - [test-hivemq-platform] [hivemq] [36eb870f]                   _    _  _              __  __   ____
2025-01-29 13:26:04,583 INFO c.h.h.t.HelmChartContainer - [test-hivemq-platform] [hivemq] [36eb870f]                  | |  | |(_)            |  \/  | / __ \
2025-01-29 13:26:04,583 INFO c.h.h.t.HelmChartContainer - [test-hivemq-platform] [hivemq] [36eb870f]                  | |__| | _ __   __ ___ | \  / || |  | |
2025-01-29 13:26:04,583 INFO c.h.h.t.HelmChartContainer - [test-hivemq-platform] [hivemq] [36eb870f]                  |  __  || |\ \ / // _ \| |\/| || |  | |
2025-01-29 13:26:04,583 INFO c.h.h.t.HelmChartContainer - [test-hivemq-platform] [hivemq] [36eb870f]                  | |  | || | \ V /|  __/| |  | || |__| |
2025-01-29 13:26:04,583 INFO c.h.h.t.HelmChartContainer - [test-hivemq-platform] [hivemq] [36eb870f]                  |_|  |_||_|  \_/  \___||_|  |_| \___\_\
2025-01-29 13:26:04,583 INFO c.h.h.t.HelmChartContainer - [test-hivemq-platform] [hivemq] [36eb870f] 
2025-01-29 13:26:04,583 INFO c.h.h.t.HelmChartContainer - [test-hivemq-platform] [hivemq] [36eb870f] -------------------------------------------------------------------------
2025-01-29 13:26:04,583 INFO c.h.h.t.HelmChartContainer - [test-hivemq-platform] [hivemq] [36eb870f] 
2025-01-29 13:26:04,584 INFO c.h.h.t.HelmChartContainer - [test-hivemq-platform] [hivemq] [36eb870f]   HiveMQ Start Script for Linux/Unix v1.14
2025-01-29 13:26:04,584 INFO c.h.h.t.HelmChartContainer - [test-hivemq-platform] [hivemq] [36eb870f] 
2025-01-29 13:26:04,682 INFO c.h.h.t.HelmChartContainer - [test-hivemq-platform] [hivemq] [36eb870f] -------------------------------------------------------------------------
2025-01-29 13:26:04,683 INFO c.h.h.t.HelmChartContainer - [test-hivemq-platform] [hivemq] [36eb870f] 
2025-01-29 13:26:04,683 INFO c.h.h.t.HelmChartContainer - [test-hivemq-platform] [hivemq] [36eb870f]   HIVEMQ_HOME: /opt/hivemq
2025-01-29 13:26:04,683 INFO c.h.h.t.HelmChartContainer - [test-hivemq-platform] [hivemq] [36eb870f] 
2025-01-29 13:26:04,683 INFO c.h.h.t.HelmChartContainer - [test-hivemq-platform] [hivemq] [36eb870f]   JAVA_OPTS: -XX:+UnlockExperimentalVMOptions -XX:InitialRAMPercentage=50 -XX:MaxRAMPercentage=50 -Djava.net.preferIPv4Stack=true --add-opens java.base/java.lang=ALL-UNNAMED --add-opens java.base/java.nio=ALL-UNNAMED --add-opens java.base/sun.nio.ch=ALL-UNNAMED --add-opens jdk.management/com.sun.management.internal=ALL-UNNAMED --add-exports java.base/jdk.internal.misc=ALL-UNNAMED -Djava.security.egd=file:/dev/./urandom -Dcom.sun.management.jmxremote -Dcom.sun.management.jmxremote.port=9010 -Dcom.sun.management.jmxremote.local.only=false -Dcom.sun.management.jmxremote.authenticate=false -Dcom.sun.management.jmxremote.ssl=false -Duser.language=en -Duser.region=US -XX:+CrashOnOutOfMemoryError -XX:+HeapDumpOnOutOfMemoryError
2025-01-29 13:26:04,683 INFO c.h.h.t.HelmChartContainer - [test-hivemq-platform] [hivemq] [36eb870f] 
2025-01-29 13:26:04,683 INFO c.h.h.t.HelmChartContainer - [test-hivemq-platform] [hivemq] [36eb870f]   JAVA_VERSION: 21
2025-01-29 13:26:04,683 INFO c.h.h.t.HelmChartContainer - [test-hivemq-platform] [hivemq] [36eb870f] 
2025-01-29 13:26:04,683 INFO c.h.h.t.HelmChartContainer - [test-hivemq-platform] [hivemq] [36eb870f] -------------------------------------------------------------------------
2025-01-29 13:26:04,683 INFO c.h.h.t.HelmChartContainer - [test-hivemq-platform] [hivemq] [36eb870f] 
2025-01-29 13:26:06,086 INFO c.h.h.t.HelmChartContainer - [test-hivemq-platform] [hivemq] [36eb870f] INFO  - [HiveMQ Platform Operator Init App 1.7.0-SNAPSHOT] Returning default Health API response 503 for readiness
2025-01-29 13:26:06,389 INFO c.h.h.t.HelmChartContainer - [EVENT] Warning [Unhealthy] Readiness probe failed: HTTP probe failed with statuscode: 503 [helmrestapiit:test-hivemq-platform-0]
2025-01-29 13:26:06,389 INFO c.h.h.t.HelmChartContainer - Received Unhealthy event for container hivemq in pod test-hivemq-platform-0 [36eb870f-307a-4801-9531-5c3fb0682bc3]
2025-01-29 13:26:07,376 INFO c.h.h.t.HelmChartContainer - [test-hivemq-platform] [hivemq] [36eb870f] INFO  - Starting HiveMQ Enterprise Server
2025-01-29 13:26:07,382 INFO c.h.h.t.HelmChartContainer - [test-hivemq-platform] [hivemq] [36eb870f] INFO  - HiveMQ version: 4.36.0
2025-01-29 13:26:07,382 INFO c.h.h.t.HelmChartContainer - [test-hivemq-platform] [hivemq] [36eb870f] INFO  - HiveMQ home directory: /opt/hivemq
2025-01-29 13:26:07,382 INFO c.h.h.t.HelmChartContainer - [test-hivemq-platform] [hivemq] [36eb870f] INFO  - Log Configuration was overridden by /opt/hivemq/conf/logback.xml
2025-01-29 13:26:08,787 INFO c.h.h.t.HelmChartContainer - [test-hivemq-platform] [hivemq] [36eb870f] INFO  - Successfully loaded configuration from '/opt/hivemq/conf-k8s/config.xml'.
2025-01-29 13:26:09,477 INFO c.h.h.t.HelmChartContainer - [test-hivemq-platform] [hivemq] [36eb870f] INFO  - This node's ID is 23zFA
2025-01-29 13:26:09,478 INFO c.h.h.t.HelmChartContainer - [test-hivemq-platform] [hivemq] [36eb870f] INFO  - Clustering is enabled
2025-01-29 13:26:10,059 INFO c.h.h.t.HelmChartContainer - [hivemq-test-hivemq-platform] [hivemq-platform-operator] [85a152b0] 13:26:10.057 [pool-6-thread-27] DEBUG c.h.p.o.d.PlatformServiceResource - [helmrest] Desired Platform services (2 services)
2025-01-29 13:26:10,059 INFO c.h.h.t.HelmChartContainer - [hivemq-test-hivemq-platform] [hivemq-platform-operator] [85a152b0] 13:26:10.058 [pool-6-thread-22] DEBUG c.h.p.o.dependants.PodInfoConfigMap - [helmrest] Desired PodInfo ConfigMap (1 extensions) (1 enabled)
2025-01-29 13:26:10,059 INFO c.h.h.t.HelmChartContainer - [hivemq-test-hivemq-platform] [hivemq-platform-operator] [85a152b0] 13:26:10.058 [pool-6-thread-22] DEBUG c.h.p.o.dependants.PodInfoConfigMap - [helmrest] Desired PodInfo ConfigMap (metrics port: 9399) (metrics path: /)
2025-01-29 13:26:10,060 INFO c.h.h.t.HelmChartContainer - [hivemq-test-hivemq-platform] [hivemq-platform-operator] [85a152b0] 13:26:10.058 [pool-6-thread-22] DEBUG c.h.p.o.dependants.PodInfoConfigMap - [helmrest] Desired PodInfo ConfigMap (extension state hash: -1817474005)
2025-01-29 13:26:10,062 INFO c.h.h.t.HelmChartContainer - [hivemq-test-hivemq-platform] [hivemq-platform-operator] [85a152b0] 13:26:10.061 [pool-6-thread-25] DEBUG c.h.p.o.d.PodServiceAccountResource - [helmrest] Desired PodServiceAccountResource (serviceAccountName: hivemq-platform-pod-test-hivemq-platform)
2025-01-29 13:26:10,064 INFO c.h.h.t.HelmChartContainer - [hivemq-test-hivemq-platform] [hivemq-platform-operator] [85a152b0] 13:26:10.063 [pool-6-thread-22] DEBUG c.h.p.o.d.StatefulSetResource - [helmrest] Desired StatefulSet (1 replicas) for status STARTING (READY)
2025-01-29 13:26:10,068 INFO c.h.h.t.HelmChartContainer - [hivemq-test-hivemq-platform] [hivemq-platform-operator] [85a152b0] 13:26:10.067 [ReconcilerExecutor-hivemq-controller-112] INFO  c.h.p.o.HiveMQPlatformReconciler - [helmrest] Reconciling HiveMQ Platform 'test-hivemq-platform' in namespace 'helmrestapiit'
2025-01-29 13:26:10,069 INFO c.h.h.t.HelmChartContainer - [hivemq-test-hivemq-platform] [hivemq-platform-operator] [85a152b0] 13:26:10.067 [ReconcilerExecutor-hivemq-controller-112] DEBUG c.h.p.o.HiveMQPlatformReconciler - [helmrest] Custom Resource Status STARTING - HiveMQ Platform is starting (READY)
2025-01-29 13:26:10,069 INFO c.h.h.t.HelmChartContainer - [hivemq-test-hivemq-platform] [hivemq-platform-operator] [85a152b0] 13:26:10.067 [ReconcilerExecutor-hivemq-controller-112] DEBUG c.h.p.o.HiveMQPlatformReconciler - [helmrest] Custom Resource Spec (replicas: 1) (extensions: 1)
2025-01-29 13:26:10,069 INFO c.h.h.t.HelmChartContainer - [hivemq-test-hivemq-platform] [hivemq-platform-operator] [85a152b0] 13:26:10.068 [ReconcilerExecutor-hivemq-controller-112] DEBUG c.h.p.o.HiveMQPlatformReconciler - [helmrest] StatefulSet Status (revision: test-hivemq-platform-54dd684c8, replicas: 1, available: 0, ready: 0, current: 1, updated: 1)
2025-01-29 13:26:10,070 INFO c.h.h.t.HelmChartContainer - [hivemq-test-hivemq-platform] [hivemq-platform-operator] [85a152b0] 13:26:10.068 [ReconcilerExecutor-hivemq-controller-112] DEBUG c.h.p.o.HiveMQPlatformReconciler - [helmrest] StatefulSet Spec (replicas: 1, init containers: 1, containers: 1, volumes: 3)
2025-01-29 13:26:10,070 INFO c.h.h.t.HelmChartContainer - [hivemq-test-hivemq-platform] [hivemq-platform-operator] [85a152b0] 13:26:10.069 [ReconcilerExecutor-hivemq-controller-112] DEBUG c.h.p.o.h.HiveMQPlatformReconcilerErrorHandler - [helmrest] Pod 'test-hivemq-platform-0' phase Running
2025-01-29 13:26:10,071 INFO c.h.h.t.HelmChartContainer - [hivemq-test-hivemq-platform] [hivemq-platform-operator] [85a152b0] 13:26:10.070 [ReconcilerExecutor-hivemq-controller-112] INFO  c.h.p.o.h.HiveMQPlatformReconcilerBaseHandler - [helmrest] HiveMQ Platform is starting, 0 of 1 replicas are ready
2025-01-29 13:26:11,482 INFO c.h.h.t.HelmChartContainer - [test-hivemq-platform] [hivemq] [36eb870f] WARN  - [HiveMQ Platform Operator Init App 1.7.0-SNAPSHOT] Cannot connect to Health API for readiness: null
2025-01-29 13:26:11,487 INFO c.h.h.t.HelmChartContainer - [EVENT] Warning [Unhealthy] Readiness probe failed: HTTP probe failed with statuscode: 503 [helmrestapiit:test-hivemq-platform-0]
2025-01-29 13:26:11,487 INFO c.h.h.t.HelmChartContainer - Received Unhealthy event for container hivemq in pod test-hivemq-platform-0 [36eb870f-307a-4801-9531-5c3fb0682bc3]
2025-01-29 13:26:13,782 INFO c.h.h.t.HelmChartContainer - [test-hivemq-platform] [hivemq] [36eb870f] Jan 29, 2025 1:26:13 PM io.vertx.core.impl.BlockedThreadChecker
2025-01-29 13:26:13,782 INFO c.h.h.t.HelmChartContainer - [test-hivemq-platform] [hivemq] [36eb870f] WARNING: Thread Thread[vert.x-eventloop-thread-1,5,main] has been blocked for 2397 ms, time limit is 2000 ms
2025-01-29 13:26:14,279 INFO c.h.h.t.HelmChartContainer - [test-hivemq-platform] [hivemq] [36eb870f] INFO  - [HiveMQ Platform Operator Init App 1.7.0-SNAPSHOT] Updating Pod HiveMQ Platform Operator Init App version annotation (version: 1.7.0-SNAPSHOT)
2025-01-29 13:26:15,388 INFO c.h.h.t.HelmChartContainer - [POD] test-hivemq-platform-0 [36eb870f-307a-4801-9531-5c3fb0682bc3] in helmrestapiit was MODIFIED
2025-01-29 13:26:15,433 INFO c.h.h.t.HelmChartContainer - [test-hivemq-platform] [hivemq] [36eb870f] WARN  - [HiveMQ Platform Operator Init App 1.7.0-SNAPSHOT] Cannot connect to Health API for readiness: null
2025-01-29 13:26:15,434 INFO c.h.h.t.HelmChartContainer - [EVENT] Warning [Unhealthy] Readiness probe failed: HTTP probe failed with statuscode: 503 [helmrestapiit:test-hivemq-platform-0]
2025-01-29 13:26:15,434 INFO c.h.h.t.HelmChartContainer - Received Unhealthy event for container hivemq in pod test-hivemq-platform-0 [36eb870f-307a-4801-9531-5c3fb0682bc3]
2025-01-29 13:26:15,434 INFO c.h.h.t.HelmChartContainer - [hivemq-test-hivemq-platform] [hivemq-platform-operator] [85a152b0] 13:26:15.397 [pool-6-thread-31] DEBUG c.h.p.o.d.PlatformServiceResource - [helmrest] Desired Platform services (2 services)
2025-01-29 13:26:15,434 INFO c.h.h.t.HelmChartContainer - [hivemq-test-hivemq-platform] [hivemq-platform-operator] [85a152b0] 13:26:15.398 [pool-6-thread-36] DEBUG c.h.p.o.dependants.PodInfoConfigMap - [helmrest] Desired PodInfo ConfigMap (1 extensions) (1 enabled)
2025-01-29 13:26:15,434 INFO c.h.h.t.HelmChartContainer - [hivemq-test-hivemq-platform] [hivemq-platform-operator] [85a152b0] 13:26:15.399 [pool-6-thread-36] DEBUG c.h.p.o.dependants.PodInfoConfigMap - [helmrest] Desired PodInfo ConfigMap (metrics port: 9399) (metrics path: /)
2025-01-29 13:26:15,434 INFO c.h.h.t.HelmChartContainer - [hivemq-test-hivemq-platform] [hivemq-platform-operator] [85a152b0] 13:26:15.399 [pool-6-thread-36] DEBUG c.h.p.o.dependants.PodInfoConfigMap - [helmrest] Desired PodInfo ConfigMap (extension state hash: -1817474005)
2025-01-29 13:26:15,434 INFO c.h.h.t.HelmChartContainer - [hivemq-test-hivemq-platform] [hivemq-platform-operator] [85a152b0] 13:26:15.399 [pool-6-thread-33] DEBUG c.h.p.o.d.PodServiceAccountResource - [helmrest] Desired PodServiceAccountResource (serviceAccountName: hivemq-platform-pod-test-hivemq-platform)
2025-01-29 13:26:15,434 INFO c.h.h.t.HelmChartContainer - [hivemq-test-hivemq-platform] [hivemq-platform-operator] [85a152b0] 13:26:15.403 [pool-6-thread-40] DEBUG c.h.p.o.d.StatefulSetResource - [helmrest] Desired StatefulSet (1 replicas) for status STARTING (READY)
2025-01-29 13:26:15,434 INFO c.h.h.t.HelmChartContainer - [hivemq-test-hivemq-platform] [hivemq-platform-operator] [85a152b0] 13:26:15.407 [ReconcilerExecutor-hivemq-controller-113] INFO  c.h.p.o.HiveMQPlatformReconciler - [helmrest] Reconciling HiveMQ Platform 'test-hivemq-platform' in namespace 'helmrestapiit'
2025-01-29 13:26:15,434 INFO c.h.h.t.HelmChartContainer - [hivemq-test-hivemq-platform] [hivemq-platform-operator] [85a152b0] 13:26:15.407 [ReconcilerExecutor-hivemq-controller-113] DEBUG c.h.p.o.HiveMQPlatformReconciler - [helmrest] Custom Resource Status STARTING - HiveMQ Platform is starting (READY)
2025-01-29 13:26:15,434 INFO c.h.h.t.HelmChartContainer - [hivemq-test-hivemq-platform] [hivemq-platform-operator] [85a152b0] 13:26:15.407 [ReconcilerExecutor-hivemq-controller-113] DEBUG c.h.p.o.HiveMQPlatformReconciler - [helmrest] Custom Resource Spec (replicas: 1) (extensions: 1)
2025-01-29 13:26:15,434 INFO c.h.h.t.HelmChartContainer - [hivemq-test-hivemq-platform] [hivemq-platform-operator] [85a152b0] 13:26:15.409 [ReconcilerExecutor-hivemq-controller-113] DEBUG c.h.p.o.HiveMQPlatformReconciler - [helmrest] StatefulSet Status (revision: test-hivemq-platform-54dd684c8, replicas: 1, available: 0, ready: 0, current: 1, updated: 1)
2025-01-29 13:26:15,434 INFO c.h.h.t.HelmChartContainer - [hivemq-test-hivemq-platform] [hivemq-platform-operator] [85a152b0] 13:26:15.409 [ReconcilerExecutor-hivemq-controller-113] DEBUG c.h.p.o.HiveMQPlatformReconciler - [helmrest] StatefulSet Spec (replicas: 1, init containers: 1, containers: 1, volumes: 3)
2025-01-29 13:26:15,447 INFO c.h.h.t.HelmChartContainer - [hivemq-test-hivemq-platform] [hivemq-platform-operator] [85a152b0] 13:26:15.446 [ReconcilerExecutor-hivemq-controller-113] DEBUG c.h.p.o.h.HiveMQPlatformReconcilerErrorHandler - [helmrest] Pod 'test-hivemq-platform-0' phase Running
2025-01-29 13:26:15,447 INFO c.h.h.t.HelmChartContainer - [hivemq-test-hivemq-platform] [hivemq-platform-operator] [85a152b0] 13:26:15.447 [ReconcilerExecutor-hivemq-controller-113] INFO  c.h.p.o.h.HiveMQPlatformReconcilerBaseHandler - [helmrest] HiveMQ Platform is starting, 0 of 1 replicas are ready
2025-01-29 13:26:15,577 INFO c.h.h.t.HelmChartContainer - [test-hivemq-platform] [hivemq] [36eb870f] INFO  - [HiveMQ Platform Operator Init App 1.7.0-SNAPSHOT] Successfully updated Pod HiveMQ Platform Operator Init App version annotation (version: 1.7.0-SNAPSHOT)
2025-01-29 13:26:20,390 INFO c.h.h.t.HelmChartContainer - [test-hivemq-platform] [hivemq] [36eb870f] WARN  - [HiveMQ Platform Operator Init App 1.7.0-SNAPSHOT] Cannot connect to Health API for readiness: null
2025-01-29 13:26:20,395 INFO c.h.h.t.HelmChartContainer - [EVENT] Warning [Unhealthy] Readiness probe failed: HTTP probe failed with statuscode: 503 [helmrestapiit:test-hivemq-platform-0]
2025-01-29 13:26:20,396 INFO c.h.h.t.HelmChartContainer - Received Unhealthy event for container hivemq in pod test-hivemq-platform-0 [36eb870f-307a-4801-9531-5c3fb0682bc3]
2025-01-29 13:26:25,433 INFO c.h.h.t.HelmChartContainer - [test-hivemq-platform] [hivemq] [36eb870f] WARN  - [HiveMQ Platform Operator Init App 1.7.0-SNAPSHOT] Cannot connect to Health API for readiness: null
2025-01-29 13:26:25,438 INFO c.h.h.t.HelmChartContainer - [EVENT] Warning [Unhealthy] Readiness probe failed: HTTP probe failed with statuscode: 503 [helmrestapiit:test-hivemq-platform-0]
2025-01-29 13:26:25,438 INFO c.h.h.t.HelmChartContainer - Received Unhealthy event for container hivemq in pod test-hivemq-platform-0 [36eb870f-307a-4801-9531-5c3fb0682bc3]
2025-01-29 13:26:25,453 INFO c.h.h.t.HelmChartContainer - [hivemq-test-hivemq-platform] [hivemq-platform-operator] [85a152b0] 13:26:25.450 [pool-6-thread-45] DEBUG c.h.p.o.d.PlatformServiceResource - [helmrest] Desired Platform services (2 services)
2025-01-29 13:26:25,453 INFO c.h.h.t.HelmChartContainer - [hivemq-test-hivemq-platform] [hivemq-platform-operator] [85a152b0] 13:26:25.450 [pool-6-thread-42] DEBUG c.h.p.o.d.PodServiceAccountResource - [helmrest] Desired PodServiceAccountResource (serviceAccountName: hivemq-platform-pod-test-hivemq-platform)
2025-01-29 13:26:25,453 INFO c.h.h.t.HelmChartContainer - [hivemq-test-hivemq-platform] [hivemq-platform-operator] [85a152b0] 13:26:25.452 [pool-6-thread-43] DEBUG c.h.p.o.dependants.PodInfoConfigMap - [helmrest] Desired PodInfo ConfigMap (1 extensions) (1 enabled)
2025-01-29 13:26:25,454 INFO c.h.h.t.HelmChartContainer - [hivemq-test-hivemq-platform] [hivemq-platform-operator] [85a152b0] 13:26:25.453 [pool-6-thread-43] DEBUG c.h.p.o.dependants.PodInfoConfigMap - [helmrest] Desired PodInfo ConfigMap (metrics port: 9399) (metrics path: /)
2025-01-29 13:26:25,454 INFO c.h.h.t.HelmChartContainer - [hivemq-test-hivemq-platform] [hivemq-platform-operator] [85a152b0] 13:26:25.453 [pool-6-thread-43] DEBUG c.h.p.o.dependants.PodInfoConfigMap - [helmrest] Desired PodInfo ConfigMap (extension state hash: -1817474005)
2025-01-29 13:26:25,457 INFO c.h.h.t.HelmChartContainer - [hivemq-test-hivemq-platform] [hivemq-platform-operator] [85a152b0] 13:26:25.456 [pool-6-thread-43] DEBUG c.h.p.o.d.StatefulSetResource - [helmrest] Desired StatefulSet (1 replicas) for status STARTING (READY)
2025-01-29 13:26:25,460 INFO c.h.h.t.HelmChartContainer - [hivemq-test-hivemq-platform] [hivemq-platform-operator] [85a152b0] 13:26:25.459 [ReconcilerExecutor-hivemq-controller-114] INFO  c.h.p.o.HiveMQPlatformReconciler - [helmrest] Reconciling HiveMQ Platform 'test-hivemq-platform' in namespace 'helmrestapiit'
2025-01-29 13:26:25,460 INFO c.h.h.t.HelmChartContainer - [hivemq-test-hivemq-platform] [hivemq-platform-operator] [85a152b0] 13:26:25.459 [ReconcilerExecutor-hivemq-controller-114] DEBUG c.h.p.o.HiveMQPlatformReconciler - [helmrest] Custom Resource Status STARTING - HiveMQ Platform is starting (READY)
2025-01-29 13:26:25,460 INFO c.h.h.t.HelmChartContainer - [hivemq-test-hivemq-platform] [hivemq-platform-operator] [85a152b0] 13:26:25.459 [ReconcilerExecutor-hivemq-controller-114] DEBUG c.h.p.o.HiveMQPlatformReconciler - [helmrest] Custom Resource Spec (replicas: 1) (extensions: 1)
2025-01-29 13:26:25,548 INFO c.h.h.t.HelmChartContainer - [hivemq-test-hivemq-platform] [hivemq-platform-operator] [85a152b0] 13:26:25.547 [ReconcilerExecutor-hivemq-controller-114] DEBUG c.h.p.o.HiveMQPlatformReconciler - [helmrest] StatefulSet Status (revision: test-hivemq-platform-54dd684c8, replicas: 1, available: 0, ready: 0, current: 1, updated: 1)
2025-01-29 13:26:25,548 INFO c.h.h.t.HelmChartContainer - [hivemq-test-hivemq-platform] [hivemq-platform-operator] [85a152b0] 13:26:25.547 [ReconcilerExecutor-hivemq-controller-114] DEBUG c.h.p.o.HiveMQPlatformReconciler - [helmrest] StatefulSet Spec (replicas: 1, init containers: 1, containers: 1, volumes: 3)
2025-01-29 13:26:25,550 INFO c.h.h.t.HelmChartContainer - [hivemq-test-hivemq-platform] [hivemq-platform-operator] [85a152b0] 13:26:25.549 [ReconcilerExecutor-hivemq-controller-114] DEBUG c.h.p.o.h.HiveMQPlatformReconcilerErrorHandler - [helmrest] Pod 'test-hivemq-platform-0' phase Running
2025-01-29 13:26:25,551 INFO c.h.h.t.HelmChartContainer - [hivemq-test-hivemq-platform] [hivemq-platform-operator] [85a152b0] 13:26:25.550 [ReconcilerExecutor-hivemq-controller-114] INFO  c.h.p.o.h.HiveMQPlatformReconcilerBaseHandler - [helmrest] HiveMQ Platform is starting, 0 of 1 replicas are ready
2025-01-29 13:26:26,334 INFO c.h.h.t.HelmChartContainer - [test-hivemq-platform] [hivemq] [36eb870f] WARN  - [HiveMQ Platform Operator Init App 1.7.0-SNAPSHOT] Cannot connect to Health API for liveness: null
2025-01-29 13:26:26,334 INFO c.h.h.t.HelmChartContainer - [test-hivemq-platform] [hivemq] [36eb870f] INFO  - [HiveMQ Platform Operator Init App 1.7.0-SNAPSHOT] Returning default Health API response 200 for liveness
2025-01-29 13:26:27,194 INFO c.h.h.t.HelmChartContainer - [test-hivemq-platform] [hivemq] [36eb870f] INFO  - No valid license file found. Using trial license, restricted to 25 connections.
2025-01-29 13:26:30,390 INFO c.h.h.t.HelmChartContainer - [test-hivemq-platform] [hivemq] [36eb870f] WARN  - [HiveMQ Platform Operator Init App 1.7.0-SNAPSHOT] Cannot connect to Health API for readiness: null
2025-01-29 13:26:30,396 INFO c.h.h.t.HelmChartContainer - [EVENT] Warning [Unhealthy] Readiness probe failed: HTTP probe failed with statuscode: 503 [helmrestapiit:test-hivemq-platform-0]
2025-01-29 13:26:30,396 INFO c.h.h.t.HelmChartContainer - Received Unhealthy event for container hivemq in pod test-hivemq-platform-0 [36eb870f-307a-4801-9531-5c3fb0682bc3]
2025-01-29 13:26:30,635 INFO c.h.h.t.HelmChartContainer - [test-hivemq-platform] [hivemq] [36eb870f] INFO  - No valid license file for Data Hub found. Using free license, restricted to 1 policy.
2025-01-29 13:26:31,889 INFO c.h.h.t.HelmChartContainer - [test-hivemq-platform] [hivemq] [36eb870f] INFO  - Audit Logger started.
2025-01-29 13:26:32,181 INFO c.h.h.t.HelmChartContainer - [test-hivemq-platform] [hivemq] [36eb870f] INFO  - This node uses '1' CPU cores.
2025-01-29 13:26:32,186 INFO c.h.h.t.HelmChartContainer - [test-hivemq-platform] [hivemq] [36eb870f] INFO  - Starting HiveMQ Health API on address 0.0.0.0 and port 8889
2025-01-29 13:26:33,075 INFO c.h.h.t.HelmChartContainer - [test-hivemq-platform] [hivemq] [36eb870f] INFO  - Started HiveMQ Health API in 889ms
2025-01-29 13:26:33,601 INFO c.h.h.t.HelmChartContainer - [test-hivemq-platform] [hivemq] [36eb870f] INFO  - Starting HiveMQ extension system.
2025-01-29 13:26:33,788 INFO c.h.h.t.HelmChartContainer - [test-hivemq-platform] [hivemq] [36eb870f] INFO  - Starting extension with id "hivemq-dns-cluster-discovery" at /opt/hivemq/extensions/hivemq-dns-cluster-discovery
2025-01-29 13:26:34,276 INFO c.h.h.t.HelmChartContainer - [test-hivemq-platform] [hivemq] [36eb870f] INFO  - Extension "DNS Cluster Discovery Extension" version 4.3.2 started successfully.
2025-01-29 13:26:34,276 INFO c.h.h.t.HelmChartContainer - [test-hivemq-platform] [hivemq] [36eb870f] INFO  - Starting extension with id "hivemq-prometheus-extension" at /opt/hivemq/extensions/hivemq-prometheus-extension
2025-01-29 13:26:34,477 INFO c.h.h.t.HelmChartContainer - [test-hivemq-platform] [hivemq] [36eb870f] INFO  - Using TCP cluster transport on address 10.42.0.15 and port 7000
2025-01-29 13:26:34,482 INFO c.h.h.t.HelmChartContainer - [test-hivemq-platform] [hivemq] [36eb870f] INFO  - Using extension cluster discovery
2025-01-29 13:26:35,277 INFO c.h.h.t.HelmChartContainer - [test-hivemq-platform] [hivemq] [36eb870f] INFO  - Started Jetty Server exposing Prometheus Servlet on URI http://0.0.0.0:9399/
2025-01-29 13:26:35,277 INFO c.h.h.t.HelmChartContainer - [test-hivemq-platform] [hivemq] [36eb870f] INFO  - Extension "Prometheus Monitoring Extension" version 4.0.12 started successfully.
2025-01-29 13:26:35,277 INFO c.h.h.t.HelmChartContainer - [test-hivemq-platform] [hivemq] [36eb870f] INFO  - Starting extension with id "hivemq-allow-all-extension" at /opt/hivemq/extensions/hivemq-allow-all-extension
2025-01-29 13:26:35,278 INFO c.h.h.t.HelmChartContainer - [test-hivemq-platform] [hivemq] [36eb870f] WARN  - 
2025-01-29 13:26:35,278 INFO c.h.h.t.HelmChartContainer - [test-hivemq-platform] [hivemq] [36eb870f] ################################################################################################################
2025-01-29 13:26:35,278 INFO c.h.h.t.HelmChartContainer - [test-hivemq-platform] [hivemq] [36eb870f] # This HiveMQ deployment is not secure! You are lacking Authentication and Authorization.                      #
2025-01-29 13:26:35,278 INFO c.h.h.t.HelmChartContainer - [test-hivemq-platform] [hivemq] [36eb870f] # Right now any MQTT client can connect to the broker with a full set of permissions.                          #
2025-01-29 13:26:35,278 INFO c.h.h.t.HelmChartContainer - [test-hivemq-platform] [hivemq] [36eb870f] # For production usage, add an appropriate security extension and remove the hivemq-allow-all extension.       #
2025-01-29 13:26:35,278 INFO c.h.h.t.HelmChartContainer - [test-hivemq-platform] [hivemq] [36eb870f] # You can download security extensions from the HiveMQ Marketplace (https://www.hivemq.com/extensions/).       #
2025-01-29 13:26:35,278 INFO c.h.h.t.HelmChartContainer - [test-hivemq-platform] [hivemq] [36eb870f] ################################################################################################################
2025-01-29 13:26:35,279 INFO c.h.h.t.HelmChartContainer - [test-hivemq-platform] [hivemq] [36eb870f] INFO  - Extension "Allow All Extension" version 1.1.1 started successfully.
2025-01-29 13:26:35,557 INFO c.h.h.t.HelmChartContainer - [hivemq-test-hivemq-platform] [hivemq-platform-operator] [85a152b0] 13:26:35.554 [pool-6-thread-1] DEBUG c.h.p.o.d.PlatformServiceResource - [helmrest] Desired Platform services (2 services)
2025-01-29 13:26:35,559 INFO c.h.h.t.HelmChartContainer - [hivemq-test-hivemq-platform] [hivemq-platform-operator] [85a152b0] 13:26:35.555 [pool-6-thread-6] DEBUG c.h.p.o.dependants.PodInfoConfigMap - [helmrest] Desired PodInfo ConfigMap (1 extensions) (1 enabled)
2025-01-29 13:26:35,559 INFO c.h.h.t.HelmChartContainer - [hivemq-test-hivemq-platform] [hivemq-platform-operator] [85a152b0] 13:26:35.555 [pool-6-thread-6] DEBUG c.h.p.o.dependants.PodInfoConfigMap - [helmrest] Desired PodInfo ConfigMap (metrics port: 9399) (metrics path: /)
2025-01-29 13:26:35,559 INFO c.h.h.t.HelmChartContainer - [hivemq-test-hivemq-platform] [hivemq-platform-operator] [85a152b0] 13:26:35.555 [pool-6-thread-6] DEBUG c.h.p.o.dependants.PodInfoConfigMap - [helmrest] Desired PodInfo ConfigMap (extension state hash: -1817474005)
2025-01-29 13:26:35,559 INFO c.h.h.t.HelmChartContainer - [hivemq-test-hivemq-platform] [hivemq-platform-operator] [85a152b0] 13:26:35.555 [pool-6-thread-8] DEBUG c.h.p.o.d.PodServiceAccountResource - [helmrest] Desired PodServiceAccountResource (serviceAccountName: hivemq-platform-pod-test-hivemq-platform)
2025-01-29 13:26:35,562 INFO c.h.h.t.HelmChartContainer - [hivemq-test-hivemq-platform] [hivemq-platform-operator] [85a152b0] 13:26:35.562 [pool-6-thread-6] DEBUG c.h.p.o.d.StatefulSetResource - [helmrest] Desired StatefulSet (1 replicas) for status STARTING (READY)
2025-01-29 13:26:35,567 INFO c.h.h.t.HelmChartContainer - [hivemq-test-hivemq-platform] [hivemq-platform-operator] [85a152b0] 13:26:35.565 [ReconcilerExecutor-hivemq-controller-115] INFO  c.h.p.o.HiveMQPlatformReconciler - [helmrest] Reconciling HiveMQ Platform 'test-hivemq-platform' in namespace 'helmrestapiit'
2025-01-29 13:26:35,567 INFO c.h.h.t.HelmChartContainer - [hivemq-test-hivemq-platform] [hivemq-platform-operator] [85a152b0] 13:26:35.565 [ReconcilerExecutor-hivemq-controller-115] DEBUG c.h.p.o.HiveMQPlatformReconciler - [helmrest] Custom Resource Status STARTING - HiveMQ Platform is starting (READY)
2025-01-29 13:26:35,567 INFO c.h.h.t.HelmChartContainer - [hivemq-test-hivemq-platform] [hivemq-platform-operator] [85a152b0] 13:26:35.565 [ReconcilerExecutor-hivemq-controller-115] DEBUG c.h.p.o.HiveMQPlatformReconciler - [helmrest] Custom Resource Spec (replicas: 1) (extensions: 1)
2025-01-29 13:26:35,568 INFO c.h.h.t.HelmChartContainer - [hivemq-test-hivemq-platform] [hivemq-platform-operator] [85a152b0] 13:26:35.567 [ReconcilerExecutor-hivemq-controller-115] DEBUG c.h.p.o.HiveMQPlatformReconciler - [helmrest] StatefulSet Status (revision: test-hivemq-platform-54dd684c8, replicas: 1, available: 0, ready: 0, current: 1, updated: 1)
2025-01-29 13:26:35,568 INFO c.h.h.t.HelmChartContainer - [hivemq-test-hivemq-platform] [hivemq-platform-operator] [85a152b0] 13:26:35.567 [ReconcilerExecutor-hivemq-controller-115] DEBUG c.h.p.o.HiveMQPlatformReconciler - [helmrest] StatefulSet Spec (replicas: 1, init containers: 1, containers: 1, volumes: 3)
2025-01-29 13:26:35,570 INFO c.h.h.t.HelmChartContainer - [hivemq-test-hivemq-platform] [hivemq-platform-operator] [85a152b0] 13:26:35.568 [ReconcilerExecutor-hivemq-controller-115] DEBUG c.h.p.o.h.HiveMQPlatformReconcilerErrorHandler - [helmrest] Pod 'test-hivemq-platform-0' phase Running
2025-01-29 13:26:35,570 INFO c.h.h.t.HelmChartContainer - [hivemq-test-hivemq-platform] [hivemq-platform-operator] [85a152b0] 13:26:35.569 [ReconcilerExecutor-hivemq-controller-115] INFO  c.h.p.o.h.HiveMQPlatformReconcilerBaseHandler - [helmrest] HiveMQ Platform is starting, 0 of 1 replicas are ready
2025-01-29 13:26:35,880 INFO c.h.h.t.HelmChartContainer - [test-hivemq-platform] [hivemq] [36eb870f] INFO  - [HiveMQ Platform Operator Init App 1.7.0-SNAPSHOT] Returning Health API response 503 for readiness
2025-01-29 13:26:35,886 INFO c.h.h.t.HelmChartContainer - [EVENT] Warning [Unhealthy] Readiness probe failed: HTTP probe failed with statuscode: 503 [helmrestapiit:test-hivemq-platform-0]
2025-01-29 13:26:35,886 INFO c.h.h.t.HelmChartContainer - Received Unhealthy event for container hivemq in pod test-hivemq-platform-0 [36eb870f-307a-4801-9531-5c3fb0682bc3]
2025-01-29 13:26:37,291 INFO c.h.h.t.HelmChartContainer - [test-hivemq-platform] [hivemq] [36eb870f] INFO  - 23zFA: no members discovered after 2215 ms: creating cluster as first member
2025-01-29 13:26:37,297 INFO c.h.h.t.HelmChartContainer - [test-hivemq-platform] [hivemq] [36eb870f] INFO  - Cluster nodes found by discovery: [23zFA|0] (1) [23zFA].
2025-01-29 13:26:37,375 INFO c.h.h.t.HelmChartContainer - [test-hivemq-platform] [hivemq] [36eb870f] INFO  - Starting HiveMQ REST API on address 0.0.0.0 and port 8890
2025-01-29 13:26:37,786 INFO c.h.h.t.HelmChartContainer - [test-hivemq-platform] [hivemq] [36eb870f] INFO  - Started HiveMQ REST API in 411ms
2025-01-29 13:26:37,787 INFO c.h.h.t.HelmChartContainer - [test-hivemq-platform] [hivemq] [36eb870f] WARN  - No user for HiveMQ Control Center configured. Starting with default user
2025-01-29 13:26:37,787 INFO c.h.h.t.HelmChartContainer - [test-hivemq-platform] [hivemq] [36eb870f] INFO  - Starting HiveMQ Control Center on address 127.0.0.1 and port 8080
2025-01-29 13:26:37,788 INFO c.h.h.t.HelmChartContainer - [test-hivemq-platform] [hivemq] [36eb870f] INFO  - Mounting HiveMQ Control Center V2 Preview
2025-01-29 13:26:38,391 INFO c.h.h.t.HelmChartContainer - [test-hivemq-platform] [hivemq] [36eb870f] INFO  - Started HiveMQ Control Center in 604ms
2025-01-29 13:26:38,482 INFO c.h.h.t.HelmChartContainer - [test-hivemq-platform] [hivemq] [36eb870f] INFO  - Starting TCP listener on address 0.0.0.0 and port 1883
2025-01-29 13:26:38,575 INFO c.h.h.t.HelmChartContainer - [test-hivemq-platform] [hivemq] [36eb870f] INFO  - Started TCP Listener on address 0.0.0.0 and on port 1883.
2025-01-29 13:26:38,575 INFO c.h.h.t.HelmChartContainer - [test-hivemq-platform] [hivemq] [36eb870f] INFO  - Started HiveMQ in 31592ms
2025-01-29 13:26:40,200 INFO c.h.h.t.HelmChartContainer - [K3S] [range_allocator.go:247] "Successfully synced" key="4b5e7665a766"
2025-01-29 13:26:40,392 INFO c.h.h.t.HelmChartContainer - [test-hivemq-platform] [hivemq] [36eb870f] INFO  - [HiveMQ Platform Operator Init App 1.7.0-SNAPSHOT] Returning Health API response 200 for readiness
2025-01-29 13:26:40,401 INFO c.h.h.t.HelmChartContainer - [POD] test-hivemq-platform-0 [36eb870f-307a-4801-9531-5c3fb0682bc3] in helmrestapiit was MODIFIED
2025-01-29 13:26:40,426 INFO c.h.h.t.HelmChartContainer - [hivemq-test-hivemq-platform] [hivemq-platform-operator] [85a152b0] 13:26:40.409 [pool-6-thread-18] DEBUG c.h.p.o.d.PlatformServiceResource - [helmrest] Desired Platform services (2 services)
2025-01-29 13:26:40,430 INFO c.h.h.t.HelmChartContainer - [hivemq-test-hivemq-platform] [hivemq-platform-operator] [85a152b0] 13:26:40.413 [pool-6-thread-11] DEBUG c.h.p.o.dependants.PodInfoConfigMap - [helmrest] Desired PodInfo ConfigMap (1 extensions) (1 enabled)
2025-01-29 13:26:40,430 INFO c.h.h.t.HelmChartContainer - [hivemq-test-hivemq-platform] [hivemq-platform-operator] [85a152b0] 13:26:40.413 [pool-6-thread-11] DEBUG c.h.p.o.dependants.PodInfoConfigMap - [helmrest] Desired PodInfo ConfigMap (metrics port: 9399) (metrics path: /)
2025-01-29 13:26:40,430 INFO c.h.h.t.HelmChartContainer - [hivemq-test-hivemq-platform] [hivemq-platform-operator] [85a152b0] 13:26:40.413 [pool-6-thread-11] DEBUG c.h.p.o.dependants.PodInfoConfigMap - [helmrest] Desired PodInfo ConfigMap (extension state hash: -1817474005)
2025-01-29 13:26:40,430 INFO c.h.h.t.HelmChartContainer - [hivemq-test-hivemq-platform] [hivemq-platform-operator] [85a152b0] 13:26:40.415 [pool-6-thread-11] DEBUG c.h.p.o.d.PodServiceAccountResource - [helmrest] Desired PodServiceAccountResource (serviceAccountName: hivemq-platform-pod-test-hivemq-platform)
2025-01-29 13:26:40,430 INFO c.h.h.t.HelmChartContainer - [hivemq-test-hivemq-platform] [hivemq-platform-operator] [85a152b0] 13:26:40.419 [pool-6-thread-18] DEBUG c.h.p.o.d.StatefulSetResource - [helmrest] Desired StatefulSet (1 replicas) for status STARTING (READY)
2025-01-29 13:26:40,430 INFO c.h.h.t.HelmChartContainer - [hivemq-test-hivemq-platform] [hivemq-platform-operator] [85a152b0] 13:26:40.426 [ReconcilerExecutor-hivemq-controller-116] INFO  c.h.p.o.HiveMQPlatformReconciler - [helmrest] Reconciling HiveMQ Platform 'test-hivemq-platform' in namespace 'helmrestapiit'
2025-01-29 13:26:40,430 INFO c.h.h.t.HelmChartContainer - [hivemq-test-hivemq-platform] [hivemq-platform-operator] [85a152b0] 13:26:40.426 [ReconcilerExecutor-hivemq-controller-116] DEBUG c.h.p.o.HiveMQPlatformReconciler - [helmrest] Custom Resource Status STARTING - HiveMQ Platform is starting (READY)
2025-01-29 13:26:40,430 INFO c.h.h.t.HelmChartContainer - [hivemq-test-hivemq-platform] [hivemq-platform-operator] [85a152b0] 13:26:40.426 [ReconcilerExecutor-hivemq-controller-116] DEBUG c.h.p.o.HiveMQPlatformReconciler - [helmrest] Custom Resource Spec (replicas: 1) (extensions: 1)
2025-01-29 13:26:40,430 INFO c.h.h.t.HelmChartContainer - [hivemq-test-hivemq-platform] [hivemq-platform-operator] [85a152b0] 13:26:40.427 [ReconcilerExecutor-hivemq-controller-116] DEBUG c.h.p.o.HiveMQPlatformReconciler - [helmrest] StatefulSet Status (revision: test-hivemq-platform-54dd684c8, replicas: 1, available: 0, ready: 0, current: 1, updated: 1)
2025-01-29 13:26:40,431 INFO c.h.h.t.HelmChartContainer - [hivemq-test-hivemq-platform] [hivemq-platform-operator] [85a152b0] 13:26:40.427 [ReconcilerExecutor-hivemq-controller-116] DEBUG c.h.p.o.HiveMQPlatformReconciler - [helmrest] StatefulSet Spec (replicas: 1, init containers: 1, containers: 1, volumes: 3)
2025-01-29 13:26:40,449 INFO c.h.h.t.HelmChartContainer - [hivemq-test-hivemq-platform] [hivemq-platform-operator] [85a152b0] 13:26:40.446 [ReconcilerExecutor-hivemq-controller-116] DEBUG c.h.p.o.h.HiveMQPlatformReconcilerErrorHandler - [helmrest] Pod 'test-hivemq-platform-0' phase Running
2025-01-29 13:26:40,449 INFO c.h.h.t.HelmChartContainer - [hivemq-test-hivemq-platform] [hivemq-platform-operator] [85a152b0] 13:26:40.447 [ReconcilerExecutor-hivemq-controller-116] INFO  c.h.p.o.h.HiveMQPlatformReconcilerBaseHandler - [helmrest] HiveMQ Platform is starting, 0 of 1 replicas are ready
2025-01-29 13:26:40,459 INFO c.h.h.t.HelmChartContainer - [hivemq-test-hivemq-platform] [hivemq-platform-operator] [85a152b0] 13:26:40.454 [pool-6-thread-27] DEBUG c.h.p.o.d.PlatformServiceResource - [helmrest] Desired Platform services (2 services)
2025-01-29 13:26:40,459 INFO c.h.h.t.HelmChartContainer - [hivemq-test-hivemq-platform] [hivemq-platform-operator] [85a152b0] 13:26:40.457 [pool-6-thread-28] DEBUG c.h.p.o.dependants.PodInfoConfigMap - [helmrest] Desired PodInfo ConfigMap (1 extensions) (1 enabled)
2025-01-29 13:26:40,460 INFO c.h.h.t.HelmChartContainer - [hivemq-test-hivemq-platform] [hivemq-platform-operator] [85a152b0] 13:26:40.457 [pool-6-thread-28] DEBUG c.h.p.o.dependants.PodInfoConfigMap - [helmrest] Desired PodInfo ConfigMap (metrics port: 9399) (metrics path: /)
2025-01-29 13:26:40,460 INFO c.h.h.t.HelmChartContainer - [hivemq-test-hivemq-platform] [hivemq-platform-operator] [85a152b0] 13:26:40.457 [pool-6-thread-28] DEBUG c.h.p.o.dependants.PodInfoConfigMap - [helmrest] Desired PodInfo ConfigMap (extension state hash: -1817474005)
2025-01-29 13:26:40,460 INFO c.h.h.t.HelmChartContainer - [hivemq-test-hivemq-platform] [hivemq-platform-operator] [85a152b0] 13:26:40.458 [pool-6-thread-28] DEBUG c.h.p.o.d.PodServiceAccountResource - [helmrest] Desired PodServiceAccountResource (serviceAccountName: hivemq-platform-pod-test-hivemq-platform)
2025-01-29 13:26:40,522 INFO c.h.h.t.HelmChartContainer - [hivemq-test-hivemq-platform] [hivemq-platform-operator] [85a152b0] 13:26:40.520 [pool-6-thread-26] DEBUG c.h.p.o.d.StatefulSetResource - [helmrest] Desired StatefulSet (1 replicas) for status STARTING (READY)
2025-01-29 13:26:40,524 INFO c.h.h.t.HelmChartContainer - [hivemq-test-hivemq-platform] [hivemq-platform-operator] [85a152b0] 13:26:40.524 [ReconcilerExecutor-hivemq-controller-117] INFO  c.h.p.o.HiveMQPlatformReconciler - [helmrest] Reconciling HiveMQ Platform 'test-hivemq-platform' in namespace 'helmrestapiit'
2025-01-29 13:26:40,524 INFO c.h.h.t.HelmChartContainer - [hivemq-test-hivemq-platform] [hivemq-platform-operator] [85a152b0] 13:26:40.524 [ReconcilerExecutor-hivemq-controller-117] DEBUG c.h.p.o.HiveMQPlatformReconciler - [helmrest] Custom Resource Status STARTING - HiveMQ Platform is starting (READY)
2025-01-29 13:26:40,524 INFO c.h.h.t.HelmChartContainer - [hivemq-test-hivemq-platform] [hivemq-platform-operator] [85a152b0] 13:26:40.524 [ReconcilerExecutor-hivemq-controller-117] DEBUG c.h.p.o.HiveMQPlatformReconciler - [helmrest] Custom Resource Spec (replicas: 1) (extensions: 1)
2025-01-29 13:26:40,546 INFO c.h.h.t.HelmChartContainer - [hivemq-test-hivemq-platform] [hivemq-platform-operator] [85a152b0] 13:26:40.545 [ReconcilerExecutor-hivemq-controller-117] DEBUG c.h.p.o.HiveMQPlatformReconciler - [helmrest] StatefulSet Status (revision: test-hivemq-platform-54dd684c8, replicas: 1, available: 1, ready: 1, current: 1, updated: 1)
2025-01-29 13:26:40,546 INFO c.h.h.t.HelmChartContainer - [hivemq-test-hivemq-platform] [hivemq-platform-operator] [85a152b0] 13:26:40.545 [ReconcilerExecutor-hivemq-controller-117] DEBUG c.h.p.o.HiveMQPlatformReconciler - [helmrest] StatefulSet Spec (replicas: 1, init containers: 1, containers: 1, volumes: 3)
2025-01-29 13:26:40,547 INFO c.h.h.t.HelmChartContainer - [hivemq-test-hivemq-platform] [hivemq-platform-operator] [85a152b0] 13:26:40.546 [ReconcilerExecutor-hivemq-controller-117] DEBUG c.h.p.o.h.HiveMQPlatformReconcilerErrorHandler - [helmrest] Pod 'test-hivemq-platform-0' phase Running
2025-01-29 13:26:40,548 INFO c.h.h.t.HelmChartContainer - [hivemq-test-hivemq-platform] [hivemq-platform-operator] [85a152b0] 13:26:40.548 [ReconcilerExecutor-hivemq-controller-117] INFO  c.h.p.o.h.HiveMQPlatformReconcilerBaseHandler - [helmrest] HiveMQ Platform started successfully
2025-01-29 13:26:40,564 INFO c.h.h.t.HelmChartContainer - [hivemq-test-hivemq-platform] [hivemq-platform-operator] [85a152b0] 13:26:40.563 [ReconcilerExecutor-hivemq-controller-117] DEBUG c.h.p.operator.event.EventSender - [helmrest] Creating K8s event hivemq-platform-ready: [Ready] HiveMQ Platform is ready
2025-01-29 13:26:40,567 INFO c.h.h.t.HelmChartContainer - [EVENT] Normal [Ready] HiveMQ Platform is ready [helmrestapiit:test-hivemq-platform]
2025-01-29 13:26:40,620 INFO c.h.h.t.HelmChartContainer - [hivemq-test-hivemq-platform] [hivemq-platform-operator] [85a152b0] 13:26:40.619 [ReconcilerExecutor-hivemq-controller-117] INFO  c.h.p.o.h.AbstractHiveMQReconcilerStateHandler - [helmrest] Update HiveMQ Platform Status (STARTING [READY] -> RUNNING [READY]): HiveMQ Platform is ready
2025-01-29 13:26:40,627 DEBUG com.hivemq.helmcharts.util.K8sUtil - Comparing actual state 'RUNNING' and waiting for 'RUNNING'
2025-01-29 13:26:40,735 INFO c.h.h.t.HelmChartContainer - Uninstalling release 'test-hivemq-platform' in namespace 'helmrestapiit'...
2025-01-29 13:26:40,735 DEBUG c.h.h.t.HelmChartContainer - Executing helm command: /bin/helm --kubeconfig /etc/rancher/k3s/k3s.yaml uninstall test-hivemq-platform  --wait --timeout 5m0s --cascade foreground --namespace helmrestapiit
2025-01-29 13:26:40,942 INFO c.h.h.t.HelmChartContainer - [hivemq-test-hivemq-platform] [hivemq-platform-operator] [85a152b0] 13:26:40.933 [pool-6-thread-36] DEBUG c.h.p.o.d.PlatformServiceResource - [helmrest] Desired Platform services (2 services)
2025-01-29 13:26:40,942 INFO c.h.h.t.HelmChartContainer - [hivemq-test-hivemq-platform] [hivemq-platform-operator] [85a152b0] 13:26:40.935 [pool-6-thread-35] DEBUG c.h.p.o.d.PodServiceAccountResource - [helmrest] Desired PodServiceAccountResource (serviceAccountName: hivemq-platform-pod-test-hivemq-platform)
2025-01-29 13:26:40,942 INFO c.h.h.t.HelmChartContainer - [hivemq-test-hivemq-platform] [hivemq-platform-operator] [85a152b0] 13:26:40.937 [pool-6-thread-37] DEBUG c.h.p.o.dependants.PodInfoConfigMap - [helmrest] Desired PodInfo ConfigMap (1 extensions) (1 enabled)
2025-01-29 13:26:40,942 INFO c.h.h.t.HelmChartContainer - [hivemq-test-hivemq-platform] [hivemq-platform-operator] [85a152b0] 13:26:40.937 [pool-6-thread-37] DEBUG c.h.p.o.dependants.PodInfoConfigMap - [helmrest] Desired PodInfo ConfigMap (metrics port: 9399) (metrics path: /)
2025-01-29 13:26:40,942 INFO c.h.h.t.HelmChartContainer - [hivemq-test-hivemq-platform] [hivemq-platform-operator] [85a152b0] 13:26:40.937 [pool-6-thread-37] DEBUG c.h.p.o.dependants.PodInfoConfigMap - [helmrest] Desired PodInfo ConfigMap (extension state hash: -1817474005)
2025-01-29 13:26:40,942 INFO c.h.h.t.HelmChartContainer - [hivemq-test-hivemq-platform] [hivemq-platform-operator] [85a152b0] 13:26:40.938 [pool-6-thread-37] DEBUG c.h.p.o.dependants.PodInfoConfigMap - [helmrest] Update PodInfo ConfigMap
2025-01-29 13:26:40,956 INFO c.h.h.t.HelmChartContainer - [hivemq-test-hivemq-platform] [hivemq-platform-operator] [85a152b0] 13:26:40.954 [pool-6-thread-37] DEBUG c.h.p.o.d.StatefulSetResource - [helmrest] Desired StatefulSet (1 replicas) for status RUNNING (READY)
2025-01-29 13:26:41,027 INFO c.h.h.t.HelmChartContainer - [hivemq-test-hivemq-platform] [hivemq-platform-operator] [85a152b0] 13:26:41.024 [ReconcilerExecutor-hivemq-controller-118] INFO  c.h.p.o.HiveMQPlatformReconciler - [helmrest] Reconciling HiveMQ Platform 'test-hivemq-platform' in namespace 'helmrestapiit'
2025-01-29 13:26:41,027 INFO c.h.h.t.HelmChartContainer - [hivemq-test-hivemq-platform] [hivemq-platform-operator] [85a152b0] 13:26:41.024 [ReconcilerExecutor-hivemq-controller-118] DEBUG c.h.p.o.HiveMQPlatformReconciler - [helmrest] Custom Resource Status RUNNING - HiveMQ Platform is ready (READY)
2025-01-29 13:26:41,027 INFO c.h.h.t.HelmChartContainer - [hivemq-test-hivemq-platform] [hivemq-platform-operator] [85a152b0] 13:26:41.024 [ReconcilerExecutor-hivemq-controller-118] DEBUG c.h.p.o.HiveMQPlatformReconciler - [helmrest] Custom Resource Spec (replicas: 1) (extensions: 1)
2025-01-29 13:26:41,027 INFO c.h.h.t.HelmChartContainer - [hivemq-test-hivemq-platform] [hivemq-platform-operator] [85a152b0] 13:26:41.024 [ReconcilerExecutor-hivemq-controller-118] WARN  c.h.p.o.h.HiveMQPlatformReconcilerErrorHandler - [helmrest] Could not find ConfigMap 'hivemq-configuration-test-hivemq-platform' for HiveMQ Platform configuration
2025-01-29 13:26:41,146 INFO c.h.h.t.HelmChartContainer - [hivemq-test-hivemq-platform] [hivemq-platform-operator] [85a152b0] 13:26:41.145 [ReconcilerExecutor-hivemq-controller-118] DEBUG c.h.p.operator.event.EventSender - [helmrest] Creating K8s event hivemq-platform-invalid-configuration: [Start] Could not find ConfigMap 'hivemq-configuration-test-hivemq-platform' for HiveMQ Platform configuration
2025-01-29 13:26:41,224 INFO c.h.h.t.HelmChartContainer - [EVENT] Warning [Start] Could not find ConfigMap 'hivemq-configuration-test-hivemq-platform' for HiveMQ Platform configuration [helmrestapiit:test-hivemq-platform]
2025-01-29 13:26:41,225 INFO c.h.h.t.HelmChartContainer - [hivemq-test-hivemq-platform] [hivemq-platform-operator] [85a152b0] 13:26:41.224 [ReconcilerExecutor-hivemq-controller-118] INFO  c.h.p.o.h.AbstractHiveMQReconcilerStateHandler - [helmrest] Update HiveMQ Platform Status (RUNNING [READY] -> ERROR [INVALID_CONFIG_MAP]): Could not find ConfigMap 'hivemq-configuration-test-hivemq-platform' for HiveMQ Platform configuration
2025-01-29 13:26:41,236 INFO c.h.h.t.HelmChartContainer - [hivemq-test-hivemq-platform] [hivemq-platform-operator] [85a152b0] 13:26:41.232 [ReconcilerExecutor-hivemq-controller-118] ERROR i.j.o.p.event.EventProcessor - Error during event processing ExecutionScope{ resource id: ResourceID{name='test-hivemq-platform', namespace='helmrestapiit'}, version: 1702}
2025-01-29 13:26:41,236 INFO c.h.h.t.HelmChartContainer - [hivemq-test-hivemq-platform] [hivemq-platform-operator] [85a152b0] io.fabric8.kubernetes.client.KubernetesClientException: Failure executing: PUT at: https://10.43.0.1:443/apis/hivemq.com/v1/namespaces/helmrestapiit/hivemq-platforms/test-hivemq-platform/status. Message: Operation cannot be fulfilled on hivemq-platforms.hivemq.com "test-hivemq-platform": the object has been modified; please apply your changes to the latest version and try again. Received status: Status(apiVersion=v1, code=409, details=StatusDetails(causes=[], group=hivemq.com, kind=hivemq-platforms, name=test-hivemq-platform, retryAfterSeconds=null, uid=null, additionalProperties={}), kind=Status, message=Operation cannot be fulfilled on hivemq-platforms.hivemq.com "test-hivemq-platform": the object has been modified; please apply your changes to the latest version and try again, metadata=ListMeta(_continue=null, remainingItemCount=null, resourceVersion=null, selfLink=null, additionalProperties={}), reason=Conflict, status=Failure, additionalProperties={}).
2025-01-29 13:26:41,236 INFO c.h.h.t.HelmChartContainer - [hivemq-test-hivemq-platform] [hivemq-platform-operator] [85a152b0] 	at io.fabric8.kubernetes.client.KubernetesClientException.copyAsCause(KubernetesClientException.java:238)
2025-01-29 13:26:41,236 INFO c.h.h.t.HelmChartContainer - [hivemq-test-hivemq-platform] [hivemq-platform-operator] [85a152b0] 	at io.fabric8.kubernetes.client.dsl.internal.OperationSupport.waitForResult(OperationSupport.java:507)
2025-01-29 13:26:41,236 INFO c.h.h.t.HelmChartContainer - [hivemq-test-hivemq-platform] [hivemq-platform-operator] [85a152b0] 	at io.fabric8.kubernetes.client.dsl.internal.OperationSupport.handleResponse(OperationSupport.java:524)
2025-01-29 13:26:41,236 INFO c.h.h.t.HelmChartContainer - [hivemq-test-hivemq-platform] [hivemq-platform-operator] [85a152b0] 	at io.fabric8.kubernetes.client.dsl.internal.OperationSupport.handleUpdate(OperationSupport.java:358)
2025-01-29 13:26:41,236 INFO c.h.h.t.HelmChartContainer - [hivemq-test-hivemq-platform] [hivemq-platform-operator] [85a152b0] 	at io.fabric8.kubernetes.client.dsl.internal.BaseOperation.handleUpdate(BaseOperation.java:759)
2025-01-29 13:26:41,236 INFO c.h.h.t.HelmChartContainer - [hivemq-test-hivemq-platform] [hivemq-platform-operator] [85a152b0] 	at io.fabric8.kubernetes.client.dsl.internal.HasMetadataOperation.update(HasMetadataOperation.java:138)
2025-01-29 13:26:41,236 INFO c.h.h.t.HelmChartContainer - [hivemq-test-hivemq-platform] [hivemq-platform-operator] [85a152b0] 	at io.fabric8.kubernetes.client.dsl.internal.HasMetadataOperation.update(HasMetadataOperation.java:121)
2025-01-29 13:26:41,236 INFO c.h.h.t.HelmChartContainer - [hivemq-test-hivemq-platform] [hivemq-platform-operator] [85a152b0] 	at io.fabric8.kubernetes.client.dsl.internal.HasMetadataOperation.updateStatus(HasMetadataOperation.java:126)
2025-01-29 13:26:41,236 INFO c.h.h.t.HelmChartContainer - [hivemq-test-hivemq-platform] [hivemq-platform-operator] [85a152b0] 	at io.fabric8.kubernetes.client.dsl.internal.HasMetadataOperation.updateStatus(HasMetadataOperation.java:44)
2025-01-29 13:26:41,236 INFO c.h.h.t.HelmChartContainer - [hivemq-test-hivemq-platform] [hivemq-platform-operator] [85a152b0] 	at io.javaoperatorsdk.operator.processing.event.ReconciliationDispatcher$CustomResourceFacade.updateStatus(ReconciliationDispatcher.java:408)
2025-01-29 13:26:41,236 INFO c.h.h.t.HelmChartContainer - [hivemq-test-hivemq-platform] [hivemq-platform-operator] [85a152b0] 	at io.javaoperatorsdk.operator.processing.event.ReconciliationDispatcher.updateStatusGenerationAware(ReconciliationDispatcher.java:228)
2025-01-29 13:26:41,236 INFO c.h.h.t.HelmChartContainer - [hivemq-test-hivemq-platform] [hivemq-platform-operator] [85a152b0] 	at io.javaoperatorsdk.operator.processing.event.ReconciliationDispatcher.reconcileExecution(ReconciliationDispatcher.java:150)
2025-01-29 13:26:41,236 INFO c.h.h.t.HelmChartContainer - [hivemq-test-hivemq-platform] [hivemq-platform-operator] [85a152b0] 	at io.javaoperatorsdk.operator.processing.event.ReconciliationDispatcher.handleReconcile(ReconciliationDispatcher.java:117)
2025-01-29 13:26:41,236 INFO c.h.h.t.HelmChartContainer - [hivemq-test-hivemq-platform] [hivemq-platform-operator] [85a152b0] 	at io.javaoperatorsdk.operator.processing.event.ReconciliationDispatcher.handleDispatch(ReconciliationDispatcher.java:91)
2025-01-29 13:26:41,236 INFO c.h.h.t.HelmChartContainer - [hivemq-test-hivemq-platform] [hivemq-platform-operator] [85a152b0] 	at io.javaoperatorsdk.operator.processing.event.ReconciliationDispatcher.handleExecution(ReconciliationDispatcher.java:64)
2025-01-29 13:26:41,236 INFO c.h.h.t.HelmChartContainer - [hivemq-test-hivemq-platform] [hivemq-platform-operator] [85a152b0] 	at io.javaoperatorsdk.operator.processing.event.EventProcessor$ReconcilerExecutor.run(EventProcessor.java:452)
2025-01-29 13:26:41,236 INFO c.h.h.t.HelmChartContainer - [hivemq-test-hivemq-platform] [hivemq-platform-operator] [85a152b0] 	at java.base/java.util.concurrent.ThreadPoolExecutor.runWorker(Unknown Source)
2025-01-29 13:26:41,236 INFO c.h.h.t.HelmChartContainer - [hivemq-test-hivemq-platform] [hivemq-platform-operator] [85a152b0] 	at java.base/java.util.concurrent.ThreadPoolExecutor$Worker.run(Unknown Source)
2025-01-29 13:26:41,237 INFO c.h.h.t.HelmChartContainer - [hivemq-test-hivemq-platform] [hivemq-platform-operator] [85a152b0] 	at java.base/java.lang.Thread.run(Unknown Source)
2025-01-29 13:26:41,237 INFO c.h.h.t.HelmChartContainer - [hivemq-test-hivemq-platform] [hivemq-platform-operator] [85a152b0] Caused by: io.fabric8.kubernetes.client.KubernetesClientException: Failure executing: PUT at: https://10.43.0.1:443/apis/hivemq.com/v1/namespaces/helmrestapiit/hivemq-platforms/test-hivemq-platform/status. Message: Operation cannot be fulfilled on hivemq-platforms.hivemq.com "test-hivemq-platform": the object has been modified; please apply your changes to the latest version and try again. Received status: Status(apiVersion=v1, code=409, details=StatusDetails(causes=[], group=hivemq.com, kind=hivemq-platforms, name=test-hivemq-platform, retryAfterSeconds=null, uid=null, additionalProperties={}), kind=Status, message=Operation cannot be fulfilled on hivemq-platforms.hivemq.com "test-hivemq-platform": the object has been modified; please apply your changes to the latest version and try again, metadata=ListMeta(_continue=null, remainingItemCount=null, resourceVersion=null, selfLink=null, additionalProperties={}), reason=Conflict, status=Failure, additionalProperties={}).
2025-01-29 13:26:41,237 INFO c.h.h.t.HelmChartContainer - [hivemq-test-hivemq-platform] [hivemq-platform-operator] [85a152b0] 	at io.fabric8.kubernetes.client.dsl.internal.OperationSupport.requestFailure(OperationSupport.java:660)
2025-01-29 13:26:41,237 INFO c.h.h.t.HelmChartContainer - [hivemq-test-hivemq-platform] [hivemq-platform-operator] [85a152b0] 	at io.fabric8.kubernetes.client.dsl.internal.OperationSupport.requestFailure(OperationSupport.java:640)
2025-01-29 13:26:41,237 INFO c.h.h.t.HelmChartContainer - [hivemq-test-hivemq-platform] [hivemq-platform-operator] [85a152b0] 	at io.fabric8.kubernetes.client.dsl.internal.OperationSupport.assertResponseCode(OperationSupport.java:589)
2025-01-29 13:26:41,237 INFO c.h.h.t.HelmChartContainer - [hivemq-test-hivemq-platform] [hivemq-platform-operator] [85a152b0] 	at io.fabric8.kubernetes.client.dsl.internal.OperationSupport.lambda$handleResponse$0(OperationSupport.java:549)
2025-01-29 13:26:41,237 INFO c.h.h.t.HelmChartContainer - [hivemq-test-hivemq-platform] [hivemq-platform-operator] [85a152b0] 	at java.base/java.util.concurrent.CompletableFuture$UniApply.tryFire(Unknown Source)
2025-01-29 13:26:41,237 INFO c.h.h.t.HelmChartContainer - [hivemq-test-hivemq-platform] [hivemq-platform-operator] [85a152b0] 	at java.base/java.util.concurrent.CompletableFuture.postComplete(Unknown Source)
2025-01-29 13:26:41,237 INFO c.h.h.t.HelmChartContainer - [hivemq-test-hivemq-platform] [hivemq-platform-operator] [85a152b0] 	at java.base/java.util.concurrent.CompletableFuture.complete(Unknown Source)
2025-01-29 13:26:41,237 INFO c.h.h.t.HelmChartContainer - [hivemq-test-hivemq-platform] [hivemq-platform-operator] [85a152b0] 	at io.fabric8.kubernetes.client.http.StandardHttpClient.lambda$completeOrCancel$10(StandardHttpClient.java:141)
2025-01-29 13:26:41,237 INFO c.h.h.t.HelmChartContainer - [hivemq-test-hivemq-platform] [hivemq-platform-operator] [85a152b0] 	at java.base/java.util.concurrent.CompletableFuture.uniWhenComplete(Unknown Source)
2025-01-29 13:26:41,237 INFO c.h.h.t.HelmChartContainer - [hivemq-test-hivemq-platform] [hivemq-platform-operator] [85a152b0] 	at java.base/java.util.concurrent.CompletableFuture$UniWhenComplete.tryFire(Unknown Source)
2025-01-29 13:26:41,237 INFO c.h.h.t.HelmChartContainer - [hivemq-test-hivemq-platform] [hivemq-platform-operator] [85a152b0] 	at java.base/java.util.concurrent.CompletableFuture.postComplete(Unknown Source)
2025-01-29 13:26:41,237 INFO c.h.h.t.HelmChartContainer - [hivemq-test-hivemq-platform] [hivemq-platform-operator] [85a152b0] 	at java.base/java.util.concurrent.CompletableFuture.complete(Unknown Source)
2025-01-29 13:26:41,237 INFO c.h.h.t.HelmChartContainer - [hivemq-test-hivemq-platform] [hivemq-platform-operator] [85a152b0] 	at io.fabric8.kubernetes.client.http.ByteArrayBodyHandler.onBodyDone(ByteArrayBodyHandler.java:51)
2025-01-29 13:26:41,237 INFO c.h.h.t.HelmChartContainer - [hivemq-test-hivemq-platform] [hivemq-platform-operator] [85a152b0] 	at java.base/java.util.concurrent.CompletableFuture.uniWhenComplete(Unknown Source)
2025-01-29 13:26:41,237 INFO c.h.h.t.HelmChartContainer - [hivemq-test-hivemq-platform] [hivemq-platform-operator] [85a152b0] 	at java.base/java.util.concurrent.CompletableFuture$UniWhenComplete.tryFire(Unknown Source)
2025-01-29 13:26:41,237 INFO c.h.h.t.HelmChartContainer - [hivemq-test-hivemq-platform] [hivemq-platform-operator] [85a152b0] 	at java.base/java.util.concurrent.CompletableFuture.postComplete(Unknown Source)
2025-01-29 13:26:41,237 INFO c.h.h.t.HelmChartContainer - [hivemq-test-hivemq-platform] [hivemq-platform-operator] [85a152b0] 	at java.base/java.util.concurrent.CompletableFuture.complete(Unknown Source)
2025-01-29 13:26:41,237 INFO c.h.h.t.HelmChartContainer - [hivemq-test-hivemq-platform] [hivemq-platform-operator] [85a152b0] 	at io.fabric8.kubernetes.client.vertx.VertxHttpRequest.lambda$null$1(VertxHttpRequest.java:121)
2025-01-29 13:26:41,237 INFO c.h.h.t.HelmChartContainer - [hivemq-test-hivemq-platform] [hivemq-platform-operator] [85a152b0] 	at io.vertx.core.impl.ContextInternal.dispatch(ContextInternal.java:279)
2025-01-29 13:26:41,237 INFO c.h.h.t.HelmChartContainer - [hivemq-test-hivemq-platform] [hivemq-platform-operator] [85a152b0] 	at io.vertx.core.impl.ContextInternal.dispatch(ContextInternal.java:261)
2025-01-29 13:26:41,237 INFO c.h.h.t.HelmChartContainer - [hivemq-test-hivemq-platform] [hivemq-platform-operator] [85a152b0] 	at io.vertx.core.http.impl.HttpEventHandler.handleEnd(HttpEventHandler.java:76)
2025-01-29 13:26:41,237 INFO c.h.h.t.HelmChartContainer - [hivemq-test-hivemq-platform] [hivemq-platform-operator] [85a152b0] 	at io.vertx.core.http.impl.HttpClientResponseImpl.handleEnd(HttpClientResponseImpl.java:250)
2025-01-29 13:26:41,237 INFO c.h.h.t.HelmChartContainer - [hivemq-test-hivemq-platform] [hivemq-platform-operator] [85a152b0] 	at io.vertx.core.http.impl.Http1xClientConnection$StreamImpl.lambda$new$0(Http1xClientConnection.java:421)
2025-01-29 13:26:41,237 INFO c.h.h.t.HelmChartContainer - [hivemq-test-hivemq-platform] [hivemq-platform-operator] [85a152b0] 	at io.vertx.core.streams.impl.InboundBuffer.handleEvent(InboundBuffer.java:279)
2025-01-29 13:26:41,237 INFO c.h.h.t.HelmChartContainer - [hivemq-test-hivemq-platform] [hivemq-platform-operator] [85a152b0] 	at io.vertx.core.streams.impl.InboundBuffer.write(InboundBuffer.java:157)
2025-01-29 13:26:41,237 INFO c.h.h.t.HelmChartContainer - [hivemq-test-hivemq-platform] [hivemq-platform-operator] [85a152b0] 	at io.vertx.core.http.impl.Http1xClientConnection$StreamImpl.handleEnd(Http1xClientConnection.java:709)
2025-01-29 13:26:41,237 INFO c.h.h.t.HelmChartContainer - [hivemq-test-hivemq-platform] [hivemq-platform-operator] [85a152b0] 	at io.vertx.core.impl.ContextImpl.execute(ContextImpl.java:313)
2025-01-29 13:26:41,237 INFO c.h.h.t.HelmChartContainer - [hivemq-test-hivemq-platform] [hivemq-platform-operator] [85a152b0] 	at io.vertx.core.impl.ContextImpl.execute(ContextImpl.java:293)
2025-01-29 13:26:41,237 INFO c.h.h.t.HelmChartContainer - [hivemq-test-hivemq-platform] [hivemq-platform-operator] [85a152b0] 	at io.vertx.core.http.impl.Http1xClientConnection.handleResponseEnd(Http1xClientConnection.java:940)
2025-01-29 13:26:41,237 INFO c.h.h.t.HelmChartContainer - [hivemq-test-hivemq-platform] [hivemq-platform-operator] [85a152b0] 	at io.vertx.core.http.impl.Http1xClientConnection.handleHttpMessage(Http1xClientConnection.java:810)
2025-01-29 13:26:41,237 INFO c.h.h.t.HelmChartContainer - [hivemq-test-hivemq-platform] [hivemq-platform-operator] [85a152b0] 	at io.vertx.core.http.impl.Http1xClientConnection.handleMessage(Http1xClientConnection.java:774)
2025-01-29 13:26:41,237 INFO c.h.h.t.HelmChartContainer - [hivemq-test-hivemq-platform] [hivemq-platform-operator] [85a152b0] 	at io.vertx.core.net.impl.ConnectionBase.read(ConnectionBase.java:159)
2025-01-29 13:26:41,237 INFO c.h.h.t.HelmChartContainer - [hivemq-test-hivemq-platform] [hivemq-platform-operator] [85a152b0] 	at io.vertx.core.net.impl.VertxHandler.channelRead(VertxHandler.java:153)
2025-01-29 13:26:41,237 INFO c.h.h.t.HelmChartContainer - [hivemq-test-hivemq-platform] [hivemq-platform-operator] [85a152b0] 	at io.netty.channel.AbstractChannelHandlerContext.invokeChannelRead(AbstractChannelHandlerContext.java:442)
2025-01-29 13:26:41,237 INFO c.h.h.t.HelmChartContainer - [hivemq-test-hivemq-platform] [hivemq-platform-operator] [85a152b0] 	at io.netty.channel.AbstractChannelHandlerContext.invokeChannelRead(AbstractChannelHandlerContext.java:420)
2025-01-29 13:26:41,238 INFO c.h.h.t.HelmChartContainer - [hivemq-test-hivemq-platform] [hivemq-platform-operator] [85a152b0] 	at io.netty.channel.AbstractChannelHandlerContext.fireChannelRead(AbstractChannelHandlerContext.java:412)
2025-01-29 13:26:41,238 INFO c.h.h.t.HelmChartContainer - [hivemq-test-hivemq-platform] [hivemq-platform-operator] [85a152b0] 	at io.netty.channel.CombinedChannelDuplexHandler$DelegatingChannelHandlerContext.fireChannelRead(CombinedChannelDuplexHandler.java:436)
2025-01-29 13:26:41,238 INFO c.h.h.t.HelmChartContainer - [hivemq-test-hivemq-platform] [hivemq-platform-operator] [85a152b0] 	at io.netty.handler.codec.ByteToMessageDecoder.fireChannelRead(ByteToMessageDecoder.java:346)
2025-01-29 13:26:41,238 INFO c.h.h.t.HelmChartContainer - [hivemq-test-hivemq-platform] [hivemq-platform-operator] [85a152b0] 	at io.netty.handler.codec.ByteToMessageDecoder.channelRead(ByteToMessageDecoder.java:318)
2025-01-29 13:26:41,238 INFO c.h.h.t.HelmChartContainer - [hivemq-test-hivemq-platform] [hivemq-platform-operator] [85a152b0] 	at io.netty.channel.CombinedChannelDuplexHandler.channelRead(CombinedChannelDuplexHandler.java:251)
2025-01-29 13:26:41,239 INFO c.h.h.t.HelmChartContainer - [hivemq-test-hivemq-platform] [hivemq-platform-operator] [85a152b0] 	at io.netty.channel.AbstractChannelHandlerContext.invokeChannelRead(AbstractChannelHandlerContext.java:442)
2025-01-29 13:26:41,239 INFO c.h.h.t.HelmChartContainer - [hivemq-test-hivemq-platform] [hivemq-platform-operator] [85a152b0] 	at io.netty.channel.AbstractChannelHandlerContext.invokeChannelRead(AbstractChannelHandlerContext.java:420)
2025-01-29 13:26:41,239 INFO c.h.h.t.HelmChartContainer - [hivemq-test-hivemq-platform] [hivemq-platform-operator] [85a152b0] 	at io.netty.channel.AbstractChannelHandlerContext.fireChannelRead(AbstractChannelHandlerContext.java:412)
2025-01-29 13:26:41,240 INFO c.h.h.t.HelmChartContainer - [hivemq-test-hivemq-platform] [hivemq-platform-operator] [85a152b0] 	at io.netty.handler.ssl.SslHandler.unwrap(SslHandler.java:1475)
2025-01-29 13:26:41,240 INFO c.h.h.t.HelmChartContainer - [hivemq-test-hivemq-platform] [hivemq-platform-operator] [85a152b0] 	at io.netty.handler.ssl.SslHandler.decodeJdkCompatible(SslHandler.java:1338)
2025-01-29 13:26:41,240 INFO c.h.h.t.HelmChartContainer - [hivemq-test-hivemq-platform] [hivemq-platform-operator] [85a152b0] 	at io.netty.handler.ssl.SslHandler.decode(SslHandler.java:1387)
2025-01-29 13:26:41,240 INFO c.h.h.t.HelmChartContainer - [hivemq-test-hivemq-platform] [hivemq-platform-operator] [85a152b0] 	at io.netty.handler.codec.ByteToMessageDecoder.decodeRemovalReentryProtection(ByteToMessageDecoder.java:530)
2025-01-29 13:26:41,240 INFO c.h.h.t.HelmChartContainer - [hivemq-test-hivemq-platform] [hivemq-platform-operator] [85a152b0] 	at io.netty.handler.codec.ByteToMessageDecoder.callDecode(ByteToMessageDecoder.java:469)
2025-01-29 13:26:41,240 INFO c.h.h.t.HelmChartContainer - [hivemq-test-hivemq-platform] [hivemq-platform-operator] [85a152b0] 	at io.netty.handler.codec.ByteToMessageDecoder.channelRead(ByteToMessageDecoder.java:290)
2025-01-29 13:26:41,240 INFO c.h.h.t.HelmChartContainer - [hivemq-test-hivemq-platform] [hivemq-platform-operator] [85a152b0] 	at io.netty.channel.AbstractChannelHandlerContext.invokeChannelRead(AbstractChannelHandlerContext.java:444)
2025-01-29 13:26:41,240 INFO c.h.h.t.HelmChartContainer - [hivemq-test-hivemq-platform] [hivemq-platform-operator] [85a152b0] 	at io.netty.channel.AbstractChannelHandlerContext.invokeChannelRead(AbstractChannelHandlerContext.java:420)
2025-01-29 13:26:41,240 INFO c.h.h.t.HelmChartContainer - [hivemq-test-hivemq-platform] [hivemq-platform-operator] [85a152b0] 	at io.netty.channel.AbstractChannelHandlerContext.fireChannelRead(AbstractChannelHandlerContext.java:412)
2025-01-29 13:26:41,240 INFO c.h.h.t.HelmChartContainer - [hivemq-test-hivemq-platform] [hivemq-platform-operator] [85a152b0] 	at io.netty.channel.DefaultChannelPipeline$HeadContext.channelRead(DefaultChannelPipeline.java:1407)
2025-01-29 13:26:41,240 INFO c.h.h.t.HelmChartContainer - [hivemq-test-hivemq-platform] [hivemq-platform-operator] [85a152b0] 	at io.netty.channel.AbstractChannelHandlerContext.invokeChannelRead(AbstractChannelHandlerContext.java:440)
2025-01-29 13:26:41,243 INFO c.h.h.t.HelmChartContainer - [hivemq-test-hivemq-platform] [hivemq-platform-operator] [85a152b0] 	at io.netty.channel.AbstractChannelHandlerContext.invokeChannelRead(AbstractChannelHandlerContext.java:420)
2025-01-29 13:26:41,243 INFO c.h.h.t.HelmChartContainer - [hivemq-test-hivemq-platform] [hivemq-platform-operator] [85a152b0] 	at io.netty.channel.DefaultChannelPipeline.fireChannelRead(DefaultChannelPipeline.java:918)
2025-01-29 13:26:41,243 INFO c.h.h.t.HelmChartContainer - [hivemq-test-hivemq-platform] [hivemq-platform-operator] [85a152b0] 	at io.netty.channel.nio.AbstractNioByteChannel$NioByteUnsafe.read(AbstractNioByteChannel.java:166)
2025-01-29 13:26:41,243 INFO c.h.h.t.HelmChartContainer - [hivemq-test-hivemq-platform] [hivemq-platform-operator] [85a152b0] 	at io.netty.channel.nio.NioEventLoop.processSelectedKey(NioEventLoop.java:788)
2025-01-29 13:26:41,243 INFO c.h.h.t.HelmChartContainer - [hivemq-test-hivemq-platform] [hivemq-platform-operator] [85a152b0] 	at io.netty.channel.nio.NioEventLoop.processSelectedKeysOptimized(NioEventLoop.java:724)
2025-01-29 13:26:41,243 INFO c.h.h.t.HelmChartContainer - [hivemq-test-hivemq-platform] [hivemq-platform-operator] [85a152b0] 	at io.netty.channel.nio.NioEventLoop.processSelectedKeys(NioEventLoop.java:650)
2025-01-29 13:26:41,243 INFO c.h.h.t.HelmChartContainer - [hivemq-test-hivemq-platform] [hivemq-platform-operator] [85a152b0] 	at io.netty.channel.nio.NioEventLoop.run(NioEventLoop.java:562)
2025-01-29 13:26:41,243 INFO c.h.h.t.HelmChartContainer - [hivemq-test-hivemq-platform] [hivemq-platform-operator] [85a152b0] 	at io.netty.util.concurrent.SingleThreadEventExecutor$4.run(SingleThreadEventExecutor.java:997)
2025-01-29 13:26:41,243 INFO c.h.h.t.HelmChartContainer - [hivemq-test-hivemq-platform] [hivemq-platform-operator] [85a152b0] 	at io.netty.util.internal.ThreadExecutorMap$2.run(ThreadExecutorMap.java:74)
2025-01-29 13:26:41,243 INFO c.h.h.t.HelmChartContainer - [hivemq-test-hivemq-platform] [hivemq-platform-operator] [85a152b0] 	at io.netty.util.concurrent.FastThreadLocalRunnable.run(FastThreadLocalRunnable.java:30)
2025-01-29 13:26:41,243 INFO c.h.h.t.HelmChartContainer - [hivemq-test-hivemq-platform] [hivemq-platform-operator] [85a152b0] 	... 1 common frames omitted
2025-01-29 13:26:41,243 INFO c.h.h.t.HelmChartContainer - [hivemq-test-hivemq-platform] [hivemq-platform-operator] [85a152b0] 13:26:41.238 [ReconcilerExecutor-hivemq-controller-126] INFO  c.h.p.o.HiveMQPlatformReconciler - [helmrest] Cleanup test-hivemq-platform - helmrestapiit HiveMQ Platform is shut down
2025-01-29 13:26:41,522 INFO c.h.h.t.HelmChartContainer - [POD] test-hivemq-platform-0 [36eb870f-307a-4801-9531-5c3fb0682bc3] in helmrestapiit was MODIFIED
2025-01-29 13:26:41,527 INFO c.h.h.t.HelmChartContainer - [EVENT] Normal [Killing] Stopping container hivemq [helmrestapiit:test-hivemq-platform-0]
2025-01-29 13:26:41,527 INFO c.h.h.t.HelmChartContainer - Received Killing event for container hivemq in pod test-hivemq-platform-0 [36eb870f-307a-4801-9531-5c3fb0682bc3]
2025-01-29 13:26:41,527 INFO c.h.h.t.HelmChartContainer - Container [test-hivemq-platform-0] [hivemq] [36eb870f-307a-4801-9531-5c3fb0682bc3] was terminated
2025-01-29 13:26:41,527 INFO c.h.h.t.HelmChartContainer - Stopped log watcher for hivemq in pod test-hivemq-platform-0 [36eb870f-307a-4801-9531-5c3fb0682bc3]
2025-01-29 13:26:41,532 INFO c.h.h.t.HelmChartContainer - [test-hivemq-platform] [hivemq] [36eb870f] INFO  - [HiveMQ Platform Operator Init App 1.7.0-SNAPSHOT] Shutting down
2025-01-29 13:26:41,532 INFO c.h.h.t.HelmChartContainer - [test-hivemq-platform] [hivemq] [36eb870f] INFO  - [HiveMQ Platform Operator Init App 1.7.0-SNAPSHOT] Stopping the HiveMQ Platform
2025-01-29 13:26:41,675 INFO c.h.h.t.HelmChartContainer - [test-hivemq-platform] [hivemq] [36eb870f] INFO  - Shutting down HiveMQ. Please wait, this could take a while...
2025-01-29 13:26:41,738 INFO c.h.h.t.HelmChartContainer - [test-hivemq-platform] [hivemq] [36eb870f] INFO  - Shutting down listeners and clients
2025-01-29 13:26:41,740 INFO c.h.h.t.HelmChartContainer - [test-hivemq-platform] [hivemq] [36eb870f] INFO  - Shutdown of listeners is done
2025-01-29 13:26:41,740 INFO c.h.h.t.HelmChartContainer - [test-hivemq-platform] [hivemq] [36eb870f] INFO  - No clients are connected, proceeding with shutdown
2025-01-29 13:26:42,986 INFO c.h.h.t.HelmChartContainer - Deleting namespace 'helmrestapiit'...
2025-01-29 13:26:44,677 INFO c.h.h.t.HelmChartContainer - [test-hivemq-platform] [hivemq] [36eb870f] INFO  - Shutting down extension system
2025-01-29 13:26:44,682 INFO c.h.h.t.HelmChartContainer - [test-hivemq-platform] [hivemq] [36eb870f] INFO  - Stopping extension with id hivemq-dns-cluster-discovery
2025-01-29 13:26:44,683 INFO c.h.h.t.HelmChartContainer - [test-hivemq-platform] [hivemq] [36eb870f] INFO  - Extension "DNS Cluster Discovery Extension" version 4.3.2 stopped successfully.
2025-01-29 13:26:44,683 INFO c.h.h.t.HelmChartContainer - [test-hivemq-platform] [hivemq] [36eb870f] INFO  - Stopping extension with id hivemq-prometheus-extension
2025-01-29 13:26:44,687 INFO c.h.h.t.HelmChartContainer - [test-hivemq-platform] [hivemq] [36eb870f] INFO  - Extension "Prometheus Monitoring Extension" version 4.0.12 stopped successfully.
2025-01-29 13:26:44,687 INFO c.h.h.t.HelmChartContainer - [test-hivemq-platform] [hivemq] [36eb870f] INFO  - Stopping extension with id hivemq-allow-all-extension
2025-01-29 13:26:44,688 INFO c.h.h.t.HelmChartContainer - [test-hivemq-platform] [hivemq] [36eb870f] INFO  - Extension "Allow All Extension" version 1.1.1 stopped successfully.
2025-01-29 13:26:45,387 INFO c.h.h.t.HelmChartContainer - [test-hivemq-platform] [hivemq] [36eb870f] INFO  - [HiveMQ Platform Operator Init App 1.7.0-SNAPSHOT] Returning shutdown Health API response 503 for readiness
2025-01-29 13:26:45,392 INFO c.h.h.t.HelmChartContainer - [EVENT] Warning [Unhealthy] Readiness probe failed: HTTP probe failed with statuscode: 503 [helmrestapiit:test-hivemq-platform-0]
2025-01-29 13:26:45,392 INFO c.h.h.t.HelmChartContainer - Received Unhealthy event for container hivemq in pod test-hivemq-platform-0 [36eb870f-307a-4801-9531-5c3fb0682bc3]
2025-01-29 13:26:45,890 INFO c.h.h.t.HelmChartContainer - [K3S] [authentication.go:74] "Unable to authenticate the request" err="[invalid bearer token, serviceaccounts \"hivemq-platform-pod-test-hivemq-platform\" not found]"
2025-01-29 13:26:45,909 INFO c.h.h.t.HelmChartContainer - [K3S] [authentication.go:74] "Unable to authenticate the request" err="[invalid bearer token, serviceaccounts \"hivemq-platform-pod-test-hivemq-platform\" not found]"
2025-01-29 13:26:45,981 INFO c.h.h.t.HelmChartContainer - [test-hivemq-platform] [hivemq] [36eb870f] WARN  - [HiveMQ Platform Operator Init App 1.7.0-SNAPSHOT] Could not update Pod annotations: Failure executing: GET at: https://10.43.0.1:443/api/v1/namespaces/helmrestapiit/pods/test-hivemq-platform-0. Message: Unauthorized. Received status: Status(apiVersion=v1, code=401, details=null, kind=Status, message=Unauthorized, metadata=ListMeta(_continue=null, remainingItemCount=null, resourceVersion=null, selfLink=null, additionalProperties={}), reason=Unauthorized, status=Failure, additionalProperties={}).
2025-01-29 13:26:47,034 INFO c.h.h.t.HelmChartContainer - [test-hivemq-platform] [hivemq] [36eb870f] INFO  - Shutdown completed.
2025-01-29 13:26:47,382 INFO c.h.h.t.HelmChartContainer - [test-hivemq-platform] [hivemq] [36eb870f] INFO  - [HiveMQ Platform Operator Init App 1.7.0-SNAPSHOT] The HiveMQ Platform exited with code 143
2025-01-29 13:26:47,382 INFO c.h.h.t.HelmChartContainer - [test-hivemq-platform] [hivemq] [36eb870f] INFO  - [HiveMQ Platform Operator Init App 1.7.0-SNAPSHOT] Stopping the REST API
2025-01-29 13:26:47,389 INFO c.h.h.t.HelmChartContainer - [test-hivemq-platform] [hivemq] [36eb870f] INFO  - [HiveMQ Platform Operator Init App 1.7.0-SNAPSHOT] Shutdown complete
2025-01-29 13:26:47,841 INFO c.h.h.t.HelmChartContainer - [POD] test-hivemq-platform-0 [36eb870f-307a-4801-9531-5c3fb0682bc3] in helmrestapiit was MODIFIED
2025-01-29 13:26:47,842 INFO c.h.h.t.HelmChartContainer - [K3S] [stateful_set.go:438] "Unhandled Error" err="error syncing StatefulSet helmrestapiit/test-hivemq-platform, requeuing: controllerrevisions.apps \"test-hivemq-platform-54dd684c8\" is forbidden: unable to create new content in namespace helmrestapiit because it is being terminated"
2025-01-29 13:26:47,850 INFO c.h.h.t.HelmChartContainer - [K3S] [stateful_set.go:438] "Unhandled Error" err="error syncing StatefulSet helmrestapiit/test-hivemq-platform, requeuing: controllerrevisions.apps \"test-hivemq-platform-54dd684c8\" is forbidden: unable to create new content in namespace helmrestapiit because it is being terminated"
2025-01-29 13:26:47,863 INFO c.h.h.t.HelmChartContainer - [K3S] [stateful_set.go:438] "Unhandled Error" err="error syncing StatefulSet helmrestapiit/test-hivemq-platform, requeuing: controllerrevisions.apps \"test-hivemq-platform-54dd684c8\" is forbidden: unable to create new content in namespace helmrestapiit because it is being terminated"
2025-01-29 13:26:47,887 INFO c.h.h.t.HelmChartContainer - [K3S] [stateful_set.go:438] "Unhandled Error" err="error syncing StatefulSet helmrestapiit/test-hivemq-platform, requeuing: controllerrevisions.apps \"test-hivemq-platform-54dd684c8\" is forbidden: unable to create new content in namespace helmrestapiit because it is being terminated"
2025-01-29 13:26:47,929 INFO c.h.h.t.HelmChartContainer - [K3S] [stateful_set.go:438] "Unhandled Error" err="error syncing StatefulSet helmrestapiit/test-hivemq-platform, requeuing: controllerrevisions.apps \"test-hivemq-platform-54dd684c8\" is forbidden: unable to create new content in namespace helmrestapiit because it is being terminated"
2025-01-29 13:26:47,990 INFO c.h.h.t.HelmChartContainer - [K3S] [reconciler_common.go:162] "operationExecutor.UnmountVolume started for volume \"pod-info\" (UniqueName: \"kubernetes.io/configmap/36eb870f-307a-4801-9531-5c3fb0682bc3-pod-info\") pod \"36eb870f-307a-4801-9531-5c3fb0682bc3\" (UID: \"36eb870f-307a-4801-9531-5c3fb0682bc3\") "
2025-01-29 13:26:47,990 INFO c.h.h.t.HelmChartContainer - [K3S] [reconciler_common.go:162] "operationExecutor.UnmountVolume started for volume \"broker-configuration\" (UniqueName: \"kubernetes.io/configmap/36eb870f-307a-4801-9531-5c3fb0682bc3-broker-configuration\") pod \"36eb870f-307a-4801-9531-5c3fb0682bc3\" (UID: \"36eb870f-307a-4801-9531-5c3fb0682bc3\") "
2025-01-29 13:26:47,990 INFO c.h.h.t.HelmChartContainer - [K3S] [reconciler_common.go:162] "operationExecutor.UnmountVolume started for volume \"operator-init\" (UniqueName: \"kubernetes.io/empty-dir/36eb870f-307a-4801-9531-5c3fb0682bc3-operator-init\") pod \"36eb870f-307a-4801-9531-5c3fb0682bc3\" (UID: \"36eb870f-307a-4801-9531-5c3fb0682bc3\") "
2025-01-29 13:26:47,991 INFO c.h.h.t.HelmChartContainer - [K3S] [reconciler_common.go:162] "operationExecutor.UnmountVolume started for volume \"kube-api-access-7kq88\" (UniqueName: \"kubernetes.io/projected/36eb870f-307a-4801-9531-5c3fb0682bc3-kube-api-access-7kq88\") pod \"36eb870f-307a-4801-9531-5c3fb0682bc3\" (UID: \"36eb870f-307a-4801-9531-5c3fb0682bc3\") "
2025-01-29 13:26:48,012 INFO c.h.h.t.HelmChartContainer - [K3S] [stateful_set.go:438] "Unhandled Error" err="error syncing StatefulSet helmrestapiit/test-hivemq-platform, requeuing: controllerrevisions.apps \"test-hivemq-platform-54dd684c8\" is forbidden: unable to create new content in namespace helmrestapiit because it is being terminated"
2025-01-29 13:26:48,074 INFO c.h.h.t.HelmChartContainer - [K3S] [scope.go:117] "RemoveContainer" containerID="fa4ace9682aaa4ca07c9d92615f890847d88fe5da33f72324be0b81f0fd020c5"
2025-01-29 13:26:48,091 INFO c.h.h.t.HelmChartContainer - [K3S] [reconciler_common.go:299] "Volume detached for volume \"operator-init\" (UniqueName: \"kubernetes.io/empty-dir/36eb870f-307a-4801-9531-5c3fb0682bc3-operator-init\") on node \"4b5e7665a766\" DevicePath \"\""
2025-01-29 13:26:48,091 INFO c.h.h.t.HelmChartContainer - [K3S] [reconciler_common.go:299] "Volume detached for volume \"kube-api-access-7kq88\" (UniqueName: \"kubernetes.io/projected/36eb870f-307a-4801-9531-5c3fb0682bc3-kube-api-access-7kq88\") on node \"4b5e7665a766\" DevicePath \"\""
2025-01-29 13:26:48,092 INFO c.h.h.t.HelmChartContainer - [K3S] [reconciler_common.go:299] "Volume detached for volume \"broker-configuration\" (UniqueName: \"kubernetes.io/configmap/36eb870f-307a-4801-9531-5c3fb0682bc3-broker-configuration\") on node \"4b5e7665a766\" DevicePath \"\""
2025-01-29 13:26:48,092 INFO c.h.h.t.HelmChartContainer - [K3S] [reconciler_common.go:299] "Volume detached for volume \"pod-info\" (UniqueName: \"kubernetes.io/configmap/36eb870f-307a-4801-9531-5c3fb0682bc3-pod-info\") on node \"4b5e7665a766\" DevicePath \"\""
2025-01-29 13:26:48,095 INFO c.h.h.t.HelmChartContainer - [K3S] [stateful_set.go:438] "Unhandled Error" err="error syncing StatefulSet helmrestapiit/test-hivemq-platform, requeuing: controllerrevisions.apps \"test-hivemq-platform-54dd684c8\" is forbidden: unable to create new content in namespace helmrestapiit because it is being terminated"
2025-01-29 13:26:48,097 INFO c.h.h.t.HelmChartContainer - [POD] test-hivemq-platform-0 [36eb870f-307a-4801-9531-5c3fb0682bc3] in helmrestapiit was MODIFIED
2025-01-29 13:26:48,101 INFO c.h.h.t.HelmChartContainer - [K3S] [stateful_set.go:438] "Unhandled Error" err="error syncing StatefulSet helmrestapiit/test-hivemq-platform, requeuing: controllerrevisions.apps \"test-hivemq-platform-54dd684c8\" is forbidden: unable to create new content in namespace helmrestapiit because it is being terminated"
2025-01-29 13:26:48,103 INFO c.h.h.t.HelmChartContainer - [POD] test-hivemq-platform-0 [36eb870f-307a-4801-9531-5c3fb0682bc3] in helmrestapiit was DELETED
2025-01-29 13:26:48,118 INFO c.h.h.t.HelmChartContainer - [K3S] [stateful_set.go:466] "StatefulSet has been deleted" key="helmrestapiit/test-hivemq-platform"
2025-01-29 13:26:48,174 INFO c.h.h.t.HelmChartContainer - [K3S] [stateful_set.go:466] "StatefulSet has been deleted" key="helmrestapiit/test-hivemq-platform"
2025-01-29 13:26:48,191 INFO c.h.h.t.HelmChartContainer - [K3S] [scope.go:117] "RemoveContainer" containerID="4655f622618f9237f8ac5a41eb4dedc15719eb803fdb90545e6bb9b5aac01728"
2025-01-29 13:26:48,194 INFO c.h.h.t.HelmChartContainer - [K3S] [scope.go:117] "RemoveContainer" containerID="fa4ace9682aaa4ca07c9d92615f890847d88fe5da33f72324be0b81f0fd020c5"
2025-01-29 13:26:48,195 INFO c.h.h.t.HelmChartContainer - [K3S] [scope.go:117] "RemoveContainer" containerID="4655f622618f9237f8ac5a41eb4dedc15719eb803fdb90545e6bb9b5aac01728"
2025-01-29 13:26:48,245 INFO c.h.h.t.HelmChartContainer - [K3S] [namespace_controller.go:164] "Unhandled Error" err="deletion of namespace helmrestapiit failed: unexpected items still remain in namespace: helmrestapiit for gvr: /v1, Resource=pods"
2025-01-29 13:26:48,286 INFO c.h.h.t.HelmChartContainer - [K3S] [kubelet_volumes.go:163] "Cleaned up orphaned pod volumes dir" podUID="36eb870f-307a-4801-9531-5c3fb0682bc3" path="/var/lib/kubelet/pods/36eb870f-307a-4801-9531-5c3fb0682bc3/volumes"
2025-01-29 13:26:48,509 INFO c.h.h.t.HelmChartContainer - Namespace 'helmrestapiit' deleted
2025-01-29 13:26:48,509 INFO c.h.h.t.HelmChartContainer - Release 'test-hivemq-platform' in namespace 'helmrestapiit' is uninstalled
2025-01-29 13:26:48,509 INFO c.h.h.t.HelmChartContainer - Uninstalling release 'test-hivemq-platform-operator' in namespace 'helmrestapiit-operator'...
2025-01-29 13:26:48,509 DEBUG c.h.h.t.HelmChartContainer - Executing helm command: /bin/helm --kubeconfig /etc/rancher/k3s/k3s.yaml uninstall test-hivemq-platform-operator  --wait --timeout 5m0s --cascade foreground --namespace helmrestapiit-operator
2025-01-29 13:26:48,667 INFO c.h.h.t.HelmChartContainer - [K3S] [replica_set.go:679] "Finished syncing" kind="ReplicaSet" key="helmrestapiit-operator/hivemq-test-hivemq-platform-operator-6966f96d65" duration="8.569257ms"
2025-01-29 13:26:48,667 INFO c.h.h.t.HelmChartContainer - [K3S] [replica_set.go:679] "Finished syncing" kind="ReplicaSet" key="helmrestapiit-operator/hivemq-test-hivemq-platform-operator-6966f96d65" duration="30.647µs"
2025-01-29 13:26:48,688 INFO c.h.h.t.HelmChartContainer - [POD] hivemq-test-hivemq-platform-operator-6966f96d65-6q2h6 [85a152b0-4bf2-4567-b19e-a9e88fd05139] in helmrestapiit-operator was MODIFIED
2025-01-29 13:26:48,696 INFO c.h.h.t.HelmChartContainer - [hivemq-test-hivemq-platform] [hivemq-platform-operator] [85a152b0] 13:26:48.693 [application-shutdown-thread] INFO  c.h.p.o.HiveMQPlatformOperatorApplication - HiveMQ Platform Operator is stopping...
2025-01-29 13:26:48,696 INFO c.h.h.t.HelmChartContainer - [hivemq-test-hivemq-platform] [hivemq-platform-operator] [85a152b0] 13:26:48.693 [application-shutdown-thread] INFO  i.javaoperatorsdk.operator.Operator - Operator SDK 4.9.7 is shutting down...
2025-01-29 13:26:48,698 INFO c.h.h.t.HelmChartContainer - [K3S] [replica_set.go:679] "Finished syncing" kind="ReplicaSet" key="helmrestapiit-operator/hivemq-test-hivemq-platform-operator-6966f96d65" duration="18.225098ms"
2025-01-29 13:26:48,701 INFO c.h.h.t.HelmChartContainer - [EVENT] Normal [Killing] Stopping container hivemq-platform-operator [helmrestapiit-operator:hivemq-test-hivemq-platform-operator-6966f96d65-6q2h6]
2025-01-29 13:26:48,702 INFO c.h.h.t.HelmChartContainer - Received Killing event for container hivemq-platform-operator in pod hivemq-test-hivemq-platform-operator-6966f96d65-6q2h6 [85a152b0-4bf2-4567-b19e-a9e88fd05139]
2025-01-29 13:26:48,702 INFO c.h.h.t.HelmChartContainer - Container [hivemq-test-hivemq-platform-operator-6966f96d65-6q2h6] [hivemq-platform-operator] [85a152b0-4bf2-4567-b19e-a9e88fd05139] was terminated
2025-01-29 13:26:48,702 INFO c.h.h.t.HelmChartContainer - Stopped log watcher for hivemq-platform-operator in pod hivemq-test-hivemq-platform-operator-6966f96d65-6q2h6 [85a152b0-4bf2-4567-b19e-a9e88fd05139]
2025-01-29 13:26:48,703 INFO c.h.h.t.HelmChartContainer - [K3S] [replica_set.go:679] "Finished syncing" kind="ReplicaSet" key="helmrestapiit-operator/hivemq-test-hivemq-platform-operator-6966f96d65" duration="475.836µs"
2025-01-29 13:26:49,294 INFO c.h.h.t.HelmChartContainer - [K3S] [replica_set.go:679] "Finished syncing" kind="ReplicaSet" key="helmrestapiit-operator/hivemq-test-hivemq-platform-operator-6966f96d65" duration="41.758µs"
2025-01-29 13:26:49,295 INFO c.h.h.t.HelmChartContainer - [POD] hivemq-test-hivemq-platform-operator-6966f96d65-6q2h6 [85a152b0-4bf2-4567-b19e-a9e88fd05139] in helmrestapiit-operator was MODIFIED
2025-01-29 13:26:49,297 INFO c.h.h.t.HelmChartContainer - [K3S] [reconciler_common.go:162] "operationExecutor.UnmountVolume started for volume \"kube-api-access-ghhwc\" (UniqueName: \"kubernetes.io/projected/85a152b0-4bf2-4567-b19e-a9e88fd05139-kube-api-access-ghhwc\") pod \"85a152b0-4bf2-4567-b19e-a9e88fd05139\" (UID: \"85a152b0-4bf2-4567-b19e-a9e88fd05139\") "
2025-01-29 13:26:49,398 INFO c.h.h.t.HelmChartContainer - [K3S] [reconciler_common.go:299] "Volume detached for volume \"kube-api-access-ghhwc\" (UniqueName: \"kubernetes.io/projected/85a152b0-4bf2-4567-b19e-a9e88fd05139-kube-api-access-ghhwc\") on node \"4b5e7665a766\" DevicePath \"\""
2025-01-29 13:26:50,076 INFO c.h.h.t.HelmChartContainer - [K3S] [scope.go:117] "RemoveContainer" containerID="82c9c95584e87ef7133cb604705f3191f6fc3e54425c860c78888bb62eb11e75"
2025-01-29 13:26:50,079 INFO c.h.h.t.HelmChartContainer - [K3S] [scope.go:117] "RemoveContainer" containerID="82c9c95584e87ef7133cb604705f3191f6fc3e54425c860c78888bb62eb11e75"
2025-01-29 13:26:50,088 INFO c.h.h.t.HelmChartContainer - [K3S] [replica_set.go:679] "Finished syncing" kind="ReplicaSet" key="helmrestapiit-operator/hivemq-test-hivemq-platform-operator-6966f96d65" duration="43.181µs"
2025-01-29 13:26:50,088 INFO c.h.h.t.HelmChartContainer - [POD] hivemq-test-hivemq-platform-operator-6966f96d65-6q2h6 [85a152b0-4bf2-4567-b19e-a9e88fd05139] in helmrestapiit-operator was MODIFIED
2025-01-29 13:26:50,090 INFO c.h.h.t.HelmChartContainer - [POD] hivemq-test-hivemq-platform-operator-6966f96d65-6q2h6 [85a152b0-4bf2-4567-b19e-a9e88fd05139] in helmrestapiit-operator was DELETED
2025-01-29 13:26:50,090 INFO c.h.h.t.HelmChartContainer - [K3S] [replica_set.go:679] "Finished syncing" kind="ReplicaSet" key="helmrestapiit-operator/hivemq-test-hivemq-platform-operator-6966f96d65" duration="30.236µs"
2025-01-29 13:26:50,102 INFO c.h.h.t.HelmChartContainer - [K3S] [replica_set.go:679] "Finished syncing" kind="ReplicaSet" key="helmrestapiit-operator/hivemq-test-hivemq-platform-operator-6966f96d65" duration="5.801µs"
2025-01-29 13:26:50,284 INFO c.h.h.t.HelmChartContainer - [K3S] [kubelet_volumes.go:163] "Cleaned up orphaned pod volumes dir" podUID="85a152b0-4bf2-4567-b19e-a9e88fd05139" path="/var/lib/kubelet/pods/85a152b0-4bf2-4567-b19e-a9e88fd05139/volumes"
2025-01-29 13:26:50,716 INFO c.h.h.t.HelmChartContainer - Deleting namespace 'helmrestapiit-operator'...
2025-01-29 13:26:53,431 INFO c.h.h.t.HelmChartContainer - [K3S] [namespace_controller.go:187] "Namespace has been deleted" namespace="helmrestapiit"
2025-01-29 13:26:55,932 INFO c.h.h.t.HelmChartContainer - Namespace 'helmrestapiit-operator' deleted
2025-01-29 13:26:55,932 INFO c.h.h.t.HelmChartContainer - Release 'test-hivemq-platform-operator' in namespace 'helmrestapiit-operator' is uninstalled
2025-01-29 13:26:56,502 INFO c.h.helmcharts.AbstractHelmChartIT - Removed unused containers:

2025-01-29 13:27:00,838 INFO c.h.h.t.HelmChartContainer - [K3S] [namespace_controller.go:187] "Namespace has been deleted" namespace="helmrestapiit-operator"
2025-01-29 13:27:03,921 INFO c.h.helmcharts.AbstractHelmChartIT - Removed unused snapshots:
Removing snapshot sha256:03af251906410714c5aef9fa705b63f6bbc39c4a5e787de7361eeb18886c2ed2
Removing snapshot sha256:0c46b3b43cce082ce5ec34ffc6c294e0417d17b9d1e6f366d114b6aadc4f96dc
Removing snapshot sha256:0ce761beee59082d6ed5bcebd3a805b8ddd9b3426b617e4809e7fb7c6587ffec
Removing snapshot sha256:0df91287303208332c8ff6ba40ae4710105201739addbfbddfb955f1ad593664
Removing snapshot sha256:1021ef88c7974bfff89c5a0ec4fd3160daac6c48a075f74cff721f85dd104e68
Removing snapshot sha256:10aba4953ddc18145dd38e3704709bc464aa20af60b56fe52caaff4b68411e62
Removing snapshot sha256:2573e0d8158209ed54ab25c87bcdcb00bd3d2539246960a3d592a1c599d70465
Removing snapshot sha256:28949a393ce844c6bddc1c54bd13efe3c3fe76d30699627cd2f6c77aa3f86bf3
Removing snapshot sha256:362a8a37f8bbc31925a8146adcf7cf51f9882f5c1dcbef67c5baa03a297543c0
Removing snapshot sha256:43a7c979bbaba6838bc3102d6b10a1459f3ab050b87ccdfef84ef90cf43d3058
Removing snapshot sha256:4ab04491cdf0d3267f08206fe30bd48f49f94b9cab2f016d6739220f722a64af
Removing snapshot sha256:4b6068250e89c96f263060261819c7d912855bfbd64b3eb4c4a8483299b8c295
Removing snapshot sha256:580e69a0a8034ede1921139bbd2bfb72a69ebf276d008281896c32dd8bf74775
Removing snapshot sha256:5d30ba46b27fe37484567ccc5242cadc78217b8da605f3f195ef25cbf7487904
Removing snapshot sha256:63ca1fbb43ae5034640e5e6cb3e083e05c290072c5366fcaa9d62435a4cced85
Removing snapshot sha256:67f702c6baae873bceb19487c8b1f27bd2b86077e4f2f0e480e6d60ab508b8f5
Removing snapshot sha256:6864348dd42806d552efdec384f1274be15e2d0c10ce44c1f04347af004c10a9
Removing snapshot sha256:6c7dee8f2c39b84b7dc2711c01d33de93514d9055499173e9290176fbe484b6c
Removing snapshot sha256:70a7599a2d7a3259afa42f29abef20d42e0c7ece44c099427783d5b0fd89fc08
Removing snapshot sha256:82753493a6d61ded36556292f02f31841a14c20d2f279f19eaad65afb661d5cd
Removing snapshot sha256:8a10d3db42c505ee0fcfa98417bdd7e39b304f6bcc0a06bb1b220797ff2cc63c
Removing snapshot sha256:a21e5b12dbac529ad45d976eb9ce45c881f3bedcc500fb30aba1e52aa1813418
Removing snapshot sha256:b921e6c28969094157f9b8e7244677780319637afd14450b7cb6b2fdea558a0c
Removing snapshot sha256:bc27ecb5769a00e309cf99ebc763c4a4b958b618d1decc96ffac5bc05f02f5b7
Removing snapshot sha256:be3ccb6627a5332e309d45ef461d09b4879dd870c7394d89323d0ebc6ca6aa8a
Removing snapshot sha256:c261f7cbbc64211ee175ee47273acdb7b1a36a4450b397a064a8f2c026490095
Removing snapshot sha256:c34d9393647eea0c9e3557ab988efaf59f61d10a2a5613b439ef0958cca5ec10
Removing snapshot sha256:ccf3c4a0fa967a41c1c83497a2ce6fa5787965859df0adb32c4ca2cf7490bc2b
Removing snapshot sha256:cf92d33f869417309692088c341cd0f223c178ea78a125f757317b22aa8f90e9
Removing snapshot sha256:d0037344cf2fb078884f1849f6a1f8cf9a33a3b6139b6a85833e5ee528e1f9a8
Removing snapshot sha256:d3b36d5b79273b1e98e7700470eaeff05a882e777124d84cebcc1505b85ecb36
Removing snapshot sha256:d65a44a37914602d12c611e5e22a50f11451d847e63015cc1c2aef92dee777a4
Removing snapshot sha256:e2dc0bae2455930f23ae570e019b7f32edc75c0f2d71cab084db837ff9051796
Removing snapshot sha256:eccbd24a99c60cd9e86ee5305dbfc4a4dc89f5ab4fb1f06c8d64797cecedef34
Removing snapshot sha256:f144bb4c7c7f0d2aa7eeffd36d934ec40db1ee167be727e326aad9fdc616f475

]]></system-out>
  </testcase>
  <system-out><![CDATA[2025-01-29 13:22:01,845 INFO c.h.h.t.HelmChartContainerExtension - Using cached HelmChartContainer instance
]]></system-out>
  <system-err><![CDATA[]]></system-err>
</testsuite>
