<?xml version="1.0" encoding="UTF-8"?>
<testsuite name="com.hivemq.helmcharts.CompatibilityHelmChartDeploymentIT" tests="1" skipped="0" failures="0" errors="0" timestamp="2025-07-29T12:57:51" hostname="pkrvmpptgkbjq6m" time="145.388">
  <properties/>
  <testcase name="withHelmLocalVersionDeployment_mqttMessagePublishedReceived()" classname="com.hivemq.helmcharts.CompatibilityHelmChartDeploymentIT" time="145.388"/>
</testsuite>
