<?xml version="1.0" encoding="UTF-8"?>
<testsuite name="com.hivemq.helmcharts.platform.HelmPlatformMutualTlsIT" tests="1" skipped="0" failures="0" errors="0" timestamp="2025-09-15T07:54:12" hostname="runnervmf4ws1" time="95.288">
  <properties/>
  <testcase name="withMutualTls_hivemqRunning()" classname="com.hivemq.helmcharts.platform.HelmPlatformMutualTlsIT" time="95.288"/>
</testsuite>
