<?xml version="1.0" encoding="UTF-8"?>
<testsuite name="com.hivemq.helmcharts.extensions.HelmCustomExtensionIT" tests="1" skipped="0" failures="0" errors="0" timestamp="2025-05-16T15:56:37" hostname="fv-az1913-280" time="96.635">
  <properties/>
  <testcase name="platformChart_whenCustomExtensionIsConfigured_withHttp_thenStartsUpSuccessfully()" classname="com.hivemq.helmcharts.extensions.HelmCustomExtensionIT" time="96.635"/>
</testsuite>
