<?xml version="1.0" encoding="UTF-8"?>
<testsuite name="com.hivemq.helmcharts.extensions.HelmExtensionPriorityIT" tests="1" skipped="0" failures="0" errors="0" timestamp="2025-01-27T17:04:36" hostname="fv-az1307-850" time="113.862">
  <properties/>
  <testcase name="platformChart_whenExtensionPriorityIsConfigured_thenInterceptorsAreExecutedInTheExpectedOrder()" classname="com.hivemq.helmcharts.extensions.HelmExtensionPriorityIT" time="113.862">
    <system-out><![CDATA[2025-01-27 17:04:36,857 INFO c.h.h.t.HelmChartContainer - Creating namespace 'helmextensionpriorityit-operator'...
2025-01-27 17:04:37,120 INFO c.h.h.t.HelmChartContainer - [POD] coredns-ff8999cc5-nzk9m [caee21fb-bffc-476d-a781-6617c66bc484] in kube-system was ADDED
2025-01-27 17:04:37,123 INFO c.h.h.t.HelmChartContainer - [POD] local-path-provisioner-698b58967b-jm4mk [5e135150-9821-405e-97e1-7bc44dfda1c3] in kube-system was ADDED
2025-01-27 17:04:37,126 INFO c.h.h.t.HelmChartContainer - Namespace 'helmextensionpriorityit-operator' created
2025-01-27 17:04:37,126 INFO c.h.h.t.HelmChartContainer - Creating namespace 'helmextensionpriorityit'...
2025-01-27 17:04:37,128 INFO c.h.h.t.HelmChartContainer - [POD] metrics-server-8584b5786c-zwzvg [16bbe175-754f-4a73-9968-3322bafc68b5] in kube-system was ADDED
2025-01-27 17:04:37,135 INFO c.h.h.t.HelmChartContainer - Namespace 'helmextensionpriorityit' created
2025-01-27 17:04:37,236 DEBUG c.h.h.t.HelmChartContainer - Executing helm command: /bin/helm --kubeconfig /etc/rancher/k3s/k3s.yaml install test-hivemq-platform-operator /charts/hivemq-platform-operator --wait --timeout 5m0s --set image.repository=docker.io/hivemq --set image.name=hivemq-platform-operator-test --set image.initImageName=hivemq-platform-operator-init-test --set image.tag=snapshot --set image.pullPolicy=Never --set logLevel=DEBUG --set resources.cpu=512m --namespace helmextensionpriorityit-operator
2025-01-27 17:04:39,600 INFO c.h.h.t.HelmChartContainer - [K3S] [alloc.go:330] "allocated clusterIPs" service="helmextensionpriorityit-operator/hivemq-platform-operator-test-hivemq-platform-operator" clusterIPs={"IPv4":"10.43.209.66"}
2025-01-27 17:04:39,625 INFO c.h.h.t.HelmChartContainer - [EVENT] Normal [ScalingReplicaSet] Scaled up replica set hivemq-test-hivemq-platform-operator-6966f96d65 from 0 to 1 [helmextensionpriorityit-operator:hivemq-test-hivemq-platform-operator]
2025-01-27 17:04:39,636 INFO c.h.h.t.HelmChartContainer - [POD] hivemq-test-hivemq-platform-operator-6966f96d65-84jqq [29934c7a-8e66-4a6e-b48f-d6260f604300] in helmextensionpriorityit-operator was ADDED
2025-01-27 17:04:39,649 INFO c.h.h.t.HelmChartContainer - [K3S] [replica_set.go:679] "Finished syncing" kind="ReplicaSet" key="helmextensionpriorityit-operator/hivemq-test-hivemq-platform-operator-6966f96d65" duration="37.018622ms"
2025-01-27 17:04:39,653 INFO c.h.h.t.HelmChartContainer - [EVENT] Normal [SuccessfulCreate] Created pod: hivemq-test-hivemq-platform-operator-6966f96d65-84jqq [helmextensionpriorityit-operator:hivemq-test-hivemq-platform-operator-6966f96d65]
2025-01-27 17:04:39,656 INFO c.h.h.t.HelmChartContainer - [POD] hivemq-test-hivemq-platform-operator-6966f96d65-84jqq [29934c7a-8e66-4a6e-b48f-d6260f604300] in helmextensionpriorityit-operator was MODIFIED
2025-01-27 17:04:39,667 INFO c.h.h.t.HelmChartContainer - [K3S] [replica_set.go:679] "Finished syncing" kind="ReplicaSet" key="helmextensionpriorityit-operator/hivemq-test-hivemq-platform-operator-6966f96d65" duration="18.368116ms"
2025-01-27 17:04:39,668 INFO c.h.h.t.HelmChartContainer - [EVENT] Normal [Scheduled] Successfully assigned helmextensionpriorityit-operator/hivemq-test-hivemq-platform-operator-6966f96d65-84jqq to 774b1d029c41 [helmextensionpriorityit-operator:hivemq-test-hivemq-platform-operator-6966f96d65-84jqq]
2025-01-27 17:04:39,671 INFO c.h.h.t.HelmChartContainer - [K3S] [replica_set.go:679] "Finished syncing" kind="ReplicaSet" key="helmextensionpriorityit-operator/hivemq-test-hivemq-platform-operator-6966f96d65" duration="2.446515ms"
2025-01-27 17:04:39,672 INFO c.h.h.t.HelmChartContainer - [K3S] [replica_set.go:679] "Finished syncing" kind="ReplicaSet" key="helmextensionpriorityit-operator/hivemq-test-hivemq-platform-operator-6966f96d65" duration="54.872µs"
2025-01-27 17:04:39,690 INFO c.h.h.t.HelmChartContainer - [K3S] [replica_set.go:679] "Finished syncing" kind="ReplicaSet" key="helmextensionpriorityit-operator/hivemq-test-hivemq-platform-operator-6966f96d65" duration="2.3921ms"
2025-01-27 17:04:39,692 INFO c.h.h.t.HelmChartContainer - [POD] hivemq-test-hivemq-platform-operator-6966f96d65-84jqq [29934c7a-8e66-4a6e-b48f-d6260f604300] in helmextensionpriorityit-operator was MODIFIED
2025-01-27 17:04:39,714 INFO c.h.h.t.HelmChartContainer - [K3S] [reconciler_common.go:251] "operationExecutor.VerifyControllerAttachedVolume started for volume \"kube-api-access-gsz94\" (UniqueName: \"kubernetes.io/projected/29934c7a-8e66-4a6e-b48f-d6260f604300-kube-api-access-gsz94\") pod \"hivemq-test-hivemq-platform-operator-6966f96d65-84jqq\" (UID: \"29934c7a-8e66-4a6e-b48f-d6260f604300\") " pod="helmextensionpriorityit-operator/hivemq-test-hivemq-platform-operator-6966f96d65-84jqq"
2025-01-27 17:04:40,045 INFO c.h.h.t.HelmChartContainer - [EVENT] Normal [Pulled] Container image "docker.io/hivemq/hivemq-platform-operator-test:snapshot" already present on machine [helmextensionpriorityit-operator:hivemq-test-hivemq-platform-operator-6966f96d65-84jqq]
2025-01-27 17:04:40,046 INFO c.h.h.t.HelmChartContainer - Received Pulled event for container hivemq-platform-operator in pod hivemq-test-hivemq-platform-operator-6966f96d65-84jqq [29934c7a-8e66-4a6e-b48f-d6260f604300]
2025-01-27 17:04:40,055 INFO c.h.h.t.HelmChartContainer - [EVENT] Normal [Created] Created container: hivemq-platform-operator [helmextensionpriorityit-operator:hivemq-test-hivemq-platform-operator-6966f96d65-84jqq]
2025-01-27 17:04:40,055 INFO c.h.h.t.HelmChartContainer - Received Created event for container hivemq-platform-operator in pod hivemq-test-hivemq-platform-operator-6966f96d65-84jqq [29934c7a-8e66-4a6e-b48f-d6260f604300]
2025-01-27 17:04:40,185 INFO c.h.h.t.HelmChartContainer - [K3S] [replica_set.go:679] "Finished syncing" kind="ReplicaSet" key="helmextensionpriorityit-operator/hivemq-test-hivemq-platform-operator-6966f96d65" duration="40.986µs"
2025-01-27 17:04:40,188 INFO c.h.h.t.HelmChartContainer - [POD] hivemq-test-hivemq-platform-operator-6966f96d65-84jqq [29934c7a-8e66-4a6e-b48f-d6260f604300] in helmextensionpriorityit-operator was MODIFIED
2025-01-27 17:04:40,208 INFO c.h.h.t.HelmChartContainer - Started log watcher for hivemq-platform-operator in pod hivemq-test-hivemq-platform-operator-6966f96d65-84jqq [29934c7a-8e66-4a6e-b48f-d6260f604300]
2025-01-27 17:04:40,208 INFO c.h.h.t.HelmChartContainer - [EVENT] Normal [Started] Started container hivemq-platform-operator [helmextensionpriorityit-operator:hivemq-test-hivemq-platform-operator-6966f96d65-84jqq]
2025-01-27 17:04:40,208 INFO c.h.h.t.HelmChartContainer - Received Started event for container hivemq-platform-operator in pod hivemq-test-hivemq-platform-operator-6966f96d65-84jqq [29934c7a-8e66-4a6e-b48f-d6260f604300]
2025-01-27 17:04:40,208 INFO c.h.h.t.HelmChartContainer - [hivemq-test-hivemq-platform] [hivemq-platform-operator] [29934c7a] -------------------------------------------------------------------------
2025-01-27 17:04:40,209 INFO c.h.h.t.HelmChartContainer - [hivemq-test-hivemq-platform] [hivemq-platform-operator] [29934c7a] 
2025-01-27 17:04:40,209 INFO c.h.h.t.HelmChartContainer - [hivemq-test-hivemq-platform] [hivemq-platform-operator] [29934c7a]                   _    _  _              __  __   ____
2025-01-27 17:04:40,209 INFO c.h.h.t.HelmChartContainer - [hivemq-test-hivemq-platform] [hivemq-platform-operator] [29934c7a]                  | |  | |(_)            |  \/  | / __ \
2025-01-27 17:04:40,209 INFO c.h.h.t.HelmChartContainer - [hivemq-test-hivemq-platform] [hivemq-platform-operator] [29934c7a]                  | |__| | _ __   __ ___ | \  / || |  | |
2025-01-27 17:04:40,209 INFO c.h.h.t.HelmChartContainer - [hivemq-test-hivemq-platform] [hivemq-platform-operator] [29934c7a]                  |  __  || |\ \ / // _ \| |\/| || |  | |
2025-01-27 17:04:40,209 INFO c.h.h.t.HelmChartContainer - [hivemq-test-hivemq-platform] [hivemq-platform-operator] [29934c7a]                  | |  | || | \ V /|  __/| |  | || |__| |
2025-01-27 17:04:40,209 INFO c.h.h.t.HelmChartContainer - [hivemq-test-hivemq-platform] [hivemq-platform-operator] [29934c7a]                  |_|  |_||_|  \_/  \___||_|  |_| \___\_\
2025-01-27 17:04:40,209 INFO c.h.h.t.HelmChartContainer - [hivemq-test-hivemq-platform] [hivemq-platform-operator] [29934c7a] 
2025-01-27 17:04:40,209 INFO c.h.h.t.HelmChartContainer - [hivemq-test-hivemq-platform] [hivemq-platform-operator] [29934c7a] -------------------------------------------------------------------------
2025-01-27 17:04:40,209 INFO c.h.h.t.HelmChartContainer - [hivemq-test-hivemq-platform] [hivemq-platform-operator] [29934c7a] 
2025-01-27 17:04:40,209 INFO c.h.h.t.HelmChartContainer - [hivemq-test-hivemq-platform] [hivemq-platform-operator] [29934c7a]   HiveMQ Platform Operator Start Script v1.0
2025-01-27 17:04:40,209 INFO c.h.h.t.HelmChartContainer - [hivemq-test-hivemq-platform] [hivemq-platform-operator] [29934c7a] 
2025-01-27 17:04:40,209 INFO c.h.h.t.HelmChartContainer - [hivemq-test-hivemq-platform] [hivemq-platform-operator] [29934c7a] -------------------------------------------------------------------------
2025-01-27 17:04:40,209 INFO c.h.h.t.HelmChartContainer - [hivemq-test-hivemq-platform] [hivemq-platform-operator] [29934c7a] 
2025-01-27 17:04:40,209 INFO c.h.h.t.HelmChartContainer - [hivemq-test-hivemq-platform] [hivemq-platform-operator] [29934c7a]   JAVA_OPTS: -XX:+UnlockExperimentalVMOptions -XX:InitialRAMPercentage=75 -XX:MaxRAMPercentage=75 -Duser.language=en -Duser.region=US
2025-01-27 17:04:40,209 INFO c.h.h.t.HelmChartContainer - [hivemq-test-hivemq-platform] [hivemq-platform-operator] [29934c7a] 
2025-01-27 17:04:40,209 INFO c.h.h.t.HelmChartContainer - [hivemq-test-hivemq-platform] [hivemq-platform-operator] [29934c7a]   JAVA_VERSION: 21
2025-01-27 17:04:40,209 INFO c.h.h.t.HelmChartContainer - [hivemq-test-hivemq-platform] [hivemq-platform-operator] [29934c7a] 
2025-01-27 17:04:40,209 INFO c.h.h.t.HelmChartContainer - [hivemq-test-hivemq-platform] [hivemq-platform-operator] [29934c7a] -------------------------------------------------------------------------
2025-01-27 17:04:40,209 INFO c.h.h.t.HelmChartContainer - [hivemq-test-hivemq-platform] [hivemq-platform-operator] [29934c7a] 
2025-01-27 17:04:43,171 INFO c.h.h.t.HelmChartContainer - [POD] metrics-server-8584b5786c-zwzvg [16bbe175-754f-4a73-9968-3322bafc68b5] in kube-system was MODIFIED
2025-01-27 17:04:43,175 INFO c.h.h.t.HelmChartContainer - [K3S] [replica_set.go:679] "Finished syncing" kind="ReplicaSet" key="kube-system/metrics-server-8584b5786c" duration="9.435319ms"
2025-01-27 17:04:43,176 INFO c.h.h.t.HelmChartContainer - [K3S] [replica_set.go:679] "Finished syncing" kind="ReplicaSet" key="kube-system/metrics-server-8584b5786c" duration="30.176µs"
2025-01-27 17:04:43,420 INFO c.h.h.t.HelmChartContainer - [hivemq-test-hivemq-platform] [hivemq-platform-operator] [29934c7a] 17:04:43.416 [main] DEBUG org.jboss.logging - Logging Provider: org.jboss.logging.Slf4jLoggerProvider
2025-01-27 17:04:43,524 INFO c.h.h.t.HelmChartContainer - [hivemq-test-hivemq-platform] [hivemq-platform-operator] [29934c7a] 17:04:43.523 [main] DEBUG io.smallrye.config - SRCFG01006: Loaded ConfigSource SysPropConfigSource with ordinal 400
2025-01-27 17:04:43,524 INFO c.h.h.t.HelmChartContainer - [hivemq-test-hivemq-platform] [hivemq-platform-operator] [29934c7a] 17:04:43.523 [main] DEBUG io.smallrye.config - SRCFG01006: Loaded ConfigSource EnvConfigSource with ordinal 300
2025-01-27 17:04:43,524 INFO c.h.h.t.HelmChartContainer - [hivemq-test-hivemq-platform] [hivemq-platform-operator] [29934c7a] 17:04:43.523 [main] DEBUG io.smallrye.config - SRCFG01006: Loaded ConfigSource PropertiesConfigSource[source=jar:file:///opt/hivemq-platform-operator/bin/hivemq-platform-operator.jar!/hivemq-platform-operator.properties] with ordinal 100
2025-01-27 17:04:43,524 INFO c.h.h.t.HelmChartContainer - [hivemq-test-hivemq-platform] [hivemq-platform-operator] [29934c7a] 17:04:43.523 [main] DEBUG io.smallrye.config - SRCFG01006: Loaded ConfigSource DefaultValuesConfigSource with ordinal -2147483648
2025-01-27 17:04:43,629 INFO c.h.h.t.HelmChartContainer - [hivemq-test-hivemq-platform] [hivemq-platform-operator] [29934c7a] 17:04:43.628 [main] DEBUG i.m.c.u.i.l.InternalLoggerFactory - Using SLF4J as the default logging framework
2025-01-27 17:04:43,737 INFO c.h.h.t.HelmChartContainer - [hivemq-test-hivemq-platform] [hivemq-platform-operator] [29934c7a] 17:04:43.728 [main] INFO  c.h.p.o.HiveMQPlatformOperatorApplication - HiveMQ Platform Operator 1.7.0-SNAPSHOT (commit: bebf408 on branch: HEAD) built on Sun Jan 26 20:47:47 UTC 2025
2025-01-27 17:04:43,739 INFO c.h.h.t.HelmChartContainer - [hivemq-test-hivemq-platform] [hivemq-platform-operator] [29934c7a] 17:04:43.737 [main] INFO  c.h.p.o.HiveMQPlatformOperatorApplication - HiveMQ Platform Operator is running in namespace: helmextensionpriorityit-operator
2025-01-27 17:04:43,740 INFO c.h.h.t.HelmChartContainer - [hivemq-test-hivemq-platform] [hivemq-platform-operator] [29934c7a] 17:04:43.737 [main] INFO  c.h.p.o.HiveMQPlatformOperatorApplication - Watching all namespaces
2025-01-27 17:04:43,740 INFO c.h.h.t.HelmChartContainer - [hivemq-test-hivemq-platform] [hivemq-platform-operator] [29934c7a] 17:04:43.738 [main] INFO  c.h.p.o.HiveMQPlatformOperatorApplication - Log level: DEBUG
2025-01-27 17:04:43,740 INFO c.h.h.t.HelmChartContainer - [hivemq-test-hivemq-platform] [hivemq-platform-operator] [29934c7a] 17:04:43.738 [main] INFO  c.h.p.o.HiveMQPlatformOperatorApplication - Release name: test-hivemq-platform-operator
2025-01-27 17:04:43,741 INFO c.h.h.t.HelmChartContainer - [hivemq-test-hivemq-platform] [hivemq-platform-operator] [29934c7a] 17:04:43.738 [main] INFO  c.h.p.o.HiveMQPlatformOperatorApplication - HiveMQ Platform Operator Init image: docker.io/hivemq/hivemq-platform-operator-init-test:snapshot
2025-01-27 17:04:43,741 INFO c.h.h.t.HelmChartContainer - [hivemq-test-hivemq-platform] [hivemq-platform-operator] [29934c7a] 17:04:43.738 [main] INFO  c.h.p.o.HiveMQPlatformOperatorApplication - HiveMQ Platform Operator Init App update URL: http://hivemq-platform-operator-test-hivemq-platform-operator.helmextensionpriorityit-operator.svc:8080/initAppUpdate/hivemq-platform-operator-init-app-1.7.0-SNAPSHOT.jar
2025-01-27 17:04:43,741 INFO c.h.h.t.HelmChartContainer - [hivemq-test-hivemq-platform] [hivemq-platform-operator] [29934c7a] 17:04:43.738 [main] INFO  c.h.p.o.HiveMQPlatformOperatorApplication - Additional imagePullSecret for all Platform deployments: none
2025-01-27 17:04:43,741 INFO c.h.h.t.HelmChartContainer - [hivemq-test-hivemq-platform] [hivemq-platform-operator] [29934c7a] 17:04:43.738 [main] INFO  c.h.p.o.HiveMQPlatformOperatorApplication - Apply HiveMQ Platform CRD: true
2025-01-27 17:04:43,741 INFO c.h.h.t.HelmChartContainer - [hivemq-test-hivemq-platform] [hivemq-platform-operator] [29934c7a] 17:04:43.738 [main] INFO  c.h.p.o.HiveMQPlatformOperatorApplication - Create Platform ServiceAccount: true
2025-01-27 17:04:43,741 INFO c.h.h.t.HelmChartContainer - [hivemq-test-hivemq-platform] [hivemq-platform-operator] [29934c7a] 17:04:43.738 [main] INFO  c.h.p.o.HiveMQPlatformOperatorApplication - Create Platform ServiceAccount permissions: true
2025-01-27 17:04:43,741 INFO c.h.h.t.HelmChartContainer - [hivemq-test-hivemq-platform] [hivemq-platform-operator] [29934c7a] 17:04:43.738 [main] INFO  c.h.p.o.HiveMQPlatformOperatorApplication - Validate Platform ServiceAccount: true
2025-01-27 17:04:43,741 INFO c.h.h.t.HelmChartContainer - [hivemq-test-hivemq-platform] [hivemq-platform-operator] [29934c7a] 17:04:43.738 [main] INFO  c.h.p.o.HiveMQPlatformOperatorApplication - Validate Platform ServiceAccount permissions: true
2025-01-27 17:04:43,930 INFO c.h.h.t.HelmChartContainer - [hivemq-test-hivemq-platform] [hivemq-platform-operator] [29934c7a] 17:04:43.929 [main] INFO  c.h.platform.operator.util.CRDUtil - Verifying deployed HiveMQ Platform CRD...
2025-01-27 17:04:46,223 INFO c.h.h.t.HelmChartContainer - [hivemq-test-hivemq-platform] [hivemq-platform-operator] [29934c7a] 17:04:46.222 [main] DEBUG c.h.platform.operator.util.CRDUtil - HiveMQ Platform CRD version v1 is up to date
2025-01-27 17:04:46,224 INFO c.h.h.t.HelmChartContainer - [hivemq-test-hivemq-platform] [hivemq-platform-operator] [29934c7a] 17:04:46.222 [main] INFO  c.h.platform.operator.util.CRDUtil - HiveMQ Platform CRD is up to date (version: V1_6_0)
2025-01-27 17:04:46,224 INFO c.h.h.t.HelmChartContainer - [hivemq-test-hivemq-platform] [hivemq-platform-operator] [29934c7a] 17:04:46.222 [main] INFO  c.h.platform.operator.util.CRDUtil - Waiting 10000 ms for HiveMQ Platform CRD 'hivemq-platforms.hivemq.com' to become ready...
2025-01-27 17:04:46,520 INFO c.h.h.t.HelmChartContainer - [hivemq-test-hivemq-platform] [hivemq-platform-operator] [29934c7a] 17:04:46.519 [vert.x-eventloop-thread-1] DEBUG c.h.platform.operator.util.CRDUtil - Checking CRD condition 'NamesAccepted' (status: 'True')
2025-01-27 17:04:46,522 INFO c.h.h.t.HelmChartContainer - [hivemq-test-hivemq-platform] [hivemq-platform-operator] [29934c7a] 17:04:46.520 [vert.x-eventloop-thread-1] DEBUG c.h.platform.operator.util.CRDUtil - Checking CRD condition 'Established' (status: 'True')
2025-01-27 17:04:46,522 INFO c.h.h.t.HelmChartContainer - [hivemq-test-hivemq-platform] [hivemq-platform-operator] [29934c7a] 17:04:46.520 [main] INFO  c.h.platform.operator.util.CRDUtil - HiveMQ Platform CRD 'hivemq-platforms.hivemq.com' is ready
2025-01-27 17:04:46,722 INFO c.h.h.t.HelmChartContainer - [hivemq-test-hivemq-platform] [hivemq-platform-operator] [29934c7a] 17:04:46.720 [main] INFO  c.h.p.o.HiveMQPlatformReconciler - HiveMQ Platform Operator is starting...
2025-01-27 17:04:46,830 INFO c.h.h.t.HelmChartContainer - [hivemq-test-hivemq-platform] [hivemq-platform-operator] [29934c7a] 17:04:46.829 [main] WARN  Default ConfigurationService implementation - Configuration for reconciler 'hivemq-controller' was not found. Known reconcilers: None.
2025-01-27 17:04:46,837 INFO c.h.h.t.HelmChartContainer - [hivemq-test-hivemq-platform] [hivemq-platform-operator] [29934c7a] 17:04:46.837 [main] INFO  Default ConfigurationService implementation - Created configuration for reconciler com.hivemq.platform.operator.HiveMQPlatformReconciler with name hivemq-controller
2025-01-27 17:04:47,019 INFO c.h.h.t.HelmChartContainer - [hivemq-test-hivemq-platform] [hivemq-platform-operator] [29934c7a] 17:04:47.018 [main] DEBUG c.h.p.o.HiveMQPlatformReconciler - HiveMQ Platform Operator is preparing EventSources
2025-01-27 17:04:47,032 INFO c.h.h.t.HelmChartContainer - [hivemq-test-hivemq-platform] [hivemq-platform-operator] [29934c7a] 17:04:47.030 [main] INFO  i.javaoperatorsdk.operator.Operator - Registered reconciler: 'hivemq-controller' for resource: 'class com.hivemq.platform.operator.v1.HiveMQPlatform' for namespace(s): [all namespaces]
2025-01-27 17:04:47,658 INFO c.h.h.t.HelmChartContainer - [K3S] [range_allocator.go:247] "Successfully synced" key="774b1d029c41"
2025-01-27 17:04:47,730 INFO c.h.h.t.HelmChartContainer - [hivemq-test-hivemq-platform] [hivemq-platform-operator] [29934c7a] 17:04:47.729 [main] INFO  c.h.p.operator.webserver.JettyServer - Starting Jetty server on port 8080
2025-01-27 17:04:47,820 INFO c.h.h.t.HelmChartContainer - [hivemq-test-hivemq-platform] [hivemq-platform-operator] [29934c7a] 17:04:47.819 [main] INFO  i.javaoperatorsdk.operator.Operator - Operator SDK 4.9.7 (commit: 2133d28) built on Wed Nov 20 12:56:20 UTC 2024 starting...
2025-01-27 17:04:47,820 INFO c.h.h.t.HelmChartContainer - [hivemq-test-hivemq-platform] [hivemq-platform-operator] [29934c7a] 17:04:47.819 [main] INFO  i.javaoperatorsdk.operator.Operator - Client version: 6.13.4
2025-01-27 17:04:47,821 INFO c.h.h.t.HelmChartContainer - [hivemq-test-hivemq-platform] [hivemq-platform-operator] [29934c7a] 17:04:47.820 [Controller Starter for: hivemq-controller] INFO  i.j.operator.processing.Controller - Starting 'hivemq-controller' controller for reconciler: com.hivemq.platform.operator.HiveMQPlatformReconciler, resource: com.hivemq.platform.operator.v1.HiveMQPlatform
2025-01-27 17:04:50,124 INFO c.h.h.t.HelmChartContainer - [hivemq-test-hivemq-platform] [hivemq-platform-operator] [29934c7a] 17:04:50.121 [Controller Starter for: hivemq-controller] INFO  i.j.operator.processing.Controller - 'hivemq-controller' controller started
2025-01-27 17:04:50,124 INFO c.h.h.t.HelmChartContainer - [hivemq-test-hivemq-platform] [hivemq-platform-operator] [29934c7a] 17:04:50.122 [main] INFO  c.h.p.o.HiveMQPlatformOperatorApplication - HiveMQ Platform Operator 1.7.0-SNAPSHOT started in 6393 ms
2025-01-27 17:04:51,195 INFO c.h.h.t.HelmChartContainer - [POD] hivemq-test-hivemq-platform-operator-6966f96d65-84jqq [29934c7a-8e66-4a6e-b48f-d6260f604300] in helmextensionpriorityit-operator was MODIFIED
2025-01-27 17:04:51,203 INFO c.h.h.t.HelmChartContainer - [K3S] [replica_set.go:679] "Finished syncing" kind="ReplicaSet" key="helmextensionpriorityit-operator/hivemq-test-hivemq-platform-operator-6966f96d65" duration="13.184218ms"
2025-01-27 17:04:51,203 INFO c.h.h.t.HelmChartContainer - [K3S] [replica_set.go:679] "Finished syncing" kind="ReplicaSet" key="helmextensionpriorityit-operator/hivemq-test-hivemq-platform-operator-6966f96d65" duration="37.6µs"
2025-01-27 17:04:51,728 DEBUG c.h.helmcharts.util.HiveMQExtension - Trying to compile class '/home/runner/work/helm-charts/helm-charts/helm-charts/tests-hivemq-platform-operator/src/integrationTest/java/com/hivemq/helmcharts/extensions/custom/AppendingFooPublishInboundInterceptorExtensionMain.java' into extension 'hivemq-appending-foo-extension'
2025-01-27 17:04:53,164 DEBUG c.h.helmcharts.util.HiveMQExtension - Trying to compile class '/home/runner/work/helm-charts/helm-charts/helm-charts/tests-hivemq-platform-operator/src/integrationTest/java/com/hivemq/helmcharts/extensions/custom/BaseAppendingPublishInboundInterceptorExtensionMain.java' into extension 'hivemq-appending-foo-extension'
2025-01-27 17:04:53,377 DEBUG c.h.helmcharts.util.HiveMQExtension - Trying to package class 'com.hivemq.extension.sdk.api.services.intializer.InitializerRegistry' into extension 'hivemq-appending-foo-extension'
2025-01-27 17:04:53,380 DEBUG c.h.helmcharts.util.HiveMQExtension - Trying to package class 'com.hivemq.extension.sdk.api.services.Services' into extension 'hivemq-appending-foo-extension'
2025-01-27 17:04:53,381 DEBUG c.h.helmcharts.util.HiveMQExtension - Trying to compile class '/home/runner/work/helm-charts/helm-charts/helm-charts/tests-hivemq-platform-operator/src/integrationTest/java/com/hivemq/helmcharts/extensions/custom/BaseAppendingPublishInboundInterceptorExtensionMain.java' into extension 'hivemq-appending-foo-extension'
2025-01-27 17:04:53,439 DEBUG c.h.helmcharts.util.HiveMQExtension - Trying to package class 'com.hivemq.extension.sdk.api.client.ClientContext' into extension 'hivemq-appending-foo-extension'
2025-01-27 17:04:53,440 DEBUG c.h.helmcharts.util.HiveMQExtension - Trying to package class 'org.slf4j.Logger' into extension 'hivemq-appending-foo-extension'
2025-01-27 17:04:53,442 DEBUG c.h.helmcharts.util.HiveMQExtension - Trying to compile class '/home/runner/work/helm-charts/helm-charts/helm-charts/tests-hivemq-platform-operator/src/integrationTest/java/com/hivemq/helmcharts/extensions/custom/AppendingPublishInboundInterceptor.java' into extension 'hivemq-appending-foo-extension'
2025-01-27 17:04:53,679 DEBUG c.h.helmcharts.util.HiveMQExtension - Trying to package class 'com.hivemq.extension.sdk.api.interceptor.publish.PublishInboundInterceptor' into extension 'hivemq-appending-foo-extension'
2025-01-27 17:04:53,680 DEBUG c.h.helmcharts.util.HiveMQExtension - Trying to package class 'org.slf4j.Logger' into extension 'hivemq-appending-foo-extension'
2025-01-27 17:04:53,680 DEBUG c.h.helmcharts.util.HiveMQExtension - Trying to package class 'com.hivemq.extension.sdk.api.packets.publish.ModifiablePublishPacket' into extension 'hivemq-appending-foo-extension'
2025-01-27 17:04:53,682 DEBUG c.h.helmcharts.util.HiveMQExtension - Trying to package class 'org.slf4j.LoggerFactory' into extension 'hivemq-appending-foo-extension'
2025-01-27 17:04:53,682 DEBUG c.h.helmcharts.util.HiveMQExtension - Trying to package class 'com.hivemq.extension.sdk.api.interceptor.publish.parameter.PublishInboundOutput' into extension 'hivemq-appending-foo-extension'
2025-01-27 17:04:53,683 DEBUG c.h.helmcharts.util.HiveMQExtension - Trying to compile class '/home/runner/work/helm-charts/helm-charts/helm-charts/tests-hivemq-platform-operator/src/integrationTest/java/com/hivemq/helmcharts/extensions/custom/AppendingPublishInboundInterceptor.java' into extension 'hivemq-appending-foo-extension'
2025-01-27 17:04:53,743 DEBUG c.h.helmcharts.util.HiveMQExtension - Trying to package class 'com.hivemq.extension.sdk.api.packets.publish.PublishPacket' into extension 'hivemq-appending-foo-extension'
2025-01-27 17:04:53,744 DEBUG c.h.helmcharts.util.HiveMQExtension - Trying to package class 'com.hivemq.extension.sdk.api.interceptor.publish.parameter.PublishInboundInput' into extension 'hivemq-appending-foo-extension'
2025-01-27 17:04:53,745 DEBUG c.h.helmcharts.util.HiveMQExtension - Trying to package class 'com.hivemq.extension.sdk.api.ExtensionMain' into extension 'hivemq-appending-foo-extension'
2025-01-27 17:04:53,746 DEBUG c.h.helmcharts.util.HiveMQExtension - Trying to package class 'org.slf4j.LoggerFactory' into extension 'hivemq-appending-foo-extension'
2025-01-27 17:04:53,762 DEBUG c.h.helmcharts.util.HiveMQExtension - Trying to compile class '/home/runner/work/helm-charts/helm-charts/helm-charts/tests-hivemq-platform-operator/src/integrationTest/java/com/hivemq/helmcharts/extensions/custom/AppendingBarPublishInboundInterceptorExtensionMain.java' into extension 'hivemq-appending-bar-extension'
2025-01-27 17:04:53,907 DEBUG c.h.helmcharts.util.HiveMQExtension - Trying to compile class '/home/runner/work/helm-charts/helm-charts/helm-charts/tests-hivemq-platform-operator/src/integrationTest/java/com/hivemq/helmcharts/extensions/custom/BaseAppendingPublishInboundInterceptorExtensionMain.java' into extension 'hivemq-appending-bar-extension'
2025-01-27 17:04:54,003 DEBUG c.h.helmcharts.util.HiveMQExtension - Trying to package class 'com.hivemq.extension.sdk.api.services.intializer.InitializerRegistry' into extension 'hivemq-appending-bar-extension'
2025-01-27 17:04:54,005 DEBUG c.h.helmcharts.util.HiveMQExtension - Trying to package class 'com.hivemq.extension.sdk.api.services.Services' into extension 'hivemq-appending-bar-extension'
2025-01-27 17:04:54,005 DEBUG c.h.helmcharts.util.HiveMQExtension - Trying to compile class '/home/runner/work/helm-charts/helm-charts/helm-charts/tests-hivemq-platform-operator/src/integrationTest/java/com/hivemq/helmcharts/extensions/custom/BaseAppendingPublishInboundInterceptorExtensionMain.java' into extension 'hivemq-appending-bar-extension'
2025-01-27 17:04:54,062 DEBUG c.h.helmcharts.util.HiveMQExtension - Trying to package class 'com.hivemq.extension.sdk.api.client.ClientContext' into extension 'hivemq-appending-bar-extension'
2025-01-27 17:04:54,063 DEBUG c.h.helmcharts.util.HiveMQExtension - Trying to package class 'org.slf4j.Logger' into extension 'hivemq-appending-bar-extension'
2025-01-27 17:04:54,064 DEBUG c.h.helmcharts.util.HiveMQExtension - Trying to compile class '/home/runner/work/helm-charts/helm-charts/helm-charts/tests-hivemq-platform-operator/src/integrationTest/java/com/hivemq/helmcharts/extensions/custom/AppendingPublishInboundInterceptor.java' into extension 'hivemq-appending-bar-extension'
2025-01-27 17:04:54,109 DEBUG c.h.helmcharts.util.HiveMQExtension - Trying to package class 'com.hivemq.extension.sdk.api.interceptor.publish.PublishInboundInterceptor' into extension 'hivemq-appending-bar-extension'
2025-01-27 17:04:54,110 DEBUG c.h.helmcharts.util.HiveMQExtension - Trying to package class 'org.slf4j.Logger' into extension 'hivemq-appending-bar-extension'
2025-01-27 17:04:54,111 DEBUG c.h.helmcharts.util.HiveMQExtension - Trying to package class 'com.hivemq.extension.sdk.api.packets.publish.ModifiablePublishPacket' into extension 'hivemq-appending-bar-extension'
2025-01-27 17:04:54,111 DEBUG c.h.helmcharts.util.HiveMQExtension - Trying to package class 'org.slf4j.LoggerFactory' into extension 'hivemq-appending-bar-extension'
2025-01-27 17:04:54,112 DEBUG c.h.helmcharts.util.HiveMQExtension - Trying to package class 'com.hivemq.extension.sdk.api.interceptor.publish.parameter.PublishInboundOutput' into extension 'hivemq-appending-bar-extension'
2025-01-27 17:04:54,112 DEBUG c.h.helmcharts.util.HiveMQExtension - Trying to compile class '/home/runner/work/helm-charts/helm-charts/helm-charts/tests-hivemq-platform-operator/src/integrationTest/java/com/hivemq/helmcharts/extensions/custom/AppendingPublishInboundInterceptor.java' into extension 'hivemq-appending-bar-extension'
2025-01-27 17:04:54,172 DEBUG c.h.helmcharts.util.HiveMQExtension - Trying to package class 'com.hivemq.extension.sdk.api.packets.publish.PublishPacket' into extension 'hivemq-appending-bar-extension'
2025-01-27 17:04:54,173 DEBUG c.h.helmcharts.util.HiveMQExtension - Trying to package class 'com.hivemq.extension.sdk.api.interceptor.publish.parameter.PublishInboundInput' into extension 'hivemq-appending-bar-extension'
2025-01-27 17:04:54,173 DEBUG c.h.helmcharts.util.HiveMQExtension - Trying to package class 'com.hivemq.extension.sdk.api.ExtensionMain' into extension 'hivemq-appending-bar-extension'
2025-01-27 17:04:54,174 DEBUG c.h.helmcharts.util.HiveMQExtension - Trying to package class 'org.slf4j.LoggerFactory' into extension 'hivemq-appending-bar-extension'
2025-01-27 17:04:54,181 DEBUG c.h.helmcharts.util.HiveMQExtension - Trying to compile class '/home/runner/work/helm-charts/helm-charts/helm-charts/tests-hivemq-platform-operator/src/integrationTest/java/com/hivemq/helmcharts/extensions/custom/BaseAppendingPublishInboundInterceptorExtensionMain.java' into extension 'hivemq-appending-baz-extension'
2025-01-27 17:04:54,333 DEBUG c.h.helmcharts.util.HiveMQExtension - Trying to package class 'com.hivemq.extension.sdk.api.services.intializer.InitializerRegistry' into extension 'hivemq-appending-baz-extension'
2025-01-27 17:04:54,335 DEBUG c.h.helmcharts.util.HiveMQExtension - Trying to package class 'com.hivemq.extension.sdk.api.services.Services' into extension 'hivemq-appending-baz-extension'
2025-01-27 17:04:54,335 DEBUG c.h.helmcharts.util.HiveMQExtension - Trying to compile class '/home/runner/work/helm-charts/helm-charts/helm-charts/tests-hivemq-platform-operator/src/integrationTest/java/com/hivemq/helmcharts/extensions/custom/BaseAppendingPublishInboundInterceptorExtensionMain.java' into extension 'hivemq-appending-baz-extension'
2025-01-27 17:04:54,403 DEBUG c.h.helmcharts.util.HiveMQExtension - Trying to package class 'com.hivemq.extension.sdk.api.client.ClientContext' into extension 'hivemq-appending-baz-extension'
2025-01-27 17:04:54,404 DEBUG c.h.helmcharts.util.HiveMQExtension - Trying to package class 'org.slf4j.Logger' into extension 'hivemq-appending-baz-extension'
2025-01-27 17:04:54,405 DEBUG c.h.helmcharts.util.HiveMQExtension - Trying to compile class '/home/runner/work/helm-charts/helm-charts/helm-charts/tests-hivemq-platform-operator/src/integrationTest/java/com/hivemq/helmcharts/extensions/custom/AppendingPublishInboundInterceptor.java' into extension 'hivemq-appending-baz-extension'
2025-01-27 17:04:54,464 DEBUG c.h.helmcharts.util.HiveMQExtension - Trying to package class 'com.hivemq.extension.sdk.api.interceptor.publish.PublishInboundInterceptor' into extension 'hivemq-appending-baz-extension'
2025-01-27 17:04:54,465 DEBUG c.h.helmcharts.util.HiveMQExtension - Trying to package class 'org.slf4j.Logger' into extension 'hivemq-appending-baz-extension'
2025-01-27 17:04:54,466 DEBUG c.h.helmcharts.util.HiveMQExtension - Trying to package class 'com.hivemq.extension.sdk.api.packets.publish.ModifiablePublishPacket' into extension 'hivemq-appending-baz-extension'
2025-01-27 17:04:54,466 DEBUG c.h.helmcharts.util.HiveMQExtension - Trying to package class 'org.slf4j.LoggerFactory' into extension 'hivemq-appending-baz-extension'
2025-01-27 17:04:54,467 DEBUG c.h.helmcharts.util.HiveMQExtension - Trying to package class 'com.hivemq.extension.sdk.api.interceptor.publish.parameter.PublishInboundOutput' into extension 'hivemq-appending-baz-extension'
2025-01-27 17:04:54,467 DEBUG c.h.helmcharts.util.HiveMQExtension - Trying to compile class '/home/runner/work/helm-charts/helm-charts/helm-charts/tests-hivemq-platform-operator/src/integrationTest/java/com/hivemq/helmcharts/extensions/custom/AppendingPublishInboundInterceptor.java' into extension 'hivemq-appending-baz-extension'
2025-01-27 17:04:54,517 DEBUG c.h.helmcharts.util.HiveMQExtension - Trying to package class 'com.hivemq.extension.sdk.api.packets.publish.PublishPacket' into extension 'hivemq-appending-baz-extension'
2025-01-27 17:04:54,518 DEBUG c.h.helmcharts.util.HiveMQExtension - Trying to package class 'com.hivemq.extension.sdk.api.interceptor.publish.parameter.PublishInboundInput' into extension 'hivemq-appending-baz-extension'
2025-01-27 17:04:54,518 DEBUG c.h.helmcharts.util.HiveMQExtension - Trying to package class 'com.hivemq.extension.sdk.api.ExtensionMain' into extension 'hivemq-appending-baz-extension'
2025-01-27 17:04:54,519 DEBUG c.h.helmcharts.util.HiveMQExtension - Trying to package class 'org.slf4j.LoggerFactory' into extension 'hivemq-appending-baz-extension'
2025-01-27 17:04:54,520 DEBUG c.h.helmcharts.util.HiveMQExtension - Trying to compile class '/home/runner/work/helm-charts/helm-charts/helm-charts/tests-hivemq-platform-operator/src/integrationTest/java/com/hivemq/helmcharts/extensions/custom/AppendingBazPublishInboundInterceptorExtensionMain.java' into extension 'hivemq-appending-baz-extension'
2025-01-27 17:04:54,645 INFO c.h.h.t.HelmChartContainer - [EVENT] Normal [ScalingReplicaSet] Scaled up replica set nginx-58ccdbc9cd from 0 to 1 [helmextensionpriorityit:nginx]
2025-01-27 17:04:54,680 INFO c.h.h.t.HelmChartContainer - [K3S] [replica_set.go:679] "Finished syncing" kind="ReplicaSet" key="helmextensionpriorityit/nginx-58ccdbc9cd" duration="41.42175ms"
2025-01-27 17:04:54,682 INFO c.h.h.t.HelmChartContainer - [POD] nginx-58ccdbc9cd-t777x [4d8a8160-6c1b-4383-8fde-6ca69015bda1] in helmextensionpriorityit was ADDED
2025-01-27 17:04:54,686 INFO c.h.h.t.HelmChartContainer - [EVENT] Normal [SuccessfulCreate] Created pod: nginx-58ccdbc9cd-t777x [helmextensionpriorityit:nginx-58ccdbc9cd]
2025-01-27 17:04:54,689 INFO c.h.h.t.HelmChartContainer - [POD] nginx-58ccdbc9cd-t777x [4d8a8160-6c1b-4383-8fde-6ca69015bda1] in helmextensionpriorityit was MODIFIED
2025-01-27 17:04:54,690 INFO c.h.h.t.HelmChartContainer - [EVENT] Normal [Scheduled] Successfully assigned helmextensionpriorityit/nginx-58ccdbc9cd-t777x to 774b1d029c41 [helmextensionpriorityit:nginx-58ccdbc9cd-t777x]
2025-01-27 17:04:54,698 INFO c.h.h.t.HelmChartContainer - [K3S] [replica_set.go:679] "Finished syncing" kind="ReplicaSet" key="helmextensionpriorityit/nginx-58ccdbc9cd" duration="15.427734ms"
2025-01-27 17:04:54,699 INFO c.h.h.t.HelmChartContainer - [K3S] [replica_set.go:679] "Finished syncing" kind="ReplicaSet" key="helmextensionpriorityit/nginx-58ccdbc9cd" duration="28.854µs"
2025-01-27 17:04:54,704 INFO c.h.h.t.HelmChartContainer - [K3S] [reconciler_common.go:251] "operationExecutor.VerifyControllerAttachedVolume started for volume \"volume-hivemq-appending-foo-extension-100\" (UniqueName: \"kubernetes.io/host-path/4d8a8160-6c1b-4383-8fde-6ca69015bda1-volume-hivemq-appending-foo-extension-100\") pod \"nginx-58ccdbc9cd-t777x\" (UID: \"4d8a8160-6c1b-4383-8fde-6ca69015bda1\") " pod="helmextensionpriorityit/nginx-58ccdbc9cd-t777x"
2025-01-27 17:04:54,705 INFO c.h.h.t.HelmChartContainer - [K3S] [reconciler_common.go:251] "operationExecutor.VerifyControllerAttachedVolume started for volume \"kube-api-access-zvkk4\" (UniqueName: \"kubernetes.io/projected/4d8a8160-6c1b-4383-8fde-6ca69015bda1-kube-api-access-zvkk4\") pod \"nginx-58ccdbc9cd-t777x\" (UID: \"4d8a8160-6c1b-4383-8fde-6ca69015bda1\") " pod="helmextensionpriorityit/nginx-58ccdbc9cd-t777x"
2025-01-27 17:04:54,705 INFO c.h.h.t.HelmChartContainer - [K3S] [reconciler_common.go:251] "operationExecutor.VerifyControllerAttachedVolume started for volume \"volume-hivemq-appending-bar-extension-100\" (UniqueName: \"kubernetes.io/host-path/4d8a8160-6c1b-4383-8fde-6ca69015bda1-volume-hivemq-appending-bar-extension-100\") pod \"nginx-58ccdbc9cd-t777x\" (UID: \"4d8a8160-6c1b-4383-8fde-6ca69015bda1\") " pod="helmextensionpriorityit/nginx-58ccdbc9cd-t777x"
2025-01-27 17:04:54,705 INFO c.h.h.t.HelmChartContainer - [K3S] [reconciler_common.go:251] "operationExecutor.VerifyControllerAttachedVolume started for volume \"volume-hivemq-appending-baz-extension-100\" (UniqueName: \"kubernetes.io/host-path/4d8a8160-6c1b-4383-8fde-6ca69015bda1-volume-hivemq-appending-baz-extension-100\") pod \"nginx-58ccdbc9cd-t777x\" (UID: \"4d8a8160-6c1b-4383-8fde-6ca69015bda1\") " pod="helmextensionpriorityit/nginx-58ccdbc9cd-t777x"
2025-01-27 17:04:54,712 INFO c.h.h.t.HelmChartContainer - [POD] nginx-58ccdbc9cd-t777x [4d8a8160-6c1b-4383-8fde-6ca69015bda1] in helmextensionpriorityit was MODIFIED
2025-01-27 17:04:54,717 INFO c.h.h.t.HelmChartContainer - [K3S] [alloc.go:330] "allocated clusterIPs" service="helmextensionpriorityit/nginx-service" clusterIPs={"IPv4":"10.43.182.246"}
2025-01-27 17:04:55,071 INFO c.h.h.t.HelmChartContainer - [EVENT] Normal [Pulling] Pulling image "nginx:1.27.3" [helmextensionpriorityit:nginx-58ccdbc9cd-t777x]
2025-01-27 17:04:55,071 INFO c.h.h.t.HelmChartContainer - Received Pulling event for container nginx in pod nginx-58ccdbc9cd-t777x [4d8a8160-6c1b-4383-8fde-6ca69015bda1]
2025-01-27 17:04:57,785 INFO c.h.h.t.HelmChartContainer - [EVENT] Normal [Pulled] Successfully pulled image "nginx:1.27.3" in 2.727s (2.727s including waiting). Image size: 72080558 bytes. [helmextensionpriorityit:nginx-58ccdbc9cd-t777x]
2025-01-27 17:04:57,785 INFO c.h.h.t.HelmChartContainer - Received Pulled event for container nginx in pod nginx-58ccdbc9cd-t777x [4d8a8160-6c1b-4383-8fde-6ca69015bda1]
2025-01-27 17:04:57,793 INFO c.h.h.t.HelmChartContainer - [EVENT] Normal [Created] Created container: nginx [helmextensionpriorityit:nginx-58ccdbc9cd-t777x]
2025-01-27 17:04:57,793 INFO c.h.h.t.HelmChartContainer - Received Created event for container nginx in pod nginx-58ccdbc9cd-t777x [4d8a8160-6c1b-4383-8fde-6ca69015bda1]
2025-01-27 17:04:58,225 INFO c.h.h.t.HelmChartContainer - [POD] nginx-58ccdbc9cd-t777x [4d8a8160-6c1b-4383-8fde-6ca69015bda1] in helmextensionpriorityit was MODIFIED
2025-01-27 17:04:58,234 INFO c.h.h.t.HelmChartContainer - [EVENT] Normal [Started] Started container nginx [helmextensionpriorityit:nginx-58ccdbc9cd-t777x]
2025-01-27 17:04:58,234 INFO c.h.h.t.HelmChartContainer - Received Started event for container nginx in pod nginx-58ccdbc9cd-t777x [4d8a8160-6c1b-4383-8fde-6ca69015bda1]
2025-01-27 17:04:58,234 INFO c.h.h.t.HelmChartContainer - [K3S] [replica_set.go:679] "Finished syncing" kind="ReplicaSet" key="helmextensionpriorityit/nginx-58ccdbc9cd" duration="16.06678ms"
2025-01-27 17:04:58,235 INFO c.h.h.t.HelmChartContainer - [K3S] [replica_set.go:679] "Finished syncing" kind="ReplicaSet" key="helmextensionpriorityit/nginx-58ccdbc9cd" duration="28.282µs"
2025-01-27 17:04:58,234 INFO c.h.h.t.HelmChartContainer - Started log watcher for nginx in pod nginx-58ccdbc9cd-t777x [4d8a8160-6c1b-4383-8fde-6ca69015bda1]
2025-01-27 17:04:58,237 INFO c.h.h.t.HelmChartContainer - [nginx-58ccdbc9cd-t77] [nginx] [4d8a8160] /docker-entrypoint.sh: /docker-entrypoint.d/ is not empty, will attempt to perform configuration
2025-01-27 17:04:58,237 INFO c.h.h.t.HelmChartContainer - [nginx-58ccdbc9cd-t77] [nginx] [4d8a8160] /docker-entrypoint.sh: Looking for shell scripts in /docker-entrypoint.d/
2025-01-27 17:04:58,237 INFO c.h.h.t.HelmChartContainer - [nginx-58ccdbc9cd-t77] [nginx] [4d8a8160] /docker-entrypoint.sh: Launching /docker-entrypoint.d/10-listen-on-ipv6-by-default.sh
2025-01-27 17:04:58,237 INFO c.h.h.t.HelmChartContainer - [nginx-58ccdbc9cd-t77] [nginx] [4d8a8160] 10-listen-on-ipv6-by-default.sh: info: Getting the checksum of /etc/nginx/conf.d/default.conf
2025-01-27 17:04:58,237 INFO c.h.h.t.HelmChartContainer - [nginx-58ccdbc9cd-t77] [nginx] [4d8a8160] 10-listen-on-ipv6-by-default.sh: info: Enabled listen on IPv6 in /etc/nginx/conf.d/default.conf
2025-01-27 17:04:58,237 INFO c.h.h.t.HelmChartContainer - [nginx-58ccdbc9cd-t77] [nginx] [4d8a8160] /docker-entrypoint.sh: Sourcing /docker-entrypoint.d/15-local-resolvers.envsh
2025-01-27 17:04:58,237 INFO c.h.h.t.HelmChartContainer - [nginx-58ccdbc9cd-t77] [nginx] [4d8a8160] /docker-entrypoint.sh: Launching /docker-entrypoint.d/20-envsubst-on-templates.sh
2025-01-27 17:04:58,237 INFO c.h.h.t.HelmChartContainer - [nginx-58ccdbc9cd-t77] [nginx] [4d8a8160] /docker-entrypoint.sh: Launching /docker-entrypoint.d/30-tune-worker-processes.sh
2025-01-27 17:04:58,237 INFO c.h.h.t.HelmChartContainer - [nginx-58ccdbc9cd-t77] [nginx] [4d8a8160] /docker-entrypoint.sh: Configuration complete; ready for start up
2025-01-27 17:04:58,237 INFO c.h.h.t.HelmChartContainer - [nginx-58ccdbc9cd-t77] [nginx] [4d8a8160] 2025/01/27 17:04:57 [notice] 1#1: using the "epoll" event method
2025-01-27 17:04:58,237 INFO c.h.h.t.HelmChartContainer - [nginx-58ccdbc9cd-t77] [nginx] [4d8a8160] 2025/01/27 17:04:57 [notice] 1#1: nginx/1.27.3
2025-01-27 17:04:58,237 INFO c.h.h.t.HelmChartContainer - [nginx-58ccdbc9cd-t77] [nginx] [4d8a8160] 2025/01/27 17:04:57 [notice] 1#1: built by gcc 12.2.0 (Debian 12.2.0-14) 
2025-01-27 17:04:58,237 INFO c.h.h.t.HelmChartContainer - [nginx-58ccdbc9cd-t77] [nginx] [4d8a8160] 2025/01/27 17:04:57 [notice] 1#1: OS: Linux 6.8.0-1020-azure
2025-01-27 17:04:58,237 INFO c.h.h.t.HelmChartContainer - [nginx-58ccdbc9cd-t77] [nginx] [4d8a8160] 2025/01/27 17:04:57 [notice] 1#1: getrlimit(RLIMIT_NOFILE): 1048576:1048576
2025-01-27 17:04:58,237 INFO c.h.h.t.HelmChartContainer - [nginx-58ccdbc9cd-t77] [nginx] [4d8a8160] 2025/01/27 17:04:57 [notice] 1#1: start worker processes
2025-01-27 17:04:58,237 INFO c.h.h.t.HelmChartContainer - [nginx-58ccdbc9cd-t77] [nginx] [4d8a8160] 2025/01/27 17:04:57 [notice] 1#1: start worker process 29
2025-01-27 17:04:58,237 INFO c.h.h.t.HelmChartContainer - [nginx-58ccdbc9cd-t77] [nginx] [4d8a8160] 2025/01/27 17:04:57 [notice] 1#1: start worker process 30
2025-01-27 17:04:58,237 INFO c.h.h.t.HelmChartContainer - [nginx-58ccdbc9cd-t77] [nginx] [4d8a8160] 2025/01/27 17:04:57 [notice] 1#1: start worker process 31
2025-01-27 17:04:58,237 INFO c.h.h.t.HelmChartContainer - [nginx-58ccdbc9cd-t77] [nginx] [4d8a8160] 2025/01/27 17:04:57 [notice] 1#1: start worker process 32
2025-01-27 17:04:58,763 INFO c.h.h.testcontainer.LogWaiterUtil - TEST Waiting for log pattern on 'test-hivemq-platform-0': .*Extension "HiveMQ Appending Foo Extension" version 1.0.0 started successfully.
2025-01-27 17:04:58,763 INFO c.h.h.testcontainer.LogWaiterUtil - TEST Waiting for log pattern on 'test-hivemq-platform-0': .*Extension "HiveMQ Appending Bar Extension" version 1.0.0 started successfully.
2025-01-27 17:04:58,763 INFO c.h.h.testcontainer.LogWaiterUtil - TEST Waiting for log pattern on 'test-hivemq-platform-0': .*Extension "HiveMQ Appending Baz Extension" version 1.0.0 started successfully.
2025-01-27 17:04:58,824 DEBUG c.h.h.t.HelmChartContainer - Executing helm command: /bin/helm --kubeconfig /etc/rancher/k3s/k3s.yaml install test-hivemq-platform /charts/hivemq-platform --wait --timeout 5m0s --set image.repository=docker.io/hivemq --set image.tag=4.35.0 --set image.pullPolicy=Never --set nodes.resources.cpu=512m -f /files/extension-priority-values.yaml --namespace helmextensionpriorityit
2025-01-27 17:04:59,118 INFO c.h.h.t.HelmChartContainer - [hivemq-test-hivemq-platform] [hivemq-platform-operator] [29934c7a] 17:04:59.091 [-373097727-pool-1-thread-3] WARN  i.m.p.PrometheusMeterRegistry - The meter (MeterId{name='operator.sdk.events.received', tags=[tag(action=ADDED),tag(event=ResourceEvent),tag(group=hivemq.com),tag(kind=HiveMQPlatform),tag(name=test-hivemq-platform),tag(namespace=helmextensionpriorityit),tag(scope=namespace),tag(version=v1)]}) registration has failed: Prometheus requires that all meters with the same name have the same set of tag keys. There is already an existing meter named 'operator.sdk.events.received' containing tag keys [event, group, kind, name, namespace, scope, version]. The meter you are attempting to register has keys [action, event, group, kind, name, namespace, scope, version]. Note that subsequent logs will be logged at debug level.
2025-01-27 17:04:59,575 INFO c.h.h.t.HelmChartContainer - [hivemq-test-hivemq-platform] [hivemq-platform-operator] [29934c7a] 17:04:59.574 [pool-6-thread-3] DEBUG c.h.p.o.dependants.PodInfoConfigMap - [helmexte] Desired PodInfo ConfigMap (3 extensions) (3 enabled)
2025-01-27 17:04:59,576 INFO c.h.h.t.HelmChartContainer - [hivemq-test-hivemq-platform] [hivemq-platform-operator] [29934c7a] 17:04:59.574 [pool-6-thread-3] DEBUG c.h.p.o.dependants.PodInfoConfigMap - [helmexte] Desired PodInfo ConfigMap (metrics port: 9399) (metrics path: /)
2025-01-27 17:04:59,576 INFO c.h.h.t.HelmChartContainer - [hivemq-test-hivemq-platform] [hivemq-platform-operator] [29934c7a] 17:04:59.574 [pool-6-thread-3] DEBUG c.h.p.o.dependants.PodInfoConfigMap - [helmexte] Desired PodInfo ConfigMap (extension state hash: 687648868)
2025-01-27 17:04:59,620 INFO c.h.h.t.HelmChartContainer - [hivemq-test-hivemq-platform] [hivemq-platform-operator] [29934c7a] 17:04:59.618 [pool-6-thread-3] DEBUG c.h.p.o.dependants.PodInfoConfigMap - [helmexte] Create PodInfo ConfigMap
2025-01-27 17:04:59,722 INFO c.h.h.t.HelmChartContainer - [hivemq-test-hivemq-platform] [hivemq-platform-operator] [29934c7a] 17:04:59.717 [pool-6-thread-5] DEBUG c.h.p.o.dependants.PodRoleResource - [helmexte] Create Role: Role(apiVersion=rbac.authorization.k8s.io/v1, kind=Role, metadata=ObjectMeta(annotations={meta.helm.sh/release-name=test-hivemq-platform, meta.helm.sh/release-namespace=helmextensionpriorityit}, creationTimestamp=null, deletionGracePeriodSeconds=null, deletionTimestamp=null, finalizers=[], generateName=null, generation=null, labels={helm.sh/chart=hivemq-platform-0.2.31, app.kubernetes.io/managed-by=Helm, app.kubernetes.io/name=hivemq-platform, hivemq-platform=test-hivemq-platform, app.kubernetes.io/instance=test-hivemq-platform, app.kubernetes.io/version=4.35.0}, managedFields=[], name=hivemq-platform-role-test-hivemq-platform, namespace=helmextensionpriorityit, ownerReferences=[OwnerReference(apiVersion=hivemq.com/v1, blockOwnerDeletion=null, controller=null, kind=HiveMQPlatform, name=test-hivemq-platform, uid=4cd89424-5b85-4d10-9fd5-2fbae862f9ae, additionalProperties={})], resourceVersion=null, selfLink=null, uid=null, additionalProperties={}), rules=[PolicyRule(apiGroups=[], nonResourceURLs=[], resourceNames=[], resources=[pods], verbs=[get, patch, update], additionalProperties={})], additionalProperties={})
2025-01-27 17:04:59,826 INFO c.h.h.t.HelmChartContainer - [hivemq-test-hivemq-platform] [hivemq-platform-operator] [29934c7a] 17:04:59.823 [pool-6-thread-7] DEBUG c.h.p.o.d.PodServiceAccountResource - [helmexte] Desired PodServiceAccountResource (serviceAccountName: hivemq-platform-pod-test-hivemq-platform)
2025-01-27 17:04:59,827 INFO c.h.h.t.HelmChartContainer - [hivemq-test-hivemq-platform] [hivemq-platform-operator] [29934c7a] 17:04:59.824 [pool-6-thread-7] DEBUG c.h.p.o.d.PodServiceAccountResource - [helmexte] Create ServiceAccount 'hivemq-platform-pod-test-hivemq-platform'
2025-01-27 17:04:59,969 INFO c.h.h.t.HelmChartContainer - [hivemq-test-hivemq-platform] [hivemq-platform-operator] [29934c7a] 17:04:59.922 [pool-6-thread-9] DEBUG c.h.p.o.d.PodRoleBindingResource - [helmexte] Create RoleBinding: RoleBinding(apiVersion=rbac.authorization.k8s.io/v1, kind=RoleBinding, metadata=ObjectMeta(annotations={meta.helm.sh/release-name=test-hivemq-platform, meta.helm.sh/release-namespace=helmextensionpriorityit}, creationTimestamp=null, deletionGracePeriodSeconds=null, deletionTimestamp=null, finalizers=[], generateName=null, generation=null, labels={helm.sh/chart=hivemq-platform-0.2.31, app.kubernetes.io/managed-by=Helm, app.kubernetes.io/name=hivemq-platform, hivemq-platform=test-hivemq-platform, app.kubernetes.io/instance=test-hivemq-platform, app.kubernetes.io/version=4.35.0}, managedFields=[], name=hivemq-platform-role-binding-test-hivemq-platform, namespace=helmextensionpriorityit, ownerReferences=[OwnerReference(apiVersion=hivemq.com/v1, blockOwnerDeletion=null, controller=null, kind=HiveMQPlatform, name=test-hivemq-platform, uid=4cd89424-5b85-4d10-9fd5-2fbae862f9ae, additionalProperties={})], resourceVersion=null, selfLink=null, uid=null, additionalProperties={}), roleRef=RoleRef(apiGroup=rbac.authorization.k8s.io, kind=Role, name=hivemq-platform-role-test-hivemq-platform, additionalProperties={}), subjects=[Subject(apiGroup=null, kind=ServiceAccount, name=hivemq-platform-pod-test-hivemq-platform, namespace=helmextensionpriorityit, additionalProperties={})], additionalProperties={})
2025-01-27 17:05:00,020 INFO c.h.h.t.HelmChartContainer - [hivemq-test-hivemq-platform] [hivemq-platform-operator] [29934c7a] 17:05:00.019 [ReconcilerExecutor-hivemq-controller-56] INFO  c.h.p.o.HiveMQPlatformReconciler - [helmexte] Reconciling HiveMQ Platform 'test-hivemq-platform' in namespace 'helmextensionpriorityit'
2025-01-27 17:05:00,021 INFO c.h.h.t.HelmChartContainer - [hivemq-test-hivemq-platform] [hivemq-platform-operator] [29934c7a] 17:05:00.019 [ReconcilerExecutor-hivemq-controller-56] DEBUG c.h.p.o.HiveMQPlatformReconciler - [helmexte] Custom Resource Status CREATED - HiveMQ Platform was created (READY)
2025-01-27 17:05:00,021 INFO c.h.h.t.HelmChartContainer - [hivemq-test-hivemq-platform] [hivemq-platform-operator] [29934c7a] 17:05:00.019 [ReconcilerExecutor-hivemq-controller-56] DEBUG c.h.p.o.HiveMQPlatformReconciler - [helmexte] Custom Resource Spec (replicas: 1) (extensions: 3)
2025-01-27 17:05:00,024 INFO c.h.h.t.HelmChartContainer - [hivemq-test-hivemq-platform] [hivemq-platform-operator] [29934c7a] 17:05:00.023 [ReconcilerExecutor-hivemq-controller-56] INFO  c.h.p.o.h.HiveMQPlatformReconcilerBaseHandler - [helmexte] HiveMQ Platform is starting
2025-01-27 17:05:00,122 INFO c.h.h.t.HelmChartContainer - [hivemq-test-hivemq-platform] [hivemq-platform-operator] [29934c7a] 17:05:00.121 [ReconcilerExecutor-hivemq-controller-56] DEBUG c.h.p.operator.event.EventSender - [helmexte] Creating K8s event hivemq-platform-starting: [Start] HiveMQ Platform is starting
2025-01-27 17:05:00,131 INFO c.h.h.t.HelmChartContainer - [EVENT] Normal [Start] HiveMQ Platform is starting [helmextensionpriorityit:test-hivemq-platform]
2025-01-27 17:05:00,175 INFO c.h.h.t.HelmChartContainer - [hivemq-test-hivemq-platform] [hivemq-platform-operator] [29934c7a] 17:05:00.172 [ReconcilerExecutor-hivemq-controller-56] INFO  c.h.p.o.h.AbstractHiveMQReconcilerStateHandler - [helmexte] Update HiveMQ Platform Status (CREATED [READY] -> STARTING [READY]): HiveMQ Platform is starting
2025-01-27 17:05:00,225 DEBUG com.hivemq.helmcharts.util.K8sUtil - Comparing actual state 'STARTING' and waiting for 'RUNNING'
2025-01-27 17:05:10,238 INFO c.h.h.t.HelmChartContainer - [hivemq-test-hivemq-platform] [hivemq-platform-operator] [29934c7a] 17:05:10.233 [pool-6-thread-12] DEBUG c.h.p.o.d.PlatformServiceResource - [helmexte] Desired Platform services (2 services)
2025-01-27 17:05:10,238 INFO c.h.h.t.HelmChartContainer - [hivemq-test-hivemq-platform] [hivemq-platform-operator] [29934c7a] 17:05:10.235 [pool-6-thread-13] DEBUG c.h.p.o.dependants.PodInfoConfigMap - [helmexte] Desired PodInfo ConfigMap (3 extensions) (3 enabled)
2025-01-27 17:05:10,238 INFO c.h.h.t.HelmChartContainer - [hivemq-test-hivemq-platform] [hivemq-platform-operator] [29934c7a] 17:05:10.235 [pool-6-thread-13] DEBUG c.h.p.o.dependants.PodInfoConfigMap - [helmexte] Desired PodInfo ConfigMap (metrics port: 9399) (metrics path: /)
2025-01-27 17:05:10,238 INFO c.h.h.t.HelmChartContainer - [hivemq-test-hivemq-platform] [hivemq-platform-operator] [29934c7a] 17:05:10.235 [pool-6-thread-13] DEBUG c.h.p.o.dependants.PodInfoConfigMap - [helmexte] Desired PodInfo ConfigMap (extension state hash: 687648868)
2025-01-27 17:05:10,243 INFO c.h.h.t.HelmChartContainer - [hivemq-test-hivemq-platform] [hivemq-platform-operator] [29934c7a] 17:05:10.238 [pool-6-thread-17] DEBUG c.h.p.o.d.PodServiceAccountResource - [helmexte] Desired PodServiceAccountResource (serviceAccountName: hivemq-platform-pod-test-hivemq-platform)
2025-01-27 17:05:10,247 INFO c.h.h.t.HelmChartContainer - [hivemq-test-hivemq-platform] [hivemq-platform-operator] [29934c7a] 17:05:10.244 [pool-6-thread-13] DEBUG c.h.p.o.dependants.PodInfoConfigMap - [helmexte] Update PodInfo ConfigMap
2025-01-27 17:05:10,253 INFO c.h.h.t.HelmChartContainer - [K3S] [alloc.go:330] "allocated clusterIPs" service="helmextensionpriorityit/hivemq-test-hivemq-platform-metrics-9399" clusterIPs={"IPv4":"10.43.230.174"}
2025-01-27 17:05:10,328 INFO c.h.h.t.HelmChartContainer - [K3S] [alloc.go:330] "allocated clusterIPs" service="helmextensionpriorityit/hivemq-test-hivemq-platform-mqtt-1884" clusterIPs={"IPv4":"10.43.175.199"}
2025-01-27 17:05:10,418 INFO c.h.h.t.HelmChartContainer - [hivemq-test-hivemq-platform] [hivemq-platform-operator] [29934c7a] 17:05:10.416 [pool-6-thread-20] DEBUG c.h.p.o.d.StatefulSetResource - [helmexte] Desired StatefulSet (1 replicas) for status STARTING (READY)
2025-01-27 17:05:10,431 INFO c.h.h.t.HelmChartContainer - [hivemq-test-hivemq-platform] [hivemq-platform-operator] [29934c7a] 17:05:10.429 [pool-6-thread-20] DEBUG c.h.p.o.d.StatefulSetResource - [helmexte] Create StatefulSet
2025-01-27 17:05:10,533 INFO c.h.h.t.HelmChartContainer - [hivemq-test-hivemq-platform] [hivemq-platform-operator] [29934c7a] 17:05:10.530 [ReconcilerExecutor-hivemq-controller-67] INFO  c.h.p.o.HiveMQPlatformReconciler - [helmexte] Reconciling HiveMQ Platform 'test-hivemq-platform' in namespace 'helmextensionpriorityit'
2025-01-27 17:05:10,533 INFO c.h.h.t.HelmChartContainer - [hivemq-test-hivemq-platform] [hivemq-platform-operator] [29934c7a] 17:05:10.531 [ReconcilerExecutor-hivemq-controller-67] DEBUG c.h.p.o.HiveMQPlatformReconciler - [helmexte] Custom Resource Status STARTING - HiveMQ Platform is starting (READY)
2025-01-27 17:05:10,533 INFO c.h.h.t.HelmChartContainer - [hivemq-test-hivemq-platform] [hivemq-platform-operator] [29934c7a] 17:05:10.531 [ReconcilerExecutor-hivemq-controller-67] DEBUG c.h.p.o.HiveMQPlatformReconciler - [helmexte] Custom Resource Spec (replicas: 1) (extensions: 3)
2025-01-27 17:05:10,540 INFO c.h.h.t.HelmChartContainer - [hivemq-test-hivemq-platform] [hivemq-platform-operator] [29934c7a] 17:05:10.538 [ReconcilerExecutor-hivemq-controller-67] DEBUG c.h.p.o.HiveMQPlatformReconciler - [helmexte] StatefulSet Status (revision: null, replicas: 0, available: 0, ready: 0, current: 0, updated: 0)
2025-01-27 17:05:10,540 INFO c.h.h.t.HelmChartContainer - [hivemq-test-hivemq-platform] [hivemq-platform-operator] [29934c7a] 17:05:10.539 [ReconcilerExecutor-hivemq-controller-67] DEBUG c.h.p.o.HiveMQPlatformReconciler - [helmexte] StatefulSet Spec (replicas: 1, init containers: 1, containers: 1, volumes: 3)
2025-01-27 17:05:10,543 INFO c.h.h.t.HelmChartContainer - [hivemq-test-hivemq-platform] [hivemq-platform-operator] [29934c7a] 17:05:10.542 [ReconcilerExecutor-hivemq-controller-67] INFO  c.h.p.o.h.HiveMQPlatformReconcilerBaseHandler - [helmexte] HiveMQ Platform is starting, 0 of 1 replicas are ready
2025-01-27 17:05:10,551 INFO c.h.h.t.HelmChartContainer - [POD] test-hivemq-platform-0 [5ba8f6f0-6526-4cf6-9922-4e040c588c53] in helmextensionpriorityit was ADDED
2025-01-27 17:05:10,552 INFO c.h.h.t.HelmChartContainer - [EVENT] Normal [SuccessfulCreate] create Pod test-hivemq-platform-0 in StatefulSet test-hivemq-platform successful [helmextensionpriorityit:test-hivemq-platform]
2025-01-27 17:05:10,555 INFO c.h.h.t.HelmChartContainer - [POD] test-hivemq-platform-0 [5ba8f6f0-6526-4cf6-9922-4e040c588c53] in helmextensionpriorityit was MODIFIED
2025-01-27 17:05:10,560 INFO c.h.h.t.HelmChartContainer - [EVENT] Normal [Scheduled] Successfully assigned helmextensionpriorityit/test-hivemq-platform-0 to 774b1d029c41 [helmextensionpriorityit:test-hivemq-platform-0]
2025-01-27 17:05:10,570 INFO c.h.h.t.HelmChartContainer - [POD] test-hivemq-platform-0 [5ba8f6f0-6526-4cf6-9922-4e040c588c53] in helmextensionpriorityit was MODIFIED
2025-01-27 17:05:10,594 INFO c.h.h.t.HelmChartContainer - [K3S] [reconciler_common.go:251] "operationExecutor.VerifyControllerAttachedVolume started for volume \"pod-info\" (UniqueName: \"kubernetes.io/configmap/5ba8f6f0-6526-4cf6-9922-4e040c588c53-pod-info\") pod \"test-hivemq-platform-0\" (UID: \"5ba8f6f0-6526-4cf6-9922-4e040c588c53\") " pod="helmextensionpriorityit/test-hivemq-platform-0"
2025-01-27 17:05:10,594 INFO c.h.h.t.HelmChartContainer - [K3S] [reconciler_common.go:251] "operationExecutor.VerifyControllerAttachedVolume started for volume \"kube-api-access-n97r7\" (UniqueName: \"kubernetes.io/projected/5ba8f6f0-6526-4cf6-9922-4e040c588c53-kube-api-access-n97r7\") pod \"test-hivemq-platform-0\" (UID: \"5ba8f6f0-6526-4cf6-9922-4e040c588c53\") " pod="helmextensionpriorityit/test-hivemq-platform-0"
2025-01-27 17:05:10,594 INFO c.h.h.t.HelmChartContainer - [K3S] [reconciler_common.go:251] "operationExecutor.VerifyControllerAttachedVolume started for volume \"broker-configuration\" (UniqueName: \"kubernetes.io/configmap/5ba8f6f0-6526-4cf6-9922-4e040c588c53-broker-configuration\") pod \"test-hivemq-platform-0\" (UID: \"5ba8f6f0-6526-4cf6-9922-4e040c588c53\") " pod="helmextensionpriorityit/test-hivemq-platform-0"
2025-01-27 17:05:10,594 INFO c.h.h.t.HelmChartContainer - [K3S] [reconciler_common.go:251] "operationExecutor.VerifyControllerAttachedVolume started for volume \"operator-init\" (UniqueName: \"kubernetes.io/empty-dir/5ba8f6f0-6526-4cf6-9922-4e040c588c53-operator-init\") pod \"test-hivemq-platform-0\" (UID: \"5ba8f6f0-6526-4cf6-9922-4e040c588c53\") " pod="helmextensionpriorityit/test-hivemq-platform-0"
2025-01-27 17:05:10,622 INFO c.h.h.t.HelmChartContainer - [hivemq-test-hivemq-platform] [hivemq-platform-operator] [29934c7a] 17:05:10.620 [pool-6-thread-22] DEBUG c.h.p.o.d.PlatformServiceResource - [helmexte] Desired Platform services (2 services)
2025-01-27 17:05:10,625 INFO c.h.h.t.HelmChartContainer - [hivemq-test-hivemq-platform] [hivemq-platform-operator] [29934c7a] 17:05:10.623 [pool-6-thread-23] DEBUG c.h.p.o.dependants.PodInfoConfigMap - [helmexte] Desired PodInfo ConfigMap (3 extensions) (3 enabled)
2025-01-27 17:05:10,626 INFO c.h.h.t.HelmChartContainer - [hivemq-test-hivemq-platform] [hivemq-platform-operator] [29934c7a] 17:05:10.625 [pool-6-thread-23] DEBUG c.h.p.o.dependants.PodInfoConfigMap - [helmexte] Desired PodInfo ConfigMap (metrics port: 9399) (metrics path: /)
2025-01-27 17:05:10,626 INFO c.h.h.t.HelmChartContainer - [hivemq-test-hivemq-platform] [hivemq-platform-operator] [29934c7a] 17:05:10.625 [pool-6-thread-23] DEBUG c.h.p.o.dependants.PodInfoConfigMap - [helmexte] Desired PodInfo ConfigMap (extension state hash: 687648868)
2025-01-27 17:05:10,629 INFO c.h.h.t.HelmChartContainer - [hivemq-test-hivemq-platform] [hivemq-platform-operator] [29934c7a] 17:05:10.629 [pool-6-thread-27] DEBUG c.h.p.o.d.PodServiceAccountResource - [helmexte] Desired PodServiceAccountResource (serviceAccountName: hivemq-platform-pod-test-hivemq-platform)
2025-01-27 17:05:10,722 INFO c.h.h.t.HelmChartContainer - [hivemq-test-hivemq-platform] [hivemq-platform-operator] [29934c7a] 17:05:10.720 [pool-6-thread-30] DEBUG c.h.p.o.d.StatefulSetResource - [helmexte] Desired StatefulSet (1 replicas) for status STARTING (READY)
2025-01-27 17:05:10,729 INFO c.h.h.t.HelmChartContainer - [hivemq-test-hivemq-platform] [hivemq-platform-operator] [29934c7a] 17:05:10.728 [ReconcilerExecutor-hivemq-controller-78] INFO  c.h.p.o.HiveMQPlatformReconciler - [helmexte] Reconciling HiveMQ Platform 'test-hivemq-platform' in namespace 'helmextensionpriorityit'
2025-01-27 17:05:10,730 INFO c.h.h.t.HelmChartContainer - [hivemq-test-hivemq-platform] [hivemq-platform-operator] [29934c7a] 17:05:10.728 [ReconcilerExecutor-hivemq-controller-78] DEBUG c.h.p.o.HiveMQPlatformReconciler - [helmexte] Custom Resource Status STARTING - HiveMQ Platform is starting (READY)
2025-01-27 17:05:10,730 INFO c.h.h.t.HelmChartContainer - [hivemq-test-hivemq-platform] [hivemq-platform-operator] [29934c7a] 17:05:10.728 [ReconcilerExecutor-hivemq-controller-78] DEBUG c.h.p.o.HiveMQPlatformReconciler - [helmexte] Custom Resource Spec (replicas: 1) (extensions: 3)
2025-01-27 17:05:10,732 INFO c.h.h.t.HelmChartContainer - [hivemq-test-hivemq-platform] [hivemq-platform-operator] [29934c7a] 17:05:10.730 [ReconcilerExecutor-hivemq-controller-78] DEBUG c.h.p.o.HiveMQPlatformReconciler - [helmexte] StatefulSet Status (revision: test-hivemq-platform-678954bb84, replicas: 1, available: 0, ready: 0, current: 1, updated: 1)
2025-01-27 17:05:10,732 INFO c.h.h.t.HelmChartContainer - [hivemq-test-hivemq-platform] [hivemq-platform-operator] [29934c7a] 17:05:10.730 [ReconcilerExecutor-hivemq-controller-78] DEBUG c.h.p.o.HiveMQPlatformReconciler - [helmexte] StatefulSet Spec (replicas: 1, init containers: 1, containers: 1, volumes: 3)
2025-01-27 17:05:10,826 INFO c.h.h.t.HelmChartContainer - [hivemq-test-hivemq-platform] [hivemq-platform-operator] [29934c7a] 17:05:10.823 [ReconcilerExecutor-hivemq-controller-78] DEBUG c.h.p.o.h.HiveMQPlatformReconcilerErrorHandler - [helmexte] Pod 'test-hivemq-platform-0' phase Pending
2025-01-27 17:05:10,829 INFO c.h.h.t.HelmChartContainer - [hivemq-test-hivemq-platform] [hivemq-platform-operator] [29934c7a] 17:05:10.824 [ReconcilerExecutor-hivemq-controller-78] DEBUG c.h.p.o.h.HiveMQPlatformReconcilerErrorHandler - [helmexte] Pod 'test-hivemq-platform-0' condition 'PodReadyToStartContainers': False
2025-01-27 17:05:10,831 INFO c.h.h.t.HelmChartContainer - [hivemq-test-hivemq-platform] [hivemq-platform-operator] [29934c7a] 17:05:10.824 [ReconcilerExecutor-hivemq-controller-78] DEBUG c.h.p.o.h.HiveMQPlatformReconcilerErrorHandler - [helmexte] Pod 'test-hivemq-platform-0' condition 'Initialized': False
2025-01-27 17:05:10,831 INFO c.h.h.t.HelmChartContainer - [hivemq-test-hivemq-platform] [hivemq-platform-operator] [29934c7a] 17:05:10.824 [ReconcilerExecutor-hivemq-controller-78] DEBUG c.h.p.o.h.HiveMQPlatformReconcilerErrorHandler - [helmexte] Pod 'test-hivemq-platform-0' condition 'Ready': False
2025-01-27 17:05:10,831 INFO c.h.h.t.HelmChartContainer - [hivemq-test-hivemq-platform] [hivemq-platform-operator] [29934c7a] 17:05:10.824 [ReconcilerExecutor-hivemq-controller-78] DEBUG c.h.p.o.h.HiveMQPlatformReconcilerErrorHandler - [helmexte] Pod 'test-hivemq-platform-0' condition 'ContainersReady': False
2025-01-27 17:05:10,831 INFO c.h.h.t.HelmChartContainer - [hivemq-test-hivemq-platform] [hivemq-platform-operator] [29934c7a] 17:05:10.825 [ReconcilerExecutor-hivemq-controller-78] DEBUG c.h.p.o.h.HiveMQPlatformReconcilerErrorHandler - [helmexte] Pod 'test-hivemq-platform-0' condition 'PodScheduled': True
2025-01-27 17:05:10,831 INFO c.h.h.t.HelmChartContainer - [hivemq-test-hivemq-platform] [hivemq-platform-operator] [29934c7a] 17:05:10.825 [ReconcilerExecutor-hivemq-controller-78] DEBUG c.h.p.o.h.HiveMQPlatformReconcilerErrorHandler - [helmexte] Pod 'test-hivemq-platform-0' containerStatus 'hivemq' (started: false) (ready: false) (waiting: [PodInitializing] null)
2025-01-27 17:05:10,831 INFO c.h.h.t.HelmChartContainer - [hivemq-test-hivemq-platform] [hivemq-platform-operator] [29934c7a] 17:05:10.827 [ReconcilerExecutor-hivemq-controller-78] INFO  c.h.p.o.h.HiveMQPlatformReconcilerBaseHandler - [helmexte] HiveMQ Platform is starting, 0 of 1 replicas are ready
2025-01-27 17:05:10,834 INFO c.h.h.t.HelmChartContainer - [hivemq-test-hivemq-platform] [hivemq-platform-operator] [29934c7a] 17:05:10.833 [pool-6-thread-32] DEBUG c.h.p.o.d.PlatformServiceResource - [helmexte] Desired Platform services (2 services)
2025-01-27 17:05:10,835 INFO c.h.h.t.HelmChartContainer - [hivemq-test-hivemq-platform] [hivemq-platform-operator] [29934c7a] 17:05:10.834 [pool-6-thread-33] DEBUG c.h.p.o.dependants.PodInfoConfigMap - [helmexte] Desired PodInfo ConfigMap (3 extensions) (3 enabled)
2025-01-27 17:05:10,835 INFO c.h.h.t.HelmChartContainer - [hivemq-test-hivemq-platform] [hivemq-platform-operator] [29934c7a] 17:05:10.834 [pool-6-thread-33] DEBUG c.h.p.o.dependants.PodInfoConfigMap - [helmexte] Desired PodInfo ConfigMap (metrics port: 9399) (metrics path: /)
2025-01-27 17:05:10,835 INFO c.h.h.t.HelmChartContainer - [hivemq-test-hivemq-platform] [hivemq-platform-operator] [29934c7a] 17:05:10.834 [pool-6-thread-33] DEBUG c.h.p.o.dependants.PodInfoConfigMap - [helmexte] Desired PodInfo ConfigMap (extension state hash: 687648868)
2025-01-27 17:05:10,923 INFO c.h.h.t.HelmChartContainer - [hivemq-test-hivemq-platform] [hivemq-platform-operator] [29934c7a] 17:05:10.921 [pool-6-thread-37] DEBUG c.h.p.o.d.PodServiceAccountResource - [helmexte] Desired PodServiceAccountResource (serviceAccountName: hivemq-platform-pod-test-hivemq-platform)
2025-01-27 17:05:10,929 INFO c.h.h.t.HelmChartContainer - [hivemq-test-hivemq-platform] [hivemq-platform-operator] [29934c7a] 17:05:10.927 [pool-6-thread-40] DEBUG c.h.p.o.d.StatefulSetResource - [helmexte] Desired StatefulSet (1 replicas) for status STARTING (READY)
2025-01-27 17:05:10,934 INFO c.h.h.t.HelmChartContainer - [hivemq-test-hivemq-platform] [hivemq-platform-operator] [29934c7a] 17:05:10.932 [ReconcilerExecutor-hivemq-controller-89] INFO  c.h.p.o.HiveMQPlatformReconciler - [helmexte] Reconciling HiveMQ Platform 'test-hivemq-platform' in namespace 'helmextensionpriorityit'
2025-01-27 17:05:10,935 INFO c.h.h.t.HelmChartContainer - [hivemq-test-hivemq-platform] [hivemq-platform-operator] [29934c7a] 17:05:10.933 [ReconcilerExecutor-hivemq-controller-89] DEBUG c.h.p.o.HiveMQPlatformReconciler - [helmexte] Custom Resource Status STARTING - HiveMQ Platform is starting (READY)
2025-01-27 17:05:10,935 INFO c.h.h.t.HelmChartContainer - [hivemq-test-hivemq-platform] [hivemq-platform-operator] [29934c7a] 17:05:10.933 [ReconcilerExecutor-hivemq-controller-89] DEBUG c.h.p.o.HiveMQPlatformReconciler - [helmexte] Custom Resource Spec (replicas: 1) (extensions: 3)
2025-01-27 17:05:10,937 INFO c.h.h.t.HelmChartContainer - [hivemq-test-hivemq-platform] [hivemq-platform-operator] [29934c7a] 17:05:10.936 [ReconcilerExecutor-hivemq-controller-89] DEBUG c.h.p.o.HiveMQPlatformReconciler - [helmexte] StatefulSet Status (revision: test-hivemq-platform-678954bb84, replicas: 1, available: 0, ready: 0, current: 1, updated: 1)
2025-01-27 17:05:10,938 INFO c.h.h.t.HelmChartContainer - [hivemq-test-hivemq-platform] [hivemq-platform-operator] [29934c7a] 17:05:10.936 [ReconcilerExecutor-hivemq-controller-89] DEBUG c.h.p.o.HiveMQPlatformReconciler - [helmexte] StatefulSet Spec (replicas: 1, init containers: 1, containers: 1, volumes: 3)
2025-01-27 17:05:10,940 INFO c.h.h.t.HelmChartContainer - [hivemq-test-hivemq-platform] [hivemq-platform-operator] [29934c7a] 17:05:10.939 [ReconcilerExecutor-hivemq-controller-89] DEBUG c.h.p.o.h.HiveMQPlatformReconcilerErrorHandler - [helmexte] Pod 'test-hivemq-platform-0' phase Pending
2025-01-27 17:05:10,941 INFO c.h.h.t.HelmChartContainer - [hivemq-test-hivemq-platform] [hivemq-platform-operator] [29934c7a] 17:05:10.939 [ReconcilerExecutor-hivemq-controller-89] DEBUG c.h.p.o.h.HiveMQPlatformReconcilerErrorHandler - [helmexte] Pod 'test-hivemq-platform-0' condition 'PodReadyToStartContainers': False
2025-01-27 17:05:10,941 INFO c.h.h.t.HelmChartContainer - [hivemq-test-hivemq-platform] [hivemq-platform-operator] [29934c7a] 17:05:10.939 [ReconcilerExecutor-hivemq-controller-89] DEBUG c.h.p.o.h.HiveMQPlatformReconcilerErrorHandler - [helmexte] Pod 'test-hivemq-platform-0' condition 'Initialized': False
2025-01-27 17:05:10,941 INFO c.h.h.t.HelmChartContainer - [hivemq-test-hivemq-platform] [hivemq-platform-operator] [29934c7a] 17:05:10.940 [ReconcilerExecutor-hivemq-controller-89] DEBUG c.h.p.o.h.HiveMQPlatformReconcilerErrorHandler - [helmexte] Pod 'test-hivemq-platform-0' condition 'Ready': False
2025-01-27 17:05:10,962 INFO c.h.h.t.HelmChartContainer - [EVENT] Normal [Pulled] Container image "docker.io/hivemq/hivemq-platform-operator-init-test:snapshot" already present on machine [helmextensionpriorityit:test-hivemq-platform-0]
2025-01-27 17:05:10,975 INFO c.h.h.t.HelmChartContainer - [EVENT] Normal [Created] Created container: hivemq-platform-operator-init [helmextensionpriorityit:test-hivemq-platform-0]
2025-01-27 17:05:11,015 INFO c.h.h.t.HelmChartContainer - [EVENT] Normal [Started] Started container hivemq-platform-operator-init [helmextensionpriorityit:test-hivemq-platform-0]
2025-01-27 17:05:11,019 INFO c.h.h.t.HelmChartContainer - [hivemq-test-hivemq-platform] [hivemq-platform-operator] [29934c7a] 17:05:11.017 [ReconcilerExecutor-hivemq-controller-89] DEBUG c.h.p.o.h.HiveMQPlatformReconcilerErrorHandler - [helmexte] Pod 'test-hivemq-platform-0' condition 'ContainersReady': False
2025-01-27 17:05:11,019 INFO c.h.h.t.HelmChartContainer - [hivemq-test-hivemq-platform] [hivemq-platform-operator] [29934c7a] 17:05:11.018 [ReconcilerExecutor-hivemq-controller-89] DEBUG c.h.p.o.h.HiveMQPlatformReconcilerErrorHandler - [helmexte] Pod 'test-hivemq-platform-0' condition 'PodScheduled': True
2025-01-27 17:05:11,021 INFO c.h.h.t.HelmChartContainer - [hivemq-test-hivemq-platform] [hivemq-platform-operator] [29934c7a] 17:05:11.018 [ReconcilerExecutor-hivemq-controller-89] DEBUG c.h.p.o.h.HiveMQPlatformReconcilerErrorHandler - [helmexte] Pod 'test-hivemq-platform-0' containerStatus 'hivemq' (started: false) (ready: false) (waiting: [PodInitializing] null)
2025-01-27 17:05:11,021 INFO c.h.h.t.HelmChartContainer - [hivemq-test-hivemq-platform] [hivemq-platform-operator] [29934c7a] 17:05:11.019 [ReconcilerExecutor-hivemq-controller-89] INFO  c.h.p.o.h.HiveMQPlatformReconcilerBaseHandler - [helmexte] HiveMQ Platform is starting, 0 of 1 replicas are ready
2025-01-27 17:05:11,232 INFO c.h.h.t.HelmChartContainer - [EVENT] Normal [Pulled] Container image "docker.io/hivemq/hivemq4:4.35.0" already present on machine [helmextensionpriorityit:test-hivemq-platform-0]
2025-01-27 17:05:11,233 INFO c.h.h.t.HelmChartContainer - Received Pulled event for container hivemq in pod test-hivemq-platform-0 [5ba8f6f0-6526-4cf6-9922-4e040c588c53]
2025-01-27 17:05:11,246 INFO c.h.h.t.HelmChartContainer - [EVENT] Normal [Created] Created container: hivemq [helmextensionpriorityit:test-hivemq-platform-0]
2025-01-27 17:05:11,247 INFO c.h.h.t.HelmChartContainer - Received Created event for container hivemq in pod test-hivemq-platform-0 [5ba8f6f0-6526-4cf6-9922-4e040c588c53]
2025-01-27 17:05:11,254 INFO c.h.h.t.HelmChartContainer - [POD] test-hivemq-platform-0 [5ba8f6f0-6526-4cf6-9922-4e040c588c53] in helmextensionpriorityit was MODIFIED
2025-01-27 17:05:11,265 INFO c.h.h.t.HelmChartContainer - [hivemq-test-hivemq-platform] [hivemq-platform-operator] [29934c7a] 17:05:11.258 [pool-6-thread-42] DEBUG c.h.p.o.d.PlatformServiceResource - [helmexte] Desired Platform services (2 services)
2025-01-27 17:05:11,265 INFO c.h.h.t.HelmChartContainer - [hivemq-test-hivemq-platform] [hivemq-platform-operator] [29934c7a] 17:05:11.262 [pool-6-thread-43] DEBUG c.h.p.o.dependants.PodInfoConfigMap - [helmexte] Desired PodInfo ConfigMap (3 extensions) (3 enabled)
2025-01-27 17:05:11,265 INFO c.h.h.t.HelmChartContainer - [hivemq-test-hivemq-platform] [hivemq-platform-operator] [29934c7a] 17:05:11.262 [pool-6-thread-43] DEBUG c.h.p.o.dependants.PodInfoConfigMap - [helmexte] Desired PodInfo ConfigMap (metrics port: 9399) (metrics path: /)
2025-01-27 17:05:11,268 INFO c.h.h.t.HelmChartContainer - [hivemq-test-hivemq-platform] [hivemq-platform-operator] [29934c7a] 17:05:11.262 [pool-6-thread-43] DEBUG c.h.p.o.dependants.PodInfoConfigMap - [helmexte] Desired PodInfo ConfigMap (extension state hash: 687648868)
2025-01-27 17:05:11,275 INFO c.h.h.t.HelmChartContainer - [hivemq-test-hivemq-platform] [hivemq-platform-operator] [29934c7a] 17:05:11.271 [pool-6-thread-47] DEBUG c.h.p.o.d.PodServiceAccountResource - [helmexte] Desired PodServiceAccountResource (serviceAccountName: hivemq-platform-pod-test-hivemq-platform)
2025-01-27 17:05:11,326 INFO c.h.h.t.HelmChartContainer - [hivemq-test-hivemq-platform] [hivemq-platform-operator] [29934c7a] 17:05:11.322 [pool-6-thread-49] DEBUG c.h.p.o.d.StatefulSetResource - [helmexte] Desired StatefulSet (1 replicas) for status STARTING (READY)
2025-01-27 17:05:11,336 INFO c.h.h.t.HelmChartContainer - [hivemq-test-hivemq-platform] [hivemq-platform-operator] [29934c7a] 17:05:11.328 [ReconcilerExecutor-hivemq-controller-100] INFO  c.h.p.o.HiveMQPlatformReconciler - [helmexte] Reconciling HiveMQ Platform 'test-hivemq-platform' in namespace 'helmextensionpriorityit'
2025-01-27 17:05:11,337 INFO c.h.h.t.HelmChartContainer - [hivemq-test-hivemq-platform] [hivemq-platform-operator] [29934c7a] 17:05:11.329 [ReconcilerExecutor-hivemq-controller-100] DEBUG c.h.p.o.HiveMQPlatformReconciler - [helmexte] Custom Resource Status STARTING - HiveMQ Platform is starting (READY)
2025-01-27 17:05:11,337 INFO c.h.h.t.HelmChartContainer - [hivemq-test-hivemq-platform] [hivemq-platform-operator] [29934c7a] 17:05:11.329 [ReconcilerExecutor-hivemq-controller-100] DEBUG c.h.p.o.HiveMQPlatformReconciler - [helmexte] Custom Resource Spec (replicas: 1) (extensions: 3)
2025-01-27 17:05:11,337 INFO c.h.h.t.HelmChartContainer - [hivemq-test-hivemq-platform] [hivemq-platform-operator] [29934c7a] 17:05:11.330 [ReconcilerExecutor-hivemq-controller-100] DEBUG c.h.p.o.HiveMQPlatformReconciler - [helmexte] StatefulSet Status (revision: test-hivemq-platform-678954bb84, replicas: 1, available: 0, ready: 0, current: 1, updated: 1)
2025-01-27 17:05:11,337 INFO c.h.h.t.HelmChartContainer - [hivemq-test-hivemq-platform] [hivemq-platform-operator] [29934c7a] 17:05:11.331 [ReconcilerExecutor-hivemq-controller-100] DEBUG c.h.p.o.HiveMQPlatformReconciler - [helmexte] StatefulSet Spec (replicas: 1, init containers: 1, containers: 1, volumes: 3)
2025-01-27 17:05:11,337 INFO c.h.h.t.HelmChartContainer - [hivemq-test-hivemq-platform] [hivemq-platform-operator] [29934c7a] 17:05:11.333 [ReconcilerExecutor-hivemq-controller-100] DEBUG c.h.p.o.h.HiveMQPlatformReconcilerErrorHandler - [helmexte] Pod 'test-hivemq-platform-0' phase Pending
2025-01-27 17:05:11,338 INFO c.h.h.t.HelmChartContainer - [hivemq-test-hivemq-platform] [hivemq-platform-operator] [29934c7a] 17:05:11.334 [ReconcilerExecutor-hivemq-controller-100] DEBUG c.h.p.o.h.HiveMQPlatformReconcilerErrorHandler - [helmexte] Pod 'test-hivemq-platform-0' condition 'PodReadyToStartContainers': True
2025-01-27 17:05:11,338 INFO c.h.h.t.HelmChartContainer - [hivemq-test-hivemq-platform] [hivemq-platform-operator] [29934c7a] 17:05:11.334 [ReconcilerExecutor-hivemq-controller-100] DEBUG c.h.p.o.h.HiveMQPlatformReconcilerErrorHandler - [helmexte] Pod 'test-hivemq-platform-0' condition 'Initialized': True
2025-01-27 17:05:11,339 INFO c.h.h.t.HelmChartContainer - [hivemq-test-hivemq-platform] [hivemq-platform-operator] [29934c7a] 17:05:11.334 [ReconcilerExecutor-hivemq-controller-100] DEBUG c.h.p.o.h.HiveMQPlatformReconcilerErrorHandler - [helmexte] Pod 'test-hivemq-platform-0' condition 'Ready': False
2025-01-27 17:05:11,339 INFO c.h.h.t.HelmChartContainer - [hivemq-test-hivemq-platform] [hivemq-platform-operator] [29934c7a] 17:05:11.334 [ReconcilerExecutor-hivemq-controller-100] DEBUG c.h.p.o.h.HiveMQPlatformReconcilerErrorHandler - [helmexte] Pod 'test-hivemq-platform-0' condition 'ContainersReady': False
2025-01-27 17:05:11,339 INFO c.h.h.t.HelmChartContainer - [hivemq-test-hivemq-platform] [hivemq-platform-operator] [29934c7a] 17:05:11.334 [ReconcilerExecutor-hivemq-controller-100] DEBUG c.h.p.o.h.HiveMQPlatformReconcilerErrorHandler - [helmexte] Pod 'test-hivemq-platform-0' condition 'PodScheduled': True
2025-01-27 17:05:11,339 INFO c.h.h.t.HelmChartContainer - [hivemq-test-hivemq-platform] [hivemq-platform-operator] [29934c7a] 17:05:11.334 [ReconcilerExecutor-hivemq-controller-100] DEBUG c.h.p.o.h.HiveMQPlatformReconcilerErrorHandler - [helmexte] Pod 'test-hivemq-platform-0' containerStatus 'hivemq' (started: false) (ready: false) (waiting: [PodInitializing] null)
2025-01-27 17:05:11,341 INFO c.h.h.t.HelmChartContainer - [hivemq-test-hivemq-platform] [hivemq-platform-operator] [29934c7a] 17:05:11.335 [ReconcilerExecutor-hivemq-controller-100] INFO  c.h.p.o.h.HiveMQPlatformReconcilerBaseHandler - [helmexte] HiveMQ Platform is starting, 0 of 1 replicas are ready
2025-01-27 17:05:12,245 INFO c.h.h.t.HelmChartContainer - [POD] test-hivemq-platform-0 [5ba8f6f0-6526-4cf6-9922-4e040c588c53] in helmextensionpriorityit was MODIFIED
2025-01-27 17:05:12,258 INFO c.h.h.t.HelmChartContainer - [hivemq-test-hivemq-platform] [hivemq-platform-operator] [29934c7a] 17:05:12.252 [pool-6-thread-3] DEBUG c.h.p.o.d.PlatformServiceResource - [helmexte] Desired Platform services (2 services)
2025-01-27 17:05:12,261 INFO c.h.h.t.HelmChartContainer - [hivemq-test-hivemq-platform] [hivemq-platform-operator] [29934c7a] 17:05:12.256 [pool-6-thread-10] DEBUG c.h.p.o.dependants.PodInfoConfigMap - [helmexte] Desired PodInfo ConfigMap (3 extensions) (3 enabled)
2025-01-27 17:05:12,262 INFO c.h.h.t.HelmChartContainer - [hivemq-test-hivemq-platform] [hivemq-platform-operator] [29934c7a] 17:05:12.256 [pool-6-thread-10] DEBUG c.h.p.o.dependants.PodInfoConfigMap - [helmexte] Desired PodInfo ConfigMap (metrics port: 9399) (metrics path: /)
2025-01-27 17:05:12,262 INFO c.h.h.t.HelmChartContainer - [hivemq-test-hivemq-platform] [hivemq-platform-operator] [29934c7a] 17:05:12.257 [pool-6-thread-10] DEBUG c.h.p.o.dependants.PodInfoConfigMap - [helmexte] Desired PodInfo ConfigMap (extension state hash: 687648868)
2025-01-27 17:05:12,264 INFO c.h.h.t.HelmChartContainer - [EVENT] Normal [Started] Started container hivemq [helmextensionpriorityit:test-hivemq-platform-0]
2025-01-27 17:05:12,264 INFO c.h.h.t.HelmChartContainer - Received Started event for container hivemq in pod test-hivemq-platform-0 [5ba8f6f0-6526-4cf6-9922-4e040c588c53]
2025-01-27 17:05:12,264 INFO c.h.h.t.HelmChartContainer - Started log watcher for hivemq in pod test-hivemq-platform-0 [5ba8f6f0-6526-4cf6-9922-4e040c588c53]
2025-01-27 17:05:12,264 INFO c.h.h.t.HelmChartContainer - [test-hivemq-platform] [hivemq] [5ba8f6f0] Adding pre-installed HiveMQ Platform Operator extensions
2025-01-27 17:05:12,264 INFO c.h.h.t.HelmChartContainer - [test-hivemq-platform] [hivemq] [5ba8f6f0] Running as user 10000
2025-01-27 17:05:12,264 INFO c.h.h.t.HelmChartContainer - [test-hivemq-platform] [hivemq] [5ba8f6f0] Starting HiveMQ Platform Operator Init
2025-01-27 17:05:12,267 INFO c.h.h.t.HelmChartContainer - [hivemq-test-hivemq-platform] [hivemq-platform-operator] [29934c7a] 17:05:12.262 [pool-6-thread-6] DEBUG c.h.p.o.d.PodServiceAccountResource - [helmexte] Desired PodServiceAccountResource (serviceAccountName: hivemq-platform-pod-test-hivemq-platform)
2025-01-27 17:05:12,280 INFO c.h.h.t.HelmChartContainer - [hivemq-test-hivemq-platform] [hivemq-platform-operator] [29934c7a] 17:05:12.276 [pool-6-thread-6] DEBUG c.h.p.o.d.StatefulSetResource - [helmexte] Desired StatefulSet (1 replicas) for status STARTING (READY)
2025-01-27 17:05:12,321 INFO c.h.h.t.HelmChartContainer - [hivemq-test-hivemq-platform] [hivemq-platform-operator] [29934c7a] 17:05:12.319 [ReconcilerExecutor-hivemq-controller-111] INFO  c.h.p.o.HiveMQPlatformReconciler - [helmexte] Reconciling HiveMQ Platform 'test-hivemq-platform' in namespace 'helmextensionpriorityit'
2025-01-27 17:05:12,321 INFO c.h.h.t.HelmChartContainer - [hivemq-test-hivemq-platform] [hivemq-platform-operator] [29934c7a] 17:05:12.319 [ReconcilerExecutor-hivemq-controller-111] DEBUG c.h.p.o.HiveMQPlatformReconciler - [helmexte] Custom Resource Status STARTING - HiveMQ Platform is starting (READY)
2025-01-27 17:05:12,322 INFO c.h.h.t.HelmChartContainer - [hivemq-test-hivemq-platform] [hivemq-platform-operator] [29934c7a] 17:05:12.320 [ReconcilerExecutor-hivemq-controller-111] DEBUG c.h.p.o.HiveMQPlatformReconciler - [helmexte] Custom Resource Spec (replicas: 1) (extensions: 3)
2025-01-27 17:05:12,323 INFO c.h.h.t.HelmChartContainer - [hivemq-test-hivemq-platform] [hivemq-platform-operator] [29934c7a] 17:05:12.322 [ReconcilerExecutor-hivemq-controller-111] DEBUG c.h.p.o.HiveMQPlatformReconciler - [helmexte] StatefulSet Status (revision: test-hivemq-platform-678954bb84, replicas: 1, available: 0, ready: 0, current: 1, updated: 1)
2025-01-27 17:05:12,323 INFO c.h.h.t.HelmChartContainer - [hivemq-test-hivemq-platform] [hivemq-platform-operator] [29934c7a] 17:05:12.322 [ReconcilerExecutor-hivemq-controller-111] DEBUG c.h.p.o.HiveMQPlatformReconciler - [helmexte] StatefulSet Spec (replicas: 1, init containers: 1, containers: 1, volumes: 3)
2025-01-27 17:05:12,327 INFO c.h.h.t.HelmChartContainer - [hivemq-test-hivemq-platform] [hivemq-platform-operator] [29934c7a] 17:05:12.326 [ReconcilerExecutor-hivemq-controller-111] DEBUG c.h.p.o.h.HiveMQPlatformReconcilerErrorHandler - [helmexte] Pod 'test-hivemq-platform-0' phase Running
2025-01-27 17:05:12,328 INFO c.h.h.t.HelmChartContainer - [hivemq-test-hivemq-platform] [hivemq-platform-operator] [29934c7a] 17:05:12.327 [ReconcilerExecutor-hivemq-controller-111] INFO  c.h.p.o.h.HiveMQPlatformReconcilerBaseHandler - [helmexte] HiveMQ Platform is starting, 0 of 1 replicas are ready
2025-01-27 17:05:12,519 INFO c.h.h.t.HelmChartContainer - [test-hivemq-platform] [hivemq] [5ba8f6f0] INFO  - [HiveMQ Platform Operator Init 1.7.0-SNAPSHOT] HiveMQ Platform Operator Init 1.7.0-SNAPSHOT (commit: bebf408 on branch: HEAD) built on Sun Jan 26 20:47:47 UTC 2025
2025-01-27 17:05:13,653 INFO c.h.h.t.HelmChartContainer - [test-hivemq-platform] [hivemq] [5ba8f6f0] INFO  - [HiveMQ Platform Operator Init App 1.7.0-SNAPSHOT] Using bind address 10.42.0.7 from environment variable
2025-01-27 17:05:14,553 INFO c.h.h.t.HelmChartContainer - [test-hivemq-platform] [hivemq] [5ba8f6f0] INFO  - [HiveMQ Platform Operator Init App 1.7.0-SNAPSHOT] HiveMQ Platform Operator Init App 1.7.0-SNAPSHOT (commit: bebf408 on branch: HEAD) built on Sun Jan 26 20:47:47 UTC 2025
2025-01-27 17:05:14,554 INFO c.h.h.t.HelmChartContainer - [test-hivemq-platform] [hivemq] [5ba8f6f0] INFO  - [HiveMQ Platform Operator Init App 1.7.0-SNAPSHOT] PodInfo ConfigMap directory: /etc/podinfo
2025-01-27 17:05:14,554 INFO c.h.h.t.HelmChartContainer - [test-hivemq-platform] [hivemq] [5ba8f6f0] INFO  - [HiveMQ Platform Operator Init App 1.7.0-SNAPSHOT] HiveMQ home directory: /opt/hivemq
2025-01-27 17:05:14,554 INFO c.h.h.t.HelmChartContainer - [test-hivemq-platform] [hivemq] [5ba8f6f0] INFO  - [HiveMQ Platform Operator Init App 1.7.0-SNAPSHOT] HiveMQ Logback folder: /opt/hivemq/conf
2025-01-27 17:05:14,554 INFO c.h.h.t.HelmChartContainer - [test-hivemq-platform] [hivemq] [5ba8f6f0] INFO  - [HiveMQ Platform Operator Init App 1.7.0-SNAPSHOT] HiveMQ Config folder: /opt/hivemq/conf-k8s
2025-01-27 17:05:14,554 INFO c.h.h.t.HelmChartContainer - [test-hivemq-platform] [hivemq] [5ba8f6f0] INFO  - [HiveMQ Platform Operator Init App 1.7.0-SNAPSHOT] Starting HiveMQ Platform Operator Init App
2025-01-27 17:05:14,554 INFO c.h.h.t.HelmChartContainer - [test-hivemq-platform] [hivemq] [5ba8f6f0] INFO  - [HiveMQ Platform Operator Init App 1.7.0-SNAPSHOT] Starting Pod reconciler
2025-01-27 17:05:15,915 INFO c.h.h.t.HelmChartContainer - [test-hivemq-platform] [hivemq] [5ba8f6f0] INFO  - [HiveMQ Platform Operator Init App 1.7.0-SNAPSHOT] Pod reconciler is scheduled (interval: 5000 ms)
2025-01-27 17:05:15,916 INFO c.h.h.t.HelmChartContainer - [test-hivemq-platform] [hivemq] [5ba8f6f0] INFO  - [HiveMQ Platform Operator Init App 1.7.0-SNAPSHOT] Starting the REST API on 10.42.0.7:7979
2025-01-27 17:05:15,920 INFO c.h.h.t.HelmChartContainer - [test-hivemq-platform] [hivemq] [5ba8f6f0] INFO  - [HiveMQ Platform Operator Init App 1.7.0-SNAPSHOT] Waiting up to 600s for at most 1 HiveMQ nodes in cluster service hivemq-test-hivemq-platform-cluster.helmextensionpriorityit.svc
2025-01-27 17:05:16,250 INFO c.h.h.t.HelmChartContainer - [test-hivemq-platform] [hivemq] [5ba8f6f0] INFO  - [HiveMQ Platform Operator Init App 1.7.0-SNAPSHOT] Resolved 1 IP addresses: [10.42.0.7]
2025-01-27 17:05:16,251 INFO c.h.h.t.HelmChartContainer - [test-hivemq-platform] [hivemq] [5ba8f6f0] INFO  - [HiveMQ Platform Operator Init App 1.7.0-SNAPSHOT] HiveMQ node count of 1 is within threshold of 1
2025-01-27 17:05:16,251 INFO c.h.h.t.HelmChartContainer - [test-hivemq-platform] [hivemq] [5ba8f6f0] INFO  - [HiveMQ Platform Operator Init App 1.7.0-SNAPSHOT] Proceeding with container start
2025-01-27 17:05:16,351 INFO c.h.h.t.HelmChartContainer - [test-hivemq-platform] [hivemq] [5ba8f6f0] INFO  - [HiveMQ Platform Operator Init App 1.7.0-SNAPSHOT] Initializing HiveMQ Platform extensions with initial configuration: {hivemq-appending-bar-extension={start-priority=2000, skip-https-hostname-verification=false, restart=true, config-version=0, header-version=0, c-uri=, priority=2000, uri=http://nginx-service/hivemq-appending-bar-extension-1.0.0.zip, skip-https-certificate-validation=false, enabled=true}, hivemq-appending-baz-extension={start-priority=3000, skip-https-hostname-verification=false, restart=true, config-version=0, header-version=0, c-uri=, priority=1000, uri=http://nginx-service/hivemq-appending-baz-extension-1.0.0.zip, skip-https-certificate-validation=false, enabled=true}, hivemq-appending-foo-extension={start-priority=1000, skip-https-hostname-verification=false, restart=true, config-version=0, header-version=0, c-uri=, priority=3000, uri=http://nginx-service/hivemq-appending-foo-extension-1.0.0.zip, skip-https-certificate-validation=false, enabled=true}, hivemq-prometheus-extension={priority=-1, start-priority=-1, c-uri=, skip-https-hostname-verification=false, skip-https-certificate-validation=false, uri=preinstalled, request-header-path=no-request-headers, enabled=true, restart=true}}
2025-01-27 17:05:16,352 INFO c.h.h.t.HelmChartContainer - [test-hivemq-platform] [hivemq] [5ba8f6f0] INFO  - [HiveMQ Platform Operator Init App 1.7.0-SNAPSHOT] Installing custom extension hivemq-appending-bar-extension from URL http://nginx-service/hivemq-appending-bar-extension-1.0.0.zip
2025-01-27 17:05:16,354 INFO c.h.h.t.HelmChartContainer - [test-hivemq-platform] [hivemq] [5ba8f6f0] INFO  - [HiveMQ Platform Operator Init App 1.7.0-SNAPSHOT] Downloading custom extension hivemq-appending-bar-extension into '/tmp/hivemq-appending-bar-extension9339771689139644905/extension.zip'
2025-01-27 17:05:16,512 INFO c.h.h.t.HelmChartContainer - [nginx-58ccdbc9cd-t77] [nginx] [4d8a8160] 10.42.0.7 - - [27/Jan/2025:17:05:16 +0000] "GET /hivemq-appending-bar-extension-1.0.0.zip HTTP/1.1" 200 20145 "-" "Java-http-client/21.0.5" "-"
2025-01-27 17:05:16,542 INFO c.h.h.t.HelmChartContainer - [test-hivemq-platform] [hivemq] [5ba8f6f0] INFO  - [HiveMQ Platform Operator Init App 1.7.0-SNAPSHOT] Copy extension from '/tmp/hivemq-appending-bar-extension9339771689139644905/hivemq-appending-bar-extension' to '/opt/hivemq/extensions/hivemq-appending-bar-extension'
2025-01-27 17:05:16,543 INFO c.h.h.t.HelmChartContainer - [test-hivemq-platform] [hivemq] [5ba8f6f0] INFO  - [HiveMQ Platform Operator Init App 1.7.0-SNAPSHOT] Found hivemq-extension.xml in folder '/tmp/hivemq-appending-bar-extension9339771689139644905/hivemq-appending-bar-extension/hivemq-appending-bar-extension'
2025-01-27 17:05:16,613 INFO c.h.h.t.HelmChartContainer - [test-hivemq-platform] [hivemq] [5ba8f6f0] INFO  - [HiveMQ Platform Operator Init App 1.7.0-SNAPSHOT] Configuring priority 2000 for extension hivemq-appending-bar-extension
2025-01-27 17:05:16,614 INFO c.h.h.t.HelmChartContainer - [test-hivemq-platform] [hivemq] [5ba8f6f0] INFO  - [HiveMQ Platform Operator Init App 1.7.0-SNAPSHOT] Configuring start-priority 2000 for extension hivemq-appending-bar-extension
2025-01-27 17:05:16,949 INFO c.h.h.t.HelmChartContainer - [test-hivemq-platform] [hivemq] [5ba8f6f0] INFO  - [HiveMQ Platform Operator Init App 1.7.0-SNAPSHOT] Extension hivemq-appending-bar-extension was already enabled
2025-01-27 17:05:16,951 INFO c.h.h.t.HelmChartContainer - [test-hivemq-platform] [hivemq] [5ba8f6f0] INFO  - [HiveMQ Platform Operator Init App 1.7.0-SNAPSHOT] Installing custom extension hivemq-appending-baz-extension from URL http://nginx-service/hivemq-appending-baz-extension-1.0.0.zip
2025-01-27 17:05:16,951 INFO c.h.h.t.HelmChartContainer - [test-hivemq-platform] [hivemq] [5ba8f6f0] INFO  - [HiveMQ Platform Operator Init App 1.7.0-SNAPSHOT] Downloading custom extension hivemq-appending-baz-extension into '/tmp/hivemq-appending-baz-extension11357718047283540844/extension.zip'
2025-01-27 17:05:16,952 INFO c.h.h.t.HelmChartContainer - [nginx-58ccdbc9cd-t77] [nginx] [4d8a8160] 10.42.0.7 - - [27/Jan/2025:17:05:16 +0000] "GET /hivemq-appending-baz-extension-1.0.0.zip HTTP/1.1" 200 20145 "-" "Java-http-client/21.0.5" "-"
2025-01-27 17:05:16,955 INFO c.h.h.t.HelmChartContainer - [test-hivemq-platform] [hivemq] [5ba8f6f0] INFO  - [HiveMQ Platform Operator Init App 1.7.0-SNAPSHOT] Copy extension from '/tmp/hivemq-appending-baz-extension11357718047283540844/hivemq-appending-baz-extension' to '/opt/hivemq/extensions/hivemq-appending-baz-extension'
2025-01-27 17:05:16,955 INFO c.h.h.t.HelmChartContainer - [test-hivemq-platform] [hivemq] [5ba8f6f0] INFO  - [HiveMQ Platform Operator Init App 1.7.0-SNAPSHOT] Found hivemq-extension.xml in folder '/tmp/hivemq-appending-baz-extension11357718047283540844/hivemq-appending-baz-extension/hivemq-appending-baz-extension'
2025-01-27 17:05:17,015 INFO c.h.h.t.HelmChartContainer - [test-hivemq-platform] [hivemq] [5ba8f6f0] INFO  - [HiveMQ Platform Operator Init App 1.7.0-SNAPSHOT] Configuring priority 1000 for extension hivemq-appending-baz-extension
2025-01-27 17:05:17,015 INFO c.h.h.t.HelmChartContainer - [test-hivemq-platform] [hivemq] [5ba8f6f0] INFO  - [HiveMQ Platform Operator Init App 1.7.0-SNAPSHOT] Configuring start-priority 3000 for extension hivemq-appending-baz-extension
2025-01-27 17:05:17,044 INFO c.h.h.t.HelmChartContainer - [test-hivemq-platform] [hivemq] [5ba8f6f0] INFO  - [HiveMQ Platform Operator Init App 1.7.0-SNAPSHOT] Extension hivemq-appending-baz-extension was already enabled
2025-01-27 17:05:17,045 INFO c.h.h.t.HelmChartContainer - [test-hivemq-platform] [hivemq] [5ba8f6f0] INFO  - [HiveMQ Platform Operator Init App 1.7.0-SNAPSHOT] Installing custom extension hivemq-appending-foo-extension from URL http://nginx-service/hivemq-appending-foo-extension-1.0.0.zip
2025-01-27 17:05:17,045 INFO c.h.h.t.HelmChartContainer - [test-hivemq-platform] [hivemq] [5ba8f6f0] INFO  - [HiveMQ Platform Operator Init App 1.7.0-SNAPSHOT] Downloading custom extension hivemq-appending-foo-extension into '/tmp/hivemq-appending-foo-extension13185663195996232760/extension.zip'
2025-01-27 17:05:17,048 INFO c.h.h.t.HelmChartContainer - [nginx-58ccdbc9cd-t77] [nginx] [4d8a8160] 10.42.0.7 - - [27/Jan/2025:17:05:17 +0000] "GET /hivemq-appending-foo-extension-1.0.0.zip HTTP/1.1" 200 20146 "-" "Java-http-client/21.0.5" "-"
2025-01-27 17:05:17,049 INFO c.h.h.t.HelmChartContainer - [test-hivemq-platform] [hivemq] [5ba8f6f0] INFO  - [HiveMQ Platform Operator Init App 1.7.0-SNAPSHOT] Copy extension from '/tmp/hivemq-appending-foo-extension13185663195996232760/hivemq-appending-foo-extension' to '/opt/hivemq/extensions/hivemq-appending-foo-extension'
2025-01-27 17:05:17,050 INFO c.h.h.t.HelmChartContainer - [test-hivemq-platform] [hivemq] [5ba8f6f0] INFO  - [HiveMQ Platform Operator Init App 1.7.0-SNAPSHOT] Found hivemq-extension.xml in folder '/tmp/hivemq-appending-foo-extension13185663195996232760/hivemq-appending-foo-extension/hivemq-appending-foo-extension'
2025-01-27 17:05:17,112 INFO c.h.h.t.HelmChartContainer - [test-hivemq-platform] [hivemq] [5ba8f6f0] INFO  - [HiveMQ Platform Operator Init App 1.7.0-SNAPSHOT] Configuring priority 3000 for extension hivemq-appending-foo-extension
2025-01-27 17:05:17,112 INFO c.h.h.t.HelmChartContainer - [test-hivemq-platform] [hivemq] [5ba8f6f0] INFO  - [HiveMQ Platform Operator Init App 1.7.0-SNAPSHOT] Configuring start-priority 1000 for extension hivemq-appending-foo-extension
2025-01-27 17:05:17,120 INFO c.h.h.t.HelmChartContainer - [test-hivemq-platform] [hivemq] [5ba8f6f0] INFO  - [HiveMQ Platform Operator Init App 1.7.0-SNAPSHOT] Extension hivemq-appending-foo-extension was already enabled
2025-01-27 17:05:17,148 INFO c.h.h.t.HelmChartContainer - [test-hivemq-platform] [hivemq] [5ba8f6f0] INFO  - [HiveMQ Platform Operator Init App 1.7.0-SNAPSHOT] Successfully enabled extension hivemq-prometheus-extension
2025-01-27 17:05:17,149 INFO c.h.h.t.HelmChartContainer - [test-hivemq-platform] [hivemq] [5ba8f6f0] INFO  - [HiveMQ Platform Operator Init App 1.7.0-SNAPSHOT] Starting HiveMQ Platform version 4.35.0 (4.35.0)
2025-01-27 17:05:17,149 INFO c.h.h.t.HelmChartContainer - [test-hivemq-platform] [hivemq] [5ba8f6f0] INFO  - [HiveMQ Platform Operator Init App 1.7.0-SNAPSHOT] Configuring the HiveMQ Platform
2025-01-27 17:05:17,221 INFO c.h.h.t.HelmChartContainer - [test-hivemq-platform] [hivemq] [5ba8f6f0] INFO  - [HiveMQ Platform Operator Init App 1.7.0-SNAPSHOT] Changed logback.xml file scan period to 20 seconds
2025-01-27 17:05:17,312 INFO c.h.h.t.HelmChartContainer - [test-hivemq-platform] [hivemq] [5ba8f6f0] INFO  - [HiveMQ Platform Operator Init App 1.7.0-SNAPSHOT] Starting the HiveMQ Platform
2025-01-27 17:05:17,315 INFO c.h.h.t.HelmChartContainer - [test-hivemq-platform] [hivemq] [5ba8f6f0] -------------------------------------------------------------------------
2025-01-27 17:05:17,316 INFO c.h.h.t.HelmChartContainer - [test-hivemq-platform] [hivemq] [5ba8f6f0] 
2025-01-27 17:05:17,316 INFO c.h.h.t.HelmChartContainer - [test-hivemq-platform] [hivemq] [5ba8f6f0]                   _    _  _              __  __   ____
2025-01-27 17:05:17,316 INFO c.h.h.t.HelmChartContainer - [test-hivemq-platform] [hivemq] [5ba8f6f0]                  | |  | |(_)            |  \/  | / __ \
2025-01-27 17:05:17,316 INFO c.h.h.t.HelmChartContainer - [test-hivemq-platform] [hivemq] [5ba8f6f0]                  | |__| | _ __   __ ___ | \  / || |  | |
2025-01-27 17:05:17,316 INFO c.h.h.t.HelmChartContainer - [test-hivemq-platform] [hivemq] [5ba8f6f0]                  |  __  || |\ \ / // _ \| |\/| || |  | |
2025-01-27 17:05:17,316 INFO c.h.h.t.HelmChartContainer - [test-hivemq-platform] [hivemq] [5ba8f6f0]                  | |  | || | \ V /|  __/| |  | || |__| |
2025-01-27 17:05:17,316 INFO c.h.h.t.HelmChartContainer - [test-hivemq-platform] [hivemq] [5ba8f6f0]                  |_|  |_||_|  \_/  \___||_|  |_| \___\_\
2025-01-27 17:05:17,316 INFO c.h.h.t.HelmChartContainer - [test-hivemq-platform] [hivemq] [5ba8f6f0] 
2025-01-27 17:05:17,316 INFO c.h.h.t.HelmChartContainer - [test-hivemq-platform] [hivemq] [5ba8f6f0] -------------------------------------------------------------------------
2025-01-27 17:05:17,317 INFO c.h.h.t.HelmChartContainer - [test-hivemq-platform] [hivemq] [5ba8f6f0] 
2025-01-27 17:05:17,317 INFO c.h.h.t.HelmChartContainer - [test-hivemq-platform] [hivemq] [5ba8f6f0]   HiveMQ Start Script for Linux/Unix v1.14
2025-01-27 17:05:17,317 INFO c.h.h.t.HelmChartContainer - [test-hivemq-platform] [hivemq] [5ba8f6f0] 
2025-01-27 17:05:17,354 INFO c.h.h.t.HelmChartContainer - [test-hivemq-platform] [hivemq] [5ba8f6f0] -------------------------------------------------------------------------
2025-01-27 17:05:17,354 INFO c.h.h.t.HelmChartContainer - [test-hivemq-platform] [hivemq] [5ba8f6f0] 
2025-01-27 17:05:17,354 INFO c.h.h.t.HelmChartContainer - [test-hivemq-platform] [hivemq] [5ba8f6f0]   HIVEMQ_HOME: /opt/hivemq
2025-01-27 17:05:17,354 INFO c.h.h.t.HelmChartContainer - [test-hivemq-platform] [hivemq] [5ba8f6f0] 
2025-01-27 17:05:17,355 INFO c.h.h.t.HelmChartContainer - [test-hivemq-platform] [hivemq] [5ba8f6f0]   JAVA_OPTS: -XX:+UnlockExperimentalVMOptions -XX:InitialRAMPercentage=50 -XX:MaxRAMPercentage=50 -Djava.net.preferIPv4Stack=true --add-opens java.base/java.lang=ALL-UNNAMED --add-opens java.base/java.nio=ALL-UNNAMED --add-opens java.base/sun.nio.ch=ALL-UNNAMED --add-opens jdk.management/com.sun.management.internal=ALL-UNNAMED --add-exports java.base/jdk.internal.misc=ALL-UNNAMED -Djava.security.egd=file:/dev/./urandom -Dcom.sun.management.jmxremote -Dcom.sun.management.jmxremote.port=9010 -Dcom.sun.management.jmxremote.local.only=false -Dcom.sun.management.jmxremote.authenticate=false -Dcom.sun.management.jmxremote.ssl=false -Duser.language=en -Duser.region=US -XX:+CrashOnOutOfMemoryError -XX:+HeapDumpOnOutOfMemoryError
2025-01-27 17:05:17,355 INFO c.h.h.t.HelmChartContainer - [test-hivemq-platform] [hivemq] [5ba8f6f0] 
2025-01-27 17:05:17,355 INFO c.h.h.t.HelmChartContainer - [test-hivemq-platform] [hivemq] [5ba8f6f0]   JAVA_VERSION: 21
2025-01-27 17:05:17,355 INFO c.h.h.t.HelmChartContainer - [test-hivemq-platform] [hivemq] [5ba8f6f0] 
2025-01-27 17:05:17,355 INFO c.h.h.t.HelmChartContainer - [test-hivemq-platform] [hivemq] [5ba8f6f0] -------------------------------------------------------------------------
2025-01-27 17:05:17,355 INFO c.h.h.t.HelmChartContainer - [test-hivemq-platform] [hivemq] [5ba8f6f0] 
2025-01-27 17:05:17,901 INFO c.h.h.t.HelmChartContainer - [K3S] [range_allocator.go:247] "Successfully synced" key="774b1d029c41"
2025-01-27 17:05:18,315 INFO c.h.h.t.HelmChartContainer - [test-hivemq-platform] [hivemq] [5ba8f6f0] INFO  - [HiveMQ Platform Operator Init App 1.7.0-SNAPSHOT] Returning default Health API response 503 for readiness
2025-01-27 17:05:18,747 INFO c.h.h.t.HelmChartContainer - [EVENT] Warning [Unhealthy] Readiness probe failed: HTTP probe failed with statuscode: 503 [helmextensionpriorityit:test-hivemq-platform-0]
2025-01-27 17:05:18,747 INFO c.h.h.t.HelmChartContainer - Received Unhealthy event for container hivemq in pod test-hivemq-platform-0 [5ba8f6f0-6526-4cf6-9922-4e040c588c53]
2025-01-27 17:05:20,017 INFO c.h.h.t.HelmChartContainer - [test-hivemq-platform] [hivemq] [5ba8f6f0] INFO  - Starting HiveMQ Enterprise Server
2025-01-27 17:05:20,023 INFO c.h.h.t.HelmChartContainer - [test-hivemq-platform] [hivemq] [5ba8f6f0] INFO  - HiveMQ version: 4.35.0
2025-01-27 17:05:20,024 INFO c.h.h.t.HelmChartContainer - [test-hivemq-platform] [hivemq] [5ba8f6f0] INFO  - HiveMQ home directory: /opt/hivemq
2025-01-27 17:05:20,024 INFO c.h.h.t.HelmChartContainer - [test-hivemq-platform] [hivemq] [5ba8f6f0] INFO  - Log Configuration was overridden by /opt/hivemq/conf/logback.xml
2025-01-27 17:05:21,418 INFO c.h.h.t.HelmChartContainer - [test-hivemq-platform] [hivemq] [5ba8f6f0] INFO  - Successfully loaded configuration from '/opt/hivemq/conf-k8s/config.xml'.
2025-01-27 17:05:22,012 INFO c.h.h.t.HelmChartContainer - [test-hivemq-platform] [hivemq] [5ba8f6f0] INFO  - This node's ID is 4QZXm
2025-01-27 17:05:22,013 INFO c.h.h.t.HelmChartContainer - [test-hivemq-platform] [hivemq] [5ba8f6f0] INFO  - Clustering is enabled
2025-01-27 17:05:22,373 INFO c.h.h.t.HelmChartContainer - [hivemq-test-hivemq-platform] [hivemq-platform-operator] [29934c7a] 17:05:22.371 [pool-6-thread-15] DEBUG c.h.p.o.d.PlatformServiceResource - [helmexte] Desired Platform services (2 services)
2025-01-27 17:05:22,375 INFO c.h.h.t.HelmChartContainer - [hivemq-test-hivemq-platform] [hivemq-platform-operator] [29934c7a] 17:05:22.372 [pool-6-thread-16] DEBUG c.h.p.o.dependants.PodInfoConfigMap - [helmexte] Desired PodInfo ConfigMap (3 extensions) (3 enabled)
2025-01-27 17:05:22,376 INFO c.h.h.t.HelmChartContainer - [hivemq-test-hivemq-platform] [hivemq-platform-operator] [29934c7a] 17:05:22.372 [pool-6-thread-16] DEBUG c.h.p.o.dependants.PodInfoConfigMap - [helmexte] Desired PodInfo ConfigMap (metrics port: 9399) (metrics path: /)
2025-01-27 17:05:22,376 INFO c.h.h.t.HelmChartContainer - [hivemq-test-hivemq-platform] [hivemq-platform-operator] [29934c7a] 17:05:22.372 [pool-6-thread-16] DEBUG c.h.p.o.dependants.PodInfoConfigMap - [helmexte] Desired PodInfo ConfigMap (extension state hash: 687648868)
2025-01-27 17:05:22,376 INFO c.h.h.t.HelmChartContainer - [hivemq-test-hivemq-platform] [hivemq-platform-operator] [29934c7a] 17:05:22.373 [pool-6-thread-11] DEBUG c.h.p.o.d.PodServiceAccountResource - [helmexte] Desired PodServiceAccountResource (serviceAccountName: hivemq-platform-pod-test-hivemq-platform)
2025-01-27 17:05:22,380 INFO c.h.h.t.HelmChartContainer - [hivemq-test-hivemq-platform] [hivemq-platform-operator] [29934c7a] 17:05:22.379 [pool-6-thread-15] DEBUG c.h.p.o.d.StatefulSetResource - [helmexte] Desired StatefulSet (1 replicas) for status STARTING (READY)
2025-01-27 17:05:22,384 INFO c.h.h.t.HelmChartContainer - [hivemq-test-hivemq-platform] [hivemq-platform-operator] [29934c7a] 17:05:22.384 [ReconcilerExecutor-hivemq-controller-112] INFO  c.h.p.o.HiveMQPlatformReconciler - [helmexte] Reconciling HiveMQ Platform 'test-hivemq-platform' in namespace 'helmextensionpriorityit'
2025-01-27 17:05:22,385 INFO c.h.h.t.HelmChartContainer - [hivemq-test-hivemq-platform] [hivemq-platform-operator] [29934c7a] 17:05:22.384 [ReconcilerExecutor-hivemq-controller-112] DEBUG c.h.p.o.HiveMQPlatformReconciler - [helmexte] Custom Resource Status STARTING - HiveMQ Platform is starting (READY)
2025-01-27 17:05:22,385 INFO c.h.h.t.HelmChartContainer - [hivemq-test-hivemq-platform] [hivemq-platform-operator] [29934c7a] 17:05:22.384 [ReconcilerExecutor-hivemq-controller-112] DEBUG c.h.p.o.HiveMQPlatformReconciler - [helmexte] Custom Resource Spec (replicas: 1) (extensions: 3)
2025-01-27 17:05:22,387 INFO c.h.h.t.HelmChartContainer - [hivemq-test-hivemq-platform] [hivemq-platform-operator] [29934c7a] 17:05:22.386 [ReconcilerExecutor-hivemq-controller-112] DEBUG c.h.p.o.HiveMQPlatformReconciler - [helmexte] StatefulSet Status (revision: test-hivemq-platform-678954bb84, replicas: 1, available: 0, ready: 0, current: 1, updated: 1)
2025-01-27 17:05:22,387 INFO c.h.h.t.HelmChartContainer - [hivemq-test-hivemq-platform] [hivemq-platform-operator] [29934c7a] 17:05:22.386 [ReconcilerExecutor-hivemq-controller-112] DEBUG c.h.p.o.HiveMQPlatformReconciler - [helmexte] StatefulSet Spec (replicas: 1, init containers: 1, containers: 1, volumes: 3)
2025-01-27 17:05:22,388 INFO c.h.h.t.HelmChartContainer - [hivemq-test-hivemq-platform] [hivemq-platform-operator] [29934c7a] 17:05:22.387 [ReconcilerExecutor-hivemq-controller-112] DEBUG c.h.p.o.h.HiveMQPlatformReconcilerErrorHandler - [helmexte] Pod 'test-hivemq-platform-0' phase Running
2025-01-27 17:05:22,389 INFO c.h.h.t.HelmChartContainer - [hivemq-test-hivemq-platform] [hivemq-platform-operator] [29934c7a] 17:05:22.388 [ReconcilerExecutor-hivemq-controller-112] INFO  c.h.p.o.h.HiveMQPlatformReconcilerBaseHandler - [helmexte] HiveMQ Platform is starting, 0 of 1 replicas are ready
2025-01-27 17:05:23,515 INFO c.h.h.t.HelmChartContainer - [test-hivemq-platform] [hivemq] [5ba8f6f0] WARN  - [HiveMQ Platform Operator Init App 1.7.0-SNAPSHOT] Cannot connect to Health API for readiness: null
2025-01-27 17:05:23,519 INFO c.h.h.t.HelmChartContainer - [EVENT] Warning [Unhealthy] Readiness probe failed: HTTP probe failed with statuscode: 503 [helmextensionpriorityit:test-hivemq-platform-0]
2025-01-27 17:05:23,519 INFO c.h.h.t.HelmChartContainer - Received Unhealthy event for container hivemq in pod test-hivemq-platform-0 [5ba8f6f0-6526-4cf6-9922-4e040c588c53]
2025-01-27 17:05:27,143 INFO c.h.h.t.HelmChartContainer - [test-hivemq-platform] [hivemq] [5ba8f6f0] Jan 27, 2025 5:05:27 PM io.vertx.core.impl.BlockedThreadChecker
2025-01-27 17:05:27,144 INFO c.h.h.t.HelmChartContainer - [test-hivemq-platform] [hivemq] [5ba8f6f0] WARNING: Thread Thread[vert.x-eventloop-thread-1,5,main] has been blocked for 2767 ms, time limit is 2000 ms
2025-01-27 17:05:27,620 INFO c.h.h.t.HelmChartContainer - [test-hivemq-platform] [hivemq] [5ba8f6f0] INFO  - [HiveMQ Platform Operator Init App 1.7.0-SNAPSHOT] Updating Pod HiveMQ Platform Operator Init App version annotation (version: 1.7.0-SNAPSHOT)
2025-01-27 17:05:28,243 INFO c.h.h.t.HelmChartContainer - [test-hivemq-platform] [hivemq] [5ba8f6f0] WARN  - [HiveMQ Platform Operator Init App 1.7.0-SNAPSHOT] Cannot connect to Health API for readiness: null
2025-01-27 17:05:28,247 INFO c.h.h.t.HelmChartContainer - [EVENT] Warning [Unhealthy] Readiness probe failed: HTTP probe failed with statuscode: 503 [helmextensionpriorityit:test-hivemq-platform-0]
2025-01-27 17:05:28,247 INFO c.h.h.t.HelmChartContainer - Received Unhealthy event for container hivemq in pod test-hivemq-platform-0 [5ba8f6f0-6526-4cf6-9922-4e040c588c53]
2025-01-27 17:05:28,328 INFO c.h.h.t.HelmChartContainer - [POD] test-hivemq-platform-0 [5ba8f6f0-6526-4cf6-9922-4e040c588c53] in helmextensionpriorityit was MODIFIED
2025-01-27 17:05:28,334 INFO c.h.h.t.HelmChartContainer - [hivemq-test-hivemq-platform] [hivemq-platform-operator] [29934c7a] 17:05:28.333 [pool-6-thread-23] DEBUG c.h.p.o.d.PlatformServiceResource - [helmexte] Desired Platform services (2 services)
2025-01-27 17:05:28,336 INFO c.h.h.t.HelmChartContainer - [hivemq-test-hivemq-platform] [hivemq-platform-operator] [29934c7a] 17:05:28.334 [pool-6-thread-21] DEBUG c.h.p.o.d.PodServiceAccountResource - [helmexte] Desired PodServiceAccountResource (serviceAccountName: hivemq-platform-pod-test-hivemq-platform)
2025-01-27 17:05:28,337 INFO c.h.h.t.HelmChartContainer - [hivemq-test-hivemq-platform] [hivemq-platform-operator] [29934c7a] 17:05:28.334 [pool-6-thread-25] DEBUG c.h.p.o.dependants.PodInfoConfigMap - [helmexte] Desired PodInfo ConfigMap (3 extensions) (3 enabled)
2025-01-27 17:05:28,337 INFO c.h.h.t.HelmChartContainer - [hivemq-test-hivemq-platform] [hivemq-platform-operator] [29934c7a] 17:05:28.334 [pool-6-thread-25] DEBUG c.h.p.o.dependants.PodInfoConfigMap - [helmexte] Desired PodInfo ConfigMap (metrics port: 9399) (metrics path: /)
2025-01-27 17:05:28,337 INFO c.h.h.t.HelmChartContainer - [hivemq-test-hivemq-platform] [hivemq-platform-operator] [29934c7a] 17:05:28.334 [pool-6-thread-25] DEBUG c.h.p.o.dependants.PodInfoConfigMap - [helmexte] Desired PodInfo ConfigMap (extension state hash: 687648868)
2025-01-27 17:05:28,342 INFO c.h.h.t.HelmChartContainer - [hivemq-test-hivemq-platform] [hivemq-platform-operator] [29934c7a] 17:05:28.339 [pool-6-thread-23] DEBUG c.h.p.o.d.StatefulSetResource - [helmexte] Desired StatefulSet (1 replicas) for status STARTING (READY)
2025-01-27 17:05:28,348 INFO c.h.h.t.HelmChartContainer - [hivemq-test-hivemq-platform] [hivemq-platform-operator] [29934c7a] 17:05:28.344 [ReconcilerExecutor-hivemq-controller-113] INFO  c.h.p.o.HiveMQPlatformReconciler - [helmexte] Reconciling HiveMQ Platform 'test-hivemq-platform' in namespace 'helmextensionpriorityit'
2025-01-27 17:05:28,348 INFO c.h.h.t.HelmChartContainer - [hivemq-test-hivemq-platform] [hivemq-platform-operator] [29934c7a] 17:05:28.344 [ReconcilerExecutor-hivemq-controller-113] DEBUG c.h.p.o.HiveMQPlatformReconciler - [helmexte] Custom Resource Status STARTING - HiveMQ Platform is starting (READY)
2025-01-27 17:05:28,348 INFO c.h.h.t.HelmChartContainer - [hivemq-test-hivemq-platform] [hivemq-platform-operator] [29934c7a] 17:05:28.344 [ReconcilerExecutor-hivemq-controller-113] DEBUG c.h.p.o.HiveMQPlatformReconciler - [helmexte] Custom Resource Spec (replicas: 1) (extensions: 3)
2025-01-27 17:05:28,348 INFO c.h.h.t.HelmChartContainer - [hivemq-test-hivemq-platform] [hivemq-platform-operator] [29934c7a] 17:05:28.346 [ReconcilerExecutor-hivemq-controller-113] DEBUG c.h.p.o.HiveMQPlatformReconciler - [helmexte] StatefulSet Status (revision: test-hivemq-platform-678954bb84, replicas: 1, available: 0, ready: 0, current: 1, updated: 1)
2025-01-27 17:05:28,348 INFO c.h.h.t.HelmChartContainer - [hivemq-test-hivemq-platform] [hivemq-platform-operator] [29934c7a] 17:05:28.346 [ReconcilerExecutor-hivemq-controller-113] DEBUG c.h.p.o.HiveMQPlatformReconciler - [helmexte] StatefulSet Spec (replicas: 1, init containers: 1, containers: 1, volumes: 3)
2025-01-27 17:05:28,414 INFO c.h.h.t.HelmChartContainer - [test-hivemq-platform] [hivemq] [5ba8f6f0] INFO  - [HiveMQ Platform Operator Init App 1.7.0-SNAPSHOT] Successfully updated Pod HiveMQ Platform Operator Init App version annotation (version: 1.7.0-SNAPSHOT)
2025-01-27 17:05:28,415 INFO c.h.h.t.HelmChartContainer - [test-hivemq-platform] [hivemq] [5ba8f6f0] WARN  - [HiveMQ Platform Operator Init App 1.7.0-SNAPSHOT] Cannot connect to Health API for readiness: null
2025-01-27 17:05:28,422 INFO c.h.h.t.HelmChartContainer - [hivemq-test-hivemq-platform] [hivemq-platform-operator] [29934c7a] 17:05:28.349 [ReconcilerExecutor-hivemq-controller-113] DEBUG c.h.p.o.h.HiveMQPlatformReconcilerErrorHandler - [helmexte] Pod 'test-hivemq-platform-0' phase Running
2025-01-27 17:05:28,422 INFO c.h.h.t.HelmChartContainer - [hivemq-test-hivemq-platform] [hivemq-platform-operator] [29934c7a] 17:05:28.418 [ReconcilerExecutor-hivemq-controller-113] INFO  c.h.p.o.h.HiveMQPlatformReconcilerBaseHandler - [helmexte] HiveMQ Platform is starting, 0 of 1 replicas are ready
2025-01-27 17:05:28,425 INFO c.h.h.t.HelmChartContainer - [EVENT] Warning [Unhealthy] Readiness probe failed: HTTP probe failed with statuscode: 503 [helmextensionpriorityit:test-hivemq-platform-0]
2025-01-27 17:05:28,425 INFO c.h.h.t.HelmChartContainer - Received Unhealthy event for container hivemq in pod test-hivemq-platform-0 [5ba8f6f0-6526-4cf6-9922-4e040c588c53]
2025-01-27 17:05:33,346 INFO c.h.h.t.HelmChartContainer - [test-hivemq-platform] [hivemq] [5ba8f6f0] WARN  - [HiveMQ Platform Operator Init App 1.7.0-SNAPSHOT] Cannot connect to Health API for readiness: null
2025-01-27 17:05:33,352 INFO c.h.h.t.HelmChartContainer - [EVENT] Warning [Unhealthy] Readiness probe failed: HTTP probe failed with statuscode: 503 [helmextensionpriorityit:test-hivemq-platform-0]
2025-01-27 17:05:33,352 INFO c.h.h.t.HelmChartContainer - Received Unhealthy event for container hivemq in pod test-hivemq-platform-0 [5ba8f6f0-6526-4cf6-9922-4e040c588c53]
2025-01-27 17:05:38,345 INFO c.h.h.t.HelmChartContainer - [test-hivemq-platform] [hivemq] [5ba8f6f0] WARN  - [HiveMQ Platform Operator Init App 1.7.0-SNAPSHOT] Cannot connect to Health API for readiness: null
2025-01-27 17:05:38,352 INFO c.h.h.t.HelmChartContainer - [EVENT] Warning [Unhealthy] Readiness probe failed: HTTP probe failed with statuscode: 503 [helmextensionpriorityit:test-hivemq-platform-0]
2025-01-27 17:05:38,352 INFO c.h.h.t.HelmChartContainer - Received Unhealthy event for container hivemq in pod test-hivemq-platform-0 [5ba8f6f0-6526-4cf6-9922-4e040c588c53]
2025-01-27 17:05:38,428 INFO c.h.h.t.HelmChartContainer - [hivemq-test-hivemq-platform] [hivemq-platform-operator] [29934c7a] 17:05:38.425 [pool-6-thread-34] DEBUG c.h.p.o.d.PlatformServiceResource - [helmexte] Desired Platform services (2 services)
2025-01-27 17:05:38,431 INFO c.h.h.t.HelmChartContainer - [hivemq-test-hivemq-platform] [hivemq-platform-operator] [29934c7a] 17:05:38.426 [pool-6-thread-39] DEBUG c.h.p.o.d.PodServiceAccountResource - [helmexte] Desired PodServiceAccountResource (serviceAccountName: hivemq-platform-pod-test-hivemq-platform)
2025-01-27 17:05:38,431 INFO c.h.h.t.HelmChartContainer - [hivemq-test-hivemq-platform] [hivemq-platform-operator] [29934c7a] 17:05:38.426 [pool-6-thread-35] DEBUG c.h.p.o.dependants.PodInfoConfigMap - [helmexte] Desired PodInfo ConfigMap (3 extensions) (3 enabled)
2025-01-27 17:05:38,431 INFO c.h.h.t.HelmChartContainer - [hivemq-test-hivemq-platform] [hivemq-platform-operator] [29934c7a] 17:05:38.426 [pool-6-thread-35] DEBUG c.h.p.o.dependants.PodInfoConfigMap - [helmexte] Desired PodInfo ConfigMap (metrics port: 9399) (metrics path: /)
2025-01-27 17:05:38,431 INFO c.h.h.t.HelmChartContainer - [hivemq-test-hivemq-platform] [hivemq-platform-operator] [29934c7a] 17:05:38.426 [pool-6-thread-35] DEBUG c.h.p.o.dependants.PodInfoConfigMap - [helmexte] Desired PodInfo ConfigMap (extension state hash: 687648868)
2025-01-27 17:05:38,433 INFO c.h.h.t.HelmChartContainer - [hivemq-test-hivemq-platform] [hivemq-platform-operator] [29934c7a] 17:05:38.432 [pool-6-thread-34] DEBUG c.h.p.o.d.StatefulSetResource - [helmexte] Desired StatefulSet (1 replicas) for status STARTING (READY)
2025-01-27 17:05:38,437 INFO c.h.h.t.HelmChartContainer - [hivemq-test-hivemq-platform] [hivemq-platform-operator] [29934c7a] 17:05:38.436 [ReconcilerExecutor-hivemq-controller-114] INFO  c.h.p.o.HiveMQPlatformReconciler - [helmexte] Reconciling HiveMQ Platform 'test-hivemq-platform' in namespace 'helmextensionpriorityit'
2025-01-27 17:05:38,438 INFO c.h.h.t.HelmChartContainer - [hivemq-test-hivemq-platform] [hivemq-platform-operator] [29934c7a] 17:05:38.436 [ReconcilerExecutor-hivemq-controller-114] DEBUG c.h.p.o.HiveMQPlatformReconciler - [helmexte] Custom Resource Status STARTING - HiveMQ Platform is starting (READY)
2025-01-27 17:05:38,438 INFO c.h.h.t.HelmChartContainer - [hivemq-test-hivemq-platform] [hivemq-platform-operator] [29934c7a] 17:05:38.436 [ReconcilerExecutor-hivemq-controller-114] DEBUG c.h.p.o.HiveMQPlatformReconciler - [helmexte] Custom Resource Spec (replicas: 1) (extensions: 3)
2025-01-27 17:05:38,440 INFO c.h.h.t.HelmChartContainer - [hivemq-test-hivemq-platform] [hivemq-platform-operator] [29934c7a] 17:05:38.439 [ReconcilerExecutor-hivemq-controller-114] DEBUG c.h.p.o.HiveMQPlatformReconciler - [helmexte] StatefulSet Status (revision: test-hivemq-platform-678954bb84, replicas: 1, available: 0, ready: 0, current: 1, updated: 1)
2025-01-27 17:05:38,441 INFO c.h.h.t.HelmChartContainer - [hivemq-test-hivemq-platform] [hivemq-platform-operator] [29934c7a] 17:05:38.439 [ReconcilerExecutor-hivemq-controller-114] DEBUG c.h.p.o.HiveMQPlatformReconciler - [helmexte] StatefulSet Spec (replicas: 1, init containers: 1, containers: 1, volumes: 3)
2025-01-27 17:05:38,446 INFO c.h.h.t.HelmChartContainer - [hivemq-test-hivemq-platform] [hivemq-platform-operator] [29934c7a] 17:05:38.444 [ReconcilerExecutor-hivemq-controller-114] DEBUG c.h.p.o.h.HiveMQPlatformReconcilerErrorHandler - [helmexte] Pod 'test-hivemq-platform-0' phase Running
2025-01-27 17:05:38,446 INFO c.h.h.t.HelmChartContainer - [hivemq-test-hivemq-platform] [hivemq-platform-operator] [29934c7a] 17:05:38.445 [ReconcilerExecutor-hivemq-controller-114] INFO  c.h.p.o.h.HiveMQPlatformReconcilerBaseHandler - [helmexte] HiveMQ Platform is starting, 0 of 1 replicas are ready
2025-01-27 17:05:39,611 INFO c.h.h.t.HelmChartContainer - [test-hivemq-platform] [hivemq] [5ba8f6f0] INFO  - No valid license file found. Using trial license, restricted to 25 connections.
2025-01-27 17:05:40,916 INFO c.h.h.t.HelmChartContainer - [test-hivemq-platform] [hivemq] [5ba8f6f0] WARN  - [HiveMQ Platform Operator Init App 1.7.0-SNAPSHOT] Cannot connect to Health API for liveness: null
2025-01-27 17:05:40,916 INFO c.h.h.t.HelmChartContainer - [test-hivemq-platform] [hivemq] [5ba8f6f0] INFO  - [HiveMQ Platform Operator Init App 1.7.0-SNAPSHOT] Returning default Health API response 200 for liveness
2025-01-27 17:05:42,346 INFO c.h.h.t.HelmChartContainer - [test-hivemq-platform] [hivemq] [5ba8f6f0] INFO  - No valid license file for Data Hub found. Using free license, restricted to 1 policy.
2025-01-27 17:05:43,315 INFO c.h.h.t.HelmChartContainer - [test-hivemq-platform] [hivemq] [5ba8f6f0] INFO  - Audit Logger started.
2025-01-27 17:05:43,347 INFO c.h.h.t.HelmChartContainer - [test-hivemq-platform] [hivemq] [5ba8f6f0] WARN  - [HiveMQ Platform Operator Init App 1.7.0-SNAPSHOT] Cannot connect to Health API for readiness: null
2025-01-27 17:05:43,350 INFO c.h.h.t.HelmChartContainer - [EVENT] Warning [Unhealthy] Readiness probe failed: HTTP probe failed with statuscode: 503 [helmextensionpriorityit:test-hivemq-platform-0]
2025-01-27 17:05:43,350 INFO c.h.h.t.HelmChartContainer - Received Unhealthy event for container hivemq in pod test-hivemq-platform-0 [5ba8f6f0-6526-4cf6-9922-4e040c588c53]
2025-01-27 17:05:43,645 INFO c.h.h.t.HelmChartContainer - [test-hivemq-platform] [hivemq] [5ba8f6f0] INFO  - This node uses '1' CPU cores.
2025-01-27 17:05:43,648 INFO c.h.h.t.HelmChartContainer - [test-hivemq-platform] [hivemq] [5ba8f6f0] INFO  - Starting HiveMQ Health API on address 0.0.0.0 and port 8889
2025-01-27 17:05:44,514 INFO c.h.h.t.HelmChartContainer - [test-hivemq-platform] [hivemq] [5ba8f6f0] INFO  - Started HiveMQ Health API in 865ms
2025-01-27 17:05:44,519 INFO c.h.h.t.HelmChartContainer - [test-hivemq-platform] [hivemq] [5ba8f6f0] INFO  - Starting HiveMQ extension system.
2025-01-27 17:05:44,846 INFO c.h.h.t.HelmChartContainer - [test-hivemq-platform] [hivemq] [5ba8f6f0] INFO  - Starting extension with id "hivemq-dns-cluster-discovery" at /opt/hivemq/extensions/hivemq-dns-cluster-discovery
2025-01-27 17:05:45,345 INFO c.h.h.t.HelmChartContainer - [test-hivemq-platform] [hivemq] [5ba8f6f0] INFO  - Extension "DNS Cluster Discovery Extension" version 4.3.2 started successfully.
2025-01-27 17:05:45,345 INFO c.h.h.t.HelmChartContainer - [test-hivemq-platform] [hivemq] [5ba8f6f0] INFO  - Starting extension with id "hivemq-appending-baz-extension" at /opt/hivemq/extensions/hivemq-appending-baz-extension
2025-01-27 17:05:45,346 INFO c.h.h.t.HelmChartContainer - [test-hivemq-platform] [hivemq] [5ba8f6f0] INFO  - HiveMQ Baz-Appending PublishInboundInterceptor Extension started
2025-01-27 17:05:45,347 INFO c.h.h.t.HelmChartContainer - [test-hivemq-platform] [hivemq] [5ba8f6f0] INFO  - Extension "HiveMQ Appending Baz Extension" version 1.0.0 started successfully.
2025-01-27 17:05:45,347 INFO c.h.h.testcontainer.LogWaiterUtil - TEST Found log pattern on 'test-hivemq-platform-0': .*Extension "HiveMQ Appending Baz Extension" version 1.0.0 started successfully.
2025-01-27 17:05:45,348 INFO c.h.h.t.HelmChartContainer - [test-hivemq-platform] [hivemq] [5ba8f6f0] INFO  - Starting extension with id "hivemq-appending-bar-extension" at /opt/hivemq/extensions/hivemq-appending-bar-extension
2025-01-27 17:05:45,348 INFO c.h.h.t.HelmChartContainer - [test-hivemq-platform] [hivemq] [5ba8f6f0] INFO  - HiveMQ Bar-Appending PublishInboundInterceptor Extension started
2025-01-27 17:05:45,411 INFO c.h.h.t.HelmChartContainer - [test-hivemq-platform] [hivemq] [5ba8f6f0] INFO  - Extension "HiveMQ Appending Bar Extension" version 1.0.0 started successfully.
2025-01-27 17:05:45,411 INFO c.h.h.testcontainer.LogWaiterUtil - TEST Found log pattern on 'test-hivemq-platform-0': .*Extension "HiveMQ Appending Bar Extension" version 1.0.0 started successfully.
2025-01-27 17:05:45,412 INFO c.h.h.t.HelmChartContainer - [test-hivemq-platform] [hivemq] [5ba8f6f0] INFO  - Starting extension with id "hivemq-appending-foo-extension" at /opt/hivemq/extensions/hivemq-appending-foo-extension
2025-01-27 17:05:45,412 INFO c.h.h.t.HelmChartContainer - [test-hivemq-platform] [hivemq] [5ba8f6f0] INFO  - HiveMQ Foo-Appending PublishInboundInterceptor Extension started
2025-01-27 17:05:45,414 INFO c.h.h.t.HelmChartContainer - [test-hivemq-platform] [hivemq] [5ba8f6f0] INFO  - Extension "HiveMQ Appending Foo Extension" version 1.0.0 started successfully.
2025-01-27 17:05:45,414 INFO c.h.h.testcontainer.LogWaiterUtil - TEST Found log pattern on 'test-hivemq-platform-0': .*Extension "HiveMQ Appending Foo Extension" version 1.0.0 started successfully.
2025-01-27 17:05:45,414 INFO c.h.h.t.HelmChartContainer - [test-hivemq-platform] [hivemq] [5ba8f6f0] INFO  - Starting extension with id "hivemq-prometheus-extension" at /opt/hivemq/extensions/hivemq-prometheus-extension
2025-01-27 17:05:45,417 INFO c.h.h.t.HelmChartContainer - [test-hivemq-platform] [hivemq] [5ba8f6f0] INFO  - Using TCP cluster transport on address 10.42.0.7 and port 7000
2025-01-27 17:05:45,444 INFO c.h.h.t.HelmChartContainer - [test-hivemq-platform] [hivemq] [5ba8f6f0] INFO  - Using extension cluster discovery
2025-01-27 17:05:46,315 INFO c.h.h.t.HelmChartContainer - [test-hivemq-platform] [hivemq] [5ba8f6f0] INFO  - Started Jetty Server exposing Prometheus Servlet on URI http://0.0.0.0:9399/
2025-01-27 17:05:46,315 INFO c.h.h.t.HelmChartContainer - [test-hivemq-platform] [hivemq] [5ba8f6f0] INFO  - Extension "Prometheus Monitoring Extension" version 4.0.12 started successfully.
2025-01-27 17:05:46,316 INFO c.h.h.t.HelmChartContainer - [test-hivemq-platform] [hivemq] [5ba8f6f0] INFO  - Starting extension with id "hivemq-allow-all-extension" at /opt/hivemq/extensions/hivemq-allow-all-extension
2025-01-27 17:05:46,316 INFO c.h.h.t.HelmChartContainer - [test-hivemq-platform] [hivemq] [5ba8f6f0] WARN  - 
2025-01-27 17:05:46,316 INFO c.h.h.t.HelmChartContainer - [test-hivemq-platform] [hivemq] [5ba8f6f0] ################################################################################################################
2025-01-27 17:05:46,316 INFO c.h.h.t.HelmChartContainer - [test-hivemq-platform] [hivemq] [5ba8f6f0] # This HiveMQ deployment is not secure! You are lacking Authentication and Authorization.                      #
2025-01-27 17:05:46,316 INFO c.h.h.t.HelmChartContainer - [test-hivemq-platform] [hivemq] [5ba8f6f0] # Right now any MQTT client can connect to the broker with a full set of permissions.                          #
2025-01-27 17:05:46,317 INFO c.h.h.t.HelmChartContainer - [test-hivemq-platform] [hivemq] [5ba8f6f0] # For production usage, add an appropriate security extension and remove the hivemq-allow-all extension.       #
2025-01-27 17:05:46,317 INFO c.h.h.t.HelmChartContainer - [test-hivemq-platform] [hivemq] [5ba8f6f0] # You can download security extensions from the HiveMQ Marketplace (https://www.hivemq.com/extensions/).       #
2025-01-27 17:05:46,317 INFO c.h.h.t.HelmChartContainer - [test-hivemq-platform] [hivemq] [5ba8f6f0] ################################################################################################################
2025-01-27 17:05:46,317 INFO c.h.h.t.HelmChartContainer - [test-hivemq-platform] [hivemq] [5ba8f6f0] INFO  - Extension "Allow All Extension" version 1.1.0 started successfully.
2025-01-27 17:05:48,412 INFO c.h.h.t.HelmChartContainer - [test-hivemq-platform] [hivemq] [5ba8f6f0] INFO  - 4QZXm: no members discovered after 2298 ms: creating cluster as first member
2025-01-27 17:05:48,441 INFO c.h.h.t.HelmChartContainer - [test-hivemq-platform] [hivemq] [5ba8f6f0] INFO  - Cluster nodes found by discovery: [4QZXm|0] (1) [4QZXm].
2025-01-27 17:05:48,455 INFO c.h.h.t.HelmChartContainer - [hivemq-test-hivemq-platform] [hivemq-platform-operator] [29934c7a] 17:05:48.453 [pool-6-thread-42] DEBUG c.h.p.o.dependants.PodInfoConfigMap - [helmexte] Desired PodInfo ConfigMap (3 extensions) (3 enabled)
2025-01-27 17:05:48,455 INFO c.h.h.t.HelmChartContainer - [hivemq-test-hivemq-platform] [hivemq-platform-operator] [29934c7a] 17:05:48.453 [pool-6-thread-42] DEBUG c.h.p.o.dependants.PodInfoConfigMap - [helmexte] Desired PodInfo ConfigMap (metrics port: 9399) (metrics path: /)
2025-01-27 17:05:48,455 INFO c.h.h.t.HelmChartContainer - [hivemq-test-hivemq-platform] [hivemq-platform-operator] [29934c7a] 17:05:48.453 [pool-6-thread-42] DEBUG c.h.p.o.dependants.PodInfoConfigMap - [helmexte] Desired PodInfo ConfigMap (extension state hash: 687648868)
2025-01-27 17:05:48,457 INFO c.h.h.t.HelmChartContainer - [hivemq-test-hivemq-platform] [hivemq-platform-operator] [29934c7a] 17:05:48.452 [pool-6-thread-43] DEBUG c.h.p.o.d.PlatformServiceResource - [helmexte] Desired Platform services (2 services)
2025-01-27 17:05:48,457 INFO c.h.h.t.HelmChartContainer - [hivemq-test-hivemq-platform] [hivemq-platform-operator] [29934c7a] 17:05:48.455 [pool-6-thread-47] DEBUG c.h.p.o.d.PodServiceAccountResource - [helmexte] Desired PodServiceAccountResource (serviceAccountName: hivemq-platform-pod-test-hivemq-platform)
2025-01-27 17:05:48,460 INFO c.h.h.t.HelmChartContainer - [hivemq-test-hivemq-platform] [hivemq-platform-operator] [29934c7a] 17:05:48.459 [pool-6-thread-43] DEBUG c.h.p.o.d.StatefulSetResource - [helmexte] Desired StatefulSet (1 replicas) for status STARTING (READY)
2025-01-27 17:05:48,463 INFO c.h.h.t.HelmChartContainer - [hivemq-test-hivemq-platform] [hivemq-platform-operator] [29934c7a] 17:05:48.462 [ReconcilerExecutor-hivemq-controller-115] INFO  c.h.p.o.HiveMQPlatformReconciler - [helmexte] Reconciling HiveMQ Platform 'test-hivemq-platform' in namespace 'helmextensionpriorityit'
2025-01-27 17:05:48,463 INFO c.h.h.t.HelmChartContainer - [hivemq-test-hivemq-platform] [hivemq-platform-operator] [29934c7a] 17:05:48.462 [ReconcilerExecutor-hivemq-controller-115] DEBUG c.h.p.o.HiveMQPlatformReconciler - [helmexte] Custom Resource Status STARTING - HiveMQ Platform is starting (READY)
2025-01-27 17:05:48,463 INFO c.h.h.t.HelmChartContainer - [hivemq-test-hivemq-platform] [hivemq-platform-operator] [29934c7a] 17:05:48.462 [ReconcilerExecutor-hivemq-controller-115] DEBUG c.h.p.o.HiveMQPlatformReconciler - [helmexte] Custom Resource Spec (replicas: 1) (extensions: 3)
2025-01-27 17:05:48,467 INFO c.h.h.t.HelmChartContainer - [hivemq-test-hivemq-platform] [hivemq-platform-operator] [29934c7a] 17:05:48.467 [ReconcilerExecutor-hivemq-controller-115] DEBUG c.h.p.o.HiveMQPlatformReconciler - [helmexte] StatefulSet Status (revision: test-hivemq-platform-678954bb84, replicas: 1, available: 0, ready: 0, current: 1, updated: 1)
2025-01-27 17:05:48,467 INFO c.h.h.t.HelmChartContainer - [hivemq-test-hivemq-platform] [hivemq-platform-operator] [29934c7a] 17:05:48.467 [ReconcilerExecutor-hivemq-controller-115] DEBUG c.h.p.o.HiveMQPlatformReconciler - [helmexte] StatefulSet Spec (replicas: 1, init containers: 1, containers: 1, volumes: 3)
2025-01-27 17:05:48,522 INFO c.h.h.t.HelmChartContainer - [hivemq-test-hivemq-platform] [hivemq-platform-operator] [29934c7a] 17:05:48.521 [ReconcilerExecutor-hivemq-controller-115] DEBUG c.h.p.o.h.HiveMQPlatformReconcilerErrorHandler - [helmexte] Pod 'test-hivemq-platform-0' phase Running
2025-01-27 17:05:48,523 INFO c.h.h.t.HelmChartContainer - [hivemq-test-hivemq-platform] [hivemq-platform-operator] [29934c7a] 17:05:48.522 [ReconcilerExecutor-hivemq-controller-115] INFO  c.h.p.o.h.HiveMQPlatformReconcilerBaseHandler - [helmexte] HiveMQ Platform is starting, 0 of 1 replicas are ready
2025-01-27 17:05:48,552 INFO c.h.h.t.HelmChartContainer - [test-hivemq-platform] [hivemq] [5ba8f6f0] INFO  - No user for HiveMQ Control Center configured. Starting with default user
2025-01-27 17:05:48,552 INFO c.h.h.t.HelmChartContainer - [test-hivemq-platform] [hivemq] [5ba8f6f0] INFO  - Starting HiveMQ Control Center on address 127.0.0.1 and port 8080
2025-01-27 17:05:48,553 INFO c.h.h.t.HelmChartContainer - [test-hivemq-platform] [hivemq] [5ba8f6f0] INFO  - Mounting HiveMQ Control Center V2 Preview
2025-01-27 17:05:48,945 INFO c.h.h.t.HelmChartContainer - [test-hivemq-platform] [hivemq] [5ba8f6f0] INFO  - [HiveMQ Platform Operator Init App 1.7.0-SNAPSHOT] Returning Health API response 503 for readiness
2025-01-27 17:05:48,949 INFO c.h.h.t.HelmChartContainer - [EVENT] Warning [Unhealthy] Readiness probe failed: HTTP probe failed with statuscode: 503 [helmextensionpriorityit:test-hivemq-platform-0]
2025-01-27 17:05:48,949 INFO c.h.h.t.HelmChartContainer - Received Unhealthy event for container hivemq in pod test-hivemq-platform-0 [5ba8f6f0-6526-4cf6-9922-4e040c588c53]
2025-01-27 17:05:49,352 INFO c.h.h.t.HelmChartContainer - [test-hivemq-platform] [hivemq] [5ba8f6f0] INFO  - Started HiveMQ Control Center in 801ms
2025-01-27 17:05:49,447 INFO c.h.h.t.HelmChartContainer - [test-hivemq-platform] [hivemq] [5ba8f6f0] INFO  - Starting TCP listener on address 0.0.0.0 and port 1884
2025-01-27 17:05:49,543 INFO c.h.h.t.HelmChartContainer - [test-hivemq-platform] [hivemq] [5ba8f6f0] INFO  - Started TCP Listener on address 0.0.0.0 and on port 1884.
2025-01-27 17:05:49,543 INFO c.h.h.t.HelmChartContainer - [test-hivemq-platform] [hivemq] [5ba8f6f0] INFO  - Started HiveMQ in 29898ms
2025-01-27 17:05:53,332 INFO c.h.h.t.HelmChartContainer - [test-hivemq-platform] [hivemq] [5ba8f6f0] INFO  - [HiveMQ Platform Operator Init App 1.7.0-SNAPSHOT] Returning Health API response 200 for readiness
2025-01-27 17:05:53,351 INFO c.h.h.t.HelmChartContainer - [POD] test-hivemq-platform-0 [5ba8f6f0-6526-4cf6-9922-4e040c588c53] in helmextensionpriorityit was MODIFIED
2025-01-27 17:05:53,367 INFO c.h.h.t.HelmChartContainer - [hivemq-test-hivemq-platform] [hivemq-platform-operator] [29934c7a] 17:05:53.362 [pool-6-thread-3] DEBUG c.h.p.o.d.PlatformServiceResource - [helmexte] Desired Platform services (2 services)
2025-01-27 17:05:53,367 INFO c.h.h.t.HelmChartContainer - [hivemq-test-hivemq-platform] [hivemq-platform-operator] [29934c7a] 17:05:53.366 [pool-6-thread-10] DEBUG c.h.p.o.dependants.PodInfoConfigMap - [helmexte] Desired PodInfo ConfigMap (3 extensions) (3 enabled)
2025-01-27 17:05:53,370 INFO c.h.h.t.HelmChartContainer - [hivemq-test-hivemq-platform] [hivemq-platform-operator] [29934c7a] 17:05:53.367 [pool-6-thread-10] DEBUG c.h.p.o.dependants.PodInfoConfigMap - [helmexte] Desired PodInfo ConfigMap (metrics port: 9399) (metrics path: /)
2025-01-27 17:05:53,372 INFO c.h.h.t.HelmChartContainer - [hivemq-test-hivemq-platform] [hivemq-platform-operator] [29934c7a] 17:05:53.368 [pool-6-thread-10] DEBUG c.h.p.o.dependants.PodInfoConfigMap - [helmexte] Desired PodInfo ConfigMap (extension state hash: 687648868)
2025-01-27 17:05:53,375 INFO c.h.h.t.HelmChartContainer - [hivemq-test-hivemq-platform] [hivemq-platform-operator] [29934c7a] 17:05:53.374 [pool-6-thread-1] DEBUG c.h.p.o.d.PodServiceAccountResource - [helmexte] Desired PodServiceAccountResource (serviceAccountName: hivemq-platform-pod-test-hivemq-platform)
2025-01-27 17:05:53,380 INFO c.h.h.t.HelmChartContainer - [hivemq-test-hivemq-platform] [hivemq-platform-operator] [29934c7a] 17:05:53.378 [pool-6-thread-4] DEBUG c.h.p.o.d.StatefulSetResource - [helmexte] Desired StatefulSet (1 replicas) for status STARTING (READY)
2025-01-27 17:05:53,421 INFO c.h.h.t.HelmChartContainer - [hivemq-test-hivemq-platform] [hivemq-platform-operator] [29934c7a] 17:05:53.418 [ReconcilerExecutor-hivemq-controller-116] INFO  c.h.p.o.HiveMQPlatformReconciler - [helmexte] Reconciling HiveMQ Platform 'test-hivemq-platform' in namespace 'helmextensionpriorityit'
2025-01-27 17:05:53,422 INFO c.h.h.t.HelmChartContainer - [hivemq-test-hivemq-platform] [hivemq-platform-operator] [29934c7a] 17:05:53.418 [ReconcilerExecutor-hivemq-controller-116] DEBUG c.h.p.o.HiveMQPlatformReconciler - [helmexte] Custom Resource Status STARTING - HiveMQ Platform is starting (READY)
2025-01-27 17:05:53,422 INFO c.h.h.t.HelmChartContainer - [hivemq-test-hivemq-platform] [hivemq-platform-operator] [29934c7a] 17:05:53.419 [ReconcilerExecutor-hivemq-controller-116] DEBUG c.h.p.o.HiveMQPlatformReconciler - [helmexte] Custom Resource Spec (replicas: 1) (extensions: 3)
2025-01-27 17:05:53,422 INFO c.h.h.t.HelmChartContainer - [hivemq-test-hivemq-platform] [hivemq-platform-operator] [29934c7a] 17:05:53.420 [ReconcilerExecutor-hivemq-controller-116] DEBUG c.h.p.o.HiveMQPlatformReconciler - [helmexte] StatefulSet Status (revision: test-hivemq-platform-678954bb84, replicas: 1, available: 1, ready: 1, current: 1, updated: 1)
2025-01-27 17:05:53,422 INFO c.h.h.t.HelmChartContainer - [hivemq-test-hivemq-platform] [hivemq-platform-operator] [29934c7a] 17:05:53.420 [ReconcilerExecutor-hivemq-controller-116] DEBUG c.h.p.o.HiveMQPlatformReconciler - [helmexte] StatefulSet Spec (replicas: 1, init containers: 1, containers: 1, volumes: 3)
2025-01-27 17:05:53,424 INFO c.h.h.t.HelmChartContainer - [hivemq-test-hivemq-platform] [hivemq-platform-operator] [29934c7a] 17:05:53.423 [ReconcilerExecutor-hivemq-controller-116] DEBUG c.h.p.o.h.HiveMQPlatformReconcilerErrorHandler - [helmexte] Pod 'test-hivemq-platform-0' phase Running
2025-01-27 17:05:53,425 INFO c.h.h.t.HelmChartContainer - [hivemq-test-hivemq-platform] [hivemq-platform-operator] [29934c7a] 17:05:53.424 [ReconcilerExecutor-hivemq-controller-116] INFO  c.h.p.o.h.HiveMQPlatformReconcilerBaseHandler - [helmexte] HiveMQ Platform started successfully
2025-01-27 17:05:53,522 INFO c.h.h.t.HelmChartContainer - [hivemq-test-hivemq-platform] [hivemq-platform-operator] [29934c7a] 17:05:53.521 [ReconcilerExecutor-hivemq-controller-116] DEBUG c.h.p.operator.event.EventSender - [helmexte] Creating K8s event hivemq-platform-ready: [Ready] HiveMQ Platform is ready
2025-01-27 17:05:53,527 INFO c.h.h.t.HelmChartContainer - [EVENT] Normal [Ready] HiveMQ Platform is ready [helmextensionpriorityit:test-hivemq-platform]
2025-01-27 17:05:53,527 INFO c.h.h.t.HelmChartContainer - [hivemq-test-hivemq-platform] [hivemq-platform-operator] [29934c7a] 17:05:53.526 [ReconcilerExecutor-hivemq-controller-116] INFO  c.h.p.o.h.AbstractHiveMQReconcilerStateHandler - [helmexte] Update HiveMQ Platform Status (STARTING [READY] -> RUNNING [READY]): HiveMQ Platform is ready
2025-01-27 17:05:53,536 DEBUG com.hivemq.helmcharts.util.K8sUtil - Comparing actual state 'RUNNING' and waiting for 'RUNNING'
2025-01-27 17:05:53,574 INFO c.h.h.t.HelmChartContainer - [hivemq-test-hivemq-platform] [hivemq-platform-operator] [29934c7a] 17:05:53.573 [pool-6-thread-14] DEBUG c.h.p.o.dependants.PodInfoConfigMap - [helmexte] Desired PodInfo ConfigMap (3 extensions) (3 enabled)
2025-01-27 17:05:53,575 INFO c.h.h.t.HelmChartContainer - [hivemq-test-hivemq-platform] [hivemq-platform-operator] [29934c7a] 17:05:53.573 [pool-6-thread-14] DEBUG c.h.p.o.dependants.PodInfoConfigMap - [helmexte] Desired PodInfo ConfigMap (metrics port: 9399) (metrics path: /)
2025-01-27 17:05:53,575 INFO c.h.h.t.HelmChartContainer - [hivemq-test-hivemq-platform] [hivemq-platform-operator] [29934c7a] 17:05:53.573 [pool-6-thread-14] DEBUG c.h.p.o.dependants.PodInfoConfigMap - [helmexte] Desired PodInfo ConfigMap (extension state hash: 687648868)
2025-01-27 17:05:53,578 INFO c.h.h.t.HelmChartContainer - [hivemq-test-hivemq-platform] [hivemq-platform-operator] [29934c7a] 17:05:53.574 [pool-6-thread-14] DEBUG c.h.p.o.dependants.PodInfoConfigMap - [helmexte] Update PodInfo ConfigMap
2025-01-27 17:05:53,578 INFO c.h.h.t.HelmChartContainer - [hivemq-test-hivemq-platform] [hivemq-platform-operator] [29934c7a] 17:05:53.572 [pool-6-thread-16] DEBUG c.h.p.o.d.PlatformServiceResource - [helmexte] Desired Platform services (2 services)
2025-01-27 17:05:53,578 INFO c.h.h.t.HelmChartContainer - [hivemq-test-hivemq-platform] [hivemq-platform-operator] [29934c7a] 17:05:53.575 [pool-6-thread-19] DEBUG c.h.p.o.d.PodServiceAccountResource - [helmexte] Desired PodServiceAccountResource (serviceAccountName: hivemq-platform-pod-test-hivemq-platform)
2025-01-27 17:05:53,621 INFO c.h.h.t.HelmChartContainer - [hivemq-test-hivemq-platform] [hivemq-platform-operator] [29934c7a] 17:05:53.620 [pool-6-thread-14] DEBUG c.h.p.o.d.StatefulSetResource - [helmexte] Desired StatefulSet (1 replicas) for status RUNNING (READY)
2025-01-27 17:05:53,624 INFO c.h.h.t.HelmChartContainer - [hivemq-test-hivemq-platform] [hivemq-platform-operator] [29934c7a] 17:05:53.623 [ReconcilerExecutor-hivemq-controller-117] INFO  c.h.p.o.HiveMQPlatformReconciler - [helmexte] Reconciling HiveMQ Platform 'test-hivemq-platform' in namespace 'helmextensionpriorityit'
2025-01-27 17:05:53,625 INFO c.h.h.t.HelmChartContainer - [hivemq-test-hivemq-platform] [hivemq-platform-operator] [29934c7a] 17:05:53.624 [ReconcilerExecutor-hivemq-controller-117] DEBUG c.h.p.o.HiveMQPlatformReconciler - [helmexte] Custom Resource Status RUNNING - HiveMQ Platform is ready (READY)
2025-01-27 17:05:53,625 INFO c.h.h.t.HelmChartContainer - [hivemq-test-hivemq-platform] [hivemq-platform-operator] [29934c7a] 17:05:53.624 [ReconcilerExecutor-hivemq-controller-117] DEBUG c.h.p.o.HiveMQPlatformReconciler - [helmexte] Custom Resource Spec (replicas: 1) (extensions: 3)
2025-01-27 17:05:53,672 INFO c.h.h.t.HelmChartContainer - [hivemq-test-hivemq-platform] [hivemq-platform-operator] [29934c7a] 17:05:53.670 [ReconcilerExecutor-hivemq-controller-117] DEBUG c.h.p.o.HiveMQPlatformReconciler - [helmexte] StatefulSet Status (revision: test-hivemq-platform-678954bb84, replicas: 1, available: 1, ready: 1, current: 1, updated: 1)
2025-01-27 17:05:53,672 INFO c.h.h.t.HelmChartContainer - [hivemq-test-hivemq-platform] [hivemq-platform-operator] [29934c7a] 17:05:53.670 [ReconcilerExecutor-hivemq-controller-117] DEBUG c.h.p.o.HiveMQPlatformReconciler - [helmexte] StatefulSet Spec (replicas: 1, init containers: 1, containers: 1, volumes: 3)
2025-01-27 17:05:53,672 INFO c.h.h.t.HelmChartContainer - [hivemq-test-hivemq-platform] [hivemq-platform-operator] [29934c7a] 17:05:53.671 [ReconcilerExecutor-hivemq-controller-117] DEBUG c.h.p.o.h.HiveMQPlatformReconcilerErrorHandler - [helmexte] Pod 'test-hivemq-platform-0' phase Running
2025-01-27 17:06:03,679 INFO c.h.h.t.HelmChartContainer - [hivemq-test-hivemq-platform] [hivemq-platform-operator] [29934c7a] 17:06:03.675 [pool-6-thread-25] DEBUG c.h.p.o.d.PlatformServiceResource - [helmexte] Desired Platform services (2 services)
2025-01-27 17:06:03,679 INFO c.h.h.t.HelmChartContainer - [hivemq-test-hivemq-platform] [hivemq-platform-operator] [29934c7a] 17:06:03.676 [pool-6-thread-21] DEBUG c.h.p.o.dependants.PodInfoConfigMap - [helmexte] Desired PodInfo ConfigMap (3 extensions) (3 enabled)
2025-01-27 17:06:03,680 INFO c.h.h.t.HelmChartContainer - [hivemq-test-hivemq-platform] [hivemq-platform-operator] [29934c7a] 17:06:03.676 [pool-6-thread-21] DEBUG c.h.p.o.dependants.PodInfoConfigMap - [helmexte] Desired PodInfo ConfigMap (metrics port: 9399) (metrics path: /)
2025-01-27 17:06:03,680 INFO c.h.h.t.HelmChartContainer - [hivemq-test-hivemq-platform] [hivemq-platform-operator] [29934c7a] 17:06:03.676 [pool-6-thread-21] DEBUG c.h.p.o.dependants.PodInfoConfigMap - [helmexte] Desired PodInfo ConfigMap (extension state hash: 687648868)
2025-01-27 17:06:03,680 INFO c.h.h.t.HelmChartContainer - [hivemq-test-hivemq-platform] [hivemq-platform-operator] [29934c7a] 17:06:03.679 [pool-6-thread-29] DEBUG c.h.p.o.d.PodServiceAccountResource - [helmexte] Desired PodServiceAccountResource (serviceAccountName: hivemq-platform-pod-test-hivemq-platform)
2025-01-27 17:06:03,682 INFO c.h.h.t.HelmChartContainer - [hivemq-test-hivemq-platform] [hivemq-platform-operator] [29934c7a] 17:06:03.681 [pool-6-thread-25] DEBUG c.h.p.o.d.StatefulSetResource - [helmexte] Desired StatefulSet (1 replicas) for status RUNNING (READY)
2025-01-27 17:06:03,688 INFO c.h.h.t.HelmChartContainer - [hivemq-test-hivemq-platform] [hivemq-platform-operator] [29934c7a] 17:06:03.685 [ReconcilerExecutor-hivemq-controller-118] INFO  c.h.p.o.HiveMQPlatformReconciler - [helmexte] Reconciling HiveMQ Platform 'test-hivemq-platform' in namespace 'helmextensionpriorityit'
2025-01-27 17:06:03,688 INFO c.h.h.t.HelmChartContainer - [hivemq-test-hivemq-platform] [hivemq-platform-operator] [29934c7a] 17:06:03.685 [ReconcilerExecutor-hivemq-controller-118] DEBUG c.h.p.o.HiveMQPlatformReconciler - [helmexte] Custom Resource Status RUNNING - HiveMQ Platform is ready (READY)
2025-01-27 17:06:03,689 INFO c.h.h.t.HelmChartContainer - [hivemq-test-hivemq-platform] [hivemq-platform-operator] [29934c7a] 17:06:03.685 [ReconcilerExecutor-hivemq-controller-118] DEBUG c.h.p.o.HiveMQPlatformReconciler - [helmexte] Custom Resource Spec (replicas: 1) (extensions: 3)
2025-01-27 17:06:03,689 INFO c.h.h.t.HelmChartContainer - [hivemq-test-hivemq-platform] [hivemq-platform-operator] [29934c7a] 17:06:03.687 [ReconcilerExecutor-hivemq-controller-118] DEBUG c.h.p.o.HiveMQPlatformReconciler - [helmexte] StatefulSet Status (revision: test-hivemq-platform-678954bb84, replicas: 1, available: 1, ready: 1, current: 1, updated: 1)
2025-01-27 17:06:03,689 INFO c.h.h.t.HelmChartContainer - [hivemq-test-hivemq-platform] [hivemq-platform-operator] [29934c7a] 17:06:03.687 [ReconcilerExecutor-hivemq-controller-118] DEBUG c.h.p.o.HiveMQPlatformReconciler - [helmexte] StatefulSet Spec (replicas: 1, init containers: 1, containers: 1, volumes: 3)
2025-01-27 17:06:03,690 INFO c.h.h.t.HelmChartContainer - [hivemq-test-hivemq-platform] [hivemq-platform-operator] [29934c7a] 17:06:03.689 [ReconcilerExecutor-hivemq-controller-118] DEBUG c.h.p.o.h.HiveMQPlatformReconcilerErrorHandler - [helmexte] Pod 'test-hivemq-platform-0' phase Running
2025-01-27 17:06:04,439 INFO c.h.h.e.HelmExtensionPriorityIT - Client subscribed
2025-01-27 17:06:04,445 INFO c.h.h.e.HelmExtensionPriorityIT - Client published
2025-01-27 17:06:04,515 INFO c.h.h.t.HelmChartContainer - [test-hivemq-platform] [hivemq] [5ba8f6f0] INFO  - [AppendingFooPublishInboundInterceptorExtensionMain] Modifying payload: test -> test-foo
2025-01-27 17:06:04,518 INFO c.h.h.t.HelmChartContainer - [test-hivemq-platform] [hivemq] [5ba8f6f0] INFO  - [AppendingBarPublishInboundInterceptorExtensionMain] Modifying payload: test-foo -> test-foo-bar
2025-01-27 17:06:04,518 INFO c.h.h.t.HelmChartContainer - [test-hivemq-platform] [hivemq] [5ba8f6f0] INFO  - [AppendingBazPublishInboundInterceptorExtensionMain] Modifying payload: test-foo-bar -> test-foo-bar-baz
2025-01-27 17:06:04,545 INFO c.h.h.e.HelmExtensionPriorityIT - Message received by Client
2025-01-27 17:06:06,621 INFO c.h.h.t.HelmChartContainer - Uninstalling release 'test-hivemq-platform' in namespace 'helmextensionpriorityit'...
2025-01-27 17:06:06,621 DEBUG c.h.h.t.HelmChartContainer - Executing helm command: /bin/helm --kubeconfig /etc/rancher/k3s/k3s.yaml uninstall test-hivemq-platform  --wait --timeout 5m0s --cascade foreground --namespace helmextensionpriorityit
2025-01-27 17:06:06,802 INFO c.h.h.t.HelmChartContainer - [hivemq-test-hivemq-platform] [hivemq-platform-operator] [29934c7a] 17:06:06.793 [pool-6-thread-39] DEBUG c.h.p.o.d.PlatformServiceResource - [helmexte] Desired Platform services (2 services)
2025-01-27 17:06:06,807 INFO c.h.h.t.HelmChartContainer - [hivemq-test-hivemq-platform] [hivemq-platform-operator] [29934c7a] 17:06:06.798 [pool-6-thread-36] DEBUG c.h.p.o.d.PodServiceAccountResource - [helmexte] Desired PodServiceAccountResource (serviceAccountName: hivemq-platform-pod-test-hivemq-platform)
2025-01-27 17:06:06,807 INFO c.h.h.t.HelmChartContainer - [hivemq-test-hivemq-platform] [hivemq-platform-operator] [29934c7a] 17:06:06.800 [pool-6-thread-39] DEBUG c.h.p.o.dependants.PodInfoConfigMap - [helmexte] Desired PodInfo ConfigMap (3 extensions) (3 enabled)
2025-01-27 17:06:06,807 INFO c.h.h.t.HelmChartContainer - [hivemq-test-hivemq-platform] [hivemq-platform-operator] [29934c7a] 17:06:06.801 [pool-6-thread-39] DEBUG c.h.p.o.dependants.PodInfoConfigMap - [helmexte] Desired PodInfo ConfigMap (metrics port: 9399) (metrics path: /)
2025-01-27 17:06:06,807 INFO c.h.h.t.HelmChartContainer - [hivemq-test-hivemq-platform] [hivemq-platform-operator] [29934c7a] 17:06:06.801 [pool-6-thread-39] DEBUG c.h.p.o.dependants.PodInfoConfigMap - [helmexte] Desired PodInfo ConfigMap (extension state hash: 687648868)
2025-01-27 17:06:06,818 INFO c.h.h.t.HelmChartContainer - [hivemq-test-hivemq-platform] [hivemq-platform-operator] [29934c7a] 17:06:06.803 [pool-6-thread-36] DEBUG c.h.p.o.d.StatefulSetResource - [helmexte] Desired StatefulSet (1 replicas) for status RUNNING (READY)
2025-01-27 17:06:06,872 INFO c.h.h.t.HelmChartContainer - [hivemq-test-hivemq-platform] [hivemq-platform-operator] [29934c7a] 17:06:06.868 [ReconcilerExecutor-hivemq-controller-119] INFO  c.h.p.o.HiveMQPlatformReconciler - [helmexte] Reconciling HiveMQ Platform 'test-hivemq-platform' in namespace 'helmextensionpriorityit'
2025-01-27 17:06:06,872 INFO c.h.h.t.HelmChartContainer - [hivemq-test-hivemq-platform] [hivemq-platform-operator] [29934c7a] 17:06:06.868 [ReconcilerExecutor-hivemq-controller-119] DEBUG c.h.p.o.HiveMQPlatformReconciler - [helmexte] Custom Resource Status RUNNING - HiveMQ Platform is ready (READY)
2025-01-27 17:06:06,872 INFO c.h.h.t.HelmChartContainer - [hivemq-test-hivemq-platform] [hivemq-platform-operator] [29934c7a] 17:06:06.868 [ReconcilerExecutor-hivemq-controller-119] DEBUG c.h.p.o.HiveMQPlatformReconciler - [helmexte] Custom Resource Spec (replicas: 1) (extensions: 3)
2025-01-27 17:06:06,872 INFO c.h.h.t.HelmChartContainer - [hivemq-test-hivemq-platform] [hivemq-platform-operator] [29934c7a] 17:06:06.870 [ReconcilerExecutor-hivemq-controller-119] DEBUG c.h.p.o.HiveMQPlatformReconciler - [helmexte] StatefulSet Status (revision: test-hivemq-platform-678954bb84, replicas: 1, available: 1, ready: 1, current: 1, updated: 1)
2025-01-27 17:06:06,872 INFO c.h.h.t.HelmChartContainer - [hivemq-test-hivemq-platform] [hivemq-platform-operator] [29934c7a] 17:06:06.870 [ReconcilerExecutor-hivemq-controller-119] DEBUG c.h.p.o.HiveMQPlatformReconciler - [helmexte] StatefulSet Spec (replicas: 1, init containers: 1, containers: 1, volumes: 3)
2025-01-27 17:06:06,875 INFO c.h.h.t.HelmChartContainer - [hivemq-test-hivemq-platform] [hivemq-platform-operator] [29934c7a] 17:06:06.872 [ReconcilerExecutor-hivemq-controller-119] DEBUG c.h.p.o.h.HiveMQPlatformReconcilerErrorHandler - [helmexte] Pod 'test-hivemq-platform-0' phase Running
2025-01-27 17:06:06,885 INFO c.h.h.t.HelmChartContainer - [hivemq-test-hivemq-platform] [hivemq-platform-operator] [29934c7a] 17:06:06.884 [ReconcilerExecutor-hivemq-controller-123] INFO  c.h.p.o.HiveMQPlatformReconciler - [helmexte] Cleanup test-hivemq-platform - helmextensionpriorityit HiveMQ Platform is shut down
2025-01-27 17:06:07,327 INFO c.h.h.t.HelmChartContainer - [EVENT] Normal [Killing] Stopping container hivemq [helmextensionpriorityit:test-hivemq-platform-0]
2025-01-27 17:06:07,328 INFO c.h.h.t.HelmChartContainer - [POD] test-hivemq-platform-0 [5ba8f6f0-6526-4cf6-9922-4e040c588c53] in helmextensionpriorityit was MODIFIED
2025-01-27 17:06:07,329 INFO c.h.h.t.HelmChartContainer - Received Killing event for container hivemq in pod test-hivemq-platform-0 [5ba8f6f0-6526-4cf6-9922-4e040c588c53]
2025-01-27 17:06:07,329 INFO c.h.h.t.HelmChartContainer - Container [test-hivemq-platform-0] [hivemq] [5ba8f6f0-6526-4cf6-9922-4e040c588c53] was terminated
2025-01-27 17:06:07,329 INFO c.h.h.t.HelmChartContainer - Stopped log watcher for hivemq in pod test-hivemq-platform-0 [5ba8f6f0-6526-4cf6-9922-4e040c588c53]
2025-01-27 17:06:07,336 INFO c.h.h.t.HelmChartContainer - [test-hivemq-platform] [hivemq] [5ba8f6f0] INFO  - [HiveMQ Platform Operator Init App 1.7.0-SNAPSHOT] Shutting down
2025-01-27 17:06:07,336 INFO c.h.h.t.HelmChartContainer - [test-hivemq-platform] [hivemq] [5ba8f6f0] INFO  - [HiveMQ Platform Operator Init App 1.7.0-SNAPSHOT] Stopping the HiveMQ Platform
2025-01-27 17:06:07,454 INFO c.h.h.t.HelmChartContainer - [test-hivemq-platform] [hivemq] [5ba8f6f0] INFO  - Shutting down HiveMQ. Please wait, this could take a while...
2025-01-27 17:06:07,514 INFO c.h.h.t.HelmChartContainer - [test-hivemq-platform] [hivemq] [5ba8f6f0] INFO  - Shutting down listeners and clients
2025-01-27 17:06:07,541 INFO c.h.h.t.HelmChartContainer - [test-hivemq-platform] [hivemq] [5ba8f6f0] INFO  - Shutdown of listeners is done
2025-01-27 17:06:07,543 INFO c.h.h.t.HelmChartContainer - [test-hivemq-platform] [hivemq] [5ba8f6f0] INFO  - No clients are connected, proceeding with shutdown
2025-01-27 17:06:08,328 INFO c.h.h.t.HelmChartContainer - [test-hivemq-platform] [hivemq] [5ba8f6f0] INFO  - [HiveMQ Platform Operator Init App 1.7.0-SNAPSHOT] Returning shutdown Health API response 503 for readiness
2025-01-27 17:06:08,332 INFO c.h.h.t.HelmChartContainer - [EVENT] Warning [Unhealthy] Readiness probe failed: HTTP probe failed with statuscode: 503 [helmextensionpriorityit:test-hivemq-platform-0]
2025-01-27 17:06:08,332 INFO c.h.h.t.HelmChartContainer - Received Unhealthy event for container hivemq in pod test-hivemq-platform-0 [5ba8f6f0-6526-4cf6-9922-4e040c588c53]
2025-01-27 17:06:08,766 INFO c.h.h.t.HelmChartContainer - [K3S] [authentication.go:74] "Unable to authenticate the request" err="[invalid bearer token, serviceaccounts \"hivemq-platform-pod-test-hivemq-platform\" not found]"
2025-01-27 17:06:08,782 INFO c.h.h.t.HelmChartContainer - [K3S] [authentication.go:74] "Unable to authenticate the request" err="[invalid bearer token, serviceaccounts \"hivemq-platform-pod-test-hivemq-platform\" not found]"
2025-01-27 17:06:08,850 INFO c.h.h.t.HelmChartContainer - [test-hivemq-platform] [hivemq] [5ba8f6f0] WARN  - [HiveMQ Platform Operator Init App 1.7.0-SNAPSHOT] Could not update Pod annotations: Failure executing: GET at: https://10.43.0.1:443/api/v1/namespaces/helmextensionpriorityit/pods/test-hivemq-platform-0. Message: Unauthorized. Received status: Status(apiVersion=v1, code=401, details=null, kind=Status, message=Unauthorized, metadata=ListMeta(_continue=null, remainingItemCount=null, resourceVersion=null, selfLink=null, additionalProperties={}), reason=Unauthorized, status=Failure, additionalProperties={}).
2025-01-27 17:06:08,857 INFO c.h.h.t.HelmChartContainer - Deleting namespace 'helmextensionpriorityit'...
2025-01-27 17:06:10,850 INFO c.h.h.t.HelmChartContainer - [test-hivemq-platform] [hivemq] [5ba8f6f0] INFO  - Shutting down extension system
2025-01-27 17:06:10,853 INFO c.h.h.t.HelmChartContainer - [test-hivemq-platform] [hivemq] [5ba8f6f0] INFO  - Stopping extension with id hivemq-dns-cluster-discovery
2025-01-27 17:06:10,854 INFO c.h.h.t.HelmChartContainer - [test-hivemq-platform] [hivemq] [5ba8f6f0] INFO  - Extension "DNS Cluster Discovery Extension" version 4.3.2 stopped successfully.
2025-01-27 17:06:10,855 INFO c.h.h.t.HelmChartContainer - [test-hivemq-platform] [hivemq] [5ba8f6f0] INFO  - Stopping extension with id hivemq-appending-baz-extension
2025-01-27 17:06:10,856 INFO c.h.h.t.HelmChartContainer - [test-hivemq-platform] [hivemq] [5ba8f6f0] INFO  - HiveMQ Baz-Appending PublishInboundInterceptor Extension stopped
2025-01-27 17:06:10,856 INFO c.h.h.t.HelmChartContainer - [test-hivemq-platform] [hivemq] [5ba8f6f0] INFO  - Extension "HiveMQ Appending Baz Extension" version 1.0.0 stopped successfully.
2025-01-27 17:06:10,856 INFO c.h.h.t.HelmChartContainer - [test-hivemq-platform] [hivemq] [5ba8f6f0] INFO  - Stopping extension with id hivemq-appending-bar-extension
2025-01-27 17:06:10,856 INFO c.h.h.t.HelmChartContainer - [test-hivemq-platform] [hivemq] [5ba8f6f0] INFO  - HiveMQ Bar-Appending PublishInboundInterceptor Extension stopped
2025-01-27 17:06:10,857 INFO c.h.h.t.HelmChartContainer - [test-hivemq-platform] [hivemq] [5ba8f6f0] INFO  - Extension "HiveMQ Appending Bar Extension" version 1.0.0 stopped successfully.
2025-01-27 17:06:10,857 INFO c.h.h.t.HelmChartContainer - [test-hivemq-platform] [hivemq] [5ba8f6f0] INFO  - Stopping extension with id hivemq-prometheus-extension
2025-01-27 17:06:10,859 INFO c.h.h.t.HelmChartContainer - [test-hivemq-platform] [hivemq] [5ba8f6f0] INFO  - Extension "Prometheus Monitoring Extension" version 4.0.12 stopped successfully.
2025-01-27 17:06:10,860 INFO c.h.h.t.HelmChartContainer - [test-hivemq-platform] [hivemq] [5ba8f6f0] INFO  - Stopping extension with id hivemq-appending-foo-extension
2025-01-27 17:06:10,860 INFO c.h.h.t.HelmChartContainer - [test-hivemq-platform] [hivemq] [5ba8f6f0] INFO  - HiveMQ Foo-Appending PublishInboundInterceptor Extension stopped
2025-01-27 17:06:10,861 INFO c.h.h.t.HelmChartContainer - [test-hivemq-platform] [hivemq] [5ba8f6f0] INFO  - Extension "HiveMQ Appending Foo Extension" version 1.0.0 stopped successfully.
2025-01-27 17:06:10,861 INFO c.h.h.t.HelmChartContainer - [test-hivemq-platform] [hivemq] [5ba8f6f0] INFO  - Stopping extension with id hivemq-allow-all-extension
2025-01-27 17:06:10,861 INFO c.h.h.t.HelmChartContainer - [test-hivemq-platform] [hivemq] [5ba8f6f0] INFO  - Extension "Allow All Extension" version 1.1.0 stopped successfully.
2025-01-27 17:06:13,126 INFO c.h.h.t.HelmChartContainer - [test-hivemq-platform] [hivemq] [5ba8f6f0] INFO  - Shutdown completed.
2025-01-27 17:06:13,332 INFO c.h.h.t.HelmChartContainer - [EVENT] Warning [Unhealthy] Readiness probe failed: HTTP probe failed with statuscode: 503 [helmextensionpriorityit:test-hivemq-platform-0]
2025-01-27 17:06:13,332 INFO c.h.h.t.HelmChartContainer - Received Unhealthy event for container hivemq in pod test-hivemq-platform-0 [5ba8f6f0-6526-4cf6-9922-4e040c588c53]
2025-01-27 17:06:13,488 INFO c.h.h.t.HelmChartContainer - [test-hivemq-platform] [hivemq] [5ba8f6f0] INFO  - [HiveMQ Platform Operator Init App 1.7.0-SNAPSHOT] The HiveMQ Platform exited with code 143
2025-01-27 17:06:13,488 INFO c.h.h.t.HelmChartContainer - [test-hivemq-platform] [hivemq] [5ba8f6f0] INFO  - [HiveMQ Platform Operator Init App 1.7.0-SNAPSHOT] Stopping the REST API
2025-01-27 17:06:13,493 INFO c.h.h.t.HelmChartContainer - [test-hivemq-platform] [hivemq] [5ba8f6f0] INFO  - [HiveMQ Platform Operator Init App 1.7.0-SNAPSHOT] Shutdown complete
2025-01-27 17:06:13,896 INFO c.h.h.t.HelmChartContainer - [K3S] [stateful_set.go:466] "StatefulSet has been deleted" key="helmextensionpriorityit/test-hivemq-platform"
2025-01-27 17:06:13,908 INFO c.h.h.t.HelmChartContainer - [K3S] [replica_set.go:679] "Finished syncing" kind="ReplicaSet" key="helmextensionpriorityit/nginx-58ccdbc9cd" duration="5.981µs"
2025-01-27 17:06:13,919 INFO c.h.h.t.HelmChartContainer - [POD] nginx-58ccdbc9cd-t777x [4d8a8160-6c1b-4383-8fde-6ca69015bda1] in helmextensionpriorityit was MODIFIED
2025-01-27 17:06:13,928 INFO c.h.h.t.HelmChartContainer - [nginx-58ccdbc9cd-t77] [nginx] [4d8a8160] 2025/01/27 17:06:13 [notice] 1#1: signal 3 (SIGQUIT) received, shutting down
2025-01-27 17:06:13,928 INFO c.h.h.t.HelmChartContainer - [nginx-58ccdbc9cd-t77] [nginx] [4d8a8160] 2025/01/27 17:06:13 [notice] 29#29: gracefully shutting down
2025-01-27 17:06:13,928 INFO c.h.h.t.HelmChartContainer - [nginx-58ccdbc9cd-t77] [nginx] [4d8a8160] 2025/01/27 17:06:13 [notice] 31#31: gracefully shutting down
2025-01-27 17:06:13,928 INFO c.h.h.t.HelmChartContainer - [nginx-58ccdbc9cd-t77] [nginx] [4d8a8160] 2025/01/27 17:06:13 [notice] 29#29: exiting
2025-01-27 17:06:13,928 INFO c.h.h.t.HelmChartContainer - [nginx-58ccdbc9cd-t77] [nginx] [4d8a8160] 2025/01/27 17:06:13 [notice] 31#31: exiting
2025-01-27 17:06:13,928 INFO c.h.h.t.HelmChartContainer - [nginx-58ccdbc9cd-t77] [nginx] [4d8a8160] 2025/01/27 17:06:13 [notice] 29#29: exit
2025-01-27 17:06:13,929 INFO c.h.h.t.HelmChartContainer - [nginx-58ccdbc9cd-t77] [nginx] [4d8a8160] 2025/01/27 17:06:13 [notice] 31#31: exit
2025-01-27 17:06:13,929 INFO c.h.h.t.HelmChartContainer - [nginx-58ccdbc9cd-t77] [nginx] [4d8a8160] 2025/01/27 17:06:13 [notice] 30#30: gracefully shutting down
2025-01-27 17:06:13,929 INFO c.h.h.t.HelmChartContainer - [nginx-58ccdbc9cd-t77] [nginx] [4d8a8160] 2025/01/27 17:06:13 [notice] 30#30: exiting
2025-01-27 17:06:13,929 INFO c.h.h.t.HelmChartContainer - [nginx-58ccdbc9cd-t77] [nginx] [4d8a8160] 2025/01/27 17:06:13 [notice] 30#30: exit
2025-01-27 17:06:13,929 INFO c.h.h.t.HelmChartContainer - [nginx-58ccdbc9cd-t77] [nginx] [4d8a8160] 2025/01/27 17:06:13 [notice] 32#32: gracefully shutting down
2025-01-27 17:06:13,929 INFO c.h.h.t.HelmChartContainer - [nginx-58ccdbc9cd-t77] [nginx] [4d8a8160] 2025/01/27 17:06:13 [notice] 32#32: exiting
2025-01-27 17:06:13,929 INFO c.h.h.t.HelmChartContainer - [nginx-58ccdbc9cd-t77] [nginx] [4d8a8160] 2025/01/27 17:06:13 [notice] 32#32: exit
2025-01-27 17:06:13,936 INFO c.h.h.t.HelmChartContainer - [nginx-58ccdbc9cd-t77] [nginx] [4d8a8160] 2025/01/27 17:06:13 [notice] 1#1: signal 17 (SIGCHLD) received from 31
2025-01-27 17:06:13,936 INFO c.h.h.t.HelmChartContainer - [nginx-58ccdbc9cd-t77] [nginx] [4d8a8160] 2025/01/27 17:06:13 [notice] 1#1: worker process 31 exited with code 0
2025-01-27 17:06:13,936 INFO c.h.h.t.HelmChartContainer - [nginx-58ccdbc9cd-t77] [nginx] [4d8a8160] 2025/01/27 17:06:13 [notice] 1#1: signal 29 (SIGIO) received
2025-01-27 17:06:13,936 INFO c.h.h.t.HelmChartContainer - [nginx-58ccdbc9cd-t77] [nginx] [4d8a8160] 2025/01/27 17:06:13 [notice] 1#1: signal 17 (SIGCHLD) received from 32
2025-01-27 17:06:13,936 INFO c.h.h.t.HelmChartContainer - [nginx-58ccdbc9cd-t77] [nginx] [4d8a8160] 2025/01/27 17:06:13 [notice] 1#1: worker process 32 exited with code 0
2025-01-27 17:06:13,936 INFO c.h.h.t.HelmChartContainer - [nginx-58ccdbc9cd-t77] [nginx] [4d8a8160] 2025/01/27 17:06:13 [notice] 1#1: signal 29 (SIGIO) received
2025-01-27 17:06:13,937 INFO c.h.h.t.HelmChartContainer - [nginx-58ccdbc9cd-t77] [nginx] [4d8a8160] 2025/01/27 17:06:13 [notice] 1#1: signal 17 (SIGCHLD) received from 30
2025-01-27 17:06:13,937 INFO c.h.h.t.HelmChartContainer - [nginx-58ccdbc9cd-t77] [nginx] [4d8a8160] 2025/01/27 17:06:13 [notice] 1#1: worker process 30 exited with code 0
2025-01-27 17:06:13,938 INFO c.h.h.t.HelmChartContainer - [nginx-58ccdbc9cd-t77] [nginx] [4d8a8160] 2025/01/27 17:06:13 [notice] 1#1: signal 29 (SIGIO) received
2025-01-27 17:06:13,938 INFO c.h.h.t.HelmChartContainer - [nginx-58ccdbc9cd-t77] [nginx] [4d8a8160] 2025/01/27 17:06:13 [notice] 1#1: signal 17 (SIGCHLD) received from 29
2025-01-27 17:06:13,938 INFO c.h.h.t.HelmChartContainer - [nginx-58ccdbc9cd-t77] [nginx] [4d8a8160] 2025/01/27 17:06:13 [notice] 1#1: worker process 29 exited with code 0
2025-01-27 17:06:13,938 INFO c.h.h.t.HelmChartContainer - [nginx-58ccdbc9cd-t77] [nginx] [4d8a8160] 2025/01/27 17:06:13 [notice] 1#1: exit
2025-01-27 17:06:13,965 INFO c.h.h.t.HelmChartContainer - [POD] test-hivemq-platform-0 [5ba8f6f0-6526-4cf6-9922-4e040c588c53] in helmextensionpriorityit was MODIFIED
2025-01-27 17:06:14,052 INFO c.h.h.t.HelmChartContainer - [K3S] [reconciler_common.go:162] "operationExecutor.UnmountVolume started for volume \"broker-configuration\" (UniqueName: \"kubernetes.io/configmap/5ba8f6f0-6526-4cf6-9922-4e040c588c53-broker-configuration\") pod \"5ba8f6f0-6526-4cf6-9922-4e040c588c53\" (UID: \"5ba8f6f0-6526-4cf6-9922-4e040c588c53\") "
2025-01-27 17:06:14,052 INFO c.h.h.t.HelmChartContainer - [K3S] [reconciler_common.go:162] "operationExecutor.UnmountVolume started for volume \"operator-init\" (UniqueName: \"kubernetes.io/empty-dir/5ba8f6f0-6526-4cf6-9922-4e040c588c53-operator-init\") pod \"5ba8f6f0-6526-4cf6-9922-4e040c588c53\" (UID: \"5ba8f6f0-6526-4cf6-9922-4e040c588c53\") "
2025-01-27 17:06:14,052 INFO c.h.h.t.HelmChartContainer - [K3S] [reconciler_common.go:162] "operationExecutor.UnmountVolume started for volume \"kube-api-access-n97r7\" (UniqueName: \"kubernetes.io/projected/5ba8f6f0-6526-4cf6-9922-4e040c588c53-kube-api-access-n97r7\") pod \"5ba8f6f0-6526-4cf6-9922-4e040c588c53\" (UID: \"5ba8f6f0-6526-4cf6-9922-4e040c588c53\") "
2025-01-27 17:06:14,052 INFO c.h.h.t.HelmChartContainer - [K3S] [reconciler_common.go:162] "operationExecutor.UnmountVolume started for volume \"volume-hivemq-appending-foo-extension-100\" (UniqueName: \"kubernetes.io/host-path/4d8a8160-6c1b-4383-8fde-6ca69015bda1-volume-hivemq-appending-foo-extension-100\") pod \"4d8a8160-6c1b-4383-8fde-6ca69015bda1\" (UID: \"4d8a8160-6c1b-4383-8fde-6ca69015bda1\") "
2025-01-27 17:06:14,052 INFO c.h.h.t.HelmChartContainer - [K3S] [reconciler_common.go:162] "operationExecutor.UnmountVolume started for volume \"volume-hivemq-appending-bar-extension-100\" (UniqueName: \"kubernetes.io/host-path/4d8a8160-6c1b-4383-8fde-6ca69015bda1-volume-hivemq-appending-bar-extension-100\") pod \"4d8a8160-6c1b-4383-8fde-6ca69015bda1\" (UID: \"4d8a8160-6c1b-4383-8fde-6ca69015bda1\") "
2025-01-27 17:06:14,052 INFO c.h.h.t.HelmChartContainer - [K3S] [reconciler_common.go:162] "operationExecutor.UnmountVolume started for volume \"kube-api-access-zvkk4\" (UniqueName: \"kubernetes.io/projected/4d8a8160-6c1b-4383-8fde-6ca69015bda1-kube-api-access-zvkk4\") pod \"4d8a8160-6c1b-4383-8fde-6ca69015bda1\" (UID: \"4d8a8160-6c1b-4383-8fde-6ca69015bda1\") "
2025-01-27 17:06:14,053 INFO c.h.h.t.HelmChartContainer - [K3S] [reconciler_common.go:162] "operationExecutor.UnmountVolume started for volume \"pod-info\" (UniqueName: \"kubernetes.io/configmap/5ba8f6f0-6526-4cf6-9922-4e040c588c53-pod-info\") pod \"5ba8f6f0-6526-4cf6-9922-4e040c588c53\" (UID: \"5ba8f6f0-6526-4cf6-9922-4e040c588c53\") "
2025-01-27 17:06:14,053 INFO c.h.h.t.HelmChartContainer - [K3S] [reconciler_common.go:162] "operationExecutor.UnmountVolume started for volume \"volume-hivemq-appending-baz-extension-100\" (UniqueName: \"kubernetes.io/host-path/4d8a8160-6c1b-4383-8fde-6ca69015bda1-volume-hivemq-appending-baz-extension-100\") pod \"4d8a8160-6c1b-4383-8fde-6ca69015bda1\" (UID: \"4d8a8160-6c1b-4383-8fde-6ca69015bda1\") "
2025-01-27 17:06:14,061 INFO c.h.h.t.HelmChartContainer - [POD] nginx-58ccdbc9cd-t777x [4d8a8160-6c1b-4383-8fde-6ca69015bda1] in helmextensionpriorityit was MODIFIED
2025-01-27 17:06:14,153 INFO c.h.h.t.HelmChartContainer - [K3S] [reconciler_common.go:299] "Volume detached for volume \"kube-api-access-n97r7\" (UniqueName: \"kubernetes.io/projected/5ba8f6f0-6526-4cf6-9922-4e040c588c53-kube-api-access-n97r7\") on node \"774b1d029c41\" DevicePath \"\""
2025-01-27 17:06:14,153 INFO c.h.h.t.HelmChartContainer - [K3S] [reconciler_common.go:299] "Volume detached for volume \"broker-configuration\" (UniqueName: \"kubernetes.io/configmap/5ba8f6f0-6526-4cf6-9922-4e040c588c53-broker-configuration\") on node \"774b1d029c41\" DevicePath \"\""
2025-01-27 17:06:14,153 INFO c.h.h.t.HelmChartContainer - [K3S] [reconciler_common.go:299] "Volume detached for volume \"operator-init\" (UniqueName: \"kubernetes.io/empty-dir/5ba8f6f0-6526-4cf6-9922-4e040c588c53-operator-init\") on node \"774b1d029c41\" DevicePath \"\""
2025-01-27 17:06:14,153 INFO c.h.h.t.HelmChartContainer - [K3S] [reconciler_common.go:299] "Volume detached for volume \"volume-hivemq-appending-foo-extension-100\" (UniqueName: \"kubernetes.io/host-path/4d8a8160-6c1b-4383-8fde-6ca69015bda1-volume-hivemq-appending-foo-extension-100\") on node \"774b1d029c41\" DevicePath \"\""
2025-01-27 17:06:14,153 INFO c.h.h.t.HelmChartContainer - [K3S] [reconciler_common.go:299] "Volume detached for volume \"volume-hivemq-appending-baz-extension-100\" (UniqueName: \"kubernetes.io/host-path/4d8a8160-6c1b-4383-8fde-6ca69015bda1-volume-hivemq-appending-baz-extension-100\") on node \"774b1d029c41\" DevicePath \"\""
2025-01-27 17:06:14,153 INFO c.h.h.t.HelmChartContainer - [K3S] [reconciler_common.go:299] "Volume detached for volume \"volume-hivemq-appending-bar-extension-100\" (UniqueName: \"kubernetes.io/host-path/4d8a8160-6c1b-4383-8fde-6ca69015bda1-volume-hivemq-appending-bar-extension-100\") on node \"774b1d029c41\" DevicePath \"\""
2025-01-27 17:06:14,153 INFO c.h.h.t.HelmChartContainer - [K3S] [reconciler_common.go:299] "Volume detached for volume \"kube-api-access-zvkk4\" (UniqueName: \"kubernetes.io/projected/4d8a8160-6c1b-4383-8fde-6ca69015bda1-kube-api-access-zvkk4\") on node \"774b1d029c41\" DevicePath \"\""
2025-01-27 17:06:14,153 INFO c.h.h.t.HelmChartContainer - [K3S] [reconciler_common.go:299] "Volume detached for volume \"pod-info\" (UniqueName: \"kubernetes.io/configmap/5ba8f6f0-6526-4cf6-9922-4e040c588c53-pod-info\") on node \"774b1d029c41\" DevicePath \"\""
2025-01-27 17:06:14,289 INFO c.h.h.t.HelmChartContainer - [K3S] [namespace_controller.go:164] "Unhandled Error" err="deletion of namespace helmextensionpriorityit failed: unexpected items still remain in namespace: helmextensionpriorityit for gvr: /v1, Resource=pods"
2025-01-27 17:06:14,318 INFO c.h.h.t.HelmChartContainer - [K3S] [scope.go:117] "RemoveContainer" containerID="9de1aa1e4e07eb9f56725c5c33005d905bb9a0600a2e988a58e5be46c643aa92"
2025-01-27 17:06:14,321 INFO c.h.h.t.HelmChartContainer - Stopped log watcher for nginx in pod nginx-58ccdbc9cd-t777x [4d8a8160-6c1b-4383-8fde-6ca69015bda1]
2025-01-27 17:06:14,325 INFO c.h.h.t.HelmChartContainer - [K3S] [scope.go:117] "RemoveContainer" containerID="9de1aa1e4e07eb9f56725c5c33005d905bb9a0600a2e988a58e5be46c643aa92"
2025-01-27 17:06:14,326 INFO c.h.h.t.HelmChartContainer - [K3S] [scope.go:117] "RemoveContainer" containerID="39b97eab3b1c76cdb3d5a19406ba124aa0211dbc40d6ec95fa4d064ed3bea25d"
2025-01-27 17:06:14,333 INFO c.h.h.t.HelmChartContainer - [POD] nginx-58ccdbc9cd-t777x [4d8a8160-6c1b-4383-8fde-6ca69015bda1] in helmextensionpriorityit was MODIFIED
2025-01-27 17:06:14,342 INFO c.h.h.t.HelmChartContainer - [POD] nginx-58ccdbc9cd-t777x [4d8a8160-6c1b-4383-8fde-6ca69015bda1] in helmextensionpriorityit was DELETED
2025-01-27 17:06:14,352 INFO c.h.h.t.HelmChartContainer - [POD] test-hivemq-platform-0 [5ba8f6f0-6526-4cf6-9922-4e040c588c53] in helmextensionpriorityit was MODIFIED
2025-01-27 17:06:14,354 INFO c.h.h.t.HelmChartContainer - [POD] test-hivemq-platform-0 [5ba8f6f0-6526-4cf6-9922-4e040c588c53] in helmextensionpriorityit was DELETED
2025-01-27 17:06:14,450 INFO c.h.h.t.HelmChartContainer - [K3S] [scope.go:117] "RemoveContainer" containerID="3cdd1edeec273942b2f88bdc8516276062934a9de9d6c2025d5b027332a8547d"
2025-01-27 17:06:14,454 INFO c.h.h.t.HelmChartContainer - [K3S] [scope.go:117] "RemoveContainer" containerID="39b97eab3b1c76cdb3d5a19406ba124aa0211dbc40d6ec95fa4d064ed3bea25d"
2025-01-27 17:06:14,455 INFO c.h.h.t.HelmChartContainer - [K3S] [scope.go:117] "RemoveContainer" containerID="3cdd1edeec273942b2f88bdc8516276062934a9de9d6c2025d5b027332a8547d"
2025-01-27 17:06:14,493 INFO c.h.h.t.HelmChartContainer - Namespace 'helmextensionpriorityit' deleted
2025-01-27 17:06:14,493 INFO c.h.h.t.HelmChartContainer - Release 'test-hivemq-platform' in namespace 'helmextensionpriorityit' is uninstalled
2025-01-27 17:06:14,493 INFO c.h.h.t.HelmChartContainer - Uninstalling release 'test-hivemq-platform-operator' in namespace 'helmextensionpriorityit-operator'...
2025-01-27 17:06:14,493 DEBUG c.h.h.t.HelmChartContainer - Executing helm command: /bin/helm --kubeconfig /etc/rancher/k3s/k3s.yaml uninstall test-hivemq-platform-operator  --wait --timeout 5m0s --cascade foreground --namespace helmextensionpriorityit-operator
2025-01-27 17:06:14,653 INFO c.h.h.t.HelmChartContainer - [K3S] [replica_set.go:679] "Finished syncing" kind="ReplicaSet" key="helmextensionpriorityit-operator/hivemq-test-hivemq-platform-operator-6966f96d65" duration="7.539743ms"
2025-01-27 17:06:14,655 INFO c.h.h.t.HelmChartContainer - [K3S] [replica_set.go:679] "Finished syncing" kind="ReplicaSet" key="helmextensionpriorityit-operator/hivemq-test-hivemq-platform-operator-6966f96d65" duration="37.489µs"
2025-01-27 17:06:14,678 INFO c.h.h.t.HelmChartContainer - [POD] hivemq-test-hivemq-platform-operator-6966f96d65-84jqq [29934c7a-8e66-4a6e-b48f-d6260f604300] in helmextensionpriorityit-operator was MODIFIED
2025-01-27 17:06:14,682 INFO c.h.h.t.HelmChartContainer - [K3S] [replica_set.go:679] "Finished syncing" kind="ReplicaSet" key="helmextensionpriorityit-operator/hivemq-test-hivemq-platform-operator-6966f96d65" duration="9.551553ms"
2025-01-27 17:06:14,683 INFO c.h.h.t.HelmChartContainer - [K3S] [replica_set.go:679] "Finished syncing" kind="ReplicaSet" key="helmextensionpriorityit-operator/hivemq-test-hivemq-platform-operator-6966f96d65" duration="30.216µs"
2025-01-27 17:06:14,683 INFO c.h.h.t.HelmChartContainer - [EVENT] Normal [Killing] Stopping container hivemq-platform-operator [helmextensionpriorityit-operator:hivemq-test-hivemq-platform-operator-6966f96d65-84jqq]
2025-01-27 17:06:14,683 INFO c.h.h.t.HelmChartContainer - Received Killing event for container hivemq-platform-operator in pod hivemq-test-hivemq-platform-operator-6966f96d65-84jqq [29934c7a-8e66-4a6e-b48f-d6260f604300]
2025-01-27 17:06:14,683 INFO c.h.h.t.HelmChartContainer - Container [hivemq-test-hivemq-platform-operator-6966f96d65-84jqq] [hivemq-platform-operator] [29934c7a-8e66-4a6e-b48f-d6260f604300] was terminated
2025-01-27 17:06:14,683 INFO c.h.h.t.HelmChartContainer - Stopped log watcher for hivemq-platform-operator in pod hivemq-test-hivemq-platform-operator-6966f96d65-84jqq [29934c7a-8e66-4a6e-b48f-d6260f604300]
2025-01-27 17:06:14,711 INFO c.h.h.t.HelmChartContainer - [hivemq-test-hivemq-platform] [hivemq-platform-operator] [29934c7a] 17:06:14.709 [application-shutdown-thread] INFO  c.h.p.o.HiveMQPlatformOperatorApplication - HiveMQ Platform Operator is stopping...
2025-01-27 17:06:14,711 INFO c.h.h.t.HelmChartContainer - [hivemq-test-hivemq-platform] [hivemq-platform-operator] [29934c7a] 17:06:14.710 [application-shutdown-thread] INFO  i.javaoperatorsdk.operator.Operator - Operator SDK 4.9.7 is shutting down...
2025-01-27 17:06:15,127 INFO c.h.h.t.HelmChartContainer - [K3S] [kubelet_volumes.go:163] "Cleaned up orphaned pod volumes dir" podUID="4d8a8160-6c1b-4383-8fde-6ca69015bda1" path="/var/lib/kubelet/pods/4d8a8160-6c1b-4383-8fde-6ca69015bda1/volumes"
2025-01-27 17:06:15,127 INFO c.h.h.t.HelmChartContainer - [K3S] [kubelet_volumes.go:163] "Cleaned up orphaned pod volumes dir" podUID="5ba8f6f0-6526-4cf6-9922-4e040c588c53" path="/var/lib/kubelet/pods/5ba8f6f0-6526-4cf6-9922-4e040c588c53/volumes"
2025-01-27 17:06:15,308 INFO c.h.h.t.HelmChartContainer - [K3S] [replica_set.go:679] "Finished syncing" kind="ReplicaSet" key="helmextensionpriorityit-operator/hivemq-test-hivemq-platform-operator-6966f96d65" duration="40.856µs"
2025-01-27 17:06:15,309 INFO c.h.h.t.HelmChartContainer - [POD] hivemq-test-hivemq-platform-operator-6966f96d65-84jqq [29934c7a-8e66-4a6e-b48f-d6260f604300] in helmextensionpriorityit-operator was MODIFIED
2025-01-27 17:06:15,324 INFO c.h.h.t.HelmChartContainer - [K3S] [scope.go:117] "RemoveContainer" containerID="a2e9f35eb901189133e5eae628fab5415f464fd9877d90c097687a4403971e68"
2025-01-27 17:06:15,328 INFO c.h.h.t.HelmChartContainer - [K3S] [scope.go:117] "RemoveContainer" containerID="a2e9f35eb901189133e5eae628fab5415f464fd9877d90c097687a4403971e68"
2025-01-27 17:06:15,359 INFO c.h.h.t.HelmChartContainer - [K3S] [reconciler_common.go:162] "operationExecutor.UnmountVolume started for volume \"kube-api-access-gsz94\" (UniqueName: \"kubernetes.io/projected/29934c7a-8e66-4a6e-b48f-d6260f604300-kube-api-access-gsz94\") pod \"29934c7a-8e66-4a6e-b48f-d6260f604300\" (UID: \"29934c7a-8e66-4a6e-b48f-d6260f604300\") "
2025-01-27 17:06:15,460 INFO c.h.h.t.HelmChartContainer - [K3S] [reconciler_common.go:299] "Volume detached for volume \"kube-api-access-gsz94\" (UniqueName: \"kubernetes.io/projected/29934c7a-8e66-4a6e-b48f-d6260f604300-kube-api-access-gsz94\") on node \"774b1d029c41\" DevicePath \"\""
2025-01-27 17:06:15,637 INFO c.h.h.t.HelmChartContainer - [K3S] [replica_set.go:679] "Finished syncing" kind="ReplicaSet" key="helmextensionpriorityit-operator/hivemq-test-hivemq-platform-operator-6966f96d65" duration="44.563µs"
2025-01-27 17:06:15,638 INFO c.h.h.t.HelmChartContainer - [POD] hivemq-test-hivemq-platform-operator-6966f96d65-84jqq [29934c7a-8e66-4a6e-b48f-d6260f604300] in helmextensionpriorityit-operator was MODIFIED
2025-01-27 17:06:15,640 INFO c.h.h.t.HelmChartContainer - [K3S] [replica_set.go:679] "Finished syncing" kind="ReplicaSet" key="helmextensionpriorityit-operator/hivemq-test-hivemq-platform-operator-6966f96d65" duration="31.77µs"
2025-01-27 17:06:15,642 INFO c.h.h.t.HelmChartContainer - [POD] hivemq-test-hivemq-platform-operator-6966f96d65-84jqq [29934c7a-8e66-4a6e-b48f-d6260f604300] in helmextensionpriorityit-operator was DELETED
2025-01-27 17:06:15,651 INFO c.h.h.t.HelmChartContainer - [K3S] [replica_set.go:679] "Finished syncing" kind="ReplicaSet" key="helmextensionpriorityit-operator/hivemq-test-hivemq-platform-operator-6966f96d65" duration="6.071µs"
2025-01-27 17:06:16,697 INFO c.h.h.t.HelmChartContainer - Deleting namespace 'helmextensionpriorityit-operator'...
2025-01-27 17:06:17,127 INFO c.h.h.t.HelmChartContainer - [K3S] [kubelet_volumes.go:163] "Cleaned up orphaned pod volumes dir" podUID="29934c7a-8e66-4a6e-b48f-d6260f604300" path="/var/lib/kubelet/pods/29934c7a-8e66-4a6e-b48f-d6260f604300/volumes"
2025-01-27 17:06:19,486 INFO c.h.h.t.HelmChartContainer - [K3S] [namespace_controller.go:187] "Namespace has been deleted" namespace="helmextensionpriorityit"
2025-01-27 17:06:21,916 INFO c.h.h.t.HelmChartContainer - Namespace 'helmextensionpriorityit-operator' deleted
2025-01-27 17:06:21,916 INFO c.h.h.t.HelmChartContainer - Release 'test-hivemq-platform-operator' in namespace 'helmextensionpriorityit-operator' is uninstalled
2025-01-27 17:06:22,472 INFO c.h.helmcharts.AbstractHelmChartIT - Removed unused containers:

2025-01-27 17:06:26,817 INFO c.h.h.t.HelmChartContainer - [K3S] [namespace_controller.go:187] "Namespace has been deleted" namespace="helmextensionpriorityit-operator"
2025-01-27 17:06:30,696 INFO c.h.helmcharts.AbstractHelmChartIT - Removed unused snapshots:
Removing snapshot sha256:026a712f86a389a5fd74927b58e3b9c46d97b4685244a93cf8afd5dd2d926256
Removing snapshot sha256:03af251906410714c5aef9fa705b63f6bbc39c4a5e787de7361eeb18886c2ed2
Removing snapshot sha256:04586d725303b4dcbc0cdc42a56e7852bc8859e90a3b42def5c29ab6c5b2378a
Removing snapshot sha256:0c46b3b43cce082ce5ec34ffc6c294e0417d17b9d1e6f366d114b6aadc4f96dc
Removing snapshot sha256:0ce761beee59082d6ed5bcebd3a805b8ddd9b3426b617e4809e7fb7c6587ffec
Removing snapshot sha256:1021ef88c7974bfff89c5a0ec4fd3160daac6c48a075f74cff721f85dd104e68
Removing snapshot sha256:10aba4953ddc18145dd38e3704709bc464aa20af60b56fe52caaff4b68411e62
Removing snapshot sha256:12fcdb97878a8124028dd759e7639b77bca16c0f46aabea18189ae25af2554ab
Removing snapshot sha256:212117830fd0435e286c2c270abe10f44e7b19875863e8c26dc42261692e6524
Removing snapshot sha256:2573e0d8158209ed54ab25c87bcdcb00bd3d2539246960a3d592a1c599d70465
Removing snapshot sha256:362a8a37f8bbc31925a8146adcf7cf51f9882f5c1dcbef67c5baa03a297543c0
Removing snapshot sha256:43a7c979bbaba6838bc3102d6b10a1459f3ab050b87ccdfef84ef90cf43d3058
Removing snapshot sha256:4ab04491cdf0d3267f08206fe30bd48f49f94b9cab2f016d6739220f722a64af
Removing snapshot sha256:4b6068250e89c96f263060261819c7d912855bfbd64b3eb4c4a8483299b8c295
Removing snapshot sha256:54760460dde328a0df5fb97426e3821ea3128f2a777231b6e8478cdaf84d50a9
Removing snapshot sha256:580e69a0a8034ede1921139bbd2bfb72a69ebf276d008281896c32dd8bf74775
Removing snapshot sha256:5ad32423e4b556ca23e4a282f00b6c28ba2ec8ad2b7822350a080868a3597d3e
Removing snapshot sha256:5d30ba46b27fe37484567ccc5242cadc78217b8da605f3f195ef25cbf7487904
Removing snapshot sha256:5ec183755d09a0a54d0f83e5a705f28f1606fe75660c13148fe125e4f12af39f
Removing snapshot sha256:607fe8c2266675062ce17be66216c4680cda4a9023af81cde6c738b3badc226c
Removing snapshot sha256:63ca1fbb43ae5034640e5e6cb3e083e05c290072c5366fcaa9d62435a4cced85
Removing snapshot sha256:67f702c6baae873bceb19487c8b1f27bd2b86077e4f2f0e480e6d60ab508b8f5
Removing snapshot sha256:6864348dd42806d552efdec384f1274be15e2d0c10ce44c1f04347af004c10a9
Removing snapshot sha256:6b6a1f10cca10ea08499c191fc025406a23858de44f58930b06dc6608ff034e5
Removing snapshot sha256:6c7dee8f2c39b84b7dc2711c01d33de93514d9055499173e9290176fbe484b6c
Removing snapshot sha256:82753493a6d61ded36556292f02f31841a14c20d2f279f19eaad65afb661d5cd
Removing snapshot sha256:8a10d3db42c505ee0fcfa98417bdd7e39b304f6bcc0a06bb1b220797ff2cc63c
Removing snapshot sha256:8ad081ee0d46efdea0492cd0bb527c50a8891276fd408ec1269522ac9d6d5580
Removing snapshot sha256:a21e5b12dbac529ad45d976eb9ce45c881f3bedcc500fb30aba1e52aa1813418
Removing snapshot sha256:a8d62a6e94dbe8920ecfafa3b3aff0ef70aa26ca929f90b110db998eec09bab5
Removing snapshot sha256:ad858b4eee2d8f479065d1b8c650e13c815e75b2e4503c05a67cdc8880b0975a
Removing snapshot sha256:b921e6c28969094157f9b8e7244677780319637afd14450b7cb6b2fdea558a0c
Removing snapshot sha256:bc27ecb5769a00e309cf99ebc763c4a4b958b618d1decc96ffac5bc05f02f5b7
Removing snapshot sha256:be3ccb6627a5332e309d45ef461d09b4879dd870c7394d89323d0ebc6ca6aa8a
Removing snapshot sha256:c261f7cbbc64211ee175ee47273acdb7b1a36a4450b397a064a8f2c026490095
Removing snapshot sha256:c34d9393647eea0c9e3557ab988efaf59f61d10a2a5613b439ef0958cca5ec10
Removing snapshot sha256:ccf3c4a0fa967a41c1c83497a2ce6fa5787965859df0adb32c4ca2cf7490bc2b
Removing snapshot sha256:cf92d33f869417309692088c341cd0f223c178ea78a125f757317b22aa8f90e9
Removing snapshot sha256:d0037344cf2fb078884f1849f6a1f8cf9a33a3b6139b6a85833e5ee528e1f9a8
Removing snapshot sha256:d3b36d5b79273b1e98e7700470eaeff05a882e777124d84cebcc1505b85ecb36
Removing snapshot sha256:d65a44a37914602d12c611e5e22a50f11451d847e63015cc1c2aef92dee777a4
Removing snapshot sha256:e2dc0bae2455930f23ae570e019b7f32edc75c0f2d71cab084db837ff9051796
Removing snapshot sha256:eccbd24a99c60cd9e86ee5305dbfc4a4dc89f5ab4fb1f06c8d64797cecedef34
Removing snapshot sha256:f144bb4c7c7f0d2aa7eeffd36d934ec40db1ee167be727e326aad9fdc616f475

]]></system-out>
  </testcase>
  <system-out><![CDATA[2025-01-27 17:03:51,961 INFO c.h.h.t.HelmChartContainerExtension - Using cached HelmChartContainer instance
2025-01-27 17:03:51,966 INFO c.h.h.t.HelmChartContainerExtension - Creating cached HelmChartContainer instance
2025-01-27 17:03:51,986 INFO o.testcontainers.DockerClientFactory - Testcontainers version: 1.20.4
2025-01-27 17:03:52,363 INFO o.t.d.DockerClientProviderStrategy - Found Docker environment with local Unix socket (unix:///var/run/docker.sock)
2025-01-27 17:03:52,370 INFO o.testcontainers.DockerClientFactory - Docker host IP address is localhost
2025-01-27 17:03:52,386 INFO o.testcontainers.DockerClientFactory - Connected to docker: 
  Server Version: 26.1.3
  API Version: 1.45
  Operating System: Ubuntu 24.04.1 LTS
  Total Memory: 15990 MB
2025-01-27 17:03:52,393 INFO o.testcontainers.images.PullPolicy - Image pull policy will be performed by: DefaultPullPolicy()
2025-01-27 17:03:52,395 INFO o.t.utility.ImageNameSubstitutor - Image name substitution will be performed by: DefaultImageNameSubstitutor (composite of 'ConfigurationFileImageNameSubstitutor' and 'PrefixingImageNameSubstitutor')
2025-01-27 17:03:52,419 INFO tc.testcontainers/ryuk:0.11.0 - Pulling docker image: testcontainers/ryuk:0.11.0. Please be patient; this may take some time but only needs to be done once.
2025-01-27 17:03:52,712 INFO tc.testcontainers/ryuk:0.11.0 - Starting to pull image
2025-01-27 17:03:52,728 INFO tc.testcontainers/ryuk:0.11.0 - Pulling image layers:  0 pending,  0 downloaded,  0 extracted, (0 bytes/0 bytes)
2025-01-27 17:03:52,913 INFO tc.testcontainers/ryuk:0.11.0 - Pulling image layers:  2 pending,  1 downloaded,  0 extracted, (878 KB/? MB)
2025-01-27 17:03:52,970 INFO tc.testcontainers/ryuk:0.11.0 - Pulling image layers:  1 pending,  2 downloaded,  0 extracted, (878 KB/? MB)
2025-01-27 17:03:53,033 INFO tc.testcontainers/ryuk:0.11.0 - Pulling image layers:  0 pending,  3 downloaded,  0 extracted, (8 MB/10 MB)
2025-01-27 17:03:53,070 INFO tc.testcontainers/ryuk:0.11.0 - Pulling image layers:  0 pending,  3 downloaded,  1 extracted, (8 MB/10 MB)
2025-01-27 17:03:53,222 INFO tc.testcontainers/ryuk:0.11.0 - Pulling image layers:  0 pending,  3 downloaded,  2 extracted, (8 MB/10 MB)
2025-01-27 17:03:53,264 INFO tc.testcontainers/ryuk:0.11.0 - Pulling image layers:  0 pending,  3 downloaded,  3 extracted, (10 MB/10 MB)
2025-01-27 17:03:53,271 INFO tc.testcontainers/ryuk:0.11.0 - Image testcontainers/ryuk:0.11.0 pull took PT0.851115418S
2025-01-27 17:03:53,292 INFO tc.testcontainers/ryuk:0.11.0 - Creating container for image: testcontainers/ryuk:0.11.0
2025-01-27 17:03:53,353 INFO tc.testcontainers/ryuk:0.11.0 - Container testcontainers/ryuk:0.11.0 is starting: 27413fbc55b26d27b906e8e4934bb1adabed3c68e536541e5ef60feaa2f693a9
2025-01-27 17:03:53,598 INFO tc.testcontainers/ryuk:0.11.0 - Container testcontainers/ryuk:0.11.0 started in PT0.305953898S
2025-01-27 17:03:53,602 INFO o.t.utility.RyukResourceReaper - Ryuk started - will monitor and terminate Testcontainers containers on JVM exit
2025-01-27 17:03:53,603 INFO o.testcontainers.DockerClientFactory - Checking the system...
2025-01-27 17:03:53,603 INFO o.testcontainers.DockerClientFactory - ✔︎ Docker server version should be at least 1.6.0
2025-01-27 17:03:53,681 INFO o.t.i.builder.ImageFromDockerfile - Pre-emptively checking local images for 'ubuntu:noble-20241118.1@sha256:80dd3c3b9c6cecb9f1667e9290b3bc61b78c2678c02cbdae5f0fea92cc6734ab', referenced via a Dockerfile. If not available, it will be pulled.
2025-01-27 17:03:53,684 INFO t.u.1@sha256:80dd3c... - Pulling docker image: ubuntu:noble-20241118.1@sha256:80dd3c3b9c6cecb9f1667e9290b3bc61b78c2678c02cbdae5f0fea92cc6734ab. Please be patient; this may take some time but only needs to be done once.
2025-01-27 17:03:53,840 INFO t.u.1@sha256:80dd3c... - Starting to pull image
2025-01-27 17:03:53,841 INFO t.u.1@sha256:80dd3c... - Pulling image layers:  0 pending,  0 downloaded,  0 extracted, (0 bytes/0 bytes)
2025-01-27 17:03:54,693 INFO t.u.1@sha256:80dd3c... - Pulling image layers:  0 pending,  1 downloaded,  0 extracted, (26 MB/28 MB)
2025-01-27 17:03:55,616 INFO t.u.1@sha256:80dd3c... - Pulling image layers:  0 pending,  1 downloaded,  1 extracted, (28 MB/28 MB)
2025-01-27 17:03:55,623 INFO t.u.1@sha256:80dd3c... - Pull complete. 1 layers, pulled in 1s (downloaded 28 MB at 28 MB/s)
2025-01-27 17:03:55,623 INFO t.u.1@sha256:80dd3c... - Image ubuntu:noble-20241118.1@sha256:80dd3c3b9c6cecb9f1667e9290b3bc61b78c2678c02cbdae5f0fea92cc6734ab pull took PT1.938664139S
2025-01-27 17:03:55,625 INFO o.t.i.builder.ImageFromDockerfile - Pre-emptively checking local images for 'rancher/k3s:v1.32.0-k3s1', referenced via a Dockerfile. If not available, it will be pulled.
2025-01-27 17:03:55,626 INFO tc.rancher/k3s:v1.32.0-k3s1 - Pulling docker image: rancher/k3s:v1.32.0-k3s1. Please be patient; this may take some time but only needs to be done once.
2025-01-27 17:03:55,858 INFO tc.rancher/k3s:v1.32.0-k3s1 - Starting to pull image
2025-01-27 17:03:55,859 INFO tc.rancher/k3s:v1.32.0-k3s1 - Pulling image layers:  0 pending,  0 downloaded,  0 extracted, (0 bytes/0 bytes)
2025-01-27 17:03:57,764 INFO tc.rancher/k3s:v1.32.0-k3s1 - Pulling image layers:  0 pending,  1 downloaded,  0 extracted, (67 MB/71 MB)
2025-01-27 17:03:58,808 INFO tc.rancher/k3s:v1.32.0-k3s1 - Pulling image layers:  0 pending,  1 downloaded,  1 extracted, (71 MB/71 MB)
2025-01-27 17:03:58,814 INFO tc.rancher/k3s:v1.32.0-k3s1 - Pull complete. 1 layers, pulled in 2s (downloaded 71 MB at 35 MB/s)
2025-01-27 17:03:58,814 INFO tc.rancher/k3s:v1.32.0-k3s1 - Image rancher/k3s:v1.32.0-k3s1 pull took PT3.187530381S
2025-01-27 17:03:58,819 INFO o.t.i.builder.ImageFromDockerfile - Transferred 0 bytes to Docker daemon
2025-01-27 17:04:13,024 INFO c.h.h.t.HelmChartContainer - Starting HelmChartContainer...
2025-01-27 17:04:13,026 INFO t.localhost/testcontainers/dtzzvoasjxwr8hjj:latest - Creating container for image: localhost/testcontainers/dtzzvoasjxwr8hjj:latest
2025-01-27 17:04:13,091 INFO tc.alpine:3.17 - Pulling docker image: alpine:3.17. Please be patient; this may take some time but only needs to be done once.
2025-01-27 17:04:13,323 INFO tc.alpine:3.17 - Starting to pull image
2025-01-27 17:04:13,324 INFO tc.alpine:3.17 - Pulling image layers:  0 pending,  0 downloaded,  0 extracted, (0 bytes/0 bytes)
2025-01-27 17:04:13,567 INFO tc.alpine:3.17 - Pulling image layers:  0 pending,  1 downloaded,  0 extracted, (33 KB/3 MB)
2025-01-27 17:04:13,664 INFO tc.alpine:3.17 - Pulling image layers:  0 pending,  1 downloaded,  1 extracted, (3 MB/3 MB)
2025-01-27 17:04:13,671 INFO tc.alpine:3.17 - Image alpine:3.17 pull took PT0.579885039S
2025-01-27 17:04:14,219 INFO t.localhost/testcontainers/dtzzvoasjxwr8hjj:latest - Container localhost/testcontainers/dtzzvoasjxwr8hjj:latest is starting: 774b1d029c41377a0f7d1e34e2515d7fcff596ac0fb20257f11098c4a9cbe29f
2025-01-27 17:04:14,563 INFO c.h.h.t.HelmChartContainer - [K3S] [INFO] Starting k3s v1.32.0+k3s1 (cca8faca)
2025-01-27 17:04:14,566 INFO c.h.h.t.HelmChartContainer - [K3S] [INFO] Configuring sqlite3 database connection pooling: maxIdleConns=2, maxOpenConns=0, connMaxLifetime=0s
2025-01-27 17:04:14,566 INFO c.h.h.t.HelmChartContainer - [K3S] [INFO] Configuring database table schema and indexes, this may take a moment...
2025-01-27 17:04:14,569 INFO c.h.h.t.HelmChartContainer - [K3S] [INFO] Database tables and indexes are up to date
2025-01-27 17:04:14,572 INFO c.h.h.t.HelmChartContainer - [K3S] [INFO] Kine available at unix://kine.sock
2025-01-27 17:04:14,671 INFO c.h.h.t.HelmChartContainer - [K3S] [INFO] Saving cluster bootstrap data to datastore
2025-01-27 17:04:14,672 INFO c.h.h.t.HelmChartContainer - [K3S] [WARNING] dynamiclistener [::]:6443: no cached certificate available for preload - deferring certificate load until storage initialization or first client request
2025-01-27 17:04:14,672 INFO c.h.h.t.HelmChartContainer - [K3S] [INFO] Active TLS secret / (ver=) (count 10): map[listener.cattle.io/cn-10.43.0.1:10.43.0.1 listener.cattle.io/cn-127.0.0.1:127.0.0.1 listener.cattle.io/cn-172.18.0.2:172.18.0.2 listener.cattle.io/cn-774b1d029c41:774b1d029c41 listener.cattle.io/cn-__1-f16284:::1 listener.cattle.io/cn-kubernetes:kubernetes listener.cattle.io/cn-kubernetes.default:kubernetes.default listener.cattle.io/cn-kubernetes.default.svc:kubernetes.default.svc listener.cattle.io/cn-kubernetes.default.svc.cluster.local:kubernetes.default.svc.cluster.local listener.cattle.io/cn-localhost:localhost listener.cattle.io/fingerprint:SHA1=DD304F9C1F3F6F4820E77D8F050772D2587F562F]
2025-01-27 17:04:14,834 INFO c.h.h.t.HelmChartContainer - [K3S] [INFO] Running kube-apiserver --advertise-port=6443 --allow-privileged=true --anonymous-auth=false --api-audiences=https://kubernetes.default.svc.cluster.local,k3s --authorization-mode=Node,RBAC --bind-address=127.0.0.1 --cert-dir=/var/lib/rancher/k3s/server/tls/temporary-certs --client-ca-file=/var/lib/rancher/k3s/server/tls/client-ca.crt --egress-selector-config-file=/var/lib/rancher/k3s/server/etc/egress-selector-config.yaml --enable-admission-plugins=NodeRestriction --enable-aggregator-routing=true --enable-bootstrap-token-auth=true --etcd-compaction-interval=0s --etcd-servers=unix://kine.sock --kubelet-certificate-authority=/var/lib/rancher/k3s/server/tls/server-ca.crt --kubelet-client-certificate=/var/lib/rancher/k3s/server/tls/client-kube-apiserver.crt --kubelet-client-key=/var/lib/rancher/k3s/server/tls/client-kube-apiserver.key --kubelet-preferred-address-types=InternalIP,ExternalIP,Hostname --profiling=false --proxy-client-cert-file=/var/lib/rancher/k3s/server/tls/client-auth-proxy.crt --proxy-client-key-file=/var/lib/rancher/k3s/server/tls/client-auth-proxy.key --requestheader-allowed-names=system:auth-proxy --requestheader-client-ca-file=/var/lib/rancher/k3s/server/tls/request-header-ca.crt --requestheader-extra-headers-prefix=X-Remote-Extra- --requestheader-group-headers=X-Remote-Group --requestheader-username-headers=X-Remote-User --secure-port=6444 --service-account-issuer=https://kubernetes.default.svc.cluster.local --service-account-key-file=/var/lib/rancher/k3s/server/tls/service.key --service-account-signing-key-file=/var/lib/rancher/k3s/server/tls/service.current.key --service-cluster-ip-range=10.43.0.0/16 --service-node-port-range=30000-32767 --storage-backend=etcd3 --tls-cert-file=/var/lib/rancher/k3s/server/tls/serving-kube-apiserver.crt --tls-cipher-suites=TLS_ECDHE_ECDSA_WITH_AES_256_GCM_SHA384,TLS_ECDHE_RSA_WITH_AES_256_GCM_SHA384,TLS_ECDHE_ECDSA_WITH_AES_128_GCM_SHA256,TLS_ECDHE_RSA_WITH_AES_128_GCM_SHA256,TLS_ECDHE_ECDSA_WITH_CHACHA20_POLY1305,TLS_ECDHE_RSA_WITH_CHACHA20_POLY1305 --tls-private-key-file=/var/lib/rancher/k3s/server/tls/serving-kube-apiserver.key
2025-01-27 17:04:14,835 INFO c.h.h.t.HelmChartContainer - [K3S] [INFO] Running kube-scheduler --authentication-kubeconfig=/var/lib/rancher/k3s/server/cred/scheduler.kubeconfig --authorization-kubeconfig=/var/lib/rancher/k3s/server/cred/scheduler.kubeconfig --bind-address=127.0.0.1 --kubeconfig=/var/lib/rancher/k3s/server/cred/scheduler.kubeconfig --leader-elect=false --profiling=false --secure-port=10259
2025-01-27 17:04:14,836 INFO c.h.h.t.HelmChartContainer - [K3S] [registry.go:256] calling componentGlobalsRegistry.AddFlags more than once, the registry will be set by the latest flags
2025-01-27 17:04:14,836 INFO c.h.h.t.HelmChartContainer - [K3S] [INFO] Waiting for API server to become available
2025-01-27 17:04:14,837 INFO c.h.h.t.HelmChartContainer - [K3S] [INFO] Running kube-controller-manager --allocate-node-cidrs=true --authentication-kubeconfig=/var/lib/rancher/k3s/server/cred/controller.kubeconfig --authorization-kubeconfig=/var/lib/rancher/k3s/server/cred/controller.kubeconfig --bind-address=127.0.0.1 --cluster-cidr=10.42.0.0/16 --cluster-signing-kube-apiserver-client-cert-file=/var/lib/rancher/k3s/server/tls/client-ca.nochain.crt --cluster-signing-kube-apiserver-client-key-file=/var/lib/rancher/k3s/server/tls/client-ca.key --cluster-signing-kubelet-client-cert-file=/var/lib/rancher/k3s/server/tls/client-ca.nochain.crt --cluster-signing-kubelet-client-key-file=/var/lib/rancher/k3s/server/tls/client-ca.key --cluster-signing-kubelet-serving-cert-file=/var/lib/rancher/k3s/server/tls/server-ca.nochain.crt --cluster-signing-kubelet-serving-key-file=/var/lib/rancher/k3s/server/tls/server-ca.key --cluster-signing-legacy-unknown-cert-file=/var/lib/rancher/k3s/server/tls/server-ca.nochain.crt --cluster-signing-legacy-unknown-key-file=/var/lib/rancher/k3s/server/tls/server-ca.key --configure-cloud-routes=false --controllers=*,tokencleaner,-service,-route,-cloud-node-lifecycle --kubeconfig=/var/lib/rancher/k3s/server/cred/controller.kubeconfig --leader-elect=false --profiling=false --root-ca-file=/var/lib/rancher/k3s/server/tls/server-ca.crt --secure-port=10257 --service-account-private-key-file=/var/lib/rancher/k3s/server/tls/service.current.key --service-cluster-ip-range=10.43.0.0/16 --use-service-account-credentials=true
2025-01-27 17:04:14,837 INFO c.h.h.t.HelmChartContainer - [K3S] [options.go:299] unable to set WatchListClient feature gate, err: cannot override default for feature "WatchListClient": gates already added to a flag set
2025-01-27 17:04:14,838 INFO c.h.h.t.HelmChartContainer - [K3S] [registry.go:256] calling componentGlobalsRegistry.AddFlags more than once, the registry will be set by the latest flags
2025-01-27 17:04:14,838 INFO c.h.h.t.HelmChartContainer - [K3S] [INFO] Running cloud-controller-manager --allocate-node-cidrs=true --authentication-kubeconfig=/var/lib/rancher/k3s/server/cred/cloud-controller.kubeconfig --authorization-kubeconfig=/var/lib/rancher/k3s/server/cred/cloud-controller.kubeconfig --bind-address=127.0.0.1 --cloud-config=/var/lib/rancher/k3s/server/etc/cloud-config.yaml --cloud-provider=k3s --cluster-cidr=10.42.0.0/16 --configure-cloud-routes=false --controllers=*,-route --kubeconfig=/var/lib/rancher/k3s/server/cred/cloud-controller.kubeconfig --leader-elect=false --leader-elect-resource-name=k3s-cloud-controller-manager --node-status-update-frequency=1m0s --profiling=false
2025-01-27 17:04:14,838 INFO c.h.h.t.HelmChartContainer - [K3S] [INFO] Server node token is available at /var/lib/rancher/k3s/server/token
2025-01-27 17:04:14,840 INFO c.h.h.t.HelmChartContainer - [K3S] [INFO] To join server node to cluster: k3s server -s https://172.18.0.2:6443 -t ${SERVER_NODE_TOKEN}
2025-01-27 17:04:14,840 INFO c.h.h.t.HelmChartContainer - [K3S] [INFO] Agent node token is available at /var/lib/rancher/k3s/server/agent-token
2025-01-27 17:04:14,840 INFO c.h.h.t.HelmChartContainer - [K3S] [registry.go:256] calling componentGlobalsRegistry.AddFlags more than once, the registry will be set by the latest flags
2025-01-27 17:04:14,840 INFO c.h.h.t.HelmChartContainer - [K3S] [options.go:238] external host was not specified, using 172.18.0.2
2025-01-27 17:04:14,840 INFO c.h.h.t.HelmChartContainer - [K3S] [INFO] To join agent node to cluster: k3s agent -s https://172.18.0.2:6443 -t ${AGENT_NODE_TOKEN}
2025-01-27 17:04:14,841 INFO c.h.h.t.HelmChartContainer - [K3S] [INFO] Wrote kubeconfig /etc/rancher/k3s/k3s.yaml
2025-01-27 17:04:14,841 INFO c.h.h.t.HelmChartContainer - [K3S] [INFO] Run: k3s kubectl
2025-01-27 17:04:14,841 INFO c.h.h.t.HelmChartContainer - [K3S] [server.go:151] Version: v1.32.0+k3s1
2025-01-27 17:04:14,841 INFO c.h.h.t.HelmChartContainer - [K3S] [server.go:153] "Golang settings" GOGC="" GOMAXPROCS="" GOTRACEBACK=""
2025-01-27 17:04:15,133 INFO c.h.h.t.HelmChartContainer - [K3S] [plugins.go:157] Loaded 13 mutating admission controller(s) successfully in the following order: NamespaceLifecycle,LimitRanger,ServiceAccount,NodeRestriction,TaintNodesByCondition,Priority,DefaultTolerationSeconds,DefaultStorageClass,StorageObjectInUseProtection,RuntimeClass,DefaultIngressClass,MutatingAdmissionPolicy,MutatingAdmissionWebhook.
2025-01-27 17:04:15,134 INFO c.h.h.t.HelmChartContainer - [K3S] [plugins.go:160] Loaded 13 validating admission controller(s) successfully in the following order: LimitRanger,ServiceAccount,PodSecurity,Priority,PersistentVolumeClaimResize,RuntimeClass,CertificateApproval,CertificateSigning,ClusterTrustBundleAttest,CertificateSubjectRestriction,ValidatingAdmissionPolicy,ValidatingAdmissionWebhook,ResourceQuota.
2025-01-27 17:04:15,134 INFO c.h.h.t.HelmChartContainer - [K3S] [instance.go:233] Using reconciler: lease
2025-01-27 17:04:15,200 INFO c.h.h.t.HelmChartContainer - [K3S] [apis.go:106] API group "internal.apiserver.k8s.io" is not enabled, skipping.
2025-01-27 17:04:15,242 INFO c.h.h.t.HelmChartContainer - [K3S] [apis.go:106] API group "storagemigration.k8s.io" is not enabled, skipping.
2025-01-27 17:04:15,271 INFO c.h.h.t.HelmChartContainer - [K3S] [apis.go:106] API group "resource.k8s.io" is not enabled, skipping.
2025-01-27 17:04:15,462 INFO c.h.h.t.HelmChartContainer - [K3S] [INFO] Password verified locally for node 774b1d029c41
2025-01-27 17:04:15,591 INFO c.h.h.t.HelmChartContainer - [K3S] [dynamic_cafile_content.go:161] "Starting controller" name="client-ca-bundle::/var/lib/rancher/k3s/server/tls/client-ca.crt"
2025-01-27 17:04:15,592 INFO c.h.h.t.HelmChartContainer - [K3S] [dynamic_cafile_content.go:161] "Starting controller" name="request-header::/var/lib/rancher/k3s/server/tls/request-header-ca.crt"
2025-01-27 17:04:15,593 INFO c.h.h.t.HelmChartContainer - [K3S] [secure_serving.go:213] Serving securely on 127.0.0.1:6444
2025-01-27 17:04:15,593 INFO c.h.h.t.HelmChartContainer - [K3S] [aggregator.go:169] waiting for initial CRD sync...
2025-01-27 17:04:15,594 INFO c.h.h.t.HelmChartContainer - [K3S] [cluster_authentication_trust_controller.go:462] Starting cluster_authentication_trust_controller controller
2025-01-27 17:04:15,594 INFO c.h.h.t.HelmChartContainer - [K3S] [controller.go:78] Starting OpenAPI AggregationController
2025-01-27 17:04:15,594 INFO c.h.h.t.HelmChartContainer - [K3S] [dynamic_serving_content.go:135] "Starting controller" name="serving-cert::/var/lib/rancher/k3s/server/tls/serving-kube-apiserver.crt::/var/lib/rancher/k3s/server/tls/serving-kube-apiserver.key"
2025-01-27 17:04:15,594 INFO c.h.h.t.HelmChartContainer - [K3S] [tlsconfig.go:243] "Starting DynamicServingCertificateController"
2025-01-27 17:04:15,594 INFO c.h.h.t.HelmChartContainer - [K3S] [system_namespaces_controller.go:66] Starting system namespaces controller
2025-01-27 17:04:15,594 INFO c.h.h.t.HelmChartContainer - [K3S] [customresource_discovery_controller.go:292] Starting DiscoveryController
2025-01-27 17:04:15,594 INFO c.h.h.t.HelmChartContainer - [K3S] [apf_controller.go:377] Starting API Priority and Fairness config controller
2025-01-27 17:04:15,594 INFO c.h.h.t.HelmChartContainer - [K3S] [apiservice_controller.go:100] Starting APIServiceRegistrationController
2025-01-27 17:04:15,596 INFO c.h.h.t.HelmChartContainer - [K3S] [gc_controller.go:78] Starting apiserver lease garbage collector
2025-01-27 17:04:15,596 INFO c.h.h.t.HelmChartContainer - [K3S] [controller.go:80] Starting OpenAPI V3 AggregationController
2025-01-27 17:04:15,596 INFO c.h.h.t.HelmChartContainer - [K3S] [dynamic_serving_content.go:135] "Starting controller" name="aggregator-proxy-cert::/var/lib/rancher/k3s/server/tls/client-auth-proxy.crt::/var/lib/rancher/k3s/server/tls/client-auth-proxy.key"
2025-01-27 17:04:15,596 INFO c.h.h.t.HelmChartContainer - [K3S] [local_available_controller.go:156] Starting LocalAvailability controller
2025-01-27 17:04:15,596 INFO c.h.h.t.HelmChartContainer - [K3S] [remote_available_controller.go:411] Starting RemoteAvailability controller
2025-01-27 17:04:15,597 INFO c.h.h.t.HelmChartContainer - [K3S] [controller.go:119] Starting legacy_token_tracking_controller
2025-01-27 17:04:15,597 INFO c.h.h.t.HelmChartContainer - [K3S] [crdregistration_controller.go:114] Starting crd-autoregister controller
2025-01-27 17:04:15,597 INFO c.h.h.t.HelmChartContainer - [K3S] [dynamic_cafile_content.go:161] "Starting controller" name="client-ca-bundle::/var/lib/rancher/k3s/server/tls/client-ca.crt"
2025-01-27 17:04:15,597 INFO c.h.h.t.HelmChartContainer - [K3S] [dynamic_cafile_content.go:161] "Starting controller" name="request-header::/var/lib/rancher/k3s/server/tls/request-header-ca.crt"
2025-01-27 17:04:15,597 INFO c.h.h.t.HelmChartContainer - [K3S] [controller.go:142] Starting OpenAPI controller
2025-01-27 17:04:15,597 INFO c.h.h.t.HelmChartContainer - [K3S] [controller.go:90] Starting OpenAPI V3 controller
2025-01-27 17:04:15,597 INFO c.h.h.t.HelmChartContainer - [K3S] [naming_controller.go:294] Starting NamingConditionController
2025-01-27 17:04:15,597 INFO c.h.h.t.HelmChartContainer - [K3S] [establishing_controller.go:81] Starting EstablishingController
2025-01-27 17:04:15,597 INFO c.h.h.t.HelmChartContainer - [K3S] [nonstructuralschema_controller.go:195] Starting NonStructuralSchemaConditionController
2025-01-27 17:04:15,597 INFO c.h.h.t.HelmChartContainer - [K3S] [apiapproval_controller.go:189] Starting KubernetesAPIApprovalPolicyConformantConditionController
2025-01-27 17:04:15,597 INFO c.h.h.t.HelmChartContainer - [K3S] [crd_finalizer.go:269] Starting CRDFinalizer
2025-01-27 17:04:15,644 INFO c.h.h.t.HelmChartContainer - [K3S] [policy_source.go:240] refreshing policies
2025-01-27 17:04:15,693 INFO c.h.h.t.HelmChartContainer - [K3S] [apf_controller.go:382] Running API Priority and Fairness config worker
2025-01-27 17:04:15,694 INFO c.h.h.t.HelmChartContainer - [K3S] [apf_controller.go:385] Running API Priority and Fairness periodic rebalancing process
2025-01-27 17:04:15,694 INFO c.h.h.t.HelmChartContainer - [K3S] [handler_discovery.go:451] Starting ResourceDiscoveryManager
2025-01-27 17:04:15,694 INFO c.h.h.t.HelmChartContainer - [K3S] [aggregator.go:171] initial CRD sync complete...
2025-01-27 17:04:15,694 INFO c.h.h.t.HelmChartContainer - [K3S] [autoregister_controller.go:144] Starting autoregister controller
2025-01-27 17:04:15,750 INFO c.h.h.t.HelmChartContainer - [K3S] [controller.go:95] Unable to perform initial Kubernetes service initialization: namespaces "default" not found
2025-01-27 17:04:16,007 INFO c.h.h.t.HelmChartContainer - [K3S] [WARNING] Host resolv.conf includes loopback or multicast nameservers - kubelet will use autogenerated resolv.conf with nameserver 8.8.8.8
2025-01-27 17:04:16,023 INFO c.h.h.t.HelmChartContainer - [K3S] [INFO] Module overlay was already loaded
2025-01-27 17:04:16,024 INFO c.h.h.t.HelmChartContainer - [K3S] [INFO] Module nf_conntrack was already loaded
2025-01-27 17:04:16,024 INFO c.h.h.t.HelmChartContainer - [K3S] [INFO] Module br_netfilter was already loaded
2025-01-27 17:04:16,028 INFO c.h.h.t.HelmChartContainer - [K3S] [INFO] Set sysctl 'net/netfilter/nf_conntrack_tcp_timeout_established' to 86400
2025-01-27 17:04:16,028 INFO c.h.h.t.HelmChartContainer - [K3S] [INFO] Set sysctl 'net/netfilter/nf_conntrack_tcp_timeout_close_wait' to 3600
2025-01-27 17:04:16,029 INFO c.h.h.t.HelmChartContainer - [K3S] [INFO] Set sysctl 'net/netfilter/nf_conntrack_max' to 131072
2025-01-27 17:04:16,030 INFO c.h.h.t.HelmChartContainer - [K3S] [INFO] Logging containerd to /var/lib/rancher/k3s/agent/containerd/containerd.log
2025-01-27 17:04:16,031 INFO c.h.h.t.HelmChartContainer - [K3S] [INFO] Running containerd -c /var/lib/rancher/k3s/agent/etc/containerd/config.toml -a /run/k3s/containerd/containerd.sock --state /run/k3s/containerd --root /var/lib/rancher/k3s/agent/containerd
2025-01-27 17:04:16,596 INFO c.h.h.t.HelmChartContainer - [K3S] [storage_scheduling.go:95] created PriorityClass system-node-critical with value 2000001000
2025-01-27 17:04:16,599 INFO c.h.h.t.HelmChartContainer - [K3S] [storage_scheduling.go:95] created PriorityClass system-cluster-critical with value 2000000000
2025-01-27 17:04:16,600 INFO c.h.h.t.HelmChartContainer - [K3S] [storage_scheduling.go:111] all system priority classes are created successfully or already exist.
2025-01-27 17:04:16,956 INFO c.h.h.t.HelmChartContainer - [K3S] [alloc.go:330] "allocated clusterIPs" service="default/kubernetes" clusterIPs={"IPv4":"10.43.0.1"}
2025-01-27 17:04:16,960 INFO c.h.h.t.HelmChartContainer - [K3S] [lease.go:265] Resetting endpoints for master service "kubernetes" to [172.18.0.2]
2025-01-27 17:04:17,034 INFO c.h.h.t.HelmChartContainer - [K3S] [INFO] containerd is now running
2025-01-27 17:04:17,035 INFO c.h.h.t.HelmChartContainer - [K3S] [INFO] Connecting to proxy" url="wss://127.0.0.1:6443/v1-k3s/connect
2025-01-27 17:04:17,036 INFO c.h.h.t.HelmChartContainer - [K3S] [INFO] Creating k3s-cert-monitor event broadcaster
2025-01-27 17:04:17,038 INFO c.h.h.t.HelmChartContainer - [K3S] [INFO] Handling backend connection request [774b1d029c41]
2025-01-27 17:04:17,038 INFO c.h.h.t.HelmChartContainer - [K3S] [INFO] Running kubelet --cloud-provider=external --config-dir=/var/lib/rancher/k3s/agent/etc/kubelet.conf.d --containerd=/run/k3s/containerd/containerd.sock --hostname-override=774b1d029c41 --kubeconfig=/var/lib/rancher/k3s/agent/kubelet.kubeconfig --node-ip=172.18.0.2 --node-labels=
2025-01-27 17:04:17,038 INFO c.h.h.t.HelmChartContainer - [K3S] [INFO] Remotedialer connected to proxy" url="wss://127.0.0.1:6443/v1-k3s/connect
2025-01-27 17:04:17,042 INFO c.h.h.t.HelmChartContainer - [K3S] Flag --containerd has been deprecated, This is a cadvisor flag that was mistakenly registered with the Kubelet. Due to legacy concerns, it will follow the standard CLI deprecation timeline before being removed.
2025-01-27 17:04:17,047 INFO c.h.h.t.HelmChartContainer - [K3S] [server.go:515] "Kubelet version" kubeletVersion="v1.32.0+k3s1"
2025-01-27 17:04:17,047 INFO c.h.h.t.HelmChartContainer - [K3S] [server.go:517] "Golang settings" GOGC="" GOMAXPROCS="" GOTRACEBACK=""
2025-01-27 17:04:17,049 INFO c.h.h.t.HelmChartContainer - [K3S] [dynamic_cafile_content.go:161] "Starting controller" name="client-ca-bundle::/var/lib/rancher/k3s/agent/client-ca.crt"
2025-01-27 17:04:17,051 INFO c.h.h.t.HelmChartContainer - [K3S] [log.go:32] "RuntimeConfig from runtime service failed" err="rpc error: code = Unimplemented desc = method RuntimeConfig not implemented"
2025-01-27 17:04:17,051 INFO c.h.h.t.HelmChartContainer - [K3S] [server.go:1416] "CRI implementation should be updated to support RuntimeConfig when KubeletCgroupDriverFromCRI feature gate has been enabled. Falling back to using cgroupDriver from kubelet config."
2025-01-27 17:04:17,054 INFO c.h.h.t.HelmChartContainer - [K3S] [info.go:53] Couldn't collect info from any of the files in "/etc/machine-id,/var/lib/dbus/machine-id"
2025-01-27 17:04:17,055 INFO c.h.h.t.HelmChartContainer - [K3S] [server.go:767] "--cgroups-per-qos enabled, but --cgroup-root was not specified.  defaulting to /"
2025-01-27 17:04:17,055 INFO c.h.h.t.HelmChartContainer - [K3S] [server.go:836] "NoSwap is set due to memorySwapBehavior not specified" memorySwapBehavior="" FailSwapOn=false
2025-01-27 17:04:17,055 INFO c.h.h.t.HelmChartContainer - [K3S] [swap_util.go:115] "Swap is on" /proc/swaps contents=<
2025-01-27 17:04:17,056 INFO c.h.h.t.HelmChartContainer - [K3S] 	Filename				Type		Size		Used		Priority
2025-01-27 17:04:17,056 INFO c.h.h.t.HelmChartContainer - [K3S] 	/mnt/swapfile                           file		4194300		0		-2
2025-01-27 17:04:17,056 INFO c.h.h.t.HelmChartContainer - [K3S]  >
2025-01-27 17:04:17,056 INFO c.h.h.t.HelmChartContainer - [K3S] [container_manager_linux.go:268] "Container manager verified user specified cgroup-root exists" cgroupRoot=[]
2025-01-27 17:04:17,057 INFO c.h.h.t.HelmChartContainer - [K3S] [container_manager_linux.go:273] "Creating Container Manager object based on Node Config" nodeConfig={"NodeName":"774b1d029c41","RuntimeCgroupsName":"","SystemCgroupsName":"","KubeletCgroupsName":"/k3s","KubeletOOMScoreAdj":-999,"ContainerRuntime":"","CgroupsPerQOS":true,"CgroupRoot":"/","CgroupDriver":"cgroupfs","KubeletRootDir":"/var/lib/kubelet","ProtectKernelDefaults":false,"KubeReservedCgroupName":"","SystemReservedCgroupName":"","ReservedSystemCPUs":{},"EnforceNodeAllocatable":{"pods":{}},"KubeReserved":null,"SystemReserved":null,"HardEvictionThresholds":[{"Signal":"imagefs.available","Operator":"LessThan","Value":{"Quantity":null,"Percentage":0.05},"GracePeriod":0,"MinReclaim":null},{"Signal":"nodefs.available","Operator":"LessThan","Value":{"Quantity":null,"Percentage":0.05},"GracePeriod":0,"MinReclaim":null}],"QOSReserved":{},"CPUManagerPolicy":"none","CPUManagerPolicyOptions":null,"TopologyManagerScope":"container","CPUManagerReconcilePeriod":10000000000,"ExperimentalMemoryManagerPolicy":"None","ExperimentalMemoryManagerReservedMemory":null,"PodPidsLimit":-1,"EnforceCPULimits":true,"CPUCFSQuotaPeriod":100000000,"TopologyManagerPolicy":"none","TopologyManagerPolicyOptions":null,"CgroupVersion":2}
2025-01-27 17:04:17,057 INFO c.h.h.t.HelmChartContainer - [K3S] [topology_manager.go:138] "Creating topology manager with none policy"
2025-01-27 17:04:17,057 INFO c.h.h.t.HelmChartContainer - [K3S] [container_manager_linux.go:304] "Creating device plugin manager"
2025-01-27 17:04:17,057 INFO c.h.h.t.HelmChartContainer - [K3S] [state_mem.go:36] "Initialized new in-memory state store"
2025-01-27 17:04:17,057 INFO c.h.h.t.HelmChartContainer - [K3S] [kubelet.go:446] "Attempting to sync node with API server"
2025-01-27 17:04:17,057 INFO c.h.h.t.HelmChartContainer - [K3S] [kubelet.go:341] "Adding static pod path" path="/var/lib/rancher/k3s/agent/pod-manifests"
2025-01-27 17:04:17,057 INFO c.h.h.t.HelmChartContainer - [K3S] [kubelet.go:352] "Adding apiserver pod source"
2025-01-27 17:04:17,057 INFO c.h.h.t.HelmChartContainer - [K3S] [apiserver.go:42] "Waiting for node sync before watching apiserver pods"
2025-01-27 17:04:17,059 INFO c.h.h.t.HelmChartContainer - [K3S] [apiserver.go:52] "Watching apiserver"
2025-01-27 17:04:17,061 INFO c.h.h.t.HelmChartContainer - [K3S] [kuberuntime_manager.go:269] "Container runtime initialized" containerRuntime="containerd" version="v1.7.23-k3s2" apiVersion="v1"
2025-01-27 17:04:17,061 INFO c.h.h.t.HelmChartContainer - [K3S] [kubelet.go:890] "Not starting ClusterTrustBundle informer because we are in static kubelet mode"
2025-01-27 17:04:17,061 INFO c.h.h.t.HelmChartContainer - [K3S] [probe.go:272] Flexvolume plugin directory at /usr/libexec/kubernetes/kubelet-plugins/volume/exec/ does not exist. Recreating.
2025-01-27 17:04:17,064 INFO c.h.h.t.HelmChartContainer - [K3S] [watchdog_linux.go:99] "Systemd watchdog is not enabled"
2025-01-27 17:04:17,064 INFO c.h.h.t.HelmChartContainer - [K3S] [server.go:1282] "Started kubelet"
2025-01-27 17:04:17,064 INFO c.h.h.t.HelmChartContainer - [K3S] [server.go:208] "Starting to listen read-only" address="0.0.0.0" port=10255
2025-01-27 17:04:17,064 INFO c.h.h.t.HelmChartContainer - [K3S] [ratelimit.go:55] "Setting rate limiting for endpoint" service="podresources" qps=100 burstTokens=10
2025-01-27 17:04:17,064 INFO c.h.h.t.HelmChartContainer - [K3S] [server.go:243] "Starting to serve the podresources API" endpoint="unix:/var/lib/kubelet/pod-resources/kubelet.sock"
2025-01-27 17:04:17,068 INFO c.h.h.t.HelmChartContainer - [K3S] [server.go:169] "Starting to listen" address="0.0.0.0" port=10250
2025-01-27 17:04:17,068 INFO c.h.h.t.HelmChartContainer - [K3S] [fs_resource_analyzer.go:67] "Starting FS ResourceAnalyzer"
2025-01-27 17:04:17,068 INFO c.h.h.t.HelmChartContainer - [K3S] [server.go:490] "Adding debug handlers to kubelet server"
2025-01-27 17:04:17,069 INFO c.h.h.t.HelmChartContainer - [K3S] [kubelet.go:1561] "Image garbage collection failed once. Stats initialization may not have completed yet" err="invalid capacity 0 on image filesystem"
2025-01-27 17:04:17,069 INFO c.h.h.t.HelmChartContainer - [K3S] [dynamic_serving_content.go:135] "Starting controller" name="kubelet-server-cert-files::/var/lib/rancher/k3s/agent/serving-kubelet.crt::/var/lib/rancher/k3s/agent/serving-kubelet.key"
2025-01-27 17:04:17,073 INFO c.h.h.t.HelmChartContainer - [K3S] [kubelet_node_status.go:467] "Error getting the current node from lister" err="node \"774b1d029c41\" not found"
2025-01-27 17:04:17,075 INFO c.h.h.t.HelmChartContainer - [K3S] [volume_manager.go:297] "Starting Kubelet Volume Manager"
2025-01-27 17:04:17,075 INFO c.h.h.t.HelmChartContainer - [K3S] [desired_state_of_world_populator.go:149] "Desired state populator starts to run"
2025-01-27 17:04:17,075 INFO c.h.h.t.HelmChartContainer - [K3S] [reconciler.go:26] "Reconciler: start to sync state"
2025-01-27 17:04:17,076 INFO c.h.h.t.HelmChartContainer - [K3S] [factory.go:221] Registration of the systemd container factory successfully
2025-01-27 17:04:17,076 INFO c.h.h.t.HelmChartContainer - [K3S] [factory.go:219] Registration of the crio container factory failed: Get "http://%2Fvar%2Frun%2Fcrio%2Fcrio.sock/info": dial unix /var/run/crio/crio.sock: connect: no such file or directory
2025-01-27 17:04:17,079 INFO c.h.h.t.HelmChartContainer - [K3S] [factory.go:221] Registration of the containerd container factory successfully
2025-01-27 17:04:17,083 INFO c.h.h.t.HelmChartContainer - [K3S] [nodelease.go:49] "Failed to get node when trying to set owner ref to the node lease" err="nodes \"774b1d029c41\" not found" node="774b1d029c41"
2025-01-27 17:04:17,101 INFO c.h.h.t.HelmChartContainer - [K3S] [cpu_manager.go:221] "Starting CPU manager" policy="none"
2025-01-27 17:04:17,101 INFO c.h.h.t.HelmChartContainer - [K3S] [cpu_manager.go:222] "Reconciling" reconcilePeriod="10s"
2025-01-27 17:04:17,102 INFO c.h.h.t.HelmChartContainer - [K3S] [state_mem.go:36] "Initialized new in-memory state store"
2025-01-27 17:04:17,104 INFO c.h.h.t.HelmChartContainer - [K3S] [policy_none.go:49] "None policy: Start"
2025-01-27 17:04:17,104 INFO c.h.h.t.HelmChartContainer - [K3S] [memory_manager.go:186] "Starting memorymanager" policy="None"
2025-01-27 17:04:17,104 INFO c.h.h.t.HelmChartContainer - [K3S] [state_mem.go:35] "Initializing new in-memory state store"
2025-01-27 17:04:17,109 INFO c.h.h.t.HelmChartContainer - [K3S] [manager.go:519] "Failed to read data from checkpoint" checkpoint="kubelet_internal_checkpoint" err="checkpoint is not found"
2025-01-27 17:04:17,109 INFO c.h.h.t.HelmChartContainer - [K3S] [eviction_manager.go:189] "Eviction manager: starting control loop"
2025-01-27 17:04:17,109 INFO c.h.h.t.HelmChartContainer - [K3S] [container_log_manager.go:189] "Initializing container log rotate workers" workers=1 monitorPeriod="10s"
2025-01-27 17:04:17,116 INFO c.h.h.t.HelmChartContainer - [K3S] [plugin_manager.go:118] "Starting Kubelet Plugin Manager"
2025-01-27 17:04:17,116 INFO c.h.h.t.HelmChartContainer - [K3S] [eviction_manager.go:267] "eviction manager: failed to check if we have separate container filesystem. Ignoring." err="no imagefs label for configured runtime"
2025-01-27 17:04:17,116 INFO c.h.h.t.HelmChartContainer - [K3S] [eviction_manager.go:292] "Eviction manager: failed to get summary stats" err="failed to get node info: node \"774b1d029c41\" not found"
2025-01-27 17:04:17,123 INFO c.h.h.t.HelmChartContainer - [K3S] [kubelet_network_linux.go:50] "Initialized iptables rules." protocol="IPv4"
2025-01-27 17:04:17,125 INFO c.h.h.t.HelmChartContainer - [K3S] [kubelet_network_linux.go:50] "Initialized iptables rules." protocol="IPv6"
2025-01-27 17:04:17,125 INFO c.h.h.t.HelmChartContainer - [K3S] [status_manager.go:227] "Starting to sync pod status with apiserver"
2025-01-27 17:04:17,125 INFO c.h.h.t.HelmChartContainer - [K3S] [watchdog_linux.go:127] "Systemd watchdog is not enabled or the interval is invalid, so health checking will not be started."
2025-01-27 17:04:17,125 INFO c.h.h.t.HelmChartContainer - [K3S] [kubelet.go:2388] "Starting kubelet main sync loop"
2025-01-27 17:04:17,125 INFO c.h.h.t.HelmChartContainer - [K3S] [kubelet.go:2412] "Skipping pod synchronization" err="PLEG is not healthy: pleg has yet to be successful"
2025-01-27 17:04:17,148 INFO c.h.h.t.HelmChartContainer - [K3S] [ERROR] Sending HTTP/1.1 503 response to 127.0.0.1:51626: runtime core not ready
2025-01-27 17:04:17,210 INFO c.h.h.t.HelmChartContainer - [K3S] [kubelet_node_status.go:76] "Attempting to register node" node="774b1d029c41"
2025-01-27 17:04:17,215 INFO c.h.h.t.HelmChartContainer - [K3S] [kubelet_node_status.go:79] "Successfully registered node" node="774b1d029c41"
2025-01-27 17:04:17,218 INFO c.h.h.t.HelmChartContainer - [K3S] [INFO] Annotations and labels have been set successfully on node: 774b1d029c41
2025-01-27 17:04:17,220 INFO c.h.h.t.HelmChartContainer - [K3S] [INFO] Starting flannel with backend vxlan
2025-01-27 17:04:17,246 INFO c.h.h.t.HelmChartContainer - [K3S] [INFO] Running kube-proxy --cluster-cidr=10.42.0.0/16 --conntrack-max-per-core=0 --conntrack-tcp-timeout-close-wait=0s --conntrack-tcp-timeout-established=0s --healthz-bind-address=127.0.0.1 --hostname-override=774b1d029c41 --kubeconfig=/var/lib/rancher/k3s/agent/kubeproxy.kubeconfig --proxy-mode=iptables
2025-01-27 17:04:17,272 INFO c.h.h.t.HelmChartContainer - [K3S] [desired_state_of_world_populator.go:157] "Finished populating initial desired state of world"
2025-01-27 17:04:17,284 INFO c.h.h.t.HelmChartContainer - [K3S] [server.go:698] "Successfully retrieved node IP(s)" IPs=["172.18.0.2"]
2025-01-27 17:04:17,285 INFO c.h.h.t.HelmChartContainer - [K3S] [server.go:234] "Kube-proxy configuration may be incomplete or incorrect" err="nodePortAddresses is unset; NodePort connections will be accepted on all local IPs. Consider using `--nodeport-addresses primary`"
2025-01-27 17:04:17,288 INFO c.h.h.t.HelmChartContainer - [K3S] [server.go:243] "kube-proxy running in dual-stack mode" primary ipFamily="IPv4"
2025-01-27 17:04:17,288 INFO c.h.h.t.HelmChartContainer - [K3S] [server_linux.go:170] "Using iptables Proxier"
2025-01-27 17:04:17,289 INFO c.h.h.t.HelmChartContainer - [K3S] [proxier.go:255] "Setting route_localnet=1 to allow node-ports on localhost; to change this either disable iptables.localhostNodePorts (--iptables-localhost-nodeports) or set nodePortAddresses (--nodeport-addresses) to filter loopback addresses"
2025-01-27 17:04:17,292 INFO c.h.h.t.HelmChartContainer - [K3S] [server.go:497] "Version info" version="v1.32.0+k3s1"
2025-01-27 17:04:17,292 INFO c.h.h.t.HelmChartContainer - [K3S] [server.go:499] "Golang settings" GOGC="" GOMAXPROCS="" GOTRACEBACK=""
2025-01-27 17:04:17,294 INFO c.h.h.t.HelmChartContainer - [K3S] [config.go:199] "Starting service config controller"
2025-01-27 17:04:17,294 INFO c.h.h.t.HelmChartContainer - [K3S] [config.go:329] "Starting node config controller"
2025-01-27 17:04:17,294 INFO c.h.h.t.HelmChartContainer - [K3S] [config.go:105] "Starting endpoint slice config controller"
2025-01-27 17:04:17,520 INFO c.h.h.t.HelmChartContainer - [K3S] [kubelet_node_status.go:502] "Fast updating node status as it just became ready"
2025-01-27 17:04:17,842 INFO c.h.h.t.HelmChartContainer - [K3S] [INFO] Waiting for untainted node
2025-01-27 17:04:17,843 INFO c.h.h.t.HelmChartContainer - [K3S] [INFO] Kube API server is now running
2025-01-27 17:04:17,843 INFO c.h.h.t.HelmChartContainer - [K3S] [INFO] ETCD server is now running
2025-01-27 17:04:17,843 INFO c.h.h.t.HelmChartContainer - [K3S] [INFO] k3s is up and running
2025-01-27 17:04:17,843 INFO c.h.h.t.HelmChartContainer - [K3S] [INFO] Waiting for cloud-controller-manager privileges to become available
2025-01-27 17:04:17,843 INFO c.h.h.t.HelmChartContainer - [K3S] [INFO] Creating k3s-supervisor event broadcaster
2025-01-27 17:04:17,852 INFO c.h.h.t.HelmChartContainer - [K3S] [INFO] Applying CRD addons.k3s.cattle.io
2025-01-27 17:04:17,861 INFO c.h.h.t.HelmChartContainer - [K3S] [INFO] Applying CRD etcdsnapshotfiles.k3s.cattle.io
2025-01-27 17:04:17,872 INFO c.h.h.t.HelmChartContainer - [K3S] [INFO] Applying CRD helmcharts.helm.cattle.io
2025-01-27 17:04:17,885 INFO c.h.h.t.HelmChartContainer - [K3S] [INFO] Applying CRD helmchartconfigs.helm.cattle.io
2025-01-27 17:04:17,900 INFO c.h.h.t.HelmChartContainer - [K3S] [INFO] Waiting for CRD helmcharts.helm.cattle.io to become available
2025-01-27 17:04:18,223 INFO c.h.h.t.HelmChartContainer - [K3S] [serving.go:392] Generated self-signed cert in-memory
2025-01-27 17:04:18,403 INFO c.h.h.t.HelmChartContainer - [K3S] [INFO] Done waiting for CRD helmcharts.helm.cattle.io to become available
2025-01-27 17:04:18,403 INFO c.h.h.t.HelmChartContainer - [K3S] [INFO] Waiting for CRD helmchartconfigs.helm.cattle.io to become available
2025-01-27 17:04:18,545 INFO c.h.h.t.HelmChartContainer - [K3S] [controllermanager.go:185] "Starting" version="v1.32.0+k3s1"
2025-01-27 17:04:18,546 INFO c.h.h.t.HelmChartContainer - [K3S] [controllermanager.go:187] "Golang settings" GOGC="" GOMAXPROCS="" GOTRACEBACK=""
2025-01-27 17:04:18,549 INFO c.h.h.t.HelmChartContainer - [K3S] [requestheader_controller.go:180] Starting RequestHeaderAuthRequestController
2025-01-27 17:04:18,549 INFO c.h.h.t.HelmChartContainer - [K3S] [configmap_cafile_content.go:205] "Starting controller" name="client-ca::kube-system::extension-apiserver-authentication::requestheader-client-ca-file"
2025-01-27 17:04:18,549 INFO c.h.h.t.HelmChartContainer - [K3S] [configmap_cafile_content.go:205] "Starting controller" name="client-ca::kube-system::extension-apiserver-authentication::client-ca-file"
2025-01-27 17:04:18,549 INFO c.h.h.t.HelmChartContainer - [K3S] [secure_serving.go:213] Serving securely on 127.0.0.1:10257
2025-01-27 17:04:18,549 INFO c.h.h.t.HelmChartContainer - [K3S] [tlsconfig.go:243] "Starting DynamicServingCertificateController"
2025-01-27 17:04:18,552 INFO c.h.h.t.HelmChartContainer - [K3S] [controllermanager.go:765] "Started controller" controller="serviceaccount-token-controller"
2025-01-27 17:04:18,557 INFO c.h.h.t.HelmChartContainer - [K3S] [controllermanager.go:765] "Started controller" controller="ttl-controller"
2025-01-27 17:04:18,557 INFO c.h.h.t.HelmChartContainer - [K3S] [controllermanager.go:723] "Skipping a cloud provider controller" controller="node-route-controller"
2025-01-27 17:04:18,557 INFO c.h.h.t.HelmChartContainer - [K3S] [ttl_controller.go:127] "Starting TTL controller"
2025-01-27 17:04:18,562 INFO c.h.h.t.HelmChartContainer - [K3S] [controllermanager.go:765] "Started controller" controller="clusterrole-aggregation-controller"
2025-01-27 17:04:18,562 INFO c.h.h.t.HelmChartContainer - [K3S] [clusterroleaggregation_controller.go:194] "Starting ClusterRoleAggregator controller"
2025-01-27 17:04:18,567 INFO c.h.h.t.HelmChartContainer - [K3S] [controllermanager.go:765] "Started controller" controller="root-ca-certificate-publisher-controller"
2025-01-27 17:04:18,567 INFO c.h.h.t.HelmChartContainer - [K3S] [publisher.go:107] "Starting root CA cert publisher controller"
2025-01-27 17:04:18,572 INFO c.h.h.t.HelmChartContainer - [K3S] [controllermanager.go:765] "Started controller" controller="ephemeral-volume-controller"
2025-01-27 17:04:18,572 INFO c.h.h.t.HelmChartContainer - [K3S] [controllermanager.go:717] "Controller is disabled by a feature gate" controller="resourceclaim-controller" requiredFeatureGates=["DynamicResourceAllocation"]
2025-01-27 17:04:18,572 INFO c.h.h.t.HelmChartContainer - [K3S] [controller.go:173] "Starting ephemeral volume controller"
2025-01-27 17:04:18,577 INFO c.h.h.t.HelmChartContainer - [K3S] [controllermanager.go:765] "Started controller" controller="pod-garbage-collector-controller"
2025-01-27 17:04:18,578 INFO c.h.h.t.HelmChartContainer - [K3S] [gc_controller.go:99] "Starting GC controller"
2025-01-27 17:04:18,583 INFO c.h.h.t.HelmChartContainer - [K3S] [controllermanager.go:765] "Started controller" controller="certificatesigningrequest-cleaner-controller"
2025-01-27 17:04:18,583 INFO c.h.h.t.HelmChartContainer - [K3S] [cleaner.go:83] "Starting CSR cleaner controller"
2025-01-27 17:04:18,597 INFO c.h.h.t.HelmChartContainer - [K3S] [controllermanager.go:765] "Started controller" controller="validatingadmissionpolicy-status-controller"
2025-01-27 17:04:18,600 INFO c.h.h.t.HelmChartContainer - [K3S] [certificate_controller.go:120] "Starting certificate controller" name="csrsigning-kubelet-serving"
2025-01-27 17:04:18,600 INFO c.h.h.t.HelmChartContainer - [K3S] [dynamic_serving_content.go:135] "Starting controller" name="csr-controller::/var/lib/rancher/k3s/server/tls/server-ca.nochain.crt::/var/lib/rancher/k3s/server/tls/server-ca.key"
2025-01-27 17:04:18,600 INFO c.h.h.t.HelmChartContainer - [K3S] [certificate_controller.go:120] "Starting certificate controller" name="csrsigning-kubelet-client"
2025-01-27 17:04:18,600 INFO c.h.h.t.HelmChartContainer - [K3S] [dynamic_serving_content.go:135] "Starting controller" name="csr-controller::/var/lib/rancher/k3s/server/tls/client-ca.nochain.crt::/var/lib/rancher/k3s/server/tls/client-ca.key"
2025-01-27 17:04:18,600 INFO c.h.h.t.HelmChartContainer - [K3S] [certificate_controller.go:120] "Starting certificate controller" name="csrsigning-kube-apiserver-client"
2025-01-27 17:04:18,600 INFO c.h.h.t.HelmChartContainer - [K3S] [dynamic_serving_content.go:135] "Starting controller" name="csr-controller::/var/lib/rancher/k3s/server/tls/client-ca.nochain.crt::/var/lib/rancher/k3s/server/tls/client-ca.key"
2025-01-27 17:04:18,600 INFO c.h.h.t.HelmChartContainer - [K3S] [controllermanager.go:765] "Started controller" controller="certificatesigningrequest-signing-controller"
2025-01-27 17:04:18,601 INFO c.h.h.t.HelmChartContainer - [K3S] [certificate_controller.go:120] "Starting certificate controller" name="csrsigning-legacy-unknown"
2025-01-27 17:04:18,601 INFO c.h.h.t.HelmChartContainer - [K3S] [dynamic_serving_content.go:135] "Starting controller" name="csr-controller::/var/lib/rancher/k3s/server/tls/server-ca.nochain.crt::/var/lib/rancher/k3s/server/tls/server-ca.key"
2025-01-27 17:04:18,602 INFO c.h.h.t.HelmChartContainer - [K3S] [controllermanager.go:765] "Started controller" controller="certificatesigningrequest-approving-controller"
2025-01-27 17:04:18,602 INFO c.h.h.t.HelmChartContainer - [K3S] [certificate_controller.go:120] "Starting certificate controller" name="csrapproving"
2025-01-27 17:04:18,607 INFO c.h.h.t.HelmChartContainer - [K3S] [controllermanager.go:765] "Started controller" controller="persistentvolume-attach-detach-controller"
2025-01-27 17:04:18,607 INFO c.h.h.t.HelmChartContainer - [K3S] [controllermanager.go:717] "Controller is disabled by a feature gate" controller="selinux-warning-controller" requiredFeatureGates=["SELinuxChangePolicy"]
2025-01-27 17:04:18,607 INFO c.h.h.t.HelmChartContainer - [K3S] [attach_detach_controller.go:338] "Starting attach detach controller"
2025-01-27 17:04:18,654 INFO c.h.h.t.HelmChartContainer - [K3S] [graph_builder.go:351] "Running" component="GraphBuilder"
2025-01-27 17:04:18,654 INFO c.h.h.t.HelmChartContainer - [K3S] [controllermanager.go:765] "Started controller" controller="garbage-collector-controller"
2025-01-27 17:04:18,905 INFO c.h.h.t.HelmChartContainer - [K3S] [INFO] Done waiting for CRD helmchartconfigs.helm.cattle.io to become available
2025-01-27 17:04:18,906 INFO c.h.h.t.HelmChartContainer - [K3S] [INFO] Writing static file: /var/lib/rancher/k3s/server/static/charts/traefik-27.0.201+up27.0.2.tgz
2025-01-27 17:04:18,906 INFO c.h.h.t.HelmChartContainer - [K3S] [INFO] Writing static file: /var/lib/rancher/k3s/server/static/charts/traefik-crd-27.0.201+up27.0.2.tgz
2025-01-27 17:04:18,907 INFO c.h.h.t.HelmChartContainer - [K3S] [INFO] Writing manifest: /var/lib/rancher/k3s/server/manifests/ccm.yaml
2025-01-27 17:04:18,907 INFO c.h.h.t.HelmChartContainer - [K3S] [INFO] Writing manifest: /var/lib/rancher/k3s/server/manifests/coredns.yaml
2025-01-27 17:04:18,907 INFO c.h.h.t.HelmChartContainer - [K3S] [INFO] Writing manifest: /var/lib/rancher/k3s/server/manifests/local-storage.yaml
2025-01-27 17:04:18,908 INFO c.h.h.t.HelmChartContainer - [K3S] [INFO] Writing manifest: /var/lib/rancher/k3s/server/manifests/metrics-server/aggregated-metrics-reader.yaml
2025-01-27 17:04:18,908 INFO c.h.h.t.HelmChartContainer - [K3S] [INFO] Writing manifest: /var/lib/rancher/k3s/server/manifests/metrics-server/auth-delegator.yaml
2025-01-27 17:04:18,908 INFO c.h.h.t.HelmChartContainer - [K3S] [INFO] Writing manifest: /var/lib/rancher/k3s/server/manifests/metrics-server/metrics-apiservice.yaml
2025-01-27 17:04:18,908 INFO c.h.h.t.HelmChartContainer - [K3S] [INFO] Writing manifest: /var/lib/rancher/k3s/server/manifests/metrics-server/metrics-server-deployment.yaml
2025-01-27 17:04:18,908 INFO c.h.h.t.HelmChartContainer - [K3S] [INFO] Writing manifest: /var/lib/rancher/k3s/server/manifests/metrics-server/resource-reader.yaml
2025-01-27 17:04:18,908 INFO c.h.h.t.HelmChartContainer - [K3S] [INFO] Writing manifest: /var/lib/rancher/k3s/server/manifests/rolebindings.yaml
2025-01-27 17:04:18,908 INFO c.h.h.t.HelmChartContainer - [K3S] [INFO] Writing manifest: /var/lib/rancher/k3s/server/manifests/runtimes.yaml
2025-01-27 17:04:18,909 INFO c.h.h.t.HelmChartContainer - [K3S] [INFO] Writing manifest: /var/lib/rancher/k3s/server/manifests/metrics-server/auth-reader.yaml
2025-01-27 17:04:18,910 INFO c.h.h.t.HelmChartContainer - [K3S] [INFO] Writing manifest: /var/lib/rancher/k3s/server/manifests/metrics-server/metrics-server-service.yaml
2025-01-27 17:04:18,910 INFO c.h.h.t.HelmChartContainer - [K3S] [INFO] Starting dynamiclistener CN filter node controller with SANs: [localhost 127.0.0.1 ::1 localhost 774b1d029c41 172.18.0.2 10.43.0.1 kubernetes kubernetes.default kubernetes.default.svc kubernetes.default.svc.cluster.local]
2025-01-27 17:04:18,910 INFO c.h.h.t.HelmChartContainer - [K3S] [INFO] Tunnel server egress proxy mode: agent
2025-01-27 17:04:18,954 INFO c.h.h.t.HelmChartContainer - [K3S] [controllermanager.go:765] "Started controller" controller="disruption-controller"
2025-01-27 17:04:18,954 INFO c.h.h.t.HelmChartContainer - [K3S] [disruption.go:452] "Sending events to api server."
2025-01-27 17:04:18,954 INFO c.h.h.t.HelmChartContainer - [K3S] [disruption.go:463] "Starting disruption controller"
2025-01-27 17:04:19,014 INFO c.h.h.t.HelmChartContainer - [K3S] [INFO] Starting k3s.cattle.io/v1, Kind=Addon controller
2025-01-27 17:04:19,014 INFO c.h.h.t.HelmChartContainer - [K3S] [INFO] Creating deploy event broadcaster
2025-01-27 17:04:19,018 INFO c.h.h.t.HelmChartContainer - [K3S] [event.go:389] "Event occurred" object="kube-system/ccm" fieldPath="" kind="Addon" apiVersion="k3s.cattle.io/v1" type="Normal" reason="ApplyingManifest" message="Applying manifest at \"/var/lib/rancher/k3s/server/manifests/ccm.yaml\""
2025-01-27 17:04:19,043 INFO c.h.h.t.HelmChartContainer - [K3S] [event.go:389] "Event occurred" object="kube-system/ccm" fieldPath="" kind="Addon" apiVersion="k3s.cattle.io/v1" type="Normal" reason="AppliedManifest" message="Applied manifest at \"/var/lib/rancher/k3s/server/manifests/ccm.yaml\""
2025-01-27 17:04:19,051 INFO c.h.h.t.HelmChartContainer - [K3S] [event.go:389] "Event occurred" object="kube-system/coredns" fieldPath="" kind="Addon" apiVersion="k3s.cattle.io/v1" type="Normal" reason="ApplyingManifest" message="Applying manifest at \"/var/lib/rancher/k3s/server/manifests/coredns.yaml\""
2025-01-27 17:04:19,104 INFO c.h.h.t.HelmChartContainer - [K3S] [controllermanager.go:765] "Started controller" controller="replicaset-controller"
2025-01-27 17:04:19,105 INFO c.h.h.t.HelmChartContainer - [K3S] [replica_set.go:217] "Starting controller" name="replicaset"
2025-01-27 17:04:19,117 INFO c.h.h.t.HelmChartContainer - [K3S] [INFO] Starting /v1, Kind=Node controller
2025-01-27 17:04:19,118 INFO c.h.h.t.HelmChartContainer - [K3S] [INFO] Creating helm-controller event broadcaster
2025-01-27 17:04:19,127 INFO c.h.h.t.HelmChartContainer - [K3S] [INFO] Labels and annotations have been set successfully on node: 774b1d029c41
2025-01-27 17:04:19,128 INFO c.h.h.t.HelmChartContainer - [K3S] [INFO] Cluster dns configmap has been set successfully
2025-01-27 17:04:19,225 INFO c.h.h.t.HelmChartContainer - [K3S] [INFO] Starting helm.cattle.io/v1, Kind=HelmChart controller
2025-01-27 17:04:19,225 INFO c.h.h.t.HelmChartContainer - [K3S] [INFO] Starting helm.cattle.io/v1, Kind=HelmChartConfig controller
2025-01-27 17:04:19,227 INFO c.h.h.t.HelmChartContainer - [K3S] [INFO] Starting rbac.authorization.k8s.io/v1, Kind=ClusterRoleBinding controller
2025-01-27 17:04:19,231 INFO c.h.h.t.HelmChartContainer - [K3S] [INFO] Starting batch/v1, Kind=Job controller
2025-01-27 17:04:19,231 INFO c.h.h.t.HelmChartContainer - [K3S] [INFO] Starting /v1, Kind=ConfigMap controller
2025-01-27 17:04:19,231 INFO c.h.h.t.HelmChartContainer - [K3S] [INFO] Starting /v1, Kind=ServiceAccount controller
2025-01-27 17:04:19,231 INFO c.h.h.t.HelmChartContainer - [K3S] [INFO] Starting /v1, Kind=Secret controller
2025-01-27 17:04:19,259 INFO c.h.h.t.HelmChartContainer - [K3S] [alloc.go:330] "allocated clusterIPs" service="kube-system/kube-dns" clusterIPs={"IPv4":"10.43.0.10"}
2025-01-27 17:04:19,260 INFO c.h.h.t.HelmChartContainer - [K3S] [event.go:389] "Event occurred" object="kube-system/coredns" fieldPath="" kind="Addon" apiVersion="k3s.cattle.io/v1" type="Normal" reason="AppliedManifest" message="Applied manifest at \"/var/lib/rancher/k3s/server/manifests/coredns.yaml\""
2025-01-27 17:04:19,270 INFO c.h.h.t.HelmChartContainer - [K3S] [event.go:389] "Event occurred" object="kube-system/local-storage" fieldPath="" kind="Addon" apiVersion="k3s.cattle.io/v1" type="Normal" reason="ApplyingManifest" message="Applying manifest at \"/var/lib/rancher/k3s/server/manifests/local-storage.yaml\""
2025-01-27 17:04:19,354 INFO c.h.h.t.HelmChartContainer - [K3S] [event.go:389] "Event occurred" object="kube-system/local-storage" fieldPath="" kind="Addon" apiVersion="k3s.cattle.io/v1" type="Normal" reason="AppliedManifest" message="Applied manifest at \"/var/lib/rancher/k3s/server/manifests/local-storage.yaml\""
2025-01-27 17:04:19,360 INFO c.h.h.t.HelmChartContainer - [K3S] [event.go:389] "Event occurred" object="kube-system/aggregated-metrics-reader" fieldPath="" kind="Addon" apiVersion="k3s.cattle.io/v1" type="Normal" reason="ApplyingManifest" message="Applying manifest at \"/var/lib/rancher/k3s/server/manifests/metrics-server/aggregated-metrics-reader.yaml\""
2025-01-27 17:04:19,379 INFO c.h.h.t.HelmChartContainer - [K3S] [event.go:389] "Event occurred" object="kube-system/aggregated-metrics-reader" fieldPath="" kind="Addon" apiVersion="k3s.cattle.io/v1" type="Normal" reason="AppliedManifest" message="Applied manifest at \"/var/lib/rancher/k3s/server/manifests/metrics-server/aggregated-metrics-reader.yaml\""
2025-01-27 17:04:19,385 INFO c.h.h.t.HelmChartContainer - [K3S] [event.go:389] "Event occurred" object="kube-system/auth-delegator" fieldPath="" kind="Addon" apiVersion="k3s.cattle.io/v1" type="Normal" reason="ApplyingManifest" message="Applying manifest at \"/var/lib/rancher/k3s/server/manifests/metrics-server/auth-delegator.yaml\""
2025-01-27 17:04:19,404 INFO c.h.h.t.HelmChartContainer - [K3S] [controllermanager.go:765] "Started controller" controller="horizontal-pod-autoscaler-controller"
2025-01-27 17:04:19,405 INFO c.h.h.t.HelmChartContainer - [K3S] [controllermanager.go:723] "Skipping a cloud provider controller" controller="service-lb-controller"
2025-01-27 17:04:19,405 INFO c.h.h.t.HelmChartContainer - [K3S] [horizontal.go:201] "Starting HPA controller"
2025-01-27 17:04:19,431 INFO c.h.h.t.HelmChartContainer - [K3S] [event.go:389] "Event occurred" object="kube-system/auth-delegator" fieldPath="" kind="Addon" apiVersion="k3s.cattle.io/v1" type="Normal" reason="AppliedManifest" message="Applied manifest at \"/var/lib/rancher/k3s/server/manifests/metrics-server/auth-delegator.yaml\""
2025-01-27 17:04:19,437 INFO c.h.h.t.HelmChartContainer - [K3S] [event.go:389] "Event occurred" object="kube-system/auth-reader" fieldPath="" kind="Addon" apiVersion="k3s.cattle.io/v1" type="Normal" reason="ApplyingManifest" message="Applying manifest at \"/var/lib/rancher/k3s/server/manifests/metrics-server/auth-reader.yaml\""
2025-01-27 17:04:19,442 INFO c.h.h.t.HelmChartContainer - [K3S] [event.go:389] "Event occurred" object="kube-system/auth-reader" fieldPath="" kind="Addon" apiVersion="k3s.cattle.io/v1" type="Normal" reason="AppliedManifest" message="Applied manifest at \"/var/lib/rancher/k3s/server/manifests/metrics-server/auth-reader.yaml\""
2025-01-27 17:04:19,447 INFO c.h.h.t.HelmChartContainer - [K3S] [event.go:389] "Event occurred" object="kube-system/metrics-apiservice" fieldPath="" kind="Addon" apiVersion="k3s.cattle.io/v1" type="Normal" reason="ApplyingManifest" message="Applying manifest at \"/var/lib/rancher/k3s/server/manifests/metrics-server/metrics-apiservice.yaml\""
2025-01-27 17:04:19,453 INFO c.h.h.t.HelmChartContainer - [K3S] [event.go:389] "Event occurred" object="kube-system/metrics-apiservice" fieldPath="" kind="Addon" apiVersion="k3s.cattle.io/v1" type="Normal" reason="AppliedManifest" message="Applied manifest at \"/var/lib/rancher/k3s/server/manifests/metrics-server/metrics-apiservice.yaml\""
2025-01-27 17:04:19,457 INFO c.h.h.t.HelmChartContainer - [K3S] [handler_proxy.go:99] no RequestInfo found in the context
2025-01-27 17:04:19,457 INFO c.h.h.t.HelmChartContainer - [K3S] [controller.go:146] "Unhandled Error" err=<
2025-01-27 17:04:19,457 INFO c.h.h.t.HelmChartContainer - [K3S] 	, Header: map[Content-Type:[text/plain; charset=utf-8] X-Content-Type-Options:[nosniff]]
2025-01-27 17:04:19,457 INFO c.h.h.t.HelmChartContainer - [K3S]  >
2025-01-27 17:04:19,458 INFO c.h.h.t.HelmChartContainer - [K3S] [handler_proxy.go:143] error resolving kube-system/metrics-server: service "metrics-server" not found
2025-01-27 17:04:19,459 INFO c.h.h.t.HelmChartContainer - [K3S] [event.go:389] "Event occurred" object="kube-system/metrics-server-deployment" fieldPath="" kind="Addon" apiVersion="k3s.cattle.io/v1" type="Normal" reason="ApplyingManifest" message="Applying manifest at \"/var/lib/rancher/k3s/server/manifests/metrics-server/metrics-server-deployment.yaml\""
2025-01-27 17:04:19,468 INFO c.h.h.t.HelmChartContainer - [K3S] [event.go:389] "Event occurred" object="kube-system/metrics-server-deployment" fieldPath="" kind="Addon" apiVersion="k3s.cattle.io/v1" type="Normal" reason="AppliedManifest" message="Applied manifest at \"/var/lib/rancher/k3s/server/manifests/metrics-server/metrics-server-deployment.yaml\""
2025-01-27 17:04:19,473 INFO c.h.h.t.HelmChartContainer - [K3S] [event.go:389] "Event occurred" object="kube-system/metrics-server-service" fieldPath="" kind="Addon" apiVersion="k3s.cattle.io/v1" type="Normal" reason="ApplyingManifest" message="Applying manifest at \"/var/lib/rancher/k3s/server/manifests/metrics-server/metrics-server-service.yaml\""
2025-01-27 17:04:19,479 INFO c.h.h.t.HelmChartContainer - [K3S] [alloc.go:330] "allocated clusterIPs" service="kube-system/metrics-server" clusterIPs={"IPv4":"10.43.230.2"}
2025-01-27 17:04:19,480 INFO c.h.h.t.HelmChartContainer - [K3S] [event.go:389] "Event occurred" object="kube-system/metrics-server-service" fieldPath="" kind="Addon" apiVersion="k3s.cattle.io/v1" type="Normal" reason="AppliedManifest" message="Applied manifest at \"/var/lib/rancher/k3s/server/manifests/metrics-server/metrics-server-service.yaml\""
2025-01-27 17:04:19,484 INFO c.h.h.t.HelmChartContainer - [K3S] [handler_proxy.go:99] no RequestInfo found in the context
2025-01-27 17:04:19,485 INFO c.h.h.t.HelmChartContainer - [K3S] [controller.go:146] "Unhandled Error" err=<
2025-01-27 17:04:19,485 INFO c.h.h.t.HelmChartContainer - [K3S] 	, Header: map[Content-Type:[text/plain; charset=utf-8] X-Content-Type-Options:[nosniff]]
2025-01-27 17:04:19,485 INFO c.h.h.t.HelmChartContainer - [K3S]  >
2025-01-27 17:04:19,486 INFO c.h.h.t.HelmChartContainer - [K3S] [event.go:389] "Event occurred" object="kube-system/resource-reader" fieldPath="" kind="Addon" apiVersion="k3s.cattle.io/v1" type="Normal" reason="ApplyingManifest" message="Applying manifest at \"/var/lib/rancher/k3s/server/manifests/metrics-server/resource-reader.yaml\""
2025-01-27 17:04:19,486 INFO c.h.h.t.HelmChartContainer - [K3S] [handler_proxy.go:143] error resolving kube-system/metrics-server: endpoints "metrics-server" not found
2025-01-27 17:04:19,533 INFO c.h.h.t.HelmChartContainer - [K3S] [event.go:389] "Event occurred" object="kube-system/resource-reader" fieldPath="" kind="Addon" apiVersion="k3s.cattle.io/v1" type="Normal" reason="AppliedManifest" message="Applied manifest at \"/var/lib/rancher/k3s/server/manifests/metrics-server/resource-reader.yaml\""
2025-01-27 17:04:19,538 INFO c.h.h.t.HelmChartContainer - [K3S] [event.go:389] "Event occurred" object="kube-system/rolebindings" fieldPath="" kind="Addon" apiVersion="k3s.cattle.io/v1" type="Normal" reason="ApplyingManifest" message="Applying manifest at \"/var/lib/rancher/k3s/server/manifests/rolebindings.yaml\""
2025-01-27 17:04:19,554 INFO c.h.h.t.HelmChartContainer - [K3S] [controllermanager.go:765] "Started controller" controller="ttl-after-finished-controller"
2025-01-27 17:04:19,555 INFO c.h.h.t.HelmChartContainer - [K3S] [controllermanager.go:717] "Controller is disabled by a feature gate" controller="service-cidr-controller" requiredFeatureGates=["MultiCIDRServiceAllocator"]
2025-01-27 17:04:19,555 INFO c.h.h.t.HelmChartContainer - [K3S] [ttlafterfinished_controller.go:112] "Starting TTL after finished controller"
2025-01-27 17:04:19,643 INFO c.h.h.t.HelmChartContainer - [K3S] [event.go:389] "Event occurred" object="kube-system/rolebindings" fieldPath="" kind="Addon" apiVersion="k3s.cattle.io/v1" type="Normal" reason="AppliedManifest" message="Applied manifest at \"/var/lib/rancher/k3s/server/manifests/rolebindings.yaml\""
2025-01-27 17:04:19,650 INFO c.h.h.t.HelmChartContainer - [K3S] [event.go:389] "Event occurred" object="kube-system/runtimes" fieldPath="" kind="Addon" apiVersion="k3s.cattle.io/v1" type="Normal" reason="ApplyingManifest" message="Applying manifest at \"/var/lib/rancher/k3s/server/manifests/runtimes.yaml\""
2025-01-27 17:04:19,674 INFO c.h.h.t.HelmChartContainer - [K3S] [event.go:389] "Event occurred" object="kube-system/runtimes" fieldPath="" kind="Addon" apiVersion="k3s.cattle.io/v1" type="Normal" reason="AppliedManifest" message="Applied manifest at \"/var/lib/rancher/k3s/server/manifests/runtimes.yaml\""
2025-01-27 17:04:19,678 INFO c.h.h.t.HelmChartContainer - [K3S] [INFO] Updating TLS secret for kube-system/k3s-serving (count: 10): map[listener.cattle.io/cn-10.43.0.1:10.43.0.1 listener.cattle.io/cn-127.0.0.1:127.0.0.1 listener.cattle.io/cn-172.18.0.2:172.18.0.2 listener.cattle.io/cn-774b1d029c41:774b1d029c41 listener.cattle.io/cn-__1-f16284:::1 listener.cattle.io/cn-kubernetes:kubernetes listener.cattle.io/cn-kubernetes.default:kubernetes.default listener.cattle.io/cn-kubernetes.default.svc:kubernetes.default.svc listener.cattle.io/cn-kubernetes.default.svc.cluster.local:kubernetes.default.svc.cluster.local listener.cattle.io/cn-localhost:localhost listener.cattle.io/fingerprint:SHA1=DD304F9C1F3F6F4820E77D8F050772D2587F562F]
2025-01-27 17:04:19,681 INFO c.h.h.t.HelmChartContainer - [K3S] [INFO] Active TLS secret kube-system/k3s-serving (ver=332) (count 10): map[listener.cattle.io/cn-10.43.0.1:10.43.0.1 listener.cattle.io/cn-127.0.0.1:127.0.0.1 listener.cattle.io/cn-172.18.0.2:172.18.0.2 listener.cattle.io/cn-774b1d029c41:774b1d029c41 listener.cattle.io/cn-__1-f16284:::1 listener.cattle.io/cn-kubernetes:kubernetes listener.cattle.io/cn-kubernetes.default:kubernetes.default listener.cattle.io/cn-kubernetes.default.svc:kubernetes.default.svc listener.cattle.io/cn-kubernetes.default.svc.cluster.local:kubernetes.default.svc.cluster.local listener.cattle.io/cn-localhost:localhost listener.cattle.io/fingerprint:SHA1=DD304F9C1F3F6F4820E77D8F050772D2587F562F]
2025-01-27 17:04:19,705 INFO c.h.h.t.HelmChartContainer - [K3S] [controllermanager.go:765] "Started controller" controller="deployment-controller"
2025-01-27 17:04:19,705 INFO c.h.h.t.HelmChartContainer - [K3S] [deployment_controller.go:173] "Starting controller" controller="deployment"
2025-01-27 17:04:19,773 INFO c.h.h.t.HelmChartContainer - [K3S] [INFO] Updating TLS secret for kube-system/k3s-serving (count: 10): map[listener.cattle.io/cn-10.43.0.1:10.43.0.1 listener.cattle.io/cn-127.0.0.1:127.0.0.1 listener.cattle.io/cn-172.18.0.2:172.18.0.2 listener.cattle.io/cn-774b1d029c41:774b1d029c41 listener.cattle.io/cn-__1-f16284:::1 listener.cattle.io/cn-kubernetes:kubernetes listener.cattle.io/cn-kubernetes.default:kubernetes.default listener.cattle.io/cn-kubernetes.default.svc:kubernetes.default.svc listener.cattle.io/cn-kubernetes.default.svc.cluster.local:kubernetes.default.svc.cluster.local listener.cattle.io/cn-localhost:localhost listener.cattle.io/fingerprint:SHA1=DD304F9C1F3F6F4820E77D8F050772D2587F562F]
2025-01-27 17:04:19,854 INFO c.h.h.t.HelmChartContainer - [K3S] [node_lifecycle_controller.go:432] "Controller will reconcile labels"
2025-01-27 17:04:19,854 INFO c.h.h.t.HelmChartContainer - [K3S] [controllermanager.go:765] "Started controller" controller="node-lifecycle-controller"
2025-01-27 17:04:19,854 INFO c.h.h.t.HelmChartContainer - [K3S] [controllermanager.go:723] "Skipping a cloud provider controller" controller="cloud-node-lifecycle-controller"
2025-01-27 17:04:19,854 INFO c.h.h.t.HelmChartContainer - [K3S] [node_lifecycle_controller.go:466] "Sending events to api server"
2025-01-27 17:04:19,855 INFO c.h.h.t.HelmChartContainer - [K3S] [node_lifecycle_controller.go:477] "Starting node controller"
2025-01-27 17:04:20,005 INFO c.h.h.t.HelmChartContainer - [K3S] [controllermanager.go:765] "Started controller" controller="persistentvolume-expander-controller"
2025-01-27 17:04:20,005 INFO c.h.h.t.HelmChartContainer - [K3S] [expand_controller.go:329] "Starting expand controller"
2025-01-27 17:04:20,044 INFO c.h.h.t.HelmChartContainer - [K3S] [INFO] Tunnel authorizer set Kubelet Port 0.0.0.0:10250
2025-01-27 17:04:20,155 INFO c.h.h.t.HelmChartContainer - [K3S] [controllermanager.go:765] "Started controller" controller="persistentvolume-protection-controller"
2025-01-27 17:04:20,155 INFO c.h.h.t.HelmChartContainer - [K3S] [pv_protection_controller.go:81] "Starting PV protection controller"
2025-01-27 17:04:20,204 INFO c.h.h.t.HelmChartContainer - [K3S] [controllermanager.go:765] "Started controller" controller="taint-eviction-controller"
2025-01-27 17:04:20,204 INFO c.h.h.t.HelmChartContainer - [K3S] [controllermanager.go:743] "Warning: skipping controller" controller="storage-version-migrator-controller"
2025-01-27 17:04:20,204 INFO c.h.h.t.HelmChartContainer - [K3S] [taint_eviction.go:281] "Starting" controller="taint-eviction-controller"
2025-01-27 17:04:20,204 INFO c.h.h.t.HelmChartContainer - [K3S] [taint_eviction.go:287] "Sending events to api server"
2025-01-27 17:04:20,211 INFO c.h.h.t.HelmChartContainer - [K3S] [serving.go:392] Generated self-signed cert in-memory
2025-01-27 17:04:20,356 INFO c.h.h.t.HelmChartContainer - [K3S] [controllermanager.go:765] "Started controller" controller="replicationcontroller-controller"
2025-01-27 17:04:20,356 INFO c.h.h.t.HelmChartContainer - [K3S] [replica_set.go:217] "Starting controller" name="replicationcontroller"
2025-01-27 17:04:20,453 INFO c.h.h.t.HelmChartContainer - [K3S] [handler_proxy.go:99] no RequestInfo found in the context
2025-01-27 17:04:20,453 INFO c.h.h.t.HelmChartContainer - [K3S] [controller.go:102] "Unhandled Error" err=<
2025-01-27 17:04:20,453 INFO c.h.h.t.HelmChartContainer - [K3S] 	, Header: map[Content-Type:[text/plain; charset=utf-8] X-Content-Type-Options:[nosniff]]
2025-01-27 17:04:20,453 INFO c.h.h.t.HelmChartContainer - [K3S]  >
2025-01-27 17:04:20,453 INFO c.h.h.t.HelmChartContainer - [K3S] [handler_proxy.go:99] no RequestInfo found in the context
2025-01-27 17:04:20,602 INFO c.h.h.t.HelmChartContainer - [K3S] [event.go:389] "Event occurred" object="774b1d029c41" fieldPath="" kind="Node" apiVersion="" type="Normal" reason="NodePasswordValidationComplete" message="Deferred node password secret validation complete"
2025-01-27 17:04:20,611 INFO c.h.h.t.HelmChartContainer - [K3S] [controllermanager.go:765] "Started controller" controller="namespace-controller"
2025-01-27 17:04:20,611 INFO c.h.h.t.HelmChartContainer - [K3S] [namespace_controller.go:202] "Starting namespace controller"
2025-01-27 17:04:20,697 INFO c.h.h.t.HelmChartContainer - [K3S] [serving.go:392] Generated self-signed cert in-memory
2025-01-27 17:04:20,757 INFO c.h.h.t.HelmChartContainer - [K3S] [controllermanager.go:765] "Started controller" controller="daemonset-controller"
2025-01-27 17:04:20,757 INFO c.h.h.t.HelmChartContainer - [K3S] [daemon_controller.go:294] "Starting daemon sets controller"
2025-01-27 17:04:20,905 INFO c.h.h.t.HelmChartContainer - [K3S] [controllermanager.go:765] "Started controller" controller="legacy-serviceaccount-token-cleaner-controller"
2025-01-27 17:04:20,906 INFO c.h.h.t.HelmChartContainer - [K3S] [legacy_serviceaccount_token_cleaner.go:103] "Starting legacy service account token cleaner controller"
2025-01-27 17:04:20,906 INFO c.h.h.t.HelmChartContainer - [K3S] [controllermanager.go:160] Version: v1.32.0+k3s1
2025-01-27 17:04:20,909 INFO c.h.h.t.HelmChartContainer - [K3S] [requestheader_controller.go:180] Starting RequestHeaderAuthRequestController
2025-01-27 17:04:20,910 INFO c.h.h.t.HelmChartContainer - [K3S] [configmap_cafile_content.go:205] "Starting controller" name="client-ca::kube-system::extension-apiserver-authentication::client-ca-file"
2025-01-27 17:04:20,910 INFO c.h.h.t.HelmChartContainer - [K3S] [configmap_cafile_content.go:205] "Starting controller" name="client-ca::kube-system::extension-apiserver-authentication::requestheader-client-ca-file"
2025-01-27 17:04:20,910 INFO c.h.h.t.HelmChartContainer - [K3S] [secure_serving.go:213] Serving securely on 127.0.0.1:10258
2025-01-27 17:04:20,910 INFO c.h.h.t.HelmChartContainer - [K3S] [tlsconfig.go:243] "Starting DynamicServingCertificateController"
2025-01-27 17:04:20,916 INFO c.h.h.t.HelmChartContainer - [K3S] [INFO] Creating service-lb-controller event broadcaster
2025-01-27 17:04:21,033 INFO c.h.h.t.HelmChartContainer - [K3S] [INFO] Starting /v1, Kind=Node controller
2025-01-27 17:04:21,036 INFO c.h.h.t.HelmChartContainer - [K3S] [INFO] Starting /v1, Kind=Pod controller
2025-01-27 17:04:21,039 INFO c.h.h.t.HelmChartContainer - [K3S] [INFO] Starting apps/v1, Kind=DaemonSet controller
2025-01-27 17:04:21,042 INFO c.h.h.t.HelmChartContainer - [K3S] [INFO] Starting discovery.k8s.io/v1, Kind=EndpointSlice controller
2025-01-27 17:04:21,048 INFO c.h.h.t.HelmChartContainer - [K3S] [controllermanager.go:329] Started "cloud-node-controller"
2025-01-27 17:04:21,048 INFO c.h.h.t.HelmChartContainer - [K3S] [controllermanager.go:329] Started "cloud-node-lifecycle-controller"
2025-01-27 17:04:21,048 INFO c.h.h.t.HelmChartContainer - [K3S] [controllermanager.go:329] Started "service-lb-controller"
2025-01-27 17:04:21,048 INFO c.h.h.t.HelmChartContainer - [K3S] [controllermanager.go:306] "node-route-controller" is disabled
2025-01-27 17:04:21,049 INFO c.h.h.t.HelmChartContainer - [K3S] [node_controller.go:176] Sending events to api server.
2025-01-27 17:04:21,049 INFO c.h.h.t.HelmChartContainer - [K3S] [node_lifecycle_controller.go:112] Sending events to api server
2025-01-27 17:04:21,049 INFO c.h.h.t.HelmChartContainer - [K3S] [node_controller.go:185] Waiting for informer caches to sync
2025-01-27 17:04:21,049 INFO c.h.h.t.HelmChartContainer - [K3S] [controller.go:234] Starting service controller
2025-01-27 17:04:21,049 INFO c.h.h.t.HelmChartContainer - [K3S] [INFO] Started tunnel to 172.18.0.2:6443
2025-01-27 17:04:21,049 INFO c.h.h.t.HelmChartContainer - [K3S] [INFO] Stopped tunnel to 127.0.0.1:6443
2025-01-27 17:04:21,049 INFO c.h.h.t.HelmChartContainer - [K3S] [INFO] Connecting to proxy" url="wss://172.18.0.2:6443/v1-k3s/connect
2025-01-27 17:04:21,049 INFO c.h.h.t.HelmChartContainer - [K3S] [INFO] Proxy done" err="context canceled" url="wss://127.0.0.1:6443/v1-k3s/connect
2025-01-27 17:04:21,049 INFO c.h.h.t.HelmChartContainer - [K3S] [INFO] error in remotedialer server [400]: websocket: close 1006 (abnormal closure): unexpected EOF
2025-01-27 17:04:21,050 INFO c.h.h.t.HelmChartContainer - [K3S] [INFO] Handling backend connection request [774b1d029c41]
2025-01-27 17:04:21,050 INFO c.h.h.t.HelmChartContainer - [K3S] [INFO] Remotedialer connected to proxy" url="wss://172.18.0.2:6443/v1-k3s/connect
2025-01-27 17:04:21,055 INFO c.h.h.t.HelmChartContainer - [K3S] [controllermanager.go:765] "Started controller" controller="endpoints-controller"
2025-01-27 17:04:21,055 INFO c.h.h.t.HelmChartContainer - [K3S] [endpoints_controller.go:182] "Starting endpoint controller"
2025-01-27 17:04:21,145 INFO c.h.h.t.HelmChartContainer - [K3S] [node_controller.go:429] Initializing node 774b1d029c41 with cloud provider
2025-01-27 17:04:21,148 INFO c.h.h.t.HelmChartContainer - [K3S] [node_controller.go:474] Successfully initialized node 774b1d029c41 with cloud provider
2025-01-27 17:04:21,149 INFO c.h.h.t.HelmChartContainer - [K3S] [event.go:389] "Event occurred" object="774b1d029c41" fieldPath="" kind="Node" apiVersion="v1" type="Normal" reason="Synced" message="Node synced successfully"
2025-01-27 17:04:21,158 INFO c.h.h.t.HelmChartContainer - [K3S] [INFO] Updated coredns NodeHosts entry for 774b1d029c41
2025-01-27 17:04:21,206 INFO c.h.h.t.HelmChartContainer - [K3S] [controllermanager.go:765] "Started controller" controller="endpointslice-controller"
2025-01-27 17:04:21,207 INFO c.h.h.t.HelmChartContainer - [K3S] [endpointslice_controller.go:281] "Starting endpoint slice controller"
2025-01-27 17:04:21,355 INFO c.h.h.t.HelmChartContainer - [K3S] [controllermanager.go:765] "Started controller" controller="cronjob-controller"
2025-01-27 17:04:21,356 INFO c.h.h.t.HelmChartContainer - [K3S] [cronjob_controllerv2.go:145] "Starting cronjob controller v2"
2025-01-27 17:04:21,425 INFO c.h.h.t.HelmChartContainer - [K3S] [serving.go:392] Generated self-signed cert in-memory
2025-01-27 17:04:21,505 INFO c.h.h.t.HelmChartContainer - [K3S] [controllermanager.go:765] "Started controller" controller="token-cleaner-controller"
2025-01-27 17:04:21,505 INFO c.h.h.t.HelmChartContainer - [K3S] [tokencleaner.go:117] "Starting token cleaner controller"
2025-01-27 17:04:21,717 INFO c.h.h.t.HelmChartContainer - [K3S] [server.go:164] "Starting Kubernetes Scheduler" version="v1.32.0+k3s1"
2025-01-27 17:04:21,717 INFO c.h.h.t.HelmChartContainer - [K3S] [server.go:166] "Golang settings" GOGC="" GOMAXPROCS="" GOTRACEBACK=""
2025-01-27 17:04:21,721 INFO c.h.h.t.HelmChartContainer - [K3S] [requestheader_controller.go:180] Starting RequestHeaderAuthRequestController
2025-01-27 17:04:21,721 INFO c.h.h.t.HelmChartContainer - [K3S] [configmap_cafile_content.go:205] "Starting controller" name="client-ca::kube-system::extension-apiserver-authentication::requestheader-client-ca-file"
2025-01-27 17:04:21,721 INFO c.h.h.t.HelmChartContainer - [K3S] [configmap_cafile_content.go:205] "Starting controller" name="client-ca::kube-system::extension-apiserver-authentication::client-ca-file"
2025-01-27 17:04:21,721 INFO c.h.h.t.HelmChartContainer - [K3S] [secure_serving.go:213] Serving securely on 127.0.0.1:10259
2025-01-27 17:04:21,721 INFO c.h.h.t.HelmChartContainer - [K3S] [tlsconfig.go:243] "Starting DynamicServingCertificateController"
2025-01-27 17:04:21,811 INFO c.h.h.t.HelmChartContainer - [K3S] [controllermanager.go:765] "Started controller" controller="resourcequota-controller"
2025-01-27 17:04:21,811 INFO c.h.h.t.HelmChartContainer - [K3S] [resource_quota_controller.go:300] "Starting resource quota controller"
2025-01-27 17:04:21,955 INFO c.h.h.t.HelmChartContainer - [K3S] [controllermanager.go:765] "Started controller" controller="job-controller"
2025-01-27 17:04:21,956 INFO c.h.h.t.HelmChartContainer - [K3S] [controllermanager.go:728] "Warning: controller is disabled" controller="bootstrap-signer-controller"
2025-01-27 17:04:21,956 INFO c.h.h.t.HelmChartContainer - [K3S] [job_controller.go:243] "Starting job controller"
2025-01-27 17:04:22,108 INFO c.h.h.t.HelmChartContainer - [K3S] [range_allocator.go:112] "No Secondary Service CIDR provided. Skipping filtering out secondary service addresses"
2025-01-27 17:04:22,108 INFO c.h.h.t.HelmChartContainer - [K3S] [controllermanager.go:765] "Started controller" controller="node-ipam-controller"
2025-01-27 17:04:22,108 INFO c.h.h.t.HelmChartContainer - [K3S] [node_ipam_controller.go:141] "Starting ipam controller"
2025-01-27 17:04:22,254 INFO c.h.h.t.HelmChartContainer - [K3S] [controllermanager.go:765] "Started controller" controller="persistentvolume-binder-controller"
2025-01-27 17:04:22,255 INFO c.h.h.t.HelmChartContainer - [K3S] [pv_controller_base.go:308] "Starting persistent volume controller"
2025-01-27 17:04:22,415 INFO c.h.h.t.HelmChartContainer - [K3S] [controllermanager.go:765] "Started controller" controller="persistentvolumeclaim-protection-controller"
2025-01-27 17:04:22,415 INFO c.h.h.t.HelmChartContainer - [K3S] [controllermanager.go:717] "Controller is disabled by a feature gate" controller="storageversion-garbage-collector-controller" requiredFeatureGates=["APIServerIdentity","StorageVersionAPI"]
2025-01-27 17:04:22,415 INFO c.h.h.t.HelmChartContainer - [K3S] [pvc_protection_controller.go:168] "Starting PVC protection controller"
2025-01-27 17:04:22,555 INFO c.h.h.t.HelmChartContainer - [K3S] [controllermanager.go:765] "Started controller" controller="serviceaccount-controller"
2025-01-27 17:04:22,555 INFO c.h.h.t.HelmChartContainer - [K3S] [serviceaccounts_controller.go:114] "Starting service account controller"
2025-01-27 17:04:22,704 INFO c.h.h.t.HelmChartContainer - [K3S] [controllermanager.go:765] "Started controller" controller="statefulset-controller"
2025-01-27 17:04:22,705 INFO c.h.h.t.HelmChartContainer - [K3S] [controllermanager.go:717] "Controller is disabled by a feature gate" controller="kube-apiserver-serving-clustertrustbundle-publisher-controller" requiredFeatureGates=["ClusterTrustBundle"]
2025-01-27 17:04:22,705 INFO c.h.h.t.HelmChartContainer - [K3S] [stateful_set.go:166] "Starting stateful set controller"
2025-01-27 17:04:22,855 INFO c.h.h.t.HelmChartContainer - [K3S] [controllermanager.go:765] "Started controller" controller="endpointslice-mirroring-controller"
2025-01-27 17:04:22,855 INFO c.h.h.t.HelmChartContainer - [K3S] [controllermanager.go:717] "Controller is disabled by a feature gate" controller="volumeattributesclass-protection-controller" requiredFeatureGates=["VolumeAttributesClass"]
2025-01-27 17:04:22,855 INFO c.h.h.t.HelmChartContainer - [K3S] [endpointslicemirroring_controller.go:227] "Starting EndpointSliceMirroring controller"
2025-01-27 17:04:23,110 INFO c.h.h.t.HelmChartContainer - [K3S] [actual_state_of_world.go:541] "Failed to update statusUpdateNeeded field in actual state of world" err="Failed to set statusUpdateNeeded to needed true, because nodeName=\"774b1d029c41\" does not exist"
2025-01-27 17:04:23,156 INFO c.h.h.t.HelmChartContainer - [K3S] [node_lifecycle_controller.go:1234] "Initializing eviction metric for zone" zone=""
2025-01-27 17:04:23,156 INFO c.h.h.t.HelmChartContainer - [K3S] [node_lifecycle_controller.go:886] "Missing timestamp for Node. Assuming now as a timestamp" node="774b1d029c41"
2025-01-27 17:04:23,156 INFO c.h.h.t.HelmChartContainer - [K3S] [node_lifecycle_controller.go:1080] "Controller detected that zone is now in new state" zone="" newState="Normal"
2025-01-27 17:04:23,209 INFO c.h.h.t.HelmChartContainer - [K3S] [range_allocator.go:177] "Sending events to api server"
2025-01-27 17:04:23,211 INFO c.h.h.t.HelmChartContainer - [K3S] [range_allocator.go:183] "Starting range CIDR allocator"
2025-01-27 17:04:23,214 INFO c.h.h.t.HelmChartContainer - [K3S] [range_allocator.go:428] "Set node PodCIDR" node="774b1d029c41" podCIDRs=["10.42.0.0/24"]
2025-01-27 17:04:23,215 INFO c.h.h.t.HelmChartContainer - [K3S] [range_allocator.go:247] "Successfully synced" key="774b1d029c41"
2025-01-27 17:04:23,217 INFO c.h.h.t.HelmChartContainer - [K3S] [range_allocator.go:247] "Successfully synced" key="774b1d029c41"
2025-01-27 17:04:23,217 INFO c.h.h.t.HelmChartContainer - [K3S] [INFO] Flannel found PodCIDR assigned for node 774b1d029c41
2025-01-27 17:04:23,217 INFO c.h.h.t.HelmChartContainer - [K3S] [INFO] The interface eth0 with ipv4 address 172.18.0.2 will be used by flannel
2025-01-27 17:04:23,217 INFO c.h.h.t.HelmChartContainer - [K3S] [kube.go:139] Waiting 10m0s for node controller to sync
2025-01-27 17:04:23,217 INFO c.h.h.t.HelmChartContainer - [K3S] [kube.go:469] Starting kube subnet manager
2025-01-27 17:04:23,327 INFO c.h.h.t.HelmChartContainer - [K3S] [INFO] Starting network policy controller version v2.2.1, built on 2025-01-10T17:03:20Z, go1.23.3
2025-01-27 17:04:23,327 INFO c.h.h.t.HelmChartContainer - [K3S] [network_policy_controller.go:164] Starting network policy controller
2025-01-27 17:04:23,353 INFO c.h.h.t.HelmChartContainer - [K3S] [network_policy_controller.go:176] Starting network policy controller full sync goroutine
2025-01-27 17:04:23,363 INFO c.h.h.t.HelmChartContainer - [K3S] [handler_proxy.go:99] no RequestInfo found in the context
2025-01-27 17:04:23,363 INFO c.h.h.t.HelmChartContainer - [K3S] [controller.go:146] "Unhandled Error" err=<
2025-01-27 17:04:23,363 INFO c.h.h.t.HelmChartContainer - [K3S] 	, Header: map[Content-Type:[text/plain; charset=utf-8] X-Content-Type-Options:[nosniff]]
2025-01-27 17:04:23,363 INFO c.h.h.t.HelmChartContainer - [K3S]  >
2025-01-27 17:04:23,365 INFO c.h.h.t.HelmChartContainer - [K3S] [handler_proxy.go:143] error resolving kube-system/metrics-server: no endpoints available for service "metrics-server"
2025-01-27 17:04:23,673 INFO c.h.h.t.HelmChartContainer - [K3S] [replica_set.go:679] "Finished syncing" kind="ReplicaSet" key="kube-system/local-path-provisioner-698b58967b" duration="658.712073ms"
2025-01-27 17:04:23,673 INFO c.h.h.t.HelmChartContainer - [K3S] [status_manager.go:890] "Failed to get status for pod" podUID="5e135150-9821-405e-97e1-7bc44dfda1c3" pod="kube-system/local-path-provisioner-698b58967b-jm4mk" err="pods \"local-path-provisioner-698b58967b-jm4mk\" is forbidden: User \"system:node:774b1d029c41\" cannot get resource \"pods\" in API group \"\" in the namespace \"kube-system\": no relationship found between node '774b1d029c41' and this object"
2025-01-27 17:04:23,674 INFO c.h.h.t.HelmChartContainer - [K3S] [reflector.go:569] object-"kube-system"/"local-path-config": failed to list *v1.ConfigMap: configmaps "local-path-config" is forbidden: User "system:node:774b1d029c41" cannot list resource "configmaps" in API group "" in the namespace "kube-system": no relationship found between node '774b1d029c41' and this object
2025-01-27 17:04:23,674 INFO c.h.h.t.HelmChartContainer - [K3S] [reflector.go:166] "Unhandled Error" err="object-\"kube-system\"/\"local-path-config\": Failed to watch *v1.ConfigMap: failed to list *v1.ConfigMap: configmaps \"local-path-config\" is forbidden: User \"system:node:774b1d029c41\" cannot list resource \"configmaps\" in API group \"\" in the namespace \"kube-system\": no relationship found between node '774b1d029c41' and this object"
2025-01-27 17:04:23,687 INFO c.h.h.t.HelmChartContainer - [K3S] [replica_set.go:679] "Finished syncing" kind="ReplicaSet" key="kube-system/metrics-server-8584b5786c" duration="671.50476ms"
2025-01-27 17:04:23,688 INFO c.h.h.t.HelmChartContainer - [K3S] [replica_set.go:679] "Finished syncing" kind="ReplicaSet" key="kube-system/coredns-ff8999cc5" duration="668.917118ms"
2025-01-27 17:04:23,692 INFO c.h.h.t.HelmChartContainer - [K3S] [replica_set.go:679] "Finished syncing" kind="ReplicaSet" key="kube-system/metrics-server-8584b5786c" duration="7.018141ms"
2025-01-27 17:04:23,692 INFO c.h.h.t.HelmChartContainer - [K3S] [replica_set.go:679] "Finished syncing" kind="ReplicaSet" key="kube-system/metrics-server-8584b5786c" duration="27.361µs"
2025-01-27 17:04:23,696 INFO c.h.h.t.HelmChartContainer - [K3S] [replica_set.go:679] "Finished syncing" kind="ReplicaSet" key="kube-system/coredns-ff8999cc5" duration="9.712752ms"
2025-01-27 17:04:23,696 INFO c.h.h.t.HelmChartContainer - [K3S] [replica_set.go:679] "Finished syncing" kind="ReplicaSet" key="kube-system/coredns-ff8999cc5" duration="33.913µs"
2025-01-27 17:04:23,702 INFO c.h.h.t.HelmChartContainer - [K3S] [replica_set.go:679] "Finished syncing" kind="ReplicaSet" key="kube-system/local-path-provisioner-698b58967b" duration="30.190738ms"
2025-01-27 17:04:23,721 INFO c.h.h.t.HelmChartContainer - [K3S] [reconciler_common.go:251] "operationExecutor.VerifyControllerAttachedVolume started for volume \"config-volume\" (UniqueName: \"kubernetes.io/configmap/5e135150-9821-405e-97e1-7bc44dfda1c3-config-volume\") pod \"local-path-provisioner-698b58967b-jm4mk\" (UID: \"5e135150-9821-405e-97e1-7bc44dfda1c3\") " pod="kube-system/local-path-provisioner-698b58967b-jm4mk"
2025-01-27 17:04:23,721 INFO c.h.h.t.HelmChartContainer - [K3S] [reconciler_common.go:251] "operationExecutor.VerifyControllerAttachedVolume started for volume \"kube-api-access-bw79n\" (UniqueName: \"kubernetes.io/projected/5e135150-9821-405e-97e1-7bc44dfda1c3-kube-api-access-bw79n\") pod \"local-path-provisioner-698b58967b-jm4mk\" (UID: \"5e135150-9821-405e-97e1-7bc44dfda1c3\") " pod="kube-system/local-path-provisioner-698b58967b-jm4mk"
2025-01-27 17:04:23,721 INFO c.h.h.t.HelmChartContainer - [K3S] [reconciler_common.go:251] "operationExecutor.VerifyControllerAttachedVolume started for volume \"config-volume\" (UniqueName: \"kubernetes.io/configmap/caee21fb-bffc-476d-a781-6617c66bc484-config-volume\") pod \"coredns-ff8999cc5-nzk9m\" (UID: \"caee21fb-bffc-476d-a781-6617c66bc484\") " pod="kube-system/coredns-ff8999cc5-nzk9m"
2025-01-27 17:04:23,721 INFO c.h.h.t.HelmChartContainer - [K3S] [reconciler_common.go:251] "operationExecutor.VerifyControllerAttachedVolume started for volume \"custom-config-volume\" (UniqueName: \"kubernetes.io/configmap/caee21fb-bffc-476d-a781-6617c66bc484-custom-config-volume\") pod \"coredns-ff8999cc5-nzk9m\" (UID: \"caee21fb-bffc-476d-a781-6617c66bc484\") " pod="kube-system/coredns-ff8999cc5-nzk9m"
2025-01-27 17:04:23,721 INFO c.h.h.t.HelmChartContainer - [K3S] [reconciler_common.go:251] "operationExecutor.VerifyControllerAttachedVolume started for volume \"kube-api-access-x8czp\" (UniqueName: \"kubernetes.io/projected/caee21fb-bffc-476d-a781-6617c66bc484-kube-api-access-x8czp\") pod \"coredns-ff8999cc5-nzk9m\" (UID: \"caee21fb-bffc-476d-a781-6617c66bc484\") " pod="kube-system/coredns-ff8999cc5-nzk9m"
2025-01-27 17:04:23,721 INFO c.h.h.t.HelmChartContainer - [K3S] [reconciler_common.go:251] "operationExecutor.VerifyControllerAttachedVolume started for volume \"tmp-dir\" (UniqueName: \"kubernetes.io/empty-dir/16bbe175-754f-4a73-9968-3322bafc68b5-tmp-dir\") pod \"metrics-server-8584b5786c-zwzvg\" (UID: \"16bbe175-754f-4a73-9968-3322bafc68b5\") " pod="kube-system/metrics-server-8584b5786c-zwzvg"
2025-01-27 17:04:23,721 INFO c.h.h.t.HelmChartContainer - [K3S] [reconciler_common.go:251] "operationExecutor.VerifyControllerAttachedVolume started for volume \"kube-api-access-v2gzq\" (UniqueName: \"kubernetes.io/projected/16bbe175-754f-4a73-9968-3322bafc68b5-kube-api-access-v2gzq\") pod \"metrics-server-8584b5786c-zwzvg\" (UID: \"16bbe175-754f-4a73-9968-3322bafc68b5\") " pod="kube-system/metrics-server-8584b5786c-zwzvg"
2025-01-27 17:04:23,726 INFO c.h.h.t.HelmChartContainer - [K3S] [range_allocator.go:247] "Successfully synced" key="774b1d029c41"
2025-01-27 17:04:23,726 INFO c.h.h.t.HelmChartContainer - [K3S] [replica_set.go:679] "Finished syncing" kind="ReplicaSet" key="kube-system/coredns-ff8999cc5" duration="31.97µs"
2025-01-27 17:04:23,727 INFO c.h.h.t.HelmChartContainer - [K3S] [replica_set.go:679] "Finished syncing" kind="ReplicaSet" key="kube-system/local-path-provisioner-698b58967b" duration="23.804977ms"
2025-01-27 17:04:23,727 INFO c.h.h.t.HelmChartContainer - [K3S] [replica_set.go:679] "Finished syncing" kind="ReplicaSet" key="kube-system/local-path-provisioner-698b58967b" duration="28.553µs"
2025-01-27 17:04:23,734 INFO c.h.h.t.HelmChartContainer - [K3S] [replica_set.go:679] "Finished syncing" kind="ReplicaSet" key="kube-system/metrics-server-8584b5786c" duration="28.904µs"
2025-01-27 17:04:23,758 INFO c.h.h.t.HelmChartContainer - [K3S] [endpointslice_controller.go:344] "Error syncing endpoint slices for service, retrying" key="kube-system/kube-dns" err="EndpointSlice informer cache is out of date"
2025-01-27 17:04:23,758 INFO c.h.h.t.HelmChartContainer - [K3S] [endpointslice_controller.go:344] "Error syncing endpoint slices for service, retrying" key="kube-system/metrics-server" err="EndpointSlice informer cache is out of date"
2025-01-27 17:04:24,215 INFO c.h.h.t.HelmChartContainer - [K3S] [kube.go:146] Node controller sync successful
2025-01-27 17:04:24,216 INFO c.h.h.t.HelmChartContainer - [K3S] [vxlan.go:141] VXLAN config: VNI=1 Port=0 GBP=false Learning=false DirectRouting=false
2025-01-27 17:04:24,218 INFO c.h.h.t.HelmChartContainer - [K3S] [kube.go:636] List of node(774b1d029c41) annotations: map[string]string{"alpha.kubernetes.io/provided-node-ip":"172.18.0.2", "k3s.io/hostname":"774b1d029c41", "k3s.io/internal-ip":"172.18.0.2", "k3s.io/node-args":"[\"server\",\"--etcd-arg\",\"unsafe-no-fsync\",\"--etcd-arg\",\"snapshot-count=10000\",\"--etcd-arg\",\"auto-compaction-mode=revision\",\"--etcd-arg\",\"auto-compaction-retention=1000000\",\"--kube-apiserver-arg\",\"etcd-compaction-interval=0s\",\"--disable\",\"traefik\",\"--tls-san\",\"localhost\"]", "k3s.io/node-config-hash":"2QNNT5M5XUBFOLO5XPGEVGOM5UDLHHTIVMSRUPAUHE5DU3HUYQUQ====", "k3s.io/node-env":"{}", "node.alpha.kubernetes.io/ttl":"0", "volumes.kubernetes.io/controller-managed-attach-detach":"true"}
2025-01-27 17:04:24,225 INFO c.h.h.t.HelmChartContainer - [K3S] [iptables.go:51] Starting flannel in iptables mode...
2025-01-27 17:04:24,225 INFO c.h.h.t.HelmChartContainer - [K3S] [WARNING] no subnet found for key: FLANNEL_NETWORK in file: /run/flannel/subnet.env
2025-01-27 17:04:24,225 INFO c.h.h.t.HelmChartContainer - [K3S] [WARNING] no subnet found for key: FLANNEL_SUBNET in file: /run/flannel/subnet.env
2025-01-27 17:04:24,225 INFO c.h.h.t.HelmChartContainer - [K3S] [WARNING] no subnet found for key: FLANNEL_IPV6_NETWORK in file: /run/flannel/subnet.env
2025-01-27 17:04:24,225 INFO c.h.h.t.HelmChartContainer - [K3S] [WARNING] no subnet found for key: FLANNEL_IPV6_SUBNET in file: /run/flannel/subnet.env
2025-01-27 17:04:24,225 INFO c.h.h.t.HelmChartContainer - [K3S] [iptables.go:115] Current network or subnet (10.42.0.0/16, 10.42.0.0/24) is not equal to previous one (0.0.0.0/0, 0.0.0.0/0), trying to recycle old iptables rules
2025-01-27 17:04:24,225 INFO c.h.h.t.HelmChartContainer - [K3S] [range_allocator.go:247] "Successfully synced" key="774b1d029c41"
2025-01-27 17:04:24,226 INFO c.h.h.t.HelmChartContainer - [K3S] [kube.go:490] Creating the node lease for IPv4. This is the n.Spec.PodCIDRs: [10.42.0.0/24]
2025-01-27 17:04:24,233 INFO c.h.h.t.HelmChartContainer - [K3S] [iptables.go:125] Setting up masking rules
2025-01-27 17:04:24,235 INFO c.h.h.t.HelmChartContainer - [K3S] [iptables.go:226] Changing default FORWARD chain policy to ACCEPT
2025-01-27 17:04:24,237 INFO c.h.h.t.HelmChartContainer - [K3S] [INFO] Wrote flannel subnet file to /run/flannel/subnet.env
2025-01-27 17:04:24,237 INFO c.h.h.t.HelmChartContainer - [K3S] [INFO] Running flannel backend.
2025-01-27 17:04:24,237 INFO c.h.h.t.HelmChartContainer - [K3S] [vxlan_network.go:65] watching for new subnet leases
2025-01-27 17:04:24,247 INFO c.h.h.t.HelmChartContainer - [K3S] [iptables.go:372] bootstrap done
2025-01-27 17:04:24,251 INFO c.h.h.t.HelmChartContainer - [K3S] [iptables.go:372] bootstrap done
2025-01-27 17:04:24,365 INFO c.h.h.t.HelmChartContainer - [K3S] [handler_proxy.go:99] no RequestInfo found in the context
2025-01-27 17:04:24,366 INFO c.h.h.t.HelmChartContainer - [K3S] [handler_proxy.go:99] no RequestInfo found in the context
2025-01-27 17:04:24,366 INFO c.h.h.t.HelmChartContainer - [K3S] [controller.go:102] "Unhandled Error" err=<
2025-01-27 17:04:24,366 INFO c.h.h.t.HelmChartContainer - [K3S] 	, Header: map[Content-Type:[text/plain; charset=utf-8] X-Content-Type-Options:[nosniff]]
2025-01-27 17:04:24,366 INFO c.h.h.t.HelmChartContainer - [K3S]  >
2025-01-27 17:04:27,180 INFO c.h.h.t.HelmChartContainer - [K3S] [replica_set.go:679] "Finished syncing" kind="ReplicaSet" key="kube-system/local-path-provisioner-698b58967b" duration="9.433041ms"
2025-01-27 17:04:27,180 INFO c.h.h.t.HelmChartContainer - [K3S] [replica_set.go:679] "Finished syncing" kind="ReplicaSet" key="kube-system/local-path-provisioner-698b58967b" duration="99.936µs"
2025-01-27 17:04:27,184 INFO c.h.h.t.HelmChartContainer - [K3S] [replica_set.go:679] "Finished syncing" kind="ReplicaSet" key="kube-system/coredns-ff8999cc5" duration="57.246µs"
2025-01-27 17:04:27,216 INFO c.h.h.t.HelmChartContainer - [K3S] [replica_set.go:679] "Finished syncing" kind="ReplicaSet" key="kube-system/metrics-server-8584b5786c" duration="57.817µs"
2025-01-27 17:04:27,266 INFO c.h.h.t.HelmChartContainer - [K3S] [kuberuntime_manager.go:1702] "Updating runtime config through cri with podcidr" CIDR="10.42.0.0/24"
2025-01-27 17:04:27,266 INFO c.h.h.t.HelmChartContainer - [K3S] [kubelet_network.go:61] "Updating Pod CIDR" originalPodCIDR="" newPodCIDR="10.42.0.0/24"
2025-01-27 17:04:27,283 INFO c.h.h.t.HelmChartContainer - [K3S] [range_allocator.go:247] "Successfully synced" key="774b1d029c41"
2025-01-27 17:04:28,175 INFO c.h.h.t.HelmChartContainer - [K3S] [replica_set.go:679] "Finished syncing" kind="ReplicaSet" key="kube-system/coredns-ff8999cc5" duration="5.29861ms"
2025-01-27 17:04:28,175 INFO c.h.h.t.HelmChartContainer - [K3S] [replica_set.go:679] "Finished syncing" kind="ReplicaSet" key="kube-system/coredns-ff8999cc5" duration="30.266µs"
2025-01-27 17:04:28,201 DEBUG c.h.h.t.HelmChartContainer - Image file loaded 'hivemq-platform-operator.tar'
2025-01-27 17:04:28,627 DEBUG c.h.h.t.HelmChartContainer - Image file loaded 'hivemq-platform-operator-init.tar'
2025-01-27 17:04:35,446 DEBUG c.h.h.t.HelmChartContainer - Image file loaded 'hivemq-platform.tar'
2025-01-27 17:04:35,446 DEBUG c.h.h.t.HelmChartContainer - Successful Helm chart Container startup
2025-01-27 17:04:35,459 INFO t.localhost/testcontainers/dtzzvoasjxwr8hjj:latest - Container localhost/testcontainers/dtzzvoasjxwr8hjj:latest started in PT22.432926427S
2025-01-27 17:04:35,469 DEBUG c.h.h.t.HelmChartContainer - Executing helm command: /bin/helm --kubeconfig /etc/rancher/k3s/k3s.yaml repo add hivemq https://hivemq.github.io/helm-charts
2025-01-27 17:04:36,818 INFO c.h.h.t.HelmChartContainer - [EVENT] Normal [Starting] Starting kubelet. [null:774b1d029c41]
2025-01-27 17:04:36,820 INFO c.h.h.t.HelmChartContainer - [EVENT] Warning [InvalidDiskCapacity] invalid capacity 0 on image filesystem [null:774b1d029c41]
2025-01-27 17:04:36,820 INFO c.h.h.t.HelmChartContainer - [EVENT] Normal [NodeHasSufficientMemory] Node 774b1d029c41 status is now: NodeHasSufficientMemory [null:774b1d029c41]
2025-01-27 17:04:36,820 INFO c.h.h.t.HelmChartContainer - Saved kubeconfig file on /tmp/kubeconfig-4405177925765667025.yaml
2025-01-27 17:04:36,821 INFO c.h.h.t.HelmChartContainer - HelmChartContainer is started
2025-01-27 17:04:36,824 INFO c.h.h.t.HelmChartContainer - [EVENT] Normal [NodeHasNoDiskPressure] Node 774b1d029c41 status is now: NodeHasNoDiskPressure [null:774b1d029c41]
2025-01-27 17:04:36,825 INFO c.h.h.t.HelmChartContainer - [EVENT] Normal [NodeHasSufficientPID] Node 774b1d029c41 status is now: NodeHasSufficientPID [null:774b1d029c41]
2025-01-27 17:04:36,825 INFO c.h.h.t.HelmChartContainer - [EVENT] Normal [NodeAllocatableEnforced] Updated Node Allocatable limit across pods [null:774b1d029c41]
2025-01-27 17:04:36,826 INFO c.h.h.t.HelmChartContainer - [EVENT] Normal [NodeReady] Node 774b1d029c41 status is now: NodeReady [null:774b1d029c41]
2025-01-27 17:04:36,827 INFO c.h.h.t.HelmChartContainer - [EVENT] Normal [NodePasswordValidationComplete] Deferred node password secret validation complete [null:774b1d029c41]
2025-01-27 17:04:36,829 INFO c.h.h.t.HelmChartContainer - [EVENT] Normal [Synced] Node synced successfully [null:774b1d029c41]
2025-01-27 17:04:36,831 INFO c.h.h.t.HelmChartContainer - [EVENT] Normal [RegisteredNode] Node 774b1d029c41 event: Registered Node 774b1d029c41 in Controller [null:774b1d029c41]
]]></system-out>
  <system-err><![CDATA[]]></system-err>
</testsuite>
