<?xml version="1.0" encoding="UTF-8"?>
<testsuite name="com.hivemq.helmcharts.containers.HelmAdditionalContainersIT" tests="1" skipped="0" failures="0" errors="0" timestamp="2025-03-12T20:00:25" hostname="fv-az1068-32" time="110.483">
  <properties/>
  <testcase name="whenAdditionalContainer_withConsulTemplate_thenLicenseUpdated()" classname="com.hivemq.helmcharts.containers.HelmAdditionalContainersIT" time="110.483"/>
</testsuite>
