<?xml version="1.0" encoding="UTF-8"?>
<testsuite name="com.hivemq.helmcharts.platform.HelmInstallRemoteImagesIT" tests="1" skipped="1" failures="0" errors="0" timestamp="2025-01-28T20:42:38" hostname="fv-az1695-76" time="0.0">
  <properties/>
  <testcase name="withRemoteImages_hivemqRunning()" classname="com.hivemq.helmcharts.platform.HelmInstallRemoteImagesIT" time="0.0">
    <skipped/>
  </testcase>
  <system-out><![CDATA[]]></system-out>
  <system-err><![CDATA[]]></system-err>
</testsuite>
