<?xml version="1.0" encoding="UTF-8"?>
<testsuite name="com.hivemq.helmcharts.securitycontext.HelmContainerSecurityContextInstallPlatformIT" tests="3" skipped="0" failures="0" errors="0" timestamp="2025-03-11T13:25:24" hostname="fv-az1444-558" time="317.27">
  <properties/>
  <testcase name="installPlatform_withRandomNonRootUsers_hivemqRunning()" classname="com.hivemq.helmcharts.securitycontext.HelmContainerSecurityContextInstallPlatformIT" time="109.103"/>
  <testcase name="Operator values: (UID=0, GID=0, valuesFile='/files/operator-container-security-context-root-user-values.yaml') and Platform values: (UID=0, GID=0, valuesFile='/files/platform-container-security-context-root-user-values.yaml')" classname="com.hivemq.helmcharts.securitycontext.HelmContainerSecurityContextInstallPlatformIT" time="104.251"/>
  <testcase name="Operator values: (UID=185, GID=0, valuesFile='/files/operator-container-security-context-non-root-user-values.yaml') and Platform values: (UID=10000, GID=0, valuesFile='/files/platform-container-security-context-non-root-user-values.yaml')" classname="com.hivemq.helmcharts.securitycontext.HelmContainerSecurityContextInstallPlatformIT" time="103.888"/>
</testsuite>
