<?xml version="1.0" encoding="UTF-8"?>
<testsuite name="com.hivemq.helmcharts.volumes.HelmVolumeClaimTemplatesIT" tests="1" skipped="0" failures="0" errors="0" timestamp="2025-06-06T16:49:03" hostname="fv-az1110-800" time="346.552">
  <properties/>
  <testcase name="platform_whenVolumeClaimTemplateIsConfigured_withAdditionalVolumes_thenPersistentVolumeClaimsCreated()" classname="com.hivemq.helmcharts.volumes.HelmVolumeClaimTemplatesIT" time="346.552"/>
</testsuite>
