<?xml version="1.0" encoding="UTF-8"?>
<testsuite name="com.hivemq.helmcharts.volumes.HelmAdditionalVolumesIT" tests="1" skipped="0" failures="0" errors="0" timestamp="2025-01-30T18:48:11" hostname="fv-az1065-242" time="105.201">
  <properties/>
  <testcase name="withAdditionalVolumes_hivemqRunningWithVolumeMounts()" classname="com.hivemq.helmcharts.volumes.HelmAdditionalVolumesIT" time="105.201">
    <system-out><![CDATA[2025-01-30 18:48:11,530 INFO c.h.h.t.HelmChartContainer - Creating namespace 'helmadditionalvolumesit-operator'...
2025-01-30 18:48:11,536 INFO c.h.h.t.HelmChartContainer - Namespace 'helmadditionalvolumesit-operator' created
2025-01-30 18:48:11,536 INFO c.h.h.t.HelmChartContainer - Creating namespace 'helmadditionalvolumesit'...
2025-01-30 18:48:11,638 INFO c.h.h.t.HelmChartContainer - Namespace 'helmadditionalvolumesit' created
2025-01-30 18:48:11,751 DEBUG c.h.h.t.HelmChartContainer - Executing helm command: /bin/helm --kubeconfig /etc/rancher/k3s/k3s.yaml install test-hivemq-platform-operator /charts/hivemq-platform-operator --wait --timeout 5m0s --set image.repository=docker.io/hivemq --set image.name=hivemq-platform-operator-test --set image.initImageName=hivemq-platform-operator-init-test --set image.tag=snapshot --set image.pullPolicy=Never --set logLevel=DEBUG --set resources.cpu=512m --namespace helmadditionalvolumesit-operator
2025-01-30 18:48:12,079 INFO c.h.h.t.HelmChartContainer - [K3S] [alloc.go:330] "allocated clusterIPs" service="helmadditionalvolumesit-operator/hivemq-platform-operator-test-hivemq-platform-operator" clusterIPs={"IPv4":"10.43.193.61"}
2025-01-30 18:48:12,091 INFO c.h.h.t.HelmChartContainer - [EVENT] Normal [ScalingReplicaSet] Scaled up replica set hivemq-test-hivemq-platform-operator-6966f96d65 from 0 to 1 [helmadditionalvolumesit-operator:hivemq-test-hivemq-platform-operator]
2025-01-30 18:48:12,098 INFO c.h.h.t.HelmChartContainer - [POD] hivemq-test-hivemq-platform-operator-6966f96d65-j62rr [05b50a5e-baa0-4538-85fb-d56a07fcb705] in helmadditionalvolumesit-operator was ADDED
2025-01-30 18:48:12,102 INFO c.h.h.t.HelmChartContainer - [K3S] [memory_manager.go:355] "RemoveStaleState removing state" podUID="fa52bbe8-be98-4d53-b7fb-152fb933b56c" containerName="hivemq-platform-operator"
2025-01-30 18:48:12,102 INFO c.h.h.t.HelmChartContainer - [K3S] [memory_manager.go:355] "RemoveStaleState removing state" podUID="3d03f2ea-05b3-4f16-801b-dc1569a26331" containerName="hivemq"
2025-01-30 18:48:12,102 INFO c.h.h.t.HelmChartContainer - [K3S] [memory_manager.go:355] "RemoveStaleState removing state" podUID="732d1f6a-2a66-4c77-a3ed-e997cb914f43" containerName="hivemq"
2025-01-30 18:48:12,104 INFO c.h.h.t.HelmChartContainer - [POD] hivemq-test-hivemq-platform-operator-6966f96d65-j62rr [05b50a5e-baa0-4538-85fb-d56a07fcb705] in helmadditionalvolumesit-operator was MODIFIED
2025-01-30 18:48:12,105 INFO c.h.h.t.HelmChartContainer - [EVENT] Normal [SuccessfulCreate] Created pod: hivemq-test-hivemq-platform-operator-6966f96d65-j62rr [helmadditionalvolumesit-operator:hivemq-test-hivemq-platform-operator-6966f96d65]
2025-01-30 18:48:12,105 INFO c.h.h.t.HelmChartContainer - [EVENT] Normal [Scheduled] Successfully assigned helmadditionalvolumesit-operator/hivemq-test-hivemq-platform-operator-6966f96d65-j62rr to fbf317419dc0 [helmadditionalvolumesit-operator:hivemq-test-hivemq-platform-operator-6966f96d65-j62rr]
2025-01-30 18:48:12,107 INFO c.h.h.t.HelmChartContainer - [K3S] [replica_set.go:679] "Finished syncing" kind="ReplicaSet" key="helmadditionalvolumesit-operator/hivemq-test-hivemq-platform-operator-6966f96d65" duration="17.665364ms"
2025-01-30 18:48:12,119 INFO c.h.h.t.HelmChartContainer - [POD] hivemq-test-hivemq-platform-operator-6966f96d65-j62rr [05b50a5e-baa0-4538-85fb-d56a07fcb705] in helmadditionalvolumesit-operator was MODIFIED
2025-01-30 18:48:12,122 INFO c.h.h.t.HelmChartContainer - [K3S] [replica_set.go:679] "Finished syncing" kind="ReplicaSet" key="helmadditionalvolumesit-operator/hivemq-test-hivemq-platform-operator-6966f96d65" duration="15.69182ms"
2025-01-30 18:48:12,131 INFO c.h.h.t.HelmChartContainer - [K3S] [replica_set.go:679] "Finished syncing" kind="ReplicaSet" key="helmadditionalvolumesit-operator/hivemq-test-hivemq-platform-operator-6966f96d65" duration="9.696789ms"
2025-01-30 18:48:12,131 INFO c.h.h.t.HelmChartContainer - [K3S] [replica_set.go:679] "Finished syncing" kind="ReplicaSet" key="helmadditionalvolumesit-operator/hivemq-test-hivemq-platform-operator-6966f96d65" duration="36.508µs"
2025-01-30 18:48:12,230 INFO c.h.h.t.HelmChartContainer - [K3S] [reconciler_common.go:251] "operationExecutor.VerifyControllerAttachedVolume started for volume \"kube-api-access-f867m\" (UniqueName: \"kubernetes.io/projected/05b50a5e-baa0-4538-85fb-d56a07fcb705-kube-api-access-f867m\") pod \"hivemq-test-hivemq-platform-operator-6966f96d65-j62rr\" (UID: \"05b50a5e-baa0-4538-85fb-d56a07fcb705\") " pod="helmadditionalvolumesit-operator/hivemq-test-hivemq-platform-operator-6966f96d65-j62rr"
2025-01-30 18:48:12,493 INFO c.h.h.t.HelmChartContainer - [EVENT] Normal [Pulled] Container image "docker.io/hivemq/hivemq-platform-operator-test:snapshot" already present on machine [helmadditionalvolumesit-operator:hivemq-test-hivemq-platform-operator-6966f96d65-j62rr]
2025-01-30 18:48:12,494 INFO c.h.h.t.HelmChartContainer - Received Pulled event for container hivemq-platform-operator in pod hivemq-test-hivemq-platform-operator-6966f96d65-j62rr [05b50a5e-baa0-4538-85fb-d56a07fcb705]
2025-01-30 18:48:13,746 INFO c.h.h.t.HelmChartContainer - [EVENT] Normal [Created] Created container: hivemq-platform-operator [helmadditionalvolumesit-operator:hivemq-test-hivemq-platform-operator-6966f96d65-j62rr]
2025-01-30 18:48:13,746 INFO c.h.h.t.HelmChartContainer - Received Created event for container hivemq-platform-operator in pod hivemq-test-hivemq-platform-operator-6966f96d65-j62rr [05b50a5e-baa0-4538-85fb-d56a07fcb705]
2025-01-30 18:48:14,770 INFO c.h.h.t.HelmChartContainer - [POD] hivemq-test-hivemq-platform-operator-6966f96d65-j62rr [05b50a5e-baa0-4538-85fb-d56a07fcb705] in helmadditionalvolumesit-operator was MODIFIED
2025-01-30 18:48:14,774 INFO c.h.h.t.HelmChartContainer - [K3S] [replica_set.go:679] "Finished syncing" kind="ReplicaSet" key="helmadditionalvolumesit-operator/hivemq-test-hivemq-platform-operator-6966f96d65" duration="80.139µs"
2025-01-30 18:48:14,777 INFO c.h.h.t.HelmChartContainer - [EVENT] Normal [Started] Started container hivemq-platform-operator [helmadditionalvolumesit-operator:hivemq-test-hivemq-platform-operator-6966f96d65-j62rr]
2025-01-30 18:48:14,777 INFO c.h.h.t.HelmChartContainer - Received Started event for container hivemq-platform-operator in pod hivemq-test-hivemq-platform-operator-6966f96d65-j62rr [05b50a5e-baa0-4538-85fb-d56a07fcb705]
2025-01-30 18:48:14,777 INFO c.h.h.t.HelmChartContainer - Started log watcher for hivemq-platform-operator in pod hivemq-test-hivemq-platform-operator-6966f96d65-j62rr [05b50a5e-baa0-4538-85fb-d56a07fcb705]
2025-01-30 18:48:14,778 INFO c.h.h.t.HelmChartContainer - [hivemq-test-hivemq-platform] [hivemq-platform-operator] [05b50a5e] -------------------------------------------------------------------------
2025-01-30 18:48:14,778 INFO c.h.h.t.HelmChartContainer - [hivemq-test-hivemq-platform] [hivemq-platform-operator] [05b50a5e] 
2025-01-30 18:48:14,778 INFO c.h.h.t.HelmChartContainer - [hivemq-test-hivemq-platform] [hivemq-platform-operator] [05b50a5e]                   _    _  _              __  __   ____
2025-01-30 18:48:14,778 INFO c.h.h.t.HelmChartContainer - [hivemq-test-hivemq-platform] [hivemq-platform-operator] [05b50a5e]                  | |  | |(_)            |  \/  | / __ \
2025-01-30 18:48:14,778 INFO c.h.h.t.HelmChartContainer - [hivemq-test-hivemq-platform] [hivemq-platform-operator] [05b50a5e]                  | |__| | _ __   __ ___ | \  / || |  | |
2025-01-30 18:48:14,778 INFO c.h.h.t.HelmChartContainer - [hivemq-test-hivemq-platform] [hivemq-platform-operator] [05b50a5e]                  |  __  || |\ \ / // _ \| |\/| || |  | |
2025-01-30 18:48:14,778 INFO c.h.h.t.HelmChartContainer - [hivemq-test-hivemq-platform] [hivemq-platform-operator] [05b50a5e]                  | |  | || | \ V /|  __/| |  | || |__| |
2025-01-30 18:48:14,778 INFO c.h.h.t.HelmChartContainer - [hivemq-test-hivemq-platform] [hivemq-platform-operator] [05b50a5e]                  |_|  |_||_|  \_/  \___||_|  |_| \___\_\
2025-01-30 18:48:14,778 INFO c.h.h.t.HelmChartContainer - [hivemq-test-hivemq-platform] [hivemq-platform-operator] [05b50a5e] 
2025-01-30 18:48:14,778 INFO c.h.h.t.HelmChartContainer - [hivemq-test-hivemq-platform] [hivemq-platform-operator] [05b50a5e] -------------------------------------------------------------------------
2025-01-30 18:48:14,778 INFO c.h.h.t.HelmChartContainer - [hivemq-test-hivemq-platform] [hivemq-platform-operator] [05b50a5e] 
2025-01-30 18:48:14,778 INFO c.h.h.t.HelmChartContainer - [hivemq-test-hivemq-platform] [hivemq-platform-operator] [05b50a5e]   HiveMQ Platform Operator Start Script v1.0
2025-01-30 18:48:14,778 INFO c.h.h.t.HelmChartContainer - [hivemq-test-hivemq-platform] [hivemq-platform-operator] [05b50a5e] 
2025-01-30 18:48:14,778 INFO c.h.h.t.HelmChartContainer - [hivemq-test-hivemq-platform] [hivemq-platform-operator] [05b50a5e] -------------------------------------------------------------------------
2025-01-30 18:48:14,778 INFO c.h.h.t.HelmChartContainer - [hivemq-test-hivemq-platform] [hivemq-platform-operator] [05b50a5e] 
2025-01-30 18:48:14,778 INFO c.h.h.t.HelmChartContainer - [hivemq-test-hivemq-platform] [hivemq-platform-operator] [05b50a5e]   JAVA_OPTS: -XX:+UnlockExperimentalVMOptions -XX:InitialRAMPercentage=75 -XX:MaxRAMPercentage=75 -Duser.language=en -Duser.region=US
2025-01-30 18:48:14,778 INFO c.h.h.t.HelmChartContainer - [hivemq-test-hivemq-platform] [hivemq-platform-operator] [05b50a5e] 
2025-01-30 18:48:14,778 INFO c.h.h.t.HelmChartContainer - [hivemq-test-hivemq-platform] [hivemq-platform-operator] [05b50a5e]   JAVA_VERSION: 21
2025-01-30 18:48:14,778 INFO c.h.h.t.HelmChartContainer - [hivemq-test-hivemq-platform] [hivemq-platform-operator] [05b50a5e] 
2025-01-30 18:48:14,778 INFO c.h.h.t.HelmChartContainer - [hivemq-test-hivemq-platform] [hivemq-platform-operator] [05b50a5e] -------------------------------------------------------------------------
2025-01-30 18:48:14,778 INFO c.h.h.t.HelmChartContainer - [hivemq-test-hivemq-platform] [hivemq-platform-operator] [05b50a5e] 
2025-01-30 18:48:16,964 INFO c.h.h.t.HelmChartContainer - [hivemq-test-hivemq-platform] [hivemq-platform-operator] [05b50a5e] 18:48:16.961 [main] DEBUG org.jboss.logging - Logging Provider: org.jboss.logging.Slf4jLoggerProvider
2025-01-30 18:48:17,147 INFO c.h.h.t.HelmChartContainer - [hivemq-test-hivemq-platform] [hivemq-platform-operator] [05b50a5e] 18:48:17.069 [main] DEBUG io.smallrye.config - SRCFG01006: Loaded ConfigSource SysPropConfigSource with ordinal 400
2025-01-30 18:48:17,147 INFO c.h.h.t.HelmChartContainer - [hivemq-test-hivemq-platform] [hivemq-platform-operator] [05b50a5e] 18:48:17.146 [main] DEBUG io.smallrye.config - SRCFG01006: Loaded ConfigSource EnvConfigSource with ordinal 300
2025-01-30 18:48:17,147 INFO c.h.h.t.HelmChartContainer - [hivemq-test-hivemq-platform] [hivemq-platform-operator] [05b50a5e] 18:48:17.146 [main] DEBUG io.smallrye.config - SRCFG01006: Loaded ConfigSource PropertiesConfigSource[source=jar:file:///opt/hivemq-platform-operator/bin/hivemq-platform-operator.jar!/hivemq-platform-operator.properties] with ordinal 100
2025-01-30 18:48:17,148 INFO c.h.h.t.HelmChartContainer - [hivemq-test-hivemq-platform] [hivemq-platform-operator] [05b50a5e] 18:48:17.146 [main] DEBUG io.smallrye.config - SRCFG01006: Loaded ConfigSource DefaultValuesConfigSource with ordinal -2147483648
2025-01-30 18:48:17,177 INFO c.h.h.t.HelmChartContainer - [hivemq-test-hivemq-platform] [hivemq-platform-operator] [05b50a5e] 18:48:17.177 [main] DEBUG i.m.c.u.i.l.InternalLoggerFactory - Using SLF4J as the default logging framework
2025-01-30 18:48:17,356 INFO c.h.h.t.HelmChartContainer - [hivemq-test-hivemq-platform] [hivemq-platform-operator] [05b50a5e] 18:48:17.349 [main] INFO  c.h.p.o.HiveMQPlatformOperatorApplication - HiveMQ Platform Operator 1.7.0-SNAPSHOT (commit: 47e3375 on branch: HEAD) built on Thu Jan 30 03:55:50 UTC 2025
2025-01-30 18:48:17,356 INFO c.h.h.t.HelmChartContainer - [hivemq-test-hivemq-platform] [hivemq-platform-operator] [05b50a5e] 18:48:17.355 [main] INFO  c.h.p.o.HiveMQPlatformOperatorApplication - HiveMQ Platform Operator is running in namespace: helmadditionalvolumesit-operator
2025-01-30 18:48:17,356 INFO c.h.h.t.HelmChartContainer - [hivemq-test-hivemq-platform] [hivemq-platform-operator] [05b50a5e] 18:48:17.355 [main] INFO  c.h.p.o.HiveMQPlatformOperatorApplication - Watching all namespaces
2025-01-30 18:48:17,356 INFO c.h.h.t.HelmChartContainer - [hivemq-test-hivemq-platform] [hivemq-platform-operator] [05b50a5e] 18:48:17.355 [main] INFO  c.h.p.o.HiveMQPlatformOperatorApplication - Log level: DEBUG
2025-01-30 18:48:17,356 INFO c.h.h.t.HelmChartContainer - [hivemq-test-hivemq-platform] [hivemq-platform-operator] [05b50a5e] 18:48:17.355 [main] INFO  c.h.p.o.HiveMQPlatformOperatorApplication - Release name: test-hivemq-platform-operator
2025-01-30 18:48:17,356 INFO c.h.h.t.HelmChartContainer - [hivemq-test-hivemq-platform] [hivemq-platform-operator] [05b50a5e] 18:48:17.355 [main] INFO  c.h.p.o.HiveMQPlatformOperatorApplication - HiveMQ Platform Operator Init image: docker.io/hivemq/hivemq-platform-operator-init-test:snapshot
2025-01-30 18:48:17,356 INFO c.h.h.t.HelmChartContainer - [hivemq-test-hivemq-platform] [hivemq-platform-operator] [05b50a5e] 18:48:17.355 [main] INFO  c.h.p.o.HiveMQPlatformOperatorApplication - HiveMQ Platform Operator Init App update URL: http://hivemq-platform-operator-test-hivemq-platform-operator.helmadditionalvolumesit-operator.svc:8080/initAppUpdate/hivemq-platform-operator-init-app-1.7.0-SNAPSHOT.jar
2025-01-30 18:48:17,356 INFO c.h.h.t.HelmChartContainer - [hivemq-test-hivemq-platform] [hivemq-platform-operator] [05b50a5e] 18:48:17.355 [main] INFO  c.h.p.o.HiveMQPlatformOperatorApplication - Additional imagePullSecret for all Platform deployments: none
2025-01-30 18:48:17,357 INFO c.h.h.t.HelmChartContainer - [hivemq-test-hivemq-platform] [hivemq-platform-operator] [05b50a5e] 18:48:17.355 [main] INFO  c.h.p.o.HiveMQPlatformOperatorApplication - Apply HiveMQ Platform CRD: true
2025-01-30 18:48:17,357 INFO c.h.h.t.HelmChartContainer - [hivemq-test-hivemq-platform] [hivemq-platform-operator] [05b50a5e] 18:48:17.355 [main] INFO  c.h.p.o.HiveMQPlatformOperatorApplication - Create Platform ServiceAccount: true
2025-01-30 18:48:17,358 INFO c.h.h.t.HelmChartContainer - [hivemq-test-hivemq-platform] [hivemq-platform-operator] [05b50a5e] 18:48:17.355 [main] INFO  c.h.p.o.HiveMQPlatformOperatorApplication - Create Platform ServiceAccount permissions: true
2025-01-30 18:48:17,358 INFO c.h.h.t.HelmChartContainer - [hivemq-test-hivemq-platform] [hivemq-platform-operator] [05b50a5e] 18:48:17.355 [main] INFO  c.h.p.o.HiveMQPlatformOperatorApplication - Validate Platform ServiceAccount: true
2025-01-30 18:48:17,358 INFO c.h.h.t.HelmChartContainer - [hivemq-test-hivemq-platform] [hivemq-platform-operator] [05b50a5e] 18:48:17.355 [main] INFO  c.h.p.o.HiveMQPlatformOperatorApplication - Validate Platform ServiceAccount permissions: true
2025-01-30 18:48:17,476 INFO c.h.h.t.HelmChartContainer - [hivemq-test-hivemq-platform] [hivemq-platform-operator] [05b50a5e] 18:48:17.476 [main] INFO  c.h.platform.operator.util.CRDUtil - Verifying deployed HiveMQ Platform CRD...
2025-01-30 18:48:19,950 INFO c.h.h.t.HelmChartContainer - [hivemq-test-hivemq-platform] [hivemq-platform-operator] [05b50a5e] 18:48:19.949 [main] DEBUG c.h.platform.operator.util.CRDUtil - HiveMQ Platform CRD version v1 is up to date
2025-01-30 18:48:19,951 INFO c.h.h.t.HelmChartContainer - [hivemq-test-hivemq-platform] [hivemq-platform-operator] [05b50a5e] 18:48:19.949 [main] INFO  c.h.platform.operator.util.CRDUtil - HiveMQ Platform CRD is up to date (version: V1_6_0)
2025-01-30 18:48:19,951 INFO c.h.h.t.HelmChartContainer - [hivemq-test-hivemq-platform] [hivemq-platform-operator] [05b50a5e] 18:48:19.949 [main] INFO  c.h.platform.operator.util.CRDUtil - Waiting 10000 ms for HiveMQ Platform CRD 'hivemq-platforms.hivemq.com' to become ready...
2025-01-30 18:48:20,157 INFO c.h.h.t.HelmChartContainer - [hivemq-test-hivemq-platform] [hivemq-platform-operator] [05b50a5e] 18:48:20.156 [vert.x-eventloop-thread-1] DEBUG c.h.platform.operator.util.CRDUtil - Checking CRD condition 'NamesAccepted' (status: 'True')
2025-01-30 18:48:20,159 INFO c.h.h.t.HelmChartContainer - [hivemq-test-hivemq-platform] [hivemq-platform-operator] [05b50a5e] 18:48:20.157 [vert.x-eventloop-thread-1] DEBUG c.h.platform.operator.util.CRDUtil - Checking CRD condition 'Established' (status: 'True')
2025-01-30 18:48:20,159 INFO c.h.h.t.HelmChartContainer - [hivemq-test-hivemq-platform] [hivemq-platform-operator] [05b50a5e] 18:48:20.157 [main] INFO  c.h.platform.operator.util.CRDUtil - HiveMQ Platform CRD 'hivemq-platforms.hivemq.com' is ready
2025-01-30 18:48:20,353 INFO c.h.h.t.HelmChartContainer - [hivemq-test-hivemq-platform] [hivemq-platform-operator] [05b50a5e] 18:48:20.352 [main] INFO  c.h.p.o.HiveMQPlatformReconciler - HiveMQ Platform Operator is starting...
2025-01-30 18:48:20,453 INFO c.h.h.t.HelmChartContainer - [hivemq-test-hivemq-platform] [hivemq-platform-operator] [05b50a5e] 18:48:20.452 [main] WARN  Default ConfigurationService implementation - Configuration for reconciler 'hivemq-controller' was not found. Known reconcilers: None.
2025-01-30 18:48:20,459 INFO c.h.h.t.HelmChartContainer - [hivemq-test-hivemq-platform] [hivemq-platform-operator] [05b50a5e] 18:48:20.459 [main] INFO  Default ConfigurationService implementation - Created configuration for reconciler com.hivemq.platform.operator.HiveMQPlatformReconciler with name hivemq-controller
2025-01-30 18:48:20,559 INFO c.h.h.t.HelmChartContainer - [hivemq-test-hivemq-platform] [hivemq-platform-operator] [05b50a5e] 18:48:20.558 [main] DEBUG c.h.p.o.HiveMQPlatformReconciler - HiveMQ Platform Operator is preparing EventSources
2025-01-30 18:48:20,649 INFO c.h.h.t.HelmChartContainer - [hivemq-test-hivemq-platform] [hivemq-platform-operator] [05b50a5e] 18:48:20.648 [main] INFO  i.javaoperatorsdk.operator.Operator - Registered reconciler: 'hivemq-controller' for resource: 'class com.hivemq.platform.operator.v1.HiveMQPlatform' for namespace(s): [all namespaces]
2025-01-30 18:48:21,164 INFO c.h.h.t.HelmChartContainer - [hivemq-test-hivemq-platform] [hivemq-platform-operator] [05b50a5e] 18:48:21.163 [main] INFO  c.h.p.operator.webserver.JettyServer - Starting Jetty server on port 8080
2025-01-30 18:48:21,260 INFO c.h.h.t.HelmChartContainer - [hivemq-test-hivemq-platform] [hivemq-platform-operator] [05b50a5e] 18:48:21.259 [main] INFO  i.javaoperatorsdk.operator.Operator - Operator SDK 4.9.7 (commit: 2133d28) built on Wed Nov 20 12:56:20 UTC 2024 starting...
2025-01-30 18:48:21,260 INFO c.h.h.t.HelmChartContainer - [hivemq-test-hivemq-platform] [hivemq-platform-operator] [05b50a5e] 18:48:21.259 [main] INFO  i.javaoperatorsdk.operator.Operator - Client version: 6.13.5
2025-01-30 18:48:21,261 INFO c.h.h.t.HelmChartContainer - [hivemq-test-hivemq-platform] [hivemq-platform-operator] [05b50a5e] 18:48:21.261 [Controller Starter for: hivemq-controller] INFO  i.j.operator.processing.Controller - Starting 'hivemq-controller' controller for reconciler: com.hivemq.platform.operator.HiveMQPlatformReconciler, resource: com.hivemq.platform.operator.v1.HiveMQPlatform
2025-01-30 18:48:23,453 INFO c.h.h.t.HelmChartContainer - [hivemq-test-hivemq-platform] [hivemq-platform-operator] [05b50a5e] 18:48:23.451 [Controller Starter for: hivemq-controller] INFO  i.j.operator.processing.Controller - 'hivemq-controller' controller started
2025-01-30 18:48:23,453 INFO c.h.h.t.HelmChartContainer - [hivemq-test-hivemq-platform] [hivemq-platform-operator] [05b50a5e] 18:48:23.452 [main] INFO  c.h.p.o.HiveMQPlatformOperatorApplication - HiveMQ Platform Operator 1.7.0-SNAPSHOT started in 6102 ms
2025-01-30 18:48:25,771 INFO c.h.h.t.HelmChartContainer - [POD] hivemq-test-hivemq-platform-operator-6966f96d65-j62rr [05b50a5e-baa0-4538-85fb-d56a07fcb705] in helmadditionalvolumesit-operator was MODIFIED
2025-01-30 18:48:25,779 INFO c.h.h.t.HelmChartContainer - [K3S] [replica_set.go:679] "Finished syncing" kind="ReplicaSet" key="helmadditionalvolumesit-operator/hivemq-test-hivemq-platform-operator-6966f96d65" duration="7.389979ms"
2025-01-30 18:48:25,779 INFO c.h.h.t.HelmChartContainer - [K3S] [replica_set.go:679] "Finished syncing" kind="ReplicaSet" key="helmadditionalvolumesit-operator/hivemq-test-hivemq-platform-operator-6966f96d65" duration="35.456µs"
2025-01-30 18:48:26,173 INFO c.h.h.t.HelmChartContainer - [EVENT] Normal [WaitForFirstConsumer] waiting for first consumer to be created before binding [helmadditionalvolumesit:test-persistent-volume-claim]
2025-01-30 18:48:26,242 DEBUG c.h.h.t.HelmChartContainer - Executing helm command: /bin/helm --kubeconfig /etc/rancher/k3s/k3s.yaml install test-hivemq-platform /charts/hivemq-platform --wait --timeout 5m0s --set image.repository=docker.io/hivemq --set image.tag=4.36.0 --set image.pullPolicy=Never --set nodes.resources.cpu=512m -f /files/additional-volumes-values.yaml --namespace helmadditionalvolumesit
2025-01-30 18:48:26,571 INFO c.h.h.t.HelmChartContainer - [hivemq-test-hivemq-platform] [hivemq-platform-operator] [05b50a5e] 18:48:26.566 [-2082509879-pool-1-thread-1] WARN  i.m.p.PrometheusMeterRegistry - The meter (MeterId{name='operator.sdk.events.received', tags=[tag(action=ADDED),tag(event=ResourceEvent),tag(group=hivemq.com),tag(kind=HiveMQPlatform),tag(name=test-hivemq-platform),tag(namespace=helmadditionalvolumesit),tag(scope=namespace),tag(version=v1)]}) registration has failed: Prometheus requires that all meters with the same name have the same set of tag keys. There is already an existing meter named 'operator.sdk.events.received' containing tag keys [event, group, kind, name, namespace, scope, version]. The meter you are attempting to register has keys [action, event, group, kind, name, namespace, scope, version]. Note that subsequent logs will be logged at debug level.
2025-01-30 18:48:27,057 INFO c.h.h.t.HelmChartContainer - [hivemq-test-hivemq-platform] [hivemq-platform-operator] [05b50a5e] 18:48:27.054 [pool-6-thread-3] DEBUG c.h.p.o.dependants.PodInfoConfigMap - [helmaddi] Desired PodInfo ConfigMap (1 extensions) (1 enabled)
2025-01-30 18:48:27,058 INFO c.h.h.t.HelmChartContainer - [hivemq-test-hivemq-platform] [hivemq-platform-operator] [05b50a5e] 18:48:27.055 [pool-6-thread-3] DEBUG c.h.p.o.dependants.PodInfoConfigMap - [helmaddi] Desired PodInfo ConfigMap (metrics port: 9399) (metrics path: /)
2025-01-30 18:48:27,058 INFO c.h.h.t.HelmChartContainer - [hivemq-test-hivemq-platform] [hivemq-platform-operator] [05b50a5e] 18:48:27.055 [pool-6-thread-3] DEBUG c.h.p.o.dependants.PodInfoConfigMap - [helmaddi] Desired PodInfo ConfigMap (extension state hash: -1817474005)
2025-01-30 18:48:27,059 INFO c.h.h.t.HelmChartContainer - [hivemq-test-hivemq-platform] [hivemq-platform-operator] [05b50a5e] 18:48:27.057 [pool-6-thread-3] DEBUG c.h.p.o.dependants.PodInfoConfigMap - [helmaddi] Create PodInfo ConfigMap
2025-01-30 18:48:27,162 INFO c.h.h.t.HelmChartContainer - [hivemq-test-hivemq-platform] [hivemq-platform-operator] [05b50a5e] 18:48:27.159 [pool-6-thread-5] DEBUG c.h.p.o.dependants.PodRoleResource - [helmaddi] Create Role: Role(apiVersion=rbac.authorization.k8s.io/v1, kind=Role, metadata=ObjectMeta(annotations={meta.helm.sh/release-name=test-hivemq-platform, meta.helm.sh/release-namespace=helmadditionalvolumesit}, creationTimestamp=null, deletionGracePeriodSeconds=null, deletionTimestamp=null, finalizers=[], generateName=null, generation=null, labels={helm.sh/chart=hivemq-platform-0.2.32, app.kubernetes.io/managed-by=Helm, app.kubernetes.io/name=hivemq-platform, hivemq-platform=test-hivemq-platform, app.kubernetes.io/instance=test-hivemq-platform, app.kubernetes.io/version=4.36.0}, managedFields=[], name=hivemq-platform-role-test-hivemq-platform, namespace=helmadditionalvolumesit, ownerReferences=[OwnerReference(apiVersion=hivemq.com/v1, blockOwnerDeletion=null, controller=null, kind=HiveMQPlatform, name=test-hivemq-platform, uid=31e7fcca-82b2-429b-9697-5ab2f75eb664, additionalProperties={})], resourceVersion=null, selfLink=null, uid=null, additionalProperties={}), rules=[PolicyRule(apiGroups=[], nonResourceURLs=[], resourceNames=[], resources=[pods], verbs=[get, patch, update], additionalProperties={})], additionalProperties={})
2025-01-30 18:48:27,350 INFO c.h.h.t.HelmChartContainer - [hivemq-test-hivemq-platform] [hivemq-platform-operator] [05b50a5e] 18:48:27.348 [pool-6-thread-7] DEBUG c.h.p.o.d.PodServiceAccountResource - [helmaddi] Desired PodServiceAccountResource (serviceAccountName: hivemq-platform-pod-test-hivemq-platform)
2025-01-30 18:48:27,350 INFO c.h.h.t.HelmChartContainer - [hivemq-test-hivemq-platform] [hivemq-platform-operator] [05b50a5e] 18:48:27.349 [pool-6-thread-7] DEBUG c.h.p.o.d.PodServiceAccountResource - [helmaddi] Create ServiceAccount 'hivemq-platform-pod-test-hivemq-platform'
2025-01-30 18:48:27,456 INFO c.h.h.t.HelmChartContainer - [hivemq-test-hivemq-platform] [hivemq-platform-operator] [05b50a5e] 18:48:27.455 [pool-6-thread-9] DEBUG c.h.p.o.d.PodRoleBindingResource - [helmaddi] Create RoleBinding: RoleBinding(apiVersion=rbac.authorization.k8s.io/v1, kind=RoleBinding, metadata=ObjectMeta(annotations={meta.helm.sh/release-name=test-hivemq-platform, meta.helm.sh/release-namespace=helmadditionalvolumesit}, creationTimestamp=null, deletionGracePeriodSeconds=null, deletionTimestamp=null, finalizers=[], generateName=null, generation=null, labels={helm.sh/chart=hivemq-platform-0.2.32, app.kubernetes.io/managed-by=Helm, app.kubernetes.io/name=hivemq-platform, hivemq-platform=test-hivemq-platform, app.kubernetes.io/instance=test-hivemq-platform, app.kubernetes.io/version=4.36.0}, managedFields=[], name=hivemq-platform-role-binding-test-hivemq-platform, namespace=helmadditionalvolumesit, ownerReferences=[OwnerReference(apiVersion=hivemq.com/v1, blockOwnerDeletion=null, controller=null, kind=HiveMQPlatform, name=test-hivemq-platform, uid=31e7fcca-82b2-429b-9697-5ab2f75eb664, additionalProperties={})], resourceVersion=null, selfLink=null, uid=null, additionalProperties={}), roleRef=RoleRef(apiGroup=rbac.authorization.k8s.io, kind=Role, name=hivemq-platform-role-test-hivemq-platform, additionalProperties={}), subjects=[Subject(apiGroup=null, kind=ServiceAccount, name=hivemq-platform-pod-test-hivemq-platform, namespace=helmadditionalvolumesit, additionalProperties={})], additionalProperties={})
2025-01-30 18:48:27,473 INFO c.h.h.t.HelmChartContainer - [hivemq-test-hivemq-platform] [hivemq-platform-operator] [05b50a5e] 18:48:27.472 [ReconcilerExecutor-hivemq-controller-53] INFO  c.h.p.o.HiveMQPlatformReconciler - [helmaddi] Reconciling HiveMQ Platform 'test-hivemq-platform' in namespace 'helmadditionalvolumesit'
2025-01-30 18:48:27,473 INFO c.h.h.t.HelmChartContainer - [hivemq-test-hivemq-platform] [hivemq-platform-operator] [05b50a5e] 18:48:27.472 [ReconcilerExecutor-hivemq-controller-53] DEBUG c.h.p.o.HiveMQPlatformReconciler - [helmaddi] Custom Resource Status CREATED - HiveMQ Platform was created (READY)
2025-01-30 18:48:27,473 INFO c.h.h.t.HelmChartContainer - [hivemq-test-hivemq-platform] [hivemq-platform-operator] [05b50a5e] 18:48:27.472 [ReconcilerExecutor-hivemq-controller-53] DEBUG c.h.p.o.HiveMQPlatformReconciler - [helmaddi] Custom Resource Spec (replicas: 1) (extensions: 1)
2025-01-30 18:48:27,477 INFO c.h.h.t.HelmChartContainer - [hivemq-test-hivemq-platform] [hivemq-platform-operator] [05b50a5e] 18:48:27.476 [ReconcilerExecutor-hivemq-controller-53] INFO  c.h.p.o.h.HiveMQPlatformReconcilerBaseHandler - [helmaddi] HiveMQ Platform is starting
2025-01-30 18:48:27,571 INFO c.h.h.t.HelmChartContainer - [hivemq-test-hivemq-platform] [hivemq-platform-operator] [05b50a5e] 18:48:27.570 [ReconcilerExecutor-hivemq-controller-53] DEBUG c.h.p.operator.event.EventSender - [helmaddi] Creating K8s event hivemq-platform-starting: [Start] HiveMQ Platform is starting
2025-01-30 18:48:27,655 INFO c.h.h.t.HelmChartContainer - [EVENT] Normal [Start] HiveMQ Platform is starting [helmadditionalvolumesit:test-hivemq-platform]
2025-01-30 18:48:27,660 INFO c.h.h.t.HelmChartContainer - [hivemq-test-hivemq-platform] [hivemq-platform-operator] [05b50a5e] 18:48:27.658 [ReconcilerExecutor-hivemq-controller-53] INFO  c.h.p.o.h.AbstractHiveMQReconcilerStateHandler - [helmaddi] Update HiveMQ Platform Status (CREATED [READY] -> STARTING [READY]): HiveMQ Platform is starting
2025-01-30 18:48:27,673 DEBUG com.hivemq.helmcharts.util.K8sUtil - Comparing actual state 'STARTING' and waiting for 'RUNNING'
2025-01-30 18:48:28,967 INFO c.h.h.t.HelmChartContainer - [EVENT] Normal [WaitForFirstConsumer] waiting for first consumer to be created before binding [helmadditionalvolumesit:test-persistent-volume-claim]
2025-01-30 18:48:37,760 INFO c.h.h.t.HelmChartContainer - [hivemq-test-hivemq-platform] [hivemq-platform-operator] [05b50a5e] 18:48:37.757 [pool-6-thread-12] DEBUG c.h.p.o.d.PlatformServiceResource - [helmaddi] Desired Platform services (3 services)
2025-01-30 18:48:37,760 INFO c.h.h.t.HelmChartContainer - [hivemq-test-hivemq-platform] [hivemq-platform-operator] [05b50a5e] 18:48:37.758 [pool-6-thread-13] DEBUG c.h.p.o.dependants.PodInfoConfigMap - [helmaddi] Desired PodInfo ConfigMap (1 extensions) (1 enabled)
2025-01-30 18:48:37,760 INFO c.h.h.t.HelmChartContainer - [hivemq-test-hivemq-platform] [hivemq-platform-operator] [05b50a5e] 18:48:37.758 [pool-6-thread-13] DEBUG c.h.p.o.dependants.PodInfoConfigMap - [helmaddi] Desired PodInfo ConfigMap (metrics port: 9399) (metrics path: /)
2025-01-30 18:48:37,760 INFO c.h.h.t.HelmChartContainer - [hivemq-test-hivemq-platform] [hivemq-platform-operator] [05b50a5e] 18:48:37.758 [pool-6-thread-13] DEBUG c.h.p.o.dependants.PodInfoConfigMap - [helmaddi] Desired PodInfo ConfigMap (extension state hash: -1817474005)
2025-01-30 18:48:37,763 INFO c.h.h.t.HelmChartContainer - [hivemq-test-hivemq-platform] [hivemq-platform-operator] [05b50a5e] 18:48:37.762 [pool-6-thread-17] DEBUG c.h.p.o.d.PodServiceAccountResource - [helmaddi] Desired PodServiceAccountResource (serviceAccountName: hivemq-platform-pod-test-hivemq-platform)
2025-01-30 18:48:37,767 INFO c.h.h.t.HelmChartContainer - [hivemq-test-hivemq-platform] [hivemq-platform-operator] [05b50a5e] 18:48:37.766 [pool-6-thread-13] DEBUG c.h.p.o.dependants.PodInfoConfigMap - [helmaddi] Update PodInfo ConfigMap
2025-01-30 18:48:37,854 INFO c.h.h.t.HelmChartContainer - [K3S] [alloc.go:330] "allocated clusterIPs" service="helmadditionalvolumesit/hivemq-test-hivemq-platform-mqtt-1883" clusterIPs={"IPv4":"10.43.208.192"}
2025-01-30 18:48:37,869 INFO c.h.h.t.HelmChartContainer - [K3S] [alloc.go:330] "allocated clusterIPs" service="helmadditionalvolumesit/hivemq-test-hivemq-platform-metrics-9399" clusterIPs={"IPv4":"10.43.251.27"}
2025-01-30 18:48:37,955 INFO c.h.h.t.HelmChartContainer - [K3S] [alloc.go:330] "allocated clusterIPs" service="helmadditionalvolumesit/hivemq-test-hivemq-platform-cc-8080" clusterIPs={"IPv4":"10.43.18.91"}
2025-01-30 18:48:37,965 INFO c.h.h.t.HelmChartContainer - [hivemq-test-hivemq-platform] [hivemq-platform-operator] [05b50a5e] 18:48:37.964 [pool-6-thread-20] DEBUG c.h.p.o.d.StatefulSetResource - [helmaddi] Desired StatefulSet (1 replicas) for status STARTING (READY)
2025-01-30 18:48:38,056 INFO c.h.h.t.HelmChartContainer - [hivemq-test-hivemq-platform] [hivemq-platform-operator] [05b50a5e] 18:48:38.055 [pool-6-thread-20] DEBUG c.h.p.o.d.StatefulSetResource - [helmaddi] Create StatefulSet
2025-01-30 18:48:38,079 INFO c.h.h.t.HelmChartContainer - [POD] test-hivemq-platform-0 [30ba5ed2-5a4d-4f51-8d72-5c8440bbbe00] in helmadditionalvolumesit was ADDED
2025-01-30 18:48:38,080 INFO c.h.h.t.HelmChartContainer - [EVENT] Normal [SuccessfulCreate] create Pod test-hivemq-platform-0 in StatefulSet test-hivemq-platform successful [helmadditionalvolumesit:test-hivemq-platform]
2025-01-30 18:48:38,087 INFO c.h.h.t.HelmChartContainer - [EVENT] Normal [ExternalProvisioning] Waiting for a volume to be created either by the external provisioner 'rancher.io/local-path' or manually by the system administrator. If volume creation is delayed, please verify that the provisioner is running and correctly registered. [helmadditionalvolumesit:test-persistent-volume-claim]
2025-01-30 18:48:38,091 INFO c.h.h.t.HelmChartContainer - [EVENT] Normal [ExternalProvisioning] Waiting for a volume to be created either by the external provisioner 'rancher.io/local-path' or manually by the system administrator. If volume creation is delayed, please verify that the provisioner is running and correctly registered. [helmadditionalvolumesit:test-persistent-volume-claim]
2025-01-30 18:48:38,092 INFO c.h.h.t.HelmChartContainer - [EVENT] Normal [Provisioning] External provisioner is provisioning volume for claim "helmadditionalvolumesit/test-persistent-volume-claim" [helmadditionalvolumesit:test-persistent-volume-claim]
2025-01-30 18:48:38,099 INFO c.h.h.t.HelmChartContainer - [POD] helper-pod-create-pvc-ad203939-efab-49b8-ae33-9d5796ecfb4f [a061e689-e108-469e-99fb-695c0c7fac06] in kube-system was ADDED
2025-01-30 18:48:38,106 INFO c.h.h.t.HelmChartContainer - [POD] helper-pod-create-pvc-ad203939-efab-49b8-ae33-9d5796ecfb4f [a061e689-e108-469e-99fb-695c0c7fac06] in kube-system was MODIFIED
2025-01-30 18:48:38,150 INFO c.h.h.t.HelmChartContainer - [hivemq-test-hivemq-platform] [hivemq-platform-operator] [05b50a5e] 18:48:38.146 [ReconcilerExecutor-hivemq-controller-64] INFO  c.h.p.o.HiveMQPlatformReconciler - [helmaddi] Reconciling HiveMQ Platform 'test-hivemq-platform' in namespace 'helmadditionalvolumesit'
2025-01-30 18:48:38,150 INFO c.h.h.t.HelmChartContainer - [hivemq-test-hivemq-platform] [hivemq-platform-operator] [05b50a5e] 18:48:38.146 [ReconcilerExecutor-hivemq-controller-64] DEBUG c.h.p.o.HiveMQPlatformReconciler - [helmaddi] Custom Resource Status STARTING - HiveMQ Platform is starting (READY)
2025-01-30 18:48:38,150 INFO c.h.h.t.HelmChartContainer - [hivemq-test-hivemq-platform] [hivemq-platform-operator] [05b50a5e] 18:48:38.147 [ReconcilerExecutor-hivemq-controller-64] DEBUG c.h.p.o.HiveMQPlatformReconciler - [helmaddi] Custom Resource Spec (replicas: 1) (extensions: 1)
2025-01-30 18:48:38,158 INFO c.h.h.t.HelmChartContainer - [hivemq-test-hivemq-platform] [hivemq-platform-operator] [05b50a5e] 18:48:38.157 [ReconcilerExecutor-hivemq-controller-64] DEBUG c.h.p.o.HiveMQPlatformReconciler - [helmaddi] StatefulSet Status (revision: test-hivemq-platform-5d4d897885, replicas: 0, available: 0, ready: 0, current: 0, updated: 0)
2025-01-30 18:48:38,158 INFO c.h.h.t.HelmChartContainer - [hivemq-test-hivemq-platform] [hivemq-platform-operator] [05b50a5e] 18:48:38.157 [ReconcilerExecutor-hivemq-controller-64] DEBUG c.h.p.o.HiveMQPlatformReconciler - [helmaddi] StatefulSet Spec (replicas: 1, init containers: 1, containers: 1, volumes: 7)
2025-01-30 18:48:38,252 INFO c.h.h.t.HelmChartContainer - [hivemq-test-hivemq-platform] [hivemq-platform-operator] [05b50a5e] 18:48:38.251 [ReconcilerExecutor-hivemq-controller-64] DEBUG c.h.p.o.h.HiveMQPlatformReconcilerErrorHandler - [helmaddi] Pod 'test-hivemq-platform-0' phase Pending
2025-01-30 18:48:38,254 INFO c.h.h.t.HelmChartContainer - [hivemq-test-hivemq-platform] [hivemq-platform-operator] [05b50a5e] 18:48:38.253 [ReconcilerExecutor-hivemq-controller-64] INFO  c.h.p.o.h.HiveMQPlatformReconcilerBaseHandler - [helmaddi] HiveMQ Platform is starting, 0 of 1 replicas are ready
2025-01-30 18:48:38,259 INFO c.h.h.t.HelmChartContainer - [hivemq-test-hivemq-platform] [hivemq-platform-operator] [05b50a5e] 18:48:38.258 [pool-6-thread-22] DEBUG c.h.p.o.d.PlatformServiceResource - [helmaddi] Desired Platform services (3 services)
2025-01-30 18:48:38,275 INFO c.h.h.t.HelmChartContainer - [K3S] [reconciler_common.go:251] "operationExecutor.VerifyControllerAttachedVolume started for volume \"script\" (UniqueName: \"kubernetes.io/configmap/a061e689-e108-469e-99fb-695c0c7fac06-script\") pod \"helper-pod-create-pvc-ad203939-efab-49b8-ae33-9d5796ecfb4f\" (UID: \"a061e689-e108-469e-99fb-695c0c7fac06\") " pod="kube-system/helper-pod-create-pvc-ad203939-efab-49b8-ae33-9d5796ecfb4f"
2025-01-30 18:48:38,276 INFO c.h.h.t.HelmChartContainer - [K3S] [reconciler_common.go:251] "operationExecutor.VerifyControllerAttachedVolume started for volume \"kube-api-access-h2bt6\" (UniqueName: \"kubernetes.io/projected/a061e689-e108-469e-99fb-695c0c7fac06-kube-api-access-h2bt6\") pod \"helper-pod-create-pvc-ad203939-efab-49b8-ae33-9d5796ecfb4f\" (UID: \"a061e689-e108-469e-99fb-695c0c7fac06\") " pod="kube-system/helper-pod-create-pvc-ad203939-efab-49b8-ae33-9d5796ecfb4f"
2025-01-30 18:48:38,276 INFO c.h.h.t.HelmChartContainer - [K3S] [reconciler_common.go:251] "operationExecutor.VerifyControllerAttachedVolume started for volume \"data\" (UniqueName: \"kubernetes.io/host-path/a061e689-e108-469e-99fb-695c0c7fac06-data\") pod \"helper-pod-create-pvc-ad203939-efab-49b8-ae33-9d5796ecfb4f\" (UID: \"a061e689-e108-469e-99fb-695c0c7fac06\") " pod="kube-system/helper-pod-create-pvc-ad203939-efab-49b8-ae33-9d5796ecfb4f"
2025-01-30 18:48:38,316 INFO c.h.h.t.HelmChartContainer - [hivemq-test-hivemq-platform] [hivemq-platform-operator] [05b50a5e] 18:48:38.259 [pool-6-thread-23] DEBUG c.h.p.o.dependants.PodInfoConfigMap - [helmaddi] Desired PodInfo ConfigMap (1 extensions) (1 enabled)
2025-01-30 18:48:38,317 INFO c.h.h.t.HelmChartContainer - [hivemq-test-hivemq-platform] [hivemq-platform-operator] [05b50a5e] 18:48:38.316 [pool-6-thread-23] DEBUG c.h.p.o.dependants.PodInfoConfigMap - [helmaddi] Desired PodInfo ConfigMap (metrics port: 9399) (metrics path: /)
2025-01-30 18:48:38,317 INFO c.h.h.t.HelmChartContainer - [hivemq-test-hivemq-platform] [hivemq-platform-operator] [05b50a5e] 18:48:38.316 [pool-6-thread-23] DEBUG c.h.p.o.dependants.PodInfoConfigMap - [helmaddi] Desired PodInfo ConfigMap (extension state hash: -1817474005)
2025-01-30 18:48:38,350 INFO c.h.h.t.HelmChartContainer - [hivemq-test-hivemq-platform] [hivemq-platform-operator] [05b50a5e] 18:48:38.349 [pool-6-thread-27] DEBUG c.h.p.o.d.PodServiceAccountResource - [helmaddi] Desired PodServiceAccountResource (serviceAccountName: hivemq-platform-pod-test-hivemq-platform)
2025-01-30 18:48:38,356 INFO c.h.h.t.HelmChartContainer - [hivemq-test-hivemq-platform] [hivemq-platform-operator] [05b50a5e] 18:48:38.355 [pool-6-thread-30] DEBUG c.h.p.o.d.StatefulSetResource - [helmaddi] Desired StatefulSet (1 replicas) for status STARTING (READY)
2025-01-30 18:48:38,454 INFO c.h.h.t.HelmChartContainer - [hivemq-test-hivemq-platform] [hivemq-platform-operator] [05b50a5e] 18:48:38.452 [ReconcilerExecutor-hivemq-controller-75] INFO  c.h.p.o.HiveMQPlatformReconciler - [helmaddi] Reconciling HiveMQ Platform 'test-hivemq-platform' in namespace 'helmadditionalvolumesit'
2025-01-30 18:48:38,457 INFO c.h.h.t.HelmChartContainer - [hivemq-test-hivemq-platform] [hivemq-platform-operator] [05b50a5e] 18:48:38.454 [ReconcilerExecutor-hivemq-controller-75] DEBUG c.h.p.o.HiveMQPlatformReconciler - [helmaddi] Custom Resource Status STARTING - HiveMQ Platform is starting (READY)
2025-01-30 18:48:38,457 INFO c.h.h.t.HelmChartContainer - [hivemq-test-hivemq-platform] [hivemq-platform-operator] [05b50a5e] 18:48:38.454 [ReconcilerExecutor-hivemq-controller-75] DEBUG c.h.p.o.HiveMQPlatformReconciler - [helmaddi] Custom Resource Spec (replicas: 1) (extensions: 1)
2025-01-30 18:48:38,458 INFO c.h.h.t.HelmChartContainer - [hivemq-test-hivemq-platform] [hivemq-platform-operator] [05b50a5e] 18:48:38.458 [ReconcilerExecutor-hivemq-controller-75] DEBUG c.h.p.o.HiveMQPlatformReconciler - [helmaddi] StatefulSet Status (revision: test-hivemq-platform-5d4d897885, replicas: 1, available: 0, ready: 0, current: 1, updated: 1)
2025-01-30 18:48:38,459 INFO c.h.h.t.HelmChartContainer - [hivemq-test-hivemq-platform] [hivemq-platform-operator] [05b50a5e] 18:48:38.458 [ReconcilerExecutor-hivemq-controller-75] DEBUG c.h.p.o.HiveMQPlatformReconciler - [helmaddi] StatefulSet Spec (replicas: 1, init containers: 1, containers: 1, volumes: 7)
2025-01-30 18:48:38,461 INFO c.h.h.t.HelmChartContainer - [hivemq-test-hivemq-platform] [hivemq-platform-operator] [05b50a5e] 18:48:38.461 [ReconcilerExecutor-hivemq-controller-75] DEBUG c.h.p.o.h.HiveMQPlatformReconcilerErrorHandler - [helmaddi] Pod 'test-hivemq-platform-0' phase Pending
2025-01-30 18:48:38,464 INFO c.h.h.t.HelmChartContainer - [hivemq-test-hivemq-platform] [hivemq-platform-operator] [05b50a5e] 18:48:38.462 [ReconcilerExecutor-hivemq-controller-75] INFO  c.h.p.o.h.HiveMQPlatformReconcilerBaseHandler - [helmaddi] HiveMQ Platform is starting, 0 of 1 replicas are ready
2025-01-30 18:48:39,805 INFO c.h.h.t.HelmChartContainer - [POD] helper-pod-create-pvc-ad203939-efab-49b8-ae33-9d5796ecfb4f [a061e689-e108-469e-99fb-695c0c7fac06] in kube-system was MODIFIED
2025-01-30 18:48:40,864 INFO c.h.h.t.HelmChartContainer - [POD] helper-pod-create-pvc-ad203939-efab-49b8-ae33-9d5796ecfb4f [a061e689-e108-469e-99fb-695c0c7fac06] in kube-system was MODIFIED
2025-01-30 18:48:40,991 INFO c.h.h.t.HelmChartContainer - [K3S] [reconciler_common.go:162] "operationExecutor.UnmountVolume started for volume \"script\" (UniqueName: \"kubernetes.io/configmap/a061e689-e108-469e-99fb-695c0c7fac06-script\") pod \"a061e689-e108-469e-99fb-695c0c7fac06\" (UID: \"a061e689-e108-469e-99fb-695c0c7fac06\") "
2025-01-30 18:48:40,991 INFO c.h.h.t.HelmChartContainer - [K3S] [reconciler_common.go:162] "operationExecutor.UnmountVolume started for volume \"data\" (UniqueName: \"kubernetes.io/host-path/a061e689-e108-469e-99fb-695c0c7fac06-data\") pod \"a061e689-e108-469e-99fb-695c0c7fac06\" (UID: \"a061e689-e108-469e-99fb-695c0c7fac06\") "
2025-01-30 18:48:40,991 INFO c.h.h.t.HelmChartContainer - [K3S] [reconciler_common.go:162] "operationExecutor.UnmountVolume started for volume \"kube-api-access-h2bt6\" (UniqueName: \"kubernetes.io/projected/a061e689-e108-469e-99fb-695c0c7fac06-kube-api-access-h2bt6\") pod \"a061e689-e108-469e-99fb-695c0c7fac06\" (UID: \"a061e689-e108-469e-99fb-695c0c7fac06\") "
2025-01-30 18:48:41,091 INFO c.h.h.t.HelmChartContainer - [K3S] [reconciler_common.go:299] "Volume detached for volume \"kube-api-access-h2bt6\" (UniqueName: \"kubernetes.io/projected/a061e689-e108-469e-99fb-695c0c7fac06-kube-api-access-h2bt6\") on node \"fbf317419dc0\" DevicePath \"\""
2025-01-30 18:48:41,091 INFO c.h.h.t.HelmChartContainer - [K3S] [reconciler_common.go:299] "Volume detached for volume \"script\" (UniqueName: \"kubernetes.io/configmap/a061e689-e108-469e-99fb-695c0c7fac06-script\") on node \"fbf317419dc0\" DevicePath \"\""
2025-01-30 18:48:41,091 INFO c.h.h.t.HelmChartContainer - [K3S] [reconciler_common.go:299] "Volume detached for volume \"data\" (UniqueName: \"kubernetes.io/host-path/a061e689-e108-469e-99fb-695c0c7fac06-data\") on node \"fbf317419dc0\" DevicePath \"\""
2025-01-30 18:48:41,120 INFO c.h.h.t.HelmChartContainer - [POD] helper-pod-create-pvc-ad203939-efab-49b8-ae33-9d5796ecfb4f [a061e689-e108-469e-99fb-695c0c7fac06] in kube-system was MODIFIED
2025-01-30 18:48:41,120 INFO c.h.h.t.HelmChartContainer - [POD] helper-pod-create-pvc-ad203939-efab-49b8-ae33-9d5796ecfb4f [a061e689-e108-469e-99fb-695c0c7fac06] in kube-system was DELETED
2025-01-30 18:48:41,129 INFO c.h.h.t.HelmChartContainer - [EVENT] Normal [ProvisioningSucceeded] Successfully provisioned volume pvc-ad203939-efab-49b8-ae33-9d5796ecfb4f [helmadditionalvolumesit:test-persistent-volume-claim]
2025-01-30 18:48:41,798 INFO c.h.h.t.HelmChartContainer - [K3S] [pod_container_deletor.go:80] "Container not found in pod's containers" containerID="07f6fda70982d1b109825c0cbe61337c33bbc3577b85b84c99ee843cebbebb8e"
2025-01-30 18:48:41,799 INFO c.h.h.t.HelmChartContainer - [K3S] [status_manager.go:890] "Failed to get status for pod" podUID="a061e689-e108-469e-99fb-695c0c7fac06" pod="kube-system/helper-pod-create-pvc-ad203939-efab-49b8-ae33-9d5796ecfb4f" err="pods \"helper-pod-create-pvc-ad203939-efab-49b8-ae33-9d5796ecfb4f\" is forbidden: User \"system:node:fbf317419dc0\" cannot get resource \"pods\" in API group \"\" in the namespace \"kube-system\": no relationship found between node 'fbf317419dc0' and this object"
2025-01-30 18:48:42,090 INFO c.h.h.t.HelmChartContainer - [K3S] [memory_manager.go:355] "RemoveStaleState removing state" podUID="a061e689-e108-469e-99fb-695c0c7fac06" containerName="helper-pod"
2025-01-30 18:48:42,091 INFO c.h.h.t.HelmChartContainer - [POD] test-hivemq-platform-0 [30ba5ed2-5a4d-4f51-8d72-5c8440bbbe00] in helmadditionalvolumesit was MODIFIED
2025-01-30 18:48:42,093 INFO c.h.h.t.HelmChartContainer - [EVENT] Normal [Scheduled] Successfully assigned helmadditionalvolumesit/test-hivemq-platform-0 to fbf317419dc0 [helmadditionalvolumesit:test-hivemq-platform-0]
2025-01-30 18:48:42,094 INFO c.h.h.t.HelmChartContainer - [K3S] [status_manager.go:890] "Failed to get status for pod" podUID="a061e689-e108-469e-99fb-695c0c7fac06" pod="kube-system/helper-pod-create-pvc-ad203939-efab-49b8-ae33-9d5796ecfb4f" err="pods \"helper-pod-create-pvc-ad203939-efab-49b8-ae33-9d5796ecfb4f\" is forbidden: User \"system:node:fbf317419dc0\" cannot get resource \"pods\" in API group \"\" in the namespace \"kube-system\": no relationship found between node 'fbf317419dc0' and this object"
2025-01-30 18:48:42,107 INFO c.h.h.t.HelmChartContainer - [hivemq-test-hivemq-platform] [hivemq-platform-operator] [05b50a5e] 18:48:42.103 [pool-6-thread-32] DEBUG c.h.p.o.d.PlatformServiceResource - [helmaddi] Desired Platform services (3 services)
2025-01-30 18:48:42,107 INFO c.h.h.t.HelmChartContainer - [hivemq-test-hivemq-platform] [hivemq-platform-operator] [05b50a5e] 18:48:42.104 [pool-6-thread-33] DEBUG c.h.p.o.dependants.PodInfoConfigMap - [helmaddi] Desired PodInfo ConfigMap (1 extensions) (1 enabled)
2025-01-30 18:48:42,109 INFO c.h.h.t.HelmChartContainer - [hivemq-test-hivemq-platform] [hivemq-platform-operator] [05b50a5e] 18:48:42.106 [pool-6-thread-33] DEBUG c.h.p.o.dependants.PodInfoConfigMap - [helmaddi] Desired PodInfo ConfigMap (metrics port: 9399) (metrics path: /)
2025-01-30 18:48:42,109 INFO c.h.h.t.HelmChartContainer - [hivemq-test-hivemq-platform] [hivemq-platform-operator] [05b50a5e] 18:48:42.106 [pool-6-thread-33] DEBUG c.h.p.o.dependants.PodInfoConfigMap - [helmaddi] Desired PodInfo ConfigMap (extension state hash: -1817474005)
2025-01-30 18:48:42,113 INFO c.h.h.t.HelmChartContainer - [POD] test-hivemq-platform-0 [30ba5ed2-5a4d-4f51-8d72-5c8440bbbe00] in helmadditionalvolumesit was MODIFIED
2025-01-30 18:48:42,114 INFO c.h.h.t.HelmChartContainer - [hivemq-test-hivemq-platform] [hivemq-platform-operator] [05b50a5e] 18:48:42.113 [pool-6-thread-37] DEBUG c.h.p.o.d.PodServiceAccountResource - [helmaddi] Desired PodServiceAccountResource (serviceAccountName: hivemq-platform-pod-test-hivemq-platform)
2025-01-30 18:48:42,151 INFO c.h.h.t.HelmChartContainer - [hivemq-test-hivemq-platform] [hivemq-platform-operator] [05b50a5e] 18:48:42.150 [pool-6-thread-40] DEBUG c.h.p.o.d.StatefulSetResource - [helmaddi] Desired StatefulSet (1 replicas) for status STARTING (READY)
2025-01-30 18:48:42,158 INFO c.h.h.t.HelmChartContainer - [hivemq-test-hivemq-platform] [hivemq-platform-operator] [05b50a5e] 18:48:42.157 [ReconcilerExecutor-hivemq-controller-86] INFO  c.h.p.o.HiveMQPlatformReconciler - [helmaddi] Reconciling HiveMQ Platform 'test-hivemq-platform' in namespace 'helmadditionalvolumesit'
2025-01-30 18:48:42,158 INFO c.h.h.t.HelmChartContainer - [hivemq-test-hivemq-platform] [hivemq-platform-operator] [05b50a5e] 18:48:42.157 [ReconcilerExecutor-hivemq-controller-86] DEBUG c.h.p.o.HiveMQPlatformReconciler - [helmaddi] Custom Resource Status STARTING - HiveMQ Platform is starting (READY)
2025-01-30 18:48:42,159 INFO c.h.h.t.HelmChartContainer - [hivemq-test-hivemq-platform] [hivemq-platform-operator] [05b50a5e] 18:48:42.157 [ReconcilerExecutor-hivemq-controller-86] DEBUG c.h.p.o.HiveMQPlatformReconciler - [helmaddi] Custom Resource Spec (replicas: 1) (extensions: 1)
2025-01-30 18:48:42,160 INFO c.h.h.t.HelmChartContainer - [hivemq-test-hivemq-platform] [hivemq-platform-operator] [05b50a5e] 18:48:42.159 [ReconcilerExecutor-hivemq-controller-86] DEBUG c.h.p.o.HiveMQPlatformReconciler - [helmaddi] StatefulSet Status (revision: test-hivemq-platform-5d4d897885, replicas: 1, available: 0, ready: 0, current: 1, updated: 1)
2025-01-30 18:48:42,160 INFO c.h.h.t.HelmChartContainer - [hivemq-test-hivemq-platform] [hivemq-platform-operator] [05b50a5e] 18:48:42.159 [ReconcilerExecutor-hivemq-controller-86] DEBUG c.h.p.o.HiveMQPlatformReconciler - [helmaddi] StatefulSet Spec (replicas: 1, init containers: 1, containers: 1, volumes: 7)
2025-01-30 18:48:42,165 INFO c.h.h.t.HelmChartContainer - [hivemq-test-hivemq-platform] [hivemq-platform-operator] [05b50a5e] 18:48:42.164 [ReconcilerExecutor-hivemq-controller-86] DEBUG c.h.p.o.h.HiveMQPlatformReconcilerErrorHandler - [helmaddi] Pod 'test-hivemq-platform-0' phase Pending
2025-01-30 18:48:42,165 INFO c.h.h.t.HelmChartContainer - [hivemq-test-hivemq-platform] [hivemq-platform-operator] [05b50a5e] 18:48:42.165 [ReconcilerExecutor-hivemq-controller-86] DEBUG c.h.p.o.h.HiveMQPlatformReconcilerErrorHandler - [helmaddi] Pod 'test-hivemq-platform-0' condition 'PodReadyToStartContainers': False
2025-01-30 18:48:42,198 INFO c.h.h.t.HelmChartContainer - [K3S] [reconciler_common.go:251] "operationExecutor.VerifyControllerAttachedVolume started for volume \"pod-info\" (UniqueName: \"kubernetes.io/configmap/30ba5ed2-5a4d-4f51-8d72-5c8440bbbe00-pod-info\") pod \"test-hivemq-platform-0\" (UID: \"30ba5ed2-5a4d-4f51-8d72-5c8440bbbe00\") " pod="helmadditionalvolumesit/test-hivemq-platform-0"
2025-01-30 18:48:42,198 INFO c.h.h.t.HelmChartContainer - [K3S] [reconciler_common.go:251] "operationExecutor.VerifyControllerAttachedVolume started for volume \"test-mount-volume\" (UniqueName: \"kubernetes.io/configmap/30ba5ed2-5a4d-4f51-8d72-5c8440bbbe00-test-mount-volume\") pod \"test-hivemq-platform-0\" (UID: \"30ba5ed2-5a4d-4f51-8d72-5c8440bbbe00\") " pod="helmadditionalvolumesit/test-hivemq-platform-0"
2025-01-30 18:48:42,198 INFO c.h.h.t.HelmChartContainer - [K3S] [reconciler_common.go:251] "operationExecutor.VerifyControllerAttachedVolume started for volume \"pvc-ad203939-efab-49b8-ae33-9d5796ecfb4f\" (UniqueName: \"kubernetes.io/local-volume/pvc-ad203939-efab-49b8-ae33-9d5796ecfb4f\") pod \"test-hivemq-platform-0\" (UID: \"30ba5ed2-5a4d-4f51-8d72-5c8440bbbe00\") " pod="helmadditionalvolumesit/test-hivemq-platform-0"
2025-01-30 18:48:42,198 INFO c.h.h.t.HelmChartContainer - [K3S] [reconciler_common.go:251] "operationExecutor.VerifyControllerAttachedVolume started for volume \"broker-configuration\" (UniqueName: \"kubernetes.io/configmap/30ba5ed2-5a4d-4f51-8d72-5c8440bbbe00-broker-configuration\") pod \"test-hivemq-platform-0\" (UID: \"30ba5ed2-5a4d-4f51-8d72-5c8440bbbe00\") " pod="helmadditionalvolumesit/test-hivemq-platform-0"
2025-01-30 18:48:42,198 INFO c.h.h.t.HelmChartContainer - [K3S] [reconciler_common.go:251] "operationExecutor.VerifyControllerAttachedVolume started for volume \"operator-init\" (UniqueName: \"kubernetes.io/empty-dir/30ba5ed2-5a4d-4f51-8d72-5c8440bbbe00-operator-init\") pod \"test-hivemq-platform-0\" (UID: \"30ba5ed2-5a4d-4f51-8d72-5c8440bbbe00\") " pod="helmadditionalvolumesit/test-hivemq-platform-0"
2025-01-30 18:48:42,198 INFO c.h.h.t.HelmChartContainer - [K3S] [reconciler_common.go:251] "operationExecutor.VerifyControllerAttachedVolume started for volume \"kube-api-access-wnp6l\" (UniqueName: \"kubernetes.io/projected/30ba5ed2-5a4d-4f51-8d72-5c8440bbbe00-kube-api-access-wnp6l\") pod \"test-hivemq-platform-0\" (UID: \"30ba5ed2-5a4d-4f51-8d72-5c8440bbbe00\") " pod="helmadditionalvolumesit/test-hivemq-platform-0"
2025-01-30 18:48:42,198 INFO c.h.h.t.HelmChartContainer - [K3S] [reconciler_common.go:251] "operationExecutor.VerifyControllerAttachedVolume started for volume \"test-empty-dir-volume\" (UniqueName: \"kubernetes.io/empty-dir/30ba5ed2-5a4d-4f51-8d72-5c8440bbbe00-test-empty-dir-volume\") pod \"test-hivemq-platform-0\" (UID: \"30ba5ed2-5a4d-4f51-8d72-5c8440bbbe00\") " pod="helmadditionalvolumesit/test-hivemq-platform-0"
2025-01-30 18:48:42,198 INFO c.h.h.t.HelmChartContainer - [K3S] [reconciler_common.go:251] "operationExecutor.VerifyControllerAttachedVolume started for volume \"test-secret-volume\" (UniqueName: \"kubernetes.io/secret/30ba5ed2-5a4d-4f51-8d72-5c8440bbbe00-test-secret-volume\") pod \"test-hivemq-platform-0\" (UID: \"30ba5ed2-5a4d-4f51-8d72-5c8440bbbe00\") " pod="helmadditionalvolumesit/test-hivemq-platform-0"
2025-01-30 18:48:42,248 INFO c.h.h.t.HelmChartContainer - [hivemq-test-hivemq-platform] [hivemq-platform-operator] [05b50a5e] 18:48:42.247 [ReconcilerExecutor-hivemq-controller-86] DEBUG c.h.p.o.h.HiveMQPlatformReconcilerErrorHandler - [helmaddi] Pod 'test-hivemq-platform-0' condition 'Initialized': False
2025-01-30 18:48:42,248 INFO c.h.h.t.HelmChartContainer - [hivemq-test-hivemq-platform] [hivemq-platform-operator] [05b50a5e] 18:48:42.247 [ReconcilerExecutor-hivemq-controller-86] DEBUG c.h.p.o.h.HiveMQPlatformReconcilerErrorHandler - [helmaddi] Pod 'test-hivemq-platform-0' condition 'Ready': False
2025-01-30 18:48:42,248 INFO c.h.h.t.HelmChartContainer - [hivemq-test-hivemq-platform] [hivemq-platform-operator] [05b50a5e] 18:48:42.247 [ReconcilerExecutor-hivemq-controller-86] DEBUG c.h.p.o.h.HiveMQPlatformReconcilerErrorHandler - [helmaddi] Pod 'test-hivemq-platform-0' condition 'ContainersReady': False
2025-01-30 18:48:42,248 INFO c.h.h.t.HelmChartContainer - [hivemq-test-hivemq-platform] [hivemq-platform-operator] [05b50a5e] 18:48:42.247 [ReconcilerExecutor-hivemq-controller-86] DEBUG c.h.p.o.h.HiveMQPlatformReconcilerErrorHandler - [helmaddi] Pod 'test-hivemq-platform-0' condition 'PodScheduled': True
2025-01-30 18:48:42,249 INFO c.h.h.t.HelmChartContainer - [hivemq-test-hivemq-platform] [hivemq-platform-operator] [05b50a5e] 18:48:42.247 [ReconcilerExecutor-hivemq-controller-86] DEBUG c.h.p.o.h.HiveMQPlatformReconcilerErrorHandler - [helmaddi] Pod 'test-hivemq-platform-0' containerStatus 'hivemq' (started: false) (ready: false) (waiting: [PodInitializing] null)
2025-01-30 18:48:42,250 INFO c.h.h.t.HelmChartContainer - [hivemq-test-hivemq-platform] [hivemq-platform-operator] [05b50a5e] 18:48:42.249 [ReconcilerExecutor-hivemq-controller-86] INFO  c.h.p.o.h.HiveMQPlatformReconcilerBaseHandler - [helmaddi] HiveMQ Platform is starting, 0 of 1 replicas are ready
2025-01-30 18:48:42,256 INFO c.h.h.t.HelmChartContainer - [hivemq-test-hivemq-platform] [hivemq-platform-operator] [05b50a5e] 18:48:42.254 [pool-6-thread-42] DEBUG c.h.p.o.d.PlatformServiceResource - [helmaddi] Desired Platform services (3 services)
2025-01-30 18:48:42,257 INFO c.h.h.t.HelmChartContainer - [hivemq-test-hivemq-platform] [hivemq-platform-operator] [05b50a5e] 18:48:42.256 [pool-6-thread-43] DEBUG c.h.p.o.dependants.PodInfoConfigMap - [helmaddi] Desired PodInfo ConfigMap (1 extensions) (1 enabled)
2025-01-30 18:48:42,259 INFO c.h.h.t.HelmChartContainer - [hivemq-test-hivemq-platform] [hivemq-platform-operator] [05b50a5e] 18:48:42.256 [pool-6-thread-43] DEBUG c.h.p.o.dependants.PodInfoConfigMap - [helmaddi] Desired PodInfo ConfigMap (metrics port: 9399) (metrics path: /)
2025-01-30 18:48:42,259 INFO c.h.h.t.HelmChartContainer - [hivemq-test-hivemq-platform] [hivemq-platform-operator] [05b50a5e] 18:48:42.256 [pool-6-thread-43] DEBUG c.h.p.o.dependants.PodInfoConfigMap - [helmaddi] Desired PodInfo ConfigMap (extension state hash: -1817474005)
2025-01-30 18:48:42,260 INFO c.h.h.t.HelmChartContainer - [hivemq-test-hivemq-platform] [hivemq-platform-operator] [05b50a5e] 18:48:42.258 [pool-6-thread-47] DEBUG c.h.p.o.d.PodServiceAccountResource - [helmaddi] Desired PodServiceAccountResource (serviceAccountName: hivemq-platform-pod-test-hivemq-platform)
2025-01-30 18:48:42,352 INFO c.h.h.t.HelmChartContainer - [hivemq-test-hivemq-platform] [hivemq-platform-operator] [05b50a5e] 18:48:42.350 [pool-6-thread-50] DEBUG c.h.p.o.d.StatefulSetResource - [helmaddi] Desired StatefulSet (1 replicas) for status STARTING (READY)
2025-01-30 18:48:42,357 INFO c.h.h.t.HelmChartContainer - [hivemq-test-hivemq-platform] [hivemq-platform-operator] [05b50a5e] 18:48:42.356 [ReconcilerExecutor-hivemq-controller-97] INFO  c.h.p.o.HiveMQPlatformReconciler - [helmaddi] Reconciling HiveMQ Platform 'test-hivemq-platform' in namespace 'helmadditionalvolumesit'
2025-01-30 18:48:42,357 INFO c.h.h.t.HelmChartContainer - [hivemq-test-hivemq-platform] [hivemq-platform-operator] [05b50a5e] 18:48:42.356 [ReconcilerExecutor-hivemq-controller-97] DEBUG c.h.p.o.HiveMQPlatformReconciler - [helmaddi] Custom Resource Status STARTING - HiveMQ Platform is starting (READY)
2025-01-30 18:48:42,357 INFO c.h.h.t.HelmChartContainer - [hivemq-test-hivemq-platform] [hivemq-platform-operator] [05b50a5e] 18:48:42.356 [ReconcilerExecutor-hivemq-controller-97] DEBUG c.h.p.o.HiveMQPlatformReconciler - [helmaddi] Custom Resource Spec (replicas: 1) (extensions: 1)
2025-01-30 18:48:42,358 INFO c.h.h.t.HelmChartContainer - [hivemq-test-hivemq-platform] [hivemq-platform-operator] [05b50a5e] 18:48:42.358 [ReconcilerExecutor-hivemq-controller-97] DEBUG c.h.p.o.HiveMQPlatformReconciler - [helmaddi] StatefulSet Status (revision: test-hivemq-platform-5d4d897885, replicas: 1, available: 0, ready: 0, current: 1, updated: 1)
2025-01-30 18:48:42,359 INFO c.h.h.t.HelmChartContainer - [hivemq-test-hivemq-platform] [hivemq-platform-operator] [05b50a5e] 18:48:42.358 [ReconcilerExecutor-hivemq-controller-97] DEBUG c.h.p.o.HiveMQPlatformReconciler - [helmaddi] StatefulSet Spec (replicas: 1, init containers: 1, containers: 1, volumes: 7)
2025-01-30 18:48:42,361 INFO c.h.h.t.HelmChartContainer - [hivemq-test-hivemq-platform] [hivemq-platform-operator] [05b50a5e] 18:48:42.360 [ReconcilerExecutor-hivemq-controller-97] DEBUG c.h.p.o.h.HiveMQPlatformReconcilerErrorHandler - [helmaddi] Pod 'test-hivemq-platform-0' phase Pending
2025-01-30 18:48:42,362 INFO c.h.h.t.HelmChartContainer - [hivemq-test-hivemq-platform] [hivemq-platform-operator] [05b50a5e] 18:48:42.360 [ReconcilerExecutor-hivemq-controller-97] DEBUG c.h.p.o.h.HiveMQPlatformReconcilerErrorHandler - [helmaddi] Pod 'test-hivemq-platform-0' condition 'PodReadyToStartContainers': False
2025-01-30 18:48:42,362 INFO c.h.h.t.HelmChartContainer - [hivemq-test-hivemq-platform] [hivemq-platform-operator] [05b50a5e] 18:48:42.360 [ReconcilerExecutor-hivemq-controller-97] DEBUG c.h.p.o.h.HiveMQPlatformReconcilerErrorHandler - [helmaddi] Pod 'test-hivemq-platform-0' condition 'Initialized': False
2025-01-30 18:48:42,362 INFO c.h.h.t.HelmChartContainer - [hivemq-test-hivemq-platform] [hivemq-platform-operator] [05b50a5e] 18:48:42.360 [ReconcilerExecutor-hivemq-controller-97] DEBUG c.h.p.o.h.HiveMQPlatformReconcilerErrorHandler - [helmaddi] Pod 'test-hivemq-platform-0' condition 'Ready': False
2025-01-30 18:48:42,363 INFO c.h.h.t.HelmChartContainer - [hivemq-test-hivemq-platform] [hivemq-platform-operator] [05b50a5e] 18:48:42.360 [ReconcilerExecutor-hivemq-controller-97] DEBUG c.h.p.o.h.HiveMQPlatformReconcilerErrorHandler - [helmaddi] Pod 'test-hivemq-platform-0' condition 'ContainersReady': False
2025-01-30 18:48:42,363 INFO c.h.h.t.HelmChartContainer - [hivemq-test-hivemq-platform] [hivemq-platform-operator] [05b50a5e] 18:48:42.360 [ReconcilerExecutor-hivemq-controller-97] DEBUG c.h.p.o.h.HiveMQPlatformReconcilerErrorHandler - [helmaddi] Pod 'test-hivemq-platform-0' condition 'PodScheduled': True
2025-01-30 18:48:42,363 INFO c.h.h.t.HelmChartContainer - [hivemq-test-hivemq-platform] [hivemq-platform-operator] [05b50a5e] 18:48:42.360 [ReconcilerExecutor-hivemq-controller-97] DEBUG c.h.p.o.h.HiveMQPlatformReconcilerErrorHandler - [helmaddi] Pod 'test-hivemq-platform-0' containerStatus 'hivemq' (started: false) (ready: false) (waiting: [PodInitializing] null)
2025-01-30 18:48:42,363 INFO c.h.h.t.HelmChartContainer - [hivemq-test-hivemq-platform] [hivemq-platform-operator] [05b50a5e] 18:48:42.361 [ReconcilerExecutor-hivemq-controller-97] INFO  c.h.p.o.h.HiveMQPlatformReconcilerBaseHandler - [helmaddi] HiveMQ Platform is starting, 0 of 1 replicas are ready
2025-01-30 18:48:42,480 INFO c.h.h.t.HelmChartContainer - [EVENT] Normal [Pulled] Container image "docker.io/hivemq/hivemq-platform-operator-init-test:snapshot" already present on machine [helmadditionalvolumesit:test-hivemq-platform-0]
2025-01-30 18:48:42,617 INFO c.h.h.t.HelmChartContainer - [EVENT] Normal [Created] Created container: hivemq-platform-operator-init [helmadditionalvolumesit:test-hivemq-platform-0]
2025-01-30 18:48:42,657 INFO c.h.h.t.HelmChartContainer - [EVENT] Normal [Started] Started container hivemq-platform-operator-init [helmadditionalvolumesit:test-hivemq-platform-0]
2025-01-30 18:48:42,802 INFO c.h.h.t.HelmChartContainer - [K3S] [status_manager.go:890] "Failed to get status for pod" podUID="a061e689-e108-469e-99fb-695c0c7fac06" pod="kube-system/helper-pod-create-pvc-ad203939-efab-49b8-ae33-9d5796ecfb4f" err="pods \"helper-pod-create-pvc-ad203939-efab-49b8-ae33-9d5796ecfb4f\" is forbidden: User \"system:node:fbf317419dc0\" cannot get resource \"pods\" in API group \"\" in the namespace \"kube-system\": no relationship found between node 'fbf317419dc0' and this object"
2025-01-30 18:48:42,804 INFO c.h.h.t.HelmChartContainer - [EVENT] Normal [Pulled] Container image "docker.io/hivemq/hivemq4:4.36.0" already present on machine [helmadditionalvolumesit:test-hivemq-platform-0]
2025-01-30 18:48:42,804 INFO c.h.h.t.HelmChartContainer - Received Pulled event for container hivemq in pod test-hivemq-platform-0 [30ba5ed2-5a4d-4f51-8d72-5c8440bbbe00]
2025-01-30 18:48:42,822 INFO c.h.h.t.HelmChartContainer - [POD] test-hivemq-platform-0 [30ba5ed2-5a4d-4f51-8d72-5c8440bbbe00] in helmadditionalvolumesit was MODIFIED
2025-01-30 18:48:42,838 INFO c.h.h.t.HelmChartContainer - [hivemq-test-hivemq-platform] [hivemq-platform-operator] [05b50a5e] 18:48:42.833 [pool-6-thread-5] DEBUG c.h.p.o.d.PlatformServiceResource - [helmaddi] Desired Platform services (3 services)
2025-01-30 18:48:42,843 INFO c.h.h.t.HelmChartContainer - [hivemq-test-hivemq-platform] [hivemq-platform-operator] [05b50a5e] 18:48:42.836 [pool-6-thread-3] DEBUG c.h.p.o.dependants.PodInfoConfigMap - [helmaddi] Desired PodInfo ConfigMap (1 extensions) (1 enabled)
2025-01-30 18:48:42,843 INFO c.h.h.t.HelmChartContainer - [hivemq-test-hivemq-platform] [hivemq-platform-operator] [05b50a5e] 18:48:42.836 [pool-6-thread-3] DEBUG c.h.p.o.dependants.PodInfoConfigMap - [helmaddi] Desired PodInfo ConfigMap (metrics port: 9399) (metrics path: /)
2025-01-30 18:48:42,843 INFO c.h.h.t.HelmChartContainer - [hivemq-test-hivemq-platform] [hivemq-platform-operator] [05b50a5e] 18:48:42.836 [pool-6-thread-3] DEBUG c.h.p.o.dependants.PodInfoConfigMap - [helmaddi] Desired PodInfo ConfigMap (extension state hash: -1817474005)
2025-01-30 18:48:42,846 INFO c.h.h.t.HelmChartContainer - [hivemq-test-hivemq-platform] [hivemq-platform-operator] [05b50a5e] 18:48:42.840 [pool-6-thread-3] DEBUG c.h.p.o.d.PodServiceAccountResource - [helmaddi] Desired PodServiceAccountResource (serviceAccountName: hivemq-platform-pod-test-hivemq-platform)
2025-01-30 18:48:42,918 INFO c.h.h.t.HelmChartContainer - [hivemq-test-hivemq-platform] [hivemq-platform-operator] [05b50a5e] 18:48:42.851 [pool-6-thread-5] DEBUG c.h.p.o.d.StatefulSetResource - [helmaddi] Desired StatefulSet (1 replicas) for status STARTING (READY)
2025-01-30 18:48:42,923 INFO c.h.h.t.HelmChartContainer - [hivemq-test-hivemq-platform] [hivemq-platform-operator] [05b50a5e] 18:48:42.922 [ReconcilerExecutor-hivemq-controller-108] INFO  c.h.p.o.HiveMQPlatformReconciler - [helmaddi] Reconciling HiveMQ Platform 'test-hivemq-platform' in namespace 'helmadditionalvolumesit'
2025-01-30 18:48:42,924 INFO c.h.h.t.HelmChartContainer - [hivemq-test-hivemq-platform] [hivemq-platform-operator] [05b50a5e] 18:48:42.922 [ReconcilerExecutor-hivemq-controller-108] DEBUG c.h.p.o.HiveMQPlatformReconciler - [helmaddi] Custom Resource Status STARTING - HiveMQ Platform is starting (READY)
2025-01-30 18:48:42,930 INFO c.h.h.t.HelmChartContainer - [hivemq-test-hivemq-platform] [hivemq-platform-operator] [05b50a5e] 18:48:42.923 [ReconcilerExecutor-hivemq-controller-108] DEBUG c.h.p.o.HiveMQPlatformReconciler - [helmaddi] Custom Resource Spec (replicas: 1) (extensions: 1)
2025-01-30 18:48:42,930 INFO c.h.h.t.HelmChartContainer - [hivemq-test-hivemq-platform] [hivemq-platform-operator] [05b50a5e] 18:48:42.925 [ReconcilerExecutor-hivemq-controller-108] DEBUG c.h.p.o.HiveMQPlatformReconciler - [helmaddi] StatefulSet Status (revision: test-hivemq-platform-5d4d897885, replicas: 1, available: 0, ready: 0, current: 1, updated: 1)
2025-01-30 18:48:42,932 INFO c.h.h.t.HelmChartContainer - [hivemq-test-hivemq-platform] [hivemq-platform-operator] [05b50a5e] 18:48:42.925 [ReconcilerExecutor-hivemq-controller-108] DEBUG c.h.p.o.HiveMQPlatformReconciler - [helmaddi] StatefulSet Spec (replicas: 1, init containers: 1, containers: 1, volumes: 7)
2025-01-30 18:48:42,933 INFO c.h.h.t.HelmChartContainer - [hivemq-test-hivemq-platform] [hivemq-platform-operator] [05b50a5e] 18:48:42.929 [ReconcilerExecutor-hivemq-controller-108] DEBUG c.h.p.o.h.HiveMQPlatformReconcilerErrorHandler - [helmaddi] Pod 'test-hivemq-platform-0' phase Pending
2025-01-30 18:48:42,933 INFO c.h.h.t.HelmChartContainer - [hivemq-test-hivemq-platform] [hivemq-platform-operator] [05b50a5e] 18:48:42.929 [ReconcilerExecutor-hivemq-controller-108] DEBUG c.h.p.o.h.HiveMQPlatformReconcilerErrorHandler - [helmaddi] Pod 'test-hivemq-platform-0' condition 'PodReadyToStartContainers': True
2025-01-30 18:48:42,933 INFO c.h.h.t.HelmChartContainer - [hivemq-test-hivemq-platform] [hivemq-platform-operator] [05b50a5e] 18:48:42.929 [ReconcilerExecutor-hivemq-controller-108] DEBUG c.h.p.o.h.HiveMQPlatformReconcilerErrorHandler - [helmaddi] Pod 'test-hivemq-platform-0' condition 'Initialized': True
2025-01-30 18:48:42,933 INFO c.h.h.t.HelmChartContainer - [hivemq-test-hivemq-platform] [hivemq-platform-operator] [05b50a5e] 18:48:42.929 [ReconcilerExecutor-hivemq-controller-108] DEBUG c.h.p.o.h.HiveMQPlatformReconcilerErrorHandler - [helmaddi] Pod 'test-hivemq-platform-0' condition 'Ready': False
2025-01-30 18:48:42,933 INFO c.h.h.t.HelmChartContainer - [hivemq-test-hivemq-platform] [hivemq-platform-operator] [05b50a5e] 18:48:42.929 [ReconcilerExecutor-hivemq-controller-108] DEBUG c.h.p.o.h.HiveMQPlatformReconcilerErrorHandler - [helmaddi] Pod 'test-hivemq-platform-0' condition 'ContainersReady': False
2025-01-30 18:48:42,933 INFO c.h.h.t.HelmChartContainer - [hivemq-test-hivemq-platform] [hivemq-platform-operator] [05b50a5e] 18:48:42.929 [ReconcilerExecutor-hivemq-controller-108] DEBUG c.h.p.o.h.HiveMQPlatformReconcilerErrorHandler - [helmaddi] Pod 'test-hivemq-platform-0' condition 'PodScheduled': True
2025-01-30 18:48:42,935 INFO c.h.h.t.HelmChartContainer - [hivemq-test-hivemq-platform] [hivemq-platform-operator] [05b50a5e] 18:48:42.929 [ReconcilerExecutor-hivemq-controller-108] DEBUG c.h.p.o.h.HiveMQPlatformReconcilerErrorHandler - [helmaddi] Pod 'test-hivemq-platform-0' containerStatus 'hivemq' (started: false) (ready: false) (waiting: [PodInitializing] null)
2025-01-30 18:48:42,935 INFO c.h.h.t.HelmChartContainer - [hivemq-test-hivemq-platform] [hivemq-platform-operator] [05b50a5e] 18:48:42.930 [ReconcilerExecutor-hivemq-controller-108] INFO  c.h.p.o.h.HiveMQPlatformReconcilerBaseHandler - [helmaddi] HiveMQ Platform is starting, 0 of 1 replicas are ready
2025-01-30 18:48:43,096 INFO c.h.h.t.HelmChartContainer - [K3S] [status_manager.go:890] "Failed to get status for pod" podUID="a061e689-e108-469e-99fb-695c0c7fac06" pod="kube-system/helper-pod-create-pvc-ad203939-efab-49b8-ae33-9d5796ecfb4f" err="pods \"helper-pod-create-pvc-ad203939-efab-49b8-ae33-9d5796ecfb4f\" is forbidden: User \"system:node:fbf317419dc0\" cannot get resource \"pods\" in API group \"\" in the namespace \"kube-system\": no relationship found between node 'fbf317419dc0' and this object"
2025-01-30 18:48:43,097 INFO c.h.h.t.HelmChartContainer - [K3S] [kubelet_volumes.go:163] "Cleaned up orphaned pod volumes dir" podUID="a061e689-e108-469e-99fb-695c0c7fac06" path="/var/lib/kubelet/pods/a061e689-e108-469e-99fb-695c0c7fac06/volumes"
2025-01-30 18:48:44,101 INFO c.h.h.t.HelmChartContainer - [EVENT] Normal [Created] Created container: hivemq [helmadditionalvolumesit:test-hivemq-platform-0]
2025-01-30 18:48:44,102 INFO c.h.h.t.HelmChartContainer - Received Created event for container hivemq in pod test-hivemq-platform-0 [30ba5ed2-5a4d-4f51-8d72-5c8440bbbe00]
2025-01-30 18:48:44,819 INFO c.h.h.t.HelmChartContainer - [POD] test-hivemq-platform-0 [30ba5ed2-5a4d-4f51-8d72-5c8440bbbe00] in helmadditionalvolumesit was MODIFIED
2025-01-30 18:48:44,830 INFO c.h.h.t.HelmChartContainer - [EVENT] Normal [Started] Started container hivemq [helmadditionalvolumesit:test-hivemq-platform-0]
2025-01-30 18:48:44,830 INFO c.h.h.t.HelmChartContainer - Received Started event for container hivemq in pod test-hivemq-platform-0 [30ba5ed2-5a4d-4f51-8d72-5c8440bbbe00]
2025-01-30 18:48:44,830 INFO c.h.h.t.HelmChartContainer - Started log watcher for hivemq in pod test-hivemq-platform-0 [30ba5ed2-5a4d-4f51-8d72-5c8440bbbe00]
2025-01-30 18:48:44,830 INFO c.h.h.t.HelmChartContainer - [hivemq-test-hivemq-platform] [hivemq-platform-operator] [05b50a5e] 18:48:44.826 [pool-6-thread-14] DEBUG c.h.p.o.d.PlatformServiceResource - [helmaddi] Desired Platform services (3 services)
2025-01-30 18:48:44,830 INFO c.h.h.t.HelmChartContainer - [hivemq-test-hivemq-platform] [hivemq-platform-operator] [05b50a5e] 18:48:44.827 [pool-6-thread-17] DEBUG c.h.p.o.d.PodServiceAccountResource - [helmaddi] Desired PodServiceAccountResource (serviceAccountName: hivemq-platform-pod-test-hivemq-platform)
2025-01-30 18:48:44,830 INFO c.h.h.t.HelmChartContainer - [hivemq-test-hivemq-platform] [hivemq-platform-operator] [05b50a5e] 18:48:44.828 [pool-6-thread-11] DEBUG c.h.p.o.dependants.PodInfoConfigMap - [helmaddi] Desired PodInfo ConfigMap (1 extensions) (1 enabled)
2025-01-30 18:48:44,830 INFO c.h.h.t.HelmChartContainer - [hivemq-test-hivemq-platform] [hivemq-platform-operator] [05b50a5e] 18:48:44.828 [pool-6-thread-11] DEBUG c.h.p.o.dependants.PodInfoConfigMap - [helmaddi] Desired PodInfo ConfigMap (metrics port: 9399) (metrics path: /)
2025-01-30 18:48:44,830 INFO c.h.h.t.HelmChartContainer - [hivemq-test-hivemq-platform] [hivemq-platform-operator] [05b50a5e] 18:48:44.829 [pool-6-thread-11] DEBUG c.h.p.o.dependants.PodInfoConfigMap - [helmaddi] Desired PodInfo ConfigMap (extension state hash: -1817474005)
2025-01-30 18:48:44,834 INFO c.h.h.t.HelmChartContainer - [hivemq-test-hivemq-platform] [hivemq-platform-operator] [05b50a5e] 18:48:44.833 [pool-6-thread-14] DEBUG c.h.p.o.d.StatefulSetResource - [helmaddi] Desired StatefulSet (1 replicas) for status STARTING (READY)
2025-01-30 18:48:44,835 INFO c.h.h.t.HelmChartContainer - [test-hivemq-platform] [hivemq] [30ba5ed2] Adding pre-installed HiveMQ Platform Operator extensions
2025-01-30 18:48:44,835 INFO c.h.h.t.HelmChartContainer - [test-hivemq-platform] [hivemq] [30ba5ed2] Running as user 10000
2025-01-30 18:48:44,835 INFO c.h.h.t.HelmChartContainer - [test-hivemq-platform] [hivemq] [30ba5ed2] Starting HiveMQ Platform Operator Init
2025-01-30 18:48:44,918 INFO c.h.h.t.HelmChartContainer - [hivemq-test-hivemq-platform] [hivemq-platform-operator] [05b50a5e] 18:48:44.917 [ReconcilerExecutor-hivemq-controller-109] INFO  c.h.p.o.HiveMQPlatformReconciler - [helmaddi] Reconciling HiveMQ Platform 'test-hivemq-platform' in namespace 'helmadditionalvolumesit'
2025-01-30 18:48:44,918 INFO c.h.h.t.HelmChartContainer - [hivemq-test-hivemq-platform] [hivemq-platform-operator] [05b50a5e] 18:48:44.917 [ReconcilerExecutor-hivemq-controller-109] DEBUG c.h.p.o.HiveMQPlatformReconciler - [helmaddi] Custom Resource Status STARTING - HiveMQ Platform is starting (READY)
2025-01-30 18:48:44,918 INFO c.h.h.t.HelmChartContainer - [hivemq-test-hivemq-platform] [hivemq-platform-operator] [05b50a5e] 18:48:44.917 [ReconcilerExecutor-hivemq-controller-109] DEBUG c.h.p.o.HiveMQPlatformReconciler - [helmaddi] Custom Resource Spec (replicas: 1) (extensions: 1)
2025-01-30 18:48:44,921 INFO c.h.h.t.HelmChartContainer - [hivemq-test-hivemq-platform] [hivemq-platform-operator] [05b50a5e] 18:48:44.919 [ReconcilerExecutor-hivemq-controller-109] DEBUG c.h.p.o.HiveMQPlatformReconciler - [helmaddi] StatefulSet Status (revision: test-hivemq-platform-5d4d897885, replicas: 1, available: 0, ready: 0, current: 1, updated: 1)
2025-01-30 18:48:44,921 INFO c.h.h.t.HelmChartContainer - [hivemq-test-hivemq-platform] [hivemq-platform-operator] [05b50a5e] 18:48:44.919 [ReconcilerExecutor-hivemq-controller-109] DEBUG c.h.p.o.HiveMQPlatformReconciler - [helmaddi] StatefulSet Spec (replicas: 1, init containers: 1, containers: 1, volumes: 7)
2025-01-30 18:48:44,922 INFO c.h.h.t.HelmChartContainer - [hivemq-test-hivemq-platform] [hivemq-platform-operator] [05b50a5e] 18:48:44.921 [ReconcilerExecutor-hivemq-controller-109] DEBUG c.h.p.o.h.HiveMQPlatformReconcilerErrorHandler - [helmaddi] Pod 'test-hivemq-platform-0' phase Running
2025-01-30 18:48:44,923 INFO c.h.h.t.HelmChartContainer - [hivemq-test-hivemq-platform] [hivemq-platform-operator] [05b50a5e] 18:48:44.922 [ReconcilerExecutor-hivemq-controller-109] INFO  c.h.p.o.h.HiveMQPlatformReconcilerBaseHandler - [helmaddi] HiveMQ Platform is starting, 0 of 1 replicas are ready
2025-01-30 18:48:45,247 INFO c.h.h.t.HelmChartContainer - [test-hivemq-platform] [hivemq] [30ba5ed2] INFO  - [HiveMQ Platform Operator Init 1.7.0-SNAPSHOT] HiveMQ Platform Operator Init 1.7.0-SNAPSHOT (commit: 47e3375 on branch: HEAD) built on Thu Jan 30 03:55:50 UTC 2025
2025-01-30 18:48:46,460 INFO c.h.h.t.HelmChartContainer - [test-hivemq-platform] [hivemq] [30ba5ed2] INFO  - [HiveMQ Platform Operator Init App 1.7.0-SNAPSHOT] Using bind address 10.42.0.15 from environment variable
2025-01-30 18:48:47,343 INFO c.h.h.t.HelmChartContainer - [test-hivemq-platform] [hivemq] [30ba5ed2] INFO  - [HiveMQ Platform Operator Init App 1.7.0-SNAPSHOT] HiveMQ Platform Operator Init App 1.7.0-SNAPSHOT (commit: 47e3375 on branch: HEAD) built on Thu Jan 30 03:55:50 UTC 2025
2025-01-30 18:48:47,343 INFO c.h.h.t.HelmChartContainer - [test-hivemq-platform] [hivemq] [30ba5ed2] INFO  - [HiveMQ Platform Operator Init App 1.7.0-SNAPSHOT] PodInfo ConfigMap directory: /etc/podinfo
2025-01-30 18:48:47,343 INFO c.h.h.t.HelmChartContainer - [test-hivemq-platform] [hivemq] [30ba5ed2] INFO  - [HiveMQ Platform Operator Init App 1.7.0-SNAPSHOT] HiveMQ home directory: /opt/hivemq
2025-01-30 18:48:47,343 INFO c.h.h.t.HelmChartContainer - [test-hivemq-platform] [hivemq] [30ba5ed2] INFO  - [HiveMQ Platform Operator Init App 1.7.0-SNAPSHOT] HiveMQ Logback folder: /opt/hivemq/conf
2025-01-30 18:48:47,344 INFO c.h.h.t.HelmChartContainer - [test-hivemq-platform] [hivemq] [30ba5ed2] INFO  - [HiveMQ Platform Operator Init App 1.7.0-SNAPSHOT] HiveMQ Config folder: /opt/hivemq/conf-k8s
2025-01-30 18:48:47,344 INFO c.h.h.t.HelmChartContainer - [test-hivemq-platform] [hivemq] [30ba5ed2] INFO  - [HiveMQ Platform Operator Init App 1.7.0-SNAPSHOT] Starting HiveMQ Platform Operator Init App
2025-01-30 18:48:47,344 INFO c.h.h.t.HelmChartContainer - [test-hivemq-platform] [hivemq] [30ba5ed2] INFO  - [HiveMQ Platform Operator Init App 1.7.0-SNAPSHOT] Starting Pod reconciler
2025-01-30 18:48:48,441 INFO c.h.h.t.HelmChartContainer - [test-hivemq-platform] [hivemq] [30ba5ed2] INFO  - [HiveMQ Platform Operator Init App 1.7.0-SNAPSHOT] Pod reconciler is scheduled (interval: 5000 ms)
2025-01-30 18:48:48,442 INFO c.h.h.t.HelmChartContainer - [test-hivemq-platform] [hivemq] [30ba5ed2] INFO  - [HiveMQ Platform Operator Init App 1.7.0-SNAPSHOT] Starting the REST API on 10.42.0.15:7979
2025-01-30 18:48:48,444 INFO c.h.h.t.HelmChartContainer - [test-hivemq-platform] [hivemq] [30ba5ed2] INFO  - [HiveMQ Platform Operator Init App 1.7.0-SNAPSHOT] Waiting up to 600s for at most 1 HiveMQ nodes in cluster service hivemq-test-hivemq-platform-cluster.helmadditionalvolumesit.svc
2025-01-30 18:48:48,750 INFO c.h.h.t.HelmChartContainer - [test-hivemq-platform] [hivemq] [30ba5ed2] INFO  - [HiveMQ Platform Operator Init App 1.7.0-SNAPSHOT] Resolved 1 IP addresses: [10.42.0.15]
2025-01-30 18:48:48,750 INFO c.h.h.t.HelmChartContainer - [test-hivemq-platform] [hivemq] [30ba5ed2] INFO  - [HiveMQ Platform Operator Init App 1.7.0-SNAPSHOT] HiveMQ node count of 1 is within threshold of 1
2025-01-30 18:48:48,750 INFO c.h.h.t.HelmChartContainer - [test-hivemq-platform] [hivemq] [30ba5ed2] INFO  - [HiveMQ Platform Operator Init App 1.7.0-SNAPSHOT] Proceeding with container start
2025-01-30 18:48:48,846 INFO c.h.h.t.HelmChartContainer - [test-hivemq-platform] [hivemq] [30ba5ed2] INFO  - [HiveMQ Platform Operator Init App 1.7.0-SNAPSHOT] Initializing HiveMQ Platform extensions with initial configuration: {hivemq-allow-all-extension={start-priority=-1, skip-https-hostname-verification=false, restart=true, config-version=0, header-version=0, c-uri=, priority=-1, uri=preinstalled, skip-https-certificate-validation=false, enabled=true}, hivemq-prometheus-extension={priority=-1, start-priority=-1, c-uri=, skip-https-hostname-verification=false, skip-https-certificate-validation=false, uri=preinstalled, request-header-path=no-request-headers, enabled=true, restart=true}}
2025-01-30 18:48:49,254 INFO c.h.h.t.HelmChartContainer - [test-hivemq-platform] [hivemq] [30ba5ed2] INFO  - [HiveMQ Platform Operator Init App 1.7.0-SNAPSHOT] Extension hivemq-allow-all-extension was already enabled
2025-01-30 18:48:49,345 INFO c.h.h.t.HelmChartContainer - [test-hivemq-platform] [hivemq] [30ba5ed2] INFO  - [HiveMQ Platform Operator Init App 1.7.0-SNAPSHOT] Successfully enabled extension hivemq-prometheus-extension
2025-01-30 18:48:49,346 INFO c.h.h.t.HelmChartContainer - [test-hivemq-platform] [hivemq] [30ba5ed2] INFO  - [HiveMQ Platform Operator Init App 1.7.0-SNAPSHOT] Starting HiveMQ Platform version 4.36.0 (4.36.0)
2025-01-30 18:48:49,347 INFO c.h.h.t.HelmChartContainer - [test-hivemq-platform] [hivemq] [30ba5ed2] INFO  - [HiveMQ Platform Operator Init App 1.7.0-SNAPSHOT] Configuring the HiveMQ Platform
2025-01-30 18:48:49,440 INFO c.h.h.t.HelmChartContainer - [test-hivemq-platform] [hivemq] [30ba5ed2] INFO  - [HiveMQ Platform Operator Init App 1.7.0-SNAPSHOT] Changed logback.xml file scan period to 20 seconds
2025-01-30 18:48:49,537 INFO c.h.h.t.HelmChartContainer - [test-hivemq-platform] [hivemq] [30ba5ed2] INFO  - [HiveMQ Platform Operator Init App 1.7.0-SNAPSHOT] Starting the HiveMQ Platform
2025-01-30 18:48:49,541 INFO c.h.h.t.HelmChartContainer - [test-hivemq-platform] [hivemq] [30ba5ed2] -------------------------------------------------------------------------
2025-01-30 18:48:49,541 INFO c.h.h.t.HelmChartContainer - [test-hivemq-platform] [hivemq] [30ba5ed2] 
2025-01-30 18:48:49,541 INFO c.h.h.t.HelmChartContainer - [test-hivemq-platform] [hivemq] [30ba5ed2]                   _    _  _              __  __   ____
2025-01-30 18:48:49,541 INFO c.h.h.t.HelmChartContainer - [test-hivemq-platform] [hivemq] [30ba5ed2]                  | |  | |(_)            |  \/  | / __ \
2025-01-30 18:48:49,541 INFO c.h.h.t.HelmChartContainer - [test-hivemq-platform] [hivemq] [30ba5ed2]                  | |__| | _ __   __ ___ | \  / || |  | |
2025-01-30 18:48:49,541 INFO c.h.h.t.HelmChartContainer - [test-hivemq-platform] [hivemq] [30ba5ed2]                  |  __  || |\ \ / // _ \| |\/| || |  | |
2025-01-30 18:48:49,541 INFO c.h.h.t.HelmChartContainer - [test-hivemq-platform] [hivemq] [30ba5ed2]                  | |  | || | \ V /|  __/| |  | || |__| |
2025-01-30 18:48:49,541 INFO c.h.h.t.HelmChartContainer - [test-hivemq-platform] [hivemq] [30ba5ed2]                  |_|  |_||_|  \_/  \___||_|  |_| \___\_\
2025-01-30 18:48:49,541 INFO c.h.h.t.HelmChartContainer - [test-hivemq-platform] [hivemq] [30ba5ed2] 
2025-01-30 18:48:49,541 INFO c.h.h.t.HelmChartContainer - [test-hivemq-platform] [hivemq] [30ba5ed2] -------------------------------------------------------------------------
2025-01-30 18:48:49,541 INFO c.h.h.t.HelmChartContainer - [test-hivemq-platform] [hivemq] [30ba5ed2] 
2025-01-30 18:48:49,543 INFO c.h.h.t.HelmChartContainer - [test-hivemq-platform] [hivemq] [30ba5ed2]   HiveMQ Start Script for Linux/Unix v1.14
2025-01-30 18:48:49,543 INFO c.h.h.t.HelmChartContainer - [test-hivemq-platform] [hivemq] [30ba5ed2] 
2025-01-30 18:48:49,571 INFO c.h.h.t.HelmChartContainer - [test-hivemq-platform] [hivemq] [30ba5ed2] -------------------------------------------------------------------------
2025-01-30 18:48:49,571 INFO c.h.h.t.HelmChartContainer - [test-hivemq-platform] [hivemq] [30ba5ed2] 
2025-01-30 18:48:49,571 INFO c.h.h.t.HelmChartContainer - [test-hivemq-platform] [hivemq] [30ba5ed2]   HIVEMQ_HOME: /opt/hivemq
2025-01-30 18:48:49,571 INFO c.h.h.t.HelmChartContainer - [test-hivemq-platform] [hivemq] [30ba5ed2] 
2025-01-30 18:48:49,571 INFO c.h.h.t.HelmChartContainer - [test-hivemq-platform] [hivemq] [30ba5ed2]   JAVA_OPTS: -XX:+UnlockExperimentalVMOptions -XX:InitialRAMPercentage=50 -XX:MaxRAMPercentage=50 -Djava.net.preferIPv4Stack=true --add-opens java.base/java.lang=ALL-UNNAMED --add-opens java.base/java.nio=ALL-UNNAMED --add-opens java.base/sun.nio.ch=ALL-UNNAMED --add-opens jdk.management/com.sun.management.internal=ALL-UNNAMED --add-exports java.base/jdk.internal.misc=ALL-UNNAMED -Djava.security.egd=file:/dev/./urandom -Dcom.sun.management.jmxremote -Dcom.sun.management.jmxremote.port=9010 -Dcom.sun.management.jmxremote.local.only=false -Dcom.sun.management.jmxremote.authenticate=false -Dcom.sun.management.jmxremote.ssl=false -Duser.language=en -Duser.region=US -XX:+CrashOnOutOfMemoryError -XX:+HeapDumpOnOutOfMemoryError
2025-01-30 18:48:49,571 INFO c.h.h.t.HelmChartContainer - [test-hivemq-platform] [hivemq] [30ba5ed2] 
2025-01-30 18:48:49,571 INFO c.h.h.t.HelmChartContainer - [test-hivemq-platform] [hivemq] [30ba5ed2]   JAVA_VERSION: 21
2025-01-30 18:48:49,571 INFO c.h.h.t.HelmChartContainer - [test-hivemq-platform] [hivemq] [30ba5ed2] 
2025-01-30 18:48:49,571 INFO c.h.h.t.HelmChartContainer - [test-hivemq-platform] [hivemq] [30ba5ed2] -------------------------------------------------------------------------
2025-01-30 18:48:49,571 INFO c.h.h.t.HelmChartContainer - [test-hivemq-platform] [hivemq] [30ba5ed2] 
2025-01-30 18:48:50,845 INFO c.h.h.t.HelmChartContainer - [test-hivemq-platform] [hivemq] [30ba5ed2] INFO  - [HiveMQ Platform Operator Init App 1.7.0-SNAPSHOT] Returning default Health API response 503 for readiness
2025-01-30 18:48:51,248 INFO c.h.h.t.HelmChartContainer - [EVENT] Warning [Unhealthy] Readiness probe failed: HTTP probe failed with statuscode: 503 [helmadditionalvolumesit:test-hivemq-platform-0]
2025-01-30 18:48:51,248 INFO c.h.h.t.HelmChartContainer - Received Unhealthy event for container hivemq in pod test-hivemq-platform-0 [30ba5ed2-5a4d-4f51-8d72-5c8440bbbe00]
2025-01-30 18:48:52,152 INFO c.h.h.t.HelmChartContainer - [test-hivemq-platform] [hivemq] [30ba5ed2] INFO  - Starting HiveMQ Enterprise Server
2025-01-30 18:48:52,198 INFO c.h.h.t.HelmChartContainer - [test-hivemq-platform] [hivemq] [30ba5ed2] INFO  - HiveMQ version: 4.36.0
2025-01-30 18:48:52,199 INFO c.h.h.t.HelmChartContainer - [test-hivemq-platform] [hivemq] [30ba5ed2] INFO  - HiveMQ home directory: /opt/hivemq
2025-01-30 18:48:52,199 INFO c.h.h.t.HelmChartContainer - [test-hivemq-platform] [hivemq] [30ba5ed2] INFO  - Log Configuration was overridden by /opt/hivemq/conf/logback.xml
2025-01-30 18:48:53,303 INFO c.h.h.t.HelmChartContainer - [test-hivemq-platform] [hivemq] [30ba5ed2] INFO  - Successfully loaded configuration from '/opt/hivemq/conf-k8s/config.xml'.
2025-01-30 18:48:53,797 INFO c.h.h.t.HelmChartContainer - [test-hivemq-platform] [hivemq] [30ba5ed2] INFO  - This node's ID is lcgK9
2025-01-30 18:48:53,797 INFO c.h.h.t.HelmChartContainer - [test-hivemq-platform] [hivemq] [30ba5ed2] INFO  - Clustering is enabled
2025-01-30 18:48:54,929 INFO c.h.h.t.HelmChartContainer - [hivemq-test-hivemq-platform] [hivemq-platform-operator] [05b50a5e] 18:48:54.927 [pool-6-thread-25] DEBUG c.h.p.o.d.PlatformServiceResource - [helmaddi] Desired Platform services (3 services)
2025-01-30 18:48:54,929 INFO c.h.h.t.HelmChartContainer - [hivemq-test-hivemq-platform] [hivemq-platform-operator] [05b50a5e] 18:48:54.928 [pool-6-thread-26] DEBUG c.h.p.o.dependants.PodInfoConfigMap - [helmaddi] Desired PodInfo ConfigMap (1 extensions) (1 enabled)
2025-01-30 18:48:54,929 INFO c.h.h.t.HelmChartContainer - [hivemq-test-hivemq-platform] [hivemq-platform-operator] [05b50a5e] 18:48:54.928 [pool-6-thread-26] DEBUG c.h.p.o.dependants.PodInfoConfigMap - [helmaddi] Desired PodInfo ConfigMap (metrics port: 9399) (metrics path: /)
2025-01-30 18:48:54,929 INFO c.h.h.t.HelmChartContainer - [hivemq-test-hivemq-platform] [hivemq-platform-operator] [05b50a5e] 18:48:54.928 [pool-6-thread-26] DEBUG c.h.p.o.dependants.PodInfoConfigMap - [helmaddi] Desired PodInfo ConfigMap (extension state hash: -1817474005)
2025-01-30 18:48:54,931 INFO c.h.h.t.HelmChartContainer - [hivemq-test-hivemq-platform] [hivemq-platform-operator] [05b50a5e] 18:48:54.930 [pool-6-thread-29] DEBUG c.h.p.o.d.PodServiceAccountResource - [helmaddi] Desired PodServiceAccountResource (serviceAccountName: hivemq-platform-pod-test-hivemq-platform)
2025-01-30 18:48:54,937 INFO c.h.h.t.HelmChartContainer - [hivemq-test-hivemq-platform] [hivemq-platform-operator] [05b50a5e] 18:48:54.934 [pool-6-thread-26] DEBUG c.h.p.o.d.StatefulSetResource - [helmaddi] Desired StatefulSet (1 replicas) for status STARTING (READY)
2025-01-30 18:48:54,947 INFO c.h.h.t.HelmChartContainer - [hivemq-test-hivemq-platform] [hivemq-platform-operator] [05b50a5e] 18:48:54.946 [ReconcilerExecutor-hivemq-controller-110] INFO  c.h.p.o.HiveMQPlatformReconciler - [helmaddi] Reconciling HiveMQ Platform 'test-hivemq-platform' in namespace 'helmadditionalvolumesit'
2025-01-30 18:48:54,950 INFO c.h.h.t.HelmChartContainer - [hivemq-test-hivemq-platform] [hivemq-platform-operator] [05b50a5e] 18:48:54.947 [ReconcilerExecutor-hivemq-controller-110] DEBUG c.h.p.o.HiveMQPlatformReconciler - [helmaddi] Custom Resource Status STARTING - HiveMQ Platform is starting (READY)
2025-01-30 18:48:54,950 INFO c.h.h.t.HelmChartContainer - [hivemq-test-hivemq-platform] [hivemq-platform-operator] [05b50a5e] 18:48:54.947 [ReconcilerExecutor-hivemq-controller-110] DEBUG c.h.p.o.HiveMQPlatformReconciler - [helmaddi] Custom Resource Spec (replicas: 1) (extensions: 1)
2025-01-30 18:48:54,951 INFO c.h.h.t.HelmChartContainer - [hivemq-test-hivemq-platform] [hivemq-platform-operator] [05b50a5e] 18:48:54.950 [ReconcilerExecutor-hivemq-controller-110] DEBUG c.h.p.o.HiveMQPlatformReconciler - [helmaddi] StatefulSet Status (revision: test-hivemq-platform-5d4d897885, replicas: 1, available: 0, ready: 0, current: 1, updated: 1)
2025-01-30 18:48:54,951 INFO c.h.h.t.HelmChartContainer - [hivemq-test-hivemq-platform] [hivemq-platform-operator] [05b50a5e] 18:48:54.950 [ReconcilerExecutor-hivemq-controller-110] DEBUG c.h.p.o.HiveMQPlatformReconciler - [helmaddi] StatefulSet Spec (replicas: 1, init containers: 1, containers: 1, volumes: 7)
2025-01-30 18:48:54,953 INFO c.h.h.t.HelmChartContainer - [hivemq-test-hivemq-platform] [hivemq-platform-operator] [05b50a5e] 18:48:54.952 [ReconcilerExecutor-hivemq-controller-110] DEBUG c.h.p.o.h.HiveMQPlatformReconcilerErrorHandler - [helmaddi] Pod 'test-hivemq-platform-0' phase Running
2025-01-30 18:48:54,954 INFO c.h.h.t.HelmChartContainer - [hivemq-test-hivemq-platform] [hivemq-platform-operator] [05b50a5e] 18:48:54.953 [ReconcilerExecutor-hivemq-controller-110] INFO  c.h.p.o.h.HiveMQPlatformReconcilerBaseHandler - [helmaddi] HiveMQ Platform is starting, 0 of 1 replicas are ready
2025-01-30 18:48:56,444 INFO c.h.h.t.HelmChartContainer - [test-hivemq-platform] [hivemq] [30ba5ed2] WARN  - [HiveMQ Platform Operator Init App 1.7.0-SNAPSHOT] Cannot connect to Health API for readiness: null
2025-01-30 18:48:56,447 INFO c.h.h.t.HelmChartContainer - [EVENT] Warning [Unhealthy] Readiness probe failed: HTTP probe failed with statuscode: 503 [helmadditionalvolumesit:test-hivemq-platform-0]
2025-01-30 18:48:56,447 INFO c.h.h.t.HelmChartContainer - Received Unhealthy event for container hivemq in pod test-hivemq-platform-0 [30ba5ed2-5a4d-4f51-8d72-5c8440bbbe00]
2025-01-30 18:48:58,745 INFO c.h.h.t.HelmChartContainer - [test-hivemq-platform] [hivemq] [30ba5ed2] Jan 30, 2025 6:48:58 PM io.vertx.core.impl.BlockedThreadChecker
2025-01-30 18:48:58,745 INFO c.h.h.t.HelmChartContainer - [test-hivemq-platform] [hivemq] [30ba5ed2] WARNING: Thread Thread[vert.x-eventloop-thread-1,5,main] has been blocked for 2399 ms, time limit is 2000 ms
2025-01-30 18:48:59,740 INFO c.h.h.t.HelmChartContainer - [test-hivemq-platform] [hivemq] [30ba5ed2] Jan 30, 2025 6:48:59 PM io.vertx.core.impl.BlockedThreadChecker
2025-01-30 18:48:59,741 INFO c.h.h.t.HelmChartContainer - [test-hivemq-platform] [hivemq] [30ba5ed2] WARNING: Thread Thread[vert.x-eventloop-thread-1,5,main] has been blocked for 3399 ms, time limit is 2000 ms
2025-01-30 18:48:59,842 INFO c.h.h.t.HelmChartContainer - [test-hivemq-platform] [hivemq] [30ba5ed2] INFO  - [HiveMQ Platform Operator Init App 1.7.0-SNAPSHOT] Updating Pod HiveMQ Platform Operator Init App version annotation (version: 1.7.0-SNAPSHOT)
2025-01-30 18:49:00,451 INFO c.h.h.t.HelmChartContainer - [POD] test-hivemq-platform-0 [30ba5ed2-5a4d-4f51-8d72-5c8440bbbe00] in helmadditionalvolumesit was MODIFIED
2025-01-30 18:49:00,459 INFO c.h.h.t.HelmChartContainer - [hivemq-test-hivemq-platform] [hivemq-platform-operator] [05b50a5e] 18:49:00.456 [pool-6-thread-33] DEBUG c.h.p.o.d.PlatformServiceResource - [helmaddi] Desired Platform services (3 services)
2025-01-30 18:49:00,460 INFO c.h.h.t.HelmChartContainer - [hivemq-test-hivemq-platform] [hivemq-platform-operator] [05b50a5e] 18:49:00.458 [pool-6-thread-36] DEBUG c.h.p.o.dependants.PodInfoConfigMap - [helmaddi] Desired PodInfo ConfigMap (1 extensions) (1 enabled)
2025-01-30 18:49:00,461 INFO c.h.h.t.HelmChartContainer - [hivemq-test-hivemq-platform] [hivemq-platform-operator] [05b50a5e] 18:49:00.458 [pool-6-thread-36] DEBUG c.h.p.o.dependants.PodInfoConfigMap - [helmaddi] Desired PodInfo ConfigMap (metrics port: 9399) (metrics path: /)
2025-01-30 18:49:00,461 INFO c.h.h.t.HelmChartContainer - [hivemq-test-hivemq-platform] [hivemq-platform-operator] [05b50a5e] 18:49:00.459 [pool-6-thread-36] DEBUG c.h.p.o.dependants.PodInfoConfigMap - [helmaddi] Desired PodInfo ConfigMap (extension state hash: -1817474005)
2025-01-30 18:49:00,461 INFO c.h.h.t.HelmChartContainer - [hivemq-test-hivemq-platform] [hivemq-platform-operator] [05b50a5e] 18:49:00.460 [pool-6-thread-34] DEBUG c.h.p.o.d.PodServiceAccountResource - [helmaddi] Desired PodServiceAccountResource (serviceAccountName: hivemq-platform-pod-test-hivemq-platform)
2025-01-30 18:49:00,465 INFO c.h.h.t.HelmChartContainer - [hivemq-test-hivemq-platform] [hivemq-platform-operator] [05b50a5e] 18:49:00.464 [pool-6-thread-33] DEBUG c.h.p.o.d.StatefulSetResource - [helmaddi] Desired StatefulSet (1 replicas) for status STARTING (READY)
2025-01-30 18:49:00,471 INFO c.h.h.t.HelmChartContainer - [hivemq-test-hivemq-platform] [hivemq-platform-operator] [05b50a5e] 18:49:00.471 [ReconcilerExecutor-hivemq-controller-111] INFO  c.h.p.o.HiveMQPlatformReconciler - [helmaddi] Reconciling HiveMQ Platform 'test-hivemq-platform' in namespace 'helmadditionalvolumesit'
2025-01-30 18:49:00,472 INFO c.h.h.t.HelmChartContainer - [hivemq-test-hivemq-platform] [hivemq-platform-operator] [05b50a5e] 18:49:00.471 [ReconcilerExecutor-hivemq-controller-111] DEBUG c.h.p.o.HiveMQPlatformReconciler - [helmaddi] Custom Resource Status STARTING - HiveMQ Platform is starting (READY)
2025-01-30 18:49:00,472 INFO c.h.h.t.HelmChartContainer - [hivemq-test-hivemq-platform] [hivemq-platform-operator] [05b50a5e] 18:49:00.471 [ReconcilerExecutor-hivemq-controller-111] DEBUG c.h.p.o.HiveMQPlatformReconciler - [helmaddi] Custom Resource Spec (replicas: 1) (extensions: 1)
2025-01-30 18:49:00,539 INFO c.h.h.t.HelmChartContainer - [test-hivemq-platform] [hivemq] [30ba5ed2] WARN  - [HiveMQ Platform Operator Init App 1.7.0-SNAPSHOT] Cannot connect to Health API for readiness: null
2025-01-30 18:49:00,539 INFO c.h.h.t.HelmChartContainer - [test-hivemq-platform] [hivemq] [30ba5ed2] INFO  - [HiveMQ Platform Operator Init App 1.7.0-SNAPSHOT] Successfully updated Pod HiveMQ Platform Operator Init App version annotation (version: 1.7.0-SNAPSHOT)
2025-01-30 18:49:00,543 INFO c.h.h.t.HelmChartContainer - [EVENT] Warning [Unhealthy] Readiness probe failed: HTTP probe failed with statuscode: 503 [helmadditionalvolumesit:test-hivemq-platform-0]
2025-01-30 18:49:00,544 INFO c.h.h.t.HelmChartContainer - Received Unhealthy event for container hivemq in pod test-hivemq-platform-0 [30ba5ed2-5a4d-4f51-8d72-5c8440bbbe00]
2025-01-30 18:49:00,551 INFO c.h.h.t.HelmChartContainer - [hivemq-test-hivemq-platform] [hivemq-platform-operator] [05b50a5e] 18:49:00.548 [ReconcilerExecutor-hivemq-controller-111] DEBUG c.h.p.o.HiveMQPlatformReconciler - [helmaddi] StatefulSet Status (revision: test-hivemq-platform-5d4d897885, replicas: 1, available: 0, ready: 0, current: 1, updated: 1)
2025-01-30 18:49:00,551 INFO c.h.h.t.HelmChartContainer - [hivemq-test-hivemq-platform] [hivemq-platform-operator] [05b50a5e] 18:49:00.548 [ReconcilerExecutor-hivemq-controller-111] DEBUG c.h.p.o.HiveMQPlatformReconciler - [helmaddi] StatefulSet Spec (replicas: 1, init containers: 1, containers: 1, volumes: 7)
2025-01-30 18:49:00,551 INFO c.h.h.t.HelmChartContainer - [hivemq-test-hivemq-platform] [hivemq-platform-operator] [05b50a5e] 18:49:00.550 [ReconcilerExecutor-hivemq-controller-111] DEBUG c.h.p.o.h.HiveMQPlatformReconcilerErrorHandler - [helmaddi] Pod 'test-hivemq-platform-0' phase Running
2025-01-30 18:49:00,553 INFO c.h.h.t.HelmChartContainer - [hivemq-test-hivemq-platform] [hivemq-platform-operator] [05b50a5e] 18:49:00.552 [ReconcilerExecutor-hivemq-controller-111] INFO  c.h.p.o.h.HiveMQPlatformReconcilerBaseHandler - [helmaddi] HiveMQ Platform is starting, 0 of 1 replicas are ready
2025-01-30 18:49:00,936 INFO c.h.h.t.HelmChartContainer - [K3S] [range_allocator.go:247] "Successfully synced" key="fbf317419dc0"
2025-01-30 18:49:05,537 INFO c.h.h.t.HelmChartContainer - [test-hivemq-platform] [hivemq] [30ba5ed2] WARN  - [HiveMQ Platform Operator Init App 1.7.0-SNAPSHOT] Cannot connect to Health API for readiness: null
2025-01-30 18:49:05,542 INFO c.h.h.t.HelmChartContainer - [EVENT] Warning [Unhealthy] Readiness probe failed: HTTP probe failed with statuscode: 503 [helmadditionalvolumesit:test-hivemq-platform-0]
2025-01-30 18:49:05,542 INFO c.h.h.t.HelmChartContainer - Received Unhealthy event for container hivemq in pod test-hivemq-platform-0 [30ba5ed2-5a4d-4f51-8d72-5c8440bbbe00]
2025-01-30 18:49:10,502 INFO c.h.h.t.HelmChartContainer - [test-hivemq-platform] [hivemq] [30ba5ed2] WARN  - [HiveMQ Platform Operator Init App 1.7.0-SNAPSHOT] Cannot connect to Health API for readiness: null
2025-01-30 18:49:10,505 INFO c.h.h.t.HelmChartContainer - [EVENT] Warning [Unhealthy] Readiness probe failed: HTTP probe failed with statuscode: 503 [helmadditionalvolumesit:test-hivemq-platform-0]
2025-01-30 18:49:10,505 INFO c.h.h.t.HelmChartContainer - Received Unhealthy event for container hivemq in pod test-hivemq-platform-0 [30ba5ed2-5a4d-4f51-8d72-5c8440bbbe00]
2025-01-30 18:49:10,559 INFO c.h.h.t.HelmChartContainer - [hivemq-test-hivemq-platform] [hivemq-platform-operator] [05b50a5e] 18:49:10.556 [pool-6-thread-41] DEBUG c.h.p.o.d.PodServiceAccountResource - [helmaddi] Desired PodServiceAccountResource (serviceAccountName: hivemq-platform-pod-test-hivemq-platform)
2025-01-30 18:49:10,560 INFO c.h.h.t.HelmChartContainer - [hivemq-test-hivemq-platform] [hivemq-platform-operator] [05b50a5e] 18:49:10.557 [pool-6-thread-48] DEBUG c.h.p.o.dependants.PodInfoConfigMap - [helmaddi] Desired PodInfo ConfigMap (1 extensions) (1 enabled)
2025-01-30 18:49:10,560 INFO c.h.h.t.HelmChartContainer - [hivemq-test-hivemq-platform] [hivemq-platform-operator] [05b50a5e] 18:49:10.557 [pool-6-thread-48] DEBUG c.h.p.o.dependants.PodInfoConfigMap - [helmaddi] Desired PodInfo ConfigMap (metrics port: 9399) (metrics path: /)
2025-01-30 18:49:10,560 INFO c.h.h.t.HelmChartContainer - [hivemq-test-hivemq-platform] [hivemq-platform-operator] [05b50a5e] 18:49:10.557 [pool-6-thread-48] DEBUG c.h.p.o.dependants.PodInfoConfigMap - [helmaddi] Desired PodInfo ConfigMap (extension state hash: -1817474005)
2025-01-30 18:49:10,560 INFO c.h.h.t.HelmChartContainer - [hivemq-test-hivemq-platform] [hivemq-platform-operator] [05b50a5e] 18:49:10.556 [pool-6-thread-45] DEBUG c.h.p.o.d.PlatformServiceResource - [helmaddi] Desired Platform services (3 services)
2025-01-30 18:49:10,566 INFO c.h.h.t.HelmChartContainer - [hivemq-test-hivemq-platform] [hivemq-platform-operator] [05b50a5e] 18:49:10.565 [pool-6-thread-45] DEBUG c.h.p.o.d.StatefulSetResource - [helmaddi] Desired StatefulSet (1 replicas) for status STARTING (READY)
2025-01-30 18:49:10,649 INFO c.h.h.t.HelmChartContainer - [hivemq-test-hivemq-platform] [hivemq-platform-operator] [05b50a5e] 18:49:10.647 [ReconcilerExecutor-hivemq-controller-112] INFO  c.h.p.o.HiveMQPlatformReconciler - [helmaddi] Reconciling HiveMQ Platform 'test-hivemq-platform' in namespace 'helmadditionalvolumesit'
2025-01-30 18:49:10,649 INFO c.h.h.t.HelmChartContainer - [hivemq-test-hivemq-platform] [hivemq-platform-operator] [05b50a5e] 18:49:10.647 [ReconcilerExecutor-hivemq-controller-112] DEBUG c.h.p.o.HiveMQPlatformReconciler - [helmaddi] Custom Resource Status STARTING - HiveMQ Platform is starting (READY)
2025-01-30 18:49:10,649 INFO c.h.h.t.HelmChartContainer - [hivemq-test-hivemq-platform] [hivemq-platform-operator] [05b50a5e] 18:49:10.647 [ReconcilerExecutor-hivemq-controller-112] DEBUG c.h.p.o.HiveMQPlatformReconciler - [helmaddi] Custom Resource Spec (replicas: 1) (extensions: 1)
2025-01-30 18:49:10,650 INFO c.h.h.t.HelmChartContainer - [hivemq-test-hivemq-platform] [hivemq-platform-operator] [05b50a5e] 18:49:10.650 [ReconcilerExecutor-hivemq-controller-112] DEBUG c.h.p.o.HiveMQPlatformReconciler - [helmaddi] StatefulSet Status (revision: test-hivemq-platform-5d4d897885, replicas: 1, available: 0, ready: 0, current: 1, updated: 1)
2025-01-30 18:49:10,652 INFO c.h.h.t.HelmChartContainer - [hivemq-test-hivemq-platform] [hivemq-platform-operator] [05b50a5e] 18:49:10.650 [ReconcilerExecutor-hivemq-controller-112] DEBUG c.h.p.o.HiveMQPlatformReconciler - [helmaddi] StatefulSet Spec (replicas: 1, init containers: 1, containers: 1, volumes: 7)
2025-01-30 18:49:10,653 INFO c.h.h.t.HelmChartContainer - [hivemq-test-hivemq-platform] [hivemq-platform-operator] [05b50a5e] 18:49:10.652 [ReconcilerExecutor-hivemq-controller-112] DEBUG c.h.p.o.h.HiveMQPlatformReconcilerErrorHandler - [helmaddi] Pod 'test-hivemq-platform-0' phase Running
2025-01-30 18:49:10,654 INFO c.h.h.t.HelmChartContainer - [hivemq-test-hivemq-platform] [hivemq-platform-operator] [05b50a5e] 18:49:10.653 [ReconcilerExecutor-hivemq-controller-112] INFO  c.h.p.o.h.HiveMQPlatformReconcilerBaseHandler - [helmaddi] HiveMQ Platform is starting, 0 of 1 replicas are ready
2025-01-30 18:49:11,238 INFO c.h.h.t.HelmChartContainer - [test-hivemq-platform] [hivemq] [30ba5ed2] INFO  - No valid license file found. Using trial license, restricted to 25 connections.
2025-01-30 18:49:12,441 INFO c.h.h.t.HelmChartContainer - [test-hivemq-platform] [hivemq] [30ba5ed2] WARN  - [HiveMQ Platform Operator Init App 1.7.0-SNAPSHOT] Cannot connect to Health API for liveness: null
2025-01-30 18:49:12,441 INFO c.h.h.t.HelmChartContainer - [test-hivemq-platform] [hivemq] [30ba5ed2] INFO  - [HiveMQ Platform Operator Init App 1.7.0-SNAPSHOT] Returning default Health API response 200 for liveness
2025-01-30 18:49:14,243 INFO c.h.h.t.HelmChartContainer - [test-hivemq-platform] [hivemq] [30ba5ed2] INFO  - No valid license file for Data Hub found. Using free license, restricted to 1 policy.
2025-01-30 18:49:15,398 INFO c.h.h.t.HelmChartContainer - [test-hivemq-platform] [hivemq] [30ba5ed2] INFO  - Audit Logger started.
2025-01-30 18:49:15,539 INFO c.h.h.t.HelmChartContainer - [test-hivemq-platform] [hivemq] [30ba5ed2] WARN  - [HiveMQ Platform Operator Init App 1.7.0-SNAPSHOT] Cannot connect to Health API for readiness: null
2025-01-30 18:49:15,544 INFO c.h.h.t.HelmChartContainer - [EVENT] Warning [Unhealthy] Readiness probe failed: HTTP probe failed with statuscode: 503 [helmadditionalvolumesit:test-hivemq-platform-0]
2025-01-30 18:49:15,544 INFO c.h.h.t.HelmChartContainer - Received Unhealthy event for container hivemq in pod test-hivemq-platform-0 [30ba5ed2-5a4d-4f51-8d72-5c8440bbbe00]
2025-01-30 18:49:15,677 INFO c.h.h.t.HelmChartContainer - [test-hivemq-platform] [hivemq] [30ba5ed2] INFO  - This node uses '1' CPU cores.
2025-01-30 18:49:15,743 INFO c.h.h.t.HelmChartContainer - [test-hivemq-platform] [hivemq] [30ba5ed2] INFO  - Starting HiveMQ Health API on address 0.0.0.0 and port 8889
2025-01-30 18:49:16,640 INFO c.h.h.t.HelmChartContainer - [test-hivemq-platform] [hivemq] [30ba5ed2] INFO  - Started HiveMQ Health API in 900ms
2025-01-30 18:49:17,200 INFO c.h.h.t.HelmChartContainer - [test-hivemq-platform] [hivemq] [30ba5ed2] INFO  - Starting HiveMQ extension system.
2025-01-30 18:49:17,446 INFO c.h.h.t.HelmChartContainer - [test-hivemq-platform] [hivemq] [30ba5ed2] INFO  - Starting extension with id "hivemq-dns-cluster-discovery" at /opt/hivemq/extensions/hivemq-dns-cluster-discovery
2025-01-30 18:49:17,938 INFO c.h.h.t.HelmChartContainer - [test-hivemq-platform] [hivemq] [30ba5ed2] INFO  - Extension "DNS Cluster Discovery Extension" version 4.3.2 started successfully.
2025-01-30 18:49:17,938 INFO c.h.h.t.HelmChartContainer - [test-hivemq-platform] [hivemq] [30ba5ed2] INFO  - Starting extension with id "hivemq-prometheus-extension" at /opt/hivemq/extensions/hivemq-prometheus-extension
2025-01-30 18:49:18,040 INFO c.h.h.t.HelmChartContainer - [test-hivemq-platform] [hivemq] [30ba5ed2] INFO  - Using TCP cluster transport on address 10.42.0.15 and port 7000
2025-01-30 18:49:18,044 INFO c.h.h.t.HelmChartContainer - [test-hivemq-platform] [hivemq] [30ba5ed2] INFO  - Using extension cluster discovery
2025-01-30 18:49:18,943 INFO c.h.h.t.HelmChartContainer - [test-hivemq-platform] [hivemq] [30ba5ed2] INFO  - Started Jetty Server exposing Prometheus Servlet on URI http://0.0.0.0:9399/
2025-01-30 18:49:18,944 INFO c.h.h.t.HelmChartContainer - [test-hivemq-platform] [hivemq] [30ba5ed2] INFO  - Extension "Prometheus Monitoring Extension" version 4.0.12 started successfully.
2025-01-30 18:49:18,945 INFO c.h.h.t.HelmChartContainer - [test-hivemq-platform] [hivemq] [30ba5ed2] INFO  - Starting extension with id "hivemq-allow-all-extension" at /opt/hivemq/extensions/hivemq-allow-all-extension
2025-01-30 18:49:18,945 INFO c.h.h.t.HelmChartContainer - [test-hivemq-platform] [hivemq] [30ba5ed2] WARN  - 
2025-01-30 18:49:18,945 INFO c.h.h.t.HelmChartContainer - [test-hivemq-platform] [hivemq] [30ba5ed2] ################################################################################################################
2025-01-30 18:49:18,945 INFO c.h.h.t.HelmChartContainer - [test-hivemq-platform] [hivemq] [30ba5ed2] # This HiveMQ deployment is not secure! You are lacking Authentication and Authorization.                      #
2025-01-30 18:49:18,945 INFO c.h.h.t.HelmChartContainer - [test-hivemq-platform] [hivemq] [30ba5ed2] # Right now any MQTT client can connect to the broker with a full set of permissions.                          #
2025-01-30 18:49:18,945 INFO c.h.h.t.HelmChartContainer - [test-hivemq-platform] [hivemq] [30ba5ed2] # For production usage, add an appropriate security extension and remove the hivemq-allow-all extension.       #
2025-01-30 18:49:18,945 INFO c.h.h.t.HelmChartContainer - [test-hivemq-platform] [hivemq] [30ba5ed2] # You can download security extensions from the HiveMQ Marketplace (https://www.hivemq.com/extensions/).       #
2025-01-30 18:49:18,945 INFO c.h.h.t.HelmChartContainer - [test-hivemq-platform] [hivemq] [30ba5ed2] ################################################################################################################
2025-01-30 18:49:18,945 INFO c.h.h.t.HelmChartContainer - [test-hivemq-platform] [hivemq] [30ba5ed2] INFO  - Extension "Allow All Extension" version 1.1.1 started successfully.
2025-01-30 18:49:20,659 INFO c.h.h.t.HelmChartContainer - [hivemq-test-hivemq-platform] [hivemq-platform-operator] [05b50a5e] 18:49:20.658 [pool-6-thread-4] DEBUG c.h.p.o.d.PodServiceAccountResource - [helmaddi] Desired PodServiceAccountResource (serviceAccountName: hivemq-platform-pod-test-hivemq-platform)
2025-01-30 18:49:20,660 INFO c.h.h.t.HelmChartContainer - [hivemq-test-hivemq-platform] [hivemq-platform-operator] [05b50a5e] 18:49:20.658 [pool-6-thread-6] DEBUG c.h.p.o.dependants.PodInfoConfigMap - [helmaddi] Desired PodInfo ConfigMap (1 extensions) (1 enabled)
2025-01-30 18:49:20,660 INFO c.h.h.t.HelmChartContainer - [hivemq-test-hivemq-platform] [hivemq-platform-operator] [05b50a5e] 18:49:20.658 [pool-6-thread-10] DEBUG c.h.p.o.d.PlatformServiceResource - [helmaddi] Desired Platform services (3 services)
2025-01-30 18:49:20,662 INFO c.h.h.t.HelmChartContainer - [hivemq-test-hivemq-platform] [hivemq-platform-operator] [05b50a5e] 18:49:20.659 [pool-6-thread-6] DEBUG c.h.p.o.dependants.PodInfoConfigMap - [helmaddi] Desired PodInfo ConfigMap (metrics port: 9399) (metrics path: /)
2025-01-30 18:49:20,662 INFO c.h.h.t.HelmChartContainer - [hivemq-test-hivemq-platform] [hivemq-platform-operator] [05b50a5e] 18:49:20.661 [pool-6-thread-6] DEBUG c.h.p.o.dependants.PodInfoConfigMap - [helmaddi] Desired PodInfo ConfigMap (extension state hash: -1817474005)
2025-01-30 18:49:20,665 INFO c.h.h.t.HelmChartContainer - [hivemq-test-hivemq-platform] [hivemq-platform-operator] [05b50a5e] 18:49:20.664 [pool-6-thread-5] DEBUG c.h.p.o.d.StatefulSetResource - [helmaddi] Desired StatefulSet (1 replicas) for status STARTING (READY)
2025-01-30 18:49:20,670 INFO c.h.h.t.HelmChartContainer - [hivemq-test-hivemq-platform] [hivemq-platform-operator] [05b50a5e] 18:49:20.668 [ReconcilerExecutor-hivemq-controller-113] INFO  c.h.p.o.HiveMQPlatformReconciler - [helmaddi] Reconciling HiveMQ Platform 'test-hivemq-platform' in namespace 'helmadditionalvolumesit'
2025-01-30 18:49:20,670 INFO c.h.h.t.HelmChartContainer - [hivemq-test-hivemq-platform] [hivemq-platform-operator] [05b50a5e] 18:49:20.668 [ReconcilerExecutor-hivemq-controller-113] DEBUG c.h.p.o.HiveMQPlatformReconciler - [helmaddi] Custom Resource Status STARTING - HiveMQ Platform is starting (READY)
2025-01-30 18:49:20,670 INFO c.h.h.t.HelmChartContainer - [hivemq-test-hivemq-platform] [hivemq-platform-operator] [05b50a5e] 18:49:20.668 [ReconcilerExecutor-hivemq-controller-113] DEBUG c.h.p.o.HiveMQPlatformReconciler - [helmaddi] Custom Resource Spec (replicas: 1) (extensions: 1)
2025-01-30 18:49:20,671 INFO c.h.h.t.HelmChartContainer - [hivemq-test-hivemq-platform] [hivemq-platform-operator] [05b50a5e] 18:49:20.670 [ReconcilerExecutor-hivemq-controller-113] DEBUG c.h.p.o.HiveMQPlatformReconciler - [helmaddi] StatefulSet Status (revision: test-hivemq-platform-5d4d897885, replicas: 1, available: 0, ready: 0, current: 1, updated: 1)
2025-01-30 18:49:20,672 INFO c.h.h.t.HelmChartContainer - [hivemq-test-hivemq-platform] [hivemq-platform-operator] [05b50a5e] 18:49:20.670 [ReconcilerExecutor-hivemq-controller-113] DEBUG c.h.p.o.HiveMQPlatformReconciler - [helmaddi] StatefulSet Spec (replicas: 1, init containers: 1, containers: 1, volumes: 7)
2025-01-30 18:49:20,673 INFO c.h.h.t.HelmChartContainer - [hivemq-test-hivemq-platform] [hivemq-platform-operator] [05b50a5e] 18:49:20.672 [ReconcilerExecutor-hivemq-controller-113] DEBUG c.h.p.o.h.HiveMQPlatformReconcilerErrorHandler - [helmaddi] Pod 'test-hivemq-platform-0' phase Running
2025-01-30 18:49:20,674 INFO c.h.h.t.HelmChartContainer - [hivemq-test-hivemq-platform] [hivemq-platform-operator] [05b50a5e] 18:49:20.673 [ReconcilerExecutor-hivemq-controller-113] INFO  c.h.p.o.h.HiveMQPlatformReconcilerBaseHandler - [helmaddi] HiveMQ Platform is starting, 0 of 1 replicas are ready
2025-01-30 18:49:20,945 INFO c.h.h.t.HelmChartContainer - [test-hivemq-platform] [hivemq] [30ba5ed2] INFO  - [HiveMQ Platform Operator Init App 1.7.0-SNAPSHOT] Returning Health API response 503 for readiness
2025-01-30 18:49:20,950 INFO c.h.h.t.HelmChartContainer - [test-hivemq-platform] [hivemq] [30ba5ed2] INFO  - lcgK9: no members discovered after 2209 ms: creating cluster as first member
2025-01-30 18:49:20,952 INFO c.h.h.t.HelmChartContainer - [EVENT] Warning [Unhealthy] Readiness probe failed: HTTP probe failed with statuscode: 503 [helmadditionalvolumesit:test-hivemq-platform-0]
2025-01-30 18:49:20,952 INFO c.h.h.t.HelmChartContainer - Received Unhealthy event for container hivemq in pod test-hivemq-platform-0 [30ba5ed2-5a4d-4f51-8d72-5c8440bbbe00]
2025-01-30 18:49:21,041 INFO c.h.h.t.HelmChartContainer - [test-hivemq-platform] [hivemq] [30ba5ed2] INFO  - Cluster nodes found by discovery: [lcgK9|0] (1) [lcgK9].
2025-01-30 18:49:21,148 INFO c.h.h.t.HelmChartContainer - [test-hivemq-platform] [hivemq] [30ba5ed2] WARN  - No user for HiveMQ Control Center configured. Starting with default user
2025-01-30 18:49:21,235 INFO c.h.h.t.HelmChartContainer - [test-hivemq-platform] [hivemq] [30ba5ed2] INFO  - Starting HiveMQ Control Center on address 0.0.0.0 and port 8080
2025-01-30 18:49:21,238 INFO c.h.h.t.HelmChartContainer - [test-hivemq-platform] [hivemq] [30ba5ed2] INFO  - Mounting HiveMQ Control Center V2 Preview
2025-01-30 18:49:21,946 INFO c.h.h.t.HelmChartContainer - [test-hivemq-platform] [hivemq] [30ba5ed2] INFO  - Started HiveMQ Control Center in 798ms
2025-01-30 18:49:22,036 INFO c.h.h.t.HelmChartContainer - [test-hivemq-platform] [hivemq] [30ba5ed2] INFO  - Starting TCP listener on address 0.0.0.0 and port 1883
2025-01-30 18:49:22,051 INFO c.h.h.t.HelmChartContainer - [test-hivemq-platform] [hivemq] [30ba5ed2] INFO  - Started TCP Listener on address 0.0.0.0 and on port 1883.
2025-01-30 18:49:22,051 INFO c.h.h.t.HelmChartContainer - [test-hivemq-platform] [hivemq] [30ba5ed2] INFO  - Started HiveMQ in 30212ms
2025-01-30 18:49:23,256 INFO c.h.h.t.HelmChartContainer - [K3S] [scope.go:117] "RemoveContainer" containerID="1af4575ef6d044db3ec8fa4aafe07b130620a7916887818fdd7e7df2ead2a2c7"
2025-01-30 18:49:25,455 INFO c.h.h.t.HelmChartContainer - [test-hivemq-platform] [hivemq] [30ba5ed2] INFO  - [HiveMQ Platform Operator Init App 1.7.0-SNAPSHOT] Returning Health API response 200 for readiness
2025-01-30 18:49:25,467 INFO c.h.h.t.HelmChartContainer - [POD] test-hivemq-platform-0 [30ba5ed2-5a4d-4f51-8d72-5c8440bbbe00] in helmadditionalvolumesit was MODIFIED
2025-01-30 18:49:25,484 INFO c.h.h.t.HelmChartContainer - [hivemq-test-hivemq-platform] [hivemq-platform-operator] [05b50a5e] 18:49:25.476 [pool-6-thread-16] DEBUG c.h.p.o.d.PlatformServiceResource - [helmaddi] Desired Platform services (3 services)
2025-01-30 18:49:25,485 INFO c.h.h.t.HelmChartContainer - [hivemq-test-hivemq-platform] [hivemq-platform-operator] [05b50a5e] 18:49:25.477 [pool-6-thread-19] DEBUG c.h.p.o.dependants.PodInfoConfigMap - [helmaddi] Desired PodInfo ConfigMap (1 extensions) (1 enabled)
2025-01-30 18:49:25,485 INFO c.h.h.t.HelmChartContainer - [hivemq-test-hivemq-platform] [hivemq-platform-operator] [05b50a5e] 18:49:25.477 [pool-6-thread-19] DEBUG c.h.p.o.dependants.PodInfoConfigMap - [helmaddi] Desired PodInfo ConfigMap (metrics port: 9399) (metrics path: /)
2025-01-30 18:49:25,485 INFO c.h.h.t.HelmChartContainer - [hivemq-test-hivemq-platform] [hivemq-platform-operator] [05b50a5e] 18:49:25.478 [pool-6-thread-19] DEBUG c.h.p.o.dependants.PodInfoConfigMap - [helmaddi] Desired PodInfo ConfigMap (extension state hash: -1817474005)
2025-01-30 18:49:25,485 INFO c.h.h.t.HelmChartContainer - [hivemq-test-hivemq-platform] [hivemq-platform-operator] [05b50a5e] 18:49:25.479 [pool-6-thread-13] DEBUG c.h.p.o.d.PodServiceAccountResource - [helmaddi] Desired PodServiceAccountResource (serviceAccountName: hivemq-platform-pod-test-hivemq-platform)
2025-01-30 18:49:25,489 INFO c.h.h.t.HelmChartContainer - [hivemq-test-hivemq-platform] [hivemq-platform-operator] [05b50a5e] 18:49:25.487 [pool-6-thread-18] DEBUG c.h.p.o.d.StatefulSetResource - [helmaddi] Desired StatefulSet (1 replicas) for status STARTING (READY)
2025-01-30 18:49:25,547 INFO c.h.h.t.HelmChartContainer - [hivemq-test-hivemq-platform] [hivemq-platform-operator] [05b50a5e] 18:49:25.546 [ReconcilerExecutor-hivemq-controller-114] INFO  c.h.p.o.HiveMQPlatformReconciler - [helmaddi] Reconciling HiveMQ Platform 'test-hivemq-platform' in namespace 'helmadditionalvolumesit'
2025-01-30 18:49:25,547 INFO c.h.h.t.HelmChartContainer - [hivemq-test-hivemq-platform] [hivemq-platform-operator] [05b50a5e] 18:49:25.546 [ReconcilerExecutor-hivemq-controller-114] DEBUG c.h.p.o.HiveMQPlatformReconciler - [helmaddi] Custom Resource Status STARTING - HiveMQ Platform is starting (READY)
2025-01-30 18:49:25,547 INFO c.h.h.t.HelmChartContainer - [hivemq-test-hivemq-platform] [hivemq-platform-operator] [05b50a5e] 18:49:25.546 [ReconcilerExecutor-hivemq-controller-114] DEBUG c.h.p.o.HiveMQPlatformReconciler - [helmaddi] Custom Resource Spec (replicas: 1) (extensions: 1)
2025-01-30 18:49:25,549 INFO c.h.h.t.HelmChartContainer - [hivemq-test-hivemq-platform] [hivemq-platform-operator] [05b50a5e] 18:49:25.548 [ReconcilerExecutor-hivemq-controller-114] DEBUG c.h.p.o.HiveMQPlatformReconciler - [helmaddi] StatefulSet Status (revision: test-hivemq-platform-5d4d897885, replicas: 1, available: 1, ready: 1, current: 1, updated: 1)
2025-01-30 18:49:25,549 INFO c.h.h.t.HelmChartContainer - [hivemq-test-hivemq-platform] [hivemq-platform-operator] [05b50a5e] 18:49:25.548 [ReconcilerExecutor-hivemq-controller-114] DEBUG c.h.p.o.HiveMQPlatformReconciler - [helmaddi] StatefulSet Spec (replicas: 1, init containers: 1, containers: 1, volumes: 7)
2025-01-30 18:49:25,550 INFO c.h.h.t.HelmChartContainer - [hivemq-test-hivemq-platform] [hivemq-platform-operator] [05b50a5e] 18:49:25.550 [ReconcilerExecutor-hivemq-controller-114] DEBUG c.h.p.o.h.HiveMQPlatformReconcilerErrorHandler - [helmaddi] Pod 'test-hivemq-platform-0' phase Running
2025-01-30 18:49:25,551 INFO c.h.h.t.HelmChartContainer - [hivemq-test-hivemq-platform] [hivemq-platform-operator] [05b50a5e] 18:49:25.550 [ReconcilerExecutor-hivemq-controller-114] INFO  c.h.p.o.h.HiveMQPlatformReconcilerBaseHandler - [helmaddi] HiveMQ Platform started successfully
2025-01-30 18:49:25,648 INFO c.h.h.t.HelmChartContainer - [hivemq-test-hivemq-platform] [hivemq-platform-operator] [05b50a5e] 18:49:25.647 [ReconcilerExecutor-hivemq-controller-114] DEBUG c.h.p.operator.event.EventSender - [helmaddi] Creating K8s event hivemq-platform-ready: [Ready] HiveMQ Platform is ready
2025-01-30 18:49:25,652 INFO c.h.h.t.HelmChartContainer - [EVENT] Normal [Ready] HiveMQ Platform is ready [helmadditionalvolumesit:test-hivemq-platform]
2025-01-30 18:49:25,653 INFO c.h.h.t.HelmChartContainer - [hivemq-test-hivemq-platform] [hivemq-platform-operator] [05b50a5e] 18:49:25.652 [ReconcilerExecutor-hivemq-controller-114] INFO  c.h.p.o.h.AbstractHiveMQReconcilerStateHandler - [helmaddi] Update HiveMQ Platform Status (STARTING [READY] -> RUNNING [READY]): HiveMQ Platform is ready
2025-01-30 18:49:25,661 DEBUG com.hivemq.helmcharts.util.K8sUtil - Comparing actual state 'RUNNING' and waiting for 'RUNNING'
2025-01-30 18:49:25,671 INFO c.h.h.t.HelmChartContainer - [hivemq-test-hivemq-platform] [hivemq-platform-operator] [05b50a5e] 18:49:25.669 [pool-6-thread-21] DEBUG c.h.p.o.d.PodServiceAccountResource - [helmaddi] Desired PodServiceAccountResource (serviceAccountName: hivemq-platform-pod-test-hivemq-platform)
2025-01-30 18:49:25,748 INFO c.h.h.t.HelmChartContainer - [hivemq-test-hivemq-platform] [hivemq-platform-operator] [05b50a5e] 18:49:25.747 [pool-6-thread-24] DEBUG c.h.p.o.dependants.PodInfoConfigMap - [helmaddi] Desired PodInfo ConfigMap (1 extensions) (1 enabled)
2025-01-30 18:49:25,749 INFO c.h.h.t.HelmChartContainer - [hivemq-test-hivemq-platform] [hivemq-platform-operator] [05b50a5e] 18:49:25.747 [pool-6-thread-24] DEBUG c.h.p.o.dependants.PodInfoConfigMap - [helmaddi] Desired PodInfo ConfigMap (metrics port: 9399) (metrics path: /)
2025-01-30 18:49:25,749 INFO c.h.h.t.HelmChartContainer - [hivemq-test-hivemq-platform] [hivemq-platform-operator] [05b50a5e] 18:49:25.747 [pool-6-thread-24] DEBUG c.h.p.o.dependants.PodInfoConfigMap - [helmaddi] Desired PodInfo ConfigMap (extension state hash: -1817474005)
2025-01-30 18:49:25,749 INFO c.h.h.t.HelmChartContainer - [hivemq-test-hivemq-platform] [hivemq-platform-operator] [05b50a5e] 18:49:25.747 [pool-6-thread-23] DEBUG c.h.p.o.d.PlatformServiceResource - [helmaddi] Desired Platform services (3 services)
2025-01-30 18:49:25,751 INFO c.h.h.t.HelmChartContainer - [hivemq-test-hivemq-platform] [hivemq-platform-operator] [05b50a5e] 18:49:25.749 [pool-6-thread-24] DEBUG c.h.p.o.dependants.PodInfoConfigMap - [helmaddi] Update PodInfo ConfigMap
2025-01-30 18:49:25,760 INFO c.h.h.t.HelmChartContainer - [hivemq-test-hivemq-platform] [hivemq-platform-operator] [05b50a5e] 18:49:25.759 [pool-6-thread-24] DEBUG c.h.p.o.d.StatefulSetResource - [helmaddi] Desired StatefulSet (1 replicas) for status RUNNING (READY)
2025-01-30 18:49:25,763 INFO c.h.h.t.HelmChartContainer - [hivemq-test-hivemq-platform] [hivemq-platform-operator] [05b50a5e] 18:49:25.763 [ReconcilerExecutor-hivemq-controller-115] INFO  c.h.p.o.HiveMQPlatformReconciler - [helmaddi] Reconciling HiveMQ Platform 'test-hivemq-platform' in namespace 'helmadditionalvolumesit'
2025-01-30 18:49:25,764 INFO c.h.h.t.HelmChartContainer - [hivemq-test-hivemq-platform] [hivemq-platform-operator] [05b50a5e] 18:49:25.763 [ReconcilerExecutor-hivemq-controller-115] DEBUG c.h.p.o.HiveMQPlatformReconciler - [helmaddi] Custom Resource Status RUNNING - HiveMQ Platform is ready (READY)
2025-01-30 18:49:25,764 INFO c.h.h.t.HelmChartContainer - [hivemq-test-hivemq-platform] [hivemq-platform-operator] [05b50a5e] 18:49:25.763 [ReconcilerExecutor-hivemq-controller-115] DEBUG c.h.p.o.HiveMQPlatformReconciler - [helmaddi] Custom Resource Spec (replicas: 1) (extensions: 1)
2025-01-30 18:49:25,847 INFO c.h.h.t.HelmChartContainer - [hivemq-test-hivemq-platform] [hivemq-platform-operator] [05b50a5e] 18:49:25.846 [ReconcilerExecutor-hivemq-controller-115] DEBUG c.h.p.o.HiveMQPlatformReconciler - [helmaddi] StatefulSet Status (revision: test-hivemq-platform-5d4d897885, replicas: 1, available: 1, ready: 1, current: 1, updated: 1)
2025-01-30 18:49:25,848 INFO c.h.h.t.HelmChartContainer - [hivemq-test-hivemq-platform] [hivemq-platform-operator] [05b50a5e] 18:49:25.846 [ReconcilerExecutor-hivemq-controller-115] DEBUG c.h.p.o.HiveMQPlatformReconciler - [helmaddi] StatefulSet Spec (replicas: 1, init containers: 1, containers: 1, volumes: 7)
2025-01-30 18:49:25,849 INFO c.h.h.t.HelmChartContainer - [hivemq-test-hivemq-platform] [hivemq-platform-operator] [05b50a5e] 18:49:25.848 [ReconcilerExecutor-hivemq-controller-115] DEBUG c.h.p.o.h.HiveMQPlatformReconcilerErrorHandler - [helmaddi] Pod 'test-hivemq-platform-0' phase Running
2025-01-30 18:49:27,681 INFO c.h.h.t.HelmChartContainer - Uninstalling release 'test-hivemq-platform' in namespace 'helmadditionalvolumesit'...
2025-01-30 18:49:27,681 DEBUG c.h.h.t.HelmChartContainer - Executing helm command: /bin/helm --kubeconfig /etc/rancher/k3s/k3s.yaml uninstall test-hivemq-platform  --wait --timeout 5m0s --cascade foreground --namespace helmadditionalvolumesit
2025-01-30 18:49:27,877 INFO c.h.h.t.HelmChartContainer - [hivemq-test-hivemq-platform] [hivemq-platform-operator] [05b50a5e] 18:49:27.865 [pool-6-thread-37] DEBUG c.h.p.o.d.PlatformServiceResource - [helmaddi] Desired Platform services (3 services)
2025-01-30 18:49:27,877 INFO c.h.h.t.HelmChartContainer - [hivemq-test-hivemq-platform] [hivemq-platform-operator] [05b50a5e] 18:49:27.868 [pool-6-thread-39] DEBUG c.h.p.o.dependants.PodInfoConfigMap - [helmaddi] Desired PodInfo ConfigMap (1 extensions) (1 enabled)
2025-01-30 18:49:27,877 INFO c.h.h.t.HelmChartContainer - [hivemq-test-hivemq-platform] [hivemq-platform-operator] [05b50a5e] 18:49:27.868 [pool-6-thread-39] DEBUG c.h.p.o.dependants.PodInfoConfigMap - [helmaddi] Desired PodInfo ConfigMap (metrics port: 9399) (metrics path: /)
2025-01-30 18:49:27,877 INFO c.h.h.t.HelmChartContainer - [hivemq-test-hivemq-platform] [hivemq-platform-operator] [05b50a5e] 18:49:27.868 [pool-6-thread-39] DEBUG c.h.p.o.dependants.PodInfoConfigMap - [helmaddi] Desired PodInfo ConfigMap (extension state hash: -1817474005)
2025-01-30 18:49:27,877 INFO c.h.h.t.HelmChartContainer - [hivemq-test-hivemq-platform] [hivemq-platform-operator] [05b50a5e] 18:49:27.873 [pool-6-thread-37] DEBUG c.h.p.o.d.PodServiceAccountResource - [helmaddi] Desired PodServiceAccountResource (serviceAccountName: hivemq-platform-pod-test-hivemq-platform)
2025-01-30 18:49:27,950 INFO c.h.h.t.HelmChartContainer - [hivemq-test-hivemq-platform] [hivemq-platform-operator] [05b50a5e] 18:49:27.949 [pool-6-thread-38] DEBUG c.h.p.o.d.StatefulSetResource - [helmaddi] Desired StatefulSet (1 replicas) for status RUNNING (READY)
2025-01-30 18:49:28,050 INFO c.h.h.t.HelmChartContainer - [hivemq-test-hivemq-platform] [hivemq-platform-operator] [05b50a5e] 18:49:28.047 [ReconcilerExecutor-hivemq-controller-116] INFO  c.h.p.o.HiveMQPlatformReconciler - [helmaddi] Reconciling HiveMQ Platform 'test-hivemq-platform' in namespace 'helmadditionalvolumesit'
2025-01-30 18:49:28,050 INFO c.h.h.t.HelmChartContainer - [hivemq-test-hivemq-platform] [hivemq-platform-operator] [05b50a5e] 18:49:28.047 [ReconcilerExecutor-hivemq-controller-116] DEBUG c.h.p.o.HiveMQPlatformReconciler - [helmaddi] Custom Resource Status RUNNING - HiveMQ Platform is ready (READY)
2025-01-30 18:49:28,050 INFO c.h.h.t.HelmChartContainer - [hivemq-test-hivemq-platform] [hivemq-platform-operator] [05b50a5e] 18:49:28.047 [ReconcilerExecutor-hivemq-controller-116] DEBUG c.h.p.o.HiveMQPlatformReconciler - [helmaddi] Custom Resource Spec (replicas: 1) (extensions: 1)
2025-01-30 18:49:28,050 INFO c.h.h.t.HelmChartContainer - [hivemq-test-hivemq-platform] [hivemq-platform-operator] [05b50a5e] 18:49:28.047 [ReconcilerExecutor-hivemq-controller-116] WARN  c.h.p.o.h.HiveMQPlatformReconcilerErrorHandler - [helmaddi] Could not find ConfigMap 'hivemq-configuration-test-hivemq-platform' for HiveMQ Platform configuration
2025-01-30 18:49:28,064 INFO c.h.h.t.HelmChartContainer - [hivemq-test-hivemq-platform] [hivemq-platform-operator] [05b50a5e] 18:49:28.063 [ReconcilerExecutor-hivemq-controller-116] DEBUG c.h.p.operator.event.EventSender - [helmaddi] Creating K8s event hivemq-platform-invalid-configuration: [Start] Could not find ConfigMap 'hivemq-configuration-test-hivemq-platform' for HiveMQ Platform configuration
2025-01-30 18:49:28,149 INFO c.h.h.t.HelmChartContainer - [EVENT] Warning [Start] Could not find ConfigMap 'hivemq-configuration-test-hivemq-platform' for HiveMQ Platform configuration [helmadditionalvolumesit:test-hivemq-platform]
2025-01-30 18:49:28,151 INFO c.h.h.t.HelmChartContainer - [hivemq-test-hivemq-platform] [hivemq-platform-operator] [05b50a5e] 18:49:28.150 [ReconcilerExecutor-hivemq-controller-116] INFO  c.h.p.o.h.AbstractHiveMQReconcilerStateHandler - [helmaddi] Update HiveMQ Platform Status (RUNNING [READY] -> ERROR [INVALID_CONFIG_MAP]): Could not find ConfigMap 'hivemq-configuration-test-hivemq-platform' for HiveMQ Platform configuration
2025-01-30 18:49:28,160 INFO c.h.h.t.HelmChartContainer - [hivemq-test-hivemq-platform] [hivemq-platform-operator] [05b50a5e] 18:49:28.157 [ReconcilerExecutor-hivemq-controller-116] ERROR i.j.o.p.event.EventProcessor - Error during event processing ExecutionScope{ resource id: ResourceID{name='test-hivemq-platform', namespace='helmadditionalvolumesit'}, version: 1587}
2025-01-30 18:49:28,161 INFO c.h.h.t.HelmChartContainer - [hivemq-test-hivemq-platform] [hivemq-platform-operator] [05b50a5e] io.fabric8.kubernetes.client.KubernetesClientException: Failure executing: PUT at: https://10.43.0.1:443/apis/hivemq.com/v1/namespaces/helmadditionalvolumesit/hivemq-platforms/test-hivemq-platform/status. Message: Operation cannot be fulfilled on hivemq-platforms.hivemq.com "test-hivemq-platform": the object has been modified; please apply your changes to the latest version and try again. Received status: Status(apiVersion=v1, code=409, details=StatusDetails(causes=[], group=hivemq.com, kind=hivemq-platforms, name=test-hivemq-platform, retryAfterSeconds=null, uid=null, additionalProperties={}), kind=Status, message=Operation cannot be fulfilled on hivemq-platforms.hivemq.com "test-hivemq-platform": the object has been modified; please apply your changes to the latest version and try again, metadata=ListMeta(_continue=null, remainingItemCount=null, resourceVersion=null, selfLink=null, additionalProperties={}), reason=Conflict, status=Failure, additionalProperties={}).
2025-01-30 18:49:28,161 INFO c.h.h.t.HelmChartContainer - [hivemq-test-hivemq-platform] [hivemq-platform-operator] [05b50a5e] 	at io.fabric8.kubernetes.client.KubernetesClientException.copyAsCause(KubernetesClientException.java:238)
2025-01-30 18:49:28,161 INFO c.h.h.t.HelmChartContainer - [hivemq-test-hivemq-platform] [hivemq-platform-operator] [05b50a5e] 	at io.fabric8.kubernetes.client.dsl.internal.OperationSupport.waitForResult(OperationSupport.java:507)
2025-01-30 18:49:28,161 INFO c.h.h.t.HelmChartContainer - [hivemq-test-hivemq-platform] [hivemq-platform-operator] [05b50a5e] 	at io.fabric8.kubernetes.client.dsl.internal.OperationSupport.handleResponse(OperationSupport.java:524)
2025-01-30 18:49:28,161 INFO c.h.h.t.HelmChartContainer - [hivemq-test-hivemq-platform] [hivemq-platform-operator] [05b50a5e] 	at io.fabric8.kubernetes.client.dsl.internal.OperationSupport.handleUpdate(OperationSupport.java:358)
2025-01-30 18:49:28,163 INFO c.h.h.t.HelmChartContainer - [hivemq-test-hivemq-platform] [hivemq-platform-operator] [05b50a5e] 	at io.fabric8.kubernetes.client.dsl.internal.BaseOperation.handleUpdate(BaseOperation.java:759)
2025-01-30 18:49:28,163 INFO c.h.h.t.HelmChartContainer - [hivemq-test-hivemq-platform] [hivemq-platform-operator] [05b50a5e] 	at io.fabric8.kubernetes.client.dsl.internal.HasMetadataOperation.update(HasMetadataOperation.java:138)
2025-01-30 18:49:28,163 INFO c.h.h.t.HelmChartContainer - [hivemq-test-hivemq-platform] [hivemq-platform-operator] [05b50a5e] 	at io.fabric8.kubernetes.client.dsl.internal.HasMetadataOperation.update(HasMetadataOperation.java:121)
2025-01-30 18:49:28,163 INFO c.h.h.t.HelmChartContainer - [hivemq-test-hivemq-platform] [hivemq-platform-operator] [05b50a5e] 	at io.fabric8.kubernetes.client.dsl.internal.HasMetadataOperation.updateStatus(HasMetadataOperation.java:126)
2025-01-30 18:49:28,163 INFO c.h.h.t.HelmChartContainer - [hivemq-test-hivemq-platform] [hivemq-platform-operator] [05b50a5e] 	at io.fabric8.kubernetes.client.dsl.internal.HasMetadataOperation.updateStatus(HasMetadataOperation.java:44)
2025-01-30 18:49:28,163 INFO c.h.h.t.HelmChartContainer - [hivemq-test-hivemq-platform] [hivemq-platform-operator] [05b50a5e] 	at io.javaoperatorsdk.operator.processing.event.ReconciliationDispatcher$CustomResourceFacade.updateStatus(ReconciliationDispatcher.java:408)
2025-01-30 18:49:28,163 INFO c.h.h.t.HelmChartContainer - [hivemq-test-hivemq-platform] [hivemq-platform-operator] [05b50a5e] 	at io.javaoperatorsdk.operator.processing.event.ReconciliationDispatcher.updateStatusGenerationAware(ReconciliationDispatcher.java:228)
2025-01-30 18:49:28,163 INFO c.h.h.t.HelmChartContainer - [hivemq-test-hivemq-platform] [hivemq-platform-operator] [05b50a5e] 	at io.javaoperatorsdk.operator.processing.event.ReconciliationDispatcher.reconcileExecution(ReconciliationDispatcher.java:150)
2025-01-30 18:49:28,163 INFO c.h.h.t.HelmChartContainer - [hivemq-test-hivemq-platform] [hivemq-platform-operator] [05b50a5e] 	at io.javaoperatorsdk.operator.processing.event.ReconciliationDispatcher.handleReconcile(ReconciliationDispatcher.java:117)
2025-01-30 18:49:28,163 INFO c.h.h.t.HelmChartContainer - [hivemq-test-hivemq-platform] [hivemq-platform-operator] [05b50a5e] 	at io.javaoperatorsdk.operator.processing.event.ReconciliationDispatcher.handleDispatch(ReconciliationDispatcher.java:91)
2025-01-30 18:49:28,163 INFO c.h.h.t.HelmChartContainer - [hivemq-test-hivemq-platform] [hivemq-platform-operator] [05b50a5e] 	at io.javaoperatorsdk.operator.processing.event.ReconciliationDispatcher.handleExecution(ReconciliationDispatcher.java:64)
2025-01-30 18:49:28,163 INFO c.h.h.t.HelmChartContainer - [hivemq-test-hivemq-platform] [hivemq-platform-operator] [05b50a5e] 	at io.javaoperatorsdk.operator.processing.event.EventProcessor$ReconcilerExecutor.run(EventProcessor.java:452)
2025-01-30 18:49:28,163 INFO c.h.h.t.HelmChartContainer - [hivemq-test-hivemq-platform] [hivemq-platform-operator] [05b50a5e] 	at java.base/java.util.concurrent.ThreadPoolExecutor.runWorker(Unknown Source)
2025-01-30 18:49:28,163 INFO c.h.h.t.HelmChartContainer - [hivemq-test-hivemq-platform] [hivemq-platform-operator] [05b50a5e] 	at java.base/java.util.concurrent.ThreadPoolExecutor$Worker.run(Unknown Source)
2025-01-30 18:49:28,163 INFO c.h.h.t.HelmChartContainer - [hivemq-test-hivemq-platform] [hivemq-platform-operator] [05b50a5e] 	at java.base/java.lang.Thread.run(Unknown Source)
2025-01-30 18:49:28,163 INFO c.h.h.t.HelmChartContainer - [hivemq-test-hivemq-platform] [hivemq-platform-operator] [05b50a5e] Caused by: io.fabric8.kubernetes.client.KubernetesClientException: Failure executing: PUT at: https://10.43.0.1:443/apis/hivemq.com/v1/namespaces/helmadditionalvolumesit/hivemq-platforms/test-hivemq-platform/status. Message: Operation cannot be fulfilled on hivemq-platforms.hivemq.com "test-hivemq-platform": the object has been modified; please apply your changes to the latest version and try again. Received status: Status(apiVersion=v1, code=409, details=StatusDetails(causes=[], group=hivemq.com, kind=hivemq-platforms, name=test-hivemq-platform, retryAfterSeconds=null, uid=null, additionalProperties={}), kind=Status, message=Operation cannot be fulfilled on hivemq-platforms.hivemq.com "test-hivemq-platform": the object has been modified; please apply your changes to the latest version and try again, metadata=ListMeta(_continue=null, remainingItemCount=null, resourceVersion=null, selfLink=null, additionalProperties={}), reason=Conflict, status=Failure, additionalProperties={}).
2025-01-30 18:49:28,163 INFO c.h.h.t.HelmChartContainer - [hivemq-test-hivemq-platform] [hivemq-platform-operator] [05b50a5e] 	at io.fabric8.kubernetes.client.dsl.internal.OperationSupport.requestFailure(OperationSupport.java:660)
2025-01-30 18:49:28,163 INFO c.h.h.t.HelmChartContainer - [hivemq-test-hivemq-platform] [hivemq-platform-operator] [05b50a5e] 	at io.fabric8.kubernetes.client.dsl.internal.OperationSupport.requestFailure(OperationSupport.java:640)
2025-01-30 18:49:28,163 INFO c.h.h.t.HelmChartContainer - [hivemq-test-hivemq-platform] [hivemq-platform-operator] [05b50a5e] 	at io.fabric8.kubernetes.client.dsl.internal.OperationSupport.assertResponseCode(OperationSupport.java:589)
2025-01-30 18:49:28,163 INFO c.h.h.t.HelmChartContainer - [hivemq-test-hivemq-platform] [hivemq-platform-operator] [05b50a5e] 	at io.fabric8.kubernetes.client.dsl.internal.OperationSupport.lambda$handleResponse$0(OperationSupport.java:549)
2025-01-30 18:49:28,163 INFO c.h.h.t.HelmChartContainer - [hivemq-test-hivemq-platform] [hivemq-platform-operator] [05b50a5e] 	at java.base/java.util.concurrent.CompletableFuture$UniApply.tryFire(Unknown Source)
2025-01-30 18:49:28,163 INFO c.h.h.t.HelmChartContainer - [hivemq-test-hivemq-platform] [hivemq-platform-operator] [05b50a5e] 	at java.base/java.util.concurrent.CompletableFuture.postComplete(Unknown Source)
2025-01-30 18:49:28,163 INFO c.h.h.t.HelmChartContainer - [hivemq-test-hivemq-platform] [hivemq-platform-operator] [05b50a5e] 	at java.base/java.util.concurrent.CompletableFuture.complete(Unknown Source)
2025-01-30 18:49:28,163 INFO c.h.h.t.HelmChartContainer - [hivemq-test-hivemq-platform] [hivemq-platform-operator] [05b50a5e] 	at io.fabric8.kubernetes.client.http.StandardHttpClient.lambda$completeOrCancel$10(StandardHttpClient.java:141)
2025-01-30 18:49:28,163 INFO c.h.h.t.HelmChartContainer - [hivemq-test-hivemq-platform] [hivemq-platform-operator] [05b50a5e] 	at java.base/java.util.concurrent.CompletableFuture.uniWhenComplete(Unknown Source)
2025-01-30 18:49:28,163 INFO c.h.h.t.HelmChartContainer - [hivemq-test-hivemq-platform] [hivemq-platform-operator] [05b50a5e] 	at java.base/java.util.concurrent.CompletableFuture$UniWhenComplete.tryFire(Unknown Source)
2025-01-30 18:49:28,163 INFO c.h.h.t.HelmChartContainer - [hivemq-test-hivemq-platform] [hivemq-platform-operator] [05b50a5e] 	at java.base/java.util.concurrent.CompletableFuture.postComplete(Unknown Source)
2025-01-30 18:49:28,163 INFO c.h.h.t.HelmChartContainer - [hivemq-test-hivemq-platform] [hivemq-platform-operator] [05b50a5e] 	at java.base/java.util.concurrent.CompletableFuture.complete(Unknown Source)
2025-01-30 18:49:28,163 INFO c.h.h.t.HelmChartContainer - [hivemq-test-hivemq-platform] [hivemq-platform-operator] [05b50a5e] 	at io.fabric8.kubernetes.client.http.ByteArrayBodyHandler.onBodyDone(ByteArrayBodyHandler.java:51)
2025-01-30 18:49:28,163 INFO c.h.h.t.HelmChartContainer - [hivemq-test-hivemq-platform] [hivemq-platform-operator] [05b50a5e] 	at java.base/java.util.concurrent.CompletableFuture.uniWhenComplete(Unknown Source)
2025-01-30 18:49:28,163 INFO c.h.h.t.HelmChartContainer - [hivemq-test-hivemq-platform] [hivemq-platform-operator] [05b50a5e] 	at java.base/java.util.concurrent.CompletableFuture$UniWhenComplete.tryFire(Unknown Source)
2025-01-30 18:49:28,163 INFO c.h.h.t.HelmChartContainer - [hivemq-test-hivemq-platform] [hivemq-platform-operator] [05b50a5e] 	at java.base/java.util.concurrent.CompletableFuture.postComplete(Unknown Source)
2025-01-30 18:49:28,163 INFO c.h.h.t.HelmChartContainer - [hivemq-test-hivemq-platform] [hivemq-platform-operator] [05b50a5e] 	at java.base/java.util.concurrent.CompletableFuture.complete(Unknown Source)
2025-01-30 18:49:28,163 INFO c.h.h.t.HelmChartContainer - [hivemq-test-hivemq-platform] [hivemq-platform-operator] [05b50a5e] 	at io.fabric8.kubernetes.client.vertx.VertxHttpRequest.lambda$null$1(VertxHttpRequest.java:121)
2025-01-30 18:49:28,163 INFO c.h.h.t.HelmChartContainer - [hivemq-test-hivemq-platform] [hivemq-platform-operator] [05b50a5e] 	at io.vertx.core.impl.ContextInternal.dispatch(ContextInternal.java:279)
2025-01-30 18:49:28,163 INFO c.h.h.t.HelmChartContainer - [hivemq-test-hivemq-platform] [hivemq-platform-operator] [05b50a5e] 	at io.vertx.core.impl.ContextInternal.dispatch(ContextInternal.java:261)
2025-01-30 18:49:28,163 INFO c.h.h.t.HelmChartContainer - [hivemq-test-hivemq-platform] [hivemq-platform-operator] [05b50a5e] 	at io.vertx.core.http.impl.HttpEventHandler.handleEnd(HttpEventHandler.java:76)
2025-01-30 18:49:28,163 INFO c.h.h.t.HelmChartContainer - [hivemq-test-hivemq-platform] [hivemq-platform-operator] [05b50a5e] 	at io.vertx.core.http.impl.HttpClientResponseImpl.handleEnd(HttpClientResponseImpl.java:250)
2025-01-30 18:49:28,163 INFO c.h.h.t.HelmChartContainer - [hivemq-test-hivemq-platform] [hivemq-platform-operator] [05b50a5e] 	at io.vertx.core.http.impl.Http1xClientConnection$StreamImpl.lambda$new$0(Http1xClientConnection.java:421)
2025-01-30 18:49:28,163 INFO c.h.h.t.HelmChartContainer - [hivemq-test-hivemq-platform] [hivemq-platform-operator] [05b50a5e] 	at io.vertx.core.streams.impl.InboundBuffer.handleEvent(InboundBuffer.java:279)
2025-01-30 18:49:28,163 INFO c.h.h.t.HelmChartContainer - [hivemq-test-hivemq-platform] [hivemq-platform-operator] [05b50a5e] 	at io.vertx.core.streams.impl.InboundBuffer.write(InboundBuffer.java:157)
2025-01-30 18:49:28,163 INFO c.h.h.t.HelmChartContainer - [hivemq-test-hivemq-platform] [hivemq-platform-operator] [05b50a5e] 	at io.vertx.core.http.impl.Http1xClientConnection$StreamImpl.handleEnd(Http1xClientConnection.java:709)
2025-01-30 18:49:28,167 INFO c.h.h.t.HelmChartContainer - [hivemq-test-hivemq-platform] [hivemq-platform-operator] [05b50a5e] 	at io.vertx.core.impl.ContextImpl.execute(ContextImpl.java:313)
2025-01-30 18:49:28,167 INFO c.h.h.t.HelmChartContainer - [hivemq-test-hivemq-platform] [hivemq-platform-operator] [05b50a5e] 	at io.vertx.core.impl.ContextImpl.execute(ContextImpl.java:293)
2025-01-30 18:49:28,167 INFO c.h.h.t.HelmChartContainer - [hivemq-test-hivemq-platform] [hivemq-platform-operator] [05b50a5e] 	at io.vertx.core.http.impl.Http1xClientConnection.handleResponseEnd(Http1xClientConnection.java:940)
2025-01-30 18:49:28,167 INFO c.h.h.t.HelmChartContainer - [hivemq-test-hivemq-platform] [hivemq-platform-operator] [05b50a5e] 	at io.vertx.core.http.impl.Http1xClientConnection.handleHttpMessage(Http1xClientConnection.java:810)
2025-01-30 18:49:28,167 INFO c.h.h.t.HelmChartContainer - [hivemq-test-hivemq-platform] [hivemq-platform-operator] [05b50a5e] 	at io.vertx.core.http.impl.Http1xClientConnection.handleMessage(Http1xClientConnection.java:774)
2025-01-30 18:49:28,167 INFO c.h.h.t.HelmChartContainer - [hivemq-test-hivemq-platform] [hivemq-platform-operator] [05b50a5e] 	at io.vertx.core.net.impl.ConnectionBase.read(ConnectionBase.java:159)
2025-01-30 18:49:28,167 INFO c.h.h.t.HelmChartContainer - [hivemq-test-hivemq-platform] [hivemq-platform-operator] [05b50a5e] 	at io.vertx.core.net.impl.VertxHandler.channelRead(VertxHandler.java:153)
2025-01-30 18:49:28,167 INFO c.h.h.t.HelmChartContainer - [hivemq-test-hivemq-platform] [hivemq-platform-operator] [05b50a5e] 	at io.netty.channel.AbstractChannelHandlerContext.invokeChannelRead(AbstractChannelHandlerContext.java:442)
2025-01-30 18:49:28,167 INFO c.h.h.t.HelmChartContainer - [hivemq-test-hivemq-platform] [hivemq-platform-operator] [05b50a5e] 	at io.netty.channel.AbstractChannelHandlerContext.invokeChannelRead(AbstractChannelHandlerContext.java:420)
2025-01-30 18:49:28,167 INFO c.h.h.t.HelmChartContainer - [hivemq-test-hivemq-platform] [hivemq-platform-operator] [05b50a5e] 	at io.netty.channel.AbstractChannelHandlerContext.fireChannelRead(AbstractChannelHandlerContext.java:412)
2025-01-30 18:49:28,167 INFO c.h.h.t.HelmChartContainer - [hivemq-test-hivemq-platform] [hivemq-platform-operator] [05b50a5e] 	at io.netty.channel.CombinedChannelDuplexHandler$DelegatingChannelHandlerContext.fireChannelRead(CombinedChannelDuplexHandler.java:436)
2025-01-30 18:49:28,167 INFO c.h.h.t.HelmChartContainer - [hivemq-test-hivemq-platform] [hivemq-platform-operator] [05b50a5e] 	at io.netty.handler.codec.ByteToMessageDecoder.fireChannelRead(ByteToMessageDecoder.java:346)
2025-01-30 18:49:28,167 INFO c.h.h.t.HelmChartContainer - [hivemq-test-hivemq-platform] [hivemq-platform-operator] [05b50a5e] 	at io.netty.handler.codec.ByteToMessageDecoder.channelRead(ByteToMessageDecoder.java:318)
2025-01-30 18:49:28,167 INFO c.h.h.t.HelmChartContainer - [hivemq-test-hivemq-platform] [hivemq-platform-operator] [05b50a5e] 	at io.netty.channel.CombinedChannelDuplexHandler.channelRead(CombinedChannelDuplexHandler.java:251)
2025-01-30 18:49:28,167 INFO c.h.h.t.HelmChartContainer - [hivemq-test-hivemq-platform] [hivemq-platform-operator] [05b50a5e] 	at io.netty.channel.AbstractChannelHandlerContext.invokeChannelRead(AbstractChannelHandlerContext.java:442)
2025-01-30 18:49:28,167 INFO c.h.h.t.HelmChartContainer - [hivemq-test-hivemq-platform] [hivemq-platform-operator] [05b50a5e] 	at io.netty.channel.AbstractChannelHandlerContext.invokeChannelRead(AbstractChannelHandlerContext.java:420)
2025-01-30 18:49:28,167 INFO c.h.h.t.HelmChartContainer - [hivemq-test-hivemq-platform] [hivemq-platform-operator] [05b50a5e] 	at io.netty.channel.AbstractChannelHandlerContext.fireChannelRead(AbstractChannelHandlerContext.java:412)
2025-01-30 18:49:28,167 INFO c.h.h.t.HelmChartContainer - [hivemq-test-hivemq-platform] [hivemq-platform-operator] [05b50a5e] 	at io.netty.handler.ssl.SslHandler.unwrap(SslHandler.java:1475)
2025-01-30 18:49:28,167 INFO c.h.h.t.HelmChartContainer - [hivemq-test-hivemq-platform] [hivemq-platform-operator] [05b50a5e] 	at io.netty.handler.ssl.SslHandler.decodeJdkCompatible(SslHandler.java:1338)
2025-01-30 18:49:28,167 INFO c.h.h.t.HelmChartContainer - [hivemq-test-hivemq-platform] [hivemq-platform-operator] [05b50a5e] 	at io.netty.handler.ssl.SslHandler.decode(SslHandler.java:1387)
2025-01-30 18:49:28,167 INFO c.h.h.t.HelmChartContainer - [hivemq-test-hivemq-platform] [hivemq-platform-operator] [05b50a5e] 	at io.netty.handler.codec.ByteToMessageDecoder.decodeRemovalReentryProtection(ByteToMessageDecoder.java:530)
2025-01-30 18:49:28,167 INFO c.h.h.t.HelmChartContainer - [hivemq-test-hivemq-platform] [hivemq-platform-operator] [05b50a5e] 	at io.netty.handler.codec.ByteToMessageDecoder.callDecode(ByteToMessageDecoder.java:469)
2025-01-30 18:49:28,167 INFO c.h.h.t.HelmChartContainer - [hivemq-test-hivemq-platform] [hivemq-platform-operator] [05b50a5e] 	at io.netty.handler.codec.ByteToMessageDecoder.channelRead(ByteToMessageDecoder.java:290)
2025-01-30 18:49:28,167 INFO c.h.h.t.HelmChartContainer - [hivemq-test-hivemq-platform] [hivemq-platform-operator] [05b50a5e] 	at io.netty.channel.AbstractChannelHandlerContext.invokeChannelRead(AbstractChannelHandlerContext.java:444)
2025-01-30 18:49:28,167 INFO c.h.h.t.HelmChartContainer - [hivemq-test-hivemq-platform] [hivemq-platform-operator] [05b50a5e] 	at io.netty.channel.AbstractChannelHandlerContext.invokeChannelRead(AbstractChannelHandlerContext.java:420)
2025-01-30 18:49:28,167 INFO c.h.h.t.HelmChartContainer - [hivemq-test-hivemq-platform] [hivemq-platform-operator] [05b50a5e] 	at io.netty.channel.AbstractChannelHandlerContext.fireChannelRead(AbstractChannelHandlerContext.java:412)
2025-01-30 18:49:28,167 INFO c.h.h.t.HelmChartContainer - [hivemq-test-hivemq-platform] [hivemq-platform-operator] [05b50a5e] 	at io.netty.channel.DefaultChannelPipeline$HeadContext.channelRead(DefaultChannelPipeline.java:1407)
2025-01-30 18:49:28,167 INFO c.h.h.t.HelmChartContainer - [hivemq-test-hivemq-platform] [hivemq-platform-operator] [05b50a5e] 	at io.netty.channel.AbstractChannelHandlerContext.invokeChannelRead(AbstractChannelHandlerContext.java:440)
2025-01-30 18:49:28,167 INFO c.h.h.t.HelmChartContainer - [hivemq-test-hivemq-platform] [hivemq-platform-operator] [05b50a5e] 	at io.netty.channel.AbstractChannelHandlerContext.invokeChannelRead(AbstractChannelHandlerContext.java:420)
2025-01-30 18:49:28,167 INFO c.h.h.t.HelmChartContainer - [hivemq-test-hivemq-platform] [hivemq-platform-operator] [05b50a5e] 	at io.netty.channel.DefaultChannelPipeline.fireChannelRead(DefaultChannelPipeline.java:918)
2025-01-30 18:49:28,167 INFO c.h.h.t.HelmChartContainer - [hivemq-test-hivemq-platform] [hivemq-platform-operator] [05b50a5e] 	at io.netty.channel.nio.AbstractNioByteChannel$NioByteUnsafe.read(AbstractNioByteChannel.java:166)
2025-01-30 18:49:28,167 INFO c.h.h.t.HelmChartContainer - [hivemq-test-hivemq-platform] [hivemq-platform-operator] [05b50a5e] 	at io.netty.channel.nio.NioEventLoop.processSelectedKey(NioEventLoop.java:788)
2025-01-30 18:49:28,167 INFO c.h.h.t.HelmChartContainer - [hivemq-test-hivemq-platform] [hivemq-platform-operator] [05b50a5e] 	at io.netty.channel.nio.NioEventLoop.processSelectedKeysOptimized(NioEventLoop.java:724)
2025-01-30 18:49:28,167 INFO c.h.h.t.HelmChartContainer - [hivemq-test-hivemq-platform] [hivemq-platform-operator] [05b50a5e] 	at io.netty.channel.nio.NioEventLoop.processSelectedKeys(NioEventLoop.java:650)
2025-01-30 18:49:28,167 INFO c.h.h.t.HelmChartContainer - [hivemq-test-hivemq-platform] [hivemq-platform-operator] [05b50a5e] 	at io.netty.channel.nio.NioEventLoop.run(NioEventLoop.java:562)
2025-01-30 18:49:28,167 INFO c.h.h.t.HelmChartContainer - [hivemq-test-hivemq-platform] [hivemq-platform-operator] [05b50a5e] 	at io.netty.util.concurrent.SingleThreadEventExecutor$4.run(SingleThreadEventExecutor.java:997)
2025-01-30 18:49:28,167 INFO c.h.h.t.HelmChartContainer - [hivemq-test-hivemq-platform] [hivemq-platform-operator] [05b50a5e] 	at io.netty.util.internal.ThreadExecutorMap$2.run(ThreadExecutorMap.java:74)
2025-01-30 18:49:28,167 INFO c.h.h.t.HelmChartContainer - [hivemq-test-hivemq-platform] [hivemq-platform-operator] [05b50a5e] 	at io.netty.util.concurrent.FastThreadLocalRunnable.run(FastThreadLocalRunnable.java:30)
2025-01-30 18:49:28,167 INFO c.h.h.t.HelmChartContainer - [hivemq-test-hivemq-platform] [hivemq-platform-operator] [05b50a5e] 	... 1 common frames omitted
2025-01-30 18:49:28,167 INFO c.h.h.t.HelmChartContainer - [hivemq-test-hivemq-platform] [hivemq-platform-operator] [05b50a5e] 18:49:28.166 [ReconcilerExecutor-hivemq-controller-118] INFO  c.h.p.o.HiveMQPlatformReconciler - [helmaddi] Cleanup test-hivemq-platform - helmadditionalvolumesit HiveMQ Platform is shut down
2025-01-30 18:49:28,644 INFO c.h.h.t.HelmChartContainer - [POD] test-hivemq-platform-0 [30ba5ed2-5a4d-4f51-8d72-5c8440bbbe00] in helmadditionalvolumesit was MODIFIED
2025-01-30 18:49:28,647 INFO c.h.h.t.HelmChartContainer - [EVENT] Normal [Killing] Stopping container hivemq [helmadditionalvolumesit:test-hivemq-platform-0]
2025-01-30 18:49:28,647 INFO c.h.h.t.HelmChartContainer - Received Killing event for container hivemq in pod test-hivemq-platform-0 [30ba5ed2-5a4d-4f51-8d72-5c8440bbbe00]
2025-01-30 18:49:28,647 INFO c.h.h.t.HelmChartContainer - Container [test-hivemq-platform-0] [hivemq] [30ba5ed2-5a4d-4f51-8d72-5c8440bbbe00] was terminated
2025-01-30 18:49:28,647 INFO c.h.h.t.HelmChartContainer - Stopped log watcher for hivemq in pod test-hivemq-platform-0 [30ba5ed2-5a4d-4f51-8d72-5c8440bbbe00]
2025-01-30 18:49:28,654 INFO c.h.h.t.HelmChartContainer - [test-hivemq-platform] [hivemq] [30ba5ed2] INFO  - [HiveMQ Platform Operator Init App 1.7.0-SNAPSHOT] Shutting down
2025-01-30 18:49:28,654 INFO c.h.h.t.HelmChartContainer - [test-hivemq-platform] [hivemq] [30ba5ed2] INFO  - [HiveMQ Platform Operator Init App 1.7.0-SNAPSHOT] Stopping the HiveMQ Platform
2025-01-30 18:49:28,751 INFO c.h.h.t.HelmChartContainer - [test-hivemq-platform] [hivemq] [30ba5ed2] INFO  - Shutting down HiveMQ. Please wait, this could take a while...
2025-01-30 18:49:28,837 INFO c.h.h.t.HelmChartContainer - [test-hivemq-platform] [hivemq] [30ba5ed2] INFO  - Shutting down listeners and clients
2025-01-30 18:49:28,838 INFO c.h.h.t.HelmChartContainer - [test-hivemq-platform] [hivemq] [30ba5ed2] INFO  - Shutdown of listeners is done
2025-01-30 18:49:28,839 INFO c.h.h.t.HelmChartContainer - [test-hivemq-platform] [hivemq] [30ba5ed2] INFO  - No clients are connected, proceeding with shutdown
2025-01-30 18:49:29,925 INFO c.h.h.t.HelmChartContainer - Deleting namespace 'helmadditionalvolumesit'...
2025-01-30 18:49:30,452 INFO c.h.h.t.HelmChartContainer - [test-hivemq-platform] [hivemq] [30ba5ed2] INFO  - [HiveMQ Platform Operator Init App 1.7.0-SNAPSHOT] Returning shutdown Health API response 503 for readiness
2025-01-30 18:49:30,456 INFO c.h.h.t.HelmChartContainer - [EVENT] Warning [Unhealthy] Readiness probe failed: HTTP probe failed with statuscode: 503 [helmadditionalvolumesit:test-hivemq-platform-0]
2025-01-30 18:49:30,456 INFO c.h.h.t.HelmChartContainer - Received Unhealthy event for container hivemq in pod test-hivemq-platform-0 [30ba5ed2-5a4d-4f51-8d72-5c8440bbbe00]
2025-01-30 18:49:30,848 INFO c.h.h.t.HelmChartContainer - [K3S] [authentication.go:74] "Unable to authenticate the request" err="[invalid bearer token, serviceaccounts \"hivemq-platform-pod-test-hivemq-platform\" not found]"
2025-01-30 18:49:30,866 INFO c.h.h.t.HelmChartContainer - [K3S] [authentication.go:74] "Unable to authenticate the request" err="[invalid bearer token, serviceaccounts \"hivemq-platform-pod-test-hivemq-platform\" not found]"
2025-01-30 18:49:30,938 INFO c.h.h.t.HelmChartContainer - [test-hivemq-platform] [hivemq] [30ba5ed2] WARN  - [HiveMQ Platform Operator Init App 1.7.0-SNAPSHOT] Could not update Pod annotations: Failure executing: GET at: https://10.43.0.1:443/api/v1/namespaces/helmadditionalvolumesit/pods/test-hivemq-platform-0. Message: Unauthorized. Received status: Status(apiVersion=v1, code=401, details=null, kind=Status, message=Unauthorized, metadata=ListMeta(_continue=null, remainingItemCount=null, resourceVersion=null, selfLink=null, additionalProperties={}), reason=Unauthorized, status=Failure, additionalProperties={}).
2025-01-30 18:49:32,244 INFO c.h.h.t.HelmChartContainer - [test-hivemq-platform] [hivemq] [30ba5ed2] INFO  - Shutting down extension system
2025-01-30 18:49:32,246 INFO c.h.h.t.HelmChartContainer - [test-hivemq-platform] [hivemq] [30ba5ed2] INFO  - Stopping extension with id hivemq-dns-cluster-discovery
2025-01-30 18:49:32,247 INFO c.h.h.t.HelmChartContainer - [test-hivemq-platform] [hivemq] [30ba5ed2] INFO  - Extension "DNS Cluster Discovery Extension" version 4.3.2 stopped successfully.
2025-01-30 18:49:32,248 INFO c.h.h.t.HelmChartContainer - [test-hivemq-platform] [hivemq] [30ba5ed2] INFO  - Stopping extension with id hivemq-prometheus-extension
2025-01-30 18:49:32,252 INFO c.h.h.t.HelmChartContainer - [test-hivemq-platform] [hivemq] [30ba5ed2] INFO  - Extension "Prometheus Monitoring Extension" version 4.0.12 stopped successfully.
2025-01-30 18:49:32,252 INFO c.h.h.t.HelmChartContainer - [test-hivemq-platform] [hivemq] [30ba5ed2] INFO  - Stopping extension with id hivemq-allow-all-extension
2025-01-30 18:49:32,252 INFO c.h.h.t.HelmChartContainer - [test-hivemq-platform] [hivemq] [30ba5ed2] INFO  - Extension "Allow All Extension" version 1.1.1 stopped successfully.
2025-01-30 18:49:34,597 INFO c.h.h.t.HelmChartContainer - [test-hivemq-platform] [hivemq] [30ba5ed2] INFO  - Shutdown completed.
2025-01-30 18:49:34,954 INFO c.h.h.t.HelmChartContainer - [test-hivemq-platform] [hivemq] [30ba5ed2] INFO  - [HiveMQ Platform Operator Init App 1.7.0-SNAPSHOT] The HiveMQ Platform exited with code 143
2025-01-30 18:49:34,954 INFO c.h.h.t.HelmChartContainer - [test-hivemq-platform] [hivemq] [30ba5ed2] INFO  - [HiveMQ Platform Operator Init App 1.7.0-SNAPSHOT] Stopping the REST API
2025-01-30 18:49:35,000 INFO c.h.h.t.HelmChartContainer - [test-hivemq-platform] [hivemq] [30ba5ed2] INFO  - [HiveMQ Platform Operator Init App 1.7.0-SNAPSHOT] Shutdown complete
2025-01-30 18:49:35,082 INFO c.h.h.t.HelmChartContainer - [K3S] [stateful_set.go:466] "StatefulSet has been deleted" key="helmadditionalvolumesit/test-hivemq-platform"
2025-01-30 18:49:35,444 INFO c.h.h.t.HelmChartContainer - [POD] test-hivemq-platform-0 [30ba5ed2-5a4d-4f51-8d72-5c8440bbbe00] in helmadditionalvolumesit was MODIFIED
2025-01-30 18:49:35,507 INFO c.h.h.t.HelmChartContainer - [K3S] [reconciler_common.go:162] "operationExecutor.UnmountVolume started for volume \"test-persistent-volume-claim\" (UniqueName: \"kubernetes.io/local-volume/pvc-ad203939-efab-49b8-ae33-9d5796ecfb4f\") pod \"30ba5ed2-5a4d-4f51-8d72-5c8440bbbe00\" (UID: \"30ba5ed2-5a4d-4f51-8d72-5c8440bbbe00\") "
2025-01-30 18:49:35,507 INFO c.h.h.t.HelmChartContainer - [K3S] [reconciler_common.go:162] "operationExecutor.UnmountVolume started for volume \"broker-configuration\" (UniqueName: \"kubernetes.io/configmap/30ba5ed2-5a4d-4f51-8d72-5c8440bbbe00-broker-configuration\") pod \"30ba5ed2-5a4d-4f51-8d72-5c8440bbbe00\" (UID: \"30ba5ed2-5a4d-4f51-8d72-5c8440bbbe00\") "
2025-01-30 18:49:35,507 INFO c.h.h.t.HelmChartContainer - [K3S] [reconciler_common.go:162] "operationExecutor.UnmountVolume started for volume \"operator-init\" (UniqueName: \"kubernetes.io/empty-dir/30ba5ed2-5a4d-4f51-8d72-5c8440bbbe00-operator-init\") pod \"30ba5ed2-5a4d-4f51-8d72-5c8440bbbe00\" (UID: \"30ba5ed2-5a4d-4f51-8d72-5c8440bbbe00\") "
2025-01-30 18:49:35,507 INFO c.h.h.t.HelmChartContainer - [K3S] [reconciler_common.go:162] "operationExecutor.UnmountVolume started for volume \"kube-api-access-wnp6l\" (UniqueName: \"kubernetes.io/projected/30ba5ed2-5a4d-4f51-8d72-5c8440bbbe00-kube-api-access-wnp6l\") pod \"30ba5ed2-5a4d-4f51-8d72-5c8440bbbe00\" (UID: \"30ba5ed2-5a4d-4f51-8d72-5c8440bbbe00\") "
2025-01-30 18:49:35,507 INFO c.h.h.t.HelmChartContainer - [K3S] [reconciler_common.go:162] "operationExecutor.UnmountVolume started for volume \"test-secret-volume\" (UniqueName: \"kubernetes.io/secret/30ba5ed2-5a4d-4f51-8d72-5c8440bbbe00-test-secret-volume\") pod \"30ba5ed2-5a4d-4f51-8d72-5c8440bbbe00\" (UID: \"30ba5ed2-5a4d-4f51-8d72-5c8440bbbe00\") "
2025-01-30 18:49:35,507 INFO c.h.h.t.HelmChartContainer - [K3S] [reconciler_common.go:162] "operationExecutor.UnmountVolume started for volume \"pod-info\" (UniqueName: \"kubernetes.io/configmap/30ba5ed2-5a4d-4f51-8d72-5c8440bbbe00-pod-info\") pod \"30ba5ed2-5a4d-4f51-8d72-5c8440bbbe00\" (UID: \"30ba5ed2-5a4d-4f51-8d72-5c8440bbbe00\") "
2025-01-30 18:49:35,508 INFO c.h.h.t.HelmChartContainer - [K3S] [reconciler_common.go:162] "operationExecutor.UnmountVolume started for volume \"test-mount-volume\" (UniqueName: \"kubernetes.io/configmap/30ba5ed2-5a4d-4f51-8d72-5c8440bbbe00-test-mount-volume\") pod \"30ba5ed2-5a4d-4f51-8d72-5c8440bbbe00\" (UID: \"30ba5ed2-5a4d-4f51-8d72-5c8440bbbe00\") "
2025-01-30 18:49:35,508 INFO c.h.h.t.HelmChartContainer - [K3S] [reconciler_common.go:162] "operationExecutor.UnmountVolume started for volume \"test-empty-dir-volume\" (UniqueName: \"kubernetes.io/empty-dir/30ba5ed2-5a4d-4f51-8d72-5c8440bbbe00-test-empty-dir-volume\") pod \"30ba5ed2-5a4d-4f51-8d72-5c8440bbbe00\" (UID: \"30ba5ed2-5a4d-4f51-8d72-5c8440bbbe00\") "
2025-01-30 18:49:35,607 INFO c.h.h.t.HelmChartContainer - [K3S] [reconciler_common.go:299] "Volume detached for volume \"broker-configuration\" (UniqueName: \"kubernetes.io/configmap/30ba5ed2-5a4d-4f51-8d72-5c8440bbbe00-broker-configuration\") on node \"fbf317419dc0\" DevicePath \"\""
2025-01-30 18:49:35,607 INFO c.h.h.t.HelmChartContainer - [K3S] [reconciler_common.go:299] "Volume detached for volume \"operator-init\" (UniqueName: \"kubernetes.io/empty-dir/30ba5ed2-5a4d-4f51-8d72-5c8440bbbe00-operator-init\") on node \"fbf317419dc0\" DevicePath \"\""
2025-01-30 18:49:35,607 INFO c.h.h.t.HelmChartContainer - [K3S] [reconciler_common.go:299] "Volume detached for volume \"kube-api-access-wnp6l\" (UniqueName: \"kubernetes.io/projected/30ba5ed2-5a4d-4f51-8d72-5c8440bbbe00-kube-api-access-wnp6l\") on node \"fbf317419dc0\" DevicePath \"\""
2025-01-30 18:49:35,607 INFO c.h.h.t.HelmChartContainer - [K3S] [reconciler_common.go:299] "Volume detached for volume \"test-secret-volume\" (UniqueName: \"kubernetes.io/secret/30ba5ed2-5a4d-4f51-8d72-5c8440bbbe00-test-secret-volume\") on node \"fbf317419dc0\" DevicePath \"\""
2025-01-30 18:49:35,607 INFO c.h.h.t.HelmChartContainer - [K3S] [reconciler_common.go:299] "Volume detached for volume \"pod-info\" (UniqueName: \"kubernetes.io/configmap/30ba5ed2-5a4d-4f51-8d72-5c8440bbbe00-pod-info\") on node \"fbf317419dc0\" DevicePath \"\""
2025-01-30 18:49:35,607 INFO c.h.h.t.HelmChartContainer - [K3S] [reconciler_common.go:299] "Volume detached for volume \"test-mount-volume\" (UniqueName: \"kubernetes.io/configmap/30ba5ed2-5a4d-4f51-8d72-5c8440bbbe00-test-mount-volume\") on node \"fbf317419dc0\" DevicePath \"\""
2025-01-30 18:49:35,608 INFO c.h.h.t.HelmChartContainer - [K3S] [reconciler_common.go:299] "Volume detached for volume \"test-empty-dir-volume\" (UniqueName: \"kubernetes.io/empty-dir/30ba5ed2-5a4d-4f51-8d72-5c8440bbbe00-test-empty-dir-volume\") on node \"fbf317419dc0\" DevicePath \"\""
2025-01-30 18:49:35,608 INFO c.h.h.t.HelmChartContainer - [K3S] [reconciler_common.go:292] "operationExecutor.UnmountDevice started for volume \"pvc-ad203939-efab-49b8-ae33-9d5796ecfb4f\" (UniqueName: \"kubernetes.io/local-volume/pvc-ad203939-efab-49b8-ae33-9d5796ecfb4f\") on node \"fbf317419dc0\" "
2025-01-30 18:49:35,708 INFO c.h.h.t.HelmChartContainer - [K3S] [reconciler_common.go:299] "Volume detached for volume \"pvc-ad203939-efab-49b8-ae33-9d5796ecfb4f\" (UniqueName: \"kubernetes.io/local-volume/pvc-ad203939-efab-49b8-ae33-9d5796ecfb4f\") on node \"fbf317419dc0\" DevicePath \"\""
2025-01-30 18:49:35,883 INFO c.h.h.t.HelmChartContainer - [K3S] [scope.go:117] "RemoveContainer" containerID="7a87bf722b7e67b936134ac3372497342e1019d9857bc0e70a36ebc971d4f944"
2025-01-30 18:49:35,905 INFO c.h.h.t.HelmChartContainer - [POD] test-hivemq-platform-0 [30ba5ed2-5a4d-4f51-8d72-5c8440bbbe00] in helmadditionalvolumesit was MODIFIED
2025-01-30 18:49:35,906 INFO c.h.h.t.HelmChartContainer - [POD] test-hivemq-platform-0 [30ba5ed2-5a4d-4f51-8d72-5c8440bbbe00] in helmadditionalvolumesit was DELETED
2025-01-30 18:49:35,982 INFO c.h.h.t.HelmChartContainer - [K3S] [memory_manager.go:355] "RemoveStaleState removing state" podUID="30ba5ed2-5a4d-4f51-8d72-5c8440bbbe00" containerName="hivemq"
2025-01-30 18:49:35,985 INFO c.h.h.t.HelmChartContainer - [POD] helper-pod-delete-pvc-ad203939-efab-49b8-ae33-9d5796ecfb4f [86e27b8f-d398-4247-8222-dab6dd832b26] in kube-system was ADDED
2025-01-30 18:49:36,004 INFO c.h.h.t.HelmChartContainer - [POD] helper-pod-delete-pvc-ad203939-efab-49b8-ae33-9d5796ecfb4f [86e27b8f-d398-4247-8222-dab6dd832b26] in kube-system was MODIFIED
2025-01-30 18:49:36,027 INFO c.h.h.t.HelmChartContainer - [K3S] [scope.go:117] "RemoveContainer" containerID="847a77316aaa38cd97ad66f687a6778a4379b879ec9e01c01552ca3cdb5b9179"
2025-01-30 18:49:36,031 INFO c.h.h.t.HelmChartContainer - [K3S] [scope.go:117] "RemoveContainer" containerID="7a87bf722b7e67b936134ac3372497342e1019d9857bc0e70a36ebc971d4f944"
2025-01-30 18:49:36,032 INFO c.h.h.t.HelmChartContainer - [K3S] [scope.go:117] "RemoveContainer" containerID="847a77316aaa38cd97ad66f687a6778a4379b879ec9e01c01552ca3cdb5b9179"
2025-01-30 18:49:36,111 INFO c.h.h.t.HelmChartContainer - [K3S] [reconciler_common.go:251] "operationExecutor.VerifyControllerAttachedVolume started for volume \"data\" (UniqueName: \"kubernetes.io/host-path/86e27b8f-d398-4247-8222-dab6dd832b26-data\") pod \"helper-pod-delete-pvc-ad203939-efab-49b8-ae33-9d5796ecfb4f\" (UID: \"86e27b8f-d398-4247-8222-dab6dd832b26\") " pod="kube-system/helper-pod-delete-pvc-ad203939-efab-49b8-ae33-9d5796ecfb4f"
2025-01-30 18:49:36,111 INFO c.h.h.t.HelmChartContainer - [K3S] [reconciler_common.go:251] "operationExecutor.VerifyControllerAttachedVolume started for volume \"kube-api-access-hgx6s\" (UniqueName: \"kubernetes.io/projected/86e27b8f-d398-4247-8222-dab6dd832b26-kube-api-access-hgx6s\") pod \"helper-pod-delete-pvc-ad203939-efab-49b8-ae33-9d5796ecfb4f\" (UID: \"86e27b8f-d398-4247-8222-dab6dd832b26\") " pod="kube-system/helper-pod-delete-pvc-ad203939-efab-49b8-ae33-9d5796ecfb4f"
2025-01-30 18:49:36,111 INFO c.h.h.t.HelmChartContainer - [K3S] [reconciler_common.go:251] "operationExecutor.VerifyControllerAttachedVolume started for volume \"script\" (UniqueName: \"kubernetes.io/configmap/86e27b8f-d398-4247-8222-dab6dd832b26-script\") pod \"helper-pod-delete-pvc-ad203939-efab-49b8-ae33-9d5796ecfb4f\" (UID: \"86e27b8f-d398-4247-8222-dab6dd832b26\") " pod="kube-system/helper-pod-delete-pvc-ad203939-efab-49b8-ae33-9d5796ecfb4f"
2025-01-30 18:49:36,893 INFO c.h.h.t.HelmChartContainer - [POD] helper-pod-delete-pvc-ad203939-efab-49b8-ae33-9d5796ecfb4f [86e27b8f-d398-4247-8222-dab6dd832b26] in kube-system was MODIFIED
2025-01-30 18:49:37,097 INFO c.h.h.t.HelmChartContainer - [K3S] [kubelet_volumes.go:163] "Cleaned up orphaned pod volumes dir" podUID="30ba5ed2-5a4d-4f51-8d72-5c8440bbbe00" path="/var/lib/kubelet/pods/30ba5ed2-5a4d-4f51-8d72-5c8440bbbe00/volumes"
2025-01-30 18:49:37,956 INFO c.h.h.t.HelmChartContainer - [POD] helper-pod-delete-pvc-ad203939-efab-49b8-ae33-9d5796ecfb4f [86e27b8f-d398-4247-8222-dab6dd832b26] in kube-system was MODIFIED
2025-01-30 18:49:38,011 INFO c.h.h.t.HelmChartContainer - [POD] helper-pod-delete-pvc-ad203939-efab-49b8-ae33-9d5796ecfb4f [86e27b8f-d398-4247-8222-dab6dd832b26] in kube-system was MODIFIED
2025-01-30 18:49:38,022 INFO c.h.h.t.HelmChartContainer - [K3S] [reconciler_common.go:162] "operationExecutor.UnmountVolume started for volume \"script\" (UniqueName: \"kubernetes.io/configmap/86e27b8f-d398-4247-8222-dab6dd832b26-script\") pod \"86e27b8f-d398-4247-8222-dab6dd832b26\" (UID: \"86e27b8f-d398-4247-8222-dab6dd832b26\") "
2025-01-30 18:49:38,022 INFO c.h.h.t.HelmChartContainer - [K3S] [reconciler_common.go:162] "operationExecutor.UnmountVolume started for volume \"data\" (UniqueName: \"kubernetes.io/host-path/86e27b8f-d398-4247-8222-dab6dd832b26-data\") pod \"86e27b8f-d398-4247-8222-dab6dd832b26\" (UID: \"86e27b8f-d398-4247-8222-dab6dd832b26\") "
2025-01-30 18:49:38,022 INFO c.h.h.t.HelmChartContainer - [K3S] [reconciler_common.go:162] "operationExecutor.UnmountVolume started for volume \"kube-api-access-hgx6s\" (UniqueName: \"kubernetes.io/projected/86e27b8f-d398-4247-8222-dab6dd832b26-kube-api-access-hgx6s\") pod \"86e27b8f-d398-4247-8222-dab6dd832b26\" (UID: \"86e27b8f-d398-4247-8222-dab6dd832b26\") "
2025-01-30 18:49:38,023 INFO c.h.h.t.HelmChartContainer - [POD] helper-pod-delete-pvc-ad203939-efab-49b8-ae33-9d5796ecfb4f [86e27b8f-d398-4247-8222-dab6dd832b26] in kube-system was DELETED
2025-01-30 18:49:38,120 INFO c.h.h.t.HelmChartContainer - [K3S] [reconciler_common.go:299] "Volume detached for volume \"data\" (UniqueName: \"kubernetes.io/host-path/86e27b8f-d398-4247-8222-dab6dd832b26-data\") on node \"fbf317419dc0\" DevicePath \"\""
2025-01-30 18:49:38,120 INFO c.h.h.t.HelmChartContainer - [K3S] [reconciler_common.go:299] "Volume detached for volume \"kube-api-access-hgx6s\" (UniqueName: \"kubernetes.io/projected/86e27b8f-d398-4247-8222-dab6dd832b26-kube-api-access-hgx6s\") on node \"fbf317419dc0\" DevicePath \"\""
2025-01-30 18:49:38,120 INFO c.h.h.t.HelmChartContainer - [K3S] [reconciler_common.go:299] "Volume detached for volume \"script\" (UniqueName: \"kubernetes.io/configmap/86e27b8f-d398-4247-8222-dab6dd832b26-script\") on node \"fbf317419dc0\" DevicePath \"\""
2025-01-30 18:49:38,890 INFO c.h.h.t.HelmChartContainer - [K3S] [pod_container_deletor.go:80] "Container not found in pod's containers" containerID="cd212d3616e26e92c1fb30518d161ab4fd39d6c959a4fe08c41c7eb2e6f7f6b4"
2025-01-30 18:49:38,896 INFO c.h.h.t.HelmChartContainer - [K3S] [status_manager.go:890] "Failed to get status for pod" podUID="86e27b8f-d398-4247-8222-dab6dd832b26" pod="kube-system/helper-pod-delete-pvc-ad203939-efab-49b8-ae33-9d5796ecfb4f" err="pods \"helper-pod-delete-pvc-ad203939-efab-49b8-ae33-9d5796ecfb4f\" is forbidden: User \"system:node:fbf317419dc0\" cannot get resource \"pods\" in API group \"\" in the namespace \"kube-system\": no relationship found between node 'fbf317419dc0' and this object"
2025-01-30 18:49:39,097 INFO c.h.h.t.HelmChartContainer - [K3S] [kubelet_volumes.go:163] "Cleaned up orphaned pod volumes dir" podUID="86e27b8f-d398-4247-8222-dab6dd832b26" path="/var/lib/kubelet/pods/86e27b8f-d398-4247-8222-dab6dd832b26/volumes"
2025-01-30 18:49:40,256 INFO c.h.h.t.HelmChartContainer - Namespace 'helmadditionalvolumesit' deleted
2025-01-30 18:49:40,256 INFO c.h.h.t.HelmChartContainer - Release 'test-hivemq-platform' in namespace 'helmadditionalvolumesit' is uninstalled
2025-01-30 18:49:40,256 INFO c.h.h.t.HelmChartContainer - Uninstalling release 'test-hivemq-platform-operator' in namespace 'helmadditionalvolumesit-operator'...
2025-01-30 18:49:40,257 DEBUG c.h.h.t.HelmChartContainer - Executing helm command: /bin/helm --kubeconfig /etc/rancher/k3s/k3s.yaml uninstall test-hivemq-platform-operator  --wait --timeout 5m0s --cascade foreground --namespace helmadditionalvolumesit-operator
2025-01-30 18:49:40,421 INFO c.h.h.t.HelmChartContainer - [K3S] [replica_set.go:679] "Finished syncing" kind="ReplicaSet" key="helmadditionalvolumesit-operator/hivemq-test-hivemq-platform-operator-6966f96d65" duration="12.049928ms"
2025-01-30 18:49:40,421 INFO c.h.h.t.HelmChartContainer - [K3S] [replica_set.go:679] "Finished syncing" kind="ReplicaSet" key="helmadditionalvolumesit-operator/hivemq-test-hivemq-platform-operator-6966f96d65" duration="34.635µs"
2025-01-30 18:49:40,440 INFO c.h.h.t.HelmChartContainer - [POD] hivemq-test-hivemq-platform-operator-6966f96d65-j62rr [05b50a5e-baa0-4538-85fb-d56a07fcb705] in helmadditionalvolumesit-operator was MODIFIED
2025-01-30 18:49:40,449 INFO c.h.h.t.HelmChartContainer - [EVENT] Normal [Killing] Stopping container hivemq-platform-operator [helmadditionalvolumesit-operator:hivemq-test-hivemq-platform-operator-6966f96d65-j62rr]
2025-01-30 18:49:40,450 INFO c.h.h.t.HelmChartContainer - Received Killing event for container hivemq-platform-operator in pod hivemq-test-hivemq-platform-operator-6966f96d65-j62rr [05b50a5e-baa0-4538-85fb-d56a07fcb705]
2025-01-30 18:49:40,450 INFO c.h.h.t.HelmChartContainer - Container [hivemq-test-hivemq-platform-operator-6966f96d65-j62rr] [hivemq-platform-operator] [05b50a5e-baa0-4538-85fb-d56a07fcb705] was terminated
2025-01-30 18:49:40,450 INFO c.h.h.t.HelmChartContainer - Stopped log watcher for hivemq-platform-operator in pod hivemq-test-hivemq-platform-operator-6966f96d65-j62rr [05b50a5e-baa0-4538-85fb-d56a07fcb705]
2025-01-30 18:49:40,452 INFO c.h.h.t.HelmChartContainer - [K3S] [replica_set.go:679] "Finished syncing" kind="ReplicaSet" key="helmadditionalvolumesit-operator/hivemq-test-hivemq-platform-operator-6966f96d65" duration="14.886085ms"
2025-01-30 18:49:40,453 INFO c.h.h.t.HelmChartContainer - [K3S] [replica_set.go:679] "Finished syncing" kind="ReplicaSet" key="helmadditionalvolumesit-operator/hivemq-test-hivemq-platform-operator-6966f96d65" duration="33.563µs"
2025-01-30 18:49:40,481 INFO c.h.h.t.HelmChartContainer - [hivemq-test-hivemq-platform] [hivemq-platform-operator] [05b50a5e] 18:49:40.480 [application-shutdown-thread] INFO  c.h.p.o.HiveMQPlatformOperatorApplication - HiveMQ Platform Operator is stopping...
2025-01-30 18:49:40,481 INFO c.h.h.t.HelmChartContainer - [hivemq-test-hivemq-platform] [hivemq-platform-operator] [05b50a5e] 18:49:40.480 [application-shutdown-thread] INFO  i.javaoperatorsdk.operator.Operator - Operator SDK 4.9.7 is shutting down...
2025-01-30 18:49:41,082 INFO c.h.h.t.HelmChartContainer - [K3S] [replica_set.go:679] "Finished syncing" kind="ReplicaSet" key="helmadditionalvolumesit-operator/hivemq-test-hivemq-platform-operator-6966f96d65" duration="37.971µs"
2025-01-30 18:49:41,082 INFO c.h.h.t.HelmChartContainer - [POD] hivemq-test-hivemq-platform-operator-6966f96d65-j62rr [05b50a5e-baa0-4538-85fb-d56a07fcb705] in helmadditionalvolumesit-operator was MODIFIED
2025-01-30 18:49:41,137 INFO c.h.h.t.HelmChartContainer - [K3S] [reconciler_common.go:162] "operationExecutor.UnmountVolume started for volume \"kube-api-access-f867m\" (UniqueName: \"kubernetes.io/projected/05b50a5e-baa0-4538-85fb-d56a07fcb705-kube-api-access-f867m\") pod \"05b50a5e-baa0-4538-85fb-d56a07fcb705\" (UID: \"05b50a5e-baa0-4538-85fb-d56a07fcb705\") "
2025-01-30 18:49:41,238 INFO c.h.h.t.HelmChartContainer - [K3S] [reconciler_common.go:299] "Volume detached for volume \"kube-api-access-f867m\" (UniqueName: \"kubernetes.io/projected/05b50a5e-baa0-4538-85fb-d56a07fcb705-kube-api-access-f867m\") on node \"fbf317419dc0\" DevicePath \"\""
2025-01-30 18:49:41,896 INFO c.h.h.t.HelmChartContainer - [K3S] [scope.go:117] "RemoveContainer" containerID="e606c2cec5c4fd44587402891f52aaee33bd8278125748b9130afd85a9b65911"
2025-01-30 18:49:41,898 INFO c.h.h.t.HelmChartContainer - [K3S] [scope.go:117] "RemoveContainer" containerID="e606c2cec5c4fd44587402891f52aaee33bd8278125748b9130afd85a9b65911"
2025-01-30 18:49:41,907 INFO c.h.h.t.HelmChartContainer - [K3S] [replica_set.go:679] "Finished syncing" kind="ReplicaSet" key="helmadditionalvolumesit-operator/hivemq-test-hivemq-platform-operator-6966f96d65" duration="46.907µs"
2025-01-30 18:49:41,908 INFO c.h.h.t.HelmChartContainer - [POD] hivemq-test-hivemq-platform-operator-6966f96d65-j62rr [05b50a5e-baa0-4538-85fb-d56a07fcb705] in helmadditionalvolumesit-operator was MODIFIED
2025-01-30 18:49:41,910 INFO c.h.h.t.HelmChartContainer - [POD] hivemq-test-hivemq-platform-operator-6966f96d65-j62rr [05b50a5e-baa0-4538-85fb-d56a07fcb705] in helmadditionalvolumesit-operator was DELETED
2025-01-30 18:49:41,910 INFO c.h.h.t.HelmChartContainer - [K3S] [replica_set.go:679] "Finished syncing" kind="ReplicaSet" key="helmadditionalvolumesit-operator/hivemq-test-hivemq-platform-operator-6966f96d65" duration="30.958µs"
2025-01-30 18:49:41,919 INFO c.h.h.t.HelmChartContainer - [K3S] [replica_set.go:679] "Finished syncing" kind="ReplicaSet" key="helmadditionalvolumesit-operator/hivemq-test-hivemq-platform-operator-6966f96d65" duration="4.679µs"
2025-01-30 18:49:42,458 INFO c.h.h.t.HelmChartContainer - Deleting namespace 'helmadditionalvolumesit-operator'...
2025-01-30 18:49:43,097 INFO c.h.h.t.HelmChartContainer - [K3S] [kubelet_volumes.go:163] "Cleaned up orphaned pod volumes dir" podUID="05b50a5e-baa0-4538-85fb-d56a07fcb705" path="/var/lib/kubelet/pods/05b50a5e-baa0-4538-85fb-d56a07fcb705/volumes"
2025-01-30 18:49:45,197 INFO c.h.h.t.HelmChartContainer - [K3S] [namespace_controller.go:187] "Namespace has been deleted" namespace="helmadditionalvolumesit"
2025-01-30 18:49:47,673 INFO c.h.h.t.HelmChartContainer - Namespace 'helmadditionalvolumesit-operator' deleted
2025-01-30 18:49:47,673 INFO c.h.h.t.HelmChartContainer - Release 'test-hivemq-platform-operator' in namespace 'helmadditionalvolumesit-operator' is uninstalled
2025-01-30 18:49:48,547 INFO c.h.helmcharts.AbstractHelmChartIT - Removed unused containers:

2025-01-30 18:49:52,592 INFO c.h.h.t.HelmChartContainer - [K3S] [namespace_controller.go:187] "Namespace has been deleted" namespace="helmadditionalvolumesit-operator"
2025-01-30 18:49:56,729 INFO c.h.helmcharts.AbstractHelmChartIT - Removed unused snapshots:
Removing snapshot sha256:03af251906410714c5aef9fa705b63f6bbc39c4a5e787de7361eeb18886c2ed2
Removing snapshot sha256:0c46b3b43cce082ce5ec34ffc6c294e0417d17b9d1e6f366d114b6aadc4f96dc
Removing snapshot sha256:0ce761beee59082d6ed5bcebd3a805b8ddd9b3426b617e4809e7fb7c6587ffec
Removing snapshot sha256:0df91287303208332c8ff6ba40ae4710105201739addbfbddfb955f1ad593664
Removing snapshot sha256:1021ef88c7974bfff89c5a0ec4fd3160daac6c48a075f74cff721f85dd104e68
Removing snapshot sha256:10aba4953ddc18145dd38e3704709bc464aa20af60b56fe52caaff4b68411e62
Removing snapshot sha256:2573e0d8158209ed54ab25c87bcdcb00bd3d2539246960a3d592a1c599d70465
Removing snapshot sha256:362a8a37f8bbc31925a8146adcf7cf51f9882f5c1dcbef67c5baa03a297543c0
Removing snapshot sha256:3fa4ad33f0ddc8fd45b39b6b4640f82a3a83619606cd975bfe89d8710ad2d4cd
Removing snapshot sha256:43a7c979bbaba6838bc3102d6b10a1459f3ab050b87ccdfef84ef90cf43d3058
Removing snapshot sha256:4ab04491cdf0d3267f08206fe30bd48f49f94b9cab2f016d6739220f722a64af
Removing snapshot sha256:4b6068250e89c96f263060261819c7d912855bfbd64b3eb4c4a8483299b8c295
Removing snapshot sha256:580e69a0a8034ede1921139bbd2bfb72a69ebf276d008281896c32dd8bf74775
Removing snapshot sha256:5d30ba46b27fe37484567ccc5242cadc78217b8da605f3f195ef25cbf7487904
Removing snapshot sha256:63ca1fbb43ae5034640e5e6cb3e083e05c290072c5366fcaa9d62435a4cced85
Removing snapshot sha256:66140dc7271ceb0a9b5e521509e7d96b916d4182681f723881bfae89675de7f6
Removing snapshot sha256:67f702c6baae873bceb19487c8b1f27bd2b86077e4f2f0e480e6d60ab508b8f5
Removing snapshot sha256:6864348dd42806d552efdec384f1274be15e2d0c10ce44c1f04347af004c10a9
Removing snapshot sha256:6c7dee8f2c39b84b7dc2711c01d33de93514d9055499173e9290176fbe484b6c
Removing snapshot sha256:82753493a6d61ded36556292f02f31841a14c20d2f279f19eaad65afb661d5cd
Removing snapshot sha256:8a10d3db42c505ee0fcfa98417bdd7e39b304f6bcc0a06bb1b220797ff2cc63c
Removing snapshot sha256:8ef64beeebdcf9e375a6cc87edf449151b1a42841ace8be65e9eb6a4018419f1
Removing snapshot sha256:a0904247e36a7726c03c71ee48f3e64462021c88dafeb13f37fdaf613b27f11c
Removing snapshot sha256:a21e5b12dbac529ad45d976eb9ce45c881f3bedcc500fb30aba1e52aa1813418
Removing snapshot sha256:b921e6c28969094157f9b8e7244677780319637afd14450b7cb6b2fdea558a0c
Removing snapshot sha256:bc27ecb5769a00e309cf99ebc763c4a4b958b618d1decc96ffac5bc05f02f5b7
Removing snapshot sha256:be3ccb6627a5332e309d45ef461d09b4879dd870c7394d89323d0ebc6ca6aa8a
Removing snapshot sha256:c261f7cbbc64211ee175ee47273acdb7b1a36a4450b397a064a8f2c026490095
Removing snapshot sha256:c34d9393647eea0c9e3557ab988efaf59f61d10a2a5613b439ef0958cca5ec10
Removing snapshot sha256:ccf3c4a0fa967a41c1c83497a2ce6fa5787965859df0adb32c4ca2cf7490bc2b
Removing snapshot sha256:cf92d33f869417309692088c341cd0f223c178ea78a125f757317b22aa8f90e9
Removing snapshot sha256:d0037344cf2fb078884f1849f6a1f8cf9a33a3b6139b6a85833e5ee528e1f9a8
Removing snapshot sha256:d3b36d5b79273b1e98e7700470eaeff05a882e777124d84cebcc1505b85ecb36
Removing snapshot sha256:d65a44a37914602d12c611e5e22a50f11451d847e63015cc1c2aef92dee777a4
Removing snapshot sha256:e2dc0bae2455930f23ae570e019b7f32edc75c0f2d71cab084db837ff9051796
Removing snapshot sha256:e31519795c7e3df686c447a21ec8d2eb301388a5e39ccf7f20a25c6f6ce3a522
Removing snapshot sha256:e9e86ed11d9bebc0707dd6f1166c51237ebb44f98657241f943261b2675a5449
Removing snapshot sha256:eccbd24a99c60cd9e86ee5305dbfc4a4dc89f5ab4fb1f06c8d64797cecedef34
Removing snapshot sha256:edd1404c718ab99ca3456bdf222065033800bb67d4334a9642746685a24394cd
Removing snapshot sha256:f144bb4c7c7f0d2aa7eeffd36d934ec40db1ee167be727e326aad9fdc616f475
Removing snapshot sha256:faed06dbfcf8706c03f178f9b7a3951ecf9bea61e9145759c517c7ece5926e91

]]></system-out>
  </testcase>
  <system-out><![CDATA[2025-01-30 18:48:11,529 INFO c.h.h.t.HelmChartContainerExtension - Using cached HelmChartContainer instance
]]></system-out>
  <system-err><![CDATA[]]></system-err>
</testsuite>
