<?xml version="1.0" encoding="UTF-8"?>
<testsuite name="com.hivemq.helmcharts.services.CustomClusterDomainNameIT" tests="1" skipped="0" failures="0" errors="0" timestamp="2025-03-12T17:52:35" hostname="fv-az1922-270" time="109.215">
  <properties/>
  <testcase name="whenK8sHasCustomClusterDomainName_thenServicesAreRunning()" classname="com.hivemq.helmcharts.services.CustomClusterDomainNameIT" time="109.215"/>
</testsuite>
