<?xml version="1.0" encoding="UTF-8"?>
<testsuite name="com.hivemq.helmcharts.license.HelmBrokerLicensesIT" tests="2" skipped="0" failures="0" errors="0" timestamp="2025-01-29T13:37:40" hostname="fv-az1758-749" time="205.583">
  <properties/>
  <testcase name="withExistingBrokerLicenseSecret_statefulSetWithLicenseSecretMounted()" classname="com.hivemq.helmcharts.license.HelmBrokerLicensesIT" time="104.151">
    <system-out><![CDATA[2025-01-29 13:37:40,297 INFO c.h.h.t.HelmChartContainer - Creating namespace 'helmbrokerlicensesit-operator'...
2025-01-29 13:37:40,565 INFO c.h.h.t.HelmChartContainer - Namespace 'helmbrokerlicensesit-operator' created
2025-01-29 13:37:40,565 INFO c.h.h.t.HelmChartContainer - Creating namespace 'helmbrokerlicensesit'...
2025-01-29 13:37:40,567 INFO c.h.h.t.HelmChartContainer - [POD] coredns-ff8999cc5-8mxwh [4bbf4600-3c27-466f-ad4d-9eeeaada2922] in kube-system was ADDED
2025-01-29 13:37:40,570 INFO c.h.h.t.HelmChartContainer - [POD] local-path-provisioner-698b58967b-jvmrj [32cc13fe-3170-40b8-a754-20d45f235a45] in kube-system was ADDED
2025-01-29 13:37:40,572 INFO c.h.h.t.HelmChartContainer - [POD] metrics-server-8584b5786c-hzhc7 [9d4d70af-5f22-46cd-b0c5-9ca00a7259b0] in kube-system was ADDED
2025-01-29 13:37:40,577 INFO c.h.h.t.HelmChartContainer - Namespace 'helmbrokerlicensesit' created
2025-01-29 13:37:40,650 DEBUG c.h.h.t.HelmChartContainer - Executing helm command: /bin/helm --kubeconfig /etc/rancher/k3s/k3s.yaml install test-hivemq-platform-operator /charts/hivemq-platform-operator --wait --timeout 5m0s --set image.repository=docker.io/hivemq --set image.name=hivemq-platform-operator-test --set image.initImageName=hivemq-platform-operator-init-test --set image.tag=snapshot --set image.pullPolicy=Never --set logLevel=DEBUG --set resources.cpu=512m --namespace helmbrokerlicensesit-operator
2025-01-29 13:37:43,012 INFO c.h.h.t.HelmChartContainer - [K3S] [alloc.go:330] "allocated clusterIPs" service="helmbrokerlicensesit-operator/hivemq-platform-operator-test-hivemq-platform-operator" clusterIPs={"IPv4":"10.43.141.151"}
2025-01-29 13:37:43,035 INFO c.h.h.t.HelmChartContainer - [EVENT] Normal [ScalingReplicaSet] Scaled up replica set hivemq-test-hivemq-platform-operator-6966f96d65 from 0 to 1 [helmbrokerlicensesit-operator:hivemq-test-hivemq-platform-operator]
2025-01-29 13:37:43,054 INFO c.h.h.t.HelmChartContainer - [EVENT] Normal [SuccessfulCreate] Created pod: hivemq-test-hivemq-platform-operator-6966f96d65-62wvv [helmbrokerlicensesit-operator:hivemq-test-hivemq-platform-operator-6966f96d65]
2025-01-29 13:37:43,055 INFO c.h.h.t.HelmChartContainer - [POD] hivemq-test-hivemq-platform-operator-6966f96d65-62wvv [312d3701-7a66-476e-aa79-94c041682646] in helmbrokerlicensesit-operator was ADDED
2025-01-29 13:37:43,063 INFO c.h.h.t.HelmChartContainer - [POD] hivemq-test-hivemq-platform-operator-6966f96d65-62wvv [312d3701-7a66-476e-aa79-94c041682646] in helmbrokerlicensesit-operator was MODIFIED
2025-01-29 13:37:43,064 INFO c.h.h.t.HelmChartContainer - [EVENT] Normal [Scheduled] Successfully assigned helmbrokerlicensesit-operator/hivemq-test-hivemq-platform-operator-6966f96d65-62wvv to 0e5534e18bbb [helmbrokerlicensesit-operator:hivemq-test-hivemq-platform-operator-6966f96d65-62wvv]
2025-01-29 13:37:43,072 INFO c.h.h.t.HelmChartContainer - [K3S] [replica_set.go:679] "Finished syncing" kind="ReplicaSet" key="helmbrokerlicensesit-operator/hivemq-test-hivemq-platform-operator-6966f96d65" duration="43.705788ms"
2025-01-29 13:37:43,077 INFO c.h.h.t.HelmChartContainer - [K3S] [reconciler_common.go:251] "operationExecutor.VerifyControllerAttachedVolume started for volume \"kube-api-access-xzfdd\" (UniqueName: \"kubernetes.io/projected/312d3701-7a66-476e-aa79-94c041682646-kube-api-access-xzfdd\") pod \"hivemq-test-hivemq-platform-operator-6966f96d65-62wvv\" (UID: \"312d3701-7a66-476e-aa79-94c041682646\") " pod="helmbrokerlicensesit-operator/hivemq-test-hivemq-platform-operator-6966f96d65-62wvv"
2025-01-29 13:37:43,084 INFO c.h.h.t.HelmChartContainer - [K3S] [replica_set.go:679] "Finished syncing" kind="ReplicaSet" key="helmbrokerlicensesit-operator/hivemq-test-hivemq-platform-operator-6966f96d65" duration="13.485145ms"
2025-01-29 13:37:43,089 INFO c.h.h.t.HelmChartContainer - [K3S] [replica_set.go:679] "Finished syncing" kind="ReplicaSet" key="helmbrokerlicensesit-operator/hivemq-test-hivemq-platform-operator-6966f96d65" duration="40.015µs"
2025-01-29 13:37:43,090 INFO c.h.h.t.HelmChartContainer - [K3S] [replica_set.go:679] "Finished syncing" kind="ReplicaSet" key="helmbrokerlicensesit-operator/hivemq-test-hivemq-platform-operator-6966f96d65" duration="27µs"
2025-01-29 13:37:43,094 INFO c.h.h.t.HelmChartContainer - [POD] hivemq-test-hivemq-platform-operator-6966f96d65-62wvv [312d3701-7a66-476e-aa79-94c041682646] in helmbrokerlicensesit-operator was MODIFIED
2025-01-29 13:37:43,458 INFO c.h.h.t.HelmChartContainer - [EVENT] Normal [Pulled] Container image "docker.io/hivemq/hivemq-platform-operator-test:snapshot" already present on machine [helmbrokerlicensesit-operator:hivemq-test-hivemq-platform-operator-6966f96d65-62wvv]
2025-01-29 13:37:43,459 INFO c.h.h.t.HelmChartContainer - Received Pulled event for container hivemq-platform-operator in pod hivemq-test-hivemq-platform-operator-6966f96d65-62wvv [312d3701-7a66-476e-aa79-94c041682646]
2025-01-29 13:37:43,525 INFO c.h.h.t.HelmChartContainer - [EVENT] Normal [Created] Created container: hivemq-platform-operator [helmbrokerlicensesit-operator:hivemq-test-hivemq-platform-operator-6966f96d65-62wvv]
2025-01-29 13:37:43,525 INFO c.h.h.t.HelmChartContainer - Received Created event for container hivemq-platform-operator in pod hivemq-test-hivemq-platform-operator-6966f96d65-62wvv [312d3701-7a66-476e-aa79-94c041682646]
2025-01-29 13:37:44,227 INFO c.h.h.t.HelmChartContainer - [POD] hivemq-test-hivemq-platform-operator-6966f96d65-62wvv [312d3701-7a66-476e-aa79-94c041682646] in helmbrokerlicensesit-operator was MODIFIED
2025-01-29 13:37:44,231 INFO c.h.h.t.HelmChartContainer - [K3S] [replica_set.go:679] "Finished syncing" kind="ReplicaSet" key="helmbrokerlicensesit-operator/hivemq-test-hivemq-platform-operator-6966f96d65" duration="46.026µs"
2025-01-29 13:37:44,256 INFO c.h.h.t.HelmChartContainer - [EVENT] Normal [Started] Started container hivemq-platform-operator [helmbrokerlicensesit-operator:hivemq-test-hivemq-platform-operator-6966f96d65-62wvv]
2025-01-29 13:37:44,257 INFO c.h.h.t.HelmChartContainer - Received Started event for container hivemq-platform-operator in pod hivemq-test-hivemq-platform-operator-6966f96d65-62wvv [312d3701-7a66-476e-aa79-94c041682646]
2025-01-29 13:37:44,257 INFO c.h.h.t.HelmChartContainer - Started log watcher for hivemq-platform-operator in pod hivemq-test-hivemq-platform-operator-6966f96d65-62wvv [312d3701-7a66-476e-aa79-94c041682646]
2025-01-29 13:37:44,258 INFO c.h.h.t.HelmChartContainer - [hivemq-test-hivemq-platform] [hivemq-platform-operator] [312d3701] -------------------------------------------------------------------------
2025-01-29 13:37:44,259 INFO c.h.h.t.HelmChartContainer - [hivemq-test-hivemq-platform] [hivemq-platform-operator] [312d3701] 
2025-01-29 13:37:44,259 INFO c.h.h.t.HelmChartContainer - [hivemq-test-hivemq-platform] [hivemq-platform-operator] [312d3701]                   _    _  _              __  __   ____
2025-01-29 13:37:44,259 INFO c.h.h.t.HelmChartContainer - [hivemq-test-hivemq-platform] [hivemq-platform-operator] [312d3701]                  | |  | |(_)            |  \/  | / __ \
2025-01-29 13:37:44,259 INFO c.h.h.t.HelmChartContainer - [hivemq-test-hivemq-platform] [hivemq-platform-operator] [312d3701]                  | |__| | _ __   __ ___ | \  / || |  | |
2025-01-29 13:37:44,259 INFO c.h.h.t.HelmChartContainer - [hivemq-test-hivemq-platform] [hivemq-platform-operator] [312d3701]                  |  __  || |\ \ / // _ \| |\/| || |  | |
2025-01-29 13:37:44,259 INFO c.h.h.t.HelmChartContainer - [hivemq-test-hivemq-platform] [hivemq-platform-operator] [312d3701]                  | |  | || | \ V /|  __/| |  | || |__| |
2025-01-29 13:37:44,259 INFO c.h.h.t.HelmChartContainer - [hivemq-test-hivemq-platform] [hivemq-platform-operator] [312d3701]                  |_|  |_||_|  \_/  \___||_|  |_| \___\_\
2025-01-29 13:37:44,259 INFO c.h.h.t.HelmChartContainer - [hivemq-test-hivemq-platform] [hivemq-platform-operator] [312d3701] 
2025-01-29 13:37:44,259 INFO c.h.h.t.HelmChartContainer - [hivemq-test-hivemq-platform] [hivemq-platform-operator] [312d3701] -------------------------------------------------------------------------
2025-01-29 13:37:44,259 INFO c.h.h.t.HelmChartContainer - [hivemq-test-hivemq-platform] [hivemq-platform-operator] [312d3701] 
2025-01-29 13:37:44,259 INFO c.h.h.t.HelmChartContainer - [hivemq-test-hivemq-platform] [hivemq-platform-operator] [312d3701]   HiveMQ Platform Operator Start Script v1.0
2025-01-29 13:37:44,259 INFO c.h.h.t.HelmChartContainer - [hivemq-test-hivemq-platform] [hivemq-platform-operator] [312d3701] 
2025-01-29 13:37:44,259 INFO c.h.h.t.HelmChartContainer - [hivemq-test-hivemq-platform] [hivemq-platform-operator] [312d3701] -------------------------------------------------------------------------
2025-01-29 13:37:44,259 INFO c.h.h.t.HelmChartContainer - [hivemq-test-hivemq-platform] [hivemq-platform-operator] [312d3701] 
2025-01-29 13:37:44,259 INFO c.h.h.t.HelmChartContainer - [hivemq-test-hivemq-platform] [hivemq-platform-operator] [312d3701]   JAVA_OPTS: -XX:+UnlockExperimentalVMOptions -XX:InitialRAMPercentage=75 -XX:MaxRAMPercentage=75 -Duser.language=en -Duser.region=US
2025-01-29 13:37:44,259 INFO c.h.h.t.HelmChartContainer - [hivemq-test-hivemq-platform] [hivemq-platform-operator] [312d3701] 
2025-01-29 13:37:44,259 INFO c.h.h.t.HelmChartContainer - [hivemq-test-hivemq-platform] [hivemq-platform-operator] [312d3701]   JAVA_VERSION: 21
2025-01-29 13:37:44,259 INFO c.h.h.t.HelmChartContainer - [hivemq-test-hivemq-platform] [hivemq-platform-operator] [312d3701] 
2025-01-29 13:37:44,259 INFO c.h.h.t.HelmChartContainer - [hivemq-test-hivemq-platform] [hivemq-platform-operator] [312d3701] -------------------------------------------------------------------------
2025-01-29 13:37:44,259 INFO c.h.h.t.HelmChartContainer - [hivemq-test-hivemq-platform] [hivemq-platform-operator] [312d3701] 
2025-01-29 13:37:46,925 INFO c.h.h.t.HelmChartContainer - [hivemq-test-hivemq-platform] [hivemq-platform-operator] [312d3701] 13:37:46.922 [main] DEBUG org.jboss.logging - Logging Provider: org.jboss.logging.Slf4jLoggerProvider
2025-01-29 13:37:47,030 INFO c.h.h.t.HelmChartContainer - [hivemq-test-hivemq-platform] [hivemq-platform-operator] [312d3701] 13:37:47.028 [main] DEBUG io.smallrye.config - SRCFG01006: Loaded ConfigSource SysPropConfigSource with ordinal 400
2025-01-29 13:37:47,030 INFO c.h.h.t.HelmChartContainer - [hivemq-test-hivemq-platform] [hivemq-platform-operator] [312d3701] 13:37:47.028 [main] DEBUG io.smallrye.config - SRCFG01006: Loaded ConfigSource EnvConfigSource with ordinal 300
2025-01-29 13:37:47,030 INFO c.h.h.t.HelmChartContainer - [hivemq-test-hivemq-platform] [hivemq-platform-operator] [312d3701] 13:37:47.028 [main] DEBUG io.smallrye.config - SRCFG01006: Loaded ConfigSource PropertiesConfigSource[source=jar:file:///opt/hivemq-platform-operator/bin/hivemq-platform-operator.jar!/hivemq-platform-operator.properties] with ordinal 100
2025-01-29 13:37:47,030 INFO c.h.h.t.HelmChartContainer - [hivemq-test-hivemq-platform] [hivemq-platform-operator] [312d3701] 13:37:47.028 [main] DEBUG io.smallrye.config - SRCFG01006: Loaded ConfigSource DefaultValuesConfigSource with ordinal -2147483648
2025-01-29 13:37:47,132 INFO c.h.h.t.HelmChartContainer - [hivemq-test-hivemq-platform] [hivemq-platform-operator] [312d3701] 13:37:47.131 [main] DEBUG i.m.c.u.i.l.InternalLoggerFactory - Using SLF4J as the default logging framework
2025-01-29 13:37:47,242 INFO c.h.h.t.HelmChartContainer - [hivemq-test-hivemq-platform] [hivemq-platform-operator] [312d3701] 13:37:47.234 [main] INFO  c.h.p.o.HiveMQPlatformOperatorApplication - HiveMQ Platform Operator 1.7.0-SNAPSHOT (commit: bebf408 on branch: HEAD) built on Sun Jan 26 20:47:47 UTC 2025
2025-01-29 13:37:47,243 INFO c.h.h.t.HelmChartContainer - [hivemq-test-hivemq-platform] [hivemq-platform-operator] [312d3701] 13:37:47.241 [main] INFO  c.h.p.o.HiveMQPlatformOperatorApplication - HiveMQ Platform Operator is running in namespace: helmbrokerlicensesit-operator
2025-01-29 13:37:47,243 INFO c.h.h.t.HelmChartContainer - [hivemq-test-hivemq-platform] [hivemq-platform-operator] [312d3701] 13:37:47.241 [main] INFO  c.h.p.o.HiveMQPlatformOperatorApplication - Watching all namespaces
2025-01-29 13:37:47,243 INFO c.h.h.t.HelmChartContainer - [hivemq-test-hivemq-platform] [hivemq-platform-operator] [312d3701] 13:37:47.241 [main] INFO  c.h.p.o.HiveMQPlatformOperatorApplication - Log level: DEBUG
2025-01-29 13:37:47,243 INFO c.h.h.t.HelmChartContainer - [hivemq-test-hivemq-platform] [hivemq-platform-operator] [312d3701] 13:37:47.241 [main] INFO  c.h.p.o.HiveMQPlatformOperatorApplication - Release name: test-hivemq-platform-operator
2025-01-29 13:37:47,243 INFO c.h.h.t.HelmChartContainer - [hivemq-test-hivemq-platform] [hivemq-platform-operator] [312d3701] 13:37:47.241 [main] INFO  c.h.p.o.HiveMQPlatformOperatorApplication - HiveMQ Platform Operator Init image: docker.io/hivemq/hivemq-platform-operator-init-test:snapshot
2025-01-29 13:37:47,243 INFO c.h.h.t.HelmChartContainer - [hivemq-test-hivemq-platform] [hivemq-platform-operator] [312d3701] 13:37:47.242 [main] INFO  c.h.p.o.HiveMQPlatformOperatorApplication - HiveMQ Platform Operator Init App update URL: http://hivemq-platform-operator-test-hivemq-platform-operator.helmbrokerlicensesit-operator.svc:8080/initAppUpdate/hivemq-platform-operator-init-app-1.7.0-SNAPSHOT.jar
2025-01-29 13:37:47,243 INFO c.h.h.t.HelmChartContainer - [hivemq-test-hivemq-platform] [hivemq-platform-operator] [312d3701] 13:37:47.242 [main] INFO  c.h.p.o.HiveMQPlatformOperatorApplication - Additional imagePullSecret for all Platform deployments: none
2025-01-29 13:37:47,243 INFO c.h.h.t.HelmChartContainer - [hivemq-test-hivemq-platform] [hivemq-platform-operator] [312d3701] 13:37:47.242 [main] INFO  c.h.p.o.HiveMQPlatformOperatorApplication - Apply HiveMQ Platform CRD: true
2025-01-29 13:37:47,243 INFO c.h.h.t.HelmChartContainer - [hivemq-test-hivemq-platform] [hivemq-platform-operator] [312d3701] 13:37:47.242 [main] INFO  c.h.p.o.HiveMQPlatformOperatorApplication - Create Platform ServiceAccount: true
2025-01-29 13:37:47,243 INFO c.h.h.t.HelmChartContainer - [hivemq-test-hivemq-platform] [hivemq-platform-operator] [312d3701] 13:37:47.242 [main] INFO  c.h.p.o.HiveMQPlatformOperatorApplication - Create Platform ServiceAccount permissions: true
2025-01-29 13:37:47,243 INFO c.h.h.t.HelmChartContainer - [hivemq-test-hivemq-platform] [hivemq-platform-operator] [312d3701] 13:37:47.242 [main] INFO  c.h.p.o.HiveMQPlatformOperatorApplication - Validate Platform ServiceAccount: true
2025-01-29 13:37:47,243 INFO c.h.h.t.HelmChartContainer - [hivemq-test-hivemq-platform] [hivemq-platform-operator] [312d3701] 13:37:47.242 [main] INFO  c.h.p.o.HiveMQPlatformOperatorApplication - Validate Platform ServiceAccount permissions: true
2025-01-29 13:37:47,434 INFO c.h.h.t.HelmChartContainer - [hivemq-test-hivemq-platform] [hivemq-platform-operator] [312d3701] 13:37:47.433 [main] INFO  c.h.platform.operator.util.CRDUtil - Verifying deployed HiveMQ Platform CRD...
2025-01-29 13:37:48,206 INFO c.h.h.t.HelmChartContainer - [POD] metrics-server-8584b5786c-hzhc7 [9d4d70af-5f22-46cd-b0c5-9ca00a7259b0] in kube-system was MODIFIED
2025-01-29 13:37:48,210 INFO c.h.h.t.HelmChartContainer - [K3S] [replica_set.go:679] "Finished syncing" kind="ReplicaSet" key="kube-system/metrics-server-8584b5786c" duration="6.210961ms"
2025-01-29 13:37:48,213 INFO c.h.h.t.HelmChartContainer - [K3S] [replica_set.go:679] "Finished syncing" kind="ReplicaSet" key="kube-system/metrics-server-8584b5786c" duration="28.984µs"
2025-01-29 13:37:49,738 INFO c.h.h.t.HelmChartContainer - [hivemq-test-hivemq-platform] [hivemq-platform-operator] [312d3701] 13:37:49.737 [main] DEBUG c.h.platform.operator.util.CRDUtil - HiveMQ Platform CRD version v1 is up to date
2025-01-29 13:37:49,738 INFO c.h.h.t.HelmChartContainer - [hivemq-test-hivemq-platform] [hivemq-platform-operator] [312d3701] 13:37:49.737 [main] INFO  c.h.platform.operator.util.CRDUtil - HiveMQ Platform CRD is up to date (version: V1_6_0)
2025-01-29 13:37:49,738 INFO c.h.h.t.HelmChartContainer - [hivemq-test-hivemq-platform] [hivemq-platform-operator] [312d3701] 13:37:49.737 [main] INFO  c.h.platform.operator.util.CRDUtil - Waiting 10000 ms for HiveMQ Platform CRD 'hivemq-platforms.hivemq.com' to become ready...
2025-01-29 13:37:50,123 INFO c.h.h.t.HelmChartContainer - [hivemq-test-hivemq-platform] [hivemq-platform-operator] [312d3701] 13:37:50.122 [vert.x-eventloop-thread-1] DEBUG c.h.platform.operator.util.CRDUtil - Checking CRD condition 'NamesAccepted' (status: 'True')
2025-01-29 13:37:50,124 INFO c.h.h.t.HelmChartContainer - [hivemq-test-hivemq-platform] [hivemq-platform-operator] [312d3701] 13:37:50.122 [vert.x-eventloop-thread-1] DEBUG c.h.platform.operator.util.CRDUtil - Checking CRD condition 'Established' (status: 'True')
2025-01-29 13:37:50,124 INFO c.h.h.t.HelmChartContainer - [hivemq-test-hivemq-platform] [hivemq-platform-operator] [312d3701] 13:37:50.123 [main] INFO  c.h.platform.operator.util.CRDUtil - HiveMQ Platform CRD 'hivemq-platforms.hivemq.com' is ready
2025-01-29 13:37:50,329 INFO c.h.h.t.HelmChartContainer - [hivemq-test-hivemq-platform] [hivemq-platform-operator] [312d3701] 13:37:50.328 [main] INFO  c.h.p.o.HiveMQPlatformReconciler - HiveMQ Platform Operator is starting...
2025-01-29 13:37:50,436 INFO c.h.h.t.HelmChartContainer - [hivemq-test-hivemq-platform] [hivemq-platform-operator] [312d3701] 13:37:50.435 [main] WARN  Default ConfigurationService implementation - Configuration for reconciler 'hivemq-controller' was not found. Known reconcilers: None.
2025-01-29 13:37:50,523 INFO c.h.h.t.HelmChartContainer - [hivemq-test-hivemq-platform] [hivemq-platform-operator] [312d3701] 13:37:50.522 [main] INFO  Default ConfigurationService implementation - Created configuration for reconciler com.hivemq.platform.operator.HiveMQPlatformReconciler with name hivemq-controller
2025-01-29 13:37:50,628 INFO c.h.h.t.HelmChartContainer - [hivemq-test-hivemq-platform] [hivemq-platform-operator] [312d3701] 13:37:50.627 [main] DEBUG c.h.p.o.HiveMQPlatformReconciler - HiveMQ Platform Operator is preparing EventSources
2025-01-29 13:37:50,642 INFO c.h.h.t.HelmChartContainer - [hivemq-test-hivemq-platform] [hivemq-platform-operator] [312d3701] 13:37:50.641 [main] INFO  i.javaoperatorsdk.operator.Operator - Registered reconciler: 'hivemq-controller' for resource: 'class com.hivemq.platform.operator.v1.HiveMQPlatform' for namespace(s): [all namespaces]
2025-01-29 13:37:51,327 INFO c.h.h.t.HelmChartContainer - [hivemq-test-hivemq-platform] [hivemq-platform-operator] [312d3701] 13:37:51.325 [main] INFO  c.h.p.operator.webserver.JettyServer - Starting Jetty server on port 8080
2025-01-29 13:37:51,422 INFO c.h.h.t.HelmChartContainer - [hivemq-test-hivemq-platform] [hivemq-platform-operator] [312d3701] 13:37:51.421 [main] INFO  i.javaoperatorsdk.operator.Operator - Operator SDK 4.9.7 (commit: 2133d28) built on Wed Nov 20 12:56:20 UTC 2024 starting...
2025-01-29 13:37:51,422 INFO c.h.h.t.HelmChartContainer - [hivemq-test-hivemq-platform] [hivemq-platform-operator] [312d3701] 13:37:51.421 [main] INFO  i.javaoperatorsdk.operator.Operator - Client version: 6.13.4
2025-01-29 13:37:51,424 INFO c.h.h.t.HelmChartContainer - [hivemq-test-hivemq-platform] [hivemq-platform-operator] [312d3701] 13:37:51.423 [Controller Starter for: hivemq-controller] INFO  i.j.operator.processing.Controller - Starting 'hivemq-controller' controller for reconciler: com.hivemq.platform.operator.HiveMQPlatformReconciler, resource: com.hivemq.platform.operator.v1.HiveMQPlatform
2025-01-29 13:37:51,972 INFO c.h.h.t.HelmChartContainer - [K3S] [range_allocator.go:247] "Successfully synced" key="0e5534e18bbb"
2025-01-29 13:37:53,931 INFO c.h.h.t.HelmChartContainer - [hivemq-test-hivemq-platform] [hivemq-platform-operator] [312d3701] 13:37:53.930 [Controller Starter for: hivemq-controller] INFO  i.j.operator.processing.Controller - 'hivemq-controller' controller started
2025-01-29 13:37:53,932 INFO c.h.h.t.HelmChartContainer - [hivemq-test-hivemq-platform] [hivemq-platform-operator] [312d3701] 13:37:53.930 [main] INFO  c.h.p.o.HiveMQPlatformOperatorApplication - HiveMQ Platform Operator 1.7.0-SNAPSHOT started in 6696 ms
2025-01-29 13:37:55,234 INFO c.h.h.t.HelmChartContainer - [POD] hivemq-test-hivemq-platform-operator-6966f96d65-62wvv [312d3701-7a66-476e-aa79-94c041682646] in helmbrokerlicensesit-operator was MODIFIED
2025-01-29 13:37:55,238 INFO c.h.h.t.HelmChartContainer - [K3S] [replica_set.go:679] "Finished syncing" kind="ReplicaSet" key="helmbrokerlicensesit-operator/hivemq-test-hivemq-platform-operator-6966f96d65" duration="9.051213ms"
2025-01-29 13:37:55,238 INFO c.h.h.t.HelmChartContainer - [K3S] [replica_set.go:679] "Finished syncing" kind="ReplicaSet" key="helmbrokerlicensesit-operator/hivemq-test-hivemq-platform-operator-6966f96d65" duration="61.646µs"
2025-01-29 13:37:57,093 INFO c.h.h.testcontainer.LogWaiterUtil - TEST Waiting for log pattern on 'test-hivemq-platform-0': .*License file license.lic is corrupt.
2025-01-29 13:37:57,167 DEBUG c.h.h.t.HelmChartContainer - Executing helm command: /bin/helm --kubeconfig /etc/rancher/k3s/k3s.yaml install test-hivemq-platform /charts/hivemq-platform --wait --timeout 5m0s --set image.repository=docker.io/hivemq --set image.tag=4.36.0 --set image.pullPolicy=Never --set nodes.resources.cpu=512m --set nodes.replicaCount=1 --set license.name=test-license --namespace helmbrokerlicensesit
2025-01-29 13:37:57,407 INFO c.h.h.t.HelmChartContainer - [hivemq-test-hivemq-platform] [hivemq-platform-operator] [312d3701] 13:37:57.406 [-373097727-pool-1-thread-3] WARN  i.m.p.PrometheusMeterRegistry - The meter (MeterId{name='operator.sdk.events.received', tags=[tag(action=ADDED),tag(event=ResourceEvent),tag(group=hivemq.com),tag(kind=HiveMQPlatform),tag(name=test-hivemq-platform),tag(namespace=helmbrokerlicensesit),tag(scope=namespace),tag(version=v1)]}) registration has failed: Prometheus requires that all meters with the same name have the same set of tag keys. There is already an existing meter named 'operator.sdk.events.received' containing tag keys [event, group, kind, name, namespace, scope, version]. The meter you are attempting to register has keys [action, event, group, kind, name, namespace, scope, version]. Note that subsequent logs will be logged at debug level.
2025-01-29 13:37:57,922 INFO c.h.h.t.HelmChartContainer - [hivemq-test-hivemq-platform] [hivemq-platform-operator] [312d3701] 13:37:57.920 [pool-6-thread-3] DEBUG c.h.p.o.dependants.PodInfoConfigMap - [helmbrok] Desired PodInfo ConfigMap (1 extensions) (1 enabled)
2025-01-29 13:37:57,922 INFO c.h.h.t.HelmChartContainer - [hivemq-test-hivemq-platform] [hivemq-platform-operator] [312d3701] 13:37:57.921 [pool-6-thread-3] DEBUG c.h.p.o.dependants.PodInfoConfigMap - [helmbrok] Desired PodInfo ConfigMap (metrics port: 9399) (metrics path: /)
2025-01-29 13:37:57,922 INFO c.h.h.t.HelmChartContainer - [hivemq-test-hivemq-platform] [hivemq-platform-operator] [312d3701] 13:37:57.921 [pool-6-thread-3] DEBUG c.h.p.o.dependants.PodInfoConfigMap - [helmbrok] Desired PodInfo ConfigMap (extension state hash: -1817474005)
2025-01-29 13:37:57,926 INFO c.h.h.t.HelmChartContainer - [hivemq-test-hivemq-platform] [hivemq-platform-operator] [312d3701] 13:37:57.923 [pool-6-thread-3] DEBUG c.h.p.o.dependants.PodInfoConfigMap - [helmbrok] Create PodInfo ConfigMap
2025-01-29 13:37:58,025 INFO c.h.h.t.HelmChartContainer - [hivemq-test-hivemq-platform] [hivemq-platform-operator] [312d3701] 13:37:58.021 [pool-6-thread-5] DEBUG c.h.p.o.dependants.PodRoleResource - [helmbrok] Create Role: Role(apiVersion=rbac.authorization.k8s.io/v1, kind=Role, metadata=ObjectMeta(annotations={meta.helm.sh/release-name=test-hivemq-platform, meta.helm.sh/release-namespace=helmbrokerlicensesit}, creationTimestamp=null, deletionGracePeriodSeconds=null, deletionTimestamp=null, finalizers=[], generateName=null, generation=null, labels={helm.sh/chart=hivemq-platform-0.2.32, app.kubernetes.io/managed-by=Helm, app.kubernetes.io/name=hivemq-platform, hivemq-platform=test-hivemq-platform, app.kubernetes.io/instance=test-hivemq-platform, app.kubernetes.io/version=4.36.0}, managedFields=[], name=hivemq-platform-role-test-hivemq-platform, namespace=helmbrokerlicensesit, ownerReferences=[OwnerReference(apiVersion=hivemq.com/v1, blockOwnerDeletion=null, controller=null, kind=HiveMQPlatform, name=test-hivemq-platform, uid=c2545ff0-8835-4072-912d-84c97abd9809, additionalProperties={})], resourceVersion=null, selfLink=null, uid=null, additionalProperties={}), rules=[PolicyRule(apiGroups=[], nonResourceURLs=[], resourceNames=[], resources=[pods], verbs=[get, patch, update], additionalProperties={})], additionalProperties={})
2025-01-29 13:37:58,139 INFO c.h.h.t.HelmChartContainer - [hivemq-test-hivemq-platform] [hivemq-platform-operator] [312d3701] 13:37:58.138 [pool-6-thread-7] DEBUG c.h.p.o.d.PodServiceAccountResource - [helmbrok] Desired PodServiceAccountResource (serviceAccountName: hivemq-platform-pod-test-hivemq-platform)
2025-01-29 13:37:58,221 INFO c.h.h.t.HelmChartContainer - [hivemq-test-hivemq-platform] [hivemq-platform-operator] [312d3701] 13:37:58.219 [pool-6-thread-7] DEBUG c.h.p.o.d.PodServiceAccountResource - [helmbrok] Create ServiceAccount 'hivemq-platform-pod-test-hivemq-platform'
2025-01-29 13:37:58,327 INFO c.h.h.t.HelmChartContainer - [hivemq-test-hivemq-platform] [hivemq-platform-operator] [312d3701] 13:37:58.326 [pool-6-thread-10] DEBUG c.h.p.o.d.PodRoleBindingResource - [helmbrok] Create RoleBinding: RoleBinding(apiVersion=rbac.authorization.k8s.io/v1, kind=RoleBinding, metadata=ObjectMeta(annotations={meta.helm.sh/release-name=test-hivemq-platform, meta.helm.sh/release-namespace=helmbrokerlicensesit}, creationTimestamp=null, deletionGracePeriodSeconds=null, deletionTimestamp=null, finalizers=[], generateName=null, generation=null, labels={helm.sh/chart=hivemq-platform-0.2.32, app.kubernetes.io/managed-by=Helm, app.kubernetes.io/name=hivemq-platform, hivemq-platform=test-hivemq-platform, app.kubernetes.io/instance=test-hivemq-platform, app.kubernetes.io/version=4.36.0}, managedFields=[], name=hivemq-platform-role-binding-test-hivemq-platform, namespace=helmbrokerlicensesit, ownerReferences=[OwnerReference(apiVersion=hivemq.com/v1, blockOwnerDeletion=null, controller=null, kind=HiveMQPlatform, name=test-hivemq-platform, uid=c2545ff0-8835-4072-912d-84c97abd9809, additionalProperties={})], resourceVersion=null, selfLink=null, uid=null, additionalProperties={}), roleRef=RoleRef(apiGroup=rbac.authorization.k8s.io, kind=Role, name=hivemq-platform-role-test-hivemq-platform, additionalProperties={}), subjects=[Subject(apiGroup=null, kind=ServiceAccount, name=hivemq-platform-pod-test-hivemq-platform, namespace=helmbrokerlicensesit, additionalProperties={})], additionalProperties={})
2025-01-29 13:37:58,422 INFO c.h.h.t.HelmChartContainer - [hivemq-test-hivemq-platform] [hivemq-platform-operator] [312d3701] 13:37:58.421 [ReconcilerExecutor-hivemq-controller-54] INFO  c.h.p.o.HiveMQPlatformReconciler - [helmbrok] Reconciling HiveMQ Platform 'test-hivemq-platform' in namespace 'helmbrokerlicensesit'
2025-01-29 13:37:58,423 INFO c.h.h.t.HelmChartContainer - [hivemq-test-hivemq-platform] [hivemq-platform-operator] [312d3701] 13:37:58.421 [ReconcilerExecutor-hivemq-controller-54] DEBUG c.h.p.o.HiveMQPlatformReconciler - [helmbrok] Custom Resource Status CREATED - HiveMQ Platform was created (READY)
2025-01-29 13:37:58,423 INFO c.h.h.t.HelmChartContainer - [hivemq-test-hivemq-platform] [hivemq-platform-operator] [312d3701] 13:37:58.421 [ReconcilerExecutor-hivemq-controller-54] DEBUG c.h.p.o.HiveMQPlatformReconciler - [helmbrok] Custom Resource Spec (replicas: 1) (extensions: 1)
2025-01-29 13:37:58,426 INFO c.h.h.t.HelmChartContainer - [hivemq-test-hivemq-platform] [hivemq-platform-operator] [312d3701] 13:37:58.425 [ReconcilerExecutor-hivemq-controller-54] INFO  c.h.p.o.h.HiveMQPlatformReconcilerBaseHandler - [helmbrok] HiveMQ Platform is starting
2025-01-29 13:37:58,538 INFO c.h.h.t.HelmChartContainer - [hivemq-test-hivemq-platform] [hivemq-platform-operator] [312d3701] 13:37:58.536 [ReconcilerExecutor-hivemq-controller-54] DEBUG c.h.p.operator.event.EventSender - [helmbrok] Creating K8s event hivemq-platform-starting: [Start] HiveMQ Platform is starting
2025-01-29 13:37:58,624 INFO c.h.h.t.HelmChartContainer - [EVENT] Normal [Start] HiveMQ Platform is starting [helmbrokerlicensesit:test-hivemq-platform]
2025-01-29 13:37:58,629 INFO c.h.h.t.HelmChartContainer - [hivemq-test-hivemq-platform] [hivemq-platform-operator] [312d3701] 13:37:58.627 [ReconcilerExecutor-hivemq-controller-54] INFO  c.h.p.o.h.AbstractHiveMQReconcilerStateHandler - [helmbrok] Update HiveMQ Platform Status (CREATED [READY] -> STARTING [READY]): HiveMQ Platform is starting
2025-01-29 13:37:58,641 DEBUG com.hivemq.helmcharts.util.K8sUtil - Comparing actual state 'STARTING' and waiting for 'RUNNING'
2025-01-29 13:38:08,734 INFO c.h.h.t.HelmChartContainer - [hivemq-test-hivemq-platform] [hivemq-platform-operator] [312d3701] 13:38:08.728 [pool-6-thread-12] DEBUG c.h.p.o.d.PlatformServiceResource - [helmbrok] Desired Platform services (3 services)
2025-01-29 13:38:08,734 INFO c.h.h.t.HelmChartContainer - [hivemq-test-hivemq-platform] [hivemq-platform-operator] [312d3701] 13:38:08.729 [pool-6-thread-13] DEBUG c.h.p.o.dependants.PodInfoConfigMap - [helmbrok] Desired PodInfo ConfigMap (1 extensions) (1 enabled)
2025-01-29 13:38:08,734 INFO c.h.h.t.HelmChartContainer - [hivemq-test-hivemq-platform] [hivemq-platform-operator] [312d3701] 13:38:08.729 [pool-6-thread-13] DEBUG c.h.p.o.dependants.PodInfoConfigMap - [helmbrok] Desired PodInfo ConfigMap (metrics port: 9399) (metrics path: /)
2025-01-29 13:38:08,737 INFO c.h.h.t.HelmChartContainer - [hivemq-test-hivemq-platform] [hivemq-platform-operator] [312d3701] 13:38:08.729 [pool-6-thread-13] DEBUG c.h.p.o.dependants.PodInfoConfigMap - [helmbrok] Desired PodInfo ConfigMap (extension state hash: -1817474005)
2025-01-29 13:38:08,737 INFO c.h.h.t.HelmChartContainer - [hivemq-test-hivemq-platform] [hivemq-platform-operator] [312d3701] 13:38:08.736 [pool-6-thread-13] DEBUG c.h.p.o.dependants.PodInfoConfigMap - [helmbrok] Update PodInfo ConfigMap
2025-01-29 13:38:08,741 INFO c.h.h.t.HelmChartContainer - [hivemq-test-hivemq-platform] [hivemq-platform-operator] [312d3701] 13:38:08.738 [pool-6-thread-17] DEBUG c.h.p.o.d.PodServiceAccountResource - [helmbrok] Desired PodServiceAccountResource (serviceAccountName: hivemq-platform-pod-test-hivemq-platform)
2025-01-29 13:38:08,833 INFO c.h.h.t.HelmChartContainer - [K3S] [alloc.go:330] "allocated clusterIPs" service="helmbrokerlicensesit/hivemq-test-hivemq-platform-metrics-9399" clusterIPs={"IPv4":"10.43.40.163"}
2025-01-29 13:38:08,848 INFO c.h.h.t.HelmChartContainer - [K3S] [alloc.go:330] "allocated clusterIPs" service="helmbrokerlicensesit/hivemq-test-hivemq-platform-cc-8080" clusterIPs={"IPv4":"10.43.100.63"}
2025-01-29 13:38:08,929 INFO c.h.h.t.HelmChartContainer - [K3S] [alloc.go:330] "allocated clusterIPs" service="helmbrokerlicensesit/hivemq-test-hivemq-platform-mqtt-1883" clusterIPs={"IPv4":"10.43.199.24"}
2025-01-29 13:38:08,937 INFO c.h.h.t.HelmChartContainer - [hivemq-test-hivemq-platform] [hivemq-platform-operator] [312d3701] 13:38:08.935 [pool-6-thread-20] DEBUG c.h.p.o.d.StatefulSetResource - [helmbrok] Desired StatefulSet (1 replicas) for status STARTING (READY)
2025-01-29 13:38:09,031 INFO c.h.h.t.HelmChartContainer - [hivemq-test-hivemq-platform] [hivemq-platform-operator] [312d3701] 13:38:09.030 [pool-6-thread-20] DEBUG c.h.p.o.d.StatefulSetResource - [helmbrok] Create StatefulSet
2025-01-29 13:38:09,066 INFO c.h.h.t.HelmChartContainer - [EVENT] Normal [SuccessfulCreate] create Pod test-hivemq-platform-0 in StatefulSet test-hivemq-platform successful [helmbrokerlicensesit:test-hivemq-platform]
2025-01-29 13:38:09,066 INFO c.h.h.t.HelmChartContainer - [POD] test-hivemq-platform-0 [65b48a1c-7dec-42fc-ba66-0f5460280323] in helmbrokerlicensesit was ADDED
2025-01-29 13:38:09,071 INFO c.h.h.t.HelmChartContainer - [POD] test-hivemq-platform-0 [65b48a1c-7dec-42fc-ba66-0f5460280323] in helmbrokerlicensesit was MODIFIED
2025-01-29 13:38:09,073 INFO c.h.h.t.HelmChartContainer - [EVENT] Normal [Scheduled] Successfully assigned helmbrokerlicensesit/test-hivemq-platform-0 to 0e5534e18bbb [helmbrokerlicensesit:test-hivemq-platform-0]
2025-01-29 13:38:09,083 INFO c.h.h.t.HelmChartContainer - [POD] test-hivemq-platform-0 [65b48a1c-7dec-42fc-ba66-0f5460280323] in helmbrokerlicensesit was MODIFIED
2025-01-29 13:38:09,117 INFO c.h.h.t.HelmChartContainer - [K3S] [reconciler_common.go:251] "operationExecutor.VerifyControllerAttachedVolume started for volume \"pod-info\" (UniqueName: \"kubernetes.io/configmap/65b48a1c-7dec-42fc-ba66-0f5460280323-pod-info\") pod \"test-hivemq-platform-0\" (UID: \"65b48a1c-7dec-42fc-ba66-0f5460280323\") " pod="helmbrokerlicensesit/test-hivemq-platform-0"
2025-01-29 13:38:09,117 INFO c.h.h.t.HelmChartContainer - [K3S] [reconciler_common.go:251] "operationExecutor.VerifyControllerAttachedVolume started for volume \"broker-configuration\" (UniqueName: \"kubernetes.io/configmap/65b48a1c-7dec-42fc-ba66-0f5460280323-broker-configuration\") pod \"test-hivemq-platform-0\" (UID: \"65b48a1c-7dec-42fc-ba66-0f5460280323\") " pod="helmbrokerlicensesit/test-hivemq-platform-0"
2025-01-29 13:38:09,117 INFO c.h.h.t.HelmChartContainer - [K3S] [reconciler_common.go:251] "operationExecutor.VerifyControllerAttachedVolume started for volume \"operator-init\" (UniqueName: \"kubernetes.io/empty-dir/65b48a1c-7dec-42fc-ba66-0f5460280323-operator-init\") pod \"test-hivemq-platform-0\" (UID: \"65b48a1c-7dec-42fc-ba66-0f5460280323\") " pod="helmbrokerlicensesit/test-hivemq-platform-0"
2025-01-29 13:38:09,118 INFO c.h.h.t.HelmChartContainer - [K3S] [reconciler_common.go:251] "operationExecutor.VerifyControllerAttachedVolume started for volume \"licenses\" (UniqueName: \"kubernetes.io/secret/65b48a1c-7dec-42fc-ba66-0f5460280323-licenses\") pod \"test-hivemq-platform-0\" (UID: \"65b48a1c-7dec-42fc-ba66-0f5460280323\") " pod="helmbrokerlicensesit/test-hivemq-platform-0"
2025-01-29 13:38:09,118 INFO c.h.h.t.HelmChartContainer - [K3S] [reconciler_common.go:251] "operationExecutor.VerifyControllerAttachedVolume started for volume \"kube-api-access-kzrnw\" (UniqueName: \"kubernetes.io/projected/65b48a1c-7dec-42fc-ba66-0f5460280323-kube-api-access-kzrnw\") pod \"test-hivemq-platform-0\" (UID: \"65b48a1c-7dec-42fc-ba66-0f5460280323\") " pod="helmbrokerlicensesit/test-hivemq-platform-0"
2025-01-29 13:38:09,224 INFO c.h.h.t.HelmChartContainer - [hivemq-test-hivemq-platform] [hivemq-platform-operator] [312d3701] 13:38:09.221 [ReconcilerExecutor-hivemq-controller-65] INFO  c.h.p.o.HiveMQPlatformReconciler - [helmbrok] Reconciling HiveMQ Platform 'test-hivemq-platform' in namespace 'helmbrokerlicensesit'
2025-01-29 13:38:09,224 INFO c.h.h.t.HelmChartContainer - [hivemq-test-hivemq-platform] [hivemq-platform-operator] [312d3701] 13:38:09.221 [ReconcilerExecutor-hivemq-controller-65] DEBUG c.h.p.o.HiveMQPlatformReconciler - [helmbrok] Custom Resource Status STARTING - HiveMQ Platform is starting (READY)
2025-01-29 13:38:09,224 INFO c.h.h.t.HelmChartContainer - [hivemq-test-hivemq-platform] [hivemq-platform-operator] [312d3701] 13:38:09.221 [ReconcilerExecutor-hivemq-controller-65] DEBUG c.h.p.o.HiveMQPlatformReconciler - [helmbrok] Custom Resource Spec (replicas: 1) (extensions: 1)
2025-01-29 13:38:09,227 INFO c.h.h.t.HelmChartContainer - [hivemq-test-hivemq-platform] [hivemq-platform-operator] [312d3701] 13:38:09.226 [ReconcilerExecutor-hivemq-controller-65] DEBUG c.h.p.o.HiveMQPlatformReconciler - [helmbrok] StatefulSet Status (revision: test-hivemq-platform-5c857ddf4c, replicas: 1, available: 0, ready: 0, current: 1, updated: 1)
2025-01-29 13:38:09,227 INFO c.h.h.t.HelmChartContainer - [hivemq-test-hivemq-platform] [hivemq-platform-operator] [312d3701] 13:38:09.226 [ReconcilerExecutor-hivemq-controller-65] DEBUG c.h.p.o.HiveMQPlatformReconciler - [helmbrok] StatefulSet Spec (replicas: 1, init containers: 1, containers: 1, volumes: 4)
2025-01-29 13:38:09,320 INFO c.h.h.t.HelmChartContainer - [hivemq-test-hivemq-platform] [hivemq-platform-operator] [312d3701] 13:38:09.237 [ReconcilerExecutor-hivemq-controller-65] DEBUG c.h.p.o.h.HiveMQPlatformReconcilerErrorHandler - [helmbrok] Pod 'test-hivemq-platform-0' phase Pending
2025-01-29 13:38:09,321 INFO c.h.h.t.HelmChartContainer - [hivemq-test-hivemq-platform] [hivemq-platform-operator] [312d3701] 13:38:09.319 [ReconcilerExecutor-hivemq-controller-65] DEBUG c.h.p.o.h.HiveMQPlatformReconcilerErrorHandler - [helmbrok] Pod 'test-hivemq-platform-0' condition 'PodReadyToStartContainers': False
2025-01-29 13:38:09,321 INFO c.h.h.t.HelmChartContainer - [hivemq-test-hivemq-platform] [hivemq-platform-operator] [312d3701] 13:38:09.320 [ReconcilerExecutor-hivemq-controller-65] DEBUG c.h.p.o.h.HiveMQPlatformReconcilerErrorHandler - [helmbrok] Pod 'test-hivemq-platform-0' condition 'Initialized': False
2025-01-29 13:38:09,322 INFO c.h.h.t.HelmChartContainer - [hivemq-test-hivemq-platform] [hivemq-platform-operator] [312d3701] 13:38:09.320 [ReconcilerExecutor-hivemq-controller-65] DEBUG c.h.p.o.h.HiveMQPlatformReconcilerErrorHandler - [helmbrok] Pod 'test-hivemq-platform-0' condition 'Ready': False
2025-01-29 13:38:09,322 INFO c.h.h.t.HelmChartContainer - [hivemq-test-hivemq-platform] [hivemq-platform-operator] [312d3701] 13:38:09.321 [ReconcilerExecutor-hivemq-controller-65] DEBUG c.h.p.o.h.HiveMQPlatformReconcilerErrorHandler - [helmbrok] Pod 'test-hivemq-platform-0' condition 'ContainersReady': False
2025-01-29 13:38:09,322 INFO c.h.h.t.HelmChartContainer - [hivemq-test-hivemq-platform] [hivemq-platform-operator] [312d3701] 13:38:09.321 [ReconcilerExecutor-hivemq-controller-65] DEBUG c.h.p.o.h.HiveMQPlatformReconcilerErrorHandler - [helmbrok] Pod 'test-hivemq-platform-0' condition 'PodScheduled': True
2025-01-29 13:38:09,324 INFO c.h.h.t.HelmChartContainer - [hivemq-test-hivemq-platform] [hivemq-platform-operator] [312d3701] 13:38:09.322 [ReconcilerExecutor-hivemq-controller-65] DEBUG c.h.p.o.h.HiveMQPlatformReconcilerErrorHandler - [helmbrok] Pod 'test-hivemq-platform-0' containerStatus 'hivemq' (started: false) (ready: false) (waiting: [PodInitializing] null)
2025-01-29 13:38:09,325 INFO c.h.h.t.HelmChartContainer - [hivemq-test-hivemq-platform] [hivemq-platform-operator] [312d3701] 13:38:09.324 [ReconcilerExecutor-hivemq-controller-65] INFO  c.h.p.o.h.HiveMQPlatformReconcilerBaseHandler - [helmbrok] HiveMQ Platform is starting, 0 of 1 replicas are ready
2025-01-29 13:38:09,330 INFO c.h.h.t.HelmChartContainer - [hivemq-test-hivemq-platform] [hivemq-platform-operator] [312d3701] 13:38:09.328 [pool-6-thread-22] DEBUG c.h.p.o.d.PlatformServiceResource - [helmbrok] Desired Platform services (3 services)
2025-01-29 13:38:09,332 INFO c.h.h.t.HelmChartContainer - [hivemq-test-hivemq-platform] [hivemq-platform-operator] [312d3701] 13:38:09.329 [pool-6-thread-23] DEBUG c.h.p.o.dependants.PodInfoConfigMap - [helmbrok] Desired PodInfo ConfigMap (1 extensions) (1 enabled)
2025-01-29 13:38:09,332 INFO c.h.h.t.HelmChartContainer - [hivemq-test-hivemq-platform] [hivemq-platform-operator] [312d3701] 13:38:09.329 [pool-6-thread-23] DEBUG c.h.p.o.dependants.PodInfoConfigMap - [helmbrok] Desired PodInfo ConfigMap (metrics port: 9399) (metrics path: /)
2025-01-29 13:38:09,332 INFO c.h.h.t.HelmChartContainer - [hivemq-test-hivemq-platform] [hivemq-platform-operator] [312d3701] 13:38:09.329 [pool-6-thread-23] DEBUG c.h.p.o.dependants.PodInfoConfigMap - [helmbrok] Desired PodInfo ConfigMap (extension state hash: -1817474005)
2025-01-29 13:38:09,333 INFO c.h.h.t.HelmChartContainer - [hivemq-test-hivemq-platform] [hivemq-platform-operator] [312d3701] 13:38:09.332 [pool-6-thread-27] DEBUG c.h.p.o.d.PodServiceAccountResource - [helmbrok] Desired PodServiceAccountResource (serviceAccountName: hivemq-platform-pod-test-hivemq-platform)
2025-01-29 13:38:09,424 INFO c.h.h.t.HelmChartContainer - [hivemq-test-hivemq-platform] [hivemq-platform-operator] [312d3701] 13:38:09.423 [pool-6-thread-30] DEBUG c.h.p.o.d.StatefulSetResource - [helmbrok] Desired StatefulSet (1 replicas) for status STARTING (READY)
2025-01-29 13:38:09,433 INFO c.h.h.t.HelmChartContainer - [hivemq-test-hivemq-platform] [hivemq-platform-operator] [312d3701] 13:38:09.431 [ReconcilerExecutor-hivemq-controller-76] INFO  c.h.p.o.HiveMQPlatformReconciler - [helmbrok] Reconciling HiveMQ Platform 'test-hivemq-platform' in namespace 'helmbrokerlicensesit'
2025-01-29 13:38:09,434 INFO c.h.h.t.HelmChartContainer - [hivemq-test-hivemq-platform] [hivemq-platform-operator] [312d3701] 13:38:09.433 [ReconcilerExecutor-hivemq-controller-76] DEBUG c.h.p.o.HiveMQPlatformReconciler - [helmbrok] Custom Resource Status STARTING - HiveMQ Platform is starting (READY)
2025-01-29 13:38:09,434 INFO c.h.h.t.HelmChartContainer - [hivemq-test-hivemq-platform] [hivemq-platform-operator] [312d3701] 13:38:09.434 [ReconcilerExecutor-hivemq-controller-76] DEBUG c.h.p.o.HiveMQPlatformReconciler - [helmbrok] Custom Resource Spec (replicas: 1) (extensions: 1)
2025-01-29 13:38:09,474 INFO c.h.h.t.HelmChartContainer - [EVENT] Normal [Pulled] Container image "docker.io/hivemq/hivemq-platform-operator-init-test:snapshot" already present on machine [helmbrokerlicensesit:test-hivemq-platform-0]
2025-01-29 13:38:09,480 INFO c.h.h.t.HelmChartContainer - [EVENT] Normal [Created] Created container: hivemq-platform-operator-init [helmbrokerlicensesit:test-hivemq-platform-0]
2025-01-29 13:38:09,516 INFO c.h.h.t.HelmChartContainer - [EVENT] Normal [Started] Started container hivemq-platform-operator-init [helmbrokerlicensesit:test-hivemq-platform-0]
2025-01-29 13:38:09,521 INFO c.h.h.t.HelmChartContainer - [hivemq-test-hivemq-platform] [hivemq-platform-operator] [312d3701] 13:38:09.519 [ReconcilerExecutor-hivemq-controller-76] DEBUG c.h.p.o.HiveMQPlatformReconciler - [helmbrok] StatefulSet Status (revision: test-hivemq-platform-5c857ddf4c, replicas: 1, available: 0, ready: 0, current: 1, updated: 1)
2025-01-29 13:38:09,521 INFO c.h.h.t.HelmChartContainer - [hivemq-test-hivemq-platform] [hivemq-platform-operator] [312d3701] 13:38:09.519 [ReconcilerExecutor-hivemq-controller-76] DEBUG c.h.p.o.HiveMQPlatformReconciler - [helmbrok] StatefulSet Spec (replicas: 1, init containers: 1, containers: 1, volumes: 4)
2025-01-29 13:38:09,526 INFO c.h.h.t.HelmChartContainer - [hivemq-test-hivemq-platform] [hivemq-platform-operator] [312d3701] 13:38:09.522 [ReconcilerExecutor-hivemq-controller-76] DEBUG c.h.p.o.h.HiveMQPlatformReconcilerErrorHandler - [helmbrok] Pod 'test-hivemq-platform-0' phase Pending
2025-01-29 13:38:09,530 INFO c.h.h.t.HelmChartContainer - [hivemq-test-hivemq-platform] [hivemq-platform-operator] [312d3701] 13:38:09.527 [ReconcilerExecutor-hivemq-controller-76] DEBUG c.h.p.o.h.HiveMQPlatformReconcilerErrorHandler - [helmbrok] Pod 'test-hivemq-platform-0' condition 'PodReadyToStartContainers': False
2025-01-29 13:38:09,531 INFO c.h.h.t.HelmChartContainer - [hivemq-test-hivemq-platform] [hivemq-platform-operator] [312d3701] 13:38:09.530 [ReconcilerExecutor-hivemq-controller-76] DEBUG c.h.p.o.h.HiveMQPlatformReconcilerErrorHandler - [helmbrok] Pod 'test-hivemq-platform-0' condition 'Initialized': False
2025-01-29 13:38:09,532 INFO c.h.h.t.HelmChartContainer - [hivemq-test-hivemq-platform] [hivemq-platform-operator] [312d3701] 13:38:09.530 [ReconcilerExecutor-hivemq-controller-76] DEBUG c.h.p.o.h.HiveMQPlatformReconcilerErrorHandler - [helmbrok] Pod 'test-hivemq-platform-0' condition 'Ready': False
2025-01-29 13:38:09,535 INFO c.h.h.t.HelmChartContainer - [hivemq-test-hivemq-platform] [hivemq-platform-operator] [312d3701] 13:38:09.531 [ReconcilerExecutor-hivemq-controller-76] DEBUG c.h.p.o.h.HiveMQPlatformReconcilerErrorHandler - [helmbrok] Pod 'test-hivemq-platform-0' condition 'ContainersReady': False
2025-01-29 13:38:09,535 INFO c.h.h.t.HelmChartContainer - [hivemq-test-hivemq-platform] [hivemq-platform-operator] [312d3701] 13:38:09.532 [ReconcilerExecutor-hivemq-controller-76] DEBUG c.h.p.o.h.HiveMQPlatformReconcilerErrorHandler - [helmbrok] Pod 'test-hivemq-platform-0' condition 'PodScheduled': True
2025-01-29 13:38:09,535 INFO c.h.h.t.HelmChartContainer - [hivemq-test-hivemq-platform] [hivemq-platform-operator] [312d3701] 13:38:09.532 [ReconcilerExecutor-hivemq-controller-76] DEBUG c.h.p.o.h.HiveMQPlatformReconcilerErrorHandler - [helmbrok] Pod 'test-hivemq-platform-0' containerStatus 'hivemq' (started: false) (ready: false) (waiting: [PodInitializing] null)
2025-01-29 13:38:09,535 INFO c.h.h.t.HelmChartContainer - [hivemq-test-hivemq-platform] [hivemq-platform-operator] [312d3701] 13:38:09.534 [ReconcilerExecutor-hivemq-controller-76] INFO  c.h.p.o.h.HiveMQPlatformReconcilerBaseHandler - [helmbrok] HiveMQ Platform is starting, 0 of 1 replicas are ready
2025-01-29 13:38:10,264 INFO c.h.h.t.HelmChartContainer - [EVENT] Normal [Pulled] Container image "docker.io/hivemq/hivemq4:4.36.0" already present on machine [helmbrokerlicensesit:test-hivemq-platform-0]
2025-01-29 13:38:10,264 INFO c.h.h.t.HelmChartContainer - Received Pulled event for container hivemq in pod test-hivemq-platform-0 [65b48a1c-7dec-42fc-ba66-0f5460280323]
2025-01-29 13:38:10,277 INFO c.h.h.t.HelmChartContainer - [POD] test-hivemq-platform-0 [65b48a1c-7dec-42fc-ba66-0f5460280323] in helmbrokerlicensesit was MODIFIED
2025-01-29 13:38:10,292 INFO c.h.h.t.HelmChartContainer - [hivemq-test-hivemq-platform] [hivemq-platform-operator] [312d3701] 13:38:10.286 [pool-6-thread-32] DEBUG c.h.p.o.d.PlatformServiceResource - [helmbrok] Desired Platform services (3 services)
2025-01-29 13:38:10,300 INFO c.h.h.t.HelmChartContainer - [hivemq-test-hivemq-platform] [hivemq-platform-operator] [312d3701] 13:38:10.295 [pool-6-thread-33] DEBUG c.h.p.o.dependants.PodInfoConfigMap - [helmbrok] Desired PodInfo ConfigMap (1 extensions) (1 enabled)
2025-01-29 13:38:10,300 INFO c.h.h.t.HelmChartContainer - [hivemq-test-hivemq-platform] [hivemq-platform-operator] [312d3701] 13:38:10.295 [pool-6-thread-33] DEBUG c.h.p.o.dependants.PodInfoConfigMap - [helmbrok] Desired PodInfo ConfigMap (metrics port: 9399) (metrics path: /)
2025-01-29 13:38:10,300 INFO c.h.h.t.HelmChartContainer - [hivemq-test-hivemq-platform] [hivemq-platform-operator] [312d3701] 13:38:10.295 [pool-6-thread-33] DEBUG c.h.p.o.dependants.PodInfoConfigMap - [helmbrok] Desired PodInfo ConfigMap (extension state hash: -1817474005)
2025-01-29 13:38:10,300 INFO c.h.h.t.HelmChartContainer - [hivemq-test-hivemq-platform] [hivemq-platform-operator] [312d3701] 13:38:10.296 [pool-6-thread-37] DEBUG c.h.p.o.d.PodServiceAccountResource - [helmbrok] Desired PodServiceAccountResource (serviceAccountName: hivemq-platform-pod-test-hivemq-platform)
2025-01-29 13:38:10,304 INFO c.h.h.t.HelmChartContainer - [EVENT] Normal [Created] Created container: hivemq [helmbrokerlicensesit:test-hivemq-platform-0]
2025-01-29 13:38:10,304 INFO c.h.h.t.HelmChartContainer - Received Created event for container hivemq in pod test-hivemq-platform-0 [65b48a1c-7dec-42fc-ba66-0f5460280323]
2025-01-29 13:38:10,333 INFO c.h.h.t.HelmChartContainer - [hivemq-test-hivemq-platform] [hivemq-platform-operator] [312d3701] 13:38:10.331 [pool-6-thread-40] DEBUG c.h.p.o.d.StatefulSetResource - [helmbrok] Desired StatefulSet (1 replicas) for status STARTING (READY)
2025-01-29 13:38:10,350 INFO c.h.h.t.HelmChartContainer - [hivemq-test-hivemq-platform] [hivemq-platform-operator] [312d3701] 13:38:10.347 [ReconcilerExecutor-hivemq-controller-87] INFO  c.h.p.o.HiveMQPlatformReconciler - [helmbrok] Reconciling HiveMQ Platform 'test-hivemq-platform' in namespace 'helmbrokerlicensesit'
2025-01-29 13:38:10,352 INFO c.h.h.t.HelmChartContainer - [hivemq-test-hivemq-platform] [hivemq-platform-operator] [312d3701] 13:38:10.350 [ReconcilerExecutor-hivemq-controller-87] DEBUG c.h.p.o.HiveMQPlatformReconciler - [helmbrok] Custom Resource Status STARTING - HiveMQ Platform is starting (READY)
2025-01-29 13:38:10,352 INFO c.h.h.t.HelmChartContainer - [hivemq-test-hivemq-platform] [hivemq-platform-operator] [312d3701] 13:38:10.351 [ReconcilerExecutor-hivemq-controller-87] DEBUG c.h.p.o.HiveMQPlatformReconciler - [helmbrok] Custom Resource Spec (replicas: 1) (extensions: 1)
2025-01-29 13:38:10,423 INFO c.h.h.t.HelmChartContainer - [hivemq-test-hivemq-platform] [hivemq-platform-operator] [312d3701] 13:38:10.420 [ReconcilerExecutor-hivemq-controller-87] DEBUG c.h.p.o.HiveMQPlatformReconciler - [helmbrok] StatefulSet Status (revision: test-hivemq-platform-5c857ddf4c, replicas: 1, available: 0, ready: 0, current: 1, updated: 1)
2025-01-29 13:38:10,423 INFO c.h.h.t.HelmChartContainer - [hivemq-test-hivemq-platform] [hivemq-platform-operator] [312d3701] 13:38:10.420 [ReconcilerExecutor-hivemq-controller-87] DEBUG c.h.p.o.HiveMQPlatformReconciler - [helmbrok] StatefulSet Spec (replicas: 1, init containers: 1, containers: 1, volumes: 4)
2025-01-29 13:38:10,430 INFO c.h.h.t.HelmChartContainer - [hivemq-test-hivemq-platform] [hivemq-platform-operator] [312d3701] 13:38:10.428 [ReconcilerExecutor-hivemq-controller-87] DEBUG c.h.p.o.h.HiveMQPlatformReconcilerErrorHandler - [helmbrok] Pod 'test-hivemq-platform-0' phase Pending
2025-01-29 13:38:10,431 INFO c.h.h.t.HelmChartContainer - [hivemq-test-hivemq-platform] [hivemq-platform-operator] [312d3701] 13:38:10.428 [ReconcilerExecutor-hivemq-controller-87] DEBUG c.h.p.o.h.HiveMQPlatformReconcilerErrorHandler - [helmbrok] Pod 'test-hivemq-platform-0' condition 'PodReadyToStartContainers': True
2025-01-29 13:38:10,432 INFO c.h.h.t.HelmChartContainer - [hivemq-test-hivemq-platform] [hivemq-platform-operator] [312d3701] 13:38:10.428 [ReconcilerExecutor-hivemq-controller-87] DEBUG c.h.p.o.h.HiveMQPlatformReconcilerErrorHandler - [helmbrok] Pod 'test-hivemq-platform-0' condition 'Initialized': True
2025-01-29 13:38:10,432 INFO c.h.h.t.HelmChartContainer - [hivemq-test-hivemq-platform] [hivemq-platform-operator] [312d3701] 13:38:10.428 [ReconcilerExecutor-hivemq-controller-87] DEBUG c.h.p.o.h.HiveMQPlatformReconcilerErrorHandler - [helmbrok] Pod 'test-hivemq-platform-0' condition 'Ready': False
2025-01-29 13:38:10,432 INFO c.h.h.t.HelmChartContainer - [hivemq-test-hivemq-platform] [hivemq-platform-operator] [312d3701] 13:38:10.428 [ReconcilerExecutor-hivemq-controller-87] DEBUG c.h.p.o.h.HiveMQPlatformReconcilerErrorHandler - [helmbrok] Pod 'test-hivemq-platform-0' condition 'ContainersReady': False
2025-01-29 13:38:10,432 INFO c.h.h.t.HelmChartContainer - [hivemq-test-hivemq-platform] [hivemq-platform-operator] [312d3701] 13:38:10.428 [ReconcilerExecutor-hivemq-controller-87] DEBUG c.h.p.o.h.HiveMQPlatformReconcilerErrorHandler - [helmbrok] Pod 'test-hivemq-platform-0' condition 'PodScheduled': True
2025-01-29 13:38:10,432 INFO c.h.h.t.HelmChartContainer - [hivemq-test-hivemq-platform] [hivemq-platform-operator] [312d3701] 13:38:10.428 [ReconcilerExecutor-hivemq-controller-87] DEBUG c.h.p.o.h.HiveMQPlatformReconcilerErrorHandler - [helmbrok] Pod 'test-hivemq-platform-0' containerStatus 'hivemq' (started: false) (ready: false) (waiting: [PodInitializing] null)
2025-01-29 13:38:10,432 INFO c.h.h.t.HelmChartContainer - [hivemq-test-hivemq-platform] [hivemq-platform-operator] [312d3701] 13:38:10.429 [ReconcilerExecutor-hivemq-controller-87] INFO  c.h.p.o.h.HiveMQPlatformReconcilerBaseHandler - [helmbrok] HiveMQ Platform is starting, 0 of 1 replicas are ready
2025-01-29 13:38:11,274 INFO c.h.h.t.HelmChartContainer - [POD] test-hivemq-platform-0 [65b48a1c-7dec-42fc-ba66-0f5460280323] in helmbrokerlicensesit was MODIFIED
2025-01-29 13:38:11,293 INFO c.h.h.t.HelmChartContainer - [EVENT] Normal [Started] Started container hivemq [helmbrokerlicensesit:test-hivemq-platform-0]
2025-01-29 13:38:11,293 INFO c.h.h.t.HelmChartContainer - Received Started event for container hivemq in pod test-hivemq-platform-0 [65b48a1c-7dec-42fc-ba66-0f5460280323]
2025-01-29 13:38:11,293 INFO c.h.h.t.HelmChartContainer - Started log watcher for hivemq in pod test-hivemq-platform-0 [65b48a1c-7dec-42fc-ba66-0f5460280323]
2025-01-29 13:38:11,294 INFO c.h.h.t.HelmChartContainer - [test-hivemq-platform] [hivemq] [65b48a1c] Adding pre-installed HiveMQ Platform Operator extensions
2025-01-29 13:38:11,294 INFO c.h.h.t.HelmChartContainer - [test-hivemq-platform] [hivemq] [65b48a1c] Running as user 10000
2025-01-29 13:38:11,294 INFO c.h.h.t.HelmChartContainer - [test-hivemq-platform] [hivemq] [65b48a1c] Starting HiveMQ Platform Operator Init
2025-01-29 13:38:11,295 INFO c.h.h.t.HelmChartContainer - [hivemq-test-hivemq-platform] [hivemq-platform-operator] [312d3701] 13:38:11.293 [pool-6-thread-42] DEBUG c.h.p.o.d.PlatformServiceResource - [helmbrok] Desired Platform services (3 services)
2025-01-29 13:38:11,303 INFO c.h.h.t.HelmChartContainer - [hivemq-test-hivemq-platform] [hivemq-platform-operator] [312d3701] 13:38:11.296 [pool-6-thread-43] DEBUG c.h.p.o.dependants.PodInfoConfigMap - [helmbrok] Desired PodInfo ConfigMap (1 extensions) (1 enabled)
2025-01-29 13:38:11,303 INFO c.h.h.t.HelmChartContainer - [hivemq-test-hivemq-platform] [hivemq-platform-operator] [312d3701] 13:38:11.298 [pool-6-thread-43] DEBUG c.h.p.o.dependants.PodInfoConfigMap - [helmbrok] Desired PodInfo ConfigMap (metrics port: 9399) (metrics path: /)
2025-01-29 13:38:11,303 INFO c.h.h.t.HelmChartContainer - [hivemq-test-hivemq-platform] [hivemq-platform-operator] [312d3701] 13:38:11.298 [pool-6-thread-43] DEBUG c.h.p.o.dependants.PodInfoConfigMap - [helmbrok] Desired PodInfo ConfigMap (extension state hash: -1817474005)
2025-01-29 13:38:11,306 INFO c.h.h.t.HelmChartContainer - [hivemq-test-hivemq-platform] [hivemq-platform-operator] [312d3701] 13:38:11.305 [pool-6-thread-47] DEBUG c.h.p.o.d.PodServiceAccountResource - [helmbrok] Desired PodServiceAccountResource (serviceAccountName: hivemq-platform-pod-test-hivemq-platform)
2025-01-29 13:38:11,323 INFO c.h.h.t.HelmChartContainer - [hivemq-test-hivemq-platform] [hivemq-platform-operator] [312d3701] 13:38:11.321 [pool-6-thread-49] DEBUG c.h.p.o.d.StatefulSetResource - [helmbrok] Desired StatefulSet (1 replicas) for status STARTING (READY)
2025-01-29 13:38:11,329 INFO c.h.h.t.HelmChartContainer - [hivemq-test-hivemq-platform] [hivemq-platform-operator] [312d3701] 13:38:11.327 [ReconcilerExecutor-hivemq-controller-98] INFO  c.h.p.o.HiveMQPlatformReconciler - [helmbrok] Reconciling HiveMQ Platform 'test-hivemq-platform' in namespace 'helmbrokerlicensesit'
2025-01-29 13:38:11,329 INFO c.h.h.t.HelmChartContainer - [hivemq-test-hivemq-platform] [hivemq-platform-operator] [312d3701] 13:38:11.327 [ReconcilerExecutor-hivemq-controller-98] DEBUG c.h.p.o.HiveMQPlatformReconciler - [helmbrok] Custom Resource Status STARTING - HiveMQ Platform is starting (READY)
2025-01-29 13:38:11,329 INFO c.h.h.t.HelmChartContainer - [hivemq-test-hivemq-platform] [hivemq-platform-operator] [312d3701] 13:38:11.327 [ReconcilerExecutor-hivemq-controller-98] DEBUG c.h.p.o.HiveMQPlatformReconciler - [helmbrok] Custom Resource Spec (replicas: 1) (extensions: 1)
2025-01-29 13:38:11,333 INFO c.h.h.t.HelmChartContainer - [hivemq-test-hivemq-platform] [hivemq-platform-operator] [312d3701] 13:38:11.330 [ReconcilerExecutor-hivemq-controller-98] DEBUG c.h.p.o.HiveMQPlatformReconciler - [helmbrok] StatefulSet Status (revision: test-hivemq-platform-5c857ddf4c, replicas: 1, available: 0, ready: 0, current: 1, updated: 1)
2025-01-29 13:38:11,333 INFO c.h.h.t.HelmChartContainer - [hivemq-test-hivemq-platform] [hivemq-platform-operator] [312d3701] 13:38:11.330 [ReconcilerExecutor-hivemq-controller-98] DEBUG c.h.p.o.HiveMQPlatformReconciler - [helmbrok] StatefulSet Spec (replicas: 1, init containers: 1, containers: 1, volumes: 4)
2025-01-29 13:38:11,340 INFO c.h.h.t.HelmChartContainer - [hivemq-test-hivemq-platform] [hivemq-platform-operator] [312d3701] 13:38:11.338 [ReconcilerExecutor-hivemq-controller-98] DEBUG c.h.p.o.h.HiveMQPlatformReconcilerErrorHandler - [helmbrok] Pod 'test-hivemq-platform-0' phase Running
2025-01-29 13:38:11,341 INFO c.h.h.t.HelmChartContainer - [hivemq-test-hivemq-platform] [hivemq-platform-operator] [312d3701] 13:38:11.340 [ReconcilerExecutor-hivemq-controller-98] INFO  c.h.p.o.h.HiveMQPlatformReconcilerBaseHandler - [helmbrok] HiveMQ Platform is starting, 0 of 1 replicas are ready
2025-01-29 13:38:11,521 INFO c.h.h.t.HelmChartContainer - [test-hivemq-platform] [hivemq] [65b48a1c] INFO  - [HiveMQ Platform Operator Init 1.7.0-SNAPSHOT] HiveMQ Platform Operator Init 1.7.0-SNAPSHOT (commit: bebf408 on branch: HEAD) built on Sun Jan 26 20:47:47 UTC 2025
2025-01-29 13:38:12,727 INFO c.h.h.t.HelmChartContainer - [test-hivemq-platform] [hivemq] [65b48a1c] INFO  - [HiveMQ Platform Operator Init App 1.7.0-SNAPSHOT] Using bind address 10.42.0.6 from environment variable
2025-01-29 13:38:13,709 INFO c.h.h.t.HelmChartContainer - [test-hivemq-platform] [hivemq] [65b48a1c] INFO  - [HiveMQ Platform Operator Init App 1.7.0-SNAPSHOT] HiveMQ Platform Operator Init App 1.7.0-SNAPSHOT (commit: bebf408 on branch: HEAD) built on Sun Jan 26 20:47:47 UTC 2025
2025-01-29 13:38:13,711 INFO c.h.h.t.HelmChartContainer - [test-hivemq-platform] [hivemq] [65b48a1c] INFO  - [HiveMQ Platform Operator Init App 1.7.0-SNAPSHOT] PodInfo ConfigMap directory: /etc/podinfo
2025-01-29 13:38:13,711 INFO c.h.h.t.HelmChartContainer - [test-hivemq-platform] [hivemq] [65b48a1c] INFO  - [HiveMQ Platform Operator Init App 1.7.0-SNAPSHOT] HiveMQ home directory: /opt/hivemq
2025-01-29 13:38:13,711 INFO c.h.h.t.HelmChartContainer - [test-hivemq-platform] [hivemq] [65b48a1c] INFO  - [HiveMQ Platform Operator Init App 1.7.0-SNAPSHOT] HiveMQ Logback folder: /opt/hivemq/conf
2025-01-29 13:38:13,711 INFO c.h.h.t.HelmChartContainer - [test-hivemq-platform] [hivemq] [65b48a1c] INFO  - [HiveMQ Platform Operator Init App 1.7.0-SNAPSHOT] HiveMQ Config folder: /opt/hivemq/conf-k8s
2025-01-29 13:38:13,711 INFO c.h.h.t.HelmChartContainer - [test-hivemq-platform] [hivemq] [65b48a1c] INFO  - [HiveMQ Platform Operator Init App 1.7.0-SNAPSHOT] Starting HiveMQ Platform Operator Init App
2025-01-29 13:38:13,711 INFO c.h.h.t.HelmChartContainer - [test-hivemq-platform] [hivemq] [65b48a1c] INFO  - [HiveMQ Platform Operator Init App 1.7.0-SNAPSHOT] Starting Pod reconciler
2025-01-29 13:38:14,915 INFO c.h.h.t.HelmChartContainer - [test-hivemq-platform] [hivemq] [65b48a1c] INFO  - [HiveMQ Platform Operator Init App 1.7.0-SNAPSHOT] Pod reconciler is scheduled (interval: 5000 ms)
2025-01-29 13:38:14,916 INFO c.h.h.t.HelmChartContainer - [test-hivemq-platform] [hivemq] [65b48a1c] INFO  - [HiveMQ Platform Operator Init App 1.7.0-SNAPSHOT] Starting the REST API on 10.42.0.6:7979
2025-01-29 13:38:14,919 INFO c.h.h.t.HelmChartContainer - [test-hivemq-platform] [hivemq] [65b48a1c] INFO  - [HiveMQ Platform Operator Init App 1.7.0-SNAPSHOT] Waiting up to 600s for at most 1 HiveMQ nodes in cluster service hivemq-test-hivemq-platform-cluster.helmbrokerlicensesit.svc
2025-01-29 13:38:15,313 INFO c.h.h.t.HelmChartContainer - [test-hivemq-platform] [hivemq] [65b48a1c] INFO  - [HiveMQ Platform Operator Init App 1.7.0-SNAPSHOT] Resolved 1 IP addresses: [10.42.0.6]
2025-01-29 13:38:15,313 INFO c.h.h.t.HelmChartContainer - [test-hivemq-platform] [hivemq] [65b48a1c] INFO  - [HiveMQ Platform Operator Init App 1.7.0-SNAPSHOT] HiveMQ node count of 1 is within threshold of 1
2025-01-29 13:38:15,313 INFO c.h.h.t.HelmChartContainer - [test-hivemq-platform] [hivemq] [65b48a1c] INFO  - [HiveMQ Platform Operator Init App 1.7.0-SNAPSHOT] Proceeding with container start
2025-01-29 13:38:15,410 INFO c.h.h.t.HelmChartContainer - [test-hivemq-platform] [hivemq] [65b48a1c] INFO  - [HiveMQ Platform Operator Init App 1.7.0-SNAPSHOT] Initializing HiveMQ Platform extensions with initial configuration: {hivemq-allow-all-extension={start-priority=-1, skip-https-hostname-verification=false, restart=true, config-version=0, header-version=0, c-uri=, priority=-1, uri=preinstalled, skip-https-certificate-validation=false, enabled=true}, hivemq-prometheus-extension={enabled=true, request-header-path=no-request-headers, uri=preinstalled, skip-https-certificate-validation=false, skip-https-hostname-verification=false, c-uri=, start-priority=-1, priority=-1, restart=true}}
2025-01-29 13:38:15,917 INFO c.h.h.t.HelmChartContainer - [test-hivemq-platform] [hivemq] [65b48a1c] INFO  - [HiveMQ Platform Operator Init App 1.7.0-SNAPSHOT] Extension hivemq-allow-all-extension was already enabled
2025-01-29 13:38:16,011 INFO c.h.h.t.HelmChartContainer - [test-hivemq-platform] [hivemq] [65b48a1c] INFO  - [HiveMQ Platform Operator Init App 1.7.0-SNAPSHOT] Successfully enabled extension hivemq-prometheus-extension
2025-01-29 13:38:16,013 INFO c.h.h.t.HelmChartContainer - [test-hivemq-platform] [hivemq] [65b48a1c] INFO  - [HiveMQ Platform Operator Init App 1.7.0-SNAPSHOT] Starting HiveMQ Platform version 4.36.0 (4.36.0)
2025-01-29 13:38:16,013 INFO c.h.h.t.HelmChartContainer - [test-hivemq-platform] [hivemq] [65b48a1c] INFO  - [HiveMQ Platform Operator Init App 1.7.0-SNAPSHOT] Configuring the HiveMQ Platform
2025-01-29 13:38:16,024 INFO c.h.h.t.HelmChartContainer - [test-hivemq-platform] [hivemq] [65b48a1c] INFO  - [HiveMQ Platform Operator Init App 1.7.0-SNAPSHOT] Changed logback.xml file scan period to 20 seconds
2025-01-29 13:38:16,109 INFO c.h.h.t.HelmChartContainer - [test-hivemq-platform] [hivemq] [65b48a1c] INFO  - [HiveMQ Platform Operator Init App 1.7.0-SNAPSHOT] Starting the HiveMQ Platform
2025-01-29 13:38:16,112 INFO c.h.h.t.HelmChartContainer - [test-hivemq-platform] [hivemq] [65b48a1c] -------------------------------------------------------------------------
2025-01-29 13:38:16,112 INFO c.h.h.t.HelmChartContainer - [test-hivemq-platform] [hivemq] [65b48a1c] 
2025-01-29 13:38:16,112 INFO c.h.h.t.HelmChartContainer - [test-hivemq-platform] [hivemq] [65b48a1c]                   _    _  _              __  __   ____
2025-01-29 13:38:16,112 INFO c.h.h.t.HelmChartContainer - [test-hivemq-platform] [hivemq] [65b48a1c]                  | |  | |(_)            |  \/  | / __ \
2025-01-29 13:38:16,112 INFO c.h.h.t.HelmChartContainer - [test-hivemq-platform] [hivemq] [65b48a1c]                  | |__| | _ __   __ ___ | \  / || |  | |
2025-01-29 13:38:16,112 INFO c.h.h.t.HelmChartContainer - [test-hivemq-platform] [hivemq] [65b48a1c]                  |  __  || |\ \ / // _ \| |\/| || |  | |
2025-01-29 13:38:16,112 INFO c.h.h.t.HelmChartContainer - [test-hivemq-platform] [hivemq] [65b48a1c]                  | |  | || | \ V /|  __/| |  | || |__| |
2025-01-29 13:38:16,112 INFO c.h.h.t.HelmChartContainer - [test-hivemq-platform] [hivemq] [65b48a1c]                  |_|  |_||_|  \_/  \___||_|  |_| \___\_\
2025-01-29 13:38:16,113 INFO c.h.h.t.HelmChartContainer - [test-hivemq-platform] [hivemq] [65b48a1c] 
2025-01-29 13:38:16,113 INFO c.h.h.t.HelmChartContainer - [test-hivemq-platform] [hivemq] [65b48a1c] -------------------------------------------------------------------------
2025-01-29 13:38:16,113 INFO c.h.h.t.HelmChartContainer - [test-hivemq-platform] [hivemq] [65b48a1c] 
2025-01-29 13:38:16,113 INFO c.h.h.t.HelmChartContainer - [test-hivemq-platform] [hivemq] [65b48a1c]   HiveMQ Start Script for Linux/Unix v1.14
2025-01-29 13:38:16,113 INFO c.h.h.t.HelmChartContainer - [test-hivemq-platform] [hivemq] [65b48a1c] 
2025-01-29 13:38:16,189 INFO c.h.h.t.HelmChartContainer - [test-hivemq-platform] [hivemq] [65b48a1c] -------------------------------------------------------------------------
2025-01-29 13:38:16,189 INFO c.h.h.t.HelmChartContainer - [test-hivemq-platform] [hivemq] [65b48a1c] 
2025-01-29 13:38:16,190 INFO c.h.h.t.HelmChartContainer - [test-hivemq-platform] [hivemq] [65b48a1c]   HIVEMQ_HOME: /opt/hivemq
2025-01-29 13:38:16,190 INFO c.h.h.t.HelmChartContainer - [test-hivemq-platform] [hivemq] [65b48a1c] 
2025-01-29 13:38:16,190 INFO c.h.h.t.HelmChartContainer - [test-hivemq-platform] [hivemq] [65b48a1c]   JAVA_OPTS: -XX:+UnlockExperimentalVMOptions -XX:InitialRAMPercentage=50 -XX:MaxRAMPercentage=50 -Djava.net.preferIPv4Stack=true --add-opens java.base/java.lang=ALL-UNNAMED --add-opens java.base/java.nio=ALL-UNNAMED --add-opens java.base/sun.nio.ch=ALL-UNNAMED --add-opens jdk.management/com.sun.management.internal=ALL-UNNAMED --add-exports java.base/jdk.internal.misc=ALL-UNNAMED -Djava.security.egd=file:/dev/./urandom -Dcom.sun.management.jmxremote -Dcom.sun.management.jmxremote.port=9010 -Dcom.sun.management.jmxremote.local.only=false -Dcom.sun.management.jmxremote.authenticate=false -Dcom.sun.management.jmxremote.ssl=false -Duser.language=en -Duser.region=US -XX:+CrashOnOutOfMemoryError -XX:+HeapDumpOnOutOfMemoryError
2025-01-29 13:38:16,190 INFO c.h.h.t.HelmChartContainer - [test-hivemq-platform] [hivemq] [65b48a1c] 
2025-01-29 13:38:16,190 INFO c.h.h.t.HelmChartContainer - [test-hivemq-platform] [hivemq] [65b48a1c]   JAVA_VERSION: 21
2025-01-29 13:38:16,190 INFO c.h.h.t.HelmChartContainer - [test-hivemq-platform] [hivemq] [65b48a1c] 
2025-01-29 13:38:16,190 INFO c.h.h.t.HelmChartContainer - [test-hivemq-platform] [hivemq] [65b48a1c] -------------------------------------------------------------------------
2025-01-29 13:38:16,190 INFO c.h.h.t.HelmChartContainer - [test-hivemq-platform] [hivemq] [65b48a1c] 
2025-01-29 13:38:17,315 INFO c.h.h.t.HelmChartContainer - [test-hivemq-platform] [hivemq] [65b48a1c] INFO  - [HiveMQ Platform Operator Init App 1.7.0-SNAPSHOT] Returning default Health API response 503 for readiness
2025-01-29 13:38:17,615 INFO c.h.h.t.HelmChartContainer - [EVENT] Warning [Unhealthy] Readiness probe failed: HTTP probe failed with statuscode: 503 [helmbrokerlicensesit:test-hivemq-platform-0]
2025-01-29 13:38:17,615 INFO c.h.h.t.HelmChartContainer - Received Unhealthy event for container hivemq in pod test-hivemq-platform-0 [65b48a1c-7dec-42fc-ba66-0f5460280323]
2025-01-29 13:38:18,914 INFO c.h.h.t.HelmChartContainer - [test-hivemq-platform] [hivemq] [65b48a1c] INFO  - Starting HiveMQ Enterprise Server
2025-01-29 13:38:18,920 INFO c.h.h.t.HelmChartContainer - [test-hivemq-platform] [hivemq] [65b48a1c] INFO  - HiveMQ version: 4.36.0
2025-01-29 13:38:18,920 INFO c.h.h.t.HelmChartContainer - [test-hivemq-platform] [hivemq] [65b48a1c] INFO  - HiveMQ home directory: /opt/hivemq
2025-01-29 13:38:18,921 INFO c.h.h.t.HelmChartContainer - [test-hivemq-platform] [hivemq] [65b48a1c] INFO  - Log Configuration was overridden by /opt/hivemq/conf/logback.xml
2025-01-29 13:38:20,319 INFO c.h.h.t.HelmChartContainer - [test-hivemq-platform] [hivemq] [65b48a1c] INFO  - Successfully loaded configuration from '/opt/hivemq/conf-k8s/config.xml'.
2025-01-29 13:38:21,113 INFO c.h.h.t.HelmChartContainer - [test-hivemq-platform] [hivemq] [65b48a1c] INFO  - This node's ID is f1Ol8
2025-01-29 13:38:21,113 INFO c.h.h.t.HelmChartContainer - [test-hivemq-platform] [hivemq] [65b48a1c] INFO  - Clustering is enabled
2025-01-29 13:38:21,346 INFO c.h.h.t.HelmChartContainer - [hivemq-test-hivemq-platform] [hivemq-platform-operator] [312d3701] 13:38:21.344 [pool-6-thread-5] DEBUG c.h.p.o.d.PlatformServiceResource - [helmbrok] Desired Platform services (3 services)
2025-01-29 13:38:21,348 INFO c.h.h.t.HelmChartContainer - [hivemq-test-hivemq-platform] [hivemq-platform-operator] [312d3701] 13:38:21.345 [pool-6-thread-3] DEBUG c.h.p.o.dependants.PodInfoConfigMap - [helmbrok] Desired PodInfo ConfigMap (1 extensions) (1 enabled)
2025-01-29 13:38:21,349 INFO c.h.h.t.HelmChartContainer - [hivemq-test-hivemq-platform] [hivemq-platform-operator] [312d3701] 13:38:21.346 [pool-6-thread-3] DEBUG c.h.p.o.dependants.PodInfoConfigMap - [helmbrok] Desired PodInfo ConfigMap (metrics port: 9399) (metrics path: /)
2025-01-29 13:38:21,349 INFO c.h.h.t.HelmChartContainer - [hivemq-test-hivemq-platform] [hivemq-platform-operator] [312d3701] 13:38:21.346 [pool-6-thread-3] DEBUG c.h.p.o.dependants.PodInfoConfigMap - [helmbrok] Desired PodInfo ConfigMap (extension state hash: -1817474005)
2025-01-29 13:38:21,350 INFO c.h.h.t.HelmChartContainer - [hivemq-test-hivemq-platform] [hivemq-platform-operator] [312d3701] 13:38:21.348 [pool-6-thread-6] DEBUG c.h.p.o.d.PodServiceAccountResource - [helmbrok] Desired PodServiceAccountResource (serviceAccountName: hivemq-platform-pod-test-hivemq-platform)
2025-01-29 13:38:21,356 INFO c.h.h.t.HelmChartContainer - [hivemq-test-hivemq-platform] [hivemq-platform-operator] [312d3701] 13:38:21.355 [pool-6-thread-5] DEBUG c.h.p.o.d.StatefulSetResource - [helmbrok] Desired StatefulSet (1 replicas) for status STARTING (READY)
2025-01-29 13:38:21,361 INFO c.h.h.t.HelmChartContainer - [hivemq-test-hivemq-platform] [hivemq-platform-operator] [312d3701] 13:38:21.360 [ReconcilerExecutor-hivemq-controller-109] INFO  c.h.p.o.HiveMQPlatformReconciler - [helmbrok] Reconciling HiveMQ Platform 'test-hivemq-platform' in namespace 'helmbrokerlicensesit'
2025-01-29 13:38:21,361 INFO c.h.h.t.HelmChartContainer - [hivemq-test-hivemq-platform] [hivemq-platform-operator] [312d3701] 13:38:21.360 [ReconcilerExecutor-hivemq-controller-109] DEBUG c.h.p.o.HiveMQPlatformReconciler - [helmbrok] Custom Resource Status STARTING - HiveMQ Platform is starting (READY)
2025-01-29 13:38:21,361 INFO c.h.h.t.HelmChartContainer - [hivemq-test-hivemq-platform] [hivemq-platform-operator] [312d3701] 13:38:21.360 [ReconcilerExecutor-hivemq-controller-109] DEBUG c.h.p.o.HiveMQPlatformReconciler - [helmbrok] Custom Resource Spec (replicas: 1) (extensions: 1)
2025-01-29 13:38:21,425 INFO c.h.h.t.HelmChartContainer - [hivemq-test-hivemq-platform] [hivemq-platform-operator] [312d3701] 13:38:21.422 [ReconcilerExecutor-hivemq-controller-109] DEBUG c.h.p.o.HiveMQPlatformReconciler - [helmbrok] StatefulSet Status (revision: test-hivemq-platform-5c857ddf4c, replicas: 1, available: 0, ready: 0, current: 1, updated: 1)
2025-01-29 13:38:21,426 INFO c.h.h.t.HelmChartContainer - [hivemq-test-hivemq-platform] [hivemq-platform-operator] [312d3701] 13:38:21.422 [ReconcilerExecutor-hivemq-controller-109] DEBUG c.h.p.o.HiveMQPlatformReconciler - [helmbrok] StatefulSet Spec (replicas: 1, init containers: 1, containers: 1, volumes: 4)
2025-01-29 13:38:21,426 INFO c.h.h.t.HelmChartContainer - [hivemq-test-hivemq-platform] [hivemq-platform-operator] [312d3701] 13:38:21.424 [ReconcilerExecutor-hivemq-controller-109] DEBUG c.h.p.o.h.HiveMQPlatformReconcilerErrorHandler - [helmbrok] Pod 'test-hivemq-platform-0' phase Running
2025-01-29 13:38:21,427 INFO c.h.h.t.HelmChartContainer - [hivemq-test-hivemq-platform] [hivemq-platform-operator] [312d3701] 13:38:21.425 [ReconcilerExecutor-hivemq-controller-109] INFO  c.h.p.o.h.HiveMQPlatformReconcilerBaseHandler - [helmbrok] HiveMQ Platform is starting, 0 of 1 replicas are ready
2025-01-29 13:38:22,617 INFO c.h.h.t.HelmChartContainer - [test-hivemq-platform] [hivemq] [65b48a1c] WARN  - [HiveMQ Platform Operator Init App 1.7.0-SNAPSHOT] Cannot connect to Health API for readiness: null
2025-01-29 13:38:22,624 INFO c.h.h.t.HelmChartContainer - [EVENT] Warning [Unhealthy] Readiness probe failed: HTTP probe failed with statuscode: 503 [helmbrokerlicensesit:test-hivemq-platform-0]
2025-01-29 13:38:22,624 INFO c.h.h.t.HelmChartContainer - Received Unhealthy event for container hivemq in pod test-hivemq-platform-0 [65b48a1c-7dec-42fc-ba66-0f5460280323]
2025-01-29 13:38:25,218 INFO c.h.h.t.HelmChartContainer - [test-hivemq-platform] [hivemq] [65b48a1c] Jan 29, 2025 1:38:25 PM io.vertx.core.impl.BlockedThreadChecker
2025-01-29 13:38:25,219 INFO c.h.h.t.HelmChartContainer - [test-hivemq-platform] [hivemq] [65b48a1c] WARNING: Thread Thread[vert.x-eventloop-thread-1,5,main] has been blocked for 2087 ms, time limit is 2000 ms
2025-01-29 13:38:26,112 INFO c.h.h.t.HelmChartContainer - [test-hivemq-platform] [hivemq] [65b48a1c] INFO  - [HiveMQ Platform Operator Init App 1.7.0-SNAPSHOT] Updating Pod HiveMQ Platform Operator Init App version annotation (version: 1.7.0-SNAPSHOT)
2025-01-29 13:38:26,829 INFO c.h.h.t.HelmChartContainer - [POD] test-hivemq-platform-0 [65b48a1c-7dec-42fc-ba66-0f5460280323] in helmbrokerlicensesit was MODIFIED
2025-01-29 13:38:26,836 INFO c.h.h.t.HelmChartContainer - [hivemq-test-hivemq-platform] [hivemq-platform-operator] [312d3701] 13:38:26.833 [pool-6-thread-15] DEBUG c.h.p.o.d.PlatformServiceResource - [helmbrok] Desired Platform services (3 services)
2025-01-29 13:38:26,836 INFO c.h.h.t.HelmChartContainer - [hivemq-test-hivemq-platform] [hivemq-platform-operator] [312d3701] 13:38:26.833 [pool-6-thread-17] DEBUG c.h.p.o.dependants.PodInfoConfigMap - [helmbrok] Desired PodInfo ConfigMap (1 extensions) (1 enabled)
2025-01-29 13:38:26,836 INFO c.h.h.t.HelmChartContainer - [hivemq-test-hivemq-platform] [hivemq-platform-operator] [312d3701] 13:38:26.834 [pool-6-thread-17] DEBUG c.h.p.o.dependants.PodInfoConfigMap - [helmbrok] Desired PodInfo ConfigMap (metrics port: 9399) (metrics path: /)
2025-01-29 13:38:26,836 INFO c.h.h.t.HelmChartContainer - [hivemq-test-hivemq-platform] [hivemq-platform-operator] [312d3701] 13:38:26.834 [pool-6-thread-17] DEBUG c.h.p.o.dependants.PodInfoConfigMap - [helmbrok] Desired PodInfo ConfigMap (extension state hash: -1817474005)
2025-01-29 13:38:26,836 INFO c.h.h.t.HelmChartContainer - [hivemq-test-hivemq-platform] [hivemq-platform-operator] [312d3701] 13:38:26.836 [pool-6-thread-11] DEBUG c.h.p.o.d.PodServiceAccountResource - [helmbrok] Desired PodServiceAccountResource (serviceAccountName: hivemq-platform-pod-test-hivemq-platform)
2025-01-29 13:38:26,841 INFO c.h.h.t.HelmChartContainer - [hivemq-test-hivemq-platform] [hivemq-platform-operator] [312d3701] 13:38:26.840 [pool-6-thread-15] DEBUG c.h.p.o.d.StatefulSetResource - [helmbrok] Desired StatefulSet (1 replicas) for status STARTING (READY)
2025-01-29 13:38:26,844 INFO c.h.h.t.HelmChartContainer - [hivemq-test-hivemq-platform] [hivemq-platform-operator] [312d3701] 13:38:26.843 [ReconcilerExecutor-hivemq-controller-110] INFO  c.h.p.o.HiveMQPlatformReconciler - [helmbrok] Reconciling HiveMQ Platform 'test-hivemq-platform' in namespace 'helmbrokerlicensesit'
2025-01-29 13:38:26,845 INFO c.h.h.t.HelmChartContainer - [hivemq-test-hivemq-platform] [hivemq-platform-operator] [312d3701] 13:38:26.843 [ReconcilerExecutor-hivemq-controller-110] DEBUG c.h.p.o.HiveMQPlatformReconciler - [helmbrok] Custom Resource Status STARTING - HiveMQ Platform is starting (READY)
2025-01-29 13:38:26,845 INFO c.h.h.t.HelmChartContainer - [hivemq-test-hivemq-platform] [hivemq-platform-operator] [312d3701] 13:38:26.843 [ReconcilerExecutor-hivemq-controller-110] DEBUG c.h.p.o.HiveMQPlatformReconciler - [helmbrok] Custom Resource Spec (replicas: 1) (extensions: 1)
2025-01-29 13:38:26,913 INFO c.h.h.t.HelmChartContainer - [test-hivemq-platform] [hivemq] [65b48a1c] WARN  - [HiveMQ Platform Operator Init App 1.7.0-SNAPSHOT] Cannot connect to Health API for readiness: null
2025-01-29 13:38:26,919 INFO c.h.h.t.HelmChartContainer - [EVENT] Warning [Unhealthy] Readiness probe failed: HTTP probe failed with statuscode: 503 [helmbrokerlicensesit:test-hivemq-platform-0]
2025-01-29 13:38:26,919 INFO c.h.h.t.HelmChartContainer - Received Unhealthy event for container hivemq in pod test-hivemq-platform-0 [65b48a1c-7dec-42fc-ba66-0f5460280323]
2025-01-29 13:38:26,923 INFO c.h.h.t.HelmChartContainer - [test-hivemq-platform] [hivemq] [65b48a1c] INFO  - [HiveMQ Platform Operator Init App 1.7.0-SNAPSHOT] Successfully updated Pod HiveMQ Platform Operator Init App version annotation (version: 1.7.0-SNAPSHOT)
2025-01-29 13:38:26,923 INFO c.h.h.t.HelmChartContainer - [hivemq-test-hivemq-platform] [hivemq-platform-operator] [312d3701] 13:38:26.921 [ReconcilerExecutor-hivemq-controller-110] DEBUG c.h.p.o.HiveMQPlatformReconciler - [helmbrok] StatefulSet Status (revision: test-hivemq-platform-5c857ddf4c, replicas: 1, available: 0, ready: 0, current: 1, updated: 1)
2025-01-29 13:38:26,925 INFO c.h.h.t.HelmChartContainer - [hivemq-test-hivemq-platform] [hivemq-platform-operator] [312d3701] 13:38:26.921 [ReconcilerExecutor-hivemq-controller-110] DEBUG c.h.p.o.HiveMQPlatformReconciler - [helmbrok] StatefulSet Spec (replicas: 1, init containers: 1, containers: 1, volumes: 4)
2025-01-29 13:38:26,925 INFO c.h.h.t.HelmChartContainer - [hivemq-test-hivemq-platform] [hivemq-platform-operator] [312d3701] 13:38:26.922 [ReconcilerExecutor-hivemq-controller-110] DEBUG c.h.p.o.h.HiveMQPlatformReconcilerErrorHandler - [helmbrok] Pod 'test-hivemq-platform-0' phase Running
2025-01-29 13:38:26,925 INFO c.h.h.t.HelmChartContainer - [hivemq-test-hivemq-platform] [hivemq-platform-operator] [312d3701] 13:38:26.923 [ReconcilerExecutor-hivemq-controller-110] INFO  c.h.p.o.h.HiveMQPlatformReconcilerBaseHandler - [helmbrok] HiveMQ Platform is starting, 0 of 1 replicas are ready
2025-01-29 13:38:31,882 INFO c.h.h.t.HelmChartContainer - [test-hivemq-platform] [hivemq] [65b48a1c] WARN  - [HiveMQ Platform Operator Init App 1.7.0-SNAPSHOT] Cannot connect to Health API for readiness: null
2025-01-29 13:38:31,908 INFO c.h.h.t.HelmChartContainer - [EVENT] Warning [Unhealthy] Readiness probe failed: HTTP probe failed with statuscode: 503 [helmbrokerlicensesit:test-hivemq-platform-0]
2025-01-29 13:38:31,908 INFO c.h.h.t.HelmChartContainer - Received Unhealthy event for container hivemq in pod test-hivemq-platform-0 [65b48a1c-7dec-42fc-ba66-0f5460280323]
2025-01-29 13:38:36,910 INFO c.h.h.t.HelmChartContainer - [test-hivemq-platform] [hivemq] [65b48a1c] WARN  - [HiveMQ Platform Operator Init App 1.7.0-SNAPSHOT] Cannot connect to Health API for readiness: null
2025-01-29 13:38:36,914 INFO c.h.h.t.HelmChartContainer - [EVENT] Warning [Unhealthy] Readiness probe failed: HTTP probe failed with statuscode: 503 [helmbrokerlicensesit:test-hivemq-platform-0]
2025-01-29 13:38:36,914 INFO c.h.h.t.HelmChartContainer - Received Unhealthy event for container hivemq in pod test-hivemq-platform-0 [65b48a1c-7dec-42fc-ba66-0f5460280323]
2025-01-29 13:38:36,932 INFO c.h.h.t.HelmChartContainer - [hivemq-test-hivemq-platform] [hivemq-platform-operator] [312d3701] 13:38:36.928 [pool-6-thread-26] DEBUG c.h.p.o.d.PlatformServiceResource - [helmbrok] Desired Platform services (3 services)
2025-01-29 13:38:36,933 INFO c.h.h.t.HelmChartContainer - [hivemq-test-hivemq-platform] [hivemq-platform-operator] [312d3701] 13:38:36.929 [pool-6-thread-23] DEBUG c.h.p.o.dependants.PodInfoConfigMap - [helmbrok] Desired PodInfo ConfigMap (1 extensions) (1 enabled)
2025-01-29 13:38:36,933 INFO c.h.h.t.HelmChartContainer - [hivemq-test-hivemq-platform] [hivemq-platform-operator] [312d3701] 13:38:36.929 [pool-6-thread-23] DEBUG c.h.p.o.dependants.PodInfoConfigMap - [helmbrok] Desired PodInfo ConfigMap (metrics port: 9399) (metrics path: /)
2025-01-29 13:38:36,933 INFO c.h.h.t.HelmChartContainer - [hivemq-test-hivemq-platform] [hivemq-platform-operator] [312d3701] 13:38:36.929 [pool-6-thread-23] DEBUG c.h.p.o.dependants.PodInfoConfigMap - [helmbrok] Desired PodInfo ConfigMap (extension state hash: -1817474005)
2025-01-29 13:38:36,933 INFO c.h.h.t.HelmChartContainer - [hivemq-test-hivemq-platform] [hivemq-platform-operator] [312d3701] 13:38:36.930 [pool-6-thread-27] DEBUG c.h.p.o.d.PodServiceAccountResource - [helmbrok] Desired PodServiceAccountResource (serviceAccountName: hivemq-platform-pod-test-hivemq-platform)
2025-01-29 13:38:36,935 INFO c.h.h.t.HelmChartContainer - [hivemq-test-hivemq-platform] [hivemq-platform-operator] [312d3701] 13:38:36.934 [pool-6-thread-28] DEBUG c.h.p.o.d.StatefulSetResource - [helmbrok] Desired StatefulSet (1 replicas) for status STARTING (READY)
2025-01-29 13:38:36,938 INFO c.h.h.t.HelmChartContainer - [hivemq-test-hivemq-platform] [hivemq-platform-operator] [312d3701] 13:38:36.937 [ReconcilerExecutor-hivemq-controller-111] INFO  c.h.p.o.HiveMQPlatformReconciler - [helmbrok] Reconciling HiveMQ Platform 'test-hivemq-platform' in namespace 'helmbrokerlicensesit'
2025-01-29 13:38:36,939 INFO c.h.h.t.HelmChartContainer - [hivemq-test-hivemq-platform] [hivemq-platform-operator] [312d3701] 13:38:36.937 [ReconcilerExecutor-hivemq-controller-111] DEBUG c.h.p.o.HiveMQPlatformReconciler - [helmbrok] Custom Resource Status STARTING - HiveMQ Platform is starting (READY)
2025-01-29 13:38:36,939 INFO c.h.h.t.HelmChartContainer - [hivemq-test-hivemq-platform] [hivemq-platform-operator] [312d3701] 13:38:36.937 [ReconcilerExecutor-hivemq-controller-111] DEBUG c.h.p.o.HiveMQPlatformReconciler - [helmbrok] Custom Resource Spec (replicas: 1) (extensions: 1)
2025-01-29 13:38:36,941 INFO c.h.h.t.HelmChartContainer - [hivemq-test-hivemq-platform] [hivemq-platform-operator] [312d3701] 13:38:36.939 [ReconcilerExecutor-hivemq-controller-111] DEBUG c.h.p.o.HiveMQPlatformReconciler - [helmbrok] StatefulSet Status (revision: test-hivemq-platform-5c857ddf4c, replicas: 1, available: 0, ready: 0, current: 1, updated: 1)
2025-01-29 13:38:36,941 INFO c.h.h.t.HelmChartContainer - [hivemq-test-hivemq-platform] [hivemq-platform-operator] [312d3701] 13:38:36.939 [ReconcilerExecutor-hivemq-controller-111] DEBUG c.h.p.o.HiveMQPlatformReconciler - [helmbrok] StatefulSet Spec (replicas: 1, init containers: 1, containers: 1, volumes: 4)
2025-01-29 13:38:36,943 INFO c.h.h.t.HelmChartContainer - [hivemq-test-hivemq-platform] [hivemq-platform-operator] [312d3701] 13:38:36.940 [ReconcilerExecutor-hivemq-controller-111] DEBUG c.h.p.o.h.HiveMQPlatformReconcilerErrorHandler - [helmbrok] Pod 'test-hivemq-platform-0' phase Running
2025-01-29 13:38:36,943 INFO c.h.h.t.HelmChartContainer - [hivemq-test-hivemq-platform] [hivemq-platform-operator] [312d3701] 13:38:36.941 [ReconcilerExecutor-hivemq-controller-111] INFO  c.h.p.o.h.HiveMQPlatformReconcilerBaseHandler - [helmbrok] HiveMQ Platform is starting, 0 of 1 replicas are ready
2025-01-29 13:38:39,314 INFO c.h.h.t.HelmChartContainer - [test-hivemq-platform] [hivemq] [65b48a1c] WARN  - License file license.lic is corrupt.
2025-01-29 13:38:39,315 INFO c.h.h.testcontainer.LogWaiterUtil - TEST Found log pattern on 'test-hivemq-platform-0': .*License file license.lic is corrupt.
2025-01-29 13:38:39,316 INFO c.h.h.t.HelmChartContainer - [test-hivemq-platform] [hivemq] [65b48a1c] INFO  - No valid license file found. Using trial license, restricted to 25 connections.
2025-01-29 13:38:39,411 INFO c.h.h.t.HelmChartContainer - [test-hivemq-platform] [hivemq] [65b48a1c] WARN  - [HiveMQ Platform Operator Init App 1.7.0-SNAPSHOT] Cannot connect to Health API for liveness: null
2025-01-29 13:38:39,412 INFO c.h.h.t.HelmChartContainer - [test-hivemq-platform] [hivemq] [65b48a1c] INFO  - [HiveMQ Platform Operator Init App 1.7.0-SNAPSHOT] Returning default Health API response 200 for liveness
2025-01-29 13:38:41,912 INFO c.h.h.t.HelmChartContainer - [test-hivemq-platform] [hivemq] [65b48a1c] WARN  - [HiveMQ Platform Operator Init App 1.7.0-SNAPSHOT] Cannot connect to Health API for readiness: null
2025-01-29 13:38:41,917 INFO c.h.h.t.HelmChartContainer - [EVENT] Warning [Unhealthy] Readiness probe failed: HTTP probe failed with statuscode: 503 [helmbrokerlicensesit:test-hivemq-platform-0]
2025-01-29 13:38:41,917 INFO c.h.h.t.HelmChartContainer - Received Unhealthy event for container hivemq in pod test-hivemq-platform-0 [65b48a1c-7dec-42fc-ba66-0f5460280323]
2025-01-29 13:38:43,311 INFO c.h.h.t.HelmChartContainer - [test-hivemq-platform] [hivemq] [65b48a1c] INFO  - No valid license file for Data Hub found. Using free license, restricted to 1 policy.
2025-01-29 13:38:44,521 INFO c.h.h.t.HelmChartContainer - [test-hivemq-platform] [hivemq] [65b48a1c] INFO  - Audit Logger started.
2025-01-29 13:38:44,756 INFO c.h.h.t.HelmChartContainer - [test-hivemq-platform] [hivemq] [65b48a1c] INFO  - This node uses '1' CPU cores.
2025-01-29 13:38:44,812 INFO c.h.h.t.HelmChartContainer - [test-hivemq-platform] [hivemq] [65b48a1c] INFO  - Starting HiveMQ Health API on address 0.0.0.0 and port 8889
2025-01-29 13:38:45,615 INFO c.h.h.t.HelmChartContainer - [test-hivemq-platform] [hivemq] [65b48a1c] INFO  - Started HiveMQ Health API in 803ms
2025-01-29 13:38:46,310 INFO c.h.h.t.HelmChartContainer - [test-hivemq-platform] [hivemq] [65b48a1c] INFO  - Starting HiveMQ extension system.
2025-01-29 13:38:46,515 INFO c.h.h.t.HelmChartContainer - [test-hivemq-platform] [hivemq] [65b48a1c] INFO  - Starting extension with id "hivemq-dns-cluster-discovery" at /opt/hivemq/extensions/hivemq-dns-cluster-discovery
2025-01-29 13:38:46,947 INFO c.h.h.t.HelmChartContainer - [hivemq-test-hivemq-platform] [hivemq-platform-operator] [312d3701] 13:38:46.944 [pool-6-thread-37] DEBUG c.h.p.o.d.PlatformServiceResource - [helmbrok] Desired Platform services (3 services)
2025-01-29 13:38:46,947 INFO c.h.h.t.HelmChartContainer - [hivemq-test-hivemq-platform] [hivemq-platform-operator] [312d3701] 13:38:46.945 [pool-6-thread-36] DEBUG c.h.p.o.dependants.PodInfoConfigMap - [helmbrok] Desired PodInfo ConfigMap (1 extensions) (1 enabled)
2025-01-29 13:38:46,947 INFO c.h.h.t.HelmChartContainer - [hivemq-test-hivemq-platform] [hivemq-platform-operator] [312d3701] 13:38:46.945 [pool-6-thread-36] DEBUG c.h.p.o.dependants.PodInfoConfigMap - [helmbrok] Desired PodInfo ConfigMap (metrics port: 9399) (metrics path: /)
2025-01-29 13:38:46,947 INFO c.h.h.t.HelmChartContainer - [hivemq-test-hivemq-platform] [hivemq-platform-operator] [312d3701] 13:38:46.945 [pool-6-thread-36] DEBUG c.h.p.o.dependants.PodInfoConfigMap - [helmbrok] Desired PodInfo ConfigMap (extension state hash: -1817474005)
2025-01-29 13:38:46,949 INFO c.h.h.t.HelmChartContainer - [hivemq-test-hivemq-platform] [hivemq-platform-operator] [312d3701] 13:38:46.947 [pool-6-thread-34] DEBUG c.h.p.o.d.PodServiceAccountResource - [helmbrok] Desired PodServiceAccountResource (serviceAccountName: hivemq-platform-pod-test-hivemq-platform)
2025-01-29 13:38:46,954 INFO c.h.h.t.HelmChartContainer - [hivemq-test-hivemq-platform] [hivemq-platform-operator] [312d3701] 13:38:46.953 [pool-6-thread-40] DEBUG c.h.p.o.d.StatefulSetResource - [helmbrok] Desired StatefulSet (1 replicas) for status STARTING (READY)
2025-01-29 13:38:46,959 INFO c.h.h.t.HelmChartContainer - [hivemq-test-hivemq-platform] [hivemq-platform-operator] [312d3701] 13:38:46.957 [ReconcilerExecutor-hivemq-controller-112] INFO  c.h.p.o.HiveMQPlatformReconciler - [helmbrok] Reconciling HiveMQ Platform 'test-hivemq-platform' in namespace 'helmbrokerlicensesit'
2025-01-29 13:38:46,959 INFO c.h.h.t.HelmChartContainer - [hivemq-test-hivemq-platform] [hivemq-platform-operator] [312d3701] 13:38:46.958 [ReconcilerExecutor-hivemq-controller-112] DEBUG c.h.p.o.HiveMQPlatformReconciler - [helmbrok] Custom Resource Status STARTING - HiveMQ Platform is starting (READY)
2025-01-29 13:38:46,959 INFO c.h.h.t.HelmChartContainer - [hivemq-test-hivemq-platform] [hivemq-platform-operator] [312d3701] 13:38:46.958 [ReconcilerExecutor-hivemq-controller-112] DEBUG c.h.p.o.HiveMQPlatformReconciler - [helmbrok] Custom Resource Spec (replicas: 1) (extensions: 1)
2025-01-29 13:38:46,960 INFO c.h.h.t.HelmChartContainer - [hivemq-test-hivemq-platform] [hivemq-platform-operator] [312d3701] 13:38:46.959 [ReconcilerExecutor-hivemq-controller-112] DEBUG c.h.p.o.HiveMQPlatformReconciler - [helmbrok] StatefulSet Status (revision: test-hivemq-platform-5c857ddf4c, replicas: 1, available: 0, ready: 0, current: 1, updated: 1)
2025-01-29 13:38:46,960 INFO c.h.h.t.HelmChartContainer - [hivemq-test-hivemq-platform] [hivemq-platform-operator] [312d3701] 13:38:46.959 [ReconcilerExecutor-hivemq-controller-112] DEBUG c.h.p.o.HiveMQPlatformReconciler - [helmbrok] StatefulSet Spec (replicas: 1, init containers: 1, containers: 1, volumes: 4)
2025-01-29 13:38:47,020 INFO c.h.h.t.HelmChartContainer - [test-hivemq-platform] [hivemq] [65b48a1c] INFO  - Using TCP cluster transport on address 10.42.0.6 and port 7000
2025-01-29 13:38:47,022 INFO c.h.h.t.HelmChartContainer - [hivemq-test-hivemq-platform] [hivemq-platform-operator] [312d3701] 13:38:47.020 [ReconcilerExecutor-hivemq-controller-112] DEBUG c.h.p.o.h.HiveMQPlatformReconcilerErrorHandler - [helmbrok] Pod 'test-hivemq-platform-0' phase Running
2025-01-29 13:38:47,024 INFO c.h.h.t.HelmChartContainer - [hivemq-test-hivemq-platform] [hivemq-platform-operator] [312d3701] 13:38:47.023 [ReconcilerExecutor-hivemq-controller-112] INFO  c.h.p.o.h.HiveMQPlatformReconcilerBaseHandler - [helmbrok] HiveMQ Platform is starting, 0 of 1 replicas are ready
2025-01-29 13:38:47,112 INFO c.h.h.t.HelmChartContainer - [test-hivemq-platform] [hivemq] [65b48a1c] INFO  - Using extension cluster discovery
2025-01-29 13:38:47,310 INFO c.h.h.t.HelmChartContainer - [test-hivemq-platform] [hivemq] [65b48a1c] INFO  - Extension "DNS Cluster Discovery Extension" version 4.3.2 started successfully.
2025-01-29 13:38:47,312 INFO c.h.h.t.HelmChartContainer - [test-hivemq-platform] [hivemq] [65b48a1c] INFO  - Starting extension with id "hivemq-prometheus-extension" at /opt/hivemq/extensions/hivemq-prometheus-extension
2025-01-29 13:38:47,872 INFO c.h.h.t.HelmChartContainer - [EVENT] Warning [Unhealthy] Readiness probe failed: Get "http://10.42.0.6:7979/readiness": context deadline exceeded (Client.Timeout exceeded while awaiting headers) [helmbrokerlicensesit:test-hivemq-platform-0]
2025-01-29 13:38:47,873 INFO c.h.h.t.HelmChartContainer - Received Unhealthy event for container hivemq in pod test-hivemq-platform-0 [65b48a1c-7dec-42fc-ba66-0f5460280323]
2025-01-29 13:38:48,219 INFO c.h.h.t.HelmChartContainer - [test-hivemq-platform] [hivemq] [65b48a1c] INFO  - [HiveMQ Platform Operator Init App 1.7.0-SNAPSHOT] Returning Health API response 503 for readiness
2025-01-29 13:38:48,914 INFO c.h.h.t.HelmChartContainer - [test-hivemq-platform] [hivemq] [65b48a1c] INFO  - Started Jetty Server exposing Prometheus Servlet on URI http://0.0.0.0:9399/
2025-01-29 13:38:48,914 INFO c.h.h.t.HelmChartContainer - [test-hivemq-platform] [hivemq] [65b48a1c] INFO  - Extension "Prometheus Monitoring Extension" version 4.0.12 started successfully.
2025-01-29 13:38:48,914 INFO c.h.h.t.HelmChartContainer - [test-hivemq-platform] [hivemq] [65b48a1c] INFO  - Starting extension with id "hivemq-allow-all-extension" at /opt/hivemq/extensions/hivemq-allow-all-extension
2025-01-29 13:38:48,915 INFO c.h.h.t.HelmChartContainer - [test-hivemq-platform] [hivemq] [65b48a1c] WARN  - 
2025-01-29 13:38:48,915 INFO c.h.h.t.HelmChartContainer - [test-hivemq-platform] [hivemq] [65b48a1c] ################################################################################################################
2025-01-29 13:38:48,916 INFO c.h.h.t.HelmChartContainer - [test-hivemq-platform] [hivemq] [65b48a1c] # This HiveMQ deployment is not secure! You are lacking Authentication and Authorization.                      #
2025-01-29 13:38:48,916 INFO c.h.h.t.HelmChartContainer - [test-hivemq-platform] [hivemq] [65b48a1c] # Right now any MQTT client can connect to the broker with a full set of permissions.                          #
2025-01-29 13:38:48,916 INFO c.h.h.t.HelmChartContainer - [test-hivemq-platform] [hivemq] [65b48a1c] # For production usage, add an appropriate security extension and remove the hivemq-allow-all extension.       #
2025-01-29 13:38:48,916 INFO c.h.h.t.HelmChartContainer - [test-hivemq-platform] [hivemq] [65b48a1c] # You can download security extensions from the HiveMQ Marketplace (https://www.hivemq.com/extensions/).       #
2025-01-29 13:38:48,916 INFO c.h.h.t.HelmChartContainer - [test-hivemq-platform] [hivemq] [65b48a1c] ################################################################################################################
2025-01-29 13:38:48,916 INFO c.h.h.t.HelmChartContainer - [test-hivemq-platform] [hivemq] [65b48a1c] INFO  - Extension "Allow All Extension" version 1.1.1 started successfully.
2025-01-29 13:38:50,711 INFO c.h.h.t.HelmChartContainer - [test-hivemq-platform] [hivemq] [65b48a1c] INFO  - f1Ol8: no members discovered after 2898 ms: creating cluster as first member
2025-01-29 13:38:50,716 INFO c.h.h.t.HelmChartContainer - [test-hivemq-platform] [hivemq] [65b48a1c] INFO  - Cluster nodes found by discovery: [f1Ol8|0] (1) [f1Ol8].
2025-01-29 13:38:50,811 INFO c.h.h.t.HelmChartContainer - [test-hivemq-platform] [hivemq] [65b48a1c] WARN  - No user for HiveMQ Control Center configured. Starting with default user
2025-01-29 13:38:50,811 INFO c.h.h.t.HelmChartContainer - [test-hivemq-platform] [hivemq] [65b48a1c] INFO  - Starting HiveMQ Control Center on address 0.0.0.0 and port 8080
2025-01-29 13:38:50,817 INFO c.h.h.t.HelmChartContainer - [test-hivemq-platform] [hivemq] [65b48a1c] INFO  - Mounting HiveMQ Control Center V2 Preview
2025-01-29 13:38:51,509 INFO c.h.h.t.HelmChartContainer - [test-hivemq-platform] [hivemq] [65b48a1c] INFO  - Started HiveMQ Control Center in 699ms
2025-01-29 13:38:51,524 INFO c.h.h.t.HelmChartContainer - [test-hivemq-platform] [hivemq] [65b48a1c] INFO  - Starting TCP listener on address 0.0.0.0 and port 1883
2025-01-29 13:38:51,614 INFO c.h.h.t.HelmChartContainer - [test-hivemq-platform] [hivemq] [65b48a1c] INFO  - Started TCP Listener on address 0.0.0.0 and on port 1883.
2025-01-29 13:38:51,614 INFO c.h.h.t.HelmChartContainer - [test-hivemq-platform] [hivemq] [65b48a1c] INFO  - Started HiveMQ in 33005ms
2025-01-29 13:38:51,833 INFO c.h.h.t.HelmChartContainer - [test-hivemq-platform] [hivemq] [65b48a1c] INFO  - [HiveMQ Platform Operator Init App 1.7.0-SNAPSHOT] Returning Health API response 200 for readiness
2025-01-29 13:38:51,849 INFO c.h.h.t.HelmChartContainer - [POD] test-hivemq-platform-0 [65b48a1c-7dec-42fc-ba66-0f5460280323] in helmbrokerlicensesit was MODIFIED
2025-01-29 13:38:51,859 INFO c.h.h.t.HelmChartContainer - [hivemq-test-hivemq-platform] [hivemq-platform-operator] [312d3701] 13:38:51.854 [pool-6-thread-41] DEBUG c.h.p.o.d.PlatformServiceResource - [helmbrok] Desired Platform services (3 services)
2025-01-29 13:38:51,860 INFO c.h.h.t.HelmChartContainer - [hivemq-test-hivemq-platform] [hivemq-platform-operator] [312d3701] 13:38:51.854 [pool-6-thread-42] DEBUG c.h.p.o.dependants.PodInfoConfigMap - [helmbrok] Desired PodInfo ConfigMap (1 extensions) (1 enabled)
2025-01-29 13:38:51,860 INFO c.h.h.t.HelmChartContainer - [hivemq-test-hivemq-platform] [hivemq-platform-operator] [312d3701] 13:38:51.854 [pool-6-thread-42] DEBUG c.h.p.o.dependants.PodInfoConfigMap - [helmbrok] Desired PodInfo ConfigMap (metrics port: 9399) (metrics path: /)
2025-01-29 13:38:51,860 INFO c.h.h.t.HelmChartContainer - [hivemq-test-hivemq-platform] [hivemq-platform-operator] [312d3701] 13:38:51.854 [pool-6-thread-42] DEBUG c.h.p.o.dependants.PodInfoConfigMap - [helmbrok] Desired PodInfo ConfigMap (extension state hash: -1817474005)
2025-01-29 13:38:51,860 INFO c.h.h.t.HelmChartContainer - [hivemq-test-hivemq-platform] [hivemq-platform-operator] [312d3701] 13:38:51.856 [pool-6-thread-43] DEBUG c.h.p.o.d.PodServiceAccountResource - [helmbrok] Desired PodServiceAccountResource (serviceAccountName: hivemq-platform-pod-test-hivemq-platform)
2025-01-29 13:38:51,870 INFO c.h.h.t.HelmChartContainer - [hivemq-test-hivemq-platform] [hivemq-platform-operator] [312d3701] 13:38:51.868 [pool-6-thread-42] DEBUG c.h.p.o.d.StatefulSetResource - [helmbrok] Desired StatefulSet (1 replicas) for status STARTING (READY)
2025-01-29 13:38:51,926 INFO c.h.h.t.HelmChartContainer - [hivemq-test-hivemq-platform] [hivemq-platform-operator] [312d3701] 13:38:51.923 [ReconcilerExecutor-hivemq-controller-113] INFO  c.h.p.o.HiveMQPlatformReconciler - [helmbrok] Reconciling HiveMQ Platform 'test-hivemq-platform' in namespace 'helmbrokerlicensesit'
2025-01-29 13:38:51,926 INFO c.h.h.t.HelmChartContainer - [hivemq-test-hivemq-platform] [hivemq-platform-operator] [312d3701] 13:38:51.923 [ReconcilerExecutor-hivemq-controller-113] DEBUG c.h.p.o.HiveMQPlatformReconciler - [helmbrok] Custom Resource Status STARTING - HiveMQ Platform is starting (READY)
2025-01-29 13:38:51,926 INFO c.h.h.t.HelmChartContainer - [hivemq-test-hivemq-platform] [hivemq-platform-operator] [312d3701] 13:38:51.923 [ReconcilerExecutor-hivemq-controller-113] DEBUG c.h.p.o.HiveMQPlatformReconciler - [helmbrok] Custom Resource Spec (replicas: 1) (extensions: 1)
2025-01-29 13:38:51,928 INFO c.h.h.t.HelmChartContainer - [hivemq-test-hivemq-platform] [hivemq-platform-operator] [312d3701] 13:38:51.927 [ReconcilerExecutor-hivemq-controller-113] DEBUG c.h.p.o.HiveMQPlatformReconciler - [helmbrok] StatefulSet Status (revision: test-hivemq-platform-5c857ddf4c, replicas: 1, available: 1, ready: 1, current: 1, updated: 1)
2025-01-29 13:38:51,930 INFO c.h.h.t.HelmChartContainer - [hivemq-test-hivemq-platform] [hivemq-platform-operator] [312d3701] 13:38:51.927 [ReconcilerExecutor-hivemq-controller-113] DEBUG c.h.p.o.HiveMQPlatformReconciler - [helmbrok] StatefulSet Spec (replicas: 1, init containers: 1, containers: 1, volumes: 4)
2025-01-29 13:38:51,931 INFO c.h.h.t.HelmChartContainer - [hivemq-test-hivemq-platform] [hivemq-platform-operator] [312d3701] 13:38:51.928 [ReconcilerExecutor-hivemq-controller-113] DEBUG c.h.p.o.h.HiveMQPlatformReconcilerErrorHandler - [helmbrok] Pod 'test-hivemq-platform-0' phase Running
2025-01-29 13:38:51,932 INFO c.h.h.t.HelmChartContainer - [hivemq-test-hivemq-platform] [hivemq-platform-operator] [312d3701] 13:38:51.929 [ReconcilerExecutor-hivemq-controller-113] INFO  c.h.p.o.h.HiveMQPlatformReconcilerBaseHandler - [helmbrok] HiveMQ Platform started successfully
2025-01-29 13:38:52,032 INFO c.h.h.t.HelmChartContainer - [hivemq-test-hivemq-platform] [hivemq-platform-operator] [312d3701] 13:38:52.031 [ReconcilerExecutor-hivemq-controller-113] DEBUG c.h.p.operator.event.EventSender - [helmbrok] Creating K8s event hivemq-platform-ready: [Ready] HiveMQ Platform is ready
2025-01-29 13:38:52,036 INFO c.h.h.t.HelmChartContainer - [EVENT] Normal [Ready] HiveMQ Platform is ready [helmbrokerlicensesit:test-hivemq-platform]
2025-01-29 13:38:52,036 INFO c.h.h.t.HelmChartContainer - [hivemq-test-hivemq-platform] [hivemq-platform-operator] [312d3701] 13:38:52.036 [ReconcilerExecutor-hivemq-controller-113] INFO  c.h.p.o.h.AbstractHiveMQReconcilerStateHandler - [helmbrok] Update HiveMQ Platform Status (STARTING [READY] -> RUNNING [READY]): HiveMQ Platform is ready
2025-01-29 13:38:52,045 DEBUG com.hivemq.helmcharts.util.K8sUtil - Comparing actual state 'RUNNING' and waiting for 'RUNNING'
2025-01-29 13:38:52,051 INFO c.h.h.t.HelmChartContainer - [hivemq-test-hivemq-platform] [hivemq-platform-operator] [312d3701] 13:38:52.049 [pool-6-thread-4] DEBUG c.h.p.o.d.PlatformServiceResource - [helmbrok] Desired Platform services (3 services)
2025-01-29 13:38:52,052 INFO c.h.h.t.HelmChartContainer - [hivemq-test-hivemq-platform] [hivemq-platform-operator] [312d3701] 13:38:52.050 [pool-6-thread-7] DEBUG c.h.p.o.d.PodServiceAccountResource - [helmbrok] Desired PodServiceAccountResource (serviceAccountName: hivemq-platform-pod-test-hivemq-platform)
2025-01-29 13:38:52,054 INFO c.h.h.t.HelmChartContainer - [hivemq-test-hivemq-platform] [hivemq-platform-operator] [312d3701] 13:38:52.053 [pool-6-thread-1] DEBUG c.h.p.o.dependants.PodInfoConfigMap - [helmbrok] Desired PodInfo ConfigMap (1 extensions) (1 enabled)
2025-01-29 13:38:52,054 INFO c.h.h.t.HelmChartContainer - [hivemq-test-hivemq-platform] [hivemq-platform-operator] [312d3701] 13:38:52.053 [pool-6-thread-1] DEBUG c.h.p.o.dependants.PodInfoConfigMap - [helmbrok] Desired PodInfo ConfigMap (metrics port: 9399) (metrics path: /)
2025-01-29 13:38:52,055 INFO c.h.h.t.HelmChartContainer - [hivemq-test-hivemq-platform] [hivemq-platform-operator] [312d3701] 13:38:52.053 [pool-6-thread-1] DEBUG c.h.p.o.dependants.PodInfoConfigMap - [helmbrok] Desired PodInfo ConfigMap (extension state hash: -1817474005)
2025-01-29 13:38:52,055 INFO c.h.h.t.HelmChartContainer - [hivemq-test-hivemq-platform] [hivemq-platform-operator] [312d3701] 13:38:52.054 [pool-6-thread-1] DEBUG c.h.p.o.dependants.PodInfoConfigMap - [helmbrok] Update PodInfo ConfigMap
2025-01-29 13:38:52,130 INFO c.h.h.t.HelmChartContainer - [hivemq-test-hivemq-platform] [hivemq-platform-operator] [312d3701] 13:38:52.128 [pool-6-thread-1] DEBUG c.h.p.o.d.StatefulSetResource - [helmbrok] Desired StatefulSet (1 replicas) for status RUNNING (READY)
2025-01-29 13:38:52,135 INFO c.h.h.t.HelmChartContainer - [hivemq-test-hivemq-platform] [hivemq-platform-operator] [312d3701] 13:38:52.132 [ReconcilerExecutor-hivemq-controller-114] INFO  c.h.p.o.HiveMQPlatformReconciler - [helmbrok] Reconciling HiveMQ Platform 'test-hivemq-platform' in namespace 'helmbrokerlicensesit'
2025-01-29 13:38:52,135 INFO c.h.h.t.HelmChartContainer - [hivemq-test-hivemq-platform] [hivemq-platform-operator] [312d3701] 13:38:52.132 [ReconcilerExecutor-hivemq-controller-114] DEBUG c.h.p.o.HiveMQPlatformReconciler - [helmbrok] Custom Resource Status RUNNING - HiveMQ Platform is ready (READY)
2025-01-29 13:38:52,135 INFO c.h.h.t.HelmChartContainer - [hivemq-test-hivemq-platform] [hivemq-platform-operator] [312d3701] 13:38:52.132 [ReconcilerExecutor-hivemq-controller-114] DEBUG c.h.p.o.HiveMQPlatformReconciler - [helmbrok] Custom Resource Spec (replicas: 1) (extensions: 1)
2025-01-29 13:38:52,135 INFO c.h.h.t.HelmChartContainer - [hivemq-test-hivemq-platform] [hivemq-platform-operator] [312d3701] 13:38:52.134 [ReconcilerExecutor-hivemq-controller-114] DEBUG c.h.p.o.HiveMQPlatformReconciler - [helmbrok] StatefulSet Status (revision: test-hivemq-platform-5c857ddf4c, replicas: 1, available: 1, ready: 1, current: 1, updated: 1)
2025-01-29 13:38:52,136 INFO c.h.h.t.HelmChartContainer - [hivemq-test-hivemq-platform] [hivemq-platform-operator] [312d3701] 13:38:52.134 [ReconcilerExecutor-hivemq-controller-114] DEBUG c.h.p.o.HiveMQPlatformReconciler - [helmbrok] StatefulSet Spec (replicas: 1, init containers: 1, containers: 1, volumes: 4)
2025-01-29 13:38:52,136 INFO c.h.h.t.HelmChartContainer - [hivemq-test-hivemq-platform] [hivemq-platform-operator] [312d3701] 13:38:52.135 [ReconcilerExecutor-hivemq-controller-114] DEBUG c.h.p.o.h.HiveMQPlatformReconcilerErrorHandler - [helmbrok] Pod 'test-hivemq-platform-0' phase Running
2025-01-29 13:38:56,095 INFO c.h.h.t.HelmChartContainer - Uninstalling release 'test-hivemq-platform' in namespace 'helmbrokerlicensesit'...
2025-01-29 13:38:56,095 DEBUG c.h.h.t.HelmChartContainer - Executing helm command: /bin/helm --kubeconfig /etc/rancher/k3s/k3s.yaml uninstall test-hivemq-platform  --wait --timeout 5m0s --cascade foreground --namespace helmbrokerlicensesit
2025-01-29 13:38:56,284 INFO c.h.h.t.HelmChartContainer - [hivemq-test-hivemq-platform] [hivemq-platform-operator] [312d3701] 13:38:56.275 [pool-6-thread-18] DEBUG c.h.p.o.d.PlatformServiceResource - [helmbrok] Desired Platform services (3 services)
2025-01-29 13:38:56,284 INFO c.h.h.t.HelmChartContainer - [hivemq-test-hivemq-platform] [hivemq-platform-operator] [312d3701] 13:38:56.276 [pool-6-thread-13] DEBUG c.h.p.o.dependants.PodInfoConfigMap - [helmbrok] Desired PodInfo ConfigMap (1 extensions) (1 enabled)
2025-01-29 13:38:56,284 INFO c.h.h.t.HelmChartContainer - [hivemq-test-hivemq-platform] [hivemq-platform-operator] [312d3701] 13:38:56.276 [pool-6-thread-13] DEBUG c.h.p.o.dependants.PodInfoConfigMap - [helmbrok] Desired PodInfo ConfigMap (metrics port: 9399) (metrics path: /)
2025-01-29 13:38:56,285 INFO c.h.h.t.HelmChartContainer - [hivemq-test-hivemq-platform] [hivemq-platform-operator] [312d3701] 13:38:56.276 [pool-6-thread-13] DEBUG c.h.p.o.dependants.PodInfoConfigMap - [helmbrok] Desired PodInfo ConfigMap (extension state hash: -1817474005)
2025-01-29 13:38:56,285 INFO c.h.h.t.HelmChartContainer - [hivemq-test-hivemq-platform] [hivemq-platform-operator] [312d3701] 13:38:56.279 [pool-6-thread-17] DEBUG c.h.p.o.d.PodServiceAccountResource - [helmbrok] Desired PodServiceAccountResource (serviceAccountName: hivemq-platform-pod-test-hivemq-platform)
2025-01-29 13:38:56,324 INFO c.h.h.t.HelmChartContainer - [hivemq-test-hivemq-platform] [hivemq-platform-operator] [312d3701] 13:38:56.322 [pool-6-thread-18] DEBUG c.h.p.o.d.StatefulSetResource - [helmbrok] Desired StatefulSet (1 replicas) for status RUNNING (READY)
2025-01-29 13:38:56,328 INFO c.h.h.t.HelmChartContainer - [hivemq-test-hivemq-platform] [hivemq-platform-operator] [312d3701] 13:38:56.326 [ReconcilerExecutor-hivemq-controller-115] INFO  c.h.p.o.HiveMQPlatformReconciler - [helmbrok] Reconciling HiveMQ Platform 'test-hivemq-platform' in namespace 'helmbrokerlicensesit'
2025-01-29 13:38:56,329 INFO c.h.h.t.HelmChartContainer - [hivemq-test-hivemq-platform] [hivemq-platform-operator] [312d3701] 13:38:56.326 [ReconcilerExecutor-hivemq-controller-115] DEBUG c.h.p.o.HiveMQPlatformReconciler - [helmbrok] Custom Resource Status RUNNING - HiveMQ Platform is ready (READY)
2025-01-29 13:38:56,329 INFO c.h.h.t.HelmChartContainer - [hivemq-test-hivemq-platform] [hivemq-platform-operator] [312d3701] 13:38:56.326 [ReconcilerExecutor-hivemq-controller-115] DEBUG c.h.p.o.HiveMQPlatformReconciler - [helmbrok] Custom Resource Spec (replicas: 1) (extensions: 1)
2025-01-29 13:38:56,332 INFO c.h.h.t.HelmChartContainer - [hivemq-test-hivemq-platform] [hivemq-platform-operator] [312d3701] 13:38:56.328 [ReconcilerExecutor-hivemq-controller-115] DEBUG c.h.p.o.HiveMQPlatformReconciler - [helmbrok] StatefulSet Status (revision: test-hivemq-platform-5c857ddf4c, replicas: 1, available: 1, ready: 1, current: 1, updated: 1)
2025-01-29 13:38:56,332 INFO c.h.h.t.HelmChartContainer - [hivemq-test-hivemq-platform] [hivemq-platform-operator] [312d3701] 13:38:56.328 [ReconcilerExecutor-hivemq-controller-115] DEBUG c.h.p.o.HiveMQPlatformReconciler - [helmbrok] StatefulSet Spec (replicas: 1, init containers: 1, containers: 1, volumes: 4)
2025-01-29 13:38:56,332 INFO c.h.h.t.HelmChartContainer - [hivemq-test-hivemq-platform] [hivemq-platform-operator] [312d3701] 13:38:56.329 [ReconcilerExecutor-hivemq-controller-115] DEBUG c.h.p.o.h.HiveMQPlatformReconcilerErrorHandler - [helmbrok] Pod 'test-hivemq-platform-0' phase Running
2025-01-29 13:38:56,332 INFO c.h.h.t.HelmChartContainer - [hivemq-test-hivemq-platform] [hivemq-platform-operator] [312d3701] 13:38:56.329 [ReconcilerExecutor-hivemq-controller-115] DEBUG c.h.p.o.HiveMQPlatformReconciler - [helmbrok] PodInfoConfigMap is not ready yet
2025-01-29 13:38:56,336 INFO c.h.h.t.HelmChartContainer - [hivemq-test-hivemq-platform] [hivemq-platform-operator] [312d3701] 13:38:56.336 [ReconcilerExecutor-hivemq-controller-120] INFO  c.h.p.o.HiveMQPlatformReconciler - [helmbrok] Cleanup test-hivemq-platform - helmbrokerlicensesit HiveMQ Platform is shut down
2025-01-29 13:38:57,039 INFO c.h.h.t.HelmChartContainer - [EVENT] Normal [Killing] Stopping container hivemq [helmbrokerlicensesit:test-hivemq-platform-0]
2025-01-29 13:38:57,040 INFO c.h.h.t.HelmChartContainer - [POD] test-hivemq-platform-0 [65b48a1c-7dec-42fc-ba66-0f5460280323] in helmbrokerlicensesit was MODIFIED
2025-01-29 13:38:57,040 INFO c.h.h.t.HelmChartContainer - Received Killing event for container hivemq in pod test-hivemq-platform-0 [65b48a1c-7dec-42fc-ba66-0f5460280323]
2025-01-29 13:38:57,040 INFO c.h.h.t.HelmChartContainer - Container [test-hivemq-platform-0] [hivemq] [65b48a1c-7dec-42fc-ba66-0f5460280323] was terminated
2025-01-29 13:38:57,040 INFO c.h.h.t.HelmChartContainer - Stopped log watcher for hivemq in pod test-hivemq-platform-0 [65b48a1c-7dec-42fc-ba66-0f5460280323]
2025-01-29 13:38:57,051 INFO c.h.h.t.HelmChartContainer - [test-hivemq-platform] [hivemq] [65b48a1c] INFO  - [HiveMQ Platform Operator Init App 1.7.0-SNAPSHOT] Shutting down
2025-01-29 13:38:57,051 INFO c.h.h.t.HelmChartContainer - [test-hivemq-platform] [hivemq] [65b48a1c] INFO  - [HiveMQ Platform Operator Init App 1.7.0-SNAPSHOT] Stopping the HiveMQ Platform
2025-01-29 13:38:57,123 INFO c.h.h.t.HelmChartContainer - [test-hivemq-platform] [hivemq] [65b48a1c] INFO  - Shutting down HiveMQ. Please wait, this could take a while...
2025-01-29 13:38:57,126 INFO c.h.h.t.HelmChartContainer - [test-hivemq-platform] [hivemq] [65b48a1c] INFO  - Shutting down listeners and clients
2025-01-29 13:38:57,210 INFO c.h.h.t.HelmChartContainer - [test-hivemq-platform] [hivemq] [65b48a1c] INFO  - Shutdown of listeners is done
2025-01-29 13:38:57,211 INFO c.h.h.t.HelmChartContainer - [test-hivemq-platform] [hivemq] [65b48a1c] INFO  - No clients are connected, proceeding with shutdown
2025-01-29 13:38:57,224 INFO c.h.h.t.HelmChartContainer - [K3S] [authentication.go:74] "Unable to authenticate the request" err="[invalid bearer token, serviceaccounts \"hivemq-platform-pod-test-hivemq-platform\" not found]"
2025-01-29 13:38:57,312 INFO c.h.h.t.HelmChartContainer - [K3S] [authentication.go:74] "Unable to authenticate the request" err="[invalid bearer token, serviceaccounts \"hivemq-platform-pod-test-hivemq-platform\" not found]"
2025-01-29 13:38:57,323 INFO c.h.h.t.HelmChartContainer - [test-hivemq-platform] [hivemq] [65b48a1c] WARN  - [HiveMQ Platform Operator Init App 1.7.0-SNAPSHOT] Could not update Pod annotations: Failure executing: GET at: https://10.43.0.1:443/api/v1/namespaces/helmbrokerlicensesit/pods/test-hivemq-platform-0. Message: Unauthorized. Received status: Status(apiVersion=v1, code=401, details=null, kind=Status, message=Unauthorized, metadata=ListMeta(_continue=null, remainingItemCount=null, resourceVersion=null, selfLink=null, additionalProperties={}), reason=Unauthorized, status=Failure, additionalProperties={}).
2025-01-29 13:38:58,332 INFO c.h.h.t.HelmChartContainer - Deleting namespace 'helmbrokerlicensesit'...
2025-01-29 13:39:00,316 INFO c.h.h.t.HelmChartContainer - [test-hivemq-platform] [hivemq] [65b48a1c] INFO  - Shutting down extension system
2025-01-29 13:39:00,324 INFO c.h.h.t.HelmChartContainer - [test-hivemq-platform] [hivemq] [65b48a1c] INFO  - Stopping extension with id hivemq-dns-cluster-discovery
2025-01-29 13:39:00,324 INFO c.h.h.t.HelmChartContainer - [test-hivemq-platform] [hivemq] [65b48a1c] INFO  - Extension "DNS Cluster Discovery Extension" version 4.3.2 stopped successfully.
2025-01-29 13:39:00,324 INFO c.h.h.t.HelmChartContainer - [test-hivemq-platform] [hivemq] [65b48a1c] INFO  - Stopping extension with id hivemq-prometheus-extension
2025-01-29 13:39:00,329 INFO c.h.h.t.HelmChartContainer - [test-hivemq-platform] [hivemq] [65b48a1c] INFO  - Extension "Prometheus Monitoring Extension" version 4.0.12 stopped successfully.
2025-01-29 13:39:00,332 INFO c.h.h.t.HelmChartContainer - [test-hivemq-platform] [hivemq] [65b48a1c] INFO  - Stopping extension with id hivemq-allow-all-extension
2025-01-29 13:39:00,333 INFO c.h.h.t.HelmChartContainer - [test-hivemq-platform] [hivemq] [65b48a1c] INFO  - Extension "Allow All Extension" version 1.1.1 stopped successfully.
2025-01-29 13:39:01,829 INFO c.h.h.t.HelmChartContainer - [test-hivemq-platform] [hivemq] [65b48a1c] INFO  - [HiveMQ Platform Operator Init App 1.7.0-SNAPSHOT] Returning shutdown Health API response 503 for readiness
2025-01-29 13:39:01,833 INFO c.h.h.t.HelmChartContainer - [EVENT] Warning [Unhealthy] Readiness probe failed: HTTP probe failed with statuscode: 503 [helmbrokerlicensesit:test-hivemq-platform-0]
2025-01-29 13:39:01,833 INFO c.h.h.t.HelmChartContainer - Received Unhealthy event for container hivemq in pod test-hivemq-platform-0 [65b48a1c-7dec-42fc-ba66-0f5460280323]
2025-01-29 13:39:02,326 INFO c.h.h.t.HelmChartContainer - [K3S] [authentication.go:74] "Unable to authenticate the request" err="[invalid bearer token, serviceaccounts \"hivemq-platform-pod-test-hivemq-platform\" not found]"
2025-01-29 13:39:02,337 INFO c.h.h.t.HelmChartContainer - [K3S] [authentication.go:74] "Unable to authenticate the request" err="[invalid bearer token, serviceaccounts \"hivemq-platform-pod-test-hivemq-platform\" not found]"
2025-01-29 13:39:02,339 INFO c.h.h.t.HelmChartContainer - [test-hivemq-platform] [hivemq] [65b48a1c] WARN  - [HiveMQ Platform Operator Init App 1.7.0-SNAPSHOT] Could not update Pod annotations: Failure executing: GET at: https://10.43.0.1:443/api/v1/namespaces/helmbrokerlicensesit/pods/test-hivemq-platform-0. Message: Unauthorized. Received status: Status(apiVersion=v1, code=401, details=null, kind=Status, message=Unauthorized, metadata=ListMeta(_continue=null, remainingItemCount=null, resourceVersion=null, selfLink=null, additionalProperties={}), reason=Unauthorized, status=Failure, additionalProperties={}).
2025-01-29 13:39:02,680 INFO c.h.h.t.HelmChartContainer - [test-hivemq-platform] [hivemq] [65b48a1c] INFO  - Shutdown completed.
2025-01-29 13:39:03,027 INFO c.h.h.t.HelmChartContainer - [test-hivemq-platform] [hivemq] [65b48a1c] INFO  - [HiveMQ Platform Operator Init App 1.7.0-SNAPSHOT] The HiveMQ Platform exited with code 143
2025-01-29 13:39:03,027 INFO c.h.h.t.HelmChartContainer - [test-hivemq-platform] [hivemq] [65b48a1c] INFO  - [HiveMQ Platform Operator Init App 1.7.0-SNAPSHOT] Stopping the REST API
2025-01-29 13:39:03,034 INFO c.h.h.t.HelmChartContainer - [test-hivemq-platform] [hivemq] [65b48a1c] INFO  - [HiveMQ Platform Operator Init App 1.7.0-SNAPSHOT] Shutdown complete
2025-01-29 13:39:03,495 INFO c.h.h.t.HelmChartContainer - [K3S] [stateful_set.go:466] "StatefulSet has been deleted" key="helmbrokerlicensesit/test-hivemq-platform"
2025-01-29 13:39:03,533 INFO c.h.h.t.HelmChartContainer - [POD] test-hivemq-platform-0 [65b48a1c-7dec-42fc-ba66-0f5460280323] in helmbrokerlicensesit was MODIFIED
2025-01-29 13:39:03,542 INFO c.h.h.t.HelmChartContainer - [K3S] [reconciler_common.go:162] "operationExecutor.UnmountVolume started for volume \"broker-configuration\" (UniqueName: \"kubernetes.io/configmap/65b48a1c-7dec-42fc-ba66-0f5460280323-broker-configuration\") pod \"65b48a1c-7dec-42fc-ba66-0f5460280323\" (UID: \"65b48a1c-7dec-42fc-ba66-0f5460280323\") "
2025-01-29 13:39:03,542 INFO c.h.h.t.HelmChartContainer - [K3S] [reconciler_common.go:162] "operationExecutor.UnmountVolume started for volume \"kube-api-access-kzrnw\" (UniqueName: \"kubernetes.io/projected/65b48a1c-7dec-42fc-ba66-0f5460280323-kube-api-access-kzrnw\") pod \"65b48a1c-7dec-42fc-ba66-0f5460280323\" (UID: \"65b48a1c-7dec-42fc-ba66-0f5460280323\") "
2025-01-29 13:39:03,543 INFO c.h.h.t.HelmChartContainer - [K3S] [reconciler_common.go:162] "operationExecutor.UnmountVolume started for volume \"pod-info\" (UniqueName: \"kubernetes.io/configmap/65b48a1c-7dec-42fc-ba66-0f5460280323-pod-info\") pod \"65b48a1c-7dec-42fc-ba66-0f5460280323\" (UID: \"65b48a1c-7dec-42fc-ba66-0f5460280323\") "
2025-01-29 13:39:03,543 INFO c.h.h.t.HelmChartContainer - [K3S] [reconciler_common.go:162] "operationExecutor.UnmountVolume started for volume \"operator-init\" (UniqueName: \"kubernetes.io/empty-dir/65b48a1c-7dec-42fc-ba66-0f5460280323-operator-init\") pod \"65b48a1c-7dec-42fc-ba66-0f5460280323\" (UID: \"65b48a1c-7dec-42fc-ba66-0f5460280323\") "
2025-01-29 13:39:03,543 INFO c.h.h.t.HelmChartContainer - [K3S] [reconciler_common.go:162] "operationExecutor.UnmountVolume started for volume \"licenses\" (UniqueName: \"kubernetes.io/secret/65b48a1c-7dec-42fc-ba66-0f5460280323-licenses\") pod \"65b48a1c-7dec-42fc-ba66-0f5460280323\" (UID: \"65b48a1c-7dec-42fc-ba66-0f5460280323\") "
2025-01-29 13:39:03,643 INFO c.h.h.t.HelmChartContainer - [K3S] [reconciler_common.go:299] "Volume detached for volume \"pod-info\" (UniqueName: \"kubernetes.io/configmap/65b48a1c-7dec-42fc-ba66-0f5460280323-pod-info\") on node \"0e5534e18bbb\" DevicePath \"\""
2025-01-29 13:39:03,643 INFO c.h.h.t.HelmChartContainer - [K3S] [reconciler_common.go:299] "Volume detached for volume \"operator-init\" (UniqueName: \"kubernetes.io/empty-dir/65b48a1c-7dec-42fc-ba66-0f5460280323-operator-init\") on node \"0e5534e18bbb\" DevicePath \"\""
2025-01-29 13:39:03,643 INFO c.h.h.t.HelmChartContainer - [K3S] [reconciler_common.go:299] "Volume detached for volume \"licenses\" (UniqueName: \"kubernetes.io/secret/65b48a1c-7dec-42fc-ba66-0f5460280323-licenses\") on node \"0e5534e18bbb\" DevicePath \"\""
2025-01-29 13:39:03,643 INFO c.h.h.t.HelmChartContainer - [K3S] [reconciler_common.go:299] "Volume detached for volume \"broker-configuration\" (UniqueName: \"kubernetes.io/configmap/65b48a1c-7dec-42fc-ba66-0f5460280323-broker-configuration\") on node \"0e5534e18bbb\" DevicePath \"\""
2025-01-29 13:39:03,643 INFO c.h.h.t.HelmChartContainer - [K3S] [reconciler_common.go:299] "Volume detached for volume \"kube-api-access-kzrnw\" (UniqueName: \"kubernetes.io/projected/65b48a1c-7dec-42fc-ba66-0f5460280323-kube-api-access-kzrnw\") on node \"0e5534e18bbb\" DevicePath \"\""
2025-01-29 13:39:04,339 INFO c.h.h.t.HelmChartContainer - [K3S] [scope.go:117] "RemoveContainer" containerID="010729b5ed2e0b2ef123bc550acd7ca920870c61a01823c4e0f30519a237a08f"
2025-01-29 13:39:04,357 INFO c.h.h.t.HelmChartContainer - [POD] test-hivemq-platform-0 [65b48a1c-7dec-42fc-ba66-0f5460280323] in helmbrokerlicensesit was MODIFIED
2025-01-29 13:39:04,359 INFO c.h.h.t.HelmChartContainer - [POD] test-hivemq-platform-0 [65b48a1c-7dec-42fc-ba66-0f5460280323] in helmbrokerlicensesit was DELETED
2025-01-29 13:39:04,441 INFO c.h.h.t.HelmChartContainer - [K3S] [scope.go:117] "RemoveContainer" containerID="c61585366cf14ed9ab69cbedd26976f61aad53045584ec43eddf2fe062c7b243"
2025-01-29 13:39:04,444 INFO c.h.h.t.HelmChartContainer - [K3S] [scope.go:117] "RemoveContainer" containerID="010729b5ed2e0b2ef123bc550acd7ca920870c61a01823c4e0f30519a237a08f"
2025-01-29 13:39:04,445 INFO c.h.h.t.HelmChartContainer - [K3S] [scope.go:117] "RemoveContainer" containerID="c61585366cf14ed9ab69cbedd26976f61aad53045584ec43eddf2fe062c7b243"
2025-01-29 13:39:05,155 INFO c.h.h.t.HelmChartContainer - [K3S] [kubelet_volumes.go:163] "Cleaned up orphaned pod volumes dir" podUID="65b48a1c-7dec-42fc-ba66-0f5460280323" path="/var/lib/kubelet/pods/65b48a1c-7dec-42fc-ba66-0f5460280323/volumes"
2025-01-29 13:39:08,676 INFO c.h.h.t.HelmChartContainer - Namespace 'helmbrokerlicensesit' deleted
2025-01-29 13:39:08,677 INFO c.h.h.t.HelmChartContainer - Release 'test-hivemq-platform' in namespace 'helmbrokerlicensesit' is uninstalled
2025-01-29 13:39:08,677 INFO c.h.h.t.HelmChartContainer - Uninstalling release 'test-hivemq-platform-operator' in namespace 'helmbrokerlicensesit-operator'...
2025-01-29 13:39:08,677 DEBUG c.h.h.t.HelmChartContainer - Executing helm command: /bin/helm --kubeconfig /etc/rancher/k3s/k3s.yaml uninstall test-hivemq-platform-operator  --wait --timeout 5m0s --cascade foreground --namespace helmbrokerlicensesit-operator
2025-01-29 13:39:08,891 INFO c.h.h.t.HelmChartContainer - [K3S] [replica_set.go:679] "Finished syncing" kind="ReplicaSet" key="helmbrokerlicensesit-operator/hivemq-test-hivemq-platform-operator-6966f96d65" duration="27.960514ms"
2025-01-29 13:39:08,892 INFO c.h.h.t.HelmChartContainer - [K3S] [replica_set.go:679] "Finished syncing" kind="ReplicaSet" key="helmbrokerlicensesit-operator/hivemq-test-hivemq-platform-operator-6966f96d65" duration="55.864µs"
2025-01-29 13:39:08,899 INFO c.h.h.t.HelmChartContainer - [POD] hivemq-test-hivemq-platform-operator-6966f96d65-62wvv [312d3701-7a66-476e-aa79-94c041682646] in helmbrokerlicensesit-operator was MODIFIED
2025-01-29 13:39:08,919 INFO c.h.h.t.HelmChartContainer - [EVENT] Normal [Killing] Stopping container hivemq-platform-operator [helmbrokerlicensesit-operator:hivemq-test-hivemq-platform-operator-6966f96d65-62wvv]
2025-01-29 13:39:08,919 INFO c.h.h.t.HelmChartContainer - Received Killing event for container hivemq-platform-operator in pod hivemq-test-hivemq-platform-operator-6966f96d65-62wvv [312d3701-7a66-476e-aa79-94c041682646]
2025-01-29 13:39:08,919 INFO c.h.h.t.HelmChartContainer - Container [hivemq-test-hivemq-platform-operator-6966f96d65-62wvv] [hivemq-platform-operator] [312d3701-7a66-476e-aa79-94c041682646] was terminated
2025-01-29 13:39:08,919 INFO c.h.h.t.HelmChartContainer - Stopped log watcher for hivemq-platform-operator in pod hivemq-test-hivemq-platform-operator-6966f96d65-62wvv [312d3701-7a66-476e-aa79-94c041682646]
2025-01-29 13:39:08,922 INFO c.h.h.t.HelmChartContainer - [K3S] [replica_set.go:679] "Finished syncing" kind="ReplicaSet" key="helmbrokerlicensesit-operator/hivemq-test-hivemq-platform-operator-6966f96d65" duration="18.602455ms"
2025-01-29 13:39:08,922 INFO c.h.h.t.HelmChartContainer - [K3S] [replica_set.go:679] "Finished syncing" kind="ReplicaSet" key="helmbrokerlicensesit-operator/hivemq-test-hivemq-platform-operator-6966f96d65" duration="36.007µs"
2025-01-29 13:39:08,945 INFO c.h.h.t.HelmChartContainer - [hivemq-test-hivemq-platform] [hivemq-platform-operator] [312d3701] 13:39:08.943 [application-shutdown-thread] INFO  c.h.p.o.HiveMQPlatformOperatorApplication - HiveMQ Platform Operator is stopping...
2025-01-29 13:39:08,945 INFO c.h.h.t.HelmChartContainer - [hivemq-test-hivemq-platform] [hivemq-platform-operator] [312d3701] 13:39:08.943 [application-shutdown-thread] INFO  i.javaoperatorsdk.operator.Operator - Operator SDK 4.9.7 is shutting down...
2025-01-29 13:39:09,550 INFO c.h.h.t.HelmChartContainer - [K3S] [replica_set.go:679] "Finished syncing" kind="ReplicaSet" key="helmbrokerlicensesit-operator/hivemq-test-hivemq-platform-operator-6966f96d65" duration="38.632µs"
2025-01-29 13:39:09,551 INFO c.h.h.t.HelmChartContainer - [POD] hivemq-test-hivemq-platform-operator-6966f96d65-62wvv [312d3701-7a66-476e-aa79-94c041682646] in helmbrokerlicensesit-operator was MODIFIED
2025-01-29 13:39:09,577 INFO c.h.h.t.HelmChartContainer - [K3S] [reconciler_common.go:162] "operationExecutor.UnmountVolume started for volume \"kube-api-access-xzfdd\" (UniqueName: \"kubernetes.io/projected/312d3701-7a66-476e-aa79-94c041682646-kube-api-access-xzfdd\") pod \"312d3701-7a66-476e-aa79-94c041682646\" (UID: \"312d3701-7a66-476e-aa79-94c041682646\") "
2025-01-29 13:39:09,678 INFO c.h.h.t.HelmChartContainer - [K3S] [reconciler_common.go:299] "Volume detached for volume \"kube-api-access-xzfdd\" (UniqueName: \"kubernetes.io/projected/312d3701-7a66-476e-aa79-94c041682646-kube-api-access-xzfdd\") on node \"0e5534e18bbb\" DevicePath \"\""
2025-01-29 13:39:10,347 INFO c.h.h.t.HelmChartContainer - [K3S] [scope.go:117] "RemoveContainer" containerID="84223979ed36047c6d3691084b6c513ad3eac1a29b93efd02dd50d668c145e1f"
2025-01-29 13:39:10,351 INFO c.h.h.t.HelmChartContainer - [K3S] [scope.go:117] "RemoveContainer" containerID="84223979ed36047c6d3691084b6c513ad3eac1a29b93efd02dd50d668c145e1f"
2025-01-29 13:39:10,359 INFO c.h.h.t.HelmChartContainer - [K3S] [replica_set.go:679] "Finished syncing" kind="ReplicaSet" key="helmbrokerlicensesit-operator/hivemq-test-hivemq-platform-operator-6966f96d65" duration="42.65µs"
2025-01-29 13:39:10,360 INFO c.h.h.t.HelmChartContainer - [POD] hivemq-test-hivemq-platform-operator-6966f96d65-62wvv [312d3701-7a66-476e-aa79-94c041682646] in helmbrokerlicensesit-operator was MODIFIED
2025-01-29 13:39:10,362 INFO c.h.h.t.HelmChartContainer - [K3S] [replica_set.go:679] "Finished syncing" kind="ReplicaSet" key="helmbrokerlicensesit-operator/hivemq-test-hivemq-platform-operator-6966f96d65" duration="27.602µs"
2025-01-29 13:39:10,365 INFO c.h.h.t.HelmChartContainer - [POD] hivemq-test-hivemq-platform-operator-6966f96d65-62wvv [312d3701-7a66-476e-aa79-94c041682646] in helmbrokerlicensesit-operator was DELETED
2025-01-29 13:39:10,373 INFO c.h.h.t.HelmChartContainer - [K3S] [replica_set.go:679] "Finished syncing" kind="ReplicaSet" key="helmbrokerlicensesit-operator/hivemq-test-hivemq-platform-operator-6966f96d65" duration="6.171µs"
2025-01-29 13:39:10,875 INFO c.h.h.t.HelmChartContainer - Deleting namespace 'helmbrokerlicensesit-operator'...
2025-01-29 13:39:11,155 INFO c.h.h.t.HelmChartContainer - [K3S] [kubelet_volumes.go:163] "Cleaned up orphaned pod volumes dir" podUID="312d3701-7a66-476e-aa79-94c041682646" path="/var/lib/kubelet/pods/312d3701-7a66-476e-aa79-94c041682646/volumes"
2025-01-29 13:39:13,601 INFO c.h.h.t.HelmChartContainer - [K3S] [namespace_controller.go:187] "Namespace has been deleted" namespace="helmbrokerlicensesit"
2025-01-29 13:39:16,100 INFO c.h.h.t.HelmChartContainer - Namespace 'helmbrokerlicensesit-operator' deleted
2025-01-29 13:39:16,100 INFO c.h.h.t.HelmChartContainer - Release 'test-hivemq-platform-operator' in namespace 'helmbrokerlicensesit-operator' is uninstalled
2025-01-29 13:39:16,809 INFO c.h.helmcharts.AbstractHelmChartIT - Removed unused containers:

2025-01-29 13:39:20,995 INFO c.h.h.t.HelmChartContainer - [K3S] [namespace_controller.go:187] "Namespace has been deleted" namespace="helmbrokerlicensesit-operator"
2025-01-29 13:39:24,435 INFO c.h.helmcharts.AbstractHelmChartIT - Removed unused snapshots:
Removing snapshot sha256:03af251906410714c5aef9fa705b63f6bbc39c4a5e787de7361eeb18886c2ed2
Removing snapshot sha256:0c46b3b43cce082ce5ec34ffc6c294e0417d17b9d1e6f366d114b6aadc4f96dc
Removing snapshot sha256:0ce761beee59082d6ed5bcebd3a805b8ddd9b3426b617e4809e7fb7c6587ffec
Removing snapshot sha256:0df91287303208332c8ff6ba40ae4710105201739addbfbddfb955f1ad593664
Removing snapshot sha256:1021ef88c7974bfff89c5a0ec4fd3160daac6c48a075f74cff721f85dd104e68
Removing snapshot sha256:10aba4953ddc18145dd38e3704709bc464aa20af60b56fe52caaff4b68411e62
Removing snapshot sha256:2573e0d8158209ed54ab25c87bcdcb00bd3d2539246960a3d592a1c599d70465
Removing snapshot sha256:362a8a37f8bbc31925a8146adcf7cf51f9882f5c1dcbef67c5baa03a297543c0
Removing snapshot sha256:3fa4ad33f0ddc8fd45b39b6b4640f82a3a83619606cd975bfe89d8710ad2d4cd
Removing snapshot sha256:43a7c979bbaba6838bc3102d6b10a1459f3ab050b87ccdfef84ef90cf43d3058
Removing snapshot sha256:4ab04491cdf0d3267f08206fe30bd48f49f94b9cab2f016d6739220f722a64af
Removing snapshot sha256:4b6068250e89c96f263060261819c7d912855bfbd64b3eb4c4a8483299b8c295
Removing snapshot sha256:52f3aaa95e73cfe26323c63ad0318887e29bdbbd45c9a3a97ea6aa5e44ba77f3
Removing snapshot sha256:580e69a0a8034ede1921139bbd2bfb72a69ebf276d008281896c32dd8bf74775
Removing snapshot sha256:5d30ba46b27fe37484567ccc5242cadc78217b8da605f3f195ef25cbf7487904
Removing snapshot sha256:63ca1fbb43ae5034640e5e6cb3e083e05c290072c5366fcaa9d62435a4cced85
Removing snapshot sha256:67f702c6baae873bceb19487c8b1f27bd2b86077e4f2f0e480e6d60ab508b8f5
Removing snapshot sha256:6864348dd42806d552efdec384f1274be15e2d0c10ce44c1f04347af004c10a9
Removing snapshot sha256:6c7dee8f2c39b84b7dc2711c01d33de93514d9055499173e9290176fbe484b6c
Removing snapshot sha256:8218decfec7abde4c32d634e870d738f941e85d83ed8b48ca5d993495c491ba6
Removing snapshot sha256:82753493a6d61ded36556292f02f31841a14c20d2f279f19eaad65afb661d5cd
Removing snapshot sha256:8a10d3db42c505ee0fcfa98417bdd7e39b304f6bcc0a06bb1b220797ff2cc63c
Removing snapshot sha256:a21e5b12dbac529ad45d976eb9ce45c881f3bedcc500fb30aba1e52aa1813418
Removing snapshot sha256:b921e6c28969094157f9b8e7244677780319637afd14450b7cb6b2fdea558a0c
Removing snapshot sha256:bc27ecb5769a00e309cf99ebc763c4a4b958b618d1decc96ffac5bc05f02f5b7
Removing snapshot sha256:be3ccb6627a5332e309d45ef461d09b4879dd870c7394d89323d0ebc6ca6aa8a
Removing snapshot sha256:c261f7cbbc64211ee175ee47273acdb7b1a36a4450b397a064a8f2c026490095
Removing snapshot sha256:c34d9393647eea0c9e3557ab988efaf59f61d10a2a5613b439ef0958cca5ec10
Removing snapshot sha256:ccf3c4a0fa967a41c1c83497a2ce6fa5787965859df0adb32c4ca2cf7490bc2b
Removing snapshot sha256:cf92d33f869417309692088c341cd0f223c178ea78a125f757317b22aa8f90e9
Removing snapshot sha256:d0037344cf2fb078884f1849f6a1f8cf9a33a3b6139b6a85833e5ee528e1f9a8
Removing snapshot sha256:d3b36d5b79273b1e98e7700470eaeff05a882e777124d84cebcc1505b85ecb36
Removing snapshot sha256:d65a44a37914602d12c611e5e22a50f11451d847e63015cc1c2aef92dee777a4
Removing snapshot sha256:e2dc0bae2455930f23ae570e019b7f32edc75c0f2d71cab084db837ff9051796
Removing snapshot sha256:eccbd24a99c60cd9e86ee5305dbfc4a4dc89f5ab4fb1f06c8d64797cecedef34
Removing snapshot sha256:f144bb4c7c7f0d2aa7eeffd36d934ec40db1ee167be727e326aad9fdc616f475

]]></system-out>
  </testcase>
  <testcase name="withBrokerLicenseFileContent_statefulSetWithLicenseSecretMounted()" classname="com.hivemq.helmcharts.license.HelmBrokerLicensesIT" time="101.432">
    <system-out><![CDATA[2025-01-29 13:39:24,443 INFO c.h.h.t.HelmChartContainer - Creating namespace 'helmbrokerlicensesit-operator'...
2025-01-29 13:39:24,449 INFO c.h.h.t.HelmChartContainer - Namespace 'helmbrokerlicensesit-operator' created
2025-01-29 13:39:24,449 INFO c.h.h.t.HelmChartContainer - Creating namespace 'helmbrokerlicensesit'...
2025-01-29 13:39:24,455 INFO c.h.h.t.HelmChartContainer - Namespace 'helmbrokerlicensesit' created
2025-01-29 13:39:24,516 DEBUG c.h.h.t.HelmChartContainer - Executing helm command: /bin/helm --kubeconfig /etc/rancher/k3s/k3s.yaml install test-hivemq-platform-operator /charts/hivemq-platform-operator --wait --timeout 5m0s --set image.repository=docker.io/hivemq --set image.name=hivemq-platform-operator-test --set image.initImageName=hivemq-platform-operator-init-test --set image.tag=snapshot --set image.pullPolicy=Never --set logLevel=DEBUG --set resources.cpu=512m --namespace helmbrokerlicensesit-operator
2025-01-29 13:39:24,819 INFO c.h.h.t.HelmChartContainer - [K3S] [alloc.go:330] "allocated clusterIPs" service="helmbrokerlicensesit-operator/hivemq-platform-operator-test-hivemq-platform-operator" clusterIPs={"IPv4":"10.43.19.188"}
2025-01-29 13:39:24,834 INFO c.h.h.t.HelmChartContainer - [EVENT] Normal [ScalingReplicaSet] Scaled up replica set hivemq-test-hivemq-platform-operator-6966f96d65 from 0 to 1 [helmbrokerlicensesit-operator:hivemq-test-hivemq-platform-operator]
2025-01-29 13:39:24,843 INFO c.h.h.t.HelmChartContainer - [POD] hivemq-test-hivemq-platform-operator-6966f96d65-5htvr [51afcd68-b4bd-41f8-a9db-1506f597a3ed] in helmbrokerlicensesit-operator was ADDED
2025-01-29 13:39:24,852 INFO c.h.h.t.HelmChartContainer - [EVENT] Normal [SuccessfulCreate] Created pod: hivemq-test-hivemq-platform-operator-6966f96d65-5htvr [helmbrokerlicensesit-operator:hivemq-test-hivemq-platform-operator-6966f96d65]
2025-01-29 13:39:24,855 INFO c.h.h.t.HelmChartContainer - [K3S] [memory_manager.go:355] "RemoveStaleState removing state" podUID="312d3701-7a66-476e-aa79-94c041682646" containerName="hivemq-platform-operator"
2025-01-29 13:39:24,855 INFO c.h.h.t.HelmChartContainer - [K3S] [memory_manager.go:355] "RemoveStaleState removing state" podUID="65b48a1c-7dec-42fc-ba66-0f5460280323" containerName="hivemq"
2025-01-29 13:39:24,855 INFO c.h.h.t.HelmChartContainer - [POD] hivemq-test-hivemq-platform-operator-6966f96d65-5htvr [51afcd68-b4bd-41f8-a9db-1506f597a3ed] in helmbrokerlicensesit-operator was MODIFIED
2025-01-29 13:39:24,855 INFO c.h.h.t.HelmChartContainer - [K3S] [replica_set.go:679] "Finished syncing" kind="ReplicaSet" key="helmbrokerlicensesit-operator/hivemq-test-hivemq-platform-operator-6966f96d65" duration="23.663491ms"
2025-01-29 13:39:24,856 INFO c.h.h.t.HelmChartContainer - [EVENT] Normal [Scheduled] Successfully assigned helmbrokerlicensesit-operator/hivemq-test-hivemq-platform-operator-6966f96d65-5htvr to 0e5534e18bbb [helmbrokerlicensesit-operator:hivemq-test-hivemq-platform-operator-6966f96d65-5htvr]
2025-01-29 13:39:24,865 INFO c.h.h.t.HelmChartContainer - [K3S] [replica_set.go:679] "Finished syncing" kind="ReplicaSet" key="helmbrokerlicensesit-operator/hivemq-test-hivemq-platform-operator-6966f96d65" duration="10.313155ms"
2025-01-29 13:39:24,866 INFO c.h.h.t.HelmChartContainer - [K3S] [replica_set.go:679] "Finished syncing" kind="ReplicaSet" key="helmbrokerlicensesit-operator/hivemq-test-hivemq-platform-operator-6966f96d65" duration="36.288µs"
2025-01-29 13:39:24,867 INFO c.h.h.t.HelmChartContainer - [K3S] [replica_set.go:679] "Finished syncing" kind="ReplicaSet" key="helmbrokerlicensesit-operator/hivemq-test-hivemq-platform-operator-6966f96d65" duration="78.017µs"
2025-01-29 13:39:24,869 INFO c.h.h.t.HelmChartContainer - [POD] hivemq-test-hivemq-platform-operator-6966f96d65-5htvr [51afcd68-b4bd-41f8-a9db-1506f597a3ed] in helmbrokerlicensesit-operator was MODIFIED
2025-01-29 13:39:24,970 INFO c.h.h.t.HelmChartContainer - [K3S] [reconciler_common.go:251] "operationExecutor.VerifyControllerAttachedVolume started for volume \"kube-api-access-lnfw9\" (UniqueName: \"kubernetes.io/projected/51afcd68-b4bd-41f8-a9db-1506f597a3ed-kube-api-access-lnfw9\") pod \"hivemq-test-hivemq-platform-operator-6966f96d65-5htvr\" (UID: \"51afcd68-b4bd-41f8-a9db-1506f597a3ed\") " pod="helmbrokerlicensesit-operator/hivemq-test-hivemq-platform-operator-6966f96d65-5htvr"
2025-01-29 13:39:25,246 INFO c.h.h.t.HelmChartContainer - [EVENT] Normal [Pulled] Container image "docker.io/hivemq/hivemq-platform-operator-test:snapshot" already present on machine [helmbrokerlicensesit-operator:hivemq-test-hivemq-platform-operator-6966f96d65-5htvr]
2025-01-29 13:39:25,246 INFO c.h.h.t.HelmChartContainer - Received Pulled event for container hivemq-platform-operator in pod hivemq-test-hivemq-platform-operator-6966f96d65-5htvr [51afcd68-b4bd-41f8-a9db-1506f597a3ed]
2025-01-29 13:39:26,513 INFO c.h.h.t.HelmChartContainer - [EVENT] Normal [Created] Created container: hivemq-platform-operator [helmbrokerlicensesit-operator:hivemq-test-hivemq-platform-operator-6966f96d65-5htvr]
2025-01-29 13:39:26,514 INFO c.h.h.t.HelmChartContainer - Received Created event for container hivemq-platform-operator in pod hivemq-test-hivemq-platform-operator-6966f96d65-5htvr [51afcd68-b4bd-41f8-a9db-1506f597a3ed]
2025-01-29 13:39:27,388 INFO c.h.h.t.HelmChartContainer - [K3S] [replica_set.go:679] "Finished syncing" kind="ReplicaSet" key="helmbrokerlicensesit-operator/hivemq-test-hivemq-platform-operator-6966f96d65" duration="39.124µs"
2025-01-29 13:39:27,393 INFO c.h.h.t.HelmChartContainer - [POD] hivemq-test-hivemq-platform-operator-6966f96d65-5htvr [51afcd68-b4bd-41f8-a9db-1506f597a3ed] in helmbrokerlicensesit-operator was MODIFIED
2025-01-29 13:39:27,398 INFO c.h.h.t.HelmChartContainer - [EVENT] Normal [Started] Started container hivemq-platform-operator [helmbrokerlicensesit-operator:hivemq-test-hivemq-platform-operator-6966f96d65-5htvr]
2025-01-29 13:39:27,399 INFO c.h.h.t.HelmChartContainer - Started log watcher for hivemq-platform-operator in pod hivemq-test-hivemq-platform-operator-6966f96d65-5htvr [51afcd68-b4bd-41f8-a9db-1506f597a3ed]
2025-01-29 13:39:27,399 INFO c.h.h.t.HelmChartContainer - Received Started event for container hivemq-platform-operator in pod hivemq-test-hivemq-platform-operator-6966f96d65-5htvr [51afcd68-b4bd-41f8-a9db-1506f597a3ed]
2025-01-29 13:39:27,399 INFO c.h.h.t.HelmChartContainer - [hivemq-test-hivemq-platform] [hivemq-platform-operator] [51afcd68] -------------------------------------------------------------------------
2025-01-29 13:39:27,399 INFO c.h.h.t.HelmChartContainer - [hivemq-test-hivemq-platform] [hivemq-platform-operator] [51afcd68] 
2025-01-29 13:39:27,399 INFO c.h.h.t.HelmChartContainer - [hivemq-test-hivemq-platform] [hivemq-platform-operator] [51afcd68]                   _    _  _              __  __   ____
2025-01-29 13:39:27,399 INFO c.h.h.t.HelmChartContainer - [hivemq-test-hivemq-platform] [hivemq-platform-operator] [51afcd68]                  | |  | |(_)            |  \/  | / __ \
2025-01-29 13:39:27,399 INFO c.h.h.t.HelmChartContainer - [hivemq-test-hivemq-platform] [hivemq-platform-operator] [51afcd68]                  | |__| | _ __   __ ___ | \  / || |  | |
2025-01-29 13:39:27,399 INFO c.h.h.t.HelmChartContainer - [hivemq-test-hivemq-platform] [hivemq-platform-operator] [51afcd68]                  |  __  || |\ \ / // _ \| |\/| || |  | |
2025-01-29 13:39:27,399 INFO c.h.h.t.HelmChartContainer - [hivemq-test-hivemq-platform] [hivemq-platform-operator] [51afcd68]                  | |  | || | \ V /|  __/| |  | || |__| |
2025-01-29 13:39:27,399 INFO c.h.h.t.HelmChartContainer - [hivemq-test-hivemq-platform] [hivemq-platform-operator] [51afcd68]                  |_|  |_||_|  \_/  \___||_|  |_| \___\_\
2025-01-29 13:39:27,399 INFO c.h.h.t.HelmChartContainer - [hivemq-test-hivemq-platform] [hivemq-platform-operator] [51afcd68] 
2025-01-29 13:39:27,399 INFO c.h.h.t.HelmChartContainer - [hivemq-test-hivemq-platform] [hivemq-platform-operator] [51afcd68] -------------------------------------------------------------------------
2025-01-29 13:39:27,400 INFO c.h.h.t.HelmChartContainer - [hivemq-test-hivemq-platform] [hivemq-platform-operator] [51afcd68] 
2025-01-29 13:39:27,400 INFO c.h.h.t.HelmChartContainer - [hivemq-test-hivemq-platform] [hivemq-platform-operator] [51afcd68]   HiveMQ Platform Operator Start Script v1.0
2025-01-29 13:39:27,400 INFO c.h.h.t.HelmChartContainer - [hivemq-test-hivemq-platform] [hivemq-platform-operator] [51afcd68] 
2025-01-29 13:39:27,400 INFO c.h.h.t.HelmChartContainer - [hivemq-test-hivemq-platform] [hivemq-platform-operator] [51afcd68] -------------------------------------------------------------------------
2025-01-29 13:39:27,400 INFO c.h.h.t.HelmChartContainer - [hivemq-test-hivemq-platform] [hivemq-platform-operator] [51afcd68] 
2025-01-29 13:39:27,400 INFO c.h.h.t.HelmChartContainer - [hivemq-test-hivemq-platform] [hivemq-platform-operator] [51afcd68]   JAVA_OPTS: -XX:+UnlockExperimentalVMOptions -XX:InitialRAMPercentage=75 -XX:MaxRAMPercentage=75 -Duser.language=en -Duser.region=US
2025-01-29 13:39:27,400 INFO c.h.h.t.HelmChartContainer - [hivemq-test-hivemq-platform] [hivemq-platform-operator] [51afcd68] 
2025-01-29 13:39:27,400 INFO c.h.h.t.HelmChartContainer - [hivemq-test-hivemq-platform] [hivemq-platform-operator] [51afcd68]   JAVA_VERSION: 21
2025-01-29 13:39:27,400 INFO c.h.h.t.HelmChartContainer - [hivemq-test-hivemq-platform] [hivemq-platform-operator] [51afcd68] 
2025-01-29 13:39:27,400 INFO c.h.h.t.HelmChartContainer - [hivemq-test-hivemq-platform] [hivemq-platform-operator] [51afcd68] -------------------------------------------------------------------------
2025-01-29 13:39:27,400 INFO c.h.h.t.HelmChartContainer - [hivemq-test-hivemq-platform] [hivemq-platform-operator] [51afcd68] 
2025-01-29 13:39:29,739 INFO c.h.h.t.HelmChartContainer - [hivemq-test-hivemq-platform] [hivemq-platform-operator] [51afcd68] 13:39:29.736 [main] DEBUG org.jboss.logging - Logging Provider: org.jboss.logging.Slf4jLoggerProvider
2025-01-29 13:39:29,845 INFO c.h.h.t.HelmChartContainer - [hivemq-test-hivemq-platform] [hivemq-platform-operator] [51afcd68] 13:39:29.843 [main] DEBUG io.smallrye.config - SRCFG01006: Loaded ConfigSource SysPropConfigSource with ordinal 400
2025-01-29 13:39:29,845 INFO c.h.h.t.HelmChartContainer - [hivemq-test-hivemq-platform] [hivemq-platform-operator] [51afcd68] 13:39:29.844 [main] DEBUG io.smallrye.config - SRCFG01006: Loaded ConfigSource EnvConfigSource with ordinal 300
2025-01-29 13:39:29,845 INFO c.h.h.t.HelmChartContainer - [hivemq-test-hivemq-platform] [hivemq-platform-operator] [51afcd68] 13:39:29.844 [main] DEBUG io.smallrye.config - SRCFG01006: Loaded ConfigSource PropertiesConfigSource[source=jar:file:///opt/hivemq-platform-operator/bin/hivemq-platform-operator.jar!/hivemq-platform-operator.properties] with ordinal 100
2025-01-29 13:39:29,845 INFO c.h.h.t.HelmChartContainer - [hivemq-test-hivemq-platform] [hivemq-platform-operator] [51afcd68] 13:39:29.844 [main] DEBUG io.smallrye.config - SRCFG01006: Loaded ConfigSource DefaultValuesConfigSource with ordinal -2147483648
2025-01-29 13:39:29,950 INFO c.h.h.t.HelmChartContainer - [hivemq-test-hivemq-platform] [hivemq-platform-operator] [51afcd68] 13:39:29.949 [main] DEBUG i.m.c.u.i.l.InternalLoggerFactory - Using SLF4J as the default logging framework
2025-01-29 13:39:30,053 INFO c.h.h.t.HelmChartContainer - [hivemq-test-hivemq-platform] [hivemq-platform-operator] [51afcd68] 13:39:30.045 [main] INFO  c.h.p.o.HiveMQPlatformOperatorApplication - HiveMQ Platform Operator 1.7.0-SNAPSHOT (commit: bebf408 on branch: HEAD) built on Sun Jan 26 20:47:47 UTC 2025
2025-01-29 13:39:30,053 INFO c.h.h.t.HelmChartContainer - [hivemq-test-hivemq-platform] [hivemq-platform-operator] [51afcd68] 13:39:30.051 [main] INFO  c.h.p.o.HiveMQPlatformOperatorApplication - HiveMQ Platform Operator is running in namespace: helmbrokerlicensesit-operator
2025-01-29 13:39:30,053 INFO c.h.h.t.HelmChartContainer - [hivemq-test-hivemq-platform] [hivemq-platform-operator] [51afcd68] 13:39:30.051 [main] INFO  c.h.p.o.HiveMQPlatformOperatorApplication - Watching all namespaces
2025-01-29 13:39:30,053 INFO c.h.h.t.HelmChartContainer - [hivemq-test-hivemq-platform] [hivemq-platform-operator] [51afcd68] 13:39:30.051 [main] INFO  c.h.p.o.HiveMQPlatformOperatorApplication - Log level: DEBUG
2025-01-29 13:39:30,053 INFO c.h.h.t.HelmChartContainer - [hivemq-test-hivemq-platform] [hivemq-platform-operator] [51afcd68] 13:39:30.051 [main] INFO  c.h.p.o.HiveMQPlatformOperatorApplication - Release name: test-hivemq-platform-operator
2025-01-29 13:39:30,053 INFO c.h.h.t.HelmChartContainer - [hivemq-test-hivemq-platform] [hivemq-platform-operator] [51afcd68] 13:39:30.051 [main] INFO  c.h.p.o.HiveMQPlatformOperatorApplication - HiveMQ Platform Operator Init image: docker.io/hivemq/hivemq-platform-operator-init-test:snapshot
2025-01-29 13:39:30,053 INFO c.h.h.t.HelmChartContainer - [hivemq-test-hivemq-platform] [hivemq-platform-operator] [51afcd68] 13:39:30.051 [main] INFO  c.h.p.o.HiveMQPlatformOperatorApplication - HiveMQ Platform Operator Init App update URL: http://hivemq-platform-operator-test-hivemq-platform-operator.helmbrokerlicensesit-operator.svc:8080/initAppUpdate/hivemq-platform-operator-init-app-1.7.0-SNAPSHOT.jar
2025-01-29 13:39:30,053 INFO c.h.h.t.HelmChartContainer - [hivemq-test-hivemq-platform] [hivemq-platform-operator] [51afcd68] 13:39:30.051 [main] INFO  c.h.p.o.HiveMQPlatformOperatorApplication - Additional imagePullSecret for all Platform deployments: none
2025-01-29 13:39:30,054 INFO c.h.h.t.HelmChartContainer - [hivemq-test-hivemq-platform] [hivemq-platform-operator] [51afcd68] 13:39:30.051 [main] INFO  c.h.p.o.HiveMQPlatformOperatorApplication - Apply HiveMQ Platform CRD: true
2025-01-29 13:39:30,054 INFO c.h.h.t.HelmChartContainer - [hivemq-test-hivemq-platform] [hivemq-platform-operator] [51afcd68] 13:39:30.052 [main] INFO  c.h.p.o.HiveMQPlatformOperatorApplication - Create Platform ServiceAccount: true
2025-01-29 13:39:30,054 INFO c.h.h.t.HelmChartContainer - [hivemq-test-hivemq-platform] [hivemq-platform-operator] [51afcd68] 13:39:30.052 [main] INFO  c.h.p.o.HiveMQPlatformOperatorApplication - Create Platform ServiceAccount permissions: true
2025-01-29 13:39:30,054 INFO c.h.h.t.HelmChartContainer - [hivemq-test-hivemq-platform] [hivemq-platform-operator] [51afcd68] 13:39:30.052 [main] INFO  c.h.p.o.HiveMQPlatformOperatorApplication - Validate Platform ServiceAccount: true
2025-01-29 13:39:30,054 INFO c.h.h.t.HelmChartContainer - [hivemq-test-hivemq-platform] [hivemq-platform-operator] [51afcd68] 13:39:30.052 [main] INFO  c.h.p.o.HiveMQPlatformOperatorApplication - Validate Platform ServiceAccount permissions: true
2025-01-29 13:39:30,236 INFO c.h.h.t.HelmChartContainer - [hivemq-test-hivemq-platform] [hivemq-platform-operator] [51afcd68] 13:39:30.235 [main] INFO  c.h.platform.operator.util.CRDUtil - Verifying deployed HiveMQ Platform CRD...
2025-01-29 13:39:32,636 INFO c.h.h.t.HelmChartContainer - [hivemq-test-hivemq-platform] [hivemq-platform-operator] [51afcd68] 13:39:32.635 [main] DEBUG c.h.platform.operator.util.CRDUtil - HiveMQ Platform CRD version v1 is up to date
2025-01-29 13:39:32,636 INFO c.h.h.t.HelmChartContainer - [hivemq-test-hivemq-platform] [hivemq-platform-operator] [51afcd68] 13:39:32.635 [main] INFO  c.h.platform.operator.util.CRDUtil - HiveMQ Platform CRD is up to date (version: V1_6_0)
2025-01-29 13:39:32,636 INFO c.h.h.t.HelmChartContainer - [hivemq-test-hivemq-platform] [hivemq-platform-operator] [51afcd68] 13:39:32.635 [main] INFO  c.h.platform.operator.util.CRDUtil - Waiting 10000 ms for HiveMQ Platform CRD 'hivemq-platforms.hivemq.com' to become ready...
2025-01-29 13:39:32,938 INFO c.h.h.t.HelmChartContainer - [hivemq-test-hivemq-platform] [hivemq-platform-operator] [51afcd68] 13:39:32.937 [vert.x-eventloop-thread-1] DEBUG c.h.platform.operator.util.CRDUtil - Checking CRD condition 'NamesAccepted' (status: 'True')
2025-01-29 13:39:32,938 INFO c.h.h.t.HelmChartContainer - [hivemq-test-hivemq-platform] [hivemq-platform-operator] [51afcd68] 13:39:32.937 [vert.x-eventloop-thread-1] DEBUG c.h.platform.operator.util.CRDUtil - Checking CRD condition 'Established' (status: 'True')
2025-01-29 13:39:32,940 INFO c.h.h.t.HelmChartContainer - [hivemq-test-hivemq-platform] [hivemq-platform-operator] [51afcd68] 13:39:32.938 [main] INFO  c.h.platform.operator.util.CRDUtil - HiveMQ Platform CRD 'hivemq-platforms.hivemq.com' is ready
2025-01-29 13:39:33,051 INFO c.h.h.t.HelmChartContainer - [hivemq-test-hivemq-platform] [hivemq-platform-operator] [51afcd68] 13:39:33.050 [main] INFO  c.h.p.o.HiveMQPlatformReconciler - HiveMQ Platform Operator is starting...
2025-01-29 13:39:33,155 INFO c.h.h.t.HelmChartContainer - [hivemq-test-hivemq-platform] [hivemq-platform-operator] [51afcd68] 13:39:33.153 [main] WARN  Default ConfigurationService implementation - Configuration for reconciler 'hivemq-controller' was not found. Known reconcilers: None.
2025-01-29 13:39:33,240 INFO c.h.h.t.HelmChartContainer - [hivemq-test-hivemq-platform] [hivemq-platform-operator] [51afcd68] 13:39:33.239 [main] INFO  Default ConfigurationService implementation - Created configuration for reconciler com.hivemq.platform.operator.HiveMQPlatformReconciler with name hivemq-controller
2025-01-29 13:39:33,339 INFO c.h.h.t.HelmChartContainer - [hivemq-test-hivemq-platform] [hivemq-platform-operator] [51afcd68] 13:39:33.338 [main] DEBUG c.h.p.o.HiveMQPlatformReconciler - HiveMQ Platform Operator is preparing EventSources
2025-01-29 13:39:33,351 INFO c.h.h.t.HelmChartContainer - [hivemq-test-hivemq-platform] [hivemq-platform-operator] [51afcd68] 13:39:33.350 [main] INFO  i.javaoperatorsdk.operator.Operator - Registered reconciler: 'hivemq-controller' for resource: 'class com.hivemq.platform.operator.v1.HiveMQPlatform' for namespace(s): [all namespaces]
2025-01-29 13:39:33,950 INFO c.h.h.t.HelmChartContainer - [hivemq-test-hivemq-platform] [hivemq-platform-operator] [51afcd68] 13:39:33.948 [main] INFO  c.h.p.operator.webserver.JettyServer - Starting Jetty server on port 8080
2025-01-29 13:39:34,047 INFO c.h.h.t.HelmChartContainer - [hivemq-test-hivemq-platform] [hivemq-platform-operator] [51afcd68] 13:39:34.046 [main] INFO  i.javaoperatorsdk.operator.Operator - Operator SDK 4.9.7 (commit: 2133d28) built on Wed Nov 20 12:56:20 UTC 2024 starting...
2025-01-29 13:39:34,047 INFO c.h.h.t.HelmChartContainer - [hivemq-test-hivemq-platform] [hivemq-platform-operator] [51afcd68] 13:39:34.046 [main] INFO  i.javaoperatorsdk.operator.Operator - Client version: 6.13.4
2025-01-29 13:39:34,049 INFO c.h.h.t.HelmChartContainer - [hivemq-test-hivemq-platform] [hivemq-platform-operator] [51afcd68] 13:39:34.048 [Controller Starter for: hivemq-controller] INFO  i.j.operator.processing.Controller - Starting 'hivemq-controller' controller for reconciler: com.hivemq.platform.operator.HiveMQPlatformReconciler, resource: com.hivemq.platform.operator.v1.HiveMQPlatform
2025-01-29 13:39:36,541 INFO c.h.h.t.HelmChartContainer - [hivemq-test-hivemq-platform] [hivemq-platform-operator] [51afcd68] 13:39:36.540 [Controller Starter for: hivemq-controller] INFO  i.j.operator.processing.Controller - 'hivemq-controller' controller started
2025-01-29 13:39:36,541 INFO c.h.h.t.HelmChartContainer - [hivemq-test-hivemq-platform] [hivemq-platform-operator] [51afcd68] 13:39:36.541 [main] INFO  c.h.p.o.HiveMQPlatformOperatorApplication - HiveMQ Platform Operator 1.7.0-SNAPSHOT started in 6495 ms
2025-01-29 13:39:39,393 INFO c.h.h.t.HelmChartContainer - [POD] hivemq-test-hivemq-platform-operator-6966f96d65-5htvr [51afcd68-b4bd-41f8-a9db-1506f597a3ed] in helmbrokerlicensesit-operator was MODIFIED
2025-01-29 13:39:39,403 INFO c.h.h.t.HelmChartContainer - [K3S] [replica_set.go:679] "Finished syncing" kind="ReplicaSet" key="helmbrokerlicensesit-operator/hivemq-test-hivemq-platform-operator-6966f96d65" duration="13.579846ms"
2025-01-29 13:39:39,404 INFO c.h.h.t.HelmChartContainer - [K3S] [replica_set.go:679] "Finished syncing" kind="ReplicaSet" key="helmbrokerlicensesit-operator/hivemq-test-hivemq-platform-operator-6966f96d65" duration="40.455µs"
2025-01-29 13:39:40,886 INFO c.h.h.testcontainer.LogWaiterUtil - TEST Waiting for log pattern on 'test-hivemq-platform-0': .*License file license.lic is corrupt.
2025-01-29 13:39:40,949 DEBUG c.h.h.t.HelmChartContainer - Executing helm command: /bin/helm --kubeconfig /etc/rancher/k3s/k3s.yaml install test-hivemq-platform /charts/hivemq-platform --wait --timeout 5m0s --set image.repository=docker.io/hivemq --set image.tag=4.36.0 --set image.pullPolicy=Never --set nodes.resources.cpu=512m --set nodes.replicaCount=1 --set license.create=true --set-file license.overrideLicense=/files/mock-license.lic --namespace helmbrokerlicensesit
2025-01-29 13:39:41,224 INFO c.h.h.t.HelmChartContainer - [hivemq-test-hivemq-platform] [hivemq-platform-operator] [51afcd68] 13:39:41.223 [-373097727-pool-1-thread-4] WARN  i.m.p.PrometheusMeterRegistry - The meter (MeterId{name='operator.sdk.events.received', tags=[tag(action=ADDED),tag(event=ResourceEvent),tag(group=hivemq.com),tag(kind=HiveMQPlatform),tag(name=test-hivemq-platform),tag(namespace=helmbrokerlicensesit),tag(scope=namespace),tag(version=v1)]}) registration has failed: Prometheus requires that all meters with the same name have the same set of tag keys. There is already an existing meter named 'operator.sdk.events.received' containing tag keys [event, group, kind, name, namespace, scope, version]. The meter you are attempting to register has keys [action, event, group, kind, name, namespace, scope, version]. Note that subsequent logs will be logged at debug level.
2025-01-29 13:39:41,738 INFO c.h.h.t.HelmChartContainer - [hivemq-test-hivemq-platform] [hivemq-platform-operator] [51afcd68] 13:39:41.736 [pool-6-thread-3] DEBUG c.h.p.o.dependants.PodInfoConfigMap - [helmbrok] Desired PodInfo ConfigMap (1 extensions) (1 enabled)
2025-01-29 13:39:41,740 INFO c.h.h.t.HelmChartContainer - [hivemq-test-hivemq-platform] [hivemq-platform-operator] [51afcd68] 13:39:41.736 [pool-6-thread-3] DEBUG c.h.p.o.dependants.PodInfoConfigMap - [helmbrok] Desired PodInfo ConfigMap (metrics port: 9399) (metrics path: /)
2025-01-29 13:39:41,740 INFO c.h.h.t.HelmChartContainer - [hivemq-test-hivemq-platform] [hivemq-platform-operator] [51afcd68] 13:39:41.736 [pool-6-thread-3] DEBUG c.h.p.o.dependants.PodInfoConfigMap - [helmbrok] Desired PodInfo ConfigMap (extension state hash: -1817474005)
2025-01-29 13:39:41,742 INFO c.h.h.t.HelmChartContainer - [hivemq-test-hivemq-platform] [hivemq-platform-operator] [51afcd68] 13:39:41.741 [pool-6-thread-3] DEBUG c.h.p.o.dependants.PodInfoConfigMap - [helmbrok] Create PodInfo ConfigMap
2025-01-29 13:39:41,842 INFO c.h.h.t.HelmChartContainer - [hivemq-test-hivemq-platform] [hivemq-platform-operator] [51afcd68] 13:39:41.839 [pool-6-thread-5] DEBUG c.h.p.o.dependants.PodRoleResource - [helmbrok] Create Role: Role(apiVersion=rbac.authorization.k8s.io/v1, kind=Role, metadata=ObjectMeta(annotations={meta.helm.sh/release-name=test-hivemq-platform, meta.helm.sh/release-namespace=helmbrokerlicensesit}, creationTimestamp=null, deletionGracePeriodSeconds=null, deletionTimestamp=null, finalizers=[], generateName=null, generation=null, labels={helm.sh/chart=hivemq-platform-0.2.32, app.kubernetes.io/managed-by=Helm, app.kubernetes.io/name=hivemq-platform, hivemq-platform=test-hivemq-platform, app.kubernetes.io/instance=test-hivemq-platform, app.kubernetes.io/version=4.36.0}, managedFields=[], name=hivemq-platform-role-test-hivemq-platform, namespace=helmbrokerlicensesit, ownerReferences=[OwnerReference(apiVersion=hivemq.com/v1, blockOwnerDeletion=null, controller=null, kind=HiveMQPlatform, name=test-hivemq-platform, uid=b2183c97-ca0e-4ee7-b879-6cf86d8efe38, additionalProperties={})], resourceVersion=null, selfLink=null, uid=null, additionalProperties={}), rules=[PolicyRule(apiGroups=[], nonResourceURLs=[], resourceNames=[], resources=[pods], verbs=[get, patch, update], additionalProperties={})], additionalProperties={})
2025-01-29 13:39:41,942 INFO c.h.h.t.HelmChartContainer - [hivemq-test-hivemq-platform] [hivemq-platform-operator] [51afcd68] 13:39:41.940 [pool-6-thread-7] DEBUG c.h.p.o.d.PodServiceAccountResource - [helmbrok] Desired PodServiceAccountResource (serviceAccountName: hivemq-platform-pod-test-hivemq-platform)
2025-01-29 13:39:41,944 INFO c.h.h.t.HelmChartContainer - [hivemq-test-hivemq-platform] [hivemq-platform-operator] [51afcd68] 13:39:41.943 [pool-6-thread-7] DEBUG c.h.p.o.d.PodServiceAccountResource - [helmbrok] Create ServiceAccount 'hivemq-platform-pod-test-hivemq-platform'
2025-01-29 13:39:42,052 INFO c.h.h.t.HelmChartContainer - [hivemq-test-hivemq-platform] [hivemq-platform-operator] [51afcd68] 13:39:42.051 [pool-6-thread-10] DEBUG c.h.p.o.d.PodRoleBindingResource - [helmbrok] Create RoleBinding: RoleBinding(apiVersion=rbac.authorization.k8s.io/v1, kind=RoleBinding, metadata=ObjectMeta(annotations={meta.helm.sh/release-name=test-hivemq-platform, meta.helm.sh/release-namespace=helmbrokerlicensesit}, creationTimestamp=null, deletionGracePeriodSeconds=null, deletionTimestamp=null, finalizers=[], generateName=null, generation=null, labels={helm.sh/chart=hivemq-platform-0.2.32, app.kubernetes.io/managed-by=Helm, app.kubernetes.io/name=hivemq-platform, hivemq-platform=test-hivemq-platform, app.kubernetes.io/instance=test-hivemq-platform, app.kubernetes.io/version=4.36.0}, managedFields=[], name=hivemq-platform-role-binding-test-hivemq-platform, namespace=helmbrokerlicensesit, ownerReferences=[OwnerReference(apiVersion=hivemq.com/v1, blockOwnerDeletion=null, controller=null, kind=HiveMQPlatform, name=test-hivemq-platform, uid=b2183c97-ca0e-4ee7-b879-6cf86d8efe38, additionalProperties={})], resourceVersion=null, selfLink=null, uid=null, additionalProperties={}), roleRef=RoleRef(apiGroup=rbac.authorization.k8s.io, kind=Role, name=hivemq-platform-role-test-hivemq-platform, additionalProperties={}), subjects=[Subject(apiGroup=null, kind=ServiceAccount, name=hivemq-platform-pod-test-hivemq-platform, namespace=helmbrokerlicensesit, additionalProperties={})], additionalProperties={})
2025-01-29 13:39:42,153 INFO c.h.h.t.HelmChartContainer - [hivemq-test-hivemq-platform] [hivemq-platform-operator] [51afcd68] 13:39:42.151 [ReconcilerExecutor-hivemq-controller-53] INFO  c.h.p.o.HiveMQPlatformReconciler - [helmbrok] Reconciling HiveMQ Platform 'test-hivemq-platform' in namespace 'helmbrokerlicensesit'
2025-01-29 13:39:42,154 INFO c.h.h.t.HelmChartContainer - [hivemq-test-hivemq-platform] [hivemq-platform-operator] [51afcd68] 13:39:42.152 [ReconcilerExecutor-hivemq-controller-53] DEBUG c.h.p.o.HiveMQPlatformReconciler - [helmbrok] Custom Resource Status CREATED - HiveMQ Platform was created (READY)
2025-01-29 13:39:42,154 INFO c.h.h.t.HelmChartContainer - [hivemq-test-hivemq-platform] [hivemq-platform-operator] [51afcd68] 13:39:42.152 [ReconcilerExecutor-hivemq-controller-53] DEBUG c.h.p.o.HiveMQPlatformReconciler - [helmbrok] Custom Resource Spec (replicas: 1) (extensions: 1)
2025-01-29 13:39:42,157 INFO c.h.h.t.HelmChartContainer - [hivemq-test-hivemq-platform] [hivemq-platform-operator] [51afcd68] 13:39:42.155 [ReconcilerExecutor-hivemq-controller-53] INFO  c.h.p.o.h.HiveMQPlatformReconcilerBaseHandler - [helmbrok] HiveMQ Platform is starting
2025-01-29 13:39:42,335 INFO c.h.h.t.HelmChartContainer - [hivemq-test-hivemq-platform] [hivemq-platform-operator] [51afcd68] 13:39:42.334 [ReconcilerExecutor-hivemq-controller-53] DEBUG c.h.p.operator.event.EventSender - [helmbrok] Creating K8s event hivemq-platform-starting: [Start] HiveMQ Platform is starting
2025-01-29 13:39:42,344 INFO c.h.h.t.HelmChartContainer - [EVENT] Normal [Start] HiveMQ Platform is starting [helmbrokerlicensesit:test-hivemq-platform]
2025-01-29 13:39:42,349 INFO c.h.h.t.HelmChartContainer - [hivemq-test-hivemq-platform] [hivemq-platform-operator] [51afcd68] 13:39:42.348 [ReconcilerExecutor-hivemq-controller-53] INFO  c.h.p.o.h.AbstractHiveMQReconcilerStateHandler - [helmbrok] Update HiveMQ Platform Status (CREATED [READY] -> STARTING [READY]): HiveMQ Platform is starting
2025-01-29 13:39:42,443 DEBUG com.hivemq.helmcharts.util.K8sUtil - Comparing actual state 'STARTING' and waiting for 'RUNNING'
2025-01-29 13:39:52,452 INFO c.h.h.t.HelmChartContainer - [hivemq-test-hivemq-platform] [hivemq-platform-operator] [51afcd68] 13:39:52.450 [pool-6-thread-12] DEBUG c.h.p.o.d.PlatformServiceResource - [helmbrok] Desired Platform services (3 services)
2025-01-29 13:39:52,455 INFO c.h.h.t.HelmChartContainer - [hivemq-test-hivemq-platform] [hivemq-platform-operator] [51afcd68] 13:39:52.451 [pool-6-thread-13] DEBUG c.h.p.o.dependants.PodInfoConfigMap - [helmbrok] Desired PodInfo ConfigMap (1 extensions) (1 enabled)
2025-01-29 13:39:52,455 INFO c.h.h.t.HelmChartContainer - [hivemq-test-hivemq-platform] [hivemq-platform-operator] [51afcd68] 13:39:52.452 [pool-6-thread-13] DEBUG c.h.p.o.dependants.PodInfoConfigMap - [helmbrok] Desired PodInfo ConfigMap (metrics port: 9399) (metrics path: /)
2025-01-29 13:39:52,455 INFO c.h.h.t.HelmChartContainer - [hivemq-test-hivemq-platform] [hivemq-platform-operator] [51afcd68] 13:39:52.452 [pool-6-thread-13] DEBUG c.h.p.o.dependants.PodInfoConfigMap - [helmbrok] Desired PodInfo ConfigMap (extension state hash: -1817474005)
2025-01-29 13:39:52,456 INFO c.h.h.t.HelmChartContainer - [hivemq-test-hivemq-platform] [hivemq-platform-operator] [51afcd68] 13:39:52.455 [pool-6-thread-17] DEBUG c.h.p.o.d.PodServiceAccountResource - [helmbrok] Desired PodServiceAccountResource (serviceAccountName: hivemq-platform-pod-test-hivemq-platform)
2025-01-29 13:39:52,537 INFO c.h.h.t.HelmChartContainer - [hivemq-test-hivemq-platform] [hivemq-platform-operator] [51afcd68] 13:39:52.461 [pool-6-thread-13] DEBUG c.h.p.o.dependants.PodInfoConfigMap - [helmbrok] Update PodInfo ConfigMap
2025-01-29 13:39:52,543 INFO c.h.h.t.HelmChartContainer - [K3S] [alloc.go:330] "allocated clusterIPs" service="helmbrokerlicensesit/hivemq-test-hivemq-platform-metrics-9399" clusterIPs={"IPv4":"10.43.68.125"}
2025-01-29 13:39:52,639 INFO c.h.h.t.HelmChartContainer - [K3S] [alloc.go:330] "allocated clusterIPs" service="helmbrokerlicensesit/hivemq-test-hivemq-platform-cc-8080" clusterIPs={"IPv4":"10.43.5.129"}
2025-01-29 13:39:52,651 INFO c.h.h.t.HelmChartContainer - [K3S] [alloc.go:330] "allocated clusterIPs" service="helmbrokerlicensesit/hivemq-test-hivemq-platform-mqtt-1883" clusterIPs={"IPv4":"10.43.175.159"}
2025-01-29 13:39:52,660 INFO c.h.h.t.HelmChartContainer - [hivemq-test-hivemq-platform] [hivemq-platform-operator] [51afcd68] 13:39:52.659 [pool-6-thread-20] DEBUG c.h.p.o.d.StatefulSetResource - [helmbrok] Desired StatefulSet (1 replicas) for status STARTING (READY)
2025-01-29 13:39:52,747 INFO c.h.h.t.HelmChartContainer - [hivemq-test-hivemq-platform] [hivemq-platform-operator] [51afcd68] 13:39:52.746 [pool-6-thread-20] DEBUG c.h.p.o.d.StatefulSetResource - [helmbrok] Create StatefulSet
2025-01-29 13:39:52,843 INFO c.h.h.t.HelmChartContainer - [hivemq-test-hivemq-platform] [hivemq-platform-operator] [51afcd68] 13:39:52.842 [ReconcilerExecutor-hivemq-controller-64] INFO  c.h.p.o.HiveMQPlatformReconciler - [helmbrok] Reconciling HiveMQ Platform 'test-hivemq-platform' in namespace 'helmbrokerlicensesit'
2025-01-29 13:39:52,843 INFO c.h.h.t.HelmChartContainer - [hivemq-test-hivemq-platform] [hivemq-platform-operator] [51afcd68] 13:39:52.842 [ReconcilerExecutor-hivemq-controller-64] DEBUG c.h.p.o.HiveMQPlatformReconciler - [helmbrok] Custom Resource Status STARTING - HiveMQ Platform is starting (READY)
2025-01-29 13:39:52,843 INFO c.h.h.t.HelmChartContainer - [hivemq-test-hivemq-platform] [hivemq-platform-operator] [51afcd68] 13:39:52.842 [ReconcilerExecutor-hivemq-controller-64] DEBUG c.h.p.o.HiveMQPlatformReconciler - [helmbrok] Custom Resource Spec (replicas: 1) (extensions: 1)
2025-01-29 13:39:52,848 INFO c.h.h.t.HelmChartContainer - [hivemq-test-hivemq-platform] [hivemq-platform-operator] [51afcd68] 13:39:52.844 [ReconcilerExecutor-hivemq-controller-64] DEBUG c.h.p.o.HiveMQPlatformReconciler - [helmbrok] StatefulSet Status (revision: null, replicas: 0, available: 0, ready: 0, current: 0, updated: 0)
2025-01-29 13:39:52,848 INFO c.h.h.t.HelmChartContainer - [hivemq-test-hivemq-platform] [hivemq-platform-operator] [51afcd68] 13:39:52.844 [ReconcilerExecutor-hivemq-controller-64] DEBUG c.h.p.o.HiveMQPlatformReconciler - [helmbrok] StatefulSet Spec (replicas: 1, init containers: 1, containers: 1, volumes: 4)
2025-01-29 13:39:52,851 INFO c.h.h.t.HelmChartContainer - [hivemq-test-hivemq-platform] [hivemq-platform-operator] [51afcd68] 13:39:52.851 [ReconcilerExecutor-hivemq-controller-64] INFO  c.h.p.o.h.HiveMQPlatformReconcilerBaseHandler - [helmbrok] HiveMQ Platform is starting, 0 of 1 replicas are ready
2025-01-29 13:39:52,855 INFO c.h.h.t.HelmChartContainer - [POD] test-hivemq-platform-0 [f1706768-51e4-4046-9239-e1b8e10a46aa] in helmbrokerlicensesit was ADDED
2025-01-29 13:39:52,864 INFO c.h.h.t.HelmChartContainer - [EVENT] Normal [SuccessfulCreate] create Pod test-hivemq-platform-0 in StatefulSet test-hivemq-platform successful [helmbrokerlicensesit:test-hivemq-platform]
2025-01-29 13:39:52,864 INFO c.h.h.t.HelmChartContainer - [POD] test-hivemq-platform-0 [f1706768-51e4-4046-9239-e1b8e10a46aa] in helmbrokerlicensesit was MODIFIED
2025-01-29 13:39:52,868 INFO c.h.h.t.HelmChartContainer - [EVENT] Normal [Scheduled] Successfully assigned helmbrokerlicensesit/test-hivemq-platform-0 to 0e5534e18bbb [helmbrokerlicensesit:test-hivemq-platform-0]
2025-01-29 13:39:52,877 INFO c.h.h.t.HelmChartContainer - [POD] test-hivemq-platform-0 [f1706768-51e4-4046-9239-e1b8e10a46aa] in helmbrokerlicensesit was MODIFIED
2025-01-29 13:39:52,918 INFO c.h.h.t.HelmChartContainer - [K3S] [reconciler_common.go:251] "operationExecutor.VerifyControllerAttachedVolume started for volume \"licenses\" (UniqueName: \"kubernetes.io/secret/f1706768-51e4-4046-9239-e1b8e10a46aa-licenses\") pod \"test-hivemq-platform-0\" (UID: \"f1706768-51e4-4046-9239-e1b8e10a46aa\") " pod="helmbrokerlicensesit/test-hivemq-platform-0"
2025-01-29 13:39:52,918 INFO c.h.h.t.HelmChartContainer - [K3S] [reconciler_common.go:251] "operationExecutor.VerifyControllerAttachedVolume started for volume \"broker-configuration\" (UniqueName: \"kubernetes.io/configmap/f1706768-51e4-4046-9239-e1b8e10a46aa-broker-configuration\") pod \"test-hivemq-platform-0\" (UID: \"f1706768-51e4-4046-9239-e1b8e10a46aa\") " pod="helmbrokerlicensesit/test-hivemq-platform-0"
2025-01-29 13:39:52,918 INFO c.h.h.t.HelmChartContainer - [K3S] [reconciler_common.go:251] "operationExecutor.VerifyControllerAttachedVolume started for volume \"pod-info\" (UniqueName: \"kubernetes.io/configmap/f1706768-51e4-4046-9239-e1b8e10a46aa-pod-info\") pod \"test-hivemq-platform-0\" (UID: \"f1706768-51e4-4046-9239-e1b8e10a46aa\") " pod="helmbrokerlicensesit/test-hivemq-platform-0"
2025-01-29 13:39:52,918 INFO c.h.h.t.HelmChartContainer - [K3S] [reconciler_common.go:251] "operationExecutor.VerifyControllerAttachedVolume started for volume \"operator-init\" (UniqueName: \"kubernetes.io/empty-dir/f1706768-51e4-4046-9239-e1b8e10a46aa-operator-init\") pod \"test-hivemq-platform-0\" (UID: \"f1706768-51e4-4046-9239-e1b8e10a46aa\") " pod="helmbrokerlicensesit/test-hivemq-platform-0"
2025-01-29 13:39:52,918 INFO c.h.h.t.HelmChartContainer - [K3S] [reconciler_common.go:251] "operationExecutor.VerifyControllerAttachedVolume started for volume \"kube-api-access-tl69g\" (UniqueName: \"kubernetes.io/projected/f1706768-51e4-4046-9239-e1b8e10a46aa-kube-api-access-tl69g\") pod \"test-hivemq-platform-0\" (UID: \"f1706768-51e4-4046-9239-e1b8e10a46aa\") " pod="helmbrokerlicensesit/test-hivemq-platform-0"
2025-01-29 13:39:52,939 INFO c.h.h.t.HelmChartContainer - [hivemq-test-hivemq-platform] [hivemq-platform-operator] [51afcd68] 13:39:52.937 [pool-6-thread-22] DEBUG c.h.p.o.d.PlatformServiceResource - [helmbrok] Desired Platform services (3 services)
2025-01-29 13:39:52,946 INFO c.h.h.t.HelmChartContainer - [hivemq-test-hivemq-platform] [hivemq-platform-operator] [51afcd68] 13:39:52.942 [pool-6-thread-23] DEBUG c.h.p.o.dependants.PodInfoConfigMap - [helmbrok] Desired PodInfo ConfigMap (1 extensions) (1 enabled)
2025-01-29 13:39:52,946 INFO c.h.h.t.HelmChartContainer - [hivemq-test-hivemq-platform] [hivemq-platform-operator] [51afcd68] 13:39:52.944 [pool-6-thread-23] DEBUG c.h.p.o.dependants.PodInfoConfigMap - [helmbrok] Desired PodInfo ConfigMap (metrics port: 9399) (metrics path: /)
2025-01-29 13:39:52,947 INFO c.h.h.t.HelmChartContainer - [hivemq-test-hivemq-platform] [hivemq-platform-operator] [51afcd68] 13:39:52.945 [pool-6-thread-23] DEBUG c.h.p.o.dependants.PodInfoConfigMap - [helmbrok] Desired PodInfo ConfigMap (extension state hash: -1817474005)
2025-01-29 13:39:52,948 INFO c.h.h.t.HelmChartContainer - [hivemq-test-hivemq-platform] [hivemq-platform-operator] [51afcd68] 13:39:52.948 [pool-6-thread-27] DEBUG c.h.p.o.d.PodServiceAccountResource - [helmbrok] Desired PodServiceAccountResource (serviceAccountName: hivemq-platform-pod-test-hivemq-platform)
2025-01-29 13:39:53,045 INFO c.h.h.t.HelmChartContainer - [hivemq-test-hivemq-platform] [hivemq-platform-operator] [51afcd68] 13:39:53.044 [pool-6-thread-30] DEBUG c.h.p.o.d.StatefulSetResource - [helmbrok] Desired StatefulSet (1 replicas) for status STARTING (READY)
2025-01-29 13:39:53,138 INFO c.h.h.t.HelmChartContainer - [hivemq-test-hivemq-platform] [hivemq-platform-operator] [51afcd68] 13:39:53.136 [ReconcilerExecutor-hivemq-controller-75] INFO  c.h.p.o.HiveMQPlatformReconciler - [helmbrok] Reconciling HiveMQ Platform 'test-hivemq-platform' in namespace 'helmbrokerlicensesit'
2025-01-29 13:39:53,138 INFO c.h.h.t.HelmChartContainer - [hivemq-test-hivemq-platform] [hivemq-platform-operator] [51afcd68] 13:39:53.136 [ReconcilerExecutor-hivemq-controller-75] DEBUG c.h.p.o.HiveMQPlatformReconciler - [helmbrok] Custom Resource Status STARTING - HiveMQ Platform is starting (READY)
2025-01-29 13:39:53,138 INFO c.h.h.t.HelmChartContainer - [hivemq-test-hivemq-platform] [hivemq-platform-operator] [51afcd68] 13:39:53.136 [ReconcilerExecutor-hivemq-controller-75] DEBUG c.h.p.o.HiveMQPlatformReconciler - [helmbrok] Custom Resource Spec (replicas: 1) (extensions: 1)
2025-01-29 13:39:53,140 INFO c.h.h.t.HelmChartContainer - [hivemq-test-hivemq-platform] [hivemq-platform-operator] [51afcd68] 13:39:53.139 [ReconcilerExecutor-hivemq-controller-75] DEBUG c.h.p.o.HiveMQPlatformReconciler - [helmbrok] StatefulSet Status (revision: test-hivemq-platform-6994fc54f5, replicas: 1, available: 0, ready: 0, current: 1, updated: 1)
2025-01-29 13:39:53,141 INFO c.h.h.t.HelmChartContainer - [hivemq-test-hivemq-platform] [hivemq-platform-operator] [51afcd68] 13:39:53.139 [ReconcilerExecutor-hivemq-controller-75] DEBUG c.h.p.o.HiveMQPlatformReconciler - [helmbrok] StatefulSet Spec (replicas: 1, init containers: 1, containers: 1, volumes: 4)
2025-01-29 13:39:53,235 INFO c.h.h.t.HelmChartContainer - [hivemq-test-hivemq-platform] [hivemq-platform-operator] [51afcd68] 13:39:53.233 [ReconcilerExecutor-hivemq-controller-75] DEBUG c.h.p.o.h.HiveMQPlatformReconcilerErrorHandler - [helmbrok] Pod 'test-hivemq-platform-0' phase Pending
2025-01-29 13:39:53,237 INFO c.h.h.t.HelmChartContainer - [hivemq-test-hivemq-platform] [hivemq-platform-operator] [51afcd68] 13:39:53.234 [ReconcilerExecutor-hivemq-controller-75] DEBUG c.h.p.o.h.HiveMQPlatformReconcilerErrorHandler - [helmbrok] Pod 'test-hivemq-platform-0' condition 'PodReadyToStartContainers': False
2025-01-29 13:39:53,237 INFO c.h.h.t.HelmChartContainer - [hivemq-test-hivemq-platform] [hivemq-platform-operator] [51afcd68] 13:39:53.235 [ReconcilerExecutor-hivemq-controller-75] DEBUG c.h.p.o.h.HiveMQPlatformReconcilerErrorHandler - [helmbrok] Pod 'test-hivemq-platform-0' condition 'Initialized': False
2025-01-29 13:39:53,238 INFO c.h.h.t.HelmChartContainer - [hivemq-test-hivemq-platform] [hivemq-platform-operator] [51afcd68] 13:39:53.235 [ReconcilerExecutor-hivemq-controller-75] DEBUG c.h.p.o.h.HiveMQPlatformReconcilerErrorHandler - [helmbrok] Pod 'test-hivemq-platform-0' condition 'Ready': False
2025-01-29 13:39:53,238 INFO c.h.h.t.HelmChartContainer - [hivemq-test-hivemq-platform] [hivemq-platform-operator] [51afcd68] 13:39:53.235 [ReconcilerExecutor-hivemq-controller-75] DEBUG c.h.p.o.h.HiveMQPlatformReconcilerErrorHandler - [helmbrok] Pod 'test-hivemq-platform-0' condition 'ContainersReady': False
2025-01-29 13:39:53,238 INFO c.h.h.t.HelmChartContainer - [hivemq-test-hivemq-platform] [hivemq-platform-operator] [51afcd68] 13:39:53.235 [ReconcilerExecutor-hivemq-controller-75] DEBUG c.h.p.o.h.HiveMQPlatformReconcilerErrorHandler - [helmbrok] Pod 'test-hivemq-platform-0' condition 'PodScheduled': True
2025-01-29 13:39:53,238 INFO c.h.h.t.HelmChartContainer - [hivemq-test-hivemq-platform] [hivemq-platform-operator] [51afcd68] 13:39:53.235 [ReconcilerExecutor-hivemq-controller-75] DEBUG c.h.p.o.h.HiveMQPlatformReconcilerErrorHandler - [helmbrok] Pod 'test-hivemq-platform-0' containerStatus 'hivemq' (started: false) (ready: false) (waiting: [PodInitializing] null)
2025-01-29 13:39:53,242 INFO c.h.h.t.HelmChartContainer - [hivemq-test-hivemq-platform] [hivemq-platform-operator] [51afcd68] 13:39:53.240 [ReconcilerExecutor-hivemq-controller-75] INFO  c.h.p.o.h.HiveMQPlatformReconcilerBaseHandler - [helmbrok] HiveMQ Platform is starting, 0 of 1 replicas are ready
2025-01-29 13:39:53,247 INFO c.h.h.t.HelmChartContainer - [hivemq-test-hivemq-platform] [hivemq-platform-operator] [51afcd68] 13:39:53.246 [pool-6-thread-32] DEBUG c.h.p.o.d.PlatformServiceResource - [helmbrok] Desired Platform services (3 services)
2025-01-29 13:39:53,255 INFO c.h.h.t.HelmChartContainer - [hivemq-test-hivemq-platform] [hivemq-platform-operator] [51afcd68] 13:39:53.252 [pool-6-thread-33] DEBUG c.h.p.o.dependants.PodInfoConfigMap - [helmbrok] Desired PodInfo ConfigMap (1 extensions) (1 enabled)
2025-01-29 13:39:53,256 INFO c.h.h.t.HelmChartContainer - [hivemq-test-hivemq-platform] [hivemq-platform-operator] [51afcd68] 13:39:53.252 [pool-6-thread-33] DEBUG c.h.p.o.dependants.PodInfoConfigMap - [helmbrok] Desired PodInfo ConfigMap (metrics port: 9399) (metrics path: /)
2025-01-29 13:39:53,256 INFO c.h.h.t.HelmChartContainer - [hivemq-test-hivemq-platform] [hivemq-platform-operator] [51afcd68] 13:39:53.252 [pool-6-thread-33] DEBUG c.h.p.o.dependants.PodInfoConfigMap - [helmbrok] Desired PodInfo ConfigMap (extension state hash: -1817474005)
2025-01-29 13:39:53,257 INFO c.h.h.t.HelmChartContainer - [hivemq-test-hivemq-platform] [hivemq-platform-operator] [51afcd68] 13:39:53.255 [pool-6-thread-37] DEBUG c.h.p.o.d.PodServiceAccountResource - [helmbrok] Desired PodServiceAccountResource (serviceAccountName: hivemq-platform-pod-test-hivemq-platform)
2025-01-29 13:39:53,274 INFO c.h.h.t.HelmChartContainer - [EVENT] Normal [Pulled] Container image "docker.io/hivemq/hivemq-platform-operator-init-test:snapshot" already present on machine [helmbrokerlicensesit:test-hivemq-platform-0]
2025-01-29 13:39:53,340 INFO c.h.h.t.HelmChartContainer - [hivemq-test-hivemq-platform] [hivemq-platform-operator] [51afcd68] 13:39:53.338 [pool-6-thread-40] DEBUG c.h.p.o.d.StatefulSetResource - [helmbrok] Desired StatefulSet (1 replicas) for status STARTING (READY)
2025-01-29 13:39:53,344 INFO c.h.h.t.HelmChartContainer - [hivemq-test-hivemq-platform] [hivemq-platform-operator] [51afcd68] 13:39:53.343 [ReconcilerExecutor-hivemq-controller-86] INFO  c.h.p.o.HiveMQPlatformReconciler - [helmbrok] Reconciling HiveMQ Platform 'test-hivemq-platform' in namespace 'helmbrokerlicensesit'
2025-01-29 13:39:53,346 INFO c.h.h.t.HelmChartContainer - [hivemq-test-hivemq-platform] [hivemq-platform-operator] [51afcd68] 13:39:53.344 [ReconcilerExecutor-hivemq-controller-86] DEBUG c.h.p.o.HiveMQPlatformReconciler - [helmbrok] Custom Resource Status STARTING - HiveMQ Platform is starting (READY)
2025-01-29 13:39:53,348 INFO c.h.h.t.HelmChartContainer - [hivemq-test-hivemq-platform] [hivemq-platform-operator] [51afcd68] 13:39:53.344 [ReconcilerExecutor-hivemq-controller-86] DEBUG c.h.p.o.HiveMQPlatformReconciler - [helmbrok] Custom Resource Spec (replicas: 1) (extensions: 1)
2025-01-29 13:39:53,349 INFO c.h.h.t.HelmChartContainer - [hivemq-test-hivemq-platform] [hivemq-platform-operator] [51afcd68] 13:39:53.346 [ReconcilerExecutor-hivemq-controller-86] DEBUG c.h.p.o.HiveMQPlatformReconciler - [helmbrok] StatefulSet Status (revision: test-hivemq-platform-6994fc54f5, replicas: 1, available: 0, ready: 0, current: 1, updated: 1)
2025-01-29 13:39:53,349 INFO c.h.h.t.HelmChartContainer - [hivemq-test-hivemq-platform] [hivemq-platform-operator] [51afcd68] 13:39:53.346 [ReconcilerExecutor-hivemq-controller-86] DEBUG c.h.p.o.HiveMQPlatformReconciler - [helmbrok] StatefulSet Spec (replicas: 1, init containers: 1, containers: 1, volumes: 4)
2025-01-29 13:39:53,349 INFO c.h.h.t.HelmChartContainer - [hivemq-test-hivemq-platform] [hivemq-platform-operator] [51afcd68] 13:39:53.348 [ReconcilerExecutor-hivemq-controller-86] DEBUG c.h.p.o.h.HiveMQPlatformReconcilerErrorHandler - [helmbrok] Pod 'test-hivemq-platform-0' phase Pending
2025-01-29 13:39:53,351 INFO c.h.h.t.HelmChartContainer - [hivemq-test-hivemq-platform] [hivemq-platform-operator] [51afcd68] 13:39:53.349 [ReconcilerExecutor-hivemq-controller-86] DEBUG c.h.p.o.h.HiveMQPlatformReconcilerErrorHandler - [helmbrok] Pod 'test-hivemq-platform-0' condition 'PodReadyToStartContainers': False
2025-01-29 13:39:53,351 INFO c.h.h.t.HelmChartContainer - [hivemq-test-hivemq-platform] [hivemq-platform-operator] [51afcd68] 13:39:53.349 [ReconcilerExecutor-hivemq-controller-86] DEBUG c.h.p.o.h.HiveMQPlatformReconcilerErrorHandler - [helmbrok] Pod 'test-hivemq-platform-0' condition 'Initialized': False
2025-01-29 13:39:53,352 INFO c.h.h.t.HelmChartContainer - [hivemq-test-hivemq-platform] [hivemq-platform-operator] [51afcd68] 13:39:53.350 [ReconcilerExecutor-hivemq-controller-86] DEBUG c.h.p.o.h.HiveMQPlatformReconcilerErrorHandler - [helmbrok] Pod 'test-hivemq-platform-0' condition 'Ready': False
2025-01-29 13:39:53,352 INFO c.h.h.t.HelmChartContainer - [hivemq-test-hivemq-platform] [hivemq-platform-operator] [51afcd68] 13:39:53.350 [ReconcilerExecutor-hivemq-controller-86] DEBUG c.h.p.o.h.HiveMQPlatformReconcilerErrorHandler - [helmbrok] Pod 'test-hivemq-platform-0' condition 'ContainersReady': False
2025-01-29 13:39:53,352 INFO c.h.h.t.HelmChartContainer - [hivemq-test-hivemq-platform] [hivemq-platform-operator] [51afcd68] 13:39:53.350 [ReconcilerExecutor-hivemq-controller-86] DEBUG c.h.p.o.h.HiveMQPlatformReconcilerErrorHandler - [helmbrok] Pod 'test-hivemq-platform-0' condition 'PodScheduled': True
2025-01-29 13:39:53,352 INFO c.h.h.t.HelmChartContainer - [hivemq-test-hivemq-platform] [hivemq-platform-operator] [51afcd68] 13:39:53.350 [ReconcilerExecutor-hivemq-controller-86] DEBUG c.h.p.o.h.HiveMQPlatformReconcilerErrorHandler - [helmbrok] Pod 'test-hivemq-platform-0' containerStatus 'hivemq' (started: false) (ready: false) (waiting: [PodInitializing] null)
2025-01-29 13:39:53,353 INFO c.h.h.t.HelmChartContainer - [hivemq-test-hivemq-platform] [hivemq-platform-operator] [51afcd68] 13:39:53.352 [ReconcilerExecutor-hivemq-controller-86] INFO  c.h.p.o.h.HiveMQPlatformReconcilerBaseHandler - [helmbrok] HiveMQ Platform is starting, 0 of 1 replicas are ready
2025-01-29 13:39:53,441 INFO c.h.h.t.HelmChartContainer - [EVENT] Normal [Created] Created container: hivemq-platform-operator-init [helmbrokerlicensesit:test-hivemq-platform-0]
2025-01-29 13:39:53,478 INFO c.h.h.t.HelmChartContainer - [EVENT] Normal [Started] Started container hivemq-platform-operator-init [helmbrokerlicensesit:test-hivemq-platform-0]
2025-01-29 13:39:54,416 INFO c.h.h.t.HelmChartContainer - [EVENT] Normal [Pulled] Container image "docker.io/hivemq/hivemq4:4.36.0" already present on machine [helmbrokerlicensesit:test-hivemq-platform-0]
2025-01-29 13:39:54,416 INFO c.h.h.t.HelmChartContainer - Received Pulled event for container hivemq in pod test-hivemq-platform-0 [f1706768-51e4-4046-9239-e1b8e10a46aa]
2025-01-29 13:39:54,424 INFO c.h.h.t.HelmChartContainer - [POD] test-hivemq-platform-0 [f1706768-51e4-4046-9239-e1b8e10a46aa] in helmbrokerlicensesit was MODIFIED
2025-01-29 13:39:54,453 INFO c.h.h.t.HelmChartContainer - [hivemq-test-hivemq-platform] [hivemq-platform-operator] [51afcd68] 13:39:54.447 [pool-6-thread-42] DEBUG c.h.p.o.d.PlatformServiceResource - [helmbrok] Desired Platform services (3 services)
2025-01-29 13:39:54,454 INFO c.h.h.t.HelmChartContainer - [hivemq-test-hivemq-platform] [hivemq-platform-operator] [51afcd68] 13:39:54.448 [pool-6-thread-43] DEBUG c.h.p.o.dependants.PodInfoConfigMap - [helmbrok] Desired PodInfo ConfigMap (1 extensions) (1 enabled)
2025-01-29 13:39:54,458 INFO c.h.h.t.HelmChartContainer - [hivemq-test-hivemq-platform] [hivemq-platform-operator] [51afcd68] 13:39:54.451 [pool-6-thread-43] DEBUG c.h.p.o.dependants.PodInfoConfigMap - [helmbrok] Desired PodInfo ConfigMap (metrics port: 9399) (metrics path: /)
2025-01-29 13:39:54,458 INFO c.h.h.t.HelmChartContainer - [hivemq-test-hivemq-platform] [hivemq-platform-operator] [51afcd68] 13:39:54.451 [pool-6-thread-43] DEBUG c.h.p.o.dependants.PodInfoConfigMap - [helmbrok] Desired PodInfo ConfigMap (extension state hash: -1817474005)
2025-01-29 13:39:54,459 INFO c.h.h.t.HelmChartContainer - [hivemq-test-hivemq-platform] [hivemq-platform-operator] [51afcd68] 13:39:54.458 [pool-6-thread-47] DEBUG c.h.p.o.d.PodServiceAccountResource - [helmbrok] Desired PodServiceAccountResource (serviceAccountName: hivemq-platform-pod-test-hivemq-platform)
2025-01-29 13:39:54,537 INFO c.h.h.t.HelmChartContainer - [hivemq-test-hivemq-platform] [hivemq-platform-operator] [51afcd68] 13:39:54.535 [pool-6-thread-50] DEBUG c.h.p.o.d.StatefulSetResource - [helmbrok] Desired StatefulSet (1 replicas) for status STARTING (READY)
2025-01-29 13:39:54,541 INFO c.h.h.t.HelmChartContainer - [hivemq-test-hivemq-platform] [hivemq-platform-operator] [51afcd68] 13:39:54.541 [ReconcilerExecutor-hivemq-controller-97] INFO  c.h.p.o.HiveMQPlatformReconciler - [helmbrok] Reconciling HiveMQ Platform 'test-hivemq-platform' in namespace 'helmbrokerlicensesit'
2025-01-29 13:39:54,542 INFO c.h.h.t.HelmChartContainer - [hivemq-test-hivemq-platform] [hivemq-platform-operator] [51afcd68] 13:39:54.541 [ReconcilerExecutor-hivemq-controller-97] DEBUG c.h.p.o.HiveMQPlatformReconciler - [helmbrok] Custom Resource Status STARTING - HiveMQ Platform is starting (READY)
2025-01-29 13:39:54,543 INFO c.h.h.t.HelmChartContainer - [hivemq-test-hivemq-platform] [hivemq-platform-operator] [51afcd68] 13:39:54.541 [ReconcilerExecutor-hivemq-controller-97] DEBUG c.h.p.o.HiveMQPlatformReconciler - [helmbrok] Custom Resource Spec (replicas: 1) (extensions: 1)
2025-01-29 13:39:54,545 INFO c.h.h.t.HelmChartContainer - [hivemq-test-hivemq-platform] [hivemq-platform-operator] [51afcd68] 13:39:54.544 [ReconcilerExecutor-hivemq-controller-97] DEBUG c.h.p.o.HiveMQPlatformReconciler - [helmbrok] StatefulSet Status (revision: test-hivemq-platform-6994fc54f5, replicas: 1, available: 0, ready: 0, current: 1, updated: 1)
2025-01-29 13:39:54,546 INFO c.h.h.t.HelmChartContainer - [hivemq-test-hivemq-platform] [hivemq-platform-operator] [51afcd68] 13:39:54.545 [ReconcilerExecutor-hivemq-controller-97] DEBUG c.h.p.o.HiveMQPlatformReconciler - [helmbrok] StatefulSet Spec (replicas: 1, init containers: 1, containers: 1, volumes: 4)
2025-01-29 13:39:54,549 INFO c.h.h.t.HelmChartContainer - [hivemq-test-hivemq-platform] [hivemq-platform-operator] [51afcd68] 13:39:54.549 [ReconcilerExecutor-hivemq-controller-97] DEBUG c.h.p.o.h.HiveMQPlatformReconcilerErrorHandler - [helmbrok] Pod 'test-hivemq-platform-0' phase Pending
2025-01-29 13:39:54,550 INFO c.h.h.t.HelmChartContainer - [hivemq-test-hivemq-platform] [hivemq-platform-operator] [51afcd68] 13:39:54.549 [ReconcilerExecutor-hivemq-controller-97] DEBUG c.h.p.o.h.HiveMQPlatformReconcilerErrorHandler - [helmbrok] Pod 'test-hivemq-platform-0' condition 'PodReadyToStartContainers': True
2025-01-29 13:39:54,550 INFO c.h.h.t.HelmChartContainer - [hivemq-test-hivemq-platform] [hivemq-platform-operator] [51afcd68] 13:39:54.549 [ReconcilerExecutor-hivemq-controller-97] DEBUG c.h.p.o.h.HiveMQPlatformReconcilerErrorHandler - [helmbrok] Pod 'test-hivemq-platform-0' condition 'Initialized': True
2025-01-29 13:39:54,550 INFO c.h.h.t.HelmChartContainer - [hivemq-test-hivemq-platform] [hivemq-platform-operator] [51afcd68] 13:39:54.549 [ReconcilerExecutor-hivemq-controller-97] DEBUG c.h.p.o.h.HiveMQPlatformReconcilerErrorHandler - [helmbrok] Pod 'test-hivemq-platform-0' condition 'Ready': False
2025-01-29 13:39:54,550 INFO c.h.h.t.HelmChartContainer - [hivemq-test-hivemq-platform] [hivemq-platform-operator] [51afcd68] 13:39:54.549 [ReconcilerExecutor-hivemq-controller-97] DEBUG c.h.p.o.h.HiveMQPlatformReconcilerErrorHandler - [helmbrok] Pod 'test-hivemq-platform-0' condition 'ContainersReady': False
2025-01-29 13:39:54,550 INFO c.h.h.t.HelmChartContainer - [hivemq-test-hivemq-platform] [hivemq-platform-operator] [51afcd68] 13:39:54.549 [ReconcilerExecutor-hivemq-controller-97] DEBUG c.h.p.o.h.HiveMQPlatformReconcilerErrorHandler - [helmbrok] Pod 'test-hivemq-platform-0' condition 'PodScheduled': True
2025-01-29 13:39:54,551 INFO c.h.h.t.HelmChartContainer - [hivemq-test-hivemq-platform] [hivemq-platform-operator] [51afcd68] 13:39:54.549 [ReconcilerExecutor-hivemq-controller-97] DEBUG c.h.p.o.h.HiveMQPlatformReconcilerErrorHandler - [helmbrok] Pod 'test-hivemq-platform-0' containerStatus 'hivemq' (started: false) (ready: false) (waiting: [PodInitializing] null)
2025-01-29 13:39:54,551 INFO c.h.h.t.HelmChartContainer - [hivemq-test-hivemq-platform] [hivemq-platform-operator] [51afcd68] 13:39:54.550 [ReconcilerExecutor-hivemq-controller-97] INFO  c.h.p.o.h.HiveMQPlatformReconcilerBaseHandler - [helmbrok] HiveMQ Platform is starting, 0 of 1 replicas are ready
2025-01-29 13:39:55,851 INFO c.h.h.t.HelmChartContainer - [EVENT] Normal [Created] Created container: hivemq [helmbrokerlicensesit:test-hivemq-platform-0]
2025-01-29 13:39:55,851 INFO c.h.h.t.HelmChartContainer - Received Created event for container hivemq in pod test-hivemq-platform-0 [f1706768-51e4-4046-9239-e1b8e10a46aa]
2025-01-29 13:39:56,428 INFO c.h.h.t.HelmChartContainer - [POD] test-hivemq-platform-0 [f1706768-51e4-4046-9239-e1b8e10a46aa] in helmbrokerlicensesit was MODIFIED
2025-01-29 13:39:56,438 INFO c.h.h.t.HelmChartContainer - Started log watcher for hivemq in pod test-hivemq-platform-0 [f1706768-51e4-4046-9239-e1b8e10a46aa]
2025-01-29 13:39:56,439 INFO c.h.h.t.HelmChartContainer - [EVENT] Normal [Started] Started container hivemq [helmbrokerlicensesit:test-hivemq-platform-0]
2025-01-29 13:39:56,439 INFO c.h.h.t.HelmChartContainer - Received Started event for container hivemq in pod test-hivemq-platform-0 [f1706768-51e4-4046-9239-e1b8e10a46aa]
2025-01-29 13:39:56,442 INFO c.h.h.t.HelmChartContainer - [test-hivemq-platform] [hivemq] [f1706768] Adding pre-installed HiveMQ Platform Operator extensions
2025-01-29 13:39:56,442 INFO c.h.h.t.HelmChartContainer - [test-hivemq-platform] [hivemq] [f1706768] Running as user 10000
2025-01-29 13:39:56,442 INFO c.h.h.t.HelmChartContainer - [test-hivemq-platform] [hivemq] [f1706768] Starting HiveMQ Platform Operator Init
2025-01-29 13:39:56,446 INFO c.h.h.t.HelmChartContainer - [hivemq-test-hivemq-platform] [hivemq-platform-operator] [51afcd68] 13:39:56.443 [pool-6-thread-8] DEBUG c.h.p.o.d.PlatformServiceResource - [helmbrok] Desired Platform services (3 services)
2025-01-29 13:39:56,448 INFO c.h.h.t.HelmChartContainer - [hivemq-test-hivemq-platform] [hivemq-platform-operator] [51afcd68] 13:39:56.447 [pool-6-thread-9] DEBUG c.h.p.o.dependants.PodInfoConfigMap - [helmbrok] Desired PodInfo ConfigMap (1 extensions) (1 enabled)
2025-01-29 13:39:56,452 INFO c.h.h.t.HelmChartContainer - [hivemq-test-hivemq-platform] [hivemq-platform-operator] [51afcd68] 13:39:56.449 [pool-6-thread-3] DEBUG c.h.p.o.d.PodServiceAccountResource - [helmbrok] Desired PodServiceAccountResource (serviceAccountName: hivemq-platform-pod-test-hivemq-platform)
2025-01-29 13:39:56,455 INFO c.h.h.t.HelmChartContainer - [hivemq-test-hivemq-platform] [hivemq-platform-operator] [51afcd68] 13:39:56.453 [pool-6-thread-9] DEBUG c.h.p.o.dependants.PodInfoConfigMap - [helmbrok] Desired PodInfo ConfigMap (metrics port: 9399) (metrics path: /)
2025-01-29 13:39:56,455 INFO c.h.h.t.HelmChartContainer - [hivemq-test-hivemq-platform] [hivemq-platform-operator] [51afcd68] 13:39:56.453 [pool-6-thread-9] DEBUG c.h.p.o.dependants.PodInfoConfigMap - [helmbrok] Desired PodInfo ConfigMap (extension state hash: -1817474005)
2025-01-29 13:39:56,461 INFO c.h.h.t.HelmChartContainer - [hivemq-test-hivemq-platform] [hivemq-platform-operator] [51afcd68] 13:39:56.460 [pool-6-thread-9] DEBUG c.h.p.o.d.StatefulSetResource - [helmbrok] Desired StatefulSet (1 replicas) for status STARTING (READY)
2025-01-29 13:39:56,540 INFO c.h.h.t.HelmChartContainer - [hivemq-test-hivemq-platform] [hivemq-platform-operator] [51afcd68] 13:39:56.538 [ReconcilerExecutor-hivemq-controller-108] INFO  c.h.p.o.HiveMQPlatformReconciler - [helmbrok] Reconciling HiveMQ Platform 'test-hivemq-platform' in namespace 'helmbrokerlicensesit'
2025-01-29 13:39:56,541 INFO c.h.h.t.HelmChartContainer - [hivemq-test-hivemq-platform] [hivemq-platform-operator] [51afcd68] 13:39:56.538 [ReconcilerExecutor-hivemq-controller-108] DEBUG c.h.p.o.HiveMQPlatformReconciler - [helmbrok] Custom Resource Status STARTING - HiveMQ Platform is starting (READY)
2025-01-29 13:39:56,541 INFO c.h.h.t.HelmChartContainer - [hivemq-test-hivemq-platform] [hivemq-platform-operator] [51afcd68] 13:39:56.538 [ReconcilerExecutor-hivemq-controller-108] DEBUG c.h.p.o.HiveMQPlatformReconciler - [helmbrok] Custom Resource Spec (replicas: 1) (extensions: 1)
2025-01-29 13:39:56,543 INFO c.h.h.t.HelmChartContainer - [hivemq-test-hivemq-platform] [hivemq-platform-operator] [51afcd68] 13:39:56.542 [ReconcilerExecutor-hivemq-controller-108] DEBUG c.h.p.o.HiveMQPlatformReconciler - [helmbrok] StatefulSet Status (revision: test-hivemq-platform-6994fc54f5, replicas: 1, available: 0, ready: 0, current: 1, updated: 1)
2025-01-29 13:39:56,544 INFO c.h.h.t.HelmChartContainer - [hivemq-test-hivemq-platform] [hivemq-platform-operator] [51afcd68] 13:39:56.542 [ReconcilerExecutor-hivemq-controller-108] DEBUG c.h.p.o.HiveMQPlatformReconciler - [helmbrok] StatefulSet Spec (replicas: 1, init containers: 1, containers: 1, volumes: 4)
2025-01-29 13:39:56,546 INFO c.h.h.t.HelmChartContainer - [hivemq-test-hivemq-platform] [hivemq-platform-operator] [51afcd68] 13:39:56.545 [ReconcilerExecutor-hivemq-controller-108] DEBUG c.h.p.o.h.HiveMQPlatformReconcilerErrorHandler - [helmbrok] Pod 'test-hivemq-platform-0' phase Running
2025-01-29 13:39:56,547 INFO c.h.h.t.HelmChartContainer - [hivemq-test-hivemq-platform] [hivemq-platform-operator] [51afcd68] 13:39:56.546 [ReconcilerExecutor-hivemq-controller-108] INFO  c.h.p.o.h.HiveMQPlatformReconcilerBaseHandler - [helmbrok] HiveMQ Platform is starting, 0 of 1 replicas are ready
2025-01-29 13:39:57,174 INFO c.h.h.t.HelmChartContainer - [test-hivemq-platform] [hivemq] [f1706768] INFO  - [HiveMQ Platform Operator Init 1.7.0-SNAPSHOT] HiveMQ Platform Operator Init 1.7.0-SNAPSHOT (commit: bebf408 on branch: HEAD) built on Sun Jan 26 20:47:47 UTC 2025
2025-01-29 13:39:58,216 INFO c.h.h.t.HelmChartContainer - [test-hivemq-platform] [hivemq] [f1706768] INFO  - [HiveMQ Platform Operator Init App 1.7.0-SNAPSHOT] Using bind address 10.42.0.8 from environment variable
2025-01-29 13:39:59,176 INFO c.h.h.t.HelmChartContainer - [test-hivemq-platform] [hivemq] [f1706768] INFO  - [HiveMQ Platform Operator Init App 1.7.0-SNAPSHOT] HiveMQ Platform Operator Init App 1.7.0-SNAPSHOT (commit: bebf408 on branch: HEAD) built on Sun Jan 26 20:47:47 UTC 2025
2025-01-29 13:39:59,177 INFO c.h.h.t.HelmChartContainer - [test-hivemq-platform] [hivemq] [f1706768] INFO  - [HiveMQ Platform Operator Init App 1.7.0-SNAPSHOT] PodInfo ConfigMap directory: /etc/podinfo
2025-01-29 13:39:59,177 INFO c.h.h.t.HelmChartContainer - [test-hivemq-platform] [hivemq] [f1706768] INFO  - [HiveMQ Platform Operator Init App 1.7.0-SNAPSHOT] HiveMQ home directory: /opt/hivemq
2025-01-29 13:39:59,177 INFO c.h.h.t.HelmChartContainer - [test-hivemq-platform] [hivemq] [f1706768] INFO  - [HiveMQ Platform Operator Init App 1.7.0-SNAPSHOT] HiveMQ Logback folder: /opt/hivemq/conf
2025-01-29 13:39:59,178 INFO c.h.h.t.HelmChartContainer - [test-hivemq-platform] [hivemq] [f1706768] INFO  - [HiveMQ Platform Operator Init App 1.7.0-SNAPSHOT] HiveMQ Config folder: /opt/hivemq/conf-k8s
2025-01-29 13:39:59,178 INFO c.h.h.t.HelmChartContainer - [test-hivemq-platform] [hivemq] [f1706768] INFO  - [HiveMQ Platform Operator Init App 1.7.0-SNAPSHOT] Starting HiveMQ Platform Operator Init App
2025-01-29 13:39:59,178 INFO c.h.h.t.HelmChartContainer - [test-hivemq-platform] [hivemq] [f1706768] INFO  - [HiveMQ Platform Operator Init App 1.7.0-SNAPSHOT] Starting Pod reconciler
2025-01-29 13:40:00,389 INFO c.h.h.t.HelmChartContainer - [test-hivemq-platform] [hivemq] [f1706768] INFO  - [HiveMQ Platform Operator Init App 1.7.0-SNAPSHOT] Pod reconciler is scheduled (interval: 5000 ms)
2025-01-29 13:40:00,389 INFO c.h.h.t.HelmChartContainer - [test-hivemq-platform] [hivemq] [f1706768] INFO  - [HiveMQ Platform Operator Init App 1.7.0-SNAPSHOT] Starting the REST API on 10.42.0.8:7979
2025-01-29 13:40:00,392 INFO c.h.h.t.HelmChartContainer - [test-hivemq-platform] [hivemq] [f1706768] INFO  - [HiveMQ Platform Operator Init App 1.7.0-SNAPSHOT] Waiting up to 600s for at most 1 HiveMQ nodes in cluster service hivemq-test-hivemq-platform-cluster.helmbrokerlicensesit.svc
2025-01-29 13:40:00,773 INFO c.h.h.t.HelmChartContainer - [test-hivemq-platform] [hivemq] [f1706768] INFO  - [HiveMQ Platform Operator Init App 1.7.0-SNAPSHOT] Resolved 1 IP addresses: [10.42.0.8]
2025-01-29 13:40:00,773 INFO c.h.h.t.HelmChartContainer - [test-hivemq-platform] [hivemq] [f1706768] INFO  - [HiveMQ Platform Operator Init App 1.7.0-SNAPSHOT] HiveMQ node count of 1 is within threshold of 1
2025-01-29 13:40:00,773 INFO c.h.h.t.HelmChartContainer - [test-hivemq-platform] [hivemq] [f1706768] INFO  - [HiveMQ Platform Operator Init App 1.7.0-SNAPSHOT] Proceeding with container start
2025-01-29 13:40:00,874 INFO c.h.h.t.HelmChartContainer - [test-hivemq-platform] [hivemq] [f1706768] INFO  - [HiveMQ Platform Operator Init App 1.7.0-SNAPSHOT] Initializing HiveMQ Platform extensions with initial configuration: {hivemq-allow-all-extension={start-priority=-1, skip-https-hostname-verification=false, restart=true, config-version=0, header-version=0, c-uri=, priority=-1, uri=preinstalled, skip-https-certificate-validation=false, enabled=true}, hivemq-prometheus-extension={restart=true, priority=-1, start-priority=-1, c-uri=, skip-https-hostname-verification=false, skip-https-certificate-validation=false, uri=preinstalled, request-header-path=no-request-headers, enabled=true}}
2025-01-29 13:40:01,274 INFO c.h.h.t.HelmChartContainer - [test-hivemq-platform] [hivemq] [f1706768] INFO  - [HiveMQ Platform Operator Init App 1.7.0-SNAPSHOT] Extension hivemq-allow-all-extension was already enabled
2025-01-29 13:40:01,283 INFO c.h.h.t.HelmChartContainer - [test-hivemq-platform] [hivemq] [f1706768] INFO  - [HiveMQ Platform Operator Init App 1.7.0-SNAPSHOT] Successfully enabled extension hivemq-prometheus-extension
2025-01-29 13:40:01,308 INFO c.h.h.t.HelmChartContainer - [test-hivemq-platform] [hivemq] [f1706768] INFO  - [HiveMQ Platform Operator Init App 1.7.0-SNAPSHOT] Starting HiveMQ Platform version 4.36.0 (4.36.0)
2025-01-29 13:40:01,308 INFO c.h.h.t.HelmChartContainer - [test-hivemq-platform] [hivemq] [f1706768] INFO  - [HiveMQ Platform Operator Init App 1.7.0-SNAPSHOT] Configuring the HiveMQ Platform
2025-01-29 13:40:01,316 INFO c.h.h.t.HelmChartContainer - [test-hivemq-platform] [hivemq] [f1706768] INFO  - [HiveMQ Platform Operator Init App 1.7.0-SNAPSHOT] Changed logback.xml file scan period to 20 seconds
2025-01-29 13:40:01,409 INFO c.h.h.t.HelmChartContainer - [test-hivemq-platform] [hivemq] [f1706768] INFO  - [HiveMQ Platform Operator Init App 1.7.0-SNAPSHOT] Starting the HiveMQ Platform
2025-01-29 13:40:01,412 INFO c.h.h.t.HelmChartContainer - [test-hivemq-platform] [hivemq] [f1706768] -------------------------------------------------------------------------
2025-01-29 13:40:01,412 INFO c.h.h.t.HelmChartContainer - [test-hivemq-platform] [hivemq] [f1706768] 
2025-01-29 13:40:01,412 INFO c.h.h.t.HelmChartContainer - [test-hivemq-platform] [hivemq] [f1706768]                   _    _  _              __  __   ____
2025-01-29 13:40:01,412 INFO c.h.h.t.HelmChartContainer - [test-hivemq-platform] [hivemq] [f1706768]                  | |  | |(_)            |  \/  | / __ \
2025-01-29 13:40:01,412 INFO c.h.h.t.HelmChartContainer - [test-hivemq-platform] [hivemq] [f1706768]                  | |__| | _ __   __ ___ | \  / || |  | |
2025-01-29 13:40:01,413 INFO c.h.h.t.HelmChartContainer - [test-hivemq-platform] [hivemq] [f1706768]                  |  __  || |\ \ / // _ \| |\/| || |  | |
2025-01-29 13:40:01,413 INFO c.h.h.t.HelmChartContainer - [test-hivemq-platform] [hivemq] [f1706768]                  | |  | || | \ V /|  __/| |  | || |__| |
2025-01-29 13:40:01,413 INFO c.h.h.t.HelmChartContainer - [test-hivemq-platform] [hivemq] [f1706768]                  |_|  |_||_|  \_/  \___||_|  |_| \___\_\
2025-01-29 13:40:01,413 INFO c.h.h.t.HelmChartContainer - [test-hivemq-platform] [hivemq] [f1706768] 
2025-01-29 13:40:01,413 INFO c.h.h.t.HelmChartContainer - [test-hivemq-platform] [hivemq] [f1706768] -------------------------------------------------------------------------
2025-01-29 13:40:01,413 INFO c.h.h.t.HelmChartContainer - [test-hivemq-platform] [hivemq] [f1706768] 
2025-01-29 13:40:01,413 INFO c.h.h.t.HelmChartContainer - [test-hivemq-platform] [hivemq] [f1706768]   HiveMQ Start Script for Linux/Unix v1.14
2025-01-29 13:40:01,413 INFO c.h.h.t.HelmChartContainer - [test-hivemq-platform] [hivemq] [f1706768] 
2025-01-29 13:40:01,515 INFO c.h.h.t.HelmChartContainer - [test-hivemq-platform] [hivemq] [f1706768] -------------------------------------------------------------------------
2025-01-29 13:40:01,515 INFO c.h.h.t.HelmChartContainer - [test-hivemq-platform] [hivemq] [f1706768] 
2025-01-29 13:40:01,515 INFO c.h.h.t.HelmChartContainer - [test-hivemq-platform] [hivemq] [f1706768]   HIVEMQ_HOME: /opt/hivemq
2025-01-29 13:40:01,515 INFO c.h.h.t.HelmChartContainer - [test-hivemq-platform] [hivemq] [f1706768] 
2025-01-29 13:40:01,516 INFO c.h.h.t.HelmChartContainer - [test-hivemq-platform] [hivemq] [f1706768]   JAVA_OPTS: -XX:+UnlockExperimentalVMOptions -XX:InitialRAMPercentage=50 -XX:MaxRAMPercentage=50 -Djava.net.preferIPv4Stack=true --add-opens java.base/java.lang=ALL-UNNAMED --add-opens java.base/java.nio=ALL-UNNAMED --add-opens java.base/sun.nio.ch=ALL-UNNAMED --add-opens jdk.management/com.sun.management.internal=ALL-UNNAMED --add-exports java.base/jdk.internal.misc=ALL-UNNAMED -Djava.security.egd=file:/dev/./urandom -Dcom.sun.management.jmxremote -Dcom.sun.management.jmxremote.port=9010 -Dcom.sun.management.jmxremote.local.only=false -Dcom.sun.management.jmxremote.authenticate=false -Dcom.sun.management.jmxremote.ssl=false -Duser.language=en -Duser.region=US -XX:+CrashOnOutOfMemoryError -XX:+HeapDumpOnOutOfMemoryError
2025-01-29 13:40:01,516 INFO c.h.h.t.HelmChartContainer - [test-hivemq-platform] [hivemq] [f1706768] 
2025-01-29 13:40:01,516 INFO c.h.h.t.HelmChartContainer - [test-hivemq-platform] [hivemq] [f1706768]   JAVA_VERSION: 21
2025-01-29 13:40:01,516 INFO c.h.h.t.HelmChartContainer - [test-hivemq-platform] [hivemq] [f1706768] 
2025-01-29 13:40:01,516 INFO c.h.h.t.HelmChartContainer - [test-hivemq-platform] [hivemq] [f1706768] -------------------------------------------------------------------------
2025-01-29 13:40:01,516 INFO c.h.h.t.HelmChartContainer - [test-hivemq-platform] [hivemq] [f1706768] 
2025-01-29 13:40:02,512 INFO c.h.h.t.HelmChartContainer - [test-hivemq-platform] [hivemq] [f1706768] INFO  - [HiveMQ Platform Operator Init App 1.7.0-SNAPSHOT] Returning default Health API response 503 for readiness
2025-01-29 13:40:02,914 INFO c.h.h.t.HelmChartContainer - [EVENT] Warning [Unhealthy] Readiness probe failed: HTTP probe failed with statuscode: 503 [helmbrokerlicensesit:test-hivemq-platform-0]
2025-01-29 13:40:02,914 INFO c.h.h.t.HelmChartContainer - Received Unhealthy event for container hivemq in pod test-hivemq-platform-0 [f1706768-51e4-4046-9239-e1b8e10a46aa]
2025-01-29 13:40:04,108 INFO c.h.h.t.HelmChartContainer - [test-hivemq-platform] [hivemq] [f1706768] INFO  - Starting HiveMQ Enterprise Server
2025-01-29 13:40:04,114 INFO c.h.h.t.HelmChartContainer - [test-hivemq-platform] [hivemq] [f1706768] INFO  - HiveMQ version: 4.36.0
2025-01-29 13:40:04,114 INFO c.h.h.t.HelmChartContainer - [test-hivemq-platform] [hivemq] [f1706768] INFO  - HiveMQ home directory: /opt/hivemq
2025-01-29 13:40:04,115 INFO c.h.h.t.HelmChartContainer - [test-hivemq-platform] [hivemq] [f1706768] INFO  - Log Configuration was overridden by /opt/hivemq/conf/logback.xml
2025-01-29 13:40:05,324 INFO c.h.h.t.HelmChartContainer - [test-hivemq-platform] [hivemq] [f1706768] INFO  - Successfully loaded configuration from '/opt/hivemq/conf-k8s/config.xml'.
2025-01-29 13:40:06,010 INFO c.h.h.t.HelmChartContainer - [test-hivemq-platform] [hivemq] [f1706768] INFO  - This node's ID is cDAH0
2025-01-29 13:40:06,013 INFO c.h.h.t.HelmChartContainer - [test-hivemq-platform] [hivemq] [f1706768] INFO  - Clustering is enabled
2025-01-29 13:40:06,554 INFO c.h.h.t.HelmChartContainer - [hivemq-test-hivemq-platform] [hivemq-platform-operator] [51afcd68] 13:40:06.550 [pool-6-thread-16] DEBUG c.h.p.o.d.PlatformServiceResource - [helmbrok] Desired Platform services (3 services)
2025-01-29 13:40:06,554 INFO c.h.h.t.HelmChartContainer - [hivemq-test-hivemq-platform] [hivemq-platform-operator] [51afcd68] 13:40:06.551 [pool-6-thread-14] DEBUG c.h.p.o.dependants.PodInfoConfigMap - [helmbrok] Desired PodInfo ConfigMap (1 extensions) (1 enabled)
2025-01-29 13:40:06,554 INFO c.h.h.t.HelmChartContainer - [hivemq-test-hivemq-platform] [hivemq-platform-operator] [51afcd68] 13:40:06.551 [pool-6-thread-14] DEBUG c.h.p.o.dependants.PodInfoConfigMap - [helmbrok] Desired PodInfo ConfigMap (metrics port: 9399) (metrics path: /)
2025-01-29 13:40:06,554 INFO c.h.h.t.HelmChartContainer - [hivemq-test-hivemq-platform] [hivemq-platform-operator] [51afcd68] 13:40:06.551 [pool-6-thread-14] DEBUG c.h.p.o.dependants.PodInfoConfigMap - [helmbrok] Desired PodInfo ConfigMap (extension state hash: -1817474005)
2025-01-29 13:40:06,554 INFO c.h.h.t.HelmChartContainer - [hivemq-test-hivemq-platform] [hivemq-platform-operator] [51afcd68] 13:40:06.554 [pool-6-thread-14] DEBUG c.h.p.o.d.PodServiceAccountResource - [helmbrok] Desired PodServiceAccountResource (serviceAccountName: hivemq-platform-pod-test-hivemq-platform)
2025-01-29 13:40:06,561 INFO c.h.h.t.HelmChartContainer - [hivemq-test-hivemq-platform] [hivemq-platform-operator] [51afcd68] 13:40:06.561 [pool-6-thread-16] DEBUG c.h.p.o.d.StatefulSetResource - [helmbrok] Desired StatefulSet (1 replicas) for status STARTING (READY)
2025-01-29 13:40:06,635 INFO c.h.h.t.HelmChartContainer - [hivemq-test-hivemq-platform] [hivemq-platform-operator] [51afcd68] 13:40:06.633 [ReconcilerExecutor-hivemq-controller-109] INFO  c.h.p.o.HiveMQPlatformReconciler - [helmbrok] Reconciling HiveMQ Platform 'test-hivemq-platform' in namespace 'helmbrokerlicensesit'
2025-01-29 13:40:06,635 INFO c.h.h.t.HelmChartContainer - [hivemq-test-hivemq-platform] [hivemq-platform-operator] [51afcd68] 13:40:06.633 [ReconcilerExecutor-hivemq-controller-109] DEBUG c.h.p.o.HiveMQPlatformReconciler - [helmbrok] Custom Resource Status STARTING - HiveMQ Platform is starting (READY)
2025-01-29 13:40:06,635 INFO c.h.h.t.HelmChartContainer - [hivemq-test-hivemq-platform] [hivemq-platform-operator] [51afcd68] 13:40:06.633 [ReconcilerExecutor-hivemq-controller-109] DEBUG c.h.p.o.HiveMQPlatformReconciler - [helmbrok] Custom Resource Spec (replicas: 1) (extensions: 1)
2025-01-29 13:40:06,636 INFO c.h.h.t.HelmChartContainer - [hivemq-test-hivemq-platform] [hivemq-platform-operator] [51afcd68] 13:40:06.635 [ReconcilerExecutor-hivemq-controller-109] DEBUG c.h.p.o.HiveMQPlatformReconciler - [helmbrok] StatefulSet Status (revision: test-hivemq-platform-6994fc54f5, replicas: 1, available: 0, ready: 0, current: 1, updated: 1)
2025-01-29 13:40:06,637 INFO c.h.h.t.HelmChartContainer - [hivemq-test-hivemq-platform] [hivemq-platform-operator] [51afcd68] 13:40:06.635 [ReconcilerExecutor-hivemq-controller-109] DEBUG c.h.p.o.HiveMQPlatformReconciler - [helmbrok] StatefulSet Spec (replicas: 1, init containers: 1, containers: 1, volumes: 4)
2025-01-29 13:40:06,638 INFO c.h.h.t.HelmChartContainer - [hivemq-test-hivemq-platform] [hivemq-platform-operator] [51afcd68] 13:40:06.637 [ReconcilerExecutor-hivemq-controller-109] DEBUG c.h.p.o.h.HiveMQPlatformReconcilerErrorHandler - [helmbrok] Pod 'test-hivemq-platform-0' phase Running
2025-01-29 13:40:06,638 INFO c.h.h.t.HelmChartContainer - [hivemq-test-hivemq-platform] [hivemq-platform-operator] [51afcd68] 13:40:06.638 [ReconcilerExecutor-hivemq-controller-109] INFO  c.h.p.o.h.HiveMQPlatformReconcilerBaseHandler - [helmbrok] HiveMQ Platform is starting, 0 of 1 replicas are ready
2025-01-29 13:40:07,911 INFO c.h.h.t.HelmChartContainer - [test-hivemq-platform] [hivemq] [f1706768] WARN  - [HiveMQ Platform Operator Init App 1.7.0-SNAPSHOT] Cannot connect to Health API for readiness: null
2025-01-29 13:40:07,913 INFO c.h.h.t.HelmChartContainer - [EVENT] Warning [Unhealthy] Readiness probe failed: HTTP probe failed with statuscode: 503 [helmbrokerlicensesit:test-hivemq-platform-0]
2025-01-29 13:40:07,913 INFO c.h.h.t.HelmChartContainer - Received Unhealthy event for container hivemq in pod test-hivemq-platform-0 [f1706768-51e4-4046-9239-e1b8e10a46aa]
2025-01-29 13:40:10,674 INFO c.h.h.t.HelmChartContainer - [test-hivemq-platform] [hivemq] [f1706768] Jan 29, 2025 1:40:10 PM io.vertx.core.impl.BlockedThreadChecker
2025-01-29 13:40:10,674 INFO c.h.h.t.HelmChartContainer - [test-hivemq-platform] [hivemq] [f1706768] WARNING: Thread Thread[vert.x-eventloop-thread-1,5,main] has been blocked for 2398 ms, time limit is 2000 ms
2025-01-29 13:40:11,611 INFO c.h.h.t.HelmChartContainer - [test-hivemq-platform] [hivemq] [f1706768] Jan 29, 2025 1:40:11 PM io.vertx.core.impl.BlockedThreadChecker
2025-01-29 13:40:11,611 INFO c.h.h.t.HelmChartContainer - [test-hivemq-platform] [hivemq] [f1706768] WARNING: Thread Thread[vert.x-eventloop-thread-1,5,main] has been blocked for 3399 ms, time limit is 2000 ms
2025-01-29 13:40:11,707 INFO c.h.h.t.HelmChartContainer - [test-hivemq-platform] [hivemq] [f1706768] INFO  - [HiveMQ Platform Operator Init App 1.7.0-SNAPSHOT] Updating Pod HiveMQ Platform Operator Init App version annotation (version: 1.7.0-SNAPSHOT)
2025-01-29 13:40:12,283 INFO c.h.h.t.HelmChartContainer - [POD] test-hivemq-platform-0 [f1706768-51e4-4046-9239-e1b8e10a46aa] in helmbrokerlicensesit was MODIFIED
2025-01-29 13:40:12,295 INFO c.h.h.t.HelmChartContainer - [hivemq-test-hivemq-platform] [hivemq-platform-operator] [51afcd68] 13:40:12.292 [pool-6-thread-21] DEBUG c.h.p.o.dependants.PodInfoConfigMap - [helmbrok] Desired PodInfo ConfigMap (1 extensions) (1 enabled)
2025-01-29 13:40:12,295 INFO c.h.h.t.HelmChartContainer - [hivemq-test-hivemq-platform] [hivemq-platform-operator] [51afcd68] 13:40:12.293 [pool-6-thread-21] DEBUG c.h.p.o.dependants.PodInfoConfigMap - [helmbrok] Desired PodInfo ConfigMap (metrics port: 9399) (metrics path: /)
2025-01-29 13:40:12,295 INFO c.h.h.t.HelmChartContainer - [hivemq-test-hivemq-platform] [hivemq-platform-operator] [51afcd68] 13:40:12.293 [pool-6-thread-21] DEBUG c.h.p.o.dependants.PodInfoConfigMap - [helmbrok] Desired PodInfo ConfigMap (extension state hash: -1817474005)
2025-01-29 13:40:12,295 INFO c.h.h.t.HelmChartContainer - [hivemq-test-hivemq-platform] [hivemq-platform-operator] [51afcd68] 13:40:12.293 [pool-6-thread-27] DEBUG c.h.p.o.d.PodServiceAccountResource - [helmbrok] Desired PodServiceAccountResource (serviceAccountName: hivemq-platform-pod-test-hivemq-platform)
2025-01-29 13:40:12,295 INFO c.h.h.t.HelmChartContainer - [hivemq-test-hivemq-platform] [hivemq-platform-operator] [51afcd68] 13:40:12.294 [pool-6-thread-23] DEBUG c.h.p.o.d.PlatformServiceResource - [helmbrok] Desired Platform services (3 services)
2025-01-29 13:40:12,301 INFO c.h.h.t.HelmChartContainer - [hivemq-test-hivemq-platform] [hivemq-platform-operator] [51afcd68] 13:40:12.299 [pool-6-thread-23] DEBUG c.h.p.o.d.StatefulSetResource - [helmbrok] Desired StatefulSet (1 replicas) for status STARTING (READY)
2025-01-29 13:40:12,312 INFO c.h.h.t.HelmChartContainer - [test-hivemq-platform] [hivemq] [f1706768] WARN  - [HiveMQ Platform Operator Init App 1.7.0-SNAPSHOT] Cannot connect to Health API for readiness: null
2025-01-29 13:40:12,314 INFO c.h.h.t.HelmChartContainer - [test-hivemq-platform] [hivemq] [f1706768] INFO  - [HiveMQ Platform Operator Init App 1.7.0-SNAPSHOT] Successfully updated Pod HiveMQ Platform Operator Init App version annotation (version: 1.7.0-SNAPSHOT)
2025-01-29 13:40:12,320 INFO c.h.h.t.HelmChartContainer - [EVENT] Warning [Unhealthy] Readiness probe failed: HTTP probe failed with statuscode: 503 [helmbrokerlicensesit:test-hivemq-platform-0]
2025-01-29 13:40:12,320 INFO c.h.h.t.HelmChartContainer - Received Unhealthy event for container hivemq in pod test-hivemq-platform-0 [f1706768-51e4-4046-9239-e1b8e10a46aa]
2025-01-29 13:40:12,336 INFO c.h.h.t.HelmChartContainer - [hivemq-test-hivemq-platform] [hivemq-platform-operator] [51afcd68] 13:40:12.333 [ReconcilerExecutor-hivemq-controller-110] INFO  c.h.p.o.HiveMQPlatformReconciler - [helmbrok] Reconciling HiveMQ Platform 'test-hivemq-platform' in namespace 'helmbrokerlicensesit'
2025-01-29 13:40:12,336 INFO c.h.h.t.HelmChartContainer - [hivemq-test-hivemq-platform] [hivemq-platform-operator] [51afcd68] 13:40:12.333 [ReconcilerExecutor-hivemq-controller-110] DEBUG c.h.p.o.HiveMQPlatformReconciler - [helmbrok] Custom Resource Status STARTING - HiveMQ Platform is starting (READY)
2025-01-29 13:40:12,336 INFO c.h.h.t.HelmChartContainer - [hivemq-test-hivemq-platform] [hivemq-platform-operator] [51afcd68] 13:40:12.333 [ReconcilerExecutor-hivemq-controller-110] DEBUG c.h.p.o.HiveMQPlatformReconciler - [helmbrok] Custom Resource Spec (replicas: 1) (extensions: 1)
2025-01-29 13:40:12,337 INFO c.h.h.t.HelmChartContainer - [hivemq-test-hivemq-platform] [hivemq-platform-operator] [51afcd68] 13:40:12.335 [ReconcilerExecutor-hivemq-controller-110] DEBUG c.h.p.o.HiveMQPlatformReconciler - [helmbrok] StatefulSet Status (revision: test-hivemq-platform-6994fc54f5, replicas: 1, available: 0, ready: 0, current: 1, updated: 1)
2025-01-29 13:40:12,337 INFO c.h.h.t.HelmChartContainer - [hivemq-test-hivemq-platform] [hivemq-platform-operator] [51afcd68] 13:40:12.336 [ReconcilerExecutor-hivemq-controller-110] DEBUG c.h.p.o.HiveMQPlatformReconciler - [helmbrok] StatefulSet Spec (replicas: 1, init containers: 1, containers: 1, volumes: 4)
2025-01-29 13:40:12,339 INFO c.h.h.t.HelmChartContainer - [hivemq-test-hivemq-platform] [hivemq-platform-operator] [51afcd68] 13:40:12.338 [ReconcilerExecutor-hivemq-controller-110] DEBUG c.h.p.o.h.HiveMQPlatformReconcilerErrorHandler - [helmbrok] Pod 'test-hivemq-platform-0' phase Running
2025-01-29 13:40:12,340 INFO c.h.h.t.HelmChartContainer - [hivemq-test-hivemq-platform] [hivemq-platform-operator] [51afcd68] 13:40:12.339 [ReconcilerExecutor-hivemq-controller-110] INFO  c.h.p.o.h.HiveMQPlatformReconcilerBaseHandler - [helmbrok] HiveMQ Platform is starting, 0 of 1 replicas are ready
2025-01-29 13:40:17,310 INFO c.h.h.t.HelmChartContainer - [test-hivemq-platform] [hivemq] [f1706768] WARN  - [HiveMQ Platform Operator Init App 1.7.0-SNAPSHOT] Cannot connect to Health API for readiness: null
2025-01-29 13:40:17,318 INFO c.h.h.t.HelmChartContainer - [EVENT] Warning [Unhealthy] Readiness probe failed: HTTP probe failed with statuscode: 503 [helmbrokerlicensesit:test-hivemq-platform-0]
2025-01-29 13:40:17,318 INFO c.h.h.t.HelmChartContainer - Received Unhealthy event for container hivemq in pod test-hivemq-platform-0 [f1706768-51e4-4046-9239-e1b8e10a46aa]
2025-01-29 13:40:22,310 INFO c.h.h.t.HelmChartContainer - [test-hivemq-platform] [hivemq] [f1706768] WARN  - [HiveMQ Platform Operator Init App 1.7.0-SNAPSHOT] Cannot connect to Health API for readiness: null
2025-01-29 13:40:22,318 INFO c.h.h.t.HelmChartContainer - [EVENT] Warning [Unhealthy] Readiness probe failed: HTTP probe failed with statuscode: 503 [helmbrokerlicensesit:test-hivemq-platform-0]
2025-01-29 13:40:22,318 INFO c.h.h.t.HelmChartContainer - Received Unhealthy event for container hivemq in pod test-hivemq-platform-0 [f1706768-51e4-4046-9239-e1b8e10a46aa]
2025-01-29 13:40:22,347 INFO c.h.h.t.HelmChartContainer - [hivemq-test-hivemq-platform] [hivemq-platform-operator] [51afcd68] 13:40:22.343 [pool-6-thread-37] DEBUG c.h.p.o.d.PlatformServiceResource - [helmbrok] Desired Platform services (3 services)
2025-01-29 13:40:22,347 INFO c.h.h.t.HelmChartContainer - [hivemq-test-hivemq-platform] [hivemq-platform-operator] [51afcd68] 13:40:22.344 [pool-6-thread-31] DEBUG c.h.p.o.dependants.PodInfoConfigMap - [helmbrok] Desired PodInfo ConfigMap (1 extensions) (1 enabled)
2025-01-29 13:40:22,347 INFO c.h.h.t.HelmChartContainer - [hivemq-test-hivemq-platform] [hivemq-platform-operator] [51afcd68] 13:40:22.344 [pool-6-thread-31] DEBUG c.h.p.o.dependants.PodInfoConfigMap - [helmbrok] Desired PodInfo ConfigMap (metrics port: 9399) (metrics path: /)
2025-01-29 13:40:22,347 INFO c.h.h.t.HelmChartContainer - [hivemq-test-hivemq-platform] [hivemq-platform-operator] [51afcd68] 13:40:22.344 [pool-6-thread-34] DEBUG c.h.p.o.d.PodServiceAccountResource - [helmbrok] Desired PodServiceAccountResource (serviceAccountName: hivemq-platform-pod-test-hivemq-platform)
2025-01-29 13:40:22,347 INFO c.h.h.t.HelmChartContainer - [hivemq-test-hivemq-platform] [hivemq-platform-operator] [51afcd68] 13:40:22.344 [pool-6-thread-31] DEBUG c.h.p.o.dependants.PodInfoConfigMap - [helmbrok] Desired PodInfo ConfigMap (extension state hash: -1817474005)
2025-01-29 13:40:22,349 INFO c.h.h.t.HelmChartContainer - [hivemq-test-hivemq-platform] [hivemq-platform-operator] [51afcd68] 13:40:22.348 [pool-6-thread-37] DEBUG c.h.p.o.d.StatefulSetResource - [helmbrok] Desired StatefulSet (1 replicas) for status STARTING (READY)
2025-01-29 13:40:22,353 INFO c.h.h.t.HelmChartContainer - [hivemq-test-hivemq-platform] [hivemq-platform-operator] [51afcd68] 13:40:22.352 [ReconcilerExecutor-hivemq-controller-111] INFO  c.h.p.o.HiveMQPlatformReconciler - [helmbrok] Reconciling HiveMQ Platform 'test-hivemq-platform' in namespace 'helmbrokerlicensesit'
2025-01-29 13:40:22,354 INFO c.h.h.t.HelmChartContainer - [hivemq-test-hivemq-platform] [hivemq-platform-operator] [51afcd68] 13:40:22.352 [ReconcilerExecutor-hivemq-controller-111] DEBUG c.h.p.o.HiveMQPlatformReconciler - [helmbrok] Custom Resource Status STARTING - HiveMQ Platform is starting (READY)
2025-01-29 13:40:22,354 INFO c.h.h.t.HelmChartContainer - [hivemq-test-hivemq-platform] [hivemq-platform-operator] [51afcd68] 13:40:22.353 [ReconcilerExecutor-hivemq-controller-111] DEBUG c.h.p.o.HiveMQPlatformReconciler - [helmbrok] Custom Resource Spec (replicas: 1) (extensions: 1)
2025-01-29 13:40:22,355 INFO c.h.h.t.HelmChartContainer - [hivemq-test-hivemq-platform] [hivemq-platform-operator] [51afcd68] 13:40:22.354 [ReconcilerExecutor-hivemq-controller-111] DEBUG c.h.p.o.HiveMQPlatformReconciler - [helmbrok] StatefulSet Status (revision: test-hivemq-platform-6994fc54f5, replicas: 1, available: 0, ready: 0, current: 1, updated: 1)
2025-01-29 13:40:22,356 INFO c.h.h.t.HelmChartContainer - [hivemq-test-hivemq-platform] [hivemq-platform-operator] [51afcd68] 13:40:22.354 [ReconcilerExecutor-hivemq-controller-111] DEBUG c.h.p.o.HiveMQPlatformReconciler - [helmbrok] StatefulSet Spec (replicas: 1, init containers: 1, containers: 1, volumes: 4)
2025-01-29 13:40:22,356 INFO c.h.h.t.HelmChartContainer - [hivemq-test-hivemq-platform] [hivemq-platform-operator] [51afcd68] 13:40:22.356 [ReconcilerExecutor-hivemq-controller-111] DEBUG c.h.p.o.h.HiveMQPlatformReconcilerErrorHandler - [helmbrok] Pod 'test-hivemq-platform-0' phase Running
2025-01-29 13:40:22,357 INFO c.h.h.t.HelmChartContainer - [hivemq-test-hivemq-platform] [hivemq-platform-operator] [51afcd68] 13:40:22.356 [ReconcilerExecutor-hivemq-controller-111] INFO  c.h.p.o.h.HiveMQPlatformReconcilerBaseHandler - [helmbrok] HiveMQ Platform is starting, 0 of 1 replicas are ready
2025-01-29 13:40:23,175 INFO c.h.h.t.HelmChartContainer - [test-hivemq-platform] [hivemq] [f1706768] WARN  - [HiveMQ Platform Operator Init App 1.7.0-SNAPSHOT] Cannot connect to Health API for liveness: null
2025-01-29 13:40:23,176 INFO c.h.h.t.HelmChartContainer - [test-hivemq-platform] [hivemq] [f1706768] INFO  - [HiveMQ Platform Operator Init App 1.7.0-SNAPSHOT] Returning default Health API response 200 for liveness
2025-01-29 13:40:24,617 INFO c.h.h.t.HelmChartContainer - [test-hivemq-platform] [hivemq] [f1706768] WARN  - License file license.lic is corrupt.
2025-01-29 13:40:24,617 INFO c.h.h.testcontainer.LogWaiterUtil - TEST Found log pattern on 'test-hivemq-platform-0': .*License file license.lic is corrupt.
2025-01-29 13:40:24,618 INFO c.h.h.t.HelmChartContainer - [test-hivemq-platform] [hivemq] [f1706768] INFO  - No valid license file found. Using trial license, restricted to 25 connections.
2025-01-29 13:40:27,310 INFO c.h.h.t.HelmChartContainer - [test-hivemq-platform] [hivemq] [f1706768] WARN  - [HiveMQ Platform Operator Init App 1.7.0-SNAPSHOT] Cannot connect to Health API for readiness: null
2025-01-29 13:40:27,318 INFO c.h.h.t.HelmChartContainer - [EVENT] Warning [Unhealthy] Readiness probe failed: HTTP probe failed with statuscode: 503 [helmbrokerlicensesit:test-hivemq-platform-0]
2025-01-29 13:40:27,318 INFO c.h.h.t.HelmChartContainer - Received Unhealthy event for container hivemq in pod test-hivemq-platform-0 [f1706768-51e4-4046-9239-e1b8e10a46aa]
2025-01-29 13:40:27,508 INFO c.h.h.t.HelmChartContainer - [test-hivemq-platform] [hivemq] [f1706768] INFO  - No valid license file for Data Hub found. Using free license, restricted to 1 policy.
2025-01-29 13:40:28,707 INFO c.h.h.t.HelmChartContainer - [test-hivemq-platform] [hivemq] [f1706768] INFO  - Audit Logger started.
2025-01-29 13:40:28,936 INFO c.h.h.t.HelmChartContainer - [test-hivemq-platform] [hivemq] [f1706768] INFO  - This node uses '1' CPU cores.
2025-01-29 13:40:29,010 INFO c.h.h.t.HelmChartContainer - [test-hivemq-platform] [hivemq] [f1706768] INFO  - Starting HiveMQ Health API on address 0.0.0.0 and port 8889
2025-01-29 13:40:29,914 INFO c.h.h.t.HelmChartContainer - [test-hivemq-platform] [hivemq] [f1706768] INFO  - Started HiveMQ Health API in 903ms
2025-01-29 13:40:30,513 INFO c.h.h.t.HelmChartContainer - [test-hivemq-platform] [hivemq] [f1706768] INFO  - Starting HiveMQ extension system.
2025-01-29 13:40:30,809 INFO c.h.h.t.HelmChartContainer - [test-hivemq-platform] [hivemq] [f1706768] INFO  - Starting extension with id "hivemq-dns-cluster-discovery" at /opt/hivemq/extensions/hivemq-dns-cluster-discovery
2025-01-29 13:40:31,215 INFO c.h.h.t.HelmChartContainer - [test-hivemq-platform] [hivemq] [f1706768] INFO  - Using TCP cluster transport on address 10.42.0.8 and port 7000
2025-01-29 13:40:31,219 INFO c.h.h.t.HelmChartContainer - [test-hivemq-platform] [hivemq] [f1706768] INFO  - Using extension cluster discovery
2025-01-29 13:40:31,309 INFO c.h.h.t.HelmChartContainer - [test-hivemq-platform] [hivemq] [f1706768] INFO  - Extension "DNS Cluster Discovery Extension" version 4.3.2 started successfully.
2025-01-29 13:40:31,309 INFO c.h.h.t.HelmChartContainer - [test-hivemq-platform] [hivemq] [f1706768] INFO  - Starting extension with id "hivemq-prometheus-extension" at /opt/hivemq/extensions/hivemq-prometheus-extension
2025-01-29 13:40:32,111 INFO c.h.h.t.HelmChartContainer - [test-hivemq-platform] [hivemq] [f1706768] INFO  - Started Jetty Server exposing Prometheus Servlet on URI http://0.0.0.0:9399/
2025-01-29 13:40:32,111 INFO c.h.h.t.HelmChartContainer - [test-hivemq-platform] [hivemq] [f1706768] INFO  - Extension "Prometheus Monitoring Extension" version 4.0.12 started successfully.
2025-01-29 13:40:32,112 INFO c.h.h.t.HelmChartContainer - [test-hivemq-platform] [hivemq] [f1706768] INFO  - Starting extension with id "hivemq-allow-all-extension" at /opt/hivemq/extensions/hivemq-allow-all-extension
2025-01-29 13:40:32,112 INFO c.h.h.t.HelmChartContainer - [test-hivemq-platform] [hivemq] [f1706768] WARN  - 
2025-01-29 13:40:32,112 INFO c.h.h.t.HelmChartContainer - [test-hivemq-platform] [hivemq] [f1706768] ################################################################################################################
2025-01-29 13:40:32,112 INFO c.h.h.t.HelmChartContainer - [test-hivemq-platform] [hivemq] [f1706768] # This HiveMQ deployment is not secure! You are lacking Authentication and Authorization.                      #
2025-01-29 13:40:32,112 INFO c.h.h.t.HelmChartContainer - [test-hivemq-platform] [hivemq] [f1706768] # Right now any MQTT client can connect to the broker with a full set of permissions.                          #
2025-01-29 13:40:32,112 INFO c.h.h.t.HelmChartContainer - [test-hivemq-platform] [hivemq] [f1706768] # For production usage, add an appropriate security extension and remove the hivemq-allow-all extension.       #
2025-01-29 13:40:32,112 INFO c.h.h.t.HelmChartContainer - [test-hivemq-platform] [hivemq] [f1706768] # You can download security extensions from the HiveMQ Marketplace (https://www.hivemq.com/extensions/).       #
2025-01-29 13:40:32,112 INFO c.h.h.t.HelmChartContainer - [test-hivemq-platform] [hivemq] [f1706768] ################################################################################################################
2025-01-29 13:40:32,113 INFO c.h.h.t.HelmChartContainer - [test-hivemq-platform] [hivemq] [f1706768] INFO  - Extension "Allow All Extension" version 1.1.1 started successfully.
2025-01-29 13:40:32,362 INFO c.h.h.t.HelmChartContainer - [hivemq-test-hivemq-platform] [hivemq-platform-operator] [51afcd68] 13:40:32.360 [pool-6-thread-46] DEBUG c.h.p.o.d.PlatformServiceResource - [helmbrok] Desired Platform services (3 services)
2025-01-29 13:40:32,364 INFO c.h.h.t.HelmChartContainer - [hivemq-test-hivemq-platform] [hivemq-platform-operator] [51afcd68] 13:40:32.361 [pool-6-thread-47] DEBUG c.h.p.o.dependants.PodInfoConfigMap - [helmbrok] Desired PodInfo ConfigMap (1 extensions) (1 enabled)
2025-01-29 13:40:32,365 INFO c.h.h.t.HelmChartContainer - [hivemq-test-hivemq-platform] [hivemq-platform-operator] [51afcd68] 13:40:32.361 [pool-6-thread-47] DEBUG c.h.p.o.dependants.PodInfoConfigMap - [helmbrok] Desired PodInfo ConfigMap (metrics port: 9399) (metrics path: /)
2025-01-29 13:40:32,365 INFO c.h.h.t.HelmChartContainer - [hivemq-test-hivemq-platform] [hivemq-platform-operator] [51afcd68] 13:40:32.361 [pool-6-thread-47] DEBUG c.h.p.o.dependants.PodInfoConfigMap - [helmbrok] Desired PodInfo ConfigMap (extension state hash: -1817474005)
2025-01-29 13:40:32,367 INFO c.h.h.t.HelmChartContainer - [hivemq-test-hivemq-platform] [hivemq-platform-operator] [51afcd68] 13:40:32.364 [pool-6-thread-44] DEBUG c.h.p.o.d.PodServiceAccountResource - [helmbrok] Desired PodServiceAccountResource (serviceAccountName: hivemq-platform-pod-test-hivemq-platform)
2025-01-29 13:40:32,367 INFO c.h.h.t.HelmChartContainer - [hivemq-test-hivemq-platform] [hivemq-platform-operator] [51afcd68] 13:40:32.366 [pool-6-thread-46] DEBUG c.h.p.o.d.StatefulSetResource - [helmbrok] Desired StatefulSet (1 replicas) for status STARTING (READY)
2025-01-29 13:40:32,373 INFO c.h.h.t.HelmChartContainer - [hivemq-test-hivemq-platform] [hivemq-platform-operator] [51afcd68] 13:40:32.370 [ReconcilerExecutor-hivemq-controller-112] INFO  c.h.p.o.HiveMQPlatformReconciler - [helmbrok] Reconciling HiveMQ Platform 'test-hivemq-platform' in namespace 'helmbrokerlicensesit'
2025-01-29 13:40:32,374 INFO c.h.h.t.HelmChartContainer - [hivemq-test-hivemq-platform] [hivemq-platform-operator] [51afcd68] 13:40:32.370 [ReconcilerExecutor-hivemq-controller-112] DEBUG c.h.p.o.HiveMQPlatformReconciler - [helmbrok] Custom Resource Status STARTING - HiveMQ Platform is starting (READY)
2025-01-29 13:40:32,374 INFO c.h.h.t.HelmChartContainer - [hivemq-test-hivemq-platform] [hivemq-platform-operator] [51afcd68] 13:40:32.370 [ReconcilerExecutor-hivemq-controller-112] DEBUG c.h.p.o.HiveMQPlatformReconciler - [helmbrok] Custom Resource Spec (replicas: 1) (extensions: 1)
2025-01-29 13:40:32,374 INFO c.h.h.t.HelmChartContainer - [hivemq-test-hivemq-platform] [hivemq-platform-operator] [51afcd68] 13:40:32.372 [ReconcilerExecutor-hivemq-controller-112] DEBUG c.h.p.o.HiveMQPlatformReconciler - [helmbrok] StatefulSet Status (revision: test-hivemq-platform-6994fc54f5, replicas: 1, available: 0, ready: 0, current: 1, updated: 1)
2025-01-29 13:40:32,374 INFO c.h.h.t.HelmChartContainer - [hivemq-test-hivemq-platform] [hivemq-platform-operator] [51afcd68] 13:40:32.372 [ReconcilerExecutor-hivemq-controller-112] DEBUG c.h.p.o.HiveMQPlatformReconciler - [helmbrok] StatefulSet Spec (replicas: 1, init containers: 1, containers: 1, volumes: 4)
2025-01-29 13:40:32,380 INFO c.h.h.t.HelmChartContainer - [hivemq-test-hivemq-platform] [hivemq-platform-operator] [51afcd68] 13:40:32.378 [ReconcilerExecutor-hivemq-controller-112] DEBUG c.h.p.o.h.HiveMQPlatformReconcilerErrorHandler - [helmbrok] Pod 'test-hivemq-platform-0' phase Running
2025-01-29 13:40:32,380 INFO c.h.h.t.HelmChartContainer - [hivemq-test-hivemq-platform] [hivemq-platform-operator] [51afcd68] 13:40:32.379 [ReconcilerExecutor-hivemq-controller-112] INFO  c.h.p.o.h.HiveMQPlatformReconcilerBaseHandler - [helmbrok] HiveMQ Platform is starting, 0 of 1 replicas are ready
2025-01-29 13:40:32,820 INFO c.h.h.t.HelmChartContainer - [test-hivemq-platform] [hivemq] [f1706768] INFO  - [HiveMQ Platform Operator Init App 1.7.0-SNAPSHOT] Returning Health API response 503 for readiness
2025-01-29 13:40:32,824 INFO c.h.h.t.HelmChartContainer - [EVENT] Warning [Unhealthy] Readiness probe failed: HTTP probe failed with statuscode: 503 [helmbrokerlicensesit:test-hivemq-platform-0]
2025-01-29 13:40:32,824 INFO c.h.h.t.HelmChartContainer - Received Unhealthy event for container hivemq in pod test-hivemq-platform-0 [f1706768-51e4-4046-9239-e1b8e10a46aa]
2025-01-29 13:40:34,409 INFO c.h.h.t.HelmChartContainer - [test-hivemq-platform] [hivemq] [f1706768] INFO  - cDAH0: no members discovered after 2595 ms: creating cluster as first member
2025-01-29 13:40:34,416 INFO c.h.h.t.HelmChartContainer - [test-hivemq-platform] [hivemq] [f1706768] INFO  - Cluster nodes found by discovery: [cDAH0|0] (1) [cDAH0].
2025-01-29 13:40:34,433 INFO c.h.h.t.HelmChartContainer - [test-hivemq-platform] [hivemq] [f1706768] WARN  - No user for HiveMQ Control Center configured. Starting with default user
2025-01-29 13:40:34,433 INFO c.h.h.t.HelmChartContainer - [test-hivemq-platform] [hivemq] [f1706768] INFO  - Starting HiveMQ Control Center on address 0.0.0.0 and port 8080
2025-01-29 13:40:34,507 INFO c.h.h.t.HelmChartContainer - [test-hivemq-platform] [hivemq] [f1706768] INFO  - Mounting HiveMQ Control Center V2 Preview
2025-01-29 13:40:35,025 INFO c.h.h.t.HelmChartContainer - [test-hivemq-platform] [hivemq] [f1706768] INFO  - Started HiveMQ Control Center in 592ms
2025-01-29 13:40:35,120 INFO c.h.h.t.HelmChartContainer - [test-hivemq-platform] [hivemq] [f1706768] INFO  - Starting TCP listener on address 0.0.0.0 and port 1883
2025-01-29 13:40:35,209 INFO c.h.h.t.HelmChartContainer - [test-hivemq-platform] [hivemq] [f1706768] INFO  - Started TCP Listener on address 0.0.0.0 and on port 1883.
2025-01-29 13:40:35,210 INFO c.h.h.t.HelmChartContainer - [test-hivemq-platform] [hivemq] [f1706768] INFO  - Started HiveMQ in 31401ms
2025-01-29 13:40:37,288 INFO c.h.h.t.HelmChartContainer - [test-hivemq-platform] [hivemq] [f1706768] INFO  - [HiveMQ Platform Operator Init App 1.7.0-SNAPSHOT] Returning Health API response 200 for readiness
2025-01-29 13:40:37,300 INFO c.h.h.t.HelmChartContainer - [POD] test-hivemq-platform-0 [f1706768-51e4-4046-9239-e1b8e10a46aa] in helmbrokerlicensesit was MODIFIED
2025-01-29 13:40:37,315 INFO c.h.h.t.HelmChartContainer - [hivemq-test-hivemq-platform] [hivemq-platform-operator] [51afcd68] 13:40:37.306 [pool-6-thread-1] DEBUG c.h.p.o.d.PlatformServiceResource - [helmbrok] Desired Platform services (3 services)
2025-01-29 13:40:37,319 INFO c.h.h.t.HelmChartContainer - [hivemq-test-hivemq-platform] [hivemq-platform-operator] [51afcd68] 13:40:37.314 [pool-6-thread-8] DEBUG c.h.p.o.dependants.PodInfoConfigMap - [helmbrok] Desired PodInfo ConfigMap (1 extensions) (1 enabled)
2025-01-29 13:40:37,326 INFO c.h.h.t.HelmChartContainer - [hivemq-test-hivemq-platform] [hivemq-platform-operator] [51afcd68] 13:40:37.315 [pool-6-thread-8] DEBUG c.h.p.o.dependants.PodInfoConfigMap - [helmbrok] Desired PodInfo ConfigMap (metrics port: 9399) (metrics path: /)
2025-01-29 13:40:37,326 INFO c.h.h.t.HelmChartContainer - [hivemq-test-hivemq-platform] [hivemq-platform-operator] [51afcd68] 13:40:37.315 [pool-6-thread-8] DEBUG c.h.p.o.dependants.PodInfoConfigMap - [helmbrok] Desired PodInfo ConfigMap (extension state hash: -1817474005)
2025-01-29 13:40:37,326 INFO c.h.h.t.HelmChartContainer - [hivemq-test-hivemq-platform] [hivemq-platform-operator] [51afcd68] 13:40:37.314 [pool-6-thread-6] DEBUG c.h.p.o.d.PodServiceAccountResource - [helmbrok] Desired PodServiceAccountResource (serviceAccountName: hivemq-platform-pod-test-hivemq-platform)
2025-01-29 13:40:37,326 INFO c.h.h.t.HelmChartContainer - [hivemq-test-hivemq-platform] [hivemq-platform-operator] [51afcd68] 13:40:37.320 [pool-6-thread-8] DEBUG c.h.p.o.d.StatefulSetResource - [helmbrok] Desired StatefulSet (1 replicas) for status STARTING (READY)
2025-01-29 13:40:37,334 INFO c.h.h.t.HelmChartContainer - [hivemq-test-hivemq-platform] [hivemq-platform-operator] [51afcd68] 13:40:37.334 [ReconcilerExecutor-hivemq-controller-113] INFO  c.h.p.o.HiveMQPlatformReconciler - [helmbrok] Reconciling HiveMQ Platform 'test-hivemq-platform' in namespace 'helmbrokerlicensesit'
2025-01-29 13:40:37,335 INFO c.h.h.t.HelmChartContainer - [hivemq-test-hivemq-platform] [hivemq-platform-operator] [51afcd68] 13:40:37.334 [ReconcilerExecutor-hivemq-controller-113] DEBUG c.h.p.o.HiveMQPlatformReconciler - [helmbrok] Custom Resource Status STARTING - HiveMQ Platform is starting (READY)
2025-01-29 13:40:37,336 INFO c.h.h.t.HelmChartContainer - [hivemq-test-hivemq-platform] [hivemq-platform-operator] [51afcd68] 13:40:37.334 [ReconcilerExecutor-hivemq-controller-113] DEBUG c.h.p.o.HiveMQPlatformReconciler - [helmbrok] Custom Resource Spec (replicas: 1) (extensions: 1)
2025-01-29 13:40:37,336 INFO c.h.h.t.HelmChartContainer - [hivemq-test-hivemq-platform] [hivemq-platform-operator] [51afcd68] 13:40:37.336 [ReconcilerExecutor-hivemq-controller-113] DEBUG c.h.p.o.HiveMQPlatformReconciler - [helmbrok] StatefulSet Status (revision: test-hivemq-platform-6994fc54f5, replicas: 1, available: 1, ready: 1, current: 1, updated: 1)
2025-01-29 13:40:37,338 INFO c.h.h.t.HelmChartContainer - [hivemq-test-hivemq-platform] [hivemq-platform-operator] [51afcd68] 13:40:37.336 [ReconcilerExecutor-hivemq-controller-113] DEBUG c.h.p.o.HiveMQPlatformReconciler - [helmbrok] StatefulSet Spec (replicas: 1, init containers: 1, containers: 1, volumes: 4)
2025-01-29 13:40:37,339 INFO c.h.h.t.HelmChartContainer - [hivemq-test-hivemq-platform] [hivemq-platform-operator] [51afcd68] 13:40:37.337 [ReconcilerExecutor-hivemq-controller-113] DEBUG c.h.p.o.h.HiveMQPlatformReconcilerErrorHandler - [helmbrok] Pod 'test-hivemq-platform-0' phase Running
2025-01-29 13:40:37,340 INFO c.h.h.t.HelmChartContainer - [hivemq-test-hivemq-platform] [hivemq-platform-operator] [51afcd68] 13:40:37.338 [ReconcilerExecutor-hivemq-controller-113] INFO  c.h.p.o.h.HiveMQPlatformReconcilerBaseHandler - [helmbrok] HiveMQ Platform started successfully
2025-01-29 13:40:37,437 INFO c.h.h.t.HelmChartContainer - [hivemq-test-hivemq-platform] [hivemq-platform-operator] [51afcd68] 13:40:37.436 [ReconcilerExecutor-hivemq-controller-113] DEBUG c.h.p.operator.event.EventSender - [helmbrok] Creating K8s event hivemq-platform-ready: [Ready] HiveMQ Platform is ready
2025-01-29 13:40:37,444 INFO c.h.h.t.HelmChartContainer - [EVENT] Normal [Ready] HiveMQ Platform is ready [helmbrokerlicensesit:test-hivemq-platform]
2025-01-29 13:40:37,444 INFO c.h.h.t.HelmChartContainer - [hivemq-test-hivemq-platform] [hivemq-platform-operator] [51afcd68] 13:40:37.442 [ReconcilerExecutor-hivemq-controller-113] INFO  c.h.p.o.h.AbstractHiveMQReconcilerStateHandler - [helmbrok] Update HiveMQ Platform Status (STARTING [READY] -> RUNNING [READY]): HiveMQ Platform is ready
2025-01-29 13:40:37,452 DEBUG com.hivemq.helmcharts.util.K8sUtil - Comparing actual state 'RUNNING' and waiting for 'RUNNING'
2025-01-29 13:40:37,457 INFO c.h.h.t.HelmChartContainer - [hivemq-test-hivemq-platform] [hivemq-platform-operator] [51afcd68] 13:40:37.455 [pool-6-thread-14] DEBUG c.h.p.o.d.PlatformServiceResource - [helmbrok] Desired Platform services (3 services)
2025-01-29 13:40:37,459 INFO c.h.h.t.HelmChartContainer - [hivemq-test-hivemq-platform] [hivemq-platform-operator] [51afcd68] 13:40:37.457 [pool-6-thread-11] DEBUG c.h.p.o.dependants.PodInfoConfigMap - [helmbrok] Desired PodInfo ConfigMap (1 extensions) (1 enabled)
2025-01-29 13:40:37,459 INFO c.h.h.t.HelmChartContainer - [hivemq-test-hivemq-platform] [hivemq-platform-operator] [51afcd68] 13:40:37.458 [pool-6-thread-11] DEBUG c.h.p.o.dependants.PodInfoConfigMap - [helmbrok] Desired PodInfo ConfigMap (metrics port: 9399) (metrics path: /)
2025-01-29 13:40:37,462 INFO c.h.h.t.HelmChartContainer - [hivemq-test-hivemq-platform] [hivemq-platform-operator] [51afcd68] 13:40:37.458 [pool-6-thread-11] DEBUG c.h.p.o.dependants.PodInfoConfigMap - [helmbrok] Desired PodInfo ConfigMap (extension state hash: -1817474005)
2025-01-29 13:40:37,462 INFO c.h.h.t.HelmChartContainer - [hivemq-test-hivemq-platform] [hivemq-platform-operator] [51afcd68] 13:40:37.459 [pool-6-thread-17] DEBUG c.h.p.o.d.PodServiceAccountResource - [helmbrok] Desired PodServiceAccountResource (serviceAccountName: hivemq-platform-pod-test-hivemq-platform)
2025-01-29 13:40:37,537 INFO c.h.h.t.HelmChartContainer - [hivemq-test-hivemq-platform] [hivemq-platform-operator] [51afcd68] 13:40:37.533 [pool-6-thread-11] DEBUG c.h.p.o.dependants.PodInfoConfigMap - [helmbrok] Update PodInfo ConfigMap
2025-01-29 13:40:37,551 INFO c.h.h.t.HelmChartContainer - [hivemq-test-hivemq-platform] [hivemq-platform-operator] [51afcd68] 13:40:37.550 [pool-6-thread-11] DEBUG c.h.p.o.d.StatefulSetResource - [helmbrok] Desired StatefulSet (1 replicas) for status RUNNING (READY)
2025-01-29 13:40:37,554 INFO c.h.h.t.HelmChartContainer - [hivemq-test-hivemq-platform] [hivemq-platform-operator] [51afcd68] 13:40:37.554 [ReconcilerExecutor-hivemq-controller-114] INFO  c.h.p.o.HiveMQPlatformReconciler - [helmbrok] Reconciling HiveMQ Platform 'test-hivemq-platform' in namespace 'helmbrokerlicensesit'
2025-01-29 13:40:37,555 INFO c.h.h.t.HelmChartContainer - [hivemq-test-hivemq-platform] [hivemq-platform-operator] [51afcd68] 13:40:37.554 [ReconcilerExecutor-hivemq-controller-114] DEBUG c.h.p.o.HiveMQPlatformReconciler - [helmbrok] Custom Resource Status RUNNING - HiveMQ Platform is ready (READY)
2025-01-29 13:40:37,556 INFO c.h.h.t.HelmChartContainer - [hivemq-test-hivemq-platform] [hivemq-platform-operator] [51afcd68] 13:40:37.554 [ReconcilerExecutor-hivemq-controller-114] DEBUG c.h.p.o.HiveMQPlatformReconciler - [helmbrok] Custom Resource Spec (replicas: 1) (extensions: 1)
2025-01-29 13:40:37,557 INFO c.h.h.t.HelmChartContainer - [hivemq-test-hivemq-platform] [hivemq-platform-operator] [51afcd68] 13:40:37.555 [ReconcilerExecutor-hivemq-controller-114] DEBUG c.h.p.o.HiveMQPlatformReconciler - [helmbrok] StatefulSet Status (revision: test-hivemq-platform-6994fc54f5, replicas: 1, available: 1, ready: 1, current: 1, updated: 1)
2025-01-29 13:40:37,557 INFO c.h.h.t.HelmChartContainer - [hivemq-test-hivemq-platform] [hivemq-platform-operator] [51afcd68] 13:40:37.555 [ReconcilerExecutor-hivemq-controller-114] DEBUG c.h.p.o.HiveMQPlatformReconciler - [helmbrok] StatefulSet Spec (replicas: 1, init containers: 1, containers: 1, volumes: 4)
2025-01-29 13:40:37,558 INFO c.h.h.t.HelmChartContainer - [hivemq-test-hivemq-platform] [hivemq-platform-operator] [51afcd68] 13:40:37.557 [ReconcilerExecutor-hivemq-controller-114] DEBUG c.h.p.o.h.HiveMQPlatformReconcilerErrorHandler - [helmbrok] Pod 'test-hivemq-platform-0' phase Running
2025-01-29 13:40:41,470 INFO c.h.h.t.HelmChartContainer - Uninstalling release 'test-hivemq-platform' in namespace 'helmbrokerlicensesit'...
2025-01-29 13:40:41,470 DEBUG c.h.h.t.HelmChartContainer - Executing helm command: /bin/helm --kubeconfig /etc/rancher/k3s/k3s.yaml uninstall test-hivemq-platform  --wait --timeout 5m0s --cascade foreground --namespace helmbrokerlicensesit
2025-01-29 13:40:41,659 INFO c.h.h.t.HelmChartContainer - [hivemq-test-hivemq-platform] [hivemq-platform-operator] [51afcd68] 13:40:41.658 [pool-6-thread-25] DEBUG c.h.p.o.d.PlatformServiceResource - [helmbrok] Desired Platform services (3 services)
2025-01-29 13:40:41,665 INFO c.h.h.t.HelmChartContainer - [hivemq-test-hivemq-platform] [hivemq-platform-operator] [51afcd68] 13:40:41.661 [pool-6-thread-21] DEBUG c.h.p.o.dependants.PodInfoConfigMap - [helmbrok] Desired PodInfo ConfigMap (1 extensions) (1 enabled)
2025-01-29 13:40:41,665 INFO c.h.h.t.HelmChartContainer - [hivemq-test-hivemq-platform] [hivemq-platform-operator] [51afcd68] 13:40:41.661 [pool-6-thread-21] DEBUG c.h.p.o.dependants.PodInfoConfigMap - [helmbrok] Desired PodInfo ConfigMap (metrics port: 9399) (metrics path: /)
2025-01-29 13:40:41,665 INFO c.h.h.t.HelmChartContainer - [hivemq-test-hivemq-platform] [hivemq-platform-operator] [51afcd68] 13:40:41.661 [pool-6-thread-21] DEBUG c.h.p.o.dependants.PodInfoConfigMap - [helmbrok] Desired PodInfo ConfigMap (extension state hash: -1817474005)
2025-01-29 13:40:41,668 INFO c.h.h.t.HelmChartContainer - [hivemq-test-hivemq-platform] [hivemq-platform-operator] [51afcd68] 13:40:41.662 [pool-6-thread-26] DEBUG c.h.p.o.d.PodServiceAccountResource - [helmbrok] Desired PodServiceAccountResource (serviceAccountName: hivemq-platform-pod-test-hivemq-platform)
2025-01-29 13:40:41,668 INFO c.h.h.t.HelmChartContainer - [hivemq-test-hivemq-platform] [hivemq-platform-operator] [51afcd68] 13:40:41.666 [pool-6-thread-25] DEBUG c.h.p.o.d.StatefulSetResource - [helmbrok] Desired StatefulSet (1 replicas) for status RUNNING (READY)
2025-01-29 13:40:41,742 INFO c.h.h.t.HelmChartContainer - [hivemq-test-hivemq-platform] [hivemq-platform-operator] [51afcd68] 13:40:41.738 [ReconcilerExecutor-hivemq-controller-115] INFO  c.h.p.o.HiveMQPlatformReconciler - [helmbrok] Reconciling HiveMQ Platform 'test-hivemq-platform' in namespace 'helmbrokerlicensesit'
2025-01-29 13:40:41,742 INFO c.h.h.t.HelmChartContainer - [hivemq-test-hivemq-platform] [hivemq-platform-operator] [51afcd68] 13:40:41.738 [ReconcilerExecutor-hivemq-controller-115] DEBUG c.h.p.o.HiveMQPlatformReconciler - [helmbrok] Custom Resource Status RUNNING - HiveMQ Platform is ready (READY)
2025-01-29 13:40:41,742 INFO c.h.h.t.HelmChartContainer - [hivemq-test-hivemq-platform] [hivemq-platform-operator] [51afcd68] 13:40:41.739 [ReconcilerExecutor-hivemq-controller-115] DEBUG c.h.p.o.HiveMQPlatformReconciler - [helmbrok] Custom Resource Spec (replicas: 1) (extensions: 1)
2025-01-29 13:40:41,742 INFO c.h.h.t.HelmChartContainer - [hivemq-test-hivemq-platform] [hivemq-platform-operator] [51afcd68] 13:40:41.740 [ReconcilerExecutor-hivemq-controller-115] DEBUG c.h.p.o.HiveMQPlatformReconciler - [helmbrok] StatefulSet Status (revision: test-hivemq-platform-6994fc54f5, replicas: 1, available: 1, ready: 1, current: 1, updated: 1)
2025-01-29 13:40:41,742 INFO c.h.h.t.HelmChartContainer - [hivemq-test-hivemq-platform] [hivemq-platform-operator] [51afcd68] 13:40:41.740 [ReconcilerExecutor-hivemq-controller-115] DEBUG c.h.p.o.HiveMQPlatformReconciler - [helmbrok] StatefulSet Spec (replicas: 1, init containers: 1, containers: 1, volumes: 4)
2025-01-29 13:40:41,747 INFO c.h.h.t.HelmChartContainer - [hivemq-test-hivemq-platform] [hivemq-platform-operator] [51afcd68] 13:40:41.744 [ReconcilerExecutor-hivemq-controller-115] DEBUG c.h.p.o.h.HiveMQPlatformReconcilerErrorHandler - [helmbrok] Pod 'test-hivemq-platform-0' phase Running
2025-01-29 13:40:41,753 INFO c.h.h.t.HelmChartContainer - [hivemq-test-hivemq-platform] [hivemq-platform-operator] [51afcd68] 13:40:41.752 [ReconcilerExecutor-hivemq-controller-116] INFO  c.h.p.o.HiveMQPlatformReconciler - [helmbrok] Cleanup test-hivemq-platform - helmbrokerlicensesit HiveMQ Platform is shut down
2025-01-29 13:40:42,544 INFO c.h.h.t.HelmChartContainer - [POD] test-hivemq-platform-0 [f1706768-51e4-4046-9239-e1b8e10a46aa] in helmbrokerlicensesit was MODIFIED
2025-01-29 13:40:42,545 INFO c.h.h.t.HelmChartContainer - [EVENT] Normal [Killing] Stopping container hivemq [helmbrokerlicensesit:test-hivemq-platform-0]
2025-01-29 13:40:42,546 INFO c.h.h.t.HelmChartContainer - Received Killing event for container hivemq in pod test-hivemq-platform-0 [f1706768-51e4-4046-9239-e1b8e10a46aa]
2025-01-29 13:40:42,546 INFO c.h.h.t.HelmChartContainer - Container [test-hivemq-platform-0] [hivemq] [f1706768-51e4-4046-9239-e1b8e10a46aa] was terminated
2025-01-29 13:40:42,546 INFO c.h.h.t.HelmChartContainer - Stopped log watcher for hivemq in pod test-hivemq-platform-0 [f1706768-51e4-4046-9239-e1b8e10a46aa]
2025-01-29 13:40:42,555 INFO c.h.h.t.HelmChartContainer - [test-hivemq-platform] [hivemq] [f1706768] INFO  - [HiveMQ Platform Operator Init App 1.7.0-SNAPSHOT] Shutting down
2025-01-29 13:40:42,555 INFO c.h.h.t.HelmChartContainer - [test-hivemq-platform] [hivemq] [f1706768] INFO  - [HiveMQ Platform Operator Init App 1.7.0-SNAPSHOT] Stopping the HiveMQ Platform
2025-01-29 13:40:42,677 INFO c.h.h.t.HelmChartContainer - [test-hivemq-platform] [hivemq] [f1706768] INFO  - Shutting down HiveMQ. Please wait, this could take a while...
2025-01-29 13:40:42,677 INFO c.h.h.t.HelmChartContainer - [K3S] [authentication.go:74] "Unable to authenticate the request" err="[invalid bearer token, serviceaccounts \"hivemq-platform-pod-test-hivemq-platform\" not found]"
2025-01-29 13:40:42,708 INFO c.h.h.t.HelmChartContainer - [test-hivemq-platform] [hivemq] [f1706768] INFO  - Shutting down listeners and clients
2025-01-29 13:40:42,710 INFO c.h.h.t.HelmChartContainer - [test-hivemq-platform] [hivemq] [f1706768] INFO  - Shutdown of listeners is done
2025-01-29 13:40:42,710 INFO c.h.h.t.HelmChartContainer - [test-hivemq-platform] [hivemq] [f1706768] INFO  - No clients are connected, proceeding with shutdown
2025-01-29 13:40:42,818 INFO c.h.h.t.HelmChartContainer - [K3S] [authentication.go:74] "Unable to authenticate the request" err="[invalid bearer token, serviceaccounts \"hivemq-platform-pod-test-hivemq-platform\" not found]"
2025-01-29 13:40:42,912 INFO c.h.h.t.HelmChartContainer - [test-hivemq-platform] [hivemq] [f1706768] WARN  - [HiveMQ Platform Operator Init App 1.7.0-SNAPSHOT] Could not update Pod annotations: Failure executing: GET at: https://10.43.0.1:443/api/v1/namespaces/helmbrokerlicensesit/pods/test-hivemq-platform-0. Message: Unauthorized. Received status: Status(apiVersion=v1, code=401, details=null, kind=Status, message=Unauthorized, metadata=ListMeta(_continue=null, remainingItemCount=null, resourceVersion=null, selfLink=null, additionalProperties={}), reason=Unauthorized, status=Failure, additionalProperties={}).
2025-01-29 13:40:43,720 INFO c.h.h.t.HelmChartContainer - Deleting namespace 'helmbrokerlicensesit'...
2025-01-29 13:40:45,407 INFO c.h.h.t.HelmChartContainer - [K3S] [range_allocator.go:247] "Successfully synced" key="0e5534e18bbb"
2025-01-29 13:40:45,521 INFO c.h.h.t.HelmChartContainer - [test-hivemq-platform] [hivemq] [f1706768] INFO  - Shutting down extension system
2025-01-29 13:40:45,523 INFO c.h.h.t.HelmChartContainer - [test-hivemq-platform] [hivemq] [f1706768] INFO  - Stopping extension with id hivemq-dns-cluster-discovery
2025-01-29 13:40:45,524 INFO c.h.h.t.HelmChartContainer - [test-hivemq-platform] [hivemq] [f1706768] INFO  - Extension "DNS Cluster Discovery Extension" version 4.3.2 stopped successfully.
2025-01-29 13:40:45,525 INFO c.h.h.t.HelmChartContainer - [test-hivemq-platform] [hivemq] [f1706768] INFO  - Stopping extension with id hivemq-prometheus-extension
2025-01-29 13:40:45,529 INFO c.h.h.t.HelmChartContainer - [test-hivemq-platform] [hivemq] [f1706768] INFO  - Extension "Prometheus Monitoring Extension" version 4.0.12 stopped successfully.
2025-01-29 13:40:45,530 INFO c.h.h.t.HelmChartContainer - [test-hivemq-platform] [hivemq] [f1706768] INFO  - Stopping extension with id hivemq-allow-all-extension
2025-01-29 13:40:45,530 INFO c.h.h.t.HelmChartContainer - [test-hivemq-platform] [hivemq] [f1706768] INFO  - Extension "Allow All Extension" version 1.1.1 stopped successfully.
2025-01-29 13:40:47,284 INFO c.h.h.t.HelmChartContainer - [test-hivemq-platform] [hivemq] [f1706768] INFO  - [HiveMQ Platform Operator Init App 1.7.0-SNAPSHOT] Returning shutdown Health API response 503 for readiness
2025-01-29 13:40:47,288 INFO c.h.h.t.HelmChartContainer - [EVENT] Warning [Unhealthy] Readiness probe failed: HTTP probe failed with statuscode: 503 [helmbrokerlicensesit:test-hivemq-platform-0]
2025-01-29 13:40:47,289 INFO c.h.h.t.HelmChartContainer - Received Unhealthy event for container hivemq in pod test-hivemq-platform-0 [f1706768-51e4-4046-9239-e1b8e10a46aa]
2025-01-29 13:40:47,873 INFO c.h.h.t.HelmChartContainer - [test-hivemq-platform] [hivemq] [f1706768] INFO  - Shutdown completed.
2025-01-29 13:40:47,915 INFO c.h.h.t.HelmChartContainer - [K3S] [authentication.go:74] "Unable to authenticate the request" err="[invalid bearer token, serviceaccounts \"hivemq-platform-pod-test-hivemq-platform\" not found]"
2025-01-29 13:40:47,926 INFO c.h.h.t.HelmChartContainer - [K3S] [authentication.go:74] "Unable to authenticate the request" err="[invalid bearer token, serviceaccounts \"hivemq-platform-pod-test-hivemq-platform\" not found]"
2025-01-29 13:40:47,928 INFO c.h.h.t.HelmChartContainer - [test-hivemq-platform] [hivemq] [f1706768] WARN  - [HiveMQ Platform Operator Init App 1.7.0-SNAPSHOT] Could not update Pod annotations: Failure executing: GET at: https://10.43.0.1:443/api/v1/namespaces/helmbrokerlicensesit/pods/test-hivemq-platform-0. Message: Unauthorized. Received status: Status(apiVersion=v1, code=401, details=null, kind=Status, message=Unauthorized, metadata=ListMeta(_continue=null, remainingItemCount=null, resourceVersion=null, selfLink=null, additionalProperties={}), reason=Unauthorized, status=Failure, additionalProperties={}).
2025-01-29 13:40:48,221 INFO c.h.h.t.HelmChartContainer - [test-hivemq-platform] [hivemq] [f1706768] INFO  - [HiveMQ Platform Operator Init App 1.7.0-SNAPSHOT] The HiveMQ Platform exited with code 143
2025-01-29 13:40:48,221 INFO c.h.h.t.HelmChartContainer - [test-hivemq-platform] [hivemq] [f1706768] INFO  - [HiveMQ Platform Operator Init App 1.7.0-SNAPSHOT] Stopping the REST API
2025-01-29 13:40:48,228 INFO c.h.h.t.HelmChartContainer - [test-hivemq-platform] [hivemq] [f1706768] INFO  - [HiveMQ Platform Operator Init App 1.7.0-SNAPSHOT] Shutdown complete
2025-01-29 13:40:48,676 INFO c.h.h.t.HelmChartContainer - [POD] test-hivemq-platform-0 [f1706768-51e4-4046-9239-e1b8e10a46aa] in helmbrokerlicensesit was MODIFIED
2025-01-29 13:40:48,676 INFO c.h.h.t.HelmChartContainer - [K3S] [stateful_set.go:438] "Unhandled Error" err="error syncing StatefulSet helmbrokerlicensesit/test-hivemq-platform, requeuing: controllerrevisions.apps \"test-hivemq-platform-6994fc54f5\" is forbidden: unable to create new content in namespace helmbrokerlicensesit because it is being terminated"
2025-01-29 13:40:48,685 INFO c.h.h.t.HelmChartContainer - [K3S] [stateful_set.go:438] "Unhandled Error" err="error syncing StatefulSet helmbrokerlicensesit/test-hivemq-platform, requeuing: controllerrevisions.apps \"test-hivemq-platform-6994fc54f5\" is forbidden: unable to create new content in namespace helmbrokerlicensesit because it is being terminated"
2025-01-29 13:40:48,698 INFO c.h.h.t.HelmChartContainer - [K3S] [stateful_set.go:438] "Unhandled Error" err="error syncing StatefulSet helmbrokerlicensesit/test-hivemq-platform, requeuing: controllerrevisions.apps \"test-hivemq-platform-6994fc54f5\" is forbidden: unable to create new content in namespace helmbrokerlicensesit because it is being terminated"
2025-01-29 13:40:48,721 INFO c.h.h.t.HelmChartContainer - [K3S] [stateful_set.go:438] "Unhandled Error" err="error syncing StatefulSet helmbrokerlicensesit/test-hivemq-platform, requeuing: controllerrevisions.apps \"test-hivemq-platform-6994fc54f5\" is forbidden: unable to create new content in namespace helmbrokerlicensesit because it is being terminated"
2025-01-29 13:40:48,737 INFO c.h.h.t.HelmChartContainer - [K3S] [reconciler_common.go:162] "operationExecutor.UnmountVolume started for volume \"kube-api-access-tl69g\" (UniqueName: \"kubernetes.io/projected/f1706768-51e4-4046-9239-e1b8e10a46aa-kube-api-access-tl69g\") pod \"f1706768-51e4-4046-9239-e1b8e10a46aa\" (UID: \"f1706768-51e4-4046-9239-e1b8e10a46aa\") "
2025-01-29 13:40:48,737 INFO c.h.h.t.HelmChartContainer - [K3S] [reconciler_common.go:162] "operationExecutor.UnmountVolume started for volume \"licenses\" (UniqueName: \"kubernetes.io/secret/f1706768-51e4-4046-9239-e1b8e10a46aa-licenses\") pod \"f1706768-51e4-4046-9239-e1b8e10a46aa\" (UID: \"f1706768-51e4-4046-9239-e1b8e10a46aa\") "
2025-01-29 13:40:48,738 INFO c.h.h.t.HelmChartContainer - [K3S] [reconciler_common.go:162] "operationExecutor.UnmountVolume started for volume \"pod-info\" (UniqueName: \"kubernetes.io/configmap/f1706768-51e4-4046-9239-e1b8e10a46aa-pod-info\") pod \"f1706768-51e4-4046-9239-e1b8e10a46aa\" (UID: \"f1706768-51e4-4046-9239-e1b8e10a46aa\") "
2025-01-29 13:40:48,738 INFO c.h.h.t.HelmChartContainer - [K3S] [reconciler_common.go:162] "operationExecutor.UnmountVolume started for volume \"broker-configuration\" (UniqueName: \"kubernetes.io/configmap/f1706768-51e4-4046-9239-e1b8e10a46aa-broker-configuration\") pod \"f1706768-51e4-4046-9239-e1b8e10a46aa\" (UID: \"f1706768-51e4-4046-9239-e1b8e10a46aa\") "
2025-01-29 13:40:48,738 INFO c.h.h.t.HelmChartContainer - [K3S] [reconciler_common.go:162] "operationExecutor.UnmountVolume started for volume \"operator-init\" (UniqueName: \"kubernetes.io/empty-dir/f1706768-51e4-4046-9239-e1b8e10a46aa-operator-init\") pod \"f1706768-51e4-4046-9239-e1b8e10a46aa\" (UID: \"f1706768-51e4-4046-9239-e1b8e10a46aa\") "
2025-01-29 13:40:48,764 INFO c.h.h.t.HelmChartContainer - [K3S] [stateful_set.go:438] "Unhandled Error" err="error syncing StatefulSet helmbrokerlicensesit/test-hivemq-platform, requeuing: controllerrevisions.apps \"test-hivemq-platform-6994fc54f5\" is forbidden: unable to create new content in namespace helmbrokerlicensesit because it is being terminated"
2025-01-29 13:40:48,807 INFO c.h.h.t.HelmChartContainer - [K3S] [stateful_set.go:466] "StatefulSet has been deleted" key="helmbrokerlicensesit/test-hivemq-platform"
2025-01-29 13:40:48,838 INFO c.h.h.t.HelmChartContainer - [K3S] [reconciler_common.go:299] "Volume detached for volume \"broker-configuration\" (UniqueName: \"kubernetes.io/configmap/f1706768-51e4-4046-9239-e1b8e10a46aa-broker-configuration\") on node \"0e5534e18bbb\" DevicePath \"\""
2025-01-29 13:40:48,838 INFO c.h.h.t.HelmChartContainer - [K3S] [reconciler_common.go:299] "Volume detached for volume \"licenses\" (UniqueName: \"kubernetes.io/secret/f1706768-51e4-4046-9239-e1b8e10a46aa-licenses\") on node \"0e5534e18bbb\" DevicePath \"\""
2025-01-29 13:40:48,838 INFO c.h.h.t.HelmChartContainer - [K3S] [reconciler_common.go:299] "Volume detached for volume \"pod-info\" (UniqueName: \"kubernetes.io/configmap/f1706768-51e4-4046-9239-e1b8e10a46aa-pod-info\") on node \"0e5534e18bbb\" DevicePath \"\""
2025-01-29 13:40:48,838 INFO c.h.h.t.HelmChartContainer - [K3S] [reconciler_common.go:299] "Volume detached for volume \"operator-init\" (UniqueName: \"kubernetes.io/empty-dir/f1706768-51e4-4046-9239-e1b8e10a46aa-operator-init\") on node \"0e5534e18bbb\" DevicePath \"\""
2025-01-29 13:40:48,838 INFO c.h.h.t.HelmChartContainer - [K3S] [reconciler_common.go:299] "Volume detached for volume \"kube-api-access-tl69g\" (UniqueName: \"kubernetes.io/projected/f1706768-51e4-4046-9239-e1b8e10a46aa-kube-api-access-tl69g\") on node \"0e5534e18bbb\" DevicePath \"\""
2025-01-29 13:40:48,845 INFO c.h.h.t.HelmChartContainer - [K3S] [stateful_set.go:466] "StatefulSet has been deleted" key="helmbrokerlicensesit/test-hivemq-platform"
2025-01-29 13:40:48,861 INFO c.h.h.t.HelmChartContainer - [K3S] [namespace_controller.go:164] "Unhandled Error" err="deletion of namespace helmbrokerlicensesit failed: unexpected items still remain in namespace: helmbrokerlicensesit for gvr: /v1, Resource=pods"
2025-01-29 13:40:49,031 INFO c.h.h.t.HelmChartContainer - [K3S] [namespace_controller.go:164] "Unhandled Error" err="deletion of namespace helmbrokerlicensesit failed: unexpected items still remain in namespace: helmbrokerlicensesit for gvr: /v1, Resource=pods"
2025-01-29 13:40:49,127 INFO c.h.h.t.HelmChartContainer - [K3S] [namespace_controller.go:164] "Unhandled Error" err="deletion of namespace helmbrokerlicensesit failed: unexpected items still remain in namespace: helmbrokerlicensesit for gvr: /v1, Resource=pods"
2025-01-29 13:40:49,235 INFO c.h.h.t.HelmChartContainer - [K3S] [namespace_controller.go:164] "Unhandled Error" err="deletion of namespace helmbrokerlicensesit failed: unexpected items still remain in namespace: helmbrokerlicensesit for gvr: /v1, Resource=pods"
2025-01-29 13:40:49,361 INFO c.h.h.t.HelmChartContainer - [K3S] [namespace_controller.go:164] "Unhandled Error" err="deletion of namespace helmbrokerlicensesit failed: unexpected items still remain in namespace: helmbrokerlicensesit for gvr: /v1, Resource=pods"
2025-01-29 13:40:49,490 INFO c.h.h.t.HelmChartContainer - [K3S] [scope.go:117] "RemoveContainer" containerID="b65ae9db1727232a7ababa197fde05af381e0c375bf803b2b5f7883f346d188a"
2025-01-29 13:40:49,510 INFO c.h.h.t.HelmChartContainer - [POD] test-hivemq-platform-0 [f1706768-51e4-4046-9239-e1b8e10a46aa] in helmbrokerlicensesit was MODIFIED
2025-01-29 13:40:49,510 INFO c.h.h.t.HelmChartContainer - [POD] test-hivemq-platform-0 [f1706768-51e4-4046-9239-e1b8e10a46aa] in helmbrokerlicensesit was DELETED
2025-01-29 13:40:49,589 INFO c.h.h.t.HelmChartContainer - [K3S] [scope.go:117] "RemoveContainer" containerID="bf71c8fe3d639e2447644f6fe644438d7fa1f435e3883a946f7676efa4d204f5"
2025-01-29 13:40:49,592 INFO c.h.h.t.HelmChartContainer - [K3S] [scope.go:117] "RemoveContainer" containerID="b65ae9db1727232a7ababa197fde05af381e0c375bf803b2b5f7883f346d188a"
2025-01-29 13:40:49,593 INFO c.h.h.t.HelmChartContainer - [K3S] [scope.go:117] "RemoveContainer" containerID="bf71c8fe3d639e2447644f6fe644438d7fa1f435e3883a946f7676efa4d204f5"
2025-01-29 13:40:49,658 INFO c.h.h.t.HelmChartContainer - [K3S] [namespace_controller.go:164] "Unhandled Error" err="deletion of namespace helmbrokerlicensesit failed: unexpected items still remain in namespace: helmbrokerlicensesit for gvr: /v1, Resource=pods"
2025-01-29 13:40:49,943 INFO c.h.h.t.HelmChartContainer - Namespace 'helmbrokerlicensesit' deleted
2025-01-29 13:40:49,943 INFO c.h.h.t.HelmChartContainer - Release 'test-hivemq-platform' in namespace 'helmbrokerlicensesit' is uninstalled
2025-01-29 13:40:49,943 INFO c.h.h.t.HelmChartContainer - Uninstalling release 'test-hivemq-platform-operator' in namespace 'helmbrokerlicensesit-operator'...
2025-01-29 13:40:49,944 DEBUG c.h.h.t.HelmChartContainer - Executing helm command: /bin/helm --kubeconfig /etc/rancher/k3s/k3s.yaml uninstall test-hivemq-platform-operator  --wait --timeout 5m0s --cascade foreground --namespace helmbrokerlicensesit-operator
2025-01-29 13:40:50,110 INFO c.h.h.t.HelmChartContainer - [K3S] [replica_set.go:679] "Finished syncing" kind="ReplicaSet" key="helmbrokerlicensesit-operator/hivemq-test-hivemq-platform-operator-6966f96d65" duration="7.730484ms"
2025-01-29 13:40:50,111 INFO c.h.h.t.HelmChartContainer - [K3S] [replica_set.go:679] "Finished syncing" kind="ReplicaSet" key="helmbrokerlicensesit-operator/hivemq-test-hivemq-platform-operator-6966f96d65" duration="36.739µs"
2025-01-29 13:40:50,125 INFO c.h.h.t.HelmChartContainer - [POD] hivemq-test-hivemq-platform-operator-6966f96d65-5htvr [51afcd68-b4bd-41f8-a9db-1506f597a3ed] in helmbrokerlicensesit-operator was MODIFIED
2025-01-29 13:40:50,137 INFO c.h.h.t.HelmChartContainer - [EVENT] Normal [Killing] Stopping container hivemq-platform-operator [helmbrokerlicensesit-operator:hivemq-test-hivemq-platform-operator-6966f96d65-5htvr]
2025-01-29 13:40:50,137 INFO c.h.h.t.HelmChartContainer - Received Killing event for container hivemq-platform-operator in pod hivemq-test-hivemq-platform-operator-6966f96d65-5htvr [51afcd68-b4bd-41f8-a9db-1506f597a3ed]
2025-01-29 13:40:50,137 INFO c.h.h.t.HelmChartContainer - Container [hivemq-test-hivemq-platform-operator-6966f96d65-5htvr] [hivemq-platform-operator] [51afcd68-b4bd-41f8-a9db-1506f597a3ed] was terminated
2025-01-29 13:40:50,137 INFO c.h.h.t.HelmChartContainer - Stopped log watcher for hivemq-platform-operator in pod hivemq-test-hivemq-platform-operator-6966f96d65-5htvr [51afcd68-b4bd-41f8-a9db-1506f597a3ed]
2025-01-29 13:40:50,140 INFO c.h.h.t.HelmChartContainer - [K3S] [replica_set.go:679] "Finished syncing" kind="ReplicaSet" key="helmbrokerlicensesit-operator/hivemq-test-hivemq-platform-operator-6966f96d65" duration="18.561237ms"
2025-01-29 13:40:50,148 INFO c.h.h.t.HelmChartContainer - [K3S] [replica_set.go:679] "Finished syncing" kind="ReplicaSet" key="helmbrokerlicensesit-operator/hivemq-test-hivemq-platform-operator-6966f96d65" duration="32.471µs"
2025-01-29 13:40:50,172 INFO c.h.h.t.HelmChartContainer - [hivemq-test-hivemq-platform] [hivemq-platform-operator] [51afcd68] 13:40:50.169 [application-shutdown-thread] INFO  c.h.p.o.HiveMQPlatformOperatorApplication - HiveMQ Platform Operator is stopping...
2025-01-29 13:40:50,172 INFO c.h.h.t.HelmChartContainer - [hivemq-test-hivemq-platform] [hivemq-platform-operator] [51afcd68] 13:40:50.170 [application-shutdown-thread] INFO  i.javaoperatorsdk.operator.Operator - Operator SDK 4.9.7 is shutting down...
2025-01-29 13:40:50,767 INFO c.h.h.t.HelmChartContainer - [K3S] [replica_set.go:679] "Finished syncing" kind="ReplicaSet" key="helmbrokerlicensesit-operator/hivemq-test-hivemq-platform-operator-6966f96d65" duration="41.607µs"
2025-01-29 13:40:50,769 INFO c.h.h.t.HelmChartContainer - [POD] hivemq-test-hivemq-platform-operator-6966f96d65-5htvr [51afcd68-b4bd-41f8-a9db-1506f597a3ed] in helmbrokerlicensesit-operator was MODIFIED
2025-01-29 13:40:50,849 INFO c.h.h.t.HelmChartContainer - [K3S] [reconciler_common.go:162] "operationExecutor.UnmountVolume started for volume \"kube-api-access-lnfw9\" (UniqueName: \"kubernetes.io/projected/51afcd68-b4bd-41f8-a9db-1506f597a3ed-kube-api-access-lnfw9\") pod \"51afcd68-b4bd-41f8-a9db-1506f597a3ed\" (UID: \"51afcd68-b4bd-41f8-a9db-1506f597a3ed\") "
2025-01-29 13:40:50,950 INFO c.h.h.t.HelmChartContainer - [K3S] [reconciler_common.go:299] "Volume detached for volume \"kube-api-access-lnfw9\" (UniqueName: \"kubernetes.io/projected/51afcd68-b4bd-41f8-a9db-1506f597a3ed-kube-api-access-lnfw9\") on node \"0e5534e18bbb\" DevicePath \"\""
2025-01-29 13:40:51,155 INFO c.h.h.t.HelmChartContainer - [K3S] [kubelet_volumes.go:163] "Cleaned up orphaned pod volumes dir" podUID="f1706768-51e4-4046-9239-e1b8e10a46aa" path="/var/lib/kubelet/pods/f1706768-51e4-4046-9239-e1b8e10a46aa/volumes"
2025-01-29 13:40:51,494 INFO c.h.h.t.HelmChartContainer - [K3S] [scope.go:117] "RemoveContainer" containerID="26258f035bbcff67493784917548122bc84be5bbb8b62df5b71642aa291e980a"
2025-01-29 13:40:51,498 INFO c.h.h.t.HelmChartContainer - [K3S] [scope.go:117] "RemoveContainer" containerID="26258f035bbcff67493784917548122bc84be5bbb8b62df5b71642aa291e980a"
2025-01-29 13:40:51,503 INFO c.h.h.t.HelmChartContainer - [K3S] [replica_set.go:679] "Finished syncing" kind="ReplicaSet" key="helmbrokerlicensesit-operator/hivemq-test-hivemq-platform-operator-6966f96d65" duration="54.191µs"
2025-01-29 13:40:51,504 INFO c.h.h.t.HelmChartContainer - [POD] hivemq-test-hivemq-platform-operator-6966f96d65-5htvr [51afcd68-b4bd-41f8-a9db-1506f597a3ed] in helmbrokerlicensesit-operator was MODIFIED
2025-01-29 13:40:51,506 INFO c.h.h.t.HelmChartContainer - [POD] hivemq-test-hivemq-platform-operator-6966f96d65-5htvr [51afcd68-b4bd-41f8-a9db-1506f597a3ed] in helmbrokerlicensesit-operator was DELETED
2025-01-29 13:40:51,506 INFO c.h.h.t.HelmChartContainer - [K3S] [replica_set.go:679] "Finished syncing" kind="ReplicaSet" key="helmbrokerlicensesit-operator/hivemq-test-hivemq-platform-operator-6966f96d65" duration="53.219µs"
2025-01-29 13:40:51,515 INFO c.h.h.t.HelmChartContainer - [K3S] [replica_set.go:679] "Finished syncing" kind="ReplicaSet" key="helmbrokerlicensesit-operator/hivemq-test-hivemq-platform-operator-6966f96d65" duration="5.18µs"
2025-01-29 13:40:52,166 INFO c.h.h.t.HelmChartContainer - Deleting namespace 'helmbrokerlicensesit-operator'...
2025-01-29 13:40:53,154 INFO c.h.h.t.HelmChartContainer - [K3S] [kubelet_volumes.go:163] "Cleaned up orphaned pod volumes dir" podUID="51afcd68-b4bd-41f8-a9db-1506f597a3ed" path="/var/lib/kubelet/pods/51afcd68-b4bd-41f8-a9db-1506f597a3ed/volumes"
2025-01-29 13:40:54,907 INFO c.h.h.t.HelmChartContainer - [K3S] [namespace_controller.go:187] "Namespace has been deleted" namespace="helmbrokerlicensesit"
2025-01-29 13:40:57,384 INFO c.h.h.t.HelmChartContainer - Namespace 'helmbrokerlicensesit-operator' deleted
2025-01-29 13:40:57,384 INFO c.h.h.t.HelmChartContainer - Release 'test-hivemq-platform-operator' in namespace 'helmbrokerlicensesit-operator' is uninstalled
2025-01-29 13:40:58,105 INFO c.h.helmcharts.AbstractHelmChartIT - Removed unused containers:

2025-01-29 13:41:02,283 INFO c.h.h.t.HelmChartContainer - [K3S] [namespace_controller.go:187] "Namespace has been deleted" namespace="helmbrokerlicensesit-operator"
2025-01-29 13:41:05,873 INFO c.h.helmcharts.AbstractHelmChartIT - Removed unused snapshots:
Removing snapshot sha256:03af251906410714c5aef9fa705b63f6bbc39c4a5e787de7361eeb18886c2ed2
Removing snapshot sha256:0c46b3b43cce082ce5ec34ffc6c294e0417d17b9d1e6f366d114b6aadc4f96dc
Removing snapshot sha256:0ce761beee59082d6ed5bcebd3a805b8ddd9b3426b617e4809e7fb7c6587ffec
Removing snapshot sha256:0df91287303208332c8ff6ba40ae4710105201739addbfbddfb955f1ad593664
Removing snapshot sha256:1021ef88c7974bfff89c5a0ec4fd3160daac6c48a075f74cff721f85dd104e68
Removing snapshot sha256:10aba4953ddc18145dd38e3704709bc464aa20af60b56fe52caaff4b68411e62
Removing snapshot sha256:1d5cf3e3eb812061f06c49abff02b68d81953942566ded85fcc9c1f47b13186a
Removing snapshot sha256:2573e0d8158209ed54ab25c87bcdcb00bd3d2539246960a3d592a1c599d70465
Removing snapshot sha256:362a8a37f8bbc31925a8146adcf7cf51f9882f5c1dcbef67c5baa03a297543c0
Removing snapshot sha256:3fa4ad33f0ddc8fd45b39b6b4640f82a3a83619606cd975bfe89d8710ad2d4cd
Removing snapshot sha256:43a7c979bbaba6838bc3102d6b10a1459f3ab050b87ccdfef84ef90cf43d3058
Removing snapshot sha256:4ab04491cdf0d3267f08206fe30bd48f49f94b9cab2f016d6739220f722a64af
Removing snapshot sha256:4b6068250e89c96f263060261819c7d912855bfbd64b3eb4c4a8483299b8c295
Removing snapshot sha256:52f3aaa95e73cfe26323c63ad0318887e29bdbbd45c9a3a97ea6aa5e44ba77f3
Removing snapshot sha256:580e69a0a8034ede1921139bbd2bfb72a69ebf276d008281896c32dd8bf74775
Removing snapshot sha256:5d30ba46b27fe37484567ccc5242cadc78217b8da605f3f195ef25cbf7487904
Removing snapshot sha256:63ca1fbb43ae5034640e5e6cb3e083e05c290072c5366fcaa9d62435a4cced85
Removing snapshot sha256:67f702c6baae873bceb19487c8b1f27bd2b86077e4f2f0e480e6d60ab508b8f5
Removing snapshot sha256:6864348dd42806d552efdec384f1274be15e2d0c10ce44c1f04347af004c10a9
Removing snapshot sha256:6c7dee8f2c39b84b7dc2711c01d33de93514d9055499173e9290176fbe484b6c
Removing snapshot sha256:8218decfec7abde4c32d634e870d738f941e85d83ed8b48ca5d993495c491ba6
Removing snapshot sha256:82753493a6d61ded36556292f02f31841a14c20d2f279f19eaad65afb661d5cd
Removing snapshot sha256:8a10d3db42c505ee0fcfa98417bdd7e39b304f6bcc0a06bb1b220797ff2cc63c
Removing snapshot sha256:a21e5b12dbac529ad45d976eb9ce45c881f3bedcc500fb30aba1e52aa1813418
Removing snapshot sha256:b921e6c28969094157f9b8e7244677780319637afd14450b7cb6b2fdea558a0c
Removing snapshot sha256:bc27ecb5769a00e309cf99ebc763c4a4b958b618d1decc96ffac5bc05f02f5b7
Removing snapshot sha256:be3ccb6627a5332e309d45ef461d09b4879dd870c7394d89323d0ebc6ca6aa8a
Removing snapshot sha256:c261f7cbbc64211ee175ee47273acdb7b1a36a4450b397a064a8f2c026490095
Removing snapshot sha256:c34d9393647eea0c9e3557ab988efaf59f61d10a2a5613b439ef0958cca5ec10
Removing snapshot sha256:ccf3c4a0fa967a41c1c83497a2ce6fa5787965859df0adb32c4ca2cf7490bc2b
Removing snapshot sha256:cf92d33f869417309692088c341cd0f223c178ea78a125f757317b22aa8f90e9
Removing snapshot sha256:d0037344cf2fb078884f1849f6a1f8cf9a33a3b6139b6a85833e5ee528e1f9a8
Removing snapshot sha256:d3b36d5b79273b1e98e7700470eaeff05a882e777124d84cebcc1505b85ecb36
Removing snapshot sha256:d65a44a37914602d12c611e5e22a50f11451d847e63015cc1c2aef92dee777a4
Removing snapshot sha256:e2dc0bae2455930f23ae570e019b7f32edc75c0f2d71cab084db837ff9051796
Removing snapshot sha256:eccbd24a99c60cd9e86ee5305dbfc4a4dc89f5ab4fb1f06c8d64797cecedef34
Removing snapshot sha256:f144bb4c7c7f0d2aa7eeffd36d934ec40db1ee167be727e326aad9fdc616f475

]]></system-out>
  </testcase>
  <system-out><![CDATA[2025-01-29 13:36:57,607 INFO c.h.h.t.HelmChartContainerExtension - Using cached HelmChartContainer instance
2025-01-29 13:36:57,612 INFO c.h.h.t.HelmChartContainerExtension - Creating cached HelmChartContainer instance
2025-01-29 13:36:57,631 INFO o.testcontainers.DockerClientFactory - Testcontainers version: 1.20.4
2025-01-29 13:36:58,135 INFO o.t.d.DockerClientProviderStrategy - Found Docker environment with local Unix socket (unix:///var/run/docker.sock)
2025-01-29 13:36:58,147 INFO o.testcontainers.DockerClientFactory - Docker host IP address is localhost
2025-01-29 13:36:58,163 INFO o.testcontainers.DockerClientFactory - Connected to docker: 
  Server Version: 26.1.3
  API Version: 1.45
  Operating System: Ubuntu 24.04.1 LTS
  Total Memory: 15990 MB
2025-01-29 13:36:58,169 INFO o.testcontainers.images.PullPolicy - Image pull policy will be performed by: DefaultPullPolicy()
2025-01-29 13:36:58,171 INFO o.t.utility.ImageNameSubstitutor - Image name substitution will be performed by: DefaultImageNameSubstitutor (composite of 'ConfigurationFileImageNameSubstitutor' and 'PrefixingImageNameSubstitutor')
2025-01-29 13:36:58,196 INFO tc.testcontainers/ryuk:0.11.0 - Pulling docker image: testcontainers/ryuk:0.11.0. Please be patient; this may take some time but only needs to be done once.
2025-01-29 13:36:58,484 INFO tc.testcontainers/ryuk:0.11.0 - Starting to pull image
2025-01-29 13:36:58,498 INFO tc.testcontainers/ryuk:0.11.0 - Pulling image layers:  0 pending,  0 downloaded,  0 extracted, (0 bytes/0 bytes)
2025-01-29 13:36:58,679 INFO tc.testcontainers/ryuk:0.11.0 - Pulling image layers:  2 pending,  1 downloaded,  0 extracted, (116 KB/? MB)
2025-01-29 13:36:58,683 INFO tc.testcontainers/ryuk:0.11.0 - Pulling image layers:  1 pending,  2 downloaded,  0 extracted, (906 KB/? MB)
2025-01-29 13:36:58,703 INFO tc.testcontainers/ryuk:0.11.0 - Pulling image layers:  0 pending,  3 downloaded,  0 extracted, (906 KB/10 MB)
2025-01-29 13:36:58,784 INFO tc.testcontainers/ryuk:0.11.0 - Pulling image layers:  0 pending,  3 downloaded,  1 extracted, (4 MB/10 MB)
2025-01-29 13:36:58,933 INFO tc.testcontainers/ryuk:0.11.0 - Pulling image layers:  0 pending,  3 downloaded,  2 extracted, (4 MB/10 MB)
2025-01-29 13:36:58,975 INFO tc.testcontainers/ryuk:0.11.0 - Pulling image layers:  0 pending,  3 downloaded,  3 extracted, (10 MB/10 MB)
2025-01-29 13:36:58,991 INFO tc.testcontainers/ryuk:0.11.0 - Image testcontainers/ryuk:0.11.0 pull took PT0.794757607S
2025-01-29 13:36:59,012 INFO tc.testcontainers/ryuk:0.11.0 - Creating container for image: testcontainers/ryuk:0.11.0
2025-01-29 13:36:59,072 INFO tc.testcontainers/ryuk:0.11.0 - Container testcontainers/ryuk:0.11.0 is starting: 6f03a8536ad7595b3f2259fab7c72f8b07ac1c58a9c1c1ee5feee97ef1496ee4
2025-01-29 13:36:59,318 INFO tc.testcontainers/ryuk:0.11.0 - Container testcontainers/ryuk:0.11.0 started in PT0.306110885S
2025-01-29 13:36:59,322 INFO o.t.utility.RyukResourceReaper - Ryuk started - will monitor and terminate Testcontainers containers on JVM exit
2025-01-29 13:36:59,322 INFO o.testcontainers.DockerClientFactory - Checking the system...
2025-01-29 13:36:59,323 INFO o.testcontainers.DockerClientFactory - ✔︎ Docker server version should be at least 1.6.0
2025-01-29 13:36:59,384 INFO o.t.i.builder.ImageFromDockerfile - Pre-emptively checking local images for 'ubuntu:noble-20241118.1@sha256:80dd3c3b9c6cecb9f1667e9290b3bc61b78c2678c02cbdae5f0fea92cc6734ab', referenced via a Dockerfile. If not available, it will be pulled.
2025-01-29 13:36:59,386 INFO t.u.1@sha256:80dd3c... - Pulling docker image: ubuntu:noble-20241118.1@sha256:80dd3c3b9c6cecb9f1667e9290b3bc61b78c2678c02cbdae5f0fea92cc6734ab. Please be patient; this may take some time but only needs to be done once.
2025-01-29 13:36:59,529 INFO t.u.1@sha256:80dd3c... - Starting to pull image
2025-01-29 13:36:59,530 INFO t.u.1@sha256:80dd3c... - Pulling image layers:  0 pending,  0 downloaded,  0 extracted, (0 bytes/0 bytes)
2025-01-29 13:36:59,939 INFO t.u.1@sha256:80dd3c... - Pulling image layers:  0 pending,  1 downloaded,  0 extracted, (20 MB/28 MB)
2025-01-29 13:37:00,881 INFO t.u.1@sha256:80dd3c... - Pulling image layers:  0 pending,  1 downloaded,  1 extracted, (28 MB/28 MB)
2025-01-29 13:37:00,888 INFO t.u.1@sha256:80dd3c... - Pull complete. 1 layers, pulled in 1s (downloaded 28 MB at 28 MB/s)
2025-01-29 13:37:00,888 INFO t.u.1@sha256:80dd3c... - Image ubuntu:noble-20241118.1@sha256:80dd3c3b9c6cecb9f1667e9290b3bc61b78c2678c02cbdae5f0fea92cc6734ab pull took PT1.502266754S
2025-01-29 13:37:00,892 INFO o.t.i.builder.ImageFromDockerfile - Pre-emptively checking local images for 'rancher/k3s:v1.32.1-k3s1', referenced via a Dockerfile. If not available, it will be pulled.
2025-01-29 13:37:00,893 INFO tc.rancher/k3s:v1.32.1-k3s1 - Pulling docker image: rancher/k3s:v1.32.1-k3s1. Please be patient; this may take some time but only needs to be done once.
2025-01-29 13:37:01,106 INFO tc.rancher/k3s:v1.32.1-k3s1 - Starting to pull image
2025-01-29 13:37:01,107 INFO tc.rancher/k3s:v1.32.1-k3s1 - Pulling image layers:  0 pending,  0 downloaded,  0 extracted, (0 bytes/0 bytes)
2025-01-29 13:37:02,325 INFO tc.rancher/k3s:v1.32.1-k3s1 - Pulling image layers:  0 pending,  1 downloaded,  0 extracted, (65 MB/71 MB)
2025-01-29 13:37:03,364 INFO tc.rancher/k3s:v1.32.1-k3s1 - Pulling image layers:  0 pending,  1 downloaded,  1 extracted, (71 MB/71 MB)
2025-01-29 13:37:03,369 INFO tc.rancher/k3s:v1.32.1-k3s1 - Pull complete. 1 layers, pulled in 2s (downloaded 71 MB at 35 MB/s)
2025-01-29 13:37:03,369 INFO tc.rancher/k3s:v1.32.1-k3s1 - Image rancher/k3s:v1.32.1-k3s1 pull took PT2.47579186S
2025-01-29 13:37:03,375 INFO o.t.i.builder.ImageFromDockerfile - Transferred 0 bytes to Docker daemon
2025-01-29 13:37:17,016 INFO c.h.h.t.HelmChartContainer - Starting HelmChartContainer...
2025-01-29 13:37:17,019 INFO t.localhost/testcontainers/fqvgx3zmxdkdfafz:latest - Creating container for image: localhost/testcontainers/fqvgx3zmxdkdfafz:latest
2025-01-29 13:37:17,085 INFO tc.alpine:3.17 - Pulling docker image: alpine:3.17. Please be patient; this may take some time but only needs to be done once.
2025-01-29 13:37:17,311 INFO tc.alpine:3.17 - Starting to pull image
2025-01-29 13:37:17,312 INFO tc.alpine:3.17 - Pulling image layers:  0 pending,  0 downloaded,  0 extracted, (0 bytes/0 bytes)
2025-01-29 13:37:17,492 INFO tc.alpine:3.17 - Pulling image layers:  0 pending,  1 downloaded,  0 extracted, (33 KB/3 MB)
2025-01-29 13:37:17,591 INFO tc.alpine:3.17 - Pulling image layers:  0 pending,  1 downloaded,  1 extracted, (3 MB/3 MB)
2025-01-29 13:37:17,596 INFO tc.alpine:3.17 - Image alpine:3.17 pull took PT0.511356766S
2025-01-29 13:37:18,113 INFO t.localhost/testcontainers/fqvgx3zmxdkdfafz:latest - Container localhost/testcontainers/fqvgx3zmxdkdfafz:latest is starting: 0e5534e18bbb99d864ac050b4726a50a10567eedf1af1957d5928c58b69d61e4
2025-01-29 13:37:18,471 INFO c.h.h.t.HelmChartContainer - [K3S] [INFO] Starting k3s v1.32.1+k3s1 (6a322f12)
2025-01-29 13:37:18,473 INFO c.h.h.t.HelmChartContainer - [K3S] [INFO] Configuring sqlite3 database connection pooling: maxIdleConns=2, maxOpenConns=0, connMaxLifetime=0s
2025-01-29 13:37:18,474 INFO c.h.h.t.HelmChartContainer - [K3S] [INFO] Configuring database table schema and indexes, this may take a moment...
2025-01-29 13:37:18,476 INFO c.h.h.t.HelmChartContainer - [K3S] [INFO] Database tables and indexes are up to date
2025-01-29 13:37:18,479 INFO c.h.h.t.HelmChartContainer - [K3S] [INFO] Kine available at unix://kine.sock
2025-01-29 13:37:18,713 INFO c.h.h.t.HelmChartContainer - [K3S] [INFO] Saving cluster bootstrap data to datastore
2025-01-29 13:37:18,714 INFO c.h.h.t.HelmChartContainer - [K3S] [WARNING] dynamiclistener [::]:6443: no cached certificate available for preload - deferring certificate load until storage initialization or first client request
2025-01-29 13:37:18,715 INFO c.h.h.t.HelmChartContainer - [K3S] [INFO] Active TLS secret / (ver=) (count 10): map[listener.cattle.io/cn-0e5534e18bbb:0e5534e18bbb listener.cattle.io/cn-10.43.0.1:10.43.0.1 listener.cattle.io/cn-127.0.0.1:127.0.0.1 listener.cattle.io/cn-172.18.0.2:172.18.0.2 listener.cattle.io/cn-__1-f16284:::1 listener.cattle.io/cn-kubernetes:kubernetes listener.cattle.io/cn-kubernetes.default:kubernetes.default listener.cattle.io/cn-kubernetes.default.svc:kubernetes.default.svc listener.cattle.io/cn-kubernetes.default.svc.cluster.local:kubernetes.default.svc.cluster.local listener.cattle.io/cn-localhost:localhost listener.cattle.io/fingerprint:SHA1=1D93CEEFE595A740D7DEB58E929CFF592F0BCAA6]
2025-01-29 13:37:18,876 INFO c.h.h.t.HelmChartContainer - [K3S] [INFO] Running kube-apiserver --advertise-port=6443 --allow-privileged=true --anonymous-auth=false --api-audiences=https://kubernetes.default.svc.cluster.local,k3s --authorization-mode=Node,RBAC --bind-address=127.0.0.1 --cert-dir=/var/lib/rancher/k3s/server/tls/temporary-certs --client-ca-file=/var/lib/rancher/k3s/server/tls/client-ca.crt --egress-selector-config-file=/var/lib/rancher/k3s/server/etc/egress-selector-config.yaml --enable-admission-plugins=NodeRestriction --enable-aggregator-routing=true --enable-bootstrap-token-auth=true --etcd-compaction-interval=0s --etcd-servers=unix://kine.sock --kubelet-certificate-authority=/var/lib/rancher/k3s/server/tls/server-ca.crt --kubelet-client-certificate=/var/lib/rancher/k3s/server/tls/client-kube-apiserver.crt --kubelet-client-key=/var/lib/rancher/k3s/server/tls/client-kube-apiserver.key --kubelet-preferred-address-types=InternalIP,ExternalIP,Hostname --profiling=false --proxy-client-cert-file=/var/lib/rancher/k3s/server/tls/client-auth-proxy.crt --proxy-client-key-file=/var/lib/rancher/k3s/server/tls/client-auth-proxy.key --requestheader-allowed-names=system:auth-proxy --requestheader-client-ca-file=/var/lib/rancher/k3s/server/tls/request-header-ca.crt --requestheader-extra-headers-prefix=X-Remote-Extra- --requestheader-group-headers=X-Remote-Group --requestheader-username-headers=X-Remote-User --secure-port=6444 --service-account-issuer=https://kubernetes.default.svc.cluster.local --service-account-key-file=/var/lib/rancher/k3s/server/tls/service.key --service-account-signing-key-file=/var/lib/rancher/k3s/server/tls/service.current.key --service-cluster-ip-range=10.43.0.0/16 --service-node-port-range=30000-32767 --storage-backend=etcd3 --tls-cert-file=/var/lib/rancher/k3s/server/tls/serving-kube-apiserver.crt --tls-cipher-suites=TLS_ECDHE_ECDSA_WITH_AES_256_GCM_SHA384,TLS_ECDHE_RSA_WITH_AES_256_GCM_SHA384,TLS_ECDHE_ECDSA_WITH_AES_128_GCM_SHA256,TLS_ECDHE_RSA_WITH_AES_128_GCM_SHA256,TLS_ECDHE_ECDSA_WITH_CHACHA20_POLY1305,TLS_ECDHE_RSA_WITH_CHACHA20_POLY1305 --tls-private-key-file=/var/lib/rancher/k3s/server/tls/serving-kube-apiserver.key
2025-01-29 13:37:18,877 INFO c.h.h.t.HelmChartContainer - [K3S] [INFO] Running kube-scheduler --authentication-kubeconfig=/var/lib/rancher/k3s/server/cred/scheduler.kubeconfig --authorization-kubeconfig=/var/lib/rancher/k3s/server/cred/scheduler.kubeconfig --bind-address=127.0.0.1 --kubeconfig=/var/lib/rancher/k3s/server/cred/scheduler.kubeconfig --leader-elect=false --profiling=false --secure-port=10259
2025-01-29 13:37:18,877 INFO c.h.h.t.HelmChartContainer - [K3S] [registry.go:256] calling componentGlobalsRegistry.AddFlags more than once, the registry will be set by the latest flags
2025-01-29 13:37:18,879 INFO c.h.h.t.HelmChartContainer - [K3S] [INFO] Running kube-controller-manager --allocate-node-cidrs=true --authentication-kubeconfig=/var/lib/rancher/k3s/server/cred/controller.kubeconfig --authorization-kubeconfig=/var/lib/rancher/k3s/server/cred/controller.kubeconfig --bind-address=127.0.0.1 --cluster-cidr=10.42.0.0/16 --cluster-signing-kube-apiserver-client-cert-file=/var/lib/rancher/k3s/server/tls/client-ca.nochain.crt --cluster-signing-kube-apiserver-client-key-file=/var/lib/rancher/k3s/server/tls/client-ca.key --cluster-signing-kubelet-client-cert-file=/var/lib/rancher/k3s/server/tls/client-ca.nochain.crt --cluster-signing-kubelet-client-key-file=/var/lib/rancher/k3s/server/tls/client-ca.key --cluster-signing-kubelet-serving-cert-file=/var/lib/rancher/k3s/server/tls/server-ca.nochain.crt --cluster-signing-kubelet-serving-key-file=/var/lib/rancher/k3s/server/tls/server-ca.key --cluster-signing-legacy-unknown-cert-file=/var/lib/rancher/k3s/server/tls/server-ca.nochain.crt --cluster-signing-legacy-unknown-key-file=/var/lib/rancher/k3s/server/tls/server-ca.key --configure-cloud-routes=false --controllers=*,tokencleaner,-service,-route,-cloud-node-lifecycle --kubeconfig=/var/lib/rancher/k3s/server/cred/controller.kubeconfig --leader-elect=false --profiling=false --root-ca-file=/var/lib/rancher/k3s/server/tls/server-ca.crt --secure-port=10257 --service-account-private-key-file=/var/lib/rancher/k3s/server/tls/service.current.key --service-cluster-ip-range=10.43.0.0/16 --use-service-account-credentials=true
2025-01-29 13:37:18,881 INFO c.h.h.t.HelmChartContainer - [K3S] [options.go:299] unable to set WatchListClient feature gate, err: cannot override default for feature "WatchListClient": gates already added to a flag set
2025-01-29 13:37:18,881 INFO c.h.h.t.HelmChartContainer - [K3S] [registry.go:256] calling componentGlobalsRegistry.AddFlags more than once, the registry will be set by the latest flags
2025-01-29 13:37:18,883 INFO c.h.h.t.HelmChartContainer - [K3S] [INFO] Waiting for API server to become available
2025-01-29 13:37:18,883 INFO c.h.h.t.HelmChartContainer - [K3S] [INFO] Running cloud-controller-manager --allocate-node-cidrs=true --authentication-kubeconfig=/var/lib/rancher/k3s/server/cred/cloud-controller.kubeconfig --authorization-kubeconfig=/var/lib/rancher/k3s/server/cred/cloud-controller.kubeconfig --bind-address=127.0.0.1 --cloud-config=/var/lib/rancher/k3s/server/etc/cloud-config.yaml --cloud-provider=k3s --cluster-cidr=10.42.0.0/16 --configure-cloud-routes=false --controllers=*,-route --kubeconfig=/var/lib/rancher/k3s/server/cred/cloud-controller.kubeconfig --leader-elect=false --leader-elect-resource-name=k3s-cloud-controller-manager --node-status-update-frequency=1m0s --profiling=false
2025-01-29 13:37:18,883 INFO c.h.h.t.HelmChartContainer - [K3S] [INFO] Server node token is available at /var/lib/rancher/k3s/server/token
2025-01-29 13:37:18,884 INFO c.h.h.t.HelmChartContainer - [K3S] [INFO] To join server node to cluster: k3s server -s https://172.18.0.2:6443 -t ${SERVER_NODE_TOKEN}
2025-01-29 13:37:18,884 INFO c.h.h.t.HelmChartContainer - [K3S] [INFO] Agent node token is available at /var/lib/rancher/k3s/server/agent-token
2025-01-29 13:37:18,884 INFO c.h.h.t.HelmChartContainer - [K3S] [registry.go:256] calling componentGlobalsRegistry.AddFlags more than once, the registry will be set by the latest flags
2025-01-29 13:37:18,884 INFO c.h.h.t.HelmChartContainer - [K3S] [INFO] To join agent node to cluster: k3s agent -s https://172.18.0.2:6443 -t ${AGENT_NODE_TOKEN}
2025-01-29 13:37:18,884 INFO c.h.h.t.HelmChartContainer - [K3S] [options.go:238] external host was not specified, using 172.18.0.2
2025-01-29 13:37:18,884 INFO c.h.h.t.HelmChartContainer - [K3S] [INFO] Wrote kubeconfig /etc/rancher/k3s/k3s.yaml
2025-01-29 13:37:18,884 INFO c.h.h.t.HelmChartContainer - [K3S] [INFO] Run: k3s kubectl
2025-01-29 13:37:18,884 INFO c.h.h.t.HelmChartContainer - [K3S] [server.go:151] Version: v1.32.1+k3s1
2025-01-29 13:37:18,885 INFO c.h.h.t.HelmChartContainer - [K3S] [server.go:153] "Golang settings" GOGC="" GOMAXPROCS="" GOTRACEBACK=""
2025-01-29 13:37:19,173 INFO c.h.h.t.HelmChartContainer - [K3S] [plugins.go:157] Loaded 13 mutating admission controller(s) successfully in the following order: NamespaceLifecycle,LimitRanger,ServiceAccount,NodeRestriction,TaintNodesByCondition,Priority,DefaultTolerationSeconds,DefaultStorageClass,StorageObjectInUseProtection,RuntimeClass,DefaultIngressClass,MutatingAdmissionPolicy,MutatingAdmissionWebhook.
2025-01-29 13:37:19,173 INFO c.h.h.t.HelmChartContainer - [K3S] [plugins.go:160] Loaded 13 validating admission controller(s) successfully in the following order: LimitRanger,ServiceAccount,PodSecurity,Priority,PersistentVolumeClaimResize,RuntimeClass,CertificateApproval,CertificateSigning,ClusterTrustBundleAttest,CertificateSubjectRestriction,ValidatingAdmissionPolicy,ValidatingAdmissionWebhook,ResourceQuota.
2025-01-29 13:37:19,173 INFO c.h.h.t.HelmChartContainer - [K3S] [instance.go:233] Using reconciler: lease
2025-01-29 13:37:19,247 INFO c.h.h.t.HelmChartContainer - [K3S] [apis.go:106] API group "internal.apiserver.k8s.io" is not enabled, skipping.
2025-01-29 13:37:19,289 INFO c.h.h.t.HelmChartContainer - [K3S] [apis.go:106] API group "storagemigration.k8s.io" is not enabled, skipping.
2025-01-29 13:37:19,316 INFO c.h.h.t.HelmChartContainer - [K3S] [apis.go:106] API group "resource.k8s.io" is not enabled, skipping.
2025-01-29 13:37:19,507 INFO c.h.h.t.HelmChartContainer - [K3S] [INFO] Password verified locally for node 0e5534e18bbb
2025-01-29 13:37:19,654 INFO c.h.h.t.HelmChartContainer - [K3S] [secure_serving.go:213] Serving securely on 127.0.0.1:6444
2025-01-29 13:37:19,654 INFO c.h.h.t.HelmChartContainer - [K3S] [dynamic_cafile_content.go:161] "Starting controller" name="request-header::/var/lib/rancher/k3s/server/tls/request-header-ca.crt"
2025-01-29 13:37:19,654 INFO c.h.h.t.HelmChartContainer - [K3S] [dynamic_serving_content.go:135] "Starting controller" name="serving-cert::/var/lib/rancher/k3s/server/tls/serving-kube-apiserver.crt::/var/lib/rancher/k3s/server/tls/serving-kube-apiserver.key"
2025-01-29 13:37:19,654 INFO c.h.h.t.HelmChartContainer - [K3S] [tlsconfig.go:243] "Starting DynamicServingCertificateController"
2025-01-29 13:37:19,655 INFO c.h.h.t.HelmChartContainer - [K3S] [remote_available_controller.go:411] Starting RemoteAvailability controller
2025-01-29 13:37:19,655 INFO c.h.h.t.HelmChartContainer - [K3S] [controller.go:78] Starting OpenAPI AggregationController
2025-01-29 13:37:19,655 INFO c.h.h.t.HelmChartContainer - [K3S] [local_available_controller.go:156] Starting LocalAvailability controller
2025-01-29 13:37:19,655 INFO c.h.h.t.HelmChartContainer - [K3S] [customresource_discovery_controller.go:292] Starting DiscoveryController
2025-01-29 13:37:19,655 INFO c.h.h.t.HelmChartContainer - [K3S] [gc_controller.go:78] Starting apiserver lease garbage collector
2025-01-29 13:37:19,655 INFO c.h.h.t.HelmChartContainer - [K3S] [system_namespaces_controller.go:66] Starting system namespaces controller
2025-01-29 13:37:19,655 INFO c.h.h.t.HelmChartContainer - [K3S] [controller.go:80] Starting OpenAPI V3 AggregationController
2025-01-29 13:37:19,655 INFO c.h.h.t.HelmChartContainer - [K3S] [cluster_authentication_trust_controller.go:462] Starting cluster_authentication_trust_controller controller
2025-01-29 13:37:19,656 INFO c.h.h.t.HelmChartContainer - [K3S] [controller.go:119] Starting legacy_token_tracking_controller
2025-01-29 13:37:19,656 INFO c.h.h.t.HelmChartContainer - [K3S] [aggregator.go:169] waiting for initial CRD sync...
2025-01-29 13:37:19,656 INFO c.h.h.t.HelmChartContainer - [K3S] [apiservice_controller.go:100] Starting APIServiceRegistrationController
2025-01-29 13:37:19,656 INFO c.h.h.t.HelmChartContainer - [K3S] [apf_controller.go:377] Starting API Priority and Fairness config controller
2025-01-29 13:37:19,656 INFO c.h.h.t.HelmChartContainer - [K3S] [dynamic_serving_content.go:135] "Starting controller" name="aggregator-proxy-cert::/var/lib/rancher/k3s/server/tls/client-auth-proxy.crt::/var/lib/rancher/k3s/server/tls/client-auth-proxy.key"
2025-01-29 13:37:19,656 INFO c.h.h.t.HelmChartContainer - [K3S] [dynamic_cafile_content.go:161] "Starting controller" name="client-ca-bundle::/var/lib/rancher/k3s/server/tls/client-ca.crt"
2025-01-29 13:37:19,656 INFO c.h.h.t.HelmChartContainer - [K3S] [controller.go:142] Starting OpenAPI controller
2025-01-29 13:37:19,656 INFO c.h.h.t.HelmChartContainer - [K3S] [controller.go:90] Starting OpenAPI V3 controller
2025-01-29 13:37:19,657 INFO c.h.h.t.HelmChartContainer - [K3S] [naming_controller.go:294] Starting NamingConditionController
2025-01-29 13:37:19,657 INFO c.h.h.t.HelmChartContainer - [K3S] [establishing_controller.go:81] Starting EstablishingController
2025-01-29 13:37:19,657 INFO c.h.h.t.HelmChartContainer - [K3S] [nonstructuralschema_controller.go:195] Starting NonStructuralSchemaConditionController
2025-01-29 13:37:19,657 INFO c.h.h.t.HelmChartContainer - [K3S] [apiapproval_controller.go:189] Starting KubernetesAPIApprovalPolicyConformantConditionController
2025-01-29 13:37:19,657 INFO c.h.h.t.HelmChartContainer - [K3S] [crd_finalizer.go:269] Starting CRDFinalizer
2025-01-29 13:37:19,671 INFO c.h.h.t.HelmChartContainer - [K3S] [dynamic_cafile_content.go:161] "Starting controller" name="client-ca-bundle::/var/lib/rancher/k3s/server/tls/client-ca.crt"
2025-01-29 13:37:19,671 INFO c.h.h.t.HelmChartContainer - [K3S] [dynamic_cafile_content.go:161] "Starting controller" name="request-header::/var/lib/rancher/k3s/server/tls/request-header-ca.crt"
2025-01-29 13:37:19,673 INFO c.h.h.t.HelmChartContainer - [K3S] [crdregistration_controller.go:114] Starting crd-autoregister controller
2025-01-29 13:37:19,756 INFO c.h.h.t.HelmChartContainer - [K3S] [apf_controller.go:382] Running API Priority and Fairness config worker
2025-01-29 13:37:19,756 INFO c.h.h.t.HelmChartContainer - [K3S] [apf_controller.go:385] Running API Priority and Fairness periodic rebalancing process
2025-01-29 13:37:19,756 INFO c.h.h.t.HelmChartContainer - [K3S] [handler_discovery.go:451] Starting ResourceDiscoveryManager
2025-01-29 13:37:19,768 INFO c.h.h.t.HelmChartContainer - [K3S] [policy_source.go:240] refreshing policies
2025-01-29 13:37:19,778 INFO c.h.h.t.HelmChartContainer - [K3S] [aggregator.go:171] initial CRD sync complete...
2025-01-29 13:37:19,778 INFO c.h.h.t.HelmChartContainer - [K3S] [autoregister_controller.go:144] Starting autoregister controller
2025-01-29 13:37:19,811 INFO c.h.h.t.HelmChartContainer - [K3S] [controller.go:148] "Unhandled Error" err="while syncing ConfigMap \"kube-system/kube-apiserver-legacy-service-account-token-tracking\", err: namespaces \"kube-system\" not found" logger="UnhandledError"
2025-01-29 13:37:19,812 INFO c.h.h.t.HelmChartContainer - [K3S] [controller.go:95] Unable to perform initial Kubernetes service initialization: namespaces "default" not found
2025-01-29 13:37:20,070 INFO c.h.h.t.HelmChartContainer - [K3S] [WARNING] Host resolv.conf includes loopback or multicast nameservers - kubelet will use autogenerated resolv.conf with nameserver 8.8.8.8
2025-01-29 13:37:20,080 INFO c.h.h.t.HelmChartContainer - [K3S] [INFO] Module overlay was already loaded
2025-01-29 13:37:20,080 INFO c.h.h.t.HelmChartContainer - [K3S] [INFO] Module nf_conntrack was already loaded
2025-01-29 13:37:20,080 INFO c.h.h.t.HelmChartContainer - [K3S] [INFO] Module br_netfilter was already loaded
2025-01-29 13:37:20,085 INFO c.h.h.t.HelmChartContainer - [K3S] [INFO] Set sysctl 'net/netfilter/nf_conntrack_max' to 131072
2025-01-29 13:37:20,085 INFO c.h.h.t.HelmChartContainer - [K3S] [INFO] Set sysctl 'net/netfilter/nf_conntrack_tcp_timeout_established' to 86400
2025-01-29 13:37:20,085 INFO c.h.h.t.HelmChartContainer - [K3S] [INFO] Set sysctl 'net/netfilter/nf_conntrack_tcp_timeout_close_wait' to 3600
2025-01-29 13:37:20,088 INFO c.h.h.t.HelmChartContainer - [K3S] [INFO] Logging containerd to /var/lib/rancher/k3s/agent/containerd/containerd.log
2025-01-29 13:37:20,088 INFO c.h.h.t.HelmChartContainer - [K3S] [INFO] Running containerd -c /var/lib/rancher/k3s/agent/etc/containerd/config.toml -a /run/k3s/containerd/containerd.sock --state /run/k3s/containerd --root /var/lib/rancher/k3s/agent/containerd
2025-01-29 13:37:20,659 INFO c.h.h.t.HelmChartContainer - [K3S] [storage_scheduling.go:95] created PriorityClass system-node-critical with value 2000001000
2025-01-29 13:37:20,662 INFO c.h.h.t.HelmChartContainer - [K3S] [storage_scheduling.go:95] created PriorityClass system-cluster-critical with value 2000000000
2025-01-29 13:37:20,663 INFO c.h.h.t.HelmChartContainer - [K3S] [storage_scheduling.go:111] all system priority classes are created successfully or already exist.
2025-01-29 13:37:21,017 INFO c.h.h.t.HelmChartContainer - [K3S] [alloc.go:330] "allocated clusterIPs" service="default/kubernetes" clusterIPs={"IPv4":"10.43.0.1"}
2025-01-29 13:37:21,021 INFO c.h.h.t.HelmChartContainer - [K3S] [lease.go:265] Resetting endpoints for master service "kubernetes" to [172.18.0.2]
2025-01-29 13:37:21,092 INFO c.h.h.t.HelmChartContainer - [K3S] [INFO] containerd is now running
2025-01-29 13:37:21,095 INFO c.h.h.t.HelmChartContainer - [K3S] [INFO] Connecting to proxy" url="wss://127.0.0.1:6443/v1-k3s/connect
2025-01-29 13:37:21,098 INFO c.h.h.t.HelmChartContainer - [K3S] [INFO] Creating k3s-cert-monitor event broadcaster
2025-01-29 13:37:21,098 INFO c.h.h.t.HelmChartContainer - [K3S] [INFO] Running kubelet --cloud-provider=external --config-dir=/var/lib/rancher/k3s/agent/etc/kubelet.conf.d --containerd=/run/k3s/containerd/containerd.sock --hostname-override=0e5534e18bbb --kubeconfig=/var/lib/rancher/k3s/agent/kubelet.kubeconfig --node-ip=172.18.0.2 --node-labels=
2025-01-29 13:37:21,098 INFO c.h.h.t.HelmChartContainer - [K3S] [INFO] Handling backend connection request [0e5534e18bbb]
2025-01-29 13:37:21,099 INFO c.h.h.t.HelmChartContainer - [K3S] [INFO] Remotedialer connected to proxy" url="wss://127.0.0.1:6443/v1-k3s/connect
2025-01-29 13:37:21,102 INFO c.h.h.t.HelmChartContainer - [K3S] Flag --containerd has been deprecated, This is a cadvisor flag that was mistakenly registered with the Kubelet. Due to legacy concerns, it will follow the standard CLI deprecation timeline before being removed.
2025-01-29 13:37:21,108 INFO c.h.h.t.HelmChartContainer - [K3S] [server.go:515] "Kubelet version" kubeletVersion="v1.32.1+k3s1"
2025-01-29 13:37:21,108 INFO c.h.h.t.HelmChartContainer - [K3S] [server.go:517] "Golang settings" GOGC="" GOMAXPROCS="" GOTRACEBACK=""
2025-01-29 13:37:21,110 INFO c.h.h.t.HelmChartContainer - [K3S] [dynamic_cafile_content.go:161] "Starting controller" name="client-ca-bundle::/var/lib/rancher/k3s/agent/client-ca.crt"
2025-01-29 13:37:21,111 INFO c.h.h.t.HelmChartContainer - [K3S] [log.go:32] "RuntimeConfig from runtime service failed" err="rpc error: code = Unimplemented desc = method RuntimeConfig not implemented"
2025-01-29 13:37:21,112 INFO c.h.h.t.HelmChartContainer - [K3S] [server.go:1416] "CRI implementation should be updated to support RuntimeConfig when KubeletCgroupDriverFromCRI feature gate has been enabled. Falling back to using cgroupDriver from kubelet config."
2025-01-29 13:37:21,115 INFO c.h.h.t.HelmChartContainer - [K3S] [info.go:53] Couldn't collect info from any of the files in "/etc/machine-id,/var/lib/dbus/machine-id"
2025-01-29 13:37:21,116 INFO c.h.h.t.HelmChartContainer - [K3S] [server.go:767] "--cgroups-per-qos enabled, but --cgroup-root was not specified.  defaulting to /"
2025-01-29 13:37:21,117 INFO c.h.h.t.HelmChartContainer - [K3S] [server.go:836] "NoSwap is set due to memorySwapBehavior not specified" memorySwapBehavior="" FailSwapOn=false
2025-01-29 13:37:21,117 INFO c.h.h.t.HelmChartContainer - [K3S] [swap_util.go:115] "Swap is on" /proc/swaps contents=<
2025-01-29 13:37:21,117 INFO c.h.h.t.HelmChartContainer - [K3S] 	Filename				Type		Size		Used		Priority
2025-01-29 13:37:21,117 INFO c.h.h.t.HelmChartContainer - [K3S] 	/mnt/swapfile                           file		4194300		0		-2
2025-01-29 13:37:21,117 INFO c.h.h.t.HelmChartContainer - [K3S]  >
2025-01-29 13:37:21,118 INFO c.h.h.t.HelmChartContainer - [K3S] [container_manager_linux.go:268] "Container manager verified user specified cgroup-root exists" cgroupRoot=[]
2025-01-29 13:37:21,119 INFO c.h.h.t.HelmChartContainer - [K3S] [container_manager_linux.go:273] "Creating Container Manager object based on Node Config" nodeConfig={"NodeName":"0e5534e18bbb","RuntimeCgroupsName":"","SystemCgroupsName":"","KubeletCgroupsName":"/k3s","KubeletOOMScoreAdj":-999,"ContainerRuntime":"","CgroupsPerQOS":true,"CgroupRoot":"/","CgroupDriver":"cgroupfs","KubeletRootDir":"/var/lib/kubelet","ProtectKernelDefaults":false,"KubeReservedCgroupName":"","SystemReservedCgroupName":"","ReservedSystemCPUs":{},"EnforceNodeAllocatable":{"pods":{}},"KubeReserved":null,"SystemReserved":null,"HardEvictionThresholds":[{"Signal":"imagefs.available","Operator":"LessThan","Value":{"Quantity":null,"Percentage":0.05},"GracePeriod":0,"MinReclaim":null},{"Signal":"nodefs.available","Operator":"LessThan","Value":{"Quantity":null,"Percentage":0.05},"GracePeriod":0,"MinReclaim":null}],"QOSReserved":{},"CPUManagerPolicy":"none","CPUManagerPolicyOptions":null,"TopologyManagerScope":"container","CPUManagerReconcilePeriod":10000000000,"ExperimentalMemoryManagerPolicy":"None","ExperimentalMemoryManagerReservedMemory":null,"PodPidsLimit":-1,"EnforceCPULimits":true,"CPUCFSQuotaPeriod":100000000,"TopologyManagerPolicy":"none","TopologyManagerPolicyOptions":null,"CgroupVersion":2}
2025-01-29 13:37:21,119 INFO c.h.h.t.HelmChartContainer - [K3S] [topology_manager.go:138] "Creating topology manager with none policy"
2025-01-29 13:37:21,119 INFO c.h.h.t.HelmChartContainer - [K3S] [container_manager_linux.go:304] "Creating device plugin manager"
2025-01-29 13:37:21,120 INFO c.h.h.t.HelmChartContainer - [K3S] [state_mem.go:36] "Initialized new in-memory state store"
2025-01-29 13:37:21,120 INFO c.h.h.t.HelmChartContainer - [K3S] [kubelet.go:446] "Attempting to sync node with API server"
2025-01-29 13:37:21,120 INFO c.h.h.t.HelmChartContainer - [K3S] [kubelet.go:341] "Adding static pod path" path="/var/lib/rancher/k3s/agent/pod-manifests"
2025-01-29 13:37:21,121 INFO c.h.h.t.HelmChartContainer - [K3S] [kubelet.go:352] "Adding apiserver pod source"
2025-01-29 13:37:21,121 INFO c.h.h.t.HelmChartContainer - [K3S] [apiserver.go:42] "Waiting for node sync before watching apiserver pods"
2025-01-29 13:37:21,121 INFO c.h.h.t.HelmChartContainer - [K3S] [kuberuntime_manager.go:269] "Container runtime initialized" containerRuntime="containerd" version="v1.7.23-k3s2" apiVersion="v1"
2025-01-29 13:37:21,121 INFO c.h.h.t.HelmChartContainer - [K3S] [kubelet.go:890] "Not starting ClusterTrustBundle informer because we are in static kubelet mode"
2025-01-29 13:37:21,121 INFO c.h.h.t.HelmChartContainer - [K3S] [probe.go:272] Flexvolume plugin directory at /usr/libexec/kubernetes/kubelet-plugins/volume/exec/ does not exist. Recreating.
2025-01-29 13:37:21,121 INFO c.h.h.t.HelmChartContainer - [K3S] [watchdog_linux.go:99] "Systemd watchdog is not enabled"
2025-01-29 13:37:21,121 INFO c.h.h.t.HelmChartContainer - [K3S] [server.go:1282] "Started kubelet"
2025-01-29 13:37:21,123 INFO c.h.h.t.HelmChartContainer - [K3S] [ratelimit.go:55] "Setting rate limiting for endpoint" service="podresources" qps=100 burstTokens=10
2025-01-29 13:37:21,123 INFO c.h.h.t.HelmChartContainer - [K3S] [server.go:243] "Starting to serve the podresources API" endpoint="unix:/var/lib/kubelet/pod-resources/kubelet.sock"
2025-01-29 13:37:21,126 INFO c.h.h.t.HelmChartContainer - [K3S] [fs_resource_analyzer.go:67] "Starting FS ResourceAnalyzer"
2025-01-29 13:37:21,130 INFO c.h.h.t.HelmChartContainer - [K3S] [kubelet.go:1561] "Image garbage collection failed once. Stats initialization may not have completed yet" err="invalid capacity 0 on image filesystem"
2025-01-29 13:37:21,130 INFO c.h.h.t.HelmChartContainer - [K3S] [server.go:169] "Starting to listen" address="0.0.0.0" port=10250
2025-01-29 13:37:21,130 INFO c.h.h.t.HelmChartContainer - [K3S] [server.go:490] "Adding debug handlers to kubelet server"
2025-01-29 13:37:21,130 INFO c.h.h.t.HelmChartContainer - [K3S] [server.go:208] "Starting to listen read-only" address="0.0.0.0" port=10255
2025-01-29 13:37:21,131 INFO c.h.h.t.HelmChartContainer - [K3S] [dynamic_serving_content.go:135] "Starting controller" name="kubelet-server-cert-files::/var/lib/rancher/k3s/agent/serving-kubelet.crt::/var/lib/rancher/k3s/agent/serving-kubelet.key"
2025-01-29 13:37:21,133 INFO c.h.h.t.HelmChartContainer - [K3S] [volume_manager.go:297] "Starting Kubelet Volume Manager"
2025-01-29 13:37:21,135 INFO c.h.h.t.HelmChartContainer - [K3S] [kubelet_node_status.go:467] "Error getting the current node from lister" err="node \"0e5534e18bbb\" not found"
2025-01-29 13:37:21,136 INFO c.h.h.t.HelmChartContainer - [K3S] [desired_state_of_world_populator.go:149] "Desired state populator starts to run"
2025-01-29 13:37:21,136 INFO c.h.h.t.HelmChartContainer - [K3S] [reconciler.go:26] "Reconciler: start to sync state"
2025-01-29 13:37:21,137 INFO c.h.h.t.HelmChartContainer - [K3S] [factory.go:221] Registration of the systemd container factory successfully
2025-01-29 13:37:21,138 INFO c.h.h.t.HelmChartContainer - [K3S] [factory.go:219] Registration of the crio container factory failed: Get "http://%2Fvar%2Frun%2Fcrio%2Fcrio.sock/info": dial unix /var/run/crio/crio.sock: connect: no such file or directory
2025-01-29 13:37:21,141 INFO c.h.h.t.HelmChartContainer - [K3S] [factory.go:221] Registration of the containerd container factory successfully
2025-01-29 13:37:21,142 INFO c.h.h.t.HelmChartContainer - [K3S] [nodelease.go:49] "Failed to get node when trying to set owner ref to the node lease" err="nodes \"0e5534e18bbb\" not found" node="0e5534e18bbb"
2025-01-29 13:37:21,151 INFO c.h.h.t.HelmChartContainer - [K3S] [kubelet_network_linux.go:50] "Initialized iptables rules." protocol="IPv4"
2025-01-29 13:37:21,152 INFO c.h.h.t.HelmChartContainer - [K3S] [kubelet_network_linux.go:50] "Initialized iptables rules." protocol="IPv6"
2025-01-29 13:37:21,153 INFO c.h.h.t.HelmChartContainer - [K3S] [status_manager.go:227] "Starting to sync pod status with apiserver"
2025-01-29 13:37:21,153 INFO c.h.h.t.HelmChartContainer - [K3S] [watchdog_linux.go:127] "Systemd watchdog is not enabled or the interval is invalid, so health checking will not be started."
2025-01-29 13:37:21,153 INFO c.h.h.t.HelmChartContainer - [K3S] [kubelet.go:2388] "Starting kubelet main sync loop"
2025-01-29 13:37:21,153 INFO c.h.h.t.HelmChartContainer - [K3S] [kubelet.go:2412] "Skipping pod synchronization" err="[container runtime status check may not have completed yet, PLEG is not healthy: pleg has yet to be successful]"
2025-01-29 13:37:21,167 INFO c.h.h.t.HelmChartContainer - [K3S] [cpu_manager.go:221] "Starting CPU manager" policy="none"
2025-01-29 13:37:21,167 INFO c.h.h.t.HelmChartContainer - [K3S] [cpu_manager.go:222] "Reconciling" reconcilePeriod="10s"
2025-01-29 13:37:21,167 INFO c.h.h.t.HelmChartContainer - [K3S] [state_mem.go:36] "Initialized new in-memory state store"
2025-01-29 13:37:21,168 INFO c.h.h.t.HelmChartContainer - [K3S] [policy_none.go:49] "None policy: Start"
2025-01-29 13:37:21,169 INFO c.h.h.t.HelmChartContainer - [K3S] [memory_manager.go:186] "Starting memorymanager" policy="None"
2025-01-29 13:37:21,169 INFO c.h.h.t.HelmChartContainer - [K3S] [state_mem.go:35] "Initializing new in-memory state store"
2025-01-29 13:37:21,173 INFO c.h.h.t.HelmChartContainer - [K3S] [manager.go:519] "Failed to read data from checkpoint" checkpoint="kubelet_internal_checkpoint" err="checkpoint is not found"
2025-01-29 13:37:21,174 INFO c.h.h.t.HelmChartContainer - [K3S] [eviction_manager.go:189] "Eviction manager: starting control loop"
2025-01-29 13:37:21,174 INFO c.h.h.t.HelmChartContainer - [K3S] [container_log_manager.go:189] "Initializing container log rotate workers" workers=1 monitorPeriod="10s"
2025-01-29 13:37:21,180 INFO c.h.h.t.HelmChartContainer - [K3S] [plugin_manager.go:118] "Starting Kubelet Plugin Manager"
2025-01-29 13:37:21,180 INFO c.h.h.t.HelmChartContainer - [K3S] [eviction_manager.go:267] "eviction manager: failed to check if we have separate container filesystem. Ignoring." err="no imagefs label for configured runtime"
2025-01-29 13:37:21,180 INFO c.h.h.t.HelmChartContainer - [K3S] [eviction_manager.go:292] "Eviction manager: failed to get summary stats" err="failed to get node info: node \"0e5534e18bbb\" not found"
2025-01-29 13:37:21,213 INFO c.h.h.t.HelmChartContainer - [K3S] [ERROR] Sending HTTP/1.1 503 response to 127.0.0.1:33578: runtime core not ready
2025-01-29 13:37:21,276 INFO c.h.h.t.HelmChartContainer - [K3S] [kubelet_node_status.go:76] "Attempting to register node" node="0e5534e18bbb"
2025-01-29 13:37:21,279 INFO c.h.h.t.HelmChartContainer - [K3S] [kubelet_node_status.go:79] "Successfully registered node" node="0e5534e18bbb"
2025-01-29 13:37:21,280 INFO c.h.h.t.HelmChartContainer - [K3S] [kubelet_node_status.go:549] "Error updating node status, will retry" err="error getting node \"0e5534e18bbb\": node \"0e5534e18bbb\" not found"
2025-01-29 13:37:21,284 INFO c.h.h.t.HelmChartContainer - [K3S] [INFO] Annotations and labels have been set successfully on node: 0e5534e18bbb
2025-01-29 13:37:21,284 INFO c.h.h.t.HelmChartContainer - [K3S] [INFO] Starting flannel with backend vxlan
2025-01-29 13:37:21,313 INFO c.h.h.t.HelmChartContainer - [K3S] [INFO] Running kube-proxy --cluster-cidr=10.42.0.0/16 --conntrack-max-per-core=0 --conntrack-tcp-timeout-close-wait=0s --conntrack-tcp-timeout-established=0s --healthz-bind-address=127.0.0.1 --hostname-override=0e5534e18bbb --kubeconfig=/var/lib/rancher/k3s/agent/kubeproxy.kubeconfig --proxy-mode=iptables
2025-01-29 13:37:21,361 INFO c.h.h.t.HelmChartContainer - [K3S] [server.go:698] "Successfully retrieved node IP(s)" IPs=["172.18.0.2"]
2025-01-29 13:37:21,362 INFO c.h.h.t.HelmChartContainer - [K3S] [server.go:234] "Kube-proxy configuration may be incomplete or incorrect" err="nodePortAddresses is unset; NodePort connections will be accepted on all local IPs. Consider using `--nodeport-addresses primary`"
2025-01-29 13:37:21,367 INFO c.h.h.t.HelmChartContainer - [K3S] [server.go:243] "kube-proxy running in dual-stack mode" primary ipFamily="IPv4"
2025-01-29 13:37:21,367 INFO c.h.h.t.HelmChartContainer - [K3S] [server_linux.go:170] "Using iptables Proxier"
2025-01-29 13:37:21,368 INFO c.h.h.t.HelmChartContainer - [K3S] [proxier.go:255] "Setting route_localnet=1 to allow node-ports on localhost; to change this either disable iptables.localhostNodePorts (--iptables-localhost-nodeports) or set nodePortAddresses (--nodeport-addresses) to filter loopback addresses"
2025-01-29 13:37:21,373 INFO c.h.h.t.HelmChartContainer - [K3S] [server.go:497] "Version info" version="v1.32.1+k3s1"
2025-01-29 13:37:21,374 INFO c.h.h.t.HelmChartContainer - [K3S] [server.go:499] "Golang settings" GOGC="" GOMAXPROCS="" GOTRACEBACK=""
2025-01-29 13:37:21,374 INFO c.h.h.t.HelmChartContainer - [K3S] [config.go:199] "Starting service config controller"
2025-01-29 13:37:21,374 INFO c.h.h.t.HelmChartContainer - [K3S] [config.go:105] "Starting endpoint slice config controller"
2025-01-29 13:37:21,374 INFO c.h.h.t.HelmChartContainer - [K3S] [config.go:329] "Starting node config controller"
2025-01-29 13:37:21,485 INFO c.h.h.t.HelmChartContainer - [K3S] [kubelet_node_status.go:502] "Fast updating node status as it just became ready"
2025-01-29 13:37:21,884 INFO c.h.h.t.HelmChartContainer - [K3S] [INFO] Waiting for cloud-controller-manager privileges to become available
2025-01-29 13:37:21,884 INFO c.h.h.t.HelmChartContainer - [K3S] [INFO] Creating k3s-supervisor event broadcaster
2025-01-29 13:37:21,884 INFO c.h.h.t.HelmChartContainer - [K3S] [INFO] Waiting for untainted node
2025-01-29 13:37:21,888 INFO c.h.h.t.HelmChartContainer - [K3S] [INFO] Kube API server is now running
2025-01-29 13:37:21,888 INFO c.h.h.t.HelmChartContainer - [K3S] [INFO] ETCD server is now running
2025-01-29 13:37:21,888 INFO c.h.h.t.HelmChartContainer - [K3S] [INFO] k3s is up and running
2025-01-29 13:37:21,892 INFO c.h.h.t.HelmChartContainer - [K3S] [INFO] Applying CRD addons.k3s.cattle.io
2025-01-29 13:37:21,904 INFO c.h.h.t.HelmChartContainer - [K3S] [INFO] Applying CRD etcdsnapshotfiles.k3s.cattle.io
2025-01-29 13:37:21,917 INFO c.h.h.t.HelmChartContainer - [K3S] [INFO] Applying CRD helmcharts.helm.cattle.io
2025-01-29 13:37:21,938 INFO c.h.h.t.HelmChartContainer - [K3S] [INFO] Applying CRD helmchartconfigs.helm.cattle.io
2025-01-29 13:37:21,951 INFO c.h.h.t.HelmChartContainer - [K3S] [INFO] Waiting for CRD helmchartconfigs.helm.cattle.io to become available
2025-01-29 13:37:22,118 INFO c.h.h.t.HelmChartContainer - [K3S] [apiserver.go:52] "Watching apiserver"
2025-01-29 13:37:22,136 INFO c.h.h.t.HelmChartContainer - [K3S] [desired_state_of_world_populator.go:157] "Finished populating initial desired state of world"
2025-01-29 13:37:22,266 INFO c.h.h.t.HelmChartContainer - [K3S] [serving.go:392] Generated self-signed cert in-memory
2025-01-29 13:37:22,455 INFO c.h.h.t.HelmChartContainer - [K3S] [INFO] Done waiting for CRD helmchartconfigs.helm.cattle.io to become available
2025-01-29 13:37:22,455 INFO c.h.h.t.HelmChartContainer - [K3S] [INFO] Writing static file: /var/lib/rancher/k3s/server/static/charts/traefik-27.0.201+up27.0.2.tgz
2025-01-29 13:37:22,456 INFO c.h.h.t.HelmChartContainer - [K3S] [INFO] Writing static file: /var/lib/rancher/k3s/server/static/charts/traefik-crd-27.0.201+up27.0.2.tgz
2025-01-29 13:37:22,456 INFO c.h.h.t.HelmChartContainer - [K3S] [INFO] Writing manifest: /var/lib/rancher/k3s/server/manifests/metrics-server/auth-reader.yaml
2025-01-29 13:37:22,457 INFO c.h.h.t.HelmChartContainer - [K3S] [INFO] Writing manifest: /var/lib/rancher/k3s/server/manifests/metrics-server/metrics-apiservice.yaml
2025-01-29 13:37:22,457 INFO c.h.h.t.HelmChartContainer - [K3S] [INFO] Writing manifest: /var/lib/rancher/k3s/server/manifests/metrics-server/metrics-server-deployment.yaml
2025-01-29 13:37:22,457 INFO c.h.h.t.HelmChartContainer - [K3S] [INFO] Writing manifest: /var/lib/rancher/k3s/server/manifests/metrics-server/resource-reader.yaml
2025-01-29 13:37:22,457 INFO c.h.h.t.HelmChartContainer - [K3S] [INFO] Writing manifest: /var/lib/rancher/k3s/server/manifests/local-storage.yaml
2025-01-29 13:37:22,457 INFO c.h.h.t.HelmChartContainer - [K3S] [INFO] Writing manifest: /var/lib/rancher/k3s/server/manifests/metrics-server/aggregated-metrics-reader.yaml
2025-01-29 13:37:22,458 INFO c.h.h.t.HelmChartContainer - [K3S] [INFO] Writing manifest: /var/lib/rancher/k3s/server/manifests/metrics-server/auth-delegator.yaml
2025-01-29 13:37:22,459 INFO c.h.h.t.HelmChartContainer - [K3S] [INFO] Writing manifest: /var/lib/rancher/k3s/server/manifests/rolebindings.yaml
2025-01-29 13:37:22,459 INFO c.h.h.t.HelmChartContainer - [K3S] [INFO] Writing manifest: /var/lib/rancher/k3s/server/manifests/runtimes.yaml
2025-01-29 13:37:22,459 INFO c.h.h.t.HelmChartContainer - [K3S] [INFO] Writing manifest: /var/lib/rancher/k3s/server/manifests/ccm.yaml
2025-01-29 13:37:22,459 INFO c.h.h.t.HelmChartContainer - [K3S] [INFO] Writing manifest: /var/lib/rancher/k3s/server/manifests/coredns.yaml
2025-01-29 13:37:22,459 INFO c.h.h.t.HelmChartContainer - [K3S] [INFO] Writing manifest: /var/lib/rancher/k3s/server/manifests/metrics-server/metrics-server-service.yaml
2025-01-29 13:37:22,460 INFO c.h.h.t.HelmChartContainer - [K3S] [INFO] Starting dynamiclistener CN filter node controller with SANs: [localhost 127.0.0.1 ::1 localhost 0e5534e18bbb 172.18.0.2 10.43.0.1 kubernetes kubernetes.default kubernetes.default.svc kubernetes.default.svc.cluster.local]
2025-01-29 13:37:22,461 INFO c.h.h.t.HelmChartContainer - [K3S] [INFO] Tunnel server egress proxy mode: agent
2025-01-29 13:37:22,566 INFO c.h.h.t.HelmChartContainer - [K3S] [INFO] Starting k3s.cattle.io/v1, Kind=Addon controller
2025-01-29 13:37:22,566 INFO c.h.h.t.HelmChartContainer - [K3S] [INFO] Creating deploy event broadcaster
2025-01-29 13:37:22,671 INFO c.h.h.t.HelmChartContainer - [K3S] [INFO] Starting /v1, Kind=Node controller
2025-01-29 13:37:22,671 INFO c.h.h.t.HelmChartContainer - [K3S] [INFO] Creating helm-controller event broadcaster
2025-01-29 13:37:22,681 INFO c.h.h.t.HelmChartContainer - [K3S] [INFO] Cluster dns configmap has been set successfully
2025-01-29 13:37:22,682 INFO c.h.h.t.HelmChartContainer - [K3S] [INFO] Labels and annotations have been set successfully on node: 0e5534e18bbb
2025-01-29 13:37:22,714 INFO c.h.h.t.HelmChartContainer - [K3S] [INFO] Starting /v1, Kind=ServiceAccount controller
2025-01-29 13:37:22,714 INFO c.h.h.t.HelmChartContainer - [K3S] [INFO] Starting /v1, Kind=Secret controller
2025-01-29 13:37:22,715 INFO c.h.h.t.HelmChartContainer - [K3S] [INFO] Starting /v1, Kind=ConfigMap controller
2025-01-29 13:37:22,721 INFO c.h.h.t.HelmChartContainer - [K3S] [INFO] Updating TLS secret for kube-system/k3s-serving (count: 10): map[listener.cattle.io/cn-0e5534e18bbb:0e5534e18bbb listener.cattle.io/cn-10.43.0.1:10.43.0.1 listener.cattle.io/cn-127.0.0.1:127.0.0.1 listener.cattle.io/cn-172.18.0.2:172.18.0.2 listener.cattle.io/cn-__1-f16284:::1 listener.cattle.io/cn-kubernetes:kubernetes listener.cattle.io/cn-kubernetes.default:kubernetes.default listener.cattle.io/cn-kubernetes.default.svc:kubernetes.default.svc listener.cattle.io/cn-kubernetes.default.svc.cluster.local:kubernetes.default.svc.cluster.local listener.cattle.io/cn-localhost:localhost listener.cattle.io/fingerprint:SHA1=1D93CEEFE595A740D7DEB58E929CFF592F0BCAA6]
2025-01-29 13:37:22,725 INFO c.h.h.t.HelmChartContainer - [K3S] [INFO] Active TLS secret kube-system/k3s-serving (ver=230) (count 10): map[listener.cattle.io/cn-0e5534e18bbb:0e5534e18bbb listener.cattle.io/cn-10.43.0.1:10.43.0.1 listener.cattle.io/cn-127.0.0.1:127.0.0.1 listener.cattle.io/cn-172.18.0.2:172.18.0.2 listener.cattle.io/cn-__1-f16284:::1 listener.cattle.io/cn-kubernetes:kubernetes listener.cattle.io/cn-kubernetes.default:kubernetes.default listener.cattle.io/cn-kubernetes.default.svc:kubernetes.default.svc listener.cattle.io/cn-kubernetes.default.svc.cluster.local:kubernetes.default.svc.cluster.local listener.cattle.io/cn-localhost:localhost listener.cattle.io/fingerprint:SHA1=1D93CEEFE595A740D7DEB58E929CFF592F0BCAA6]
2025-01-29 13:37:22,782 INFO c.h.h.t.HelmChartContainer - [K3S] [INFO] Starting helm.cattle.io/v1, Kind=HelmChart controller
2025-01-29 13:37:22,782 INFO c.h.h.t.HelmChartContainer - [K3S] [INFO] Starting helm.cattle.io/v1, Kind=HelmChartConfig controller
2025-01-29 13:37:22,785 INFO c.h.h.t.HelmChartContainer - [K3S] [INFO] Starting rbac.authorization.k8s.io/v1, Kind=ClusterRoleBinding controller
2025-01-29 13:37:22,787 INFO c.h.h.t.HelmChartContainer - [K3S] [INFO] Starting batch/v1, Kind=Job controller
2025-01-29 13:37:22,817 INFO c.h.h.t.HelmChartContainer - [K3S] [INFO] Updating TLS secret for kube-system/k3s-serving (count: 10): map[listener.cattle.io/cn-0e5534e18bbb:0e5534e18bbb listener.cattle.io/cn-10.43.0.1:10.43.0.1 listener.cattle.io/cn-127.0.0.1:127.0.0.1 listener.cattle.io/cn-172.18.0.2:172.18.0.2 listener.cattle.io/cn-__1-f16284:::1 listener.cattle.io/cn-kubernetes:kubernetes listener.cattle.io/cn-kubernetes.default:kubernetes.default listener.cattle.io/cn-kubernetes.default.svc:kubernetes.default.svc listener.cattle.io/cn-kubernetes.default.svc.cluster.local:kubernetes.default.svc.cluster.local listener.cattle.io/cn-localhost:localhost listener.cattle.io/fingerprint:SHA1=1D93CEEFE595A740D7DEB58E929CFF592F0BCAA6]
2025-01-29 13:37:22,829 INFO c.h.h.t.HelmChartContainer - [K3S] [controllermanager.go:185] "Starting" version="v1.32.1+k3s1"
2025-01-29 13:37:22,829 INFO c.h.h.t.HelmChartContainer - [K3S] [controllermanager.go:187] "Golang settings" GOGC="" GOMAXPROCS="" GOTRACEBACK=""
2025-01-29 13:37:22,831 INFO c.h.h.t.HelmChartContainer - [K3S] [requestheader_controller.go:180] Starting RequestHeaderAuthRequestController
2025-01-29 13:37:22,832 INFO c.h.h.t.HelmChartContainer - [K3S] [configmap_cafile_content.go:205] "Starting controller" name="client-ca::kube-system::extension-apiserver-authentication::client-ca-file"
2025-01-29 13:37:22,832 INFO c.h.h.t.HelmChartContainer - [K3S] [configmap_cafile_content.go:205] "Starting controller" name="client-ca::kube-system::extension-apiserver-authentication::requestheader-client-ca-file"
2025-01-29 13:37:22,832 INFO c.h.h.t.HelmChartContainer - [K3S] [secure_serving.go:213] Serving securely on 127.0.0.1:10257
2025-01-29 13:37:22,833 INFO c.h.h.t.HelmChartContainer - [K3S] [tlsconfig.go:243] "Starting DynamicServingCertificateController"
2025-01-29 13:37:22,836 INFO c.h.h.t.HelmChartContainer - [K3S] [controllermanager.go:765] "Started controller" controller="serviceaccount-token-controller"
2025-01-29 13:37:22,843 INFO c.h.h.t.HelmChartContainer - [K3S] [controllermanager.go:765] "Started controller" controller="persistentvolume-expander-controller"
2025-01-29 13:37:22,843 INFO c.h.h.t.HelmChartContainer - [K3S] [expand_controller.go:329] "Starting expand controller"
2025-01-29 13:37:22,849 INFO c.h.h.t.HelmChartContainer - [K3S] [controllermanager.go:765] "Started controller" controller="taint-eviction-controller"
2025-01-29 13:37:22,849 INFO c.h.h.t.HelmChartContainer - [K3S] [taint_eviction.go:281] "Starting" controller="taint-eviction-controller"
2025-01-29 13:37:22,849 INFO c.h.h.t.HelmChartContainer - [K3S] [taint_eviction.go:287] "Sending events to api server"
2025-01-29 13:37:22,857 INFO c.h.h.t.HelmChartContainer - [K3S] [controllermanager.go:765] "Started controller" controller="persistentvolume-protection-controller"
2025-01-29 13:37:22,858 INFO c.h.h.t.HelmChartContainer - [K3S] [pv_protection_controller.go:81] "Starting PV protection controller"
2025-01-29 13:37:22,864 INFO c.h.h.t.HelmChartContainer - [K3S] [controllermanager.go:765] "Started controller" controller="root-ca-certificate-publisher-controller"
2025-01-29 13:37:22,865 INFO c.h.h.t.HelmChartContainer - [K3S] [controllermanager.go:717] "Controller is disabled by a feature gate" controller="service-cidr-controller" requiredFeatureGates=["MultiCIDRServiceAllocator"]
2025-01-29 13:37:22,865 INFO c.h.h.t.HelmChartContainer - [K3S] [publisher.go:107] "Starting root CA cert publisher controller"
2025-01-29 13:37:22,890 INFO c.h.h.t.HelmChartContainer - [K3S] [controllermanager.go:765] "Started controller" controller="resourcequota-controller"
2025-01-29 13:37:22,890 INFO c.h.h.t.HelmChartContainer - [K3S] [resource_quota_controller.go:300] "Starting resource quota controller"
2025-01-29 13:37:22,902 INFO c.h.h.t.HelmChartContainer - [K3S] [controllermanager.go:765] "Started controller" controller="namespace-controller"
2025-01-29 13:37:22,902 INFO c.h.h.t.HelmChartContainer - [K3S] [namespace_controller.go:202] "Starting namespace controller"
2025-01-29 13:37:22,907 INFO c.h.h.t.HelmChartContainer - [K3S] [controllermanager.go:765] "Started controller" controller="deployment-controller"
2025-01-29 13:37:22,907 INFO c.h.h.t.HelmChartContainer - [K3S] [deployment_controller.go:173] "Starting controller" controller="deployment"
2025-01-29 13:37:22,912 INFO c.h.h.t.HelmChartContainer - [K3S] [controllermanager.go:765] "Started controller" controller="certificatesigningrequest-approving-controller"
2025-01-29 13:37:22,912 INFO c.h.h.t.HelmChartContainer - [K3S] [certificate_controller.go:120] "Starting certificate controller" name="csrapproving"
2025-01-29 13:37:22,939 INFO c.h.h.t.HelmChartContainer - [K3S] [controllermanager.go:765] "Started controller" controller="token-cleaner-controller"
2025-01-29 13:37:22,940 INFO c.h.h.t.HelmChartContainer - [K3S] [tokencleaner.go:117] "Starting token cleaner controller"
2025-01-29 13:37:23,189 INFO c.h.h.t.HelmChartContainer - [K3S] [graph_builder.go:351] "Running" component="GraphBuilder"
2025-01-29 13:37:23,189 INFO c.h.h.t.HelmChartContainer - [K3S] [controllermanager.go:765] "Started controller" controller="garbage-collector-controller"
2025-01-29 13:37:23,440 INFO c.h.h.t.HelmChartContainer - [K3S] [controllermanager.go:765] "Started controller" controller="replicaset-controller"
2025-01-29 13:37:23,440 INFO c.h.h.t.HelmChartContainer - [K3S] [replica_set.go:217] "Starting controller" name="replicaset"
2025-01-29 13:37:23,592 INFO c.h.h.t.HelmChartContainer - [K3S] [range_allocator.go:112] "No Secondary Service CIDR provided. Skipping filtering out secondary service addresses"
2025-01-29 13:37:23,592 INFO c.h.h.t.HelmChartContainer - [K3S] [controllermanager.go:765] "Started controller" controller="node-ipam-controller"
2025-01-29 13:37:23,592 INFO c.h.h.t.HelmChartContainer - [K3S] [controllermanager.go:723] "Skipping a cloud provider controller" controller="cloud-node-lifecycle-controller"
2025-01-29 13:37:23,592 INFO c.h.h.t.HelmChartContainer - [K3S] [controllermanager.go:717] "Controller is disabled by a feature gate" controller="selinux-warning-controller" requiredFeatureGates=["SELinuxChangePolicy"]
2025-01-29 13:37:23,592 INFO c.h.h.t.HelmChartContainer - [K3S] [controllermanager.go:717] "Controller is disabled by a feature gate" controller="resourceclaim-controller" requiredFeatureGates=["DynamicResourceAllocation"]
2025-01-29 13:37:23,592 INFO c.h.h.t.HelmChartContainer - [K3S] [node_ipam_controller.go:141] "Starting ipam controller"
2025-01-29 13:37:23,741 INFO c.h.h.t.HelmChartContainer - [K3S] [controllermanager.go:765] "Started controller" controller="serviceaccount-controller"
2025-01-29 13:37:23,741 INFO c.h.h.t.HelmChartContainer - [K3S] [serviceaccounts_controller.go:114] "Starting service account controller"
2025-01-29 13:37:23,889 INFO c.h.h.t.HelmChartContainer - [K3S] [controllermanager.go:765] "Started controller" controller="statefulset-controller"
2025-01-29 13:37:23,889 INFO c.h.h.t.HelmChartContainer - [K3S] [controllermanager.go:723] "Skipping a cloud provider controller" controller="node-route-controller"
2025-01-29 13:37:23,889 INFO c.h.h.t.HelmChartContainer - [K3S] [controllermanager.go:717] "Controller is disabled by a feature gate" controller="storageversion-garbage-collector-controller" requiredFeatureGates=["APIServerIdentity","StorageVersionAPI"]
2025-01-29 13:37:23,889 INFO c.h.h.t.HelmChartContainer - [K3S] [stateful_set.go:166] "Starting stateful set controller"
2025-01-29 13:37:24,039 INFO c.h.h.t.HelmChartContainer - [K3S] [controllermanager.go:765] "Started controller" controller="endpointslice-mirroring-controller"
2025-01-29 13:37:24,039 INFO c.h.h.t.HelmChartContainer - [K3S] [endpointslicemirroring_controller.go:227] "Starting EndpointSliceMirroring controller"
2025-01-29 13:37:24,089 INFO c.h.h.t.HelmChartContainer - [K3S] [node_lifecycle_controller.go:432] "Controller will reconcile labels"
2025-01-29 13:37:24,089 INFO c.h.h.t.HelmChartContainer - [K3S] [controllermanager.go:765] "Started controller" controller="node-lifecycle-controller"
2025-01-29 13:37:24,089 INFO c.h.h.t.HelmChartContainer - [K3S] [controllermanager.go:723] "Skipping a cloud provider controller" controller="service-lb-controller"
2025-01-29 13:37:24,089 INFO c.h.h.t.HelmChartContainer - [K3S] [controllermanager.go:717] "Controller is disabled by a feature gate" controller="volumeattributesclass-protection-controller" requiredFeatureGates=["VolumeAttributesClass"]
2025-01-29 13:37:24,089 INFO c.h.h.t.HelmChartContainer - [K3S] [node_lifecycle_controller.go:466] "Sending events to api server"
2025-01-29 13:37:24,089 INFO c.h.h.t.HelmChartContainer - [K3S] [node_lifecycle_controller.go:477] "Starting node controller"
2025-01-29 13:37:24,239 INFO c.h.h.t.HelmChartContainer - [K3S] [controllermanager.go:765] "Started controller" controller="ephemeral-volume-controller"
2025-01-29 13:37:24,239 INFO c.h.h.t.HelmChartContainer - [K3S] [controllermanager.go:717] "Controller is disabled by a feature gate" controller="kube-apiserver-serving-clustertrustbundle-publisher-controller" requiredFeatureGates=["ClusterTrustBundle"]
2025-01-29 13:37:24,239 INFO c.h.h.t.HelmChartContainer - [K3S] [controller.go:173] "Starting ephemeral volume controller"
2025-01-29 13:37:24,389 INFO c.h.h.t.HelmChartContainer - [K3S] [controllermanager.go:765] "Started controller" controller="endpointslice-controller"
2025-01-29 13:37:24,390 INFO c.h.h.t.HelmChartContainer - [K3S] [endpointslice_controller.go:281] "Starting endpoint slice controller"
2025-01-29 13:37:24,540 INFO c.h.h.t.HelmChartContainer - [K3S] [controllermanager.go:765] "Started controller" controller="daemonset-controller"
2025-01-29 13:37:24,541 INFO c.h.h.t.HelmChartContainer - [K3S] [controllermanager.go:728] "Warning: controller is disabled" controller="bootstrap-signer-controller"
2025-01-29 13:37:24,541 INFO c.h.h.t.HelmChartContainer - [K3S] [daemon_controller.go:294] "Starting daemon sets controller"
2025-01-29 13:37:24,571 INFO c.h.h.t.HelmChartContainer - [K3S] [event.go:389] "Event occurred" object="kube-system/ccm" fieldPath="" kind="Addon" apiVersion="k3s.cattle.io/v1" type="Normal" reason="ApplyingManifest" message="Applying manifest at \"/var/lib/rancher/k3s/server/manifests/ccm.yaml\""
2025-01-29 13:37:24,590 INFO c.h.h.t.HelmChartContainer - [K3S] [event.go:389] "Event occurred" object="kube-system/ccm" fieldPath="" kind="Addon" apiVersion="k3s.cattle.io/v1" type="Normal" reason="AppliedManifest" message="Applied manifest at \"/var/lib/rancher/k3s/server/manifests/ccm.yaml\""
2025-01-29 13:37:24,594 INFO c.h.h.t.HelmChartContainer - [K3S] [event.go:389] "Event occurred" object="0e5534e18bbb" fieldPath="" kind="Node" apiVersion="" type="Normal" reason="NodePasswordValidationComplete" message="Deferred node password secret validation complete"
2025-01-29 13:37:24,599 INFO c.h.h.t.HelmChartContainer - [K3S] [event.go:389] "Event occurred" object="kube-system/coredns" fieldPath="" kind="Addon" apiVersion="k3s.cattle.io/v1" type="Normal" reason="ApplyingManifest" message="Applying manifest at \"/var/lib/rancher/k3s/server/manifests/coredns.yaml\""
2025-01-29 13:37:24,690 INFO c.h.h.t.HelmChartContainer - [K3S] [controllermanager.go:765] "Started controller" controller="persistentvolume-binder-controller"
2025-01-29 13:37:24,690 INFO c.h.h.t.HelmChartContainer - [K3S] [pv_controller_base.go:308] "Starting persistent volume controller"
2025-01-29 13:37:24,705 INFO c.h.h.t.HelmChartContainer - [K3S] [alloc.go:330] "allocated clusterIPs" service="kube-system/kube-dns" clusterIPs={"IPv4":"10.43.0.10"}
2025-01-29 13:37:24,708 INFO c.h.h.t.HelmChartContainer - [K3S] [event.go:389] "Event occurred" object="kube-system/coredns" fieldPath="" kind="Addon" apiVersion="k3s.cattle.io/v1" type="Normal" reason="AppliedManifest" message="Applied manifest at \"/var/lib/rancher/k3s/server/manifests/coredns.yaml\""
2025-01-29 13:37:24,714 INFO c.h.h.t.HelmChartContainer - [K3S] [event.go:389] "Event occurred" object="kube-system/local-storage" fieldPath="" kind="Addon" apiVersion="k3s.cattle.io/v1" type="Normal" reason="ApplyingManifest" message="Applying manifest at \"/var/lib/rancher/k3s/server/manifests/local-storage.yaml\""
2025-01-29 13:37:24,804 INFO c.h.h.t.HelmChartContainer - [K3S] [event.go:389] "Event occurred" object="kube-system/local-storage" fieldPath="" kind="Addon" apiVersion="k3s.cattle.io/v1" type="Normal" reason="AppliedManifest" message="Applied manifest at \"/var/lib/rancher/k3s/server/manifests/local-storage.yaml\""
2025-01-29 13:37:24,809 INFO c.h.h.t.HelmChartContainer - [K3S] [event.go:389] "Event occurred" object="kube-system/aggregated-metrics-reader" fieldPath="" kind="Addon" apiVersion="k3s.cattle.io/v1" type="Normal" reason="ApplyingManifest" message="Applying manifest at \"/var/lib/rancher/k3s/server/manifests/metrics-server/aggregated-metrics-reader.yaml\""
2025-01-29 13:37:24,839 INFO c.h.h.t.HelmChartContainer - [K3S] [controllermanager.go:765] "Started controller" controller="persistentvolume-attach-detach-controller"
2025-01-29 13:37:24,839 INFO c.h.h.t.HelmChartContainer - [K3S] [attach_detach_controller.go:338] "Starting attach detach controller"
2025-01-29 13:37:24,879 INFO c.h.h.t.HelmChartContainer - [K3S] [event.go:389] "Event occurred" object="kube-system/aggregated-metrics-reader" fieldPath="" kind="Addon" apiVersion="k3s.cattle.io/v1" type="Normal" reason="AppliedManifest" message="Applied manifest at \"/var/lib/rancher/k3s/server/manifests/metrics-server/aggregated-metrics-reader.yaml\""
2025-01-29 13:37:24,884 INFO c.h.h.t.HelmChartContainer - [K3S] [event.go:389] "Event occurred" object="kube-system/auth-delegator" fieldPath="" kind="Addon" apiVersion="k3s.cattle.io/v1" type="Normal" reason="ApplyingManifest" message="Applying manifest at \"/var/lib/rancher/k3s/server/manifests/metrics-server/auth-delegator.yaml\""
2025-01-29 13:37:24,889 INFO c.h.h.t.HelmChartContainer - [K3S] [event.go:389] "Event occurred" object="kube-system/auth-delegator" fieldPath="" kind="Addon" apiVersion="k3s.cattle.io/v1" type="Normal" reason="AppliedManifest" message="Applied manifest at \"/var/lib/rancher/k3s/server/manifests/metrics-server/auth-delegator.yaml\""
2025-01-29 13:37:24,894 INFO c.h.h.t.HelmChartContainer - [K3S] [event.go:389] "Event occurred" object="kube-system/auth-reader" fieldPath="" kind="Addon" apiVersion="k3s.cattle.io/v1" type="Normal" reason="ApplyingManifest" message="Applying manifest at \"/var/lib/rancher/k3s/server/manifests/metrics-server/auth-reader.yaml\""
2025-01-29 13:37:24,899 INFO c.h.h.t.HelmChartContainer - [K3S] [event.go:389] "Event occurred" object="kube-system/auth-reader" fieldPath="" kind="Addon" apiVersion="k3s.cattle.io/v1" type="Normal" reason="AppliedManifest" message="Applied manifest at \"/var/lib/rancher/k3s/server/manifests/metrics-server/auth-reader.yaml\""
2025-01-29 13:37:24,907 INFO c.h.h.t.HelmChartContainer - [K3S] [event.go:389] "Event occurred" object="kube-system/metrics-apiservice" fieldPath="" kind="Addon" apiVersion="k3s.cattle.io/v1" type="Normal" reason="ApplyingManifest" message="Applying manifest at \"/var/lib/rancher/k3s/server/manifests/metrics-server/metrics-apiservice.yaml\""
2025-01-29 13:37:24,913 INFO c.h.h.t.HelmChartContainer - [K3S] [event.go:389] "Event occurred" object="kube-system/metrics-apiservice" fieldPath="" kind="Addon" apiVersion="k3s.cattle.io/v1" type="Normal" reason="AppliedManifest" message="Applied manifest at \"/var/lib/rancher/k3s/server/manifests/metrics-server/metrics-apiservice.yaml\""
2025-01-29 13:37:24,918 INFO c.h.h.t.HelmChartContainer - [K3S] [handler_proxy.go:99] no RequestInfo found in the context
2025-01-29 13:37:24,918 INFO c.h.h.t.HelmChartContainer - [K3S] [controller.go:146] "Unhandled Error" err=<
2025-01-29 13:37:24,919 INFO c.h.h.t.HelmChartContainer - [K3S] 	, Header: map[Content-Type:[text/plain; charset=utf-8] X-Content-Type-Options:[nosniff]]
2025-01-29 13:37:24,919 INFO c.h.h.t.HelmChartContainer - [K3S]  >
2025-01-29 13:37:24,919 INFO c.h.h.t.HelmChartContainer - [K3S] [handler_proxy.go:143] error resolving kube-system/metrics-server: service "metrics-server" not found
2025-01-29 13:37:24,922 INFO c.h.h.t.HelmChartContainer - [K3S] [event.go:389] "Event occurred" object="kube-system/metrics-server-deployment" fieldPath="" kind="Addon" apiVersion="k3s.cattle.io/v1" type="Normal" reason="ApplyingManifest" message="Applying manifest at \"/var/lib/rancher/k3s/server/manifests/metrics-server/metrics-server-deployment.yaml\""
2025-01-29 13:37:24,933 INFO c.h.h.t.HelmChartContainer - [K3S] [event.go:389] "Event occurred" object="kube-system/metrics-server-deployment" fieldPath="" kind="Addon" apiVersion="k3s.cattle.io/v1" type="Normal" reason="AppliedManifest" message="Applied manifest at \"/var/lib/rancher/k3s/server/manifests/metrics-server/metrics-server-deployment.yaml\""
2025-01-29 13:37:24,939 INFO c.h.h.t.HelmChartContainer - [K3S] [event.go:389] "Event occurred" object="kube-system/metrics-server-service" fieldPath="" kind="Addon" apiVersion="k3s.cattle.io/v1" type="Normal" reason="ApplyingManifest" message="Applying manifest at \"/var/lib/rancher/k3s/server/manifests/metrics-server/metrics-server-service.yaml\""
2025-01-29 13:37:24,950 INFO c.h.h.t.HelmChartContainer - [K3S] [alloc.go:330] "allocated clusterIPs" service="kube-system/metrics-server" clusterIPs={"IPv4":"10.43.10.4"}
2025-01-29 13:37:24,950 INFO c.h.h.t.HelmChartContainer - [K3S] [event.go:389] "Event occurred" object="kube-system/metrics-server-service" fieldPath="" kind="Addon" apiVersion="k3s.cattle.io/v1" type="Normal" reason="AppliedManifest" message="Applied manifest at \"/var/lib/rancher/k3s/server/manifests/metrics-server/metrics-server-service.yaml\""
2025-01-29 13:37:24,955 INFO c.h.h.t.HelmChartContainer - [K3S] [handler_proxy.go:99] no RequestInfo found in the context
2025-01-29 13:37:24,955 INFO c.h.h.t.HelmChartContainer - [K3S] [controller.go:146] "Unhandled Error" err=<
2025-01-29 13:37:24,956 INFO c.h.h.t.HelmChartContainer - [K3S] 	, Header: map[Content-Type:[text/plain; charset=utf-8] X-Content-Type-Options:[nosniff]]
2025-01-29 13:37:24,956 INFO c.h.h.t.HelmChartContainer - [K3S]  >
2025-01-29 13:37:24,961 INFO c.h.h.t.HelmChartContainer - [K3S] [event.go:389] "Event occurred" object="kube-system/resource-reader" fieldPath="" kind="Addon" apiVersion="k3s.cattle.io/v1" type="Normal" reason="ApplyingManifest" message="Applying manifest at \"/var/lib/rancher/k3s/server/manifests/metrics-server/resource-reader.yaml\""
2025-01-29 13:37:24,966 INFO c.h.h.t.HelmChartContainer - [K3S] [handler_proxy.go:143] error resolving kube-system/metrics-server: endpoints "metrics-server" not found
2025-01-29 13:37:24,991 INFO c.h.h.t.HelmChartContainer - [K3S] [controllermanager.go:765] "Started controller" controller="clusterrole-aggregation-controller"
2025-01-29 13:37:24,991 INFO c.h.h.t.HelmChartContainer - [K3S] [clusterroleaggregation_controller.go:194] "Starting ClusterRoleAggregator controller"
2025-01-29 13:37:24,996 INFO c.h.h.t.HelmChartContainer - [K3S] [event.go:389] "Event occurred" object="kube-system/resource-reader" fieldPath="" kind="Addon" apiVersion="k3s.cattle.io/v1" type="Normal" reason="AppliedManifest" message="Applied manifest at \"/var/lib/rancher/k3s/server/manifests/metrics-server/resource-reader.yaml\""
2025-01-29 13:37:25,005 INFO c.h.h.t.HelmChartContainer - [K3S] [event.go:389] "Event occurred" object="kube-system/rolebindings" fieldPath="" kind="Addon" apiVersion="k3s.cattle.io/v1" type="Normal" reason="ApplyingManifest" message="Applying manifest at \"/var/lib/rancher/k3s/server/manifests/rolebindings.yaml\""
2025-01-29 13:37:25,108 INFO c.h.h.t.HelmChartContainer - [K3S] [event.go:389] "Event occurred" object="kube-system/rolebindings" fieldPath="" kind="Addon" apiVersion="k3s.cattle.io/v1" type="Normal" reason="AppliedManifest" message="Applied manifest at \"/var/lib/rancher/k3s/server/manifests/rolebindings.yaml\""
2025-01-29 13:37:25,116 INFO c.h.h.t.HelmChartContainer - [K3S] [event.go:389] "Event occurred" object="kube-system/runtimes" fieldPath="" kind="Addon" apiVersion="k3s.cattle.io/v1" type="Normal" reason="ApplyingManifest" message="Applying manifest at \"/var/lib/rancher/k3s/server/manifests/runtimes.yaml\""
2025-01-29 13:37:25,139 INFO c.h.h.t.HelmChartContainer - [K3S] [controllermanager.go:765] "Started controller" controller="persistentvolumeclaim-protection-controller"
2025-01-29 13:37:25,139 INFO c.h.h.t.HelmChartContainer - [K3S] [pvc_protection_controller.go:168] "Starting PVC protection controller"
2025-01-29 13:37:25,144 INFO c.h.h.t.HelmChartContainer - [K3S] [event.go:389] "Event occurred" object="kube-system/runtimes" fieldPath="" kind="Addon" apiVersion="k3s.cattle.io/v1" type="Normal" reason="AppliedManifest" message="Applied manifest at \"/var/lib/rancher/k3s/server/manifests/runtimes.yaml\""
2025-01-29 13:37:25,176 INFO c.h.h.t.HelmChartContainer - [K3S] [serving.go:392] Generated self-signed cert in-memory
2025-01-29 13:37:25,290 INFO c.h.h.t.HelmChartContainer - [K3S] [controllermanager.go:765] "Started controller" controller="ttl-after-finished-controller"
2025-01-29 13:37:25,290 INFO c.h.h.t.HelmChartContainer - [K3S] [ttlafterfinished_controller.go:112] "Starting TTL after finished controller"
2025-01-29 13:37:25,312 INFO c.h.h.t.HelmChartContainer - [K3S] [serving.go:392] Generated self-signed cert in-memory
2025-01-29 13:37:25,439 INFO c.h.h.t.HelmChartContainer - [K3S] [controllermanager.go:765] "Started controller" controller="endpoints-controller"
2025-01-29 13:37:25,439 INFO c.h.h.t.HelmChartContainer - [K3S] [endpoints_controller.go:182] "Starting endpoint controller"
2025-01-29 13:37:25,468 INFO c.h.h.t.HelmChartContainer - [K3S] [controllermanager.go:160] Version: v1.32.1+k3s1
2025-01-29 13:37:25,470 INFO c.h.h.t.HelmChartContainer - [K3S] [requestheader_controller.go:180] Starting RequestHeaderAuthRequestController
2025-01-29 13:37:25,470 INFO c.h.h.t.HelmChartContainer - [K3S] [configmap_cafile_content.go:205] "Starting controller" name="client-ca::kube-system::extension-apiserver-authentication::requestheader-client-ca-file"
2025-01-29 13:37:25,471 INFO c.h.h.t.HelmChartContainer - [K3S] [configmap_cafile_content.go:205] "Starting controller" name="client-ca::kube-system::extension-apiserver-authentication::client-ca-file"
2025-01-29 13:37:25,472 INFO c.h.h.t.HelmChartContainer - [K3S] [secure_serving.go:213] Serving securely on 127.0.0.1:10258
2025-01-29 13:37:25,472 INFO c.h.h.t.HelmChartContainer - [K3S] [tlsconfig.go:243] "Starting DynamicServingCertificateController"
2025-01-29 13:37:25,475 INFO c.h.h.t.HelmChartContainer - [K3S] [INFO] Creating service-lb-controller event broadcaster
2025-01-29 13:37:25,587 INFO c.h.h.t.HelmChartContainer - [K3S] [INFO] Starting /v1, Kind=Node controller
2025-01-29 13:37:25,589 INFO c.h.h.t.HelmChartContainer - [K3S] [controllermanager.go:765] "Started controller" controller="replicationcontroller-controller"
2025-01-29 13:37:25,589 INFO c.h.h.t.HelmChartContainer - [K3S] [replica_set.go:217] "Starting controller" name="replicationcontroller"
2025-01-29 13:37:25,590 INFO c.h.h.t.HelmChartContainer - [K3S] [INFO] Starting /v1, Kind=Pod controller
2025-01-29 13:37:25,593 INFO c.h.h.t.HelmChartContainer - [K3S] [INFO] Starting apps/v1, Kind=DaemonSet controller
2025-01-29 13:37:25,595 INFO c.h.h.t.HelmChartContainer - [K3S] [controllermanager.go:306] "node-route-controller" is disabled
2025-01-29 13:37:25,596 INFO c.h.h.t.HelmChartContainer - [K3S] [INFO] Starting discovery.k8s.io/v1, Kind=EndpointSlice controller
2025-01-29 13:37:25,596 INFO c.h.h.t.HelmChartContainer - [K3S] [controllermanager.go:329] Started "cloud-node-controller"
2025-01-29 13:37:25,596 INFO c.h.h.t.HelmChartContainer - [K3S] [node_controller.go:176] Sending events to api server.
2025-01-29 13:37:25,596 INFO c.h.h.t.HelmChartContainer - [K3S] [node_controller.go:185] Waiting for informer caches to sync
2025-01-29 13:37:25,596 INFO c.h.h.t.HelmChartContainer - [K3S] [controllermanager.go:329] Started "cloud-node-lifecycle-controller"
2025-01-29 13:37:25,597 INFO c.h.h.t.HelmChartContainer - [K3S] [node_lifecycle_controller.go:112] Sending events to api server
2025-01-29 13:37:25,597 INFO c.h.h.t.HelmChartContainer - [K3S] [controllermanager.go:329] Started "service-lb-controller"
2025-01-29 13:37:25,597 INFO c.h.h.t.HelmChartContainer - [K3S] [controller.go:234] Starting service controller
2025-01-29 13:37:25,697 INFO c.h.h.t.HelmChartContainer - [K3S] [node_controller.go:429] Initializing node 0e5534e18bbb with cloud provider
2025-01-29 13:37:25,703 INFO c.h.h.t.HelmChartContainer - [K3S] [node_controller.go:474] Successfully initialized node 0e5534e18bbb with cloud provider
2025-01-29 13:37:25,704 INFO c.h.h.t.HelmChartContainer - [K3S] [event.go:389] "Event occurred" object="0e5534e18bbb" fieldPath="" kind="Node" apiVersion="v1" type="Normal" reason="Synced" message="Node synced successfully"
2025-01-29 13:37:25,707 INFO c.h.h.t.HelmChartContainer - [K3S] [INFO] Updated coredns NodeHosts entry for 0e5534e18bbb
2025-01-29 13:37:25,788 INFO c.h.h.t.HelmChartContainer - [K3S] [controllermanager.go:765] "Started controller" controller="disruption-controller"
2025-01-29 13:37:25,788 INFO c.h.h.t.HelmChartContainer - [K3S] [disruption.go:452] "Sending events to api server."
2025-01-29 13:37:25,788 INFO c.h.h.t.HelmChartContainer - [K3S] [disruption.go:463] "Starting disruption controller"
2025-01-29 13:37:25,839 INFO c.h.h.t.HelmChartContainer - [K3S] [controllermanager.go:765] "Started controller" controller="certificatesigningrequest-signing-controller"
2025-01-29 13:37:25,839 INFO c.h.h.t.HelmChartContainer - [K3S] [certificate_controller.go:120] "Starting certificate controller" name="csrsigning-kubelet-serving"
2025-01-29 13:37:25,840 INFO c.h.h.t.HelmChartContainer - [K3S] [certificate_controller.go:120] "Starting certificate controller" name="csrsigning-kubelet-client"
2025-01-29 13:37:25,840 INFO c.h.h.t.HelmChartContainer - [K3S] [certificate_controller.go:120] "Starting certificate controller" name="csrsigning-kube-apiserver-client"
2025-01-29 13:37:25,840 INFO c.h.h.t.HelmChartContainer - [K3S] [dynamic_serving_content.go:135] "Starting controller" name="csr-controller::/var/lib/rancher/k3s/server/tls/client-ca.nochain.crt::/var/lib/rancher/k3s/server/tls/client-ca.key"
2025-01-29 13:37:25,840 INFO c.h.h.t.HelmChartContainer - [K3S] [dynamic_serving_content.go:135] "Starting controller" name="csr-controller::/var/lib/rancher/k3s/server/tls/server-ca.nochain.crt::/var/lib/rancher/k3s/server/tls/server-ca.key"
2025-01-29 13:37:25,840 INFO c.h.h.t.HelmChartContainer - [K3S] [dynamic_serving_content.go:135] "Starting controller" name="csr-controller::/var/lib/rancher/k3s/server/tls/client-ca.nochain.crt::/var/lib/rancher/k3s/server/tls/client-ca.key"
2025-01-29 13:37:25,840 INFO c.h.h.t.HelmChartContainer - [K3S] [certificate_controller.go:120] "Starting certificate controller" name="csrsigning-legacy-unknown"
2025-01-29 13:37:25,840 INFO c.h.h.t.HelmChartContainer - [K3S] [dynamic_serving_content.go:135] "Starting controller" name="csr-controller::/var/lib/rancher/k3s/server/tls/server-ca.nochain.crt::/var/lib/rancher/k3s/server/tls/server-ca.key"
2025-01-29 13:37:25,860 INFO c.h.h.t.HelmChartContainer - [K3S] [serving.go:392] Generated self-signed cert in-memory
2025-01-29 13:37:25,914 INFO c.h.h.t.HelmChartContainer - [K3S] [handler_proxy.go:99] no RequestInfo found in the context
2025-01-29 13:37:25,915 INFO c.h.h.t.HelmChartContainer - [K3S] [handler_proxy.go:99] no RequestInfo found in the context
2025-01-29 13:37:25,915 INFO c.h.h.t.HelmChartContainer - [K3S] [controller.go:102] "Unhandled Error" err=<
2025-01-29 13:37:25,915 INFO c.h.h.t.HelmChartContainer - [K3S] 	, Header: map[Content-Type:[text/plain; charset=utf-8] X-Content-Type-Options:[nosniff]]
2025-01-29 13:37:25,915 INFO c.h.h.t.HelmChartContainer - [K3S]  >
2025-01-29 13:37:25,989 INFO c.h.h.t.HelmChartContainer - [K3S] [controllermanager.go:765] "Started controller" controller="ttl-controller"
2025-01-29 13:37:25,990 INFO c.h.h.t.HelmChartContainer - [K3S] [ttl_controller.go:127] "Starting TTL controller"
2025-01-29 13:37:26,062 INFO c.h.h.t.HelmChartContainer - [K3S] [server.go:164] "Starting Kubernetes Scheduler" version="v1.32.1+k3s1"
2025-01-29 13:37:26,062 INFO c.h.h.t.HelmChartContainer - [K3S] [server.go:166] "Golang settings" GOGC="" GOMAXPROCS="" GOTRACEBACK=""
2025-01-29 13:37:26,064 INFO c.h.h.t.HelmChartContainer - [K3S] [requestheader_controller.go:180] Starting RequestHeaderAuthRequestController
2025-01-29 13:37:26,064 INFO c.h.h.t.HelmChartContainer - [K3S] [configmap_cafile_content.go:205] "Starting controller" name="client-ca::kube-system::extension-apiserver-authentication::client-ca-file"
2025-01-29 13:37:26,065 INFO c.h.h.t.HelmChartContainer - [K3S] [configmap_cafile_content.go:205] "Starting controller" name="client-ca::kube-system::extension-apiserver-authentication::requestheader-client-ca-file"
2025-01-29 13:37:26,067 INFO c.h.h.t.HelmChartContainer - [K3S] [secure_serving.go:213] Serving securely on 127.0.0.1:10259
2025-01-29 13:37:26,067 INFO c.h.h.t.HelmChartContainer - [K3S] [tlsconfig.go:243] "Starting DynamicServingCertificateController"
2025-01-29 13:37:26,104 INFO c.h.h.t.HelmChartContainer - [K3S] [INFO] Tunnel authorizer set Kubelet Port 0.0.0.0:10250
2025-01-29 13:37:26,146 INFO c.h.h.t.HelmChartContainer - [K3S] [controllermanager.go:765] "Started controller" controller="legacy-serviceaccount-token-cleaner-controller"
2025-01-29 13:37:26,146 INFO c.h.h.t.HelmChartContainer - [K3S] [controllermanager.go:743] "Warning: skipping controller" controller="storage-version-migrator-controller"
2025-01-29 13:37:26,146 INFO c.h.h.t.HelmChartContainer - [K3S] [legacy_serviceaccount_token_cleaner.go:103] "Starting legacy service account token cleaner controller"
2025-01-29 13:37:26,338 INFO c.h.h.t.HelmChartContainer - [K3S] [controllermanager.go:765] "Started controller" controller="validatingadmissionpolicy-status-controller"
2025-01-29 13:37:26,489 INFO c.h.h.t.HelmChartContainer - [K3S] [controllermanager.go:765] "Started controller" controller="pod-garbage-collector-controller"
2025-01-29 13:37:26,490 INFO c.h.h.t.HelmChartContainer - [K3S] [gc_controller.go:99] "Starting GC controller"
2025-01-29 13:37:26,639 INFO c.h.h.t.HelmChartContainer - [K3S] [controllermanager.go:765] "Started controller" controller="job-controller"
2025-01-29 13:37:26,639 INFO c.h.h.t.HelmChartContainer - [K3S] [job_controller.go:243] "Starting job controller"
2025-01-29 13:37:26,939 INFO c.h.h.t.HelmChartContainer - [K3S] [controllermanager.go:765] "Started controller" controller="horizontal-pod-autoscaler-controller"
2025-01-29 13:37:26,939 INFO c.h.h.t.HelmChartContainer - [K3S] [horizontal.go:201] "Starting HPA controller"
2025-01-29 13:37:27,089 INFO c.h.h.t.HelmChartContainer - [K3S] [controllermanager.go:765] "Started controller" controller="cronjob-controller"
2025-01-29 13:37:27,089 INFO c.h.h.t.HelmChartContainer - [K3S] [cronjob_controllerv2.go:145] "Starting cronjob controller v2"
2025-01-29 13:37:27,104 INFO c.h.h.t.HelmChartContainer - [K3S] [INFO] Started tunnel to 172.18.0.2:6443
2025-01-29 13:37:27,104 INFO c.h.h.t.HelmChartContainer - [K3S] [INFO] Stopped tunnel to 127.0.0.1:6443
2025-01-29 13:37:27,104 INFO c.h.h.t.HelmChartContainer - [K3S] [INFO] Connecting to proxy" url="wss://172.18.0.2:6443/v1-k3s/connect
2025-01-29 13:37:27,105 INFO c.h.h.t.HelmChartContainer - [K3S] [INFO] Proxy done" err="context canceled" url="wss://127.0.0.1:6443/v1-k3s/connect
2025-01-29 13:37:27,105 INFO c.h.h.t.HelmChartContainer - [K3S] [INFO] error in remotedialer server [400]: websocket: close 1006 (abnormal closure): unexpected EOF
2025-01-29 13:37:27,106 INFO c.h.h.t.HelmChartContainer - [K3S] [INFO] Handling backend connection request [0e5534e18bbb]
2025-01-29 13:37:27,106 INFO c.h.h.t.HelmChartContainer - [K3S] [INFO] Remotedialer connected to proxy" url="wss://172.18.0.2:6443/v1-k3s/connect
2025-01-29 13:37:27,138 INFO c.h.h.t.HelmChartContainer - [K3S] [controllermanager.go:765] "Started controller" controller="certificatesigningrequest-cleaner-controller"
2025-01-29 13:37:27,139 INFO c.h.h.t.HelmChartContainer - [K3S] [cleaner.go:83] "Starting CSR cleaner controller"
2025-01-29 13:37:27,165 INFO c.h.h.t.HelmChartContainer - [K3S] [actual_state_of_world.go:541] "Failed to update statusUpdateNeeded field in actual state of world" err="Failed to set statusUpdateNeeded to needed true, because nodeName=\"0e5534e18bbb\" does not exist"
2025-01-29 13:37:27,191 INFO c.h.h.t.HelmChartContainer - [K3S] [node_lifecycle_controller.go:1234] "Initializing eviction metric for zone" zone=""
2025-01-29 13:37:27,192 INFO c.h.h.t.HelmChartContainer - [K3S] [node_lifecycle_controller.go:886] "Missing timestamp for Node. Assuming now as a timestamp" node="0e5534e18bbb"
2025-01-29 13:37:27,192 INFO c.h.h.t.HelmChartContainer - [K3S] [node_lifecycle_controller.go:1080] "Controller detected that zone is now in new state" zone="" newState="Normal"
2025-01-29 13:37:27,194 INFO c.h.h.t.HelmChartContainer - [K3S] [range_allocator.go:177] "Sending events to api server"
2025-01-29 13:37:27,194 INFO c.h.h.t.HelmChartContainer - [K3S] [range_allocator.go:183] "Starting range CIDR allocator"
2025-01-29 13:37:27,203 INFO c.h.h.t.HelmChartContainer - [K3S] [range_allocator.go:428] "Set node PodCIDR" node="0e5534e18bbb" podCIDRs=["10.42.0.0/24"]
2025-01-29 13:37:27,203 INFO c.h.h.t.HelmChartContainer - [K3S] [range_allocator.go:247] "Successfully synced" key="0e5534e18bbb"
2025-01-29 13:37:27,203 INFO c.h.h.t.HelmChartContainer - [K3S] [range_allocator.go:247] "Successfully synced" key="0e5534e18bbb"
2025-01-29 13:37:27,203 INFO c.h.h.t.HelmChartContainer - [K3S] [range_allocator.go:247] "Successfully synced" key="0e5534e18bbb"
2025-01-29 13:37:27,203 INFO c.h.h.t.HelmChartContainer - [K3S] [INFO] Flannel found PodCIDR assigned for node 0e5534e18bbb
2025-01-29 13:37:27,205 INFO c.h.h.t.HelmChartContainer - [K3S] [INFO] The interface eth0 with ipv4 address 172.18.0.2 will be used by flannel
2025-01-29 13:37:27,206 INFO c.h.h.t.HelmChartContainer - [K3S] [kube.go:139] Waiting 10m0s for node controller to sync
2025-01-29 13:37:27,206 INFO c.h.h.t.HelmChartContainer - [K3S] [kube.go:469] Starting kube subnet manager
2025-01-29 13:37:27,318 INFO c.h.h.t.HelmChartContainer - [K3S] [INFO] Starting network policy controller version v2.2.1, built on 2025-01-28T18:27:08Z, go1.23.4
2025-01-29 13:37:27,319 INFO c.h.h.t.HelmChartContainer - [K3S] [network_policy_controller.go:164] Starting network policy controller
2025-01-29 13:37:27,345 INFO c.h.h.t.HelmChartContainer - [K3S] [network_policy_controller.go:176] Starting network policy controller full sync goroutine
2025-01-29 13:37:27,595 INFO c.h.h.t.HelmChartContainer - [K3S] [range_allocator.go:247] "Successfully synced" key="0e5534e18bbb"
2025-01-29 13:37:27,796 INFO c.h.h.t.HelmChartContainer - [K3S] [handler_proxy.go:99] no RequestInfo found in the context
2025-01-29 13:37:27,796 INFO c.h.h.t.HelmChartContainer - [K3S] [controller.go:146] "Unhandled Error" err=<
2025-01-29 13:37:27,797 INFO c.h.h.t.HelmChartContainer - [K3S] 	, Header: map[Content-Type:[text/plain; charset=utf-8] X-Content-Type-Options:[nosniff]]
2025-01-29 13:37:27,797 INFO c.h.h.t.HelmChartContainer - [K3S]  >
2025-01-29 13:37:27,797 INFO c.h.h.t.HelmChartContainer - [K3S] [handler_proxy.go:143] error resolving kube-system/metrics-server: no endpoints available for service "metrics-server"
2025-01-29 13:37:28,056 INFO c.h.h.t.HelmChartContainer - [K3S] [replica_set.go:679] "Finished syncing" kind="ReplicaSet" key="kube-system/local-path-provisioner-698b58967b" duration="357.775912ms"
2025-01-29 13:37:28,067 INFO c.h.h.t.HelmChartContainer - [K3S] [replica_set.go:679] "Finished syncing" kind="ReplicaSet" key="kube-system/coredns-ff8999cc5" duration="366.956428ms"
2025-01-29 13:37:28,067 INFO c.h.h.t.HelmChartContainer - [K3S] [replica_set.go:679] "Finished syncing" kind="ReplicaSet" key="kube-system/metrics-server-8584b5786c" duration="367.456364ms"
2025-01-29 13:37:28,081 INFO c.h.h.t.HelmChartContainer - [K3S] [reconciler_common.go:251] "operationExecutor.VerifyControllerAttachedVolume started for volume \"config-volume\" (UniqueName: \"kubernetes.io/configmap/4bbf4600-3c27-466f-ad4d-9eeeaada2922-config-volume\") pod \"coredns-ff8999cc5-8mxwh\" (UID: \"4bbf4600-3c27-466f-ad4d-9eeeaada2922\") " pod="kube-system/coredns-ff8999cc5-8mxwh"
2025-01-29 13:37:28,082 INFO c.h.h.t.HelmChartContainer - [K3S] [reconciler_common.go:251] "operationExecutor.VerifyControllerAttachedVolume started for volume \"custom-config-volume\" (UniqueName: \"kubernetes.io/configmap/4bbf4600-3c27-466f-ad4d-9eeeaada2922-custom-config-volume\") pod \"coredns-ff8999cc5-8mxwh\" (UID: \"4bbf4600-3c27-466f-ad4d-9eeeaada2922\") " pod="kube-system/coredns-ff8999cc5-8mxwh"
2025-01-29 13:37:28,082 INFO c.h.h.t.HelmChartContainer - [K3S] [reconciler_common.go:251] "operationExecutor.VerifyControllerAttachedVolume started for volume \"kube-api-access-2khsp\" (UniqueName: \"kubernetes.io/projected/4bbf4600-3c27-466f-ad4d-9eeeaada2922-kube-api-access-2khsp\") pod \"coredns-ff8999cc5-8mxwh\" (UID: \"4bbf4600-3c27-466f-ad4d-9eeeaada2922\") " pod="kube-system/coredns-ff8999cc5-8mxwh"
2025-01-29 13:37:28,083 INFO c.h.h.t.HelmChartContainer - [K3S] [reconciler_common.go:251] "operationExecutor.VerifyControllerAttachedVolume started for volume \"config-volume\" (UniqueName: \"kubernetes.io/configmap/32cc13fe-3170-40b8-a754-20d45f235a45-config-volume\") pod \"local-path-provisioner-698b58967b-jvmrj\" (UID: \"32cc13fe-3170-40b8-a754-20d45f235a45\") " pod="kube-system/local-path-provisioner-698b58967b-jvmrj"
2025-01-29 13:37:28,083 INFO c.h.h.t.HelmChartContainer - [K3S] [reconciler_common.go:251] "operationExecutor.VerifyControllerAttachedVolume started for volume \"kube-api-access-2dpbt\" (UniqueName: \"kubernetes.io/projected/32cc13fe-3170-40b8-a754-20d45f235a45-kube-api-access-2dpbt\") pod \"local-path-provisioner-698b58967b-jvmrj\" (UID: \"32cc13fe-3170-40b8-a754-20d45f235a45\") " pod="kube-system/local-path-provisioner-698b58967b-jvmrj"
2025-01-29 13:37:28,101 INFO c.h.h.t.HelmChartContainer - [K3S] [replica_set.go:679] "Finished syncing" kind="ReplicaSet" key="kube-system/metrics-server-8584b5786c" duration="34.408368ms"
2025-01-29 13:37:28,101 INFO c.h.h.t.HelmChartContainer - [K3S] [replica_set.go:679] "Finished syncing" kind="ReplicaSet" key="kube-system/local-path-provisioner-698b58967b" duration="43.961091ms"
2025-01-29 13:37:28,102 INFO c.h.h.t.HelmChartContainer - [K3S] [replica_set.go:679] "Finished syncing" kind="ReplicaSet" key="kube-system/coredns-ff8999cc5" duration="38.346721ms"
2025-01-29 13:37:28,138 INFO c.h.h.t.HelmChartContainer - [K3S] [replica_set.go:679] "Finished syncing" kind="ReplicaSet" key="kube-system/metrics-server-8584b5786c" duration="38.801027ms"
2025-01-29 13:37:28,139 INFO c.h.h.t.HelmChartContainer - [K3S] [replica_set.go:679] "Finished syncing" kind="ReplicaSet" key="kube-system/metrics-server-8584b5786c" duration="45.105µs"
2025-01-29 13:37:28,141 INFO c.h.h.t.HelmChartContainer - [K3S] [replica_set.go:679] "Finished syncing" kind="ReplicaSet" key="kube-system/coredns-ff8999cc5" duration="38.862542ms"
2025-01-29 13:37:28,142 INFO c.h.h.t.HelmChartContainer - [K3S] [replica_set.go:679] "Finished syncing" kind="ReplicaSet" key="kube-system/coredns-ff8999cc5" duration="31.318µs"
2025-01-29 13:37:28,145 INFO c.h.h.t.HelmChartContainer - [K3S] [replica_set.go:679] "Finished syncing" kind="ReplicaSet" key="kube-system/local-path-provisioner-698b58967b" duration="46.011255ms"
2025-01-29 13:37:28,146 INFO c.h.h.t.HelmChartContainer - [K3S] [replica_set.go:679] "Finished syncing" kind="ReplicaSet" key="kube-system/local-path-provisioner-698b58967b" duration="62.467µs"
2025-01-29 13:37:28,146 INFO c.h.h.t.HelmChartContainer - [K3S] [replica_set.go:679] "Finished syncing" kind="ReplicaSet" key="kube-system/metrics-server-8584b5786c" duration="24.566µs"
2025-01-29 13:37:28,179 INFO c.h.h.t.HelmChartContainer - [K3S] [reconciler_common.go:251] "operationExecutor.VerifyControllerAttachedVolume started for volume \"tmp-dir\" (UniqueName: \"kubernetes.io/empty-dir/9d4d70af-5f22-46cd-b0c5-9ca00a7259b0-tmp-dir\") pod \"metrics-server-8584b5786c-hzhc7\" (UID: \"9d4d70af-5f22-46cd-b0c5-9ca00a7259b0\") " pod="kube-system/metrics-server-8584b5786c-hzhc7"
2025-01-29 13:37:28,180 INFO c.h.h.t.HelmChartContainer - [K3S] [reconciler_common.go:251] "operationExecutor.VerifyControllerAttachedVolume started for volume \"kube-api-access-zrtmd\" (UniqueName: \"kubernetes.io/projected/9d4d70af-5f22-46cd-b0c5-9ca00a7259b0-kube-api-access-zrtmd\") pod \"metrics-server-8584b5786c-hzhc7\" (UID: \"9d4d70af-5f22-46cd-b0c5-9ca00a7259b0\") " pod="kube-system/metrics-server-8584b5786c-hzhc7"
2025-01-29 13:37:28,207 INFO c.h.h.t.HelmChartContainer - [K3S] [kube.go:146] Node controller sync successful
2025-01-29 13:37:28,207 INFO c.h.h.t.HelmChartContainer - [K3S] [vxlan.go:141] VXLAN config: VNI=1 Port=0 GBP=false Learning=false DirectRouting=false
2025-01-29 13:37:28,211 INFO c.h.h.t.HelmChartContainer - [K3S] [kube.go:636] List of node(0e5534e18bbb) annotations: map[string]string{"alpha.kubernetes.io/provided-node-ip":"172.18.0.2", "k3s.io/hostname":"0e5534e18bbb", "k3s.io/internal-ip":"172.18.0.2", "k3s.io/node-args":"[\"server\",\"--etcd-arg\",\"unsafe-no-fsync\",\"--etcd-arg\",\"snapshot-count=10000\",\"--etcd-arg\",\"auto-compaction-mode=revision\",\"--etcd-arg\",\"auto-compaction-retention=1000000\",\"--kube-apiserver-arg\",\"etcd-compaction-interval=0s\",\"--disable\",\"traefik\",\"--tls-san\",\"localhost\"]", "k3s.io/node-config-hash":"2QNNT5M5XUBFOLO5XPGEVGOM5UDLHHTIVMSRUPAUHE5DU3HUYQUQ====", "k3s.io/node-env":"{}", "node.alpha.kubernetes.io/ttl":"0", "volumes.kubernetes.io/controller-managed-attach-detach":"true"}
2025-01-29 13:37:28,218 INFO c.h.h.t.HelmChartContainer - [K3S] [iptables.go:51] Starting flannel in iptables mode...
2025-01-29 13:37:28,219 INFO c.h.h.t.HelmChartContainer - [K3S] [WARNING] no subnet found for key: FLANNEL_NETWORK in file: /run/flannel/subnet.env
2025-01-29 13:37:28,219 INFO c.h.h.t.HelmChartContainer - [K3S] [WARNING] no subnet found for key: FLANNEL_SUBNET in file: /run/flannel/subnet.env
2025-01-29 13:37:28,219 INFO c.h.h.t.HelmChartContainer - [K3S] [WARNING] no subnet found for key: FLANNEL_IPV6_NETWORK in file: /run/flannel/subnet.env
2025-01-29 13:37:28,219 INFO c.h.h.t.HelmChartContainer - [K3S] [WARNING] no subnet found for key: FLANNEL_IPV6_SUBNET in file: /run/flannel/subnet.env
2025-01-29 13:37:28,220 INFO c.h.h.t.HelmChartContainer - [K3S] [iptables.go:115] Current network or subnet (10.42.0.0/16, 10.42.0.0/24) is not equal to previous one (0.0.0.0/0, 0.0.0.0/0), trying to recycle old iptables rules
2025-01-29 13:37:28,220 INFO c.h.h.t.HelmChartContainer - [K3S] [kube.go:490] Creating the node lease for IPv4. This is the n.Spec.PodCIDRs: [10.42.0.0/24]
2025-01-29 13:37:28,221 INFO c.h.h.t.HelmChartContainer - [K3S] [range_allocator.go:247] "Successfully synced" key="0e5534e18bbb"
2025-01-29 13:37:28,247 INFO c.h.h.t.HelmChartContainer - [K3S] [iptables.go:125] Setting up masking rules
2025-01-29 13:37:28,249 INFO c.h.h.t.HelmChartContainer - [K3S] [iptables.go:226] Changing default FORWARD chain policy to ACCEPT
2025-01-29 13:37:28,250 INFO c.h.h.t.HelmChartContainer - [K3S] [INFO] Wrote flannel subnet file to /run/flannel/subnet.env
2025-01-29 13:37:28,251 INFO c.h.h.t.HelmChartContainer - [K3S] [INFO] Running flannel backend.
2025-01-29 13:37:28,251 INFO c.h.h.t.HelmChartContainer - [K3S] [vxlan_network.go:65] watching for new subnet leases
2025-01-29 13:37:28,269 INFO c.h.h.t.HelmChartContainer - [K3S] [iptables.go:372] bootstrap done
2025-01-29 13:37:28,273 INFO c.h.h.t.HelmChartContainer - [K3S] [iptables.go:372] bootstrap done
2025-01-29 13:37:28,798 INFO c.h.h.t.HelmChartContainer - [K3S] [handler_proxy.go:99] no RequestInfo found in the context
2025-01-29 13:37:28,799 INFO c.h.h.t.HelmChartContainer - [K3S] [handler_proxy.go:99] no RequestInfo found in the context
2025-01-29 13:37:28,799 INFO c.h.h.t.HelmChartContainer - [K3S] [controller.go:102] "Unhandled Error" err=<
2025-01-29 13:37:28,799 INFO c.h.h.t.HelmChartContainer - [K3S] 	, Header: map[Content-Type:[text/plain; charset=utf-8] X-Content-Type-Options:[nosniff]]
2025-01-29 13:37:28,799 INFO c.h.h.t.HelmChartContainer - [K3S]  >
2025-01-29 13:37:31,194 INFO c.h.h.t.HelmChartContainer - [K3S] [replica_set.go:679] "Finished syncing" kind="ReplicaSet" key="kube-system/metrics-server-8584b5786c" duration="38.211µs"
2025-01-29 13:37:31,232 INFO c.h.h.t.HelmChartContainer - [K3S] [replica_set.go:679] "Finished syncing" kind="ReplicaSet" key="kube-system/local-path-provisioner-698b58967b" duration="7.106263ms"
2025-01-29 13:37:31,234 INFO c.h.h.t.HelmChartContainer - [K3S] [replica_set.go:679] "Finished syncing" kind="ReplicaSet" key="kube-system/local-path-provisioner-698b58967b" duration="2.363705ms"
2025-01-29 13:37:31,286 INFO c.h.h.t.HelmChartContainer - [K3S] [kuberuntime_manager.go:1702] "Updating runtime config through cri with podcidr" CIDR="10.42.0.0/24"
2025-01-29 13:37:31,288 INFO c.h.h.t.HelmChartContainer - [K3S] [kubelet_network.go:61] "Updating Pod CIDR" originalPodCIDR="" newPodCIDR="10.42.0.0/24"
2025-01-29 13:37:31,309 INFO c.h.h.t.HelmChartContainer - [K3S] [range_allocator.go:247] "Successfully synced" key="0e5534e18bbb"
2025-01-29 13:37:32,206 INFO c.h.h.t.HelmChartContainer - [K3S] [replica_set.go:679] "Finished syncing" kind="ReplicaSet" key="kube-system/coredns-ff8999cc5" duration="34.133µs"
2025-01-29 13:37:32,234 INFO c.h.h.t.HelmChartContainer - [K3S] [replica_set.go:679] "Finished syncing" kind="ReplicaSet" key="kube-system/coredns-ff8999cc5" duration="7.849604ms"
2025-01-29 13:37:32,235 INFO c.h.h.t.HelmChartContainer - [K3S] [replica_set.go:679] "Finished syncing" kind="ReplicaSet" key="kube-system/coredns-ff8999cc5" duration="31.269µs"
2025-01-29 13:37:32,465 DEBUG c.h.h.t.HelmChartContainer - Image file loaded 'hivemq-platform-operator.tar'
2025-01-29 13:37:32,916 DEBUG c.h.h.t.HelmChartContainer - Image file loaded 'hivemq-platform-operator-init.tar'
2025-01-29 13:37:38,818 DEBUG c.h.h.t.HelmChartContainer - Image file loaded 'hivemq-platform.tar'
2025-01-29 13:37:38,818 DEBUG c.h.h.t.HelmChartContainer - Successful Helm chart Container startup
2025-01-29 13:37:38,824 INFO t.localhost/testcontainers/fqvgx3zmxdkdfafz:latest - Container localhost/testcontainers/fqvgx3zmxdkdfafz:latest started in PT21.805628708S
2025-01-29 13:37:38,834 DEBUG c.h.h.t.HelmChartContainer - Executing helm command: /bin/helm --kubeconfig /etc/rancher/k3s/k3s.yaml repo add hivemq https://hivemq.github.io/helm-charts
2025-01-29 13:37:40,257 INFO c.h.h.t.HelmChartContainer - [EVENT] Normal [Starting] Starting kubelet. [null:0e5534e18bbb]
2025-01-29 13:37:40,258 INFO c.h.h.t.HelmChartContainer - [EVENT] Warning [InvalidDiskCapacity] invalid capacity 0 on image filesystem [null:0e5534e18bbb]
2025-01-29 13:37:40,257 INFO c.h.h.t.HelmChartContainer - Saved kubeconfig file on /tmp/kubeconfig-3511032463164157730.yaml
2025-01-29 13:37:40,258 INFO c.h.h.t.HelmChartContainer - HelmChartContainer is started
2025-01-29 13:37:40,261 INFO c.h.h.t.HelmChartContainer - [EVENT] Normal [NodeHasSufficientMemory] Node 0e5534e18bbb status is now: NodeHasSufficientMemory [null:0e5534e18bbb]
2025-01-29 13:37:40,261 INFO c.h.h.t.HelmChartContainer - [EVENT] Normal [NodeHasNoDiskPressure] Node 0e5534e18bbb status is now: NodeHasNoDiskPressure [null:0e5534e18bbb]
2025-01-29 13:37:40,265 INFO c.h.h.t.HelmChartContainer - [EVENT] Normal [NodeHasSufficientPID] Node 0e5534e18bbb status is now: NodeHasSufficientPID [null:0e5534e18bbb]
2025-01-29 13:37:40,265 INFO c.h.h.t.HelmChartContainer - [EVENT] Normal [NodeAllocatableEnforced] Updated Node Allocatable limit across pods [null:0e5534e18bbb]
2025-01-29 13:37:40,273 INFO c.h.h.t.HelmChartContainer - [EVENT] Normal [NodeReady] Node 0e5534e18bbb status is now: NodeReady [null:0e5534e18bbb]
2025-01-29 13:37:40,275 INFO c.h.h.t.HelmChartContainer - [EVENT] Normal [NodePasswordValidationComplete] Deferred node password secret validation complete [null:0e5534e18bbb]
2025-01-29 13:37:40,276 INFO c.h.h.t.HelmChartContainer - [EVENT] Normal [Synced] Node synced successfully [null:0e5534e18bbb]
2025-01-29 13:37:40,281 INFO c.h.h.t.HelmChartContainer - [EVENT] Normal [RegisteredNode] Node 0e5534e18bbb event: Registered Node 0e5534e18bbb in Controller [null:0e5534e18bbb]
]]></system-out>
  <system-err><![CDATA[]]></system-err>
</testsuite>
