<?xml version="1.0" encoding="UTF-8"?>
<testsuite name="com.hivemq.helmcharts.volumes.HelmVolumeClaimTemplatesIT" tests="1" skipped="0" failures="0" errors="0" timestamp="2025-01-27T17:06:35" hostname="fv-az813-630" time="363.469">
  <properties/>
  <testcase name="platform_whenVolumeClaimTemplateIsConfigured_withAdditionalVolumes_thenPersistentVolumeClaimsCreated()" classname="com.hivemq.helmcharts.volumes.HelmVolumeClaimTemplatesIT" time="363.469">
    <system-out><![CDATA[2025-01-27 17:06:35,906 INFO c.h.h.t.HelmChartContainer - Creating namespace 'helmvolumeclaimtemplatesit-operator'...
2025-01-27 17:06:35,914 INFO c.h.h.t.HelmChartContainer - Namespace 'helmvolumeclaimtemplatesit-operator' created
2025-01-27 17:06:35,914 INFO c.h.h.t.HelmChartContainer - Creating namespace 'helmvolumeclaimtemplatesit'...
2025-01-27 17:06:36,013 INFO c.h.h.t.HelmChartContainer - Namespace 'helmvolumeclaimtemplatesit' created
2025-01-27 17:06:36,074 DEBUG c.h.h.t.HelmChartContainer - Executing helm command: /bin/helm --kubeconfig /etc/rancher/k3s/k3s.yaml install test-hivemq-platform-operator /charts/hivemq-platform-operator --wait --timeout 5m0s --set image.repository=docker.io/hivemq --set image.name=hivemq-platform-operator-test --set image.initImageName=hivemq-platform-operator-init-test --set image.tag=snapshot --set image.pullPolicy=Never --set logLevel=DEBUG --set resources.cpu=512m --namespace helmvolumeclaimtemplatesit-operator
2025-01-27 17:06:36,378 INFO c.h.h.t.HelmChartContainer - [K3S] [alloc.go:330] "allocated clusterIPs" service="helmvolumeclaimtemplatesit-operator/hivemq-platform-operator-test-hivemq-platform-operator" clusterIPs={"IPv4":"10.43.66.107"}
2025-01-27 17:06:36,392 INFO c.h.h.t.HelmChartContainer - [EVENT] Normal [ScalingReplicaSet] Scaled up replica set hivemq-test-hivemq-platform-operator-6966f96d65 from 0 to 1 [helmvolumeclaimtemplatesit-operator:hivemq-test-hivemq-platform-operator]
2025-01-27 17:06:36,399 INFO c.h.h.t.HelmChartContainer - [EVENT] Normal [SuccessfulCreate] Created pod: hivemq-test-hivemq-platform-operator-6966f96d65-thtxq [helmvolumeclaimtemplatesit-operator:hivemq-test-hivemq-platform-operator-6966f96d65]
2025-01-27 17:06:36,400 INFO c.h.h.t.HelmChartContainer - [POD] hivemq-test-hivemq-platform-operator-6966f96d65-thtxq [10333020-aaa7-4ba7-b2c7-8918ea762d51] in helmvolumeclaimtemplatesit-operator was ADDED
2025-01-27 17:06:36,412 INFO c.h.h.t.HelmChartContainer - [K3S] [memory_manager.go:355] "RemoveStaleState removing state" podUID="23d2622a-7eb0-4620-9e66-42ea33071a2c" containerName="hivemq-platform-operator"
2025-01-27 17:06:36,412 INFO c.h.h.t.HelmChartContainer - [POD] hivemq-test-hivemq-platform-operator-6966f96d65-thtxq [10333020-aaa7-4ba7-b2c7-8918ea762d51] in helmvolumeclaimtemplatesit-operator was MODIFIED
2025-01-27 17:06:36,412 INFO c.h.h.t.HelmChartContainer - [EVENT] Normal [Scheduled] Successfully assigned helmvolumeclaimtemplatesit-operator/hivemq-test-hivemq-platform-operator-6966f96d65-thtxq to 7305957e3207 [helmvolumeclaimtemplatesit-operator:hivemq-test-hivemq-platform-operator-6966f96d65-thtxq]
2025-01-27 17:06:36,433 INFO c.h.h.t.HelmChartContainer - [POD] hivemq-test-hivemq-platform-operator-6966f96d65-thtxq [10333020-aaa7-4ba7-b2c7-8918ea762d51] in helmvolumeclaimtemplatesit-operator was MODIFIED
2025-01-27 17:06:36,436 INFO c.h.h.t.HelmChartContainer - [K3S] [replica_set.go:679] "Finished syncing" kind="ReplicaSet" key="helmvolumeclaimtemplatesit-operator/hivemq-test-hivemq-platform-operator-6966f96d65" duration="47.983347ms"
2025-01-27 17:06:36,444 INFO c.h.h.t.HelmChartContainer - [K3S] [reconciler_common.go:251] "operationExecutor.VerifyControllerAttachedVolume started for volume \"kube-api-access-dvzh9\" (UniqueName: \"kubernetes.io/projected/10333020-aaa7-4ba7-b2c7-8918ea762d51-kube-api-access-dvzh9\") pod \"hivemq-test-hivemq-platform-operator-6966f96d65-thtxq\" (UID: \"10333020-aaa7-4ba7-b2c7-8918ea762d51\") " pod="helmvolumeclaimtemplatesit-operator/hivemq-test-hivemq-platform-operator-6966f96d65-thtxq"
2025-01-27 17:06:36,449 INFO c.h.h.t.HelmChartContainer - [K3S] [replica_set.go:679] "Finished syncing" kind="ReplicaSet" key="helmvolumeclaimtemplatesit-operator/hivemq-test-hivemq-platform-operator-6966f96d65" duration="11.317803ms"
2025-01-27 17:06:36,449 INFO c.h.h.t.HelmChartContainer - [K3S] [replica_set.go:679] "Finished syncing" kind="ReplicaSet" key="helmvolumeclaimtemplatesit-operator/hivemq-test-hivemq-platform-operator-6966f96d65" duration="65.984µs"
2025-01-27 17:06:36,799 INFO c.h.h.t.HelmChartContainer - [EVENT] Normal [Pulled] Container image "docker.io/hivemq/hivemq-platform-operator-test:snapshot" already present on machine [helmvolumeclaimtemplatesit-operator:hivemq-test-hivemq-platform-operator-6966f96d65-thtxq]
2025-01-27 17:06:36,799 INFO c.h.h.t.HelmChartContainer - Received Pulled event for container hivemq-platform-operator in pod hivemq-test-hivemq-platform-operator-6966f96d65-thtxq [10333020-aaa7-4ba7-b2c7-8918ea762d51]
2025-01-27 17:06:38,037 INFO c.h.h.t.HelmChartContainer - [EVENT] Normal [Created] Created container: hivemq-platform-operator [helmvolumeclaimtemplatesit-operator:hivemq-test-hivemq-platform-operator-6966f96d65-thtxq]
2025-01-27 17:06:38,037 INFO c.h.h.t.HelmChartContainer - Received Created event for container hivemq-platform-operator in pod hivemq-test-hivemq-platform-operator-6966f96d65-thtxq [10333020-aaa7-4ba7-b2c7-8918ea762d51]
2025-01-27 17:06:38,538 INFO c.h.h.t.HelmChartContainer - [POD] hivemq-test-hivemq-platform-operator-6966f96d65-thtxq [10333020-aaa7-4ba7-b2c7-8918ea762d51] in helmvolumeclaimtemplatesit-operator was MODIFIED
2025-01-27 17:06:38,540 INFO c.h.h.t.HelmChartContainer - [K3S] [replica_set.go:679] "Finished syncing" kind="ReplicaSet" key="helmvolumeclaimtemplatesit-operator/hivemq-test-hivemq-platform-operator-6966f96d65" duration="39.394µs"
2025-01-27 17:06:38,551 INFO c.h.h.t.HelmChartContainer - Started log watcher for hivemq-platform-operator in pod hivemq-test-hivemq-platform-operator-6966f96d65-thtxq [10333020-aaa7-4ba7-b2c7-8918ea762d51]
2025-01-27 17:06:38,551 INFO c.h.h.t.HelmChartContainer - [EVENT] Normal [Started] Started container hivemq-platform-operator [helmvolumeclaimtemplatesit-operator:hivemq-test-hivemq-platform-operator-6966f96d65-thtxq]
2025-01-27 17:06:38,551 INFO c.h.h.t.HelmChartContainer - Received Started event for container hivemq-platform-operator in pod hivemq-test-hivemq-platform-operator-6966f96d65-thtxq [10333020-aaa7-4ba7-b2c7-8918ea762d51]
2025-01-27 17:06:38,552 INFO c.h.h.t.HelmChartContainer - [hivemq-test-hivemq-platform] [hivemq-platform-operator] [10333020] -------------------------------------------------------------------------
2025-01-27 17:06:38,552 INFO c.h.h.t.HelmChartContainer - [hivemq-test-hivemq-platform] [hivemq-platform-operator] [10333020] 
2025-01-27 17:06:38,552 INFO c.h.h.t.HelmChartContainer - [hivemq-test-hivemq-platform] [hivemq-platform-operator] [10333020]                   _    _  _              __  __   ____
2025-01-27 17:06:38,552 INFO c.h.h.t.HelmChartContainer - [hivemq-test-hivemq-platform] [hivemq-platform-operator] [10333020]                  | |  | |(_)            |  \/  | / __ \
2025-01-27 17:06:38,552 INFO c.h.h.t.HelmChartContainer - [hivemq-test-hivemq-platform] [hivemq-platform-operator] [10333020]                  | |__| | _ __   __ ___ | \  / || |  | |
2025-01-27 17:06:38,552 INFO c.h.h.t.HelmChartContainer - [hivemq-test-hivemq-platform] [hivemq-platform-operator] [10333020]                  |  __  || |\ \ / // _ \| |\/| || |  | |
2025-01-27 17:06:38,552 INFO c.h.h.t.HelmChartContainer - [hivemq-test-hivemq-platform] [hivemq-platform-operator] [10333020]                  | |  | || | \ V /|  __/| |  | || |__| |
2025-01-27 17:06:38,552 INFO c.h.h.t.HelmChartContainer - [hivemq-test-hivemq-platform] [hivemq-platform-operator] [10333020]                  |_|  |_||_|  \_/  \___||_|  |_| \___\_\
2025-01-27 17:06:38,552 INFO c.h.h.t.HelmChartContainer - [hivemq-test-hivemq-platform] [hivemq-platform-operator] [10333020] 
2025-01-27 17:06:38,552 INFO c.h.h.t.HelmChartContainer - [hivemq-test-hivemq-platform] [hivemq-platform-operator] [10333020] -------------------------------------------------------------------------
2025-01-27 17:06:38,552 INFO c.h.h.t.HelmChartContainer - [hivemq-test-hivemq-platform] [hivemq-platform-operator] [10333020] 
2025-01-27 17:06:38,552 INFO c.h.h.t.HelmChartContainer - [hivemq-test-hivemq-platform] [hivemq-platform-operator] [10333020]   HiveMQ Platform Operator Start Script v1.0
2025-01-27 17:06:38,552 INFO c.h.h.t.HelmChartContainer - [hivemq-test-hivemq-platform] [hivemq-platform-operator] [10333020] 
2025-01-27 17:06:38,552 INFO c.h.h.t.HelmChartContainer - [hivemq-test-hivemq-platform] [hivemq-platform-operator] [10333020] -------------------------------------------------------------------------
2025-01-27 17:06:38,552 INFO c.h.h.t.HelmChartContainer - [hivemq-test-hivemq-platform] [hivemq-platform-operator] [10333020] 
2025-01-27 17:06:38,552 INFO c.h.h.t.HelmChartContainer - [hivemq-test-hivemq-platform] [hivemq-platform-operator] [10333020]   JAVA_OPTS: -XX:+UnlockExperimentalVMOptions -XX:InitialRAMPercentage=75 -XX:MaxRAMPercentage=75 -Duser.language=en -Duser.region=US
2025-01-27 17:06:38,553 INFO c.h.h.t.HelmChartContainer - [hivemq-test-hivemq-platform] [hivemq-platform-operator] [10333020] 
2025-01-27 17:06:38,553 INFO c.h.h.t.HelmChartContainer - [hivemq-test-hivemq-platform] [hivemq-platform-operator] [10333020]   JAVA_VERSION: 21
2025-01-27 17:06:38,553 INFO c.h.h.t.HelmChartContainer - [hivemq-test-hivemq-platform] [hivemq-platform-operator] [10333020] 
2025-01-27 17:06:38,553 INFO c.h.h.t.HelmChartContainer - [hivemq-test-hivemq-platform] [hivemq-platform-operator] [10333020] -------------------------------------------------------------------------
2025-01-27 17:06:38,553 INFO c.h.h.t.HelmChartContainer - [hivemq-test-hivemq-platform] [hivemq-platform-operator] [10333020] 
2025-01-27 17:06:41,399 INFO c.h.h.t.HelmChartContainer - [hivemq-test-hivemq-platform] [hivemq-platform-operator] [10333020] 17:06:41.397 [main] DEBUG org.jboss.logging - Logging Provider: org.jboss.logging.Slf4jLoggerProvider
2025-01-27 17:06:41,535 INFO c.h.h.t.HelmChartContainer - [hivemq-test-hivemq-platform] [hivemq-platform-operator] [10333020] 17:06:41.534 [main] DEBUG io.smallrye.config - SRCFG01006: Loaded ConfigSource SysPropConfigSource with ordinal 400
2025-01-27 17:06:41,535 INFO c.h.h.t.HelmChartContainer - [hivemq-test-hivemq-platform] [hivemq-platform-operator] [10333020] 17:06:41.535 [main] DEBUG io.smallrye.config - SRCFG01006: Loaded ConfigSource EnvConfigSource with ordinal 300
2025-01-27 17:06:41,538 INFO c.h.h.t.HelmChartContainer - [hivemq-test-hivemq-platform] [hivemq-platform-operator] [10333020] 17:06:41.535 [main] DEBUG io.smallrye.config - SRCFG01006: Loaded ConfigSource PropertiesConfigSource[source=jar:file:///opt/hivemq-platform-operator/bin/hivemq-platform-operator.jar!/hivemq-platform-operator.properties] with ordinal 100
2025-01-27 17:06:41,538 INFO c.h.h.t.HelmChartContainer - [hivemq-test-hivemq-platform] [hivemq-platform-operator] [10333020] 17:06:41.535 [main] DEBUG io.smallrye.config - SRCFG01006: Loaded ConfigSource DefaultValuesConfigSource with ordinal -2147483648
2025-01-27 17:06:41,608 INFO c.h.h.t.HelmChartContainer - [hivemq-test-hivemq-platform] [hivemq-platform-operator] [10333020] 17:06:41.607 [main] DEBUG i.m.c.u.i.l.InternalLoggerFactory - Using SLF4J as the default logging framework
2025-01-27 17:06:41,798 INFO c.h.h.t.HelmChartContainer - [hivemq-test-hivemq-platform] [hivemq-platform-operator] [10333020] 17:06:41.740 [main] INFO  c.h.p.o.HiveMQPlatformOperatorApplication - HiveMQ Platform Operator 1.7.0-SNAPSHOT (commit: bebf408 on branch: HEAD) built on Sun Jan 26 20:47:47 UTC 2025
2025-01-27 17:06:41,800 INFO c.h.h.t.HelmChartContainer - [hivemq-test-hivemq-platform] [hivemq-platform-operator] [10333020] 17:06:41.797 [main] INFO  c.h.p.o.HiveMQPlatformOperatorApplication - HiveMQ Platform Operator is running in namespace: helmvolumeclaimtemplatesit-operator
2025-01-27 17:06:41,800 INFO c.h.h.t.HelmChartContainer - [hivemq-test-hivemq-platform] [hivemq-platform-operator] [10333020] 17:06:41.798 [main] INFO  c.h.p.o.HiveMQPlatformOperatorApplication - Watching all namespaces
2025-01-27 17:06:41,800 INFO c.h.h.t.HelmChartContainer - [hivemq-test-hivemq-platform] [hivemq-platform-operator] [10333020] 17:06:41.798 [main] INFO  c.h.p.o.HiveMQPlatformOperatorApplication - Log level: DEBUG
2025-01-27 17:06:41,800 INFO c.h.h.t.HelmChartContainer - [hivemq-test-hivemq-platform] [hivemq-platform-operator] [10333020] 17:06:41.798 [main] INFO  c.h.p.o.HiveMQPlatformOperatorApplication - Release name: test-hivemq-platform-operator
2025-01-27 17:06:41,800 INFO c.h.h.t.HelmChartContainer - [hivemq-test-hivemq-platform] [hivemq-platform-operator] [10333020] 17:06:41.798 [main] INFO  c.h.p.o.HiveMQPlatformOperatorApplication - HiveMQ Platform Operator Init image: docker.io/hivemq/hivemq-platform-operator-init-test:snapshot
2025-01-27 17:06:41,800 INFO c.h.h.t.HelmChartContainer - [hivemq-test-hivemq-platform] [hivemq-platform-operator] [10333020] 17:06:41.798 [main] INFO  c.h.p.o.HiveMQPlatformOperatorApplication - HiveMQ Platform Operator Init App update URL: http://hivemq-platform-operator-test-hivemq-platform-operator.helmvolumeclaimtemplatesit-operator.svc:8080/initAppUpdate/hivemq-platform-operator-init-app-1.7.0-SNAPSHOT.jar
2025-01-27 17:06:41,800 INFO c.h.h.t.HelmChartContainer - [hivemq-test-hivemq-platform] [hivemq-platform-operator] [10333020] 17:06:41.798 [main] INFO  c.h.p.o.HiveMQPlatformOperatorApplication - Additional imagePullSecret for all Platform deployments: none
2025-01-27 17:06:41,800 INFO c.h.h.t.HelmChartContainer - [hivemq-test-hivemq-platform] [hivemq-platform-operator] [10333020] 17:06:41.798 [main] INFO  c.h.p.o.HiveMQPlatformOperatorApplication - Apply HiveMQ Platform CRD: true
2025-01-27 17:06:41,800 INFO c.h.h.t.HelmChartContainer - [hivemq-test-hivemq-platform] [hivemq-platform-operator] [10333020] 17:06:41.798 [main] INFO  c.h.p.o.HiveMQPlatformOperatorApplication - Create Platform ServiceAccount: true
2025-01-27 17:06:41,800 INFO c.h.h.t.HelmChartContainer - [hivemq-test-hivemq-platform] [hivemq-platform-operator] [10333020] 17:06:41.798 [main] INFO  c.h.p.o.HiveMQPlatformOperatorApplication - Create Platform ServiceAccount permissions: true
2025-01-27 17:06:41,800 INFO c.h.h.t.HelmChartContainer - [hivemq-test-hivemq-platform] [hivemq-platform-operator] [10333020] 17:06:41.798 [main] INFO  c.h.p.o.HiveMQPlatformOperatorApplication - Validate Platform ServiceAccount: true
2025-01-27 17:06:41,800 INFO c.h.h.t.HelmChartContainer - [hivemq-test-hivemq-platform] [hivemq-platform-operator] [10333020] 17:06:41.798 [main] INFO  c.h.p.o.HiveMQPlatformOperatorApplication - Validate Platform ServiceAccount permissions: true
2025-01-27 17:06:41,934 INFO c.h.h.t.HelmChartContainer - [hivemq-test-hivemq-platform] [hivemq-platform-operator] [10333020] 17:06:41.933 [main] INFO  c.h.platform.operator.util.CRDUtil - Verifying deployed HiveMQ Platform CRD...
2025-01-27 17:06:44,498 INFO c.h.h.t.HelmChartContainer - [hivemq-test-hivemq-platform] [hivemq-platform-operator] [10333020] 17:06:44.496 [main] DEBUG c.h.platform.operator.util.CRDUtil - HiveMQ Platform CRD version v1 is up to date
2025-01-27 17:06:44,499 INFO c.h.h.t.HelmChartContainer - [hivemq-test-hivemq-platform] [hivemq-platform-operator] [10333020] 17:06:44.497 [main] INFO  c.h.platform.operator.util.CRDUtil - HiveMQ Platform CRD is up to date (version: V1_6_0)
2025-01-27 17:06:44,499 INFO c.h.h.t.HelmChartContainer - [hivemq-test-hivemq-platform] [hivemq-platform-operator] [10333020] 17:06:44.497 [main] INFO  c.h.platform.operator.util.CRDUtil - Waiting 10000 ms for HiveMQ Platform CRD 'hivemq-platforms.hivemq.com' to become ready...
2025-01-27 17:06:44,742 INFO c.h.h.t.HelmChartContainer - [hivemq-test-hivemq-platform] [hivemq-platform-operator] [10333020] 17:06:44.740 [vert.x-eventloop-thread-1] DEBUG c.h.platform.operator.util.CRDUtil - Checking CRD condition 'NamesAccepted' (status: 'True')
2025-01-27 17:06:44,744 INFO c.h.h.t.HelmChartContainer - [hivemq-test-hivemq-platform] [hivemq-platform-operator] [10333020] 17:06:44.741 [vert.x-eventloop-thread-1] DEBUG c.h.platform.operator.util.CRDUtil - Checking CRD condition 'Established' (status: 'True')
2025-01-27 17:06:44,744 INFO c.h.h.t.HelmChartContainer - [hivemq-test-hivemq-platform] [hivemq-platform-operator] [10333020] 17:06:44.741 [main] INFO  c.h.platform.operator.util.CRDUtil - HiveMQ Platform CRD 'hivemq-platforms.hivemq.com' is ready
2025-01-27 17:06:44,937 INFO c.h.h.t.HelmChartContainer - [hivemq-test-hivemq-platform] [hivemq-platform-operator] [10333020] 17:06:44.936 [main] INFO  c.h.p.o.HiveMQPlatformReconciler - HiveMQ Platform Operator is starting...
2025-01-27 17:06:45,040 INFO c.h.h.t.HelmChartContainer - [hivemq-test-hivemq-platform] [hivemq-platform-operator] [10333020] 17:06:45.039 [main] WARN  Default ConfigurationService implementation - Configuration for reconciler 'hivemq-controller' was not found. Known reconcilers: None.
2025-01-27 17:06:45,097 INFO c.h.h.t.HelmChartContainer - [hivemq-test-hivemq-platform] [hivemq-platform-operator] [10333020] 17:06:45.096 [main] INFO  Default ConfigurationService implementation - Created configuration for reconciler com.hivemq.platform.operator.HiveMQPlatformReconciler with name hivemq-controller
2025-01-27 17:06:45,201 INFO c.h.h.t.HelmChartContainer - [hivemq-test-hivemq-platform] [hivemq-platform-operator] [10333020] 17:06:45.200 [main] DEBUG c.h.p.o.HiveMQPlatformReconciler - HiveMQ Platform Operator is preparing EventSources
2025-01-27 17:06:45,243 INFO c.h.h.t.HelmChartContainer - [hivemq-test-hivemq-platform] [hivemq-platform-operator] [10333020] 17:06:45.242 [main] INFO  i.javaoperatorsdk.operator.Operator - Registered reconciler: 'hivemq-controller' for resource: 'class com.hivemq.platform.operator.v1.HiveMQPlatform' for namespace(s): [all namespaces]
2025-01-27 17:06:45,936 INFO c.h.h.t.HelmChartContainer - [hivemq-test-hivemq-platform] [hivemq-platform-operator] [10333020] 17:06:45.935 [main] INFO  c.h.p.operator.webserver.JettyServer - Starting Jetty server on port 8080
2025-01-27 17:06:46,001 INFO c.h.h.t.HelmChartContainer - [hivemq-test-hivemq-platform] [hivemq-platform-operator] [10333020] 17:06:46.000 [main] INFO  i.javaoperatorsdk.operator.Operator - Operator SDK 4.9.7 (commit: 2133d28) built on Wed Nov 20 12:56:20 UTC 2024 starting...
2025-01-27 17:06:46,001 INFO c.h.h.t.HelmChartContainer - [hivemq-test-hivemq-platform] [hivemq-platform-operator] [10333020] 17:06:46.000 [main] INFO  i.javaoperatorsdk.operator.Operator - Client version: 6.13.4
2025-01-27 17:06:46,033 INFO c.h.h.t.HelmChartContainer - [hivemq-test-hivemq-platform] [hivemq-platform-operator] [10333020] 17:06:46.032 [Controller Starter for: hivemq-controller] INFO  i.j.operator.processing.Controller - Starting 'hivemq-controller' controller for reconciler: com.hivemq.platform.operator.HiveMQPlatformReconciler, resource: com.hivemq.platform.operator.v1.HiveMQPlatform
2025-01-27 17:06:48,343 INFO c.h.h.t.HelmChartContainer - [hivemq-test-hivemq-platform] [hivemq-platform-operator] [10333020] 17:06:48.342 [Controller Starter for: hivemq-controller] INFO  i.j.operator.processing.Controller - 'hivemq-controller' controller started
2025-01-27 17:06:48,397 INFO c.h.h.t.HelmChartContainer - [hivemq-test-hivemq-platform] [hivemq-platform-operator] [10333020] 17:06:48.395 [main] INFO  c.h.p.o.HiveMQPlatformOperatorApplication - HiveMQ Platform Operator 1.7.0-SNAPSHOT started in 6655 ms
2025-01-27 17:06:49,543 INFO c.h.h.t.HelmChartContainer - [POD] hivemq-test-hivemq-platform-operator-6966f96d65-thtxq [10333020-aaa7-4ba7-b2c7-8918ea762d51] in helmvolumeclaimtemplatesit-operator was MODIFIED
2025-01-27 17:06:49,556 INFO c.h.h.t.HelmChartContainer - [K3S] [replica_set.go:679] "Finished syncing" kind="ReplicaSet" key="helmvolumeclaimtemplatesit-operator/hivemq-test-hivemq-platform-operator-6966f96d65" duration="15.557105ms"
2025-01-27 17:06:49,558 INFO c.h.h.t.HelmChartContainer - [K3S] [replica_set.go:679] "Finished syncing" kind="ReplicaSet" key="helmvolumeclaimtemplatesit-operator/hivemq-test-hivemq-platform-operator-6966f96d65" duration="73.067µs"
2025-01-27 17:06:50,510 DEBUG c.h.h.t.HelmChartContainer - Executing helm command: /bin/helm --kubeconfig /etc/rancher/k3s/k3s.yaml install test-hivemq-platform /charts/hivemq-platform --wait --timeout 5m0s --set image.repository=docker.io/hivemq --set image.tag=4.35.0 --set image.pullPolicy=Never --set nodes.resources.cpu=512m -f /files/volumes-claim-templates-values.yaml --namespace helmvolumeclaimtemplatesit
2025-01-27 17:06:50,843 INFO c.h.h.t.HelmChartContainer - [hivemq-test-hivemq-platform] [hivemq-platform-operator] [10333020] 17:06:50.841 [-373097727-pool-1-thread-1] WARN  i.m.p.PrometheusMeterRegistry - The meter (MeterId{name='operator.sdk.events.received', tags=[tag(action=ADDED),tag(event=ResourceEvent),tag(group=hivemq.com),tag(kind=HiveMQPlatform),tag(name=test-hivemq-platform),tag(namespace=helmvolumeclaimtemplatesit),tag(scope=namespace),tag(version=v1)]}) registration has failed: Prometheus requires that all meters with the same name have the same set of tag keys. There is already an existing meter named 'operator.sdk.events.received' containing tag keys [event, group, kind, name, namespace, scope, version]. The meter you are attempting to register has keys [action, event, group, kind, name, namespace, scope, version]. Note that subsequent logs will be logged at debug level.
2025-01-27 17:06:51,249 INFO c.h.h.t.HelmChartContainer - [hivemq-test-hivemq-platform] [hivemq-platform-operator] [10333020] 17:06:51.248 [pool-6-thread-3] DEBUG c.h.p.o.dependants.PodInfoConfigMap - [helmvolu] Desired PodInfo ConfigMap (1 extensions) (1 enabled)
2025-01-27 17:06:51,250 INFO c.h.h.t.HelmChartContainer - [hivemq-test-hivemq-platform] [hivemq-platform-operator] [10333020] 17:06:51.248 [pool-6-thread-3] DEBUG c.h.p.o.dependants.PodInfoConfigMap - [helmvolu] Desired PodInfo ConfigMap (metrics port: 9399) (metrics path: /)
2025-01-27 17:06:51,250 INFO c.h.h.t.HelmChartContainer - [hivemq-test-hivemq-platform] [hivemq-platform-operator] [10333020] 17:06:51.248 [pool-6-thread-3] DEBUG c.h.p.o.dependants.PodInfoConfigMap - [helmvolu] Desired PodInfo ConfigMap (extension state hash: -1817474005)
2025-01-27 17:06:51,251 INFO c.h.h.t.HelmChartContainer - [hivemq-test-hivemq-platform] [hivemq-platform-operator] [10333020] 17:06:51.250 [pool-6-thread-3] DEBUG c.h.p.o.dependants.PodInfoConfigMap - [helmvolu] Create PodInfo ConfigMap
2025-01-27 17:06:51,440 INFO c.h.h.t.HelmChartContainer - [hivemq-test-hivemq-platform] [hivemq-platform-operator] [10333020] 17:06:51.437 [pool-6-thread-5] DEBUG c.h.p.o.dependants.PodRoleResource - [helmvolu] Create Role: Role(apiVersion=rbac.authorization.k8s.io/v1, kind=Role, metadata=ObjectMeta(annotations={meta.helm.sh/release-name=test-hivemq-platform, meta.helm.sh/release-namespace=helmvolumeclaimtemplatesit}, creationTimestamp=null, deletionGracePeriodSeconds=null, deletionTimestamp=null, finalizers=[], generateName=null, generation=null, labels={helm.sh/chart=hivemq-platform-0.2.31, app.kubernetes.io/managed-by=Helm, app.kubernetes.io/name=hivemq-platform, hivemq-platform=test-hivemq-platform, app.kubernetes.io/instance=test-hivemq-platform, app.kubernetes.io/version=4.35.0}, managedFields=[], name=hivemq-platform-role-test-hivemq-platform, namespace=helmvolumeclaimtemplatesit, ownerReferences=[OwnerReference(apiVersion=hivemq.com/v1, blockOwnerDeletion=null, controller=null, kind=HiveMQPlatform, name=test-hivemq-platform, uid=ecc726d5-3f3f-4e49-9912-90b5cdee223f, additionalProperties={})], resourceVersion=null, selfLink=null, uid=null, additionalProperties={}), rules=[PolicyRule(apiGroups=[], nonResourceURLs=[], resourceNames=[], resources=[pods], verbs=[get, patch, update], additionalProperties={})], additionalProperties={})
2025-01-27 17:06:51,542 INFO c.h.h.t.HelmChartContainer - [hivemq-test-hivemq-platform] [hivemq-platform-operator] [10333020] 17:06:51.539 [pool-6-thread-7] DEBUG c.h.p.o.d.PodServiceAccountResource - [helmvolu] Desired PodServiceAccountResource (serviceAccountName: hivemq-platform-pod-test-hivemq-platform)
2025-01-27 17:06:51,543 INFO c.h.h.t.HelmChartContainer - [hivemq-test-hivemq-platform] [hivemq-platform-operator] [10333020] 17:06:51.540 [pool-6-thread-7] DEBUG c.h.p.o.d.PodServiceAccountResource - [helmvolu] Create ServiceAccount 'hivemq-platform-pod-test-hivemq-platform'
2025-01-27 17:06:51,737 INFO c.h.h.t.HelmChartContainer - [hivemq-test-hivemq-platform] [hivemq-platform-operator] [10333020] 17:06:51.736 [pool-6-thread-10] DEBUG c.h.p.o.d.PodRoleBindingResource - [helmvolu] Create RoleBinding: RoleBinding(apiVersion=rbac.authorization.k8s.io/v1, kind=RoleBinding, metadata=ObjectMeta(annotations={meta.helm.sh/release-name=test-hivemq-platform, meta.helm.sh/release-namespace=helmvolumeclaimtemplatesit}, creationTimestamp=null, deletionGracePeriodSeconds=null, deletionTimestamp=null, finalizers=[], generateName=null, generation=null, labels={helm.sh/chart=hivemq-platform-0.2.31, app.kubernetes.io/managed-by=Helm, app.kubernetes.io/name=hivemq-platform, hivemq-platform=test-hivemq-platform, app.kubernetes.io/instance=test-hivemq-platform, app.kubernetes.io/version=4.35.0}, managedFields=[], name=hivemq-platform-role-binding-test-hivemq-platform, namespace=helmvolumeclaimtemplatesit, ownerReferences=[OwnerReference(apiVersion=hivemq.com/v1, blockOwnerDeletion=null, controller=null, kind=HiveMQPlatform, name=test-hivemq-platform, uid=ecc726d5-3f3f-4e49-9912-90b5cdee223f, additionalProperties={})], resourceVersion=null, selfLink=null, uid=null, additionalProperties={}), roleRef=RoleRef(apiGroup=rbac.authorization.k8s.io, kind=Role, name=hivemq-platform-role-test-hivemq-platform, additionalProperties={}), subjects=[Subject(apiGroup=null, kind=ServiceAccount, name=hivemq-platform-pod-test-hivemq-platform, namespace=helmvolumeclaimtemplatesit, additionalProperties={})], additionalProperties={})
2025-01-27 17:06:51,798 INFO c.h.h.t.HelmChartContainer - [hivemq-test-hivemq-platform] [hivemq-platform-operator] [10333020] 17:06:51.797 [ReconcilerExecutor-hivemq-controller-53] INFO  c.h.p.o.HiveMQPlatformReconciler - [helmvolu] Reconciling HiveMQ Platform 'test-hivemq-platform' in namespace 'helmvolumeclaimtemplatesit'
2025-01-27 17:06:51,799 INFO c.h.h.t.HelmChartContainer - [hivemq-test-hivemq-platform] [hivemq-platform-operator] [10333020] 17:06:51.797 [ReconcilerExecutor-hivemq-controller-53] DEBUG c.h.p.o.HiveMQPlatformReconciler - [helmvolu] Custom Resource Status CREATED - HiveMQ Platform was created (READY)
2025-01-27 17:06:51,799 INFO c.h.h.t.HelmChartContainer - [hivemq-test-hivemq-platform] [hivemq-platform-operator] [10333020] 17:06:51.797 [ReconcilerExecutor-hivemq-controller-53] DEBUG c.h.p.o.HiveMQPlatformReconciler - [helmvolu] Custom Resource Spec (replicas: 2) (extensions: 1)
2025-01-27 17:06:51,834 INFO c.h.h.t.HelmChartContainer - [hivemq-test-hivemq-platform] [hivemq-platform-operator] [10333020] 17:06:51.833 [ReconcilerExecutor-hivemq-controller-53] INFO  c.h.p.o.h.HiveMQPlatformReconcilerBaseHandler - [helmvolu] HiveMQ Platform is starting
2025-01-27 17:06:51,941 INFO c.h.h.t.HelmChartContainer - [hivemq-test-hivemq-platform] [hivemq-platform-operator] [10333020] 17:06:51.940 [ReconcilerExecutor-hivemq-controller-53] DEBUG c.h.p.operator.event.EventSender - [helmvolu] Creating K8s event hivemq-platform-starting: [Start] HiveMQ Platform is starting
2025-01-27 17:06:52,000 INFO c.h.h.t.HelmChartContainer - [EVENT] Normal [Start] HiveMQ Platform is starting [helmvolumeclaimtemplatesit:test-hivemq-platform]
2025-01-27 17:06:52,036 INFO c.h.h.t.HelmChartContainer - [hivemq-test-hivemq-platform] [hivemq-platform-operator] [10333020] 17:06:52.034 [ReconcilerExecutor-hivemq-controller-53] INFO  c.h.p.o.h.AbstractHiveMQReconcilerStateHandler - [helmvolu] Update HiveMQ Platform Status (CREATED [READY] -> STARTING [READY]): HiveMQ Platform is starting
2025-01-27 17:06:52,050 DEBUG com.hivemq.helmcharts.util.K8sUtil - Comparing actual state 'STARTING' and waiting for 'RUNNING'
2025-01-27 17:07:02,147 INFO c.h.h.t.HelmChartContainer - [hivemq-test-hivemq-platform] [hivemq-platform-operator] [10333020] 17:07:02.143 [pool-6-thread-12] DEBUG c.h.p.o.d.PlatformServiceResource - [helmvolu] Desired Platform services (3 services)
2025-01-27 17:07:02,147 INFO c.h.h.t.HelmChartContainer - [hivemq-test-hivemq-platform] [hivemq-platform-operator] [10333020] 17:07:02.145 [pool-6-thread-13] DEBUG c.h.p.o.dependants.PodInfoConfigMap - [helmvolu] Desired PodInfo ConfigMap (1 extensions) (1 enabled)
2025-01-27 17:07:02,147 INFO c.h.h.t.HelmChartContainer - [hivemq-test-hivemq-platform] [hivemq-platform-operator] [10333020] 17:07:02.145 [pool-6-thread-13] DEBUG c.h.p.o.dependants.PodInfoConfigMap - [helmvolu] Desired PodInfo ConfigMap (metrics port: 9399) (metrics path: /)
2025-01-27 17:07:02,147 INFO c.h.h.t.HelmChartContainer - [hivemq-test-hivemq-platform] [hivemq-platform-operator] [10333020] 17:07:02.145 [pool-6-thread-13] DEBUG c.h.p.o.dependants.PodInfoConfigMap - [helmvolu] Desired PodInfo ConfigMap (extension state hash: -1817474005)
2025-01-27 17:07:02,149 INFO c.h.h.t.HelmChartContainer - [hivemq-test-hivemq-platform] [hivemq-platform-operator] [10333020] 17:07:02.148 [pool-6-thread-17] DEBUG c.h.p.o.d.PodServiceAccountResource - [helmvolu] Desired PodServiceAccountResource (serviceAccountName: hivemq-platform-pod-test-hivemq-platform)
2025-01-27 17:07:02,237 INFO c.h.h.t.HelmChartContainer - [hivemq-test-hivemq-platform] [hivemq-platform-operator] [10333020] 17:07:02.232 [pool-6-thread-13] DEBUG c.h.p.o.dependants.PodInfoConfigMap - [helmvolu] Update PodInfo ConfigMap
2025-01-27 17:07:02,248 INFO c.h.h.t.HelmChartContainer - [K3S] [alloc.go:330] "allocated clusterIPs" service="helmvolumeclaimtemplatesit/hivemq-test-hivemq-platform-cc-8080" clusterIPs={"IPv4":"10.43.184.139"}
2025-01-27 17:07:02,343 INFO c.h.h.t.HelmChartContainer - [K3S] [alloc.go:330] "allocated clusterIPs" service="helmvolumeclaimtemplatesit/hivemq-test-hivemq-platform-metrics-9399" clusterIPs={"IPv4":"10.43.11.179"}
2025-01-27 17:07:02,438 INFO c.h.h.t.HelmChartContainer - [K3S] [alloc.go:330] "allocated clusterIPs" service="helmvolumeclaimtemplatesit/hivemq-test-hivemq-platform-mqtt-1883" clusterIPs={"IPv4":"10.43.76.239"}
2025-01-27 17:07:02,448 INFO c.h.h.t.HelmChartContainer - [hivemq-test-hivemq-platform] [hivemq-platform-operator] [10333020] 17:07:02.446 [pool-6-thread-20] DEBUG c.h.p.o.d.StatefulSetResource - [helmvolu] Desired StatefulSet (2 replicas) for status STARTING (READY)
2025-01-27 17:07:02,539 INFO c.h.h.t.HelmChartContainer - [hivemq-test-hivemq-platform] [hivemq-platform-operator] [10333020] 17:07:02.537 [pool-6-thread-20] DEBUG c.h.p.o.d.StatefulSetResource - [helmvolu] Create StatefulSet
2025-01-27 17:07:02,572 INFO c.h.h.t.HelmChartContainer - [EVENT] Normal [SuccessfulCreate] create Claim hivemq-pvc-data-test-hivemq-platform-0 Pod test-hivemq-platform-0 in StatefulSet test-hivemq-platform success [helmvolumeclaimtemplatesit:test-hivemq-platform]
2025-01-27 17:07:02,575 INFO c.h.h.t.HelmChartContainer - [EVENT] Normal [SuccessfulCreate] create Pod test-hivemq-platform-0 in StatefulSet test-hivemq-platform successful [helmvolumeclaimtemplatesit:test-hivemq-platform]
2025-01-27 17:07:02,576 INFO c.h.h.t.HelmChartContainer - [POD] test-hivemq-platform-0 [f4b534a4-8f84-4cd1-b208-fb8e8c9f53b8] in helmvolumeclaimtemplatesit was ADDED
2025-01-27 17:07:02,579 INFO c.h.h.t.HelmChartContainer - [EVENT] Normal [WaitForFirstConsumer] waiting for first consumer to be created before binding [helmvolumeclaimtemplatesit:hivemq-pvc-data-test-hivemq-platform-0]
2025-01-27 17:07:02,583 INFO c.h.h.t.HelmChartContainer - [EVENT] Normal [ExternalProvisioning] Waiting for a volume to be created either by the external provisioner 'rancher.io/local-path' or manually by the system administrator. If volume creation is delayed, please verify that the provisioner is running and correctly registered. [helmvolumeclaimtemplatesit:hivemq-pvc-data-test-hivemq-platform-0]
2025-01-27 17:07:02,586 INFO c.h.h.t.HelmChartContainer - [EVENT] Normal [ExternalProvisioning] Waiting for a volume to be created either by the external provisioner 'rancher.io/local-path' or manually by the system administrator. If volume creation is delayed, please verify that the provisioner is running and correctly registered. [helmvolumeclaimtemplatesit:hivemq-pvc-data-test-hivemq-platform-0]
2025-01-27 17:07:02,588 INFO c.h.h.t.HelmChartContainer - [EVENT] Normal [Provisioning] External provisioner is provisioning volume for claim "helmvolumeclaimtemplatesit/hivemq-pvc-data-test-hivemq-platform-0" [helmvolumeclaimtemplatesit:hivemq-pvc-data-test-hivemq-platform-0]
2025-01-27 17:07:02,634 INFO c.h.h.t.HelmChartContainer - [hivemq-test-hivemq-platform] [hivemq-platform-operator] [10333020] 17:07:02.633 [ReconcilerExecutor-hivemq-controller-64] INFO  c.h.p.o.HiveMQPlatformReconciler - [helmvolu] Reconciling HiveMQ Platform 'test-hivemq-platform' in namespace 'helmvolumeclaimtemplatesit'
2025-01-27 17:07:02,635 INFO c.h.h.t.HelmChartContainer - [hivemq-test-hivemq-platform] [hivemq-platform-operator] [10333020] 17:07:02.633 [ReconcilerExecutor-hivemq-controller-64] DEBUG c.h.p.o.HiveMQPlatformReconciler - [helmvolu] Custom Resource Status STARTING - HiveMQ Platform is starting (READY)
2025-01-27 17:07:02,635 INFO c.h.h.t.HelmChartContainer - [hivemq-test-hivemq-platform] [hivemq-platform-operator] [10333020] 17:07:02.633 [ReconcilerExecutor-hivemq-controller-64] DEBUG c.h.p.o.HiveMQPlatformReconciler - [helmvolu] Custom Resource Spec (replicas: 2) (extensions: 1)
2025-01-27 17:07:02,638 INFO c.h.h.t.HelmChartContainer - [hivemq-test-hivemq-platform] [hivemq-platform-operator] [10333020] 17:07:02.636 [ReconcilerExecutor-hivemq-controller-64] DEBUG c.h.p.o.HiveMQPlatformReconciler - [helmvolu] StatefulSet Status (revision: null, replicas: 0, available: 0, ready: 0, current: 0, updated: 0)
2025-01-27 17:07:02,638 INFO c.h.h.t.HelmChartContainer - [hivemq-test-hivemq-platform] [hivemq-platform-operator] [10333020] 17:07:02.636 [ReconcilerExecutor-hivemq-controller-64] DEBUG c.h.p.o.HiveMQPlatformReconciler - [helmvolu] StatefulSet Spec (replicas: 2, init containers: 1, containers: 1, volumes: 4)
2025-01-27 17:07:02,641 INFO c.h.h.t.HelmChartContainer - [hivemq-test-hivemq-platform] [hivemq-platform-operator] [10333020] 17:07:02.641 [ReconcilerExecutor-hivemq-controller-64] INFO  c.h.p.o.h.HiveMQPlatformReconcilerBaseHandler - [helmvolu] HiveMQ Platform is starting, 0 of 2 replicas are ready
2025-01-27 17:07:02,672 INFO c.h.h.t.HelmChartContainer - [POD] helper-pod-create-pvc-b1453c9e-9959-477f-bf56-d46fffe0cbcd [1012d2aa-c8b1-4eb6-abf0-41473901cceb] in kube-system was ADDED
2025-01-27 17:07:02,679 INFO c.h.h.t.HelmChartContainer - [POD] helper-pod-create-pvc-b1453c9e-9959-477f-bf56-d46fffe0cbcd [1012d2aa-c8b1-4eb6-abf0-41473901cceb] in kube-system was MODIFIED
2025-01-27 17:07:02,738 INFO c.h.h.t.HelmChartContainer - [hivemq-test-hivemq-platform] [hivemq-platform-operator] [10333020] 17:07:02.733 [pool-6-thread-22] DEBUG c.h.p.o.d.PlatformServiceResource - [helmvolu] Desired Platform services (3 services)
2025-01-27 17:07:02,738 INFO c.h.h.t.HelmChartContainer - [hivemq-test-hivemq-platform] [hivemq-platform-operator] [10333020] 17:07:02.735 [pool-6-thread-23] DEBUG c.h.p.o.dependants.PodInfoConfigMap - [helmvolu] Desired PodInfo ConfigMap (1 extensions) (1 enabled)
2025-01-27 17:07:02,738 INFO c.h.h.t.HelmChartContainer - [hivemq-test-hivemq-platform] [hivemq-platform-operator] [10333020] 17:07:02.735 [pool-6-thread-23] DEBUG c.h.p.o.dependants.PodInfoConfigMap - [helmvolu] Desired PodInfo ConfigMap (metrics port: 9399) (metrics path: /)
2025-01-27 17:07:02,738 INFO c.h.h.t.HelmChartContainer - [hivemq-test-hivemq-platform] [hivemq-platform-operator] [10333020] 17:07:02.735 [pool-6-thread-23] DEBUG c.h.p.o.dependants.PodInfoConfigMap - [helmvolu] Desired PodInfo ConfigMap (extension state hash: -1817474005)
2025-01-27 17:07:02,740 INFO c.h.h.t.HelmChartContainer - [hivemq-test-hivemq-platform] [hivemq-platform-operator] [10333020] 17:07:02.739 [pool-6-thread-27] DEBUG c.h.p.o.d.PodServiceAccountResource - [helmvolu] Desired PodServiceAccountResource (serviceAccountName: hivemq-platform-pod-test-hivemq-platform)
2025-01-27 17:07:02,792 INFO c.h.h.t.HelmChartContainer - [K3S] [reconciler_common.go:251] "operationExecutor.VerifyControllerAttachedVolume started for volume \"script\" (UniqueName: \"kubernetes.io/configmap/1012d2aa-c8b1-4eb6-abf0-41473901cceb-script\") pod \"helper-pod-create-pvc-b1453c9e-9959-477f-bf56-d46fffe0cbcd\" (UID: \"1012d2aa-c8b1-4eb6-abf0-41473901cceb\") " pod="kube-system/helper-pod-create-pvc-b1453c9e-9959-477f-bf56-d46fffe0cbcd"
2025-01-27 17:07:02,792 INFO c.h.h.t.HelmChartContainer - [K3S] [reconciler_common.go:251] "operationExecutor.VerifyControllerAttachedVolume started for volume \"kube-api-access-25hzk\" (UniqueName: \"kubernetes.io/projected/1012d2aa-c8b1-4eb6-abf0-41473901cceb-kube-api-access-25hzk\") pod \"helper-pod-create-pvc-b1453c9e-9959-477f-bf56-d46fffe0cbcd\" (UID: \"1012d2aa-c8b1-4eb6-abf0-41473901cceb\") " pod="kube-system/helper-pod-create-pvc-b1453c9e-9959-477f-bf56-d46fffe0cbcd"
2025-01-27 17:07:02,792 INFO c.h.h.t.HelmChartContainer - [K3S] [reconciler_common.go:251] "operationExecutor.VerifyControllerAttachedVolume started for volume \"data\" (UniqueName: \"kubernetes.io/host-path/1012d2aa-c8b1-4eb6-abf0-41473901cceb-data\") pod \"helper-pod-create-pvc-b1453c9e-9959-477f-bf56-d46fffe0cbcd\" (UID: \"1012d2aa-c8b1-4eb6-abf0-41473901cceb\") " pod="kube-system/helper-pod-create-pvc-b1453c9e-9959-477f-bf56-d46fffe0cbcd"
2025-01-27 17:07:02,840 INFO c.h.h.t.HelmChartContainer - [hivemq-test-hivemq-platform] [hivemq-platform-operator] [10333020] 17:07:02.837 [pool-6-thread-30] DEBUG c.h.p.o.d.StatefulSetResource - [helmvolu] Desired StatefulSet (2 replicas) for status STARTING (READY)
2025-01-27 17:07:02,845 INFO c.h.h.t.HelmChartContainer - [hivemq-test-hivemq-platform] [hivemq-platform-operator] [10333020] 17:07:02.844 [ReconcilerExecutor-hivemq-controller-75] INFO  c.h.p.o.HiveMQPlatformReconciler - [helmvolu] Reconciling HiveMQ Platform 'test-hivemq-platform' in namespace 'helmvolumeclaimtemplatesit'
2025-01-27 17:07:02,847 INFO c.h.h.t.HelmChartContainer - [hivemq-test-hivemq-platform] [hivemq-platform-operator] [10333020] 17:07:02.845 [ReconcilerExecutor-hivemq-controller-75] DEBUG c.h.p.o.HiveMQPlatformReconciler - [helmvolu] Custom Resource Status STARTING - HiveMQ Platform is starting (READY)
2025-01-27 17:07:02,847 INFO c.h.h.t.HelmChartContainer - [hivemq-test-hivemq-platform] [hivemq-platform-operator] [10333020] 17:07:02.845 [ReconcilerExecutor-hivemq-controller-75] DEBUG c.h.p.o.HiveMQPlatformReconciler - [helmvolu] Custom Resource Spec (replicas: 2) (extensions: 1)
2025-01-27 17:07:02,850 INFO c.h.h.t.HelmChartContainer - [hivemq-test-hivemq-platform] [hivemq-platform-operator] [10333020] 17:07:02.849 [ReconcilerExecutor-hivemq-controller-75] DEBUG c.h.p.o.HiveMQPlatformReconciler - [helmvolu] StatefulSet Status (revision: test-hivemq-platform-664f48ff7c, replicas: 1, available: 0, ready: 0, current: 1, updated: 1)
2025-01-27 17:07:02,850 INFO c.h.h.t.HelmChartContainer - [hivemq-test-hivemq-platform] [hivemq-platform-operator] [10333020] 17:07:02.849 [ReconcilerExecutor-hivemq-controller-75] DEBUG c.h.p.o.HiveMQPlatformReconciler - [helmvolu] StatefulSet Spec (replicas: 2, init containers: 1, containers: 1, volumes: 4)
2025-01-27 17:07:02,938 INFO c.h.h.t.HelmChartContainer - [hivemq-test-hivemq-platform] [hivemq-platform-operator] [10333020] 17:07:02.937 [ReconcilerExecutor-hivemq-controller-75] DEBUG c.h.p.o.h.HiveMQPlatformReconcilerErrorHandler - [helmvolu] Pod 'test-hivemq-platform-0' phase Pending
2025-01-27 17:07:02,939 INFO c.h.h.t.HelmChartContainer - [hivemq-test-hivemq-platform] [hivemq-platform-operator] [10333020] 17:07:02.938 [ReconcilerExecutor-hivemq-controller-75] INFO  c.h.p.o.h.HiveMQPlatformReconcilerBaseHandler - [helmvolu] HiveMQ Platform is starting, 0 of 2 replicas are ready
2025-01-27 17:07:02,945 INFO c.h.h.t.HelmChartContainer - [hivemq-test-hivemq-platform] [hivemq-platform-operator] [10333020] 17:07:02.944 [pool-6-thread-32] DEBUG c.h.p.o.d.PlatformServiceResource - [helmvolu] Desired Platform services (3 services)
2025-01-27 17:07:03,035 INFO c.h.h.t.HelmChartContainer - [hivemq-test-hivemq-platform] [hivemq-platform-operator] [10333020] 17:07:03.032 [pool-6-thread-33] DEBUG c.h.p.o.dependants.PodInfoConfigMap - [helmvolu] Desired PodInfo ConfigMap (1 extensions) (1 enabled)
2025-01-27 17:07:03,035 INFO c.h.h.t.HelmChartContainer - [hivemq-test-hivemq-platform] [hivemq-platform-operator] [10333020] 17:07:03.033 [pool-6-thread-33] DEBUG c.h.p.o.dependants.PodInfoConfigMap - [helmvolu] Desired PodInfo ConfigMap (metrics port: 9399) (metrics path: /)
2025-01-27 17:07:03,035 INFO c.h.h.t.HelmChartContainer - [hivemq-test-hivemq-platform] [hivemq-platform-operator] [10333020] 17:07:03.033 [pool-6-thread-33] DEBUG c.h.p.o.dependants.PodInfoConfigMap - [helmvolu] Desired PodInfo ConfigMap (extension state hash: -1817474005)
2025-01-27 17:07:03,035 INFO c.h.h.t.HelmChartContainer - [hivemq-test-hivemq-platform] [hivemq-platform-operator] [10333020] 17:07:03.033 [pool-6-thread-37] DEBUG c.h.p.o.d.PodServiceAccountResource - [helmvolu] Desired PodServiceAccountResource (serviceAccountName: hivemq-platform-pod-test-hivemq-platform)
2025-01-27 17:07:03,039 INFO c.h.h.t.HelmChartContainer - [hivemq-test-hivemq-platform] [hivemq-platform-operator] [10333020] 17:07:03.038 [pool-6-thread-40] DEBUG c.h.p.o.d.StatefulSetResource - [helmvolu] Desired StatefulSet (2 replicas) for status STARTING (READY)
2025-01-27 17:07:03,045 INFO c.h.h.t.HelmChartContainer - [hivemq-test-hivemq-platform] [hivemq-platform-operator] [10333020] 17:07:03.043 [ReconcilerExecutor-hivemq-controller-86] INFO  c.h.p.o.HiveMQPlatformReconciler - [helmvolu] Reconciling HiveMQ Platform 'test-hivemq-platform' in namespace 'helmvolumeclaimtemplatesit'
2025-01-27 17:07:03,045 INFO c.h.h.t.HelmChartContainer - [hivemq-test-hivemq-platform] [hivemq-platform-operator] [10333020] 17:07:03.044 [ReconcilerExecutor-hivemq-controller-86] DEBUG c.h.p.o.HiveMQPlatformReconciler - [helmvolu] Custom Resource Status STARTING - HiveMQ Platform is starting (READY)
2025-01-27 17:07:03,047 INFO c.h.h.t.HelmChartContainer - [hivemq-test-hivemq-platform] [hivemq-platform-operator] [10333020] 17:07:03.044 [ReconcilerExecutor-hivemq-controller-86] DEBUG c.h.p.o.HiveMQPlatformReconciler - [helmvolu] Custom Resource Spec (replicas: 2) (extensions: 1)
2025-01-27 17:07:03,049 INFO c.h.h.t.HelmChartContainer - [hivemq-test-hivemq-platform] [hivemq-platform-operator] [10333020] 17:07:03.046 [ReconcilerExecutor-hivemq-controller-86] DEBUG c.h.p.o.HiveMQPlatformReconciler - [helmvolu] StatefulSet Status (revision: test-hivemq-platform-664f48ff7c, replicas: 1, available: 0, ready: 0, current: 1, updated: 1)
2025-01-27 17:07:03,050 INFO c.h.h.t.HelmChartContainer - [hivemq-test-hivemq-platform] [hivemq-platform-operator] [10333020] 17:07:03.046 [ReconcilerExecutor-hivemq-controller-86] DEBUG c.h.p.o.HiveMQPlatformReconciler - [helmvolu] StatefulSet Spec (replicas: 2, init containers: 1, containers: 1, volumes: 4)
2025-01-27 17:07:03,050 INFO c.h.h.t.HelmChartContainer - [hivemq-test-hivemq-platform] [hivemq-platform-operator] [10333020] 17:07:03.049 [ReconcilerExecutor-hivemq-controller-86] DEBUG c.h.p.o.h.HiveMQPlatformReconcilerErrorHandler - [helmvolu] Pod 'test-hivemq-platform-0' phase Pending
2025-01-27 17:07:03,050 INFO c.h.h.t.HelmChartContainer - [hivemq-test-hivemq-platform] [hivemq-platform-operator] [10333020] 17:07:03.050 [ReconcilerExecutor-hivemq-controller-86] INFO  c.h.p.o.h.HiveMQPlatformReconcilerBaseHandler - [helmvolu] HiveMQ Platform is starting, 0 of 2 replicas are ready
2025-01-27 17:07:04,600 INFO c.h.h.t.HelmChartContainer - [POD] helper-pod-create-pvc-b1453c9e-9959-477f-bf56-d46fffe0cbcd [1012d2aa-c8b1-4eb6-abf0-41473901cceb] in kube-system was MODIFIED
2025-01-27 17:07:05,666 INFO c.h.h.t.HelmChartContainer - [POD] helper-pod-create-pvc-b1453c9e-9959-477f-bf56-d46fffe0cbcd [1012d2aa-c8b1-4eb6-abf0-41473901cceb] in kube-system was MODIFIED
2025-01-27 17:07:05,694 INFO c.h.h.t.HelmChartContainer - [POD] helper-pod-create-pvc-b1453c9e-9959-477f-bf56-d46fffe0cbcd [1012d2aa-c8b1-4eb6-abf0-41473901cceb] in kube-system was MODIFIED
2025-01-27 17:07:05,698 INFO c.h.h.t.HelmChartContainer - [POD] helper-pod-create-pvc-b1453c9e-9959-477f-bf56-d46fffe0cbcd [1012d2aa-c8b1-4eb6-abf0-41473901cceb] in kube-system was DELETED
2025-01-27 17:07:05,704 INFO c.h.h.t.HelmChartContainer - [EVENT] Normal [ProvisioningSucceeded] Successfully provisioned volume pvc-b1453c9e-9959-477f-bf56-d46fffe0cbcd [helmvolumeclaimtemplatesit:hivemq-pvc-data-test-hivemq-platform-0]
2025-01-27 17:07:05,712 INFO c.h.h.t.HelmChartContainer - [K3S] [reconciler_common.go:162] "operationExecutor.UnmountVolume started for volume \"script\" (UniqueName: \"kubernetes.io/configmap/1012d2aa-c8b1-4eb6-abf0-41473901cceb-script\") pod \"1012d2aa-c8b1-4eb6-abf0-41473901cceb\" (UID: \"1012d2aa-c8b1-4eb6-abf0-41473901cceb\") "
2025-01-27 17:07:05,712 INFO c.h.h.t.HelmChartContainer - [K3S] [reconciler_common.go:162] "operationExecutor.UnmountVolume started for volume \"data\" (UniqueName: \"kubernetes.io/host-path/1012d2aa-c8b1-4eb6-abf0-41473901cceb-data\") pod \"1012d2aa-c8b1-4eb6-abf0-41473901cceb\" (UID: \"1012d2aa-c8b1-4eb6-abf0-41473901cceb\") "
2025-01-27 17:07:05,712 INFO c.h.h.t.HelmChartContainer - [K3S] [reconciler_common.go:162] "operationExecutor.UnmountVolume started for volume \"kube-api-access-25hzk\" (UniqueName: \"kubernetes.io/projected/1012d2aa-c8b1-4eb6-abf0-41473901cceb-kube-api-access-25hzk\") pod \"1012d2aa-c8b1-4eb6-abf0-41473901cceb\" (UID: \"1012d2aa-c8b1-4eb6-abf0-41473901cceb\") "
2025-01-27 17:07:05,811 INFO c.h.h.t.HelmChartContainer - [K3S] [reconciler_common.go:299] "Volume detached for volume \"script\" (UniqueName: \"kubernetes.io/configmap/1012d2aa-c8b1-4eb6-abf0-41473901cceb-script\") on node \"7305957e3207\" DevicePath \"\""
2025-01-27 17:07:05,811 INFO c.h.h.t.HelmChartContainer - [K3S] [reconciler_common.go:299] "Volume detached for volume \"data\" (UniqueName: \"kubernetes.io/host-path/1012d2aa-c8b1-4eb6-abf0-41473901cceb-data\") on node \"7305957e3207\" DevicePath \"\""
2025-01-27 17:07:05,811 INFO c.h.h.t.HelmChartContainer - [K3S] [reconciler_common.go:299] "Volume detached for volume \"kube-api-access-25hzk\" (UniqueName: \"kubernetes.io/projected/1012d2aa-c8b1-4eb6-abf0-41473901cceb-kube-api-access-25hzk\") on node \"7305957e3207\" DevicePath \"\""
2025-01-27 17:07:06,312 INFO c.h.h.t.HelmChartContainer - [K3S] [kubelet_volumes.go:163] "Cleaned up orphaned pod volumes dir" podUID="1012d2aa-c8b1-4eb6-abf0-41473901cceb" path="/var/lib/kubelet/pods/1012d2aa-c8b1-4eb6-abf0-41473901cceb/volumes"
2025-01-27 17:07:06,586 INFO c.h.h.t.HelmChartContainer - [POD] test-hivemq-platform-0 [f4b534a4-8f84-4cd1-b208-fb8e8c9f53b8] in helmvolumeclaimtemplatesit was MODIFIED
2025-01-27 17:07:06,586 INFO c.h.h.t.HelmChartContainer - [K3S] [memory_manager.go:355] "RemoveStaleState removing state" podUID="1012d2aa-c8b1-4eb6-abf0-41473901cceb" containerName="helper-pod"
2025-01-27 17:07:06,588 INFO c.h.h.t.HelmChartContainer - [EVENT] Normal [Scheduled] Successfully assigned helmvolumeclaimtemplatesit/test-hivemq-platform-0 to 7305957e3207 [helmvolumeclaimtemplatesit:test-hivemq-platform-0]
2025-01-27 17:07:06,601 INFO c.h.h.t.HelmChartContainer - [K3S] [scope.go:117] "RemoveContainer" containerID="d39e365cdf7e650270f92632cd4e1ef60eecfbdeefd38107986a8353d35ed169"
2025-01-27 17:07:06,603 INFO c.h.h.t.HelmChartContainer - [POD] test-hivemq-platform-0 [f4b534a4-8f84-4cd1-b208-fb8e8c9f53b8] in helmvolumeclaimtemplatesit was MODIFIED
2025-01-27 17:07:06,611 INFO c.h.h.t.HelmChartContainer - [hivemq-test-hivemq-platform] [hivemq-platform-operator] [10333020] 17:07:06.603 [pool-6-thread-42] DEBUG c.h.p.o.d.PlatformServiceResource - [helmvolu] Desired Platform services (3 services)
2025-01-27 17:07:06,611 INFO c.h.h.t.HelmChartContainer - [hivemq-test-hivemq-platform] [hivemq-platform-operator] [10333020] 17:07:06.610 [pool-6-thread-47] DEBUG c.h.p.o.d.PodServiceAccountResource - [helmvolu] Desired PodServiceAccountResource (serviceAccountName: hivemq-platform-pod-test-hivemq-platform)
2025-01-27 17:07:06,615 INFO c.h.h.t.HelmChartContainer - [K3S] [reconciler_common.go:251] "operationExecutor.VerifyControllerAttachedVolume started for volume \"pod-info\" (UniqueName: \"kubernetes.io/configmap/f4b534a4-8f84-4cd1-b208-fb8e8c9f53b8-pod-info\") pod \"test-hivemq-platform-0\" (UID: \"f4b534a4-8f84-4cd1-b208-fb8e8c9f53b8\") " pod="helmvolumeclaimtemplatesit/test-hivemq-platform-0"
2025-01-27 17:07:06,615 INFO c.h.h.t.HelmChartContainer - [K3S] [reconciler_common.go:251] "operationExecutor.VerifyControllerAttachedVolume started for volume \"broker-configuration\" (UniqueName: \"kubernetes.io/configmap/f4b534a4-8f84-4cd1-b208-fb8e8c9f53b8-broker-configuration\") pod \"test-hivemq-platform-0\" (UID: \"f4b534a4-8f84-4cd1-b208-fb8e8c9f53b8\") " pod="helmvolumeclaimtemplatesit/test-hivemq-platform-0"
2025-01-27 17:07:06,615 INFO c.h.h.t.HelmChartContainer - [K3S] [reconciler_common.go:251] "operationExecutor.VerifyControllerAttachedVolume started for volume \"pvc-b1453c9e-9959-477f-bf56-d46fffe0cbcd\" (UniqueName: \"kubernetes.io/local-volume/pvc-b1453c9e-9959-477f-bf56-d46fffe0cbcd\") pod \"test-hivemq-platform-0\" (UID: \"f4b534a4-8f84-4cd1-b208-fb8e8c9f53b8\") " pod="helmvolumeclaimtemplatesit/test-hivemq-platform-0"
2025-01-27 17:07:06,615 INFO c.h.h.t.HelmChartContainer - [K3S] [reconciler_common.go:251] "operationExecutor.VerifyControllerAttachedVolume started for volume \"operator-init\" (UniqueName: \"kubernetes.io/empty-dir/f4b534a4-8f84-4cd1-b208-fb8e8c9f53b8-operator-init\") pod \"test-hivemq-platform-0\" (UID: \"f4b534a4-8f84-4cd1-b208-fb8e8c9f53b8\") " pod="helmvolumeclaimtemplatesit/test-hivemq-platform-0"
2025-01-27 17:07:06,615 INFO c.h.h.t.HelmChartContainer - [K3S] [reconciler_common.go:251] "operationExecutor.VerifyControllerAttachedVolume started for volume \"kube-api-access-xwhzt\" (UniqueName: \"kubernetes.io/projected/f4b534a4-8f84-4cd1-b208-fb8e8c9f53b8-kube-api-access-xwhzt\") pod \"test-hivemq-platform-0\" (UID: \"f4b534a4-8f84-4cd1-b208-fb8e8c9f53b8\") " pod="helmvolumeclaimtemplatesit/test-hivemq-platform-0"
2025-01-27 17:07:06,635 INFO c.h.h.t.HelmChartContainer - [hivemq-test-hivemq-platform] [hivemq-platform-operator] [10333020] 17:07:06.632 [pool-6-thread-43] DEBUG c.h.p.o.dependants.PodInfoConfigMap - [helmvolu] Desired PodInfo ConfigMap (1 extensions) (1 enabled)
2025-01-27 17:07:06,635 INFO c.h.h.t.HelmChartContainer - [hivemq-test-hivemq-platform] [hivemq-platform-operator] [10333020] 17:07:06.632 [pool-6-thread-43] DEBUG c.h.p.o.dependants.PodInfoConfigMap - [helmvolu] Desired PodInfo ConfigMap (metrics port: 9399) (metrics path: /)
2025-01-27 17:07:06,635 INFO c.h.h.t.HelmChartContainer - [hivemq-test-hivemq-platform] [hivemq-platform-operator] [10333020] 17:07:06.632 [pool-6-thread-43] DEBUG c.h.p.o.dependants.PodInfoConfigMap - [helmvolu] Desired PodInfo ConfigMap (extension state hash: -1817474005)
2025-01-27 17:07:06,638 INFO c.h.h.t.HelmChartContainer - [hivemq-test-hivemq-platform] [hivemq-platform-operator] [10333020] 17:07:06.637 [pool-6-thread-49] DEBUG c.h.p.o.d.StatefulSetResource - [helmvolu] Desired StatefulSet (2 replicas) for status STARTING (READY)
2025-01-27 17:07:06,703 INFO c.h.h.t.HelmChartContainer - [hivemq-test-hivemq-platform] [hivemq-platform-operator] [10333020] 17:07:06.701 [ReconcilerExecutor-hivemq-controller-97] INFO  c.h.p.o.HiveMQPlatformReconciler - [helmvolu] Reconciling HiveMQ Platform 'test-hivemq-platform' in namespace 'helmvolumeclaimtemplatesit'
2025-01-27 17:07:06,703 INFO c.h.h.t.HelmChartContainer - [hivemq-test-hivemq-platform] [hivemq-platform-operator] [10333020] 17:07:06.701 [ReconcilerExecutor-hivemq-controller-97] DEBUG c.h.p.o.HiveMQPlatformReconciler - [helmvolu] Custom Resource Status STARTING - HiveMQ Platform is starting (READY)
2025-01-27 17:07:06,703 INFO c.h.h.t.HelmChartContainer - [hivemq-test-hivemq-platform] [hivemq-platform-operator] [10333020] 17:07:06.701 [ReconcilerExecutor-hivemq-controller-97] DEBUG c.h.p.o.HiveMQPlatformReconciler - [helmvolu] Custom Resource Spec (replicas: 2) (extensions: 1)
2025-01-27 17:07:06,704 INFO c.h.h.t.HelmChartContainer - [hivemq-test-hivemq-platform] [hivemq-platform-operator] [10333020] 17:07:06.703 [ReconcilerExecutor-hivemq-controller-97] DEBUG c.h.p.o.HiveMQPlatformReconciler - [helmvolu] StatefulSet Status (revision: test-hivemq-platform-664f48ff7c, replicas: 1, available: 0, ready: 0, current: 1, updated: 1)
2025-01-27 17:07:06,704 INFO c.h.h.t.HelmChartContainer - [hivemq-test-hivemq-platform] [hivemq-platform-operator] [10333020] 17:07:06.703 [ReconcilerExecutor-hivemq-controller-97] DEBUG c.h.p.o.HiveMQPlatformReconciler - [helmvolu] StatefulSet Spec (replicas: 2, init containers: 1, containers: 1, volumes: 4)
2025-01-27 17:07:06,735 INFO c.h.h.t.HelmChartContainer - [hivemq-test-hivemq-platform] [hivemq-platform-operator] [10333020] 17:07:06.733 [ReconcilerExecutor-hivemq-controller-97] DEBUG c.h.p.o.h.HiveMQPlatformReconcilerErrorHandler - [helmvolu] Pod 'test-hivemq-platform-0' phase Pending
2025-01-27 17:07:06,735 INFO c.h.h.t.HelmChartContainer - [hivemq-test-hivemq-platform] [hivemq-platform-operator] [10333020] 17:07:06.733 [ReconcilerExecutor-hivemq-controller-97] DEBUG c.h.p.o.h.HiveMQPlatformReconcilerErrorHandler - [helmvolu] Pod 'test-hivemq-platform-0' condition 'PodReadyToStartContainers': False
2025-01-27 17:07:06,735 INFO c.h.h.t.HelmChartContainer - [hivemq-test-hivemq-platform] [hivemq-platform-operator] [10333020] 17:07:06.734 [ReconcilerExecutor-hivemq-controller-97] DEBUG c.h.p.o.h.HiveMQPlatformReconcilerErrorHandler - [helmvolu] Pod 'test-hivemq-platform-0' condition 'Initialized': False
2025-01-27 17:07:06,736 INFO c.h.h.t.HelmChartContainer - [hivemq-test-hivemq-platform] [hivemq-platform-operator] [10333020] 17:07:06.734 [ReconcilerExecutor-hivemq-controller-97] DEBUG c.h.p.o.h.HiveMQPlatformReconcilerErrorHandler - [helmvolu] Pod 'test-hivemq-platform-0' condition 'Ready': False
2025-01-27 17:07:06,737 INFO c.h.h.t.HelmChartContainer - [hivemq-test-hivemq-platform] [hivemq-platform-operator] [10333020] 17:07:06.734 [ReconcilerExecutor-hivemq-controller-97] DEBUG c.h.p.o.h.HiveMQPlatformReconcilerErrorHandler - [helmvolu] Pod 'test-hivemq-platform-0' condition 'ContainersReady': False
2025-01-27 17:07:06,737 INFO c.h.h.t.HelmChartContainer - [hivemq-test-hivemq-platform] [hivemq-platform-operator] [10333020] 17:07:06.734 [ReconcilerExecutor-hivemq-controller-97] DEBUG c.h.p.o.h.HiveMQPlatformReconcilerErrorHandler - [helmvolu] Pod 'test-hivemq-platform-0' condition 'PodScheduled': True
2025-01-27 17:07:06,737 INFO c.h.h.t.HelmChartContainer - [hivemq-test-hivemq-platform] [hivemq-platform-operator] [10333020] 17:07:06.734 [ReconcilerExecutor-hivemq-controller-97] DEBUG c.h.p.o.h.HiveMQPlatformReconcilerErrorHandler - [helmvolu] Pod 'test-hivemq-platform-0' containerStatus 'hivemq' (started: false) (ready: false) (waiting: [PodInitializing] null)
2025-01-27 17:07:06,737 INFO c.h.h.t.HelmChartContainer - [hivemq-test-hivemq-platform] [hivemq-platform-operator] [10333020] 17:07:06.736 [ReconcilerExecutor-hivemq-controller-97] INFO  c.h.p.o.h.HiveMQPlatformReconcilerBaseHandler - [helmvolu] HiveMQ Platform is starting, 0 of 2 replicas are ready
2025-01-27 17:07:06,799 INFO c.h.h.t.HelmChartContainer - [hivemq-test-hivemq-platform] [hivemq-platform-operator] [10333020] 17:07:06.797 [pool-6-thread-6] DEBUG c.h.p.o.d.PlatformServiceResource - [helmvolu] Desired Platform services (3 services)
2025-01-27 17:07:06,803 INFO c.h.h.t.HelmChartContainer - [hivemq-test-hivemq-platform] [hivemq-platform-operator] [10333020] 17:07:06.800 [pool-6-thread-8] DEBUG c.h.p.o.dependants.PodInfoConfigMap - [helmvolu] Desired PodInfo ConfigMap (1 extensions) (1 enabled)
2025-01-27 17:07:06,803 INFO c.h.h.t.HelmChartContainer - [hivemq-test-hivemq-platform] [hivemq-platform-operator] [10333020] 17:07:06.800 [pool-6-thread-8] DEBUG c.h.p.o.dependants.PodInfoConfigMap - [helmvolu] Desired PodInfo ConfigMap (metrics port: 9399) (metrics path: /)
2025-01-27 17:07:06,804 INFO c.h.h.t.HelmChartContainer - [hivemq-test-hivemq-platform] [hivemq-platform-operator] [10333020] 17:07:06.800 [pool-6-thread-8] DEBUG c.h.p.o.dependants.PodInfoConfigMap - [helmvolu] Desired PodInfo ConfigMap (extension state hash: -1817474005)
2025-01-27 17:07:06,832 INFO c.h.h.t.HelmChartContainer - [hivemq-test-hivemq-platform] [hivemq-platform-operator] [10333020] 17:07:06.801 [pool-6-thread-3] DEBUG c.h.p.o.d.PodServiceAccountResource - [helmvolu] Desired PodServiceAccountResource (serviceAccountName: hivemq-platform-pod-test-hivemq-platform)
2025-01-27 17:07:06,835 INFO c.h.h.t.HelmChartContainer - [hivemq-test-hivemq-platform] [hivemq-platform-operator] [10333020] 17:07:06.834 [pool-6-thread-4] DEBUG c.h.p.o.d.StatefulSetResource - [helmvolu] Desired StatefulSet (2 replicas) for status STARTING (READY)
2025-01-27 17:07:06,840 INFO c.h.h.t.HelmChartContainer - [hivemq-test-hivemq-platform] [hivemq-platform-operator] [10333020] 17:07:06.839 [ReconcilerExecutor-hivemq-controller-108] INFO  c.h.p.o.HiveMQPlatformReconciler - [helmvolu] Reconciling HiveMQ Platform 'test-hivemq-platform' in namespace 'helmvolumeclaimtemplatesit'
2025-01-27 17:07:06,841 INFO c.h.h.t.HelmChartContainer - [hivemq-test-hivemq-platform] [hivemq-platform-operator] [10333020] 17:07:06.839 [ReconcilerExecutor-hivemq-controller-108] DEBUG c.h.p.o.HiveMQPlatformReconciler - [helmvolu] Custom Resource Status STARTING - HiveMQ Platform is starting (READY)
2025-01-27 17:07:06,841 INFO c.h.h.t.HelmChartContainer - [hivemq-test-hivemq-platform] [hivemq-platform-operator] [10333020] 17:07:06.840 [ReconcilerExecutor-hivemq-controller-108] DEBUG c.h.p.o.HiveMQPlatformReconciler - [helmvolu] Custom Resource Spec (replicas: 2) (extensions: 1)
2025-01-27 17:07:06,902 INFO c.h.h.t.HelmChartContainer - [hivemq-test-hivemq-platform] [hivemq-platform-operator] [10333020] 17:07:06.898 [ReconcilerExecutor-hivemq-controller-108] DEBUG c.h.p.o.HiveMQPlatformReconciler - [helmvolu] StatefulSet Status (revision: test-hivemq-platform-664f48ff7c, replicas: 1, available: 0, ready: 0, current: 1, updated: 1)
2025-01-27 17:07:06,902 INFO c.h.h.t.HelmChartContainer - [hivemq-test-hivemq-platform] [hivemq-platform-operator] [10333020] 17:07:06.898 [ReconcilerExecutor-hivemq-controller-108] DEBUG c.h.p.o.HiveMQPlatformReconciler - [helmvolu] StatefulSet Spec (replicas: 2, init containers: 1, containers: 1, volumes: 4)
2025-01-27 17:07:06,902 INFO c.h.h.t.HelmChartContainer - [hivemq-test-hivemq-platform] [hivemq-platform-operator] [10333020] 17:07:06.900 [ReconcilerExecutor-hivemq-controller-108] DEBUG c.h.p.o.h.HiveMQPlatformReconcilerErrorHandler - [helmvolu] Pod 'test-hivemq-platform-0' phase Pending
2025-01-27 17:07:06,902 INFO c.h.h.t.HelmChartContainer - [hivemq-test-hivemq-platform] [hivemq-platform-operator] [10333020] 17:07:06.900 [ReconcilerExecutor-hivemq-controller-108] DEBUG c.h.p.o.h.HiveMQPlatformReconcilerErrorHandler - [helmvolu] Pod 'test-hivemq-platform-0' condition 'PodReadyToStartContainers': False
2025-01-27 17:07:06,902 INFO c.h.h.t.HelmChartContainer - [hivemq-test-hivemq-platform] [hivemq-platform-operator] [10333020] 17:07:06.900 [ReconcilerExecutor-hivemq-controller-108] DEBUG c.h.p.o.h.HiveMQPlatformReconcilerErrorHandler - [helmvolu] Pod 'test-hivemq-platform-0' condition 'Initialized': False
2025-01-27 17:07:06,902 INFO c.h.h.t.HelmChartContainer - [hivemq-test-hivemq-platform] [hivemq-platform-operator] [10333020] 17:07:06.900 [ReconcilerExecutor-hivemq-controller-108] DEBUG c.h.p.o.h.HiveMQPlatformReconcilerErrorHandler - [helmvolu] Pod 'test-hivemq-platform-0' condition 'Ready': False
2025-01-27 17:07:06,902 INFO c.h.h.t.HelmChartContainer - [hivemq-test-hivemq-platform] [hivemq-platform-operator] [10333020] 17:07:06.900 [ReconcilerExecutor-hivemq-controller-108] DEBUG c.h.p.o.h.HiveMQPlatformReconcilerErrorHandler - [helmvolu] Pod 'test-hivemq-platform-0' condition 'ContainersReady': False
2025-01-27 17:07:06,902 INFO c.h.h.t.HelmChartContainer - [hivemq-test-hivemq-platform] [hivemq-platform-operator] [10333020] 17:07:06.900 [ReconcilerExecutor-hivemq-controller-108] DEBUG c.h.p.o.h.HiveMQPlatformReconcilerErrorHandler - [helmvolu] Pod 'test-hivemq-platform-0' condition 'PodScheduled': True
2025-01-27 17:07:06,902 INFO c.h.h.t.HelmChartContainer - [hivemq-test-hivemq-platform] [hivemq-platform-operator] [10333020] 17:07:06.900 [ReconcilerExecutor-hivemq-controller-108] DEBUG c.h.p.o.h.HiveMQPlatformReconcilerErrorHandler - [helmvolu] Pod 'test-hivemq-platform-0' containerStatus 'hivemq' (started: false) (ready: false) (waiting: [PodInitializing] null)
2025-01-27 17:07:06,904 INFO c.h.h.t.HelmChartContainer - [hivemq-test-hivemq-platform] [hivemq-platform-operator] [10333020] 17:07:06.902 [ReconcilerExecutor-hivemq-controller-108] INFO  c.h.p.o.h.HiveMQPlatformReconcilerBaseHandler - [helmvolu] HiveMQ Platform is starting, 0 of 2 replicas are ready
2025-01-27 17:07:06,980 INFO c.h.h.t.HelmChartContainer - [EVENT] Normal [Pulled] Container image "docker.io/hivemq/hivemq-platform-operator-init-test:snapshot" already present on machine [helmvolumeclaimtemplatesit:test-hivemq-platform-0]
2025-01-27 17:07:07,099 INFO c.h.h.t.HelmChartContainer - [EVENT] Normal [Created] Created container: hivemq-platform-operator-init [helmvolumeclaimtemplatesit:test-hivemq-platform-0]
2025-01-27 17:07:07,135 INFO c.h.h.t.HelmChartContainer - [EVENT] Normal [Started] Started container hivemq-platform-operator-init [helmvolumeclaimtemplatesit:test-hivemq-platform-0]
2025-01-27 17:07:07,606 INFO c.h.h.t.HelmChartContainer - [EVENT] Normal [Pulled] Container image "docker.io/hivemq/hivemq4:4.35.0" already present on machine [helmvolumeclaimtemplatesit:test-hivemq-platform-0]
2025-01-27 17:07:07,607 INFO c.h.h.t.HelmChartContainer - Received Pulled event for container hivemq in pod test-hivemq-platform-0 [f4b534a4-8f84-4cd1-b208-fb8e8c9f53b8]
2025-01-27 17:07:07,620 INFO c.h.h.t.HelmChartContainer - [POD] test-hivemq-platform-0 [f4b534a4-8f84-4cd1-b208-fb8e8c9f53b8] in helmvolumeclaimtemplatesit was MODIFIED
2025-01-27 17:07:07,649 INFO c.h.h.t.HelmChartContainer - [hivemq-test-hivemq-platform] [hivemq-platform-operator] [10333020] 17:07:07.631 [pool-6-thread-15] DEBUG c.h.p.o.d.PlatformServiceResource - [helmvolu] Desired Platform services (3 services)
2025-01-27 17:07:07,649 INFO c.h.h.t.HelmChartContainer - [hivemq-test-hivemq-platform] [hivemq-platform-operator] [10333020] 17:07:07.635 [pool-6-thread-11] DEBUG c.h.p.o.d.PodServiceAccountResource - [helmvolu] Desired PodServiceAccountResource (serviceAccountName: hivemq-platform-pod-test-hivemq-platform)
2025-01-27 17:07:07,649 INFO c.h.h.t.HelmChartContainer - [hivemq-test-hivemq-platform] [hivemq-platform-operator] [10333020] 17:07:07.633 [pool-6-thread-16] DEBUG c.h.p.o.dependants.PodInfoConfigMap - [helmvolu] Desired PodInfo ConfigMap (1 extensions) (1 enabled)
2025-01-27 17:07:07,649 INFO c.h.h.t.HelmChartContainer - [hivemq-test-hivemq-platform] [hivemq-platform-operator] [10333020] 17:07:07.641 [pool-6-thread-16] DEBUG c.h.p.o.dependants.PodInfoConfigMap - [helmvolu] Desired PodInfo ConfigMap (metrics port: 9399) (metrics path: /)
2025-01-27 17:07:07,649 INFO c.h.h.t.HelmChartContainer - [hivemq-test-hivemq-platform] [hivemq-platform-operator] [10333020] 17:07:07.641 [pool-6-thread-16] DEBUG c.h.p.o.dependants.PodInfoConfigMap - [helmvolu] Desired PodInfo ConfigMap (extension state hash: -1817474005)
2025-01-27 17:07:07,659 INFO c.h.h.t.HelmChartContainer - [hivemq-test-hivemq-platform] [hivemq-platform-operator] [10333020] 17:07:07.658 [pool-6-thread-15] DEBUG c.h.p.o.d.StatefulSetResource - [helmvolu] Desired StatefulSet (2 replicas) for status STARTING (READY)
2025-01-27 17:07:07,738 INFO c.h.h.t.HelmChartContainer - [hivemq-test-hivemq-platform] [hivemq-platform-operator] [10333020] 17:07:07.733 [ReconcilerExecutor-hivemq-controller-109] INFO  c.h.p.o.HiveMQPlatformReconciler - [helmvolu] Reconciling HiveMQ Platform 'test-hivemq-platform' in namespace 'helmvolumeclaimtemplatesit'
2025-01-27 17:07:07,740 INFO c.h.h.t.HelmChartContainer - [hivemq-test-hivemq-platform] [hivemq-platform-operator] [10333020] 17:07:07.734 [ReconcilerExecutor-hivemq-controller-109] DEBUG c.h.p.o.HiveMQPlatformReconciler - [helmvolu] Custom Resource Status STARTING - HiveMQ Platform is starting (READY)
2025-01-27 17:07:07,742 INFO c.h.h.t.HelmChartContainer - [hivemq-test-hivemq-platform] [hivemq-platform-operator] [10333020] 17:07:07.734 [ReconcilerExecutor-hivemq-controller-109] DEBUG c.h.p.o.HiveMQPlatformReconciler - [helmvolu] Custom Resource Spec (replicas: 2) (extensions: 1)
2025-01-27 17:07:07,742 INFO c.h.h.t.HelmChartContainer - [hivemq-test-hivemq-platform] [hivemq-platform-operator] [10333020] 17:07:07.736 [ReconcilerExecutor-hivemq-controller-109] DEBUG c.h.p.o.HiveMQPlatformReconciler - [helmvolu] StatefulSet Status (revision: test-hivemq-platform-664f48ff7c, replicas: 1, available: 0, ready: 0, current: 1, updated: 1)
2025-01-27 17:07:07,742 INFO c.h.h.t.HelmChartContainer - [hivemq-test-hivemq-platform] [hivemq-platform-operator] [10333020] 17:07:07.736 [ReconcilerExecutor-hivemq-controller-109] DEBUG c.h.p.o.HiveMQPlatformReconciler - [helmvolu] StatefulSet Spec (replicas: 2, init containers: 1, containers: 1, volumes: 4)
2025-01-27 17:07:07,744 INFO c.h.h.t.HelmChartContainer - [hivemq-test-hivemq-platform] [hivemq-platform-operator] [10333020] 17:07:07.742 [ReconcilerExecutor-hivemq-controller-109] DEBUG c.h.p.o.h.HiveMQPlatformReconcilerErrorHandler - [helmvolu] Pod 'test-hivemq-platform-0' phase Pending
2025-01-27 17:07:07,744 INFO c.h.h.t.HelmChartContainer - [hivemq-test-hivemq-platform] [hivemq-platform-operator] [10333020] 17:07:07.742 [ReconcilerExecutor-hivemq-controller-109] DEBUG c.h.p.o.h.HiveMQPlatformReconcilerErrorHandler - [helmvolu] Pod 'test-hivemq-platform-0' condition 'PodReadyToStartContainers': True
2025-01-27 17:07:07,744 INFO c.h.h.t.HelmChartContainer - [hivemq-test-hivemq-platform] [hivemq-platform-operator] [10333020] 17:07:07.742 [ReconcilerExecutor-hivemq-controller-109] DEBUG c.h.p.o.h.HiveMQPlatformReconcilerErrorHandler - [helmvolu] Pod 'test-hivemq-platform-0' condition 'Initialized': True
2025-01-27 17:07:07,746 INFO c.h.h.t.HelmChartContainer - [hivemq-test-hivemq-platform] [hivemq-platform-operator] [10333020] 17:07:07.742 [ReconcilerExecutor-hivemq-controller-109] DEBUG c.h.p.o.h.HiveMQPlatformReconcilerErrorHandler - [helmvolu] Pod 'test-hivemq-platform-0' condition 'Ready': False
2025-01-27 17:07:07,748 INFO c.h.h.t.HelmChartContainer - [hivemq-test-hivemq-platform] [hivemq-platform-operator] [10333020] 17:07:07.742 [ReconcilerExecutor-hivemq-controller-109] DEBUG c.h.p.o.h.HiveMQPlatformReconcilerErrorHandler - [helmvolu] Pod 'test-hivemq-platform-0' condition 'ContainersReady': False
2025-01-27 17:07:07,748 INFO c.h.h.t.HelmChartContainer - [hivemq-test-hivemq-platform] [hivemq-platform-operator] [10333020] 17:07:07.742 [ReconcilerExecutor-hivemq-controller-109] DEBUG c.h.p.o.h.HiveMQPlatformReconcilerErrorHandler - [helmvolu] Pod 'test-hivemq-platform-0' condition 'PodScheduled': True
2025-01-27 17:07:07,748 INFO c.h.h.t.HelmChartContainer - [hivemq-test-hivemq-platform] [hivemq-platform-operator] [10333020] 17:07:07.742 [ReconcilerExecutor-hivemq-controller-109] DEBUG c.h.p.o.h.HiveMQPlatformReconcilerErrorHandler - [helmvolu] Pod 'test-hivemq-platform-0' containerStatus 'hivemq' (started: false) (ready: false) (waiting: [PodInitializing] null)
2025-01-27 17:07:07,748 INFO c.h.h.t.HelmChartContainer - [hivemq-test-hivemq-platform] [hivemq-platform-operator] [10333020] 17:07:07.743 [ReconcilerExecutor-hivemq-controller-109] INFO  c.h.p.o.h.HiveMQPlatformReconcilerBaseHandler - [helmvolu] HiveMQ Platform is starting, 0 of 2 replicas are ready
2025-01-27 17:07:09,331 INFO c.h.h.t.HelmChartContainer - [EVENT] Normal [Created] Created container: hivemq [helmvolumeclaimtemplatesit:test-hivemq-platform-0]
2025-01-27 17:07:09,331 INFO c.h.h.t.HelmChartContainer - Received Created event for container hivemq in pod test-hivemq-platform-0 [f4b534a4-8f84-4cd1-b208-fb8e8c9f53b8]
2025-01-27 17:07:09,618 INFO c.h.h.t.HelmChartContainer - [POD] test-hivemq-platform-0 [f4b534a4-8f84-4cd1-b208-fb8e8c9f53b8] in helmvolumeclaimtemplatesit was MODIFIED
2025-01-27 17:07:09,627 INFO c.h.h.t.HelmChartContainer - [hivemq-test-hivemq-platform] [hivemq-platform-operator] [10333020] 17:07:09.623 [pool-6-thread-25] DEBUG c.h.p.o.d.PlatformServiceResource - [helmvolu] Desired Platform services (3 services)
2025-01-27 17:07:09,627 INFO c.h.h.t.HelmChartContainer - [hivemq-test-hivemq-platform] [hivemq-platform-operator] [10333020] 17:07:09.624 [pool-6-thread-24] DEBUG c.h.p.o.dependants.PodInfoConfigMap - [helmvolu] Desired PodInfo ConfigMap (1 extensions) (1 enabled)
2025-01-27 17:07:09,627 INFO c.h.h.t.HelmChartContainer - [hivemq-test-hivemq-platform] [hivemq-platform-operator] [10333020] 17:07:09.624 [pool-6-thread-24] DEBUG c.h.p.o.dependants.PodInfoConfigMap - [helmvolu] Desired PodInfo ConfigMap (metrics port: 9399) (metrics path: /)
2025-01-27 17:07:09,627 INFO c.h.h.t.HelmChartContainer - [hivemq-test-hivemq-platform] [hivemq-platform-operator] [10333020] 17:07:09.624 [pool-6-thread-24] DEBUG c.h.p.o.dependants.PodInfoConfigMap - [helmvolu] Desired PodInfo ConfigMap (extension state hash: -1817474005)
2025-01-27 17:07:09,630 INFO c.h.h.t.HelmChartContainer - [hivemq-test-hivemq-platform] [hivemq-platform-operator] [10333020] 17:07:09.628 [pool-6-thread-28] DEBUG c.h.p.o.d.PodServiceAccountResource - [helmvolu] Desired PodServiceAccountResource (serviceAccountName: hivemq-platform-pod-test-hivemq-platform)
2025-01-27 17:07:09,632 INFO c.h.h.t.HelmChartContainer - [EVENT] Normal [Started] Started container hivemq [helmvolumeclaimtemplatesit:test-hivemq-platform-0]
2025-01-27 17:07:09,632 INFO c.h.h.t.HelmChartContainer - Started log watcher for hivemq in pod test-hivemq-platform-0 [f4b534a4-8f84-4cd1-b208-fb8e8c9f53b8]
2025-01-27 17:07:09,633 INFO c.h.h.t.HelmChartContainer - [test-hivemq-platform] [hivemq] [f4b534a4] Adding pre-installed HiveMQ Platform Operator extensions
2025-01-27 17:07:09,634 INFO c.h.h.t.HelmChartContainer - [test-hivemq-platform] [hivemq] [f4b534a4] Running as user 10000
2025-01-27 17:07:09,634 INFO c.h.h.t.HelmChartContainer - [test-hivemq-platform] [hivemq] [f4b534a4] Starting HiveMQ Platform Operator Init
2025-01-27 17:07:09,634 INFO c.h.h.t.HelmChartContainer - Received Started event for container hivemq in pod test-hivemq-platform-0 [f4b534a4-8f84-4cd1-b208-fb8e8c9f53b8]
2025-01-27 17:07:09,635 INFO c.h.h.t.HelmChartContainer - [hivemq-test-hivemq-platform] [hivemq-platform-operator] [10333020] 17:07:09.634 [pool-6-thread-30] DEBUG c.h.p.o.d.StatefulSetResource - [helmvolu] Desired StatefulSet (2 replicas) for status STARTING (READY)
2025-01-27 17:07:09,701 INFO c.h.h.t.HelmChartContainer - [hivemq-test-hivemq-platform] [hivemq-platform-operator] [10333020] 17:07:09.697 [ReconcilerExecutor-hivemq-controller-110] INFO  c.h.p.o.HiveMQPlatformReconciler - [helmvolu] Reconciling HiveMQ Platform 'test-hivemq-platform' in namespace 'helmvolumeclaimtemplatesit'
2025-01-27 17:07:09,701 INFO c.h.h.t.HelmChartContainer - [hivemq-test-hivemq-platform] [hivemq-platform-operator] [10333020] 17:07:09.698 [ReconcilerExecutor-hivemq-controller-110] DEBUG c.h.p.o.HiveMQPlatformReconciler - [helmvolu] Custom Resource Status STARTING - HiveMQ Platform is starting (READY)
2025-01-27 17:07:09,701 INFO c.h.h.t.HelmChartContainer - [hivemq-test-hivemq-platform] [hivemq-platform-operator] [10333020] 17:07:09.698 [ReconcilerExecutor-hivemq-controller-110] DEBUG c.h.p.o.HiveMQPlatformReconciler - [helmvolu] Custom Resource Spec (replicas: 2) (extensions: 1)
2025-01-27 17:07:09,706 INFO c.h.h.t.HelmChartContainer - [hivemq-test-hivemq-platform] [hivemq-platform-operator] [10333020] 17:07:09.704 [ReconcilerExecutor-hivemq-controller-110] DEBUG c.h.p.o.HiveMQPlatformReconciler - [helmvolu] StatefulSet Status (revision: test-hivemq-platform-664f48ff7c, replicas: 1, available: 0, ready: 0, current: 1, updated: 1)
2025-01-27 17:07:09,706 INFO c.h.h.t.HelmChartContainer - [hivemq-test-hivemq-platform] [hivemq-platform-operator] [10333020] 17:07:09.704 [ReconcilerExecutor-hivemq-controller-110] DEBUG c.h.p.o.HiveMQPlatformReconciler - [helmvolu] StatefulSet Spec (replicas: 2, init containers: 1, containers: 1, volumes: 4)
2025-01-27 17:07:09,711 INFO c.h.h.t.HelmChartContainer - [hivemq-test-hivemq-platform] [hivemq-platform-operator] [10333020] 17:07:09.709 [ReconcilerExecutor-hivemq-controller-110] DEBUG c.h.p.o.h.HiveMQPlatformReconcilerErrorHandler - [helmvolu] Pod 'test-hivemq-platform-0' phase Running
2025-01-27 17:07:09,733 INFO c.h.h.t.HelmChartContainer - [hivemq-test-hivemq-platform] [hivemq-platform-operator] [10333020] 17:07:09.732 [ReconcilerExecutor-hivemq-controller-110] INFO  c.h.p.o.h.HiveMQPlatformReconcilerBaseHandler - [helmvolu] HiveMQ Platform is starting, 0 of 2 replicas are ready
2025-01-27 17:07:10,702 INFO c.h.h.t.HelmChartContainer - [test-hivemq-platform] [hivemq] [f4b534a4] INFO  - [HiveMQ Platform Operator Init 1.7.0-SNAPSHOT] HiveMQ Platform Operator Init 1.7.0-SNAPSHOT (commit: bebf408 on branch: HEAD) built on Sun Jan 26 20:47:47 UTC 2025
2025-01-27 17:07:11,827 INFO c.h.h.t.HelmChartContainer - [test-hivemq-platform] [hivemq] [f4b534a4] INFO  - [HiveMQ Platform Operator Init App 1.7.0-SNAPSHOT] Using bind address 10.42.0.10 from environment variable
2025-01-27 17:07:12,770 INFO c.h.h.t.HelmChartContainer - [test-hivemq-platform] [hivemq] [f4b534a4] INFO  - [HiveMQ Platform Operator Init App 1.7.0-SNAPSHOT] HiveMQ Platform Operator Init App 1.7.0-SNAPSHOT (commit: bebf408 on branch: HEAD) built on Sun Jan 26 20:47:47 UTC 2025
2025-01-27 17:07:12,770 INFO c.h.h.t.HelmChartContainer - [test-hivemq-platform] [hivemq] [f4b534a4] INFO  - [HiveMQ Platform Operator Init App 1.7.0-SNAPSHOT] PodInfo ConfigMap directory: /etc/podinfo
2025-01-27 17:07:12,771 INFO c.h.h.t.HelmChartContainer - [test-hivemq-platform] [hivemq] [f4b534a4] INFO  - [HiveMQ Platform Operator Init App 1.7.0-SNAPSHOT] HiveMQ home directory: /opt/hivemq
2025-01-27 17:07:12,771 INFO c.h.h.t.HelmChartContainer - [test-hivemq-platform] [hivemq] [f4b534a4] INFO  - [HiveMQ Platform Operator Init App 1.7.0-SNAPSHOT] HiveMQ Logback folder: /opt/hivemq/conf
2025-01-27 17:07:12,771 INFO c.h.h.t.HelmChartContainer - [test-hivemq-platform] [hivemq] [f4b534a4] INFO  - [HiveMQ Platform Operator Init App 1.7.0-SNAPSHOT] HiveMQ Config folder: /opt/hivemq/conf-k8s
2025-01-27 17:07:12,772 INFO c.h.h.t.HelmChartContainer - [test-hivemq-platform] [hivemq] [f4b534a4] INFO  - [HiveMQ Platform Operator Init App 1.7.0-SNAPSHOT] Starting HiveMQ Platform Operator Init App
2025-01-27 17:07:12,772 INFO c.h.h.t.HelmChartContainer - [test-hivemq-platform] [hivemq] [f4b534a4] INFO  - [HiveMQ Platform Operator Init App 1.7.0-SNAPSHOT] Starting Pod reconciler
2025-01-27 17:07:14,103 INFO c.h.h.t.HelmChartContainer - [test-hivemq-platform] [hivemq] [f4b534a4] INFO  - [HiveMQ Platform Operator Init App 1.7.0-SNAPSHOT] Pod reconciler is scheduled (interval: 5000 ms)
2025-01-27 17:07:14,104 INFO c.h.h.t.HelmChartContainer - [test-hivemq-platform] [hivemq] [f4b534a4] INFO  - [HiveMQ Platform Operator Init App 1.7.0-SNAPSHOT] Starting the REST API on 10.42.0.10:7979
2025-01-27 17:07:14,107 INFO c.h.h.t.HelmChartContainer - [test-hivemq-platform] [hivemq] [f4b534a4] INFO  - [HiveMQ Platform Operator Init App 1.7.0-SNAPSHOT] Waiting up to 600s for at most 2 HiveMQ nodes in cluster service hivemq-test-hivemq-platform-cluster.helmvolumeclaimtemplatesit.svc
2025-01-27 17:07:14,475 INFO c.h.h.t.HelmChartContainer - [test-hivemq-platform] [hivemq] [f4b534a4] INFO  - [HiveMQ Platform Operator Init App 1.7.0-SNAPSHOT] Resolved 1 IP addresses: [10.42.0.10]
2025-01-27 17:07:14,476 INFO c.h.h.t.HelmChartContainer - [test-hivemq-platform] [hivemq] [f4b534a4] INFO  - [HiveMQ Platform Operator Init App 1.7.0-SNAPSHOT] HiveMQ node count of 1 is within threshold of 2
2025-01-27 17:07:14,476 INFO c.h.h.t.HelmChartContainer - [test-hivemq-platform] [hivemq] [f4b534a4] INFO  - [HiveMQ Platform Operator Init App 1.7.0-SNAPSHOT] Proceeding with container start
2025-01-27 17:07:14,515 INFO c.h.h.t.HelmChartContainer - [test-hivemq-platform] [hivemq] [f4b534a4] INFO  - [HiveMQ Platform Operator Init App 1.7.0-SNAPSHOT] Initializing HiveMQ Platform extensions with initial configuration: {hivemq-allow-all-extension={start-priority=-1, skip-https-hostname-verification=false, restart=true, config-version=0, header-version=0, c-uri=, priority=-1, uri=preinstalled, skip-https-certificate-validation=false, enabled=true}, hivemq-prometheus-extension={start-priority=-1, c-uri=, skip-https-hostname-verification=false, skip-https-certificate-validation=false, uri=preinstalled, request-header-path=no-request-headers, enabled=true, restart=true, priority=-1}}
2025-01-27 17:07:14,972 INFO c.h.h.t.HelmChartContainer - [test-hivemq-platform] [hivemq] [f4b534a4] INFO  - [HiveMQ Platform Operator Init App 1.7.0-SNAPSHOT] Extension hivemq-allow-all-extension was already enabled
2025-01-27 17:07:15,067 INFO c.h.h.t.HelmChartContainer - [test-hivemq-platform] [hivemq] [f4b534a4] INFO  - [HiveMQ Platform Operator Init App 1.7.0-SNAPSHOT] Successfully enabled extension hivemq-prometheus-extension
2025-01-27 17:07:15,069 INFO c.h.h.t.HelmChartContainer - [test-hivemq-platform] [hivemq] [f4b534a4] INFO  - [HiveMQ Platform Operator Init App 1.7.0-SNAPSHOT] Starting HiveMQ Platform version 4.35.0 (4.35.0)
2025-01-27 17:07:15,069 INFO c.h.h.t.HelmChartContainer - [test-hivemq-platform] [hivemq] [f4b534a4] INFO  - [HiveMQ Platform Operator Init App 1.7.0-SNAPSHOT] Configuring the HiveMQ Platform
2025-01-27 17:07:15,103 INFO c.h.h.t.HelmChartContainer - [test-hivemq-platform] [hivemq] [f4b534a4] INFO  - [HiveMQ Platform Operator Init App 1.7.0-SNAPSHOT] Changed logback.xml file scan period to 20 seconds
2025-01-27 17:07:15,170 INFO c.h.h.t.HelmChartContainer - [test-hivemq-platform] [hivemq] [f4b534a4] INFO  - [HiveMQ Platform Operator Init App 1.7.0-SNAPSHOT] Starting the HiveMQ Platform
2025-01-27 17:07:15,195 INFO c.h.h.t.HelmChartContainer - [test-hivemq-platform] [hivemq] [f4b534a4] -------------------------------------------------------------------------
2025-01-27 17:07:15,195 INFO c.h.h.t.HelmChartContainer - [test-hivemq-platform] [hivemq] [f4b534a4] 
2025-01-27 17:07:15,195 INFO c.h.h.t.HelmChartContainer - [test-hivemq-platform] [hivemq] [f4b534a4]                   _    _  _              __  __   ____
2025-01-27 17:07:15,195 INFO c.h.h.t.HelmChartContainer - [test-hivemq-platform] [hivemq] [f4b534a4]                  | |  | |(_)            |  \/  | / __ \
2025-01-27 17:07:15,195 INFO c.h.h.t.HelmChartContainer - [test-hivemq-platform] [hivemq] [f4b534a4]                  | |__| | _ __   __ ___ | \  / || |  | |
2025-01-27 17:07:15,195 INFO c.h.h.t.HelmChartContainer - [test-hivemq-platform] [hivemq] [f4b534a4]                  |  __  || |\ \ / // _ \| |\/| || |  | |
2025-01-27 17:07:15,195 INFO c.h.h.t.HelmChartContainer - [test-hivemq-platform] [hivemq] [f4b534a4]                  | |  | || | \ V /|  __/| |  | || |__| |
2025-01-27 17:07:15,195 INFO c.h.h.t.HelmChartContainer - [test-hivemq-platform] [hivemq] [f4b534a4]                  |_|  |_||_|  \_/  \___||_|  |_| \___\_\
2025-01-27 17:07:15,195 INFO c.h.h.t.HelmChartContainer - [test-hivemq-platform] [hivemq] [f4b534a4] 
2025-01-27 17:07:15,195 INFO c.h.h.t.HelmChartContainer - [test-hivemq-platform] [hivemq] [f4b534a4] -------------------------------------------------------------------------
2025-01-27 17:07:15,195 INFO c.h.h.t.HelmChartContainer - [test-hivemq-platform] [hivemq] [f4b534a4] 
2025-01-27 17:07:15,195 INFO c.h.h.t.HelmChartContainer - [test-hivemq-platform] [hivemq] [f4b534a4]   HiveMQ Start Script for Linux/Unix v1.14
2025-01-27 17:07:15,195 INFO c.h.h.t.HelmChartContainer - [test-hivemq-platform] [hivemq] [f4b534a4] 
2025-01-27 17:07:15,278 INFO c.h.h.t.HelmChartContainer - [test-hivemq-platform] [hivemq] [f4b534a4] -------------------------------------------------------------------------
2025-01-27 17:07:15,278 INFO c.h.h.t.HelmChartContainer - [test-hivemq-platform] [hivemq] [f4b534a4] 
2025-01-27 17:07:15,278 INFO c.h.h.t.HelmChartContainer - [test-hivemq-platform] [hivemq] [f4b534a4]   HIVEMQ_HOME: /opt/hivemq
2025-01-27 17:07:15,278 INFO c.h.h.t.HelmChartContainer - [test-hivemq-platform] [hivemq] [f4b534a4] 
2025-01-27 17:07:15,278 INFO c.h.h.t.HelmChartContainer - [test-hivemq-platform] [hivemq] [f4b534a4]   JAVA_OPTS: -XX:+UnlockExperimentalVMOptions -XX:InitialRAMPercentage=50 -XX:MaxRAMPercentage=50 -Djava.net.preferIPv4Stack=true --add-opens java.base/java.lang=ALL-UNNAMED --add-opens java.base/java.nio=ALL-UNNAMED --add-opens java.base/sun.nio.ch=ALL-UNNAMED --add-opens jdk.management/com.sun.management.internal=ALL-UNNAMED --add-exports java.base/jdk.internal.misc=ALL-UNNAMED -Djava.security.egd=file:/dev/./urandom -Dcom.sun.management.jmxremote -Dcom.sun.management.jmxremote.port=9010 -Dcom.sun.management.jmxremote.local.only=false -Dcom.sun.management.jmxremote.authenticate=false -Dcom.sun.management.jmxremote.ssl=false -Duser.language=en -Duser.region=US -XX:+CrashOnOutOfMemoryError -XX:+HeapDumpOnOutOfMemoryError
2025-01-27 17:07:15,278 INFO c.h.h.t.HelmChartContainer - [test-hivemq-platform] [hivemq] [f4b534a4] 
2025-01-27 17:07:15,278 INFO c.h.h.t.HelmChartContainer - [test-hivemq-platform] [hivemq] [f4b534a4]   JAVA_VERSION: 21
2025-01-27 17:07:15,278 INFO c.h.h.t.HelmChartContainer - [test-hivemq-platform] [hivemq] [f4b534a4] 
2025-01-27 17:07:15,278 INFO c.h.h.t.HelmChartContainer - [test-hivemq-platform] [hivemq] [f4b534a4] -------------------------------------------------------------------------
2025-01-27 17:07:15,278 INFO c.h.h.t.HelmChartContainer - [test-hivemq-platform] [hivemq] [f4b534a4] 
2025-01-27 17:07:15,697 INFO c.h.h.t.HelmChartContainer - [test-hivemq-platform] [hivemq] [f4b534a4] INFO  - [HiveMQ Platform Operator Init App 1.7.0-SNAPSHOT] Returning default Health API response 503 for readiness
2025-01-27 17:07:16,004 INFO c.h.h.t.HelmChartContainer - [EVENT] Warning [Unhealthy] Readiness probe failed: HTTP probe failed with statuscode: 503 [helmvolumeclaimtemplatesit:test-hivemq-platform-0]
2025-01-27 17:07:16,004 INFO c.h.h.t.HelmChartContainer - Received Unhealthy event for container hivemq in pod test-hivemq-platform-0 [f4b534a4-8f84-4cd1-b208-fb8e8c9f53b8]
2025-01-27 17:07:17,896 INFO c.h.h.t.HelmChartContainer - [test-hivemq-platform] [hivemq] [f4b534a4] INFO  - Starting HiveMQ Enterprise Server
2025-01-27 17:07:17,901 INFO c.h.h.t.HelmChartContainer - [test-hivemq-platform] [hivemq] [f4b534a4] INFO  - HiveMQ version: 4.35.0
2025-01-27 17:07:17,902 INFO c.h.h.t.HelmChartContainer - [test-hivemq-platform] [hivemq] [f4b534a4] INFO  - HiveMQ home directory: /opt/hivemq
2025-01-27 17:07:17,902 INFO c.h.h.t.HelmChartContainer - [test-hivemq-platform] [hivemq] [f4b534a4] INFO  - Log Configuration was overridden by /opt/hivemq/conf/logback.xml
2025-01-27 17:07:19,195 INFO c.h.h.t.HelmChartContainer - [test-hivemq-platform] [hivemq] [f4b534a4] INFO  - Successfully loaded configuration from '/opt/hivemq/conf-k8s/config.xml'.
2025-01-27 17:07:19,740 INFO c.h.h.t.HelmChartContainer - [hivemq-test-hivemq-platform] [hivemq-platform-operator] [10333020] 17:07:19.736 [pool-6-thread-37] DEBUG c.h.p.o.d.PlatformServiceResource - [helmvolu] Desired Platform services (3 services)
2025-01-27 17:07:19,740 INFO c.h.h.t.HelmChartContainer - [hivemq-test-hivemq-platform] [hivemq-platform-operator] [10333020] 17:07:19.737 [pool-6-thread-36] DEBUG c.h.p.o.dependants.PodInfoConfigMap - [helmvolu] Desired PodInfo ConfigMap (1 extensions) (1 enabled)
2025-01-27 17:07:19,740 INFO c.h.h.t.HelmChartContainer - [hivemq-test-hivemq-platform] [hivemq-platform-operator] [10333020] 17:07:19.738 [pool-6-thread-36] DEBUG c.h.p.o.dependants.PodInfoConfigMap - [helmvolu] Desired PodInfo ConfigMap (metrics port: 9399) (metrics path: /)
2025-01-27 17:07:19,740 INFO c.h.h.t.HelmChartContainer - [hivemq-test-hivemq-platform] [hivemq-platform-operator] [10333020] 17:07:19.738 [pool-6-thread-36] DEBUG c.h.p.o.dependants.PodInfoConfigMap - [helmvolu] Desired PodInfo ConfigMap (extension state hash: -1817474005)
2025-01-27 17:07:19,740 INFO c.h.h.t.HelmChartContainer - [hivemq-test-hivemq-platform] [hivemq-platform-operator] [10333020] 17:07:19.738 [pool-6-thread-38] DEBUG c.h.p.o.d.PodServiceAccountResource - [helmvolu] Desired PodServiceAccountResource (serviceAccountName: hivemq-platform-pod-test-hivemq-platform)
2025-01-27 17:07:19,745 INFO c.h.h.t.HelmChartContainer - [hivemq-test-hivemq-platform] [hivemq-platform-operator] [10333020] 17:07:19.744 [pool-6-thread-37] DEBUG c.h.p.o.d.StatefulSetResource - [helmvolu] Desired StatefulSet (2 replicas) for status STARTING (READY)
2025-01-27 17:07:19,750 INFO c.h.h.t.HelmChartContainer - [hivemq-test-hivemq-platform] [hivemq-platform-operator] [10333020] 17:07:19.749 [ReconcilerExecutor-hivemq-controller-111] INFO  c.h.p.o.HiveMQPlatformReconciler - [helmvolu] Reconciling HiveMQ Platform 'test-hivemq-platform' in namespace 'helmvolumeclaimtemplatesit'
2025-01-27 17:07:19,750 INFO c.h.h.t.HelmChartContainer - [hivemq-test-hivemq-platform] [hivemq-platform-operator] [10333020] 17:07:19.749 [ReconcilerExecutor-hivemq-controller-111] DEBUG c.h.p.o.HiveMQPlatformReconciler - [helmvolu] Custom Resource Status STARTING - HiveMQ Platform is starting (READY)
2025-01-27 17:07:19,750 INFO c.h.h.t.HelmChartContainer - [hivemq-test-hivemq-platform] [hivemq-platform-operator] [10333020] 17:07:19.749 [ReconcilerExecutor-hivemq-controller-111] DEBUG c.h.p.o.HiveMQPlatformReconciler - [helmvolu] Custom Resource Spec (replicas: 2) (extensions: 1)
2025-01-27 17:07:19,751 INFO c.h.h.t.HelmChartContainer - [hivemq-test-hivemq-platform] [hivemq-platform-operator] [10333020] 17:07:19.751 [ReconcilerExecutor-hivemq-controller-111] DEBUG c.h.p.o.HiveMQPlatformReconciler - [helmvolu] StatefulSet Status (revision: test-hivemq-platform-664f48ff7c, replicas: 1, available: 0, ready: 0, current: 1, updated: 1)
2025-01-27 17:07:19,751 INFO c.h.h.t.HelmChartContainer - [hivemq-test-hivemq-platform] [hivemq-platform-operator] [10333020] 17:07:19.751 [ReconcilerExecutor-hivemq-controller-111] DEBUG c.h.p.o.HiveMQPlatformReconciler - [helmvolu] StatefulSet Spec (replicas: 2, init containers: 1, containers: 1, volumes: 4)
2025-01-27 17:07:19,753 INFO c.h.h.t.HelmChartContainer - [hivemq-test-hivemq-platform] [hivemq-platform-operator] [10333020] 17:07:19.752 [ReconcilerExecutor-hivemq-controller-111] DEBUG c.h.p.o.h.HiveMQPlatformReconcilerErrorHandler - [helmvolu] Pod 'test-hivemq-platform-0' phase Running
2025-01-27 17:07:19,753 INFO c.h.h.t.HelmChartContainer - [hivemq-test-hivemq-platform] [hivemq-platform-operator] [10333020] 17:07:19.753 [ReconcilerExecutor-hivemq-controller-111] INFO  c.h.p.o.h.HiveMQPlatformReconcilerBaseHandler - [helmvolu] HiveMQ Platform is starting, 0 of 2 replicas are ready
2025-01-27 17:07:19,867 INFO c.h.h.t.HelmChartContainer - [test-hivemq-platform] [hivemq] [f4b534a4] INFO  - This node's ID is 5HXdh
2025-01-27 17:07:19,867 INFO c.h.h.t.HelmChartContainer - [test-hivemq-platform] [hivemq] [f4b534a4] INFO  - Clustering is enabled
2025-01-27 17:07:21,200 INFO c.h.h.t.HelmChartContainer - [test-hivemq-platform] [hivemq] [f4b534a4] WARN  - [HiveMQ Platform Operator Init App 1.7.0-SNAPSHOT] Cannot connect to Health API for readiness: null
2025-01-27 17:07:21,206 INFO c.h.h.t.HelmChartContainer - [EVENT] Warning [Unhealthy] Readiness probe failed: HTTP probe failed with statuscode: 503 [helmvolumeclaimtemplatesit:test-hivemq-platform-0]
2025-01-27 17:07:21,206 INFO c.h.h.t.HelmChartContainer - Received Unhealthy event for container hivemq in pod test-hivemq-platform-0 [f4b534a4-8f84-4cd1-b208-fb8e8c9f53b8]
2025-01-27 17:07:24,442 INFO c.h.h.t.HelmChartContainer - [test-hivemq-platform] [hivemq] [f4b534a4] Jan 27, 2025 5:07:24 PM io.vertx.core.impl.BlockedThreadChecker
2025-01-27 17:07:24,442 INFO c.h.h.t.HelmChartContainer - [test-hivemq-platform] [hivemq] [f4b534a4] WARNING: Thread Thread[vert.x-eventloop-thread-1,5,main] has been blocked for 2298 ms, time limit is 2000 ms
2025-01-27 17:07:25,366 INFO c.h.h.t.HelmChartContainer - [test-hivemq-platform] [hivemq] [f4b534a4] Jan 27, 2025 5:07:25 PM io.vertx.core.impl.BlockedThreadChecker
2025-01-27 17:07:25,366 INFO c.h.h.t.HelmChartContainer - [test-hivemq-platform] [hivemq] [f4b534a4] WARNING: Thread Thread[vert.x-eventloop-thread-1,5,main] has been blocked for 3298 ms, time limit is 2000 ms
2025-01-27 17:07:25,697 INFO c.h.h.t.HelmChartContainer - [test-hivemq-platform] [hivemq] [f4b534a4] WARN  - [HiveMQ Platform Operator Init App 1.7.0-SNAPSHOT] Cannot connect to Health API for readiness: null
2025-01-27 17:07:25,704 INFO c.h.h.t.HelmChartContainer - [EVENT] Warning [Unhealthy] Readiness probe failed: HTTP probe failed with statuscode: 503 [helmvolumeclaimtemplatesit:test-hivemq-platform-0]
2025-01-27 17:07:25,704 INFO c.h.h.t.HelmChartContainer - Received Unhealthy event for container hivemq in pod test-hivemq-platform-0 [f4b534a4-8f84-4cd1-b208-fb8e8c9f53b8]
2025-01-27 17:07:25,765 INFO c.h.h.t.HelmChartContainer - [test-hivemq-platform] [hivemq] [f4b534a4] INFO  - [HiveMQ Platform Operator Init App 1.7.0-SNAPSHOT] Updating Pod HiveMQ Platform Operator Init App version annotation (version: 1.7.0-SNAPSHOT)
2025-01-27 17:07:26,370 INFO c.h.h.t.HelmChartContainer - [POD] test-hivemq-platform-0 [f4b534a4-8f84-4cd1-b208-fb8e8c9f53b8] in helmvolumeclaimtemplatesit was MODIFIED
2025-01-27 17:07:26,375 INFO c.h.h.t.HelmChartContainer - [hivemq-test-hivemq-platform] [hivemq-platform-operator] [10333020] 17:07:26.374 [pool-6-thread-47] DEBUG c.h.p.o.d.PlatformServiceResource - [helmvolu] Desired Platform services (3 services)
2025-01-27 17:07:26,378 INFO c.h.h.t.HelmChartContainer - [hivemq-test-hivemq-platform] [hivemq-platform-operator] [10333020] 17:07:26.375 [pool-6-thread-46] DEBUG c.h.p.o.dependants.PodInfoConfigMap - [helmvolu] Desired PodInfo ConfigMap (1 extensions) (1 enabled)
2025-01-27 17:07:26,378 INFO c.h.h.t.HelmChartContainer - [hivemq-test-hivemq-platform] [hivemq-platform-operator] [10333020] 17:07:26.375 [pool-6-thread-46] DEBUG c.h.p.o.dependants.PodInfoConfigMap - [helmvolu] Desired PodInfo ConfigMap (metrics port: 9399) (metrics path: /)
2025-01-27 17:07:26,378 INFO c.h.h.t.HelmChartContainer - [hivemq-test-hivemq-platform] [hivemq-platform-operator] [10333020] 17:07:26.375 [pool-6-thread-46] DEBUG c.h.p.o.dependants.PodInfoConfigMap - [helmvolu] Desired PodInfo ConfigMap (extension state hash: -1817474005)
2025-01-27 17:07:26,378 INFO c.h.h.t.HelmChartContainer - [hivemq-test-hivemq-platform] [hivemq-platform-operator] [10333020] 17:07:26.376 [pool-6-thread-46] DEBUG c.h.p.o.d.PodServiceAccountResource - [helmvolu] Desired PodServiceAccountResource (serviceAccountName: hivemq-platform-pod-test-hivemq-platform)
2025-01-27 17:07:26,385 INFO c.h.h.t.HelmChartContainer - [hivemq-test-hivemq-platform] [hivemq-platform-operator] [10333020] 17:07:26.383 [pool-6-thread-47] DEBUG c.h.p.o.d.StatefulSetResource - [helmvolu] Desired StatefulSet (2 replicas) for status STARTING (READY)
2025-01-27 17:07:26,387 INFO c.h.h.t.HelmChartContainer - [hivemq-test-hivemq-platform] [hivemq-platform-operator] [10333020] 17:07:26.386 [ReconcilerExecutor-hivemq-controller-112] INFO  c.h.p.o.HiveMQPlatformReconciler - [helmvolu] Reconciling HiveMQ Platform 'test-hivemq-platform' in namespace 'helmvolumeclaimtemplatesit'
2025-01-27 17:07:26,387 INFO c.h.h.t.HelmChartContainer - [hivemq-test-hivemq-platform] [hivemq-platform-operator] [10333020] 17:07:26.386 [ReconcilerExecutor-hivemq-controller-112] DEBUG c.h.p.o.HiveMQPlatformReconciler - [helmvolu] Custom Resource Status STARTING - HiveMQ Platform is starting (READY)
2025-01-27 17:07:26,387 INFO c.h.h.t.HelmChartContainer - [hivemq-test-hivemq-platform] [hivemq-platform-operator] [10333020] 17:07:26.386 [ReconcilerExecutor-hivemq-controller-112] DEBUG c.h.p.o.HiveMQPlatformReconciler - [helmvolu] Custom Resource Spec (replicas: 2) (extensions: 1)
2025-01-27 17:07:26,388 INFO c.h.h.t.HelmChartContainer - [hivemq-test-hivemq-platform] [hivemq-platform-operator] [10333020] 17:07:26.387 [ReconcilerExecutor-hivemq-controller-112] DEBUG c.h.p.o.HiveMQPlatformReconciler - [helmvolu] StatefulSet Status (revision: test-hivemq-platform-664f48ff7c, replicas: 1, available: 0, ready: 0, current: 1, updated: 1)
2025-01-27 17:07:26,398 INFO c.h.h.t.HelmChartContainer - [test-hivemq-platform] [hivemq] [f4b534a4] WARN  - [HiveMQ Platform Operator Init App 1.7.0-SNAPSHOT] Cannot connect to Health API for readiness: null
2025-01-27 17:07:26,404 INFO c.h.h.t.HelmChartContainer - [EVENT] Warning [Unhealthy] Readiness probe failed: HTTP probe failed with statuscode: 503 [helmvolumeclaimtemplatesit:test-hivemq-platform-0]
2025-01-27 17:07:26,404 INFO c.h.h.t.HelmChartContainer - Received Unhealthy event for container hivemq in pod test-hivemq-platform-0 [f4b534a4-8f84-4cd1-b208-fb8e8c9f53b8]
2025-01-27 17:07:26,434 INFO c.h.h.t.HelmChartContainer - [hivemq-test-hivemq-platform] [hivemq-platform-operator] [10333020] 17:07:26.431 [ReconcilerExecutor-hivemq-controller-112] DEBUG c.h.p.o.HiveMQPlatformReconciler - [helmvolu] StatefulSet Spec (replicas: 2, init containers: 1, containers: 1, volumes: 4)
2025-01-27 17:07:26,436 INFO c.h.h.t.HelmChartContainer - [hivemq-test-hivemq-platform] [hivemq-platform-operator] [10333020] 17:07:26.434 [ReconcilerExecutor-hivemq-controller-112] DEBUG c.h.p.o.h.HiveMQPlatformReconcilerErrorHandler - [helmvolu] Pod 'test-hivemq-platform-0' phase Running
2025-01-27 17:07:26,436 INFO c.h.h.t.HelmChartContainer - [hivemq-test-hivemq-platform] [hivemq-platform-operator] [10333020] 17:07:26.435 [ReconcilerExecutor-hivemq-controller-112] INFO  c.h.p.o.h.HiveMQPlatformReconcilerBaseHandler - [helmvolu] HiveMQ Platform is starting, 0 of 2 replicas are ready
2025-01-27 17:07:26,494 INFO c.h.h.t.HelmChartContainer - [test-hivemq-platform] [hivemq] [f4b534a4] INFO  - [HiveMQ Platform Operator Init App 1.7.0-SNAPSHOT] Successfully updated Pod HiveMQ Platform Operator Init App version annotation (version: 1.7.0-SNAPSHOT)
2025-01-27 17:07:31,396 INFO c.h.h.t.HelmChartContainer - [test-hivemq-platform] [hivemq] [f4b534a4] WARN  - [HiveMQ Platform Operator Init App 1.7.0-SNAPSHOT] Cannot connect to Health API for readiness: null
2025-01-27 17:07:31,401 INFO c.h.h.t.HelmChartContainer - [EVENT] Warning [Unhealthy] Readiness probe failed: HTTP probe failed with statuscode: 503 [helmvolumeclaimtemplatesit:test-hivemq-platform-0]
2025-01-27 17:07:31,401 INFO c.h.h.t.HelmChartContainer - Received Unhealthy event for container hivemq in pod test-hivemq-platform-0 [f4b534a4-8f84-4cd1-b208-fb8e8c9f53b8]
2025-01-27 17:07:33,713 INFO c.h.h.t.HelmChartContainer - [K3S] [range_allocator.go:247] "Successfully synced" key="7305957e3207"
2025-01-27 17:07:36,395 INFO c.h.h.t.HelmChartContainer - [test-hivemq-platform] [hivemq] [f4b534a4] WARN  - [HiveMQ Platform Operator Init App 1.7.0-SNAPSHOT] Cannot connect to Health API for readiness: null
2025-01-27 17:07:36,401 INFO c.h.h.t.HelmChartContainer - [EVENT] Warning [Unhealthy] Readiness probe failed: HTTP probe failed with statuscode: 503 [helmvolumeclaimtemplatesit:test-hivemq-platform-0]
2025-01-27 17:07:36,402 INFO c.h.h.t.HelmChartContainer - Received Unhealthy event for container hivemq in pod test-hivemq-platform-0 [f4b534a4-8f84-4cd1-b208-fb8e8c9f53b8]
2025-01-27 17:07:36,446 INFO c.h.h.t.HelmChartContainer - [hivemq-test-hivemq-platform] [hivemq-platform-operator] [10333020] 17:07:36.442 [pool-6-thread-6] DEBUG c.h.p.o.d.PlatformServiceResource - [helmvolu] Desired Platform services (3 services)
2025-01-27 17:07:36,446 INFO c.h.h.t.HelmChartContainer - [hivemq-test-hivemq-platform] [hivemq-platform-operator] [10333020] 17:07:36.443 [pool-6-thread-2] DEBUG c.h.p.o.dependants.PodInfoConfigMap - [helmvolu] Desired PodInfo ConfigMap (1 extensions) (1 enabled)
2025-01-27 17:07:36,446 INFO c.h.h.t.HelmChartContainer - [hivemq-test-hivemq-platform] [hivemq-platform-operator] [10333020] 17:07:36.443 [pool-6-thread-2] DEBUG c.h.p.o.dependants.PodInfoConfigMap - [helmvolu] Desired PodInfo ConfigMap (metrics port: 9399) (metrics path: /)
2025-01-27 17:07:36,446 INFO c.h.h.t.HelmChartContainer - [hivemq-test-hivemq-platform] [hivemq-platform-operator] [10333020] 17:07:36.443 [pool-6-thread-2] DEBUG c.h.p.o.dependants.PodInfoConfigMap - [helmvolu] Desired PodInfo ConfigMap (extension state hash: -1817474005)
2025-01-27 17:07:36,446 INFO c.h.h.t.HelmChartContainer - [hivemq-test-hivemq-platform] [hivemq-platform-operator] [10333020] 17:07:36.445 [pool-6-thread-8] DEBUG c.h.p.o.d.PodServiceAccountResource - [helmvolu] Desired PodServiceAccountResource (serviceAccountName: hivemq-platform-pod-test-hivemq-platform)
2025-01-27 17:07:36,450 INFO c.h.h.t.HelmChartContainer - [hivemq-test-hivemq-platform] [hivemq-platform-operator] [10333020] 17:07:36.449 [pool-6-thread-1] DEBUG c.h.p.o.d.StatefulSetResource - [helmvolu] Desired StatefulSet (2 replicas) for status STARTING (READY)
2025-01-27 17:07:36,533 INFO c.h.h.t.HelmChartContainer - [hivemq-test-hivemq-platform] [hivemq-platform-operator] [10333020] 17:07:36.531 [ReconcilerExecutor-hivemq-controller-113] INFO  c.h.p.o.HiveMQPlatformReconciler - [helmvolu] Reconciling HiveMQ Platform 'test-hivemq-platform' in namespace 'helmvolumeclaimtemplatesit'
2025-01-27 17:07:36,535 INFO c.h.h.t.HelmChartContainer - [hivemq-test-hivemq-platform] [hivemq-platform-operator] [10333020] 17:07:36.532 [ReconcilerExecutor-hivemq-controller-113] DEBUG c.h.p.o.HiveMQPlatformReconciler - [helmvolu] Custom Resource Status STARTING - HiveMQ Platform is starting (READY)
2025-01-27 17:07:36,536 INFO c.h.h.t.HelmChartContainer - [hivemq-test-hivemq-platform] [hivemq-platform-operator] [10333020] 17:07:36.532 [ReconcilerExecutor-hivemq-controller-113] DEBUG c.h.p.o.HiveMQPlatformReconciler - [helmvolu] Custom Resource Spec (replicas: 2) (extensions: 1)
2025-01-27 17:07:36,536 INFO c.h.h.t.HelmChartContainer - [hivemq-test-hivemq-platform] [hivemq-platform-operator] [10333020] 17:07:36.534 [ReconcilerExecutor-hivemq-controller-113] DEBUG c.h.p.o.HiveMQPlatformReconciler - [helmvolu] StatefulSet Status (revision: test-hivemq-platform-664f48ff7c, replicas: 1, available: 0, ready: 0, current: 1, updated: 1)
2025-01-27 17:07:36,536 INFO c.h.h.t.HelmChartContainer - [hivemq-test-hivemq-platform] [hivemq-platform-operator] [10333020] 17:07:36.534 [ReconcilerExecutor-hivemq-controller-113] DEBUG c.h.p.o.HiveMQPlatformReconciler - [helmvolu] StatefulSet Spec (replicas: 2, init containers: 1, containers: 1, volumes: 4)
2025-01-27 17:07:36,537 INFO c.h.h.t.HelmChartContainer - [hivemq-test-hivemq-platform] [hivemq-platform-operator] [10333020] 17:07:36.536 [ReconcilerExecutor-hivemq-controller-113] DEBUG c.h.p.o.h.HiveMQPlatformReconcilerErrorHandler - [helmvolu] Pod 'test-hivemq-platform-0' phase Running
2025-01-27 17:07:36,538 INFO c.h.h.t.HelmChartContainer - [hivemq-test-hivemq-platform] [hivemq-platform-operator] [10333020] 17:07:36.536 [ReconcilerExecutor-hivemq-controller-113] INFO  c.h.p.o.h.HiveMQPlatformReconcilerBaseHandler - [helmvolu] HiveMQ Platform is starting, 0 of 2 replicas are ready
2025-01-27 17:07:36,897 INFO c.h.h.t.HelmChartContainer - [test-hivemq-platform] [hivemq] [f4b534a4] WARN  - [HiveMQ Platform Operator Init App 1.7.0-SNAPSHOT] Cannot connect to Health API for liveness: null
2025-01-27 17:07:36,897 INFO c.h.h.t.HelmChartContainer - [test-hivemq-platform] [hivemq] [f4b534a4] INFO  - [HiveMQ Platform Operator Init App 1.7.0-SNAPSHOT] Returning default Health API response 200 for liveness
2025-01-27 17:07:38,096 INFO c.h.h.t.HelmChartContainer - [test-hivemq-platform] [hivemq] [f4b534a4] INFO  - No valid license file found. Using trial license, restricted to 25 connections.
2025-01-27 17:07:41,399 INFO c.h.h.t.HelmChartContainer - [test-hivemq-platform] [hivemq] [f4b534a4] WARN  - [HiveMQ Platform Operator Init App 1.7.0-SNAPSHOT] Cannot connect to Health API for readiness: null
2025-01-27 17:07:41,403 INFO c.h.h.t.HelmChartContainer - [EVENT] Warning [Unhealthy] Readiness probe failed: HTTP probe failed with statuscode: 503 [helmvolumeclaimtemplatesit:test-hivemq-platform-0]
2025-01-27 17:07:41,404 INFO c.h.h.t.HelmChartContainer - Received Unhealthy event for container hivemq in pod test-hivemq-platform-0 [f4b534a4-8f84-4cd1-b208-fb8e8c9f53b8]
2025-01-27 17:07:41,605 INFO c.h.h.t.HelmChartContainer - [test-hivemq-platform] [hivemq] [f4b534a4] INFO  - No valid license file for Data Hub found. Using free license, restricted to 1 policy.
2025-01-27 17:07:42,607 INFO c.h.h.t.HelmChartContainer - [test-hivemq-platform] [hivemq] [f4b534a4] INFO  - Audit Logger started.
2025-01-27 17:07:42,910 INFO c.h.h.t.HelmChartContainer - [test-hivemq-platform] [hivemq] [f4b534a4] INFO  - This node uses '1' CPU cores.
2025-01-27 17:07:42,913 INFO c.h.h.t.HelmChartContainer - [test-hivemq-platform] [hivemq] [f4b534a4] INFO  - Starting HiveMQ Health API on address 0.0.0.0 and port 8889
2025-01-27 17:07:43,799 INFO c.h.h.t.HelmChartContainer - [test-hivemq-platform] [hivemq] [f4b534a4] INFO  - Started HiveMQ Health API in 886ms
2025-01-27 17:07:43,802 INFO c.h.h.t.HelmChartContainer - [test-hivemq-platform] [hivemq] [f4b534a4] INFO  - Starting HiveMQ extension system.
2025-01-27 17:07:44,066 INFO c.h.h.t.HelmChartContainer - [test-hivemq-platform] [hivemq] [f4b534a4] INFO  - Starting extension with id "hivemq-dns-cluster-discovery" at /opt/hivemq/extensions/hivemq-dns-cluster-discovery
2025-01-27 17:07:44,500 INFO c.h.h.t.HelmChartContainer - [test-hivemq-platform] [hivemq] [f4b534a4] INFO  - Using TCP cluster transport on address 10.42.0.10 and port 7000
2025-01-27 17:07:44,504 INFO c.h.h.t.HelmChartContainer - [test-hivemq-platform] [hivemq] [f4b534a4] INFO  - Using extension cluster discovery
2025-01-27 17:07:44,698 INFO c.h.h.t.HelmChartContainer - [test-hivemq-platform] [hivemq] [f4b534a4] INFO  - Extension "DNS Cluster Discovery Extension" version 4.3.2 started successfully.
2025-01-27 17:07:44,699 INFO c.h.h.t.HelmChartContainer - [test-hivemq-platform] [hivemq] [f4b534a4] INFO  - Starting extension with id "hivemq-prometheus-extension" at /opt/hivemq/extensions/hivemq-prometheus-extension
2025-01-27 17:07:45,565 INFO c.h.h.t.HelmChartContainer - [test-hivemq-platform] [hivemq] [f4b534a4] INFO  - Started Jetty Server exposing Prometheus Servlet on URI http://0.0.0.0:9399/
2025-01-27 17:07:45,565 INFO c.h.h.t.HelmChartContainer - [test-hivemq-platform] [hivemq] [f4b534a4] INFO  - Extension "Prometheus Monitoring Extension" version 4.0.12 started successfully.
2025-01-27 17:07:45,566 INFO c.h.h.t.HelmChartContainer - [test-hivemq-platform] [hivemq] [f4b534a4] INFO  - Starting extension with id "hivemq-allow-all-extension" at /opt/hivemq/extensions/hivemq-allow-all-extension
2025-01-27 17:07:45,566 INFO c.h.h.t.HelmChartContainer - [test-hivemq-platform] [hivemq] [f4b534a4] WARN  - 
2025-01-27 17:07:45,566 INFO c.h.h.t.HelmChartContainer - [test-hivemq-platform] [hivemq] [f4b534a4] ################################################################################################################
2025-01-27 17:07:45,566 INFO c.h.h.t.HelmChartContainer - [test-hivemq-platform] [hivemq] [f4b534a4] # This HiveMQ deployment is not secure! You are lacking Authentication and Authorization.                      #
2025-01-27 17:07:45,566 INFO c.h.h.t.HelmChartContainer - [test-hivemq-platform] [hivemq] [f4b534a4] # Right now any MQTT client can connect to the broker with a full set of permissions.                          #
2025-01-27 17:07:45,566 INFO c.h.h.t.HelmChartContainer - [test-hivemq-platform] [hivemq] [f4b534a4] # For production usage, add an appropriate security extension and remove the hivemq-allow-all extension.       #
2025-01-27 17:07:45,566 INFO c.h.h.t.HelmChartContainer - [test-hivemq-platform] [hivemq] [f4b534a4] # You can download security extensions from the HiveMQ Marketplace (https://www.hivemq.com/extensions/).       #
2025-01-27 17:07:45,566 INFO c.h.h.t.HelmChartContainer - [test-hivemq-platform] [hivemq] [f4b534a4] ################################################################################################################
2025-01-27 17:07:45,567 INFO c.h.h.t.HelmChartContainer - [test-hivemq-platform] [hivemq] [f4b534a4] INFO  - Extension "Allow All Extension" version 1.1.0 started successfully.
2025-01-27 17:07:46,544 INFO c.h.h.t.HelmChartContainer - [hivemq-test-hivemq-platform] [hivemq-platform-operator] [10333020] 17:07:46.541 [pool-6-thread-19] DEBUG c.h.p.o.d.PodServiceAccountResource - [helmvolu] Desired PodServiceAccountResource (serviceAccountName: hivemq-platform-pod-test-hivemq-platform)
2025-01-27 17:07:46,545 INFO c.h.h.t.HelmChartContainer - [hivemq-test-hivemq-platform] [hivemq-platform-operator] [10333020] 17:07:46.542 [pool-6-thread-17] DEBUG c.h.p.o.dependants.PodInfoConfigMap - [helmvolu] Desired PodInfo ConfigMap (1 extensions) (1 enabled)
2025-01-27 17:07:46,545 INFO c.h.h.t.HelmChartContainer - [hivemq-test-hivemq-platform] [hivemq-platform-operator] [10333020] 17:07:46.542 [pool-6-thread-17] DEBUG c.h.p.o.dependants.PodInfoConfigMap - [helmvolu] Desired PodInfo ConfigMap (metrics port: 9399) (metrics path: /)
2025-01-27 17:07:46,545 INFO c.h.h.t.HelmChartContainer - [hivemq-test-hivemq-platform] [hivemq-platform-operator] [10333020] 17:07:46.542 [pool-6-thread-17] DEBUG c.h.p.o.dependants.PodInfoConfigMap - [helmvolu] Desired PodInfo ConfigMap (extension state hash: -1817474005)
2025-01-27 17:07:46,545 INFO c.h.h.t.HelmChartContainer - [hivemq-test-hivemq-platform] [hivemq-platform-operator] [10333020] 17:07:46.541 [pool-6-thread-14] DEBUG c.h.p.o.d.PlatformServiceResource - [helmvolu] Desired Platform services (3 services)
2025-01-27 17:07:46,551 INFO c.h.h.t.HelmChartContainer - [hivemq-test-hivemq-platform] [hivemq-platform-operator] [10333020] 17:07:46.550 [pool-6-thread-14] DEBUG c.h.p.o.d.StatefulSetResource - [helmvolu] Desired StatefulSet (2 replicas) for status STARTING (READY)
2025-01-27 17:07:46,556 INFO c.h.h.t.HelmChartContainer - [hivemq-test-hivemq-platform] [hivemq-platform-operator] [10333020] 17:07:46.554 [ReconcilerExecutor-hivemq-controller-114] INFO  c.h.p.o.HiveMQPlatformReconciler - [helmvolu] Reconciling HiveMQ Platform 'test-hivemq-platform' in namespace 'helmvolumeclaimtemplatesit'
2025-01-27 17:07:46,556 INFO c.h.h.t.HelmChartContainer - [hivemq-test-hivemq-platform] [hivemq-platform-operator] [10333020] 17:07:46.555 [ReconcilerExecutor-hivemq-controller-114] DEBUG c.h.p.o.HiveMQPlatformReconciler - [helmvolu] Custom Resource Status STARTING - HiveMQ Platform is starting (READY)
2025-01-27 17:07:46,556 INFO c.h.h.t.HelmChartContainer - [hivemq-test-hivemq-platform] [hivemq-platform-operator] [10333020] 17:07:46.555 [ReconcilerExecutor-hivemq-controller-114] DEBUG c.h.p.o.HiveMQPlatformReconciler - [helmvolu] Custom Resource Spec (replicas: 2) (extensions: 1)
2025-01-27 17:07:46,597 INFO c.h.h.t.HelmChartContainer - [hivemq-test-hivemq-platform] [hivemq-platform-operator] [10333020] 17:07:46.596 [ReconcilerExecutor-hivemq-controller-114] DEBUG c.h.p.o.HiveMQPlatformReconciler - [helmvolu] StatefulSet Status (revision: test-hivemq-platform-664f48ff7c, replicas: 1, available: 0, ready: 0, current: 1, updated: 1)
2025-01-27 17:07:46,597 INFO c.h.h.t.HelmChartContainer - [hivemq-test-hivemq-platform] [hivemq-platform-operator] [10333020] 17:07:46.596 [ReconcilerExecutor-hivemq-controller-114] DEBUG c.h.p.o.HiveMQPlatformReconciler - [helmvolu] StatefulSet Spec (replicas: 2, init containers: 1, containers: 1, volumes: 4)
2025-01-27 17:07:46,599 INFO c.h.h.t.HelmChartContainer - [hivemq-test-hivemq-platform] [hivemq-platform-operator] [10333020] 17:07:46.598 [ReconcilerExecutor-hivemq-controller-114] DEBUG c.h.p.o.h.HiveMQPlatformReconcilerErrorHandler - [helmvolu] Pod 'test-hivemq-platform-0' phase Running
2025-01-27 17:07:46,599 INFO c.h.h.t.HelmChartContainer - [hivemq-test-hivemq-platform] [hivemq-platform-operator] [10333020] 17:07:46.599 [ReconcilerExecutor-hivemq-controller-114] INFO  c.h.p.o.h.HiveMQPlatformReconcilerBaseHandler - [helmvolu] HiveMQ Platform is starting, 0 of 2 replicas are ready
2025-01-27 17:07:46,771 INFO c.h.h.t.HelmChartContainer - [test-hivemq-platform] [hivemq] [f4b534a4] INFO  - [HiveMQ Platform Operator Init App 1.7.0-SNAPSHOT] Returning Health API response 503 for readiness
2025-01-27 17:07:46,777 INFO c.h.h.t.HelmChartContainer - [EVENT] Warning [Unhealthy] Readiness probe failed: HTTP probe failed with statuscode: 503 [helmvolumeclaimtemplatesit:test-hivemq-platform-0]
2025-01-27 17:07:46,777 INFO c.h.h.t.HelmChartContainer - Received Unhealthy event for container hivemq in pod test-hivemq-platform-0 [f4b534a4-8f84-4cd1-b208-fb8e8c9f53b8]
2025-01-27 17:07:47,695 INFO c.h.h.t.HelmChartContainer - [test-hivemq-platform] [hivemq] [f4b534a4] INFO  - 5HXdh: no members discovered after 2700 ms: creating cluster as first member
2025-01-27 17:07:47,702 INFO c.h.h.t.HelmChartContainer - [test-hivemq-platform] [hivemq] [f4b534a4] INFO  - Cluster nodes found by discovery: [5HXdh|0] (1) [5HXdh].
2025-01-27 17:07:47,796 INFO c.h.h.t.HelmChartContainer - [test-hivemq-platform] [hivemq] [f4b534a4] INFO  - No user for HiveMQ Control Center configured. Starting with default user
2025-01-27 17:07:47,796 INFO c.h.h.t.HelmChartContainer - [test-hivemq-platform] [hivemq] [f4b534a4] INFO  - Starting HiveMQ Control Center on address 0.0.0.0 and port 8080
2025-01-27 17:07:47,803 INFO c.h.h.t.HelmChartContainer - [test-hivemq-platform] [hivemq] [f4b534a4] INFO  - Mounting HiveMQ Control Center V2 Preview
2025-01-27 17:07:48,507 INFO c.h.h.t.HelmChartContainer - [test-hivemq-platform] [hivemq] [f4b534a4] INFO  - Started HiveMQ Control Center in 713ms
2025-01-27 17:07:48,605 INFO c.h.h.t.HelmChartContainer - [test-hivemq-platform] [hivemq] [f4b534a4] INFO  - Starting TCP listener on address 0.0.0.0 and port 1883
2025-01-27 17:07:48,700 INFO c.h.h.t.HelmChartContainer - [test-hivemq-platform] [hivemq] [f4b534a4] INFO  - Started TCP Listener on address 0.0.0.0 and on port 1883.
2025-01-27 17:07:48,701 INFO c.h.h.t.HelmChartContainer - [test-hivemq-platform] [hivemq] [f4b534a4] INFO  - Started HiveMQ in 31196ms
2025-01-27 17:07:51,375 INFO c.h.h.t.HelmChartContainer - [test-hivemq-platform] [hivemq] [f4b534a4] INFO  - [HiveMQ Platform Operator Init App 1.7.0-SNAPSHOT] Returning Health API response 200 for readiness
2025-01-27 17:07:51,391 INFO c.h.h.t.HelmChartContainer - [POD] test-hivemq-platform-0 [f4b534a4-8f84-4cd1-b208-fb8e8c9f53b8] in helmvolumeclaimtemplatesit was MODIFIED
2025-01-27 17:07:51,402 INFO c.h.h.t.HelmChartContainer - [hivemq-test-hivemq-platform] [hivemq-platform-operator] [10333020] 17:07:51.396 [pool-6-thread-23] DEBUG c.h.p.o.dependants.PodInfoConfigMap - [helmvolu] Desired PodInfo ConfigMap (1 extensions) (1 enabled)
2025-01-27 17:07:51,403 INFO c.h.h.t.HelmChartContainer - [hivemq-test-hivemq-platform] [hivemq-platform-operator] [10333020] 17:07:51.398 [pool-6-thread-23] DEBUG c.h.p.o.dependants.PodInfoConfigMap - [helmvolu] Desired PodInfo ConfigMap (metrics port: 9399) (metrics path: /)
2025-01-27 17:07:51,403 INFO c.h.h.t.HelmChartContainer - [hivemq-test-hivemq-platform] [hivemq-platform-operator] [10333020] 17:07:51.398 [pool-6-thread-23] DEBUG c.h.p.o.dependants.PodInfoConfigMap - [helmvolu] Desired PodInfo ConfigMap (extension state hash: -1817474005)
2025-01-27 17:07:51,403 INFO c.h.h.t.HelmChartContainer - [hivemq-test-hivemq-platform] [hivemq-platform-operator] [10333020] 17:07:51.396 [pool-6-thread-28] DEBUG c.h.p.o.d.PodServiceAccountResource - [helmvolu] Desired PodServiceAccountResource (serviceAccountName: hivemq-platform-pod-test-hivemq-platform)
2025-01-27 17:07:51,403 INFO c.h.h.t.HelmChartContainer - [hivemq-test-hivemq-platform] [hivemq-platform-operator] [10333020] 17:07:51.399 [pool-6-thread-26] DEBUG c.h.p.o.d.PlatformServiceResource - [helmvolu] Desired Platform services (3 services)
2025-01-27 17:07:51,408 INFO c.h.h.t.HelmChartContainer - [hivemq-test-hivemq-platform] [hivemq-platform-operator] [10333020] 17:07:51.407 [pool-6-thread-26] DEBUG c.h.p.o.d.StatefulSetResource - [helmvolu] Desired StatefulSet (2 replicas) for status STARTING (READY)
2025-01-27 17:07:51,417 INFO c.h.h.t.HelmChartContainer - [EVENT] Normal [SuccessfulCreate] create Claim hivemq-pvc-data-test-hivemq-platform-1 Pod test-hivemq-platform-1 in StatefulSet test-hivemq-platform success [helmvolumeclaimtemplatesit:test-hivemq-platform]
2025-01-27 17:07:51,418 INFO c.h.h.t.HelmChartContainer - [EVENT] Normal [WaitForFirstConsumer] waiting for first consumer to be created before binding [helmvolumeclaimtemplatesit:hivemq-pvc-data-test-hivemq-platform-1]
2025-01-27 17:07:51,424 INFO c.h.h.t.HelmChartContainer - [POD] test-hivemq-platform-1 [72159df0-f150-416b-80ab-9a12f053f35a] in helmvolumeclaimtemplatesit was ADDED
2025-01-27 17:07:51,425 INFO c.h.h.t.HelmChartContainer - [EVENT] Normal [SuccessfulCreate] create Pod test-hivemq-platform-1 in StatefulSet test-hivemq-platform successful [helmvolumeclaimtemplatesit:test-hivemq-platform]
2025-01-27 17:07:51,437 INFO c.h.h.t.HelmChartContainer - [EVENT] Normal [ExternalProvisioning] Waiting for a volume to be created either by the external provisioner 'rancher.io/local-path' or manually by the system administrator. If volume creation is delayed, please verify that the provisioner is running and correctly registered. [helmvolumeclaimtemplatesit:hivemq-pvc-data-test-hivemq-platform-1]
2025-01-27 17:07:51,443 INFO c.h.h.t.HelmChartContainer - [hivemq-test-hivemq-platform] [hivemq-platform-operator] [10333020] 17:07:51.442 [ReconcilerExecutor-hivemq-controller-115] INFO  c.h.p.o.HiveMQPlatformReconciler - [helmvolu] Reconciling HiveMQ Platform 'test-hivemq-platform' in namespace 'helmvolumeclaimtemplatesit'
2025-01-27 17:07:51,443 INFO c.h.h.t.HelmChartContainer - [hivemq-test-hivemq-platform] [hivemq-platform-operator] [10333020] 17:07:51.442 [ReconcilerExecutor-hivemq-controller-115] DEBUG c.h.p.o.HiveMQPlatformReconciler - [helmvolu] Custom Resource Status STARTING - HiveMQ Platform is starting (READY)
2025-01-27 17:07:51,443 INFO c.h.h.t.HelmChartContainer - [hivemq-test-hivemq-platform] [hivemq-platform-operator] [10333020] 17:07:51.442 [ReconcilerExecutor-hivemq-controller-115] DEBUG c.h.p.o.HiveMQPlatformReconciler - [helmvolu] Custom Resource Spec (replicas: 2) (extensions: 1)
2025-01-27 17:07:51,449 INFO c.h.h.t.HelmChartContainer - [EVENT] Normal [Provisioning] External provisioner is provisioning volume for claim "helmvolumeclaimtemplatesit/hivemq-pvc-data-test-hivemq-platform-1" [helmvolumeclaimtemplatesit:hivemq-pvc-data-test-hivemq-platform-1]
2025-01-27 17:07:51,502 INFO c.h.h.t.HelmChartContainer - [hivemq-test-hivemq-platform] [hivemq-platform-operator] [10333020] 17:07:51.497 [ReconcilerExecutor-hivemq-controller-115] DEBUG c.h.p.o.HiveMQPlatformReconciler - [helmvolu] StatefulSet Status (revision: test-hivemq-platform-664f48ff7c, replicas: 1, available: 1, ready: 1, current: 1, updated: 1)
2025-01-27 17:07:51,502 INFO c.h.h.t.HelmChartContainer - [hivemq-test-hivemq-platform] [hivemq-platform-operator] [10333020] 17:07:51.497 [ReconcilerExecutor-hivemq-controller-115] DEBUG c.h.p.o.HiveMQPlatformReconciler - [helmvolu] StatefulSet Spec (replicas: 2, init containers: 1, containers: 1, volumes: 4)
2025-01-27 17:07:51,505 INFO c.h.h.t.HelmChartContainer - [hivemq-test-hivemq-platform] [hivemq-platform-operator] [10333020] 17:07:51.499 [ReconcilerExecutor-hivemq-controller-115] DEBUG c.h.p.o.h.HiveMQPlatformReconcilerErrorHandler - [helmvolu] Pod 'test-hivemq-platform-1' phase Pending
2025-01-27 17:07:51,505 INFO c.h.h.t.HelmChartContainer - [hivemq-test-hivemq-platform] [hivemq-platform-operator] [10333020] 17:07:51.500 [ReconcilerExecutor-hivemq-controller-115] DEBUG c.h.p.o.h.HiveMQPlatformReconcilerErrorHandler - [helmvolu] Pod 'test-hivemq-platform-0' phase Running
2025-01-27 17:07:51,505 INFO c.h.h.t.HelmChartContainer - [hivemq-test-hivemq-platform] [hivemq-platform-operator] [10333020] 17:07:51.501 [ReconcilerExecutor-hivemq-controller-115] INFO  c.h.p.o.h.HiveMQPlatformReconcilerBaseHandler - [helmvolu] HiveMQ Platform is starting, 1 of 2 replicas are ready
2025-01-27 17:07:51,507 INFO c.h.h.t.HelmChartContainer - [hivemq-test-hivemq-platform] [hivemq-platform-operator] [10333020] 17:07:51.506 [pool-6-thread-32] DEBUG c.h.p.o.d.PlatformServiceResource - [helmvolu] Desired Platform services (3 services)
2025-01-27 17:07:51,508 INFO c.h.h.t.HelmChartContainer - [hivemq-test-hivemq-platform] [hivemq-platform-operator] [10333020] 17:07:51.507 [pool-6-thread-31] DEBUG c.h.p.o.dependants.PodInfoConfigMap - [helmvolu] Desired PodInfo ConfigMap (1 extensions) (1 enabled)
2025-01-27 17:07:51,508 INFO c.h.h.t.HelmChartContainer - [hivemq-test-hivemq-platform] [hivemq-platform-operator] [10333020] 17:07:51.507 [pool-6-thread-31] DEBUG c.h.p.o.dependants.PodInfoConfigMap - [helmvolu] Desired PodInfo ConfigMap (metrics port: 9399) (metrics path: /)
2025-01-27 17:07:51,508 INFO c.h.h.t.HelmChartContainer - [hivemq-test-hivemq-platform] [hivemq-platform-operator] [10333020] 17:07:51.507 [pool-6-thread-31] DEBUG c.h.p.o.dependants.PodInfoConfigMap - [helmvolu] Desired PodInfo ConfigMap (extension state hash: -1817474005)
2025-01-27 17:07:51,512 INFO c.h.h.t.HelmChartContainer - [hivemq-test-hivemq-platform] [hivemq-platform-operator] [10333020] 17:07:51.509 [pool-6-thread-35] DEBUG c.h.p.o.d.PodServiceAccountResource - [helmvolu] Desired PodServiceAccountResource (serviceAccountName: hivemq-platform-pod-test-hivemq-platform)
2025-01-27 17:07:51,513 INFO c.h.h.t.HelmChartContainer - [POD] helper-pod-create-pvc-68d52741-fe55-4db2-9706-36c101a1ef39 [42cb7fae-6e23-4229-8941-f880d4619146] in kube-system was ADDED
2025-01-27 17:07:51,526 INFO c.h.h.t.HelmChartContainer - [POD] helper-pod-create-pvc-68d52741-fe55-4db2-9706-36c101a1ef39 [42cb7fae-6e23-4229-8941-f880d4619146] in kube-system was MODIFIED
2025-01-27 17:07:51,540 INFO c.h.h.t.HelmChartContainer - [hivemq-test-hivemq-platform] [hivemq-platform-operator] [10333020] 17:07:51.537 [pool-6-thread-37] DEBUG c.h.p.o.d.StatefulSetResource - [helmvolu] Desired StatefulSet (2 replicas) for status STARTING (READY)
2025-01-27 17:07:51,588 INFO c.h.h.t.HelmChartContainer - [K3S] [reconciler_common.go:251] "operationExecutor.VerifyControllerAttachedVolume started for volume \"script\" (UniqueName: \"kubernetes.io/configmap/42cb7fae-6e23-4229-8941-f880d4619146-script\") pod \"helper-pod-create-pvc-68d52741-fe55-4db2-9706-36c101a1ef39\" (UID: \"42cb7fae-6e23-4229-8941-f880d4619146\") " pod="kube-system/helper-pod-create-pvc-68d52741-fe55-4db2-9706-36c101a1ef39"
2025-01-27 17:07:51,588 INFO c.h.h.t.HelmChartContainer - [K3S] [reconciler_common.go:251] "operationExecutor.VerifyControllerAttachedVolume started for volume \"data\" (UniqueName: \"kubernetes.io/host-path/42cb7fae-6e23-4229-8941-f880d4619146-data\") pod \"helper-pod-create-pvc-68d52741-fe55-4db2-9706-36c101a1ef39\" (UID: \"42cb7fae-6e23-4229-8941-f880d4619146\") " pod="kube-system/helper-pod-create-pvc-68d52741-fe55-4db2-9706-36c101a1ef39"
2025-01-27 17:07:51,588 INFO c.h.h.t.HelmChartContainer - [K3S] [reconciler_common.go:251] "operationExecutor.VerifyControllerAttachedVolume started for volume \"kube-api-access-x52pg\" (UniqueName: \"kubernetes.io/projected/42cb7fae-6e23-4229-8941-f880d4619146-kube-api-access-x52pg\") pod \"helper-pod-create-pvc-68d52741-fe55-4db2-9706-36c101a1ef39\" (UID: \"42cb7fae-6e23-4229-8941-f880d4619146\") " pod="kube-system/helper-pod-create-pvc-68d52741-fe55-4db2-9706-36c101a1ef39"
2025-01-27 17:07:51,600 INFO c.h.h.t.HelmChartContainer - [hivemq-test-hivemq-platform] [hivemq-platform-operator] [10333020] 17:07:51.597 [ReconcilerExecutor-hivemq-controller-116] INFO  c.h.p.o.HiveMQPlatformReconciler - [helmvolu] Reconciling HiveMQ Platform 'test-hivemq-platform' in namespace 'helmvolumeclaimtemplatesit'
2025-01-27 17:07:51,600 INFO c.h.h.t.HelmChartContainer - [hivemq-test-hivemq-platform] [hivemq-platform-operator] [10333020] 17:07:51.598 [ReconcilerExecutor-hivemq-controller-116] DEBUG c.h.p.o.HiveMQPlatformReconciler - [helmvolu] Custom Resource Status STARTING - HiveMQ Platform is starting (READY)
2025-01-27 17:07:51,600 INFO c.h.h.t.HelmChartContainer - [hivemq-test-hivemq-platform] [hivemq-platform-operator] [10333020] 17:07:51.598 [ReconcilerExecutor-hivemq-controller-116] DEBUG c.h.p.o.HiveMQPlatformReconciler - [helmvolu] Custom Resource Spec (replicas: 2) (extensions: 1)
2025-01-27 17:07:51,603 INFO c.h.h.t.HelmChartContainer - [hivemq-test-hivemq-platform] [hivemq-platform-operator] [10333020] 17:07:51.601 [ReconcilerExecutor-hivemq-controller-116] DEBUG c.h.p.o.HiveMQPlatformReconciler - [helmvolu] StatefulSet Status (revision: test-hivemq-platform-664f48ff7c, replicas: 2, available: 1, ready: 1, current: 2, updated: 2)
2025-01-27 17:07:51,603 INFO c.h.h.t.HelmChartContainer - [hivemq-test-hivemq-platform] [hivemq-platform-operator] [10333020] 17:07:51.601 [ReconcilerExecutor-hivemq-controller-116] DEBUG c.h.p.o.HiveMQPlatformReconciler - [helmvolu] StatefulSet Spec (replicas: 2, init containers: 1, containers: 1, volumes: 4)
2025-01-27 17:07:51,605 INFO c.h.h.t.HelmChartContainer - [hivemq-test-hivemq-platform] [hivemq-platform-operator] [10333020] 17:07:51.602 [ReconcilerExecutor-hivemq-controller-116] DEBUG c.h.p.o.h.HiveMQPlatformReconcilerErrorHandler - [helmvolu] Pod 'test-hivemq-platform-1' phase Pending
2025-01-27 17:07:51,606 INFO c.h.h.t.HelmChartContainer - [hivemq-test-hivemq-platform] [hivemq-platform-operator] [10333020] 17:07:51.604 [ReconcilerExecutor-hivemq-controller-116] DEBUG c.h.p.o.h.HiveMQPlatformReconcilerErrorHandler - [helmvolu] Pod 'test-hivemq-platform-0' phase Running
2025-01-27 17:07:51,607 INFO c.h.h.t.HelmChartContainer - [hivemq-test-hivemq-platform] [hivemq-platform-operator] [10333020] 17:07:51.606 [ReconcilerExecutor-hivemq-controller-116] INFO  c.h.p.o.h.HiveMQPlatformReconcilerBaseHandler - [helmvolu] HiveMQ Platform is starting, 1 of 2 replicas are ready
2025-01-27 17:07:52,679 INFO c.h.h.t.HelmChartContainer - [POD] helper-pod-create-pvc-68d52741-fe55-4db2-9706-36c101a1ef39 [42cb7fae-6e23-4229-8941-f880d4619146] in kube-system was MODIFIED
2025-01-27 17:07:53,751 INFO c.h.h.t.HelmChartContainer - [POD] helper-pod-create-pvc-68d52741-fe55-4db2-9706-36c101a1ef39 [42cb7fae-6e23-4229-8941-f880d4619146] in kube-system was MODIFIED
2025-01-27 17:07:53,801 INFO c.h.h.t.HelmChartContainer - [K3S] [reconciler_common.go:162] "operationExecutor.UnmountVolume started for volume \"data\" (UniqueName: \"kubernetes.io/host-path/42cb7fae-6e23-4229-8941-f880d4619146-data\") pod \"42cb7fae-6e23-4229-8941-f880d4619146\" (UID: \"42cb7fae-6e23-4229-8941-f880d4619146\") "
2025-01-27 17:07:53,802 INFO c.h.h.t.HelmChartContainer - [K3S] [reconciler_common.go:162] "operationExecutor.UnmountVolume started for volume \"kube-api-access-x52pg\" (UniqueName: \"kubernetes.io/projected/42cb7fae-6e23-4229-8941-f880d4619146-kube-api-access-x52pg\") pod \"42cb7fae-6e23-4229-8941-f880d4619146\" (UID: \"42cb7fae-6e23-4229-8941-f880d4619146\") "
2025-01-27 17:07:53,802 INFO c.h.h.t.HelmChartContainer - [K3S] [reconciler_common.go:162] "operationExecutor.UnmountVolume started for volume \"script\" (UniqueName: \"kubernetes.io/configmap/42cb7fae-6e23-4229-8941-f880d4619146-script\") pod \"42cb7fae-6e23-4229-8941-f880d4619146\" (UID: \"42cb7fae-6e23-4229-8941-f880d4619146\") "
2025-01-27 17:07:53,902 INFO c.h.h.t.HelmChartContainer - [K3S] [reconciler_common.go:299] "Volume detached for volume \"data\" (UniqueName: \"kubernetes.io/host-path/42cb7fae-6e23-4229-8941-f880d4619146-data\") on node \"7305957e3207\" DevicePath \"\""
2025-01-27 17:07:53,902 INFO c.h.h.t.HelmChartContainer - [K3S] [reconciler_common.go:299] "Volume detached for volume \"script\" (UniqueName: \"kubernetes.io/configmap/42cb7fae-6e23-4229-8941-f880d4619146-script\") on node \"7305957e3207\" DevicePath \"\""
2025-01-27 17:07:53,902 INFO c.h.h.t.HelmChartContainer - [K3S] [reconciler_common.go:299] "Volume detached for volume \"kube-api-access-x52pg\" (UniqueName: \"kubernetes.io/projected/42cb7fae-6e23-4229-8941-f880d4619146-kube-api-access-x52pg\") on node \"7305957e3207\" DevicePath \"\""
2025-01-27 17:07:54,536 INFO c.h.h.t.HelmChartContainer - [POD] helper-pod-create-pvc-68d52741-fe55-4db2-9706-36c101a1ef39 [42cb7fae-6e23-4229-8941-f880d4619146] in kube-system was MODIFIED
2025-01-27 17:07:54,541 INFO c.h.h.t.HelmChartContainer - [POD] helper-pod-create-pvc-68d52741-fe55-4db2-9706-36c101a1ef39 [42cb7fae-6e23-4229-8941-f880d4619146] in kube-system was DELETED
2025-01-27 17:07:54,544 INFO c.h.h.t.HelmChartContainer - [EVENT] Normal [ProvisioningSucceeded] Successfully provisioned volume pvc-68d52741-fe55-4db2-9706-36c101a1ef39 [helmvolumeclaimtemplatesit:hivemq-pvc-data-test-hivemq-platform-1]
2025-01-27 17:07:54,675 INFO c.h.h.t.HelmChartContainer - [K3S] [pod_container_deletor.go:80] "Container not found in pod's containers" containerID="ef799978bce81723855422a4e0ff145636905f14e588d01ba2bcdb5a5fdaa63f"
2025-01-27 17:07:54,676 INFO c.h.h.t.HelmChartContainer - [K3S] [status_manager.go:890] "Failed to get status for pod" podUID="42cb7fae-6e23-4229-8941-f880d4619146" pod="kube-system/helper-pod-create-pvc-68d52741-fe55-4db2-9706-36c101a1ef39" err="pods \"helper-pod-create-pvc-68d52741-fe55-4db2-9706-36c101a1ef39\" is forbidden: User \"system:node:7305957e3207\" cannot get resource \"pods\" in API group \"\" in the namespace \"kube-system\": no relationship found between node '7305957e3207' and this object"
2025-01-27 17:07:55,436 INFO c.h.h.t.HelmChartContainer - [K3S] [memory_manager.go:355] "RemoveStaleState removing state" podUID="42cb7fae-6e23-4229-8941-f880d4619146" containerName="helper-pod"
2025-01-27 17:07:55,436 INFO c.h.h.t.HelmChartContainer - [K3S] [status_manager.go:890] "Failed to get status for pod" podUID="42cb7fae-6e23-4229-8941-f880d4619146" pod="kube-system/helper-pod-create-pvc-68d52741-fe55-4db2-9706-36c101a1ef39" err="pods \"helper-pod-create-pvc-68d52741-fe55-4db2-9706-36c101a1ef39\" is forbidden: User \"system:node:7305957e3207\" cannot get resource \"pods\" in API group \"\" in the namespace \"kube-system\": no relationship found between node '7305957e3207' and this object"
2025-01-27 17:07:55,437 INFO c.h.h.t.HelmChartContainer - [POD] test-hivemq-platform-1 [72159df0-f150-416b-80ab-9a12f053f35a] in helmvolumeclaimtemplatesit was MODIFIED
2025-01-27 17:07:55,440 INFO c.h.h.t.HelmChartContainer - [EVENT] Normal [Scheduled] Successfully assigned helmvolumeclaimtemplatesit/test-hivemq-platform-1 to 7305957e3207 [helmvolumeclaimtemplatesit:test-hivemq-platform-1]
2025-01-27 17:07:55,444 INFO c.h.h.t.HelmChartContainer - [hivemq-test-hivemq-platform] [hivemq-platform-operator] [10333020] 17:07:55.442 [pool-6-thread-41] DEBUG c.h.p.o.d.PlatformServiceResource - [helmvolu] Desired Platform services (3 services)
2025-01-27 17:07:55,445 INFO c.h.h.t.HelmChartContainer - [hivemq-test-hivemq-platform] [hivemq-platform-operator] [10333020] 17:07:55.443 [pool-6-thread-43] DEBUG c.h.p.o.d.PodServiceAccountResource - [helmvolu] Desired PodServiceAccountResource (serviceAccountName: hivemq-platform-pod-test-hivemq-platform)
2025-01-27 17:07:55,446 INFO c.h.h.t.HelmChartContainer - [hivemq-test-hivemq-platform] [hivemq-platform-operator] [10333020] 17:07:55.444 [pool-6-thread-48] DEBUG c.h.p.o.dependants.PodInfoConfigMap - [helmvolu] Desired PodInfo ConfigMap (1 extensions) (1 enabled)
2025-01-27 17:07:55,446 INFO c.h.h.t.HelmChartContainer - [hivemq-test-hivemq-platform] [hivemq-platform-operator] [10333020] 17:07:55.444 [pool-6-thread-48] DEBUG c.h.p.o.dependants.PodInfoConfigMap - [helmvolu] Desired PodInfo ConfigMap (metrics port: 9399) (metrics path: /)
2025-01-27 17:07:55,446 INFO c.h.h.t.HelmChartContainer - [hivemq-test-hivemq-platform] [hivemq-platform-operator] [10333020] 17:07:55.444 [pool-6-thread-48] DEBUG c.h.p.o.dependants.PodInfoConfigMap - [helmvolu] Desired PodInfo ConfigMap (extension state hash: -1817474005)
2025-01-27 17:07:55,452 INFO c.h.h.t.HelmChartContainer - [POD] test-hivemq-platform-1 [72159df0-f150-416b-80ab-9a12f053f35a] in helmvolumeclaimtemplatesit was MODIFIED
2025-01-27 17:07:55,454 INFO c.h.h.t.HelmChartContainer - [hivemq-test-hivemq-platform] [hivemq-platform-operator] [10333020] 17:07:55.452 [pool-6-thread-41] DEBUG c.h.p.o.d.StatefulSetResource - [helmvolu] Desired StatefulSet (2 replicas) for status STARTING (READY)
2025-01-27 17:07:55,535 INFO c.h.h.t.HelmChartContainer - [hivemq-test-hivemq-platform] [hivemq-platform-operator] [10333020] 17:07:55.533 [ReconcilerExecutor-hivemq-controller-117] INFO  c.h.p.o.HiveMQPlatformReconciler - [helmvolu] Reconciling HiveMQ Platform 'test-hivemq-platform' in namespace 'helmvolumeclaimtemplatesit'
2025-01-27 17:07:55,535 INFO c.h.h.t.HelmChartContainer - [hivemq-test-hivemq-platform] [hivemq-platform-operator] [10333020] 17:07:55.534 [ReconcilerExecutor-hivemq-controller-117] DEBUG c.h.p.o.HiveMQPlatformReconciler - [helmvolu] Custom Resource Status STARTING - HiveMQ Platform is starting (READY)
2025-01-27 17:07:55,535 INFO c.h.h.t.HelmChartContainer - [hivemq-test-hivemq-platform] [hivemq-platform-operator] [10333020] 17:07:55.534 [ReconcilerExecutor-hivemq-controller-117] DEBUG c.h.p.o.HiveMQPlatformReconciler - [helmvolu] Custom Resource Spec (replicas: 2) (extensions: 1)
2025-01-27 17:07:55,536 INFO c.h.h.t.HelmChartContainer - [hivemq-test-hivemq-platform] [hivemq-platform-operator] [10333020] 17:07:55.536 [ReconcilerExecutor-hivemq-controller-117] DEBUG c.h.p.o.HiveMQPlatformReconciler - [helmvolu] StatefulSet Status (revision: test-hivemq-platform-664f48ff7c, replicas: 2, available: 1, ready: 1, current: 2, updated: 2)
2025-01-27 17:07:55,538 INFO c.h.h.t.HelmChartContainer - [hivemq-test-hivemq-platform] [hivemq-platform-operator] [10333020] 17:07:55.536 [ReconcilerExecutor-hivemq-controller-117] DEBUG c.h.p.o.HiveMQPlatformReconciler - [helmvolu] StatefulSet Spec (replicas: 2, init containers: 1, containers: 1, volumes: 4)
2025-01-27 17:07:55,539 INFO c.h.h.t.HelmChartContainer - [hivemq-test-hivemq-platform] [hivemq-platform-operator] [10333020] 17:07:55.538 [ReconcilerExecutor-hivemq-controller-117] DEBUG c.h.p.o.h.HiveMQPlatformReconcilerErrorHandler - [helmvolu] Pod 'test-hivemq-platform-1' phase Pending
2025-01-27 17:07:55,540 INFO c.h.h.t.HelmChartContainer - [hivemq-test-hivemq-platform] [hivemq-platform-operator] [10333020] 17:07:55.538 [ReconcilerExecutor-hivemq-controller-117] DEBUG c.h.p.o.h.HiveMQPlatformReconcilerErrorHandler - [helmvolu] Pod 'test-hivemq-platform-1' condition 'PodReadyToStartContainers': False
2025-01-27 17:07:55,541 INFO c.h.h.t.HelmChartContainer - [hivemq-test-hivemq-platform] [hivemq-platform-operator] [10333020] 17:07:55.539 [ReconcilerExecutor-hivemq-controller-117] DEBUG c.h.p.o.h.HiveMQPlatformReconcilerErrorHandler - [helmvolu] Pod 'test-hivemq-platform-1' condition 'Initialized': False
2025-01-27 17:07:55,541 INFO c.h.h.t.HelmChartContainer - [hivemq-test-hivemq-platform] [hivemq-platform-operator] [10333020] 17:07:55.539 [ReconcilerExecutor-hivemq-controller-117] DEBUG c.h.p.o.h.HiveMQPlatformReconcilerErrorHandler - [helmvolu] Pod 'test-hivemq-platform-1' condition 'Ready': False
2025-01-27 17:07:55,541 INFO c.h.h.t.HelmChartContainer - [hivemq-test-hivemq-platform] [hivemq-platform-operator] [10333020] 17:07:55.539 [ReconcilerExecutor-hivemq-controller-117] DEBUG c.h.p.o.h.HiveMQPlatformReconcilerErrorHandler - [helmvolu] Pod 'test-hivemq-platform-1' condition 'ContainersReady': False
2025-01-27 17:07:55,541 INFO c.h.h.t.HelmChartContainer - [hivemq-test-hivemq-platform] [hivemq-platform-operator] [10333020] 17:07:55.539 [ReconcilerExecutor-hivemq-controller-117] DEBUG c.h.p.o.h.HiveMQPlatformReconcilerErrorHandler - [helmvolu] Pod 'test-hivemq-platform-1' condition 'PodScheduled': True
2025-01-27 17:07:55,541 INFO c.h.h.t.HelmChartContainer - [hivemq-test-hivemq-platform] [hivemq-platform-operator] [10333020] 17:07:55.539 [ReconcilerExecutor-hivemq-controller-117] DEBUG c.h.p.o.h.HiveMQPlatformReconcilerErrorHandler - [helmvolu] Pod 'test-hivemq-platform-1' containerStatus 'hivemq' (started: false) (ready: false) (waiting: [PodInitializing] null)
2025-01-27 17:07:55,542 INFO c.h.h.t.HelmChartContainer - [hivemq-test-hivemq-platform] [hivemq-platform-operator] [10333020] 17:07:55.541 [ReconcilerExecutor-hivemq-controller-117] DEBUG c.h.p.o.h.HiveMQPlatformReconcilerErrorHandler - [helmvolu] Pod 'test-hivemq-platform-0' phase Running
2025-01-27 17:07:55,543 INFO c.h.h.t.HelmChartContainer - [hivemq-test-hivemq-platform] [hivemq-platform-operator] [10333020] 17:07:55.542 [ReconcilerExecutor-hivemq-controller-117] INFO  c.h.p.o.h.HiveMQPlatformReconcilerBaseHandler - [helmvolu] HiveMQ Platform is starting, 1 of 2 replicas are ready
2025-01-27 17:07:55,548 INFO c.h.h.t.HelmChartContainer - [hivemq-test-hivemq-platform] [hivemq-platform-operator] [10333020] 17:07:55.546 [pool-6-thread-6] DEBUG c.h.p.o.d.PlatformServiceResource - [helmvolu] Desired Platform services (3 services)
2025-01-27 17:07:55,548 INFO c.h.h.t.HelmChartContainer - [hivemq-test-hivemq-platform] [hivemq-platform-operator] [10333020] 17:07:55.547 [pool-6-thread-8] DEBUG c.h.p.o.d.PodServiceAccountResource - [helmvolu] Desired PodServiceAccountResource (serviceAccountName: hivemq-platform-pod-test-hivemq-platform)
2025-01-27 17:07:55,549 INFO c.h.h.t.HelmChartContainer - [hivemq-test-hivemq-platform] [hivemq-platform-operator] [10333020] 17:07:55.548 [pool-6-thread-2] DEBUG c.h.p.o.dependants.PodInfoConfigMap - [helmvolu] Desired PodInfo ConfigMap (1 extensions) (1 enabled)
2025-01-27 17:07:55,549 INFO c.h.h.t.HelmChartContainer - [hivemq-test-hivemq-platform] [hivemq-platform-operator] [10333020] 17:07:55.548 [pool-6-thread-2] DEBUG c.h.p.o.dependants.PodInfoConfigMap - [helmvolu] Desired PodInfo ConfigMap (metrics port: 9399) (metrics path: /)
2025-01-27 17:07:55,549 INFO c.h.h.t.HelmChartContainer - [hivemq-test-hivemq-platform] [hivemq-platform-operator] [10333020] 17:07:55.548 [pool-6-thread-2] DEBUG c.h.p.o.dependants.PodInfoConfigMap - [helmvolu] Desired PodInfo ConfigMap (extension state hash: -1817474005)
2025-01-27 17:07:55,610 INFO c.h.h.t.HelmChartContainer - [K3S] [reconciler_common.go:251] "operationExecutor.VerifyControllerAttachedVolume started for volume \"pvc-68d52741-fe55-4db2-9706-36c101a1ef39\" (UniqueName: \"kubernetes.io/local-volume/pvc-68d52741-fe55-4db2-9706-36c101a1ef39\") pod \"test-hivemq-platform-1\" (UID: \"72159df0-f150-416b-80ab-9a12f053f35a\") " pod="helmvolumeclaimtemplatesit/test-hivemq-platform-1"
2025-01-27 17:07:55,610 INFO c.h.h.t.HelmChartContainer - [K3S] [reconciler_common.go:251] "operationExecutor.VerifyControllerAttachedVolume started for volume \"pod-info\" (UniqueName: \"kubernetes.io/configmap/72159df0-f150-416b-80ab-9a12f053f35a-pod-info\") pod \"test-hivemq-platform-1\" (UID: \"72159df0-f150-416b-80ab-9a12f053f35a\") " pod="helmvolumeclaimtemplatesit/test-hivemq-platform-1"
2025-01-27 17:07:55,610 INFO c.h.h.t.HelmChartContainer - [K3S] [reconciler_common.go:251] "operationExecutor.VerifyControllerAttachedVolume started for volume \"broker-configuration\" (UniqueName: \"kubernetes.io/configmap/72159df0-f150-416b-80ab-9a12f053f35a-broker-configuration\") pod \"test-hivemq-platform-1\" (UID: \"72159df0-f150-416b-80ab-9a12f053f35a\") " pod="helmvolumeclaimtemplatesit/test-hivemq-platform-1"
2025-01-27 17:07:55,610 INFO c.h.h.t.HelmChartContainer - [K3S] [reconciler_common.go:251] "operationExecutor.VerifyControllerAttachedVolume started for volume \"operator-init\" (UniqueName: \"kubernetes.io/empty-dir/72159df0-f150-416b-80ab-9a12f053f35a-operator-init\") pod \"test-hivemq-platform-1\" (UID: \"72159df0-f150-416b-80ab-9a12f053f35a\") " pod="helmvolumeclaimtemplatesit/test-hivemq-platform-1"
2025-01-27 17:07:55,610 INFO c.h.h.t.HelmChartContainer - [K3S] [reconciler_common.go:251] "operationExecutor.VerifyControllerAttachedVolume started for volume \"kube-api-access-89nfz\" (UniqueName: \"kubernetes.io/projected/72159df0-f150-416b-80ab-9a12f053f35a-kube-api-access-89nfz\") pod \"test-hivemq-platform-1\" (UID: \"72159df0-f150-416b-80ab-9a12f053f35a\") " pod="helmvolumeclaimtemplatesit/test-hivemq-platform-1"
2025-01-27 17:07:55,636 INFO c.h.h.t.HelmChartContainer - [hivemq-test-hivemq-platform] [hivemq-platform-operator] [10333020] 17:07:55.635 [pool-6-thread-6] DEBUG c.h.p.o.d.StatefulSetResource - [helmvolu] Desired StatefulSet (2 replicas) for status STARTING (READY)
2025-01-27 17:07:55,638 INFO c.h.h.t.HelmChartContainer - [hivemq-test-hivemq-platform] [hivemq-platform-operator] [10333020] 17:07:55.638 [ReconcilerExecutor-hivemq-controller-118] INFO  c.h.p.o.HiveMQPlatformReconciler - [helmvolu] Reconciling HiveMQ Platform 'test-hivemq-platform' in namespace 'helmvolumeclaimtemplatesit'
2025-01-27 17:07:55,638 INFO c.h.h.t.HelmChartContainer - [hivemq-test-hivemq-platform] [hivemq-platform-operator] [10333020] 17:07:55.638 [ReconcilerExecutor-hivemq-controller-118] DEBUG c.h.p.o.HiveMQPlatformReconciler - [helmvolu] Custom Resource Status STARTING - HiveMQ Platform is starting (READY)
2025-01-27 17:07:55,639 INFO c.h.h.t.HelmChartContainer - [hivemq-test-hivemq-platform] [hivemq-platform-operator] [10333020] 17:07:55.638 [ReconcilerExecutor-hivemq-controller-118] DEBUG c.h.p.o.HiveMQPlatformReconciler - [helmvolu] Custom Resource Spec (replicas: 2) (extensions: 1)
2025-01-27 17:07:55,641 INFO c.h.h.t.HelmChartContainer - [hivemq-test-hivemq-platform] [hivemq-platform-operator] [10333020] 17:07:55.640 [ReconcilerExecutor-hivemq-controller-118] DEBUG c.h.p.o.HiveMQPlatformReconciler - [helmvolu] StatefulSet Status (revision: test-hivemq-platform-664f48ff7c, replicas: 2, available: 1, ready: 1, current: 2, updated: 2)
2025-01-27 17:07:55,644 INFO c.h.h.t.HelmChartContainer - [hivemq-test-hivemq-platform] [hivemq-platform-operator] [10333020] 17:07:55.640 [ReconcilerExecutor-hivemq-controller-118] DEBUG c.h.p.o.HiveMQPlatformReconciler - [helmvolu] StatefulSet Spec (replicas: 2, init containers: 1, containers: 1, volumes: 4)
2025-01-27 17:07:55,644 INFO c.h.h.t.HelmChartContainer - [hivemq-test-hivemq-platform] [hivemq-platform-operator] [10333020] 17:07:55.642 [ReconcilerExecutor-hivemq-controller-118] DEBUG c.h.p.o.h.HiveMQPlatformReconcilerErrorHandler - [helmvolu] Pod 'test-hivemq-platform-1' phase Pending
2025-01-27 17:07:55,645 INFO c.h.h.t.HelmChartContainer - [hivemq-test-hivemq-platform] [hivemq-platform-operator] [10333020] 17:07:55.642 [ReconcilerExecutor-hivemq-controller-118] DEBUG c.h.p.o.h.HiveMQPlatformReconcilerErrorHandler - [helmvolu] Pod 'test-hivemq-platform-1' condition 'PodReadyToStartContainers': False
2025-01-27 17:07:55,645 INFO c.h.h.t.HelmChartContainer - [hivemq-test-hivemq-platform] [hivemq-platform-operator] [10333020] 17:07:55.642 [ReconcilerExecutor-hivemq-controller-118] DEBUG c.h.p.o.h.HiveMQPlatformReconcilerErrorHandler - [helmvolu] Pod 'test-hivemq-platform-1' condition 'Initialized': False
2025-01-27 17:07:55,645 INFO c.h.h.t.HelmChartContainer - [hivemq-test-hivemq-platform] [hivemq-platform-operator] [10333020] 17:07:55.642 [ReconcilerExecutor-hivemq-controller-118] DEBUG c.h.p.o.h.HiveMQPlatformReconcilerErrorHandler - [helmvolu] Pod 'test-hivemq-platform-1' condition 'Ready': False
2025-01-27 17:07:55,645 INFO c.h.h.t.HelmChartContainer - [hivemq-test-hivemq-platform] [hivemq-platform-operator] [10333020] 17:07:55.642 [ReconcilerExecutor-hivemq-controller-118] DEBUG c.h.p.o.h.HiveMQPlatformReconcilerErrorHandler - [helmvolu] Pod 'test-hivemq-platform-1' condition 'ContainersReady': False
2025-01-27 17:07:55,645 INFO c.h.h.t.HelmChartContainer - [hivemq-test-hivemq-platform] [hivemq-platform-operator] [10333020] 17:07:55.642 [ReconcilerExecutor-hivemq-controller-118] DEBUG c.h.p.o.h.HiveMQPlatformReconcilerErrorHandler - [helmvolu] Pod 'test-hivemq-platform-1' condition 'PodScheduled': True
2025-01-27 17:07:55,645 INFO c.h.h.t.HelmChartContainer - [hivemq-test-hivemq-platform] [hivemq-platform-operator] [10333020] 17:07:55.642 [ReconcilerExecutor-hivemq-controller-118] DEBUG c.h.p.o.h.HiveMQPlatformReconcilerErrorHandler - [helmvolu] Pod 'test-hivemq-platform-1' containerStatus 'hivemq' (started: false) (ready: false) (waiting: [PodInitializing] null)
2025-01-27 17:07:55,645 INFO c.h.h.t.HelmChartContainer - [hivemq-test-hivemq-platform] [hivemq-platform-operator] [10333020] 17:07:55.643 [ReconcilerExecutor-hivemq-controller-118] DEBUG c.h.p.o.h.HiveMQPlatformReconcilerErrorHandler - [helmvolu] Pod 'test-hivemq-platform-0' phase Running
2025-01-27 17:07:55,645 INFO c.h.h.t.HelmChartContainer - [hivemq-test-hivemq-platform] [hivemq-platform-operator] [10333020] 17:07:55.644 [ReconcilerExecutor-hivemq-controller-118] INFO  c.h.p.o.h.HiveMQPlatformReconcilerBaseHandler - [helmvolu] HiveMQ Platform is starting, 1 of 2 replicas are ready
2025-01-27 17:07:55,828 INFO c.h.h.t.HelmChartContainer - [EVENT] Normal [Pulled] Container image "docker.io/hivemq/hivemq-platform-operator-init-test:snapshot" already present on machine [helmvolumeclaimtemplatesit:test-hivemq-platform-1]
2025-01-27 17:07:55,834 INFO c.h.h.t.HelmChartContainer - [EVENT] Normal [Created] Created container: hivemq-platform-operator-init [helmvolumeclaimtemplatesit:test-hivemq-platform-1]
2025-01-27 17:07:55,878 INFO c.h.h.t.HelmChartContainer - [EVENT] Normal [Started] Started container hivemq-platform-operator-init [helmvolumeclaimtemplatesit:test-hivemq-platform-1]
2025-01-27 17:07:56,311 INFO c.h.h.t.HelmChartContainer - [K3S] [kubelet_volumes.go:163] "Cleaned up orphaned pod volumes dir" podUID="42cb7fae-6e23-4229-8941-f880d4619146" path="/var/lib/kubelet/pods/42cb7fae-6e23-4229-8941-f880d4619146/volumes"
2025-01-27 17:07:56,683 INFO c.h.h.t.HelmChartContainer - [EVENT] Normal [Pulled] Container image "docker.io/hivemq/hivemq4:4.35.0" already present on machine [helmvolumeclaimtemplatesit:test-hivemq-platform-1]
2025-01-27 17:07:56,683 INFO c.h.h.t.HelmChartContainer - Received Pulled event for container hivemq in pod test-hivemq-platform-1 [72159df0-f150-416b-80ab-9a12f053f35a]
2025-01-27 17:07:56,691 INFO c.h.h.t.HelmChartContainer - [EVENT] Normal [Created] Created container: hivemq [helmvolumeclaimtemplatesit:test-hivemq-platform-1]
2025-01-27 17:07:56,691 INFO c.h.h.t.HelmChartContainer - Received Created event for container hivemq in pod test-hivemq-platform-1 [72159df0-f150-416b-80ab-9a12f053f35a]
2025-01-27 17:07:56,692 INFO c.h.h.t.HelmChartContainer - [POD] test-hivemq-platform-1 [72159df0-f150-416b-80ab-9a12f053f35a] in helmvolumeclaimtemplatesit was MODIFIED
2025-01-27 17:07:56,724 INFO c.h.h.t.HelmChartContainer - [hivemq-test-hivemq-platform] [hivemq-platform-operator] [10333020] 17:07:56.706 [pool-6-thread-17] DEBUG c.h.p.o.dependants.PodInfoConfigMap - [helmvolu] Desired PodInfo ConfigMap (1 extensions) (1 enabled)
2025-01-27 17:07:56,728 INFO c.h.h.t.HelmChartContainer - [hivemq-test-hivemq-platform] [hivemq-platform-operator] [10333020] 17:07:56.706 [pool-6-thread-17] DEBUG c.h.p.o.dependants.PodInfoConfigMap - [helmvolu] Desired PodInfo ConfigMap (metrics port: 9399) (metrics path: /)
2025-01-27 17:07:56,728 INFO c.h.h.t.HelmChartContainer - [hivemq-test-hivemq-platform] [hivemq-platform-operator] [10333020] 17:07:56.706 [pool-6-thread-17] DEBUG c.h.p.o.dependants.PodInfoConfigMap - [helmvolu] Desired PodInfo ConfigMap (extension state hash: -1817474005)
2025-01-27 17:07:56,728 INFO c.h.h.t.HelmChartContainer - [hivemq-test-hivemq-platform] [hivemq-platform-operator] [10333020] 17:07:56.705 [pool-6-thread-19] DEBUG c.h.p.o.d.PlatformServiceResource - [helmvolu] Desired Platform services (3 services)
2025-01-27 17:07:56,728 INFO c.h.h.t.HelmChartContainer - [hivemq-test-hivemq-platform] [hivemq-platform-operator] [10333020] 17:07:56.707 [pool-6-thread-18] DEBUG c.h.p.o.d.PodServiceAccountResource - [helmvolu] Desired PodServiceAccountResource (serviceAccountName: hivemq-platform-pod-test-hivemq-platform)
2025-01-27 17:07:56,729 INFO c.h.h.t.HelmChartContainer - [hivemq-test-hivemq-platform] [hivemq-platform-operator] [10333020] 17:07:56.715 [pool-6-thread-19] DEBUG c.h.p.o.d.StatefulSetResource - [helmvolu] Desired StatefulSet (2 replicas) for status STARTING (READY)
2025-01-27 17:07:56,729 INFO c.h.h.t.HelmChartContainer - [hivemq-test-hivemq-platform] [hivemq-platform-operator] [10333020] 17:07:56.723 [ReconcilerExecutor-hivemq-controller-119] INFO  c.h.p.o.HiveMQPlatformReconciler - [helmvolu] Reconciling HiveMQ Platform 'test-hivemq-platform' in namespace 'helmvolumeclaimtemplatesit'
2025-01-27 17:07:56,729 INFO c.h.h.t.HelmChartContainer - [hivemq-test-hivemq-platform] [hivemq-platform-operator] [10333020] 17:07:56.723 [ReconcilerExecutor-hivemq-controller-119] DEBUG c.h.p.o.HiveMQPlatformReconciler - [helmvolu] Custom Resource Status STARTING - HiveMQ Platform is starting (READY)
2025-01-27 17:07:56,729 INFO c.h.h.t.HelmChartContainer - [hivemq-test-hivemq-platform] [hivemq-platform-operator] [10333020] 17:07:56.723 [ReconcilerExecutor-hivemq-controller-119] DEBUG c.h.p.o.HiveMQPlatformReconciler - [helmvolu] Custom Resource Spec (replicas: 2) (extensions: 1)
2025-01-27 17:07:56,736 INFO c.h.h.t.HelmChartContainer - [hivemq-test-hivemq-platform] [hivemq-platform-operator] [10333020] 17:07:56.725 [ReconcilerExecutor-hivemq-controller-119] DEBUG c.h.p.o.HiveMQPlatformReconciler - [helmvolu] StatefulSet Status (revision: test-hivemq-platform-664f48ff7c, replicas: 2, available: 1, ready: 1, current: 2, updated: 2)
2025-01-27 17:07:56,736 INFO c.h.h.t.HelmChartContainer - [hivemq-test-hivemq-platform] [hivemq-platform-operator] [10333020] 17:07:56.725 [ReconcilerExecutor-hivemq-controller-119] DEBUG c.h.p.o.HiveMQPlatformReconciler - [helmvolu] StatefulSet Spec (replicas: 2, init containers: 1, containers: 1, volumes: 4)
2025-01-27 17:07:56,736 INFO c.h.h.t.HelmChartContainer - [hivemq-test-hivemq-platform] [hivemq-platform-operator] [10333020] 17:07:56.726 [ReconcilerExecutor-hivemq-controller-119] DEBUG c.h.p.o.h.HiveMQPlatformReconcilerErrorHandler - [helmvolu] Pod 'test-hivemq-platform-1' phase Pending
2025-01-27 17:07:56,736 INFO c.h.h.t.HelmChartContainer - [hivemq-test-hivemq-platform] [hivemq-platform-operator] [10333020] 17:07:56.726 [ReconcilerExecutor-hivemq-controller-119] DEBUG c.h.p.o.h.HiveMQPlatformReconcilerErrorHandler - [helmvolu] Pod 'test-hivemq-platform-1' condition 'PodReadyToStartContainers': True
2025-01-27 17:07:56,736 INFO c.h.h.t.HelmChartContainer - [hivemq-test-hivemq-platform] [hivemq-platform-operator] [10333020] 17:07:56.726 [ReconcilerExecutor-hivemq-controller-119] DEBUG c.h.p.o.h.HiveMQPlatformReconcilerErrorHandler - [helmvolu] Pod 'test-hivemq-platform-1' condition 'Initialized': True
2025-01-27 17:07:56,736 INFO c.h.h.t.HelmChartContainer - [hivemq-test-hivemq-platform] [hivemq-platform-operator] [10333020] 17:07:56.726 [ReconcilerExecutor-hivemq-controller-119] DEBUG c.h.p.o.h.HiveMQPlatformReconcilerErrorHandler - [helmvolu] Pod 'test-hivemq-platform-1' condition 'Ready': False
2025-01-27 17:07:56,736 INFO c.h.h.t.HelmChartContainer - [hivemq-test-hivemq-platform] [hivemq-platform-operator] [10333020] 17:07:56.726 [ReconcilerExecutor-hivemq-controller-119] DEBUG c.h.p.o.h.HiveMQPlatformReconcilerErrorHandler - [helmvolu] Pod 'test-hivemq-platform-1' condition 'ContainersReady': False
2025-01-27 17:07:56,736 INFO c.h.h.t.HelmChartContainer - [hivemq-test-hivemq-platform] [hivemq-platform-operator] [10333020] 17:07:56.726 [ReconcilerExecutor-hivemq-controller-119] DEBUG c.h.p.o.h.HiveMQPlatformReconcilerErrorHandler - [helmvolu] Pod 'test-hivemq-platform-1' condition 'PodScheduled': True
2025-01-27 17:07:56,736 INFO c.h.h.t.HelmChartContainer - [hivemq-test-hivemq-platform] [hivemq-platform-operator] [10333020] 17:07:56.726 [ReconcilerExecutor-hivemq-controller-119] DEBUG c.h.p.o.h.HiveMQPlatformReconcilerErrorHandler - [helmvolu] Pod 'test-hivemq-platform-1' containerStatus 'hivemq' (started: false) (ready: false) (waiting: [PodInitializing] null)
2025-01-27 17:07:56,736 INFO c.h.h.t.HelmChartContainer - [hivemq-test-hivemq-platform] [hivemq-platform-operator] [10333020] 17:07:56.727 [ReconcilerExecutor-hivemq-controller-119] DEBUG c.h.p.o.h.HiveMQPlatformReconcilerErrorHandler - [helmvolu] Pod 'test-hivemq-platform-0' phase Running
2025-01-27 17:07:56,743 INFO c.h.h.t.HelmChartContainer - [hivemq-test-hivemq-platform] [hivemq-platform-operator] [10333020] 17:07:56.733 [ReconcilerExecutor-hivemq-controller-119] INFO  c.h.p.o.h.HiveMQPlatformReconcilerBaseHandler - [helmvolu] HiveMQ Platform is starting, 1 of 2 replicas are ready
2025-01-27 17:07:57,695 INFO c.h.h.t.HelmChartContainer - [POD] test-hivemq-platform-1 [72159df0-f150-416b-80ab-9a12f053f35a] in helmvolumeclaimtemplatesit was MODIFIED
2025-01-27 17:07:57,712 INFO c.h.h.t.HelmChartContainer - [EVENT] Normal [Started] Started container hivemq [helmvolumeclaimtemplatesit:test-hivemq-platform-1]
2025-01-27 17:07:57,712 INFO c.h.h.t.HelmChartContainer - Received Started event for container hivemq in pod test-hivemq-platform-1 [72159df0-f150-416b-80ab-9a12f053f35a]
2025-01-27 17:07:57,713 INFO c.h.h.t.HelmChartContainer - Started log watcher for hivemq in pod test-hivemq-platform-1 [72159df0-f150-416b-80ab-9a12f053f35a]
2025-01-27 17:07:57,713 INFO c.h.h.t.HelmChartContainer - [test-hivemq-platform] [hivemq] [72159df0] Adding pre-installed HiveMQ Platform Operator extensions
2025-01-27 17:07:57,713 INFO c.h.h.t.HelmChartContainer - [test-hivemq-platform] [hivemq] [72159df0] Running as user 10000
2025-01-27 17:07:57,713 INFO c.h.h.t.HelmChartContainer - [test-hivemq-platform] [hivemq] [72159df0] Starting HiveMQ Platform Operator Init
2025-01-27 17:07:57,717 INFO c.h.h.t.HelmChartContainer - [hivemq-test-hivemq-platform] [hivemq-platform-operator] [10333020] 17:07:57.715 [pool-6-thread-23] DEBUG c.h.p.o.d.PlatformServiceResource - [helmvolu] Desired Platform services (3 services)
2025-01-27 17:07:57,718 INFO c.h.h.t.HelmChartContainer - [hivemq-test-hivemq-platform] [hivemq-platform-operator] [10333020] 17:07:57.716 [pool-6-thread-21] DEBUG c.h.p.o.dependants.PodInfoConfigMap - [helmvolu] Desired PodInfo ConfigMap (1 extensions) (1 enabled)
2025-01-27 17:07:57,718 INFO c.h.h.t.HelmChartContainer - [hivemq-test-hivemq-platform] [hivemq-platform-operator] [10333020] 17:07:57.716 [pool-6-thread-21] DEBUG c.h.p.o.dependants.PodInfoConfigMap - [helmvolu] Desired PodInfo ConfigMap (metrics port: 9399) (metrics path: /)
2025-01-27 17:07:57,718 INFO c.h.h.t.HelmChartContainer - [hivemq-test-hivemq-platform] [hivemq-platform-operator] [10333020] 17:07:57.716 [pool-6-thread-21] DEBUG c.h.p.o.dependants.PodInfoConfigMap - [helmvolu] Desired PodInfo ConfigMap (extension state hash: -1817474005)
2025-01-27 17:07:57,718 INFO c.h.h.t.HelmChartContainer - [hivemq-test-hivemq-platform] [hivemq-platform-operator] [10333020] 17:07:57.716 [pool-6-thread-27] DEBUG c.h.p.o.d.PodServiceAccountResource - [helmvolu] Desired PodServiceAccountResource (serviceAccountName: hivemq-platform-pod-test-hivemq-platform)
2025-01-27 17:07:57,729 INFO c.h.h.t.HelmChartContainer - [hivemq-test-hivemq-platform] [hivemq-platform-operator] [10333020] 17:07:57.724 [pool-6-thread-21] DEBUG c.h.p.o.d.StatefulSetResource - [helmvolu] Desired StatefulSet (2 replicas) for status STARTING (READY)
2025-01-27 17:07:57,729 INFO c.h.h.t.HelmChartContainer - [hivemq-test-hivemq-platform] [hivemq-platform-operator] [10333020] 17:07:57.728 [ReconcilerExecutor-hivemq-controller-120] INFO  c.h.p.o.HiveMQPlatformReconciler - [helmvolu] Reconciling HiveMQ Platform 'test-hivemq-platform' in namespace 'helmvolumeclaimtemplatesit'
2025-01-27 17:07:57,729 INFO c.h.h.t.HelmChartContainer - [hivemq-test-hivemq-platform] [hivemq-platform-operator] [10333020] 17:07:57.728 [ReconcilerExecutor-hivemq-controller-120] DEBUG c.h.p.o.HiveMQPlatformReconciler - [helmvolu] Custom Resource Status STARTING - HiveMQ Platform is starting (READY)
2025-01-27 17:07:57,729 INFO c.h.h.t.HelmChartContainer - [hivemq-test-hivemq-platform] [hivemq-platform-operator] [10333020] 17:07:57.728 [ReconcilerExecutor-hivemq-controller-120] DEBUG c.h.p.o.HiveMQPlatformReconciler - [helmvolu] Custom Resource Spec (replicas: 2) (extensions: 1)
2025-01-27 17:07:57,730 INFO c.h.h.t.HelmChartContainer - [hivemq-test-hivemq-platform] [hivemq-platform-operator] [10333020] 17:07:57.729 [ReconcilerExecutor-hivemq-controller-120] DEBUG c.h.p.o.HiveMQPlatformReconciler - [helmvolu] StatefulSet Status (revision: test-hivemq-platform-664f48ff7c, replicas: 2, available: 1, ready: 1, current: 2, updated: 2)
2025-01-27 17:07:57,731 INFO c.h.h.t.HelmChartContainer - [hivemq-test-hivemq-platform] [hivemq-platform-operator] [10333020] 17:07:57.729 [ReconcilerExecutor-hivemq-controller-120] DEBUG c.h.p.o.HiveMQPlatformReconciler - [helmvolu] StatefulSet Spec (replicas: 2, init containers: 1, containers: 1, volumes: 4)
2025-01-27 17:07:57,735 INFO c.h.h.t.HelmChartContainer - [hivemq-test-hivemq-platform] [hivemq-platform-operator] [10333020] 17:07:57.734 [ReconcilerExecutor-hivemq-controller-120] DEBUG c.h.p.o.h.HiveMQPlatformReconcilerErrorHandler - [helmvolu] Pod 'test-hivemq-platform-1' phase Running
2025-01-27 17:07:57,741 INFO c.h.h.t.HelmChartContainer - [hivemq-test-hivemq-platform] [hivemq-platform-operator] [10333020] 17:07:57.737 [ReconcilerExecutor-hivemq-controller-120] DEBUG c.h.p.o.h.HiveMQPlatformReconcilerErrorHandler - [helmvolu] Pod 'test-hivemq-platform-0' phase Running
2025-01-27 17:07:57,742 INFO c.h.h.t.HelmChartContainer - [hivemq-test-hivemq-platform] [hivemq-platform-operator] [10333020] 17:07:57.740 [ReconcilerExecutor-hivemq-controller-120] INFO  c.h.p.o.h.HiveMQPlatformReconcilerBaseHandler - [helmvolu] HiveMQ Platform is starting, 1 of 2 replicas are ready
2025-01-27 17:07:58,028 INFO c.h.h.t.HelmChartContainer - [test-hivemq-platform] [hivemq] [72159df0] INFO  - [HiveMQ Platform Operator Init 1.7.0-SNAPSHOT] HiveMQ Platform Operator Init 1.7.0-SNAPSHOT (commit: bebf408 on branch: HEAD) built on Sun Jan 26 20:47:47 UTC 2025
2025-01-27 17:07:59,206 INFO c.h.h.t.HelmChartContainer - [test-hivemq-platform] [hivemq] [72159df0] INFO  - [HiveMQ Platform Operator Init App 1.7.0-SNAPSHOT] Using bind address 10.42.0.12 from environment variable
2025-01-27 17:08:00,226 INFO c.h.h.t.HelmChartContainer - [test-hivemq-platform] [hivemq] [72159df0] INFO  - [HiveMQ Platform Operator Init App 1.7.0-SNAPSHOT] HiveMQ Platform Operator Init App 1.7.0-SNAPSHOT (commit: bebf408 on branch: HEAD) built on Sun Jan 26 20:47:47 UTC 2025
2025-01-27 17:08:00,226 INFO c.h.h.t.HelmChartContainer - [test-hivemq-platform] [hivemq] [72159df0] INFO  - [HiveMQ Platform Operator Init App 1.7.0-SNAPSHOT] PodInfo ConfigMap directory: /etc/podinfo
2025-01-27 17:08:00,227 INFO c.h.h.t.HelmChartContainer - [test-hivemq-platform] [hivemq] [72159df0] INFO  - [HiveMQ Platform Operator Init App 1.7.0-SNAPSHOT] HiveMQ home directory: /opt/hivemq
2025-01-27 17:08:00,227 INFO c.h.h.t.HelmChartContainer - [test-hivemq-platform] [hivemq] [72159df0] INFO  - [HiveMQ Platform Operator Init App 1.7.0-SNAPSHOT] HiveMQ Logback folder: /opt/hivemq/conf
2025-01-27 17:08:00,227 INFO c.h.h.t.HelmChartContainer - [test-hivemq-platform] [hivemq] [72159df0] INFO  - [HiveMQ Platform Operator Init App 1.7.0-SNAPSHOT] HiveMQ Config folder: /opt/hivemq/conf-k8s
2025-01-27 17:08:00,227 INFO c.h.h.t.HelmChartContainer - [test-hivemq-platform] [hivemq] [72159df0] INFO  - [HiveMQ Platform Operator Init App 1.7.0-SNAPSHOT] Starting HiveMQ Platform Operator Init App
2025-01-27 17:08:00,228 INFO c.h.h.t.HelmChartContainer - [test-hivemq-platform] [hivemq] [72159df0] INFO  - [HiveMQ Platform Operator Init App 1.7.0-SNAPSHOT] Starting Pod reconciler
2025-01-27 17:08:01,625 INFO c.h.h.t.HelmChartContainer - [test-hivemq-platform] [hivemq] [72159df0] INFO  - [HiveMQ Platform Operator Init App 1.7.0-SNAPSHOT] Pod reconciler is scheduled (interval: 5000 ms)
2025-01-27 17:08:01,626 INFO c.h.h.t.HelmChartContainer - [test-hivemq-platform] [hivemq] [72159df0] INFO  - [HiveMQ Platform Operator Init App 1.7.0-SNAPSHOT] Starting the REST API on 10.42.0.12:7979
2025-01-27 17:08:01,629 INFO c.h.h.t.HelmChartContainer - [test-hivemq-platform] [hivemq] [72159df0] INFO  - [HiveMQ Platform Operator Init App 1.7.0-SNAPSHOT] Waiting up to 600s for at most 2 HiveMQ nodes in cluster service hivemq-test-hivemq-platform-cluster.helmvolumeclaimtemplatesit.svc
2025-01-27 17:08:02,008 INFO c.h.h.t.HelmChartContainer - [test-hivemq-platform] [hivemq] [72159df0] INFO  - [HiveMQ Platform Operator Init App 1.7.0-SNAPSHOT] Resolved 2 IP addresses: [10.42.0.10, 10.42.0.12]
2025-01-27 17:08:02,008 INFO c.h.h.t.HelmChartContainer - [test-hivemq-platform] [hivemq] [72159df0] INFO  - [HiveMQ Platform Operator Init App 1.7.0-SNAPSHOT] HiveMQ node count of 2 is within threshold of 2
2025-01-27 17:08:02,008 INFO c.h.h.t.HelmChartContainer - [test-hivemq-platform] [hivemq] [72159df0] INFO  - [HiveMQ Platform Operator Init App 1.7.0-SNAPSHOT] Proceeding with container start
2025-01-27 17:08:02,101 INFO c.h.h.t.HelmChartContainer - [test-hivemq-platform] [hivemq] [72159df0] INFO  - [HiveMQ Platform Operator Init App 1.7.0-SNAPSHOT] Initializing HiveMQ Platform extensions with initial configuration: {hivemq-allow-all-extension={start-priority=-1, skip-https-hostname-verification=false, restart=true, config-version=0, header-version=0, c-uri=, priority=-1, uri=preinstalled, skip-https-certificate-validation=false, enabled=true}, hivemq-prometheus-extension={priority=-1, start-priority=-1, c-uri=, skip-https-hostname-verification=false, skip-https-certificate-validation=false, uri=preinstalled, request-header-path=no-request-headers, enabled=true, restart=true}}
2025-01-27 17:08:02,599 INFO c.h.h.t.HelmChartContainer - [test-hivemq-platform] [hivemq] [72159df0] INFO  - [HiveMQ Platform Operator Init App 1.7.0-SNAPSHOT] Extension hivemq-allow-all-extension was already enabled
2025-01-27 17:08:02,691 INFO c.h.h.t.HelmChartContainer - [test-hivemq-platform] [hivemq] [72159df0] INFO  - [HiveMQ Platform Operator Init App 1.7.0-SNAPSHOT] Successfully enabled extension hivemq-prometheus-extension
2025-01-27 17:08:02,693 INFO c.h.h.t.HelmChartContainer - [test-hivemq-platform] [hivemq] [72159df0] INFO  - [HiveMQ Platform Operator Init App 1.7.0-SNAPSHOT] Starting HiveMQ Platform version 4.35.0 (4.35.0)
2025-01-27 17:08:02,693 INFO c.h.h.t.HelmChartContainer - [test-hivemq-platform] [hivemq] [72159df0] INFO  - [HiveMQ Platform Operator Init App 1.7.0-SNAPSHOT] Configuring the HiveMQ Platform
2025-01-27 17:08:02,724 INFO c.h.h.t.HelmChartContainer - [test-hivemq-platform] [hivemq] [72159df0] INFO  - [HiveMQ Platform Operator Init App 1.7.0-SNAPSHOT] Changed logback.xml file scan period to 20 seconds
2025-01-27 17:08:02,821 INFO c.h.h.t.HelmChartContainer - [test-hivemq-platform] [hivemq] [72159df0] INFO  - [HiveMQ Platform Operator Init App 1.7.0-SNAPSHOT] Starting the HiveMQ Platform
2025-01-27 17:08:02,824 INFO c.h.h.t.HelmChartContainer - [test-hivemq-platform] [hivemq] [72159df0] -------------------------------------------------------------------------
2025-01-27 17:08:02,824 INFO c.h.h.t.HelmChartContainer - [test-hivemq-platform] [hivemq] [72159df0] 
2025-01-27 17:08:02,824 INFO c.h.h.t.HelmChartContainer - [test-hivemq-platform] [hivemq] [72159df0]                   _    _  _              __  __   ____
2025-01-27 17:08:02,824 INFO c.h.h.t.HelmChartContainer - [test-hivemq-platform] [hivemq] [72159df0]                  | |  | |(_)            |  \/  | / __ \
2025-01-27 17:08:02,824 INFO c.h.h.t.HelmChartContainer - [test-hivemq-platform] [hivemq] [72159df0]                  | |__| | _ __   __ ___ | \  / || |  | |
2025-01-27 17:08:02,825 INFO c.h.h.t.HelmChartContainer - [test-hivemq-platform] [hivemq] [72159df0]                  |  __  || |\ \ / // _ \| |\/| || |  | |
2025-01-27 17:08:02,825 INFO c.h.h.t.HelmChartContainer - [test-hivemq-platform] [hivemq] [72159df0]                  | |  | || | \ V /|  __/| |  | || |__| |
2025-01-27 17:08:02,825 INFO c.h.h.t.HelmChartContainer - [test-hivemq-platform] [hivemq] [72159df0]                  |_|  |_||_|  \_/  \___||_|  |_| \___\_\
2025-01-27 17:08:02,825 INFO c.h.h.t.HelmChartContainer - [test-hivemq-platform] [hivemq] [72159df0] 
2025-01-27 17:08:02,825 INFO c.h.h.t.HelmChartContainer - [test-hivemq-platform] [hivemq] [72159df0] -------------------------------------------------------------------------
2025-01-27 17:08:02,825 INFO c.h.h.t.HelmChartContainer - [test-hivemq-platform] [hivemq] [72159df0] 
2025-01-27 17:08:02,825 INFO c.h.h.t.HelmChartContainer - [test-hivemq-platform] [hivemq] [72159df0]   HiveMQ Start Script for Linux/Unix v1.14
2025-01-27 17:08:02,825 INFO c.h.h.t.HelmChartContainer - [test-hivemq-platform] [hivemq] [72159df0] 
2025-01-27 17:08:02,999 INFO c.h.h.t.HelmChartContainer - [test-hivemq-platform] [hivemq] [72159df0] -------------------------------------------------------------------------
2025-01-27 17:08:02,999 INFO c.h.h.t.HelmChartContainer - [test-hivemq-platform] [hivemq] [72159df0] 
2025-01-27 17:08:02,999 INFO c.h.h.t.HelmChartContainer - [test-hivemq-platform] [hivemq] [72159df0]   HIVEMQ_HOME: /opt/hivemq
2025-01-27 17:08:02,999 INFO c.h.h.t.HelmChartContainer - [test-hivemq-platform] [hivemq] [72159df0] 
2025-01-27 17:08:02,999 INFO c.h.h.t.HelmChartContainer - [test-hivemq-platform] [hivemq] [72159df0]   JAVA_OPTS: -XX:+UnlockExperimentalVMOptions -XX:InitialRAMPercentage=50 -XX:MaxRAMPercentage=50 -Djava.net.preferIPv4Stack=true --add-opens java.base/java.lang=ALL-UNNAMED --add-opens java.base/java.nio=ALL-UNNAMED --add-opens java.base/sun.nio.ch=ALL-UNNAMED --add-opens jdk.management/com.sun.management.internal=ALL-UNNAMED --add-exports java.base/jdk.internal.misc=ALL-UNNAMED -Djava.security.egd=file:/dev/./urandom -Dcom.sun.management.jmxremote -Dcom.sun.management.jmxremote.port=9010 -Dcom.sun.management.jmxremote.local.only=false -Dcom.sun.management.jmxremote.authenticate=false -Dcom.sun.management.jmxremote.ssl=false -Duser.language=en -Duser.region=US -XX:+CrashOnOutOfMemoryError -XX:+HeapDumpOnOutOfMemoryError
2025-01-27 17:08:02,999 INFO c.h.h.t.HelmChartContainer - [test-hivemq-platform] [hivemq] [72159df0] 
2025-01-27 17:08:02,999 INFO c.h.h.t.HelmChartContainer - [test-hivemq-platform] [hivemq] [72159df0]   JAVA_VERSION: 21
2025-01-27 17:08:02,999 INFO c.h.h.t.HelmChartContainer - [test-hivemq-platform] [hivemq] [72159df0] 
2025-01-27 17:08:02,999 INFO c.h.h.t.HelmChartContainer - [test-hivemq-platform] [hivemq] [72159df0] -------------------------------------------------------------------------
2025-01-27 17:08:02,999 INFO c.h.h.t.HelmChartContainer - [test-hivemq-platform] [hivemq] [72159df0] 
2025-01-27 17:08:03,700 INFO c.h.h.t.HelmChartContainer - [test-hivemq-platform] [hivemq] [72159df0] INFO  - [HiveMQ Platform Operator Init App 1.7.0-SNAPSHOT] Returning default Health API response 503 for readiness
2025-01-27 17:08:04,100 INFO c.h.h.t.HelmChartContainer - [EVENT] Warning [Unhealthy] Readiness probe failed: HTTP probe failed with statuscode: 503 [helmvolumeclaimtemplatesit:test-hivemq-platform-1]
2025-01-27 17:08:04,100 INFO c.h.h.t.HelmChartContainer - Received Unhealthy event for container hivemq in pod test-hivemq-platform-1 [72159df0-f150-416b-80ab-9a12f053f35a]
2025-01-27 17:08:05,921 INFO c.h.h.t.HelmChartContainer - [test-hivemq-platform] [hivemq] [72159df0] INFO  - Starting HiveMQ Enterprise Server
2025-01-27 17:08:05,990 INFO c.h.h.t.HelmChartContainer - [test-hivemq-platform] [hivemq] [72159df0] INFO  - HiveMQ version: 4.35.0
2025-01-27 17:08:05,990 INFO c.h.h.t.HelmChartContainer - [test-hivemq-platform] [hivemq] [72159df0] INFO  - HiveMQ home directory: /opt/hivemq
2025-01-27 17:08:05,991 INFO c.h.h.t.HelmChartContainer - [test-hivemq-platform] [hivemq] [72159df0] INFO  - Log Configuration was overridden by /opt/hivemq/conf/logback.xml
2025-01-27 17:08:06,896 INFO c.h.h.t.HelmChartContainer - [test-hivemq-platform] [hivemq] [f4b534a4] INFO  - [HiveMQ Platform Operator Init App 1.7.0-SNAPSHOT] Returning Health API response 200 for liveness
2025-01-27 17:08:07,596 INFO c.h.h.t.HelmChartContainer - [test-hivemq-platform] [hivemq] [72159df0] INFO  - Successfully loaded configuration from '/opt/hivemq/conf-k8s/config.xml'.
2025-01-27 17:08:07,746 INFO c.h.h.t.HelmChartContainer - [hivemq-test-hivemq-platform] [hivemq-platform-operator] [10333020] 17:08:07.744 [pool-6-thread-31] DEBUG c.h.p.o.d.PlatformServiceResource - [helmvolu] Desired Platform services (3 services)
2025-01-27 17:08:07,747 INFO c.h.h.t.HelmChartContainer - [hivemq-test-hivemq-platform] [hivemq-platform-operator] [10333020] 17:08:07.745 [pool-6-thread-33] DEBUG c.h.p.o.dependants.PodInfoConfigMap - [helmvolu] Desired PodInfo ConfigMap (1 extensions) (1 enabled)
2025-01-27 17:08:07,748 INFO c.h.h.t.HelmChartContainer - [hivemq-test-hivemq-platform] [hivemq-platform-operator] [10333020] 17:08:07.745 [pool-6-thread-35] DEBUG c.h.p.o.d.PodServiceAccountResource - [helmvolu] Desired PodServiceAccountResource (serviceAccountName: hivemq-platform-pod-test-hivemq-platform)
2025-01-27 17:08:07,748 INFO c.h.h.t.HelmChartContainer - [hivemq-test-hivemq-platform] [hivemq-platform-operator] [10333020] 17:08:07.747 [pool-6-thread-33] DEBUG c.h.p.o.dependants.PodInfoConfigMap - [helmvolu] Desired PodInfo ConfigMap (metrics port: 9399) (metrics path: /)
2025-01-27 17:08:07,749 INFO c.h.h.t.HelmChartContainer - [hivemq-test-hivemq-platform] [hivemq-platform-operator] [10333020] 17:08:07.747 [pool-6-thread-33] DEBUG c.h.p.o.dependants.PodInfoConfigMap - [helmvolu] Desired PodInfo ConfigMap (extension state hash: -1817474005)
2025-01-27 17:08:07,751 INFO c.h.h.t.HelmChartContainer - [hivemq-test-hivemq-platform] [hivemq-platform-operator] [10333020] 17:08:07.751 [pool-6-thread-31] DEBUG c.h.p.o.d.StatefulSetResource - [helmvolu] Desired StatefulSet (2 replicas) for status STARTING (READY)
2025-01-27 17:08:07,755 INFO c.h.h.t.HelmChartContainer - [hivemq-test-hivemq-platform] [hivemq-platform-operator] [10333020] 17:08:07.753 [ReconcilerExecutor-hivemq-controller-121] INFO  c.h.p.o.HiveMQPlatformReconciler - [helmvolu] Reconciling HiveMQ Platform 'test-hivemq-platform' in namespace 'helmvolumeclaimtemplatesit'
2025-01-27 17:08:07,755 INFO c.h.h.t.HelmChartContainer - [hivemq-test-hivemq-platform] [hivemq-platform-operator] [10333020] 17:08:07.753 [ReconcilerExecutor-hivemq-controller-121] DEBUG c.h.p.o.HiveMQPlatformReconciler - [helmvolu] Custom Resource Status STARTING - HiveMQ Platform is starting (READY)
2025-01-27 17:08:07,755 INFO c.h.h.t.HelmChartContainer - [hivemq-test-hivemq-platform] [hivemq-platform-operator] [10333020] 17:08:07.753 [ReconcilerExecutor-hivemq-controller-121] DEBUG c.h.p.o.HiveMQPlatformReconciler - [helmvolu] Custom Resource Spec (replicas: 2) (extensions: 1)
2025-01-27 17:08:07,757 INFO c.h.h.t.HelmChartContainer - [hivemq-test-hivemq-platform] [hivemq-platform-operator] [10333020] 17:08:07.756 [ReconcilerExecutor-hivemq-controller-121] DEBUG c.h.p.o.HiveMQPlatformReconciler - [helmvolu] StatefulSet Status (revision: test-hivemq-platform-664f48ff7c, replicas: 2, available: 1, ready: 1, current: 2, updated: 2)
2025-01-27 17:08:07,757 INFO c.h.h.t.HelmChartContainer - [hivemq-test-hivemq-platform] [hivemq-platform-operator] [10333020] 17:08:07.756 [ReconcilerExecutor-hivemq-controller-121] DEBUG c.h.p.o.HiveMQPlatformReconciler - [helmvolu] StatefulSet Spec (replicas: 2, init containers: 1, containers: 1, volumes: 4)
2025-01-27 17:08:07,759 INFO c.h.h.t.HelmChartContainer - [hivemq-test-hivemq-platform] [hivemq-platform-operator] [10333020] 17:08:07.758 [ReconcilerExecutor-hivemq-controller-121] DEBUG c.h.p.o.h.HiveMQPlatformReconcilerErrorHandler - [helmvolu] Pod 'test-hivemq-platform-1' phase Running
2025-01-27 17:08:07,766 INFO c.h.h.t.HelmChartContainer - [hivemq-test-hivemq-platform] [hivemq-platform-operator] [10333020] 17:08:07.765 [ReconcilerExecutor-hivemq-controller-121] DEBUG c.h.p.o.h.HiveMQPlatformReconcilerErrorHandler - [helmvolu] Pod 'test-hivemq-platform-0' phase Running
2025-01-27 17:08:07,767 INFO c.h.h.t.HelmChartContainer - [hivemq-test-hivemq-platform] [hivemq-platform-operator] [10333020] 17:08:07.766 [ReconcilerExecutor-hivemq-controller-121] INFO  c.h.p.o.h.HiveMQPlatformReconcilerBaseHandler - [helmvolu] HiveMQ Platform is starting, 1 of 2 replicas are ready
2025-01-27 17:08:08,198 INFO c.h.h.t.HelmChartContainer - [test-hivemq-platform] [hivemq] [72159df0] INFO  - This node's ID is zWblo
2025-01-27 17:08:08,198 INFO c.h.h.t.HelmChartContainer - [test-hivemq-platform] [hivemq] [72159df0] INFO  - Clustering is enabled
2025-01-27 17:08:09,096 INFO c.h.h.t.HelmChartContainer - [test-hivemq-platform] [hivemq] [72159df0] WARN  - [HiveMQ Platform Operator Init App 1.7.0-SNAPSHOT] Cannot connect to Health API for readiness: null
2025-01-27 17:08:09,103 INFO c.h.h.t.HelmChartContainer - [EVENT] Warning [Unhealthy] Readiness probe failed: HTTP probe failed with statuscode: 503 [helmvolumeclaimtemplatesit:test-hivemq-platform-1]
2025-01-27 17:08:09,104 INFO c.h.h.t.HelmChartContainer - Received Unhealthy event for container hivemq in pod test-hivemq-platform-1 [72159df0-f150-416b-80ab-9a12f053f35a]
2025-01-27 17:08:12,822 INFO c.h.h.t.HelmChartContainer - [test-hivemq-platform] [hivemq] [72159df0] Jan 27, 2025 5:08:12 PM io.vertx.core.impl.BlockedThreadChecker
2025-01-27 17:08:12,822 INFO c.h.h.t.HelmChartContainer - [test-hivemq-platform] [hivemq] [72159df0] WARNING: Thread Thread[vert.x-eventloop-thread-1,5,main] has been blocked for 2895 ms, time limit is 2000 ms
2025-01-27 17:08:13,195 INFO c.h.h.t.HelmChartContainer - [test-hivemq-platform] [hivemq] [72159df0] INFO  - [HiveMQ Platform Operator Init App 1.7.0-SNAPSHOT] Updating Pod HiveMQ Platform Operator Init App version annotation (version: 1.7.0-SNAPSHOT)
2025-01-27 17:08:13,695 INFO c.h.h.t.HelmChartContainer - [test-hivemq-platform] [hivemq] [72159df0] WARN  - [HiveMQ Platform Operator Init App 1.7.0-SNAPSHOT] Cannot connect to Health API for readiness: null
2025-01-27 17:08:13,701 INFO c.h.h.t.HelmChartContainer - [EVENT] Warning [Unhealthy] Readiness probe failed: HTTP probe failed with statuscode: 503 [helmvolumeclaimtemplatesit:test-hivemq-platform-1]
2025-01-27 17:08:13,702 INFO c.h.h.t.HelmChartContainer - Received Unhealthy event for container hivemq in pod test-hivemq-platform-1 [72159df0-f150-416b-80ab-9a12f053f35a]
2025-01-27 17:08:13,931 INFO c.h.h.t.HelmChartContainer - [POD] test-hivemq-platform-1 [72159df0-f150-416b-80ab-9a12f053f35a] in helmvolumeclaimtemplatesit was MODIFIED
2025-01-27 17:08:13,939 INFO c.h.h.t.HelmChartContainer - [hivemq-test-hivemq-platform] [hivemq-platform-operator] [10333020] 17:08:13.936 [pool-6-thread-45] DEBUG c.h.p.o.dependants.PodInfoConfigMap - [helmvolu] Desired PodInfo ConfigMap (1 extensions) (1 enabled)
2025-01-27 17:08:13,939 INFO c.h.h.t.HelmChartContainer - [hivemq-test-hivemq-platform] [hivemq-platform-operator] [10333020] 17:08:13.939 [pool-6-thread-45] DEBUG c.h.p.o.dependants.PodInfoConfigMap - [helmvolu] Desired PodInfo ConfigMap (metrics port: 9399) (metrics path: /)
2025-01-27 17:08:13,940 INFO c.h.h.t.HelmChartContainer - [hivemq-test-hivemq-platform] [hivemq-platform-operator] [10333020] 17:08:13.939 [pool-6-thread-45] DEBUG c.h.p.o.dependants.PodInfoConfigMap - [helmvolu] Desired PodInfo ConfigMap (extension state hash: -1817474005)
2025-01-27 17:08:13,941 INFO c.h.h.t.HelmChartContainer - [hivemq-test-hivemq-platform] [hivemq-platform-operator] [10333020] 17:08:13.936 [pool-6-thread-42] DEBUG c.h.p.o.d.PlatformServiceResource - [helmvolu] Desired Platform services (3 services)
2025-01-27 17:08:13,943 INFO c.h.h.t.HelmChartContainer - [hivemq-test-hivemq-platform] [hivemq-platform-operator] [10333020] 17:08:13.937 [pool-6-thread-48] DEBUG c.h.p.o.d.PodServiceAccountResource - [helmvolu] Desired PodServiceAccountResource (serviceAccountName: hivemq-platform-pod-test-hivemq-platform)
2025-01-27 17:08:13,952 INFO c.h.h.t.HelmChartContainer - [hivemq-test-hivemq-platform] [hivemq-platform-operator] [10333020] 17:08:13.949 [pool-6-thread-41] DEBUG c.h.p.o.d.StatefulSetResource - [helmvolu] Desired StatefulSet (2 replicas) for status STARTING (READY)
2025-01-27 17:08:13,953 INFO c.h.h.t.HelmChartContainer - [hivemq-test-hivemq-platform] [hivemq-platform-operator] [10333020] 17:08:13.952 [ReconcilerExecutor-hivemq-controller-122] INFO  c.h.p.o.HiveMQPlatformReconciler - [helmvolu] Reconciling HiveMQ Platform 'test-hivemq-platform' in namespace 'helmvolumeclaimtemplatesit'
2025-01-27 17:08:13,954 INFO c.h.h.t.HelmChartContainer - [hivemq-test-hivemq-platform] [hivemq-platform-operator] [10333020] 17:08:13.952 [ReconcilerExecutor-hivemq-controller-122] DEBUG c.h.p.o.HiveMQPlatformReconciler - [helmvolu] Custom Resource Status STARTING - HiveMQ Platform is starting (READY)
2025-01-27 17:08:13,954 INFO c.h.h.t.HelmChartContainer - [hivemq-test-hivemq-platform] [hivemq-platform-operator] [10333020] 17:08:13.953 [ReconcilerExecutor-hivemq-controller-122] DEBUG c.h.p.o.HiveMQPlatformReconciler - [helmvolu] Custom Resource Spec (replicas: 2) (extensions: 1)
2025-01-27 17:08:13,994 INFO c.h.h.t.HelmChartContainer - [test-hivemq-platform] [hivemq] [72159df0] WARN  - [HiveMQ Platform Operator Init App 1.7.0-SNAPSHOT] Cannot connect to Health API for readiness: null
2025-01-27 17:08:14,003 INFO c.h.h.t.HelmChartContainer - [EVENT] Warning [Unhealthy] Readiness probe failed: HTTP probe failed with statuscode: 503 [helmvolumeclaimtemplatesit:test-hivemq-platform-1]
2025-01-27 17:08:14,003 INFO c.h.h.t.HelmChartContainer - Received Unhealthy event for container hivemq in pod test-hivemq-platform-1 [72159df0-f150-416b-80ab-9a12f053f35a]
2025-01-27 17:08:14,022 INFO c.h.h.t.HelmChartContainer - [test-hivemq-platform] [hivemq] [72159df0] INFO  - [HiveMQ Platform Operator Init App 1.7.0-SNAPSHOT] Successfully updated Pod HiveMQ Platform Operator Init App version annotation (version: 1.7.0-SNAPSHOT)
2025-01-27 17:08:14,032 INFO c.h.h.t.HelmChartContainer - [hivemq-test-hivemq-platform] [hivemq-platform-operator] [10333020] 17:08:14.031 [ReconcilerExecutor-hivemq-controller-122] DEBUG c.h.p.o.HiveMQPlatformReconciler - [helmvolu] StatefulSet Status (revision: test-hivemq-platform-664f48ff7c, replicas: 2, available: 1, ready: 1, current: 2, updated: 2)
2025-01-27 17:08:14,032 INFO c.h.h.t.HelmChartContainer - [hivemq-test-hivemq-platform] [hivemq-platform-operator] [10333020] 17:08:14.031 [ReconcilerExecutor-hivemq-controller-122] DEBUG c.h.p.o.HiveMQPlatformReconciler - [helmvolu] StatefulSet Spec (replicas: 2, init containers: 1, containers: 1, volumes: 4)
2025-01-27 17:08:14,034 INFO c.h.h.t.HelmChartContainer - [hivemq-test-hivemq-platform] [hivemq-platform-operator] [10333020] 17:08:14.033 [ReconcilerExecutor-hivemq-controller-122] DEBUG c.h.p.o.h.HiveMQPlatformReconcilerErrorHandler - [helmvolu] Pod 'test-hivemq-platform-1' phase Running
2025-01-27 17:08:14,035 INFO c.h.h.t.HelmChartContainer - [hivemq-test-hivemq-platform] [hivemq-platform-operator] [10333020] 17:08:14.035 [ReconcilerExecutor-hivemq-controller-122] DEBUG c.h.p.o.h.HiveMQPlatformReconcilerErrorHandler - [helmvolu] Pod 'test-hivemq-platform-0' phase Running
2025-01-27 17:08:14,037 INFO c.h.h.t.HelmChartContainer - [hivemq-test-hivemq-platform] [hivemq-platform-operator] [10333020] 17:08:14.036 [ReconcilerExecutor-hivemq-controller-122] INFO  c.h.p.o.h.HiveMQPlatformReconcilerBaseHandler - [helmvolu] HiveMQ Platform is starting, 1 of 2 replicas are ready
2025-01-27 17:08:18,993 INFO c.h.h.t.HelmChartContainer - [test-hivemq-platform] [hivemq] [72159df0] WARN  - [HiveMQ Platform Operator Init App 1.7.0-SNAPSHOT] Cannot connect to Health API for readiness: null
2025-01-27 17:08:18,997 INFO c.h.h.t.HelmChartContainer - [EVENT] Warning [Unhealthy] Readiness probe failed: HTTP probe failed with statuscode: 503 [helmvolumeclaimtemplatesit:test-hivemq-platform-1]
2025-01-27 17:08:18,997 INFO c.h.h.t.HelmChartContainer - Received Unhealthy event for container hivemq in pod test-hivemq-platform-1 [72159df0-f150-416b-80ab-9a12f053f35a]
2025-01-27 17:08:24,025 INFO c.h.h.t.HelmChartContainer - [test-hivemq-platform] [hivemq] [72159df0] WARN  - [HiveMQ Platform Operator Init App 1.7.0-SNAPSHOT] Cannot connect to Health API for readiness: null
2025-01-27 17:08:24,029 INFO c.h.h.t.HelmChartContainer - [EVENT] Warning [Unhealthy] Readiness probe failed: HTTP probe failed with statuscode: 503 [helmvolumeclaimtemplatesit:test-hivemq-platform-1]
2025-01-27 17:08:24,029 INFO c.h.h.t.HelmChartContainer - Received Unhealthy event for container hivemq in pod test-hivemq-platform-1 [72159df0-f150-416b-80ab-9a12f053f35a]
2025-01-27 17:08:24,042 INFO c.h.h.t.HelmChartContainer - [hivemq-test-hivemq-platform] [hivemq-platform-operator] [10333020] 17:08:24.040 [pool-6-thread-2] DEBUG c.h.p.o.d.PlatformServiceResource - [helmvolu] Desired Platform services (3 services)
2025-01-27 17:08:24,044 INFO c.h.h.t.HelmChartContainer - [hivemq-test-hivemq-platform] [hivemq-platform-operator] [10333020] 17:08:24.041 [pool-6-thread-5] DEBUG c.h.p.o.d.PodServiceAccountResource - [helmvolu] Desired PodServiceAccountResource (serviceAccountName: hivemq-platform-pod-test-hivemq-platform)
2025-01-27 17:08:24,044 INFO c.h.h.t.HelmChartContainer - [hivemq-test-hivemq-platform] [hivemq-platform-operator] [10333020] 17:08:24.042 [pool-6-thread-8] DEBUG c.h.p.o.dependants.PodInfoConfigMap - [helmvolu] Desired PodInfo ConfigMap (1 extensions) (1 enabled)
2025-01-27 17:08:24,044 INFO c.h.h.t.HelmChartContainer - [hivemq-test-hivemq-platform] [hivemq-platform-operator] [10333020] 17:08:24.042 [pool-6-thread-8] DEBUG c.h.p.o.dependants.PodInfoConfigMap - [helmvolu] Desired PodInfo ConfigMap (metrics port: 9399) (metrics path: /)
2025-01-27 17:08:24,044 INFO c.h.h.t.HelmChartContainer - [hivemq-test-hivemq-platform] [hivemq-platform-operator] [10333020] 17:08:24.042 [pool-6-thread-8] DEBUG c.h.p.o.dependants.PodInfoConfigMap - [helmvolu] Desired PodInfo ConfigMap (extension state hash: -1817474005)
2025-01-27 17:08:24,047 INFO c.h.h.t.HelmChartContainer - [hivemq-test-hivemq-platform] [hivemq-platform-operator] [10333020] 17:08:24.047 [pool-6-thread-8] DEBUG c.h.p.o.d.StatefulSetResource - [helmvolu] Desired StatefulSet (2 replicas) for status STARTING (READY)
2025-01-27 17:08:24,052 INFO c.h.h.t.HelmChartContainer - [hivemq-test-hivemq-platform] [hivemq-platform-operator] [10333020] 17:08:24.050 [ReconcilerExecutor-hivemq-controller-123] INFO  c.h.p.o.HiveMQPlatformReconciler - [helmvolu] Reconciling HiveMQ Platform 'test-hivemq-platform' in namespace 'helmvolumeclaimtemplatesit'
2025-01-27 17:08:24,052 INFO c.h.h.t.HelmChartContainer - [hivemq-test-hivemq-platform] [hivemq-platform-operator] [10333020] 17:08:24.050 [ReconcilerExecutor-hivemq-controller-123] DEBUG c.h.p.o.HiveMQPlatformReconciler - [helmvolu] Custom Resource Status STARTING - HiveMQ Platform is starting (READY)
2025-01-27 17:08:24,053 INFO c.h.h.t.HelmChartContainer - [hivemq-test-hivemq-platform] [hivemq-platform-operator] [10333020] 17:08:24.050 [ReconcilerExecutor-hivemq-controller-123] DEBUG c.h.p.o.HiveMQPlatformReconciler - [helmvolu] Custom Resource Spec (replicas: 2) (extensions: 1)
2025-01-27 17:08:24,054 INFO c.h.h.t.HelmChartContainer - [hivemq-test-hivemq-platform] [hivemq-platform-operator] [10333020] 17:08:24.052 [ReconcilerExecutor-hivemq-controller-123] DEBUG c.h.p.o.HiveMQPlatformReconciler - [helmvolu] StatefulSet Status (revision: test-hivemq-platform-664f48ff7c, replicas: 2, available: 1, ready: 1, current: 2, updated: 2)
2025-01-27 17:08:24,054 INFO c.h.h.t.HelmChartContainer - [hivemq-test-hivemq-platform] [hivemq-platform-operator] [10333020] 17:08:24.052 [ReconcilerExecutor-hivemq-controller-123] DEBUG c.h.p.o.HiveMQPlatformReconciler - [helmvolu] StatefulSet Spec (replicas: 2, init containers: 1, containers: 1, volumes: 4)
2025-01-27 17:08:24,056 INFO c.h.h.t.HelmChartContainer - [hivemq-test-hivemq-platform] [hivemq-platform-operator] [10333020] 17:08:24.053 [ReconcilerExecutor-hivemq-controller-123] DEBUG c.h.p.o.h.HiveMQPlatformReconcilerErrorHandler - [helmvolu] Pod 'test-hivemq-platform-1' phase Running
2025-01-27 17:08:24,056 INFO c.h.h.t.HelmChartContainer - [hivemq-test-hivemq-platform] [hivemq-platform-operator] [10333020] 17:08:24.055 [ReconcilerExecutor-hivemq-controller-123] DEBUG c.h.p.o.h.HiveMQPlatformReconcilerErrorHandler - [helmvolu] Pod 'test-hivemq-platform-0' phase Running
2025-01-27 17:08:24,056 INFO c.h.h.t.HelmChartContainer - [hivemq-test-hivemq-platform] [hivemq-platform-operator] [10333020] 17:08:24.055 [ReconcilerExecutor-hivemq-controller-123] INFO  c.h.p.o.h.HiveMQPlatformReconcilerBaseHandler - [helmvolu] HiveMQ Platform is starting, 1 of 2 replicas are ready
2025-01-27 17:08:24,896 INFO c.h.h.t.HelmChartContainer - [test-hivemq-platform] [hivemq] [72159df0] INFO  - No valid license file found. Using trial license, restricted to 25 connections.
2025-01-27 17:08:25,794 INFO c.h.h.t.HelmChartContainer - [test-hivemq-platform] [hivemq] [72159df0] WARN  - [HiveMQ Platform Operator Init App 1.7.0-SNAPSHOT] Cannot connect to Health API for liveness: null
2025-01-27 17:08:25,794 INFO c.h.h.t.HelmChartContainer - [test-hivemq-platform] [hivemq] [72159df0] INFO  - [HiveMQ Platform Operator Init App 1.7.0-SNAPSHOT] Returning default Health API response 200 for liveness
2025-01-27 17:08:27,990 INFO c.h.h.t.HelmChartContainer - [test-hivemq-platform] [hivemq] [72159df0] INFO  - No valid license file for Data Hub found. Using free license, restricted to 1 policy.
2025-01-27 17:08:28,827 INFO c.h.h.t.HelmChartContainer - [test-hivemq-platform] [hivemq] [72159df0] INFO  - Audit Logger started.
2025-01-27 17:08:28,992 INFO c.h.h.t.HelmChartContainer - [test-hivemq-platform] [hivemq] [72159df0] WARN  - [HiveMQ Platform Operator Init App 1.7.0-SNAPSHOT] Cannot connect to Health API for readiness: null
2025-01-27 17:08:28,997 INFO c.h.h.t.HelmChartContainer - [EVENT] Warning [Unhealthy] Readiness probe failed: HTTP probe failed with statuscode: 503 [helmvolumeclaimtemplatesit:test-hivemq-platform-1]
2025-01-27 17:08:28,997 INFO c.h.h.t.HelmChartContainer - Received Unhealthy event for container hivemq in pod test-hivemq-platform-1 [72159df0-f150-416b-80ab-9a12f053f35a]
2025-01-27 17:08:29,146 INFO c.h.h.t.HelmChartContainer - [test-hivemq-platform] [hivemq] [72159df0] INFO  - This node uses '1' CPU cores.
2025-01-27 17:08:29,195 INFO c.h.h.t.HelmChartContainer - [test-hivemq-platform] [hivemq] [72159df0] INFO  - Starting HiveMQ Health API on address 0.0.0.0 and port 8889
2025-01-27 17:08:30,190 INFO c.h.h.t.HelmChartContainer - [test-hivemq-platform] [hivemq] [72159df0] INFO  - Started HiveMQ Health API in 934ms
2025-01-27 17:08:30,194 INFO c.h.h.t.HelmChartContainer - [test-hivemq-platform] [hivemq] [72159df0] INFO  - Starting HiveMQ extension system.
2025-01-27 17:08:30,362 INFO c.h.h.t.HelmChartContainer - [K3S] [scope.go:117] "RemoveContainer" containerID="b4d14b65b0c7f5f30f8d3a1767fb56e527923ae0e08b7016411050c4b286539a"
2025-01-27 17:08:30,428 INFO c.h.h.t.HelmChartContainer - [test-hivemq-platform] [hivemq] [72159df0] INFO  - Starting extension with id "hivemq-dns-cluster-discovery" at /opt/hivemq/extensions/hivemq-dns-cluster-discovery
2025-01-27 17:08:30,926 INFO c.h.h.t.HelmChartContainer - [test-hivemq-platform] [hivemq] [72159df0] INFO  - Extension "DNS Cluster Discovery Extension" version 4.3.2 started successfully.
2025-01-27 17:08:30,926 INFO c.h.h.t.HelmChartContainer - [test-hivemq-platform] [hivemq] [72159df0] INFO  - Starting extension with id "hivemq-prometheus-extension" at /opt/hivemq/extensions/hivemq-prometheus-extension
2025-01-27 17:08:30,995 INFO c.h.h.t.HelmChartContainer - [test-hivemq-platform] [hivemq] [72159df0] INFO  - Using TCP cluster transport on address 10.42.0.12 and port 7000
2025-01-27 17:08:31,092 INFO c.h.h.t.HelmChartContainer - [test-hivemq-platform] [hivemq] [72159df0] INFO  - Using extension cluster discovery
2025-01-27 17:08:31,995 INFO c.h.h.t.HelmChartContainer - [test-hivemq-platform] [hivemq] [72159df0] INFO  - Started Jetty Server exposing Prometheus Servlet on URI http://0.0.0.0:9399/
2025-01-27 17:08:31,995 INFO c.h.h.t.HelmChartContainer - [test-hivemq-platform] [hivemq] [72159df0] INFO  - Extension "Prometheus Monitoring Extension" version 4.0.12 started successfully.
2025-01-27 17:08:31,995 INFO c.h.h.t.HelmChartContainer - [test-hivemq-platform] [hivemq] [72159df0] INFO  - Starting extension with id "hivemq-allow-all-extension" at /opt/hivemq/extensions/hivemq-allow-all-extension
2025-01-27 17:08:31,995 INFO c.h.h.t.HelmChartContainer - [test-hivemq-platform] [hivemq] [72159df0] WARN  - 
2025-01-27 17:08:31,995 INFO c.h.h.t.HelmChartContainer - [test-hivemq-platform] [hivemq] [72159df0] ################################################################################################################
2025-01-27 17:08:31,996 INFO c.h.h.t.HelmChartContainer - [test-hivemq-platform] [hivemq] [72159df0] # This HiveMQ deployment is not secure! You are lacking Authentication and Authorization.                      #
2025-01-27 17:08:31,996 INFO c.h.h.t.HelmChartContainer - [test-hivemq-platform] [hivemq] [72159df0] # Right now any MQTT client can connect to the broker with a full set of permissions.                          #
2025-01-27 17:08:31,996 INFO c.h.h.t.HelmChartContainer - [test-hivemq-platform] [hivemq] [72159df0] # For production usage, add an appropriate security extension and remove the hivemq-allow-all extension.       #
2025-01-27 17:08:31,996 INFO c.h.h.t.HelmChartContainer - [test-hivemq-platform] [hivemq] [72159df0] # You can download security extensions from the HiveMQ Marketplace (https://www.hivemq.com/extensions/).       #
2025-01-27 17:08:31,996 INFO c.h.h.t.HelmChartContainer - [test-hivemq-platform] [hivemq] [72159df0] ################################################################################################################
2025-01-27 17:08:31,996 INFO c.h.h.t.HelmChartContainer - [test-hivemq-platform] [hivemq] [72159df0] INFO  - Extension "Allow All Extension" version 1.1.0 started successfully.
2025-01-27 17:08:32,132 INFO c.h.h.t.HelmChartContainer - [test-hivemq-platform] [hivemq] [f4b534a4] INFO  - Cluster nodes found by discovery: [5HXdh|1] (2) [5HXdh, zWblo].
2025-01-27 17:08:32,200 INFO c.h.h.t.HelmChartContainer - [test-hivemq-platform] [hivemq] [72159df0] INFO  - Cluster nodes found by discovery: [5HXdh|1] (2) [5HXdh, zWblo].
2025-01-27 17:08:32,396 INFO c.h.h.t.HelmChartContainer - [test-hivemq-platform] [hivemq] [72159df0] INFO  - Cluster size = 1, members : [5HXdh].
2025-01-27 17:08:32,724 INFO c.h.h.t.HelmChartContainer - [test-hivemq-platform] [hivemq] [72159df0] INFO  - Starting cluster join process. This may take a while. Please do not shut down HiveMQ.
2025-01-27 17:08:32,725 INFO c.h.h.t.HelmChartContainer - [test-hivemq-platform] [hivemq] [72159df0] INFO  - Cluster join process is still ongoing. Please do not shut down HiveMQ.
2025-01-27 17:08:34,061 INFO c.h.h.t.HelmChartContainer - [hivemq-test-hivemq-platform] [hivemq-platform-operator] [10333020] 17:08:34.059 [pool-6-thread-13] DEBUG c.h.p.o.d.PlatformServiceResource - [helmvolu] Desired Platform services (3 services)
2025-01-27 17:08:34,062 INFO c.h.h.t.HelmChartContainer - [hivemq-test-hivemq-platform] [hivemq-platform-operator] [10333020] 17:08:34.059 [pool-6-thread-17] DEBUG c.h.p.o.d.PodServiceAccountResource - [helmvolu] Desired PodServiceAccountResource (serviceAccountName: hivemq-platform-pod-test-hivemq-platform)
2025-01-27 17:08:34,063 INFO c.h.h.t.HelmChartContainer - [hivemq-test-hivemq-platform] [hivemq-platform-operator] [10333020] 17:08:34.059 [pool-6-thread-16] DEBUG c.h.p.o.dependants.PodInfoConfigMap - [helmvolu] Desired PodInfo ConfigMap (1 extensions) (1 enabled)
2025-01-27 17:08:34,063 INFO c.h.h.t.HelmChartContainer - [hivemq-test-hivemq-platform] [hivemq-platform-operator] [10333020] 17:08:34.062 [pool-6-thread-16] DEBUG c.h.p.o.dependants.PodInfoConfigMap - [helmvolu] Desired PodInfo ConfigMap (metrics port: 9399) (metrics path: /)
2025-01-27 17:08:34,064 INFO c.h.h.t.HelmChartContainer - [hivemq-test-hivemq-platform] [hivemq-platform-operator] [10333020] 17:08:34.062 [pool-6-thread-16] DEBUG c.h.p.o.dependants.PodInfoConfigMap - [helmvolu] Desired PodInfo ConfigMap (extension state hash: -1817474005)
2025-01-27 17:08:34,139 INFO c.h.h.t.HelmChartContainer - [hivemq-test-hivemq-platform] [hivemq-platform-operator] [10333020] 17:08:34.138 [pool-6-thread-13] DEBUG c.h.p.o.d.StatefulSetResource - [helmvolu] Desired StatefulSet (2 replicas) for status STARTING (READY)
2025-01-27 17:08:34,142 INFO c.h.h.t.HelmChartContainer - [hivemq-test-hivemq-platform] [hivemq-platform-operator] [10333020] 17:08:34.141 [ReconcilerExecutor-hivemq-controller-124] INFO  c.h.p.o.HiveMQPlatformReconciler - [helmvolu] Reconciling HiveMQ Platform 'test-hivemq-platform' in namespace 'helmvolumeclaimtemplatesit'
2025-01-27 17:08:34,143 INFO c.h.h.t.HelmChartContainer - [hivemq-test-hivemq-platform] [hivemq-platform-operator] [10333020] 17:08:34.142 [ReconcilerExecutor-hivemq-controller-124] DEBUG c.h.p.o.HiveMQPlatformReconciler - [helmvolu] Custom Resource Status STARTING - HiveMQ Platform is starting (READY)
2025-01-27 17:08:34,143 INFO c.h.h.t.HelmChartContainer - [hivemq-test-hivemq-platform] [hivemq-platform-operator] [10333020] 17:08:34.142 [ReconcilerExecutor-hivemq-controller-124] DEBUG c.h.p.o.HiveMQPlatformReconciler - [helmvolu] Custom Resource Spec (replicas: 2) (extensions: 1)
2025-01-27 17:08:34,144 INFO c.h.h.t.HelmChartContainer - [hivemq-test-hivemq-platform] [hivemq-platform-operator] [10333020] 17:08:34.143 [ReconcilerExecutor-hivemq-controller-124] DEBUG c.h.p.o.HiveMQPlatformReconciler - [helmvolu] StatefulSet Status (revision: test-hivemq-platform-664f48ff7c, replicas: 2, available: 1, ready: 1, current: 2, updated: 2)
2025-01-27 17:08:34,147 INFO c.h.h.t.HelmChartContainer - [hivemq-test-hivemq-platform] [hivemq-platform-operator] [10333020] 17:08:34.143 [ReconcilerExecutor-hivemq-controller-124] DEBUG c.h.p.o.HiveMQPlatformReconciler - [helmvolu] StatefulSet Spec (replicas: 2, init containers: 1, containers: 1, volumes: 4)
2025-01-27 17:08:34,147 INFO c.h.h.t.HelmChartContainer - [hivemq-test-hivemq-platform] [hivemq-platform-operator] [10333020] 17:08:34.145 [ReconcilerExecutor-hivemq-controller-124] DEBUG c.h.p.o.h.HiveMQPlatformReconcilerErrorHandler - [helmvolu] Pod 'test-hivemq-platform-1' phase Running
2025-01-27 17:08:34,150 INFO c.h.h.t.HelmChartContainer - [hivemq-test-hivemq-platform] [hivemq-platform-operator] [10333020] 17:08:34.147 [ReconcilerExecutor-hivemq-controller-124] DEBUG c.h.p.o.h.HiveMQPlatformReconcilerErrorHandler - [helmvolu] Pod 'test-hivemq-platform-0' phase Running
2025-01-27 17:08:34,150 INFO c.h.h.t.HelmChartContainer - [hivemq-test-hivemq-platform] [hivemq-platform-operator] [10333020] 17:08:34.148 [ReconcilerExecutor-hivemq-controller-124] INFO  c.h.p.o.h.HiveMQPlatformReconcilerBaseHandler - [helmvolu] HiveMQ Platform is starting, 1 of 2 replicas are ready
2025-01-27 17:08:34,325 INFO c.h.h.t.HelmChartContainer - [test-hivemq-platform] [hivemq] [72159df0] INFO  - [HiveMQ Platform Operator Init App 1.7.0-SNAPSHOT] Returning Health API response 503 for readiness
2025-01-27 17:08:34,331 INFO c.h.h.t.HelmChartContainer - [EVENT] Warning [Unhealthy] Readiness probe failed: HTTP probe failed with statuscode: 503 [helmvolumeclaimtemplatesit:test-hivemq-platform-1]
2025-01-27 17:08:34,331 INFO c.h.h.t.HelmChartContainer - Received Unhealthy event for container hivemq in pod test-hivemq-platform-1 [72159df0-f150-416b-80ab-9a12f053f35a]
2025-01-27 17:08:34,737 INFO c.h.h.t.HelmChartContainer - [test-hivemq-platform] [hivemq] [f4b534a4] INFO  - Cluster size = 2, members : [5HXdh, zWblo].
2025-01-27 17:08:34,745 INFO c.h.h.t.HelmChartContainer - [test-hivemq-platform] [hivemq] [72159df0] INFO  - Cluster size = 2, members : [5HXdh, zWblo].
2025-01-27 17:08:34,755 INFO c.h.h.t.HelmChartContainer - [test-hivemq-platform] [hivemq] [72159df0] INFO  - Finished cluster join process successfully.
2025-01-27 17:08:34,755 INFO c.h.h.t.HelmChartContainer - [test-hivemq-platform] [hivemq] [72159df0] INFO  - No user for HiveMQ Control Center configured. Starting with default user
2025-01-27 17:08:34,756 INFO c.h.h.t.HelmChartContainer - [test-hivemq-platform] [hivemq] [72159df0] INFO  - Starting HiveMQ Control Center on address 0.0.0.0 and port 8080
2025-01-27 17:08:34,822 INFO c.h.h.t.HelmChartContainer - [test-hivemq-platform] [hivemq] [72159df0] INFO  - Mounting HiveMQ Control Center V2 Preview
2025-01-27 17:08:35,442 INFO c.h.h.t.HelmChartContainer - [test-hivemq-platform] [hivemq] [72159df0] INFO  - Started HiveMQ Control Center in 687ms
2025-01-27 17:08:35,529 INFO c.h.h.t.HelmChartContainer - [test-hivemq-platform] [hivemq] [72159df0] INFO  - Starting TCP listener on address 0.0.0.0 and port 1883
2025-01-27 17:08:35,543 INFO c.h.h.t.HelmChartContainer - [test-hivemq-platform] [hivemq] [72159df0] INFO  - Started TCP Listener on address 0.0.0.0 and on port 1883.
2025-01-27 17:08:35,543 INFO c.h.h.t.HelmChartContainer - [test-hivemq-platform] [hivemq] [72159df0] INFO  - Started HiveMQ in 29950ms
2025-01-27 17:08:38,936 INFO c.h.h.t.HelmChartContainer - [test-hivemq-platform] [hivemq] [72159df0] INFO  - [HiveMQ Platform Operator Init App 1.7.0-SNAPSHOT] Returning Health API response 200 for readiness
2025-01-27 17:08:38,949 INFO c.h.h.t.HelmChartContainer - [POD] test-hivemq-platform-1 [72159df0-f150-416b-80ab-9a12f053f35a] in helmvolumeclaimtemplatesit was MODIFIED
2025-01-27 17:08:38,961 INFO c.h.h.t.HelmChartContainer - [hivemq-test-hivemq-platform] [hivemq-platform-operator] [10333020] 17:08:38.958 [pool-6-thread-29] DEBUG c.h.p.o.d.PlatformServiceResource - [helmvolu] Desired Platform services (3 services)
2025-01-27 17:08:38,967 INFO c.h.h.t.HelmChartContainer - [hivemq-test-hivemq-platform] [hivemq-platform-operator] [10333020] 17:08:38.960 [pool-6-thread-24] DEBUG c.h.p.o.d.PodServiceAccountResource - [helmvolu] Desired PodServiceAccountResource (serviceAccountName: hivemq-platform-pod-test-hivemq-platform)
2025-01-27 17:08:38,968 INFO c.h.h.t.HelmChartContainer - [hivemq-test-hivemq-platform] [hivemq-platform-operator] [10333020] 17:08:38.960 [pool-6-thread-22] DEBUG c.h.p.o.dependants.PodInfoConfigMap - [helmvolu] Desired PodInfo ConfigMap (1 extensions) (1 enabled)
2025-01-27 17:08:38,968 INFO c.h.h.t.HelmChartContainer - [hivemq-test-hivemq-platform] [hivemq-platform-operator] [10333020] 17:08:38.963 [pool-6-thread-22] DEBUG c.h.p.o.dependants.PodInfoConfigMap - [helmvolu] Desired PodInfo ConfigMap (metrics port: 9399) (metrics path: /)
2025-01-27 17:08:38,968 INFO c.h.h.t.HelmChartContainer - [hivemq-test-hivemq-platform] [hivemq-platform-operator] [10333020] 17:08:38.964 [pool-6-thread-22] DEBUG c.h.p.o.dependants.PodInfoConfigMap - [helmvolu] Desired PodInfo ConfigMap (extension state hash: -1817474005)
2025-01-27 17:08:39,032 INFO c.h.h.t.HelmChartContainer - [hivemq-test-hivemq-platform] [hivemq-platform-operator] [10333020] 17:08:38.973 [pool-6-thread-29] DEBUG c.h.p.o.d.StatefulSetResource - [helmvolu] Desired StatefulSet (2 replicas) for status STARTING (READY)
2025-01-27 17:08:39,036 INFO c.h.h.t.HelmChartContainer - [hivemq-test-hivemq-platform] [hivemq-platform-operator] [10333020] 17:08:39.035 [ReconcilerExecutor-hivemq-controller-125] INFO  c.h.p.o.HiveMQPlatformReconciler - [helmvolu] Reconciling HiveMQ Platform 'test-hivemq-platform' in namespace 'helmvolumeclaimtemplatesit'
2025-01-27 17:08:39,037 INFO c.h.h.t.HelmChartContainer - [hivemq-test-hivemq-platform] [hivemq-platform-operator] [10333020] 17:08:39.035 [ReconcilerExecutor-hivemq-controller-125] DEBUG c.h.p.o.HiveMQPlatformReconciler - [helmvolu] Custom Resource Status STARTING - HiveMQ Platform is starting (READY)
2025-01-27 17:08:39,037 INFO c.h.h.t.HelmChartContainer - [hivemq-test-hivemq-platform] [hivemq-platform-operator] [10333020] 17:08:39.035 [ReconcilerExecutor-hivemq-controller-125] DEBUG c.h.p.o.HiveMQPlatformReconciler - [helmvolu] Custom Resource Spec (replicas: 2) (extensions: 1)
2025-01-27 17:08:39,038 INFO c.h.h.t.HelmChartContainer - [hivemq-test-hivemq-platform] [hivemq-platform-operator] [10333020] 17:08:39.037 [ReconcilerExecutor-hivemq-controller-125] DEBUG c.h.p.o.HiveMQPlatformReconciler - [helmvolu] StatefulSet Status (revision: test-hivemq-platform-664f48ff7c, replicas: 2, available: 2, ready: 2, current: 2, updated: 2)
2025-01-27 17:08:39,038 INFO c.h.h.t.HelmChartContainer - [hivemq-test-hivemq-platform] [hivemq-platform-operator] [10333020] 17:08:39.037 [ReconcilerExecutor-hivemq-controller-125] DEBUG c.h.p.o.HiveMQPlatformReconciler - [helmvolu] StatefulSet Spec (replicas: 2, init containers: 1, containers: 1, volumes: 4)
2025-01-27 17:08:39,039 INFO c.h.h.t.HelmChartContainer - [hivemq-test-hivemq-platform] [hivemq-platform-operator] [10333020] 17:08:39.038 [ReconcilerExecutor-hivemq-controller-125] DEBUG c.h.p.o.h.HiveMQPlatformReconcilerErrorHandler - [helmvolu] Pod 'test-hivemq-platform-1' phase Running
2025-01-27 17:08:39,041 INFO c.h.h.t.HelmChartContainer - [hivemq-test-hivemq-platform] [hivemq-platform-operator] [10333020] 17:08:39.040 [ReconcilerExecutor-hivemq-controller-125] DEBUG c.h.p.o.h.HiveMQPlatformReconcilerErrorHandler - [helmvolu] Pod 'test-hivemq-platform-0' phase Running
2025-01-27 17:08:39,043 INFO c.h.h.t.HelmChartContainer - [hivemq-test-hivemq-platform] [hivemq-platform-operator] [10333020] 17:08:39.041 [ReconcilerExecutor-hivemq-controller-125] INFO  c.h.p.o.h.HiveMQPlatformReconcilerBaseHandler - [helmvolu] HiveMQ Platform started successfully
2025-01-27 17:08:39,145 INFO c.h.h.t.HelmChartContainer - [hivemq-test-hivemq-platform] [hivemq-platform-operator] [10333020] 17:08:39.144 [ReconcilerExecutor-hivemq-controller-125] DEBUG c.h.p.operator.event.EventSender - [helmvolu] Creating K8s event hivemq-platform-ready: [Ready] HiveMQ Platform is ready
2025-01-27 17:08:39,148 INFO c.h.h.t.HelmChartContainer - [EVENT] Normal [Ready] HiveMQ Platform is ready [helmvolumeclaimtemplatesit:test-hivemq-platform]
2025-01-27 17:08:39,151 INFO c.h.h.t.HelmChartContainer - [hivemq-test-hivemq-platform] [hivemq-platform-operator] [10333020] 17:08:39.148 [ReconcilerExecutor-hivemq-controller-125] INFO  c.h.p.o.h.AbstractHiveMQReconcilerStateHandler - [helmvolu] Update HiveMQ Platform Status (STARTING [READY] -> RUNNING [READY]): HiveMQ Platform is ready
2025-01-27 17:08:39,158 DEBUG com.hivemq.helmcharts.util.K8sUtil - Comparing actual state 'RUNNING' and waiting for 'RUNNING'
2025-01-27 17:08:39,237 INFO c.h.h.t.HelmChartContainer - [hivemq-test-hivemq-platform] [hivemq-platform-operator] [10333020] 17:08:39.234 [pool-6-thread-36] DEBUG c.h.p.o.d.PlatformServiceResource - [helmvolu] Desired Platform services (3 services)
2025-01-27 17:08:39,237 INFO c.h.h.t.HelmChartContainer - [hivemq-test-hivemq-platform] [hivemq-platform-operator] [10333020] 17:08:39.234 [pool-6-thread-39] DEBUG c.h.p.o.dependants.PodInfoConfigMap - [helmvolu] Desired PodInfo ConfigMap (1 extensions) (1 enabled)
2025-01-27 17:08:39,237 INFO c.h.h.t.HelmChartContainer - [hivemq-test-hivemq-platform] [hivemq-platform-operator] [10333020] 17:08:39.234 [pool-6-thread-39] DEBUG c.h.p.o.dependants.PodInfoConfigMap - [helmvolu] Desired PodInfo ConfigMap (metrics port: 9399) (metrics path: /)
2025-01-27 17:08:39,237 INFO c.h.h.t.HelmChartContainer - [hivemq-test-hivemq-platform] [hivemq-platform-operator] [10333020] 17:08:39.234 [pool-6-thread-39] DEBUG c.h.p.o.dependants.PodInfoConfigMap - [helmvolu] Desired PodInfo ConfigMap (extension state hash: -1817474005)
2025-01-27 17:08:39,237 INFO c.h.h.t.HelmChartContainer - [hivemq-test-hivemq-platform] [hivemq-platform-operator] [10333020] 17:08:39.235 [pool-6-thread-39] DEBUG c.h.p.o.dependants.PodInfoConfigMap - [helmvolu] Update PodInfo ConfigMap
2025-01-27 17:08:39,239 INFO c.h.h.t.HelmChartContainer - [hivemq-test-hivemq-platform] [hivemq-platform-operator] [10333020] 17:08:39.236 [pool-6-thread-40] DEBUG c.h.p.o.d.PodServiceAccountResource - [helmvolu] Desired PodServiceAccountResource (serviceAccountName: hivemq-platform-pod-test-hivemq-platform)
2025-01-27 17:08:39,246 INFO c.h.h.t.HelmChartContainer - [hivemq-test-hivemq-platform] [hivemq-platform-operator] [10333020] 17:08:39.245 [pool-6-thread-39] DEBUG c.h.p.o.d.StatefulSetResource - [helmvolu] Desired StatefulSet (2 replicas) for status RUNNING (READY)
2025-01-27 17:08:39,249 INFO c.h.h.t.HelmChartContainer - [hivemq-test-hivemq-platform] [hivemq-platform-operator] [10333020] 17:08:39.249 [ReconcilerExecutor-hivemq-controller-126] INFO  c.h.p.o.HiveMQPlatformReconciler - [helmvolu] Reconciling HiveMQ Platform 'test-hivemq-platform' in namespace 'helmvolumeclaimtemplatesit'
2025-01-27 17:08:39,250 INFO c.h.h.t.HelmChartContainer - [hivemq-test-hivemq-platform] [hivemq-platform-operator] [10333020] 17:08:39.249 [ReconcilerExecutor-hivemq-controller-126] DEBUG c.h.p.o.HiveMQPlatformReconciler - [helmvolu] Custom Resource Status RUNNING - HiveMQ Platform is ready (READY)
2025-01-27 17:08:39,250 INFO c.h.h.t.HelmChartContainer - [hivemq-test-hivemq-platform] [hivemq-platform-operator] [10333020] 17:08:39.249 [ReconcilerExecutor-hivemq-controller-126] DEBUG c.h.p.o.HiveMQPlatformReconciler - [helmvolu] Custom Resource Spec (replicas: 2) (extensions: 1)
2025-01-27 17:08:39,335 INFO c.h.h.t.HelmChartContainer - [hivemq-test-hivemq-platform] [hivemq-platform-operator] [10333020] 17:08:39.333 [ReconcilerExecutor-hivemq-controller-126] DEBUG c.h.p.o.HiveMQPlatformReconciler - [helmvolu] StatefulSet Status (revision: test-hivemq-platform-664f48ff7c, replicas: 2, available: 2, ready: 2, current: 2, updated: 2)
2025-01-27 17:08:39,335 INFO c.h.h.t.HelmChartContainer - [hivemq-test-hivemq-platform] [hivemq-platform-operator] [10333020] 17:08:39.333 [ReconcilerExecutor-hivemq-controller-126] DEBUG c.h.p.o.HiveMQPlatformReconciler - [helmvolu] StatefulSet Spec (replicas: 2, init containers: 1, containers: 1, volumes: 4)
2025-01-27 17:08:39,336 INFO c.h.h.t.HelmChartContainer - [hivemq-test-hivemq-platform] [hivemq-platform-operator] [10333020] 17:08:39.334 [ReconcilerExecutor-hivemq-controller-126] DEBUG c.h.p.o.h.HiveMQPlatformReconcilerErrorHandler - [helmvolu] Pod 'test-hivemq-platform-1' phase Running
2025-01-27 17:08:39,336 INFO c.h.h.t.HelmChartContainer - [hivemq-test-hivemq-platform] [hivemq-platform-operator] [10333020] 17:08:39.335 [ReconcilerExecutor-hivemq-controller-126] DEBUG c.h.p.o.h.HiveMQPlatformReconcilerErrorHandler - [helmvolu] Pod 'test-hivemq-platform-0' phase Running
2025-01-27 17:08:41,297 DEBUG com.hivemq.helmcharts.util.PodUtil - Received status for command '[touch, /opt/hivemq/data/test-hivemq-platform-0.txt]' on pod 'test-hivemq-platform-0' (exit code: 0)
2025-01-27 17:08:41,388 DEBUG com.hivemq.helmcharts.util.PodUtil - Received status for command '[sh, -c, echo -n 'Persisted content for pod test-hivemq-platform-0' >> /opt/hivemq/data/test-hivemq-platform-0.txt]' on pod 'test-hivemq-platform-0' (exit code: 0)
2025-01-27 17:08:41,473 DEBUG com.hivemq.helmcharts.util.PodUtil - Received status for command '[touch, /opt/hivemq/data/test-hivemq-platform-1.txt]' on pod 'test-hivemq-platform-1' (exit code: 0)
2025-01-27 17:08:41,553 DEBUG com.hivemq.helmcharts.util.PodUtil - Received status for command '[sh, -c, echo -n 'Persisted content for pod test-hivemq-platform-1' >> /opt/hivemq/data/test-hivemq-platform-1.txt]' on pod 'test-hivemq-platform-1' (exit code: 0)
2025-01-27 17:08:41,576 DEBUG com.hivemq.helmcharts.util.K8sUtil - Comparing actual state 'RUNNING' and waiting for 'ROLLING_RESTART'
2025-01-27 17:08:41,581 INFO c.h.h.t.HelmChartContainer - [hivemq-test-hivemq-platform] [hivemq-platform-operator] [10333020] 17:08:41.575 [pool-6-thread-46] DEBUG c.h.p.o.d.PlatformServiceResource - [helmvolu] Desired Platform services (3 services)
2025-01-27 17:08:41,581 INFO c.h.h.t.HelmChartContainer - [hivemq-test-hivemq-platform] [hivemq-platform-operator] [10333020] 17:08:41.577 [pool-6-thread-50] DEBUG c.h.p.o.dependants.PodInfoConfigMap - [helmvolu] Desired PodInfo ConfigMap (1 extensions) (1 enabled)
2025-01-27 17:08:41,581 INFO c.h.h.t.HelmChartContainer - [hivemq-test-hivemq-platform] [hivemq-platform-operator] [10333020] 17:08:41.577 [pool-6-thread-50] DEBUG c.h.p.o.dependants.PodInfoConfigMap - [helmvolu] Desired PodInfo ConfigMap (metrics port: 9399) (metrics path: /)
2025-01-27 17:08:41,581 INFO c.h.h.t.HelmChartContainer - [hivemq-test-hivemq-platform] [hivemq-platform-operator] [10333020] 17:08:41.577 [pool-6-thread-50] DEBUG c.h.p.o.dependants.PodInfoConfigMap - [helmvolu] Desired PodInfo ConfigMap (extension state hash: -1817474005)
2025-01-27 17:08:41,581 INFO c.h.h.t.HelmChartContainer - [hivemq-test-hivemq-platform] [hivemq-platform-operator] [10333020] 17:08:41.578 [pool-6-thread-43] DEBUG c.h.p.o.d.PodServiceAccountResource - [helmvolu] Desired PodServiceAccountResource (serviceAccountName: hivemq-platform-pod-test-hivemq-platform)
2025-01-27 17:08:41,587 INFO c.h.h.t.HelmChartContainer - [hivemq-test-hivemq-platform] [hivemq-platform-operator] [10333020] 17:08:41.582 [pool-6-thread-46] DEBUG c.h.p.o.d.StatefulSetResource - [helmvolu] Desired StatefulSet (2 replicas) for status RUNNING (READY)
2025-01-27 17:08:41,587 INFO c.h.h.t.HelmChartContainer - [hivemq-test-hivemq-platform] [hivemq-platform-operator] [10333020] 17:08:41.586 [pool-6-thread-46] DEBUG c.h.p.o.d.StatefulSetResource - [helmvolu] Update StatefulSet (replicas: 2 -> 2)
2025-01-27 17:08:41,587 INFO c.h.h.t.HelmChartContainer - [hivemq-test-hivemq-platform] [hivemq-platform-operator] [10333020] 17:08:41.586 [pool-6-thread-46] DEBUG c.h.p.o.d.StatefulSetResource - [helmvolu] Detected change in StatefulSet specification (path: /template/metadata/annotations/kubernetes-resource-versions) (actual value: {broker-configuration-v2=-2089688360}) (target value: {broker-configuration-v2=1242811043})
2025-01-27 17:08:41,587 INFO c.h.h.t.HelmChartContainer - [hivemq-test-hivemq-platform] [hivemq-platform-operator] [10333020] 17:08:41.586 [pool-6-thread-46] INFO  c.h.p.o.d.StatefulSetResource - [helmvolu] StatefulSet spec was updated, triggering rolling restart
2025-01-27 17:08:41,634 INFO c.h.h.t.HelmChartContainer - [hivemq-test-hivemq-platform] [hivemq-platform-operator] [10333020] 17:08:41.631 [ReconcilerExecutor-hivemq-controller-127] INFO  c.h.p.o.HiveMQPlatformReconciler - [helmvolu] Reconciling HiveMQ Platform 'test-hivemq-platform' in namespace 'helmvolumeclaimtemplatesit'
2025-01-27 17:08:41,634 INFO c.h.h.t.HelmChartContainer - [hivemq-test-hivemq-platform] [hivemq-platform-operator] [10333020] 17:08:41.632 [ReconcilerExecutor-hivemq-controller-127] DEBUG c.h.p.o.HiveMQPlatformReconciler - [helmvolu] Custom Resource Status RUNNING - HiveMQ Platform is ready (READY) (reconciliation requests: ROLLING_RESTART, REQUESTS_UPDATED)
2025-01-27 17:08:41,635 INFO c.h.h.t.HelmChartContainer - [hivemq-test-hivemq-platform] [hivemq-platform-operator] [10333020] 17:08:41.632 [ReconcilerExecutor-hivemq-controller-127] DEBUG c.h.p.o.HiveMQPlatformReconciler - [helmvolu] Custom Resource Spec (replicas: 2) (extensions: 1)
2025-01-27 17:08:41,635 INFO c.h.h.t.HelmChartContainer - [hivemq-test-hivemq-platform] [hivemq-platform-operator] [10333020] 17:08:41.633 [ReconcilerExecutor-hivemq-controller-127] DEBUG c.h.p.o.HiveMQPlatformReconciler - [helmvolu] StatefulSet Status (revision: test-hivemq-platform-56957c7b74, replicas: 2, available: 2, ready: 2, current: 2, updated: 0)
2025-01-27 17:08:41,635 INFO c.h.h.t.HelmChartContainer - [hivemq-test-hivemq-platform] [hivemq-platform-operator] [10333020] 17:08:41.634 [ReconcilerExecutor-hivemq-controller-127] DEBUG c.h.p.o.HiveMQPlatformReconciler - [helmvolu] StatefulSet Spec (replicas: 2, init containers: 1, containers: 1, volumes: 4)
2025-01-27 17:08:41,637 INFO c.h.h.t.HelmChartContainer - [hivemq-test-hivemq-platform] [hivemq-platform-operator] [10333020] 17:08:41.636 [ReconcilerExecutor-hivemq-controller-127] DEBUG c.h.p.o.h.HiveMQPlatformReconcilerErrorHandler - [helmvolu] Pod 'test-hivemq-platform-1' phase Running
2025-01-27 17:08:41,638 INFO c.h.h.t.HelmChartContainer - [hivemq-test-hivemq-platform] [hivemq-platform-operator] [10333020] 17:08:41.637 [ReconcilerExecutor-hivemq-controller-127] DEBUG c.h.p.o.h.HiveMQPlatformReconcilerErrorHandler - [helmvolu] Pod 'test-hivemq-platform-0' phase Running
2025-01-27 17:08:41,639 INFO c.h.h.t.HelmChartContainer - [hivemq-test-hivemq-platform] [hivemq-platform-operator] [10333020] 17:08:41.638 [ReconcilerExecutor-hivemq-controller-127] INFO  c.h.p.o.h.HiveMQPlatformReconcilerBaseHandler - [helmvolu] Started rolling restart (scaling to 3 replicas)
2025-01-27 17:08:41,736 INFO c.h.h.t.HelmChartContainer - [hivemq-test-hivemq-platform] [hivemq-platform-operator] [10333020] 17:08:41.735 [ReconcilerExecutor-hivemq-controller-127] DEBUG c.h.p.operator.event.EventSender - [helmvolu] Creating K8s event rolling-restart-started: [RollingRestart] HiveMQ Platform is starting a surge Pod (rolling restart)
2025-01-27 17:08:41,741 INFO c.h.h.t.HelmChartContainer - [EVENT] Normal [RollingRestart] HiveMQ Platform is starting a surge Pod (rolling restart) [helmvolumeclaimtemplatesit:test-hivemq-platform]
2025-01-27 17:08:41,742 INFO c.h.h.t.HelmChartContainer - [hivemq-test-hivemq-platform] [hivemq-platform-operator] [10333020] 17:08:41.741 [ReconcilerExecutor-hivemq-controller-127] INFO  c.h.p.o.h.AbstractHiveMQReconcilerStateHandler - [helmvolu] Update HiveMQ Platform Status (RUNNING [READY] -> ROLLING_RESTART [SURGE_IN_PROGRESS]): HiveMQ Platform is starting a surge Pod (rolling restart)
2025-01-27 17:08:41,752 DEBUG com.hivemq.helmcharts.util.K8sUtil - Comparing actual state 'ROLLING_RESTART' and waiting for 'ROLLING_RESTART'
2025-01-27 17:08:41,758 DEBUG com.hivemq.helmcharts.util.K8sUtil - Comparing actual state 'ROLLING_RESTART' and waiting for 'RUNNING'
2025-01-27 17:08:41,798 INFO c.h.h.t.HelmChartContainer - [hivemq-test-hivemq-platform] [hivemq-platform-operator] [10333020] 17:08:41.795 [pool-6-thread-7] DEBUG c.h.p.o.d.PlatformServiceResource - [helmvolu] Desired Platform services (3 services)
2025-01-27 17:08:41,798 INFO c.h.h.t.HelmChartContainer - [hivemq-test-hivemq-platform] [hivemq-platform-operator] [10333020] 17:08:41.796 [pool-6-thread-9] DEBUG c.h.p.o.d.PodServiceAccountResource - [helmvolu] Desired PodServiceAccountResource (serviceAccountName: hivemq-platform-pod-test-hivemq-platform)
2025-01-27 17:08:41,835 INFO c.h.h.t.HelmChartContainer - [hivemq-test-hivemq-platform] [hivemq-platform-operator] [10333020] 17:08:41.831 [pool-6-thread-2] DEBUG c.h.p.o.dependants.PodInfoConfigMap - [helmvolu] Desired PodInfo ConfigMap (1 extensions) (1 enabled)
2025-01-27 17:08:41,836 INFO c.h.h.t.HelmChartContainer - [hivemq-test-hivemq-platform] [hivemq-platform-operator] [10333020] 17:08:41.832 [pool-6-thread-2] DEBUG c.h.p.o.dependants.PodInfoConfigMap - [helmvolu] Desired PodInfo ConfigMap (metrics port: 9399) (metrics path: /)
2025-01-27 17:08:41,837 INFO c.h.h.t.HelmChartContainer - [hivemq-test-hivemq-platform] [hivemq-platform-operator] [10333020] 17:08:41.832 [pool-6-thread-2] DEBUG c.h.p.o.dependants.PodInfoConfigMap - [helmvolu] Desired PodInfo ConfigMap (extension state hash: -1817474005)
2025-01-27 17:08:41,837 INFO c.h.h.t.HelmChartContainer - [hivemq-test-hivemq-platform] [hivemq-platform-operator] [10333020] 17:08:41.832 [pool-6-thread-2] DEBUG c.h.p.o.dependants.PodInfoConfigMap - [helmvolu] Update PodInfo ConfigMap
2025-01-27 17:08:41,842 INFO c.h.h.t.HelmChartContainer - [hivemq-test-hivemq-platform] [hivemq-platform-operator] [10333020] 17:08:41.841 [pool-6-thread-2] DEBUG c.h.p.o.d.StatefulSetResource - [helmvolu] Desired StatefulSet (3 replicas) for status ROLLING_RESTART (SURGE_IN_PROGRESS)
2025-01-27 17:08:41,846 INFO c.h.h.t.HelmChartContainer - [hivemq-test-hivemq-platform] [hivemq-platform-operator] [10333020] 17:08:41.845 [pool-6-thread-2] DEBUG c.h.p.o.d.StatefulSetResource - [helmvolu] Update StatefulSet (replicas: 2 -> 3)
2025-01-27 17:08:41,947 INFO c.h.h.t.HelmChartContainer - [hivemq-test-hivemq-platform] [hivemq-platform-operator] [10333020] 17:08:41.946 [ReconcilerExecutor-hivemq-controller-128] INFO  c.h.p.o.HiveMQPlatformReconciler - [helmvolu] Reconciling HiveMQ Platform 'test-hivemq-platform' in namespace 'helmvolumeclaimtemplatesit'
2025-01-27 17:08:41,948 INFO c.h.h.t.HelmChartContainer - [hivemq-test-hivemq-platform] [hivemq-platform-operator] [10333020] 17:08:41.946 [ReconcilerExecutor-hivemq-controller-128] DEBUG c.h.p.o.HiveMQPlatformReconciler - [helmvolu] Custom Resource Status ROLLING_RESTART - HiveMQ Platform is starting a surge Pod (rolling restart) (SURGE_IN_PROGRESS)
2025-01-27 17:08:41,948 INFO c.h.h.t.HelmChartContainer - [hivemq-test-hivemq-platform] [hivemq-platform-operator] [10333020] 17:08:41.947 [ReconcilerExecutor-hivemq-controller-128] DEBUG c.h.p.o.HiveMQPlatformReconciler - [helmvolu] Custom Resource Spec (replicas: 2) (extensions: 1)
2025-01-27 17:08:41,953 INFO c.h.h.t.HelmChartContainer - [hivemq-test-hivemq-platform] [hivemq-platform-operator] [10333020] 17:08:41.948 [ReconcilerExecutor-hivemq-controller-128] DEBUG c.h.p.o.HiveMQPlatformReconciler - [helmvolu] StatefulSet Status (revision: test-hivemq-platform-56957c7b74, replicas: 2, available: 2, ready: 2, current: 2, updated: 0)
2025-01-27 17:08:41,953 INFO c.h.h.t.HelmChartContainer - [hivemq-test-hivemq-platform] [hivemq-platform-operator] [10333020] 17:08:41.948 [ReconcilerExecutor-hivemq-controller-128] DEBUG c.h.p.o.HiveMQPlatformReconciler - [helmvolu] StatefulSet Spec (replicas: 3, init containers: 1, containers: 1, volumes: 4)
2025-01-27 17:08:41,954 INFO c.h.h.t.HelmChartContainer - [EVENT] Normal [SuccessfulCreate] create Claim hivemq-pvc-data-test-hivemq-platform-2 Pod test-hivemq-platform-2 in StatefulSet test-hivemq-platform success [helmvolumeclaimtemplatesit:test-hivemq-platform]
2025-01-27 17:08:41,954 INFO c.h.h.t.HelmChartContainer - [EVENT] Normal [WaitForFirstConsumer] waiting for first consumer to be created before binding [helmvolumeclaimtemplatesit:hivemq-pvc-data-test-hivemq-platform-2]
2025-01-27 17:08:41,955 INFO c.h.h.t.HelmChartContainer - [hivemq-test-hivemq-platform] [hivemq-platform-operator] [10333020] 17:08:41.950 [ReconcilerExecutor-hivemq-controller-128] DEBUG c.h.p.o.h.HiveMQPlatformReconcilerErrorHandler - [helmvolu] Pod 'test-hivemq-platform-1' phase Running
2025-01-27 17:08:41,955 INFO c.h.h.t.HelmChartContainer - [hivemq-test-hivemq-platform] [hivemq-platform-operator] [10333020] 17:08:41.951 [ReconcilerExecutor-hivemq-controller-128] DEBUG c.h.p.o.h.HiveMQPlatformReconcilerErrorHandler - [helmvolu] Pod 'test-hivemq-platform-0' phase Running
2025-01-27 17:08:41,955 INFO c.h.h.t.HelmChartContainer - [hivemq-test-hivemq-platform] [hivemq-platform-operator] [10333020] 17:08:41.952 [ReconcilerExecutor-hivemq-controller-128] DEBUG c.h.p.o.h.HiveMQPlatformReconcilerRollingRestartHandler - [helmvolu] Rolling restart is waiting for 2 of 3 replicas
2025-01-27 17:08:41,961 INFO c.h.h.t.HelmChartContainer - [POD] test-hivemq-platform-2 [40ef4599-c952-4d38-a2e7-99b1fb4a1782] in helmvolumeclaimtemplatesit was ADDED
2025-01-27 17:08:41,961 INFO c.h.h.t.HelmChartContainer - [EVENT] Normal [SuccessfulCreate] create Pod test-hivemq-platform-2 in StatefulSet test-hivemq-platform successful [helmvolumeclaimtemplatesit:test-hivemq-platform]
2025-01-27 17:08:41,970 INFO c.h.h.t.HelmChartContainer - [EVENT] Normal [ExternalProvisioning] Waiting for a volume to be created either by the external provisioner 'rancher.io/local-path' or manually by the system administrator. If volume creation is delayed, please verify that the provisioner is running and correctly registered. [helmvolumeclaimtemplatesit:hivemq-pvc-data-test-hivemq-platform-2]
2025-01-27 17:08:41,974 INFO c.h.h.t.HelmChartContainer - [EVENT] Normal [ExternalProvisioning] Waiting for a volume to be created either by the external provisioner 'rancher.io/local-path' or manually by the system administrator. If volume creation is delayed, please verify that the provisioner is running and correctly registered. [helmvolumeclaimtemplatesit:hivemq-pvc-data-test-hivemq-platform-2]
2025-01-27 17:08:41,974 INFO c.h.h.t.HelmChartContainer - [EVENT] Normal [Provisioning] External provisioner is provisioning volume for claim "helmvolumeclaimtemplatesit/hivemq-pvc-data-test-hivemq-platform-2" [helmvolumeclaimtemplatesit:hivemq-pvc-data-test-hivemq-platform-2]
2025-01-27 17:08:42,038 INFO c.h.h.t.HelmChartContainer - [hivemq-test-hivemq-platform] [hivemq-platform-operator] [10333020] 17:08:42.034 [pool-6-thread-11] DEBUG c.h.p.o.d.PlatformServiceResource - [helmvolu] Desired Platform services (3 services)
2025-01-27 17:08:42,038 INFO c.h.h.t.HelmChartContainer - [hivemq-test-hivemq-platform] [hivemq-platform-operator] [10333020] 17:08:42.035 [pool-6-thread-20] DEBUG c.h.p.o.dependants.PodInfoConfigMap - [helmvolu] Desired PodInfo ConfigMap (1 extensions) (1 enabled)
2025-01-27 17:08:42,038 INFO c.h.h.t.HelmChartContainer - [hivemq-test-hivemq-platform] [hivemq-platform-operator] [10333020] 17:08:42.035 [pool-6-thread-20] DEBUG c.h.p.o.dependants.PodInfoConfigMap - [helmvolu] Desired PodInfo ConfigMap (metrics port: 9399) (metrics path: /)
2025-01-27 17:08:42,038 INFO c.h.h.t.HelmChartContainer - [hivemq-test-hivemq-platform] [hivemq-platform-operator] [10333020] 17:08:42.035 [pool-6-thread-20] DEBUG c.h.p.o.dependants.PodInfoConfigMap - [helmvolu] Desired PodInfo ConfigMap (extension state hash: -1817474005)
2025-01-27 17:08:42,038 INFO c.h.h.t.HelmChartContainer - [hivemq-test-hivemq-platform] [hivemq-platform-operator] [10333020] 17:08:42.037 [pool-6-thread-18] DEBUG c.h.p.o.d.PodServiceAccountResource - [helmvolu] Desired PodServiceAccountResource (serviceAccountName: hivemq-platform-pod-test-hivemq-platform)
2025-01-27 17:08:42,042 INFO c.h.h.t.HelmChartContainer - [hivemq-test-hivemq-platform] [hivemq-platform-operator] [10333020] 17:08:42.041 [pool-6-thread-11] DEBUG c.h.p.o.d.StatefulSetResource - [helmvolu] Desired StatefulSet (3 replicas) for status ROLLING_RESTART (SURGE_IN_PROGRESS)
2025-01-27 17:08:42,046 INFO c.h.h.t.HelmChartContainer - [hivemq-test-hivemq-platform] [hivemq-platform-operator] [10333020] 17:08:42.045 [ReconcilerExecutor-hivemq-controller-130] INFO  c.h.p.o.HiveMQPlatformReconciler - [helmvolu] Reconciling HiveMQ Platform 'test-hivemq-platform' in namespace 'helmvolumeclaimtemplatesit'
2025-01-27 17:08:42,049 INFO c.h.h.t.HelmChartContainer - [hivemq-test-hivemq-platform] [hivemq-platform-operator] [10333020] 17:08:42.045 [ReconcilerExecutor-hivemq-controller-130] DEBUG c.h.p.o.HiveMQPlatformReconciler - [helmvolu] Custom Resource Status ROLLING_RESTART - HiveMQ Platform is starting a surge Pod (rolling restart) (SURGE_IN_PROGRESS)
2025-01-27 17:08:42,050 INFO c.h.h.t.HelmChartContainer - [hivemq-test-hivemq-platform] [hivemq-platform-operator] [10333020] 17:08:42.045 [ReconcilerExecutor-hivemq-controller-130] DEBUG c.h.p.o.HiveMQPlatformReconciler - [helmvolu] Custom Resource Spec (replicas: 2) (extensions: 1)
2025-01-27 17:08:42,050 INFO c.h.h.t.HelmChartContainer - [hivemq-test-hivemq-platform] [hivemq-platform-operator] [10333020] 17:08:42.046 [ReconcilerExecutor-hivemq-controller-130] DEBUG c.h.p.o.HiveMQPlatformReconciler - [helmvolu] StatefulSet Status (revision: test-hivemq-platform-56957c7b74, replicas: 3, available: 2, ready: 2, current: 2, updated: 1)
2025-01-27 17:08:42,051 INFO c.h.h.t.HelmChartContainer - [hivemq-test-hivemq-platform] [hivemq-platform-operator] [10333020] 17:08:42.047 [ReconcilerExecutor-hivemq-controller-130] DEBUG c.h.p.o.HiveMQPlatformReconciler - [helmvolu] StatefulSet Spec (replicas: 3, init containers: 1, containers: 1, volumes: 4)
2025-01-27 17:08:42,051 INFO c.h.h.t.HelmChartContainer - [hivemq-test-hivemq-platform] [hivemq-platform-operator] [10333020] 17:08:42.048 [ReconcilerExecutor-hivemq-controller-130] DEBUG c.h.p.o.h.HiveMQPlatformReconcilerErrorHandler - [helmvolu] Pod 'test-hivemq-platform-2' phase Pending
2025-01-27 17:08:42,054 INFO c.h.h.t.HelmChartContainer - [POD] helper-pod-create-pvc-d1f62e63-eaa7-4d71-8a59-f524e23e565b [9551487b-8a7c-4dcf-ab57-27ae5889328c] in kube-system was ADDED
2025-01-27 17:08:42,063 INFO c.h.h.t.HelmChartContainer - [POD] helper-pod-create-pvc-d1f62e63-eaa7-4d71-8a59-f524e23e565b [9551487b-8a7c-4dcf-ab57-27ae5889328c] in kube-system was MODIFIED
2025-01-27 17:08:42,099 INFO c.h.h.t.HelmChartContainer - [hivemq-test-hivemq-platform] [hivemq-platform-operator] [10333020] 17:08:42.096 [ReconcilerExecutor-hivemq-controller-130] DEBUG c.h.p.o.h.HiveMQPlatformReconcilerErrorHandler - [helmvolu] Pod 'test-hivemq-platform-1' phase Running
2025-01-27 17:08:42,133 INFO c.h.h.t.HelmChartContainer - [hivemq-test-hivemq-platform] [hivemq-platform-operator] [10333020] 17:08:42.132 [ReconcilerExecutor-hivemq-controller-130] DEBUG c.h.p.o.h.HiveMQPlatformReconcilerErrorHandler - [helmvolu] Pod 'test-hivemq-platform-0' phase Running
2025-01-27 17:08:42,133 INFO c.h.h.t.HelmChartContainer - [hivemq-test-hivemq-platform] [hivemq-platform-operator] [10333020] 17:08:42.133 [ReconcilerExecutor-hivemq-controller-130] DEBUG c.h.p.o.h.HiveMQPlatformReconcilerRollingRestartHandler - [helmvolu] Rolling restart is waiting for 2 of 3 replicas
2025-01-27 17:08:42,137 INFO c.h.h.t.HelmChartContainer - [hivemq-test-hivemq-platform] [hivemq-platform-operator] [10333020] 17:08:42.135 [pool-6-thread-27] DEBUG c.h.p.o.d.PlatformServiceResource - [helmvolu] Desired Platform services (3 services)
2025-01-27 17:08:42,138 INFO c.h.h.t.HelmChartContainer - [hivemq-test-hivemq-platform] [hivemq-platform-operator] [10333020] 17:08:42.136 [pool-6-thread-24] DEBUG c.h.p.o.dependants.PodInfoConfigMap - [helmvolu] Desired PodInfo ConfigMap (1 extensions) (1 enabled)
2025-01-27 17:08:42,138 INFO c.h.h.t.HelmChartContainer - [hivemq-test-hivemq-platform] [hivemq-platform-operator] [10333020] 17:08:42.136 [pool-6-thread-24] DEBUG c.h.p.o.dependants.PodInfoConfigMap - [helmvolu] Desired PodInfo ConfigMap (metrics port: 9399) (metrics path: /)
2025-01-27 17:08:42,139 INFO c.h.h.t.HelmChartContainer - [hivemq-test-hivemq-platform] [hivemq-platform-operator] [10333020] 17:08:42.136 [pool-6-thread-24] DEBUG c.h.p.o.dependants.PodInfoConfigMap - [helmvolu] Desired PodInfo ConfigMap (extension state hash: -1817474005)
2025-01-27 17:08:42,139 INFO c.h.h.t.HelmChartContainer - [hivemq-test-hivemq-platform] [hivemq-platform-operator] [10333020] 17:08:42.138 [pool-6-thread-30] DEBUG c.h.p.o.d.PodServiceAccountResource - [helmvolu] Desired PodServiceAccountResource (serviceAccountName: hivemq-platform-pod-test-hivemq-platform)
2025-01-27 17:08:42,141 INFO c.h.h.t.HelmChartContainer - [hivemq-test-hivemq-platform] [hivemq-platform-operator] [10333020] 17:08:42.140 [pool-6-thread-27] DEBUG c.h.p.o.d.StatefulSetResource - [helmvolu] Desired StatefulSet (3 replicas) for status ROLLING_RESTART (SURGE_IN_PROGRESS)
2025-01-27 17:08:42,144 INFO c.h.h.t.HelmChartContainer - [hivemq-test-hivemq-platform] [hivemq-platform-operator] [10333020] 17:08:42.143 [ReconcilerExecutor-hivemq-controller-131] INFO  c.h.p.o.HiveMQPlatformReconciler - [helmvolu] Reconciling HiveMQ Platform 'test-hivemq-platform' in namespace 'helmvolumeclaimtemplatesit'
2025-01-27 17:08:42,146 INFO c.h.h.t.HelmChartContainer - [hivemq-test-hivemq-platform] [hivemq-platform-operator] [10333020] 17:08:42.143 [ReconcilerExecutor-hivemq-controller-131] DEBUG c.h.p.o.HiveMQPlatformReconciler - [helmvolu] Custom Resource Status ROLLING_RESTART - HiveMQ Platform is starting a surge Pod (rolling restart) (SURGE_IN_PROGRESS)
2025-01-27 17:08:42,146 INFO c.h.h.t.HelmChartContainer - [hivemq-test-hivemq-platform] [hivemq-platform-operator] [10333020] 17:08:42.143 [ReconcilerExecutor-hivemq-controller-131] DEBUG c.h.p.o.HiveMQPlatformReconciler - [helmvolu] Custom Resource Spec (replicas: 2) (extensions: 1)
2025-01-27 17:08:42,146 INFO c.h.h.t.HelmChartContainer - [hivemq-test-hivemq-platform] [hivemq-platform-operator] [10333020] 17:08:42.144 [ReconcilerExecutor-hivemq-controller-131] DEBUG c.h.p.o.HiveMQPlatformReconciler - [helmvolu] StatefulSet Status (revision: test-hivemq-platform-56957c7b74, replicas: 3, available: 2, ready: 2, current: 2, updated: 1)
2025-01-27 17:08:42,146 INFO c.h.h.t.HelmChartContainer - [hivemq-test-hivemq-platform] [hivemq-platform-operator] [10333020] 17:08:42.144 [ReconcilerExecutor-hivemq-controller-131] DEBUG c.h.p.o.HiveMQPlatformReconciler - [helmvolu] StatefulSet Spec (replicas: 3, init containers: 1, containers: 1, volumes: 4)
2025-01-27 17:08:42,147 INFO c.h.h.t.HelmChartContainer - [hivemq-test-hivemq-platform] [hivemq-platform-operator] [10333020] 17:08:42.146 [ReconcilerExecutor-hivemq-controller-131] DEBUG c.h.p.o.h.HiveMQPlatformReconcilerErrorHandler - [helmvolu] Pod 'test-hivemq-platform-2' phase Pending
2025-01-27 17:08:42,149 INFO c.h.h.t.HelmChartContainer - [hivemq-test-hivemq-platform] [hivemq-platform-operator] [10333020] 17:08:42.148 [ReconcilerExecutor-hivemq-controller-131] DEBUG c.h.p.o.h.HiveMQPlatformReconcilerErrorHandler - [helmvolu] Pod 'test-hivemq-platform-1' phase Running
2025-01-27 17:08:42,150 INFO c.h.h.t.HelmChartContainer - [hivemq-test-hivemq-platform] [hivemq-platform-operator] [10333020] 17:08:42.149 [ReconcilerExecutor-hivemq-controller-131] DEBUG c.h.p.o.h.HiveMQPlatformReconcilerErrorHandler - [helmvolu] Pod 'test-hivemq-platform-0' phase Running
2025-01-27 17:08:42,196 INFO c.h.h.t.HelmChartContainer - [hivemq-test-hivemq-platform] [hivemq-platform-operator] [10333020] 17:08:42.195 [ReconcilerExecutor-hivemq-controller-131] DEBUG c.h.p.o.h.HiveMQPlatformReconcilerRollingRestartHandler - [helmvolu] Rolling restart is waiting for 2 of 3 replicas
2025-01-27 17:08:42,218 INFO c.h.h.t.HelmChartContainer - [K3S] [reconciler_common.go:251] "operationExecutor.VerifyControllerAttachedVolume started for volume \"data\" (UniqueName: \"kubernetes.io/host-path/9551487b-8a7c-4dcf-ab57-27ae5889328c-data\") pod \"helper-pod-create-pvc-d1f62e63-eaa7-4d71-8a59-f524e23e565b\" (UID: \"9551487b-8a7c-4dcf-ab57-27ae5889328c\") " pod="kube-system/helper-pod-create-pvc-d1f62e63-eaa7-4d71-8a59-f524e23e565b"
2025-01-27 17:08:42,218 INFO c.h.h.t.HelmChartContainer - [K3S] [reconciler_common.go:251] "operationExecutor.VerifyControllerAttachedVolume started for volume \"script\" (UniqueName: \"kubernetes.io/configmap/9551487b-8a7c-4dcf-ab57-27ae5889328c-script\") pod \"helper-pod-create-pvc-d1f62e63-eaa7-4d71-8a59-f524e23e565b\" (UID: \"9551487b-8a7c-4dcf-ab57-27ae5889328c\") " pod="kube-system/helper-pod-create-pvc-d1f62e63-eaa7-4d71-8a59-f524e23e565b"
2025-01-27 17:08:42,218 INFO c.h.h.t.HelmChartContainer - [K3S] [reconciler_common.go:251] "operationExecutor.VerifyControllerAttachedVolume started for volume \"kube-api-access-z2c52\" (UniqueName: \"kubernetes.io/projected/9551487b-8a7c-4dcf-ab57-27ae5889328c-kube-api-access-z2c52\") pod \"helper-pod-create-pvc-d1f62e63-eaa7-4d71-8a59-f524e23e565b\" (UID: \"9551487b-8a7c-4dcf-ab57-27ae5889328c\") " pod="kube-system/helper-pod-create-pvc-d1f62e63-eaa7-4d71-8a59-f524e23e565b"
2025-01-27 17:08:42,759 INFO c.h.h.t.HelmChartContainer - [POD] helper-pod-create-pvc-d1f62e63-eaa7-4d71-8a59-f524e23e565b [9551487b-8a7c-4dcf-ab57-27ae5889328c] in kube-system was MODIFIED
2025-01-27 17:08:43,841 INFO c.h.h.t.HelmChartContainer - [POD] helper-pod-create-pvc-d1f62e63-eaa7-4d71-8a59-f524e23e565b [9551487b-8a7c-4dcf-ab57-27ae5889328c] in kube-system was MODIFIED
2025-01-27 17:08:43,930 INFO c.h.h.t.HelmChartContainer - [K3S] [reconciler_common.go:162] "operationExecutor.UnmountVolume started for volume \"data\" (UniqueName: \"kubernetes.io/host-path/9551487b-8a7c-4dcf-ab57-27ae5889328c-data\") pod \"9551487b-8a7c-4dcf-ab57-27ae5889328c\" (UID: \"9551487b-8a7c-4dcf-ab57-27ae5889328c\") "
2025-01-27 17:08:43,930 INFO c.h.h.t.HelmChartContainer - [K3S] [reconciler_common.go:162] "operationExecutor.UnmountVolume started for volume \"script\" (UniqueName: \"kubernetes.io/configmap/9551487b-8a7c-4dcf-ab57-27ae5889328c-script\") pod \"9551487b-8a7c-4dcf-ab57-27ae5889328c\" (UID: \"9551487b-8a7c-4dcf-ab57-27ae5889328c\") "
2025-01-27 17:08:43,930 INFO c.h.h.t.HelmChartContainer - [K3S] [reconciler_common.go:162] "operationExecutor.UnmountVolume started for volume \"kube-api-access-z2c52\" (UniqueName: \"kubernetes.io/projected/9551487b-8a7c-4dcf-ab57-27ae5889328c-kube-api-access-z2c52\") pod \"9551487b-8a7c-4dcf-ab57-27ae5889328c\" (UID: \"9551487b-8a7c-4dcf-ab57-27ae5889328c\") "
2025-01-27 17:08:44,030 INFO c.h.h.t.HelmChartContainer - [K3S] [reconciler_common.go:299] "Volume detached for volume \"data\" (UniqueName: \"kubernetes.io/host-path/9551487b-8a7c-4dcf-ab57-27ae5889328c-data\") on node \"7305957e3207\" DevicePath \"\""
2025-01-27 17:08:44,031 INFO c.h.h.t.HelmChartContainer - [K3S] [reconciler_common.go:299] "Volume detached for volume \"script\" (UniqueName: \"kubernetes.io/configmap/9551487b-8a7c-4dcf-ab57-27ae5889328c-script\") on node \"7305957e3207\" DevicePath \"\""
2025-01-27 17:08:44,031 INFO c.h.h.t.HelmChartContainer - [K3S] [reconciler_common.go:299] "Volume detached for volume \"kube-api-access-z2c52\" (UniqueName: \"kubernetes.io/projected/9551487b-8a7c-4dcf-ab57-27ae5889328c-kube-api-access-z2c52\") on node \"7305957e3207\" DevicePath \"\""
2025-01-27 17:08:44,070 INFO c.h.h.t.HelmChartContainer - [POD] helper-pod-create-pvc-d1f62e63-eaa7-4d71-8a59-f524e23e565b [9551487b-8a7c-4dcf-ab57-27ae5889328c] in kube-system was MODIFIED
2025-01-27 17:08:44,077 INFO c.h.h.t.HelmChartContainer - [POD] helper-pod-create-pvc-d1f62e63-eaa7-4d71-8a59-f524e23e565b [9551487b-8a7c-4dcf-ab57-27ae5889328c] in kube-system was DELETED
2025-01-27 17:08:44,083 INFO c.h.h.t.HelmChartContainer - [EVENT] Normal [ProvisioningSucceeded] Successfully provisioned volume pvc-d1f62e63-eaa7-4d71-8a59-f524e23e565b [helmvolumeclaimtemplatesit:hivemq-pvc-data-test-hivemq-platform-2]
2025-01-27 17:08:44,312 INFO c.h.h.t.HelmChartContainer - [K3S] [kubelet_volumes.go:163] "Cleaned up orphaned pod volumes dir" podUID="9551487b-8a7c-4dcf-ab57-27ae5889328c" path="/var/lib/kubelet/pods/9551487b-8a7c-4dcf-ab57-27ae5889328c/volumes"
2025-01-27 17:08:44,754 INFO c.h.h.t.HelmChartContainer - [K3S] [scope.go:117] "RemoveContainer" containerID="9566aad63f9fa52a0af44c934cb89c02b1d30f80f4ece855e65962cde6852924"
2025-01-27 17:08:44,966 INFO c.h.h.t.HelmChartContainer - [K3S] [memory_manager.go:355] "RemoveStaleState removing state" podUID="9551487b-8a7c-4dcf-ab57-27ae5889328c" containerName="helper-pod"
2025-01-27 17:08:44,968 INFO c.h.h.t.HelmChartContainer - [POD] test-hivemq-platform-2 [40ef4599-c952-4d38-a2e7-99b1fb4a1782] in helmvolumeclaimtemplatesit was MODIFIED
2025-01-27 17:08:44,970 INFO c.h.h.t.HelmChartContainer - [EVENT] Normal [Scheduled] Successfully assigned helmvolumeclaimtemplatesit/test-hivemq-platform-2 to 7305957e3207 [helmvolumeclaimtemplatesit:test-hivemq-platform-2]
2025-01-27 17:08:44,976 INFO c.h.h.t.HelmChartContainer - [hivemq-test-hivemq-platform] [hivemq-platform-operator] [10333020] 17:08:44.972 [pool-6-thread-40] DEBUG c.h.p.o.d.PlatformServiceResource - [helmvolu] Desired Platform services (3 services)
2025-01-27 17:08:44,976 INFO c.h.h.t.HelmChartContainer - [hivemq-test-hivemq-platform] [hivemq-platform-operator] [10333020] 17:08:44.972 [pool-6-thread-36] DEBUG c.h.p.o.dependants.PodInfoConfigMap - [helmvolu] Desired PodInfo ConfigMap (1 extensions) (1 enabled)
2025-01-27 17:08:44,976 INFO c.h.h.t.HelmChartContainer - [hivemq-test-hivemq-platform] [hivemq-platform-operator] [10333020] 17:08:44.972 [pool-6-thread-36] DEBUG c.h.p.o.dependants.PodInfoConfigMap - [helmvolu] Desired PodInfo ConfigMap (metrics port: 9399) (metrics path: /)
2025-01-27 17:08:44,976 INFO c.h.h.t.HelmChartContainer - [hivemq-test-hivemq-platform] [hivemq-platform-operator] [10333020] 17:08:44.972 [pool-6-thread-36] DEBUG c.h.p.o.dependants.PodInfoConfigMap - [helmvolu] Desired PodInfo ConfigMap (extension state hash: -1817474005)
2025-01-27 17:08:44,976 INFO c.h.h.t.HelmChartContainer - [hivemq-test-hivemq-platform] [hivemq-platform-operator] [10333020] 17:08:44.974 [pool-6-thread-36] DEBUG c.h.p.o.d.PodServiceAccountResource - [helmvolu] Desired PodServiceAccountResource (serviceAccountName: hivemq-platform-pod-test-hivemq-platform)
2025-01-27 17:08:44,982 INFO c.h.h.t.HelmChartContainer - [hivemq-test-hivemq-platform] [hivemq-platform-operator] [10333020] 17:08:44.977 [pool-6-thread-40] DEBUG c.h.p.o.d.StatefulSetResource - [helmvolu] Desired StatefulSet (3 replicas) for status ROLLING_RESTART (SURGE_IN_PROGRESS)
2025-01-27 17:08:44,986 INFO c.h.h.t.HelmChartContainer - [hivemq-test-hivemq-platform] [hivemq-platform-operator] [10333020] 17:08:44.983 [ReconcilerExecutor-hivemq-controller-132] INFO  c.h.p.o.HiveMQPlatformReconciler - [helmvolu] Reconciling HiveMQ Platform 'test-hivemq-platform' in namespace 'helmvolumeclaimtemplatesit'
2025-01-27 17:08:44,987 INFO c.h.h.t.HelmChartContainer - [hivemq-test-hivemq-platform] [hivemq-platform-operator] [10333020] 17:08:44.983 [ReconcilerExecutor-hivemq-controller-132] DEBUG c.h.p.o.HiveMQPlatformReconciler - [helmvolu] Custom Resource Status ROLLING_RESTART - HiveMQ Platform is starting a surge Pod (rolling restart) (SURGE_IN_PROGRESS)
2025-01-27 17:08:44,987 INFO c.h.h.t.HelmChartContainer - [hivemq-test-hivemq-platform] [hivemq-platform-operator] [10333020] 17:08:44.983 [ReconcilerExecutor-hivemq-controller-132] DEBUG c.h.p.o.HiveMQPlatformReconciler - [helmvolu] Custom Resource Spec (replicas: 2) (extensions: 1)
2025-01-27 17:08:44,987 INFO c.h.h.t.HelmChartContainer - [hivemq-test-hivemq-platform] [hivemq-platform-operator] [10333020] 17:08:44.985 [ReconcilerExecutor-hivemq-controller-132] DEBUG c.h.p.o.HiveMQPlatformReconciler - [helmvolu] StatefulSet Status (revision: test-hivemq-platform-56957c7b74, replicas: 3, available: 2, ready: 2, current: 2, updated: 1)
2025-01-27 17:08:44,989 INFO c.h.h.t.HelmChartContainer - [hivemq-test-hivemq-platform] [hivemq-platform-operator] [10333020] 17:08:44.985 [ReconcilerExecutor-hivemq-controller-132] DEBUG c.h.p.o.HiveMQPlatformReconciler - [helmvolu] StatefulSet Spec (replicas: 3, init containers: 1, containers: 1, volumes: 4)
2025-01-27 17:08:44,990 INFO c.h.h.t.HelmChartContainer - [POD] test-hivemq-platform-2 [40ef4599-c952-4d38-a2e7-99b1fb4a1782] in helmvolumeclaimtemplatesit was MODIFIED
2025-01-27 17:08:44,990 INFO c.h.h.t.HelmChartContainer - [hivemq-test-hivemq-platform] [hivemq-platform-operator] [10333020] 17:08:44.987 [ReconcilerExecutor-hivemq-controller-132] DEBUG c.h.p.o.h.HiveMQPlatformReconcilerErrorHandler - [helmvolu] Pod 'test-hivemq-platform-2' phase Pending
2025-01-27 17:08:44,991 INFO c.h.h.t.HelmChartContainer - [hivemq-test-hivemq-platform] [hivemq-platform-operator] [10333020] 17:08:44.987 [ReconcilerExecutor-hivemq-controller-132] DEBUG c.h.p.o.h.HiveMQPlatformReconcilerErrorHandler - [helmvolu] Pod 'test-hivemq-platform-2' condition 'PodReadyToStartContainers': False
2025-01-27 17:08:44,991 INFO c.h.h.t.HelmChartContainer - [hivemq-test-hivemq-platform] [hivemq-platform-operator] [10333020] 17:08:44.987 [ReconcilerExecutor-hivemq-controller-132] DEBUG c.h.p.o.h.HiveMQPlatformReconcilerErrorHandler - [helmvolu] Pod 'test-hivemq-platform-2' condition 'Initialized': False
2025-01-27 17:08:44,991 INFO c.h.h.t.HelmChartContainer - [hivemq-test-hivemq-platform] [hivemq-platform-operator] [10333020] 17:08:44.987 [ReconcilerExecutor-hivemq-controller-132] DEBUG c.h.p.o.h.HiveMQPlatformReconcilerErrorHandler - [helmvolu] Pod 'test-hivemq-platform-2' condition 'Ready': False
2025-01-27 17:08:44,991 INFO c.h.h.t.HelmChartContainer - [hivemq-test-hivemq-platform] [hivemq-platform-operator] [10333020] 17:08:44.987 [ReconcilerExecutor-hivemq-controller-132] DEBUG c.h.p.o.h.HiveMQPlatformReconcilerErrorHandler - [helmvolu] Pod 'test-hivemq-platform-2' condition 'ContainersReady': False
2025-01-27 17:08:44,992 INFO c.h.h.t.HelmChartContainer - [hivemq-test-hivemq-platform] [hivemq-platform-operator] [10333020] 17:08:44.987 [ReconcilerExecutor-hivemq-controller-132] DEBUG c.h.p.o.h.HiveMQPlatformReconcilerErrorHandler - [helmvolu] Pod 'test-hivemq-platform-2' condition 'PodScheduled': True
2025-01-27 17:08:44,992 INFO c.h.h.t.HelmChartContainer - [hivemq-test-hivemq-platform] [hivemq-platform-operator] [10333020] 17:08:44.987 [ReconcilerExecutor-hivemq-controller-132] DEBUG c.h.p.o.h.HiveMQPlatformReconcilerErrorHandler - [helmvolu] Pod 'test-hivemq-platform-2' containerStatus 'hivemq' (started: false) (ready: false) (waiting: [PodInitializing] null)
2025-01-27 17:08:44,992 INFO c.h.h.t.HelmChartContainer - [hivemq-test-hivemq-platform] [hivemq-platform-operator] [10333020] 17:08:44.988 [ReconcilerExecutor-hivemq-controller-132] DEBUG c.h.p.o.h.HiveMQPlatformReconcilerErrorHandler - [helmvolu] Pod 'test-hivemq-platform-1' phase Running
2025-01-27 17:08:44,992 INFO c.h.h.t.HelmChartContainer - [hivemq-test-hivemq-platform] [hivemq-platform-operator] [10333020] 17:08:44.989 [ReconcilerExecutor-hivemq-controller-132] DEBUG c.h.p.o.h.HiveMQPlatformReconcilerErrorHandler - [helmvolu] Pod 'test-hivemq-platform-0' phase Running
2025-01-27 17:08:44,992 INFO c.h.h.t.HelmChartContainer - [hivemq-test-hivemq-platform] [hivemq-platform-operator] [10333020] 17:08:44.991 [ReconcilerExecutor-hivemq-controller-132] DEBUG c.h.p.o.h.HiveMQPlatformReconcilerRollingRestartHandler - [helmvolu] Rolling restart is waiting for 2 of 3 replicas
2025-01-27 17:08:44,996 INFO c.h.h.t.HelmChartContainer - [hivemq-test-hivemq-platform] [hivemq-platform-operator] [10333020] 17:08:44.994 [pool-6-thread-43] DEBUG c.h.p.o.d.PlatformServiceResource - [helmvolu] Desired Platform services (3 services)
2025-01-27 17:08:44,996 INFO c.h.h.t.HelmChartContainer - [hivemq-test-hivemq-platform] [hivemq-platform-operator] [10333020] 17:08:44.995 [pool-6-thread-44] DEBUG c.h.p.o.dependants.PodInfoConfigMap - [helmvolu] Desired PodInfo ConfigMap (1 extensions) (1 enabled)
2025-01-27 17:08:44,996 INFO c.h.h.t.HelmChartContainer - [hivemq-test-hivemq-platform] [hivemq-platform-operator] [10333020] 17:08:44.995 [pool-6-thread-44] DEBUG c.h.p.o.dependants.PodInfoConfigMap - [helmvolu] Desired PodInfo ConfigMap (metrics port: 9399) (metrics path: /)
2025-01-27 17:08:44,996 INFO c.h.h.t.HelmChartContainer - [hivemq-test-hivemq-platform] [hivemq-platform-operator] [10333020] 17:08:44.995 [pool-6-thread-44] DEBUG c.h.p.o.dependants.PodInfoConfigMap - [helmvolu] Desired PodInfo ConfigMap (extension state hash: -1817474005)
2025-01-27 17:08:45,033 INFO c.h.h.t.HelmChartContainer - [hivemq-test-hivemq-platform] [hivemq-platform-operator] [10333020] 17:08:45.031 [pool-6-thread-49] DEBUG c.h.p.o.d.PodServiceAccountResource - [helmvolu] Desired PodServiceAccountResource (serviceAccountName: hivemq-platform-pod-test-hivemq-platform)
2025-01-27 17:08:45,036 INFO c.h.h.t.HelmChartContainer - [hivemq-test-hivemq-platform] [hivemq-platform-operator] [10333020] 17:08:45.035 [pool-6-thread-43] DEBUG c.h.p.o.d.StatefulSetResource - [helmvolu] Desired StatefulSet (3 replicas) for status ROLLING_RESTART (SURGE_IN_PROGRESS)
2025-01-27 17:08:45,039 INFO c.h.h.t.HelmChartContainer - [hivemq-test-hivemq-platform] [hivemq-platform-operator] [10333020] 17:08:45.038 [ReconcilerExecutor-hivemq-controller-133] INFO  c.h.p.o.HiveMQPlatformReconciler - [helmvolu] Reconciling HiveMQ Platform 'test-hivemq-platform' in namespace 'helmvolumeclaimtemplatesit'
2025-01-27 17:08:45,043 INFO c.h.h.t.HelmChartContainer - [hivemq-test-hivemq-platform] [hivemq-platform-operator] [10333020] 17:08:45.038 [ReconcilerExecutor-hivemq-controller-133] DEBUG c.h.p.o.HiveMQPlatformReconciler - [helmvolu] Custom Resource Status ROLLING_RESTART - HiveMQ Platform is starting a surge Pod (rolling restart) (SURGE_IN_PROGRESS)
2025-01-27 17:08:45,043 INFO c.h.h.t.HelmChartContainer - [hivemq-test-hivemq-platform] [hivemq-platform-operator] [10333020] 17:08:45.039 [ReconcilerExecutor-hivemq-controller-133] DEBUG c.h.p.o.HiveMQPlatformReconciler - [helmvolu] Custom Resource Spec (replicas: 2) (extensions: 1)
2025-01-27 17:08:45,043 INFO c.h.h.t.HelmChartContainer - [hivemq-test-hivemq-platform] [hivemq-platform-operator] [10333020] 17:08:45.040 [ReconcilerExecutor-hivemq-controller-133] DEBUG c.h.p.o.HiveMQPlatformReconciler - [helmvolu] StatefulSet Status (revision: test-hivemq-platform-56957c7b74, replicas: 3, available: 2, ready: 2, current: 2, updated: 1)
2025-01-27 17:08:45,043 INFO c.h.h.t.HelmChartContainer - [hivemq-test-hivemq-platform] [hivemq-platform-operator] [10333020] 17:08:45.040 [ReconcilerExecutor-hivemq-controller-133] DEBUG c.h.p.o.HiveMQPlatformReconciler - [helmvolu] StatefulSet Spec (replicas: 3, init containers: 1, containers: 1, volumes: 4)
2025-01-27 17:08:45,045 INFO c.h.h.t.HelmChartContainer - [hivemq-test-hivemq-platform] [hivemq-platform-operator] [10333020] 17:08:45.042 [ReconcilerExecutor-hivemq-controller-133] DEBUG c.h.p.o.h.HiveMQPlatformReconcilerErrorHandler - [helmvolu] Pod 'test-hivemq-platform-2' phase Pending
2025-01-27 17:08:45,045 INFO c.h.h.t.HelmChartContainer - [hivemq-test-hivemq-platform] [hivemq-platform-operator] [10333020] 17:08:45.042 [ReconcilerExecutor-hivemq-controller-133] DEBUG c.h.p.o.h.HiveMQPlatformReconcilerErrorHandler - [helmvolu] Pod 'test-hivemq-platform-2' condition 'PodReadyToStartContainers': False
2025-01-27 17:08:45,045 INFO c.h.h.t.HelmChartContainer - [hivemq-test-hivemq-platform] [hivemq-platform-operator] [10333020] 17:08:45.042 [ReconcilerExecutor-hivemq-controller-133] DEBUG c.h.p.o.h.HiveMQPlatformReconcilerErrorHandler - [helmvolu] Pod 'test-hivemq-platform-2' condition 'Initialized': False
2025-01-27 17:08:45,045 INFO c.h.h.t.HelmChartContainer - [hivemq-test-hivemq-platform] [hivemq-platform-operator] [10333020] 17:08:45.042 [ReconcilerExecutor-hivemq-controller-133] DEBUG c.h.p.o.h.HiveMQPlatformReconcilerErrorHandler - [helmvolu] Pod 'test-hivemq-platform-2' condition 'Ready': False
2025-01-27 17:08:45,045 INFO c.h.h.t.HelmChartContainer - [hivemq-test-hivemq-platform] [hivemq-platform-operator] [10333020] 17:08:45.042 [ReconcilerExecutor-hivemq-controller-133] DEBUG c.h.p.o.h.HiveMQPlatformReconcilerErrorHandler - [helmvolu] Pod 'test-hivemq-platform-2' condition 'ContainersReady': False
2025-01-27 17:08:45,045 INFO c.h.h.t.HelmChartContainer - [hivemq-test-hivemq-platform] [hivemq-platform-operator] [10333020] 17:08:45.042 [ReconcilerExecutor-hivemq-controller-133] DEBUG c.h.p.o.h.HiveMQPlatformReconcilerErrorHandler - [helmvolu] Pod 'test-hivemq-platform-2' condition 'PodScheduled': True
2025-01-27 17:08:45,045 INFO c.h.h.t.HelmChartContainer - [hivemq-test-hivemq-platform] [hivemq-platform-operator] [10333020] 17:08:45.042 [ReconcilerExecutor-hivemq-controller-133] DEBUG c.h.p.o.h.HiveMQPlatformReconcilerErrorHandler - [helmvolu] Pod 'test-hivemq-platform-2' containerStatus 'hivemq' (started: false) (ready: false) (waiting: [PodInitializing] null)
2025-01-27 17:08:45,046 INFO c.h.h.t.HelmChartContainer - [hivemq-test-hivemq-platform] [hivemq-platform-operator] [10333020] 17:08:45.045 [ReconcilerExecutor-hivemq-controller-133] DEBUG c.h.p.o.h.HiveMQPlatformReconcilerErrorHandler - [helmvolu] Pod 'test-hivemq-platform-1' phase Running
2025-01-27 17:08:45,047 INFO c.h.h.t.HelmChartContainer - [hivemq-test-hivemq-platform] [hivemq-platform-operator] [10333020] 17:08:45.046 [ReconcilerExecutor-hivemq-controller-133] DEBUG c.h.p.o.h.HiveMQPlatformReconcilerErrorHandler - [helmvolu] Pod 'test-hivemq-platform-0' phase Running
2025-01-27 17:08:45,048 INFO c.h.h.t.HelmChartContainer - [hivemq-test-hivemq-platform] [hivemq-platform-operator] [10333020] 17:08:45.047 [ReconcilerExecutor-hivemq-controller-133] DEBUG c.h.p.o.h.HiveMQPlatformReconcilerRollingRestartHandler - [helmvolu] Rolling restart is waiting for 2 of 3 replicas
2025-01-27 17:08:45,138 INFO c.h.h.t.HelmChartContainer - [K3S] [reconciler_common.go:251] "operationExecutor.VerifyControllerAttachedVolume started for volume \"pod-info\" (UniqueName: \"kubernetes.io/configmap/40ef4599-c952-4d38-a2e7-99b1fb4a1782-pod-info\") pod \"test-hivemq-platform-2\" (UID: \"40ef4599-c952-4d38-a2e7-99b1fb4a1782\") " pod="helmvolumeclaimtemplatesit/test-hivemq-platform-2"
2025-01-27 17:08:45,138 INFO c.h.h.t.HelmChartContainer - [K3S] [reconciler_common.go:251] "operationExecutor.VerifyControllerAttachedVolume started for volume \"pvc-d1f62e63-eaa7-4d71-8a59-f524e23e565b\" (UniqueName: \"kubernetes.io/local-volume/pvc-d1f62e63-eaa7-4d71-8a59-f524e23e565b\") pod \"test-hivemq-platform-2\" (UID: \"40ef4599-c952-4d38-a2e7-99b1fb4a1782\") " pod="helmvolumeclaimtemplatesit/test-hivemq-platform-2"
2025-01-27 17:08:45,138 INFO c.h.h.t.HelmChartContainer - [K3S] [reconciler_common.go:251] "operationExecutor.VerifyControllerAttachedVolume started for volume \"broker-configuration\" (UniqueName: \"kubernetes.io/configmap/40ef4599-c952-4d38-a2e7-99b1fb4a1782-broker-configuration\") pod \"test-hivemq-platform-2\" (UID: \"40ef4599-c952-4d38-a2e7-99b1fb4a1782\") " pod="helmvolumeclaimtemplatesit/test-hivemq-platform-2"
2025-01-27 17:08:45,138 INFO c.h.h.t.HelmChartContainer - [K3S] [reconciler_common.go:251] "operationExecutor.VerifyControllerAttachedVolume started for volume \"operator-init\" (UniqueName: \"kubernetes.io/empty-dir/40ef4599-c952-4d38-a2e7-99b1fb4a1782-operator-init\") pod \"test-hivemq-platform-2\" (UID: \"40ef4599-c952-4d38-a2e7-99b1fb4a1782\") " pod="helmvolumeclaimtemplatesit/test-hivemq-platform-2"
2025-01-27 17:08:45,139 INFO c.h.h.t.HelmChartContainer - [K3S] [reconciler_common.go:251] "operationExecutor.VerifyControllerAttachedVolume started for volume \"kube-api-access-942nl\" (UniqueName: \"kubernetes.io/projected/40ef4599-c952-4d38-a2e7-99b1fb4a1782-kube-api-access-942nl\") pod \"test-hivemq-platform-2\" (UID: \"40ef4599-c952-4d38-a2e7-99b1fb4a1782\") " pod="helmvolumeclaimtemplatesit/test-hivemq-platform-2"
2025-01-27 17:08:45,359 INFO c.h.h.t.HelmChartContainer - [EVENT] Normal [Pulled] Container image "docker.io/hivemq/hivemq-platform-operator-init-test:snapshot" already present on machine [helmvolumeclaimtemplatesit:test-hivemq-platform-2]
2025-01-27 17:08:45,366 INFO c.h.h.t.HelmChartContainer - [EVENT] Normal [Created] Created container: hivemq-platform-operator-init [helmvolumeclaimtemplatesit:test-hivemq-platform-2]
2025-01-27 17:08:45,404 INFO c.h.h.t.HelmChartContainer - [EVENT] Normal [Started] Started container hivemq-platform-operator-init [helmvolumeclaimtemplatesit:test-hivemq-platform-2]
2025-01-27 17:08:45,761 INFO c.h.h.t.HelmChartContainer - [EVENT] Normal [Pulled] Container image "docker.io/hivemq/hivemq4:4.35.0" already present on machine [helmvolumeclaimtemplatesit:test-hivemq-platform-2]
2025-01-27 17:08:45,761 INFO c.h.h.t.HelmChartContainer - Received Pulled event for container hivemq in pod test-hivemq-platform-2 [40ef4599-c952-4d38-a2e7-99b1fb4a1782]
2025-01-27 17:08:45,774 INFO c.h.h.t.HelmChartContainer - [POD] test-hivemq-platform-2 [40ef4599-c952-4d38-a2e7-99b1fb4a1782] in helmvolumeclaimtemplatesit was MODIFIED
2025-01-27 17:08:45,775 INFO c.h.h.t.HelmChartContainer - [EVENT] Normal [Created] Created container: hivemq [helmvolumeclaimtemplatesit:test-hivemq-platform-2]
2025-01-27 17:08:45,775 INFO c.h.h.t.HelmChartContainer - Received Created event for container hivemq in pod test-hivemq-platform-2 [40ef4599-c952-4d38-a2e7-99b1fb4a1782]
2025-01-27 17:08:45,785 INFO c.h.h.t.HelmChartContainer - [hivemq-test-hivemq-platform] [hivemq-platform-operator] [10333020] 17:08:45.778 [pool-6-thread-10] DEBUG c.h.p.o.d.PlatformServiceResource - [helmvolu] Desired Platform services (3 services)
2025-01-27 17:08:45,794 INFO c.h.h.t.HelmChartContainer - [hivemq-test-hivemq-platform] [hivemq-platform-operator] [10333020] 17:08:45.781 [pool-6-thread-5] DEBUG c.h.p.o.dependants.PodInfoConfigMap - [helmvolu] Desired PodInfo ConfigMap (1 extensions) (1 enabled)
2025-01-27 17:08:45,794 INFO c.h.h.t.HelmChartContainer - [hivemq-test-hivemq-platform] [hivemq-platform-operator] [10333020] 17:08:45.784 [pool-6-thread-9] DEBUG c.h.p.o.d.PodServiceAccountResource - [helmvolu] Desired PodServiceAccountResource (serviceAccountName: hivemq-platform-pod-test-hivemq-platform)
2025-01-27 17:08:45,794 INFO c.h.h.t.HelmChartContainer - [hivemq-test-hivemq-platform] [hivemq-platform-operator] [10333020] 17:08:45.781 [pool-6-thread-5] DEBUG c.h.p.o.dependants.PodInfoConfigMap - [helmvolu] Desired PodInfo ConfigMap (metrics port: 9399) (metrics path: /)
2025-01-27 17:08:45,794 INFO c.h.h.t.HelmChartContainer - [hivemq-test-hivemq-platform] [hivemq-platform-operator] [10333020] 17:08:45.784 [pool-6-thread-5] DEBUG c.h.p.o.dependants.PodInfoConfigMap - [helmvolu] Desired PodInfo ConfigMap (extension state hash: -1817474005)
2025-01-27 17:08:45,806 INFO c.h.h.t.HelmChartContainer - [hivemq-test-hivemq-platform] [hivemq-platform-operator] [10333020] 17:08:45.795 [pool-6-thread-10] DEBUG c.h.p.o.d.StatefulSetResource - [helmvolu] Desired StatefulSet (3 replicas) for status ROLLING_RESTART (SURGE_IN_PROGRESS)
2025-01-27 17:08:45,814 INFO c.h.h.t.HelmChartContainer - [hivemq-test-hivemq-platform] [hivemq-platform-operator] [10333020] 17:08:45.799 [ReconcilerExecutor-hivemq-controller-134] INFO  c.h.p.o.HiveMQPlatformReconciler - [helmvolu] Reconciling HiveMQ Platform 'test-hivemq-platform' in namespace 'helmvolumeclaimtemplatesit'
2025-01-27 17:08:45,814 INFO c.h.h.t.HelmChartContainer - [hivemq-test-hivemq-platform] [hivemq-platform-operator] [10333020] 17:08:45.799 [ReconcilerExecutor-hivemq-controller-134] DEBUG c.h.p.o.HiveMQPlatformReconciler - [helmvolu] Custom Resource Status ROLLING_RESTART - HiveMQ Platform is starting a surge Pod (rolling restart) (SURGE_IN_PROGRESS)
2025-01-27 17:08:45,814 INFO c.h.h.t.HelmChartContainer - [hivemq-test-hivemq-platform] [hivemq-platform-operator] [10333020] 17:08:45.799 [ReconcilerExecutor-hivemq-controller-134] DEBUG c.h.p.o.HiveMQPlatformReconciler - [helmvolu] Custom Resource Spec (replicas: 2) (extensions: 1)
2025-01-27 17:08:45,814 INFO c.h.h.t.HelmChartContainer - [hivemq-test-hivemq-platform] [hivemq-platform-operator] [10333020] 17:08:45.801 [ReconcilerExecutor-hivemq-controller-134] DEBUG c.h.p.o.HiveMQPlatformReconciler - [helmvolu] StatefulSet Status (revision: test-hivemq-platform-56957c7b74, replicas: 3, available: 2, ready: 2, current: 2, updated: 1)
2025-01-27 17:08:45,814 INFO c.h.h.t.HelmChartContainer - [hivemq-test-hivemq-platform] [hivemq-platform-operator] [10333020] 17:08:45.801 [ReconcilerExecutor-hivemq-controller-134] DEBUG c.h.p.o.HiveMQPlatformReconciler - [helmvolu] StatefulSet Spec (replicas: 3, init containers: 1, containers: 1, volumes: 4)
2025-01-27 17:08:45,814 INFO c.h.h.t.HelmChartContainer - [hivemq-test-hivemq-platform] [hivemq-platform-operator] [10333020] 17:08:45.802 [ReconcilerExecutor-hivemq-controller-134] DEBUG c.h.p.o.h.HiveMQPlatformReconcilerErrorHandler - [helmvolu] Pod 'test-hivemq-platform-2' phase Pending
2025-01-27 17:08:45,814 INFO c.h.h.t.HelmChartContainer - [hivemq-test-hivemq-platform] [hivemq-platform-operator] [10333020] 17:08:45.803 [ReconcilerExecutor-hivemq-controller-134] DEBUG c.h.p.o.h.HiveMQPlatformReconcilerErrorHandler - [helmvolu] Pod 'test-hivemq-platform-2' condition 'PodReadyToStartContainers': True
2025-01-27 17:08:45,814 INFO c.h.h.t.HelmChartContainer - [hivemq-test-hivemq-platform] [hivemq-platform-operator] [10333020] 17:08:45.803 [ReconcilerExecutor-hivemq-controller-134] DEBUG c.h.p.o.h.HiveMQPlatformReconcilerErrorHandler - [helmvolu] Pod 'test-hivemq-platform-2' condition 'Initialized': True
2025-01-27 17:08:45,814 INFO c.h.h.t.HelmChartContainer - [hivemq-test-hivemq-platform] [hivemq-platform-operator] [10333020] 17:08:45.803 [ReconcilerExecutor-hivemq-controller-134] DEBUG c.h.p.o.h.HiveMQPlatformReconcilerErrorHandler - [helmvolu] Pod 'test-hivemq-platform-2' condition 'Ready': False
2025-01-27 17:08:45,814 INFO c.h.h.t.HelmChartContainer - [hivemq-test-hivemq-platform] [hivemq-platform-operator] [10333020] 17:08:45.803 [ReconcilerExecutor-hivemq-controller-134] DEBUG c.h.p.o.h.HiveMQPlatformReconcilerErrorHandler - [helmvolu] Pod 'test-hivemq-platform-2' condition 'ContainersReady': False
2025-01-27 17:08:45,815 INFO c.h.h.t.HelmChartContainer - [hivemq-test-hivemq-platform] [hivemq-platform-operator] [10333020] 17:08:45.803 [ReconcilerExecutor-hivemq-controller-134] DEBUG c.h.p.o.h.HiveMQPlatformReconcilerErrorHandler - [helmvolu] Pod 'test-hivemq-platform-2' condition 'PodScheduled': True
2025-01-27 17:08:45,815 INFO c.h.h.t.HelmChartContainer - [hivemq-test-hivemq-platform] [hivemq-platform-operator] [10333020] 17:08:45.803 [ReconcilerExecutor-hivemq-controller-134] DEBUG c.h.p.o.h.HiveMQPlatformReconcilerErrorHandler - [helmvolu] Pod 'test-hivemq-platform-2' containerStatus 'hivemq' (started: false) (ready: false) (waiting: [PodInitializing] null)
2025-01-27 17:08:45,815 INFO c.h.h.t.HelmChartContainer - [hivemq-test-hivemq-platform] [hivemq-platform-operator] [10333020] 17:08:45.804 [ReconcilerExecutor-hivemq-controller-134] DEBUG c.h.p.o.h.HiveMQPlatformReconcilerErrorHandler - [helmvolu] Pod 'test-hivemq-platform-1' phase Running
2025-01-27 17:08:45,815 INFO c.h.h.t.HelmChartContainer - [hivemq-test-hivemq-platform] [hivemq-platform-operator] [10333020] 17:08:45.805 [ReconcilerExecutor-hivemq-controller-134] DEBUG c.h.p.o.h.HiveMQPlatformReconcilerErrorHandler - [helmvolu] Pod 'test-hivemq-platform-0' phase Running
2025-01-27 17:08:45,815 INFO c.h.h.t.HelmChartContainer - [hivemq-test-hivemq-platform] [hivemq-platform-operator] [10333020] 17:08:45.806 [ReconcilerExecutor-hivemq-controller-134] DEBUG c.h.p.o.h.HiveMQPlatformReconcilerRollingRestartHandler - [helmvolu] Rolling restart is waiting for 2 of 3 replicas
2025-01-27 17:08:46,772 INFO c.h.h.t.HelmChartContainer - [POD] test-hivemq-platform-2 [40ef4599-c952-4d38-a2e7-99b1fb4a1782] in helmvolumeclaimtemplatesit was MODIFIED
2025-01-27 17:08:46,781 INFO c.h.h.t.HelmChartContainer - [hivemq-test-hivemq-platform] [hivemq-platform-operator] [10333020] 17:08:46.776 [pool-6-thread-12] DEBUG c.h.p.o.d.PlatformServiceResource - [helmvolu] Desired Platform services (3 services)
2025-01-27 17:08:46,781 INFO c.h.h.t.HelmChartContainer - [hivemq-test-hivemq-platform] [hivemq-platform-operator] [10333020] 17:08:46.777 [pool-6-thread-14] DEBUG c.h.p.o.dependants.PodInfoConfigMap - [helmvolu] Desired PodInfo ConfigMap (1 extensions) (1 enabled)
2025-01-27 17:08:46,781 INFO c.h.h.t.HelmChartContainer - [hivemq-test-hivemq-platform] [hivemq-platform-operator] [10333020] 17:08:46.777 [pool-6-thread-14] DEBUG c.h.p.o.dependants.PodInfoConfigMap - [helmvolu] Desired PodInfo ConfigMap (metrics port: 9399) (metrics path: /)
2025-01-27 17:08:46,781 INFO c.h.h.t.HelmChartContainer - [hivemq-test-hivemq-platform] [hivemq-platform-operator] [10333020] 17:08:46.777 [pool-6-thread-14] DEBUG c.h.p.o.dependants.PodInfoConfigMap - [helmvolu] Desired PodInfo ConfigMap (extension state hash: -1817474005)
2025-01-27 17:08:46,784 INFO c.h.h.t.HelmChartContainer - Started log watcher for hivemq in pod test-hivemq-platform-2 [40ef4599-c952-4d38-a2e7-99b1fb4a1782]
2025-01-27 17:08:46,784 INFO c.h.h.t.HelmChartContainer - [test-hivemq-platform] [hivemq] [40ef4599] Adding pre-installed HiveMQ Platform Operator extensions
2025-01-27 17:08:46,784 INFO c.h.h.t.HelmChartContainer - [test-hivemq-platform] [hivemq] [40ef4599] Running as user 10000
2025-01-27 17:08:46,784 INFO c.h.h.t.HelmChartContainer - [test-hivemq-platform] [hivemq] [40ef4599] Starting HiveMQ Platform Operator Init
2025-01-27 17:08:46,784 INFO c.h.h.t.HelmChartContainer - [hivemq-test-hivemq-platform] [hivemq-platform-operator] [10333020] 17:08:46.782 [pool-6-thread-15] DEBUG c.h.p.o.d.PodServiceAccountResource - [helmvolu] Desired PodServiceAccountResource (serviceAccountName: hivemq-platform-pod-test-hivemq-platform)
2025-01-27 17:08:46,786 INFO c.h.h.t.HelmChartContainer - [hivemq-test-hivemq-platform] [hivemq-platform-operator] [10333020] 17:08:46.786 [pool-6-thread-12] DEBUG c.h.p.o.d.StatefulSetResource - [helmvolu] Desired StatefulSet (3 replicas) for status ROLLING_RESTART (SURGE_IN_PROGRESS)
2025-01-27 17:08:46,787 INFO c.h.h.t.HelmChartContainer - [EVENT] Normal [Started] Started container hivemq [helmvolumeclaimtemplatesit:test-hivemq-platform-2]
2025-01-27 17:08:46,787 INFO c.h.h.t.HelmChartContainer - Received Started event for container hivemq in pod test-hivemq-platform-2 [40ef4599-c952-4d38-a2e7-99b1fb4a1782]
2025-01-27 17:08:46,791 INFO c.h.h.t.HelmChartContainer - [hivemq-test-hivemq-platform] [hivemq-platform-operator] [10333020] 17:08:46.789 [ReconcilerExecutor-hivemq-controller-135] INFO  c.h.p.o.HiveMQPlatformReconciler - [helmvolu] Reconciling HiveMQ Platform 'test-hivemq-platform' in namespace 'helmvolumeclaimtemplatesit'
2025-01-27 17:08:46,793 INFO c.h.h.t.HelmChartContainer - [hivemq-test-hivemq-platform] [hivemq-platform-operator] [10333020] 17:08:46.789 [ReconcilerExecutor-hivemq-controller-135] DEBUG c.h.p.o.HiveMQPlatformReconciler - [helmvolu] Custom Resource Status ROLLING_RESTART - HiveMQ Platform is starting a surge Pod (rolling restart) (SURGE_IN_PROGRESS)
2025-01-27 17:08:46,794 INFO c.h.h.t.HelmChartContainer - [hivemq-test-hivemq-platform] [hivemq-platform-operator] [10333020] 17:08:46.789 [ReconcilerExecutor-hivemq-controller-135] DEBUG c.h.p.o.HiveMQPlatformReconciler - [helmvolu] Custom Resource Spec (replicas: 2) (extensions: 1)
2025-01-27 17:08:46,795 INFO c.h.h.t.HelmChartContainer - [hivemq-test-hivemq-platform] [hivemq-platform-operator] [10333020] 17:08:46.790 [ReconcilerExecutor-hivemq-controller-135] DEBUG c.h.p.o.HiveMQPlatformReconciler - [helmvolu] StatefulSet Status (revision: test-hivemq-platform-56957c7b74, replicas: 3, available: 2, ready: 2, current: 2, updated: 1)
2025-01-27 17:08:46,796 INFO c.h.h.t.HelmChartContainer - [hivemq-test-hivemq-platform] [hivemq-platform-operator] [10333020] 17:08:46.790 [ReconcilerExecutor-hivemq-controller-135] DEBUG c.h.p.o.HiveMQPlatformReconciler - [helmvolu] StatefulSet Spec (replicas: 3, init containers: 1, containers: 1, volumes: 4)
2025-01-27 17:08:46,796 INFO c.h.h.t.HelmChartContainer - [hivemq-test-hivemq-platform] [hivemq-platform-operator] [10333020] 17:08:46.791 [ReconcilerExecutor-hivemq-controller-135] DEBUG c.h.p.o.h.HiveMQPlatformReconcilerErrorHandler - [helmvolu] Pod 'test-hivemq-platform-2' phase Running
2025-01-27 17:08:46,796 INFO c.h.h.t.HelmChartContainer - [hivemq-test-hivemq-platform] [hivemq-platform-operator] [10333020] 17:08:46.793 [ReconcilerExecutor-hivemq-controller-135] DEBUG c.h.p.o.h.HiveMQPlatformReconcilerErrorHandler - [helmvolu] Pod 'test-hivemq-platform-1' phase Running
2025-01-27 17:08:46,796 INFO c.h.h.t.HelmChartContainer - [hivemq-test-hivemq-platform] [hivemq-platform-operator] [10333020] 17:08:46.793 [ReconcilerExecutor-hivemq-controller-135] DEBUG c.h.p.o.h.HiveMQPlatformReconcilerErrorHandler - [helmvolu] Pod 'test-hivemq-platform-0' phase Running
2025-01-27 17:08:46,796 INFO c.h.h.t.HelmChartContainer - [hivemq-test-hivemq-platform] [hivemq-platform-operator] [10333020] 17:08:46.794 [ReconcilerExecutor-hivemq-controller-135] DEBUG c.h.p.o.h.HiveMQPlatformReconcilerRollingRestartHandler - [helmvolu] Rolling restart is waiting for 2 of 3 replicas
2025-01-27 17:08:47,039 INFO c.h.h.t.HelmChartContainer - [test-hivemq-platform] [hivemq] [40ef4599] INFO  - [HiveMQ Platform Operator Init 1.7.0-SNAPSHOT] HiveMQ Platform Operator Init 1.7.0-SNAPSHOT (commit: bebf408 on branch: HEAD) built on Sun Jan 26 20:47:47 UTC 2025
2025-01-27 17:08:48,146 INFO c.h.h.t.HelmChartContainer - [test-hivemq-platform] [hivemq] [40ef4599] INFO  - [HiveMQ Platform Operator Init App 1.7.0-SNAPSHOT] Using bind address 10.42.0.14 from environment variable
2025-01-27 17:08:49,049 INFO c.h.h.t.HelmChartContainer - [test-hivemq-platform] [hivemq] [40ef4599] INFO  - [HiveMQ Platform Operator Init App 1.7.0-SNAPSHOT] HiveMQ Platform Operator Init App 1.7.0-SNAPSHOT (commit: bebf408 on branch: HEAD) built on Sun Jan 26 20:47:47 UTC 2025
2025-01-27 17:08:49,049 INFO c.h.h.t.HelmChartContainer - [test-hivemq-platform] [hivemq] [40ef4599] INFO  - [HiveMQ Platform Operator Init App 1.7.0-SNAPSHOT] PodInfo ConfigMap directory: /etc/podinfo
2025-01-27 17:08:49,049 INFO c.h.h.t.HelmChartContainer - [test-hivemq-platform] [hivemq] [40ef4599] INFO  - [HiveMQ Platform Operator Init App 1.7.0-SNAPSHOT] HiveMQ home directory: /opt/hivemq
2025-01-27 17:08:49,049 INFO c.h.h.t.HelmChartContainer - [test-hivemq-platform] [hivemq] [40ef4599] INFO  - [HiveMQ Platform Operator Init App 1.7.0-SNAPSHOT] HiveMQ Logback folder: /opt/hivemq/conf
2025-01-27 17:08:49,050 INFO c.h.h.t.HelmChartContainer - [test-hivemq-platform] [hivemq] [40ef4599] INFO  - [HiveMQ Platform Operator Init App 1.7.0-SNAPSHOT] HiveMQ Config folder: /opt/hivemq/conf-k8s
2025-01-27 17:08:49,051 INFO c.h.h.t.HelmChartContainer - [test-hivemq-platform] [hivemq] [40ef4599] INFO  - [HiveMQ Platform Operator Init App 1.7.0-SNAPSHOT] Starting HiveMQ Platform Operator Init App
2025-01-27 17:08:49,051 INFO c.h.h.t.HelmChartContainer - [test-hivemq-platform] [hivemq] [40ef4599] INFO  - [HiveMQ Platform Operator Init App 1.7.0-SNAPSHOT] Starting Pod reconciler
2025-01-27 17:08:50,341 INFO c.h.h.t.HelmChartContainer - [test-hivemq-platform] [hivemq] [40ef4599] INFO  - [HiveMQ Platform Operator Init App 1.7.0-SNAPSHOT] Pod reconciler is scheduled (interval: 5000 ms)
2025-01-27 17:08:50,342 INFO c.h.h.t.HelmChartContainer - [test-hivemq-platform] [hivemq] [40ef4599] INFO  - [HiveMQ Platform Operator Init App 1.7.0-SNAPSHOT] Starting the REST API on 10.42.0.14:7979
2025-01-27 17:08:50,345 INFO c.h.h.t.HelmChartContainer - [test-hivemq-platform] [hivemq] [40ef4599] INFO  - [HiveMQ Platform Operator Init App 1.7.0-SNAPSHOT] Waiting up to 600s for at most 3 HiveMQ nodes in cluster service hivemq-test-hivemq-platform-cluster.helmvolumeclaimtemplatesit.svc
2025-01-27 17:08:50,708 INFO c.h.h.t.HelmChartContainer - [test-hivemq-platform] [hivemq] [40ef4599] INFO  - [HiveMQ Platform Operator Init App 1.7.0-SNAPSHOT] Resolved 3 IP addresses: [10.42.0.12, 10.42.0.10, 10.42.0.14]
2025-01-27 17:08:50,708 INFO c.h.h.t.HelmChartContainer - [test-hivemq-platform] [hivemq] [40ef4599] INFO  - [HiveMQ Platform Operator Init App 1.7.0-SNAPSHOT] HiveMQ node count of 3 is within threshold of 3
2025-01-27 17:08:50,731 INFO c.h.h.t.HelmChartContainer - [test-hivemq-platform] [hivemq] [40ef4599] INFO  - [HiveMQ Platform Operator Init App 1.7.0-SNAPSHOT] Waiting 15s for previous shutdown replication to finish...
2025-01-27 17:08:52,770 INFO c.h.h.t.HelmChartContainer - [test-hivemq-platform] [hivemq] [40ef4599] INFO  - [HiveMQ Platform Operator Init App 1.7.0-SNAPSHOT] Returning default Health API response 503 for readiness
2025-01-27 17:08:52,849 INFO c.h.h.t.HelmChartContainer - [EVENT] Warning [Unhealthy] Readiness probe failed: HTTP probe failed with statuscode: 503 [helmvolumeclaimtemplatesit:test-hivemq-platform-2]
2025-01-27 17:08:52,849 INFO c.h.h.t.HelmChartContainer - Received Unhealthy event for container hivemq in pod test-hivemq-platform-2 [40ef4599-c952-4d38-a2e7-99b1fb4a1782]
2025-01-27 17:08:55,749 INFO c.h.h.t.HelmChartContainer - [test-hivemq-platform] [hivemq] [72159df0] INFO  - [HiveMQ Platform Operator Init App 1.7.0-SNAPSHOT] Returning Health API response 200 for liveness
2025-01-27 17:08:56,806 INFO c.h.h.t.HelmChartContainer - [hivemq-test-hivemq-platform] [hivemq-platform-operator] [10333020] 17:08:56.800 [pool-6-thread-24] DEBUG c.h.p.o.d.PlatformServiceResource - [helmvolu] Desired Platform services (3 services)
2025-01-27 17:08:56,806 INFO c.h.h.t.HelmChartContainer - [hivemq-test-hivemq-platform] [hivemq-platform-operator] [10333020] 17:08:56.801 [pool-6-thread-26] DEBUG c.h.p.o.dependants.PodInfoConfigMap - [helmvolu] Desired PodInfo ConfigMap (1 extensions) (1 enabled)
2025-01-27 17:08:56,806 INFO c.h.h.t.HelmChartContainer - [hivemq-test-hivemq-platform] [hivemq-platform-operator] [10333020] 17:08:56.801 [pool-6-thread-26] DEBUG c.h.p.o.dependants.PodInfoConfigMap - [helmvolu] Desired PodInfo ConfigMap (metrics port: 9399) (metrics path: /)
2025-01-27 17:08:56,806 INFO c.h.h.t.HelmChartContainer - [hivemq-test-hivemq-platform] [hivemq-platform-operator] [10333020] 17:08:56.801 [pool-6-thread-26] DEBUG c.h.p.o.dependants.PodInfoConfigMap - [helmvolu] Desired PodInfo ConfigMap (extension state hash: -1817474005)
2025-01-27 17:08:56,806 INFO c.h.h.t.HelmChartContainer - [hivemq-test-hivemq-platform] [hivemq-platform-operator] [10333020] 17:08:56.802 [pool-6-thread-30] DEBUG c.h.p.o.d.PodServiceAccountResource - [helmvolu] Desired PodServiceAccountResource (serviceAccountName: hivemq-platform-pod-test-hivemq-platform)
2025-01-27 17:08:56,806 INFO c.h.h.t.HelmChartContainer - [hivemq-test-hivemq-platform] [hivemq-platform-operator] [10333020] 17:08:56.805 [pool-6-thread-24] DEBUG c.h.p.o.d.StatefulSetResource - [helmvolu] Desired StatefulSet (3 replicas) for status ROLLING_RESTART (SURGE_IN_PROGRESS)
2025-01-27 17:08:56,810 INFO c.h.h.t.HelmChartContainer - [hivemq-test-hivemq-platform] [hivemq-platform-operator] [10333020] 17:08:56.809 [ReconcilerExecutor-hivemq-controller-136] INFO  c.h.p.o.HiveMQPlatformReconciler - [helmvolu] Reconciling HiveMQ Platform 'test-hivemq-platform' in namespace 'helmvolumeclaimtemplatesit'
2025-01-27 17:08:56,812 INFO c.h.h.t.HelmChartContainer - [hivemq-test-hivemq-platform] [hivemq-platform-operator] [10333020] 17:08:56.809 [ReconcilerExecutor-hivemq-controller-136] DEBUG c.h.p.o.HiveMQPlatformReconciler - [helmvolu] Custom Resource Status ROLLING_RESTART - HiveMQ Platform is starting a surge Pod (rolling restart) (SURGE_IN_PROGRESS)
2025-01-27 17:08:56,812 INFO c.h.h.t.HelmChartContainer - [hivemq-test-hivemq-platform] [hivemq-platform-operator] [10333020] 17:08:56.809 [ReconcilerExecutor-hivemq-controller-136] DEBUG c.h.p.o.HiveMQPlatformReconciler - [helmvolu] Custom Resource Spec (replicas: 2) (extensions: 1)
2025-01-27 17:08:56,812 INFO c.h.h.t.HelmChartContainer - [hivemq-test-hivemq-platform] [hivemq-platform-operator] [10333020] 17:08:56.810 [ReconcilerExecutor-hivemq-controller-136] DEBUG c.h.p.o.HiveMQPlatformReconciler - [helmvolu] StatefulSet Status (revision: test-hivemq-platform-56957c7b74, replicas: 3, available: 2, ready: 2, current: 2, updated: 1)
2025-01-27 17:08:56,812 INFO c.h.h.t.HelmChartContainer - [hivemq-test-hivemq-platform] [hivemq-platform-operator] [10333020] 17:08:56.810 [ReconcilerExecutor-hivemq-controller-136] DEBUG c.h.p.o.HiveMQPlatformReconciler - [helmvolu] StatefulSet Spec (replicas: 3, init containers: 1, containers: 1, volumes: 4)
2025-01-27 17:08:56,812 INFO c.h.h.t.HelmChartContainer - [hivemq-test-hivemq-platform] [hivemq-platform-operator] [10333020] 17:08:56.811 [ReconcilerExecutor-hivemq-controller-136] DEBUG c.h.p.o.h.HiveMQPlatformReconcilerErrorHandler - [helmvolu] Pod 'test-hivemq-platform-2' phase Running
2025-01-27 17:08:56,833 INFO c.h.h.t.HelmChartContainer - [hivemq-test-hivemq-platform] [hivemq-platform-operator] [10333020] 17:08:56.832 [ReconcilerExecutor-hivemq-controller-136] DEBUG c.h.p.o.h.HiveMQPlatformReconcilerErrorHandler - [helmvolu] Pod 'test-hivemq-platform-1' phase Running
2025-01-27 17:08:56,834 INFO c.h.h.t.HelmChartContainer - [hivemq-test-hivemq-platform] [hivemq-platform-operator] [10333020] 17:08:56.833 [ReconcilerExecutor-hivemq-controller-136] DEBUG c.h.p.o.h.HiveMQPlatformReconcilerErrorHandler - [helmvolu] Pod 'test-hivemq-platform-0' phase Running
2025-01-27 17:08:56,835 INFO c.h.h.t.HelmChartContainer - [hivemq-test-hivemq-platform] [hivemq-platform-operator] [10333020] 17:08:56.833 [ReconcilerExecutor-hivemq-controller-136] DEBUG c.h.p.o.h.HiveMQPlatformReconcilerRollingRestartHandler - [helmvolu] Rolling restart is waiting for 2 of 3 replicas
2025-01-27 17:08:57,751 INFO c.h.h.t.HelmChartContainer - [test-hivemq-platform] [hivemq] [40ef4599] INFO  - [HiveMQ Platform Operator Init App 1.7.0-SNAPSHOT] Updating Pod HiveMQ Platform Operator Init App version annotation (version: 1.7.0-SNAPSHOT)
2025-01-27 17:08:57,839 INFO c.h.h.t.HelmChartContainer - [EVENT] Warning [Unhealthy] Readiness probe failed: HTTP probe failed with statuscode: 503 [helmvolumeclaimtemplatesit:test-hivemq-platform-2]
2025-01-27 17:08:57,839 INFO c.h.h.t.HelmChartContainer - Received Unhealthy event for container hivemq in pod test-hivemq-platform-2 [40ef4599-c952-4d38-a2e7-99b1fb4a1782]
2025-01-27 17:08:58,054 INFO c.h.h.t.HelmChartContainer - [POD] test-hivemq-platform-2 [40ef4599-c952-4d38-a2e7-99b1fb4a1782] in helmvolumeclaimtemplatesit was MODIFIED
2025-01-27 17:08:58,060 INFO c.h.h.t.HelmChartContainer - [hivemq-test-hivemq-platform] [hivemq-platform-operator] [10333020] 17:08:58.058 [pool-6-thread-38] DEBUG c.h.p.o.d.PlatformServiceResource - [helmvolu] Desired Platform services (3 services)
2025-01-27 17:08:58,060 INFO c.h.h.t.HelmChartContainer - [hivemq-test-hivemq-platform] [hivemq-platform-operator] [10333020] 17:08:58.058 [pool-6-thread-32] DEBUG c.h.p.o.dependants.PodInfoConfigMap - [helmvolu] Desired PodInfo ConfigMap (1 extensions) (1 enabled)
2025-01-27 17:08:58,060 INFO c.h.h.t.HelmChartContainer - [hivemq-test-hivemq-platform] [hivemq-platform-operator] [10333020] 17:08:58.059 [pool-6-thread-32] DEBUG c.h.p.o.dependants.PodInfoConfigMap - [helmvolu] Desired PodInfo ConfigMap (metrics port: 9399) (metrics path: /)
2025-01-27 17:08:58,060 INFO c.h.h.t.HelmChartContainer - [hivemq-test-hivemq-platform] [hivemq-platform-operator] [10333020] 17:08:58.059 [pool-6-thread-32] DEBUG c.h.p.o.dependants.PodInfoConfigMap - [helmvolu] Desired PodInfo ConfigMap (extension state hash: -1817474005)
2025-01-27 17:08:58,062 INFO c.h.h.t.HelmChartContainer - [hivemq-test-hivemq-platform] [hivemq-platform-operator] [10333020] 17:08:58.060 [pool-6-thread-32] DEBUG c.h.p.o.d.PodServiceAccountResource - [helmvolu] Desired PodServiceAccountResource (serviceAccountName: hivemq-platform-pod-test-hivemq-platform)
2025-01-27 17:08:58,063 INFO c.h.h.t.HelmChartContainer - [hivemq-test-hivemq-platform] [hivemq-platform-operator] [10333020] 17:08:58.063 [pool-6-thread-38] DEBUG c.h.p.o.d.StatefulSetResource - [helmvolu] Desired StatefulSet (3 replicas) for status ROLLING_RESTART (SURGE_IN_PROGRESS)
2025-01-27 17:08:58,066 INFO c.h.h.t.HelmChartContainer - [hivemq-test-hivemq-platform] [hivemq-platform-operator] [10333020] 17:08:58.065 [ReconcilerExecutor-hivemq-controller-137] INFO  c.h.p.o.HiveMQPlatformReconciler - [helmvolu] Reconciling HiveMQ Platform 'test-hivemq-platform' in namespace 'helmvolumeclaimtemplatesit'
2025-01-27 17:08:58,067 INFO c.h.h.t.HelmChartContainer - [hivemq-test-hivemq-platform] [hivemq-platform-operator] [10333020] 17:08:58.065 [ReconcilerExecutor-hivemq-controller-137] DEBUG c.h.p.o.HiveMQPlatformReconciler - [helmvolu] Custom Resource Status ROLLING_RESTART - HiveMQ Platform is starting a surge Pod (rolling restart) (SURGE_IN_PROGRESS)
2025-01-27 17:08:58,067 INFO c.h.h.t.HelmChartContainer - [hivemq-test-hivemq-platform] [hivemq-platform-operator] [10333020] 17:08:58.065 [ReconcilerExecutor-hivemq-controller-137] DEBUG c.h.p.o.HiveMQPlatformReconciler - [helmvolu] Custom Resource Spec (replicas: 2) (extensions: 1)
2025-01-27 17:08:58,067 INFO c.h.h.t.HelmChartContainer - [hivemq-test-hivemq-platform] [hivemq-platform-operator] [10333020] 17:08:58.066 [ReconcilerExecutor-hivemq-controller-137] DEBUG c.h.p.o.HiveMQPlatformReconciler - [helmvolu] StatefulSet Status (revision: test-hivemq-platform-56957c7b74, replicas: 3, available: 2, ready: 2, current: 2, updated: 1)
2025-01-27 17:08:58,068 INFO c.h.h.t.HelmChartContainer - [hivemq-test-hivemq-platform] [hivemq-platform-operator] [10333020] 17:08:58.066 [ReconcilerExecutor-hivemq-controller-137] DEBUG c.h.p.o.HiveMQPlatformReconciler - [helmvolu] StatefulSet Spec (replicas: 3, init containers: 1, containers: 1, volumes: 4)
2025-01-27 17:08:58,070 INFO c.h.h.t.HelmChartContainer - [hivemq-test-hivemq-platform] [hivemq-platform-operator] [10333020] 17:08:58.068 [ReconcilerExecutor-hivemq-controller-137] DEBUG c.h.p.o.h.HiveMQPlatformReconcilerErrorHandler - [helmvolu] Pod 'test-hivemq-platform-2' phase Running
2025-01-27 17:08:58,071 INFO c.h.h.t.HelmChartContainer - [hivemq-test-hivemq-platform] [hivemq-platform-operator] [10333020] 17:08:58.069 [ReconcilerExecutor-hivemq-controller-137] DEBUG c.h.p.o.h.HiveMQPlatformReconcilerErrorHandler - [helmvolu] Pod 'test-hivemq-platform-1' phase Running
2025-01-27 17:08:58,071 INFO c.h.h.t.HelmChartContainer - [hivemq-test-hivemq-platform] [hivemq-platform-operator] [10333020] 17:08:58.070 [ReconcilerExecutor-hivemq-controller-137] DEBUG c.h.p.o.h.HiveMQPlatformReconcilerErrorHandler - [helmvolu] Pod 'test-hivemq-platform-0' phase Running
2025-01-27 17:08:58,071 INFO c.h.h.t.HelmChartContainer - [hivemq-test-hivemq-platform] [hivemq-platform-operator] [10333020] 17:08:58.070 [ReconcilerExecutor-hivemq-controller-137] DEBUG c.h.p.o.h.HiveMQPlatformReconcilerRollingRestartHandler - [helmvolu] Rolling restart is waiting for 2 of 3 replicas
2025-01-27 17:08:58,135 INFO c.h.h.t.HelmChartContainer - [test-hivemq-platform] [hivemq] [40ef4599] INFO  - [HiveMQ Platform Operator Init App 1.7.0-SNAPSHOT] Successfully updated Pod HiveMQ Platform Operator Init App version annotation (version: 1.7.0-SNAPSHOT)
2025-01-27 17:08:58,144 INFO c.h.h.t.HelmChartContainer - [EVENT] Warning [Unhealthy] Readiness probe failed: HTTP probe failed with statuscode: 503 [helmvolumeclaimtemplatesit:test-hivemq-platform-2]
2025-01-27 17:08:58,146 INFO c.h.h.t.HelmChartContainer - Received Unhealthy event for container hivemq in pod test-hivemq-platform-2 [40ef4599-c952-4d38-a2e7-99b1fb4a1782]
2025-01-27 17:09:03,059 INFO c.h.h.t.HelmChartContainer - [EVENT] Warning [Unhealthy] Readiness probe failed: HTTP probe failed with statuscode: 503 [helmvolumeclaimtemplatesit:test-hivemq-platform-2]
2025-01-27 17:09:03,059 INFO c.h.h.t.HelmChartContainer - Received Unhealthy event for container hivemq in pod test-hivemq-platform-2 [40ef4599-c952-4d38-a2e7-99b1fb4a1782]
2025-01-27 17:09:05,732 INFO c.h.h.t.HelmChartContainer - [test-hivemq-platform] [hivemq] [40ef4599] INFO  - [HiveMQ Platform Operator Init App 1.7.0-SNAPSHOT] Proceeding with container start
2025-01-27 17:09:05,734 INFO c.h.h.t.HelmChartContainer - [test-hivemq-platform] [hivemq] [40ef4599] INFO  - [HiveMQ Platform Operator Init App 1.7.0-SNAPSHOT] Initializing HiveMQ Platform extensions with initial configuration: {hivemq-allow-all-extension={start-priority=-1, skip-https-hostname-verification=false, restart=true, config-version=0, header-version=0, c-uri=, priority=-1, uri=preinstalled, skip-https-certificate-validation=false, enabled=true}, hivemq-prometheus-extension={restart=true, enabled=true, request-header-path=no-request-headers, uri=preinstalled, skip-https-certificate-validation=false, skip-https-hostname-verification=false, c-uri=, start-priority=-1, priority=-1}}
2025-01-27 17:09:06,148 INFO c.h.h.t.HelmChartContainer - [test-hivemq-platform] [hivemq] [40ef4599] INFO  - [HiveMQ Platform Operator Init App 1.7.0-SNAPSHOT] Extension hivemq-allow-all-extension was already enabled
2025-01-27 17:09:06,236 INFO c.h.h.t.HelmChartContainer - [test-hivemq-platform] [hivemq] [40ef4599] INFO  - [HiveMQ Platform Operator Init App 1.7.0-SNAPSHOT] Successfully enabled extension hivemq-prometheus-extension
2025-01-27 17:09:06,237 INFO c.h.h.t.HelmChartContainer - [test-hivemq-platform] [hivemq] [40ef4599] INFO  - [HiveMQ Platform Operator Init App 1.7.0-SNAPSHOT] Starting HiveMQ Platform version 4.35.0 (4.35.0)
2025-01-27 17:09:06,238 INFO c.h.h.t.HelmChartContainer - [test-hivemq-platform] [hivemq] [40ef4599] INFO  - [HiveMQ Platform Operator Init App 1.7.0-SNAPSHOT] Configuring the HiveMQ Platform
2025-01-27 17:09:06,248 INFO c.h.h.t.HelmChartContainer - [test-hivemq-platform] [hivemq] [40ef4599] INFO  - [HiveMQ Platform Operator Init App 1.7.0-SNAPSHOT] Changed logback.xml file scan period to 20 seconds
2025-01-27 17:09:06,344 INFO c.h.h.t.HelmChartContainer - [test-hivemq-platform] [hivemq] [40ef4599] INFO  - [HiveMQ Platform Operator Init App 1.7.0-SNAPSHOT] Starting the HiveMQ Platform
2025-01-27 17:09:06,348 INFO c.h.h.t.HelmChartContainer - [test-hivemq-platform] [hivemq] [40ef4599] -------------------------------------------------------------------------
2025-01-27 17:09:06,348 INFO c.h.h.t.HelmChartContainer - [test-hivemq-platform] [hivemq] [40ef4599] 
2025-01-27 17:09:06,348 INFO c.h.h.t.HelmChartContainer - [test-hivemq-platform] [hivemq] [40ef4599]                   _    _  _              __  __   ____
2025-01-27 17:09:06,348 INFO c.h.h.t.HelmChartContainer - [test-hivemq-platform] [hivemq] [40ef4599]                  | |  | |(_)            |  \/  | / __ \
2025-01-27 17:09:06,348 INFO c.h.h.t.HelmChartContainer - [test-hivemq-platform] [hivemq] [40ef4599]                  | |__| | _ __   __ ___ | \  / || |  | |
2025-01-27 17:09:06,348 INFO c.h.h.t.HelmChartContainer - [test-hivemq-platform] [hivemq] [40ef4599]                  |  __  || |\ \ / // _ \| |\/| || |  | |
2025-01-27 17:09:06,348 INFO c.h.h.t.HelmChartContainer - [test-hivemq-platform] [hivemq] [40ef4599]                  | |  | || | \ V /|  __/| |  | || |__| |
2025-01-27 17:09:06,348 INFO c.h.h.t.HelmChartContainer - [test-hivemq-platform] [hivemq] [40ef4599]                  |_|  |_||_|  \_/  \___||_|  |_| \___\_\
2025-01-27 17:09:06,348 INFO c.h.h.t.HelmChartContainer - [test-hivemq-platform] [hivemq] [40ef4599] 
2025-01-27 17:09:06,348 INFO c.h.h.t.HelmChartContainer - [test-hivemq-platform] [hivemq] [40ef4599] -------------------------------------------------------------------------
2025-01-27 17:09:06,348 INFO c.h.h.t.HelmChartContainer - [test-hivemq-platform] [hivemq] [40ef4599] 
2025-01-27 17:09:06,348 INFO c.h.h.t.HelmChartContainer - [test-hivemq-platform] [hivemq] [40ef4599]   HiveMQ Start Script for Linux/Unix v1.14
2025-01-27 17:09:06,348 INFO c.h.h.t.HelmChartContainer - [test-hivemq-platform] [hivemq] [40ef4599] 
2025-01-27 17:09:06,459 INFO c.h.h.t.HelmChartContainer - [test-hivemq-platform] [hivemq] [40ef4599] -------------------------------------------------------------------------
2025-01-27 17:09:06,459 INFO c.h.h.t.HelmChartContainer - [test-hivemq-platform] [hivemq] [40ef4599] 
2025-01-27 17:09:06,459 INFO c.h.h.t.HelmChartContainer - [test-hivemq-platform] [hivemq] [40ef4599]   HIVEMQ_HOME: /opt/hivemq
2025-01-27 17:09:06,459 INFO c.h.h.t.HelmChartContainer - [test-hivemq-platform] [hivemq] [40ef4599] 
2025-01-27 17:09:06,459 INFO c.h.h.t.HelmChartContainer - [test-hivemq-platform] [hivemq] [40ef4599]   JAVA_OPTS: -XX:+UnlockExperimentalVMOptions -XX:InitialRAMPercentage=50 -XX:MaxRAMPercentage=50 -Djava.net.preferIPv4Stack=true --add-opens java.base/java.lang=ALL-UNNAMED --add-opens java.base/java.nio=ALL-UNNAMED --add-opens java.base/sun.nio.ch=ALL-UNNAMED --add-opens jdk.management/com.sun.management.internal=ALL-UNNAMED --add-exports java.base/jdk.internal.misc=ALL-UNNAMED -Djava.security.egd=file:/dev/./urandom -Dcom.sun.management.jmxremote -Dcom.sun.management.jmxremote.port=9010 -Dcom.sun.management.jmxremote.local.only=false -Dcom.sun.management.jmxremote.authenticate=false -Dcom.sun.management.jmxremote.ssl=false -Duser.language=en -Duser.region=US -XX:+CrashOnOutOfMemoryError -XX:+HeapDumpOnOutOfMemoryError
2025-01-27 17:09:06,459 INFO c.h.h.t.HelmChartContainer - [test-hivemq-platform] [hivemq] [40ef4599] 
2025-01-27 17:09:06,459 INFO c.h.h.t.HelmChartContainer - [test-hivemq-platform] [hivemq] [40ef4599]   JAVA_VERSION: 21
2025-01-27 17:09:06,459 INFO c.h.h.t.HelmChartContainer - [test-hivemq-platform] [hivemq] [40ef4599] 
2025-01-27 17:09:06,459 INFO c.h.h.t.HelmChartContainer - [test-hivemq-platform] [hivemq] [40ef4599] -------------------------------------------------------------------------
2025-01-27 17:09:06,459 INFO c.h.h.t.HelmChartContainer - [test-hivemq-platform] [hivemq] [40ef4599] 
2025-01-27 17:09:08,066 INFO c.h.h.t.HelmChartContainer - [EVENT] Warning [Unhealthy] Readiness probe failed: HTTP probe failed with statuscode: 503 [helmvolumeclaimtemplatesit:test-hivemq-platform-2]
2025-01-27 17:09:08,066 INFO c.h.h.t.HelmChartContainer - Received Unhealthy event for container hivemq in pod test-hivemq-platform-2 [40ef4599-c952-4d38-a2e7-99b1fb4a1782]
2025-01-27 17:09:08,097 INFO c.h.h.t.HelmChartContainer - [hivemq-test-hivemq-platform] [hivemq-platform-operator] [10333020] 17:09:08.093 [pool-6-thread-47] DEBUG c.h.p.o.d.PlatformServiceResource - [helmvolu] Desired Platform services (3 services)
2025-01-27 17:09:08,097 INFO c.h.h.t.HelmChartContainer - [hivemq-test-hivemq-platform] [hivemq-platform-operator] [10333020] 17:09:08.094 [pool-6-thread-42] DEBUG c.h.p.o.dependants.PodInfoConfigMap - [helmvolu] Desired PodInfo ConfigMap (1 extensions) (1 enabled)
2025-01-27 17:09:08,097 INFO c.h.h.t.HelmChartContainer - [hivemq-test-hivemq-platform] [hivemq-platform-operator] [10333020] 17:09:08.094 [pool-6-thread-42] DEBUG c.h.p.o.dependants.PodInfoConfigMap - [helmvolu] Desired PodInfo ConfigMap (metrics port: 9399) (metrics path: /)
2025-01-27 17:09:08,097 INFO c.h.h.t.HelmChartContainer - [hivemq-test-hivemq-platform] [hivemq-platform-operator] [10333020] 17:09:08.094 [pool-6-thread-42] DEBUG c.h.p.o.dependants.PodInfoConfigMap - [helmvolu] Desired PodInfo ConfigMap (extension state hash: -1817474005)
2025-01-27 17:09:08,097 INFO c.h.h.t.HelmChartContainer - [hivemq-test-hivemq-platform] [hivemq-platform-operator] [10333020] 17:09:08.095 [pool-6-thread-42] DEBUG c.h.p.o.d.PodServiceAccountResource - [helmvolu] Desired PodServiceAccountResource (serviceAccountName: hivemq-platform-pod-test-hivemq-platform)
2025-01-27 17:09:08,109 INFO c.h.h.t.HelmChartContainer - [hivemq-test-hivemq-platform] [hivemq-platform-operator] [10333020] 17:09:08.107 [pool-6-thread-47] DEBUG c.h.p.o.d.StatefulSetResource - [helmvolu] Desired StatefulSet (3 replicas) for status ROLLING_RESTART (SURGE_IN_PROGRESS)
2025-01-27 17:09:08,113 INFO c.h.h.t.HelmChartContainer - [hivemq-test-hivemq-platform] [hivemq-platform-operator] [10333020] 17:09:08.113 [ReconcilerExecutor-hivemq-controller-138] INFO  c.h.p.o.HiveMQPlatformReconciler - [helmvolu] Reconciling HiveMQ Platform 'test-hivemq-platform' in namespace 'helmvolumeclaimtemplatesit'
2025-01-27 17:09:08,113 INFO c.h.h.t.HelmChartContainer - [hivemq-test-hivemq-platform] [hivemq-platform-operator] [10333020] 17:09:08.113 [ReconcilerExecutor-hivemq-controller-138] DEBUG c.h.p.o.HiveMQPlatformReconciler - [helmvolu] Custom Resource Status ROLLING_RESTART - HiveMQ Platform is starting a surge Pod (rolling restart) (SURGE_IN_PROGRESS)
2025-01-27 17:09:08,114 INFO c.h.h.t.HelmChartContainer - [hivemq-test-hivemq-platform] [hivemq-platform-operator] [10333020] 17:09:08.113 [ReconcilerExecutor-hivemq-controller-138] DEBUG c.h.p.o.HiveMQPlatformReconciler - [helmvolu] Custom Resource Spec (replicas: 2) (extensions: 1)
2025-01-27 17:09:08,115 INFO c.h.h.t.HelmChartContainer - [hivemq-test-hivemq-platform] [hivemq-platform-operator] [10333020] 17:09:08.114 [ReconcilerExecutor-hivemq-controller-138] DEBUG c.h.p.o.HiveMQPlatformReconciler - [helmvolu] StatefulSet Status (revision: test-hivemq-platform-56957c7b74, replicas: 3, available: 2, ready: 2, current: 2, updated: 1)
2025-01-27 17:09:08,115 INFO c.h.h.t.HelmChartContainer - [hivemq-test-hivemq-platform] [hivemq-platform-operator] [10333020] 17:09:08.114 [ReconcilerExecutor-hivemq-controller-138] DEBUG c.h.p.o.HiveMQPlatformReconciler - [helmvolu] StatefulSet Spec (replicas: 3, init containers: 1, containers: 1, volumes: 4)
2025-01-27 17:09:08,118 INFO c.h.h.t.HelmChartContainer - [hivemq-test-hivemq-platform] [hivemq-platform-operator] [10333020] 17:09:08.117 [ReconcilerExecutor-hivemq-controller-138] DEBUG c.h.p.o.h.HiveMQPlatformReconcilerErrorHandler - [helmvolu] Pod 'test-hivemq-platform-2' phase Running
2025-01-27 17:09:08,139 INFO c.h.h.t.HelmChartContainer - [hivemq-test-hivemq-platform] [hivemq-platform-operator] [10333020] 17:09:08.135 [ReconcilerExecutor-hivemq-controller-138] DEBUG c.h.p.o.h.HiveMQPlatformReconcilerErrorHandler - [helmvolu] Pod 'test-hivemq-platform-1' phase Running
2025-01-27 17:09:08,139 INFO c.h.h.t.HelmChartContainer - [hivemq-test-hivemq-platform] [hivemq-platform-operator] [10333020] 17:09:08.137 [ReconcilerExecutor-hivemq-controller-138] DEBUG c.h.p.o.h.HiveMQPlatformReconcilerErrorHandler - [helmvolu] Pod 'test-hivemq-platform-0' phase Running
2025-01-27 17:09:08,141 INFO c.h.h.t.HelmChartContainer - [hivemq-test-hivemq-platform] [hivemq-platform-operator] [10333020] 17:09:08.138 [ReconcilerExecutor-hivemq-controller-138] DEBUG c.h.p.o.h.HiveMQPlatformReconcilerRollingRestartHandler - [helmvolu] Rolling restart is waiting for 2 of 3 replicas
2025-01-27 17:09:08,946 INFO c.h.h.t.HelmChartContainer - [test-hivemq-platform] [hivemq] [40ef4599] INFO  - Starting HiveMQ Enterprise Server
2025-01-27 17:09:08,952 INFO c.h.h.t.HelmChartContainer - [test-hivemq-platform] [hivemq] [40ef4599] INFO  - HiveMQ version: 4.35.0
2025-01-27 17:09:08,952 INFO c.h.h.t.HelmChartContainer - [test-hivemq-platform] [hivemq] [40ef4599] INFO  - HiveMQ home directory: /opt/hivemq
2025-01-27 17:09:08,953 INFO c.h.h.t.HelmChartContainer - [test-hivemq-platform] [hivemq] [40ef4599] INFO  - Log Configuration was overridden by /opt/hivemq/conf/logback.xml
2025-01-27 17:09:10,250 INFO c.h.h.t.HelmChartContainer - [test-hivemq-platform] [hivemq] [40ef4599] INFO  - Successfully loaded configuration from '/opt/hivemq/conf-k8s/config.xml'.
2025-01-27 17:09:10,640 INFO c.h.h.t.HelmChartContainer - [test-hivemq-platform] [hivemq] [40ef4599] INFO  - This node's ID is DJdwx
2025-01-27 17:09:10,640 INFO c.h.h.t.HelmChartContainer - [test-hivemq-platform] [hivemq] [40ef4599] INFO  - Clustering is enabled
2025-01-27 17:09:13,439 INFO c.h.h.t.HelmChartContainer - [test-hivemq-platform] [hivemq] [40ef4599] WARN  - [HiveMQ Platform Operator Init App 1.7.0-SNAPSHOT] Cannot connect to Health API for readiness: null
2025-01-27 17:09:13,446 INFO c.h.h.t.HelmChartContainer - [EVENT] Warning [Unhealthy] Readiness probe failed: HTTP probe failed with statuscode: 503 [helmvolumeclaimtemplatesit:test-hivemq-platform-2]
2025-01-27 17:09:13,446 INFO c.h.h.t.HelmChartContainer - Received Unhealthy event for container hivemq in pod test-hivemq-platform-2 [40ef4599-c952-4d38-a2e7-99b1fb4a1782]
2025-01-27 17:09:15,305 INFO c.h.h.t.HelmChartContainer - [test-hivemq-platform] [hivemq] [40ef4599] WARN  - [HiveMQ Platform Operator Init App 1.7.0-SNAPSHOT] Cannot connect to Health API for liveness: null
2025-01-27 17:09:15,305 INFO c.h.h.t.HelmChartContainer - [test-hivemq-platform] [hivemq] [40ef4599] INFO  - [HiveMQ Platform Operator Init App 1.7.0-SNAPSHOT] Returning default Health API response 200 for liveness
2025-01-27 17:09:18,061 INFO c.h.h.t.HelmChartContainer - [test-hivemq-platform] [hivemq] [40ef4599] WARN  - [HiveMQ Platform Operator Init App 1.7.0-SNAPSHOT] Cannot connect to Health API for readiness: null
2025-01-27 17:09:18,065 INFO c.h.h.t.HelmChartContainer - [EVENT] Warning [Unhealthy] Readiness probe failed: HTTP probe failed with statuscode: 503 [helmvolumeclaimtemplatesit:test-hivemq-platform-2]
2025-01-27 17:09:18,065 INFO c.h.h.t.HelmChartContainer - Received Unhealthy event for container hivemq in pod test-hivemq-platform-2 [40ef4599-c952-4d38-a2e7-99b1fb4a1782]
2025-01-27 17:09:18,146 INFO c.h.h.t.HelmChartContainer - [hivemq-test-hivemq-platform] [hivemq-platform-operator] [10333020] 17:09:18.142 [pool-6-thread-1] DEBUG c.h.p.o.d.PlatformServiceResource - [helmvolu] Desired Platform services (3 services)
2025-01-27 17:09:18,146 INFO c.h.h.t.HelmChartContainer - [hivemq-test-hivemq-platform] [hivemq-platform-operator] [10333020] 17:09:18.142 [pool-6-thread-3] DEBUG c.h.p.o.dependants.PodInfoConfigMap - [helmvolu] Desired PodInfo ConfigMap (1 extensions) (1 enabled)
2025-01-27 17:09:18,146 INFO c.h.h.t.HelmChartContainer - [hivemq-test-hivemq-platform] [hivemq-platform-operator] [10333020] 17:09:18.142 [pool-6-thread-3] DEBUG c.h.p.o.dependants.PodInfoConfigMap - [helmvolu] Desired PodInfo ConfigMap (metrics port: 9399) (metrics path: /)
2025-01-27 17:09:18,146 INFO c.h.h.t.HelmChartContainer - [hivemq-test-hivemq-platform] [hivemq-platform-operator] [10333020] 17:09:18.142 [pool-6-thread-3] DEBUG c.h.p.o.dependants.PodInfoConfigMap - [helmvolu] Desired PodInfo ConfigMap (extension state hash: -1817474005)
2025-01-27 17:09:18,146 INFO c.h.h.t.HelmChartContainer - [hivemq-test-hivemq-platform] [hivemq-platform-operator] [10333020] 17:09:18.143 [pool-6-thread-3] DEBUG c.h.p.o.d.PodServiceAccountResource - [helmvolu] Desired PodServiceAccountResource (serviceAccountName: hivemq-platform-pod-test-hivemq-platform)
2025-01-27 17:09:18,148 INFO c.h.h.t.HelmChartContainer - [hivemq-test-hivemq-platform] [hivemq-platform-operator] [10333020] 17:09:18.146 [pool-6-thread-10] DEBUG c.h.p.o.d.StatefulSetResource - [helmvolu] Desired StatefulSet (3 replicas) for status ROLLING_RESTART (SURGE_IN_PROGRESS)
2025-01-27 17:09:18,151 INFO c.h.h.t.HelmChartContainer - [hivemq-test-hivemq-platform] [hivemq-platform-operator] [10333020] 17:09:18.148 [ReconcilerExecutor-hivemq-controller-139] INFO  c.h.p.o.HiveMQPlatformReconciler - [helmvolu] Reconciling HiveMQ Platform 'test-hivemq-platform' in namespace 'helmvolumeclaimtemplatesit'
2025-01-27 17:09:18,151 INFO c.h.h.t.HelmChartContainer - [hivemq-test-hivemq-platform] [hivemq-platform-operator] [10333020] 17:09:18.148 [ReconcilerExecutor-hivemq-controller-139] DEBUG c.h.p.o.HiveMQPlatformReconciler - [helmvolu] Custom Resource Status ROLLING_RESTART - HiveMQ Platform is starting a surge Pod (rolling restart) (SURGE_IN_PROGRESS)
2025-01-27 17:09:18,151 INFO c.h.h.t.HelmChartContainer - [hivemq-test-hivemq-platform] [hivemq-platform-operator] [10333020] 17:09:18.148 [ReconcilerExecutor-hivemq-controller-139] DEBUG c.h.p.o.HiveMQPlatformReconciler - [helmvolu] Custom Resource Spec (replicas: 2) (extensions: 1)
2025-01-27 17:09:18,151 INFO c.h.h.t.HelmChartContainer - [hivemq-test-hivemq-platform] [hivemq-platform-operator] [10333020] 17:09:18.149 [ReconcilerExecutor-hivemq-controller-139] DEBUG c.h.p.o.HiveMQPlatformReconciler - [helmvolu] StatefulSet Status (revision: test-hivemq-platform-56957c7b74, replicas: 3, available: 2, ready: 2, current: 2, updated: 1)
2025-01-27 17:09:18,151 INFO c.h.h.t.HelmChartContainer - [hivemq-test-hivemq-platform] [hivemq-platform-operator] [10333020] 17:09:18.150 [ReconcilerExecutor-hivemq-controller-139] DEBUG c.h.p.o.HiveMQPlatformReconciler - [helmvolu] StatefulSet Spec (replicas: 3, init containers: 1, containers: 1, volumes: 4)
2025-01-27 17:09:18,153 INFO c.h.h.t.HelmChartContainer - [hivemq-test-hivemq-platform] [hivemq-platform-operator] [10333020] 17:09:18.151 [ReconcilerExecutor-hivemq-controller-139] DEBUG c.h.p.o.h.HiveMQPlatformReconcilerErrorHandler - [helmvolu] Pod 'test-hivemq-platform-2' phase Running
2025-01-27 17:09:18,154 INFO c.h.h.t.HelmChartContainer - [hivemq-test-hivemq-platform] [hivemq-platform-operator] [10333020] 17:09:18.152 [ReconcilerExecutor-hivemq-controller-139] DEBUG c.h.p.o.h.HiveMQPlatformReconcilerErrorHandler - [helmvolu] Pod 'test-hivemq-platform-1' phase Running
2025-01-27 17:09:18,154 INFO c.h.h.t.HelmChartContainer - [hivemq-test-hivemq-platform] [hivemq-platform-operator] [10333020] 17:09:18.153 [ReconcilerExecutor-hivemq-controller-139] DEBUG c.h.p.o.h.HiveMQPlatformReconcilerErrorHandler - [helmvolu] Pod 'test-hivemq-platform-0' phase Running
2025-01-27 17:09:18,154 INFO c.h.h.t.HelmChartContainer - [hivemq-test-hivemq-platform] [hivemq-platform-operator] [10333020] 17:09:18.153 [ReconcilerExecutor-hivemq-controller-139] DEBUG c.h.p.o.h.HiveMQPlatformReconcilerRollingRestartHandler - [helmvolu] Rolling restart is waiting for 2 of 3 replicas
2025-01-27 17:09:23,139 INFO c.h.h.t.HelmChartContainer - [test-hivemq-platform] [hivemq] [40ef4599] WARN  - [HiveMQ Platform Operator Init App 1.7.0-SNAPSHOT] Cannot connect to Health API for readiness: null
2025-01-27 17:09:23,141 INFO c.h.h.t.HelmChartContainer - [EVENT] Warning [Unhealthy] Readiness probe failed: HTTP probe failed with statuscode: 503 [helmvolumeclaimtemplatesit:test-hivemq-platform-2]
2025-01-27 17:09:23,141 INFO c.h.h.t.HelmChartContainer - Received Unhealthy event for container hivemq in pod test-hivemq-platform-2 [40ef4599-c952-4d38-a2e7-99b1fb4a1782]
2025-01-27 17:09:24,340 INFO c.h.h.t.HelmChartContainer - [test-hivemq-platform] [hivemq] [40ef4599] INFO  - No valid license file found. Using trial license, restricted to 25 connections.
2025-01-27 17:09:27,646 INFO c.h.h.t.HelmChartContainer - [K3S] [INFO] COMPACT compactRev=0 targetCompactRev=2 currentRev=1059
2025-01-27 17:09:27,647 INFO c.h.h.t.HelmChartContainer - [K3S] [INFO] COMPACT deleted 0 rows from 2 revisions in 2.581572ms - compacted to 2/1059
2025-01-27 17:09:27,647 INFO c.h.h.t.HelmChartContainer - [K3S] [INFO] COMPACT compacted from 0 to 2 in 1 transactions over 3ms
2025-01-27 17:09:27,838 INFO c.h.h.t.HelmChartContainer - [test-hivemq-platform] [hivemq] [40ef4599] INFO  - No valid license file for Data Hub found. Using free license, restricted to 1 policy.
2025-01-27 17:09:28,137 INFO c.h.h.t.HelmChartContainer - [test-hivemq-platform] [hivemq] [40ef4599] WARN  - [HiveMQ Platform Operator Init App 1.7.0-SNAPSHOT] Cannot connect to Health API for readiness: null
2025-01-27 17:09:28,143 INFO c.h.h.t.HelmChartContainer - [EVENT] Warning [Unhealthy] Readiness probe failed: HTTP probe failed with statuscode: 503 [helmvolumeclaimtemplatesit:test-hivemq-platform-2]
2025-01-27 17:09:28,143 INFO c.h.h.t.HelmChartContainer - Received Unhealthy event for container hivemq in pod test-hivemq-platform-2 [40ef4599-c952-4d38-a2e7-99b1fb4a1782]
2025-01-27 17:09:28,159 INFO c.h.h.t.HelmChartContainer - [hivemq-test-hivemq-platform] [hivemq-platform-operator] [10333020] 17:09:28.156 [pool-6-thread-20] DEBUG c.h.p.o.d.PlatformServiceResource - [helmvolu] Desired Platform services (3 services)
2025-01-27 17:09:28,159 INFO c.h.h.t.HelmChartContainer - [hivemq-test-hivemq-platform] [hivemq-platform-operator] [10333020] 17:09:28.156 [pool-6-thread-15] DEBUG c.h.p.o.d.PodServiceAccountResource - [helmvolu] Desired PodServiceAccountResource (serviceAccountName: hivemq-platform-pod-test-hivemq-platform)
2025-01-27 17:09:28,159 INFO c.h.h.t.HelmChartContainer - [hivemq-test-hivemq-platform] [hivemq-platform-operator] [10333020] 17:09:28.157 [pool-6-thread-16] DEBUG c.h.p.o.dependants.PodInfoConfigMap - [helmvolu] Desired PodInfo ConfigMap (1 extensions) (1 enabled)
2025-01-27 17:09:28,159 INFO c.h.h.t.HelmChartContainer - [hivemq-test-hivemq-platform] [hivemq-platform-operator] [10333020] 17:09:28.157 [pool-6-thread-16] DEBUG c.h.p.o.dependants.PodInfoConfigMap - [helmvolu] Desired PodInfo ConfigMap (metrics port: 9399) (metrics path: /)
2025-01-27 17:09:28,159 INFO c.h.h.t.HelmChartContainer - [hivemq-test-hivemq-platform] [hivemq-platform-operator] [10333020] 17:09:28.157 [pool-6-thread-16] DEBUG c.h.p.o.dependants.PodInfoConfigMap - [helmvolu] Desired PodInfo ConfigMap (extension state hash: -1817474005)
2025-01-27 17:09:28,162 INFO c.h.h.t.HelmChartContainer - [hivemq-test-hivemq-platform] [hivemq-platform-operator] [10333020] 17:09:28.160 [pool-6-thread-20] DEBUG c.h.p.o.d.StatefulSetResource - [helmvolu] Desired StatefulSet (3 replicas) for status ROLLING_RESTART (SURGE_IN_PROGRESS)
2025-01-27 17:09:28,164 INFO c.h.h.t.HelmChartContainer - [hivemq-test-hivemq-platform] [hivemq-platform-operator] [10333020] 17:09:28.163 [ReconcilerExecutor-hivemq-controller-140] INFO  c.h.p.o.HiveMQPlatformReconciler - [helmvolu] Reconciling HiveMQ Platform 'test-hivemq-platform' in namespace 'helmvolumeclaimtemplatesit'
2025-01-27 17:09:28,164 INFO c.h.h.t.HelmChartContainer - [hivemq-test-hivemq-platform] [hivemq-platform-operator] [10333020] 17:09:28.163 [ReconcilerExecutor-hivemq-controller-140] DEBUG c.h.p.o.HiveMQPlatformReconciler - [helmvolu] Custom Resource Status ROLLING_RESTART - HiveMQ Platform is starting a surge Pod (rolling restart) (SURGE_IN_PROGRESS)
2025-01-27 17:09:28,164 INFO c.h.h.t.HelmChartContainer - [hivemq-test-hivemq-platform] [hivemq-platform-operator] [10333020] 17:09:28.163 [ReconcilerExecutor-hivemq-controller-140] DEBUG c.h.p.o.HiveMQPlatformReconciler - [helmvolu] Custom Resource Spec (replicas: 2) (extensions: 1)
2025-01-27 17:09:28,165 INFO c.h.h.t.HelmChartContainer - [hivemq-test-hivemq-platform] [hivemq-platform-operator] [10333020] 17:09:28.164 [ReconcilerExecutor-hivemq-controller-140] DEBUG c.h.p.o.HiveMQPlatformReconciler - [helmvolu] StatefulSet Status (revision: test-hivemq-platform-56957c7b74, replicas: 3, available: 2, ready: 2, current: 2, updated: 1)
2025-01-27 17:09:28,166 INFO c.h.h.t.HelmChartContainer - [hivemq-test-hivemq-platform] [hivemq-platform-operator] [10333020] 17:09:28.164 [ReconcilerExecutor-hivemq-controller-140] DEBUG c.h.p.o.HiveMQPlatformReconciler - [helmvolu] StatefulSet Spec (replicas: 3, init containers: 1, containers: 1, volumes: 4)
2025-01-27 17:09:28,166 INFO c.h.h.t.HelmChartContainer - [hivemq-test-hivemq-platform] [hivemq-platform-operator] [10333020] 17:09:28.165 [ReconcilerExecutor-hivemq-controller-140] DEBUG c.h.p.o.h.HiveMQPlatformReconcilerErrorHandler - [helmvolu] Pod 'test-hivemq-platform-2' phase Running
2025-01-27 17:09:28,170 INFO c.h.h.t.HelmChartContainer - [hivemq-test-hivemq-platform] [hivemq-platform-operator] [10333020] 17:09:28.168 [ReconcilerExecutor-hivemq-controller-140] DEBUG c.h.p.o.h.HiveMQPlatformReconcilerErrorHandler - [helmvolu] Pod 'test-hivemq-platform-1' phase Running
2025-01-27 17:09:28,170 INFO c.h.h.t.HelmChartContainer - [hivemq-test-hivemq-platform] [hivemq-platform-operator] [10333020] 17:09:28.168 [ReconcilerExecutor-hivemq-controller-140] DEBUG c.h.p.o.h.HiveMQPlatformReconcilerErrorHandler - [helmvolu] Pod 'test-hivemq-platform-0' phase Running
2025-01-27 17:09:28,170 INFO c.h.h.t.HelmChartContainer - [hivemq-test-hivemq-platform] [hivemq-platform-operator] [10333020] 17:09:28.169 [ReconcilerExecutor-hivemq-controller-140] DEBUG c.h.p.o.h.HiveMQPlatformReconcilerRollingRestartHandler - [helmvolu] Rolling restart is waiting for 2 of 3 replicas
2025-01-27 17:09:28,937 INFO c.h.h.t.HelmChartContainer - [test-hivemq-platform] [hivemq] [40ef4599] INFO  - Audit Logger started.
2025-01-27 17:09:29,352 INFO c.h.h.t.HelmChartContainer - [test-hivemq-platform] [hivemq] [40ef4599] INFO  - This node uses '1' CPU cores.
2025-01-27 17:09:29,357 INFO c.h.h.t.HelmChartContainer - [test-hivemq-platform] [hivemq] [40ef4599] INFO  - Starting HiveMQ Health API on address 0.0.0.0 and port 8889
2025-01-27 17:09:30,247 INFO c.h.h.t.HelmChartContainer - [test-hivemq-platform] [hivemq] [40ef4599] INFO  - Started HiveMQ Health API in 890ms
2025-01-27 17:09:30,250 INFO c.h.h.t.HelmChartContainer - [test-hivemq-platform] [hivemq] [40ef4599] INFO  - Starting HiveMQ extension system.
2025-01-27 17:09:30,294 INFO c.h.h.t.HelmChartContainer - [K3S] [info.go:53] Couldn't collect info from any of the files in "/etc/machine-id,/var/lib/dbus/machine-id"
2025-01-27 17:09:30,643 INFO c.h.h.t.HelmChartContainer - [test-hivemq-platform] [hivemq] [40ef4599] INFO  - Starting extension with id "hivemq-dns-cluster-discovery" at /opt/hivemq/extensions/hivemq-dns-cluster-discovery
2025-01-27 17:09:31,237 INFO c.h.h.t.HelmChartContainer - [test-hivemq-platform] [hivemq] [40ef4599] INFO  - Extension "DNS Cluster Discovery Extension" version 4.3.2 started successfully.
2025-01-27 17:09:31,237 INFO c.h.h.t.HelmChartContainer - [test-hivemq-platform] [hivemq] [40ef4599] INFO  - Starting extension with id "hivemq-prometheus-extension" at /opt/hivemq/extensions/hivemq-prometheus-extension
2025-01-27 17:09:31,242 INFO c.h.h.t.HelmChartContainer - [test-hivemq-platform] [hivemq] [40ef4599] INFO  - Using TCP cluster transport on address 10.42.0.14 and port 7000
2025-01-27 17:09:31,335 INFO c.h.h.t.HelmChartContainer - [test-hivemq-platform] [hivemq] [40ef4599] INFO  - Using extension cluster discovery
2025-01-27 17:09:32,234 INFO c.h.h.t.HelmChartContainer - [test-hivemq-platform] [hivemq] [40ef4599] INFO  - Started Jetty Server exposing Prometheus Servlet on URI http://0.0.0.0:9399/
2025-01-27 17:09:32,234 INFO c.h.h.t.HelmChartContainer - [test-hivemq-platform] [hivemq] [40ef4599] INFO  - Extension "Prometheus Monitoring Extension" version 4.0.12 started successfully.
2025-01-27 17:09:32,235 INFO c.h.h.t.HelmChartContainer - [test-hivemq-platform] [hivemq] [40ef4599] INFO  - Starting extension with id "hivemq-allow-all-extension" at /opt/hivemq/extensions/hivemq-allow-all-extension
2025-01-27 17:09:32,235 INFO c.h.h.t.HelmChartContainer - [test-hivemq-platform] [hivemq] [40ef4599] WARN  - 
2025-01-27 17:09:32,235 INFO c.h.h.t.HelmChartContainer - [test-hivemq-platform] [hivemq] [40ef4599] ################################################################################################################
2025-01-27 17:09:32,235 INFO c.h.h.t.HelmChartContainer - [test-hivemq-platform] [hivemq] [40ef4599] # This HiveMQ deployment is not secure! You are lacking Authentication and Authorization.                      #
2025-01-27 17:09:32,235 INFO c.h.h.t.HelmChartContainer - [test-hivemq-platform] [hivemq] [40ef4599] # Right now any MQTT client can connect to the broker with a full set of permissions.                          #
2025-01-27 17:09:32,235 INFO c.h.h.t.HelmChartContainer - [test-hivemq-platform] [hivemq] [40ef4599] # For production usage, add an appropriate security extension and remove the hivemq-allow-all extension.       #
2025-01-27 17:09:32,235 INFO c.h.h.t.HelmChartContainer - [test-hivemq-platform] [hivemq] [40ef4599] # You can download security extensions from the HiveMQ Marketplace (https://www.hivemq.com/extensions/).       #
2025-01-27 17:09:32,235 INFO c.h.h.t.HelmChartContainer - [test-hivemq-platform] [hivemq] [40ef4599] ################################################################################################################
2025-01-27 17:09:32,236 INFO c.h.h.t.HelmChartContainer - [test-hivemq-platform] [hivemq] [40ef4599] INFO  - Extension "Allow All Extension" version 1.1.0 started successfully.
2025-01-27 17:09:32,355 INFO c.h.h.t.HelmChartContainer - [test-hivemq-platform] [hivemq] [f4b534a4] INFO  - Cluster nodes found by discovery: [5HXdh|2] (3) [5HXdh, zWblo, DJdwx].
2025-01-27 17:09:32,356 INFO c.h.h.t.HelmChartContainer - [test-hivemq-platform] [hivemq] [72159df0] INFO  - Cluster nodes found by discovery: [5HXdh|2] (3) [5HXdh, zWblo, DJdwx].
2025-01-27 17:09:32,441 INFO c.h.h.t.HelmChartContainer - [test-hivemq-platform] [hivemq] [40ef4599] INFO  - Cluster nodes found by discovery: [5HXdh|2] (3) [5HXdh, zWblo, DJdwx].
2025-01-27 17:09:32,551 INFO c.h.h.t.HelmChartContainer - [test-hivemq-platform] [hivemq] [40ef4599] INFO  - Cluster size = 1, members : [zWblo].
2025-01-27 17:09:32,634 INFO c.h.h.t.HelmChartContainer - [test-hivemq-platform] [hivemq] [40ef4599] INFO  - Cluster size = 2, members : [5HXdh, zWblo].
2025-01-27 17:09:32,846 INFO c.h.h.t.HelmChartContainer - [test-hivemq-platform] [hivemq] [40ef4599] INFO  - Starting cluster join process. This may take a while. Please do not shut down HiveMQ.
2025-01-27 17:09:32,850 INFO c.h.h.t.HelmChartContainer - [test-hivemq-platform] [hivemq] [40ef4599] INFO  - Cluster join process is still ongoing. Please do not shut down HiveMQ.
2025-01-27 17:09:33,546 INFO c.h.h.t.HelmChartContainer - [test-hivemq-platform] [hivemq] [40ef4599] INFO  - [HiveMQ Platform Operator Init App 1.7.0-SNAPSHOT] Returning Health API response 503 for readiness
2025-01-27 17:09:33,550 INFO c.h.h.t.HelmChartContainer - [EVENT] Warning [Unhealthy] Readiness probe failed: HTTP probe failed with statuscode: 503 [helmvolumeclaimtemplatesit:test-hivemq-platform-2]
2025-01-27 17:09:33,550 INFO c.h.h.t.HelmChartContainer - Received Unhealthy event for container hivemq in pod test-hivemq-platform-2 [40ef4599-c952-4d38-a2e7-99b1fb4a1782]
2025-01-27 17:09:34,858 INFO c.h.h.t.HelmChartContainer - [test-hivemq-platform] [hivemq] [f4b534a4] INFO  - Cluster size = 3, members : [5HXdh, zWblo, DJdwx].
2025-01-27 17:09:34,864 INFO c.h.h.t.HelmChartContainer - [test-hivemq-platform] [hivemq] [72159df0] INFO  - Cluster size = 3, members : [5HXdh, zWblo, DJdwx].
2025-01-27 17:09:34,882 INFO c.h.h.t.HelmChartContainer - [test-hivemq-platform] [hivemq] [40ef4599] INFO  - Cluster size = 3, members : [5HXdh, zWblo, DJdwx].
2025-01-27 17:09:34,887 INFO c.h.h.t.HelmChartContainer - [test-hivemq-platform] [hivemq] [40ef4599] INFO  - Finished cluster join process successfully.
2025-01-27 17:09:34,889 INFO c.h.h.t.HelmChartContainer - [test-hivemq-platform] [hivemq] [40ef4599] INFO  - No user for HiveMQ Control Center configured. Starting with default user
2025-01-27 17:09:34,889 INFO c.h.h.t.HelmChartContainer - [test-hivemq-platform] [hivemq] [40ef4599] INFO  - Starting HiveMQ Control Center on address 0.0.0.0 and port 8080
2025-01-27 17:09:34,934 INFO c.h.h.t.HelmChartContainer - [test-hivemq-platform] [hivemq] [40ef4599] INFO  - Mounting HiveMQ Control Center V2 Preview
2025-01-27 17:09:35,535 INFO c.h.h.t.HelmChartContainer - [test-hivemq-platform] [hivemq] [40ef4599] INFO  - Started HiveMQ Control Center in 647ms
2025-01-27 17:09:35,553 INFO c.h.h.t.HelmChartContainer - [test-hivemq-platform] [hivemq] [40ef4599] INFO  - Starting TCP listener on address 0.0.0.0 and port 1884
2025-01-27 17:09:35,647 INFO c.h.h.t.HelmChartContainer - [test-hivemq-platform] [hivemq] [40ef4599] INFO  - Started TCP Listener on address 0.0.0.0 and on port 1884.
2025-01-27 17:09:35,647 INFO c.h.h.t.HelmChartContainer - [test-hivemq-platform] [hivemq] [40ef4599] INFO  - Started HiveMQ in 27013ms
2025-01-27 17:09:38,059 INFO c.h.h.t.HelmChartContainer - [test-hivemq-platform] [hivemq] [40ef4599] INFO  - [HiveMQ Platform Operator Init App 1.7.0-SNAPSHOT] Returning Health API response 200 for readiness
2025-01-27 17:09:38,069 INFO c.h.h.t.HelmChartContainer - [POD] test-hivemq-platform-2 [40ef4599-c952-4d38-a2e7-99b1fb4a1782] in helmvolumeclaimtemplatesit was MODIFIED
2025-01-27 17:09:38,075 INFO c.h.h.t.HelmChartContainer - [hivemq-test-hivemq-platform] [hivemq-platform-operator] [10333020] 17:09:38.072 [pool-6-thread-28] DEBUG c.h.p.o.d.PlatformServiceResource - [helmvolu] Desired Platform services (3 services)
2025-01-27 17:09:38,075 INFO c.h.h.t.HelmChartContainer - [hivemq-test-hivemq-platform] [hivemq-platform-operator] [10333020] 17:09:38.073 [pool-6-thread-30] DEBUG c.h.p.o.dependants.PodInfoConfigMap - [helmvolu] Desired PodInfo ConfigMap (1 extensions) (1 enabled)
2025-01-27 17:09:38,075 INFO c.h.h.t.HelmChartContainer - [hivemq-test-hivemq-platform] [hivemq-platform-operator] [10333020] 17:09:38.073 [pool-6-thread-30] DEBUG c.h.p.o.dependants.PodInfoConfigMap - [helmvolu] Desired PodInfo ConfigMap (metrics port: 9399) (metrics path: /)
2025-01-27 17:09:38,075 INFO c.h.h.t.HelmChartContainer - [hivemq-test-hivemq-platform] [hivemq-platform-operator] [10333020] 17:09:38.073 [pool-6-thread-30] DEBUG c.h.p.o.dependants.PodInfoConfigMap - [helmvolu] Desired PodInfo ConfigMap (extension state hash: -1817474005)
2025-01-27 17:09:38,075 INFO c.h.h.t.HelmChartContainer - [hivemq-test-hivemq-platform] [hivemq-platform-operator] [10333020] 17:09:38.074 [pool-6-thread-23] DEBUG c.h.p.o.d.PodServiceAccountResource - [helmvolu] Desired PodServiceAccountResource (serviceAccountName: hivemq-platform-pod-test-hivemq-platform)
2025-01-27 17:09:38,096 INFO c.h.h.t.HelmChartContainer - [hivemq-test-hivemq-platform] [hivemq-platform-operator] [10333020] 17:09:38.081 [pool-6-thread-28] DEBUG c.h.p.o.d.StatefulSetResource - [helmvolu] Desired StatefulSet (3 replicas) for status ROLLING_RESTART (SURGE_IN_PROGRESS)
2025-01-27 17:09:38,096 INFO c.h.h.t.HelmChartContainer - [hivemq-test-hivemq-platform] [hivemq-platform-operator] [10333020] 17:09:38.084 [ReconcilerExecutor-hivemq-controller-141] INFO  c.h.p.o.HiveMQPlatformReconciler - [helmvolu] Reconciling HiveMQ Platform 'test-hivemq-platform' in namespace 'helmvolumeclaimtemplatesit'
2025-01-27 17:09:38,096 INFO c.h.h.t.HelmChartContainer - [hivemq-test-hivemq-platform] [hivemq-platform-operator] [10333020] 17:09:38.084 [ReconcilerExecutor-hivemq-controller-141] DEBUG c.h.p.o.HiveMQPlatformReconciler - [helmvolu] Custom Resource Status ROLLING_RESTART - HiveMQ Platform is starting a surge Pod (rolling restart) (SURGE_IN_PROGRESS)
2025-01-27 17:09:38,096 INFO c.h.h.t.HelmChartContainer - [hivemq-test-hivemq-platform] [hivemq-platform-operator] [10333020] 17:09:38.084 [ReconcilerExecutor-hivemq-controller-141] DEBUG c.h.p.o.HiveMQPlatformReconciler - [helmvolu] Custom Resource Spec (replicas: 2) (extensions: 1)
2025-01-27 17:09:38,096 INFO c.h.h.t.HelmChartContainer - [hivemq-test-hivemq-platform] [hivemq-platform-operator] [10333020] 17:09:38.085 [ReconcilerExecutor-hivemq-controller-141] DEBUG c.h.p.o.HiveMQPlatformReconciler - [helmvolu] StatefulSet Status (revision: test-hivemq-platform-56957c7b74, replicas: 3, available: 2, ready: 2, current: 2, updated: 1)
2025-01-27 17:09:38,096 INFO c.h.h.t.HelmChartContainer - [hivemq-test-hivemq-platform] [hivemq-platform-operator] [10333020] 17:09:38.085 [ReconcilerExecutor-hivemq-controller-141] DEBUG c.h.p.o.HiveMQPlatformReconciler - [helmvolu] StatefulSet Spec (replicas: 3, init containers: 1, containers: 1, volumes: 4)
2025-01-27 17:09:38,096 INFO c.h.h.t.HelmChartContainer - [hivemq-test-hivemq-platform] [hivemq-platform-operator] [10333020] 17:09:38.086 [ReconcilerExecutor-hivemq-controller-141] DEBUG c.h.p.o.h.HiveMQPlatformReconcilerErrorHandler - [helmvolu] Pod 'test-hivemq-platform-2' phase Running
2025-01-27 17:09:38,096 INFO c.h.h.t.HelmChartContainer - [hivemq-test-hivemq-platform] [hivemq-platform-operator] [10333020] 17:09:38.087 [ReconcilerExecutor-hivemq-controller-141] DEBUG c.h.p.o.h.HiveMQPlatformReconcilerErrorHandler - [helmvolu] Pod 'test-hivemq-platform-1' phase Running
2025-01-27 17:09:38,096 INFO c.h.h.t.HelmChartContainer - [hivemq-test-hivemq-platform] [hivemq-platform-operator] [10333020] 17:09:38.088 [ReconcilerExecutor-hivemq-controller-141] DEBUG c.h.p.o.h.HiveMQPlatformReconcilerErrorHandler - [helmvolu] Pod 'test-hivemq-platform-0' phase Running
2025-01-27 17:09:38,096 INFO c.h.h.t.HelmChartContainer - [hivemq-test-hivemq-platform] [hivemq-platform-operator] [10333020] 17:09:38.088 [ReconcilerExecutor-hivemq-controller-141] DEBUG c.h.p.o.h.HiveMQPlatformReconcilerRollingRestartHandler - [helmvolu] Rolling restart is waiting for 2 of 3 replicas
2025-01-27 17:09:38,136 INFO c.h.h.t.HelmChartContainer - [hivemq-test-hivemq-platform] [hivemq-platform-operator] [10333020] 17:09:38.134 [pool-6-thread-37] DEBUG c.h.p.o.d.PlatformServiceResource - [helmvolu] Desired Platform services (3 services)
2025-01-27 17:09:38,138 INFO c.h.h.t.HelmChartContainer - [hivemq-test-hivemq-platform] [hivemq-platform-operator] [10333020] 17:09:38.135 [pool-6-thread-34] DEBUG c.h.p.o.dependants.PodInfoConfigMap - [helmvolu] Desired PodInfo ConfigMap (1 extensions) (1 enabled)
2025-01-27 17:09:38,140 INFO c.h.h.t.HelmChartContainer - [hivemq-test-hivemq-platform] [hivemq-platform-operator] [10333020] 17:09:38.136 [pool-6-thread-34] DEBUG c.h.p.o.dependants.PodInfoConfigMap - [helmvolu] Desired PodInfo ConfigMap (metrics port: 9399) (metrics path: /)
2025-01-27 17:09:38,140 INFO c.h.h.t.HelmChartContainer - [hivemq-test-hivemq-platform] [hivemq-platform-operator] [10333020] 17:09:38.136 [pool-6-thread-34] DEBUG c.h.p.o.dependants.PodInfoConfigMap - [helmvolu] Desired PodInfo ConfigMap (extension state hash: -1817474005)
2025-01-27 17:09:38,140 INFO c.h.h.t.HelmChartContainer - [hivemq-test-hivemq-platform] [hivemq-platform-operator] [10333020] 17:09:38.137 [pool-6-thread-35] DEBUG c.h.p.o.d.PodServiceAccountResource - [helmvolu] Desired PodServiceAccountResource (serviceAccountName: hivemq-platform-pod-test-hivemq-platform)
2025-01-27 17:09:38,142 INFO c.h.h.t.HelmChartContainer - [hivemq-test-hivemq-platform] [hivemq-platform-operator] [10333020] 17:09:38.139 [pool-6-thread-37] DEBUG c.h.p.o.d.StatefulSetResource - [helmvolu] Desired StatefulSet (3 replicas) for status ROLLING_RESTART (SURGE_IN_PROGRESS)
2025-01-27 17:09:38,144 INFO c.h.h.t.HelmChartContainer - [hivemq-test-hivemq-platform] [hivemq-platform-operator] [10333020] 17:09:38.143 [ReconcilerExecutor-hivemq-controller-142] INFO  c.h.p.o.HiveMQPlatformReconciler - [helmvolu] Reconciling HiveMQ Platform 'test-hivemq-platform' in namespace 'helmvolumeclaimtemplatesit'
2025-01-27 17:09:38,145 INFO c.h.h.t.HelmChartContainer - [hivemq-test-hivemq-platform] [hivemq-platform-operator] [10333020] 17:09:38.143 [ReconcilerExecutor-hivemq-controller-142] DEBUG c.h.p.o.HiveMQPlatformReconciler - [helmvolu] Custom Resource Status ROLLING_RESTART - HiveMQ Platform is starting a surge Pod (rolling restart) (SURGE_IN_PROGRESS)
2025-01-27 17:09:38,145 INFO c.h.h.t.HelmChartContainer - [hivemq-test-hivemq-platform] [hivemq-platform-operator] [10333020] 17:09:38.143 [ReconcilerExecutor-hivemq-controller-142] DEBUG c.h.p.o.HiveMQPlatformReconciler - [helmvolu] Custom Resource Spec (replicas: 2) (extensions: 1)
2025-01-27 17:09:38,146 INFO c.h.h.t.HelmChartContainer - [hivemq-test-hivemq-platform] [hivemq-platform-operator] [10333020] 17:09:38.144 [ReconcilerExecutor-hivemq-controller-142] DEBUG c.h.p.o.HiveMQPlatformReconciler - [helmvolu] StatefulSet Status (revision: test-hivemq-platform-56957c7b74, replicas: 3, available: 3, ready: 3, current: 2, updated: 1)
2025-01-27 17:09:38,146 INFO c.h.h.t.HelmChartContainer - [hivemq-test-hivemq-platform] [hivemq-platform-operator] [10333020] 17:09:38.144 [ReconcilerExecutor-hivemq-controller-142] DEBUG c.h.p.o.HiveMQPlatformReconciler - [helmvolu] StatefulSet Spec (replicas: 3, init containers: 1, containers: 1, volumes: 4)
2025-01-27 17:09:38,146 INFO c.h.h.t.HelmChartContainer - [hivemq-test-hivemq-platform] [hivemq-platform-operator] [10333020] 17:09:38.145 [ReconcilerExecutor-hivemq-controller-142] DEBUG c.h.p.o.h.HiveMQPlatformReconcilerErrorHandler - [helmvolu] Pod 'test-hivemq-platform-2' phase Running
2025-01-27 17:09:38,151 INFO c.h.h.t.HelmChartContainer - [hivemq-test-hivemq-platform] [hivemq-platform-operator] [10333020] 17:09:38.149 [ReconcilerExecutor-hivemq-controller-142] DEBUG c.h.p.o.h.HiveMQPlatformReconcilerErrorHandler - [helmvolu] Pod 'test-hivemq-platform-1' phase Running
2025-01-27 17:09:38,152 INFO c.h.h.t.HelmChartContainer - [hivemq-test-hivemq-platform] [hivemq-platform-operator] [10333020] 17:09:38.150 [ReconcilerExecutor-hivemq-controller-142] DEBUG c.h.p.o.h.HiveMQPlatformReconcilerErrorHandler - [helmvolu] Pod 'test-hivemq-platform-0' phase Running
2025-01-27 17:09:38,152 INFO c.h.h.t.HelmChartContainer - [hivemq-test-hivemq-platform] [hivemq-platform-operator] [10333020] 17:09:38.150 [ReconcilerExecutor-hivemq-controller-142] INFO  c.h.p.o.h.HiveMQPlatformReconcilerRollingRestartHandler - [helmvolu] Surge Pod started successfully
2025-01-27 17:09:38,244 INFO c.h.h.t.HelmChartContainer - [hivemq-test-hivemq-platform] [hivemq-platform-operator] [10333020] 17:09:38.243 [ReconcilerExecutor-hivemq-controller-142] DEBUG c.h.p.operator.event.EventSender - [helmvolu] Creating K8s event rolling-restart-surge-in-progress: [RollingRestart] HiveMQ Platform is restarting Pods (rolling restart)
2025-01-27 17:09:38,248 INFO c.h.h.t.HelmChartContainer - [EVENT] Normal [RollingRestart] HiveMQ Platform is restarting Pods (rolling restart) [helmvolumeclaimtemplatesit:test-hivemq-platform]
2025-01-27 17:09:38,249 INFO c.h.h.t.HelmChartContainer - [hivemq-test-hivemq-platform] [hivemq-platform-operator] [10333020] 17:09:38.248 [ReconcilerExecutor-hivemq-controller-142] INFO  c.h.p.o.h.AbstractHiveMQReconcilerStateHandler - [helmvolu] Update HiveMQ Platform Status (ROLLING_RESTART [SURGE_IN_PROGRESS] -> ROLLING_RESTART [RESTART_PODS_IN_PROGRESS]): HiveMQ Platform is restarting Pods (rolling restart)
2025-01-27 17:09:38,258 DEBUG com.hivemq.helmcharts.util.K8sUtil - Comparing actual state 'ROLLING_RESTART' and waiting for 'RUNNING'
2025-01-27 17:09:45,275 INFO c.h.h.t.HelmChartContainer - [test-hivemq-platform] [hivemq] [40ef4599] INFO  - [HiveMQ Platform Operator Init App 1.7.0-SNAPSHOT] Returning Health API response 200 for liveness
2025-01-27 17:09:48,337 INFO c.h.h.t.HelmChartContainer - [hivemq-test-hivemq-platform] [hivemq-platform-operator] [10333020] 17:09:48.335 [pool-6-thread-49] DEBUG c.h.p.o.d.PlatformServiceResource - [helmvolu] Desired Platform services (3 services)
2025-01-27 17:09:48,337 INFO c.h.h.t.HelmChartContainer - [hivemq-test-hivemq-platform] [hivemq-platform-operator] [10333020] 17:09:48.336 [pool-6-thread-45] DEBUG c.h.p.o.d.PodServiceAccountResource - [helmvolu] Desired PodServiceAccountResource (serviceAccountName: hivemq-platform-pod-test-hivemq-platform)
2025-01-27 17:09:48,337 INFO c.h.h.t.HelmChartContainer - [hivemq-test-hivemq-platform] [hivemq-platform-operator] [10333020] 17:09:48.336 [pool-6-thread-50] DEBUG c.h.p.o.dependants.PodInfoConfigMap - [helmvolu] Desired PodInfo ConfigMap (1 extensions) (1 enabled)
2025-01-27 17:09:48,337 INFO c.h.h.t.HelmChartContainer - [hivemq-test-hivemq-platform] [hivemq-platform-operator] [10333020] 17:09:48.336 [pool-6-thread-50] DEBUG c.h.p.o.dependants.PodInfoConfigMap - [helmvolu] Desired PodInfo ConfigMap (metrics port: 9399) (metrics path: /)
2025-01-27 17:09:48,337 INFO c.h.h.t.HelmChartContainer - [hivemq-test-hivemq-platform] [hivemq-platform-operator] [10333020] 17:09:48.336 [pool-6-thread-50] DEBUG c.h.p.o.dependants.PodInfoConfigMap - [helmvolu] Desired PodInfo ConfigMap (extension state hash: -1817474005)
2025-01-27 17:09:48,340 INFO c.h.h.t.HelmChartContainer - [hivemq-test-hivemq-platform] [hivemq-platform-operator] [10333020] 17:09:48.339 [pool-6-thread-49] DEBUG c.h.p.o.d.StatefulSetResource - [helmvolu] Desired StatefulSet (3 replicas) for status ROLLING_RESTART (RESTART_PODS_IN_PROGRESS)
2025-01-27 17:09:48,343 INFO c.h.h.t.HelmChartContainer - [hivemq-test-hivemq-platform] [hivemq-platform-operator] [10333020] 17:09:48.342 [ReconcilerExecutor-hivemq-controller-143] INFO  c.h.p.o.HiveMQPlatformReconciler - [helmvolu] Reconciling HiveMQ Platform 'test-hivemq-platform' in namespace 'helmvolumeclaimtemplatesit'
2025-01-27 17:09:48,343 INFO c.h.h.t.HelmChartContainer - [hivemq-test-hivemq-platform] [hivemq-platform-operator] [10333020] 17:09:48.342 [ReconcilerExecutor-hivemq-controller-143] DEBUG c.h.p.o.HiveMQPlatformReconciler - [helmvolu] Custom Resource Status ROLLING_RESTART - HiveMQ Platform is restarting Pods (rolling restart) (RESTART_PODS_IN_PROGRESS)
2025-01-27 17:09:48,343 INFO c.h.h.t.HelmChartContainer - [hivemq-test-hivemq-platform] [hivemq-platform-operator] [10333020] 17:09:48.342 [ReconcilerExecutor-hivemq-controller-143] DEBUG c.h.p.o.HiveMQPlatformReconciler - [helmvolu] Custom Resource Spec (replicas: 2) (extensions: 1)
2025-01-27 17:09:48,344 INFO c.h.h.t.HelmChartContainer - [hivemq-test-hivemq-platform] [hivemq-platform-operator] [10333020] 17:09:48.343 [ReconcilerExecutor-hivemq-controller-143] DEBUG c.h.p.o.HiveMQPlatformReconciler - [helmvolu] StatefulSet Status (revision: test-hivemq-platform-56957c7b74, replicas: 3, available: 3, ready: 3, current: 2, updated: 1)
2025-01-27 17:09:48,344 INFO c.h.h.t.HelmChartContainer - [hivemq-test-hivemq-platform] [hivemq-platform-operator] [10333020] 17:09:48.343 [ReconcilerExecutor-hivemq-controller-143] DEBUG c.h.p.o.HiveMQPlatformReconciler - [helmvolu] StatefulSet Spec (replicas: 3, init containers: 1, containers: 1, volumes: 4)
2025-01-27 17:09:48,345 INFO c.h.h.t.HelmChartContainer - [hivemq-test-hivemq-platform] [hivemq-platform-operator] [10333020] 17:09:48.345 [ReconcilerExecutor-hivemq-controller-143] DEBUG c.h.p.o.h.HiveMQPlatformReconcilerErrorHandler - [helmvolu] Pod 'test-hivemq-platform-2' phase Running
2025-01-27 17:09:48,347 INFO c.h.h.t.HelmChartContainer - [hivemq-test-hivemq-platform] [hivemq-platform-operator] [10333020] 17:09:48.346 [ReconcilerExecutor-hivemq-controller-143] DEBUG c.h.p.o.h.HiveMQPlatformReconcilerErrorHandler - [helmvolu] Pod 'test-hivemq-platform-1' phase Running
2025-01-27 17:09:48,348 INFO c.h.h.t.HelmChartContainer - [hivemq-test-hivemq-platform] [hivemq-platform-operator] [10333020] 17:09:48.347 [ReconcilerExecutor-hivemq-controller-143] DEBUG c.h.p.o.h.HiveMQPlatformReconcilerErrorHandler - [helmvolu] Pod 'test-hivemq-platform-0' phase Running
2025-01-27 17:09:48,354 INFO c.h.h.t.HelmChartContainer - [hivemq-test-hivemq-platform] [hivemq-platform-operator] [10333020] 17:09:48.353 [ReconcilerExecutor-hivemq-controller-143] DEBUG c.h.p.o.h.HiveMQPlatformReconcilerRollingRestartHandler - [helmvolu] Skipping Pod test-hivemq-platform-2 as it's already on the controller update revision (update revision: test-hivemq-platform-56957c7b74, pod revision: test-hivemq-platform-56957c7b74)
2025-01-27 17:09:48,439 INFO c.h.h.t.HelmChartContainer - [hivemq-test-hivemq-platform] [hivemq-platform-operator] [10333020] 17:09:48.437 [ReconcilerExecutor-hivemq-controller-143] DEBUG c.h.p.o.h.HiveMQPlatformReconcilerRollingRestartHandler - [helmvolu] The last Pod is running for 64 seconds, the next Pod can be restarted
2025-01-27 17:09:48,439 INFO c.h.h.t.HelmChartContainer - [hivemq-test-hivemq-platform] [hivemq-platform-operator] [10333020] 17:09:48.438 [ReconcilerExecutor-hivemq-controller-143] INFO  c.h.p.o.h.HiveMQPlatformReconcilerRollingRestartHandler - [helmvolu] Restarting Pod test-hivemq-platform-1 as it's not matching the controller update revision (update revision: test-hivemq-platform-56957c7b74, pod revision: test-hivemq-platform-664f48ff7c)
2025-01-27 17:09:48,455 INFO c.h.h.t.HelmChartContainer - [POD] test-hivemq-platform-1 [72159df0-f150-416b-80ab-9a12f053f35a] in helmvolumeclaimtemplatesit was MODIFIED
2025-01-27 17:09:48,467 INFO c.h.h.t.HelmChartContainer - [test-hivemq-platform] [hivemq] [72159df0] INFO  - [HiveMQ Platform Operator Init App 1.7.0-SNAPSHOT] Shutting down
2025-01-27 17:09:48,467 INFO c.h.h.t.HelmChartContainer - [test-hivemq-platform] [hivemq] [72159df0] INFO  - [HiveMQ Platform Operator Init App 1.7.0-SNAPSHOT] Stopping the HiveMQ Platform
2025-01-27 17:09:48,482 INFO c.h.h.t.HelmChartContainer - [EVENT] Normal [Killing] Stopping container hivemq [helmvolumeclaimtemplatesit:test-hivemq-platform-1]
2025-01-27 17:09:48,482 INFO c.h.h.t.HelmChartContainer - Received Killing event for container hivemq in pod test-hivemq-platform-1 [72159df0-f150-416b-80ab-9a12f053f35a]
2025-01-27 17:09:48,482 INFO c.h.h.t.HelmChartContainer - Container [test-hivemq-platform-1] [hivemq] [72159df0-f150-416b-80ab-9a12f053f35a] was terminated
2025-01-27 17:09:48,482 INFO c.h.h.t.HelmChartContainer - Stopped log watcher for hivemq in pod test-hivemq-platform-1 [72159df0-f150-416b-80ab-9a12f053f35a]
2025-01-27 17:09:48,542 INFO c.h.h.t.HelmChartContainer - [hivemq-test-hivemq-platform] [hivemq-platform-operator] [10333020] 17:09:48.539 [pool-6-thread-4] DEBUG c.h.p.o.d.PlatformServiceResource - [helmvolu] Desired Platform services (3 services)
2025-01-27 17:09:48,542 INFO c.h.h.t.HelmChartContainer - [hivemq-test-hivemq-platform] [hivemq-platform-operator] [10333020] 17:09:48.540 [pool-6-thread-7] DEBUG c.h.p.o.dependants.PodInfoConfigMap - [helmvolu] Desired PodInfo ConfigMap (1 extensions) (1 enabled)
2025-01-27 17:09:48,542 INFO c.h.h.t.HelmChartContainer - [hivemq-test-hivemq-platform] [hivemq-platform-operator] [10333020] 17:09:48.541 [pool-6-thread-7] DEBUG c.h.p.o.dependants.PodInfoConfigMap - [helmvolu] Desired PodInfo ConfigMap (metrics port: 9399) (metrics path: /)
2025-01-27 17:09:48,542 INFO c.h.h.t.HelmChartContainer - [hivemq-test-hivemq-platform] [hivemq-platform-operator] [10333020] 17:09:48.541 [pool-6-thread-7] DEBUG c.h.p.o.dependants.PodInfoConfigMap - [helmvolu] Desired PodInfo ConfigMap (extension state hash: -1817474005)
2025-01-27 17:09:48,543 INFO c.h.h.t.HelmChartContainer - [hivemq-test-hivemq-platform] [hivemq-platform-operator] [10333020] 17:09:48.541 [pool-6-thread-9] DEBUG c.h.p.o.d.PodServiceAccountResource - [helmvolu] Desired PodServiceAccountResource (serviceAccountName: hivemq-platform-pod-test-hivemq-platform)
2025-01-27 17:09:48,545 INFO c.h.h.t.HelmChartContainer - [hivemq-test-hivemq-platform] [hivemq-platform-operator] [10333020] 17:09:48.545 [pool-6-thread-4] DEBUG c.h.p.o.d.StatefulSetResource - [helmvolu] Desired StatefulSet (3 replicas) for status ROLLING_RESTART (RESTART_PODS_IN_PROGRESS)
2025-01-27 17:09:48,548 INFO c.h.h.t.HelmChartContainer - [hivemq-test-hivemq-platform] [hivemq-platform-operator] [10333020] 17:09:48.547 [ReconcilerExecutor-hivemq-controller-144] INFO  c.h.p.o.HiveMQPlatformReconciler - [helmvolu] Reconciling HiveMQ Platform 'test-hivemq-platform' in namespace 'helmvolumeclaimtemplatesit'
2025-01-27 17:09:48,550 INFO c.h.h.t.HelmChartContainer - [hivemq-test-hivemq-platform] [hivemq-platform-operator] [10333020] 17:09:48.548 [ReconcilerExecutor-hivemq-controller-144] DEBUG c.h.p.o.HiveMQPlatformReconciler - [helmvolu] Custom Resource Status ROLLING_RESTART - HiveMQ Platform is restarting Pods (rolling restart) (RESTART_PODS_IN_PROGRESS)
2025-01-27 17:09:48,550 INFO c.h.h.t.HelmChartContainer - [hivemq-test-hivemq-platform] [hivemq-platform-operator] [10333020] 17:09:48.548 [ReconcilerExecutor-hivemq-controller-144] DEBUG c.h.p.o.HiveMQPlatformReconciler - [helmvolu] Custom Resource Spec (replicas: 2) (extensions: 1)
2025-01-27 17:09:48,551 INFO c.h.h.t.HelmChartContainer - [hivemq-test-hivemq-platform] [hivemq-platform-operator] [10333020] 17:09:48.549 [ReconcilerExecutor-hivemq-controller-144] DEBUG c.h.p.o.HiveMQPlatformReconciler - [helmvolu] StatefulSet Status (revision: test-hivemq-platform-56957c7b74, replicas: 3, available: 3, ready: 3, current: 1, updated: 1)
2025-01-27 17:09:48,551 INFO c.h.h.t.HelmChartContainer - [hivemq-test-hivemq-platform] [hivemq-platform-operator] [10333020] 17:09:48.549 [ReconcilerExecutor-hivemq-controller-144] DEBUG c.h.p.o.HiveMQPlatformReconciler - [helmvolu] StatefulSet Spec (replicas: 3, init containers: 1, containers: 1, volumes: 4)
2025-01-27 17:09:48,551 INFO c.h.h.t.HelmChartContainer - [hivemq-test-hivemq-platform] [hivemq-platform-operator] [10333020] 17:09:48.550 [ReconcilerExecutor-hivemq-controller-144] DEBUG c.h.p.o.h.HiveMQPlatformReconcilerErrorHandler - [helmvolu] Pod 'test-hivemq-platform-2' phase Running
2025-01-27 17:09:48,553 INFO c.h.h.t.HelmChartContainer - [hivemq-test-hivemq-platform] [hivemq-platform-operator] [10333020] 17:09:48.552 [ReconcilerExecutor-hivemq-controller-144] DEBUG c.h.p.o.h.HiveMQPlatformReconcilerErrorHandler - [helmvolu] Pod 'test-hivemq-platform-1' phase Running
2025-01-27 17:09:48,554 INFO c.h.h.t.HelmChartContainer - [hivemq-test-hivemq-platform] [hivemq-platform-operator] [10333020] 17:09:48.553 [ReconcilerExecutor-hivemq-controller-144] DEBUG c.h.p.o.h.HiveMQPlatformReconcilerErrorHandler - [helmvolu] Pod 'test-hivemq-platform-0' phase Running
2025-01-27 17:09:48,629 INFO c.h.h.t.HelmChartContainer - [test-hivemq-platform] [hivemq] [72159df0] INFO  - Shutting down HiveMQ. Please wait, this could take a while...
2025-01-27 17:09:48,634 INFO c.h.h.t.HelmChartContainer - [test-hivemq-platform] [hivemq] [72159df0] INFO  - Shutting down listeners and clients
2025-01-27 17:09:48,636 INFO c.h.h.t.HelmChartContainer - [test-hivemq-platform] [hivemq] [72159df0] INFO  - Shutdown of listeners is done
2025-01-27 17:09:48,636 INFO c.h.h.t.HelmChartContainer - [test-hivemq-platform] [hivemq] [72159df0] INFO  - No clients are connected, proceeding with shutdown
2025-01-27 17:09:48,641 INFO c.h.h.t.HelmChartContainer - [hivemq-test-hivemq-platform] [hivemq-platform-operator] [10333020] 17:09:48.640 [ReconcilerExecutor-hivemq-controller-144] DEBUG c.h.p.o.h.HiveMQPlatformReconcilerRollingRestartHandler - [helmvolu] Skipping Pod test-hivemq-platform-2 as it's already on the controller update revision (update revision: test-hivemq-platform-56957c7b74, pod revision: test-hivemq-platform-56957c7b74)
2025-01-27 17:09:48,654 INFO c.h.h.t.HelmChartContainer - [hivemq-test-hivemq-platform] [hivemq-platform-operator] [10333020] 17:09:48.653 [ReconcilerExecutor-hivemq-controller-144] DEBUG c.h.p.o.h.HiveMQPlatformReconcilerRollingRestartHandler - [helmvolu] The last Pod is running for 64 seconds, the next Pod can be restarted
2025-01-27 17:09:48,654 INFO c.h.h.t.HelmChartContainer - [hivemq-test-hivemq-platform] [hivemq-platform-operator] [10333020] 17:09:48.653 [ReconcilerExecutor-hivemq-controller-144] INFO  c.h.p.o.h.HiveMQPlatformReconcilerRollingRestartHandler - [helmvolu] Restarting Pod test-hivemq-platform-1 as it's not matching the controller update revision (update revision: test-hivemq-platform-56957c7b74, pod revision: test-hivemq-platform-664f48ff7c)
2025-01-27 17:09:48,737 INFO c.h.h.t.HelmChartContainer - [hivemq-test-hivemq-platform] [hivemq-platform-operator] [10333020] 17:09:48.734 [pool-6-thread-16] DEBUG c.h.p.o.d.PlatformServiceResource - [helmvolu] Desired Platform services (3 services)
2025-01-27 17:09:48,737 INFO c.h.h.t.HelmChartContainer - [hivemq-test-hivemq-platform] [hivemq-platform-operator] [10333020] 17:09:48.735 [pool-6-thread-15] DEBUG c.h.p.o.dependants.PodInfoConfigMap - [helmvolu] Desired PodInfo ConfigMap (1 extensions) (1 enabled)
2025-01-27 17:09:48,737 INFO c.h.h.t.HelmChartContainer - [hivemq-test-hivemq-platform] [hivemq-platform-operator] [10333020] 17:09:48.735 [pool-6-thread-15] DEBUG c.h.p.o.dependants.PodInfoConfigMap - [helmvolu] Desired PodInfo ConfigMap (metrics port: 9399) (metrics path: /)
2025-01-27 17:09:48,737 INFO c.h.h.t.HelmChartContainer - [hivemq-test-hivemq-platform] [hivemq-platform-operator] [10333020] 17:09:48.735 [pool-6-thread-15] DEBUG c.h.p.o.dependants.PodInfoConfigMap - [helmvolu] Desired PodInfo ConfigMap (extension state hash: -1817474005)
2025-01-27 17:09:48,737 INFO c.h.h.t.HelmChartContainer - [hivemq-test-hivemq-platform] [hivemq-platform-operator] [10333020] 17:09:48.735 [pool-6-thread-18] DEBUG c.h.p.o.d.PodServiceAccountResource - [helmvolu] Desired PodServiceAccountResource (serviceAccountName: hivemq-platform-pod-test-hivemq-platform)
2025-01-27 17:09:48,738 INFO c.h.h.t.HelmChartContainer - [hivemq-test-hivemq-platform] [hivemq-platform-operator] [10333020] 17:09:48.737 [pool-6-thread-20] DEBUG c.h.p.o.d.StatefulSetResource - [helmvolu] Desired StatefulSet (3 replicas) for status ROLLING_RESTART (RESTART_PODS_IN_PROGRESS)
2025-01-27 17:09:48,740 INFO c.h.h.t.HelmChartContainer - [hivemq-test-hivemq-platform] [hivemq-platform-operator] [10333020] 17:09:48.740 [ReconcilerExecutor-hivemq-controller-145] INFO  c.h.p.o.HiveMQPlatformReconciler - [helmvolu] Reconciling HiveMQ Platform 'test-hivemq-platform' in namespace 'helmvolumeclaimtemplatesit'
2025-01-27 17:09:48,741 INFO c.h.h.t.HelmChartContainer - [hivemq-test-hivemq-platform] [hivemq-platform-operator] [10333020] 17:09:48.740 [ReconcilerExecutor-hivemq-controller-145] DEBUG c.h.p.o.HiveMQPlatformReconciler - [helmvolu] Custom Resource Status ROLLING_RESTART - HiveMQ Platform is restarting Pods (rolling restart) (RESTART_PODS_IN_PROGRESS)
2025-01-27 17:09:48,741 INFO c.h.h.t.HelmChartContainer - [hivemq-test-hivemq-platform] [hivemq-platform-operator] [10333020] 17:09:48.740 [ReconcilerExecutor-hivemq-controller-145] DEBUG c.h.p.o.HiveMQPlatformReconciler - [helmvolu] Custom Resource Spec (replicas: 2) (extensions: 1)
2025-01-27 17:09:48,742 INFO c.h.h.t.HelmChartContainer - [hivemq-test-hivemq-platform] [hivemq-platform-operator] [10333020] 17:09:48.741 [ReconcilerExecutor-hivemq-controller-145] DEBUG c.h.p.o.HiveMQPlatformReconciler - [helmvolu] StatefulSet Status (revision: test-hivemq-platform-56957c7b74, replicas: 3, available: 3, ready: 3, current: 1, updated: 1)
2025-01-27 17:09:48,742 INFO c.h.h.t.HelmChartContainer - [hivemq-test-hivemq-platform] [hivemq-platform-operator] [10333020] 17:09:48.741 [ReconcilerExecutor-hivemq-controller-145] DEBUG c.h.p.o.HiveMQPlatformReconciler - [helmvolu] StatefulSet Spec (replicas: 3, init containers: 1, containers: 1, volumes: 4)
2025-01-27 17:09:48,744 INFO c.h.h.t.HelmChartContainer - [hivemq-test-hivemq-platform] [hivemq-platform-operator] [10333020] 17:09:48.742 [ReconcilerExecutor-hivemq-controller-145] DEBUG c.h.p.o.h.HiveMQPlatformReconcilerErrorHandler - [helmvolu] Pod 'test-hivemq-platform-2' phase Running
2025-01-27 17:09:48,744 INFO c.h.h.t.HelmChartContainer - [hivemq-test-hivemq-platform] [hivemq-platform-operator] [10333020] 17:09:48.743 [ReconcilerExecutor-hivemq-controller-145] DEBUG c.h.p.o.h.HiveMQPlatformReconcilerErrorHandler - [helmvolu] Pod 'test-hivemq-platform-1' phase Running
2025-01-27 17:09:48,745 INFO c.h.h.t.HelmChartContainer - [hivemq-test-hivemq-platform] [hivemq-platform-operator] [10333020] 17:09:48.745 [ReconcilerExecutor-hivemq-controller-145] DEBUG c.h.p.o.h.HiveMQPlatformReconcilerErrorHandler - [helmvolu] Pod 'test-hivemq-platform-0' phase Running
2025-01-27 17:09:48,751 INFO c.h.h.t.HelmChartContainer - [hivemq-test-hivemq-platform] [hivemq-platform-operator] [10333020] 17:09:48.751 [ReconcilerExecutor-hivemq-controller-145] DEBUG c.h.p.o.h.HiveMQPlatformReconcilerRollingRestartHandler - [helmvolu] Skipping Pod test-hivemq-platform-2 as it's already on the controller update revision (update revision: test-hivemq-platform-56957c7b74, pod revision: test-hivemq-platform-56957c7b74)
2025-01-27 17:09:48,760 INFO c.h.h.t.HelmChartContainer - [hivemq-test-hivemq-platform] [hivemq-platform-operator] [10333020] 17:09:48.759 [ReconcilerExecutor-hivemq-controller-145] DEBUG c.h.p.o.h.HiveMQPlatformReconcilerRollingRestartHandler - [helmvolu] The last Pod is running for 64 seconds, the next Pod can be restarted
2025-01-27 17:09:48,760 INFO c.h.h.t.HelmChartContainer - [hivemq-test-hivemq-platform] [hivemq-platform-operator] [10333020] 17:09:48.759 [ReconcilerExecutor-hivemq-controller-145] INFO  c.h.p.o.h.HiveMQPlatformReconcilerRollingRestartHandler - [helmvolu] Restarting Pod test-hivemq-platform-1 as it's not matching the controller update revision (update revision: test-hivemq-platform-56957c7b74, pod revision: test-hivemq-platform-664f48ff7c)
2025-01-27 17:09:48,932 INFO c.h.h.t.HelmChartContainer - [test-hivemq-platform] [hivemq] [72159df0] INFO  - [HiveMQ Platform Operator Init App 1.7.0-SNAPSHOT] Returning shutdown Health API response 503 for readiness
2025-01-27 17:09:48,936 INFO c.h.h.t.HelmChartContainer - [EVENT] Warning [Unhealthy] Readiness probe failed: HTTP probe failed with statuscode: 503 [helmvolumeclaimtemplatesit:test-hivemq-platform-1]
2025-01-27 17:09:48,936 INFO c.h.h.t.HelmChartContainer - Received Unhealthy event for container hivemq in pod test-hivemq-platform-1 [72159df0-f150-416b-80ab-9a12f053f35a]
2025-01-27 17:09:52,233 INFO c.h.h.t.HelmChartContainer - [test-hivemq-platform] [hivemq] [72159df0] INFO  - Shutting down extension system
2025-01-27 17:09:52,240 INFO c.h.h.t.HelmChartContainer - [test-hivemq-platform] [hivemq] [72159df0] INFO  - Stopping extension with id hivemq-dns-cluster-discovery
2025-01-27 17:09:52,240 INFO c.h.h.t.HelmChartContainer - [test-hivemq-platform] [hivemq] [72159df0] INFO  - Extension "DNS Cluster Discovery Extension" version 4.3.2 stopped successfully.
2025-01-27 17:09:52,240 INFO c.h.h.t.HelmChartContainer - [test-hivemq-platform] [hivemq] [72159df0] INFO  - Stopping extension with id hivemq-prometheus-extension
2025-01-27 17:09:52,244 INFO c.h.h.t.HelmChartContainer - [test-hivemq-platform] [hivemq] [72159df0] INFO  - Extension "Prometheus Monitoring Extension" version 4.0.12 stopped successfully.
2025-01-27 17:09:52,244 INFO c.h.h.t.HelmChartContainer - [test-hivemq-platform] [hivemq] [72159df0] INFO  - Stopping extension with id hivemq-allow-all-extension
2025-01-27 17:09:52,245 INFO c.h.h.t.HelmChartContainer - [test-hivemq-platform] [hivemq] [72159df0] INFO  - Extension "Allow All Extension" version 1.1.0 stopped successfully.
2025-01-27 17:09:52,249 INFO c.h.h.t.HelmChartContainer - [test-hivemq-platform] [hivemq] [f4b534a4] INFO  - Cluster nodes found by discovery: [5HXdh|3] (2) [5HXdh, DJdwx].
2025-01-27 17:09:52,258 INFO c.h.h.t.HelmChartContainer - [test-hivemq-platform] [hivemq] [f4b534a4] INFO  - Cluster size = 2, members : [5HXdh, DJdwx].
2025-01-27 17:09:52,261 INFO c.h.h.t.HelmChartContainer - [test-hivemq-platform] [hivemq] [f4b534a4] INFO  - Starting cluster replication process. This may take a while. Please do not shut down HiveMQ.
2025-01-27 17:09:52,261 INFO c.h.h.t.HelmChartContainer - [test-hivemq-platform] [hivemq] [40ef4599] INFO  - Cluster nodes found by discovery: [5HXdh|3] (2) [5HXdh, DJdwx].
2025-01-27 17:09:52,276 INFO c.h.h.t.HelmChartContainer - [test-hivemq-platform] [hivemq] [40ef4599] INFO  - Cluster size = 2, members : [5HXdh, DJdwx].
2025-01-27 17:09:52,278 INFO c.h.h.t.HelmChartContainer - [test-hivemq-platform] [hivemq] [40ef4599] INFO  - Starting cluster replication process. This may take a while. Please do not shut down HiveMQ.
2025-01-27 17:09:52,543 INFO c.h.h.t.HelmChartContainer - [test-hivemq-platform] [hivemq] [f4b534a4] INFO  - Finished cluster replication successfully in 283 ms.
2025-01-27 17:09:52,635 INFO c.h.h.t.HelmChartContainer - [test-hivemq-platform] [hivemq] [40ef4599] INFO  - Finished cluster replication successfully in 358 ms.
2025-01-27 17:09:53,936 INFO c.h.h.t.HelmChartContainer - [EVENT] Warning [Unhealthy] Readiness probe failed: HTTP probe failed with statuscode: 503 [helmvolumeclaimtemplatesit:test-hivemq-platform-1]
2025-01-27 17:09:53,936 INFO c.h.h.t.HelmChartContainer - Received Unhealthy event for container hivemq in pod test-hivemq-platform-1 [72159df0-f150-416b-80ab-9a12f053f35a]
2025-01-27 17:09:54,626 INFO c.h.h.t.HelmChartContainer - [test-hivemq-platform] [hivemq] [72159df0] INFO  - Shutdown completed.
2025-01-27 17:09:54,973 INFO c.h.h.t.HelmChartContainer - [test-hivemq-platform] [hivemq] [72159df0] INFO  - [HiveMQ Platform Operator Init App 1.7.0-SNAPSHOT] The HiveMQ Platform exited with code 143
2025-01-27 17:09:54,973 INFO c.h.h.t.HelmChartContainer - [test-hivemq-platform] [hivemq] [72159df0] INFO  - [HiveMQ Platform Operator Init App 1.7.0-SNAPSHOT] Stopping the REST API
2025-01-27 17:09:54,982 INFO c.h.h.t.HelmChartContainer - [test-hivemq-platform] [hivemq] [72159df0] INFO  - [HiveMQ Platform Operator Init App 1.7.0-SNAPSHOT] Shutdown complete
2025-01-27 17:09:55,466 INFO c.h.h.t.HelmChartContainer - [POD] test-hivemq-platform-1 [72159df0-f150-416b-80ab-9a12f053f35a] in helmvolumeclaimtemplatesit was MODIFIED
2025-01-27 17:09:55,480 INFO c.h.h.t.HelmChartContainer - [hivemq-test-hivemq-platform] [hivemq-platform-operator] [10333020] 17:09:55.470 [pool-6-thread-25] DEBUG c.h.p.o.d.PlatformServiceResource - [helmvolu] Desired Platform services (3 services)
2025-01-27 17:09:55,480 INFO c.h.h.t.HelmChartContainer - [hivemq-test-hivemq-platform] [hivemq-platform-operator] [10333020] 17:09:55.471 [pool-6-thread-23] DEBUG c.h.p.o.dependants.PodInfoConfigMap - [helmvolu] Desired PodInfo ConfigMap (1 extensions) (1 enabled)
2025-01-27 17:09:55,480 INFO c.h.h.t.HelmChartContainer - [hivemq-test-hivemq-platform] [hivemq-platform-operator] [10333020] 17:09:55.471 [pool-6-thread-23] DEBUG c.h.p.o.dependants.PodInfoConfigMap - [helmvolu] Desired PodInfo ConfigMap (metrics port: 9399) (metrics path: /)
2025-01-27 17:09:55,480 INFO c.h.h.t.HelmChartContainer - [hivemq-test-hivemq-platform] [hivemq-platform-operator] [10333020] 17:09:55.471 [pool-6-thread-23] DEBUG c.h.p.o.dependants.PodInfoConfigMap - [helmvolu] Desired PodInfo ConfigMap (extension state hash: -1817474005)
2025-01-27 17:09:55,480 INFO c.h.h.t.HelmChartContainer - [hivemq-test-hivemq-platform] [hivemq-platform-operator] [10333020] 17:09:55.471 [pool-6-thread-22] DEBUG c.h.p.o.d.PodServiceAccountResource - [helmvolu] Desired PodServiceAccountResource (serviceAccountName: hivemq-platform-pod-test-hivemq-platform)
2025-01-27 17:09:55,491 INFO c.h.h.t.HelmChartContainer - [hivemq-test-hivemq-platform] [hivemq-platform-operator] [10333020] 17:09:55.480 [pool-6-thread-25] DEBUG c.h.p.o.d.StatefulSetResource - [helmvolu] Desired StatefulSet (3 replicas) for status ROLLING_RESTART (RESTART_PODS_IN_PROGRESS)
2025-01-27 17:09:55,491 INFO c.h.h.t.HelmChartContainer - [hivemq-test-hivemq-platform] [hivemq-platform-operator] [10333020] 17:09:55.483 [ReconcilerExecutor-hivemq-controller-146] INFO  c.h.p.o.HiveMQPlatformReconciler - [helmvolu] Reconciling HiveMQ Platform 'test-hivemq-platform' in namespace 'helmvolumeclaimtemplatesit'
2025-01-27 17:09:55,491 INFO c.h.h.t.HelmChartContainer - [hivemq-test-hivemq-platform] [hivemq-platform-operator] [10333020] 17:09:55.483 [ReconcilerExecutor-hivemq-controller-146] DEBUG c.h.p.o.HiveMQPlatformReconciler - [helmvolu] Custom Resource Status ROLLING_RESTART - HiveMQ Platform is restarting Pods (rolling restart) (RESTART_PODS_IN_PROGRESS)
2025-01-27 17:09:55,491 INFO c.h.h.t.HelmChartContainer - [hivemq-test-hivemq-platform] [hivemq-platform-operator] [10333020] 17:09:55.483 [ReconcilerExecutor-hivemq-controller-146] DEBUG c.h.p.o.HiveMQPlatformReconciler - [helmvolu] Custom Resource Spec (replicas: 2) (extensions: 1)
2025-01-27 17:09:55,491 INFO c.h.h.t.HelmChartContainer - [hivemq-test-hivemq-platform] [hivemq-platform-operator] [10333020] 17:09:55.484 [ReconcilerExecutor-hivemq-controller-146] DEBUG c.h.p.o.HiveMQPlatformReconciler - [helmvolu] StatefulSet Status (revision: test-hivemq-platform-56957c7b74, replicas: 3, available: 3, ready: 3, current: 1, updated: 1)
2025-01-27 17:09:55,491 INFO c.h.h.t.HelmChartContainer - [hivemq-test-hivemq-platform] [hivemq-platform-operator] [10333020] 17:09:55.484 [ReconcilerExecutor-hivemq-controller-146] DEBUG c.h.p.o.HiveMQPlatformReconciler - [helmvolu] StatefulSet Spec (replicas: 3, init containers: 1, containers: 1, volumes: 4)
2025-01-27 17:09:55,491 INFO c.h.h.t.HelmChartContainer - [hivemq-test-hivemq-platform] [hivemq-platform-operator] [10333020] 17:09:55.486 [ReconcilerExecutor-hivemq-controller-146] DEBUG c.h.p.o.h.HiveMQPlatformReconcilerErrorHandler - [helmvolu] Pod 'test-hivemq-platform-2' phase Running
2025-01-27 17:09:55,494 INFO c.h.h.t.HelmChartContainer - [hivemq-test-hivemq-platform] [hivemq-platform-operator] [10333020] 17:09:55.487 [ReconcilerExecutor-hivemq-controller-146] DEBUG c.h.p.o.h.HiveMQPlatformReconcilerErrorHandler - [helmvolu] Pod 'test-hivemq-platform-1' phase Failed
2025-01-27 17:09:55,494 INFO c.h.h.t.HelmChartContainer - [hivemq-test-hivemq-platform] [hivemq-platform-operator] [10333020] 17:09:55.487 [ReconcilerExecutor-hivemq-controller-146] DEBUG c.h.p.o.h.HiveMQPlatformReconcilerErrorHandler - [helmvolu] Pod 'test-hivemq-platform-1' condition 'PodReadyToStartContainers': False
2025-01-27 17:09:55,494 INFO c.h.h.t.HelmChartContainer - [hivemq-test-hivemq-platform] [hivemq-platform-operator] [10333020] 17:09:55.487 [ReconcilerExecutor-hivemq-controller-146] DEBUG c.h.p.o.h.HiveMQPlatformReconcilerErrorHandler - [helmvolu] Pod 'test-hivemq-platform-1' condition 'Initialized': True
2025-01-27 17:09:55,494 INFO c.h.h.t.HelmChartContainer - [hivemq-test-hivemq-platform] [hivemq-platform-operator] [10333020] 17:09:55.487 [ReconcilerExecutor-hivemq-controller-146] DEBUG c.h.p.o.h.HiveMQPlatformReconcilerErrorHandler - [helmvolu] Pod 'test-hivemq-platform-1' condition 'Ready': False
2025-01-27 17:09:55,494 INFO c.h.h.t.HelmChartContainer - [hivemq-test-hivemq-platform] [hivemq-platform-operator] [10333020] 17:09:55.487 [ReconcilerExecutor-hivemq-controller-146] DEBUG c.h.p.o.h.HiveMQPlatformReconcilerErrorHandler - [helmvolu] Pod 'test-hivemq-platform-1' condition 'ContainersReady': False
2025-01-27 17:09:55,494 INFO c.h.h.t.HelmChartContainer - [hivemq-test-hivemq-platform] [hivemq-platform-operator] [10333020] 17:09:55.487 [ReconcilerExecutor-hivemq-controller-146] DEBUG c.h.p.o.h.HiveMQPlatformReconcilerErrorHandler - [helmvolu] Pod 'test-hivemq-platform-1' condition 'PodScheduled': True
2025-01-27 17:09:55,494 INFO c.h.h.t.HelmChartContainer - [hivemq-test-hivemq-platform] [hivemq-platform-operator] [10333020] 17:09:55.487 [ReconcilerExecutor-hivemq-controller-146] DEBUG c.h.p.o.h.HiveMQPlatformReconcilerErrorHandler - [helmvolu] Pod 'test-hivemq-platform-1' containerStatus 'hivemq' (started: false) (ready: false) (waiting: [Unknown] no message)
2025-01-27 17:09:55,494 INFO c.h.h.t.HelmChartContainer - [hivemq-test-hivemq-platform] [hivemq-platform-operator] [10333020] 17:09:55.488 [ReconcilerExecutor-hivemq-controller-146] DEBUG c.h.p.o.h.HiveMQPlatformReconcilerErrorHandler - [helmvolu] Pod 'test-hivemq-platform-0' phase Running
2025-01-27 17:09:55,534 INFO c.h.h.t.HelmChartContainer - [hivemq-test-hivemq-platform] [hivemq-platform-operator] [10333020] 17:09:55.532 [ReconcilerExecutor-hivemq-controller-146] DEBUG c.h.p.o.h.HiveMQPlatformReconcilerRollingRestartHandler - [helmvolu] Skipping Pod test-hivemq-platform-2 as it's already on the controller update revision (update revision: test-hivemq-platform-56957c7b74, pod revision: test-hivemq-platform-56957c7b74)
2025-01-27 17:09:55,548 INFO c.h.h.t.HelmChartContainer - [hivemq-test-hivemq-platform] [hivemq-platform-operator] [10333020] 17:09:55.547 [ReconcilerExecutor-hivemq-controller-146] DEBUG c.h.p.o.h.HiveMQPlatformReconcilerRollingRestartHandler - [helmvolu] The last Pod is running for 71 seconds, the next Pod can be restarted
2025-01-27 17:09:55,548 INFO c.h.h.t.HelmChartContainer - [hivemq-test-hivemq-platform] [hivemq-platform-operator] [10333020] 17:09:55.547 [ReconcilerExecutor-hivemq-controller-146] INFO  c.h.p.o.h.HiveMQPlatformReconcilerRollingRestartHandler - [helmvolu] Restarting Pod test-hivemq-platform-1 as it's not matching the controller update revision (update revision: test-hivemq-platform-56957c7b74, pod revision: test-hivemq-platform-664f48ff7c)
2025-01-27 17:09:55,599 INFO c.h.h.t.HelmChartContainer - [hivemq-test-hivemq-platform] [hivemq-platform-operator] [10333020] 17:09:55.596 [pool-6-thread-34] DEBUG c.h.p.o.d.PlatformServiceResource - [helmvolu] Desired Platform services (3 services)
2025-01-27 17:09:55,601 INFO c.h.h.t.HelmChartContainer - [K3S] [reconciler_common.go:162] "operationExecutor.UnmountVolume started for volume \"kube-api-access-89nfz\" (UniqueName: \"kubernetes.io/projected/72159df0-f150-416b-80ab-9a12f053f35a-kube-api-access-89nfz\") pod \"72159df0-f150-416b-80ab-9a12f053f35a\" (UID: \"72159df0-f150-416b-80ab-9a12f053f35a\") "
2025-01-27 17:09:55,601 INFO c.h.h.t.HelmChartContainer - [K3S] [reconciler_common.go:162] "operationExecutor.UnmountVolume started for volume \"pod-info\" (UniqueName: \"kubernetes.io/configmap/72159df0-f150-416b-80ab-9a12f053f35a-pod-info\") pod \"72159df0-f150-416b-80ab-9a12f053f35a\" (UID: \"72159df0-f150-416b-80ab-9a12f053f35a\") "
2025-01-27 17:09:55,601 INFO c.h.h.t.HelmChartContainer - [K3S] [reconciler_common.go:162] "operationExecutor.UnmountVolume started for volume \"operator-init\" (UniqueName: \"kubernetes.io/empty-dir/72159df0-f150-416b-80ab-9a12f053f35a-operator-init\") pod \"72159df0-f150-416b-80ab-9a12f053f35a\" (UID: \"72159df0-f150-416b-80ab-9a12f053f35a\") "
2025-01-27 17:09:55,602 INFO c.h.h.t.HelmChartContainer - [K3S] [reconciler_common.go:162] "operationExecutor.UnmountVolume started for volume \"broker-configuration\" (UniqueName: \"kubernetes.io/configmap/72159df0-f150-416b-80ab-9a12f053f35a-broker-configuration\") pod \"72159df0-f150-416b-80ab-9a12f053f35a\" (UID: \"72159df0-f150-416b-80ab-9a12f053f35a\") "
2025-01-27 17:09:55,602 INFO c.h.h.t.HelmChartContainer - [K3S] [reconciler_common.go:162] "operationExecutor.UnmountVolume started for volume \"hivemq-pvc-data\" (UniqueName: \"kubernetes.io/local-volume/pvc-68d52741-fe55-4db2-9706-36c101a1ef39\") pod \"72159df0-f150-416b-80ab-9a12f053f35a\" (UID: \"72159df0-f150-416b-80ab-9a12f053f35a\") "
2025-01-27 17:09:55,633 INFO c.h.h.t.HelmChartContainer - [hivemq-test-hivemq-platform] [hivemq-platform-operator] [10333020] 17:09:55.597 [pool-6-thread-31] DEBUG c.h.p.o.d.PodServiceAccountResource - [helmvolu] Desired PodServiceAccountResource (serviceAccountName: hivemq-platform-pod-test-hivemq-platform)
2025-01-27 17:09:55,633 INFO c.h.h.t.HelmChartContainer - [hivemq-test-hivemq-platform] [hivemq-platform-operator] [10333020] 17:09:55.597 [pool-6-thread-33] DEBUG c.h.p.o.dependants.PodInfoConfigMap - [helmvolu] Desired PodInfo ConfigMap (1 extensions) (1 enabled)
2025-01-27 17:09:55,633 INFO c.h.h.t.HelmChartContainer - [hivemq-test-hivemq-platform] [hivemq-platform-operator] [10333020] 17:09:55.631 [pool-6-thread-33] DEBUG c.h.p.o.dependants.PodInfoConfigMap - [helmvolu] Desired PodInfo ConfigMap (metrics port: 9399) (metrics path: /)
2025-01-27 17:09:55,633 INFO c.h.h.t.HelmChartContainer - [hivemq-test-hivemq-platform] [hivemq-platform-operator] [10333020] 17:09:55.631 [pool-6-thread-33] DEBUG c.h.p.o.dependants.PodInfoConfigMap - [helmvolu] Desired PodInfo ConfigMap (extension state hash: -1817474005)
2025-01-27 17:09:55,637 INFO c.h.h.t.HelmChartContainer - [hivemq-test-hivemq-platform] [hivemq-platform-operator] [10333020] 17:09:55.636 [pool-6-thread-34] DEBUG c.h.p.o.d.StatefulSetResource - [helmvolu] Desired StatefulSet (3 replicas) for status ROLLING_RESTART (RESTART_PODS_IN_PROGRESS)
2025-01-27 17:09:55,640 INFO c.h.h.t.HelmChartContainer - [hivemq-test-hivemq-platform] [hivemq-platform-operator] [10333020] 17:09:55.639 [ReconcilerExecutor-hivemq-controller-147] INFO  c.h.p.o.HiveMQPlatformReconciler - [helmvolu] Reconciling HiveMQ Platform 'test-hivemq-platform' in namespace 'helmvolumeclaimtemplatesit'
2025-01-27 17:09:55,640 INFO c.h.h.t.HelmChartContainer - [hivemq-test-hivemq-platform] [hivemq-platform-operator] [10333020] 17:09:55.639 [ReconcilerExecutor-hivemq-controller-147] DEBUG c.h.p.o.HiveMQPlatformReconciler - [helmvolu] Custom Resource Status ROLLING_RESTART - HiveMQ Platform is restarting Pods (rolling restart) (RESTART_PODS_IN_PROGRESS)
2025-01-27 17:09:55,642 INFO c.h.h.t.HelmChartContainer - [hivemq-test-hivemq-platform] [hivemq-platform-operator] [10333020] 17:09:55.639 [ReconcilerExecutor-hivemq-controller-147] DEBUG c.h.p.o.HiveMQPlatformReconciler - [helmvolu] Custom Resource Spec (replicas: 2) (extensions: 1)
2025-01-27 17:09:55,647 INFO c.h.h.t.HelmChartContainer - [hivemq-test-hivemq-platform] [hivemq-platform-operator] [10333020] 17:09:55.643 [ReconcilerExecutor-hivemq-controller-147] DEBUG c.h.p.o.HiveMQPlatformReconciler - [helmvolu] StatefulSet Status (revision: test-hivemq-platform-56957c7b74, replicas: 3, available: 2, ready: 2, current: 1, updated: 1)
2025-01-27 17:09:55,647 INFO c.h.h.t.HelmChartContainer - [hivemq-test-hivemq-platform] [hivemq-platform-operator] [10333020] 17:09:55.643 [ReconcilerExecutor-hivemq-controller-147] DEBUG c.h.p.o.HiveMQPlatformReconciler - [helmvolu] StatefulSet Spec (replicas: 3, init containers: 1, containers: 1, volumes: 4)
2025-01-27 17:09:55,647 INFO c.h.h.t.HelmChartContainer - [hivemq-test-hivemq-platform] [hivemq-platform-operator] [10333020] 17:09:55.644 [ReconcilerExecutor-hivemq-controller-147] DEBUG c.h.p.o.h.HiveMQPlatformReconcilerErrorHandler - [helmvolu] Pod 'test-hivemq-platform-2' phase Running
2025-01-27 17:09:55,647 INFO c.h.h.t.HelmChartContainer - [hivemq-test-hivemq-platform] [hivemq-platform-operator] [10333020] 17:09:55.645 [ReconcilerExecutor-hivemq-controller-147] DEBUG c.h.p.o.h.HiveMQPlatformReconcilerErrorHandler - [helmvolu] Pod 'test-hivemq-platform-1' phase Failed
2025-01-27 17:09:55,647 INFO c.h.h.t.HelmChartContainer - [hivemq-test-hivemq-platform] [hivemq-platform-operator] [10333020] 17:09:55.645 [ReconcilerExecutor-hivemq-controller-147] DEBUG c.h.p.o.h.HiveMQPlatformReconcilerErrorHandler - [helmvolu] Pod 'test-hivemq-platform-1' condition 'PodReadyToStartContainers': False
2025-01-27 17:09:55,647 INFO c.h.h.t.HelmChartContainer - [hivemq-test-hivemq-platform] [hivemq-platform-operator] [10333020] 17:09:55.645 [ReconcilerExecutor-hivemq-controller-147] DEBUG c.h.p.o.h.HiveMQPlatformReconcilerErrorHandler - [helmvolu] Pod 'test-hivemq-platform-1' condition 'Initialized': True
2025-01-27 17:09:55,647 INFO c.h.h.t.HelmChartContainer - [hivemq-test-hivemq-platform] [hivemq-platform-operator] [10333020] 17:09:55.645 [ReconcilerExecutor-hivemq-controller-147] DEBUG c.h.p.o.h.HiveMQPlatformReconcilerErrorHandler - [helmvolu] Pod 'test-hivemq-platform-1' condition 'Ready': False
2025-01-27 17:09:55,647 INFO c.h.h.t.HelmChartContainer - [hivemq-test-hivemq-platform] [hivemq-platform-operator] [10333020] 17:09:55.645 [ReconcilerExecutor-hivemq-controller-147] DEBUG c.h.p.o.h.HiveMQPlatformReconcilerErrorHandler - [helmvolu] Pod 'test-hivemq-platform-1' condition 'ContainersReady': False
2025-01-27 17:09:55,647 INFO c.h.h.t.HelmChartContainer - [hivemq-test-hivemq-platform] [hivemq-platform-operator] [10333020] 17:09:55.645 [ReconcilerExecutor-hivemq-controller-147] DEBUG c.h.p.o.h.HiveMQPlatformReconcilerErrorHandler - [helmvolu] Pod 'test-hivemq-platform-1' condition 'PodScheduled': True
2025-01-27 17:09:55,647 INFO c.h.h.t.HelmChartContainer - [hivemq-test-hivemq-platform] [hivemq-platform-operator] [10333020] 17:09:55.646 [ReconcilerExecutor-hivemq-controller-147] DEBUG c.h.p.o.h.HiveMQPlatformReconcilerErrorHandler - [helmvolu] Pod 'test-hivemq-platform-1' containerStatus 'hivemq' (started: false) (ready: false) (waiting: [Unknown] no message)
2025-01-27 17:09:55,648 INFO c.h.h.t.HelmChartContainer - [hivemq-test-hivemq-platform] [hivemq-platform-operator] [10333020] 17:09:55.647 [ReconcilerExecutor-hivemq-controller-147] DEBUG c.h.p.o.h.HiveMQPlatformReconcilerErrorHandler - [helmvolu] Pod 'test-hivemq-platform-0' phase Running
2025-01-27 17:09:55,648 INFO c.h.h.t.HelmChartContainer - [hivemq-test-hivemq-platform] [hivemq-platform-operator] [10333020] 17:09:55.648 [ReconcilerExecutor-hivemq-controller-147] DEBUG c.h.p.o.h.HiveMQPlatformReconcilerRollingRestartHandler - [helmvolu] Rolling restart is waiting for 2 of 3 replicas
2025-01-27 17:09:55,702 INFO c.h.h.t.HelmChartContainer - [K3S] [reconciler_common.go:299] "Volume detached for volume \"kube-api-access-89nfz\" (UniqueName: \"kubernetes.io/projected/72159df0-f150-416b-80ab-9a12f053f35a-kube-api-access-89nfz\") on node \"7305957e3207\" DevicePath \"\""
2025-01-27 17:09:55,702 INFO c.h.h.t.HelmChartContainer - [K3S] [reconciler_common.go:299] "Volume detached for volume \"pod-info\" (UniqueName: \"kubernetes.io/configmap/72159df0-f150-416b-80ab-9a12f053f35a-pod-info\") on node \"7305957e3207\" DevicePath \"\""
2025-01-27 17:09:55,703 INFO c.h.h.t.HelmChartContainer - [K3S] [reconciler_common.go:299] "Volume detached for volume \"operator-init\" (UniqueName: \"kubernetes.io/empty-dir/72159df0-f150-416b-80ab-9a12f053f35a-operator-init\") on node \"7305957e3207\" DevicePath \"\""
2025-01-27 17:09:55,703 INFO c.h.h.t.HelmChartContainer - [K3S] [reconciler_common.go:299] "Volume detached for volume \"broker-configuration\" (UniqueName: \"kubernetes.io/configmap/72159df0-f150-416b-80ab-9a12f053f35a-broker-configuration\") on node \"7305957e3207\" DevicePath \"\""
2025-01-27 17:09:55,703 INFO c.h.h.t.HelmChartContainer - [K3S] [reconciler_common.go:292] "operationExecutor.UnmountDevice started for volume \"pvc-68d52741-fe55-4db2-9706-36c101a1ef39\" (UniqueName: \"kubernetes.io/local-volume/pvc-68d52741-fe55-4db2-9706-36c101a1ef39\") on node \"7305957e3207\" "
2025-01-27 17:09:55,803 INFO c.h.h.t.HelmChartContainer - [K3S] [reconciler_common.go:299] "Volume detached for volume \"pvc-68d52741-fe55-4db2-9706-36c101a1ef39\" (UniqueName: \"kubernetes.io/local-volume/pvc-68d52741-fe55-4db2-9706-36c101a1ef39\") on node \"7305957e3207\" DevicePath \"\""
2025-01-27 17:09:55,861 INFO c.h.h.t.HelmChartContainer - [K3S] [scope.go:117] "RemoveContainer" containerID="601e717ccac15a3e874e4744bd3506af7a7ae043b53bb4495842ce6a91bd4369"
2025-01-27 17:09:55,866 INFO c.h.h.t.HelmChartContainer - [K3S] [scope.go:117] "RemoveContainer" containerID="90b2d5e33bf4ec5fa16549c189424f99681f2213a969a2b7d7daf75cec108cd0"
2025-01-27 17:09:55,869 INFO c.h.h.t.HelmChartContainer - [K3S] [scope.go:117] "RemoveContainer" containerID="601e717ccac15a3e874e4744bd3506af7a7ae043b53bb4495842ce6a91bd4369"
2025-01-27 17:09:55,869 INFO c.h.h.t.HelmChartContainer - [K3S] [scope.go:117] "RemoveContainer" containerID="90b2d5e33bf4ec5fa16549c189424f99681f2213a969a2b7d7daf75cec108cd0"
2025-01-27 17:09:55,880 INFO c.h.h.t.HelmChartContainer - [POD] test-hivemq-platform-1 [72159df0-f150-416b-80ab-9a12f053f35a] in helmvolumeclaimtemplatesit was MODIFIED
2025-01-27 17:09:55,883 INFO c.h.h.t.HelmChartContainer - [POD] test-hivemq-platform-1 [72159df0-f150-416b-80ab-9a12f053f35a] in helmvolumeclaimtemplatesit was DELETED
2025-01-27 17:09:55,889 INFO c.h.h.t.HelmChartContainer - [hivemq-test-hivemq-platform] [hivemq-platform-operator] [10333020] 17:09:55.888 [pool-6-thread-44] DEBUG c.h.p.o.d.PlatformServiceResource - [helmvolu] Desired Platform services (3 services)
2025-01-27 17:09:55,889 INFO c.h.h.t.HelmChartContainer - [hivemq-test-hivemq-platform] [hivemq-platform-operator] [10333020] 17:09:55.889 [pool-6-thread-45] DEBUG c.h.p.o.dependants.PodInfoConfigMap - [helmvolu] Desired PodInfo ConfigMap (1 extensions) (1 enabled)
2025-01-27 17:09:55,893 INFO c.h.h.t.HelmChartContainer - [hivemq-test-hivemq-platform] [hivemq-platform-operator] [10333020] 17:09:55.890 [pool-6-thread-45] DEBUG c.h.p.o.dependants.PodInfoConfigMap - [helmvolu] Desired PodInfo ConfigMap (metrics port: 9399) (metrics path: /)
2025-01-27 17:09:55,893 INFO c.h.h.t.HelmChartContainer - [hivemq-test-hivemq-platform] [hivemq-platform-operator] [10333020] 17:09:55.890 [pool-6-thread-45] DEBUG c.h.p.o.dependants.PodInfoConfigMap - [helmvolu] Desired PodInfo ConfigMap (extension state hash: -1817474005)
2025-01-27 17:09:55,893 INFO c.h.h.t.HelmChartContainer - [hivemq-test-hivemq-platform] [hivemq-platform-operator] [10333020] 17:09:55.891 [pool-6-thread-48] DEBUG c.h.p.o.d.PodServiceAccountResource - [helmvolu] Desired PodServiceAccountResource (serviceAccountName: hivemq-platform-pod-test-hivemq-platform)
2025-01-27 17:09:55,900 INFO c.h.h.t.HelmChartContainer - [POD] test-hivemq-platform-1 [92c6a677-16d2-4919-9fd0-31efec639a08] in helmvolumeclaimtemplatesit was ADDED
2025-01-27 17:09:55,902 INFO c.h.h.t.HelmChartContainer - [hivemq-test-hivemq-platform] [hivemq-platform-operator] [10333020] 17:09:55.895 [pool-6-thread-45] DEBUG c.h.p.o.d.StatefulSetResource - [helmvolu] Desired StatefulSet (3 replicas) for status ROLLING_RESTART (RESTART_PODS_IN_PROGRESS)
2025-01-27 17:09:55,906 INFO c.h.h.t.HelmChartContainer - [hivemq-test-hivemq-platform] [hivemq-platform-operator] [10333020] 17:09:55.903 [ReconcilerExecutor-hivemq-controller-148] INFO  c.h.p.o.HiveMQPlatformReconciler - [helmvolu] Reconciling HiveMQ Platform 'test-hivemq-platform' in namespace 'helmvolumeclaimtemplatesit'
2025-01-27 17:09:55,906 INFO c.h.h.t.HelmChartContainer - [hivemq-test-hivemq-platform] [hivemq-platform-operator] [10333020] 17:09:55.903 [ReconcilerExecutor-hivemq-controller-148] DEBUG c.h.p.o.HiveMQPlatformReconciler - [helmvolu] Custom Resource Status ROLLING_RESTART - HiveMQ Platform is restarting Pods (rolling restart) (RESTART_PODS_IN_PROGRESS)
2025-01-27 17:09:55,906 INFO c.h.h.t.HelmChartContainer - [hivemq-test-hivemq-platform] [hivemq-platform-operator] [10333020] 17:09:55.903 [ReconcilerExecutor-hivemq-controller-148] DEBUG c.h.p.o.HiveMQPlatformReconciler - [helmvolu] Custom Resource Spec (replicas: 2) (extensions: 1)
2025-01-27 17:09:55,911 INFO c.h.h.t.HelmChartContainer - [hivemq-test-hivemq-platform] [hivemq-platform-operator] [10333020] 17:09:55.908 [ReconcilerExecutor-hivemq-controller-148] DEBUG c.h.p.o.HiveMQPlatformReconciler - [helmvolu] StatefulSet Status (revision: test-hivemq-platform-56957c7b74, replicas: 3, available: 2, ready: 2, current: 1, updated: 1)
2025-01-27 17:09:55,911 INFO c.h.h.t.HelmChartContainer - [hivemq-test-hivemq-platform] [hivemq-platform-operator] [10333020] 17:09:55.908 [ReconcilerExecutor-hivemq-controller-148] DEBUG c.h.p.o.HiveMQPlatformReconciler - [helmvolu] StatefulSet Spec (replicas: 3, init containers: 1, containers: 1, volumes: 4)
2025-01-27 17:09:55,911 INFO c.h.h.t.HelmChartContainer - [hivemq-test-hivemq-platform] [hivemq-platform-operator] [10333020] 17:09:55.909 [ReconcilerExecutor-hivemq-controller-148] DEBUG c.h.p.o.h.HiveMQPlatformReconcilerErrorHandler - [helmvolu] Pod 'test-hivemq-platform-2' phase Running
2025-01-27 17:09:55,911 INFO c.h.h.t.HelmChartContainer - [hivemq-test-hivemq-platform] [hivemq-platform-operator] [10333020] 17:09:55.910 [ReconcilerExecutor-hivemq-controller-148] DEBUG c.h.p.o.h.HiveMQPlatformReconcilerErrorHandler - [helmvolu] Pod 'test-hivemq-platform-1' phase Pending
2025-01-27 17:09:55,912 INFO c.h.h.t.HelmChartContainer - [hivemq-test-hivemq-platform] [hivemq-platform-operator] [10333020] 17:09:55.911 [ReconcilerExecutor-hivemq-controller-148] DEBUG c.h.p.o.h.HiveMQPlatformReconcilerErrorHandler - [helmvolu] Pod 'test-hivemq-platform-0' phase Running
2025-01-27 17:09:55,914 INFO c.h.h.t.HelmChartContainer - [hivemq-test-hivemq-platform] [hivemq-platform-operator] [10333020] 17:09:55.911 [ReconcilerExecutor-hivemq-controller-148] DEBUG c.h.p.o.h.HiveMQPlatformReconcilerRollingRestartHandler - [helmvolu] Rolling restart is waiting for 2 of 3 replicas
2025-01-27 17:09:55,919 INFO c.h.h.t.HelmChartContainer - [K3S] [memory_manager.go:355] "RemoveStaleState removing state" podUID="72159df0-f150-416b-80ab-9a12f053f35a" containerName="hivemq"
2025-01-27 17:09:55,920 INFO c.h.h.t.HelmChartContainer - [EVENT] Normal [SuccessfulCreate] create Pod test-hivemq-platform-1 in StatefulSet test-hivemq-platform successful [helmvolumeclaimtemplatesit:test-hivemq-platform]
2025-01-27 17:09:55,921 INFO c.h.h.t.HelmChartContainer - [EVENT] Normal [Scheduled] Successfully assigned helmvolumeclaimtemplatesit/test-hivemq-platform-1 to 7305957e3207 [helmvolumeclaimtemplatesit:test-hivemq-platform-1]
2025-01-27 17:09:55,921 INFO c.h.h.t.HelmChartContainer - [hivemq-test-hivemq-platform] [hivemq-platform-operator] [10333020] 17:09:55.917 [pool-6-thread-2] DEBUG c.h.p.o.d.PlatformServiceResource - [helmvolu] Desired Platform services (3 services)
2025-01-27 17:09:55,924 INFO c.h.h.t.HelmChartContainer - [POD] test-hivemq-platform-1 [92c6a677-16d2-4919-9fd0-31efec639a08] in helmvolumeclaimtemplatesit was MODIFIED
2025-01-27 17:09:55,940 INFO c.h.h.t.HelmChartContainer - [hivemq-test-hivemq-platform] [hivemq-platform-operator] [10333020] 17:09:55.933 [pool-6-thread-8] DEBUG c.h.p.o.dependants.PodInfoConfigMap - [helmvolu] Desired PodInfo ConfigMap (1 extensions) (1 enabled)
2025-01-27 17:09:55,940 INFO c.h.h.t.HelmChartContainer - [hivemq-test-hivemq-platform] [hivemq-platform-operator] [10333020] 17:09:55.933 [pool-6-thread-8] DEBUG c.h.p.o.dependants.PodInfoConfigMap - [helmvolu] Desired PodInfo ConfigMap (metrics port: 9399) (metrics path: /)
2025-01-27 17:09:55,940 INFO c.h.h.t.HelmChartContainer - [hivemq-test-hivemq-platform] [hivemq-platform-operator] [10333020] 17:09:55.933 [pool-6-thread-8] DEBUG c.h.p.o.dependants.PodInfoConfigMap - [helmvolu] Desired PodInfo ConfigMap (extension state hash: -1817474005)
2025-01-27 17:09:55,942 INFO c.h.h.t.HelmChartContainer - [POD] test-hivemq-platform-1 [92c6a677-16d2-4919-9fd0-31efec639a08] in helmvolumeclaimtemplatesit was MODIFIED
2025-01-27 17:09:55,998 INFO c.h.h.t.HelmChartContainer - [hivemq-test-hivemq-platform] [hivemq-platform-operator] [10333020] 17:09:55.995 [pool-6-thread-8] DEBUG c.h.p.o.d.PodServiceAccountResource - [helmvolu] Desired PodServiceAccountResource (serviceAccountName: hivemq-platform-pod-test-hivemq-platform)
2025-01-27 17:09:56,002 INFO c.h.h.t.HelmChartContainer - [hivemq-test-hivemq-platform] [hivemq-platform-operator] [10333020] 17:09:56.000 [pool-6-thread-2] DEBUG c.h.p.o.d.StatefulSetResource - [helmvolu] Desired StatefulSet (3 replicas) for status ROLLING_RESTART (RESTART_PODS_IN_PROGRESS)
2025-01-27 17:09:56,032 INFO c.h.h.t.HelmChartContainer - [hivemq-test-hivemq-platform] [hivemq-platform-operator] [10333020] 17:09:56.031 [ReconcilerExecutor-hivemq-controller-149] INFO  c.h.p.o.HiveMQPlatformReconciler - [helmvolu] Reconciling HiveMQ Platform 'test-hivemq-platform' in namespace 'helmvolumeclaimtemplatesit'
2025-01-27 17:09:56,033 INFO c.h.h.t.HelmChartContainer - [hivemq-test-hivemq-platform] [hivemq-platform-operator] [10333020] 17:09:56.031 [ReconcilerExecutor-hivemq-controller-149] DEBUG c.h.p.o.HiveMQPlatformReconciler - [helmvolu] Custom Resource Status ROLLING_RESTART - HiveMQ Platform is restarting Pods (rolling restart) (RESTART_PODS_IN_PROGRESS)
2025-01-27 17:09:56,033 INFO c.h.h.t.HelmChartContainer - [hivemq-test-hivemq-platform] [hivemq-platform-operator] [10333020] 17:09:56.031 [ReconcilerExecutor-hivemq-controller-149] DEBUG c.h.p.o.HiveMQPlatformReconciler - [helmvolu] Custom Resource Spec (replicas: 2) (extensions: 1)
2025-01-27 17:09:56,034 INFO c.h.h.t.HelmChartContainer - [hivemq-test-hivemq-platform] [hivemq-platform-operator] [10333020] 17:09:56.033 [ReconcilerExecutor-hivemq-controller-149] DEBUG c.h.p.o.HiveMQPlatformReconciler - [helmvolu] StatefulSet Status (revision: test-hivemq-platform-56957c7b74, replicas: 3, available: 2, ready: 2, current: 1, updated: 2)
2025-01-27 17:09:56,035 INFO c.h.h.t.HelmChartContainer - [hivemq-test-hivemq-platform] [hivemq-platform-operator] [10333020] 17:09:56.033 [ReconcilerExecutor-hivemq-controller-149] DEBUG c.h.p.o.HiveMQPlatformReconciler - [helmvolu] StatefulSet Spec (replicas: 3, init containers: 1, containers: 1, volumes: 4)
2025-01-27 17:09:56,036 INFO c.h.h.t.HelmChartContainer - [hivemq-test-hivemq-platform] [hivemq-platform-operator] [10333020] 17:09:56.034 [ReconcilerExecutor-hivemq-controller-149] DEBUG c.h.p.o.h.HiveMQPlatformReconcilerErrorHandler - [helmvolu] Pod 'test-hivemq-platform-2' phase Running
2025-01-27 17:09:56,037 INFO c.h.h.t.HelmChartContainer - [hivemq-test-hivemq-platform] [hivemq-platform-operator] [10333020] 17:09:56.035 [ReconcilerExecutor-hivemq-controller-149] DEBUG c.h.p.o.h.HiveMQPlatformReconcilerErrorHandler - [helmvolu] Pod 'test-hivemq-platform-1' phase Pending
2025-01-27 17:09:56,037 INFO c.h.h.t.HelmChartContainer - [hivemq-test-hivemq-platform] [hivemq-platform-operator] [10333020] 17:09:56.035 [ReconcilerExecutor-hivemq-controller-149] DEBUG c.h.p.o.h.HiveMQPlatformReconcilerErrorHandler - [helmvolu] Pod 'test-hivemq-platform-1' condition 'PodReadyToStartContainers': False
2025-01-27 17:09:56,037 INFO c.h.h.t.HelmChartContainer - [hivemq-test-hivemq-platform] [hivemq-platform-operator] [10333020] 17:09:56.035 [ReconcilerExecutor-hivemq-controller-149] DEBUG c.h.p.o.h.HiveMQPlatformReconcilerErrorHandler - [helmvolu] Pod 'test-hivemq-platform-1' condition 'Initialized': False
2025-01-27 17:09:56,038 INFO c.h.h.t.HelmChartContainer - [hivemq-test-hivemq-platform] [hivemq-platform-operator] [10333020] 17:09:56.035 [ReconcilerExecutor-hivemq-controller-149] DEBUG c.h.p.o.h.HiveMQPlatformReconcilerErrorHandler - [helmvolu] Pod 'test-hivemq-platform-1' condition 'Ready': False
2025-01-27 17:09:56,038 INFO c.h.h.t.HelmChartContainer - [hivemq-test-hivemq-platform] [hivemq-platform-operator] [10333020] 17:09:56.035 [ReconcilerExecutor-hivemq-controller-149] DEBUG c.h.p.o.h.HiveMQPlatformReconcilerErrorHandler - [helmvolu] Pod 'test-hivemq-platform-1' condition 'ContainersReady': False
2025-01-27 17:09:56,038 INFO c.h.h.t.HelmChartContainer - [hivemq-test-hivemq-platform] [hivemq-platform-operator] [10333020] 17:09:56.035 [ReconcilerExecutor-hivemq-controller-149] DEBUG c.h.p.o.h.HiveMQPlatformReconcilerErrorHandler - [helmvolu] Pod 'test-hivemq-platform-1' condition 'PodScheduled': True
2025-01-27 17:09:56,038 INFO c.h.h.t.HelmChartContainer - [hivemq-test-hivemq-platform] [hivemq-platform-operator] [10333020] 17:09:56.035 [ReconcilerExecutor-hivemq-controller-149] DEBUG c.h.p.o.h.HiveMQPlatformReconcilerErrorHandler - [helmvolu] Pod 'test-hivemq-platform-1' containerStatus 'hivemq' (started: false) (ready: false) (waiting: [PodInitializing] null)
2025-01-27 17:09:56,038 INFO c.h.h.t.HelmChartContainer - [hivemq-test-hivemq-platform] [hivemq-platform-operator] [10333020] 17:09:56.036 [ReconcilerExecutor-hivemq-controller-149] DEBUG c.h.p.o.h.HiveMQPlatformReconcilerErrorHandler - [helmvolu] Pod 'test-hivemq-platform-0' phase Running
2025-01-27 17:09:56,038 INFO c.h.h.t.HelmChartContainer - [hivemq-test-hivemq-platform] [hivemq-platform-operator] [10333020] 17:09:56.037 [ReconcilerExecutor-hivemq-controller-149] DEBUG c.h.p.o.h.HiveMQPlatformReconcilerRollingRestartHandler - [helmvolu] Rolling restart is waiting for 2 of 3 replicas
2025-01-27 17:09:56,041 INFO c.h.h.t.HelmChartContainer - [hivemq-test-hivemq-platform] [hivemq-platform-operator] [10333020] 17:09:56.039 [pool-6-thread-11] DEBUG c.h.p.o.d.PlatformServiceResource - [helmvolu] Desired Platform services (3 services)
2025-01-27 17:09:56,098 INFO c.h.h.t.HelmChartContainer - [hivemq-test-hivemq-platform] [hivemq-platform-operator] [10333020] 17:09:56.095 [pool-6-thread-13] DEBUG c.h.p.o.dependants.PodInfoConfigMap - [helmvolu] Desired PodInfo ConfigMap (1 extensions) (1 enabled)
2025-01-27 17:09:56,098 INFO c.h.h.t.HelmChartContainer - [hivemq-test-hivemq-platform] [hivemq-platform-operator] [10333020] 17:09:56.096 [pool-6-thread-13] DEBUG c.h.p.o.dependants.PodInfoConfigMap - [helmvolu] Desired PodInfo ConfigMap (metrics port: 9399) (metrics path: /)
2025-01-27 17:09:56,098 INFO c.h.h.t.HelmChartContainer - [hivemq-test-hivemq-platform] [hivemq-platform-operator] [10333020] 17:09:56.096 [pool-6-thread-13] DEBUG c.h.p.o.dependants.PodInfoConfigMap - [helmvolu] Desired PodInfo ConfigMap (extension state hash: -1817474005)
2025-01-27 17:09:56,098 INFO c.h.h.t.HelmChartContainer - [hivemq-test-hivemq-platform] [hivemq-platform-operator] [10333020] 17:09:56.096 [pool-6-thread-15] DEBUG c.h.p.o.d.PodServiceAccountResource - [helmvolu] Desired PodServiceAccountResource (serviceAccountName: hivemq-platform-pod-test-hivemq-platform)
2025-01-27 17:09:56,100 INFO c.h.h.t.HelmChartContainer - [hivemq-test-hivemq-platform] [hivemq-platform-operator] [10333020] 17:09:56.099 [pool-6-thread-11] DEBUG c.h.p.o.d.StatefulSetResource - [helmvolu] Desired StatefulSet (3 replicas) for status ROLLING_RESTART (RESTART_PODS_IN_PROGRESS)
2025-01-27 17:09:56,102 INFO c.h.h.t.HelmChartContainer - [hivemq-test-hivemq-platform] [hivemq-platform-operator] [10333020] 17:09:56.101 [ReconcilerExecutor-hivemq-controller-151] INFO  c.h.p.o.HiveMQPlatformReconciler - [helmvolu] Reconciling HiveMQ Platform 'test-hivemq-platform' in namespace 'helmvolumeclaimtemplatesit'
2025-01-27 17:09:56,102 INFO c.h.h.t.HelmChartContainer - [hivemq-test-hivemq-platform] [hivemq-platform-operator] [10333020] 17:09:56.101 [ReconcilerExecutor-hivemq-controller-151] DEBUG c.h.p.o.HiveMQPlatformReconciler - [helmvolu] Custom Resource Status ROLLING_RESTART - HiveMQ Platform is restarting Pods (rolling restart) (RESTART_PODS_IN_PROGRESS)
2025-01-27 17:09:56,102 INFO c.h.h.t.HelmChartContainer - [hivemq-test-hivemq-platform] [hivemq-platform-operator] [10333020] 17:09:56.101 [ReconcilerExecutor-hivemq-controller-151] DEBUG c.h.p.o.HiveMQPlatformReconciler - [helmvolu] Custom Resource Spec (replicas: 2) (extensions: 1)
2025-01-27 17:09:56,110 INFO c.h.h.t.HelmChartContainer - [K3S] [reconciler_common.go:251] "operationExecutor.VerifyControllerAttachedVolume started for volume \"pod-info\" (UniqueName: \"kubernetes.io/configmap/92c6a677-16d2-4919-9fd0-31efec639a08-pod-info\") pod \"test-hivemq-platform-1\" (UID: \"92c6a677-16d2-4919-9fd0-31efec639a08\") " pod="helmvolumeclaimtemplatesit/test-hivemq-platform-1"
2025-01-27 17:09:56,110 INFO c.h.h.t.HelmChartContainer - [K3S] [reconciler_common.go:251] "operationExecutor.VerifyControllerAttachedVolume started for volume \"kube-api-access-bgk6h\" (UniqueName: \"kubernetes.io/projected/92c6a677-16d2-4919-9fd0-31efec639a08-kube-api-access-bgk6h\") pod \"test-hivemq-platform-1\" (UID: \"92c6a677-16d2-4919-9fd0-31efec639a08\") " pod="helmvolumeclaimtemplatesit/test-hivemq-platform-1"
2025-01-27 17:09:56,110 INFO c.h.h.t.HelmChartContainer - [K3S] [reconciler_common.go:251] "operationExecutor.VerifyControllerAttachedVolume started for volume \"pvc-68d52741-fe55-4db2-9706-36c101a1ef39\" (UniqueName: \"kubernetes.io/local-volume/pvc-68d52741-fe55-4db2-9706-36c101a1ef39\") pod \"test-hivemq-platform-1\" (UID: \"92c6a677-16d2-4919-9fd0-31efec639a08\") " pod="helmvolumeclaimtemplatesit/test-hivemq-platform-1"
2025-01-27 17:09:56,110 INFO c.h.h.t.HelmChartContainer - [hivemq-test-hivemq-platform] [hivemq-platform-operator] [10333020] 17:09:56.102 [ReconcilerExecutor-hivemq-controller-151] DEBUG c.h.p.o.HiveMQPlatformReconciler - [helmvolu] StatefulSet Status (revision: test-hivemq-platform-56957c7b74, replicas: 3, available: 2, ready: 2, current: 1, updated: 2)
2025-01-27 17:09:56,110 INFO c.h.h.t.HelmChartContainer - [hivemq-test-hivemq-platform] [hivemq-platform-operator] [10333020] 17:09:56.102 [ReconcilerExecutor-hivemq-controller-151] DEBUG c.h.p.o.HiveMQPlatformReconciler - [helmvolu] StatefulSet Spec (replicas: 3, init containers: 1, containers: 1, volumes: 4)
2025-01-27 17:09:56,110 INFO c.h.h.t.HelmChartContainer - [K3S] [reconciler_common.go:251] "operationExecutor.VerifyControllerAttachedVolume started for volume \"broker-configuration\" (UniqueName: \"kubernetes.io/configmap/92c6a677-16d2-4919-9fd0-31efec639a08-broker-configuration\") pod \"test-hivemq-platform-1\" (UID: \"92c6a677-16d2-4919-9fd0-31efec639a08\") " pod="helmvolumeclaimtemplatesit/test-hivemq-platform-1"
2025-01-27 17:09:56,110 INFO c.h.h.t.HelmChartContainer - [hivemq-test-hivemq-platform] [hivemq-platform-operator] [10333020] 17:09:56.104 [ReconcilerExecutor-hivemq-controller-151] DEBUG c.h.p.o.h.HiveMQPlatformReconcilerErrorHandler - [helmvolu] Pod 'test-hivemq-platform-2' phase Running
2025-01-27 17:09:56,110 INFO c.h.h.t.HelmChartContainer - [hivemq-test-hivemq-platform] [hivemq-platform-operator] [10333020] 17:09:56.104 [ReconcilerExecutor-hivemq-controller-151] DEBUG c.h.p.o.h.HiveMQPlatformReconcilerErrorHandler - [helmvolu] Pod 'test-hivemq-platform-1' phase Pending
2025-01-27 17:09:56,110 INFO c.h.h.t.HelmChartContainer - [hivemq-test-hivemq-platform] [hivemq-platform-operator] [10333020] 17:09:56.104 [ReconcilerExecutor-hivemq-controller-151] DEBUG c.h.p.o.h.HiveMQPlatformReconcilerErrorHandler - [helmvolu] Pod 'test-hivemq-platform-1' condition 'PodReadyToStartContainers': False
2025-01-27 17:09:56,110 INFO c.h.h.t.HelmChartContainer - [hivemq-test-hivemq-platform] [hivemq-platform-operator] [10333020] 17:09:56.104 [ReconcilerExecutor-hivemq-controller-151] DEBUG c.h.p.o.h.HiveMQPlatformReconcilerErrorHandler - [helmvolu] Pod 'test-hivemq-platform-1' condition 'Initialized': False
2025-01-27 17:09:56,110 INFO c.h.h.t.HelmChartContainer - [K3S] [reconciler_common.go:251] "operationExecutor.VerifyControllerAttachedVolume started for volume \"operator-init\" (UniqueName: \"kubernetes.io/empty-dir/92c6a677-16d2-4919-9fd0-31efec639a08-operator-init\") pod \"test-hivemq-platform-1\" (UID: \"92c6a677-16d2-4919-9fd0-31efec639a08\") " pod="helmvolumeclaimtemplatesit/test-hivemq-platform-1"
2025-01-27 17:09:56,110 INFO c.h.h.t.HelmChartContainer - [hivemq-test-hivemq-platform] [hivemq-platform-operator] [10333020] 17:09:56.106 [ReconcilerExecutor-hivemq-controller-151] DEBUG c.h.p.o.h.HiveMQPlatformReconcilerErrorHandler - [helmvolu] Pod 'test-hivemq-platform-1' condition 'Ready': False
2025-01-27 17:09:56,110 INFO c.h.h.t.HelmChartContainer - [hivemq-test-hivemq-platform] [hivemq-platform-operator] [10333020] 17:09:56.106 [ReconcilerExecutor-hivemq-controller-151] DEBUG c.h.p.o.h.HiveMQPlatformReconcilerErrorHandler - [helmvolu] Pod 'test-hivemq-platform-1' condition 'ContainersReady': False
2025-01-27 17:09:56,110 INFO c.h.h.t.HelmChartContainer - [hivemq-test-hivemq-platform] [hivemq-platform-operator] [10333020] 17:09:56.106 [ReconcilerExecutor-hivemq-controller-151] DEBUG c.h.p.o.h.HiveMQPlatformReconcilerErrorHandler - [helmvolu] Pod 'test-hivemq-platform-1' condition 'PodScheduled': True
2025-01-27 17:09:56,110 INFO c.h.h.t.HelmChartContainer - [hivemq-test-hivemq-platform] [hivemq-platform-operator] [10333020] 17:09:56.106 [ReconcilerExecutor-hivemq-controller-151] DEBUG c.h.p.o.h.HiveMQPlatformReconcilerErrorHandler - [helmvolu] Pod 'test-hivemq-platform-1' containerStatus 'hivemq' (started: false) (ready: false) (waiting: [PodInitializing] null)
2025-01-27 17:09:56,110 INFO c.h.h.t.HelmChartContainer - [hivemq-test-hivemq-platform] [hivemq-platform-operator] [10333020] 17:09:56.107 [ReconcilerExecutor-hivemq-controller-151] DEBUG c.h.p.o.h.HiveMQPlatformReconcilerErrorHandler - [helmvolu] Pod 'test-hivemq-platform-0' phase Running
2025-01-27 17:09:56,110 INFO c.h.h.t.HelmChartContainer - [hivemq-test-hivemq-platform] [hivemq-platform-operator] [10333020] 17:09:56.108 [ReconcilerExecutor-hivemq-controller-151] DEBUG c.h.p.o.h.HiveMQPlatformReconcilerRollingRestartHandler - [helmvolu] Rolling restart is waiting for 2 of 3 replicas
2025-01-27 17:09:56,309 INFO c.h.h.t.HelmChartContainer - [EVENT] Normal [Pulled] Container image "docker.io/hivemq/hivemq-platform-operator-init-test:snapshot" already present on machine [helmvolumeclaimtemplatesit:test-hivemq-platform-1]
2025-01-27 17:09:56,312 INFO c.h.h.t.HelmChartContainer - [K3S] [kubelet_volumes.go:163] "Cleaned up orphaned pod volumes dir" podUID="72159df0-f150-416b-80ab-9a12f053f35a" path="/var/lib/kubelet/pods/72159df0-f150-416b-80ab-9a12f053f35a/volumes"
2025-01-27 17:09:56,315 INFO c.h.h.t.HelmChartContainer - [EVENT] Normal [Created] Created container: hivemq-platform-operator-init [helmvolumeclaimtemplatesit:test-hivemq-platform-1]
2025-01-27 17:09:56,353 INFO c.h.h.t.HelmChartContainer - [EVENT] Normal [Started] Started container hivemq-platform-operator-init [helmvolumeclaimtemplatesit:test-hivemq-platform-1]
2025-01-27 17:09:56,868 INFO c.h.h.t.HelmChartContainer - [EVENT] Normal [Pulled] Container image "docker.io/hivemq/hivemq4:4.35.0" already present on machine [helmvolumeclaimtemplatesit:test-hivemq-platform-1]
2025-01-27 17:09:56,868 INFO c.h.h.t.HelmChartContainer - Received Pulled event for container hivemq in pod test-hivemq-platform-1 [92c6a677-16d2-4919-9fd0-31efec639a08]
2025-01-27 17:09:56,880 INFO c.h.h.t.HelmChartContainer - [POD] test-hivemq-platform-1 [92c6a677-16d2-4919-9fd0-31efec639a08] in helmvolumeclaimtemplatesit was MODIFIED
2025-01-27 17:09:56,884 INFO c.h.h.t.HelmChartContainer - [EVENT] Normal [Created] Created container: hivemq [helmvolumeclaimtemplatesit:test-hivemq-platform-1]
2025-01-27 17:09:56,884 INFO c.h.h.t.HelmChartContainer - Received Created event for container hivemq in pod test-hivemq-platform-1 [92c6a677-16d2-4919-9fd0-31efec639a08]
2025-01-27 17:09:56,888 INFO c.h.h.t.HelmChartContainer - [hivemq-test-hivemq-platform] [hivemq-platform-operator] [10333020] 17:09:56.882 [pool-6-thread-21] DEBUG c.h.p.o.dependants.PodInfoConfigMap - [helmvolu] Desired PodInfo ConfigMap (1 extensions) (1 enabled)
2025-01-27 17:09:56,889 INFO c.h.h.t.HelmChartContainer - [hivemq-test-hivemq-platform] [hivemq-platform-operator] [10333020] 17:09:56.882 [pool-6-thread-21] DEBUG c.h.p.o.dependants.PodInfoConfigMap - [helmvolu] Desired PodInfo ConfigMap (metrics port: 9399) (metrics path: /)
2025-01-27 17:09:56,889 INFO c.h.h.t.HelmChartContainer - [hivemq-test-hivemq-platform] [hivemq-platform-operator] [10333020] 17:09:56.882 [pool-6-thread-21] DEBUG c.h.p.o.dependants.PodInfoConfigMap - [helmvolu] Desired PodInfo ConfigMap (extension state hash: -1817474005)
2025-01-27 17:09:56,889 INFO c.h.h.t.HelmChartContainer - [hivemq-test-hivemq-platform] [hivemq-platform-operator] [10333020] 17:09:56.882 [pool-6-thread-21] DEBUG c.h.p.o.d.PodServiceAccountResource - [helmvolu] Desired PodServiceAccountResource (serviceAccountName: hivemq-platform-pod-test-hivemq-platform)
2025-01-27 17:09:56,889 INFO c.h.h.t.HelmChartContainer - [hivemq-test-hivemq-platform] [hivemq-platform-operator] [10333020] 17:09:56.884 [pool-6-thread-23] DEBUG c.h.p.o.d.PlatformServiceResource - [helmvolu] Desired Platform services (3 services)
2025-01-27 17:09:56,898 INFO c.h.h.t.HelmChartContainer - [hivemq-test-hivemq-platform] [hivemq-platform-operator] [10333020] 17:09:56.893 [pool-6-thread-23] DEBUG c.h.p.o.d.StatefulSetResource - [helmvolu] Desired StatefulSet (3 replicas) for status ROLLING_RESTART (RESTART_PODS_IN_PROGRESS)
2025-01-27 17:09:56,907 INFO c.h.h.t.HelmChartContainer - [hivemq-test-hivemq-platform] [hivemq-platform-operator] [10333020] 17:09:56.896 [ReconcilerExecutor-hivemq-controller-152] INFO  c.h.p.o.HiveMQPlatformReconciler - [helmvolu] Reconciling HiveMQ Platform 'test-hivemq-platform' in namespace 'helmvolumeclaimtemplatesit'
2025-01-27 17:09:56,912 INFO c.h.h.t.HelmChartContainer - [hivemq-test-hivemq-platform] [hivemq-platform-operator] [10333020] 17:09:56.896 [ReconcilerExecutor-hivemq-controller-152] DEBUG c.h.p.o.HiveMQPlatformReconciler - [helmvolu] Custom Resource Status ROLLING_RESTART - HiveMQ Platform is restarting Pods (rolling restart) (RESTART_PODS_IN_PROGRESS)
2025-01-27 17:09:56,922 INFO c.h.h.t.HelmChartContainer - [hivemq-test-hivemq-platform] [hivemq-platform-operator] [10333020] 17:09:56.896 [ReconcilerExecutor-hivemq-controller-152] DEBUG c.h.p.o.HiveMQPlatformReconciler - [helmvolu] Custom Resource Spec (replicas: 2) (extensions: 1)
2025-01-27 17:09:56,922 INFO c.h.h.t.HelmChartContainer - [hivemq-test-hivemq-platform] [hivemq-platform-operator] [10333020] 17:09:56.897 [ReconcilerExecutor-hivemq-controller-152] DEBUG c.h.p.o.HiveMQPlatformReconciler - [helmvolu] StatefulSet Status (revision: test-hivemq-platform-56957c7b74, replicas: 3, available: 2, ready: 2, current: 1, updated: 2)
2025-01-27 17:09:56,922 INFO c.h.h.t.HelmChartContainer - [hivemq-test-hivemq-platform] [hivemq-platform-operator] [10333020] 17:09:56.897 [ReconcilerExecutor-hivemq-controller-152] DEBUG c.h.p.o.HiveMQPlatformReconciler - [helmvolu] StatefulSet Spec (replicas: 3, init containers: 1, containers: 1, volumes: 4)
2025-01-27 17:09:56,922 INFO c.h.h.t.HelmChartContainer - [hivemq-test-hivemq-platform] [hivemq-platform-operator] [10333020] 17:09:56.899 [ReconcilerExecutor-hivemq-controller-152] DEBUG c.h.p.o.h.HiveMQPlatformReconcilerErrorHandler - [helmvolu] Pod 'test-hivemq-platform-2' phase Running
2025-01-27 17:09:56,922 INFO c.h.h.t.HelmChartContainer - [hivemq-test-hivemq-platform] [hivemq-platform-operator] [10333020] 17:09:56.900 [ReconcilerExecutor-hivemq-controller-152] DEBUG c.h.p.o.h.HiveMQPlatformReconcilerErrorHandler - [helmvolu] Pod 'test-hivemq-platform-1' phase Pending
2025-01-27 17:09:56,922 INFO c.h.h.t.HelmChartContainer - [hivemq-test-hivemq-platform] [hivemq-platform-operator] [10333020] 17:09:56.900 [ReconcilerExecutor-hivemq-controller-152] DEBUG c.h.p.o.h.HiveMQPlatformReconcilerErrorHandler - [helmvolu] Pod 'test-hivemq-platform-1' condition 'PodReadyToStartContainers': True
2025-01-27 17:09:56,922 INFO c.h.h.t.HelmChartContainer - [hivemq-test-hivemq-platform] [hivemq-platform-operator] [10333020] 17:09:56.900 [ReconcilerExecutor-hivemq-controller-152] DEBUG c.h.p.o.h.HiveMQPlatformReconcilerErrorHandler - [helmvolu] Pod 'test-hivemq-platform-1' condition 'Initialized': True
2025-01-27 17:09:56,922 INFO c.h.h.t.HelmChartContainer - [hivemq-test-hivemq-platform] [hivemq-platform-operator] [10333020] 17:09:56.900 [ReconcilerExecutor-hivemq-controller-152] DEBUG c.h.p.o.h.HiveMQPlatformReconcilerErrorHandler - [helmvolu] Pod 'test-hivemq-platform-1' condition 'Ready': False
2025-01-27 17:09:56,922 INFO c.h.h.t.HelmChartContainer - [hivemq-test-hivemq-platform] [hivemq-platform-operator] [10333020] 17:09:56.900 [ReconcilerExecutor-hivemq-controller-152] DEBUG c.h.p.o.h.HiveMQPlatformReconcilerErrorHandler - [helmvolu] Pod 'test-hivemq-platform-1' condition 'ContainersReady': False
2025-01-27 17:09:56,922 INFO c.h.h.t.HelmChartContainer - [hivemq-test-hivemq-platform] [hivemq-platform-operator] [10333020] 17:09:56.900 [ReconcilerExecutor-hivemq-controller-152] DEBUG c.h.p.o.h.HiveMQPlatformReconcilerErrorHandler - [helmvolu] Pod 'test-hivemq-platform-1' condition 'PodScheduled': True
2025-01-27 17:09:56,922 INFO c.h.h.t.HelmChartContainer - [hivemq-test-hivemq-platform] [hivemq-platform-operator] [10333020] 17:09:56.900 [ReconcilerExecutor-hivemq-controller-152] DEBUG c.h.p.o.h.HiveMQPlatformReconcilerErrorHandler - [helmvolu] Pod 'test-hivemq-platform-1' containerStatus 'hivemq' (started: false) (ready: false) (waiting: [PodInitializing] null)
2025-01-27 17:09:56,922 INFO c.h.h.t.HelmChartContainer - [hivemq-test-hivemq-platform] [hivemq-platform-operator] [10333020] 17:09:56.900 [ReconcilerExecutor-hivemq-controller-152] DEBUG c.h.p.o.h.HiveMQPlatformReconcilerErrorHandler - [helmvolu] Pod 'test-hivemq-platform-0' phase Running
2025-01-27 17:09:56,922 INFO c.h.h.t.HelmChartContainer - [hivemq-test-hivemq-platform] [hivemq-platform-operator] [10333020] 17:09:56.901 [ReconcilerExecutor-hivemq-controller-152] DEBUG c.h.p.o.h.HiveMQPlatformReconcilerRollingRestartHandler - [helmvolu] Rolling restart is waiting for 2 of 3 replicas
2025-01-27 17:09:57,883 INFO c.h.h.t.HelmChartContainer - [POD] test-hivemq-platform-1 [92c6a677-16d2-4919-9fd0-31efec639a08] in helmvolumeclaimtemplatesit was MODIFIED
2025-01-27 17:09:57,888 INFO c.h.h.t.HelmChartContainer - [hivemq-test-hivemq-platform] [hivemq-platform-operator] [10333020] 17:09:57.886 [pool-6-thread-39] DEBUG c.h.p.o.d.PlatformServiceResource - [helmvolu] Desired Platform services (3 services)
2025-01-27 17:09:57,892 INFO c.h.h.t.HelmChartContainer - [EVENT] Normal [Started] Started container hivemq [helmvolumeclaimtemplatesit:test-hivemq-platform-1]
2025-01-27 17:09:57,892 INFO c.h.h.t.HelmChartContainer - Received Started event for container hivemq in pod test-hivemq-platform-1 [92c6a677-16d2-4919-9fd0-31efec639a08]
2025-01-27 17:09:57,892 INFO c.h.h.t.HelmChartContainer - Started log watcher for hivemq in pod test-hivemq-platform-1 [92c6a677-16d2-4919-9fd0-31efec639a08]
2025-01-27 17:09:57,892 INFO c.h.h.t.HelmChartContainer - [test-hivemq-platform] [hivemq] [92c6a677] Adding pre-installed HiveMQ Platform Operator extensions
2025-01-27 17:09:57,892 INFO c.h.h.t.HelmChartContainer - [test-hivemq-platform] [hivemq] [92c6a677] Running as user 10000
2025-01-27 17:09:57,892 INFO c.h.h.t.HelmChartContainer - [test-hivemq-platform] [hivemq] [92c6a677] Starting HiveMQ Platform Operator Init
2025-01-27 17:09:57,893 INFO c.h.h.t.HelmChartContainer - [hivemq-test-hivemq-platform] [hivemq-platform-operator] [10333020] 17:09:57.887 [pool-6-thread-35] DEBUG c.h.p.o.dependants.PodInfoConfigMap - [helmvolu] Desired PodInfo ConfigMap (1 extensions) (1 enabled)
2025-01-27 17:09:57,893 INFO c.h.h.t.HelmChartContainer - [hivemq-test-hivemq-platform] [hivemq-platform-operator] [10333020] 17:09:57.887 [pool-6-thread-35] DEBUG c.h.p.o.dependants.PodInfoConfigMap - [helmvolu] Desired PodInfo ConfigMap (metrics port: 9399) (metrics path: /)
2025-01-27 17:09:57,893 INFO c.h.h.t.HelmChartContainer - [hivemq-test-hivemq-platform] [hivemq-platform-operator] [10333020] 17:09:57.888 [pool-6-thread-35] DEBUG c.h.p.o.dependants.PodInfoConfigMap - [helmvolu] Desired PodInfo ConfigMap (extension state hash: -1817474005)
2025-01-27 17:09:57,893 INFO c.h.h.t.HelmChartContainer - [hivemq-test-hivemq-platform] [hivemq-platform-operator] [10333020] 17:09:57.888 [pool-6-thread-35] DEBUG c.h.p.o.d.PodServiceAccountResource - [helmvolu] Desired PodServiceAccountResource (serviceAccountName: hivemq-platform-pod-test-hivemq-platform)
2025-01-27 17:09:57,893 INFO c.h.h.t.HelmChartContainer - [hivemq-test-hivemq-platform] [hivemq-platform-operator] [10333020] 17:09:57.891 [pool-6-thread-39] DEBUG c.h.p.o.d.StatefulSetResource - [helmvolu] Desired StatefulSet (3 replicas) for status ROLLING_RESTART (RESTART_PODS_IN_PROGRESS)
2025-01-27 17:09:57,896 INFO c.h.h.t.HelmChartContainer - [hivemq-test-hivemq-platform] [hivemq-platform-operator] [10333020] 17:09:57.895 [ReconcilerExecutor-hivemq-controller-153] INFO  c.h.p.o.HiveMQPlatformReconciler - [helmvolu] Reconciling HiveMQ Platform 'test-hivemq-platform' in namespace 'helmvolumeclaimtemplatesit'
2025-01-27 17:09:57,896 INFO c.h.h.t.HelmChartContainer - [hivemq-test-hivemq-platform] [hivemq-platform-operator] [10333020] 17:09:57.895 [ReconcilerExecutor-hivemq-controller-153] DEBUG c.h.p.o.HiveMQPlatformReconciler - [helmvolu] Custom Resource Status ROLLING_RESTART - HiveMQ Platform is restarting Pods (rolling restart) (RESTART_PODS_IN_PROGRESS)
2025-01-27 17:09:57,896 INFO c.h.h.t.HelmChartContainer - [hivemq-test-hivemq-platform] [hivemq-platform-operator] [10333020] 17:09:57.895 [ReconcilerExecutor-hivemq-controller-153] DEBUG c.h.p.o.HiveMQPlatformReconciler - [helmvolu] Custom Resource Spec (replicas: 2) (extensions: 1)
2025-01-27 17:09:57,896 INFO c.h.h.t.HelmChartContainer - [hivemq-test-hivemq-platform] [hivemq-platform-operator] [10333020] 17:09:57.896 [ReconcilerExecutor-hivemq-controller-153] DEBUG c.h.p.o.HiveMQPlatformReconciler - [helmvolu] StatefulSet Status (revision: test-hivemq-platform-56957c7b74, replicas: 3, available: 2, ready: 2, current: 1, updated: 2)
2025-01-27 17:09:57,896 INFO c.h.h.t.HelmChartContainer - [hivemq-test-hivemq-platform] [hivemq-platform-operator] [10333020] 17:09:57.896 [ReconcilerExecutor-hivemq-controller-153] DEBUG c.h.p.o.HiveMQPlatformReconciler - [helmvolu] StatefulSet Spec (replicas: 3, init containers: 1, containers: 1, volumes: 4)
2025-01-27 17:09:57,898 INFO c.h.h.t.HelmChartContainer - [hivemq-test-hivemq-platform] [hivemq-platform-operator] [10333020] 17:09:57.897 [ReconcilerExecutor-hivemq-controller-153] DEBUG c.h.p.o.h.HiveMQPlatformReconcilerErrorHandler - [helmvolu] Pod 'test-hivemq-platform-2' phase Running
2025-01-27 17:09:57,900 INFO c.h.h.t.HelmChartContainer - [hivemq-test-hivemq-platform] [hivemq-platform-operator] [10333020] 17:09:57.898 [ReconcilerExecutor-hivemq-controller-153] DEBUG c.h.p.o.h.HiveMQPlatformReconcilerErrorHandler - [helmvolu] Pod 'test-hivemq-platform-1' phase Running
2025-01-27 17:09:57,900 INFO c.h.h.t.HelmChartContainer - [hivemq-test-hivemq-platform] [hivemq-platform-operator] [10333020] 17:09:57.899 [ReconcilerExecutor-hivemq-controller-153] DEBUG c.h.p.o.h.HiveMQPlatformReconcilerErrorHandler - [helmvolu] Pod 'test-hivemq-platform-0' phase Running
2025-01-27 17:09:57,900 INFO c.h.h.t.HelmChartContainer - [hivemq-test-hivemq-platform] [hivemq-platform-operator] [10333020] 17:09:57.899 [ReconcilerExecutor-hivemq-controller-153] DEBUG c.h.p.o.h.HiveMQPlatformReconcilerRollingRestartHandler - [helmvolu] Rolling restart is waiting for 2 of 3 replicas
2025-01-27 17:09:58,161 INFO c.h.h.t.HelmChartContainer - [test-hivemq-platform] [hivemq] [92c6a677] INFO  - [HiveMQ Platform Operator Init 1.7.0-SNAPSHOT] HiveMQ Platform Operator Init 1.7.0-SNAPSHOT (commit: bebf408 on branch: HEAD) built on Sun Jan 26 20:47:47 UTC 2025
2025-01-27 17:09:59,271 INFO c.h.h.t.HelmChartContainer - [test-hivemq-platform] [hivemq] [92c6a677] INFO  - [HiveMQ Platform Operator Init App 1.7.0-SNAPSHOT] Using bind address 10.42.0.15 from environment variable
2025-01-27 17:10:00,211 INFO c.h.h.t.HelmChartContainer - [test-hivemq-platform] [hivemq] [92c6a677] INFO  - [HiveMQ Platform Operator Init App 1.7.0-SNAPSHOT] HiveMQ Platform Operator Init App 1.7.0-SNAPSHOT (commit: bebf408 on branch: HEAD) built on Sun Jan 26 20:47:47 UTC 2025
2025-01-27 17:10:00,211 INFO c.h.h.t.HelmChartContainer - [test-hivemq-platform] [hivemq] [92c6a677] INFO  - [HiveMQ Platform Operator Init App 1.7.0-SNAPSHOT] PodInfo ConfigMap directory: /etc/podinfo
2025-01-27 17:10:00,211 INFO c.h.h.t.HelmChartContainer - [test-hivemq-platform] [hivemq] [92c6a677] INFO  - [HiveMQ Platform Operator Init App 1.7.0-SNAPSHOT] HiveMQ home directory: /opt/hivemq
2025-01-27 17:10:00,212 INFO c.h.h.t.HelmChartContainer - [test-hivemq-platform] [hivemq] [92c6a677] INFO  - [HiveMQ Platform Operator Init App 1.7.0-SNAPSHOT] HiveMQ Logback folder: /opt/hivemq/conf
2025-01-27 17:10:00,212 INFO c.h.h.t.HelmChartContainer - [test-hivemq-platform] [hivemq] [92c6a677] INFO  - [HiveMQ Platform Operator Init App 1.7.0-SNAPSHOT] HiveMQ Config folder: /opt/hivemq/conf-k8s
2025-01-27 17:10:00,214 INFO c.h.h.t.HelmChartContainer - [test-hivemq-platform] [hivemq] [92c6a677] INFO  - [HiveMQ Platform Operator Init App 1.7.0-SNAPSHOT] Starting HiveMQ Platform Operator Init App
2025-01-27 17:10:00,214 INFO c.h.h.t.HelmChartContainer - [test-hivemq-platform] [hivemq] [92c6a677] INFO  - [HiveMQ Platform Operator Init App 1.7.0-SNAPSHOT] Starting Pod reconciler
2025-01-27 17:10:01,504 INFO c.h.h.t.HelmChartContainer - [test-hivemq-platform] [hivemq] [92c6a677] INFO  - [HiveMQ Platform Operator Init App 1.7.0-SNAPSHOT] Pod reconciler is scheduled (interval: 5000 ms)
2025-01-27 17:10:01,505 INFO c.h.h.t.HelmChartContainer - [test-hivemq-platform] [hivemq] [92c6a677] INFO  - [HiveMQ Platform Operator Init App 1.7.0-SNAPSHOT] Starting the REST API on 10.42.0.15:7979
2025-01-27 17:10:01,507 INFO c.h.h.t.HelmChartContainer - [test-hivemq-platform] [hivemq] [92c6a677] INFO  - [HiveMQ Platform Operator Init App 1.7.0-SNAPSHOT] Waiting up to 600s for at most 3 HiveMQ nodes in cluster service hivemq-test-hivemq-platform-cluster.helmvolumeclaimtemplatesit.svc
2025-01-27 17:10:01,861 INFO c.h.h.t.HelmChartContainer - [test-hivemq-platform] [hivemq] [92c6a677] INFO  - [HiveMQ Platform Operator Init App 1.7.0-SNAPSHOT] Resolved 3 IP addresses: [10.42.0.15, 10.42.0.10, 10.42.0.14]
2025-01-27 17:10:01,861 INFO c.h.h.t.HelmChartContainer - [test-hivemq-platform] [hivemq] [92c6a677] INFO  - [HiveMQ Platform Operator Init App 1.7.0-SNAPSHOT] HiveMQ node count of 3 is within threshold of 3
2025-01-27 17:10:01,861 INFO c.h.h.t.HelmChartContainer - [test-hivemq-platform] [hivemq] [92c6a677] INFO  - [HiveMQ Platform Operator Init App 1.7.0-SNAPSHOT] Waiting 15s for previous shutdown replication to finish...
2025-01-27 17:10:03,881 INFO c.h.h.t.HelmChartContainer - [test-hivemq-platform] [hivemq] [92c6a677] INFO  - [HiveMQ Platform Operator Init App 1.7.0-SNAPSHOT] Returning default Health API response 503 for readiness
2025-01-27 17:10:04,006 INFO c.h.h.t.HelmChartContainer - [EVENT] Warning [Unhealthy] Readiness probe failed: HTTP probe failed with statuscode: 503 [helmvolumeclaimtemplatesit:test-hivemq-platform-1]
2025-01-27 17:10:04,007 INFO c.h.h.t.HelmChartContainer - Received Unhealthy event for container hivemq in pod test-hivemq-platform-1 [92c6a677-16d2-4919-9fd0-31efec639a08]
2025-01-27 17:10:07,904 INFO c.h.h.t.HelmChartContainer - [hivemq-test-hivemq-platform] [hivemq-platform-operator] [10333020] 17:10:07.901 [pool-6-thread-48] DEBUG c.h.p.o.d.PlatformServiceResource - [helmvolu] Desired Platform services (3 services)
2025-01-27 17:10:07,904 INFO c.h.h.t.HelmChartContainer - [hivemq-test-hivemq-platform] [hivemq-platform-operator] [10333020] 17:10:07.901 [pool-6-thread-46] DEBUG c.h.p.o.dependants.PodInfoConfigMap - [helmvolu] Desired PodInfo ConfigMap (1 extensions) (1 enabled)
2025-01-27 17:10:07,905 INFO c.h.h.t.HelmChartContainer - [hivemq-test-hivemq-platform] [hivemq-platform-operator] [10333020] 17:10:07.902 [pool-6-thread-46] DEBUG c.h.p.o.dependants.PodInfoConfigMap - [helmvolu] Desired PodInfo ConfigMap (metrics port: 9399) (metrics path: /)
2025-01-27 17:10:07,905 INFO c.h.h.t.HelmChartContainer - [hivemq-test-hivemq-platform] [hivemq-platform-operator] [10333020] 17:10:07.902 [pool-6-thread-46] DEBUG c.h.p.o.dependants.PodInfoConfigMap - [helmvolu] Desired PodInfo ConfigMap (extension state hash: -1817474005)
2025-01-27 17:10:07,905 INFO c.h.h.t.HelmChartContainer - [hivemq-test-hivemq-platform] [hivemq-platform-operator] [10333020] 17:10:07.903 [pool-6-thread-46] DEBUG c.h.p.o.d.PodServiceAccountResource - [helmvolu] Desired PodServiceAccountResource (serviceAccountName: hivemq-platform-pod-test-hivemq-platform)
2025-01-27 17:10:07,908 INFO c.h.h.t.HelmChartContainer - [hivemq-test-hivemq-platform] [hivemq-platform-operator] [10333020] 17:10:07.906 [pool-6-thread-46] DEBUG c.h.p.o.d.StatefulSetResource - [helmvolu] Desired StatefulSet (3 replicas) for status ROLLING_RESTART (RESTART_PODS_IN_PROGRESS)
2025-01-27 17:10:07,913 INFO c.h.h.t.HelmChartContainer - [hivemq-test-hivemq-platform] [hivemq-platform-operator] [10333020] 17:10:07.909 [ReconcilerExecutor-hivemq-controller-52] INFO  c.h.p.o.HiveMQPlatformReconciler - [helmvolu] Reconciling HiveMQ Platform 'test-hivemq-platform' in namespace 'helmvolumeclaimtemplatesit'
2025-01-27 17:10:07,913 INFO c.h.h.t.HelmChartContainer - [hivemq-test-hivemq-platform] [hivemq-platform-operator] [10333020] 17:10:07.909 [ReconcilerExecutor-hivemq-controller-52] DEBUG c.h.p.o.HiveMQPlatformReconciler - [helmvolu] Custom Resource Status ROLLING_RESTART - HiveMQ Platform is restarting Pods (rolling restart) (RESTART_PODS_IN_PROGRESS)
2025-01-27 17:10:07,913 INFO c.h.h.t.HelmChartContainer - [hivemq-test-hivemq-platform] [hivemq-platform-operator] [10333020] 17:10:07.909 [ReconcilerExecutor-hivemq-controller-52] DEBUG c.h.p.o.HiveMQPlatformReconciler - [helmvolu] Custom Resource Spec (replicas: 2) (extensions: 1)
2025-01-27 17:10:07,913 INFO c.h.h.t.HelmChartContainer - [hivemq-test-hivemq-platform] [hivemq-platform-operator] [10333020] 17:10:07.911 [ReconcilerExecutor-hivemq-controller-52] DEBUG c.h.p.o.HiveMQPlatformReconciler - [helmvolu] StatefulSet Status (revision: test-hivemq-platform-56957c7b74, replicas: 3, available: 2, ready: 2, current: 1, updated: 2)
2025-01-27 17:10:07,913 INFO c.h.h.t.HelmChartContainer - [hivemq-test-hivemq-platform] [hivemq-platform-operator] [10333020] 17:10:07.911 [ReconcilerExecutor-hivemq-controller-52] DEBUG c.h.p.o.HiveMQPlatformReconciler - [helmvolu] StatefulSet Spec (replicas: 3, init containers: 1, containers: 1, volumes: 4)
2025-01-27 17:10:07,915 INFO c.h.h.t.HelmChartContainer - [hivemq-test-hivemq-platform] [hivemq-platform-operator] [10333020] 17:10:07.914 [ReconcilerExecutor-hivemq-controller-52] DEBUG c.h.p.o.h.HiveMQPlatformReconcilerErrorHandler - [helmvolu] Pod 'test-hivemq-platform-2' phase Running
2025-01-27 17:10:07,917 INFO c.h.h.t.HelmChartContainer - [hivemq-test-hivemq-platform] [hivemq-platform-operator] [10333020] 17:10:07.916 [ReconcilerExecutor-hivemq-controller-52] DEBUG c.h.p.o.h.HiveMQPlatformReconcilerErrorHandler - [helmvolu] Pod 'test-hivemq-platform-1' phase Running
2025-01-27 17:10:07,919 INFO c.h.h.t.HelmChartContainer - [hivemq-test-hivemq-platform] [hivemq-platform-operator] [10333020] 17:10:07.919 [ReconcilerExecutor-hivemq-controller-52] DEBUG c.h.p.o.h.HiveMQPlatformReconcilerErrorHandler - [helmvolu] Pod 'test-hivemq-platform-0' phase Running
2025-01-27 17:10:07,922 INFO c.h.h.t.HelmChartContainer - [hivemq-test-hivemq-platform] [hivemq-platform-operator] [10333020] 17:10:07.920 [ReconcilerExecutor-hivemq-controller-52] DEBUG c.h.p.o.h.HiveMQPlatformReconcilerRollingRestartHandler - [helmvolu] Rolling restart is waiting for 2 of 3 replicas
2025-01-27 17:10:08,910 INFO c.h.h.t.HelmChartContainer - [EVENT] Warning [Unhealthy] Readiness probe failed: HTTP probe failed with statuscode: 503 [helmvolumeclaimtemplatesit:test-hivemq-platform-1]
2025-01-27 17:10:08,911 INFO c.h.h.t.HelmChartContainer - Received Unhealthy event for container hivemq in pod test-hivemq-platform-1 [92c6a677-16d2-4919-9fd0-31efec639a08]
2025-01-27 17:10:09,015 INFO c.h.h.t.HelmChartContainer - [test-hivemq-platform] [hivemq] [92c6a677] INFO  - [HiveMQ Platform Operator Init App 1.7.0-SNAPSHOT] Updating Pod HiveMQ Platform Operator Init App version annotation (version: 1.7.0-SNAPSHOT)
2025-01-27 17:10:09,420 INFO c.h.h.t.HelmChartContainer - [POD] test-hivemq-platform-1 [92c6a677-16d2-4919-9fd0-31efec639a08] in helmvolumeclaimtemplatesit was MODIFIED
2025-01-27 17:10:09,429 INFO c.h.h.t.HelmChartContainer - [EVENT] Warning [Unhealthy] Readiness probe failed: HTTP probe failed with statuscode: 503 [helmvolumeclaimtemplatesit:test-hivemq-platform-1]
2025-01-27 17:10:09,429 INFO c.h.h.t.HelmChartContainer - Received Unhealthy event for container hivemq in pod test-hivemq-platform-1 [92c6a677-16d2-4919-9fd0-31efec639a08]
2025-01-27 17:10:09,429 INFO c.h.h.t.HelmChartContainer - [hivemq-test-hivemq-platform] [hivemq-platform-operator] [10333020] 17:10:09.428 [pool-6-thread-9] DEBUG c.h.p.o.d.PlatformServiceResource - [helmvolu] Desired Platform services (3 services)
2025-01-27 17:10:09,431 INFO c.h.h.t.HelmChartContainer - [hivemq-test-hivemq-platform] [hivemq-platform-operator] [10333020] 17:10:09.429 [pool-6-thread-7] DEBUG c.h.p.o.d.PodServiceAccountResource - [helmvolu] Desired PodServiceAccountResource (serviceAccountName: hivemq-platform-pod-test-hivemq-platform)
2025-01-27 17:10:09,431 INFO c.h.h.t.HelmChartContainer - [hivemq-test-hivemq-platform] [hivemq-platform-operator] [10333020] 17:10:09.429 [pool-6-thread-3] DEBUG c.h.p.o.dependants.PodInfoConfigMap - [helmvolu] Desired PodInfo ConfigMap (1 extensions) (1 enabled)
2025-01-27 17:10:09,431 INFO c.h.h.t.HelmChartContainer - [hivemq-test-hivemq-platform] [hivemq-platform-operator] [10333020] 17:10:09.429 [pool-6-thread-3] DEBUG c.h.p.o.dependants.PodInfoConfigMap - [helmvolu] Desired PodInfo ConfigMap (metrics port: 9399) (metrics path: /)
2025-01-27 17:10:09,431 INFO c.h.h.t.HelmChartContainer - [hivemq-test-hivemq-platform] [hivemq-platform-operator] [10333020] 17:10:09.429 [pool-6-thread-3] DEBUG c.h.p.o.dependants.PodInfoConfigMap - [helmvolu] Desired PodInfo ConfigMap (extension state hash: -1817474005)
2025-01-27 17:10:09,433 INFO c.h.h.t.HelmChartContainer - [hivemq-test-hivemq-platform] [hivemq-platform-operator] [10333020] 17:10:09.432 [pool-6-thread-9] DEBUG c.h.p.o.d.StatefulSetResource - [helmvolu] Desired StatefulSet (3 replicas) for status ROLLING_RESTART (RESTART_PODS_IN_PROGRESS)
2025-01-27 17:10:09,436 INFO c.h.h.t.HelmChartContainer - [hivemq-test-hivemq-platform] [hivemq-platform-operator] [10333020] 17:10:09.435 [ReconcilerExecutor-hivemq-controller-53] INFO  c.h.p.o.HiveMQPlatformReconciler - [helmvolu] Reconciling HiveMQ Platform 'test-hivemq-platform' in namespace 'helmvolumeclaimtemplatesit'
2025-01-27 17:10:09,436 INFO c.h.h.t.HelmChartContainer - [hivemq-test-hivemq-platform] [hivemq-platform-operator] [10333020] 17:10:09.435 [ReconcilerExecutor-hivemq-controller-53] DEBUG c.h.p.o.HiveMQPlatformReconciler - [helmvolu] Custom Resource Status ROLLING_RESTART - HiveMQ Platform is restarting Pods (rolling restart) (RESTART_PODS_IN_PROGRESS)
2025-01-27 17:10:09,436 INFO c.h.h.t.HelmChartContainer - [hivemq-test-hivemq-platform] [hivemq-platform-operator] [10333020] 17:10:09.435 [ReconcilerExecutor-hivemq-controller-53] DEBUG c.h.p.o.HiveMQPlatformReconciler - [helmvolu] Custom Resource Spec (replicas: 2) (extensions: 1)
2025-01-27 17:10:09,437 INFO c.h.h.t.HelmChartContainer - [hivemq-test-hivemq-platform] [hivemq-platform-operator] [10333020] 17:10:09.436 [ReconcilerExecutor-hivemq-controller-53] DEBUG c.h.p.o.HiveMQPlatformReconciler - [helmvolu] StatefulSet Status (revision: test-hivemq-platform-56957c7b74, replicas: 3, available: 2, ready: 2, current: 1, updated: 2)
2025-01-27 17:10:09,437 INFO c.h.h.t.HelmChartContainer - [hivemq-test-hivemq-platform] [hivemq-platform-operator] [10333020] 17:10:09.436 [ReconcilerExecutor-hivemq-controller-53] DEBUG c.h.p.o.HiveMQPlatformReconciler - [helmvolu] StatefulSet Spec (replicas: 3, init containers: 1, containers: 1, volumes: 4)
2025-01-27 17:10:09,438 INFO c.h.h.t.HelmChartContainer - [hivemq-test-hivemq-platform] [hivemq-platform-operator] [10333020] 17:10:09.438 [ReconcilerExecutor-hivemq-controller-53] DEBUG c.h.p.o.h.HiveMQPlatformReconcilerErrorHandler - [helmvolu] Pod 'test-hivemq-platform-2' phase Running
2025-01-27 17:10:09,440 INFO c.h.h.t.HelmChartContainer - [hivemq-test-hivemq-platform] [hivemq-platform-operator] [10333020] 17:10:09.439 [ReconcilerExecutor-hivemq-controller-53] DEBUG c.h.p.o.h.HiveMQPlatformReconcilerErrorHandler - [helmvolu] Pod 'test-hivemq-platform-1' phase Running
2025-01-27 17:10:09,440 INFO c.h.h.t.HelmChartContainer - [hivemq-test-hivemq-platform] [hivemq-platform-operator] [10333020] 17:10:09.440 [ReconcilerExecutor-hivemq-controller-53] DEBUG c.h.p.o.h.HiveMQPlatformReconcilerErrorHandler - [helmvolu] Pod 'test-hivemq-platform-0' phase Running
2025-01-27 17:10:09,441 INFO c.h.h.t.HelmChartContainer - [hivemq-test-hivemq-platform] [hivemq-platform-operator] [10333020] 17:10:09.440 [ReconcilerExecutor-hivemq-controller-53] DEBUG c.h.p.o.h.HiveMQPlatformReconcilerRollingRestartHandler - [helmvolu] Rolling restart is waiting for 2 of 3 replicas
2025-01-27 17:10:09,503 INFO c.h.h.t.HelmChartContainer - [test-hivemq-platform] [hivemq] [92c6a677] INFO  - [HiveMQ Platform Operator Init App 1.7.0-SNAPSHOT] Successfully updated Pod HiveMQ Platform Operator Init App version annotation (version: 1.7.0-SNAPSHOT)
2025-01-27 17:10:14,425 INFO c.h.h.t.HelmChartContainer - [EVENT] Warning [Unhealthy] Readiness probe failed: HTTP probe failed with statuscode: 503 [helmvolumeclaimtemplatesit:test-hivemq-platform-1]
2025-01-27 17:10:14,425 INFO c.h.h.t.HelmChartContainer - Received Unhealthy event for container hivemq in pod test-hivemq-platform-1 [92c6a677-16d2-4919-9fd0-31efec639a08]
2025-01-27 17:10:16,862 INFO c.h.h.t.HelmChartContainer - [test-hivemq-platform] [hivemq] [92c6a677] INFO  - [HiveMQ Platform Operator Init App 1.7.0-SNAPSHOT] Proceeding with container start
2025-01-27 17:10:16,864 INFO c.h.h.t.HelmChartContainer - [test-hivemq-platform] [hivemq] [92c6a677] INFO  - [HiveMQ Platform Operator Init App 1.7.0-SNAPSHOT] Initializing HiveMQ Platform extensions with initial configuration: {hivemq-allow-all-extension={start-priority=-1, skip-https-hostname-verification=false, restart=true, config-version=0, header-version=0, c-uri=, priority=-1, uri=preinstalled, skip-https-certificate-validation=false, enabled=true}, hivemq-prometheus-extension={enabled=true, request-header-path=no-request-headers, uri=preinstalled, skip-https-certificate-validation=false, skip-https-hostname-verification=false, c-uri=, start-priority=-1, priority=-1, restart=true}}
2025-01-27 17:10:17,354 INFO c.h.h.t.HelmChartContainer - [test-hivemq-platform] [hivemq] [92c6a677] INFO  - [HiveMQ Platform Operator Init App 1.7.0-SNAPSHOT] Extension hivemq-allow-all-extension was already enabled
2025-01-27 17:10:17,366 INFO c.h.h.t.HelmChartContainer - [test-hivemq-platform] [hivemq] [92c6a677] INFO  - [HiveMQ Platform Operator Init App 1.7.0-SNAPSHOT] Successfully enabled extension hivemq-prometheus-extension
2025-01-27 17:10:17,367 INFO c.h.h.t.HelmChartContainer - [test-hivemq-platform] [hivemq] [92c6a677] INFO  - [HiveMQ Platform Operator Init App 1.7.0-SNAPSHOT] Starting HiveMQ Platform version 4.35.0 (4.35.0)
2025-01-27 17:10:17,368 INFO c.h.h.t.HelmChartContainer - [test-hivemq-platform] [hivemq] [92c6a677] INFO  - [HiveMQ Platform Operator Init App 1.7.0-SNAPSHOT] Configuring the HiveMQ Platform
2025-01-27 17:10:17,459 INFO c.h.h.t.HelmChartContainer - [test-hivemq-platform] [hivemq] [92c6a677] INFO  - [HiveMQ Platform Operator Init App 1.7.0-SNAPSHOT] Changed logback.xml file scan period to 20 seconds
2025-01-27 17:10:17,555 INFO c.h.h.t.HelmChartContainer - [test-hivemq-platform] [hivemq] [92c6a677] INFO  - [HiveMQ Platform Operator Init App 1.7.0-SNAPSHOT] Starting the HiveMQ Platform
2025-01-27 17:10:17,561 INFO c.h.h.t.HelmChartContainer - [test-hivemq-platform] [hivemq] [92c6a677] -------------------------------------------------------------------------
2025-01-27 17:10:17,561 INFO c.h.h.t.HelmChartContainer - [test-hivemq-platform] [hivemq] [92c6a677] 
2025-01-27 17:10:17,561 INFO c.h.h.t.HelmChartContainer - [test-hivemq-platform] [hivemq] [92c6a677]                   _    _  _              __  __   ____
2025-01-27 17:10:17,561 INFO c.h.h.t.HelmChartContainer - [test-hivemq-platform] [hivemq] [92c6a677]                  | |  | |(_)            |  \/  | / __ \
2025-01-27 17:10:17,561 INFO c.h.h.t.HelmChartContainer - [test-hivemq-platform] [hivemq] [92c6a677]                  | |__| | _ __   __ ___ | \  / || |  | |
2025-01-27 17:10:17,561 INFO c.h.h.t.HelmChartContainer - [test-hivemq-platform] [hivemq] [92c6a677]                  |  __  || |\ \ / // _ \| |\/| || |  | |
2025-01-27 17:10:17,561 INFO c.h.h.t.HelmChartContainer - [test-hivemq-platform] [hivemq] [92c6a677]                  | |  | || | \ V /|  __/| |  | || |__| |
2025-01-27 17:10:17,561 INFO c.h.h.t.HelmChartContainer - [test-hivemq-platform] [hivemq] [92c6a677]                  |_|  |_||_|  \_/  \___||_|  |_| \___\_\
2025-01-27 17:10:17,561 INFO c.h.h.t.HelmChartContainer - [test-hivemq-platform] [hivemq] [92c6a677] 
2025-01-27 17:10:17,561 INFO c.h.h.t.HelmChartContainer - [test-hivemq-platform] [hivemq] [92c6a677] -------------------------------------------------------------------------
2025-01-27 17:10:17,561 INFO c.h.h.t.HelmChartContainer - [test-hivemq-platform] [hivemq] [92c6a677] 
2025-01-27 17:10:17,561 INFO c.h.h.t.HelmChartContainer - [test-hivemq-platform] [hivemq] [92c6a677]   HiveMQ Start Script for Linux/Unix v1.14
2025-01-27 17:10:17,561 INFO c.h.h.t.HelmChartContainer - [test-hivemq-platform] [hivemq] [92c6a677] 
2025-01-27 17:10:17,655 INFO c.h.h.t.HelmChartContainer - [test-hivemq-platform] [hivemq] [92c6a677] -------------------------------------------------------------------------
2025-01-27 17:10:17,655 INFO c.h.h.t.HelmChartContainer - [test-hivemq-platform] [hivemq] [92c6a677] 
2025-01-27 17:10:17,655 INFO c.h.h.t.HelmChartContainer - [test-hivemq-platform] [hivemq] [92c6a677]   HIVEMQ_HOME: /opt/hivemq
2025-01-27 17:10:17,656 INFO c.h.h.t.HelmChartContainer - [test-hivemq-platform] [hivemq] [92c6a677] 
2025-01-27 17:10:17,656 INFO c.h.h.t.HelmChartContainer - [test-hivemq-platform] [hivemq] [92c6a677]   JAVA_OPTS: -XX:+UnlockExperimentalVMOptions -XX:InitialRAMPercentage=50 -XX:MaxRAMPercentage=50 -Djava.net.preferIPv4Stack=true --add-opens java.base/java.lang=ALL-UNNAMED --add-opens java.base/java.nio=ALL-UNNAMED --add-opens java.base/sun.nio.ch=ALL-UNNAMED --add-opens jdk.management/com.sun.management.internal=ALL-UNNAMED --add-exports java.base/jdk.internal.misc=ALL-UNNAMED -Djava.security.egd=file:/dev/./urandom -Dcom.sun.management.jmxremote -Dcom.sun.management.jmxremote.port=9010 -Dcom.sun.management.jmxremote.local.only=false -Dcom.sun.management.jmxremote.authenticate=false -Dcom.sun.management.jmxremote.ssl=false -Duser.language=en -Duser.region=US -XX:+CrashOnOutOfMemoryError -XX:+HeapDumpOnOutOfMemoryError
2025-01-27 17:10:17,656 INFO c.h.h.t.HelmChartContainer - [test-hivemq-platform] [hivemq] [92c6a677] 
2025-01-27 17:10:17,656 INFO c.h.h.t.HelmChartContainer - [test-hivemq-platform] [hivemq] [92c6a677]   JAVA_VERSION: 21
2025-01-27 17:10:17,656 INFO c.h.h.t.HelmChartContainer - [test-hivemq-platform] [hivemq] [92c6a677] 
2025-01-27 17:10:17,656 INFO c.h.h.t.HelmChartContainer - [test-hivemq-platform] [hivemq] [92c6a677] -------------------------------------------------------------------------
2025-01-27 17:10:17,656 INFO c.h.h.t.HelmChartContainer - [test-hivemq-platform] [hivemq] [92c6a677] 
2025-01-27 17:10:19,446 INFO c.h.h.t.HelmChartContainer - [hivemq-test-hivemq-platform] [hivemq-platform-operator] [10333020] 17:10:19.443 [pool-6-thread-15] DEBUG c.h.p.o.d.PlatformServiceResource - [helmvolu] Desired Platform services (3 services)
2025-01-27 17:10:19,446 INFO c.h.h.t.HelmChartContainer - [hivemq-test-hivemq-platform] [hivemq-platform-operator] [10333020] 17:10:19.443 [pool-6-thread-14] DEBUG c.h.p.o.dependants.PodInfoConfigMap - [helmvolu] Desired PodInfo ConfigMap (1 extensions) (1 enabled)
2025-01-27 17:10:19,446 INFO c.h.h.t.HelmChartContainer - [hivemq-test-hivemq-platform] [hivemq-platform-operator] [10333020] 17:10:19.443 [pool-6-thread-14] DEBUG c.h.p.o.dependants.PodInfoConfigMap - [helmvolu] Desired PodInfo ConfigMap (metrics port: 9399) (metrics path: /)
2025-01-27 17:10:19,446 INFO c.h.h.t.HelmChartContainer - [hivemq-test-hivemq-platform] [hivemq-platform-operator] [10333020] 17:10:19.443 [pool-6-thread-14] DEBUG c.h.p.o.dependants.PodInfoConfigMap - [helmvolu] Desired PodInfo ConfigMap (extension state hash: -1817474005)
2025-01-27 17:10:19,446 INFO c.h.h.t.HelmChartContainer - [hivemq-test-hivemq-platform] [hivemq-platform-operator] [10333020] 17:10:19.444 [pool-6-thread-19] DEBUG c.h.p.o.d.PodServiceAccountResource - [helmvolu] Desired PodServiceAccountResource (serviceAccountName: hivemq-platform-pod-test-hivemq-platform)
2025-01-27 17:10:19,447 INFO c.h.h.t.HelmChartContainer - [hivemq-test-hivemq-platform] [hivemq-platform-operator] [10333020] 17:10:19.446 [pool-6-thread-15] DEBUG c.h.p.o.d.StatefulSetResource - [helmvolu] Desired StatefulSet (3 replicas) for status ROLLING_RESTART (RESTART_PODS_IN_PROGRESS)
2025-01-27 17:10:19,450 INFO c.h.h.t.HelmChartContainer - [hivemq-test-hivemq-platform] [hivemq-platform-operator] [10333020] 17:10:19.449 [ReconcilerExecutor-hivemq-controller-64] INFO  c.h.p.o.HiveMQPlatformReconciler - [helmvolu] Reconciling HiveMQ Platform 'test-hivemq-platform' in namespace 'helmvolumeclaimtemplatesit'
2025-01-27 17:10:19,450 INFO c.h.h.t.HelmChartContainer - [hivemq-test-hivemq-platform] [hivemq-platform-operator] [10333020] 17:10:19.449 [ReconcilerExecutor-hivemq-controller-64] DEBUG c.h.p.o.HiveMQPlatformReconciler - [helmvolu] Custom Resource Status ROLLING_RESTART - HiveMQ Platform is restarting Pods (rolling restart) (RESTART_PODS_IN_PROGRESS)
2025-01-27 17:10:19,450 INFO c.h.h.t.HelmChartContainer - [hivemq-test-hivemq-platform] [hivemq-platform-operator] [10333020] 17:10:19.449 [ReconcilerExecutor-hivemq-controller-64] DEBUG c.h.p.o.HiveMQPlatformReconciler - [helmvolu] Custom Resource Spec (replicas: 2) (extensions: 1)
2025-01-27 17:10:19,451 INFO c.h.h.t.HelmChartContainer - [hivemq-test-hivemq-platform] [hivemq-platform-operator] [10333020] 17:10:19.450 [ReconcilerExecutor-hivemq-controller-64] DEBUG c.h.p.o.HiveMQPlatformReconciler - [helmvolu] StatefulSet Status (revision: test-hivemq-platform-56957c7b74, replicas: 3, available: 2, ready: 2, current: 1, updated: 2)
2025-01-27 17:10:19,451 INFO c.h.h.t.HelmChartContainer - [hivemq-test-hivemq-platform] [hivemq-platform-operator] [10333020] 17:10:19.450 [ReconcilerExecutor-hivemq-controller-64] DEBUG c.h.p.o.HiveMQPlatformReconciler - [helmvolu] StatefulSet Spec (replicas: 3, init containers: 1, containers: 1, volumes: 4)
2025-01-27 17:10:19,452 INFO c.h.h.t.HelmChartContainer - [hivemq-test-hivemq-platform] [hivemq-platform-operator] [10333020] 17:10:19.451 [ReconcilerExecutor-hivemq-controller-64] DEBUG c.h.p.o.h.HiveMQPlatformReconcilerErrorHandler - [helmvolu] Pod 'test-hivemq-platform-2' phase Running
2025-01-27 17:10:19,453 INFO c.h.h.t.HelmChartContainer - [hivemq-test-hivemq-platform] [hivemq-platform-operator] [10333020] 17:10:19.453 [ReconcilerExecutor-hivemq-controller-64] DEBUG c.h.p.o.h.HiveMQPlatformReconcilerErrorHandler - [helmvolu] Pod 'test-hivemq-platform-1' phase Running
2025-01-27 17:10:19,456 INFO c.h.h.t.HelmChartContainer - [hivemq-test-hivemq-platform] [hivemq-platform-operator] [10333020] 17:10:19.453 [ReconcilerExecutor-hivemq-controller-64] DEBUG c.h.p.o.h.HiveMQPlatformReconcilerErrorHandler - [helmvolu] Pod 'test-hivemq-platform-0' phase Running
2025-01-27 17:10:19,456 INFO c.h.h.t.HelmChartContainer - [hivemq-test-hivemq-platform] [hivemq-platform-operator] [10333020] 17:10:19.454 [ReconcilerExecutor-hivemq-controller-64] DEBUG c.h.p.o.h.HiveMQPlatformReconcilerRollingRestartHandler - [helmvolu] Rolling restart is waiting for 2 of 3 replicas
2025-01-27 17:10:19,465 INFO c.h.h.t.HelmChartContainer - [EVENT] Warning [Unhealthy] Readiness probe failed: HTTP probe failed with statuscode: 503 [helmvolumeclaimtemplatesit:test-hivemq-platform-1]
2025-01-27 17:10:19,465 INFO c.h.h.t.HelmChartContainer - Received Unhealthy event for container hivemq in pod test-hivemq-platform-1 [92c6a677-16d2-4919-9fd0-31efec639a08]
2025-01-27 17:10:20,067 INFO c.h.h.t.HelmChartContainer - [test-hivemq-platform] [hivemq] [92c6a677] INFO  - Starting HiveMQ Enterprise Server
2025-01-27 17:10:20,075 INFO c.h.h.t.HelmChartContainer - [test-hivemq-platform] [hivemq] [92c6a677] INFO  - HiveMQ version: 4.35.0
2025-01-27 17:10:20,076 INFO c.h.h.t.HelmChartContainer - [test-hivemq-platform] [hivemq] [92c6a677] INFO  - HiveMQ home directory: /opt/hivemq
2025-01-27 17:10:20,077 INFO c.h.h.t.HelmChartContainer - [test-hivemq-platform] [hivemq] [92c6a677] INFO  - Log Configuration was overridden by /opt/hivemq/conf/logback.xml
2025-01-27 17:10:21,280 INFO c.h.h.t.HelmChartContainer - [test-hivemq-platform] [hivemq] [92c6a677] INFO  - Successfully loaded configuration from '/opt/hivemq/conf-k8s/config.xml'.
2025-01-27 17:10:21,671 INFO c.h.h.t.HelmChartContainer - [test-hivemq-platform] [hivemq] [92c6a677] INFO  - This node's ID is 4I3jf
2025-01-27 17:10:22,067 INFO c.h.h.t.HelmChartContainer - [test-hivemq-platform] [hivemq] [92c6a677] INFO  - Clustering is enabled
2025-01-27 17:10:24,858 INFO c.h.h.t.HelmChartContainer - [test-hivemq-platform] [hivemq] [92c6a677] WARN  - [HiveMQ Platform Operator Init App 1.7.0-SNAPSHOT] Cannot connect to Health API for readiness: null
2025-01-27 17:10:24,864 INFO c.h.h.t.HelmChartContainer - [EVENT] Warning [Unhealthy] Readiness probe failed: HTTP probe failed with statuscode: 503 [helmvolumeclaimtemplatesit:test-hivemq-platform-1]
2025-01-27 17:10:24,864 INFO c.h.h.t.HelmChartContainer - Received Unhealthy event for container hivemq in pod test-hivemq-platform-1 [92c6a677-16d2-4919-9fd0-31efec639a08]
2025-01-27 17:10:26,259 INFO c.h.h.t.HelmChartContainer - [test-hivemq-platform] [hivemq] [92c6a677] WARN  - [HiveMQ Platform Operator Init App 1.7.0-SNAPSHOT] Cannot connect to Health API for liveness: null
2025-01-27 17:10:26,259 INFO c.h.h.t.HelmChartContainer - [test-hivemq-platform] [hivemq] [92c6a677] INFO  - [HiveMQ Platform Operator Init App 1.7.0-SNAPSHOT] Returning default Health API response 200 for liveness
2025-01-27 17:10:29,459 INFO c.h.h.t.HelmChartContainer - [test-hivemq-platform] [hivemq] [92c6a677] WARN  - [HiveMQ Platform Operator Init App 1.7.0-SNAPSHOT] Cannot connect to Health API for readiness: null
2025-01-27 17:10:29,462 INFO c.h.h.t.HelmChartContainer - [hivemq-test-hivemq-platform] [hivemq-platform-operator] [10333020] 17:10:29.459 [pool-6-thread-21] DEBUG c.h.p.o.d.PlatformServiceResource - [helmvolu] Desired Platform services (3 services)
2025-01-27 17:10:29,465 INFO c.h.h.t.HelmChartContainer - [hivemq-test-hivemq-platform] [hivemq-platform-operator] [10333020] 17:10:29.461 [pool-6-thread-22] DEBUG c.h.p.o.dependants.PodInfoConfigMap - [helmvolu] Desired PodInfo ConfigMap (1 extensions) (1 enabled)
2025-01-27 17:10:29,465 INFO c.h.h.t.HelmChartContainer - [hivemq-test-hivemq-platform] [hivemq-platform-operator] [10333020] 17:10:29.461 [pool-6-thread-22] DEBUG c.h.p.o.dependants.PodInfoConfigMap - [helmvolu] Desired PodInfo ConfigMap (metrics port: 9399) (metrics path: /)
2025-01-27 17:10:29,465 INFO c.h.h.t.HelmChartContainer - [hivemq-test-hivemq-platform] [hivemq-platform-operator] [10333020] 17:10:29.461 [pool-6-thread-22] DEBUG c.h.p.o.dependants.PodInfoConfigMap - [helmvolu] Desired PodInfo ConfigMap (extension state hash: -1817474005)
2025-01-27 17:10:29,465 INFO c.h.h.t.HelmChartContainer - [hivemq-test-hivemq-platform] [hivemq-platform-operator] [10333020] 17:10:29.462 [pool-6-thread-22] DEBUG c.h.p.o.d.PodServiceAccountResource - [helmvolu] Desired PodServiceAccountResource (serviceAccountName: hivemq-platform-pod-test-hivemq-platform)
2025-01-27 17:10:29,466 INFO c.h.h.t.HelmChartContainer - [EVENT] Warning [Unhealthy] Readiness probe failed: HTTP probe failed with statuscode: 503 [helmvolumeclaimtemplatesit:test-hivemq-platform-1]
2025-01-27 17:10:29,466 INFO c.h.h.t.HelmChartContainer - Received Unhealthy event for container hivemq in pod test-hivemq-platform-1 [92c6a677-16d2-4919-9fd0-31efec639a08]
2025-01-27 17:10:29,470 INFO c.h.h.t.HelmChartContainer - [hivemq-test-hivemq-platform] [hivemq-platform-operator] [10333020] 17:10:29.466 [pool-6-thread-27] DEBUG c.h.p.o.d.StatefulSetResource - [helmvolu] Desired StatefulSet (3 replicas) for status ROLLING_RESTART (RESTART_PODS_IN_PROGRESS)
2025-01-27 17:10:29,470 INFO c.h.h.t.HelmChartContainer - [hivemq-test-hivemq-platform] [hivemq-platform-operator] [10333020] 17:10:29.469 [ReconcilerExecutor-hivemq-controller-75] INFO  c.h.p.o.HiveMQPlatformReconciler - [helmvolu] Reconciling HiveMQ Platform 'test-hivemq-platform' in namespace 'helmvolumeclaimtemplatesit'
2025-01-27 17:10:29,471 INFO c.h.h.t.HelmChartContainer - [hivemq-test-hivemq-platform] [hivemq-platform-operator] [10333020] 17:10:29.469 [ReconcilerExecutor-hivemq-controller-75] DEBUG c.h.p.o.HiveMQPlatformReconciler - [helmvolu] Custom Resource Status ROLLING_RESTART - HiveMQ Platform is restarting Pods (rolling restart) (RESTART_PODS_IN_PROGRESS)
2025-01-27 17:10:29,471 INFO c.h.h.t.HelmChartContainer - [hivemq-test-hivemq-platform] [hivemq-platform-operator] [10333020] 17:10:29.469 [ReconcilerExecutor-hivemq-controller-75] DEBUG c.h.p.o.HiveMQPlatformReconciler - [helmvolu] Custom Resource Spec (replicas: 2) (extensions: 1)
2025-01-27 17:10:29,474 INFO c.h.h.t.HelmChartContainer - [hivemq-test-hivemq-platform] [hivemq-platform-operator] [10333020] 17:10:29.472 [ReconcilerExecutor-hivemq-controller-75] DEBUG c.h.p.o.HiveMQPlatformReconciler - [helmvolu] StatefulSet Status (revision: test-hivemq-platform-56957c7b74, replicas: 3, available: 2, ready: 2, current: 1, updated: 2)
2025-01-27 17:10:29,474 INFO c.h.h.t.HelmChartContainer - [hivemq-test-hivemq-platform] [hivemq-platform-operator] [10333020] 17:10:29.472 [ReconcilerExecutor-hivemq-controller-75] DEBUG c.h.p.o.HiveMQPlatformReconciler - [helmvolu] StatefulSet Spec (replicas: 3, init containers: 1, containers: 1, volumes: 4)
2025-01-27 17:10:29,474 INFO c.h.h.t.HelmChartContainer - [hivemq-test-hivemq-platform] [hivemq-platform-operator] [10333020] 17:10:29.473 [ReconcilerExecutor-hivemq-controller-75] DEBUG c.h.p.o.h.HiveMQPlatformReconcilerErrorHandler - [helmvolu] Pod 'test-hivemq-platform-2' phase Running
2025-01-27 17:10:29,476 INFO c.h.h.t.HelmChartContainer - [hivemq-test-hivemq-platform] [hivemq-platform-operator] [10333020] 17:10:29.475 [ReconcilerExecutor-hivemq-controller-75] DEBUG c.h.p.o.h.HiveMQPlatformReconcilerErrorHandler - [helmvolu] Pod 'test-hivemq-platform-1' phase Running
2025-01-27 17:10:29,477 INFO c.h.h.t.HelmChartContainer - [hivemq-test-hivemq-platform] [hivemq-platform-operator] [10333020] 17:10:29.476 [ReconcilerExecutor-hivemq-controller-75] DEBUG c.h.p.o.h.HiveMQPlatformReconcilerErrorHandler - [helmvolu] Pod 'test-hivemq-platform-0' phase Running
2025-01-27 17:10:29,478 INFO c.h.h.t.HelmChartContainer - [hivemq-test-hivemq-platform] [hivemq-platform-operator] [10333020] 17:10:29.477 [ReconcilerExecutor-hivemq-controller-75] DEBUG c.h.p.o.h.HiveMQPlatformReconcilerRollingRestartHandler - [helmvolu] Rolling restart is waiting for 2 of 3 replicas
2025-01-27 17:10:34,505 INFO c.h.h.t.HelmChartContainer - [test-hivemq-platform] [hivemq] [92c6a677] WARN  - [HiveMQ Platform Operator Init App 1.7.0-SNAPSHOT] Cannot connect to Health API for readiness: null
2025-01-27 17:10:34,515 INFO c.h.h.t.HelmChartContainer - [EVENT] Warning [Unhealthy] Readiness probe failed: HTTP probe failed with statuscode: 503 [helmvolumeclaimtemplatesit:test-hivemq-platform-1]
2025-01-27 17:10:34,516 INFO c.h.h.t.HelmChartContainer - Received Unhealthy event for container hivemq in pod test-hivemq-platform-1 [92c6a677-16d2-4919-9fd0-31efec639a08]
2025-01-27 17:10:36,109 INFO c.h.h.t.HelmChartContainer - [test-hivemq-platform] [hivemq] [92c6a677] INFO  - No valid license file found. Using trial license, restricted to 25 connections.
2025-01-27 17:10:39,457 INFO c.h.h.t.HelmChartContainer - [test-hivemq-platform] [hivemq] [92c6a677] WARN  - [HiveMQ Platform Operator Init App 1.7.0-SNAPSHOT] Cannot connect to Health API for readiness: null
2025-01-27 17:10:39,461 INFO c.h.h.t.HelmChartContainer - [EVENT] Warning [Unhealthy] Readiness probe failed: HTTP probe failed with statuscode: 503 [helmvolumeclaimtemplatesit:test-hivemq-platform-1]
2025-01-27 17:10:39,461 INFO c.h.h.t.HelmChartContainer - Received Unhealthy event for container hivemq in pod test-hivemq-platform-1 [92c6a677-16d2-4919-9fd0-31efec639a08]
2025-01-27 17:10:39,482 INFO c.h.h.t.HelmChartContainer - [hivemq-test-hivemq-platform] [hivemq-platform-operator] [10333020] 17:10:39.479 [pool-6-thread-40] DEBUG c.h.p.o.d.PlatformServiceResource - [helmvolu] Desired Platform services (3 services)
2025-01-27 17:10:39,482 INFO c.h.h.t.HelmChartContainer - [hivemq-test-hivemq-platform] [hivemq-platform-operator] [10333020] 17:10:39.480 [pool-6-thread-38] DEBUG c.h.p.o.dependants.PodInfoConfigMap - [helmvolu] Desired PodInfo ConfigMap (1 extensions) (1 enabled)
2025-01-27 17:10:39,482 INFO c.h.h.t.HelmChartContainer - [hivemq-test-hivemq-platform] [hivemq-platform-operator] [10333020] 17:10:39.480 [pool-6-thread-38] DEBUG c.h.p.o.dependants.PodInfoConfigMap - [helmvolu] Desired PodInfo ConfigMap (metrics port: 9399) (metrics path: /)
2025-01-27 17:10:39,482 INFO c.h.h.t.HelmChartContainer - [hivemq-test-hivemq-platform] [hivemq-platform-operator] [10333020] 17:10:39.480 [pool-6-thread-38] DEBUG c.h.p.o.dependants.PodInfoConfigMap - [helmvolu] Desired PodInfo ConfigMap (extension state hash: -1817474005)
2025-01-27 17:10:39,482 INFO c.h.h.t.HelmChartContainer - [hivemq-test-hivemq-platform] [hivemq-platform-operator] [10333020] 17:10:39.480 [pool-6-thread-33] DEBUG c.h.p.o.d.PodServiceAccountResource - [helmvolu] Desired PodServiceAccountResource (serviceAccountName: hivemq-platform-pod-test-hivemq-platform)
2025-01-27 17:10:39,484 INFO c.h.h.t.HelmChartContainer - [hivemq-test-hivemq-platform] [hivemq-platform-operator] [10333020] 17:10:39.483 [pool-6-thread-40] DEBUG c.h.p.o.d.StatefulSetResource - [helmvolu] Desired StatefulSet (3 replicas) for status ROLLING_RESTART (RESTART_PODS_IN_PROGRESS)
2025-01-27 17:10:39,486 INFO c.h.h.t.HelmChartContainer - [hivemq-test-hivemq-platform] [hivemq-platform-operator] [10333020] 17:10:39.485 [ReconcilerExecutor-hivemq-controller-86] INFO  c.h.p.o.HiveMQPlatformReconciler - [helmvolu] Reconciling HiveMQ Platform 'test-hivemq-platform' in namespace 'helmvolumeclaimtemplatesit'
2025-01-27 17:10:39,486 INFO c.h.h.t.HelmChartContainer - [hivemq-test-hivemq-platform] [hivemq-platform-operator] [10333020] 17:10:39.485 [ReconcilerExecutor-hivemq-controller-86] DEBUG c.h.p.o.HiveMQPlatformReconciler - [helmvolu] Custom Resource Status ROLLING_RESTART - HiveMQ Platform is restarting Pods (rolling restart) (RESTART_PODS_IN_PROGRESS)
2025-01-27 17:10:39,487 INFO c.h.h.t.HelmChartContainer - [hivemq-test-hivemq-platform] [hivemq-platform-operator] [10333020] 17:10:39.485 [ReconcilerExecutor-hivemq-controller-86] DEBUG c.h.p.o.HiveMQPlatformReconciler - [helmvolu] Custom Resource Spec (replicas: 2) (extensions: 1)
2025-01-27 17:10:39,489 INFO c.h.h.t.HelmChartContainer - [hivemq-test-hivemq-platform] [hivemq-platform-operator] [10333020] 17:10:39.488 [ReconcilerExecutor-hivemq-controller-86] DEBUG c.h.p.o.HiveMQPlatformReconciler - [helmvolu] StatefulSet Status (revision: test-hivemq-platform-56957c7b74, replicas: 3, available: 2, ready: 2, current: 1, updated: 2)
2025-01-27 17:10:39,489 INFO c.h.h.t.HelmChartContainer - [hivemq-test-hivemq-platform] [hivemq-platform-operator] [10333020] 17:10:39.488 [ReconcilerExecutor-hivemq-controller-86] DEBUG c.h.p.o.HiveMQPlatformReconciler - [helmvolu] StatefulSet Spec (replicas: 3, init containers: 1, containers: 1, volumes: 4)
2025-01-27 17:10:39,490 INFO c.h.h.t.HelmChartContainer - [hivemq-test-hivemq-platform] [hivemq-platform-operator] [10333020] 17:10:39.490 [ReconcilerExecutor-hivemq-controller-86] DEBUG c.h.p.o.h.HiveMQPlatformReconcilerErrorHandler - [helmvolu] Pod 'test-hivemq-platform-2' phase Running
2025-01-27 17:10:39,491 INFO c.h.h.t.HelmChartContainer - [hivemq-test-hivemq-platform] [hivemq-platform-operator] [10333020] 17:10:39.491 [ReconcilerExecutor-hivemq-controller-86] DEBUG c.h.p.o.h.HiveMQPlatformReconcilerErrorHandler - [helmvolu] Pod 'test-hivemq-platform-1' phase Running
2025-01-27 17:10:39,492 INFO c.h.h.t.HelmChartContainer - [hivemq-test-hivemq-platform] [hivemq-platform-operator] [10333020] 17:10:39.491 [ReconcilerExecutor-hivemq-controller-86] DEBUG c.h.p.o.h.HiveMQPlatformReconcilerErrorHandler - [helmvolu] Pod 'test-hivemq-platform-0' phase Running
2025-01-27 17:10:39,493 INFO c.h.h.t.HelmChartContainer - [hivemq-test-hivemq-platform] [hivemq-platform-operator] [10333020] 17:10:39.492 [ReconcilerExecutor-hivemq-controller-86] DEBUG c.h.p.o.h.HiveMQPlatformReconcilerRollingRestartHandler - [helmvolu] Rolling restart is waiting for 2 of 3 replicas
2025-01-27 17:10:39,613 INFO c.h.h.t.HelmChartContainer - [test-hivemq-platform] [hivemq] [92c6a677] INFO  - No valid license file for Data Hub found. Using free license, restricted to 1 policy.
2025-01-27 17:10:40,755 INFO c.h.h.t.HelmChartContainer - [test-hivemq-platform] [hivemq] [92c6a677] INFO  - Audit Logger started.
2025-01-27 17:10:41,030 INFO c.h.h.t.HelmChartContainer - [test-hivemq-platform] [hivemq] [92c6a677] INFO  - This node uses '1' CPU cores.
2025-01-27 17:10:41,055 INFO c.h.h.t.HelmChartContainer - [test-hivemq-platform] [hivemq] [92c6a677] INFO  - Starting HiveMQ Health API on address 0.0.0.0 and port 8889
2025-01-27 17:10:42,107 INFO c.h.h.t.HelmChartContainer - [test-hivemq-platform] [hivemq] [92c6a677] INFO  - Started HiveMQ Health API in 1052ms
2025-01-27 17:10:42,110 INFO c.h.h.t.HelmChartContainer - [test-hivemq-platform] [hivemq] [92c6a677] INFO  - Starting HiveMQ extension system.
2025-01-27 17:10:42,410 INFO c.h.h.t.HelmChartContainer - [test-hivemq-platform] [hivemq] [92c6a677] INFO  - Starting extension with id "hivemq-dns-cluster-discovery" at /opt/hivemq/extensions/hivemq-dns-cluster-discovery
2025-01-27 17:10:42,906 INFO c.h.h.t.HelmChartContainer - [test-hivemq-platform] [hivemq] [92c6a677] INFO  - Extension "DNS Cluster Discovery Extension" version 4.3.2 started successfully.
2025-01-27 17:10:42,906 INFO c.h.h.t.HelmChartContainer - [test-hivemq-platform] [hivemq] [92c6a677] INFO  - Starting extension with id "hivemq-prometheus-extension" at /opt/hivemq/extensions/hivemq-prometheus-extension
2025-01-27 17:10:43,010 INFO c.h.h.t.HelmChartContainer - [test-hivemq-platform] [hivemq] [92c6a677] INFO  - Using TCP cluster transport on address 10.42.0.15 and port 7000
2025-01-27 17:10:43,056 INFO c.h.h.t.HelmChartContainer - [test-hivemq-platform] [hivemq] [92c6a677] INFO  - Using extension cluster discovery
2025-01-27 17:10:44,057 INFO c.h.h.t.HelmChartContainer - [test-hivemq-platform] [hivemq] [92c6a677] INFO  - Started Jetty Server exposing Prometheus Servlet on URI http://0.0.0.0:9399/
2025-01-27 17:10:44,057 INFO c.h.h.t.HelmChartContainer - [test-hivemq-platform] [hivemq] [92c6a677] INFO  - Extension "Prometheus Monitoring Extension" version 4.0.12 started successfully.
2025-01-27 17:10:44,057 INFO c.h.h.t.HelmChartContainer - [test-hivemq-platform] [hivemq] [92c6a677] INFO  - Starting extension with id "hivemq-allow-all-extension" at /opt/hivemq/extensions/hivemq-allow-all-extension
2025-01-27 17:10:44,058 INFO c.h.h.t.HelmChartContainer - [test-hivemq-platform] [hivemq] [92c6a677] WARN  - 
2025-01-27 17:10:44,058 INFO c.h.h.t.HelmChartContainer - [test-hivemq-platform] [hivemq] [92c6a677] ################################################################################################################
2025-01-27 17:10:44,058 INFO c.h.h.t.HelmChartContainer - [test-hivemq-platform] [hivemq] [92c6a677] # This HiveMQ deployment is not secure! You are lacking Authentication and Authorization.                      #
2025-01-27 17:10:44,058 INFO c.h.h.t.HelmChartContainer - [test-hivemq-platform] [hivemq] [92c6a677] # Right now any MQTT client can connect to the broker with a full set of permissions.                          #
2025-01-27 17:10:44,058 INFO c.h.h.t.HelmChartContainer - [test-hivemq-platform] [hivemq] [92c6a677] # For production usage, add an appropriate security extension and remove the hivemq-allow-all extension.       #
2025-01-27 17:10:44,058 INFO c.h.h.t.HelmChartContainer - [test-hivemq-platform] [hivemq] [92c6a677] # You can download security extensions from the HiveMQ Marketplace (https://www.hivemq.com/extensions/).       #
2025-01-27 17:10:44,058 INFO c.h.h.t.HelmChartContainer - [test-hivemq-platform] [hivemq] [92c6a677] ################################################################################################################
2025-01-27 17:10:44,058 INFO c.h.h.t.HelmChartContainer - [test-hivemq-platform] [hivemq] [92c6a677] INFO  - Extension "Allow All Extension" version 1.1.0 started successfully.
2025-01-27 17:10:44,116 INFO c.h.h.t.HelmChartContainer - [test-hivemq-platform] [hivemq] [f4b534a4] INFO  - Cluster nodes found by discovery: [5HXdh|4] (3) [5HXdh, DJdwx, 4I3jf].
2025-01-27 17:10:44,118 INFO c.h.h.t.HelmChartContainer - [test-hivemq-platform] [hivemq] [40ef4599] INFO  - Cluster nodes found by discovery: [5HXdh|4] (3) [5HXdh, DJdwx, 4I3jf].
2025-01-27 17:10:44,163 INFO c.h.h.t.HelmChartContainer - [test-hivemq-platform] [hivemq] [92c6a677] INFO  - Cluster nodes found by discovery: [5HXdh|4] (3) [5HXdh, DJdwx, 4I3jf].
2025-01-27 17:10:44,306 INFO c.h.h.t.HelmChartContainer - [test-hivemq-platform] [hivemq] [92c6a677] INFO  - Cluster size = 1, members : [5HXdh].
2025-01-27 17:10:44,356 INFO c.h.h.t.HelmChartContainer - [test-hivemq-platform] [hivemq] [92c6a677] INFO  - Cluster size = 2, members : [5HXdh, DJdwx].
2025-01-27 17:10:44,810 INFO c.h.h.t.HelmChartContainer - [test-hivemq-platform] [hivemq] [92c6a677] INFO  - Starting cluster join process. This may take a while. Please do not shut down HiveMQ.
2025-01-27 17:10:44,856 INFO c.h.h.t.HelmChartContainer - [test-hivemq-platform] [hivemq] [92c6a677] INFO  - Cluster join process is still ongoing. Please do not shut down HiveMQ.
2025-01-27 17:10:45,465 INFO c.h.h.t.HelmChartContainer - [EVENT] Warning [Unhealthy] Readiness probe failed: Get "http://10.42.0.15:7979/readiness": context deadline exceeded (Client.Timeout exceeded while awaiting headers) [helmvolumeclaimtemplatesit:test-hivemq-platform-1]
2025-01-27 17:10:45,465 INFO c.h.h.t.HelmChartContainer - Received Unhealthy event for container hivemq in pod test-hivemq-platform-1 [92c6a677-16d2-4919-9fd0-31efec639a08]
2025-01-27 17:10:45,507 INFO c.h.h.t.HelmChartContainer - [test-hivemq-platform] [hivemq] [92c6a677] INFO  - [HiveMQ Platform Operator Init App 1.7.0-SNAPSHOT] Returning Health API response 503 for readiness
2025-01-27 17:10:46,863 INFO c.h.h.t.HelmChartContainer - [test-hivemq-platform] [hivemq] [f4b534a4] INFO  - Cluster size = 3, members : [4I3jf, 5HXdh, DJdwx].
2025-01-27 17:10:46,866 INFO c.h.h.t.HelmChartContainer - [test-hivemq-platform] [hivemq] [40ef4599] INFO  - Cluster size = 3, members : [4I3jf, 5HXdh, DJdwx].
2025-01-27 17:10:46,875 INFO c.h.h.t.HelmChartContainer - [test-hivemq-platform] [hivemq] [92c6a677] INFO  - Cluster size = 3, members : [4I3jf, 5HXdh, DJdwx].
2025-01-27 17:10:46,881 INFO c.h.h.t.HelmChartContainer - [test-hivemq-platform] [hivemq] [92c6a677] INFO  - Finished cluster join process successfully.
2025-01-27 17:10:46,886 INFO c.h.h.t.HelmChartContainer - [test-hivemq-platform] [hivemq] [92c6a677] INFO  - No user for HiveMQ Control Center configured. Starting with default user
2025-01-27 17:10:46,889 INFO c.h.h.t.HelmChartContainer - [test-hivemq-platform] [hivemq] [92c6a677] INFO  - Starting HiveMQ Control Center on address 0.0.0.0 and port 8080
2025-01-27 17:10:46,956 INFO c.h.h.t.HelmChartContainer - [test-hivemq-platform] [hivemq] [92c6a677] INFO  - Mounting HiveMQ Control Center V2 Preview
2025-01-27 17:10:47,664 INFO c.h.h.t.HelmChartContainer - [test-hivemq-platform] [hivemq] [92c6a677] INFO  - Started HiveMQ Control Center in 777ms
2025-01-27 17:10:47,759 INFO c.h.h.t.HelmChartContainer - [test-hivemq-platform] [hivemq] [92c6a677] INFO  - Starting TCP listener on address 0.0.0.0 and port 1884
2025-01-27 17:10:47,857 INFO c.h.h.t.HelmChartContainer - [test-hivemq-platform] [hivemq] [92c6a677] INFO  - Started TCP Listener on address 0.0.0.0 and on port 1884.
2025-01-27 17:10:47,857 INFO c.h.h.t.HelmChartContainer - [test-hivemq-platform] [hivemq] [92c6a677] INFO  - Started HiveMQ in 28186ms
2025-01-27 17:10:49,425 INFO c.h.h.t.HelmChartContainer - [test-hivemq-platform] [hivemq] [92c6a677] INFO  - [HiveMQ Platform Operator Init App 1.7.0-SNAPSHOT] Returning Health API response 200 for readiness
2025-01-27 17:10:49,438 INFO c.h.h.t.HelmChartContainer - [POD] test-hivemq-platform-1 [92c6a677-16d2-4919-9fd0-31efec639a08] in helmvolumeclaimtemplatesit was MODIFIED
2025-01-27 17:10:49,447 INFO c.h.h.t.HelmChartContainer - [hivemq-test-hivemq-platform] [hivemq-platform-operator] [10333020] 17:10:49.442 [pool-6-thread-44] DEBUG c.h.p.o.d.PlatformServiceResource - [helmvolu] Desired Platform services (3 services)
2025-01-27 17:10:49,447 INFO c.h.h.t.HelmChartContainer - [hivemq-test-hivemq-platform] [hivemq-platform-operator] [10333020] 17:10:49.443 [pool-6-thread-43] DEBUG c.h.p.o.dependants.PodInfoConfigMap - [helmvolu] Desired PodInfo ConfigMap (1 extensions) (1 enabled)
2025-01-27 17:10:49,447 INFO c.h.h.t.HelmChartContainer - [hivemq-test-hivemq-platform] [hivemq-platform-operator] [10333020] 17:10:49.443 [pool-6-thread-43] DEBUG c.h.p.o.dependants.PodInfoConfigMap - [helmvolu] Desired PodInfo ConfigMap (metrics port: 9399) (metrics path: /)
2025-01-27 17:10:49,447 INFO c.h.h.t.HelmChartContainer - [hivemq-test-hivemq-platform] [hivemq-platform-operator] [10333020] 17:10:49.443 [pool-6-thread-43] DEBUG c.h.p.o.dependants.PodInfoConfigMap - [helmvolu] Desired PodInfo ConfigMap (extension state hash: -1817474005)
2025-01-27 17:10:49,447 INFO c.h.h.t.HelmChartContainer - [hivemq-test-hivemq-platform] [hivemq-platform-operator] [10333020] 17:10:49.444 [pool-6-thread-43] DEBUG c.h.p.o.d.PodServiceAccountResource - [helmvolu] Desired PodServiceAccountResource (serviceAccountName: hivemq-platform-pod-test-hivemq-platform)
2025-01-27 17:10:49,451 INFO c.h.h.t.HelmChartContainer - [hivemq-test-hivemq-platform] [hivemq-platform-operator] [10333020] 17:10:49.449 [pool-6-thread-44] DEBUG c.h.p.o.d.StatefulSetResource - [helmvolu] Desired StatefulSet (3 replicas) for status ROLLING_RESTART (RESTART_PODS_IN_PROGRESS)
2025-01-27 17:10:49,455 INFO c.h.h.t.HelmChartContainer - [hivemq-test-hivemq-platform] [hivemq-platform-operator] [10333020] 17:10:49.455 [ReconcilerExecutor-hivemq-controller-97] INFO  c.h.p.o.HiveMQPlatformReconciler - [helmvolu] Reconciling HiveMQ Platform 'test-hivemq-platform' in namespace 'helmvolumeclaimtemplatesit'
2025-01-27 17:10:49,456 INFO c.h.h.t.HelmChartContainer - [hivemq-test-hivemq-platform] [hivemq-platform-operator] [10333020] 17:10:49.455 [ReconcilerExecutor-hivemq-controller-97] DEBUG c.h.p.o.HiveMQPlatformReconciler - [helmvolu] Custom Resource Status ROLLING_RESTART - HiveMQ Platform is restarting Pods (rolling restart) (RESTART_PODS_IN_PROGRESS)
2025-01-27 17:10:49,459 INFO c.h.h.t.HelmChartContainer - [hivemq-test-hivemq-platform] [hivemq-platform-operator] [10333020] 17:10:49.455 [ReconcilerExecutor-hivemq-controller-97] DEBUG c.h.p.o.HiveMQPlatformReconciler - [helmvolu] Custom Resource Spec (replicas: 2) (extensions: 1)
2025-01-27 17:10:49,462 INFO c.h.h.t.HelmChartContainer - [hivemq-test-hivemq-platform] [hivemq-platform-operator] [10333020] 17:10:49.460 [ReconcilerExecutor-hivemq-controller-97] DEBUG c.h.p.o.HiveMQPlatformReconciler - [helmvolu] StatefulSet Status (revision: test-hivemq-platform-56957c7b74, replicas: 3, available: 3, ready: 3, current: 1, updated: 2)
2025-01-27 17:10:49,463 INFO c.h.h.t.HelmChartContainer - [hivemq-test-hivemq-platform] [hivemq-platform-operator] [10333020] 17:10:49.461 [ReconcilerExecutor-hivemq-controller-97] DEBUG c.h.p.o.HiveMQPlatformReconciler - [helmvolu] StatefulSet Spec (replicas: 3, init containers: 1, containers: 1, volumes: 4)
2025-01-27 17:10:49,466 INFO c.h.h.t.HelmChartContainer - [hivemq-test-hivemq-platform] [hivemq-platform-operator] [10333020] 17:10:49.462 [ReconcilerExecutor-hivemq-controller-97] DEBUG c.h.p.o.h.HiveMQPlatformReconcilerErrorHandler - [helmvolu] Pod 'test-hivemq-platform-2' phase Running
2025-01-27 17:10:49,466 INFO c.h.h.t.HelmChartContainer - [hivemq-test-hivemq-platform] [hivemq-platform-operator] [10333020] 17:10:49.463 [ReconcilerExecutor-hivemq-controller-97] DEBUG c.h.p.o.h.HiveMQPlatformReconcilerErrorHandler - [helmvolu] Pod 'test-hivemq-platform-1' phase Running
2025-01-27 17:10:49,466 INFO c.h.h.t.HelmChartContainer - [hivemq-test-hivemq-platform] [hivemq-platform-operator] [10333020] 17:10:49.464 [ReconcilerExecutor-hivemq-controller-97] DEBUG c.h.p.o.h.HiveMQPlatformReconcilerErrorHandler - [helmvolu] Pod 'test-hivemq-platform-0' phase Running
2025-01-27 17:10:49,534 INFO c.h.h.t.HelmChartContainer - [hivemq-test-hivemq-platform] [hivemq-platform-operator] [10333020] 17:10:49.533 [ReconcilerExecutor-hivemq-controller-97] DEBUG c.h.p.o.h.HiveMQPlatformReconcilerRollingRestartHandler - [helmvolu] Skipping Pod test-hivemq-platform-2 as it's already on the controller update revision (update revision: test-hivemq-platform-56957c7b74, pod revision: test-hivemq-platform-56957c7b74)
2025-01-27 17:10:49,541 INFO c.h.h.t.HelmChartContainer - [hivemq-test-hivemq-platform] [hivemq-platform-operator] [10333020] 17:10:49.539 [ReconcilerExecutor-hivemq-controller-97] DEBUG c.h.p.o.h.HiveMQPlatformReconcilerRollingRestartHandler - [helmvolu] Skipping Pod test-hivemq-platform-1 as it's already on the controller update revision (update revision: test-hivemq-platform-56957c7b74, pod revision: test-hivemq-platform-56957c7b74)
2025-01-27 17:10:49,550 INFO c.h.h.t.HelmChartContainer - [hivemq-test-hivemq-platform] [hivemq-platform-operator] [10333020] 17:10:49.549 [ReconcilerExecutor-hivemq-controller-97] DEBUG c.h.p.o.h.HiveMQPlatformReconcilerRollingRestartHandler - [helmvolu] The last Pod is running for 54 seconds, the next Pod can be restarted
2025-01-27 17:10:49,550 INFO c.h.h.t.HelmChartContainer - [hivemq-test-hivemq-platform] [hivemq-platform-operator] [10333020] 17:10:49.549 [ReconcilerExecutor-hivemq-controller-97] INFO  c.h.p.o.h.HiveMQPlatformReconcilerRollingRestartHandler - [helmvolu] Restarting Pod test-hivemq-platform-0 as it's not matching the controller update revision (update revision: test-hivemq-platform-56957c7b74, pod revision: test-hivemq-platform-664f48ff7c)
2025-01-27 17:10:49,559 INFO c.h.h.t.HelmChartContainer - [POD] test-hivemq-platform-0 [f4b534a4-8f84-4cd1-b208-fb8e8c9f53b8] in helmvolumeclaimtemplatesit was MODIFIED
2025-01-27 17:10:49,567 INFO c.h.h.t.HelmChartContainer - [EVENT] Normal [Killing] Stopping container hivemq [helmvolumeclaimtemplatesit:test-hivemq-platform-0]
2025-01-27 17:10:49,567 INFO c.h.h.t.HelmChartContainer - Received Killing event for container hivemq in pod test-hivemq-platform-0 [f4b534a4-8f84-4cd1-b208-fb8e8c9f53b8]
2025-01-27 17:10:49,567 INFO c.h.h.t.HelmChartContainer - Container [test-hivemq-platform-0] [hivemq] [f4b534a4-8f84-4cd1-b208-fb8e8c9f53b8] was terminated
2025-01-27 17:10:49,567 INFO c.h.h.t.HelmChartContainer - Stopped log watcher for hivemq in pod test-hivemq-platform-0 [f4b534a4-8f84-4cd1-b208-fb8e8c9f53b8]
2025-01-27 17:10:49,570 INFO c.h.h.t.HelmChartContainer - [test-hivemq-platform] [hivemq] [f4b534a4] INFO  - [HiveMQ Platform Operator Init App 1.7.0-SNAPSHOT] Shutting down
2025-01-27 17:10:49,570 INFO c.h.h.t.HelmChartContainer - [test-hivemq-platform] [hivemq] [f4b534a4] INFO  - [HiveMQ Platform Operator Init App 1.7.0-SNAPSHOT] Stopping the HiveMQ Platform
2025-01-27 17:10:49,637 INFO c.h.h.t.HelmChartContainer - [hivemq-test-hivemq-platform] [hivemq-platform-operator] [10333020] 17:10:49.635 [pool-6-thread-5] DEBUG c.h.p.o.d.PlatformServiceResource - [helmvolu] Desired Platform services (3 services)
2025-01-27 17:10:49,637 INFO c.h.h.t.HelmChartContainer - [hivemq-test-hivemq-platform] [hivemq-platform-operator] [10333020] 17:10:49.635 [pool-6-thread-1] DEBUG c.h.p.o.dependants.PodInfoConfigMap - [helmvolu] Desired PodInfo ConfigMap (1 extensions) (1 enabled)
2025-01-27 17:10:49,637 INFO c.h.h.t.HelmChartContainer - [hivemq-test-hivemq-platform] [hivemq-platform-operator] [10333020] 17:10:49.635 [pool-6-thread-1] DEBUG c.h.p.o.dependants.PodInfoConfigMap - [helmvolu] Desired PodInfo ConfigMap (metrics port: 9399) (metrics path: /)
2025-01-27 17:10:49,637 INFO c.h.h.t.HelmChartContainer - [hivemq-test-hivemq-platform] [hivemq-platform-operator] [10333020] 17:10:49.635 [pool-6-thread-1] DEBUG c.h.p.o.dependants.PodInfoConfigMap - [helmvolu] Desired PodInfo ConfigMap (extension state hash: -1817474005)
2025-01-27 17:10:49,638 INFO c.h.h.t.HelmChartContainer - [hivemq-test-hivemq-platform] [hivemq-platform-operator] [10333020] 17:10:49.636 [pool-6-thread-1] DEBUG c.h.p.o.d.PodServiceAccountResource - [helmvolu] Desired PodServiceAccountResource (serviceAccountName: hivemq-platform-pod-test-hivemq-platform)
2025-01-27 17:10:49,641 INFO c.h.h.t.HelmChartContainer - [hivemq-test-hivemq-platform] [hivemq-platform-operator] [10333020] 17:10:49.640 [pool-6-thread-10] DEBUG c.h.p.o.d.StatefulSetResource - [helmvolu] Desired StatefulSet (3 replicas) for status ROLLING_RESTART (RESTART_PODS_IN_PROGRESS)
2025-01-27 17:10:49,647 INFO c.h.h.t.HelmChartContainer - [hivemq-test-hivemq-platform] [hivemq-platform-operator] [10333020] 17:10:49.644 [ReconcilerExecutor-hivemq-controller-97] INFO  c.h.p.o.HiveMQPlatformReconciler - [helmvolu] Reconciling HiveMQ Platform 'test-hivemq-platform' in namespace 'helmvolumeclaimtemplatesit'
2025-01-27 17:10:49,647 INFO c.h.h.t.HelmChartContainer - [hivemq-test-hivemq-platform] [hivemq-platform-operator] [10333020] 17:10:49.644 [ReconcilerExecutor-hivemq-controller-97] DEBUG c.h.p.o.HiveMQPlatformReconciler - [helmvolu] Custom Resource Status ROLLING_RESTART - HiveMQ Platform is restarting Pods (rolling restart) (RESTART_PODS_IN_PROGRESS)
2025-01-27 17:10:49,648 INFO c.h.h.t.HelmChartContainer - [hivemq-test-hivemq-platform] [hivemq-platform-operator] [10333020] 17:10:49.644 [ReconcilerExecutor-hivemq-controller-97] DEBUG c.h.p.o.HiveMQPlatformReconciler - [helmvolu] Custom Resource Spec (replicas: 2) (extensions: 1)
2025-01-27 17:10:49,648 INFO c.h.h.t.HelmChartContainer - [hivemq-test-hivemq-platform] [hivemq-platform-operator] [10333020] 17:10:49.645 [ReconcilerExecutor-hivemq-controller-97] DEBUG c.h.p.o.HiveMQPlatformReconciler - [helmvolu] StatefulSet Status (revision: test-hivemq-platform-56957c7b74, replicas: 3, available: 3, ready: 3, current: 0, updated: 2)
2025-01-27 17:10:49,648 INFO c.h.h.t.HelmChartContainer - [hivemq-test-hivemq-platform] [hivemq-platform-operator] [10333020] 17:10:49.645 [ReconcilerExecutor-hivemq-controller-97] DEBUG c.h.p.o.HiveMQPlatformReconciler - [helmvolu] StatefulSet Spec (replicas: 3, init containers: 1, containers: 1, volumes: 4)
2025-01-27 17:10:49,648 INFO c.h.h.t.HelmChartContainer - [hivemq-test-hivemq-platform] [hivemq-platform-operator] [10333020] 17:10:49.646 [ReconcilerExecutor-hivemq-controller-97] DEBUG c.h.p.o.h.HiveMQPlatformReconcilerErrorHandler - [helmvolu] Pod 'test-hivemq-platform-2' phase Running
2025-01-27 17:10:49,648 INFO c.h.h.t.HelmChartContainer - [hivemq-test-hivemq-platform] [hivemq-platform-operator] [10333020] 17:10:49.647 [ReconcilerExecutor-hivemq-controller-97] DEBUG c.h.p.o.h.HiveMQPlatformReconcilerErrorHandler - [helmvolu] Pod 'test-hivemq-platform-1' phase Running
2025-01-27 17:10:49,734 INFO c.h.h.t.HelmChartContainer - [hivemq-test-hivemq-platform] [hivemq-platform-operator] [10333020] 17:10:49.733 [ReconcilerExecutor-hivemq-controller-97] DEBUG c.h.p.o.h.HiveMQPlatformReconcilerErrorHandler - [helmvolu] Pod 'test-hivemq-platform-0' phase Running
2025-01-27 17:10:49,742 INFO c.h.h.t.HelmChartContainer - [hivemq-test-hivemq-platform] [hivemq-platform-operator] [10333020] 17:10:49.738 [ReconcilerExecutor-hivemq-controller-97] DEBUG c.h.p.o.h.HiveMQPlatformReconcilerRollingRestartHandler - [helmvolu] Skipping Pod test-hivemq-platform-2 as it's already on the controller update revision (update revision: test-hivemq-platform-56957c7b74, pod revision: test-hivemq-platform-56957c7b74)
2025-01-27 17:10:49,742 INFO c.h.h.t.HelmChartContainer - [hivemq-test-hivemq-platform] [hivemq-platform-operator] [10333020] 17:10:49.741 [ReconcilerExecutor-hivemq-controller-97] DEBUG c.h.p.o.h.HiveMQPlatformReconcilerRollingRestartHandler - [helmvolu] Skipping Pod test-hivemq-platform-1 as it's already on the controller update revision (update revision: test-hivemq-platform-56957c7b74, pod revision: test-hivemq-platform-56957c7b74)
2025-01-27 17:10:49,749 INFO c.h.h.t.HelmChartContainer - [hivemq-test-hivemq-platform] [hivemq-platform-operator] [10333020] 17:10:49.749 [ReconcilerExecutor-hivemq-controller-97] DEBUG c.h.p.o.h.HiveMQPlatformReconcilerRollingRestartHandler - [helmvolu] The last Pod is running for 54 seconds, the next Pod can be restarted
2025-01-27 17:10:49,750 INFO c.h.h.t.HelmChartContainer - [hivemq-test-hivemq-platform] [hivemq-platform-operator] [10333020] 17:10:49.749 [ReconcilerExecutor-hivemq-controller-97] INFO  c.h.p.o.h.HiveMQPlatformReconcilerRollingRestartHandler - [helmvolu] Restarting Pod test-hivemq-platform-0 as it's not matching the controller update revision (update revision: test-hivemq-platform-56957c7b74, pod revision: test-hivemq-platform-664f48ff7c)
2025-01-27 17:10:49,768 INFO c.h.h.t.HelmChartContainer - [test-hivemq-platform] [hivemq] [f4b534a4] INFO  - Shutting down HiveMQ. Please wait, this could take a while...
2025-01-27 17:10:49,772 INFO c.h.h.t.HelmChartContainer - [test-hivemq-platform] [hivemq] [f4b534a4] INFO  - Shutting down listeners and clients
2025-01-27 17:10:49,773 INFO c.h.h.t.HelmChartContainer - [test-hivemq-platform] [hivemq] [f4b534a4] INFO  - Shutdown of listeners is done
2025-01-27 17:10:49,774 INFO c.h.h.t.HelmChartContainer - [test-hivemq-platform] [hivemq] [f4b534a4] INFO  - No clients are connected, proceeding with shutdown
2025-01-27 17:10:49,840 INFO c.h.h.t.HelmChartContainer - [hivemq-test-hivemq-platform] [hivemq-platform-operator] [10333020] 17:10:49.838 [pool-6-thread-12] DEBUG c.h.p.o.d.PlatformServiceResource - [helmvolu] Desired Platform services (3 services)
2025-01-27 17:10:49,840 INFO c.h.h.t.HelmChartContainer - [hivemq-test-hivemq-platform] [hivemq-platform-operator] [10333020] 17:10:49.838 [pool-6-thread-19] DEBUG c.h.p.o.d.PodServiceAccountResource - [helmvolu] Desired PodServiceAccountResource (serviceAccountName: hivemq-platform-pod-test-hivemq-platform)
2025-01-27 17:10:49,840 INFO c.h.h.t.HelmChartContainer - [hivemq-test-hivemq-platform] [hivemq-platform-operator] [10333020] 17:10:49.839 [pool-6-thread-14] DEBUG c.h.p.o.dependants.PodInfoConfigMap - [helmvolu] Desired PodInfo ConfigMap (1 extensions) (1 enabled)
2025-01-27 17:10:49,840 INFO c.h.h.t.HelmChartContainer - [hivemq-test-hivemq-platform] [hivemq-platform-operator] [10333020] 17:10:49.839 [pool-6-thread-14] DEBUG c.h.p.o.dependants.PodInfoConfigMap - [helmvolu] Desired PodInfo ConfigMap (metrics port: 9399) (metrics path: /)
2025-01-27 17:10:49,840 INFO c.h.h.t.HelmChartContainer - [hivemq-test-hivemq-platform] [hivemq-platform-operator] [10333020] 17:10:49.839 [pool-6-thread-14] DEBUG c.h.p.o.dependants.PodInfoConfigMap - [helmvolu] Desired PodInfo ConfigMap (extension state hash: -1817474005)
2025-01-27 17:10:49,843 INFO c.h.h.t.HelmChartContainer - [hivemq-test-hivemq-platform] [hivemq-platform-operator] [10333020] 17:10:49.842 [pool-6-thread-12] DEBUG c.h.p.o.d.StatefulSetResource - [helmvolu] Desired StatefulSet (3 replicas) for status ROLLING_RESTART (RESTART_PODS_IN_PROGRESS)
2025-01-27 17:10:49,847 INFO c.h.h.t.HelmChartContainer - [hivemq-test-hivemq-platform] [hivemq-platform-operator] [10333020] 17:10:49.846 [ReconcilerExecutor-hivemq-controller-97] INFO  c.h.p.o.HiveMQPlatformReconciler - [helmvolu] Reconciling HiveMQ Platform 'test-hivemq-platform' in namespace 'helmvolumeclaimtemplatesit'
2025-01-27 17:10:49,847 INFO c.h.h.t.HelmChartContainer - [hivemq-test-hivemq-platform] [hivemq-platform-operator] [10333020] 17:10:49.846 [ReconcilerExecutor-hivemq-controller-97] DEBUG c.h.p.o.HiveMQPlatformReconciler - [helmvolu] Custom Resource Status ROLLING_RESTART - HiveMQ Platform is restarting Pods (rolling restart) (RESTART_PODS_IN_PROGRESS)
2025-01-27 17:10:49,847 INFO c.h.h.t.HelmChartContainer - [hivemq-test-hivemq-platform] [hivemq-platform-operator] [10333020] 17:10:49.846 [ReconcilerExecutor-hivemq-controller-97] DEBUG c.h.p.o.HiveMQPlatformReconciler - [helmvolu] Custom Resource Spec (replicas: 2) (extensions: 1)
2025-01-27 17:10:49,848 INFO c.h.h.t.HelmChartContainer - [hivemq-test-hivemq-platform] [hivemq-platform-operator] [10333020] 17:10:49.847 [ReconcilerExecutor-hivemq-controller-97] DEBUG c.h.p.o.HiveMQPlatformReconciler - [helmvolu] StatefulSet Status (revision: test-hivemq-platform-56957c7b74, replicas: 3, available: 3, ready: 3, current: 0, updated: 2)
2025-01-27 17:10:49,848 INFO c.h.h.t.HelmChartContainer - [hivemq-test-hivemq-platform] [hivemq-platform-operator] [10333020] 17:10:49.847 [ReconcilerExecutor-hivemq-controller-97] DEBUG c.h.p.o.HiveMQPlatformReconciler - [helmvolu] StatefulSet Spec (replicas: 3, init containers: 1, containers: 1, volumes: 4)
2025-01-27 17:10:49,850 INFO c.h.h.t.HelmChartContainer - [hivemq-test-hivemq-platform] [hivemq-platform-operator] [10333020] 17:10:49.849 [ReconcilerExecutor-hivemq-controller-97] DEBUG c.h.p.o.h.HiveMQPlatformReconcilerErrorHandler - [helmvolu] Pod 'test-hivemq-platform-2' phase Running
2025-01-27 17:10:49,851 INFO c.h.h.t.HelmChartContainer - [hivemq-test-hivemq-platform] [hivemq-platform-operator] [10333020] 17:10:49.850 [ReconcilerExecutor-hivemq-controller-97] DEBUG c.h.p.o.h.HiveMQPlatformReconcilerErrorHandler - [helmvolu] Pod 'test-hivemq-platform-1' phase Running
2025-01-27 17:10:49,851 INFO c.h.h.t.HelmChartContainer - [hivemq-test-hivemq-platform] [hivemq-platform-operator] [10333020] 17:10:49.851 [ReconcilerExecutor-hivemq-controller-97] DEBUG c.h.p.o.h.HiveMQPlatformReconcilerErrorHandler - [helmvolu] Pod 'test-hivemq-platform-0' phase Running
2025-01-27 17:10:49,937 INFO c.h.h.t.HelmChartContainer - [hivemq-test-hivemq-platform] [hivemq-platform-operator] [10333020] 17:10:49.936 [ReconcilerExecutor-hivemq-controller-97] DEBUG c.h.p.o.h.HiveMQPlatformReconcilerRollingRestartHandler - [helmvolu] Skipping Pod test-hivemq-platform-2 as it's already on the controller update revision (update revision: test-hivemq-platform-56957c7b74, pod revision: test-hivemq-platform-56957c7b74)
2025-01-27 17:10:49,942 INFO c.h.h.t.HelmChartContainer - [hivemq-test-hivemq-platform] [hivemq-platform-operator] [10333020] 17:10:49.941 [ReconcilerExecutor-hivemq-controller-97] DEBUG c.h.p.o.h.HiveMQPlatformReconcilerRollingRestartHandler - [helmvolu] Skipping Pod test-hivemq-platform-1 as it's already on the controller update revision (update revision: test-hivemq-platform-56957c7b74, pod revision: test-hivemq-platform-56957c7b74)
2025-01-27 17:10:49,952 INFO c.h.h.t.HelmChartContainer - [hivemq-test-hivemq-platform] [hivemq-platform-operator] [10333020] 17:10:49.951 [ReconcilerExecutor-hivemq-controller-97] DEBUG c.h.p.o.h.HiveMQPlatformReconcilerRollingRestartHandler - [helmvolu] The last Pod is running for 54 seconds, the next Pod can be restarted
2025-01-27 17:10:49,952 INFO c.h.h.t.HelmChartContainer - [hivemq-test-hivemq-platform] [hivemq-platform-operator] [10333020] 17:10:49.951 [ReconcilerExecutor-hivemq-controller-97] INFO  c.h.p.o.h.HiveMQPlatformReconcilerRollingRestartHandler - [helmvolu] Restarting Pod test-hivemq-platform-0 as it's not matching the controller update revision (update revision: test-hivemq-platform-56957c7b74, pod revision: test-hivemq-platform-664f48ff7c)
2025-01-27 17:10:51,371 INFO c.h.h.t.HelmChartContainer - [test-hivemq-platform] [hivemq] [f4b534a4] INFO  - [HiveMQ Platform Operator Init App 1.7.0-SNAPSHOT] Returning shutdown Health API response 503 for readiness
2025-01-27 17:10:51,374 INFO c.h.h.t.HelmChartContainer - [EVENT] Warning [Unhealthy] Readiness probe failed: HTTP probe failed with statuscode: 503 [helmvolumeclaimtemplatesit:test-hivemq-platform-0]
2025-01-27 17:10:51,374 INFO c.h.h.t.HelmChartContainer - Received Unhealthy event for container hivemq in pod test-hivemq-platform-0 [f4b534a4-8f84-4cd1-b208-fb8e8c9f53b8]
2025-01-27 17:10:53,419 INFO c.h.h.t.HelmChartContainer - [test-hivemq-platform] [hivemq] [f4b534a4] INFO  - Shutting down extension system
2025-01-27 17:10:53,422 INFO c.h.h.t.HelmChartContainer - [test-hivemq-platform] [hivemq] [f4b534a4] INFO  - Stopping extension with id hivemq-dns-cluster-discovery
2025-01-27 17:10:53,422 INFO c.h.h.t.HelmChartContainer - [test-hivemq-platform] [hivemq] [f4b534a4] INFO  - Extension "DNS Cluster Discovery Extension" version 4.3.2 stopped successfully.
2025-01-27 17:10:53,423 INFO c.h.h.t.HelmChartContainer - [test-hivemq-platform] [hivemq] [f4b534a4] INFO  - Stopping extension with id hivemq-prometheus-extension
2025-01-27 17:10:53,429 INFO c.h.h.t.HelmChartContainer - [test-hivemq-platform] [hivemq] [f4b534a4] INFO  - Extension "Prometheus Monitoring Extension" version 4.0.12 stopped successfully.
2025-01-27 17:10:53,431 INFO c.h.h.t.HelmChartContainer - [test-hivemq-platform] [hivemq] [f4b534a4] INFO  - Stopping extension with id hivemq-allow-all-extension
2025-01-27 17:10:53,431 INFO c.h.h.t.HelmChartContainer - [test-hivemq-platform] [hivemq] [f4b534a4] INFO  - Extension "Allow All Extension" version 1.1.0 stopped successfully.
2025-01-27 17:10:53,438 INFO c.h.h.t.HelmChartContainer - [test-hivemq-platform] [hivemq] [40ef4599] INFO  - Cluster nodes found by discovery: [DJdwx|5] (2) [DJdwx, 4I3jf].
2025-01-27 17:10:53,442 INFO c.h.h.t.HelmChartContainer - [test-hivemq-platform] [hivemq] [40ef4599] INFO  - Cluster size = 2, members : [4I3jf, DJdwx].
2025-01-27 17:10:53,442 INFO c.h.h.t.HelmChartContainer - [test-hivemq-platform] [hivemq] [92c6a677] INFO  - Cluster nodes found by discovery: [DJdwx|5] (2) [DJdwx, 4I3jf].
2025-01-27 17:10:53,445 INFO c.h.h.t.HelmChartContainer - [test-hivemq-platform] [hivemq] [40ef4599] INFO  - Starting cluster replication process. This may take a while. Please do not shut down HiveMQ.
2025-01-27 17:10:53,452 INFO c.h.h.t.HelmChartContainer - [test-hivemq-platform] [hivemq] [92c6a677] INFO  - Cluster size = 2, members : [4I3jf, DJdwx].
2025-01-27 17:10:53,452 INFO c.h.h.t.HelmChartContainer - [test-hivemq-platform] [hivemq] [92c6a677] INFO  - Starting cluster replication process. This may take a while. Please do not shut down HiveMQ.
2025-01-27 17:10:53,742 INFO c.h.h.t.HelmChartContainer - [test-hivemq-platform] [hivemq] [40ef4599] INFO  - Finished cluster replication successfully in 296 ms.
2025-01-27 17:10:53,755 INFO c.h.h.t.HelmChartContainer - [test-hivemq-platform] [hivemq] [92c6a677] INFO  - Finished cluster replication successfully in 303 ms.
2025-01-27 17:10:55,775 INFO c.h.h.t.HelmChartContainer - [test-hivemq-platform] [hivemq] [f4b534a4] INFO  - Shutdown completed.
2025-01-27 17:10:56,123 INFO c.h.h.t.HelmChartContainer - [test-hivemq-platform] [hivemq] [f4b534a4] INFO  - [HiveMQ Platform Operator Init App 1.7.0-SNAPSHOT] The HiveMQ Platform exited with code 143
2025-01-27 17:10:56,123 INFO c.h.h.t.HelmChartContainer - [test-hivemq-platform] [hivemq] [f4b534a4] INFO  - [HiveMQ Platform Operator Init App 1.7.0-SNAPSHOT] Stopping the REST API
2025-01-27 17:10:56,134 INFO c.h.h.t.HelmChartContainer - [test-hivemq-platform] [hivemq] [f4b534a4] INFO  - [HiveMQ Platform Operator Init App 1.7.0-SNAPSHOT] Shutdown complete
2025-01-27 17:10:56,231 INFO c.h.h.t.HelmChartContainer - [test-hivemq-platform] [hivemq] [92c6a677] INFO  - [HiveMQ Platform Operator Init App 1.7.0-SNAPSHOT] Returning Health API response 200 for liveness
2025-01-27 17:10:56,371 INFO c.h.h.t.HelmChartContainer - [EVENT] Warning [Unhealthy] Readiness probe failed: Get "http://10.42.0.10:7979/readiness": dial tcp 10.42.0.10:7979: connect: connection refused [helmvolumeclaimtemplatesit:test-hivemq-platform-0]
2025-01-27 17:10:56,371 INFO c.h.h.t.HelmChartContainer - Received Unhealthy event for container hivemq in pod test-hivemq-platform-0 [f4b534a4-8f84-4cd1-b208-fb8e8c9f53b8]
2025-01-27 17:10:56,636 INFO c.h.h.t.HelmChartContainer - [POD] test-hivemq-platform-0 [f4b534a4-8f84-4cd1-b208-fb8e8c9f53b8] in helmvolumeclaimtemplatesit was MODIFIED
2025-01-27 17:10:56,646 INFO c.h.h.t.HelmChartContainer - [hivemq-test-hivemq-platform] [hivemq-platform-operator] [10333020] 17:10:56.641 [pool-6-thread-22] DEBUG c.h.p.o.d.PlatformServiceResource - [helmvolu] Desired Platform services (3 services)
2025-01-27 17:10:56,649 INFO c.h.h.t.HelmChartContainer - [hivemq-test-hivemq-platform] [hivemq-platform-operator] [10333020] 17:10:56.643 [pool-6-thread-26] DEBUG c.h.p.o.dependants.PodInfoConfigMap - [helmvolu] Desired PodInfo ConfigMap (1 extensions) (1 enabled)
2025-01-27 17:10:56,654 INFO c.h.h.t.HelmChartContainer - [hivemq-test-hivemq-platform] [hivemq-platform-operator] [10333020] 17:10:56.643 [pool-6-thread-26] DEBUG c.h.p.o.dependants.PodInfoConfigMap - [helmvolu] Desired PodInfo ConfigMap (metrics port: 9399) (metrics path: /)
2025-01-27 17:10:56,654 INFO c.h.h.t.HelmChartContainer - [hivemq-test-hivemq-platform] [hivemq-platform-operator] [10333020] 17:10:56.643 [pool-6-thread-26] DEBUG c.h.p.o.dependants.PodInfoConfigMap - [helmvolu] Desired PodInfo ConfigMap (extension state hash: -1817474005)
2025-01-27 17:10:56,654 INFO c.h.h.t.HelmChartContainer - [hivemq-test-hivemq-platform] [hivemq-platform-operator] [10333020] 17:10:56.644 [pool-6-thread-22] DEBUG c.h.p.o.d.PodServiceAccountResource - [helmvolu] Desired PodServiceAccountResource (serviceAccountName: hivemq-platform-pod-test-hivemq-platform)
2025-01-27 17:10:56,654 INFO c.h.h.t.HelmChartContainer - [hivemq-test-hivemq-platform] [hivemq-platform-operator] [10333020] 17:10:56.649 [pool-6-thread-26] DEBUG c.h.p.o.d.StatefulSetResource - [helmvolu] Desired StatefulSet (3 replicas) for status ROLLING_RESTART (RESTART_PODS_IN_PROGRESS)
2025-01-27 17:10:56,656 INFO c.h.h.t.HelmChartContainer - [hivemq-test-hivemq-platform] [hivemq-platform-operator] [10333020] 17:10:56.656 [ReconcilerExecutor-hivemq-controller-110] INFO  c.h.p.o.HiveMQPlatformReconciler - [helmvolu] Reconciling HiveMQ Platform 'test-hivemq-platform' in namespace 'helmvolumeclaimtemplatesit'
2025-01-27 17:10:56,657 INFO c.h.h.t.HelmChartContainer - [hivemq-test-hivemq-platform] [hivemq-platform-operator] [10333020] 17:10:56.656 [ReconcilerExecutor-hivemq-controller-110] DEBUG c.h.p.o.HiveMQPlatformReconciler - [helmvolu] Custom Resource Status ROLLING_RESTART - HiveMQ Platform is restarting Pods (rolling restart) (RESTART_PODS_IN_PROGRESS)
2025-01-27 17:10:56,657 INFO c.h.h.t.HelmChartContainer - [hivemq-test-hivemq-platform] [hivemq-platform-operator] [10333020] 17:10:56.656 [ReconcilerExecutor-hivemq-controller-110] DEBUG c.h.p.o.HiveMQPlatformReconciler - [helmvolu] Custom Resource Spec (replicas: 2) (extensions: 1)
2025-01-27 17:10:56,658 INFO c.h.h.t.HelmChartContainer - [hivemq-test-hivemq-platform] [hivemq-platform-operator] [10333020] 17:10:56.657 [ReconcilerExecutor-hivemq-controller-110] DEBUG c.h.p.o.HiveMQPlatformReconciler - [helmvolu] StatefulSet Status (revision: test-hivemq-platform-56957c7b74, replicas: 3, available: 2, ready: 2, current: 0, updated: 2)
2025-01-27 17:10:56,659 INFO c.h.h.t.HelmChartContainer - [hivemq-test-hivemq-platform] [hivemq-platform-operator] [10333020] 17:10:56.657 [ReconcilerExecutor-hivemq-controller-110] DEBUG c.h.p.o.HiveMQPlatformReconciler - [helmvolu] StatefulSet Spec (replicas: 3, init containers: 1, containers: 1, volumes: 4)
2025-01-27 17:10:56,660 INFO c.h.h.t.HelmChartContainer - [hivemq-test-hivemq-platform] [hivemq-platform-operator] [10333020] 17:10:56.659 [ReconcilerExecutor-hivemq-controller-110] DEBUG c.h.p.o.h.HiveMQPlatformReconcilerErrorHandler - [helmvolu] Pod 'test-hivemq-platform-2' phase Running
2025-01-27 17:10:56,662 INFO c.h.h.t.HelmChartContainer - [hivemq-test-hivemq-platform] [hivemq-platform-operator] [10333020] 17:10:56.660 [ReconcilerExecutor-hivemq-controller-110] DEBUG c.h.p.o.h.HiveMQPlatformReconcilerErrorHandler - [helmvolu] Pod 'test-hivemq-platform-1' phase Running
2025-01-27 17:10:56,662 INFO c.h.h.t.HelmChartContainer - [hivemq-test-hivemq-platform] [hivemq-platform-operator] [10333020] 17:10:56.660 [ReconcilerExecutor-hivemq-controller-110] DEBUG c.h.p.o.h.HiveMQPlatformReconcilerErrorHandler - [helmvolu] Pod 'test-hivemq-platform-0' phase Failed
2025-01-27 17:10:56,663 INFO c.h.h.t.HelmChartContainer - [hivemq-test-hivemq-platform] [hivemq-platform-operator] [10333020] 17:10:56.661 [ReconcilerExecutor-hivemq-controller-110] DEBUG c.h.p.o.h.HiveMQPlatformReconcilerErrorHandler - [helmvolu] Pod 'test-hivemq-platform-0' condition 'PodReadyToStartContainers': False
2025-01-27 17:10:56,663 INFO c.h.h.t.HelmChartContainer - [hivemq-test-hivemq-platform] [hivemq-platform-operator] [10333020] 17:10:56.661 [ReconcilerExecutor-hivemq-controller-110] DEBUG c.h.p.o.h.HiveMQPlatformReconcilerErrorHandler - [helmvolu] Pod 'test-hivemq-platform-0' condition 'Initialized': True
2025-01-27 17:10:56,663 INFO c.h.h.t.HelmChartContainer - [hivemq-test-hivemq-platform] [hivemq-platform-operator] [10333020] 17:10:56.661 [ReconcilerExecutor-hivemq-controller-110] DEBUG c.h.p.o.h.HiveMQPlatformReconcilerErrorHandler - [helmvolu] Pod 'test-hivemq-platform-0' condition 'Ready': False
2025-01-27 17:10:56,663 INFO c.h.h.t.HelmChartContainer - [hivemq-test-hivemq-platform] [hivemq-platform-operator] [10333020] 17:10:56.661 [ReconcilerExecutor-hivemq-controller-110] DEBUG c.h.p.o.h.HiveMQPlatformReconcilerErrorHandler - [helmvolu] Pod 'test-hivemq-platform-0' condition 'ContainersReady': False
2025-01-27 17:10:56,663 INFO c.h.h.t.HelmChartContainer - [hivemq-test-hivemq-platform] [hivemq-platform-operator] [10333020] 17:10:56.661 [ReconcilerExecutor-hivemq-controller-110] DEBUG c.h.p.o.h.HiveMQPlatformReconcilerErrorHandler - [helmvolu] Pod 'test-hivemq-platform-0' condition 'PodScheduled': True
2025-01-27 17:10:56,663 INFO c.h.h.t.HelmChartContainer - [hivemq-test-hivemq-platform] [hivemq-platform-operator] [10333020] 17:10:56.661 [ReconcilerExecutor-hivemq-controller-110] DEBUG c.h.p.o.h.HiveMQPlatformReconcilerErrorHandler - [helmvolu] Pod 'test-hivemq-platform-0' containerStatus 'hivemq' (started: false) (ready: false) (waiting: [Unknown] no message)
2025-01-27 17:10:56,663 INFO c.h.h.t.HelmChartContainer - [hivemq-test-hivemq-platform] [hivemq-platform-operator] [10333020] 17:10:56.661 [ReconcilerExecutor-hivemq-controller-110] DEBUG c.h.p.o.h.HiveMQPlatformReconcilerRollingRestartHandler - [helmvolu] Rolling restart is waiting for 2 of 3 replicas
2025-01-27 17:10:56,698 INFO c.h.h.t.HelmChartContainer - [hivemq-test-hivemq-platform] [hivemq-platform-operator] [10333020] 17:10:56.695 [pool-6-thread-38] DEBUG c.h.p.o.d.PlatformServiceResource - [helmvolu] Desired Platform services (3 services)
2025-01-27 17:10:56,698 INFO c.h.h.t.HelmChartContainer - [hivemq-test-hivemq-platform] [hivemq-platform-operator] [10333020] 17:10:56.697 [pool-6-thread-35] DEBUG c.h.p.o.dependants.PodInfoConfigMap - [helmvolu] Desired PodInfo ConfigMap (1 extensions) (1 enabled)
2025-01-27 17:10:56,698 INFO c.h.h.t.HelmChartContainer - [hivemq-test-hivemq-platform] [hivemq-platform-operator] [10333020] 17:10:56.697 [pool-6-thread-35] DEBUG c.h.p.o.dependants.PodInfoConfigMap - [helmvolu] Desired PodInfo ConfigMap (metrics port: 9399) (metrics path: /)
2025-01-27 17:10:56,698 INFO c.h.h.t.HelmChartContainer - [hivemq-test-hivemq-platform] [hivemq-platform-operator] [10333020] 17:10:56.697 [pool-6-thread-35] DEBUG c.h.p.o.dependants.PodInfoConfigMap - [helmvolu] Desired PodInfo ConfigMap (extension state hash: -1817474005)
2025-01-27 17:10:56,734 INFO c.h.h.t.HelmChartContainer - [hivemq-test-hivemq-platform] [hivemq-platform-operator] [10333020] 17:10:56.732 [pool-6-thread-35] DEBUG c.h.p.o.d.PodServiceAccountResource - [helmvolu] Desired PodServiceAccountResource (serviceAccountName: hivemq-platform-pod-test-hivemq-platform)
2025-01-27 17:10:56,737 INFO c.h.h.t.HelmChartContainer - [hivemq-test-hivemq-platform] [hivemq-platform-operator] [10333020] 17:10:56.736 [pool-6-thread-35] DEBUG c.h.p.o.d.StatefulSetResource - [helmvolu] Desired StatefulSet (3 replicas) for status ROLLING_RESTART (RESTART_PODS_IN_PROGRESS)
2025-01-27 17:10:56,739 INFO c.h.h.t.HelmChartContainer - [hivemq-test-hivemq-platform] [hivemq-platform-operator] [10333020] 17:10:56.738 [ReconcilerExecutor-hivemq-controller-110] INFO  c.h.p.o.HiveMQPlatformReconciler - [helmvolu] Reconciling HiveMQ Platform 'test-hivemq-platform' in namespace 'helmvolumeclaimtemplatesit'
2025-01-27 17:10:56,739 INFO c.h.h.t.HelmChartContainer - [hivemq-test-hivemq-platform] [hivemq-platform-operator] [10333020] 17:10:56.738 [ReconcilerExecutor-hivemq-controller-110] DEBUG c.h.p.o.HiveMQPlatformReconciler - [helmvolu] Custom Resource Status ROLLING_RESTART - HiveMQ Platform is restarting Pods (rolling restart) (RESTART_PODS_IN_PROGRESS)
2025-01-27 17:10:56,740 INFO c.h.h.t.HelmChartContainer - [hivemq-test-hivemq-platform] [hivemq-platform-operator] [10333020] 17:10:56.738 [ReconcilerExecutor-hivemq-controller-110] DEBUG c.h.p.o.HiveMQPlatformReconciler - [helmvolu] Custom Resource Spec (replicas: 2) (extensions: 1)
2025-01-27 17:10:56,741 INFO c.h.h.t.HelmChartContainer - [hivemq-test-hivemq-platform] [hivemq-platform-operator] [10333020] 17:10:56.740 [ReconcilerExecutor-hivemq-controller-110] DEBUG c.h.p.o.HiveMQPlatformReconciler - [helmvolu] StatefulSet Status (revision: test-hivemq-platform-56957c7b74, replicas: 3, available: 2, ready: 2, current: 0, updated: 2)
2025-01-27 17:10:56,741 INFO c.h.h.t.HelmChartContainer - [hivemq-test-hivemq-platform] [hivemq-platform-operator] [10333020] 17:10:56.740 [ReconcilerExecutor-hivemq-controller-110] DEBUG c.h.p.o.HiveMQPlatformReconciler - [helmvolu] StatefulSet Spec (replicas: 3, init containers: 1, containers: 1, volumes: 4)
2025-01-27 17:10:56,742 INFO c.h.h.t.HelmChartContainer - [hivemq-test-hivemq-platform] [hivemq-platform-operator] [10333020] 17:10:56.742 [ReconcilerExecutor-hivemq-controller-110] DEBUG c.h.p.o.h.HiveMQPlatformReconcilerErrorHandler - [helmvolu] Pod 'test-hivemq-platform-2' phase Running
2025-01-27 17:10:56,744 INFO c.h.h.t.HelmChartContainer - [hivemq-test-hivemq-platform] [hivemq-platform-operator] [10333020] 17:10:56.742 [ReconcilerExecutor-hivemq-controller-110] DEBUG c.h.p.o.h.HiveMQPlatformReconcilerErrorHandler - [helmvolu] Pod 'test-hivemq-platform-1' phase Running
2025-01-27 17:10:56,744 INFO c.h.h.t.HelmChartContainer - [hivemq-test-hivemq-platform] [hivemq-platform-operator] [10333020] 17:10:56.743 [ReconcilerExecutor-hivemq-controller-110] DEBUG c.h.p.o.h.HiveMQPlatformReconcilerErrorHandler - [helmvolu] Pod 'test-hivemq-platform-0' phase Failed
2025-01-27 17:10:56,745 INFO c.h.h.t.HelmChartContainer - [hivemq-test-hivemq-platform] [hivemq-platform-operator] [10333020] 17:10:56.744 [ReconcilerExecutor-hivemq-controller-110] DEBUG c.h.p.o.h.HiveMQPlatformReconcilerErrorHandler - [helmvolu] Pod 'test-hivemq-platform-0' condition 'PodReadyToStartContainers': False
2025-01-27 17:10:56,745 INFO c.h.h.t.HelmChartContainer - [hivemq-test-hivemq-platform] [hivemq-platform-operator] [10333020] 17:10:56.744 [ReconcilerExecutor-hivemq-controller-110] DEBUG c.h.p.o.h.HiveMQPlatformReconcilerErrorHandler - [helmvolu] Pod 'test-hivemq-platform-0' condition 'Initialized': True
2025-01-27 17:10:56,745 INFO c.h.h.t.HelmChartContainer - [hivemq-test-hivemq-platform] [hivemq-platform-operator] [10333020] 17:10:56.744 [ReconcilerExecutor-hivemq-controller-110] DEBUG c.h.p.o.h.HiveMQPlatformReconcilerErrorHandler - [helmvolu] Pod 'test-hivemq-platform-0' condition 'Ready': False
2025-01-27 17:10:56,746 INFO c.h.h.t.HelmChartContainer - [hivemq-test-hivemq-platform] [hivemq-platform-operator] [10333020] 17:10:56.744 [ReconcilerExecutor-hivemq-controller-110] DEBUG c.h.p.o.h.HiveMQPlatformReconcilerErrorHandler - [helmvolu] Pod 'test-hivemq-platform-0' condition 'ContainersReady': False
2025-01-27 17:10:56,746 INFO c.h.h.t.HelmChartContainer - [hivemq-test-hivemq-platform] [hivemq-platform-operator] [10333020] 17:10:56.744 [ReconcilerExecutor-hivemq-controller-110] DEBUG c.h.p.o.h.HiveMQPlatformReconcilerErrorHandler - [helmvolu] Pod 'test-hivemq-platform-0' condition 'PodScheduled': True
2025-01-27 17:10:56,746 INFO c.h.h.t.HelmChartContainer - [hivemq-test-hivemq-platform] [hivemq-platform-operator] [10333020] 17:10:56.744 [ReconcilerExecutor-hivemq-controller-110] DEBUG c.h.p.o.h.HiveMQPlatformReconcilerErrorHandler - [helmvolu] Pod 'test-hivemq-platform-0' containerStatus 'hivemq' (started: false) (ready: false) (waiting: [Unknown] no message)
2025-01-27 17:10:56,746 INFO c.h.h.t.HelmChartContainer - [hivemq-test-hivemq-platform] [hivemq-platform-operator] [10333020] 17:10:56.744 [ReconcilerExecutor-hivemq-controller-110] DEBUG c.h.p.o.h.HiveMQPlatformReconcilerRollingRestartHandler - [helmvolu] Rolling restart is waiting for 2 of 3 replicas
2025-01-27 17:10:56,794 INFO c.h.h.t.HelmChartContainer - [K3S] [reconciler_common.go:162] "operationExecutor.UnmountVolume started for volume \"broker-configuration\" (UniqueName: \"kubernetes.io/configmap/f4b534a4-8f84-4cd1-b208-fb8e8c9f53b8-broker-configuration\") pod \"f4b534a4-8f84-4cd1-b208-fb8e8c9f53b8\" (UID: \"f4b534a4-8f84-4cd1-b208-fb8e8c9f53b8\") "
2025-01-27 17:10:56,794 INFO c.h.h.t.HelmChartContainer - [K3S] [reconciler_common.go:162] "operationExecutor.UnmountVolume started for volume \"kube-api-access-xwhzt\" (UniqueName: \"kubernetes.io/projected/f4b534a4-8f84-4cd1-b208-fb8e8c9f53b8-kube-api-access-xwhzt\") pod \"f4b534a4-8f84-4cd1-b208-fb8e8c9f53b8\" (UID: \"f4b534a4-8f84-4cd1-b208-fb8e8c9f53b8\") "
2025-01-27 17:10:56,794 INFO c.h.h.t.HelmChartContainer - [K3S] [reconciler_common.go:162] "operationExecutor.UnmountVolume started for volume \"pod-info\" (UniqueName: \"kubernetes.io/configmap/f4b534a4-8f84-4cd1-b208-fb8e8c9f53b8-pod-info\") pod \"f4b534a4-8f84-4cd1-b208-fb8e8c9f53b8\" (UID: \"f4b534a4-8f84-4cd1-b208-fb8e8c9f53b8\") "
2025-01-27 17:10:56,794 INFO c.h.h.t.HelmChartContainer - [K3S] [reconciler_common.go:162] "operationExecutor.UnmountVolume started for volume \"hivemq-pvc-data\" (UniqueName: \"kubernetes.io/local-volume/pvc-b1453c9e-9959-477f-bf56-d46fffe0cbcd\") pod \"f4b534a4-8f84-4cd1-b208-fb8e8c9f53b8\" (UID: \"f4b534a4-8f84-4cd1-b208-fb8e8c9f53b8\") "
2025-01-27 17:10:56,794 INFO c.h.h.t.HelmChartContainer - [K3S] [reconciler_common.go:162] "operationExecutor.UnmountVolume started for volume \"operator-init\" (UniqueName: \"kubernetes.io/empty-dir/f4b534a4-8f84-4cd1-b208-fb8e8c9f53b8-operator-init\") pod \"f4b534a4-8f84-4cd1-b208-fb8e8c9f53b8\" (UID: \"f4b534a4-8f84-4cd1-b208-fb8e8c9f53b8\") "
2025-01-27 17:10:56,894 INFO c.h.h.t.HelmChartContainer - [K3S] [reconciler_common.go:299] "Volume detached for volume \"broker-configuration\" (UniqueName: \"kubernetes.io/configmap/f4b534a4-8f84-4cd1-b208-fb8e8c9f53b8-broker-configuration\") on node \"7305957e3207\" DevicePath \"\""
2025-01-27 17:10:56,894 INFO c.h.h.t.HelmChartContainer - [K3S] [reconciler_common.go:299] "Volume detached for volume \"kube-api-access-xwhzt\" (UniqueName: \"kubernetes.io/projected/f4b534a4-8f84-4cd1-b208-fb8e8c9f53b8-kube-api-access-xwhzt\") on node \"7305957e3207\" DevicePath \"\""
2025-01-27 17:10:56,894 INFO c.h.h.t.HelmChartContainer - [K3S] [reconciler_common.go:299] "Volume detached for volume \"pod-info\" (UniqueName: \"kubernetes.io/configmap/f4b534a4-8f84-4cd1-b208-fb8e8c9f53b8-pod-info\") on node \"7305957e3207\" DevicePath \"\""
2025-01-27 17:10:56,894 INFO c.h.h.t.HelmChartContainer - [K3S] [reconciler_common.go:299] "Volume detached for volume \"operator-init\" (UniqueName: \"kubernetes.io/empty-dir/f4b534a4-8f84-4cd1-b208-fb8e8c9f53b8-operator-init\") on node \"7305957e3207\" DevicePath \"\""
2025-01-27 17:10:56,894 INFO c.h.h.t.HelmChartContainer - [K3S] [reconciler_common.go:292] "operationExecutor.UnmountDevice started for volume \"pvc-b1453c9e-9959-477f-bf56-d46fffe0cbcd\" (UniqueName: \"kubernetes.io/local-volume/pvc-b1453c9e-9959-477f-bf56-d46fffe0cbcd\") on node \"7305957e3207\" "
2025-01-27 17:10:56,957 INFO c.h.h.t.HelmChartContainer - [K3S] [scope.go:117] "RemoveContainer" containerID="d53cf80b5aeb1b5e70c0684b87048e9a6b98f54c0ca13fc36e1428831739635c"
2025-01-27 17:10:56,963 INFO c.h.h.t.HelmChartContainer - [K3S] [scope.go:117] "RemoveContainer" containerID="42923344c1ca7954bef607c12819e6822ea4cc94fe527daeaa7fbb55a3ef68f9"
2025-01-27 17:10:56,968 INFO c.h.h.t.HelmChartContainer - [K3S] [scope.go:117] "RemoveContainer" containerID="d53cf80b5aeb1b5e70c0684b87048e9a6b98f54c0ca13fc36e1428831739635c"
2025-01-27 17:10:56,969 INFO c.h.h.t.HelmChartContainer - [K3S] [scope.go:117] "RemoveContainer" containerID="42923344c1ca7954bef607c12819e6822ea4cc94fe527daeaa7fbb55a3ef68f9"
2025-01-27 17:10:56,978 INFO c.h.h.t.HelmChartContainer - [POD] test-hivemq-platform-0 [f4b534a4-8f84-4cd1-b208-fb8e8c9f53b8] in helmvolumeclaimtemplatesit was MODIFIED
2025-01-27 17:10:56,979 INFO c.h.h.t.HelmChartContainer - [POD] test-hivemq-platform-0 [f4b534a4-8f84-4cd1-b208-fb8e8c9f53b8] in helmvolumeclaimtemplatesit was DELETED
2025-01-27 17:10:56,989 INFO c.h.h.t.HelmChartContainer - [POD] test-hivemq-platform-0 [86dc8b32-22f6-4751-bd55-12b284550ecb] in helmvolumeclaimtemplatesit was ADDED
2025-01-27 17:10:56,994 INFO c.h.h.t.HelmChartContainer - [EVENT] Normal [SuccessfulCreate] create Pod test-hivemq-platform-0 in StatefulSet test-hivemq-platform successful [helmvolumeclaimtemplatesit:test-hivemq-platform]
2025-01-27 17:10:56,997 INFO c.h.h.t.HelmChartContainer - [K3S] [reconciler_common.go:299] "Volume detached for volume \"pvc-b1453c9e-9959-477f-bf56-d46fffe0cbcd\" (UniqueName: \"kubernetes.io/local-volume/pvc-b1453c9e-9959-477f-bf56-d46fffe0cbcd\") on node \"7305957e3207\" DevicePath \"\""
2025-01-27 17:10:57,001 INFO c.h.h.t.HelmChartContainer - [K3S] [memory_manager.go:355] "RemoveStaleState removing state" podUID="f4b534a4-8f84-4cd1-b208-fb8e8c9f53b8" containerName="hivemq"
2025-01-27 17:10:57,005 INFO c.h.h.t.HelmChartContainer - [POD] test-hivemq-platform-0 [86dc8b32-22f6-4751-bd55-12b284550ecb] in helmvolumeclaimtemplatesit was MODIFIED
2025-01-27 17:10:57,007 INFO c.h.h.t.HelmChartContainer - [EVENT] Normal [Scheduled] Successfully assigned helmvolumeclaimtemplatesit/test-hivemq-platform-0 to 7305957e3207 [helmvolumeclaimtemplatesit:test-hivemq-platform-0]
2025-01-27 17:10:57,015 INFO c.h.h.t.HelmChartContainer - [POD] test-hivemq-platform-0 [86dc8b32-22f6-4751-bd55-12b284550ecb] in helmvolumeclaimtemplatesit was MODIFIED
2025-01-27 17:10:57,034 INFO c.h.h.t.HelmChartContainer - [hivemq-test-hivemq-platform] [hivemq-platform-operator] [10333020] 17:10:57.033 [pool-6-thread-43] DEBUG c.h.p.o.d.PlatformServiceResource - [helmvolu] Desired Platform services (3 services)
2025-01-27 17:10:57,037 INFO c.h.h.t.HelmChartContainer - [hivemq-test-hivemq-platform] [hivemq-platform-operator] [10333020] 17:10:57.034 [pool-6-thread-48] DEBUG c.h.p.o.dependants.PodInfoConfigMap - [helmvolu] Desired PodInfo ConfigMap (1 extensions) (1 enabled)
2025-01-27 17:10:57,037 INFO c.h.h.t.HelmChartContainer - [hivemq-test-hivemq-platform] [hivemq-platform-operator] [10333020] 17:10:57.034 [pool-6-thread-48] DEBUG c.h.p.o.dependants.PodInfoConfigMap - [helmvolu] Desired PodInfo ConfigMap (metrics port: 9399) (metrics path: /)
2025-01-27 17:10:57,037 INFO c.h.h.t.HelmChartContainer - [hivemq-test-hivemq-platform] [hivemq-platform-operator] [10333020] 17:10:57.034 [pool-6-thread-48] DEBUG c.h.p.o.dependants.PodInfoConfigMap - [helmvolu] Desired PodInfo ConfigMap (extension state hash: -1817474005)
2025-01-27 17:10:57,037 INFO c.h.h.t.HelmChartContainer - [hivemq-test-hivemq-platform] [hivemq-platform-operator] [10333020] 17:10:57.036 [pool-6-thread-48] DEBUG c.h.p.o.d.PodServiceAccountResource - [helmvolu] Desired PodServiceAccountResource (serviceAccountName: hivemq-platform-pod-test-hivemq-platform)
2025-01-27 17:10:57,042 INFO c.h.h.t.HelmChartContainer - [hivemq-test-hivemq-platform] [hivemq-platform-operator] [10333020] 17:10:57.042 [pool-6-thread-43] DEBUG c.h.p.o.d.StatefulSetResource - [helmvolu] Desired StatefulSet (3 replicas) for status ROLLING_RESTART (RESTART_PODS_IN_PROGRESS)
2025-01-27 17:10:57,048 INFO c.h.h.t.HelmChartContainer - [hivemq-test-hivemq-platform] [hivemq-platform-operator] [10333020] 17:10:57.045 [ReconcilerExecutor-hivemq-controller-112] INFO  c.h.p.o.HiveMQPlatformReconciler - [helmvolu] Reconciling HiveMQ Platform 'test-hivemq-platform' in namespace 'helmvolumeclaimtemplatesit'
2025-01-27 17:10:57,048 INFO c.h.h.t.HelmChartContainer - [hivemq-test-hivemq-platform] [hivemq-platform-operator] [10333020] 17:10:57.045 [ReconcilerExecutor-hivemq-controller-112] DEBUG c.h.p.o.HiveMQPlatformReconciler - [helmvolu] Custom Resource Status ROLLING_RESTART - HiveMQ Platform is restarting Pods (rolling restart) (RESTART_PODS_IN_PROGRESS)
2025-01-27 17:10:57,049 INFO c.h.h.t.HelmChartContainer - [hivemq-test-hivemq-platform] [hivemq-platform-operator] [10333020] 17:10:57.045 [ReconcilerExecutor-hivemq-controller-112] DEBUG c.h.p.o.HiveMQPlatformReconciler - [helmvolu] Custom Resource Spec (replicas: 2) (extensions: 1)
2025-01-27 17:10:57,049 INFO c.h.h.t.HelmChartContainer - [hivemq-test-hivemq-platform] [hivemq-platform-operator] [10333020] 17:10:57.046 [ReconcilerExecutor-hivemq-controller-112] DEBUG c.h.p.o.HiveMQPlatformReconciler - [helmvolu] StatefulSet Status (revision: test-hivemq-platform-56957c7b74, replicas: 3, available: 2, ready: 2, current: 0, updated: 3)
2025-01-27 17:10:57,051 INFO c.h.h.t.HelmChartContainer - [hivemq-test-hivemq-platform] [hivemq-platform-operator] [10333020] 17:10:57.046 [ReconcilerExecutor-hivemq-controller-112] DEBUG c.h.p.o.HiveMQPlatformReconciler - [helmvolu] StatefulSet Spec (replicas: 3, init containers: 1, containers: 1, volumes: 4)
2025-01-27 17:10:57,100 INFO c.h.h.t.HelmChartContainer - [K3S] [reconciler_common.go:251] "operationExecutor.VerifyControllerAttachedVolume started for volume \"operator-init\" (UniqueName: \"kubernetes.io/empty-dir/86dc8b32-22f6-4751-bd55-12b284550ecb-operator-init\") pod \"test-hivemq-platform-0\" (UID: \"86dc8b32-22f6-4751-bd55-12b284550ecb\") " pod="helmvolumeclaimtemplatesit/test-hivemq-platform-0"
2025-01-27 17:10:57,103 INFO c.h.h.t.HelmChartContainer - [K3S] [reconciler_common.go:251] "operationExecutor.VerifyControllerAttachedVolume started for volume \"kube-api-access-9rgq9\" (UniqueName: \"kubernetes.io/projected/86dc8b32-22f6-4751-bd55-12b284550ecb-kube-api-access-9rgq9\") pod \"test-hivemq-platform-0\" (UID: \"86dc8b32-22f6-4751-bd55-12b284550ecb\") " pod="helmvolumeclaimtemplatesit/test-hivemq-platform-0"
2025-01-27 17:10:57,103 INFO c.h.h.t.HelmChartContainer - [K3S] [reconciler_common.go:251] "operationExecutor.VerifyControllerAttachedVolume started for volume \"pvc-b1453c9e-9959-477f-bf56-d46fffe0cbcd\" (UniqueName: \"kubernetes.io/local-volume/pvc-b1453c9e-9959-477f-bf56-d46fffe0cbcd\") pod \"test-hivemq-platform-0\" (UID: \"86dc8b32-22f6-4751-bd55-12b284550ecb\") " pod="helmvolumeclaimtemplatesit/test-hivemq-platform-0"
2025-01-27 17:10:57,103 INFO c.h.h.t.HelmChartContainer - [K3S] [reconciler_common.go:251] "operationExecutor.VerifyControllerAttachedVolume started for volume \"pod-info\" (UniqueName: \"kubernetes.io/configmap/86dc8b32-22f6-4751-bd55-12b284550ecb-pod-info\") pod \"test-hivemq-platform-0\" (UID: \"86dc8b32-22f6-4751-bd55-12b284550ecb\") " pod="helmvolumeclaimtemplatesit/test-hivemq-platform-0"
2025-01-27 17:10:57,103 INFO c.h.h.t.HelmChartContainer - [K3S] [reconciler_common.go:251] "operationExecutor.VerifyControllerAttachedVolume started for volume \"broker-configuration\" (UniqueName: \"kubernetes.io/configmap/86dc8b32-22f6-4751-bd55-12b284550ecb-broker-configuration\") pod \"test-hivemq-platform-0\" (UID: \"86dc8b32-22f6-4751-bd55-12b284550ecb\") " pod="helmvolumeclaimtemplatesit/test-hivemq-platform-0"
2025-01-27 17:10:57,132 INFO c.h.h.t.HelmChartContainer - [hivemq-test-hivemq-platform] [hivemq-platform-operator] [10333020] 17:10:57.131 [ReconcilerExecutor-hivemq-controller-112] DEBUG c.h.p.o.h.HiveMQPlatformReconcilerErrorHandler - [helmvolu] Pod 'test-hivemq-platform-2' phase Running
2025-01-27 17:10:57,134 INFO c.h.h.t.HelmChartContainer - [hivemq-test-hivemq-platform] [hivemq-platform-operator] [10333020] 17:10:57.134 [ReconcilerExecutor-hivemq-controller-112] DEBUG c.h.p.o.h.HiveMQPlatformReconcilerErrorHandler - [helmvolu] Pod 'test-hivemq-platform-1' phase Running
2025-01-27 17:10:57,135 INFO c.h.h.t.HelmChartContainer - [hivemq-test-hivemq-platform] [hivemq-platform-operator] [10333020] 17:10:57.135 [ReconcilerExecutor-hivemq-controller-112] DEBUG c.h.p.o.h.HiveMQPlatformReconcilerErrorHandler - [helmvolu] Pod 'test-hivemq-platform-0' phase Pending
2025-01-27 17:10:57,136 INFO c.h.h.t.HelmChartContainer - [hivemq-test-hivemq-platform] [hivemq-platform-operator] [10333020] 17:10:57.135 [ReconcilerExecutor-hivemq-controller-112] DEBUG c.h.p.o.h.HiveMQPlatformReconcilerErrorHandler - [helmvolu] Pod 'test-hivemq-platform-0' condition 'PodReadyToStartContainers': False
2025-01-27 17:10:57,136 INFO c.h.h.t.HelmChartContainer - [hivemq-test-hivemq-platform] [hivemq-platform-operator] [10333020] 17:10:57.135 [ReconcilerExecutor-hivemq-controller-112] DEBUG c.h.p.o.h.HiveMQPlatformReconcilerErrorHandler - [helmvolu] Pod 'test-hivemq-platform-0' condition 'Initialized': False
2025-01-27 17:10:57,136 INFO c.h.h.t.HelmChartContainer - [hivemq-test-hivemq-platform] [hivemq-platform-operator] [10333020] 17:10:57.135 [ReconcilerExecutor-hivemq-controller-112] DEBUG c.h.p.o.h.HiveMQPlatformReconcilerErrorHandler - [helmvolu] Pod 'test-hivemq-platform-0' condition 'Ready': False
2025-01-27 17:10:57,136 INFO c.h.h.t.HelmChartContainer - [hivemq-test-hivemq-platform] [hivemq-platform-operator] [10333020] 17:10:57.135 [ReconcilerExecutor-hivemq-controller-112] DEBUG c.h.p.o.h.HiveMQPlatformReconcilerErrorHandler - [helmvolu] Pod 'test-hivemq-platform-0' condition 'ContainersReady': False
2025-01-27 17:10:57,136 INFO c.h.h.t.HelmChartContainer - [hivemq-test-hivemq-platform] [hivemq-platform-operator] [10333020] 17:10:57.135 [ReconcilerExecutor-hivemq-controller-112] DEBUG c.h.p.o.h.HiveMQPlatformReconcilerErrorHandler - [helmvolu] Pod 'test-hivemq-platform-0' condition 'PodScheduled': True
2025-01-27 17:10:57,136 INFO c.h.h.t.HelmChartContainer - [hivemq-test-hivemq-platform] [hivemq-platform-operator] [10333020] 17:10:57.135 [ReconcilerExecutor-hivemq-controller-112] DEBUG c.h.p.o.h.HiveMQPlatformReconcilerErrorHandler - [helmvolu] Pod 'test-hivemq-platform-0' containerStatus 'hivemq' (started: false) (ready: false) (waiting: [PodInitializing] null)
2025-01-27 17:10:57,137 INFO c.h.h.t.HelmChartContainer - [hivemq-test-hivemq-platform] [hivemq-platform-operator] [10333020] 17:10:57.135 [ReconcilerExecutor-hivemq-controller-112] DEBUG c.h.p.o.h.HiveMQPlatformReconcilerRollingRestartHandler - [helmvolu] Rolling restart is waiting for 2 of 3 replicas
2025-01-27 17:10:57,138 INFO c.h.h.t.HelmChartContainer - [hivemq-test-hivemq-platform] [hivemq-platform-operator] [10333020] 17:10:57.137 [pool-6-thread-5] DEBUG c.h.p.o.d.PlatformServiceResource - [helmvolu] Desired Platform services (3 services)
2025-01-27 17:10:57,139 INFO c.h.h.t.HelmChartContainer - [hivemq-test-hivemq-platform] [hivemq-platform-operator] [10333020] 17:10:57.137 [pool-6-thread-3] DEBUG c.h.p.o.dependants.PodInfoConfigMap - [helmvolu] Desired PodInfo ConfigMap (1 extensions) (1 enabled)
2025-01-27 17:10:57,139 INFO c.h.h.t.HelmChartContainer - [hivemq-test-hivemq-platform] [hivemq-platform-operator] [10333020] 17:10:57.138 [pool-6-thread-3] DEBUG c.h.p.o.dependants.PodInfoConfigMap - [helmvolu] Desired PodInfo ConfigMap (metrics port: 9399) (metrics path: /)
2025-01-27 17:10:57,139 INFO c.h.h.t.HelmChartContainer - [hivemq-test-hivemq-platform] [hivemq-platform-operator] [10333020] 17:10:57.138 [pool-6-thread-3] DEBUG c.h.p.o.dependants.PodInfoConfigMap - [helmvolu] Desired PodInfo ConfigMap (extension state hash: -1817474005)
2025-01-27 17:10:57,141 INFO c.h.h.t.HelmChartContainer - [hivemq-test-hivemq-platform] [hivemq-platform-operator] [10333020] 17:10:57.140 [pool-6-thread-8] DEBUG c.h.p.o.d.PodServiceAccountResource - [helmvolu] Desired PodServiceAccountResource (serviceAccountName: hivemq-platform-pod-test-hivemq-platform)
2025-01-27 17:10:57,143 INFO c.h.h.t.HelmChartContainer - [hivemq-test-hivemq-platform] [hivemq-platform-operator] [10333020] 17:10:57.143 [pool-6-thread-5] DEBUG c.h.p.o.d.StatefulSetResource - [helmvolu] Desired StatefulSet (3 replicas) for status ROLLING_RESTART (RESTART_PODS_IN_PROGRESS)
2025-01-27 17:10:57,145 INFO c.h.h.t.HelmChartContainer - [hivemq-test-hivemq-platform] [hivemq-platform-operator] [10333020] 17:10:57.145 [ReconcilerExecutor-hivemq-controller-112] INFO  c.h.p.o.HiveMQPlatformReconciler - [helmvolu] Reconciling HiveMQ Platform 'test-hivemq-platform' in namespace 'helmvolumeclaimtemplatesit'
2025-01-27 17:10:57,146 INFO c.h.h.t.HelmChartContainer - [hivemq-test-hivemq-platform] [hivemq-platform-operator] [10333020] 17:10:57.145 [ReconcilerExecutor-hivemq-controller-112] DEBUG c.h.p.o.HiveMQPlatformReconciler - [helmvolu] Custom Resource Status ROLLING_RESTART - HiveMQ Platform is restarting Pods (rolling restart) (RESTART_PODS_IN_PROGRESS)
2025-01-27 17:10:57,146 INFO c.h.h.t.HelmChartContainer - [hivemq-test-hivemq-platform] [hivemq-platform-operator] [10333020] 17:10:57.145 [ReconcilerExecutor-hivemq-controller-112] DEBUG c.h.p.o.HiveMQPlatformReconciler - [helmvolu] Custom Resource Spec (replicas: 2) (extensions: 1)
2025-01-27 17:10:57,147 INFO c.h.h.t.HelmChartContainer - [hivemq-test-hivemq-platform] [hivemq-platform-operator] [10333020] 17:10:57.146 [ReconcilerExecutor-hivemq-controller-112] DEBUG c.h.p.o.HiveMQPlatformReconciler - [helmvolu] StatefulSet Status (revision: test-hivemq-platform-56957c7b74, replicas: 3, available: 2, ready: 2, current: 0, updated: 3)
2025-01-27 17:10:57,147 INFO c.h.h.t.HelmChartContainer - [hivemq-test-hivemq-platform] [hivemq-platform-operator] [10333020] 17:10:57.146 [ReconcilerExecutor-hivemq-controller-112] DEBUG c.h.p.o.HiveMQPlatformReconciler - [helmvolu] StatefulSet Spec (replicas: 3, init containers: 1, containers: 1, volumes: 4)
2025-01-27 17:10:57,148 INFO c.h.h.t.HelmChartContainer - [hivemq-test-hivemq-platform] [hivemq-platform-operator] [10333020] 17:10:57.147 [ReconcilerExecutor-hivemq-controller-112] DEBUG c.h.p.o.h.HiveMQPlatformReconcilerErrorHandler - [helmvolu] Pod 'test-hivemq-platform-2' phase Running
2025-01-27 17:10:57,150 INFO c.h.h.t.HelmChartContainer - [hivemq-test-hivemq-platform] [hivemq-platform-operator] [10333020] 17:10:57.149 [ReconcilerExecutor-hivemq-controller-112] DEBUG c.h.p.o.h.HiveMQPlatformReconcilerErrorHandler - [helmvolu] Pod 'test-hivemq-platform-1' phase Running
2025-01-27 17:10:57,151 INFO c.h.h.t.HelmChartContainer - [hivemq-test-hivemq-platform] [hivemq-platform-operator] [10333020] 17:10:57.150 [ReconcilerExecutor-hivemq-controller-112] DEBUG c.h.p.o.h.HiveMQPlatformReconcilerErrorHandler - [helmvolu] Pod 'test-hivemq-platform-0' phase Pending
2025-01-27 17:10:57,151 INFO c.h.h.t.HelmChartContainer - [hivemq-test-hivemq-platform] [hivemq-platform-operator] [10333020] 17:10:57.150 [ReconcilerExecutor-hivemq-controller-112] DEBUG c.h.p.o.h.HiveMQPlatformReconcilerErrorHandler - [helmvolu] Pod 'test-hivemq-platform-0' condition 'PodReadyToStartContainers': False
2025-01-27 17:10:57,151 INFO c.h.h.t.HelmChartContainer - [hivemq-test-hivemq-platform] [hivemq-platform-operator] [10333020] 17:10:57.150 [ReconcilerExecutor-hivemq-controller-112] DEBUG c.h.p.o.h.HiveMQPlatformReconcilerErrorHandler - [helmvolu] Pod 'test-hivemq-platform-0' condition 'Initialized': False
2025-01-27 17:10:57,151 INFO c.h.h.t.HelmChartContainer - [hivemq-test-hivemq-platform] [hivemq-platform-operator] [10333020] 17:10:57.150 [ReconcilerExecutor-hivemq-controller-112] DEBUG c.h.p.o.h.HiveMQPlatformReconcilerErrorHandler - [helmvolu] Pod 'test-hivemq-platform-0' condition 'Ready': False
2025-01-27 17:10:57,151 INFO c.h.h.t.HelmChartContainer - [hivemq-test-hivemq-platform] [hivemq-platform-operator] [10333020] 17:10:57.150 [ReconcilerExecutor-hivemq-controller-112] DEBUG c.h.p.o.h.HiveMQPlatformReconcilerErrorHandler - [helmvolu] Pod 'test-hivemq-platform-0' condition 'ContainersReady': False
2025-01-27 17:10:57,151 INFO c.h.h.t.HelmChartContainer - [hivemq-test-hivemq-platform] [hivemq-platform-operator] [10333020] 17:10:57.150 [ReconcilerExecutor-hivemq-controller-112] DEBUG c.h.p.o.h.HiveMQPlatformReconcilerErrorHandler - [helmvolu] Pod 'test-hivemq-platform-0' condition 'PodScheduled': True
2025-01-27 17:10:57,151 INFO c.h.h.t.HelmChartContainer - [hivemq-test-hivemq-platform] [hivemq-platform-operator] [10333020] 17:10:57.150 [ReconcilerExecutor-hivemq-controller-112] DEBUG c.h.p.o.h.HiveMQPlatformReconcilerErrorHandler - [helmvolu] Pod 'test-hivemq-platform-0' containerStatus 'hivemq' (started: false) (ready: false) (waiting: [PodInitializing] null)
2025-01-27 17:10:57,196 INFO c.h.h.t.HelmChartContainer - [hivemq-test-hivemq-platform] [hivemq-platform-operator] [10333020] 17:10:57.195 [ReconcilerExecutor-hivemq-controller-112] DEBUG c.h.p.o.h.HiveMQPlatformReconcilerRollingRestartHandler - [helmvolu] Rolling restart is waiting for 2 of 3 replicas
2025-01-27 17:10:57,395 INFO c.h.h.t.HelmChartContainer - [EVENT] Normal [Pulled] Container image "docker.io/hivemq/hivemq-platform-operator-init-test:snapshot" already present on machine [helmvolumeclaimtemplatesit:test-hivemq-platform-0]
2025-01-27 17:10:57,402 INFO c.h.h.t.HelmChartContainer - [EVENT] Normal [Created] Created container: hivemq-platform-operator-init [helmvolumeclaimtemplatesit:test-hivemq-platform-0]
2025-01-27 17:10:57,439 INFO c.h.h.t.HelmChartContainer - [EVENT] Normal [Started] Started container hivemq-platform-operator-init [helmvolumeclaimtemplatesit:test-hivemq-platform-0]
2025-01-27 17:10:57,965 INFO c.h.h.t.HelmChartContainer - [EVENT] Normal [Pulled] Container image "docker.io/hivemq/hivemq4:4.35.0" already present on machine [helmvolumeclaimtemplatesit:test-hivemq-platform-0]
2025-01-27 17:10:57,965 INFO c.h.h.t.HelmChartContainer - Received Pulled event for container hivemq in pod test-hivemq-platform-0 [86dc8b32-22f6-4751-bd55-12b284550ecb]
2025-01-27 17:10:57,977 INFO c.h.h.t.HelmChartContainer - [POD] test-hivemq-platform-0 [86dc8b32-22f6-4751-bd55-12b284550ecb] in helmvolumeclaimtemplatesit was MODIFIED
2025-01-27 17:10:57,977 INFO c.h.h.t.HelmChartContainer - [EVENT] Normal [Created] Created container: hivemq [helmvolumeclaimtemplatesit:test-hivemq-platform-0]
2025-01-27 17:10:57,977 INFO c.h.h.t.HelmChartContainer - Received Created event for container hivemq in pod test-hivemq-platform-0 [86dc8b32-22f6-4751-bd55-12b284550ecb]
2025-01-27 17:10:57,986 INFO c.h.h.t.HelmChartContainer - [hivemq-test-hivemq-platform] [hivemq-platform-operator] [10333020] 17:10:57.977 [pool-6-thread-18] DEBUG c.h.p.o.d.PlatformServiceResource - [helmvolu] Desired Platform services (3 services)
2025-01-27 17:10:57,988 INFO c.h.h.t.HelmChartContainer - [hivemq-test-hivemq-platform] [hivemq-platform-operator] [10333020] 17:10:57.979 [pool-6-thread-17] DEBUG c.h.p.o.dependants.PodInfoConfigMap - [helmvolu] Desired PodInfo ConfigMap (1 extensions) (1 enabled)
2025-01-27 17:10:57,988 INFO c.h.h.t.HelmChartContainer - [hivemq-test-hivemq-platform] [hivemq-platform-operator] [10333020] 17:10:57.979 [pool-6-thread-17] DEBUG c.h.p.o.dependants.PodInfoConfigMap - [helmvolu] Desired PodInfo ConfigMap (metrics port: 9399) (metrics path: /)
2025-01-27 17:10:57,988 INFO c.h.h.t.HelmChartContainer - [hivemq-test-hivemq-platform] [hivemq-platform-operator] [10333020] 17:10:57.980 [pool-6-thread-17] DEBUG c.h.p.o.dependants.PodInfoConfigMap - [helmvolu] Desired PodInfo ConfigMap (extension state hash: -1817474005)
2025-01-27 17:10:57,988 INFO c.h.h.t.HelmChartContainer - [hivemq-test-hivemq-platform] [hivemq-platform-operator] [10333020] 17:10:57.982 [pool-6-thread-16] DEBUG c.h.p.o.d.PodServiceAccountResource - [helmvolu] Desired PodServiceAccountResource (serviceAccountName: hivemq-platform-pod-test-hivemq-platform)
2025-01-27 17:10:58,009 INFO c.h.h.t.HelmChartContainer - [hivemq-test-hivemq-platform] [hivemq-platform-operator] [10333020] 17:10:57.991 [pool-6-thread-16] DEBUG c.h.p.o.d.StatefulSetResource - [helmvolu] Desired StatefulSet (3 replicas) for status ROLLING_RESTART (RESTART_PODS_IN_PROGRESS)
2025-01-27 17:10:58,009 INFO c.h.h.t.HelmChartContainer - [hivemq-test-hivemq-platform] [hivemq-platform-operator] [10333020] 17:10:57.994 [ReconcilerExecutor-hivemq-controller-114] INFO  c.h.p.o.HiveMQPlatformReconciler - [helmvolu] Reconciling HiveMQ Platform 'test-hivemq-platform' in namespace 'helmvolumeclaimtemplatesit'
2025-01-27 17:10:58,009 INFO c.h.h.t.HelmChartContainer - [hivemq-test-hivemq-platform] [hivemq-platform-operator] [10333020] 17:10:57.994 [ReconcilerExecutor-hivemq-controller-114] DEBUG c.h.p.o.HiveMQPlatformReconciler - [helmvolu] Custom Resource Status ROLLING_RESTART - HiveMQ Platform is restarting Pods (rolling restart) (RESTART_PODS_IN_PROGRESS)
2025-01-27 17:10:58,009 INFO c.h.h.t.HelmChartContainer - [hivemq-test-hivemq-platform] [hivemq-platform-operator] [10333020] 17:10:57.994 [ReconcilerExecutor-hivemq-controller-114] DEBUG c.h.p.o.HiveMQPlatformReconciler - [helmvolu] Custom Resource Spec (replicas: 2) (extensions: 1)
2025-01-27 17:10:58,009 INFO c.h.h.t.HelmChartContainer - [hivemq-test-hivemq-platform] [hivemq-platform-operator] [10333020] 17:10:57.995 [ReconcilerExecutor-hivemq-controller-114] DEBUG c.h.p.o.HiveMQPlatformReconciler - [helmvolu] StatefulSet Status (revision: test-hivemq-platform-56957c7b74, replicas: 3, available: 2, ready: 2, current: 0, updated: 3)
2025-01-27 17:10:58,009 INFO c.h.h.t.HelmChartContainer - [hivemq-test-hivemq-platform] [hivemq-platform-operator] [10333020] 17:10:57.995 [ReconcilerExecutor-hivemq-controller-114] DEBUG c.h.p.o.HiveMQPlatformReconciler - [helmvolu] StatefulSet Spec (replicas: 3, init containers: 1, containers: 1, volumes: 4)
2025-01-27 17:10:58,009 INFO c.h.h.t.HelmChartContainer - [hivemq-test-hivemq-platform] [hivemq-platform-operator] [10333020] 17:10:57.997 [ReconcilerExecutor-hivemq-controller-114] DEBUG c.h.p.o.h.HiveMQPlatformReconcilerErrorHandler - [helmvolu] Pod 'test-hivemq-platform-2' phase Running
2025-01-27 17:10:58,009 INFO c.h.h.t.HelmChartContainer - [hivemq-test-hivemq-platform] [hivemq-platform-operator] [10333020] 17:10:57.998 [ReconcilerExecutor-hivemq-controller-114] DEBUG c.h.p.o.h.HiveMQPlatformReconcilerErrorHandler - [helmvolu] Pod 'test-hivemq-platform-1' phase Running
2025-01-27 17:10:58,009 INFO c.h.h.t.HelmChartContainer - [hivemq-test-hivemq-platform] [hivemq-platform-operator] [10333020] 17:10:58.001 [ReconcilerExecutor-hivemq-controller-114] DEBUG c.h.p.o.h.HiveMQPlatformReconcilerErrorHandler - [helmvolu] Pod 'test-hivemq-platform-0' phase Pending
2025-01-27 17:10:58,009 INFO c.h.h.t.HelmChartContainer - [hivemq-test-hivemq-platform] [hivemq-platform-operator] [10333020] 17:10:58.001 [ReconcilerExecutor-hivemq-controller-114] DEBUG c.h.p.o.h.HiveMQPlatformReconcilerErrorHandler - [helmvolu] Pod 'test-hivemq-platform-0' condition 'PodReadyToStartContainers': True
2025-01-27 17:10:58,009 INFO c.h.h.t.HelmChartContainer - [hivemq-test-hivemq-platform] [hivemq-platform-operator] [10333020] 17:10:58.001 [ReconcilerExecutor-hivemq-controller-114] DEBUG c.h.p.o.h.HiveMQPlatformReconcilerErrorHandler - [helmvolu] Pod 'test-hivemq-platform-0' condition 'Initialized': True
2025-01-27 17:10:58,009 INFO c.h.h.t.HelmChartContainer - [hivemq-test-hivemq-platform] [hivemq-platform-operator] [10333020] 17:10:58.001 [ReconcilerExecutor-hivemq-controller-114] DEBUG c.h.p.o.h.HiveMQPlatformReconcilerErrorHandler - [helmvolu] Pod 'test-hivemq-platform-0' condition 'Ready': False
2025-01-27 17:10:58,009 INFO c.h.h.t.HelmChartContainer - [hivemq-test-hivemq-platform] [hivemq-platform-operator] [10333020] 17:10:58.001 [ReconcilerExecutor-hivemq-controller-114] DEBUG c.h.p.o.h.HiveMQPlatformReconcilerErrorHandler - [helmvolu] Pod 'test-hivemq-platform-0' condition 'ContainersReady': False
2025-01-27 17:10:58,009 INFO c.h.h.t.HelmChartContainer - [hivemq-test-hivemq-platform] [hivemq-platform-operator] [10333020] 17:10:58.001 [ReconcilerExecutor-hivemq-controller-114] DEBUG c.h.p.o.h.HiveMQPlatformReconcilerErrorHandler - [helmvolu] Pod 'test-hivemq-platform-0' condition 'PodScheduled': True
2025-01-27 17:10:58,009 INFO c.h.h.t.HelmChartContainer - [hivemq-test-hivemq-platform] [hivemq-platform-operator] [10333020] 17:10:58.001 [ReconcilerExecutor-hivemq-controller-114] DEBUG c.h.p.o.h.HiveMQPlatformReconcilerErrorHandler - [helmvolu] Pod 'test-hivemq-platform-0' containerStatus 'hivemq' (started: false) (ready: false) (waiting: [PodInitializing] null)
2025-01-27 17:10:58,009 INFO c.h.h.t.HelmChartContainer - [hivemq-test-hivemq-platform] [hivemq-platform-operator] [10333020] 17:10:58.001 [ReconcilerExecutor-hivemq-controller-114] DEBUG c.h.p.o.h.HiveMQPlatformReconcilerRollingRestartHandler - [helmvolu] Rolling restart is waiting for 2 of 3 replicas
2025-01-27 17:10:58,313 INFO c.h.h.t.HelmChartContainer - [K3S] [kubelet_volumes.go:163] "Cleaned up orphaned pod volumes dir" podUID="f4b534a4-8f84-4cd1-b208-fb8e8c9f53b8" path="/var/lib/kubelet/pods/f4b534a4-8f84-4cd1-b208-fb8e8c9f53b8/volumes"
2025-01-27 17:10:58,976 INFO c.h.h.t.HelmChartContainer - [POD] test-hivemq-platform-0 [86dc8b32-22f6-4751-bd55-12b284550ecb] in helmvolumeclaimtemplatesit was MODIFIED
2025-01-27 17:10:58,980 INFO c.h.h.t.HelmChartContainer - [hivemq-test-hivemq-platform] [hivemq-platform-operator] [10333020] 17:10:58.978 [pool-6-thread-21] DEBUG c.h.p.o.d.PlatformServiceResource - [helmvolu] Desired Platform services (3 services)
2025-01-27 17:10:58,981 INFO c.h.h.t.HelmChartContainer - [hivemq-test-hivemq-platform] [hivemq-platform-operator] [10333020] 17:10:58.979 [pool-6-thread-24] DEBUG c.h.p.o.dependants.PodInfoConfigMap - [helmvolu] Desired PodInfo ConfigMap (1 extensions) (1 enabled)
2025-01-27 17:10:58,983 INFO c.h.h.t.HelmChartContainer - [hivemq-test-hivemq-platform] [hivemq-platform-operator] [10333020] 17:10:58.981 [pool-6-thread-24] DEBUG c.h.p.o.dependants.PodInfoConfigMap - [helmvolu] Desired PodInfo ConfigMap (metrics port: 9399) (metrics path: /)
2025-01-27 17:10:58,983 INFO c.h.h.t.HelmChartContainer - [hivemq-test-hivemq-platform] [hivemq-platform-operator] [10333020] 17:10:58.982 [pool-6-thread-24] DEBUG c.h.p.o.dependants.PodInfoConfigMap - [helmvolu] Desired PodInfo ConfigMap (extension state hash: -1817474005)
2025-01-27 17:10:58,985 INFO c.h.h.t.HelmChartContainer - [hivemq-test-hivemq-platform] [hivemq-platform-operator] [10333020] 17:10:58.980 [pool-6-thread-30] DEBUG c.h.p.o.d.PodServiceAccountResource - [helmvolu] Desired PodServiceAccountResource (serviceAccountName: hivemq-platform-pod-test-hivemq-platform)
2025-01-27 17:10:58,985 INFO c.h.h.t.HelmChartContainer - Started log watcher for hivemq in pod test-hivemq-platform-0 [86dc8b32-22f6-4751-bd55-12b284550ecb]
2025-01-27 17:10:58,985 INFO c.h.h.t.HelmChartContainer - [EVENT] Normal [Started] Started container hivemq [helmvolumeclaimtemplatesit:test-hivemq-platform-0]
2025-01-27 17:10:58,985 INFO c.h.h.t.HelmChartContainer - Received Started event for container hivemq in pod test-hivemq-platform-0 [86dc8b32-22f6-4751-bd55-12b284550ecb]
2025-01-27 17:10:58,987 INFO c.h.h.t.HelmChartContainer - [test-hivemq-platform] [hivemq] [86dc8b32] Adding pre-installed HiveMQ Platform Operator extensions
2025-01-27 17:10:58,987 INFO c.h.h.t.HelmChartContainer - [test-hivemq-platform] [hivemq] [86dc8b32] Running as user 10000
2025-01-27 17:10:58,987 INFO c.h.h.t.HelmChartContainer - [test-hivemq-platform] [hivemq] [86dc8b32] Starting HiveMQ Platform Operator Init
2025-01-27 17:10:58,988 INFO c.h.h.t.HelmChartContainer - [hivemq-test-hivemq-platform] [hivemq-platform-operator] [10333020] 17:10:58.987 [pool-6-thread-26] DEBUG c.h.p.o.d.StatefulSetResource - [helmvolu] Desired StatefulSet (3 replicas) for status ROLLING_RESTART (RESTART_PODS_IN_PROGRESS)
2025-01-27 17:10:58,991 INFO c.h.h.t.HelmChartContainer - [hivemq-test-hivemq-platform] [hivemq-platform-operator] [10333020] 17:10:58.990 [ReconcilerExecutor-hivemq-controller-115] INFO  c.h.p.o.HiveMQPlatformReconciler - [helmvolu] Reconciling HiveMQ Platform 'test-hivemq-platform' in namespace 'helmvolumeclaimtemplatesit'
2025-01-27 17:10:58,991 INFO c.h.h.t.HelmChartContainer - [hivemq-test-hivemq-platform] [hivemq-platform-operator] [10333020] 17:10:58.990 [ReconcilerExecutor-hivemq-controller-115] DEBUG c.h.p.o.HiveMQPlatformReconciler - [helmvolu] Custom Resource Status ROLLING_RESTART - HiveMQ Platform is restarting Pods (rolling restart) (RESTART_PODS_IN_PROGRESS)
2025-01-27 17:10:58,992 INFO c.h.h.t.HelmChartContainer - [hivemq-test-hivemq-platform] [hivemq-platform-operator] [10333020] 17:10:58.990 [ReconcilerExecutor-hivemq-controller-115] DEBUG c.h.p.o.HiveMQPlatformReconciler - [helmvolu] Custom Resource Spec (replicas: 2) (extensions: 1)
2025-01-27 17:10:58,993 INFO c.h.h.t.HelmChartContainer - [hivemq-test-hivemq-platform] [hivemq-platform-operator] [10333020] 17:10:58.992 [ReconcilerExecutor-hivemq-controller-115] DEBUG c.h.p.o.HiveMQPlatformReconciler - [helmvolu] StatefulSet Status (revision: test-hivemq-platform-56957c7b74, replicas: 3, available: 2, ready: 2, current: 0, updated: 3)
2025-01-27 17:10:58,993 INFO c.h.h.t.HelmChartContainer - [hivemq-test-hivemq-platform] [hivemq-platform-operator] [10333020] 17:10:58.992 [ReconcilerExecutor-hivemq-controller-115] DEBUG c.h.p.o.HiveMQPlatformReconciler - [helmvolu] StatefulSet Spec (replicas: 3, init containers: 1, containers: 1, volumes: 4)
2025-01-27 17:10:58,996 INFO c.h.h.t.HelmChartContainer - [hivemq-test-hivemq-platform] [hivemq-platform-operator] [10333020] 17:10:58.993 [ReconcilerExecutor-hivemq-controller-115] DEBUG c.h.p.o.h.HiveMQPlatformReconcilerErrorHandler - [helmvolu] Pod 'test-hivemq-platform-2' phase Running
2025-01-27 17:10:58,996 INFO c.h.h.t.HelmChartContainer - [hivemq-test-hivemq-platform] [hivemq-platform-operator] [10333020] 17:10:58.994 [ReconcilerExecutor-hivemq-controller-115] DEBUG c.h.p.o.h.HiveMQPlatformReconcilerErrorHandler - [helmvolu] Pod 'test-hivemq-platform-1' phase Running
2025-01-27 17:10:58,996 INFO c.h.h.t.HelmChartContainer - [hivemq-test-hivemq-platform] [hivemq-platform-operator] [10333020] 17:10:58.995 [ReconcilerExecutor-hivemq-controller-115] DEBUG c.h.p.o.h.HiveMQPlatformReconcilerErrorHandler - [helmvolu] Pod 'test-hivemq-platform-0' phase Running
2025-01-27 17:10:58,997 INFO c.h.h.t.HelmChartContainer - [hivemq-test-hivemq-platform] [hivemq-platform-operator] [10333020] 17:10:58.995 [ReconcilerExecutor-hivemq-controller-115] DEBUG c.h.p.o.h.HiveMQPlatformReconcilerRollingRestartHandler - [helmvolu] Rolling restart is waiting for 2 of 3 replicas
2025-01-27 17:10:59,351 INFO c.h.h.t.HelmChartContainer - [test-hivemq-platform] [hivemq] [86dc8b32] INFO  - [HiveMQ Platform Operator Init 1.7.0-SNAPSHOT] HiveMQ Platform Operator Init 1.7.0-SNAPSHOT (commit: bebf408 on branch: HEAD) built on Sun Jan 26 20:47:47 UTC 2025
2025-01-27 17:11:00,463 INFO c.h.h.t.HelmChartContainer - [test-hivemq-platform] [hivemq] [86dc8b32] INFO  - [HiveMQ Platform Operator Init App 1.7.0-SNAPSHOT] Using bind address 10.42.0.16 from environment variable
2025-01-27 17:11:01,258 INFO c.h.h.t.HelmChartContainer - [test-hivemq-platform] [hivemq] [86dc8b32] INFO  - [HiveMQ Platform Operator Init App 1.7.0-SNAPSHOT] HiveMQ Platform Operator Init App 1.7.0-SNAPSHOT (commit: bebf408 on branch: HEAD) built on Sun Jan 26 20:47:47 UTC 2025
2025-01-27 17:11:01,258 INFO c.h.h.t.HelmChartContainer - [test-hivemq-platform] [hivemq] [86dc8b32] INFO  - [HiveMQ Platform Operator Init App 1.7.0-SNAPSHOT] PodInfo ConfigMap directory: /etc/podinfo
2025-01-27 17:11:01,258 INFO c.h.h.t.HelmChartContainer - [test-hivemq-platform] [hivemq] [86dc8b32] INFO  - [HiveMQ Platform Operator Init App 1.7.0-SNAPSHOT] HiveMQ home directory: /opt/hivemq
2025-01-27 17:11:01,258 INFO c.h.h.t.HelmChartContainer - [test-hivemq-platform] [hivemq] [86dc8b32] INFO  - [HiveMQ Platform Operator Init App 1.7.0-SNAPSHOT] HiveMQ Logback folder: /opt/hivemq/conf
2025-01-27 17:11:01,258 INFO c.h.h.t.HelmChartContainer - [test-hivemq-platform] [hivemq] [86dc8b32] INFO  - [HiveMQ Platform Operator Init App 1.7.0-SNAPSHOT] HiveMQ Config folder: /opt/hivemq/conf-k8s
2025-01-27 17:11:01,258 INFO c.h.h.t.HelmChartContainer - [test-hivemq-platform] [hivemq] [86dc8b32] INFO  - [HiveMQ Platform Operator Init App 1.7.0-SNAPSHOT] Starting HiveMQ Platform Operator Init App
2025-01-27 17:11:01,258 INFO c.h.h.t.HelmChartContainer - [test-hivemq-platform] [hivemq] [86dc8b32] INFO  - [HiveMQ Platform Operator Init App 1.7.0-SNAPSHOT] Starting Pod reconciler
2025-01-27 17:11:02,551 INFO c.h.h.t.HelmChartContainer - [test-hivemq-platform] [hivemq] [86dc8b32] INFO  - [HiveMQ Platform Operator Init App 1.7.0-SNAPSHOT] Pod reconciler is scheduled (interval: 5000 ms)
2025-01-27 17:11:02,552 INFO c.h.h.t.HelmChartContainer - [test-hivemq-platform] [hivemq] [86dc8b32] INFO  - [HiveMQ Platform Operator Init App 1.7.0-SNAPSHOT] Starting the REST API on 10.42.0.16:7979
2025-01-27 17:11:02,554 INFO c.h.h.t.HelmChartContainer - [test-hivemq-platform] [hivemq] [86dc8b32] INFO  - [HiveMQ Platform Operator Init App 1.7.0-SNAPSHOT] Waiting up to 600s for at most 3 HiveMQ nodes in cluster service hivemq-test-hivemq-platform-cluster.helmvolumeclaimtemplatesit.svc
2025-01-27 17:11:02,949 INFO c.h.h.t.HelmChartContainer - [test-hivemq-platform] [hivemq] [86dc8b32] INFO  - [HiveMQ Platform Operator Init App 1.7.0-SNAPSHOT] Resolved 3 IP addresses: [10.42.0.16, 10.42.0.15, 10.42.0.14]
2025-01-27 17:11:02,949 INFO c.h.h.t.HelmChartContainer - [test-hivemq-platform] [hivemq] [86dc8b32] INFO  - [HiveMQ Platform Operator Init App 1.7.0-SNAPSHOT] HiveMQ node count of 3 is within threshold of 3
2025-01-27 17:11:02,949 INFO c.h.h.t.HelmChartContainer - [test-hivemq-platform] [hivemq] [86dc8b32] INFO  - [HiveMQ Platform Operator Init App 1.7.0-SNAPSHOT] Waiting 15s for previous shutdown replication to finish...
2025-01-27 17:11:04,974 INFO c.h.h.t.HelmChartContainer - [test-hivemq-platform] [hivemq] [86dc8b32] INFO  - [HiveMQ Platform Operator Init App 1.7.0-SNAPSHOT] Returning default Health API response 503 for readiness
2025-01-27 17:11:05,060 INFO c.h.h.t.HelmChartContainer - [EVENT] Warning [Unhealthy] Readiness probe failed: HTTP probe failed with statuscode: 503 [helmvolumeclaimtemplatesit:test-hivemq-platform-0]
2025-01-27 17:11:05,060 INFO c.h.h.t.HelmChartContainer - Received Unhealthy event for container hivemq in pod test-hivemq-platform-0 [86dc8b32-22f6-4751-bd55-12b284550ecb]
2025-01-27 17:11:09,001 INFO c.h.h.t.HelmChartContainer - [hivemq-test-hivemq-platform] [hivemq-platform-operator] [10333020] 17:11:08.999 [pool-6-thread-38] DEBUG c.h.p.o.d.PodServiceAccountResource - [helmvolu] Desired PodServiceAccountResource (serviceAccountName: hivemq-platform-pod-test-hivemq-platform)
2025-01-27 17:11:09,001 INFO c.h.h.t.HelmChartContainer - [hivemq-test-hivemq-platform] [hivemq-platform-operator] [10333020] 17:11:08.998 [pool-6-thread-31] DEBUG c.h.p.o.d.PlatformServiceResource - [helmvolu] Desired Platform services (3 services)
2025-01-27 17:11:09,002 INFO c.h.h.t.HelmChartContainer - [hivemq-test-hivemq-platform] [hivemq-platform-operator] [10333020] 17:11:09.000 [pool-6-thread-37] DEBUG c.h.p.o.dependants.PodInfoConfigMap - [helmvolu] Desired PodInfo ConfigMap (1 extensions) (1 enabled)
2025-01-27 17:11:09,002 INFO c.h.h.t.HelmChartContainer - [hivemq-test-hivemq-platform] [hivemq-platform-operator] [10333020] 17:11:09.000 [pool-6-thread-37] DEBUG c.h.p.o.dependants.PodInfoConfigMap - [helmvolu] Desired PodInfo ConfigMap (metrics port: 9399) (metrics path: /)
2025-01-27 17:11:09,002 INFO c.h.h.t.HelmChartContainer - [hivemq-test-hivemq-platform] [hivemq-platform-operator] [10333020] 17:11:09.000 [pool-6-thread-37] DEBUG c.h.p.o.dependants.PodInfoConfigMap - [helmvolu] Desired PodInfo ConfigMap (extension state hash: -1817474005)
2025-01-27 17:11:09,003 INFO c.h.h.t.HelmChartContainer - [hivemq-test-hivemq-platform] [hivemq-platform-operator] [10333020] 17:11:09.003 [pool-6-thread-31] DEBUG c.h.p.o.d.StatefulSetResource - [helmvolu] Desired StatefulSet (3 replicas) for status ROLLING_RESTART (RESTART_PODS_IN_PROGRESS)
2025-01-27 17:11:09,006 INFO c.h.h.t.HelmChartContainer - [hivemq-test-hivemq-platform] [hivemq-platform-operator] [10333020] 17:11:09.005 [ReconcilerExecutor-hivemq-controller-116] INFO  c.h.p.o.HiveMQPlatformReconciler - [helmvolu] Reconciling HiveMQ Platform 'test-hivemq-platform' in namespace 'helmvolumeclaimtemplatesit'
2025-01-27 17:11:09,006 INFO c.h.h.t.HelmChartContainer - [hivemq-test-hivemq-platform] [hivemq-platform-operator] [10333020] 17:11:09.005 [ReconcilerExecutor-hivemq-controller-116] DEBUG c.h.p.o.HiveMQPlatformReconciler - [helmvolu] Custom Resource Status ROLLING_RESTART - HiveMQ Platform is restarting Pods (rolling restart) (RESTART_PODS_IN_PROGRESS)
2025-01-27 17:11:09,006 INFO c.h.h.t.HelmChartContainer - [hivemq-test-hivemq-platform] [hivemq-platform-operator] [10333020] 17:11:09.005 [ReconcilerExecutor-hivemq-controller-116] DEBUG c.h.p.o.HiveMQPlatformReconciler - [helmvolu] Custom Resource Spec (replicas: 2) (extensions: 1)
2025-01-27 17:11:09,008 INFO c.h.h.t.HelmChartContainer - [hivemq-test-hivemq-platform] [hivemq-platform-operator] [10333020] 17:11:09.006 [ReconcilerExecutor-hivemq-controller-116] DEBUG c.h.p.o.HiveMQPlatformReconciler - [helmvolu] StatefulSet Status (revision: test-hivemq-platform-56957c7b74, replicas: 3, available: 2, ready: 2, current: 0, updated: 3)
2025-01-27 17:11:09,008 INFO c.h.h.t.HelmChartContainer - [hivemq-test-hivemq-platform] [hivemq-platform-operator] [10333020] 17:11:09.006 [ReconcilerExecutor-hivemq-controller-116] DEBUG c.h.p.o.HiveMQPlatformReconciler - [helmvolu] StatefulSet Spec (replicas: 3, init containers: 1, containers: 1, volumes: 4)
2025-01-27 17:11:09,009 INFO c.h.h.t.HelmChartContainer - [hivemq-test-hivemq-platform] [hivemq-platform-operator] [10333020] 17:11:09.008 [ReconcilerExecutor-hivemq-controller-116] DEBUG c.h.p.o.h.HiveMQPlatformReconcilerErrorHandler - [helmvolu] Pod 'test-hivemq-platform-2' phase Running
2025-01-27 17:11:09,010 INFO c.h.h.t.HelmChartContainer - [hivemq-test-hivemq-platform] [hivemq-platform-operator] [10333020] 17:11:09.009 [ReconcilerExecutor-hivemq-controller-116] DEBUG c.h.p.o.h.HiveMQPlatformReconcilerErrorHandler - [helmvolu] Pod 'test-hivemq-platform-1' phase Running
2025-01-27 17:11:09,011 INFO c.h.h.t.HelmChartContainer - [hivemq-test-hivemq-platform] [hivemq-platform-operator] [10333020] 17:11:09.010 [ReconcilerExecutor-hivemq-controller-116] DEBUG c.h.p.o.h.HiveMQPlatformReconcilerErrorHandler - [helmvolu] Pod 'test-hivemq-platform-0' phase Running
2025-01-27 17:11:09,011 INFO c.h.h.t.HelmChartContainer - [hivemq-test-hivemq-platform] [hivemq-platform-operator] [10333020] 17:11:09.011 [ReconcilerExecutor-hivemq-controller-116] DEBUG c.h.p.o.h.HiveMQPlatformReconcilerRollingRestartHandler - [helmvolu] Rolling restart is waiting for 2 of 3 replicas
2025-01-27 17:11:10,055 INFO c.h.h.t.HelmChartContainer - [test-hivemq-platform] [hivemq] [86dc8b32] INFO  - [HiveMQ Platform Operator Init App 1.7.0-SNAPSHOT] Updating Pod HiveMQ Platform Operator Init App version annotation (version: 1.7.0-SNAPSHOT)
2025-01-27 17:11:10,058 INFO c.h.h.t.HelmChartContainer - [EVENT] Warning [Unhealthy] Readiness probe failed: HTTP probe failed with statuscode: 503 [helmvolumeclaimtemplatesit:test-hivemq-platform-0]
2025-01-27 17:11:10,058 INFO c.h.h.t.HelmChartContainer - Received Unhealthy event for container hivemq in pod test-hivemq-platform-0 [86dc8b32-22f6-4751-bd55-12b284550ecb]
2025-01-27 17:11:10,368 INFO c.h.h.t.HelmChartContainer - [POD] test-hivemq-platform-0 [86dc8b32-22f6-4751-bd55-12b284550ecb] in helmvolumeclaimtemplatesit was MODIFIED
2025-01-27 17:11:10,373 INFO c.h.h.t.HelmChartContainer - [hivemq-test-hivemq-platform] [hivemq-platform-operator] [10333020] 17:11:10.371 [pool-6-thread-41] DEBUG c.h.p.o.d.PlatformServiceResource - [helmvolu] Desired Platform services (3 services)
2025-01-27 17:11:10,374 INFO c.h.h.t.HelmChartContainer - [hivemq-test-hivemq-platform] [hivemq-platform-operator] [10333020] 17:11:10.372 [pool-6-thread-42] DEBUG c.h.p.o.d.PodServiceAccountResource - [helmvolu] Desired PodServiceAccountResource (serviceAccountName: hivemq-platform-pod-test-hivemq-platform)
2025-01-27 17:11:10,374 INFO c.h.h.t.HelmChartContainer - [hivemq-test-hivemq-platform] [hivemq-platform-operator] [10333020] 17:11:10.372 [pool-6-thread-50] DEBUG c.h.p.o.dependants.PodInfoConfigMap - [helmvolu] Desired PodInfo ConfigMap (1 extensions) (1 enabled)
2025-01-27 17:11:10,374 INFO c.h.h.t.HelmChartContainer - [hivemq-test-hivemq-platform] [hivemq-platform-operator] [10333020] 17:11:10.373 [pool-6-thread-50] DEBUG c.h.p.o.dependants.PodInfoConfigMap - [helmvolu] Desired PodInfo ConfigMap (metrics port: 9399) (metrics path: /)
2025-01-27 17:11:10,375 INFO c.h.h.t.HelmChartContainer - [hivemq-test-hivemq-platform] [hivemq-platform-operator] [10333020] 17:11:10.373 [pool-6-thread-50] DEBUG c.h.p.o.dependants.PodInfoConfigMap - [helmvolu] Desired PodInfo ConfigMap (extension state hash: -1817474005)
2025-01-27 17:11:10,380 INFO c.h.h.t.HelmChartContainer - [hivemq-test-hivemq-platform] [hivemq-platform-operator] [10333020] 17:11:10.377 [pool-6-thread-41] DEBUG c.h.p.o.d.StatefulSetResource - [helmvolu] Desired StatefulSet (3 replicas) for status ROLLING_RESTART (RESTART_PODS_IN_PROGRESS)
2025-01-27 17:11:10,381 INFO c.h.h.t.HelmChartContainer - [hivemq-test-hivemq-platform] [hivemq-platform-operator] [10333020] 17:11:10.379 [ReconcilerExecutor-hivemq-controller-117] INFO  c.h.p.o.HiveMQPlatformReconciler - [helmvolu] Reconciling HiveMQ Platform 'test-hivemq-platform' in namespace 'helmvolumeclaimtemplatesit'
2025-01-27 17:11:10,381 INFO c.h.h.t.HelmChartContainer - [hivemq-test-hivemq-platform] [hivemq-platform-operator] [10333020] 17:11:10.380 [ReconcilerExecutor-hivemq-controller-117] DEBUG c.h.p.o.HiveMQPlatformReconciler - [helmvolu] Custom Resource Status ROLLING_RESTART - HiveMQ Platform is restarting Pods (rolling restart) (RESTART_PODS_IN_PROGRESS)
2025-01-27 17:11:10,381 INFO c.h.h.t.HelmChartContainer - [hivemq-test-hivemq-platform] [hivemq-platform-operator] [10333020] 17:11:10.380 [ReconcilerExecutor-hivemq-controller-117] DEBUG c.h.p.o.HiveMQPlatformReconciler - [helmvolu] Custom Resource Spec (replicas: 2) (extensions: 1)
2025-01-27 17:11:10,383 INFO c.h.h.t.HelmChartContainer - [hivemq-test-hivemq-platform] [hivemq-platform-operator] [10333020] 17:11:10.383 [ReconcilerExecutor-hivemq-controller-117] DEBUG c.h.p.o.HiveMQPlatformReconciler - [helmvolu] StatefulSet Status (revision: test-hivemq-platform-56957c7b74, replicas: 3, available: 2, ready: 2, current: 0, updated: 3)
2025-01-27 17:11:10,384 INFO c.h.h.t.HelmChartContainer - [hivemq-test-hivemq-platform] [hivemq-platform-operator] [10333020] 17:11:10.384 [ReconcilerExecutor-hivemq-controller-117] DEBUG c.h.p.o.HiveMQPlatformReconciler - [helmvolu] StatefulSet Spec (replicas: 3, init containers: 1, containers: 1, volumes: 4)
2025-01-27 17:11:10,387 INFO c.h.h.t.HelmChartContainer - [hivemq-test-hivemq-platform] [hivemq-platform-operator] [10333020] 17:11:10.386 [ReconcilerExecutor-hivemq-controller-117] DEBUG c.h.p.o.h.HiveMQPlatformReconcilerErrorHandler - [helmvolu] Pod 'test-hivemq-platform-2' phase Running
2025-01-27 17:11:10,389 INFO c.h.h.t.HelmChartContainer - [hivemq-test-hivemq-platform] [hivemq-platform-operator] [10333020] 17:11:10.387 [ReconcilerExecutor-hivemq-controller-117] DEBUG c.h.p.o.h.HiveMQPlatformReconcilerErrorHandler - [helmvolu] Pod 'test-hivemq-platform-1' phase Running
2025-01-27 17:11:10,389 INFO c.h.h.t.HelmChartContainer - [hivemq-test-hivemq-platform] [hivemq-platform-operator] [10333020] 17:11:10.388 [ReconcilerExecutor-hivemq-controller-117] DEBUG c.h.p.o.h.HiveMQPlatformReconcilerErrorHandler - [helmvolu] Pod 'test-hivemq-platform-0' phase Running
2025-01-27 17:11:10,390 INFO c.h.h.t.HelmChartContainer - [hivemq-test-hivemq-platform] [hivemq-platform-operator] [10333020] 17:11:10.388 [ReconcilerExecutor-hivemq-controller-117] DEBUG c.h.p.o.h.HiveMQPlatformReconcilerRollingRestartHandler - [helmvolu] Rolling restart is waiting for 2 of 3 replicas
2025-01-27 17:11:10,450 INFO c.h.h.t.HelmChartContainer - [test-hivemq-platform] [hivemq] [86dc8b32] INFO  - [HiveMQ Platform Operator Init App 1.7.0-SNAPSHOT] Successfully updated Pod HiveMQ Platform Operator Init App version annotation (version: 1.7.0-SNAPSHOT)
2025-01-27 17:11:10,452 INFO c.h.h.t.HelmChartContainer - [EVENT] Warning [Unhealthy] Readiness probe failed: HTTP probe failed with statuscode: 503 [helmvolumeclaimtemplatesit:test-hivemq-platform-0]
2025-01-27 17:11:10,452 INFO c.h.h.t.HelmChartContainer - Received Unhealthy event for container hivemq in pod test-hivemq-platform-0 [86dc8b32-22f6-4751-bd55-12b284550ecb]
2025-01-27 17:11:15,373 INFO c.h.h.t.HelmChartContainer - [EVENT] Warning [Unhealthy] Readiness probe failed: HTTP probe failed with statuscode: 503 [helmvolumeclaimtemplatesit:test-hivemq-platform-0]
2025-01-27 17:11:15,373 INFO c.h.h.t.HelmChartContainer - Received Unhealthy event for container hivemq in pod test-hivemq-platform-0 [86dc8b32-22f6-4751-bd55-12b284550ecb]
2025-01-27 17:11:17,949 INFO c.h.h.t.HelmChartContainer - [test-hivemq-platform] [hivemq] [86dc8b32] INFO  - [HiveMQ Platform Operator Init App 1.7.0-SNAPSHOT] Proceeding with container start
2025-01-27 17:11:17,952 INFO c.h.h.t.HelmChartContainer - [test-hivemq-platform] [hivemq] [86dc8b32] INFO  - [HiveMQ Platform Operator Init App 1.7.0-SNAPSHOT] Initializing HiveMQ Platform extensions with initial configuration: {hivemq-allow-all-extension={start-priority=-1, skip-https-hostname-verification=false, restart=true, config-version=0, header-version=0, c-uri=, priority=-1, uri=preinstalled, skip-https-certificate-validation=false, enabled=true}, hivemq-prometheus-extension={priority=-1, start-priority=-1, c-uri=, skip-https-hostname-verification=false, skip-https-certificate-validation=false, uri=preinstalled, request-header-path=no-request-headers, enabled=true, restart=true}}
2025-01-27 17:11:18,361 INFO c.h.h.t.HelmChartContainer - [test-hivemq-platform] [hivemq] [86dc8b32] INFO  - [HiveMQ Platform Operator Init App 1.7.0-SNAPSHOT] Extension hivemq-allow-all-extension was already enabled
2025-01-27 17:11:18,455 INFO c.h.h.t.HelmChartContainer - [test-hivemq-platform] [hivemq] [86dc8b32] INFO  - [HiveMQ Platform Operator Init App 1.7.0-SNAPSHOT] Successfully enabled extension hivemq-prometheus-extension
2025-01-27 17:11:18,456 INFO c.h.h.t.HelmChartContainer - [test-hivemq-platform] [hivemq] [86dc8b32] INFO  - [HiveMQ Platform Operator Init App 1.7.0-SNAPSHOT] Starting HiveMQ Platform version 4.35.0 (4.35.0)
2025-01-27 17:11:18,457 INFO c.h.h.t.HelmChartContainer - [test-hivemq-platform] [hivemq] [86dc8b32] INFO  - [HiveMQ Platform Operator Init App 1.7.0-SNAPSHOT] Configuring the HiveMQ Platform
2025-01-27 17:11:18,466 INFO c.h.h.t.HelmChartContainer - [test-hivemq-platform] [hivemq] [86dc8b32] INFO  - [HiveMQ Platform Operator Init App 1.7.0-SNAPSHOT] Changed logback.xml file scan period to 20 seconds
2025-01-27 17:11:18,557 INFO c.h.h.t.HelmChartContainer - [test-hivemq-platform] [hivemq] [86dc8b32] INFO  - [HiveMQ Platform Operator Init App 1.7.0-SNAPSHOT] Starting the HiveMQ Platform
2025-01-27 17:11:18,560 INFO c.h.h.t.HelmChartContainer - [test-hivemq-platform] [hivemq] [86dc8b32] -------------------------------------------------------------------------
2025-01-27 17:11:18,560 INFO c.h.h.t.HelmChartContainer - [test-hivemq-platform] [hivemq] [86dc8b32] 
2025-01-27 17:11:18,560 INFO c.h.h.t.HelmChartContainer - [test-hivemq-platform] [hivemq] [86dc8b32]                   _    _  _              __  __   ____
2025-01-27 17:11:18,560 INFO c.h.h.t.HelmChartContainer - [test-hivemq-platform] [hivemq] [86dc8b32]                  | |  | |(_)            |  \/  | / __ \
2025-01-27 17:11:18,560 INFO c.h.h.t.HelmChartContainer - [test-hivemq-platform] [hivemq] [86dc8b32]                  | |__| | _ __   __ ___ | \  / || |  | |
2025-01-27 17:11:18,560 INFO c.h.h.t.HelmChartContainer - [test-hivemq-platform] [hivemq] [86dc8b32]                  |  __  || |\ \ / // _ \| |\/| || |  | |
2025-01-27 17:11:18,560 INFO c.h.h.t.HelmChartContainer - [test-hivemq-platform] [hivemq] [86dc8b32]                  | |  | || | \ V /|  __/| |  | || |__| |
2025-01-27 17:11:18,560 INFO c.h.h.t.HelmChartContainer - [test-hivemq-platform] [hivemq] [86dc8b32]                  |_|  |_||_|  \_/  \___||_|  |_| \___\_\
2025-01-27 17:11:18,560 INFO c.h.h.t.HelmChartContainer - [test-hivemq-platform] [hivemq] [86dc8b32] 
2025-01-27 17:11:18,560 INFO c.h.h.t.HelmChartContainer - [test-hivemq-platform] [hivemq] [86dc8b32] -------------------------------------------------------------------------
2025-01-27 17:11:18,560 INFO c.h.h.t.HelmChartContainer - [test-hivemq-platform] [hivemq] [86dc8b32] 
2025-01-27 17:11:18,560 INFO c.h.h.t.HelmChartContainer - [test-hivemq-platform] [hivemq] [86dc8b32]   HiveMQ Start Script for Linux/Unix v1.14
2025-01-27 17:11:18,560 INFO c.h.h.t.HelmChartContainer - [test-hivemq-platform] [hivemq] [86dc8b32] 
2025-01-27 17:11:18,662 INFO c.h.h.t.HelmChartContainer - [test-hivemq-platform] [hivemq] [86dc8b32] -------------------------------------------------------------------------
2025-01-27 17:11:18,663 INFO c.h.h.t.HelmChartContainer - [test-hivemq-platform] [hivemq] [86dc8b32] 
2025-01-27 17:11:18,663 INFO c.h.h.t.HelmChartContainer - [test-hivemq-platform] [hivemq] [86dc8b32]   HIVEMQ_HOME: /opt/hivemq
2025-01-27 17:11:18,663 INFO c.h.h.t.HelmChartContainer - [test-hivemq-platform] [hivemq] [86dc8b32] 
2025-01-27 17:11:18,663 INFO c.h.h.t.HelmChartContainer - [test-hivemq-platform] [hivemq] [86dc8b32]   JAVA_OPTS: -XX:+UnlockExperimentalVMOptions -XX:InitialRAMPercentage=50 -XX:MaxRAMPercentage=50 -Djava.net.preferIPv4Stack=true --add-opens java.base/java.lang=ALL-UNNAMED --add-opens java.base/java.nio=ALL-UNNAMED --add-opens java.base/sun.nio.ch=ALL-UNNAMED --add-opens jdk.management/com.sun.management.internal=ALL-UNNAMED --add-exports java.base/jdk.internal.misc=ALL-UNNAMED -Djava.security.egd=file:/dev/./urandom -Dcom.sun.management.jmxremote -Dcom.sun.management.jmxremote.port=9010 -Dcom.sun.management.jmxremote.local.only=false -Dcom.sun.management.jmxremote.authenticate=false -Dcom.sun.management.jmxremote.ssl=false -Duser.language=en -Duser.region=US -XX:+CrashOnOutOfMemoryError -XX:+HeapDumpOnOutOfMemoryError
2025-01-27 17:11:18,663 INFO c.h.h.t.HelmChartContainer - [test-hivemq-platform] [hivemq] [86dc8b32] 
2025-01-27 17:11:18,663 INFO c.h.h.t.HelmChartContainer - [test-hivemq-platform] [hivemq] [86dc8b32]   JAVA_VERSION: 21
2025-01-27 17:11:18,663 INFO c.h.h.t.HelmChartContainer - [test-hivemq-platform] [hivemq] [86dc8b32] 
2025-01-27 17:11:18,663 INFO c.h.h.t.HelmChartContainer - [test-hivemq-platform] [hivemq] [86dc8b32] -------------------------------------------------------------------------
2025-01-27 17:11:18,663 INFO c.h.h.t.HelmChartContainer - [test-hivemq-platform] [hivemq] [86dc8b32] 
2025-01-27 17:11:20,394 INFO c.h.h.t.HelmChartContainer - [hivemq-test-hivemq-platform] [hivemq-platform-operator] [10333020] 17:11:20.392 [pool-6-thread-4] DEBUG c.h.p.o.d.PlatformServiceResource - [helmvolu] Desired Platform services (3 services)
2025-01-27 17:11:20,394 INFO c.h.h.t.HelmChartContainer - [hivemq-test-hivemq-platform] [hivemq-platform-operator] [10333020] 17:11:20.392 [pool-6-thread-7] DEBUG c.h.p.o.dependants.PodInfoConfigMap - [helmvolu] Desired PodInfo ConfigMap (1 extensions) (1 enabled)
2025-01-27 17:11:20,394 INFO c.h.h.t.HelmChartContainer - [hivemq-test-hivemq-platform] [hivemq-platform-operator] [10333020] 17:11:20.392 [pool-6-thread-7] DEBUG c.h.p.o.dependants.PodInfoConfigMap - [helmvolu] Desired PodInfo ConfigMap (metrics port: 9399) (metrics path: /)
2025-01-27 17:11:20,394 INFO c.h.h.t.HelmChartContainer - [hivemq-test-hivemq-platform] [hivemq-platform-operator] [10333020] 17:11:20.392 [pool-6-thread-7] DEBUG c.h.p.o.dependants.PodInfoConfigMap - [helmvolu] Desired PodInfo ConfigMap (extension state hash: -1817474005)
2025-01-27 17:11:20,394 INFO c.h.h.t.HelmChartContainer - [hivemq-test-hivemq-platform] [hivemq-platform-operator] [10333020] 17:11:20.393 [pool-6-thread-7] DEBUG c.h.p.o.d.PodServiceAccountResource - [helmvolu] Desired PodServiceAccountResource (serviceAccountName: hivemq-platform-pod-test-hivemq-platform)
2025-01-27 17:11:20,396 INFO c.h.h.t.HelmChartContainer - [hivemq-test-hivemq-platform] [hivemq-platform-operator] [10333020] 17:11:20.395 [pool-6-thread-4] DEBUG c.h.p.o.d.StatefulSetResource - [helmvolu] Desired StatefulSet (3 replicas) for status ROLLING_RESTART (RESTART_PODS_IN_PROGRESS)
2025-01-27 17:11:20,398 INFO c.h.h.t.HelmChartContainer - [hivemq-test-hivemq-platform] [hivemq-platform-operator] [10333020] 17:11:20.397 [ReconcilerExecutor-hivemq-controller-118] INFO  c.h.p.o.HiveMQPlatformReconciler - [helmvolu] Reconciling HiveMQ Platform 'test-hivemq-platform' in namespace 'helmvolumeclaimtemplatesit'
2025-01-27 17:11:20,398 INFO c.h.h.t.HelmChartContainer - [hivemq-test-hivemq-platform] [hivemq-platform-operator] [10333020] 17:11:20.397 [ReconcilerExecutor-hivemq-controller-118] DEBUG c.h.p.o.HiveMQPlatformReconciler - [helmvolu] Custom Resource Status ROLLING_RESTART - HiveMQ Platform is restarting Pods (rolling restart) (RESTART_PODS_IN_PROGRESS)
2025-01-27 17:11:20,399 INFO c.h.h.t.HelmChartContainer - [hivemq-test-hivemq-platform] [hivemq-platform-operator] [10333020] 17:11:20.398 [ReconcilerExecutor-hivemq-controller-118] DEBUG c.h.p.o.HiveMQPlatformReconciler - [helmvolu] Custom Resource Spec (replicas: 2) (extensions: 1)
2025-01-27 17:11:20,400 INFO c.h.h.t.HelmChartContainer - [hivemq-test-hivemq-platform] [hivemq-platform-operator] [10333020] 17:11:20.399 [ReconcilerExecutor-hivemq-controller-118] DEBUG c.h.p.o.HiveMQPlatformReconciler - [helmvolu] StatefulSet Status (revision: test-hivemq-platform-56957c7b74, replicas: 3, available: 2, ready: 2, current: 0, updated: 3)
2025-01-27 17:11:20,400 INFO c.h.h.t.HelmChartContainer - [hivemq-test-hivemq-platform] [hivemq-platform-operator] [10333020] 17:11:20.399 [ReconcilerExecutor-hivemq-controller-118] DEBUG c.h.p.o.HiveMQPlatformReconciler - [helmvolu] StatefulSet Spec (replicas: 3, init containers: 1, containers: 1, volumes: 4)
2025-01-27 17:11:20,401 INFO c.h.h.t.HelmChartContainer - [hivemq-test-hivemq-platform] [hivemq-platform-operator] [10333020] 17:11:20.401 [ReconcilerExecutor-hivemq-controller-118] DEBUG c.h.p.o.h.HiveMQPlatformReconcilerErrorHandler - [helmvolu] Pod 'test-hivemq-platform-2' phase Running
2025-01-27 17:11:20,402 INFO c.h.h.t.HelmChartContainer - [hivemq-test-hivemq-platform] [hivemq-platform-operator] [10333020] 17:11:20.402 [ReconcilerExecutor-hivemq-controller-118] DEBUG c.h.p.o.h.HiveMQPlatformReconcilerErrorHandler - [helmvolu] Pod 'test-hivemq-platform-1' phase Running
2025-01-27 17:11:20,403 INFO c.h.h.t.HelmChartContainer - [hivemq-test-hivemq-platform] [hivemq-platform-operator] [10333020] 17:11:20.403 [ReconcilerExecutor-hivemq-controller-118] DEBUG c.h.p.o.h.HiveMQPlatformReconcilerErrorHandler - [helmvolu] Pod 'test-hivemq-platform-0' phase Running
2025-01-27 17:11:20,404 INFO c.h.h.t.HelmChartContainer - [hivemq-test-hivemq-platform] [hivemq-platform-operator] [10333020] 17:11:20.403 [ReconcilerExecutor-hivemq-controller-118] DEBUG c.h.p.o.h.HiveMQPlatformReconcilerRollingRestartHandler - [helmvolu] Rolling restart is waiting for 2 of 3 replicas
2025-01-27 17:11:20,454 INFO c.h.h.t.HelmChartContainer - [EVENT] Warning [Unhealthy] Readiness probe failed: HTTP probe failed with statuscode: 503 [helmvolumeclaimtemplatesit:test-hivemq-platform-0]
2025-01-27 17:11:20,454 INFO c.h.h.t.HelmChartContainer - Received Unhealthy event for container hivemq in pod test-hivemq-platform-0 [86dc8b32-22f6-4751-bd55-12b284550ecb]
2025-01-27 17:11:21,153 INFO c.h.h.t.HelmChartContainer - [test-hivemq-platform] [hivemq] [86dc8b32] INFO  - Starting HiveMQ Enterprise Server
2025-01-27 17:11:21,159 INFO c.h.h.t.HelmChartContainer - [test-hivemq-platform] [hivemq] [86dc8b32] INFO  - HiveMQ version: 4.35.0
2025-01-27 17:11:21,159 INFO c.h.h.t.HelmChartContainer - [test-hivemq-platform] [hivemq] [86dc8b32] INFO  - HiveMQ home directory: /opt/hivemq
2025-01-27 17:11:21,159 INFO c.h.h.t.HelmChartContainer - [test-hivemq-platform] [hivemq] [86dc8b32] INFO  - Log Configuration was overridden by /opt/hivemq/conf/logback.xml
2025-01-27 17:11:22,461 INFO c.h.h.t.HelmChartContainer - [test-hivemq-platform] [hivemq] [86dc8b32] INFO  - Successfully loaded configuration from '/opt/hivemq/conf-k8s/config.xml'.
2025-01-27 17:11:22,754 INFO c.h.h.t.HelmChartContainer - [test-hivemq-platform] [hivemq] [86dc8b32] INFO  - This node's ID is 1MI9o
2025-01-27 17:11:22,971 INFO c.h.h.t.HelmChartContainer - [test-hivemq-platform] [hivemq] [86dc8b32] INFO  - Clustering is enabled
2025-01-27 17:11:25,653 INFO c.h.h.t.HelmChartContainer - [test-hivemq-platform] [hivemq] [86dc8b32] WARN  - [HiveMQ Platform Operator Init App 1.7.0-SNAPSHOT] Cannot connect to Health API for readiness: null
2025-01-27 17:11:25,659 INFO c.h.h.t.HelmChartContainer - [EVENT] Warning [Unhealthy] Readiness probe failed: HTTP probe failed with statuscode: 503 [helmvolumeclaimtemplatesit:test-hivemq-platform-0]
2025-01-27 17:11:25,659 INFO c.h.h.t.HelmChartContainer - Received Unhealthy event for container hivemq in pod test-hivemq-platform-0 [86dc8b32-22f6-4751-bd55-12b284550ecb]
2025-01-27 17:11:27,351 INFO c.h.h.t.HelmChartContainer - [test-hivemq-platform] [hivemq] [86dc8b32] WARN  - [HiveMQ Platform Operator Init App 1.7.0-SNAPSHOT] Cannot connect to Health API for liveness: null
2025-01-27 17:11:27,351 INFO c.h.h.t.HelmChartContainer - [test-hivemq-platform] [hivemq] [86dc8b32] INFO  - [HiveMQ Platform Operator Init App 1.7.0-SNAPSHOT] Returning default Health API response 200 for liveness
2025-01-27 17:11:30,407 INFO c.h.h.t.HelmChartContainer - [hivemq-test-hivemq-platform] [hivemq-platform-operator] [10333020] 17:11:30.405 [pool-6-thread-20] DEBUG c.h.p.o.d.PlatformServiceResource - [helmvolu] Desired Platform services (3 services)
2025-01-27 17:11:30,408 INFO c.h.h.t.HelmChartContainer - [hivemq-test-hivemq-platform] [hivemq-platform-operator] [10333020] 17:11:30.406 [pool-6-thread-17] DEBUG c.h.p.o.d.PodServiceAccountResource - [helmvolu] Desired PodServiceAccountResource (serviceAccountName: hivemq-platform-pod-test-hivemq-platform)
2025-01-27 17:11:30,408 INFO c.h.h.t.HelmChartContainer - [hivemq-test-hivemq-platform] [hivemq-platform-operator] [10333020] 17:11:30.407 [pool-6-thread-11] DEBUG c.h.p.o.dependants.PodInfoConfigMap - [helmvolu] Desired PodInfo ConfigMap (1 extensions) (1 enabled)
2025-01-27 17:11:30,409 INFO c.h.h.t.HelmChartContainer - [hivemq-test-hivemq-platform] [hivemq-platform-operator] [10333020] 17:11:30.407 [pool-6-thread-11] DEBUG c.h.p.o.dependants.PodInfoConfigMap - [helmvolu] Desired PodInfo ConfigMap (metrics port: 9399) (metrics path: /)
2025-01-27 17:11:30,409 INFO c.h.h.t.HelmChartContainer - [hivemq-test-hivemq-platform] [hivemq-platform-operator] [10333020] 17:11:30.407 [pool-6-thread-11] DEBUG c.h.p.o.dependants.PodInfoConfigMap - [helmvolu] Desired PodInfo ConfigMap (extension state hash: -1817474005)
2025-01-27 17:11:30,411 INFO c.h.h.t.HelmChartContainer - [hivemq-test-hivemq-platform] [hivemq-platform-operator] [10333020] 17:11:30.409 [pool-6-thread-11] DEBUG c.h.p.o.d.StatefulSetResource - [helmvolu] Desired StatefulSet (3 replicas) for status ROLLING_RESTART (RESTART_PODS_IN_PROGRESS)
2025-01-27 17:11:30,412 INFO c.h.h.t.HelmChartContainer - [hivemq-test-hivemq-platform] [hivemq-platform-operator] [10333020] 17:11:30.412 [ReconcilerExecutor-hivemq-controller-119] INFO  c.h.p.o.HiveMQPlatformReconciler - [helmvolu] Reconciling HiveMQ Platform 'test-hivemq-platform' in namespace 'helmvolumeclaimtemplatesit'
2025-01-27 17:11:30,412 INFO c.h.h.t.HelmChartContainer - [hivemq-test-hivemq-platform] [hivemq-platform-operator] [10333020] 17:11:30.412 [ReconcilerExecutor-hivemq-controller-119] DEBUG c.h.p.o.HiveMQPlatformReconciler - [helmvolu] Custom Resource Status ROLLING_RESTART - HiveMQ Platform is restarting Pods (rolling restart) (RESTART_PODS_IN_PROGRESS)
2025-01-27 17:11:30,412 INFO c.h.h.t.HelmChartContainer - [hivemq-test-hivemq-platform] [hivemq-platform-operator] [10333020] 17:11:30.412 [ReconcilerExecutor-hivemq-controller-119] DEBUG c.h.p.o.HiveMQPlatformReconciler - [helmvolu] Custom Resource Spec (replicas: 2) (extensions: 1)
2025-01-27 17:11:30,415 INFO c.h.h.t.HelmChartContainer - [hivemq-test-hivemq-platform] [hivemq-platform-operator] [10333020] 17:11:30.413 [ReconcilerExecutor-hivemq-controller-119] DEBUG c.h.p.o.HiveMQPlatformReconciler - [helmvolu] StatefulSet Status (revision: test-hivemq-platform-56957c7b74, replicas: 3, available: 2, ready: 2, current: 0, updated: 3)
2025-01-27 17:11:30,415 INFO c.h.h.t.HelmChartContainer - [hivemq-test-hivemq-platform] [hivemq-platform-operator] [10333020] 17:11:30.413 [ReconcilerExecutor-hivemq-controller-119] DEBUG c.h.p.o.HiveMQPlatformReconciler - [helmvolu] StatefulSet Spec (replicas: 3, init containers: 1, containers: 1, volumes: 4)
2025-01-27 17:11:30,418 INFO c.h.h.t.HelmChartContainer - [hivemq-test-hivemq-platform] [hivemq-platform-operator] [10333020] 17:11:30.416 [ReconcilerExecutor-hivemq-controller-119] DEBUG c.h.p.o.h.HiveMQPlatformReconcilerErrorHandler - [helmvolu] Pod 'test-hivemq-platform-2' phase Running
2025-01-27 17:11:30,419 INFO c.h.h.t.HelmChartContainer - [hivemq-test-hivemq-platform] [hivemq-platform-operator] [10333020] 17:11:30.417 [ReconcilerExecutor-hivemq-controller-119] DEBUG c.h.p.o.h.HiveMQPlatformReconcilerErrorHandler - [helmvolu] Pod 'test-hivemq-platform-1' phase Running
2025-01-27 17:11:30,419 INFO c.h.h.t.HelmChartContainer - [hivemq-test-hivemq-platform] [hivemq-platform-operator] [10333020] 17:11:30.418 [ReconcilerExecutor-hivemq-controller-119] DEBUG c.h.p.o.h.HiveMQPlatformReconcilerErrorHandler - [helmvolu] Pod 'test-hivemq-platform-0' phase Running
2025-01-27 17:11:30,419 INFO c.h.h.t.HelmChartContainer - [hivemq-test-hivemq-platform] [hivemq-platform-operator] [10333020] 17:11:30.418 [ReconcilerExecutor-hivemq-controller-119] DEBUG c.h.p.o.h.HiveMQPlatformReconcilerRollingRestartHandler - [helmvolu] Rolling restart is waiting for 2 of 3 replicas
2025-01-27 17:11:30,452 INFO c.h.h.t.HelmChartContainer - [test-hivemq-platform] [hivemq] [86dc8b32] WARN  - [HiveMQ Platform Operator Init App 1.7.0-SNAPSHOT] Cannot connect to Health API for readiness: null
2025-01-27 17:11:30,457 INFO c.h.h.t.HelmChartContainer - [EVENT] Warning [Unhealthy] Readiness probe failed: HTTP probe failed with statuscode: 503 [helmvolumeclaimtemplatesit:test-hivemq-platform-0]
2025-01-27 17:11:30,457 INFO c.h.h.t.HelmChartContainer - Received Unhealthy event for container hivemq in pod test-hivemq-platform-0 [86dc8b32-22f6-4751-bd55-12b284550ecb]
2025-01-27 17:11:35,448 INFO c.h.h.t.HelmChartContainer - [test-hivemq-platform] [hivemq] [86dc8b32] WARN  - [HiveMQ Platform Operator Init App 1.7.0-SNAPSHOT] Cannot connect to Health API for readiness: null
2025-01-27 17:11:35,454 INFO c.h.h.t.HelmChartContainer - [EVENT] Warning [Unhealthy] Readiness probe failed: HTTP probe failed with statuscode: 503 [helmvolumeclaimtemplatesit:test-hivemq-platform-0]
2025-01-27 17:11:35,454 INFO c.h.h.t.HelmChartContainer - Received Unhealthy event for container hivemq in pod test-hivemq-platform-0 [86dc8b32-22f6-4751-bd55-12b284550ecb]
2025-01-27 17:11:36,058 INFO c.h.h.t.HelmChartContainer - [test-hivemq-platform] [hivemq] [86dc8b32] INFO  - No valid license file found. Using trial license, restricted to 25 connections.
2025-01-27 17:11:38,364 INFO c.h.h.t.HelmChartContainer - [test-hivemq-platform] [hivemq] [86dc8b32] INFO  - No valid license file for Data Hub found. Using free license, restricted to 1 policy.
2025-01-27 17:11:39,261 INFO c.h.h.t.HelmChartContainer - [test-hivemq-platform] [hivemq] [86dc8b32] INFO  - Audit Logger started.
2025-01-27 17:11:39,581 INFO c.h.h.t.HelmChartContainer - [test-hivemq-platform] [hivemq] [86dc8b32] INFO  - This node uses '1' CPU cores.
2025-01-27 17:11:39,649 INFO c.h.h.t.HelmChartContainer - [test-hivemq-platform] [hivemq] [86dc8b32] INFO  - Starting HiveMQ Health API on address 0.0.0.0 and port 8889
2025-01-27 17:11:40,422 INFO c.h.h.t.HelmChartContainer - [hivemq-test-hivemq-platform] [hivemq-platform-operator] [10333020] 17:11:40.420 [pool-6-thread-29] DEBUG c.h.p.o.d.PodServiceAccountResource - [helmvolu] Desired PodServiceAccountResource (serviceAccountName: hivemq-platform-pod-test-hivemq-platform)
2025-01-27 17:11:40,422 INFO c.h.h.t.HelmChartContainer - [hivemq-test-hivemq-platform] [hivemq-platform-operator] [10333020] 17:11:40.420 [pool-6-thread-23] DEBUG c.h.p.o.dependants.PodInfoConfigMap - [helmvolu] Desired PodInfo ConfigMap (1 extensions) (1 enabled)
2025-01-27 17:11:40,422 INFO c.h.h.t.HelmChartContainer - [hivemq-test-hivemq-platform] [hivemq-platform-operator] [10333020] 17:11:40.420 [pool-6-thread-23] DEBUG c.h.p.o.dependants.PodInfoConfigMap - [helmvolu] Desired PodInfo ConfigMap (metrics port: 9399) (metrics path: /)
2025-01-27 17:11:40,422 INFO c.h.h.t.HelmChartContainer - [hivemq-test-hivemq-platform] [hivemq-platform-operator] [10333020] 17:11:40.420 [pool-6-thread-23] DEBUG c.h.p.o.dependants.PodInfoConfigMap - [helmvolu] Desired PodInfo ConfigMap (extension state hash: -1817474005)
2025-01-27 17:11:40,422 INFO c.h.h.t.HelmChartContainer - [hivemq-test-hivemq-platform] [hivemq-platform-operator] [10333020] 17:11:40.421 [pool-6-thread-25] DEBUG c.h.p.o.d.PlatformServiceResource - [helmvolu] Desired Platform services (3 services)
2025-01-27 17:11:40,424 INFO c.h.h.t.HelmChartContainer - [hivemq-test-hivemq-platform] [hivemq-platform-operator] [10333020] 17:11:40.424 [pool-6-thread-25] DEBUG c.h.p.o.d.StatefulSetResource - [helmvolu] Desired StatefulSet (3 replicas) for status ROLLING_RESTART (RESTART_PODS_IN_PROGRESS)
2025-01-27 17:11:40,427 INFO c.h.h.t.HelmChartContainer - [hivemq-test-hivemq-platform] [hivemq-platform-operator] [10333020] 17:11:40.426 [ReconcilerExecutor-hivemq-controller-120] INFO  c.h.p.o.HiveMQPlatformReconciler - [helmvolu] Reconciling HiveMQ Platform 'test-hivemq-platform' in namespace 'helmvolumeclaimtemplatesit'
2025-01-27 17:11:40,427 INFO c.h.h.t.HelmChartContainer - [hivemq-test-hivemq-platform] [hivemq-platform-operator] [10333020] 17:11:40.426 [ReconcilerExecutor-hivemq-controller-120] DEBUG c.h.p.o.HiveMQPlatformReconciler - [helmvolu] Custom Resource Status ROLLING_RESTART - HiveMQ Platform is restarting Pods (rolling restart) (RESTART_PODS_IN_PROGRESS)
2025-01-27 17:11:40,427 INFO c.h.h.t.HelmChartContainer - [hivemq-test-hivemq-platform] [hivemq-platform-operator] [10333020] 17:11:40.426 [ReconcilerExecutor-hivemq-controller-120] DEBUG c.h.p.o.HiveMQPlatformReconciler - [helmvolu] Custom Resource Spec (replicas: 2) (extensions: 1)
2025-01-27 17:11:40,427 INFO c.h.h.t.HelmChartContainer - [hivemq-test-hivemq-platform] [hivemq-platform-operator] [10333020] 17:11:40.427 [ReconcilerExecutor-hivemq-controller-120] DEBUG c.h.p.o.HiveMQPlatformReconciler - [helmvolu] StatefulSet Status (revision: test-hivemq-platform-56957c7b74, replicas: 3, available: 2, ready: 2, current: 0, updated: 3)
2025-01-27 17:11:40,427 INFO c.h.h.t.HelmChartContainer - [hivemq-test-hivemq-platform] [hivemq-platform-operator] [10333020] 17:11:40.427 [ReconcilerExecutor-hivemq-controller-120] DEBUG c.h.p.o.HiveMQPlatformReconciler - [helmvolu] StatefulSet Spec (replicas: 3, init containers: 1, containers: 1, volumes: 4)
2025-01-27 17:11:40,429 INFO c.h.h.t.HelmChartContainer - [hivemq-test-hivemq-platform] [hivemq-platform-operator] [10333020] 17:11:40.428 [ReconcilerExecutor-hivemq-controller-120] DEBUG c.h.p.o.h.HiveMQPlatformReconcilerErrorHandler - [helmvolu] Pod 'test-hivemq-platform-2' phase Running
2025-01-27 17:11:40,429 INFO c.h.h.t.HelmChartContainer - [hivemq-test-hivemq-platform] [hivemq-platform-operator] [10333020] 17:11:40.429 [ReconcilerExecutor-hivemq-controller-120] DEBUG c.h.p.o.h.HiveMQPlatformReconcilerErrorHandler - [helmvolu] Pod 'test-hivemq-platform-1' phase Running
2025-01-27 17:11:40,431 INFO c.h.h.t.HelmChartContainer - [hivemq-test-hivemq-platform] [hivemq-platform-operator] [10333020] 17:11:40.429 [ReconcilerExecutor-hivemq-controller-120] DEBUG c.h.p.o.h.HiveMQPlatformReconcilerErrorHandler - [helmvolu] Pod 'test-hivemq-platform-0' phase Running
2025-01-27 17:11:40,431 INFO c.h.h.t.HelmChartContainer - [hivemq-test-hivemq-platform] [hivemq-platform-operator] [10333020] 17:11:40.430 [ReconcilerExecutor-hivemq-controller-120] DEBUG c.h.p.o.h.HiveMQPlatformReconcilerRollingRestartHandler - [helmvolu] Rolling restart is waiting for 2 of 3 replicas
2025-01-27 17:11:40,452 INFO c.h.h.t.HelmChartContainer - [test-hivemq-platform] [hivemq] [86dc8b32] INFO  - Started HiveMQ Health API in 802ms
2025-01-27 17:11:40,457 INFO c.h.h.t.HelmChartContainer - [test-hivemq-platform] [hivemq] [86dc8b32] INFO  - Starting HiveMQ extension system.
2025-01-27 17:11:41,049 INFO c.h.h.t.HelmChartContainer - [test-hivemq-platform] [hivemq] [86dc8b32] INFO  - Starting extension with id "hivemq-dns-cluster-discovery" at /opt/hivemq/extensions/hivemq-dns-cluster-discovery
2025-01-27 17:11:41,413 INFO c.h.h.t.HelmChartContainer - [EVENT] Warning [Unhealthy] Readiness probe failed: Get "http://10.42.0.16:7979/readiness": context deadline exceeded (Client.Timeout exceeded while awaiting headers) [helmvolumeclaimtemplatesit:test-hivemq-platform-0]
2025-01-27 17:11:41,413 INFO c.h.h.t.HelmChartContainer - Received Unhealthy event for container hivemq in pod test-hivemq-platform-0 [86dc8b32-22f6-4751-bd55-12b284550ecb]
2025-01-27 17:11:41,553 INFO c.h.h.t.HelmChartContainer - [test-hivemq-platform] [hivemq] [86dc8b32] INFO  - [HiveMQ Platform Operator Init App 1.7.0-SNAPSHOT] Returning Health API response 503 for readiness
2025-01-27 17:11:41,855 INFO c.h.h.t.HelmChartContainer - [test-hivemq-platform] [hivemq] [86dc8b32] INFO  - Using TCP cluster transport on address 10.42.0.16 and port 7000
2025-01-27 17:11:41,855 INFO c.h.h.t.HelmChartContainer - [test-hivemq-platform] [hivemq] [86dc8b32] INFO  - Extension "DNS Cluster Discovery Extension" version 4.3.2 started successfully.
2025-01-27 17:11:41,855 INFO c.h.h.t.HelmChartContainer - [test-hivemq-platform] [hivemq] [86dc8b32] INFO  - Starting extension with id "hivemq-prometheus-extension" at /opt/hivemq/extensions/hivemq-prometheus-extension
2025-01-27 17:11:41,858 INFO c.h.h.t.HelmChartContainer - [test-hivemq-platform] [hivemq] [86dc8b32] INFO  - Using extension cluster discovery
2025-01-27 17:11:43,130 INFO c.h.h.t.HelmChartContainer - [test-hivemq-platform] [hivemq] [86dc8b32] INFO  - Started Jetty Server exposing Prometheus Servlet on URI http://0.0.0.0:9399/
2025-01-27 17:11:43,131 INFO c.h.h.t.HelmChartContainer - [test-hivemq-platform] [hivemq] [86dc8b32] INFO  - Extension "Prometheus Monitoring Extension" version 4.0.12 started successfully.
2025-01-27 17:11:43,131 INFO c.h.h.t.HelmChartContainer - [test-hivemq-platform] [hivemq] [86dc8b32] INFO  - Starting extension with id "hivemq-allow-all-extension" at /opt/hivemq/extensions/hivemq-allow-all-extension
2025-01-27 17:11:43,131 INFO c.h.h.t.HelmChartContainer - [test-hivemq-platform] [hivemq] [86dc8b32] WARN  - 
2025-01-27 17:11:43,131 INFO c.h.h.t.HelmChartContainer - [test-hivemq-platform] [hivemq] [86dc8b32] ################################################################################################################
2025-01-27 17:11:43,131 INFO c.h.h.t.HelmChartContainer - [test-hivemq-platform] [hivemq] [86dc8b32] # This HiveMQ deployment is not secure! You are lacking Authentication and Authorization.                      #
2025-01-27 17:11:43,131 INFO c.h.h.t.HelmChartContainer - [test-hivemq-platform] [hivemq] [86dc8b32] # Right now any MQTT client can connect to the broker with a full set of permissions.                          #
2025-01-27 17:11:43,131 INFO c.h.h.t.HelmChartContainer - [test-hivemq-platform] [hivemq] [86dc8b32] # For production usage, add an appropriate security extension and remove the hivemq-allow-all extension.       #
2025-01-27 17:11:43,131 INFO c.h.h.t.HelmChartContainer - [test-hivemq-platform] [hivemq] [86dc8b32] # You can download security extensions from the HiveMQ Marketplace (https://www.hivemq.com/extensions/).       #
2025-01-27 17:11:43,131 INFO c.h.h.t.HelmChartContainer - [test-hivemq-platform] [hivemq] [86dc8b32] ################################################################################################################
2025-01-27 17:11:43,132 INFO c.h.h.t.HelmChartContainer - [test-hivemq-platform] [hivemq] [86dc8b32] INFO  - Extension "Allow All Extension" version 1.1.0 started successfully.
2025-01-27 17:11:43,253 INFO c.h.h.t.HelmChartContainer - [test-hivemq-platform] [hivemq] [40ef4599] INFO  - Cluster nodes found by discovery: [DJdwx|6] (3) [DJdwx, 4I3jf, 1MI9o].
2025-01-27 17:11:43,255 INFO c.h.h.t.HelmChartContainer - [test-hivemq-platform] [hivemq] [92c6a677] INFO  - Cluster nodes found by discovery: [DJdwx|6] (3) [DJdwx, 4I3jf, 1MI9o].
2025-01-27 17:11:43,262 INFO c.h.h.t.HelmChartContainer - [test-hivemq-platform] [hivemq] [86dc8b32] INFO  - Cluster nodes found by discovery: [DJdwx|6] (3) [DJdwx, 4I3jf, 1MI9o].
2025-01-27 17:11:43,366 INFO c.h.h.t.HelmChartContainer - [test-hivemq-platform] [hivemq] [86dc8b32] INFO  - Cluster size = 1, members : [4I3jf].
2025-01-27 17:11:43,453 INFO c.h.h.t.HelmChartContainer - [test-hivemq-platform] [hivemq] [86dc8b32] INFO  - Cluster size = 2, members : [4I3jf, DJdwx].
2025-01-27 17:11:43,751 INFO c.h.h.t.HelmChartContainer - [test-hivemq-platform] [hivemq] [86dc8b32] INFO  - Starting cluster join process. This may take a while. Please do not shut down HiveMQ.
2025-01-27 17:11:43,751 INFO c.h.h.t.HelmChartContainer - [test-hivemq-platform] [hivemq] [86dc8b32] INFO  - Cluster join process is still ongoing. Please do not shut down HiveMQ.
2025-01-27 17:11:45,377 INFO c.h.h.t.HelmChartContainer - [EVENT] Warning [Unhealthy] Readiness probe failed: HTTP probe failed with statuscode: 503 [helmvolumeclaimtemplatesit:test-hivemq-platform-0]
2025-01-27 17:11:45,377 INFO c.h.h.t.HelmChartContainer - Received Unhealthy event for container hivemq in pod test-hivemq-platform-0 [86dc8b32-22f6-4751-bd55-12b284550ecb]
2025-01-27 17:11:45,757 INFO c.h.h.t.HelmChartContainer - [test-hivemq-platform] [hivemq] [40ef4599] INFO  - Cluster size = 3, members : [4I3jf, 1MI9o, DJdwx].
2025-01-27 17:11:45,762 INFO c.h.h.t.HelmChartContainer - [test-hivemq-platform] [hivemq] [92c6a677] INFO  - Cluster size = 3, members : [4I3jf, 1MI9o, DJdwx].
2025-01-27 17:11:45,769 INFO c.h.h.t.HelmChartContainer - [test-hivemq-platform] [hivemq] [86dc8b32] INFO  - Cluster size = 3, members : [4I3jf, 1MI9o, DJdwx].
2025-01-27 17:11:45,772 INFO c.h.h.t.HelmChartContainer - [test-hivemq-platform] [hivemq] [86dc8b32] INFO  - Finished cluster join process successfully.
2025-01-27 17:11:45,775 INFO c.h.h.t.HelmChartContainer - [test-hivemq-platform] [hivemq] [86dc8b32] INFO  - No user for HiveMQ Control Center configured. Starting with default user
2025-01-27 17:11:45,776 INFO c.h.h.t.HelmChartContainer - [test-hivemq-platform] [hivemq] [86dc8b32] INFO  - Starting HiveMQ Control Center on address 0.0.0.0 and port 8080
2025-01-27 17:11:45,847 INFO c.h.h.t.HelmChartContainer - [test-hivemq-platform] [hivemq] [86dc8b32] INFO  - Mounting HiveMQ Control Center V2 Preview
2025-01-27 17:11:46,551 INFO c.h.h.t.HelmChartContainer - [test-hivemq-platform] [hivemq] [86dc8b32] INFO  - Started HiveMQ Control Center in 778ms
2025-01-27 17:11:46,564 INFO c.h.h.t.HelmChartContainer - [test-hivemq-platform] [hivemq] [86dc8b32] INFO  - Starting TCP listener on address 0.0.0.0 and port 1884
2025-01-27 17:11:46,648 INFO c.h.h.t.HelmChartContainer - [test-hivemq-platform] [hivemq] [86dc8b32] INFO  - Started TCP Listener on address 0.0.0.0 and on port 1884.
2025-01-27 17:11:46,649 INFO c.h.h.t.HelmChartContainer - [test-hivemq-platform] [hivemq] [86dc8b32] INFO  - Started HiveMQ in 25888ms
2025-01-27 17:11:50,373 INFO c.h.h.t.HelmChartContainer - [test-hivemq-platform] [hivemq] [86dc8b32] INFO  - [HiveMQ Platform Operator Init App 1.7.0-SNAPSHOT] Returning Health API response 200 for readiness
2025-01-27 17:11:50,386 INFO c.h.h.t.HelmChartContainer - [POD] test-hivemq-platform-0 [86dc8b32-22f6-4751-bd55-12b284550ecb] in helmvolumeclaimtemplatesit was MODIFIED
2025-01-27 17:11:50,400 INFO c.h.h.t.HelmChartContainer - [hivemq-test-hivemq-platform] [hivemq-platform-operator] [10333020] 17:11:50.390 [pool-6-thread-32] DEBUG c.h.p.o.d.PlatformServiceResource - [helmvolu] Desired Platform services (3 services)
2025-01-27 17:11:50,404 INFO c.h.h.t.HelmChartContainer - [hivemq-test-hivemq-platform] [hivemq-platform-operator] [10333020] 17:11:50.393 [pool-6-thread-36] DEBUG c.h.p.o.dependants.PodInfoConfigMap - [helmvolu] Desired PodInfo ConfigMap (1 extensions) (1 enabled)
2025-01-27 17:11:50,404 INFO c.h.h.t.HelmChartContainer - [hivemq-test-hivemq-platform] [hivemq-platform-operator] [10333020] 17:11:50.393 [pool-6-thread-36] DEBUG c.h.p.o.dependants.PodInfoConfigMap - [helmvolu] Desired PodInfo ConfigMap (metrics port: 9399) (metrics path: /)
2025-01-27 17:11:50,404 INFO c.h.h.t.HelmChartContainer - [hivemq-test-hivemq-platform] [hivemq-platform-operator] [10333020] 17:11:50.393 [pool-6-thread-36] DEBUG c.h.p.o.dependants.PodInfoConfigMap - [helmvolu] Desired PodInfo ConfigMap (extension state hash: -1817474005)
2025-01-27 17:11:50,404 INFO c.h.h.t.HelmChartContainer - [hivemq-test-hivemq-platform] [hivemq-platform-operator] [10333020] 17:11:50.395 [pool-6-thread-33] DEBUG c.h.p.o.d.PodServiceAccountResource - [helmvolu] Desired PodServiceAccountResource (serviceAccountName: hivemq-platform-pod-test-hivemq-platform)
2025-01-27 17:11:50,404 INFO c.h.h.t.HelmChartContainer - [hivemq-test-hivemq-platform] [hivemq-platform-operator] [10333020] 17:11:50.396 [pool-6-thread-32] DEBUG c.h.p.o.d.StatefulSetResource - [helmvolu] Desired StatefulSet (3 replicas) for status ROLLING_RESTART (RESTART_PODS_IN_PROGRESS)
2025-01-27 17:11:50,404 INFO c.h.h.t.HelmChartContainer - [hivemq-test-hivemq-platform] [hivemq-platform-operator] [10333020] 17:11:50.398 [ReconcilerExecutor-hivemq-controller-121] INFO  c.h.p.o.HiveMQPlatformReconciler - [helmvolu] Reconciling HiveMQ Platform 'test-hivemq-platform' in namespace 'helmvolumeclaimtemplatesit'
2025-01-27 17:11:50,404 INFO c.h.h.t.HelmChartContainer - [hivemq-test-hivemq-platform] [hivemq-platform-operator] [10333020] 17:11:50.398 [ReconcilerExecutor-hivemq-controller-121] DEBUG c.h.p.o.HiveMQPlatformReconciler - [helmvolu] Custom Resource Status ROLLING_RESTART - HiveMQ Platform is restarting Pods (rolling restart) (RESTART_PODS_IN_PROGRESS)
2025-01-27 17:11:50,405 INFO c.h.h.t.HelmChartContainer - [hivemq-test-hivemq-platform] [hivemq-platform-operator] [10333020] 17:11:50.398 [ReconcilerExecutor-hivemq-controller-121] DEBUG c.h.p.o.HiveMQPlatformReconciler - [helmvolu] Custom Resource Spec (replicas: 2) (extensions: 1)
2025-01-27 17:11:50,405 INFO c.h.h.t.HelmChartContainer - [hivemq-test-hivemq-platform] [hivemq-platform-operator] [10333020] 17:11:50.401 [ReconcilerExecutor-hivemq-controller-121] DEBUG c.h.p.o.HiveMQPlatformReconciler - [helmvolu] StatefulSet Status (revision: test-hivemq-platform-56957c7b74, replicas: 3, available: 2, ready: 2, current: 0, updated: 3)
2025-01-27 17:11:50,405 INFO c.h.h.t.HelmChartContainer - [hivemq-test-hivemq-platform] [hivemq-platform-operator] [10333020] 17:11:50.401 [ReconcilerExecutor-hivemq-controller-121] DEBUG c.h.p.o.HiveMQPlatformReconciler - [helmvolu] StatefulSet Spec (replicas: 3, init containers: 1, containers: 1, volumes: 4)
2025-01-27 17:11:50,405 INFO c.h.h.t.HelmChartContainer - [hivemq-test-hivemq-platform] [hivemq-platform-operator] [10333020] 17:11:50.402 [ReconcilerExecutor-hivemq-controller-121] DEBUG c.h.p.o.h.HiveMQPlatformReconcilerErrorHandler - [helmvolu] Pod 'test-hivemq-platform-2' phase Running
2025-01-27 17:11:50,405 INFO c.h.h.t.HelmChartContainer - [hivemq-test-hivemq-platform] [hivemq-platform-operator] [10333020] 17:11:50.403 [ReconcilerExecutor-hivemq-controller-121] DEBUG c.h.p.o.h.HiveMQPlatformReconcilerErrorHandler - [helmvolu] Pod 'test-hivemq-platform-1' phase Running
2025-01-27 17:11:50,407 INFO c.h.h.t.HelmChartContainer - [hivemq-test-hivemq-platform] [hivemq-platform-operator] [10333020] 17:11:50.404 [ReconcilerExecutor-hivemq-controller-121] DEBUG c.h.p.o.h.HiveMQPlatformReconcilerErrorHandler - [helmvolu] Pod 'test-hivemq-platform-0' phase Running
2025-01-27 17:11:50,407 INFO c.h.h.t.HelmChartContainer - [hivemq-test-hivemq-platform] [hivemq-platform-operator] [10333020] 17:11:50.404 [ReconcilerExecutor-hivemq-controller-121] DEBUG c.h.p.o.h.HiveMQPlatformReconcilerRollingRestartHandler - [helmvolu] Rolling restart is waiting for 2 of 3 replicas
2025-01-27 17:11:50,410 INFO c.h.h.t.HelmChartContainer - [hivemq-test-hivemq-platform] [hivemq-platform-operator] [10333020] 17:11:50.408 [pool-6-thread-42] DEBUG c.h.p.o.d.PlatformServiceResource - [helmvolu] Desired Platform services (3 services)
2025-01-27 17:11:50,410 INFO c.h.h.t.HelmChartContainer - [hivemq-test-hivemq-platform] [hivemq-platform-operator] [10333020] 17:11:50.408 [pool-6-thread-44] DEBUG c.h.p.o.d.PodServiceAccountResource - [helmvolu] Desired PodServiceAccountResource (serviceAccountName: hivemq-platform-pod-test-hivemq-platform)
2025-01-27 17:11:50,411 INFO c.h.h.t.HelmChartContainer - [hivemq-test-hivemq-platform] [hivemq-platform-operator] [10333020] 17:11:50.410 [pool-6-thread-48] DEBUG c.h.p.o.dependants.PodInfoConfigMap - [helmvolu] Desired PodInfo ConfigMap (1 extensions) (1 enabled)
2025-01-27 17:11:50,413 INFO c.h.h.t.HelmChartContainer - [hivemq-test-hivemq-platform] [hivemq-platform-operator] [10333020] 17:11:50.410 [pool-6-thread-48] DEBUG c.h.p.o.dependants.PodInfoConfigMap - [helmvolu] Desired PodInfo ConfigMap (metrics port: 9399) (metrics path: /)
2025-01-27 17:11:50,413 INFO c.h.h.t.HelmChartContainer - [hivemq-test-hivemq-platform] [hivemq-platform-operator] [10333020] 17:11:50.410 [pool-6-thread-48] DEBUG c.h.p.o.dependants.PodInfoConfigMap - [helmvolu] Desired PodInfo ConfigMap (extension state hash: -1817474005)
2025-01-27 17:11:50,413 INFO c.h.h.t.HelmChartContainer - [hivemq-test-hivemq-platform] [hivemq-platform-operator] [10333020] 17:11:50.412 [pool-6-thread-48] DEBUG c.h.p.o.d.StatefulSetResource - [helmvolu] Desired StatefulSet (3 replicas) for status ROLLING_RESTART (RESTART_PODS_IN_PROGRESS)
2025-01-27 17:11:50,415 INFO c.h.h.t.HelmChartContainer - [hivemq-test-hivemq-platform] [hivemq-platform-operator] [10333020] 17:11:50.414 [ReconcilerExecutor-hivemq-controller-121] INFO  c.h.p.o.HiveMQPlatformReconciler - [helmvolu] Reconciling HiveMQ Platform 'test-hivemq-platform' in namespace 'helmvolumeclaimtemplatesit'
2025-01-27 17:11:50,415 INFO c.h.h.t.HelmChartContainer - [hivemq-test-hivemq-platform] [hivemq-platform-operator] [10333020] 17:11:50.414 [ReconcilerExecutor-hivemq-controller-121] DEBUG c.h.p.o.HiveMQPlatformReconciler - [helmvolu] Custom Resource Status ROLLING_RESTART - HiveMQ Platform is restarting Pods (rolling restart) (RESTART_PODS_IN_PROGRESS)
2025-01-27 17:11:50,415 INFO c.h.h.t.HelmChartContainer - [hivemq-test-hivemq-platform] [hivemq-platform-operator] [10333020] 17:11:50.414 [ReconcilerExecutor-hivemq-controller-121] DEBUG c.h.p.o.HiveMQPlatformReconciler - [helmvolu] Custom Resource Spec (replicas: 2) (extensions: 1)
2025-01-27 17:11:50,415 INFO c.h.h.t.HelmChartContainer - [hivemq-test-hivemq-platform] [hivemq-platform-operator] [10333020] 17:11:50.415 [ReconcilerExecutor-hivemq-controller-121] DEBUG c.h.p.o.HiveMQPlatformReconciler - [helmvolu] StatefulSet Status (revision: test-hivemq-platform-56957c7b74, replicas: 3, available: 3, ready: 3, current: 0, updated: 3)
2025-01-27 17:11:50,415 INFO c.h.h.t.HelmChartContainer - [hivemq-test-hivemq-platform] [hivemq-platform-operator] [10333020] 17:11:50.415 [ReconcilerExecutor-hivemq-controller-121] DEBUG c.h.p.o.HiveMQPlatformReconciler - [helmvolu] StatefulSet Spec (replicas: 3, init containers: 1, containers: 1, volumes: 4)
2025-01-27 17:11:50,416 INFO c.h.h.t.HelmChartContainer - [hivemq-test-hivemq-platform] [hivemq-platform-operator] [10333020] 17:11:50.416 [ReconcilerExecutor-hivemq-controller-121] DEBUG c.h.p.o.h.HiveMQPlatformReconcilerErrorHandler - [helmvolu] Pod 'test-hivemq-platform-2' phase Running
2025-01-27 17:11:50,432 INFO c.h.h.t.HelmChartContainer - [hivemq-test-hivemq-platform] [hivemq-platform-operator] [10333020] 17:11:50.431 [ReconcilerExecutor-hivemq-controller-121] DEBUG c.h.p.o.h.HiveMQPlatformReconcilerErrorHandler - [helmvolu] Pod 'test-hivemq-platform-1' phase Running
2025-01-27 17:11:50,433 INFO c.h.h.t.HelmChartContainer - [hivemq-test-hivemq-platform] [hivemq-platform-operator] [10333020] 17:11:50.432 [ReconcilerExecutor-hivemq-controller-121] DEBUG c.h.p.o.h.HiveMQPlatformReconcilerErrorHandler - [helmvolu] Pod 'test-hivemq-platform-0' phase Running
2025-01-27 17:11:50,438 INFO c.h.h.t.HelmChartContainer - [hivemq-test-hivemq-platform] [hivemq-platform-operator] [10333020] 17:11:50.438 [ReconcilerExecutor-hivemq-controller-121] DEBUG c.h.p.o.h.HiveMQPlatformReconcilerRollingRestartHandler - [helmvolu] Skipping Pod test-hivemq-platform-2 as it's already on the controller update revision (update revision: test-hivemq-platform-56957c7b74, pod revision: test-hivemq-platform-56957c7b74)
2025-01-27 17:11:50,442 INFO c.h.h.t.HelmChartContainer - [hivemq-test-hivemq-platform] [hivemq-platform-operator] [10333020] 17:11:50.441 [ReconcilerExecutor-hivemq-controller-121] DEBUG c.h.p.o.h.HiveMQPlatformReconcilerRollingRestartHandler - [helmvolu] Skipping Pod test-hivemq-platform-1 as it's already on the controller update revision (update revision: test-hivemq-platform-56957c7b74, pod revision: test-hivemq-platform-56957c7b74)
2025-01-27 17:11:50,445 INFO c.h.h.t.HelmChartContainer - [hivemq-test-hivemq-platform] [hivemq-platform-operator] [10333020] 17:11:50.444 [ReconcilerExecutor-hivemq-controller-121] DEBUG c.h.p.o.h.HiveMQPlatformReconcilerRollingRestartHandler - [helmvolu] Skipping Pod test-hivemq-platform-0 as it's already on the controller update revision (update revision: test-hivemq-platform-56957c7b74, pod revision: test-hivemq-platform-56957c7b74)
2025-01-27 17:11:50,445 INFO c.h.h.t.HelmChartContainer - [hivemq-test-hivemq-platform] [hivemq-platform-operator] [10333020] 17:11:50.444 [ReconcilerExecutor-hivemq-controller-121] INFO  c.h.p.o.h.HiveMQPlatformReconcilerRollingRestartHandler - [helmvolu] Stopping surge Pod
2025-01-27 17:11:50,503 INFO c.h.h.t.HelmChartContainer - [hivemq-test-hivemq-platform] [hivemq-platform-operator] [10333020] 17:11:50.502 [ReconcilerExecutor-hivemq-controller-121] DEBUG c.h.p.operator.event.EventSender - [helmvolu] Creating K8s event rolling-restart-scale-down-in-progress: [RollingRestart] HiveMQ Platform is stopping the surge Pod (rolling restart)
2025-01-27 17:11:50,507 INFO c.h.h.t.HelmChartContainer - [EVENT] Normal [RollingRestart] HiveMQ Platform is stopping the surge Pod (rolling restart) [helmvolumeclaimtemplatesit:test-hivemq-platform]
2025-01-27 17:11:50,508 INFO c.h.h.t.HelmChartContainer - [hivemq-test-hivemq-platform] [hivemq-platform-operator] [10333020] 17:11:50.507 [ReconcilerExecutor-hivemq-controller-121] INFO  c.h.p.o.h.AbstractHiveMQReconcilerStateHandler - [helmvolu] Update HiveMQ Platform Status (ROLLING_RESTART [RESTART_PODS_IN_PROGRESS] -> ROLLING_RESTART [SCALE_DOWN_IN_PROGRESS]): HiveMQ Platform is stopping the surge Pod (rolling restart)
2025-01-27 17:11:50,515 DEBUG com.hivemq.helmcharts.util.K8sUtil - Comparing actual state 'ROLLING_RESTART' and waiting for 'RUNNING'
2025-01-27 17:11:57,314 INFO c.h.h.t.HelmChartContainer - [test-hivemq-platform] [hivemq] [86dc8b32] INFO  - [HiveMQ Platform Operator Init App 1.7.0-SNAPSHOT] Returning Health API response 200 for liveness
2025-01-27 17:12:00,536 INFO c.h.h.t.HelmChartContainer - [hivemq-test-hivemq-platform] [hivemq-platform-operator] [10333020] 17:12:00.533 [pool-6-thread-6] DEBUG c.h.p.o.d.PlatformServiceResource - [helmvolu] Desired Platform services (3 services)
2025-01-27 17:12:00,536 INFO c.h.h.t.HelmChartContainer - [hivemq-test-hivemq-platform] [hivemq-platform-operator] [10333020] 17:12:00.534 [pool-6-thread-7] DEBUG c.h.p.o.dependants.PodInfoConfigMap - [helmvolu] Desired PodInfo ConfigMap (1 extensions) (1 enabled)
2025-01-27 17:12:00,536 INFO c.h.h.t.HelmChartContainer - [hivemq-test-hivemq-platform] [hivemq-platform-operator] [10333020] 17:12:00.534 [pool-6-thread-7] DEBUG c.h.p.o.dependants.PodInfoConfigMap - [helmvolu] Desired PodInfo ConfigMap (metrics port: 9399) (metrics path: /)
2025-01-27 17:12:00,536 INFO c.h.h.t.HelmChartContainer - [hivemq-test-hivemq-platform] [hivemq-platform-operator] [10333020] 17:12:00.534 [pool-6-thread-7] DEBUG c.h.p.o.dependants.PodInfoConfigMap - [helmvolu] Desired PodInfo ConfigMap (extension state hash: -1817474005)
2025-01-27 17:12:00,536 INFO c.h.h.t.HelmChartContainer - [hivemq-test-hivemq-platform] [hivemq-platform-operator] [10333020] 17:12:00.534 [pool-6-thread-2] DEBUG c.h.p.o.d.PodServiceAccountResource - [helmvolu] Desired PodServiceAccountResource (serviceAccountName: hivemq-platform-pod-test-hivemq-platform)
2025-01-27 17:12:00,537 INFO c.h.h.t.HelmChartContainer - [hivemq-test-hivemq-platform] [hivemq-platform-operator] [10333020] 17:12:00.534 [pool-6-thread-7] DEBUG c.h.p.o.dependants.PodInfoConfigMap - [helmvolu] Update PodInfo ConfigMap
2025-01-27 17:12:00,543 INFO c.h.h.t.HelmChartContainer - [hivemq-test-hivemq-platform] [hivemq-platform-operator] [10333020] 17:12:00.543 [pool-6-thread-7] DEBUG c.h.p.o.d.StatefulSetResource - [helmvolu] Desired StatefulSet (2 replicas) for status ROLLING_RESTART (SCALE_DOWN_IN_PROGRESS)
2025-01-27 17:12:00,546 INFO c.h.h.t.HelmChartContainer - [hivemq-test-hivemq-platform] [hivemq-platform-operator] [10333020] 17:12:00.545 [pool-6-thread-7] DEBUG c.h.p.o.d.StatefulSetResource - [helmvolu] Update StatefulSet (replicas: 3 -> 2)
2025-01-27 17:12:00,573 INFO c.h.h.t.HelmChartContainer - [POD] test-hivemq-platform-2 [40ef4599-c952-4d38-a2e7-99b1fb4a1782] in helmvolumeclaimtemplatesit was MODIFIED
2025-01-27 17:12:00,578 INFO c.h.h.t.HelmChartContainer - [EVENT] Normal [Killing] Stopping container hivemq [helmvolumeclaimtemplatesit:test-hivemq-platform-2]
2025-01-27 17:12:00,578 INFO c.h.h.t.HelmChartContainer - Received Killing event for container hivemq in pod test-hivemq-platform-2 [40ef4599-c952-4d38-a2e7-99b1fb4a1782]
2025-01-27 17:12:00,578 INFO c.h.h.t.HelmChartContainer - Container [test-hivemq-platform-2] [hivemq] [40ef4599-c952-4d38-a2e7-99b1fb4a1782] was terminated
2025-01-27 17:12:00,578 INFO c.h.h.t.HelmChartContainer - Stopped log watcher for hivemq in pod test-hivemq-platform-2 [40ef4599-c952-4d38-a2e7-99b1fb4a1782]
2025-01-27 17:12:00,584 INFO c.h.h.t.HelmChartContainer - [test-hivemq-platform] [hivemq] [40ef4599] INFO  - [HiveMQ Platform Operator Init App 1.7.0-SNAPSHOT] Shutting down
2025-01-27 17:12:00,585 INFO c.h.h.t.HelmChartContainer - [test-hivemq-platform] [hivemq] [40ef4599] INFO  - [HiveMQ Platform Operator Init App 1.7.0-SNAPSHOT] Stopping the HiveMQ Platform
2025-01-27 17:12:00,586 INFO c.h.h.t.HelmChartContainer - [EVENT] Normal [SuccessfulDelete] delete Pod test-hivemq-platform-2 in StatefulSet test-hivemq-platform successful [helmvolumeclaimtemplatesit:test-hivemq-platform]
2025-01-27 17:12:00,638 INFO c.h.h.t.HelmChartContainer - [hivemq-test-hivemq-platform] [hivemq-platform-operator] [10333020] 17:12:00.634 [ReconcilerExecutor-hivemq-controller-123] INFO  c.h.p.o.HiveMQPlatformReconciler - [helmvolu] Reconciling HiveMQ Platform 'test-hivemq-platform' in namespace 'helmvolumeclaimtemplatesit'
2025-01-27 17:12:00,638 INFO c.h.h.t.HelmChartContainer - [hivemq-test-hivemq-platform] [hivemq-platform-operator] [10333020] 17:12:00.634 [ReconcilerExecutor-hivemq-controller-123] DEBUG c.h.p.o.HiveMQPlatformReconciler - [helmvolu] Custom Resource Status ROLLING_RESTART - HiveMQ Platform is stopping the surge Pod (rolling restart) (SCALE_DOWN_IN_PROGRESS)
2025-01-27 17:12:00,638 INFO c.h.h.t.HelmChartContainer - [hivemq-test-hivemq-platform] [hivemq-platform-operator] [10333020] 17:12:00.634 [ReconcilerExecutor-hivemq-controller-123] DEBUG c.h.p.o.HiveMQPlatformReconciler - [helmvolu] Custom Resource Spec (replicas: 2) (extensions: 1)
2025-01-27 17:12:00,638 INFO c.h.h.t.HelmChartContainer - [hivemq-test-hivemq-platform] [hivemq-platform-operator] [10333020] 17:12:00.635 [ReconcilerExecutor-hivemq-controller-123] DEBUG c.h.p.o.HiveMQPlatformReconciler - [helmvolu] StatefulSet Status (revision: test-hivemq-platform-56957c7b74, replicas: 3, available: 3, ready: 3, current: 0, updated: 3)
2025-01-27 17:12:00,638 INFO c.h.h.t.HelmChartContainer - [hivemq-test-hivemq-platform] [hivemq-platform-operator] [10333020] 17:12:00.635 [ReconcilerExecutor-hivemq-controller-123] DEBUG c.h.p.o.HiveMQPlatformReconciler - [helmvolu] StatefulSet Spec (replicas: 2, init containers: 1, containers: 1, volumes: 4)
2025-01-27 17:12:00,642 INFO c.h.h.t.HelmChartContainer - [hivemq-test-hivemq-platform] [hivemq-platform-operator] [10333020] 17:12:00.641 [ReconcilerExecutor-hivemq-controller-123] DEBUG c.h.p.o.h.HiveMQPlatformReconcilerErrorHandler - [helmvolu] Pod 'test-hivemq-platform-1' phase Running
2025-01-27 17:12:00,644 INFO c.h.h.t.HelmChartContainer - [hivemq-test-hivemq-platform] [hivemq-platform-operator] [10333020] 17:12:00.643 [ReconcilerExecutor-hivemq-controller-123] DEBUG c.h.p.o.h.HiveMQPlatformReconcilerErrorHandler - [helmvolu] Pod 'test-hivemq-platform-0' phase Running
2025-01-27 17:12:00,645 INFO c.h.h.t.HelmChartContainer - [hivemq-test-hivemq-platform] [hivemq-platform-operator] [10333020] 17:12:00.645 [ReconcilerExecutor-hivemq-controller-123] DEBUG c.h.p.o.h.HiveMQPlatformReconcilerRollingRestartHandler - [helmvolu] Rolling restart is waiting for 3 of 2 replicas
2025-01-27 17:12:00,649 INFO c.h.h.t.HelmChartContainer - [hivemq-test-hivemq-platform] [hivemq-platform-operator] [10333020] 17:12:00.649 [pool-6-thread-17] DEBUG c.h.p.o.d.PlatformServiceResource - [helmvolu] Desired Platform services (3 services)
2025-01-27 17:12:00,654 INFO c.h.h.t.HelmChartContainer - [hivemq-test-hivemq-platform] [hivemq-platform-operator] [10333020] 17:12:00.653 [pool-6-thread-19] DEBUG c.h.p.o.d.PodServiceAccountResource - [helmvolu] Desired PodServiceAccountResource (serviceAccountName: hivemq-platform-pod-test-hivemq-platform)
2025-01-27 17:12:00,655 INFO c.h.h.t.HelmChartContainer - [hivemq-test-hivemq-platform] [hivemq-platform-operator] [10333020] 17:12:00.654 [pool-6-thread-20] DEBUG c.h.p.o.dependants.PodInfoConfigMap - [helmvolu] Desired PodInfo ConfigMap (1 extensions) (1 enabled)
2025-01-27 17:12:00,655 INFO c.h.h.t.HelmChartContainer - [hivemq-test-hivemq-platform] [hivemq-platform-operator] [10333020] 17:12:00.654 [pool-6-thread-20] DEBUG c.h.p.o.dependants.PodInfoConfigMap - [helmvolu] Desired PodInfo ConfigMap (metrics port: 9399) (metrics path: /)
2025-01-27 17:12:00,655 INFO c.h.h.t.HelmChartContainer - [hivemq-test-hivemq-platform] [hivemq-platform-operator] [10333020] 17:12:00.654 [pool-6-thread-20] DEBUG c.h.p.o.dependants.PodInfoConfigMap - [helmvolu] Desired PodInfo ConfigMap (extension state hash: -1817474005)
2025-01-27 17:12:00,657 INFO c.h.h.t.HelmChartContainer - [hivemq-test-hivemq-platform] [hivemq-platform-operator] [10333020] 17:12:00.656 [pool-6-thread-20] DEBUG c.h.p.o.d.StatefulSetResource - [helmvolu] Desired StatefulSet (2 replicas) for status ROLLING_RESTART (SCALE_DOWN_IN_PROGRESS)
2025-01-27 17:12:00,659 INFO c.h.h.t.HelmChartContainer - [hivemq-test-hivemq-platform] [hivemq-platform-operator] [10333020] 17:12:00.658 [ReconcilerExecutor-hivemq-controller-123] INFO  c.h.p.o.HiveMQPlatformReconciler - [helmvolu] Reconciling HiveMQ Platform 'test-hivemq-platform' in namespace 'helmvolumeclaimtemplatesit'
2025-01-27 17:12:00,659 INFO c.h.h.t.HelmChartContainer - [hivemq-test-hivemq-platform] [hivemq-platform-operator] [10333020] 17:12:00.658 [ReconcilerExecutor-hivemq-controller-123] DEBUG c.h.p.o.HiveMQPlatformReconciler - [helmvolu] Custom Resource Status ROLLING_RESTART - HiveMQ Platform is stopping the surge Pod (rolling restart) (SCALE_DOWN_IN_PROGRESS)
2025-01-27 17:12:00,659 INFO c.h.h.t.HelmChartContainer - [hivemq-test-hivemq-platform] [hivemq-platform-operator] [10333020] 17:12:00.658 [ReconcilerExecutor-hivemq-controller-123] DEBUG c.h.p.o.HiveMQPlatformReconciler - [helmvolu] Custom Resource Spec (replicas: 2) (extensions: 1)
2025-01-27 17:12:00,660 INFO c.h.h.t.HelmChartContainer - [hivemq-test-hivemq-platform] [hivemq-platform-operator] [10333020] 17:12:00.659 [ReconcilerExecutor-hivemq-controller-123] DEBUG c.h.p.o.HiveMQPlatformReconciler - [helmvolu] StatefulSet Status (revision: test-hivemq-platform-56957c7b74, replicas: 3, available: 3, ready: 3, current: 0, updated: 2)
2025-01-27 17:12:00,660 INFO c.h.h.t.HelmChartContainer - [hivemq-test-hivemq-platform] [hivemq-platform-operator] [10333020] 17:12:00.659 [ReconcilerExecutor-hivemq-controller-123] DEBUG c.h.p.o.HiveMQPlatformReconciler - [helmvolu] StatefulSet Spec (replicas: 2, init containers: 1, containers: 1, volumes: 4)
2025-01-27 17:12:00,661 INFO c.h.h.t.HelmChartContainer - [hivemq-test-hivemq-platform] [hivemq-platform-operator] [10333020] 17:12:00.660 [ReconcilerExecutor-hivemq-controller-123] DEBUG c.h.p.o.h.HiveMQPlatformReconcilerErrorHandler - [helmvolu] Pod 'test-hivemq-platform-1' phase Running
2025-01-27 17:12:00,662 INFO c.h.h.t.HelmChartContainer - [hivemq-test-hivemq-platform] [hivemq-platform-operator] [10333020] 17:12:00.661 [ReconcilerExecutor-hivemq-controller-123] DEBUG c.h.p.o.h.HiveMQPlatformReconcilerErrorHandler - [helmvolu] Pod 'test-hivemq-platform-0' phase Running
2025-01-27 17:12:00,733 INFO c.h.h.t.HelmChartContainer - [hivemq-test-hivemq-platform] [hivemq-platform-operator] [10333020] 17:12:00.731 [ReconcilerExecutor-hivemq-controller-123] DEBUG c.h.p.o.h.HiveMQPlatformReconcilerRollingRestartHandler - [helmvolu] Rolling restart is waiting for 3 of 2 replicas
2025-01-27 17:12:00,736 INFO c.h.h.t.HelmChartContainer - [test-hivemq-platform] [hivemq] [40ef4599] INFO  - Shutting down HiveMQ. Please wait, this could take a while...
2025-01-27 17:12:00,740 INFO c.h.h.t.HelmChartContainer - [test-hivemq-platform] [hivemq] [40ef4599] INFO  - Shutting down listeners and clients
2025-01-27 17:12:00,742 INFO c.h.h.t.HelmChartContainer - [test-hivemq-platform] [hivemq] [40ef4599] INFO  - Shutdown of listeners is done
2025-01-27 17:12:00,742 INFO c.h.h.t.HelmChartContainer - [test-hivemq-platform] [hivemq] [40ef4599] INFO  - No clients are connected, proceeding with shutdown
2025-01-27 17:12:03,054 INFO c.h.h.t.HelmChartContainer - [test-hivemq-platform] [hivemq] [40ef4599] INFO  - [HiveMQ Platform Operator Init App 1.7.0-SNAPSHOT] Returning shutdown Health API response 503 for readiness
2025-01-27 17:12:03,058 INFO c.h.h.t.HelmChartContainer - [EVENT] Warning [Unhealthy] Readiness probe failed: HTTP probe failed with statuscode: 503 [helmvolumeclaimtemplatesit:test-hivemq-platform-2]
2025-01-27 17:12:03,058 INFO c.h.h.t.HelmChartContainer - Received Unhealthy event for container hivemq in pod test-hivemq-platform-2 [40ef4599-c952-4d38-a2e7-99b1fb4a1782]
2025-01-27 17:12:04,653 INFO c.h.h.t.HelmChartContainer - [test-hivemq-platform] [hivemq] [40ef4599] INFO  - Shutting down extension system
2025-01-27 17:12:04,658 INFO c.h.h.t.HelmChartContainer - [test-hivemq-platform] [hivemq] [40ef4599] INFO  - Stopping extension with id hivemq-dns-cluster-discovery
2025-01-27 17:12:04,658 INFO c.h.h.t.HelmChartContainer - [test-hivemq-platform] [hivemq] [40ef4599] INFO  - Extension "DNS Cluster Discovery Extension" version 4.3.2 stopped successfully.
2025-01-27 17:12:04,658 INFO c.h.h.t.HelmChartContainer - [test-hivemq-platform] [hivemq] [40ef4599] INFO  - Stopping extension with id hivemq-prometheus-extension
2025-01-27 17:12:04,663 INFO c.h.h.t.HelmChartContainer - [test-hivemq-platform] [hivemq] [40ef4599] INFO  - Extension "Prometheus Monitoring Extension" version 4.0.12 stopped successfully.
2025-01-27 17:12:04,663 INFO c.h.h.t.HelmChartContainer - [test-hivemq-platform] [hivemq] [40ef4599] INFO  - Stopping extension with id hivemq-allow-all-extension
2025-01-27 17:12:04,663 INFO c.h.h.t.HelmChartContainer - [test-hivemq-platform] [hivemq] [40ef4599] INFO  - Extension "Allow All Extension" version 1.1.0 stopped successfully.
2025-01-27 17:12:04,668 INFO c.h.h.t.HelmChartContainer - [test-hivemq-platform] [hivemq] [92c6a677] INFO  - Cluster nodes found by discovery: [4I3jf|7] (2) [4I3jf, 1MI9o].
2025-01-27 17:12:04,672 INFO c.h.h.t.HelmChartContainer - [test-hivemq-platform] [hivemq] [92c6a677] INFO  - Starting cluster replication process. This may take a while. Please do not shut down HiveMQ.
2025-01-27 17:12:04,672 INFO c.h.h.t.HelmChartContainer - [test-hivemq-platform] [hivemq] [86dc8b32] INFO  - Cluster nodes found by discovery: [4I3jf|7] (2) [4I3jf, 1MI9o].
2025-01-27 17:12:04,674 INFO c.h.h.t.HelmChartContainer - [test-hivemq-platform] [hivemq] [92c6a677] INFO  - Cluster size = 2, members : [4I3jf, 1MI9o].
2025-01-27 17:12:04,685 INFO c.h.h.t.HelmChartContainer - [test-hivemq-platform] [hivemq] [86dc8b32] INFO  - Cluster size = 2, members : [4I3jf, 1MI9o].
2025-01-27 17:12:04,689 INFO c.h.h.t.HelmChartContainer - [test-hivemq-platform] [hivemq] [86dc8b32] INFO  - Starting cluster replication process. This may take a while. Please do not shut down HiveMQ.
2025-01-27 17:12:04,959 INFO c.h.h.t.HelmChartContainer - [test-hivemq-platform] [hivemq] [92c6a677] INFO  - Finished cluster replication successfully in 284 ms.
2025-01-27 17:12:05,047 INFO c.h.h.t.HelmChartContainer - [test-hivemq-platform] [hivemq] [86dc8b32] INFO  - Finished cluster replication successfully in 358 ms.
2025-01-27 17:12:06,940 INFO c.h.h.t.HelmChartContainer - [test-hivemq-platform] [hivemq] [40ef4599] INFO  - Shutdown completed.
2025-01-27 17:12:07,292 INFO c.h.h.t.HelmChartContainer - [test-hivemq-platform] [hivemq] [40ef4599] INFO  - [HiveMQ Platform Operator Init App 1.7.0-SNAPSHOT] The HiveMQ Platform exited with code 143
2025-01-27 17:12:07,292 INFO c.h.h.t.HelmChartContainer - [test-hivemq-platform] [hivemq] [40ef4599] INFO  - [HiveMQ Platform Operator Init App 1.7.0-SNAPSHOT] Stopping the REST API
2025-01-27 17:12:07,332 INFO c.h.h.t.HelmChartContainer - [test-hivemq-platform] [hivemq] [40ef4599] INFO  - [HiveMQ Platform Operator Init App 1.7.0-SNAPSHOT] Shutdown complete
2025-01-27 17:12:07,787 INFO c.h.h.t.HelmChartContainer - [POD] test-hivemq-platform-2 [40ef4599-c952-4d38-a2e7-99b1fb4a1782] in helmvolumeclaimtemplatesit was MODIFIED
2025-01-27 17:12:07,801 INFO c.h.h.t.HelmChartContainer - [hivemq-test-hivemq-platform] [hivemq-platform-operator] [10333020] 17:12:07.790 [pool-6-thread-23] DEBUG c.h.p.o.d.PlatformServiceResource - [helmvolu] Desired Platform services (3 services)
2025-01-27 17:12:07,801 INFO c.h.h.t.HelmChartContainer - [hivemq-test-hivemq-platform] [hivemq-platform-operator] [10333020] 17:12:07.791 [pool-6-thread-30] DEBUG c.h.p.o.dependants.PodInfoConfigMap - [helmvolu] Desired PodInfo ConfigMap (1 extensions) (1 enabled)
2025-01-27 17:12:07,801 INFO c.h.h.t.HelmChartContainer - [hivemq-test-hivemq-platform] [hivemq-platform-operator] [10333020] 17:12:07.791 [pool-6-thread-30] DEBUG c.h.p.o.dependants.PodInfoConfigMap - [helmvolu] Desired PodInfo ConfigMap (metrics port: 9399) (metrics path: /)
2025-01-27 17:12:07,801 INFO c.h.h.t.HelmChartContainer - [hivemq-test-hivemq-platform] [hivemq-platform-operator] [10333020] 17:12:07.791 [pool-6-thread-30] DEBUG c.h.p.o.dependants.PodInfoConfigMap - [helmvolu] Desired PodInfo ConfigMap (extension state hash: -1817474005)
2025-01-27 17:12:07,801 INFO c.h.h.t.HelmChartContainer - [hivemq-test-hivemq-platform] [hivemq-platform-operator] [10333020] 17:12:07.792 [pool-6-thread-28] DEBUG c.h.p.o.d.PodServiceAccountResource - [helmvolu] Desired PodServiceAccountResource (serviceAccountName: hivemq-platform-pod-test-hivemq-platform)
2025-01-27 17:12:07,801 INFO c.h.h.t.HelmChartContainer - [hivemq-test-hivemq-platform] [hivemq-platform-operator] [10333020] 17:12:07.795 [pool-6-thread-23] DEBUG c.h.p.o.d.StatefulSetResource - [helmvolu] Desired StatefulSet (2 replicas) for status ROLLING_RESTART (SCALE_DOWN_IN_PROGRESS)
2025-01-27 17:12:07,805 INFO c.h.h.t.HelmChartContainer - [hivemq-test-hivemq-platform] [hivemq-platform-operator] [10333020] 17:12:07.799 [ReconcilerExecutor-hivemq-controller-125] INFO  c.h.p.o.HiveMQPlatformReconciler - [helmvolu] Reconciling HiveMQ Platform 'test-hivemq-platform' in namespace 'helmvolumeclaimtemplatesit'
2025-01-27 17:12:07,805 INFO c.h.h.t.HelmChartContainer - [hivemq-test-hivemq-platform] [hivemq-platform-operator] [10333020] 17:12:07.799 [ReconcilerExecutor-hivemq-controller-125] DEBUG c.h.p.o.HiveMQPlatformReconciler - [helmvolu] Custom Resource Status ROLLING_RESTART - HiveMQ Platform is stopping the surge Pod (rolling restart) (SCALE_DOWN_IN_PROGRESS)
2025-01-27 17:12:07,809 INFO c.h.h.t.HelmChartContainer - [hivemq-test-hivemq-platform] [hivemq-platform-operator] [10333020] 17:12:07.799 [ReconcilerExecutor-hivemq-controller-125] DEBUG c.h.p.o.HiveMQPlatformReconciler - [helmvolu] Custom Resource Spec (replicas: 2) (extensions: 1)
2025-01-27 17:12:07,809 INFO c.h.h.t.HelmChartContainer - [hivemq-test-hivemq-platform] [hivemq-platform-operator] [10333020] 17:12:07.800 [ReconcilerExecutor-hivemq-controller-125] DEBUG c.h.p.o.HiveMQPlatformReconciler - [helmvolu] StatefulSet Status (revision: test-hivemq-platform-56957c7b74, replicas: 3, available: 3, ready: 3, current: 0, updated: 2)
2025-01-27 17:12:07,809 INFO c.h.h.t.HelmChartContainer - [hivemq-test-hivemq-platform] [hivemq-platform-operator] [10333020] 17:12:07.801 [ReconcilerExecutor-hivemq-controller-125] DEBUG c.h.p.o.HiveMQPlatformReconciler - [helmvolu] StatefulSet Spec (replicas: 2, init containers: 1, containers: 1, volumes: 4)
2025-01-27 17:12:07,809 INFO c.h.h.t.HelmChartContainer - [hivemq-test-hivemq-platform] [hivemq-platform-operator] [10333020] 17:12:07.806 [ReconcilerExecutor-hivemq-controller-125] DEBUG c.h.p.o.h.HiveMQPlatformReconcilerErrorHandler - [helmvolu] Pod 'test-hivemq-platform-1' phase Running
2025-01-27 17:12:07,813 INFO c.h.h.t.HelmChartContainer - [hivemq-test-hivemq-platform] [hivemq-platform-operator] [10333020] 17:12:07.808 [ReconcilerExecutor-hivemq-controller-125] DEBUG c.h.p.o.h.HiveMQPlatformReconcilerErrorHandler - [helmvolu] Pod 'test-hivemq-platform-0' phase Running
2025-01-27 17:12:07,813 INFO c.h.h.t.HelmChartContainer - [hivemq-test-hivemq-platform] [hivemq-platform-operator] [10333020] 17:12:07.808 [ReconcilerExecutor-hivemq-controller-125] DEBUG c.h.p.o.h.HiveMQPlatformReconcilerRollingRestartHandler - [helmvolu] Rolling restart is waiting for 3 of 2 replicas
2025-01-27 17:12:07,815 INFO c.h.h.t.HelmChartContainer - [hivemq-test-hivemq-platform] [hivemq-platform-operator] [10333020] 17:12:07.812 [pool-6-thread-40] DEBUG c.h.p.o.d.PlatformServiceResource - [helmvolu] Desired Platform services (3 services)
2025-01-27 17:12:07,815 INFO c.h.h.t.HelmChartContainer - [hivemq-test-hivemq-platform] [hivemq-platform-operator] [10333020] 17:12:07.813 [pool-6-thread-36] DEBUG c.h.p.o.dependants.PodInfoConfigMap - [helmvolu] Desired PodInfo ConfigMap (1 extensions) (1 enabled)
2025-01-27 17:12:07,815 INFO c.h.h.t.HelmChartContainer - [hivemq-test-hivemq-platform] [hivemq-platform-operator] [10333020] 17:12:07.813 [pool-6-thread-36] DEBUG c.h.p.o.dependants.PodInfoConfigMap - [helmvolu] Desired PodInfo ConfigMap (metrics port: 9399) (metrics path: /)
2025-01-27 17:12:07,817 INFO c.h.h.t.HelmChartContainer - [hivemq-test-hivemq-platform] [hivemq-platform-operator] [10333020] 17:12:07.813 [pool-6-thread-36] DEBUG c.h.p.o.dependants.PodInfoConfigMap - [helmvolu] Desired PodInfo ConfigMap (extension state hash: -1817474005)
2025-01-27 17:12:07,817 INFO c.h.h.t.HelmChartContainer - [hivemq-test-hivemq-platform] [hivemq-platform-operator] [10333020] 17:12:07.814 [pool-6-thread-33] DEBUG c.h.p.o.d.PodServiceAccountResource - [helmvolu] Desired PodServiceAccountResource (serviceAccountName: hivemq-platform-pod-test-hivemq-platform)
2025-01-27 17:12:07,834 INFO c.h.h.t.HelmChartContainer - [hivemq-test-hivemq-platform] [hivemq-platform-operator] [10333020] 17:12:07.833 [pool-6-thread-40] DEBUG c.h.p.o.d.StatefulSetResource - [helmvolu] Desired StatefulSet (2 replicas) for status ROLLING_RESTART (SCALE_DOWN_IN_PROGRESS)
2025-01-27 17:12:07,837 INFO c.h.h.t.HelmChartContainer - [hivemq-test-hivemq-platform] [hivemq-platform-operator] [10333020] 17:12:07.835 [ReconcilerExecutor-hivemq-controller-126] INFO  c.h.p.o.HiveMQPlatformReconciler - [helmvolu] Reconciling HiveMQ Platform 'test-hivemq-platform' in namespace 'helmvolumeclaimtemplatesit'
2025-01-27 17:12:07,837 INFO c.h.h.t.HelmChartContainer - [hivemq-test-hivemq-platform] [hivemq-platform-operator] [10333020] 17:12:07.835 [ReconcilerExecutor-hivemq-controller-126] DEBUG c.h.p.o.HiveMQPlatformReconciler - [helmvolu] Custom Resource Status ROLLING_RESTART - HiveMQ Platform is stopping the surge Pod (rolling restart) (SCALE_DOWN_IN_PROGRESS)
2025-01-27 17:12:07,837 INFO c.h.h.t.HelmChartContainer - [hivemq-test-hivemq-platform] [hivemq-platform-operator] [10333020] 17:12:07.835 [ReconcilerExecutor-hivemq-controller-126] DEBUG c.h.p.o.HiveMQPlatformReconciler - [helmvolu] Custom Resource Spec (replicas: 2) (extensions: 1)
2025-01-27 17:12:07,841 INFO c.h.h.t.HelmChartContainer - [hivemq-test-hivemq-platform] [hivemq-platform-operator] [10333020] 17:12:07.838 [ReconcilerExecutor-hivemq-controller-126] DEBUG c.h.p.o.HiveMQPlatformReconciler - [helmvolu] StatefulSet Status (revision: test-hivemq-platform-56957c7b74, replicas: 3, available: 2, ready: 2, current: 0, updated: 2)
2025-01-27 17:12:07,842 INFO c.h.h.t.HelmChartContainer - [hivemq-test-hivemq-platform] [hivemq-platform-operator] [10333020] 17:12:07.838 [ReconcilerExecutor-hivemq-controller-126] DEBUG c.h.p.o.HiveMQPlatformReconciler - [helmvolu] StatefulSet Spec (replicas: 2, init containers: 1, containers: 1, volumes: 4)
2025-01-27 17:12:07,842 INFO c.h.h.t.HelmChartContainer - [hivemq-test-hivemq-platform] [hivemq-platform-operator] [10333020] 17:12:07.839 [ReconcilerExecutor-hivemq-controller-126] DEBUG c.h.p.o.h.HiveMQPlatformReconcilerErrorHandler - [helmvolu] Pod 'test-hivemq-platform-1' phase Running
2025-01-27 17:12:07,842 INFO c.h.h.t.HelmChartContainer - [hivemq-test-hivemq-platform] [hivemq-platform-operator] [10333020] 17:12:07.840 [ReconcilerExecutor-hivemq-controller-126] DEBUG c.h.p.o.h.HiveMQPlatformReconcilerErrorHandler - [helmvolu] Pod 'test-hivemq-platform-0' phase Running
2025-01-27 17:12:07,842 INFO c.h.h.t.HelmChartContainer - [hivemq-test-hivemq-platform] [hivemq-platform-operator] [10333020] 17:12:07.841 [ReconcilerExecutor-hivemq-controller-126] INFO  c.h.p.o.h.HiveMQPlatformReconcilerRollingRestartHandler - [helmvolu] Rolling restart is done
2025-01-27 17:12:07,852 INFO c.h.h.t.HelmChartContainer - [EVENT] Normal [Ready] HiveMQ Platform is ready [helmvolumeclaimtemplatesit:test-hivemq-platform]
2025-01-27 17:12:07,896 INFO c.h.h.t.HelmChartContainer - [hivemq-test-hivemq-platform] [hivemq-platform-operator] [10333020] 17:12:07.895 [ReconcilerExecutor-hivemq-controller-126] DEBUG c.h.p.operator.event.EventSender - [helmvolu] Updating K8s event hivemq-platform-ready: [Ready] HiveMQ Platform is ready
2025-01-27 17:12:07,897 INFO c.h.h.t.HelmChartContainer - [hivemq-test-hivemq-platform] [hivemq-platform-operator] [10333020] 17:12:07.895 [ReconcilerExecutor-hivemq-controller-126] INFO  c.h.p.o.h.AbstractHiveMQReconcilerStateHandler - [helmvolu] Update HiveMQ Platform Status (ROLLING_RESTART [SCALE_DOWN_IN_PROGRESS] -> RUNNING [READY]): HiveMQ Platform is ready
2025-01-27 17:12:07,910 DEBUG com.hivemq.helmcharts.util.K8sUtil - Comparing actual state 'RUNNING' and waiting for 'RUNNING'
2025-01-27 17:12:07,923 INFO c.h.h.t.HelmChartContainer - [K3S] [reconciler_common.go:162] "operationExecutor.UnmountVolume started for volume \"hivemq-pvc-data\" (UniqueName: \"kubernetes.io/local-volume/pvc-d1f62e63-eaa7-4d71-8a59-f524e23e565b\") pod \"40ef4599-c952-4d38-a2e7-99b1fb4a1782\" (UID: \"40ef4599-c952-4d38-a2e7-99b1fb4a1782\") "
2025-01-27 17:12:07,923 INFO c.h.h.t.HelmChartContainer - [K3S] [reconciler_common.go:162] "operationExecutor.UnmountVolume started for volume \"pod-info\" (UniqueName: \"kubernetes.io/configmap/40ef4599-c952-4d38-a2e7-99b1fb4a1782-pod-info\") pod \"40ef4599-c952-4d38-a2e7-99b1fb4a1782\" (UID: \"40ef4599-c952-4d38-a2e7-99b1fb4a1782\") "
2025-01-27 17:12:07,923 INFO c.h.h.t.HelmChartContainer - [K3S] [reconciler_common.go:162] "operationExecutor.UnmountVolume started for volume \"kube-api-access-942nl\" (UniqueName: \"kubernetes.io/projected/40ef4599-c952-4d38-a2e7-99b1fb4a1782-kube-api-access-942nl\") pod \"40ef4599-c952-4d38-a2e7-99b1fb4a1782\" (UID: \"40ef4599-c952-4d38-a2e7-99b1fb4a1782\") "
2025-01-27 17:12:07,924 INFO c.h.h.t.HelmChartContainer - [K3S] [reconciler_common.go:162] "operationExecutor.UnmountVolume started for volume \"operator-init\" (UniqueName: \"kubernetes.io/empty-dir/40ef4599-c952-4d38-a2e7-99b1fb4a1782-operator-init\") pod \"40ef4599-c952-4d38-a2e7-99b1fb4a1782\" (UID: \"40ef4599-c952-4d38-a2e7-99b1fb4a1782\") "
2025-01-27 17:12:07,924 INFO c.h.h.t.HelmChartContainer - [K3S] [reconciler_common.go:162] "operationExecutor.UnmountVolume started for volume \"broker-configuration\" (UniqueName: \"kubernetes.io/configmap/40ef4599-c952-4d38-a2e7-99b1fb4a1782-broker-configuration\") pod \"40ef4599-c952-4d38-a2e7-99b1fb4a1782\" (UID: \"40ef4599-c952-4d38-a2e7-99b1fb4a1782\") "
2025-01-27 17:12:08,023 INFO c.h.h.t.HelmChartContainer - [K3S] [reconciler_common.go:292] "operationExecutor.UnmountDevice started for volume \"pvc-d1f62e63-eaa7-4d71-8a59-f524e23e565b\" (UniqueName: \"kubernetes.io/local-volume/pvc-d1f62e63-eaa7-4d71-8a59-f524e23e565b\") on node \"7305957e3207\" "
2025-01-27 17:12:08,023 INFO c.h.h.t.HelmChartContainer - [K3S] [reconciler_common.go:299] "Volume detached for volume \"pod-info\" (UniqueName: \"kubernetes.io/configmap/40ef4599-c952-4d38-a2e7-99b1fb4a1782-pod-info\") on node \"7305957e3207\" DevicePath \"\""
2025-01-27 17:12:08,023 INFO c.h.h.t.HelmChartContainer - [K3S] [reconciler_common.go:299] "Volume detached for volume \"kube-api-access-942nl\" (UniqueName: \"kubernetes.io/projected/40ef4599-c952-4d38-a2e7-99b1fb4a1782-kube-api-access-942nl\") on node \"7305957e3207\" DevicePath \"\""
2025-01-27 17:12:08,023 INFO c.h.h.t.HelmChartContainer - [K3S] [reconciler_common.go:299] "Volume detached for volume \"operator-init\" (UniqueName: \"kubernetes.io/empty-dir/40ef4599-c952-4d38-a2e7-99b1fb4a1782-operator-init\") on node \"7305957e3207\" DevicePath \"\""
2025-01-27 17:12:08,023 INFO c.h.h.t.HelmChartContainer - [K3S] [reconciler_common.go:299] "Volume detached for volume \"broker-configuration\" (UniqueName: \"kubernetes.io/configmap/40ef4599-c952-4d38-a2e7-99b1fb4a1782-broker-configuration\") on node \"7305957e3207\" DevicePath \"\""
2025-01-27 17:12:08,068 INFO c.h.h.t.HelmChartContainer - [K3S] [scope.go:117] "RemoveContainer" containerID="2ec3e5e8a2b50daa9cd6cd0bc755a55841fa4fd1d1ab0160c465eb6b9fe657cf"
2025-01-27 17:12:08,072 INFO c.h.h.t.HelmChartContainer - [K3S] [scope.go:117] "RemoveContainer" containerID="e929f3135ec940c3cefb44ff6ccbe0b71b3ef84bf0ded6b93025465e7508fb2b"
2025-01-27 17:12:08,075 INFO c.h.h.t.HelmChartContainer - [K3S] [scope.go:117] "RemoveContainer" containerID="2ec3e5e8a2b50daa9cd6cd0bc755a55841fa4fd1d1ab0160c465eb6b9fe657cf"
2025-01-27 17:12:08,075 INFO c.h.h.t.HelmChartContainer - [K3S] [scope.go:117] "RemoveContainer" containerID="e929f3135ec940c3cefb44ff6ccbe0b71b3ef84bf0ded6b93025465e7508fb2b"
2025-01-27 17:12:08,091 INFO c.h.h.t.HelmChartContainer - [POD] test-hivemq-platform-2 [40ef4599-c952-4d38-a2e7-99b1fb4a1782] in helmvolumeclaimtemplatesit was MODIFIED
2025-01-27 17:12:08,097 INFO c.h.h.t.HelmChartContainer - [hivemq-test-hivemq-platform] [hivemq-platform-operator] [10333020] 17:12:08.090 [pool-6-thread-42] DEBUG c.h.p.o.d.PlatformServiceResource - [helmvolu] Desired Platform services (3 services)
2025-01-27 17:12:08,097 INFO c.h.h.t.HelmChartContainer - [hivemq-test-hivemq-platform] [hivemq-platform-operator] [10333020] 17:12:08.092 [pool-6-thread-44] DEBUG c.h.p.o.dependants.PodInfoConfigMap - [helmvolu] Desired PodInfo ConfigMap (1 extensions) (1 enabled)
2025-01-27 17:12:08,097 INFO c.h.h.t.HelmChartContainer - [hivemq-test-hivemq-platform] [hivemq-platform-operator] [10333020] 17:12:08.093 [pool-6-thread-44] DEBUG c.h.p.o.dependants.PodInfoConfigMap - [helmvolu] Desired PodInfo ConfigMap (metrics port: 9399) (metrics path: /)
2025-01-27 17:12:08,099 INFO c.h.h.t.HelmChartContainer - [hivemq-test-hivemq-platform] [hivemq-platform-operator] [10333020] 17:12:08.093 [pool-6-thread-44] DEBUG c.h.p.o.dependants.PodInfoConfigMap - [helmvolu] Desired PodInfo ConfigMap (extension state hash: -1817474005)
2025-01-27 17:12:08,099 INFO c.h.h.t.HelmChartContainer - [hivemq-test-hivemq-platform] [hivemq-platform-operator] [10333020] 17:12:08.094 [pool-6-thread-46] DEBUG c.h.p.o.d.PodServiceAccountResource - [helmvolu] Desired PodServiceAccountResource (serviceAccountName: hivemq-platform-pod-test-hivemq-platform)
2025-01-27 17:12:08,099 INFO c.h.h.t.HelmChartContainer - [hivemq-test-hivemq-platform] [hivemq-platform-operator] [10333020] 17:12:08.094 [pool-6-thread-44] DEBUG c.h.p.o.dependants.PodInfoConfigMap - [helmvolu] Update PodInfo ConfigMap
2025-01-27 17:12:08,103 INFO c.h.h.t.HelmChartContainer - [POD] test-hivemq-platform-2 [40ef4599-c952-4d38-a2e7-99b1fb4a1782] in helmvolumeclaimtemplatesit was DELETED
2025-01-27 17:12:08,114 INFO c.h.h.t.HelmChartContainer - [hivemq-test-hivemq-platform] [hivemq-platform-operator] [10333020] 17:12:08.112 [pool-6-thread-44] DEBUG c.h.p.o.d.StatefulSetResource - [helmvolu] Desired StatefulSet (2 replicas) for status RUNNING (READY)
2025-01-27 17:12:08,116 INFO c.h.h.t.HelmChartContainer - [hivemq-test-hivemq-platform] [hivemq-platform-operator] [10333020] 17:12:08.115 [ReconcilerExecutor-hivemq-controller-127] INFO  c.h.p.o.HiveMQPlatformReconciler - [helmvolu] Reconciling HiveMQ Platform 'test-hivemq-platform' in namespace 'helmvolumeclaimtemplatesit'
2025-01-27 17:12:08,116 INFO c.h.h.t.HelmChartContainer - [hivemq-test-hivemq-platform] [hivemq-platform-operator] [10333020] 17:12:08.115 [ReconcilerExecutor-hivemq-controller-127] DEBUG c.h.p.o.HiveMQPlatformReconciler - [helmvolu] Custom Resource Status RUNNING - HiveMQ Platform is ready (READY)
2025-01-27 17:12:08,116 INFO c.h.h.t.HelmChartContainer - [hivemq-test-hivemq-platform] [hivemq-platform-operator] [10333020] 17:12:08.115 [ReconcilerExecutor-hivemq-controller-127] DEBUG c.h.p.o.HiveMQPlatformReconciler - [helmvolu] Custom Resource Spec (replicas: 2) (extensions: 1)
2025-01-27 17:12:08,119 INFO c.h.h.t.HelmChartContainer - [hivemq-test-hivemq-platform] [hivemq-platform-operator] [10333020] 17:12:08.117 [ReconcilerExecutor-hivemq-controller-127] DEBUG c.h.p.o.HiveMQPlatformReconciler - [helmvolu] StatefulSet Status (revision: test-hivemq-platform-56957c7b74, replicas: 2, available: 2, ready: 2, current: 0, updated: 2)
2025-01-27 17:12:08,120 INFO c.h.h.t.HelmChartContainer - [hivemq-test-hivemq-platform] [hivemq-platform-operator] [10333020] 17:12:08.117 [ReconcilerExecutor-hivemq-controller-127] DEBUG c.h.p.o.HiveMQPlatformReconciler - [helmvolu] StatefulSet Spec (replicas: 2, init containers: 1, containers: 1, volumes: 4)
2025-01-27 17:12:08,121 INFO c.h.h.t.HelmChartContainer - [hivemq-test-hivemq-platform] [hivemq-platform-operator] [10333020] 17:12:08.119 [ReconcilerExecutor-hivemq-controller-127] DEBUG c.h.p.o.h.HiveMQPlatformReconcilerErrorHandler - [helmvolu] Pod 'test-hivemq-platform-1' phase Running
2025-01-27 17:12:08,122 INFO c.h.h.t.HelmChartContainer - [hivemq-test-hivemq-platform] [hivemq-platform-operator] [10333020] 17:12:08.121 [ReconcilerExecutor-hivemq-controller-127] DEBUG c.h.p.o.h.HiveMQPlatformReconcilerErrorHandler - [helmvolu] Pod 'test-hivemq-platform-0' phase Running
2025-01-27 17:12:08,123 INFO c.h.h.t.HelmChartContainer - [K3S] [reconciler_common.go:299] "Volume detached for volume \"pvc-d1f62e63-eaa7-4d71-8a59-f524e23e565b\" (UniqueName: \"kubernetes.io/local-volume/pvc-d1f62e63-eaa7-4d71-8a59-f524e23e565b\") on node \"7305957e3207\" DevicePath \"\""
2025-01-27 17:12:08,136 INFO c.h.h.t.HelmChartContainer - [hivemq-test-hivemq-platform] [hivemq-platform-operator] [10333020] 17:12:08.132 [pool-6-thread-3] DEBUG c.h.p.o.d.PlatformServiceResource - [helmvolu] Desired Platform services (3 services)
2025-01-27 17:12:08,136 INFO c.h.h.t.HelmChartContainer - [hivemq-test-hivemq-platform] [hivemq-platform-operator] [10333020] 17:12:08.133 [pool-6-thread-1] DEBUG c.h.p.o.dependants.PodInfoConfigMap - [helmvolu] Desired PodInfo ConfigMap (1 extensions) (1 enabled)
2025-01-27 17:12:08,136 INFO c.h.h.t.HelmChartContainer - [hivemq-test-hivemq-platform] [hivemq-platform-operator] [10333020] 17:12:08.133 [pool-6-thread-1] DEBUG c.h.p.o.dependants.PodInfoConfigMap - [helmvolu] Desired PodInfo ConfigMap (metrics port: 9399) (metrics path: /)
2025-01-27 17:12:08,136 INFO c.h.h.t.HelmChartContainer - [hivemq-test-hivemq-platform] [hivemq-platform-operator] [10333020] 17:12:08.133 [pool-6-thread-1] DEBUG c.h.p.o.dependants.PodInfoConfigMap - [helmvolu] Desired PodInfo ConfigMap (extension state hash: -1817474005)
2025-01-27 17:12:08,136 INFO c.h.h.t.HelmChartContainer - [hivemq-test-hivemq-platform] [hivemq-platform-operator] [10333020] 17:12:08.134 [pool-6-thread-3] DEBUG c.h.p.o.d.PodServiceAccountResource - [helmvolu] Desired PodServiceAccountResource (serviceAccountName: hivemq-platform-pod-test-hivemq-platform)
2025-01-27 17:12:08,137 INFO c.h.h.t.HelmChartContainer - [hivemq-test-hivemq-platform] [hivemq-platform-operator] [10333020] 17:12:08.136 [pool-6-thread-1] DEBUG c.h.p.o.d.StatefulSetResource - [helmvolu] Desired StatefulSet (2 replicas) for status RUNNING (READY)
2025-01-27 17:12:08,196 INFO c.h.h.t.HelmChartContainer - [hivemq-test-hivemq-platform] [hivemq-platform-operator] [10333020] 17:12:08.195 [ReconcilerExecutor-hivemq-controller-127] INFO  c.h.p.o.HiveMQPlatformReconciler - [helmvolu] Reconciling HiveMQ Platform 'test-hivemq-platform' in namespace 'helmvolumeclaimtemplatesit'
2025-01-27 17:12:08,196 INFO c.h.h.t.HelmChartContainer - [hivemq-test-hivemq-platform] [hivemq-platform-operator] [10333020] 17:12:08.195 [ReconcilerExecutor-hivemq-controller-127] DEBUG c.h.p.o.HiveMQPlatformReconciler - [helmvolu] Custom Resource Status RUNNING - HiveMQ Platform is ready (READY)
2025-01-27 17:12:08,196 INFO c.h.h.t.HelmChartContainer - [hivemq-test-hivemq-platform] [hivemq-platform-operator] [10333020] 17:12:08.195 [ReconcilerExecutor-hivemq-controller-127] DEBUG c.h.p.o.HiveMQPlatformReconciler - [helmvolu] Custom Resource Spec (replicas: 2) (extensions: 1)
2025-01-27 17:12:08,198 INFO c.h.h.t.HelmChartContainer - [hivemq-test-hivemq-platform] [hivemq-platform-operator] [10333020] 17:12:08.197 [ReconcilerExecutor-hivemq-controller-127] DEBUG c.h.p.o.HiveMQPlatformReconciler - [helmvolu] StatefulSet Status (revision: test-hivemq-platform-56957c7b74, replicas: 2, available: 2, ready: 2, current: 0, updated: 2)
2025-01-27 17:12:08,198 INFO c.h.h.t.HelmChartContainer - [hivemq-test-hivemq-platform] [hivemq-platform-operator] [10333020] 17:12:08.197 [ReconcilerExecutor-hivemq-controller-127] DEBUG c.h.p.o.HiveMQPlatformReconciler - [helmvolu] StatefulSet Spec (replicas: 2, init containers: 1, containers: 1, volumes: 4)
2025-01-27 17:12:08,200 INFO c.h.h.t.HelmChartContainer - [hivemq-test-hivemq-platform] [hivemq-platform-operator] [10333020] 17:12:08.198 [ReconcilerExecutor-hivemq-controller-127] DEBUG c.h.p.o.h.HiveMQPlatformReconcilerErrorHandler - [helmvolu] Pod 'test-hivemq-platform-1' phase Running
2025-01-27 17:12:08,203 INFO c.h.h.t.HelmChartContainer - [hivemq-test-hivemq-platform] [hivemq-platform-operator] [10333020] 17:12:08.199 [ReconcilerExecutor-hivemq-controller-127] DEBUG c.h.p.o.h.HiveMQPlatformReconcilerErrorHandler - [helmvolu] Pod 'test-hivemq-platform-0' phase Running
2025-01-27 17:12:08,315 INFO c.h.h.t.HelmChartContainer - [K3S] [kubelet_volumes.go:163] "Cleaned up orphaned pod volumes dir" podUID="40ef4599-c952-4d38-a2e7-99b1fb4a1782" path="/var/lib/kubelet/pods/40ef4599-c952-4d38-a2e7-99b1fb4a1782/volumes"
2025-01-27 17:12:10,009 DEBUG com.hivemq.helmcharts.util.PodUtil - Received status for command '[cat, /opt/hivemq/data/test-hivemq-platform-0.txt]' on pod 'test-hivemq-platform-0' (exit code: 0)
2025-01-27 17:12:10,092 DEBUG com.hivemq.helmcharts.util.PodUtil - Received status for command '[cat, /opt/hivemq/data/test-hivemq-platform-1.txt]' on pod 'test-hivemq-platform-1' (exit code: 0)
2025-01-27 17:12:10,093 INFO c.h.h.t.HelmChartContainer - Uninstalling release 'test-hivemq-platform' in namespace 'helmvolumeclaimtemplatesit'...
2025-01-27 17:12:10,093 DEBUG c.h.h.t.HelmChartContainer - Executing helm command: /bin/helm --kubeconfig /etc/rancher/k3s/k3s.yaml uninstall test-hivemq-platform  --wait --timeout 5m0s --cascade foreground --namespace helmvolumeclaimtemplatesit
2025-01-27 17:12:10,277 INFO c.h.h.t.HelmChartContainer - [hivemq-test-hivemq-platform] [hivemq-platform-operator] [10333020] 17:12:10.274 [pool-6-thread-13] DEBUG c.h.p.o.d.PlatformServiceResource - [helmvolu] Desired Platform services (3 services)
2025-01-27 17:12:10,277 INFO c.h.h.t.HelmChartContainer - [hivemq-test-hivemq-platform] [hivemq-platform-operator] [10333020] 17:12:10.275 [pool-6-thread-17] DEBUG c.h.p.o.dependants.PodInfoConfigMap - [helmvolu] Desired PodInfo ConfigMap (1 extensions) (1 enabled)
2025-01-27 17:12:10,277 INFO c.h.h.t.HelmChartContainer - [hivemq-test-hivemq-platform] [hivemq-platform-operator] [10333020] 17:12:10.275 [pool-6-thread-17] DEBUG c.h.p.o.dependants.PodInfoConfigMap - [helmvolu] Desired PodInfo ConfigMap (metrics port: 9399) (metrics path: /)
2025-01-27 17:12:10,277 INFO c.h.h.t.HelmChartContainer - [hivemq-test-hivemq-platform] [hivemq-platform-operator] [10333020] 17:12:10.275 [pool-6-thread-17] DEBUG c.h.p.o.dependants.PodInfoConfigMap - [helmvolu] Desired PodInfo ConfigMap (extension state hash: -1817474005)
2025-01-27 17:12:10,277 INFO c.h.h.t.HelmChartContainer - [hivemq-test-hivemq-platform] [hivemq-platform-operator] [10333020] 17:12:10.275 [pool-6-thread-17] DEBUG c.h.p.o.d.PodServiceAccountResource - [helmvolu] Desired PodServiceAccountResource (serviceAccountName: hivemq-platform-pod-test-hivemq-platform)
2025-01-27 17:12:10,289 INFO c.h.h.t.HelmChartContainer - [hivemq-test-hivemq-platform] [hivemq-platform-operator] [10333020] 17:12:10.279 [pool-6-thread-18] DEBUG c.h.p.o.d.StatefulSetResource - [helmvolu] Desired StatefulSet (2 replicas) for status RUNNING (READY)
2025-01-27 17:12:10,289 INFO c.h.h.t.HelmChartContainer - [hivemq-test-hivemq-platform] [hivemq-platform-operator] [10333020] 17:12:10.281 [ReconcilerExecutor-hivemq-controller-130] INFO  c.h.p.o.HiveMQPlatformReconciler - [helmvolu] Reconciling HiveMQ Platform 'test-hivemq-platform' in namespace 'helmvolumeclaimtemplatesit'
2025-01-27 17:12:10,289 INFO c.h.h.t.HelmChartContainer - [hivemq-test-hivemq-platform] [hivemq-platform-operator] [10333020] 17:12:10.281 [ReconcilerExecutor-hivemq-controller-130] DEBUG c.h.p.o.HiveMQPlatformReconciler - [helmvolu] Custom Resource Status RUNNING - HiveMQ Platform is ready (READY)
2025-01-27 17:12:10,289 INFO c.h.h.t.HelmChartContainer - [hivemq-test-hivemq-platform] [hivemq-platform-operator] [10333020] 17:12:10.281 [ReconcilerExecutor-hivemq-controller-130] DEBUG c.h.p.o.HiveMQPlatformReconciler - [helmvolu] Custom Resource Spec (replicas: 2) (extensions: 1)
2025-01-27 17:12:10,289 INFO c.h.h.t.HelmChartContainer - [hivemq-test-hivemq-platform] [hivemq-platform-operator] [10333020] 17:12:10.282 [ReconcilerExecutor-hivemq-controller-130] DEBUG c.h.p.o.HiveMQPlatformReconciler - [helmvolu] StatefulSet Status (revision: test-hivemq-platform-56957c7b74, replicas: 2, available: 2, ready: 2, current: 0, updated: 2)
2025-01-27 17:12:10,289 INFO c.h.h.t.HelmChartContainer - [hivemq-test-hivemq-platform] [hivemq-platform-operator] [10333020] 17:12:10.282 [ReconcilerExecutor-hivemq-controller-130] DEBUG c.h.p.o.HiveMQPlatformReconciler - [helmvolu] StatefulSet Spec (replicas: 2, init containers: 1, containers: 1, volumes: 4)
2025-01-27 17:12:10,289 INFO c.h.h.t.HelmChartContainer - [hivemq-test-hivemq-platform] [hivemq-platform-operator] [10333020] 17:12:10.283 [ReconcilerExecutor-hivemq-controller-130] DEBUG c.h.p.o.h.HiveMQPlatformReconcilerErrorHandler - [helmvolu] Pod 'test-hivemq-platform-1' phase Running
2025-01-27 17:12:10,289 INFO c.h.h.t.HelmChartContainer - [hivemq-test-hivemq-platform] [hivemq-platform-operator] [10333020] 17:12:10.285 [ReconcilerExecutor-hivemq-controller-130] DEBUG c.h.p.o.h.HiveMQPlatformReconcilerErrorHandler - [helmvolu] Pod 'test-hivemq-platform-0' phase Running
2025-01-27 17:12:10,291 INFO c.h.h.t.HelmChartContainer - [hivemq-test-hivemq-platform] [hivemq-platform-operator] [10333020] 17:12:10.288 [ReconcilerExecutor-hivemq-controller-130] INFO  c.h.p.o.HiveMQPlatformReconciler - [helmvolu] Cleanup test-hivemq-platform - helmvolumeclaimtemplatesit HiveMQ Platform is shut down
2025-01-27 17:12:10,987 INFO c.h.h.t.HelmChartContainer - [K3S] [authentication.go:74] "Unable to authenticate the request" err="[invalid bearer token, serviceaccounts \"hivemq-platform-pod-test-hivemq-platform\" not found]"
2025-01-27 17:12:11,006 INFO c.h.h.t.HelmChartContainer - [K3S] [authentication.go:74] "Unable to authenticate the request" err="[invalid bearer token, serviceaccounts \"hivemq-platform-pod-test-hivemq-platform\" not found]"
2025-01-27 17:12:11,051 INFO c.h.h.t.HelmChartContainer - [test-hivemq-platform] [hivemq] [86dc8b32] WARN  - [HiveMQ Platform Operator Init App 1.7.0-SNAPSHOT] Could not update Pod annotations: Failure executing: GET at: https://10.43.0.1:443/api/v1/namespaces/helmvolumeclaimtemplatesit/pods/test-hivemq-platform-0. Message: Unauthorized. Received status: Status(apiVersion=v1, code=401, details=null, kind=Status, message=Unauthorized, metadata=ListMeta(_continue=null, remainingItemCount=null, resourceVersion=null, selfLink=null, additionalProperties={}), reason=Unauthorized, status=Failure, additionalProperties={}).
2025-01-27 17:12:11,236 INFO c.h.h.t.HelmChartContainer - [POD] test-hivemq-platform-0 [86dc8b32-22f6-4751-bd55-12b284550ecb] in helmvolumeclaimtemplatesit was MODIFIED
2025-01-27 17:12:11,241 INFO c.h.h.t.HelmChartContainer - [EVENT] Normal [Killing] Stopping container hivemq [helmvolumeclaimtemplatesit:test-hivemq-platform-0]
2025-01-27 17:12:11,242 INFO c.h.h.t.HelmChartContainer - Received Killing event for container hivemq in pod test-hivemq-platform-0 [86dc8b32-22f6-4751-bd55-12b284550ecb]
2025-01-27 17:12:11,242 INFO c.h.h.t.HelmChartContainer - Container [test-hivemq-platform-0] [hivemq] [86dc8b32-22f6-4751-bd55-12b284550ecb] was terminated
2025-01-27 17:12:11,242 INFO c.h.h.t.HelmChartContainer - Stopped log watcher for hivemq in pod test-hivemq-platform-0 [86dc8b32-22f6-4751-bd55-12b284550ecb]
2025-01-27 17:12:11,246 INFO c.h.h.t.HelmChartContainer - [test-hivemq-platform] [hivemq] [86dc8b32] INFO  - [HiveMQ Platform Operator Init App 1.7.0-SNAPSHOT] Shutting down
2025-01-27 17:12:11,246 INFO c.h.h.t.HelmChartContainer - [test-hivemq-platform] [hivemq] [86dc8b32] INFO  - [HiveMQ Platform Operator Init App 1.7.0-SNAPSHOT] Stopping the HiveMQ Platform
2025-01-27 17:12:11,262 INFO c.h.h.t.HelmChartContainer - [POD] test-hivemq-platform-1 [92c6a677-16d2-4919-9fd0-31efec639a08] in helmvolumeclaimtemplatesit was MODIFIED
2025-01-27 17:12:11,275 INFO c.h.h.t.HelmChartContainer - [test-hivemq-platform] [hivemq] [92c6a677] INFO  - [HiveMQ Platform Operator Init App 1.7.0-SNAPSHOT] Shutting down
2025-01-27 17:12:11,275 INFO c.h.h.t.HelmChartContainer - [test-hivemq-platform] [hivemq] [92c6a677] INFO  - [HiveMQ Platform Operator Init App 1.7.0-SNAPSHOT] Stopping the HiveMQ Platform
2025-01-27 17:12:11,275 INFO c.h.h.t.HelmChartContainer - [EVENT] Normal [Killing] Stopping container hivemq [helmvolumeclaimtemplatesit:test-hivemq-platform-1]
2025-01-27 17:12:11,275 INFO c.h.h.t.HelmChartContainer - Received Killing event for container hivemq in pod test-hivemq-platform-1 [92c6a677-16d2-4919-9fd0-31efec639a08]
2025-01-27 17:12:11,275 INFO c.h.h.t.HelmChartContainer - Container [test-hivemq-platform-1] [hivemq] [92c6a677-16d2-4919-9fd0-31efec639a08] was terminated
2025-01-27 17:12:11,275 INFO c.h.h.t.HelmChartContainer - Stopped log watcher for hivemq in pod test-hivemq-platform-1 [92c6a677-16d2-4919-9fd0-31efec639a08]
2025-01-27 17:12:11,433 INFO c.h.h.t.HelmChartContainer - [test-hivemq-platform] [hivemq] [86dc8b32] INFO  - Shutting down HiveMQ. Please wait, this could take a while...
2025-01-27 17:12:11,449 INFO c.h.h.t.HelmChartContainer - [test-hivemq-platform] [hivemq] [86dc8b32] INFO  - Shutting down listeners and clients
2025-01-27 17:12:11,449 INFO c.h.h.t.HelmChartContainer - [test-hivemq-platform] [hivemq] [86dc8b32] INFO  - Shutdown of listeners is done
2025-01-27 17:12:11,450 INFO c.h.h.t.HelmChartContainer - [test-hivemq-platform] [hivemq] [86dc8b32] INFO  - No clients are connected, proceeding with shutdown
2025-01-27 17:12:11,466 INFO c.h.h.t.HelmChartContainer - [test-hivemq-platform] [hivemq] [92c6a677] INFO  - Shutting down HiveMQ. Please wait, this could take a while...
2025-01-27 17:12:11,471 INFO c.h.h.t.HelmChartContainer - [test-hivemq-platform] [hivemq] [92c6a677] INFO  - Shutting down listeners and clients
2025-01-27 17:12:11,556 INFO c.h.h.t.HelmChartContainer - [test-hivemq-platform] [hivemq] [92c6a677] INFO  - Shutdown of listeners is done
2025-01-27 17:12:11,557 INFO c.h.h.t.HelmChartContainer - [test-hivemq-platform] [hivemq] [92c6a677] INFO  - No clients are connected, proceeding with shutdown
2025-01-27 17:12:12,329 INFO c.h.h.t.HelmChartContainer - Deleting namespace 'helmvolumeclaimtemplatesit'...
2025-01-27 17:12:14,421 INFO c.h.h.t.HelmChartContainer - [test-hivemq-platform] [hivemq] [92c6a677] INFO  - [HiveMQ Platform Operator Init App 1.7.0-SNAPSHOT] Returning shutdown Health API response 503 for readiness
2025-01-27 17:12:14,425 INFO c.h.h.t.HelmChartContainer - [EVENT] Warning [Unhealthy] Readiness probe failed: HTTP probe failed with statuscode: 503 [helmvolumeclaimtemplatesit:test-hivemq-platform-1]
2025-01-27 17:12:14,425 INFO c.h.h.t.HelmChartContainer - Received Unhealthy event for container hivemq in pod test-hivemq-platform-1 [92c6a677-16d2-4919-9fd0-31efec639a08]
2025-01-27 17:12:15,284 INFO c.h.h.t.HelmChartContainer - [test-hivemq-platform] [hivemq] [92c6a677] WARN  - [HiveMQ Platform Operator Init App 1.7.0-SNAPSHOT] Could not update Pod annotations: Failure executing: GET at: https://10.43.0.1:443/api/v1/namespaces/helmvolumeclaimtemplatesit/pods/test-hivemq-platform-1. Message: pods "test-hivemq-platform-1" is forbidden: User "system:serviceaccount:helmvolumeclaimtemplatesit:hivemq-platform-pod-test-hivemq-platform" cannot get resource "pods" in API group "" in the namespace "helmvolumeclaimtemplatesit". Received status: Status(apiVersion=v1, code=403, details=StatusDetails(causes=[], group=null, kind=pods, name=test-hivemq-platform-1, retryAfterSeconds=null, uid=null, additionalProperties={}), kind=Status, message=pods "test-hivemq-platform-1" is forbidden: User "system:serviceaccount:helmvolumeclaimtemplatesit:hivemq-platform-pod-test-hivemq-platform" cannot get resource "pods" in API group "" in the namespace "helmvolumeclaimtemplatesit", metadata=ListMeta(_continue=null, remainingItemCount=null, resourceVersion=null, selfLink=null, additionalProperties={}), reason=Forbidden, status=Failure, additionalProperties={}).
2025-01-27 17:12:15,360 INFO c.h.h.t.HelmChartContainer - [test-hivemq-platform] [hivemq] [86dc8b32] INFO  - Shutting down extension system
2025-01-27 17:12:15,364 INFO c.h.h.t.HelmChartContainer - [test-hivemq-platform] [hivemq] [86dc8b32] INFO  - Stopping extension with id hivemq-dns-cluster-discovery
2025-01-27 17:12:15,364 INFO c.h.h.t.HelmChartContainer - [test-hivemq-platform] [hivemq] [86dc8b32] INFO  - Extension "DNS Cluster Discovery Extension" version 4.3.2 stopped successfully.
2025-01-27 17:12:15,364 INFO c.h.h.t.HelmChartContainer - [test-hivemq-platform] [hivemq] [86dc8b32] INFO  - Stopping extension with id hivemq-prometheus-extension
2025-01-27 17:12:15,370 INFO c.h.h.t.HelmChartContainer - [test-hivemq-platform] [hivemq] [86dc8b32] INFO  - Extension "Prometheus Monitoring Extension" version 4.0.12 stopped successfully.
2025-01-27 17:12:15,370 INFO c.h.h.t.HelmChartContainer - [test-hivemq-platform] [hivemq] [86dc8b32] INFO  - Stopping extension with id hivemq-allow-all-extension
2025-01-27 17:12:15,370 INFO c.h.h.t.HelmChartContainer - [test-hivemq-platform] [hivemq] [86dc8b32] INFO  - Extension "Allow All Extension" version 1.1.0 stopped successfully.
2025-01-27 17:12:15,451 INFO c.h.h.t.HelmChartContainer - [test-hivemq-platform] [hivemq] [86dc8b32] INFO  - [HiveMQ Platform Operator Init App 1.7.0-SNAPSHOT] Returning shutdown Health API response 503 for readiness
2025-01-27 17:12:15,456 INFO c.h.h.t.HelmChartContainer - [test-hivemq-platform] [hivemq] [92c6a677] INFO  - Cluster nodes found by discovery: [4I3jf|8] (1) [4I3jf].
2025-01-27 17:12:15,456 INFO c.h.h.t.HelmChartContainer - [EVENT] Warning [Unhealthy] Readiness probe failed: HTTP probe failed with statuscode: 503 [helmvolumeclaimtemplatesit:test-hivemq-platform-0]
2025-01-27 17:12:15,456 INFO c.h.h.t.HelmChartContainer - Received Unhealthy event for container hivemq in pod test-hivemq-platform-0 [86dc8b32-22f6-4751-bd55-12b284550ecb]
2025-01-27 17:12:15,458 INFO c.h.h.t.HelmChartContainer - [test-hivemq-platform] [hivemq] [92c6a677] INFO  - Cluster size = 1, members : [4I3jf].
2025-01-27 17:12:15,472 INFO c.h.h.t.HelmChartContainer - [test-hivemq-platform] [hivemq] [92c6a677] INFO  - Shutting down extension system
2025-01-27 17:12:15,474 INFO c.h.h.t.HelmChartContainer - [test-hivemq-platform] [hivemq] [92c6a677] INFO  - Stopping extension with id hivemq-dns-cluster-discovery
2025-01-27 17:12:15,475 INFO c.h.h.t.HelmChartContainer - [test-hivemq-platform] [hivemq] [92c6a677] INFO  - Extension "DNS Cluster Discovery Extension" version 4.3.2 stopped successfully.
2025-01-27 17:12:15,475 INFO c.h.h.t.HelmChartContainer - [test-hivemq-platform] [hivemq] [92c6a677] INFO  - Stopping extension with id hivemq-prometheus-extension
2025-01-27 17:12:15,479 INFO c.h.h.t.HelmChartContainer - [test-hivemq-platform] [hivemq] [92c6a677] INFO  - Extension "Prometheus Monitoring Extension" version 4.0.12 stopped successfully.
2025-01-27 17:12:15,479 INFO c.h.h.t.HelmChartContainer - [test-hivemq-platform] [hivemq] [92c6a677] INFO  - Stopping extension with id hivemq-allow-all-extension
2025-01-27 17:12:15,479 INFO c.h.h.t.HelmChartContainer - [test-hivemq-platform] [hivemq] [92c6a677] INFO  - Extension "Allow All Extension" version 1.1.0 stopped successfully.
2025-01-27 17:12:16,056 INFO c.h.h.t.HelmChartContainer - [K3S] [authentication.go:74] "Unable to authenticate the request" err="[invalid bearer token, serviceaccounts \"hivemq-platform-pod-test-hivemq-platform\" not found]"
2025-01-27 17:12:16,070 INFO c.h.h.t.HelmChartContainer - [K3S] [authentication.go:74] "Unable to authenticate the request" err="[invalid bearer token, serviceaccounts \"hivemq-platform-pod-test-hivemq-platform\" not found]"
2025-01-27 17:12:16,146 INFO c.h.h.t.HelmChartContainer - [test-hivemq-platform] [hivemq] [86dc8b32] WARN  - [HiveMQ Platform Operator Init App 1.7.0-SNAPSHOT] Could not update Pod annotations: Failure executing: GET at: https://10.43.0.1:443/api/v1/namespaces/helmvolumeclaimtemplatesit/pods/test-hivemq-platform-0. Message: Unauthorized. Received status: Status(apiVersion=v1, code=401, details=null, kind=Status, message=Unauthorized, metadata=ListMeta(_continue=null, remainingItemCount=null, resourceVersion=null, selfLink=null, additionalProperties={}), reason=Unauthorized, status=Failure, additionalProperties={}).
2025-01-27 17:12:17,609 INFO c.h.h.t.HelmChartContainer - [K3S] [stateful_set.go:466] "StatefulSet has been deleted" key="helmvolumeclaimtemplatesit/test-hivemq-platform"
2025-01-27 17:12:17,675 INFO c.h.h.t.HelmChartContainer - [K3S] [memory_manager.go:355] "RemoveStaleState removing state" podUID="40ef4599-c952-4d38-a2e7-99b1fb4a1782" containerName="hivemq"
2025-01-27 17:12:17,678 INFO c.h.h.t.HelmChartContainer - [POD] helper-pod-delete-pvc-d1f62e63-eaa7-4d71-8a59-f524e23e565b [26d915f7-49dc-414c-8c46-5c1cf54e5216] in kube-system was ADDED
2025-01-27 17:12:17,688 INFO c.h.h.t.HelmChartContainer - [POD] helper-pod-delete-pvc-d1f62e63-eaa7-4d71-8a59-f524e23e565b [26d915f7-49dc-414c-8c46-5c1cf54e5216] in kube-system was MODIFIED
2025-01-27 17:12:17,786 INFO c.h.h.t.HelmChartContainer - [K3S] [reconciler_common.go:251] "operationExecutor.VerifyControllerAttachedVolume started for volume \"script\" (UniqueName: \"kubernetes.io/configmap/26d915f7-49dc-414c-8c46-5c1cf54e5216-script\") pod \"helper-pod-delete-pvc-d1f62e63-eaa7-4d71-8a59-f524e23e565b\" (UID: \"26d915f7-49dc-414c-8c46-5c1cf54e5216\") " pod="kube-system/helper-pod-delete-pvc-d1f62e63-eaa7-4d71-8a59-f524e23e565b"
2025-01-27 17:12:17,786 INFO c.h.h.t.HelmChartContainer - [K3S] [reconciler_common.go:251] "operationExecutor.VerifyControllerAttachedVolume started for volume \"kube-api-access-b6m6b\" (UniqueName: \"kubernetes.io/projected/26d915f7-49dc-414c-8c46-5c1cf54e5216-kube-api-access-b6m6b\") pod \"helper-pod-delete-pvc-d1f62e63-eaa7-4d71-8a59-f524e23e565b\" (UID: \"26d915f7-49dc-414c-8c46-5c1cf54e5216\") " pod="kube-system/helper-pod-delete-pvc-d1f62e63-eaa7-4d71-8a59-f524e23e565b"
2025-01-27 17:12:17,786 INFO c.h.h.t.HelmChartContainer - [K3S] [reconciler_common.go:251] "operationExecutor.VerifyControllerAttachedVolume started for volume \"data\" (UniqueName: \"kubernetes.io/host-path/26d915f7-49dc-414c-8c46-5c1cf54e5216-data\") pod \"helper-pod-delete-pvc-d1f62e63-eaa7-4d71-8a59-f524e23e565b\" (UID: \"26d915f7-49dc-414c-8c46-5c1cf54e5216\") " pod="kube-system/helper-pod-delete-pvc-d1f62e63-eaa7-4d71-8a59-f524e23e565b"
2025-01-27 17:12:17,810 INFO c.h.h.t.HelmChartContainer - [test-hivemq-platform] [hivemq] [92c6a677] INFO  - Shutdown completed.
2025-01-27 17:12:17,933 INFO c.h.h.t.HelmChartContainer - [test-hivemq-platform] [hivemq] [86dc8b32] INFO  - Shutdown completed.
2025-01-27 17:12:18,204 INFO c.h.h.t.HelmChartContainer - [test-hivemq-platform] [hivemq] [92c6a677] INFO  - [HiveMQ Platform Operator Init App 1.7.0-SNAPSHOT] The HiveMQ Platform exited with code 143
2025-01-27 17:12:18,204 INFO c.h.h.t.HelmChartContainer - [test-hivemq-platform] [hivemq] [92c6a677] INFO  - [HiveMQ Platform Operator Init App 1.7.0-SNAPSHOT] Stopping the REST API
2025-01-27 17:12:18,259 INFO c.h.h.t.HelmChartContainer - [test-hivemq-platform] [hivemq] [92c6a677] INFO  - [HiveMQ Platform Operator Init App 1.7.0-SNAPSHOT] Shutdown complete
2025-01-27 17:12:18,291 INFO c.h.h.t.HelmChartContainer - [test-hivemq-platform] [hivemq] [86dc8b32] INFO  - [HiveMQ Platform Operator Init App 1.7.0-SNAPSHOT] The HiveMQ Platform exited with code 143
2025-01-27 17:12:18,291 INFO c.h.h.t.HelmChartContainer - [test-hivemq-platform] [hivemq] [86dc8b32] INFO  - [HiveMQ Platform Operator Init App 1.7.0-SNAPSHOT] Stopping the REST API
2025-01-27 17:12:18,347 INFO c.h.h.t.HelmChartContainer - [test-hivemq-platform] [hivemq] [86dc8b32] INFO  - [HiveMQ Platform Operator Init App 1.7.0-SNAPSHOT] Shutdown complete
2025-01-27 17:12:18,678 INFO c.h.h.t.HelmChartContainer - [POD] test-hivemq-platform-1 [92c6a677-16d2-4919-9fd0-31efec639a08] in helmvolumeclaimtemplatesit was MODIFIED
2025-01-27 17:12:18,781 INFO c.h.h.t.HelmChartContainer - [POD] test-hivemq-platform-0 [86dc8b32-22f6-4751-bd55-12b284550ecb] in helmvolumeclaimtemplatesit was MODIFIED
2025-01-27 17:12:18,793 INFO c.h.h.t.HelmChartContainer - [K3S] [reconciler_common.go:162] "operationExecutor.UnmountVolume started for volume \"kube-api-access-bgk6h\" (UniqueName: \"kubernetes.io/projected/92c6a677-16d2-4919-9fd0-31efec639a08-kube-api-access-bgk6h\") pod \"92c6a677-16d2-4919-9fd0-31efec639a08\" (UID: \"92c6a677-16d2-4919-9fd0-31efec639a08\") "
2025-01-27 17:12:18,793 INFO c.h.h.t.HelmChartContainer - [K3S] [reconciler_common.go:162] "operationExecutor.UnmountVolume started for volume \"broker-configuration\" (UniqueName: \"kubernetes.io/configmap/92c6a677-16d2-4919-9fd0-31efec639a08-broker-configuration\") pod \"92c6a677-16d2-4919-9fd0-31efec639a08\" (UID: \"92c6a677-16d2-4919-9fd0-31efec639a08\") "
2025-01-27 17:12:18,793 INFO c.h.h.t.HelmChartContainer - [K3S] [reconciler_common.go:162] "operationExecutor.UnmountVolume started for volume \"operator-init\" (UniqueName: \"kubernetes.io/empty-dir/92c6a677-16d2-4919-9fd0-31efec639a08-operator-init\") pod \"92c6a677-16d2-4919-9fd0-31efec639a08\" (UID: \"92c6a677-16d2-4919-9fd0-31efec639a08\") "
2025-01-27 17:12:18,794 INFO c.h.h.t.HelmChartContainer - [K3S] [reconciler_common.go:162] "operationExecutor.UnmountVolume started for volume \"hivemq-pvc-data\" (UniqueName: \"kubernetes.io/local-volume/pvc-68d52741-fe55-4db2-9706-36c101a1ef39\") pod \"92c6a677-16d2-4919-9fd0-31efec639a08\" (UID: \"92c6a677-16d2-4919-9fd0-31efec639a08\") "
2025-01-27 17:12:18,794 INFO c.h.h.t.HelmChartContainer - [K3S] [reconciler_common.go:162] "operationExecutor.UnmountVolume started for volume \"pod-info\" (UniqueName: \"kubernetes.io/configmap/92c6a677-16d2-4919-9fd0-31efec639a08-pod-info\") pod \"92c6a677-16d2-4919-9fd0-31efec639a08\" (UID: \"92c6a677-16d2-4919-9fd0-31efec639a08\") "
2025-01-27 17:12:18,893 INFO c.h.h.t.HelmChartContainer - [K3S] [reconciler_common.go:162] "operationExecutor.UnmountVolume started for volume \"kube-api-access-9rgq9\" (UniqueName: \"kubernetes.io/projected/86dc8b32-22f6-4751-bd55-12b284550ecb-kube-api-access-9rgq9\") pod \"86dc8b32-22f6-4751-bd55-12b284550ecb\" (UID: \"86dc8b32-22f6-4751-bd55-12b284550ecb\") "
2025-01-27 17:12:18,894 INFO c.h.h.t.HelmChartContainer - [K3S] [reconciler_common.go:162] "operationExecutor.UnmountVolume started for volume \"operator-init\" (UniqueName: \"kubernetes.io/empty-dir/86dc8b32-22f6-4751-bd55-12b284550ecb-operator-init\") pod \"86dc8b32-22f6-4751-bd55-12b284550ecb\" (UID: \"86dc8b32-22f6-4751-bd55-12b284550ecb\") "
2025-01-27 17:12:18,894 INFO c.h.h.t.HelmChartContainer - [K3S] [reconciler_common.go:162] "operationExecutor.UnmountVolume started for volume \"pod-info\" (UniqueName: \"kubernetes.io/configmap/86dc8b32-22f6-4751-bd55-12b284550ecb-pod-info\") pod \"86dc8b32-22f6-4751-bd55-12b284550ecb\" (UID: \"86dc8b32-22f6-4751-bd55-12b284550ecb\") "
2025-01-27 17:12:18,895 INFO c.h.h.t.HelmChartContainer - [K3S] [reconciler_common.go:162] "operationExecutor.UnmountVolume started for volume \"hivemq-pvc-data\" (UniqueName: \"kubernetes.io/local-volume/pvc-b1453c9e-9959-477f-bf56-d46fffe0cbcd\") pod \"86dc8b32-22f6-4751-bd55-12b284550ecb\" (UID: \"86dc8b32-22f6-4751-bd55-12b284550ecb\") "
2025-01-27 17:12:18,895 INFO c.h.h.t.HelmChartContainer - [K3S] [reconciler_common.go:162] "operationExecutor.UnmountVolume started for volume \"broker-configuration\" (UniqueName: \"kubernetes.io/configmap/86dc8b32-22f6-4751-bd55-12b284550ecb-broker-configuration\") pod \"86dc8b32-22f6-4751-bd55-12b284550ecb\" (UID: \"86dc8b32-22f6-4751-bd55-12b284550ecb\") "
2025-01-27 17:12:18,895 INFO c.h.h.t.HelmChartContainer - [K3S] [reconciler_common.go:299] "Volume detached for volume \"kube-api-access-bgk6h\" (UniqueName: \"kubernetes.io/projected/92c6a677-16d2-4919-9fd0-31efec639a08-kube-api-access-bgk6h\") on node \"7305957e3207\" DevicePath \"\""
2025-01-27 17:12:18,895 INFO c.h.h.t.HelmChartContainer - [K3S] [reconciler_common.go:299] "Volume detached for volume \"operator-init\" (UniqueName: \"kubernetes.io/empty-dir/92c6a677-16d2-4919-9fd0-31efec639a08-operator-init\") on node \"7305957e3207\" DevicePath \"\""
2025-01-27 17:12:18,895 INFO c.h.h.t.HelmChartContainer - [K3S] [reconciler_common.go:299] "Volume detached for volume \"broker-configuration\" (UniqueName: \"kubernetes.io/configmap/92c6a677-16d2-4919-9fd0-31efec639a08-broker-configuration\") on node \"7305957e3207\" DevicePath \"\""
2025-01-27 17:12:18,895 INFO c.h.h.t.HelmChartContainer - [K3S] [reconciler_common.go:299] "Volume detached for volume \"pod-info\" (UniqueName: \"kubernetes.io/configmap/92c6a677-16d2-4919-9fd0-31efec639a08-pod-info\") on node \"7305957e3207\" DevicePath \"\""
2025-01-27 17:12:18,895 INFO c.h.h.t.HelmChartContainer - [K3S] [reconciler_common.go:292] "operationExecutor.UnmountDevice started for volume \"pvc-68d52741-fe55-4db2-9706-36c101a1ef39\" (UniqueName: \"kubernetes.io/local-volume/pvc-68d52741-fe55-4db2-9706-36c101a1ef39\") on node \"7305957e3207\" "
2025-01-27 17:12:18,993 INFO c.h.h.t.HelmChartContainer - [K3S] [reconciler_common.go:299] "Volume detached for volume \"pod-info\" (UniqueName: \"kubernetes.io/configmap/86dc8b32-22f6-4751-bd55-12b284550ecb-pod-info\") on node \"7305957e3207\" DevicePath \"\""
2025-01-27 17:12:18,993 INFO c.h.h.t.HelmChartContainer - [K3S] [reconciler_common.go:292] "operationExecutor.UnmountDevice started for volume \"pvc-b1453c9e-9959-477f-bf56-d46fffe0cbcd\" (UniqueName: \"kubernetes.io/local-volume/pvc-b1453c9e-9959-477f-bf56-d46fffe0cbcd\") on node \"7305957e3207\" "
2025-01-27 17:12:18,994 INFO c.h.h.t.HelmChartContainer - [K3S] [reconciler_common.go:299] "Volume detached for volume \"pvc-68d52741-fe55-4db2-9706-36c101a1ef39\" (UniqueName: \"kubernetes.io/local-volume/pvc-68d52741-fe55-4db2-9706-36c101a1ef39\") on node \"7305957e3207\" DevicePath \"\""
2025-01-27 17:12:18,994 INFO c.h.h.t.HelmChartContainer - [K3S] [reconciler_common.go:299] "Volume detached for volume \"broker-configuration\" (UniqueName: \"kubernetes.io/configmap/86dc8b32-22f6-4751-bd55-12b284550ecb-broker-configuration\") on node \"7305957e3207\" DevicePath \"\""
2025-01-27 17:12:18,994 INFO c.h.h.t.HelmChartContainer - [K3S] [reconciler_common.go:299] "Volume detached for volume \"operator-init\" (UniqueName: \"kubernetes.io/empty-dir/86dc8b32-22f6-4751-bd55-12b284550ecb-operator-init\") on node \"7305957e3207\" DevicePath \"\""
2025-01-27 17:12:18,994 INFO c.h.h.t.HelmChartContainer - [K3S] [reconciler_common.go:299] "Volume detached for volume \"kube-api-access-9rgq9\" (UniqueName: \"kubernetes.io/projected/86dc8b32-22f6-4751-bd55-12b284550ecb-kube-api-access-9rgq9\") on node \"7305957e3207\" DevicePath \"\""
2025-01-27 17:12:19,085 INFO c.h.h.t.HelmChartContainer - [K3S] [scope.go:117] "RemoveContainer" containerID="c61a1792384c2e92964d9efd4c177bd5e73b15b0aa13d0841e5a6972f8924d3d"
2025-01-27 17:12:19,091 INFO c.h.h.t.HelmChartContainer - [K3S] [scope.go:117] "RemoveContainer" containerID="9489e24abb3a00b4361e5fca51fe70b77fec32ccefc83e9c340b0261414dcc38"
2025-01-27 17:12:19,095 INFO c.h.h.t.HelmChartContainer - [K3S] [reconciler_common.go:299] "Volume detached for volume \"pvc-b1453c9e-9959-477f-bf56-d46fffe0cbcd\" (UniqueName: \"kubernetes.io/local-volume/pvc-b1453c9e-9959-477f-bf56-d46fffe0cbcd\") on node \"7305957e3207\" DevicePath \"\""
2025-01-27 17:12:19,095 INFO c.h.h.t.HelmChartContainer - [K3S] [scope.go:117] "RemoveContainer" containerID="c61a1792384c2e92964d9efd4c177bd5e73b15b0aa13d0841e5a6972f8924d3d"
2025-01-27 17:12:19,096 INFO c.h.h.t.HelmChartContainer - [K3S] [scope.go:117] "RemoveContainer" containerID="9489e24abb3a00b4361e5fca51fe70b77fec32ccefc83e9c340b0261414dcc38"
2025-01-27 17:12:19,098 INFO c.h.h.t.HelmChartContainer - [K3S] [scope.go:117] "RemoveContainer" containerID="d5b10c9b89597845414a1805eaaac30248cb4a50618ef0daddaf1678137226b0"
2025-01-27 17:12:19,103 INFO c.h.h.t.HelmChartContainer - [POD] helper-pod-delete-pvc-d1f62e63-eaa7-4d71-8a59-f524e23e565b [26d915f7-49dc-414c-8c46-5c1cf54e5216] in kube-system was MODIFIED
2025-01-27 17:12:19,106 INFO c.h.h.t.HelmChartContainer - [K3S] [scope.go:117] "RemoveContainer" containerID="ba3351f6d3addad0f8efd98353319df6b03c3fc812a012eb4a7e39649d7c6551"
2025-01-27 17:12:19,110 INFO c.h.h.t.HelmChartContainer - [K3S] [scope.go:117] "RemoveContainer" containerID="d5b10c9b89597845414a1805eaaac30248cb4a50618ef0daddaf1678137226b0"
2025-01-27 17:12:19,111 INFO c.h.h.t.HelmChartContainer - [K3S] [scope.go:117] "RemoveContainer" containerID="ba3351f6d3addad0f8efd98353319df6b03c3fc812a012eb4a7e39649d7c6551"
2025-01-27 17:12:19,116 INFO c.h.h.t.HelmChartContainer - [POD] test-hivemq-platform-1 [92c6a677-16d2-4919-9fd0-31efec639a08] in helmvolumeclaimtemplatesit was MODIFIED
2025-01-27 17:12:19,119 INFO c.h.h.t.HelmChartContainer - [POD] test-hivemq-platform-1 [92c6a677-16d2-4919-9fd0-31efec639a08] in helmvolumeclaimtemplatesit was DELETED
2025-01-27 17:12:19,130 INFO c.h.h.t.HelmChartContainer - [POD] test-hivemq-platform-0 [86dc8b32-22f6-4751-bd55-12b284550ecb] in helmvolumeclaimtemplatesit was MODIFIED
2025-01-27 17:12:19,134 INFO c.h.h.t.HelmChartContainer - [POD] test-hivemq-platform-0 [86dc8b32-22f6-4751-bd55-12b284550ecb] in helmvolumeclaimtemplatesit was DELETED
2025-01-27 17:12:19,143 INFO c.h.h.t.HelmChartContainer - [K3S] [memory_manager.go:355] "RemoveStaleState removing state" podUID="86dc8b32-22f6-4751-bd55-12b284550ecb" containerName="hivemq"
2025-01-27 17:12:19,143 INFO c.h.h.t.HelmChartContainer - [K3S] [memory_manager.go:355] "RemoveStaleState removing state" podUID="92c6a677-16d2-4919-9fd0-31efec639a08" containerName="hivemq"
2025-01-27 17:12:19,144 INFO c.h.h.t.HelmChartContainer - [POD] helper-pod-delete-pvc-68d52741-fe55-4db2-9706-36c101a1ef39 [212f9daa-a4a4-411a-894e-198d5e704ab9] in kube-system was ADDED
2025-01-27 17:12:19,157 INFO c.h.h.t.HelmChartContainer - [POD] helper-pod-delete-pvc-68d52741-fe55-4db2-9706-36c101a1ef39 [212f9daa-a4a4-411a-894e-198d5e704ab9] in kube-system was MODIFIED
2025-01-27 17:12:19,157 INFO c.h.h.t.HelmChartContainer - [POD] helper-pod-delete-pvc-b1453c9e-9959-477f-bf56-d46fffe0cbcd [5cef0ccb-56ea-4537-92f2-84713340ca5d] in kube-system was ADDED
2025-01-27 17:12:19,163 INFO c.h.h.t.HelmChartContainer - [POD] helper-pod-delete-pvc-b1453c9e-9959-477f-bf56-d46fffe0cbcd [5cef0ccb-56ea-4537-92f2-84713340ca5d] in kube-system was MODIFIED
2025-01-27 17:12:19,296 INFO c.h.h.t.HelmChartContainer - [K3S] [reconciler_common.go:251] "operationExecutor.VerifyControllerAttachedVolume started for volume \"script\" (UniqueName: \"kubernetes.io/configmap/212f9daa-a4a4-411a-894e-198d5e704ab9-script\") pod \"helper-pod-delete-pvc-68d52741-fe55-4db2-9706-36c101a1ef39\" (UID: \"212f9daa-a4a4-411a-894e-198d5e704ab9\") " pod="kube-system/helper-pod-delete-pvc-68d52741-fe55-4db2-9706-36c101a1ef39"
2025-01-27 17:12:19,296 INFO c.h.h.t.HelmChartContainer - [K3S] [reconciler_common.go:251] "operationExecutor.VerifyControllerAttachedVolume started for volume \"script\" (UniqueName: \"kubernetes.io/configmap/5cef0ccb-56ea-4537-92f2-84713340ca5d-script\") pod \"helper-pod-delete-pvc-b1453c9e-9959-477f-bf56-d46fffe0cbcd\" (UID: \"5cef0ccb-56ea-4537-92f2-84713340ca5d\") " pod="kube-system/helper-pod-delete-pvc-b1453c9e-9959-477f-bf56-d46fffe0cbcd"
2025-01-27 17:12:19,296 INFO c.h.h.t.HelmChartContainer - [K3S] [reconciler_common.go:251] "operationExecutor.VerifyControllerAttachedVolume started for volume \"kube-api-access-46n5x\" (UniqueName: \"kubernetes.io/projected/5cef0ccb-56ea-4537-92f2-84713340ca5d-kube-api-access-46n5x\") pod \"helper-pod-delete-pvc-b1453c9e-9959-477f-bf56-d46fffe0cbcd\" (UID: \"5cef0ccb-56ea-4537-92f2-84713340ca5d\") " pod="kube-system/helper-pod-delete-pvc-b1453c9e-9959-477f-bf56-d46fffe0cbcd"
2025-01-27 17:12:19,296 INFO c.h.h.t.HelmChartContainer - [K3S] [reconciler_common.go:251] "operationExecutor.VerifyControllerAttachedVolume started for volume \"data\" (UniqueName: \"kubernetes.io/host-path/5cef0ccb-56ea-4537-92f2-84713340ca5d-data\") pod \"helper-pod-delete-pvc-b1453c9e-9959-477f-bf56-d46fffe0cbcd\" (UID: \"5cef0ccb-56ea-4537-92f2-84713340ca5d\") " pod="kube-system/helper-pod-delete-pvc-b1453c9e-9959-477f-bf56-d46fffe0cbcd"
2025-01-27 17:12:19,296 INFO c.h.h.t.HelmChartContainer - [K3S] [reconciler_common.go:251] "operationExecutor.VerifyControllerAttachedVolume started for volume \"data\" (UniqueName: \"kubernetes.io/host-path/212f9daa-a4a4-411a-894e-198d5e704ab9-data\") pod \"helper-pod-delete-pvc-68d52741-fe55-4db2-9706-36c101a1ef39\" (UID: \"212f9daa-a4a4-411a-894e-198d5e704ab9\") " pod="kube-system/helper-pod-delete-pvc-68d52741-fe55-4db2-9706-36c101a1ef39"
2025-01-27 17:12:19,296 INFO c.h.h.t.HelmChartContainer - [K3S] [reconciler_common.go:251] "operationExecutor.VerifyControllerAttachedVolume started for volume \"kube-api-access-dzpmq\" (UniqueName: \"kubernetes.io/projected/212f9daa-a4a4-411a-894e-198d5e704ab9-kube-api-access-dzpmq\") pod \"helper-pod-delete-pvc-68d52741-fe55-4db2-9706-36c101a1ef39\" (UID: \"212f9daa-a4a4-411a-894e-198d5e704ab9\") " pod="kube-system/helper-pod-delete-pvc-68d52741-fe55-4db2-9706-36c101a1ef39"
2025-01-27 17:12:20,108 INFO c.h.h.t.HelmChartContainer - [POD] helper-pod-delete-pvc-68d52741-fe55-4db2-9706-36c101a1ef39 [212f9daa-a4a4-411a-894e-198d5e704ab9] in kube-system was MODIFIED
2025-01-27 17:12:20,118 INFO c.h.h.t.HelmChartContainer - [POD] helper-pod-delete-pvc-b1453c9e-9959-477f-bf56-d46fffe0cbcd [5cef0ccb-56ea-4537-92f2-84713340ca5d] in kube-system was MODIFIED
2025-01-27 17:12:20,188 INFO c.h.h.t.HelmChartContainer - [POD] helper-pod-delete-pvc-d1f62e63-eaa7-4d71-8a59-f524e23e565b [26d915f7-49dc-414c-8c46-5c1cf54e5216] in kube-system was MODIFIED
2025-01-27 17:12:20,303 INFO c.h.h.t.HelmChartContainer - [K3S] [reconciler_common.go:162] "operationExecutor.UnmountVolume started for volume \"kube-api-access-b6m6b\" (UniqueName: \"kubernetes.io/projected/26d915f7-49dc-414c-8c46-5c1cf54e5216-kube-api-access-b6m6b\") pod \"26d915f7-49dc-414c-8c46-5c1cf54e5216\" (UID: \"26d915f7-49dc-414c-8c46-5c1cf54e5216\") "
2025-01-27 17:12:20,303 INFO c.h.h.t.HelmChartContainer - [K3S] [reconciler_common.go:162] "operationExecutor.UnmountVolume started for volume \"script\" (UniqueName: \"kubernetes.io/configmap/26d915f7-49dc-414c-8c46-5c1cf54e5216-script\") pod \"26d915f7-49dc-414c-8c46-5c1cf54e5216\" (UID: \"26d915f7-49dc-414c-8c46-5c1cf54e5216\") "
2025-01-27 17:12:20,303 INFO c.h.h.t.HelmChartContainer - [K3S] [reconciler_common.go:162] "operationExecutor.UnmountVolume started for volume \"data\" (UniqueName: \"kubernetes.io/host-path/26d915f7-49dc-414c-8c46-5c1cf54e5216-data\") pod \"26d915f7-49dc-414c-8c46-5c1cf54e5216\" (UID: \"26d915f7-49dc-414c-8c46-5c1cf54e5216\") "
2025-01-27 17:12:20,312 INFO c.h.h.t.HelmChartContainer - [K3S] [kubelet_volumes.go:163] "Cleaned up orphaned pod volumes dir" podUID="86dc8b32-22f6-4751-bd55-12b284550ecb" path="/var/lib/kubelet/pods/86dc8b32-22f6-4751-bd55-12b284550ecb/volumes"
2025-01-27 17:12:20,313 INFO c.h.h.t.HelmChartContainer - [K3S] [kubelet_volumes.go:163] "Cleaned up orphaned pod volumes dir" podUID="92c6a677-16d2-4919-9fd0-31efec639a08" path="/var/lib/kubelet/pods/92c6a677-16d2-4919-9fd0-31efec639a08/volumes"
2025-01-27 17:12:20,404 INFO c.h.h.t.HelmChartContainer - [K3S] [reconciler_common.go:299] "Volume detached for volume \"script\" (UniqueName: \"kubernetes.io/configmap/26d915f7-49dc-414c-8c46-5c1cf54e5216-script\") on node \"7305957e3207\" DevicePath \"\""
2025-01-27 17:12:20,404 INFO c.h.h.t.HelmChartContainer - [K3S] [reconciler_common.go:299] "Volume detached for volume \"kube-api-access-b6m6b\" (UniqueName: \"kubernetes.io/projected/26d915f7-49dc-414c-8c46-5c1cf54e5216-kube-api-access-b6m6b\") on node \"7305957e3207\" DevicePath \"\""
2025-01-27 17:12:20,404 INFO c.h.h.t.HelmChartContainer - [K3S] [reconciler_common.go:299] "Volume detached for volume \"data\" (UniqueName: \"kubernetes.io/host-path/26d915f7-49dc-414c-8c46-5c1cf54e5216-data\") on node \"7305957e3207\" DevicePath \"\""
2025-01-27 17:12:20,701 INFO c.h.h.t.HelmChartContainer - [POD] helper-pod-delete-pvc-d1f62e63-eaa7-4d71-8a59-f524e23e565b [26d915f7-49dc-414c-8c46-5c1cf54e5216] in kube-system was MODIFIED
2025-01-27 17:12:20,702 INFO c.h.h.t.HelmChartContainer - [POD] helper-pod-delete-pvc-d1f62e63-eaa7-4d71-8a59-f524e23e565b [26d915f7-49dc-414c-8c46-5c1cf54e5216] in kube-system was DELETED
2025-01-27 17:12:21,101 INFO c.h.h.t.HelmChartContainer - [K3S] [pod_container_deletor.go:80] "Container not found in pod's containers" containerID="bc1b537c18e90a4a34f023a69bf78d58daf6009b224ce1d87698ac9b7cb9af7b"
2025-01-27 17:12:21,103 INFO c.h.h.t.HelmChartContainer - [K3S] [status_manager.go:890] "Failed to get status for pod" podUID="26d915f7-49dc-414c-8c46-5c1cf54e5216" pod="kube-system/helper-pod-delete-pvc-d1f62e63-eaa7-4d71-8a59-f524e23e565b" err="pods \"helper-pod-delete-pvc-d1f62e63-eaa7-4d71-8a59-f524e23e565b\" is forbidden: User \"system:node:7305957e3207\" cannot get resource \"pods\" in API group \"\" in the namespace \"kube-system\": no relationship found between node '7305957e3207' and this object"
2025-01-27 17:12:21,208 INFO c.h.h.t.HelmChartContainer - [POD] helper-pod-delete-pvc-b1453c9e-9959-477f-bf56-d46fffe0cbcd [5cef0ccb-56ea-4537-92f2-84713340ca5d] in kube-system was MODIFIED
2025-01-27 17:12:21,209 INFO c.h.h.t.HelmChartContainer - [K3S] [status_manager.go:890] "Failed to get status for pod" podUID="26d915f7-49dc-414c-8c46-5c1cf54e5216" pod="kube-system/helper-pod-delete-pvc-d1f62e63-eaa7-4d71-8a59-f524e23e565b" err="pods \"helper-pod-delete-pvc-d1f62e63-eaa7-4d71-8a59-f524e23e565b\" is forbidden: User \"system:node:7305957e3207\" cannot get resource \"pods\" in API group \"\" in the namespace \"kube-system\": no relationship found between node '7305957e3207' and this object"
2025-01-27 17:12:21,216 INFO c.h.h.t.HelmChartContainer - [POD] helper-pod-delete-pvc-68d52741-fe55-4db2-9706-36c101a1ef39 [212f9daa-a4a4-411a-894e-198d5e704ab9] in kube-system was MODIFIED
2025-01-27 17:12:21,216 INFO c.h.h.t.HelmChartContainer - [K3S] [status_manager.go:890] "Failed to get status for pod" podUID="26d915f7-49dc-414c-8c46-5c1cf54e5216" pod="kube-system/helper-pod-delete-pvc-d1f62e63-eaa7-4d71-8a59-f524e23e565b" err="pods \"helper-pod-delete-pvc-d1f62e63-eaa7-4d71-8a59-f524e23e565b\" is forbidden: User \"system:node:7305957e3207\" cannot get resource \"pods\" in API group \"\" in the namespace \"kube-system\": no relationship found between node '7305957e3207' and this object"
2025-01-27 17:12:21,307 INFO c.h.h.t.HelmChartContainer - [K3S] [reconciler_common.go:162] "operationExecutor.UnmountVolume started for volume \"script\" (UniqueName: \"kubernetes.io/configmap/5cef0ccb-56ea-4537-92f2-84713340ca5d-script\") pod \"5cef0ccb-56ea-4537-92f2-84713340ca5d\" (UID: \"5cef0ccb-56ea-4537-92f2-84713340ca5d\") "
2025-01-27 17:12:21,308 INFO c.h.h.t.HelmChartContainer - [K3S] [reconciler_common.go:162] "operationExecutor.UnmountVolume started for volume \"kube-api-access-46n5x\" (UniqueName: \"kubernetes.io/projected/5cef0ccb-56ea-4537-92f2-84713340ca5d-kube-api-access-46n5x\") pod \"5cef0ccb-56ea-4537-92f2-84713340ca5d\" (UID: \"5cef0ccb-56ea-4537-92f2-84713340ca5d\") "
2025-01-27 17:12:21,308 INFO c.h.h.t.HelmChartContainer - [K3S] [reconciler_common.go:162] "operationExecutor.UnmountVolume started for volume \"kube-api-access-dzpmq\" (UniqueName: \"kubernetes.io/projected/212f9daa-a4a4-411a-894e-198d5e704ab9-kube-api-access-dzpmq\") pod \"212f9daa-a4a4-411a-894e-198d5e704ab9\" (UID: \"212f9daa-a4a4-411a-894e-198d5e704ab9\") "
2025-01-27 17:12:21,308 INFO c.h.h.t.HelmChartContainer - [K3S] [reconciler_common.go:162] "operationExecutor.UnmountVolume started for volume \"data\" (UniqueName: \"kubernetes.io/host-path/212f9daa-a4a4-411a-894e-198d5e704ab9-data\") pod \"212f9daa-a4a4-411a-894e-198d5e704ab9\" (UID: \"212f9daa-a4a4-411a-894e-198d5e704ab9\") "
2025-01-27 17:12:21,308 INFO c.h.h.t.HelmChartContainer - [K3S] [reconciler_common.go:162] "operationExecutor.UnmountVolume started for volume \"data\" (UniqueName: \"kubernetes.io/host-path/5cef0ccb-56ea-4537-92f2-84713340ca5d-data\") pod \"5cef0ccb-56ea-4537-92f2-84713340ca5d\" (UID: \"5cef0ccb-56ea-4537-92f2-84713340ca5d\") "
2025-01-27 17:12:21,308 INFO c.h.h.t.HelmChartContainer - [K3S] [reconciler_common.go:162] "operationExecutor.UnmountVolume started for volume \"script\" (UniqueName: \"kubernetes.io/configmap/212f9daa-a4a4-411a-894e-198d5e704ab9-script\") pod \"212f9daa-a4a4-411a-894e-198d5e704ab9\" (UID: \"212f9daa-a4a4-411a-894e-198d5e704ab9\") "
2025-01-27 17:12:21,408 INFO c.h.h.t.HelmChartContainer - [K3S] [reconciler_common.go:299] "Volume detached for volume \"script\" (UniqueName: \"kubernetes.io/configmap/212f9daa-a4a4-411a-894e-198d5e704ab9-script\") on node \"7305957e3207\" DevicePath \"\""
2025-01-27 17:12:21,408 INFO c.h.h.t.HelmChartContainer - [K3S] [reconciler_common.go:299] "Volume detached for volume \"data\" (UniqueName: \"kubernetes.io/host-path/5cef0ccb-56ea-4537-92f2-84713340ca5d-data\") on node \"7305957e3207\" DevicePath \"\""
2025-01-27 17:12:21,408 INFO c.h.h.t.HelmChartContainer - [K3S] [reconciler_common.go:299] "Volume detached for volume \"kube-api-access-dzpmq\" (UniqueName: \"kubernetes.io/projected/212f9daa-a4a4-411a-894e-198d5e704ab9-kube-api-access-dzpmq\") on node \"7305957e3207\" DevicePath \"\""
2025-01-27 17:12:21,408 INFO c.h.h.t.HelmChartContainer - [K3S] [reconciler_common.go:299] "Volume detached for volume \"data\" (UniqueName: \"kubernetes.io/host-path/212f9daa-a4a4-411a-894e-198d5e704ab9-data\") on node \"7305957e3207\" DevicePath \"\""
2025-01-27 17:12:21,408 INFO c.h.h.t.HelmChartContainer - [K3S] [reconciler_common.go:299] "Volume detached for volume \"script\" (UniqueName: \"kubernetes.io/configmap/5cef0ccb-56ea-4537-92f2-84713340ca5d-script\") on node \"7305957e3207\" DevicePath \"\""
2025-01-27 17:12:21,408 INFO c.h.h.t.HelmChartContainer - [K3S] [reconciler_common.go:299] "Volume detached for volume \"kube-api-access-46n5x\" (UniqueName: \"kubernetes.io/projected/5cef0ccb-56ea-4537-92f2-84713340ca5d-kube-api-access-46n5x\") on node \"7305957e3207\" DevicePath \"\""
2025-01-27 17:12:22,104 INFO c.h.h.t.HelmChartContainer - [K3S] [pod_container_deletor.go:80] "Container not found in pod's containers" containerID="a0aa868cdb79aa45ef613f358c5b6d2681d2527783586468138412630741eec5"
2025-01-27 17:12:22,105 INFO c.h.h.t.HelmChartContainer - [K3S] [pod_container_deletor.go:80] "Container not found in pod's containers" containerID="f9b4550b1e8da17e69950fcfbd9d8cc3c50028c7bd52c33136265521528db7ee"
2025-01-27 17:12:22,112 INFO c.h.h.t.HelmChartContainer - [K3S] [status_manager.go:890] "Failed to get status for pod" podUID="26d915f7-49dc-414c-8c46-5c1cf54e5216" pod="kube-system/helper-pod-delete-pvc-d1f62e63-eaa7-4d71-8a59-f524e23e565b" err="pods \"helper-pod-delete-pvc-d1f62e63-eaa7-4d71-8a59-f524e23e565b\" is forbidden: User \"system:node:7305957e3207\" cannot get resource \"pods\" in API group \"\" in the namespace \"kube-system\": no relationship found between node '7305957e3207' and this object"
2025-01-27 17:12:22,115 INFO c.h.h.t.HelmChartContainer - [K3S] [status_manager.go:890] "Failed to get status for pod" podUID="26d915f7-49dc-414c-8c46-5c1cf54e5216" pod="kube-system/helper-pod-delete-pvc-d1f62e63-eaa7-4d71-8a59-f524e23e565b" err="pods \"helper-pod-delete-pvc-d1f62e63-eaa7-4d71-8a59-f524e23e565b\" is forbidden: User \"system:node:7305957e3207\" cannot get resource \"pods\" in API group \"\" in the namespace \"kube-system\": no relationship found between node '7305957e3207' and this object"
2025-01-27 17:12:22,171 INFO c.h.h.t.HelmChartContainer - [POD] helper-pod-delete-pvc-68d52741-fe55-4db2-9706-36c101a1ef39 [212f9daa-a4a4-411a-894e-198d5e704ab9] in kube-system was MODIFIED
2025-01-27 17:12:22,174 INFO c.h.h.t.HelmChartContainer - [POD] helper-pod-delete-pvc-68d52741-fe55-4db2-9706-36c101a1ef39 [212f9daa-a4a4-411a-894e-198d5e704ab9] in kube-system was DELETED
2025-01-27 17:12:22,181 INFO c.h.h.t.HelmChartContainer - [POD] helper-pod-delete-pvc-b1453c9e-9959-477f-bf56-d46fffe0cbcd [5cef0ccb-56ea-4537-92f2-84713340ca5d] in kube-system was MODIFIED
2025-01-27 17:12:22,184 INFO c.h.h.t.HelmChartContainer - [POD] helper-pod-delete-pvc-b1453c9e-9959-477f-bf56-d46fffe0cbcd [5cef0ccb-56ea-4537-92f2-84713340ca5d] in kube-system was DELETED
2025-01-27 17:12:22,312 INFO c.h.h.t.HelmChartContainer - [K3S] [kubelet_volumes.go:163] "Cleaned up orphaned pod volumes dir" podUID="212f9daa-a4a4-411a-894e-198d5e704ab9" path="/var/lib/kubelet/pods/212f9daa-a4a4-411a-894e-198d5e704ab9/volumes"
2025-01-27 17:12:22,312 INFO c.h.h.t.HelmChartContainer - [K3S] [kubelet_volumes.go:163] "Cleaned up orphaned pod volumes dir" podUID="26d915f7-49dc-414c-8c46-5c1cf54e5216" path="/var/lib/kubelet/pods/26d915f7-49dc-414c-8c46-5c1cf54e5216/volumes"
2025-01-27 17:12:22,313 INFO c.h.h.t.HelmChartContainer - [K3S] [kubelet_volumes.go:163] "Cleaned up orphaned pod volumes dir" podUID="5cef0ccb-56ea-4537-92f2-84713340ca5d" path="/var/lib/kubelet/pods/5cef0ccb-56ea-4537-92f2-84713340ca5d/volumes"
2025-01-27 17:12:22,958 INFO c.h.h.t.HelmChartContainer - Namespace 'helmvolumeclaimtemplatesit' deleted
2025-01-27 17:12:22,958 INFO c.h.h.t.HelmChartContainer - Release 'test-hivemq-platform' in namespace 'helmvolumeclaimtemplatesit' is uninstalled
2025-01-27 17:12:22,958 INFO c.h.h.t.HelmChartContainer - Uninstalling release 'test-hivemq-platform-operator' in namespace 'helmvolumeclaimtemplatesit-operator'...
2025-01-27 17:12:22,958 DEBUG c.h.h.t.HelmChartContainer - Executing helm command: /bin/helm --kubeconfig /etc/rancher/k3s/k3s.yaml uninstall test-hivemq-platform-operator  --wait --timeout 5m0s --cascade foreground --namespace helmvolumeclaimtemplatesit-operator
2025-01-27 17:12:23,117 INFO c.h.h.t.HelmChartContainer - [K3S] [replica_set.go:679] "Finished syncing" kind="ReplicaSet" key="helmvolumeclaimtemplatesit-operator/hivemq-test-hivemq-platform-operator-6966f96d65" duration="8.409018ms"
2025-01-27 17:12:23,117 INFO c.h.h.t.HelmChartContainer - [K3S] [replica_set.go:679] "Finished syncing" kind="ReplicaSet" key="helmvolumeclaimtemplatesit-operator/hivemq-test-hivemq-platform-operator-6966f96d65" duration="36.859µs"
2025-01-27 17:12:23,137 INFO c.h.h.t.HelmChartContainer - [POD] hivemq-test-hivemq-platform-operator-6966f96d65-thtxq [10333020-aaa7-4ba7-b2c7-8918ea762d51] in helmvolumeclaimtemplatesit-operator was MODIFIED
2025-01-27 17:12:23,146 INFO c.h.h.t.HelmChartContainer - [hivemq-test-hivemq-platform] [hivemq-platform-operator] [10333020] 17:12:23.144 [application-shutdown-thread] INFO  c.h.p.o.HiveMQPlatformOperatorApplication - HiveMQ Platform Operator is stopping...
2025-01-27 17:12:23,146 INFO c.h.h.t.HelmChartContainer - [hivemq-test-hivemq-platform] [hivemq-platform-operator] [10333020] 17:12:23.144 [application-shutdown-thread] INFO  i.javaoperatorsdk.operator.Operator - Operator SDK 4.9.7 is shutting down...
2025-01-27 17:12:23,149 INFO c.h.h.t.HelmChartContainer - [K3S] [replica_set.go:679] "Finished syncing" kind="ReplicaSet" key="helmvolumeclaimtemplatesit-operator/hivemq-test-hivemq-platform-operator-6966f96d65" duration="12.246647ms"
2025-01-27 17:12:23,149 INFO c.h.h.t.HelmChartContainer - [K3S] [replica_set.go:679] "Finished syncing" kind="ReplicaSet" key="helmvolumeclaimtemplatesit-operator/hivemq-test-hivemq-platform-operator-6966f96d65" duration="34.415µs"
2025-01-27 17:12:23,152 INFO c.h.h.t.HelmChartContainer - [EVENT] Normal [Killing] Stopping container hivemq-platform-operator [helmvolumeclaimtemplatesit-operator:hivemq-test-hivemq-platform-operator-6966f96d65-thtxq]
2025-01-27 17:12:23,152 INFO c.h.h.t.HelmChartContainer - Received Killing event for container hivemq-platform-operator in pod hivemq-test-hivemq-platform-operator-6966f96d65-thtxq [10333020-aaa7-4ba7-b2c7-8918ea762d51]
2025-01-27 17:12:23,152 INFO c.h.h.t.HelmChartContainer - Container [hivemq-test-hivemq-platform-operator-6966f96d65-thtxq] [hivemq-platform-operator] [10333020-aaa7-4ba7-b2c7-8918ea762d51] was terminated
2025-01-27 17:12:23,152 INFO c.h.h.t.HelmChartContainer - Stopped log watcher for hivemq-platform-operator in pod hivemq-test-hivemq-platform-operator-6966f96d65-thtxq [10333020-aaa7-4ba7-b2c7-8918ea762d51]
2025-01-27 17:12:23,673 INFO c.h.h.t.HelmChartContainer - [K3S] [replica_set.go:679] "Finished syncing" kind="ReplicaSet" key="helmvolumeclaimtemplatesit-operator/hivemq-test-hivemq-platform-operator-6966f96d65" duration="43.482µs"
2025-01-27 17:12:23,674 INFO c.h.h.t.HelmChartContainer - [POD] hivemq-test-hivemq-platform-operator-6966f96d65-thtxq [10333020-aaa7-4ba7-b2c7-8918ea762d51] in helmvolumeclaimtemplatesit-operator was MODIFIED
2025-01-27 17:12:23,820 INFO c.h.h.t.HelmChartContainer - [K3S] [reconciler_common.go:162] "operationExecutor.UnmountVolume started for volume \"kube-api-access-dvzh9\" (UniqueName: \"kubernetes.io/projected/10333020-aaa7-4ba7-b2c7-8918ea762d51-kube-api-access-dvzh9\") pod \"10333020-aaa7-4ba7-b2c7-8918ea762d51\" (UID: \"10333020-aaa7-4ba7-b2c7-8918ea762d51\") "
2025-01-27 17:12:23,921 INFO c.h.h.t.HelmChartContainer - [K3S] [reconciler_common.go:299] "Volume detached for volume \"kube-api-access-dvzh9\" (UniqueName: \"kubernetes.io/projected/10333020-aaa7-4ba7-b2c7-8918ea762d51-kube-api-access-dvzh9\") on node \"7305957e3207\" DevicePath \"\""
2025-01-27 17:12:24,123 INFO c.h.h.t.HelmChartContainer - [K3S] [scope.go:117] "RemoveContainer" containerID="fe8701dedaea62120317bcb5fe2534e5397864ace7523f1a3d42e726cbb1cd50"
2025-01-27 17:12:24,127 INFO c.h.h.t.HelmChartContainer - [K3S] [scope.go:117] "RemoveContainer" containerID="fe8701dedaea62120317bcb5fe2534e5397864ace7523f1a3d42e726cbb1cd50"
2025-01-27 17:12:24,135 INFO c.h.h.t.HelmChartContainer - [K3S] [replica_set.go:679] "Finished syncing" kind="ReplicaSet" key="helmvolumeclaimtemplatesit-operator/hivemq-test-hivemq-platform-operator-6966f96d65" duration="44.092µs"
2025-01-27 17:12:24,137 INFO c.h.h.t.HelmChartContainer - [POD] hivemq-test-hivemq-platform-operator-6966f96d65-thtxq [10333020-aaa7-4ba7-b2c7-8918ea762d51] in helmvolumeclaimtemplatesit-operator was MODIFIED
2025-01-27 17:12:24,138 INFO c.h.h.t.HelmChartContainer - [K3S] [replica_set.go:679] "Finished syncing" kind="ReplicaSet" key="helmvolumeclaimtemplatesit-operator/hivemq-test-hivemq-platform-operator-6966f96d65" duration="31.279µs"
2025-01-27 17:12:24,139 INFO c.h.h.t.HelmChartContainer - [POD] hivemq-test-hivemq-platform-operator-6966f96d65-thtxq [10333020-aaa7-4ba7-b2c7-8918ea762d51] in helmvolumeclaimtemplatesit-operator was DELETED
2025-01-27 17:12:24,150 INFO c.h.h.t.HelmChartContainer - [K3S] [replica_set.go:679] "Finished syncing" kind="ReplicaSet" key="helmvolumeclaimtemplatesit-operator/hivemq-test-hivemq-platform-operator-6966f96d65" duration="7.644µs"
2025-01-27 17:12:24,312 INFO c.h.h.t.HelmChartContainer - [K3S] [kubelet_volumes.go:163] "Cleaned up orphaned pod volumes dir" podUID="10333020-aaa7-4ba7-b2c7-8918ea762d51" path="/var/lib/kubelet/pods/10333020-aaa7-4ba7-b2c7-8918ea762d51/volumes"
2025-01-27 17:12:25,155 INFO c.h.h.t.HelmChartContainer - Deleting namespace 'helmvolumeclaimtemplatesit-operator'...
2025-01-27 17:12:27,871 INFO c.h.h.t.HelmChartContainer - [K3S] [namespace_controller.go:187] "Namespace has been deleted" namespace="helmvolumeclaimtemplatesit"
2025-01-27 17:12:30,372 INFO c.h.h.t.HelmChartContainer - Namespace 'helmvolumeclaimtemplatesit-operator' deleted
2025-01-27 17:12:30,372 INFO c.h.h.t.HelmChartContainer - Release 'test-hivemq-platform-operator' in namespace 'helmvolumeclaimtemplatesit-operator' is uninstalled
2025-01-27 17:12:30,476 INFO c.h.h.t.HelmChartContainer - [K3S] [scope.go:117] "RemoveContainer" containerID="17117a8b2f6d687e6485cb00568d086bb422798bd051811af420ca3cdd3027a1"
2025-01-27 17:12:30,480 INFO c.h.h.t.HelmChartContainer - [K3S] [scope.go:117] "RemoveContainer" containerID="89c8436d1847cb462b0d5e69d42ac14e85c97c71aec35023a253d4524aa56d18"
2025-01-27 17:12:30,483 INFO c.h.h.t.HelmChartContainer - [K3S] [scope.go:117] "RemoveContainer" containerID="b5303c32d8d4bdc5ea61170418b6839854f24e5971939f3417bbe5d42f031450"
2025-01-27 17:12:31,735 INFO c.h.helmcharts.AbstractHelmChartIT - Removed unused containers:

2025-01-27 17:12:35,287 INFO c.h.h.t.HelmChartContainer - [K3S] [namespace_controller.go:187] "Namespace has been deleted" namespace="helmvolumeclaimtemplatesit-operator"
2025-01-27 17:12:39,373 INFO c.h.helmcharts.AbstractHelmChartIT - Removed unused snapshots:
Removing snapshot sha256:026a712f86a389a5fd74927b58e3b9c46d97b4685244a93cf8afd5dd2d926256
Removing snapshot sha256:03af251906410714c5aef9fa705b63f6bbc39c4a5e787de7361eeb18886c2ed2
Removing snapshot sha256:04586d725303b4dcbc0cdc42a56e7852bc8859e90a3b42def5c29ab6c5b2378a
Removing snapshot sha256:0c46b3b43cce082ce5ec34ffc6c294e0417d17b9d1e6f366d114b6aadc4f96dc
Removing snapshot sha256:0ce761beee59082d6ed5bcebd3a805b8ddd9b3426b617e4809e7fb7c6587ffec
Removing snapshot sha256:1021ef88c7974bfff89c5a0ec4fd3160daac6c48a075f74cff721f85dd104e68
Removing snapshot sha256:10aba4953ddc18145dd38e3704709bc464aa20af60b56fe52caaff4b68411e62
Removing snapshot sha256:12fcdb97878a8124028dd759e7639b77bca16c0f46aabea18189ae25af2554ab
Removing snapshot sha256:194f725743a12684baeb36efa007d6bf390c0ca21a0a9f75332d5fa876759837
Removing snapshot sha256:2573e0d8158209ed54ab25c87bcdcb00bd3d2539246960a3d592a1c599d70465
Removing snapshot sha256:2a63ff65b57cef445dc3762b24cc9bdc1201f011c04c4afe8e9861c9338efce0
Removing snapshot sha256:362a8a37f8bbc31925a8146adcf7cf51f9882f5c1dcbef67c5baa03a297543c0
Removing snapshot sha256:43a7c979bbaba6838bc3102d6b10a1459f3ab050b87ccdfef84ef90cf43d3058
Removing snapshot sha256:4ab04491cdf0d3267f08206fe30bd48f49f94b9cab2f016d6739220f722a64af
Removing snapshot sha256:4b6068250e89c96f263060261819c7d912855bfbd64b3eb4c4a8483299b8c295
Removing snapshot sha256:54760460dde328a0df5fb97426e3821ea3128f2a777231b6e8478cdaf84d50a9
Removing snapshot sha256:580e69a0a8034ede1921139bbd2bfb72a69ebf276d008281896c32dd8bf74775
Removing snapshot sha256:5ad32423e4b556ca23e4a282f00b6c28ba2ec8ad2b7822350a080868a3597d3e
Removing snapshot sha256:5d30ba46b27fe37484567ccc5242cadc78217b8da605f3f195ef25cbf7487904
Removing snapshot sha256:63ca1fbb43ae5034640e5e6cb3e083e05c290072c5366fcaa9d62435a4cced85
Removing snapshot sha256:66140dc7271ceb0a9b5e521509e7d96b916d4182681f723881bfae89675de7f6
Removing snapshot sha256:67f702c6baae873bceb19487c8b1f27bd2b86077e4f2f0e480e6d60ab508b8f5
Removing snapshot sha256:6864348dd42806d552efdec384f1274be15e2d0c10ce44c1f04347af004c10a9
Removing snapshot sha256:6b6a1f10cca10ea08499c191fc025406a23858de44f58930b06dc6608ff034e5
Removing snapshot sha256:6c7dee8f2c39b84b7dc2711c01d33de93514d9055499173e9290176fbe484b6c
Removing snapshot sha256:82753493a6d61ded36556292f02f31841a14c20d2f279f19eaad65afb661d5cd
Removing snapshot sha256:8a10d3db42c505ee0fcfa98417bdd7e39b304f6bcc0a06bb1b220797ff2cc63c
Removing snapshot sha256:a21e5b12dbac529ad45d976eb9ce45c881f3bedcc500fb30aba1e52aa1813418
Removing snapshot sha256:b921e6c28969094157f9b8e7244677780319637afd14450b7cb6b2fdea558a0c
Removing snapshot sha256:bc27ecb5769a00e309cf99ebc763c4a4b958b618d1decc96ffac5bc05f02f5b7
Removing snapshot sha256:be3ccb6627a5332e309d45ef461d09b4879dd870c7394d89323d0ebc6ca6aa8a
Removing snapshot sha256:c261f7cbbc64211ee175ee47273acdb7b1a36a4450b397a064a8f2c026490095
Removing snapshot sha256:c34d9393647eea0c9e3557ab988efaf59f61d10a2a5613b439ef0958cca5ec10
Removing snapshot sha256:ccf3c4a0fa967a41c1c83497a2ce6fa5787965859df0adb32c4ca2cf7490bc2b
Removing snapshot sha256:cf92d33f869417309692088c341cd0f223c178ea78a125f757317b22aa8f90e9
Removing snapshot sha256:d0037344cf2fb078884f1849f6a1f8cf9a33a3b6139b6a85833e5ee528e1f9a8
Removing snapshot sha256:d3b36d5b79273b1e98e7700470eaeff05a882e777124d84cebcc1505b85ecb36
Removing snapshot sha256:d65a44a37914602d12c611e5e22a50f11451d847e63015cc1c2aef92dee777a4
Removing snapshot sha256:e2dc0bae2455930f23ae570e019b7f32edc75c0f2d71cab084db837ff9051796
Removing snapshot sha256:eccbd24a99c60cd9e86ee5305dbfc4a4dc89f5ab4fb1f06c8d64797cecedef34
Removing snapshot sha256:f144bb4c7c7f0d2aa7eeffd36d934ec40db1ee167be727e326aad9fdc616f475

2025-01-27 17:12:39,373 WARN c.h.helmcharts.AbstractHelmChartIT - Error during removal of snapshots:
ctr: failed to remove "sha256:026a712f86a389a5fd74927b58e3b9c46d97b4685244a93cf8afd5dd2d926256": cannot remove snapshot with child: failed precondition
ctr: failed to remove "sha256:03af251906410714c5aef9fa705b63f6bbc39c4a5e787de7361eeb18886c2ed2": cannot remove snapshot with child: failed precondition
ctr: failed to remove "sha256:04586d725303b4dcbc0cdc42a56e7852bc8859e90a3b42def5c29ab6c5b2378a": cannot remove snapshot with child: failed precondition
ctr: failed to remove "sha256:0c46b3b43cce082ce5ec34ffc6c294e0417d17b9d1e6f366d114b6aadc4f96dc": cannot remove snapshot with child: failed precondition
ctr: failed to remove "sha256:0ce761beee59082d6ed5bcebd3a805b8ddd9b3426b617e4809e7fb7c6587ffec": cannot remove snapshot with child: failed precondition
ctr: failed to remove "sha256:1021ef88c7974bfff89c5a0ec4fd3160daac6c48a075f74cff721f85dd104e68": cannot remove snapshot with child: failed precondition
ctr: failed to remove "sha256:10aba4953ddc18145dd38e3704709bc464aa20af60b56fe52caaff4b68411e62": cannot remove snapshot with child: failed precondition
ctr: failed to remove "sha256:12fcdb97878a8124028dd759e7639b77bca16c0f46aabea18189ae25af2554ab": cannot remove snapshot with child: failed precondition
ctr: failed to remove "sha256:2573e0d8158209ed54ab25c87bcdcb00bd3d2539246960a3d592a1c599d70465": cannot remove snapshot with child: failed precondition
ctr: failed to remove "sha256:362a8a37f8bbc31925a8146adcf7cf51f9882f5c1dcbef67c5baa03a297543c0": cannot remove snapshot with child: failed precondition
ctr: failed to remove "sha256:43a7c979bbaba6838bc3102d6b10a1459f3ab050b87ccdfef84ef90cf43d3058": cannot remove snapshot with child: failed precondition
ctr: failed to remove "sha256:4ab04491cdf0d3267f08206fe30bd48f49f94b9cab2f016d6739220f722a64af": cannot remove snapshot with child: failed precondition
ctr: failed to remove "sha256:4b6068250e89c96f263060261819c7d912855bfbd64b3eb4c4a8483299b8c295": cannot remove snapshot with child: failed precondition
ctr: failed to remove "sha256:54760460dde328a0df5fb97426e3821ea3128f2a777231b6e8478cdaf84d50a9": cannot remove snapshot with child: failed precondition
ctr: failed to remove "sha256:580e69a0a8034ede1921139bbd2bfb72a69ebf276d008281896c32dd8bf74775": cannot remove snapshot with child: failed precondition
ctr: failed to remove "sha256:5ad32423e4b556ca23e4a282f00b6c28ba2ec8ad2b7822350a080868a3597d3e": cannot remove snapshot with child: failed precondition
ctr: failed to remove "sha256:5d30ba46b27fe37484567ccc5242cadc78217b8da605f3f195ef25cbf7487904": cannot remove snapshot with child: failed precondition
ctr: failed to remove "sha256:63ca1fbb43ae5034640e5e6cb3e083e05c290072c5366fcaa9d62435a4cced85": cannot remove snapshot with child: failed precondition
ctr: failed to remove "sha256:67f702c6baae873bceb19487c8b1f27bd2b86077e4f2f0e480e6d60ab508b8f5": cannot remove snapshot with child: failed precondition
ctr: failed to remove "sha256:6864348dd42806d552efdec384f1274be15e2d0c10ce44c1f04347af004c10a9": cannot remove snapshot with child: failed precondition
ctr: failed to remove "sha256:6c7dee8f2c39b84b7dc2711c01d33de93514d9055499173e9290176fbe484b6c": cannot remove snapshot with child: failed precondition
ctr: failed to remove "sha256:82753493a6d61ded36556292f02f31841a14c20d2f279f19eaad65afb661d5cd": cannot remove snapshot with child: failed precondition
ctr: failed to remove "sha256:8a10d3db42c505ee0fcfa98417bdd7e39b304f6bcc0a06bb1b220797ff2cc63c": cannot remove snapshot with child: failed precondition
ctr: failed to remove "sha256:a21e5b12dbac529ad45d976eb9ce45c881f3bedcc500fb30aba1e52aa1813418": cannot remove snapshot with child: failed precondition
ctr: failed to remove "sha256:b921e6c28969094157f9b8e7244677780319637afd14450b7cb6b2fdea558a0c": cannot remove snapshot with child: failed precondition
ctr: failed to remove "sha256:bc27ecb5769a00e309cf99ebc763c4a4b958b618d1decc96ffac5bc05f02f5b7": cannot remove snapshot with child: failed precondition
ctr: failed to remove "sha256:be3ccb6627a5332e309d45ef461d09b4879dd870c7394d89323d0ebc6ca6aa8a": cannot remove snapshot with child: failed precondition
ctr: failed to remove "sha256:c261f7cbbc64211ee175ee47273acdb7b1a36a4450b397a064a8f2c026490095": cannot remove snapshot with child: failed precondition
ctr: failed to remove "sha256:c34d9393647eea0c9e3557ab988efaf59f61d10a2a5613b439ef0958cca5ec10": cannot remove snapshot with child: failed precondition
ctr: failed to remove "sha256:ccf3c4a0fa967a41c1c83497a2ce6fa5787965859df0adb32c4ca2cf7490bc2b": cannot remove snapshot with child: failed precondition
ctr: failed to remove "sha256:cf92d33f869417309692088c341cd0f223c178ea78a125f757317b22aa8f90e9": cannot remove snapshot with child: failed precondition
ctr: failed to remove "sha256:d0037344cf2fb078884f1849f6a1f8cf9a33a3b6139b6a85833e5ee528e1f9a8": cannot remove snapshot with child: failed precondition
ctr: failed to remove "sha256:d3b36d5b79273b1e98e7700470eaeff05a882e777124d84cebcc1505b85ecb36": cannot remove snapshot with child: failed precondition
ctr: failed to remove "sha256:d65a44a37914602d12c611e5e22a50f11451d847e63015cc1c2aef92dee777a4": cannot remove snapshot with child: failed precondition
ctr: failed to remove "sha256:e2dc0bae2455930f23ae570e019b7f32edc75c0f2d71cab084db837ff9051796": cannot remove snapshot with child: failed precondition
ctr: failed to remove "sha256:eccbd24a99c60cd9e86ee5305dbfc4a4dc89f5ab4fb1f06c8d64797cecedef34": cannot remove snapshot with child: failed precondition
ctr: failed to remove "sha256:f144bb4c7c7f0d2aa7eeffd36d934ec40db1ee167be727e326aad9fdc616f475": cannot remove snapshot with child: failed precondition

]]></system-out>
  </testcase>
  <system-out><![CDATA[2025-01-27 17:06:35,904 INFO c.h.h.t.HelmChartContainerExtension - Using cached HelmChartContainer instance
]]></system-out>
  <system-err><![CDATA[]]></system-err>
</testsuite>
