<?xml version="1.0" encoding="UTF-8"?>
<testsuite name="com.hivemq.helmcharts.platform.HelmPlatformInstallIT" tests="1" skipped="0" failures="0" errors="0" timestamp="2025-06-28T22:48:05" hostname="fv-az792-272" time="88.059">
  <properties/>
  <testcase name="withLocalCharts_hivemqRunning()" classname="com.hivemq.helmcharts.platform.HelmPlatformInstallIT" time="88.059"/>
</testsuite>
