<?xml version="1.0" encoding="UTF-8"?>
<testsuite name="com.hivemq.helmcharts.monitoring.HelmMonitoringOperatorIT" tests="1" skipped="0" failures="0" errors="0" timestamp="2025-03-11T13:23:01" hostname="fv-az1368-919" time="187.382">
  <properties/>
  <testcase name="withOperatorMonitoringEnabled_metricsAndDashboardAvailable()" classname="com.hivemq.helmcharts.monitoring.HelmMonitoringOperatorIT" time="187.382"/>
</testsuite>
