<?xml version="1.0" encoding="UTF-8"?>
<testsuite name="com.hivemq.helmcharts.volumes.HelmAdditionalVolumesIT" tests="1" skipped="0" failures="0" errors="0" timestamp="2025-01-29T22:16:32" hostname="fv-az1712-398" time="101.952">
  <properties/>
  <testcase name="withAdditionalVolumes_hivemqRunningWithVolumeMounts()" classname="com.hivemq.helmcharts.volumes.HelmAdditionalVolumesIT" time="101.952">
    <system-out><![CDATA[2025-01-29 22:16:32,461 INFO c.h.h.t.HelmChartContainer - Creating namespace 'helmadditionalvolumesit-operator'...
2025-01-29 22:16:32,470 INFO c.h.h.t.HelmChartContainer - Namespace 'helmadditionalvolumesit-operator' created
2025-01-29 22:16:32,470 INFO c.h.h.t.HelmChartContainer - Creating namespace 'helmadditionalvolumesit'...
2025-01-29 22:16:32,569 INFO c.h.h.t.HelmChartContainer - Namespace 'helmadditionalvolumesit' created
2025-01-29 22:16:32,631 DEBUG c.h.h.t.HelmChartContainer - Executing helm command: /bin/helm --kubeconfig /etc/rancher/k3s/k3s.yaml install test-hivemq-platform-operator /charts/hivemq-platform-operator --wait --timeout 5m0s --set image.repository=docker.io/hivemq --set image.name=hivemq-platform-operator-test --set image.initImageName=hivemq-platform-operator-init-test --set image.tag=snapshot --set image.pullPolicy=Never --set logLevel=DEBUG --set resources.cpu=512m --namespace helmadditionalvolumesit-operator
2025-01-29 22:16:32,935 INFO c.h.h.t.HelmChartContainer - [K3S] [alloc.go:330] "allocated clusterIPs" service="helmadditionalvolumesit-operator/hivemq-platform-operator-test-hivemq-platform-operator" clusterIPs={"IPv4":"10.43.76.107"}
2025-01-29 22:16:32,952 INFO c.h.h.t.HelmChartContainer - [EVENT] Normal [ScalingReplicaSet] Scaled up replica set hivemq-test-hivemq-platform-operator-6966f96d65 from 0 to 1 [helmadditionalvolumesit-operator:hivemq-test-hivemq-platform-operator]
2025-01-29 22:16:32,958 INFO c.h.h.t.HelmChartContainer - [EVENT] Normal [SuccessfulCreate] Created pod: hivemq-test-hivemq-platform-operator-6966f96d65-f9gbf [helmadditionalvolumesit-operator:hivemq-test-hivemq-platform-operator-6966f96d65]
2025-01-29 22:16:32,958 INFO c.h.h.t.HelmChartContainer - [POD] hivemq-test-hivemq-platform-operator-6966f96d65-f9gbf [b0795f9a-d168-425f-8e52-f7accaff3aa9] in helmadditionalvolumesit-operator was ADDED
2025-01-29 22:16:32,959 INFO c.h.h.t.HelmChartContainer - [K3S] [replica_set.go:679] "Finished syncing" kind="ReplicaSet" key="helmadditionalvolumesit-operator/hivemq-test-hivemq-platform-operator-6966f96d65" duration="14.555248ms"
2025-01-29 22:16:32,966 INFO c.h.h.t.HelmChartContainer - [POD] hivemq-test-hivemq-platform-operator-6966f96d65-f9gbf [b0795f9a-d168-425f-8e52-f7accaff3aa9] in helmadditionalvolumesit-operator was MODIFIED
2025-01-29 22:16:32,969 INFO c.h.h.t.HelmChartContainer - [EVENT] Normal [Scheduled] Successfully assigned helmadditionalvolumesit-operator/hivemq-test-hivemq-platform-operator-6966f96d65-f9gbf to 3186397976b0 [helmadditionalvolumesit-operator:hivemq-test-hivemq-platform-operator-6966f96d65-f9gbf]
2025-01-29 22:16:32,970 INFO c.h.h.t.HelmChartContainer - [K3S] [memory_manager.go:355] "RemoveStaleState removing state" podUID="8addc63b-fed9-4849-b741-17ab9a9ac249" containerName="hivemq-platform-operator"
2025-01-29 22:16:32,970 INFO c.h.h.t.HelmChartContainer - [K3S] [memory_manager.go:355] "RemoveStaleState removing state" podUID="f00f6a6b-1cee-40e4-ac51-4918ec6d63cc" containerName="nginx"
2025-01-29 22:16:32,970 INFO c.h.h.t.HelmChartContainer - [K3S] [memory_manager.go:355] "RemoveStaleState removing state" podUID="4d25926a-6a7d-4a91-99a5-b44b5efdf480" containerName="hivemq"
2025-01-29 22:16:32,974 INFO c.h.h.t.HelmChartContainer - [K3S] [replica_set.go:679] "Finished syncing" kind="ReplicaSet" key="helmadditionalvolumesit-operator/hivemq-test-hivemq-platform-operator-6966f96d65" duration="14.069052ms"
2025-01-29 22:16:32,979 INFO c.h.h.t.HelmChartContainer - [POD] hivemq-test-hivemq-platform-operator-6966f96d65-f9gbf [b0795f9a-d168-425f-8e52-f7accaff3aa9] in helmadditionalvolumesit-operator was MODIFIED
2025-01-29 22:16:32,986 INFO c.h.h.t.HelmChartContainer - [K3S] [replica_set.go:679] "Finished syncing" kind="ReplicaSet" key="helmadditionalvolumesit-operator/hivemq-test-hivemq-platform-operator-6966f96d65" duration="12.229085ms"
2025-01-29 22:16:32,986 INFO c.h.h.t.HelmChartContainer - [K3S] [replica_set.go:679] "Finished syncing" kind="ReplicaSet" key="helmadditionalvolumesit-operator/hivemq-test-hivemq-platform-operator-6966f96d65" duration="33.873µs"
2025-01-29 22:16:33,059 INFO c.h.h.t.HelmChartContainer - [K3S] [reconciler_common.go:251] "operationExecutor.VerifyControllerAttachedVolume started for volume \"kube-api-access-r7tcg\" (UniqueName: \"kubernetes.io/projected/b0795f9a-d168-425f-8e52-f7accaff3aa9-kube-api-access-r7tcg\") pod \"hivemq-test-hivemq-platform-operator-6966f96d65-f9gbf\" (UID: \"b0795f9a-d168-425f-8e52-f7accaff3aa9\") " pod="helmadditionalvolumesit-operator/hivemq-test-hivemq-platform-operator-6966f96d65-f9gbf"
2025-01-29 22:16:33,371 INFO c.h.h.t.HelmChartContainer - [EVENT] Normal [Pulled] Container image "docker.io/hivemq/hivemq-platform-operator-test:snapshot" already present on machine [helmadditionalvolumesit-operator:hivemq-test-hivemq-platform-operator-6966f96d65-f9gbf]
2025-01-29 22:16:33,371 INFO c.h.h.t.HelmChartContainer - Received Pulled event for container hivemq-platform-operator in pod hivemq-test-hivemq-platform-operator-6966f96d65-f9gbf [b0795f9a-d168-425f-8e52-f7accaff3aa9]
2025-01-29 22:16:34,637 INFO c.h.h.t.HelmChartContainer - [EVENT] Normal [Created] Created container: hivemq-platform-operator [helmadditionalvolumesit-operator:hivemq-test-hivemq-platform-operator-6966f96d65-f9gbf]
2025-01-29 22:16:34,637 INFO c.h.h.t.HelmChartContainer - Received Created event for container hivemq-platform-operator in pod hivemq-test-hivemq-platform-operator-6966f96d65-f9gbf [b0795f9a-d168-425f-8e52-f7accaff3aa9]
2025-01-29 22:16:35,659 INFO c.h.h.t.HelmChartContainer - [K3S] [replica_set.go:679] "Finished syncing" kind="ReplicaSet" key="helmadditionalvolumesit-operator/hivemq-test-hivemq-platform-operator-6966f96d65" duration="45.174µs"
2025-01-29 22:16:35,659 INFO c.h.h.t.HelmChartContainer - [POD] hivemq-test-hivemq-platform-operator-6966f96d65-f9gbf [b0795f9a-d168-425f-8e52-f7accaff3aa9] in helmadditionalvolumesit-operator was MODIFIED
2025-01-29 22:16:35,672 INFO c.h.h.t.HelmChartContainer - Started log watcher for hivemq-platform-operator in pod hivemq-test-hivemq-platform-operator-6966f96d65-f9gbf [b0795f9a-d168-425f-8e52-f7accaff3aa9]
2025-01-29 22:16:35,672 INFO c.h.h.t.HelmChartContainer - [EVENT] Normal [Started] Started container hivemq-platform-operator [helmadditionalvolumesit-operator:hivemq-test-hivemq-platform-operator-6966f96d65-f9gbf]
2025-01-29 22:16:35,672 INFO c.h.h.t.HelmChartContainer - Received Started event for container hivemq-platform-operator in pod hivemq-test-hivemq-platform-operator-6966f96d65-f9gbf [b0795f9a-d168-425f-8e52-f7accaff3aa9]
2025-01-29 22:16:35,672 INFO c.h.h.t.HelmChartContainer - [hivemq-test-hivemq-platform] [hivemq-platform-operator] [b0795f9a] -------------------------------------------------------------------------
2025-01-29 22:16:35,673 INFO c.h.h.t.HelmChartContainer - [hivemq-test-hivemq-platform] [hivemq-platform-operator] [b0795f9a] 
2025-01-29 22:16:35,673 INFO c.h.h.t.HelmChartContainer - [hivemq-test-hivemq-platform] [hivemq-platform-operator] [b0795f9a]                   _    _  _              __  __   ____
2025-01-29 22:16:35,673 INFO c.h.h.t.HelmChartContainer - [hivemq-test-hivemq-platform] [hivemq-platform-operator] [b0795f9a]                  | |  | |(_)            |  \/  | / __ \
2025-01-29 22:16:35,673 INFO c.h.h.t.HelmChartContainer - [hivemq-test-hivemq-platform] [hivemq-platform-operator] [b0795f9a]                  | |__| | _ __   __ ___ | \  / || |  | |
2025-01-29 22:16:35,673 INFO c.h.h.t.HelmChartContainer - [hivemq-test-hivemq-platform] [hivemq-platform-operator] [b0795f9a]                  |  __  || |\ \ / // _ \| |\/| || |  | |
2025-01-29 22:16:35,673 INFO c.h.h.t.HelmChartContainer - [hivemq-test-hivemq-platform] [hivemq-platform-operator] [b0795f9a]                  | |  | || | \ V /|  __/| |  | || |__| |
2025-01-29 22:16:35,673 INFO c.h.h.t.HelmChartContainer - [hivemq-test-hivemq-platform] [hivemq-platform-operator] [b0795f9a]                  |_|  |_||_|  \_/  \___||_|  |_| \___\_\
2025-01-29 22:16:35,673 INFO c.h.h.t.HelmChartContainer - [hivemq-test-hivemq-platform] [hivemq-platform-operator] [b0795f9a] 
2025-01-29 22:16:35,673 INFO c.h.h.t.HelmChartContainer - [hivemq-test-hivemq-platform] [hivemq-platform-operator] [b0795f9a] -------------------------------------------------------------------------
2025-01-29 22:16:35,673 INFO c.h.h.t.HelmChartContainer - [hivemq-test-hivemq-platform] [hivemq-platform-operator] [b0795f9a] 
2025-01-29 22:16:35,673 INFO c.h.h.t.HelmChartContainer - [hivemq-test-hivemq-platform] [hivemq-platform-operator] [b0795f9a]   HiveMQ Platform Operator Start Script v1.0
2025-01-29 22:16:35,673 INFO c.h.h.t.HelmChartContainer - [hivemq-test-hivemq-platform] [hivemq-platform-operator] [b0795f9a] 
2025-01-29 22:16:35,673 INFO c.h.h.t.HelmChartContainer - [hivemq-test-hivemq-platform] [hivemq-platform-operator] [b0795f9a] -------------------------------------------------------------------------
2025-01-29 22:16:35,673 INFO c.h.h.t.HelmChartContainer - [hivemq-test-hivemq-platform] [hivemq-platform-operator] [b0795f9a] 
2025-01-29 22:16:35,673 INFO c.h.h.t.HelmChartContainer - [hivemq-test-hivemq-platform] [hivemq-platform-operator] [b0795f9a]   JAVA_OPTS: -XX:+UnlockExperimentalVMOptions -XX:InitialRAMPercentage=75 -XX:MaxRAMPercentage=75 -Duser.language=en -Duser.region=US
2025-01-29 22:16:35,673 INFO c.h.h.t.HelmChartContainer - [hivemq-test-hivemq-platform] [hivemq-platform-operator] [b0795f9a] 
2025-01-29 22:16:35,673 INFO c.h.h.t.HelmChartContainer - [hivemq-test-hivemq-platform] [hivemq-platform-operator] [b0795f9a]   JAVA_VERSION: 21
2025-01-29 22:16:35,673 INFO c.h.h.t.HelmChartContainer - [hivemq-test-hivemq-platform] [hivemq-platform-operator] [b0795f9a] 
2025-01-29 22:16:35,673 INFO c.h.h.t.HelmChartContainer - [hivemq-test-hivemq-platform] [hivemq-platform-operator] [b0795f9a] -------------------------------------------------------------------------
2025-01-29 22:16:35,673 INFO c.h.h.t.HelmChartContainer - [hivemq-test-hivemq-platform] [hivemq-platform-operator] [b0795f9a] 
2025-01-29 22:16:37,934 INFO c.h.h.t.HelmChartContainer - [hivemq-test-hivemq-platform] [hivemq-platform-operator] [b0795f9a] 22:16:37.931 [main] DEBUG org.jboss.logging - Logging Provider: org.jboss.logging.Slf4jLoggerProvider
2025-01-29 22:16:38,034 INFO c.h.h.t.HelmChartContainer - [hivemq-test-hivemq-platform] [hivemq-platform-operator] [b0795f9a] 22:16:38.033 [main] DEBUG io.smallrye.config - SRCFG01006: Loaded ConfigSource SysPropConfigSource with ordinal 400
2025-01-29 22:16:38,036 INFO c.h.h.t.HelmChartContainer - [hivemq-test-hivemq-platform] [hivemq-platform-operator] [b0795f9a] 22:16:38.033 [main] DEBUG io.smallrye.config - SRCFG01006: Loaded ConfigSource EnvConfigSource with ordinal 300
2025-01-29 22:16:38,036 INFO c.h.h.t.HelmChartContainer - [hivemq-test-hivemq-platform] [hivemq-platform-operator] [b0795f9a] 22:16:38.033 [main] DEBUG io.smallrye.config - SRCFG01006: Loaded ConfigSource PropertiesConfigSource[source=jar:file:///opt/hivemq-platform-operator/bin/hivemq-platform-operator.jar!/hivemq-platform-operator.properties] with ordinal 100
2025-01-29 22:16:38,037 INFO c.h.h.t.HelmChartContainer - [hivemq-test-hivemq-platform] [hivemq-platform-operator] [b0795f9a] 22:16:38.034 [main] DEBUG io.smallrye.config - SRCFG01006: Loaded ConfigSource DefaultValuesConfigSource with ordinal -2147483648
2025-01-29 22:16:38,144 INFO c.h.h.t.HelmChartContainer - [hivemq-test-hivemq-platform] [hivemq-platform-operator] [b0795f9a] 22:16:38.143 [main] DEBUG i.m.c.u.i.l.InternalLoggerFactory - Using SLF4J as the default logging framework
2025-01-29 22:16:38,329 INFO c.h.h.t.HelmChartContainer - [hivemq-test-hivemq-platform] [hivemq-platform-operator] [b0795f9a] 22:16:38.245 [main] INFO  c.h.p.o.HiveMQPlatformOperatorApplication - HiveMQ Platform Operator 1.7.0-SNAPSHOT (commit: 3bc9484 on branch: HEAD) built on Wed Jan 29 22:06:36 UTC 2025
2025-01-29 22:16:38,330 INFO c.h.h.t.HelmChartContainer - [hivemq-test-hivemq-platform] [hivemq-platform-operator] [b0795f9a] 22:16:38.328 [main] INFO  c.h.p.o.HiveMQPlatformOperatorApplication - HiveMQ Platform Operator is running in namespace: helmadditionalvolumesit-operator
2025-01-29 22:16:38,330 INFO c.h.h.t.HelmChartContainer - [hivemq-test-hivemq-platform] [hivemq-platform-operator] [b0795f9a] 22:16:38.328 [main] INFO  c.h.p.o.HiveMQPlatformOperatorApplication - Watching all namespaces
2025-01-29 22:16:38,330 INFO c.h.h.t.HelmChartContainer - [hivemq-test-hivemq-platform] [hivemq-platform-operator] [b0795f9a] 22:16:38.328 [main] INFO  c.h.p.o.HiveMQPlatformOperatorApplication - Log level: DEBUG
2025-01-29 22:16:38,331 INFO c.h.h.t.HelmChartContainer - [hivemq-test-hivemq-platform] [hivemq-platform-operator] [b0795f9a] 22:16:38.328 [main] INFO  c.h.p.o.HiveMQPlatformOperatorApplication - Release name: test-hivemq-platform-operator
2025-01-29 22:16:38,331 INFO c.h.h.t.HelmChartContainer - [hivemq-test-hivemq-platform] [hivemq-platform-operator] [b0795f9a] 22:16:38.328 [main] INFO  c.h.p.o.HiveMQPlatformOperatorApplication - HiveMQ Platform Operator Init image: docker.io/hivemq/hivemq-platform-operator-init-test:snapshot
2025-01-29 22:16:38,331 INFO c.h.h.t.HelmChartContainer - [hivemq-test-hivemq-platform] [hivemq-platform-operator] [b0795f9a] 22:16:38.328 [main] INFO  c.h.p.o.HiveMQPlatformOperatorApplication - HiveMQ Platform Operator Init App update URL: http://hivemq-platform-operator-test-hivemq-platform-operator.helmadditionalvolumesit-operator.svc:8080/initAppUpdate/hivemq-platform-operator-init-app-1.7.0-SNAPSHOT.jar
2025-01-29 22:16:38,331 INFO c.h.h.t.HelmChartContainer - [hivemq-test-hivemq-platform] [hivemq-platform-operator] [b0795f9a] 22:16:38.328 [main] INFO  c.h.p.o.HiveMQPlatformOperatorApplication - Additional imagePullSecret for all Platform deployments: none
2025-01-29 22:16:38,331 INFO c.h.h.t.HelmChartContainer - [hivemq-test-hivemq-platform] [hivemq-platform-operator] [b0795f9a] 22:16:38.328 [main] INFO  c.h.p.o.HiveMQPlatformOperatorApplication - Apply HiveMQ Platform CRD: true
2025-01-29 22:16:38,331 INFO c.h.h.t.HelmChartContainer - [hivemq-test-hivemq-platform] [hivemq-platform-operator] [b0795f9a] 22:16:38.328 [main] INFO  c.h.p.o.HiveMQPlatformOperatorApplication - Create Platform ServiceAccount: true
2025-01-29 22:16:38,331 INFO c.h.h.t.HelmChartContainer - [hivemq-test-hivemq-platform] [hivemq-platform-operator] [b0795f9a] 22:16:38.329 [main] INFO  c.h.p.o.HiveMQPlatformOperatorApplication - Create Platform ServiceAccount permissions: true
2025-01-29 22:16:38,331 INFO c.h.h.t.HelmChartContainer - [hivemq-test-hivemq-platform] [hivemq-platform-operator] [b0795f9a] 22:16:38.329 [main] INFO  c.h.p.o.HiveMQPlatformOperatorApplication - Validate Platform ServiceAccount: true
2025-01-29 22:16:38,331 INFO c.h.h.t.HelmChartContainer - [hivemq-test-hivemq-platform] [hivemq-platform-operator] [b0795f9a] 22:16:38.329 [main] INFO  c.h.p.o.HiveMQPlatformOperatorApplication - Validate Platform ServiceAccount permissions: true
2025-01-29 22:16:38,438 INFO c.h.h.t.HelmChartContainer - [hivemq-test-hivemq-platform] [hivemq-platform-operator] [b0795f9a] 22:16:38.437 [main] INFO  c.h.platform.operator.util.CRDUtil - Verifying deployed HiveMQ Platform CRD...
2025-01-29 22:16:40,834 INFO c.h.h.t.HelmChartContainer - [hivemq-test-hivemq-platform] [hivemq-platform-operator] [b0795f9a] 22:16:40.832 [main] DEBUG c.h.platform.operator.util.CRDUtil - HiveMQ Platform CRD version v1 is up to date
2025-01-29 22:16:40,835 INFO c.h.h.t.HelmChartContainer - [hivemq-test-hivemq-platform] [hivemq-platform-operator] [b0795f9a] 22:16:40.832 [main] INFO  c.h.platform.operator.util.CRDUtil - HiveMQ Platform CRD is up to date (version: V1_6_0)
2025-01-29 22:16:40,835 INFO c.h.h.t.HelmChartContainer - [hivemq-test-hivemq-platform] [hivemq-platform-operator] [b0795f9a] 22:16:40.832 [main] INFO  c.h.platform.operator.util.CRDUtil - Waiting 10000 ms for HiveMQ Platform CRD 'hivemq-platforms.hivemq.com' to become ready...
2025-01-29 22:16:41,141 INFO c.h.h.t.HelmChartContainer - [hivemq-test-hivemq-platform] [hivemq-platform-operator] [b0795f9a] 22:16:41.140 [vert.x-eventloop-thread-1] DEBUG c.h.platform.operator.util.CRDUtil - Checking CRD condition 'NamesAccepted' (status: 'True')
2025-01-29 22:16:41,141 INFO c.h.h.t.HelmChartContainer - [hivemq-test-hivemq-platform] [hivemq-platform-operator] [b0795f9a] 22:16:41.140 [vert.x-eventloop-thread-1] DEBUG c.h.platform.operator.util.CRDUtil - Checking CRD condition 'Established' (status: 'True')
2025-01-29 22:16:41,143 INFO c.h.h.t.HelmChartContainer - [hivemq-test-hivemq-platform] [hivemq-platform-operator] [b0795f9a] 22:16:41.141 [main] INFO  c.h.platform.operator.util.CRDUtil - HiveMQ Platform CRD 'hivemq-platforms.hivemq.com' is ready
2025-01-29 22:16:41,344 INFO c.h.h.t.HelmChartContainer - [hivemq-test-hivemq-platform] [hivemq-platform-operator] [b0795f9a] 22:16:41.343 [main] INFO  c.h.p.o.HiveMQPlatformReconciler - HiveMQ Platform Operator is starting...
2025-01-29 22:16:41,449 INFO c.h.h.t.HelmChartContainer - [hivemq-test-hivemq-platform] [hivemq-platform-operator] [b0795f9a] 22:16:41.448 [main] WARN  Default ConfigurationService implementation - Configuration for reconciler 'hivemq-controller' was not found. Known reconcilers: None.
2025-01-29 22:16:41,533 INFO c.h.h.t.HelmChartContainer - [hivemq-test-hivemq-platform] [hivemq-platform-operator] [b0795f9a] 22:16:41.532 [main] INFO  Default ConfigurationService implementation - Created configuration for reconciler com.hivemq.platform.operator.HiveMQPlatformReconciler with name hivemq-controller
2025-01-29 22:16:41,638 INFO c.h.h.t.HelmChartContainer - [hivemq-test-hivemq-platform] [hivemq-platform-operator] [b0795f9a] 22:16:41.637 [main] DEBUG c.h.p.o.HiveMQPlatformReconciler - HiveMQ Platform Operator is preparing EventSources
2025-01-29 22:16:41,650 INFO c.h.h.t.HelmChartContainer - [hivemq-test-hivemq-platform] [hivemq-platform-operator] [b0795f9a] 22:16:41.649 [main] INFO  i.javaoperatorsdk.operator.Operator - Registered reconciler: 'hivemq-controller' for resource: 'class com.hivemq.platform.operator.v1.HiveMQPlatform' for namespace(s): [all namespaces]
2025-01-29 22:16:42,239 INFO c.h.h.t.HelmChartContainer - [hivemq-test-hivemq-platform] [hivemq-platform-operator] [b0795f9a] 22:16:42.238 [main] INFO  c.h.p.operator.webserver.JettyServer - Starting Jetty server on port 8080
2025-01-29 22:16:42,337 INFO c.h.h.t.HelmChartContainer - [hivemq-test-hivemq-platform] [hivemq-platform-operator] [b0795f9a] 22:16:42.336 [main] INFO  i.javaoperatorsdk.operator.Operator - Operator SDK 4.9.7 (commit: 2133d28) built on Wed Nov 20 12:56:20 UTC 2024 starting...
2025-01-29 22:16:42,337 INFO c.h.h.t.HelmChartContainer - [hivemq-test-hivemq-platform] [hivemq-platform-operator] [b0795f9a] 22:16:42.336 [main] INFO  i.javaoperatorsdk.operator.Operator - Client version: 6.13.5
2025-01-29 22:16:42,338 INFO c.h.h.t.HelmChartContainer - [hivemq-test-hivemq-platform] [hivemq-platform-operator] [b0795f9a] 22:16:42.337 [Controller Starter for: hivemq-controller] INFO  i.j.operator.processing.Controller - Starting 'hivemq-controller' controller for reconciler: com.hivemq.platform.operator.HiveMQPlatformReconciler, resource: com.hivemq.platform.operator.v1.HiveMQPlatform
2025-01-29 22:16:44,729 INFO c.h.h.t.HelmChartContainer - [hivemq-test-hivemq-platform] [hivemq-platform-operator] [b0795f9a] 22:16:44.727 [Controller Starter for: hivemq-controller] INFO  i.j.operator.processing.Controller - 'hivemq-controller' controller started
2025-01-29 22:16:44,729 INFO c.h.h.t.HelmChartContainer - [hivemq-test-hivemq-platform] [hivemq-platform-operator] [b0795f9a] 22:16:44.728 [main] INFO  c.h.p.o.HiveMQPlatformOperatorApplication - HiveMQ Platform Operator 1.7.0-SNAPSHOT started in 6483 ms
2025-01-29 22:16:46,666 INFO c.h.h.t.HelmChartContainer - [POD] hivemq-test-hivemq-platform-operator-6966f96d65-f9gbf [b0795f9a-d168-425f-8e52-f7accaff3aa9] in helmadditionalvolumesit-operator was MODIFIED
2025-01-29 22:16:46,669 INFO c.h.h.t.HelmChartContainer - [K3S] [replica_set.go:679] "Finished syncing" kind="ReplicaSet" key="helmadditionalvolumesit-operator/hivemq-test-hivemq-platform-operator-6966f96d65" duration="9.330844ms"
2025-01-29 22:16:46,669 INFO c.h.h.t.HelmChartContainer - [K3S] [replica_set.go:679] "Finished syncing" kind="ReplicaSet" key="helmadditionalvolumesit-operator/hivemq-test-hivemq-platform-operator-6966f96d65" duration="41.808µs"
2025-01-29 22:16:47,021 INFO c.h.h.t.HelmChartContainer - [EVENT] Normal [WaitForFirstConsumer] waiting for first consumer to be created before binding [helmadditionalvolumesit:test-persistent-volume-claim]
2025-01-29 22:16:47,094 DEBUG c.h.h.t.HelmChartContainer - Executing helm command: /bin/helm --kubeconfig /etc/rancher/k3s/k3s.yaml install test-hivemq-platform /charts/hivemq-platform --wait --timeout 5m0s --set image.repository=docker.io/hivemq --set image.tag=4.36.0 --set image.pullPolicy=Never --set nodes.resources.cpu=512m -f /files/additional-volumes-values.yaml --namespace helmadditionalvolumesit
2025-01-29 22:16:47,536 INFO c.h.h.t.HelmChartContainer - [hivemq-test-hivemq-platform] [hivemq-platform-operator] [b0795f9a] 22:16:47.535 [-2082509879-pool-1-thread-4] WARN  i.m.p.PrometheusMeterRegistry - The meter (MeterId{name='operator.sdk.events.received', tags=[tag(action=ADDED),tag(event=ResourceEvent),tag(group=hivemq.com),tag(kind=HiveMQPlatform),tag(name=test-hivemq-platform),tag(namespace=helmadditionalvolumesit),tag(scope=namespace),tag(version=v1)]}) registration has failed: Prometheus requires that all meters with the same name have the same set of tag keys. There is already an existing meter named 'operator.sdk.events.received' containing tag keys [event, group, kind, name, namespace, scope, version]. The meter you are attempting to register has keys [action, event, group, kind, name, namespace, scope, version]. Note that subsequent logs will be logged at debug level.
2025-01-29 22:16:48,034 INFO c.h.h.t.HelmChartContainer - [hivemq-test-hivemq-platform] [hivemq-platform-operator] [b0795f9a] 22:16:48.032 [pool-6-thread-3] DEBUG c.h.p.o.dependants.PodInfoConfigMap - [helmaddi] Desired PodInfo ConfigMap (1 extensions) (1 enabled)
2025-01-29 22:16:48,034 INFO c.h.h.t.HelmChartContainer - [hivemq-test-hivemq-platform] [hivemq-platform-operator] [b0795f9a] 22:16:48.032 [pool-6-thread-3] DEBUG c.h.p.o.dependants.PodInfoConfigMap - [helmaddi] Desired PodInfo ConfigMap (metrics port: 9399) (metrics path: /)
2025-01-29 22:16:48,034 INFO c.h.h.t.HelmChartContainer - [hivemq-test-hivemq-platform] [hivemq-platform-operator] [b0795f9a] 22:16:48.032 [pool-6-thread-3] DEBUG c.h.p.o.dependants.PodInfoConfigMap - [helmaddi] Desired PodInfo ConfigMap (extension state hash: -1817474005)
2025-01-29 22:16:48,035 INFO c.h.h.t.HelmChartContainer - [hivemq-test-hivemq-platform] [hivemq-platform-operator] [b0795f9a] 22:16:48.034 [pool-6-thread-3] DEBUG c.h.p.o.dependants.PodInfoConfigMap - [helmaddi] Create PodInfo ConfigMap
2025-01-29 22:16:48,132 INFO c.h.h.t.HelmChartContainer - [hivemq-test-hivemq-platform] [hivemq-platform-operator] [b0795f9a] 22:16:48.129 [pool-6-thread-5] DEBUG c.h.p.o.dependants.PodRoleResource - [helmaddi] Create Role: Role(apiVersion=rbac.authorization.k8s.io/v1, kind=Role, metadata=ObjectMeta(annotations={meta.helm.sh/release-name=test-hivemq-platform, meta.helm.sh/release-namespace=helmadditionalvolumesit}, creationTimestamp=null, deletionGracePeriodSeconds=null, deletionTimestamp=null, finalizers=[], generateName=null, generation=null, labels={helm.sh/chart=hivemq-platform-0.2.32, app.kubernetes.io/managed-by=Helm, app.kubernetes.io/name=hivemq-platform, hivemq-platform=test-hivemq-platform, app.kubernetes.io/instance=test-hivemq-platform, app.kubernetes.io/version=4.36.0}, managedFields=[], name=hivemq-platform-role-test-hivemq-platform, namespace=helmadditionalvolumesit, ownerReferences=[OwnerReference(apiVersion=hivemq.com/v1, blockOwnerDeletion=null, controller=null, kind=HiveMQPlatform, name=test-hivemq-platform, uid=47f82d8b-a4b8-4c66-babf-8a298561023e, additionalProperties={})], resourceVersion=null, selfLink=null, uid=null, additionalProperties={}), rules=[PolicyRule(apiGroups=[], nonResourceURLs=[], resourceNames=[], resources=[pods], verbs=[get, patch, update], additionalProperties={})], additionalProperties={})
2025-01-29 22:16:48,235 INFO c.h.h.t.HelmChartContainer - [hivemq-test-hivemq-platform] [hivemq-platform-operator] [b0795f9a] 22:16:48.234 [pool-6-thread-7] DEBUG c.h.p.o.d.PodServiceAccountResource - [helmaddi] Desired PodServiceAccountResource (serviceAccountName: hivemq-platform-pod-test-hivemq-platform)
2025-01-29 22:16:48,236 INFO c.h.h.t.HelmChartContainer - [hivemq-test-hivemq-platform] [hivemq-platform-operator] [b0795f9a] 22:16:48.235 [pool-6-thread-7] DEBUG c.h.p.o.d.PodServiceAccountResource - [helmaddi] Create ServiceAccount 'hivemq-platform-pod-test-hivemq-platform'
2025-01-29 22:16:48,341 INFO c.h.h.t.HelmChartContainer - [hivemq-test-hivemq-platform] [hivemq-platform-operator] [b0795f9a] 22:16:48.340 [pool-6-thread-10] DEBUG c.h.p.o.d.PodRoleBindingResource - [helmaddi] Create RoleBinding: RoleBinding(apiVersion=rbac.authorization.k8s.io/v1, kind=RoleBinding, metadata=ObjectMeta(annotations={meta.helm.sh/release-name=test-hivemq-platform, meta.helm.sh/release-namespace=helmadditionalvolumesit}, creationTimestamp=null, deletionGracePeriodSeconds=null, deletionTimestamp=null, finalizers=[], generateName=null, generation=null, labels={helm.sh/chart=hivemq-platform-0.2.32, app.kubernetes.io/managed-by=Helm, app.kubernetes.io/name=hivemq-platform, hivemq-platform=test-hivemq-platform, app.kubernetes.io/instance=test-hivemq-platform, app.kubernetes.io/version=4.36.0}, managedFields=[], name=hivemq-platform-role-binding-test-hivemq-platform, namespace=helmadditionalvolumesit, ownerReferences=[OwnerReference(apiVersion=hivemq.com/v1, blockOwnerDeletion=null, controller=null, kind=HiveMQPlatform, name=test-hivemq-platform, uid=47f82d8b-a4b8-4c66-babf-8a298561023e, additionalProperties={})], resourceVersion=null, selfLink=null, uid=null, additionalProperties={}), roleRef=RoleRef(apiGroup=rbac.authorization.k8s.io, kind=Role, name=hivemq-platform-role-test-hivemq-platform, additionalProperties={}), subjects=[Subject(apiGroup=null, kind=ServiceAccount, name=hivemq-platform-pod-test-hivemq-platform, namespace=helmadditionalvolumesit, additionalProperties={})], additionalProperties={})
2025-01-29 22:16:48,431 INFO c.h.h.t.HelmChartContainer - [hivemq-test-hivemq-platform] [hivemq-platform-operator] [b0795f9a] 22:16:48.429 [ReconcilerExecutor-hivemq-controller-53] INFO  c.h.p.o.HiveMQPlatformReconciler - [helmaddi] Reconciling HiveMQ Platform 'test-hivemq-platform' in namespace 'helmadditionalvolumesit'
2025-01-29 22:16:48,432 INFO c.h.h.t.HelmChartContainer - [hivemq-test-hivemq-platform] [hivemq-platform-operator] [b0795f9a] 22:16:48.430 [ReconcilerExecutor-hivemq-controller-53] DEBUG c.h.p.o.HiveMQPlatformReconciler - [helmaddi] Custom Resource Status CREATED - HiveMQ Platform was created (READY)
2025-01-29 22:16:48,432 INFO c.h.h.t.HelmChartContainer - [hivemq-test-hivemq-platform] [hivemq-platform-operator] [b0795f9a] 22:16:48.430 [ReconcilerExecutor-hivemq-controller-53] DEBUG c.h.p.o.HiveMQPlatformReconciler - [helmaddi] Custom Resource Spec (replicas: 1) (extensions: 1)
2025-01-29 22:16:48,434 INFO c.h.h.t.HelmChartContainer - [hivemq-test-hivemq-platform] [hivemq-platform-operator] [b0795f9a] 22:16:48.433 [ReconcilerExecutor-hivemq-controller-53] INFO  c.h.p.o.h.HiveMQPlatformReconcilerBaseHandler - [helmaddi] HiveMQ Platform is starting
2025-01-29 22:16:48,539 INFO c.h.h.t.HelmChartContainer - [hivemq-test-hivemq-platform] [hivemq-platform-operator] [b0795f9a] 22:16:48.538 [ReconcilerExecutor-hivemq-controller-53] DEBUG c.h.p.operator.event.EventSender - [helmaddi] Creating K8s event hivemq-platform-starting: [Start] HiveMQ Platform is starting
2025-01-29 22:16:48,548 INFO c.h.h.t.HelmChartContainer - [EVENT] Normal [Start] HiveMQ Platform is starting [helmadditionalvolumesit:test-hivemq-platform]
2025-01-29 22:16:48,631 INFO c.h.h.t.HelmChartContainer - [hivemq-test-hivemq-platform] [hivemq-platform-operator] [b0795f9a] 22:16:48.630 [ReconcilerExecutor-hivemq-controller-53] INFO  c.h.p.o.h.AbstractHiveMQReconcilerStateHandler - [helmaddi] Update HiveMQ Platform Status (CREATED [READY] -> STARTING [READY]): HiveMQ Platform is starting
2025-01-29 22:16:48,645 DEBUG com.hivemq.helmcharts.util.K8sUtil - Comparing actual state 'STARTING' and waiting for 'RUNNING'
2025-01-29 22:16:58,737 INFO c.h.h.t.HelmChartContainer - [hivemq-test-hivemq-platform] [hivemq-platform-operator] [b0795f9a] 22:16:58.732 [pool-6-thread-12] DEBUG c.h.p.o.d.PlatformServiceResource - [helmaddi] Desired Platform services (3 services)
2025-01-29 22:16:58,737 INFO c.h.h.t.HelmChartContainer - [hivemq-test-hivemq-platform] [hivemq-platform-operator] [b0795f9a] 22:16:58.733 [pool-6-thread-13] DEBUG c.h.p.o.dependants.PodInfoConfigMap - [helmaddi] Desired PodInfo ConfigMap (1 extensions) (1 enabled)
2025-01-29 22:16:58,737 INFO c.h.h.t.HelmChartContainer - [hivemq-test-hivemq-platform] [hivemq-platform-operator] [b0795f9a] 22:16:58.733 [pool-6-thread-13] DEBUG c.h.p.o.dependants.PodInfoConfigMap - [helmaddi] Desired PodInfo ConfigMap (metrics port: 9399) (metrics path: /)
2025-01-29 22:16:58,737 INFO c.h.h.t.HelmChartContainer - [hivemq-test-hivemq-platform] [hivemq-platform-operator] [b0795f9a] 22:16:58.733 [pool-6-thread-13] DEBUG c.h.p.o.dependants.PodInfoConfigMap - [helmaddi] Desired PodInfo ConfigMap (extension state hash: -1817474005)
2025-01-29 22:16:58,738 INFO c.h.h.t.HelmChartContainer - [hivemq-test-hivemq-platform] [hivemq-platform-operator] [b0795f9a] 22:16:58.737 [pool-6-thread-13] DEBUG c.h.p.o.dependants.PodInfoConfigMap - [helmaddi] Update PodInfo ConfigMap
2025-01-29 22:16:58,741 INFO c.h.h.t.HelmChartContainer - [hivemq-test-hivemq-platform] [hivemq-platform-operator] [b0795f9a] 22:16:58.741 [pool-6-thread-17] DEBUG c.h.p.o.d.PodServiceAccountResource - [helmaddi] Desired PodServiceAccountResource (serviceAccountName: hivemq-platform-pod-test-hivemq-platform)
2025-01-29 22:16:58,835 INFO c.h.h.t.HelmChartContainer - [K3S] [alloc.go:330] "allocated clusterIPs" service="helmadditionalvolumesit/hivemq-test-hivemq-platform-mqtt-1883" clusterIPs={"IPv4":"10.43.193.77"}
2025-01-29 22:16:58,852 INFO c.h.h.t.HelmChartContainer - [K3S] [alloc.go:330] "allocated clusterIPs" service="helmadditionalvolumesit/hivemq-test-hivemq-platform-metrics-9399" clusterIPs={"IPv4":"10.43.97.203"}
2025-01-29 22:16:58,934 INFO c.h.h.t.HelmChartContainer - [K3S] [alloc.go:330] "allocated clusterIPs" service="helmadditionalvolumesit/hivemq-test-hivemq-platform-cc-8080" clusterIPs={"IPv4":"10.43.193.162"}
2025-01-29 22:16:58,943 INFO c.h.h.t.HelmChartContainer - [hivemq-test-hivemq-platform] [hivemq-platform-operator] [b0795f9a] 22:16:58.941 [pool-6-thread-20] DEBUG c.h.p.o.d.StatefulSetResource - [helmaddi] Desired StatefulSet (1 replicas) for status STARTING (READY)
2025-01-29 22:16:59,036 INFO c.h.h.t.HelmChartContainer - [hivemq-test-hivemq-platform] [hivemq-platform-operator] [b0795f9a] 22:16:59.035 [pool-6-thread-20] DEBUG c.h.p.o.d.StatefulSetResource - [helmaddi] Create StatefulSet
2025-01-29 22:16:59,059 INFO c.h.h.t.HelmChartContainer - [POD] test-hivemq-platform-0 [66943bc7-6f99-4dff-82c1-20edd359a458] in helmadditionalvolumesit was ADDED
2025-01-29 22:16:59,060 INFO c.h.h.t.HelmChartContainer - [EVENT] Normal [SuccessfulCreate] create Pod test-hivemq-platform-0 in StatefulSet test-hivemq-platform successful [helmadditionalvolumesit:test-hivemq-platform]
2025-01-29 22:16:59,066 INFO c.h.h.t.HelmChartContainer - [EVENT] Normal [ExternalProvisioning] Waiting for a volume to be created either by the external provisioner 'rancher.io/local-path' or manually by the system administrator. If volume creation is delayed, please verify that the provisioner is running and correctly registered. [helmadditionalvolumesit:test-persistent-volume-claim]
2025-01-29 22:16:59,070 INFO c.h.h.t.HelmChartContainer - [EVENT] Normal [ExternalProvisioning] Waiting for a volume to be created either by the external provisioner 'rancher.io/local-path' or manually by the system administrator. If volume creation is delayed, please verify that the provisioner is running and correctly registered. [helmadditionalvolumesit:test-persistent-volume-claim]
2025-01-29 22:16:59,072 INFO c.h.h.t.HelmChartContainer - [EVENT] Normal [Provisioning] External provisioner is provisioning volume for claim "helmadditionalvolumesit/test-persistent-volume-claim" [helmadditionalvolumesit:test-persistent-volume-claim]
2025-01-29 22:16:59,079 INFO c.h.h.t.HelmChartContainer - [POD] helper-pod-create-pvc-b894bbfb-e860-43aa-acf5-d8e6d354f6be [9aa64dff-50db-4505-997b-bec4b6f8093d] in kube-system was ADDED
2025-01-29 22:16:59,084 INFO c.h.h.t.HelmChartContainer - [POD] helper-pod-create-pvc-b894bbfb-e860-43aa-acf5-d8e6d354f6be [9aa64dff-50db-4505-997b-bec4b6f8093d] in kube-system was MODIFIED
2025-01-29 22:16:59,140 INFO c.h.h.t.HelmChartContainer - [hivemq-test-hivemq-platform] [hivemq-platform-operator] [b0795f9a] 22:16:59.139 [ReconcilerExecutor-hivemq-controller-64] INFO  c.h.p.o.HiveMQPlatformReconciler - [helmaddi] Reconciling HiveMQ Platform 'test-hivemq-platform' in namespace 'helmadditionalvolumesit'
2025-01-29 22:16:59,141 INFO c.h.h.t.HelmChartContainer - [hivemq-test-hivemq-platform] [hivemq-platform-operator] [b0795f9a] 22:16:59.139 [ReconcilerExecutor-hivemq-controller-64] DEBUG c.h.p.o.HiveMQPlatformReconciler - [helmaddi] Custom Resource Status STARTING - HiveMQ Platform is starting (READY)
2025-01-29 22:16:59,141 INFO c.h.h.t.HelmChartContainer - [hivemq-test-hivemq-platform] [hivemq-platform-operator] [b0795f9a] 22:16:59.139 [ReconcilerExecutor-hivemq-controller-64] DEBUG c.h.p.o.HiveMQPlatformReconciler - [helmaddi] Custom Resource Spec (replicas: 1) (extensions: 1)
2025-01-29 22:16:59,199 INFO c.h.h.t.HelmChartContainer - [K3S] [reconciler_common.go:251] "operationExecutor.VerifyControllerAttachedVolume started for volume \"kube-api-access-5bd5b\" (UniqueName: \"kubernetes.io/projected/9aa64dff-50db-4505-997b-bec4b6f8093d-kube-api-access-5bd5b\") pod \"helper-pod-create-pvc-b894bbfb-e860-43aa-acf5-d8e6d354f6be\" (UID: \"9aa64dff-50db-4505-997b-bec4b6f8093d\") " pod="kube-system/helper-pod-create-pvc-b894bbfb-e860-43aa-acf5-d8e6d354f6be"
2025-01-29 22:16:59,199 INFO c.h.h.t.HelmChartContainer - [K3S] [reconciler_common.go:251] "operationExecutor.VerifyControllerAttachedVolume started for volume \"data\" (UniqueName: \"kubernetes.io/host-path/9aa64dff-50db-4505-997b-bec4b6f8093d-data\") pod \"helper-pod-create-pvc-b894bbfb-e860-43aa-acf5-d8e6d354f6be\" (UID: \"9aa64dff-50db-4505-997b-bec4b6f8093d\") " pod="kube-system/helper-pod-create-pvc-b894bbfb-e860-43aa-acf5-d8e6d354f6be"
2025-01-29 22:16:59,200 INFO c.h.h.t.HelmChartContainer - [K3S] [reconciler_common.go:251] "operationExecutor.VerifyControllerAttachedVolume started for volume \"script\" (UniqueName: \"kubernetes.io/configmap/9aa64dff-50db-4505-997b-bec4b6f8093d-script\") pod \"helper-pod-create-pvc-b894bbfb-e860-43aa-acf5-d8e6d354f6be\" (UID: \"9aa64dff-50db-4505-997b-bec4b6f8093d\") " pod="kube-system/helper-pod-create-pvc-b894bbfb-e860-43aa-acf5-d8e6d354f6be"
2025-01-29 22:16:59,229 INFO c.h.h.t.HelmChartContainer - [hivemq-test-hivemq-platform] [hivemq-platform-operator] [b0795f9a] 22:16:59.227 [ReconcilerExecutor-hivemq-controller-64] DEBUG c.h.p.o.HiveMQPlatformReconciler - [helmaddi] StatefulSet Status (revision: test-hivemq-platform-5d4d897885, replicas: 1, available: 0, ready: 0, current: 1, updated: 1)
2025-01-29 22:16:59,229 INFO c.h.h.t.HelmChartContainer - [hivemq-test-hivemq-platform] [hivemq-platform-operator] [b0795f9a] 22:16:59.227 [ReconcilerExecutor-hivemq-controller-64] DEBUG c.h.p.o.HiveMQPlatformReconciler - [helmaddi] StatefulSet Spec (replicas: 1, init containers: 1, containers: 1, volumes: 7)
2025-01-29 22:16:59,238 INFO c.h.h.t.HelmChartContainer - [hivemq-test-hivemq-platform] [hivemq-platform-operator] [b0795f9a] 22:16:59.237 [ReconcilerExecutor-hivemq-controller-64] DEBUG c.h.p.o.h.HiveMQPlatformReconcilerErrorHandler - [helmaddi] Pod 'test-hivemq-platform-0' phase Pending
2025-01-29 22:16:59,240 INFO c.h.h.t.HelmChartContainer - [hivemq-test-hivemq-platform] [hivemq-platform-operator] [b0795f9a] 22:16:59.239 [ReconcilerExecutor-hivemq-controller-64] INFO  c.h.p.o.h.HiveMQPlatformReconcilerBaseHandler - [helmaddi] HiveMQ Platform is starting, 0 of 1 replicas are ready
2025-01-29 22:16:59,330 INFO c.h.h.t.HelmChartContainer - [hivemq-test-hivemq-platform] [hivemq-platform-operator] [b0795f9a] 22:16:59.328 [pool-6-thread-22] DEBUG c.h.p.o.d.PlatformServiceResource - [helmaddi] Desired Platform services (3 services)
2025-01-29 22:16:59,332 INFO c.h.h.t.HelmChartContainer - [hivemq-test-hivemq-platform] [hivemq-platform-operator] [b0795f9a] 22:16:59.329 [pool-6-thread-23] DEBUG c.h.p.o.dependants.PodInfoConfigMap - [helmaddi] Desired PodInfo ConfigMap (1 extensions) (1 enabled)
2025-01-29 22:16:59,332 INFO c.h.h.t.HelmChartContainer - [hivemq-test-hivemq-platform] [hivemq-platform-operator] [b0795f9a] 22:16:59.329 [pool-6-thread-23] DEBUG c.h.p.o.dependants.PodInfoConfigMap - [helmaddi] Desired PodInfo ConfigMap (metrics port: 9399) (metrics path: /)
2025-01-29 22:16:59,332 INFO c.h.h.t.HelmChartContainer - [hivemq-test-hivemq-platform] [hivemq-platform-operator] [b0795f9a] 22:16:59.329 [pool-6-thread-23] DEBUG c.h.p.o.dependants.PodInfoConfigMap - [helmaddi] Desired PodInfo ConfigMap (extension state hash: -1817474005)
2025-01-29 22:16:59,337 INFO c.h.h.t.HelmChartContainer - [hivemq-test-hivemq-platform] [hivemq-platform-operator] [b0795f9a] 22:16:59.335 [pool-6-thread-27] DEBUG c.h.p.o.d.PodServiceAccountResource - [helmaddi] Desired PodServiceAccountResource (serviceAccountName: hivemq-platform-pod-test-hivemq-platform)
2025-01-29 22:16:59,435 INFO c.h.h.t.HelmChartContainer - [hivemq-test-hivemq-platform] [hivemq-platform-operator] [b0795f9a] 22:16:59.433 [pool-6-thread-30] DEBUG c.h.p.o.d.StatefulSetResource - [helmaddi] Desired StatefulSet (1 replicas) for status STARTING (READY)
2025-01-29 22:16:59,442 INFO c.h.h.t.HelmChartContainer - [hivemq-test-hivemq-platform] [hivemq-platform-operator] [b0795f9a] 22:16:59.440 [ReconcilerExecutor-hivemq-controller-75] INFO  c.h.p.o.HiveMQPlatformReconciler - [helmaddi] Reconciling HiveMQ Platform 'test-hivemq-platform' in namespace 'helmadditionalvolumesit'
2025-01-29 22:16:59,444 INFO c.h.h.t.HelmChartContainer - [hivemq-test-hivemq-platform] [hivemq-platform-operator] [b0795f9a] 22:16:59.442 [ReconcilerExecutor-hivemq-controller-75] DEBUG c.h.p.o.HiveMQPlatformReconciler - [helmaddi] Custom Resource Status STARTING - HiveMQ Platform is starting (READY)
2025-01-29 22:16:59,444 INFO c.h.h.t.HelmChartContainer - [hivemq-test-hivemq-platform] [hivemq-platform-operator] [b0795f9a] 22:16:59.442 [ReconcilerExecutor-hivemq-controller-75] DEBUG c.h.p.o.HiveMQPlatformReconciler - [helmaddi] Custom Resource Spec (replicas: 1) (extensions: 1)
2025-01-29 22:16:59,447 INFO c.h.h.t.HelmChartContainer - [hivemq-test-hivemq-platform] [hivemq-platform-operator] [b0795f9a] 22:16:59.446 [ReconcilerExecutor-hivemq-controller-75] DEBUG c.h.p.o.HiveMQPlatformReconciler - [helmaddi] StatefulSet Status (revision: test-hivemq-platform-5d4d897885, replicas: 1, available: 0, ready: 0, current: 1, updated: 1)
2025-01-29 22:16:59,448 INFO c.h.h.t.HelmChartContainer - [hivemq-test-hivemq-platform] [hivemq-platform-operator] [b0795f9a] 22:16:59.446 [ReconcilerExecutor-hivemq-controller-75] DEBUG c.h.p.o.HiveMQPlatformReconciler - [helmaddi] StatefulSet Spec (replicas: 1, init containers: 1, containers: 1, volumes: 7)
2025-01-29 22:16:59,449 INFO c.h.h.t.HelmChartContainer - [hivemq-test-hivemq-platform] [hivemq-platform-operator] [b0795f9a] 22:16:59.448 [ReconcilerExecutor-hivemq-controller-75] DEBUG c.h.p.o.h.HiveMQPlatformReconcilerErrorHandler - [helmaddi] Pod 'test-hivemq-platform-0' phase Pending
2025-01-29 22:16:59,450 INFO c.h.h.t.HelmChartContainer - [hivemq-test-hivemq-platform] [hivemq-platform-operator] [b0795f9a] 22:16:59.449 [ReconcilerExecutor-hivemq-controller-75] INFO  c.h.p.o.h.HiveMQPlatformReconcilerBaseHandler - [helmaddi] HiveMQ Platform is starting, 0 of 1 replicas are ready
2025-01-29 22:17:00,685 INFO c.h.h.t.HelmChartContainer - [POD] helper-pod-create-pvc-b894bbfb-e860-43aa-acf5-d8e6d354f6be [9aa64dff-50db-4505-997b-bec4b6f8093d] in kube-system was MODIFIED
2025-01-29 22:17:01,358 INFO c.h.h.t.HelmChartContainer - [EVENT] Normal [ExternalProvisioning] Waiting for a volume to be created either by the external provisioner 'rancher.io/local-path' or manually by the system administrator. If volume creation is delayed, please verify that the provisioner is running and correctly registered. [helmadditionalvolumesit:test-persistent-volume-claim]
2025-01-29 22:17:01,763 INFO c.h.h.t.HelmChartContainer - [POD] helper-pod-create-pvc-b894bbfb-e860-43aa-acf5-d8e6d354f6be [9aa64dff-50db-4505-997b-bec4b6f8093d] in kube-system was MODIFIED
2025-01-29 22:17:01,814 INFO c.h.h.t.HelmChartContainer - [K3S] [reconciler_common.go:162] "operationExecutor.UnmountVolume started for volume \"script\" (UniqueName: \"kubernetes.io/configmap/9aa64dff-50db-4505-997b-bec4b6f8093d-script\") pod \"9aa64dff-50db-4505-997b-bec4b6f8093d\" (UID: \"9aa64dff-50db-4505-997b-bec4b6f8093d\") "
2025-01-29 22:17:01,814 INFO c.h.h.t.HelmChartContainer - [K3S] [reconciler_common.go:162] "operationExecutor.UnmountVolume started for volume \"kube-api-access-5bd5b\" (UniqueName: \"kubernetes.io/projected/9aa64dff-50db-4505-997b-bec4b6f8093d-kube-api-access-5bd5b\") pod \"9aa64dff-50db-4505-997b-bec4b6f8093d\" (UID: \"9aa64dff-50db-4505-997b-bec4b6f8093d\") "
2025-01-29 22:17:01,814 INFO c.h.h.t.HelmChartContainer - [K3S] [reconciler_common.go:162] "operationExecutor.UnmountVolume started for volume \"data\" (UniqueName: \"kubernetes.io/host-path/9aa64dff-50db-4505-997b-bec4b6f8093d-data\") pod \"9aa64dff-50db-4505-997b-bec4b6f8093d\" (UID: \"9aa64dff-50db-4505-997b-bec4b6f8093d\") "
2025-01-29 22:17:01,914 INFO c.h.h.t.HelmChartContainer - [K3S] [reconciler_common.go:299] "Volume detached for volume \"script\" (UniqueName: \"kubernetes.io/configmap/9aa64dff-50db-4505-997b-bec4b6f8093d-script\") on node \"3186397976b0\" DevicePath \"\""
2025-01-29 22:17:01,914 INFO c.h.h.t.HelmChartContainer - [K3S] [reconciler_common.go:299] "Volume detached for volume \"kube-api-access-5bd5b\" (UniqueName: \"kubernetes.io/projected/9aa64dff-50db-4505-997b-bec4b6f8093d-kube-api-access-5bd5b\") on node \"3186397976b0\" DevicePath \"\""
2025-01-29 22:17:01,914 INFO c.h.h.t.HelmChartContainer - [K3S] [reconciler_common.go:299] "Volume detached for volume \"data\" (UniqueName: \"kubernetes.io/host-path/9aa64dff-50db-4505-997b-bec4b6f8093d-data\") on node \"3186397976b0\" DevicePath \"\""
2025-01-29 22:17:02,103 INFO c.h.h.t.HelmChartContainer - [POD] helper-pod-create-pvc-b894bbfb-e860-43aa-acf5-d8e6d354f6be [9aa64dff-50db-4505-997b-bec4b6f8093d] in kube-system was MODIFIED
2025-01-29 22:17:02,107 INFO c.h.h.t.HelmChartContainer - [POD] helper-pod-create-pvc-b894bbfb-e860-43aa-acf5-d8e6d354f6be [9aa64dff-50db-4505-997b-bec4b6f8093d] in kube-system was DELETED
2025-01-29 22:17:02,110 INFO c.h.h.t.HelmChartContainer - [EVENT] Normal [ProvisioningSucceeded] Successfully provisioned volume pvc-b894bbfb-e860-43aa-acf5-d8e6d354f6be [helmadditionalvolumesit:test-persistent-volume-claim]
2025-01-29 22:17:02,682 INFO c.h.h.t.HelmChartContainer - [K3S] [pod_container_deletor.go:80] "Container not found in pod's containers" containerID="5b220a6a952a3ec81f1c2747320208984f7d6791f361921439192f78053e0b63"
2025-01-29 22:17:02,683 INFO c.h.h.t.HelmChartContainer - [K3S] [status_manager.go:890] "Failed to get status for pod" podUID="9aa64dff-50db-4505-997b-bec4b6f8093d" pod="kube-system/helper-pod-create-pvc-b894bbfb-e860-43aa-acf5-d8e6d354f6be" err="pods \"helper-pod-create-pvc-b894bbfb-e860-43aa-acf5-d8e6d354f6be\" is forbidden: User \"system:node:3186397976b0\" cannot get resource \"pods\" in API group \"\" in the namespace \"kube-system\": no relationship found between node '3186397976b0' and this object"
2025-01-29 22:17:03,067 INFO c.h.h.t.HelmChartContainer - [K3S] [memory_manager.go:355] "RemoveStaleState removing state" podUID="9aa64dff-50db-4505-997b-bec4b6f8093d" containerName="helper-pod"
2025-01-29 22:17:03,068 INFO c.h.h.t.HelmChartContainer - [K3S] [status_manager.go:890] "Failed to get status for pod" podUID="9aa64dff-50db-4505-997b-bec4b6f8093d" pod="kube-system/helper-pod-create-pvc-b894bbfb-e860-43aa-acf5-d8e6d354f6be" err="pods \"helper-pod-create-pvc-b894bbfb-e860-43aa-acf5-d8e6d354f6be\" is forbidden: User \"system:node:3186397976b0\" cannot get resource \"pods\" in API group \"\" in the namespace \"kube-system\": no relationship found between node '3186397976b0' and this object"
2025-01-29 22:17:03,068 INFO c.h.h.t.HelmChartContainer - [POD] test-hivemq-platform-0 [66943bc7-6f99-4dff-82c1-20edd359a458] in helmadditionalvolumesit was MODIFIED
2025-01-29 22:17:03,069 INFO c.h.h.t.HelmChartContainer - [EVENT] Normal [Scheduled] Successfully assigned helmadditionalvolumesit/test-hivemq-platform-0 to 3186397976b0 [helmadditionalvolumesit:test-hivemq-platform-0]
2025-01-29 22:17:03,083 INFO c.h.h.t.HelmChartContainer - [hivemq-test-hivemq-platform] [hivemq-platform-operator] [b0795f9a] 22:17:03.080 [pool-6-thread-32] DEBUG c.h.p.o.d.PlatformServiceResource - [helmaddi] Desired Platform services (3 services)
2025-01-29 22:17:03,087 INFO c.h.h.t.HelmChartContainer - [hivemq-test-hivemq-platform] [hivemq-platform-operator] [b0795f9a] 22:17:03.085 [pool-6-thread-33] DEBUG c.h.p.o.dependants.PodInfoConfigMap - [helmaddi] Desired PodInfo ConfigMap (1 extensions) (1 enabled)
2025-01-29 22:17:03,087 INFO c.h.h.t.HelmChartContainer - [hivemq-test-hivemq-platform] [hivemq-platform-operator] [b0795f9a] 22:17:03.085 [pool-6-thread-33] DEBUG c.h.p.o.dependants.PodInfoConfigMap - [helmaddi] Desired PodInfo ConfigMap (metrics port: 9399) (metrics path: /)
2025-01-29 22:17:03,088 INFO c.h.h.t.HelmChartContainer - [hivemq-test-hivemq-platform] [hivemq-platform-operator] [b0795f9a] 22:17:03.085 [pool-6-thread-33] DEBUG c.h.p.o.dependants.PodInfoConfigMap - [helmaddi] Desired PodInfo ConfigMap (extension state hash: -1817474005)
2025-01-29 22:17:03,090 INFO c.h.h.t.HelmChartContainer - [POD] test-hivemq-platform-0 [66943bc7-6f99-4dff-82c1-20edd359a458] in helmadditionalvolumesit was MODIFIED
2025-01-29 22:17:03,092 INFO c.h.h.t.HelmChartContainer - [hivemq-test-hivemq-platform] [hivemq-platform-operator] [b0795f9a] 22:17:03.088 [pool-6-thread-37] DEBUG c.h.p.o.d.PodServiceAccountResource - [helmaddi] Desired PodServiceAccountResource (serviceAccountName: hivemq-platform-pod-test-hivemq-platform)
2025-01-29 22:17:03,120 INFO c.h.h.t.HelmChartContainer - [K3S] [reconciler_common.go:251] "operationExecutor.VerifyControllerAttachedVolume started for volume \"test-secret-volume\" (UniqueName: \"kubernetes.io/secret/66943bc7-6f99-4dff-82c1-20edd359a458-test-secret-volume\") pod \"test-hivemq-platform-0\" (UID: \"66943bc7-6f99-4dff-82c1-20edd359a458\") " pod="helmadditionalvolumesit/test-hivemq-platform-0"
2025-01-29 22:17:03,120 INFO c.h.h.t.HelmChartContainer - [K3S] [reconciler_common.go:251] "operationExecutor.VerifyControllerAttachedVolume started for volume \"operator-init\" (UniqueName: \"kubernetes.io/empty-dir/66943bc7-6f99-4dff-82c1-20edd359a458-operator-init\") pod \"test-hivemq-platform-0\" (UID: \"66943bc7-6f99-4dff-82c1-20edd359a458\") " pod="helmadditionalvolumesit/test-hivemq-platform-0"
2025-01-29 22:17:03,120 INFO c.h.h.t.HelmChartContainer - [K3S] [reconciler_common.go:251] "operationExecutor.VerifyControllerAttachedVolume started for volume \"test-mount-volume\" (UniqueName: \"kubernetes.io/configmap/66943bc7-6f99-4dff-82c1-20edd359a458-test-mount-volume\") pod \"test-hivemq-platform-0\" (UID: \"66943bc7-6f99-4dff-82c1-20edd359a458\") " pod="helmadditionalvolumesit/test-hivemq-platform-0"
2025-01-29 22:17:03,120 INFO c.h.h.t.HelmChartContainer - [K3S] [reconciler_common.go:251] "operationExecutor.VerifyControllerAttachedVolume started for volume \"pod-info\" (UniqueName: \"kubernetes.io/configmap/66943bc7-6f99-4dff-82c1-20edd359a458-pod-info\") pod \"test-hivemq-platform-0\" (UID: \"66943bc7-6f99-4dff-82c1-20edd359a458\") " pod="helmadditionalvolumesit/test-hivemq-platform-0"
2025-01-29 22:17:03,120 INFO c.h.h.t.HelmChartContainer - [K3S] [reconciler_common.go:251] "operationExecutor.VerifyControllerAttachedVolume started for volume \"broker-configuration\" (UniqueName: \"kubernetes.io/configmap/66943bc7-6f99-4dff-82c1-20edd359a458-broker-configuration\") pod \"test-hivemq-platform-0\" (UID: \"66943bc7-6f99-4dff-82c1-20edd359a458\") " pod="helmadditionalvolumesit/test-hivemq-platform-0"
2025-01-29 22:17:03,120 INFO c.h.h.t.HelmChartContainer - [K3S] [reconciler_common.go:251] "operationExecutor.VerifyControllerAttachedVolume started for volume \"kube-api-access-96fc8\" (UniqueName: \"kubernetes.io/projected/66943bc7-6f99-4dff-82c1-20edd359a458-kube-api-access-96fc8\") pod \"test-hivemq-platform-0\" (UID: \"66943bc7-6f99-4dff-82c1-20edd359a458\") " pod="helmadditionalvolumesit/test-hivemq-platform-0"
2025-01-29 22:17:03,120 INFO c.h.h.t.HelmChartContainer - [K3S] [reconciler_common.go:251] "operationExecutor.VerifyControllerAttachedVolume started for volume \"test-empty-dir-volume\" (UniqueName: \"kubernetes.io/empty-dir/66943bc7-6f99-4dff-82c1-20edd359a458-test-empty-dir-volume\") pod \"test-hivemq-platform-0\" (UID: \"66943bc7-6f99-4dff-82c1-20edd359a458\") " pod="helmadditionalvolumesit/test-hivemq-platform-0"
2025-01-29 22:17:03,121 INFO c.h.h.t.HelmChartContainer - [K3S] [reconciler_common.go:251] "operationExecutor.VerifyControllerAttachedVolume started for volume \"pvc-b894bbfb-e860-43aa-acf5-d8e6d354f6be\" (UniqueName: \"kubernetes.io/local-volume/pvc-b894bbfb-e860-43aa-acf5-d8e6d354f6be\") pod \"test-hivemq-platform-0\" (UID: \"66943bc7-6f99-4dff-82c1-20edd359a458\") " pod="helmadditionalvolumesit/test-hivemq-platform-0"
2025-01-29 22:17:03,131 INFO c.h.h.t.HelmChartContainer - [hivemq-test-hivemq-platform] [hivemq-platform-operator] [b0795f9a] 22:17:03.128 [pool-6-thread-40] DEBUG c.h.p.o.d.StatefulSetResource - [helmaddi] Desired StatefulSet (1 replicas) for status STARTING (READY)
2025-01-29 22:17:03,142 INFO c.h.h.t.HelmChartContainer - [hivemq-test-hivemq-platform] [hivemq-platform-operator] [b0795f9a] 22:17:03.135 [ReconcilerExecutor-hivemq-controller-86] INFO  c.h.p.o.HiveMQPlatformReconciler - [helmaddi] Reconciling HiveMQ Platform 'test-hivemq-platform' in namespace 'helmadditionalvolumesit'
2025-01-29 22:17:03,142 INFO c.h.h.t.HelmChartContainer - [hivemq-test-hivemq-platform] [hivemq-platform-operator] [b0795f9a] 22:17:03.135 [ReconcilerExecutor-hivemq-controller-86] DEBUG c.h.p.o.HiveMQPlatformReconciler - [helmaddi] Custom Resource Status STARTING - HiveMQ Platform is starting (READY)
2025-01-29 22:17:03,142 INFO c.h.h.t.HelmChartContainer - [hivemq-test-hivemq-platform] [hivemq-platform-operator] [b0795f9a] 22:17:03.135 [ReconcilerExecutor-hivemq-controller-86] DEBUG c.h.p.o.HiveMQPlatformReconciler - [helmaddi] Custom Resource Spec (replicas: 1) (extensions: 1)
2025-01-29 22:17:03,142 INFO c.h.h.t.HelmChartContainer - [hivemq-test-hivemq-platform] [hivemq-platform-operator] [b0795f9a] 22:17:03.137 [ReconcilerExecutor-hivemq-controller-86] DEBUG c.h.p.o.HiveMQPlatformReconciler - [helmaddi] StatefulSet Status (revision: test-hivemq-platform-5d4d897885, replicas: 1, available: 0, ready: 0, current: 1, updated: 1)
2025-01-29 22:17:03,142 INFO c.h.h.t.HelmChartContainer - [hivemq-test-hivemq-platform] [hivemq-platform-operator] [b0795f9a] 22:17:03.137 [ReconcilerExecutor-hivemq-controller-86] DEBUG c.h.p.o.HiveMQPlatformReconciler - [helmaddi] StatefulSet Spec (replicas: 1, init containers: 1, containers: 1, volumes: 7)
2025-01-29 22:17:03,144 INFO c.h.h.t.HelmChartContainer - [hivemq-test-hivemq-platform] [hivemq-platform-operator] [b0795f9a] 22:17:03.143 [ReconcilerExecutor-hivemq-controller-86] DEBUG c.h.p.o.h.HiveMQPlatformReconcilerErrorHandler - [helmaddi] Pod 'test-hivemq-platform-0' phase Pending
2025-01-29 22:17:03,145 INFO c.h.h.t.HelmChartContainer - [hivemq-test-hivemq-platform] [hivemq-platform-operator] [b0795f9a] 22:17:03.144 [ReconcilerExecutor-hivemq-controller-86] DEBUG c.h.p.o.h.HiveMQPlatformReconcilerErrorHandler - [helmaddi] Pod 'test-hivemq-platform-0' condition 'PodReadyToStartContainers': False
2025-01-29 22:17:03,145 INFO c.h.h.t.HelmChartContainer - [hivemq-test-hivemq-platform] [hivemq-platform-operator] [b0795f9a] 22:17:03.144 [ReconcilerExecutor-hivemq-controller-86] DEBUG c.h.p.o.h.HiveMQPlatformReconcilerErrorHandler - [helmaddi] Pod 'test-hivemq-platform-0' condition 'Initialized': False
2025-01-29 22:17:03,146 INFO c.h.h.t.HelmChartContainer - [hivemq-test-hivemq-platform] [hivemq-platform-operator] [b0795f9a] 22:17:03.144 [ReconcilerExecutor-hivemq-controller-86] DEBUG c.h.p.o.h.HiveMQPlatformReconcilerErrorHandler - [helmaddi] Pod 'test-hivemq-platform-0' condition 'Ready': False
2025-01-29 22:17:03,146 INFO c.h.h.t.HelmChartContainer - [hivemq-test-hivemq-platform] [hivemq-platform-operator] [b0795f9a] 22:17:03.144 [ReconcilerExecutor-hivemq-controller-86] DEBUG c.h.p.o.h.HiveMQPlatformReconcilerErrorHandler - [helmaddi] Pod 'test-hivemq-platform-0' condition 'ContainersReady': False
2025-01-29 22:17:03,146 INFO c.h.h.t.HelmChartContainer - [hivemq-test-hivemq-platform] [hivemq-platform-operator] [b0795f9a] 22:17:03.144 [ReconcilerExecutor-hivemq-controller-86] DEBUG c.h.p.o.h.HiveMQPlatformReconcilerErrorHandler - [helmaddi] Pod 'test-hivemq-platform-0' condition 'PodScheduled': True
2025-01-29 22:17:03,147 INFO c.h.h.t.HelmChartContainer - [hivemq-test-hivemq-platform] [hivemq-platform-operator] [b0795f9a] 22:17:03.145 [ReconcilerExecutor-hivemq-controller-86] DEBUG c.h.p.o.h.HiveMQPlatformReconcilerErrorHandler - [helmaddi] Pod 'test-hivemq-platform-0' containerStatus 'hivemq' (started: false) (ready: false) (waiting: [PodInitializing] null)
2025-01-29 22:17:03,147 INFO c.h.h.t.HelmChartContainer - [hivemq-test-hivemq-platform] [hivemq-platform-operator] [b0795f9a] 22:17:03.146 [ReconcilerExecutor-hivemq-controller-86] INFO  c.h.p.o.h.HiveMQPlatformReconcilerBaseHandler - [helmaddi] HiveMQ Platform is starting, 0 of 1 replicas are ready
2025-01-29 22:17:03,234 INFO c.h.h.t.HelmChartContainer - [hivemq-test-hivemq-platform] [hivemq-platform-operator] [b0795f9a] 22:17:03.233 [pool-6-thread-42] DEBUG c.h.p.o.d.PlatformServiceResource - [helmaddi] Desired Platform services (3 services)
2025-01-29 22:17:03,236 INFO c.h.h.t.HelmChartContainer - [hivemq-test-hivemq-platform] [hivemq-platform-operator] [b0795f9a] 22:17:03.235 [pool-6-thread-43] DEBUG c.h.p.o.dependants.PodInfoConfigMap - [helmaddi] Desired PodInfo ConfigMap (1 extensions) (1 enabled)
2025-01-29 22:17:03,236 INFO c.h.h.t.HelmChartContainer - [hivemq-test-hivemq-platform] [hivemq-platform-operator] [b0795f9a] 22:17:03.235 [pool-6-thread-43] DEBUG c.h.p.o.dependants.PodInfoConfigMap - [helmaddi] Desired PodInfo ConfigMap (metrics port: 9399) (metrics path: /)
2025-01-29 22:17:03,237 INFO c.h.h.t.HelmChartContainer - [hivemq-test-hivemq-platform] [hivemq-platform-operator] [b0795f9a] 22:17:03.237 [pool-6-thread-43] DEBUG c.h.p.o.dependants.PodInfoConfigMap - [helmaddi] Desired PodInfo ConfigMap (extension state hash: -1817474005)
2025-01-29 22:17:03,240 INFO c.h.h.t.HelmChartContainer - [hivemq-test-hivemq-platform] [hivemq-platform-operator] [b0795f9a] 22:17:03.239 [pool-6-thread-47] DEBUG c.h.p.o.d.PodServiceAccountResource - [helmaddi] Desired PodServiceAccountResource (serviceAccountName: hivemq-platform-pod-test-hivemq-platform)
2025-01-29 22:17:03,329 INFO c.h.h.t.HelmChartContainer - [hivemq-test-hivemq-platform] [hivemq-platform-operator] [b0795f9a] 22:17:03.328 [pool-6-thread-50] DEBUG c.h.p.o.d.StatefulSetResource - [helmaddi] Desired StatefulSet (1 replicas) for status STARTING (READY)
2025-01-29 22:17:03,335 INFO c.h.h.t.HelmChartContainer - [hivemq-test-hivemq-platform] [hivemq-platform-operator] [b0795f9a] 22:17:03.333 [ReconcilerExecutor-hivemq-controller-97] INFO  c.h.p.o.HiveMQPlatformReconciler - [helmaddi] Reconciling HiveMQ Platform 'test-hivemq-platform' in namespace 'helmadditionalvolumesit'
2025-01-29 22:17:03,335 INFO c.h.h.t.HelmChartContainer - [hivemq-test-hivemq-platform] [hivemq-platform-operator] [b0795f9a] 22:17:03.333 [ReconcilerExecutor-hivemq-controller-97] DEBUG c.h.p.o.HiveMQPlatformReconciler - [helmaddi] Custom Resource Status STARTING - HiveMQ Platform is starting (READY)
2025-01-29 22:17:03,335 INFO c.h.h.t.HelmChartContainer - [hivemq-test-hivemq-platform] [hivemq-platform-operator] [b0795f9a] 22:17:03.333 [ReconcilerExecutor-hivemq-controller-97] DEBUG c.h.p.o.HiveMQPlatformReconciler - [helmaddi] Custom Resource Spec (replicas: 1) (extensions: 1)
2025-01-29 22:17:03,336 INFO c.h.h.t.HelmChartContainer - [hivemq-test-hivemq-platform] [hivemq-platform-operator] [b0795f9a] 22:17:03.335 [ReconcilerExecutor-hivemq-controller-97] DEBUG c.h.p.o.HiveMQPlatformReconciler - [helmaddi] StatefulSet Status (revision: test-hivemq-platform-5d4d897885, replicas: 1, available: 0, ready: 0, current: 1, updated: 1)
2025-01-29 22:17:03,337 INFO c.h.h.t.HelmChartContainer - [hivemq-test-hivemq-platform] [hivemq-platform-operator] [b0795f9a] 22:17:03.335 [ReconcilerExecutor-hivemq-controller-97] DEBUG c.h.p.o.HiveMQPlatformReconciler - [helmaddi] StatefulSet Spec (replicas: 1, init containers: 1, containers: 1, volumes: 7)
2025-01-29 22:17:03,338 INFO c.h.h.t.HelmChartContainer - [hivemq-test-hivemq-platform] [hivemq-platform-operator] [b0795f9a] 22:17:03.337 [ReconcilerExecutor-hivemq-controller-97] DEBUG c.h.p.o.h.HiveMQPlatformReconcilerErrorHandler - [helmaddi] Pod 'test-hivemq-platform-0' phase Pending
2025-01-29 22:17:03,338 INFO c.h.h.t.HelmChartContainer - [hivemq-test-hivemq-platform] [hivemq-platform-operator] [b0795f9a] 22:17:03.337 [ReconcilerExecutor-hivemq-controller-97] DEBUG c.h.p.o.h.HiveMQPlatformReconcilerErrorHandler - [helmaddi] Pod 'test-hivemq-platform-0' condition 'PodReadyToStartContainers': False
2025-01-29 22:17:03,338 INFO c.h.h.t.HelmChartContainer - [hivemq-test-hivemq-platform] [hivemq-platform-operator] [b0795f9a] 22:17:03.337 [ReconcilerExecutor-hivemq-controller-97] DEBUG c.h.p.o.h.HiveMQPlatformReconcilerErrorHandler - [helmaddi] Pod 'test-hivemq-platform-0' condition 'Initialized': False
2025-01-29 22:17:03,338 INFO c.h.h.t.HelmChartContainer - [hivemq-test-hivemq-platform] [hivemq-platform-operator] [b0795f9a] 22:17:03.337 [ReconcilerExecutor-hivemq-controller-97] DEBUG c.h.p.o.h.HiveMQPlatformReconcilerErrorHandler - [helmaddi] Pod 'test-hivemq-platform-0' condition 'Ready': False
2025-01-29 22:17:03,338 INFO c.h.h.t.HelmChartContainer - [hivemq-test-hivemq-platform] [hivemq-platform-operator] [b0795f9a] 22:17:03.337 [ReconcilerExecutor-hivemq-controller-97] DEBUG c.h.p.o.h.HiveMQPlatformReconcilerErrorHandler - [helmaddi] Pod 'test-hivemq-platform-0' condition 'ContainersReady': False
2025-01-29 22:17:03,338 INFO c.h.h.t.HelmChartContainer - [hivemq-test-hivemq-platform] [hivemq-platform-operator] [b0795f9a] 22:17:03.337 [ReconcilerExecutor-hivemq-controller-97] DEBUG c.h.p.o.h.HiveMQPlatformReconcilerErrorHandler - [helmaddi] Pod 'test-hivemq-platform-0' condition 'PodScheduled': True
2025-01-29 22:17:03,339 INFO c.h.h.t.HelmChartContainer - [hivemq-test-hivemq-platform] [hivemq-platform-operator] [b0795f9a] 22:17:03.337 [ReconcilerExecutor-hivemq-controller-97] DEBUG c.h.p.o.h.HiveMQPlatformReconcilerErrorHandler - [helmaddi] Pod 'test-hivemq-platform-0' containerStatus 'hivemq' (started: false) (ready: false) (waiting: [PodInitializing] null)
2025-01-29 22:17:03,340 INFO c.h.h.t.HelmChartContainer - [hivemq-test-hivemq-platform] [hivemq-platform-operator] [b0795f9a] 22:17:03.338 [ReconcilerExecutor-hivemq-controller-97] INFO  c.h.p.o.h.HiveMQPlatformReconcilerBaseHandler - [helmaddi] HiveMQ Platform is starting, 0 of 1 replicas are ready
2025-01-29 22:17:03,453 INFO c.h.h.t.HelmChartContainer - [EVENT] Normal [Pulled] Container image "docker.io/hivemq/hivemq-platform-operator-init-test:snapshot" already present on machine [helmadditionalvolumesit:test-hivemq-platform-0]
2025-01-29 22:17:03,611 INFO c.h.h.t.HelmChartContainer - [EVENT] Normal [Created] Created container: hivemq-platform-operator-init [helmadditionalvolumesit:test-hivemq-platform-0]
2025-01-29 22:17:03,652 INFO c.h.h.t.HelmChartContainer - [EVENT] Normal [Started] Started container hivemq-platform-operator-init [helmadditionalvolumesit:test-hivemq-platform-0]
2025-01-29 22:17:03,685 INFO c.h.h.t.HelmChartContainer - [K3S] [status_manager.go:890] "Failed to get status for pod" podUID="9aa64dff-50db-4505-997b-bec4b6f8093d" pod="kube-system/helper-pod-create-pvc-b894bbfb-e860-43aa-acf5-d8e6d354f6be" err="pods \"helper-pod-create-pvc-b894bbfb-e860-43aa-acf5-d8e6d354f6be\" is forbidden: User \"system:node:3186397976b0\" cannot get resource \"pods\" in API group \"\" in the namespace \"kube-system\": no relationship found between node '3186397976b0' and this object"
2025-01-29 22:17:03,698 INFO c.h.h.t.HelmChartContainer - [POD] test-hivemq-platform-0 [66943bc7-6f99-4dff-82c1-20edd359a458] in helmadditionalvolumesit was MODIFIED
2025-01-29 22:17:03,716 INFO c.h.h.t.HelmChartContainer - [hivemq-test-hivemq-platform] [hivemq-platform-operator] [b0795f9a] 22:17:03.707 [pool-6-thread-8] DEBUG c.h.p.o.d.PlatformServiceResource - [helmaddi] Desired Platform services (3 services)
2025-01-29 22:17:03,716 INFO c.h.h.t.HelmChartContainer - [hivemq-test-hivemq-platform] [hivemq-platform-operator] [b0795f9a] 22:17:03.712 [pool-6-thread-9] DEBUG c.h.p.o.dependants.PodInfoConfigMap - [helmaddi] Desired PodInfo ConfigMap (1 extensions) (1 enabled)
2025-01-29 22:17:03,716 INFO c.h.h.t.HelmChartContainer - [hivemq-test-hivemq-platform] [hivemq-platform-operator] [b0795f9a] 22:17:03.712 [pool-6-thread-9] DEBUG c.h.p.o.dependants.PodInfoConfigMap - [helmaddi] Desired PodInfo ConfigMap (metrics port: 9399) (metrics path: /)
2025-01-29 22:17:03,716 INFO c.h.h.t.HelmChartContainer - [hivemq-test-hivemq-platform] [hivemq-platform-operator] [b0795f9a] 22:17:03.712 [pool-6-thread-9] DEBUG c.h.p.o.dependants.PodInfoConfigMap - [helmaddi] Desired PodInfo ConfigMap (extension state hash: -1817474005)
2025-01-29 22:17:03,716 INFO c.h.h.t.HelmChartContainer - [hivemq-test-hivemq-platform] [hivemq-platform-operator] [b0795f9a] 22:17:03.713 [pool-6-thread-9] DEBUG c.h.p.o.d.PodServiceAccountResource - [helmaddi] Desired PodServiceAccountResource (serviceAccountName: hivemq-platform-pod-test-hivemq-platform)
2025-01-29 22:17:03,722 INFO c.h.h.t.HelmChartContainer - [hivemq-test-hivemq-platform] [hivemq-platform-operator] [b0795f9a] 22:17:03.718 [pool-6-thread-8] DEBUG c.h.p.o.d.StatefulSetResource - [helmaddi] Desired StatefulSet (1 replicas) for status STARTING (READY)
2025-01-29 22:17:03,733 INFO c.h.h.t.HelmChartContainer - [hivemq-test-hivemq-platform] [hivemq-platform-operator] [b0795f9a] 22:17:03.730 [ReconcilerExecutor-hivemq-controller-108] INFO  c.h.p.o.HiveMQPlatformReconciler - [helmaddi] Reconciling HiveMQ Platform 'test-hivemq-platform' in namespace 'helmadditionalvolumesit'
2025-01-29 22:17:03,734 INFO c.h.h.t.HelmChartContainer - [hivemq-test-hivemq-platform] [hivemq-platform-operator] [b0795f9a] 22:17:03.730 [ReconcilerExecutor-hivemq-controller-108] DEBUG c.h.p.o.HiveMQPlatformReconciler - [helmaddi] Custom Resource Status STARTING - HiveMQ Platform is starting (READY)
2025-01-29 22:17:03,734 INFO c.h.h.t.HelmChartContainer - [hivemq-test-hivemq-platform] [hivemq-platform-operator] [b0795f9a] 22:17:03.731 [ReconcilerExecutor-hivemq-controller-108] DEBUG c.h.p.o.HiveMQPlatformReconciler - [helmaddi] Custom Resource Spec (replicas: 1) (extensions: 1)
2025-01-29 22:17:03,739 INFO c.h.h.t.HelmChartContainer - [hivemq-test-hivemq-platform] [hivemq-platform-operator] [b0795f9a] 22:17:03.736 [ReconcilerExecutor-hivemq-controller-108] DEBUG c.h.p.o.HiveMQPlatformReconciler - [helmaddi] StatefulSet Status (revision: test-hivemq-platform-5d4d897885, replicas: 1, available: 0, ready: 0, current: 1, updated: 1)
2025-01-29 22:17:03,741 INFO c.h.h.t.HelmChartContainer - [hivemq-test-hivemq-platform] [hivemq-platform-operator] [b0795f9a] 22:17:03.738 [ReconcilerExecutor-hivemq-controller-108] DEBUG c.h.p.o.HiveMQPlatformReconciler - [helmaddi] StatefulSet Spec (replicas: 1, init containers: 1, containers: 1, volumes: 7)
2025-01-29 22:17:03,747 INFO c.h.h.t.HelmChartContainer - [hivemq-test-hivemq-platform] [hivemq-platform-operator] [b0795f9a] 22:17:03.744 [ReconcilerExecutor-hivemq-controller-108] DEBUG c.h.p.o.h.HiveMQPlatformReconcilerErrorHandler - [helmaddi] Pod 'test-hivemq-platform-0' phase Pending
2025-01-29 22:17:03,748 INFO c.h.h.t.HelmChartContainer - [hivemq-test-hivemq-platform] [hivemq-platform-operator] [b0795f9a] 22:17:03.744 [ReconcilerExecutor-hivemq-controller-108] DEBUG c.h.p.o.h.HiveMQPlatformReconcilerErrorHandler - [helmaddi] Pod 'test-hivemq-platform-0' condition 'PodReadyToStartContainers': True
2025-01-29 22:17:03,748 INFO c.h.h.t.HelmChartContainer - [hivemq-test-hivemq-platform] [hivemq-platform-operator] [b0795f9a] 22:17:03.744 [ReconcilerExecutor-hivemq-controller-108] DEBUG c.h.p.o.h.HiveMQPlatformReconcilerErrorHandler - [helmaddi] Pod 'test-hivemq-platform-0' condition 'Initialized': False
2025-01-29 22:17:03,748 INFO c.h.h.t.HelmChartContainer - [hivemq-test-hivemq-platform] [hivemq-platform-operator] [b0795f9a] 22:17:03.744 [ReconcilerExecutor-hivemq-controller-108] DEBUG c.h.p.o.h.HiveMQPlatformReconcilerErrorHandler - [helmaddi] Pod 'test-hivemq-platform-0' condition 'Ready': False
2025-01-29 22:17:03,748 INFO c.h.h.t.HelmChartContainer - [hivemq-test-hivemq-platform] [hivemq-platform-operator] [b0795f9a] 22:17:03.744 [ReconcilerExecutor-hivemq-controller-108] DEBUG c.h.p.o.h.HiveMQPlatformReconcilerErrorHandler - [helmaddi] Pod 'test-hivemq-platform-0' condition 'ContainersReady': False
2025-01-29 22:17:03,748 INFO c.h.h.t.HelmChartContainer - [hivemq-test-hivemq-platform] [hivemq-platform-operator] [b0795f9a] 22:17:03.744 [ReconcilerExecutor-hivemq-controller-108] DEBUG c.h.p.o.h.HiveMQPlatformReconcilerErrorHandler - [helmaddi] Pod 'test-hivemq-platform-0' condition 'PodScheduled': True
2025-01-29 22:17:03,748 INFO c.h.h.t.HelmChartContainer - [hivemq-test-hivemq-platform] [hivemq-platform-operator] [b0795f9a] 22:17:03.744 [ReconcilerExecutor-hivemq-controller-108] DEBUG c.h.p.o.h.HiveMQPlatformReconcilerErrorHandler - [helmaddi] Pod 'test-hivemq-platform-0' containerStatus 'hivemq' (started: false) (ready: false) (waiting: [PodInitializing] null)
2025-01-29 22:17:03,748 INFO c.h.h.t.HelmChartContainer - [hivemq-test-hivemq-platform] [hivemq-platform-operator] [b0795f9a] 22:17:03.746 [ReconcilerExecutor-hivemq-controller-108] INFO  c.h.p.o.h.HiveMQPlatformReconcilerBaseHandler - [helmaddi] HiveMQ Platform is starting, 0 of 1 replicas are ready
2025-01-29 22:17:04,074 INFO c.h.h.t.HelmChartContainer - [K3S] [kubelet_volumes.go:163] "Cleaned up orphaned pod volumes dir" podUID="9aa64dff-50db-4505-997b-bec4b6f8093d" path="/var/lib/kubelet/pods/9aa64dff-50db-4505-997b-bec4b6f8093d/volumes"
2025-01-29 22:17:04,690 INFO c.h.h.t.HelmChartContainer - [EVENT] Normal [Pulled] Container image "docker.io/hivemq/hivemq4:4.36.0" already present on machine [helmadditionalvolumesit:test-hivemq-platform-0]
2025-01-29 22:17:04,690 INFO c.h.h.t.HelmChartContainer - Received Pulled event for container hivemq in pod test-hivemq-platform-0 [66943bc7-6f99-4dff-82c1-20edd359a458]
2025-01-29 22:17:04,698 INFO c.h.h.t.HelmChartContainer - [POD] test-hivemq-platform-0 [66943bc7-6f99-4dff-82c1-20edd359a458] in helmadditionalvolumesit was MODIFIED
2025-01-29 22:17:04,705 INFO c.h.h.t.HelmChartContainer - [hivemq-test-hivemq-platform] [hivemq-platform-operator] [b0795f9a] 22:17:04.702 [pool-6-thread-14] DEBUG c.h.p.o.d.PlatformServiceResource - [helmaddi] Desired Platform services (3 services)
2025-01-29 22:17:04,709 INFO c.h.h.t.HelmChartContainer - [hivemq-test-hivemq-platform] [hivemq-platform-operator] [b0795f9a] 22:17:04.704 [pool-6-thread-17] DEBUG c.h.p.o.d.PodServiceAccountResource - [helmaddi] Desired PodServiceAccountResource (serviceAccountName: hivemq-platform-pod-test-hivemq-platform)
2025-01-29 22:17:04,709 INFO c.h.h.t.HelmChartContainer - [hivemq-test-hivemq-platform] [hivemq-platform-operator] [b0795f9a] 22:17:04.706 [pool-6-thread-11] DEBUG c.h.p.o.dependants.PodInfoConfigMap - [helmaddi] Desired PodInfo ConfigMap (1 extensions) (1 enabled)
2025-01-29 22:17:04,709 INFO c.h.h.t.HelmChartContainer - [hivemq-test-hivemq-platform] [hivemq-platform-operator] [b0795f9a] 22:17:04.707 [pool-6-thread-11] DEBUG c.h.p.o.dependants.PodInfoConfigMap - [helmaddi] Desired PodInfo ConfigMap (metrics port: 9399) (metrics path: /)
2025-01-29 22:17:04,709 INFO c.h.h.t.HelmChartContainer - [hivemq-test-hivemq-platform] [hivemq-platform-operator] [b0795f9a] 22:17:04.707 [pool-6-thread-11] DEBUG c.h.p.o.dependants.PodInfoConfigMap - [helmaddi] Desired PodInfo ConfigMap (extension state hash: -1817474005)
2025-01-29 22:17:04,712 INFO c.h.h.t.HelmChartContainer - [hivemq-test-hivemq-platform] [hivemq-platform-operator] [b0795f9a] 22:17:04.710 [pool-6-thread-11] DEBUG c.h.p.o.d.StatefulSetResource - [helmaddi] Desired StatefulSet (1 replicas) for status STARTING (READY)
2025-01-29 22:17:04,718 INFO c.h.h.t.HelmChartContainer - [hivemq-test-hivemq-platform] [hivemq-platform-operator] [b0795f9a] 22:17:04.716 [ReconcilerExecutor-hivemq-controller-109] INFO  c.h.p.o.HiveMQPlatformReconciler - [helmaddi] Reconciling HiveMQ Platform 'test-hivemq-platform' in namespace 'helmadditionalvolumesit'
2025-01-29 22:17:04,718 INFO c.h.h.t.HelmChartContainer - [hivemq-test-hivemq-platform] [hivemq-platform-operator] [b0795f9a] 22:17:04.716 [ReconcilerExecutor-hivemq-controller-109] DEBUG c.h.p.o.HiveMQPlatformReconciler - [helmaddi] Custom Resource Status STARTING - HiveMQ Platform is starting (READY)
2025-01-29 22:17:04,718 INFO c.h.h.t.HelmChartContainer - [hivemq-test-hivemq-platform] [hivemq-platform-operator] [b0795f9a] 22:17:04.716 [ReconcilerExecutor-hivemq-controller-109] DEBUG c.h.p.o.HiveMQPlatformReconciler - [helmaddi] Custom Resource Spec (replicas: 1) (extensions: 1)
2025-01-29 22:17:04,728 INFO c.h.h.t.HelmChartContainer - [hivemq-test-hivemq-platform] [hivemq-platform-operator] [b0795f9a] 22:17:04.727 [ReconcilerExecutor-hivemq-controller-109] DEBUG c.h.p.o.HiveMQPlatformReconciler - [helmaddi] StatefulSet Status (revision: test-hivemq-platform-5d4d897885, replicas: 1, available: 0, ready: 0, current: 1, updated: 1)
2025-01-29 22:17:04,731 INFO c.h.h.t.HelmChartContainer - [hivemq-test-hivemq-platform] [hivemq-platform-operator] [b0795f9a] 22:17:04.727 [ReconcilerExecutor-hivemq-controller-109] DEBUG c.h.p.o.HiveMQPlatformReconciler - [helmaddi] StatefulSet Spec (replicas: 1, init containers: 1, containers: 1, volumes: 7)
2025-01-29 22:17:04,732 INFO c.h.h.t.HelmChartContainer - [hivemq-test-hivemq-platform] [hivemq-platform-operator] [b0795f9a] 22:17:04.730 [ReconcilerExecutor-hivemq-controller-109] DEBUG c.h.p.o.h.HiveMQPlatformReconcilerErrorHandler - [helmaddi] Pod 'test-hivemq-platform-0' phase Pending
2025-01-29 22:17:04,733 INFO c.h.h.t.HelmChartContainer - [hivemq-test-hivemq-platform] [hivemq-platform-operator] [b0795f9a] 22:17:04.730 [ReconcilerExecutor-hivemq-controller-109] DEBUG c.h.p.o.h.HiveMQPlatformReconcilerErrorHandler - [helmaddi] Pod 'test-hivemq-platform-0' condition 'PodReadyToStartContainers': True
2025-01-29 22:17:04,733 INFO c.h.h.t.HelmChartContainer - [hivemq-test-hivemq-platform] [hivemq-platform-operator] [b0795f9a] 22:17:04.730 [ReconcilerExecutor-hivemq-controller-109] DEBUG c.h.p.o.h.HiveMQPlatformReconcilerErrorHandler - [helmaddi] Pod 'test-hivemq-platform-0' condition 'Initialized': True
2025-01-29 22:17:04,733 INFO c.h.h.t.HelmChartContainer - [hivemq-test-hivemq-platform] [hivemq-platform-operator] [b0795f9a] 22:17:04.730 [ReconcilerExecutor-hivemq-controller-109] DEBUG c.h.p.o.h.HiveMQPlatformReconcilerErrorHandler - [helmaddi] Pod 'test-hivemq-platform-0' condition 'Ready': False
2025-01-29 22:17:04,733 INFO c.h.h.t.HelmChartContainer - [hivemq-test-hivemq-platform] [hivemq-platform-operator] [b0795f9a] 22:17:04.730 [ReconcilerExecutor-hivemq-controller-109] DEBUG c.h.p.o.h.HiveMQPlatformReconcilerErrorHandler - [helmaddi] Pod 'test-hivemq-platform-0' condition 'ContainersReady': False
2025-01-29 22:17:04,733 INFO c.h.h.t.HelmChartContainer - [hivemq-test-hivemq-platform] [hivemq-platform-operator] [b0795f9a] 22:17:04.730 [ReconcilerExecutor-hivemq-controller-109] DEBUG c.h.p.o.h.HiveMQPlatformReconcilerErrorHandler - [helmaddi] Pod 'test-hivemq-platform-0' condition 'PodScheduled': True
2025-01-29 22:17:04,733 INFO c.h.h.t.HelmChartContainer - [hivemq-test-hivemq-platform] [hivemq-platform-operator] [b0795f9a] 22:17:04.730 [ReconcilerExecutor-hivemq-controller-109] DEBUG c.h.p.o.h.HiveMQPlatformReconcilerErrorHandler - [helmaddi] Pod 'test-hivemq-platform-0' containerStatus 'hivemq' (started: false) (ready: false) (waiting: [PodInitializing] null)
2025-01-29 22:17:04,733 INFO c.h.h.t.HelmChartContainer - [hivemq-test-hivemq-platform] [hivemq-platform-operator] [b0795f9a] 22:17:04.731 [ReconcilerExecutor-hivemq-controller-109] INFO  c.h.p.o.h.HiveMQPlatformReconcilerBaseHandler - [helmaddi] HiveMQ Platform is starting, 0 of 1 replicas are ready
2025-01-29 22:17:05,978 INFO c.h.h.t.HelmChartContainer - [EVENT] Normal [Created] Created container: hivemq [helmadditionalvolumesit:test-hivemq-platform-0]
2025-01-29 22:17:05,979 INFO c.h.h.t.HelmChartContainer - Received Created event for container hivemq in pod test-hivemq-platform-0 [66943bc7-6f99-4dff-82c1-20edd359a458]
2025-01-29 22:17:06,702 INFO c.h.h.t.HelmChartContainer - [POD] test-hivemq-platform-0 [66943bc7-6f99-4dff-82c1-20edd359a458] in helmadditionalvolumesit was MODIFIED
2025-01-29 22:17:06,716 INFO c.h.h.t.HelmChartContainer - [hivemq-test-hivemq-platform] [hivemq-platform-operator] [b0795f9a] 22:17:06.711 [pool-6-thread-22] DEBUG c.h.p.o.d.PlatformServiceResource - [helmaddi] Desired Platform services (3 services)
2025-01-29 22:17:06,718 INFO c.h.h.t.HelmChartContainer - [hivemq-test-hivemq-platform] [hivemq-platform-operator] [b0795f9a] 22:17:06.712 [pool-6-thread-23] DEBUG c.h.p.o.d.PodServiceAccountResource - [helmaddi] Desired PodServiceAccountResource (serviceAccountName: hivemq-platform-pod-test-hivemq-platform)
2025-01-29 22:17:06,718 INFO c.h.h.t.HelmChartContainer - [hivemq-test-hivemq-platform] [hivemq-platform-operator] [b0795f9a] 22:17:06.715 [pool-6-thread-27] DEBUG c.h.p.o.dependants.PodInfoConfigMap - [helmaddi] Desired PodInfo ConfigMap (1 extensions) (1 enabled)
2025-01-29 22:17:06,719 INFO c.h.h.t.HelmChartContainer - [hivemq-test-hivemq-platform] [hivemq-platform-operator] [b0795f9a] 22:17:06.715 [pool-6-thread-27] DEBUG c.h.p.o.dependants.PodInfoConfigMap - [helmaddi] Desired PodInfo ConfigMap (metrics port: 9399) (metrics path: /)
2025-01-29 22:17:06,719 INFO c.h.h.t.HelmChartContainer - [hivemq-test-hivemq-platform] [hivemq-platform-operator] [b0795f9a] 22:17:06.715 [pool-6-thread-27] DEBUG c.h.p.o.dependants.PodInfoConfigMap - [helmaddi] Desired PodInfo ConfigMap (extension state hash: -1817474005)
2025-01-29 22:17:06,722 INFO c.h.h.t.HelmChartContainer - [EVENT] Normal [Started] Started container hivemq [helmadditionalvolumesit:test-hivemq-platform-0]
2025-01-29 22:17:06,723 INFO c.h.h.t.HelmChartContainer - Started log watcher for hivemq in pod test-hivemq-platform-0 [66943bc7-6f99-4dff-82c1-20edd359a458]
2025-01-29 22:17:06,723 INFO c.h.h.t.HelmChartContainer - Received Started event for container hivemq in pod test-hivemq-platform-0 [66943bc7-6f99-4dff-82c1-20edd359a458]
2025-01-29 22:17:06,724 INFO c.h.h.t.HelmChartContainer - [test-hivemq-platform] [hivemq] [66943bc7] Adding pre-installed HiveMQ Platform Operator extensions
2025-01-29 22:17:06,724 INFO c.h.h.t.HelmChartContainer - [test-hivemq-platform] [hivemq] [66943bc7] Running as user 10000
2025-01-29 22:17:06,724 INFO c.h.h.t.HelmChartContainer - [test-hivemq-platform] [hivemq] [66943bc7] Starting HiveMQ Platform Operator Init
2025-01-29 22:17:06,733 INFO c.h.h.t.HelmChartContainer - [hivemq-test-hivemq-platform] [hivemq-platform-operator] [b0795f9a] 22:17:06.728 [pool-6-thread-23] DEBUG c.h.p.o.d.StatefulSetResource - [helmaddi] Desired StatefulSet (1 replicas) for status STARTING (READY)
2025-01-29 22:17:06,738 INFO c.h.h.t.HelmChartContainer - [hivemq-test-hivemq-platform] [hivemq-platform-operator] [b0795f9a] 22:17:06.737 [ReconcilerExecutor-hivemq-controller-110] INFO  c.h.p.o.HiveMQPlatformReconciler - [helmaddi] Reconciling HiveMQ Platform 'test-hivemq-platform' in namespace 'helmadditionalvolumesit'
2025-01-29 22:17:06,740 INFO c.h.h.t.HelmChartContainer - [hivemq-test-hivemq-platform] [hivemq-platform-operator] [b0795f9a] 22:17:06.739 [ReconcilerExecutor-hivemq-controller-110] DEBUG c.h.p.o.HiveMQPlatformReconciler - [helmaddi] Custom Resource Status STARTING - HiveMQ Platform is starting (READY)
2025-01-29 22:17:06,743 INFO c.h.h.t.HelmChartContainer - [hivemq-test-hivemq-platform] [hivemq-platform-operator] [b0795f9a] 22:17:06.743 [ReconcilerExecutor-hivemq-controller-110] DEBUG c.h.p.o.HiveMQPlatformReconciler - [helmaddi] Custom Resource Spec (replicas: 1) (extensions: 1)
2025-01-29 22:17:06,747 INFO c.h.h.t.HelmChartContainer - [hivemq-test-hivemq-platform] [hivemq-platform-operator] [b0795f9a] 22:17:06.746 [ReconcilerExecutor-hivemq-controller-110] DEBUG c.h.p.o.HiveMQPlatformReconciler - [helmaddi] StatefulSet Status (revision: test-hivemq-platform-5d4d897885, replicas: 1, available: 0, ready: 0, current: 1, updated: 1)
2025-01-29 22:17:06,753 INFO c.h.h.t.HelmChartContainer - [hivemq-test-hivemq-platform] [hivemq-platform-operator] [b0795f9a] 22:17:06.750 [ReconcilerExecutor-hivemq-controller-110] DEBUG c.h.p.o.HiveMQPlatformReconciler - [helmaddi] StatefulSet Spec (replicas: 1, init containers: 1, containers: 1, volumes: 7)
2025-01-29 22:17:06,755 INFO c.h.h.t.HelmChartContainer - [hivemq-test-hivemq-platform] [hivemq-platform-operator] [b0795f9a] 22:17:06.753 [ReconcilerExecutor-hivemq-controller-110] DEBUG c.h.p.o.h.HiveMQPlatformReconcilerErrorHandler - [helmaddi] Pod 'test-hivemq-platform-0' phase Running
2025-01-29 22:17:06,759 INFO c.h.h.t.HelmChartContainer - [hivemq-test-hivemq-platform] [hivemq-platform-operator] [b0795f9a] 22:17:06.756 [ReconcilerExecutor-hivemq-controller-110] INFO  c.h.p.o.h.HiveMQPlatformReconcilerBaseHandler - [helmaddi] HiveMQ Platform is starting, 0 of 1 replicas are ready
2025-01-29 22:17:07,252 INFO c.h.h.t.HelmChartContainer - [test-hivemq-platform] [hivemq] [66943bc7] INFO  - [HiveMQ Platform Operator Init 1.7.0-SNAPSHOT] HiveMQ Platform Operator Init 1.7.0-SNAPSHOT (commit: 3bc9484 on branch: HEAD) built on Wed Jan 29 22:06:36 UTC 2025
2025-01-29 22:17:08,346 INFO c.h.h.t.HelmChartContainer - [test-hivemq-platform] [hivemq] [66943bc7] INFO  - [HiveMQ Platform Operator Init App 1.7.0-SNAPSHOT] Using bind address 10.42.0.16 from environment variable
2025-01-29 22:17:09,254 INFO c.h.h.t.HelmChartContainer - [test-hivemq-platform] [hivemq] [66943bc7] INFO  - [HiveMQ Platform Operator Init App 1.7.0-SNAPSHOT] HiveMQ Platform Operator Init App 1.7.0-SNAPSHOT (commit: 3bc9484 on branch: HEAD) built on Wed Jan 29 22:06:36 UTC 2025
2025-01-29 22:17:09,255 INFO c.h.h.t.HelmChartContainer - [test-hivemq-platform] [hivemq] [66943bc7] INFO  - [HiveMQ Platform Operator Init App 1.7.0-SNAPSHOT] PodInfo ConfigMap directory: /etc/podinfo
2025-01-29 22:17:09,255 INFO c.h.h.t.HelmChartContainer - [test-hivemq-platform] [hivemq] [66943bc7] INFO  - [HiveMQ Platform Operator Init App 1.7.0-SNAPSHOT] HiveMQ home directory: /opt/hivemq
2025-01-29 22:17:09,255 INFO c.h.h.t.HelmChartContainer - [test-hivemq-platform] [hivemq] [66943bc7] INFO  - [HiveMQ Platform Operator Init App 1.7.0-SNAPSHOT] HiveMQ Logback folder: /opt/hivemq/conf
2025-01-29 22:17:09,255 INFO c.h.h.t.HelmChartContainer - [test-hivemq-platform] [hivemq] [66943bc7] INFO  - [HiveMQ Platform Operator Init App 1.7.0-SNAPSHOT] HiveMQ Config folder: /opt/hivemq/conf-k8s
2025-01-29 22:17:09,255 INFO c.h.h.t.HelmChartContainer - [test-hivemq-platform] [hivemq] [66943bc7] INFO  - [HiveMQ Platform Operator Init App 1.7.0-SNAPSHOT] Starting HiveMQ Platform Operator Init App
2025-01-29 22:17:09,255 INFO c.h.h.t.HelmChartContainer - [test-hivemq-platform] [hivemq] [66943bc7] INFO  - [HiveMQ Platform Operator Init App 1.7.0-SNAPSHOT] Starting Pod reconciler
2025-01-29 22:17:10,455 INFO c.h.h.t.HelmChartContainer - [test-hivemq-platform] [hivemq] [66943bc7] INFO  - [HiveMQ Platform Operator Init App 1.7.0-SNAPSHOT] Pod reconciler is scheduled (interval: 5000 ms)
2025-01-29 22:17:10,456 INFO c.h.h.t.HelmChartContainer - [test-hivemq-platform] [hivemq] [66943bc7] INFO  - [HiveMQ Platform Operator Init App 1.7.0-SNAPSHOT] Starting the REST API on 10.42.0.16:7979
2025-01-29 22:17:10,458 INFO c.h.h.t.HelmChartContainer - [test-hivemq-platform] [hivemq] [66943bc7] INFO  - [HiveMQ Platform Operator Init App 1.7.0-SNAPSHOT] Waiting up to 600s for at most 1 HiveMQ nodes in cluster service hivemq-test-hivemq-platform-cluster.helmadditionalvolumesit.svc
2025-01-29 22:17:10,833 INFO c.h.h.t.HelmChartContainer - [test-hivemq-platform] [hivemq] [66943bc7] INFO  - [HiveMQ Platform Operator Init App 1.7.0-SNAPSHOT] Resolved 1 IP addresses: [10.42.0.16]
2025-01-29 22:17:10,833 INFO c.h.h.t.HelmChartContainer - [test-hivemq-platform] [hivemq] [66943bc7] INFO  - [HiveMQ Platform Operator Init App 1.7.0-SNAPSHOT] HiveMQ node count of 1 is within threshold of 1
2025-01-29 22:17:10,833 INFO c.h.h.t.HelmChartContainer - [test-hivemq-platform] [hivemq] [66943bc7] INFO  - [HiveMQ Platform Operator Init App 1.7.0-SNAPSHOT] Proceeding with container start
2025-01-29 22:17:10,947 INFO c.h.h.t.HelmChartContainer - [test-hivemq-platform] [hivemq] [66943bc7] INFO  - [HiveMQ Platform Operator Init App 1.7.0-SNAPSHOT] Initializing HiveMQ Platform extensions with initial configuration: {hivemq-allow-all-extension={start-priority=-1, skip-https-hostname-verification=false, restart=true, config-version=0, header-version=0, c-uri=, priority=-1, uri=preinstalled, skip-https-certificate-validation=false, enabled=true}, hivemq-prometheus-extension={enabled=true, request-header-path=no-request-headers, uri=preinstalled, skip-https-certificate-validation=false, skip-https-hostname-verification=false, c-uri=, start-priority=-1, priority=-1, restart=true}}
2025-01-29 22:17:11,428 INFO c.h.h.t.HelmChartContainer - [test-hivemq-platform] [hivemq] [66943bc7] INFO  - [HiveMQ Platform Operator Init App 1.7.0-SNAPSHOT] Extension hivemq-allow-all-extension was already enabled
2025-01-29 22:17:11,524 INFO c.h.h.t.HelmChartContainer - [test-hivemq-platform] [hivemq] [66943bc7] INFO  - [HiveMQ Platform Operator Init App 1.7.0-SNAPSHOT] Successfully enabled extension hivemq-prometheus-extension
2025-01-29 22:17:11,527 INFO c.h.h.t.HelmChartContainer - [test-hivemq-platform] [hivemq] [66943bc7] INFO  - [HiveMQ Platform Operator Init App 1.7.0-SNAPSHOT] Starting HiveMQ Platform version 4.36.0 (4.36.0)
2025-01-29 22:17:11,527 INFO c.h.h.t.HelmChartContainer - [test-hivemq-platform] [hivemq] [66943bc7] INFO  - [HiveMQ Platform Operator Init App 1.7.0-SNAPSHOT] Configuring the HiveMQ Platform
2025-01-29 22:17:11,548 INFO c.h.h.t.HelmChartContainer - [test-hivemq-platform] [hivemq] [66943bc7] INFO  - [HiveMQ Platform Operator Init App 1.7.0-SNAPSHOT] Changed logback.xml file scan period to 20 seconds
2025-01-29 22:17:11,645 INFO c.h.h.t.HelmChartContainer - [test-hivemq-platform] [hivemq] [66943bc7] INFO  - [HiveMQ Platform Operator Init App 1.7.0-SNAPSHOT] Starting the HiveMQ Platform
2025-01-29 22:17:11,647 INFO c.h.h.t.HelmChartContainer - [test-hivemq-platform] [hivemq] [66943bc7] -------------------------------------------------------------------------
2025-01-29 22:17:11,648 INFO c.h.h.t.HelmChartContainer - [test-hivemq-platform] [hivemq] [66943bc7] 
2025-01-29 22:17:11,648 INFO c.h.h.t.HelmChartContainer - [test-hivemq-platform] [hivemq] [66943bc7]                   _    _  _              __  __   ____
2025-01-29 22:17:11,648 INFO c.h.h.t.HelmChartContainer - [test-hivemq-platform] [hivemq] [66943bc7]                  | |  | |(_)            |  \/  | / __ \
2025-01-29 22:17:11,648 INFO c.h.h.t.HelmChartContainer - [test-hivemq-platform] [hivemq] [66943bc7]                  | |__| | _ __   __ ___ | \  / || |  | |
2025-01-29 22:17:11,648 INFO c.h.h.t.HelmChartContainer - [test-hivemq-platform] [hivemq] [66943bc7]                  |  __  || |\ \ / // _ \| |\/| || |  | |
2025-01-29 22:17:11,648 INFO c.h.h.t.HelmChartContainer - [test-hivemq-platform] [hivemq] [66943bc7]                  | |  | || | \ V /|  __/| |  | || |__| |
2025-01-29 22:17:11,648 INFO c.h.h.t.HelmChartContainer - [test-hivemq-platform] [hivemq] [66943bc7]                  |_|  |_||_|  \_/  \___||_|  |_| \___\_\
2025-01-29 22:17:11,648 INFO c.h.h.t.HelmChartContainer - [test-hivemq-platform] [hivemq] [66943bc7] 
2025-01-29 22:17:11,648 INFO c.h.h.t.HelmChartContainer - [test-hivemq-platform] [hivemq] [66943bc7] -------------------------------------------------------------------------
2025-01-29 22:17:11,649 INFO c.h.h.t.HelmChartContainer - [test-hivemq-platform] [hivemq] [66943bc7] 
2025-01-29 22:17:11,649 INFO c.h.h.t.HelmChartContainer - [test-hivemq-platform] [hivemq] [66943bc7]   HiveMQ Start Script for Linux/Unix v1.14
2025-01-29 22:17:11,649 INFO c.h.h.t.HelmChartContainer - [test-hivemq-platform] [hivemq] [66943bc7] 
2025-01-29 22:17:11,734 INFO c.h.h.t.HelmChartContainer - [test-hivemq-platform] [hivemq] [66943bc7] -------------------------------------------------------------------------
2025-01-29 22:17:11,734 INFO c.h.h.t.HelmChartContainer - [test-hivemq-platform] [hivemq] [66943bc7] 
2025-01-29 22:17:11,734 INFO c.h.h.t.HelmChartContainer - [test-hivemq-platform] [hivemq] [66943bc7]   HIVEMQ_HOME: /opt/hivemq
2025-01-29 22:17:11,734 INFO c.h.h.t.HelmChartContainer - [test-hivemq-platform] [hivemq] [66943bc7] 
2025-01-29 22:17:11,734 INFO c.h.h.t.HelmChartContainer - [test-hivemq-platform] [hivemq] [66943bc7]   JAVA_OPTS: -XX:+UnlockExperimentalVMOptions -XX:InitialRAMPercentage=50 -XX:MaxRAMPercentage=50 -Djava.net.preferIPv4Stack=true --add-opens java.base/java.lang=ALL-UNNAMED --add-opens java.base/java.nio=ALL-UNNAMED --add-opens java.base/sun.nio.ch=ALL-UNNAMED --add-opens jdk.management/com.sun.management.internal=ALL-UNNAMED --add-exports java.base/jdk.internal.misc=ALL-UNNAMED -Djava.security.egd=file:/dev/./urandom -Dcom.sun.management.jmxremote -Dcom.sun.management.jmxremote.port=9010 -Dcom.sun.management.jmxremote.local.only=false -Dcom.sun.management.jmxremote.authenticate=false -Dcom.sun.management.jmxremote.ssl=false -Duser.language=en -Duser.region=US -XX:+CrashOnOutOfMemoryError -XX:+HeapDumpOnOutOfMemoryError
2025-01-29 22:17:11,734 INFO c.h.h.t.HelmChartContainer - [test-hivemq-platform] [hivemq] [66943bc7] 
2025-01-29 22:17:11,734 INFO c.h.h.t.HelmChartContainer - [test-hivemq-platform] [hivemq] [66943bc7]   JAVA_VERSION: 21
2025-01-29 22:17:11,734 INFO c.h.h.t.HelmChartContainer - [test-hivemq-platform] [hivemq] [66943bc7] 
2025-01-29 22:17:11,734 INFO c.h.h.t.HelmChartContainer - [test-hivemq-platform] [hivemq] [66943bc7] -------------------------------------------------------------------------
2025-01-29 22:17:11,734 INFO c.h.h.t.HelmChartContainer - [test-hivemq-platform] [hivemq] [66943bc7] 
2025-01-29 22:17:12,745 INFO c.h.h.t.HelmChartContainer - [test-hivemq-platform] [hivemq] [66943bc7] INFO  - [HiveMQ Platform Operator Init App 1.7.0-SNAPSHOT] Returning default Health API response 503 for readiness
2025-01-29 22:17:13,032 INFO c.h.h.t.HelmChartContainer - [EVENT] Warning [Unhealthy] Readiness probe failed: HTTP probe failed with statuscode: 503 [helmadditionalvolumesit:test-hivemq-platform-0]
2025-01-29 22:17:13,032 INFO c.h.h.t.HelmChartContainer - Received Unhealthy event for container hivemq in pod test-hivemq-platform-0 [66943bc7-6f99-4dff-82c1-20edd359a458]
2025-01-29 22:17:14,353 INFO c.h.h.t.HelmChartContainer - [test-hivemq-platform] [hivemq] [66943bc7] INFO  - Starting HiveMQ Enterprise Server
2025-01-29 22:17:14,359 INFO c.h.h.t.HelmChartContainer - [test-hivemq-platform] [hivemq] [66943bc7] INFO  - HiveMQ version: 4.36.0
2025-01-29 22:17:14,359 INFO c.h.h.t.HelmChartContainer - [test-hivemq-platform] [hivemq] [66943bc7] INFO  - HiveMQ home directory: /opt/hivemq
2025-01-29 22:17:14,360 INFO c.h.h.t.HelmChartContainer - [test-hivemq-platform] [hivemq] [66943bc7] INFO  - Log Configuration was overridden by /opt/hivemq/conf/logback.xml
2025-01-29 22:17:15,648 INFO c.h.h.t.HelmChartContainer - [test-hivemq-platform] [hivemq] [66943bc7] INFO  - Successfully loaded configuration from '/opt/hivemq/conf-k8s/config.xml'.
2025-01-29 22:17:16,448 INFO c.h.h.t.HelmChartContainer - [test-hivemq-platform] [hivemq] [66943bc7] INFO  - This node's ID is CmyCF
2025-01-29 22:17:16,448 INFO c.h.h.t.HelmChartContainer - [test-hivemq-platform] [hivemq] [66943bc7] INFO  - Clustering is enabled
2025-01-29 22:17:16,765 INFO c.h.h.t.HelmChartContainer - [hivemq-test-hivemq-platform] [hivemq-platform-operator] [b0795f9a] 22:17:16.760 [pool-6-thread-36] DEBUG c.h.p.o.d.PlatformServiceResource - [helmaddi] Desired Platform services (3 services)
2025-01-29 22:17:16,765 INFO c.h.h.t.HelmChartContainer - [hivemq-test-hivemq-platform] [hivemq-platform-operator] [b0795f9a] 22:17:16.761 [pool-6-thread-34] DEBUG c.h.p.o.dependants.PodInfoConfigMap - [helmaddi] Desired PodInfo ConfigMap (1 extensions) (1 enabled)
2025-01-29 22:17:16,766 INFO c.h.h.t.HelmChartContainer - [hivemq-test-hivemq-platform] [hivemq-platform-operator] [b0795f9a] 22:17:16.761 [pool-6-thread-31] DEBUG c.h.p.o.d.PodServiceAccountResource - [helmaddi] Desired PodServiceAccountResource (serviceAccountName: hivemq-platform-pod-test-hivemq-platform)
2025-01-29 22:17:16,766 INFO c.h.h.t.HelmChartContainer - [hivemq-test-hivemq-platform] [hivemq-platform-operator] [b0795f9a] 22:17:16.762 [pool-6-thread-34] DEBUG c.h.p.o.dependants.PodInfoConfigMap - [helmaddi] Desired PodInfo ConfigMap (metrics port: 9399) (metrics path: /)
2025-01-29 22:17:16,767 INFO c.h.h.t.HelmChartContainer - [hivemq-test-hivemq-platform] [hivemq-platform-operator] [b0795f9a] 22:17:16.762 [pool-6-thread-34] DEBUG c.h.p.o.dependants.PodInfoConfigMap - [helmaddi] Desired PodInfo ConfigMap (extension state hash: -1817474005)
2025-01-29 22:17:16,771 INFO c.h.h.t.HelmChartContainer - [hivemq-test-hivemq-platform] [hivemq-platform-operator] [b0795f9a] 22:17:16.769 [pool-6-thread-37] DEBUG c.h.p.o.d.StatefulSetResource - [helmaddi] Desired StatefulSet (1 replicas) for status STARTING (READY)
2025-01-29 22:17:16,776 INFO c.h.h.t.HelmChartContainer - [hivemq-test-hivemq-platform] [hivemq-platform-operator] [b0795f9a] 22:17:16.775 [ReconcilerExecutor-hivemq-controller-111] INFO  c.h.p.o.HiveMQPlatformReconciler - [helmaddi] Reconciling HiveMQ Platform 'test-hivemq-platform' in namespace 'helmadditionalvolumesit'
2025-01-29 22:17:16,776 INFO c.h.h.t.HelmChartContainer - [hivemq-test-hivemq-platform] [hivemq-platform-operator] [b0795f9a] 22:17:16.775 [ReconcilerExecutor-hivemq-controller-111] DEBUG c.h.p.o.HiveMQPlatformReconciler - [helmaddi] Custom Resource Status STARTING - HiveMQ Platform is starting (READY)
2025-01-29 22:17:16,777 INFO c.h.h.t.HelmChartContainer - [hivemq-test-hivemq-platform] [hivemq-platform-operator] [b0795f9a] 22:17:16.775 [ReconcilerExecutor-hivemq-controller-111] DEBUG c.h.p.o.HiveMQPlatformReconciler - [helmaddi] Custom Resource Spec (replicas: 1) (extensions: 1)
2025-01-29 22:17:16,779 INFO c.h.h.t.HelmChartContainer - [hivemq-test-hivemq-platform] [hivemq-platform-operator] [b0795f9a] 22:17:16.778 [ReconcilerExecutor-hivemq-controller-111] DEBUG c.h.p.o.HiveMQPlatformReconciler - [helmaddi] StatefulSet Status (revision: test-hivemq-platform-5d4d897885, replicas: 1, available: 0, ready: 0, current: 1, updated: 1)
2025-01-29 22:17:16,779 INFO c.h.h.t.HelmChartContainer - [hivemq-test-hivemq-platform] [hivemq-platform-operator] [b0795f9a] 22:17:16.778 [ReconcilerExecutor-hivemq-controller-111] DEBUG c.h.p.o.HiveMQPlatformReconciler - [helmaddi] StatefulSet Spec (replicas: 1, init containers: 1, containers: 1, volumes: 7)
2025-01-29 22:17:16,828 INFO c.h.h.t.HelmChartContainer - [hivemq-test-hivemq-platform] [hivemq-platform-operator] [b0795f9a] 22:17:16.826 [ReconcilerExecutor-hivemq-controller-111] DEBUG c.h.p.o.h.HiveMQPlatformReconcilerErrorHandler - [helmaddi] Pod 'test-hivemq-platform-0' phase Running
2025-01-29 22:17:16,829 INFO c.h.h.t.HelmChartContainer - [hivemq-test-hivemq-platform] [hivemq-platform-operator] [b0795f9a] 22:17:16.827 [ReconcilerExecutor-hivemq-controller-111] INFO  c.h.p.o.h.HiveMQPlatformReconcilerBaseHandler - [helmaddi] HiveMQ Platform is starting, 0 of 1 replicas are ready
2025-01-29 22:17:18,159 INFO c.h.h.t.HelmChartContainer - [test-hivemq-platform] [hivemq] [66943bc7] WARN  - [HiveMQ Platform Operator Init App 1.7.0-SNAPSHOT] Cannot connect to Health API for readiness: null
2025-01-29 22:17:18,248 INFO c.h.h.t.HelmChartContainer - [EVENT] Warning [Unhealthy] Readiness probe failed: HTTP probe failed with statuscode: 503 [helmadditionalvolumesit:test-hivemq-platform-0]
2025-01-29 22:17:18,248 INFO c.h.h.t.HelmChartContainer - Received Unhealthy event for container hivemq in pod test-hivemq-platform-0 [66943bc7-6f99-4dff-82c1-20edd359a458]
2025-01-29 22:17:20,749 INFO c.h.h.t.HelmChartContainer - [test-hivemq-platform] [hivemq] [66943bc7] Jan 29, 2025 10:17:20 PM io.vertx.core.impl.BlockedThreadChecker
2025-01-29 22:17:20,749 INFO c.h.h.t.HelmChartContainer - [test-hivemq-platform] [hivemq] [66943bc7] WARNING: Thread Thread[vert.x-eventloop-thread-1,5,main] has been blocked for 2487 ms, time limit is 2000 ms
2025-01-29 22:17:21,744 INFO c.h.h.t.HelmChartContainer - [test-hivemq-platform] [hivemq] [66943bc7] Jan 29, 2025 10:17:21 PM io.vertx.core.impl.BlockedThreadChecker
2025-01-29 22:17:21,744 INFO c.h.h.t.HelmChartContainer - [test-hivemq-platform] [hivemq] [66943bc7] WARNING: Thread Thread[vert.x-eventloop-thread-1,5,main] has been blocked for 3487 ms, time limit is 2000 ms
2025-01-29 22:17:21,753 INFO c.h.h.t.HelmChartContainer - [test-hivemq-platform] [hivemq] [66943bc7] INFO  - [HiveMQ Platform Operator Init App 1.7.0-SNAPSHOT] Updating Pod HiveMQ Platform Operator Init App version annotation (version: 1.7.0-SNAPSHOT)
2025-01-29 22:17:22,470 INFO c.h.h.t.HelmChartContainer - [POD] test-hivemq-platform-0 [66943bc7-6f99-4dff-82c1-20edd359a458] in helmadditionalvolumesit was MODIFIED
2025-01-29 22:17:22,493 INFO c.h.h.t.HelmChartContainer - [hivemq-test-hivemq-platform] [hivemq-platform-operator] [b0795f9a] 22:17:22.485 [pool-6-thread-47] DEBUG c.h.p.o.d.PlatformServiceResource - [helmaddi] Desired Platform services (3 services)
2025-01-29 22:17:22,493 INFO c.h.h.t.HelmChartContainer - [hivemq-test-hivemq-platform] [hivemq-platform-operator] [b0795f9a] 22:17:22.486 [pool-6-thread-46] DEBUG c.h.p.o.dependants.PodInfoConfigMap - [helmaddi] Desired PodInfo ConfigMap (1 extensions) (1 enabled)
2025-01-29 22:17:22,493 INFO c.h.h.t.HelmChartContainer - [hivemq-test-hivemq-platform] [hivemq-platform-operator] [b0795f9a] 22:17:22.486 [pool-6-thread-46] DEBUG c.h.p.o.dependants.PodInfoConfigMap - [helmaddi] Desired PodInfo ConfigMap (metrics port: 9399) (metrics path: /)
2025-01-29 22:17:22,493 INFO c.h.h.t.HelmChartContainer - [hivemq-test-hivemq-platform] [hivemq-platform-operator] [b0795f9a] 22:17:22.486 [pool-6-thread-46] DEBUG c.h.p.o.dependants.PodInfoConfigMap - [helmaddi] Desired PodInfo ConfigMap (extension state hash: -1817474005)
2025-01-29 22:17:22,497 INFO c.h.h.t.HelmChartContainer - [hivemq-test-hivemq-platform] [hivemq-platform-operator] [b0795f9a] 22:17:22.496 [pool-6-thread-43] DEBUG c.h.p.o.d.PodServiceAccountResource - [helmaddi] Desired PodServiceAccountResource (serviceAccountName: hivemq-platform-pod-test-hivemq-platform)
2025-01-29 22:17:22,502 INFO c.h.h.t.HelmChartContainer - [hivemq-test-hivemq-platform] [hivemq-platform-operator] [b0795f9a] 22:17:22.501 [pool-6-thread-47] DEBUG c.h.p.o.d.StatefulSetResource - [helmaddi] Desired StatefulSet (1 replicas) for status STARTING (READY)
2025-01-29 22:17:22,537 INFO c.h.h.t.HelmChartContainer - [hivemq-test-hivemq-platform] [hivemq-platform-operator] [b0795f9a] 22:17:22.535 [ReconcilerExecutor-hivemq-controller-112] INFO  c.h.p.o.HiveMQPlatformReconciler - [helmaddi] Reconciling HiveMQ Platform 'test-hivemq-platform' in namespace 'helmadditionalvolumesit'
2025-01-29 22:17:22,537 INFO c.h.h.t.HelmChartContainer - [hivemq-test-hivemq-platform] [hivemq-platform-operator] [b0795f9a] 22:17:22.535 [ReconcilerExecutor-hivemq-controller-112] DEBUG c.h.p.o.HiveMQPlatformReconciler - [helmaddi] Custom Resource Status STARTING - HiveMQ Platform is starting (READY)
2025-01-29 22:17:22,537 INFO c.h.h.t.HelmChartContainer - [hivemq-test-hivemq-platform] [hivemq-platform-operator] [b0795f9a] 22:17:22.535 [ReconcilerExecutor-hivemq-controller-112] DEBUG c.h.p.o.HiveMQPlatformReconciler - [helmaddi] Custom Resource Spec (replicas: 1) (extensions: 1)
2025-01-29 22:17:22,539 INFO c.h.h.t.HelmChartContainer - [hivemq-test-hivemq-platform] [hivemq-platform-operator] [b0795f9a] 22:17:22.538 [ReconcilerExecutor-hivemq-controller-112] DEBUG c.h.p.o.HiveMQPlatformReconciler - [helmaddi] StatefulSet Status (revision: test-hivemq-platform-5d4d897885, replicas: 1, available: 0, ready: 0, current: 1, updated: 1)
2025-01-29 22:17:22,541 INFO c.h.h.t.HelmChartContainer - [hivemq-test-hivemq-platform] [hivemq-platform-operator] [b0795f9a] 22:17:22.539 [ReconcilerExecutor-hivemq-controller-112] DEBUG c.h.p.o.HiveMQPlatformReconciler - [helmaddi] StatefulSet Spec (replicas: 1, init containers: 1, containers: 1, volumes: 7)
2025-01-29 22:17:22,544 INFO c.h.h.t.HelmChartContainer - [hivemq-test-hivemq-platform] [hivemq-platform-operator] [b0795f9a] 22:17:22.541 [ReconcilerExecutor-hivemq-controller-112] DEBUG c.h.p.o.h.HiveMQPlatformReconcilerErrorHandler - [helmaddi] Pod 'test-hivemq-platform-0' phase Running
2025-01-29 22:17:22,544 INFO c.h.h.t.HelmChartContainer - [hivemq-test-hivemq-platform] [hivemq-platform-operator] [b0795f9a] 22:17:22.543 [ReconcilerExecutor-hivemq-controller-112] INFO  c.h.p.o.h.HiveMQPlatformReconcilerBaseHandler - [helmaddi] HiveMQ Platform is starting, 0 of 1 replicas are ready
2025-01-29 22:17:22,548 INFO c.h.h.t.HelmChartContainer - [test-hivemq-platform] [hivemq] [66943bc7] INFO  - [HiveMQ Platform Operator Init App 1.7.0-SNAPSHOT] Successfully updated Pod HiveMQ Platform Operator Init App version annotation (version: 1.7.0-SNAPSHOT)
2025-01-29 22:17:22,552 INFO c.h.h.t.HelmChartContainer - [test-hivemq-platform] [hivemq] [66943bc7] WARN  - [HiveMQ Platform Operator Init App 1.7.0-SNAPSHOT] Cannot connect to Health API for readiness: null
2025-01-29 22:17:22,558 INFO c.h.h.t.HelmChartContainer - [EVENT] Warning [Unhealthy] Readiness probe failed: HTTP probe failed with statuscode: 503 [helmadditionalvolumesit:test-hivemq-platform-0]
2025-01-29 22:17:22,558 INFO c.h.h.t.HelmChartContainer - Received Unhealthy event for container hivemq in pod test-hivemq-platform-0 [66943bc7-6f99-4dff-82c1-20edd359a458]
2025-01-29 22:17:27,524 INFO c.h.h.t.HelmChartContainer - [test-hivemq-platform] [hivemq] [66943bc7] WARN  - [HiveMQ Platform Operator Init App 1.7.0-SNAPSHOT] Cannot connect to Health API for readiness: null
2025-01-29 22:17:27,528 INFO c.h.h.t.HelmChartContainer - [EVENT] Warning [Unhealthy] Readiness probe failed: HTTP probe failed with statuscode: 503 [helmadditionalvolumesit:test-hivemq-platform-0]
2025-01-29 22:17:27,528 INFO c.h.h.t.HelmChartContainer - Received Unhealthy event for container hivemq in pod test-hivemq-platform-0 [66943bc7-6f99-4dff-82c1-20edd359a458]
2025-01-29 22:17:32,546 INFO c.h.h.t.HelmChartContainer - [test-hivemq-platform] [hivemq] [66943bc7] WARN  - [HiveMQ Platform Operator Init App 1.7.0-SNAPSHOT] Cannot connect to Health API for readiness: null
2025-01-29 22:17:32,557 INFO c.h.h.t.HelmChartContainer - [EVENT] Warning [Unhealthy] Readiness probe failed: HTTP probe failed with statuscode: 503 [helmadditionalvolumesit:test-hivemq-platform-0]
2025-01-29 22:17:32,557 INFO c.h.h.t.HelmChartContainer - Received Unhealthy event for container hivemq in pod test-hivemq-platform-0 [66943bc7-6f99-4dff-82c1-20edd359a458]
2025-01-29 22:17:32,559 INFO c.h.h.t.HelmChartContainer - [hivemq-test-hivemq-platform] [hivemq-platform-operator] [b0795f9a] 22:17:32.555 [pool-6-thread-5] DEBUG c.h.p.o.d.PlatformServiceResource - [helmaddi] Desired Platform services (3 services)
2025-01-29 22:17:32,559 INFO c.h.h.t.HelmChartContainer - [hivemq-test-hivemq-platform] [hivemq-platform-operator] [b0795f9a] 22:17:32.558 [pool-6-thread-9] DEBUG c.h.p.o.dependants.PodInfoConfigMap - [helmaddi] Desired PodInfo ConfigMap (1 extensions) (1 enabled)
2025-01-29 22:17:32,560 INFO c.h.h.t.HelmChartContainer - [hivemq-test-hivemq-platform] [hivemq-platform-operator] [b0795f9a] 22:17:32.559 [pool-6-thread-9] DEBUG c.h.p.o.dependants.PodInfoConfigMap - [helmaddi] Desired PodInfo ConfigMap (metrics port: 9399) (metrics path: /)
2025-01-29 22:17:32,560 INFO c.h.h.t.HelmChartContainer - [hivemq-test-hivemq-platform] [hivemq-platform-operator] [b0795f9a] 22:17:32.559 [pool-6-thread-9] DEBUG c.h.p.o.dependants.PodInfoConfigMap - [helmaddi] Desired PodInfo ConfigMap (extension state hash: -1817474005)
2025-01-29 22:17:32,561 INFO c.h.h.t.HelmChartContainer - [hivemq-test-hivemq-platform] [hivemq-platform-operator] [b0795f9a] 22:17:32.561 [pool-6-thread-2] DEBUG c.h.p.o.d.PodServiceAccountResource - [helmaddi] Desired PodServiceAccountResource (serviceAccountName: hivemq-platform-pod-test-hivemq-platform)
2025-01-29 22:17:32,567 INFO c.h.h.t.HelmChartContainer - [hivemq-test-hivemq-platform] [hivemq-platform-operator] [b0795f9a] 22:17:32.566 [pool-6-thread-5] DEBUG c.h.p.o.d.StatefulSetResource - [helmaddi] Desired StatefulSet (1 replicas) for status STARTING (READY)
2025-01-29 22:17:32,572 INFO c.h.h.t.HelmChartContainer - [hivemq-test-hivemq-platform] [hivemq-platform-operator] [b0795f9a] 22:17:32.571 [ReconcilerExecutor-hivemq-controller-113] INFO  c.h.p.o.HiveMQPlatformReconciler - [helmaddi] Reconciling HiveMQ Platform 'test-hivemq-platform' in namespace 'helmadditionalvolumesit'
2025-01-29 22:17:32,572 INFO c.h.h.t.HelmChartContainer - [hivemq-test-hivemq-platform] [hivemq-platform-operator] [b0795f9a] 22:17:32.571 [ReconcilerExecutor-hivemq-controller-113] DEBUG c.h.p.o.HiveMQPlatformReconciler - [helmaddi] Custom Resource Status STARTING - HiveMQ Platform is starting (READY)
2025-01-29 22:17:32,572 INFO c.h.h.t.HelmChartContainer - [hivemq-test-hivemq-platform] [hivemq-platform-operator] [b0795f9a] 22:17:32.571 [ReconcilerExecutor-hivemq-controller-113] DEBUG c.h.p.o.HiveMQPlatformReconciler - [helmaddi] Custom Resource Spec (replicas: 1) (extensions: 1)
2025-01-29 22:17:32,630 INFO c.h.h.t.HelmChartContainer - [hivemq-test-hivemq-platform] [hivemq-platform-operator] [b0795f9a] 22:17:32.627 [ReconcilerExecutor-hivemq-controller-113] DEBUG c.h.p.o.HiveMQPlatformReconciler - [helmaddi] StatefulSet Status (revision: test-hivemq-platform-5d4d897885, replicas: 1, available: 0, ready: 0, current: 1, updated: 1)
2025-01-29 22:17:32,631 INFO c.h.h.t.HelmChartContainer - [hivemq-test-hivemq-platform] [hivemq-platform-operator] [b0795f9a] 22:17:32.627 [ReconcilerExecutor-hivemq-controller-113] DEBUG c.h.p.o.HiveMQPlatformReconciler - [helmaddi] StatefulSet Spec (replicas: 1, init containers: 1, containers: 1, volumes: 7)
2025-01-29 22:17:32,631 INFO c.h.h.t.HelmChartContainer - [hivemq-test-hivemq-platform] [hivemq-platform-operator] [b0795f9a] 22:17:32.629 [ReconcilerExecutor-hivemq-controller-113] DEBUG c.h.p.o.h.HiveMQPlatformReconcilerErrorHandler - [helmaddi] Pod 'test-hivemq-platform-0' phase Running
2025-01-29 22:17:32,631 INFO c.h.h.t.HelmChartContainer - [hivemq-test-hivemq-platform] [hivemq-platform-operator] [b0795f9a] 22:17:32.630 [ReconcilerExecutor-hivemq-controller-113] INFO  c.h.p.o.h.HiveMQPlatformReconcilerBaseHandler - [helmaddi] HiveMQ Platform is starting, 0 of 1 replicas are ready
2025-01-29 22:17:33,446 INFO c.h.h.t.HelmChartContainer - [test-hivemq-platform] [hivemq] [66943bc7] WARN  - [HiveMQ Platform Operator Init App 1.7.0-SNAPSHOT] Cannot connect to Health API for liveness: null
2025-01-29 22:17:33,446 INFO c.h.h.t.HelmChartContainer - [test-hivemq-platform] [hivemq] [66943bc7] INFO  - [HiveMQ Platform Operator Init App 1.7.0-SNAPSHOT] Returning default Health API response 200 for liveness
2025-01-29 22:17:34,059 INFO c.h.h.t.HelmChartContainer - [test-hivemq-platform] [hivemq] [66943bc7] INFO  - No valid license file found. Using trial license, restricted to 25 connections.
2025-01-29 22:17:35,138 INFO c.h.h.t.HelmChartContainer - [K3S] [range_allocator.go:247] "Successfully synced" key="3186397976b0"
2025-01-29 22:17:37,542 INFO c.h.h.t.HelmChartContainer - [test-hivemq-platform] [hivemq] [66943bc7] WARN  - [HiveMQ Platform Operator Init App 1.7.0-SNAPSHOT] Cannot connect to Health API for readiness: null
2025-01-29 22:17:37,547 INFO c.h.h.t.HelmChartContainer - [EVENT] Warning [Unhealthy] Readiness probe failed: HTTP probe failed with statuscode: 503 [helmadditionalvolumesit:test-hivemq-platform-0]
2025-01-29 22:17:37,547 INFO c.h.h.t.HelmChartContainer - Received Unhealthy event for container hivemq in pod test-hivemq-platform-0 [66943bc7-6f99-4dff-82c1-20edd359a458]
2025-01-29 22:17:39,025 INFO c.h.h.t.HelmChartContainer - [test-hivemq-platform] [hivemq] [66943bc7] INFO  - No valid license file for Data Hub found. Using free license, restricted to 1 policy.
2025-01-29 22:17:40,244 INFO c.h.h.t.HelmChartContainer - [test-hivemq-platform] [hivemq] [66943bc7] INFO  - Audit Logger started.
2025-01-29 22:17:40,463 INFO c.h.h.t.HelmChartContainer - [test-hivemq-platform] [hivemq] [66943bc7] INFO  - This node uses '1' CPU cores.
2025-01-29 22:17:40,468 INFO c.h.h.t.HelmChartContainer - [test-hivemq-platform] [hivemq] [66943bc7] INFO  - Starting HiveMQ Health API on address 0.0.0.0 and port 8889
2025-01-29 22:17:41,257 INFO c.h.h.t.HelmChartContainer - [test-hivemq-platform] [hivemq] [66943bc7] INFO  - Started HiveMQ Health API in 788ms
2025-01-29 22:17:41,861 INFO c.h.h.t.HelmChartContainer - [test-hivemq-platform] [hivemq] [66943bc7] INFO  - Starting HiveMQ extension system.
2025-01-29 22:17:42,147 INFO c.h.h.t.HelmChartContainer - [test-hivemq-platform] [hivemq] [66943bc7] INFO  - Starting extension with id "hivemq-dns-cluster-discovery" at /opt/hivemq/extensions/hivemq-dns-cluster-discovery
2025-01-29 22:17:42,637 INFO c.h.h.t.HelmChartContainer - [hivemq-test-hivemq-platform] [hivemq-platform-operator] [b0795f9a] 22:17:42.634 [pool-6-thread-19] DEBUG c.h.p.o.d.PlatformServiceResource - [helmaddi] Desired Platform services (3 services)
2025-01-29 22:17:42,637 INFO c.h.h.t.HelmChartContainer - [hivemq-test-hivemq-platform] [hivemq-platform-operator] [b0795f9a] 22:17:42.635 [pool-6-thread-13] DEBUG c.h.p.o.d.PodServiceAccountResource - [helmaddi] Desired PodServiceAccountResource (serviceAccountName: hivemq-platform-pod-test-hivemq-platform)
2025-01-29 22:17:42,638 INFO c.h.h.t.HelmChartContainer - [hivemq-test-hivemq-platform] [hivemq-platform-operator] [b0795f9a] 22:17:42.638 [pool-6-thread-14] DEBUG c.h.p.o.dependants.PodInfoConfigMap - [helmaddi] Desired PodInfo ConfigMap (1 extensions) (1 enabled)
2025-01-29 22:17:42,639 INFO c.h.h.t.HelmChartContainer - [hivemq-test-hivemq-platform] [hivemq-platform-operator] [b0795f9a] 22:17:42.638 [pool-6-thread-14] DEBUG c.h.p.o.dependants.PodInfoConfigMap - [helmaddi] Desired PodInfo ConfigMap (metrics port: 9399) (metrics path: /)
2025-01-29 22:17:42,640 INFO c.h.h.t.HelmChartContainer - [hivemq-test-hivemq-platform] [hivemq-platform-operator] [b0795f9a] 22:17:42.638 [pool-6-thread-14] DEBUG c.h.p.o.dependants.PodInfoConfigMap - [helmaddi] Desired PodInfo ConfigMap (extension state hash: -1817474005)
2025-01-29 22:17:42,643 INFO c.h.h.t.HelmChartContainer - [hivemq-test-hivemq-platform] [hivemq-platform-operator] [b0795f9a] 22:17:42.642 [pool-6-thread-19] DEBUG c.h.p.o.d.StatefulSetResource - [helmaddi] Desired StatefulSet (1 replicas) for status STARTING (READY)
2025-01-29 22:17:42,652 INFO c.h.h.t.HelmChartContainer - [hivemq-test-hivemq-platform] [hivemq-platform-operator] [b0795f9a] 22:17:42.650 [ReconcilerExecutor-hivemq-controller-114] INFO  c.h.p.o.HiveMQPlatformReconciler - [helmaddi] Reconciling HiveMQ Platform 'test-hivemq-platform' in namespace 'helmadditionalvolumesit'
2025-01-29 22:17:42,652 INFO c.h.h.t.HelmChartContainer - [hivemq-test-hivemq-platform] [hivemq-platform-operator] [b0795f9a] 22:17:42.650 [ReconcilerExecutor-hivemq-controller-114] DEBUG c.h.p.o.HiveMQPlatformReconciler - [helmaddi] Custom Resource Status STARTING - HiveMQ Platform is starting (READY)
2025-01-29 22:17:42,652 INFO c.h.h.t.HelmChartContainer - [hivemq-test-hivemq-platform] [hivemq-platform-operator] [b0795f9a] 22:17:42.650 [ReconcilerExecutor-hivemq-controller-114] DEBUG c.h.p.o.HiveMQPlatformReconciler - [helmaddi] Custom Resource Spec (replicas: 1) (extensions: 1)
2025-01-29 22:17:42,656 INFO c.h.h.t.HelmChartContainer - [hivemq-test-hivemq-platform] [hivemq-platform-operator] [b0795f9a] 22:17:42.655 [ReconcilerExecutor-hivemq-controller-114] DEBUG c.h.p.o.HiveMQPlatformReconciler - [helmaddi] StatefulSet Status (revision: test-hivemq-platform-5d4d897885, replicas: 1, available: 0, ready: 0, current: 1, updated: 1)
2025-01-29 22:17:42,657 INFO c.h.h.t.HelmChartContainer - [hivemq-test-hivemq-platform] [hivemq-platform-operator] [b0795f9a] 22:17:42.655 [ReconcilerExecutor-hivemq-controller-114] DEBUG c.h.p.o.HiveMQPlatformReconciler - [helmaddi] StatefulSet Spec (replicas: 1, init containers: 1, containers: 1, volumes: 7)
2025-01-29 22:17:42,658 INFO c.h.h.t.HelmChartContainer - [hivemq-test-hivemq-platform] [hivemq-platform-operator] [b0795f9a] 22:17:42.657 [ReconcilerExecutor-hivemq-controller-114] DEBUG c.h.p.o.h.HiveMQPlatformReconcilerErrorHandler - [helmaddi] Pod 'test-hivemq-platform-0' phase Running
2025-01-29 22:17:42,660 INFO c.h.h.t.HelmChartContainer - [hivemq-test-hivemq-platform] [hivemq-platform-operator] [b0795f9a] 22:17:42.658 [ReconcilerExecutor-hivemq-controller-114] INFO  c.h.p.o.h.HiveMQPlatformReconcilerBaseHandler - [helmaddi] HiveMQ Platform is starting, 0 of 1 replicas are ready
2025-01-29 22:17:42,725 INFO c.h.h.t.HelmChartContainer - [test-hivemq-platform] [hivemq] [66943bc7] INFO  - Extension "DNS Cluster Discovery Extension" version 4.3.2 started successfully.
2025-01-29 22:17:42,725 INFO c.h.h.t.HelmChartContainer - [test-hivemq-platform] [hivemq] [66943bc7] INFO  - Starting extension with id "hivemq-prometheus-extension" at /opt/hivemq/extensions/hivemq-prometheus-extension
2025-01-29 22:17:42,752 INFO c.h.h.t.HelmChartContainer - [test-hivemq-platform] [hivemq] [66943bc7] INFO  - Using TCP cluster transport on address 10.42.0.16 and port 7000
2025-01-29 22:17:42,845 INFO c.h.h.t.HelmChartContainer - [test-hivemq-platform] [hivemq] [66943bc7] INFO  - Using extension cluster discovery
2025-01-29 22:17:43,512 INFO c.h.h.t.HelmChartContainer - [EVENT] Warning [Unhealthy] Readiness probe failed: Get "http://10.42.0.16:7979/readiness": context deadline exceeded (Client.Timeout exceeded while awaiting headers) [helmadditionalvolumesit:test-hivemq-platform-0]
2025-01-29 22:17:43,513 INFO c.h.h.t.HelmChartContainer - Received Unhealthy event for container hivemq in pod test-hivemq-platform-0 [66943bc7-6f99-4dff-82c1-20edd359a458]
2025-01-29 22:17:43,946 INFO c.h.h.t.HelmChartContainer - [test-hivemq-platform] [hivemq] [66943bc7] INFO  - Started Jetty Server exposing Prometheus Servlet on URI http://0.0.0.0:9399/
2025-01-29 22:17:43,950 INFO c.h.h.t.HelmChartContainer - [test-hivemq-platform] [hivemq] [66943bc7] INFO  - Extension "Prometheus Monitoring Extension" version 4.0.12 started successfully.
2025-01-29 22:17:43,950 INFO c.h.h.t.HelmChartContainer - [test-hivemq-platform] [hivemq] [66943bc7] INFO  - Starting extension with id "hivemq-allow-all-extension" at /opt/hivemq/extensions/hivemq-allow-all-extension
2025-01-29 22:17:43,950 INFO c.h.h.t.HelmChartContainer - [test-hivemq-platform] [hivemq] [66943bc7] WARN  - 
2025-01-29 22:17:43,950 INFO c.h.h.t.HelmChartContainer - [test-hivemq-platform] [hivemq] [66943bc7] ################################################################################################################
2025-01-29 22:17:43,950 INFO c.h.h.t.HelmChartContainer - [test-hivemq-platform] [hivemq] [66943bc7] # This HiveMQ deployment is not secure! You are lacking Authentication and Authorization.                      #
2025-01-29 22:17:43,950 INFO c.h.h.t.HelmChartContainer - [test-hivemq-platform] [hivemq] [66943bc7] # Right now any MQTT client can connect to the broker with a full set of permissions.                          #
2025-01-29 22:17:43,950 INFO c.h.h.t.HelmChartContainer - [test-hivemq-platform] [hivemq] [66943bc7] # For production usage, add an appropriate security extension and remove the hivemq-allow-all extension.       #
2025-01-29 22:17:43,950 INFO c.h.h.t.HelmChartContainer - [test-hivemq-platform] [hivemq] [66943bc7] # You can download security extensions from the HiveMQ Marketplace (https://www.hivemq.com/extensions/).       #
2025-01-29 22:17:43,950 INFO c.h.h.t.HelmChartContainer - [test-hivemq-platform] [hivemq] [66943bc7] ################################################################################################################
2025-01-29 22:17:43,950 INFO c.h.h.t.HelmChartContainer - [test-hivemq-platform] [hivemq] [66943bc7] INFO  - Extension "Allow All Extension" version 1.1.1 started successfully.
2025-01-29 22:17:44,153 INFO c.h.h.t.HelmChartContainer - [test-hivemq-platform] [hivemq] [66943bc7] INFO  - [HiveMQ Platform Operator Init App 1.7.0-SNAPSHOT] Returning Health API response 503 for readiness
2025-01-29 22:17:46,153 INFO c.h.h.t.HelmChartContainer - [test-hivemq-platform] [hivemq] [66943bc7] INFO  - CmyCF: no members discovered after 2303 ms: creating cluster as first member
2025-01-29 22:17:46,158 INFO c.h.h.t.HelmChartContainer - [test-hivemq-platform] [hivemq] [66943bc7] INFO  - Cluster nodes found by discovery: [CmyCF|0] (1) [CmyCF].
2025-01-29 22:17:46,245 INFO c.h.h.t.HelmChartContainer - [test-hivemq-platform] [hivemq] [66943bc7] WARN  - No user for HiveMQ Control Center configured. Starting with default user
2025-01-29 22:17:46,245 INFO c.h.h.t.HelmChartContainer - [test-hivemq-platform] [hivemq] [66943bc7] INFO  - Starting HiveMQ Control Center on address 0.0.0.0 and port 8080
2025-01-29 22:17:46,249 INFO c.h.h.t.HelmChartContainer - [test-hivemq-platform] [hivemq] [66943bc7] INFO  - Mounting HiveMQ Control Center V2 Preview
2025-01-29 22:17:46,947 INFO c.h.h.t.HelmChartContainer - [test-hivemq-platform] [hivemq] [66943bc7] INFO  - Started HiveMQ Control Center in 702ms
2025-01-29 22:17:46,961 INFO c.h.h.t.HelmChartContainer - [test-hivemq-platform] [hivemq] [66943bc7] INFO  - Starting TCP listener on address 0.0.0.0 and port 1883
2025-01-29 22:17:47,046 INFO c.h.h.t.HelmChartContainer - [test-hivemq-platform] [hivemq] [66943bc7] INFO  - Started TCP Listener on address 0.0.0.0 and on port 1883.
2025-01-29 22:17:47,047 INFO c.h.h.t.HelmChartContainer - [test-hivemq-platform] [hivemq] [66943bc7] INFO  - Started HiveMQ in 33088ms
2025-01-29 22:17:47,474 INFO c.h.h.t.HelmChartContainer - [test-hivemq-platform] [hivemq] [66943bc7] INFO  - [HiveMQ Platform Operator Init App 1.7.0-SNAPSHOT] Returning Health API response 200 for readiness
2025-01-29 22:17:47,487 INFO c.h.h.t.HelmChartContainer - [POD] test-hivemq-platform-0 [66943bc7-6f99-4dff-82c1-20edd359a458] in helmadditionalvolumesit was MODIFIED
2025-01-29 22:17:47,496 INFO c.h.h.t.HelmChartContainer - [hivemq-test-hivemq-platform] [hivemq-platform-operator] [b0795f9a] 22:17:47.492 [pool-6-thread-21] DEBUG c.h.p.o.d.PlatformServiceResource - [helmaddi] Desired Platform services (3 services)
2025-01-29 22:17:47,499 INFO c.h.h.t.HelmChartContainer - [hivemq-test-hivemq-platform] [hivemq-platform-operator] [b0795f9a] 22:17:47.496 [pool-6-thread-21] DEBUG c.h.p.o.dependants.PodInfoConfigMap - [helmaddi] Desired PodInfo ConfigMap (1 extensions) (1 enabled)
2025-01-29 22:17:47,499 INFO c.h.h.t.HelmChartContainer - [hivemq-test-hivemq-platform] [hivemq-platform-operator] [b0795f9a] 22:17:47.496 [pool-6-thread-21] DEBUG c.h.p.o.dependants.PodInfoConfigMap - [helmaddi] Desired PodInfo ConfigMap (metrics port: 9399) (metrics path: /)
2025-01-29 22:17:47,499 INFO c.h.h.t.HelmChartContainer - [hivemq-test-hivemq-platform] [hivemq-platform-operator] [b0795f9a] 22:17:47.496 [pool-6-thread-21] DEBUG c.h.p.o.dependants.PodInfoConfigMap - [helmaddi] Desired PodInfo ConfigMap (extension state hash: -1817474005)
2025-01-29 22:17:47,505 INFO c.h.h.t.HelmChartContainer - [hivemq-test-hivemq-platform] [hivemq-platform-operator] [b0795f9a] 22:17:47.498 [pool-6-thread-21] DEBUG c.h.p.o.d.PodServiceAccountResource - [helmaddi] Desired PodServiceAccountResource (serviceAccountName: hivemq-platform-pod-test-hivemq-platform)
2025-01-29 22:17:47,512 INFO c.h.h.t.HelmChartContainer - [hivemq-test-hivemq-platform] [hivemq-platform-operator] [b0795f9a] 22:17:47.503 [pool-6-thread-26] DEBUG c.h.p.o.d.StatefulSetResource - [helmaddi] Desired StatefulSet (1 replicas) for status STARTING (READY)
2025-01-29 22:17:47,512 INFO c.h.h.t.HelmChartContainer - [hivemq-test-hivemq-platform] [hivemq-platform-operator] [b0795f9a] 22:17:47.510 [ReconcilerExecutor-hivemq-controller-115] INFO  c.h.p.o.HiveMQPlatformReconciler - [helmaddi] Reconciling HiveMQ Platform 'test-hivemq-platform' in namespace 'helmadditionalvolumesit'
2025-01-29 22:17:47,512 INFO c.h.h.t.HelmChartContainer - [hivemq-test-hivemq-platform] [hivemq-platform-operator] [b0795f9a] 22:17:47.510 [ReconcilerExecutor-hivemq-controller-115] DEBUG c.h.p.o.HiveMQPlatformReconciler - [helmaddi] Custom Resource Status STARTING - HiveMQ Platform is starting (READY)
2025-01-29 22:17:47,512 INFO c.h.h.t.HelmChartContainer - [hivemq-test-hivemq-platform] [hivemq-platform-operator] [b0795f9a] 22:17:47.510 [ReconcilerExecutor-hivemq-controller-115] DEBUG c.h.p.o.HiveMQPlatformReconciler - [helmaddi] Custom Resource Spec (replicas: 1) (extensions: 1)
2025-01-29 22:17:47,514 INFO c.h.h.t.HelmChartContainer - [hivemq-test-hivemq-platform] [hivemq-platform-operator] [b0795f9a] 22:17:47.514 [ReconcilerExecutor-hivemq-controller-115] DEBUG c.h.p.o.HiveMQPlatformReconciler - [helmaddi] StatefulSet Status (revision: test-hivemq-platform-5d4d897885, replicas: 1, available: 0, ready: 0, current: 1, updated: 1)
2025-01-29 22:17:47,515 INFO c.h.h.t.HelmChartContainer - [hivemq-test-hivemq-platform] [hivemq-platform-operator] [b0795f9a] 22:17:47.514 [ReconcilerExecutor-hivemq-controller-115] DEBUG c.h.p.o.HiveMQPlatformReconciler - [helmaddi] StatefulSet Spec (replicas: 1, init containers: 1, containers: 1, volumes: 7)
2025-01-29 22:17:47,516 INFO c.h.h.t.HelmChartContainer - [hivemq-test-hivemq-platform] [hivemq-platform-operator] [b0795f9a] 22:17:47.516 [ReconcilerExecutor-hivemq-controller-115] DEBUG c.h.p.o.h.HiveMQPlatformReconcilerErrorHandler - [helmaddi] Pod 'test-hivemq-platform-0' phase Running
2025-01-29 22:17:47,518 INFO c.h.h.t.HelmChartContainer - [hivemq-test-hivemq-platform] [hivemq-platform-operator] [b0795f9a] 22:17:47.517 [ReconcilerExecutor-hivemq-controller-115] INFO  c.h.p.o.h.HiveMQPlatformReconcilerBaseHandler - [helmaddi] HiveMQ Platform is starting, 0 of 1 replicas are ready
2025-01-29 22:17:47,530 INFO c.h.h.t.HelmChartContainer - [hivemq-test-hivemq-platform] [hivemq-platform-operator] [b0795f9a] 22:17:47.529 [pool-6-thread-34] DEBUG c.h.p.o.d.PlatformServiceResource - [helmaddi] Desired Platform services (3 services)
2025-01-29 22:17:47,535 INFO c.h.h.t.HelmChartContainer - [hivemq-test-hivemq-platform] [hivemq-platform-operator] [b0795f9a] 22:17:47.530 [pool-6-thread-31] DEBUG c.h.p.o.dependants.PodInfoConfigMap - [helmaddi] Desired PodInfo ConfigMap (1 extensions) (1 enabled)
2025-01-29 22:17:47,536 INFO c.h.h.t.HelmChartContainer - [hivemq-test-hivemq-platform] [hivemq-platform-operator] [b0795f9a] 22:17:47.532 [pool-6-thread-35] DEBUG c.h.p.o.d.PodServiceAccountResource - [helmaddi] Desired PodServiceAccountResource (serviceAccountName: hivemq-platform-pod-test-hivemq-platform)
2025-01-29 22:17:47,536 INFO c.h.h.t.HelmChartContainer - [hivemq-test-hivemq-platform] [hivemq-platform-operator] [b0795f9a] 22:17:47.535 [pool-6-thread-31] DEBUG c.h.p.o.dependants.PodInfoConfigMap - [helmaddi] Desired PodInfo ConfigMap (metrics port: 9399) (metrics path: /)
2025-01-29 22:17:47,537 INFO c.h.h.t.HelmChartContainer - [hivemq-test-hivemq-platform] [hivemq-platform-operator] [b0795f9a] 22:17:47.535 [pool-6-thread-31] DEBUG c.h.p.o.dependants.PodInfoConfigMap - [helmaddi] Desired PodInfo ConfigMap (extension state hash: -1817474005)
2025-01-29 22:17:47,541 INFO c.h.h.t.HelmChartContainer - [hivemq-test-hivemq-platform] [hivemq-platform-operator] [b0795f9a] 22:17:47.540 [pool-6-thread-37] DEBUG c.h.p.o.d.StatefulSetResource - [helmaddi] Desired StatefulSet (1 replicas) for status STARTING (READY)
2025-01-29 22:17:47,629 INFO c.h.h.t.HelmChartContainer - [hivemq-test-hivemq-platform] [hivemq-platform-operator] [b0795f9a] 22:17:47.627 [ReconcilerExecutor-hivemq-controller-116] INFO  c.h.p.o.HiveMQPlatformReconciler - [helmaddi] Reconciling HiveMQ Platform 'test-hivemq-platform' in namespace 'helmadditionalvolumesit'
2025-01-29 22:17:47,630 INFO c.h.h.t.HelmChartContainer - [hivemq-test-hivemq-platform] [hivemq-platform-operator] [b0795f9a] 22:17:47.627 [ReconcilerExecutor-hivemq-controller-116] DEBUG c.h.p.o.HiveMQPlatformReconciler - [helmaddi] Custom Resource Status STARTING - HiveMQ Platform is starting (READY)
2025-01-29 22:17:47,631 INFO c.h.h.t.HelmChartContainer - [hivemq-test-hivemq-platform] [hivemq-platform-operator] [b0795f9a] 22:17:47.627 [ReconcilerExecutor-hivemq-controller-116] DEBUG c.h.p.o.HiveMQPlatformReconciler - [helmaddi] Custom Resource Spec (replicas: 1) (extensions: 1)
2025-01-29 22:17:47,633 INFO c.h.h.t.HelmChartContainer - [hivemq-test-hivemq-platform] [hivemq-platform-operator] [b0795f9a] 22:17:47.629 [ReconcilerExecutor-hivemq-controller-116] DEBUG c.h.p.o.HiveMQPlatformReconciler - [helmaddi] StatefulSet Status (revision: test-hivemq-platform-5d4d897885, replicas: 1, available: 1, ready: 1, current: 1, updated: 1)
2025-01-29 22:17:47,633 INFO c.h.h.t.HelmChartContainer - [hivemq-test-hivemq-platform] [hivemq-platform-operator] [b0795f9a] 22:17:47.629 [ReconcilerExecutor-hivemq-controller-116] DEBUG c.h.p.o.HiveMQPlatformReconciler - [helmaddi] StatefulSet Spec (replicas: 1, init containers: 1, containers: 1, volumes: 7)
2025-01-29 22:17:47,634 INFO c.h.h.t.HelmChartContainer - [hivemq-test-hivemq-platform] [hivemq-platform-operator] [b0795f9a] 22:17:47.633 [ReconcilerExecutor-hivemq-controller-116] DEBUG c.h.p.o.h.HiveMQPlatformReconcilerErrorHandler - [helmaddi] Pod 'test-hivemq-platform-0' phase Running
2025-01-29 22:17:47,635 INFO c.h.h.t.HelmChartContainer - [hivemq-test-hivemq-platform] [hivemq-platform-operator] [b0795f9a] 22:17:47.634 [ReconcilerExecutor-hivemq-controller-116] INFO  c.h.p.o.h.HiveMQPlatformReconcilerBaseHandler - [helmaddi] HiveMQ Platform started successfully
2025-01-29 22:17:47,733 INFO c.h.h.t.HelmChartContainer - [hivemq-test-hivemq-platform] [hivemq-platform-operator] [b0795f9a] 22:17:47.731 [ReconcilerExecutor-hivemq-controller-116] DEBUG c.h.p.operator.event.EventSender - [helmaddi] Creating K8s event hivemq-platform-ready: [Ready] HiveMQ Platform is ready
2025-01-29 22:17:47,736 INFO c.h.h.t.HelmChartContainer - [EVENT] Normal [Ready] HiveMQ Platform is ready [helmadditionalvolumesit:test-hivemq-platform]
2025-01-29 22:17:47,737 INFO c.h.h.t.HelmChartContainer - [hivemq-test-hivemq-platform] [hivemq-platform-operator] [b0795f9a] 22:17:47.736 [ReconcilerExecutor-hivemq-controller-116] INFO  c.h.p.o.h.AbstractHiveMQReconcilerStateHandler - [helmaddi] Update HiveMQ Platform Status (STARTING [READY] -> RUNNING [READY]): HiveMQ Platform is ready
2025-01-29 22:17:47,745 DEBUG com.hivemq.helmcharts.util.K8sUtil - Comparing actual state 'RUNNING' and waiting for 'RUNNING'
2025-01-29 22:17:49,775 INFO c.h.h.t.HelmChartContainer - Uninstalling release 'test-hivemq-platform' in namespace 'helmadditionalvolumesit'...
2025-01-29 22:17:49,775 DEBUG c.h.h.t.HelmChartContainer - Executing helm command: /bin/helm --kubeconfig /etc/rancher/k3s/k3s.yaml uninstall test-hivemq-platform  --wait --timeout 5m0s --cascade foreground --namespace helmadditionalvolumesit
2025-01-29 22:17:49,962 INFO c.h.h.t.HelmChartContainer - [hivemq-test-hivemq-platform] [hivemq-platform-operator] [b0795f9a] 22:17:49.959 [pool-6-thread-45] DEBUG c.h.p.o.d.PlatformServiceResource - [helmaddi] Desired Platform services (3 services)
2025-01-29 22:17:49,964 INFO c.h.h.t.HelmChartContainer - [hivemq-test-hivemq-platform] [hivemq-platform-operator] [b0795f9a] 22:17:49.962 [pool-6-thread-41] DEBUG c.h.p.o.d.PodServiceAccountResource - [helmaddi] Desired PodServiceAccountResource (serviceAccountName: hivemq-platform-pod-test-hivemq-platform)
2025-01-29 22:17:50,028 INFO c.h.h.t.HelmChartContainer - [hivemq-test-hivemq-platform] [hivemq-platform-operator] [b0795f9a] 22:17:49.959 [pool-6-thread-46] DEBUG c.h.p.o.dependants.PodInfoConfigMap - [helmaddi] Desired PodInfo ConfigMap (1 extensions) (1 enabled)
2025-01-29 22:17:50,028 INFO c.h.h.t.HelmChartContainer - [hivemq-test-hivemq-platform] [hivemq-platform-operator] [b0795f9a] 22:17:50.026 [pool-6-thread-46] DEBUG c.h.p.o.dependants.PodInfoConfigMap - [helmaddi] Desired PodInfo ConfigMap (metrics port: 9399) (metrics path: /)
2025-01-29 22:17:50,028 INFO c.h.h.t.HelmChartContainer - [hivemq-test-hivemq-platform] [hivemq-platform-operator] [b0795f9a] 22:17:50.026 [pool-6-thread-46] DEBUG c.h.p.o.dependants.PodInfoConfigMap - [helmaddi] Desired PodInfo ConfigMap (extension state hash: -1817474005)
2025-01-29 22:17:50,029 INFO c.h.h.t.HelmChartContainer - [hivemq-test-hivemq-platform] [hivemq-platform-operator] [b0795f9a] 22:17:50.027 [pool-6-thread-46] DEBUG c.h.p.o.dependants.PodInfoConfigMap - [helmaddi] Update PodInfo ConfigMap
2025-01-29 22:17:50,136 INFO c.h.h.t.HelmChartContainer - [hivemq-test-hivemq-platform] [hivemq-platform-operator] [b0795f9a] 22:17:50.132 [ReconcilerExecutor-hivemq-controller-117] ERROR i.j.o.p.event.EventProcessor - Error during event processing ExecutionScope{ resource id: ResourceID{name='test-hivemq-platform', namespace='helmadditionalvolumesit'}, version: 1540}
2025-01-29 22:17:50,136 INFO c.h.h.t.HelmChartContainer - [hivemq-test-hivemq-platform] [hivemq-platform-operator] [b0795f9a] io.javaoperatorsdk.operator.OperatorException: io.javaoperatorsdk.operator.AggregatedOperatorException: Exception(s) during workflow execution. Details:
2025-01-29 22:17:50,140 INFO c.h.h.t.HelmChartContainer - [hivemq-test-hivemq-platform] [hivemq-platform-operator] [b0795f9a]  - com.hivemq.platform.operator.dependants.PodInfoConfigMap -> io.fabric8.kubernetes.client.KubernetesClientException: Failure executing: PUT at: https://10.43.0.1:443/api/v1/namespaces/helmadditionalvolumesit/configmaps/hivemq-platform-test-hivemq-platform-dynamic-state. Message: Operation cannot be fulfilled on configmaps "hivemq-platform-test-hivemq-platform-dynamic-state": StorageError: invalid object, Code: 4, Key: /registry/configmaps/helmadditionalvolumesit/hivemq-platform-test-hivemq-platform-dynamic-state, ResourceVersion: 0, AdditionalErrorMsg: Precondition failed: UID in precondition: 9c330212-49c4-4b41-a670-6bca5455b235, UID in object meta: . Received status: Status(apiVersion=v1, code=409, details=StatusDetails(causes=[], group=null, kind=configmaps, name=hivemq-platform-test-hivemq-platform-dynamic-state, retryAfterSeconds=null, uid=null, additionalProperties={}), kind=Status, message=Operation cannot be fulfilled on configmaps "hivemq-platform-test-hivemq-platform-dynamic-state": StorageError: invalid object, Code: 4, Key: /registry/configmaps/helmadditionalvolumesit/hivemq-platform-test-hivemq-platform-dynamic-state, ResourceVersion: 0, AdditionalErrorMsg: Precondition failed: UID in precondition: 9c330212-49c4-4b41-a670-6bca5455b235, UID in object meta: , metadata=ListMeta(_continue=null, remainingItemCount=null, resourceVersion=null, selfLink=null, additionalProperties={}), reason=Conflict, status=Failure, additionalProperties={}).
2025-01-29 22:17:50,140 INFO c.h.h.t.HelmChartContainer - [hivemq-test-hivemq-platform] [hivemq-platform-operator] [b0795f9a] 	at io.fabric8.kubernetes.client.KubernetesClientException.copyAsCause(KubernetesClientException.java:238)
2025-01-29 22:17:50,140 INFO c.h.h.t.HelmChartContainer - [hivemq-test-hivemq-platform] [hivemq-platform-operator] [b0795f9a] 	at io.fabric8.kubernetes.client.dsl.internal.OperationSupport.waitForResult(OperationSupport.java:507)
2025-01-29 22:17:50,140 INFO c.h.h.t.HelmChartContainer - [hivemq-test-hivemq-platform] [hivemq-platform-operator] [b0795f9a] 	at io.fabric8.kubernetes.client.dsl.internal.OperationSupport.handleResponse(OperationSupport.java:524)
2025-01-29 22:17:50,140 INFO c.h.h.t.HelmChartContainer - [hivemq-test-hivemq-platform] [hivemq-platform-operator] [b0795f9a] 	at io.fabric8.kubernetes.client.dsl.internal.OperationSupport.handleUpdate(OperationSupport.java:358)
2025-01-29 22:17:50,140 INFO c.h.h.t.HelmChartContainer - [hivemq-test-hivemq-platform] [hivemq-platform-operator] [b0795f9a] 	at io.fabric8.kubernetes.client.dsl.internal.BaseOperation.handleUpdate(BaseOperation.java:759)
2025-01-29 22:17:50,140 INFO c.h.h.t.HelmChartContainer - [hivemq-test-hivemq-platform] [hivemq-platform-operator] [b0795f9a] 	at io.fabric8.kubernetes.client.dsl.internal.HasMetadataOperation.update(HasMetadataOperation.java:138)
2025-01-29 22:17:50,140 INFO c.h.h.t.HelmChartContainer - [hivemq-test-hivemq-platform] [hivemq-platform-operator] [b0795f9a] 	at io.fabric8.kubernetes.client.dsl.internal.HasMetadataOperation.update(HasMetadataOperation.java:121)
2025-01-29 22:17:50,140 INFO c.h.h.t.HelmChartContainer - [hivemq-test-hivemq-platform] [hivemq-platform-operator] [b0795f9a] 	at io.fabric8.kubernetes.client.dsl.internal.HasMetadataOperation.update(HasMetadataOperation.java:44)
2025-01-29 22:17:50,140 INFO c.h.h.t.HelmChartContainer - [hivemq-test-hivemq-platform] [hivemq-platform-operator] [b0795f9a] 	at io.fabric8.kubernetes.client.extension.ResourceAdapter.update(ResourceAdapter.java:345)
2025-01-29 22:17:50,140 INFO c.h.h.t.HelmChartContainer - [hivemq-test-hivemq-platform] [hivemq-platform-operator] [b0795f9a] 	at io.javaoperatorsdk.operator.processing.dependent.kubernetes.KubernetesDependentResource.update(KubernetesDependentResource.java:140)
2025-01-29 22:17:50,140 INFO c.h.h.t.HelmChartContainer - [hivemq-test-hivemq-platform] [hivemq-platform-operator] [b0795f9a] 	at com.hivemq.platform.operator.dependants.PodInfoConfigMap.update(PodInfoConfigMap.java:167)
2025-01-29 22:17:50,140 INFO c.h.h.t.HelmChartContainer - [hivemq-test-hivemq-platform] [hivemq-platform-operator] [b0795f9a] 	at com.hivemq.platform.operator.dependants.PodInfoConfigMap.update(PodInfoConfigMap.java:39)
2025-01-29 22:17:50,140 INFO c.h.h.t.HelmChartContainer - [hivemq-test-hivemq-platform] [hivemq-platform-operator] [b0795f9a] 	at io.javaoperatorsdk.operator.processing.dependent.AbstractDependentResource.handleUpdate(AbstractDependentResource.java:148)
2025-01-29 22:17:50,140 INFO c.h.h.t.HelmChartContainer - [hivemq-test-hivemq-platform] [hivemq-platform-operator] [b0795f9a] 	at io.javaoperatorsdk.operator.processing.dependent.AbstractDependentResource.reconcile(AbstractDependentResource.java:72)
2025-01-29 22:17:50,140 INFO c.h.h.t.HelmChartContainer - [hivemq-test-hivemq-platform] [hivemq-platform-operator] [b0795f9a] 	at io.javaoperatorsdk.operator.processing.dependent.SingleDependentResourceReconciler.reconcile(SingleDependentResourceReconciler.java:19)
2025-01-29 22:17:50,142 INFO c.h.h.t.HelmChartContainer - [hivemq-test-hivemq-platform] [hivemq-platform-operator] [b0795f9a] 	at io.javaoperatorsdk.operator.processing.dependent.AbstractDependentResource.reconcile(AbstractDependentResource.java:52)
2025-01-29 22:17:50,142 INFO c.h.h.t.HelmChartContainer - [hivemq-test-hivemq-platform] [hivemq-platform-operator] [b0795f9a] 	at com.hivemq.platform.operator.dependants.PodInfoConfigMap.reconcile(PodInfoConfigMap.java:74)
2025-01-29 22:17:50,142 INFO c.h.h.t.HelmChartContainer - [hivemq-test-hivemq-platform] [hivemq-platform-operator] [b0795f9a] 	at com.hivemq.platform.operator.dependants.PodInfoConfigMap.reconcile(PodInfoConfigMap.java:39)
2025-01-29 22:17:50,142 INFO c.h.h.t.HelmChartContainer - [hivemq-test-hivemq-platform] [hivemq-platform-operator] [b0795f9a] 	at io.javaoperatorsdk.operator.processing.dependent.workflow.WorkflowReconcileExecutor$NodeReconcileExecutor.doRun(WorkflowReconcileExecutor.java:123)
2025-01-29 22:17:50,142 INFO c.h.h.t.HelmChartContainer - [hivemq-test-hivemq-platform] [hivemq-platform-operator] [b0795f9a] 	at io.javaoperatorsdk.operator.processing.dependent.workflow.NodeExecutor.run(NodeExecutor.java:22)
2025-01-29 22:17:50,142 INFO c.h.h.t.HelmChartContainer - [hivemq-test-hivemq-platform] [hivemq-platform-operator] [b0795f9a] 	at java.base/java.util.concurrent.Executors$RunnableAdapter.call(Unknown Source)
2025-01-29 22:17:50,142 INFO c.h.h.t.HelmChartContainer - [hivemq-test-hivemq-platform] [hivemq-platform-operator] [b0795f9a] 	at java.base/java.util.concurrent.FutureTask.run(Unknown Source)
2025-01-29 22:17:50,142 INFO c.h.h.t.HelmChartContainer - [hivemq-test-hivemq-platform] [hivemq-platform-operator] [b0795f9a] 	at java.base/java.util.concurrent.ThreadPoolExecutor.runWorker(Unknown Source)
2025-01-29 22:17:50,143 INFO c.h.h.t.HelmChartContainer - [hivemq-test-hivemq-platform] [hivemq-platform-operator] [b0795f9a] 	at java.base/java.util.concurrent.ThreadPoolExecutor$Worker.run(Unknown Source)
2025-01-29 22:17:50,143 INFO c.h.h.t.HelmChartContainer - [hivemq-test-hivemq-platform] [hivemq-platform-operator] [b0795f9a] 	at java.base/java.lang.Thread.run(Unknown Source)
2025-01-29 22:17:50,143 INFO c.h.h.t.HelmChartContainer - [hivemq-test-hivemq-platform] [hivemq-platform-operator] [b0795f9a] Caused by: io.fabric8.kubernetes.client.KubernetesClientException: Failure executing: PUT at: https://10.43.0.1:443/api/v1/namespaces/helmadditionalvolumesit/configmaps/hivemq-platform-test-hivemq-platform-dynamic-state. Message: Operation cannot be fulfilled on configmaps "hivemq-platform-test-hivemq-platform-dynamic-state": StorageError: invalid object, Code: 4, Key: /registry/configmaps/helmadditionalvolumesit/hivemq-platform-test-hivemq-platform-dynamic-state, ResourceVersion: 0, AdditionalErrorMsg: Precondition failed: UID in precondition: 9c330212-49c4-4b41-a670-6bca5455b235, UID in object meta: . Received status: Status(apiVersion=v1, code=409, details=StatusDetails(causes=[], group=null, kind=configmaps, name=hivemq-platform-test-hivemq-platform-dynamic-state, retryAfterSeconds=null, uid=null, additionalProperties={}), kind=Status, message=Operation cannot be fulfilled on configmaps "hivemq-platform-test-hivemq-platform-dynamic-state": StorageError: invalid object, Code: 4, Key: /registry/configmaps/helmadditionalvolumesit/hivemq-platform-test-hivemq-platform-dynamic-state, ResourceVersion: 0, AdditionalErrorMsg: Precondition failed: UID in precondition: 9c330212-49c4-4b41-a670-6bca5455b235, UID in object meta: , metadata=ListMeta(_continue=null, remainingItemCount=null, resourceVersion=null, selfLink=null, additionalProperties={}), reason=Conflict, status=Failure, additionalProperties={}).
2025-01-29 22:17:50,143 INFO c.h.h.t.HelmChartContainer - [hivemq-test-hivemq-platform] [hivemq-platform-operator] [b0795f9a] 	at io.fabric8.kubernetes.client.dsl.internal.OperationSupport.requestFailure(OperationSupport.java:660)
2025-01-29 22:17:50,143 INFO c.h.h.t.HelmChartContainer - [hivemq-test-hivemq-platform] [hivemq-platform-operator] [b0795f9a] 	at io.fabric8.kubernetes.client.dsl.internal.OperationSupport.requestFailure(OperationSupport.java:640)
2025-01-29 22:17:50,143 INFO c.h.h.t.HelmChartContainer - [hivemq-test-hivemq-platform] [hivemq-platform-operator] [b0795f9a] 	at io.fabric8.kubernetes.client.dsl.internal.OperationSupport.assertResponseCode(OperationSupport.java:589)
2025-01-29 22:17:50,143 INFO c.h.h.t.HelmChartContainer - [hivemq-test-hivemq-platform] [hivemq-platform-operator] [b0795f9a] 	at io.fabric8.kubernetes.client.dsl.internal.OperationSupport.lambda$handleResponse$0(OperationSupport.java:549)
2025-01-29 22:17:50,143 INFO c.h.h.t.HelmChartContainer - [hivemq-test-hivemq-platform] [hivemq-platform-operator] [b0795f9a] 	at java.base/java.util.concurrent.CompletableFuture$UniApply.tryFire(Unknown Source)
2025-01-29 22:17:50,143 INFO c.h.h.t.HelmChartContainer - [hivemq-test-hivemq-platform] [hivemq-platform-operator] [b0795f9a] 	at java.base/java.util.concurrent.CompletableFuture.postComplete(Unknown Source)
2025-01-29 22:17:50,143 INFO c.h.h.t.HelmChartContainer - [hivemq-test-hivemq-platform] [hivemq-platform-operator] [b0795f9a] 	at java.base/java.util.concurrent.CompletableFuture.complete(Unknown Source)
2025-01-29 22:17:50,143 INFO c.h.h.t.HelmChartContainer - [hivemq-test-hivemq-platform] [hivemq-platform-operator] [b0795f9a] 	at io.fabric8.kubernetes.client.http.StandardHttpClient.lambda$completeOrCancel$10(StandardHttpClient.java:141)
2025-01-29 22:17:50,143 INFO c.h.h.t.HelmChartContainer - [hivemq-test-hivemq-platform] [hivemq-platform-operator] [b0795f9a] 	at java.base/java.util.concurrent.CompletableFuture.uniWhenComplete(Unknown Source)
2025-01-29 22:17:50,143 INFO c.h.h.t.HelmChartContainer - [hivemq-test-hivemq-platform] [hivemq-platform-operator] [b0795f9a] 	at java.base/java.util.concurrent.CompletableFuture$UniWhenComplete.tryFire(Unknown Source)
2025-01-29 22:17:50,143 INFO c.h.h.t.HelmChartContainer - [hivemq-test-hivemq-platform] [hivemq-platform-operator] [b0795f9a] 	at java.base/java.util.concurrent.CompletableFuture.postComplete(Unknown Source)
2025-01-29 22:17:50,143 INFO c.h.h.t.HelmChartContainer - [hivemq-test-hivemq-platform] [hivemq-platform-operator] [b0795f9a] 	at java.base/java.util.concurrent.CompletableFuture.complete(Unknown Source)
2025-01-29 22:17:50,143 INFO c.h.h.t.HelmChartContainer - [hivemq-test-hivemq-platform] [hivemq-platform-operator] [b0795f9a] 	at io.fabric8.kubernetes.client.http.ByteArrayBodyHandler.onBodyDone(ByteArrayBodyHandler.java:51)
2025-01-29 22:17:50,143 INFO c.h.h.t.HelmChartContainer - [hivemq-test-hivemq-platform] [hivemq-platform-operator] [b0795f9a] 	at java.base/java.util.concurrent.CompletableFuture.uniWhenComplete(Unknown Source)
2025-01-29 22:17:50,143 INFO c.h.h.t.HelmChartContainer - [hivemq-test-hivemq-platform] [hivemq-platform-operator] [b0795f9a] 	at java.base/java.util.concurrent.CompletableFuture$UniWhenComplete.tryFire(Unknown Source)
2025-01-29 22:17:50,143 INFO c.h.h.t.HelmChartContainer - [hivemq-test-hivemq-platform] [hivemq-platform-operator] [b0795f9a] 	at java.base/java.util.concurrent.CompletableFuture.postComplete(Unknown Source)
2025-01-29 22:17:50,143 INFO c.h.h.t.HelmChartContainer - [hivemq-test-hivemq-platform] [hivemq-platform-operator] [b0795f9a] 	at java.base/java.util.concurrent.CompletableFuture.complete(Unknown Source)
2025-01-29 22:17:50,143 INFO c.h.h.t.HelmChartContainer - [hivemq-test-hivemq-platform] [hivemq-platform-operator] [b0795f9a] 	at io.fabric8.kubernetes.client.vertx.VertxHttpRequest.lambda$null$1(VertxHttpRequest.java:121)
2025-01-29 22:17:50,143 INFO c.h.h.t.HelmChartContainer - [hivemq-test-hivemq-platform] [hivemq-platform-operator] [b0795f9a] 	at io.vertx.core.impl.ContextInternal.dispatch(ContextInternal.java:279)
2025-01-29 22:17:50,143 INFO c.h.h.t.HelmChartContainer - [hivemq-test-hivemq-platform] [hivemq-platform-operator] [b0795f9a] 	at io.vertx.core.impl.ContextInternal.dispatch(ContextInternal.java:261)
2025-01-29 22:17:50,143 INFO c.h.h.t.HelmChartContainer - [hivemq-test-hivemq-platform] [hivemq-platform-operator] [b0795f9a] 	at io.vertx.core.http.impl.HttpEventHandler.handleEnd(HttpEventHandler.java:76)
2025-01-29 22:17:50,143 INFO c.h.h.t.HelmChartContainer - [hivemq-test-hivemq-platform] [hivemq-platform-operator] [b0795f9a] 	at io.vertx.core.http.impl.HttpClientResponseImpl.handleEnd(HttpClientResponseImpl.java:250)
2025-01-29 22:17:50,143 INFO c.h.h.t.HelmChartContainer - [hivemq-test-hivemq-platform] [hivemq-platform-operator] [b0795f9a] 	at io.vertx.core.http.impl.Http1xClientConnection$StreamImpl.lambda$new$0(Http1xClientConnection.java:421)
2025-01-29 22:17:50,143 INFO c.h.h.t.HelmChartContainer - [hivemq-test-hivemq-platform] [hivemq-platform-operator] [b0795f9a] 	at io.vertx.core.streams.impl.InboundBuffer.handleEvent(InboundBuffer.java:279)
2025-01-29 22:17:50,143 INFO c.h.h.t.HelmChartContainer - [hivemq-test-hivemq-platform] [hivemq-platform-operator] [b0795f9a] 	at io.vertx.core.streams.impl.InboundBuffer.write(InboundBuffer.java:157)
2025-01-29 22:17:50,143 INFO c.h.h.t.HelmChartContainer - [hivemq-test-hivemq-platform] [hivemq-platform-operator] [b0795f9a] 	at io.vertx.core.http.impl.Http1xClientConnection$StreamImpl.handleEnd(Http1xClientConnection.java:709)
2025-01-29 22:17:50,143 INFO c.h.h.t.HelmChartContainer - [hivemq-test-hivemq-platform] [hivemq-platform-operator] [b0795f9a] 	at io.vertx.core.impl.ContextImpl.execute(ContextImpl.java:313)
2025-01-29 22:17:50,143 INFO c.h.h.t.HelmChartContainer - [hivemq-test-hivemq-platform] [hivemq-platform-operator] [b0795f9a] 	at io.vertx.core.impl.ContextImpl.execute(ContextImpl.java:293)
2025-01-29 22:17:50,143 INFO c.h.h.t.HelmChartContainer - [hivemq-test-hivemq-platform] [hivemq-platform-operator] [b0795f9a] 	at io.vertx.core.http.impl.Http1xClientConnection.handleResponseEnd(Http1xClientConnection.java:940)
2025-01-29 22:17:50,143 INFO c.h.h.t.HelmChartContainer - [hivemq-test-hivemq-platform] [hivemq-platform-operator] [b0795f9a] 	at io.vertx.core.http.impl.Http1xClientConnection.handleHttpMessage(Http1xClientConnection.java:810)
2025-01-29 22:17:50,143 INFO c.h.h.t.HelmChartContainer - [hivemq-test-hivemq-platform] [hivemq-platform-operator] [b0795f9a] 	at io.vertx.core.http.impl.Http1xClientConnection.handleMessage(Http1xClientConnection.java:774)
2025-01-29 22:17:50,143 INFO c.h.h.t.HelmChartContainer - [hivemq-test-hivemq-platform] [hivemq-platform-operator] [b0795f9a] 	at io.vertx.core.net.impl.ConnectionBase.read(ConnectionBase.java:159)
2025-01-29 22:17:50,143 INFO c.h.h.t.HelmChartContainer - [hivemq-test-hivemq-platform] [hivemq-platform-operator] [b0795f9a] 	at io.vertx.core.net.impl.VertxHandler.channelRead(VertxHandler.java:153)
2025-01-29 22:17:50,143 INFO c.h.h.t.HelmChartContainer - [hivemq-test-hivemq-platform] [hivemq-platform-operator] [b0795f9a] 	at io.netty.channel.AbstractChannelHandlerContext.invokeChannelRead(AbstractChannelHandlerContext.java:442)
2025-01-29 22:17:50,143 INFO c.h.h.t.HelmChartContainer - [hivemq-test-hivemq-platform] [hivemq-platform-operator] [b0795f9a] 	at io.netty.channel.AbstractChannelHandlerContext.invokeChannelRead(AbstractChannelHandlerContext.java:420)
2025-01-29 22:17:50,143 INFO c.h.h.t.HelmChartContainer - [hivemq-test-hivemq-platform] [hivemq-platform-operator] [b0795f9a] 	at io.netty.channel.AbstractChannelHandlerContext.fireChannelRead(AbstractChannelHandlerContext.java:412)
2025-01-29 22:17:50,143 INFO c.h.h.t.HelmChartContainer - [hivemq-test-hivemq-platform] [hivemq-platform-operator] [b0795f9a] 	at io.netty.channel.CombinedChannelDuplexHandler$DelegatingChannelHandlerContext.fireChannelRead(CombinedChannelDuplexHandler.java:436)
2025-01-29 22:17:50,143 INFO c.h.h.t.HelmChartContainer - [hivemq-test-hivemq-platform] [hivemq-platform-operator] [b0795f9a] 	at io.netty.handler.codec.ByteToMessageDecoder.fireChannelRead(ByteToMessageDecoder.java:346)
2025-01-29 22:17:50,143 INFO c.h.h.t.HelmChartContainer - [hivemq-test-hivemq-platform] [hivemq-platform-operator] [b0795f9a] 	at io.netty.handler.codec.ByteToMessageDecoder.channelRead(ByteToMessageDecoder.java:318)
2025-01-29 22:17:50,143 INFO c.h.h.t.HelmChartContainer - [hivemq-test-hivemq-platform] [hivemq-platform-operator] [b0795f9a] 	at io.netty.channel.CombinedChannelDuplexHandler.channelRead(CombinedChannelDuplexHandler.java:251)
2025-01-29 22:17:50,143 INFO c.h.h.t.HelmChartContainer - [hivemq-test-hivemq-platform] [hivemq-platform-operator] [b0795f9a] 	at io.netty.channel.AbstractChannelHandlerContext.invokeChannelRead(AbstractChannelHandlerContext.java:442)
2025-01-29 22:17:50,143 INFO c.h.h.t.HelmChartContainer - [hivemq-test-hivemq-platform] [hivemq-platform-operator] [b0795f9a] 	at io.netty.channel.AbstractChannelHandlerContext.invokeChannelRead(AbstractChannelHandlerContext.java:420)
2025-01-29 22:17:50,143 INFO c.h.h.t.HelmChartContainer - [hivemq-test-hivemq-platform] [hivemq-platform-operator] [b0795f9a] 	at io.netty.channel.AbstractChannelHandlerContext.fireChannelRead(AbstractChannelHandlerContext.java:412)
2025-01-29 22:17:50,143 INFO c.h.h.t.HelmChartContainer - [hivemq-test-hivemq-platform] [hivemq-platform-operator] [b0795f9a] 	at io.netty.handler.ssl.SslHandler.unwrap(SslHandler.java:1475)
2025-01-29 22:17:50,143 INFO c.h.h.t.HelmChartContainer - [hivemq-test-hivemq-platform] [hivemq-platform-operator] [b0795f9a] 	at io.netty.handler.ssl.SslHandler.decodeJdkCompatible(SslHandler.java:1338)
2025-01-29 22:17:50,143 INFO c.h.h.t.HelmChartContainer - [hivemq-test-hivemq-platform] [hivemq-platform-operator] [b0795f9a] 	at io.netty.handler.ssl.SslHandler.decode(SslHandler.java:1387)
2025-01-29 22:17:50,143 INFO c.h.h.t.HelmChartContainer - [hivemq-test-hivemq-platform] [hivemq-platform-operator] [b0795f9a] 	at io.netty.handler.codec.ByteToMessageDecoder.decodeRemovalReentryProtection(ByteToMessageDecoder.java:530)
2025-01-29 22:17:50,143 INFO c.h.h.t.HelmChartContainer - [hivemq-test-hivemq-platform] [hivemq-platform-operator] [b0795f9a] 	at io.netty.handler.codec.ByteToMessageDecoder.callDecode(ByteToMessageDecoder.java:469)
2025-01-29 22:17:50,143 INFO c.h.h.t.HelmChartContainer - [hivemq-test-hivemq-platform] [hivemq-platform-operator] [b0795f9a] 	at io.netty.handler.codec.ByteToMessageDecoder.channelRead(ByteToMessageDecoder.java:290)
2025-01-29 22:17:50,143 INFO c.h.h.t.HelmChartContainer - [hivemq-test-hivemq-platform] [hivemq-platform-operator] [b0795f9a] 	at io.netty.channel.AbstractChannelHandlerContext.invokeChannelRead(AbstractChannelHandlerContext.java:444)
2025-01-29 22:17:50,143 INFO c.h.h.t.HelmChartContainer - [hivemq-test-hivemq-platform] [hivemq-platform-operator] [b0795f9a] 	at io.netty.channel.AbstractChannelHandlerContext.invokeChannelRead(AbstractChannelHandlerContext.java:420)
2025-01-29 22:17:50,143 INFO c.h.h.t.HelmChartContainer - [hivemq-test-hivemq-platform] [hivemq-platform-operator] [b0795f9a] 	at io.netty.channel.AbstractChannelHandlerContext.fireChannelRead(AbstractChannelHandlerContext.java:412)
2025-01-29 22:17:50,143 INFO c.h.h.t.HelmChartContainer - [hivemq-test-hivemq-platform] [hivemq-platform-operator] [b0795f9a] 	at io.netty.channel.DefaultChannelPipeline$HeadContext.channelRead(DefaultChannelPipeline.java:1407)
2025-01-29 22:17:50,143 INFO c.h.h.t.HelmChartContainer - [hivemq-test-hivemq-platform] [hivemq-platform-operator] [b0795f9a] 	at io.netty.channel.AbstractChannelHandlerContext.invokeChannelRead(AbstractChannelHandlerContext.java:440)
2025-01-29 22:17:50,143 INFO c.h.h.t.HelmChartContainer - [hivemq-test-hivemq-platform] [hivemq-platform-operator] [b0795f9a] 	at io.netty.channel.AbstractChannelHandlerContext.invokeChannelRead(AbstractChannelHandlerContext.java:420)
2025-01-29 22:17:50,143 INFO c.h.h.t.HelmChartContainer - [hivemq-test-hivemq-platform] [hivemq-platform-operator] [b0795f9a] 	at io.netty.channel.DefaultChannelPipeline.fireChannelRead(DefaultChannelPipeline.java:918)
2025-01-29 22:17:50,143 INFO c.h.h.t.HelmChartContainer - [hivemq-test-hivemq-platform] [hivemq-platform-operator] [b0795f9a] 	at io.netty.channel.nio.AbstractNioByteChannel$NioByteUnsafe.read(AbstractNioByteChannel.java:166)
2025-01-29 22:17:50,143 INFO c.h.h.t.HelmChartContainer - [hivemq-test-hivemq-platform] [hivemq-platform-operator] [b0795f9a] 	at io.netty.channel.nio.NioEventLoop.processSelectedKey(NioEventLoop.java:788)
2025-01-29 22:17:50,143 INFO c.h.h.t.HelmChartContainer - [hivemq-test-hivemq-platform] [hivemq-platform-operator] [b0795f9a] 	at io.netty.channel.nio.NioEventLoop.processSelectedKeysOptimized(NioEventLoop.java:724)
2025-01-29 22:17:50,143 INFO c.h.h.t.HelmChartContainer - [hivemq-test-hivemq-platform] [hivemq-platform-operator] [b0795f9a] 	at io.netty.channel.nio.NioEventLoop.processSelectedKeys(NioEventLoop.java:650)
2025-01-29 22:17:50,143 INFO c.h.h.t.HelmChartContainer - [hivemq-test-hivemq-platform] [hivemq-platform-operator] [b0795f9a] 	at io.netty.channel.nio.NioEventLoop.run(NioEventLoop.java:562)
2025-01-29 22:17:50,143 INFO c.h.h.t.HelmChartContainer - [hivemq-test-hivemq-platform] [hivemq-platform-operator] [b0795f9a] 	at io.netty.util.concurrent.SingleThreadEventExecutor$4.run(SingleThreadEventExecutor.java:997)
2025-01-29 22:17:50,143 INFO c.h.h.t.HelmChartContainer - [hivemq-test-hivemq-platform] [hivemq-platform-operator] [b0795f9a] 	at io.netty.util.internal.ThreadExecutorMap$2.run(ThreadExecutorMap.java:74)
2025-01-29 22:17:50,143 INFO c.h.h.t.HelmChartContainer - [hivemq-test-hivemq-platform] [hivemq-platform-operator] [b0795f9a] 	at io.netty.util.concurrent.FastThreadLocalRunnable.run(FastThreadLocalRunnable.java:30)
2025-01-29 22:17:50,143 INFO c.h.h.t.HelmChartContainer - [hivemq-test-hivemq-platform] [hivemq-platform-operator] [b0795f9a] 	... 1 more
2025-01-29 22:17:50,143 INFO c.h.h.t.HelmChartContainer - [hivemq-test-hivemq-platform] [hivemq-platform-operator] [b0795f9a] 
2025-01-29 22:17:50,143 INFO c.h.h.t.HelmChartContainer - [hivemq-test-hivemq-platform] [hivemq-platform-operator] [b0795f9a] 	at io.javaoperatorsdk.operator.monitoring.micrometer.MicrometerMetrics.lambda$timeControllerExecution$0(MicrometerMetrics.java:165)
2025-01-29 22:17:50,143 INFO c.h.h.t.HelmChartContainer - [hivemq-test-hivemq-platform] [hivemq-platform-operator] [b0795f9a] 	at io.micrometer.core.instrument.AbstractTimer.record(AbstractTimer.java:190)
2025-01-29 22:17:50,143 INFO c.h.h.t.HelmChartContainer - [hivemq-test-hivemq-platform] [hivemq-platform-operator] [b0795f9a] 	at io.javaoperatorsdk.operator.monitoring.micrometer.MicrometerMetrics.timeControllerExecution(MicrometerMetrics.java:161)
2025-01-29 22:17:50,143 INFO c.h.h.t.HelmChartContainer - [hivemq-test-hivemq-platform] [hivemq-platform-operator] [b0795f9a] 	at io.javaoperatorsdk.operator.processing.Controller.reconcile(Controller.java:109)
2025-01-29 22:17:50,143 INFO c.h.h.t.HelmChartContainer - [hivemq-test-hivemq-platform] [hivemq-platform-operator] [b0795f9a] 	at io.javaoperatorsdk.operator.processing.event.ReconciliationDispatcher.reconcileExecution(ReconciliationDispatcher.java:136)
2025-01-29 22:17:50,143 INFO c.h.h.t.HelmChartContainer - [hivemq-test-hivemq-platform] [hivemq-platform-operator] [b0795f9a] 	at io.javaoperatorsdk.operator.processing.event.ReconciliationDispatcher.handleReconcile(ReconciliationDispatcher.java:117)
2025-01-29 22:17:50,146 INFO c.h.h.t.HelmChartContainer - [hivemq-test-hivemq-platform] [hivemq-platform-operator] [b0795f9a] 	at io.javaoperatorsdk.operator.processing.event.ReconciliationDispatcher.handleDispatch(ReconciliationDispatcher.java:91)
2025-01-29 22:17:50,146 INFO c.h.h.t.HelmChartContainer - [hivemq-test-hivemq-platform] [hivemq-platform-operator] [b0795f9a] 	at io.javaoperatorsdk.operator.processing.event.ReconciliationDispatcher.handleExecution(ReconciliationDispatcher.java:64)
2025-01-29 22:17:50,146 INFO c.h.h.t.HelmChartContainer - [hivemq-test-hivemq-platform] [hivemq-platform-operator] [b0795f9a] 	at io.javaoperatorsdk.operator.processing.event.EventProcessor$ReconcilerExecutor.run(EventProcessor.java:452)
2025-01-29 22:17:50,146 INFO c.h.h.t.HelmChartContainer - [hivemq-test-hivemq-platform] [hivemq-platform-operator] [b0795f9a] 	at java.base/java.util.concurrent.ThreadPoolExecutor.runWorker(Unknown Source)
2025-01-29 22:17:50,146 INFO c.h.h.t.HelmChartContainer - [hivemq-test-hivemq-platform] [hivemq-platform-operator] [b0795f9a] 	at java.base/java.util.concurrent.ThreadPoolExecutor$Worker.run(Unknown Source)
2025-01-29 22:17:50,146 INFO c.h.h.t.HelmChartContainer - [hivemq-test-hivemq-platform] [hivemq-platform-operator] [b0795f9a] 	at java.base/java.lang.Thread.run(Unknown Source)
2025-01-29 22:17:50,146 INFO c.h.h.t.HelmChartContainer - [hivemq-test-hivemq-platform] [hivemq-platform-operator] [b0795f9a] Caused by: io.javaoperatorsdk.operator.AggregatedOperatorException: Exception(s) during workflow execution. Details:
2025-01-29 22:17:50,146 INFO c.h.h.t.HelmChartContainer - [hivemq-test-hivemq-platform] [hivemq-platform-operator] [b0795f9a]  - com.hivemq.platform.operator.dependants.PodInfoConfigMap -> io.fabric8.kubernetes.client.KubernetesClientException: Failure executing: PUT at: https://10.43.0.1:443/api/v1/namespaces/helmadditionalvolumesit/configmaps/hivemq-platform-test-hivemq-platform-dynamic-state. Message: Operation cannot be fulfilled on configmaps "hivemq-platform-test-hivemq-platform-dynamic-state": StorageError: invalid object, Code: 4, Key: /registry/configmaps/helmadditionalvolumesit/hivemq-platform-test-hivemq-platform-dynamic-state, ResourceVersion: 0, AdditionalErrorMsg: Precondition failed: UID in precondition: 9c330212-49c4-4b41-a670-6bca5455b235, UID in object meta: . Received status: Status(apiVersion=v1, code=409, details=StatusDetails(causes=[], group=null, kind=configmaps, name=hivemq-platform-test-hivemq-platform-dynamic-state, retryAfterSeconds=null, uid=null, additionalProperties={}), kind=Status, message=Operation cannot be fulfilled on configmaps "hivemq-platform-test-hivemq-platform-dynamic-state": StorageError: invalid object, Code: 4, Key: /registry/configmaps/helmadditionalvolumesit/hivemq-platform-test-hivemq-platform-dynamic-state, ResourceVersion: 0, AdditionalErrorMsg: Precondition failed: UID in precondition: 9c330212-49c4-4b41-a670-6bca5455b235, UID in object meta: , metadata=ListMeta(_continue=null, remainingItemCount=null, resourceVersion=null, selfLink=null, additionalProperties={}), reason=Conflict, status=Failure, additionalProperties={}).
2025-01-29 22:17:50,146 INFO c.h.h.t.HelmChartContainer - [hivemq-test-hivemq-platform] [hivemq-platform-operator] [b0795f9a] 	at io.fabric8.kubernetes.client.KubernetesClientException.copyAsCause(KubernetesClientException.java:238)
2025-01-29 22:17:50,146 INFO c.h.h.t.HelmChartContainer - [hivemq-test-hivemq-platform] [hivemq-platform-operator] [b0795f9a] 	at io.fabric8.kubernetes.client.dsl.internal.OperationSupport.waitForResult(OperationSupport.java:507)
2025-01-29 22:17:50,146 INFO c.h.h.t.HelmChartContainer - [hivemq-test-hivemq-platform] [hivemq-platform-operator] [b0795f9a] 	at io.fabric8.kubernetes.client.dsl.internal.OperationSupport.handleResponse(OperationSupport.java:524)
2025-01-29 22:17:50,146 INFO c.h.h.t.HelmChartContainer - [hivemq-test-hivemq-platform] [hivemq-platform-operator] [b0795f9a] 	at io.fabric8.kubernetes.client.dsl.internal.OperationSupport.handleUpdate(OperationSupport.java:358)
2025-01-29 22:17:50,146 INFO c.h.h.t.HelmChartContainer - [hivemq-test-hivemq-platform] [hivemq-platform-operator] [b0795f9a] 	at io.fabric8.kubernetes.client.dsl.internal.BaseOperation.handleUpdate(BaseOperation.java:759)
2025-01-29 22:17:50,146 INFO c.h.h.t.HelmChartContainer - [hivemq-test-hivemq-platform] [hivemq-platform-operator] [b0795f9a] 	at io.fabric8.kubernetes.client.dsl.internal.HasMetadataOperation.update(HasMetadataOperation.java:138)
2025-01-29 22:17:50,146 INFO c.h.h.t.HelmChartContainer - [hivemq-test-hivemq-platform] [hivemq-platform-operator] [b0795f9a] 	at io.fabric8.kubernetes.client.dsl.internal.HasMetadataOperation.update(HasMetadataOperation.java:121)
2025-01-29 22:17:50,146 INFO c.h.h.t.HelmChartContainer - [hivemq-test-hivemq-platform] [hivemq-platform-operator] [b0795f9a] 	at io.fabric8.kubernetes.client.dsl.internal.HasMetadataOperation.update(HasMetadataOperation.java:44)
2025-01-29 22:17:50,146 INFO c.h.h.t.HelmChartContainer - [hivemq-test-hivemq-platform] [hivemq-platform-operator] [b0795f9a] 	at io.fabric8.kubernetes.client.extension.ResourceAdapter.update(ResourceAdapter.java:345)
2025-01-29 22:17:50,146 INFO c.h.h.t.HelmChartContainer - [hivemq-test-hivemq-platform] [hivemq-platform-operator] [b0795f9a] 	at io.javaoperatorsdk.operator.processing.dependent.kubernetes.KubernetesDependentResource.update(KubernetesDependentResource.java:140)
2025-01-29 22:17:50,146 INFO c.h.h.t.HelmChartContainer - [hivemq-test-hivemq-platform] [hivemq-platform-operator] [b0795f9a] 	at com.hivemq.platform.operator.dependants.PodInfoConfigMap.update(PodInfoConfigMap.java:167)
2025-01-29 22:17:50,146 INFO c.h.h.t.HelmChartContainer - [hivemq-test-hivemq-platform] [hivemq-platform-operator] [b0795f9a] 	at com.hivemq.platform.operator.dependants.PodInfoConfigMap.update(PodInfoConfigMap.java:39)
2025-01-29 22:17:50,146 INFO c.h.h.t.HelmChartContainer - [hivemq-test-hivemq-platform] [hivemq-platform-operator] [b0795f9a] 	at io.javaoperatorsdk.operator.processing.dependent.AbstractDependentResource.handleUpdate(AbstractDependentResource.java:148)
2025-01-29 22:17:50,146 INFO c.h.h.t.HelmChartContainer - [hivemq-test-hivemq-platform] [hivemq-platform-operator] [b0795f9a] 	at io.javaoperatorsdk.operator.processing.dependent.AbstractDependentResource.reconcile(AbstractDependentResource.java:72)
2025-01-29 22:17:50,146 INFO c.h.h.t.HelmChartContainer - [hivemq-test-hivemq-platform] [hivemq-platform-operator] [b0795f9a] 	at io.javaoperatorsdk.operator.processing.dependent.SingleDependentResourceReconciler.reconcile(SingleDependentResourceReconciler.java:19)
2025-01-29 22:17:50,146 INFO c.h.h.t.HelmChartContainer - [hivemq-test-hivemq-platform] [hivemq-platform-operator] [b0795f9a] 	at io.javaoperatorsdk.operator.processing.dependent.AbstractDependentResource.reconcile(AbstractDependentResource.java:52)
2025-01-29 22:17:50,146 INFO c.h.h.t.HelmChartContainer - [hivemq-test-hivemq-platform] [hivemq-platform-operator] [b0795f9a] 	at com.hivemq.platform.operator.dependants.PodInfoConfigMap.reconcile(PodInfoConfigMap.java:74)
2025-01-29 22:17:50,146 INFO c.h.h.t.HelmChartContainer - [hivemq-test-hivemq-platform] [hivemq-platform-operator] [b0795f9a] 	at com.hivemq.platform.operator.dependants.PodInfoConfigMap.reconcile(PodInfoConfigMap.java:39)
2025-01-29 22:17:50,146 INFO c.h.h.t.HelmChartContainer - [hivemq-test-hivemq-platform] [hivemq-platform-operator] [b0795f9a] 	at io.javaoperatorsdk.operator.processing.dependent.workflow.WorkflowReconcileExecutor$NodeReconcileExecutor.doRun(WorkflowReconcileExecutor.java:123)
2025-01-29 22:17:50,146 INFO c.h.h.t.HelmChartContainer - [hivemq-test-hivemq-platform] [hivemq-platform-operator] [b0795f9a] 	at io.javaoperatorsdk.operator.processing.dependent.workflow.NodeExecutor.run(NodeExecutor.java:22)
2025-01-29 22:17:50,146 INFO c.h.h.t.HelmChartContainer - [hivemq-test-hivemq-platform] [hivemq-platform-operator] [b0795f9a] 	at java.base/java.util.concurrent.Executors$RunnableAdapter.call(Unknown Source)
2025-01-29 22:17:50,146 INFO c.h.h.t.HelmChartContainer - [hivemq-test-hivemq-platform] [hivemq-platform-operator] [b0795f9a] 	at java.base/java.util.concurrent.FutureTask.run(Unknown Source)
2025-01-29 22:17:50,146 INFO c.h.h.t.HelmChartContainer - [hivemq-test-hivemq-platform] [hivemq-platform-operator] [b0795f9a] 	at java.base/java.util.concurrent.ThreadPoolExecutor.runWorker(Unknown Source)
2025-01-29 22:17:50,146 INFO c.h.h.t.HelmChartContainer - [hivemq-test-hivemq-platform] [hivemq-platform-operator] [b0795f9a] 	at java.base/java.util.concurrent.ThreadPoolExecutor$Worker.run(Unknown Source)
2025-01-29 22:17:50,146 INFO c.h.h.t.HelmChartContainer - [hivemq-test-hivemq-platform] [hivemq-platform-operator] [b0795f9a] 	at java.base/java.lang.Thread.run(Unknown Source)
2025-01-29 22:17:50,146 INFO c.h.h.t.HelmChartContainer - [hivemq-test-hivemq-platform] [hivemq-platform-operator] [b0795f9a] Caused by: io.fabric8.kubernetes.client.KubernetesClientException: Failure executing: PUT at: https://10.43.0.1:443/api/v1/namespaces/helmadditionalvolumesit/configmaps/hivemq-platform-test-hivemq-platform-dynamic-state. Message: Operation cannot be fulfilled on configmaps "hivemq-platform-test-hivemq-platform-dynamic-state": StorageError: invalid object, Code: 4, Key: /registry/configmaps/helmadditionalvolumesit/hivemq-platform-test-hivemq-platform-dynamic-state, ResourceVersion: 0, AdditionalErrorMsg: Precondition failed: UID in precondition: 9c330212-49c4-4b41-a670-6bca5455b235, UID in object meta: . Received status: Status(apiVersion=v1, code=409, details=StatusDetails(causes=[], group=null, kind=configmaps, name=hivemq-platform-test-hivemq-platform-dynamic-state, retryAfterSeconds=null, uid=null, additionalProperties={}), kind=Status, message=Operation cannot be fulfilled on configmaps "hivemq-platform-test-hivemq-platform-dynamic-state": StorageError: invalid object, Code: 4, Key: /registry/configmaps/helmadditionalvolumesit/hivemq-platform-test-hivemq-platform-dynamic-state, ResourceVersion: 0, AdditionalErrorMsg: Precondition failed: UID in precondition: 9c330212-49c4-4b41-a670-6bca5455b235, UID in object meta: , metadata=ListMeta(_continue=null, remainingItemCount=null, resourceVersion=null, selfLink=null, additionalProperties={}), reason=Conflict, status=Failure, additionalProperties={}).
2025-01-29 22:17:50,146 INFO c.h.h.t.HelmChartContainer - [hivemq-test-hivemq-platform] [hivemq-platform-operator] [b0795f9a] 	at io.fabric8.kubernetes.client.dsl.internal.OperationSupport.requestFailure(OperationSupport.java:660)
2025-01-29 22:17:50,146 INFO c.h.h.t.HelmChartContainer - [hivemq-test-hivemq-platform] [hivemq-platform-operator] [b0795f9a] 	at io.fabric8.kubernetes.client.dsl.internal.OperationSupport.requestFailure(OperationSupport.java:640)
2025-01-29 22:17:50,146 INFO c.h.h.t.HelmChartContainer - [hivemq-test-hivemq-platform] [hivemq-platform-operator] [b0795f9a] 	at io.fabric8.kubernetes.client.dsl.internal.OperationSupport.assertResponseCode(OperationSupport.java:589)
2025-01-29 22:17:50,146 INFO c.h.h.t.HelmChartContainer - [hivemq-test-hivemq-platform] [hivemq-platform-operator] [b0795f9a] 	at io.fabric8.kubernetes.client.dsl.internal.OperationSupport.lambda$handleResponse$0(OperationSupport.java:549)
2025-01-29 22:17:50,146 INFO c.h.h.t.HelmChartContainer - [hivemq-test-hivemq-platform] [hivemq-platform-operator] [b0795f9a] 	at java.base/java.util.concurrent.CompletableFuture$UniApply.tryFire(Unknown Source)
2025-01-29 22:17:50,146 INFO c.h.h.t.HelmChartContainer - [hivemq-test-hivemq-platform] [hivemq-platform-operator] [b0795f9a] 	at java.base/java.util.concurrent.CompletableFuture.postComplete(Unknown Source)
2025-01-29 22:17:50,146 INFO c.h.h.t.HelmChartContainer - [hivemq-test-hivemq-platform] [hivemq-platform-operator] [b0795f9a] 	at java.base/java.util.concurrent.CompletableFuture.complete(Unknown Source)
2025-01-29 22:17:50,146 INFO c.h.h.t.HelmChartContainer - [hivemq-test-hivemq-platform] [hivemq-platform-operator] [b0795f9a] 	at io.fabric8.kubernetes.client.http.StandardHttpClient.lambda$completeOrCancel$10(StandardHttpClient.java:141)
2025-01-29 22:17:50,146 INFO c.h.h.t.HelmChartContainer - [hivemq-test-hivemq-platform] [hivemq-platform-operator] [b0795f9a] 	at java.base/java.util.concurrent.CompletableFuture.uniWhenComplete(Unknown Source)
2025-01-29 22:17:50,146 INFO c.h.h.t.HelmChartContainer - [hivemq-test-hivemq-platform] [hivemq-platform-operator] [b0795f9a] 	at java.base/java.util.concurrent.CompletableFuture$UniWhenComplete.tryFire(Unknown Source)
2025-01-29 22:17:50,146 INFO c.h.h.t.HelmChartContainer - [hivemq-test-hivemq-platform] [hivemq-platform-operator] [b0795f9a] 	at java.base/java.util.concurrent.CompletableFuture.postComplete(Unknown Source)
2025-01-29 22:17:50,146 INFO c.h.h.t.HelmChartContainer - [hivemq-test-hivemq-platform] [hivemq-platform-operator] [b0795f9a] 	at java.base/java.util.concurrent.CompletableFuture.complete(Unknown Source)
2025-01-29 22:17:50,146 INFO c.h.h.t.HelmChartContainer - [hivemq-test-hivemq-platform] [hivemq-platform-operator] [b0795f9a] 	at io.fabric8.kubernetes.client.http.ByteArrayBodyHandler.onBodyDone(ByteArrayBodyHandler.java:51)
2025-01-29 22:17:50,146 INFO c.h.h.t.HelmChartContainer - [hivemq-test-hivemq-platform] [hivemq-platform-operator] [b0795f9a] 	at java.base/java.util.concurrent.CompletableFuture.uniWhenComplete(Unknown Source)
2025-01-29 22:17:50,146 INFO c.h.h.t.HelmChartContainer - [hivemq-test-hivemq-platform] [hivemq-platform-operator] [b0795f9a] 	at java.base/java.util.concurrent.CompletableFuture$UniWhenComplete.tryFire(Unknown Source)
2025-01-29 22:17:50,146 INFO c.h.h.t.HelmChartContainer - [hivemq-test-hivemq-platform] [hivemq-platform-operator] [b0795f9a] 	at java.base/java.util.concurrent.CompletableFuture.postComplete(Unknown Source)
2025-01-29 22:17:50,146 INFO c.h.h.t.HelmChartContainer - [hivemq-test-hivemq-platform] [hivemq-platform-operator] [b0795f9a] 	at java.base/java.util.concurrent.CompletableFuture.complete(Unknown Source)
2025-01-29 22:17:50,146 INFO c.h.h.t.HelmChartContainer - [hivemq-test-hivemq-platform] [hivemq-platform-operator] [b0795f9a] 	at io.fabric8.kubernetes.client.vertx.VertxHttpRequest.lambda$null$1(VertxHttpRequest.java:121)
2025-01-29 22:17:50,146 INFO c.h.h.t.HelmChartContainer - [hivemq-test-hivemq-platform] [hivemq-platform-operator] [b0795f9a] 	at io.vertx.core.impl.ContextInternal.dispatch(ContextInternal.java:279)
2025-01-29 22:17:50,146 INFO c.h.h.t.HelmChartContainer - [hivemq-test-hivemq-platform] [hivemq-platform-operator] [b0795f9a] 	at io.vertx.core.impl.ContextInternal.dispatch(ContextInternal.java:261)
2025-01-29 22:17:50,146 INFO c.h.h.t.HelmChartContainer - [hivemq-test-hivemq-platform] [hivemq-platform-operator] [b0795f9a] 	at io.vertx.core.http.impl.HttpEventHandler.handleEnd(HttpEventHandler.java:76)
2025-01-29 22:17:50,146 INFO c.h.h.t.HelmChartContainer - [hivemq-test-hivemq-platform] [hivemq-platform-operator] [b0795f9a] 	at io.vertx.core.http.impl.HttpClientResponseImpl.handleEnd(HttpClientResponseImpl.java:250)
2025-01-29 22:17:50,147 INFO c.h.h.t.HelmChartContainer - [hivemq-test-hivemq-platform] [hivemq-platform-operator] [b0795f9a] 	at io.vertx.core.http.impl.Http1xClientConnection$StreamImpl.lambda$new$0(Http1xClientConnection.java:421)
2025-01-29 22:17:50,147 INFO c.h.h.t.HelmChartContainer - [hivemq-test-hivemq-platform] [hivemq-platform-operator] [b0795f9a] 	at io.vertx.core.streams.impl.InboundBuffer.handleEvent(InboundBuffer.java:279)
2025-01-29 22:17:50,147 INFO c.h.h.t.HelmChartContainer - [hivemq-test-hivemq-platform] [hivemq-platform-operator] [b0795f9a] 	at io.vertx.core.streams.impl.InboundBuffer.write(InboundBuffer.java:157)
2025-01-29 22:17:50,147 INFO c.h.h.t.HelmChartContainer - [hivemq-test-hivemq-platform] [hivemq-platform-operator] [b0795f9a] 	at io.vertx.core.http.impl.Http1xClientConnection$StreamImpl.handleEnd(Http1xClientConnection.java:709)
2025-01-29 22:17:50,147 INFO c.h.h.t.HelmChartContainer - [hivemq-test-hivemq-platform] [hivemq-platform-operator] [b0795f9a] 	at io.vertx.core.impl.ContextImpl.execute(ContextImpl.java:313)
2025-01-29 22:17:50,147 INFO c.h.h.t.HelmChartContainer - [hivemq-test-hivemq-platform] [hivemq-platform-operator] [b0795f9a] 	at io.vertx.core.impl.ContextImpl.execute(ContextImpl.java:293)
2025-01-29 22:17:50,147 INFO c.h.h.t.HelmChartContainer - [hivemq-test-hivemq-platform] [hivemq-platform-operator] [b0795f9a] 	at io.vertx.core.http.impl.Http1xClientConnection.handleResponseEnd(Http1xClientConnection.java:940)
2025-01-29 22:17:50,147 INFO c.h.h.t.HelmChartContainer - [hivemq-test-hivemq-platform] [hivemq-platform-operator] [b0795f9a] 	at io.vertx.core.http.impl.Http1xClientConnection.handleHttpMessage(Http1xClientConnection.java:810)
2025-01-29 22:17:50,147 INFO c.h.h.t.HelmChartContainer - [hivemq-test-hivemq-platform] [hivemq-platform-operator] [b0795f9a] 	at io.vertx.core.http.impl.Http1xClientConnection.handleMessage(Http1xClientConnection.java:774)
2025-01-29 22:17:50,147 INFO c.h.h.t.HelmChartContainer - [hivemq-test-hivemq-platform] [hivemq-platform-operator] [b0795f9a] 	at io.vertx.core.net.impl.ConnectionBase.read(ConnectionBase.java:159)
2025-01-29 22:17:50,147 INFO c.h.h.t.HelmChartContainer - [hivemq-test-hivemq-platform] [hivemq-platform-operator] [b0795f9a] 	at io.vertx.core.net.impl.VertxHandler.channelRead(VertxHandler.java:153)
2025-01-29 22:17:50,147 INFO c.h.h.t.HelmChartContainer - [hivemq-test-hivemq-platform] [hivemq-platform-operator] [b0795f9a] 	at io.netty.channel.AbstractChannelHandlerContext.invokeChannelRead(AbstractChannelHandlerContext.java:442)
2025-01-29 22:17:50,147 INFO c.h.h.t.HelmChartContainer - [hivemq-test-hivemq-platform] [hivemq-platform-operator] [b0795f9a] 	at io.netty.channel.AbstractChannelHandlerContext.invokeChannelRead(AbstractChannelHandlerContext.java:420)
2025-01-29 22:17:50,148 INFO c.h.h.t.HelmChartContainer - [hivemq-test-hivemq-platform] [hivemq-platform-operator] [b0795f9a] 	at io.netty.channel.AbstractChannelHandlerContext.fireChannelRead(AbstractChannelHandlerContext.java:412)
2025-01-29 22:17:50,148 INFO c.h.h.t.HelmChartContainer - [hivemq-test-hivemq-platform] [hivemq-platform-operator] [b0795f9a] 	at io.netty.channel.CombinedChannelDuplexHandler$DelegatingChannelHandlerContext.fireChannelRead(CombinedChannelDuplexHandler.java:436)
2025-01-29 22:17:50,148 INFO c.h.h.t.HelmChartContainer - [hivemq-test-hivemq-platform] [hivemq-platform-operator] [b0795f9a] 	at io.netty.handler.codec.ByteToMessageDecoder.fireChannelRead(ByteToMessageDecoder.java:346)
2025-01-29 22:17:50,148 INFO c.h.h.t.HelmChartContainer - [hivemq-test-hivemq-platform] [hivemq-platform-operator] [b0795f9a] 	at io.netty.handler.codec.ByteToMessageDecoder.channelRead(ByteToMessageDecoder.java:318)
2025-01-29 22:17:50,148 INFO c.h.h.t.HelmChartContainer - [hivemq-test-hivemq-platform] [hivemq-platform-operator] [b0795f9a] 	at io.netty.channel.CombinedChannelDuplexHandler.channelRead(CombinedChannelDuplexHandler.java:251)
2025-01-29 22:17:50,148 INFO c.h.h.t.HelmChartContainer - [hivemq-test-hivemq-platform] [hivemq-platform-operator] [b0795f9a] 	at io.netty.channel.AbstractChannelHandlerContext.invokeChannelRead(AbstractChannelHandlerContext.java:442)
2025-01-29 22:17:50,148 INFO c.h.h.t.HelmChartContainer - [hivemq-test-hivemq-platform] [hivemq-platform-operator] [b0795f9a] 	at io.netty.channel.AbstractChannelHandlerContext.invokeChannelRead(AbstractChannelHandlerContext.java:420)
2025-01-29 22:17:50,148 INFO c.h.h.t.HelmChartContainer - [hivemq-test-hivemq-platform] [hivemq-platform-operator] [b0795f9a] 	at io.netty.channel.AbstractChannelHandlerContext.fireChannelRead(AbstractChannelHandlerContext.java:412)
2025-01-29 22:17:50,148 INFO c.h.h.t.HelmChartContainer - [hivemq-test-hivemq-platform] [hivemq-platform-operator] [b0795f9a] 	at io.netty.handler.ssl.SslHandler.unwrap(SslHandler.java:1475)
2025-01-29 22:17:50,148 INFO c.h.h.t.HelmChartContainer - [hivemq-test-hivemq-platform] [hivemq-platform-operator] [b0795f9a] 	at io.netty.handler.ssl.SslHandler.decodeJdkCompatible(SslHandler.java:1338)
2025-01-29 22:17:50,148 INFO c.h.h.t.HelmChartContainer - [hivemq-test-hivemq-platform] [hivemq-platform-operator] [b0795f9a] 	at io.netty.handler.ssl.SslHandler.decode(SslHandler.java:1387)
2025-01-29 22:17:50,148 INFO c.h.h.t.HelmChartContainer - [hivemq-test-hivemq-platform] [hivemq-platform-operator] [b0795f9a] 	at io.netty.handler.codec.ByteToMessageDecoder.decodeRemovalReentryProtection(ByteToMessageDecoder.java:530)
2025-01-29 22:17:50,148 INFO c.h.h.t.HelmChartContainer - [hivemq-test-hivemq-platform] [hivemq-platform-operator] [b0795f9a] 	at io.netty.handler.codec.ByteToMessageDecoder.callDecode(ByteToMessageDecoder.java:469)
2025-01-29 22:17:50,148 INFO c.h.h.t.HelmChartContainer - [hivemq-test-hivemq-platform] [hivemq-platform-operator] [b0795f9a] 	at io.netty.handler.codec.ByteToMessageDecoder.channelRead(ByteToMessageDecoder.java:290)
2025-01-29 22:17:50,148 INFO c.h.h.t.HelmChartContainer - [hivemq-test-hivemq-platform] [hivemq-platform-operator] [b0795f9a] 	at io.netty.channel.AbstractChannelHandlerContext.invokeChannelRead(AbstractChannelHandlerContext.java:444)
2025-01-29 22:17:50,148 INFO c.h.h.t.HelmChartContainer - [hivemq-test-hivemq-platform] [hivemq-platform-operator] [b0795f9a] 	at io.netty.channel.AbstractChannelHandlerContext.invokeChannelRead(AbstractChannelHandlerContext.java:420)
2025-01-29 22:17:50,148 INFO c.h.h.t.HelmChartContainer - [hivemq-test-hivemq-platform] [hivemq-platform-operator] [b0795f9a] 	at io.netty.channel.AbstractChannelHandlerContext.fireChannelRead(AbstractChannelHandlerContext.java:412)
2025-01-29 22:17:50,148 INFO c.h.h.t.HelmChartContainer - [hivemq-test-hivemq-platform] [hivemq-platform-operator] [b0795f9a] 	at io.netty.channel.DefaultChannelPipeline$HeadContext.channelRead(DefaultChannelPipeline.java:1407)
2025-01-29 22:17:50,148 INFO c.h.h.t.HelmChartContainer - [hivemq-test-hivemq-platform] [hivemq-platform-operator] [b0795f9a] 	at io.netty.channel.AbstractChannelHandlerContext.invokeChannelRead(AbstractChannelHandlerContext.java:440)
2025-01-29 22:17:50,148 INFO c.h.h.t.HelmChartContainer - [hivemq-test-hivemq-platform] [hivemq-platform-operator] [b0795f9a] 	at io.netty.channel.AbstractChannelHandlerContext.invokeChannelRead(AbstractChannelHandlerContext.java:420)
2025-01-29 22:17:50,148 INFO c.h.h.t.HelmChartContainer - [hivemq-test-hivemq-platform] [hivemq-platform-operator] [b0795f9a] 	at io.netty.channel.DefaultChannelPipeline.fireChannelRead(DefaultChannelPipeline.java:918)
2025-01-29 22:17:50,148 INFO c.h.h.t.HelmChartContainer - [hivemq-test-hivemq-platform] [hivemq-platform-operator] [b0795f9a] 	at io.netty.channel.nio.AbstractNioByteChannel$NioByteUnsafe.read(AbstractNioByteChannel.java:166)
2025-01-29 22:17:50,148 INFO c.h.h.t.HelmChartContainer - [hivemq-test-hivemq-platform] [hivemq-platform-operator] [b0795f9a] 	at io.netty.channel.nio.NioEventLoop.processSelectedKey(NioEventLoop.java:788)
2025-01-29 22:17:50,148 INFO c.h.h.t.HelmChartContainer - [hivemq-test-hivemq-platform] [hivemq-platform-operator] [b0795f9a] 	at io.netty.channel.nio.NioEventLoop.processSelectedKeysOptimized(NioEventLoop.java:724)
2025-01-29 22:17:50,148 INFO c.h.h.t.HelmChartContainer - [hivemq-test-hivemq-platform] [hivemq-platform-operator] [b0795f9a] 	at io.netty.channel.nio.NioEventLoop.processSelectedKeys(NioEventLoop.java:650)
2025-01-29 22:17:50,148 INFO c.h.h.t.HelmChartContainer - [hivemq-test-hivemq-platform] [hivemq-platform-operator] [b0795f9a] 	at io.netty.channel.nio.NioEventLoop.run(NioEventLoop.java:562)
2025-01-29 22:17:50,148 INFO c.h.h.t.HelmChartContainer - [hivemq-test-hivemq-platform] [hivemq-platform-operator] [b0795f9a] 	at io.netty.util.concurrent.SingleThreadEventExecutor$4.run(SingleThreadEventExecutor.java:997)
2025-01-29 22:17:50,148 INFO c.h.h.t.HelmChartContainer - [hivemq-test-hivemq-platform] [hivemq-platform-operator] [b0795f9a] 	at io.netty.util.internal.ThreadExecutorMap$2.run(ThreadExecutorMap.java:74)
2025-01-29 22:17:50,148 INFO c.h.h.t.HelmChartContainer - [hivemq-test-hivemq-platform] [hivemq-platform-operator] [b0795f9a] 	at io.netty.util.concurrent.FastThreadLocalRunnable.run(FastThreadLocalRunnable.java:30)
2025-01-29 22:17:50,148 INFO c.h.h.t.HelmChartContainer - [hivemq-test-hivemq-platform] [hivemq-platform-operator] [b0795f9a] 	... 1 more
2025-01-29 22:17:50,148 INFO c.h.h.t.HelmChartContainer - [hivemq-test-hivemq-platform] [hivemq-platform-operator] [b0795f9a] 
2025-01-29 22:17:50,148 INFO c.h.h.t.HelmChartContainer - [hivemq-test-hivemq-platform] [hivemq-platform-operator] [b0795f9a] 	at io.javaoperatorsdk.operator.processing.dependent.workflow.WorkflowResult.throwAggregateExceptionIfErrorsPresent(WorkflowResult.java:54)
2025-01-29 22:17:50,148 INFO c.h.h.t.HelmChartContainer - [hivemq-test-hivemq-platform] [hivemq-platform-operator] [b0795f9a] 	at io.javaoperatorsdk.operator.processing.dependent.workflow.WorkflowReconcileResult.throwAggregateExceptionIfErrorsPresent(WorkflowReconcileResult.java:9)
2025-01-29 22:17:50,148 INFO c.h.h.t.HelmChartContainer - [hivemq-test-hivemq-platform] [hivemq-platform-operator] [b0795f9a] 	at io.javaoperatorsdk.operator.processing.dependent.workflow.DefaultWorkflow.reconcile(DefaultWorkflow.java:98)
2025-01-29 22:17:50,148 INFO c.h.h.t.HelmChartContainer - [hivemq-test-hivemq-platform] [hivemq-platform-operator] [b0795f9a] 	at io.javaoperatorsdk.operator.processing.Controller$1.execute(Controller.java:147)
2025-01-29 22:17:50,148 INFO c.h.h.t.HelmChartContainer - [hivemq-test-hivemq-platform] [hivemq-platform-operator] [b0795f9a] 	at io.javaoperatorsdk.operator.processing.Controller$1.execute(Controller.java:110)
2025-01-29 22:17:50,148 INFO c.h.h.t.HelmChartContainer - [hivemq-test-hivemq-platform] [hivemq-platform-operator] [b0795f9a] 	at io.javaoperatorsdk.operator.monitoring.micrometer.MicrometerMetrics.lambda$timeControllerExecution$0(MicrometerMetrics.java:163)
2025-01-29 22:17:50,148 INFO c.h.h.t.HelmChartContainer - [hivemq-test-hivemq-platform] [hivemq-platform-operator] [b0795f9a] 	... 11 common frames omitted
2025-01-29 22:17:50,148 INFO c.h.h.t.HelmChartContainer - [hivemq-test-hivemq-platform] [hivemq-platform-operator] [b0795f9a] 22:17:50.139 [ReconcilerExecutor-hivemq-controller-126] INFO  c.h.p.o.HiveMQPlatformReconciler - [helmaddi] Cleanup test-hivemq-platform - helmadditionalvolumesit HiveMQ Platform is shut down
2025-01-29 22:17:50,418 INFO c.h.h.t.HelmChartContainer - [POD] test-hivemq-platform-0 [66943bc7-6f99-4dff-82c1-20edd359a458] in helmadditionalvolumesit was MODIFIED
2025-01-29 22:17:50,419 INFO c.h.h.t.HelmChartContainer - [EVENT] Normal [Killing] Stopping container hivemq [helmadditionalvolumesit:test-hivemq-platform-0]
2025-01-29 22:17:50,419 INFO c.h.h.t.HelmChartContainer - Received Killing event for container hivemq in pod test-hivemq-platform-0 [66943bc7-6f99-4dff-82c1-20edd359a458]
2025-01-29 22:17:50,419 INFO c.h.h.t.HelmChartContainer - Container [test-hivemq-platform-0] [hivemq] [66943bc7-6f99-4dff-82c1-20edd359a458] was terminated
2025-01-29 22:17:50,419 INFO c.h.h.t.HelmChartContainer - Stopped log watcher for hivemq in pod test-hivemq-platform-0 [66943bc7-6f99-4dff-82c1-20edd359a458]
2025-01-29 22:17:50,439 INFO c.h.h.t.HelmChartContainer - [test-hivemq-platform] [hivemq] [66943bc7] INFO  - [HiveMQ Platform Operator Init App 1.7.0-SNAPSHOT] Shutting down
2025-01-29 22:17:50,439 INFO c.h.h.t.HelmChartContainer - [test-hivemq-platform] [hivemq] [66943bc7] INFO  - [HiveMQ Platform Operator Init App 1.7.0-SNAPSHOT] Stopping the HiveMQ Platform
2025-01-29 22:17:50,551 INFO c.h.h.t.HelmChartContainer - [test-hivemq-platform] [hivemq] [66943bc7] INFO  - Shutting down HiveMQ. Please wait, this could take a while...
2025-01-29 22:17:50,626 INFO c.h.h.t.HelmChartContainer - [test-hivemq-platform] [hivemq] [66943bc7] INFO  - Shutting down listeners and clients
2025-01-29 22:17:50,627 INFO c.h.h.t.HelmChartContainer - [test-hivemq-platform] [hivemq] [66943bc7] INFO  - Shutdown of listeners is done
2025-01-29 22:17:50,627 INFO c.h.h.t.HelmChartContainer - [test-hivemq-platform] [hivemq] [66943bc7] INFO  - No clients are connected, proceeding with shutdown
2025-01-29 22:17:52,019 INFO c.h.h.t.HelmChartContainer - Deleting namespace 'helmadditionalvolumesit'...
2025-01-29 22:17:52,471 INFO c.h.h.t.HelmChartContainer - [test-hivemq-platform] [hivemq] [66943bc7] INFO  - [HiveMQ Platform Operator Init App 1.7.0-SNAPSHOT] Returning shutdown Health API response 503 for readiness
2025-01-29 22:17:52,475 INFO c.h.h.t.HelmChartContainer - [EVENT] Warning [Unhealthy] Readiness probe failed: HTTP probe failed with statuscode: 503 [helmadditionalvolumesit:test-hivemq-platform-0]
2025-01-29 22:17:52,475 INFO c.h.h.t.HelmChartContainer - Received Unhealthy event for container hivemq in pod test-hivemq-platform-0 [66943bc7-6f99-4dff-82c1-20edd359a458]
2025-01-29 22:17:52,964 INFO c.h.h.t.HelmChartContainer - [K3S] [authentication.go:74] "Unable to authenticate the request" err="[invalid bearer token, serviceaccounts \"hivemq-platform-pod-test-hivemq-platform\" not found]"
2025-01-29 22:17:52,982 INFO c.h.h.t.HelmChartContainer - [K3S] [authentication.go:74] "Unable to authenticate the request" err="[invalid bearer token, serviceaccounts \"hivemq-platform-pod-test-hivemq-platform\" not found]"
2025-01-29 22:17:53,047 INFO c.h.h.t.HelmChartContainer - [test-hivemq-platform] [hivemq] [66943bc7] WARN  - [HiveMQ Platform Operator Init App 1.7.0-SNAPSHOT] Could not update Pod annotations: Failure executing: GET at: https://10.43.0.1:443/api/v1/namespaces/helmadditionalvolumesit/pods/test-hivemq-platform-0. Message: Unauthorized. Received status: Status(apiVersion=v1, code=401, details=null, kind=Status, message=Unauthorized, metadata=ListMeta(_continue=null, remainingItemCount=null, resourceVersion=null, selfLink=null, additionalProperties={}), reason=Unauthorized, status=Failure, additionalProperties={}).
2025-01-29 22:17:53,949 INFO c.h.h.t.HelmChartContainer - [test-hivemq-platform] [hivemq] [66943bc7] INFO  - Shutting down extension system
2025-01-29 22:17:53,951 INFO c.h.h.t.HelmChartContainer - [test-hivemq-platform] [hivemq] [66943bc7] INFO  - Stopping extension with id hivemq-dns-cluster-discovery
2025-01-29 22:17:53,951 INFO c.h.h.t.HelmChartContainer - [test-hivemq-platform] [hivemq] [66943bc7] INFO  - Extension "DNS Cluster Discovery Extension" version 4.3.2 stopped successfully.
2025-01-29 22:17:53,952 INFO c.h.h.t.HelmChartContainer - [test-hivemq-platform] [hivemq] [66943bc7] INFO  - Stopping extension with id hivemq-prometheus-extension
2025-01-29 22:17:53,956 INFO c.h.h.t.HelmChartContainer - [test-hivemq-platform] [hivemq] [66943bc7] INFO  - Extension "Prometheus Monitoring Extension" version 4.0.12 stopped successfully.
2025-01-29 22:17:53,956 INFO c.h.h.t.HelmChartContainer - [test-hivemq-platform] [hivemq] [66943bc7] INFO  - Stopping extension with id hivemq-allow-all-extension
2025-01-29 22:17:53,957 INFO c.h.h.t.HelmChartContainer - [test-hivemq-platform] [hivemq] [66943bc7] INFO  - Extension "Allow All Extension" version 1.1.1 stopped successfully.
2025-01-29 22:17:56,245 INFO c.h.h.t.HelmChartContainer - [test-hivemq-platform] [hivemq] [66943bc7] INFO  - Shutdown completed.
2025-01-29 22:17:56,254 INFO c.h.h.t.HelmChartContainer - [K3S] [scope.go:117] "RemoveContainer" containerID="00d186f0de1fb7e9743977afa280b5b72cb4d91c660430e57cf0b39a98a3df61"
2025-01-29 22:17:56,592 INFO c.h.h.t.HelmChartContainer - [test-hivemq-platform] [hivemq] [66943bc7] INFO  - [HiveMQ Platform Operator Init App 1.7.0-SNAPSHOT] The HiveMQ Platform exited with code 143
2025-01-29 22:17:56,592 INFO c.h.h.t.HelmChartContainer - [test-hivemq-platform] [hivemq] [66943bc7] INFO  - [HiveMQ Platform Operator Init App 1.7.0-SNAPSHOT] Stopping the REST API
2025-01-29 22:17:56,603 INFO c.h.h.t.HelmChartContainer - [test-hivemq-platform] [hivemq] [66943bc7] INFO  - [HiveMQ Platform Operator Init App 1.7.0-SNAPSHOT] Shutdown complete
2025-01-29 22:17:57,048 INFO c.h.h.t.HelmChartContainer - [POD] test-hivemq-platform-0 [66943bc7-6f99-4dff-82c1-20edd359a458] in helmadditionalvolumesit was MODIFIED
2025-01-29 22:17:57,048 INFO c.h.h.t.HelmChartContainer - [K3S] [stateful_set.go:438] "Unhandled Error" err="error syncing StatefulSet helmadditionalvolumesit/test-hivemq-platform, requeuing: controllerrevisions.apps \"test-hivemq-platform-5d4d897885\" is forbidden: unable to create new content in namespace helmadditionalvolumesit because it is being terminated"
2025-01-29 22:17:57,055 INFO c.h.h.t.HelmChartContainer - [K3S] [stateful_set.go:438] "Unhandled Error" err="error syncing StatefulSet helmadditionalvolumesit/test-hivemq-platform, requeuing: controllerrevisions.apps \"test-hivemq-platform-5d4d897885\" is forbidden: unable to create new content in namespace helmadditionalvolumesit because it is being terminated"
2025-01-29 22:17:57,068 INFO c.h.h.t.HelmChartContainer - [K3S] [stateful_set.go:438] "Unhandled Error" err="error syncing StatefulSet helmadditionalvolumesit/test-hivemq-platform, requeuing: controllerrevisions.apps \"test-hivemq-platform-5d4d897885\" is forbidden: unable to create new content in namespace helmadditionalvolumesit because it is being terminated"
2025-01-29 22:17:57,073 INFO c.h.h.t.HelmChartContainer - [K3S] [stateful_set.go:466] "StatefulSet has been deleted" key="helmadditionalvolumesit/test-hivemq-platform"
2025-01-29 22:17:57,089 INFO c.h.h.t.HelmChartContainer - [K3S] [stateful_set.go:466] "StatefulSet has been deleted" key="helmadditionalvolumesit/test-hivemq-platform"
2025-01-29 22:17:57,133 INFO c.h.h.t.HelmChartContainer - [K3S] [reconciler_common.go:162] "operationExecutor.UnmountVolume started for volume \"test-mount-volume\" (UniqueName: \"kubernetes.io/configmap/66943bc7-6f99-4dff-82c1-20edd359a458-test-mount-volume\") pod \"66943bc7-6f99-4dff-82c1-20edd359a458\" (UID: \"66943bc7-6f99-4dff-82c1-20edd359a458\") "
2025-01-29 22:17:57,133 INFO c.h.h.t.HelmChartContainer - [K3S] [reconciler_common.go:162] "operationExecutor.UnmountVolume started for volume \"broker-configuration\" (UniqueName: \"kubernetes.io/configmap/66943bc7-6f99-4dff-82c1-20edd359a458-broker-configuration\") pod \"66943bc7-6f99-4dff-82c1-20edd359a458\" (UID: \"66943bc7-6f99-4dff-82c1-20edd359a458\") "
2025-01-29 22:17:57,135 INFO c.h.h.t.HelmChartContainer - [K3S] [reconciler_common.go:162] "operationExecutor.UnmountVolume started for volume \"pod-info\" (UniqueName: \"kubernetes.io/configmap/66943bc7-6f99-4dff-82c1-20edd359a458-pod-info\") pod \"66943bc7-6f99-4dff-82c1-20edd359a458\" (UID: \"66943bc7-6f99-4dff-82c1-20edd359a458\") "
2025-01-29 22:17:57,135 INFO c.h.h.t.HelmChartContainer - [K3S] [reconciler_common.go:162] "operationExecutor.UnmountVolume started for volume \"test-persistent-volume-claim\" (UniqueName: \"kubernetes.io/local-volume/pvc-b894bbfb-e860-43aa-acf5-d8e6d354f6be\") pod \"66943bc7-6f99-4dff-82c1-20edd359a458\" (UID: \"66943bc7-6f99-4dff-82c1-20edd359a458\") "
2025-01-29 22:17:57,135 INFO c.h.h.t.HelmChartContainer - [K3S] [reconciler_common.go:162] "operationExecutor.UnmountVolume started for volume \"test-empty-dir-volume\" (UniqueName: \"kubernetes.io/empty-dir/66943bc7-6f99-4dff-82c1-20edd359a458-test-empty-dir-volume\") pod \"66943bc7-6f99-4dff-82c1-20edd359a458\" (UID: \"66943bc7-6f99-4dff-82c1-20edd359a458\") "
2025-01-29 22:17:57,135 INFO c.h.h.t.HelmChartContainer - [K3S] [reconciler_common.go:162] "operationExecutor.UnmountVolume started for volume \"test-secret-volume\" (UniqueName: \"kubernetes.io/secret/66943bc7-6f99-4dff-82c1-20edd359a458-test-secret-volume\") pod \"66943bc7-6f99-4dff-82c1-20edd359a458\" (UID: \"66943bc7-6f99-4dff-82c1-20edd359a458\") "
2025-01-29 22:17:57,136 INFO c.h.h.t.HelmChartContainer - [K3S] [reconciler_common.go:162] "operationExecutor.UnmountVolume started for volume \"operator-init\" (UniqueName: \"kubernetes.io/empty-dir/66943bc7-6f99-4dff-82c1-20edd359a458-operator-init\") pod \"66943bc7-6f99-4dff-82c1-20edd359a458\" (UID: \"66943bc7-6f99-4dff-82c1-20edd359a458\") "
2025-01-29 22:17:57,136 INFO c.h.h.t.HelmChartContainer - [K3S] [reconciler_common.go:162] "operationExecutor.UnmountVolume started for volume \"kube-api-access-96fc8\" (UniqueName: \"kubernetes.io/projected/66943bc7-6f99-4dff-82c1-20edd359a458-kube-api-access-96fc8\") pod \"66943bc7-6f99-4dff-82c1-20edd359a458\" (UID: \"66943bc7-6f99-4dff-82c1-20edd359a458\") "
2025-01-29 22:17:57,208 INFO c.h.h.t.HelmChartContainer - [K3S] [namespace_controller.go:164] "Unhandled Error" err="deletion of namespace helmadditionalvolumesit failed: unexpected items still remain in namespace: helmadditionalvolumesit for gvr: /v1, Resource=pods"
2025-01-29 22:17:57,235 INFO c.h.h.t.HelmChartContainer - [K3S] [reconciler_common.go:299] "Volume detached for volume \"test-secret-volume\" (UniqueName: \"kubernetes.io/secret/66943bc7-6f99-4dff-82c1-20edd359a458-test-secret-volume\") on node \"3186397976b0\" DevicePath \"\""
2025-01-29 22:17:57,235 INFO c.h.h.t.HelmChartContainer - [K3S] [reconciler_common.go:299] "Volume detached for volume \"operator-init\" (UniqueName: \"kubernetes.io/empty-dir/66943bc7-6f99-4dff-82c1-20edd359a458-operator-init\") on node \"3186397976b0\" DevicePath \"\""
2025-01-29 22:17:57,235 INFO c.h.h.t.HelmChartContainer - [K3S] [reconciler_common.go:299] "Volume detached for volume \"kube-api-access-96fc8\" (UniqueName: \"kubernetes.io/projected/66943bc7-6f99-4dff-82c1-20edd359a458-kube-api-access-96fc8\") on node \"3186397976b0\" DevicePath \"\""
2025-01-29 22:17:57,235 INFO c.h.h.t.HelmChartContainer - [K3S] [reconciler_common.go:299] "Volume detached for volume \"test-empty-dir-volume\" (UniqueName: \"kubernetes.io/empty-dir/66943bc7-6f99-4dff-82c1-20edd359a458-test-empty-dir-volume\") on node \"3186397976b0\" DevicePath \"\""
2025-01-29 22:17:57,235 INFO c.h.h.t.HelmChartContainer - [K3S] [reconciler_common.go:299] "Volume detached for volume \"test-mount-volume\" (UniqueName: \"kubernetes.io/configmap/66943bc7-6f99-4dff-82c1-20edd359a458-test-mount-volume\") on node \"3186397976b0\" DevicePath \"\""
2025-01-29 22:17:57,235 INFO c.h.h.t.HelmChartContainer - [K3S] [reconciler_common.go:299] "Volume detached for volume \"pod-info\" (UniqueName: \"kubernetes.io/configmap/66943bc7-6f99-4dff-82c1-20edd359a458-pod-info\") on node \"3186397976b0\" DevicePath \"\""
2025-01-29 22:17:57,235 INFO c.h.h.t.HelmChartContainer - [K3S] [reconciler_common.go:299] "Volume detached for volume \"broker-configuration\" (UniqueName: \"kubernetes.io/configmap/66943bc7-6f99-4dff-82c1-20edd359a458-broker-configuration\") on node \"3186397976b0\" DevicePath \"\""
2025-01-29 22:17:57,235 INFO c.h.h.t.HelmChartContainer - [K3S] [reconciler_common.go:292] "operationExecutor.UnmountDevice started for volume \"pvc-b894bbfb-e860-43aa-acf5-d8e6d354f6be\" (UniqueName: \"kubernetes.io/local-volume/pvc-b894bbfb-e860-43aa-acf5-d8e6d354f6be\") on node \"3186397976b0\" "
2025-01-29 22:17:57,335 INFO c.h.h.t.HelmChartContainer - [K3S] [reconciler_common.go:299] "Volume detached for volume \"pvc-b894bbfb-e860-43aa-acf5-d8e6d354f6be\" (UniqueName: \"kubernetes.io/local-volume/pvc-b894bbfb-e860-43aa-acf5-d8e6d354f6be\") on node \"3186397976b0\" DevicePath \"\""
2025-01-29 22:17:57,400 INFO c.h.h.t.HelmChartContainer - [K3S] [namespace_controller.go:164] "Unhandled Error" err="deletion of namespace helmadditionalvolumesit failed: unexpected items still remain in namespace: helmadditionalvolumesit for gvr: /v1, Resource=pods"
2025-01-29 22:17:57,501 INFO c.h.h.t.HelmChartContainer - [K3S] [namespace_controller.go:164] "Unhandled Error" err="deletion of namespace helmadditionalvolumesit failed: unexpected items still remain in namespace: helmadditionalvolumesit for gvr: /v1, Resource=pods"
2025-01-29 22:17:57,617 INFO c.h.h.t.HelmChartContainer - [K3S] [namespace_controller.go:164] "Unhandled Error" err="deletion of namespace helmadditionalvolumesit failed: unexpected items still remain in namespace: helmadditionalvolumesit for gvr: /v1, Resource=pods"
2025-01-29 22:17:57,746 INFO c.h.h.t.HelmChartContainer - [K3S] [namespace_controller.go:164] "Unhandled Error" err="deletion of namespace helmadditionalvolumesit failed: unexpected items still remain in namespace: helmadditionalvolumesit for gvr: /v1, Resource=pods"
2025-01-29 22:17:57,764 INFO c.h.h.t.HelmChartContainer - [K3S] [scope.go:117] "RemoveContainer" containerID="6ef465ea18acf516de6d12ea9c653f7fc26b564e05fe9db85182e2c97358843b"
2025-01-29 22:17:57,777 INFO c.h.h.t.HelmChartContainer - [POD] test-hivemq-platform-0 [66943bc7-6f99-4dff-82c1-20edd359a458] in helmadditionalvolumesit was MODIFIED
2025-01-29 22:17:57,782 INFO c.h.h.t.HelmChartContainer - [POD] test-hivemq-platform-0 [66943bc7-6f99-4dff-82c1-20edd359a458] in helmadditionalvolumesit was DELETED
2025-01-29 22:17:57,811 INFO c.h.h.t.HelmChartContainer - [POD] helper-pod-delete-pvc-b894bbfb-e860-43aa-acf5-d8e6d354f6be [f60c4532-831c-4cb4-91c8-6676556393ce] in kube-system was ADDED
2025-01-29 22:17:57,813 INFO c.h.h.t.HelmChartContainer - [K3S] [memory_manager.go:355] "RemoveStaleState removing state" podUID="66943bc7-6f99-4dff-82c1-20edd359a458" containerName="hivemq"
2025-01-29 22:17:57,821 INFO c.h.h.t.HelmChartContainer - [POD] helper-pod-delete-pvc-b894bbfb-e860-43aa-acf5-d8e6d354f6be [f60c4532-831c-4cb4-91c8-6676556393ce] in kube-system was MODIFIED
2025-01-29 22:17:57,883 INFO c.h.h.t.HelmChartContainer - [K3S] [scope.go:117] "RemoveContainer" containerID="94b5187bc78a7764f7d861835587efcf76d51df18522f5282d8b661cda453ef8"
2025-01-29 22:17:57,886 INFO c.h.h.t.HelmChartContainer - [K3S] [scope.go:117] "RemoveContainer" containerID="6ef465ea18acf516de6d12ea9c653f7fc26b564e05fe9db85182e2c97358843b"
2025-01-29 22:17:57,887 INFO c.h.h.t.HelmChartContainer - [K3S] [scope.go:117] "RemoveContainer" containerID="94b5187bc78a7764f7d861835587efcf76d51df18522f5282d8b661cda453ef8"
2025-01-29 22:17:57,949 INFO c.h.h.t.HelmChartContainer - [K3S] [reconciler_common.go:251] "operationExecutor.VerifyControllerAttachedVolume started for volume \"kube-api-access-zfqtt\" (UniqueName: \"kubernetes.io/projected/f60c4532-831c-4cb4-91c8-6676556393ce-kube-api-access-zfqtt\") pod \"helper-pod-delete-pvc-b894bbfb-e860-43aa-acf5-d8e6d354f6be\" (UID: \"f60c4532-831c-4cb4-91c8-6676556393ce\") " pod="kube-system/helper-pod-delete-pvc-b894bbfb-e860-43aa-acf5-d8e6d354f6be"
2025-01-29 22:17:57,949 INFO c.h.h.t.HelmChartContainer - [K3S] [reconciler_common.go:251] "operationExecutor.VerifyControllerAttachedVolume started for volume \"data\" (UniqueName: \"kubernetes.io/host-path/f60c4532-831c-4cb4-91c8-6676556393ce-data\") pod \"helper-pod-delete-pvc-b894bbfb-e860-43aa-acf5-d8e6d354f6be\" (UID: \"f60c4532-831c-4cb4-91c8-6676556393ce\") " pod="kube-system/helper-pod-delete-pvc-b894bbfb-e860-43aa-acf5-d8e6d354f6be"
2025-01-29 22:17:57,949 INFO c.h.h.t.HelmChartContainer - [K3S] [reconciler_common.go:251] "operationExecutor.VerifyControllerAttachedVolume started for volume \"script\" (UniqueName: \"kubernetes.io/configmap/f60c4532-831c-4cb4-91c8-6676556393ce-script\") pod \"helper-pod-delete-pvc-b894bbfb-e860-43aa-acf5-d8e6d354f6be\" (UID: \"f60c4532-831c-4cb4-91c8-6676556393ce\") " pod="kube-system/helper-pod-delete-pvc-b894bbfb-e860-43aa-acf5-d8e6d354f6be"
2025-01-29 22:17:58,042 INFO c.h.h.t.HelmChartContainer - Namespace 'helmadditionalvolumesit' deleted
2025-01-29 22:17:58,042 INFO c.h.h.t.HelmChartContainer - Release 'test-hivemq-platform' in namespace 'helmadditionalvolumesit' is uninstalled
2025-01-29 22:17:58,042 INFO c.h.h.t.HelmChartContainer - Uninstalling release 'test-hivemq-platform-operator' in namespace 'helmadditionalvolumesit-operator'...
2025-01-29 22:17:58,042 DEBUG c.h.h.t.HelmChartContainer - Executing helm command: /bin/helm --kubeconfig /etc/rancher/k3s/k3s.yaml uninstall test-hivemq-platform-operator  --wait --timeout 5m0s --cascade foreground --namespace helmadditionalvolumesit-operator
2025-01-29 22:17:58,074 INFO c.h.h.t.HelmChartContainer - [K3S] [kubelet_volumes.go:163] "Cleaned up orphaned pod volumes dir" podUID="66943bc7-6f99-4dff-82c1-20edd359a458" path="/var/lib/kubelet/pods/66943bc7-6f99-4dff-82c1-20edd359a458/volumes"
2025-01-29 22:17:58,243 INFO c.h.h.t.HelmChartContainer - [K3S] [replica_set.go:679] "Finished syncing" kind="ReplicaSet" key="helmadditionalvolumesit-operator/hivemq-test-hivemq-platform-operator-6966f96d65" duration="13.24738ms"
2025-01-29 22:17:58,243 INFO c.h.h.t.HelmChartContainer - [K3S] [replica_set.go:679] "Finished syncing" kind="ReplicaSet" key="helmadditionalvolumesit-operator/hivemq-test-hivemq-platform-operator-6966f96d65" duration="47.769µs"
2025-01-29 22:17:58,266 INFO c.h.h.t.HelmChartContainer - [POD] hivemq-test-hivemq-platform-operator-6966f96d65-f9gbf [b0795f9a-d168-425f-8e52-f7accaff3aa9] in helmadditionalvolumesit-operator was MODIFIED
2025-01-29 22:17:58,272 INFO c.h.h.t.HelmChartContainer - [EVENT] Normal [Killing] Stopping container hivemq-platform-operator [helmadditionalvolumesit-operator:hivemq-test-hivemq-platform-operator-6966f96d65-f9gbf]
2025-01-29 22:17:58,272 INFO c.h.h.t.HelmChartContainer - Received Killing event for container hivemq-platform-operator in pod hivemq-test-hivemq-platform-operator-6966f96d65-f9gbf [b0795f9a-d168-425f-8e52-f7accaff3aa9]
2025-01-29 22:17:58,273 INFO c.h.h.t.HelmChartContainer - Container [hivemq-test-hivemq-platform-operator-6966f96d65-f9gbf] [hivemq-platform-operator] [b0795f9a-d168-425f-8e52-f7accaff3aa9] was terminated
2025-01-29 22:17:58,273 INFO c.h.h.t.HelmChartContainer - Stopped log watcher for hivemq-platform-operator in pod hivemq-test-hivemq-platform-operator-6966f96d65-f9gbf [b0795f9a-d168-425f-8e52-f7accaff3aa9]
2025-01-29 22:17:58,283 INFO c.h.h.t.HelmChartContainer - [K3S] [replica_set.go:679] "Finished syncing" kind="ReplicaSet" key="helmadditionalvolumesit-operator/hivemq-test-hivemq-platform-operator-6966f96d65" duration="19.519829ms"
2025-01-29 22:17:58,285 INFO c.h.h.t.HelmChartContainer - [hivemq-test-hivemq-platform] [hivemq-platform-operator] [b0795f9a] 22:17:58.283 [application-shutdown-thread] INFO  c.h.p.o.HiveMQPlatformOperatorApplication - HiveMQ Platform Operator is stopping...
2025-01-29 22:17:58,286 INFO c.h.h.t.HelmChartContainer - [hivemq-test-hivemq-platform] [hivemq-platform-operator] [b0795f9a] 22:17:58.283 [application-shutdown-thread] INFO  i.javaoperatorsdk.operator.Operator - Operator SDK 4.9.7 is shutting down...
2025-01-29 22:17:58,287 INFO c.h.h.t.HelmChartContainer - [K3S] [replica_set.go:679] "Finished syncing" kind="ReplicaSet" key="helmadditionalvolumesit-operator/hivemq-test-hivemq-platform-operator-6966f96d65" duration="50.875µs"
2025-01-29 22:17:58,775 INFO c.h.h.t.HelmChartContainer - [POD] helper-pod-delete-pvc-b894bbfb-e860-43aa-acf5-d8e6d354f6be [f60c4532-831c-4cb4-91c8-6676556393ce] in kube-system was MODIFIED
2025-01-29 22:17:58,854 INFO c.h.h.t.HelmChartContainer - [K3S] [replica_set.go:679] "Finished syncing" kind="ReplicaSet" key="helmadditionalvolumesit-operator/hivemq-test-hivemq-platform-operator-6966f96d65" duration="39.525µs"
2025-01-29 22:17:58,855 INFO c.h.h.t.HelmChartContainer - [POD] hivemq-test-hivemq-platform-operator-6966f96d65-f9gbf [b0795f9a-d168-425f-8e52-f7accaff3aa9] in helmadditionalvolumesit-operator was MODIFIED
2025-01-29 22:17:58,954 INFO c.h.h.t.HelmChartContainer - [K3S] [reconciler_common.go:162] "operationExecutor.UnmountVolume started for volume \"kube-api-access-r7tcg\" (UniqueName: \"kubernetes.io/projected/b0795f9a-d168-425f-8e52-f7accaff3aa9-kube-api-access-r7tcg\") pod \"b0795f9a-d168-425f-8e52-f7accaff3aa9\" (UID: \"b0795f9a-d168-425f-8e52-f7accaff3aa9\") "
2025-01-29 22:17:59,055 INFO c.h.h.t.HelmChartContainer - [K3S] [reconciler_common.go:299] "Volume detached for volume \"kube-api-access-r7tcg\" (UniqueName: \"kubernetes.io/projected/b0795f9a-d168-425f-8e52-f7accaff3aa9-kube-api-access-r7tcg\") on node \"3186397976b0\" DevicePath \"\""
2025-01-29 22:17:59,770 INFO c.h.h.t.HelmChartContainer - [K3S] [scope.go:117] "RemoveContainer" containerID="8019afefbcbac2f4f802fbdda2102d6d38dde63a4d8ebd1024e3db3f54e24cf1"
2025-01-29 22:17:59,774 INFO c.h.h.t.HelmChartContainer - [K3S] [scope.go:117] "RemoveContainer" containerID="8019afefbcbac2f4f802fbdda2102d6d38dde63a4d8ebd1024e3db3f54e24cf1"
2025-01-29 22:17:59,783 INFO c.h.h.t.HelmChartContainer - [K3S] [replica_set.go:679] "Finished syncing" kind="ReplicaSet" key="helmadditionalvolumesit-operator/hivemq-test-hivemq-platform-operator-6966f96d65" duration="59.261µs"
2025-01-29 22:17:59,784 INFO c.h.h.t.HelmChartContainer - [POD] hivemq-test-hivemq-platform-operator-6966f96d65-f9gbf [b0795f9a-d168-425f-8e52-f7accaff3aa9] in helmadditionalvolumesit-operator was MODIFIED
2025-01-29 22:17:59,787 INFO c.h.h.t.HelmChartContainer - [K3S] [replica_set.go:679] "Finished syncing" kind="ReplicaSet" key="helmadditionalvolumesit-operator/hivemq-test-hivemq-platform-operator-6966f96d65" duration="29.786µs"
2025-01-29 22:17:59,790 INFO c.h.h.t.HelmChartContainer - [POD] hivemq-test-hivemq-platform-operator-6966f96d65-f9gbf [b0795f9a-d168-425f-8e52-f7accaff3aa9] in helmadditionalvolumesit-operator was DELETED
2025-01-29 22:17:59,800 INFO c.h.h.t.HelmChartContainer - [K3S] [replica_set.go:679] "Finished syncing" kind="ReplicaSet" key="helmadditionalvolumesit-operator/hivemq-test-hivemq-platform-operator-6966f96d65" duration="6.432µs"
2025-01-29 22:17:59,861 INFO c.h.h.t.HelmChartContainer - [POD] helper-pod-delete-pvc-b894bbfb-e860-43aa-acf5-d8e6d354f6be [f60c4532-831c-4cb4-91c8-6676556393ce] in kube-system was MODIFIED
2025-01-29 22:17:59,960 INFO c.h.h.t.HelmChartContainer - [K3S] [reconciler_common.go:162] "operationExecutor.UnmountVolume started for volume \"kube-api-access-zfqtt\" (UniqueName: \"kubernetes.io/projected/f60c4532-831c-4cb4-91c8-6676556393ce-kube-api-access-zfqtt\") pod \"f60c4532-831c-4cb4-91c8-6676556393ce\" (UID: \"f60c4532-831c-4cb4-91c8-6676556393ce\") "
2025-01-29 22:17:59,960 INFO c.h.h.t.HelmChartContainer - [K3S] [reconciler_common.go:162] "operationExecutor.UnmountVolume started for volume \"script\" (UniqueName: \"kubernetes.io/configmap/f60c4532-831c-4cb4-91c8-6676556393ce-script\") pod \"f60c4532-831c-4cb4-91c8-6676556393ce\" (UID: \"f60c4532-831c-4cb4-91c8-6676556393ce\") "
2025-01-29 22:17:59,961 INFO c.h.h.t.HelmChartContainer - [K3S] [reconciler_common.go:162] "operationExecutor.UnmountVolume started for volume \"data\" (UniqueName: \"kubernetes.io/host-path/f60c4532-831c-4cb4-91c8-6676556393ce-data\") pod \"f60c4532-831c-4cb4-91c8-6676556393ce\" (UID: \"f60c4532-831c-4cb4-91c8-6676556393ce\") "
2025-01-29 22:18:00,060 INFO c.h.h.t.HelmChartContainer - [K3S] [reconciler_common.go:299] "Volume detached for volume \"kube-api-access-zfqtt\" (UniqueName: \"kubernetes.io/projected/f60c4532-831c-4cb4-91c8-6676556393ce-kube-api-access-zfqtt\") on node \"3186397976b0\" DevicePath \"\""
2025-01-29 22:18:00,060 INFO c.h.h.t.HelmChartContainer - [K3S] [reconciler_common.go:299] "Volume detached for volume \"script\" (UniqueName: \"kubernetes.io/configmap/f60c4532-831c-4cb4-91c8-6676556393ce-script\") on node \"3186397976b0\" DevicePath \"\""
2025-01-29 22:18:00,061 INFO c.h.h.t.HelmChartContainer - [K3S] [reconciler_common.go:299] "Volume detached for volume \"data\" (UniqueName: \"kubernetes.io/host-path/f60c4532-831c-4cb4-91c8-6676556393ce-data\") on node \"3186397976b0\" DevicePath \"\""
2025-01-29 22:18:00,073 INFO c.h.h.t.HelmChartContainer - [K3S] [kubelet_volumes.go:163] "Cleaned up orphaned pod volumes dir" podUID="b0795f9a-d168-425f-8e52-f7accaff3aa9" path="/var/lib/kubelet/pods/b0795f9a-d168-425f-8e52-f7accaff3aa9/volumes"
2025-01-29 22:18:00,295 INFO c.h.h.t.HelmChartContainer - Deleting namespace 'helmadditionalvolumesit-operator'...
2025-01-29 22:18:00,772 INFO c.h.h.t.HelmChartContainer - [K3S] [pod_container_deletor.go:80] "Container not found in pod's containers" containerID="eac77672ff6c9e9e14bb6d58ab1c4044bd30baec6f9eef0fe4ad6c01427d9a92"
2025-01-29 22:18:00,832 INFO c.h.h.t.HelmChartContainer - [POD] helper-pod-delete-pvc-b894bbfb-e860-43aa-acf5-d8e6d354f6be [f60c4532-831c-4cb4-91c8-6676556393ce] in kube-system was MODIFIED
2025-01-29 22:18:00,834 INFO c.h.h.t.HelmChartContainer - [POD] helper-pod-delete-pvc-b894bbfb-e860-43aa-acf5-d8e6d354f6be [f60c4532-831c-4cb4-91c8-6676556393ce] in kube-system was DELETED
2025-01-29 22:18:02,074 INFO c.h.h.t.HelmChartContainer - [K3S] [kubelet_volumes.go:163] "Cleaned up orphaned pod volumes dir" podUID="f60c4532-831c-4cb4-91c8-6676556393ce" path="/var/lib/kubelet/pods/f60c4532-831c-4cb4-91c8-6676556393ce/volumes"
2025-01-29 22:18:02,999 INFO c.h.h.t.HelmChartContainer - [K3S] [namespace_controller.go:187] "Namespace has been deleted" namespace="helmadditionalvolumesit"
2025-01-29 22:18:05,511 INFO c.h.h.t.HelmChartContainer - Namespace 'helmadditionalvolumesit-operator' deleted
2025-01-29 22:18:05,511 INFO c.h.h.t.HelmChartContainer - Release 'test-hivemq-platform-operator' in namespace 'helmadditionalvolumesit-operator' is uninstalled
2025-01-29 22:18:06,394 INFO c.h.helmcharts.AbstractHelmChartIT - Removed unused containers:

2025-01-29 22:18:10,417 INFO c.h.h.t.HelmChartContainer - [K3S] [namespace_controller.go:187] "Namespace has been deleted" namespace="helmadditionalvolumesit-operator"
2025-01-29 22:18:14,411 INFO c.h.helmcharts.AbstractHelmChartIT - Removed unused snapshots:
Removing snapshot sha256:03af251906410714c5aef9fa705b63f6bbc39c4a5e787de7361eeb18886c2ed2
Removing snapshot sha256:0c46b3b43cce082ce5ec34ffc6c294e0417d17b9d1e6f366d114b6aadc4f96dc
Removing snapshot sha256:0ce761beee59082d6ed5bcebd3a805b8ddd9b3426b617e4809e7fb7c6587ffec
Removing snapshot sha256:0df91287303208332c8ff6ba40ae4710105201739addbfbddfb955f1ad593664
Removing snapshot sha256:1021ef88c7974bfff89c5a0ec4fd3160daac6c48a075f74cff721f85dd104e68
Removing snapshot sha256:10aba4953ddc18145dd38e3704709bc464aa20af60b56fe52caaff4b68411e62
Removing snapshot sha256:2573e0d8158209ed54ab25c87bcdcb00bd3d2539246960a3d592a1c599d70465
Removing snapshot sha256:31b1caf7fa31cd39635cdc4bd04a0c508026ec0b01493ac56d56f5f4af55188e
Removing snapshot sha256:362a8a37f8bbc31925a8146adcf7cf51f9882f5c1dcbef67c5baa03a297543c0
Removing snapshot sha256:43a7c979bbaba6838bc3102d6b10a1459f3ab050b87ccdfef84ef90cf43d3058
Removing snapshot sha256:4ab04491cdf0d3267f08206fe30bd48f49f94b9cab2f016d6739220f722a64af
Removing snapshot sha256:4b6068250e89c96f263060261819c7d912855bfbd64b3eb4c4a8483299b8c295
Removing snapshot sha256:580e69a0a8034ede1921139bbd2bfb72a69ebf276d008281896c32dd8bf74775
Removing snapshot sha256:5d30ba46b27fe37484567ccc5242cadc78217b8da605f3f195ef25cbf7487904
Removing snapshot sha256:63ca1fbb43ae5034640e5e6cb3e083e05c290072c5366fcaa9d62435a4cced85
Removing snapshot sha256:66140dc7271ceb0a9b5e521509e7d96b916d4182681f723881bfae89675de7f6
Removing snapshot sha256:67f702c6baae873bceb19487c8b1f27bd2b86077e4f2f0e480e6d60ab508b8f5
Removing snapshot sha256:6864348dd42806d552efdec384f1274be15e2d0c10ce44c1f04347af004c10a9
Removing snapshot sha256:6c7dee8f2c39b84b7dc2711c01d33de93514d9055499173e9290176fbe484b6c
Removing snapshot sha256:82753493a6d61ded36556292f02f31841a14c20d2f279f19eaad65afb661d5cd
Removing snapshot sha256:8a10d3db42c505ee0fcfa98417bdd7e39b304f6bcc0a06bb1b220797ff2cc63c
Removing snapshot sha256:a0904247e36a7726c03c71ee48f3e64462021c88dafeb13f37fdaf613b27f11c
Removing snapshot sha256:a21e5b12dbac529ad45d976eb9ce45c881f3bedcc500fb30aba1e52aa1813418
Removing snapshot sha256:b921e6c28969094157f9b8e7244677780319637afd14450b7cb6b2fdea558a0c
Removing snapshot sha256:bc27ecb5769a00e309cf99ebc763c4a4b958b618d1decc96ffac5bc05f02f5b7
Removing snapshot sha256:be3ccb6627a5332e309d45ef461d09b4879dd870c7394d89323d0ebc6ca6aa8a
Removing snapshot sha256:c261f7cbbc64211ee175ee47273acdb7b1a36a4450b397a064a8f2c026490095
Removing snapshot sha256:c34d9393647eea0c9e3557ab988efaf59f61d10a2a5613b439ef0958cca5ec10
Removing snapshot sha256:ccf3c4a0fa967a41c1c83497a2ce6fa5787965859df0adb32c4ca2cf7490bc2b
Removing snapshot sha256:cf92d33f869417309692088c341cd0f223c178ea78a125f757317b22aa8f90e9
Removing snapshot sha256:d0037344cf2fb078884f1849f6a1f8cf9a33a3b6139b6a85833e5ee528e1f9a8
Removing snapshot sha256:d3b36d5b79273b1e98e7700470eaeff05a882e777124d84cebcc1505b85ecb36
Removing snapshot sha256:d65a44a37914602d12c611e5e22a50f11451d847e63015cc1c2aef92dee777a4
Removing snapshot sha256:dc595865f97fc82b4edd9af8c0dfb61d7b1d17fb236f18d84948d3afb4a5f35a
Removing snapshot sha256:e2dc0bae2455930f23ae570e019b7f32edc75c0f2d71cab084db837ff9051796
Removing snapshot sha256:eccbd24a99c60cd9e86ee5305dbfc4a4dc89f5ab4fb1f06c8d64797cecedef34
Removing snapshot sha256:f144bb4c7c7f0d2aa7eeffd36d934ec40db1ee167be727e326aad9fdc616f475

]]></system-out>
  </testcase>
  <system-out><![CDATA[2025-01-29 22:16:32,460 INFO c.h.h.t.HelmChartContainerExtension - Using cached HelmChartContainer instance
]]></system-out>
  <system-err><![CDATA[]]></system-err>
</testsuite>
