<?xml version="1.0" encoding="UTF-8"?>
<testsuite name="com.hivemq.helmcharts.platform.HelmRollingUpgradePlatformIT" tests="1" skipped="0" failures="0" errors="0" timestamp="2025-04-05T02:22:26" hostname="fv-az1944-26" time="233.805">
  <properties/>
  <testcase name="withPreviousPlatformInstalled_upgradeToLatestChartVersion()" classname="com.hivemq.helmcharts.platform.HelmRollingUpgradePlatformIT" time="233.805"/>
</testsuite>
