<?xml version="1.0" encoding="UTF-8"?>
<testsuite name="com.hivemq.helmcharts.operator.HelmUpgradeOperatorIT" tests="1" skipped="0" failures="0" errors="0" timestamp="2025-01-28T23:53:35" hostname="fv-az1374-33" time="43.551">
  <properties/>
  <testcase name="withDeployedOperator_upgradeUsingNewValues()" classname="com.hivemq.helmcharts.operator.HelmUpgradeOperatorIT" time="43.551">
    <system-out><![CDATA[2025-01-28 23:53:35,892 INFO c.h.h.t.HelmChartContainer - Creating namespace 'helmupgradeoperatorit-operator'...
2025-01-28 23:53:35,899 INFO c.h.h.t.HelmChartContainer - Namespace 'helmupgradeoperatorit-operator' created
2025-01-28 23:53:35,899 INFO c.h.h.t.HelmChartContainer - Creating namespace 'helmupgradeoperatorit'...
2025-01-28 23:53:35,908 INFO c.h.h.t.HelmChartContainer - Namespace 'helmupgradeoperatorit' created
2025-01-28 23:53:35,990 DEBUG c.h.h.t.HelmChartContainer - Executing helm command: /bin/helm --kubeconfig /etc/rancher/k3s/k3s.yaml install test-hivemq-platform-operator /charts/hivemq-platform-operator --wait --timeout 5m0s --set image.repository=docker.io/hivemq --set image.name=hivemq-platform-operator-test --set image.initImageName=hivemq-platform-operator-init-test --set image.tag=snapshot --set image.pullPolicy=Never --set logLevel=DEBUG --set resources.cpu=512m --namespace helmupgradeoperatorit-operator
2025-01-28 23:53:36,357 INFO c.h.h.t.HelmChartContainer - [K3S] [alloc.go:330] "allocated clusterIPs" service="helmupgradeoperatorit-operator/hivemq-platform-operator-test-hivemq-platform-operator" clusterIPs={"IPv4":"10.43.24.8"}
2025-01-28 23:53:36,370 INFO c.h.h.t.HelmChartContainer - [EVENT] Normal [ScalingReplicaSet] Scaled up replica set hivemq-test-hivemq-platform-operator-6966f96d65 from 0 to 1 [helmupgradeoperatorit-operator:hivemq-test-hivemq-platform-operator]
2025-01-28 23:53:36,372 INFO c.h.h.t.HelmChartContainer - [POD] hivemq-test-hivemq-platform-operator-6966f96d65-sxh7c [eba2ffca-48ec-42bc-9013-7adad63dbbb7] in helmupgradeoperatorit-operator was ADDED
2025-01-28 23:53:36,379 INFO c.h.h.t.HelmChartContainer - [EVENT] Normal [SuccessfulCreate] Created pod: hivemq-test-hivemq-platform-operator-6966f96d65-sxh7c [helmupgradeoperatorit-operator:hivemq-test-hivemq-platform-operator-6966f96d65]
2025-01-28 23:53:36,379 INFO c.h.h.t.HelmChartContainer - [K3S] [replica_set.go:679] "Finished syncing" kind="ReplicaSet" key="helmupgradeoperatorit-operator/hivemq-test-hivemq-platform-operator-6966f96d65" duration="14.045002ms"
2025-01-28 23:53:36,384 INFO c.h.h.t.HelmChartContainer - [POD] hivemq-test-hivemq-platform-operator-6966f96d65-sxh7c [eba2ffca-48ec-42bc-9013-7adad63dbbb7] in helmupgradeoperatorit-operator was MODIFIED
2025-01-28 23:53:36,385 INFO c.h.h.t.HelmChartContainer - [K3S] [memory_manager.go:355] "RemoveStaleState removing state" podUID="2bb8e543-2f03-41a9-b8f6-d87f8e75d51b" containerName="hivemq-platform-operator"
2025-01-28 23:53:36,385 INFO c.h.h.t.HelmChartContainer - [K3S] [memory_manager.go:355] "RemoveStaleState removing state" podUID="d6c5e9af-2220-4f65-8fd6-0394fe57e2de" containerName="hivemq"
2025-01-28 23:53:36,385 INFO c.h.h.t.HelmChartContainer - [K3S] [memory_manager.go:355] "RemoveStaleState removing state" podUID="4665a75f-13db-4afc-b7fa-ed45b3755780" containerName="hivemq"
2025-01-28 23:53:36,391 INFO c.h.h.t.HelmChartContainer - [EVENT] Normal [Scheduled] Successfully assigned helmupgradeoperatorit-operator/hivemq-test-hivemq-platform-operator-6966f96d65-sxh7c to d225a9c0f526 [helmupgradeoperatorit-operator:hivemq-test-hivemq-platform-operator-6966f96d65-sxh7c]
2025-01-28 23:53:36,399 INFO c.h.h.t.HelmChartContainer - [K3S] [replica_set.go:679] "Finished syncing" kind="ReplicaSet" key="helmupgradeoperatorit-operator/hivemq-test-hivemq-platform-operator-6966f96d65" duration="19.3757ms"
2025-01-28 23:53:36,399 INFO c.h.h.t.HelmChartContainer - [K3S] [replica_set.go:679] "Finished syncing" kind="ReplicaSet" key="helmupgradeoperatorit-operator/hivemq-test-hivemq-platform-operator-6966f96d65" duration="42.791µs"
2025-01-28 23:53:36,402 INFO c.h.h.t.HelmChartContainer - [K3S] [replica_set.go:679] "Finished syncing" kind="ReplicaSet" key="helmupgradeoperatorit-operator/hivemq-test-hivemq-platform-operator-6966f96d65" duration="30.487µs"
2025-01-28 23:53:36,403 INFO c.h.h.t.HelmChartContainer - [POD] hivemq-test-hivemq-platform-operator-6966f96d65-sxh7c [eba2ffca-48ec-42bc-9013-7adad63dbbb7] in helmupgradeoperatorit-operator was MODIFIED
2025-01-28 23:53:36,476 INFO c.h.h.t.HelmChartContainer - [K3S] [reconciler_common.go:251] "operationExecutor.VerifyControllerAttachedVolume started for volume \"kube-api-access-8sbxk\" (UniqueName: \"kubernetes.io/projected/eba2ffca-48ec-42bc-9013-7adad63dbbb7-kube-api-access-8sbxk\") pod \"hivemq-test-hivemq-platform-operator-6966f96d65-sxh7c\" (UID: \"eba2ffca-48ec-42bc-9013-7adad63dbbb7\") " pod="helmupgradeoperatorit-operator/hivemq-test-hivemq-platform-operator-6966f96d65-sxh7c"
2025-01-28 23:53:36,775 INFO c.h.h.t.HelmChartContainer - [EVENT] Normal [Pulled] Container image "docker.io/hivemq/hivemq-platform-operator-test:snapshot" already present on machine [helmupgradeoperatorit-operator:hivemq-test-hivemq-platform-operator-6966f96d65-sxh7c]
2025-01-28 23:53:36,775 INFO c.h.h.t.HelmChartContainer - Received Pulled event for container hivemq-platform-operator in pod hivemq-test-hivemq-platform-operator-6966f96d65-sxh7c [eba2ffca-48ec-42bc-9013-7adad63dbbb7]
2025-01-28 23:53:38,032 INFO c.h.h.t.HelmChartContainer - [EVENT] Normal [Created] Created container: hivemq-platform-operator [helmupgradeoperatorit-operator:hivemq-test-hivemq-platform-operator-6966f96d65-sxh7c]
2025-01-28 23:53:38,032 INFO c.h.h.t.HelmChartContainer - Received Created event for container hivemq-platform-operator in pod hivemq-test-hivemq-platform-operator-6966f96d65-sxh7c [eba2ffca-48ec-42bc-9013-7adad63dbbb7]
2025-01-28 23:53:38,346 INFO c.h.h.t.HelmChartContainer - [POD] hivemq-test-hivemq-platform-operator-6966f96d65-sxh7c [eba2ffca-48ec-42bc-9013-7adad63dbbb7] in helmupgradeoperatorit-operator was MODIFIED
2025-01-28 23:53:38,346 INFO c.h.h.t.HelmChartContainer - [K3S] [replica_set.go:679] "Finished syncing" kind="ReplicaSet" key="helmupgradeoperatorit-operator/hivemq-test-hivemq-platform-operator-6966f96d65" duration="44.994µs"
2025-01-28 23:53:38,355 INFO c.h.h.t.HelmChartContainer - Started log watcher for hivemq-platform-operator in pod hivemq-test-hivemq-platform-operator-6966f96d65-sxh7c [eba2ffca-48ec-42bc-9013-7adad63dbbb7]
2025-01-28 23:53:38,356 INFO c.h.h.t.HelmChartContainer - [EVENT] Normal [Started] Started container hivemq-platform-operator [helmupgradeoperatorit-operator:hivemq-test-hivemq-platform-operator-6966f96d65-sxh7c]
2025-01-28 23:53:38,356 INFO c.h.h.t.HelmChartContainer - Received Started event for container hivemq-platform-operator in pod hivemq-test-hivemq-platform-operator-6966f96d65-sxh7c [eba2ffca-48ec-42bc-9013-7adad63dbbb7]
2025-01-28 23:53:38,356 INFO c.h.h.t.HelmChartContainer - [hivemq-test-hivemq-platform] [hivemq-platform-operator] [eba2ffca] -------------------------------------------------------------------------
2025-01-28 23:53:38,356 INFO c.h.h.t.HelmChartContainer - [hivemq-test-hivemq-platform] [hivemq-platform-operator] [eba2ffca] 
2025-01-28 23:53:38,356 INFO c.h.h.t.HelmChartContainer - [hivemq-test-hivemq-platform] [hivemq-platform-operator] [eba2ffca]                   _    _  _              __  __   ____
2025-01-28 23:53:38,356 INFO c.h.h.t.HelmChartContainer - [hivemq-test-hivemq-platform] [hivemq-platform-operator] [eba2ffca]                  | |  | |(_)            |  \/  | / __ \
2025-01-28 23:53:38,356 INFO c.h.h.t.HelmChartContainer - [hivemq-test-hivemq-platform] [hivemq-platform-operator] [eba2ffca]                  | |__| | _ __   __ ___ | \  / || |  | |
2025-01-28 23:53:38,356 INFO c.h.h.t.HelmChartContainer - [hivemq-test-hivemq-platform] [hivemq-platform-operator] [eba2ffca]                  |  __  || |\ \ / // _ \| |\/| || |  | |
2025-01-28 23:53:38,356 INFO c.h.h.t.HelmChartContainer - [hivemq-test-hivemq-platform] [hivemq-platform-operator] [eba2ffca]                  | |  | || | \ V /|  __/| |  | || |__| |
2025-01-28 23:53:38,356 INFO c.h.h.t.HelmChartContainer - [hivemq-test-hivemq-platform] [hivemq-platform-operator] [eba2ffca]                  |_|  |_||_|  \_/  \___||_|  |_| \___\_\
2025-01-28 23:53:38,356 INFO c.h.h.t.HelmChartContainer - [hivemq-test-hivemq-platform] [hivemq-platform-operator] [eba2ffca] 
2025-01-28 23:53:38,356 INFO c.h.h.t.HelmChartContainer - [hivemq-test-hivemq-platform] [hivemq-platform-operator] [eba2ffca] -------------------------------------------------------------------------
2025-01-28 23:53:38,356 INFO c.h.h.t.HelmChartContainer - [hivemq-test-hivemq-platform] [hivemq-platform-operator] [eba2ffca] 
2025-01-28 23:53:38,356 INFO c.h.h.t.HelmChartContainer - [hivemq-test-hivemq-platform] [hivemq-platform-operator] [eba2ffca]   HiveMQ Platform Operator Start Script v1.0
2025-01-28 23:53:38,356 INFO c.h.h.t.HelmChartContainer - [hivemq-test-hivemq-platform] [hivemq-platform-operator] [eba2ffca] 
2025-01-28 23:53:38,356 INFO c.h.h.t.HelmChartContainer - [hivemq-test-hivemq-platform] [hivemq-platform-operator] [eba2ffca] -------------------------------------------------------------------------
2025-01-28 23:53:38,356 INFO c.h.h.t.HelmChartContainer - [hivemq-test-hivemq-platform] [hivemq-platform-operator] [eba2ffca] 
2025-01-28 23:53:38,356 INFO c.h.h.t.HelmChartContainer - [hivemq-test-hivemq-platform] [hivemq-platform-operator] [eba2ffca]   JAVA_OPTS: -XX:+UnlockExperimentalVMOptions -XX:InitialRAMPercentage=75 -XX:MaxRAMPercentage=75 -Duser.language=en -Duser.region=US
2025-01-28 23:53:38,356 INFO c.h.h.t.HelmChartContainer - [hivemq-test-hivemq-platform] [hivemq-platform-operator] [eba2ffca] 
2025-01-28 23:53:38,356 INFO c.h.h.t.HelmChartContainer - [hivemq-test-hivemq-platform] [hivemq-platform-operator] [eba2ffca]   JAVA_VERSION: 21
2025-01-28 23:53:38,356 INFO c.h.h.t.HelmChartContainer - [hivemq-test-hivemq-platform] [hivemq-platform-operator] [eba2ffca] 
2025-01-28 23:53:38,356 INFO c.h.h.t.HelmChartContainer - [hivemq-test-hivemq-platform] [hivemq-platform-operator] [eba2ffca] -------------------------------------------------------------------------
2025-01-28 23:53:38,356 INFO c.h.h.t.HelmChartContainer - [hivemq-test-hivemq-platform] [hivemq-platform-operator] [eba2ffca] 
2025-01-28 23:53:41,317 INFO c.h.h.t.HelmChartContainer - [hivemq-test-hivemq-platform] [hivemq-platform-operator] [eba2ffca] 23:53:41.315 [main] DEBUG org.jboss.logging - Logging Provider: org.jboss.logging.Slf4jLoggerProvider
2025-01-28 23:53:41,422 INFO c.h.h.t.HelmChartContainer - [hivemq-test-hivemq-platform] [hivemq-platform-operator] [eba2ffca] 23:53:41.421 [main] DEBUG io.smallrye.config - SRCFG01006: Loaded ConfigSource SysPropConfigSource with ordinal 400
2025-01-28 23:53:41,423 INFO c.h.h.t.HelmChartContainer - [hivemq-test-hivemq-platform] [hivemq-platform-operator] [eba2ffca] 23:53:41.421 [main] DEBUG io.smallrye.config - SRCFG01006: Loaded ConfigSource EnvConfigSource with ordinal 300
2025-01-28 23:53:41,423 INFO c.h.h.t.HelmChartContainer - [hivemq-test-hivemq-platform] [hivemq-platform-operator] [eba2ffca] 23:53:41.421 [main] DEBUG io.smallrye.config - SRCFG01006: Loaded ConfigSource PropertiesConfigSource[source=jar:file:///opt/hivemq-platform-operator/bin/hivemq-platform-operator.jar!/hivemq-platform-operator.properties] with ordinal 100
2025-01-28 23:53:41,423 INFO c.h.h.t.HelmChartContainer - [hivemq-test-hivemq-platform] [hivemq-platform-operator] [eba2ffca] 23:53:41.421 [main] DEBUG io.smallrye.config - SRCFG01006: Loaded ConfigSource DefaultValuesConfigSource with ordinal -2147483648
2025-01-28 23:53:41,532 INFO c.h.h.t.HelmChartContainer - [hivemq-test-hivemq-platform] [hivemq-platform-operator] [eba2ffca] 23:53:41.531 [main] DEBUG i.m.c.u.i.l.InternalLoggerFactory - Using SLF4J as the default logging framework
2025-01-28 23:53:41,714 INFO c.h.h.t.HelmChartContainer - [hivemq-test-hivemq-platform] [hivemq-platform-operator] [eba2ffca] 23:53:41.692 [main] INFO  c.h.p.o.HiveMQPlatformOperatorApplication - HiveMQ Platform Operator 1.7.0-SNAPSHOT (commit: bebf408 on branch: HEAD) built on Sun Jan 26 20:47:47 UTC 2025
2025-01-28 23:53:41,715 INFO c.h.h.t.HelmChartContainer - [hivemq-test-hivemq-platform] [hivemq-platform-operator] [eba2ffca] 23:53:41.713 [main] INFO  c.h.p.o.HiveMQPlatformOperatorApplication - HiveMQ Platform Operator is running in namespace: helmupgradeoperatorit-operator
2025-01-28 23:53:41,715 INFO c.h.h.t.HelmChartContainer - [hivemq-test-hivemq-platform] [hivemq-platform-operator] [eba2ffca] 23:53:41.713 [main] INFO  c.h.p.o.HiveMQPlatformOperatorApplication - Watching all namespaces
2025-01-28 23:53:41,715 INFO c.h.h.t.HelmChartContainer - [hivemq-test-hivemq-platform] [hivemq-platform-operator] [eba2ffca] 23:53:41.713 [main] INFO  c.h.p.o.HiveMQPlatformOperatorApplication - Log level: DEBUG
2025-01-28 23:53:41,715 INFO c.h.h.t.HelmChartContainer - [hivemq-test-hivemq-platform] [hivemq-platform-operator] [eba2ffca] 23:53:41.713 [main] INFO  c.h.p.o.HiveMQPlatformOperatorApplication - Release name: test-hivemq-platform-operator
2025-01-28 23:53:41,715 INFO c.h.h.t.HelmChartContainer - [hivemq-test-hivemq-platform] [hivemq-platform-operator] [eba2ffca] 23:53:41.713 [main] INFO  c.h.p.o.HiveMQPlatformOperatorApplication - HiveMQ Platform Operator Init image: docker.io/hivemq/hivemq-platform-operator-init-test:snapshot
2025-01-28 23:53:41,715 INFO c.h.h.t.HelmChartContainer - [hivemq-test-hivemq-platform] [hivemq-platform-operator] [eba2ffca] 23:53:41.714 [main] INFO  c.h.p.o.HiveMQPlatformOperatorApplication - HiveMQ Platform Operator Init App update URL: http://hivemq-platform-operator-test-hivemq-platform-operator.helmupgradeoperatorit-operator.svc:8080/initAppUpdate/hivemq-platform-operator-init-app-1.7.0-SNAPSHOT.jar
2025-01-28 23:53:41,715 INFO c.h.h.t.HelmChartContainer - [hivemq-test-hivemq-platform] [hivemq-platform-operator] [eba2ffca] 23:53:41.714 [main] INFO  c.h.p.o.HiveMQPlatformOperatorApplication - Additional imagePullSecret for all Platform deployments: none
2025-01-28 23:53:41,715 INFO c.h.h.t.HelmChartContainer - [hivemq-test-hivemq-platform] [hivemq-platform-operator] [eba2ffca] 23:53:41.714 [main] INFO  c.h.p.o.HiveMQPlatformOperatorApplication - Apply HiveMQ Platform CRD: true
2025-01-28 23:53:41,715 INFO c.h.h.t.HelmChartContainer - [hivemq-test-hivemq-platform] [hivemq-platform-operator] [eba2ffca] 23:53:41.714 [main] INFO  c.h.p.o.HiveMQPlatformOperatorApplication - Create Platform ServiceAccount: true
2025-01-28 23:53:41,716 INFO c.h.h.t.HelmChartContainer - [hivemq-test-hivemq-platform] [hivemq-platform-operator] [eba2ffca] 23:53:41.714 [main] INFO  c.h.p.o.HiveMQPlatformOperatorApplication - Create Platform ServiceAccount permissions: true
2025-01-28 23:53:41,717 INFO c.h.h.t.HelmChartContainer - [hivemq-test-hivemq-platform] [hivemq-platform-operator] [eba2ffca] 23:53:41.714 [main] INFO  c.h.p.o.HiveMQPlatformOperatorApplication - Validate Platform ServiceAccount: true
2025-01-28 23:53:41,717 INFO c.h.h.t.HelmChartContainer - [hivemq-test-hivemq-platform] [hivemq-platform-operator] [eba2ffca] 23:53:41.714 [main] INFO  c.h.p.o.HiveMQPlatformOperatorApplication - Validate Platform ServiceAccount permissions: true
2025-01-28 23:53:41,822 INFO c.h.h.t.HelmChartContainer - [hivemq-test-hivemq-platform] [hivemq-platform-operator] [eba2ffca] 23:53:41.821 [main] INFO  c.h.platform.operator.util.CRDUtil - Verifying deployed HiveMQ Platform CRD...
2025-01-28 23:53:44,220 INFO c.h.h.t.HelmChartContainer - [hivemq-test-hivemq-platform] [hivemq-platform-operator] [eba2ffca] 23:53:44.219 [main] DEBUG c.h.platform.operator.util.CRDUtil - HiveMQ Platform CRD version v1 is up to date
2025-01-28 23:53:44,221 INFO c.h.h.t.HelmChartContainer - [hivemq-test-hivemq-platform] [hivemq-platform-operator] [eba2ffca] 23:53:44.219 [main] INFO  c.h.platform.operator.util.CRDUtil - HiveMQ Platform CRD is up to date (version: V1_6_0)
2025-01-28 23:53:44,221 INFO c.h.h.t.HelmChartContainer - [hivemq-test-hivemq-platform] [hivemq-platform-operator] [eba2ffca] 23:53:44.219 [main] INFO  c.h.platform.operator.util.CRDUtil - Waiting 10000 ms for HiveMQ Platform CRD 'hivemq-platforms.hivemq.com' to become ready...
2025-01-28 23:53:44,593 INFO c.h.h.t.HelmChartContainer - [hivemq-test-hivemq-platform] [hivemq-platform-operator] [eba2ffca] 23:53:44.590 [vert.x-eventloop-thread-1] DEBUG c.h.platform.operator.util.CRDUtil - Checking CRD condition 'NamesAccepted' (status: 'True')
2025-01-28 23:53:44,593 INFO c.h.h.t.HelmChartContainer - [hivemq-test-hivemq-platform] [hivemq-platform-operator] [eba2ffca] 23:53:44.591 [vert.x-eventloop-thread-1] DEBUG c.h.platform.operator.util.CRDUtil - Checking CRD condition 'Established' (status: 'True')
2025-01-28 23:53:44,593 INFO c.h.h.t.HelmChartContainer - [hivemq-test-hivemq-platform] [hivemq-platform-operator] [eba2ffca] 23:53:44.591 [main] INFO  c.h.platform.operator.util.CRDUtil - HiveMQ Platform CRD 'hivemq-platforms.hivemq.com' is ready
2025-01-28 23:53:44,722 INFO c.h.h.t.HelmChartContainer - [hivemq-test-hivemq-platform] [hivemq-platform-operator] [eba2ffca] 23:53:44.721 [main] INFO  c.h.p.o.HiveMQPlatformReconciler - HiveMQ Platform Operator is starting...
2025-01-28 23:53:44,817 INFO c.h.h.t.HelmChartContainer - [hivemq-test-hivemq-platform] [hivemq-platform-operator] [eba2ffca] 23:53:44.816 [main] WARN  Default ConfigurationService implementation - Configuration for reconciler 'hivemq-controller' was not found. Known reconcilers: None.
2025-01-28 23:53:44,890 INFO c.h.h.t.HelmChartContainer - [hivemq-test-hivemq-platform] [hivemq-platform-operator] [eba2ffca] 23:53:44.889 [main] INFO  Default ConfigurationService implementation - Created configuration for reconciler com.hivemq.platform.operator.HiveMQPlatformReconciler with name hivemq-controller
2025-01-28 23:53:44,994 INFO c.h.h.t.HelmChartContainer - [hivemq-test-hivemq-platform] [hivemq-platform-operator] [eba2ffca] 23:53:44.993 [main] DEBUG c.h.p.o.HiveMQPlatformReconciler - HiveMQ Platform Operator is preparing EventSources
2025-01-28 23:53:45,021 INFO c.h.h.t.HelmChartContainer - [hivemq-test-hivemq-platform] [hivemq-platform-operator] [eba2ffca] 23:53:45.021 [main] INFO  i.javaoperatorsdk.operator.Operator - Registered reconciler: 'hivemq-controller' for resource: 'class com.hivemq.platform.operator.v1.HiveMQPlatform' for namespace(s): [all namespaces]
2025-01-28 23:53:45,596 INFO c.h.h.t.HelmChartContainer - [hivemq-test-hivemq-platform] [hivemq-platform-operator] [eba2ffca] 23:53:45.595 [main] INFO  c.h.p.operator.webserver.JettyServer - Starting Jetty server on port 8080
2025-01-28 23:53:45,630 INFO c.h.h.t.HelmChartContainer - [hivemq-test-hivemq-platform] [hivemq-platform-operator] [eba2ffca] 23:53:45.629 [main] INFO  i.javaoperatorsdk.operator.Operator - Operator SDK 4.9.7 (commit: 2133d28) built on Wed Nov 20 12:56:20 UTC 2024 starting...
2025-01-28 23:53:45,630 INFO c.h.h.t.HelmChartContainer - [hivemq-test-hivemq-platform] [hivemq-platform-operator] [eba2ffca] 23:53:45.629 [main] INFO  i.javaoperatorsdk.operator.Operator - Client version: 6.13.4
2025-01-28 23:53:45,690 INFO c.h.h.t.HelmChartContainer - [hivemq-test-hivemq-platform] [hivemq-platform-operator] [eba2ffca] 23:53:45.689 [Controller Starter for: hivemq-controller] INFO  i.j.operator.processing.Controller - Starting 'hivemq-controller' controller for reconciler: com.hivemq.platform.operator.HiveMQPlatformReconciler, resource: com.hivemq.platform.operator.v1.HiveMQPlatform
2025-01-28 23:53:48,197 INFO c.h.h.t.HelmChartContainer - [hivemq-test-hivemq-platform] [hivemq-platform-operator] [eba2ffca] 23:53:48.197 [Controller Starter for: hivemq-controller] INFO  i.j.operator.processing.Controller - 'hivemq-controller' controller started
2025-01-28 23:53:48,213 INFO c.h.h.t.HelmChartContainer - [hivemq-test-hivemq-platform] [hivemq-platform-operator] [eba2ffca] 23:53:48.212 [main] INFO  c.h.p.o.HiveMQPlatformOperatorApplication - HiveMQ Platform Operator 1.7.0-SNAPSHOT started in 6519 ms
2025-01-28 23:53:49,354 INFO c.h.h.t.HelmChartContainer - [POD] hivemq-test-hivemq-platform-operator-6966f96d65-sxh7c [eba2ffca-48ec-42bc-9013-7adad63dbbb7] in helmupgradeoperatorit-operator was MODIFIED
2025-01-28 23:53:49,359 INFO c.h.h.t.HelmChartContainer - [K3S] [replica_set.go:679] "Finished syncing" kind="ReplicaSet" key="helmupgradeoperatorit-operator/hivemq-test-hivemq-platform-operator-6966f96d65" duration="7.04859ms"
2025-01-28 23:53:49,359 INFO c.h.h.t.HelmChartContainer - [K3S] [replica_set.go:679] "Finished syncing" kind="ReplicaSet" key="helmupgradeoperatorit-operator/hivemq-test-hivemq-platform-operator-6966f96d65" duration="31.129µs"
2025-01-28 23:53:50,422 DEBUG c.h.h.operator.HelmUpgradeOperatorIT - Operator deployed successfully
2025-01-28 23:53:50,501 DEBUG c.h.h.t.HelmChartContainer - Executing helm command: /bin/helm --kubeconfig /etc/rancher/k3s/k3s.yaml upgrade test-hivemq-platform-operator /charts/hivemq-platform-operator --wait --timeout 5m0s --set image.repository=docker.io/hivemq --set image.name=hivemq-platform-operator-test --set image.initImageName=hivemq-platform-operator-init-test --set image.tag=snapshot --set image.pullPolicy=Never --set logLevel=DEBUG --set resources.cpu=512m --set http.port=8081 --namespace helmupgradeoperatorit-operator
2025-01-28 23:53:50,932 INFO c.h.h.t.HelmChartContainer - [EVENT] Normal [ScalingReplicaSet] Scaled down replica set hivemq-test-hivemq-platform-operator-6966f96d65 from 1 to 0 [helmupgradeoperatorit-operator:hivemq-test-hivemq-platform-operator]
2025-01-28 23:53:50,937 INFO c.h.h.t.HelmChartContainer - [POD] hivemq-test-hivemq-platform-operator-6966f96d65-sxh7c [eba2ffca-48ec-42bc-9013-7adad63dbbb7] in helmupgradeoperatorit-operator was MODIFIED
2025-01-28 23:53:50,938 INFO c.h.h.t.HelmChartContainer - [EVENT] Normal [SuccessfulDelete] Deleted pod: hivemq-test-hivemq-platform-operator-6966f96d65-sxh7c [helmupgradeoperatorit-operator:hivemq-test-hivemq-platform-operator-6966f96d65]
2025-01-28 23:53:50,949 INFO c.h.h.t.HelmChartContainer - [K3S] [replica_set.go:679] "Finished syncing" kind="ReplicaSet" key="helmupgradeoperatorit-operator/hivemq-test-hivemq-platform-operator-6966f96d65" duration="20.967079ms"
2025-01-28 23:53:50,953 INFO c.h.h.t.HelmChartContainer - [EVENT] Normal [Killing] Stopping container hivemq-platform-operator [helmupgradeoperatorit-operator:hivemq-test-hivemq-platform-operator-6966f96d65-sxh7c]
2025-01-28 23:53:50,953 INFO c.h.h.t.HelmChartContainer - Received Killing event for container hivemq-platform-operator in pod hivemq-test-hivemq-platform-operator-6966f96d65-sxh7c [eba2ffca-48ec-42bc-9013-7adad63dbbb7]
2025-01-28 23:53:50,953 INFO c.h.h.t.HelmChartContainer - Container [hivemq-test-hivemq-platform-operator-6966f96d65-sxh7c] [hivemq-platform-operator] [eba2ffca-48ec-42bc-9013-7adad63dbbb7] was terminated
2025-01-28 23:53:50,953 INFO c.h.h.t.HelmChartContainer - Stopped log watcher for hivemq-platform-operator in pod hivemq-test-hivemq-platform-operator-6966f96d65-sxh7c [eba2ffca-48ec-42bc-9013-7adad63dbbb7]
2025-01-28 23:53:50,954 INFO c.h.h.t.HelmChartContainer - [hivemq-test-hivemq-platform] [hivemq-platform-operator] [eba2ffca] 23:53:50.953 [application-shutdown-thread] INFO  c.h.p.o.HiveMQPlatformOperatorApplication - HiveMQ Platform Operator is stopping...
2025-01-28 23:53:50,954 INFO c.h.h.t.HelmChartContainer - [hivemq-test-hivemq-platform] [hivemq-platform-operator] [eba2ffca] 23:53:50.953 [application-shutdown-thread] INFO  i.javaoperatorsdk.operator.Operator - Operator SDK 4.9.7 is shutting down...
2025-01-28 23:53:50,956 INFO c.h.h.t.HelmChartContainer - [K3S] [replica_set.go:679] "Finished syncing" kind="ReplicaSet" key="helmupgradeoperatorit-operator/hivemq-test-hivemq-platform-operator-6966f96d65" duration="6.896317ms"
2025-01-28 23:53:50,956 INFO c.h.h.t.HelmChartContainer - [K3S] [replica_set.go:679] "Finished syncing" kind="ReplicaSet" key="helmupgradeoperatorit-operator/hivemq-test-hivemq-platform-operator-6966f96d65" duration="43.151µs"
2025-01-28 23:53:52,079 INFO c.h.h.t.HelmChartContainer - [POD] hivemq-test-hivemq-platform-operator-6966f96d65-sxh7c [eba2ffca-48ec-42bc-9013-7adad63dbbb7] in helmupgradeoperatorit-operator was MODIFIED
2025-01-28 23:53:52,080 INFO c.h.h.t.HelmChartContainer - [K3S] [replica_set.go:679] "Finished syncing" kind="ReplicaSet" key="helmupgradeoperatorit-operator/hivemq-test-hivemq-platform-operator-6966f96d65" duration="38.292µs"
2025-01-28 23:53:52,171 INFO c.h.h.t.HelmChartContainer - [K3S] [reconciler_common.go:162] "operationExecutor.UnmountVolume started for volume \"kube-api-access-8sbxk\" (UniqueName: \"kubernetes.io/projected/eba2ffca-48ec-42bc-9013-7adad63dbbb7-kube-api-access-8sbxk\") pod \"eba2ffca-48ec-42bc-9013-7adad63dbbb7\" (UID: \"eba2ffca-48ec-42bc-9013-7adad63dbbb7\") "
2025-01-28 23:53:52,271 INFO c.h.h.t.HelmChartContainer - [K3S] [reconciler_common.go:299] "Volume detached for volume \"kube-api-access-8sbxk\" (UniqueName: \"kubernetes.io/projected/eba2ffca-48ec-42bc-9013-7adad63dbbb7-kube-api-access-8sbxk\") on node \"d225a9c0f526\" DevicePath \"\""
2025-01-28 23:53:52,359 INFO c.h.h.t.HelmChartContainer - [K3S] [scope.go:117] "RemoveContainer" containerID="ead199c2a7541d3a9f10a96236c5c740a894b1a166430ddd572f62bd27442de4"
2025-01-28 23:53:52,363 INFO c.h.h.t.HelmChartContainer - [K3S] [scope.go:117] "RemoveContainer" containerID="ead199c2a7541d3a9f10a96236c5c740a894b1a166430ddd572f62bd27442de4"
2025-01-28 23:53:52,371 INFO c.h.h.t.HelmChartContainer - [K3S] [replica_set.go:679] "Finished syncing" kind="ReplicaSet" key="helmupgradeoperatorit-operator/hivemq-test-hivemq-platform-operator-6966f96d65" duration="38.692µs"
2025-01-28 23:53:52,371 INFO c.h.h.t.HelmChartContainer - [POD] hivemq-test-hivemq-platform-operator-6966f96d65-sxh7c [eba2ffca-48ec-42bc-9013-7adad63dbbb7] in helmupgradeoperatorit-operator was MODIFIED
2025-01-28 23:53:52,373 INFO c.h.h.t.HelmChartContainer - [K3S] [replica_set.go:679] "Finished syncing" kind="ReplicaSet" key="helmupgradeoperatorit-operator/hivemq-test-hivemq-platform-operator-6966f96d65" duration="27.772µs"
2025-01-28 23:53:52,373 INFO c.h.h.t.HelmChartContainer - [POD] hivemq-test-hivemq-platform-operator-6966f96d65-sxh7c [eba2ffca-48ec-42bc-9013-7adad63dbbb7] in helmupgradeoperatorit-operator was DELETED
2025-01-28 23:53:52,381 INFO c.h.h.t.HelmChartContainer - [EVENT] Normal [ScalingReplicaSet] Scaled up replica set hivemq-test-hivemq-platform-operator-56497fff47 from 0 to 1 [helmupgradeoperatorit-operator:hivemq-test-hivemq-platform-operator]
2025-01-28 23:53:52,384 INFO c.h.h.t.HelmChartContainer - [POD] hivemq-test-hivemq-platform-operator-56497fff47-npb7q [921d00db-00b0-40fe-abb7-b0d6a7692be8] in helmupgradeoperatorit-operator was ADDED
2025-01-28 23:53:52,388 INFO c.h.h.t.HelmChartContainer - [EVENT] Normal [SuccessfulCreate] Created pod: hivemq-test-hivemq-platform-operator-56497fff47-npb7q [helmupgradeoperatorit-operator:hivemq-test-hivemq-platform-operator-56497fff47]
2025-01-28 23:53:52,389 INFO c.h.h.t.HelmChartContainer - [POD] hivemq-test-hivemq-platform-operator-56497fff47-npb7q [921d00db-00b0-40fe-abb7-b0d6a7692be8] in helmupgradeoperatorit-operator was MODIFIED
2025-01-28 23:53:52,391 INFO c.h.h.t.HelmChartContainer - [K3S] [memory_manager.go:355] "RemoveStaleState removing state" podUID="eba2ffca-48ec-42bc-9013-7adad63dbbb7" containerName="hivemq-platform-operator"
2025-01-28 23:53:52,393 INFO c.h.h.t.HelmChartContainer - [K3S] [replica_set.go:679] "Finished syncing" kind="ReplicaSet" key="helmupgradeoperatorit-operator/hivemq-test-hivemq-platform-operator-56497fff47" duration="15.116205ms"
2025-01-28 23:53:52,400 INFO c.h.h.t.HelmChartContainer - [EVENT] Normal [Scheduled] Successfully assigned helmupgradeoperatorit-operator/hivemq-test-hivemq-platform-operator-56497fff47-npb7q to d225a9c0f526 [helmupgradeoperatorit-operator:hivemq-test-hivemq-platform-operator-56497fff47-npb7q]
2025-01-28 23:53:52,408 INFO c.h.h.t.HelmChartContainer - [POD] hivemq-test-hivemq-platform-operator-56497fff47-npb7q [921d00db-00b0-40fe-abb7-b0d6a7692be8] in helmupgradeoperatorit-operator was MODIFIED
2025-01-28 23:53:52,409 INFO c.h.h.t.HelmChartContainer - [K3S] [replica_set.go:679] "Finished syncing" kind="ReplicaSet" key="helmupgradeoperatorit-operator/hivemq-test-hivemq-platform-operator-56497fff47" duration="14.381226ms"
2025-01-28 23:53:52,409 INFO c.h.h.t.HelmChartContainer - [K3S] [replica_set.go:679] "Finished syncing" kind="ReplicaSet" key="helmupgradeoperatorit-operator/hivemq-test-hivemq-platform-operator-56497fff47" duration="46.697µs"
2025-01-28 23:53:52,471 INFO c.h.h.t.HelmChartContainer - [K3S] [reconciler_common.go:251] "operationExecutor.VerifyControllerAttachedVolume started for volume \"kube-api-access-xkvgp\" (UniqueName: \"kubernetes.io/projected/921d00db-00b0-40fe-abb7-b0d6a7692be8-kube-api-access-xkvgp\") pod \"hivemq-test-hivemq-platform-operator-56497fff47-npb7q\" (UID: \"921d00db-00b0-40fe-abb7-b0d6a7692be8\") " pod="helmupgradeoperatorit-operator/hivemq-test-hivemq-platform-operator-56497fff47-npb7q"
2025-01-28 23:53:52,783 INFO c.h.h.t.HelmChartContainer - [EVENT] Normal [Pulled] Container image "docker.io/hivemq/hivemq-platform-operator-test:snapshot" already present on machine [helmupgradeoperatorit-operator:hivemq-test-hivemq-platform-operator-56497fff47-npb7q]
2025-01-28 23:53:52,783 INFO c.h.h.t.HelmChartContainer - Received Pulled event for container hivemq-platform-operator in pod hivemq-test-hivemq-platform-operator-56497fff47-npb7q [921d00db-00b0-40fe-abb7-b0d6a7692be8]
2025-01-28 23:53:52,789 INFO c.h.h.t.HelmChartContainer - [EVENT] Normal [Created] Created container: hivemq-platform-operator [helmupgradeoperatorit-operator:hivemq-test-hivemq-platform-operator-56497fff47-npb7q]
2025-01-28 23:53:52,789 INFO c.h.h.t.HelmChartContainer - Received Created event for container hivemq-platform-operator in pod hivemq-test-hivemq-platform-operator-56497fff47-npb7q [921d00db-00b0-40fe-abb7-b0d6a7692be8]
2025-01-28 23:53:53,372 INFO c.h.h.t.HelmChartContainer - [K3S] [replica_set.go:679] "Finished syncing" kind="ReplicaSet" key="helmupgradeoperatorit-operator/hivemq-test-hivemq-platform-operator-56497fff47" duration="41.899µs"
2025-01-28 23:53:53,372 INFO c.h.h.t.HelmChartContainer - [POD] hivemq-test-hivemq-platform-operator-56497fff47-npb7q [921d00db-00b0-40fe-abb7-b0d6a7692be8] in helmupgradeoperatorit-operator was MODIFIED
2025-01-28 23:53:53,382 INFO c.h.h.t.HelmChartContainer - [EVENT] Normal [Started] Started container hivemq-platform-operator [helmupgradeoperatorit-operator:hivemq-test-hivemq-platform-operator-56497fff47-npb7q]
2025-01-28 23:53:53,383 INFO c.h.h.t.HelmChartContainer - Received Started event for container hivemq-platform-operator in pod hivemq-test-hivemq-platform-operator-56497fff47-npb7q [921d00db-00b0-40fe-abb7-b0d6a7692be8]
2025-01-28 23:53:53,383 INFO c.h.h.t.HelmChartContainer - Started log watcher for hivemq-platform-operator in pod hivemq-test-hivemq-platform-operator-56497fff47-npb7q [921d00db-00b0-40fe-abb7-b0d6a7692be8]
2025-01-28 23:53:53,383 INFO c.h.h.t.HelmChartContainer - [hivemq-test-hivemq-platform] [hivemq-platform-operator] [921d00db] -------------------------------------------------------------------------
2025-01-28 23:53:53,383 INFO c.h.h.t.HelmChartContainer - [hivemq-test-hivemq-platform] [hivemq-platform-operator] [921d00db] 
2025-01-28 23:53:53,383 INFO c.h.h.t.HelmChartContainer - [hivemq-test-hivemq-platform] [hivemq-platform-operator] [921d00db]                   _    _  _              __  __   ____
2025-01-28 23:53:53,383 INFO c.h.h.t.HelmChartContainer - [hivemq-test-hivemq-platform] [hivemq-platform-operator] [921d00db]                  | |  | |(_)            |  \/  | / __ \
2025-01-28 23:53:53,383 INFO c.h.h.t.HelmChartContainer - [hivemq-test-hivemq-platform] [hivemq-platform-operator] [921d00db]                  | |__| | _ __   __ ___ | \  / || |  | |
2025-01-28 23:53:53,383 INFO c.h.h.t.HelmChartContainer - [hivemq-test-hivemq-platform] [hivemq-platform-operator] [921d00db]                  |  __  || |\ \ / // _ \| |\/| || |  | |
2025-01-28 23:53:53,383 INFO c.h.h.t.HelmChartContainer - [hivemq-test-hivemq-platform] [hivemq-platform-operator] [921d00db]                  | |  | || | \ V /|  __/| |  | || |__| |
2025-01-28 23:53:53,384 INFO c.h.h.t.HelmChartContainer - [hivemq-test-hivemq-platform] [hivemq-platform-operator] [921d00db]                  |_|  |_||_|  \_/  \___||_|  |_| \___\_\
2025-01-28 23:53:53,384 INFO c.h.h.t.HelmChartContainer - [hivemq-test-hivemq-platform] [hivemq-platform-operator] [921d00db] 
2025-01-28 23:53:53,384 INFO c.h.h.t.HelmChartContainer - [hivemq-test-hivemq-platform] [hivemq-platform-operator] [921d00db] -------------------------------------------------------------------------
2025-01-28 23:53:53,384 INFO c.h.h.t.HelmChartContainer - [hivemq-test-hivemq-platform] [hivemq-platform-operator] [921d00db] 
2025-01-28 23:53:53,384 INFO c.h.h.t.HelmChartContainer - [hivemq-test-hivemq-platform] [hivemq-platform-operator] [921d00db]   HiveMQ Platform Operator Start Script v1.0
2025-01-28 23:53:53,384 INFO c.h.h.t.HelmChartContainer - [hivemq-test-hivemq-platform] [hivemq-platform-operator] [921d00db] 
2025-01-28 23:53:53,384 INFO c.h.h.t.HelmChartContainer - [hivemq-test-hivemq-platform] [hivemq-platform-operator] [921d00db] -------------------------------------------------------------------------
2025-01-28 23:53:53,384 INFO c.h.h.t.HelmChartContainer - [hivemq-test-hivemq-platform] [hivemq-platform-operator] [921d00db] 
2025-01-28 23:53:53,384 INFO c.h.h.t.HelmChartContainer - [hivemq-test-hivemq-platform] [hivemq-platform-operator] [921d00db]   JAVA_OPTS: -XX:+UnlockExperimentalVMOptions -XX:InitialRAMPercentage=75 -XX:MaxRAMPercentage=75 -Duser.language=en -Duser.region=US
2025-01-28 23:53:53,384 INFO c.h.h.t.HelmChartContainer - [hivemq-test-hivemq-platform] [hivemq-platform-operator] [921d00db] 
2025-01-28 23:53:53,384 INFO c.h.h.t.HelmChartContainer - [hivemq-test-hivemq-platform] [hivemq-platform-operator] [921d00db]   JAVA_VERSION: 21
2025-01-28 23:53:53,384 INFO c.h.h.t.HelmChartContainer - [hivemq-test-hivemq-platform] [hivemq-platform-operator] [921d00db] 
2025-01-28 23:53:53,384 INFO c.h.h.t.HelmChartContainer - [hivemq-test-hivemq-platform] [hivemq-platform-operator] [921d00db] -------------------------------------------------------------------------
2025-01-28 23:53:53,384 INFO c.h.h.t.HelmChartContainer - [hivemq-test-hivemq-platform] [hivemq-platform-operator] [921d00db] 
2025-01-28 23:53:54,095 INFO c.h.h.t.HelmChartContainer - [K3S] [kubelet_volumes.go:163] "Cleaned up orphaned pod volumes dir" podUID="eba2ffca-48ec-42bc-9013-7adad63dbbb7" path="/var/lib/kubelet/pods/eba2ffca-48ec-42bc-9013-7adad63dbbb7/volumes"
2025-01-28 23:53:56,027 INFO c.h.h.t.HelmChartContainer - [hivemq-test-hivemq-platform] [hivemq-platform-operator] [921d00db] 23:53:55.948 [main] DEBUG org.jboss.logging - Logging Provider: org.jboss.logging.Slf4jLoggerProvider
2025-01-28 23:53:56,137 INFO c.h.h.t.HelmChartContainer - [hivemq-test-hivemq-platform] [hivemq-platform-operator] [921d00db] 23:53:56.135 [main] DEBUG io.smallrye.config - SRCFG01006: Loaded ConfigSource SysPropConfigSource with ordinal 400
2025-01-28 23:53:56,137 INFO c.h.h.t.HelmChartContainer - [hivemq-test-hivemq-platform] [hivemq-platform-operator] [921d00db] 23:53:56.135 [main] DEBUG io.smallrye.config - SRCFG01006: Loaded ConfigSource EnvConfigSource with ordinal 300
2025-01-28 23:53:56,138 INFO c.h.h.t.HelmChartContainer - [hivemq-test-hivemq-platform] [hivemq-platform-operator] [921d00db] 23:53:56.135 [main] DEBUG io.smallrye.config - SRCFG01006: Loaded ConfigSource PropertiesConfigSource[source=jar:file:///opt/hivemq-platform-operator/bin/hivemq-platform-operator.jar!/hivemq-platform-operator.properties] with ordinal 100
2025-01-28 23:53:56,138 INFO c.h.h.t.HelmChartContainer - [hivemq-test-hivemq-platform] [hivemq-platform-operator] [921d00db] 23:53:56.136 [main] DEBUG io.smallrye.config - SRCFG01006: Loaded ConfigSource DefaultValuesConfigSource with ordinal -2147483648
2025-01-28 23:53:56,239 INFO c.h.h.t.HelmChartContainer - [hivemq-test-hivemq-platform] [hivemq-platform-operator] [921d00db] 23:53:56.238 [main] DEBUG i.m.c.u.i.l.InternalLoggerFactory - Using SLF4J as the default logging framework
2025-01-28 23:53:56,345 INFO c.h.h.t.HelmChartContainer - [hivemq-test-hivemq-platform] [hivemq-platform-operator] [921d00db] 23:53:56.337 [main] INFO  c.h.p.o.HiveMQPlatformOperatorApplication - HiveMQ Platform Operator 1.7.0-SNAPSHOT (commit: bebf408 on branch: HEAD) built on Sun Jan 26 20:47:47 UTC 2025
2025-01-28 23:53:56,346 INFO c.h.h.t.HelmChartContainer - [hivemq-test-hivemq-platform] [hivemq-platform-operator] [921d00db] 23:53:56.345 [main] INFO  c.h.p.o.HiveMQPlatformOperatorApplication - HiveMQ Platform Operator is running in namespace: helmupgradeoperatorit-operator
2025-01-28 23:53:56,346 INFO c.h.h.t.HelmChartContainer - [hivemq-test-hivemq-platform] [hivemq-platform-operator] [921d00db] 23:53:56.345 [main] INFO  c.h.p.o.HiveMQPlatformOperatorApplication - Watching all namespaces
2025-01-28 23:53:56,346 INFO c.h.h.t.HelmChartContainer - [hivemq-test-hivemq-platform] [hivemq-platform-operator] [921d00db] 23:53:56.345 [main] INFO  c.h.p.o.HiveMQPlatformOperatorApplication - Log level: DEBUG
2025-01-28 23:53:56,347 INFO c.h.h.t.HelmChartContainer - [hivemq-test-hivemq-platform] [hivemq-platform-operator] [921d00db] 23:53:56.345 [main] INFO  c.h.p.o.HiveMQPlatformOperatorApplication - Release name: test-hivemq-platform-operator
2025-01-28 23:53:56,347 INFO c.h.h.t.HelmChartContainer - [hivemq-test-hivemq-platform] [hivemq-platform-operator] [921d00db] 23:53:56.345 [main] INFO  c.h.p.o.HiveMQPlatformOperatorApplication - HiveMQ Platform Operator Init image: docker.io/hivemq/hivemq-platform-operator-init-test:snapshot
2025-01-28 23:53:56,347 INFO c.h.h.t.HelmChartContainer - [hivemq-test-hivemq-platform] [hivemq-platform-operator] [921d00db] 23:53:56.345 [main] INFO  c.h.p.o.HiveMQPlatformOperatorApplication - HiveMQ Platform Operator Init App update URL: http://hivemq-platform-operator-test-hivemq-platform-operator.helmupgradeoperatorit-operator.svc:8081/initAppUpdate/hivemq-platform-operator-init-app-1.7.0-SNAPSHOT.jar
2025-01-28 23:53:56,347 INFO c.h.h.t.HelmChartContainer - [hivemq-test-hivemq-platform] [hivemq-platform-operator] [921d00db] 23:53:56.345 [main] INFO  c.h.p.o.HiveMQPlatformOperatorApplication - Additional imagePullSecret for all Platform deployments: none
2025-01-28 23:53:56,347 INFO c.h.h.t.HelmChartContainer - [hivemq-test-hivemq-platform] [hivemq-platform-operator] [921d00db] 23:53:56.345 [main] INFO  c.h.p.o.HiveMQPlatformOperatorApplication - Apply HiveMQ Platform CRD: true
2025-01-28 23:53:56,347 INFO c.h.h.t.HelmChartContainer - [hivemq-test-hivemq-platform] [hivemq-platform-operator] [921d00db] 23:53:56.345 [main] INFO  c.h.p.o.HiveMQPlatformOperatorApplication - Create Platform ServiceAccount: true
2025-01-28 23:53:56,347 INFO c.h.h.t.HelmChartContainer - [hivemq-test-hivemq-platform] [hivemq-platform-operator] [921d00db] 23:53:56.345 [main] INFO  c.h.p.o.HiveMQPlatformOperatorApplication - Create Platform ServiceAccount permissions: true
2025-01-28 23:53:56,347 INFO c.h.h.t.HelmChartContainer - [hivemq-test-hivemq-platform] [hivemq-platform-operator] [921d00db] 23:53:56.345 [main] INFO  c.h.p.o.HiveMQPlatformOperatorApplication - Validate Platform ServiceAccount: true
2025-01-28 23:53:56,347 INFO c.h.h.t.HelmChartContainer - [hivemq-test-hivemq-platform] [hivemq-platform-operator] [921d00db] 23:53:56.345 [main] INFO  c.h.p.o.HiveMQPlatformOperatorApplication - Validate Platform ServiceAccount permissions: true
2025-01-28 23:53:56,539 INFO c.h.h.t.HelmChartContainer - [hivemq-test-hivemq-platform] [hivemq-platform-operator] [921d00db] 23:53:56.538 [main] INFO  c.h.platform.operator.util.CRDUtil - Verifying deployed HiveMQ Platform CRD...
2025-01-28 23:53:58,845 INFO c.h.h.t.HelmChartContainer - [hivemq-test-hivemq-platform] [hivemq-platform-operator] [921d00db] 23:53:58.844 [main] DEBUG c.h.platform.operator.util.CRDUtil - HiveMQ Platform CRD version v1 is up to date
2025-01-28 23:53:58,845 INFO c.h.h.t.HelmChartContainer - [hivemq-test-hivemq-platform] [hivemq-platform-operator] [921d00db] 23:53:58.844 [main] INFO  c.h.platform.operator.util.CRDUtil - HiveMQ Platform CRD is up to date (version: V1_6_0)
2025-01-28 23:53:58,927 INFO c.h.h.t.HelmChartContainer - [hivemq-test-hivemq-platform] [hivemq-platform-operator] [921d00db] 23:53:58.844 [main] INFO  c.h.platform.operator.util.CRDUtil - Waiting 10000 ms for HiveMQ Platform CRD 'hivemq-platforms.hivemq.com' to become ready...
2025-01-28 23:53:59,229 INFO c.h.h.t.HelmChartContainer - [hivemq-test-hivemq-platform] [hivemq-platform-operator] [921d00db] 23:53:59.227 [vert.x-eventloop-thread-1] DEBUG c.h.platform.operator.util.CRDUtil - Checking CRD condition 'NamesAccepted' (status: 'True')
2025-01-28 23:53:59,230 INFO c.h.h.t.HelmChartContainer - [hivemq-test-hivemq-platform] [hivemq-platform-operator] [921d00db] 23:53:59.228 [vert.x-eventloop-thread-1] DEBUG c.h.platform.operator.util.CRDUtil - Checking CRD condition 'Established' (status: 'True')
2025-01-28 23:53:59,230 INFO c.h.h.t.HelmChartContainer - [hivemq-test-hivemq-platform] [hivemq-platform-operator] [921d00db] 23:53:59.229 [main] INFO  c.h.platform.operator.util.CRDUtil - HiveMQ Platform CRD 'hivemq-platforms.hivemq.com' is ready
2025-01-28 23:53:59,340 INFO c.h.h.t.HelmChartContainer - [hivemq-test-hivemq-platform] [hivemq-platform-operator] [921d00db] 23:53:59.339 [main] INFO  c.h.p.o.HiveMQPlatformReconciler - HiveMQ Platform Operator is starting...
2025-01-28 23:53:59,439 INFO c.h.h.t.HelmChartContainer - [hivemq-test-hivemq-platform] [hivemq-platform-operator] [921d00db] 23:53:59.438 [main] WARN  Default ConfigurationService implementation - Configuration for reconciler 'hivemq-controller' was not found. Known reconcilers: None.
2025-01-28 23:53:59,445 INFO c.h.h.t.HelmChartContainer - [hivemq-test-hivemq-platform] [hivemq-platform-operator] [921d00db] 23:53:59.445 [main] INFO  Default ConfigurationService implementation - Created configuration for reconciler com.hivemq.platform.operator.HiveMQPlatformReconciler with name hivemq-controller
2025-01-28 23:53:59,548 INFO c.h.h.t.HelmChartContainer - [hivemq-test-hivemq-platform] [hivemq-platform-operator] [921d00db] 23:53:59.547 [main] DEBUG c.h.p.o.HiveMQPlatformReconciler - HiveMQ Platform Operator is preparing EventSources
2025-01-28 23:53:59,636 INFO c.h.h.t.HelmChartContainer - [hivemq-test-hivemq-platform] [hivemq-platform-operator] [921d00db] 23:53:59.635 [main] INFO  i.javaoperatorsdk.operator.Operator - Registered reconciler: 'hivemq-controller' for resource: 'class com.hivemq.platform.operator.v1.HiveMQPlatform' for namespace(s): [all namespaces]
2025-01-28 23:54:00,231 INFO c.h.h.t.HelmChartContainer - [hivemq-test-hivemq-platform] [hivemq-platform-operator] [921d00db] 23:54:00.230 [main] INFO  c.h.p.operator.webserver.JettyServer - Starting Jetty server on port 8081
2025-01-28 23:54:00,328 INFO c.h.h.t.HelmChartContainer - [hivemq-test-hivemq-platform] [hivemq-platform-operator] [921d00db] 23:54:00.326 [main] INFO  i.javaoperatorsdk.operator.Operator - Operator SDK 4.9.7 (commit: 2133d28) built on Wed Nov 20 12:56:20 UTC 2024 starting...
2025-01-28 23:54:00,328 INFO c.h.h.t.HelmChartContainer - [hivemq-test-hivemq-platform] [hivemq-platform-operator] [921d00db] 23:54:00.326 [main] INFO  i.javaoperatorsdk.operator.Operator - Client version: 6.13.4
2025-01-28 23:54:00,330 INFO c.h.h.t.HelmChartContainer - [hivemq-test-hivemq-platform] [hivemq-platform-operator] [921d00db] 23:54:00.327 [Controller Starter for: hivemq-controller] INFO  i.j.operator.processing.Controller - Starting 'hivemq-controller' controller for reconciler: com.hivemq.platform.operator.HiveMQPlatformReconciler, resource: com.hivemq.platform.operator.v1.HiveMQPlatform
2025-01-28 23:54:02,427 INFO c.h.h.t.HelmChartContainer - [hivemq-test-hivemq-platform] [hivemq-platform-operator] [921d00db] 23:54:02.426 [Controller Starter for: hivemq-controller] INFO  i.j.operator.processing.Controller - 'hivemq-controller' controller started
2025-01-28 23:54:02,427 INFO c.h.h.t.HelmChartContainer - [hivemq-test-hivemq-platform] [hivemq-platform-operator] [921d00db] 23:54:02.426 [main] INFO  c.h.p.o.HiveMQPlatformOperatorApplication - HiveMQ Platform Operator 1.7.0-SNAPSHOT started in 6089 ms
2025-01-28 23:54:04,386 INFO c.h.h.t.HelmChartContainer - [POD] hivemq-test-hivemq-platform-operator-56497fff47-npb7q [921d00db-00b0-40fe-abb7-b0d6a7692be8] in helmupgradeoperatorit-operator was MODIFIED
2025-01-28 23:54:04,395 INFO c.h.h.t.HelmChartContainer - [K3S] [replica_set.go:679] "Finished syncing" kind="ReplicaSet" key="helmupgradeoperatorit-operator/hivemq-test-hivemq-platform-operator-56497fff47" duration="14.079812ms"
2025-01-28 23:54:04,397 INFO c.h.h.t.HelmChartContainer - [K3S] [replica_set.go:679] "Finished syncing" kind="ReplicaSet" key="helmupgradeoperatorit-operator/hivemq-test-hivemq-platform-operator-56497fff47" duration="49.813µs"
2025-01-28 23:54:05,038 INFO c.h.h.t.HelmChartContainer - Uninstalling release 'test-hivemq-platform-operator' in namespace 'helmupgradeoperatorit-operator'...
2025-01-28 23:54:05,038 DEBUG c.h.h.t.HelmChartContainer - Executing helm command: /bin/helm --kubeconfig /etc/rancher/k3s/k3s.yaml uninstall test-hivemq-platform-operator  --wait --timeout 5m0s --cascade foreground --namespace helmupgradeoperatorit-operator
2025-01-28 23:54:05,223 INFO c.h.h.t.HelmChartContainer - [K3S] [replica_set.go:679] "Finished syncing" kind="ReplicaSet" key="helmupgradeoperatorit-operator/hivemq-test-hivemq-platform-operator-6966f96d65" duration="5.911µs"
2025-01-28 23:54:05,230 INFO c.h.h.t.HelmChartContainer - [K3S] [replica_set.go:679] "Finished syncing" kind="ReplicaSet" key="helmupgradeoperatorit-operator/hivemq-test-hivemq-platform-operator-56497fff47" duration="8.782532ms"
2025-01-28 23:54:05,232 INFO c.h.h.t.HelmChartContainer - [K3S] [replica_set.go:679] "Finished syncing" kind="ReplicaSet" key="helmupgradeoperatorit-operator/hivemq-test-hivemq-platform-operator-56497fff47" duration="36.007µs"
2025-01-28 23:54:05,295 INFO c.h.h.t.HelmChartContainer - [POD] hivemq-test-hivemq-platform-operator-56497fff47-npb7q [921d00db-00b0-40fe-abb7-b0d6a7692be8] in helmupgradeoperatorit-operator was MODIFIED
2025-01-28 23:54:05,298 INFO c.h.h.t.HelmChartContainer - [EVENT] Normal [Killing] Stopping container hivemq-platform-operator [helmupgradeoperatorit-operator:hivemq-test-hivemq-platform-operator-56497fff47-npb7q]
2025-01-28 23:54:05,298 INFO c.h.h.t.HelmChartContainer - Received Killing event for container hivemq-platform-operator in pod hivemq-test-hivemq-platform-operator-56497fff47-npb7q [921d00db-00b0-40fe-abb7-b0d6a7692be8]
2025-01-28 23:54:05,298 INFO c.h.h.t.HelmChartContainer - Container [hivemq-test-hivemq-platform-operator-56497fff47-npb7q] [hivemq-platform-operator] [921d00db-00b0-40fe-abb7-b0d6a7692be8] was terminated
2025-01-28 23:54:05,298 INFO c.h.h.t.HelmChartContainer - Stopped log watcher for hivemq-platform-operator in pod hivemq-test-hivemq-platform-operator-56497fff47-npb7q [921d00db-00b0-40fe-abb7-b0d6a7692be8]
2025-01-28 23:54:05,300 INFO c.h.h.t.HelmChartContainer - [K3S] [replica_set.go:679] "Finished syncing" kind="ReplicaSet" key="helmupgradeoperatorit-operator/hivemq-test-hivemq-platform-operator-56497fff47" duration="5.884255ms"
2025-01-28 23:54:05,300 INFO c.h.h.t.HelmChartContainer - [K3S] [replica_set.go:679] "Finished syncing" kind="ReplicaSet" key="helmupgradeoperatorit-operator/hivemq-test-hivemq-platform-operator-56497fff47" duration="36.548µs"
2025-01-28 23:54:05,307 INFO c.h.h.t.HelmChartContainer - [hivemq-test-hivemq-platform] [hivemq-platform-operator] [921d00db] 23:54:05.305 [application-shutdown-thread] INFO  c.h.p.o.HiveMQPlatformOperatorApplication - HiveMQ Platform Operator is stopping...
2025-01-28 23:54:05,307 INFO c.h.h.t.HelmChartContainer - [hivemq-test-hivemq-platform] [hivemq-platform-operator] [921d00db] 23:54:05.306 [application-shutdown-thread] INFO  i.javaoperatorsdk.operator.Operator - Operator SDK 4.9.7 is shutting down...
2025-01-28 23:54:05,867 INFO c.h.h.t.HelmChartContainer - [K3S] [replica_set.go:679] "Finished syncing" kind="ReplicaSet" key="helmupgradeoperatorit-operator/hivemq-test-hivemq-platform-operator-56497fff47" duration="40.706µs"
2025-01-28 23:54:05,868 INFO c.h.h.t.HelmChartContainer - [POD] hivemq-test-hivemq-platform-operator-56497fff47-npb7q [921d00db-00b0-40fe-abb7-b0d6a7692be8] in helmupgradeoperatorit-operator was MODIFIED
2025-01-28 23:54:05,953 INFO c.h.h.t.HelmChartContainer - [K3S] [reconciler_common.go:162] "operationExecutor.UnmountVolume started for volume \"kube-api-access-xkvgp\" (UniqueName: \"kubernetes.io/projected/921d00db-00b0-40fe-abb7-b0d6a7692be8-kube-api-access-xkvgp\") pod \"921d00db-00b0-40fe-abb7-b0d6a7692be8\" (UID: \"921d00db-00b0-40fe-abb7-b0d6a7692be8\") "
2025-01-28 23:54:06,053 INFO c.h.h.t.HelmChartContainer - [K3S] [reconciler_common.go:299] "Volume detached for volume \"kube-api-access-xkvgp\" (UniqueName: \"kubernetes.io/projected/921d00db-00b0-40fe-abb7-b0d6a7692be8-kube-api-access-xkvgp\") on node \"d225a9c0f526\" DevicePath \"\""
2025-01-28 23:54:06,382 INFO c.h.h.t.HelmChartContainer - [K3S] [scope.go:117] "RemoveContainer" containerID="b13066474ebc1fcad5cd8fa79669cc87c3aa5c39fef059a578aea1b8884885b1"
2025-01-28 23:54:06,386 INFO c.h.h.t.HelmChartContainer - [K3S] [scope.go:117] "RemoveContainer" containerID="b13066474ebc1fcad5cd8fa79669cc87c3aa5c39fef059a578aea1b8884885b1"
2025-01-28 23:54:06,392 INFO c.h.h.t.HelmChartContainer - [K3S] [replica_set.go:679] "Finished syncing" kind="ReplicaSet" key="helmupgradeoperatorit-operator/hivemq-test-hivemq-platform-operator-56497fff47" duration="45.255µs"
2025-01-28 23:54:06,395 INFO c.h.h.t.HelmChartContainer - [K3S] [replica_set.go:679] "Finished syncing" kind="ReplicaSet" key="helmupgradeoperatorit-operator/hivemq-test-hivemq-platform-operator-56497fff47" duration="28.523µs"
2025-01-28 23:54:06,396 INFO c.h.h.t.HelmChartContainer - [POD] hivemq-test-hivemq-platform-operator-56497fff47-npb7q [921d00db-00b0-40fe-abb7-b0d6a7692be8] in helmupgradeoperatorit-operator was MODIFIED
2025-01-28 23:54:06,396 INFO c.h.h.t.HelmChartContainer - [POD] hivemq-test-hivemq-platform-operator-56497fff47-npb7q [921d00db-00b0-40fe-abb7-b0d6a7692be8] in helmupgradeoperatorit-operator was DELETED
2025-01-28 23:54:06,404 INFO c.h.h.t.HelmChartContainer - [K3S] [replica_set.go:679] "Finished syncing" kind="ReplicaSet" key="helmupgradeoperatorit-operator/hivemq-test-hivemq-platform-operator-56497fff47" duration="6.041µs"
2025-01-28 23:54:07,276 INFO c.h.h.t.HelmChartContainer - Deleting namespace 'helmupgradeoperatorit-operator'...
2025-01-28 23:54:08,094 INFO c.h.h.t.HelmChartContainer - [K3S] [kubelet_volumes.go:163] "Cleaned up orphaned pod volumes dir" podUID="921d00db-00b0-40fe-abb7-b0d6a7692be8" path="/var/lib/kubelet/pods/921d00db-00b0-40fe-abb7-b0d6a7692be8/volumes"
2025-01-28 23:54:12,493 INFO c.h.h.t.HelmChartContainer - Namespace 'helmupgradeoperatorit-operator' deleted
2025-01-28 23:54:12,493 INFO c.h.h.t.HelmChartContainer - Release 'test-hivemq-platform-operator' in namespace 'helmupgradeoperatorit-operator' is uninstalled
2025-01-28 23:54:13,201 INFO c.h.helmcharts.AbstractHelmChartIT - Removed unused containers:

2025-01-28 23:54:17,418 INFO c.h.h.t.HelmChartContainer - [K3S] [namespace_controller.go:187] "Namespace has been deleted" namespace="helmupgradeoperatorit-operator"
2025-01-28 23:54:19,441 INFO c.h.helmcharts.AbstractHelmChartIT - Removed unused snapshots:
Removing snapshot sha256:03af251906410714c5aef9fa705b63f6bbc39c4a5e787de7361eeb18886c2ed2
Removing snapshot sha256:0c46b3b43cce082ce5ec34ffc6c294e0417d17b9d1e6f366d114b6aadc4f96dc
Removing snapshot sha256:0ce761beee59082d6ed5bcebd3a805b8ddd9b3426b617e4809e7fb7c6587ffec
Removing snapshot sha256:1021ef88c7974bfff89c5a0ec4fd3160daac6c48a075f74cff721f85dd104e68
Removing snapshot sha256:10aba4953ddc18145dd38e3704709bc464aa20af60b56fe52caaff4b68411e62
Removing snapshot sha256:2573e0d8158209ed54ab25c87bcdcb00bd3d2539246960a3d592a1c599d70465
Removing snapshot sha256:362a8a37f8bbc31925a8146adcf7cf51f9882f5c1dcbef67c5baa03a297543c0
Removing snapshot sha256:3fa4ad33f0ddc8fd45b39b6b4640f82a3a83619606cd975bfe89d8710ad2d4cd
Removing snapshot sha256:43a7c979bbaba6838bc3102d6b10a1459f3ab050b87ccdfef84ef90cf43d3058
Removing snapshot sha256:4ab04491cdf0d3267f08206fe30bd48f49f94b9cab2f016d6739220f722a64af
Removing snapshot sha256:4b6068250e89c96f263060261819c7d912855bfbd64b3eb4c4a8483299b8c295
Removing snapshot sha256:580e69a0a8034ede1921139bbd2bfb72a69ebf276d008281896c32dd8bf74775
Removing snapshot sha256:5d30ba46b27fe37484567ccc5242cadc78217b8da605f3f195ef25cbf7487904
Removing snapshot sha256:63ca1fbb43ae5034640e5e6cb3e083e05c290072c5366fcaa9d62435a4cced85
Removing snapshot sha256:67f702c6baae873bceb19487c8b1f27bd2b86077e4f2f0e480e6d60ab508b8f5
Removing snapshot sha256:6864348dd42806d552efdec384f1274be15e2d0c10ce44c1f04347af004c10a9
Removing snapshot sha256:6c7dee8f2c39b84b7dc2711c01d33de93514d9055499173e9290176fbe484b6c
Removing snapshot sha256:82753493a6d61ded36556292f02f31841a14c20d2f279f19eaad65afb661d5cd
Removing snapshot sha256:8a10d3db42c505ee0fcfa98417bdd7e39b304f6bcc0a06bb1b220797ff2cc63c
Removing snapshot sha256:a21e5b12dbac529ad45d976eb9ce45c881f3bedcc500fb30aba1e52aa1813418
Removing snapshot sha256:b921e6c28969094157f9b8e7244677780319637afd14450b7cb6b2fdea558a0c
Removing snapshot sha256:bc27ecb5769a00e309cf99ebc763c4a4b958b618d1decc96ffac5bc05f02f5b7
Removing snapshot sha256:be3ccb6627a5332e309d45ef461d09b4879dd870c7394d89323d0ebc6ca6aa8a
Removing snapshot sha256:c261f7cbbc64211ee175ee47273acdb7b1a36a4450b397a064a8f2c026490095
Removing snapshot sha256:c34d9393647eea0c9e3557ab988efaf59f61d10a2a5613b439ef0958cca5ec10
Removing snapshot sha256:ccf3c4a0fa967a41c1c83497a2ce6fa5787965859df0adb32c4ca2cf7490bc2b
Removing snapshot sha256:cf92d33f869417309692088c341cd0f223c178ea78a125f757317b22aa8f90e9
Removing snapshot sha256:d0037344cf2fb078884f1849f6a1f8cf9a33a3b6139b6a85833e5ee528e1f9a8
Removing snapshot sha256:d3b36d5b79273b1e98e7700470eaeff05a882e777124d84cebcc1505b85ecb36
Removing snapshot sha256:d65a44a37914602d12c611e5e22a50f11451d847e63015cc1c2aef92dee777a4
Removing snapshot sha256:e2dc0bae2455930f23ae570e019b7f32edc75c0f2d71cab084db837ff9051796
Removing snapshot sha256:e31519795c7e3df686c447a21ec8d2eb301388a5e39ccf7f20a25c6f6ce3a522
Removing snapshot sha256:e9e86ed11d9bebc0707dd6f1166c51237ebb44f98657241f943261b2675a5449
Removing snapshot sha256:eb25498942e02e99bbfdb91d44eb089f45bfda03c16b2b65f39531148a9b19c8
Removing snapshot sha256:eccbd24a99c60cd9e86ee5305dbfc4a4dc89f5ab4fb1f06c8d64797cecedef34
Removing snapshot sha256:f144bb4c7c7f0d2aa7eeffd36d934ec40db1ee167be727e326aad9fdc616f475

2025-01-28 23:54:19,442 WARN c.h.helmcharts.AbstractHelmChartIT - Error during removal of snapshots:
ctr: failed to remove "sha256:03af251906410714c5aef9fa705b63f6bbc39c4a5e787de7361eeb18886c2ed2": cannot remove snapshot with child: failed precondition
ctr: failed to remove "sha256:0c46b3b43cce082ce5ec34ffc6c294e0417d17b9d1e6f366d114b6aadc4f96dc": cannot remove snapshot with child: failed precondition
ctr: failed to remove "sha256:0ce761beee59082d6ed5bcebd3a805b8ddd9b3426b617e4809e7fb7c6587ffec": cannot remove snapshot with child: failed precondition
ctr: failed to remove "sha256:1021ef88c7974bfff89c5a0ec4fd3160daac6c48a075f74cff721f85dd104e68": cannot remove snapshot with child: failed precondition
ctr: failed to remove "sha256:10aba4953ddc18145dd38e3704709bc464aa20af60b56fe52caaff4b68411e62": cannot remove snapshot with child: failed precondition
ctr: failed to remove "sha256:2573e0d8158209ed54ab25c87bcdcb00bd3d2539246960a3d592a1c599d70465": cannot remove snapshot with child: failed precondition
ctr: failed to remove "sha256:362a8a37f8bbc31925a8146adcf7cf51f9882f5c1dcbef67c5baa03a297543c0": cannot remove snapshot with child: failed precondition
ctr: failed to remove "sha256:3fa4ad33f0ddc8fd45b39b6b4640f82a3a83619606cd975bfe89d8710ad2d4cd": cannot remove snapshot with child: failed precondition
ctr: failed to remove "sha256:43a7c979bbaba6838bc3102d6b10a1459f3ab050b87ccdfef84ef90cf43d3058": cannot remove snapshot with child: failed precondition
ctr: failed to remove "sha256:4ab04491cdf0d3267f08206fe30bd48f49f94b9cab2f016d6739220f722a64af": cannot remove snapshot with child: failed precondition
ctr: failed to remove "sha256:4b6068250e89c96f263060261819c7d912855bfbd64b3eb4c4a8483299b8c295": cannot remove snapshot with child: failed precondition
ctr: failed to remove "sha256:580e69a0a8034ede1921139bbd2bfb72a69ebf276d008281896c32dd8bf74775": cannot remove snapshot with child: failed precondition
ctr: failed to remove "sha256:5d30ba46b27fe37484567ccc5242cadc78217b8da605f3f195ef25cbf7487904": cannot remove snapshot with child: failed precondition
ctr: failed to remove "sha256:63ca1fbb43ae5034640e5e6cb3e083e05c290072c5366fcaa9d62435a4cced85": cannot remove snapshot with child: failed precondition
ctr: failed to remove "sha256:67f702c6baae873bceb19487c8b1f27bd2b86077e4f2f0e480e6d60ab508b8f5": cannot remove snapshot with child: failed precondition
ctr: failed to remove "sha256:6864348dd42806d552efdec384f1274be15e2d0c10ce44c1f04347af004c10a9": cannot remove snapshot with child: failed precondition
ctr: failed to remove "sha256:6c7dee8f2c39b84b7dc2711c01d33de93514d9055499173e9290176fbe484b6c": cannot remove snapshot with child: failed precondition
ctr: failed to remove "sha256:82753493a6d61ded36556292f02f31841a14c20d2f279f19eaad65afb661d5cd": cannot remove snapshot with child: failed precondition
ctr: failed to remove "sha256:8a10d3db42c505ee0fcfa98417bdd7e39b304f6bcc0a06bb1b220797ff2cc63c": cannot remove snapshot with child: failed precondition
ctr: failed to remove "sha256:a21e5b12dbac529ad45d976eb9ce45c881f3bedcc500fb30aba1e52aa1813418": cannot remove snapshot with child: failed precondition
ctr: failed to remove "sha256:b921e6c28969094157f9b8e7244677780319637afd14450b7cb6b2fdea558a0c": cannot remove snapshot with child: failed precondition
ctr: failed to remove "sha256:bc27ecb5769a00e309cf99ebc763c4a4b958b618d1decc96ffac5bc05f02f5b7": cannot remove snapshot with child: failed precondition
ctr: failed to remove "sha256:be3ccb6627a5332e309d45ef461d09b4879dd870c7394d89323d0ebc6ca6aa8a": cannot remove snapshot with child: failed precondition
ctr: failed to remove "sha256:c261f7cbbc64211ee175ee47273acdb7b1a36a4450b397a064a8f2c026490095": cannot remove snapshot with child: failed precondition
ctr: failed to remove "sha256:c34d9393647eea0c9e3557ab988efaf59f61d10a2a5613b439ef0958cca5ec10": cannot remove snapshot with child: failed precondition
ctr: failed to remove "sha256:ccf3c4a0fa967a41c1c83497a2ce6fa5787965859df0adb32c4ca2cf7490bc2b": cannot remove snapshot with child: failed precondition
ctr: failed to remove "sha256:cf92d33f869417309692088c341cd0f223c178ea78a125f757317b22aa8f90e9": cannot remove snapshot with child: failed precondition
ctr: failed to remove "sha256:d0037344cf2fb078884f1849f6a1f8cf9a33a3b6139b6a85833e5ee528e1f9a8": cannot remove snapshot with child: failed precondition
ctr: failed to remove "sha256:d3b36d5b79273b1e98e7700470eaeff05a882e777124d84cebcc1505b85ecb36": cannot remove snapshot with child: failed precondition
ctr: failed to remove "sha256:d65a44a37914602d12c611e5e22a50f11451d847e63015cc1c2aef92dee777a4": cannot remove snapshot with child: failed precondition
ctr: failed to remove "sha256:e2dc0bae2455930f23ae570e019b7f32edc75c0f2d71cab084db837ff9051796": cannot remove snapshot with child: failed precondition
ctr: failed to remove "sha256:e31519795c7e3df686c447a21ec8d2eb301388a5e39ccf7f20a25c6f6ce3a522": cannot remove snapshot with child: failed precondition
ctr: failed to remove "sha256:e9e86ed11d9bebc0707dd6f1166c51237ebb44f98657241f943261b2675a5449": cannot remove snapshot with child: failed precondition
ctr: failed to remove "sha256:eccbd24a99c60cd9e86ee5305dbfc4a4dc89f5ab4fb1f06c8d64797cecedef34": cannot remove snapshot with child: failed precondition
ctr: failed to remove "sha256:f144bb4c7c7f0d2aa7eeffd36d934ec40db1ee167be727e326aad9fdc616f475": cannot remove snapshot with child: failed precondition

]]></system-out>
  </testcase>
  <system-out><![CDATA[2025-01-28 23:53:35,891 INFO c.h.h.t.HelmChartContainerExtension - Using cached HelmChartContainer instance
]]></system-out>
  <system-err><![CDATA[]]></system-err>
</testsuite>
