<?xml version="1.0" encoding="UTF-8"?>
<testsuite name="com.hivemq.helmcharts.platform.HelmPlatformTlsIT" tests="2" skipped="0" failures="0" errors="0" timestamp="2025-01-29T13:19:56" hostname="fv-az1047-752" time="226.39">
  <properties/>
  <testcase name="platformChart_whenTlsEnabled_hivemqRunning(Path)" classname="com.hivemq.helmcharts.platform.HelmPlatformTlsIT" time="115.699">
    <system-out><![CDATA[2025-01-29 13:19:56,341 INFO c.h.h.t.HelmChartContainer - Creating namespace 'helmplatformtlsit-operator'...
2025-01-29 13:19:56,651 INFO c.h.h.t.HelmChartContainer - [POD] coredns-ff8999cc5-bvlfw [0ba473a3-7aab-4e60-9317-7f7633f4b6a1] in kube-system was ADDED
2025-01-29 13:19:56,653 INFO c.h.h.t.HelmChartContainer - Namespace 'helmplatformtlsit-operator' created
2025-01-29 13:19:56,653 INFO c.h.h.t.HelmChartContainer - Creating namespace 'helmplatformtlsit'...
2025-01-29 13:19:56,654 INFO c.h.h.t.HelmChartContainer - [POD] local-path-provisioner-698b58967b-c8qn9 [71af56ce-b8e5-42de-ae4d-df8ed05242a0] in kube-system was ADDED
2025-01-29 13:19:56,657 INFO c.h.h.t.HelmChartContainer - [POD] metrics-server-8584b5786c-wd8kh [d74c3bec-8916-4c1d-b06a-06935f7d810e] in kube-system was ADDED
2025-01-29 13:19:56,669 INFO c.h.h.t.HelmChartContainer - Namespace 'helmplatformtlsit' created
2025-01-29 13:19:56,769 DEBUG c.h.h.t.HelmChartContainer - Executing helm command: /bin/helm --kubeconfig /etc/rancher/k3s/k3s.yaml install test-hivemq-platform-operator /charts/hivemq-platform-operator --wait --timeout 5m0s --set image.repository=docker.io/hivemq --set image.name=hivemq-platform-operator-test --set image.initImageName=hivemq-platform-operator-init-test --set image.tag=snapshot --set image.pullPolicy=Never --set logLevel=DEBUG --set resources.cpu=512m --namespace helmplatformtlsit-operator
2025-01-29 13:19:59,161 INFO c.h.h.t.HelmChartContainer - [K3S] [alloc.go:330] "allocated clusterIPs" service="helmplatformtlsit-operator/hivemq-platform-operator-test-hivemq-platform-operator" clusterIPs={"IPv4":"10.43.75.58"}
2025-01-29 13:19:59,175 INFO c.h.h.t.HelmChartContainer - [EVENT] Normal [ScalingReplicaSet] Scaled up replica set hivemq-test-hivemq-platform-operator-6966f96d65 from 0 to 1 [helmplatformtlsit-operator:hivemq-test-hivemq-platform-operator]
2025-01-29 13:19:59,186 INFO c.h.h.t.HelmChartContainer - [POD] hivemq-test-hivemq-platform-operator-6966f96d65-xqfkq [74cc6521-c592-4808-8091-3e3902c29ffe] in helmplatformtlsit-operator was ADDED
2025-01-29 13:19:59,191 INFO c.h.h.t.HelmChartContainer - [K3S] [replica_set.go:679] "Finished syncing" kind="ReplicaSet" key="helmplatformtlsit-operator/hivemq-test-hivemq-platform-operator-6966f96d65" duration="17.122202ms"
2025-01-29 13:19:59,192 INFO c.h.h.t.HelmChartContainer - [EVENT] Normal [SuccessfulCreate] Created pod: hivemq-test-hivemq-platform-operator-6966f96d65-xqfkq [helmplatformtlsit-operator:hivemq-test-hivemq-platform-operator-6966f96d65]
2025-01-29 13:19:59,197 INFO c.h.h.t.HelmChartContainer - [POD] hivemq-test-hivemq-platform-operator-6966f96d65-xqfkq [74cc6521-c592-4808-8091-3e3902c29ffe] in helmplatformtlsit-operator was MODIFIED
2025-01-29 13:19:59,197 INFO c.h.h.t.HelmChartContainer - [EVENT] Normal [Scheduled] Successfully assigned helmplatformtlsit-operator/hivemq-test-hivemq-platform-operator-6966f96d65-xqfkq to bd3ce72ce098 [helmplatformtlsit-operator:hivemq-test-hivemq-platform-operator-6966f96d65-xqfkq]
2025-01-29 13:19:59,225 INFO c.h.h.t.HelmChartContainer - [POD] hivemq-test-hivemq-platform-operator-6966f96d65-xqfkq [74cc6521-c592-4808-8091-3e3902c29ffe] in helmplatformtlsit-operator was MODIFIED
2025-01-29 13:19:59,226 INFO c.h.h.t.HelmChartContainer - [K3S] [replica_set.go:679] "Finished syncing" kind="ReplicaSet" key="helmplatformtlsit-operator/hivemq-test-hivemq-platform-operator-6966f96d65" duration="35.618437ms"
2025-01-29 13:19:59,231 INFO c.h.h.t.HelmChartContainer - [K3S] [reconciler_common.go:251] "operationExecutor.VerifyControllerAttachedVolume started for volume \"kube-api-access-x2224\" (UniqueName: \"kubernetes.io/projected/74cc6521-c592-4808-8091-3e3902c29ffe-kube-api-access-x2224\") pod \"hivemq-test-hivemq-platform-operator-6966f96d65-xqfkq\" (UID: \"74cc6521-c592-4808-8091-3e3902c29ffe\") " pod="helmplatformtlsit-operator/hivemq-test-hivemq-platform-operator-6966f96d65-xqfkq"
2025-01-29 13:19:59,249 INFO c.h.h.t.HelmChartContainer - [K3S] [replica_set.go:679] "Finished syncing" kind="ReplicaSet" key="helmplatformtlsit-operator/hivemq-test-hivemq-platform-operator-6966f96d65" duration="23.091792ms"
2025-01-29 13:19:59,249 INFO c.h.h.t.HelmChartContainer - [K3S] [replica_set.go:679] "Finished syncing" kind="ReplicaSet" key="helmplatformtlsit-operator/hivemq-test-hivemq-platform-operator-6966f96d65" duration="70.813µs"
2025-01-29 13:19:59,588 INFO c.h.h.t.HelmChartContainer - [EVENT] Normal [Pulled] Container image "docker.io/hivemq/hivemq-platform-operator-test:snapshot" already present on machine [helmplatformtlsit-operator:hivemq-test-hivemq-platform-operator-6966f96d65-xqfkq]
2025-01-29 13:19:59,588 INFO c.h.h.t.HelmChartContainer - Received Pulled event for container hivemq-platform-operator in pod hivemq-test-hivemq-platform-operator-6966f96d65-xqfkq [74cc6521-c592-4808-8091-3e3902c29ffe]
2025-01-29 13:19:59,596 INFO c.h.h.t.HelmChartContainer - [EVENT] Normal [Created] Created container: hivemq-platform-operator [helmplatformtlsit-operator:hivemq-test-hivemq-platform-operator-6966f96d65-xqfkq]
2025-01-29 13:19:59,597 INFO c.h.h.t.HelmChartContainer - Received Created event for container hivemq-platform-operator in pod hivemq-test-hivemq-platform-operator-6966f96d65-xqfkq [74cc6521-c592-4808-8091-3e3902c29ffe]
2025-01-29 13:20:00,576 INFO c.h.h.t.HelmChartContainer - [K3S] [replica_set.go:679] "Finished syncing" kind="ReplicaSet" key="helmplatformtlsit-operator/hivemq-test-hivemq-platform-operator-6966f96d65" duration="46.286µs"
2025-01-29 13:20:00,592 INFO c.h.h.t.HelmChartContainer - [POD] hivemq-test-hivemq-platform-operator-6966f96d65-xqfkq [74cc6521-c592-4808-8091-3e3902c29ffe] in helmplatformtlsit-operator was MODIFIED
2025-01-29 13:20:00,605 INFO c.h.h.t.HelmChartContainer - Started log watcher for hivemq-platform-operator in pod hivemq-test-hivemq-platform-operator-6966f96d65-xqfkq [74cc6521-c592-4808-8091-3e3902c29ffe]
2025-01-29 13:20:00,605 INFO c.h.h.t.HelmChartContainer - [hivemq-test-hivemq-platform] [hivemq-platform-operator] [74cc6521] -------------------------------------------------------------------------
2025-01-29 13:20:00,605 INFO c.h.h.t.HelmChartContainer - [hivemq-test-hivemq-platform] [hivemq-platform-operator] [74cc6521] 
2025-01-29 13:20:00,605 INFO c.h.h.t.HelmChartContainer - [hivemq-test-hivemq-platform] [hivemq-platform-operator] [74cc6521]                   _    _  _              __  __   ____
2025-01-29 13:20:00,605 INFO c.h.h.t.HelmChartContainer - [hivemq-test-hivemq-platform] [hivemq-platform-operator] [74cc6521]                  | |  | |(_)            |  \/  | / __ \
2025-01-29 13:20:00,605 INFO c.h.h.t.HelmChartContainer - [hivemq-test-hivemq-platform] [hivemq-platform-operator] [74cc6521]                  | |__| | _ __   __ ___ | \  / || |  | |
2025-01-29 13:20:00,605 INFO c.h.h.t.HelmChartContainer - [hivemq-test-hivemq-platform] [hivemq-platform-operator] [74cc6521]                  |  __  || |\ \ / // _ \| |\/| || |  | |
2025-01-29 13:20:00,605 INFO c.h.h.t.HelmChartContainer - [hivemq-test-hivemq-platform] [hivemq-platform-operator] [74cc6521]                  | |  | || | \ V /|  __/| |  | || |__| |
2025-01-29 13:20:00,605 INFO c.h.h.t.HelmChartContainer - [hivemq-test-hivemq-platform] [hivemq-platform-operator] [74cc6521]                  |_|  |_||_|  \_/  \___||_|  |_| \___\_\
2025-01-29 13:20:00,605 INFO c.h.h.t.HelmChartContainer - [hivemq-test-hivemq-platform] [hivemq-platform-operator] [74cc6521] 
2025-01-29 13:20:00,605 INFO c.h.h.t.HelmChartContainer - [hivemq-test-hivemq-platform] [hivemq-platform-operator] [74cc6521] -------------------------------------------------------------------------
2025-01-29 13:20:00,605 INFO c.h.h.t.HelmChartContainer - [hivemq-test-hivemq-platform] [hivemq-platform-operator] [74cc6521] 
2025-01-29 13:20:00,605 INFO c.h.h.t.HelmChartContainer - [hivemq-test-hivemq-platform] [hivemq-platform-operator] [74cc6521]   HiveMQ Platform Operator Start Script v1.0
2025-01-29 13:20:00,605 INFO c.h.h.t.HelmChartContainer - [hivemq-test-hivemq-platform] [hivemq-platform-operator] [74cc6521] 
2025-01-29 13:20:00,605 INFO c.h.h.t.HelmChartContainer - [hivemq-test-hivemq-platform] [hivemq-platform-operator] [74cc6521] -------------------------------------------------------------------------
2025-01-29 13:20:00,606 INFO c.h.h.t.HelmChartContainer - [hivemq-test-hivemq-platform] [hivemq-platform-operator] [74cc6521] 
2025-01-29 13:20:00,606 INFO c.h.h.t.HelmChartContainer - [hivemq-test-hivemq-platform] [hivemq-platform-operator] [74cc6521]   JAVA_OPTS: -XX:+UnlockExperimentalVMOptions -XX:InitialRAMPercentage=75 -XX:MaxRAMPercentage=75 -Duser.language=en -Duser.region=US
2025-01-29 13:20:00,606 INFO c.h.h.t.HelmChartContainer - [hivemq-test-hivemq-platform] [hivemq-platform-operator] [74cc6521] 
2025-01-29 13:20:00,606 INFO c.h.h.t.HelmChartContainer - [hivemq-test-hivemq-platform] [hivemq-platform-operator] [74cc6521]   JAVA_VERSION: 21
2025-01-29 13:20:00,606 INFO c.h.h.t.HelmChartContainer - [hivemq-test-hivemq-platform] [hivemq-platform-operator] [74cc6521] 
2025-01-29 13:20:00,606 INFO c.h.h.t.HelmChartContainer - [hivemq-test-hivemq-platform] [hivemq-platform-operator] [74cc6521] -------------------------------------------------------------------------
2025-01-29 13:20:00,606 INFO c.h.h.t.HelmChartContainer - [hivemq-test-hivemq-platform] [hivemq-platform-operator] [74cc6521] 
2025-01-29 13:20:00,606 INFO c.h.h.t.HelmChartContainer - [EVENT] Normal [Started] Started container hivemq-platform-operator [helmplatformtlsit-operator:hivemq-test-hivemq-platform-operator-6966f96d65-xqfkq]
2025-01-29 13:20:00,606 INFO c.h.h.t.HelmChartContainer - Received Started event for container hivemq-platform-operator in pod hivemq-test-hivemq-platform-operator-6966f96d65-xqfkq [74cc6521-c592-4808-8091-3e3902c29ffe]
2025-01-29 13:20:03,039 INFO c.h.h.t.HelmChartContainer - [hivemq-test-hivemq-platform] [hivemq-platform-operator] [74cc6521] 13:20:03.037 [main] DEBUG org.jboss.logging - Logging Provider: org.jboss.logging.Slf4jLoggerProvider
2025-01-29 13:20:03,221 INFO c.h.h.t.HelmChartContainer - [hivemq-test-hivemq-platform] [hivemq-platform-operator] [74cc6521] 13:20:03.219 [main] DEBUG io.smallrye.config - SRCFG01006: Loaded ConfigSource SysPropConfigSource with ordinal 400
2025-01-29 13:20:03,221 INFO c.h.h.t.HelmChartContainer - [hivemq-test-hivemq-platform] [hivemq-platform-operator] [74cc6521] 13:20:03.220 [main] DEBUG io.smallrye.config - SRCFG01006: Loaded ConfigSource EnvConfigSource with ordinal 300
2025-01-29 13:20:03,221 INFO c.h.h.t.HelmChartContainer - [hivemq-test-hivemq-platform] [hivemq-platform-operator] [74cc6521] 13:20:03.220 [main] DEBUG io.smallrye.config - SRCFG01006: Loaded ConfigSource PropertiesConfigSource[source=jar:file:///opt/hivemq-platform-operator/bin/hivemq-platform-operator.jar!/hivemq-platform-operator.properties] with ordinal 100
2025-01-29 13:20:03,221 INFO c.h.h.t.HelmChartContainer - [hivemq-test-hivemq-platform] [hivemq-platform-operator] [74cc6521] 13:20:03.220 [main] DEBUG io.smallrye.config - SRCFG01006: Loaded ConfigSource DefaultValuesConfigSource with ordinal -2147483648
2025-01-29 13:20:03,320 INFO c.h.h.t.HelmChartContainer - [hivemq-test-hivemq-platform] [hivemq-platform-operator] [74cc6521] 13:20:03.319 [main] DEBUG i.m.c.u.i.l.InternalLoggerFactory - Using SLF4J as the default logging framework
2025-01-29 13:20:03,428 INFO c.h.h.t.HelmChartContainer - [hivemq-test-hivemq-platform] [hivemq-platform-operator] [74cc6521] 13:20:03.420 [main] INFO  c.h.p.o.HiveMQPlatformOperatorApplication - HiveMQ Platform Operator 1.7.0-SNAPSHOT (commit: bebf408 on branch: HEAD) built on Sun Jan 26 20:47:47 UTC 2025
2025-01-29 13:20:03,428 INFO c.h.h.t.HelmChartContainer - [hivemq-test-hivemq-platform] [hivemq-platform-operator] [74cc6521] 13:20:03.427 [main] INFO  c.h.p.o.HiveMQPlatformOperatorApplication - HiveMQ Platform Operator is running in namespace: helmplatformtlsit-operator
2025-01-29 13:20:03,429 INFO c.h.h.t.HelmChartContainer - [hivemq-test-hivemq-platform] [hivemq-platform-operator] [74cc6521] 13:20:03.427 [main] INFO  c.h.p.o.HiveMQPlatformOperatorApplication - Watching all namespaces
2025-01-29 13:20:03,429 INFO c.h.h.t.HelmChartContainer - [hivemq-test-hivemq-platform] [hivemq-platform-operator] [74cc6521] 13:20:03.427 [main] INFO  c.h.p.o.HiveMQPlatformOperatorApplication - Log level: DEBUG
2025-01-29 13:20:03,429 INFO c.h.h.t.HelmChartContainer - [hivemq-test-hivemq-platform] [hivemq-platform-operator] [74cc6521] 13:20:03.427 [main] INFO  c.h.p.o.HiveMQPlatformOperatorApplication - Release name: test-hivemq-platform-operator
2025-01-29 13:20:03,429 INFO c.h.h.t.HelmChartContainer - [hivemq-test-hivemq-platform] [hivemq-platform-operator] [74cc6521] 13:20:03.427 [main] INFO  c.h.p.o.HiveMQPlatformOperatorApplication - HiveMQ Platform Operator Init image: docker.io/hivemq/hivemq-platform-operator-init-test:snapshot
2025-01-29 13:20:03,429 INFO c.h.h.t.HelmChartContainer - [hivemq-test-hivemq-platform] [hivemq-platform-operator] [74cc6521] 13:20:03.427 [main] INFO  c.h.p.o.HiveMQPlatformOperatorApplication - HiveMQ Platform Operator Init App update URL: http://hivemq-platform-operator-test-hivemq-platform-operator.helmplatformtlsit-operator.svc:8080/initAppUpdate/hivemq-platform-operator-init-app-1.7.0-SNAPSHOT.jar
2025-01-29 13:20:03,430 INFO c.h.h.t.HelmChartContainer - [hivemq-test-hivemq-platform] [hivemq-platform-operator] [74cc6521] 13:20:03.427 [main] INFO  c.h.p.o.HiveMQPlatformOperatorApplication - Additional imagePullSecret for all Platform deployments: none
2025-01-29 13:20:03,430 INFO c.h.h.t.HelmChartContainer - [hivemq-test-hivemq-platform] [hivemq-platform-operator] [74cc6521] 13:20:03.427 [main] INFO  c.h.p.o.HiveMQPlatformOperatorApplication - Apply HiveMQ Platform CRD: true
2025-01-29 13:20:03,430 INFO c.h.h.t.HelmChartContainer - [hivemq-test-hivemq-platform] [hivemq-platform-operator] [74cc6521] 13:20:03.427 [main] INFO  c.h.p.o.HiveMQPlatformOperatorApplication - Create Platform ServiceAccount: true
2025-01-29 13:20:03,430 INFO c.h.h.t.HelmChartContainer - [hivemq-test-hivemq-platform] [hivemq-platform-operator] [74cc6521] 13:20:03.427 [main] INFO  c.h.p.o.HiveMQPlatformOperatorApplication - Create Platform ServiceAccount permissions: true
2025-01-29 13:20:03,431 INFO c.h.h.t.HelmChartContainer - [hivemq-test-hivemq-platform] [hivemq-platform-operator] [74cc6521] 13:20:03.427 [main] INFO  c.h.p.o.HiveMQPlatformOperatorApplication - Validate Platform ServiceAccount: true
2025-01-29 13:20:03,431 INFO c.h.h.t.HelmChartContainer - [hivemq-test-hivemq-platform] [hivemq-platform-operator] [74cc6521] 13:20:03.427 [main] INFO  c.h.p.o.HiveMQPlatformOperatorApplication - Validate Platform ServiceAccount permissions: true
2025-01-29 13:20:03,623 INFO c.h.h.t.HelmChartContainer - [hivemq-test-hivemq-platform] [hivemq-platform-operator] [74cc6521] 13:20:03.620 [main] INFO  c.h.platform.operator.util.CRDUtil - Verifying deployed HiveMQ Platform CRD...
2025-01-29 13:20:06,125 INFO c.h.h.t.HelmChartContainer - [hivemq-test-hivemq-platform] [hivemq-platform-operator] [74cc6521] 13:20:06.123 [main] DEBUG c.h.platform.operator.util.CRDUtil - HiveMQ Platform CRD version v1 is up to date
2025-01-29 13:20:06,126 INFO c.h.h.t.HelmChartContainer - [hivemq-test-hivemq-platform] [hivemq-platform-operator] [74cc6521] 13:20:06.124 [main] INFO  c.h.platform.operator.util.CRDUtil - HiveMQ Platform CRD is up to date (version: V1_6_0)
2025-01-29 13:20:06,126 INFO c.h.h.t.HelmChartContainer - [hivemq-test-hivemq-platform] [hivemq-platform-operator] [74cc6521] 13:20:06.124 [main] INFO  c.h.platform.operator.util.CRDUtil - Waiting 10000 ms for HiveMQ Platform CRD 'hivemq-platforms.hivemq.com' to become ready...
2025-01-29 13:20:06,434 INFO c.h.h.t.HelmChartContainer - [hivemq-test-hivemq-platform] [hivemq-platform-operator] [74cc6521] 13:20:06.431 [vert.x-eventloop-thread-1] DEBUG c.h.platform.operator.util.CRDUtil - Checking CRD condition 'NamesAccepted' (status: 'True')
2025-01-29 13:20:06,434 INFO c.h.h.t.HelmChartContainer - [hivemq-test-hivemq-platform] [hivemq-platform-operator] [74cc6521] 13:20:06.432 [vert.x-eventloop-thread-1] DEBUG c.h.platform.operator.util.CRDUtil - Checking CRD condition 'Established' (status: 'True')
2025-01-29 13:20:06,435 INFO c.h.h.t.HelmChartContainer - [hivemq-test-hivemq-platform] [hivemq-platform-operator] [74cc6521] 13:20:06.433 [main] INFO  c.h.platform.operator.util.CRDUtil - HiveMQ Platform CRD 'hivemq-platforms.hivemq.com' is ready
2025-01-29 13:20:06,635 INFO c.h.h.t.HelmChartContainer - [hivemq-test-hivemq-platform] [hivemq-platform-operator] [74cc6521] 13:20:06.634 [main] INFO  c.h.p.o.HiveMQPlatformReconciler - HiveMQ Platform Operator is starting...
2025-01-29 13:20:06,741 INFO c.h.h.t.HelmChartContainer - [hivemq-test-hivemq-platform] [hivemq-platform-operator] [74cc6521] 13:20:06.739 [main] WARN  Default ConfigurationService implementation - Configuration for reconciler 'hivemq-controller' was not found. Known reconcilers: None.
2025-01-29 13:20:06,825 INFO c.h.h.t.HelmChartContainer - [hivemq-test-hivemq-platform] [hivemq-platform-operator] [74cc6521] 13:20:06.824 [main] INFO  Default ConfigurationService implementation - Created configuration for reconciler com.hivemq.platform.operator.HiveMQPlatformReconciler with name hivemq-controller
2025-01-29 13:20:06,929 INFO c.h.h.t.HelmChartContainer - [hivemq-test-hivemq-platform] [hivemq-platform-operator] [74cc6521] 13:20:06.928 [main] DEBUG c.h.p.o.HiveMQPlatformReconciler - HiveMQ Platform Operator is preparing EventSources
2025-01-29 13:20:06,942 INFO c.h.h.t.HelmChartContainer - [hivemq-test-hivemq-platform] [hivemq-platform-operator] [74cc6521] 13:20:06.940 [main] INFO  i.javaoperatorsdk.operator.Operator - Registered reconciler: 'hivemq-controller' for resource: 'class com.hivemq.platform.operator.v1.HiveMQPlatform' for namespace(s): [all namespaces]
2025-01-29 13:20:07,565 INFO c.h.h.t.HelmChartContainer - [POD] metrics-server-8584b5786c-wd8kh [d74c3bec-8916-4c1d-b06a-06935f7d810e] in kube-system was MODIFIED
2025-01-29 13:20:07,576 INFO c.h.h.t.HelmChartContainer - [K3S] [replica_set.go:679] "Finished syncing" kind="ReplicaSet" key="kube-system/metrics-server-8584b5786c" duration="13.81121ms"
2025-01-29 13:20:07,576 INFO c.h.h.t.HelmChartContainer - [K3S] [replica_set.go:679] "Finished syncing" kind="ReplicaSet" key="kube-system/metrics-server-8584b5786c" duration="38.391µs"
2025-01-29 13:20:07,633 INFO c.h.h.t.HelmChartContainer - [hivemq-test-hivemq-platform] [hivemq-platform-operator] [74cc6521] 13:20:07.632 [main] INFO  c.h.p.operator.webserver.JettyServer - Starting Jetty server on port 8080
2025-01-29 13:20:07,732 INFO c.h.h.t.HelmChartContainer - [hivemq-test-hivemq-platform] [hivemq-platform-operator] [74cc6521] 13:20:07.731 [main] INFO  i.javaoperatorsdk.operator.Operator - Operator SDK 4.9.7 (commit: 2133d28) built on Wed Nov 20 12:56:20 UTC 2024 starting...
2025-01-29 13:20:07,732 INFO c.h.h.t.HelmChartContainer - [hivemq-test-hivemq-platform] [hivemq-platform-operator] [74cc6521] 13:20:07.731 [main] INFO  i.javaoperatorsdk.operator.Operator - Client version: 6.13.4
2025-01-29 13:20:07,734 INFO c.h.h.t.HelmChartContainer - [hivemq-test-hivemq-platform] [hivemq-platform-operator] [74cc6521] 13:20:07.733 [Controller Starter for: hivemq-controller] INFO  i.j.operator.processing.Controller - Starting 'hivemq-controller' controller for reconciler: com.hivemq.platform.operator.HiveMQPlatformReconciler, resource: com.hivemq.platform.operator.v1.HiveMQPlatform
2025-01-29 13:20:08,546 INFO c.h.h.t.HelmChartContainer - [K3S] [range_allocator.go:247] "Successfully synced" key="bd3ce72ce098"
2025-01-29 13:20:10,326 INFO c.h.h.t.HelmChartContainer - [hivemq-test-hivemq-platform] [hivemq-platform-operator] [74cc6521] 13:20:10.324 [Controller Starter for: hivemq-controller] INFO  i.j.operator.processing.Controller - 'hivemq-controller' controller started
2025-01-29 13:20:10,327 INFO c.h.h.t.HelmChartContainer - [hivemq-test-hivemq-platform] [hivemq-platform-operator] [74cc6521] 13:20:10.325 [main] INFO  c.h.p.o.HiveMQPlatformOperatorApplication - HiveMQ Platform Operator 1.7.0-SNAPSHOT started in 6904 ms
2025-01-29 13:20:11,586 INFO c.h.h.t.HelmChartContainer - [POD] hivemq-test-hivemq-platform-operator-6966f96d65-xqfkq [74cc6521-c592-4808-8091-3e3902c29ffe] in helmplatformtlsit-operator was MODIFIED
2025-01-29 13:20:11,588 INFO c.h.h.t.HelmChartContainer - [K3S] [replica_set.go:679] "Finished syncing" kind="ReplicaSet" key="helmplatformtlsit-operator/hivemq-test-hivemq-platform-operator-6966f96d65" duration="6.869675ms"
2025-01-29 13:20:11,589 INFO c.h.h.t.HelmChartContainer - [K3S] [replica_set.go:679] "Finished syncing" kind="ReplicaSet" key="helmplatformtlsit-operator/hivemq-test-hivemq-platform-operator-6966f96d65" duration="40.085µs"
2025-01-29 13:20:13,644 DEBUG c.h.helmcharts.util.CertificatesUtil - .+..+.+..+.+..............+.+......+...+...........+....+..+.+........+++++++++++++++++++++++++++++++++++++++++++++++++++++++++++++++++*........+...+....+++++++++++++++++++++++++++++++++++++++++++++++++++++++++++++++++*...+.....+...+...+.+++++++++++++++++++++++++++++++++++++++++++++++++++++++++++++++++
2025-01-29 13:20:13,758 DEBUG c.h.helmcharts.util.CertificatesUtil - ....+...+......+..............+.+.....+......+.+........+.+...........+.......+......+......+...+.....+...+.......+......+.....+.+...+...+........+......+..........+...+++++++++++++++++++++++++++++++++++++++++++++++++++++++++++++++++*............+...+.....+.+.........+......+.....+.+..+...+++++++++++++++++++++++++++++++++++++++++++++++++++++++++++++++++*..+...+.....+.............+.....+...............+......+......+...+.+...........+.........+.+.........+...+..+...+......+.......+...+..+............+.......+......+.....+.........+.+..+..........+..+.+........+......+.+..+..........+.....+.............+...+.....+.......+.........+.....+....+..+...+.+.....+...+...+.......+......+.....+....+..+.+....................+...+....+...........+.+...+..+....+..............+.+..+...+......+.........+++++++++++++++++++++++++++++++++++++++++++++++++++++++++++++++++
2025-01-29 13:20:13,761 DEBUG c.h.helmcharts.util.CertificatesUtil - -----
2025-01-29 13:20:13,787 DEBUG c.h.helmcharts.util.CertificatesUtil - Certificate request self-signature ok
2025-01-29 13:20:13,787 DEBUG c.h.helmcharts.util.CertificatesUtil - subject=C = CA, CN = secure-service-platform.default.svc
2025-01-29 13:20:13,792 DEBUG c.h.helmcharts.util.CertificatesUtil - >> Generating keystore and truststore files
2025-01-29 13:20:13,969 DEBUG c.h.helmcharts.util.CertificatesUtil - Importing keystore key.pkcs12 to keystore.jks...
2025-01-29 13:20:14,094 DEBUG c.h.helmcharts.util.CertificatesUtil - Entry for alias 1 successfully imported.
2025-01-29 13:20:14,100 DEBUG c.h.helmcharts.util.CertificatesUtil - Import command completed:  1 entries successfully imported, 0 entries failed or cancelled
2025-01-29 13:20:14,107 DEBUG c.h.helmcharts.util.CertificatesUtil - 
2025-01-29 13:20:14,107 DEBUG c.h.helmcharts.util.CertificatesUtil - Warning:
2025-01-29 13:20:14,107 DEBUG c.h.helmcharts.util.CertificatesUtil - The JKS keystore uses a proprietary format. It is recommended to migrate to PKCS12 which is an industry standard format using "keytool -importkeystore -srckeystore keystore.jks -destkeystore keystore.jks -deststoretype pkcs12".
2025-01-29 13:20:14,356 DEBUG c.h.helmcharts.util.CertificatesUtil - Certificate stored in file <secure-service-platform.pem>
2025-01-29 13:20:14,534 DEBUG c.h.helmcharts.util.CertificatesUtil - Certificate was added to keystore
2025-01-29 13:20:15,042 DEBUG c.h.helmcharts.util.CertificatesUtil - Certificate was added to keystore
2025-01-29 13:20:15,533 DEBUG c.h.helmcharts.util.CertificatesUtil - >> Create client certificates
2025-01-29 13:20:15,683 DEBUG c.h.helmcharts.util.CertificatesUtil - ..+......+..+....+.........+.....+......+.+..+.....................+.+...+.....+.......+.....+......+.......+..+....+......+.....+...+......+.......+..+++++++++++++++++++++++++++++++++++++++++++++++++++++++++++++++++*..+.+.....+...+.+.....+....+.....................+...+.....+++++++++++++++++++++++++++++++++++++++++++++++++++++++++++++++++*..+............+......+.+...+.................+....+.........+..+...+...+...+..........+.........+..+.+..+.+..............+..........+..+...................+..+..........+.....+....+.....+.............+...+.........+...+..+.+...+.....+..........+............+.....+.........+.........+......+.+..+.+......+.....+......+..........+..+...+....+........+.+.....+.+.....+...+......+.........+..........+......+...........+...+..........+......+..+....+...+...+..+.+............+........+......+....+......+...........+.......+..+.+............+......+..+.............+......+......+..+++++++++++++++++++++++++++++++++++++++++++++++++++++++++++++++++
2025-01-29 13:20:15,747 DEBUG c.h.helmcharts.util.CertificatesUtil - ..+.......+..+.+.........+...+..+++++++++++++++++++++++++++++++++++++++++++++++++++++++++++++++++*..+.............+............+........+.+.....+.+..+......+....+..+....+.........+++++++++++++++++++++++++++++++++++++++++++++++++++++++++++++++++*.....+..+.........+.........+.+.....+...............+......+.+...+..+..........+..+...+....+.....+......+....+...............+......+........+......+.........+.+.....................+...+............+++++++++++++++++++++++++++++++++++++++++++++++++++++++++++++++++
2025-01-29 13:20:15,750 DEBUG c.h.helmcharts.util.CertificatesUtil - -----
2025-01-29 13:20:15,776 DEBUG c.h.helmcharts.util.CertificatesUtil - >> Import the certificates
2025-01-29 13:20:16,107 DEBUG c.h.helmcharts.util.CertificatesUtil - Certificate was added to keystore
2025-01-29 13:20:16,335 DEBUG c.h.h.t.HelmChartContainer - Executing helm command: /bin/helm --kubeconfig /etc/rancher/k3s/k3s.yaml install test-hivemq-platform /charts/hivemq-platform --wait --timeout 5m0s --set image.repository=docker.io/hivemq --set image.tag=4.36.0 --set image.pullPolicy=Never --set nodes.resources.cpu=512m -f /files/tls-mqtt-values.yaml --namespace helmplatformtlsit
2025-01-29 13:20:16,621 INFO c.h.h.t.HelmChartContainer - [hivemq-test-hivemq-platform] [hivemq-platform-operator] [74cc6521] 13:20:16.619 [-373097727-pool-1-thread-1] WARN  i.m.p.PrometheusMeterRegistry - The meter (MeterId{name='operator.sdk.events.received', tags=[tag(action=ADDED),tag(event=ResourceEvent),tag(group=hivemq.com),tag(kind=HiveMQPlatform),tag(name=test-hivemq-platform),tag(namespace=helmplatformtlsit),tag(scope=namespace),tag(version=v1)]}) registration has failed: Prometheus requires that all meters with the same name have the same set of tag keys. There is already an existing meter named 'operator.sdk.events.received' containing tag keys [event, group, kind, name, namespace, scope, version]. The meter you are attempting to register has keys [action, event, group, kind, name, namespace, scope, version]. Note that subsequent logs will be logged at debug level.
2025-01-29 13:20:17,129 INFO c.h.h.t.HelmChartContainer - [hivemq-test-hivemq-platform] [hivemq-platform-operator] [74cc6521] 13:20:17.125 [pool-6-thread-3] DEBUG c.h.p.o.dependants.PodInfoConfigMap - [helmplat] Desired PodInfo ConfigMap (1 extensions) (1 enabled)
2025-01-29 13:20:17,129 INFO c.h.h.t.HelmChartContainer - [hivemq-test-hivemq-platform] [hivemq-platform-operator] [74cc6521] 13:20:17.126 [pool-6-thread-3] DEBUG c.h.p.o.dependants.PodInfoConfigMap - [helmplat] Desired PodInfo ConfigMap (metrics port: 9399) (metrics path: /)
2025-01-29 13:20:17,131 INFO c.h.h.t.HelmChartContainer - [hivemq-test-hivemq-platform] [hivemq-platform-operator] [74cc6521] 13:20:17.126 [pool-6-thread-3] DEBUG c.h.p.o.dependants.PodInfoConfigMap - [helmplat] Desired PodInfo ConfigMap (extension state hash: -1817474005)
2025-01-29 13:20:17,131 INFO c.h.h.t.HelmChartContainer - [hivemq-test-hivemq-platform] [hivemq-platform-operator] [74cc6521] 13:20:17.127 [pool-6-thread-3] DEBUG c.h.p.o.dependants.PodInfoConfigMap - [helmplat] Create PodInfo ConfigMap
2025-01-29 13:20:17,233 INFO c.h.h.t.HelmChartContainer - [hivemq-test-hivemq-platform] [hivemq-platform-operator] [74cc6521] 13:20:17.229 [pool-6-thread-5] DEBUG c.h.p.o.dependants.PodRoleResource - [helmplat] Create Role: Role(apiVersion=rbac.authorization.k8s.io/v1, kind=Role, metadata=ObjectMeta(annotations={meta.helm.sh/release-name=test-hivemq-platform, meta.helm.sh/release-namespace=helmplatformtlsit}, creationTimestamp=null, deletionGracePeriodSeconds=null, deletionTimestamp=null, finalizers=[], generateName=null, generation=null, labels={helm.sh/chart=hivemq-platform-0.2.32, app.kubernetes.io/managed-by=Helm, app.kubernetes.io/name=hivemq-platform, hivemq-platform=test-hivemq-platform, app.kubernetes.io/instance=test-hivemq-platform, app.kubernetes.io/version=4.36.0}, managedFields=[], name=hivemq-platform-role-test-hivemq-platform, namespace=helmplatformtlsit, ownerReferences=[OwnerReference(apiVersion=hivemq.com/v1, blockOwnerDeletion=null, controller=null, kind=HiveMQPlatform, name=test-hivemq-platform, uid=009472d5-1254-4576-82ee-576c77017067, additionalProperties={})], resourceVersion=null, selfLink=null, uid=null, additionalProperties={}), rules=[PolicyRule(apiGroups=[], nonResourceURLs=[], resourceNames=[], resources=[pods], verbs=[get, patch, update], additionalProperties={})], additionalProperties={})
2025-01-29 13:20:17,335 INFO c.h.h.t.HelmChartContainer - [hivemq-test-hivemq-platform] [hivemq-platform-operator] [74cc6521] 13:20:17.332 [pool-6-thread-7] DEBUG c.h.p.o.d.PodServiceAccountResource - [helmplat] Desired PodServiceAccountResource (serviceAccountName: hivemq-platform-pod-test-hivemq-platform)
2025-01-29 13:20:17,421 INFO c.h.h.t.HelmChartContainer - [hivemq-test-hivemq-platform] [hivemq-platform-operator] [74cc6521] 13:20:17.419 [pool-6-thread-7] DEBUG c.h.p.o.d.PodServiceAccountResource - [helmplat] Create ServiceAccount 'hivemq-platform-pod-test-hivemq-platform'
2025-01-29 13:20:17,528 INFO c.h.h.t.HelmChartContainer - [hivemq-test-hivemq-platform] [hivemq-platform-operator] [74cc6521] 13:20:17.526 [pool-6-thread-10] DEBUG c.h.p.o.d.PodRoleBindingResource - [helmplat] Create RoleBinding: RoleBinding(apiVersion=rbac.authorization.k8s.io/v1, kind=RoleBinding, metadata=ObjectMeta(annotations={meta.helm.sh/release-name=test-hivemq-platform, meta.helm.sh/release-namespace=helmplatformtlsit}, creationTimestamp=null, deletionGracePeriodSeconds=null, deletionTimestamp=null, finalizers=[], generateName=null, generation=null, labels={helm.sh/chart=hivemq-platform-0.2.32, app.kubernetes.io/managed-by=Helm, app.kubernetes.io/name=hivemq-platform, hivemq-platform=test-hivemq-platform, app.kubernetes.io/instance=test-hivemq-platform, app.kubernetes.io/version=4.36.0}, managedFields=[], name=hivemq-platform-role-binding-test-hivemq-platform, namespace=helmplatformtlsit, ownerReferences=[OwnerReference(apiVersion=hivemq.com/v1, blockOwnerDeletion=null, controller=null, kind=HiveMQPlatform, name=test-hivemq-platform, uid=009472d5-1254-4576-82ee-576c77017067, additionalProperties={})], resourceVersion=null, selfLink=null, uid=null, additionalProperties={}), roleRef=RoleRef(apiGroup=rbac.authorization.k8s.io, kind=Role, name=hivemq-platform-role-test-hivemq-platform, additionalProperties={}), subjects=[Subject(apiGroup=null, kind=ServiceAccount, name=hivemq-platform-pod-test-hivemq-platform, namespace=helmplatformtlsit, additionalProperties={})], additionalProperties={})
2025-01-29 13:20:17,546 INFO c.h.h.t.HelmChartContainer - [hivemq-test-hivemq-platform] [hivemq-platform-operator] [74cc6521] 13:20:17.544 [ReconcilerExecutor-hivemq-controller-52] INFO  c.h.p.o.HiveMQPlatformReconciler - [helmplat] Reconciling HiveMQ Platform 'test-hivemq-platform' in namespace 'helmplatformtlsit'
2025-01-29 13:20:17,546 INFO c.h.h.t.HelmChartContainer - [hivemq-test-hivemq-platform] [hivemq-platform-operator] [74cc6521] 13:20:17.545 [ReconcilerExecutor-hivemq-controller-52] DEBUG c.h.p.o.HiveMQPlatformReconciler - [helmplat] Custom Resource Status CREATED - HiveMQ Platform was created (READY)
2025-01-29 13:20:17,546 INFO c.h.h.t.HelmChartContainer - [hivemq-test-hivemq-platform] [hivemq-platform-operator] [74cc6521] 13:20:17.545 [ReconcilerExecutor-hivemq-controller-52] DEBUG c.h.p.o.HiveMQPlatformReconciler - [helmplat] Custom Resource Spec (replicas: 1) (extensions: 1)
2025-01-29 13:20:17,624 INFO c.h.h.t.HelmChartContainer - [hivemq-test-hivemq-platform] [hivemq-platform-operator] [74cc6521] 13:20:17.622 [ReconcilerExecutor-hivemq-controller-52] INFO  c.h.p.o.h.HiveMQPlatformReconcilerBaseHandler - [helmplat] HiveMQ Platform is starting
2025-01-29 13:20:17,728 INFO c.h.h.t.HelmChartContainer - [hivemq-test-hivemq-platform] [hivemq-platform-operator] [74cc6521] 13:20:17.727 [ReconcilerExecutor-hivemq-controller-52] DEBUG c.h.p.operator.event.EventSender - [helmplat] Creating K8s event hivemq-platform-starting: [Start] HiveMQ Platform is starting
2025-01-29 13:20:17,738 INFO c.h.h.t.HelmChartContainer - [EVENT] Normal [Start] HiveMQ Platform is starting [helmplatformtlsit:test-hivemq-platform]
2025-01-29 13:20:17,823 INFO c.h.h.t.HelmChartContainer - [hivemq-test-hivemq-platform] [hivemq-platform-operator] [74cc6521] 13:20:17.821 [ReconcilerExecutor-hivemq-controller-52] INFO  c.h.p.o.h.AbstractHiveMQReconcilerStateHandler - [helmplat] Update HiveMQ Platform Status (CREATED [READY] -> STARTING [READY]): HiveMQ Platform is starting
2025-01-29 13:20:17,835 DEBUG com.hivemq.helmcharts.util.K8sUtil - Comparing actual state 'STARTING' and waiting for 'RUNNING'
2025-01-29 13:20:27,929 INFO c.h.h.t.HelmChartContainer - [hivemq-test-hivemq-platform] [hivemq-platform-operator] [74cc6521] 13:20:27.926 [pool-6-thread-12] DEBUG c.h.p.o.d.PlatformServiceResource - [helmplat] Desired Platform services (4 services)
2025-01-29 13:20:27,929 INFO c.h.h.t.HelmChartContainer - [hivemq-test-hivemq-platform] [hivemq-platform-operator] [74cc6521] 13:20:27.928 [pool-6-thread-13] DEBUG c.h.p.o.dependants.PodInfoConfigMap - [helmplat] Desired PodInfo ConfigMap (1 extensions) (1 enabled)
2025-01-29 13:20:27,929 INFO c.h.h.t.HelmChartContainer - [hivemq-test-hivemq-platform] [hivemq-platform-operator] [74cc6521] 13:20:27.928 [pool-6-thread-13] DEBUG c.h.p.o.dependants.PodInfoConfigMap - [helmplat] Desired PodInfo ConfigMap (metrics port: 9399) (metrics path: /)
2025-01-29 13:20:27,930 INFO c.h.h.t.HelmChartContainer - [hivemq-test-hivemq-platform] [hivemq-platform-operator] [74cc6521] 13:20:27.928 [pool-6-thread-13] DEBUG c.h.p.o.dependants.PodInfoConfigMap - [helmplat] Desired PodInfo ConfigMap (extension state hash: -1817474005)
2025-01-29 13:20:27,936 INFO c.h.h.t.HelmChartContainer - [hivemq-test-hivemq-platform] [hivemq-platform-operator] [74cc6521] 13:20:27.934 [pool-6-thread-17] DEBUG c.h.p.o.d.PodServiceAccountResource - [helmplat] Desired PodServiceAccountResource (serviceAccountName: hivemq-platform-pod-test-hivemq-platform)
2025-01-29 13:20:27,938 INFO c.h.h.t.HelmChartContainer - [hivemq-test-hivemq-platform] [hivemq-platform-operator] [74cc6521] 13:20:27.936 [pool-6-thread-13] DEBUG c.h.p.o.dependants.PodInfoConfigMap - [helmplat] Update PodInfo ConfigMap
2025-01-29 13:20:27,947 INFO c.h.h.t.HelmChartContainer - [K3S] [alloc.go:330] "allocated clusterIPs" service="helmplatformtlsit/hivemq-test-hivemq-platform-mqtt-1884" clusterIPs={"IPv4":"10.43.2.64"}
2025-01-29 13:20:28,035 INFO c.h.h.t.HelmChartContainer - [K3S] [alloc.go:330] "allocated clusterIPs" service="helmplatformtlsit/hivemq-test-hivemq-platform-mqtt-1883" clusterIPs={"IPv4":"10.43.38.56"}
2025-01-29 13:20:28,127 INFO c.h.h.t.HelmChartContainer - [K3S] [alloc.go:330] "allocated clusterIPs" service="helmplatformtlsit/hivemq-test-hivemq-platform-metrics-9399" clusterIPs={"IPv4":"10.43.8.29"}
2025-01-29 13:20:28,140 INFO c.h.h.t.HelmChartContainer - [K3S] [alloc.go:330] "allocated clusterIPs" service="helmplatformtlsit/hivemq-test-hivemq-platform-cc-8080" clusterIPs={"IPv4":"10.43.206.146"}
2025-01-29 13:20:28,222 INFO c.h.h.t.HelmChartContainer - [hivemq-test-hivemq-platform] [hivemq-platform-operator] [74cc6521] 13:20:28.220 [pool-6-thread-20] DEBUG c.h.p.o.d.StatefulSetResource - [helmplat] Desired StatefulSet (1 replicas) for status STARTING (READY)
2025-01-29 13:20:28,235 INFO c.h.h.t.HelmChartContainer - [hivemq-test-hivemq-platform] [hivemq-platform-operator] [74cc6521] 13:20:28.233 [pool-6-thread-20] DEBUG c.h.p.o.d.StatefulSetResource - [helmplat] Create StatefulSet
2025-01-29 13:20:28,340 INFO c.h.h.t.HelmChartContainer - [hivemq-test-hivemq-platform] [hivemq-platform-operator] [74cc6521] 13:20:28.338 [ReconcilerExecutor-hivemq-controller-63] INFO  c.h.p.o.HiveMQPlatformReconciler - [helmplat] Reconciling HiveMQ Platform 'test-hivemq-platform' in namespace 'helmplatformtlsit'
2025-01-29 13:20:28,340 INFO c.h.h.t.HelmChartContainer - [hivemq-test-hivemq-platform] [hivemq-platform-operator] [74cc6521] 13:20:28.339 [ReconcilerExecutor-hivemq-controller-63] DEBUG c.h.p.o.HiveMQPlatformReconciler - [helmplat] Custom Resource Status STARTING - HiveMQ Platform is starting (READY)
2025-01-29 13:20:28,340 INFO c.h.h.t.HelmChartContainer - [hivemq-test-hivemq-platform] [hivemq-platform-operator] [74cc6521] 13:20:28.339 [ReconcilerExecutor-hivemq-controller-63] DEBUG c.h.p.o.HiveMQPlatformReconciler - [helmplat] Custom Resource Spec (replicas: 1) (extensions: 1)
2025-01-29 13:20:28,352 INFO c.h.h.t.HelmChartContainer - [EVENT] Normal [SuccessfulCreate] create Pod test-hivemq-platform-0 in StatefulSet test-hivemq-platform successful [helmplatformtlsit:test-hivemq-platform]
2025-01-29 13:20:28,356 INFO c.h.h.t.HelmChartContainer - [POD] test-hivemq-platform-0 [1e6cbea4-2446-4fad-9777-12d1d331ae44] in helmplatformtlsit was ADDED
2025-01-29 13:20:28,357 INFO c.h.h.t.HelmChartContainer - [POD] test-hivemq-platform-0 [1e6cbea4-2446-4fad-9777-12d1d331ae44] in helmplatformtlsit was MODIFIED
2025-01-29 13:20:28,368 INFO c.h.h.t.HelmChartContainer - [EVENT] Normal [Scheduled] Successfully assigned helmplatformtlsit/test-hivemq-platform-0 to bd3ce72ce098 [helmplatformtlsit:test-hivemq-platform-0]
2025-01-29 13:20:28,376 INFO c.h.h.t.HelmChartContainer - [POD] test-hivemq-platform-0 [1e6cbea4-2446-4fad-9777-12d1d331ae44] in helmplatformtlsit was MODIFIED
2025-01-29 13:20:28,394 INFO c.h.h.t.HelmChartContainer - [K3S] [reconciler_common.go:251] "operationExecutor.VerifyControllerAttachedVolume started for volume \"mqtts-keystore\" (UniqueName: \"kubernetes.io/secret/1e6cbea4-2446-4fad-9777-12d1d331ae44-mqtts-keystore\") pod \"test-hivemq-platform-0\" (UID: \"1e6cbea4-2446-4fad-9777-12d1d331ae44\") " pod="helmplatformtlsit/test-hivemq-platform-0"
2025-01-29 13:20:28,395 INFO c.h.h.t.HelmChartContainer - [K3S] [reconciler_common.go:251] "operationExecutor.VerifyControllerAttachedVolume started for volume \"operator-init\" (UniqueName: \"kubernetes.io/empty-dir/1e6cbea4-2446-4fad-9777-12d1d331ae44-operator-init\") pod \"test-hivemq-platform-0\" (UID: \"1e6cbea4-2446-4fad-9777-12d1d331ae44\") " pod="helmplatformtlsit/test-hivemq-platform-0"
2025-01-29 13:20:28,395 INFO c.h.h.t.HelmChartContainer - [K3S] [reconciler_common.go:251] "operationExecutor.VerifyControllerAttachedVolume started for volume \"https-keystore\" (UniqueName: \"kubernetes.io/secret/1e6cbea4-2446-4fad-9777-12d1d331ae44-https-keystore\") pod \"test-hivemq-platform-0\" (UID: \"1e6cbea4-2446-4fad-9777-12d1d331ae44\") " pod="helmplatformtlsit/test-hivemq-platform-0"
2025-01-29 13:20:28,395 INFO c.h.h.t.HelmChartContainer - [K3S] [reconciler_common.go:251] "operationExecutor.VerifyControllerAttachedVolume started for volume \"broker-configuration\" (UniqueName: \"kubernetes.io/configmap/1e6cbea4-2446-4fad-9777-12d1d331ae44-broker-configuration\") pod \"test-hivemq-platform-0\" (UID: \"1e6cbea4-2446-4fad-9777-12d1d331ae44\") " pod="helmplatformtlsit/test-hivemq-platform-0"
2025-01-29 13:20:28,395 INFO c.h.h.t.HelmChartContainer - [K3S] [reconciler_common.go:251] "operationExecutor.VerifyControllerAttachedVolume started for volume \"pod-info\" (UniqueName: \"kubernetes.io/configmap/1e6cbea4-2446-4fad-9777-12d1d331ae44-pod-info\") pod \"test-hivemq-platform-0\" (UID: \"1e6cbea4-2446-4fad-9777-12d1d331ae44\") " pod="helmplatformtlsit/test-hivemq-platform-0"
2025-01-29 13:20:28,395 INFO c.h.h.t.HelmChartContainer - [K3S] [reconciler_common.go:251] "operationExecutor.VerifyControllerAttachedVolume started for volume \"kube-api-access-dmprl\" (UniqueName: \"kubernetes.io/projected/1e6cbea4-2446-4fad-9777-12d1d331ae44-kube-api-access-dmprl\") pod \"test-hivemq-platform-0\" (UID: \"1e6cbea4-2446-4fad-9777-12d1d331ae44\") " pod="helmplatformtlsit/test-hivemq-platform-0"
2025-01-29 13:20:28,425 INFO c.h.h.t.HelmChartContainer - [hivemq-test-hivemq-platform] [hivemq-platform-operator] [74cc6521] 13:20:28.421 [ReconcilerExecutor-hivemq-controller-63] DEBUG c.h.p.o.HiveMQPlatformReconciler - [helmplat] StatefulSet Status (revision: null, replicas: 0, available: 0, ready: 0, current: 0, updated: 0)
2025-01-29 13:20:28,425 INFO c.h.h.t.HelmChartContainer - [hivemq-test-hivemq-platform] [hivemq-platform-operator] [74cc6521] 13:20:28.422 [ReconcilerExecutor-hivemq-controller-63] DEBUG c.h.p.o.HiveMQPlatformReconciler - [helmplat] StatefulSet Spec (replicas: 1, init containers: 1, containers: 1, volumes: 5)
2025-01-29 13:20:28,531 INFO c.h.h.t.HelmChartContainer - [hivemq-test-hivemq-platform] [hivemq-platform-operator] [74cc6521] 13:20:28.528 [ReconcilerExecutor-hivemq-controller-63] DEBUG c.h.p.o.h.HiveMQPlatformReconcilerErrorHandler - [helmplat] Pod 'test-hivemq-platform-0' phase Pending
2025-01-29 13:20:28,532 INFO c.h.h.t.HelmChartContainer - [hivemq-test-hivemq-platform] [hivemq-platform-operator] [74cc6521] 13:20:28.529 [ReconcilerExecutor-hivemq-controller-63] DEBUG c.h.p.o.h.HiveMQPlatformReconcilerErrorHandler - [helmplat] Pod 'test-hivemq-platform-0' condition 'PodReadyToStartContainers': False
2025-01-29 13:20:28,532 INFO c.h.h.t.HelmChartContainer - [hivemq-test-hivemq-platform] [hivemq-platform-operator] [74cc6521] 13:20:28.529 [ReconcilerExecutor-hivemq-controller-63] DEBUG c.h.p.o.h.HiveMQPlatformReconcilerErrorHandler - [helmplat] Pod 'test-hivemq-platform-0' condition 'Initialized': False
2025-01-29 13:20:28,532 INFO c.h.h.t.HelmChartContainer - [hivemq-test-hivemq-platform] [hivemq-platform-operator] [74cc6521] 13:20:28.530 [ReconcilerExecutor-hivemq-controller-63] DEBUG c.h.p.o.h.HiveMQPlatformReconcilerErrorHandler - [helmplat] Pod 'test-hivemq-platform-0' condition 'Ready': False
2025-01-29 13:20:28,532 INFO c.h.h.t.HelmChartContainer - [hivemq-test-hivemq-platform] [hivemq-platform-operator] [74cc6521] 13:20:28.530 [ReconcilerExecutor-hivemq-controller-63] DEBUG c.h.p.o.h.HiveMQPlatformReconcilerErrorHandler - [helmplat] Pod 'test-hivemq-platform-0' condition 'ContainersReady': False
2025-01-29 13:20:28,532 INFO c.h.h.t.HelmChartContainer - [hivemq-test-hivemq-platform] [hivemq-platform-operator] [74cc6521] 13:20:28.530 [ReconcilerExecutor-hivemq-controller-63] DEBUG c.h.p.o.h.HiveMQPlatformReconcilerErrorHandler - [helmplat] Pod 'test-hivemq-platform-0' condition 'PodScheduled': True
2025-01-29 13:20:28,532 INFO c.h.h.t.HelmChartContainer - [hivemq-test-hivemq-platform] [hivemq-platform-operator] [74cc6521] 13:20:28.530 [ReconcilerExecutor-hivemq-controller-63] DEBUG c.h.p.o.h.HiveMQPlatformReconcilerErrorHandler - [helmplat] Pod 'test-hivemq-platform-0' containerStatus 'hivemq' (started: false) (ready: false) (waiting: [PodInitializing] null)
2025-01-29 13:20:28,535 INFO c.h.h.t.HelmChartContainer - [hivemq-test-hivemq-platform] [hivemq-platform-operator] [74cc6521] 13:20:28.534 [ReconcilerExecutor-hivemq-controller-63] INFO  c.h.p.o.h.HiveMQPlatformReconcilerBaseHandler - [helmplat] HiveMQ Platform is starting, 0 of 1 replicas are ready
2025-01-29 13:20:28,622 INFO c.h.h.t.HelmChartContainer - [hivemq-test-hivemq-platform] [hivemq-platform-operator] [74cc6521] 13:20:28.619 [pool-6-thread-22] DEBUG c.h.p.o.d.PlatformServiceResource - [helmplat] Desired Platform services (4 services)
2025-01-29 13:20:28,623 INFO c.h.h.t.HelmChartContainer - [hivemq-test-hivemq-platform] [hivemq-platform-operator] [74cc6521] 13:20:28.621 [pool-6-thread-23] DEBUG c.h.p.o.dependants.PodInfoConfigMap - [helmplat] Desired PodInfo ConfigMap (1 extensions) (1 enabled)
2025-01-29 13:20:28,623 INFO c.h.h.t.HelmChartContainer - [hivemq-test-hivemq-platform] [hivemq-platform-operator] [74cc6521] 13:20:28.621 [pool-6-thread-23] DEBUG c.h.p.o.dependants.PodInfoConfigMap - [helmplat] Desired PodInfo ConfigMap (metrics port: 9399) (metrics path: /)
2025-01-29 13:20:28,623 INFO c.h.h.t.HelmChartContainer - [hivemq-test-hivemq-platform] [hivemq-platform-operator] [74cc6521] 13:20:28.621 [pool-6-thread-23] DEBUG c.h.p.o.dependants.PodInfoConfigMap - [helmplat] Desired PodInfo ConfigMap (extension state hash: -1817474005)
2025-01-29 13:20:28,626 INFO c.h.h.t.HelmChartContainer - [hivemq-test-hivemq-platform] [hivemq-platform-operator] [74cc6521] 13:20:28.624 [pool-6-thread-27] DEBUG c.h.p.o.d.PodServiceAccountResource - [helmplat] Desired PodServiceAccountResource (serviceAccountName: hivemq-platform-pod-test-hivemq-platform)
2025-01-29 13:20:28,724 INFO c.h.h.t.HelmChartContainer - [hivemq-test-hivemq-platform] [hivemq-platform-operator] [74cc6521] 13:20:28.722 [pool-6-thread-30] DEBUG c.h.p.o.d.StatefulSetResource - [helmplat] Desired StatefulSet (1 replicas) for status STARTING (READY)
2025-01-29 13:20:28,735 INFO c.h.h.t.HelmChartContainer - [hivemq-test-hivemq-platform] [hivemq-platform-operator] [74cc6521] 13:20:28.731 [ReconcilerExecutor-hivemq-controller-76] INFO  c.h.p.o.HiveMQPlatformReconciler - [helmplat] Reconciling HiveMQ Platform 'test-hivemq-platform' in namespace 'helmplatformtlsit'
2025-01-29 13:20:28,736 INFO c.h.h.t.HelmChartContainer - [hivemq-test-hivemq-platform] [hivemq-platform-operator] [74cc6521] 13:20:28.732 [ReconcilerExecutor-hivemq-controller-76] DEBUG c.h.p.o.HiveMQPlatformReconciler - [helmplat] Custom Resource Status STARTING - HiveMQ Platform is starting (READY)
2025-01-29 13:20:28,736 INFO c.h.h.t.HelmChartContainer - [hivemq-test-hivemq-platform] [hivemq-platform-operator] [74cc6521] 13:20:28.732 [ReconcilerExecutor-hivemq-controller-76] DEBUG c.h.p.o.HiveMQPlatformReconciler - [helmplat] Custom Resource Spec (replicas: 1) (extensions: 1)
2025-01-29 13:20:28,738 INFO c.h.h.t.HelmChartContainer - [hivemq-test-hivemq-platform] [hivemq-platform-operator] [74cc6521] 13:20:28.737 [ReconcilerExecutor-hivemq-controller-76] DEBUG c.h.p.o.HiveMQPlatformReconciler - [helmplat] StatefulSet Status (revision: test-hivemq-platform-84b44bc758, replicas: 1, available: 0, ready: 0, current: 1, updated: 1)
2025-01-29 13:20:28,738 INFO c.h.h.t.HelmChartContainer - [hivemq-test-hivemq-platform] [hivemq-platform-operator] [74cc6521] 13:20:28.737 [ReconcilerExecutor-hivemq-controller-76] DEBUG c.h.p.o.HiveMQPlatformReconciler - [helmplat] StatefulSet Spec (replicas: 1, init containers: 1, containers: 1, volumes: 5)
2025-01-29 13:20:28,754 INFO c.h.h.t.HelmChartContainer - [EVENT] Normal [Pulled] Container image "docker.io/hivemq/hivemq-platform-operator-init-test:snapshot" already present on machine [helmplatformtlsit:test-hivemq-platform-0]
2025-01-29 13:20:28,760 INFO c.h.h.t.HelmChartContainer - [EVENT] Normal [Created] Created container: hivemq-platform-operator-init [helmplatformtlsit:test-hivemq-platform-0]
2025-01-29 13:20:28,796 INFO c.h.h.t.HelmChartContainer - [EVENT] Normal [Started] Started container hivemq-platform-operator-init [helmplatformtlsit:test-hivemq-platform-0]
2025-01-29 13:20:28,824 INFO c.h.h.t.HelmChartContainer - [hivemq-test-hivemq-platform] [hivemq-platform-operator] [74cc6521] 13:20:28.820 [ReconcilerExecutor-hivemq-controller-76] DEBUG c.h.p.o.h.HiveMQPlatformReconcilerErrorHandler - [helmplat] Pod 'test-hivemq-platform-0' phase Pending
2025-01-29 13:20:28,825 INFO c.h.h.t.HelmChartContainer - [hivemq-test-hivemq-platform] [hivemq-platform-operator] [74cc6521] 13:20:28.820 [ReconcilerExecutor-hivemq-controller-76] DEBUG c.h.p.o.h.HiveMQPlatformReconcilerErrorHandler - [helmplat] Pod 'test-hivemq-platform-0' condition 'PodReadyToStartContainers': False
2025-01-29 13:20:28,825 INFO c.h.h.t.HelmChartContainer - [hivemq-test-hivemq-platform] [hivemq-platform-operator] [74cc6521] 13:20:28.820 [ReconcilerExecutor-hivemq-controller-76] DEBUG c.h.p.o.h.HiveMQPlatformReconcilerErrorHandler - [helmplat] Pod 'test-hivemq-platform-0' condition 'Initialized': False
2025-01-29 13:20:28,825 INFO c.h.h.t.HelmChartContainer - [hivemq-test-hivemq-platform] [hivemq-platform-operator] [74cc6521] 13:20:28.820 [ReconcilerExecutor-hivemq-controller-76] DEBUG c.h.p.o.h.HiveMQPlatformReconcilerErrorHandler - [helmplat] Pod 'test-hivemq-platform-0' condition 'Ready': False
2025-01-29 13:20:28,825 INFO c.h.h.t.HelmChartContainer - [hivemq-test-hivemq-platform] [hivemq-platform-operator] [74cc6521] 13:20:28.820 [ReconcilerExecutor-hivemq-controller-76] DEBUG c.h.p.o.h.HiveMQPlatformReconcilerErrorHandler - [helmplat] Pod 'test-hivemq-platform-0' condition 'ContainersReady': False
2025-01-29 13:20:28,825 INFO c.h.h.t.HelmChartContainer - [hivemq-test-hivemq-platform] [hivemq-platform-operator] [74cc6521] 13:20:28.821 [ReconcilerExecutor-hivemq-controller-76] DEBUG c.h.p.o.h.HiveMQPlatformReconcilerErrorHandler - [helmplat] Pod 'test-hivemq-platform-0' condition 'PodScheduled': True
2025-01-29 13:20:28,825 INFO c.h.h.t.HelmChartContainer - [hivemq-test-hivemq-platform] [hivemq-platform-operator] [74cc6521] 13:20:28.821 [ReconcilerExecutor-hivemq-controller-76] DEBUG c.h.p.o.h.HiveMQPlatformReconcilerErrorHandler - [helmplat] Pod 'test-hivemq-platform-0' containerStatus 'hivemq' (started: false) (ready: false) (waiting: [PodInitializing] null)
2025-01-29 13:20:28,825 INFO c.h.h.t.HelmChartContainer - [hivemq-test-hivemq-platform] [hivemq-platform-operator] [74cc6521] 13:20:28.822 [ReconcilerExecutor-hivemq-controller-76] INFO  c.h.p.o.h.HiveMQPlatformReconcilerBaseHandler - [helmplat] HiveMQ Platform is starting, 0 of 1 replicas are ready
2025-01-29 13:20:29,621 INFO c.h.h.t.HelmChartContainer - [EVENT] Normal [Pulled] Container image "docker.io/hivemq/hivemq4:4.36.0" already present on machine [helmplatformtlsit:test-hivemq-platform-0]
2025-01-29 13:20:29,621 INFO c.h.h.t.HelmChartContainer - Received Pulled event for container hivemq in pod test-hivemq-platform-0 [1e6cbea4-2446-4fad-9777-12d1d331ae44]
2025-01-29 13:20:29,643 INFO c.h.h.t.HelmChartContainer - [POD] test-hivemq-platform-0 [1e6cbea4-2446-4fad-9777-12d1d331ae44] in helmplatformtlsit was MODIFIED
2025-01-29 13:20:29,668 INFO c.h.h.t.HelmChartContainer - [hivemq-test-hivemq-platform] [hivemq-platform-operator] [74cc6521] 13:20:29.648 [pool-6-thread-32] DEBUG c.h.p.o.d.PlatformServiceResource - [helmplat] Desired Platform services (4 services)
2025-01-29 13:20:29,668 INFO c.h.h.t.HelmChartContainer - [hivemq-test-hivemq-platform] [hivemq-platform-operator] [74cc6521] 13:20:29.652 [pool-6-thread-37] DEBUG c.h.p.o.d.PodServiceAccountResource - [helmplat] Desired PodServiceAccountResource (serviceAccountName: hivemq-platform-pod-test-hivemq-platform)
2025-01-29 13:20:29,668 INFO c.h.h.t.HelmChartContainer - [hivemq-test-hivemq-platform] [hivemq-platform-operator] [74cc6521] 13:20:29.653 [pool-6-thread-33] DEBUG c.h.p.o.dependants.PodInfoConfigMap - [helmplat] Desired PodInfo ConfigMap (1 extensions) (1 enabled)
2025-01-29 13:20:29,668 INFO c.h.h.t.HelmChartContainer - [hivemq-test-hivemq-platform] [hivemq-platform-operator] [74cc6521] 13:20:29.656 [pool-6-thread-33] DEBUG c.h.p.o.dependants.PodInfoConfigMap - [helmplat] Desired PodInfo ConfigMap (metrics port: 9399) (metrics path: /)
2025-01-29 13:20:29,668 INFO c.h.h.t.HelmChartContainer - [hivemq-test-hivemq-platform] [hivemq-platform-operator] [74cc6521] 13:20:29.658 [pool-6-thread-33] DEBUG c.h.p.o.dependants.PodInfoConfigMap - [helmplat] Desired PodInfo ConfigMap (extension state hash: -1817474005)
2025-01-29 13:20:29,672 INFO c.h.h.t.HelmChartContainer - [EVENT] Normal [Created] Created container: hivemq [helmplatformtlsit:test-hivemq-platform-0]
2025-01-29 13:20:29,673 INFO c.h.h.t.HelmChartContainer - Received Created event for container hivemq in pod test-hivemq-platform-0 [1e6cbea4-2446-4fad-9777-12d1d331ae44]
2025-01-29 13:20:29,722 INFO c.h.h.t.HelmChartContainer - [hivemq-test-hivemq-platform] [hivemq-platform-operator] [74cc6521] 13:20:29.720 [pool-6-thread-40] DEBUG c.h.p.o.d.StatefulSetResource - [helmplat] Desired StatefulSet (1 replicas) for status STARTING (READY)
2025-01-29 13:20:29,731 INFO c.h.h.t.HelmChartContainer - [hivemq-test-hivemq-platform] [hivemq-platform-operator] [74cc6521] 13:20:29.728 [ReconcilerExecutor-hivemq-controller-87] INFO  c.h.p.o.HiveMQPlatformReconciler - [helmplat] Reconciling HiveMQ Platform 'test-hivemq-platform' in namespace 'helmplatformtlsit'
2025-01-29 13:20:29,731 INFO c.h.h.t.HelmChartContainer - [hivemq-test-hivemq-platform] [hivemq-platform-operator] [74cc6521] 13:20:29.728 [ReconcilerExecutor-hivemq-controller-87] DEBUG c.h.p.o.HiveMQPlatformReconciler - [helmplat] Custom Resource Status STARTING - HiveMQ Platform is starting (READY)
2025-01-29 13:20:29,731 INFO c.h.h.t.HelmChartContainer - [hivemq-test-hivemq-platform] [hivemq-platform-operator] [74cc6521] 13:20:29.728 [ReconcilerExecutor-hivemq-controller-87] DEBUG c.h.p.o.HiveMQPlatformReconciler - [helmplat] Custom Resource Spec (replicas: 1) (extensions: 1)
2025-01-29 13:20:29,735 INFO c.h.h.t.HelmChartContainer - [hivemq-test-hivemq-platform] [hivemq-platform-operator] [74cc6521] 13:20:29.732 [ReconcilerExecutor-hivemq-controller-87] DEBUG c.h.p.o.HiveMQPlatformReconciler - [helmplat] StatefulSet Status (revision: test-hivemq-platform-84b44bc758, replicas: 1, available: 0, ready: 0, current: 1, updated: 1)
2025-01-29 13:20:29,735 INFO c.h.h.t.HelmChartContainer - [hivemq-test-hivemq-platform] [hivemq-platform-operator] [74cc6521] 13:20:29.733 [ReconcilerExecutor-hivemq-controller-87] DEBUG c.h.p.o.HiveMQPlatformReconciler - [helmplat] StatefulSet Spec (replicas: 1, init containers: 1, containers: 1, volumes: 5)
2025-01-29 13:20:29,743 INFO c.h.h.t.HelmChartContainer - [hivemq-test-hivemq-platform] [hivemq-platform-operator] [74cc6521] 13:20:29.742 [ReconcilerExecutor-hivemq-controller-87] DEBUG c.h.p.o.h.HiveMQPlatformReconcilerErrorHandler - [helmplat] Pod 'test-hivemq-platform-0' phase Pending
2025-01-29 13:20:29,743 INFO c.h.h.t.HelmChartContainer - [hivemq-test-hivemq-platform] [hivemq-platform-operator] [74cc6521] 13:20:29.742 [ReconcilerExecutor-hivemq-controller-87] DEBUG c.h.p.o.h.HiveMQPlatformReconcilerErrorHandler - [helmplat] Pod 'test-hivemq-platform-0' condition 'PodReadyToStartContainers': True
2025-01-29 13:20:29,744 INFO c.h.h.t.HelmChartContainer - [hivemq-test-hivemq-platform] [hivemq-platform-operator] [74cc6521] 13:20:29.742 [ReconcilerExecutor-hivemq-controller-87] DEBUG c.h.p.o.h.HiveMQPlatformReconcilerErrorHandler - [helmplat] Pod 'test-hivemq-platform-0' condition 'Initialized': True
2025-01-29 13:20:29,744 INFO c.h.h.t.HelmChartContainer - [hivemq-test-hivemq-platform] [hivemq-platform-operator] [74cc6521] 13:20:29.742 [ReconcilerExecutor-hivemq-controller-87] DEBUG c.h.p.o.h.HiveMQPlatformReconcilerErrorHandler - [helmplat] Pod 'test-hivemq-platform-0' condition 'Ready': False
2025-01-29 13:20:29,744 INFO c.h.h.t.HelmChartContainer - [hivemq-test-hivemq-platform] [hivemq-platform-operator] [74cc6521] 13:20:29.742 [ReconcilerExecutor-hivemq-controller-87] DEBUG c.h.p.o.h.HiveMQPlatformReconcilerErrorHandler - [helmplat] Pod 'test-hivemq-platform-0' condition 'ContainersReady': False
2025-01-29 13:20:29,744 INFO c.h.h.t.HelmChartContainer - [hivemq-test-hivemq-platform] [hivemq-platform-operator] [74cc6521] 13:20:29.742 [ReconcilerExecutor-hivemq-controller-87] DEBUG c.h.p.o.h.HiveMQPlatformReconcilerErrorHandler - [helmplat] Pod 'test-hivemq-platform-0' condition 'PodScheduled': True
2025-01-29 13:20:29,744 INFO c.h.h.t.HelmChartContainer - [hivemq-test-hivemq-platform] [hivemq-platform-operator] [74cc6521] 13:20:29.742 [ReconcilerExecutor-hivemq-controller-87] DEBUG c.h.p.o.h.HiveMQPlatformReconcilerErrorHandler - [helmplat] Pod 'test-hivemq-platform-0' containerStatus 'hivemq' (started: false) (ready: false) (waiting: [PodInitializing] null)
2025-01-29 13:20:29,820 INFO c.h.h.t.HelmChartContainer - [hivemq-test-hivemq-platform] [hivemq-platform-operator] [74cc6521] 13:20:29.744 [ReconcilerExecutor-hivemq-controller-87] INFO  c.h.p.o.h.HiveMQPlatformReconcilerBaseHandler - [helmplat] HiveMQ Platform is starting, 0 of 1 replicas are ready
2025-01-29 13:20:30,636 INFO c.h.h.t.HelmChartContainer - [POD] test-hivemq-platform-0 [1e6cbea4-2446-4fad-9777-12d1d331ae44] in helmplatformtlsit was MODIFIED
2025-01-29 13:20:30,645 INFO c.h.h.t.HelmChartContainer - Started log watcher for hivemq in pod test-hivemq-platform-0 [1e6cbea4-2446-4fad-9777-12d1d331ae44]
2025-01-29 13:20:30,645 INFO c.h.h.t.HelmChartContainer - [test-hivemq-platform] [hivemq] [1e6cbea4] Adding pre-installed HiveMQ Platform Operator extensions
2025-01-29 13:20:30,645 INFO c.h.h.t.HelmChartContainer - [test-hivemq-platform] [hivemq] [1e6cbea4] Running as user 10000
2025-01-29 13:20:30,645 INFO c.h.h.t.HelmChartContainer - [test-hivemq-platform] [hivemq] [1e6cbea4] Starting HiveMQ Platform Operator Init
2025-01-29 13:20:30,645 INFO c.h.h.t.HelmChartContainer - [EVENT] Normal [Started] Started container hivemq [helmplatformtlsit:test-hivemq-platform-0]
2025-01-29 13:20:30,645 INFO c.h.h.t.HelmChartContainer - Received Started event for container hivemq in pod test-hivemq-platform-0 [1e6cbea4-2446-4fad-9777-12d1d331ae44]
2025-01-29 13:20:30,653 INFO c.h.h.t.HelmChartContainer - [hivemq-test-hivemq-platform] [hivemq-platform-operator] [74cc6521] 13:20:30.652 [pool-6-thread-42] DEBUG c.h.p.o.d.PlatformServiceResource - [helmplat] Desired Platform services (4 services)
2025-01-29 13:20:30,656 INFO c.h.h.t.HelmChartContainer - [hivemq-test-hivemq-platform] [hivemq-platform-operator] [74cc6521] 13:20:30.655 [pool-6-thread-43] DEBUG c.h.p.o.dependants.PodInfoConfigMap - [helmplat] Desired PodInfo ConfigMap (1 extensions) (1 enabled)
2025-01-29 13:20:30,657 INFO c.h.h.t.HelmChartContainer - [hivemq-test-hivemq-platform] [hivemq-platform-operator] [74cc6521] 13:20:30.655 [pool-6-thread-43] DEBUG c.h.p.o.dependants.PodInfoConfigMap - [helmplat] Desired PodInfo ConfigMap (metrics port: 9399) (metrics path: /)
2025-01-29 13:20:30,657 INFO c.h.h.t.HelmChartContainer - [hivemq-test-hivemq-platform] [hivemq-platform-operator] [74cc6521] 13:20:30.655 [pool-6-thread-43] DEBUG c.h.p.o.dependants.PodInfoConfigMap - [helmplat] Desired PodInfo ConfigMap (extension state hash: -1817474005)
2025-01-29 13:20:30,663 INFO c.h.h.t.HelmChartContainer - [hivemq-test-hivemq-platform] [hivemq-platform-operator] [74cc6521] 13:20:30.660 [pool-6-thread-47] DEBUG c.h.p.o.d.PodServiceAccountResource - [helmplat] Desired PodServiceAccountResource (serviceAccountName: hivemq-platform-pod-test-hivemq-platform)
2025-01-29 13:20:30,730 INFO c.h.h.t.HelmChartContainer - [hivemq-test-hivemq-platform] [hivemq-platform-operator] [74cc6521] 13:20:30.728 [pool-6-thread-50] DEBUG c.h.p.o.d.StatefulSetResource - [helmplat] Desired StatefulSet (1 replicas) for status STARTING (READY)
2025-01-29 13:20:30,738 INFO c.h.h.t.HelmChartContainer - [hivemq-test-hivemq-platform] [hivemq-platform-operator] [74cc6521] 13:20:30.737 [ReconcilerExecutor-hivemq-controller-98] INFO  c.h.p.o.HiveMQPlatformReconciler - [helmplat] Reconciling HiveMQ Platform 'test-hivemq-platform' in namespace 'helmplatformtlsit'
2025-01-29 13:20:30,739 INFO c.h.h.t.HelmChartContainer - [hivemq-test-hivemq-platform] [hivemq-platform-operator] [74cc6521] 13:20:30.737 [ReconcilerExecutor-hivemq-controller-98] DEBUG c.h.p.o.HiveMQPlatformReconciler - [helmplat] Custom Resource Status STARTING - HiveMQ Platform is starting (READY)
2025-01-29 13:20:30,739 INFO c.h.h.t.HelmChartContainer - [hivemq-test-hivemq-platform] [hivemq-platform-operator] [74cc6521] 13:20:30.737 [ReconcilerExecutor-hivemq-controller-98] DEBUG c.h.p.o.HiveMQPlatformReconciler - [helmplat] Custom Resource Spec (replicas: 1) (extensions: 1)
2025-01-29 13:20:30,742 INFO c.h.h.t.HelmChartContainer - [hivemq-test-hivemq-platform] [hivemq-platform-operator] [74cc6521] 13:20:30.741 [ReconcilerExecutor-hivemq-controller-98] DEBUG c.h.p.o.HiveMQPlatformReconciler - [helmplat] StatefulSet Status (revision: test-hivemq-platform-84b44bc758, replicas: 1, available: 0, ready: 0, current: 1, updated: 1)
2025-01-29 13:20:30,743 INFO c.h.h.t.HelmChartContainer - [hivemq-test-hivemq-platform] [hivemq-platform-operator] [74cc6521] 13:20:30.742 [ReconcilerExecutor-hivemq-controller-98] DEBUG c.h.p.o.HiveMQPlatformReconciler - [helmplat] StatefulSet Spec (replicas: 1, init containers: 1, containers: 1, volumes: 5)
2025-01-29 13:20:30,822 INFO c.h.h.t.HelmChartContainer - [hivemq-test-hivemq-platform] [hivemq-platform-operator] [74cc6521] 13:20:30.819 [ReconcilerExecutor-hivemq-controller-98] DEBUG c.h.p.o.h.HiveMQPlatformReconcilerErrorHandler - [helmplat] Pod 'test-hivemq-platform-0' phase Running
2025-01-29 13:20:30,822 INFO c.h.h.t.HelmChartContainer - [hivemq-test-hivemq-platform] [hivemq-platform-operator] [74cc6521] 13:20:30.820 [ReconcilerExecutor-hivemq-controller-98] INFO  c.h.p.o.h.HiveMQPlatformReconcilerBaseHandler - [helmplat] HiveMQ Platform is starting, 0 of 1 replicas are ready
2025-01-29 13:20:31,029 INFO c.h.h.t.HelmChartContainer - [test-hivemq-platform] [hivemq] [1e6cbea4] INFO  - [HiveMQ Platform Operator Init 1.7.0-SNAPSHOT] HiveMQ Platform Operator Init 1.7.0-SNAPSHOT (commit: bebf408 on branch: HEAD) built on Sun Jan 26 20:47:47 UTC 2025
2025-01-29 13:20:32,225 INFO c.h.h.t.HelmChartContainer - [test-hivemq-platform] [hivemq] [1e6cbea4] INFO  - [HiveMQ Platform Operator Init App 1.7.0-SNAPSHOT] Using bind address 10.42.0.6 from environment variable
2025-01-29 13:20:33,121 INFO c.h.h.t.HelmChartContainer - [test-hivemq-platform] [hivemq] [1e6cbea4] INFO  - [HiveMQ Platform Operator Init App 1.7.0-SNAPSHOT] HiveMQ Platform Operator Init App 1.7.0-SNAPSHOT (commit: bebf408 on branch: HEAD) built on Sun Jan 26 20:47:47 UTC 2025
2025-01-29 13:20:33,122 INFO c.h.h.t.HelmChartContainer - [test-hivemq-platform] [hivemq] [1e6cbea4] INFO  - [HiveMQ Platform Operator Init App 1.7.0-SNAPSHOT] PodInfo ConfigMap directory: /etc/podinfo
2025-01-29 13:20:33,122 INFO c.h.h.t.HelmChartContainer - [test-hivemq-platform] [hivemq] [1e6cbea4] INFO  - [HiveMQ Platform Operator Init App 1.7.0-SNAPSHOT] HiveMQ home directory: /opt/hivemq
2025-01-29 13:20:33,122 INFO c.h.h.t.HelmChartContainer - [test-hivemq-platform] [hivemq] [1e6cbea4] INFO  - [HiveMQ Platform Operator Init App 1.7.0-SNAPSHOT] HiveMQ Logback folder: /opt/hivemq/conf
2025-01-29 13:20:33,122 INFO c.h.h.t.HelmChartContainer - [test-hivemq-platform] [hivemq] [1e6cbea4] INFO  - [HiveMQ Platform Operator Init App 1.7.0-SNAPSHOT] HiveMQ Config folder: /opt/hivemq/conf-k8s
2025-01-29 13:20:33,123 INFO c.h.h.t.HelmChartContainer - [test-hivemq-platform] [hivemq] [1e6cbea4] INFO  - [HiveMQ Platform Operator Init App 1.7.0-SNAPSHOT] Starting HiveMQ Platform Operator Init App
2025-01-29 13:20:33,123 INFO c.h.h.t.HelmChartContainer - [test-hivemq-platform] [hivemq] [1e6cbea4] INFO  - [HiveMQ Platform Operator Init App 1.7.0-SNAPSHOT] Starting Pod reconciler
2025-01-29 13:20:34,422 INFO c.h.h.t.HelmChartContainer - [test-hivemq-platform] [hivemq] [1e6cbea4] INFO  - [HiveMQ Platform Operator Init App 1.7.0-SNAPSHOT] Pod reconciler is scheduled (interval: 5000 ms)
2025-01-29 13:20:34,423 INFO c.h.h.t.HelmChartContainer - [test-hivemq-platform] [hivemq] [1e6cbea4] INFO  - [HiveMQ Platform Operator Init App 1.7.0-SNAPSHOT] Starting the REST API on 10.42.0.6:7979
2025-01-29 13:20:34,426 INFO c.h.h.t.HelmChartContainer - [test-hivemq-platform] [hivemq] [1e6cbea4] INFO  - [HiveMQ Platform Operator Init App 1.7.0-SNAPSHOT] Waiting up to 600s for at most 1 HiveMQ nodes in cluster service hivemq-test-hivemq-platform-cluster.helmplatformtlsit.svc
2025-01-29 13:20:34,828 INFO c.h.h.t.HelmChartContainer - [test-hivemq-platform] [hivemq] [1e6cbea4] INFO  - [HiveMQ Platform Operator Init App 1.7.0-SNAPSHOT] Resolved 1 IP addresses: [10.42.0.6]
2025-01-29 13:20:34,828 INFO c.h.h.t.HelmChartContainer - [test-hivemq-platform] [hivemq] [1e6cbea4] INFO  - [HiveMQ Platform Operator Init App 1.7.0-SNAPSHOT] HiveMQ node count of 1 is within threshold of 1
2025-01-29 13:20:34,829 INFO c.h.h.t.HelmChartContainer - [test-hivemq-platform] [hivemq] [1e6cbea4] INFO  - [HiveMQ Platform Operator Init App 1.7.0-SNAPSHOT] Proceeding with container start
2025-01-29 13:20:34,923 INFO c.h.h.t.HelmChartContainer - [test-hivemq-platform] [hivemq] [1e6cbea4] INFO  - [HiveMQ Platform Operator Init App 1.7.0-SNAPSHOT] Initializing HiveMQ Platform extensions with initial configuration: {hivemq-allow-all-extension={start-priority=-1, skip-https-hostname-verification=false, restart=true, config-version=0, header-version=0, c-uri=, priority=-1, uri=preinstalled, skip-https-certificate-validation=false, enabled=true}, hivemq-prometheus-extension={uri=preinstalled, skip-https-certificate-validation=false, skip-https-hostname-verification=false, c-uri=, start-priority=-1, priority=-1, restart=true, enabled=true, request-header-path=no-request-headers}}
2025-01-29 13:20:35,416 INFO c.h.h.t.HelmChartContainer - [test-hivemq-platform] [hivemq] [1e6cbea4] INFO  - [HiveMQ Platform Operator Init App 1.7.0-SNAPSHOT] Extension hivemq-allow-all-extension was already enabled
2025-01-29 13:20:35,426 INFO c.h.h.t.HelmChartContainer - [test-hivemq-platform] [hivemq] [1e6cbea4] INFO  - [HiveMQ Platform Operator Init App 1.7.0-SNAPSHOT] Successfully enabled extension hivemq-prometheus-extension
2025-01-29 13:20:35,427 INFO c.h.h.t.HelmChartContainer - [test-hivemq-platform] [hivemq] [1e6cbea4] INFO  - [HiveMQ Platform Operator Init App 1.7.0-SNAPSHOT] Starting HiveMQ Platform version 4.36.0 (4.36.0)
2025-01-29 13:20:35,429 INFO c.h.h.t.HelmChartContainer - [test-hivemq-platform] [hivemq] [1e6cbea4] INFO  - [HiveMQ Platform Operator Init App 1.7.0-SNAPSHOT] Configuring the HiveMQ Platform
2025-01-29 13:20:35,525 INFO c.h.h.t.HelmChartContainer - [test-hivemq-platform] [hivemq] [1e6cbea4] INFO  - [HiveMQ Platform Operator Init App 1.7.0-SNAPSHOT] Changed logback.xml file scan period to 20 seconds
2025-01-29 13:20:35,622 INFO c.h.h.t.HelmChartContainer - [test-hivemq-platform] [hivemq] [1e6cbea4] INFO  - [HiveMQ Platform Operator Init App 1.7.0-SNAPSHOT] Starting the HiveMQ Platform
2025-01-29 13:20:35,626 INFO c.h.h.t.HelmChartContainer - [test-hivemq-platform] [hivemq] [1e6cbea4] -------------------------------------------------------------------------
2025-01-29 13:20:35,626 INFO c.h.h.t.HelmChartContainer - [test-hivemq-platform] [hivemq] [1e6cbea4] 
2025-01-29 13:20:35,626 INFO c.h.h.t.HelmChartContainer - [test-hivemq-platform] [hivemq] [1e6cbea4]                   _    _  _              __  __   ____
2025-01-29 13:20:35,626 INFO c.h.h.t.HelmChartContainer - [test-hivemq-platform] [hivemq] [1e6cbea4]                  | |  | |(_)            |  \/  | / __ \
2025-01-29 13:20:35,626 INFO c.h.h.t.HelmChartContainer - [test-hivemq-platform] [hivemq] [1e6cbea4]                  | |__| | _ __   __ ___ | \  / || |  | |
2025-01-29 13:20:35,626 INFO c.h.h.t.HelmChartContainer - [test-hivemq-platform] [hivemq] [1e6cbea4]                  |  __  || |\ \ / // _ \| |\/| || |  | |
2025-01-29 13:20:35,626 INFO c.h.h.t.HelmChartContainer - [test-hivemq-platform] [hivemq] [1e6cbea4]                  | |  | || | \ V /|  __/| |  | || |__| |
2025-01-29 13:20:35,627 INFO c.h.h.t.HelmChartContainer - [test-hivemq-platform] [hivemq] [1e6cbea4]                  |_|  |_||_|  \_/  \___||_|  |_| \___\_\
2025-01-29 13:20:35,627 INFO c.h.h.t.HelmChartContainer - [test-hivemq-platform] [hivemq] [1e6cbea4] 
2025-01-29 13:20:35,627 INFO c.h.h.t.HelmChartContainer - [test-hivemq-platform] [hivemq] [1e6cbea4] -------------------------------------------------------------------------
2025-01-29 13:20:35,627 INFO c.h.h.t.HelmChartContainer - [test-hivemq-platform] [hivemq] [1e6cbea4] 
2025-01-29 13:20:35,627 INFO c.h.h.t.HelmChartContainer - [test-hivemq-platform] [hivemq] [1e6cbea4]   HiveMQ Start Script for Linux/Unix v1.14
2025-01-29 13:20:35,627 INFO c.h.h.t.HelmChartContainer - [test-hivemq-platform] [hivemq] [1e6cbea4] 
2025-01-29 13:20:35,723 INFO c.h.h.t.HelmChartContainer - [test-hivemq-platform] [hivemq] [1e6cbea4] -------------------------------------------------------------------------
2025-01-29 13:20:35,723 INFO c.h.h.t.HelmChartContainer - [test-hivemq-platform] [hivemq] [1e6cbea4] 
2025-01-29 13:20:35,723 INFO c.h.h.t.HelmChartContainer - [test-hivemq-platform] [hivemq] [1e6cbea4]   HIVEMQ_HOME: /opt/hivemq
2025-01-29 13:20:35,723 INFO c.h.h.t.HelmChartContainer - [test-hivemq-platform] [hivemq] [1e6cbea4] 
2025-01-29 13:20:35,723 INFO c.h.h.t.HelmChartContainer - [test-hivemq-platform] [hivemq] [1e6cbea4]   JAVA_OPTS: -XX:+UnlockExperimentalVMOptions -XX:InitialRAMPercentage=50 -XX:MaxRAMPercentage=50 -Djava.net.preferIPv4Stack=true --add-opens java.base/java.lang=ALL-UNNAMED --add-opens java.base/java.nio=ALL-UNNAMED --add-opens java.base/sun.nio.ch=ALL-UNNAMED --add-opens jdk.management/com.sun.management.internal=ALL-UNNAMED --add-exports java.base/jdk.internal.misc=ALL-UNNAMED -Djava.security.egd=file:/dev/./urandom -Dcom.sun.management.jmxremote -Dcom.sun.management.jmxremote.port=9010 -Dcom.sun.management.jmxremote.local.only=false -Dcom.sun.management.jmxremote.authenticate=false -Dcom.sun.management.jmxremote.ssl=false -Duser.language=en -Duser.region=US -XX:+CrashOnOutOfMemoryError -XX:+HeapDumpOnOutOfMemoryError
2025-01-29 13:20:35,723 INFO c.h.h.t.HelmChartContainer - [test-hivemq-platform] [hivemq] [1e6cbea4] 
2025-01-29 13:20:35,723 INFO c.h.h.t.HelmChartContainer - [test-hivemq-platform] [hivemq] [1e6cbea4]   JAVA_VERSION: 21
2025-01-29 13:20:35,723 INFO c.h.h.t.HelmChartContainer - [test-hivemq-platform] [hivemq] [1e6cbea4] 
2025-01-29 13:20:35,723 INFO c.h.h.t.HelmChartContainer - [test-hivemq-platform] [hivemq] [1e6cbea4] -------------------------------------------------------------------------
2025-01-29 13:20:35,723 INFO c.h.h.t.HelmChartContainer - [test-hivemq-platform] [hivemq] [1e6cbea4] 
2025-01-29 13:20:36,722 INFO c.h.h.t.HelmChartContainer - [test-hivemq-platform] [hivemq] [1e6cbea4] INFO  - [HiveMQ Platform Operator Init App 1.7.0-SNAPSHOT] Returning default Health API response 503 for readiness
2025-01-29 13:20:37,121 INFO c.h.h.t.HelmChartContainer - [EVENT] Warning [Unhealthy] Readiness probe failed: HTTP probe failed with statuscode: 503 [helmplatformtlsit:test-hivemq-platform-0]
2025-01-29 13:20:37,121 INFO c.h.h.t.HelmChartContainer - Received Unhealthy event for container hivemq in pod test-hivemq-platform-0 [1e6cbea4-2446-4fad-9777-12d1d331ae44]
2025-01-29 13:20:38,518 INFO c.h.h.t.HelmChartContainer - [test-hivemq-platform] [hivemq] [1e6cbea4] INFO  - Starting HiveMQ Enterprise Server
2025-01-29 13:20:38,524 INFO c.h.h.t.HelmChartContainer - [test-hivemq-platform] [hivemq] [1e6cbea4] INFO  - HiveMQ version: 4.36.0
2025-01-29 13:20:38,525 INFO c.h.h.t.HelmChartContainer - [test-hivemq-platform] [hivemq] [1e6cbea4] INFO  - HiveMQ home directory: /opt/hivemq
2025-01-29 13:20:38,525 INFO c.h.h.t.HelmChartContainer - [test-hivemq-platform] [hivemq] [1e6cbea4] INFO  - Log Configuration was overridden by /opt/hivemq/conf/logback.xml
2025-01-29 13:20:40,023 INFO c.h.h.t.HelmChartContainer - [test-hivemq-platform] [hivemq] [1e6cbea4] INFO  - Using system default truststore for tls listener with 'client-authentication-mode' of value 'optional' and not specified 'truststore'.
2025-01-29 13:20:40,222 INFO c.h.h.t.HelmChartContainer - [test-hivemq-platform] [hivemq] [1e6cbea4] INFO  - Successfully loaded configuration from '/opt/hivemq/conf-k8s/config.xml'.
2025-01-29 13:20:40,830 INFO c.h.h.t.HelmChartContainer - [hivemq-test-hivemq-platform] [hivemq-platform-operator] [74cc6521] 13:20:40.829 [pool-6-thread-8] DEBUG c.h.p.o.d.PlatformServiceResource - [helmplat] Desired Platform services (4 services)
2025-01-29 13:20:40,834 INFO c.h.h.t.HelmChartContainer - [hivemq-test-hivemq-platform] [hivemq-platform-operator] [74cc6521] 13:20:40.832 [pool-6-thread-6] DEBUG c.h.p.o.d.PodServiceAccountResource - [helmplat] Desired PodServiceAccountResource (serviceAccountName: hivemq-platform-pod-test-hivemq-platform)
2025-01-29 13:20:40,834 INFO c.h.h.t.HelmChartContainer - [hivemq-test-hivemq-platform] [hivemq-platform-operator] [74cc6521] 13:20:40.833 [pool-6-thread-9] DEBUG c.h.p.o.dependants.PodInfoConfigMap - [helmplat] Desired PodInfo ConfigMap (1 extensions) (1 enabled)
2025-01-29 13:20:40,836 INFO c.h.h.t.HelmChartContainer - [hivemq-test-hivemq-platform] [hivemq-platform-operator] [74cc6521] 13:20:40.835 [pool-6-thread-9] DEBUG c.h.p.o.dependants.PodInfoConfigMap - [helmplat] Desired PodInfo ConfigMap (metrics port: 9399) (metrics path: /)
2025-01-29 13:20:40,837 INFO c.h.h.t.HelmChartContainer - [hivemq-test-hivemq-platform] [hivemq-platform-operator] [74cc6521] 13:20:40.837 [pool-6-thread-9] DEBUG c.h.p.o.dependants.PodInfoConfigMap - [helmplat] Desired PodInfo ConfigMap (extension state hash: -1817474005)
2025-01-29 13:20:40,842 INFO c.h.h.t.HelmChartContainer - [hivemq-test-hivemq-platform] [hivemq-platform-operator] [74cc6521] 13:20:40.841 [pool-6-thread-3] DEBUG c.h.p.o.d.StatefulSetResource - [helmplat] Desired StatefulSet (1 replicas) for status STARTING (READY)
2025-01-29 13:20:40,928 INFO c.h.h.t.HelmChartContainer - [hivemq-test-hivemq-platform] [hivemq-platform-operator] [74cc6521] 13:20:40.926 [ReconcilerExecutor-hivemq-controller-109] INFO  c.h.p.o.HiveMQPlatformReconciler - [helmplat] Reconciling HiveMQ Platform 'test-hivemq-platform' in namespace 'helmplatformtlsit'
2025-01-29 13:20:40,928 INFO c.h.h.t.HelmChartContainer - [hivemq-test-hivemq-platform] [hivemq-platform-operator] [74cc6521] 13:20:40.927 [ReconcilerExecutor-hivemq-controller-109] DEBUG c.h.p.o.HiveMQPlatformReconciler - [helmplat] Custom Resource Status STARTING - HiveMQ Platform is starting (READY)
2025-01-29 13:20:40,929 INFO c.h.h.t.HelmChartContainer - [hivemq-test-hivemq-platform] [hivemq-platform-operator] [74cc6521] 13:20:40.927 [ReconcilerExecutor-hivemq-controller-109] DEBUG c.h.p.o.HiveMQPlatformReconciler - [helmplat] Custom Resource Spec (replicas: 1) (extensions: 1)
2025-01-29 13:20:40,930 INFO c.h.h.t.HelmChartContainer - [hivemq-test-hivemq-platform] [hivemq-platform-operator] [74cc6521] 13:20:40.929 [ReconcilerExecutor-hivemq-controller-109] DEBUG c.h.p.o.HiveMQPlatformReconciler - [helmplat] StatefulSet Status (revision: test-hivemq-platform-84b44bc758, replicas: 1, available: 0, ready: 0, current: 1, updated: 1)
2025-01-29 13:20:40,933 INFO c.h.h.t.HelmChartContainer - [hivemq-test-hivemq-platform] [hivemq-platform-operator] [74cc6521] 13:20:40.932 [ReconcilerExecutor-hivemq-controller-109] DEBUG c.h.p.o.HiveMQPlatformReconciler - [helmplat] StatefulSet Spec (replicas: 1, init containers: 1, containers: 1, volumes: 5)
2025-01-29 13:20:40,937 INFO c.h.h.t.HelmChartContainer - [hivemq-test-hivemq-platform] [hivemq-platform-operator] [74cc6521] 13:20:40.935 [ReconcilerExecutor-hivemq-controller-109] DEBUG c.h.p.o.h.HiveMQPlatformReconcilerErrorHandler - [helmplat] Pod 'test-hivemq-platform-0' phase Running
2025-01-29 13:20:40,941 INFO c.h.h.t.HelmChartContainer - [hivemq-test-hivemq-platform] [hivemq-platform-operator] [74cc6521] 13:20:40.937 [ReconcilerExecutor-hivemq-controller-109] INFO  c.h.p.o.h.HiveMQPlatformReconcilerBaseHandler - [helmplat] HiveMQ Platform is starting, 0 of 1 replicas are ready
2025-01-29 13:20:41,219 INFO c.h.h.t.HelmChartContainer - [test-hivemq-platform] [hivemq] [1e6cbea4] INFO  - This node's ID is Z9ZfX
2025-01-29 13:20:41,219 INFO c.h.h.t.HelmChartContainer - [test-hivemq-platform] [hivemq] [1e6cbea4] INFO  - Clustering is enabled
2025-01-29 13:20:42,422 INFO c.h.h.t.HelmChartContainer - [test-hivemq-platform] [hivemq] [1e6cbea4] WARN  - [HiveMQ Platform Operator Init App 1.7.0-SNAPSHOT] Cannot connect to Health API for readiness: null
2025-01-29 13:20:42,429 INFO c.h.h.t.HelmChartContainer - [EVENT] Warning [Unhealthy] Readiness probe failed: HTTP probe failed with statuscode: 503 [helmplatformtlsit:test-hivemq-platform-0]
2025-01-29 13:20:42,429 INFO c.h.h.t.HelmChartContainer - Received Unhealthy event for container hivemq in pod test-hivemq-platform-0 [1e6cbea4-2446-4fad-9777-12d1d331ae44]
2025-01-29 13:20:45,723 INFO c.h.h.t.HelmChartContainer - [test-hivemq-platform] [hivemq] [1e6cbea4] Jan 29, 2025 1:20:45 PM io.vertx.core.impl.BlockedThreadChecker
2025-01-29 13:20:45,723 INFO c.h.h.t.HelmChartContainer - [test-hivemq-platform] [hivemq] [1e6cbea4] WARNING: Thread Thread[vert.x-eventloop-thread-1,5,main] has been blocked for 2929 ms, time limit is 2000 ms
2025-01-29 13:20:46,423 INFO c.h.h.t.HelmChartContainer - [test-hivemq-platform] [hivemq] [1e6cbea4] INFO  - [HiveMQ Platform Operator Init App 1.7.0-SNAPSHOT] Updating Pod HiveMQ Platform Operator Init App version annotation (version: 1.7.0-SNAPSHOT)
2025-01-29 13:20:46,820 INFO c.h.h.t.HelmChartContainer - [test-hivemq-platform] [hivemq] [1e6cbea4] WARN  - [HiveMQ Platform Operator Init App 1.7.0-SNAPSHOT] Cannot connect to Health API for readiness: null
2025-01-29 13:20:46,828 INFO c.h.h.t.HelmChartContainer - [EVENT] Warning [Unhealthy] Readiness probe failed: HTTP probe failed with statuscode: 503 [helmplatformtlsit:test-hivemq-platform-0]
2025-01-29 13:20:46,828 INFO c.h.h.t.HelmChartContainer - Received Unhealthy event for container hivemq in pod test-hivemq-platform-0 [1e6cbea4-2446-4fad-9777-12d1d331ae44]
2025-01-29 13:20:47,231 INFO c.h.h.t.HelmChartContainer - [POD] test-hivemq-platform-0 [1e6cbea4-2446-4fad-9777-12d1d331ae44] in helmplatformtlsit was MODIFIED
2025-01-29 13:20:47,237 INFO c.h.h.t.HelmChartContainer - [test-hivemq-platform] [hivemq] [1e6cbea4] WARN  - [HiveMQ Platform Operator Init App 1.7.0-SNAPSHOT] Cannot connect to Health API for readiness: null
2025-01-29 13:20:47,244 INFO c.h.h.t.HelmChartContainer - [hivemq-test-hivemq-platform] [hivemq-platform-operator] [74cc6521] 13:20:47.241 [pool-6-thread-11] DEBUG c.h.p.o.d.PlatformServiceResource - [helmplat] Desired Platform services (4 services)
2025-01-29 13:20:47,244 INFO c.h.h.t.HelmChartContainer - [hivemq-test-hivemq-platform] [hivemq-platform-operator] [74cc6521] 13:20:47.242 [pool-6-thread-15] DEBUG c.h.p.o.dependants.PodInfoConfigMap - [helmplat] Desired PodInfo ConfigMap (1 extensions) (1 enabled)
2025-01-29 13:20:47,247 INFO c.h.h.t.HelmChartContainer - [hivemq-test-hivemq-platform] [hivemq-platform-operator] [74cc6521] 13:20:47.242 [pool-6-thread-15] DEBUG c.h.p.o.dependants.PodInfoConfigMap - [helmplat] Desired PodInfo ConfigMap (metrics port: 9399) (metrics path: /)
2025-01-29 13:20:47,247 INFO c.h.h.t.HelmChartContainer - [hivemq-test-hivemq-platform] [hivemq-platform-operator] [74cc6521] 13:20:47.242 [pool-6-thread-15] DEBUG c.h.p.o.dependants.PodInfoConfigMap - [helmplat] Desired PodInfo ConfigMap (extension state hash: -1817474005)
2025-01-29 13:20:47,249 INFO c.h.h.t.HelmChartContainer - [hivemq-test-hivemq-platform] [hivemq-platform-operator] [74cc6521] 13:20:47.245 [pool-6-thread-16] DEBUG c.h.p.o.d.PodServiceAccountResource - [helmplat] Desired PodServiceAccountResource (serviceAccountName: hivemq-platform-pod-test-hivemq-platform)
2025-01-29 13:20:47,253 INFO c.h.h.t.HelmChartContainer - [hivemq-test-hivemq-platform] [hivemq-platform-operator] [74cc6521] 13:20:47.252 [pool-6-thread-14] DEBUG c.h.p.o.d.StatefulSetResource - [helmplat] Desired StatefulSet (1 replicas) for status STARTING (READY)
2025-01-29 13:20:47,291 INFO c.h.h.t.HelmChartContainer - [EVENT] Warning [Unhealthy] Readiness probe failed: HTTP probe failed with statuscode: 503 [helmplatformtlsit:test-hivemq-platform-0]
2025-01-29 13:20:47,291 INFO c.h.h.t.HelmChartContainer - Received Unhealthy event for container hivemq in pod test-hivemq-platform-0 [1e6cbea4-2446-4fad-9777-12d1d331ae44]
2025-01-29 13:20:47,322 INFO c.h.h.t.HelmChartContainer - [hivemq-test-hivemq-platform] [hivemq-platform-operator] [74cc6521] 13:20:47.319 [ReconcilerExecutor-hivemq-controller-110] INFO  c.h.p.o.HiveMQPlatformReconciler - [helmplat] Reconciling HiveMQ Platform 'test-hivemq-platform' in namespace 'helmplatformtlsit'
2025-01-29 13:20:47,322 INFO c.h.h.t.HelmChartContainer - [hivemq-test-hivemq-platform] [hivemq-platform-operator] [74cc6521] 13:20:47.320 [ReconcilerExecutor-hivemq-controller-110] DEBUG c.h.p.o.HiveMQPlatformReconciler - [helmplat] Custom Resource Status STARTING - HiveMQ Platform is starting (READY)
2025-01-29 13:20:47,322 INFO c.h.h.t.HelmChartContainer - [hivemq-test-hivemq-platform] [hivemq-platform-operator] [74cc6521] 13:20:47.320 [ReconcilerExecutor-hivemq-controller-110] DEBUG c.h.p.o.HiveMQPlatformReconciler - [helmplat] Custom Resource Spec (replicas: 1) (extensions: 1)
2025-01-29 13:20:47,326 INFO c.h.h.t.HelmChartContainer - [hivemq-test-hivemq-platform] [hivemq-platform-operator] [74cc6521] 13:20:47.324 [ReconcilerExecutor-hivemq-controller-110] DEBUG c.h.p.o.HiveMQPlatformReconciler - [helmplat] StatefulSet Status (revision: test-hivemq-platform-84b44bc758, replicas: 1, available: 0, ready: 0, current: 1, updated: 1)
2025-01-29 13:20:47,326 INFO c.h.h.t.HelmChartContainer - [hivemq-test-hivemq-platform] [hivemq-platform-operator] [74cc6521] 13:20:47.324 [ReconcilerExecutor-hivemq-controller-110] DEBUG c.h.p.o.HiveMQPlatformReconciler - [helmplat] StatefulSet Spec (replicas: 1, init containers: 1, containers: 1, volumes: 5)
2025-01-29 13:20:47,328 INFO c.h.h.t.HelmChartContainer - [test-hivemq-platform] [hivemq] [1e6cbea4] INFO  - [HiveMQ Platform Operator Init App 1.7.0-SNAPSHOT] Successfully updated Pod HiveMQ Platform Operator Init App version annotation (version: 1.7.0-SNAPSHOT)
2025-01-29 13:20:47,330 INFO c.h.h.t.HelmChartContainer - [hivemq-test-hivemq-platform] [hivemq-platform-operator] [74cc6521] 13:20:47.327 [ReconcilerExecutor-hivemq-controller-110] DEBUG c.h.p.o.h.HiveMQPlatformReconcilerErrorHandler - [helmplat] Pod 'test-hivemq-platform-0' phase Running
2025-01-29 13:20:47,332 INFO c.h.h.t.HelmChartContainer - [hivemq-test-hivemq-platform] [hivemq-platform-operator] [74cc6521] 13:20:47.330 [ReconcilerExecutor-hivemq-controller-110] INFO  c.h.p.o.h.HiveMQPlatformReconcilerBaseHandler - [helmplat] HiveMQ Platform is starting, 0 of 1 replicas are ready
2025-01-29 13:20:52,321 INFO c.h.h.t.HelmChartContainer - [test-hivemq-platform] [hivemq] [1e6cbea4] WARN  - [HiveMQ Platform Operator Init App 1.7.0-SNAPSHOT] Cannot connect to Health API for readiness: null
2025-01-29 13:20:52,325 INFO c.h.h.t.HelmChartContainer - [EVENT] Warning [Unhealthy] Readiness probe failed: HTTP probe failed with statuscode: 503 [helmplatformtlsit:test-hivemq-platform-0]
2025-01-29 13:20:52,325 INFO c.h.h.t.HelmChartContainer - Received Unhealthy event for container hivemq in pod test-hivemq-platform-0 [1e6cbea4-2446-4fad-9777-12d1d331ae44]
2025-01-29 13:20:57,321 INFO c.h.h.t.HelmChartContainer - [test-hivemq-platform] [hivemq] [1e6cbea4] WARN  - [HiveMQ Platform Operator Init App 1.7.0-SNAPSHOT] Cannot connect to Health API for readiness: null
2025-01-29 13:20:57,327 INFO c.h.h.t.HelmChartContainer - [EVENT] Warning [Unhealthy] Readiness probe failed: HTTP probe failed with statuscode: 503 [helmplatformtlsit:test-hivemq-platform-0]
2025-01-29 13:20:57,327 INFO c.h.h.t.HelmChartContainer - Received Unhealthy event for container hivemq in pod test-hivemq-platform-0 [1e6cbea4-2446-4fad-9777-12d1d331ae44]
2025-01-29 13:20:57,335 INFO c.h.h.t.HelmChartContainer - [hivemq-test-hivemq-platform] [hivemq-platform-operator] [74cc6521] 13:20:57.334 [pool-6-thread-27] DEBUG c.h.p.o.d.PlatformServiceResource - [helmplat] Desired Platform services (4 services)
2025-01-29 13:20:57,338 INFO c.h.h.t.HelmChartContainer - [hivemq-test-hivemq-platform] [hivemq-platform-operator] [74cc6521] 13:20:57.336 [pool-6-thread-24] DEBUG c.h.p.o.d.PodServiceAccountResource - [helmplat] Desired PodServiceAccountResource (serviceAccountName: hivemq-platform-pod-test-hivemq-platform)
2025-01-29 13:20:57,339 INFO c.h.h.t.HelmChartContainer - [hivemq-test-hivemq-platform] [hivemq-platform-operator] [74cc6521] 13:20:57.335 [pool-6-thread-26] DEBUG c.h.p.o.dependants.PodInfoConfigMap - [helmplat] Desired PodInfo ConfigMap (1 extensions) (1 enabled)
2025-01-29 13:20:57,340 INFO c.h.h.t.HelmChartContainer - [hivemq-test-hivemq-platform] [hivemq-platform-operator] [74cc6521] 13:20:57.339 [pool-6-thread-26] DEBUG c.h.p.o.dependants.PodInfoConfigMap - [helmplat] Desired PodInfo ConfigMap (metrics port: 9399) (metrics path: /)
2025-01-29 13:20:57,341 INFO c.h.h.t.HelmChartContainer - [hivemq-test-hivemq-platform] [hivemq-platform-operator] [74cc6521] 13:20:57.340 [pool-6-thread-26] DEBUG c.h.p.o.dependants.PodInfoConfigMap - [helmplat] Desired PodInfo ConfigMap (extension state hash: -1817474005)
2025-01-29 13:20:57,347 INFO c.h.h.t.HelmChartContainer - [hivemq-test-hivemq-platform] [hivemq-platform-operator] [74cc6521] 13:20:57.345 [pool-6-thread-27] DEBUG c.h.p.o.d.StatefulSetResource - [helmplat] Desired StatefulSet (1 replicas) for status STARTING (READY)
2025-01-29 13:20:57,351 INFO c.h.h.t.HelmChartContainer - [hivemq-test-hivemq-platform] [hivemq-platform-operator] [74cc6521] 13:20:57.350 [ReconcilerExecutor-hivemq-controller-111] INFO  c.h.p.o.HiveMQPlatformReconciler - [helmplat] Reconciling HiveMQ Platform 'test-hivemq-platform' in namespace 'helmplatformtlsit'
2025-01-29 13:20:57,351 INFO c.h.h.t.HelmChartContainer - [hivemq-test-hivemq-platform] [hivemq-platform-operator] [74cc6521] 13:20:57.350 [ReconcilerExecutor-hivemq-controller-111] DEBUG c.h.p.o.HiveMQPlatformReconciler - [helmplat] Custom Resource Status STARTING - HiveMQ Platform is starting (READY)
2025-01-29 13:20:57,352 INFO c.h.h.t.HelmChartContainer - [hivemq-test-hivemq-platform] [hivemq-platform-operator] [74cc6521] 13:20:57.350 [ReconcilerExecutor-hivemq-controller-111] DEBUG c.h.p.o.HiveMQPlatformReconciler - [helmplat] Custom Resource Spec (replicas: 1) (extensions: 1)
2025-01-29 13:20:57,353 INFO c.h.h.t.HelmChartContainer - [hivemq-test-hivemq-platform] [hivemq-platform-operator] [74cc6521] 13:20:57.352 [ReconcilerExecutor-hivemq-controller-111] DEBUG c.h.p.o.HiveMQPlatformReconciler - [helmplat] StatefulSet Status (revision: test-hivemq-platform-84b44bc758, replicas: 1, available: 0, ready: 0, current: 1, updated: 1)
2025-01-29 13:20:57,353 INFO c.h.h.t.HelmChartContainer - [hivemq-test-hivemq-platform] [hivemq-platform-operator] [74cc6521] 13:20:57.352 [ReconcilerExecutor-hivemq-controller-111] DEBUG c.h.p.o.HiveMQPlatformReconciler - [helmplat] StatefulSet Spec (replicas: 1, init containers: 1, containers: 1, volumes: 5)
2025-01-29 13:20:57,424 INFO c.h.h.t.HelmChartContainer - [hivemq-test-hivemq-platform] [hivemq-platform-operator] [74cc6521] 13:20:57.421 [ReconcilerExecutor-hivemq-controller-111] DEBUG c.h.p.o.h.HiveMQPlatformReconcilerErrorHandler - [helmplat] Pod 'test-hivemq-platform-0' phase Running
2025-01-29 13:20:57,425 INFO c.h.h.t.HelmChartContainer - [hivemq-test-hivemq-platform] [hivemq-platform-operator] [74cc6521] 13:20:57.423 [ReconcilerExecutor-hivemq-controller-111] INFO  c.h.p.o.h.HiveMQPlatformReconcilerBaseHandler - [helmplat] HiveMQ Platform is starting, 0 of 1 replicas are ready
2025-01-29 13:20:58,718 INFO c.h.h.t.HelmChartContainer - [test-hivemq-platform] [hivemq] [1e6cbea4] WARN  - [HiveMQ Platform Operator Init App 1.7.0-SNAPSHOT] Cannot connect to Health API for liveness: null
2025-01-29 13:20:58,718 INFO c.h.h.t.HelmChartContainer - [test-hivemq-platform] [hivemq] [1e6cbea4] INFO  - [HiveMQ Platform Operator Init App 1.7.0-SNAPSHOT] Returning default Health API response 200 for liveness
2025-01-29 13:20:58,841 INFO c.h.h.t.HelmChartContainer - [test-hivemq-platform] [hivemq] [1e6cbea4] INFO  - No valid license file found. Using trial license, restricted to 25 connections.
2025-01-29 13:21:01,922 INFO c.h.h.t.HelmChartContainer - [test-hivemq-platform] [hivemq] [1e6cbea4] INFO  - No valid license file for Data Hub found. Using free license, restricted to 1 policy.
2025-01-29 13:21:02,321 INFO c.h.h.t.HelmChartContainer - [test-hivemq-platform] [hivemq] [1e6cbea4] WARN  - [HiveMQ Platform Operator Init App 1.7.0-SNAPSHOT] Cannot connect to Health API for readiness: null
2025-01-29 13:21:02,326 INFO c.h.h.t.HelmChartContainer - [EVENT] Warning [Unhealthy] Readiness probe failed: HTTP probe failed with statuscode: 503 [helmplatformtlsit:test-hivemq-platform-0]
2025-01-29 13:21:02,327 INFO c.h.h.t.HelmChartContainer - Received Unhealthy event for container hivemq in pod test-hivemq-platform-0 [1e6cbea4-2446-4fad-9777-12d1d331ae44]
2025-01-29 13:21:03,131 INFO c.h.h.t.HelmChartContainer - [test-hivemq-platform] [hivemq] [1e6cbea4] INFO  - Audit Logger started.
2025-01-29 13:21:03,429 INFO c.h.h.t.HelmChartContainer - [test-hivemq-platform] [hivemq] [1e6cbea4] INFO  - This node uses '1' CPU cores.
2025-01-29 13:21:03,433 INFO c.h.h.t.HelmChartContainer - [test-hivemq-platform] [hivemq] [1e6cbea4] INFO  - Starting HiveMQ Health API on address 0.0.0.0 and port 8889
2025-01-29 13:21:04,326 INFO c.h.h.t.HelmChartContainer - [test-hivemq-platform] [hivemq] [1e6cbea4] INFO  - Started HiveMQ Health API in 892ms
2025-01-29 13:21:04,856 INFO c.h.h.t.HelmChartContainer - [test-hivemq-platform] [hivemq] [1e6cbea4] INFO  - Starting HiveMQ extension system.
2025-01-29 13:21:05,125 INFO c.h.h.t.HelmChartContainer - [test-hivemq-platform] [hivemq] [1e6cbea4] INFO  - Starting extension with id "hivemq-dns-cluster-discovery" at /opt/hivemq/extensions/hivemq-dns-cluster-discovery
2025-01-29 13:21:05,622 INFO c.h.h.t.HelmChartContainer - [test-hivemq-platform] [hivemq] [1e6cbea4] INFO  - Extension "DNS Cluster Discovery Extension" version 4.3.2 started successfully.
2025-01-29 13:21:05,622 INFO c.h.h.t.HelmChartContainer - [test-hivemq-platform] [hivemq] [1e6cbea4] INFO  - Starting extension with id "hivemq-prometheus-extension" at /opt/hivemq/extensions/hivemq-prometheus-extension
2025-01-29 13:21:05,622 INFO c.h.h.t.HelmChartContainer - [test-hivemq-platform] [hivemq] [1e6cbea4] INFO  - Using TCP cluster transport on address 10.42.0.6 and port 7000
2025-01-29 13:21:05,628 INFO c.h.h.t.HelmChartContainer - [test-hivemq-platform] [hivemq] [1e6cbea4] INFO  - Using extension cluster discovery
2025-01-29 13:21:06,622 INFO c.h.h.t.HelmChartContainer - [test-hivemq-platform] [hivemq] [1e6cbea4] INFO  - Started Jetty Server exposing Prometheus Servlet on URI http://0.0.0.0:9399/
2025-01-29 13:21:06,622 INFO c.h.h.t.HelmChartContainer - [test-hivemq-platform] [hivemq] [1e6cbea4] INFO  - Extension "Prometheus Monitoring Extension" version 4.0.12 started successfully.
2025-01-29 13:21:06,622 INFO c.h.h.t.HelmChartContainer - [test-hivemq-platform] [hivemq] [1e6cbea4] INFO  - Starting extension with id "hivemq-allow-all-extension" at /opt/hivemq/extensions/hivemq-allow-all-extension
2025-01-29 13:21:06,622 INFO c.h.h.t.HelmChartContainer - [test-hivemq-platform] [hivemq] [1e6cbea4] WARN  - 
2025-01-29 13:21:06,622 INFO c.h.h.t.HelmChartContainer - [test-hivemq-platform] [hivemq] [1e6cbea4] ################################################################################################################
2025-01-29 13:21:06,622 INFO c.h.h.t.HelmChartContainer - [test-hivemq-platform] [hivemq] [1e6cbea4] # This HiveMQ deployment is not secure! You are lacking Authentication and Authorization.                      #
2025-01-29 13:21:06,622 INFO c.h.h.t.HelmChartContainer - [test-hivemq-platform] [hivemq] [1e6cbea4] # Right now any MQTT client can connect to the broker with a full set of permissions.                          #
2025-01-29 13:21:06,622 INFO c.h.h.t.HelmChartContainer - [test-hivemq-platform] [hivemq] [1e6cbea4] # For production usage, add an appropriate security extension and remove the hivemq-allow-all extension.       #
2025-01-29 13:21:06,622 INFO c.h.h.t.HelmChartContainer - [test-hivemq-platform] [hivemq] [1e6cbea4] # You can download security extensions from the HiveMQ Marketplace (https://www.hivemq.com/extensions/).       #
2025-01-29 13:21:06,623 INFO c.h.h.t.HelmChartContainer - [test-hivemq-platform] [hivemq] [1e6cbea4] ################################################################################################################
2025-01-29 13:21:06,623 INFO c.h.h.t.HelmChartContainer - [test-hivemq-platform] [hivemq] [1e6cbea4] INFO  - Extension "Allow All Extension" version 1.1.1 started successfully.
2025-01-29 13:21:07,439 INFO c.h.h.t.HelmChartContainer - [hivemq-test-hivemq-platform] [hivemq-platform-operator] [74cc6521] 13:21:07.437 [pool-6-thread-33] DEBUG c.h.p.o.d.PlatformServiceResource - [helmplat] Desired Platform services (4 services)
2025-01-29 13:21:07,441 INFO c.h.h.t.HelmChartContainer - [hivemq-test-hivemq-platform] [hivemq-platform-operator] [74cc6521] 13:21:07.439 [pool-6-thread-31] DEBUG c.h.p.o.d.PodServiceAccountResource - [helmplat] Desired PodServiceAccountResource (serviceAccountName: hivemq-platform-pod-test-hivemq-platform)
2025-01-29 13:21:07,442 INFO c.h.h.t.HelmChartContainer - [hivemq-test-hivemq-platform] [hivemq-platform-operator] [74cc6521] 13:21:07.439 [pool-6-thread-35] DEBUG c.h.p.o.dependants.PodInfoConfigMap - [helmplat] Desired PodInfo ConfigMap (1 extensions) (1 enabled)
2025-01-29 13:21:07,442 INFO c.h.h.t.HelmChartContainer - [hivemq-test-hivemq-platform] [hivemq-platform-operator] [74cc6521] 13:21:07.439 [pool-6-thread-35] DEBUG c.h.p.o.dependants.PodInfoConfigMap - [helmplat] Desired PodInfo ConfigMap (metrics port: 9399) (metrics path: /)
2025-01-29 13:21:07,442 INFO c.h.h.t.HelmChartContainer - [hivemq-test-hivemq-platform] [hivemq-platform-operator] [74cc6521] 13:21:07.440 [pool-6-thread-35] DEBUG c.h.p.o.dependants.PodInfoConfigMap - [helmplat] Desired PodInfo ConfigMap (extension state hash: -1817474005)
2025-01-29 13:21:07,448 INFO c.h.h.t.HelmChartContainer - [hivemq-test-hivemq-platform] [hivemq-platform-operator] [74cc6521] 13:21:07.447 [pool-6-thread-33] DEBUG c.h.p.o.d.StatefulSetResource - [helmplat] Desired StatefulSet (1 replicas) for status STARTING (READY)
2025-01-29 13:21:07,522 INFO c.h.h.t.HelmChartContainer - [hivemq-test-hivemq-platform] [hivemq-platform-operator] [74cc6521] 13:21:07.518 [ReconcilerExecutor-hivemq-controller-112] INFO  c.h.p.o.HiveMQPlatformReconciler - [helmplat] Reconciling HiveMQ Platform 'test-hivemq-platform' in namespace 'helmplatformtlsit'
2025-01-29 13:21:07,523 INFO c.h.h.t.HelmChartContainer - [hivemq-test-hivemq-platform] [hivemq-platform-operator] [74cc6521] 13:21:07.519 [ReconcilerExecutor-hivemq-controller-112] DEBUG c.h.p.o.HiveMQPlatformReconciler - [helmplat] Custom Resource Status STARTING - HiveMQ Platform is starting (READY)
2025-01-29 13:21:07,523 INFO c.h.h.t.HelmChartContainer - [hivemq-test-hivemq-platform] [hivemq-platform-operator] [74cc6521] 13:21:07.519 [ReconcilerExecutor-hivemq-controller-112] DEBUG c.h.p.o.HiveMQPlatformReconciler - [helmplat] Custom Resource Spec (replicas: 1) (extensions: 1)
2025-01-29 13:21:07,527 INFO c.h.h.t.HelmChartContainer - [hivemq-test-hivemq-platform] [hivemq-platform-operator] [74cc6521] 13:21:07.523 [ReconcilerExecutor-hivemq-controller-112] DEBUG c.h.p.o.HiveMQPlatformReconciler - [helmplat] StatefulSet Status (revision: test-hivemq-platform-84b44bc758, replicas: 1, available: 0, ready: 0, current: 1, updated: 1)
2025-01-29 13:21:07,528 INFO c.h.h.t.HelmChartContainer - [hivemq-test-hivemq-platform] [hivemq-platform-operator] [74cc6521] 13:21:07.524 [ReconcilerExecutor-hivemq-controller-112] DEBUG c.h.p.o.HiveMQPlatformReconciler - [helmplat] StatefulSet Spec (replicas: 1, init containers: 1, containers: 1, volumes: 5)
2025-01-29 13:21:07,528 INFO c.h.h.t.HelmChartContainer - [hivemq-test-hivemq-platform] [hivemq-platform-operator] [74cc6521] 13:21:07.526 [ReconcilerExecutor-hivemq-controller-112] DEBUG c.h.p.o.h.HiveMQPlatformReconcilerErrorHandler - [helmplat] Pod 'test-hivemq-platform-0' phase Running
2025-01-29 13:21:07,530 INFO c.h.h.t.HelmChartContainer - [hivemq-test-hivemq-platform] [hivemq-platform-operator] [74cc6521] 13:21:07.527 [ReconcilerExecutor-hivemq-controller-112] INFO  c.h.p.o.h.HiveMQPlatformReconcilerBaseHandler - [helmplat] HiveMQ Platform is starting, 0 of 1 replicas are ready
2025-01-29 13:21:07,632 INFO c.h.h.t.HelmChartContainer - [test-hivemq-platform] [hivemq] [1e6cbea4] INFO  - [HiveMQ Platform Operator Init App 1.7.0-SNAPSHOT] Returning Health API response 503 for readiness
2025-01-29 13:21:07,721 INFO c.h.h.t.HelmChartContainer - [EVENT] Warning [Unhealthy] Readiness probe failed: HTTP probe failed with statuscode: 503 [helmplatformtlsit:test-hivemq-platform-0]
2025-01-29 13:21:07,721 INFO c.h.h.t.HelmChartContainer - Received Unhealthy event for container hivemq in pod test-hivemq-platform-0 [1e6cbea4-2446-4fad-9777-12d1d331ae44]
2025-01-29 13:21:08,718 INFO c.h.h.t.HelmChartContainer - [test-hivemq-platform] [hivemq] [1e6cbea4] INFO  - Z9ZfX: no members discovered after 2393 ms: creating cluster as first member
2025-01-29 13:21:08,724 INFO c.h.h.t.HelmChartContainer - [test-hivemq-platform] [hivemq] [1e6cbea4] INFO  - Cluster nodes found by discovery: [Z9ZfX|0] (1) [Z9ZfX].
2025-01-29 13:21:08,817 INFO c.h.h.t.HelmChartContainer - [test-hivemq-platform] [hivemq] [1e6cbea4] WARN  - No user for HiveMQ Control Center configured. Starting with default user
2025-01-29 13:21:08,817 INFO c.h.h.t.HelmChartContainer - [test-hivemq-platform] [hivemq] [1e6cbea4] INFO  - Starting secure HiveMQ Control Center on address 0.0.0.0 and port 8080
2025-01-29 13:21:08,819 INFO c.h.h.t.HelmChartContainer - [test-hivemq-platform] [hivemq] [1e6cbea4] INFO  - Mounting HiveMQ Control Center V2 Preview
2025-01-29 13:21:09,616 INFO c.h.h.t.HelmChartContainer - [test-hivemq-platform] [hivemq] [1e6cbea4] INFO  - Started HiveMQ Control Center in 800ms
2025-01-29 13:21:10,327 INFO c.h.h.t.HelmChartContainer - [test-hivemq-platform] [hivemq] [1e6cbea4] INFO  - Enabled protocols for TCP Listener with TLS at address 0.0.0.0 and port 1883: [TLSv1.3, TLSv1.2]
2025-01-29 13:21:10,327 INFO c.h.h.t.HelmChartContainer - [test-hivemq-platform] [hivemq] [1e6cbea4] INFO  - Enabled cipher suites for TCP Listener with TLS at address 0.0.0.0 and port 1883: [TLS_ECDHE_ECDSA_WITH_AES_256_GCM_SHA384, TLS_ECDHE_ECDSA_WITH_AES_128_GCM_SHA256, TLS_ECDHE_RSA_WITH_AES_128_GCM_SHA256, TLS_ECDHE_RSA_WITH_AES_256_GCM_SHA384, TLS_ECDHE_RSA_WITH_AES_128_CBC_SHA, TLS_ECDHE_RSA_WITH_AES_256_CBC_SHA, TLS_RSA_WITH_AES_128_GCM_SHA256, TLS_RSA_WITH_AES_128_CBC_SHA, TLS_RSA_WITH_AES_256_CBC_SHA, TLS_AES_128_GCM_SHA256, TLS_AES_256_GCM_SHA384]
2025-01-29 13:21:10,328 INFO c.h.h.t.HelmChartContainer - [test-hivemq-platform] [hivemq] [1e6cbea4] INFO  - Starting TLS TCP listener on address 0.0.0.0 and port 1883
2025-01-29 13:21:10,420 INFO c.h.h.t.HelmChartContainer - [test-hivemq-platform] [hivemq] [1e6cbea4] INFO  - Enabled protocols for TCP Listener with TLS at address 0.0.0.0 and port 1884: [TLSv1.3, TLSv1.2]
2025-01-29 13:21:10,421 INFO c.h.h.t.HelmChartContainer - [test-hivemq-platform] [hivemq] [1e6cbea4] INFO  - Enabled cipher suites for TCP Listener with TLS at address 0.0.0.0 and port 1884: [TLS_ECDHE_ECDSA_WITH_AES_256_GCM_SHA384, TLS_ECDHE_ECDSA_WITH_AES_128_GCM_SHA256, TLS_ECDHE_RSA_WITH_AES_128_GCM_SHA256, TLS_ECDHE_RSA_WITH_AES_256_GCM_SHA384, TLS_ECDHE_RSA_WITH_AES_128_CBC_SHA, TLS_ECDHE_RSA_WITH_AES_256_CBC_SHA, TLS_RSA_WITH_AES_128_GCM_SHA256, TLS_RSA_WITH_AES_128_CBC_SHA, TLS_RSA_WITH_AES_256_CBC_SHA, TLS_AES_128_GCM_SHA256, TLS_AES_256_GCM_SHA384]
2025-01-29 13:21:10,421 INFO c.h.h.t.HelmChartContainer - [test-hivemq-platform] [hivemq] [1e6cbea4] INFO  - Starting TLS TCP listener on address 0.0.0.0 and port 1884
2025-01-29 13:21:10,422 INFO c.h.h.t.HelmChartContainer - [test-hivemq-platform] [hivemq] [1e6cbea4] INFO  - Started TCP Listener with TLS on address 0.0.0.0 and on port 1883.
2025-01-29 13:21:10,423 INFO c.h.h.t.HelmChartContainer - [test-hivemq-platform] [hivemq] [1e6cbea4] INFO  - Started TCP Listener with TLS on address 0.0.0.0 and on port 1884.
2025-01-29 13:21:10,423 INFO c.h.h.t.HelmChartContainer - [test-hivemq-platform] [hivemq] [1e6cbea4] INFO  - Started HiveMQ in 32236ms
2025-01-29 13:21:12,239 INFO c.h.h.t.HelmChartContainer - [test-hivemq-platform] [hivemq] [1e6cbea4] INFO  - [HiveMQ Platform Operator Init App 1.7.0-SNAPSHOT] Returning Health API response 200 for readiness
2025-01-29 13:21:12,261 INFO c.h.h.t.HelmChartContainer - [POD] test-hivemq-platform-0 [1e6cbea4-2446-4fad-9777-12d1d331ae44] in helmplatformtlsit was MODIFIED
2025-01-29 13:21:12,273 INFO c.h.h.t.HelmChartContainer - [hivemq-test-hivemq-platform] [hivemq-platform-operator] [74cc6521] 13:21:12.261 [pool-6-thread-45] DEBUG c.h.p.o.d.PlatformServiceResource - [helmplat] Desired Platform services (4 services)
2025-01-29 13:21:12,274 INFO c.h.h.t.HelmChartContainer - [hivemq-test-hivemq-platform] [hivemq-platform-operator] [74cc6521] 13:21:12.264 [pool-6-thread-46] DEBUG c.h.p.o.dependants.PodInfoConfigMap - [helmplat] Desired PodInfo ConfigMap (1 extensions) (1 enabled)
2025-01-29 13:21:12,274 INFO c.h.h.t.HelmChartContainer - [hivemq-test-hivemq-platform] [hivemq-platform-operator] [74cc6521] 13:21:12.265 [pool-6-thread-46] DEBUG c.h.p.o.dependants.PodInfoConfigMap - [helmplat] Desired PodInfo ConfigMap (metrics port: 9399) (metrics path: /)
2025-01-29 13:21:12,274 INFO c.h.h.t.HelmChartContainer - [hivemq-test-hivemq-platform] [hivemq-platform-operator] [74cc6521] 13:21:12.265 [pool-6-thread-46] DEBUG c.h.p.o.dependants.PodInfoConfigMap - [helmplat] Desired PodInfo ConfigMap (extension state hash: -1817474005)
2025-01-29 13:21:12,274 INFO c.h.h.t.HelmChartContainer - [hivemq-test-hivemq-platform] [hivemq-platform-operator] [74cc6521] 13:21:12.267 [pool-6-thread-49] DEBUG c.h.p.o.d.PodServiceAccountResource - [helmplat] Desired PodServiceAccountResource (serviceAccountName: hivemq-platform-pod-test-hivemq-platform)
2025-01-29 13:21:12,324 INFO c.h.h.t.HelmChartContainer - [hivemq-test-hivemq-platform] [hivemq-platform-operator] [74cc6521] 13:21:12.322 [pool-6-thread-45] DEBUG c.h.p.o.d.StatefulSetResource - [helmplat] Desired StatefulSet (1 replicas) for status STARTING (READY)
2025-01-29 13:21:12,331 INFO c.h.h.t.HelmChartContainer - [hivemq-test-hivemq-platform] [hivemq-platform-operator] [74cc6521] 13:21:12.328 [ReconcilerExecutor-hivemq-controller-113] INFO  c.h.p.o.HiveMQPlatformReconciler - [helmplat] Reconciling HiveMQ Platform 'test-hivemq-platform' in namespace 'helmplatformtlsit'
2025-01-29 13:21:12,332 INFO c.h.h.t.HelmChartContainer - [hivemq-test-hivemq-platform] [hivemq-platform-operator] [74cc6521] 13:21:12.328 [ReconcilerExecutor-hivemq-controller-113] DEBUG c.h.p.o.HiveMQPlatformReconciler - [helmplat] Custom Resource Status STARTING - HiveMQ Platform is starting (READY)
2025-01-29 13:21:12,332 INFO c.h.h.t.HelmChartContainer - [hivemq-test-hivemq-platform] [hivemq-platform-operator] [74cc6521] 13:21:12.328 [ReconcilerExecutor-hivemq-controller-113] DEBUG c.h.p.o.HiveMQPlatformReconciler - [helmplat] Custom Resource Spec (replicas: 1) (extensions: 1)
2025-01-29 13:21:12,333 INFO c.h.h.t.HelmChartContainer - [hivemq-test-hivemq-platform] [hivemq-platform-operator] [74cc6521] 13:21:12.331 [ReconcilerExecutor-hivemq-controller-113] DEBUG c.h.p.o.HiveMQPlatformReconciler - [helmplat] StatefulSet Status (revision: test-hivemq-platform-84b44bc758, replicas: 1, available: 1, ready: 1, current: 1, updated: 1)
2025-01-29 13:21:12,333 INFO c.h.h.t.HelmChartContainer - [hivemq-test-hivemq-platform] [hivemq-platform-operator] [74cc6521] 13:21:12.331 [ReconcilerExecutor-hivemq-controller-113] DEBUG c.h.p.o.HiveMQPlatformReconciler - [helmplat] StatefulSet Spec (replicas: 1, init containers: 1, containers: 1, volumes: 5)
2025-01-29 13:21:12,421 INFO c.h.h.t.HelmChartContainer - [hivemq-test-hivemq-platform] [hivemq-platform-operator] [74cc6521] 13:21:12.420 [ReconcilerExecutor-hivemq-controller-113] DEBUG c.h.p.o.h.HiveMQPlatformReconcilerErrorHandler - [helmplat] Pod 'test-hivemq-platform-0' phase Running
2025-01-29 13:21:12,422 INFO c.h.h.t.HelmChartContainer - [hivemq-test-hivemq-platform] [hivemq-platform-operator] [74cc6521] 13:21:12.421 [ReconcilerExecutor-hivemq-controller-113] INFO  c.h.p.o.h.HiveMQPlatformReconcilerBaseHandler - [helmplat] HiveMQ Platform started successfully
2025-01-29 13:21:12,442 INFO c.h.h.t.HelmChartContainer - [hivemq-test-hivemq-platform] [hivemq-platform-operator] [74cc6521] 13:21:12.441 [ReconcilerExecutor-hivemq-controller-113] DEBUG c.h.p.operator.event.EventSender - [helmplat] Creating K8s event hivemq-platform-ready: [Ready] HiveMQ Platform is ready
2025-01-29 13:21:12,446 INFO c.h.h.t.HelmChartContainer - [EVENT] Normal [Ready] HiveMQ Platform is ready [helmplatformtlsit:test-hivemq-platform]
2025-01-29 13:21:12,504 INFO c.h.h.t.HelmChartContainer - [hivemq-test-hivemq-platform] [hivemq-platform-operator] [74cc6521] 13:21:12.503 [ReconcilerExecutor-hivemq-controller-113] INFO  c.h.p.o.h.AbstractHiveMQReconcilerStateHandler - [helmplat] Update HiveMQ Platform Status (STARTING [READY] -> RUNNING [READY]): HiveMQ Platform is ready
2025-01-29 13:21:12,531 DEBUG com.hivemq.helmcharts.util.K8sUtil - Comparing actual state 'RUNNING' and waiting for 'RUNNING'
2025-01-29 13:21:12,543 INFO c.h.h.t.HelmChartContainer - [hivemq-test-hivemq-platform] [hivemq-platform-operator] [74cc6521] 13:21:12.541 [pool-6-thread-4] DEBUG c.h.p.o.dependants.PodInfoConfigMap - [helmplat] Desired PodInfo ConfigMap (1 extensions) (1 enabled)
2025-01-29 13:21:12,553 INFO c.h.h.t.HelmChartContainer - [hivemq-test-hivemq-platform] [hivemq-platform-operator] [74cc6521] 13:21:12.549 [pool-6-thread-4] DEBUG c.h.p.o.dependants.PodInfoConfigMap - [helmplat] Desired PodInfo ConfigMap (metrics port: 9399) (metrics path: /)
2025-01-29 13:21:12,553 INFO c.h.h.t.HelmChartContainer - [hivemq-test-hivemq-platform] [hivemq-platform-operator] [74cc6521] 13:21:12.542 [pool-6-thread-9] DEBUG c.h.p.o.d.PodServiceAccountResource - [helmplat] Desired PodServiceAccountResource (serviceAccountName: hivemq-platform-pod-test-hivemq-platform)
2025-01-29 13:21:12,554 INFO c.h.h.t.HelmChartContainer - [hivemq-test-hivemq-platform] [hivemq-platform-operator] [74cc6521] 13:21:12.550 [pool-6-thread-6] DEBUG c.h.p.o.d.PlatformServiceResource - [helmplat] Desired Platform services (4 services)
2025-01-29 13:21:12,558 INFO c.h.h.t.HelmChartContainer - [hivemq-test-hivemq-platform] [hivemq-platform-operator] [74cc6521] 13:21:12.555 [pool-6-thread-4] DEBUG c.h.p.o.dependants.PodInfoConfigMap - [helmplat] Desired PodInfo ConfigMap (extension state hash: -1817474005)
2025-01-29 13:21:12,568 INFO c.h.h.t.HelmChartContainer - [hivemq-test-hivemq-platform] [hivemq-platform-operator] [74cc6521] 13:21:12.560 [pool-6-thread-4] DEBUG c.h.p.o.dependants.PodInfoConfigMap - [helmplat] Update PodInfo ConfigMap
2025-01-29 13:21:12,640 INFO c.h.h.t.HelmChartContainer - [hivemq-test-hivemq-platform] [hivemq-platform-operator] [74cc6521] 13:21:12.622 [pool-6-thread-4] DEBUG c.h.p.o.d.StatefulSetResource - [helmplat] Desired StatefulSet (1 replicas) for status RUNNING (READY)
2025-01-29 13:21:12,641 INFO c.h.h.t.HelmChartContainer - [hivemq-test-hivemq-platform] [hivemq-platform-operator] [74cc6521] 13:21:12.633 [ReconcilerExecutor-hivemq-controller-114] INFO  c.h.p.o.HiveMQPlatformReconciler - [helmplat] Reconciling HiveMQ Platform 'test-hivemq-platform' in namespace 'helmplatformtlsit'
2025-01-29 13:21:12,642 INFO c.h.h.t.HelmChartContainer - [hivemq-test-hivemq-platform] [hivemq-platform-operator] [74cc6521] 13:21:12.634 [ReconcilerExecutor-hivemq-controller-114] DEBUG c.h.p.o.HiveMQPlatformReconciler - [helmplat] Custom Resource Status RUNNING - HiveMQ Platform is ready (READY)
2025-01-29 13:21:12,642 INFO c.h.h.t.HelmChartContainer - [hivemq-test-hivemq-platform] [hivemq-platform-operator] [74cc6521] 13:21:12.634 [ReconcilerExecutor-hivemq-controller-114] DEBUG c.h.p.o.HiveMQPlatformReconciler - [helmplat] Custom Resource Spec (replicas: 1) (extensions: 1)
2025-01-29 13:21:12,642 INFO c.h.h.t.HelmChartContainer - [hivemq-test-hivemq-platform] [hivemq-platform-operator] [74cc6521] 13:21:12.636 [ReconcilerExecutor-hivemq-controller-114] DEBUG c.h.p.o.HiveMQPlatformReconciler - [helmplat] StatefulSet Status (revision: test-hivemq-platform-84b44bc758, replicas: 1, available: 1, ready: 1, current: 1, updated: 1)
2025-01-29 13:21:12,644 INFO c.h.h.t.HelmChartContainer - [hivemq-test-hivemq-platform] [hivemq-platform-operator] [74cc6521] 13:21:12.640 [ReconcilerExecutor-hivemq-controller-114] DEBUG c.h.p.o.HiveMQPlatformReconciler - [helmplat] StatefulSet Spec (replicas: 1, init containers: 1, containers: 1, volumes: 5)
2025-01-29 13:21:12,650 INFO c.h.h.t.HelmChartContainer - [hivemq-test-hivemq-platform] [hivemq-platform-operator] [74cc6521] 13:21:12.647 [ReconcilerExecutor-hivemq-controller-114] DEBUG c.h.p.o.h.HiveMQPlatformReconcilerErrorHandler - [helmplat] Pod 'test-hivemq-platform-0' phase Running
2025-01-29 13:21:19,262 INFO c.h.h.util.ControlCenterUtil - Log into CC on hivemq-test-hivemq-platform-cc-8080:8080 (username: admin) (password: hivemq) (TLS: true)
2025-01-29 13:21:22,659 INFO c.h.h.t.HelmChartContainer - [hivemq-test-hivemq-platform] [hivemq-platform-operator] [74cc6521] 13:21:22.657 [pool-6-thread-15] DEBUG c.h.p.o.d.PlatformServiceResource - [helmplat] Desired Platform services (4 services)
2025-01-29 13:21:22,662 INFO c.h.h.t.HelmChartContainer - [hivemq-test-hivemq-platform] [hivemq-platform-operator] [74cc6521] 13:21:22.659 [pool-6-thread-17] DEBUG c.h.p.o.dependants.PodInfoConfigMap - [helmplat] Desired PodInfo ConfigMap (1 extensions) (1 enabled)
2025-01-29 13:21:22,664 INFO c.h.h.t.HelmChartContainer - [hivemq-test-hivemq-platform] [hivemq-platform-operator] [74cc6521] 13:21:22.660 [pool-6-thread-17] DEBUG c.h.p.o.dependants.PodInfoConfigMap - [helmplat] Desired PodInfo ConfigMap (metrics port: 9399) (metrics path: /)
2025-01-29 13:21:22,664 INFO c.h.h.t.HelmChartContainer - [hivemq-test-hivemq-platform] [hivemq-platform-operator] [74cc6521] 13:21:22.660 [pool-6-thread-17] DEBUG c.h.p.o.dependants.PodInfoConfigMap - [helmplat] Desired PodInfo ConfigMap (extension state hash: -1817474005)
2025-01-29 13:21:22,664 INFO c.h.h.t.HelmChartContainer - [hivemq-test-hivemq-platform] [hivemq-platform-operator] [74cc6521] 13:21:22.661 [pool-6-thread-17] DEBUG c.h.p.o.d.PodServiceAccountResource - [helmplat] Desired PodServiceAccountResource (serviceAccountName: hivemq-platform-pod-test-hivemq-platform)
2025-01-29 13:21:22,668 INFO c.h.h.t.HelmChartContainer - [hivemq-test-hivemq-platform] [hivemq-platform-operator] [74cc6521] 13:21:22.667 [pool-6-thread-15] DEBUG c.h.p.o.d.StatefulSetResource - [helmplat] Desired StatefulSet (1 replicas) for status RUNNING (READY)
2025-01-29 13:21:22,672 INFO c.h.h.t.HelmChartContainer - [hivemq-test-hivemq-platform] [hivemq-platform-operator] [74cc6521] 13:21:22.670 [ReconcilerExecutor-hivemq-controller-115] INFO  c.h.p.o.HiveMQPlatformReconciler - [helmplat] Reconciling HiveMQ Platform 'test-hivemq-platform' in namespace 'helmplatformtlsit'
2025-01-29 13:21:22,672 INFO c.h.h.t.HelmChartContainer - [hivemq-test-hivemq-platform] [hivemq-platform-operator] [74cc6521] 13:21:22.670 [ReconcilerExecutor-hivemq-controller-115] DEBUG c.h.p.o.HiveMQPlatformReconciler - [helmplat] Custom Resource Status RUNNING - HiveMQ Platform is ready (READY)
2025-01-29 13:21:22,672 INFO c.h.h.t.HelmChartContainer - [hivemq-test-hivemq-platform] [hivemq-platform-operator] [74cc6521] 13:21:22.670 [ReconcilerExecutor-hivemq-controller-115] DEBUG c.h.p.o.HiveMQPlatformReconciler - [helmplat] Custom Resource Spec (replicas: 1) (extensions: 1)
2025-01-29 13:21:22,675 INFO c.h.h.t.HelmChartContainer - [hivemq-test-hivemq-platform] [hivemq-platform-operator] [74cc6521] 13:21:22.673 [ReconcilerExecutor-hivemq-controller-115] DEBUG c.h.p.o.HiveMQPlatformReconciler - [helmplat] StatefulSet Status (revision: test-hivemq-platform-84b44bc758, replicas: 1, available: 1, ready: 1, current: 1, updated: 1)
2025-01-29 13:21:22,676 INFO c.h.h.t.HelmChartContainer - [hivemq-test-hivemq-platform] [hivemq-platform-operator] [74cc6521] 13:21:22.673 [ReconcilerExecutor-hivemq-controller-115] DEBUG c.h.p.o.HiveMQPlatformReconciler - [helmplat] StatefulSet Spec (replicas: 1, init containers: 1, containers: 1, volumes: 5)
2025-01-29 13:21:22,676 INFO c.h.h.t.HelmChartContainer - [hivemq-test-hivemq-platform] [hivemq-platform-operator] [74cc6521] 13:21:22.674 [ReconcilerExecutor-hivemq-controller-115] DEBUG c.h.p.o.h.HiveMQPlatformReconcilerErrorHandler - [helmplat] Pod 'test-hivemq-platform-0' phase Running
2025-01-29 13:21:23,516 INFO c.h.h.util.ControlCenterUtil - Login attempt 1 was successful
2025-01-29 13:21:23,525 INFO c.h.h.t.HelmChartContainer - Uninstalling release 'test-hivemq-platform' in namespace 'helmplatformtlsit'...
2025-01-29 13:21:23,525 DEBUG c.h.h.t.HelmChartContainer - Executing helm command: /bin/helm --kubeconfig /etc/rancher/k3s/k3s.yaml uninstall test-hivemq-platform  --wait --timeout 5m0s --cascade foreground --namespace helmplatformtlsit
2025-01-29 13:21:23,743 INFO c.h.h.t.HelmChartContainer - [hivemq-test-hivemq-platform] [hivemq-platform-operator] [74cc6521] 13:21:23.724 [pool-6-thread-28] DEBUG c.h.p.o.d.PlatformServiceResource - [helmplat] Desired Platform services (4 services)
2025-01-29 13:21:23,745 INFO c.h.h.t.HelmChartContainer - [hivemq-test-hivemq-platform] [hivemq-platform-operator] [74cc6521] 13:21:23.732 [pool-6-thread-23] DEBUG c.h.p.o.dependants.PodInfoConfigMap - [helmplat] Desired PodInfo ConfigMap (1 extensions) (1 enabled)
2025-01-29 13:21:23,745 INFO c.h.h.t.HelmChartContainer - [hivemq-test-hivemq-platform] [hivemq-platform-operator] [74cc6521] 13:21:23.732 [pool-6-thread-23] DEBUG c.h.p.o.dependants.PodInfoConfigMap - [helmplat] Desired PodInfo ConfigMap (metrics port: 9399) (metrics path: /)
2025-01-29 13:21:23,745 INFO c.h.h.t.HelmChartContainer - [hivemq-test-hivemq-platform] [hivemq-platform-operator] [74cc6521] 13:21:23.732 [pool-6-thread-23] DEBUG c.h.p.o.dependants.PodInfoConfigMap - [helmplat] Desired PodInfo ConfigMap (extension state hash: -1817474005)
2025-01-29 13:21:23,745 INFO c.h.h.t.HelmChartContainer - [hivemq-test-hivemq-platform] [hivemq-platform-operator] [74cc6521] 13:21:23.735 [pool-6-thread-29] DEBUG c.h.p.o.d.PodServiceAccountResource - [helmplat] Desired PodServiceAccountResource (serviceAccountName: hivemq-platform-pod-test-hivemq-platform)
2025-01-29 13:21:23,808 INFO c.h.h.t.HelmChartContainer - [hivemq-test-hivemq-platform] [hivemq-platform-operator] [74cc6521] 13:21:23.807 [pool-6-thread-28] DEBUG c.h.p.o.d.StatefulSetResource - [helmplat] Desired StatefulSet (1 replicas) for status RUNNING (READY)
2025-01-29 13:21:23,826 INFO c.h.h.t.HelmChartContainer - [hivemq-test-hivemq-platform] [hivemq-platform-operator] [74cc6521] 13:21:23.824 [ReconcilerExecutor-hivemq-controller-116] INFO  c.h.p.o.HiveMQPlatformReconciler - [helmplat] Reconciling HiveMQ Platform 'test-hivemq-platform' in namespace 'helmplatformtlsit'
2025-01-29 13:21:23,827 INFO c.h.h.t.HelmChartContainer - [hivemq-test-hivemq-platform] [hivemq-platform-operator] [74cc6521] 13:21:23.824 [ReconcilerExecutor-hivemq-controller-116] DEBUG c.h.p.o.HiveMQPlatformReconciler - [helmplat] Custom Resource Status RUNNING - HiveMQ Platform is ready (READY)
2025-01-29 13:21:23,829 INFO c.h.h.t.HelmChartContainer - [hivemq-test-hivemq-platform] [hivemq-platform-operator] [74cc6521] 13:21:23.824 [ReconcilerExecutor-hivemq-controller-116] DEBUG c.h.p.o.HiveMQPlatformReconciler - [helmplat] Custom Resource Spec (replicas: 1) (extensions: 1)
2025-01-29 13:21:23,829 INFO c.h.h.t.HelmChartContainer - [hivemq-test-hivemq-platform] [hivemq-platform-operator] [74cc6521] 13:21:23.825 [ReconcilerExecutor-hivemq-controller-116] WARN  c.h.p.o.h.HiveMQPlatformReconcilerErrorHandler - [helmplat] Could not find ConfigMap 'hivemq-configuration-test-hivemq-platform' for HiveMQ Platform configuration
2025-01-29 13:21:24,027 INFO c.h.h.t.HelmChartContainer - [hivemq-test-hivemq-platform] [hivemq-platform-operator] [74cc6521] 13:21:24.025 [ReconcilerExecutor-hivemq-controller-116] DEBUG c.h.p.operator.event.EventSender - [helmplat] Creating K8s event hivemq-platform-invalid-configuration: [Start] Could not find ConfigMap 'hivemq-configuration-test-hivemq-platform' for HiveMQ Platform configuration
2025-01-29 13:21:24,031 INFO c.h.h.t.HelmChartContainer - [EVENT] Warning [Start] Could not find ConfigMap 'hivemq-configuration-test-hivemq-platform' for HiveMQ Platform configuration [helmplatformtlsit:test-hivemq-platform]
2025-01-29 13:21:24,032 INFO c.h.h.t.HelmChartContainer - [hivemq-test-hivemq-platform] [hivemq-platform-operator] [74cc6521] 13:21:24.031 [ReconcilerExecutor-hivemq-controller-116] INFO  c.h.p.o.h.AbstractHiveMQReconcilerStateHandler - [helmplat] Update HiveMQ Platform Status (RUNNING [READY] -> ERROR [INVALID_CONFIG_MAP]): Could not find ConfigMap 'hivemq-configuration-test-hivemq-platform' for HiveMQ Platform configuration
2025-01-29 13:21:24,106 INFO c.h.h.t.HelmChartContainer - [hivemq-test-hivemq-platform] [hivemq-platform-operator] [74cc6521] 13:21:24.040 [ReconcilerExecutor-hivemq-controller-116] ERROR i.j.o.p.event.EventProcessor - Error during event processing ExecutionScope{ resource id: ResourceID{name='test-hivemq-platform', namespace='helmplatformtlsit'}, version: 616}
2025-01-29 13:21:24,106 INFO c.h.h.t.HelmChartContainer - [hivemq-test-hivemq-platform] [hivemq-platform-operator] [74cc6521] io.fabric8.kubernetes.client.KubernetesClientException: Failure executing: PUT at: https://10.43.0.1:443/apis/hivemq.com/v1/namespaces/helmplatformtlsit/hivemq-platforms/test-hivemq-platform/status. Message: Operation cannot be fulfilled on hivemq-platforms.hivemq.com "test-hivemq-platform": the object has been modified; please apply your changes to the latest version and try again. Received status: Status(apiVersion=v1, code=409, details=StatusDetails(causes=[], group=hivemq.com, kind=hivemq-platforms, name=test-hivemq-platform, retryAfterSeconds=null, uid=null, additionalProperties={}), kind=Status, message=Operation cannot be fulfilled on hivemq-platforms.hivemq.com "test-hivemq-platform": the object has been modified; please apply your changes to the latest version and try again, metadata=ListMeta(_continue=null, remainingItemCount=null, resourceVersion=null, selfLink=null, additionalProperties={}), reason=Conflict, status=Failure, additionalProperties={}).
2025-01-29 13:21:24,106 INFO c.h.h.t.HelmChartContainer - [hivemq-test-hivemq-platform] [hivemq-platform-operator] [74cc6521] 	at io.fabric8.kubernetes.client.KubernetesClientException.copyAsCause(KubernetesClientException.java:238)
2025-01-29 13:21:24,106 INFO c.h.h.t.HelmChartContainer - [hivemq-test-hivemq-platform] [hivemq-platform-operator] [74cc6521] 	at io.fabric8.kubernetes.client.dsl.internal.OperationSupport.waitForResult(OperationSupport.java:507)
2025-01-29 13:21:24,106 INFO c.h.h.t.HelmChartContainer - [hivemq-test-hivemq-platform] [hivemq-platform-operator] [74cc6521] 	at io.fabric8.kubernetes.client.dsl.internal.OperationSupport.handleResponse(OperationSupport.java:524)
2025-01-29 13:21:24,106 INFO c.h.h.t.HelmChartContainer - [hivemq-test-hivemq-platform] [hivemq-platform-operator] [74cc6521] 	at io.fabric8.kubernetes.client.dsl.internal.OperationSupport.handleUpdate(OperationSupport.java:358)
2025-01-29 13:21:24,106 INFO c.h.h.t.HelmChartContainer - [hivemq-test-hivemq-platform] [hivemq-platform-operator] [74cc6521] 	at io.fabric8.kubernetes.client.dsl.internal.BaseOperation.handleUpdate(BaseOperation.java:759)
2025-01-29 13:21:24,106 INFO c.h.h.t.HelmChartContainer - [hivemq-test-hivemq-platform] [hivemq-platform-operator] [74cc6521] 	at io.fabric8.kubernetes.client.dsl.internal.HasMetadataOperation.update(HasMetadataOperation.java:138)
2025-01-29 13:21:24,106 INFO c.h.h.t.HelmChartContainer - [hivemq-test-hivemq-platform] [hivemq-platform-operator] [74cc6521] 	at io.fabric8.kubernetes.client.dsl.internal.HasMetadataOperation.update(HasMetadataOperation.java:121)
2025-01-29 13:21:24,106 INFO c.h.h.t.HelmChartContainer - [hivemq-test-hivemq-platform] [hivemq-platform-operator] [74cc6521] 	at io.fabric8.kubernetes.client.dsl.internal.HasMetadataOperation.updateStatus(HasMetadataOperation.java:126)
2025-01-29 13:21:24,106 INFO c.h.h.t.HelmChartContainer - [hivemq-test-hivemq-platform] [hivemq-platform-operator] [74cc6521] 	at io.fabric8.kubernetes.client.dsl.internal.HasMetadataOperation.updateStatus(HasMetadataOperation.java:44)
2025-01-29 13:21:24,106 INFO c.h.h.t.HelmChartContainer - [hivemq-test-hivemq-platform] [hivemq-platform-operator] [74cc6521] 	at io.javaoperatorsdk.operator.processing.event.ReconciliationDispatcher$CustomResourceFacade.updateStatus(ReconciliationDispatcher.java:408)
2025-01-29 13:21:24,106 INFO c.h.h.t.HelmChartContainer - [hivemq-test-hivemq-platform] [hivemq-platform-operator] [74cc6521] 	at io.javaoperatorsdk.operator.processing.event.ReconciliationDispatcher.updateStatusGenerationAware(ReconciliationDispatcher.java:228)
2025-01-29 13:21:24,106 INFO c.h.h.t.HelmChartContainer - [hivemq-test-hivemq-platform] [hivemq-platform-operator] [74cc6521] 	at io.javaoperatorsdk.operator.processing.event.ReconciliationDispatcher.reconcileExecution(ReconciliationDispatcher.java:150)
2025-01-29 13:21:24,106 INFO c.h.h.t.HelmChartContainer - [hivemq-test-hivemq-platform] [hivemq-platform-operator] [74cc6521] 	at io.javaoperatorsdk.operator.processing.event.ReconciliationDispatcher.handleReconcile(ReconciliationDispatcher.java:117)
2025-01-29 13:21:24,106 INFO c.h.h.t.HelmChartContainer - [hivemq-test-hivemq-platform] [hivemq-platform-operator] [74cc6521] 	at io.javaoperatorsdk.operator.processing.event.ReconciliationDispatcher.handleDispatch(ReconciliationDispatcher.java:91)
2025-01-29 13:21:24,107 INFO c.h.h.t.HelmChartContainer - [hivemq-test-hivemq-platform] [hivemq-platform-operator] [74cc6521] 	at io.javaoperatorsdk.operator.processing.event.ReconciliationDispatcher.handleExecution(ReconciliationDispatcher.java:64)
2025-01-29 13:21:24,107 INFO c.h.h.t.HelmChartContainer - [hivemq-test-hivemq-platform] [hivemq-platform-operator] [74cc6521] 	at io.javaoperatorsdk.operator.processing.event.EventProcessor$ReconcilerExecutor.run(EventProcessor.java:452)
2025-01-29 13:21:24,107 INFO c.h.h.t.HelmChartContainer - [hivemq-test-hivemq-platform] [hivemq-platform-operator] [74cc6521] 	at java.base/java.util.concurrent.ThreadPoolExecutor.runWorker(Unknown Source)
2025-01-29 13:21:24,107 INFO c.h.h.t.HelmChartContainer - [hivemq-test-hivemq-platform] [hivemq-platform-operator] [74cc6521] 	at java.base/java.util.concurrent.ThreadPoolExecutor$Worker.run(Unknown Source)
2025-01-29 13:21:24,107 INFO c.h.h.t.HelmChartContainer - [hivemq-test-hivemq-platform] [hivemq-platform-operator] [74cc6521] 	at java.base/java.lang.Thread.run(Unknown Source)
2025-01-29 13:21:24,107 INFO c.h.h.t.HelmChartContainer - [hivemq-test-hivemq-platform] [hivemq-platform-operator] [74cc6521] Caused by: io.fabric8.kubernetes.client.KubernetesClientException: Failure executing: PUT at: https://10.43.0.1:443/apis/hivemq.com/v1/namespaces/helmplatformtlsit/hivemq-platforms/test-hivemq-platform/status. Message: Operation cannot be fulfilled on hivemq-platforms.hivemq.com "test-hivemq-platform": the object has been modified; please apply your changes to the latest version and try again. Received status: Status(apiVersion=v1, code=409, details=StatusDetails(causes=[], group=hivemq.com, kind=hivemq-platforms, name=test-hivemq-platform, retryAfterSeconds=null, uid=null, additionalProperties={}), kind=Status, message=Operation cannot be fulfilled on hivemq-platforms.hivemq.com "test-hivemq-platform": the object has been modified; please apply your changes to the latest version and try again, metadata=ListMeta(_continue=null, remainingItemCount=null, resourceVersion=null, selfLink=null, additionalProperties={}), reason=Conflict, status=Failure, additionalProperties={}).
2025-01-29 13:21:24,107 INFO c.h.h.t.HelmChartContainer - [hivemq-test-hivemq-platform] [hivemq-platform-operator] [74cc6521] 	at io.fabric8.kubernetes.client.dsl.internal.OperationSupport.requestFailure(OperationSupport.java:660)
2025-01-29 13:21:24,107 INFO c.h.h.t.HelmChartContainer - [hivemq-test-hivemq-platform] [hivemq-platform-operator] [74cc6521] 	at io.fabric8.kubernetes.client.dsl.internal.OperationSupport.requestFailure(OperationSupport.java:640)
2025-01-29 13:21:24,107 INFO c.h.h.t.HelmChartContainer - [hivemq-test-hivemq-platform] [hivemq-platform-operator] [74cc6521] 	at io.fabric8.kubernetes.client.dsl.internal.OperationSupport.assertResponseCode(OperationSupport.java:589)
2025-01-29 13:21:24,107 INFO c.h.h.t.HelmChartContainer - [hivemq-test-hivemq-platform] [hivemq-platform-operator] [74cc6521] 	at io.fabric8.kubernetes.client.dsl.internal.OperationSupport.lambda$handleResponse$0(OperationSupport.java:549)
2025-01-29 13:21:24,107 INFO c.h.h.t.HelmChartContainer - [hivemq-test-hivemq-platform] [hivemq-platform-operator] [74cc6521] 	at java.base/java.util.concurrent.CompletableFuture$UniApply.tryFire(Unknown Source)
2025-01-29 13:21:24,107 INFO c.h.h.t.HelmChartContainer - [hivemq-test-hivemq-platform] [hivemq-platform-operator] [74cc6521] 	at java.base/java.util.concurrent.CompletableFuture.postComplete(Unknown Source)
2025-01-29 13:21:24,107 INFO c.h.h.t.HelmChartContainer - [hivemq-test-hivemq-platform] [hivemq-platform-operator] [74cc6521] 	at java.base/java.util.concurrent.CompletableFuture.complete(Unknown Source)
2025-01-29 13:21:24,107 INFO c.h.h.t.HelmChartContainer - [hivemq-test-hivemq-platform] [hivemq-platform-operator] [74cc6521] 	at io.fabric8.kubernetes.client.http.StandardHttpClient.lambda$completeOrCancel$10(StandardHttpClient.java:141)
2025-01-29 13:21:24,107 INFO c.h.h.t.HelmChartContainer - [hivemq-test-hivemq-platform] [hivemq-platform-operator] [74cc6521] 	at java.base/java.util.concurrent.CompletableFuture.uniWhenComplete(Unknown Source)
2025-01-29 13:21:24,107 INFO c.h.h.t.HelmChartContainer - [hivemq-test-hivemq-platform] [hivemq-platform-operator] [74cc6521] 	at java.base/java.util.concurrent.CompletableFuture$UniWhenComplete.tryFire(Unknown Source)
2025-01-29 13:21:24,107 INFO c.h.h.t.HelmChartContainer - [hivemq-test-hivemq-platform] [hivemq-platform-operator] [74cc6521] 	at java.base/java.util.concurrent.CompletableFuture.postComplete(Unknown Source)
2025-01-29 13:21:24,107 INFO c.h.h.t.HelmChartContainer - [hivemq-test-hivemq-platform] [hivemq-platform-operator] [74cc6521] 	at java.base/java.util.concurrent.CompletableFuture.complete(Unknown Source)
2025-01-29 13:21:24,107 INFO c.h.h.t.HelmChartContainer - [hivemq-test-hivemq-platform] [hivemq-platform-operator] [74cc6521] 	at io.fabric8.kubernetes.client.http.ByteArrayBodyHandler.onBodyDone(ByteArrayBodyHandler.java:51)
2025-01-29 13:21:24,107 INFO c.h.h.t.HelmChartContainer - [hivemq-test-hivemq-platform] [hivemq-platform-operator] [74cc6521] 	at java.base/java.util.concurrent.CompletableFuture.uniWhenComplete(Unknown Source)
2025-01-29 13:21:24,107 INFO c.h.h.t.HelmChartContainer - [hivemq-test-hivemq-platform] [hivemq-platform-operator] [74cc6521] 	at java.base/java.util.concurrent.CompletableFuture$UniWhenComplete.tryFire(Unknown Source)
2025-01-29 13:21:24,107 INFO c.h.h.t.HelmChartContainer - [hivemq-test-hivemq-platform] [hivemq-platform-operator] [74cc6521] 	at java.base/java.util.concurrent.CompletableFuture.postComplete(Unknown Source)
2025-01-29 13:21:24,107 INFO c.h.h.t.HelmChartContainer - [hivemq-test-hivemq-platform] [hivemq-platform-operator] [74cc6521] 	at java.base/java.util.concurrent.CompletableFuture.complete(Unknown Source)
2025-01-29 13:21:24,107 INFO c.h.h.t.HelmChartContainer - [hivemq-test-hivemq-platform] [hivemq-platform-operator] [74cc6521] 	at io.fabric8.kubernetes.client.vertx.VertxHttpRequest.lambda$null$1(VertxHttpRequest.java:121)
2025-01-29 13:21:24,107 INFO c.h.h.t.HelmChartContainer - [hivemq-test-hivemq-platform] [hivemq-platform-operator] [74cc6521] 	at io.vertx.core.impl.ContextInternal.dispatch(ContextInternal.java:279)
2025-01-29 13:21:24,107 INFO c.h.h.t.HelmChartContainer - [hivemq-test-hivemq-platform] [hivemq-platform-operator] [74cc6521] 	at io.vertx.core.impl.ContextInternal.dispatch(ContextInternal.java:261)
2025-01-29 13:21:24,107 INFO c.h.h.t.HelmChartContainer - [hivemq-test-hivemq-platform] [hivemq-platform-operator] [74cc6521] 	at io.vertx.core.http.impl.HttpEventHandler.handleEnd(HttpEventHandler.java:76)
2025-01-29 13:21:24,107 INFO c.h.h.t.HelmChartContainer - [hivemq-test-hivemq-platform] [hivemq-platform-operator] [74cc6521] 	at io.vertx.core.http.impl.HttpClientResponseImpl.handleEnd(HttpClientResponseImpl.java:250)
2025-01-29 13:21:24,107 INFO c.h.h.t.HelmChartContainer - [hivemq-test-hivemq-platform] [hivemq-platform-operator] [74cc6521] 	at io.vertx.core.http.impl.Http1xClientConnection$StreamImpl.lambda$new$0(Http1xClientConnection.java:421)
2025-01-29 13:21:24,107 INFO c.h.h.t.HelmChartContainer - [hivemq-test-hivemq-platform] [hivemq-platform-operator] [74cc6521] 	at io.vertx.core.streams.impl.InboundBuffer.handleEvent(InboundBuffer.java:279)
2025-01-29 13:21:24,107 INFO c.h.h.t.HelmChartContainer - [hivemq-test-hivemq-platform] [hivemq-platform-operator] [74cc6521] 	at io.vertx.core.streams.impl.InboundBuffer.write(InboundBuffer.java:157)
2025-01-29 13:21:24,107 INFO c.h.h.t.HelmChartContainer - [hivemq-test-hivemq-platform] [hivemq-platform-operator] [74cc6521] 	at io.vertx.core.http.impl.Http1xClientConnection$StreamImpl.handleEnd(Http1xClientConnection.java:709)
2025-01-29 13:21:24,107 INFO c.h.h.t.HelmChartContainer - [hivemq-test-hivemq-platform] [hivemq-platform-operator] [74cc6521] 	at io.vertx.core.impl.ContextImpl.lambda$execute$4(ContextImpl.java:315)
2025-01-29 13:21:24,107 INFO c.h.h.t.HelmChartContainer - [hivemq-test-hivemq-platform] [hivemq-platform-operator] [74cc6521] 	at io.netty.util.concurrent.AbstractEventExecutor.runTask(AbstractEventExecutor.java:173)
2025-01-29 13:21:24,107 INFO c.h.h.t.HelmChartContainer - [hivemq-test-hivemq-platform] [hivemq-platform-operator] [74cc6521] 	at io.netty.util.concurrent.AbstractEventExecutor.safeExecute(AbstractEventExecutor.java:166)
2025-01-29 13:21:24,107 INFO c.h.h.t.HelmChartContainer - [hivemq-test-hivemq-platform] [hivemq-platform-operator] [74cc6521] 	at io.netty.util.concurrent.SingleThreadEventExecutor.runAllTasks(SingleThreadEventExecutor.java:472)
2025-01-29 13:21:24,107 INFO c.h.h.t.HelmChartContainer - [hivemq-test-hivemq-platform] [hivemq-platform-operator] [74cc6521] 	at io.netty.channel.nio.NioEventLoop.run(NioEventLoop.java:569)
2025-01-29 13:21:24,107 INFO c.h.h.t.HelmChartContainer - [hivemq-test-hivemq-platform] [hivemq-platform-operator] [74cc6521] 	at io.netty.util.concurrent.SingleThreadEventExecutor$4.run(SingleThreadEventExecutor.java:997)
2025-01-29 13:21:24,107 INFO c.h.h.t.HelmChartContainer - [hivemq-test-hivemq-platform] [hivemq-platform-operator] [74cc6521] 	at io.netty.util.internal.ThreadExecutorMap$2.run(ThreadExecutorMap.java:74)
2025-01-29 13:21:24,107 INFO c.h.h.t.HelmChartContainer - [hivemq-test-hivemq-platform] [hivemq-platform-operator] [74cc6521] 	at io.netty.util.concurrent.FastThreadLocalRunnable.run(FastThreadLocalRunnable.java:30)
2025-01-29 13:21:24,107 INFO c.h.h.t.HelmChartContainer - [hivemq-test-hivemq-platform] [hivemq-platform-operator] [74cc6521] 	... 1 common frames omitted
2025-01-29 13:21:24,123 INFO c.h.h.t.HelmChartContainer - [hivemq-test-hivemq-platform] [hivemq-platform-operator] [74cc6521] 13:21:24.121 [ReconcilerExecutor-hivemq-controller-122] INFO  c.h.p.o.HiveMQPlatformReconciler - [helmplat] Cleanup test-hivemq-platform - helmplatformtlsit HiveMQ Platform is shut down
2025-01-29 13:21:24,587 INFO c.h.h.t.HelmChartContainer - [EVENT] Normal [Killing] Stopping container hivemq [helmplatformtlsit:test-hivemq-platform-0]
2025-01-29 13:21:24,588 INFO c.h.h.t.HelmChartContainer - Received Killing event for container hivemq in pod test-hivemq-platform-0 [1e6cbea4-2446-4fad-9777-12d1d331ae44]
2025-01-29 13:21:24,588 INFO c.h.h.t.HelmChartContainer - Container [test-hivemq-platform-0] [hivemq] [1e6cbea4-2446-4fad-9777-12d1d331ae44] was terminated
2025-01-29 13:21:24,588 INFO c.h.h.t.HelmChartContainer - Stopped log watcher for hivemq in pod test-hivemq-platform-0 [1e6cbea4-2446-4fad-9777-12d1d331ae44]
2025-01-29 13:21:24,588 INFO c.h.h.t.HelmChartContainer - [POD] test-hivemq-platform-0 [1e6cbea4-2446-4fad-9777-12d1d331ae44] in helmplatformtlsit was MODIFIED
2025-01-29 13:21:24,613 INFO c.h.h.t.HelmChartContainer - [test-hivemq-platform] [hivemq] [1e6cbea4] INFO  - [HiveMQ Platform Operator Init App 1.7.0-SNAPSHOT] Shutting down
2025-01-29 13:21:24,613 INFO c.h.h.t.HelmChartContainer - [test-hivemq-platform] [hivemq] [1e6cbea4] INFO  - [HiveMQ Platform Operator Init App 1.7.0-SNAPSHOT] Stopping the HiveMQ Platform
2025-01-29 13:21:24,727 INFO c.h.h.t.HelmChartContainer - [test-hivemq-platform] [hivemq] [1e6cbea4] INFO  - Shutting down HiveMQ. Please wait, this could take a while...
2025-01-29 13:21:24,787 INFO c.h.h.t.HelmChartContainer - [test-hivemq-platform] [hivemq] [1e6cbea4] INFO  - Shutting down listeners and clients
2025-01-29 13:21:24,817 INFO c.h.h.t.HelmChartContainer - [test-hivemq-platform] [hivemq] [1e6cbea4] INFO  - Shutdown of listeners is done
2025-01-29 13:21:24,817 INFO c.h.h.t.HelmChartContainer - [test-hivemq-platform] [hivemq] [1e6cbea4] INFO  - No clients are connected, proceeding with shutdown
2025-01-29 13:21:25,778 INFO c.h.h.t.HelmChartContainer - Deleting namespace 'helmplatformtlsit'...
2025-01-29 13:21:27,234 INFO c.h.h.t.HelmChartContainer - [test-hivemq-platform] [hivemq] [1e6cbea4] INFO  - [HiveMQ Platform Operator Init App 1.7.0-SNAPSHOT] Returning shutdown Health API response 503 for readiness
2025-01-29 13:21:27,238 INFO c.h.h.t.HelmChartContainer - [EVENT] Warning [Unhealthy] Readiness probe failed: HTTP probe failed with statuscode: 503 [helmplatformtlsit:test-hivemq-platform-0]
2025-01-29 13:21:27,238 INFO c.h.h.t.HelmChartContainer - Received Unhealthy event for container hivemq in pod test-hivemq-platform-0 [1e6cbea4-2446-4fad-9777-12d1d331ae44]
2025-01-29 13:21:27,822 INFO c.h.h.t.HelmChartContainer - [K3S] [authentication.go:74] "Unable to authenticate the request" err="[invalid bearer token, serviceaccounts \"hivemq-platform-pod-test-hivemq-platform\" not found]"
2025-01-29 13:21:27,841 INFO c.h.h.t.HelmChartContainer - [K3S] [authentication.go:74] "Unable to authenticate the request" err="[invalid bearer token, serviceaccounts \"hivemq-platform-pod-test-hivemq-platform\" not found]"
2025-01-29 13:21:27,918 INFO c.h.h.t.HelmChartContainer - [test-hivemq-platform] [hivemq] [1e6cbea4] WARN  - [HiveMQ Platform Operator Init App 1.7.0-SNAPSHOT] Could not update Pod annotations: Failure executing: GET at: https://10.43.0.1:443/api/v1/namespaces/helmplatformtlsit/pods/test-hivemq-platform-0. Message: Unauthorized. Received status: Status(apiVersion=v1, code=401, details=null, kind=Status, message=Unauthorized, metadata=ListMeta(_continue=null, remainingItemCount=null, resourceVersion=null, selfLink=null, additionalProperties={}), reason=Unauthorized, status=Failure, additionalProperties={}).
2025-01-29 13:21:27,928 INFO c.h.h.t.HelmChartContainer - [test-hivemq-platform] [hivemq] [1e6cbea4] INFO  - Shutting down extension system
2025-01-29 13:21:28,017 INFO c.h.h.t.HelmChartContainer - [test-hivemq-platform] [hivemq] [1e6cbea4] INFO  - Stopping extension with id hivemq-dns-cluster-discovery
2025-01-29 13:21:28,017 INFO c.h.h.t.HelmChartContainer - [test-hivemq-platform] [hivemq] [1e6cbea4] INFO  - Extension "DNS Cluster Discovery Extension" version 4.3.2 stopped successfully.
2025-01-29 13:21:28,019 INFO c.h.h.t.HelmChartContainer - [test-hivemq-platform] [hivemq] [1e6cbea4] INFO  - Stopping extension with id hivemq-prometheus-extension
2025-01-29 13:21:28,022 INFO c.h.h.t.HelmChartContainer - [test-hivemq-platform] [hivemq] [1e6cbea4] INFO  - Extension "Prometheus Monitoring Extension" version 4.0.12 stopped successfully.
2025-01-29 13:21:28,024 INFO c.h.h.t.HelmChartContainer - [test-hivemq-platform] [hivemq] [1e6cbea4] INFO  - Stopping extension with id hivemq-allow-all-extension
2025-01-29 13:21:28,024 INFO c.h.h.t.HelmChartContainer - [test-hivemq-platform] [hivemq] [1e6cbea4] INFO  - Extension "Allow All Extension" version 1.1.1 stopped successfully.
2025-01-29 13:21:30,393 INFO c.h.h.t.HelmChartContainer - [test-hivemq-platform] [hivemq] [1e6cbea4] INFO  - Shutdown completed.
2025-01-29 13:21:30,766 INFO c.h.h.t.HelmChartContainer - [test-hivemq-platform] [hivemq] [1e6cbea4] INFO  - [HiveMQ Platform Operator Init App 1.7.0-SNAPSHOT] The HiveMQ Platform exited with code 143
2025-01-29 13:21:30,766 INFO c.h.h.t.HelmChartContainer - [test-hivemq-platform] [hivemq] [1e6cbea4] INFO  - [HiveMQ Platform Operator Init App 1.7.0-SNAPSHOT] Stopping the REST API
2025-01-29 13:21:30,784 INFO c.h.h.t.HelmChartContainer - [test-hivemq-platform] [hivemq] [1e6cbea4] INFO  - [HiveMQ Platform Operator Init App 1.7.0-SNAPSHOT] Shutdown complete
2025-01-29 13:21:30,920 INFO c.h.h.t.HelmChartContainer - [K3S] [stateful_set.go:466] "StatefulSet has been deleted" key="helmplatformtlsit/test-hivemq-platform"
2025-01-29 13:21:31,300 INFO c.h.h.t.HelmChartContainer - [POD] test-hivemq-platform-0 [1e6cbea4-2446-4fad-9777-12d1d331ae44] in helmplatformtlsit was MODIFIED
2025-01-29 13:21:31,410 INFO c.h.h.t.HelmChartContainer - [K3S] [reconciler_common.go:162] "operationExecutor.UnmountVolume started for volume \"kube-api-access-dmprl\" (UniqueName: \"kubernetes.io/projected/1e6cbea4-2446-4fad-9777-12d1d331ae44-kube-api-access-dmprl\") pod \"1e6cbea4-2446-4fad-9777-12d1d331ae44\" (UID: \"1e6cbea4-2446-4fad-9777-12d1d331ae44\") "
2025-01-29 13:21:31,411 INFO c.h.h.t.HelmChartContainer - [K3S] [reconciler_common.go:162] "operationExecutor.UnmountVolume started for volume \"operator-init\" (UniqueName: \"kubernetes.io/empty-dir/1e6cbea4-2446-4fad-9777-12d1d331ae44-operator-init\") pod \"1e6cbea4-2446-4fad-9777-12d1d331ae44\" (UID: \"1e6cbea4-2446-4fad-9777-12d1d331ae44\") "
2025-01-29 13:21:31,411 INFO c.h.h.t.HelmChartContainer - [K3S] [reconciler_common.go:162] "operationExecutor.UnmountVolume started for volume \"https-keystore\" (UniqueName: \"kubernetes.io/secret/1e6cbea4-2446-4fad-9777-12d1d331ae44-https-keystore\") pod \"1e6cbea4-2446-4fad-9777-12d1d331ae44\" (UID: \"1e6cbea4-2446-4fad-9777-12d1d331ae44\") "
2025-01-29 13:21:31,412 INFO c.h.h.t.HelmChartContainer - [K3S] [reconciler_common.go:162] "operationExecutor.UnmountVolume started for volume \"mqtts-keystore\" (UniqueName: \"kubernetes.io/secret/1e6cbea4-2446-4fad-9777-12d1d331ae44-mqtts-keystore\") pod \"1e6cbea4-2446-4fad-9777-12d1d331ae44\" (UID: \"1e6cbea4-2446-4fad-9777-12d1d331ae44\") "
2025-01-29 13:21:31,412 INFO c.h.h.t.HelmChartContainer - [K3S] [reconciler_common.go:162] "operationExecutor.UnmountVolume started for volume \"broker-configuration\" (UniqueName: \"kubernetes.io/configmap/1e6cbea4-2446-4fad-9777-12d1d331ae44-broker-configuration\") pod \"1e6cbea4-2446-4fad-9777-12d1d331ae44\" (UID: \"1e6cbea4-2446-4fad-9777-12d1d331ae44\") "
2025-01-29 13:21:31,412 INFO c.h.h.t.HelmChartContainer - [K3S] [reconciler_common.go:162] "operationExecutor.UnmountVolume started for volume \"pod-info\" (UniqueName: \"kubernetes.io/configmap/1e6cbea4-2446-4fad-9777-12d1d331ae44-pod-info\") pod \"1e6cbea4-2446-4fad-9777-12d1d331ae44\" (UID: \"1e6cbea4-2446-4fad-9777-12d1d331ae44\") "
2025-01-29 13:21:31,511 INFO c.h.h.t.HelmChartContainer - [K3S] [reconciler_common.go:299] "Volume detached for volume \"mqtts-keystore\" (UniqueName: \"kubernetes.io/secret/1e6cbea4-2446-4fad-9777-12d1d331ae44-mqtts-keystore\") on node \"bd3ce72ce098\" DevicePath \"\""
2025-01-29 13:21:31,511 INFO c.h.h.t.HelmChartContainer - [K3S] [reconciler_common.go:299] "Volume detached for volume \"broker-configuration\" (UniqueName: \"kubernetes.io/configmap/1e6cbea4-2446-4fad-9777-12d1d331ae44-broker-configuration\") on node \"bd3ce72ce098\" DevicePath \"\""
2025-01-29 13:21:31,512 INFO c.h.h.t.HelmChartContainer - [K3S] [reconciler_common.go:299] "Volume detached for volume \"pod-info\" (UniqueName: \"kubernetes.io/configmap/1e6cbea4-2446-4fad-9777-12d1d331ae44-pod-info\") on node \"bd3ce72ce098\" DevicePath \"\""
2025-01-29 13:21:31,512 INFO c.h.h.t.HelmChartContainer - [K3S] [reconciler_common.go:299] "Volume detached for volume \"kube-api-access-dmprl\" (UniqueName: \"kubernetes.io/projected/1e6cbea4-2446-4fad-9777-12d1d331ae44-kube-api-access-dmprl\") on node \"bd3ce72ce098\" DevicePath \"\""
2025-01-29 13:21:31,512 INFO c.h.h.t.HelmChartContainer - [K3S] [reconciler_common.go:299] "Volume detached for volume \"operator-init\" (UniqueName: \"kubernetes.io/empty-dir/1e6cbea4-2446-4fad-9777-12d1d331ae44-operator-init\") on node \"bd3ce72ce098\" DevicePath \"\""
2025-01-29 13:21:31,512 INFO c.h.h.t.HelmChartContainer - [K3S] [reconciler_common.go:299] "Volume detached for volume \"https-keystore\" (UniqueName: \"kubernetes.io/secret/1e6cbea4-2446-4fad-9777-12d1d331ae44-https-keystore\") on node \"bd3ce72ce098\" DevicePath \"\""
2025-01-29 13:21:31,713 INFO c.h.h.t.HelmChartContainer - [K3S] [scope.go:117] "RemoveContainer" containerID="e206b2e65fb0c0adb1a2c07b2f414041712cf2f7fda03cc9541afa1c7b0f9ccf"
2025-01-29 13:21:31,726 INFO c.h.h.t.HelmChartContainer - [POD] test-hivemq-platform-0 [1e6cbea4-2446-4fad-9777-12d1d331ae44] in helmplatformtlsit was MODIFIED
2025-01-29 13:21:31,736 INFO c.h.h.t.HelmChartContainer - [POD] test-hivemq-platform-0 [1e6cbea4-2446-4fad-9777-12d1d331ae44] in helmplatformtlsit was DELETED
2025-01-29 13:21:31,821 INFO c.h.h.t.HelmChartContainer - [K3S] [scope.go:117] "RemoveContainer" containerID="67676661bc748e907def0b3c5071db04005c22e56b65f0591ba48e8cfebe1d7d"
2025-01-29 13:21:31,824 INFO c.h.h.t.HelmChartContainer - [K3S] [scope.go:117] "RemoveContainer" containerID="e206b2e65fb0c0adb1a2c07b2f414041712cf2f7fda03cc9541afa1c7b0f9ccf"
2025-01-29 13:21:31,825 INFO c.h.h.t.HelmChartContainer - [K3S] [scope.go:117] "RemoveContainer" containerID="67676661bc748e907def0b3c5071db04005c22e56b65f0591ba48e8cfebe1d7d"
2025-01-29 13:21:33,512 INFO c.h.h.t.HelmChartContainer - [K3S] [kubelet_volumes.go:163] "Cleaned up orphaned pod volumes dir" podUID="1e6cbea4-2446-4fad-9777-12d1d331ae44" path="/var/lib/kubelet/pods/1e6cbea4-2446-4fad-9777-12d1d331ae44/volumes"
2025-01-29 13:21:36,120 INFO c.h.h.t.HelmChartContainer - Namespace 'helmplatformtlsit' deleted
2025-01-29 13:21:36,120 INFO c.h.h.t.HelmChartContainer - Release 'test-hivemq-platform' in namespace 'helmplatformtlsit' is uninstalled
2025-01-29 13:21:36,120 INFO c.h.h.t.HelmChartContainer - Uninstalling release 'test-hivemq-platform-operator' in namespace 'helmplatformtlsit-operator'...
2025-01-29 13:21:36,120 DEBUG c.h.h.t.HelmChartContainer - Executing helm command: /bin/helm --kubeconfig /etc/rancher/k3s/k3s.yaml uninstall test-hivemq-platform-operator  --wait --timeout 5m0s --cascade foreground --namespace helmplatformtlsit-operator
2025-01-29 13:21:36,290 INFO c.h.h.t.HelmChartContainer - [K3S] [replica_set.go:679] "Finished syncing" kind="ReplicaSet" key="helmplatformtlsit-operator/hivemq-test-hivemq-platform-operator-6966f96d65" duration="8.503216ms"
2025-01-29 13:21:36,291 INFO c.h.h.t.HelmChartContainer - [K3S] [replica_set.go:679] "Finished syncing" kind="ReplicaSet" key="helmplatformtlsit-operator/hivemq-test-hivemq-platform-operator-6966f96d65" duration="48.3µs"
2025-01-29 13:21:36,303 INFO c.h.h.t.HelmChartContainer - [POD] hivemq-test-hivemq-platform-operator-6966f96d65-xqfkq [74cc6521-c592-4808-8091-3e3902c29ffe] in helmplatformtlsit-operator was MODIFIED
2025-01-29 13:21:36,315 INFO c.h.h.t.HelmChartContainer - [K3S] [replica_set.go:679] "Finished syncing" kind="ReplicaSet" key="helmplatformtlsit-operator/hivemq-test-hivemq-platform-operator-6966f96d65" duration="14.532219ms"
2025-01-29 13:21:36,319 INFO c.h.h.t.HelmChartContainer - [EVENT] Normal [Killing] Stopping container hivemq-platform-operator [helmplatformtlsit-operator:hivemq-test-hivemq-platform-operator-6966f96d65-xqfkq]
2025-01-29 13:21:36,320 INFO c.h.h.t.HelmChartContainer - Received Killing event for container hivemq-platform-operator in pod hivemq-test-hivemq-platform-operator-6966f96d65-xqfkq [74cc6521-c592-4808-8091-3e3902c29ffe]
2025-01-29 13:21:36,320 INFO c.h.h.t.HelmChartContainer - Container [hivemq-test-hivemq-platform-operator-6966f96d65-xqfkq] [hivemq-platform-operator] [74cc6521-c592-4808-8091-3e3902c29ffe] was terminated
2025-01-29 13:21:36,320 INFO c.h.h.t.HelmChartContainer - Stopped log watcher for hivemq-platform-operator in pod hivemq-test-hivemq-platform-operator-6966f96d65-xqfkq [74cc6521-c592-4808-8091-3e3902c29ffe]
2025-01-29 13:21:36,321 INFO c.h.h.t.HelmChartContainer - [K3S] [replica_set.go:679] "Finished syncing" kind="ReplicaSet" key="helmplatformtlsit-operator/hivemq-test-hivemq-platform-operator-6966f96d65" duration="48.27µs"
2025-01-29 13:21:36,406 INFO c.h.h.t.HelmChartContainer - [hivemq-test-hivemq-platform] [hivemq-platform-operator] [74cc6521] 13:21:36.404 [application-shutdown-thread] INFO  c.h.p.o.HiveMQPlatformOperatorApplication - HiveMQ Platform Operator is stopping...
2025-01-29 13:21:36,406 INFO c.h.h.t.HelmChartContainer - [hivemq-test-hivemq-platform] [hivemq-platform-operator] [74cc6521] 13:21:36.405 [application-shutdown-thread] INFO  i.javaoperatorsdk.operator.Operator - Operator SDK 4.9.7 is shutting down...
2025-01-29 13:21:36,967 INFO c.h.h.t.HelmChartContainer - [K3S] [replica_set.go:679] "Finished syncing" kind="ReplicaSet" key="helmplatformtlsit-operator/hivemq-test-hivemq-platform-operator-6966f96d65" duration="41.738µs"
2025-01-29 13:21:36,969 INFO c.h.h.t.HelmChartContainer - [POD] hivemq-test-hivemq-platform-operator-6966f96d65-xqfkq [74cc6521-c592-4808-8091-3e3902c29ffe] in helmplatformtlsit-operator was MODIFIED
2025-01-29 13:21:37,046 INFO c.h.h.t.HelmChartContainer - [K3S] [reconciler_common.go:162] "operationExecutor.UnmountVolume started for volume \"kube-api-access-x2224\" (UniqueName: \"kubernetes.io/projected/74cc6521-c592-4808-8091-3e3902c29ffe-kube-api-access-x2224\") pod \"74cc6521-c592-4808-8091-3e3902c29ffe\" (UID: \"74cc6521-c592-4808-8091-3e3902c29ffe\") "
2025-01-29 13:21:37,146 INFO c.h.h.t.HelmChartContainer - [K3S] [reconciler_common.go:299] "Volume detached for volume \"kube-api-access-x2224\" (UniqueName: \"kubernetes.io/projected/74cc6521-c592-4808-8091-3e3902c29ffe-kube-api-access-x2224\") on node \"bd3ce72ce098\" DevicePath \"\""
2025-01-29 13:21:37,490 INFO c.h.h.t.HelmChartContainer - [K3S] [scope.go:117] "RemoveContainer" containerID="e6234e0dfecf9376fecbc418384f4d1f9edb7ee0656e918c66773dd69b8fdaad"
2025-01-29 13:21:37,731 INFO c.h.h.t.HelmChartContainer - [K3S] [replica_set.go:679] "Finished syncing" kind="ReplicaSet" key="helmplatformtlsit-operator/hivemq-test-hivemq-platform-operator-6966f96d65" duration="43.712µs"
2025-01-29 13:21:37,733 INFO c.h.h.t.HelmChartContainer - [POD] hivemq-test-hivemq-platform-operator-6966f96d65-xqfkq [74cc6521-c592-4808-8091-3e3902c29ffe] in helmplatformtlsit-operator was MODIFIED
2025-01-29 13:21:37,738 INFO c.h.h.t.HelmChartContainer - [K3S] [replica_set.go:679] "Finished syncing" kind="ReplicaSet" key="helmplatformtlsit-operator/hivemq-test-hivemq-platform-operator-6966f96d65" duration="55.003µs"
2025-01-29 13:21:37,739 INFO c.h.h.t.HelmChartContainer - [POD] hivemq-test-hivemq-platform-operator-6966f96d65-xqfkq [74cc6521-c592-4808-8091-3e3902c29ffe] in helmplatformtlsit-operator was MODIFIED
2025-01-29 13:21:37,741 INFO c.h.h.t.HelmChartContainer - [K3S] [replica_set.go:679] "Finished syncing" kind="ReplicaSet" key="helmplatformtlsit-operator/hivemq-test-hivemq-platform-operator-6966f96d65" duration="93.575µs"
2025-01-29 13:21:37,743 INFO c.h.h.t.HelmChartContainer - [POD] hivemq-test-hivemq-platform-operator-6966f96d65-xqfkq [74cc6521-c592-4808-8091-3e3902c29ffe] in helmplatformtlsit-operator was DELETED
2025-01-29 13:21:37,755 INFO c.h.h.t.HelmChartContainer - [K3S] [replica_set.go:679] "Finished syncing" kind="ReplicaSet" key="helmplatformtlsit-operator/hivemq-test-hivemq-platform-operator-6966f96d65" duration="7.594µs"
2025-01-29 13:21:38,363 INFO c.h.h.t.HelmChartContainer - Deleting namespace 'helmplatformtlsit-operator'...
2025-01-29 13:21:39,512 INFO c.h.h.t.HelmChartContainer - [K3S] [kubelet_volumes.go:163] "Cleaned up orphaned pod volumes dir" podUID="74cc6521-c592-4808-8091-3e3902c29ffe" path="/var/lib/kubelet/pods/74cc6521-c592-4808-8091-3e3902c29ffe/volumes"
2025-01-29 13:21:41,031 INFO c.h.h.t.HelmChartContainer - [K3S] [namespace_controller.go:187] "Namespace has been deleted" namespace="helmplatformtlsit"
2025-01-29 13:21:43,583 INFO c.h.h.t.HelmChartContainer - Namespace 'helmplatformtlsit-operator' deleted
2025-01-29 13:21:43,583 INFO c.h.h.t.HelmChartContainer - Release 'test-hivemq-platform-operator' in namespace 'helmplatformtlsit-operator' is uninstalled
2025-01-29 13:21:44,161 INFO c.h.helmcharts.AbstractHelmChartIT - Removed unused containers:

2025-01-29 13:21:48,486 INFO c.h.h.t.HelmChartContainer - [K3S] [namespace_controller.go:187] "Namespace has been deleted" namespace="helmplatformtlsit-operator"
2025-01-29 13:21:52,022 INFO c.h.helmcharts.AbstractHelmChartIT - Removed unused snapshots:
Removing snapshot sha256:03af251906410714c5aef9fa705b63f6bbc39c4a5e787de7361eeb18886c2ed2
Removing snapshot sha256:0c46b3b43cce082ce5ec34ffc6c294e0417d17b9d1e6f366d114b6aadc4f96dc
Removing snapshot sha256:0ce761beee59082d6ed5bcebd3a805b8ddd9b3426b617e4809e7fb7c6587ffec
Removing snapshot sha256:0df91287303208332c8ff6ba40ae4710105201739addbfbddfb955f1ad593664
Removing snapshot sha256:1021ef88c7974bfff89c5a0ec4fd3160daac6c48a075f74cff721f85dd104e68
Removing snapshot sha256:10aba4953ddc18145dd38e3704709bc464aa20af60b56fe52caaff4b68411e62
Removing snapshot sha256:2573e0d8158209ed54ab25c87bcdcb00bd3d2539246960a3d592a1c599d70465
Removing snapshot sha256:362a8a37f8bbc31925a8146adcf7cf51f9882f5c1dcbef67c5baa03a297543c0
Removing snapshot sha256:37b66ab370a939dc026e1c7597cded8a74d654f0d0d6bc0a380cc669dd9a7a66
Removing snapshot sha256:3fa4ad33f0ddc8fd45b39b6b4640f82a3a83619606cd975bfe89d8710ad2d4cd
Removing snapshot sha256:43a7c979bbaba6838bc3102d6b10a1459f3ab050b87ccdfef84ef90cf43d3058
Removing snapshot sha256:4ab04491cdf0d3267f08206fe30bd48f49f94b9cab2f016d6739220f722a64af
Removing snapshot sha256:4b6068250e89c96f263060261819c7d912855bfbd64b3eb4c4a8483299b8c295
Removing snapshot sha256:580e69a0a8034ede1921139bbd2bfb72a69ebf276d008281896c32dd8bf74775
Removing snapshot sha256:5d30ba46b27fe37484567ccc5242cadc78217b8da605f3f195ef25cbf7487904
Removing snapshot sha256:63ca1fbb43ae5034640e5e6cb3e083e05c290072c5366fcaa9d62435a4cced85
Removing snapshot sha256:67f702c6baae873bceb19487c8b1f27bd2b86077e4f2f0e480e6d60ab508b8f5
Removing snapshot sha256:6864348dd42806d552efdec384f1274be15e2d0c10ce44c1f04347af004c10a9
Removing snapshot sha256:6c7dee8f2c39b84b7dc2711c01d33de93514d9055499173e9290176fbe484b6c
Removing snapshot sha256:82753493a6d61ded36556292f02f31841a14c20d2f279f19eaad65afb661d5cd
Removing snapshot sha256:8a10d3db42c505ee0fcfa98417bdd7e39b304f6bcc0a06bb1b220797ff2cc63c
Removing snapshot sha256:a21e5b12dbac529ad45d976eb9ce45c881f3bedcc500fb30aba1e52aa1813418
Removing snapshot sha256:b921e6c28969094157f9b8e7244677780319637afd14450b7cb6b2fdea558a0c
Removing snapshot sha256:bc27ecb5769a00e309cf99ebc763c4a4b958b618d1decc96ffac5bc05f02f5b7
Removing snapshot sha256:be3ccb6627a5332e309d45ef461d09b4879dd870c7394d89323d0ebc6ca6aa8a
Removing snapshot sha256:c261f7cbbc64211ee175ee47273acdb7b1a36a4450b397a064a8f2c026490095
Removing snapshot sha256:c34d9393647eea0c9e3557ab988efaf59f61d10a2a5613b439ef0958cca5ec10
Removing snapshot sha256:c4405a73c3cca288ce4bd72c8299aeeb9481c69da28a6d1b9e3582d68204933a
Removing snapshot sha256:ccf3c4a0fa967a41c1c83497a2ce6fa5787965859df0adb32c4ca2cf7490bc2b
Removing snapshot sha256:cf92d33f869417309692088c341cd0f223c178ea78a125f757317b22aa8f90e9
Removing snapshot sha256:d0037344cf2fb078884f1849f6a1f8cf9a33a3b6139b6a85833e5ee528e1f9a8
Removing snapshot sha256:d3b36d5b79273b1e98e7700470eaeff05a882e777124d84cebcc1505b85ecb36
Removing snapshot sha256:d65a44a37914602d12c611e5e22a50f11451d847e63015cc1c2aef92dee777a4
Removing snapshot sha256:e2dc0bae2455930f23ae570e019b7f32edc75c0f2d71cab084db837ff9051796
Removing snapshot sha256:eccbd24a99c60cd9e86ee5305dbfc4a4dc89f5ab4fb1f06c8d64797cecedef34
Removing snapshot sha256:f144bb4c7c7f0d2aa7eeffd36d934ec40db1ee167be727e326aad9fdc616f475

]]></system-out>
  </testcase>
  <testcase name="platformChart_whenTlsEnabledWithDifferentPrivateKey_hivemqRunning(Path)" classname="com.hivemq.helmcharts.platform.HelmPlatformTlsIT" time="110.691">
    <system-out><![CDATA[2025-01-29 13:21:52,034 INFO c.h.h.t.HelmChartContainer - Creating namespace 'helmplatformtlsit-operator'...
2025-01-29 13:21:52,041 INFO c.h.h.t.HelmChartContainer - Namespace 'helmplatformtlsit-operator' created
2025-01-29 13:21:52,041 INFO c.h.h.t.HelmChartContainer - Creating namespace 'helmplatformtlsit'...
2025-01-29 13:21:52,048 INFO c.h.h.t.HelmChartContainer - Namespace 'helmplatformtlsit' created
2025-01-29 13:21:52,120 DEBUG c.h.h.t.HelmChartContainer - Executing helm command: /bin/helm --kubeconfig /etc/rancher/k3s/k3s.yaml install test-hivemq-platform-operator /charts/hivemq-platform-operator --wait --timeout 5m0s --set image.repository=docker.io/hivemq --set image.name=hivemq-platform-operator-test --set image.initImageName=hivemq-platform-operator-init-test --set image.tag=snapshot --set image.pullPolicy=Never --set logLevel=DEBUG --set resources.cpu=512m --namespace helmplatformtlsit-operator
2025-01-29 13:21:52,427 INFO c.h.h.t.HelmChartContainer - [K3S] [alloc.go:330] "allocated clusterIPs" service="helmplatformtlsit-operator/hivemq-platform-operator-test-hivemq-platform-operator" clusterIPs={"IPv4":"10.43.129.217"}
2025-01-29 13:21:52,458 INFO c.h.h.t.HelmChartContainer - [POD] hivemq-test-hivemq-platform-operator-6966f96d65-m9bb5 [e4c1e683-9f5c-4c29-a795-a7de8be434c4] in helmplatformtlsit-operator was ADDED
2025-01-29 13:21:52,471 INFO c.h.h.t.HelmChartContainer - [K3S] [memory_manager.go:355] "RemoveStaleState removing state" podUID="1e6cbea4-2446-4fad-9777-12d1d331ae44" containerName="hivemq"
2025-01-29 13:21:52,471 INFO c.h.h.t.HelmChartContainer - [POD] hivemq-test-hivemq-platform-operator-6966f96d65-m9bb5 [e4c1e683-9f5c-4c29-a795-a7de8be434c4] in helmplatformtlsit-operator was MODIFIED
2025-01-29 13:21:52,472 INFO c.h.h.t.HelmChartContainer - [K3S] [memory_manager.go:355] "RemoveStaleState removing state" podUID="74cc6521-c592-4808-8091-3e3902c29ffe" containerName="hivemq-platform-operator"
2025-01-29 13:21:52,476 INFO c.h.h.t.HelmChartContainer - [EVENT] Normal [ScalingReplicaSet] Scaled up replica set hivemq-test-hivemq-platform-operator-6966f96d65 from 0 to 1 [helmplatformtlsit-operator:hivemq-test-hivemq-platform-operator]
2025-01-29 13:21:52,477 INFO c.h.h.t.HelmChartContainer - [EVENT] Normal [SuccessfulCreate] Created pod: hivemq-test-hivemq-platform-operator-6966f96d65-m9bb5 [helmplatformtlsit-operator:hivemq-test-hivemq-platform-operator-6966f96d65]
2025-01-29 13:21:52,479 INFO c.h.h.t.HelmChartContainer - [K3S] [replica_set.go:679] "Finished syncing" kind="ReplicaSet" key="helmplatformtlsit-operator/hivemq-test-hivemq-platform-operator-6966f96d65" duration="31.466101ms"
2025-01-29 13:21:52,497 INFO c.h.h.t.HelmChartContainer - [EVENT] Normal [Scheduled] Successfully assigned helmplatformtlsit-operator/hivemq-test-hivemq-platform-operator-6966f96d65-m9bb5 to bd3ce72ce098 [helmplatformtlsit-operator:hivemq-test-hivemq-platform-operator-6966f96d65-m9bb5]
2025-01-29 13:21:52,499 INFO c.h.h.t.HelmChartContainer - [K3S] [replica_set.go:679] "Finished syncing" kind="ReplicaSet" key="helmplatformtlsit-operator/hivemq-test-hivemq-platform-operator-6966f96d65" duration="22.583625ms"
2025-01-29 13:21:52,500 INFO c.h.h.t.HelmChartContainer - [K3S] [replica_set.go:679] "Finished syncing" kind="ReplicaSet" key="helmplatformtlsit-operator/hivemq-test-hivemq-platform-operator-6966f96d65" duration="169.527µs"
2025-01-29 13:21:52,511 INFO c.h.h.t.HelmChartContainer - [POD] hivemq-test-hivemq-platform-operator-6966f96d65-m9bb5 [e4c1e683-9f5c-4c29-a795-a7de8be434c4] in helmplatformtlsit-operator was MODIFIED
2025-01-29 13:21:52,516 INFO c.h.h.t.HelmChartContainer - [K3S] [replica_set.go:679] "Finished syncing" kind="ReplicaSet" key="helmplatformtlsit-operator/hivemq-test-hivemq-platform-operator-6966f96d65" duration="54.332µs"
2025-01-29 13:21:52,531 INFO c.h.h.t.HelmChartContainer - [K3S] [reconciler_common.go:251] "operationExecutor.VerifyControllerAttachedVolume started for volume \"kube-api-access-2pvr8\" (UniqueName: \"kubernetes.io/projected/e4c1e683-9f5c-4c29-a795-a7de8be434c4-kube-api-access-2pvr8\") pod \"hivemq-test-hivemq-platform-operator-6966f96d65-m9bb5\" (UID: \"e4c1e683-9f5c-4c29-a795-a7de8be434c4\") " pod="helmplatformtlsit-operator/hivemq-test-hivemq-platform-operator-6966f96d65-m9bb5"
2025-01-29 13:21:52,882 INFO c.h.h.t.HelmChartContainer - [EVENT] Normal [Pulled] Container image "docker.io/hivemq/hivemq-platform-operator-test:snapshot" already present on machine [helmplatformtlsit-operator:hivemq-test-hivemq-platform-operator-6966f96d65-m9bb5]
2025-01-29 13:21:52,882 INFO c.h.h.t.HelmChartContainer - Received Pulled event for container hivemq-platform-operator in pod hivemq-test-hivemq-platform-operator-6966f96d65-m9bb5 [e4c1e683-9f5c-4c29-a795-a7de8be434c4]
2025-01-29 13:21:54,142 INFO c.h.h.t.HelmChartContainer - [EVENT] Normal [Created] Created container: hivemq-platform-operator [helmplatformtlsit-operator:hivemq-test-hivemq-platform-operator-6966f96d65-m9bb5]
2025-01-29 13:21:54,142 INFO c.h.h.t.HelmChartContainer - Received Created event for container hivemq-platform-operator in pod hivemq-test-hivemq-platform-operator-6966f96d65-m9bb5 [e4c1e683-9f5c-4c29-a795-a7de8be434c4]
2025-01-29 13:21:54,760 INFO c.h.h.t.HelmChartContainer - [K3S] [replica_set.go:679] "Finished syncing" kind="ReplicaSet" key="helmplatformtlsit-operator/hivemq-test-hivemq-platform-operator-6966f96d65" duration="48.621µs"
2025-01-29 13:21:54,791 INFO c.h.h.t.HelmChartContainer - [POD] hivemq-test-hivemq-platform-operator-6966f96d65-m9bb5 [e4c1e683-9f5c-4c29-a795-a7de8be434c4] in helmplatformtlsit-operator was MODIFIED
2025-01-29 13:21:54,798 INFO c.h.h.t.HelmChartContainer - Started log watcher for hivemq-platform-operator in pod hivemq-test-hivemq-platform-operator-6966f96d65-m9bb5 [e4c1e683-9f5c-4c29-a795-a7de8be434c4]
2025-01-29 13:21:54,799 INFO c.h.h.t.HelmChartContainer - [EVENT] Normal [Started] Started container hivemq-platform-operator [helmplatformtlsit-operator:hivemq-test-hivemq-platform-operator-6966f96d65-m9bb5]
2025-01-29 13:21:54,799 INFO c.h.h.t.HelmChartContainer - Received Started event for container hivemq-platform-operator in pod hivemq-test-hivemq-platform-operator-6966f96d65-m9bb5 [e4c1e683-9f5c-4c29-a795-a7de8be434c4]
2025-01-29 13:21:54,800 INFO c.h.h.t.HelmChartContainer - [hivemq-test-hivemq-platform] [hivemq-platform-operator] [e4c1e683] -------------------------------------------------------------------------
2025-01-29 13:21:54,800 INFO c.h.h.t.HelmChartContainer - [hivemq-test-hivemq-platform] [hivemq-platform-operator] [e4c1e683] 
2025-01-29 13:21:54,800 INFO c.h.h.t.HelmChartContainer - [hivemq-test-hivemq-platform] [hivemq-platform-operator] [e4c1e683]                   _    _  _              __  __   ____
2025-01-29 13:21:54,800 INFO c.h.h.t.HelmChartContainer - [hivemq-test-hivemq-platform] [hivemq-platform-operator] [e4c1e683]                  | |  | |(_)            |  \/  | / __ \
2025-01-29 13:21:54,800 INFO c.h.h.t.HelmChartContainer - [hivemq-test-hivemq-platform] [hivemq-platform-operator] [e4c1e683]                  | |__| | _ __   __ ___ | \  / || |  | |
2025-01-29 13:21:54,800 INFO c.h.h.t.HelmChartContainer - [hivemq-test-hivemq-platform] [hivemq-platform-operator] [e4c1e683]                  |  __  || |\ \ / // _ \| |\/| || |  | |
2025-01-29 13:21:54,800 INFO c.h.h.t.HelmChartContainer - [hivemq-test-hivemq-platform] [hivemq-platform-operator] [e4c1e683]                  | |  | || | \ V /|  __/| |  | || |__| |
2025-01-29 13:21:54,800 INFO c.h.h.t.HelmChartContainer - [hivemq-test-hivemq-platform] [hivemq-platform-operator] [e4c1e683]                  |_|  |_||_|  \_/  \___||_|  |_| \___\_\
2025-01-29 13:21:54,800 INFO c.h.h.t.HelmChartContainer - [hivemq-test-hivemq-platform] [hivemq-platform-operator] [e4c1e683] 
2025-01-29 13:21:54,800 INFO c.h.h.t.HelmChartContainer - [hivemq-test-hivemq-platform] [hivemq-platform-operator] [e4c1e683] -------------------------------------------------------------------------
2025-01-29 13:21:54,800 INFO c.h.h.t.HelmChartContainer - [hivemq-test-hivemq-platform] [hivemq-platform-operator] [e4c1e683] 
2025-01-29 13:21:54,800 INFO c.h.h.t.HelmChartContainer - [hivemq-test-hivemq-platform] [hivemq-platform-operator] [e4c1e683]   HiveMQ Platform Operator Start Script v1.0
2025-01-29 13:21:54,801 INFO c.h.h.t.HelmChartContainer - [hivemq-test-hivemq-platform] [hivemq-platform-operator] [e4c1e683] 
2025-01-29 13:21:54,801 INFO c.h.h.t.HelmChartContainer - [hivemq-test-hivemq-platform] [hivemq-platform-operator] [e4c1e683] -------------------------------------------------------------------------
2025-01-29 13:21:54,801 INFO c.h.h.t.HelmChartContainer - [hivemq-test-hivemq-platform] [hivemq-platform-operator] [e4c1e683] 
2025-01-29 13:21:54,801 INFO c.h.h.t.HelmChartContainer - [hivemq-test-hivemq-platform] [hivemq-platform-operator] [e4c1e683]   JAVA_OPTS: -XX:+UnlockExperimentalVMOptions -XX:InitialRAMPercentage=75 -XX:MaxRAMPercentage=75 -Duser.language=en -Duser.region=US
2025-01-29 13:21:54,801 INFO c.h.h.t.HelmChartContainer - [hivemq-test-hivemq-platform] [hivemq-platform-operator] [e4c1e683] 
2025-01-29 13:21:54,801 INFO c.h.h.t.HelmChartContainer - [hivemq-test-hivemq-platform] [hivemq-platform-operator] [e4c1e683]   JAVA_VERSION: 21
2025-01-29 13:21:54,801 INFO c.h.h.t.HelmChartContainer - [hivemq-test-hivemq-platform] [hivemq-platform-operator] [e4c1e683] 
2025-01-29 13:21:54,801 INFO c.h.h.t.HelmChartContainer - [hivemq-test-hivemq-platform] [hivemq-platform-operator] [e4c1e683] -------------------------------------------------------------------------
2025-01-29 13:21:54,801 INFO c.h.h.t.HelmChartContainer - [hivemq-test-hivemq-platform] [hivemq-platform-operator] [e4c1e683] 
2025-01-29 13:21:57,565 INFO c.h.h.t.HelmChartContainer - [hivemq-test-hivemq-platform] [hivemq-platform-operator] [e4c1e683] 13:21:57.563 [main] DEBUG org.jboss.logging - Logging Provider: org.jboss.logging.Slf4jLoggerProvider
2025-01-29 13:21:57,663 INFO c.h.h.t.HelmChartContainer - [hivemq-test-hivemq-platform] [hivemq-platform-operator] [e4c1e683] 13:21:57.662 [main] DEBUG io.smallrye.config - SRCFG01006: Loaded ConfigSource SysPropConfigSource with ordinal 400
2025-01-29 13:21:57,664 INFO c.h.h.t.HelmChartContainer - [hivemq-test-hivemq-platform] [hivemq-platform-operator] [e4c1e683] 13:21:57.663 [main] DEBUG io.smallrye.config - SRCFG01006: Loaded ConfigSource EnvConfigSource with ordinal 300
2025-01-29 13:21:57,664 INFO c.h.h.t.HelmChartContainer - [hivemq-test-hivemq-platform] [hivemq-platform-operator] [e4c1e683] 13:21:57.663 [main] DEBUG io.smallrye.config - SRCFG01006: Loaded ConfigSource PropertiesConfigSource[source=jar:file:///opt/hivemq-platform-operator/bin/hivemq-platform-operator.jar!/hivemq-platform-operator.properties] with ordinal 100
2025-01-29 13:21:57,664 INFO c.h.h.t.HelmChartContainer - [hivemq-test-hivemq-platform] [hivemq-platform-operator] [e4c1e683] 13:21:57.663 [main] DEBUG io.smallrye.config - SRCFG01006: Loaded ConfigSource DefaultValuesConfigSource with ordinal -2147483648
2025-01-29 13:21:57,769 INFO c.h.h.t.HelmChartContainer - [hivemq-test-hivemq-platform] [hivemq-platform-operator] [e4c1e683] 13:21:57.768 [main] DEBUG i.m.c.u.i.l.InternalLoggerFactory - Using SLF4J as the default logging framework
2025-01-29 13:21:57,959 INFO c.h.h.t.HelmChartContainer - [hivemq-test-hivemq-platform] [hivemq-platform-operator] [e4c1e683] 13:21:57.877 [main] INFO  c.h.p.o.HiveMQPlatformOperatorApplication - HiveMQ Platform Operator 1.7.0-SNAPSHOT (commit: bebf408 on branch: HEAD) built on Sun Jan 26 20:47:47 UTC 2025
2025-01-29 13:21:57,959 INFO c.h.h.t.HelmChartContainer - [hivemq-test-hivemq-platform] [hivemq-platform-operator] [e4c1e683] 13:21:57.958 [main] INFO  c.h.p.o.HiveMQPlatformOperatorApplication - HiveMQ Platform Operator is running in namespace: helmplatformtlsit-operator
2025-01-29 13:21:57,959 INFO c.h.h.t.HelmChartContainer - [hivemq-test-hivemq-platform] [hivemq-platform-operator] [e4c1e683] 13:21:57.958 [main] INFO  c.h.p.o.HiveMQPlatformOperatorApplication - Watching all namespaces
2025-01-29 13:21:57,959 INFO c.h.h.t.HelmChartContainer - [hivemq-test-hivemq-platform] [hivemq-platform-operator] [e4c1e683] 13:21:57.958 [main] INFO  c.h.p.o.HiveMQPlatformOperatorApplication - Log level: DEBUG
2025-01-29 13:21:57,960 INFO c.h.h.t.HelmChartContainer - [hivemq-test-hivemq-platform] [hivemq-platform-operator] [e4c1e683] 13:21:57.958 [main] INFO  c.h.p.o.HiveMQPlatformOperatorApplication - Release name: test-hivemq-platform-operator
2025-01-29 13:21:57,960 INFO c.h.h.t.HelmChartContainer - [hivemq-test-hivemq-platform] [hivemq-platform-operator] [e4c1e683] 13:21:57.958 [main] INFO  c.h.p.o.HiveMQPlatformOperatorApplication - HiveMQ Platform Operator Init image: docker.io/hivemq/hivemq-platform-operator-init-test:snapshot
2025-01-29 13:21:57,960 INFO c.h.h.t.HelmChartContainer - [hivemq-test-hivemq-platform] [hivemq-platform-operator] [e4c1e683] 13:21:57.958 [main] INFO  c.h.p.o.HiveMQPlatformOperatorApplication - HiveMQ Platform Operator Init App update URL: http://hivemq-platform-operator-test-hivemq-platform-operator.helmplatformtlsit-operator.svc:8080/initAppUpdate/hivemq-platform-operator-init-app-1.7.0-SNAPSHOT.jar
2025-01-29 13:21:57,960 INFO c.h.h.t.HelmChartContainer - [hivemq-test-hivemq-platform] [hivemq-platform-operator] [e4c1e683] 13:21:57.958 [main] INFO  c.h.p.o.HiveMQPlatformOperatorApplication - Additional imagePullSecret for all Platform deployments: none
2025-01-29 13:21:57,960 INFO c.h.h.t.HelmChartContainer - [hivemq-test-hivemq-platform] [hivemq-platform-operator] [e4c1e683] 13:21:57.958 [main] INFO  c.h.p.o.HiveMQPlatformOperatorApplication - Apply HiveMQ Platform CRD: true
2025-01-29 13:21:57,960 INFO c.h.h.t.HelmChartContainer - [hivemq-test-hivemq-platform] [hivemq-platform-operator] [e4c1e683] 13:21:57.958 [main] INFO  c.h.p.o.HiveMQPlatformOperatorApplication - Create Platform ServiceAccount: true
2025-01-29 13:21:57,963 INFO c.h.h.t.HelmChartContainer - [hivemq-test-hivemq-platform] [hivemq-platform-operator] [e4c1e683] 13:21:57.958 [main] INFO  c.h.p.o.HiveMQPlatformOperatorApplication - Create Platform ServiceAccount permissions: true
2025-01-29 13:21:57,964 INFO c.h.h.t.HelmChartContainer - [hivemq-test-hivemq-platform] [hivemq-platform-operator] [e4c1e683] 13:21:57.962 [main] INFO  c.h.p.o.HiveMQPlatformOperatorApplication - Validate Platform ServiceAccount: true
2025-01-29 13:21:57,964 INFO c.h.h.t.HelmChartContainer - [hivemq-test-hivemq-platform] [hivemq-platform-operator] [e4c1e683] 13:21:57.962 [main] INFO  c.h.p.o.HiveMQPlatformOperatorApplication - Validate Platform ServiceAccount permissions: true
2025-01-29 13:21:58,084 INFO c.h.h.t.HelmChartContainer - [hivemq-test-hivemq-platform] [hivemq-platform-operator] [e4c1e683] 13:21:58.083 [main] INFO  c.h.platform.operator.util.CRDUtil - Verifying deployed HiveMQ Platform CRD...
2025-01-29 13:22:00,475 INFO c.h.h.t.HelmChartContainer - [hivemq-test-hivemq-platform] [hivemq-platform-operator] [e4c1e683] 13:22:00.473 [main] DEBUG c.h.platform.operator.util.CRDUtil - HiveMQ Platform CRD version v1 is up to date
2025-01-29 13:22:00,476 INFO c.h.h.t.HelmChartContainer - [hivemq-test-hivemq-platform] [hivemq-platform-operator] [e4c1e683] 13:22:00.474 [main] INFO  c.h.platform.operator.util.CRDUtil - HiveMQ Platform CRD is up to date (version: V1_6_0)
2025-01-29 13:22:00,476 INFO c.h.h.t.HelmChartContainer - [hivemq-test-hivemq-platform] [hivemq-platform-operator] [e4c1e683] 13:22:00.474 [main] INFO  c.h.platform.operator.util.CRDUtil - Waiting 10000 ms for HiveMQ Platform CRD 'hivemq-platforms.hivemq.com' to become ready...
2025-01-29 13:22:00,782 INFO c.h.h.t.HelmChartContainer - [hivemq-test-hivemq-platform] [hivemq-platform-operator] [e4c1e683] 13:22:00.780 [vert.x-eventloop-thread-1] DEBUG c.h.platform.operator.util.CRDUtil - Checking CRD condition 'NamesAccepted' (status: 'True')
2025-01-29 13:22:00,782 INFO c.h.h.t.HelmChartContainer - [hivemq-test-hivemq-platform] [hivemq-platform-operator] [e4c1e683] 13:22:00.781 [vert.x-eventloop-thread-1] DEBUG c.h.platform.operator.util.CRDUtil - Checking CRD condition 'Established' (status: 'True')
2025-01-29 13:22:00,782 INFO c.h.h.t.HelmChartContainer - [hivemq-test-hivemq-platform] [hivemq-platform-operator] [e4c1e683] 13:22:00.781 [main] INFO  c.h.platform.operator.util.CRDUtil - HiveMQ Platform CRD 'hivemq-platforms.hivemq.com' is ready
2025-01-29 13:22:01,064 INFO c.h.h.t.HelmChartContainer - [hivemq-test-hivemq-platform] [hivemq-platform-operator] [e4c1e683] 13:22:01.063 [main] INFO  c.h.p.o.HiveMQPlatformReconciler - HiveMQ Platform Operator is starting...
2025-01-29 13:22:01,089 INFO c.h.h.t.HelmChartContainer - [hivemq-test-hivemq-platform] [hivemq-platform-operator] [e4c1e683] 13:22:01.088 [main] WARN  Default ConfigurationService implementation - Configuration for reconciler 'hivemq-controller' was not found. Known reconcilers: None.
2025-01-29 13:22:01,170 INFO c.h.h.t.HelmChartContainer - [hivemq-test-hivemq-platform] [hivemq-platform-operator] [e4c1e683] 13:22:01.168 [main] INFO  Default ConfigurationService implementation - Created configuration for reconciler com.hivemq.platform.operator.HiveMQPlatformReconciler with name hivemq-controller
2025-01-29 13:22:01,272 INFO c.h.h.t.HelmChartContainer - [hivemq-test-hivemq-platform] [hivemq-platform-operator] [e4c1e683] 13:22:01.271 [main] DEBUG c.h.p.o.HiveMQPlatformReconciler - HiveMQ Platform Operator is preparing EventSources
2025-01-29 13:22:01,285 INFO c.h.h.t.HelmChartContainer - [hivemq-test-hivemq-platform] [hivemq-platform-operator] [e4c1e683] 13:22:01.283 [main] INFO  i.javaoperatorsdk.operator.Operator - Registered reconciler: 'hivemq-controller' for resource: 'class com.hivemq.platform.operator.v1.HiveMQPlatform' for namespace(s): [all namespaces]
2025-01-29 13:22:01,974 INFO c.h.h.t.HelmChartContainer - [hivemq-test-hivemq-platform] [hivemq-platform-operator] [e4c1e683] 13:22:01.972 [main] INFO  c.h.p.operator.webserver.JettyServer - Starting Jetty server on port 8080
2025-01-29 13:22:02,071 INFO c.h.h.t.HelmChartContainer - [hivemq-test-hivemq-platform] [hivemq-platform-operator] [e4c1e683] 13:22:02.070 [main] INFO  i.javaoperatorsdk.operator.Operator - Operator SDK 4.9.7 (commit: 2133d28) built on Wed Nov 20 12:56:20 UTC 2024 starting...
2025-01-29 13:22:02,072 INFO c.h.h.t.HelmChartContainer - [hivemq-test-hivemq-platform] [hivemq-platform-operator] [e4c1e683] 13:22:02.071 [main] INFO  i.javaoperatorsdk.operator.Operator - Client version: 6.13.4
2025-01-29 13:22:02,073 INFO c.h.h.t.HelmChartContainer - [hivemq-test-hivemq-platform] [hivemq-platform-operator] [e4c1e683] 13:22:02.072 [Controller Starter for: hivemq-controller] INFO  i.j.operator.processing.Controller - Starting 'hivemq-controller' controller for reconciler: com.hivemq.platform.operator.HiveMQPlatformReconciler, resource: com.hivemq.platform.operator.v1.HiveMQPlatform
2025-01-29 13:22:04,665 INFO c.h.h.t.HelmChartContainer - [hivemq-test-hivemq-platform] [hivemq-platform-operator] [e4c1e683] 13:22:04.664 [Controller Starter for: hivemq-controller] INFO  i.j.operator.processing.Controller - 'hivemq-controller' controller started
2025-01-29 13:22:04,666 INFO c.h.h.t.HelmChartContainer - [hivemq-test-hivemq-platform] [hivemq-platform-operator] [e4c1e683] 13:22:04.664 [main] INFO  c.h.p.o.HiveMQPlatformOperatorApplication - HiveMQ Platform Operator 1.7.0-SNAPSHOT started in 6786 ms
2025-01-29 13:22:05,772 INFO c.h.h.t.HelmChartContainer - [POD] hivemq-test-hivemq-platform-operator-6966f96d65-m9bb5 [e4c1e683-9f5c-4c29-a795-a7de8be434c4] in helmplatformtlsit-operator was MODIFIED
2025-01-29 13:22:05,778 INFO c.h.h.t.HelmChartContainer - [K3S] [replica_set.go:679] "Finished syncing" kind="ReplicaSet" key="helmplatformtlsit-operator/hivemq-test-hivemq-platform-operator-6966f96d65" duration="10.988361ms"
2025-01-29 13:22:05,778 INFO c.h.h.t.HelmChartContainer - [K3S] [replica_set.go:679] "Finished syncing" kind="ReplicaSet" key="helmplatformtlsit-operator/hivemq-test-hivemq-platform-operator-6966f96d65" duration="40.887µs"
2025-01-29 13:22:06,689 DEBUG c.h.helmcharts.util.CertificatesUtil - .+.+......+......+++++++++++++++++++++++++++++++++++++++++++++++++++++++++++++++++*..+.+.........+...+...+......+......+.....+....+...+..+.+.....+++++++++++++++++++++++++++++++++++++++++++++++++++++++++++++++++*............+...+......+.+......+.....+..........+........+............+....+...............+...+.....+.......+...+...+..+.+............+.....+...+.+......+.....+....+.........+..+...+....+.....+.+......+.........+..+..........+.....+....+......+..+......+.+...........+....+......+..+...+...+.+...+++++++++++++++++++++++++++++++++++++++++++++++++++++++++++++++++
2025-01-29 13:22:06,723 DEBUG c.h.helmcharts.util.CertificatesUtil - .+.........+....+.........+..+.+...........................+........+...+....+..+...+.+.....+.+......+..+...+..........+++++++++++++++++++++++++++++++++++++++++++++++++++++++++++++++++*...+++++++++++++++++++++++++++++++++++++++++++++++++++++++++++++++++*....+.......+..+.+..+.......+..+.........+....+..+++++++++++++++++++++++++++++++++++++++++++++++++++++++++++++++++
2025-01-29 13:22:06,727 DEBUG c.h.helmcharts.util.CertificatesUtil - -----
2025-01-29 13:22:06,752 DEBUG c.h.helmcharts.util.CertificatesUtil - Certificate request self-signature ok
2025-01-29 13:22:06,752 DEBUG c.h.helmcharts.util.CertificatesUtil - subject=C = CA, CN = secure-service-platform.default.svc
2025-01-29 13:22:06,757 DEBUG c.h.helmcharts.util.CertificatesUtil - >> Generating keystore and truststore files
2025-01-29 13:22:06,886 DEBUG c.h.helmcharts.util.CertificatesUtil - Importing keystore key.pkcs12 to keystore.jks...
2025-01-29 13:22:07,012 DEBUG c.h.helmcharts.util.CertificatesUtil - Entry for alias 1 successfully imported.
2025-01-29 13:22:07,018 DEBUG c.h.helmcharts.util.CertificatesUtil - Import command completed:  1 entries successfully imported, 0 entries failed or cancelled
2025-01-29 13:22:07,024 DEBUG c.h.helmcharts.util.CertificatesUtil - 
2025-01-29 13:22:07,025 DEBUG c.h.helmcharts.util.CertificatesUtil - Warning:
2025-01-29 13:22:07,025 DEBUG c.h.helmcharts.util.CertificatesUtil - The JKS keystore uses a proprietary format. It is recommended to migrate to PKCS12 which is an industry standard format using "keytool -importkeystore -srckeystore keystore.jks -destkeystore keystore.jks -deststoretype pkcs12".
2025-01-29 13:22:07,282 DEBUG c.h.helmcharts.util.CertificatesUtil - Certificate stored in file <secure-service-platform.pem>
2025-01-29 13:22:07,450 DEBUG c.h.helmcharts.util.CertificatesUtil - Certificate was added to keystore
2025-01-29 13:22:07,888 DEBUG c.h.helmcharts.util.CertificatesUtil - Certificate was added to keystore
2025-01-29 13:22:08,162 DEBUG c.h.helmcharts.util.CertificatesUtil - >> Create client certificates
2025-01-29 13:22:08,354 DEBUG c.h.helmcharts.util.CertificatesUtil - .....+.+..+......+....+..+....+++++++++++++++++++++++++++++++++++++++++++++++++++++++++++++++++*..+.+..+...+....+.....+....+..+++++++++++++++++++++++++++++++++++++++++++++++++++++++++++++++++*............+..+...+...+.+.........+.....+.........+.+....................+.......+...+............+...+......+...+..+......+..........+...+..+....+.....+...+......+.+........+.+..............+...+...+....+........+.......+.....+..........+.....+...+.............+..+....+.........+...........+.+....................+.............+..+.........+..........+...+........+...+....+.....+......+....+...+..+...............+.+..+...+......+...+......+....+...+........+......+.+.....+.......+......+......+......+.....+...+.+........+.+...........+.+............+.....+.......+...+...+.....+...+................+...........+...+.+........+.+..+..........+...+...........+.+..+...+.........+.+..............+......+...+.......+..+.+...............+.....+............+.........+.+..+.......+...............+..............+.+++++++++++++++++++++++++++++++++++++++++++++++++++++++++++++++++
2025-01-29 13:22:08,421 DEBUG c.h.helmcharts.util.CertificatesUtil - ..........+..........+...+..+..........+..+.+...+.................+...+......+...+......+.+.....+.+...+...........+...+.+......+..............+++++++++++++++++++++++++++++++++++++++++++++++++++++++++++++++++*...+.......+..+....+++++++++++++++++++++++++++++++++++++++++++++++++++++++++++++++++*........+.+..+....+.....+....+......+......+...+.........+..+...............+....+..+...............+.......+.....+.+.........+.....+.............+.........+......+..+...+...+....+...........+.+......+.....+++++++++++++++++++++++++++++++++++++++++++++++++++++++++++++++++
2025-01-29 13:22:08,424 DEBUG c.h.helmcharts.util.CertificatesUtil - -----
2025-01-29 13:22:08,451 DEBUG c.h.helmcharts.util.CertificatesUtil - >> Import the certificates
2025-01-29 13:22:08,772 DEBUG c.h.helmcharts.util.CertificatesUtil - Certificate was added to keystore
2025-01-29 13:22:08,915 DEBUG c.h.h.t.HelmChartContainer - Executing helm command: /bin/helm --kubeconfig /etc/rancher/k3s/k3s.yaml install test-hivemq-platform /charts/hivemq-platform --wait --timeout 5m0s --set image.repository=docker.io/hivemq --set image.tag=4.36.0 --set image.pullPolicy=Never --set nodes.resources.cpu=512m -f /files/tls-mqtt-with-private-key-values.yaml --namespace helmplatformtlsit
2025-01-29 13:22:09,167 INFO c.h.h.t.HelmChartContainer - [hivemq-test-hivemq-platform] [hivemq-platform-operator] [e4c1e683] 13:22:09.165 [-373097727-pool-1-thread-2] WARN  i.m.p.PrometheusMeterRegistry - The meter (MeterId{name='operator.sdk.events.received', tags=[tag(action=ADDED),tag(event=ResourceEvent),tag(group=hivemq.com),tag(kind=HiveMQPlatform),tag(name=test-hivemq-platform),tag(namespace=helmplatformtlsit),tag(scope=namespace),tag(version=v1)]}) registration has failed: Prometheus requires that all meters with the same name have the same set of tag keys. There is already an existing meter named 'operator.sdk.events.received' containing tag keys [event, group, kind, name, namespace, scope, version]. The meter you are attempting to register has keys [action, event, group, kind, name, namespace, scope, version]. Note that subsequent logs will be logged at debug level.
2025-01-29 13:22:09,673 INFO c.h.h.t.HelmChartContainer - [hivemq-test-hivemq-platform] [hivemq-platform-operator] [e4c1e683] 13:22:09.670 [pool-6-thread-3] DEBUG c.h.p.o.dependants.PodInfoConfigMap - [helmplat] Desired PodInfo ConfigMap (1 extensions) (1 enabled)
2025-01-29 13:22:09,673 INFO c.h.h.t.HelmChartContainer - [hivemq-test-hivemq-platform] [hivemq-platform-operator] [e4c1e683] 13:22:09.671 [pool-6-thread-3] DEBUG c.h.p.o.dependants.PodInfoConfigMap - [helmplat] Desired PodInfo ConfigMap (metrics port: 9399) (metrics path: /)
2025-01-29 13:22:09,673 INFO c.h.h.t.HelmChartContainer - [hivemq-test-hivemq-platform] [hivemq-platform-operator] [e4c1e683] 13:22:09.671 [pool-6-thread-3] DEBUG c.h.p.o.dependants.PodInfoConfigMap - [helmplat] Desired PodInfo ConfigMap (extension state hash: -1817474005)
2025-01-29 13:22:09,675 INFO c.h.h.t.HelmChartContainer - [hivemq-test-hivemq-platform] [hivemq-platform-operator] [e4c1e683] 13:22:09.673 [pool-6-thread-3] DEBUG c.h.p.o.dependants.PodInfoConfigMap - [helmplat] Create PodInfo ConfigMap
2025-01-29 13:22:09,775 INFO c.h.h.t.HelmChartContainer - [hivemq-test-hivemq-platform] [hivemq-platform-operator] [e4c1e683] 13:22:09.770 [pool-6-thread-5] DEBUG c.h.p.o.dependants.PodRoleResource - [helmplat] Create Role: Role(apiVersion=rbac.authorization.k8s.io/v1, kind=Role, metadata=ObjectMeta(annotations={meta.helm.sh/release-name=test-hivemq-platform, meta.helm.sh/release-namespace=helmplatformtlsit}, creationTimestamp=null, deletionGracePeriodSeconds=null, deletionTimestamp=null, finalizers=[], generateName=null, generation=null, labels={helm.sh/chart=hivemq-platform-0.2.32, app.kubernetes.io/managed-by=Helm, app.kubernetes.io/name=hivemq-platform, hivemq-platform=test-hivemq-platform, app.kubernetes.io/instance=test-hivemq-platform, app.kubernetes.io/version=4.36.0}, managedFields=[], name=hivemq-platform-role-test-hivemq-platform, namespace=helmplatformtlsit, ownerReferences=[OwnerReference(apiVersion=hivemq.com/v1, blockOwnerDeletion=null, controller=null, kind=HiveMQPlatform, name=test-hivemq-platform, uid=e003f267-f3ed-4239-a73c-43ac771f39b5, additionalProperties={})], resourceVersion=null, selfLink=null, uid=null, additionalProperties={}), rules=[PolicyRule(apiGroups=[], nonResourceURLs=[], resourceNames=[], resources=[pods], verbs=[get, patch, update], additionalProperties={})], additionalProperties={})
2025-01-29 13:22:09,969 INFO c.h.h.t.HelmChartContainer - [hivemq-test-hivemq-platform] [hivemq-platform-operator] [e4c1e683] 13:22:09.967 [pool-6-thread-7] DEBUG c.h.p.o.d.PodServiceAccountResource - [helmplat] Desired PodServiceAccountResource (serviceAccountName: hivemq-platform-pod-test-hivemq-platform)
2025-01-29 13:22:09,971 INFO c.h.h.t.HelmChartContainer - [hivemq-test-hivemq-platform] [hivemq-platform-operator] [e4c1e683] 13:22:09.968 [pool-6-thread-7] DEBUG c.h.p.o.d.PodServiceAccountResource - [helmplat] Create ServiceAccount 'hivemq-platform-pod-test-hivemq-platform'
2025-01-29 13:22:10,073 INFO c.h.h.t.HelmChartContainer - [hivemq-test-hivemq-platform] [hivemq-platform-operator] [e4c1e683] 13:22:10.072 [pool-6-thread-9] DEBUG c.h.p.o.d.PodRoleBindingResource - [helmplat] Create RoleBinding: RoleBinding(apiVersion=rbac.authorization.k8s.io/v1, kind=RoleBinding, metadata=ObjectMeta(annotations={meta.helm.sh/release-name=test-hivemq-platform, meta.helm.sh/release-namespace=helmplatformtlsit}, creationTimestamp=null, deletionGracePeriodSeconds=null, deletionTimestamp=null, finalizers=[], generateName=null, generation=null, labels={helm.sh/chart=hivemq-platform-0.2.32, app.kubernetes.io/managed-by=Helm, app.kubernetes.io/name=hivemq-platform, hivemq-platform=test-hivemq-platform, app.kubernetes.io/instance=test-hivemq-platform, app.kubernetes.io/version=4.36.0}, managedFields=[], name=hivemq-platform-role-binding-test-hivemq-platform, namespace=helmplatformtlsit, ownerReferences=[OwnerReference(apiVersion=hivemq.com/v1, blockOwnerDeletion=null, controller=null, kind=HiveMQPlatform, name=test-hivemq-platform, uid=e003f267-f3ed-4239-a73c-43ac771f39b5, additionalProperties={})], resourceVersion=null, selfLink=null, uid=null, additionalProperties={}), roleRef=RoleRef(apiGroup=rbac.authorization.k8s.io, kind=Role, name=hivemq-platform-role-test-hivemq-platform, additionalProperties={}), subjects=[Subject(apiGroup=null, kind=ServiceAccount, name=hivemq-platform-pod-test-hivemq-platform, namespace=helmplatformtlsit, additionalProperties={})], additionalProperties={})
2025-01-29 13:22:10,165 INFO c.h.h.t.HelmChartContainer - [hivemq-test-hivemq-platform] [hivemq-platform-operator] [e4c1e683] 13:22:10.164 [ReconcilerExecutor-hivemq-controller-55] INFO  c.h.p.o.HiveMQPlatformReconciler - [helmplat] Reconciling HiveMQ Platform 'test-hivemq-platform' in namespace 'helmplatformtlsit'
2025-01-29 13:22:10,166 INFO c.h.h.t.HelmChartContainer - [hivemq-test-hivemq-platform] [hivemq-platform-operator] [e4c1e683] 13:22:10.164 [ReconcilerExecutor-hivemq-controller-55] DEBUG c.h.p.o.HiveMQPlatformReconciler - [helmplat] Custom Resource Status CREATED - HiveMQ Platform was created (READY)
2025-01-29 13:22:10,166 INFO c.h.h.t.HelmChartContainer - [hivemq-test-hivemq-platform] [hivemq-platform-operator] [e4c1e683] 13:22:10.165 [ReconcilerExecutor-hivemq-controller-55] DEBUG c.h.p.o.HiveMQPlatformReconciler - [helmplat] Custom Resource Spec (replicas: 1) (extensions: 1)
2025-01-29 13:22:10,172 INFO c.h.h.t.HelmChartContainer - [hivemq-test-hivemq-platform] [hivemq-platform-operator] [e4c1e683] 13:22:10.170 [ReconcilerExecutor-hivemq-controller-55] INFO  c.h.p.o.h.HiveMQPlatformReconcilerBaseHandler - [helmplat] HiveMQ Platform is starting
2025-01-29 13:22:10,277 INFO c.h.h.t.HelmChartContainer - [hivemq-test-hivemq-platform] [hivemq-platform-operator] [e4c1e683] 13:22:10.275 [ReconcilerExecutor-hivemq-controller-55] DEBUG c.h.p.operator.event.EventSender - [helmplat] Creating K8s event hivemq-platform-starting: [Start] HiveMQ Platform is starting
2025-01-29 13:22:10,367 INFO c.h.h.t.HelmChartContainer - [EVENT] Normal [Start] HiveMQ Platform is starting [helmplatformtlsit:test-hivemq-platform]
2025-01-29 13:22:10,372 INFO c.h.h.t.HelmChartContainer - [hivemq-test-hivemq-platform] [hivemq-platform-operator] [e4c1e683] 13:22:10.371 [ReconcilerExecutor-hivemq-controller-55] INFO  c.h.p.o.h.AbstractHiveMQReconcilerStateHandler - [helmplat] Update HiveMQ Platform Status (CREATED [READY] -> STARTING [READY]): HiveMQ Platform is starting
2025-01-29 13:22:10,384 DEBUG com.hivemq.helmcharts.util.K8sUtil - Comparing actual state 'STARTING' and waiting for 'RUNNING'
2025-01-29 13:22:20,478 INFO c.h.h.t.HelmChartContainer - [hivemq-test-hivemq-platform] [hivemq-platform-operator] [e4c1e683] 13:22:20.475 [pool-6-thread-12] DEBUG c.h.p.o.d.PlatformServiceResource - [helmplat] Desired Platform services (4 services)
2025-01-29 13:22:20,480 INFO c.h.h.t.HelmChartContainer - [hivemq-test-hivemq-platform] [hivemq-platform-operator] [e4c1e683] 13:22:20.477 [pool-6-thread-13] DEBUG c.h.p.o.dependants.PodInfoConfigMap - [helmplat] Desired PodInfo ConfigMap (1 extensions) (1 enabled)
2025-01-29 13:22:20,481 INFO c.h.h.t.HelmChartContainer - [hivemq-test-hivemq-platform] [hivemq-platform-operator] [e4c1e683] 13:22:20.477 [pool-6-thread-13] DEBUG c.h.p.o.dependants.PodInfoConfigMap - [helmplat] Desired PodInfo ConfigMap (metrics port: 9399) (metrics path: /)
2025-01-29 13:22:20,481 INFO c.h.h.t.HelmChartContainer - [hivemq-test-hivemq-platform] [hivemq-platform-operator] [e4c1e683] 13:22:20.477 [pool-6-thread-13] DEBUG c.h.p.o.dependants.PodInfoConfigMap - [helmplat] Desired PodInfo ConfigMap (extension state hash: -1817474005)
2025-01-29 13:22:20,483 INFO c.h.h.t.HelmChartContainer - [hivemq-test-hivemq-platform] [hivemq-platform-operator] [e4c1e683] 13:22:20.482 [pool-6-thread-17] DEBUG c.h.p.o.d.PodServiceAccountResource - [helmplat] Desired PodServiceAccountResource (serviceAccountName: hivemq-platform-pod-test-hivemq-platform)
2025-01-29 13:22:20,566 INFO c.h.h.t.HelmChartContainer - [hivemq-test-hivemq-platform] [hivemq-platform-operator] [e4c1e683] 13:22:20.564 [pool-6-thread-13] DEBUG c.h.p.o.dependants.PodInfoConfigMap - [helmplat] Update PodInfo ConfigMap
2025-01-29 13:22:20,580 INFO c.h.h.t.HelmChartContainer - [K3S] [alloc.go:330] "allocated clusterIPs" service="helmplatformtlsit/hivemq-test-hivemq-platform-mqtt-1886" clusterIPs={"IPv4":"10.43.52.117"}
2025-01-29 13:22:20,675 INFO c.h.h.t.HelmChartContainer - [K3S] [alloc.go:330] "allocated clusterIPs" service="helmplatformtlsit/hivemq-test-hivemq-platform-mqtt-1885" clusterIPs={"IPv4":"10.43.197.79"}
2025-01-29 13:22:20,768 INFO c.h.h.t.HelmChartContainer - [K3S] [alloc.go:330] "allocated clusterIPs" service="helmplatformtlsit/hivemq-test-hivemq-platform-mqtt-1884" clusterIPs={"IPv4":"10.43.78.93"}
2025-01-29 13:22:20,780 INFO c.h.h.t.HelmChartContainer - [K3S] [alloc.go:330] "allocated clusterIPs" service="helmplatformtlsit/hivemq-test-hivemq-platform-metrics-9399" clusterIPs={"IPv4":"10.43.60.218"}
2025-01-29 13:22:20,790 INFO c.h.h.t.HelmChartContainer - [hivemq-test-hivemq-platform] [hivemq-platform-operator] [e4c1e683] 13:22:20.788 [pool-6-thread-20] DEBUG c.h.p.o.d.StatefulSetResource - [helmplat] Desired StatefulSet (1 replicas) for status STARTING (READY)
2025-01-29 13:22:20,876 INFO c.h.h.t.HelmChartContainer - [hivemq-test-hivemq-platform] [hivemq-platform-operator] [e4c1e683] 13:22:20.874 [pool-6-thread-20] DEBUG c.h.p.o.d.StatefulSetResource - [helmplat] Create StatefulSet
2025-01-29 13:22:20,900 INFO c.h.h.t.HelmChartContainer - [POD] test-hivemq-platform-0 [8dca6fed-4fe3-4988-9307-694277d716ea] in helmplatformtlsit was ADDED
2025-01-29 13:22:20,901 INFO c.h.h.t.HelmChartContainer - [EVENT] Normal [SuccessfulCreate] create Pod test-hivemq-platform-0 in StatefulSet test-hivemq-platform successful [helmplatformtlsit:test-hivemq-platform]
2025-01-29 13:22:20,906 INFO c.h.h.t.HelmChartContainer - [POD] test-hivemq-platform-0 [8dca6fed-4fe3-4988-9307-694277d716ea] in helmplatformtlsit was MODIFIED
2025-01-29 13:22:20,906 INFO c.h.h.t.HelmChartContainer - [EVENT] Normal [Scheduled] Successfully assigned helmplatformtlsit/test-hivemq-platform-0 to bd3ce72ce098 [helmplatformtlsit:test-hivemq-platform-0]
2025-01-29 13:22:20,918 INFO c.h.h.t.HelmChartContainer - [POD] test-hivemq-platform-0 [8dca6fed-4fe3-4988-9307-694277d716ea] in helmplatformtlsit was MODIFIED
2025-01-29 13:22:20,969 INFO c.h.h.t.HelmChartContainer - [hivemq-test-hivemq-platform] [hivemq-platform-operator] [e4c1e683] 13:22:20.966 [ReconcilerExecutor-hivemq-controller-66] INFO  c.h.p.o.HiveMQPlatformReconciler - [helmplat] Reconciling HiveMQ Platform 'test-hivemq-platform' in namespace 'helmplatformtlsit'
2025-01-29 13:22:20,969 INFO c.h.h.t.HelmChartContainer - [hivemq-test-hivemq-platform] [hivemq-platform-operator] [e4c1e683] 13:22:20.966 [ReconcilerExecutor-hivemq-controller-66] DEBUG c.h.p.o.HiveMQPlatformReconciler - [helmplat] Custom Resource Status STARTING - HiveMQ Platform is starting (READY)
2025-01-29 13:22:20,970 INFO c.h.h.t.HelmChartContainer - [hivemq-test-hivemq-platform] [hivemq-platform-operator] [e4c1e683] 13:22:20.966 [ReconcilerExecutor-hivemq-controller-66] DEBUG c.h.p.o.HiveMQPlatformReconciler - [helmplat] Custom Resource Spec (replicas: 1) (extensions: 1)
2025-01-29 13:22:20,971 INFO c.h.h.t.HelmChartContainer - [hivemq-test-hivemq-platform] [hivemq-platform-operator] [e4c1e683] 13:22:20.969 [ReconcilerExecutor-hivemq-controller-66] DEBUG c.h.p.o.HiveMQPlatformReconciler - [helmplat] StatefulSet Status (revision: null, replicas: 0, available: 0, ready: 0, current: 0, updated: 0)
2025-01-29 13:22:20,972 INFO c.h.h.t.HelmChartContainer - [hivemq-test-hivemq-platform] [hivemq-platform-operator] [e4c1e683] 13:22:20.970 [ReconcilerExecutor-hivemq-controller-66] DEBUG c.h.p.o.HiveMQPlatformReconciler - [helmplat] StatefulSet Spec (replicas: 1, init containers: 1, containers: 1, volumes: 5)
2025-01-29 13:22:20,977 INFO c.h.h.t.HelmChartContainer - [hivemq-test-hivemq-platform] [hivemq-platform-operator] [e4c1e683] 13:22:20.976 [ReconcilerExecutor-hivemq-controller-66] INFO  c.h.p.o.h.HiveMQPlatformReconcilerBaseHandler - [helmplat] HiveMQ Platform is starting, 0 of 1 replicas are ready
2025-01-29 13:22:20,997 INFO c.h.h.t.HelmChartContainer - [K3S] [reconciler_common.go:251] "operationExecutor.VerifyControllerAttachedVolume started for volume \"mqtt-keystore-1884\" (UniqueName: \"kubernetes.io/secret/8dca6fed-4fe3-4988-9307-694277d716ea-mqtt-keystore-1884\") pod \"test-hivemq-platform-0\" (UID: \"8dca6fed-4fe3-4988-9307-694277d716ea\") " pod="helmplatformtlsit/test-hivemq-platform-0"
2025-01-29 13:22:20,997 INFO c.h.h.t.HelmChartContainer - [K3S] [reconciler_common.go:251] "operationExecutor.VerifyControllerAttachedVolume started for volume \"broker-configuration\" (UniqueName: \"kubernetes.io/configmap/8dca6fed-4fe3-4988-9307-694277d716ea-broker-configuration\") pod \"test-hivemq-platform-0\" (UID: \"8dca6fed-4fe3-4988-9307-694277d716ea\") " pod="helmplatformtlsit/test-hivemq-platform-0"
2025-01-29 13:22:20,997 INFO c.h.h.t.HelmChartContainer - [K3S] [reconciler_common.go:251] "operationExecutor.VerifyControllerAttachedVolume started for volume \"operator-init\" (UniqueName: \"kubernetes.io/empty-dir/8dca6fed-4fe3-4988-9307-694277d716ea-operator-init\") pod \"test-hivemq-platform-0\" (UID: \"8dca6fed-4fe3-4988-9307-694277d716ea\") " pod="helmplatformtlsit/test-hivemq-platform-0"
2025-01-29 13:22:20,997 INFO c.h.h.t.HelmChartContainer - [K3S] [reconciler_common.go:251] "operationExecutor.VerifyControllerAttachedVolume started for volume \"kube-api-access-xxfq4\" (UniqueName: \"kubernetes.io/projected/8dca6fed-4fe3-4988-9307-694277d716ea-kube-api-access-xxfq4\") pod \"test-hivemq-platform-0\" (UID: \"8dca6fed-4fe3-4988-9307-694277d716ea\") " pod="helmplatformtlsit/test-hivemq-platform-0"
2025-01-29 13:22:20,997 INFO c.h.h.t.HelmChartContainer - [K3S] [reconciler_common.go:251] "operationExecutor.VerifyControllerAttachedVolume started for volume \"mqtt-keystore-1885\" (UniqueName: \"kubernetes.io/secret/8dca6fed-4fe3-4988-9307-694277d716ea-mqtt-keystore-1885\") pod \"test-hivemq-platform-0\" (UID: \"8dca6fed-4fe3-4988-9307-694277d716ea\") " pod="helmplatformtlsit/test-hivemq-platform-0"
2025-01-29 13:22:20,997 INFO c.h.h.t.HelmChartContainer - [K3S] [reconciler_common.go:251] "operationExecutor.VerifyControllerAttachedVolume started for volume \"pod-info\" (UniqueName: \"kubernetes.io/configmap/8dca6fed-4fe3-4988-9307-694277d716ea-pod-info\") pod \"test-hivemq-platform-0\" (UID: \"8dca6fed-4fe3-4988-9307-694277d716ea\") " pod="helmplatformtlsit/test-hivemq-platform-0"
2025-01-29 13:22:21,068 INFO c.h.h.t.HelmChartContainer - [hivemq-test-hivemq-platform] [hivemq-platform-operator] [e4c1e683] 13:22:21.067 [pool-6-thread-22] DEBUG c.h.p.o.d.PlatformServiceResource - [helmplat] Desired Platform services (4 services)
2025-01-29 13:22:21,070 INFO c.h.h.t.HelmChartContainer - [hivemq-test-hivemq-platform] [hivemq-platform-operator] [e4c1e683] 13:22:21.069 [pool-6-thread-23] DEBUG c.h.p.o.dependants.PodInfoConfigMap - [helmplat] Desired PodInfo ConfigMap (1 extensions) (1 enabled)
2025-01-29 13:22:21,072 INFO c.h.h.t.HelmChartContainer - [hivemq-test-hivemq-platform] [hivemq-platform-operator] [e4c1e683] 13:22:21.070 [pool-6-thread-23] DEBUG c.h.p.o.dependants.PodInfoConfigMap - [helmplat] Desired PodInfo ConfigMap (metrics port: 9399) (metrics path: /)
2025-01-29 13:22:21,072 INFO c.h.h.t.HelmChartContainer - [hivemq-test-hivemq-platform] [hivemq-platform-operator] [e4c1e683] 13:22:21.070 [pool-6-thread-23] DEBUG c.h.p.o.dependants.PodInfoConfigMap - [helmplat] Desired PodInfo ConfigMap (extension state hash: -1817474005)
2025-01-29 13:22:21,075 INFO c.h.h.t.HelmChartContainer - [hivemq-test-hivemq-platform] [hivemq-platform-operator] [e4c1e683] 13:22:21.074 [pool-6-thread-27] DEBUG c.h.p.o.d.PodServiceAccountResource - [helmplat] Desired PodServiceAccountResource (serviceAccountName: hivemq-platform-pod-test-hivemq-platform)
2025-01-29 13:22:21,264 INFO c.h.h.t.HelmChartContainer - [hivemq-test-hivemq-platform] [hivemq-platform-operator] [e4c1e683] 13:22:21.262 [pool-6-thread-30] DEBUG c.h.p.o.d.StatefulSetResource - [helmplat] Desired StatefulSet (1 replicas) for status STARTING (READY)
2025-01-29 13:22:21,273 INFO c.h.h.t.HelmChartContainer - [hivemq-test-hivemq-platform] [hivemq-platform-operator] [e4c1e683] 13:22:21.271 [ReconcilerExecutor-hivemq-controller-77] INFO  c.h.p.o.HiveMQPlatformReconciler - [helmplat] Reconciling HiveMQ Platform 'test-hivemq-platform' in namespace 'helmplatformtlsit'
2025-01-29 13:22:21,276 INFO c.h.h.t.HelmChartContainer - [hivemq-test-hivemq-platform] [hivemq-platform-operator] [e4c1e683] 13:22:21.272 [ReconcilerExecutor-hivemq-controller-77] DEBUG c.h.p.o.HiveMQPlatformReconciler - [helmplat] Custom Resource Status STARTING - HiveMQ Platform is starting (READY)
2025-01-29 13:22:21,276 INFO c.h.h.t.HelmChartContainer - [hivemq-test-hivemq-platform] [hivemq-platform-operator] [e4c1e683] 13:22:21.272 [ReconcilerExecutor-hivemq-controller-77] DEBUG c.h.p.o.HiveMQPlatformReconciler - [helmplat] Custom Resource Spec (replicas: 1) (extensions: 1)
2025-01-29 13:22:21,278 INFO c.h.h.t.HelmChartContainer - [hivemq-test-hivemq-platform] [hivemq-platform-operator] [e4c1e683] 13:22:21.277 [ReconcilerExecutor-hivemq-controller-77] DEBUG c.h.p.o.HiveMQPlatformReconciler - [helmplat] StatefulSet Status (revision: test-hivemq-platform-589fddf9f4, replicas: 1, available: 0, ready: 0, current: 1, updated: 1)
2025-01-29 13:22:21,281 INFO c.h.h.t.HelmChartContainer - [hivemq-test-hivemq-platform] [hivemq-platform-operator] [e4c1e683] 13:22:21.278 [ReconcilerExecutor-hivemq-controller-77] DEBUG c.h.p.o.HiveMQPlatformReconciler - [helmplat] StatefulSet Spec (replicas: 1, init containers: 1, containers: 1, volumes: 5)
2025-01-29 13:22:21,316 INFO c.h.h.t.HelmChartContainer - [EVENT] Normal [Pulled] Container image "docker.io/hivemq/hivemq-platform-operator-init-test:snapshot" already present on machine [helmplatformtlsit:test-hivemq-platform-0]
2025-01-29 13:22:21,375 INFO c.h.h.t.HelmChartContainer - [hivemq-test-hivemq-platform] [hivemq-platform-operator] [e4c1e683] 13:22:21.373 [ReconcilerExecutor-hivemq-controller-77] DEBUG c.h.p.o.h.HiveMQPlatformReconcilerErrorHandler - [helmplat] Pod 'test-hivemq-platform-0' phase Pending
2025-01-29 13:22:21,375 INFO c.h.h.t.HelmChartContainer - [hivemq-test-hivemq-platform] [hivemq-platform-operator] [e4c1e683] 13:22:21.374 [ReconcilerExecutor-hivemq-controller-77] DEBUG c.h.p.o.h.HiveMQPlatformReconcilerErrorHandler - [helmplat] Pod 'test-hivemq-platform-0' condition 'PodReadyToStartContainers': False
2025-01-29 13:22:21,376 INFO c.h.h.t.HelmChartContainer - [hivemq-test-hivemq-platform] [hivemq-platform-operator] [e4c1e683] 13:22:21.374 [ReconcilerExecutor-hivemq-controller-77] DEBUG c.h.p.o.h.HiveMQPlatformReconcilerErrorHandler - [helmplat] Pod 'test-hivemq-platform-0' condition 'Initialized': False
2025-01-29 13:22:21,376 INFO c.h.h.t.HelmChartContainer - [hivemq-test-hivemq-platform] [hivemq-platform-operator] [e4c1e683] 13:22:21.375 [ReconcilerExecutor-hivemq-controller-77] DEBUG c.h.p.o.h.HiveMQPlatformReconcilerErrorHandler - [helmplat] Pod 'test-hivemq-platform-0' condition 'Ready': False
2025-01-29 13:22:21,377 INFO c.h.h.t.HelmChartContainer - [hivemq-test-hivemq-platform] [hivemq-platform-operator] [e4c1e683] 13:22:21.375 [ReconcilerExecutor-hivemq-controller-77] DEBUG c.h.p.o.h.HiveMQPlatformReconcilerErrorHandler - [helmplat] Pod 'test-hivemq-platform-0' condition 'ContainersReady': False
2025-01-29 13:22:21,377 INFO c.h.h.t.HelmChartContainer - [hivemq-test-hivemq-platform] [hivemq-platform-operator] [e4c1e683] 13:22:21.375 [ReconcilerExecutor-hivemq-controller-77] DEBUG c.h.p.o.h.HiveMQPlatformReconcilerErrorHandler - [helmplat] Pod 'test-hivemq-platform-0' condition 'PodScheduled': True
2025-01-29 13:22:21,377 INFO c.h.h.t.HelmChartContainer - [hivemq-test-hivemq-platform] [hivemq-platform-operator] [e4c1e683] 13:22:21.375 [ReconcilerExecutor-hivemq-controller-77] DEBUG c.h.p.o.h.HiveMQPlatformReconcilerErrorHandler - [helmplat] Pod 'test-hivemq-platform-0' containerStatus 'hivemq' (started: false) (ready: false) (waiting: [PodInitializing] null)
2025-01-29 13:22:21,379 INFO c.h.h.t.HelmChartContainer - [hivemq-test-hivemq-platform] [hivemq-platform-operator] [e4c1e683] 13:22:21.378 [ReconcilerExecutor-hivemq-controller-77] INFO  c.h.p.o.h.HiveMQPlatformReconcilerBaseHandler - [helmplat] HiveMQ Platform is starting, 0 of 1 replicas are ready
2025-01-29 13:22:21,437 INFO c.h.h.t.HelmChartContainer - [EVENT] Normal [Created] Created container: hivemq-platform-operator-init [helmplatformtlsit:test-hivemq-platform-0]
2025-01-29 13:22:21,471 INFO c.h.h.t.HelmChartContainer - [hivemq-test-hivemq-platform] [hivemq-platform-operator] [e4c1e683] 13:22:21.467 [pool-6-thread-32] DEBUG c.h.p.o.d.PlatformServiceResource - [helmplat] Desired Platform services (4 services)
2025-01-29 13:22:21,473 INFO c.h.h.t.HelmChartContainer - [hivemq-test-hivemq-platform] [hivemq-platform-operator] [e4c1e683] 13:22:21.471 [pool-6-thread-33] DEBUG c.h.p.o.dependants.PodInfoConfigMap - [helmplat] Desired PodInfo ConfigMap (1 extensions) (1 enabled)
2025-01-29 13:22:21,474 INFO c.h.h.t.HelmChartContainer - [hivemq-test-hivemq-platform] [hivemq-platform-operator] [e4c1e683] 13:22:21.473 [pool-6-thread-33] DEBUG c.h.p.o.dependants.PodInfoConfigMap - [helmplat] Desired PodInfo ConfigMap (metrics port: 9399) (metrics path: /)
2025-01-29 13:22:21,474 INFO c.h.h.t.HelmChartContainer - [hivemq-test-hivemq-platform] [hivemq-platform-operator] [e4c1e683] 13:22:21.473 [pool-6-thread-33] DEBUG c.h.p.o.dependants.PodInfoConfigMap - [helmplat] Desired PodInfo ConfigMap (extension state hash: -1817474005)
2025-01-29 13:22:21,476 INFO c.h.h.t.HelmChartContainer - [hivemq-test-hivemq-platform] [hivemq-platform-operator] [e4c1e683] 13:22:21.476 [pool-6-thread-37] DEBUG c.h.p.o.d.PodServiceAccountResource - [helmplat] Desired PodServiceAccountResource (serviceAccountName: hivemq-platform-pod-test-hivemq-platform)
2025-01-29 13:22:21,482 INFO c.h.h.t.HelmChartContainer - [hivemq-test-hivemq-platform] [hivemq-platform-operator] [e4c1e683] 13:22:21.480 [pool-6-thread-39] DEBUG c.h.p.o.d.StatefulSetResource - [helmplat] Desired StatefulSet (1 replicas) for status STARTING (READY)
2025-01-29 13:22:21,487 INFO c.h.h.t.HelmChartContainer - [EVENT] Normal [Started] Started container hivemq-platform-operator-init [helmplatformtlsit:test-hivemq-platform-0]
2025-01-29 13:22:21,571 INFO c.h.h.t.HelmChartContainer - [hivemq-test-hivemq-platform] [hivemq-platform-operator] [e4c1e683] 13:22:21.567 [ReconcilerExecutor-hivemq-controller-88] INFO  c.h.p.o.HiveMQPlatformReconciler - [helmplat] Reconciling HiveMQ Platform 'test-hivemq-platform' in namespace 'helmplatformtlsit'
2025-01-29 13:22:21,573 INFO c.h.h.t.HelmChartContainer - [hivemq-test-hivemq-platform] [hivemq-platform-operator] [e4c1e683] 13:22:21.567 [ReconcilerExecutor-hivemq-controller-88] DEBUG c.h.p.o.HiveMQPlatformReconciler - [helmplat] Custom Resource Status STARTING - HiveMQ Platform is starting (READY)
2025-01-29 13:22:21,573 INFO c.h.h.t.HelmChartContainer - [hivemq-test-hivemq-platform] [hivemq-platform-operator] [e4c1e683] 13:22:21.567 [ReconcilerExecutor-hivemq-controller-88] DEBUG c.h.p.o.HiveMQPlatformReconciler - [helmplat] Custom Resource Spec (replicas: 1) (extensions: 1)
2025-01-29 13:22:21,574 INFO c.h.h.t.HelmChartContainer - [hivemq-test-hivemq-platform] [hivemq-platform-operator] [e4c1e683] 13:22:21.572 [ReconcilerExecutor-hivemq-controller-88] DEBUG c.h.p.o.HiveMQPlatformReconciler - [helmplat] StatefulSet Status (revision: test-hivemq-platform-589fddf9f4, replicas: 1, available: 0, ready: 0, current: 1, updated: 1)
2025-01-29 13:22:21,574 INFO c.h.h.t.HelmChartContainer - [hivemq-test-hivemq-platform] [hivemq-platform-operator] [e4c1e683] 13:22:21.572 [ReconcilerExecutor-hivemq-controller-88] DEBUG c.h.p.o.HiveMQPlatformReconciler - [helmplat] StatefulSet Spec (replicas: 1, init containers: 1, containers: 1, volumes: 5)
2025-01-29 13:22:21,579 INFO c.h.h.t.HelmChartContainer - [hivemq-test-hivemq-platform] [hivemq-platform-operator] [e4c1e683] 13:22:21.576 [ReconcilerExecutor-hivemq-controller-88] DEBUG c.h.p.o.h.HiveMQPlatformReconcilerErrorHandler - [helmplat] Pod 'test-hivemq-platform-0' phase Pending
2025-01-29 13:22:21,581 INFO c.h.h.t.HelmChartContainer - [hivemq-test-hivemq-platform] [hivemq-platform-operator] [e4c1e683] 13:22:21.576 [ReconcilerExecutor-hivemq-controller-88] DEBUG c.h.p.o.h.HiveMQPlatformReconcilerErrorHandler - [helmplat] Pod 'test-hivemq-platform-0' condition 'PodReadyToStartContainers': False
2025-01-29 13:22:21,581 INFO c.h.h.t.HelmChartContainer - [hivemq-test-hivemq-platform] [hivemq-platform-operator] [e4c1e683] 13:22:21.576 [ReconcilerExecutor-hivemq-controller-88] DEBUG c.h.p.o.h.HiveMQPlatformReconcilerErrorHandler - [helmplat] Pod 'test-hivemq-platform-0' condition 'Initialized': False
2025-01-29 13:22:21,581 INFO c.h.h.t.HelmChartContainer - [hivemq-test-hivemq-platform] [hivemq-platform-operator] [e4c1e683] 13:22:21.576 [ReconcilerExecutor-hivemq-controller-88] DEBUG c.h.p.o.h.HiveMQPlatformReconcilerErrorHandler - [helmplat] Pod 'test-hivemq-platform-0' condition 'Ready': False
2025-01-29 13:22:21,581 INFO c.h.h.t.HelmChartContainer - [hivemq-test-hivemq-platform] [hivemq-platform-operator] [e4c1e683] 13:22:21.577 [ReconcilerExecutor-hivemq-controller-88] DEBUG c.h.p.o.h.HiveMQPlatformReconcilerErrorHandler - [helmplat] Pod 'test-hivemq-platform-0' condition 'ContainersReady': False
2025-01-29 13:22:21,581 INFO c.h.h.t.HelmChartContainer - [hivemq-test-hivemq-platform] [hivemq-platform-operator] [e4c1e683] 13:22:21.577 [ReconcilerExecutor-hivemq-controller-88] DEBUG c.h.p.o.h.HiveMQPlatformReconcilerErrorHandler - [helmplat] Pod 'test-hivemq-platform-0' condition 'PodScheduled': True
2025-01-29 13:22:21,581 INFO c.h.h.t.HelmChartContainer - [hivemq-test-hivemq-platform] [hivemq-platform-operator] [e4c1e683] 13:22:21.577 [ReconcilerExecutor-hivemq-controller-88] DEBUG c.h.p.o.h.HiveMQPlatformReconcilerErrorHandler - [helmplat] Pod 'test-hivemq-platform-0' containerStatus 'hivemq' (started: false) (ready: false) (waiting: [PodInitializing] null)
2025-01-29 13:22:21,587 INFO c.h.h.t.HelmChartContainer - [hivemq-test-hivemq-platform] [hivemq-platform-operator] [e4c1e683] 13:22:21.585 [ReconcilerExecutor-hivemq-controller-88] INFO  c.h.p.o.h.HiveMQPlatformReconcilerBaseHandler - [helmplat] HiveMQ Platform is starting, 0 of 1 replicas are ready
2025-01-29 13:22:21,798 INFO c.h.h.t.HelmChartContainer - [EVENT] Normal [Pulled] Container image "docker.io/hivemq/hivemq4:4.36.0" already present on machine [helmplatformtlsit:test-hivemq-platform-0]
2025-01-29 13:22:21,799 INFO c.h.h.t.HelmChartContainer - Received Pulled event for container hivemq in pod test-hivemq-platform-0 [8dca6fed-4fe3-4988-9307-694277d716ea]
2025-01-29 13:22:21,812 INFO c.h.h.t.HelmChartContainer - [POD] test-hivemq-platform-0 [8dca6fed-4fe3-4988-9307-694277d716ea] in helmplatformtlsit was MODIFIED
2025-01-29 13:22:21,842 INFO c.h.h.t.HelmChartContainer - [hivemq-test-hivemq-platform] [hivemq-platform-operator] [e4c1e683] 13:22:21.831 [pool-6-thread-42] DEBUG c.h.p.o.d.PlatformServiceResource - [helmplat] Desired Platform services (4 services)
2025-01-29 13:22:21,843 INFO c.h.h.t.HelmChartContainer - [hivemq-test-hivemq-platform] [hivemq-platform-operator] [e4c1e683] 13:22:21.832 [pool-6-thread-43] DEBUG c.h.p.o.dependants.PodInfoConfigMap - [helmplat] Desired PodInfo ConfigMap (1 extensions) (1 enabled)
2025-01-29 13:22:21,848 INFO c.h.h.t.HelmChartContainer - [hivemq-test-hivemq-platform] [hivemq-platform-operator] [e4c1e683] 13:22:21.832 [pool-6-thread-43] DEBUG c.h.p.o.dependants.PodInfoConfigMap - [helmplat] Desired PodInfo ConfigMap (metrics port: 9399) (metrics path: /)
2025-01-29 13:22:21,852 INFO c.h.h.t.HelmChartContainer - [hivemq-test-hivemq-platform] [hivemq-platform-operator] [e4c1e683] 13:22:21.832 [pool-6-thread-43] DEBUG c.h.p.o.dependants.PodInfoConfigMap - [helmplat] Desired PodInfo ConfigMap (extension state hash: -1817474005)
2025-01-29 13:22:21,852 INFO c.h.h.t.HelmChartContainer - [hivemq-test-hivemq-platform] [hivemq-platform-operator] [e4c1e683] 13:22:21.835 [pool-6-thread-47] DEBUG c.h.p.o.d.PodServiceAccountResource - [helmplat] Desired PodServiceAccountResource (serviceAccountName: hivemq-platform-pod-test-hivemq-platform)
2025-01-29 13:22:21,875 INFO c.h.h.t.HelmChartContainer - [hivemq-test-hivemq-platform] [hivemq-platform-operator] [e4c1e683] 13:22:21.871 [pool-6-thread-49] DEBUG c.h.p.o.d.StatefulSetResource - [helmplat] Desired StatefulSet (1 replicas) for status STARTING (READY)
2025-01-29 13:22:21,880 INFO c.h.h.t.HelmChartContainer - [hivemq-test-hivemq-platform] [hivemq-platform-operator] [e4c1e683] 13:22:21.878 [ReconcilerExecutor-hivemq-controller-99] INFO  c.h.p.o.HiveMQPlatformReconciler - [helmplat] Reconciling HiveMQ Platform 'test-hivemq-platform' in namespace 'helmplatformtlsit'
2025-01-29 13:22:21,880 INFO c.h.h.t.HelmChartContainer - [hivemq-test-hivemq-platform] [hivemq-platform-operator] [e4c1e683] 13:22:21.879 [ReconcilerExecutor-hivemq-controller-99] DEBUG c.h.p.o.HiveMQPlatformReconciler - [helmplat] Custom Resource Status STARTING - HiveMQ Platform is starting (READY)
2025-01-29 13:22:21,880 INFO c.h.h.t.HelmChartContainer - [hivemq-test-hivemq-platform] [hivemq-platform-operator] [e4c1e683] 13:22:21.879 [ReconcilerExecutor-hivemq-controller-99] DEBUG c.h.p.o.HiveMQPlatformReconciler - [helmplat] Custom Resource Spec (replicas: 1) (extensions: 1)
2025-01-29 13:22:21,884 INFO c.h.h.t.HelmChartContainer - [hivemq-test-hivemq-platform] [hivemq-platform-operator] [e4c1e683] 13:22:21.882 [ReconcilerExecutor-hivemq-controller-99] DEBUG c.h.p.o.HiveMQPlatformReconciler - [helmplat] StatefulSet Status (revision: test-hivemq-platform-589fddf9f4, replicas: 1, available: 0, ready: 0, current: 1, updated: 1)
2025-01-29 13:22:21,884 INFO c.h.h.t.HelmChartContainer - [hivemq-test-hivemq-platform] [hivemq-platform-operator] [e4c1e683] 13:22:21.882 [ReconcilerExecutor-hivemq-controller-99] DEBUG c.h.p.o.HiveMQPlatformReconciler - [helmplat] StatefulSet Spec (replicas: 1, init containers: 1, containers: 1, volumes: 5)
2025-01-29 13:22:21,967 INFO c.h.h.t.HelmChartContainer - [hivemq-test-hivemq-platform] [hivemq-platform-operator] [e4c1e683] 13:22:21.964 [ReconcilerExecutor-hivemq-controller-99] DEBUG c.h.p.o.h.HiveMQPlatformReconcilerErrorHandler - [helmplat] Pod 'test-hivemq-platform-0' phase Pending
2025-01-29 13:22:21,968 INFO c.h.h.t.HelmChartContainer - [hivemq-test-hivemq-platform] [hivemq-platform-operator] [e4c1e683] 13:22:21.965 [ReconcilerExecutor-hivemq-controller-99] DEBUG c.h.p.o.h.HiveMQPlatformReconcilerErrorHandler - [helmplat] Pod 'test-hivemq-platform-0' condition 'PodReadyToStartContainers': True
2025-01-29 13:22:21,969 INFO c.h.h.t.HelmChartContainer - [hivemq-test-hivemq-platform] [hivemq-platform-operator] [e4c1e683] 13:22:21.965 [ReconcilerExecutor-hivemq-controller-99] DEBUG c.h.p.o.h.HiveMQPlatformReconcilerErrorHandler - [helmplat] Pod 'test-hivemq-platform-0' condition 'Initialized': True
2025-01-29 13:22:21,969 INFO c.h.h.t.HelmChartContainer - [hivemq-test-hivemq-platform] [hivemq-platform-operator] [e4c1e683] 13:22:21.965 [ReconcilerExecutor-hivemq-controller-99] DEBUG c.h.p.o.h.HiveMQPlatformReconcilerErrorHandler - [helmplat] Pod 'test-hivemq-platform-0' condition 'Ready': False
2025-01-29 13:22:21,969 INFO c.h.h.t.HelmChartContainer - [hivemq-test-hivemq-platform] [hivemq-platform-operator] [e4c1e683] 13:22:21.965 [ReconcilerExecutor-hivemq-controller-99] DEBUG c.h.p.o.h.HiveMQPlatformReconcilerErrorHandler - [helmplat] Pod 'test-hivemq-platform-0' condition 'ContainersReady': False
2025-01-29 13:22:21,969 INFO c.h.h.t.HelmChartContainer - [hivemq-test-hivemq-platform] [hivemq-platform-operator] [e4c1e683] 13:22:21.965 [ReconcilerExecutor-hivemq-controller-99] DEBUG c.h.p.o.h.HiveMQPlatformReconcilerErrorHandler - [helmplat] Pod 'test-hivemq-platform-0' condition 'PodScheduled': True
2025-01-29 13:22:21,969 INFO c.h.h.t.HelmChartContainer - [hivemq-test-hivemq-platform] [hivemq-platform-operator] [e4c1e683] 13:22:21.965 [ReconcilerExecutor-hivemq-controller-99] DEBUG c.h.p.o.h.HiveMQPlatformReconcilerErrorHandler - [helmplat] Pod 'test-hivemq-platform-0' containerStatus 'hivemq' (started: false) (ready: false) (waiting: [PodInitializing] null)
2025-01-29 13:22:21,969 INFO c.h.h.t.HelmChartContainer - [hivemq-test-hivemq-platform] [hivemq-platform-operator] [e4c1e683] 13:22:21.966 [ReconcilerExecutor-hivemq-controller-99] INFO  c.h.p.o.h.HiveMQPlatformReconcilerBaseHandler - [helmplat] HiveMQ Platform is starting, 0 of 1 replicas are ready
2025-01-29 13:22:22,904 INFO c.h.h.t.HelmChartContainer - [EVENT] Normal [Created] Created container: hivemq [helmplatformtlsit:test-hivemq-platform-0]
2025-01-29 13:22:22,904 INFO c.h.h.t.HelmChartContainer - Received Created event for container hivemq in pod test-hivemq-platform-0 [8dca6fed-4fe3-4988-9307-694277d716ea]
2025-01-29 13:22:23,810 INFO c.h.h.t.HelmChartContainer - [POD] test-hivemq-platform-0 [8dca6fed-4fe3-4988-9307-694277d716ea] in helmplatformtlsit was MODIFIED
2025-01-29 13:22:23,821 INFO c.h.h.t.HelmChartContainer - [EVENT] Normal [Started] Started container hivemq [helmplatformtlsit:test-hivemq-platform-0]
2025-01-29 13:22:23,821 INFO c.h.h.t.HelmChartContainer - Received Started event for container hivemq in pod test-hivemq-platform-0 [8dca6fed-4fe3-4988-9307-694277d716ea]
2025-01-29 13:22:23,821 INFO c.h.h.t.HelmChartContainer - Started log watcher for hivemq in pod test-hivemq-platform-0 [8dca6fed-4fe3-4988-9307-694277d716ea]
2025-01-29 13:22:23,824 INFO c.h.h.t.HelmChartContainer - [test-hivemq-platform] [hivemq] [8dca6fed] Adding pre-installed HiveMQ Platform Operator extensions
2025-01-29 13:22:23,824 INFO c.h.h.t.HelmChartContainer - [test-hivemq-platform] [hivemq] [8dca6fed] Running as user 10000
2025-01-29 13:22:23,824 INFO c.h.h.t.HelmChartContainer - [test-hivemq-platform] [hivemq] [8dca6fed] Starting HiveMQ Platform Operator Init
2025-01-29 13:22:23,826 INFO c.h.h.t.HelmChartContainer - [hivemq-test-hivemq-platform] [hivemq-platform-operator] [e4c1e683] 13:22:23.825 [pool-6-thread-5] DEBUG c.h.p.o.d.PlatformServiceResource - [helmplat] Desired Platform services (4 services)
2025-01-29 13:22:23,828 INFO c.h.h.t.HelmChartContainer - [hivemq-test-hivemq-platform] [hivemq-platform-operator] [e4c1e683] 13:22:23.827 [pool-6-thread-6] DEBUG c.h.p.o.dependants.PodInfoConfigMap - [helmplat] Desired PodInfo ConfigMap (1 extensions) (1 enabled)
2025-01-29 13:22:23,828 INFO c.h.h.t.HelmChartContainer - [hivemq-test-hivemq-platform] [hivemq-platform-operator] [e4c1e683] 13:22:23.827 [pool-6-thread-6] DEBUG c.h.p.o.dependants.PodInfoConfigMap - [helmplat] Desired PodInfo ConfigMap (metrics port: 9399) (metrics path: /)
2025-01-29 13:22:23,828 INFO c.h.h.t.HelmChartContainer - [hivemq-test-hivemq-platform] [hivemq-platform-operator] [e4c1e683] 13:22:23.827 [pool-6-thread-6] DEBUG c.h.p.o.dependants.PodInfoConfigMap - [helmplat] Desired PodInfo ConfigMap (extension state hash: -1817474005)
2025-01-29 13:22:23,831 INFO c.h.h.t.HelmChartContainer - [hivemq-test-hivemq-platform] [hivemq-platform-operator] [e4c1e683] 13:22:23.830 [pool-6-thread-10] DEBUG c.h.p.o.d.PodServiceAccountResource - [helmplat] Desired PodServiceAccountResource (serviceAccountName: hivemq-platform-pod-test-hivemq-platform)
2025-01-29 13:22:23,872 INFO c.h.h.t.HelmChartContainer - [hivemq-test-hivemq-platform] [hivemq-platform-operator] [e4c1e683] 13:22:23.870 [pool-6-thread-3] DEBUG c.h.p.o.d.StatefulSetResource - [helmplat] Desired StatefulSet (1 replicas) for status STARTING (READY)
2025-01-29 13:22:23,881 INFO c.h.h.t.HelmChartContainer - [hivemq-test-hivemq-platform] [hivemq-platform-operator] [e4c1e683] 13:22:23.879 [ReconcilerExecutor-hivemq-controller-110] INFO  c.h.p.o.HiveMQPlatformReconciler - [helmplat] Reconciling HiveMQ Platform 'test-hivemq-platform' in namespace 'helmplatformtlsit'
2025-01-29 13:22:23,882 INFO c.h.h.t.HelmChartContainer - [hivemq-test-hivemq-platform] [hivemq-platform-operator] [e4c1e683] 13:22:23.879 [ReconcilerExecutor-hivemq-controller-110] DEBUG c.h.p.o.HiveMQPlatformReconciler - [helmplat] Custom Resource Status STARTING - HiveMQ Platform is starting (READY)
2025-01-29 13:22:23,882 INFO c.h.h.t.HelmChartContainer - [hivemq-test-hivemq-platform] [hivemq-platform-operator] [e4c1e683] 13:22:23.879 [ReconcilerExecutor-hivemq-controller-110] DEBUG c.h.p.o.HiveMQPlatformReconciler - [helmplat] Custom Resource Spec (replicas: 1) (extensions: 1)
2025-01-29 13:22:23,883 INFO c.h.h.t.HelmChartContainer - [hivemq-test-hivemq-platform] [hivemq-platform-operator] [e4c1e683] 13:22:23.882 [ReconcilerExecutor-hivemq-controller-110] DEBUG c.h.p.o.HiveMQPlatformReconciler - [helmplat] StatefulSet Status (revision: test-hivemq-platform-589fddf9f4, replicas: 1, available: 0, ready: 0, current: 1, updated: 1)
2025-01-29 13:22:23,883 INFO c.h.h.t.HelmChartContainer - [hivemq-test-hivemq-platform] [hivemq-platform-operator] [e4c1e683] 13:22:23.883 [ReconcilerExecutor-hivemq-controller-110] DEBUG c.h.p.o.HiveMQPlatformReconciler - [helmplat] StatefulSet Spec (replicas: 1, init containers: 1, containers: 1, volumes: 5)
2025-01-29 13:22:23,886 INFO c.h.h.t.HelmChartContainer - [hivemq-test-hivemq-platform] [hivemq-platform-operator] [e4c1e683] 13:22:23.885 [ReconcilerExecutor-hivemq-controller-110] DEBUG c.h.p.o.h.HiveMQPlatformReconcilerErrorHandler - [helmplat] Pod 'test-hivemq-platform-0' phase Running
2025-01-29 13:22:23,886 INFO c.h.h.t.HelmChartContainer - [hivemq-test-hivemq-platform] [hivemq-platform-operator] [e4c1e683] 13:22:23.886 [ReconcilerExecutor-hivemq-controller-110] INFO  c.h.p.o.h.HiveMQPlatformReconcilerBaseHandler - [helmplat] HiveMQ Platform is starting, 0 of 1 replicas are ready
2025-01-29 13:22:24,165 INFO c.h.h.t.HelmChartContainer - [test-hivemq-platform] [hivemq] [8dca6fed] INFO  - [HiveMQ Platform Operator Init 1.7.0-SNAPSHOT] HiveMQ Platform Operator Init 1.7.0-SNAPSHOT (commit: bebf408 on branch: HEAD) built on Sun Jan 26 20:47:47 UTC 2025
2025-01-29 13:22:25,432 INFO c.h.h.t.HelmChartContainer - [test-hivemq-platform] [hivemq] [8dca6fed] INFO  - [HiveMQ Platform Operator Init App 1.7.0-SNAPSHOT] Using bind address 10.42.0.8 from environment variable
2025-01-29 13:22:26,365 INFO c.h.h.t.HelmChartContainer - [test-hivemq-platform] [hivemq] [8dca6fed] INFO  - [HiveMQ Platform Operator Init App 1.7.0-SNAPSHOT] HiveMQ Platform Operator Init App 1.7.0-SNAPSHOT (commit: bebf408 on branch: HEAD) built on Sun Jan 26 20:47:47 UTC 2025
2025-01-29 13:22:26,365 INFO c.h.h.t.HelmChartContainer - [test-hivemq-platform] [hivemq] [8dca6fed] INFO  - [HiveMQ Platform Operator Init App 1.7.0-SNAPSHOT] PodInfo ConfigMap directory: /etc/podinfo
2025-01-29 13:22:26,365 INFO c.h.h.t.HelmChartContainer - [test-hivemq-platform] [hivemq] [8dca6fed] INFO  - [HiveMQ Platform Operator Init App 1.7.0-SNAPSHOT] HiveMQ home directory: /opt/hivemq
2025-01-29 13:22:26,365 INFO c.h.h.t.HelmChartContainer - [test-hivemq-platform] [hivemq] [8dca6fed] INFO  - [HiveMQ Platform Operator Init App 1.7.0-SNAPSHOT] HiveMQ Logback folder: /opt/hivemq/conf
2025-01-29 13:22:26,365 INFO c.h.h.t.HelmChartContainer - [test-hivemq-platform] [hivemq] [8dca6fed] INFO  - [HiveMQ Platform Operator Init App 1.7.0-SNAPSHOT] HiveMQ Config folder: /opt/hivemq/conf-k8s
2025-01-29 13:22:26,365 INFO c.h.h.t.HelmChartContainer - [test-hivemq-platform] [hivemq] [8dca6fed] INFO  - [HiveMQ Platform Operator Init App 1.7.0-SNAPSHOT] Starting HiveMQ Platform Operator Init App
2025-01-29 13:22:26,365 INFO c.h.h.t.HelmChartContainer - [test-hivemq-platform] [hivemq] [8dca6fed] INFO  - [HiveMQ Platform Operator Init App 1.7.0-SNAPSHOT] Starting Pod reconciler
2025-01-29 13:22:27,661 INFO c.h.h.t.HelmChartContainer - [test-hivemq-platform] [hivemq] [8dca6fed] INFO  - [HiveMQ Platform Operator Init App 1.7.0-SNAPSHOT] Pod reconciler is scheduled (interval: 5000 ms)
2025-01-29 13:22:27,662 INFO c.h.h.t.HelmChartContainer - [test-hivemq-platform] [hivemq] [8dca6fed] INFO  - [HiveMQ Platform Operator Init App 1.7.0-SNAPSHOT] Starting the REST API on 10.42.0.8:7979
2025-01-29 13:22:27,665 INFO c.h.h.t.HelmChartContainer - [test-hivemq-platform] [hivemq] [8dca6fed] INFO  - [HiveMQ Platform Operator Init App 1.7.0-SNAPSHOT] Waiting up to 600s for at most 1 HiveMQ nodes in cluster service hivemq-test-hivemq-platform-cluster.helmplatformtlsit.svc
2025-01-29 13:22:28,031 INFO c.h.h.t.HelmChartContainer - [test-hivemq-platform] [hivemq] [8dca6fed] INFO  - [HiveMQ Platform Operator Init App 1.7.0-SNAPSHOT] Resolved 1 IP addresses: [10.42.0.8]
2025-01-29 13:22:28,031 INFO c.h.h.t.HelmChartContainer - [test-hivemq-platform] [hivemq] [8dca6fed] INFO  - [HiveMQ Platform Operator Init App 1.7.0-SNAPSHOT] HiveMQ node count of 1 is within threshold of 1
2025-01-29 13:22:28,031 INFO c.h.h.t.HelmChartContainer - [test-hivemq-platform] [hivemq] [8dca6fed] INFO  - [HiveMQ Platform Operator Init App 1.7.0-SNAPSHOT] Proceeding with container start
2025-01-29 13:22:28,128 INFO c.h.h.t.HelmChartContainer - [test-hivemq-platform] [hivemq] [8dca6fed] INFO  - [HiveMQ Platform Operator Init App 1.7.0-SNAPSHOT] Initializing HiveMQ Platform extensions with initial configuration: {hivemq-allow-all-extension={start-priority=-1, skip-https-hostname-verification=false, restart=true, config-version=0, header-version=0, c-uri=, priority=-1, uri=preinstalled, skip-https-certificate-validation=false, enabled=true}, hivemq-prometheus-extension={enabled=true, request-header-path=no-request-headers, uri=preinstalled, skip-https-certificate-validation=false, skip-https-hostname-verification=false, c-uri=, start-priority=-1, priority=-1, restart=true}}
2025-01-29 13:22:28,563 INFO c.h.h.t.HelmChartContainer - [test-hivemq-platform] [hivemq] [8dca6fed] INFO  - [HiveMQ Platform Operator Init App 1.7.0-SNAPSHOT] Extension hivemq-allow-all-extension was already enabled
2025-01-29 13:22:28,661 INFO c.h.h.t.HelmChartContainer - [test-hivemq-platform] [hivemq] [8dca6fed] INFO  - [HiveMQ Platform Operator Init App 1.7.0-SNAPSHOT] Successfully enabled extension hivemq-prometheus-extension
2025-01-29 13:22:28,662 INFO c.h.h.t.HelmChartContainer - [test-hivemq-platform] [hivemq] [8dca6fed] INFO  - [HiveMQ Platform Operator Init App 1.7.0-SNAPSHOT] Starting HiveMQ Platform version 4.36.0 (4.36.0)
2025-01-29 13:22:28,662 INFO c.h.h.t.HelmChartContainer - [test-hivemq-platform] [hivemq] [8dca6fed] INFO  - [HiveMQ Platform Operator Init App 1.7.0-SNAPSHOT] Configuring the HiveMQ Platform
2025-01-29 13:22:28,724 INFO c.h.h.t.HelmChartContainer - [test-hivemq-platform] [hivemq] [8dca6fed] INFO  - [HiveMQ Platform Operator Init App 1.7.0-SNAPSHOT] Changed logback.xml file scan period to 20 seconds
2025-01-29 13:22:28,766 INFO c.h.h.t.HelmChartContainer - [test-hivemq-platform] [hivemq] [8dca6fed] INFO  - [HiveMQ Platform Operator Init App 1.7.0-SNAPSHOT] Starting the HiveMQ Platform
2025-01-29 13:22:28,821 INFO c.h.h.t.HelmChartContainer - [test-hivemq-platform] [hivemq] [8dca6fed] -------------------------------------------------------------------------
2025-01-29 13:22:28,821 INFO c.h.h.t.HelmChartContainer - [test-hivemq-platform] [hivemq] [8dca6fed] 
2025-01-29 13:22:28,821 INFO c.h.h.t.HelmChartContainer - [test-hivemq-platform] [hivemq] [8dca6fed]                   _    _  _              __  __   ____
2025-01-29 13:22:28,821 INFO c.h.h.t.HelmChartContainer - [test-hivemq-platform] [hivemq] [8dca6fed]                  | |  | |(_)            |  \/  | / __ \
2025-01-29 13:22:28,821 INFO c.h.h.t.HelmChartContainer - [test-hivemq-platform] [hivemq] [8dca6fed]                  | |__| | _ __   __ ___ | \  / || |  | |
2025-01-29 13:22:28,821 INFO c.h.h.t.HelmChartContainer - [test-hivemq-platform] [hivemq] [8dca6fed]                  |  __  || |\ \ / // _ \| |\/| || |  | |
2025-01-29 13:22:28,821 INFO c.h.h.t.HelmChartContainer - [test-hivemq-platform] [hivemq] [8dca6fed]                  | |  | || | \ V /|  __/| |  | || |__| |
2025-01-29 13:22:28,821 INFO c.h.h.t.HelmChartContainer - [test-hivemq-platform] [hivemq] [8dca6fed]                  |_|  |_||_|  \_/  \___||_|  |_| \___\_\
2025-01-29 13:22:28,821 INFO c.h.h.t.HelmChartContainer - [test-hivemq-platform] [hivemq] [8dca6fed] 
2025-01-29 13:22:28,821 INFO c.h.h.t.HelmChartContainer - [test-hivemq-platform] [hivemq] [8dca6fed] -------------------------------------------------------------------------
2025-01-29 13:22:28,821 INFO c.h.h.t.HelmChartContainer - [test-hivemq-platform] [hivemq] [8dca6fed] 
2025-01-29 13:22:28,821 INFO c.h.h.t.HelmChartContainer - [test-hivemq-platform] [hivemq] [8dca6fed]   HiveMQ Start Script for Linux/Unix v1.14
2025-01-29 13:22:28,821 INFO c.h.h.t.HelmChartContainer - [test-hivemq-platform] [hivemq] [8dca6fed] 
2025-01-29 13:22:28,868 INFO c.h.h.t.HelmChartContainer - [test-hivemq-platform] [hivemq] [8dca6fed] -------------------------------------------------------------------------
2025-01-29 13:22:28,869 INFO c.h.h.t.HelmChartContainer - [test-hivemq-platform] [hivemq] [8dca6fed] 
2025-01-29 13:22:28,869 INFO c.h.h.t.HelmChartContainer - [test-hivemq-platform] [hivemq] [8dca6fed]   HIVEMQ_HOME: /opt/hivemq
2025-01-29 13:22:28,869 INFO c.h.h.t.HelmChartContainer - [test-hivemq-platform] [hivemq] [8dca6fed] 
2025-01-29 13:22:28,869 INFO c.h.h.t.HelmChartContainer - [test-hivemq-platform] [hivemq] [8dca6fed]   JAVA_OPTS: -XX:+UnlockExperimentalVMOptions -XX:InitialRAMPercentage=50 -XX:MaxRAMPercentage=50 -Djava.net.preferIPv4Stack=true --add-opens java.base/java.lang=ALL-UNNAMED --add-opens java.base/java.nio=ALL-UNNAMED --add-opens java.base/sun.nio.ch=ALL-UNNAMED --add-opens jdk.management/com.sun.management.internal=ALL-UNNAMED --add-exports java.base/jdk.internal.misc=ALL-UNNAMED -Djava.security.egd=file:/dev/./urandom -Dcom.sun.management.jmxremote -Dcom.sun.management.jmxremote.port=9010 -Dcom.sun.management.jmxremote.local.only=false -Dcom.sun.management.jmxremote.authenticate=false -Dcom.sun.management.jmxremote.ssl=false -Duser.language=en -Duser.region=US -XX:+CrashOnOutOfMemoryError -XX:+HeapDumpOnOutOfMemoryError
2025-01-29 13:22:28,869 INFO c.h.h.t.HelmChartContainer - [test-hivemq-platform] [hivemq] [8dca6fed] 
2025-01-29 13:22:28,869 INFO c.h.h.t.HelmChartContainer - [test-hivemq-platform] [hivemq] [8dca6fed]   JAVA_VERSION: 21
2025-01-29 13:22:28,869 INFO c.h.h.t.HelmChartContainer - [test-hivemq-platform] [hivemq] [8dca6fed] 
2025-01-29 13:22:28,869 INFO c.h.h.t.HelmChartContainer - [test-hivemq-platform] [hivemq] [8dca6fed] -------------------------------------------------------------------------
2025-01-29 13:22:28,869 INFO c.h.h.t.HelmChartContainer - [test-hivemq-platform] [hivemq] [8dca6fed] 
2025-01-29 13:22:29,865 INFO c.h.h.t.HelmChartContainer - [test-hivemq-platform] [hivemq] [8dca6fed] INFO  - [HiveMQ Platform Operator Init App 1.7.0-SNAPSHOT] Returning default Health API response 503 for readiness
2025-01-29 13:22:30,265 INFO c.h.h.t.HelmChartContainer - [EVENT] Warning [Unhealthy] Readiness probe failed: HTTP probe failed with statuscode: 503 [helmplatformtlsit:test-hivemq-platform-0]
2025-01-29 13:22:30,265 INFO c.h.h.t.HelmChartContainer - Received Unhealthy event for container hivemq in pod test-hivemq-platform-0 [8dca6fed-4fe3-4988-9307-694277d716ea]
2025-01-29 13:22:31,670 INFO c.h.h.t.HelmChartContainer - [test-hivemq-platform] [hivemq] [8dca6fed] INFO  - Starting HiveMQ Enterprise Server
2025-01-29 13:22:31,725 INFO c.h.h.t.HelmChartContainer - [test-hivemq-platform] [hivemq] [8dca6fed] INFO  - HiveMQ version: 4.36.0
2025-01-29 13:22:31,725 INFO c.h.h.t.HelmChartContainer - [test-hivemq-platform] [hivemq] [8dca6fed] INFO  - HiveMQ home directory: /opt/hivemq
2025-01-29 13:22:31,726 INFO c.h.h.t.HelmChartContainer - [test-hivemq-platform] [hivemq] [8dca6fed] INFO  - Log Configuration was overridden by /opt/hivemq/conf/logback.xml
2025-01-29 13:22:33,124 INFO c.h.h.t.HelmChartContainer - [test-hivemq-platform] [hivemq] [8dca6fed] INFO  - Successfully loaded configuration from '/opt/hivemq/conf-k8s/config.xml'.
2025-01-29 13:22:33,864 INFO c.h.h.t.HelmChartContainer - [test-hivemq-platform] [hivemq] [8dca6fed] INFO  - This node's ID is c3hbd
2025-01-29 13:22:33,864 INFO c.h.h.t.HelmChartContainer - [test-hivemq-platform] [hivemq] [8dca6fed] INFO  - Clustering is enabled
2025-01-29 13:22:33,894 INFO c.h.h.t.HelmChartContainer - [hivemq-test-hivemq-platform] [hivemq-platform-operator] [e4c1e683] 13:22:33.890 [pool-6-thread-16] DEBUG c.h.p.o.d.PlatformServiceResource - [helmplat] Desired Platform services (4 services)
2025-01-29 13:22:33,894 INFO c.h.h.t.HelmChartContainer - [hivemq-test-hivemq-platform] [hivemq-platform-operator] [e4c1e683] 13:22:33.892 [pool-6-thread-17] DEBUG c.h.p.o.d.PodServiceAccountResource - [helmplat] Desired PodServiceAccountResource (serviceAccountName: hivemq-platform-pod-test-hivemq-platform)
2025-01-29 13:22:33,894 INFO c.h.h.t.HelmChartContainer - [hivemq-test-hivemq-platform] [hivemq-platform-operator] [e4c1e683] 13:22:33.893 [pool-6-thread-14] DEBUG c.h.p.o.dependants.PodInfoConfigMap - [helmplat] Desired PodInfo ConfigMap (1 extensions) (1 enabled)
2025-01-29 13:22:33,895 INFO c.h.h.t.HelmChartContainer - [hivemq-test-hivemq-platform] [hivemq-platform-operator] [e4c1e683] 13:22:33.893 [pool-6-thread-14] DEBUG c.h.p.o.dependants.PodInfoConfigMap - [helmplat] Desired PodInfo ConfigMap (metrics port: 9399) (metrics path: /)
2025-01-29 13:22:33,895 INFO c.h.h.t.HelmChartContainer - [hivemq-test-hivemq-platform] [hivemq-platform-operator] [e4c1e683] 13:22:33.893 [pool-6-thread-14] DEBUG c.h.p.o.dependants.PodInfoConfigMap - [helmplat] Desired PodInfo ConfigMap (extension state hash: -1817474005)
2025-01-29 13:22:33,899 INFO c.h.h.t.HelmChartContainer - [hivemq-test-hivemq-platform] [hivemq-platform-operator] [e4c1e683] 13:22:33.898 [pool-6-thread-17] DEBUG c.h.p.o.d.StatefulSetResource - [helmplat] Desired StatefulSet (1 replicas) for status STARTING (READY)
2025-01-29 13:22:33,905 INFO c.h.h.t.HelmChartContainer - [hivemq-test-hivemq-platform] [hivemq-platform-operator] [e4c1e683] 13:22:33.903 [ReconcilerExecutor-hivemq-controller-111] INFO  c.h.p.o.HiveMQPlatformReconciler - [helmplat] Reconciling HiveMQ Platform 'test-hivemq-platform' in namespace 'helmplatformtlsit'
2025-01-29 13:22:33,905 INFO c.h.h.t.HelmChartContainer - [hivemq-test-hivemq-platform] [hivemq-platform-operator] [e4c1e683] 13:22:33.904 [ReconcilerExecutor-hivemq-controller-111] DEBUG c.h.p.o.HiveMQPlatformReconciler - [helmplat] Custom Resource Status STARTING - HiveMQ Platform is starting (READY)
2025-01-29 13:22:33,905 INFO c.h.h.t.HelmChartContainer - [hivemq-test-hivemq-platform] [hivemq-platform-operator] [e4c1e683] 13:22:33.904 [ReconcilerExecutor-hivemq-controller-111] DEBUG c.h.p.o.HiveMQPlatformReconciler - [helmplat] Custom Resource Spec (replicas: 1) (extensions: 1)
2025-01-29 13:22:33,970 INFO c.h.h.t.HelmChartContainer - [hivemq-test-hivemq-platform] [hivemq-platform-operator] [e4c1e683] 13:22:33.969 [ReconcilerExecutor-hivemq-controller-111] DEBUG c.h.p.o.HiveMQPlatformReconciler - [helmplat] StatefulSet Status (revision: test-hivemq-platform-589fddf9f4, replicas: 1, available: 0, ready: 0, current: 1, updated: 1)
2025-01-29 13:22:33,971 INFO c.h.h.t.HelmChartContainer - [hivemq-test-hivemq-platform] [hivemq-platform-operator] [e4c1e683] 13:22:33.970 [ReconcilerExecutor-hivemq-controller-111] DEBUG c.h.p.o.HiveMQPlatformReconciler - [helmplat] StatefulSet Spec (replicas: 1, init containers: 1, containers: 1, volumes: 5)
2025-01-29 13:22:33,976 INFO c.h.h.t.HelmChartContainer - [hivemq-test-hivemq-platform] [hivemq-platform-operator] [e4c1e683] 13:22:33.973 [ReconcilerExecutor-hivemq-controller-111] DEBUG c.h.p.o.h.HiveMQPlatformReconcilerErrorHandler - [helmplat] Pod 'test-hivemq-platform-0' phase Running
2025-01-29 13:22:33,976 INFO c.h.h.t.HelmChartContainer - [hivemq-test-hivemq-platform] [hivemq-platform-operator] [e4c1e683] 13:22:33.975 [ReconcilerExecutor-hivemq-controller-111] INFO  c.h.p.o.h.HiveMQPlatformReconcilerBaseHandler - [helmplat] HiveMQ Platform is starting, 0 of 1 replicas are ready
2025-01-29 13:22:35,324 INFO c.h.h.t.HelmChartContainer - [test-hivemq-platform] [hivemq] [8dca6fed] WARN  - [HiveMQ Platform Operator Init App 1.7.0-SNAPSHOT] Cannot connect to Health API for readiness: null
2025-01-29 13:22:35,330 INFO c.h.h.t.HelmChartContainer - [EVENT] Warning [Unhealthy] Readiness probe failed: HTTP probe failed with statuscode: 503 [helmplatformtlsit:test-hivemq-platform-0]
2025-01-29 13:22:35,330 INFO c.h.h.t.HelmChartContainer - Received Unhealthy event for container hivemq in pod test-hivemq-platform-0 [8dca6fed-4fe3-4988-9307-694277d716ea]
2025-01-29 13:22:37,868 INFO c.h.h.t.HelmChartContainer - [test-hivemq-platform] [hivemq] [8dca6fed] Jan 29, 2025 1:22:37 PM io.vertx.core.impl.BlockedThreadChecker
2025-01-29 13:22:37,868 INFO c.h.h.t.HelmChartContainer - [test-hivemq-platform] [hivemq] [8dca6fed] WARNING: Thread Thread[vert.x-eventloop-thread-1,5,main] has been blocked for 2336 ms, time limit is 2000 ms
2025-01-29 13:22:38,825 INFO c.h.h.t.HelmChartContainer - [test-hivemq-platform] [hivemq] [8dca6fed] INFO  - [HiveMQ Platform Operator Init App 1.7.0-SNAPSHOT] Updating Pod HiveMQ Platform Operator Init App version annotation (version: 1.7.0-SNAPSHOT)
2025-01-29 13:22:39,765 INFO c.h.h.t.HelmChartContainer - [POD] test-hivemq-platform-0 [8dca6fed-4fe3-4988-9307-694277d716ea] in helmplatformtlsit was MODIFIED
2025-01-29 13:22:39,777 INFO c.h.h.t.HelmChartContainer - [hivemq-test-hivemq-platform] [hivemq-platform-operator] [e4c1e683] 13:22:39.774 [pool-6-thread-26] DEBUG c.h.p.o.d.PlatformServiceResource - [helmplat] Desired Platform services (4 services)
2025-01-29 13:22:39,777 INFO c.h.h.t.HelmChartContainer - [hivemq-test-hivemq-platform] [hivemq-platform-operator] [e4c1e683] 13:22:39.775 [pool-6-thread-27] DEBUG c.h.p.o.dependants.PodInfoConfigMap - [helmplat] Desired PodInfo ConfigMap (1 extensions) (1 enabled)
2025-01-29 13:22:39,777 INFO c.h.h.t.HelmChartContainer - [hivemq-test-hivemq-platform] [hivemq-platform-operator] [e4c1e683] 13:22:39.776 [pool-6-thread-27] DEBUG c.h.p.o.dependants.PodInfoConfigMap - [helmplat] Desired PodInfo ConfigMap (metrics port: 9399) (metrics path: /)
2025-01-29 13:22:39,777 INFO c.h.h.t.HelmChartContainer - [hivemq-test-hivemq-platform] [hivemq-platform-operator] [e4c1e683] 13:22:39.776 [pool-6-thread-27] DEBUG c.h.p.o.dependants.PodInfoConfigMap - [helmplat] Desired PodInfo ConfigMap (extension state hash: -1817474005)
2025-01-29 13:22:39,779 INFO c.h.h.t.HelmChartContainer - [hivemq-test-hivemq-platform] [hivemq-platform-operator] [e4c1e683] 13:22:39.778 [pool-6-thread-24] DEBUG c.h.p.o.d.PodServiceAccountResource - [helmplat] Desired PodServiceAccountResource (serviceAccountName: hivemq-platform-pod-test-hivemq-platform)
2025-01-29 13:22:39,821 INFO c.h.h.t.HelmChartContainer - [test-hivemq-platform] [hivemq] [8dca6fed] WARN  - [HiveMQ Platform Operator Init App 1.7.0-SNAPSHOT] Cannot connect to Health API for readiness: null
2025-01-29 13:22:39,822 INFO c.h.h.t.HelmChartContainer - [test-hivemq-platform] [hivemq] [8dca6fed] INFO  - [HiveMQ Platform Operator Init App 1.7.0-SNAPSHOT] Successfully updated Pod HiveMQ Platform Operator Init App version annotation (version: 1.7.0-SNAPSHOT)
2025-01-29 13:22:39,829 INFO c.h.h.t.HelmChartContainer - [EVENT] Warning [Unhealthy] Readiness probe failed: HTTP probe failed with statuscode: 503 [helmplatformtlsit:test-hivemq-platform-0]
2025-01-29 13:22:39,829 INFO c.h.h.t.HelmChartContainer - Received Unhealthy event for container hivemq in pod test-hivemq-platform-0 [8dca6fed-4fe3-4988-9307-694277d716ea]
2025-01-29 13:22:39,865 INFO c.h.h.t.HelmChartContainer - [hivemq-test-hivemq-platform] [hivemq-platform-operator] [e4c1e683] 13:22:39.863 [pool-6-thread-26] DEBUG c.h.p.o.d.StatefulSetResource - [helmplat] Desired StatefulSet (1 replicas) for status STARTING (READY)
2025-01-29 13:22:39,872 INFO c.h.h.t.HelmChartContainer - [hivemq-test-hivemq-platform] [hivemq-platform-operator] [e4c1e683] 13:22:39.869 [ReconcilerExecutor-hivemq-controller-112] INFO  c.h.p.o.HiveMQPlatformReconciler - [helmplat] Reconciling HiveMQ Platform 'test-hivemq-platform' in namespace 'helmplatformtlsit'
2025-01-29 13:22:39,873 INFO c.h.h.t.HelmChartContainer - [hivemq-test-hivemq-platform] [hivemq-platform-operator] [e4c1e683] 13:22:39.869 [ReconcilerExecutor-hivemq-controller-112] DEBUG c.h.p.o.HiveMQPlatformReconciler - [helmplat] Custom Resource Status STARTING - HiveMQ Platform is starting (READY)
2025-01-29 13:22:39,873 INFO c.h.h.t.HelmChartContainer - [hivemq-test-hivemq-platform] [hivemq-platform-operator] [e4c1e683] 13:22:39.869 [ReconcilerExecutor-hivemq-controller-112] DEBUG c.h.p.o.HiveMQPlatformReconciler - [helmplat] Custom Resource Spec (replicas: 1) (extensions: 1)
2025-01-29 13:22:39,873 INFO c.h.h.t.HelmChartContainer - [hivemq-test-hivemq-platform] [hivemq-platform-operator] [e4c1e683] 13:22:39.872 [ReconcilerExecutor-hivemq-controller-112] DEBUG c.h.p.o.HiveMQPlatformReconciler - [helmplat] StatefulSet Status (revision: test-hivemq-platform-589fddf9f4, replicas: 1, available: 0, ready: 0, current: 1, updated: 1)
2025-01-29 13:22:39,875 INFO c.h.h.t.HelmChartContainer - [hivemq-test-hivemq-platform] [hivemq-platform-operator] [e4c1e683] 13:22:39.872 [ReconcilerExecutor-hivemq-controller-112] DEBUG c.h.p.o.HiveMQPlatformReconciler - [helmplat] StatefulSet Spec (replicas: 1, init containers: 1, containers: 1, volumes: 5)
2025-01-29 13:22:39,878 INFO c.h.h.t.HelmChartContainer - [hivemq-test-hivemq-platform] [hivemq-platform-operator] [e4c1e683] 13:22:39.877 [ReconcilerExecutor-hivemq-controller-112] DEBUG c.h.p.o.h.HiveMQPlatformReconcilerErrorHandler - [helmplat] Pod 'test-hivemq-platform-0' phase Running
2025-01-29 13:22:39,879 INFO c.h.h.t.HelmChartContainer - [hivemq-test-hivemq-platform] [hivemq-platform-operator] [e4c1e683] 13:22:39.879 [ReconcilerExecutor-hivemq-controller-112] INFO  c.h.p.o.h.HiveMQPlatformReconcilerBaseHandler - [helmplat] HiveMQ Platform is starting, 0 of 1 replicas are ready
2025-01-29 13:22:44,770 INFO c.h.h.t.HelmChartContainer - [test-hivemq-platform] [hivemq] [8dca6fed] WARN  - [HiveMQ Platform Operator Init App 1.7.0-SNAPSHOT] Cannot connect to Health API for readiness: null
2025-01-29 13:22:44,775 INFO c.h.h.t.HelmChartContainer - [EVENT] Warning [Unhealthy] Readiness probe failed: HTTP probe failed with statuscode: 503 [helmplatformtlsit:test-hivemq-platform-0]
2025-01-29 13:22:44,775 INFO c.h.h.t.HelmChartContainer - Received Unhealthy event for container hivemq in pod test-hivemq-platform-0 [8dca6fed-4fe3-4988-9307-694277d716ea]
2025-01-29 13:22:49,823 INFO c.h.h.t.HelmChartContainer - [test-hivemq-platform] [hivemq] [8dca6fed] WARN  - [HiveMQ Platform Operator Init App 1.7.0-SNAPSHOT] Cannot connect to Health API for readiness: null
2025-01-29 13:22:49,827 INFO c.h.h.t.HelmChartContainer - [EVENT] Warning [Unhealthy] Readiness probe failed: HTTP probe failed with statuscode: 503 [helmplatformtlsit:test-hivemq-platform-0]
2025-01-29 13:22:49,827 INFO c.h.h.t.HelmChartContainer - Received Unhealthy event for container hivemq in pod test-hivemq-platform-0 [8dca6fed-4fe3-4988-9307-694277d716ea]
2025-01-29 13:22:49,885 INFO c.h.h.t.HelmChartContainer - [hivemq-test-hivemq-platform] [hivemq-platform-operator] [e4c1e683] 13:22:49.883 [pool-6-thread-31] DEBUG c.h.p.o.dependants.PodInfoConfigMap - [helmplat] Desired PodInfo ConfigMap (1 extensions) (1 enabled)
2025-01-29 13:22:49,885 INFO c.h.h.t.HelmChartContainer - [hivemq-test-hivemq-platform] [hivemq-platform-operator] [e4c1e683] 13:22:49.883 [pool-6-thread-32] DEBUG c.h.p.o.d.PodServiceAccountResource - [helmplat] Desired PodServiceAccountResource (serviceAccountName: hivemq-platform-pod-test-hivemq-platform)
2025-01-29 13:22:49,886 INFO c.h.h.t.HelmChartContainer - [hivemq-test-hivemq-platform] [hivemq-platform-operator] [e4c1e683] 13:22:49.883 [pool-6-thread-31] DEBUG c.h.p.o.dependants.PodInfoConfigMap - [helmplat] Desired PodInfo ConfigMap (metrics port: 9399) (metrics path: /)
2025-01-29 13:22:49,886 INFO c.h.h.t.HelmChartContainer - [hivemq-test-hivemq-platform] [hivemq-platform-operator] [e4c1e683] 13:22:49.883 [pool-6-thread-31] DEBUG c.h.p.o.dependants.PodInfoConfigMap - [helmplat] Desired PodInfo ConfigMap (extension state hash: -1817474005)
2025-01-29 13:22:49,886 INFO c.h.h.t.HelmChartContainer - [hivemq-test-hivemq-platform] [hivemq-platform-operator] [e4c1e683] 13:22:49.882 [pool-6-thread-33] DEBUG c.h.p.o.d.PlatformServiceResource - [helmplat] Desired Platform services (4 services)
2025-01-29 13:22:49,892 INFO c.h.h.t.HelmChartContainer - [hivemq-test-hivemq-platform] [hivemq-platform-operator] [e4c1e683] 13:22:49.892 [pool-6-thread-33] DEBUG c.h.p.o.d.StatefulSetResource - [helmplat] Desired StatefulSet (1 replicas) for status STARTING (READY)
2025-01-29 13:22:49,898 INFO c.h.h.t.HelmChartContainer - [hivemq-test-hivemq-platform] [hivemq-platform-operator] [e4c1e683] 13:22:49.896 [ReconcilerExecutor-hivemq-controller-113] INFO  c.h.p.o.HiveMQPlatformReconciler - [helmplat] Reconciling HiveMQ Platform 'test-hivemq-platform' in namespace 'helmplatformtlsit'
2025-01-29 13:22:49,898 INFO c.h.h.t.HelmChartContainer - [hivemq-test-hivemq-platform] [hivemq-platform-operator] [e4c1e683] 13:22:49.896 [ReconcilerExecutor-hivemq-controller-113] DEBUG c.h.p.o.HiveMQPlatformReconciler - [helmplat] Custom Resource Status STARTING - HiveMQ Platform is starting (READY)
2025-01-29 13:22:49,898 INFO c.h.h.t.HelmChartContainer - [hivemq-test-hivemq-platform] [hivemq-platform-operator] [e4c1e683] 13:22:49.896 [ReconcilerExecutor-hivemq-controller-113] DEBUG c.h.p.o.HiveMQPlatformReconciler - [helmplat] Custom Resource Spec (replicas: 1) (extensions: 1)
2025-01-29 13:22:49,899 INFO c.h.h.t.HelmChartContainer - [hivemq-test-hivemq-platform] [hivemq-platform-operator] [e4c1e683] 13:22:49.899 [ReconcilerExecutor-hivemq-controller-113] DEBUG c.h.p.o.HiveMQPlatformReconciler - [helmplat] StatefulSet Status (revision: test-hivemq-platform-589fddf9f4, replicas: 1, available: 0, ready: 0, current: 1, updated: 1)
2025-01-29 13:22:49,900 INFO c.h.h.t.HelmChartContainer - [hivemq-test-hivemq-platform] [hivemq-platform-operator] [e4c1e683] 13:22:49.899 [ReconcilerExecutor-hivemq-controller-113] DEBUG c.h.p.o.HiveMQPlatformReconciler - [helmplat] StatefulSet Spec (replicas: 1, init containers: 1, containers: 1, volumes: 5)
2025-01-29 13:22:49,901 INFO c.h.h.t.HelmChartContainer - [hivemq-test-hivemq-platform] [hivemq-platform-operator] [e4c1e683] 13:22:49.900 [ReconcilerExecutor-hivemq-controller-113] DEBUG c.h.p.o.h.HiveMQPlatformReconcilerErrorHandler - [helmplat] Pod 'test-hivemq-platform-0' phase Running
2025-01-29 13:22:49,902 INFO c.h.h.t.HelmChartContainer - [hivemq-test-hivemq-platform] [hivemq-platform-operator] [e4c1e683] 13:22:49.901 [ReconcilerExecutor-hivemq-controller-113] INFO  c.h.p.o.h.HiveMQPlatformReconcilerBaseHandler - [helmplat] HiveMQ Platform is starting, 0 of 1 replicas are ready
2025-01-29 13:22:51,223 INFO c.h.h.t.HelmChartContainer - [test-hivemq-platform] [hivemq] [8dca6fed] WARN  - [HiveMQ Platform Operator Init App 1.7.0-SNAPSHOT] Cannot connect to Health API for liveness: null
2025-01-29 13:22:51,223 INFO c.h.h.t.HelmChartContainer - [test-hivemq-platform] [hivemq] [8dca6fed] INFO  - [HiveMQ Platform Operator Init App 1.7.0-SNAPSHOT] Returning default Health API response 200 for liveness
2025-01-29 13:22:51,920 INFO c.h.h.t.HelmChartContainer - [test-hivemq-platform] [hivemq] [8dca6fed] INFO  - No valid license file found. Using trial license, restricted to 25 connections.
2025-01-29 13:22:54,825 INFO c.h.h.t.HelmChartContainer - [test-hivemq-platform] [hivemq] [8dca6fed] WARN  - [HiveMQ Platform Operator Init App 1.7.0-SNAPSHOT] Cannot connect to Health API for readiness: null
2025-01-29 13:22:54,830 INFO c.h.h.t.HelmChartContainer - [EVENT] Warning [Unhealthy] Readiness probe failed: HTTP probe failed with statuscode: 503 [helmplatformtlsit:test-hivemq-platform-0]
2025-01-29 13:22:54,830 INFO c.h.h.t.HelmChartContainer - Received Unhealthy event for container hivemq in pod test-hivemq-platform-0 [8dca6fed-4fe3-4988-9307-694277d716ea]
2025-01-29 13:22:55,360 INFO c.h.h.t.HelmChartContainer - [test-hivemq-platform] [hivemq] [8dca6fed] INFO  - No valid license file for Data Hub found. Using free license, restricted to 1 policy.
2025-01-29 13:22:56,441 INFO c.h.h.t.HelmChartContainer - [test-hivemq-platform] [hivemq] [8dca6fed] INFO  - Audit Logger started.
2025-01-29 13:22:56,729 INFO c.h.h.t.HelmChartContainer - [test-hivemq-platform] [hivemq] [8dca6fed] INFO  - This node uses '1' CPU cores.
2025-01-29 13:22:56,734 INFO c.h.h.t.HelmChartContainer - [test-hivemq-platform] [hivemq] [8dca6fed] INFO  - Starting HiveMQ Health API on address 0.0.0.0 and port 8889
2025-01-29 13:22:57,465 INFO c.h.h.t.HelmChartContainer - [test-hivemq-platform] [hivemq] [8dca6fed] INFO  - Started HiveMQ Health API in 731ms
2025-01-29 13:22:58,166 INFO c.h.h.t.HelmChartContainer - [test-hivemq-platform] [hivemq] [8dca6fed] INFO  - Starting HiveMQ extension system.
2025-01-29 13:22:58,462 INFO c.h.h.t.HelmChartContainer - [test-hivemq-platform] [hivemq] [8dca6fed] INFO  - Starting extension with id "hivemq-dns-cluster-discovery" at /opt/hivemq/extensions/hivemq-dns-cluster-discovery
2025-01-29 13:22:58,930 INFO c.h.h.t.HelmChartContainer - [test-hivemq-platform] [hivemq] [8dca6fed] INFO  - Using TCP cluster transport on address 10.42.0.8 and port 7000
2025-01-29 13:22:58,965 INFO c.h.h.t.HelmChartContainer - [test-hivemq-platform] [hivemq] [8dca6fed] INFO  - Extension "DNS Cluster Discovery Extension" version 4.3.2 started successfully.
2025-01-29 13:22:58,965 INFO c.h.h.t.HelmChartContainer - [test-hivemq-platform] [hivemq] [8dca6fed] INFO  - Starting extension with id "hivemq-prometheus-extension" at /opt/hivemq/extensions/hivemq-prometheus-extension
2025-01-29 13:22:59,025 INFO c.h.h.t.HelmChartContainer - [test-hivemq-platform] [hivemq] [8dca6fed] INFO  - Using extension cluster discovery
2025-01-29 13:22:59,909 INFO c.h.h.t.HelmChartContainer - [hivemq-test-hivemq-platform] [hivemq-platform-operator] [e4c1e683] 13:22:59.905 [pool-6-thread-42] DEBUG c.h.p.o.d.PlatformServiceResource - [helmplat] Desired Platform services (4 services)
2025-01-29 13:22:59,911 INFO c.h.h.t.HelmChartContainer - [hivemq-test-hivemq-platform] [hivemq-platform-operator] [e4c1e683] 13:22:59.909 [pool-6-thread-48] DEBUG c.h.p.o.d.PodServiceAccountResource - [helmplat] Desired PodServiceAccountResource (serviceAccountName: hivemq-platform-pod-test-hivemq-platform)
2025-01-29 13:22:59,911 INFO c.h.h.t.HelmChartContainer - [hivemq-test-hivemq-platform] [hivemq-platform-operator] [e4c1e683] 13:22:59.908 [pool-6-thread-43] DEBUG c.h.p.o.dependants.PodInfoConfigMap - [helmplat] Desired PodInfo ConfigMap (1 extensions) (1 enabled)
2025-01-29 13:22:59,911 INFO c.h.h.t.HelmChartContainer - [hivemq-test-hivemq-platform] [hivemq-platform-operator] [e4c1e683] 13:22:59.910 [pool-6-thread-43] DEBUG c.h.p.o.dependants.PodInfoConfigMap - [helmplat] Desired PodInfo ConfigMap (metrics port: 9399) (metrics path: /)
2025-01-29 13:22:59,912 INFO c.h.h.t.HelmChartContainer - [hivemq-test-hivemq-platform] [hivemq-platform-operator] [e4c1e683] 13:22:59.910 [pool-6-thread-43] DEBUG c.h.p.o.dependants.PodInfoConfigMap - [helmplat] Desired PodInfo ConfigMap (extension state hash: -1817474005)
2025-01-29 13:22:59,917 INFO c.h.h.t.HelmChartContainer - [hivemq-test-hivemq-platform] [hivemq-platform-operator] [e4c1e683] 13:22:59.917 [pool-6-thread-42] DEBUG c.h.p.o.d.StatefulSetResource - [helmplat] Desired StatefulSet (1 replicas) for status STARTING (READY)
2025-01-29 13:22:59,929 INFO c.h.h.t.HelmChartContainer - [hivemq-test-hivemq-platform] [hivemq-platform-operator] [e4c1e683] 13:22:59.927 [ReconcilerExecutor-hivemq-controller-114] INFO  c.h.p.o.HiveMQPlatformReconciler - [helmplat] Reconciling HiveMQ Platform 'test-hivemq-platform' in namespace 'helmplatformtlsit'
2025-01-29 13:22:59,930 INFO c.h.h.t.HelmChartContainer - [hivemq-test-hivemq-platform] [hivemq-platform-operator] [e4c1e683] 13:22:59.927 [ReconcilerExecutor-hivemq-controller-114] DEBUG c.h.p.o.HiveMQPlatformReconciler - [helmplat] Custom Resource Status STARTING - HiveMQ Platform is starting (READY)
2025-01-29 13:22:59,930 INFO c.h.h.t.HelmChartContainer - [hivemq-test-hivemq-platform] [hivemq-platform-operator] [e4c1e683] 13:22:59.927 [ReconcilerExecutor-hivemq-controller-114] DEBUG c.h.p.o.HiveMQPlatformReconciler - [helmplat] Custom Resource Spec (replicas: 1) (extensions: 1)
2025-01-29 13:22:59,969 INFO c.h.h.t.HelmChartContainer - [hivemq-test-hivemq-platform] [hivemq-platform-operator] [e4c1e683] 13:22:59.967 [ReconcilerExecutor-hivemq-controller-114] DEBUG c.h.p.o.HiveMQPlatformReconciler - [helmplat] StatefulSet Status (revision: test-hivemq-platform-589fddf9f4, replicas: 1, available: 0, ready: 0, current: 1, updated: 1)
2025-01-29 13:22:59,969 INFO c.h.h.t.HelmChartContainer - [hivemq-test-hivemq-platform] [hivemq-platform-operator] [e4c1e683] 13:22:59.967 [ReconcilerExecutor-hivemq-controller-114] DEBUG c.h.p.o.HiveMQPlatformReconciler - [helmplat] StatefulSet Spec (replicas: 1, init containers: 1, containers: 1, volumes: 5)
2025-01-29 13:22:59,970 INFO c.h.h.t.HelmChartContainer - [hivemq-test-hivemq-platform] [hivemq-platform-operator] [e4c1e683] 13:22:59.969 [ReconcilerExecutor-hivemq-controller-114] DEBUG c.h.p.o.h.HiveMQPlatformReconcilerErrorHandler - [helmplat] Pod 'test-hivemq-platform-0' phase Running
2025-01-29 13:22:59,971 INFO c.h.h.t.HelmChartContainer - [hivemq-test-hivemq-platform] [hivemq-platform-operator] [e4c1e683] 13:22:59.970 [ReconcilerExecutor-hivemq-controller-114] INFO  c.h.p.o.h.HiveMQPlatformReconcilerBaseHandler - [helmplat] HiveMQ Platform is starting, 0 of 1 replicas are ready
2025-01-29 13:23:00,024 INFO c.h.h.t.HelmChartContainer - [test-hivemq-platform] [hivemq] [8dca6fed] INFO  - Started Jetty Server exposing Prometheus Servlet on URI http://0.0.0.0:9399/
2025-01-29 13:23:00,025 INFO c.h.h.t.HelmChartContainer - [test-hivemq-platform] [hivemq] [8dca6fed] INFO  - Extension "Prometheus Monitoring Extension" version 4.0.12 started successfully.
2025-01-29 13:23:00,025 INFO c.h.h.t.HelmChartContainer - [test-hivemq-platform] [hivemq] [8dca6fed] INFO  - Starting extension with id "hivemq-allow-all-extension" at /opt/hivemq/extensions/hivemq-allow-all-extension
2025-01-29 13:23:00,026 INFO c.h.h.t.HelmChartContainer - [test-hivemq-platform] [hivemq] [8dca6fed] WARN  - 
2025-01-29 13:23:00,026 INFO c.h.h.t.HelmChartContainer - [test-hivemq-platform] [hivemq] [8dca6fed] ################################################################################################################
2025-01-29 13:23:00,026 INFO c.h.h.t.HelmChartContainer - [test-hivemq-platform] [hivemq] [8dca6fed] # This HiveMQ deployment is not secure! You are lacking Authentication and Authorization.                      #
2025-01-29 13:23:00,026 INFO c.h.h.t.HelmChartContainer - [test-hivemq-platform] [hivemq] [8dca6fed] # Right now any MQTT client can connect to the broker with a full set of permissions.                          #
2025-01-29 13:23:00,026 INFO c.h.h.t.HelmChartContainer - [test-hivemq-platform] [hivemq] [8dca6fed] # For production usage, add an appropriate security extension and remove the hivemq-allow-all extension.       #
2025-01-29 13:23:00,026 INFO c.h.h.t.HelmChartContainer - [test-hivemq-platform] [hivemq] [8dca6fed] # You can download security extensions from the HiveMQ Marketplace (https://www.hivemq.com/extensions/).       #
2025-01-29 13:23:00,026 INFO c.h.h.t.HelmChartContainer - [test-hivemq-platform] [hivemq] [8dca6fed] ################################################################################################################
2025-01-29 13:23:00,026 INFO c.h.h.t.HelmChartContainer - [test-hivemq-platform] [hivemq] [8dca6fed] INFO  - Extension "Allow All Extension" version 1.1.1 started successfully.
2025-01-29 13:23:00,661 INFO c.h.h.t.HelmChartContainer - [test-hivemq-platform] [hivemq] [8dca6fed] INFO  - [HiveMQ Platform Operator Init App 1.7.0-SNAPSHOT] Returning Health API response 503 for readiness
2025-01-29 13:23:00,665 INFO c.h.h.t.HelmChartContainer - [EVENT] Warning [Unhealthy] Readiness probe failed: HTTP probe failed with statuscode: 503 [helmplatformtlsit:test-hivemq-platform-0]
2025-01-29 13:23:00,665 INFO c.h.h.t.HelmChartContainer - Received Unhealthy event for container hivemq in pod test-hivemq-platform-0 [8dca6fed-4fe3-4988-9307-694277d716ea]
2025-01-29 13:23:02,261 INFO c.h.h.t.HelmChartContainer - [test-hivemq-platform] [hivemq] [8dca6fed] INFO  - c3hbd: no members discovered after 2538 ms: creating cluster as first member
2025-01-29 13:23:02,267 INFO c.h.h.t.HelmChartContainer - [test-hivemq-platform] [hivemq] [8dca6fed] INFO  - Cluster nodes found by discovery: [c3hbd|0] (1) [c3hbd].
2025-01-29 13:23:02,288 INFO c.h.h.t.HelmChartContainer - [test-hivemq-platform] [hivemq] [8dca6fed] WARN  - No user for HiveMQ Control Center configured. Starting with default user
2025-01-29 13:23:02,288 INFO c.h.h.t.HelmChartContainer - [test-hivemq-platform] [hivemq] [8dca6fed] INFO  - Starting HiveMQ Control Center on address 127.0.0.1 and port 8080
2025-01-29 13:23:02,289 INFO c.h.h.t.HelmChartContainer - [test-hivemq-platform] [hivemq] [8dca6fed] INFO  - Mounting HiveMQ Control Center V2 Preview
2025-01-29 13:23:03,063 INFO c.h.h.t.HelmChartContainer - [test-hivemq-platform] [hivemq] [8dca6fed] INFO  - Started HiveMQ Control Center in 775ms
2025-01-29 13:23:03,077 INFO c.h.h.t.HelmChartContainer - [test-hivemq-platform] [hivemq] [8dca6fed] INFO  - Starting TCP listener on address 0.0.0.0 and port 1886
2025-01-29 13:23:03,765 INFO c.h.h.t.HelmChartContainer - [test-hivemq-platform] [hivemq] [8dca6fed] INFO  - Enabled protocols for TCP Listener with TLS at address 0.0.0.0 and port 1884: [TLSv1.3, TLSv1.2]
2025-01-29 13:23:03,766 INFO c.h.h.t.HelmChartContainer - [test-hivemq-platform] [hivemq] [8dca6fed] INFO  - Enabled cipher suites for TCP Listener with TLS at address 0.0.0.0 and port 1884: [TLS_ECDHE_ECDSA_WITH_AES_256_GCM_SHA384, TLS_ECDHE_ECDSA_WITH_AES_128_GCM_SHA256, TLS_ECDHE_RSA_WITH_AES_128_GCM_SHA256, TLS_ECDHE_RSA_WITH_AES_256_GCM_SHA384, TLS_ECDHE_RSA_WITH_AES_128_CBC_SHA, TLS_ECDHE_RSA_WITH_AES_256_CBC_SHA, TLS_RSA_WITH_AES_128_GCM_SHA256, TLS_RSA_WITH_AES_128_CBC_SHA, TLS_RSA_WITH_AES_256_CBC_SHA, TLS_AES_128_GCM_SHA256, TLS_AES_256_GCM_SHA384]
2025-01-29 13:23:03,766 INFO c.h.h.t.HelmChartContainer - [test-hivemq-platform] [hivemq] [8dca6fed] INFO  - Starting TLS TCP listener on address 0.0.0.0 and port 1884
2025-01-29 13:23:03,768 INFO c.h.h.t.HelmChartContainer - [test-hivemq-platform] [hivemq] [8dca6fed] INFO  - Enabled protocols for TCP Listener with TLS at address 0.0.0.0 and port 1885: [TLSv1.3, TLSv1.2]
2025-01-29 13:23:03,768 INFO c.h.h.t.HelmChartContainer - [test-hivemq-platform] [hivemq] [8dca6fed] INFO  - Enabled cipher suites for TCP Listener with TLS at address 0.0.0.0 and port 1885: [TLS_ECDHE_ECDSA_WITH_AES_256_GCM_SHA384, TLS_ECDHE_ECDSA_WITH_AES_128_GCM_SHA256, TLS_ECDHE_RSA_WITH_AES_128_GCM_SHA256, TLS_ECDHE_RSA_WITH_AES_256_GCM_SHA384, TLS_ECDHE_RSA_WITH_AES_128_CBC_SHA, TLS_ECDHE_RSA_WITH_AES_256_CBC_SHA, TLS_RSA_WITH_AES_128_GCM_SHA256, TLS_RSA_WITH_AES_128_CBC_SHA, TLS_RSA_WITH_AES_256_CBC_SHA, TLS_AES_128_GCM_SHA256, TLS_AES_256_GCM_SHA384]
2025-01-29 13:23:03,769 INFO c.h.h.t.HelmChartContainer - [test-hivemq-platform] [hivemq] [8dca6fed] INFO  - Starting TLS TCP listener on address 0.0.0.0 and port 1885
2025-01-29 13:23:03,771 INFO c.h.h.t.HelmChartContainer - [test-hivemq-platform] [hivemq] [8dca6fed] INFO  - Started TCP Listener on address 0.0.0.0 and on port 1886.
2025-01-29 13:23:03,771 INFO c.h.h.t.HelmChartContainer - [test-hivemq-platform] [hivemq] [8dca6fed] INFO  - Started TCP Listener with TLS on address 0.0.0.0 and on port 1884.
2025-01-29 13:23:03,771 INFO c.h.h.t.HelmChartContainer - [test-hivemq-platform] [hivemq] [8dca6fed] INFO  - Started TCP Listener with TLS on address 0.0.0.0 and on port 1885.
2025-01-29 13:23:03,771 INFO c.h.h.t.HelmChartContainer - [test-hivemq-platform] [hivemq] [8dca6fed] INFO  - Started HiveMQ in 32504ms
2025-01-29 13:23:04,772 INFO c.h.h.t.HelmChartContainer - [test-hivemq-platform] [hivemq] [8dca6fed] INFO  - [HiveMQ Platform Operator Init App 1.7.0-SNAPSHOT] Returning Health API response 200 for readiness
2025-01-29 13:23:04,784 INFO c.h.h.t.HelmChartContainer - [POD] test-hivemq-platform-0 [8dca6fed-4fe3-4988-9307-694277d716ea] in helmplatformtlsit was MODIFIED
2025-01-29 13:23:04,799 INFO c.h.h.t.HelmChartContainer - [hivemq-test-hivemq-platform] [hivemq-platform-operator] [e4c1e683] 13:23:04.793 [pool-6-thread-4] DEBUG c.h.p.o.d.PlatformServiceResource - [helmplat] Desired Platform services (4 services)
2025-01-29 13:23:04,803 INFO c.h.h.t.HelmChartContainer - [hivemq-test-hivemq-platform] [hivemq-platform-operator] [e4c1e683] 13:23:04.797 [pool-6-thread-5] DEBUG c.h.p.o.d.PodServiceAccountResource - [helmplat] Desired PodServiceAccountResource (serviceAccountName: hivemq-platform-pod-test-hivemq-platform)
2025-01-29 13:23:04,803 INFO c.h.h.t.HelmChartContainer - [hivemq-test-hivemq-platform] [hivemq-platform-operator] [e4c1e683] 13:23:04.799 [pool-6-thread-6] DEBUG c.h.p.o.dependants.PodInfoConfigMap - [helmplat] Desired PodInfo ConfigMap (1 extensions) (1 enabled)
2025-01-29 13:23:04,803 INFO c.h.h.t.HelmChartContainer - [hivemq-test-hivemq-platform] [hivemq-platform-operator] [e4c1e683] 13:23:04.799 [pool-6-thread-6] DEBUG c.h.p.o.dependants.PodInfoConfigMap - [helmplat] Desired PodInfo ConfigMap (metrics port: 9399) (metrics path: /)
2025-01-29 13:23:04,803 INFO c.h.h.t.HelmChartContainer - [hivemq-test-hivemq-platform] [hivemq-platform-operator] [e4c1e683] 13:23:04.799 [pool-6-thread-6] DEBUG c.h.p.o.dependants.PodInfoConfigMap - [helmplat] Desired PodInfo ConfigMap (extension state hash: -1817474005)
2025-01-29 13:23:04,806 INFO c.h.h.t.HelmChartContainer - [hivemq-test-hivemq-platform] [hivemq-platform-operator] [e4c1e683] 13:23:04.805 [pool-6-thread-4] DEBUG c.h.p.o.d.StatefulSetResource - [helmplat] Desired StatefulSet (1 replicas) for status STARTING (READY)
2025-01-29 13:23:04,811 INFO c.h.h.t.HelmChartContainer - [hivemq-test-hivemq-platform] [hivemq-platform-operator] [e4c1e683] 13:23:04.810 [ReconcilerExecutor-hivemq-controller-115] INFO  c.h.p.o.HiveMQPlatformReconciler - [helmplat] Reconciling HiveMQ Platform 'test-hivemq-platform' in namespace 'helmplatformtlsit'
2025-01-29 13:23:04,812 INFO c.h.h.t.HelmChartContainer - [hivemq-test-hivemq-platform] [hivemq-platform-operator] [e4c1e683] 13:23:04.810 [ReconcilerExecutor-hivemq-controller-115] DEBUG c.h.p.o.HiveMQPlatformReconciler - [helmplat] Custom Resource Status STARTING - HiveMQ Platform is starting (READY)
2025-01-29 13:23:04,812 INFO c.h.h.t.HelmChartContainer - [hivemq-test-hivemq-platform] [hivemq-platform-operator] [e4c1e683] 13:23:04.810 [ReconcilerExecutor-hivemq-controller-115] DEBUG c.h.p.o.HiveMQPlatformReconciler - [helmplat] Custom Resource Spec (replicas: 1) (extensions: 1)
2025-01-29 13:23:04,865 INFO c.h.h.t.HelmChartContainer - [hivemq-test-hivemq-platform] [hivemq-platform-operator] [e4c1e683] 13:23:04.863 [ReconcilerExecutor-hivemq-controller-115] DEBUG c.h.p.o.HiveMQPlatformReconciler - [helmplat] StatefulSet Status (revision: test-hivemq-platform-589fddf9f4, replicas: 1, available: 1, ready: 1, current: 1, updated: 1)
2025-01-29 13:23:04,865 INFO c.h.h.t.HelmChartContainer - [hivemq-test-hivemq-platform] [hivemq-platform-operator] [e4c1e683] 13:23:04.864 [ReconcilerExecutor-hivemq-controller-115] DEBUG c.h.p.o.HiveMQPlatformReconciler - [helmplat] StatefulSet Spec (replicas: 1, init containers: 1, containers: 1, volumes: 5)
2025-01-29 13:23:04,867 INFO c.h.h.t.HelmChartContainer - [hivemq-test-hivemq-platform] [hivemq-platform-operator] [e4c1e683] 13:23:04.865 [ReconcilerExecutor-hivemq-controller-115] DEBUG c.h.p.o.h.HiveMQPlatformReconcilerErrorHandler - [helmplat] Pod 'test-hivemq-platform-0' phase Running
2025-01-29 13:23:04,867 INFO c.h.h.t.HelmChartContainer - [hivemq-test-hivemq-platform] [hivemq-platform-operator] [e4c1e683] 13:23:04.866 [ReconcilerExecutor-hivemq-controller-115] INFO  c.h.p.o.h.HiveMQPlatformReconcilerBaseHandler - [helmplat] HiveMQ Platform started successfully
2025-01-29 13:23:04,968 INFO c.h.h.t.HelmChartContainer - [hivemq-test-hivemq-platform] [hivemq-platform-operator] [e4c1e683] 13:23:04.966 [ReconcilerExecutor-hivemq-controller-115] DEBUG c.h.p.operator.event.EventSender - [helmplat] Creating K8s event hivemq-platform-ready: [Ready] HiveMQ Platform is ready
2025-01-29 13:23:04,973 INFO c.h.h.t.HelmChartContainer - [EVENT] Normal [Ready] HiveMQ Platform is ready [helmplatformtlsit:test-hivemq-platform]
2025-01-29 13:23:04,974 INFO c.h.h.t.HelmChartContainer - [hivemq-test-hivemq-platform] [hivemq-platform-operator] [e4c1e683] 13:23:04.972 [ReconcilerExecutor-hivemq-controller-115] INFO  c.h.p.o.h.AbstractHiveMQReconcilerStateHandler - [helmplat] Update HiveMQ Platform Status (STARTING [READY] -> RUNNING [READY]): HiveMQ Platform is ready
2025-01-29 13:23:04,981 DEBUG com.hivemq.helmcharts.util.K8sUtil - Comparing actual state 'RUNNING' and waiting for 'RUNNING'
2025-01-29 13:23:04,988 INFO c.h.h.t.HelmChartContainer - [hivemq-test-hivemq-platform] [hivemq-platform-operator] [e4c1e683] 13:23:04.986 [pool-6-thread-15] DEBUG c.h.p.o.d.PlatformServiceResource - [helmplat] Desired Platform services (4 services)
2025-01-29 13:23:05,066 INFO c.h.h.t.HelmChartContainer - [hivemq-test-hivemq-platform] [hivemq-platform-operator] [e4c1e683] 13:23:05.063 [pool-6-thread-16] DEBUG c.h.p.o.dependants.PodInfoConfigMap - [helmplat] Desired PodInfo ConfigMap (1 extensions) (1 enabled)
2025-01-29 13:23:05,072 INFO c.h.h.t.HelmChartContainer - [hivemq-test-hivemq-platform] [hivemq-platform-operator] [e4c1e683] 13:23:05.066 [pool-6-thread-16] DEBUG c.h.p.o.dependants.PodInfoConfigMap - [helmplat] Desired PodInfo ConfigMap (metrics port: 9399) (metrics path: /)
2025-01-29 13:23:05,072 INFO c.h.h.t.HelmChartContainer - [hivemq-test-hivemq-platform] [hivemq-platform-operator] [e4c1e683] 13:23:05.066 [pool-6-thread-16] DEBUG c.h.p.o.dependants.PodInfoConfigMap - [helmplat] Desired PodInfo ConfigMap (extension state hash: -1817474005)
2025-01-29 13:23:05,072 INFO c.h.h.t.HelmChartContainer - [hivemq-test-hivemq-platform] [hivemq-platform-operator] [e4c1e683] 13:23:05.067 [pool-6-thread-16] DEBUG c.h.p.o.dependants.PodInfoConfigMap - [helmplat] Update PodInfo ConfigMap
2025-01-29 13:23:05,072 INFO c.h.h.t.HelmChartContainer - [hivemq-test-hivemq-platform] [hivemq-platform-operator] [e4c1e683] 13:23:05.065 [pool-6-thread-14] DEBUG c.h.p.o.d.PodServiceAccountResource - [helmplat] Desired PodServiceAccountResource (serviceAccountName: hivemq-platform-pod-test-hivemq-platform)
2025-01-29 13:23:05,080 INFO c.h.h.t.HelmChartContainer - [hivemq-test-hivemq-platform] [hivemq-platform-operator] [e4c1e683] 13:23:05.079 [pool-6-thread-16] DEBUG c.h.p.o.d.StatefulSetResource - [helmplat] Desired StatefulSet (1 replicas) for status RUNNING (READY)
2025-01-29 13:23:05,170 INFO c.h.h.t.HelmChartContainer - [hivemq-test-hivemq-platform] [hivemq-platform-operator] [e4c1e683] 13:23:05.164 [ReconcilerExecutor-hivemq-controller-116] INFO  c.h.p.o.HiveMQPlatformReconciler - [helmplat] Reconciling HiveMQ Platform 'test-hivemq-platform' in namespace 'helmplatformtlsit'
2025-01-29 13:23:05,170 INFO c.h.h.t.HelmChartContainer - [hivemq-test-hivemq-platform] [hivemq-platform-operator] [e4c1e683] 13:23:05.164 [ReconcilerExecutor-hivemq-controller-116] DEBUG c.h.p.o.HiveMQPlatformReconciler - [helmplat] Custom Resource Status RUNNING - HiveMQ Platform is ready (READY)
2025-01-29 13:23:05,170 INFO c.h.h.t.HelmChartContainer - [hivemq-test-hivemq-platform] [hivemq-platform-operator] [e4c1e683] 13:23:05.164 [ReconcilerExecutor-hivemq-controller-116] DEBUG c.h.p.o.HiveMQPlatformReconciler - [helmplat] Custom Resource Spec (replicas: 1) (extensions: 1)
2025-01-29 13:23:05,170 INFO c.h.h.t.HelmChartContainer - [hivemq-test-hivemq-platform] [hivemq-platform-operator] [e4c1e683] 13:23:05.169 [ReconcilerExecutor-hivemq-controller-116] DEBUG c.h.p.o.HiveMQPlatformReconciler - [helmplat] StatefulSet Status (revision: test-hivemq-platform-589fddf9f4, replicas: 1, available: 1, ready: 1, current: 1, updated: 1)
2025-01-29 13:23:05,171 INFO c.h.h.t.HelmChartContainer - [hivemq-test-hivemq-platform] [hivemq-platform-operator] [e4c1e683] 13:23:05.169 [ReconcilerExecutor-hivemq-controller-116] DEBUG c.h.p.o.HiveMQPlatformReconciler - [helmplat] StatefulSet Spec (replicas: 1, init containers: 1, containers: 1, volumes: 5)
2025-01-29 13:23:05,172 INFO c.h.h.t.HelmChartContainer - [hivemq-test-hivemq-platform] [hivemq-platform-operator] [e4c1e683] 13:23:05.171 [ReconcilerExecutor-hivemq-controller-116] DEBUG c.h.p.o.h.HiveMQPlatformReconcilerErrorHandler - [helmplat] Pod 'test-hivemq-platform-0' phase Running
2025-01-29 13:23:13,826 INFO c.h.h.t.HelmChartContainer - Uninstalling release 'test-hivemq-platform' in namespace 'helmplatformtlsit'...
2025-01-29 13:23:13,827 DEBUG c.h.h.t.HelmChartContainer - Executing helm command: /bin/helm --kubeconfig /etc/rancher/k3s/k3s.yaml uninstall test-hivemq-platform  --wait --timeout 5m0s --cascade foreground --namespace helmplatformtlsit
2025-01-29 13:23:14,007 INFO c.h.h.t.HelmChartContainer - [hivemq-test-hivemq-platform] [hivemq-platform-operator] [e4c1e683] 13:23:14.005 [pool-6-thread-23] DEBUG c.h.p.o.dependants.PodInfoConfigMap - [helmplat] Desired PodInfo ConfigMap (1 extensions) (1 enabled)
2025-01-29 13:23:14,014 INFO c.h.h.t.HelmChartContainer - [hivemq-test-hivemq-platform] [hivemq-platform-operator] [e4c1e683] 13:23:14.008 [pool-6-thread-23] DEBUG c.h.p.o.dependants.PodInfoConfigMap - [helmplat] Desired PodInfo ConfigMap (metrics port: 9399) (metrics path: /)
2025-01-29 13:23:14,014 INFO c.h.h.t.HelmChartContainer - [hivemq-test-hivemq-platform] [hivemq-platform-operator] [e4c1e683] 13:23:14.008 [pool-6-thread-23] DEBUG c.h.p.o.dependants.PodInfoConfigMap - [helmplat] Desired PodInfo ConfigMap (extension state hash: -1817474005)
2025-01-29 13:23:14,016 INFO c.h.h.t.HelmChartContainer - [hivemq-test-hivemq-platform] [hivemq-platform-operator] [e4c1e683] 13:23:14.006 [pool-6-thread-24] DEBUG c.h.p.o.d.PodServiceAccountResource - [helmplat] Desired PodServiceAccountResource (serviceAccountName: hivemq-platform-pod-test-hivemq-platform)
2025-01-29 13:23:14,019 INFO c.h.h.t.HelmChartContainer - [hivemq-test-hivemq-platform] [hivemq-platform-operator] [e4c1e683] 13:23:14.007 [pool-6-thread-29] DEBUG c.h.p.o.d.PlatformServiceResource - [helmplat] Desired Platform services (4 services)
2025-01-29 13:23:14,072 INFO c.h.h.t.HelmChartContainer - [hivemq-test-hivemq-platform] [hivemq-platform-operator] [e4c1e683] 13:23:14.071 [pool-6-thread-29] DEBUG c.h.p.o.d.StatefulSetResource - [helmplat] Desired StatefulSet (1 replicas) for status RUNNING (READY)
2025-01-29 13:23:14,165 INFO c.h.h.t.HelmChartContainer - [hivemq-test-hivemq-platform] [hivemq-platform-operator] [e4c1e683] 13:23:14.163 [pool-6-thread-29] DEBUG c.h.p.o.d.StatefulSetResource - [helmplat] Update StatefulSet (replicas: 1 -> 1)
2025-01-29 13:23:14,166 INFO c.h.h.t.HelmChartContainer - [hivemq-test-hivemq-platform] [hivemq-platform-operator] [e4c1e683] 13:23:14.164 [pool-6-thread-29] DEBUG c.h.p.o.d.StatefulSetResource - [helmplat] Detected change in StatefulSet specification (path: /template/metadata/annotations/kubernetes-resource-versions) (actual value: {broker-configuration-v2=-1848364994, env-var-secret-mqtt-keystore-password-1885=798}) (target value: {broker-configuration-v2=0, env-var-secret-mqtt-keystore-password-1885=798})
2025-01-29 13:23:14,166 INFO c.h.h.t.HelmChartContainer - [hivemq-test-hivemq-platform] [hivemq-platform-operator] [e4c1e683] 13:23:14.164 [pool-6-thread-29] INFO  c.h.p.o.d.StatefulSetResource - [helmplat] StatefulSet spec was updated, triggering rolling restart
2025-01-29 13:23:14,182 INFO c.h.h.t.HelmChartContainer - [hivemq-test-hivemq-platform] [hivemq-platform-operator] [e4c1e683] 13:23:14.181 [ReconcilerExecutor-hivemq-controller-117] INFO  c.h.p.o.HiveMQPlatformReconciler - [helmplat] Reconciling HiveMQ Platform 'test-hivemq-platform' in namespace 'helmplatformtlsit'
2025-01-29 13:23:14,184 INFO c.h.h.t.HelmChartContainer - [hivemq-test-hivemq-platform] [hivemq-platform-operator] [e4c1e683] 13:23:14.182 [ReconcilerExecutor-hivemq-controller-117] DEBUG c.h.p.o.HiveMQPlatformReconciler - [helmplat] Custom Resource Status RUNNING - HiveMQ Platform is ready (READY) (reconciliation requests: REQUESTS_UPDATED, ROLLING_RESTART)
2025-01-29 13:23:14,184 INFO c.h.h.t.HelmChartContainer - [hivemq-test-hivemq-platform] [hivemq-platform-operator] [e4c1e683] 13:23:14.183 [ReconcilerExecutor-hivemq-controller-117] DEBUG c.h.p.o.HiveMQPlatformReconciler - [helmplat] Custom Resource Spec (replicas: 1) (extensions: 1)
2025-01-29 13:23:14,184 INFO c.h.h.t.HelmChartContainer - [hivemq-test-hivemq-platform] [hivemq-platform-operator] [e4c1e683] 13:23:14.183 [ReconcilerExecutor-hivemq-controller-117] WARN  c.h.p.o.h.HiveMQPlatformReconcilerErrorHandler - [helmplat] Could not find ConfigMap 'hivemq-configuration-test-hivemq-platform' for HiveMQ Platform configuration
2025-01-29 13:23:14,364 INFO c.h.h.t.HelmChartContainer - [hivemq-test-hivemq-platform] [hivemq-platform-operator] [e4c1e683] 13:23:14.362 [ReconcilerExecutor-hivemq-controller-117] DEBUG c.h.p.operator.event.EventSender - [helmplat] Creating K8s event hivemq-platform-invalid-configuration: [Start] Could not find ConfigMap 'hivemq-configuration-test-hivemq-platform' for HiveMQ Platform configuration
2025-01-29 13:23:14,369 INFO c.h.h.t.HelmChartContainer - [EVENT] Warning [Start] Could not find ConfigMap 'hivemq-configuration-test-hivemq-platform' for HiveMQ Platform configuration [helmplatformtlsit:test-hivemq-platform]
2025-01-29 13:23:14,371 INFO c.h.h.t.HelmChartContainer - [hivemq-test-hivemq-platform] [hivemq-platform-operator] [e4c1e683] 13:23:14.370 [ReconcilerExecutor-hivemq-controller-117] INFO  c.h.p.o.h.AbstractHiveMQReconcilerStateHandler - [helmplat] Update HiveMQ Platform Status (RUNNING [READY] -> ERROR [INVALID_CONFIG_MAP]): Could not find ConfigMap 'hivemq-configuration-test-hivemq-platform' for HiveMQ Platform configuration (reconciliation requests: ROLLING_RESTART)
2025-01-29 13:23:14,383 INFO c.h.h.t.HelmChartContainer - [hivemq-test-hivemq-platform] [hivemq-platform-operator] [e4c1e683] 13:23:14.379 [ReconcilerExecutor-hivemq-controller-117] ERROR i.j.o.p.event.EventProcessor - Error during event processing ExecutionScope{ resource id: ResourceID{name='test-hivemq-platform', namespace='helmplatformtlsit'}, version: 894}
2025-01-29 13:23:14,383 INFO c.h.h.t.HelmChartContainer - [hivemq-test-hivemq-platform] [hivemq-platform-operator] [e4c1e683] io.fabric8.kubernetes.client.KubernetesClientException: Failure executing: PUT at: https://10.43.0.1:443/apis/hivemq.com/v1/namespaces/helmplatformtlsit/hivemq-platforms/test-hivemq-platform/status. Message: Operation cannot be fulfilled on hivemq-platforms.hivemq.com "test-hivemq-platform": the object has been modified; please apply your changes to the latest version and try again. Received status: Status(apiVersion=v1, code=409, details=StatusDetails(causes=[], group=hivemq.com, kind=hivemq-platforms, name=test-hivemq-platform, retryAfterSeconds=null, uid=null, additionalProperties={}), kind=Status, message=Operation cannot be fulfilled on hivemq-platforms.hivemq.com "test-hivemq-platform": the object has been modified; please apply your changes to the latest version and try again, metadata=ListMeta(_continue=null, remainingItemCount=null, resourceVersion=null, selfLink=null, additionalProperties={}), reason=Conflict, status=Failure, additionalProperties={}).
2025-01-29 13:23:14,383 INFO c.h.h.t.HelmChartContainer - [hivemq-test-hivemq-platform] [hivemq-platform-operator] [e4c1e683] 	at io.fabric8.kubernetes.client.KubernetesClientException.copyAsCause(KubernetesClientException.java:238)
2025-01-29 13:23:14,383 INFO c.h.h.t.HelmChartContainer - [hivemq-test-hivemq-platform] [hivemq-platform-operator] [e4c1e683] 	at io.fabric8.kubernetes.client.dsl.internal.OperationSupport.waitForResult(OperationSupport.java:507)
2025-01-29 13:23:14,383 INFO c.h.h.t.HelmChartContainer - [hivemq-test-hivemq-platform] [hivemq-platform-operator] [e4c1e683] 	at io.fabric8.kubernetes.client.dsl.internal.OperationSupport.handleResponse(OperationSupport.java:524)
2025-01-29 13:23:14,383 INFO c.h.h.t.HelmChartContainer - [hivemq-test-hivemq-platform] [hivemq-platform-operator] [e4c1e683] 	at io.fabric8.kubernetes.client.dsl.internal.OperationSupport.handleUpdate(OperationSupport.java:358)
2025-01-29 13:23:14,383 INFO c.h.h.t.HelmChartContainer - [hivemq-test-hivemq-platform] [hivemq-platform-operator] [e4c1e683] 	at io.fabric8.kubernetes.client.dsl.internal.BaseOperation.handleUpdate(BaseOperation.java:759)
2025-01-29 13:23:14,383 INFO c.h.h.t.HelmChartContainer - [hivemq-test-hivemq-platform] [hivemq-platform-operator] [e4c1e683] 	at io.fabric8.kubernetes.client.dsl.internal.HasMetadataOperation.update(HasMetadataOperation.java:138)
2025-01-29 13:23:14,383 INFO c.h.h.t.HelmChartContainer - [hivemq-test-hivemq-platform] [hivemq-platform-operator] [e4c1e683] 	at io.fabric8.kubernetes.client.dsl.internal.HasMetadataOperation.update(HasMetadataOperation.java:121)
2025-01-29 13:23:14,383 INFO c.h.h.t.HelmChartContainer - [hivemq-test-hivemq-platform] [hivemq-platform-operator] [e4c1e683] 	at io.fabric8.kubernetes.client.dsl.internal.HasMetadataOperation.updateStatus(HasMetadataOperation.java:126)
2025-01-29 13:23:14,383 INFO c.h.h.t.HelmChartContainer - [hivemq-test-hivemq-platform] [hivemq-platform-operator] [e4c1e683] 	at io.fabric8.kubernetes.client.dsl.internal.HasMetadataOperation.updateStatus(HasMetadataOperation.java:44)
2025-01-29 13:23:14,383 INFO c.h.h.t.HelmChartContainer - [hivemq-test-hivemq-platform] [hivemq-platform-operator] [e4c1e683] 	at io.javaoperatorsdk.operator.processing.event.ReconciliationDispatcher$CustomResourceFacade.updateStatus(ReconciliationDispatcher.java:408)
2025-01-29 13:23:14,383 INFO c.h.h.t.HelmChartContainer - [hivemq-test-hivemq-platform] [hivemq-platform-operator] [e4c1e683] 	at io.javaoperatorsdk.operator.processing.event.ReconciliationDispatcher.updateStatusGenerationAware(ReconciliationDispatcher.java:228)
2025-01-29 13:23:14,383 INFO c.h.h.t.HelmChartContainer - [hivemq-test-hivemq-platform] [hivemq-platform-operator] [e4c1e683] 	at io.javaoperatorsdk.operator.processing.event.ReconciliationDispatcher.reconcileExecution(ReconciliationDispatcher.java:150)
2025-01-29 13:23:14,383 INFO c.h.h.t.HelmChartContainer - [hivemq-test-hivemq-platform] [hivemq-platform-operator] [e4c1e683] 	at io.javaoperatorsdk.operator.processing.event.ReconciliationDispatcher.handleReconcile(ReconciliationDispatcher.java:117)
2025-01-29 13:23:14,383 INFO c.h.h.t.HelmChartContainer - [hivemq-test-hivemq-platform] [hivemq-platform-operator] [e4c1e683] 	at io.javaoperatorsdk.operator.processing.event.ReconciliationDispatcher.handleDispatch(ReconciliationDispatcher.java:91)
2025-01-29 13:23:14,383 INFO c.h.h.t.HelmChartContainer - [hivemq-test-hivemq-platform] [hivemq-platform-operator] [e4c1e683] 	at io.javaoperatorsdk.operator.processing.event.ReconciliationDispatcher.handleExecution(ReconciliationDispatcher.java:64)
2025-01-29 13:23:14,383 INFO c.h.h.t.HelmChartContainer - [hivemq-test-hivemq-platform] [hivemq-platform-operator] [e4c1e683] 	at io.javaoperatorsdk.operator.processing.event.EventProcessor$ReconcilerExecutor.run(EventProcessor.java:452)
2025-01-29 13:23:14,383 INFO c.h.h.t.HelmChartContainer - [hivemq-test-hivemq-platform] [hivemq-platform-operator] [e4c1e683] 	at java.base/java.util.concurrent.ThreadPoolExecutor.runWorker(Unknown Source)
2025-01-29 13:23:14,383 INFO c.h.h.t.HelmChartContainer - [hivemq-test-hivemq-platform] [hivemq-platform-operator] [e4c1e683] 	at java.base/java.util.concurrent.ThreadPoolExecutor$Worker.run(Unknown Source)
2025-01-29 13:23:14,383 INFO c.h.h.t.HelmChartContainer - [hivemq-test-hivemq-platform] [hivemq-platform-operator] [e4c1e683] 	at java.base/java.lang.Thread.run(Unknown Source)
2025-01-29 13:23:14,383 INFO c.h.h.t.HelmChartContainer - [hivemq-test-hivemq-platform] [hivemq-platform-operator] [e4c1e683] Caused by: io.fabric8.kubernetes.client.KubernetesClientException: Failure executing: PUT at: https://10.43.0.1:443/apis/hivemq.com/v1/namespaces/helmplatformtlsit/hivemq-platforms/test-hivemq-platform/status. Message: Operation cannot be fulfilled on hivemq-platforms.hivemq.com "test-hivemq-platform": the object has been modified; please apply your changes to the latest version and try again. Received status: Status(apiVersion=v1, code=409, details=StatusDetails(causes=[], group=hivemq.com, kind=hivemq-platforms, name=test-hivemq-platform, retryAfterSeconds=null, uid=null, additionalProperties={}), kind=Status, message=Operation cannot be fulfilled on hivemq-platforms.hivemq.com "test-hivemq-platform": the object has been modified; please apply your changes to the latest version and try again, metadata=ListMeta(_continue=null, remainingItemCount=null, resourceVersion=null, selfLink=null, additionalProperties={}), reason=Conflict, status=Failure, additionalProperties={}).
2025-01-29 13:23:14,383 INFO c.h.h.t.HelmChartContainer - [hivemq-test-hivemq-platform] [hivemq-platform-operator] [e4c1e683] 	at io.fabric8.kubernetes.client.dsl.internal.OperationSupport.requestFailure(OperationSupport.java:660)
2025-01-29 13:23:14,383 INFO c.h.h.t.HelmChartContainer - [hivemq-test-hivemq-platform] [hivemq-platform-operator] [e4c1e683] 	at io.fabric8.kubernetes.client.dsl.internal.OperationSupport.requestFailure(OperationSupport.java:640)
2025-01-29 13:23:14,383 INFO c.h.h.t.HelmChartContainer - [hivemq-test-hivemq-platform] [hivemq-platform-operator] [e4c1e683] 	at io.fabric8.kubernetes.client.dsl.internal.OperationSupport.assertResponseCode(OperationSupport.java:589)
2025-01-29 13:23:14,383 INFO c.h.h.t.HelmChartContainer - [hivemq-test-hivemq-platform] [hivemq-platform-operator] [e4c1e683] 	at io.fabric8.kubernetes.client.dsl.internal.OperationSupport.lambda$handleResponse$0(OperationSupport.java:549)
2025-01-29 13:23:14,383 INFO c.h.h.t.HelmChartContainer - [hivemq-test-hivemq-platform] [hivemq-platform-operator] [e4c1e683] 	at java.base/java.util.concurrent.CompletableFuture$UniApply.tryFire(Unknown Source)
2025-01-29 13:23:14,383 INFO c.h.h.t.HelmChartContainer - [hivemq-test-hivemq-platform] [hivemq-platform-operator] [e4c1e683] 	at java.base/java.util.concurrent.CompletableFuture.postComplete(Unknown Source)
2025-01-29 13:23:14,383 INFO c.h.h.t.HelmChartContainer - [hivemq-test-hivemq-platform] [hivemq-platform-operator] [e4c1e683] 	at java.base/java.util.concurrent.CompletableFuture.complete(Unknown Source)
2025-01-29 13:23:14,383 INFO c.h.h.t.HelmChartContainer - [hivemq-test-hivemq-platform] [hivemq-platform-operator] [e4c1e683] 	at io.fabric8.kubernetes.client.http.StandardHttpClient.lambda$completeOrCancel$10(StandardHttpClient.java:141)
2025-01-29 13:23:14,383 INFO c.h.h.t.HelmChartContainer - [hivemq-test-hivemq-platform] [hivemq-platform-operator] [e4c1e683] 	at java.base/java.util.concurrent.CompletableFuture.uniWhenComplete(Unknown Source)
2025-01-29 13:23:14,383 INFO c.h.h.t.HelmChartContainer - [hivemq-test-hivemq-platform] [hivemq-platform-operator] [e4c1e683] 	at java.base/java.util.concurrent.CompletableFuture$UniWhenComplete.tryFire(Unknown Source)
2025-01-29 13:23:14,383 INFO c.h.h.t.HelmChartContainer - [hivemq-test-hivemq-platform] [hivemq-platform-operator] [e4c1e683] 	at java.base/java.util.concurrent.CompletableFuture.postComplete(Unknown Source)
2025-01-29 13:23:14,383 INFO c.h.h.t.HelmChartContainer - [hivemq-test-hivemq-platform] [hivemq-platform-operator] [e4c1e683] 	at java.base/java.util.concurrent.CompletableFuture.complete(Unknown Source)
2025-01-29 13:23:14,384 INFO c.h.h.t.HelmChartContainer - [hivemq-test-hivemq-platform] [hivemq-platform-operator] [e4c1e683] 	at io.fabric8.kubernetes.client.http.ByteArrayBodyHandler.onBodyDone(ByteArrayBodyHandler.java:51)
2025-01-29 13:23:14,384 INFO c.h.h.t.HelmChartContainer - [hivemq-test-hivemq-platform] [hivemq-platform-operator] [e4c1e683] 	at java.base/java.util.concurrent.CompletableFuture.uniWhenComplete(Unknown Source)
2025-01-29 13:23:14,384 INFO c.h.h.t.HelmChartContainer - [hivemq-test-hivemq-platform] [hivemq-platform-operator] [e4c1e683] 	at java.base/java.util.concurrent.CompletableFuture$UniWhenComplete.tryFire(Unknown Source)
2025-01-29 13:23:14,384 INFO c.h.h.t.HelmChartContainer - [hivemq-test-hivemq-platform] [hivemq-platform-operator] [e4c1e683] 	at java.base/java.util.concurrent.CompletableFuture.postComplete(Unknown Source)
2025-01-29 13:23:14,384 INFO c.h.h.t.HelmChartContainer - [hivemq-test-hivemq-platform] [hivemq-platform-operator] [e4c1e683] 	at java.base/java.util.concurrent.CompletableFuture.complete(Unknown Source)
2025-01-29 13:23:14,384 INFO c.h.h.t.HelmChartContainer - [hivemq-test-hivemq-platform] [hivemq-platform-operator] [e4c1e683] 	at io.fabric8.kubernetes.client.vertx.VertxHttpRequest.lambda$null$1(VertxHttpRequest.java:121)
2025-01-29 13:23:14,384 INFO c.h.h.t.HelmChartContainer - [hivemq-test-hivemq-platform] [hivemq-platform-operator] [e4c1e683] 	at io.vertx.core.impl.ContextInternal.dispatch(ContextInternal.java:279)
2025-01-29 13:23:14,384 INFO c.h.h.t.HelmChartContainer - [hivemq-test-hivemq-platform] [hivemq-platform-operator] [e4c1e683] 	at io.vertx.core.impl.ContextInternal.dispatch(ContextInternal.java:261)
2025-01-29 13:23:14,384 INFO c.h.h.t.HelmChartContainer - [hivemq-test-hivemq-platform] [hivemq-platform-operator] [e4c1e683] 	at io.vertx.core.http.impl.HttpEventHandler.handleEnd(HttpEventHandler.java:76)
2025-01-29 13:23:14,384 INFO c.h.h.t.HelmChartContainer - [hivemq-test-hivemq-platform] [hivemq-platform-operator] [e4c1e683] 	at io.vertx.core.http.impl.HttpClientResponseImpl.handleEnd(HttpClientResponseImpl.java:250)
2025-01-29 13:23:14,384 INFO c.h.h.t.HelmChartContainer - [hivemq-test-hivemq-platform] [hivemq-platform-operator] [e4c1e683] 	at io.vertx.core.http.impl.Http1xClientConnection$StreamImpl.lambda$new$0(Http1xClientConnection.java:421)
2025-01-29 13:23:14,384 INFO c.h.h.t.HelmChartContainer - [hivemq-test-hivemq-platform] [hivemq-platform-operator] [e4c1e683] 	at io.vertx.core.streams.impl.InboundBuffer.handleEvent(InboundBuffer.java:279)
2025-01-29 13:23:14,384 INFO c.h.h.t.HelmChartContainer - [hivemq-test-hivemq-platform] [hivemq-platform-operator] [e4c1e683] 	at io.vertx.core.streams.impl.InboundBuffer.write(InboundBuffer.java:157)
2025-01-29 13:23:14,384 INFO c.h.h.t.HelmChartContainer - [hivemq-test-hivemq-platform] [hivemq-platform-operator] [e4c1e683] 	at io.vertx.core.http.impl.Http1xClientConnection$StreamImpl.handleEnd(Http1xClientConnection.java:709)
2025-01-29 13:23:14,384 INFO c.h.h.t.HelmChartContainer - [hivemq-test-hivemq-platform] [hivemq-platform-operator] [e4c1e683] 	at io.vertx.core.impl.ContextImpl.execute(ContextImpl.java:313)
2025-01-29 13:23:14,384 INFO c.h.h.t.HelmChartContainer - [hivemq-test-hivemq-platform] [hivemq-platform-operator] [e4c1e683] 	at io.vertx.core.impl.ContextImpl.execute(ContextImpl.java:293)
2025-01-29 13:23:14,384 INFO c.h.h.t.HelmChartContainer - [hivemq-test-hivemq-platform] [hivemq-platform-operator] [e4c1e683] 	at io.vertx.core.http.impl.Http1xClientConnection.handleResponseEnd(Http1xClientConnection.java:940)
2025-01-29 13:23:14,384 INFO c.h.h.t.HelmChartContainer - [hivemq-test-hivemq-platform] [hivemq-platform-operator] [e4c1e683] 	at io.vertx.core.http.impl.Http1xClientConnection.handleHttpMessage(Http1xClientConnection.java:810)
2025-01-29 13:23:14,384 INFO c.h.h.t.HelmChartContainer - [hivemq-test-hivemq-platform] [hivemq-platform-operator] [e4c1e683] 	at io.vertx.core.http.impl.Http1xClientConnection.handleMessage(Http1xClientConnection.java:774)
2025-01-29 13:23:14,384 INFO c.h.h.t.HelmChartContainer - [hivemq-test-hivemq-platform] [hivemq-platform-operator] [e4c1e683] 	at io.vertx.core.net.impl.ConnectionBase.read(ConnectionBase.java:159)
2025-01-29 13:23:14,384 INFO c.h.h.t.HelmChartContainer - [hivemq-test-hivemq-platform] [hivemq-platform-operator] [e4c1e683] 	at io.vertx.core.net.impl.VertxHandler.channelRead(VertxHandler.java:153)
2025-01-29 13:23:14,384 INFO c.h.h.t.HelmChartContainer - [hivemq-test-hivemq-platform] [hivemq-platform-operator] [e4c1e683] 	at io.netty.channel.AbstractChannelHandlerContext.invokeChannelRead(AbstractChannelHandlerContext.java:442)
2025-01-29 13:23:14,384 INFO c.h.h.t.HelmChartContainer - [hivemq-test-hivemq-platform] [hivemq-platform-operator] [e4c1e683] 	at io.netty.channel.AbstractChannelHandlerContext.invokeChannelRead(AbstractChannelHandlerContext.java:420)
2025-01-29 13:23:14,384 INFO c.h.h.t.HelmChartContainer - [hivemq-test-hivemq-platform] [hivemq-platform-operator] [e4c1e683] 	at io.netty.channel.AbstractChannelHandlerContext.fireChannelRead(AbstractChannelHandlerContext.java:412)
2025-01-29 13:23:14,384 INFO c.h.h.t.HelmChartContainer - [hivemq-test-hivemq-platform] [hivemq-platform-operator] [e4c1e683] 	at io.netty.channel.CombinedChannelDuplexHandler$DelegatingChannelHandlerContext.fireChannelRead(CombinedChannelDuplexHandler.java:436)
2025-01-29 13:23:14,384 INFO c.h.h.t.HelmChartContainer - [hivemq-test-hivemq-platform] [hivemq-platform-operator] [e4c1e683] 	at io.netty.handler.codec.ByteToMessageDecoder.fireChannelRead(ByteToMessageDecoder.java:346)
2025-01-29 13:23:14,384 INFO c.h.h.t.HelmChartContainer - [hivemq-test-hivemq-platform] [hivemq-platform-operator] [e4c1e683] 	at io.netty.handler.codec.ByteToMessageDecoder.channelRead(ByteToMessageDecoder.java:318)
2025-01-29 13:23:14,384 INFO c.h.h.t.HelmChartContainer - [hivemq-test-hivemq-platform] [hivemq-platform-operator] [e4c1e683] 	at io.netty.channel.CombinedChannelDuplexHandler.channelRead(CombinedChannelDuplexHandler.java:251)
2025-01-29 13:23:14,384 INFO c.h.h.t.HelmChartContainer - [hivemq-test-hivemq-platform] [hivemq-platform-operator] [e4c1e683] 	at io.netty.channel.AbstractChannelHandlerContext.invokeChannelRead(AbstractChannelHandlerContext.java:442)
2025-01-29 13:23:14,384 INFO c.h.h.t.HelmChartContainer - [hivemq-test-hivemq-platform] [hivemq-platform-operator] [e4c1e683] 	at io.netty.channel.AbstractChannelHandlerContext.invokeChannelRead(AbstractChannelHandlerContext.java:420)
2025-01-29 13:23:14,385 INFO c.h.h.t.HelmChartContainer - [hivemq-test-hivemq-platform] [hivemq-platform-operator] [e4c1e683] 	at io.netty.channel.AbstractChannelHandlerContext.fireChannelRead(AbstractChannelHandlerContext.java:412)
2025-01-29 13:23:14,385 INFO c.h.h.t.HelmChartContainer - [hivemq-test-hivemq-platform] [hivemq-platform-operator] [e4c1e683] 	at io.netty.handler.ssl.SslHandler.unwrap(SslHandler.java:1475)
2025-01-29 13:23:14,385 INFO c.h.h.t.HelmChartContainer - [hivemq-test-hivemq-platform] [hivemq-platform-operator] [e4c1e683] 	at io.netty.handler.ssl.SslHandler.decodeJdkCompatible(SslHandler.java:1338)
2025-01-29 13:23:14,385 INFO c.h.h.t.HelmChartContainer - [hivemq-test-hivemq-platform] [hivemq-platform-operator] [e4c1e683] 	at io.netty.handler.ssl.SslHandler.decode(SslHandler.java:1387)
2025-01-29 13:23:14,385 INFO c.h.h.t.HelmChartContainer - [hivemq-test-hivemq-platform] [hivemq-platform-operator] [e4c1e683] 	at io.netty.handler.codec.ByteToMessageDecoder.decodeRemovalReentryProtection(ByteToMessageDecoder.java:530)
2025-01-29 13:23:14,385 INFO c.h.h.t.HelmChartContainer - [hivemq-test-hivemq-platform] [hivemq-platform-operator] [e4c1e683] 	at io.netty.handler.codec.ByteToMessageDecoder.callDecode(ByteToMessageDecoder.java:469)
2025-01-29 13:23:14,385 INFO c.h.h.t.HelmChartContainer - [hivemq-test-hivemq-platform] [hivemq-platform-operator] [e4c1e683] 	at io.netty.handler.codec.ByteToMessageDecoder.channelRead(ByteToMessageDecoder.java:290)
2025-01-29 13:23:14,385 INFO c.h.h.t.HelmChartContainer - [hivemq-test-hivemq-platform] [hivemq-platform-operator] [e4c1e683] 	at io.netty.channel.AbstractChannelHandlerContext.invokeChannelRead(AbstractChannelHandlerContext.java:444)
2025-01-29 13:23:14,385 INFO c.h.h.t.HelmChartContainer - [hivemq-test-hivemq-platform] [hivemq-platform-operator] [e4c1e683] 	at io.netty.channel.AbstractChannelHandlerContext.invokeChannelRead(AbstractChannelHandlerContext.java:420)
2025-01-29 13:23:14,385 INFO c.h.h.t.HelmChartContainer - [hivemq-test-hivemq-platform] [hivemq-platform-operator] [e4c1e683] 	at io.netty.channel.AbstractChannelHandlerContext.fireChannelRead(AbstractChannelHandlerContext.java:412)
2025-01-29 13:23:14,385 INFO c.h.h.t.HelmChartContainer - [hivemq-test-hivemq-platform] [hivemq-platform-operator] [e4c1e683] 	at io.netty.channel.DefaultChannelPipeline$HeadContext.channelRead(DefaultChannelPipeline.java:1407)
2025-01-29 13:23:14,385 INFO c.h.h.t.HelmChartContainer - [hivemq-test-hivemq-platform] [hivemq-platform-operator] [e4c1e683] 	at io.netty.channel.AbstractChannelHandlerContext.invokeChannelRead(AbstractChannelHandlerContext.java:440)
2025-01-29 13:23:14,385 INFO c.h.h.t.HelmChartContainer - [hivemq-test-hivemq-platform] [hivemq-platform-operator] [e4c1e683] 	at io.netty.channel.AbstractChannelHandlerContext.invokeChannelRead(AbstractChannelHandlerContext.java:420)
2025-01-29 13:23:14,385 INFO c.h.h.t.HelmChartContainer - [hivemq-test-hivemq-platform] [hivemq-platform-operator] [e4c1e683] 	at io.netty.channel.DefaultChannelPipeline.fireChannelRead(DefaultChannelPipeline.java:918)
2025-01-29 13:23:14,385 INFO c.h.h.t.HelmChartContainer - [hivemq-test-hivemq-platform] [hivemq-platform-operator] [e4c1e683] 	at io.netty.channel.nio.AbstractNioByteChannel$NioByteUnsafe.read(AbstractNioByteChannel.java:166)
2025-01-29 13:23:14,385 INFO c.h.h.t.HelmChartContainer - [hivemq-test-hivemq-platform] [hivemq-platform-operator] [e4c1e683] 	at io.netty.channel.nio.NioEventLoop.processSelectedKey(NioEventLoop.java:788)
2025-01-29 13:23:14,385 INFO c.h.h.t.HelmChartContainer - [hivemq-test-hivemq-platform] [hivemq-platform-operator] [e4c1e683] 	at io.netty.channel.nio.NioEventLoop.processSelectedKeysOptimized(NioEventLoop.java:724)
2025-01-29 13:23:14,385 INFO c.h.h.t.HelmChartContainer - [hivemq-test-hivemq-platform] [hivemq-platform-operator] [e4c1e683] 	at io.netty.channel.nio.NioEventLoop.processSelectedKeys(NioEventLoop.java:650)
2025-01-29 13:23:14,385 INFO c.h.h.t.HelmChartContainer - [hivemq-test-hivemq-platform] [hivemq-platform-operator] [e4c1e683] 	at io.netty.channel.nio.NioEventLoop.run(NioEventLoop.java:562)
2025-01-29 13:23:14,385 INFO c.h.h.t.HelmChartContainer - [hivemq-test-hivemq-platform] [hivemq-platform-operator] [e4c1e683] 	at io.netty.util.concurrent.SingleThreadEventExecutor$4.run(SingleThreadEventExecutor.java:997)
2025-01-29 13:23:14,385 INFO c.h.h.t.HelmChartContainer - [hivemq-test-hivemq-platform] [hivemq-platform-operator] [e4c1e683] 	at io.netty.util.internal.ThreadExecutorMap$2.run(ThreadExecutorMap.java:74)
2025-01-29 13:23:14,385 INFO c.h.h.t.HelmChartContainer - [hivemq-test-hivemq-platform] [hivemq-platform-operator] [e4c1e683] 	at io.netty.util.concurrent.FastThreadLocalRunnable.run(FastThreadLocalRunnable.java:30)
2025-01-29 13:23:14,385 INFO c.h.h.t.HelmChartContainer - [hivemq-test-hivemq-platform] [hivemq-platform-operator] [e4c1e683] 	... 1 common frames omitted
2025-01-29 13:23:14,465 INFO c.h.h.t.HelmChartContainer - [hivemq-test-hivemq-platform] [hivemq-platform-operator] [e4c1e683] 13:23:14.464 [ReconcilerExecutor-hivemq-controller-126] INFO  c.h.p.o.HiveMQPlatformReconciler - [helmplat] Cleanup test-hivemq-platform - helmplatformtlsit HiveMQ Platform is shut down
2025-01-29 13:23:14,959 INFO c.h.h.t.HelmChartContainer - [K3S] [stateful_set.go:466] "StatefulSet has been deleted" key="helmplatformtlsit/test-hivemq-platform"
2025-01-29 13:23:15,296 INFO c.h.h.t.HelmChartContainer - [test-hivemq-platform] [hivemq] [8dca6fed] WARN  - [HiveMQ Platform Operator Init App 1.7.0-SNAPSHOT] Could not update Pod annotations: Failure executing: GET at: https://10.43.0.1:443/api/v1/namespaces/helmplatformtlsit/pods/test-hivemq-platform-0. Message: pods "test-hivemq-platform-0" is forbidden: User "system:serviceaccount:helmplatformtlsit:hivemq-platform-pod-test-hivemq-platform" cannot get resource "pods" in API group "" in the namespace "helmplatformtlsit". Received status: Status(apiVersion=v1, code=403, details=StatusDetails(causes=[], group=null, kind=pods, name=test-hivemq-platform-0, retryAfterSeconds=null, uid=null, additionalProperties={}), kind=Status, message=pods "test-hivemq-platform-0" is forbidden: User "system:serviceaccount:helmplatformtlsit:hivemq-platform-pod-test-hivemq-platform" cannot get resource "pods" in API group "" in the namespace "helmplatformtlsit", metadata=ListMeta(_continue=null, remainingItemCount=null, resourceVersion=null, selfLink=null, additionalProperties={}), reason=Forbidden, status=Failure, additionalProperties={}).
2025-01-29 13:23:15,387 INFO c.h.h.t.HelmChartContainer - [POD] test-hivemq-platform-0 [8dca6fed-4fe3-4988-9307-694277d716ea] in helmplatformtlsit was MODIFIED
2025-01-29 13:23:15,388 INFO c.h.h.t.HelmChartContainer - [EVENT] Normal [Killing] Stopping container hivemq [helmplatformtlsit:test-hivemq-platform-0]
2025-01-29 13:23:15,388 INFO c.h.h.t.HelmChartContainer - Received Killing event for container hivemq in pod test-hivemq-platform-0 [8dca6fed-4fe3-4988-9307-694277d716ea]
2025-01-29 13:23:15,388 INFO c.h.h.t.HelmChartContainer - Container [test-hivemq-platform-0] [hivemq] [8dca6fed-4fe3-4988-9307-694277d716ea] was terminated
2025-01-29 13:23:15,388 INFO c.h.h.t.HelmChartContainer - Stopped log watcher for hivemq in pod test-hivemq-platform-0 [8dca6fed-4fe3-4988-9307-694277d716ea]
2025-01-29 13:23:15,395 INFO c.h.h.t.HelmChartContainer - [test-hivemq-platform] [hivemq] [8dca6fed] INFO  - [HiveMQ Platform Operator Init App 1.7.0-SNAPSHOT] Shutting down
2025-01-29 13:23:15,396 INFO c.h.h.t.HelmChartContainer - [test-hivemq-platform] [hivemq] [8dca6fed] INFO  - [HiveMQ Platform Operator Init App 1.7.0-SNAPSHOT] Stopping the HiveMQ Platform
2025-01-29 13:23:15,479 INFO c.h.h.t.HelmChartContainer - [test-hivemq-platform] [hivemq] [8dca6fed] INFO  - Shutting down HiveMQ. Please wait, this could take a while...
2025-01-29 13:23:15,563 INFO c.h.h.t.HelmChartContainer - [test-hivemq-platform] [hivemq] [8dca6fed] INFO  - Shutting down listeners and clients
2025-01-29 13:23:15,565 INFO c.h.h.t.HelmChartContainer - [test-hivemq-platform] [hivemq] [8dca6fed] INFO  - Shutdown of listeners is done
2025-01-29 13:23:15,565 INFO c.h.h.t.HelmChartContainer - [test-hivemq-platform] [hivemq] [8dca6fed] INFO  - No clients are connected, proceeding with shutdown
2025-01-29 13:23:16,067 INFO c.h.h.t.HelmChartContainer - Deleting namespace 'helmplatformtlsit'...
2025-01-29 13:23:19,325 INFO c.h.h.t.HelmChartContainer - [test-hivemq-platform] [hivemq] [8dca6fed] INFO  - Shutting down extension system
2025-01-29 13:23:19,332 INFO c.h.h.t.HelmChartContainer - [test-hivemq-platform] [hivemq] [8dca6fed] INFO  - Stopping extension with id hivemq-dns-cluster-discovery
2025-01-29 13:23:19,332 INFO c.h.h.t.HelmChartContainer - [test-hivemq-platform] [hivemq] [8dca6fed] INFO  - Extension "DNS Cluster Discovery Extension" version 4.3.2 stopped successfully.
2025-01-29 13:23:19,333 INFO c.h.h.t.HelmChartContainer - [test-hivemq-platform] [hivemq] [8dca6fed] INFO  - Stopping extension with id hivemq-prometheus-extension
2025-01-29 13:23:19,338 INFO c.h.h.t.HelmChartContainer - [test-hivemq-platform] [hivemq] [8dca6fed] INFO  - Extension "Prometheus Monitoring Extension" version 4.0.12 stopped successfully.
2025-01-29 13:23:19,338 INFO c.h.h.t.HelmChartContainer - [test-hivemq-platform] [hivemq] [8dca6fed] INFO  - Stopping extension with id hivemq-allow-all-extension
2025-01-29 13:23:19,338 INFO c.h.h.t.HelmChartContainer - [test-hivemq-platform] [hivemq] [8dca6fed] INFO  - Extension "Allow All Extension" version 1.1.1 stopped successfully.
2025-01-29 13:23:19,768 INFO c.h.h.t.HelmChartContainer - [test-hivemq-platform] [hivemq] [8dca6fed] INFO  - [HiveMQ Platform Operator Init App 1.7.0-SNAPSHOT] Returning shutdown Health API response 503 for readiness
2025-01-29 13:23:19,772 INFO c.h.h.t.HelmChartContainer - [EVENT] Warning [Unhealthy] Readiness probe failed: HTTP probe failed with statuscode: 503 [helmplatformtlsit:test-hivemq-platform-0]
2025-01-29 13:23:19,773 INFO c.h.h.t.HelmChartContainer - Received Unhealthy event for container hivemq in pod test-hivemq-platform-0 [8dca6fed-4fe3-4988-9307-694277d716ea]
2025-01-29 13:23:20,299 INFO c.h.h.t.HelmChartContainer - [K3S] [authentication.go:74] "Unable to authenticate the request" err="[invalid bearer token, serviceaccounts \"hivemq-platform-pod-test-hivemq-platform\" not found]"
2025-01-29 13:23:20,316 INFO c.h.h.t.HelmChartContainer - [K3S] [authentication.go:74] "Unable to authenticate the request" err="[invalid bearer token, serviceaccounts \"hivemq-platform-pod-test-hivemq-platform\" not found]"
2025-01-29 13:23:20,360 INFO c.h.h.t.HelmChartContainer - [test-hivemq-platform] [hivemq] [8dca6fed] WARN  - [HiveMQ Platform Operator Init App 1.7.0-SNAPSHOT] Could not update Pod annotations: Failure executing: GET at: https://10.43.0.1:443/api/v1/namespaces/helmplatformtlsit/pods/test-hivemq-platform-0. Message: Unauthorized. Received status: Status(apiVersion=v1, code=401, details=null, kind=Status, message=Unauthorized, metadata=ListMeta(_continue=null, remainingItemCount=null, resourceVersion=null, selfLink=null, additionalProperties={}), reason=Unauthorized, status=Failure, additionalProperties={}).
2025-01-29 13:23:21,766 INFO c.h.h.t.HelmChartContainer - [test-hivemq-platform] [hivemq] [8dca6fed] INFO  - Shutdown completed.
2025-01-29 13:23:22,118 INFO c.h.h.t.HelmChartContainer - [test-hivemq-platform] [hivemq] [8dca6fed] INFO  - [HiveMQ Platform Operator Init App 1.7.0-SNAPSHOT] The HiveMQ Platform exited with code 143
2025-01-29 13:23:22,118 INFO c.h.h.t.HelmChartContainer - [test-hivemq-platform] [hivemq] [8dca6fed] INFO  - [HiveMQ Platform Operator Init App 1.7.0-SNAPSHOT] Stopping the REST API
2025-01-29 13:23:22,123 INFO c.h.h.t.HelmChartContainer - [test-hivemq-platform] [hivemq] [8dca6fed] INFO  - [HiveMQ Platform Operator Init App 1.7.0-SNAPSHOT] Shutdown complete
2025-01-29 13:23:22,614 INFO c.h.h.t.HelmChartContainer - [POD] test-hivemq-platform-0 [8dca6fed-4fe3-4988-9307-694277d716ea] in helmplatformtlsit was MODIFIED
2025-01-29 13:23:22,774 INFO c.h.h.t.HelmChartContainer - [K3S] [reconciler_common.go:162] "operationExecutor.UnmountVolume started for volume \"mqtt-keystore-1885\" (UniqueName: \"kubernetes.io/secret/8dca6fed-4fe3-4988-9307-694277d716ea-mqtt-keystore-1885\") pod \"8dca6fed-4fe3-4988-9307-694277d716ea\" (UID: \"8dca6fed-4fe3-4988-9307-694277d716ea\") "
2025-01-29 13:23:22,774 INFO c.h.h.t.HelmChartContainer - [K3S] [reconciler_common.go:162] "operationExecutor.UnmountVolume started for volume \"operator-init\" (UniqueName: \"kubernetes.io/empty-dir/8dca6fed-4fe3-4988-9307-694277d716ea-operator-init\") pod \"8dca6fed-4fe3-4988-9307-694277d716ea\" (UID: \"8dca6fed-4fe3-4988-9307-694277d716ea\") "
2025-01-29 13:23:22,774 INFO c.h.h.t.HelmChartContainer - [K3S] [reconciler_common.go:162] "operationExecutor.UnmountVolume started for volume \"pod-info\" (UniqueName: \"kubernetes.io/configmap/8dca6fed-4fe3-4988-9307-694277d716ea-pod-info\") pod \"8dca6fed-4fe3-4988-9307-694277d716ea\" (UID: \"8dca6fed-4fe3-4988-9307-694277d716ea\") "
2025-01-29 13:23:22,774 INFO c.h.h.t.HelmChartContainer - [K3S] [reconciler_common.go:162] "operationExecutor.UnmountVolume started for volume \"kube-api-access-xxfq4\" (UniqueName: \"kubernetes.io/projected/8dca6fed-4fe3-4988-9307-694277d716ea-kube-api-access-xxfq4\") pod \"8dca6fed-4fe3-4988-9307-694277d716ea\" (UID: \"8dca6fed-4fe3-4988-9307-694277d716ea\") "
2025-01-29 13:23:22,774 INFO c.h.h.t.HelmChartContainer - [K3S] [reconciler_common.go:162] "operationExecutor.UnmountVolume started for volume \"mqtt-keystore-1884\" (UniqueName: \"kubernetes.io/secret/8dca6fed-4fe3-4988-9307-694277d716ea-mqtt-keystore-1884\") pod \"8dca6fed-4fe3-4988-9307-694277d716ea\" (UID: \"8dca6fed-4fe3-4988-9307-694277d716ea\") "
2025-01-29 13:23:22,774 INFO c.h.h.t.HelmChartContainer - [K3S] [reconciler_common.go:162] "operationExecutor.UnmountVolume started for volume \"broker-configuration\" (UniqueName: \"kubernetes.io/configmap/8dca6fed-4fe3-4988-9307-694277d716ea-broker-configuration\") pod \"8dca6fed-4fe3-4988-9307-694277d716ea\" (UID: \"8dca6fed-4fe3-4988-9307-694277d716ea\") "
2025-01-29 13:23:22,873 INFO c.h.h.t.HelmChartContainer - [K3S] [reconciler_common.go:299] "Volume detached for volume \"mqtt-keystore-1884\" (UniqueName: \"kubernetes.io/secret/8dca6fed-4fe3-4988-9307-694277d716ea-mqtt-keystore-1884\") on node \"bd3ce72ce098\" DevicePath \"\""
2025-01-29 13:23:22,873 INFO c.h.h.t.HelmChartContainer - [K3S] [reconciler_common.go:299] "Volume detached for volume \"kube-api-access-xxfq4\" (UniqueName: \"kubernetes.io/projected/8dca6fed-4fe3-4988-9307-694277d716ea-kube-api-access-xxfq4\") on node \"bd3ce72ce098\" DevicePath \"\""
2025-01-29 13:23:22,873 INFO c.h.h.t.HelmChartContainer - [K3S] [reconciler_common.go:299] "Volume detached for volume \"broker-configuration\" (UniqueName: \"kubernetes.io/configmap/8dca6fed-4fe3-4988-9307-694277d716ea-broker-configuration\") on node \"bd3ce72ce098\" DevicePath \"\""
2025-01-29 13:23:22,874 INFO c.h.h.t.HelmChartContainer - [K3S] [reconciler_common.go:299] "Volume detached for volume \"mqtt-keystore-1885\" (UniqueName: \"kubernetes.io/secret/8dca6fed-4fe3-4988-9307-694277d716ea-mqtt-keystore-1885\") on node \"bd3ce72ce098\" DevicePath \"\""
2025-01-29 13:23:22,874 INFO c.h.h.t.HelmChartContainer - [K3S] [reconciler_common.go:299] "Volume detached for volume \"pod-info\" (UniqueName: \"kubernetes.io/configmap/8dca6fed-4fe3-4988-9307-694277d716ea-pod-info\") on node \"bd3ce72ce098\" DevicePath \"\""
2025-01-29 13:23:22,874 INFO c.h.h.t.HelmChartContainer - [K3S] [reconciler_common.go:299] "Volume detached for volume \"operator-init\" (UniqueName: \"kubernetes.io/empty-dir/8dca6fed-4fe3-4988-9307-694277d716ea-operator-init\") on node \"bd3ce72ce098\" DevicePath \"\""
2025-01-29 13:23:22,891 INFO c.h.h.t.HelmChartContainer - [K3S] [scope.go:117] "RemoveContainer" containerID="c0a7b7af3c901e36a09f105775b0e97cd01c6cd6d6f545d0a865e5038c8f345c"
2025-01-29 13:23:22,907 INFO c.h.h.t.HelmChartContainer - [POD] test-hivemq-platform-0 [8dca6fed-4fe3-4988-9307-694277d716ea] in helmplatformtlsit was MODIFIED
2025-01-29 13:23:22,914 INFO c.h.h.t.HelmChartContainer - [POD] test-hivemq-platform-0 [8dca6fed-4fe3-4988-9307-694277d716ea] in helmplatformtlsit was DELETED
2025-01-29 13:23:22,991 INFO c.h.h.t.HelmChartContainer - [K3S] [scope.go:117] "RemoveContainer" containerID="3a3eae222f4e499fd1bae1081cdbc0256c39723b86db42e96940b4469e7489b5"
2025-01-29 13:23:22,994 INFO c.h.h.t.HelmChartContainer - [K3S] [scope.go:117] "RemoveContainer" containerID="c0a7b7af3c901e36a09f105775b0e97cd01c6cd6d6f545d0a865e5038c8f345c"
2025-01-29 13:23:22,994 INFO c.h.h.t.HelmChartContainer - [K3S] [scope.go:117] "RemoveContainer" containerID="3a3eae222f4e499fd1bae1081cdbc0256c39723b86db42e96940b4469e7489b5"
2025-01-29 13:23:23,512 INFO c.h.h.t.HelmChartContainer - [K3S] [kubelet_volumes.go:163] "Cleaned up orphaned pod volumes dir" podUID="8dca6fed-4fe3-4988-9307-694277d716ea" path="/var/lib/kubelet/pods/8dca6fed-4fe3-4988-9307-694277d716ea/volumes"
2025-01-29 13:23:26,399 INFO c.h.h.t.HelmChartContainer - Namespace 'helmplatformtlsit' deleted
2025-01-29 13:23:26,400 INFO c.h.h.t.HelmChartContainer - Release 'test-hivemq-platform' in namespace 'helmplatformtlsit' is uninstalled
2025-01-29 13:23:26,400 INFO c.h.h.t.HelmChartContainer - Uninstalling release 'test-hivemq-platform-operator' in namespace 'helmplatformtlsit-operator'...
2025-01-29 13:23:26,400 DEBUG c.h.h.t.HelmChartContainer - Executing helm command: /bin/helm --kubeconfig /etc/rancher/k3s/k3s.yaml uninstall test-hivemq-platform-operator  --wait --timeout 5m0s --cascade foreground --namespace helmplatformtlsit-operator
2025-01-29 13:23:26,564 INFO c.h.h.t.HelmChartContainer - [K3S] [replica_set.go:679] "Finished syncing" kind="ReplicaSet" key="helmplatformtlsit-operator/hivemq-test-hivemq-platform-operator-6966f96d65" duration="10.724177ms"
2025-01-29 13:23:26,568 INFO c.h.h.t.HelmChartContainer - [K3S] [replica_set.go:679] "Finished syncing" kind="ReplicaSet" key="helmplatformtlsit-operator/hivemq-test-hivemq-platform-operator-6966f96d65" duration="43.742µs"
2025-01-29 13:23:26,580 INFO c.h.h.t.HelmChartContainer - [POD] hivemq-test-hivemq-platform-operator-6966f96d65-m9bb5 [e4c1e683-9f5c-4c29-a795-a7de8be434c4] in helmplatformtlsit-operator was MODIFIED
2025-01-29 13:23:26,597 INFO c.h.h.t.HelmChartContainer - [K3S] [replica_set.go:679] "Finished syncing" kind="ReplicaSet" key="helmplatformtlsit-operator/hivemq-test-hivemq-platform-operator-6966f96d65" duration="19.071142ms"
2025-01-29 13:23:26,598 INFO c.h.h.t.HelmChartContainer - [K3S] [replica_set.go:679] "Finished syncing" kind="ReplicaSet" key="helmplatformtlsit-operator/hivemq-test-hivemq-platform-operator-6966f96d65" duration="30.056µs"
2025-01-29 13:23:26,604 INFO c.h.h.t.HelmChartContainer - [EVENT] Normal [Killing] Stopping container hivemq-platform-operator [helmplatformtlsit-operator:hivemq-test-hivemq-platform-operator-6966f96d65-m9bb5]
2025-01-29 13:23:26,604 INFO c.h.h.t.HelmChartContainer - Received Killing event for container hivemq-platform-operator in pod hivemq-test-hivemq-platform-operator-6966f96d65-m9bb5 [e4c1e683-9f5c-4c29-a795-a7de8be434c4]
2025-01-29 13:23:26,604 INFO c.h.h.t.HelmChartContainer - Container [hivemq-test-hivemq-platform-operator-6966f96d65-m9bb5] [hivemq-platform-operator] [e4c1e683-9f5c-4c29-a795-a7de8be434c4] was terminated
2025-01-29 13:23:26,604 INFO c.h.h.t.HelmChartContainer - Stopped log watcher for hivemq-platform-operator in pod hivemq-test-hivemq-platform-operator-6966f96d65-m9bb5 [e4c1e683-9f5c-4c29-a795-a7de8be434c4]
2025-01-29 13:23:26,664 INFO c.h.h.t.HelmChartContainer - [hivemq-test-hivemq-platform] [hivemq-platform-operator] [e4c1e683] 13:23:26.663 [application-shutdown-thread] INFO  c.h.p.o.HiveMQPlatformOperatorApplication - HiveMQ Platform Operator is stopping...
2025-01-29 13:23:26,665 INFO c.h.h.t.HelmChartContainer - [hivemq-test-hivemq-platform] [hivemq-platform-operator] [e4c1e683] 13:23:26.663 [application-shutdown-thread] INFO  i.javaoperatorsdk.operator.Operator - Operator SDK 4.9.7 is shutting down...
2025-01-29 13:23:27,222 INFO c.h.h.t.HelmChartContainer - [K3S] [replica_set.go:679] "Finished syncing" kind="ReplicaSet" key="helmplatformtlsit-operator/hivemq-test-hivemq-platform-operator-6966f96d65" duration="65.843µs"
2025-01-29 13:23:27,222 INFO c.h.h.t.HelmChartContainer - [POD] hivemq-test-hivemq-platform-operator-6966f96d65-m9bb5 [e4c1e683-9f5c-4c29-a795-a7de8be434c4] in helmplatformtlsit-operator was MODIFIED
2025-01-29 13:23:27,302 INFO c.h.h.t.HelmChartContainer - [K3S] [reconciler_common.go:162] "operationExecutor.UnmountVolume started for volume \"kube-api-access-2pvr8\" (UniqueName: \"kubernetes.io/projected/e4c1e683-9f5c-4c29-a795-a7de8be434c4-kube-api-access-2pvr8\") pod \"e4c1e683-9f5c-4c29-a795-a7de8be434c4\" (UID: \"e4c1e683-9f5c-4c29-a795-a7de8be434c4\") "
2025-01-29 13:23:27,402 INFO c.h.h.t.HelmChartContainer - [K3S] [reconciler_common.go:299] "Volume detached for volume \"kube-api-access-2pvr8\" (UniqueName: \"kubernetes.io/projected/e4c1e683-9f5c-4c29-a795-a7de8be434c4-kube-api-access-2pvr8\") on node \"bd3ce72ce098\" DevicePath \"\""
2025-01-29 13:23:27,899 INFO c.h.h.t.HelmChartContainer - [K3S] [scope.go:117] "RemoveContainer" containerID="6c22a6e78480628cf4abd304f7b05a5efd4abc453a6bd5784c6b36a3d5151a94"
2025-01-29 13:23:27,903 INFO c.h.h.t.HelmChartContainer - [K3S] [scope.go:117] "RemoveContainer" containerID="6c22a6e78480628cf4abd304f7b05a5efd4abc453a6bd5784c6b36a3d5151a94"
2025-01-29 13:23:27,909 INFO c.h.h.t.HelmChartContainer - [K3S] [replica_set.go:679] "Finished syncing" kind="ReplicaSet" key="helmplatformtlsit-operator/hivemq-test-hivemq-platform-operator-6966f96d65" duration="51.837µs"
2025-01-29 13:23:27,911 INFO c.h.h.t.HelmChartContainer - [POD] hivemq-test-hivemq-platform-operator-6966f96d65-m9bb5 [e4c1e683-9f5c-4c29-a795-a7de8be434c4] in helmplatformtlsit-operator was MODIFIED
2025-01-29 13:23:27,912 INFO c.h.h.t.HelmChartContainer - [K3S] [replica_set.go:679] "Finished syncing" kind="ReplicaSet" key="helmplatformtlsit-operator/hivemq-test-hivemq-platform-operator-6966f96d65" duration="33.443µs"
2025-01-29 13:23:27,913 INFO c.h.h.t.HelmChartContainer - [POD] hivemq-test-hivemq-platform-operator-6966f96d65-m9bb5 [e4c1e683-9f5c-4c29-a795-a7de8be434c4] in helmplatformtlsit-operator was DELETED
2025-01-29 13:23:27,924 INFO c.h.h.t.HelmChartContainer - [K3S] [replica_set.go:679] "Finished syncing" kind="ReplicaSet" key="helmplatformtlsit-operator/hivemq-test-hivemq-platform-operator-6966f96d65" duration="7.494µs"
2025-01-29 13:23:28,605 INFO c.h.h.t.HelmChartContainer - Deleting namespace 'helmplatformtlsit-operator'...
2025-01-29 13:23:29,512 INFO c.h.h.t.HelmChartContainer - [K3S] [kubelet_volumes.go:163] "Cleaned up orphaned pod volumes dir" podUID="e4c1e683-9f5c-4c29-a795-a7de8be434c4" path="/var/lib/kubelet/pods/e4c1e683-9f5c-4c29-a795-a7de8be434c4/volumes"
2025-01-29 13:23:31,316 INFO c.h.h.t.HelmChartContainer - [K3S] [namespace_controller.go:187] "Namespace has been deleted" namespace="helmplatformtlsit"
2025-01-29 13:23:33,824 INFO c.h.h.t.HelmChartContainer - Namespace 'helmplatformtlsit-operator' deleted
2025-01-29 13:23:33,824 INFO c.h.h.t.HelmChartContainer - Release 'test-hivemq-platform-operator' in namespace 'helmplatformtlsit-operator' is uninstalled
2025-01-29 13:23:34,622 INFO c.h.helmcharts.AbstractHelmChartIT - Removed unused containers:

2025-01-29 13:23:38,742 INFO c.h.h.t.HelmChartContainer - [K3S] [namespace_controller.go:187] "Namespace has been deleted" namespace="helmplatformtlsit-operator"
2025-01-29 13:23:42,722 INFO c.h.helmcharts.AbstractHelmChartIT - Removed unused snapshots:
Removing snapshot sha256:03af251906410714c5aef9fa705b63f6bbc39c4a5e787de7361eeb18886c2ed2
Removing snapshot sha256:0c46b3b43cce082ce5ec34ffc6c294e0417d17b9d1e6f366d114b6aadc4f96dc
Removing snapshot sha256:0ce761beee59082d6ed5bcebd3a805b8ddd9b3426b617e4809e7fb7c6587ffec
Removing snapshot sha256:0df91287303208332c8ff6ba40ae4710105201739addbfbddfb955f1ad593664
Removing snapshot sha256:1021ef88c7974bfff89c5a0ec4fd3160daac6c48a075f74cff721f85dd104e68
Removing snapshot sha256:10aba4953ddc18145dd38e3704709bc464aa20af60b56fe52caaff4b68411e62
Removing snapshot sha256:2573e0d8158209ed54ab25c87bcdcb00bd3d2539246960a3d592a1c599d70465
Removing snapshot sha256:362a8a37f8bbc31925a8146adcf7cf51f9882f5c1dcbef67c5baa03a297543c0
Removing snapshot sha256:37b66ab370a939dc026e1c7597cded8a74d654f0d0d6bc0a380cc669dd9a7a66
Removing snapshot sha256:3fa4ad33f0ddc8fd45b39b6b4640f82a3a83619606cd975bfe89d8710ad2d4cd
Removing snapshot sha256:43a7c979bbaba6838bc3102d6b10a1459f3ab050b87ccdfef84ef90cf43d3058
Removing snapshot sha256:4ab04491cdf0d3267f08206fe30bd48f49f94b9cab2f016d6739220f722a64af
Removing snapshot sha256:4b6068250e89c96f263060261819c7d912855bfbd64b3eb4c4a8483299b8c295
Removing snapshot sha256:580e69a0a8034ede1921139bbd2bfb72a69ebf276d008281896c32dd8bf74775
Removing snapshot sha256:5d30ba46b27fe37484567ccc5242cadc78217b8da605f3f195ef25cbf7487904
Removing snapshot sha256:63ca1fbb43ae5034640e5e6cb3e083e05c290072c5366fcaa9d62435a4cced85
Removing snapshot sha256:67f702c6baae873bceb19487c8b1f27bd2b86077e4f2f0e480e6d60ab508b8f5
Removing snapshot sha256:6864348dd42806d552efdec384f1274be15e2d0c10ce44c1f04347af004c10a9
Removing snapshot sha256:6c7dee8f2c39b84b7dc2711c01d33de93514d9055499173e9290176fbe484b6c
Removing snapshot sha256:82753493a6d61ded36556292f02f31841a14c20d2f279f19eaad65afb661d5cd
Removing snapshot sha256:8a10d3db42c505ee0fcfa98417bdd7e39b304f6bcc0a06bb1b220797ff2cc63c
Removing snapshot sha256:a21e5b12dbac529ad45d976eb9ce45c881f3bedcc500fb30aba1e52aa1813418
Removing snapshot sha256:b921e6c28969094157f9b8e7244677780319637afd14450b7cb6b2fdea558a0c
Removing snapshot sha256:bc27ecb5769a00e309cf99ebc763c4a4b958b618d1decc96ffac5bc05f02f5b7
Removing snapshot sha256:be3ccb6627a5332e309d45ef461d09b4879dd870c7394d89323d0ebc6ca6aa8a
Removing snapshot sha256:c261f7cbbc64211ee175ee47273acdb7b1a36a4450b397a064a8f2c026490095
Removing snapshot sha256:c34d9393647eea0c9e3557ab988efaf59f61d10a2a5613b439ef0958cca5ec10
Removing snapshot sha256:c4405a73c3cca288ce4bd72c8299aeeb9481c69da28a6d1b9e3582d68204933a
Removing snapshot sha256:ccf3c4a0fa967a41c1c83497a2ce6fa5787965859df0adb32c4ca2cf7490bc2b
Removing snapshot sha256:cf92d33f869417309692088c341cd0f223c178ea78a125f757317b22aa8f90e9
Removing snapshot sha256:d0037344cf2fb078884f1849f6a1f8cf9a33a3b6139b6a85833e5ee528e1f9a8
Removing snapshot sha256:d3b36d5b79273b1e98e7700470eaeff05a882e777124d84cebcc1505b85ecb36
Removing snapshot sha256:d65a44a37914602d12c611e5e22a50f11451d847e63015cc1c2aef92dee777a4
Removing snapshot sha256:e2dc0bae2455930f23ae570e019b7f32edc75c0f2d71cab084db837ff9051796
Removing snapshot sha256:eccbd24a99c60cd9e86ee5305dbfc4a4dc89f5ab4fb1f06c8d64797cecedef34
Removing snapshot sha256:f144bb4c7c7f0d2aa7eeffd36d934ec40db1ee167be727e326aad9fdc616f475

]]></system-out>
  </testcase>
  <system-out><![CDATA[2025-01-29 13:18:45,174 INFO o.testcontainers.images.PullPolicy - Image pull policy will be performed by: DefaultPullPolicy()
2025-01-29 13:18:45,179 INFO o.t.utility.ImageNameSubstitutor - Image name substitution will be performed by: DefaultImageNameSubstitutor (composite of 'ConfigurationFileImageNameSubstitutor' and 'PrefixingImageNameSubstitutor')
2025-01-29 13:18:45,189 INFO o.testcontainers.DockerClientFactory - Testcontainers version: 1.20.4
2025-01-29 13:18:45,640 INFO o.t.d.DockerClientProviderStrategy - Found Docker environment with local Unix socket (unix:///var/run/docker.sock)
2025-01-29 13:18:45,650 INFO o.testcontainers.DockerClientFactory - Docker host IP address is localhost
2025-01-29 13:18:45,666 INFO o.testcontainers.DockerClientFactory - Connected to docker: 
  Server Version: 26.1.3
  API Version: 1.45
  Operating System: Ubuntu 24.04.1 LTS
  Total Memory: 15990 MB
2025-01-29 13:18:45,698 INFO tc.testcontainers/ryuk:0.11.0 - Pulling docker image: testcontainers/ryuk:0.11.0. Please be patient; this may take some time but only needs to be done once.
2025-01-29 13:18:46,780 INFO tc.testcontainers/ryuk:0.11.0 - Starting to pull image
2025-01-29 13:18:46,794 INFO tc.testcontainers/ryuk:0.11.0 - Pulling image layers:  0 pending,  0 downloaded,  0 extracted, (0 bytes/0 bytes)
2025-01-29 13:18:47,295 INFO tc.testcontainers/ryuk:0.11.0 - Pulling image layers:  2 pending,  1 downloaded,  0 extracted, (36 KB/? MB)
2025-01-29 13:18:47,311 INFO tc.testcontainers/ryuk:0.11.0 - Pulling image layers:  1 pending,  2 downloaded,  0 extracted, (907 KB/? MB)
2025-01-29 13:18:47,328 INFO tc.testcontainers/ryuk:0.11.0 - Pulling image layers:  0 pending,  3 downloaded,  0 extracted, (907 KB/10 MB)
2025-01-29 13:18:47,401 INFO tc.testcontainers/ryuk:0.11.0 - Pulling image layers:  0 pending,  3 downloaded,  1 extracted, (4 MB/10 MB)
2025-01-29 13:18:47,546 INFO tc.testcontainers/ryuk:0.11.0 - Pulling image layers:  0 pending,  3 downloaded,  2 extracted, (4 MB/10 MB)
2025-01-29 13:18:47,589 INFO tc.testcontainers/ryuk:0.11.0 - Pulling image layers:  0 pending,  3 downloaded,  3 extracted, (10 MB/10 MB)
2025-01-29 13:18:47,595 INFO tc.testcontainers/ryuk:0.11.0 - Image testcontainers/ryuk:0.11.0 pull took PT1.896874187S
2025-01-29 13:18:47,618 INFO tc.testcontainers/ryuk:0.11.0 - Creating container for image: testcontainers/ryuk:0.11.0
2025-01-29 13:18:47,678 INFO tc.testcontainers/ryuk:0.11.0 - Container testcontainers/ryuk:0.11.0 is starting: 9ac05148dfafd63627c95f5ec658673117e57fc069e0dbc7735d900865380fd1
2025-01-29 13:18:47,927 INFO tc.testcontainers/ryuk:0.11.0 - Container testcontainers/ryuk:0.11.0 started in PT0.30897906S
2025-01-29 13:18:47,931 INFO o.t.utility.RyukResourceReaper - Ryuk started - will monitor and terminate Testcontainers containers on JVM exit
2025-01-29 13:18:47,931 INFO o.testcontainers.DockerClientFactory - Checking the system...
2025-01-29 13:18:47,931 INFO o.testcontainers.DockerClientFactory - ✔︎ Docker server version should be at least 1.6.0
2025-01-29 13:18:48,146 INFO o.t.containers.SeleniumUtils - Selenium API version 4.28.1 detected on classpath
2025-01-29 13:18:48,158 INFO t.selenium/standalone-chrome:4.28.1 - Pulling docker image: selenium/standalone-chrome:4.28.1. Please be patient; this may take some time but only needs to be done once.
2025-01-29 13:18:49,180 INFO t.selenium/standalone-chrome:4.28.1 - Starting to pull image
2025-01-29 13:18:49,181 INFO t.selenium/standalone-chrome:4.28.1 - Pulling image layers:  0 pending,  0 downloaded,  0 extracted, (0 bytes/0 bytes)
2025-01-29 13:18:49,819 INFO t.selenium/standalone-chrome:4.28.1 - Pulling image layers: 32 pending,  1 downloaded,  0 extracted, (42 MB/? MB)
2025-01-29 13:18:50,078 INFO t.selenium/standalone-chrome:4.28.1 - Pulling image layers: 31 pending,  2 downloaded,  0 extracted, (137 MB/? MB)
2025-01-29 13:18:50,323 INFO t.selenium/standalone-chrome:4.28.1 - Pulling image layers: 30 pending,  3 downloaded,  0 extracted, (211 MB/? MB)
2025-01-29 13:18:50,487 INFO t.selenium/standalone-chrome:4.28.1 - Pulling image layers: 29 pending,  4 downloaded,  0 extracted, (282 MB/? MB)
2025-01-29 13:18:50,573 INFO t.selenium/standalone-chrome:4.28.1 - Pulling image layers: 28 pending,  5 downloaded,  0 extracted, (301 MB/? MB)
2025-01-29 13:18:50,590 INFO t.selenium/standalone-chrome:4.28.1 - Pulling image layers: 27 pending,  6 downloaded,  0 extracted, (301 MB/? MB)
2025-01-29 13:18:50,757 INFO t.selenium/standalone-chrome:4.28.1 - Pulling image layers: 26 pending,  7 downloaded,  0 extracted, (303 MB/? MB)
2025-01-29 13:18:50,832 INFO t.selenium/standalone-chrome:4.28.1 - Pulling image layers: 25 pending,  8 downloaded,  0 extracted, (303 MB/? MB)
2025-01-29 13:18:50,850 INFO t.selenium/standalone-chrome:4.28.1 - Pulling image layers: 24 pending,  9 downloaded,  0 extracted, (304 MB/? MB)
2025-01-29 13:18:50,961 INFO t.selenium/standalone-chrome:4.28.1 - Pulling image layers: 24 pending,  9 downloaded,  1 extracted, (305 MB/? MB)
2025-01-29 13:18:51,002 INFO t.selenium/standalone-chrome:4.28.1 - Pulling image layers: 23 pending, 10 downloaded,  1 extracted, (305 MB/? MB)
2025-01-29 13:18:51,132 INFO t.selenium/standalone-chrome:4.28.1 - Pulling image layers: 22 pending, 11 downloaded,  1 extracted, (305 MB/? MB)
2025-01-29 13:18:51,223 INFO t.selenium/standalone-chrome:4.28.1 - Pulling image layers: 21 pending, 12 downloaded,  1 extracted, (305 MB/? MB)
2025-01-29 13:18:51,393 INFO t.selenium/standalone-chrome:4.28.1 - Pulling image layers: 20 pending, 13 downloaded,  1 extracted, (316 MB/? MB)
2025-01-29 13:18:51,494 INFO t.selenium/standalone-chrome:4.28.1 - Pulling image layers: 19 pending, 14 downloaded,  1 extracted, (316 MB/? MB)
2025-01-29 13:18:51,639 INFO t.selenium/standalone-chrome:4.28.1 - Pulling image layers: 18 pending, 15 downloaded,  1 extracted, (324 MB/? MB)
2025-01-29 13:18:52,011 INFO t.selenium/standalone-chrome:4.28.1 - Pulling image layers: 17 pending, 16 downloaded,  1 extracted, (436 MB/? MB)
2025-01-29 13:18:52,112 INFO t.selenium/standalone-chrome:4.28.1 - Pulling image layers: 16 pending, 17 downloaded,  1 extracted, (482 MB/? MB)
2025-01-29 13:18:52,280 INFO t.selenium/standalone-chrome:4.28.1 - Pulling image layers: 15 pending, 18 downloaded,  1 extracted, (524 MB/? MB)
2025-01-29 13:18:52,347 INFO t.selenium/standalone-chrome:4.28.1 - Pulling image layers: 14 pending, 19 downloaded,  1 extracted, (524 MB/? MB)
2025-01-29 13:18:52,375 INFO t.selenium/standalone-chrome:4.28.1 - Pulling image layers: 13 pending, 20 downloaded,  1 extracted, (524 MB/? MB)
2025-01-29 13:18:52,534 INFO t.selenium/standalone-chrome:4.28.1 - Pulling image layers: 12 pending, 21 downloaded,  1 extracted, (524 MB/? MB)
2025-01-29 13:18:52,655 INFO t.selenium/standalone-chrome:4.28.1 - Pulling image layers: 11 pending, 22 downloaded,  1 extracted, (525 MB/? MB)
2025-01-29 13:18:52,790 INFO t.selenium/standalone-chrome:4.28.1 - Pulling image layers: 10 pending, 23 downloaded,  1 extracted, (553 MB/? MB)
2025-01-29 13:18:52,949 INFO t.selenium/standalone-chrome:4.28.1 - Pulling image layers:  9 pending, 24 downloaded,  1 extracted, (605 MB/? MB)
2025-01-29 13:18:53,070 INFO t.selenium/standalone-chrome:4.28.1 - Pulling image layers:  8 pending, 25 downloaded,  1 extracted, (619 MB/? MB)
2025-01-29 13:18:53,198 INFO t.selenium/standalone-chrome:4.28.1 - Pulling image layers:  7 pending, 26 downloaded,  1 extracted, (642 MB/? MB)
2025-01-29 13:18:53,338 INFO t.selenium/standalone-chrome:4.28.1 - Pulling image layers:  6 pending, 27 downloaded,  1 extracted, (671 MB/? MB)
2025-01-29 13:18:53,341 INFO t.selenium/standalone-chrome:4.28.1 - Pulling image layers:  5 pending, 28 downloaded,  1 extracted, (671 MB/? MB)
2025-01-29 13:18:53,459 INFO t.selenium/standalone-chrome:4.28.1 - Pulling image layers:  4 pending, 29 downloaded,  1 extracted, (671 MB/? MB)
2025-01-29 13:18:53,598 INFO t.selenium/standalone-chrome:4.28.1 - Pulling image layers:  3 pending, 30 downloaded,  1 extracted, (673 MB/? MB)
2025-01-29 13:18:53,614 INFO t.selenium/standalone-chrome:4.28.1 - Pulling image layers:  2 pending, 31 downloaded,  1 extracted, (673 MB/? MB)
2025-01-29 13:18:53,708 INFO t.selenium/standalone-chrome:4.28.1 - Pulling image layers:  1 pending, 32 downloaded,  1 extracted, (673 MB/? MB)
2025-01-29 13:18:53,868 INFO t.selenium/standalone-chrome:4.28.1 - Pulling image layers:  0 pending, 33 downloaded,  1 extracted, (673 MB/781 MB)
2025-01-29 13:18:55,638 INFO t.selenium/standalone-chrome:4.28.1 - Pulling image layers:  0 pending, 33 downloaded,  2 extracted, (673 MB/781 MB)
2025-01-29 13:18:56,735 INFO t.selenium/standalone-chrome:4.28.1 - Pulling image layers:  0 pending, 33 downloaded,  3 extracted, (679 MB/781 MB)
2025-01-29 13:18:56,750 INFO t.selenium/standalone-chrome:4.28.1 - Pulling image layers:  0 pending, 33 downloaded,  4 extracted, (679 MB/781 MB)
2025-01-29 13:18:56,762 INFO t.selenium/standalone-chrome:4.28.1 - Pulling image layers:  0 pending, 33 downloaded,  5 extracted, (679 MB/781 MB)
2025-01-29 13:18:56,775 INFO t.selenium/standalone-chrome:4.28.1 - Pulling image layers:  0 pending, 33 downloaded,  6 extracted, (679 MB/781 MB)
2025-01-29 13:18:56,786 INFO t.selenium/standalone-chrome:4.28.1 - Pulling image layers:  0 pending, 33 downloaded,  7 extracted, (679 MB/781 MB)
2025-01-29 13:18:56,798 INFO t.selenium/standalone-chrome:4.28.1 - Pulling image layers:  0 pending, 33 downloaded,  8 extracted, (679 MB/781 MB)
2025-01-29 13:18:56,811 INFO t.selenium/standalone-chrome:4.28.1 - Pulling image layers:  0 pending, 33 downloaded,  9 extracted, (679 MB/781 MB)
2025-01-29 13:18:56,888 INFO t.selenium/standalone-chrome:4.28.1 - Pulling image layers:  0 pending, 33 downloaded, 10 extracted, (679 MB/781 MB)
2025-01-29 13:18:57,055 INFO t.selenium/standalone-chrome:4.28.1 - Pulling image layers:  0 pending, 33 downloaded, 11 extracted, (691 MB/781 MB)
2025-01-29 13:18:57,476 INFO t.selenium/standalone-chrome:4.28.1 - Pulling image layers:  0 pending, 33 downloaded, 12 extracted, (718 MB/781 MB)
2025-01-29 13:18:59,854 INFO t.selenium/standalone-chrome:4.28.1 - Pulling image layers:  0 pending, 33 downloaded, 13 extracted, (732 MB/781 MB)
2025-01-29 13:18:59,867 INFO t.selenium/standalone-chrome:4.28.1 - Pulling image layers:  0 pending, 33 downloaded, 14 extracted, (732 MB/781 MB)
2025-01-29 13:18:59,881 INFO t.selenium/standalone-chrome:4.28.1 - Pulling image layers:  0 pending, 33 downloaded, 15 extracted, (732 MB/781 MB)
2025-01-29 13:18:59,894 INFO t.selenium/standalone-chrome:4.28.1 - Pulling image layers:  0 pending, 33 downloaded, 16 extracted, (732 MB/781 MB)
2025-01-29 13:19:03,507 INFO t.selenium/standalone-chrome:4.28.1 - Pulling image layers:  0 pending, 33 downloaded, 17 extracted, (746 MB/781 MB)
2025-01-29 13:19:04,489 INFO t.selenium/standalone-chrome:4.28.1 - Pulling image layers:  0 pending, 33 downloaded, 18 extracted, (746 MB/781 MB)
2025-01-29 13:19:04,502 INFO t.selenium/standalone-chrome:4.28.1 - Pulling image layers:  0 pending, 33 downloaded, 19 extracted, (746 MB/781 MB)
2025-01-29 13:19:04,514 INFO t.selenium/standalone-chrome:4.28.1 - Pulling image layers:  0 pending, 33 downloaded, 20 extracted, (746 MB/781 MB)
2025-01-29 13:19:04,526 INFO t.selenium/standalone-chrome:4.28.1 - Pulling image layers:  0 pending, 33 downloaded, 21 extracted, (746 MB/781 MB)
2025-01-29 13:19:09,371 INFO t.selenium/standalone-chrome:4.28.1 - Pulling image layers:  0 pending, 33 downloaded, 22 extracted, (772 MB/781 MB)
2025-01-29 13:19:09,382 INFO t.selenium/standalone-chrome:4.28.1 - Pulling image layers:  0 pending, 33 downloaded, 23 extracted, (772 MB/781 MB)
2025-01-29 13:19:09,395 INFO t.selenium/standalone-chrome:4.28.1 - Pulling image layers:  0 pending, 33 downloaded, 24 extracted, (772 MB/781 MB)
2025-01-29 13:19:09,516 INFO t.selenium/standalone-chrome:4.28.1 - Pulling image layers:  0 pending, 33 downloaded, 25 extracted, (781 MB/781 MB)
2025-01-29 13:19:09,529 INFO t.selenium/standalone-chrome:4.28.1 - Pulling image layers:  0 pending, 33 downloaded, 26 extracted, (781 MB/781 MB)
2025-01-29 13:19:09,543 INFO t.selenium/standalone-chrome:4.28.1 - Pulling image layers:  0 pending, 33 downloaded, 27 extracted, (781 MB/781 MB)
2025-01-29 13:19:09,554 INFO t.selenium/standalone-chrome:4.28.1 - Pulling image layers:  0 pending, 33 downloaded, 28 extracted, (781 MB/781 MB)
2025-01-29 13:19:09,567 INFO t.selenium/standalone-chrome:4.28.1 - Pulling image layers:  0 pending, 33 downloaded, 29 extracted, (781 MB/781 MB)
2025-01-29 13:19:09,578 INFO t.selenium/standalone-chrome:4.28.1 - Pulling image layers:  0 pending, 33 downloaded, 30 extracted, (781 MB/781 MB)
2025-01-29 13:19:09,591 INFO t.selenium/standalone-chrome:4.28.1 - Pulling image layers:  0 pending, 33 downloaded, 31 extracted, (781 MB/781 MB)
2025-01-29 13:19:09,601 INFO t.selenium/standalone-chrome:4.28.1 - Pulling image layers:  0 pending, 33 downloaded, 32 extracted, (781 MB/781 MB)
2025-01-29 13:19:09,610 INFO t.selenium/standalone-chrome:4.28.1 - Pulling image layers:  0 pending, 33 downloaded, 33 extracted, (781 MB/781 MB)
2025-01-29 13:19:09,617 INFO t.selenium/standalone-chrome:4.28.1 - Image selenium/standalone-chrome:4.28.1 pull took PT21.45936896S
2025-01-29 13:19:09,617 INFO t.selenium/standalone-chrome:4.28.1 - Pull complete. 33 layers, pulled in 20s (downloaded 781 MB at 39 MB/s)
2025-01-29 13:19:09,621 INFO t.selenium/standalone-chrome:4.28.1 - Creating container for image: selenium/standalone-chrome:4.28.1
2025-01-29 13:19:09,625 INFO tc.alpine:3.17 - Pulling docker image: alpine:3.17. Please be patient; this may take some time but only needs to be done once.
2025-01-29 13:19:10,617 INFO tc.alpine:3.17 - Starting to pull image
2025-01-29 13:19:10,617 INFO tc.alpine:3.17 - Pulling image layers:  0 pending,  0 downloaded,  0 extracted, (0 bytes/0 bytes)
2025-01-29 13:19:11,176 INFO tc.alpine:3.17 - Pulling image layers:  0 pending,  1 downloaded,  0 extracted, (3 MB/3 MB)
2025-01-29 13:19:11,272 INFO tc.alpine:3.17 - Pulling image layers:  0 pending,  1 downloaded,  1 extracted, (3 MB/3 MB)
2025-01-29 13:19:11,277 INFO tc.alpine:3.17 - Image alpine:3.17 pull took PT1.652354097S
2025-01-29 13:19:11,580 INFO t.selenium/standalone-chrome:4.28.1 - Container selenium/standalone-chrome:4.28.1 is starting: 808b3c9fb85e7d8f80d96cc17ee69197ac925cfa4df0e2dfd4c870c98c3d3299
2025-01-29 13:19:14,388 INFO t.selenium/standalone-chrome:4.28.1 - Container selenium/standalone-chrome:4.28.1 started in PT4.766992818S
2025-01-29 13:19:14,389 INFO c.h.h.t.HelmChartContainerExtension - Using cached HelmChartContainer instance
2025-01-29 13:19:14,391 INFO c.h.h.t.HelmChartContainerExtension - Creating cached HelmChartContainer instance
2025-01-29 13:19:14,474 INFO o.t.i.builder.ImageFromDockerfile - Pre-emptively checking local images for 'ubuntu:noble-20241118.1@sha256:80dd3c3b9c6cecb9f1667e9290b3bc61b78c2678c02cbdae5f0fea92cc6734ab', referenced via a Dockerfile. If not available, it will be pulled.
2025-01-29 13:19:14,476 INFO t.u.1@sha256:80dd3c... - Pulling docker image: ubuntu:noble-20241118.1@sha256:80dd3c3b9c6cecb9f1667e9290b3bc61b78c2678c02cbdae5f0fea92cc6734ab. Please be patient; this may take some time but only needs to be done once.
2025-01-29 13:19:15,188 INFO t.u.1@sha256:80dd3c... - Starting to pull image
2025-01-29 13:19:15,189 INFO t.u.1@sha256:80dd3c... - Pulling image layers:  0 pending,  0 downloaded,  0 extracted, (0 bytes/0 bytes)
2025-01-29 13:19:15,744 INFO t.u.1@sha256:80dd3c... - Image ubuntu:noble-20241118.1@sha256:80dd3c3b9c6cecb9f1667e9290b3bc61b78c2678c02cbdae5f0fea92cc6734ab pull took PT1.267274663S
2025-01-29 13:19:15,746 INFO o.t.i.builder.ImageFromDockerfile - Pre-emptively checking local images for 'rancher/k3s:v1.32.1-k3s1', referenced via a Dockerfile. If not available, it will be pulled.
2025-01-29 13:19:15,747 INFO tc.rancher/k3s:v1.32.1-k3s1 - Pulling docker image: rancher/k3s:v1.32.1-k3s1. Please be patient; this may take some time but only needs to be done once.
2025-01-29 13:19:16,759 INFO tc.rancher/k3s:v1.32.1-k3s1 - Starting to pull image
2025-01-29 13:19:16,760 INFO tc.rancher/k3s:v1.32.1-k3s1 - Pulling image layers:  0 pending,  0 downloaded,  0 extracted, (0 bytes/0 bytes)
2025-01-29 13:19:17,563 INFO tc.rancher/k3s:v1.32.1-k3s1 - Pulling image layers:  0 pending,  1 downloaded,  0 extracted, (52 MB/71 MB)
2025-01-29 13:19:18,627 INFO tc.rancher/k3s:v1.32.1-k3s1 - Pulling image layers:  0 pending,  1 downloaded,  1 extracted, (71 MB/71 MB)
2025-01-29 13:19:18,631 INFO tc.rancher/k3s:v1.32.1-k3s1 - Pull complete. 1 layers, pulled in 1s (downloaded 71 MB at 71 MB/s)
2025-01-29 13:19:18,631 INFO tc.rancher/k3s:v1.32.1-k3s1 - Image rancher/k3s:v1.32.1-k3s1 pull took PT2.88386842S
2025-01-29 13:19:18,636 INFO o.t.i.builder.ImageFromDockerfile - Transferred 0 bytes to Docker daemon
2025-01-29 13:19:34,019 INFO c.h.h.t.HelmChartContainer - Starting HelmChartContainer...
2025-01-29 13:19:34,021 INFO t.localhost/testcontainers/kjrwxyhxypdsi3fw:latest - Creating container for image: localhost/testcontainers/kjrwxyhxypdsi3fw:latest
2025-01-29 13:19:34,374 INFO t.localhost/testcontainers/kjrwxyhxypdsi3fw:latest - Container localhost/testcontainers/kjrwxyhxypdsi3fw:latest is starting: bd3ce72ce09808e6e13d0aecb353317b454dd662ee1c99ea37061463e72f626b
2025-01-29 13:19:34,737 INFO c.h.h.t.HelmChartContainer - [K3S] [INFO] Starting k3s v1.32.1+k3s1 (6a322f12)
2025-01-29 13:19:34,739 INFO c.h.h.t.HelmChartContainer - [K3S] [INFO] Configuring sqlite3 database connection pooling: maxIdleConns=2, maxOpenConns=0, connMaxLifetime=0s
2025-01-29 13:19:34,740 INFO c.h.h.t.HelmChartContainer - [K3S] [INFO] Configuring database table schema and indexes, this may take a moment...
2025-01-29 13:19:34,744 INFO c.h.h.t.HelmChartContainer - [K3S] [INFO] Database tables and indexes are up to date
2025-01-29 13:19:34,748 INFO c.h.h.t.HelmChartContainer - [K3S] [INFO] Kine available at unix://kine.sock
2025-01-29 13:19:34,988 INFO c.h.h.t.HelmChartContainer - [K3S] [INFO] Saving cluster bootstrap data to datastore
2025-01-29 13:19:34,989 INFO c.h.h.t.HelmChartContainer - [K3S] [WARNING] dynamiclistener [::]:6443: no cached certificate available for preload - deferring certificate load until storage initialization or first client request
2025-01-29 13:19:34,989 INFO c.h.h.t.HelmChartContainer - [K3S] [INFO] Active TLS secret / (ver=) (count 10): map[listener.cattle.io/cn-10.43.0.1:10.43.0.1 listener.cattle.io/cn-127.0.0.1:127.0.0.1 listener.cattle.io/cn-172.18.0.2:172.18.0.2 listener.cattle.io/cn-__1-f16284:::1 listener.cattle.io/cn-bd3ce72ce098:bd3ce72ce098 listener.cattle.io/cn-kubernetes:kubernetes listener.cattle.io/cn-kubernetes.default:kubernetes.default listener.cattle.io/cn-kubernetes.default.svc:kubernetes.default.svc listener.cattle.io/cn-kubernetes.default.svc.cluster.local:kubernetes.default.svc.cluster.local listener.cattle.io/cn-localhost:localhost listener.cattle.io/fingerprint:SHA1=C3AA3164DCE84F9ED7D92B6364E8EBF1CB65B4AD]
2025-01-29 13:19:35,162 INFO c.h.h.t.HelmChartContainer - [K3S] [INFO] Running kube-apiserver --advertise-port=6443 --allow-privileged=true --anonymous-auth=false --api-audiences=https://kubernetes.default.svc.cluster.local,k3s --authorization-mode=Node,RBAC --bind-address=127.0.0.1 --cert-dir=/var/lib/rancher/k3s/server/tls/temporary-certs --client-ca-file=/var/lib/rancher/k3s/server/tls/client-ca.crt --egress-selector-config-file=/var/lib/rancher/k3s/server/etc/egress-selector-config.yaml --enable-admission-plugins=NodeRestriction --enable-aggregator-routing=true --enable-bootstrap-token-auth=true --etcd-compaction-interval=0s --etcd-servers=unix://kine.sock --kubelet-certificate-authority=/var/lib/rancher/k3s/server/tls/server-ca.crt --kubelet-client-certificate=/var/lib/rancher/k3s/server/tls/client-kube-apiserver.crt --kubelet-client-key=/var/lib/rancher/k3s/server/tls/client-kube-apiserver.key --kubelet-preferred-address-types=InternalIP,ExternalIP,Hostname --profiling=false --proxy-client-cert-file=/var/lib/rancher/k3s/server/tls/client-auth-proxy.crt --proxy-client-key-file=/var/lib/rancher/k3s/server/tls/client-auth-proxy.key --requestheader-allowed-names=system:auth-proxy --requestheader-client-ca-file=/var/lib/rancher/k3s/server/tls/request-header-ca.crt --requestheader-extra-headers-prefix=X-Remote-Extra- --requestheader-group-headers=X-Remote-Group --requestheader-username-headers=X-Remote-User --secure-port=6444 --service-account-issuer=https://kubernetes.default.svc.cluster.local --service-account-key-file=/var/lib/rancher/k3s/server/tls/service.key --service-account-signing-key-file=/var/lib/rancher/k3s/server/tls/service.current.key --service-cluster-ip-range=10.43.0.0/16 --service-node-port-range=30000-32767 --storage-backend=etcd3 --tls-cert-file=/var/lib/rancher/k3s/server/tls/serving-kube-apiserver.crt --tls-cipher-suites=TLS_ECDHE_ECDSA_WITH_AES_256_GCM_SHA384,TLS_ECDHE_RSA_WITH_AES_256_GCM_SHA384,TLS_ECDHE_ECDSA_WITH_AES_128_GCM_SHA256,TLS_ECDHE_RSA_WITH_AES_128_GCM_SHA256,TLS_ECDHE_ECDSA_WITH_CHACHA20_POLY1305,TLS_ECDHE_RSA_WITH_CHACHA20_POLY1305 --tls-private-key-file=/var/lib/rancher/k3s/server/tls/serving-kube-apiserver.key
2025-01-29 13:19:35,163 INFO c.h.h.t.HelmChartContainer - [K3S] [INFO] Running kube-scheduler --authentication-kubeconfig=/var/lib/rancher/k3s/server/cred/scheduler.kubeconfig --authorization-kubeconfig=/var/lib/rancher/k3s/server/cred/scheduler.kubeconfig --bind-address=127.0.0.1 --kubeconfig=/var/lib/rancher/k3s/server/cred/scheduler.kubeconfig --leader-elect=false --profiling=false --secure-port=10259
2025-01-29 13:19:35,164 INFO c.h.h.t.HelmChartContainer - [K3S] [registry.go:256] calling componentGlobalsRegistry.AddFlags more than once, the registry will be set by the latest flags
2025-01-29 13:19:35,164 INFO c.h.h.t.HelmChartContainer - [K3S] [INFO] Waiting for API server to become available
2025-01-29 13:19:35,165 INFO c.h.h.t.HelmChartContainer - [K3S] [INFO] Running kube-controller-manager --allocate-node-cidrs=true --authentication-kubeconfig=/var/lib/rancher/k3s/server/cred/controller.kubeconfig --authorization-kubeconfig=/var/lib/rancher/k3s/server/cred/controller.kubeconfig --bind-address=127.0.0.1 --cluster-cidr=10.42.0.0/16 --cluster-signing-kube-apiserver-client-cert-file=/var/lib/rancher/k3s/server/tls/client-ca.nochain.crt --cluster-signing-kube-apiserver-client-key-file=/var/lib/rancher/k3s/server/tls/client-ca.key --cluster-signing-kubelet-client-cert-file=/var/lib/rancher/k3s/server/tls/client-ca.nochain.crt --cluster-signing-kubelet-client-key-file=/var/lib/rancher/k3s/server/tls/client-ca.key --cluster-signing-kubelet-serving-cert-file=/var/lib/rancher/k3s/server/tls/server-ca.nochain.crt --cluster-signing-kubelet-serving-key-file=/var/lib/rancher/k3s/server/tls/server-ca.key --cluster-signing-legacy-unknown-cert-file=/var/lib/rancher/k3s/server/tls/server-ca.nochain.crt --cluster-signing-legacy-unknown-key-file=/var/lib/rancher/k3s/server/tls/server-ca.key --configure-cloud-routes=false --controllers=*,tokencleaner,-service,-route,-cloud-node-lifecycle --kubeconfig=/var/lib/rancher/k3s/server/cred/controller.kubeconfig --leader-elect=false --profiling=false --root-ca-file=/var/lib/rancher/k3s/server/tls/server-ca.crt --secure-port=10257 --service-account-private-key-file=/var/lib/rancher/k3s/server/tls/service.current.key --service-cluster-ip-range=10.43.0.0/16 --use-service-account-credentials=true
2025-01-29 13:19:35,166 INFO c.h.h.t.HelmChartContainer - [K3S] [registry.go:256] calling componentGlobalsRegistry.AddFlags more than once, the registry will be set by the latest flags
2025-01-29 13:19:35,166 INFO c.h.h.t.HelmChartContainer - [K3S] [options.go:238] external host was not specified, using 172.18.0.2
2025-01-29 13:19:35,166 INFO c.h.h.t.HelmChartContainer - [K3S] [options.go:299] unable to set WatchListClient feature gate, err: cannot override default for feature "WatchListClient": gates already added to a flag set
2025-01-29 13:19:35,166 INFO c.h.h.t.HelmChartContainer - [K3S] [registry.go:256] calling componentGlobalsRegistry.AddFlags more than once, the registry will be set by the latest flags
2025-01-29 13:19:35,166 INFO c.h.h.t.HelmChartContainer - [K3S] [INFO] Running cloud-controller-manager --allocate-node-cidrs=true --authentication-kubeconfig=/var/lib/rancher/k3s/server/cred/cloud-controller.kubeconfig --authorization-kubeconfig=/var/lib/rancher/k3s/server/cred/cloud-controller.kubeconfig --bind-address=127.0.0.1 --cloud-config=/var/lib/rancher/k3s/server/etc/cloud-config.yaml --cloud-provider=k3s --cluster-cidr=10.42.0.0/16 --configure-cloud-routes=false --controllers=*,-route --kubeconfig=/var/lib/rancher/k3s/server/cred/cloud-controller.kubeconfig --leader-elect=false --leader-elect-resource-name=k3s-cloud-controller-manager --node-status-update-frequency=1m0s --profiling=false
2025-01-29 13:19:35,167 INFO c.h.h.t.HelmChartContainer - [K3S] [INFO] Server node token is available at /var/lib/rancher/k3s/server/token
2025-01-29 13:19:35,168 INFO c.h.h.t.HelmChartContainer - [K3S] [INFO] To join server node to cluster: k3s server -s https://172.18.0.2:6443 -t ${SERVER_NODE_TOKEN}
2025-01-29 13:19:35,168 INFO c.h.h.t.HelmChartContainer - [K3S] [INFO] Agent node token is available at /var/lib/rancher/k3s/server/agent-token
2025-01-29 13:19:35,169 INFO c.h.h.t.HelmChartContainer - [K3S] [INFO] To join agent node to cluster: k3s agent -s https://172.18.0.2:6443 -t ${AGENT_NODE_TOKEN}
2025-01-29 13:19:35,169 INFO c.h.h.t.HelmChartContainer - [K3S] [server.go:151] Version: v1.32.1+k3s1
2025-01-29 13:19:35,169 INFO c.h.h.t.HelmChartContainer - [K3S] [server.go:153] "Golang settings" GOGC="" GOMAXPROCS="" GOTRACEBACK=""
2025-01-29 13:19:35,169 INFO c.h.h.t.HelmChartContainer - [K3S] [INFO] Wrote kubeconfig /etc/rancher/k3s/k3s.yaml
2025-01-29 13:19:35,169 INFO c.h.h.t.HelmChartContainer - [K3S] [INFO] Run: k3s kubectl
2025-01-29 13:19:35,544 INFO c.h.h.t.HelmChartContainer - [K3S] [plugins.go:157] Loaded 13 mutating admission controller(s) successfully in the following order: NamespaceLifecycle,LimitRanger,ServiceAccount,NodeRestriction,TaintNodesByCondition,Priority,DefaultTolerationSeconds,DefaultStorageClass,StorageObjectInUseProtection,RuntimeClass,DefaultIngressClass,MutatingAdmissionPolicy,MutatingAdmissionWebhook.
2025-01-29 13:19:35,544 INFO c.h.h.t.HelmChartContainer - [K3S] [plugins.go:160] Loaded 13 validating admission controller(s) successfully in the following order: LimitRanger,ServiceAccount,PodSecurity,Priority,PersistentVolumeClaimResize,RuntimeClass,CertificateApproval,CertificateSigning,ClusterTrustBundleAttest,CertificateSubjectRestriction,ValidatingAdmissionPolicy,ValidatingAdmissionWebhook,ResourceQuota.
2025-01-29 13:19:35,544 INFO c.h.h.t.HelmChartContainer - [K3S] [instance.go:233] Using reconciler: lease
2025-01-29 13:19:35,629 INFO c.h.h.t.HelmChartContainer - [K3S] [apis.go:106] API group "internal.apiserver.k8s.io" is not enabled, skipping.
2025-01-29 13:19:35,673 INFO c.h.h.t.HelmChartContainer - [K3S] [apis.go:106] API group "storagemigration.k8s.io" is not enabled, skipping.
2025-01-29 13:19:35,700 INFO c.h.h.t.HelmChartContainer - [K3S] [apis.go:106] API group "resource.k8s.io" is not enabled, skipping.
2025-01-29 13:19:35,858 INFO c.h.h.t.HelmChartContainer - [K3S] [INFO] Password verified locally for node bd3ce72ce098
2025-01-29 13:19:36,064 INFO c.h.h.t.HelmChartContainer - [K3S] [dynamic_cafile_content.go:161] "Starting controller" name="client-ca-bundle::/var/lib/rancher/k3s/server/tls/client-ca.crt"
2025-01-29 13:19:36,065 INFO c.h.h.t.HelmChartContainer - [K3S] [dynamic_serving_content.go:135] "Starting controller" name="serving-cert::/var/lib/rancher/k3s/server/tls/serving-kube-apiserver.crt::/var/lib/rancher/k3s/server/tls/serving-kube-apiserver.key"
2025-01-29 13:19:36,065 INFO c.h.h.t.HelmChartContainer - [K3S] [dynamic_cafile_content.go:161] "Starting controller" name="request-header::/var/lib/rancher/k3s/server/tls/request-header-ca.crt"
2025-01-29 13:19:36,065 INFO c.h.h.t.HelmChartContainer - [K3S] [secure_serving.go:213] Serving securely on 127.0.0.1:6444
2025-01-29 13:19:36,066 INFO c.h.h.t.HelmChartContainer - [K3S] [tlsconfig.go:243] "Starting DynamicServingCertificateController"
2025-01-29 13:19:36,066 INFO c.h.h.t.HelmChartContainer - [K3S] [remote_available_controller.go:411] Starting RemoteAvailability controller
2025-01-29 13:19:36,066 INFO c.h.h.t.HelmChartContainer - [K3S] [apf_controller.go:377] Starting API Priority and Fairness config controller
2025-01-29 13:19:36,066 INFO c.h.h.t.HelmChartContainer - [K3S] [apiservice_controller.go:100] Starting APIServiceRegistrationController
2025-01-29 13:19:36,066 INFO c.h.h.t.HelmChartContainer - [K3S] [aggregator.go:169] waiting for initial CRD sync...
2025-01-29 13:19:36,066 INFO c.h.h.t.HelmChartContainer - [K3S] [system_namespaces_controller.go:66] Starting system namespaces controller
2025-01-29 13:19:36,066 INFO c.h.h.t.HelmChartContainer - [K3S] [gc_controller.go:78] Starting apiserver lease garbage collector
2025-01-29 13:19:36,067 INFO c.h.h.t.HelmChartContainer - [K3S] [controller.go:119] Starting legacy_token_tracking_controller
2025-01-29 13:19:36,067 INFO c.h.h.t.HelmChartContainer - [K3S] [local_available_controller.go:156] Starting LocalAvailability controller
2025-01-29 13:19:36,067 INFO c.h.h.t.HelmChartContainer - [K3S] [controller.go:78] Starting OpenAPI AggregationController
2025-01-29 13:19:36,067 INFO c.h.h.t.HelmChartContainer - [K3S] [cluster_authentication_trust_controller.go:462] Starting cluster_authentication_trust_controller controller
2025-01-29 13:19:36,067 INFO c.h.h.t.HelmChartContainer - [K3S] [crdregistration_controller.go:114] Starting crd-autoregister controller
2025-01-29 13:19:36,068 INFO c.h.h.t.HelmChartContainer - [K3S] [dynamic_cafile_content.go:161] "Starting controller" name="client-ca-bundle::/var/lib/rancher/k3s/server/tls/client-ca.crt"
2025-01-29 13:19:36,068 INFO c.h.h.t.HelmChartContainer - [K3S] [dynamic_cafile_content.go:161] "Starting controller" name="request-header::/var/lib/rancher/k3s/server/tls/request-header-ca.crt"
2025-01-29 13:19:36,068 INFO c.h.h.t.HelmChartContainer - [K3S] [controller.go:80] Starting OpenAPI V3 AggregationController
2025-01-29 13:19:36,068 INFO c.h.h.t.HelmChartContainer - [K3S] [dynamic_serving_content.go:135] "Starting controller" name="aggregator-proxy-cert::/var/lib/rancher/k3s/server/tls/client-auth-proxy.crt::/var/lib/rancher/k3s/server/tls/client-auth-proxy.key"
2025-01-29 13:19:36,068 INFO c.h.h.t.HelmChartContainer - [K3S] [customresource_discovery_controller.go:292] Starting DiscoveryController
2025-01-29 13:19:36,068 INFO c.h.h.t.HelmChartContainer - [K3S] [controller.go:142] Starting OpenAPI controller
2025-01-29 13:19:36,068 INFO c.h.h.t.HelmChartContainer - [K3S] [controller.go:90] Starting OpenAPI V3 controller
2025-01-29 13:19:36,068 INFO c.h.h.t.HelmChartContainer - [K3S] [naming_controller.go:294] Starting NamingConditionController
2025-01-29 13:19:36,068 INFO c.h.h.t.HelmChartContainer - [K3S] [establishing_controller.go:81] Starting EstablishingController
2025-01-29 13:19:36,068 INFO c.h.h.t.HelmChartContainer - [K3S] [nonstructuralschema_controller.go:195] Starting NonStructuralSchemaConditionController
2025-01-29 13:19:36,069 INFO c.h.h.t.HelmChartContainer - [K3S] [apiapproval_controller.go:189] Starting KubernetesAPIApprovalPolicyConformantConditionController
2025-01-29 13:19:36,069 INFO c.h.h.t.HelmChartContainer - [K3S] [crd_finalizer.go:269] Starting CRDFinalizer
2025-01-29 13:19:36,141 INFO c.h.h.t.HelmChartContainer - [K3S] [policy_source.go:240] refreshing policies
2025-01-29 13:19:36,167 INFO c.h.h.t.HelmChartContainer - [K3S] [apf_controller.go:382] Running API Priority and Fairness config worker
2025-01-29 13:19:36,168 INFO c.h.h.t.HelmChartContainer - [K3S] [apf_controller.go:385] Running API Priority and Fairness periodic rebalancing process
2025-01-29 13:19:36,168 INFO c.h.h.t.HelmChartContainer - [K3S] [handler_discovery.go:451] Starting ResourceDiscoveryManager
2025-01-29 13:19:36,168 INFO c.h.h.t.HelmChartContainer - [K3S] [aggregator.go:171] initial CRD sync complete...
2025-01-29 13:19:36,168 INFO c.h.h.t.HelmChartContainer - [K3S] [autoregister_controller.go:144] Starting autoregister controller
2025-01-29 13:19:36,185 INFO c.h.h.t.HelmChartContainer - [K3S] [controller.go:145] "Failed to ensure lease exists, will retry" err="namespaces \"kube-system\" not found" interval="200ms"
2025-01-29 13:19:36,221 INFO c.h.h.t.HelmChartContainer - [K3S] [controller.go:95] Unable to perform initial Kubernetes service initialization: namespaces "default" not found
2025-01-29 13:19:36,428 INFO c.h.h.t.HelmChartContainer - [K3S] [WARNING] Host resolv.conf includes loopback or multicast nameservers - kubelet will use autogenerated resolv.conf with nameserver 8.8.8.8
2025-01-29 13:19:36,442 INFO c.h.h.t.HelmChartContainer - [K3S] [INFO] Module overlay was already loaded
2025-01-29 13:19:36,442 INFO c.h.h.t.HelmChartContainer - [K3S] [INFO] Module nf_conntrack was already loaded
2025-01-29 13:19:36,443 INFO c.h.h.t.HelmChartContainer - [K3S] [INFO] Module br_netfilter was already loaded
2025-01-29 13:19:36,447 INFO c.h.h.t.HelmChartContainer - [K3S] [INFO] Set sysctl 'net/netfilter/nf_conntrack_max' to 131072
2025-01-29 13:19:36,448 INFO c.h.h.t.HelmChartContainer - [K3S] [INFO] Set sysctl 'net/netfilter/nf_conntrack_tcp_timeout_established' to 86400
2025-01-29 13:19:36,448 INFO c.h.h.t.HelmChartContainer - [K3S] [INFO] Set sysctl 'net/netfilter/nf_conntrack_tcp_timeout_close_wait' to 3600
2025-01-29 13:19:36,449 INFO c.h.h.t.HelmChartContainer - [K3S] [INFO] Logging containerd to /var/lib/rancher/k3s/agent/containerd/containerd.log
2025-01-29 13:19:36,449 INFO c.h.h.t.HelmChartContainer - [K3S] [INFO] Running containerd -c /var/lib/rancher/k3s/agent/etc/containerd/config.toml -a /run/k3s/containerd/containerd.sock --state /run/k3s/containerd --root /var/lib/rancher/k3s/agent/containerd
2025-01-29 13:19:37,068 INFO c.h.h.t.HelmChartContainer - [K3S] [storage_scheduling.go:95] created PriorityClass system-node-critical with value 2000001000
2025-01-29 13:19:37,071 INFO c.h.h.t.HelmChartContainer - [K3S] [storage_scheduling.go:95] created PriorityClass system-cluster-critical with value 2000000000
2025-01-29 13:19:37,071 INFO c.h.h.t.HelmChartContainer - [K3S] [storage_scheduling.go:111] all system priority classes are created successfully or already exist.
2025-01-29 13:19:37,426 INFO c.h.h.t.HelmChartContainer - [K3S] [alloc.go:330] "allocated clusterIPs" service="default/kubernetes" clusterIPs={"IPv4":"10.43.0.1"}
2025-01-29 13:19:37,430 INFO c.h.h.t.HelmChartContainer - [K3S] [lease.go:265] Resetting endpoints for master service "kubernetes" to [172.18.0.2]
2025-01-29 13:19:37,453 INFO c.h.h.t.HelmChartContainer - [K3S] [INFO] containerd is now running
2025-01-29 13:19:37,456 INFO c.h.h.t.HelmChartContainer - [K3S] [INFO] Connecting to proxy" url="wss://127.0.0.1:6443/v1-k3s/connect
2025-01-29 13:19:37,459 INFO c.h.h.t.HelmChartContainer - [K3S] [INFO] Creating k3s-cert-monitor event broadcaster
2025-01-29 13:19:37,459 INFO c.h.h.t.HelmChartContainer - [K3S] [INFO] Running kubelet --cloud-provider=external --config-dir=/var/lib/rancher/k3s/agent/etc/kubelet.conf.d --containerd=/run/k3s/containerd/containerd.sock --hostname-override=bd3ce72ce098 --kubeconfig=/var/lib/rancher/k3s/agent/kubelet.kubeconfig --node-ip=172.18.0.2 --node-labels=
2025-01-29 13:19:37,459 INFO c.h.h.t.HelmChartContainer - [K3S] [INFO] Handling backend connection request [bd3ce72ce098]
2025-01-29 13:19:37,460 INFO c.h.h.t.HelmChartContainer - [K3S] [INFO] Remotedialer connected to proxy" url="wss://127.0.0.1:6443/v1-k3s/connect
2025-01-29 13:19:37,465 INFO c.h.h.t.HelmChartContainer - [K3S] Flag --containerd has been deprecated, This is a cadvisor flag that was mistakenly registered with the Kubelet. Due to legacy concerns, it will follow the standard CLI deprecation timeline before being removed.
2025-01-29 13:19:37,469 INFO c.h.h.t.HelmChartContainer - [K3S] [server.go:515] "Kubelet version" kubeletVersion="v1.32.1+k3s1"
2025-01-29 13:19:37,469 INFO c.h.h.t.HelmChartContainer - [K3S] [server.go:517] "Golang settings" GOGC="" GOMAXPROCS="" GOTRACEBACK=""
2025-01-29 13:19:37,471 INFO c.h.h.t.HelmChartContainer - [K3S] [dynamic_cafile_content.go:161] "Starting controller" name="client-ca-bundle::/var/lib/rancher/k3s/agent/client-ca.crt"
2025-01-29 13:19:37,473 INFO c.h.h.t.HelmChartContainer - [K3S] [log.go:32] "RuntimeConfig from runtime service failed" err="rpc error: code = Unimplemented desc = method RuntimeConfig not implemented"
2025-01-29 13:19:37,473 INFO c.h.h.t.HelmChartContainer - [K3S] [server.go:1416] "CRI implementation should be updated to support RuntimeConfig when KubeletCgroupDriverFromCRI feature gate has been enabled. Falling back to using cgroupDriver from kubelet config."
2025-01-29 13:19:37,476 INFO c.h.h.t.HelmChartContainer - [K3S] [info.go:53] Couldn't collect info from any of the files in "/etc/machine-id,/var/lib/dbus/machine-id"
2025-01-29 13:19:37,477 INFO c.h.h.t.HelmChartContainer - [K3S] [server.go:767] "--cgroups-per-qos enabled, but --cgroup-root was not specified.  defaulting to /"
2025-01-29 13:19:37,477 INFO c.h.h.t.HelmChartContainer - [K3S] [server.go:836] "NoSwap is set due to memorySwapBehavior not specified" memorySwapBehavior="" FailSwapOn=false
2025-01-29 13:19:37,477 INFO c.h.h.t.HelmChartContainer - [K3S] [swap_util.go:115] "Swap is on" /proc/swaps contents=<
2025-01-29 13:19:37,477 INFO c.h.h.t.HelmChartContainer - [K3S] 	Filename				Type		Size		Used		Priority
2025-01-29 13:19:37,477 INFO c.h.h.t.HelmChartContainer - [K3S] 	/mnt/swapfile                           file		4194300		12		-2
2025-01-29 13:19:37,478 INFO c.h.h.t.HelmChartContainer - [K3S]  >
2025-01-29 13:19:37,479 INFO c.h.h.t.HelmChartContainer - [K3S] [container_manager_linux.go:268] "Container manager verified user specified cgroup-root exists" cgroupRoot=[]
2025-01-29 13:19:37,480 INFO c.h.h.t.HelmChartContainer - [K3S] [container_manager_linux.go:273] "Creating Container Manager object based on Node Config" nodeConfig={"NodeName":"bd3ce72ce098","RuntimeCgroupsName":"","SystemCgroupsName":"","KubeletCgroupsName":"/k3s","KubeletOOMScoreAdj":-999,"ContainerRuntime":"","CgroupsPerQOS":true,"CgroupRoot":"/","CgroupDriver":"cgroupfs","KubeletRootDir":"/var/lib/kubelet","ProtectKernelDefaults":false,"KubeReservedCgroupName":"","SystemReservedCgroupName":"","ReservedSystemCPUs":{},"EnforceNodeAllocatable":{"pods":{}},"KubeReserved":null,"SystemReserved":null,"HardEvictionThresholds":[{"Signal":"imagefs.available","Operator":"LessThan","Value":{"Quantity":null,"Percentage":0.05},"GracePeriod":0,"MinReclaim":null},{"Signal":"nodefs.available","Operator":"LessThan","Value":{"Quantity":null,"Percentage":0.05},"GracePeriod":0,"MinReclaim":null}],"QOSReserved":{},"CPUManagerPolicy":"none","CPUManagerPolicyOptions":null,"TopologyManagerScope":"container","CPUManagerReconcilePeriod":10000000000,"ExperimentalMemoryManagerPolicy":"None","ExperimentalMemoryManagerReservedMemory":null,"PodPidsLimit":-1,"EnforceCPULimits":true,"CPUCFSQuotaPeriod":100000000,"TopologyManagerPolicy":"none","TopologyManagerPolicyOptions":null,"CgroupVersion":2}
2025-01-29 13:19:37,480 INFO c.h.h.t.HelmChartContainer - [K3S] [topology_manager.go:138] "Creating topology manager with none policy"
2025-01-29 13:19:37,480 INFO c.h.h.t.HelmChartContainer - [K3S] [container_manager_linux.go:304] "Creating device plugin manager"
2025-01-29 13:19:37,480 INFO c.h.h.t.HelmChartContainer - [K3S] [state_mem.go:36] "Initialized new in-memory state store"
2025-01-29 13:19:37,480 INFO c.h.h.t.HelmChartContainer - [K3S] [kubelet.go:446] "Attempting to sync node with API server"
2025-01-29 13:19:37,480 INFO c.h.h.t.HelmChartContainer - [K3S] [kubelet.go:341] "Adding static pod path" path="/var/lib/rancher/k3s/agent/pod-manifests"
2025-01-29 13:19:37,480 INFO c.h.h.t.HelmChartContainer - [K3S] [kubelet.go:352] "Adding apiserver pod source"
2025-01-29 13:19:37,480 INFO c.h.h.t.HelmChartContainer - [K3S] [apiserver.go:42] "Waiting for node sync before watching apiserver pods"
2025-01-29 13:19:37,480 INFO c.h.h.t.HelmChartContainer - [K3S] [kuberuntime_manager.go:269] "Container runtime initialized" containerRuntime="containerd" version="v1.7.23-k3s2" apiVersion="v1"
2025-01-29 13:19:37,480 INFO c.h.h.t.HelmChartContainer - [K3S] [kubelet.go:890] "Not starting ClusterTrustBundle informer because we are in static kubelet mode"
2025-01-29 13:19:37,480 INFO c.h.h.t.HelmChartContainer - [K3S] [probe.go:272] Flexvolume plugin directory at /usr/libexec/kubernetes/kubelet-plugins/volume/exec/ does not exist. Recreating.
2025-01-29 13:19:37,481 INFO c.h.h.t.HelmChartContainer - [K3S] [watchdog_linux.go:99] "Systemd watchdog is not enabled"
2025-01-29 13:19:37,481 INFO c.h.h.t.HelmChartContainer - [K3S] [server.go:1282] "Started kubelet"
2025-01-29 13:19:37,485 INFO c.h.h.t.HelmChartContainer - [K3S] [fs_resource_analyzer.go:67] "Starting FS ResourceAnalyzer"
2025-01-29 13:19:37,488 INFO c.h.h.t.HelmChartContainer - [K3S] [server.go:169] "Starting to listen" address="0.0.0.0" port=10250
2025-01-29 13:19:37,488 INFO c.h.h.t.HelmChartContainer - [K3S] [kubelet.go:1561] "Image garbage collection failed once. Stats initialization may not have completed yet" err="invalid capacity 0 on image filesystem"
2025-01-29 13:19:37,489 INFO c.h.h.t.HelmChartContainer - [K3S] [volume_manager.go:297] "Starting Kubelet Volume Manager"
2025-01-29 13:19:37,489 INFO c.h.h.t.HelmChartContainer - [K3S] [desired_state_of_world_populator.go:149] "Desired state populator starts to run"
2025-01-29 13:19:37,490 INFO c.h.h.t.HelmChartContainer - [K3S] [reconciler.go:26] "Reconciler: start to sync state"
2025-01-29 13:19:37,491 INFO c.h.h.t.HelmChartContainer - [K3S] [kubelet_node_status.go:467] "Error getting the current node from lister" err="node \"bd3ce72ce098\" not found"
2025-01-29 13:19:37,492 INFO c.h.h.t.HelmChartContainer - [K3S] [server.go:490] "Adding debug handlers to kubelet server"
2025-01-29 13:19:37,492 INFO c.h.h.t.HelmChartContainer - [K3S] [server.go:208] "Starting to listen read-only" address="0.0.0.0" port=10255
2025-01-29 13:19:37,494 INFO c.h.h.t.HelmChartContainer - [K3S] [ratelimit.go:55] "Setting rate limiting for endpoint" service="podresources" qps=100 burstTokens=10
2025-01-29 13:19:37,494 INFO c.h.h.t.HelmChartContainer - [K3S] [server.go:243] "Starting to serve the podresources API" endpoint="unix:/var/lib/kubelet/pod-resources/kubelet.sock"
2025-01-29 13:19:37,494 INFO c.h.h.t.HelmChartContainer - [K3S] [dynamic_serving_content.go:135] "Starting controller" name="kubelet-server-cert-files::/var/lib/rancher/k3s/agent/serving-kubelet.crt::/var/lib/rancher/k3s/agent/serving-kubelet.key"
2025-01-29 13:19:37,496 INFO c.h.h.t.HelmChartContainer - [K3S] [factory.go:221] Registration of the containerd container factory successfully
2025-01-29 13:19:37,496 INFO c.h.h.t.HelmChartContainer - [K3S] [factory.go:221] Registration of the systemd container factory successfully
2025-01-29 13:19:37,496 INFO c.h.h.t.HelmChartContainer - [K3S] [factory.go:219] Registration of the crio container factory failed: Get "http://%2Fvar%2Frun%2Fcrio%2Fcrio.sock/info": dial unix /var/run/crio/crio.sock: connect: no such file or directory
2025-01-29 13:19:37,508 INFO c.h.h.t.HelmChartContainer - [K3S] [kubelet_network_linux.go:50] "Initialized iptables rules." protocol="IPv4"
2025-01-29 13:19:37,510 INFO c.h.h.t.HelmChartContainer - [K3S] [kubelet_network_linux.go:50] "Initialized iptables rules." protocol="IPv6"
2025-01-29 13:19:37,510 INFO c.h.h.t.HelmChartContainer - [K3S] [status_manager.go:227] "Starting to sync pod status with apiserver"
2025-01-29 13:19:37,510 INFO c.h.h.t.HelmChartContainer - [K3S] [watchdog_linux.go:127] "Systemd watchdog is not enabled or the interval is invalid, so health checking will not be started."
2025-01-29 13:19:37,510 INFO c.h.h.t.HelmChartContainer - [K3S] [kubelet.go:2388] "Starting kubelet main sync loop"
2025-01-29 13:19:37,510 INFO c.h.h.t.HelmChartContainer - [K3S] [kubelet.go:2412] "Skipping pod synchronization" err="[container runtime status check may not have completed yet, PLEG is not healthy: pleg has yet to be successful]"
2025-01-29 13:19:37,523 INFO c.h.h.t.HelmChartContainer - [K3S] [nodelease.go:49] "Failed to get node when trying to set owner ref to the node lease" err="nodes \"bd3ce72ce098\" not found" node="bd3ce72ce098"
2025-01-29 13:19:37,527 INFO c.h.h.t.HelmChartContainer - [K3S] [cpu_manager.go:221] "Starting CPU manager" policy="none"
2025-01-29 13:19:37,527 INFO c.h.h.t.HelmChartContainer - [K3S] [cpu_manager.go:222] "Reconciling" reconcilePeriod="10s"
2025-01-29 13:19:37,528 INFO c.h.h.t.HelmChartContainer - [K3S] [state_mem.go:36] "Initialized new in-memory state store"
2025-01-29 13:19:37,529 INFO c.h.h.t.HelmChartContainer - [K3S] [policy_none.go:49] "None policy: Start"
2025-01-29 13:19:37,529 INFO c.h.h.t.HelmChartContainer - [K3S] [memory_manager.go:186] "Starting memorymanager" policy="None"
2025-01-29 13:19:37,529 INFO c.h.h.t.HelmChartContainer - [K3S] [state_mem.go:35] "Initializing new in-memory state store"
2025-01-29 13:19:37,533 INFO c.h.h.t.HelmChartContainer - [K3S] [manager.go:519] "Failed to read data from checkpoint" checkpoint="kubelet_internal_checkpoint" err="checkpoint is not found"
2025-01-29 13:19:37,535 INFO c.h.h.t.HelmChartContainer - [K3S] [eviction_manager.go:189] "Eviction manager: starting control loop"
2025-01-29 13:19:37,535 INFO c.h.h.t.HelmChartContainer - [K3S] [container_log_manager.go:189] "Initializing container log rotate workers" workers=1 monitorPeriod="10s"
2025-01-29 13:19:37,535 INFO c.h.h.t.HelmChartContainer - [K3S] [plugin_manager.go:118] "Starting Kubelet Plugin Manager"
2025-01-29 13:19:37,538 INFO c.h.h.t.HelmChartContainer - [K3S] [eviction_manager.go:267] "eviction manager: failed to check if we have separate container filesystem. Ignoring." err="no imagefs label for configured runtime"
2025-01-29 13:19:37,538 INFO c.h.h.t.HelmChartContainer - [K3S] [eviction_manager.go:292] "Eviction manager: failed to get summary stats" err="failed to get node info: node \"bd3ce72ce098\" not found"
2025-01-29 13:19:37,576 INFO c.h.h.t.HelmChartContainer - [K3S] [ERROR] Sending HTTP/1.1 503 response to 127.0.0.1:35826: runtime core not ready
2025-01-29 13:19:37,635 INFO c.h.h.t.HelmChartContainer - [K3S] [kubelet_node_status.go:76] "Attempting to register node" node="bd3ce72ce098"
2025-01-29 13:19:37,643 INFO c.h.h.t.HelmChartContainer - [K3S] [kubelet_node_status.go:79] "Successfully registered node" node="bd3ce72ce098"
2025-01-29 13:19:37,645 INFO c.h.h.t.HelmChartContainer - [K3S] [INFO] Annotations and labels have been set successfully on node: bd3ce72ce098
2025-01-29 13:19:37,646 INFO c.h.h.t.HelmChartContainer - [K3S] [INFO] Starting flannel with backend vxlan
2025-01-29 13:19:37,683 INFO c.h.h.t.HelmChartContainer - [K3S] [INFO] Running kube-proxy --cluster-cidr=10.42.0.0/16 --conntrack-max-per-core=0 --conntrack-tcp-timeout-close-wait=0s --conntrack-tcp-timeout-established=0s --healthz-bind-address=127.0.0.1 --hostname-override=bd3ce72ce098 --kubeconfig=/var/lib/rancher/k3s/agent/kubeproxy.kubeconfig --proxy-mode=iptables
2025-01-29 13:19:37,721 INFO c.h.h.t.HelmChartContainer - [K3S] [server.go:698] "Successfully retrieved node IP(s)" IPs=["172.18.0.2"]
2025-01-29 13:19:37,722 INFO c.h.h.t.HelmChartContainer - [K3S] [server.go:234] "Kube-proxy configuration may be incomplete or incorrect" err="nodePortAddresses is unset; NodePort connections will be accepted on all local IPs. Consider using `--nodeport-addresses primary`"
2025-01-29 13:19:37,724 INFO c.h.h.t.HelmChartContainer - [K3S] [server.go:243] "kube-proxy running in dual-stack mode" primary ipFamily="IPv4"
2025-01-29 13:19:37,725 INFO c.h.h.t.HelmChartContainer - [K3S] [server_linux.go:170] "Using iptables Proxier"
2025-01-29 13:19:37,726 INFO c.h.h.t.HelmChartContainer - [K3S] [proxier.go:255] "Setting route_localnet=1 to allow node-ports on localhost; to change this either disable iptables.localhostNodePorts (--iptables-localhost-nodeports) or set nodePortAddresses (--nodeport-addresses) to filter loopback addresses"
2025-01-29 13:19:37,729 INFO c.h.h.t.HelmChartContainer - [K3S] [server.go:497] "Version info" version="v1.32.1+k3s1"
2025-01-29 13:19:37,729 INFO c.h.h.t.HelmChartContainer - [K3S] [server.go:499] "Golang settings" GOGC="" GOMAXPROCS="" GOTRACEBACK=""
2025-01-29 13:19:37,732 INFO c.h.h.t.HelmChartContainer - [K3S] [config.go:199] "Starting service config controller"
2025-01-29 13:19:37,732 INFO c.h.h.t.HelmChartContainer - [K3S] [config.go:105] "Starting endpoint slice config controller"
2025-01-29 13:19:37,732 INFO c.h.h.t.HelmChartContainer - [K3S] [config.go:329] "Starting node config controller"
2025-01-29 13:19:37,950 INFO c.h.h.t.HelmChartContainer - [K3S] [kubelet_node_status.go:502] "Fast updating node status as it just became ready"
2025-01-29 13:19:38,168 INFO c.h.h.t.HelmChartContainer - [K3S] [INFO] Waiting for untainted node
2025-01-29 13:19:38,169 INFO c.h.h.t.HelmChartContainer - [K3S] [INFO] Waiting for cloud-controller-manager privileges to become available
2025-01-29 13:19:38,169 INFO c.h.h.t.HelmChartContainer - [K3S] [INFO] Kube API server is now running
2025-01-29 13:19:38,169 INFO c.h.h.t.HelmChartContainer - [K3S] [INFO] ETCD server is now running
2025-01-29 13:19:38,169 INFO c.h.h.t.HelmChartContainer - [K3S] [INFO] k3s is up and running
2025-01-29 13:19:38,169 INFO c.h.h.t.HelmChartContainer - [K3S] [INFO] Creating k3s-supervisor event broadcaster
2025-01-29 13:19:38,174 INFO c.h.h.t.HelmChartContainer - [K3S] [INFO] Applying CRD addons.k3s.cattle.io
2025-01-29 13:19:38,185 INFO c.h.h.t.HelmChartContainer - [K3S] [INFO] Applying CRD etcdsnapshotfiles.k3s.cattle.io
2025-01-29 13:19:38,195 INFO c.h.h.t.HelmChartContainer - [K3S] [INFO] Applying CRD helmcharts.helm.cattle.io
2025-01-29 13:19:38,208 INFO c.h.h.t.HelmChartContainer - [K3S] [INFO] Applying CRD helmchartconfigs.helm.cattle.io
2025-01-29 13:19:38,222 INFO c.h.h.t.HelmChartContainer - [K3S] [INFO] Waiting for CRD helmchartconfigs.helm.cattle.io to become available
2025-01-29 13:19:38,374 INFO c.h.h.t.HelmChartContainer - [K3S] [serving.go:392] Generated self-signed cert in-memory
2025-01-29 13:19:38,479 INFO c.h.h.t.HelmChartContainer - [K3S] [apiserver.go:52] "Watching apiserver"
2025-01-29 13:19:38,490 INFO c.h.h.t.HelmChartContainer - [K3S] [desired_state_of_world_populator.go:157] "Finished populating initial desired state of world"
2025-01-29 13:19:38,724 INFO c.h.h.t.HelmChartContainer - [K3S] [INFO] Done waiting for CRD helmchartconfigs.helm.cattle.io to become available
2025-01-29 13:19:38,724 INFO c.h.h.t.HelmChartContainer - [K3S] [INFO] Writing static file: /var/lib/rancher/k3s/server/static/charts/traefik-crd-27.0.201+up27.0.2.tgz
2025-01-29 13:19:38,725 INFO c.h.h.t.HelmChartContainer - [K3S] [INFO] Writing static file: /var/lib/rancher/k3s/server/static/charts/traefik-27.0.201+up27.0.2.tgz
2025-01-29 13:19:38,725 INFO c.h.h.t.HelmChartContainer - [K3S] [INFO] Writing manifest: /var/lib/rancher/k3s/server/manifests/metrics-server/auth-reader.yaml
2025-01-29 13:19:38,726 INFO c.h.h.t.HelmChartContainer - [K3S] [INFO] Writing manifest: /var/lib/rancher/k3s/server/manifests/metrics-server/resource-reader.yaml
2025-01-29 13:19:38,726 INFO c.h.h.t.HelmChartContainer - [K3S] [INFO] Writing manifest: /var/lib/rancher/k3s/server/manifests/rolebindings.yaml
2025-01-29 13:19:38,726 INFO c.h.h.t.HelmChartContainer - [K3S] [INFO] Writing manifest: /var/lib/rancher/k3s/server/manifests/runtimes.yaml
2025-01-29 13:19:38,726 INFO c.h.h.t.HelmChartContainer - [K3S] [INFO] Writing manifest: /var/lib/rancher/k3s/server/manifests/ccm.yaml
2025-01-29 13:19:38,726 INFO c.h.h.t.HelmChartContainer - [K3S] [INFO] Writing manifest: /var/lib/rancher/k3s/server/manifests/coredns.yaml
2025-01-29 13:19:38,726 INFO c.h.h.t.HelmChartContainer - [K3S] [INFO] Writing manifest: /var/lib/rancher/k3s/server/manifests/metrics-server/aggregated-metrics-reader.yaml
2025-01-29 13:19:38,727 INFO c.h.h.t.HelmChartContainer - [K3S] [INFO] Writing manifest: /var/lib/rancher/k3s/server/manifests/metrics-server/auth-delegator.yaml
2025-01-29 13:19:38,727 INFO c.h.h.t.HelmChartContainer - [K3S] [INFO] Writing manifest: /var/lib/rancher/k3s/server/manifests/local-storage.yaml
2025-01-29 13:19:38,727 INFO c.h.h.t.HelmChartContainer - [K3S] [INFO] Writing manifest: /var/lib/rancher/k3s/server/manifests/metrics-server/metrics-apiservice.yaml
2025-01-29 13:19:38,728 INFO c.h.h.t.HelmChartContainer - [K3S] [INFO] Writing manifest: /var/lib/rancher/k3s/server/manifests/metrics-server/metrics-server-deployment.yaml
2025-01-29 13:19:38,728 INFO c.h.h.t.HelmChartContainer - [K3S] [INFO] Writing manifest: /var/lib/rancher/k3s/server/manifests/metrics-server/metrics-server-service.yaml
2025-01-29 13:19:38,728 INFO c.h.h.t.HelmChartContainer - [K3S] [INFO] Starting dynamiclistener CN filter node controller with SANs: [localhost 127.0.0.1 ::1 localhost bd3ce72ce098 172.18.0.2 10.43.0.1 kubernetes kubernetes.default kubernetes.default.svc kubernetes.default.svc.cluster.local]
2025-01-29 13:19:38,728 INFO c.h.h.t.HelmChartContainer - [K3S] [INFO] Tunnel server egress proxy mode: agent
2025-01-29 13:19:38,835 INFO c.h.h.t.HelmChartContainer - [K3S] [INFO] Starting k3s.cattle.io/v1, Kind=Addon controller
2025-01-29 13:19:38,835 INFO c.h.h.t.HelmChartContainer - [K3S] [INFO] Creating deploy event broadcaster
2025-01-29 13:19:38,837 INFO c.h.h.t.HelmChartContainer - [K3S] [controllermanager.go:185] "Starting" version="v1.32.1+k3s1"
2025-01-29 13:19:38,837 INFO c.h.h.t.HelmChartContainer - [K3S] [controllermanager.go:187] "Golang settings" GOGC="" GOMAXPROCS="" GOTRACEBACK=""
2025-01-29 13:19:38,839 INFO c.h.h.t.HelmChartContainer - [K3S] [configmap_cafile_content.go:205] "Starting controller" name="client-ca::kube-system::extension-apiserver-authentication::client-ca-file"
2025-01-29 13:19:38,840 INFO c.h.h.t.HelmChartContainer - [K3S] [requestheader_controller.go:180] Starting RequestHeaderAuthRequestController
2025-01-29 13:19:38,840 INFO c.h.h.t.HelmChartContainer - [K3S] [configmap_cafile_content.go:205] "Starting controller" name="client-ca::kube-system::extension-apiserver-authentication::requestheader-client-ca-file"
2025-01-29 13:19:38,841 INFO c.h.h.t.HelmChartContainer - [K3S] [secure_serving.go:213] Serving securely on 127.0.0.1:10257
2025-01-29 13:19:38,841 INFO c.h.h.t.HelmChartContainer - [K3S] [tlsconfig.go:243] "Starting DynamicServingCertificateController"
2025-01-29 13:19:38,845 INFO c.h.h.t.HelmChartContainer - [K3S] [controllermanager.go:765] "Started controller" controller="serviceaccount-token-controller"
2025-01-29 13:19:38,851 INFO c.h.h.t.HelmChartContainer - [K3S] [controllermanager.go:765] "Started controller" controller="certificatesigningrequest-approving-controller"
2025-01-29 13:19:38,852 INFO c.h.h.t.HelmChartContainer - [K3S] [certificate_controller.go:120] "Starting certificate controller" name="csrapproving"
2025-01-29 13:19:38,937 INFO c.h.h.t.HelmChartContainer - [K3S] [range_allocator.go:112] "No Secondary Service CIDR provided. Skipping filtering out secondary service addresses"
2025-01-29 13:19:38,938 INFO c.h.h.t.HelmChartContainer - [K3S] [controllermanager.go:765] "Started controller" controller="node-ipam-controller"
2025-01-29 13:19:38,938 INFO c.h.h.t.HelmChartContainer - [K3S] [node_ipam_controller.go:141] "Starting ipam controller"
2025-01-29 13:19:38,941 INFO c.h.h.t.HelmChartContainer - [K3S] [INFO] Starting /v1, Kind=Node controller
2025-01-29 13:19:38,941 INFO c.h.h.t.HelmChartContainer - [K3S] [INFO] Creating helm-controller event broadcaster
2025-01-29 13:19:38,945 INFO c.h.h.t.HelmChartContainer - [K3S] [controllermanager.go:765] "Started controller" controller="persistentvolumeclaim-protection-controller"
2025-01-29 13:19:38,946 INFO c.h.h.t.HelmChartContainer - [K3S] [pvc_protection_controller.go:168] "Starting PVC protection controller"
2025-01-29 13:19:38,952 INFO c.h.h.t.HelmChartContainer - [K3S] [INFO] Cluster dns configmap has been set successfully
2025-01-29 13:19:38,953 INFO c.h.h.t.HelmChartContainer - [K3S] [INFO] Labels and annotations have been set successfully on node: bd3ce72ce098
2025-01-29 13:19:38,957 INFO c.h.h.t.HelmChartContainer - [K3S] [controllermanager.go:765] "Started controller" controller="persistentvolume-protection-controller"
2025-01-29 13:19:38,957 INFO c.h.h.t.HelmChartContainer - [K3S] [controllermanager.go:717] "Controller is disabled by a feature gate" controller="kube-apiserver-serving-clustertrustbundle-publisher-controller" requiredFeatureGates=["ClusterTrustBundle"]
2025-01-29 13:19:38,957 INFO c.h.h.t.HelmChartContainer - [K3S] [pv_protection_controller.go:81] "Starting PV protection controller"
2025-01-29 13:19:38,990 INFO c.h.h.t.HelmChartContainer - [K3S] [INFO] Starting /v1, Kind=ConfigMap controller
2025-01-29 13:19:38,990 INFO c.h.h.t.HelmChartContainer - [K3S] [INFO] Starting /v1, Kind=Secret controller
2025-01-29 13:19:38,992 INFO c.h.h.t.HelmChartContainer - [K3S] [INFO] Starting /v1, Kind=ServiceAccount controller
2025-01-29 13:19:38,997 INFO c.h.h.t.HelmChartContainer - [K3S] [INFO] Active TLS secret kube-system/k3s-serving (ver=235) (count 10): map[listener.cattle.io/cn-10.43.0.1:10.43.0.1 listener.cattle.io/cn-127.0.0.1:127.0.0.1 listener.cattle.io/cn-172.18.0.2:172.18.0.2 listener.cattle.io/cn-__1-f16284:::1 listener.cattle.io/cn-bd3ce72ce098:bd3ce72ce098 listener.cattle.io/cn-kubernetes:kubernetes listener.cattle.io/cn-kubernetes.default:kubernetes.default listener.cattle.io/cn-kubernetes.default.svc:kubernetes.default.svc listener.cattle.io/cn-kubernetes.default.svc.cluster.local:kubernetes.default.svc.cluster.local listener.cattle.io/cn-localhost:localhost listener.cattle.io/fingerprint:SHA1=C3AA3164DCE84F9ED7D92B6364E8EBF1CB65B4AD]
2025-01-29 13:19:39,000 INFO c.h.h.t.HelmChartContainer - [K3S] [controllermanager.go:765] "Started controller" controller="resourcequota-controller"
2025-01-29 13:19:39,001 INFO c.h.h.t.HelmChartContainer - [K3S] [resource_quota_controller.go:300] "Starting resource quota controller"
2025-01-29 13:19:39,011 INFO c.h.h.t.HelmChartContainer - [K3S] [controllermanager.go:765] "Started controller" controller="horizontal-pod-autoscaler-controller"
2025-01-29 13:19:39,011 INFO c.h.h.t.HelmChartContainer - [K3S] [controllermanager.go:743] "Warning: skipping controller" controller="storage-version-migrator-controller"
2025-01-29 13:19:39,012 INFO c.h.h.t.HelmChartContainer - [K3S] [horizontal.go:201] "Starting HPA controller"
2025-01-29 13:19:39,017 INFO c.h.h.t.HelmChartContainer - [K3S] [controllermanager.go:765] "Started controller" controller="legacy-serviceaccount-token-cleaner-controller"
2025-01-29 13:19:39,017 INFO c.h.h.t.HelmChartContainer - [K3S] [legacy_serviceaccount_token_cleaner.go:103] "Starting legacy service account token cleaner controller"
2025-01-29 13:19:39,022 INFO c.h.h.t.HelmChartContainer - [K3S] [controllermanager.go:765] "Started controller" controller="replicaset-controller"
2025-01-29 13:19:39,022 INFO c.h.h.t.HelmChartContainer - [K3S] [replica_set.go:217] "Starting controller" name="replicaset"
2025-01-29 13:19:39,055 INFO c.h.h.t.HelmChartContainer - [K3S] [INFO] Starting helm.cattle.io/v1, Kind=HelmChartConfig controller
2025-01-29 13:19:39,055 INFO c.h.h.t.HelmChartContainer - [K3S] [INFO] Starting helm.cattle.io/v1, Kind=HelmChart controller
2025-01-29 13:19:39,058 INFO c.h.h.t.HelmChartContainer - [K3S] [INFO] Starting rbac.authorization.k8s.io/v1, Kind=ClusterRoleBinding controller
2025-01-29 13:19:39,060 INFO c.h.h.t.HelmChartContainer - [K3S] [INFO] Starting batch/v1, Kind=Job controller
2025-01-29 13:19:39,092 INFO c.h.h.t.HelmChartContainer - [K3S] [INFO] Updating TLS secret for kube-system/k3s-serving (count: 10): map[listener.cattle.io/cn-10.43.0.1:10.43.0.1 listener.cattle.io/cn-127.0.0.1:127.0.0.1 listener.cattle.io/cn-172.18.0.2:172.18.0.2 listener.cattle.io/cn-__1-f16284:::1 listener.cattle.io/cn-bd3ce72ce098:bd3ce72ce098 listener.cattle.io/cn-kubernetes:kubernetes listener.cattle.io/cn-kubernetes.default:kubernetes.default listener.cattle.io/cn-kubernetes.default.svc:kubernetes.default.svc listener.cattle.io/cn-kubernetes.default.svc.cluster.local:kubernetes.default.svc.cluster.local listener.cattle.io/cn-localhost:localhost listener.cattle.io/fingerprint:SHA1=C3AA3164DCE84F9ED7D92B6364E8EBF1CB65B4AD]
2025-01-29 13:19:39,149 INFO c.h.h.t.HelmChartContainer - [K3S] [controllermanager.go:765] "Started controller" controller="disruption-controller"
2025-01-29 13:19:39,149 INFO c.h.h.t.HelmChartContainer - [K3S] [disruption.go:452] "Sending events to api server."
2025-01-29 13:19:39,149 INFO c.h.h.t.HelmChartContainer - [K3S] [disruption.go:463] "Starting disruption controller"
2025-01-29 13:19:39,306 INFO c.h.h.t.HelmChartContainer - [K3S] [controllermanager.go:765] "Started controller" controller="statefulset-controller"
2025-01-29 13:19:39,307 INFO c.h.h.t.HelmChartContainer - [K3S] [stateful_set.go:166] "Starting stateful set controller"
2025-01-29 13:19:39,450 INFO c.h.h.t.HelmChartContainer - [K3S] [controllermanager.go:765] "Started controller" controller="persistentvolume-binder-controller"
2025-01-29 13:19:39,450 INFO c.h.h.t.HelmChartContainer - [K3S] [pv_controller_base.go:308] "Starting persistent volume controller"
2025-01-29 13:19:39,600 INFO c.h.h.t.HelmChartContainer - [K3S] [controllermanager.go:765] "Started controller" controller="persistentvolume-attach-detach-controller"
2025-01-29 13:19:39,600 INFO c.h.h.t.HelmChartContainer - [K3S] [attach_detach_controller.go:338] "Starting attach detach controller"
2025-01-29 13:19:39,749 INFO c.h.h.t.HelmChartContainer - [K3S] [controllermanager.go:765] "Started controller" controller="ttl-after-finished-controller"
2025-01-29 13:19:39,750 INFO c.h.h.t.HelmChartContainer - [K3S] [ttlafterfinished_controller.go:112] "Starting TTL after finished controller"
2025-01-29 13:19:39,898 INFO c.h.h.t.HelmChartContainer - [K3S] [controllermanager.go:765] "Started controller" controller="endpoints-controller"
2025-01-29 13:19:39,899 INFO c.h.h.t.HelmChartContainer - [K3S] [endpoints_controller.go:182] "Starting endpoint controller"
2025-01-29 13:19:40,049 INFO c.h.h.t.HelmChartContainer - [K3S] [controllermanager.go:765] "Started controller" controller="endpointslice-mirroring-controller"
2025-01-29 13:19:40,049 INFO c.h.h.t.HelmChartContainer - [K3S] [endpointslicemirroring_controller.go:227] "Starting EndpointSliceMirroring controller"
2025-01-29 13:19:40,298 INFO c.h.h.t.HelmChartContainer - [K3S] [graph_builder.go:351] "Running" component="GraphBuilder"
2025-01-29 13:19:40,298 INFO c.h.h.t.HelmChartContainer - [K3S] [controllermanager.go:765] "Started controller" controller="garbage-collector-controller"
2025-01-29 13:19:40,299 INFO c.h.h.t.HelmChartContainer - [K3S] [controllermanager.go:728] "Warning: controller is disabled" controller="bootstrap-signer-controller"
2025-01-29 13:19:40,598 INFO c.h.h.t.HelmChartContainer - [K3S] [controllermanager.go:765] "Started controller" controller="validatingadmissionpolicy-status-controller"
2025-01-29 13:19:40,598 INFO c.h.h.t.HelmChartContainer - [K3S] [controllermanager.go:717] "Controller is disabled by a feature gate" controller="selinux-warning-controller" requiredFeatureGates=["SELinuxChangePolicy"]
2025-01-29 13:19:40,749 INFO c.h.h.t.HelmChartContainer - [K3S] [controllermanager.go:765] "Started controller" controller="replicationcontroller-controller"
2025-01-29 13:19:40,750 INFO c.h.h.t.HelmChartContainer - [K3S] [replica_set.go:217] "Starting controller" name="replicationcontroller"
2025-01-29 13:19:40,840 INFO c.h.h.t.HelmChartContainer - [K3S] [event.go:389] "Event occurred" object="kube-system/ccm" fieldPath="" kind="Addon" apiVersion="k3s.cattle.io/v1" type="Normal" reason="ApplyingManifest" message="Applying manifest at \"/var/lib/rancher/k3s/server/manifests/ccm.yaml\""
2025-01-29 13:19:40,858 INFO c.h.h.t.HelmChartContainer - [K3S] [event.go:389] "Event occurred" object="kube-system/ccm" fieldPath="" kind="Addon" apiVersion="k3s.cattle.io/v1" type="Normal" reason="AppliedManifest" message="Applied manifest at \"/var/lib/rancher/k3s/server/manifests/ccm.yaml\""
2025-01-29 13:19:40,867 INFO c.h.h.t.HelmChartContainer - [K3S] [event.go:389] "Event occurred" object="kube-system/coredns" fieldPath="" kind="Addon" apiVersion="k3s.cattle.io/v1" type="Normal" reason="ApplyingManifest" message="Applying manifest at \"/var/lib/rancher/k3s/server/manifests/coredns.yaml\""
2025-01-29 13:19:40,901 INFO c.h.h.t.HelmChartContainer - [K3S] [controllermanager.go:765] "Started controller" controller="serviceaccount-controller"
2025-01-29 13:19:40,902 INFO c.h.h.t.HelmChartContainer - [K3S] [serviceaccounts_controller.go:114] "Starting service account controller"
2025-01-29 13:19:40,949 INFO c.h.h.t.HelmChartContainer - [K3S] [controllermanager.go:765] "Started controller" controller="certificatesigningrequest-cleaner-controller"
2025-01-29 13:19:40,949 INFO c.h.h.t.HelmChartContainer - [K3S] [cleaner.go:83] "Starting CSR cleaner controller"
2025-01-29 13:19:40,950 INFO c.h.h.t.HelmChartContainer - [K3S] [event.go:389] "Event occurred" object="bd3ce72ce098" fieldPath="" kind="Node" apiVersion="" type="Normal" reason="NodePasswordValidationComplete" message="Deferred node password secret validation complete"
2025-01-29 13:19:40,975 INFO c.h.h.t.HelmChartContainer - [K3S] [alloc.go:330] "allocated clusterIPs" service="kube-system/kube-dns" clusterIPs={"IPv4":"10.43.0.10"}
2025-01-29 13:19:40,977 INFO c.h.h.t.HelmChartContainer - [K3S] [event.go:389] "Event occurred" object="kube-system/coredns" fieldPath="" kind="Addon" apiVersion="k3s.cattle.io/v1" type="Normal" reason="AppliedManifest" message="Applied manifest at \"/var/lib/rancher/k3s/server/manifests/coredns.yaml\""
2025-01-29 13:19:40,986 INFO c.h.h.t.HelmChartContainer - [K3S] [event.go:389] "Event occurred" object="kube-system/local-storage" fieldPath="" kind="Addon" apiVersion="k3s.cattle.io/v1" type="Normal" reason="ApplyingManifest" message="Applying manifest at \"/var/lib/rancher/k3s/server/manifests/local-storage.yaml\""
2025-01-29 13:19:41,075 INFO c.h.h.t.HelmChartContainer - [K3S] [event.go:389] "Event occurred" object="kube-system/local-storage" fieldPath="" kind="Addon" apiVersion="k3s.cattle.io/v1" type="Normal" reason="AppliedManifest" message="Applied manifest at \"/var/lib/rancher/k3s/server/manifests/local-storage.yaml\""
2025-01-29 13:19:41,081 INFO c.h.h.t.HelmChartContainer - [K3S] [event.go:389] "Event occurred" object="kube-system/aggregated-metrics-reader" fieldPath="" kind="Addon" apiVersion="k3s.cattle.io/v1" type="Normal" reason="ApplyingManifest" message="Applying manifest at \"/var/lib/rancher/k3s/server/manifests/metrics-server/aggregated-metrics-reader.yaml\""
2025-01-29 13:19:41,099 INFO c.h.h.t.HelmChartContainer - [K3S] [ttl_controller.go:127] "Starting TTL controller"
2025-01-29 13:19:41,099 INFO c.h.h.t.HelmChartContainer - [K3S] [controllermanager.go:765] "Started controller" controller="ttl-controller"
2025-01-29 13:19:41,149 INFO c.h.h.t.HelmChartContainer - [K3S] [event.go:389] "Event occurred" object="kube-system/aggregated-metrics-reader" fieldPath="" kind="Addon" apiVersion="k3s.cattle.io/v1" type="Normal" reason="AppliedManifest" message="Applied manifest at \"/var/lib/rancher/k3s/server/manifests/metrics-server/aggregated-metrics-reader.yaml\""
2025-01-29 13:19:41,154 INFO c.h.h.t.HelmChartContainer - [K3S] [event.go:389] "Event occurred" object="kube-system/auth-delegator" fieldPath="" kind="Addon" apiVersion="k3s.cattle.io/v1" type="Normal" reason="ApplyingManifest" message="Applying manifest at \"/var/lib/rancher/k3s/server/manifests/metrics-server/auth-delegator.yaml\""
2025-01-29 13:19:41,158 INFO c.h.h.t.HelmChartContainer - [K3S] [event.go:389] "Event occurred" object="kube-system/auth-delegator" fieldPath="" kind="Addon" apiVersion="k3s.cattle.io/v1" type="Normal" reason="AppliedManifest" message="Applied manifest at \"/var/lib/rancher/k3s/server/manifests/metrics-server/auth-delegator.yaml\""
2025-01-29 13:19:41,164 INFO c.h.h.t.HelmChartContainer - [K3S] [event.go:389] "Event occurred" object="kube-system/auth-reader" fieldPath="" kind="Addon" apiVersion="k3s.cattle.io/v1" type="Normal" reason="ApplyingManifest" message="Applying manifest at \"/var/lib/rancher/k3s/server/manifests/metrics-server/auth-reader.yaml\""
2025-01-29 13:19:41,168 INFO c.h.h.t.HelmChartContainer - [K3S] [event.go:389] "Event occurred" object="kube-system/auth-reader" fieldPath="" kind="Addon" apiVersion="k3s.cattle.io/v1" type="Normal" reason="AppliedManifest" message="Applied manifest at \"/var/lib/rancher/k3s/server/manifests/metrics-server/auth-reader.yaml\""
2025-01-29 13:19:41,174 INFO c.h.h.t.HelmChartContainer - [K3S] [event.go:389] "Event occurred" object="kube-system/metrics-apiservice" fieldPath="" kind="Addon" apiVersion="k3s.cattle.io/v1" type="Normal" reason="ApplyingManifest" message="Applying manifest at \"/var/lib/rancher/k3s/server/manifests/metrics-server/metrics-apiservice.yaml\""
2025-01-29 13:19:41,182 INFO c.h.h.t.HelmChartContainer - [K3S] [event.go:389] "Event occurred" object="kube-system/metrics-apiservice" fieldPath="" kind="Addon" apiVersion="k3s.cattle.io/v1" type="Normal" reason="AppliedManifest" message="Applied manifest at \"/var/lib/rancher/k3s/server/manifests/metrics-server/metrics-apiservice.yaml\""
2025-01-29 13:19:41,187 INFO c.h.h.t.HelmChartContainer - [K3S] [handler_proxy.go:99] no RequestInfo found in the context
2025-01-29 13:19:41,187 INFO c.h.h.t.HelmChartContainer - [K3S] [controller.go:146] "Unhandled Error" err=<
2025-01-29 13:19:41,187 INFO c.h.h.t.HelmChartContainer - [K3S] 	, Header: map[Content-Type:[text/plain; charset=utf-8] X-Content-Type-Options:[nosniff]]
2025-01-29 13:19:41,187 INFO c.h.h.t.HelmChartContainer - [K3S]  >
2025-01-29 13:19:41,188 INFO c.h.h.t.HelmChartContainer - [K3S] [handler_proxy.go:143] error resolving kube-system/metrics-server: service "metrics-server" not found
2025-01-29 13:19:41,189 INFO c.h.h.t.HelmChartContainer - [K3S] [event.go:389] "Event occurred" object="kube-system/metrics-server-deployment" fieldPath="" kind="Addon" apiVersion="k3s.cattle.io/v1" type="Normal" reason="ApplyingManifest" message="Applying manifest at \"/var/lib/rancher/k3s/server/manifests/metrics-server/metrics-server-deployment.yaml\""
2025-01-29 13:19:41,204 INFO c.h.h.t.HelmChartContainer - [K3S] [event.go:389] "Event occurred" object="kube-system/metrics-server-deployment" fieldPath="" kind="Addon" apiVersion="k3s.cattle.io/v1" type="Normal" reason="AppliedManifest" message="Applied manifest at \"/var/lib/rancher/k3s/server/manifests/metrics-server/metrics-server-deployment.yaml\""
2025-01-29 13:19:41,212 INFO c.h.h.t.HelmChartContainer - [K3S] [event.go:389] "Event occurred" object="kube-system/metrics-server-service" fieldPath="" kind="Addon" apiVersion="k3s.cattle.io/v1" type="Normal" reason="ApplyingManifest" message="Applying manifest at \"/var/lib/rancher/k3s/server/manifests/metrics-server/metrics-server-service.yaml\""
2025-01-29 13:19:41,219 INFO c.h.h.t.HelmChartContainer - [K3S] [alloc.go:330] "allocated clusterIPs" service="kube-system/metrics-server" clusterIPs={"IPv4":"10.43.180.129"}
2025-01-29 13:19:41,220 INFO c.h.h.t.HelmChartContainer - [K3S] [event.go:389] "Event occurred" object="kube-system/metrics-server-service" fieldPath="" kind="Addon" apiVersion="k3s.cattle.io/v1" type="Normal" reason="AppliedManifest" message="Applied manifest at \"/var/lib/rancher/k3s/server/manifests/metrics-server/metrics-server-service.yaml\""
2025-01-29 13:19:41,231 INFO c.h.h.t.HelmChartContainer - [K3S] [handler_proxy.go:99] no RequestInfo found in the context
2025-01-29 13:19:41,232 INFO c.h.h.t.HelmChartContainer - [K3S] [controller.go:146] "Unhandled Error" err=<
2025-01-29 13:19:41,232 INFO c.h.h.t.HelmChartContainer - [K3S] 	, Header: map[Content-Type:[text/plain; charset=utf-8] X-Content-Type-Options:[nosniff]]
2025-01-29 13:19:41,232 INFO c.h.h.t.HelmChartContainer - [K3S]  >
2025-01-29 13:19:41,237 INFO c.h.h.t.HelmChartContainer - [K3S] [event.go:389] "Event occurred" object="kube-system/resource-reader" fieldPath="" kind="Addon" apiVersion="k3s.cattle.io/v1" type="Normal" reason="ApplyingManifest" message="Applying manifest at \"/var/lib/rancher/k3s/server/manifests/metrics-server/resource-reader.yaml\""
2025-01-29 13:19:41,243 INFO c.h.h.t.HelmChartContainer - [K3S] [handler_proxy.go:143] error resolving kube-system/metrics-server: endpoints "metrics-server" not found
2025-01-29 13:19:41,260 INFO c.h.h.t.HelmChartContainer - [K3S] [controllermanager.go:765] "Started controller" controller="token-cleaner-controller"
2025-01-29 13:19:41,264 INFO c.h.h.t.HelmChartContainer - [K3S] [tokencleaner.go:117] "Starting token cleaner controller"
2025-01-29 13:19:41,266 INFO c.h.h.t.HelmChartContainer - [K3S] [event.go:389] "Event occurred" object="kube-system/resource-reader" fieldPath="" kind="Addon" apiVersion="k3s.cattle.io/v1" type="Normal" reason="AppliedManifest" message="Applied manifest at \"/var/lib/rancher/k3s/server/manifests/metrics-server/resource-reader.yaml\""
2025-01-29 13:19:41,274 INFO c.h.h.t.HelmChartContainer - [K3S] [event.go:389] "Event occurred" object="kube-system/rolebindings" fieldPath="" kind="Addon" apiVersion="k3s.cattle.io/v1" type="Normal" reason="ApplyingManifest" message="Applying manifest at \"/var/lib/rancher/k3s/server/manifests/rolebindings.yaml\""
2025-01-29 13:19:41,299 INFO c.h.h.t.HelmChartContainer - [K3S] [node_lifecycle_controller.go:432] "Controller will reconcile labels"
2025-01-29 13:19:41,299 INFO c.h.h.t.HelmChartContainer - [K3S] [controllermanager.go:765] "Started controller" controller="node-lifecycle-controller"
2025-01-29 13:19:41,299 INFO c.h.h.t.HelmChartContainer - [K3S] [controllermanager.go:723] "Skipping a cloud provider controller" controller="service-lb-controller"
2025-01-29 13:19:41,299 INFO c.h.h.t.HelmChartContainer - [K3S] [controllermanager.go:723] "Skipping a cloud provider controller" controller="cloud-node-lifecycle-controller"
2025-01-29 13:19:41,299 INFO c.h.h.t.HelmChartContainer - [K3S] [node_lifecycle_controller.go:466] "Sending events to api server"
2025-01-29 13:19:41,299 INFO c.h.h.t.HelmChartContainer - [K3S] [node_lifecycle_controller.go:477] "Starting node controller"
2025-01-29 13:19:41,379 INFO c.h.h.t.HelmChartContainer - [K3S] [event.go:389] "Event occurred" object="kube-system/rolebindings" fieldPath="" kind="Addon" apiVersion="k3s.cattle.io/v1" type="Normal" reason="AppliedManifest" message="Applied manifest at \"/var/lib/rancher/k3s/server/manifests/rolebindings.yaml\""
2025-01-29 13:19:41,386 INFO c.h.h.t.HelmChartContainer - [K3S] [event.go:389] "Event occurred" object="kube-system/runtimes" fieldPath="" kind="Addon" apiVersion="k3s.cattle.io/v1" type="Normal" reason="ApplyingManifest" message="Applying manifest at \"/var/lib/rancher/k3s/server/manifests/runtimes.yaml\""
2025-01-29 13:19:41,412 INFO c.h.h.t.HelmChartContainer - [K3S] [event.go:389] "Event occurred" object="kube-system/runtimes" fieldPath="" kind="Addon" apiVersion="k3s.cattle.io/v1" type="Normal" reason="AppliedManifest" message="Applied manifest at \"/var/lib/rancher/k3s/server/manifests/runtimes.yaml\""
2025-01-29 13:19:41,450 INFO c.h.h.t.HelmChartContainer - [K3S] [controllermanager.go:765] "Started controller" controller="endpointslice-controller"
2025-01-29 13:19:41,450 INFO c.h.h.t.HelmChartContainer - [K3S] [endpointslice_controller.go:281] "Starting endpoint slice controller"
2025-01-29 13:19:41,466 INFO c.h.h.t.HelmChartContainer - [K3S] [INFO] Tunnel authorizer set Kubelet Port 0.0.0.0:10250
2025-01-29 13:19:41,473 INFO c.h.h.t.HelmChartContainer - [K3S] [serving.go:392] Generated self-signed cert in-memory
2025-01-29 13:19:41,705 INFO c.h.h.t.HelmChartContainer - [K3S] [controllermanager.go:765] "Started controller" controller="namespace-controller"
2025-01-29 13:19:41,705 INFO c.h.h.t.HelmChartContainer - [K3S] [namespace_controller.go:202] "Starting namespace controller"
2025-01-29 13:19:41,849 INFO c.h.h.t.HelmChartContainer - [K3S] [controllermanager.go:765] "Started controller" controller="root-ca-certificate-publisher-controller"
2025-01-29 13:19:41,850 INFO c.h.h.t.HelmChartContainer - [K3S] [publisher.go:107] "Starting root CA cert publisher controller"
2025-01-29 13:19:41,951 INFO c.h.h.t.HelmChartContainer - [K3S] [serving.go:392] Generated self-signed cert in-memory
2025-01-29 13:19:41,999 INFO c.h.h.t.HelmChartContainer - [K3S] [controllermanager.go:765] "Started controller" controller="persistentvolume-expander-controller"
2025-01-29 13:19:41,999 INFO c.h.h.t.HelmChartContainer - [K3S] [controllermanager.go:717] "Controller is disabled by a feature gate" controller="volumeattributesclass-protection-controller" requiredFeatureGates=["VolumeAttributesClass"]
2025-01-29 13:19:41,999 INFO c.h.h.t.HelmChartContainer - [K3S] [expand_controller.go:329] "Starting expand controller"
2025-01-29 13:19:42,149 INFO c.h.h.t.HelmChartContainer - [K3S] [controllermanager.go:765] "Started controller" controller="job-controller"
2025-01-29 13:19:42,149 INFO c.h.h.t.HelmChartContainer - [K3S] [job_controller.go:243] "Starting job controller"
2025-01-29 13:19:42,181 INFO c.h.h.t.HelmChartContainer - [K3S] [handler_proxy.go:99] no RequestInfo found in the context
2025-01-29 13:19:42,182 INFO c.h.h.t.HelmChartContainer - [K3S] [handler_proxy.go:99] no RequestInfo found in the context
2025-01-29 13:19:42,182 INFO c.h.h.t.HelmChartContainer - [K3S] [controller.go:102] "Unhandled Error" err=<
2025-01-29 13:19:42,182 INFO c.h.h.t.HelmChartContainer - [K3S] 	, Header: map[Content-Type:[text/plain; charset=utf-8] X-Content-Type-Options:[nosniff]]
2025-01-29 13:19:42,182 INFO c.h.h.t.HelmChartContainer - [K3S]  >
2025-01-29 13:19:42,217 INFO c.h.h.t.HelmChartContainer - [K3S] [controllermanager.go:160] Version: v1.32.1+k3s1
2025-01-29 13:19:42,220 INFO c.h.h.t.HelmChartContainer - [K3S] [requestheader_controller.go:180] Starting RequestHeaderAuthRequestController
2025-01-29 13:19:42,220 INFO c.h.h.t.HelmChartContainer - [K3S] [configmap_cafile_content.go:205] "Starting controller" name="client-ca::kube-system::extension-apiserver-authentication::client-ca-file"
2025-01-29 13:19:42,220 INFO c.h.h.t.HelmChartContainer - [K3S] [configmap_cafile_content.go:205] "Starting controller" name="client-ca::kube-system::extension-apiserver-authentication::requestheader-client-ca-file"
2025-01-29 13:19:42,220 INFO c.h.h.t.HelmChartContainer - [K3S] [secure_serving.go:213] Serving securely on 127.0.0.1:10258
2025-01-29 13:19:42,221 INFO c.h.h.t.HelmChartContainer - [K3S] [tlsconfig.go:243] "Starting DynamicServingCertificateController"
2025-01-29 13:19:42,225 INFO c.h.h.t.HelmChartContainer - [K3S] [INFO] Creating service-lb-controller event broadcaster
2025-01-29 13:19:42,299 INFO c.h.h.t.HelmChartContainer - [K3S] [controllermanager.go:765] "Started controller" controller="cronjob-controller"
2025-01-29 13:19:42,299 INFO c.h.h.t.HelmChartContainer - [K3S] [controllermanager.go:723] "Skipping a cloud provider controller" controller="node-route-controller"
2025-01-29 13:19:42,299 INFO c.h.h.t.HelmChartContainer - [K3S] [cronjob_controllerv2.go:145] "Starting cronjob controller v2"
2025-01-29 13:19:42,340 INFO c.h.h.t.HelmChartContainer - [K3S] [INFO] Starting /v1, Kind=Node controller
2025-01-29 13:19:42,344 INFO c.h.h.t.HelmChartContainer - [K3S] [INFO] Starting /v1, Kind=Pod controller
2025-01-29 13:19:42,348 INFO c.h.h.t.HelmChartContainer - [K3S] [INFO] Starting apps/v1, Kind=DaemonSet controller
2025-01-29 13:19:42,352 INFO c.h.h.t.HelmChartContainer - [K3S] [INFO] Starting discovery.k8s.io/v1, Kind=EndpointSlice controller
2025-01-29 13:19:42,353 INFO c.h.h.t.HelmChartContainer - [K3S] [controllermanager.go:329] Started "cloud-node-controller"
2025-01-29 13:19:42,353 INFO c.h.h.t.HelmChartContainer - [K3S] [node_controller.go:176] Sending events to api server.
2025-01-29 13:19:42,353 INFO c.h.h.t.HelmChartContainer - [K3S] [controllermanager.go:329] Started "cloud-node-lifecycle-controller"
2025-01-29 13:19:42,353 INFO c.h.h.t.HelmChartContainer - [K3S] [node_lifecycle_controller.go:112] Sending events to api server
2025-01-29 13:19:42,353 INFO c.h.h.t.HelmChartContainer - [K3S] [node_controller.go:185] Waiting for informer caches to sync
2025-01-29 13:19:42,354 INFO c.h.h.t.HelmChartContainer - [K3S] [controllermanager.go:329] Started "service-lb-controller"
2025-01-29 13:19:42,354 INFO c.h.h.t.HelmChartContainer - [K3S] [controllermanager.go:306] "node-route-controller" is disabled
2025-01-29 13:19:42,354 INFO c.h.h.t.HelmChartContainer - [K3S] [controller.go:234] Starting service controller
2025-01-29 13:19:42,450 INFO c.h.h.t.HelmChartContainer - [K3S] [controllermanager.go:765] "Started controller" controller="ephemeral-volume-controller"
2025-01-29 13:19:42,450 INFO c.h.h.t.HelmChartContainer - [K3S] [controllermanager.go:717] "Controller is disabled by a feature gate" controller="resourceclaim-controller" requiredFeatureGates=["DynamicResourceAllocation"]
2025-01-29 13:19:42,450 INFO c.h.h.t.HelmChartContainer - [K3S] [controller.go:173] "Starting ephemeral volume controller"
2025-01-29 13:19:42,454 INFO c.h.h.t.HelmChartContainer - [K3S] [node_controller.go:429] Initializing node bd3ce72ce098 with cloud provider
2025-01-29 13:19:42,462 INFO c.h.h.t.HelmChartContainer - [K3S] [node_controller.go:474] Successfully initialized node bd3ce72ce098 with cloud provider
2025-01-29 13:19:42,462 INFO c.h.h.t.HelmChartContainer - [K3S] [event.go:389] "Event occurred" object="bd3ce72ce098" fieldPath="" kind="Node" apiVersion="v1" type="Normal" reason="Synced" message="Node synced successfully"
2025-01-29 13:19:42,465 INFO c.h.h.t.HelmChartContainer - [K3S] [INFO] Started tunnel to 172.18.0.2:6443
2025-01-29 13:19:42,465 INFO c.h.h.t.HelmChartContainer - [K3S] [INFO] Stopped tunnel to 127.0.0.1:6443
2025-01-29 13:19:42,468 INFO c.h.h.t.HelmChartContainer - [K3S] [INFO] Connecting to proxy" url="wss://172.18.0.2:6443/v1-k3s/connect
2025-01-29 13:19:42,468 INFO c.h.h.t.HelmChartContainer - [K3S] [INFO] Proxy done" err="context canceled" url="wss://127.0.0.1:6443/v1-k3s/connect
2025-01-29 13:19:42,469 INFO c.h.h.t.HelmChartContainer - [K3S] [INFO] error in remotedialer server [400]: websocket: close 1006 (abnormal closure): unexpected EOF
2025-01-29 13:19:42,473 INFO c.h.h.t.HelmChartContainer - [K3S] [INFO] Updated coredns NodeHosts entry for bd3ce72ce098
2025-01-29 13:19:42,473 INFO c.h.h.t.HelmChartContainer - [K3S] [INFO] Handling backend connection request [bd3ce72ce098]
2025-01-29 13:19:42,474 INFO c.h.h.t.HelmChartContainer - [K3S] [INFO] Remotedialer connected to proxy" url="wss://172.18.0.2:6443/v1-k3s/connect
2025-01-29 13:19:42,606 INFO c.h.h.t.HelmChartContainer - [K3S] [controllermanager.go:765] "Started controller" controller="pod-garbage-collector-controller"
2025-01-29 13:19:42,606 INFO c.h.h.t.HelmChartContainer - [K3S] [gc_controller.go:99] "Starting GC controller"
2025-01-29 13:19:42,685 INFO c.h.h.t.HelmChartContainer - [K3S] [serving.go:392] Generated self-signed cert in-memory
2025-01-29 13:19:42,750 INFO c.h.h.t.HelmChartContainer - [K3S] [controllermanager.go:765] "Started controller" controller="daemonset-controller"
2025-01-29 13:19:42,750 INFO c.h.h.t.HelmChartContainer - [K3S] [controllermanager.go:717] "Controller is disabled by a feature gate" controller="service-cidr-controller" requiredFeatureGates=["MultiCIDRServiceAllocator"]
2025-01-29 13:19:42,750 INFO c.h.h.t.HelmChartContainer - [K3S] [daemon_controller.go:294] "Starting daemon sets controller"
2025-01-29 13:19:42,899 INFO c.h.h.t.HelmChartContainer - [K3S] [controllermanager.go:765] "Started controller" controller="deployment-controller"
2025-01-29 13:19:42,899 INFO c.h.h.t.HelmChartContainer - [K3S] [controllermanager.go:717] "Controller is disabled by a feature gate" controller="storageversion-garbage-collector-controller" requiredFeatureGates=["APIServerIdentity","StorageVersionAPI"]
2025-01-29 13:19:42,899 INFO c.h.h.t.HelmChartContainer - [K3S] [deployment_controller.go:173] "Starting controller" controller="deployment"
2025-01-29 13:19:42,948 INFO c.h.h.t.HelmChartContainer - [K3S] [controllermanager.go:765] "Started controller" controller="taint-eviction-controller"
2025-01-29 13:19:42,948 INFO c.h.h.t.HelmChartContainer - [K3S] [taint_eviction.go:281] "Starting" controller="taint-eviction-controller"
2025-01-29 13:19:42,948 INFO c.h.h.t.HelmChartContainer - [K3S] [taint_eviction.go:287] "Sending events to api server"
2025-01-29 13:19:42,999 INFO c.h.h.t.HelmChartContainer - [K3S] [certificate_controller.go:120] "Starting certificate controller" name="csrsigning-kubelet-serving"
2025-01-29 13:19:42,999 INFO c.h.h.t.HelmChartContainer - [K3S] [dynamic_serving_content.go:135] "Starting controller" name="csr-controller::/var/lib/rancher/k3s/server/tls/server-ca.nochain.crt::/var/lib/rancher/k3s/server/tls/server-ca.key"
2025-01-29 13:19:43,000 INFO c.h.h.t.HelmChartContainer - [K3S] [certificate_controller.go:120] "Starting certificate controller" name="csrsigning-kubelet-client"
2025-01-29 13:19:43,000 INFO c.h.h.t.HelmChartContainer - [K3S] [dynamic_serving_content.go:135] "Starting controller" name="csr-controller::/var/lib/rancher/k3s/server/tls/client-ca.nochain.crt::/var/lib/rancher/k3s/server/tls/client-ca.key"
2025-01-29 13:19:43,000 INFO c.h.h.t.HelmChartContainer - [K3S] [certificate_controller.go:120] "Starting certificate controller" name="csrsigning-kube-apiserver-client"
2025-01-29 13:19:43,000 INFO c.h.h.t.HelmChartContainer - [K3S] [dynamic_serving_content.go:135] "Starting controller" name="csr-controller::/var/lib/rancher/k3s/server/tls/client-ca.nochain.crt::/var/lib/rancher/k3s/server/tls/client-ca.key"
2025-01-29 13:19:43,000 INFO c.h.h.t.HelmChartContainer - [K3S] [controllermanager.go:765] "Started controller" controller="certificatesigningrequest-signing-controller"
2025-01-29 13:19:43,000 INFO c.h.h.t.HelmChartContainer - [K3S] [certificate_controller.go:120] "Starting certificate controller" name="csrsigning-legacy-unknown"
2025-01-29 13:19:43,000 INFO c.h.h.t.HelmChartContainer - [K3S] [dynamic_serving_content.go:135] "Starting controller" name="csr-controller::/var/lib/rancher/k3s/server/tls/server-ca.nochain.crt::/var/lib/rancher/k3s/server/tls/server-ca.key"
2025-01-29 13:19:43,115 INFO c.h.h.t.HelmChartContainer - [K3S] [server.go:164] "Starting Kubernetes Scheduler" version="v1.32.1+k3s1"
2025-01-29 13:19:43,115 INFO c.h.h.t.HelmChartContainer - [K3S] [server.go:166] "Golang settings" GOGC="" GOMAXPROCS="" GOTRACEBACK=""
2025-01-29 13:19:43,122 INFO c.h.h.t.HelmChartContainer - [K3S] [requestheader_controller.go:180] Starting RequestHeaderAuthRequestController
2025-01-29 13:19:43,123 INFO c.h.h.t.HelmChartContainer - [K3S] [configmap_cafile_content.go:205] "Starting controller" name="client-ca::kube-system::extension-apiserver-authentication::client-ca-file"
2025-01-29 13:19:43,123 INFO c.h.h.t.HelmChartContainer - [K3S] [configmap_cafile_content.go:205] "Starting controller" name="client-ca::kube-system::extension-apiserver-authentication::requestheader-client-ca-file"
2025-01-29 13:19:43,123 INFO c.h.h.t.HelmChartContainer - [K3S] [secure_serving.go:213] Serving securely on 127.0.0.1:10259
2025-01-29 13:19:43,123 INFO c.h.h.t.HelmChartContainer - [K3S] [tlsconfig.go:243] "Starting DynamicServingCertificateController"
2025-01-29 13:19:43,149 INFO c.h.h.t.HelmChartContainer - [K3S] [controllermanager.go:765] "Started controller" controller="clusterrole-aggregation-controller"
2025-01-29 13:19:43,149 INFO c.h.h.t.HelmChartContainer - [K3S] [clusterroleaggregation_controller.go:194] "Starting ClusterRoleAggregator controller"
2025-01-29 13:19:43,163 INFO c.h.h.t.HelmChartContainer - [K3S] [actual_state_of_world.go:541] "Failed to update statusUpdateNeeded field in actual state of world" err="Failed to set statusUpdateNeeded to needed true, because nodeName=\"bd3ce72ce098\" does not exist"
2025-01-29 13:19:43,200 INFO c.h.h.t.HelmChartContainer - [K3S] [node_lifecycle_controller.go:1234] "Initializing eviction metric for zone" zone=""
2025-01-29 13:19:43,200 INFO c.h.h.t.HelmChartContainer - [K3S] [node_lifecycle_controller.go:886] "Missing timestamp for Node. Assuming now as a timestamp" node="bd3ce72ce098"
2025-01-29 13:19:43,200 INFO c.h.h.t.HelmChartContainer - [K3S] [node_lifecycle_controller.go:1080] "Controller detected that zone is now in new state" zone="" newState="Normal"
2025-01-29 13:19:43,238 INFO c.h.h.t.HelmChartContainer - [K3S] [range_allocator.go:177] "Sending events to api server"
2025-01-29 13:19:43,238 INFO c.h.h.t.HelmChartContainer - [K3S] [range_allocator.go:183] "Starting range CIDR allocator"
2025-01-29 13:19:43,242 INFO c.h.h.t.HelmChartContainer - [K3S] [range_allocator.go:428] "Set node PodCIDR" node="bd3ce72ce098" podCIDRs=["10.42.0.0/24"]
2025-01-29 13:19:43,242 INFO c.h.h.t.HelmChartContainer - [K3S] [range_allocator.go:247] "Successfully synced" key="bd3ce72ce098"
2025-01-29 13:19:43,243 INFO c.h.h.t.HelmChartContainer - [K3S] [range_allocator.go:247] "Successfully synced" key="bd3ce72ce098"
2025-01-29 13:19:43,243 INFO c.h.h.t.HelmChartContainer - [K3S] [INFO] Flannel found PodCIDR assigned for node bd3ce72ce098
2025-01-29 13:19:43,243 INFO c.h.h.t.HelmChartContainer - [K3S] [INFO] The interface eth0 with ipv4 address 172.18.0.2 will be used by flannel
2025-01-29 13:19:43,244 INFO c.h.h.t.HelmChartContainer - [K3S] [kube.go:139] Waiting 10m0s for node controller to sync
2025-01-29 13:19:43,244 INFO c.h.h.t.HelmChartContainer - [K3S] [kube.go:469] Starting kube subnet manager
2025-01-29 13:19:43,355 INFO c.h.h.t.HelmChartContainer - [K3S] [handler_proxy.go:99] no RequestInfo found in the context
2025-01-29 13:19:43,355 INFO c.h.h.t.HelmChartContainer - [K3S] [controller.go:146] "Unhandled Error" err=<
2025-01-29 13:19:43,355 INFO c.h.h.t.HelmChartContainer - [K3S] 	, Header: map[Content-Type:[text/plain; charset=utf-8] X-Content-Type-Options:[nosniff]]
2025-01-29 13:19:43,355 INFO c.h.h.t.HelmChartContainer - [K3S]  >
2025-01-29 13:19:43,356 INFO c.h.h.t.HelmChartContainer - [K3S] [INFO] Starting network policy controller version v2.2.1, built on 2025-01-28T18:27:08Z, go1.23.4
2025-01-29 13:19:43,356 INFO c.h.h.t.HelmChartContainer - [K3S] [network_policy_controller.go:164] Starting network policy controller
2025-01-29 13:19:43,356 INFO c.h.h.t.HelmChartContainer - [K3S] [handler_proxy.go:143] error resolving kube-system/metrics-server: no endpoints available for service "metrics-server"
2025-01-29 13:19:43,383 INFO c.h.h.t.HelmChartContainer - [K3S] [network_policy_controller.go:176] Starting network policy controller full sync goroutine
2025-01-29 13:19:43,454 INFO c.h.h.t.HelmChartContainer - [K3S] [range_allocator.go:247] "Successfully synced" key="bd3ce72ce098"
2025-01-29 13:19:44,062 INFO c.h.h.t.HelmChartContainer - [K3S] [replica_set.go:679] "Finished syncing" kind="ReplicaSet" key="kube-system/coredns-ff8999cc5" duration="107.547612ms"
2025-01-29 13:19:44,070 INFO c.h.h.t.HelmChartContainer - [K3S] [replica_set.go:679] "Finished syncing" kind="ReplicaSet" key="kube-system/metrics-server-8584b5786c" duration="115.976787ms"
2025-01-29 13:19:44,070 INFO c.h.h.t.HelmChartContainer - [K3S] [replica_set.go:679] "Finished syncing" kind="ReplicaSet" key="kube-system/local-path-provisioner-698b58967b" duration="116.324575ms"
2025-01-29 13:19:44,074 INFO c.h.h.t.HelmChartContainer - [K3S] [status_manager.go:890] "Failed to get status for pod" podUID="d74c3bec-8916-4c1d-b06a-06935f7d810e" pod="kube-system/metrics-server-8584b5786c-wd8kh" err="pods \"metrics-server-8584b5786c-wd8kh\" is forbidden: User \"system:node:bd3ce72ce098\" cannot get resource \"pods\" in API group \"\" in the namespace \"kube-system\": no relationship found between node 'bd3ce72ce098' and this object"
2025-01-29 13:19:44,074 INFO c.h.h.t.HelmChartContainer - [K3S] [reflector.go:569] object-"kube-system"/"kube-root-ca.crt": failed to list *v1.ConfigMap: configmaps "kube-root-ca.crt" is forbidden: User "system:node:bd3ce72ce098" cannot list resource "configmaps" in API group "" in the namespace "kube-system": no relationship found between node 'bd3ce72ce098' and this object
2025-01-29 13:19:44,074 INFO c.h.h.t.HelmChartContainer - [K3S] [reflector.go:166] "Unhandled Error" err="object-\"kube-system\"/\"kube-root-ca.crt\": Failed to watch *v1.ConfigMap: failed to list *v1.ConfigMap: configmaps \"kube-root-ca.crt\" is forbidden: User \"system:node:bd3ce72ce098\" cannot list resource \"configmaps\" in API group \"\" in the namespace \"kube-system\": no relationship found between node 'bd3ce72ce098' and this object"
2025-01-29 13:19:44,080 INFO c.h.h.t.HelmChartContainer - [K3S] [replica_set.go:679] "Finished syncing" kind="ReplicaSet" key="kube-system/local-path-provisioner-698b58967b" duration="9.550049ms"
2025-01-29 13:19:44,082 INFO c.h.h.t.HelmChartContainer - [K3S] [replica_set.go:679] "Finished syncing" kind="ReplicaSet" key="kube-system/metrics-server-8584b5786c" duration="11.80722ms"
2025-01-29 13:19:44,082 INFO c.h.h.t.HelmChartContainer - [K3S] [replica_set.go:679] "Finished syncing" kind="ReplicaSet" key="kube-system/metrics-server-8584b5786c" duration="28.623µs"
2025-01-29 13:19:44,087 INFO c.h.h.t.HelmChartContainer - [K3S] [replica_set.go:679] "Finished syncing" kind="ReplicaSet" key="kube-system/coredns-ff8999cc5" duration="24.839345ms"
2025-01-29 13:19:44,088 INFO c.h.h.t.HelmChartContainer - [K3S] [replica_set.go:679] "Finished syncing" kind="ReplicaSet" key="kube-system/coredns-ff8999cc5" duration="52.949µs"
2025-01-29 13:19:44,088 INFO c.h.h.t.HelmChartContainer - [K3S] [replica_set.go:679] "Finished syncing" kind="ReplicaSet" key="kube-system/coredns-ff8999cc5" duration="46.186µs"
2025-01-29 13:19:44,099 INFO c.h.h.t.HelmChartContainer - [K3S] [replica_set.go:679] "Finished syncing" kind="ReplicaSet" key="kube-system/local-path-provisioner-698b58967b" duration="18.397857ms"
2025-01-29 13:19:44,099 INFO c.h.h.t.HelmChartContainer - [K3S] [replica_set.go:679] "Finished syncing" kind="ReplicaSet" key="kube-system/local-path-provisioner-698b58967b" duration="31.659µs"
2025-01-29 13:19:44,101 INFO c.h.h.t.HelmChartContainer - [K3S] [replica_set.go:679] "Finished syncing" kind="ReplicaSet" key="kube-system/metrics-server-8584b5786c" duration="30.848µs"
2025-01-29 13:19:44,109 INFO c.h.h.t.HelmChartContainer - [K3S] [replica_set.go:679] "Finished syncing" kind="ReplicaSet" key="kube-system/local-path-provisioner-698b58967b" duration="38.442µs"
2025-01-29 13:19:44,117 INFO c.h.h.t.HelmChartContainer - [K3S] [replica_set.go:679] "Finished syncing" kind="ReplicaSet" key="kube-system/coredns-ff8999cc5" duration="37.541µs"
2025-01-29 13:19:44,132 INFO c.h.h.t.HelmChartContainer - [K3S] [reconciler_common.go:251] "operationExecutor.VerifyControllerAttachedVolume started for volume \"config-volume\" (UniqueName: \"kubernetes.io/configmap/0ba473a3-7aab-4e60-9317-7f7633f4b6a1-config-volume\") pod \"coredns-ff8999cc5-bvlfw\" (UID: \"0ba473a3-7aab-4e60-9317-7f7633f4b6a1\") " pod="kube-system/coredns-ff8999cc5-bvlfw"
2025-01-29 13:19:44,132 INFO c.h.h.t.HelmChartContainer - [K3S] [reconciler_common.go:251] "operationExecutor.VerifyControllerAttachedVolume started for volume \"custom-config-volume\" (UniqueName: \"kubernetes.io/configmap/0ba473a3-7aab-4e60-9317-7f7633f4b6a1-custom-config-volume\") pod \"coredns-ff8999cc5-bvlfw\" (UID: \"0ba473a3-7aab-4e60-9317-7f7633f4b6a1\") " pod="kube-system/coredns-ff8999cc5-bvlfw"
2025-01-29 13:19:44,132 INFO c.h.h.t.HelmChartContainer - [K3S] [reconciler_common.go:251] "operationExecutor.VerifyControllerAttachedVolume started for volume \"kube-api-access-snkjj\" (UniqueName: \"kubernetes.io/projected/0ba473a3-7aab-4e60-9317-7f7633f4b6a1-kube-api-access-snkjj\") pod \"coredns-ff8999cc5-bvlfw\" (UID: \"0ba473a3-7aab-4e60-9317-7f7633f4b6a1\") " pod="kube-system/coredns-ff8999cc5-bvlfw"
2025-01-29 13:19:44,132 INFO c.h.h.t.HelmChartContainer - [K3S] [reconciler_common.go:251] "operationExecutor.VerifyControllerAttachedVolume started for volume \"config-volume\" (UniqueName: \"kubernetes.io/configmap/71af56ce-b8e5-42de-ae4d-df8ed05242a0-config-volume\") pod \"local-path-provisioner-698b58967b-c8qn9\" (UID: \"71af56ce-b8e5-42de-ae4d-df8ed05242a0\") " pod="kube-system/local-path-provisioner-698b58967b-c8qn9"
2025-01-29 13:19:44,132 INFO c.h.h.t.HelmChartContainer - [K3S] [reconciler_common.go:251] "operationExecutor.VerifyControllerAttachedVolume started for volume \"kube-api-access-8flrs\" (UniqueName: \"kubernetes.io/projected/71af56ce-b8e5-42de-ae4d-df8ed05242a0-kube-api-access-8flrs\") pod \"local-path-provisioner-698b58967b-c8qn9\" (UID: \"71af56ce-b8e5-42de-ae4d-df8ed05242a0\") " pod="kube-system/local-path-provisioner-698b58967b-c8qn9"
2025-01-29 13:19:44,133 INFO c.h.h.t.HelmChartContainer - [K3S] [reconciler_common.go:251] "operationExecutor.VerifyControllerAttachedVolume started for volume \"tmp-dir\" (UniqueName: \"kubernetes.io/empty-dir/d74c3bec-8916-4c1d-b06a-06935f7d810e-tmp-dir\") pod \"metrics-server-8584b5786c-wd8kh\" (UID: \"d74c3bec-8916-4c1d-b06a-06935f7d810e\") " pod="kube-system/metrics-server-8584b5786c-wd8kh"
2025-01-29 13:19:44,133 INFO c.h.h.t.HelmChartContainer - [K3S] [reconciler_common.go:251] "operationExecutor.VerifyControllerAttachedVolume started for volume \"kube-api-access-kswbk\" (UniqueName: \"kubernetes.io/projected/d74c3bec-8916-4c1d-b06a-06935f7d810e-kube-api-access-kswbk\") pod \"metrics-server-8584b5786c-wd8kh\" (UID: \"d74c3bec-8916-4c1d-b06a-06935f7d810e\") " pod="kube-system/metrics-server-8584b5786c-wd8kh"
2025-01-29 13:19:44,244 INFO c.h.h.t.HelmChartContainer - [K3S] [kube.go:146] Node controller sync successful
2025-01-29 13:19:44,244 INFO c.h.h.t.HelmChartContainer - [K3S] [vxlan.go:141] VXLAN config: VNI=1 Port=0 GBP=false Learning=false DirectRouting=false
2025-01-29 13:19:44,245 INFO c.h.h.t.HelmChartContainer - [K3S] [kube.go:636] List of node(bd3ce72ce098) annotations: map[string]string{"alpha.kubernetes.io/provided-node-ip":"172.18.0.2", "k3s.io/hostname":"bd3ce72ce098", "k3s.io/internal-ip":"172.18.0.2", "k3s.io/node-args":"[\"server\",\"--etcd-arg\",\"unsafe-no-fsync\",\"--etcd-arg\",\"snapshot-count=10000\",\"--etcd-arg\",\"auto-compaction-mode=revision\",\"--etcd-arg\",\"auto-compaction-retention=1000000\",\"--kube-apiserver-arg\",\"etcd-compaction-interval=0s\",\"--disable\",\"traefik\",\"--tls-san\",\"localhost\"]", "k3s.io/node-config-hash":"2QNNT5M5XUBFOLO5XPGEVGOM5UDLHHTIVMSRUPAUHE5DU3HUYQUQ====", "k3s.io/node-env":"{}", "node.alpha.kubernetes.io/ttl":"0", "volumes.kubernetes.io/controller-managed-attach-detach":"true"}
2025-01-29 13:19:44,251 INFO c.h.h.t.HelmChartContainer - [K3S] [iptables.go:51] Starting flannel in iptables mode...
2025-01-29 13:19:44,251 INFO c.h.h.t.HelmChartContainer - [K3S] [WARNING] no subnet found for key: FLANNEL_NETWORK in file: /run/flannel/subnet.env
2025-01-29 13:19:44,251 INFO c.h.h.t.HelmChartContainer - [K3S] [WARNING] no subnet found for key: FLANNEL_SUBNET in file: /run/flannel/subnet.env
2025-01-29 13:19:44,251 INFO c.h.h.t.HelmChartContainer - [K3S] [WARNING] no subnet found for key: FLANNEL_IPV6_NETWORK in file: /run/flannel/subnet.env
2025-01-29 13:19:44,251 INFO c.h.h.t.HelmChartContainer - [K3S] [WARNING] no subnet found for key: FLANNEL_IPV6_SUBNET in file: /run/flannel/subnet.env
2025-01-29 13:19:44,251 INFO c.h.h.t.HelmChartContainer - [K3S] [iptables.go:115] Current network or subnet (10.42.0.0/16, 10.42.0.0/24) is not equal to previous one (0.0.0.0/0, 0.0.0.0/0), trying to recycle old iptables rules
2025-01-29 13:19:44,251 INFO c.h.h.t.HelmChartContainer - [K3S] [kube.go:490] Creating the node lease for IPv4. This is the n.Spec.PodCIDRs: [10.42.0.0/24]
2025-01-29 13:19:44,251 INFO c.h.h.t.HelmChartContainer - [K3S] [range_allocator.go:247] "Successfully synced" key="bd3ce72ce098"
2025-01-29 13:19:44,258 INFO c.h.h.t.HelmChartContainer - [K3S] [iptables.go:125] Setting up masking rules
2025-01-29 13:19:44,260 INFO c.h.h.t.HelmChartContainer - [K3S] [iptables.go:226] Changing default FORWARD chain policy to ACCEPT
2025-01-29 13:19:44,261 INFO c.h.h.t.HelmChartContainer - [K3S] [INFO] Wrote flannel subnet file to /run/flannel/subnet.env
2025-01-29 13:19:44,261 INFO c.h.h.t.HelmChartContainer - [K3S] [INFO] Running flannel backend.
2025-01-29 13:19:44,262 INFO c.h.h.t.HelmChartContainer - [K3S] [vxlan_network.go:65] watching for new subnet leases
2025-01-29 13:19:44,270 INFO c.h.h.t.HelmChartContainer - [K3S] [iptables.go:372] bootstrap done
2025-01-29 13:19:44,274 INFO c.h.h.t.HelmChartContainer - [K3S] [iptables.go:372] bootstrap done
2025-01-29 13:19:44,356 INFO c.h.h.t.HelmChartContainer - [K3S] [handler_proxy.go:99] no RequestInfo found in the context
2025-01-29 13:19:44,357 INFO c.h.h.t.HelmChartContainer - [K3S] [handler_proxy.go:99] no RequestInfo found in the context
2025-01-29 13:19:44,357 INFO c.h.h.t.HelmChartContainer - [K3S] [controller.go:102] "Unhandled Error" err=<
2025-01-29 13:19:44,357 INFO c.h.h.t.HelmChartContainer - [K3S] 	, Header: map[Content-Type:[text/plain; charset=utf-8] X-Content-Type-Options:[nosniff]]
2025-01-29 13:19:44,357 INFO c.h.h.t.HelmChartContainer - [K3S]  >
2025-01-29 13:19:47,721 DEBUG c.h.h.t.HelmChartContainer - Image file loaded 'hivemq-platform-operator.tar'
2025-01-29 13:19:47,989 INFO c.h.h.t.HelmChartContainer - [K3S] [kuberuntime_manager.go:1702] "Updating runtime config through cri with podcidr" CIDR="10.42.0.0/24"
2025-01-29 13:19:47,990 INFO c.h.h.t.HelmChartContainer - [K3S] [kubelet_network.go:61] "Updating Pod CIDR" originalPodCIDR="" newPodCIDR="10.42.0.0/24"
2025-01-29 13:19:47,997 INFO c.h.h.t.HelmChartContainer - [K3S] [range_allocator.go:247] "Successfully synced" key="bd3ce72ce098"
2025-01-29 13:19:48,206 DEBUG c.h.h.t.HelmChartContainer - Image file loaded 'hivemq-platform-operator-init.tar'
2025-01-29 13:19:50,567 INFO c.h.h.t.HelmChartContainer - [K3S] [replica_set.go:679] "Finished syncing" kind="ReplicaSet" key="kube-system/local-path-provisioner-698b58967b" duration="8.08622ms"
2025-01-29 13:19:50,567 INFO c.h.h.t.HelmChartContainer - [K3S] [replica_set.go:679] "Finished syncing" kind="ReplicaSet" key="kube-system/local-path-provisioner-698b58967b" duration="30.247µs"
2025-01-29 13:19:51,557 INFO c.h.h.t.HelmChartContainer - [K3S] [replica_set.go:679] "Finished syncing" kind="ReplicaSet" key="kube-system/metrics-server-8584b5786c" duration="35.246µs"
2025-01-29 13:19:51,609 INFO c.h.h.t.HelmChartContainer - [K3S] [replica_set.go:679] "Finished syncing" kind="ReplicaSet" key="kube-system/coredns-ff8999cc5" duration="20.222719ms"
2025-01-29 13:19:51,609 INFO c.h.h.t.HelmChartContainer - [K3S] [replica_set.go:679] "Finished syncing" kind="ReplicaSet" key="kube-system/coredns-ff8999cc5" duration="76.623µs"
2025-01-29 13:19:54,820 DEBUG c.h.h.t.HelmChartContainer - Image file loaded 'hivemq-platform.tar'
2025-01-29 13:19:54,820 DEBUG c.h.h.t.HelmChartContainer - Successful Helm chart Container startup
2025-01-29 13:19:54,846 INFO t.localhost/testcontainers/kjrwxyhxypdsi3fw:latest - Container localhost/testcontainers/kjrwxyhxypdsi3fw:latest started in PT20.825219944S
2025-01-29 13:19:54,857 DEBUG c.h.h.t.HelmChartContainer - Executing helm command: /bin/helm --kubeconfig /etc/rancher/k3s/k3s.yaml repo add hivemq https://hivemq.github.io/helm-charts
2025-01-29 13:19:56,290 INFO c.h.h.t.HelmChartContainer - [EVENT] Normal [Starting] Starting kubelet. [null:bd3ce72ce098]
2025-01-29 13:19:56,293 INFO c.h.h.t.HelmChartContainer - [EVENT] Warning [InvalidDiskCapacity] invalid capacity 0 on image filesystem [null:bd3ce72ce098]
2025-01-29 13:19:56,293 INFO c.h.h.t.HelmChartContainer - Saved kubeconfig file on /tmp/kubeconfig-18218333357116182166.yaml
2025-01-29 13:19:56,294 INFO c.h.h.t.HelmChartContainer - HelmChartContainer is started
2025-01-29 13:19:56,295 INFO c.h.h.t.HelmChartContainer - [EVENT] Normal [NodeHasSufficientMemory] Node bd3ce72ce098 status is now: NodeHasSufficientMemory [null:bd3ce72ce098]
2025-01-29 13:19:56,297 INFO c.h.h.t.HelmChartContainer - [EVENT] Normal [NodeHasNoDiskPressure] Node bd3ce72ce098 status is now: NodeHasNoDiskPressure [null:bd3ce72ce098]
2025-01-29 13:19:56,298 INFO c.h.h.t.HelmChartContainer - [EVENT] Normal [NodeHasSufficientPID] Node bd3ce72ce098 status is now: NodeHasSufficientPID [null:bd3ce72ce098]
2025-01-29 13:19:56,299 INFO c.h.h.t.HelmChartContainer - [EVENT] Normal [NodeAllocatableEnforced] Updated Node Allocatable limit across pods [null:bd3ce72ce098]
2025-01-29 13:19:56,303 INFO c.h.h.t.HelmChartContainer - [EVENT] Normal [NodeReady] Node bd3ce72ce098 status is now: NodeReady [null:bd3ce72ce098]
2025-01-29 13:19:56,305 INFO c.h.h.t.HelmChartContainer - [EVENT] Normal [NodePasswordValidationComplete] Deferred node password secret validation complete [null:bd3ce72ce098]
2025-01-29 13:19:56,307 INFO c.h.h.t.HelmChartContainer - [EVENT] Normal [Synced] Node synced successfully [null:bd3ce72ce098]
2025-01-29 13:19:56,313 INFO c.h.h.t.HelmChartContainer - [EVENT] Normal [RegisteredNode] Node bd3ce72ce098 event: Registered Node bd3ce72ce098 in Controller [null:bd3ce72ce098]
]]></system-out>
  <system-err><![CDATA[]]></system-err>
</testsuite>
