<?xml version="1.0" encoding="UTF-8"?>
<testsuite name="com.hivemq.helmcharts.platform.HelmPlatformInstallIT" tests="1" skipped="0" failures="0" errors="0" timestamp="2025-03-11T13:28:41" hostname="fv-az1704-335" time="103.331">
  <properties/>
  <testcase name="withLocalCharts_hivemqRunning()" classname="com.hivemq.helmcharts.platform.HelmPlatformInstallIT" time="103.331"/>
</testsuite>
