<?xml version="1.0" encoding="UTF-8"?>
<testsuite name="com.hivemq.helmcharts.license.HelmExtensionLicensesIT" tests="2" skipped="0" failures="0" errors="0" timestamp="2025-01-29T18:41:11" hostname="fv-az816-580" time="210.109">
  <properties/>
  <testcase name="withExtensionLicenseFileContent_statefulSetWithLicenseSecretMounted()" classname="com.hivemq.helmcharts.license.HelmExtensionLicensesIT" time="105.374">
    <system-out><![CDATA[2025-01-29 18:41:11,671 INFO c.h.h.t.HelmChartContainer - Creating namespace 'helmextensionlicensesit-operator'...
2025-01-29 18:41:11,679 INFO c.h.h.t.HelmChartContainer - Namespace 'helmextensionlicensesit-operator' created
2025-01-29 18:41:11,679 INFO c.h.h.t.HelmChartContainer - Creating namespace 'helmextensionlicensesit'...
2025-01-29 18:41:11,686 INFO c.h.h.t.HelmChartContainer - Namespace 'helmextensionlicensesit' created
2025-01-29 18:41:11,747 DEBUG c.h.h.t.HelmChartContainer - Executing helm command: /bin/helm --kubeconfig /etc/rancher/k3s/k3s.yaml install test-hivemq-platform-operator /charts/hivemq-platform-operator --wait --timeout 5m0s --set image.repository=docker.io/hivemq --set image.name=hivemq-platform-operator-test --set image.initImageName=hivemq-platform-operator-init-test --set image.tag=snapshot --set image.pullPolicy=Never --set logLevel=DEBUG --set resources.cpu=512m --namespace helmextensionlicensesit-operator
2025-01-29 18:41:12,042 INFO c.h.h.t.HelmChartContainer - [K3S] [alloc.go:330] "allocated clusterIPs" service="helmextensionlicensesit-operator/hivemq-platform-operator-test-hivemq-platform-operator" clusterIPs={"IPv4":"10.43.124.130"}
2025-01-29 18:41:12,055 INFO c.h.h.t.HelmChartContainer - [EVENT] Normal [ScalingReplicaSet] Scaled up replica set hivemq-test-hivemq-platform-operator-6966f96d65 from 0 to 1 [helmextensionlicensesit-operator:hivemq-test-hivemq-platform-operator]
2025-01-29 18:41:12,058 INFO c.h.h.t.HelmChartContainer - [POD] hivemq-test-hivemq-platform-operator-6966f96d65-2vfqv [ec5f0208-70c3-46b1-b85e-3152fe150ac0] in helmextensionlicensesit-operator was ADDED
2025-01-29 18:41:12,062 INFO c.h.h.t.HelmChartContainer - [K3S] [replica_set.go:679] "Finished syncing" kind="ReplicaSet" key="helmextensionlicensesit-operator/hivemq-test-hivemq-platform-operator-6966f96d65" duration="11.471968ms"
2025-01-29 18:41:12,064 INFO c.h.h.t.HelmChartContainer - [EVENT] Normal [SuccessfulCreate] Created pod: hivemq-test-hivemq-platform-operator-6966f96d65-2vfqv [helmextensionlicensesit-operator:hivemq-test-hivemq-platform-operator-6966f96d65]
2025-01-29 18:41:12,066 INFO c.h.h.t.HelmChartContainer - [K3S] [memory_manager.go:355] "RemoveStaleState removing state" podUID="cdccc2d1-2894-4dc0-9e1f-2f2ae3515a3c" containerName="hivemq-platform-operator"
2025-01-29 18:41:12,066 INFO c.h.h.t.HelmChartContainer - [K3S] [memory_manager.go:355] "RemoveStaleState removing state" podUID="feb03a08-7b25-42b0-ad6e-3c641729402c" containerName="hivemq"
2025-01-29 18:41:12,068 INFO c.h.h.t.HelmChartContainer - [POD] hivemq-test-hivemq-platform-operator-6966f96d65-2vfqv [ec5f0208-70c3-46b1-b85e-3152fe150ac0] in helmextensionlicensesit-operator was MODIFIED
2025-01-29 18:41:12,072 INFO c.h.h.t.HelmChartContainer - [K3S] [replica_set.go:679] "Finished syncing" kind="ReplicaSet" key="helmextensionlicensesit-operator/hivemq-test-hivemq-platform-operator-6966f96d65" duration="8.980616ms"
2025-01-29 18:41:12,072 INFO c.h.h.t.HelmChartContainer - [K3S] [replica_set.go:679] "Finished syncing" kind="ReplicaSet" key="helmextensionlicensesit-operator/hivemq-test-hivemq-platform-operator-6966f96d65" duration="449.538µs"
2025-01-29 18:41:12,077 INFO c.h.h.t.HelmChartContainer - [EVENT] Normal [Scheduled] Successfully assigned helmextensionlicensesit-operator/hivemq-test-hivemq-platform-operator-6966f96d65-2vfqv to c8c2901b2546 [helmextensionlicensesit-operator:hivemq-test-hivemq-platform-operator-6966f96d65-2vfqv]
2025-01-29 18:41:12,083 INFO c.h.h.t.HelmChartContainer - [K3S] [replica_set.go:679] "Finished syncing" kind="ReplicaSet" key="helmextensionlicensesit-operator/hivemq-test-hivemq-platform-operator-6966f96d65" duration="30.607µs"
2025-01-29 18:41:12,085 INFO c.h.h.t.HelmChartContainer - [POD] hivemq-test-hivemq-platform-operator-6966f96d65-2vfqv [ec5f0208-70c3-46b1-b85e-3152fe150ac0] in helmextensionlicensesit-operator was MODIFIED
2025-01-29 18:41:12,157 INFO c.h.h.t.HelmChartContainer - [K3S] [reconciler_common.go:251] "operationExecutor.VerifyControllerAttachedVolume started for volume \"kube-api-access-jsq5w\" (UniqueName: \"kubernetes.io/projected/ec5f0208-70c3-46b1-b85e-3152fe150ac0-kube-api-access-jsq5w\") pod \"hivemq-test-hivemq-platform-operator-6966f96d65-2vfqv\" (UID: \"ec5f0208-70c3-46b1-b85e-3152fe150ac0\") " pod="helmextensionlicensesit-operator/hivemq-test-hivemq-platform-operator-6966f96d65-2vfqv"
2025-01-29 18:41:12,462 INFO c.h.h.t.HelmChartContainer - [EVENT] Normal [Pulled] Container image "docker.io/hivemq/hivemq-platform-operator-test:snapshot" already present on machine [helmextensionlicensesit-operator:hivemq-test-hivemq-platform-operator-6966f96d65-2vfqv]
2025-01-29 18:41:12,462 INFO c.h.h.t.HelmChartContainer - Received Pulled event for container hivemq-platform-operator in pod hivemq-test-hivemq-platform-operator-6966f96d65-2vfqv [ec5f0208-70c3-46b1-b85e-3152fe150ac0]
2025-01-29 18:41:13,691 INFO c.h.h.t.HelmChartContainer - [EVENT] Normal [Created] Created container: hivemq-platform-operator [helmextensionlicensesit-operator:hivemq-test-hivemq-platform-operator-6966f96d65-2vfqv]
2025-01-29 18:41:13,692 INFO c.h.h.t.HelmChartContainer - Received Created event for container hivemq-platform-operator in pod hivemq-test-hivemq-platform-operator-6966f96d65-2vfqv [ec5f0208-70c3-46b1-b85e-3152fe150ac0]
2025-01-29 18:41:14,618 INFO c.h.h.t.HelmChartContainer - [K3S] [replica_set.go:679] "Finished syncing" kind="ReplicaSet" key="helmextensionlicensesit-operator/hivemq-test-hivemq-platform-operator-6966f96d65" duration="47.529µs"
2025-01-29 18:41:14,623 INFO c.h.h.t.HelmChartContainer - [POD] hivemq-test-hivemq-platform-operator-6966f96d65-2vfqv [ec5f0208-70c3-46b1-b85e-3152fe150ac0] in helmextensionlicensesit-operator was MODIFIED
2025-01-29 18:41:14,631 INFO c.h.h.t.HelmChartContainer - Started log watcher for hivemq-platform-operator in pod hivemq-test-hivemq-platform-operator-6966f96d65-2vfqv [ec5f0208-70c3-46b1-b85e-3152fe150ac0]
2025-01-29 18:41:14,632 INFO c.h.h.t.HelmChartContainer - [hivemq-test-hivemq-platform] [hivemq-platform-operator] [ec5f0208] -------------------------------------------------------------------------
2025-01-29 18:41:14,632 INFO c.h.h.t.HelmChartContainer - [hivemq-test-hivemq-platform] [hivemq-platform-operator] [ec5f0208] 
2025-01-29 18:41:14,632 INFO c.h.h.t.HelmChartContainer - [hivemq-test-hivemq-platform] [hivemq-platform-operator] [ec5f0208]                   _    _  _              __  __   ____
2025-01-29 18:41:14,632 INFO c.h.h.t.HelmChartContainer - [hivemq-test-hivemq-platform] [hivemq-platform-operator] [ec5f0208]                  | |  | |(_)            |  \/  | / __ \
2025-01-29 18:41:14,632 INFO c.h.h.t.HelmChartContainer - [hivemq-test-hivemq-platform] [hivemq-platform-operator] [ec5f0208]                  | |__| | _ __   __ ___ | \  / || |  | |
2025-01-29 18:41:14,631 INFO c.h.h.t.HelmChartContainer - [EVENT] Normal [Started] Started container hivemq-platform-operator [helmextensionlicensesit-operator:hivemq-test-hivemq-platform-operator-6966f96d65-2vfqv]
2025-01-29 18:41:14,632 INFO c.h.h.t.HelmChartContainer - Received Started event for container hivemq-platform-operator in pod hivemq-test-hivemq-platform-operator-6966f96d65-2vfqv [ec5f0208-70c3-46b1-b85e-3152fe150ac0]
2025-01-29 18:41:14,632 INFO c.h.h.t.HelmChartContainer - [hivemq-test-hivemq-platform] [hivemq-platform-operator] [ec5f0208]                  |  __  || |\ \ / // _ \| |\/| || |  | |
2025-01-29 18:41:14,632 INFO c.h.h.t.HelmChartContainer - [hivemq-test-hivemq-platform] [hivemq-platform-operator] [ec5f0208]                  | |  | || | \ V /|  __/| |  | || |__| |
2025-01-29 18:41:14,632 INFO c.h.h.t.HelmChartContainer - [hivemq-test-hivemq-platform] [hivemq-platform-operator] [ec5f0208]                  |_|  |_||_|  \_/  \___||_|  |_| \___\_\
2025-01-29 18:41:14,632 INFO c.h.h.t.HelmChartContainer - [hivemq-test-hivemq-platform] [hivemq-platform-operator] [ec5f0208] 
2025-01-29 18:41:14,632 INFO c.h.h.t.HelmChartContainer - [hivemq-test-hivemq-platform] [hivemq-platform-operator] [ec5f0208] -------------------------------------------------------------------------
2025-01-29 18:41:14,632 INFO c.h.h.t.HelmChartContainer - [hivemq-test-hivemq-platform] [hivemq-platform-operator] [ec5f0208] 
2025-01-29 18:41:14,632 INFO c.h.h.t.HelmChartContainer - [hivemq-test-hivemq-platform] [hivemq-platform-operator] [ec5f0208]   HiveMQ Platform Operator Start Script v1.0
2025-01-29 18:41:14,632 INFO c.h.h.t.HelmChartContainer - [hivemq-test-hivemq-platform] [hivemq-platform-operator] [ec5f0208] 
2025-01-29 18:41:14,632 INFO c.h.h.t.HelmChartContainer - [hivemq-test-hivemq-platform] [hivemq-platform-operator] [ec5f0208] -------------------------------------------------------------------------
2025-01-29 18:41:14,632 INFO c.h.h.t.HelmChartContainer - [hivemq-test-hivemq-platform] [hivemq-platform-operator] [ec5f0208] 
2025-01-29 18:41:14,633 INFO c.h.h.t.HelmChartContainer - [hivemq-test-hivemq-platform] [hivemq-platform-operator] [ec5f0208]   JAVA_OPTS: -XX:+UnlockExperimentalVMOptions -XX:InitialRAMPercentage=75 -XX:MaxRAMPercentage=75 -Duser.language=en -Duser.region=US
2025-01-29 18:41:14,633 INFO c.h.h.t.HelmChartContainer - [hivemq-test-hivemq-platform] [hivemq-platform-operator] [ec5f0208] 
2025-01-29 18:41:14,633 INFO c.h.h.t.HelmChartContainer - [hivemq-test-hivemq-platform] [hivemq-platform-operator] [ec5f0208]   JAVA_VERSION: 21
2025-01-29 18:41:14,633 INFO c.h.h.t.HelmChartContainer - [hivemq-test-hivemq-platform] [hivemq-platform-operator] [ec5f0208] 
2025-01-29 18:41:14,633 INFO c.h.h.t.HelmChartContainer - [hivemq-test-hivemq-platform] [hivemq-platform-operator] [ec5f0208] -------------------------------------------------------------------------
2025-01-29 18:41:14,633 INFO c.h.h.t.HelmChartContainer - [hivemq-test-hivemq-platform] [hivemq-platform-operator] [ec5f0208] 
2025-01-29 18:41:16,911 INFO c.h.h.t.HelmChartContainer - [hivemq-test-hivemq-platform] [hivemq-platform-operator] [ec5f0208] 18:41:16.853 [main] DEBUG org.jboss.logging - Logging Provider: org.jboss.logging.Slf4jLoggerProvider
2025-01-29 18:41:17,015 INFO c.h.h.t.HelmChartContainer - [hivemq-test-hivemq-platform] [hivemq-platform-operator] [ec5f0208] 18:41:17.014 [main] DEBUG io.smallrye.config - SRCFG01006: Loaded ConfigSource SysPropConfigSource with ordinal 400
2025-01-29 18:41:17,015 INFO c.h.h.t.HelmChartContainer - [hivemq-test-hivemq-platform] [hivemq-platform-operator] [ec5f0208] 18:41:17.015 [main] DEBUG io.smallrye.config - SRCFG01006: Loaded ConfigSource EnvConfigSource with ordinal 300
2025-01-29 18:41:17,016 INFO c.h.h.t.HelmChartContainer - [hivemq-test-hivemq-platform] [hivemq-platform-operator] [ec5f0208] 18:41:17.015 [main] DEBUG io.smallrye.config - SRCFG01006: Loaded ConfigSource PropertiesConfigSource[source=jar:file:///opt/hivemq-platform-operator/bin/hivemq-platform-operator.jar!/hivemq-platform-operator.properties] with ordinal 100
2025-01-29 18:41:17,016 INFO c.h.h.t.HelmChartContainer - [hivemq-test-hivemq-platform] [hivemq-platform-operator] [ec5f0208] 18:41:17.015 [main] DEBUG io.smallrye.config - SRCFG01006: Loaded ConfigSource DefaultValuesConfigSource with ordinal -2147483648
2025-01-29 18:41:17,113 INFO c.h.h.t.HelmChartContainer - [hivemq-test-hivemq-platform] [hivemq-platform-operator] [ec5f0208] 18:41:17.112 [main] DEBUG i.m.c.u.i.l.InternalLoggerFactory - Using SLF4J as the default logging framework
2025-01-29 18:41:17,225 INFO c.h.h.t.HelmChartContainer - [hivemq-test-hivemq-platform] [hivemq-platform-operator] [ec5f0208] 18:41:17.219 [main] INFO  c.h.p.o.HiveMQPlatformOperatorApplication - HiveMQ Platform Operator 1.7.0-SNAPSHOT (commit: b1b9591 on branch: HEAD) built on Wed Jan 29 18:32:18 UTC 2025
2025-01-29 18:41:17,226 INFO c.h.h.t.HelmChartContainer - [hivemq-test-hivemq-platform] [hivemq-platform-operator] [ec5f0208] 18:41:17.225 [main] INFO  c.h.p.o.HiveMQPlatformOperatorApplication - HiveMQ Platform Operator is running in namespace: helmextensionlicensesit-operator
2025-01-29 18:41:17,226 INFO c.h.h.t.HelmChartContainer - [hivemq-test-hivemq-platform] [hivemq-platform-operator] [ec5f0208] 18:41:17.225 [main] INFO  c.h.p.o.HiveMQPlatformOperatorApplication - Watching all namespaces
2025-01-29 18:41:17,227 INFO c.h.h.t.HelmChartContainer - [hivemq-test-hivemq-platform] [hivemq-platform-operator] [ec5f0208] 18:41:17.225 [main] INFO  c.h.p.o.HiveMQPlatformOperatorApplication - Log level: DEBUG
2025-01-29 18:41:17,227 INFO c.h.h.t.HelmChartContainer - [hivemq-test-hivemq-platform] [hivemq-platform-operator] [ec5f0208] 18:41:17.225 [main] INFO  c.h.p.o.HiveMQPlatformOperatorApplication - Release name: test-hivemq-platform-operator
2025-01-29 18:41:17,227 INFO c.h.h.t.HelmChartContainer - [hivemq-test-hivemq-platform] [hivemq-platform-operator] [ec5f0208] 18:41:17.225 [main] INFO  c.h.p.o.HiveMQPlatformOperatorApplication - HiveMQ Platform Operator Init image: docker.io/hivemq/hivemq-platform-operator-init-test:snapshot
2025-01-29 18:41:17,227 INFO c.h.h.t.HelmChartContainer - [hivemq-test-hivemq-platform] [hivemq-platform-operator] [ec5f0208] 18:41:17.225 [main] INFO  c.h.p.o.HiveMQPlatformOperatorApplication - HiveMQ Platform Operator Init App update URL: http://hivemq-platform-operator-test-hivemq-platform-operator.helmextensionlicensesit-operator.svc:8080/initAppUpdate/hivemq-platform-operator-init-app-1.7.0-SNAPSHOT.jar
2025-01-29 18:41:17,227 INFO c.h.h.t.HelmChartContainer - [hivemq-test-hivemq-platform] [hivemq-platform-operator] [ec5f0208] 18:41:17.225 [main] INFO  c.h.p.o.HiveMQPlatformOperatorApplication - Additional imagePullSecret for all Platform deployments: none
2025-01-29 18:41:17,227 INFO c.h.h.t.HelmChartContainer - [hivemq-test-hivemq-platform] [hivemq-platform-operator] [ec5f0208] 18:41:17.225 [main] INFO  c.h.p.o.HiveMQPlatformOperatorApplication - Apply HiveMQ Platform CRD: true
2025-01-29 18:41:17,227 INFO c.h.h.t.HelmChartContainer - [hivemq-test-hivemq-platform] [hivemq-platform-operator] [ec5f0208] 18:41:17.226 [main] INFO  c.h.p.o.HiveMQPlatformOperatorApplication - Create Platform ServiceAccount: true
2025-01-29 18:41:17,227 INFO c.h.h.t.HelmChartContainer - [hivemq-test-hivemq-platform] [hivemq-platform-operator] [ec5f0208] 18:41:17.226 [main] INFO  c.h.p.o.HiveMQPlatformOperatorApplication - Create Platform ServiceAccount permissions: true
2025-01-29 18:41:17,227 INFO c.h.h.t.HelmChartContainer - [hivemq-test-hivemq-platform] [hivemq-platform-operator] [ec5f0208] 18:41:17.226 [main] INFO  c.h.p.o.HiveMQPlatformOperatorApplication - Validate Platform ServiceAccount: true
2025-01-29 18:41:17,227 INFO c.h.h.t.HelmChartContainer - [hivemq-test-hivemq-platform] [hivemq-platform-operator] [ec5f0208] 18:41:17.226 [main] INFO  c.h.p.o.HiveMQPlatformOperatorApplication - Validate Platform ServiceAccount permissions: true
2025-01-29 18:41:17,320 INFO c.h.h.t.HelmChartContainer - [hivemq-test-hivemq-platform] [hivemq-platform-operator] [ec5f0208] 18:41:17.320 [main] INFO  c.h.platform.operator.util.CRDUtil - Verifying deployed HiveMQ Platform CRD...
2025-01-29 18:41:19,754 INFO c.h.h.t.HelmChartContainer - [hivemq-test-hivemq-platform] [hivemq-platform-operator] [ec5f0208] 18:41:19.753 [main] DEBUG c.h.platform.operator.util.CRDUtil - HiveMQ Platform CRD version v1 is up to date
2025-01-29 18:41:19,754 INFO c.h.h.t.HelmChartContainer - [hivemq-test-hivemq-platform] [hivemq-platform-operator] [ec5f0208] 18:41:19.753 [main] INFO  c.h.platform.operator.util.CRDUtil - HiveMQ Platform CRD is up to date (version: V1_6_0)
2025-01-29 18:41:19,811 INFO c.h.h.t.HelmChartContainer - [hivemq-test-hivemq-platform] [hivemq-platform-operator] [ec5f0208] 18:41:19.810 [main] INFO  c.h.platform.operator.util.CRDUtil - Waiting 10000 ms for HiveMQ Platform CRD 'hivemq-platforms.hivemq.com' to become ready...
2025-01-29 18:41:20,057 INFO c.h.h.t.HelmChartContainer - [hivemq-test-hivemq-platform] [hivemq-platform-operator] [ec5f0208] 18:41:20.057 [vert.x-eventloop-thread-1] DEBUG c.h.platform.operator.util.CRDUtil - Checking CRD condition 'NamesAccepted' (status: 'True')
2025-01-29 18:41:20,111 INFO c.h.h.t.HelmChartContainer - [hivemq-test-hivemq-platform] [hivemq-platform-operator] [ec5f0208] 18:41:20.110 [vert.x-eventloop-thread-1] DEBUG c.h.platform.operator.util.CRDUtil - Checking CRD condition 'Established' (status: 'True')
2025-01-29 18:41:20,113 INFO c.h.h.t.HelmChartContainer - [hivemq-test-hivemq-platform] [hivemq-platform-operator] [ec5f0208] 18:41:20.111 [main] INFO  c.h.platform.operator.util.CRDUtil - HiveMQ Platform CRD 'hivemq-platforms.hivemq.com' is ready
2025-01-29 18:41:20,221 INFO c.h.h.t.HelmChartContainer - [hivemq-test-hivemq-platform] [hivemq-platform-operator] [ec5f0208] 18:41:20.220 [main] INFO  c.h.p.o.HiveMQPlatformReconciler - HiveMQ Platform Operator is starting...
2025-01-29 18:41:20,316 INFO c.h.h.t.HelmChartContainer - [hivemq-test-hivemq-platform] [hivemq-platform-operator] [ec5f0208] 18:41:20.315 [main] WARN  Default ConfigurationService implementation - Configuration for reconciler 'hivemq-controller' was not found. Known reconcilers: None.
2025-01-29 18:41:20,323 INFO c.h.h.t.HelmChartContainer - [hivemq-test-hivemq-platform] [hivemq-platform-operator] [ec5f0208] 18:41:20.322 [main] INFO  Default ConfigurationService implementation - Created configuration for reconciler com.hivemq.platform.operator.HiveMQPlatformReconciler with name hivemq-controller
2025-01-29 18:41:20,420 INFO c.h.h.t.HelmChartContainer - [hivemq-test-hivemq-platform] [hivemq-platform-operator] [ec5f0208] 18:41:20.419 [main] DEBUG c.h.p.o.HiveMQPlatformReconciler - HiveMQ Platform Operator is preparing EventSources
2025-01-29 18:41:20,453 INFO c.h.h.t.HelmChartContainer - [hivemq-test-hivemq-platform] [hivemq-platform-operator] [ec5f0208] 18:41:20.452 [main] INFO  i.javaoperatorsdk.operator.Operator - Registered reconciler: 'hivemq-controller' for resource: 'class com.hivemq.platform.operator.v1.HiveMQPlatform' for namespace(s): [all namespaces]
2025-01-29 18:41:20,955 INFO c.h.h.t.HelmChartContainer - [hivemq-test-hivemq-platform] [hivemq-platform-operator] [ec5f0208] 18:41:20.954 [main] INFO  c.h.p.operator.webserver.JettyServer - Starting Jetty server on port 8080
2025-01-29 18:41:21,051 INFO c.h.h.t.HelmChartContainer - [hivemq-test-hivemq-platform] [hivemq-platform-operator] [ec5f0208] 18:41:21.050 [main] INFO  i.javaoperatorsdk.operator.Operator - Operator SDK 4.9.7 (commit: 2133d28) built on Wed Nov 20 12:56:20 UTC 2024 starting...
2025-01-29 18:41:21,051 INFO c.h.h.t.HelmChartContainer - [hivemq-test-hivemq-platform] [hivemq-platform-operator] [ec5f0208] 18:41:21.050 [main] INFO  i.javaoperatorsdk.operator.Operator - Client version: 6.13.5
2025-01-29 18:41:21,052 INFO c.h.h.t.HelmChartContainer - [hivemq-test-hivemq-platform] [hivemq-platform-operator] [ec5f0208] 18:41:21.051 [Controller Starter for: hivemq-controller] INFO  i.j.operator.processing.Controller - Starting 'hivemq-controller' controller for reconciler: com.hivemq.platform.operator.HiveMQPlatformReconciler, resource: com.hivemq.platform.operator.v1.HiveMQPlatform
2025-01-29 18:41:23,414 INFO c.h.h.t.HelmChartContainer - [hivemq-test-hivemq-platform] [hivemq-platform-operator] [ec5f0208] 18:41:23.411 [Controller Starter for: hivemq-controller] INFO  i.j.operator.processing.Controller - 'hivemq-controller' controller started
2025-01-29 18:41:23,414 INFO c.h.h.t.HelmChartContainer - [hivemq-test-hivemq-platform] [hivemq-platform-operator] [ec5f0208] 18:41:23.412 [main] INFO  c.h.p.o.HiveMQPlatformOperatorApplication - HiveMQ Platform Operator 1.7.0-SNAPSHOT started in 6192 ms
2025-01-29 18:41:25,623 INFO c.h.h.t.HelmChartContainer - [POD] hivemq-test-hivemq-platform-operator-6966f96d65-2vfqv [ec5f0208-70c3-46b1-b85e-3152fe150ac0] in helmextensionlicensesit-operator was MODIFIED
2025-01-29 18:41:25,630 INFO c.h.h.t.HelmChartContainer - [K3S] [replica_set.go:679] "Finished syncing" kind="ReplicaSet" key="helmextensionlicensesit-operator/hivemq-test-hivemq-platform-operator-6966f96d65" duration="9.748129ms"
2025-01-29 18:41:25,631 INFO c.h.h.t.HelmChartContainer - [K3S] [replica_set.go:679] "Finished syncing" kind="ReplicaSet" key="helmextensionlicensesit-operator/hivemq-test-hivemq-platform-operator-6966f96d65" duration="44.833µs"
2025-01-29 18:41:26,121 INFO c.h.h.testcontainer.LogWaiterUtil - TEST Waiting for log pattern on 'test-hivemq-platform-0': .*Extension "HiveMQ Enterprise Distributed Tracing Extension" version .* started successfully.
2025-01-29 18:41:26,121 INFO c.h.h.testcontainer.LogWaiterUtil - TEST Waiting for log pattern on 'test-hivemq-platform-0': .*License file tracing.elic is corrupt.
2025-01-29 18:41:26,182 DEBUG c.h.h.t.HelmChartContainer - Executing helm command: /bin/helm --kubeconfig /etc/rancher/k3s/k3s.yaml install test-hivemq-platform /charts/hivemq-platform --wait --timeout 5m0s --set image.repository=docker.io/hivemq --set image.tag=4.36.0 --set image.pullPolicy=Never --set nodes.resources.cpu=512m -f /files/distributed-tracing-extension-values.yaml --set license.create=true --set-file license.extensions.tracing.overrideLicense=/files/mock-extension-license.elic --namespace helmextensionlicensesit
2025-01-29 18:41:26,517 INFO c.h.h.t.HelmChartContainer - [hivemq-test-hivemq-platform] [hivemq-platform-operator] [ec5f0208] 18:41:26.516 [-2082509879-pool-1-thread-3] WARN  i.m.p.PrometheusMeterRegistry - The meter (MeterId{name='operator.sdk.events.received', tags=[tag(action=ADDED),tag(event=ResourceEvent),tag(group=hivemq.com),tag(kind=HiveMQPlatform),tag(name=test-hivemq-platform),tag(namespace=helmextensionlicensesit),tag(scope=namespace),tag(version=v1)]}) registration has failed: Prometheus requires that all meters with the same name have the same set of tag keys. There is already an existing meter named 'operator.sdk.events.received' containing tag keys [event, group, kind, name, namespace, scope, version]. The meter you are attempting to register has keys [action, event, group, kind, name, namespace, scope, version]. Note that subsequent logs will be logged at debug level.
2025-01-29 18:41:26,953 INFO c.h.h.t.HelmChartContainer - [hivemq-test-hivemq-platform] [hivemq-platform-operator] [ec5f0208] 18:41:26.952 [pool-6-thread-3] DEBUG c.h.p.o.dependants.PodInfoConfigMap - [helmexte] Desired PodInfo ConfigMap (1 extensions) (1 enabled)
2025-01-29 18:41:27,011 INFO c.h.h.t.HelmChartContainer - [hivemq-test-hivemq-platform] [hivemq-platform-operator] [ec5f0208] 18:41:27.010 [pool-6-thread-3] DEBUG c.h.p.o.dependants.PodInfoConfigMap - [helmexte] Desired PodInfo ConfigMap (metrics port: 9399) (metrics path: /)
2025-01-29 18:41:27,012 INFO c.h.h.t.HelmChartContainer - [hivemq-test-hivemq-platform] [hivemq-platform-operator] [ec5f0208] 18:41:27.010 [pool-6-thread-3] DEBUG c.h.p.o.dependants.PodInfoConfigMap - [helmexte] Desired PodInfo ConfigMap (extension state hash: 423674635)
2025-01-29 18:41:27,013 INFO c.h.h.t.HelmChartContainer - [hivemq-test-hivemq-platform] [hivemq-platform-operator] [ec5f0208] 18:41:27.012 [pool-6-thread-3] DEBUG c.h.p.o.dependants.PodInfoConfigMap - [helmexte] Create PodInfo ConfigMap
2025-01-29 18:41:27,114 INFO c.h.h.t.HelmChartContainer - [hivemq-test-hivemq-platform] [hivemq-platform-operator] [ec5f0208] 18:41:27.112 [pool-6-thread-5] DEBUG c.h.p.o.dependants.PodRoleResource - [helmexte] Create Role: Role(apiVersion=rbac.authorization.k8s.io/v1, kind=Role, metadata=ObjectMeta(annotations={meta.helm.sh/release-name=test-hivemq-platform, meta.helm.sh/release-namespace=helmextensionlicensesit}, creationTimestamp=null, deletionGracePeriodSeconds=null, deletionTimestamp=null, finalizers=[], generateName=null, generation=null, labels={helm.sh/chart=hivemq-platform-0.2.32, app.kubernetes.io/managed-by=Helm, app.kubernetes.io/name=hivemq-platform, hivemq-platform=test-hivemq-platform, app.kubernetes.io/instance=test-hivemq-platform, app.kubernetes.io/version=4.36.0}, managedFields=[], name=hivemq-platform-role-test-hivemq-platform, namespace=helmextensionlicensesit, ownerReferences=[OwnerReference(apiVersion=hivemq.com/v1, blockOwnerDeletion=null, controller=null, kind=HiveMQPlatform, name=test-hivemq-platform, uid=35a0a93e-1d67-4ef9-9433-7bbd731ef14a, additionalProperties={})], resourceVersion=null, selfLink=null, uid=null, additionalProperties={}), rules=[PolicyRule(apiGroups=[], nonResourceURLs=[], resourceNames=[], resources=[pods], verbs=[get, patch, update], additionalProperties={})], additionalProperties={})
2025-01-29 18:41:27,216 INFO c.h.h.t.HelmChartContainer - [hivemq-test-hivemq-platform] [hivemq-platform-operator] [ec5f0208] 18:41:27.215 [pool-6-thread-7] DEBUG c.h.p.o.d.PodServiceAccountResource - [helmexte] Desired PodServiceAccountResource (serviceAccountName: hivemq-platform-pod-test-hivemq-platform)
2025-01-29 18:41:27,217 INFO c.h.h.t.HelmChartContainer - [hivemq-test-hivemq-platform] [hivemq-platform-operator] [ec5f0208] 18:41:27.216 [pool-6-thread-7] DEBUG c.h.p.o.d.PodServiceAccountResource - [helmexte] Create ServiceAccount 'hivemq-platform-pod-test-hivemq-platform'
2025-01-29 18:41:27,318 INFO c.h.h.t.HelmChartContainer - [hivemq-test-hivemq-platform] [hivemq-platform-operator] [ec5f0208] 18:41:27.317 [pool-6-thread-9] DEBUG c.h.p.o.d.PodRoleBindingResource - [helmexte] Create RoleBinding: RoleBinding(apiVersion=rbac.authorization.k8s.io/v1, kind=RoleBinding, metadata=ObjectMeta(annotations={meta.helm.sh/release-name=test-hivemq-platform, meta.helm.sh/release-namespace=helmextensionlicensesit}, creationTimestamp=null, deletionGracePeriodSeconds=null, deletionTimestamp=null, finalizers=[], generateName=null, generation=null, labels={helm.sh/chart=hivemq-platform-0.2.32, app.kubernetes.io/managed-by=Helm, app.kubernetes.io/name=hivemq-platform, hivemq-platform=test-hivemq-platform, app.kubernetes.io/instance=test-hivemq-platform, app.kubernetes.io/version=4.36.0}, managedFields=[], name=hivemq-platform-role-binding-test-hivemq-platform, namespace=helmextensionlicensesit, ownerReferences=[OwnerReference(apiVersion=hivemq.com/v1, blockOwnerDeletion=null, controller=null, kind=HiveMQPlatform, name=test-hivemq-platform, uid=35a0a93e-1d67-4ef9-9433-7bbd731ef14a, additionalProperties={})], resourceVersion=null, selfLink=null, uid=null, additionalProperties={}), roleRef=RoleRef(apiGroup=rbac.authorization.k8s.io, kind=Role, name=hivemq-platform-role-test-hivemq-platform, additionalProperties={}), subjects=[Subject(apiGroup=null, kind=ServiceAccount, name=hivemq-platform-pod-test-hivemq-platform, namespace=helmextensionlicensesit, additionalProperties={})], additionalProperties={})
2025-01-29 18:41:27,414 INFO c.h.h.t.HelmChartContainer - [hivemq-test-hivemq-platform] [hivemq-platform-operator] [ec5f0208] 18:41:27.414 [ReconcilerExecutor-hivemq-controller-52] INFO  c.h.p.o.HiveMQPlatformReconciler - [helmexte] Reconciling HiveMQ Platform 'test-hivemq-platform' in namespace 'helmextensionlicensesit'
2025-01-29 18:41:27,415 INFO c.h.h.t.HelmChartContainer - [hivemq-test-hivemq-platform] [hivemq-platform-operator] [ec5f0208] 18:41:27.414 [ReconcilerExecutor-hivemq-controller-52] DEBUG c.h.p.o.HiveMQPlatformReconciler - [helmexte] Custom Resource Status CREATED - HiveMQ Platform was created (READY)
2025-01-29 18:41:27,416 INFO c.h.h.t.HelmChartContainer - [hivemq-test-hivemq-platform] [hivemq-platform-operator] [ec5f0208] 18:41:27.414 [ReconcilerExecutor-hivemq-controller-52] DEBUG c.h.p.o.HiveMQPlatformReconciler - [helmexte] Custom Resource Spec (replicas: 1) (extensions: 1)
2025-01-29 18:41:27,419 INFO c.h.h.t.HelmChartContainer - [hivemq-test-hivemq-platform] [hivemq-platform-operator] [ec5f0208] 18:41:27.419 [ReconcilerExecutor-hivemq-controller-52] INFO  c.h.p.o.h.HiveMQPlatformReconcilerBaseHandler - [helmexte] HiveMQ Platform is starting
2025-01-29 18:41:27,525 INFO c.h.h.t.HelmChartContainer - [hivemq-test-hivemq-platform] [hivemq-platform-operator] [ec5f0208] 18:41:27.524 [ReconcilerExecutor-hivemq-controller-52] DEBUG c.h.p.operator.event.EventSender - [helmexte] Creating K8s event hivemq-platform-starting: [Start] HiveMQ Platform is starting
2025-01-29 18:41:27,554 INFO c.h.h.t.HelmChartContainer - [EVENT] Normal [Start] HiveMQ Platform is starting [helmextensionlicensesit:test-hivemq-platform]
2025-01-29 18:41:27,615 INFO c.h.h.t.HelmChartContainer - [hivemq-test-hivemq-platform] [hivemq-platform-operator] [ec5f0208] 18:41:27.614 [ReconcilerExecutor-hivemq-controller-52] INFO  c.h.p.o.h.AbstractHiveMQReconcilerStateHandler - [helmexte] Update HiveMQ Platform Status (CREATED [READY] -> STARTING [READY]): HiveMQ Platform is starting
2025-01-29 18:41:27,629 DEBUG com.hivemq.helmcharts.util.K8sUtil - Comparing actual state 'STARTING' and waiting for 'RUNNING'
2025-01-29 18:41:37,661 INFO c.h.h.t.HelmChartContainer - [hivemq-test-hivemq-platform] [hivemq-platform-operator] [ec5f0208] 18:41:37.657 [pool-6-thread-12] DEBUG c.h.p.o.d.PlatformServiceResource - [helmexte] Desired Platform services (3 services)
2025-01-29 18:41:37,662 INFO c.h.h.t.HelmChartContainer - [hivemq-test-hivemq-platform] [hivemq-platform-operator] [ec5f0208] 18:41:37.660 [pool-6-thread-13] DEBUG c.h.p.o.dependants.PodInfoConfigMap - [helmexte] Desired PodInfo ConfigMap (1 extensions) (1 enabled)
2025-01-29 18:41:37,662 INFO c.h.h.t.HelmChartContainer - [hivemq-test-hivemq-platform] [hivemq-platform-operator] [ec5f0208] 18:41:37.660 [pool-6-thread-13] DEBUG c.h.p.o.dependants.PodInfoConfigMap - [helmexte] Desired PodInfo ConfigMap (metrics port: 9399) (metrics path: /)
2025-01-29 18:41:37,662 INFO c.h.h.t.HelmChartContainer - [hivemq-test-hivemq-platform] [hivemq-platform-operator] [ec5f0208] 18:41:37.660 [pool-6-thread-13] DEBUG c.h.p.o.dependants.PodInfoConfigMap - [helmexte] Desired PodInfo ConfigMap (extension state hash: 423674635)
2025-01-29 18:41:37,666 INFO c.h.h.t.HelmChartContainer - [hivemq-test-hivemq-platform] [hivemq-platform-operator] [ec5f0208] 18:41:37.665 [pool-6-thread-17] DEBUG c.h.p.o.d.PodServiceAccountResource - [helmexte] Desired PodServiceAccountResource (serviceAccountName: hivemq-platform-pod-test-hivemq-platform)
2025-01-29 18:41:37,670 INFO c.h.h.t.HelmChartContainer - [hivemq-test-hivemq-platform] [hivemq-platform-operator] [ec5f0208] 18:41:37.667 [pool-6-thread-13] DEBUG c.h.p.o.dependants.PodInfoConfigMap - [helmexte] Update PodInfo ConfigMap
2025-01-29 18:41:37,762 INFO c.h.h.t.HelmChartContainer - [K3S] [alloc.go:330] "allocated clusterIPs" service="helmextensionlicensesit/hivemq-test-hivemq-platform-metrics-9399" clusterIPs={"IPv4":"10.43.199.119"}
2025-01-29 18:41:37,855 INFO c.h.h.t.HelmChartContainer - [K3S] [alloc.go:330] "allocated clusterIPs" service="helmextensionlicensesit/hivemq-test-hivemq-platform-cc-8080" clusterIPs={"IPv4":"10.43.158.32"}
2025-01-29 18:41:37,868 INFO c.h.h.t.HelmChartContainer - [K3S] [alloc.go:330] "allocated clusterIPs" service="helmextensionlicensesit/hivemq-test-hivemq-platform-mqtt-1883" clusterIPs={"IPv4":"10.43.219.23"}
2025-01-29 18:41:37,951 INFO c.h.h.t.HelmChartContainer - [hivemq-test-hivemq-platform] [hivemq-platform-operator] [ec5f0208] 18:41:37.950 [pool-6-thread-20] DEBUG c.h.p.o.d.StatefulSetResource - [helmexte] Desired StatefulSet (1 replicas) for status STARTING (READY)
2025-01-29 18:41:37,965 INFO c.h.h.t.HelmChartContainer - [hivemq-test-hivemq-platform] [hivemq-platform-operator] [ec5f0208] 18:41:37.963 [pool-6-thread-20] DEBUG c.h.p.o.d.StatefulSetResource - [helmexte] Create StatefulSet
2025-01-29 18:41:38,068 INFO c.h.h.t.HelmChartContainer - [hivemq-test-hivemq-platform] [hivemq-platform-operator] [ec5f0208] 18:41:38.064 [ReconcilerExecutor-hivemq-controller-63] INFO  c.h.p.o.HiveMQPlatformReconciler - [helmexte] Reconciling HiveMQ Platform 'test-hivemq-platform' in namespace 'helmextensionlicensesit'
2025-01-29 18:41:38,068 INFO c.h.h.t.HelmChartContainer - [hivemq-test-hivemq-platform] [hivemq-platform-operator] [ec5f0208] 18:41:38.064 [ReconcilerExecutor-hivemq-controller-63] DEBUG c.h.p.o.HiveMQPlatformReconciler - [helmexte] Custom Resource Status STARTING - HiveMQ Platform is starting (READY)
2025-01-29 18:41:38,068 INFO c.h.h.t.HelmChartContainer - [hivemq-test-hivemq-platform] [hivemq-platform-operator] [ec5f0208] 18:41:38.064 [ReconcilerExecutor-hivemq-controller-63] DEBUG c.h.p.o.HiveMQPlatformReconciler - [helmexte] Custom Resource Spec (replicas: 1) (extensions: 1)
2025-01-29 18:41:38,074 INFO c.h.h.t.HelmChartContainer - [POD] test-hivemq-platform-0 [f1e54640-60a8-411e-8f28-a3e6670f425a] in helmextensionlicensesit was ADDED
2025-01-29 18:41:38,078 INFO c.h.h.t.HelmChartContainer - [POD] test-hivemq-platform-0 [f1e54640-60a8-411e-8f28-a3e6670f425a] in helmextensionlicensesit was MODIFIED
2025-01-29 18:41:38,081 INFO c.h.h.t.HelmChartContainer - [EVENT] Normal [SuccessfulCreate] create Pod test-hivemq-platform-0 in StatefulSet test-hivemq-platform successful [helmextensionlicensesit:test-hivemq-platform]
2025-01-29 18:41:38,085 INFO c.h.h.t.HelmChartContainer - [EVENT] Normal [Scheduled] Successfully assigned helmextensionlicensesit/test-hivemq-platform-0 to c8c2901b2546 [helmextensionlicensesit:test-hivemq-platform-0]
2025-01-29 18:41:38,093 INFO c.h.h.t.HelmChartContainer - [POD] test-hivemq-platform-0 [f1e54640-60a8-411e-8f28-a3e6670f425a] in helmextensionlicensesit was MODIFIED
2025-01-29 18:41:38,103 INFO c.h.h.t.HelmChartContainer - [K3S] [reconciler_common.go:251] "operationExecutor.VerifyControllerAttachedVolume started for volume \"licenses\" (UniqueName: \"kubernetes.io/secret/f1e54640-60a8-411e-8f28-a3e6670f425a-licenses\") pod \"test-hivemq-platform-0\" (UID: \"f1e54640-60a8-411e-8f28-a3e6670f425a\") " pod="helmextensionlicensesit/test-hivemq-platform-0"
2025-01-29 18:41:38,103 INFO c.h.h.t.HelmChartContainer - [K3S] [reconciler_common.go:251] "operationExecutor.VerifyControllerAttachedVolume started for volume \"pod-info\" (UniqueName: \"kubernetes.io/configmap/f1e54640-60a8-411e-8f28-a3e6670f425a-pod-info\") pod \"test-hivemq-platform-0\" (UID: \"f1e54640-60a8-411e-8f28-a3e6670f425a\") " pod="helmextensionlicensesit/test-hivemq-platform-0"
2025-01-29 18:41:38,103 INFO c.h.h.t.HelmChartContainer - [K3S] [reconciler_common.go:251] "operationExecutor.VerifyControllerAttachedVolume started for volume \"operator-init\" (UniqueName: \"kubernetes.io/empty-dir/f1e54640-60a8-411e-8f28-a3e6670f425a-operator-init\") pod \"test-hivemq-platform-0\" (UID: \"f1e54640-60a8-411e-8f28-a3e6670f425a\") " pod="helmextensionlicensesit/test-hivemq-platform-0"
2025-01-29 18:41:38,103 INFO c.h.h.t.HelmChartContainer - [K3S] [reconciler_common.go:251] "operationExecutor.VerifyControllerAttachedVolume started for volume \"kube-api-access-rgklw\" (UniqueName: \"kubernetes.io/projected/f1e54640-60a8-411e-8f28-a3e6670f425a-kube-api-access-rgklw\") pod \"test-hivemq-platform-0\" (UID: \"f1e54640-60a8-411e-8f28-a3e6670f425a\") " pod="helmextensionlicensesit/test-hivemq-platform-0"
2025-01-29 18:41:38,103 INFO c.h.h.t.HelmChartContainer - [K3S] [reconciler_common.go:251] "operationExecutor.VerifyControllerAttachedVolume started for volume \"broker-configuration\" (UniqueName: \"kubernetes.io/configmap/f1e54640-60a8-411e-8f28-a3e6670f425a-broker-configuration\") pod \"test-hivemq-platform-0\" (UID: \"f1e54640-60a8-411e-8f28-a3e6670f425a\") " pod="helmextensionlicensesit/test-hivemq-platform-0"
2025-01-29 18:41:38,103 INFO c.h.h.t.HelmChartContainer - [K3S] [reconciler_common.go:251] "operationExecutor.VerifyControllerAttachedVolume started for volume \"extension-configuration-hivemq-distributed-tracing-extension\" (UniqueName: \"kubernetes.io/configmap/f1e54640-60a8-411e-8f28-a3e6670f425a-extension-configuration-hivemq-distributed-tracing-extension\") pod \"test-hivemq-platform-0\" (UID: \"f1e54640-60a8-411e-8f28-a3e6670f425a\") " pod="helmextensionlicensesit/test-hivemq-platform-0"
2025-01-29 18:41:38,151 INFO c.h.h.t.HelmChartContainer - [hivemq-test-hivemq-platform] [hivemq-platform-operator] [ec5f0208] 18:41:38.149 [ReconcilerExecutor-hivemq-controller-63] DEBUG c.h.p.o.HiveMQPlatformReconciler - [helmexte] StatefulSet Status (revision: null, replicas: 0, available: 0, ready: 0, current: 0, updated: 0)
2025-01-29 18:41:38,151 INFO c.h.h.t.HelmChartContainer - [hivemq-test-hivemq-platform] [hivemq-platform-operator] [ec5f0208] 18:41:38.149 [ReconcilerExecutor-hivemq-controller-63] DEBUG c.h.p.o.HiveMQPlatformReconciler - [helmexte] StatefulSet Spec (replicas: 1, init containers: 1, containers: 1, volumes: 5)
2025-01-29 18:41:38,252 INFO c.h.h.t.HelmChartContainer - [hivemq-test-hivemq-platform] [hivemq-platform-operator] [ec5f0208] 18:41:38.250 [ReconcilerExecutor-hivemq-controller-63] DEBUG c.h.p.o.h.HiveMQPlatformReconcilerErrorHandler - [helmexte] Pod 'test-hivemq-platform-0' phase Pending
2025-01-29 18:41:38,253 INFO c.h.h.t.HelmChartContainer - [hivemq-test-hivemq-platform] [hivemq-platform-operator] [ec5f0208] 18:41:38.252 [ReconcilerExecutor-hivemq-controller-63] INFO  c.h.p.o.h.HiveMQPlatformReconcilerBaseHandler - [helmexte] HiveMQ Platform is starting, 0 of 1 replicas are ready
2025-01-29 18:41:38,260 INFO c.h.h.t.HelmChartContainer - [hivemq-test-hivemq-platform] [hivemq-platform-operator] [ec5f0208] 18:41:38.257 [pool-6-thread-22] DEBUG c.h.p.o.d.PlatformServiceResource - [helmexte] Desired Platform services (3 services)
2025-01-29 18:41:38,260 INFO c.h.h.t.HelmChartContainer - [hivemq-test-hivemq-platform] [hivemq-platform-operator] [ec5f0208] 18:41:38.259 [pool-6-thread-23] DEBUG c.h.p.o.dependants.PodInfoConfigMap - [helmexte] Desired PodInfo ConfigMap (1 extensions) (1 enabled)
2025-01-29 18:41:38,261 INFO c.h.h.t.HelmChartContainer - [hivemq-test-hivemq-platform] [hivemq-platform-operator] [ec5f0208] 18:41:38.259 [pool-6-thread-23] DEBUG c.h.p.o.dependants.PodInfoConfigMap - [helmexte] Desired PodInfo ConfigMap (metrics port: 9399) (metrics path: /)
2025-01-29 18:41:38,261 INFO c.h.h.t.HelmChartContainer - [hivemq-test-hivemq-platform] [hivemq-platform-operator] [ec5f0208] 18:41:38.259 [pool-6-thread-23] DEBUG c.h.p.o.dependants.PodInfoConfigMap - [helmexte] Desired PodInfo ConfigMap (extension state hash: 423674635)
2025-01-29 18:41:38,264 INFO c.h.h.t.HelmChartContainer - [hivemq-test-hivemq-platform] [hivemq-platform-operator] [ec5f0208] 18:41:38.263 [pool-6-thread-27] DEBUG c.h.p.o.d.PodServiceAccountResource - [helmexte] Desired PodServiceAccountResource (serviceAccountName: hivemq-platform-pod-test-hivemq-platform)
2025-01-29 18:41:38,354 INFO c.h.h.t.HelmChartContainer - [hivemq-test-hivemq-platform] [hivemq-platform-operator] [ec5f0208] 18:41:38.352 [pool-6-thread-30] DEBUG c.h.p.o.d.StatefulSetResource - [helmexte] Desired StatefulSet (1 replicas) for status STARTING (READY)
2025-01-29 18:41:38,360 INFO c.h.h.t.HelmChartContainer - [hivemq-test-hivemq-platform] [hivemq-platform-operator] [ec5f0208] 18:41:38.359 [ReconcilerExecutor-hivemq-controller-75] INFO  c.h.p.o.HiveMQPlatformReconciler - [helmexte] Reconciling HiveMQ Platform 'test-hivemq-platform' in namespace 'helmextensionlicensesit'
2025-01-29 18:41:38,360 INFO c.h.h.t.HelmChartContainer - [hivemq-test-hivemq-platform] [hivemq-platform-operator] [ec5f0208] 18:41:38.359 [ReconcilerExecutor-hivemq-controller-75] DEBUG c.h.p.o.HiveMQPlatformReconciler - [helmexte] Custom Resource Status STARTING - HiveMQ Platform is starting (READY)
2025-01-29 18:41:38,360 INFO c.h.h.t.HelmChartContainer - [hivemq-test-hivemq-platform] [hivemq-platform-operator] [ec5f0208] 18:41:38.359 [ReconcilerExecutor-hivemq-controller-75] DEBUG c.h.p.o.HiveMQPlatformReconciler - [helmexte] Custom Resource Spec (replicas: 1) (extensions: 1)
2025-01-29 18:41:38,363 INFO c.h.h.t.HelmChartContainer - [hivemq-test-hivemq-platform] [hivemq-platform-operator] [ec5f0208] 18:41:38.362 [ReconcilerExecutor-hivemq-controller-75] DEBUG c.h.p.o.HiveMQPlatformReconciler - [helmexte] StatefulSet Status (revision: test-hivemq-platform-6bcc7896c5, replicas: 1, available: 0, ready: 0, current: 1, updated: 1)
2025-01-29 18:41:38,364 INFO c.h.h.t.HelmChartContainer - [hivemq-test-hivemq-platform] [hivemq-platform-operator] [ec5f0208] 18:41:38.362 [ReconcilerExecutor-hivemq-controller-75] DEBUG c.h.p.o.HiveMQPlatformReconciler - [helmexte] StatefulSet Spec (replicas: 1, init containers: 1, containers: 1, volumes: 5)
2025-01-29 18:41:38,368 INFO c.h.h.t.HelmChartContainer - [hivemq-test-hivemq-platform] [hivemq-platform-operator] [ec5f0208] 18:41:38.368 [ReconcilerExecutor-hivemq-controller-75] DEBUG c.h.p.o.h.HiveMQPlatformReconcilerErrorHandler - [helmexte] Pod 'test-hivemq-platform-0' phase Pending
2025-01-29 18:41:38,369 INFO c.h.h.t.HelmChartContainer - [hivemq-test-hivemq-platform] [hivemq-platform-operator] [ec5f0208] 18:41:38.368 [ReconcilerExecutor-hivemq-controller-75] DEBUG c.h.p.o.h.HiveMQPlatformReconcilerErrorHandler - [helmexte] Pod 'test-hivemq-platform-0' condition 'PodReadyToStartContainers': False
2025-01-29 18:41:38,451 INFO c.h.h.t.HelmChartContainer - [hivemq-test-hivemq-platform] [hivemq-platform-operator] [ec5f0208] 18:41:38.449 [ReconcilerExecutor-hivemq-controller-75] DEBUG c.h.p.o.h.HiveMQPlatformReconcilerErrorHandler - [helmexte] Pod 'test-hivemq-platform-0' condition 'Initialized': False
2025-01-29 18:41:38,452 INFO c.h.h.t.HelmChartContainer - [hivemq-test-hivemq-platform] [hivemq-platform-operator] [ec5f0208] 18:41:38.449 [ReconcilerExecutor-hivemq-controller-75] DEBUG c.h.p.o.h.HiveMQPlatformReconcilerErrorHandler - [helmexte] Pod 'test-hivemq-platform-0' condition 'Ready': False
2025-01-29 18:41:38,452 INFO c.h.h.t.HelmChartContainer - [hivemq-test-hivemq-platform] [hivemq-platform-operator] [ec5f0208] 18:41:38.450 [ReconcilerExecutor-hivemq-controller-75] DEBUG c.h.p.o.h.HiveMQPlatformReconcilerErrorHandler - [helmexte] Pod 'test-hivemq-platform-0' condition 'ContainersReady': False
2025-01-29 18:41:38,452 INFO c.h.h.t.HelmChartContainer - [hivemq-test-hivemq-platform] [hivemq-platform-operator] [ec5f0208] 18:41:38.450 [ReconcilerExecutor-hivemq-controller-75] DEBUG c.h.p.o.h.HiveMQPlatformReconcilerErrorHandler - [helmexte] Pod 'test-hivemq-platform-0' condition 'PodScheduled': True
2025-01-29 18:41:38,452 INFO c.h.h.t.HelmChartContainer - [hivemq-test-hivemq-platform] [hivemq-platform-operator] [ec5f0208] 18:41:38.450 [ReconcilerExecutor-hivemq-controller-75] DEBUG c.h.p.o.h.HiveMQPlatformReconcilerErrorHandler - [helmexte] Pod 'test-hivemq-platform-0' containerStatus 'hivemq' (started: false) (ready: false) (waiting: [PodInitializing] null)
2025-01-29 18:41:38,453 INFO c.h.h.t.HelmChartContainer - [hivemq-test-hivemq-platform] [hivemq-platform-operator] [ec5f0208] 18:41:38.452 [ReconcilerExecutor-hivemq-controller-75] INFO  c.h.p.o.h.HiveMQPlatformReconcilerBaseHandler - [helmexte] HiveMQ Platform is starting, 0 of 1 replicas are ready
2025-01-29 18:41:38,480 INFO c.h.h.t.HelmChartContainer - [EVENT] Normal [Pulled] Container image "docker.io/hivemq/hivemq-platform-operator-init-test:snapshot" already present on machine [helmextensionlicensesit:test-hivemq-platform-0]
2025-01-29 18:41:38,595 INFO c.h.h.t.HelmChartContainer - [EVENT] Normal [Created] Created container: hivemq-platform-operator-init [helmextensionlicensesit:test-hivemq-platform-0]
2025-01-29 18:41:38,635 INFO c.h.h.t.HelmChartContainer - [EVENT] Normal [Started] Started container hivemq-platform-operator-init [helmextensionlicensesit:test-hivemq-platform-0]
2025-01-29 18:41:38,660 INFO c.h.h.t.HelmChartContainer - [POD] test-hivemq-platform-0 [f1e54640-60a8-411e-8f28-a3e6670f425a] in helmextensionlicensesit was MODIFIED
2025-01-29 18:41:38,672 INFO c.h.h.t.HelmChartContainer - [hivemq-test-hivemq-platform] [hivemq-platform-operator] [ec5f0208] 18:41:38.667 [pool-6-thread-32] DEBUG c.h.p.o.d.PlatformServiceResource - [helmexte] Desired Platform services (3 services)
2025-01-29 18:41:38,677 INFO c.h.h.t.HelmChartContainer - [hivemq-test-hivemq-platform] [hivemq-platform-operator] [ec5f0208] 18:41:38.670 [pool-6-thread-33] DEBUG c.h.p.o.dependants.PodInfoConfigMap - [helmexte] Desired PodInfo ConfigMap (1 extensions) (1 enabled)
2025-01-29 18:41:38,677 INFO c.h.h.t.HelmChartContainer - [hivemq-test-hivemq-platform] [hivemq-platform-operator] [ec5f0208] 18:41:38.670 [pool-6-thread-33] DEBUG c.h.p.o.dependants.PodInfoConfigMap - [helmexte] Desired PodInfo ConfigMap (metrics port: 9399) (metrics path: /)
2025-01-29 18:41:38,677 INFO c.h.h.t.HelmChartContainer - [hivemq-test-hivemq-platform] [hivemq-platform-operator] [ec5f0208] 18:41:38.670 [pool-6-thread-33] DEBUG c.h.p.o.dependants.PodInfoConfigMap - [helmexte] Desired PodInfo ConfigMap (extension state hash: 423674635)
2025-01-29 18:41:38,681 INFO c.h.h.t.HelmChartContainer - [hivemq-test-hivemq-platform] [hivemq-platform-operator] [ec5f0208] 18:41:38.679 [pool-6-thread-37] DEBUG c.h.p.o.d.PodServiceAccountResource - [helmexte] Desired PodServiceAccountResource (serviceAccountName: hivemq-platform-pod-test-hivemq-platform)
2025-01-29 18:41:38,760 INFO c.h.h.t.HelmChartContainer - [hivemq-test-hivemq-platform] [hivemq-platform-operator] [ec5f0208] 18:41:38.755 [pool-6-thread-40] DEBUG c.h.p.o.d.StatefulSetResource - [helmexte] Desired StatefulSet (1 replicas) for status STARTING (READY)
2025-01-29 18:41:38,764 INFO c.h.h.t.HelmChartContainer - [hivemq-test-hivemq-platform] [hivemq-platform-operator] [ec5f0208] 18:41:38.761 [ReconcilerExecutor-hivemq-controller-86] INFO  c.h.p.o.HiveMQPlatformReconciler - [helmexte] Reconciling HiveMQ Platform 'test-hivemq-platform' in namespace 'helmextensionlicensesit'
2025-01-29 18:41:38,764 INFO c.h.h.t.HelmChartContainer - [hivemq-test-hivemq-platform] [hivemq-platform-operator] [ec5f0208] 18:41:38.761 [ReconcilerExecutor-hivemq-controller-86] DEBUG c.h.p.o.HiveMQPlatformReconciler - [helmexte] Custom Resource Status STARTING - HiveMQ Platform is starting (READY)
2025-01-29 18:41:38,764 INFO c.h.h.t.HelmChartContainer - [hivemq-test-hivemq-platform] [hivemq-platform-operator] [ec5f0208] 18:41:38.761 [ReconcilerExecutor-hivemq-controller-86] DEBUG c.h.p.o.HiveMQPlatformReconciler - [helmexte] Custom Resource Spec (replicas: 1) (extensions: 1)
2025-01-29 18:41:38,766 INFO c.h.h.t.HelmChartContainer - [hivemq-test-hivemq-platform] [hivemq-platform-operator] [ec5f0208] 18:41:38.764 [ReconcilerExecutor-hivemq-controller-86] DEBUG c.h.p.o.HiveMQPlatformReconciler - [helmexte] StatefulSet Status (revision: test-hivemq-platform-6bcc7896c5, replicas: 1, available: 0, ready: 0, current: 1, updated: 1)
2025-01-29 18:41:38,766 INFO c.h.h.t.HelmChartContainer - [hivemq-test-hivemq-platform] [hivemq-platform-operator] [ec5f0208] 18:41:38.764 [ReconcilerExecutor-hivemq-controller-86] DEBUG c.h.p.o.HiveMQPlatformReconciler - [helmexte] StatefulSet Spec (replicas: 1, init containers: 1, containers: 1, volumes: 5)
2025-01-29 18:41:38,851 INFO c.h.h.t.HelmChartContainer - [hivemq-test-hivemq-platform] [hivemq-platform-operator] [ec5f0208] 18:41:38.850 [ReconcilerExecutor-hivemq-controller-86] DEBUG c.h.p.o.h.HiveMQPlatformReconcilerErrorHandler - [helmexte] Pod 'test-hivemq-platform-0' phase Pending
2025-01-29 18:41:38,852 INFO c.h.h.t.HelmChartContainer - [hivemq-test-hivemq-platform] [hivemq-platform-operator] [ec5f0208] 18:41:38.850 [ReconcilerExecutor-hivemq-controller-86] DEBUG c.h.p.o.h.HiveMQPlatformReconcilerErrorHandler - [helmexte] Pod 'test-hivemq-platform-0' condition 'PodReadyToStartContainers': True
2025-01-29 18:41:38,853 INFO c.h.h.t.HelmChartContainer - [hivemq-test-hivemq-platform] [hivemq-platform-operator] [ec5f0208] 18:41:38.850 [ReconcilerExecutor-hivemq-controller-86] DEBUG c.h.p.o.h.HiveMQPlatformReconcilerErrorHandler - [helmexte] Pod 'test-hivemq-platform-0' condition 'Initialized': False
2025-01-29 18:41:38,853 INFO c.h.h.t.HelmChartContainer - [hivemq-test-hivemq-platform] [hivemq-platform-operator] [ec5f0208] 18:41:38.850 [ReconcilerExecutor-hivemq-controller-86] DEBUG c.h.p.o.h.HiveMQPlatformReconcilerErrorHandler - [helmexte] Pod 'test-hivemq-platform-0' condition 'Ready': False
2025-01-29 18:41:38,853 INFO c.h.h.t.HelmChartContainer - [hivemq-test-hivemq-platform] [hivemq-platform-operator] [ec5f0208] 18:41:38.850 [ReconcilerExecutor-hivemq-controller-86] DEBUG c.h.p.o.h.HiveMQPlatformReconcilerErrorHandler - [helmexte] Pod 'test-hivemq-platform-0' condition 'ContainersReady': False
2025-01-29 18:41:38,853 INFO c.h.h.t.HelmChartContainer - [hivemq-test-hivemq-platform] [hivemq-platform-operator] [ec5f0208] 18:41:38.850 [ReconcilerExecutor-hivemq-controller-86] DEBUG c.h.p.o.h.HiveMQPlatformReconcilerErrorHandler - [helmexte] Pod 'test-hivemq-platform-0' condition 'PodScheduled': True
2025-01-29 18:41:38,854 INFO c.h.h.t.HelmChartContainer - [hivemq-test-hivemq-platform] [hivemq-platform-operator] [ec5f0208] 18:41:38.850 [ReconcilerExecutor-hivemq-controller-86] DEBUG c.h.p.o.h.HiveMQPlatformReconcilerErrorHandler - [helmexte] Pod 'test-hivemq-platform-0' containerStatus 'hivemq' (started: false) (ready: false) (waiting: [PodInitializing] null)
2025-01-29 18:41:38,854 INFO c.h.h.t.HelmChartContainer - [hivemq-test-hivemq-platform] [hivemq-platform-operator] [ec5f0208] 18:41:38.852 [ReconcilerExecutor-hivemq-controller-86] INFO  c.h.p.o.h.HiveMQPlatformReconcilerBaseHandler - [helmexte] HiveMQ Platform is starting, 0 of 1 replicas are ready
2025-01-29 18:41:39,655 INFO c.h.h.t.HelmChartContainer - [EVENT] Normal [Pulled] Container image "docker.io/hivemq/hivemq4:4.36.0" already present on machine [helmextensionlicensesit:test-hivemq-platform-0]
2025-01-29 18:41:39,655 INFO c.h.h.t.HelmChartContainer - Received Pulled event for container hivemq in pod test-hivemq-platform-0 [f1e54640-60a8-411e-8f28-a3e6670f425a]
2025-01-29 18:41:39,666 INFO c.h.h.t.HelmChartContainer - [POD] test-hivemq-platform-0 [f1e54640-60a8-411e-8f28-a3e6670f425a] in helmextensionlicensesit was MODIFIED
2025-01-29 18:41:39,683 INFO c.h.h.t.HelmChartContainer - [hivemq-test-hivemq-platform] [hivemq-platform-operator] [ec5f0208] 18:41:39.676 [pool-6-thread-42] DEBUG c.h.p.o.d.PlatformServiceResource - [helmexte] Desired Platform services (3 services)
2025-01-29 18:41:39,683 INFO c.h.h.t.HelmChartContainer - [hivemq-test-hivemq-platform] [hivemq-platform-operator] [ec5f0208] 18:41:39.680 [pool-6-thread-43] DEBUG c.h.p.o.dependants.PodInfoConfigMap - [helmexte] Desired PodInfo ConfigMap (1 extensions) (1 enabled)
2025-01-29 18:41:39,683 INFO c.h.h.t.HelmChartContainer - [hivemq-test-hivemq-platform] [hivemq-platform-operator] [ec5f0208] 18:41:39.680 [pool-6-thread-43] DEBUG c.h.p.o.dependants.PodInfoConfigMap - [helmexte] Desired PodInfo ConfigMap (metrics port: 9399) (metrics path: /)
2025-01-29 18:41:39,683 INFO c.h.h.t.HelmChartContainer - [hivemq-test-hivemq-platform] [hivemq-platform-operator] [ec5f0208] 18:41:39.680 [pool-6-thread-43] DEBUG c.h.p.o.dependants.PodInfoConfigMap - [helmexte] Desired PodInfo ConfigMap (extension state hash: 423674635)
2025-01-29 18:41:39,686 INFO c.h.h.t.HelmChartContainer - [hivemq-test-hivemq-platform] [hivemq-platform-operator] [ec5f0208] 18:41:39.685 [pool-6-thread-47] DEBUG c.h.p.o.d.PodServiceAccountResource - [helmexte] Desired PodServiceAccountResource (serviceAccountName: hivemq-platform-pod-test-hivemq-platform)
2025-01-29 18:41:39,754 INFO c.h.h.t.HelmChartContainer - [hivemq-test-hivemq-platform] [hivemq-platform-operator] [ec5f0208] 18:41:39.750 [pool-6-thread-49] DEBUG c.h.p.o.d.StatefulSetResource - [helmexte] Desired StatefulSet (1 replicas) for status STARTING (READY)
2025-01-29 18:41:39,759 INFO c.h.h.t.HelmChartContainer - [hivemq-test-hivemq-platform] [hivemq-platform-operator] [ec5f0208] 18:41:39.757 [ReconcilerExecutor-hivemq-controller-97] INFO  c.h.p.o.HiveMQPlatformReconciler - [helmexte] Reconciling HiveMQ Platform 'test-hivemq-platform' in namespace 'helmextensionlicensesit'
2025-01-29 18:41:39,761 INFO c.h.h.t.HelmChartContainer - [hivemq-test-hivemq-platform] [hivemq-platform-operator] [ec5f0208] 18:41:39.757 [ReconcilerExecutor-hivemq-controller-97] DEBUG c.h.p.o.HiveMQPlatformReconciler - [helmexte] Custom Resource Status STARTING - HiveMQ Platform is starting (READY)
2025-01-29 18:41:39,762 INFO c.h.h.t.HelmChartContainer - [hivemq-test-hivemq-platform] [hivemq-platform-operator] [ec5f0208] 18:41:39.757 [ReconcilerExecutor-hivemq-controller-97] DEBUG c.h.p.o.HiveMQPlatformReconciler - [helmexte] Custom Resource Spec (replicas: 1) (extensions: 1)
2025-01-29 18:41:39,763 INFO c.h.h.t.HelmChartContainer - [hivemq-test-hivemq-platform] [hivemq-platform-operator] [ec5f0208] 18:41:39.760 [ReconcilerExecutor-hivemq-controller-97] DEBUG c.h.p.o.HiveMQPlatformReconciler - [helmexte] StatefulSet Status (revision: test-hivemq-platform-6bcc7896c5, replicas: 1, available: 0, ready: 0, current: 1, updated: 1)
2025-01-29 18:41:39,763 INFO c.h.h.t.HelmChartContainer - [hivemq-test-hivemq-platform] [hivemq-platform-operator] [ec5f0208] 18:41:39.760 [ReconcilerExecutor-hivemq-controller-97] DEBUG c.h.p.o.HiveMQPlatformReconciler - [helmexte] StatefulSet Spec (replicas: 1, init containers: 1, containers: 1, volumes: 5)
2025-01-29 18:41:39,768 INFO c.h.h.t.HelmChartContainer - [hivemq-test-hivemq-platform] [hivemq-platform-operator] [ec5f0208] 18:41:39.767 [ReconcilerExecutor-hivemq-controller-97] DEBUG c.h.p.o.h.HiveMQPlatformReconcilerErrorHandler - [helmexte] Pod 'test-hivemq-platform-0' phase Pending
2025-01-29 18:41:39,769 INFO c.h.h.t.HelmChartContainer - [hivemq-test-hivemq-platform] [hivemq-platform-operator] [ec5f0208] 18:41:39.768 [ReconcilerExecutor-hivemq-controller-97] DEBUG c.h.p.o.h.HiveMQPlatformReconcilerErrorHandler - [helmexte] Pod 'test-hivemq-platform-0' condition 'PodReadyToStartContainers': True
2025-01-29 18:41:39,770 INFO c.h.h.t.HelmChartContainer - [hivemq-test-hivemq-platform] [hivemq-platform-operator] [ec5f0208] 18:41:39.769 [ReconcilerExecutor-hivemq-controller-97] DEBUG c.h.p.o.h.HiveMQPlatformReconcilerErrorHandler - [helmexte] Pod 'test-hivemq-platform-0' condition 'Initialized': True
2025-01-29 18:41:39,770 INFO c.h.h.t.HelmChartContainer - [hivemq-test-hivemq-platform] [hivemq-platform-operator] [ec5f0208] 18:41:39.770 [ReconcilerExecutor-hivemq-controller-97] DEBUG c.h.p.o.h.HiveMQPlatformReconcilerErrorHandler - [helmexte] Pod 'test-hivemq-platform-0' condition 'Ready': False
2025-01-29 18:41:39,772 INFO c.h.h.t.HelmChartContainer - [hivemq-test-hivemq-platform] [hivemq-platform-operator] [ec5f0208] 18:41:39.770 [ReconcilerExecutor-hivemq-controller-97] DEBUG c.h.p.o.h.HiveMQPlatformReconcilerErrorHandler - [helmexte] Pod 'test-hivemq-platform-0' condition 'ContainersReady': False
2025-01-29 18:41:39,772 INFO c.h.h.t.HelmChartContainer - [hivemq-test-hivemq-platform] [hivemq-platform-operator] [ec5f0208] 18:41:39.770 [ReconcilerExecutor-hivemq-controller-97] DEBUG c.h.p.o.h.HiveMQPlatformReconcilerErrorHandler - [helmexte] Pod 'test-hivemq-platform-0' condition 'PodScheduled': True
2025-01-29 18:41:39,773 INFO c.h.h.t.HelmChartContainer - [hivemq-test-hivemq-platform] [hivemq-platform-operator] [ec5f0208] 18:41:39.770 [ReconcilerExecutor-hivemq-controller-97] DEBUG c.h.p.o.h.HiveMQPlatformReconcilerErrorHandler - [helmexte] Pod 'test-hivemq-platform-0' containerStatus 'hivemq' (started: false) (ready: false) (waiting: [PodInitializing] null)
2025-01-29 18:41:39,850 INFO c.h.h.t.HelmChartContainer - [hivemq-test-hivemq-platform] [hivemq-platform-operator] [ec5f0208] 18:41:39.849 [ReconcilerExecutor-hivemq-controller-97] INFO  c.h.p.o.h.HiveMQPlatformReconcilerBaseHandler - [helmexte] HiveMQ Platform is starting, 0 of 1 replicas are ready
2025-01-29 18:41:41,026 INFO c.h.h.t.HelmChartContainer - [EVENT] Normal [Created] Created container: hivemq [helmextensionlicensesit:test-hivemq-platform-0]
2025-01-29 18:41:41,026 INFO c.h.h.t.HelmChartContainer - Received Created event for container hivemq in pod test-hivemq-platform-0 [f1e54640-60a8-411e-8f28-a3e6670f425a]
2025-01-29 18:41:41,667 INFO c.h.h.t.HelmChartContainer - [POD] test-hivemq-platform-0 [f1e54640-60a8-411e-8f28-a3e6670f425a] in helmextensionlicensesit was MODIFIED
2025-01-29 18:41:41,678 INFO c.h.h.t.HelmChartContainer - [hivemq-test-hivemq-platform] [hivemq-platform-operator] [ec5f0208] 18:41:41.677 [pool-6-thread-6] DEBUG c.h.p.o.d.PlatformServiceResource - [helmexte] Desired Platform services (3 services)
2025-01-29 18:41:41,680 INFO c.h.h.t.HelmChartContainer - Started log watcher for hivemq in pod test-hivemq-platform-0 [f1e54640-60a8-411e-8f28-a3e6670f425a]
2025-01-29 18:41:41,682 INFO c.h.h.t.HelmChartContainer - [EVENT] Normal [Started] Started container hivemq [helmextensionlicensesit:test-hivemq-platform-0]
2025-01-29 18:41:41,682 INFO c.h.h.t.HelmChartContainer - Received Started event for container hivemq in pod test-hivemq-platform-0 [f1e54640-60a8-411e-8f28-a3e6670f425a]
2025-01-29 18:41:41,684 INFO c.h.h.t.HelmChartContainer - [test-hivemq-platform] [hivemq] [f1e54640] Adding pre-installed HiveMQ Platform Operator extensions
2025-01-29 18:41:41,684 INFO c.h.h.t.HelmChartContainer - [hivemq-test-hivemq-platform] [hivemq-platform-operator] [ec5f0208] 18:41:41.683 [pool-6-thread-3] DEBUG c.h.p.o.dependants.PodInfoConfigMap - [helmexte] Desired PodInfo ConfigMap (1 extensions) (1 enabled)
2025-01-29 18:41:41,685 INFO c.h.h.t.HelmChartContainer - [test-hivemq-platform] [hivemq] [f1e54640] Running as user 10000
2025-01-29 18:41:41,685 INFO c.h.h.t.HelmChartContainer - [test-hivemq-platform] [hivemq] [f1e54640] Starting HiveMQ Platform Operator Init
2025-01-29 18:41:41,685 INFO c.h.h.t.HelmChartContainer - [hivemq-test-hivemq-platform] [hivemq-platform-operator] [ec5f0208] 18:41:41.684 [pool-6-thread-3] DEBUG c.h.p.o.dependants.PodInfoConfigMap - [helmexte] Desired PodInfo ConfigMap (metrics port: 9399) (metrics path: /)
2025-01-29 18:41:41,687 INFO c.h.h.t.HelmChartContainer - [hivemq-test-hivemq-platform] [hivemq-platform-operator] [ec5f0208] 18:41:41.684 [pool-6-thread-3] DEBUG c.h.p.o.dependants.PodInfoConfigMap - [helmexte] Desired PodInfo ConfigMap (extension state hash: 423674635)
2025-01-29 18:41:41,688 INFO c.h.h.t.HelmChartContainer - [hivemq-test-hivemq-platform] [hivemq-platform-operator] [ec5f0208] 18:41:41.683 [pool-6-thread-4] DEBUG c.h.p.o.d.PodServiceAccountResource - [helmexte] Desired PodServiceAccountResource (serviceAccountName: hivemq-platform-pod-test-hivemq-platform)
2025-01-29 18:41:41,697 INFO c.h.h.t.HelmChartContainer - [hivemq-test-hivemq-platform] [hivemq-platform-operator] [ec5f0208] 18:41:41.695 [pool-6-thread-6] DEBUG c.h.p.o.d.StatefulSetResource - [helmexte] Desired StatefulSet (1 replicas) for status STARTING (READY)
2025-01-29 18:41:41,754 INFO c.h.h.t.HelmChartContainer - [hivemq-test-hivemq-platform] [hivemq-platform-operator] [ec5f0208] 18:41:41.751 [ReconcilerExecutor-hivemq-controller-108] INFO  c.h.p.o.HiveMQPlatformReconciler - [helmexte] Reconciling HiveMQ Platform 'test-hivemq-platform' in namespace 'helmextensionlicensesit'
2025-01-29 18:41:41,754 INFO c.h.h.t.HelmChartContainer - [hivemq-test-hivemq-platform] [hivemq-platform-operator] [ec5f0208] 18:41:41.752 [ReconcilerExecutor-hivemq-controller-108] DEBUG c.h.p.o.HiveMQPlatformReconciler - [helmexte] Custom Resource Status STARTING - HiveMQ Platform is starting (READY)
2025-01-29 18:41:41,754 INFO c.h.h.t.HelmChartContainer - [hivemq-test-hivemq-platform] [hivemq-platform-operator] [ec5f0208] 18:41:41.752 [ReconcilerExecutor-hivemq-controller-108] DEBUG c.h.p.o.HiveMQPlatformReconciler - [helmexte] Custom Resource Spec (replicas: 1) (extensions: 1)
2025-01-29 18:41:41,755 INFO c.h.h.t.HelmChartContainer - [hivemq-test-hivemq-platform] [hivemq-platform-operator] [ec5f0208] 18:41:41.754 [ReconcilerExecutor-hivemq-controller-108] DEBUG c.h.p.o.HiveMQPlatformReconciler - [helmexte] StatefulSet Status (revision: test-hivemq-platform-6bcc7896c5, replicas: 1, available: 0, ready: 0, current: 1, updated: 1)
2025-01-29 18:41:41,755 INFO c.h.h.t.HelmChartContainer - [hivemq-test-hivemq-platform] [hivemq-platform-operator] [ec5f0208] 18:41:41.754 [ReconcilerExecutor-hivemq-controller-108] DEBUG c.h.p.o.HiveMQPlatformReconciler - [helmexte] StatefulSet Spec (replicas: 1, init containers: 1, containers: 1, volumes: 5)
2025-01-29 18:41:41,757 INFO c.h.h.t.HelmChartContainer - [hivemq-test-hivemq-platform] [hivemq-platform-operator] [ec5f0208] 18:41:41.756 [ReconcilerExecutor-hivemq-controller-108] DEBUG c.h.p.o.h.HiveMQPlatformReconcilerErrorHandler - [helmexte] Pod 'test-hivemq-platform-0' phase Running
2025-01-29 18:41:41,758 INFO c.h.h.t.HelmChartContainer - [hivemq-test-hivemq-platform] [hivemq-platform-operator] [ec5f0208] 18:41:41.757 [ReconcilerExecutor-hivemq-controller-108] INFO  c.h.p.o.h.HiveMQPlatformReconcilerBaseHandler - [helmexte] HiveMQ Platform is starting, 0 of 1 replicas are ready
2025-01-29 18:41:42,326 INFO c.h.h.t.HelmChartContainer - [test-hivemq-platform] [hivemq] [f1e54640] INFO  - [HiveMQ Platform Operator Init 1.7.0-SNAPSHOT] HiveMQ Platform Operator Init 1.7.0-SNAPSHOT (commit: b1b9591 on branch: HEAD) built on Wed Jan 29 18:32:18 UTC 2025
2025-01-29 18:41:43,439 INFO c.h.h.t.HelmChartContainer - [test-hivemq-platform] [hivemq] [f1e54640] INFO  - [HiveMQ Platform Operator Init App 1.7.0-SNAPSHOT] Using bind address 10.42.0.10 from environment variable
2025-01-29 18:41:44,332 INFO c.h.h.t.HelmChartContainer - [test-hivemq-platform] [hivemq] [f1e54640] INFO  - [HiveMQ Platform Operator Init App 1.7.0-SNAPSHOT] HiveMQ Platform Operator Init App 1.7.0-SNAPSHOT (commit: b1b9591 on branch: HEAD) built on Wed Jan 29 18:32:18 UTC 2025
2025-01-29 18:41:44,332 INFO c.h.h.t.HelmChartContainer - [test-hivemq-platform] [hivemq] [f1e54640] INFO  - [HiveMQ Platform Operator Init App 1.7.0-SNAPSHOT] PodInfo ConfigMap directory: /etc/podinfo
2025-01-29 18:41:44,332 INFO c.h.h.t.HelmChartContainer - [test-hivemq-platform] [hivemq] [f1e54640] INFO  - [HiveMQ Platform Operator Init App 1.7.0-SNAPSHOT] HiveMQ home directory: /opt/hivemq
2025-01-29 18:41:44,332 INFO c.h.h.t.HelmChartContainer - [test-hivemq-platform] [hivemq] [f1e54640] INFO  - [HiveMQ Platform Operator Init App 1.7.0-SNAPSHOT] HiveMQ Logback folder: /opt/hivemq/conf
2025-01-29 18:41:44,332 INFO c.h.h.t.HelmChartContainer - [test-hivemq-platform] [hivemq] [f1e54640] INFO  - [HiveMQ Platform Operator Init App 1.7.0-SNAPSHOT] HiveMQ Config folder: /opt/hivemq/conf-k8s
2025-01-29 18:41:44,334 INFO c.h.h.t.HelmChartContainer - [test-hivemq-platform] [hivemq] [f1e54640] INFO  - [HiveMQ Platform Operator Init App 1.7.0-SNAPSHOT] Starting HiveMQ Platform Operator Init App
2025-01-29 18:41:44,334 INFO c.h.h.t.HelmChartContainer - [test-hivemq-platform] [hivemq] [f1e54640] INFO  - [HiveMQ Platform Operator Init App 1.7.0-SNAPSHOT] Starting Pod reconciler
2025-01-29 18:41:45,630 INFO c.h.h.t.HelmChartContainer - [test-hivemq-platform] [hivemq] [f1e54640] INFO  - [HiveMQ Platform Operator Init App 1.7.0-SNAPSHOT] Pod reconciler is scheduled (interval: 5000 ms)
2025-01-29 18:41:45,630 INFO c.h.h.t.HelmChartContainer - [test-hivemq-platform] [hivemq] [f1e54640] INFO  - [HiveMQ Platform Operator Init App 1.7.0-SNAPSHOT] Starting the REST API on 10.42.0.10:7979
2025-01-29 18:41:45,633 INFO c.h.h.t.HelmChartContainer - [test-hivemq-platform] [hivemq] [f1e54640] INFO  - [HiveMQ Platform Operator Init App 1.7.0-SNAPSHOT] Waiting up to 600s for at most 1 HiveMQ nodes in cluster service hivemq-test-hivemq-platform-cluster.helmextensionlicensesit.svc
2025-01-29 18:41:46,031 INFO c.h.h.t.HelmChartContainer - [test-hivemq-platform] [hivemq] [f1e54640] INFO  - [HiveMQ Platform Operator Init App 1.7.0-SNAPSHOT] Resolved 1 IP addresses: [10.42.0.10]
2025-01-29 18:41:46,031 INFO c.h.h.t.HelmChartContainer - [test-hivemq-platform] [hivemq] [f1e54640] INFO  - [HiveMQ Platform Operator Init App 1.7.0-SNAPSHOT] HiveMQ node count of 1 is within threshold of 1
2025-01-29 18:41:46,031 INFO c.h.h.t.HelmChartContainer - [test-hivemq-platform] [hivemq] [f1e54640] INFO  - [HiveMQ Platform Operator Init App 1.7.0-SNAPSHOT] Proceeding with container start
2025-01-29 18:41:46,126 INFO c.h.h.t.HelmChartContainer - [test-hivemq-platform] [hivemq] [f1e54640] INFO  - [HiveMQ Platform Operator Init App 1.7.0-SNAPSHOT] Initializing HiveMQ Platform extensions with initial configuration: {hivemq-distributed-tracing-extension={start-priority=-1, skip-https-hostname-verification=false, restart=false, config-version=1035, header-version=0, c-uri=, priority=-1, uri=preinstalled, skip-https-certificate-validation=false, enabled=true}, hivemq-prometheus-extension={restart=true, priority=-1, start-priority=-1, c-uri=, skip-https-hostname-verification=false, skip-https-certificate-validation=false, uri=preinstalled, request-header-path=no-request-headers, enabled=true}}
2025-01-29 18:41:46,622 INFO c.h.h.t.HelmChartContainer - [test-hivemq-platform] [hivemq] [f1e54640] INFO  - [HiveMQ Platform Operator Init App 1.7.0-SNAPSHOT] Successfully enabled extension hivemq-distributed-tracing-extension
2025-01-29 18:41:46,633 INFO c.h.h.t.HelmChartContainer - [test-hivemq-platform] [hivemq] [f1e54640] INFO  - [HiveMQ Platform Operator Init App 1.7.0-SNAPSHOT] Successfully enabled extension hivemq-prometheus-extension
2025-01-29 18:41:46,635 INFO c.h.h.t.HelmChartContainer - [test-hivemq-platform] [hivemq] [f1e54640] INFO  - [HiveMQ Platform Operator Init App 1.7.0-SNAPSHOT] Starting HiveMQ Platform version 4.36.0 (4.36.0)
2025-01-29 18:41:46,636 INFO c.h.h.t.HelmChartContainer - [test-hivemq-platform] [hivemq] [f1e54640] INFO  - [HiveMQ Platform Operator Init App 1.7.0-SNAPSHOT] Configuring the HiveMQ Platform
2025-01-29 18:41:46,726 INFO c.h.h.t.HelmChartContainer - [test-hivemq-platform] [hivemq] [f1e54640] INFO  - [HiveMQ Platform Operator Init App 1.7.0-SNAPSHOT] Changed logback.xml file scan period to 20 seconds
2025-01-29 18:41:46,822 INFO c.h.h.t.HelmChartContainer - [test-hivemq-platform] [hivemq] [f1e54640] INFO  - [HiveMQ Platform Operator Init App 1.7.0-SNAPSHOT] Starting the HiveMQ Platform
2025-01-29 18:41:46,824 INFO c.h.h.t.HelmChartContainer - [test-hivemq-platform] [hivemq] [f1e54640] -------------------------------------------------------------------------
2025-01-29 18:41:46,827 INFO c.h.h.t.HelmChartContainer - [test-hivemq-platform] [hivemq] [f1e54640] 
2025-01-29 18:41:46,827 INFO c.h.h.t.HelmChartContainer - [test-hivemq-platform] [hivemq] [f1e54640]                   _    _  _              __  __   ____
2025-01-29 18:41:46,827 INFO c.h.h.t.HelmChartContainer - [test-hivemq-platform] [hivemq] [f1e54640]                  | |  | |(_)            |  \/  | / __ \
2025-01-29 18:41:46,827 INFO c.h.h.t.HelmChartContainer - [test-hivemq-platform] [hivemq] [f1e54640]                  | |__| | _ __   __ ___ | \  / || |  | |
2025-01-29 18:41:46,827 INFO c.h.h.t.HelmChartContainer - [test-hivemq-platform] [hivemq] [f1e54640]                  |  __  || |\ \ / // _ \| |\/| || |  | |
2025-01-29 18:41:46,827 INFO c.h.h.t.HelmChartContainer - [test-hivemq-platform] [hivemq] [f1e54640]                  | |  | || | \ V /|  __/| |  | || |__| |
2025-01-29 18:41:46,827 INFO c.h.h.t.HelmChartContainer - [test-hivemq-platform] [hivemq] [f1e54640]                  |_|  |_||_|  \_/  \___||_|  |_| \___\_\
2025-01-29 18:41:46,827 INFO c.h.h.t.HelmChartContainer - [test-hivemq-platform] [hivemq] [f1e54640] 
2025-01-29 18:41:46,827 INFO c.h.h.t.HelmChartContainer - [test-hivemq-platform] [hivemq] [f1e54640] -------------------------------------------------------------------------
2025-01-29 18:41:46,827 INFO c.h.h.t.HelmChartContainer - [test-hivemq-platform] [hivemq] [f1e54640] 
2025-01-29 18:41:46,827 INFO c.h.h.t.HelmChartContainer - [test-hivemq-platform] [hivemq] [f1e54640]   HiveMQ Start Script for Linux/Unix v1.14
2025-01-29 18:41:46,827 INFO c.h.h.t.HelmChartContainer - [test-hivemq-platform] [hivemq] [f1e54640] 
2025-01-29 18:41:46,934 INFO c.h.h.t.HelmChartContainer - [test-hivemq-platform] [hivemq] [f1e54640] -------------------------------------------------------------------------
2025-01-29 18:41:46,934 INFO c.h.h.t.HelmChartContainer - [test-hivemq-platform] [hivemq] [f1e54640] 
2025-01-29 18:41:46,935 INFO c.h.h.t.HelmChartContainer - [test-hivemq-platform] [hivemq] [f1e54640]   HIVEMQ_HOME: /opt/hivemq
2025-01-29 18:41:46,935 INFO c.h.h.t.HelmChartContainer - [test-hivemq-platform] [hivemq] [f1e54640] 
2025-01-29 18:41:46,935 INFO c.h.h.t.HelmChartContainer - [test-hivemq-platform] [hivemq] [f1e54640]   JAVA_OPTS: -XX:+UnlockExperimentalVMOptions -XX:InitialRAMPercentage=50 -XX:MaxRAMPercentage=50 -Djava.net.preferIPv4Stack=true --add-opens java.base/java.lang=ALL-UNNAMED --add-opens java.base/java.nio=ALL-UNNAMED --add-opens java.base/sun.nio.ch=ALL-UNNAMED --add-opens jdk.management/com.sun.management.internal=ALL-UNNAMED --add-exports java.base/jdk.internal.misc=ALL-UNNAMED -Djava.security.egd=file:/dev/./urandom -Dcom.sun.management.jmxremote -Dcom.sun.management.jmxremote.port=9010 -Dcom.sun.management.jmxremote.local.only=false -Dcom.sun.management.jmxremote.authenticate=false -Dcom.sun.management.jmxremote.ssl=false -Duser.language=en -Duser.region=US -XX:+CrashOnOutOfMemoryError -XX:+HeapDumpOnOutOfMemoryError
2025-01-29 18:41:46,935 INFO c.h.h.t.HelmChartContainer - [test-hivemq-platform] [hivemq] [f1e54640] 
2025-01-29 18:41:46,935 INFO c.h.h.t.HelmChartContainer - [test-hivemq-platform] [hivemq] [f1e54640]   JAVA_VERSION: 21
2025-01-29 18:41:46,935 INFO c.h.h.t.HelmChartContainer - [test-hivemq-platform] [hivemq] [f1e54640] 
2025-01-29 18:41:46,935 INFO c.h.h.t.HelmChartContainer - [test-hivemq-platform] [hivemq] [f1e54640] -------------------------------------------------------------------------
2025-01-29 18:41:46,935 INFO c.h.h.t.HelmChartContainer - [test-hivemq-platform] [hivemq] [f1e54640] 
2025-01-29 18:41:47,727 INFO c.h.h.t.HelmChartContainer - [test-hivemq-platform] [hivemq] [f1e54640] INFO  - [HiveMQ Platform Operator Init App 1.7.0-SNAPSHOT] Returning default Health API response 503 for readiness
2025-01-29 18:41:48,129 INFO c.h.h.t.HelmChartContainer - [EVENT] Warning [Unhealthy] Readiness probe failed: HTTP probe failed with statuscode: 503 [helmextensionlicensesit:test-hivemq-platform-0]
2025-01-29 18:41:48,129 INFO c.h.h.t.HelmChartContainer - Received Unhealthy event for container hivemq in pod test-hivemq-platform-0 [f1e54640-60a8-411e-8f28-a3e6670f425a]
2025-01-29 18:41:49,932 INFO c.h.h.t.HelmChartContainer - [test-hivemq-platform] [hivemq] [f1e54640] INFO  - Starting HiveMQ Enterprise Server
2025-01-29 18:41:49,945 INFO c.h.h.t.HelmChartContainer - [test-hivemq-platform] [hivemq] [f1e54640] INFO  - HiveMQ version: 4.36.0
2025-01-29 18:41:49,946 INFO c.h.h.t.HelmChartContainer - [test-hivemq-platform] [hivemq] [f1e54640] INFO  - HiveMQ home directory: /opt/hivemq
2025-01-29 18:41:49,946 INFO c.h.h.t.HelmChartContainer - [test-hivemq-platform] [hivemq] [f1e54640] INFO  - Log Configuration was overridden by /opt/hivemq/conf/logback.xml
2025-01-29 18:41:51,726 INFO c.h.h.t.HelmChartContainer - [test-hivemq-platform] [hivemq] [f1e54640] INFO  - Successfully loaded configuration from '/opt/hivemq/conf-k8s/config.xml'.
2025-01-29 18:41:51,762 INFO c.h.h.t.HelmChartContainer - [hivemq-test-hivemq-platform] [hivemq-platform-operator] [ec5f0208] 18:41:51.760 [pool-6-thread-11] DEBUG c.h.p.o.d.PlatformServiceResource - [helmexte] Desired Platform services (3 services)
2025-01-29 18:41:51,762 INFO c.h.h.t.HelmChartContainer - [hivemq-test-hivemq-platform] [hivemq-platform-operator] [ec5f0208] 18:41:51.761 [pool-6-thread-16] DEBUG c.h.p.o.dependants.PodInfoConfigMap - [helmexte] Desired PodInfo ConfigMap (1 extensions) (1 enabled)
2025-01-29 18:41:51,762 INFO c.h.h.t.HelmChartContainer - [hivemq-test-hivemq-platform] [hivemq-platform-operator] [ec5f0208] 18:41:51.761 [pool-6-thread-16] DEBUG c.h.p.o.dependants.PodInfoConfigMap - [helmexte] Desired PodInfo ConfigMap (metrics port: 9399) (metrics path: /)
2025-01-29 18:41:51,762 INFO c.h.h.t.HelmChartContainer - [hivemq-test-hivemq-platform] [hivemq-platform-operator] [ec5f0208] 18:41:51.761 [pool-6-thread-16] DEBUG c.h.p.o.dependants.PodInfoConfigMap - [helmexte] Desired PodInfo ConfigMap (extension state hash: 423674635)
2025-01-29 18:41:51,765 INFO c.h.h.t.HelmChartContainer - [hivemq-test-hivemq-platform] [hivemq-platform-operator] [ec5f0208] 18:41:51.763 [pool-6-thread-14] DEBUG c.h.p.o.d.PodServiceAccountResource - [helmexte] Desired PodServiceAccountResource (serviceAccountName: hivemq-platform-pod-test-hivemq-platform)
2025-01-29 18:41:51,768 INFO c.h.h.t.HelmChartContainer - [hivemq-test-hivemq-platform] [hivemq-platform-operator] [ec5f0208] 18:41:51.767 [pool-6-thread-11] DEBUG c.h.p.o.d.StatefulSetResource - [helmexte] Desired StatefulSet (1 replicas) for status STARTING (READY)
2025-01-29 18:41:51,772 INFO c.h.h.t.HelmChartContainer - [hivemq-test-hivemq-platform] [hivemq-platform-operator] [ec5f0208] 18:41:51.771 [ReconcilerExecutor-hivemq-controller-109] INFO  c.h.p.o.HiveMQPlatformReconciler - [helmexte] Reconciling HiveMQ Platform 'test-hivemq-platform' in namespace 'helmextensionlicensesit'
2025-01-29 18:41:51,772 INFO c.h.h.t.HelmChartContainer - [hivemq-test-hivemq-platform] [hivemq-platform-operator] [ec5f0208] 18:41:51.771 [ReconcilerExecutor-hivemq-controller-109] DEBUG c.h.p.o.HiveMQPlatformReconciler - [helmexte] Custom Resource Status STARTING - HiveMQ Platform is starting (READY)
2025-01-29 18:41:51,772 INFO c.h.h.t.HelmChartContainer - [hivemq-test-hivemq-platform] [hivemq-platform-operator] [ec5f0208] 18:41:51.771 [ReconcilerExecutor-hivemq-controller-109] DEBUG c.h.p.o.HiveMQPlatformReconciler - [helmexte] Custom Resource Spec (replicas: 1) (extensions: 1)
2025-01-29 18:41:51,775 INFO c.h.h.t.HelmChartContainer - [hivemq-test-hivemq-platform] [hivemq-platform-operator] [ec5f0208] 18:41:51.774 [ReconcilerExecutor-hivemq-controller-109] DEBUG c.h.p.o.HiveMQPlatformReconciler - [helmexte] StatefulSet Status (revision: test-hivemq-platform-6bcc7896c5, replicas: 1, available: 0, ready: 0, current: 1, updated: 1)
2025-01-29 18:41:51,775 INFO c.h.h.t.HelmChartContainer - [hivemq-test-hivemq-platform] [hivemq-platform-operator] [ec5f0208] 18:41:51.774 [ReconcilerExecutor-hivemq-controller-109] DEBUG c.h.p.o.HiveMQPlatformReconciler - [helmexte] StatefulSet Spec (replicas: 1, init containers: 1, containers: 1, volumes: 5)
2025-01-29 18:41:51,776 INFO c.h.h.t.HelmChartContainer - [hivemq-test-hivemq-platform] [hivemq-platform-operator] [ec5f0208] 18:41:51.775 [ReconcilerExecutor-hivemq-controller-109] DEBUG c.h.p.o.h.HiveMQPlatformReconcilerErrorHandler - [helmexte] Pod 'test-hivemq-platform-0' phase Running
2025-01-29 18:41:51,777 INFO c.h.h.t.HelmChartContainer - [hivemq-test-hivemq-platform] [hivemq-platform-operator] [ec5f0208] 18:41:51.776 [ReconcilerExecutor-hivemq-controller-109] INFO  c.h.p.o.h.HiveMQPlatformReconcilerBaseHandler - [helmexte] HiveMQ Platform is starting, 0 of 1 replicas are ready
2025-01-29 18:41:52,621 INFO c.h.h.t.HelmChartContainer - [test-hivemq-platform] [hivemq] [f1e54640] INFO  - This node's ID is 83XF0
2025-01-29 18:41:52,621 INFO c.h.h.t.HelmChartContainer - [test-hivemq-platform] [hivemq] [f1e54640] INFO  - Clustering is enabled
2025-01-29 18:41:53,229 INFO c.h.h.t.HelmChartContainer - [test-hivemq-platform] [hivemq] [f1e54640] WARN  - [HiveMQ Platform Operator Init App 1.7.0-SNAPSHOT] Cannot connect to Health API for readiness: null
2025-01-29 18:41:53,325 INFO c.h.h.t.HelmChartContainer - [EVENT] Warning [Unhealthy] Readiness probe failed: HTTP probe failed with statuscode: 503 [helmextensionlicensesit:test-hivemq-platform-0]
2025-01-29 18:41:53,326 INFO c.h.h.t.HelmChartContainer - Received Unhealthy event for container hivemq in pod test-hivemq-platform-0 [f1e54640-60a8-411e-8f28-a3e6670f425a]
2025-01-29 18:41:55,926 INFO c.h.h.t.HelmChartContainer - [test-hivemq-platform] [hivemq] [f1e54640] Jan 29, 2025 6:41:55 PM io.vertx.core.impl.BlockedThreadChecker
2025-01-29 18:41:55,926 INFO c.h.h.t.HelmChartContainer - [test-hivemq-platform] [hivemq] [f1e54640] WARNING: Thread Thread[vert.x-eventloop-thread-1,5,main] has been blocked for 2093 ms, time limit is 2000 ms
2025-01-29 18:41:56,721 INFO c.h.h.t.HelmChartContainer - [test-hivemq-platform] [hivemq] [f1e54640] INFO  - [HiveMQ Platform Operator Init App 1.7.0-SNAPSHOT] Updating Pod HiveMQ Platform Operator Init App version annotation (version: 1.7.0-SNAPSHOT)
2025-01-29 18:41:57,437 INFO c.h.h.t.HelmChartContainer - [POD] test-hivemq-platform-0 [f1e54640-60a8-411e-8f28-a3e6670f425a] in helmextensionlicensesit was MODIFIED
2025-01-29 18:41:57,445 INFO c.h.h.t.HelmChartContainer - [hivemq-test-hivemq-platform] [hivemq-platform-operator] [ec5f0208] 18:41:57.442 [pool-6-thread-28] DEBUG c.h.p.o.d.PodServiceAccountResource - [helmexte] Desired PodServiceAccountResource (serviceAccountName: hivemq-platform-pod-test-hivemq-platform)
2025-01-29 18:41:57,445 INFO c.h.h.t.HelmChartContainer - [hivemq-test-hivemq-platform] [hivemq-platform-operator] [ec5f0208] 18:41:57.444 [pool-6-thread-27] DEBUG c.h.p.o.dependants.PodInfoConfigMap - [helmexte] Desired PodInfo ConfigMap (1 extensions) (1 enabled)
2025-01-29 18:41:57,446 INFO c.h.h.t.HelmChartContainer - [hivemq-test-hivemq-platform] [hivemq-platform-operator] [ec5f0208] 18:41:57.444 [pool-6-thread-27] DEBUG c.h.p.o.dependants.PodInfoConfigMap - [helmexte] Desired PodInfo ConfigMap (metrics port: 9399) (metrics path: /)
2025-01-29 18:41:57,446 INFO c.h.h.t.HelmChartContainer - [hivemq-test-hivemq-platform] [hivemq-platform-operator] [ec5f0208] 18:41:57.444 [pool-6-thread-27] DEBUG c.h.p.o.dependants.PodInfoConfigMap - [helmexte] Desired PodInfo ConfigMap (extension state hash: 423674635)
2025-01-29 18:41:57,447 INFO c.h.h.t.HelmChartContainer - [hivemq-test-hivemq-platform] [hivemq-platform-operator] [ec5f0208] 18:41:57.442 [pool-6-thread-22] DEBUG c.h.p.o.d.PlatformServiceResource - [helmexte] Desired Platform services (3 services)
2025-01-29 18:41:57,452 INFO c.h.h.t.HelmChartContainer - [hivemq-test-hivemq-platform] [hivemq-platform-operator] [ec5f0208] 18:41:57.451 [pool-6-thread-22] DEBUG c.h.p.o.d.StatefulSetResource - [helmexte] Desired StatefulSet (1 replicas) for status STARTING (READY)
2025-01-29 18:41:57,514 INFO c.h.h.t.HelmChartContainer - [hivemq-test-hivemq-platform] [hivemq-platform-operator] [ec5f0208] 18:41:57.511 [ReconcilerExecutor-hivemq-controller-110] INFO  c.h.p.o.HiveMQPlatformReconciler - [helmexte] Reconciling HiveMQ Platform 'test-hivemq-platform' in namespace 'helmextensionlicensesit'
2025-01-29 18:41:57,514 INFO c.h.h.t.HelmChartContainer - [hivemq-test-hivemq-platform] [hivemq-platform-operator] [ec5f0208] 18:41:57.511 [ReconcilerExecutor-hivemq-controller-110] DEBUG c.h.p.o.HiveMQPlatformReconciler - [helmexte] Custom Resource Status STARTING - HiveMQ Platform is starting (READY)
2025-01-29 18:41:57,514 INFO c.h.h.t.HelmChartContainer - [hivemq-test-hivemq-platform] [hivemq-platform-operator] [ec5f0208] 18:41:57.511 [ReconcilerExecutor-hivemq-controller-110] DEBUG c.h.p.o.HiveMQPlatformReconciler - [helmexte] Custom Resource Spec (replicas: 1) (extensions: 1)
2025-01-29 18:41:57,515 INFO c.h.h.t.HelmChartContainer - [hivemq-test-hivemq-platform] [hivemq-platform-operator] [ec5f0208] 18:41:57.513 [ReconcilerExecutor-hivemq-controller-110] DEBUG c.h.p.o.HiveMQPlatformReconciler - [helmexte] StatefulSet Status (revision: test-hivemq-platform-6bcc7896c5, replicas: 1, available: 0, ready: 0, current: 1, updated: 1)
2025-01-29 18:41:57,515 INFO c.h.h.t.HelmChartContainer - [hivemq-test-hivemq-platform] [hivemq-platform-operator] [ec5f0208] 18:41:57.514 [ReconcilerExecutor-hivemq-controller-110] DEBUG c.h.p.o.HiveMQPlatformReconciler - [helmexte] StatefulSet Spec (replicas: 1, init containers: 1, containers: 1, volumes: 5)
2025-01-29 18:41:57,517 INFO c.h.h.t.HelmChartContainer - [hivemq-test-hivemq-platform] [hivemq-platform-operator] [ec5f0208] 18:41:57.515 [ReconcilerExecutor-hivemq-controller-110] DEBUG c.h.p.o.h.HiveMQPlatformReconcilerErrorHandler - [helmexte] Pod 'test-hivemq-platform-0' phase Running
2025-01-29 18:41:57,517 INFO c.h.h.t.HelmChartContainer - [hivemq-test-hivemq-platform] [hivemq-platform-operator] [ec5f0208] 18:41:57.516 [ReconcilerExecutor-hivemq-controller-110] INFO  c.h.p.o.h.HiveMQPlatformReconcilerBaseHandler - [helmexte] HiveMQ Platform is starting, 0 of 1 replicas are ready
2025-01-29 18:41:57,530 INFO c.h.h.t.HelmChartContainer - [test-hivemq-platform] [hivemq] [f1e54640] WARN  - [HiveMQ Platform Operator Init App 1.7.0-SNAPSHOT] Cannot connect to Health API for readiness: null
2025-01-29 18:41:57,535 INFO c.h.h.t.HelmChartContainer - [EVENT] Warning [Unhealthy] Readiness probe failed: HTTP probe failed with statuscode: 503 [helmextensionlicensesit:test-hivemq-platform-0]
2025-01-29 18:41:57,536 INFO c.h.h.t.HelmChartContainer - Received Unhealthy event for container hivemq in pod test-hivemq-platform-0 [f1e54640-60a8-411e-8f28-a3e6670f425a]
2025-01-29 18:41:57,620 INFO c.h.h.t.HelmChartContainer - [test-hivemq-platform] [hivemq] [f1e54640] INFO  - [HiveMQ Platform Operator Init App 1.7.0-SNAPSHOT] Successfully updated Pod HiveMQ Platform Operator Init App version annotation (version: 1.7.0-SNAPSHOT)
2025-01-29 18:42:02,508 INFO c.h.h.t.HelmChartContainer - [EVENT] Warning [Unhealthy] Readiness probe failed: HTTP probe failed with statuscode: 503 [helmextensionlicensesit:test-hivemq-platform-0]
2025-01-29 18:42:02,508 INFO c.h.h.t.HelmChartContainer - Received Unhealthy event for container hivemq in pod test-hivemq-platform-0 [f1e54640-60a8-411e-8f28-a3e6670f425a]
2025-01-29 18:42:02,518 INFO c.h.h.t.HelmChartContainer - [test-hivemq-platform] [hivemq] [f1e54640] WARN  - [HiveMQ Platform Operator Init App 1.7.0-SNAPSHOT] Cannot connect to Health API for readiness: null
2025-01-29 18:42:07,519 INFO c.h.h.t.HelmChartContainer - [test-hivemq-platform] [hivemq] [f1e54640] WARN  - [HiveMQ Platform Operator Init App 1.7.0-SNAPSHOT] Cannot connect to Health API for readiness: null
2025-01-29 18:42:07,526 INFO c.h.h.t.HelmChartContainer - [hivemq-test-hivemq-platform] [hivemq-platform-operator] [ec5f0208] 18:42:07.523 [pool-6-thread-37] DEBUG c.h.p.o.d.PlatformServiceResource - [helmexte] Desired Platform services (3 services)
2025-01-29 18:42:07,532 INFO c.h.h.t.HelmChartContainer - [hivemq-test-hivemq-platform] [hivemq-platform-operator] [ec5f0208] 18:42:07.527 [pool-6-thread-33] DEBUG c.h.p.o.dependants.PodInfoConfigMap - [helmexte] Desired PodInfo ConfigMap (1 extensions) (1 enabled)
2025-01-29 18:42:07,532 INFO c.h.h.t.HelmChartContainer - [hivemq-test-hivemq-platform] [hivemq-platform-operator] [ec5f0208] 18:42:07.530 [pool-6-thread-33] DEBUG c.h.p.o.dependants.PodInfoConfigMap - [helmexte] Desired PodInfo ConfigMap (metrics port: 9399) (metrics path: /)
2025-01-29 18:42:07,532 INFO c.h.h.t.HelmChartContainer - [hivemq-test-hivemq-platform] [hivemq-platform-operator] [ec5f0208] 18:42:07.530 [pool-6-thread-33] DEBUG c.h.p.o.dependants.PodInfoConfigMap - [helmexte] Desired PodInfo ConfigMap (extension state hash: 423674635)
2025-01-29 18:42:07,533 INFO c.h.h.t.HelmChartContainer - [EVENT] Warning [Unhealthy] Readiness probe failed: HTTP probe failed with statuscode: 503 [helmextensionlicensesit:test-hivemq-platform-0]
2025-01-29 18:42:07,533 INFO c.h.h.t.HelmChartContainer - Received Unhealthy event for container hivemq in pod test-hivemq-platform-0 [f1e54640-60a8-411e-8f28-a3e6670f425a]
2025-01-29 18:42:07,534 INFO c.h.h.t.HelmChartContainer - [hivemq-test-hivemq-platform] [hivemq-platform-operator] [ec5f0208] 18:42:07.524 [pool-6-thread-32] DEBUG c.h.p.o.d.PodServiceAccountResource - [helmexte] Desired PodServiceAccountResource (serviceAccountName: hivemq-platform-pod-test-hivemq-platform)
2025-01-29 18:42:07,538 INFO c.h.h.t.HelmChartContainer - [hivemq-test-hivemq-platform] [hivemq-platform-operator] [ec5f0208] 18:42:07.536 [pool-6-thread-33] DEBUG c.h.p.o.d.StatefulSetResource - [helmexte] Desired StatefulSet (1 replicas) for status STARTING (READY)
2025-01-29 18:42:07,543 INFO c.h.h.t.HelmChartContainer - [hivemq-test-hivemq-platform] [hivemq-platform-operator] [ec5f0208] 18:42:07.542 [ReconcilerExecutor-hivemq-controller-111] INFO  c.h.p.o.HiveMQPlatformReconciler - [helmexte] Reconciling HiveMQ Platform 'test-hivemq-platform' in namespace 'helmextensionlicensesit'
2025-01-29 18:42:07,544 INFO c.h.h.t.HelmChartContainer - [hivemq-test-hivemq-platform] [hivemq-platform-operator] [ec5f0208] 18:42:07.542 [ReconcilerExecutor-hivemq-controller-111] DEBUG c.h.p.o.HiveMQPlatformReconciler - [helmexte] Custom Resource Status STARTING - HiveMQ Platform is starting (READY)
2025-01-29 18:42:07,544 INFO c.h.h.t.HelmChartContainer - [hivemq-test-hivemq-platform] [hivemq-platform-operator] [ec5f0208] 18:42:07.542 [ReconcilerExecutor-hivemq-controller-111] DEBUG c.h.p.o.HiveMQPlatformReconciler - [helmexte] Custom Resource Spec (replicas: 1) (extensions: 1)
2025-01-29 18:42:07,545 INFO c.h.h.t.HelmChartContainer - [hivemq-test-hivemq-platform] [hivemq-platform-operator] [ec5f0208] 18:42:07.544 [ReconcilerExecutor-hivemq-controller-111] DEBUG c.h.p.o.HiveMQPlatformReconciler - [helmexte] StatefulSet Status (revision: test-hivemq-platform-6bcc7896c5, replicas: 1, available: 0, ready: 0, current: 1, updated: 1)
2025-01-29 18:42:07,546 INFO c.h.h.t.HelmChartContainer - [hivemq-test-hivemq-platform] [hivemq-platform-operator] [ec5f0208] 18:42:07.544 [ReconcilerExecutor-hivemq-controller-111] DEBUG c.h.p.o.HiveMQPlatformReconciler - [helmexte] StatefulSet Spec (replicas: 1, init containers: 1, containers: 1, volumes: 5)
2025-01-29 18:42:07,547 INFO c.h.h.t.HelmChartContainer - [hivemq-test-hivemq-platform] [hivemq-platform-operator] [ec5f0208] 18:42:07.546 [ReconcilerExecutor-hivemq-controller-111] DEBUG c.h.p.o.h.HiveMQPlatformReconcilerErrorHandler - [helmexte] Pod 'test-hivemq-platform-0' phase Running
2025-01-29 18:42:07,547 INFO c.h.h.t.HelmChartContainer - [hivemq-test-hivemq-platform] [hivemq-platform-operator] [ec5f0208] 18:42:07.546 [ReconcilerExecutor-hivemq-controller-111] INFO  c.h.p.o.h.HiveMQPlatformReconcilerBaseHandler - [helmexte] HiveMQ Platform is starting, 0 of 1 replicas are ready
2025-01-29 18:42:08,422 INFO c.h.h.t.HelmChartContainer - [test-hivemq-platform] [hivemq] [f1e54640] WARN  - [HiveMQ Platform Operator Init App 1.7.0-SNAPSHOT] Cannot connect to Health API for liveness: null
2025-01-29 18:42:08,423 INFO c.h.h.t.HelmChartContainer - [test-hivemq-platform] [hivemq] [f1e54640] INFO  - [HiveMQ Platform Operator Init App 1.7.0-SNAPSHOT] Returning default Health API response 200 for liveness
2025-01-29 18:42:08,931 INFO c.h.h.t.HelmChartContainer - [test-hivemq-platform] [hivemq] [f1e54640] INFO  - No valid license file found. Using trial license, restricted to 25 connections.
2025-01-29 18:42:11,832 INFO c.h.h.t.HelmChartContainer - [test-hivemq-platform] [hivemq] [f1e54640] INFO  - No valid license file for Data Hub found. Using free license, restricted to 1 policy.
2025-01-29 18:42:12,522 INFO c.h.h.t.HelmChartContainer - [test-hivemq-platform] [hivemq] [f1e54640] WARN  - [HiveMQ Platform Operator Init App 1.7.0-SNAPSHOT] Cannot connect to Health API for readiness: null
2025-01-29 18:42:12,526 INFO c.h.h.t.HelmChartContainer - [EVENT] Warning [Unhealthy] Readiness probe failed: HTTP probe failed with statuscode: 503 [helmextensionlicensesit:test-hivemq-platform-0]
2025-01-29 18:42:12,526 INFO c.h.h.t.HelmChartContainer - Received Unhealthy event for container hivemq in pod test-hivemq-platform-0 [f1e54640-60a8-411e-8f28-a3e6670f425a]
2025-01-29 18:42:13,132 INFO c.h.h.t.HelmChartContainer - [test-hivemq-platform] [hivemq] [f1e54640] INFO  - Audit Logger started.
2025-01-29 18:42:13,427 INFO c.h.h.t.HelmChartContainer - [test-hivemq-platform] [hivemq] [f1e54640] INFO  - This node uses '1' CPU cores.
2025-01-29 18:42:13,432 INFO c.h.h.t.HelmChartContainer - [test-hivemq-platform] [hivemq] [f1e54640] INFO  - Starting HiveMQ Health API on address 0.0.0.0 and port 8889
2025-01-29 18:42:14,230 INFO c.h.h.t.HelmChartContainer - [test-hivemq-platform] [hivemq] [f1e54640] INFO  - Started HiveMQ Health API in 797ms
2025-01-29 18:42:14,824 INFO c.h.h.t.HelmChartContainer - [test-hivemq-platform] [hivemq] [f1e54640] INFO  - Starting HiveMQ extension system.
2025-01-29 18:42:16,423 INFO c.h.h.t.HelmChartContainer - [test-hivemq-platform] [hivemq] [f1e54640] WARN  - License file tracing.elic is corrupt.
2025-01-29 18:42:16,423 INFO c.h.h.testcontainer.LogWaiterUtil - TEST Found log pattern on 'test-hivemq-platform-0': .*License file tracing.elic is corrupt.
2025-01-29 18:42:16,424 INFO c.h.h.t.HelmChartContainer - [test-hivemq-platform] [hivemq] [f1e54640] INFO  - No license found for enterprise extension with name "HiveMQ Enterprise Distributed Tracing Extension". Entering extension trial mode. "HiveMQ Enterprise Distributed Tracing Extension" will be disabled in 5 hours.
2025-01-29 18:42:16,533 INFO c.h.h.t.HelmChartContainer - [test-hivemq-platform] [hivemq] [f1e54640] INFO  - Starting extension with id "hivemq-dns-cluster-discovery" at /opt/hivemq/extensions/hivemq-dns-cluster-discovery
2025-01-29 18:42:17,027 INFO c.h.h.t.HelmChartContainer - [test-hivemq-platform] [hivemq] [f1e54640] INFO  - Using TCP cluster transport on address 10.42.0.10 and port 7000
2025-01-29 18:42:17,032 INFO c.h.h.t.HelmChartContainer - [test-hivemq-platform] [hivemq] [f1e54640] INFO  - Using extension cluster discovery
2025-01-29 18:42:17,128 INFO c.h.h.t.HelmChartContainer - [test-hivemq-platform] [hivemq] [f1e54640] INFO  - Extension "DNS Cluster Discovery Extension" version 4.3.2 started successfully.
2025-01-29 18:42:17,130 INFO c.h.h.t.HelmChartContainer - [test-hivemq-platform] [hivemq] [f1e54640] INFO  - Starting extension with id "hivemq-distributed-tracing-extension" at /opt/hivemq/extensions/hivemq-distributed-tracing-extension
2025-01-29 18:42:17,555 INFO c.h.h.t.HelmChartContainer - [hivemq-test-hivemq-platform] [hivemq-platform-operator] [ec5f0208] 18:42:17.551 [pool-6-thread-46] DEBUG c.h.p.o.dependants.PodInfoConfigMap - [helmexte] Desired PodInfo ConfigMap (1 extensions) (1 enabled)
2025-01-29 18:42:17,555 INFO c.h.h.t.HelmChartContainer - [hivemq-test-hivemq-platform] [hivemq-platform-operator] [ec5f0208] 18:42:17.552 [pool-6-thread-46] DEBUG c.h.p.o.dependants.PodInfoConfigMap - [helmexte] Desired PodInfo ConfigMap (metrics port: 9399) (metrics path: /)
2025-01-29 18:42:17,555 INFO c.h.h.t.HelmChartContainer - [hivemq-test-hivemq-platform] [hivemq-platform-operator] [ec5f0208] 18:42:17.552 [pool-6-thread-46] DEBUG c.h.p.o.dependants.PodInfoConfigMap - [helmexte] Desired PodInfo ConfigMap (extension state hash: 423674635)
2025-01-29 18:42:17,555 INFO c.h.h.t.HelmChartContainer - [hivemq-test-hivemq-platform] [hivemq-platform-operator] [ec5f0208] 18:42:17.552 [pool-6-thread-48] DEBUG c.h.p.o.d.PlatformServiceResource - [helmexte] Desired Platform services (3 services)
2025-01-29 18:42:17,555 INFO c.h.h.t.HelmChartContainer - [hivemq-test-hivemq-platform] [hivemq-platform-operator] [ec5f0208] 18:42:17.553 [pool-6-thread-46] DEBUG c.h.p.o.d.PodServiceAccountResource - [helmexte] Desired PodServiceAccountResource (serviceAccountName: hivemq-platform-pod-test-hivemq-platform)
2025-01-29 18:42:17,557 INFO c.h.h.t.HelmChartContainer - [hivemq-test-hivemq-platform] [hivemq-platform-operator] [ec5f0208] 18:42:17.557 [pool-6-thread-48] DEBUG c.h.p.o.d.StatefulSetResource - [helmexte] Desired StatefulSet (1 replicas) for status STARTING (READY)
2025-01-29 18:42:17,611 INFO c.h.h.t.HelmChartContainer - [hivemq-test-hivemq-platform] [hivemq-platform-operator] [ec5f0208] 18:42:17.610 [ReconcilerExecutor-hivemq-controller-112] INFO  c.h.p.o.HiveMQPlatformReconciler - [helmexte] Reconciling HiveMQ Platform 'test-hivemq-platform' in namespace 'helmextensionlicensesit'
2025-01-29 18:42:17,611 INFO c.h.h.t.HelmChartContainer - [hivemq-test-hivemq-platform] [hivemq-platform-operator] [ec5f0208] 18:42:17.610 [ReconcilerExecutor-hivemq-controller-112] DEBUG c.h.p.o.HiveMQPlatformReconciler - [helmexte] Custom Resource Status STARTING - HiveMQ Platform is starting (READY)
2025-01-29 18:42:17,611 INFO c.h.h.t.HelmChartContainer - [hivemq-test-hivemq-platform] [hivemq-platform-operator] [ec5f0208] 18:42:17.610 [ReconcilerExecutor-hivemq-controller-112] DEBUG c.h.p.o.HiveMQPlatformReconciler - [helmexte] Custom Resource Spec (replicas: 1) (extensions: 1)
2025-01-29 18:42:17,614 INFO c.h.h.t.HelmChartContainer - [hivemq-test-hivemq-platform] [hivemq-platform-operator] [ec5f0208] 18:42:17.613 [ReconcilerExecutor-hivemq-controller-112] DEBUG c.h.p.o.HiveMQPlatformReconciler - [helmexte] StatefulSet Status (revision: test-hivemq-platform-6bcc7896c5, replicas: 1, available: 0, ready: 0, current: 1, updated: 1)
2025-01-29 18:42:17,614 INFO c.h.h.t.HelmChartContainer - [hivemq-test-hivemq-platform] [hivemq-platform-operator] [ec5f0208] 18:42:17.613 [ReconcilerExecutor-hivemq-controller-112] DEBUG c.h.p.o.HiveMQPlatformReconciler - [helmexte] StatefulSet Spec (replicas: 1, init containers: 1, containers: 1, volumes: 5)
2025-01-29 18:42:17,651 INFO c.h.h.t.HelmChartContainer - [hivemq-test-hivemq-platform] [hivemq-platform-operator] [ec5f0208] 18:42:17.650 [ReconcilerExecutor-hivemq-controller-112] DEBUG c.h.p.o.h.HiveMQPlatformReconcilerErrorHandler - [helmexte] Pod 'test-hivemq-platform-0' phase Running
2025-01-29 18:42:17,652 INFO c.h.h.t.HelmChartContainer - [hivemq-test-hivemq-platform] [hivemq-platform-operator] [ec5f0208] 18:42:17.651 [ReconcilerExecutor-hivemq-controller-112] INFO  c.h.p.o.h.HiveMQPlatformReconcilerBaseHandler - [helmexte] HiveMQ Platform is starting, 0 of 1 replicas are ready
2025-01-29 18:42:18,480 INFO c.h.h.t.HelmChartContainer - [EVENT] Warning [Unhealthy] Readiness probe failed: Get "http://10.42.0.10:7979/readiness": context deadline exceeded (Client.Timeout exceeded while awaiting headers) [helmextensionlicensesit:test-hivemq-platform-0]
2025-01-29 18:42:18,480 INFO c.h.h.t.HelmChartContainer - Received Unhealthy event for container hivemq in pod test-hivemq-platform-0 [f1e54640-60a8-411e-8f28-a3e6670f425a]
2025-01-29 18:42:18,630 INFO c.h.h.t.HelmChartContainer - [test-hivemq-platform] [hivemq] [f1e54640] INFO  - [HiveMQ Platform Operator Init App 1.7.0-SNAPSHOT] Returning Health API response 503 for readiness
2025-01-29 18:42:19,940 INFO c.h.h.t.HelmChartContainer - [test-hivemq-platform] [hivemq] [f1e54640] INFO  - HiveMQ Enterprise Distributed Tracing Extension: Successfully loaded configuration from '/opt/hivemq/extensions/hivemq-distributed-tracing-extension/conf/config.xml'.
2025-01-29 18:42:20,021 INFO c.h.h.t.HelmChartContainer - [test-hivemq-platform] [hivemq] [f1e54640] INFO  - HiveMQ Enterprise Distributed Tracing Extension: Configured OTLP gRPC exporter 'my-otlp-grpc-exporter'.
2025-01-29 18:42:20,037 INFO c.h.h.t.HelmChartContainer - [test-hivemq-platform] [hivemq] [f1e54640] INFO  - HiveMQ Enterprise Distributed Tracing Extension: Configured W3C trace propagation.
2025-01-29 18:42:20,119 INFO c.h.h.t.HelmChartContainer - [test-hivemq-platform] [hivemq] [f1e54640] INFO  - Extension "HiveMQ Enterprise Distributed Tracing Extension" version 4.36.0 started successfully.
2025-01-29 18:42:20,119 INFO c.h.h.testcontainer.LogWaiterUtil - TEST Found log pattern on 'test-hivemq-platform-0': .*Extension "HiveMQ Enterprise Distributed Tracing Extension" version .* started successfully.
2025-01-29 18:42:20,119 INFO c.h.h.t.HelmChartContainer - [test-hivemq-platform] [hivemq] [f1e54640] INFO  - Starting extension with id "hivemq-prometheus-extension" at /opt/hivemq/extensions/hivemq-prometheus-extension
2025-01-29 18:42:20,530 INFO c.h.h.t.HelmChartContainer - [test-hivemq-platform] [hivemq] [f1e54640] INFO  - Started Jetty Server exposing Prometheus Servlet on URI http://0.0.0.0:9399/
2025-01-29 18:42:20,530 INFO c.h.h.t.HelmChartContainer - [test-hivemq-platform] [hivemq] [f1e54640] INFO  - Extension "Prometheus Monitoring Extension" version 4.0.12 started successfully.
2025-01-29 18:42:20,530 INFO c.h.h.t.HelmChartContainer - [test-hivemq-platform] [hivemq] [f1e54640] INFO  - Starting extension with id "hivemq-allow-all-extension" at /opt/hivemq/extensions/hivemq-allow-all-extension
2025-01-29 18:42:20,530 INFO c.h.h.t.HelmChartContainer - [test-hivemq-platform] [hivemq] [f1e54640] WARN  - 
2025-01-29 18:42:20,530 INFO c.h.h.t.HelmChartContainer - [test-hivemq-platform] [hivemq] [f1e54640] ################################################################################################################
2025-01-29 18:42:20,530 INFO c.h.h.t.HelmChartContainer - [test-hivemq-platform] [hivemq] [f1e54640] # This HiveMQ deployment is not secure! You are lacking Authentication and Authorization.                      #
2025-01-29 18:42:20,530 INFO c.h.h.t.HelmChartContainer - [test-hivemq-platform] [hivemq] [f1e54640] # Right now any MQTT client can connect to the broker with a full set of permissions.                          #
2025-01-29 18:42:20,530 INFO c.h.h.t.HelmChartContainer - [test-hivemq-platform] [hivemq] [f1e54640] # For production usage, add an appropriate security extension and remove the hivemq-allow-all extension.       #
2025-01-29 18:42:20,530 INFO c.h.h.t.HelmChartContainer - [test-hivemq-platform] [hivemq] [f1e54640] # You can download security extensions from the HiveMQ Marketplace (https://www.hivemq.com/extensions/).       #
2025-01-29 18:42:20,530 INFO c.h.h.t.HelmChartContainer - [test-hivemq-platform] [hivemq] [f1e54640] ################################################################################################################
2025-01-29 18:42:20,531 INFO c.h.h.t.HelmChartContainer - [test-hivemq-platform] [hivemq] [f1e54640] INFO  - Extension "Allow All Extension" version 1.1.1 started successfully.
2025-01-29 18:42:20,819 INFO c.h.h.t.HelmChartContainer - [test-hivemq-platform] [hivemq] [f1e54640] INFO  - 83XF0: no members discovered after 3195 ms: creating cluster as first member
2025-01-29 18:42:20,826 INFO c.h.h.t.HelmChartContainer - [test-hivemq-platform] [hivemq] [f1e54640] INFO  - Cluster nodes found by discovery: [83XF0|0] (1) [83XF0].
2025-01-29 18:42:20,933 INFO c.h.h.t.HelmChartContainer - [test-hivemq-platform] [hivemq] [f1e54640] INFO  - Updated rules for sampling and tracing propagation.
2025-01-29 18:42:20,934 INFO c.h.h.t.HelmChartContainer - [test-hivemq-platform] [hivemq] [f1e54640] INFO  - HiveMQ: Successfully loaded configuration from '/opt/hivemq/conf-k8s/tracing.xml'.
2025-01-29 18:42:20,934 INFO c.h.h.t.HelmChartContainer - [test-hivemq-platform] [hivemq] [f1e54640] WARN  - No user for HiveMQ Control Center configured. Starting with default user
2025-01-29 18:42:20,934 INFO c.h.h.t.HelmChartContainer - [test-hivemq-platform] [hivemq] [f1e54640] INFO  - Starting HiveMQ Control Center on address 0.0.0.0 and port 8080
2025-01-29 18:42:20,939 INFO c.h.h.t.HelmChartContainer - [test-hivemq-platform] [hivemq] [f1e54640] INFO  - Mounting HiveMQ Control Center V2 Preview
2025-01-29 18:42:21,634 INFO c.h.h.t.HelmChartContainer - [test-hivemq-platform] [hivemq] [f1e54640] INFO  - Started HiveMQ Control Center in 701ms
2025-01-29 18:42:21,722 INFO c.h.h.t.HelmChartContainer - [test-hivemq-platform] [hivemq] [f1e54640] INFO  - Starting TCP listener on address 0.0.0.0 and port 1883
2025-01-29 18:42:21,739 INFO c.h.h.t.HelmChartContainer - [test-hivemq-platform] [hivemq] [f1e54640] INFO  - Started TCP Listener on address 0.0.0.0 and on port 1883.
2025-01-29 18:42:21,739 INFO c.h.h.t.HelmChartContainer - [test-hivemq-platform] [hivemq] [f1e54640] INFO  - Started HiveMQ in 32209ms
2025-01-29 18:42:22,441 INFO c.h.h.t.HelmChartContainer - [test-hivemq-platform] [hivemq] [f1e54640] INFO  - [HiveMQ Platform Operator Init App 1.7.0-SNAPSHOT] Returning Health API response 200 for readiness
2025-01-29 18:42:22,455 INFO c.h.h.t.HelmChartContainer - [POD] test-hivemq-platform-0 [f1e54640-60a8-411e-8f28-a3e6670f425a] in helmextensionlicensesit was MODIFIED
2025-01-29 18:42:22,469 INFO c.h.h.t.HelmChartContainer - [hivemq-test-hivemq-platform] [hivemq-platform-operator] [ec5f0208] 18:42:22.457 [pool-6-thread-2] DEBUG c.h.p.o.d.PlatformServiceResource - [helmexte] Desired Platform services (3 services)
2025-01-29 18:42:22,470 INFO c.h.h.t.HelmChartContainer - [hivemq-test-hivemq-platform] [hivemq-platform-operator] [ec5f0208] 18:42:22.464 [pool-6-thread-3] DEBUG c.h.p.o.dependants.PodInfoConfigMap - [helmexte] Desired PodInfo ConfigMap (1 extensions) (1 enabled)
2025-01-29 18:42:22,475 INFO c.h.h.t.HelmChartContainer - [hivemq-test-hivemq-platform] [hivemq-platform-operator] [ec5f0208] 18:42:22.468 [pool-6-thread-3] DEBUG c.h.p.o.dependants.PodInfoConfigMap - [helmexte] Desired PodInfo ConfigMap (metrics port: 9399) (metrics path: /)
2025-01-29 18:42:22,475 INFO c.h.h.t.HelmChartContainer - [hivemq-test-hivemq-platform] [hivemq-platform-operator] [ec5f0208] 18:42:22.468 [pool-6-thread-3] DEBUG c.h.p.o.dependants.PodInfoConfigMap - [helmexte] Desired PodInfo ConfigMap (extension state hash: 423674635)
2025-01-29 18:42:22,475 INFO c.h.h.t.HelmChartContainer - [hivemq-test-hivemq-platform] [hivemq-platform-operator] [ec5f0208] 18:42:22.469 [pool-6-thread-4] DEBUG c.h.p.o.d.PodServiceAccountResource - [helmexte] Desired PodServiceAccountResource (serviceAccountName: hivemq-platform-pod-test-hivemq-platform)
2025-01-29 18:42:22,552 INFO c.h.h.t.HelmChartContainer - [hivemq-test-hivemq-platform] [hivemq-platform-operator] [ec5f0208] 18:42:22.550 [pool-6-thread-7] DEBUG c.h.p.o.d.StatefulSetResource - [helmexte] Desired StatefulSet (1 replicas) for status STARTING (READY)
2025-01-29 18:42:22,557 INFO c.h.h.t.HelmChartContainer - [hivemq-test-hivemq-platform] [hivemq-platform-operator] [ec5f0208] 18:42:22.555 [ReconcilerExecutor-hivemq-controller-113] INFO  c.h.p.o.HiveMQPlatformReconciler - [helmexte] Reconciling HiveMQ Platform 'test-hivemq-platform' in namespace 'helmextensionlicensesit'
2025-01-29 18:42:22,557 INFO c.h.h.t.HelmChartContainer - [hivemq-test-hivemq-platform] [hivemq-platform-operator] [ec5f0208] 18:42:22.555 [ReconcilerExecutor-hivemq-controller-113] DEBUG c.h.p.o.HiveMQPlatformReconciler - [helmexte] Custom Resource Status STARTING - HiveMQ Platform is starting (READY)
2025-01-29 18:42:22,557 INFO c.h.h.t.HelmChartContainer - [hivemq-test-hivemq-platform] [hivemq-platform-operator] [ec5f0208] 18:42:22.555 [ReconcilerExecutor-hivemq-controller-113] DEBUG c.h.p.o.HiveMQPlatformReconciler - [helmexte] Custom Resource Spec (replicas: 1) (extensions: 1)
2025-01-29 18:42:22,559 INFO c.h.h.t.HelmChartContainer - [hivemq-test-hivemq-platform] [hivemq-platform-operator] [ec5f0208] 18:42:22.558 [ReconcilerExecutor-hivemq-controller-113] DEBUG c.h.p.o.HiveMQPlatformReconciler - [helmexte] StatefulSet Status (revision: test-hivemq-platform-6bcc7896c5, replicas: 1, available: 1, ready: 1, current: 1, updated: 1)
2025-01-29 18:42:22,559 INFO c.h.h.t.HelmChartContainer - [hivemq-test-hivemq-platform] [hivemq-platform-operator] [ec5f0208] 18:42:22.558 [ReconcilerExecutor-hivemq-controller-113] DEBUG c.h.p.o.HiveMQPlatformReconciler - [helmexte] StatefulSet Spec (replicas: 1, init containers: 1, containers: 1, volumes: 5)
2025-01-29 18:42:22,560 INFO c.h.h.t.HelmChartContainer - [hivemq-test-hivemq-platform] [hivemq-platform-operator] [ec5f0208] 18:42:22.559 [ReconcilerExecutor-hivemq-controller-113] DEBUG c.h.p.o.h.HiveMQPlatformReconcilerErrorHandler - [helmexte] Pod 'test-hivemq-platform-0' phase Running
2025-01-29 18:42:22,561 INFO c.h.h.t.HelmChartContainer - [hivemq-test-hivemq-platform] [hivemq-platform-operator] [ec5f0208] 18:42:22.560 [ReconcilerExecutor-hivemq-controller-113] INFO  c.h.p.o.h.HiveMQPlatformReconcilerBaseHandler - [helmexte] HiveMQ Platform started successfully
2025-01-29 18:42:22,658 INFO c.h.h.t.HelmChartContainer - [hivemq-test-hivemq-platform] [hivemq-platform-operator] [ec5f0208] 18:42:22.657 [ReconcilerExecutor-hivemq-controller-113] DEBUG c.h.p.operator.event.EventSender - [helmexte] Creating K8s event hivemq-platform-ready: [Ready] HiveMQ Platform is ready
2025-01-29 18:42:22,662 INFO c.h.h.t.HelmChartContainer - [EVENT] Normal [Ready] HiveMQ Platform is ready [helmextensionlicensesit:test-hivemq-platform]
2025-01-29 18:42:22,663 INFO c.h.h.t.HelmChartContainer - [hivemq-test-hivemq-platform] [hivemq-platform-operator] [ec5f0208] 18:42:22.662 [ReconcilerExecutor-hivemq-controller-113] INFO  c.h.p.o.h.AbstractHiveMQReconcilerStateHandler - [helmexte] Update HiveMQ Platform Status (STARTING [READY] -> RUNNING [READY]): HiveMQ Platform is ready
2025-01-29 18:42:22,670 DEBUG com.hivemq.helmcharts.util.K8sUtil - Comparing actual state 'RUNNING' and waiting for 'RUNNING'
2025-01-29 18:42:22,676 INFO c.h.h.t.HelmChartContainer - [hivemq-test-hivemq-platform] [hivemq-platform-operator] [ec5f0208] 18:42:22.674 [pool-6-thread-14] DEBUG c.h.p.o.d.PlatformServiceResource - [helmexte] Desired Platform services (3 services)
2025-01-29 18:42:22,677 INFO c.h.h.t.HelmChartContainer - [hivemq-test-hivemq-platform] [hivemq-platform-operator] [ec5f0208] 18:42:22.676 [pool-6-thread-17] DEBUG c.h.p.o.dependants.PodInfoConfigMap - [helmexte] Desired PodInfo ConfigMap (1 extensions) (1 enabled)
2025-01-29 18:42:22,677 INFO c.h.h.t.HelmChartContainer - [hivemq-test-hivemq-platform] [hivemq-platform-operator] [ec5f0208] 18:42:22.676 [pool-6-thread-17] DEBUG c.h.p.o.dependants.PodInfoConfigMap - [helmexte] Desired PodInfo ConfigMap (metrics port: 9399) (metrics path: /)
2025-01-29 18:42:22,677 INFO c.h.h.t.HelmChartContainer - [hivemq-test-hivemq-platform] [hivemq-platform-operator] [ec5f0208] 18:42:22.676 [pool-6-thread-17] DEBUG c.h.p.o.dependants.PodInfoConfigMap - [helmexte] Desired PodInfo ConfigMap (extension state hash: 423674635)
2025-01-29 18:42:22,751 INFO c.h.h.t.HelmChartContainer - [hivemq-test-hivemq-platform] [hivemq-platform-operator] [ec5f0208] 18:42:22.749 [pool-6-thread-15] DEBUG c.h.p.o.d.PodServiceAccountResource - [helmexte] Desired PodServiceAccountResource (serviceAccountName: hivemq-platform-pod-test-hivemq-platform)
2025-01-29 18:42:22,751 INFO c.h.h.t.HelmChartContainer - [hivemq-test-hivemq-platform] [hivemq-platform-operator] [ec5f0208] 18:42:22.677 [pool-6-thread-17] DEBUG c.h.p.o.dependants.PodInfoConfigMap - [helmexte] Update PodInfo ConfigMap
2025-01-29 18:42:22,761 INFO c.h.h.t.HelmChartContainer - [hivemq-test-hivemq-platform] [hivemq-platform-operator] [ec5f0208] 18:42:22.760 [pool-6-thread-17] DEBUG c.h.p.o.d.StatefulSetResource - [helmexte] Desired StatefulSet (1 replicas) for status RUNNING (READY)
2025-01-29 18:42:22,764 INFO c.h.h.t.HelmChartContainer - [hivemq-test-hivemq-platform] [hivemq-platform-operator] [ec5f0208] 18:42:22.763 [ReconcilerExecutor-hivemq-controller-114] INFO  c.h.p.o.HiveMQPlatformReconciler - [helmexte] Reconciling HiveMQ Platform 'test-hivemq-platform' in namespace 'helmextensionlicensesit'
2025-01-29 18:42:22,765 INFO c.h.h.t.HelmChartContainer - [hivemq-test-hivemq-platform] [hivemq-platform-operator] [ec5f0208] 18:42:22.763 [ReconcilerExecutor-hivemq-controller-114] DEBUG c.h.p.o.HiveMQPlatformReconciler - [helmexte] Custom Resource Status RUNNING - HiveMQ Platform is ready (READY)
2025-01-29 18:42:22,765 INFO c.h.h.t.HelmChartContainer - [hivemq-test-hivemq-platform] [hivemq-platform-operator] [ec5f0208] 18:42:22.763 [ReconcilerExecutor-hivemq-controller-114] DEBUG c.h.p.o.HiveMQPlatformReconciler - [helmexte] Custom Resource Spec (replicas: 1) (extensions: 1)
2025-01-29 18:42:22,852 INFO c.h.h.t.HelmChartContainer - [hivemq-test-hivemq-platform] [hivemq-platform-operator] [ec5f0208] 18:42:22.850 [ReconcilerExecutor-hivemq-controller-114] DEBUG c.h.p.o.HiveMQPlatformReconciler - [helmexte] StatefulSet Status (revision: test-hivemq-platform-6bcc7896c5, replicas: 1, available: 1, ready: 1, current: 1, updated: 1)
2025-01-29 18:42:22,852 INFO c.h.h.t.HelmChartContainer - [hivemq-test-hivemq-platform] [hivemq-platform-operator] [ec5f0208] 18:42:22.850 [ReconcilerExecutor-hivemq-controller-114] DEBUG c.h.p.o.HiveMQPlatformReconciler - [helmexte] StatefulSet Spec (replicas: 1, init containers: 1, containers: 1, volumes: 5)
2025-01-29 18:42:22,853 INFO c.h.h.t.HelmChartContainer - [hivemq-test-hivemq-platform] [hivemq-platform-operator] [ec5f0208] 18:42:22.852 [ReconcilerExecutor-hivemq-controller-114] DEBUG c.h.p.o.h.HiveMQPlatformReconcilerErrorHandler - [helmexte] Pod 'test-hivemq-platform-0' phase Running
2025-01-29 18:42:24,612 INFO c.h.h.t.HelmChartContainer - [K3S] [INFO] COMPACT compactRev=0 targetCompactRev=2 currentRev=1129
2025-01-29 18:42:24,613 INFO c.h.h.t.HelmChartContainer - [K3S] [INFO] COMPACT deleted 0 rows from 2 revisions in 583.087µs - compacted to 2/1129
2025-01-29 18:42:24,613 INFO c.h.h.t.HelmChartContainer - [K3S] [INFO] COMPACT compacted from 0 to 2 in 1 transactions over 1ms
2025-01-29 18:42:28,226 INFO c.h.h.t.HelmChartContainer - [K3S] [info.go:53] Couldn't collect info from any of the files in "/etc/machine-id,/var/lib/dbus/machine-id"
2025-01-29 18:42:28,688 INFO c.h.h.t.HelmChartContainer - Uninstalling release 'test-hivemq-platform' in namespace 'helmextensionlicensesit'...
2025-01-29 18:42:28,688 DEBUG c.h.h.t.HelmChartContainer - Executing helm command: /bin/helm --kubeconfig /etc/rancher/k3s/k3s.yaml uninstall test-hivemq-platform  --wait --timeout 5m0s --cascade foreground --namespace helmextensionlicensesit
2025-01-29 18:42:28,875 INFO c.h.h.t.HelmChartContainer - [hivemq-test-hivemq-platform] [hivemq-platform-operator] [ec5f0208] 18:42:28.873 [pool-6-thread-21] DEBUG c.h.p.o.d.PlatformServiceResource - [helmexte] Desired Platform services (3 services)
2025-01-29 18:42:28,881 INFO c.h.h.t.HelmChartContainer - [hivemq-test-hivemq-platform] [hivemq-platform-operator] [ec5f0208] 18:42:28.878 [pool-6-thread-28] DEBUG c.h.p.o.dependants.PodInfoConfigMap - [helmexte] Desired PodInfo ConfigMap (1 extensions) (1 enabled)
2025-01-29 18:42:28,881 INFO c.h.h.t.HelmChartContainer - [hivemq-test-hivemq-platform] [hivemq-platform-operator] [ec5f0208] 18:42:28.878 [pool-6-thread-28] DEBUG c.h.p.o.dependants.PodInfoConfigMap - [helmexte] Desired PodInfo ConfigMap (metrics port: 9399) (metrics path: /)
2025-01-29 18:42:28,881 INFO c.h.h.t.HelmChartContainer - [hivemq-test-hivemq-platform] [hivemq-platform-operator] [ec5f0208] 18:42:28.878 [pool-6-thread-28] DEBUG c.h.p.o.dependants.PodInfoConfigMap - [helmexte] Desired PodInfo ConfigMap (extension state hash: 423674635)
2025-01-29 18:42:28,881 INFO c.h.h.t.HelmChartContainer - [hivemq-test-hivemq-platform] [hivemq-platform-operator] [ec5f0208] 18:42:28.878 [pool-6-thread-25] DEBUG c.h.p.o.d.PodServiceAccountResource - [helmexte] Desired PodServiceAccountResource (serviceAccountName: hivemq-platform-pod-test-hivemq-platform)
2025-01-29 18:42:28,958 INFO c.h.h.t.HelmChartContainer - [hivemq-test-hivemq-platform] [hivemq-platform-operator] [ec5f0208] 18:42:28.952 [pool-6-thread-21] DEBUG c.h.p.o.d.StatefulSetResource - [helmexte] Desired StatefulSet (1 replicas) for status RUNNING (READY)
2025-01-29 18:42:28,958 INFO c.h.h.t.HelmChartContainer - [hivemq-test-hivemq-platform] [hivemq-platform-operator] [ec5f0208] 18:42:28.958 [ReconcilerExecutor-hivemq-controller-115] INFO  c.h.p.o.HiveMQPlatformReconciler - [helmexte] Reconciling HiveMQ Platform 'test-hivemq-platform' in namespace 'helmextensionlicensesit'
2025-01-29 18:42:28,959 INFO c.h.h.t.HelmChartContainer - [hivemq-test-hivemq-platform] [hivemq-platform-operator] [ec5f0208] 18:42:28.958 [ReconcilerExecutor-hivemq-controller-115] DEBUG c.h.p.o.HiveMQPlatformReconciler - [helmexte] Custom Resource Status RUNNING - HiveMQ Platform is ready (READY)
2025-01-29 18:42:28,959 INFO c.h.h.t.HelmChartContainer - [hivemq-test-hivemq-platform] [hivemq-platform-operator] [ec5f0208] 18:42:28.959 [ReconcilerExecutor-hivemq-controller-115] DEBUG c.h.p.o.HiveMQPlatformReconciler - [helmexte] Custom Resource Spec (replicas: 1) (extensions: 1)
2025-01-29 18:42:28,960 INFO c.h.h.t.HelmChartContainer - [hivemq-test-hivemq-platform] [hivemq-platform-operator] [ec5f0208] 18:42:28.959 [ReconcilerExecutor-hivemq-controller-115] WARN  c.h.p.o.h.HiveMQPlatformReconcilerErrorHandler - [helmexte] Could not find ConfigMap 'hivemq-configuration-test-hivemq-platform' for HiveMQ Platform configuration
2025-01-29 18:42:29,065 INFO c.h.h.t.HelmChartContainer - [hivemq-test-hivemq-platform] [hivemq-platform-operator] [ec5f0208] 18:42:29.064 [ReconcilerExecutor-hivemq-controller-115] DEBUG c.h.p.operator.event.EventSender - [helmexte] Creating K8s event hivemq-platform-invalid-configuration: [Start] Could not find ConfigMap 'hivemq-configuration-test-hivemq-platform' for HiveMQ Platform configuration
2025-01-29 18:42:29,153 INFO c.h.h.t.HelmChartContainer - [EVENT] Warning [Start] Could not find ConfigMap 'hivemq-configuration-test-hivemq-platform' for HiveMQ Platform configuration [helmextensionlicensesit:test-hivemq-platform]
2025-01-29 18:42:29,154 INFO c.h.h.t.HelmChartContainer - [hivemq-test-hivemq-platform] [hivemq-platform-operator] [ec5f0208] 18:42:29.153 [ReconcilerExecutor-hivemq-controller-115] INFO  c.h.p.o.h.AbstractHiveMQReconcilerStateHandler - [helmexte] Update HiveMQ Platform Status (RUNNING [READY] -> ERROR [INVALID_CONFIG_MAP]): Could not find ConfigMap 'hivemq-configuration-test-hivemq-platform' for HiveMQ Platform configuration
2025-01-29 18:42:29,165 INFO c.h.h.t.HelmChartContainer - [hivemq-test-hivemq-platform] [hivemq-platform-operator] [ec5f0208] 18:42:29.161 [ReconcilerExecutor-hivemq-controller-115] ERROR i.j.o.p.event.EventProcessor - Error during event processing ExecutionScope{ resource id: ResourceID{name='test-hivemq-platform', namespace='helmextensionlicensesit'}, version: 1126}
2025-01-29 18:42:29,165 INFO c.h.h.t.HelmChartContainer - [hivemq-test-hivemq-platform] [hivemq-platform-operator] [ec5f0208] io.fabric8.kubernetes.client.KubernetesClientException: Failure executing: PUT at: https://10.43.0.1:443/apis/hivemq.com/v1/namespaces/helmextensionlicensesit/hivemq-platforms/test-hivemq-platform/status. Message: Operation cannot be fulfilled on hivemq-platforms.hivemq.com "test-hivemq-platform": the object has been modified; please apply your changes to the latest version and try again. Received status: Status(apiVersion=v1, code=409, details=StatusDetails(causes=[], group=hivemq.com, kind=hivemq-platforms, name=test-hivemq-platform, retryAfterSeconds=null, uid=null, additionalProperties={}), kind=Status, message=Operation cannot be fulfilled on hivemq-platforms.hivemq.com "test-hivemq-platform": the object has been modified; please apply your changes to the latest version and try again, metadata=ListMeta(_continue=null, remainingItemCount=null, resourceVersion=null, selfLink=null, additionalProperties={}), reason=Conflict, status=Failure, additionalProperties={}).
2025-01-29 18:42:29,165 INFO c.h.h.t.HelmChartContainer - [hivemq-test-hivemq-platform] [hivemq-platform-operator] [ec5f0208] 	at io.fabric8.kubernetes.client.KubernetesClientException.copyAsCause(KubernetesClientException.java:238)
2025-01-29 18:42:29,165 INFO c.h.h.t.HelmChartContainer - [hivemq-test-hivemq-platform] [hivemq-platform-operator] [ec5f0208] 	at io.fabric8.kubernetes.client.dsl.internal.OperationSupport.waitForResult(OperationSupport.java:507)
2025-01-29 18:42:29,165 INFO c.h.h.t.HelmChartContainer - [hivemq-test-hivemq-platform] [hivemq-platform-operator] [ec5f0208] 	at io.fabric8.kubernetes.client.dsl.internal.OperationSupport.handleResponse(OperationSupport.java:524)
2025-01-29 18:42:29,165 INFO c.h.h.t.HelmChartContainer - [hivemq-test-hivemq-platform] [hivemq-platform-operator] [ec5f0208] 	at io.fabric8.kubernetes.client.dsl.internal.OperationSupport.handleUpdate(OperationSupport.java:358)
2025-01-29 18:42:29,166 INFO c.h.h.t.HelmChartContainer - [hivemq-test-hivemq-platform] [hivemq-platform-operator] [ec5f0208] 	at io.fabric8.kubernetes.client.dsl.internal.BaseOperation.handleUpdate(BaseOperation.java:759)
2025-01-29 18:42:29,166 INFO c.h.h.t.HelmChartContainer - [hivemq-test-hivemq-platform] [hivemq-platform-operator] [ec5f0208] 	at io.fabric8.kubernetes.client.dsl.internal.HasMetadataOperation.update(HasMetadataOperation.java:138)
2025-01-29 18:42:29,166 INFO c.h.h.t.HelmChartContainer - [hivemq-test-hivemq-platform] [hivemq-platform-operator] [ec5f0208] 	at io.fabric8.kubernetes.client.dsl.internal.HasMetadataOperation.update(HasMetadataOperation.java:121)
2025-01-29 18:42:29,166 INFO c.h.h.t.HelmChartContainer - [hivemq-test-hivemq-platform] [hivemq-platform-operator] [ec5f0208] 	at io.fabric8.kubernetes.client.dsl.internal.HasMetadataOperation.updateStatus(HasMetadataOperation.java:126)
2025-01-29 18:42:29,166 INFO c.h.h.t.HelmChartContainer - [hivemq-test-hivemq-platform] [hivemq-platform-operator] [ec5f0208] 	at io.fabric8.kubernetes.client.dsl.internal.HasMetadataOperation.updateStatus(HasMetadataOperation.java:44)
2025-01-29 18:42:29,166 INFO c.h.h.t.HelmChartContainer - [hivemq-test-hivemq-platform] [hivemq-platform-operator] [ec5f0208] 	at io.javaoperatorsdk.operator.processing.event.ReconciliationDispatcher$CustomResourceFacade.updateStatus(ReconciliationDispatcher.java:408)
2025-01-29 18:42:29,166 INFO c.h.h.t.HelmChartContainer - [hivemq-test-hivemq-platform] [hivemq-platform-operator] [ec5f0208] 	at io.javaoperatorsdk.operator.processing.event.ReconciliationDispatcher.updateStatusGenerationAware(ReconciliationDispatcher.java:228)
2025-01-29 18:42:29,166 INFO c.h.h.t.HelmChartContainer - [hivemq-test-hivemq-platform] [hivemq-platform-operator] [ec5f0208] 	at io.javaoperatorsdk.operator.processing.event.ReconciliationDispatcher.reconcileExecution(ReconciliationDispatcher.java:150)
2025-01-29 18:42:29,166 INFO c.h.h.t.HelmChartContainer - [hivemq-test-hivemq-platform] [hivemq-platform-operator] [ec5f0208] 	at io.javaoperatorsdk.operator.processing.event.ReconciliationDispatcher.handleReconcile(ReconciliationDispatcher.java:117)
2025-01-29 18:42:29,166 INFO c.h.h.t.HelmChartContainer - [hivemq-test-hivemq-platform] [hivemq-platform-operator] [ec5f0208] 	at io.javaoperatorsdk.operator.processing.event.ReconciliationDispatcher.handleDispatch(ReconciliationDispatcher.java:91)
2025-01-29 18:42:29,166 INFO c.h.h.t.HelmChartContainer - [hivemq-test-hivemq-platform] [hivemq-platform-operator] [ec5f0208] 	at io.javaoperatorsdk.operator.processing.event.ReconciliationDispatcher.handleExecution(ReconciliationDispatcher.java:64)
2025-01-29 18:42:29,166 INFO c.h.h.t.HelmChartContainer - [hivemq-test-hivemq-platform] [hivemq-platform-operator] [ec5f0208] 	at io.javaoperatorsdk.operator.processing.event.EventProcessor$ReconcilerExecutor.run(EventProcessor.java:452)
2025-01-29 18:42:29,166 INFO c.h.h.t.HelmChartContainer - [hivemq-test-hivemq-platform] [hivemq-platform-operator] [ec5f0208] 	at java.base/java.util.concurrent.ThreadPoolExecutor.runWorker(Unknown Source)
2025-01-29 18:42:29,166 INFO c.h.h.t.HelmChartContainer - [hivemq-test-hivemq-platform] [hivemq-platform-operator] [ec5f0208] 	at java.base/java.util.concurrent.ThreadPoolExecutor$Worker.run(Unknown Source)
2025-01-29 18:42:29,166 INFO c.h.h.t.HelmChartContainer - [hivemq-test-hivemq-platform] [hivemq-platform-operator] [ec5f0208] 	at java.base/java.lang.Thread.run(Unknown Source)
2025-01-29 18:42:29,166 INFO c.h.h.t.HelmChartContainer - [hivemq-test-hivemq-platform] [hivemq-platform-operator] [ec5f0208] Caused by: io.fabric8.kubernetes.client.KubernetesClientException: Failure executing: PUT at: https://10.43.0.1:443/apis/hivemq.com/v1/namespaces/helmextensionlicensesit/hivemq-platforms/test-hivemq-platform/status. Message: Operation cannot be fulfilled on hivemq-platforms.hivemq.com "test-hivemq-platform": the object has been modified; please apply your changes to the latest version and try again. Received status: Status(apiVersion=v1, code=409, details=StatusDetails(causes=[], group=hivemq.com, kind=hivemq-platforms, name=test-hivemq-platform, retryAfterSeconds=null, uid=null, additionalProperties={}), kind=Status, message=Operation cannot be fulfilled on hivemq-platforms.hivemq.com "test-hivemq-platform": the object has been modified; please apply your changes to the latest version and try again, metadata=ListMeta(_continue=null, remainingItemCount=null, resourceVersion=null, selfLink=null, additionalProperties={}), reason=Conflict, status=Failure, additionalProperties={}).
2025-01-29 18:42:29,166 INFO c.h.h.t.HelmChartContainer - [hivemq-test-hivemq-platform] [hivemq-platform-operator] [ec5f0208] 	at io.fabric8.kubernetes.client.dsl.internal.OperationSupport.requestFailure(OperationSupport.java:660)
2025-01-29 18:42:29,166 INFO c.h.h.t.HelmChartContainer - [hivemq-test-hivemq-platform] [hivemq-platform-operator] [ec5f0208] 	at io.fabric8.kubernetes.client.dsl.internal.OperationSupport.requestFailure(OperationSupport.java:640)
2025-01-29 18:42:29,166 INFO c.h.h.t.HelmChartContainer - [hivemq-test-hivemq-platform] [hivemq-platform-operator] [ec5f0208] 	at io.fabric8.kubernetes.client.dsl.internal.OperationSupport.assertResponseCode(OperationSupport.java:589)
2025-01-29 18:42:29,166 INFO c.h.h.t.HelmChartContainer - [hivemq-test-hivemq-platform] [hivemq-platform-operator] [ec5f0208] 	at io.fabric8.kubernetes.client.dsl.internal.OperationSupport.lambda$handleResponse$0(OperationSupport.java:549)
2025-01-29 18:42:29,166 INFO c.h.h.t.HelmChartContainer - [hivemq-test-hivemq-platform] [hivemq-platform-operator] [ec5f0208] 	at java.base/java.util.concurrent.CompletableFuture$UniApply.tryFire(Unknown Source)
2025-01-29 18:42:29,166 INFO c.h.h.t.HelmChartContainer - [hivemq-test-hivemq-platform] [hivemq-platform-operator] [ec5f0208] 	at java.base/java.util.concurrent.CompletableFuture.postComplete(Unknown Source)
2025-01-29 18:42:29,166 INFO c.h.h.t.HelmChartContainer - [hivemq-test-hivemq-platform] [hivemq-platform-operator] [ec5f0208] 	at java.base/java.util.concurrent.CompletableFuture.complete(Unknown Source)
2025-01-29 18:42:29,166 INFO c.h.h.t.HelmChartContainer - [hivemq-test-hivemq-platform] [hivemq-platform-operator] [ec5f0208] 	at io.fabric8.kubernetes.client.http.StandardHttpClient.lambda$completeOrCancel$10(StandardHttpClient.java:141)
2025-01-29 18:42:29,166 INFO c.h.h.t.HelmChartContainer - [hivemq-test-hivemq-platform] [hivemq-platform-operator] [ec5f0208] 	at java.base/java.util.concurrent.CompletableFuture.uniWhenComplete(Unknown Source)
2025-01-29 18:42:29,166 INFO c.h.h.t.HelmChartContainer - [hivemq-test-hivemq-platform] [hivemq-platform-operator] [ec5f0208] 	at java.base/java.util.concurrent.CompletableFuture$UniWhenComplete.tryFire(Unknown Source)
2025-01-29 18:42:29,166 INFO c.h.h.t.HelmChartContainer - [hivemq-test-hivemq-platform] [hivemq-platform-operator] [ec5f0208] 	at java.base/java.util.concurrent.CompletableFuture.postComplete(Unknown Source)
2025-01-29 18:42:29,166 INFO c.h.h.t.HelmChartContainer - [hivemq-test-hivemq-platform] [hivemq-platform-operator] [ec5f0208] 	at java.base/java.util.concurrent.CompletableFuture.complete(Unknown Source)
2025-01-29 18:42:29,166 INFO c.h.h.t.HelmChartContainer - [hivemq-test-hivemq-platform] [hivemq-platform-operator] [ec5f0208] 	at io.fabric8.kubernetes.client.http.ByteArrayBodyHandler.onBodyDone(ByteArrayBodyHandler.java:51)
2025-01-29 18:42:29,166 INFO c.h.h.t.HelmChartContainer - [hivemq-test-hivemq-platform] [hivemq-platform-operator] [ec5f0208] 	at java.base/java.util.concurrent.CompletableFuture.uniWhenComplete(Unknown Source)
2025-01-29 18:42:29,166 INFO c.h.h.t.HelmChartContainer - [hivemq-test-hivemq-platform] [hivemq-platform-operator] [ec5f0208] 	at java.base/java.util.concurrent.CompletableFuture$UniWhenComplete.tryFire(Unknown Source)
2025-01-29 18:42:29,166 INFO c.h.h.t.HelmChartContainer - [hivemq-test-hivemq-platform] [hivemq-platform-operator] [ec5f0208] 	at java.base/java.util.concurrent.CompletableFuture.postComplete(Unknown Source)
2025-01-29 18:42:29,166 INFO c.h.h.t.HelmChartContainer - [hivemq-test-hivemq-platform] [hivemq-platform-operator] [ec5f0208] 	at java.base/java.util.concurrent.CompletableFuture.complete(Unknown Source)
2025-01-29 18:42:29,166 INFO c.h.h.t.HelmChartContainer - [hivemq-test-hivemq-platform] [hivemq-platform-operator] [ec5f0208] 	at io.fabric8.kubernetes.client.vertx.VertxHttpRequest.lambda$null$1(VertxHttpRequest.java:121)
2025-01-29 18:42:29,166 INFO c.h.h.t.HelmChartContainer - [hivemq-test-hivemq-platform] [hivemq-platform-operator] [ec5f0208] 	at io.vertx.core.impl.ContextInternal.dispatch(ContextInternal.java:279)
2025-01-29 18:42:29,166 INFO c.h.h.t.HelmChartContainer - [hivemq-test-hivemq-platform] [hivemq-platform-operator] [ec5f0208] 	at io.vertx.core.impl.ContextInternal.dispatch(ContextInternal.java:261)
2025-01-29 18:42:29,166 INFO c.h.h.t.HelmChartContainer - [hivemq-test-hivemq-platform] [hivemq-platform-operator] [ec5f0208] 	at io.vertx.core.http.impl.HttpEventHandler.handleEnd(HttpEventHandler.java:76)
2025-01-29 18:42:29,166 INFO c.h.h.t.HelmChartContainer - [hivemq-test-hivemq-platform] [hivemq-platform-operator] [ec5f0208] 	at io.vertx.core.http.impl.HttpClientResponseImpl.handleEnd(HttpClientResponseImpl.java:250)
2025-01-29 18:42:29,166 INFO c.h.h.t.HelmChartContainer - [hivemq-test-hivemq-platform] [hivemq-platform-operator] [ec5f0208] 	at io.vertx.core.http.impl.Http1xClientConnection$StreamImpl.lambda$new$0(Http1xClientConnection.java:421)
2025-01-29 18:42:29,166 INFO c.h.h.t.HelmChartContainer - [hivemq-test-hivemq-platform] [hivemq-platform-operator] [ec5f0208] 	at io.vertx.core.streams.impl.InboundBuffer.handleEvent(InboundBuffer.java:279)
2025-01-29 18:42:29,166 INFO c.h.h.t.HelmChartContainer - [hivemq-test-hivemq-platform] [hivemq-platform-operator] [ec5f0208] 	at io.vertx.core.streams.impl.InboundBuffer.write(InboundBuffer.java:157)
2025-01-29 18:42:29,166 INFO c.h.h.t.HelmChartContainer - [hivemq-test-hivemq-platform] [hivemq-platform-operator] [ec5f0208] 	at io.vertx.core.http.impl.Http1xClientConnection$StreamImpl.handleEnd(Http1xClientConnection.java:709)
2025-01-29 18:42:29,166 INFO c.h.h.t.HelmChartContainer - [hivemq-test-hivemq-platform] [hivemq-platform-operator] [ec5f0208] 	at io.vertx.core.impl.ContextImpl.execute(ContextImpl.java:313)
2025-01-29 18:42:29,166 INFO c.h.h.t.HelmChartContainer - [hivemq-test-hivemq-platform] [hivemq-platform-operator] [ec5f0208] 	at io.vertx.core.impl.ContextImpl.execute(ContextImpl.java:293)
2025-01-29 18:42:29,166 INFO c.h.h.t.HelmChartContainer - [hivemq-test-hivemq-platform] [hivemq-platform-operator] [ec5f0208] 	at io.vertx.core.http.impl.Http1xClientConnection.handleResponseEnd(Http1xClientConnection.java:940)
2025-01-29 18:42:29,166 INFO c.h.h.t.HelmChartContainer - [hivemq-test-hivemq-platform] [hivemq-platform-operator] [ec5f0208] 	at io.vertx.core.http.impl.Http1xClientConnection.handleHttpMessage(Http1xClientConnection.java:810)
2025-01-29 18:42:29,166 INFO c.h.h.t.HelmChartContainer - [hivemq-test-hivemq-platform] [hivemq-platform-operator] [ec5f0208] 	at io.vertx.core.http.impl.Http1xClientConnection.handleMessage(Http1xClientConnection.java:774)
2025-01-29 18:42:29,166 INFO c.h.h.t.HelmChartContainer - [hivemq-test-hivemq-platform] [hivemq-platform-operator] [ec5f0208] 	at io.vertx.core.net.impl.ConnectionBase.read(ConnectionBase.java:159)
2025-01-29 18:42:29,166 INFO c.h.h.t.HelmChartContainer - [hivemq-test-hivemq-platform] [hivemq-platform-operator] [ec5f0208] 	at io.vertx.core.net.impl.VertxHandler.channelRead(VertxHandler.java:153)
2025-01-29 18:42:29,166 INFO c.h.h.t.HelmChartContainer - [hivemq-test-hivemq-platform] [hivemq-platform-operator] [ec5f0208] 	at io.netty.channel.AbstractChannelHandlerContext.invokeChannelRead(AbstractChannelHandlerContext.java:442)
2025-01-29 18:42:29,166 INFO c.h.h.t.HelmChartContainer - [hivemq-test-hivemq-platform] [hivemq-platform-operator] [ec5f0208] 	at io.netty.channel.AbstractChannelHandlerContext.invokeChannelRead(AbstractChannelHandlerContext.java:420)
2025-01-29 18:42:29,166 INFO c.h.h.t.HelmChartContainer - [hivemq-test-hivemq-platform] [hivemq-platform-operator] [ec5f0208] 	at io.netty.channel.AbstractChannelHandlerContext.fireChannelRead(AbstractChannelHandlerContext.java:412)
2025-01-29 18:42:29,166 INFO c.h.h.t.HelmChartContainer - [hivemq-test-hivemq-platform] [hivemq-platform-operator] [ec5f0208] 	at io.netty.channel.CombinedChannelDuplexHandler$DelegatingChannelHandlerContext.fireChannelRead(CombinedChannelDuplexHandler.java:436)
2025-01-29 18:42:29,166 INFO c.h.h.t.HelmChartContainer - [hivemq-test-hivemq-platform] [hivemq-platform-operator] [ec5f0208] 	at io.netty.handler.codec.ByteToMessageDecoder.fireChannelRead(ByteToMessageDecoder.java:346)
2025-01-29 18:42:29,166 INFO c.h.h.t.HelmChartContainer - [hivemq-test-hivemq-platform] [hivemq-platform-operator] [ec5f0208] 	at io.netty.handler.codec.ByteToMessageDecoder.channelRead(ByteToMessageDecoder.java:318)
2025-01-29 18:42:29,166 INFO c.h.h.t.HelmChartContainer - [hivemq-test-hivemq-platform] [hivemq-platform-operator] [ec5f0208] 	at io.netty.channel.CombinedChannelDuplexHandler.channelRead(CombinedChannelDuplexHandler.java:251)
2025-01-29 18:42:29,166 INFO c.h.h.t.HelmChartContainer - [hivemq-test-hivemq-platform] [hivemq-platform-operator] [ec5f0208] 	at io.netty.channel.AbstractChannelHandlerContext.invokeChannelRead(AbstractChannelHandlerContext.java:442)
2025-01-29 18:42:29,166 INFO c.h.h.t.HelmChartContainer - [hivemq-test-hivemq-platform] [hivemq-platform-operator] [ec5f0208] 	at io.netty.channel.AbstractChannelHandlerContext.invokeChannelRead(AbstractChannelHandlerContext.java:420)
2025-01-29 18:42:29,168 INFO c.h.h.t.HelmChartContainer - [hivemq-test-hivemq-platform] [hivemq-platform-operator] [ec5f0208] 	at io.netty.channel.AbstractChannelHandlerContext.fireChannelRead(AbstractChannelHandlerContext.java:412)
2025-01-29 18:42:29,168 INFO c.h.h.t.HelmChartContainer - [hivemq-test-hivemq-platform] [hivemq-platform-operator] [ec5f0208] 	at io.netty.handler.ssl.SslHandler.unwrap(SslHandler.java:1475)
2025-01-29 18:42:29,168 INFO c.h.h.t.HelmChartContainer - [hivemq-test-hivemq-platform] [hivemq-platform-operator] [ec5f0208] 	at io.netty.handler.ssl.SslHandler.decodeJdkCompatible(SslHandler.java:1338)
2025-01-29 18:42:29,168 INFO c.h.h.t.HelmChartContainer - [hivemq-test-hivemq-platform] [hivemq-platform-operator] [ec5f0208] 	at io.netty.handler.ssl.SslHandler.decode(SslHandler.java:1387)
2025-01-29 18:42:29,168 INFO c.h.h.t.HelmChartContainer - [hivemq-test-hivemq-platform] [hivemq-platform-operator] [ec5f0208] 	at io.netty.handler.codec.ByteToMessageDecoder.decodeRemovalReentryProtection(ByteToMessageDecoder.java:530)
2025-01-29 18:42:29,168 INFO c.h.h.t.HelmChartContainer - [hivemq-test-hivemq-platform] [hivemq-platform-operator] [ec5f0208] 	at io.netty.handler.codec.ByteToMessageDecoder.callDecode(ByteToMessageDecoder.java:469)
2025-01-29 18:42:29,168 INFO c.h.h.t.HelmChartContainer - [hivemq-test-hivemq-platform] [hivemq-platform-operator] [ec5f0208] 	at io.netty.handler.codec.ByteToMessageDecoder.channelRead(ByteToMessageDecoder.java:290)
2025-01-29 18:42:29,168 INFO c.h.h.t.HelmChartContainer - [hivemq-test-hivemq-platform] [hivemq-platform-operator] [ec5f0208] 	at io.netty.channel.AbstractChannelHandlerContext.invokeChannelRead(AbstractChannelHandlerContext.java:444)
2025-01-29 18:42:29,168 INFO c.h.h.t.HelmChartContainer - [hivemq-test-hivemq-platform] [hivemq-platform-operator] [ec5f0208] 	at io.netty.channel.AbstractChannelHandlerContext.invokeChannelRead(AbstractChannelHandlerContext.java:420)
2025-01-29 18:42:29,168 INFO c.h.h.t.HelmChartContainer - [hivemq-test-hivemq-platform] [hivemq-platform-operator] [ec5f0208] 	at io.netty.channel.AbstractChannelHandlerContext.fireChannelRead(AbstractChannelHandlerContext.java:412)
2025-01-29 18:42:29,168 INFO c.h.h.t.HelmChartContainer - [hivemq-test-hivemq-platform] [hivemq-platform-operator] [ec5f0208] 	at io.netty.channel.DefaultChannelPipeline$HeadContext.channelRead(DefaultChannelPipeline.java:1407)
2025-01-29 18:42:29,168 INFO c.h.h.t.HelmChartContainer - [hivemq-test-hivemq-platform] [hivemq-platform-operator] [ec5f0208] 	at io.netty.channel.AbstractChannelHandlerContext.invokeChannelRead(AbstractChannelHandlerContext.java:440)
2025-01-29 18:42:29,168 INFO c.h.h.t.HelmChartContainer - [hivemq-test-hivemq-platform] [hivemq-platform-operator] [ec5f0208] 	at io.netty.channel.AbstractChannelHandlerContext.invokeChannelRead(AbstractChannelHandlerContext.java:420)
2025-01-29 18:42:29,168 INFO c.h.h.t.HelmChartContainer - [hivemq-test-hivemq-platform] [hivemq-platform-operator] [ec5f0208] 	at io.netty.channel.DefaultChannelPipeline.fireChannelRead(DefaultChannelPipeline.java:918)
2025-01-29 18:42:29,168 INFO c.h.h.t.HelmChartContainer - [hivemq-test-hivemq-platform] [hivemq-platform-operator] [ec5f0208] 	at io.netty.channel.nio.AbstractNioByteChannel$NioByteUnsafe.read(AbstractNioByteChannel.java:166)
2025-01-29 18:42:29,168 INFO c.h.h.t.HelmChartContainer - [hivemq-test-hivemq-platform] [hivemq-platform-operator] [ec5f0208] 	at io.netty.channel.nio.NioEventLoop.processSelectedKey(NioEventLoop.java:788)
2025-01-29 18:42:29,168 INFO c.h.h.t.HelmChartContainer - [hivemq-test-hivemq-platform] [hivemq-platform-operator] [ec5f0208] 	at io.netty.channel.nio.NioEventLoop.processSelectedKeysOptimized(NioEventLoop.java:724)
2025-01-29 18:42:29,168 INFO c.h.h.t.HelmChartContainer - [hivemq-test-hivemq-platform] [hivemq-platform-operator] [ec5f0208] 	at io.netty.channel.nio.NioEventLoop.processSelectedKeys(NioEventLoop.java:650)
2025-01-29 18:42:29,168 INFO c.h.h.t.HelmChartContainer - [hivemq-test-hivemq-platform] [hivemq-platform-operator] [ec5f0208] 	at io.netty.channel.nio.NioEventLoop.run(NioEventLoop.java:562)
2025-01-29 18:42:29,168 INFO c.h.h.t.HelmChartContainer - [hivemq-test-hivemq-platform] [hivemq-platform-operator] [ec5f0208] 	at io.netty.util.concurrent.SingleThreadEventExecutor$4.run(SingleThreadEventExecutor.java:997)
2025-01-29 18:42:29,168 INFO c.h.h.t.HelmChartContainer - [hivemq-test-hivemq-platform] [hivemq-platform-operator] [ec5f0208] 	at io.netty.util.internal.ThreadExecutorMap$2.run(ThreadExecutorMap.java:74)
2025-01-29 18:42:29,168 INFO c.h.h.t.HelmChartContainer - [hivemq-test-hivemq-platform] [hivemq-platform-operator] [ec5f0208] 	at io.netty.util.concurrent.FastThreadLocalRunnable.run(FastThreadLocalRunnable.java:30)
2025-01-29 18:42:29,168 INFO c.h.h.t.HelmChartContainer - [hivemq-test-hivemq-platform] [hivemq-platform-operator] [ec5f0208] 	... 1 common frames omitted
2025-01-29 18:42:29,168 INFO c.h.h.t.HelmChartContainer - [hivemq-test-hivemq-platform] [hivemq-platform-operator] [ec5f0208] 18:42:29.167 [ReconcilerExecutor-hivemq-controller-118] INFO  c.h.p.o.HiveMQPlatformReconciler - [helmexte] Cleanup test-hivemq-platform - helmextensionlicensesit HiveMQ Platform is shut down
2025-01-29 18:42:29,783 INFO c.h.h.t.HelmChartContainer - [POD] test-hivemq-platform-0 [f1e54640-60a8-411e-8f28-a3e6670f425a] in helmextensionlicensesit was MODIFIED
2025-01-29 18:42:29,783 INFO c.h.h.t.HelmChartContainer - [EVENT] Normal [Killing] Stopping container hivemq [helmextensionlicensesit:test-hivemq-platform-0]
2025-01-29 18:42:29,784 INFO c.h.h.t.HelmChartContainer - Received Killing event for container hivemq in pod test-hivemq-platform-0 [f1e54640-60a8-411e-8f28-a3e6670f425a]
2025-01-29 18:42:29,784 INFO c.h.h.t.HelmChartContainer - Container [test-hivemq-platform-0] [hivemq] [f1e54640-60a8-411e-8f28-a3e6670f425a] was terminated
2025-01-29 18:42:29,784 INFO c.h.h.t.HelmChartContainer - Stopped log watcher for hivemq in pod test-hivemq-platform-0 [f1e54640-60a8-411e-8f28-a3e6670f425a]
2025-01-29 18:42:29,794 INFO c.h.h.t.HelmChartContainer - [test-hivemq-platform] [hivemq] [f1e54640] INFO  - [HiveMQ Platform Operator Init App 1.7.0-SNAPSHOT] Shutting down
2025-01-29 18:42:29,794 INFO c.h.h.t.HelmChartContainer - [test-hivemq-platform] [hivemq] [f1e54640] INFO  - [HiveMQ Platform Operator Init App 1.7.0-SNAPSHOT] Stopping the HiveMQ Platform
2025-01-29 18:42:29,909 INFO c.h.h.t.HelmChartContainer - [test-hivemq-platform] [hivemq] [f1e54640] INFO  - Shutting down HiveMQ. Please wait, this could take a while...
2025-01-29 18:42:29,921 INFO c.h.h.t.HelmChartContainer - [test-hivemq-platform] [hivemq] [f1e54640] INFO  - Shutting down listeners and clients
2025-01-29 18:42:29,922 INFO c.h.h.t.HelmChartContainer - [test-hivemq-platform] [hivemq] [f1e54640] INFO  - Shutdown of listeners is done
2025-01-29 18:42:29,922 INFO c.h.h.t.HelmChartContainer - [test-hivemq-platform] [hivemq] [f1e54640] INFO  - No clients are connected, proceeding with shutdown
2025-01-29 18:42:30,941 INFO c.h.h.t.HelmChartContainer - Deleting namespace 'helmextensionlicensesit'...
2025-01-29 18:42:32,438 INFO c.h.h.t.HelmChartContainer - [test-hivemq-platform] [hivemq] [f1e54640] INFO  - [HiveMQ Platform Operator Init App 1.7.0-SNAPSHOT] Returning shutdown Health API response 503 for readiness
2025-01-29 18:42:32,442 INFO c.h.h.t.HelmChartContainer - [EVENT] Warning [Unhealthy] Readiness probe failed: HTTP probe failed with statuscode: 503 [helmextensionlicensesit:test-hivemq-platform-0]
2025-01-29 18:42:32,442 INFO c.h.h.t.HelmChartContainer - Received Unhealthy event for container hivemq in pod test-hivemq-platform-0 [f1e54640-60a8-411e-8f28-a3e6670f425a]
2025-01-29 18:42:32,909 INFO c.h.h.t.HelmChartContainer - [test-hivemq-platform] [hivemq] [f1e54640] INFO  - Shutting down extension system
2025-01-29 18:42:32,910 INFO c.h.h.t.HelmChartContainer - [test-hivemq-platform] [hivemq] [f1e54640] INFO  - Stopping extension with id hivemq-dns-cluster-discovery
2025-01-29 18:42:32,911 INFO c.h.h.t.HelmChartContainer - [test-hivemq-platform] [hivemq] [f1e54640] INFO  - Extension "DNS Cluster Discovery Extension" version 4.3.2 stopped successfully.
2025-01-29 18:42:32,912 INFO c.h.h.t.HelmChartContainer - [test-hivemq-platform] [hivemq] [f1e54640] INFO  - Stopping extension with id hivemq-distributed-tracing-extension
2025-01-29 18:42:32,912 INFO c.h.h.t.HelmChartContainer - [test-hivemq-platform] [hivemq] [f1e54640] INFO  - Extension "HiveMQ Enterprise Distributed Tracing Extension" version 4.36.0 stopped successfully.
2025-01-29 18:42:32,913 INFO c.h.h.t.HelmChartContainer - [test-hivemq-platform] [hivemq] [f1e54640] INFO  - Stopping extension with id hivemq-prometheus-extension
2025-01-29 18:42:32,917 INFO c.h.h.t.HelmChartContainer - [test-hivemq-platform] [hivemq] [f1e54640] INFO  - Extension "Prometheus Monitoring Extension" version 4.0.12 stopped successfully.
2025-01-29 18:42:32,918 INFO c.h.h.t.HelmChartContainer - [test-hivemq-platform] [hivemq] [f1e54640] INFO  - Stopping extension with id hivemq-allow-all-extension
2025-01-29 18:42:32,918 INFO c.h.h.t.HelmChartContainer - [test-hivemq-platform] [hivemq] [f1e54640] INFO  - Extension "Allow All Extension" version 1.1.1 stopped successfully.
2025-01-29 18:42:33,124 INFO c.h.h.t.HelmChartContainer - [test-hivemq-platform] [hivemq] [f1e54640] WARN  - [HiveMQ Platform Operator Init App 1.7.0-SNAPSHOT] Could not update Pod annotations: Failure executing: GET at: https://10.43.0.1:443/api/v1/namespaces/helmextensionlicensesit/pods/test-hivemq-platform-0. Message: pods "test-hivemq-platform-0" is forbidden: User "system:serviceaccount:helmextensionlicensesit:hivemq-platform-pod-test-hivemq-platform" cannot get resource "pods" in API group "" in the namespace "helmextensionlicensesit". Received status: Status(apiVersion=v1, code=403, details=StatusDetails(causes=[], group=null, kind=pods, name=test-hivemq-platform-0, retryAfterSeconds=null, uid=null, additionalProperties={}), kind=Status, message=pods "test-hivemq-platform-0" is forbidden: User "system:serviceaccount:helmextensionlicensesit:hivemq-platform-pod-test-hivemq-platform" cannot get resource "pods" in API group "" in the namespace "helmextensionlicensesit", metadata=ListMeta(_continue=null, remainingItemCount=null, resourceVersion=null, selfLink=null, additionalProperties={}), reason=Forbidden, status=Failure, additionalProperties={}).
2025-01-29 18:42:35,221 INFO c.h.h.t.HelmChartContainer - [test-hivemq-platform] [hivemq] [f1e54640] INFO  - Shutdown completed.
2025-01-29 18:42:35,578 INFO c.h.h.t.HelmChartContainer - [test-hivemq-platform] [hivemq] [f1e54640] INFO  - [HiveMQ Platform Operator Init App 1.7.0-SNAPSHOT] The HiveMQ Platform exited with code 143
2025-01-29 18:42:35,578 INFO c.h.h.t.HelmChartContainer - [test-hivemq-platform] [hivemq] [f1e54640] INFO  - [HiveMQ Platform Operator Init App 1.7.0-SNAPSHOT] Stopping the REST API
2025-01-29 18:42:35,621 INFO c.h.h.t.HelmChartContainer - [test-hivemq-platform] [hivemq] [f1e54640] INFO  - [HiveMQ Platform Operator Init App 1.7.0-SNAPSHOT] Shutdown complete
2025-01-29 18:42:36,079 INFO c.h.h.t.HelmChartContainer - [K3S] [stateful_set.go:438] "Unhandled Error" err="error syncing StatefulSet helmextensionlicensesit/test-hivemq-platform, requeuing: controllerrevisions.apps \"test-hivemq-platform-6bcc7896c5\" is forbidden: unable to create new content in namespace helmextensionlicensesit because it is being terminated"
2025-01-29 18:42:36,081 INFO c.h.h.t.HelmChartContainer - [POD] test-hivemq-platform-0 [f1e54640-60a8-411e-8f28-a3e6670f425a] in helmextensionlicensesit was MODIFIED
2025-01-29 18:42:36,089 INFO c.h.h.t.HelmChartContainer - [K3S] [stateful_set.go:438] "Unhandled Error" err="error syncing StatefulSet helmextensionlicensesit/test-hivemq-platform, requeuing: controllerrevisions.apps \"test-hivemq-platform-6bcc7896c5\" is forbidden: unable to create new content in namespace helmextensionlicensesit because it is being terminated"
2025-01-29 18:42:36,101 INFO c.h.h.t.HelmChartContainer - [K3S] [stateful_set.go:438] "Unhandled Error" err="error syncing StatefulSet helmextensionlicensesit/test-hivemq-platform, requeuing: controllerrevisions.apps \"test-hivemq-platform-6bcc7896c5\" is forbidden: unable to create new content in namespace helmextensionlicensesit because it is being terminated"
2025-01-29 18:42:36,114 INFO c.h.h.t.HelmChartContainer - [K3S] [stateful_set.go:466] "StatefulSet has been deleted" key="helmextensionlicensesit/test-hivemq-platform"
2025-01-29 18:42:36,123 INFO c.h.h.t.HelmChartContainer - [K3S] [stateful_set.go:466] "StatefulSet has been deleted" key="helmextensionlicensesit/test-hivemq-platform"
2025-01-29 18:42:36,141 INFO c.h.h.t.HelmChartContainer - [K3S] [reconciler_common.go:162] "operationExecutor.UnmountVolume started for volume \"licenses\" (UniqueName: \"kubernetes.io/secret/f1e54640-60a8-411e-8f28-a3e6670f425a-licenses\") pod \"f1e54640-60a8-411e-8f28-a3e6670f425a\" (UID: \"f1e54640-60a8-411e-8f28-a3e6670f425a\") "
2025-01-29 18:42:36,141 INFO c.h.h.t.HelmChartContainer - [K3S] [reconciler_common.go:162] "operationExecutor.UnmountVolume started for volume \"kube-api-access-rgklw\" (UniqueName: \"kubernetes.io/projected/f1e54640-60a8-411e-8f28-a3e6670f425a-kube-api-access-rgklw\") pod \"f1e54640-60a8-411e-8f28-a3e6670f425a\" (UID: \"f1e54640-60a8-411e-8f28-a3e6670f425a\") "
2025-01-29 18:42:36,142 INFO c.h.h.t.HelmChartContainer - [K3S] [reconciler_common.go:162] "operationExecutor.UnmountVolume started for volume \"broker-configuration\" (UniqueName: \"kubernetes.io/configmap/f1e54640-60a8-411e-8f28-a3e6670f425a-broker-configuration\") pod \"f1e54640-60a8-411e-8f28-a3e6670f425a\" (UID: \"f1e54640-60a8-411e-8f28-a3e6670f425a\") "
2025-01-29 18:42:36,143 INFO c.h.h.t.HelmChartContainer - [K3S] [reconciler_common.go:162] "operationExecutor.UnmountVolume started for volume \"extension-configuration-hivemq-distributed-tracing-extension\" (UniqueName: \"kubernetes.io/configmap/f1e54640-60a8-411e-8f28-a3e6670f425a-extension-configuration-hivemq-distributed-tracing-extension\") pod \"f1e54640-60a8-411e-8f28-a3e6670f425a\" (UID: \"f1e54640-60a8-411e-8f28-a3e6670f425a\") "
2025-01-29 18:42:36,143 INFO c.h.h.t.HelmChartContainer - [K3S] [reconciler_common.go:162] "operationExecutor.UnmountVolume started for volume \"pod-info\" (UniqueName: \"kubernetes.io/configmap/f1e54640-60a8-411e-8f28-a3e6670f425a-pod-info\") pod \"f1e54640-60a8-411e-8f28-a3e6670f425a\" (UID: \"f1e54640-60a8-411e-8f28-a3e6670f425a\") "
2025-01-29 18:42:36,143 INFO c.h.h.t.HelmChartContainer - [K3S] [reconciler_common.go:162] "operationExecutor.UnmountVolume started for volume \"operator-init\" (UniqueName: \"kubernetes.io/empty-dir/f1e54640-60a8-411e-8f28-a3e6670f425a-operator-init\") pod \"f1e54640-60a8-411e-8f28-a3e6670f425a\" (UID: \"f1e54640-60a8-411e-8f28-a3e6670f425a\") "
2025-01-29 18:42:36,241 INFO c.h.h.t.HelmChartContainer - [K3S] [reconciler_common.go:299] "Volume detached for volume \"licenses\" (UniqueName: \"kubernetes.io/secret/f1e54640-60a8-411e-8f28-a3e6670f425a-licenses\") on node \"c8c2901b2546\" DevicePath \"\""
2025-01-29 18:42:36,241 INFO c.h.h.t.HelmChartContainer - [K3S] [reconciler_common.go:299] "Volume detached for volume \"kube-api-access-rgklw\" (UniqueName: \"kubernetes.io/projected/f1e54640-60a8-411e-8f28-a3e6670f425a-kube-api-access-rgklw\") on node \"c8c2901b2546\" DevicePath \"\""
2025-01-29 18:42:36,241 INFO c.h.h.t.HelmChartContainer - [K3S] [reconciler_common.go:299] "Volume detached for volume \"broker-configuration\" (UniqueName: \"kubernetes.io/configmap/f1e54640-60a8-411e-8f28-a3e6670f425a-broker-configuration\") on node \"c8c2901b2546\" DevicePath \"\""
2025-01-29 18:42:36,241 INFO c.h.h.t.HelmChartContainer - [K3S] [reconciler_common.go:299] "Volume detached for volume \"extension-configuration-hivemq-distributed-tracing-extension\" (UniqueName: \"kubernetes.io/configmap/f1e54640-60a8-411e-8f28-a3e6670f425a-extension-configuration-hivemq-distributed-tracing-extension\") on node \"c8c2901b2546\" DevicePath \"\""
2025-01-29 18:42:36,241 INFO c.h.h.t.HelmChartContainer - [K3S] [reconciler_common.go:299] "Volume detached for volume \"pod-info\" (UniqueName: \"kubernetes.io/configmap/f1e54640-60a8-411e-8f28-a3e6670f425a-pod-info\") on node \"c8c2901b2546\" DevicePath \"\""
2025-01-29 18:42:36,241 INFO c.h.h.t.HelmChartContainer - [K3S] [reconciler_common.go:299] "Volume detached for volume \"operator-init\" (UniqueName: \"kubernetes.io/empty-dir/f1e54640-60a8-411e-8f28-a3e6670f425a-operator-init\") on node \"c8c2901b2546\" DevicePath \"\""
2025-01-29 18:42:36,730 INFO c.h.h.t.HelmChartContainer - [K3S] [scope.go:117] "RemoveContainer" containerID="d674273bf108b9fdb4d8140d7f50ffc0ced1559c73c2e27e1cf00dab7543e3ae"
2025-01-29 18:42:36,745 INFO c.h.h.t.HelmChartContainer - [POD] test-hivemq-platform-0 [f1e54640-60a8-411e-8f28-a3e6670f425a] in helmextensionlicensesit was MODIFIED
2025-01-29 18:42:36,747 INFO c.h.h.t.HelmChartContainer - [POD] test-hivemq-platform-0 [f1e54640-60a8-411e-8f28-a3e6670f425a] in helmextensionlicensesit was DELETED
2025-01-29 18:42:36,836 INFO c.h.h.t.HelmChartContainer - [K3S] [scope.go:117] "RemoveContainer" containerID="f5e3bb5db6926800b382ec4b49699023a44ec768d798df66836d755666aae647"
2025-01-29 18:42:36,839 INFO c.h.h.t.HelmChartContainer - [K3S] [scope.go:117] "RemoveContainer" containerID="d674273bf108b9fdb4d8140d7f50ffc0ced1559c73c2e27e1cf00dab7543e3ae"
2025-01-29 18:42:36,839 INFO c.h.h.t.HelmChartContainer - [K3S] [scope.go:117] "RemoveContainer" containerID="f5e3bb5db6926800b382ec4b49699023a44ec768d798df66836d755666aae647"
2025-01-29 18:42:38,249 INFO c.h.h.t.HelmChartContainer - [K3S] [kubelet_volumes.go:163] "Cleaned up orphaned pod volumes dir" podUID="f1e54640-60a8-411e-8f28-a3e6670f425a" path="/var/lib/kubelet/pods/f1e54640-60a8-411e-8f28-a3e6670f425a/volumes"
2025-01-29 18:42:41,265 INFO c.h.h.t.HelmChartContainer - Namespace 'helmextensionlicensesit' deleted
2025-01-29 18:42:41,265 INFO c.h.h.t.HelmChartContainer - Release 'test-hivemq-platform' in namespace 'helmextensionlicensesit' is uninstalled
2025-01-29 18:42:41,265 INFO c.h.h.t.HelmChartContainer - Uninstalling release 'test-hivemq-platform-operator' in namespace 'helmextensionlicensesit-operator'...
2025-01-29 18:42:41,265 DEBUG c.h.h.t.HelmChartContainer - Executing helm command: /bin/helm --kubeconfig /etc/rancher/k3s/k3s.yaml uninstall test-hivemq-platform-operator  --wait --timeout 5m0s --cascade foreground --namespace helmextensionlicensesit-operator
2025-01-29 18:42:41,444 INFO c.h.h.t.HelmChartContainer - [K3S] [replica_set.go:679] "Finished syncing" kind="ReplicaSet" key="helmextensionlicensesit-operator/hivemq-test-hivemq-platform-operator-6966f96d65" duration="13.14807ms"
2025-01-29 18:42:41,458 INFO c.h.h.t.HelmChartContainer - [K3S] [replica_set.go:679] "Finished syncing" kind="ReplicaSet" key="helmextensionlicensesit-operator/hivemq-test-hivemq-platform-operator-6966f96d65" duration="45.264µs"
2025-01-29 18:42:41,461 INFO c.h.h.t.HelmChartContainer - [POD] hivemq-test-hivemq-platform-operator-6966f96d65-2vfqv [ec5f0208-70c3-46b1-b85e-3152fe150ac0] in helmextensionlicensesit-operator was MODIFIED
2025-01-29 18:42:41,474 INFO c.h.h.t.HelmChartContainer - [K3S] [replica_set.go:679] "Finished syncing" kind="ReplicaSet" key="helmextensionlicensesit-operator/hivemq-test-hivemq-platform-operator-6966f96d65" duration="11.366788ms"
2025-01-29 18:42:41,476 INFO c.h.h.t.HelmChartContainer - [hivemq-test-hivemq-platform] [hivemq-platform-operator] [ec5f0208] 18:42:41.473 [application-shutdown-thread] INFO  c.h.p.o.HiveMQPlatformOperatorApplication - HiveMQ Platform Operator is stopping...
2025-01-29 18:42:41,477 INFO c.h.h.t.HelmChartContainer - [hivemq-test-hivemq-platform] [hivemq-platform-operator] [ec5f0208] 18:42:41.474 [application-shutdown-thread] INFO  i.javaoperatorsdk.operator.Operator - Operator SDK 4.9.7 is shutting down...
2025-01-29 18:42:41,483 INFO c.h.h.t.HelmChartContainer - [EVENT] Normal [Killing] Stopping container hivemq-platform-operator [helmextensionlicensesit-operator:hivemq-test-hivemq-platform-operator-6966f96d65-2vfqv]
2025-01-29 18:42:41,483 INFO c.h.h.t.HelmChartContainer - Received Killing event for container hivemq-platform-operator in pod hivemq-test-hivemq-platform-operator-6966f96d65-2vfqv [ec5f0208-70c3-46b1-b85e-3152fe150ac0]
2025-01-29 18:42:41,483 INFO c.h.h.t.HelmChartContainer - Container [hivemq-test-hivemq-platform-operator-6966f96d65-2vfqv] [hivemq-platform-operator] [ec5f0208-70c3-46b1-b85e-3152fe150ac0] was terminated
2025-01-29 18:42:41,483 INFO c.h.h.t.HelmChartContainer - [K3S] [replica_set.go:679] "Finished syncing" kind="ReplicaSet" key="helmextensionlicensesit-operator/hivemq-test-hivemq-platform-operator-6966f96d65" duration="32.581µs"
2025-01-29 18:42:41,483 INFO c.h.h.t.HelmChartContainer - Stopped log watcher for hivemq-platform-operator in pod hivemq-test-hivemq-platform-operator-6966f96d65-2vfqv [ec5f0208-70c3-46b1-b85e-3152fe150ac0]
2025-01-29 18:42:41,783 INFO c.h.h.t.HelmChartContainer - [K3S] [replica_set.go:679] "Finished syncing" kind="ReplicaSet" key="helmextensionlicensesit-operator/hivemq-test-hivemq-platform-operator-6966f96d65" duration="39.794µs"
2025-01-29 18:42:41,784 INFO c.h.h.t.HelmChartContainer - [POD] hivemq-test-hivemq-platform-operator-6966f96d65-2vfqv [ec5f0208-70c3-46b1-b85e-3152fe150ac0] in helmextensionlicensesit-operator was MODIFIED
2025-01-29 18:42:41,971 INFO c.h.h.t.HelmChartContainer - [K3S] [reconciler_common.go:162] "operationExecutor.UnmountVolume started for volume \"kube-api-access-jsq5w\" (UniqueName: \"kubernetes.io/projected/ec5f0208-70c3-46b1-b85e-3152fe150ac0-kube-api-access-jsq5w\") pod \"ec5f0208-70c3-46b1-b85e-3152fe150ac0\" (UID: \"ec5f0208-70c3-46b1-b85e-3152fe150ac0\") "
2025-01-29 18:42:42,072 INFO c.h.h.t.HelmChartContainer - [K3S] [reconciler_common.go:299] "Volume detached for volume \"kube-api-access-jsq5w\" (UniqueName: \"kubernetes.io/projected/ec5f0208-70c3-46b1-b85e-3152fe150ac0-kube-api-access-jsq5w\") on node \"c8c2901b2546\" DevicePath \"\""
2025-01-29 18:42:42,740 INFO c.h.h.t.HelmChartContainer - [K3S] [scope.go:117] "RemoveContainer" containerID="1201b18f648baf6818f9f81fd96ad6e0d08e98eb2224ebb96b4ec9f8af19ed77"
2025-01-29 18:42:42,750 INFO c.h.h.t.HelmChartContainer - [K3S] [replica_set.go:679] "Finished syncing" kind="ReplicaSet" key="helmextensionlicensesit-operator/hivemq-test-hivemq-platform-operator-6966f96d65" duration="39.464µs"
2025-01-29 18:42:42,751 INFO c.h.h.t.HelmChartContainer - [POD] hivemq-test-hivemq-platform-operator-6966f96d65-2vfqv [ec5f0208-70c3-46b1-b85e-3152fe150ac0] in helmextensionlicensesit-operator was MODIFIED
2025-01-29 18:42:42,752 INFO c.h.h.t.HelmChartContainer - [POD] hivemq-test-hivemq-platform-operator-6966f96d65-2vfqv [ec5f0208-70c3-46b1-b85e-3152fe150ac0] in helmextensionlicensesit-operator was DELETED
2025-01-29 18:42:42,753 INFO c.h.h.t.HelmChartContainer - [K3S] [replica_set.go:679] "Finished syncing" kind="ReplicaSet" key="helmextensionlicensesit-operator/hivemq-test-hivemq-platform-operator-6966f96d65" duration="32.28µs"
2025-01-29 18:42:42,763 INFO c.h.h.t.HelmChartContainer - [K3S] [replica_set.go:679] "Finished syncing" kind="ReplicaSet" key="helmextensionlicensesit-operator/hivemq-test-hivemq-platform-operator-6966f96d65" duration="6.221µs"
2025-01-29 18:42:43,484 INFO c.h.h.t.HelmChartContainer - Deleting namespace 'helmextensionlicensesit-operator'...
2025-01-29 18:42:44,250 INFO c.h.h.t.HelmChartContainer - [K3S] [kubelet_volumes.go:163] "Cleaned up orphaned pod volumes dir" podUID="ec5f0208-70c3-46b1-b85e-3152fe150ac0" path="/var/lib/kubelet/pods/ec5f0208-70c3-46b1-b85e-3152fe150ac0/volumes"
2025-01-29 18:42:46,208 INFO c.h.h.t.HelmChartContainer - [K3S] [namespace_controller.go:187] "Namespace has been deleted" namespace="helmextensionlicensesit"
2025-01-29 18:42:48,700 INFO c.h.h.t.HelmChartContainer - Namespace 'helmextensionlicensesit-operator' deleted
2025-01-29 18:42:48,700 INFO c.h.h.t.HelmChartContainer - Release 'test-hivemq-platform-operator' in namespace 'helmextensionlicensesit-operator' is uninstalled
2025-01-29 18:42:49,410 INFO c.h.helmcharts.AbstractHelmChartIT - Removed unused containers:

2025-01-29 18:42:53,607 INFO c.h.h.t.HelmChartContainer - [K3S] [namespace_controller.go:187] "Namespace has been deleted" namespace="helmextensionlicensesit-operator"
2025-01-29 18:42:57,043 INFO c.h.helmcharts.AbstractHelmChartIT - Removed unused snapshots:
Removing snapshot sha256:03af251906410714c5aef9fa705b63f6bbc39c4a5e787de7361eeb18886c2ed2
Removing snapshot sha256:0c46b3b43cce082ce5ec34ffc6c294e0417d17b9d1e6f366d114b6aadc4f96dc
Removing snapshot sha256:0ce761beee59082d6ed5bcebd3a805b8ddd9b3426b617e4809e7fb7c6587ffec
Removing snapshot sha256:0df91287303208332c8ff6ba40ae4710105201739addbfbddfb955f1ad593664
Removing snapshot sha256:1021ef88c7974bfff89c5a0ec4fd3160daac6c48a075f74cff721f85dd104e68
Removing snapshot sha256:10aba4953ddc18145dd38e3704709bc464aa20af60b56fe52caaff4b68411e62
Removing snapshot sha256:2573e0d8158209ed54ab25c87bcdcb00bd3d2539246960a3d592a1c599d70465
Removing snapshot sha256:27283e7e0a218444d1d3f410c25a4b01b901358a6996cd00837f3aaa3c236dba
Removing snapshot sha256:362a8a37f8bbc31925a8146adcf7cf51f9882f5c1dcbef67c5baa03a297543c0
Removing snapshot sha256:43a7c979bbaba6838bc3102d6b10a1459f3ab050b87ccdfef84ef90cf43d3058
Removing snapshot sha256:4ab04491cdf0d3267f08206fe30bd48f49f94b9cab2f016d6739220f722a64af
Removing snapshot sha256:4b6068250e89c96f263060261819c7d912855bfbd64b3eb4c4a8483299b8c295
Removing snapshot sha256:580e69a0a8034ede1921139bbd2bfb72a69ebf276d008281896c32dd8bf74775
Removing snapshot sha256:5d30ba46b27fe37484567ccc5242cadc78217b8da605f3f195ef25cbf7487904
Removing snapshot sha256:63ca1fbb43ae5034640e5e6cb3e083e05c290072c5366fcaa9d62435a4cced85
Removing snapshot sha256:67f702c6baae873bceb19487c8b1f27bd2b86077e4f2f0e480e6d60ab508b8f5
Removing snapshot sha256:6864348dd42806d552efdec384f1274be15e2d0c10ce44c1f04347af004c10a9
Removing snapshot sha256:6c7dee8f2c39b84b7dc2711c01d33de93514d9055499173e9290176fbe484b6c
Removing snapshot sha256:82753493a6d61ded36556292f02f31841a14c20d2f279f19eaad65afb661d5cd
Removing snapshot sha256:8a10d3db42c505ee0fcfa98417bdd7e39b304f6bcc0a06bb1b220797ff2cc63c
Removing snapshot sha256:a0904247e36a7726c03c71ee48f3e64462021c88dafeb13f37fdaf613b27f11c
Removing snapshot sha256:a21e5b12dbac529ad45d976eb9ce45c881f3bedcc500fb30aba1e52aa1813418
Removing snapshot sha256:b7126e507ac2e8d10c33990ecfa8b21282591cf0d30089268a323936afa28692
Removing snapshot sha256:b921e6c28969094157f9b8e7244677780319637afd14450b7cb6b2fdea558a0c
Removing snapshot sha256:bc27ecb5769a00e309cf99ebc763c4a4b958b618d1decc96ffac5bc05f02f5b7
Removing snapshot sha256:be3ccb6627a5332e309d45ef461d09b4879dd870c7394d89323d0ebc6ca6aa8a
Removing snapshot sha256:c261f7cbbc64211ee175ee47273acdb7b1a36a4450b397a064a8f2c026490095
Removing snapshot sha256:c34d9393647eea0c9e3557ab988efaf59f61d10a2a5613b439ef0958cca5ec10
Removing snapshot sha256:ccf3c4a0fa967a41c1c83497a2ce6fa5787965859df0adb32c4ca2cf7490bc2b
Removing snapshot sha256:cf92d33f869417309692088c341cd0f223c178ea78a125f757317b22aa8f90e9
Removing snapshot sha256:d0037344cf2fb078884f1849f6a1f8cf9a33a3b6139b6a85833e5ee528e1f9a8
Removing snapshot sha256:d3b36d5b79273b1e98e7700470eaeff05a882e777124d84cebcc1505b85ecb36
Removing snapshot sha256:d65a44a37914602d12c611e5e22a50f11451d847e63015cc1c2aef92dee777a4
Removing snapshot sha256:e2dc0bae2455930f23ae570e019b7f32edc75c0f2d71cab084db837ff9051796
Removing snapshot sha256:eccbd24a99c60cd9e86ee5305dbfc4a4dc89f5ab4fb1f06c8d64797cecedef34
Removing snapshot sha256:f144bb4c7c7f0d2aa7eeffd36d934ec40db1ee167be727e326aad9fdc616f475

]]></system-out>
  </testcase>
  <testcase name="withExistingExtensionLicenseSecret_statefulSetWithLicenseSecretMounted()" classname="com.hivemq.helmcharts.license.HelmExtensionLicensesIT" time="104.735">
    <system-out><![CDATA[2025-01-29 18:42:57,045 INFO c.h.h.t.HelmChartContainer - Creating namespace 'helmextensionlicensesit-operator'...
2025-01-29 18:42:57,051 INFO c.h.h.t.HelmChartContainer - Namespace 'helmextensionlicensesit-operator' created
2025-01-29 18:42:57,052 INFO c.h.h.t.HelmChartContainer - Creating namespace 'helmextensionlicensesit'...
2025-01-29 18:42:57,059 INFO c.h.h.t.HelmChartContainer - Namespace 'helmextensionlicensesit' created
2025-01-29 18:42:57,125 DEBUG c.h.h.t.HelmChartContainer - Executing helm command: /bin/helm --kubeconfig /etc/rancher/k3s/k3s.yaml install test-hivemq-platform-operator /charts/hivemq-platform-operator --wait --timeout 5m0s --set image.repository=docker.io/hivemq --set image.name=hivemq-platform-operator-test --set image.initImageName=hivemq-platform-operator-init-test --set image.tag=snapshot --set image.pullPolicy=Never --set logLevel=DEBUG --set resources.cpu=512m --namespace helmextensionlicensesit-operator
2025-01-29 18:42:57,433 INFO c.h.h.t.HelmChartContainer - [K3S] [alloc.go:330] "allocated clusterIPs" service="helmextensionlicensesit-operator/hivemq-platform-operator-test-hivemq-platform-operator" clusterIPs={"IPv4":"10.43.163.212"}
2025-01-29 18:42:57,450 INFO c.h.h.t.HelmChartContainer - [EVENT] Normal [ScalingReplicaSet] Scaled up replica set hivemq-test-hivemq-platform-operator-6966f96d65 from 0 to 1 [helmextensionlicensesit-operator:hivemq-test-hivemq-platform-operator]
2025-01-29 18:42:57,455 INFO c.h.h.t.HelmChartContainer - [POD] hivemq-test-hivemq-platform-operator-6966f96d65-x7pfr [4164af51-9547-47a8-b56f-31fb8f84d51c] in helmextensionlicensesit-operator was ADDED
2025-01-29 18:42:57,463 INFO c.h.h.t.HelmChartContainer - [EVENT] Normal [SuccessfulCreate] Created pod: hivemq-test-hivemq-platform-operator-6966f96d65-x7pfr [helmextensionlicensesit-operator:hivemq-test-hivemq-platform-operator-6966f96d65]
2025-01-29 18:42:57,466 INFO c.h.h.t.HelmChartContainer - [K3S] [replica_set.go:679] "Finished syncing" kind="ReplicaSet" key="helmextensionlicensesit-operator/hivemq-test-hivemq-platform-operator-6966f96d65" duration="19.947088ms"
2025-01-29 18:42:57,468 INFO c.h.h.t.HelmChartContainer - [K3S] [memory_manager.go:355] "RemoveStaleState removing state" podUID="ec5f0208-70c3-46b1-b85e-3152fe150ac0" containerName="hivemq-platform-operator"
2025-01-29 18:42:57,468 INFO c.h.h.t.HelmChartContainer - [K3S] [memory_manager.go:355] "RemoveStaleState removing state" podUID="f1e54640-60a8-411e-8f28-a3e6670f425a" containerName="hivemq"
2025-01-29 18:42:57,469 INFO c.h.h.t.HelmChartContainer - [POD] hivemq-test-hivemq-platform-operator-6966f96d65-x7pfr [4164af51-9547-47a8-b56f-31fb8f84d51c] in helmextensionlicensesit-operator was MODIFIED
2025-01-29 18:42:57,476 INFO c.h.h.t.HelmChartContainer - [EVENT] Normal [Scheduled] Successfully assigned helmextensionlicensesit-operator/hivemq-test-hivemq-platform-operator-6966f96d65-x7pfr to c8c2901b2546 [helmextensionlicensesit-operator:hivemq-test-hivemq-platform-operator-6966f96d65-x7pfr]
2025-01-29 18:42:57,484 INFO c.h.h.t.HelmChartContainer - [POD] hivemq-test-hivemq-platform-operator-6966f96d65-x7pfr [4164af51-9547-47a8-b56f-31fb8f84d51c] in helmextensionlicensesit-operator was MODIFIED
2025-01-29 18:42:57,488 INFO c.h.h.t.HelmChartContainer - [K3S] [replica_set.go:679] "Finished syncing" kind="ReplicaSet" key="helmextensionlicensesit-operator/hivemq-test-hivemq-platform-operator-6966f96d65" duration="21.896054ms"
2025-01-29 18:42:57,501 INFO c.h.h.t.HelmChartContainer - [K3S] [replica_set.go:679] "Finished syncing" kind="ReplicaSet" key="helmextensionlicensesit-operator/hivemq-test-hivemq-platform-operator-6966f96d65" duration="13.294852ms"
2025-01-29 18:42:57,501 INFO c.h.h.t.HelmChartContainer - [K3S] [replica_set.go:679] "Finished syncing" kind="ReplicaSet" key="helmextensionlicensesit-operator/hivemq-test-hivemq-platform-operator-6966f96d65" duration="34.033µs"
2025-01-29 18:42:57,663 INFO c.h.h.t.HelmChartContainer - [K3S] [reconciler_common.go:251] "operationExecutor.VerifyControllerAttachedVolume started for volume \"kube-api-access-tvbsz\" (UniqueName: \"kubernetes.io/projected/4164af51-9547-47a8-b56f-31fb8f84d51c-kube-api-access-tvbsz\") pod \"hivemq-test-hivemq-platform-operator-6966f96d65-x7pfr\" (UID: \"4164af51-9547-47a8-b56f-31fb8f84d51c\") " pod="helmextensionlicensesit-operator/hivemq-test-hivemq-platform-operator-6966f96d65-x7pfr"
2025-01-29 18:42:57,866 INFO c.h.h.t.HelmChartContainer - [EVENT] Normal [Pulled] Container image "docker.io/hivemq/hivemq-platform-operator-test:snapshot" already present on machine [helmextensionlicensesit-operator:hivemq-test-hivemq-platform-operator-6966f96d65-x7pfr]
2025-01-29 18:42:57,866 INFO c.h.h.t.HelmChartContainer - Received Pulled event for container hivemq-platform-operator in pod hivemq-test-hivemq-platform-operator-6966f96d65-x7pfr [4164af51-9547-47a8-b56f-31fb8f84d51c]
2025-01-29 18:42:59,126 INFO c.h.h.t.HelmChartContainer - [EVENT] Normal [Created] Created container: hivemq-platform-operator [helmextensionlicensesit-operator:hivemq-test-hivemq-platform-operator-6966f96d65-x7pfr]
2025-01-29 18:42:59,126 INFO c.h.h.t.HelmChartContainer - Received Created event for container hivemq-platform-operator in pod hivemq-test-hivemq-platform-operator-6966f96d65-x7pfr [4164af51-9547-47a8-b56f-31fb8f84d51c]
2025-01-29 18:42:59,788 INFO c.h.h.t.HelmChartContainer - [K3S] [replica_set.go:679] "Finished syncing" kind="ReplicaSet" key="helmextensionlicensesit-operator/hivemq-test-hivemq-platform-operator-6966f96d65" duration="42.709µs"
2025-01-29 18:42:59,791 INFO c.h.h.t.HelmChartContainer - [POD] hivemq-test-hivemq-platform-operator-6966f96d65-x7pfr [4164af51-9547-47a8-b56f-31fb8f84d51c] in helmextensionlicensesit-operator was MODIFIED
2025-01-29 18:42:59,804 INFO c.h.h.t.HelmChartContainer - Started log watcher for hivemq-platform-operator in pod hivemq-test-hivemq-platform-operator-6966f96d65-x7pfr [4164af51-9547-47a8-b56f-31fb8f84d51c]
2025-01-29 18:42:59,804 INFO c.h.h.t.HelmChartContainer - [EVENT] Normal [Started] Started container hivemq-platform-operator [helmextensionlicensesit-operator:hivemq-test-hivemq-platform-operator-6966f96d65-x7pfr]
2025-01-29 18:42:59,804 INFO c.h.h.t.HelmChartContainer - Received Started event for container hivemq-platform-operator in pod hivemq-test-hivemq-platform-operator-6966f96d65-x7pfr [4164af51-9547-47a8-b56f-31fb8f84d51c]
2025-01-29 18:42:59,804 INFO c.h.h.t.HelmChartContainer - [hivemq-test-hivemq-platform] [hivemq-platform-operator] [4164af51] -------------------------------------------------------------------------
2025-01-29 18:42:59,804 INFO c.h.h.t.HelmChartContainer - [hivemq-test-hivemq-platform] [hivemq-platform-operator] [4164af51] 
2025-01-29 18:42:59,804 INFO c.h.h.t.HelmChartContainer - [hivemq-test-hivemq-platform] [hivemq-platform-operator] [4164af51]                   _    _  _              __  __   ____
2025-01-29 18:42:59,804 INFO c.h.h.t.HelmChartContainer - [hivemq-test-hivemq-platform] [hivemq-platform-operator] [4164af51]                  | |  | |(_)            |  \/  | / __ \
2025-01-29 18:42:59,804 INFO c.h.h.t.HelmChartContainer - [hivemq-test-hivemq-platform] [hivemq-platform-operator] [4164af51]                  | |__| | _ __   __ ___ | \  / || |  | |
2025-01-29 18:42:59,804 INFO c.h.h.t.HelmChartContainer - [hivemq-test-hivemq-platform] [hivemq-platform-operator] [4164af51]                  |  __  || |\ \ / // _ \| |\/| || |  | |
2025-01-29 18:42:59,804 INFO c.h.h.t.HelmChartContainer - [hivemq-test-hivemq-platform] [hivemq-platform-operator] [4164af51]                  | |  | || | \ V /|  __/| |  | || |__| |
2025-01-29 18:42:59,804 INFO c.h.h.t.HelmChartContainer - [hivemq-test-hivemq-platform] [hivemq-platform-operator] [4164af51]                  |_|  |_||_|  \_/  \___||_|  |_| \___\_\
2025-01-29 18:42:59,804 INFO c.h.h.t.HelmChartContainer - [hivemq-test-hivemq-platform] [hivemq-platform-operator] [4164af51] 
2025-01-29 18:42:59,804 INFO c.h.h.t.HelmChartContainer - [hivemq-test-hivemq-platform] [hivemq-platform-operator] [4164af51] -------------------------------------------------------------------------
2025-01-29 18:42:59,804 INFO c.h.h.t.HelmChartContainer - [hivemq-test-hivemq-platform] [hivemq-platform-operator] [4164af51] 
2025-01-29 18:42:59,804 INFO c.h.h.t.HelmChartContainer - [hivemq-test-hivemq-platform] [hivemq-platform-operator] [4164af51]   HiveMQ Platform Operator Start Script v1.0
2025-01-29 18:42:59,804 INFO c.h.h.t.HelmChartContainer - [hivemq-test-hivemq-platform] [hivemq-platform-operator] [4164af51] 
2025-01-29 18:42:59,804 INFO c.h.h.t.HelmChartContainer - [hivemq-test-hivemq-platform] [hivemq-platform-operator] [4164af51] -------------------------------------------------------------------------
2025-01-29 18:42:59,804 INFO c.h.h.t.HelmChartContainer - [hivemq-test-hivemq-platform] [hivemq-platform-operator] [4164af51] 
2025-01-29 18:42:59,804 INFO c.h.h.t.HelmChartContainer - [hivemq-test-hivemq-platform] [hivemq-platform-operator] [4164af51]   JAVA_OPTS: -XX:+UnlockExperimentalVMOptions -XX:InitialRAMPercentage=75 -XX:MaxRAMPercentage=75 -Duser.language=en -Duser.region=US
2025-01-29 18:42:59,804 INFO c.h.h.t.HelmChartContainer - [hivemq-test-hivemq-platform] [hivemq-platform-operator] [4164af51] 
2025-01-29 18:42:59,804 INFO c.h.h.t.HelmChartContainer - [hivemq-test-hivemq-platform] [hivemq-platform-operator] [4164af51]   JAVA_VERSION: 21
2025-01-29 18:42:59,804 INFO c.h.h.t.HelmChartContainer - [hivemq-test-hivemq-platform] [hivemq-platform-operator] [4164af51] 
2025-01-29 18:42:59,804 INFO c.h.h.t.HelmChartContainer - [hivemq-test-hivemq-platform] [hivemq-platform-operator] [4164af51] -------------------------------------------------------------------------
2025-01-29 18:42:59,804 INFO c.h.h.t.HelmChartContainer - [hivemq-test-hivemq-platform] [hivemq-platform-operator] [4164af51] 
2025-01-29 18:43:02,465 INFO c.h.h.t.HelmChartContainer - [hivemq-test-hivemq-platform] [hivemq-platform-operator] [4164af51] 18:43:02.462 [main] DEBUG org.jboss.logging - Logging Provider: org.jboss.logging.Slf4jLoggerProvider
2025-01-29 18:43:02,564 INFO c.h.h.t.HelmChartContainer - [hivemq-test-hivemq-platform] [hivemq-platform-operator] [4164af51] 18:43:02.563 [main] DEBUG io.smallrye.config - SRCFG01006: Loaded ConfigSource SysPropConfigSource with ordinal 400
2025-01-29 18:43:02,565 INFO c.h.h.t.HelmChartContainer - [hivemq-test-hivemq-platform] [hivemq-platform-operator] [4164af51] 18:43:02.564 [main] DEBUG io.smallrye.config - SRCFG01006: Loaded ConfigSource EnvConfigSource with ordinal 300
2025-01-29 18:43:02,565 INFO c.h.h.t.HelmChartContainer - [hivemq-test-hivemq-platform] [hivemq-platform-operator] [4164af51] 18:43:02.564 [main] DEBUG io.smallrye.config - SRCFG01006: Loaded ConfigSource PropertiesConfigSource[source=jar:file:///opt/hivemq-platform-operator/bin/hivemq-platform-operator.jar!/hivemq-platform-operator.properties] with ordinal 100
2025-01-29 18:43:02,565 INFO c.h.h.t.HelmChartContainer - [hivemq-test-hivemq-platform] [hivemq-platform-operator] [4164af51] 18:43:02.564 [main] DEBUG io.smallrye.config - SRCFG01006: Loaded ConfigSource DefaultValuesConfigSource with ordinal -2147483648
2025-01-29 18:43:02,672 INFO c.h.h.t.HelmChartContainer - [hivemq-test-hivemq-platform] [hivemq-platform-operator] [4164af51] 18:43:02.671 [main] DEBUG i.m.c.u.i.l.InternalLoggerFactory - Using SLF4J as the default logging framework
2025-01-29 18:43:02,861 INFO c.h.h.t.HelmChartContainer - [hivemq-test-hivemq-platform] [hivemq-platform-operator] [4164af51] 18:43:02.773 [main] INFO  c.h.p.o.HiveMQPlatformOperatorApplication - HiveMQ Platform Operator 1.7.0-SNAPSHOT (commit: b1b9591 on branch: HEAD) built on Wed Jan 29 18:32:18 UTC 2025
2025-01-29 18:43:02,861 INFO c.h.h.t.HelmChartContainer - [hivemq-test-hivemq-platform] [hivemq-platform-operator] [4164af51] 18:43:02.860 [main] INFO  c.h.p.o.HiveMQPlatformOperatorApplication - HiveMQ Platform Operator is running in namespace: helmextensionlicensesit-operator
2025-01-29 18:43:02,862 INFO c.h.h.t.HelmChartContainer - [hivemq-test-hivemq-platform] [hivemq-platform-operator] [4164af51] 18:43:02.861 [main] INFO  c.h.p.o.HiveMQPlatformOperatorApplication - Watching all namespaces
2025-01-29 18:43:02,862 INFO c.h.h.t.HelmChartContainer - [hivemq-test-hivemq-platform] [hivemq-platform-operator] [4164af51] 18:43:02.861 [main] INFO  c.h.p.o.HiveMQPlatformOperatorApplication - Log level: DEBUG
2025-01-29 18:43:02,862 INFO c.h.h.t.HelmChartContainer - [hivemq-test-hivemq-platform] [hivemq-platform-operator] [4164af51] 18:43:02.861 [main] INFO  c.h.p.o.HiveMQPlatformOperatorApplication - Release name: test-hivemq-platform-operator
2025-01-29 18:43:02,862 INFO c.h.h.t.HelmChartContainer - [hivemq-test-hivemq-platform] [hivemq-platform-operator] [4164af51] 18:43:02.861 [main] INFO  c.h.p.o.HiveMQPlatformOperatorApplication - HiveMQ Platform Operator Init image: docker.io/hivemq/hivemq-platform-operator-init-test:snapshot
2025-01-29 18:43:02,862 INFO c.h.h.t.HelmChartContainer - [hivemq-test-hivemq-platform] [hivemq-platform-operator] [4164af51] 18:43:02.861 [main] INFO  c.h.p.o.HiveMQPlatformOperatorApplication - HiveMQ Platform Operator Init App update URL: http://hivemq-platform-operator-test-hivemq-platform-operator.helmextensionlicensesit-operator.svc:8080/initAppUpdate/hivemq-platform-operator-init-app-1.7.0-SNAPSHOT.jar
2025-01-29 18:43:02,862 INFO c.h.h.t.HelmChartContainer - [hivemq-test-hivemq-platform] [hivemq-platform-operator] [4164af51] 18:43:02.861 [main] INFO  c.h.p.o.HiveMQPlatformOperatorApplication - Additional imagePullSecret for all Platform deployments: none
2025-01-29 18:43:02,862 INFO c.h.h.t.HelmChartContainer - [hivemq-test-hivemq-platform] [hivemq-platform-operator] [4164af51] 18:43:02.861 [main] INFO  c.h.p.o.HiveMQPlatformOperatorApplication - Apply HiveMQ Platform CRD: true
2025-01-29 18:43:02,863 INFO c.h.h.t.HelmChartContainer - [hivemq-test-hivemq-platform] [hivemq-platform-operator] [4164af51] 18:43:02.861 [main] INFO  c.h.p.o.HiveMQPlatformOperatorApplication - Create Platform ServiceAccount: true
2025-01-29 18:43:02,863 INFO c.h.h.t.HelmChartContainer - [hivemq-test-hivemq-platform] [hivemq-platform-operator] [4164af51] 18:43:02.861 [main] INFO  c.h.p.o.HiveMQPlatformOperatorApplication - Create Platform ServiceAccount permissions: true
2025-01-29 18:43:02,863 INFO c.h.h.t.HelmChartContainer - [hivemq-test-hivemq-platform] [hivemq-platform-operator] [4164af51] 18:43:02.861 [main] INFO  c.h.p.o.HiveMQPlatformOperatorApplication - Validate Platform ServiceAccount: true
2025-01-29 18:43:02,863 INFO c.h.h.t.HelmChartContainer - [hivemq-test-hivemq-platform] [hivemq-platform-operator] [4164af51] 18:43:02.861 [main] INFO  c.h.p.o.HiveMQPlatformOperatorApplication - Validate Platform ServiceAccount permissions: true
2025-01-29 18:43:02,977 INFO c.h.h.t.HelmChartContainer - [hivemq-test-hivemq-platform] [hivemq-platform-operator] [4164af51] 18:43:02.976 [main] INFO  c.h.platform.operator.util.CRDUtil - Verifying deployed HiveMQ Platform CRD...
2025-01-29 18:43:05,467 INFO c.h.h.t.HelmChartContainer - [hivemq-test-hivemq-platform] [hivemq-platform-operator] [4164af51] 18:43:05.466 [main] DEBUG c.h.platform.operator.util.CRDUtil - HiveMQ Platform CRD version v1 is up to date
2025-01-29 18:43:05,467 INFO c.h.h.t.HelmChartContainer - [hivemq-test-hivemq-platform] [hivemq-platform-operator] [4164af51] 18:43:05.466 [main] INFO  c.h.platform.operator.util.CRDUtil - HiveMQ Platform CRD is up to date (version: V1_6_0)
2025-01-29 18:43:05,467 INFO c.h.h.t.HelmChartContainer - [hivemq-test-hivemq-platform] [hivemq-platform-operator] [4164af51] 18:43:05.466 [main] INFO  c.h.platform.operator.util.CRDUtil - Waiting 10000 ms for HiveMQ Platform CRD 'hivemq-platforms.hivemq.com' to become ready...
2025-01-29 18:43:05,772 INFO c.h.h.t.HelmChartContainer - [hivemq-test-hivemq-platform] [hivemq-platform-operator] [4164af51] 18:43:05.770 [vert.x-eventloop-thread-1] DEBUG c.h.platform.operator.util.CRDUtil - Checking CRD condition 'NamesAccepted' (status: 'True')
2025-01-29 18:43:05,772 INFO c.h.h.t.HelmChartContainer - [hivemq-test-hivemq-platform] [hivemq-platform-operator] [4164af51] 18:43:05.771 [vert.x-eventloop-thread-1] DEBUG c.h.platform.operator.util.CRDUtil - Checking CRD condition 'Established' (status: 'True')
2025-01-29 18:43:05,773 INFO c.h.h.t.HelmChartContainer - [hivemq-test-hivemq-platform] [hivemq-platform-operator] [4164af51] 18:43:05.772 [main] INFO  c.h.platform.operator.util.CRDUtil - HiveMQ Platform CRD 'hivemq-platforms.hivemq.com' is ready
2025-01-29 18:43:05,974 INFO c.h.h.t.HelmChartContainer - [hivemq-test-hivemq-platform] [hivemq-platform-operator] [4164af51] 18:43:05.973 [main] INFO  c.h.p.o.HiveMQPlatformReconciler - HiveMQ Platform Operator is starting...
2025-01-29 18:43:06,079 INFO c.h.h.t.HelmChartContainer - [hivemq-test-hivemq-platform] [hivemq-platform-operator] [4164af51] 18:43:06.078 [main] WARN  Default ConfigurationService implementation - Configuration for reconciler 'hivemq-controller' was not found. Known reconcilers: None.
2025-01-29 18:43:06,167 INFO c.h.h.t.HelmChartContainer - [hivemq-test-hivemq-platform] [hivemq-platform-operator] [4164af51] 18:43:06.166 [main] INFO  Default ConfigurationService implementation - Created configuration for reconciler com.hivemq.platform.operator.HiveMQPlatformReconciler with name hivemq-controller
2025-01-29 18:43:06,271 INFO c.h.h.t.HelmChartContainer - [hivemq-test-hivemq-platform] [hivemq-platform-operator] [4164af51] 18:43:06.269 [main] DEBUG c.h.p.o.HiveMQPlatformReconciler - HiveMQ Platform Operator is preparing EventSources
2025-01-29 18:43:06,365 INFO c.h.h.t.HelmChartContainer - [hivemq-test-hivemq-platform] [hivemq-platform-operator] [4164af51] 18:43:06.363 [main] INFO  i.javaoperatorsdk.operator.Operator - Registered reconciler: 'hivemq-controller' for resource: 'class com.hivemq.platform.operator.v1.HiveMQPlatform' for namespace(s): [all namespaces]
2025-01-29 18:43:06,970 INFO c.h.h.t.HelmChartContainer - [hivemq-test-hivemq-platform] [hivemq-platform-operator] [4164af51] 18:43:06.969 [main] INFO  c.h.p.operator.webserver.JettyServer - Starting Jetty server on port 8080
2025-01-29 18:43:07,069 INFO c.h.h.t.HelmChartContainer - [hivemq-test-hivemq-platform] [hivemq-platform-operator] [4164af51] 18:43:07.067 [main] INFO  i.javaoperatorsdk.operator.Operator - Operator SDK 4.9.7 (commit: 2133d28) built on Wed Nov 20 12:56:20 UTC 2024 starting...
2025-01-29 18:43:07,070 INFO c.h.h.t.HelmChartContainer - [hivemq-test-hivemq-platform] [hivemq-platform-operator] [4164af51] 18:43:07.068 [main] INFO  i.javaoperatorsdk.operator.Operator - Client version: 6.13.5
2025-01-29 18:43:07,071 INFO c.h.h.t.HelmChartContainer - [hivemq-test-hivemq-platform] [hivemq-platform-operator] [4164af51] 18:43:07.069 [Controller Starter for: hivemq-controller] INFO  i.j.operator.processing.Controller - Starting 'hivemq-controller' controller for reconciler: com.hivemq.platform.operator.HiveMQPlatformReconciler, resource: com.hivemq.platform.operator.v1.HiveMQPlatform
2025-01-29 18:43:09,469 INFO c.h.h.t.HelmChartContainer - [hivemq-test-hivemq-platform] [hivemq-platform-operator] [4164af51] 18:43:09.468 [Controller Starter for: hivemq-controller] INFO  i.j.operator.processing.Controller - 'hivemq-controller' controller started
2025-01-29 18:43:09,469 INFO c.h.h.t.HelmChartContainer - [hivemq-test-hivemq-platform] [hivemq-platform-operator] [4164af51] 18:43:09.468 [main] INFO  c.h.p.o.HiveMQPlatformOperatorApplication - HiveMQ Platform Operator 1.7.0-SNAPSHOT started in 6694 ms
2025-01-29 18:43:10,798 INFO c.h.h.t.HelmChartContainer - [K3S] [replica_set.go:679] "Finished syncing" kind="ReplicaSet" key="helmextensionlicensesit-operator/hivemq-test-hivemq-platform-operator-6966f96d65" duration="11.030212ms"
2025-01-29 18:43:10,799 INFO c.h.h.t.HelmChartContainer - [K3S] [replica_set.go:679] "Finished syncing" kind="ReplicaSet" key="helmextensionlicensesit-operator/hivemq-test-hivemq-platform-operator-6966f96d65" duration="37.109µs"
2025-01-29 18:43:10,800 INFO c.h.h.t.HelmChartContainer - [POD] hivemq-test-hivemq-platform-operator-6966f96d65-x7pfr [4164af51-9547-47a8-b56f-31fb8f84d51c] in helmextensionlicensesit-operator was MODIFIED
2025-01-29 18:43:11,522 INFO c.h.h.testcontainer.LogWaiterUtil - TEST Waiting for log pattern on 'test-hivemq-platform-0': .*Extension "HiveMQ Enterprise Distributed Tracing Extension" version .* started successfully.
2025-01-29 18:43:11,522 INFO c.h.h.testcontainer.LogWaiterUtil - TEST Waiting for log pattern on 'test-hivemq-platform-0': .*License file tracing.elic is corrupt.
2025-01-29 18:43:11,597 DEBUG c.h.h.t.HelmChartContainer - Executing helm command: /bin/helm --kubeconfig /etc/rancher/k3s/k3s.yaml install test-hivemq-platform /charts/hivemq-platform --wait --timeout 5m0s --set image.repository=docker.io/hivemq --set image.tag=4.36.0 --set image.pullPolicy=Never --set nodes.resources.cpu=512m -f /files/distributed-tracing-extension-values.yaml --set license.name=tracing-extension-secret-license --namespace helmextensionlicensesit
2025-01-29 18:43:11,830 INFO c.h.h.t.HelmChartContainer - [hivemq-test-hivemq-platform] [hivemq-platform-operator] [4164af51] 18:43:11.828 [-2082509879-pool-1-thread-2] WARN  i.m.p.PrometheusMeterRegistry - The meter (MeterId{name='operator.sdk.events.received', tags=[tag(action=ADDED),tag(event=ResourceEvent),tag(group=hivemq.com),tag(kind=HiveMQPlatform),tag(name=test-hivemq-platform),tag(namespace=helmextensionlicensesit),tag(scope=namespace),tag(version=v1)]}) registration has failed: Prometheus requires that all meters with the same name have the same set of tag keys. There is already an existing meter named 'operator.sdk.events.received' containing tag keys [event, group, kind, name, namespace, scope, version]. The meter you are attempting to register has keys [action, event, group, kind, name, namespace, scope, version]. Note that subsequent logs will be logged at debug level.
2025-01-29 18:43:12,274 INFO c.h.h.t.HelmChartContainer - [hivemq-test-hivemq-platform] [hivemq-platform-operator] [4164af51] 18:43:12.272 [pool-6-thread-3] DEBUG c.h.p.o.dependants.PodInfoConfigMap - [helmexte] Desired PodInfo ConfigMap (1 extensions) (1 enabled)
2025-01-29 18:43:12,274 INFO c.h.h.t.HelmChartContainer - [hivemq-test-hivemq-platform] [hivemq-platform-operator] [4164af51] 18:43:12.272 [pool-6-thread-3] DEBUG c.h.p.o.dependants.PodInfoConfigMap - [helmexte] Desired PodInfo ConfigMap (metrics port: 9399) (metrics path: /)
2025-01-29 18:43:12,274 INFO c.h.h.t.HelmChartContainer - [hivemq-test-hivemq-platform] [hivemq-platform-operator] [4164af51] 18:43:12.272 [pool-6-thread-3] DEBUG c.h.p.o.dependants.PodInfoConfigMap - [helmexte] Desired PodInfo ConfigMap (extension state hash: -2074414437)
2025-01-29 18:43:12,275 INFO c.h.h.t.HelmChartContainer - [hivemq-test-hivemq-platform] [hivemq-platform-operator] [4164af51] 18:43:12.274 [pool-6-thread-3] DEBUG c.h.p.o.dependants.PodInfoConfigMap - [helmexte] Create PodInfo ConfigMap
2025-01-29 18:43:12,463 INFO c.h.h.t.HelmChartContainer - [hivemq-test-hivemq-platform] [hivemq-platform-operator] [4164af51] 18:43:12.379 [pool-6-thread-5] DEBUG c.h.p.o.dependants.PodRoleResource - [helmexte] Create Role: Role(apiVersion=rbac.authorization.k8s.io/v1, kind=Role, metadata=ObjectMeta(annotations={meta.helm.sh/release-name=test-hivemq-platform, meta.helm.sh/release-namespace=helmextensionlicensesit}, creationTimestamp=null, deletionGracePeriodSeconds=null, deletionTimestamp=null, finalizers=[], generateName=null, generation=null, labels={helm.sh/chart=hivemq-platform-0.2.32, app.kubernetes.io/managed-by=Helm, app.kubernetes.io/name=hivemq-platform, hivemq-platform=test-hivemq-platform, app.kubernetes.io/instance=test-hivemq-platform, app.kubernetes.io/version=4.36.0}, managedFields=[], name=hivemq-platform-role-test-hivemq-platform, namespace=helmextensionlicensesit, ownerReferences=[OwnerReference(apiVersion=hivemq.com/v1, blockOwnerDeletion=null, controller=null, kind=HiveMQPlatform, name=test-hivemq-platform, uid=8de05c9b-e141-4c34-a4f6-834297f2840a, additionalProperties={})], resourceVersion=null, selfLink=null, uid=null, additionalProperties={}), rules=[PolicyRule(apiGroups=[], nonResourceURLs=[], resourceNames=[], resources=[pods], verbs=[get, patch, update], additionalProperties={})], additionalProperties={})
2025-01-29 18:43:12,569 INFO c.h.h.t.HelmChartContainer - [hivemq-test-hivemq-platform] [hivemq-platform-operator] [4164af51] 18:43:12.567 [pool-6-thread-7] DEBUG c.h.p.o.d.PodServiceAccountResource - [helmexte] Desired PodServiceAccountResource (serviceAccountName: hivemq-platform-pod-test-hivemq-platform)
2025-01-29 18:43:12,569 INFO c.h.h.t.HelmChartContainer - [hivemq-test-hivemq-platform] [hivemq-platform-operator] [4164af51] 18:43:12.568 [pool-6-thread-7] DEBUG c.h.p.o.d.PodServiceAccountResource - [helmexte] Create ServiceAccount 'hivemq-platform-pod-test-hivemq-platform'
2025-01-29 18:43:12,676 INFO c.h.h.t.HelmChartContainer - [hivemq-test-hivemq-platform] [hivemq-platform-operator] [4164af51] 18:43:12.675 [pool-6-thread-10] DEBUG c.h.p.o.d.PodRoleBindingResource - [helmexte] Create RoleBinding: RoleBinding(apiVersion=rbac.authorization.k8s.io/v1, kind=RoleBinding, metadata=ObjectMeta(annotations={meta.helm.sh/release-name=test-hivemq-platform, meta.helm.sh/release-namespace=helmextensionlicensesit}, creationTimestamp=null, deletionGracePeriodSeconds=null, deletionTimestamp=null, finalizers=[], generateName=null, generation=null, labels={helm.sh/chart=hivemq-platform-0.2.32, app.kubernetes.io/managed-by=Helm, app.kubernetes.io/name=hivemq-platform, hivemq-platform=test-hivemq-platform, app.kubernetes.io/instance=test-hivemq-platform, app.kubernetes.io/version=4.36.0}, managedFields=[], name=hivemq-platform-role-binding-test-hivemq-platform, namespace=helmextensionlicensesit, ownerReferences=[OwnerReference(apiVersion=hivemq.com/v1, blockOwnerDeletion=null, controller=null, kind=HiveMQPlatform, name=test-hivemq-platform, uid=8de05c9b-e141-4c34-a4f6-834297f2840a, additionalProperties={})], resourceVersion=null, selfLink=null, uid=null, additionalProperties={}), roleRef=RoleRef(apiGroup=rbac.authorization.k8s.io, kind=Role, name=hivemq-platform-role-test-hivemq-platform, additionalProperties={}), subjects=[Subject(apiGroup=null, kind=ServiceAccount, name=hivemq-platform-pod-test-hivemq-platform, namespace=helmextensionlicensesit, additionalProperties={})], additionalProperties={})
2025-01-29 18:43:12,775 INFO c.h.h.t.HelmChartContainer - [hivemq-test-hivemq-platform] [hivemq-platform-operator] [4164af51] 18:43:12.774 [ReconcilerExecutor-hivemq-controller-53] INFO  c.h.p.o.HiveMQPlatformReconciler - [helmexte] Reconciling HiveMQ Platform 'test-hivemq-platform' in namespace 'helmextensionlicensesit'
2025-01-29 18:43:12,776 INFO c.h.h.t.HelmChartContainer - [hivemq-test-hivemq-platform] [hivemq-platform-operator] [4164af51] 18:43:12.775 [ReconcilerExecutor-hivemq-controller-53] DEBUG c.h.p.o.HiveMQPlatformReconciler - [helmexte] Custom Resource Status CREATED - HiveMQ Platform was created (READY)
2025-01-29 18:43:12,776 INFO c.h.h.t.HelmChartContainer - [hivemq-test-hivemq-platform] [hivemq-platform-operator] [4164af51] 18:43:12.775 [ReconcilerExecutor-hivemq-controller-53] DEBUG c.h.p.o.HiveMQPlatformReconciler - [helmexte] Custom Resource Spec (replicas: 1) (extensions: 1)
2025-01-29 18:43:12,780 INFO c.h.h.t.HelmChartContainer - [hivemq-test-hivemq-platform] [hivemq-platform-operator] [4164af51] 18:43:12.779 [ReconcilerExecutor-hivemq-controller-53] INFO  c.h.p.o.h.HiveMQPlatformReconcilerBaseHandler - [helmexte] HiveMQ Platform is starting
2025-01-29 18:43:12,877 INFO c.h.h.t.HelmChartContainer - [hivemq-test-hivemq-platform] [hivemq-platform-operator] [4164af51] 18:43:12.876 [ReconcilerExecutor-hivemq-controller-53] DEBUG c.h.p.operator.event.EventSender - [helmexte] Creating K8s event hivemq-platform-starting: [Start] HiveMQ Platform is starting
2025-01-29 18:43:12,964 INFO c.h.h.t.HelmChartContainer - [EVENT] Normal [Start] HiveMQ Platform is starting [helmextensionlicensesit:test-hivemq-platform]
2025-01-29 18:43:12,969 INFO c.h.h.t.HelmChartContainer - [hivemq-test-hivemq-platform] [hivemq-platform-operator] [4164af51] 18:43:12.967 [ReconcilerExecutor-hivemq-controller-53] INFO  c.h.p.o.h.AbstractHiveMQReconcilerStateHandler - [helmexte] Update HiveMQ Platform Status (CREATED [READY] -> STARTING [READY]): HiveMQ Platform is starting
2025-01-29 18:43:12,982 DEBUG com.hivemq.helmcharts.util.K8sUtil - Comparing actual state 'STARTING' and waiting for 'RUNNING'
2025-01-29 18:43:16,049 INFO c.h.h.t.HelmChartContainer - [K3S] [range_allocator.go:247] "Successfully synced" key="c8c2901b2546"
2025-01-29 18:43:22,992 INFO c.h.h.t.HelmChartContainer - [hivemq-test-hivemq-platform] [hivemq-platform-operator] [4164af51] 18:43:22.990 [pool-6-thread-12] DEBUG c.h.p.o.d.PlatformServiceResource - [helmexte] Desired Platform services (3 services)
2025-01-29 18:43:22,993 INFO c.h.h.t.HelmChartContainer - [hivemq-test-hivemq-platform] [hivemq-platform-operator] [4164af51] 18:43:22.992 [pool-6-thread-13] DEBUG c.h.p.o.dependants.PodInfoConfigMap - [helmexte] Desired PodInfo ConfigMap (1 extensions) (1 enabled)
2025-01-29 18:43:22,993 INFO c.h.h.t.HelmChartContainer - [hivemq-test-hivemq-platform] [hivemq-platform-operator] [4164af51] 18:43:22.992 [pool-6-thread-13] DEBUG c.h.p.o.dependants.PodInfoConfigMap - [helmexte] Desired PodInfo ConfigMap (metrics port: 9399) (metrics path: /)
2025-01-29 18:43:22,993 INFO c.h.h.t.HelmChartContainer - [hivemq-test-hivemq-platform] [hivemq-platform-operator] [4164af51] 18:43:22.992 [pool-6-thread-13] DEBUG c.h.p.o.dependants.PodInfoConfigMap - [helmexte] Desired PodInfo ConfigMap (extension state hash: -2074414437)
2025-01-29 18:43:22,996 INFO c.h.h.t.HelmChartContainer - [hivemq-test-hivemq-platform] [hivemq-platform-operator] [4164af51] 18:43:22.995 [pool-6-thread-17] DEBUG c.h.p.o.d.PodServiceAccountResource - [helmexte] Desired PodServiceAccountResource (serviceAccountName: hivemq-platform-pod-test-hivemq-platform)
2025-01-29 18:43:22,997 INFO c.h.h.t.HelmChartContainer - [hivemq-test-hivemq-platform] [hivemq-platform-operator] [4164af51] 18:43:22.996 [pool-6-thread-13] DEBUG c.h.p.o.dependants.PodInfoConfigMap - [helmexte] Update PodInfo ConfigMap
2025-01-29 18:43:23,071 INFO c.h.h.t.HelmChartContainer - [K3S] [alloc.go:330] "allocated clusterIPs" service="helmextensionlicensesit/hivemq-test-hivemq-platform-metrics-9399" clusterIPs={"IPv4":"10.43.80.193"}
2025-01-29 18:43:23,099 INFO c.h.h.t.HelmChartContainer - [K3S] [alloc.go:330] "allocated clusterIPs" service="helmextensionlicensesit/hivemq-test-hivemq-platform-cc-8080" clusterIPs={"IPv4":"10.43.141.160"}
2025-01-29 18:43:23,173 INFO c.h.h.t.HelmChartContainer - [K3S] [alloc.go:330] "allocated clusterIPs" service="helmextensionlicensesit/hivemq-test-hivemq-platform-mqtt-1883" clusterIPs={"IPv4":"10.43.56.151"}
2025-01-29 18:43:23,261 INFO c.h.h.t.HelmChartContainer - [hivemq-test-hivemq-platform] [hivemq-platform-operator] [4164af51] 18:43:23.260 [pool-6-thread-20] DEBUG c.h.p.o.d.StatefulSetResource - [helmexte] Desired StatefulSet (1 replicas) for status STARTING (READY)
2025-01-29 18:43:23,278 INFO c.h.h.t.HelmChartContainer - [hivemq-test-hivemq-platform] [hivemq-platform-operator] [4164af51] 18:43:23.276 [pool-6-thread-20] DEBUG c.h.p.o.d.StatefulSetResource - [helmexte] Create StatefulSet
2025-01-29 18:43:23,379 INFO c.h.h.t.HelmChartContainer - [hivemq-test-hivemq-platform] [hivemq-platform-operator] [4164af51] 18:43:23.377 [ReconcilerExecutor-hivemq-controller-64] INFO  c.h.p.o.HiveMQPlatformReconciler - [helmexte] Reconciling HiveMQ Platform 'test-hivemq-platform' in namespace 'helmextensionlicensesit'
2025-01-29 18:43:23,379 INFO c.h.h.t.HelmChartContainer - [hivemq-test-hivemq-platform] [hivemq-platform-operator] [4164af51] 18:43:23.377 [ReconcilerExecutor-hivemq-controller-64] DEBUG c.h.p.o.HiveMQPlatformReconciler - [helmexte] Custom Resource Status STARTING - HiveMQ Platform is starting (READY)
2025-01-29 18:43:23,379 INFO c.h.h.t.HelmChartContainer - [hivemq-test-hivemq-platform] [hivemq-platform-operator] [4164af51] 18:43:23.377 [ReconcilerExecutor-hivemq-controller-64] DEBUG c.h.p.o.HiveMQPlatformReconciler - [helmexte] Custom Resource Spec (replicas: 1) (extensions: 1)
2025-01-29 18:43:23,384 INFO c.h.h.t.HelmChartContainer - [EVENT] Normal [SuccessfulCreate] create Pod test-hivemq-platform-0 in StatefulSet test-hivemq-platform successful [helmextensionlicensesit:test-hivemq-platform]
2025-01-29 18:43:23,384 INFO c.h.h.t.HelmChartContainer - [POD] test-hivemq-platform-0 [718ee4dd-4239-4ec8-8ba5-03959ce0b6e3] in helmextensionlicensesit was ADDED
2025-01-29 18:43:23,393 INFO c.h.h.t.HelmChartContainer - [EVENT] Normal [Scheduled] Successfully assigned helmextensionlicensesit/test-hivemq-platform-0 to c8c2901b2546 [helmextensionlicensesit:test-hivemq-platform-0]
2025-01-29 18:43:23,394 INFO c.h.h.t.HelmChartContainer - [POD] test-hivemq-platform-0 [718ee4dd-4239-4ec8-8ba5-03959ce0b6e3] in helmextensionlicensesit was MODIFIED
2025-01-29 18:43:23,403 INFO c.h.h.t.HelmChartContainer - [POD] test-hivemq-platform-0 [718ee4dd-4239-4ec8-8ba5-03959ce0b6e3] in helmextensionlicensesit was MODIFIED
2025-01-29 18:43:23,414 INFO c.h.h.t.HelmChartContainer - [K3S] [reconciler_common.go:251] "operationExecutor.VerifyControllerAttachedVolume started for volume \"extension-configuration-hivemq-distributed-tracing-extension\" (UniqueName: \"kubernetes.io/configmap/718ee4dd-4239-4ec8-8ba5-03959ce0b6e3-extension-configuration-hivemq-distributed-tracing-extension\") pod \"test-hivemq-platform-0\" (UID: \"718ee4dd-4239-4ec8-8ba5-03959ce0b6e3\") " pod="helmextensionlicensesit/test-hivemq-platform-0"
2025-01-29 18:43:23,414 INFO c.h.h.t.HelmChartContainer - [K3S] [reconciler_common.go:251] "operationExecutor.VerifyControllerAttachedVolume started for volume \"operator-init\" (UniqueName: \"kubernetes.io/empty-dir/718ee4dd-4239-4ec8-8ba5-03959ce0b6e3-operator-init\") pod \"test-hivemq-platform-0\" (UID: \"718ee4dd-4239-4ec8-8ba5-03959ce0b6e3\") " pod="helmextensionlicensesit/test-hivemq-platform-0"
2025-01-29 18:43:23,414 INFO c.h.h.t.HelmChartContainer - [K3S] [reconciler_common.go:251] "operationExecutor.VerifyControllerAttachedVolume started for volume \"broker-configuration\" (UniqueName: \"kubernetes.io/configmap/718ee4dd-4239-4ec8-8ba5-03959ce0b6e3-broker-configuration\") pod \"test-hivemq-platform-0\" (UID: \"718ee4dd-4239-4ec8-8ba5-03959ce0b6e3\") " pod="helmextensionlicensesit/test-hivemq-platform-0"
2025-01-29 18:43:23,415 INFO c.h.h.t.HelmChartContainer - [K3S] [reconciler_common.go:251] "operationExecutor.VerifyControllerAttachedVolume started for volume \"licenses\" (UniqueName: \"kubernetes.io/secret/718ee4dd-4239-4ec8-8ba5-03959ce0b6e3-licenses\") pod \"test-hivemq-platform-0\" (UID: \"718ee4dd-4239-4ec8-8ba5-03959ce0b6e3\") " pod="helmextensionlicensesit/test-hivemq-platform-0"
2025-01-29 18:43:23,415 INFO c.h.h.t.HelmChartContainer - [K3S] [reconciler_common.go:251] "operationExecutor.VerifyControllerAttachedVolume started for volume \"kube-api-access-tl8qz\" (UniqueName: \"kubernetes.io/projected/718ee4dd-4239-4ec8-8ba5-03959ce0b6e3-kube-api-access-tl8qz\") pod \"test-hivemq-platform-0\" (UID: \"718ee4dd-4239-4ec8-8ba5-03959ce0b6e3\") " pod="helmextensionlicensesit/test-hivemq-platform-0"
2025-01-29 18:43:23,415 INFO c.h.h.t.HelmChartContainer - [K3S] [reconciler_common.go:251] "operationExecutor.VerifyControllerAttachedVolume started for volume \"pod-info\" (UniqueName: \"kubernetes.io/configmap/718ee4dd-4239-4ec8-8ba5-03959ce0b6e3-pod-info\") pod \"test-hivemq-platform-0\" (UID: \"718ee4dd-4239-4ec8-8ba5-03959ce0b6e3\") " pod="helmextensionlicensesit/test-hivemq-platform-0"
2025-01-29 18:43:23,466 INFO c.h.h.t.HelmChartContainer - [hivemq-test-hivemq-platform] [hivemq-platform-operator] [4164af51] 18:43:23.464 [ReconcilerExecutor-hivemq-controller-64] DEBUG c.h.p.o.HiveMQPlatformReconciler - [helmexte] StatefulSet Status (revision: null, replicas: 0, available: 0, ready: 0, current: 0, updated: 0)
2025-01-29 18:43:23,467 INFO c.h.h.t.HelmChartContainer - [hivemq-test-hivemq-platform] [hivemq-platform-operator] [4164af51] 18:43:23.464 [ReconcilerExecutor-hivemq-controller-64] DEBUG c.h.p.o.HiveMQPlatformReconciler - [helmexte] StatefulSet Spec (replicas: 1, init containers: 1, containers: 1, volumes: 5)
2025-01-29 18:43:23,563 INFO c.h.h.t.HelmChartContainer - [hivemq-test-hivemq-platform] [hivemq-platform-operator] [4164af51] 18:43:23.562 [ReconcilerExecutor-hivemq-controller-64] DEBUG c.h.p.o.h.HiveMQPlatformReconcilerErrorHandler - [helmexte] Pod 'test-hivemq-platform-0' phase Pending
2025-01-29 18:43:23,564 INFO c.h.h.t.HelmChartContainer - [hivemq-test-hivemq-platform] [hivemq-platform-operator] [4164af51] 18:43:23.562 [ReconcilerExecutor-hivemq-controller-64] DEBUG c.h.p.o.h.HiveMQPlatformReconcilerErrorHandler - [helmexte] Pod 'test-hivemq-platform-0' condition 'PodReadyToStartContainers': False
2025-01-29 18:43:23,564 INFO c.h.h.t.HelmChartContainer - [hivemq-test-hivemq-platform] [hivemq-platform-operator] [4164af51] 18:43:23.563 [ReconcilerExecutor-hivemq-controller-64] DEBUG c.h.p.o.h.HiveMQPlatformReconcilerErrorHandler - [helmexte] Pod 'test-hivemq-platform-0' condition 'Initialized': False
2025-01-29 18:43:23,565 INFO c.h.h.t.HelmChartContainer - [hivemq-test-hivemq-platform] [hivemq-platform-operator] [4164af51] 18:43:23.563 [ReconcilerExecutor-hivemq-controller-64] DEBUG c.h.p.o.h.HiveMQPlatformReconcilerErrorHandler - [helmexte] Pod 'test-hivemq-platform-0' condition 'Ready': False
2025-01-29 18:43:23,565 INFO c.h.h.t.HelmChartContainer - [hivemq-test-hivemq-platform] [hivemq-platform-operator] [4164af51] 18:43:23.563 [ReconcilerExecutor-hivemq-controller-64] DEBUG c.h.p.o.h.HiveMQPlatformReconcilerErrorHandler - [helmexte] Pod 'test-hivemq-platform-0' condition 'ContainersReady': False
2025-01-29 18:43:23,565 INFO c.h.h.t.HelmChartContainer - [hivemq-test-hivemq-platform] [hivemq-platform-operator] [4164af51] 18:43:23.563 [ReconcilerExecutor-hivemq-controller-64] DEBUG c.h.p.o.h.HiveMQPlatformReconcilerErrorHandler - [helmexte] Pod 'test-hivemq-platform-0' condition 'PodScheduled': True
2025-01-29 18:43:23,565 INFO c.h.h.t.HelmChartContainer - [hivemq-test-hivemq-platform] [hivemq-platform-operator] [4164af51] 18:43:23.563 [ReconcilerExecutor-hivemq-controller-64] DEBUG c.h.p.o.h.HiveMQPlatformReconcilerErrorHandler - [helmexte] Pod 'test-hivemq-platform-0' containerStatus 'hivemq' (started: false) (ready: false) (waiting: [PodInitializing] null)
2025-01-29 18:43:23,567 INFO c.h.h.t.HelmChartContainer - [hivemq-test-hivemq-platform] [hivemq-platform-operator] [4164af51] 18:43:23.566 [ReconcilerExecutor-hivemq-controller-64] INFO  c.h.p.o.h.HiveMQPlatformReconcilerBaseHandler - [helmexte] HiveMQ Platform is starting, 0 of 1 replicas are ready
2025-01-29 18:43:23,575 INFO c.h.h.t.HelmChartContainer - [hivemq-test-hivemq-platform] [hivemq-platform-operator] [4164af51] 18:43:23.571 [pool-6-thread-22] DEBUG c.h.p.o.d.PlatformServiceResource - [helmexte] Desired Platform services (3 services)
2025-01-29 18:43:23,575 INFO c.h.h.t.HelmChartContainer - [hivemq-test-hivemq-platform] [hivemq-platform-operator] [4164af51] 18:43:23.573 [pool-6-thread-23] DEBUG c.h.p.o.dependants.PodInfoConfigMap - [helmexte] Desired PodInfo ConfigMap (1 extensions) (1 enabled)
2025-01-29 18:43:23,575 INFO c.h.h.t.HelmChartContainer - [hivemq-test-hivemq-platform] [hivemq-platform-operator] [4164af51] 18:43:23.573 [pool-6-thread-23] DEBUG c.h.p.o.dependants.PodInfoConfigMap - [helmexte] Desired PodInfo ConfigMap (metrics port: 9399) (metrics path: /)
2025-01-29 18:43:23,575 INFO c.h.h.t.HelmChartContainer - [hivemq-test-hivemq-platform] [hivemq-platform-operator] [4164af51] 18:43:23.573 [pool-6-thread-23] DEBUG c.h.p.o.dependants.PodInfoConfigMap - [helmexte] Desired PodInfo ConfigMap (extension state hash: -2074414437)
2025-01-29 18:43:23,663 INFO c.h.h.t.HelmChartContainer - [hivemq-test-hivemq-platform] [hivemq-platform-operator] [4164af51] 18:43:23.661 [pool-6-thread-27] DEBUG c.h.p.o.d.PodServiceAccountResource - [helmexte] Desired PodServiceAccountResource (serviceAccountName: hivemq-platform-pod-test-hivemq-platform)
2025-01-29 18:43:23,667 INFO c.h.h.t.HelmChartContainer - [hivemq-test-hivemq-platform] [hivemq-platform-operator] [4164af51] 18:43:23.666 [pool-6-thread-30] DEBUG c.h.p.o.d.StatefulSetResource - [helmexte] Desired StatefulSet (1 replicas) for status STARTING (READY)
2025-01-29 18:43:23,674 INFO c.h.h.t.HelmChartContainer - [hivemq-test-hivemq-platform] [hivemq-platform-operator] [4164af51] 18:43:23.673 [ReconcilerExecutor-hivemq-controller-76] INFO  c.h.p.o.HiveMQPlatformReconciler - [helmexte] Reconciling HiveMQ Platform 'test-hivemq-platform' in namespace 'helmextensionlicensesit'
2025-01-29 18:43:23,677 INFO c.h.h.t.HelmChartContainer - [hivemq-test-hivemq-platform] [hivemq-platform-operator] [4164af51] 18:43:23.674 [ReconcilerExecutor-hivemq-controller-76] DEBUG c.h.p.o.HiveMQPlatformReconciler - [helmexte] Custom Resource Status STARTING - HiveMQ Platform is starting (READY)
2025-01-29 18:43:23,677 INFO c.h.h.t.HelmChartContainer - [hivemq-test-hivemq-platform] [hivemq-platform-operator] [4164af51] 18:43:23.674 [ReconcilerExecutor-hivemq-controller-76] DEBUG c.h.p.o.HiveMQPlatformReconciler - [helmexte] Custom Resource Spec (replicas: 1) (extensions: 1)
2025-01-29 18:43:23,763 INFO c.h.h.t.HelmChartContainer - [hivemq-test-hivemq-platform] [hivemq-platform-operator] [4164af51] 18:43:23.762 [ReconcilerExecutor-hivemq-controller-76] DEBUG c.h.p.o.HiveMQPlatformReconciler - [helmexte] StatefulSet Status (revision: test-hivemq-platform-784f65f8f4, replicas: 1, available: 0, ready: 0, current: 1, updated: 1)
2025-01-29 18:43:23,765 INFO c.h.h.t.HelmChartContainer - [hivemq-test-hivemq-platform] [hivemq-platform-operator] [4164af51] 18:43:23.763 [ReconcilerExecutor-hivemq-controller-76] DEBUG c.h.p.o.HiveMQPlatformReconciler - [helmexte] StatefulSet Spec (replicas: 1, init containers: 1, containers: 1, volumes: 5)
2025-01-29 18:43:23,768 INFO c.h.h.t.HelmChartContainer - [hivemq-test-hivemq-platform] [hivemq-platform-operator] [4164af51] 18:43:23.766 [ReconcilerExecutor-hivemq-controller-76] DEBUG c.h.p.o.h.HiveMQPlatformReconcilerErrorHandler - [helmexte] Pod 'test-hivemq-platform-0' phase Pending
2025-01-29 18:43:23,769 INFO c.h.h.t.HelmChartContainer - [hivemq-test-hivemq-platform] [hivemq-platform-operator] [4164af51] 18:43:23.767 [ReconcilerExecutor-hivemq-controller-76] DEBUG c.h.p.o.h.HiveMQPlatformReconcilerErrorHandler - [helmexte] Pod 'test-hivemq-platform-0' condition 'PodReadyToStartContainers': False
2025-01-29 18:43:23,770 INFO c.h.h.t.HelmChartContainer - [hivemq-test-hivemq-platform] [hivemq-platform-operator] [4164af51] 18:43:23.767 [ReconcilerExecutor-hivemq-controller-76] DEBUG c.h.p.o.h.HiveMQPlatformReconcilerErrorHandler - [helmexte] Pod 'test-hivemq-platform-0' condition 'Initialized': False
2025-01-29 18:43:23,770 INFO c.h.h.t.HelmChartContainer - [hivemq-test-hivemq-platform] [hivemq-platform-operator] [4164af51] 18:43:23.767 [ReconcilerExecutor-hivemq-controller-76] DEBUG c.h.p.o.h.HiveMQPlatformReconcilerErrorHandler - [helmexte] Pod 'test-hivemq-platform-0' condition 'Ready': False
2025-01-29 18:43:23,771 INFO c.h.h.t.HelmChartContainer - [hivemq-test-hivemq-platform] [hivemq-platform-operator] [4164af51] 18:43:23.767 [ReconcilerExecutor-hivemq-controller-76] DEBUG c.h.p.o.h.HiveMQPlatformReconcilerErrorHandler - [helmexte] Pod 'test-hivemq-platform-0' condition 'ContainersReady': False
2025-01-29 18:43:23,771 INFO c.h.h.t.HelmChartContainer - [hivemq-test-hivemq-platform] [hivemq-platform-operator] [4164af51] 18:43:23.767 [ReconcilerExecutor-hivemq-controller-76] DEBUG c.h.p.o.h.HiveMQPlatformReconcilerErrorHandler - [helmexte] Pod 'test-hivemq-platform-0' condition 'PodScheduled': True
2025-01-29 18:43:23,771 INFO c.h.h.t.HelmChartContainer - [hivemq-test-hivemq-platform] [hivemq-platform-operator] [4164af51] 18:43:23.767 [ReconcilerExecutor-hivemq-controller-76] DEBUG c.h.p.o.h.HiveMQPlatformReconcilerErrorHandler - [helmexte] Pod 'test-hivemq-platform-0' containerStatus 'hivemq' (started: false) (ready: false) (waiting: [PodInitializing] null)
2025-01-29 18:43:23,771 INFO c.h.h.t.HelmChartContainer - [hivemq-test-hivemq-platform] [hivemq-platform-operator] [4164af51] 18:43:23.769 [ReconcilerExecutor-hivemq-controller-76] INFO  c.h.p.o.h.HiveMQPlatformReconcilerBaseHandler - [helmexte] HiveMQ Platform is starting, 0 of 1 replicas are ready
2025-01-29 18:43:23,787 INFO c.h.h.t.HelmChartContainer - [EVENT] Normal [Pulled] Container image "docker.io/hivemq/hivemq-platform-operator-init-test:snapshot" already present on machine [helmextensionlicensesit:test-hivemq-platform-0]
2025-01-29 18:43:23,935 INFO c.h.h.t.HelmChartContainer - [EVENT] Normal [Created] Created container: hivemq-platform-operator-init [helmextensionlicensesit:test-hivemq-platform-0]
2025-01-29 18:43:23,975 INFO c.h.h.t.HelmChartContainer - [EVENT] Normal [Started] Started container hivemq-platform-operator-init [helmextensionlicensesit:test-hivemq-platform-0]
2025-01-29 18:43:24,814 INFO c.h.h.t.HelmChartContainer - [EVENT] Normal [Pulled] Container image "docker.io/hivemq/hivemq4:4.36.0" already present on machine [helmextensionlicensesit:test-hivemq-platform-0]
2025-01-29 18:43:24,814 INFO c.h.h.t.HelmChartContainer - Received Pulled event for container hivemq in pod test-hivemq-platform-0 [718ee4dd-4239-4ec8-8ba5-03959ce0b6e3]
2025-01-29 18:43:24,825 INFO c.h.h.t.HelmChartContainer - [POD] test-hivemq-platform-0 [718ee4dd-4239-4ec8-8ba5-03959ce0b6e3] in helmextensionlicensesit was MODIFIED
2025-01-29 18:43:24,853 INFO c.h.h.t.HelmChartContainer - [hivemq-test-hivemq-platform] [hivemq-platform-operator] [4164af51] 18:43:24.848 [pool-6-thread-32] DEBUG c.h.p.o.d.PlatformServiceResource - [helmexte] Desired Platform services (3 services)
2025-01-29 18:43:24,859 INFO c.h.h.t.HelmChartContainer - [hivemq-test-hivemq-platform] [hivemq-platform-operator] [4164af51] 18:43:24.856 [pool-6-thread-33] DEBUG c.h.p.o.dependants.PodInfoConfigMap - [helmexte] Desired PodInfo ConfigMap (1 extensions) (1 enabled)
2025-01-29 18:43:24,859 INFO c.h.h.t.HelmChartContainer - [hivemq-test-hivemq-platform] [hivemq-platform-operator] [4164af51] 18:43:24.857 [pool-6-thread-33] DEBUG c.h.p.o.dependants.PodInfoConfigMap - [helmexte] Desired PodInfo ConfigMap (metrics port: 9399) (metrics path: /)
2025-01-29 18:43:24,859 INFO c.h.h.t.HelmChartContainer - [hivemq-test-hivemq-platform] [hivemq-platform-operator] [4164af51] 18:43:24.857 [pool-6-thread-33] DEBUG c.h.p.o.dependants.PodInfoConfigMap - [helmexte] Desired PodInfo ConfigMap (extension state hash: -2074414437)
2025-01-29 18:43:24,861 INFO c.h.h.t.HelmChartContainer - [hivemq-test-hivemq-platform] [hivemq-platform-operator] [4164af51] 18:43:24.859 [pool-6-thread-37] DEBUG c.h.p.o.d.PodServiceAccountResource - [helmexte] Desired PodServiceAccountResource (serviceAccountName: hivemq-platform-pod-test-hivemq-platform)
2025-01-29 18:43:24,944 INFO c.h.h.t.HelmChartContainer - [hivemq-test-hivemq-platform] [hivemq-platform-operator] [4164af51] 18:43:24.941 [pool-6-thread-40] DEBUG c.h.p.o.d.StatefulSetResource - [helmexte] Desired StatefulSet (1 replicas) for status STARTING (READY)
2025-01-29 18:43:24,948 INFO c.h.h.t.HelmChartContainer - [hivemq-test-hivemq-platform] [hivemq-platform-operator] [4164af51] 18:43:24.947 [ReconcilerExecutor-hivemq-controller-87] INFO  c.h.p.o.HiveMQPlatformReconciler - [helmexte] Reconciling HiveMQ Platform 'test-hivemq-platform' in namespace 'helmextensionlicensesit'
2025-01-29 18:43:24,949 INFO c.h.h.t.HelmChartContainer - [hivemq-test-hivemq-platform] [hivemq-platform-operator] [4164af51] 18:43:24.947 [ReconcilerExecutor-hivemq-controller-87] DEBUG c.h.p.o.HiveMQPlatformReconciler - [helmexte] Custom Resource Status STARTING - HiveMQ Platform is starting (READY)
2025-01-29 18:43:24,950 INFO c.h.h.t.HelmChartContainer - [hivemq-test-hivemq-platform] [hivemq-platform-operator] [4164af51] 18:43:24.947 [ReconcilerExecutor-hivemq-controller-87] DEBUG c.h.p.o.HiveMQPlatformReconciler - [helmexte] Custom Resource Spec (replicas: 1) (extensions: 1)
2025-01-29 18:43:24,952 INFO c.h.h.t.HelmChartContainer - [hivemq-test-hivemq-platform] [hivemq-platform-operator] [4164af51] 18:43:24.950 [ReconcilerExecutor-hivemq-controller-87] DEBUG c.h.p.o.HiveMQPlatformReconciler - [helmexte] StatefulSet Status (revision: test-hivemq-platform-784f65f8f4, replicas: 1, available: 0, ready: 0, current: 1, updated: 1)
2025-01-29 18:43:24,952 INFO c.h.h.t.HelmChartContainer - [hivemq-test-hivemq-platform] [hivemq-platform-operator] [4164af51] 18:43:24.951 [ReconcilerExecutor-hivemq-controller-87] DEBUG c.h.p.o.HiveMQPlatformReconciler - [helmexte] StatefulSet Spec (replicas: 1, init containers: 1, containers: 1, volumes: 5)
2025-01-29 18:43:24,956 INFO c.h.h.t.HelmChartContainer - [hivemq-test-hivemq-platform] [hivemq-platform-operator] [4164af51] 18:43:24.955 [ReconcilerExecutor-hivemq-controller-87] DEBUG c.h.p.o.h.HiveMQPlatformReconcilerErrorHandler - [helmexte] Pod 'test-hivemq-platform-0' phase Pending
2025-01-29 18:43:24,961 INFO c.h.h.t.HelmChartContainer - [hivemq-test-hivemq-platform] [hivemq-platform-operator] [4164af51] 18:43:24.959 [ReconcilerExecutor-hivemq-controller-87] DEBUG c.h.p.o.h.HiveMQPlatformReconcilerErrorHandler - [helmexte] Pod 'test-hivemq-platform-0' condition 'PodReadyToStartContainers': True
2025-01-29 18:43:24,962 INFO c.h.h.t.HelmChartContainer - [hivemq-test-hivemq-platform] [hivemq-platform-operator] [4164af51] 18:43:24.959 [ReconcilerExecutor-hivemq-controller-87] DEBUG c.h.p.o.h.HiveMQPlatformReconcilerErrorHandler - [helmexte] Pod 'test-hivemq-platform-0' condition 'Initialized': True
2025-01-29 18:43:24,962 INFO c.h.h.t.HelmChartContainer - [hivemq-test-hivemq-platform] [hivemq-platform-operator] [4164af51] 18:43:24.959 [ReconcilerExecutor-hivemq-controller-87] DEBUG c.h.p.o.h.HiveMQPlatformReconcilerErrorHandler - [helmexte] Pod 'test-hivemq-platform-0' condition 'Ready': False
2025-01-29 18:43:24,962 INFO c.h.h.t.HelmChartContainer - [hivemq-test-hivemq-platform] [hivemq-platform-operator] [4164af51] 18:43:24.959 [ReconcilerExecutor-hivemq-controller-87] DEBUG c.h.p.o.h.HiveMQPlatformReconcilerErrorHandler - [helmexte] Pod 'test-hivemq-platform-0' condition 'ContainersReady': False
2025-01-29 18:43:24,962 INFO c.h.h.t.HelmChartContainer - [hivemq-test-hivemq-platform] [hivemq-platform-operator] [4164af51] 18:43:24.959 [ReconcilerExecutor-hivemq-controller-87] DEBUG c.h.p.o.h.HiveMQPlatformReconcilerErrorHandler - [helmexte] Pod 'test-hivemq-platform-0' condition 'PodScheduled': True
2025-01-29 18:43:24,962 INFO c.h.h.t.HelmChartContainer - [hivemq-test-hivemq-platform] [hivemq-platform-operator] [4164af51] 18:43:24.959 [ReconcilerExecutor-hivemq-controller-87] DEBUG c.h.p.o.h.HiveMQPlatformReconcilerErrorHandler - [helmexte] Pod 'test-hivemq-platform-0' containerStatus 'hivemq' (started: false) (ready: false) (waiting: [PodInitializing] null)
2025-01-29 18:43:24,962 INFO c.h.h.t.HelmChartContainer - [hivemq-test-hivemq-platform] [hivemq-platform-operator] [4164af51] 18:43:24.960 [ReconcilerExecutor-hivemq-controller-87] INFO  c.h.p.o.h.HiveMQPlatformReconcilerBaseHandler - [helmexte] HiveMQ Platform is starting, 0 of 1 replicas are ready
2025-01-29 18:43:26,003 INFO c.h.h.t.HelmChartContainer - [EVENT] Normal [Created] Created container: hivemq [helmextensionlicensesit:test-hivemq-platform-0]
2025-01-29 18:43:26,003 INFO c.h.h.t.HelmChartContainer - Received Created event for container hivemq in pod test-hivemq-platform-0 [718ee4dd-4239-4ec8-8ba5-03959ce0b6e3]
2025-01-29 18:43:26,827 INFO c.h.h.t.HelmChartContainer - [POD] test-hivemq-platform-0 [718ee4dd-4239-4ec8-8ba5-03959ce0b6e3] in helmextensionlicensesit was MODIFIED
2025-01-29 18:43:26,839 INFO c.h.h.t.HelmChartContainer - [EVENT] Normal [Started] Started container hivemq [helmextensionlicensesit:test-hivemq-platform-0]
2025-01-29 18:43:26,839 INFO c.h.h.t.HelmChartContainer - Received Started event for container hivemq in pod test-hivemq-platform-0 [718ee4dd-4239-4ec8-8ba5-03959ce0b6e3]
2025-01-29 18:43:26,839 INFO c.h.h.t.HelmChartContainer - Started log watcher for hivemq in pod test-hivemq-platform-0 [718ee4dd-4239-4ec8-8ba5-03959ce0b6e3]
2025-01-29 18:43:26,839 INFO c.h.h.t.HelmChartContainer - [test-hivemq-platform] [hivemq] [718ee4dd] Adding pre-installed HiveMQ Platform Operator extensions
2025-01-29 18:43:26,839 INFO c.h.h.t.HelmChartContainer - [test-hivemq-platform] [hivemq] [718ee4dd] Running as user 10000
2025-01-29 18:43:26,839 INFO c.h.h.t.HelmChartContainer - [test-hivemq-platform] [hivemq] [718ee4dd] Starting HiveMQ Platform Operator Init
2025-01-29 18:43:26,842 INFO c.h.h.t.HelmChartContainer - [hivemq-test-hivemq-platform] [hivemq-platform-operator] [4164af51] 18:43:26.839 [pool-6-thread-42] DEBUG c.h.p.o.d.PlatformServiceResource - [helmexte] Desired Platform services (3 services)
2025-01-29 18:43:26,843 INFO c.h.h.t.HelmChartContainer - [hivemq-test-hivemq-platform] [hivemq-platform-operator] [4164af51] 18:43:26.841 [pool-6-thread-43] DEBUG c.h.p.o.dependants.PodInfoConfigMap - [helmexte] Desired PodInfo ConfigMap (1 extensions) (1 enabled)
2025-01-29 18:43:26,843 INFO c.h.h.t.HelmChartContainer - [hivemq-test-hivemq-platform] [hivemq-platform-operator] [4164af51] 18:43:26.841 [pool-6-thread-43] DEBUG c.h.p.o.dependants.PodInfoConfigMap - [helmexte] Desired PodInfo ConfigMap (metrics port: 9399) (metrics path: /)
2025-01-29 18:43:26,844 INFO c.h.h.t.HelmChartContainer - [hivemq-test-hivemq-platform] [hivemq-platform-operator] [4164af51] 18:43:26.841 [pool-6-thread-43] DEBUG c.h.p.o.dependants.PodInfoConfigMap - [helmexte] Desired PodInfo ConfigMap (extension state hash: -2074414437)
2025-01-29 18:43:26,863 INFO c.h.h.t.HelmChartContainer - [hivemq-test-hivemq-platform] [hivemq-platform-operator] [4164af51] 18:43:26.860 [pool-6-thread-47] DEBUG c.h.p.o.d.PodServiceAccountResource - [helmexte] Desired PodServiceAccountResource (serviceAccountName: hivemq-platform-pod-test-hivemq-platform)
2025-01-29 18:43:26,867 INFO c.h.h.t.HelmChartContainer - [hivemq-test-hivemq-platform] [hivemq-platform-operator] [4164af51] 18:43:26.866 [pool-6-thread-50] DEBUG c.h.p.o.d.StatefulSetResource - [helmexte] Desired StatefulSet (1 replicas) for status STARTING (READY)
2025-01-29 18:43:26,880 INFO c.h.h.t.HelmChartContainer - [hivemq-test-hivemq-platform] [hivemq-platform-operator] [4164af51] 18:43:26.874 [ReconcilerExecutor-hivemq-controller-98] INFO  c.h.p.o.HiveMQPlatformReconciler - [helmexte] Reconciling HiveMQ Platform 'test-hivemq-platform' in namespace 'helmextensionlicensesit'
2025-01-29 18:43:26,880 INFO c.h.h.t.HelmChartContainer - [hivemq-test-hivemq-platform] [hivemq-platform-operator] [4164af51] 18:43:26.874 [ReconcilerExecutor-hivemq-controller-98] DEBUG c.h.p.o.HiveMQPlatformReconciler - [helmexte] Custom Resource Status STARTING - HiveMQ Platform is starting (READY)
2025-01-29 18:43:26,880 INFO c.h.h.t.HelmChartContainer - [hivemq-test-hivemq-platform] [hivemq-platform-operator] [4164af51] 18:43:26.874 [ReconcilerExecutor-hivemq-controller-98] DEBUG c.h.p.o.HiveMQPlatformReconciler - [helmexte] Custom Resource Spec (replicas: 1) (extensions: 1)
2025-01-29 18:43:26,881 INFO c.h.h.t.HelmChartContainer - [hivemq-test-hivemq-platform] [hivemq-platform-operator] [4164af51] 18:43:26.877 [ReconcilerExecutor-hivemq-controller-98] DEBUG c.h.p.o.HiveMQPlatformReconciler - [helmexte] StatefulSet Status (revision: test-hivemq-platform-784f65f8f4, replicas: 1, available: 0, ready: 0, current: 1, updated: 1)
2025-01-29 18:43:26,881 INFO c.h.h.t.HelmChartContainer - [hivemq-test-hivemq-platform] [hivemq-platform-operator] [4164af51] 18:43:26.877 [ReconcilerExecutor-hivemq-controller-98] DEBUG c.h.p.o.HiveMQPlatformReconciler - [helmexte] StatefulSet Spec (replicas: 1, init containers: 1, containers: 1, volumes: 5)
2025-01-29 18:43:26,945 INFO c.h.h.t.HelmChartContainer - [hivemq-test-hivemq-platform] [hivemq-platform-operator] [4164af51] 18:43:26.944 [ReconcilerExecutor-hivemq-controller-98] DEBUG c.h.p.o.h.HiveMQPlatformReconcilerErrorHandler - [helmexte] Pod 'test-hivemq-platform-0' phase Running
2025-01-29 18:43:26,961 INFO c.h.h.t.HelmChartContainer - [hivemq-test-hivemq-platform] [hivemq-platform-operator] [4164af51] 18:43:26.960 [ReconcilerExecutor-hivemq-controller-98] INFO  c.h.p.o.h.HiveMQPlatformReconcilerBaseHandler - [helmexte] HiveMQ Platform is starting, 0 of 1 replicas are ready
2025-01-29 18:43:27,275 INFO c.h.h.t.HelmChartContainer - [test-hivemq-platform] [hivemq] [718ee4dd] INFO  - [HiveMQ Platform Operator Init 1.7.0-SNAPSHOT] HiveMQ Platform Operator Init 1.7.0-SNAPSHOT (commit: b1b9591 on branch: HEAD) built on Wed Jan 29 18:32:18 UTC 2025
2025-01-29 18:43:28,462 INFO c.h.h.t.HelmChartContainer - [test-hivemq-platform] [hivemq] [718ee4dd] INFO  - [HiveMQ Platform Operator Init App 1.7.0-SNAPSHOT] Using bind address 10.42.0.12 from environment variable
2025-01-29 18:43:29,390 INFO c.h.h.t.HelmChartContainer - [test-hivemq-platform] [hivemq] [718ee4dd] INFO  - [HiveMQ Platform Operator Init App 1.7.0-SNAPSHOT] HiveMQ Platform Operator Init App 1.7.0-SNAPSHOT (commit: b1b9591 on branch: HEAD) built on Wed Jan 29 18:32:18 UTC 2025
2025-01-29 18:43:29,390 INFO c.h.h.t.HelmChartContainer - [test-hivemq-platform] [hivemq] [718ee4dd] INFO  - [HiveMQ Platform Operator Init App 1.7.0-SNAPSHOT] PodInfo ConfigMap directory: /etc/podinfo
2025-01-29 18:43:29,390 INFO c.h.h.t.HelmChartContainer - [test-hivemq-platform] [hivemq] [718ee4dd] INFO  - [HiveMQ Platform Operator Init App 1.7.0-SNAPSHOT] HiveMQ home directory: /opt/hivemq
2025-01-29 18:43:29,390 INFO c.h.h.t.HelmChartContainer - [test-hivemq-platform] [hivemq] [718ee4dd] INFO  - [HiveMQ Platform Operator Init App 1.7.0-SNAPSHOT] HiveMQ Logback folder: /opt/hivemq/conf
2025-01-29 18:43:29,390 INFO c.h.h.t.HelmChartContainer - [test-hivemq-platform] [hivemq] [718ee4dd] INFO  - [HiveMQ Platform Operator Init App 1.7.0-SNAPSHOT] HiveMQ Config folder: /opt/hivemq/conf-k8s
2025-01-29 18:43:29,390 INFO c.h.h.t.HelmChartContainer - [test-hivemq-platform] [hivemq] [718ee4dd] INFO  - [HiveMQ Platform Operator Init App 1.7.0-SNAPSHOT] Starting HiveMQ Platform Operator Init App
2025-01-29 18:43:29,391 INFO c.h.h.t.HelmChartContainer - [test-hivemq-platform] [hivemq] [718ee4dd] INFO  - [HiveMQ Platform Operator Init App 1.7.0-SNAPSHOT] Starting Pod reconciler
2025-01-29 18:43:30,791 INFO c.h.h.t.HelmChartContainer - [test-hivemq-platform] [hivemq] [718ee4dd] INFO  - [HiveMQ Platform Operator Init App 1.7.0-SNAPSHOT] Pod reconciler is scheduled (interval: 5000 ms)
2025-01-29 18:43:30,852 INFO c.h.h.t.HelmChartContainer - [test-hivemq-platform] [hivemq] [718ee4dd] INFO  - [HiveMQ Platform Operator Init App 1.7.0-SNAPSHOT] Starting the REST API on 10.42.0.12:7979
2025-01-29 18:43:30,855 INFO c.h.h.t.HelmChartContainer - [test-hivemq-platform] [hivemq] [718ee4dd] INFO  - [HiveMQ Platform Operator Init App 1.7.0-SNAPSHOT] Waiting up to 600s for at most 1 HiveMQ nodes in cluster service hivemq-test-hivemq-platform-cluster.helmextensionlicensesit.svc
2025-01-29 18:43:31,161 INFO c.h.h.t.HelmChartContainer - [test-hivemq-platform] [hivemq] [718ee4dd] INFO  - [HiveMQ Platform Operator Init App 1.7.0-SNAPSHOT] Resolved 1 IP addresses: [10.42.0.12]
2025-01-29 18:43:31,161 INFO c.h.h.t.HelmChartContainer - [test-hivemq-platform] [hivemq] [718ee4dd] INFO  - [HiveMQ Platform Operator Init App 1.7.0-SNAPSHOT] HiveMQ node count of 1 is within threshold of 1
2025-01-29 18:43:31,162 INFO c.h.h.t.HelmChartContainer - [test-hivemq-platform] [hivemq] [718ee4dd] INFO  - [HiveMQ Platform Operator Init App 1.7.0-SNAPSHOT] Proceeding with container start
2025-01-29 18:43:31,260 INFO c.h.h.t.HelmChartContainer - [test-hivemq-platform] [hivemq] [718ee4dd] INFO  - [HiveMQ Platform Operator Init App 1.7.0-SNAPSHOT] Initializing HiveMQ Platform extensions with initial configuration: {hivemq-distributed-tracing-extension={start-priority=-1, skip-https-hostname-verification=false, restart=false, config-version=1294, header-version=0, c-uri=, priority=-1, uri=preinstalled, skip-https-certificate-validation=false, enabled=true}, hivemq-prometheus-extension={restart=true, enabled=true, request-header-path=no-request-headers, uri=preinstalled, skip-https-certificate-validation=false, skip-https-hostname-verification=false, c-uri=, start-priority=-1, priority=-1}}
2025-01-29 18:43:31,683 INFO c.h.h.t.HelmChartContainer - [test-hivemq-platform] [hivemq] [718ee4dd] INFO  - [HiveMQ Platform Operator Init App 1.7.0-SNAPSHOT] Successfully enabled extension hivemq-distributed-tracing-extension
2025-01-29 18:43:31,774 INFO c.h.h.t.HelmChartContainer - [test-hivemq-platform] [hivemq] [718ee4dd] INFO  - [HiveMQ Platform Operator Init App 1.7.0-SNAPSHOT] Successfully enabled extension hivemq-prometheus-extension
2025-01-29 18:43:31,776 INFO c.h.h.t.HelmChartContainer - [test-hivemq-platform] [hivemq] [718ee4dd] INFO  - [HiveMQ Platform Operator Init App 1.7.0-SNAPSHOT] Starting HiveMQ Platform version 4.36.0 (4.36.0)
2025-01-29 18:43:31,776 INFO c.h.h.t.HelmChartContainer - [test-hivemq-platform] [hivemq] [718ee4dd] INFO  - [HiveMQ Platform Operator Init App 1.7.0-SNAPSHOT] Configuring the HiveMQ Platform
2025-01-29 18:43:31,857 INFO c.h.h.t.HelmChartContainer - [test-hivemq-platform] [hivemq] [718ee4dd] INFO  - [HiveMQ Platform Operator Init App 1.7.0-SNAPSHOT] Changed logback.xml file scan period to 20 seconds
2025-01-29 18:43:31,881 INFO c.h.h.t.HelmChartContainer - [test-hivemq-platform] [hivemq] [718ee4dd] INFO  - [HiveMQ Platform Operator Init App 1.7.0-SNAPSHOT] Starting the HiveMQ Platform
2025-01-29 18:43:31,883 INFO c.h.h.t.HelmChartContainer - [test-hivemq-platform] [hivemq] [718ee4dd] -------------------------------------------------------------------------
2025-01-29 18:43:31,883 INFO c.h.h.t.HelmChartContainer - [test-hivemq-platform] [hivemq] [718ee4dd] 
2025-01-29 18:43:31,884 INFO c.h.h.t.HelmChartContainer - [test-hivemq-platform] [hivemq] [718ee4dd]                   _    _  _              __  __   ____
2025-01-29 18:43:31,884 INFO c.h.h.t.HelmChartContainer - [test-hivemq-platform] [hivemq] [718ee4dd]                  | |  | |(_)            |  \/  | / __ \
2025-01-29 18:43:31,884 INFO c.h.h.t.HelmChartContainer - [test-hivemq-platform] [hivemq] [718ee4dd]                  | |__| | _ __   __ ___ | \  / || |  | |
2025-01-29 18:43:31,884 INFO c.h.h.t.HelmChartContainer - [test-hivemq-platform] [hivemq] [718ee4dd]                  |  __  || |\ \ / // _ \| |\/| || |  | |
2025-01-29 18:43:31,884 INFO c.h.h.t.HelmChartContainer - [test-hivemq-platform] [hivemq] [718ee4dd]                  | |  | || | \ V /|  __/| |  | || |__| |
2025-01-29 18:43:31,884 INFO c.h.h.t.HelmChartContainer - [test-hivemq-platform] [hivemq] [718ee4dd]                  |_|  |_||_|  \_/  \___||_|  |_| \___\_\
2025-01-29 18:43:31,884 INFO c.h.h.t.HelmChartContainer - [test-hivemq-platform] [hivemq] [718ee4dd] 
2025-01-29 18:43:31,884 INFO c.h.h.t.HelmChartContainer - [test-hivemq-platform] [hivemq] [718ee4dd] -------------------------------------------------------------------------
2025-01-29 18:43:31,884 INFO c.h.h.t.HelmChartContainer - [test-hivemq-platform] [hivemq] [718ee4dd] 
2025-01-29 18:43:31,951 INFO c.h.h.t.HelmChartContainer - [test-hivemq-platform] [hivemq] [718ee4dd]   HiveMQ Start Script for Linux/Unix v1.14
2025-01-29 18:43:31,951 INFO c.h.h.t.HelmChartContainer - [test-hivemq-platform] [hivemq] [718ee4dd] 
2025-01-29 18:43:31,984 INFO c.h.h.t.HelmChartContainer - [test-hivemq-platform] [hivemq] [718ee4dd] -------------------------------------------------------------------------
2025-01-29 18:43:31,984 INFO c.h.h.t.HelmChartContainer - [test-hivemq-platform] [hivemq] [718ee4dd] 
2025-01-29 18:43:31,984 INFO c.h.h.t.HelmChartContainer - [test-hivemq-platform] [hivemq] [718ee4dd]   HIVEMQ_HOME: /opt/hivemq
2025-01-29 18:43:31,984 INFO c.h.h.t.HelmChartContainer - [test-hivemq-platform] [hivemq] [718ee4dd] 
2025-01-29 18:43:31,984 INFO c.h.h.t.HelmChartContainer - [test-hivemq-platform] [hivemq] [718ee4dd]   JAVA_OPTS: -XX:+UnlockExperimentalVMOptions -XX:InitialRAMPercentage=50 -XX:MaxRAMPercentage=50 -Djava.net.preferIPv4Stack=true --add-opens java.base/java.lang=ALL-UNNAMED --add-opens java.base/java.nio=ALL-UNNAMED --add-opens java.base/sun.nio.ch=ALL-UNNAMED --add-opens jdk.management/com.sun.management.internal=ALL-UNNAMED --add-exports java.base/jdk.internal.misc=ALL-UNNAMED -Djava.security.egd=file:/dev/./urandom -Dcom.sun.management.jmxremote -Dcom.sun.management.jmxremote.port=9010 -Dcom.sun.management.jmxremote.local.only=false -Dcom.sun.management.jmxremote.authenticate=false -Dcom.sun.management.jmxremote.ssl=false -Duser.language=en -Duser.region=US -XX:+CrashOnOutOfMemoryError -XX:+HeapDumpOnOutOfMemoryError
2025-01-29 18:43:31,984 INFO c.h.h.t.HelmChartContainer - [test-hivemq-platform] [hivemq] [718ee4dd] 
2025-01-29 18:43:31,984 INFO c.h.h.t.HelmChartContainer - [test-hivemq-platform] [hivemq] [718ee4dd]   JAVA_VERSION: 21
2025-01-29 18:43:31,984 INFO c.h.h.t.HelmChartContainer - [test-hivemq-platform] [hivemq] [718ee4dd] 
2025-01-29 18:43:31,984 INFO c.h.h.t.HelmChartContainer - [test-hivemq-platform] [hivemq] [718ee4dd] -------------------------------------------------------------------------
2025-01-29 18:43:31,984 INFO c.h.h.t.HelmChartContainer - [test-hivemq-platform] [hivemq] [718ee4dd] 
2025-01-29 18:43:32,977 INFO c.h.h.t.HelmChartContainer - [test-hivemq-platform] [hivemq] [718ee4dd] INFO  - [HiveMQ Platform Operator Init App 1.7.0-SNAPSHOT] Returning default Health API response 503 for readiness
2025-01-29 18:43:33,285 INFO c.h.h.t.HelmChartContainer - [EVENT] Warning [Unhealthy] Readiness probe failed: HTTP probe failed with statuscode: 503 [helmextensionlicensesit:test-hivemq-platform-0]
2025-01-29 18:43:33,285 INFO c.h.h.t.HelmChartContainer - Received Unhealthy event for container hivemq in pod test-hivemq-platform-0 [718ee4dd-4239-4ec8-8ba5-03959ce0b6e3]
2025-01-29 18:43:34,753 INFO c.h.h.t.HelmChartContainer - [test-hivemq-platform] [hivemq] [718ee4dd] INFO  - Starting HiveMQ Enterprise Server
2025-01-29 18:43:34,758 INFO c.h.h.t.HelmChartContainer - [test-hivemq-platform] [hivemq] [718ee4dd] INFO  - HiveMQ version: 4.36.0
2025-01-29 18:43:34,758 INFO c.h.h.t.HelmChartContainer - [test-hivemq-platform] [hivemq] [718ee4dd] INFO  - HiveMQ home directory: /opt/hivemq
2025-01-29 18:43:34,774 INFO c.h.h.t.HelmChartContainer - [test-hivemq-platform] [hivemq] [718ee4dd] INFO  - Log Configuration was overridden by /opt/hivemq/conf/logback.xml
2025-01-29 18:43:36,078 INFO c.h.h.t.HelmChartContainer - [test-hivemq-platform] [hivemq] [718ee4dd] INFO  - Successfully loaded configuration from '/opt/hivemq/conf-k8s/config.xml'.
2025-01-29 18:43:36,965 INFO c.h.h.t.HelmChartContainer - [hivemq-test-hivemq-platform] [hivemq-platform-operator] [4164af51] 18:43:36.964 [pool-6-thread-5] DEBUG c.h.p.o.d.PlatformServiceResource - [helmexte] Desired Platform services (3 services)
2025-01-29 18:43:36,970 INFO c.h.h.t.HelmChartContainer - [hivemq-test-hivemq-platform] [hivemq-platform-operator] [4164af51] 18:43:36.966 [pool-6-thread-6] DEBUG c.h.p.o.d.PodServiceAccountResource - [helmexte] Desired PodServiceAccountResource (serviceAccountName: hivemq-platform-pod-test-hivemq-platform)
2025-01-29 18:43:36,970 INFO c.h.h.t.HelmChartContainer - [hivemq-test-hivemq-platform] [hivemq-platform-operator] [4164af51] 18:43:36.968 [pool-6-thread-8] DEBUG c.h.p.o.dependants.PodInfoConfigMap - [helmexte] Desired PodInfo ConfigMap (1 extensions) (1 enabled)
2025-01-29 18:43:36,970 INFO c.h.h.t.HelmChartContainer - [hivemq-test-hivemq-platform] [hivemq-platform-operator] [4164af51] 18:43:36.968 [pool-6-thread-8] DEBUG c.h.p.o.dependants.PodInfoConfigMap - [helmexte] Desired PodInfo ConfigMap (metrics port: 9399) (metrics path: /)
2025-01-29 18:43:36,970 INFO c.h.h.t.HelmChartContainer - [hivemq-test-hivemq-platform] [hivemq-platform-operator] [4164af51] 18:43:36.968 [pool-6-thread-8] DEBUG c.h.p.o.dependants.PodInfoConfigMap - [helmexte] Desired PodInfo ConfigMap (extension state hash: -2074414437)
2025-01-29 18:43:36,977 INFO c.h.h.t.HelmChartContainer - [hivemq-test-hivemq-platform] [hivemq-platform-operator] [4164af51] 18:43:36.976 [pool-6-thread-5] DEBUG c.h.p.o.d.StatefulSetResource - [helmexte] Desired StatefulSet (1 replicas) for status STARTING (READY)
2025-01-29 18:43:36,986 INFO c.h.h.t.HelmChartContainer - [test-hivemq-platform] [hivemq] [718ee4dd] INFO  - This node's ID is T9iqi
2025-01-29 18:43:36,986 INFO c.h.h.t.HelmChartContainer - [test-hivemq-platform] [hivemq] [718ee4dd] INFO  - Clustering is enabled
2025-01-29 18:43:37,066 INFO c.h.h.t.HelmChartContainer - [hivemq-test-hivemq-platform] [hivemq-platform-operator] [4164af51] 18:43:37.063 [ReconcilerExecutor-hivemq-controller-109] INFO  c.h.p.o.HiveMQPlatformReconciler - [helmexte] Reconciling HiveMQ Platform 'test-hivemq-platform' in namespace 'helmextensionlicensesit'
2025-01-29 18:43:37,066 INFO c.h.h.t.HelmChartContainer - [hivemq-test-hivemq-platform] [hivemq-platform-operator] [4164af51] 18:43:37.064 [ReconcilerExecutor-hivemq-controller-109] DEBUG c.h.p.o.HiveMQPlatformReconciler - [helmexte] Custom Resource Status STARTING - HiveMQ Platform is starting (READY)
2025-01-29 18:43:37,066 INFO c.h.h.t.HelmChartContainer - [hivemq-test-hivemq-platform] [hivemq-platform-operator] [4164af51] 18:43:37.064 [ReconcilerExecutor-hivemq-controller-109] DEBUG c.h.p.o.HiveMQPlatformReconciler - [helmexte] Custom Resource Spec (replicas: 1) (extensions: 1)
2025-01-29 18:43:37,068 INFO c.h.h.t.HelmChartContainer - [hivemq-test-hivemq-platform] [hivemq-platform-operator] [4164af51] 18:43:37.067 [ReconcilerExecutor-hivemq-controller-109] DEBUG c.h.p.o.HiveMQPlatformReconciler - [helmexte] StatefulSet Status (revision: test-hivemq-platform-784f65f8f4, replicas: 1, available: 0, ready: 0, current: 1, updated: 1)
2025-01-29 18:43:37,068 INFO c.h.h.t.HelmChartContainer - [hivemq-test-hivemq-platform] [hivemq-platform-operator] [4164af51] 18:43:37.067 [ReconcilerExecutor-hivemq-controller-109] DEBUG c.h.p.o.HiveMQPlatformReconciler - [helmexte] StatefulSet Spec (replicas: 1, init containers: 1, containers: 1, volumes: 5)
2025-01-29 18:43:37,069 INFO c.h.h.t.HelmChartContainer - [hivemq-test-hivemq-platform] [hivemq-platform-operator] [4164af51] 18:43:37.068 [ReconcilerExecutor-hivemq-controller-109] DEBUG c.h.p.o.h.HiveMQPlatformReconcilerErrorHandler - [helmexte] Pod 'test-hivemq-platform-0' phase Running
2025-01-29 18:43:37,070 INFO c.h.h.t.HelmChartContainer - [hivemq-test-hivemq-platform] [hivemq-platform-operator] [4164af51] 18:43:37.069 [ReconcilerExecutor-hivemq-controller-109] INFO  c.h.p.o.h.HiveMQPlatformReconcilerBaseHandler - [helmexte] HiveMQ Platform is starting, 0 of 1 replicas are ready
2025-01-29 18:43:38,278 INFO c.h.h.t.HelmChartContainer - [test-hivemq-platform] [hivemq] [718ee4dd] WARN  - [HiveMQ Platform Operator Init App 1.7.0-SNAPSHOT] Cannot connect to Health API for readiness: null
2025-01-29 18:43:38,285 INFO c.h.h.t.HelmChartContainer - [EVENT] Warning [Unhealthy] Readiness probe failed: HTTP probe failed with statuscode: 503 [helmextensionlicensesit:test-hivemq-platform-0]
2025-01-29 18:43:38,285 INFO c.h.h.t.HelmChartContainer - Received Unhealthy event for container hivemq in pod test-hivemq-platform-0 [718ee4dd-4239-4ec8-8ba5-03959ce0b6e3]
2025-01-29 18:43:40,984 INFO c.h.h.t.HelmChartContainer - [test-hivemq-platform] [hivemq] [718ee4dd] Jan 29, 2025 6:43:40 PM io.vertx.core.impl.BlockedThreadChecker
2025-01-29 18:43:40,984 INFO c.h.h.t.HelmChartContainer - [test-hivemq-platform] [hivemq] [718ee4dd] WARNING: Thread Thread[vert.x-eventloop-thread-1,5,main] has been blocked for 2121 ms, time limit is 2000 ms
2025-01-29 18:43:41,580 INFO c.h.h.t.HelmChartContainer - [test-hivemq-platform] [hivemq] [718ee4dd] INFO  - [HiveMQ Platform Operator Init App 1.7.0-SNAPSHOT] Updating Pod HiveMQ Platform Operator Init App version annotation (version: 1.7.0-SNAPSHOT)
2025-01-29 18:43:42,456 INFO c.h.h.t.HelmChartContainer - [POD] test-hivemq-platform-0 [718ee4dd-4239-4ec8-8ba5-03959ce0b6e3] in helmextensionlicensesit was MODIFIED
2025-01-29 18:43:42,463 INFO c.h.h.t.HelmChartContainer - [hivemq-test-hivemq-platform] [hivemq-platform-operator] [4164af51] 18:43:42.461 [pool-6-thread-16] DEBUG c.h.p.o.d.PlatformServiceResource - [helmexte] Desired Platform services (3 services)
2025-01-29 18:43:42,464 INFO c.h.h.t.HelmChartContainer - [hivemq-test-hivemq-platform] [hivemq-platform-operator] [4164af51] 18:43:42.462 [pool-6-thread-14] DEBUG c.h.p.o.dependants.PodInfoConfigMap - [helmexte] Desired PodInfo ConfigMap (1 extensions) (1 enabled)
2025-01-29 18:43:42,467 INFO c.h.h.t.HelmChartContainer - [hivemq-test-hivemq-platform] [hivemq-platform-operator] [4164af51] 18:43:42.462 [pool-6-thread-14] DEBUG c.h.p.o.dependants.PodInfoConfigMap - [helmexte] Desired PodInfo ConfigMap (metrics port: 9399) (metrics path: /)
2025-01-29 18:43:42,467 INFO c.h.h.t.HelmChartContainer - [hivemq-test-hivemq-platform] [hivemq-platform-operator] [4164af51] 18:43:42.462 [pool-6-thread-14] DEBUG c.h.p.o.dependants.PodInfoConfigMap - [helmexte] Desired PodInfo ConfigMap (extension state hash: -2074414437)
2025-01-29 18:43:42,467 INFO c.h.h.t.HelmChartContainer - [hivemq-test-hivemq-platform] [hivemq-platform-operator] [4164af51] 18:43:42.464 [pool-6-thread-15] DEBUG c.h.p.o.d.PodServiceAccountResource - [helmexte] Desired PodServiceAccountResource (serviceAccountName: hivemq-platform-pod-test-hivemq-platform)
2025-01-29 18:43:42,472 INFO c.h.h.t.HelmChartContainer - [hivemq-test-hivemq-platform] [hivemq-platform-operator] [4164af51] 18:43:42.471 [pool-6-thread-16] DEBUG c.h.p.o.d.StatefulSetResource - [helmexte] Desired StatefulSet (1 replicas) for status STARTING (READY)
2025-01-29 18:43:42,480 INFO c.h.h.t.HelmChartContainer - [hivemq-test-hivemq-platform] [hivemq-platform-operator] [4164af51] 18:43:42.479 [ReconcilerExecutor-hivemq-controller-110] INFO  c.h.p.o.HiveMQPlatformReconciler - [helmexte] Reconciling HiveMQ Platform 'test-hivemq-platform' in namespace 'helmextensionlicensesit'
2025-01-29 18:43:42,481 INFO c.h.h.t.HelmChartContainer - [hivemq-test-hivemq-platform] [hivemq-platform-operator] [4164af51] 18:43:42.479 [ReconcilerExecutor-hivemq-controller-110] DEBUG c.h.p.o.HiveMQPlatformReconciler - [helmexte] Custom Resource Status STARTING - HiveMQ Platform is starting (READY)
2025-01-29 18:43:42,481 INFO c.h.h.t.HelmChartContainer - [hivemq-test-hivemq-platform] [hivemq-platform-operator] [4164af51] 18:43:42.479 [ReconcilerExecutor-hivemq-controller-110] DEBUG c.h.p.o.HiveMQPlatformReconciler - [helmexte] Custom Resource Spec (replicas: 1) (extensions: 1)
2025-01-29 18:43:42,487 INFO c.h.h.t.HelmChartContainer - [test-hivemq-platform] [hivemq] [718ee4dd] WARN  - [HiveMQ Platform Operator Init App 1.7.0-SNAPSHOT] Cannot connect to Health API for readiness: null
2025-01-29 18:43:42,494 INFO c.h.h.t.HelmChartContainer - [EVENT] Warning [Unhealthy] Readiness probe failed: HTTP probe failed with statuscode: 503 [helmextensionlicensesit:test-hivemq-platform-0]
2025-01-29 18:43:42,494 INFO c.h.h.t.HelmChartContainer - Received Unhealthy event for container hivemq in pod test-hivemq-platform-0 [718ee4dd-4239-4ec8-8ba5-03959ce0b6e3]
2025-01-29 18:43:42,542 INFO c.h.h.t.HelmChartContainer - [hivemq-test-hivemq-platform] [hivemq-platform-operator] [4164af51] 18:43:42.540 [ReconcilerExecutor-hivemq-controller-110] DEBUG c.h.p.o.HiveMQPlatformReconciler - [helmexte] StatefulSet Status (revision: test-hivemq-platform-784f65f8f4, replicas: 1, available: 0, ready: 0, current: 1, updated: 1)
2025-01-29 18:43:42,542 INFO c.h.h.t.HelmChartContainer - [hivemq-test-hivemq-platform] [hivemq-platform-operator] [4164af51] 18:43:42.540 [ReconcilerExecutor-hivemq-controller-110] DEBUG c.h.p.o.HiveMQPlatformReconciler - [helmexte] StatefulSet Spec (replicas: 1, init containers: 1, containers: 1, volumes: 5)
2025-01-29 18:43:42,543 INFO c.h.h.t.HelmChartContainer - [hivemq-test-hivemq-platform] [hivemq-platform-operator] [4164af51] 18:43:42.542 [ReconcilerExecutor-hivemq-controller-110] DEBUG c.h.p.o.h.HiveMQPlatformReconcilerErrorHandler - [helmexte] Pod 'test-hivemq-platform-0' phase Running
2025-01-29 18:43:42,544 INFO c.h.h.t.HelmChartContainer - [hivemq-test-hivemq-platform] [hivemq-platform-operator] [4164af51] 18:43:42.543 [ReconcilerExecutor-hivemq-controller-110] INFO  c.h.p.o.h.HiveMQPlatformReconcilerBaseHandler - [helmexte] HiveMQ Platform is starting, 0 of 1 replicas are ready
2025-01-29 18:43:42,552 INFO c.h.h.t.HelmChartContainer - [test-hivemq-platform] [hivemq] [718ee4dd] INFO  - [HiveMQ Platform Operator Init App 1.7.0-SNAPSHOT] Successfully updated Pod HiveMQ Platform Operator Init App version annotation (version: 1.7.0-SNAPSHOT)
2025-01-29 18:43:47,478 INFO c.h.h.t.HelmChartContainer - [test-hivemq-platform] [hivemq] [718ee4dd] WARN  - [HiveMQ Platform Operator Init App 1.7.0-SNAPSHOT] Cannot connect to Health API for readiness: null
2025-01-29 18:43:47,483 INFO c.h.h.t.HelmChartContainer - [EVENT] Warning [Unhealthy] Readiness probe failed: HTTP probe failed with statuscode: 503 [helmextensionlicensesit:test-hivemq-platform-0]
2025-01-29 18:43:47,483 INFO c.h.h.t.HelmChartContainer - Received Unhealthy event for container hivemq in pod test-hivemq-platform-0 [718ee4dd-4239-4ec8-8ba5-03959ce0b6e3]
2025-01-29 18:43:52,475 INFO c.h.h.t.HelmChartContainer - [test-hivemq-platform] [hivemq] [718ee4dd] WARN  - [HiveMQ Platform Operator Init App 1.7.0-SNAPSHOT] Cannot connect to Health API for readiness: null
2025-01-29 18:43:52,481 INFO c.h.h.t.HelmChartContainer - [EVENT] Warning [Unhealthy] Readiness probe failed: HTTP probe failed with statuscode: 503 [helmextensionlicensesit:test-hivemq-platform-0]
2025-01-29 18:43:52,481 INFO c.h.h.t.HelmChartContainer - Received Unhealthy event for container hivemq in pod test-hivemq-platform-0 [718ee4dd-4239-4ec8-8ba5-03959ce0b6e3]
2025-01-29 18:43:52,552 INFO c.h.h.t.HelmChartContainer - [hivemq-test-hivemq-platform] [hivemq-platform-operator] [4164af51] 18:43:52.548 [pool-6-thread-24] DEBUG c.h.p.o.d.PlatformServiceResource - [helmexte] Desired Platform services (3 services)
2025-01-29 18:43:52,552 INFO c.h.h.t.HelmChartContainer - [hivemq-test-hivemq-platform] [hivemq-platform-operator] [4164af51] 18:43:52.550 [pool-6-thread-26] DEBUG c.h.p.o.d.PodServiceAccountResource - [helmexte] Desired PodServiceAccountResource (serviceAccountName: hivemq-platform-pod-test-hivemq-platform)
2025-01-29 18:43:52,554 INFO c.h.h.t.HelmChartContainer - [hivemq-test-hivemq-platform] [hivemq-platform-operator] [4164af51] 18:43:52.553 [pool-6-thread-21] DEBUG c.h.p.o.dependants.PodInfoConfigMap - [helmexte] Desired PodInfo ConfigMap (1 extensions) (1 enabled)
2025-01-29 18:43:52,555 INFO c.h.h.t.HelmChartContainer - [hivemq-test-hivemq-platform] [hivemq-platform-operator] [4164af51] 18:43:52.553 [pool-6-thread-21] DEBUG c.h.p.o.dependants.PodInfoConfigMap - [helmexte] Desired PodInfo ConfigMap (metrics port: 9399) (metrics path: /)
2025-01-29 18:43:52,555 INFO c.h.h.t.HelmChartContainer - [hivemq-test-hivemq-platform] [hivemq-platform-operator] [4164af51] 18:43:52.553 [pool-6-thread-21] DEBUG c.h.p.o.dependants.PodInfoConfigMap - [helmexte] Desired PodInfo ConfigMap (extension state hash: -2074414437)
2025-01-29 18:43:52,556 INFO c.h.h.t.HelmChartContainer - [hivemq-test-hivemq-platform] [hivemq-platform-operator] [4164af51] 18:43:52.555 [pool-6-thread-21] DEBUG c.h.p.o.d.StatefulSetResource - [helmexte] Desired StatefulSet (1 replicas) for status STARTING (READY)
2025-01-29 18:43:52,562 INFO c.h.h.t.HelmChartContainer - [hivemq-test-hivemq-platform] [hivemq-platform-operator] [4164af51] 18:43:52.561 [ReconcilerExecutor-hivemq-controller-111] INFO  c.h.p.o.HiveMQPlatformReconciler - [helmexte] Reconciling HiveMQ Platform 'test-hivemq-platform' in namespace 'helmextensionlicensesit'
2025-01-29 18:43:52,563 INFO c.h.h.t.HelmChartContainer - [hivemq-test-hivemq-platform] [hivemq-platform-operator] [4164af51] 18:43:52.561 [ReconcilerExecutor-hivemq-controller-111] DEBUG c.h.p.o.HiveMQPlatformReconciler - [helmexte] Custom Resource Status STARTING - HiveMQ Platform is starting (READY)
2025-01-29 18:43:52,563 INFO c.h.h.t.HelmChartContainer - [hivemq-test-hivemq-platform] [hivemq-platform-operator] [4164af51] 18:43:52.561 [ReconcilerExecutor-hivemq-controller-111] DEBUG c.h.p.o.HiveMQPlatformReconciler - [helmexte] Custom Resource Spec (replicas: 1) (extensions: 1)
2025-01-29 18:43:52,566 INFO c.h.h.t.HelmChartContainer - [hivemq-test-hivemq-platform] [hivemq-platform-operator] [4164af51] 18:43:52.565 [ReconcilerExecutor-hivemq-controller-111] DEBUG c.h.p.o.HiveMQPlatformReconciler - [helmexte] StatefulSet Status (revision: test-hivemq-platform-784f65f8f4, replicas: 1, available: 0, ready: 0, current: 1, updated: 1)
2025-01-29 18:43:52,566 INFO c.h.h.t.HelmChartContainer - [hivemq-test-hivemq-platform] [hivemq-platform-operator] [4164af51] 18:43:52.565 [ReconcilerExecutor-hivemq-controller-111] DEBUG c.h.p.o.HiveMQPlatformReconciler - [helmexte] StatefulSet Spec (replicas: 1, init containers: 1, containers: 1, volumes: 5)
2025-01-29 18:43:52,642 INFO c.h.h.t.HelmChartContainer - [hivemq-test-hivemq-platform] [hivemq-platform-operator] [4164af51] 18:43:52.640 [ReconcilerExecutor-hivemq-controller-111] DEBUG c.h.p.o.h.HiveMQPlatformReconcilerErrorHandler - [helmexte] Pod 'test-hivemq-platform-0' phase Running
2025-01-29 18:43:52,642 INFO c.h.h.t.HelmChartContainer - [hivemq-test-hivemq-platform] [hivemq-platform-operator] [4164af51] 18:43:52.641 [ReconcilerExecutor-hivemq-controller-111] INFO  c.h.p.o.h.HiveMQPlatformReconcilerBaseHandler - [helmexte] HiveMQ Platform is starting, 0 of 1 replicas are ready
2025-01-29 18:43:53,777 INFO c.h.h.t.HelmChartContainer - [test-hivemq-platform] [hivemq] [718ee4dd] WARN  - [HiveMQ Platform Operator Init App 1.7.0-SNAPSHOT] Cannot connect to Health API for liveness: null
2025-01-29 18:43:53,778 INFO c.h.h.t.HelmChartContainer - [test-hivemq-platform] [hivemq] [718ee4dd] INFO  - [HiveMQ Platform Operator Init App 1.7.0-SNAPSHOT] Returning default Health API response 200 for liveness
2025-01-29 18:43:54,684 INFO c.h.h.t.HelmChartContainer - [test-hivemq-platform] [hivemq] [718ee4dd] INFO  - No valid license file found. Using trial license, restricted to 25 connections.
2025-01-29 18:43:57,384 INFO c.h.h.t.HelmChartContainer - [test-hivemq-platform] [hivemq] [718ee4dd] INFO  - No valid license file for Data Hub found. Using free license, restricted to 1 policy.
2025-01-29 18:43:57,478 INFO c.h.h.t.HelmChartContainer - [test-hivemq-platform] [hivemq] [718ee4dd] WARN  - [HiveMQ Platform Operator Init App 1.7.0-SNAPSHOT] Cannot connect to Health API for readiness: null
2025-01-29 18:43:57,483 INFO c.h.h.t.HelmChartContainer - [EVENT] Warning [Unhealthy] Readiness probe failed: HTTP probe failed with statuscode: 503 [helmextensionlicensesit:test-hivemq-platform-0]
2025-01-29 18:43:57,483 INFO c.h.h.t.HelmChartContainer - Received Unhealthy event for container hivemq in pod test-hivemq-platform-0 [718ee4dd-4239-4ec8-8ba5-03959ce0b6e3]
2025-01-29 18:43:58,682 INFO c.h.h.t.HelmChartContainer - [test-hivemq-platform] [hivemq] [718ee4dd] INFO  - Audit Logger started.
2025-01-29 18:43:59,007 INFO c.h.h.t.HelmChartContainer - [test-hivemq-platform] [hivemq] [718ee4dd] INFO  - This node uses '1' CPU cores.
2025-01-29 18:43:59,012 INFO c.h.h.t.HelmChartContainer - [test-hivemq-platform] [hivemq] [718ee4dd] INFO  - Starting HiveMQ Health API on address 0.0.0.0 and port 8889
2025-01-29 18:43:59,987 INFO c.h.h.t.HelmChartContainer - [test-hivemq-platform] [hivemq] [718ee4dd] INFO  - Started HiveMQ Health API in 974ms
2025-01-29 18:44:00,487 INFO c.h.h.t.HelmChartContainer - [test-hivemq-platform] [hivemq] [718ee4dd] INFO  - Starting HiveMQ extension system.
2025-01-29 18:44:02,595 INFO c.h.h.t.HelmChartContainer - [test-hivemq-platform] [hivemq] [718ee4dd] WARN  - License file tracing.elic is corrupt.
2025-01-29 18:44:02,596 INFO c.h.h.testcontainer.LogWaiterUtil - TEST Found log pattern on 'test-hivemq-platform-0': .*License file tracing.elic is corrupt.
2025-01-29 18:44:02,651 INFO c.h.h.t.HelmChartContainer - [hivemq-test-hivemq-platform] [hivemq-platform-operator] [4164af51] 18:44:02.646 [pool-6-thread-35] DEBUG c.h.p.o.d.PlatformServiceResource - [helmexte] Desired Platform services (3 services)
2025-01-29 18:44:02,651 INFO c.h.h.t.HelmChartContainer - [hivemq-test-hivemq-platform] [hivemq-platform-operator] [4164af51] 18:44:02.647 [pool-6-thread-37] DEBUG c.h.p.o.dependants.PodInfoConfigMap - [helmexte] Desired PodInfo ConfigMap (1 extensions) (1 enabled)
2025-01-29 18:44:02,651 INFO c.h.h.t.HelmChartContainer - [hivemq-test-hivemq-platform] [hivemq-platform-operator] [4164af51] 18:44:02.648 [pool-6-thread-37] DEBUG c.h.p.o.dependants.PodInfoConfigMap - [helmexte] Desired PodInfo ConfigMap (metrics port: 9399) (metrics path: /)
2025-01-29 18:44:02,651 INFO c.h.h.t.HelmChartContainer - [hivemq-test-hivemq-platform] [hivemq-platform-operator] [4164af51] 18:44:02.648 [pool-6-thread-37] DEBUG c.h.p.o.dependants.PodInfoConfigMap - [helmexte] Desired PodInfo ConfigMap (extension state hash: -2074414437)
2025-01-29 18:44:02,651 INFO c.h.h.t.HelmChartContainer - [hivemq-test-hivemq-platform] [hivemq-platform-operator] [4164af51] 18:44:02.648 [pool-6-thread-36] DEBUG c.h.p.o.d.PodServiceAccountResource - [helmexte] Desired PodServiceAccountResource (serviceAccountName: hivemq-platform-pod-test-hivemq-platform)
2025-01-29 18:44:02,656 INFO c.h.h.t.HelmChartContainer - [hivemq-test-hivemq-platform] [hivemq-platform-operator] [4164af51] 18:44:02.656 [pool-6-thread-35] DEBUG c.h.p.o.d.StatefulSetResource - [helmexte] Desired StatefulSet (1 replicas) for status STARTING (READY)
2025-01-29 18:44:02,661 INFO c.h.h.t.HelmChartContainer - [hivemq-test-hivemq-platform] [hivemq-platform-operator] [4164af51] 18:44:02.661 [ReconcilerExecutor-hivemq-controller-112] INFO  c.h.p.o.HiveMQPlatformReconciler - [helmexte] Reconciling HiveMQ Platform 'test-hivemq-platform' in namespace 'helmextensionlicensesit'
2025-01-29 18:44:02,664 INFO c.h.h.t.HelmChartContainer - [hivemq-test-hivemq-platform] [hivemq-platform-operator] [4164af51] 18:44:02.661 [ReconcilerExecutor-hivemq-controller-112] DEBUG c.h.p.o.HiveMQPlatformReconciler - [helmexte] Custom Resource Status STARTING - HiveMQ Platform is starting (READY)
2025-01-29 18:44:02,664 INFO c.h.h.t.HelmChartContainer - [hivemq-test-hivemq-platform] [hivemq-platform-operator] [4164af51] 18:44:02.661 [ReconcilerExecutor-hivemq-controller-112] DEBUG c.h.p.o.HiveMQPlatformReconciler - [helmexte] Custom Resource Spec (replicas: 1) (extensions: 1)
2025-01-29 18:44:02,664 INFO c.h.h.t.HelmChartContainer - [hivemq-test-hivemq-platform] [hivemq-platform-operator] [4164af51] 18:44:02.663 [ReconcilerExecutor-hivemq-controller-112] DEBUG c.h.p.o.HiveMQPlatformReconciler - [helmexte] StatefulSet Status (revision: test-hivemq-platform-784f65f8f4, replicas: 1, available: 0, ready: 0, current: 1, updated: 1)
2025-01-29 18:44:02,665 INFO c.h.h.t.HelmChartContainer - [hivemq-test-hivemq-platform] [hivemq-platform-operator] [4164af51] 18:44:02.663 [ReconcilerExecutor-hivemq-controller-112] DEBUG c.h.p.o.HiveMQPlatformReconciler - [helmexte] StatefulSet Spec (replicas: 1, init containers: 1, containers: 1, volumes: 5)
2025-01-29 18:44:02,674 INFO c.h.h.t.HelmChartContainer - [test-hivemq-platform] [hivemq] [718ee4dd] INFO  - No license found for enterprise extension with name "HiveMQ Enterprise Distributed Tracing Extension". Entering extension trial mode. "HiveMQ Enterprise Distributed Tracing Extension" will be disabled in 5 hours.
2025-01-29 18:44:02,742 INFO c.h.h.t.HelmChartContainer - [hivemq-test-hivemq-platform] [hivemq-platform-operator] [4164af51] 18:44:02.741 [ReconcilerExecutor-hivemq-controller-112] DEBUG c.h.p.o.h.HiveMQPlatformReconcilerErrorHandler - [helmexte] Pod 'test-hivemq-platform-0' phase Running
2025-01-29 18:44:02,743 INFO c.h.h.t.HelmChartContainer - [hivemq-test-hivemq-platform] [hivemq-platform-operator] [4164af51] 18:44:02.742 [ReconcilerExecutor-hivemq-controller-112] INFO  c.h.p.o.h.HiveMQPlatformReconcilerBaseHandler - [helmexte] HiveMQ Platform is starting, 0 of 1 replicas are ready
2025-01-29 18:44:02,983 INFO c.h.h.t.HelmChartContainer - [test-hivemq-platform] [hivemq] [718ee4dd] INFO  - Starting extension with id "hivemq-dns-cluster-discovery" at /opt/hivemq/extensions/hivemq-dns-cluster-discovery
2025-01-29 18:44:03,479 INFO c.h.h.t.HelmChartContainer - [test-hivemq-platform] [hivemq] [718ee4dd] INFO  - [HiveMQ Platform Operator Init App 1.7.0-SNAPSHOT] Returning Health API response 503 for readiness
2025-01-29 18:44:03,486 INFO c.h.h.t.HelmChartContainer - [EVENT] Warning [Unhealthy] Readiness probe failed: Get "http://10.42.0.12:7979/readiness": context deadline exceeded (Client.Timeout exceeded while awaiting headers) [helmextensionlicensesit:test-hivemq-platform-0]
2025-01-29 18:44:03,486 INFO c.h.h.t.HelmChartContainer - Received Unhealthy event for container hivemq in pod test-hivemq-platform-0 [718ee4dd-4239-4ec8-8ba5-03959ce0b6e3]
2025-01-29 18:44:03,781 INFO c.h.h.t.HelmChartContainer - [test-hivemq-platform] [hivemq] [718ee4dd] INFO  - Using TCP cluster transport on address 10.42.0.12 and port 7000
2025-01-29 18:44:03,876 INFO c.h.h.t.HelmChartContainer - [test-hivemq-platform] [hivemq] [718ee4dd] INFO  - Using extension cluster discovery
2025-01-29 18:44:04,078 INFO c.h.h.t.HelmChartContainer - [test-hivemq-platform] [hivemq] [718ee4dd] INFO  - Extension "DNS Cluster Discovery Extension" version 4.3.2 started successfully.
2025-01-29 18:44:04,078 INFO c.h.h.t.HelmChartContainer - [test-hivemq-platform] [hivemq] [718ee4dd] INFO  - Starting extension with id "hivemq-distributed-tracing-extension" at /opt/hivemq/extensions/hivemq-distributed-tracing-extension
2025-01-29 18:44:06,488 INFO c.h.h.t.HelmChartContainer - [test-hivemq-platform] [hivemq] [718ee4dd] INFO  - HiveMQ Enterprise Distributed Tracing Extension: Successfully loaded configuration from '/opt/hivemq/extensions/hivemq-distributed-tracing-extension/conf/config.xml'.
2025-01-29 18:44:06,493 INFO c.h.h.t.HelmChartContainer - [test-hivemq-platform] [hivemq] [718ee4dd] INFO  - HiveMQ Enterprise Distributed Tracing Extension: Configured OTLP gRPC exporter 'my-otlp-grpc-exporter'.
2025-01-29 18:44:06,589 INFO c.h.h.t.HelmChartContainer - [test-hivemq-platform] [hivemq] [718ee4dd] INFO  - HiveMQ Enterprise Distributed Tracing Extension: Configured W3C trace propagation.
2025-01-29 18:44:06,591 INFO c.h.h.t.HelmChartContainer - [test-hivemq-platform] [hivemq] [718ee4dd] INFO  - Extension "HiveMQ Enterprise Distributed Tracing Extension" version 4.36.0 started successfully.
2025-01-29 18:44:06,591 INFO c.h.h.testcontainer.LogWaiterUtil - TEST Found log pattern on 'test-hivemq-platform-0': .*Extension "HiveMQ Enterprise Distributed Tracing Extension" version .* started successfully.
2025-01-29 18:44:06,592 INFO c.h.h.t.HelmChartContainer - [test-hivemq-platform] [hivemq] [718ee4dd] INFO  - Starting extension with id "hivemq-prometheus-extension" at /opt/hivemq/extensions/hivemq-prometheus-extension
2025-01-29 18:44:06,989 INFO c.h.h.t.HelmChartContainer - [test-hivemq-platform] [hivemq] [718ee4dd] INFO  - Started Jetty Server exposing Prometheus Servlet on URI http://0.0.0.0:9399/
2025-01-29 18:44:06,989 INFO c.h.h.t.HelmChartContainer - [test-hivemq-platform] [hivemq] [718ee4dd] INFO  - Extension "Prometheus Monitoring Extension" version 4.0.12 started successfully.
2025-01-29 18:44:06,989 INFO c.h.h.t.HelmChartContainer - [test-hivemq-platform] [hivemq] [718ee4dd] INFO  - Starting extension with id "hivemq-allow-all-extension" at /opt/hivemq/extensions/hivemq-allow-all-extension
2025-01-29 18:44:06,989 INFO c.h.h.t.HelmChartContainer - [test-hivemq-platform] [hivemq] [718ee4dd] WARN  - 
2025-01-29 18:44:06,989 INFO c.h.h.t.HelmChartContainer - [test-hivemq-platform] [hivemq] [718ee4dd] ################################################################################################################
2025-01-29 18:44:06,989 INFO c.h.h.t.HelmChartContainer - [test-hivemq-platform] [hivemq] [718ee4dd] # This HiveMQ deployment is not secure! You are lacking Authentication and Authorization.                      #
2025-01-29 18:44:06,990 INFO c.h.h.t.HelmChartContainer - [test-hivemq-platform] [hivemq] [718ee4dd] # Right now any MQTT client can connect to the broker with a full set of permissions.                          #
2025-01-29 18:44:06,990 INFO c.h.h.t.HelmChartContainer - [test-hivemq-platform] [hivemq] [718ee4dd] # For production usage, add an appropriate security extension and remove the hivemq-allow-all extension.       #
2025-01-29 18:44:06,990 INFO c.h.h.t.HelmChartContainer - [test-hivemq-platform] [hivemq] [718ee4dd] # You can download security extensions from the HiveMQ Marketplace (https://www.hivemq.com/extensions/).       #
2025-01-29 18:44:06,990 INFO c.h.h.t.HelmChartContainer - [test-hivemq-platform] [hivemq] [718ee4dd] ################################################################################################################
2025-01-29 18:44:06,990 INFO c.h.h.t.HelmChartContainer - [test-hivemq-platform] [hivemq] [718ee4dd] INFO  - Extension "Allow All Extension" version 1.1.1 started successfully.
2025-01-29 18:44:07,276 INFO c.h.h.t.HelmChartContainer - [test-hivemq-platform] [hivemq] [718ee4dd] INFO  - T9iqi: no members discovered after 2801 ms: creating cluster as first member
2025-01-29 18:44:07,282 INFO c.h.h.t.HelmChartContainer - [test-hivemq-platform] [hivemq] [718ee4dd] INFO  - Cluster nodes found by discovery: [T9iqi|0] (1) [T9iqi].
2025-01-29 18:44:07,385 INFO c.h.h.t.HelmChartContainer - [test-hivemq-platform] [hivemq] [718ee4dd] INFO  - Updated rules for sampling and tracing propagation.
2025-01-29 18:44:07,385 INFO c.h.h.t.HelmChartContainer - [test-hivemq-platform] [hivemq] [718ee4dd] INFO  - HiveMQ: Successfully loaded configuration from '/opt/hivemq/conf-k8s/tracing.xml'.
2025-01-29 18:44:07,386 INFO c.h.h.t.HelmChartContainer - [test-hivemq-platform] [hivemq] [718ee4dd] WARN  - No user for HiveMQ Control Center configured. Starting with default user
2025-01-29 18:44:07,386 INFO c.h.h.t.HelmChartContainer - [test-hivemq-platform] [hivemq] [718ee4dd] INFO  - Starting HiveMQ Control Center on address 0.0.0.0 and port 8080
2025-01-29 18:44:07,393 INFO c.h.h.t.HelmChartContainer - [test-hivemq-platform] [hivemq] [718ee4dd] INFO  - Mounting HiveMQ Control Center V2 Preview
2025-01-29 18:44:07,485 INFO c.h.h.t.HelmChartContainer - [EVENT] Warning [Unhealthy] Readiness probe failed: HTTP probe failed with statuscode: 503 [helmextensionlicensesit:test-hivemq-platform-0]
2025-01-29 18:44:07,485 INFO c.h.h.t.HelmChartContainer - Received Unhealthy event for container hivemq in pod test-hivemq-platform-0 [718ee4dd-4239-4ec8-8ba5-03959ce0b6e3]
2025-01-29 18:44:08,094 INFO c.h.h.t.HelmChartContainer - [test-hivemq-platform] [hivemq] [718ee4dd] INFO  - Started HiveMQ Control Center in 709ms
2025-01-29 18:44:08,187 INFO c.h.h.t.HelmChartContainer - [test-hivemq-platform] [hivemq] [718ee4dd] INFO  - Starting TCP listener on address 0.0.0.0 and port 1883
2025-01-29 18:44:08,203 INFO c.h.h.t.HelmChartContainer - [test-hivemq-platform] [hivemq] [718ee4dd] INFO  - Started TCP Listener on address 0.0.0.0 and on port 1883.
2025-01-29 18:44:08,203 INFO c.h.h.t.HelmChartContainer - [test-hivemq-platform] [hivemq] [718ee4dd] INFO  - Started HiveMQ in 33913ms
2025-01-29 18:44:12,460 INFO c.h.h.t.HelmChartContainer - [test-hivemq-platform] [hivemq] [718ee4dd] INFO  - [HiveMQ Platform Operator Init App 1.7.0-SNAPSHOT] Returning Health API response 200 for readiness
2025-01-29 18:44:12,470 INFO c.h.h.t.HelmChartContainer - [POD] test-hivemq-platform-0 [718ee4dd-4239-4ec8-8ba5-03959ce0b6e3] in helmextensionlicensesit was MODIFIED
2025-01-29 18:44:12,484 INFO c.h.h.t.HelmChartContainer - [hivemq-test-hivemq-platform] [hivemq-platform-operator] [4164af51] 18:44:12.481 [pool-6-thread-41] DEBUG c.h.p.o.d.PlatformServiceResource - [helmexte] Desired Platform services (3 services)
2025-01-29 18:44:12,488 INFO c.h.h.t.HelmChartContainer - [hivemq-test-hivemq-platform] [hivemq-platform-operator] [4164af51] 18:44:12.485 [pool-6-thread-42] DEBUG c.h.p.o.dependants.PodInfoConfigMap - [helmexte] Desired PodInfo ConfigMap (1 extensions) (1 enabled)
2025-01-29 18:44:12,488 INFO c.h.h.t.HelmChartContainer - [hivemq-test-hivemq-platform] [hivemq-platform-operator] [4164af51] 18:44:12.485 [pool-6-thread-42] DEBUG c.h.p.o.dependants.PodInfoConfigMap - [helmexte] Desired PodInfo ConfigMap (metrics port: 9399) (metrics path: /)
2025-01-29 18:44:12,488 INFO c.h.h.t.HelmChartContainer - [hivemq-test-hivemq-platform] [hivemq-platform-operator] [4164af51] 18:44:12.485 [pool-6-thread-42] DEBUG c.h.p.o.dependants.PodInfoConfigMap - [helmexte] Desired PodInfo ConfigMap (extension state hash: -2074414437)
2025-01-29 18:44:12,488 INFO c.h.h.t.HelmChartContainer - [hivemq-test-hivemq-platform] [hivemq-platform-operator] [4164af51] 18:44:12.486 [pool-6-thread-44] DEBUG c.h.p.o.d.PodServiceAccountResource - [helmexte] Desired PodServiceAccountResource (serviceAccountName: hivemq-platform-pod-test-hivemq-platform)
2025-01-29 18:44:12,496 INFO c.h.h.t.HelmChartContainer - [hivemq-test-hivemq-platform] [hivemq-platform-operator] [4164af51] 18:44:12.495 [pool-6-thread-41] DEBUG c.h.p.o.d.StatefulSetResource - [helmexte] Desired StatefulSet (1 replicas) for status STARTING (READY)
2025-01-29 18:44:12,565 INFO c.h.h.t.HelmChartContainer - [hivemq-test-hivemq-platform] [hivemq-platform-operator] [4164af51] 18:44:12.563 [ReconcilerExecutor-hivemq-controller-113] INFO  c.h.p.o.HiveMQPlatformReconciler - [helmexte] Reconciling HiveMQ Platform 'test-hivemq-platform' in namespace 'helmextensionlicensesit'
2025-01-29 18:44:12,565 INFO c.h.h.t.HelmChartContainer - [hivemq-test-hivemq-platform] [hivemq-platform-operator] [4164af51] 18:44:12.563 [ReconcilerExecutor-hivemq-controller-113] DEBUG c.h.p.o.HiveMQPlatformReconciler - [helmexte] Custom Resource Status STARTING - HiveMQ Platform is starting (READY)
2025-01-29 18:44:12,565 INFO c.h.h.t.HelmChartContainer - [hivemq-test-hivemq-platform] [hivemq-platform-operator] [4164af51] 18:44:12.563 [ReconcilerExecutor-hivemq-controller-113] DEBUG c.h.p.o.HiveMQPlatformReconciler - [helmexte] Custom Resource Spec (replicas: 1) (extensions: 1)
2025-01-29 18:44:12,568 INFO c.h.h.t.HelmChartContainer - [hivemq-test-hivemq-platform] [hivemq-platform-operator] [4164af51] 18:44:12.567 [ReconcilerExecutor-hivemq-controller-113] DEBUG c.h.p.o.HiveMQPlatformReconciler - [helmexte] StatefulSet Status (revision: test-hivemq-platform-784f65f8f4, replicas: 1, available: 1, ready: 1, current: 1, updated: 1)
2025-01-29 18:44:12,569 INFO c.h.h.t.HelmChartContainer - [hivemq-test-hivemq-platform] [hivemq-platform-operator] [4164af51] 18:44:12.567 [ReconcilerExecutor-hivemq-controller-113] DEBUG c.h.p.o.HiveMQPlatformReconciler - [helmexte] StatefulSet Spec (replicas: 1, init containers: 1, containers: 1, volumes: 5)
2025-01-29 18:44:12,570 INFO c.h.h.t.HelmChartContainer - [hivemq-test-hivemq-platform] [hivemq-platform-operator] [4164af51] 18:44:12.569 [ReconcilerExecutor-hivemq-controller-113] DEBUG c.h.p.o.h.HiveMQPlatformReconcilerErrorHandler - [helmexte] Pod 'test-hivemq-platform-0' phase Running
2025-01-29 18:44:12,572 INFO c.h.h.t.HelmChartContainer - [hivemq-test-hivemq-platform] [hivemq-platform-operator] [4164af51] 18:44:12.570 [ReconcilerExecutor-hivemq-controller-113] INFO  c.h.p.o.h.HiveMQPlatformReconcilerBaseHandler - [helmexte] HiveMQ Platform started successfully
2025-01-29 18:44:12,676 INFO c.h.h.t.HelmChartContainer - [hivemq-test-hivemq-platform] [hivemq-platform-operator] [4164af51] 18:44:12.673 [ReconcilerExecutor-hivemq-controller-113] DEBUG c.h.p.operator.event.EventSender - [helmexte] Creating K8s event hivemq-platform-ready: [Ready] HiveMQ Platform is ready
2025-01-29 18:44:12,679 INFO c.h.h.t.HelmChartContainer - [EVENT] Normal [Ready] HiveMQ Platform is ready [helmextensionlicensesit:test-hivemq-platform]
2025-01-29 18:44:12,682 INFO c.h.h.t.HelmChartContainer - [hivemq-test-hivemq-platform] [hivemq-platform-operator] [4164af51] 18:44:12.680 [ReconcilerExecutor-hivemq-controller-113] INFO  c.h.p.o.h.AbstractHiveMQReconcilerStateHandler - [helmexte] Update HiveMQ Platform Status (STARTING [READY] -> RUNNING [READY]): HiveMQ Platform is ready
2025-01-29 18:44:12,689 DEBUG com.hivemq.helmcharts.util.K8sUtil - Comparing actual state 'RUNNING' and waiting for 'RUNNING'
2025-01-29 18:44:12,765 INFO c.h.h.t.HelmChartContainer - [hivemq-test-hivemq-platform] [hivemq-platform-operator] [4164af51] 18:44:12.763 [pool-6-thread-6] DEBUG c.h.p.o.d.PlatformServiceResource - [helmexte] Desired Platform services (3 services)
2025-01-29 18:44:12,768 INFO c.h.h.t.HelmChartContainer - [hivemq-test-hivemq-platform] [hivemq-platform-operator] [4164af51] 18:44:12.767 [pool-6-thread-3] DEBUG c.h.p.o.d.PodServiceAccountResource - [helmexte] Desired PodServiceAccountResource (serviceAccountName: hivemq-platform-pod-test-hivemq-platform)
2025-01-29 18:44:12,769 INFO c.h.h.t.HelmChartContainer - [hivemq-test-hivemq-platform] [hivemq-platform-operator] [4164af51] 18:44:12.764 [pool-6-thread-1] DEBUG c.h.p.o.dependants.PodInfoConfigMap - [helmexte] Desired PodInfo ConfigMap (1 extensions) (1 enabled)
2025-01-29 18:44:12,770 INFO c.h.h.t.HelmChartContainer - [hivemq-test-hivemq-platform] [hivemq-platform-operator] [4164af51] 18:44:12.769 [pool-6-thread-1] DEBUG c.h.p.o.dependants.PodInfoConfigMap - [helmexte] Desired PodInfo ConfigMap (metrics port: 9399) (metrics path: /)
2025-01-29 18:44:12,772 INFO c.h.h.t.HelmChartContainer - [hivemq-test-hivemq-platform] [hivemq-platform-operator] [4164af51] 18:44:12.770 [pool-6-thread-1] DEBUG c.h.p.o.dependants.PodInfoConfigMap - [helmexte] Desired PodInfo ConfigMap (extension state hash: -2074414437)
2025-01-29 18:44:12,772 INFO c.h.h.t.HelmChartContainer - [hivemq-test-hivemq-platform] [hivemq-platform-operator] [4164af51] 18:44:12.771 [pool-6-thread-1] DEBUG c.h.p.o.dependants.PodInfoConfigMap - [helmexte] Update PodInfo ConfigMap
2025-01-29 18:44:12,863 INFO c.h.h.t.HelmChartContainer - [hivemq-test-hivemq-platform] [hivemq-platform-operator] [4164af51] 18:44:12.861 [pool-6-thread-1] DEBUG c.h.p.o.d.StatefulSetResource - [helmexte] Desired StatefulSet (1 replicas) for status RUNNING (READY)
2025-01-29 18:44:12,866 INFO c.h.h.t.HelmChartContainer - [hivemq-test-hivemq-platform] [hivemq-platform-operator] [4164af51] 18:44:12.865 [ReconcilerExecutor-hivemq-controller-114] INFO  c.h.p.o.HiveMQPlatformReconciler - [helmexte] Reconciling HiveMQ Platform 'test-hivemq-platform' in namespace 'helmextensionlicensesit'
2025-01-29 18:44:12,866 INFO c.h.h.t.HelmChartContainer - [hivemq-test-hivemq-platform] [hivemq-platform-operator] [4164af51] 18:44:12.865 [ReconcilerExecutor-hivemq-controller-114] DEBUG c.h.p.o.HiveMQPlatformReconciler - [helmexte] Custom Resource Status RUNNING - HiveMQ Platform is ready (READY)
2025-01-29 18:44:12,867 INFO c.h.h.t.HelmChartContainer - [hivemq-test-hivemq-platform] [hivemq-platform-operator] [4164af51] 18:44:12.865 [ReconcilerExecutor-hivemq-controller-114] DEBUG c.h.p.o.HiveMQPlatformReconciler - [helmexte] Custom Resource Spec (replicas: 1) (extensions: 1)
2025-01-29 18:44:12,868 INFO c.h.h.t.HelmChartContainer - [hivemq-test-hivemq-platform] [hivemq-platform-operator] [4164af51] 18:44:12.867 [ReconcilerExecutor-hivemq-controller-114] DEBUG c.h.p.o.HiveMQPlatformReconciler - [helmexte] StatefulSet Status (revision: test-hivemq-platform-784f65f8f4, replicas: 1, available: 1, ready: 1, current: 1, updated: 1)
2025-01-29 18:44:12,869 INFO c.h.h.t.HelmChartContainer - [hivemq-test-hivemq-platform] [hivemq-platform-operator] [4164af51] 18:44:12.867 [ReconcilerExecutor-hivemq-controller-114] DEBUG c.h.p.o.HiveMQPlatformReconciler - [helmexte] StatefulSet Spec (replicas: 1, init containers: 1, containers: 1, volumes: 5)
2025-01-29 18:44:12,870 INFO c.h.h.t.HelmChartContainer - [hivemq-test-hivemq-platform] [hivemq-platform-operator] [4164af51] 18:44:12.870 [ReconcilerExecutor-hivemq-controller-114] DEBUG c.h.p.o.h.HiveMQPlatformReconcilerErrorHandler - [helmexte] Pod 'test-hivemq-platform-0' phase Running
2025-01-29 18:44:18,703 INFO c.h.h.t.HelmChartContainer - Uninstalling release 'test-hivemq-platform' in namespace 'helmextensionlicensesit'...
2025-01-29 18:44:18,703 DEBUG c.h.h.t.HelmChartContainer - Executing helm command: /bin/helm --kubeconfig /etc/rancher/k3s/k3s.yaml uninstall test-hivemq-platform  --wait --timeout 5m0s --cascade foreground --namespace helmextensionlicensesit
2025-01-29 18:44:18,884 INFO c.h.h.t.HelmChartContainer - [hivemq-test-hivemq-platform] [hivemq-platform-operator] [4164af51] 18:44:18.881 [pool-6-thread-14] DEBUG c.h.p.o.d.PlatformServiceResource - [helmexte] Desired Platform services (3 services)
2025-01-29 18:44:18,892 INFO c.h.h.t.HelmChartContainer - [hivemq-test-hivemq-platform] [hivemq-platform-operator] [4164af51] 18:44:18.885 [pool-6-thread-13] DEBUG c.h.p.o.d.PodServiceAccountResource - [helmexte] Desired PodServiceAccountResource (serviceAccountName: hivemq-platform-pod-test-hivemq-platform)
2025-01-29 18:44:18,963 INFO c.h.h.t.HelmChartContainer - [hivemq-test-hivemq-platform] [hivemq-platform-operator] [4164af51] 18:44:18.962 [pool-6-thread-15] DEBUG c.h.p.o.dependants.PodInfoConfigMap - [helmexte] Desired PodInfo ConfigMap (1 extensions) (1 enabled)
2025-01-29 18:44:18,964 INFO c.h.h.t.HelmChartContainer - [hivemq-test-hivemq-platform] [hivemq-platform-operator] [4164af51] 18:44:18.962 [pool-6-thread-15] DEBUG c.h.p.o.dependants.PodInfoConfigMap - [helmexte] Desired PodInfo ConfigMap (metrics port: 9399) (metrics path: /)
2025-01-29 18:44:18,966 INFO c.h.h.t.HelmChartContainer - [hivemq-test-hivemq-platform] [hivemq-platform-operator] [4164af51] 18:44:18.963 [pool-6-thread-15] DEBUG c.h.p.o.dependants.PodInfoConfigMap - [helmexte] Desired PodInfo ConfigMap (extension state hash: -2074414437)
2025-01-29 18:44:18,973 INFO c.h.h.t.HelmChartContainer - [hivemq-test-hivemq-platform] [hivemq-platform-operator] [4164af51] 18:44:18.970 [pool-6-thread-15] DEBUG c.h.p.o.d.StatefulSetResource - [helmexte] Desired StatefulSet (1 replicas) for status RUNNING (READY)
2025-01-29 18:44:19,062 INFO c.h.h.t.HelmChartContainer - [hivemq-test-hivemq-platform] [hivemq-platform-operator] [4164af51] 18:44:19.061 [pool-6-thread-15] DEBUG c.h.p.o.d.StatefulSetResource - [helmexte] Update StatefulSet (replicas: 1 -> 1)
2025-01-29 18:44:19,064 INFO c.h.h.t.HelmChartContainer - [hivemq-test-hivemq-platform] [hivemq-platform-operator] [4164af51] 18:44:19.062 [pool-6-thread-15] DEBUG c.h.p.o.d.StatefulSetResource - [helmexte] Detected change in StatefulSet specification (path: /template/metadata/annotations/kubernetes-resource-versions) (actual value: {broker-configuration-v2=-2089688360}) (target value: {broker-configuration-v2=0})
2025-01-29 18:44:19,064 INFO c.h.h.t.HelmChartContainer - [hivemq-test-hivemq-platform] [hivemq-platform-operator] [4164af51] 18:44:19.062 [pool-6-thread-15] INFO  c.h.p.o.d.StatefulSetResource - [helmexte] StatefulSet spec was updated, triggering rolling restart
2025-01-29 18:44:19,162 INFO c.h.h.t.HelmChartContainer - [hivemq-test-hivemq-platform] [hivemq-platform-operator] [4164af51] 18:44:19.161 [ReconcilerExecutor-hivemq-controller-115] INFO  c.h.p.o.HiveMQPlatformReconciler - [helmexte] Reconciling HiveMQ Platform 'test-hivemq-platform' in namespace 'helmextensionlicensesit'
2025-01-29 18:44:19,163 INFO c.h.h.t.HelmChartContainer - [hivemq-test-hivemq-platform] [hivemq-platform-operator] [4164af51] 18:44:19.162 [ReconcilerExecutor-hivemq-controller-115] DEBUG c.h.p.o.HiveMQPlatformReconciler - [helmexte] Custom Resource Status RUNNING - HiveMQ Platform is ready (READY) (reconciliation requests: ROLLING_RESTART, REQUESTS_UPDATED)
2025-01-29 18:44:19,164 INFO c.h.h.t.HelmChartContainer - [hivemq-test-hivemq-platform] [hivemq-platform-operator] [4164af51] 18:44:19.163 [ReconcilerExecutor-hivemq-controller-115] DEBUG c.h.p.o.HiveMQPlatformReconciler - [helmexte] Custom Resource Spec (replicas: 1) (extensions: 1)
2025-01-29 18:44:19,165 INFO c.h.h.t.HelmChartContainer - [hivemq-test-hivemq-platform] [hivemq-platform-operator] [4164af51] 18:44:19.164 [ReconcilerExecutor-hivemq-controller-115] WARN  c.h.p.o.h.HiveMQPlatformReconcilerErrorHandler - [helmexte] Could not find ConfigMap 'hivemq-configuration-test-hivemq-platform' for HiveMQ Platform configuration
2025-01-29 18:44:19,264 INFO c.h.h.t.HelmChartContainer - [hivemq-test-hivemq-platform] [hivemq-platform-operator] [4164af51] 18:44:19.263 [ReconcilerExecutor-hivemq-controller-115] DEBUG c.h.p.operator.event.EventSender - [helmexte] Creating K8s event hivemq-platform-invalid-configuration: [Start] Could not find ConfigMap 'hivemq-configuration-test-hivemq-platform' for HiveMQ Platform configuration
2025-01-29 18:44:19,268 INFO c.h.h.t.HelmChartContainer - [EVENT] Warning [Start] Could not find ConfigMap 'hivemq-configuration-test-hivemq-platform' for HiveMQ Platform configuration [helmextensionlicensesit:test-hivemq-platform]
2025-01-29 18:44:19,270 INFO c.h.h.t.HelmChartContainer - [hivemq-test-hivemq-platform] [hivemq-platform-operator] [4164af51] 18:44:19.269 [ReconcilerExecutor-hivemq-controller-115] INFO  c.h.p.o.h.AbstractHiveMQReconcilerStateHandler - [helmexte] Update HiveMQ Platform Status (RUNNING [READY] -> ERROR [INVALID_CONFIG_MAP]): Could not find ConfigMap 'hivemq-configuration-test-hivemq-platform' for HiveMQ Platform configuration (reconciliation requests: ROLLING_RESTART)
2025-01-29 18:44:19,280 INFO c.h.h.t.HelmChartContainer - [hivemq-test-hivemq-platform] [hivemq-platform-operator] [4164af51] 18:44:19.276 [ReconcilerExecutor-hivemq-controller-115] ERROR i.j.o.p.event.EventProcessor - Error during event processing ExecutionScope{ resource id: ResourceID{name='test-hivemq-platform', namespace='helmextensionlicensesit'}, version: 1387}
2025-01-29 18:44:19,280 INFO c.h.h.t.HelmChartContainer - [hivemq-test-hivemq-platform] [hivemq-platform-operator] [4164af51] io.fabric8.kubernetes.client.KubernetesClientException: Failure executing: PUT at: https://10.43.0.1:443/apis/hivemq.com/v1/namespaces/helmextensionlicensesit/hivemq-platforms/test-hivemq-platform/status. Message: Operation cannot be fulfilled on hivemq-platforms.hivemq.com "test-hivemq-platform": the object has been modified; please apply your changes to the latest version and try again. Received status: Status(apiVersion=v1, code=409, details=StatusDetails(causes=[], group=hivemq.com, kind=hivemq-platforms, name=test-hivemq-platform, retryAfterSeconds=null, uid=null, additionalProperties={}), kind=Status, message=Operation cannot be fulfilled on hivemq-platforms.hivemq.com "test-hivemq-platform": the object has been modified; please apply your changes to the latest version and try again, metadata=ListMeta(_continue=null, remainingItemCount=null, resourceVersion=null, selfLink=null, additionalProperties={}), reason=Conflict, status=Failure, additionalProperties={}).
2025-01-29 18:44:19,280 INFO c.h.h.t.HelmChartContainer - [hivemq-test-hivemq-platform] [hivemq-platform-operator] [4164af51] 	at io.fabric8.kubernetes.client.KubernetesClientException.copyAsCause(KubernetesClientException.java:238)
2025-01-29 18:44:19,280 INFO c.h.h.t.HelmChartContainer - [hivemq-test-hivemq-platform] [hivemq-platform-operator] [4164af51] 	at io.fabric8.kubernetes.client.dsl.internal.OperationSupport.waitForResult(OperationSupport.java:507)
2025-01-29 18:44:19,280 INFO c.h.h.t.HelmChartContainer - [hivemq-test-hivemq-platform] [hivemq-platform-operator] [4164af51] 	at io.fabric8.kubernetes.client.dsl.internal.OperationSupport.handleResponse(OperationSupport.java:524)
2025-01-29 18:44:19,281 INFO c.h.h.t.HelmChartContainer - [hivemq-test-hivemq-platform] [hivemq-platform-operator] [4164af51] 	at io.fabric8.kubernetes.client.dsl.internal.OperationSupport.handleUpdate(OperationSupport.java:358)
2025-01-29 18:44:19,281 INFO c.h.h.t.HelmChartContainer - [hivemq-test-hivemq-platform] [hivemq-platform-operator] [4164af51] 	at io.fabric8.kubernetes.client.dsl.internal.BaseOperation.handleUpdate(BaseOperation.java:759)
2025-01-29 18:44:19,281 INFO c.h.h.t.HelmChartContainer - [hivemq-test-hivemq-platform] [hivemq-platform-operator] [4164af51] 	at io.fabric8.kubernetes.client.dsl.internal.HasMetadataOperation.update(HasMetadataOperation.java:138)
2025-01-29 18:44:19,281 INFO c.h.h.t.HelmChartContainer - [hivemq-test-hivemq-platform] [hivemq-platform-operator] [4164af51] 	at io.fabric8.kubernetes.client.dsl.internal.HasMetadataOperation.update(HasMetadataOperation.java:121)
2025-01-29 18:44:19,281 INFO c.h.h.t.HelmChartContainer - [hivemq-test-hivemq-platform] [hivemq-platform-operator] [4164af51] 	at io.fabric8.kubernetes.client.dsl.internal.HasMetadataOperation.updateStatus(HasMetadataOperation.java:126)
2025-01-29 18:44:19,281 INFO c.h.h.t.HelmChartContainer - [hivemq-test-hivemq-platform] [hivemq-platform-operator] [4164af51] 	at io.fabric8.kubernetes.client.dsl.internal.HasMetadataOperation.updateStatus(HasMetadataOperation.java:44)
2025-01-29 18:44:19,281 INFO c.h.h.t.HelmChartContainer - [hivemq-test-hivemq-platform] [hivemq-platform-operator] [4164af51] 	at io.javaoperatorsdk.operator.processing.event.ReconciliationDispatcher$CustomResourceFacade.updateStatus(ReconciliationDispatcher.java:408)
2025-01-29 18:44:19,281 INFO c.h.h.t.HelmChartContainer - [hivemq-test-hivemq-platform] [hivemq-platform-operator] [4164af51] 	at io.javaoperatorsdk.operator.processing.event.ReconciliationDispatcher.updateStatusGenerationAware(ReconciliationDispatcher.java:228)
2025-01-29 18:44:19,281 INFO c.h.h.t.HelmChartContainer - [hivemq-test-hivemq-platform] [hivemq-platform-operator] [4164af51] 	at io.javaoperatorsdk.operator.processing.event.ReconciliationDispatcher.reconcileExecution(ReconciliationDispatcher.java:150)
2025-01-29 18:44:19,281 INFO c.h.h.t.HelmChartContainer - [hivemq-test-hivemq-platform] [hivemq-platform-operator] [4164af51] 	at io.javaoperatorsdk.operator.processing.event.ReconciliationDispatcher.handleReconcile(ReconciliationDispatcher.java:117)
2025-01-29 18:44:19,281 INFO c.h.h.t.HelmChartContainer - [hivemq-test-hivemq-platform] [hivemq-platform-operator] [4164af51] 	at io.javaoperatorsdk.operator.processing.event.ReconciliationDispatcher.handleDispatch(ReconciliationDispatcher.java:91)
2025-01-29 18:44:19,281 INFO c.h.h.t.HelmChartContainer - [hivemq-test-hivemq-platform] [hivemq-platform-operator] [4164af51] 	at io.javaoperatorsdk.operator.processing.event.ReconciliationDispatcher.handleExecution(ReconciliationDispatcher.java:64)
2025-01-29 18:44:19,281 INFO c.h.h.t.HelmChartContainer - [hivemq-test-hivemq-platform] [hivemq-platform-operator] [4164af51] 	at io.javaoperatorsdk.operator.processing.event.EventProcessor$ReconcilerExecutor.run(EventProcessor.java:452)
2025-01-29 18:44:19,281 INFO c.h.h.t.HelmChartContainer - [hivemq-test-hivemq-platform] [hivemq-platform-operator] [4164af51] 	at java.base/java.util.concurrent.ThreadPoolExecutor.runWorker(Unknown Source)
2025-01-29 18:44:19,281 INFO c.h.h.t.HelmChartContainer - [hivemq-test-hivemq-platform] [hivemq-platform-operator] [4164af51] 	at java.base/java.util.concurrent.ThreadPoolExecutor$Worker.run(Unknown Source)
2025-01-29 18:44:19,281 INFO c.h.h.t.HelmChartContainer - [hivemq-test-hivemq-platform] [hivemq-platform-operator] [4164af51] 	at java.base/java.lang.Thread.run(Unknown Source)
2025-01-29 18:44:19,281 INFO c.h.h.t.HelmChartContainer - [hivemq-test-hivemq-platform] [hivemq-platform-operator] [4164af51] Caused by: io.fabric8.kubernetes.client.KubernetesClientException: Failure executing: PUT at: https://10.43.0.1:443/apis/hivemq.com/v1/namespaces/helmextensionlicensesit/hivemq-platforms/test-hivemq-platform/status. Message: Operation cannot be fulfilled on hivemq-platforms.hivemq.com "test-hivemq-platform": the object has been modified; please apply your changes to the latest version and try again. Received status: Status(apiVersion=v1, code=409, details=StatusDetails(causes=[], group=hivemq.com, kind=hivemq-platforms, name=test-hivemq-platform, retryAfterSeconds=null, uid=null, additionalProperties={}), kind=Status, message=Operation cannot be fulfilled on hivemq-platforms.hivemq.com "test-hivemq-platform": the object has been modified; please apply your changes to the latest version and try again, metadata=ListMeta(_continue=null, remainingItemCount=null, resourceVersion=null, selfLink=null, additionalProperties={}), reason=Conflict, status=Failure, additionalProperties={}).
2025-01-29 18:44:19,281 INFO c.h.h.t.HelmChartContainer - [hivemq-test-hivemq-platform] [hivemq-platform-operator] [4164af51] 	at io.fabric8.kubernetes.client.dsl.internal.OperationSupport.requestFailure(OperationSupport.java:660)
2025-01-29 18:44:19,281 INFO c.h.h.t.HelmChartContainer - [hivemq-test-hivemq-platform] [hivemq-platform-operator] [4164af51] 	at io.fabric8.kubernetes.client.dsl.internal.OperationSupport.requestFailure(OperationSupport.java:640)
2025-01-29 18:44:19,281 INFO c.h.h.t.HelmChartContainer - [hivemq-test-hivemq-platform] [hivemq-platform-operator] [4164af51] 	at io.fabric8.kubernetes.client.dsl.internal.OperationSupport.assertResponseCode(OperationSupport.java:589)
2025-01-29 18:44:19,281 INFO c.h.h.t.HelmChartContainer - [hivemq-test-hivemq-platform] [hivemq-platform-operator] [4164af51] 	at io.fabric8.kubernetes.client.dsl.internal.OperationSupport.lambda$handleResponse$0(OperationSupport.java:549)
2025-01-29 18:44:19,281 INFO c.h.h.t.HelmChartContainer - [hivemq-test-hivemq-platform] [hivemq-platform-operator] [4164af51] 	at java.base/java.util.concurrent.CompletableFuture$UniApply.tryFire(Unknown Source)
2025-01-29 18:44:19,281 INFO c.h.h.t.HelmChartContainer - [hivemq-test-hivemq-platform] [hivemq-platform-operator] [4164af51] 	at java.base/java.util.concurrent.CompletableFuture.postComplete(Unknown Source)
2025-01-29 18:44:19,281 INFO c.h.h.t.HelmChartContainer - [hivemq-test-hivemq-platform] [hivemq-platform-operator] [4164af51] 	at java.base/java.util.concurrent.CompletableFuture.complete(Unknown Source)
2025-01-29 18:44:19,281 INFO c.h.h.t.HelmChartContainer - [hivemq-test-hivemq-platform] [hivemq-platform-operator] [4164af51] 	at io.fabric8.kubernetes.client.http.StandardHttpClient.lambda$completeOrCancel$10(StandardHttpClient.java:141)
2025-01-29 18:44:19,281 INFO c.h.h.t.HelmChartContainer - [hivemq-test-hivemq-platform] [hivemq-platform-operator] [4164af51] 	at java.base/java.util.concurrent.CompletableFuture.uniWhenComplete(Unknown Source)
2025-01-29 18:44:19,281 INFO c.h.h.t.HelmChartContainer - [hivemq-test-hivemq-platform] [hivemq-platform-operator] [4164af51] 	at java.base/java.util.concurrent.CompletableFuture$UniWhenComplete.tryFire(Unknown Source)
2025-01-29 18:44:19,281 INFO c.h.h.t.HelmChartContainer - [hivemq-test-hivemq-platform] [hivemq-platform-operator] [4164af51] 	at java.base/java.util.concurrent.CompletableFuture.postComplete(Unknown Source)
2025-01-29 18:44:19,281 INFO c.h.h.t.HelmChartContainer - [hivemq-test-hivemq-platform] [hivemq-platform-operator] [4164af51] 	at java.base/java.util.concurrent.CompletableFuture.complete(Unknown Source)
2025-01-29 18:44:19,281 INFO c.h.h.t.HelmChartContainer - [hivemq-test-hivemq-platform] [hivemq-platform-operator] [4164af51] 	at io.fabric8.kubernetes.client.http.ByteArrayBodyHandler.onBodyDone(ByteArrayBodyHandler.java:51)
2025-01-29 18:44:19,281 INFO c.h.h.t.HelmChartContainer - [hivemq-test-hivemq-platform] [hivemq-platform-operator] [4164af51] 	at java.base/java.util.concurrent.CompletableFuture.uniWhenComplete(Unknown Source)
2025-01-29 18:44:19,281 INFO c.h.h.t.HelmChartContainer - [hivemq-test-hivemq-platform] [hivemq-platform-operator] [4164af51] 	at java.base/java.util.concurrent.CompletableFuture$UniWhenComplete.tryFire(Unknown Source)
2025-01-29 18:44:19,281 INFO c.h.h.t.HelmChartContainer - [hivemq-test-hivemq-platform] [hivemq-platform-operator] [4164af51] 	at java.base/java.util.concurrent.CompletableFuture.postComplete(Unknown Source)
2025-01-29 18:44:19,281 INFO c.h.h.t.HelmChartContainer - [hivemq-test-hivemq-platform] [hivemq-platform-operator] [4164af51] 	at java.base/java.util.concurrent.CompletableFuture.complete(Unknown Source)
2025-01-29 18:44:19,281 INFO c.h.h.t.HelmChartContainer - [hivemq-test-hivemq-platform] [hivemq-platform-operator] [4164af51] 	at io.fabric8.kubernetes.client.vertx.VertxHttpRequest.lambda$null$1(VertxHttpRequest.java:121)
2025-01-29 18:44:19,281 INFO c.h.h.t.HelmChartContainer - [hivemq-test-hivemq-platform] [hivemq-platform-operator] [4164af51] 	at io.vertx.core.impl.ContextInternal.dispatch(ContextInternal.java:279)
2025-01-29 18:44:19,281 INFO c.h.h.t.HelmChartContainer - [hivemq-test-hivemq-platform] [hivemq-platform-operator] [4164af51] 	at io.vertx.core.impl.ContextInternal.dispatch(ContextInternal.java:261)
2025-01-29 18:44:19,281 INFO c.h.h.t.HelmChartContainer - [hivemq-test-hivemq-platform] [hivemq-platform-operator] [4164af51] 	at io.vertx.core.http.impl.HttpEventHandler.handleEnd(HttpEventHandler.java:76)
2025-01-29 18:44:19,281 INFO c.h.h.t.HelmChartContainer - [hivemq-test-hivemq-platform] [hivemq-platform-operator] [4164af51] 	at io.vertx.core.http.impl.HttpClientResponseImpl.handleEnd(HttpClientResponseImpl.java:250)
2025-01-29 18:44:19,281 INFO c.h.h.t.HelmChartContainer - [hivemq-test-hivemq-platform] [hivemq-platform-operator] [4164af51] 	at io.vertx.core.http.impl.Http1xClientConnection$StreamImpl.lambda$new$0(Http1xClientConnection.java:421)
2025-01-29 18:44:19,281 INFO c.h.h.t.HelmChartContainer - [hivemq-test-hivemq-platform] [hivemq-platform-operator] [4164af51] 	at io.vertx.core.streams.impl.InboundBuffer.handleEvent(InboundBuffer.java:279)
2025-01-29 18:44:19,281 INFO c.h.h.t.HelmChartContainer - [hivemq-test-hivemq-platform] [hivemq-platform-operator] [4164af51] 	at io.vertx.core.streams.impl.InboundBuffer.write(InboundBuffer.java:157)
2025-01-29 18:44:19,281 INFO c.h.h.t.HelmChartContainer - [hivemq-test-hivemq-platform] [hivemq-platform-operator] [4164af51] 	at io.vertx.core.http.impl.Http1xClientConnection$StreamImpl.handleEnd(Http1xClientConnection.java:709)
2025-01-29 18:44:19,281 INFO c.h.h.t.HelmChartContainer - [hivemq-test-hivemq-platform] [hivemq-platform-operator] [4164af51] 	at io.vertx.core.impl.ContextImpl.lambda$execute$4(ContextImpl.java:315)
2025-01-29 18:44:19,281 INFO c.h.h.t.HelmChartContainer - [hivemq-test-hivemq-platform] [hivemq-platform-operator] [4164af51] 	at io.netty.util.concurrent.AbstractEventExecutor.runTask(AbstractEventExecutor.java:173)
2025-01-29 18:44:19,281 INFO c.h.h.t.HelmChartContainer - [hivemq-test-hivemq-platform] [hivemq-platform-operator] [4164af51] 	at io.netty.util.concurrent.AbstractEventExecutor.safeExecute(AbstractEventExecutor.java:166)
2025-01-29 18:44:19,281 INFO c.h.h.t.HelmChartContainer - [hivemq-test-hivemq-platform] [hivemq-platform-operator] [4164af51] 	at io.netty.util.concurrent.SingleThreadEventExecutor.runAllTasks(SingleThreadEventExecutor.java:472)
2025-01-29 18:44:19,281 INFO c.h.h.t.HelmChartContainer - [hivemq-test-hivemq-platform] [hivemq-platform-operator] [4164af51] 	at io.netty.channel.nio.NioEventLoop.run(NioEventLoop.java:569)
2025-01-29 18:44:19,281 INFO c.h.h.t.HelmChartContainer - [hivemq-test-hivemq-platform] [hivemq-platform-operator] [4164af51] 	at io.netty.util.concurrent.SingleThreadEventExecutor$4.run(SingleThreadEventExecutor.java:997)
2025-01-29 18:44:19,281 INFO c.h.h.t.HelmChartContainer - [hivemq-test-hivemq-platform] [hivemq-platform-operator] [4164af51] 	at io.netty.util.internal.ThreadExecutorMap$2.run(ThreadExecutorMap.java:74)
2025-01-29 18:44:19,281 INFO c.h.h.t.HelmChartContainer - [hivemq-test-hivemq-platform] [hivemq-platform-operator] [4164af51] 	at io.netty.util.concurrent.FastThreadLocalRunnable.run(FastThreadLocalRunnable.java:30)
2025-01-29 18:44:19,281 INFO c.h.h.t.HelmChartContainer - [hivemq-test-hivemq-platform] [hivemq-platform-operator] [4164af51] 	... 1 common frames omitted
2025-01-29 18:44:19,362 INFO c.h.h.t.HelmChartContainer - [hivemq-test-hivemq-platform] [hivemq-platform-operator] [4164af51] 18:44:19.361 [ReconcilerExecutor-hivemq-controller-121] INFO  c.h.p.o.HiveMQPlatformReconciler - [helmexte] Cleanup test-hivemq-platform - helmextensionlicensesit HiveMQ Platform is shut down
2025-01-29 18:44:19,735 INFO c.h.h.t.HelmChartContainer - [POD] test-hivemq-platform-0 [718ee4dd-4239-4ec8-8ba5-03959ce0b6e3] in helmextensionlicensesit was MODIFIED
2025-01-29 18:44:19,738 INFO c.h.h.t.HelmChartContainer - [EVENT] Normal [Killing] Stopping container hivemq [helmextensionlicensesit:test-hivemq-platform-0]
2025-01-29 18:44:19,738 INFO c.h.h.t.HelmChartContainer - Received Killing event for container hivemq in pod test-hivemq-platform-0 [718ee4dd-4239-4ec8-8ba5-03959ce0b6e3]
2025-01-29 18:44:19,738 INFO c.h.h.t.HelmChartContainer - Container [test-hivemq-platform-0] [hivemq] [718ee4dd-4239-4ec8-8ba5-03959ce0b6e3] was terminated
2025-01-29 18:44:19,738 INFO c.h.h.t.HelmChartContainer - Stopped log watcher for hivemq in pod test-hivemq-platform-0 [718ee4dd-4239-4ec8-8ba5-03959ce0b6e3]
2025-01-29 18:44:19,748 INFO c.h.h.t.HelmChartContainer - [test-hivemq-platform] [hivemq] [718ee4dd] INFO  - [HiveMQ Platform Operator Init App 1.7.0-SNAPSHOT] Shutting down
2025-01-29 18:44:19,748 INFO c.h.h.t.HelmChartContainer - [test-hivemq-platform] [hivemq] [718ee4dd] INFO  - [HiveMQ Platform Operator Init App 1.7.0-SNAPSHOT] Stopping the HiveMQ Platform
2025-01-29 18:44:19,952 INFO c.h.h.t.HelmChartContainer - [test-hivemq-platform] [hivemq] [718ee4dd] INFO  - Shutting down HiveMQ. Please wait, this could take a while...
2025-01-29 18:44:19,956 INFO c.h.h.t.HelmChartContainer - [test-hivemq-platform] [hivemq] [718ee4dd] INFO  - Shutting down listeners and clients
2025-01-29 18:44:19,958 INFO c.h.h.t.HelmChartContainer - [test-hivemq-platform] [hivemq] [718ee4dd] INFO  - Shutdown of listeners is done
2025-01-29 18:44:19,958 INFO c.h.h.t.HelmChartContainer - [test-hivemq-platform] [hivemq] [718ee4dd] INFO  - No clients are connected, proceeding with shutdown
2025-01-29 18:44:20,927 INFO c.h.h.t.HelmChartContainer - Deleting namespace 'helmextensionlicensesit'...
2025-01-29 18:44:22,456 INFO c.h.h.t.HelmChartContainer - [test-hivemq-platform] [hivemq] [718ee4dd] INFO  - [HiveMQ Platform Operator Init App 1.7.0-SNAPSHOT] Returning shutdown Health API response 503 for readiness
2025-01-29 18:44:22,460 INFO c.h.h.t.HelmChartContainer - [EVENT] Warning [Unhealthy] Readiness probe failed: HTTP probe failed with statuscode: 503 [helmextensionlicensesit:test-hivemq-platform-0]
2025-01-29 18:44:22,461 INFO c.h.h.t.HelmChartContainer - Received Unhealthy event for container hivemq in pod test-hivemq-platform-0 [718ee4dd-4239-4ec8-8ba5-03959ce0b6e3]
2025-01-29 18:44:22,582 INFO c.h.h.t.HelmChartContainer - [test-hivemq-platform] [hivemq] [718ee4dd] INFO  - Shutting down extension system
2025-01-29 18:44:22,585 INFO c.h.h.t.HelmChartContainer - [test-hivemq-platform] [hivemq] [718ee4dd] INFO  - Stopping extension with id hivemq-dns-cluster-discovery
2025-01-29 18:44:22,585 INFO c.h.h.t.HelmChartContainer - [test-hivemq-platform] [hivemq] [718ee4dd] INFO  - Extension "DNS Cluster Discovery Extension" version 4.3.2 stopped successfully.
2025-01-29 18:44:22,586 INFO c.h.h.t.HelmChartContainer - [test-hivemq-platform] [hivemq] [718ee4dd] INFO  - Stopping extension with id hivemq-distributed-tracing-extension
2025-01-29 18:44:22,587 INFO c.h.h.t.HelmChartContainer - [test-hivemq-platform] [hivemq] [718ee4dd] INFO  - Extension "HiveMQ Enterprise Distributed Tracing Extension" version 4.36.0 stopped successfully.
2025-01-29 18:44:22,588 INFO c.h.h.t.HelmChartContainer - [test-hivemq-platform] [hivemq] [718ee4dd] INFO  - Stopping extension with id hivemq-prometheus-extension
2025-01-29 18:44:22,593 INFO c.h.h.t.HelmChartContainer - [test-hivemq-platform] [hivemq] [718ee4dd] INFO  - Extension "Prometheus Monitoring Extension" version 4.0.12 stopped successfully.
2025-01-29 18:44:22,594 INFO c.h.h.t.HelmChartContainer - [test-hivemq-platform] [hivemq] [718ee4dd] INFO  - Stopping extension with id hivemq-allow-all-extension
2025-01-29 18:44:22,594 INFO c.h.h.t.HelmChartContainer - [test-hivemq-platform] [hivemq] [718ee4dd] INFO  - Extension "Allow All Extension" version 1.1.1 stopped successfully.
2025-01-29 18:44:22,908 INFO c.h.h.t.HelmChartContainer - [K3S] [authentication.go:74] "Unable to authenticate the request" err="[invalid bearer token, serviceaccounts \"hivemq-platform-pod-test-hivemq-platform\" not found]"
2025-01-29 18:44:23,080 INFO c.h.h.t.HelmChartContainer - [K3S] [authentication.go:74] "Unable to authenticate the request" err="[invalid bearer token, serviceaccounts \"hivemq-platform-pod-test-hivemq-platform\" not found]"
2025-01-29 18:44:23,182 INFO c.h.h.t.HelmChartContainer - [test-hivemq-platform] [hivemq] [718ee4dd] WARN  - [HiveMQ Platform Operator Init App 1.7.0-SNAPSHOT] Could not update Pod annotations: Failure executing: GET at: https://10.43.0.1:443/api/v1/namespaces/helmextensionlicensesit/pods/test-hivemq-platform-0. Message: Unauthorized. Received status: Status(apiVersion=v1, code=401, details=null, kind=Status, message=Unauthorized, metadata=ListMeta(_continue=null, remainingItemCount=null, resourceVersion=null, selfLink=null, additionalProperties={}), reason=Unauthorized, status=Failure, additionalProperties={}).
2025-01-29 18:44:24,981 INFO c.h.h.t.HelmChartContainer - [test-hivemq-platform] [hivemq] [718ee4dd] INFO  - Shutdown completed.
2025-01-29 18:44:25,342 INFO c.h.h.t.HelmChartContainer - [test-hivemq-platform] [hivemq] [718ee4dd] INFO  - [HiveMQ Platform Operator Init App 1.7.0-SNAPSHOT] The HiveMQ Platform exited with code 143
2025-01-29 18:44:25,342 INFO c.h.h.t.HelmChartContainer - [test-hivemq-platform] [hivemq] [718ee4dd] INFO  - [HiveMQ Platform Operator Init App 1.7.0-SNAPSHOT] Stopping the REST API
2025-01-29 18:44:25,376 INFO c.h.h.t.HelmChartContainer - [test-hivemq-platform] [hivemq] [718ee4dd] INFO  - [HiveMQ Platform Operator Init App 1.7.0-SNAPSHOT] Shutdown complete
2025-01-29 18:44:25,819 INFO c.h.h.t.HelmChartContainer - [POD] test-hivemq-platform-0 [718ee4dd-4239-4ec8-8ba5-03959ce0b6e3] in helmextensionlicensesit was MODIFIED
2025-01-29 18:44:25,820 INFO c.h.h.t.HelmChartContainer - [K3S] [stateful_set.go:438] "Unhandled Error" err="error syncing StatefulSet helmextensionlicensesit/test-hivemq-platform, requeuing: controllerrevisions.apps \"test-hivemq-platform-dbf79d6df\" is forbidden: unable to create new content in namespace helmextensionlicensesit because it is being terminated"
2025-01-29 18:44:25,829 INFO c.h.h.t.HelmChartContainer - [K3S] [stateful_set.go:438] "Unhandled Error" err="error syncing StatefulSet helmextensionlicensesit/test-hivemq-platform, requeuing: controllerrevisions.apps \"test-hivemq-platform-dbf79d6df\" is forbidden: unable to create new content in namespace helmextensionlicensesit because it is being terminated"
2025-01-29 18:44:25,842 INFO c.h.h.t.HelmChartContainer - [K3S] [stateful_set.go:438] "Unhandled Error" err="error syncing StatefulSet helmextensionlicensesit/test-hivemq-platform, requeuing: controllerrevisions.apps \"test-hivemq-platform-dbf79d6df\" is forbidden: unable to create new content in namespace helmextensionlicensesit because it is being terminated"
2025-01-29 18:44:25,866 INFO c.h.h.t.HelmChartContainer - [K3S] [stateful_set.go:438] "Unhandled Error" err="error syncing StatefulSet helmextensionlicensesit/test-hivemq-platform, requeuing: controllerrevisions.apps \"test-hivemq-platform-dbf79d6df\" is forbidden: unable to create new content in namespace helmextensionlicensesit because it is being terminated"
2025-01-29 18:44:25,878 INFO c.h.h.t.HelmChartContainer - [K3S] [reconciler_common.go:162] "operationExecutor.UnmountVolume started for volume \"broker-configuration\" (UniqueName: \"kubernetes.io/configmap/718ee4dd-4239-4ec8-8ba5-03959ce0b6e3-broker-configuration\") pod \"718ee4dd-4239-4ec8-8ba5-03959ce0b6e3\" (UID: \"718ee4dd-4239-4ec8-8ba5-03959ce0b6e3\") "
2025-01-29 18:44:25,878 INFO c.h.h.t.HelmChartContainer - [K3S] [reconciler_common.go:162] "operationExecutor.UnmountVolume started for volume \"operator-init\" (UniqueName: \"kubernetes.io/empty-dir/718ee4dd-4239-4ec8-8ba5-03959ce0b6e3-operator-init\") pod \"718ee4dd-4239-4ec8-8ba5-03959ce0b6e3\" (UID: \"718ee4dd-4239-4ec8-8ba5-03959ce0b6e3\") "
2025-01-29 18:44:25,878 INFO c.h.h.t.HelmChartContainer - [K3S] [reconciler_common.go:162] "operationExecutor.UnmountVolume started for volume \"licenses\" (UniqueName: \"kubernetes.io/secret/718ee4dd-4239-4ec8-8ba5-03959ce0b6e3-licenses\") pod \"718ee4dd-4239-4ec8-8ba5-03959ce0b6e3\" (UID: \"718ee4dd-4239-4ec8-8ba5-03959ce0b6e3\") "
2025-01-29 18:44:25,878 INFO c.h.h.t.HelmChartContainer - [K3S] [reconciler_common.go:162] "operationExecutor.UnmountVolume started for volume \"kube-api-access-tl8qz\" (UniqueName: \"kubernetes.io/projected/718ee4dd-4239-4ec8-8ba5-03959ce0b6e3-kube-api-access-tl8qz\") pod \"718ee4dd-4239-4ec8-8ba5-03959ce0b6e3\" (UID: \"718ee4dd-4239-4ec8-8ba5-03959ce0b6e3\") "
2025-01-29 18:44:25,878 INFO c.h.h.t.HelmChartContainer - [K3S] [reconciler_common.go:162] "operationExecutor.UnmountVolume started for volume \"pod-info\" (UniqueName: \"kubernetes.io/configmap/718ee4dd-4239-4ec8-8ba5-03959ce0b6e3-pod-info\") pod \"718ee4dd-4239-4ec8-8ba5-03959ce0b6e3\" (UID: \"718ee4dd-4239-4ec8-8ba5-03959ce0b6e3\") "
2025-01-29 18:44:25,878 INFO c.h.h.t.HelmChartContainer - [K3S] [reconciler_common.go:162] "operationExecutor.UnmountVolume started for volume \"extension-configuration-hivemq-distributed-tracing-extension\" (UniqueName: \"kubernetes.io/configmap/718ee4dd-4239-4ec8-8ba5-03959ce0b6e3-extension-configuration-hivemq-distributed-tracing-extension\") pod \"718ee4dd-4239-4ec8-8ba5-03959ce0b6e3\" (UID: \"718ee4dd-4239-4ec8-8ba5-03959ce0b6e3\") "
2025-01-29 18:44:25,903 INFO c.h.h.t.HelmChartContainer - [K3S] [scope.go:117] "RemoveContainer" containerID="d7d22b9485a106b12021fb258e73b7fa70013833d90c5197ee6f144ea98e3b5e"
2025-01-29 18:44:25,910 INFO c.h.h.t.HelmChartContainer - [K3S] [stateful_set.go:438] "Unhandled Error" err="error syncing StatefulSet helmextensionlicensesit/test-hivemq-platform, requeuing: controllerrevisions.apps \"test-hivemq-platform-dbf79d6df\" is forbidden: unable to create new content in namespace helmextensionlicensesit because it is being terminated"
2025-01-29 18:44:25,924 INFO c.h.h.t.HelmChartContainer - [POD] test-hivemq-platform-0 [718ee4dd-4239-4ec8-8ba5-03959ce0b6e3] in helmextensionlicensesit was MODIFIED
2025-01-29 18:44:25,924 INFO c.h.h.t.HelmChartContainer - [K3S] [stateful_set.go:438] "Unhandled Error" err="error syncing StatefulSet helmextensionlicensesit/test-hivemq-platform, requeuing: controllerrevisions.apps \"test-hivemq-platform-dbf79d6df\" is forbidden: unable to create new content in namespace helmextensionlicensesit because it is being terminated"
2025-01-29 18:44:25,925 INFO c.h.h.t.HelmChartContainer - [POD] test-hivemq-platform-0 [718ee4dd-4239-4ec8-8ba5-03959ce0b6e3] in helmextensionlicensesit was DELETED
2025-01-29 18:44:25,927 INFO c.h.h.t.HelmChartContainer - [K3S] [stateful_set.go:438] "Unhandled Error" err="error syncing StatefulSet helmextensionlicensesit/test-hivemq-platform, requeuing: controllerrevisions.apps \"test-hivemq-platform-dbf79d6df\" is forbidden: unable to create new content in namespace helmextensionlicensesit because it is being terminated"
2025-01-29 18:44:25,936 INFO c.h.h.t.HelmChartContainer - [K3S] [stateful_set.go:466] "StatefulSet has been deleted" key="helmextensionlicensesit/test-hivemq-platform"
2025-01-29 18:44:25,978 INFO c.h.h.t.HelmChartContainer - [K3S] [reconciler_common.go:299] "Volume detached for volume \"extension-configuration-hivemq-distributed-tracing-extension\" (UniqueName: \"kubernetes.io/configmap/718ee4dd-4239-4ec8-8ba5-03959ce0b6e3-extension-configuration-hivemq-distributed-tracing-extension\") on node \"c8c2901b2546\" DevicePath \"\""
2025-01-29 18:44:25,979 INFO c.h.h.t.HelmChartContainer - [K3S] [reconciler_common.go:299] "Volume detached for volume \"broker-configuration\" (UniqueName: \"kubernetes.io/configmap/718ee4dd-4239-4ec8-8ba5-03959ce0b6e3-broker-configuration\") on node \"c8c2901b2546\" DevicePath \"\""
2025-01-29 18:44:25,979 INFO c.h.h.t.HelmChartContainer - [K3S] [reconciler_common.go:299] "Volume detached for volume \"kube-api-access-tl8qz\" (UniqueName: \"kubernetes.io/projected/718ee4dd-4239-4ec8-8ba5-03959ce0b6e3-kube-api-access-tl8qz\") on node \"c8c2901b2546\" DevicePath \"\""
2025-01-29 18:44:25,979 INFO c.h.h.t.HelmChartContainer - [K3S] [reconciler_common.go:299] "Volume detached for volume \"operator-init\" (UniqueName: \"kubernetes.io/empty-dir/718ee4dd-4239-4ec8-8ba5-03959ce0b6e3-operator-init\") on node \"c8c2901b2546\" DevicePath \"\""
2025-01-29 18:44:25,980 INFO c.h.h.t.HelmChartContainer - [K3S] [reconciler_common.go:299] "Volume detached for volume \"licenses\" (UniqueName: \"kubernetes.io/secret/718ee4dd-4239-4ec8-8ba5-03959ce0b6e3-licenses\") on node \"c8c2901b2546\" DevicePath \"\""
2025-01-29 18:44:25,980 INFO c.h.h.t.HelmChartContainer - [K3S] [reconciler_common.go:299] "Volume detached for volume \"pod-info\" (UniqueName: \"kubernetes.io/configmap/718ee4dd-4239-4ec8-8ba5-03959ce0b6e3-pod-info\") on node \"c8c2901b2546\" DevicePath \"\""
2025-01-29 18:44:25,991 INFO c.h.h.t.HelmChartContainer - [K3S] [stateful_set.go:466] "StatefulSet has been deleted" key="helmextensionlicensesit/test-hivemq-platform"
2025-01-29 18:44:26,032 INFO c.h.h.t.HelmChartContainer - [K3S] [scope.go:117] "RemoveContainer" containerID="b4d33e5328cf1eb57f4d24b598b973e247856b8ce933704a635d282af55d0fd6"
2025-01-29 18:44:26,037 INFO c.h.h.t.HelmChartContainer - [K3S] [scope.go:117] "RemoveContainer" containerID="d7d22b9485a106b12021fb258e73b7fa70013833d90c5197ee6f144ea98e3b5e"
2025-01-29 18:44:26,037 INFO c.h.h.t.HelmChartContainer - [K3S] [scope.go:117] "RemoveContainer" containerID="b4d33e5328cf1eb57f4d24b598b973e247856b8ce933704a635d282af55d0fd6"
2025-01-29 18:44:26,149 INFO c.h.h.t.HelmChartContainer - Namespace 'helmextensionlicensesit' deleted
2025-01-29 18:44:26,149 INFO c.h.h.t.HelmChartContainer - Release 'test-hivemq-platform' in namespace 'helmextensionlicensesit' is uninstalled
2025-01-29 18:44:26,149 INFO c.h.h.t.HelmChartContainer - Uninstalling release 'test-hivemq-platform-operator' in namespace 'helmextensionlicensesit-operator'...
2025-01-29 18:44:26,149 DEBUG c.h.h.t.HelmChartContainer - Executing helm command: /bin/helm --kubeconfig /etc/rancher/k3s/k3s.yaml uninstall test-hivemq-platform-operator  --wait --timeout 5m0s --cascade foreground --namespace helmextensionlicensesit-operator
2025-01-29 18:44:26,251 INFO c.h.h.t.HelmChartContainer - [K3S] [kubelet_volumes.go:163] "Cleaned up orphaned pod volumes dir" podUID="718ee4dd-4239-4ec8-8ba5-03959ce0b6e3" path="/var/lib/kubelet/pods/718ee4dd-4239-4ec8-8ba5-03959ce0b6e3/volumes"
2025-01-29 18:44:26,315 INFO c.h.h.t.HelmChartContainer - [K3S] [replica_set.go:679] "Finished syncing" kind="ReplicaSet" key="helmextensionlicensesit-operator/hivemq-test-hivemq-platform-operator-6966f96d65" duration="13.349828ms"
2025-01-29 18:44:26,315 INFO c.h.h.t.HelmChartContainer - [K3S] [replica_set.go:679] "Finished syncing" kind="ReplicaSet" key="helmextensionlicensesit-operator/hivemq-test-hivemq-platform-operator-6966f96d65" duration="36.398µs"
2025-01-29 18:44:26,339 INFO c.h.h.t.HelmChartContainer - [POD] hivemq-test-hivemq-platform-operator-6966f96d65-x7pfr [4164af51-9547-47a8-b56f-31fb8f84d51c] in helmextensionlicensesit-operator was MODIFIED
2025-01-29 18:44:26,349 INFO c.h.h.t.HelmChartContainer - [K3S] [replica_set.go:679] "Finished syncing" kind="ReplicaSet" key="helmextensionlicensesit-operator/hivemq-test-hivemq-platform-operator-6966f96d65" duration="12.821784ms"
2025-01-29 18:44:26,356 INFO c.h.h.t.HelmChartContainer - [K3S] [replica_set.go:679] "Finished syncing" kind="ReplicaSet" key="helmextensionlicensesit-operator/hivemq-test-hivemq-platform-operator-6966f96d65" duration="43.882µs"
2025-01-29 18:44:26,363 INFO c.h.h.t.HelmChartContainer - [EVENT] Normal [Killing] Stopping container hivemq-platform-operator [helmextensionlicensesit-operator:hivemq-test-hivemq-platform-operator-6966f96d65-x7pfr]
2025-01-29 18:44:26,364 INFO c.h.h.t.HelmChartContainer - Received Killing event for container hivemq-platform-operator in pod hivemq-test-hivemq-platform-operator-6966f96d65-x7pfr [4164af51-9547-47a8-b56f-31fb8f84d51c]
2025-01-29 18:44:26,364 INFO c.h.h.t.HelmChartContainer - Container [hivemq-test-hivemq-platform-operator-6966f96d65-x7pfr] [hivemq-platform-operator] [4164af51-9547-47a8-b56f-31fb8f84d51c] was terminated
2025-01-29 18:44:26,364 INFO c.h.h.t.HelmChartContainer - Stopped log watcher for hivemq-platform-operator in pod hivemq-test-hivemq-platform-operator-6966f96d65-x7pfr [4164af51-9547-47a8-b56f-31fb8f84d51c]
2025-01-29 18:44:26,441 INFO c.h.h.t.HelmChartContainer - [hivemq-test-hivemq-platform] [hivemq-platform-operator] [4164af51] 18:44:26.439 [application-shutdown-thread] INFO  c.h.p.o.HiveMQPlatformOperatorApplication - HiveMQ Platform Operator is stopping...
2025-01-29 18:44:26,441 INFO c.h.h.t.HelmChartContainer - [hivemq-test-hivemq-platform] [hivemq-platform-operator] [4164af51] 18:44:26.440 [application-shutdown-thread] INFO  i.javaoperatorsdk.operator.Operator - Operator SDK 4.9.7 is shutting down...
2025-01-29 18:44:27,003 INFO c.h.h.t.HelmChartContainer - [K3S] [replica_set.go:679] "Finished syncing" kind="ReplicaSet" key="helmextensionlicensesit-operator/hivemq-test-hivemq-platform-operator-6966f96d65" duration="39.925µs"
2025-01-29 18:44:27,005 INFO c.h.h.t.HelmChartContainer - [POD] hivemq-test-hivemq-platform-operator-6966f96d65-x7pfr [4164af51-9547-47a8-b56f-31fb8f84d51c] in helmextensionlicensesit-operator was MODIFIED
2025-01-29 18:44:27,083 INFO c.h.h.t.HelmChartContainer - [K3S] [reconciler_common.go:162] "operationExecutor.UnmountVolume started for volume \"kube-api-access-tvbsz\" (UniqueName: \"kubernetes.io/projected/4164af51-9547-47a8-b56f-31fb8f84d51c-kube-api-access-tvbsz\") pod \"4164af51-9547-47a8-b56f-31fb8f84d51c\" (UID: \"4164af51-9547-47a8-b56f-31fb8f84d51c\") "
2025-01-29 18:44:27,183 INFO c.h.h.t.HelmChartContainer - [K3S] [reconciler_common.go:299] "Volume detached for volume \"kube-api-access-tvbsz\" (UniqueName: \"kubernetes.io/projected/4164af51-9547-47a8-b56f-31fb8f84d51c-kube-api-access-tvbsz\") on node \"c8c2901b2546\" DevicePath \"\""
2025-01-29 18:44:27,907 INFO c.h.h.t.HelmChartContainer - [K3S] [scope.go:117] "RemoveContainer" containerID="e240d803c66c331a19f23f27effcc6f5f8c46d365bf755ea12be9c7b5598b234"
2025-01-29 18:44:27,911 INFO c.h.h.t.HelmChartContainer - [K3S] [scope.go:117] "RemoveContainer" containerID="e240d803c66c331a19f23f27effcc6f5f8c46d365bf755ea12be9c7b5598b234"
2025-01-29 18:44:27,919 INFO c.h.h.t.HelmChartContainer - [K3S] [replica_set.go:679] "Finished syncing" kind="ReplicaSet" key="helmextensionlicensesit-operator/hivemq-test-hivemq-platform-operator-6966f96d65" duration="46.347µs"
2025-01-29 18:44:27,920 INFO c.h.h.t.HelmChartContainer - [POD] hivemq-test-hivemq-platform-operator-6966f96d65-x7pfr [4164af51-9547-47a8-b56f-31fb8f84d51c] in helmextensionlicensesit-operator was MODIFIED
2025-01-29 18:44:27,922 INFO c.h.h.t.HelmChartContainer - [K3S] [replica_set.go:679] "Finished syncing" kind="ReplicaSet" key="helmextensionlicensesit-operator/hivemq-test-hivemq-platform-operator-6966f96d65" duration="35.797µs"
2025-01-29 18:44:27,922 INFO c.h.h.t.HelmChartContainer - [POD] hivemq-test-hivemq-platform-operator-6966f96d65-x7pfr [4164af51-9547-47a8-b56f-31fb8f84d51c] in helmextensionlicensesit-operator was DELETED
2025-01-29 18:44:27,932 INFO c.h.h.t.HelmChartContainer - [K3S] [replica_set.go:679] "Finished syncing" kind="ReplicaSet" key="helmextensionlicensesit-operator/hivemq-test-hivemq-platform-operator-6966f96d65" duration="7.624µs"
2025-01-29 18:44:28,249 INFO c.h.h.t.HelmChartContainer - [K3S] [kubelet_volumes.go:163] "Cleaned up orphaned pod volumes dir" podUID="4164af51-9547-47a8-b56f-31fb8f84d51c" path="/var/lib/kubelet/pods/4164af51-9547-47a8-b56f-31fb8f84d51c/volumes"
2025-01-29 18:44:28,367 INFO c.h.h.t.HelmChartContainer - Deleting namespace 'helmextensionlicensesit-operator'...
2025-01-29 18:44:31,095 INFO c.h.h.t.HelmChartContainer - [K3S] [namespace_controller.go:187] "Namespace has been deleted" namespace="helmextensionlicensesit"
2025-01-29 18:44:33,586 INFO c.h.h.t.HelmChartContainer - Namespace 'helmextensionlicensesit-operator' deleted
2025-01-29 18:44:33,586 INFO c.h.h.t.HelmChartContainer - Release 'test-hivemq-platform-operator' in namespace 'helmextensionlicensesit-operator' is uninstalled
2025-01-29 18:44:34,169 INFO c.h.helmcharts.AbstractHelmChartIT - Removed unused containers:

2025-01-29 18:44:38,499 INFO c.h.h.t.HelmChartContainer - [K3S] [namespace_controller.go:187] "Namespace has been deleted" namespace="helmextensionlicensesit-operator"
2025-01-29 18:44:41,779 INFO c.h.helmcharts.AbstractHelmChartIT - Removed unused snapshots:
Removing snapshot sha256:03af251906410714c5aef9fa705b63f6bbc39c4a5e787de7361eeb18886c2ed2
Removing snapshot sha256:0c46b3b43cce082ce5ec34ffc6c294e0417d17b9d1e6f366d114b6aadc4f96dc
Removing snapshot sha256:0ce761beee59082d6ed5bcebd3a805b8ddd9b3426b617e4809e7fb7c6587ffec
Removing snapshot sha256:0df91287303208332c8ff6ba40ae4710105201739addbfbddfb955f1ad593664
Removing snapshot sha256:1021ef88c7974bfff89c5a0ec4fd3160daac6c48a075f74cff721f85dd104e68
Removing snapshot sha256:10aba4953ddc18145dd38e3704709bc464aa20af60b56fe52caaff4b68411e62
Removing snapshot sha256:2573e0d8158209ed54ab25c87bcdcb00bd3d2539246960a3d592a1c599d70465
Removing snapshot sha256:27283e7e0a218444d1d3f410c25a4b01b901358a6996cd00837f3aaa3c236dba
Removing snapshot sha256:362a8a37f8bbc31925a8146adcf7cf51f9882f5c1dcbef67c5baa03a297543c0
Removing snapshot sha256:43a7c979bbaba6838bc3102d6b10a1459f3ab050b87ccdfef84ef90cf43d3058
Removing snapshot sha256:4ab04491cdf0d3267f08206fe30bd48f49f94b9cab2f016d6739220f722a64af
Removing snapshot sha256:4b6068250e89c96f263060261819c7d912855bfbd64b3eb4c4a8483299b8c295
Removing snapshot sha256:580e69a0a8034ede1921139bbd2bfb72a69ebf276d008281896c32dd8bf74775
Removing snapshot sha256:5d30ba46b27fe37484567ccc5242cadc78217b8da605f3f195ef25cbf7487904
Removing snapshot sha256:63ca1fbb43ae5034640e5e6cb3e083e05c290072c5366fcaa9d62435a4cced85
Removing snapshot sha256:67f702c6baae873bceb19487c8b1f27bd2b86077e4f2f0e480e6d60ab508b8f5
Removing snapshot sha256:6864348dd42806d552efdec384f1274be15e2d0c10ce44c1f04347af004c10a9
Removing snapshot sha256:6c7dee8f2c39b84b7dc2711c01d33de93514d9055499173e9290176fbe484b6c
Removing snapshot sha256:82753493a6d61ded36556292f02f31841a14c20d2f279f19eaad65afb661d5cd
Removing snapshot sha256:8a10d3db42c505ee0fcfa98417bdd7e39b304f6bcc0a06bb1b220797ff2cc63c
Removing snapshot sha256:a0904247e36a7726c03c71ee48f3e64462021c88dafeb13f37fdaf613b27f11c
Removing snapshot sha256:a21e5b12dbac529ad45d976eb9ce45c881f3bedcc500fb30aba1e52aa1813418
Removing snapshot sha256:b7126e507ac2e8d10c33990ecfa8b21282591cf0d30089268a323936afa28692
Removing snapshot sha256:b921e6c28969094157f9b8e7244677780319637afd14450b7cb6b2fdea558a0c
Removing snapshot sha256:bc27ecb5769a00e309cf99ebc763c4a4b958b618d1decc96ffac5bc05f02f5b7
Removing snapshot sha256:be3ccb6627a5332e309d45ef461d09b4879dd870c7394d89323d0ebc6ca6aa8a
Removing snapshot sha256:c261f7cbbc64211ee175ee47273acdb7b1a36a4450b397a064a8f2c026490095
Removing snapshot sha256:c34d9393647eea0c9e3557ab988efaf59f61d10a2a5613b439ef0958cca5ec10
Removing snapshot sha256:ccf3c4a0fa967a41c1c83497a2ce6fa5787965859df0adb32c4ca2cf7490bc2b
Removing snapshot sha256:cf92d33f869417309692088c341cd0f223c178ea78a125f757317b22aa8f90e9
Removing snapshot sha256:d0037344cf2fb078884f1849f6a1f8cf9a33a3b6139b6a85833e5ee528e1f9a8
Removing snapshot sha256:d3b36d5b79273b1e98e7700470eaeff05a882e777124d84cebcc1505b85ecb36
Removing snapshot sha256:d65a44a37914602d12c611e5e22a50f11451d847e63015cc1c2aef92dee777a4
Removing snapshot sha256:e2dc0bae2455930f23ae570e019b7f32edc75c0f2d71cab084db837ff9051796
Removing snapshot sha256:eccbd24a99c60cd9e86ee5305dbfc4a4dc89f5ab4fb1f06c8d64797cecedef34
Removing snapshot sha256:f144bb4c7c7f0d2aa7eeffd36d934ec40db1ee167be727e326aad9fdc616f475

]]></system-out>
  </testcase>
  <system-out><![CDATA[2025-01-29 18:41:11,670 INFO c.h.h.t.HelmChartContainerExtension - Using cached HelmChartContainer instance
]]></system-out>
  <system-err><![CDATA[]]></system-err>
</testsuite>
