<?xml version="1.0" encoding="UTF-8"?>
<testsuite name="com.hivemq.helmcharts.containers.HelmAdditionalContainersIT" tests="1" skipped="0" failures="0" errors="0" timestamp="2025-02-20T07:17:24" hostname="fv-az1774-299" time="100.341">
  <properties/>
  <testcase name="whenAdditionalContainer_withConsulTemplate_thenLicenseUpdated()" classname="com.hivemq.helmcharts.containers.HelmAdditionalContainersIT" time="100.341"/>
</testsuite>
