<?xml version="1.0" encoding="UTF-8"?>
<testsuite name="com.hivemq.helmcharts.platform.HelmCustomSecretConfigIT" tests="2" skipped="0" failures="0" errors="0" timestamp="2025-02-13T07:37:54" hostname="fv-az1360-23" time="283.499">
  <properties/>
  <testcase name="withExistingSecret_hivemqRunning()" classname="com.hivemq.helmcharts.platform.HelmCustomSecretConfigIT" time="143.629"/>
  <testcase name="withSecretConfig_hivemqRunning()" classname="com.hivemq.helmcharts.platform.HelmCustomSecretConfigIT" time="139.87"/>
</testsuite>
