<?xml version="1.0" encoding="UTF-8"?>
<testsuite name="com.hivemq.helmcharts.operator.HelmRemoveNamespaceIT" tests="1" skipped="0" failures="0" errors="0" timestamp="2025-03-26T13:32:52" hostname="fv-az813-807" time="89.392">
  <properties/>
  <testcase name="withSingleOperator_hivemqRunningThenDelete()" classname="com.hivemq.helmcharts.operator.HelmRemoveNamespaceIT" time="89.392"/>
</testsuite>
