<?xml version="1.0" encoding="UTF-8"?>
<testsuite name="com.hivemq.helmcharts.platform.HelmUpgradePlatformIT" tests="1" skipped="0" failures="0" errors="0" timestamp="2025-05-01T08:56:24" hostname="fv-az1718-195" time="141.884">
  <properties/>
  <testcase name="withDeployedPlatform_upgradeIncreasingReplicaCount()" classname="com.hivemq.helmcharts.platform.HelmUpgradePlatformIT" time="141.884"/>
</testsuite>
