<?xml version="1.0" encoding="UTF-8"?>
<testsuite name="com.hivemq.helmcharts.operator.HelmRemoveNamespaceIT" tests="1" skipped="0" failures="0" errors="0" timestamp="2025-01-29T13:24:10" hostname="fv-az2032-465" time="97.671">
  <properties/>
  <testcase name="withSingleOperator_hivemqRunningThenDelete()" classname="com.hivemq.helmcharts.operator.HelmRemoveNamespaceIT" time="97.671">
    <system-out><![CDATA[2025-01-29 13:24:10,838 INFO c.h.h.t.HelmChartContainer - Creating namespace 'helmremovenamespaceit-operator'...
2025-01-29 13:24:10,845 INFO c.h.h.t.HelmChartContainer - Namespace 'helmremovenamespaceit-operator' created
2025-01-29 13:24:10,845 INFO c.h.h.t.HelmChartContainer - Creating namespace 'helmremovenamespaceit'...
2025-01-29 13:24:10,946 INFO c.h.h.t.HelmChartContainer - Namespace 'helmremovenamespaceit' created
2025-01-29 13:24:11,013 DEBUG c.h.h.t.HelmChartContainer - Executing helm command: /bin/helm --kubeconfig /etc/rancher/k3s/k3s.yaml install test-hivemq-platform-operator /charts/hivemq-platform-operator --wait --timeout 5m0s --set image.repository=docker.io/hivemq --set image.name=hivemq-platform-operator-test --set image.initImageName=hivemq-platform-operator-init-test --set image.tag=snapshot --set image.pullPolicy=Never --set logLevel=DEBUG --set resources.cpu=512m --namespace helmremovenamespaceit-operator
2025-01-29 13:24:11,326 INFO c.h.h.t.HelmChartContainer - [K3S] [alloc.go:330] "allocated clusterIPs" service="helmremovenamespaceit-operator/hivemq-platform-operator-test-hivemq-platform-operator" clusterIPs={"IPv4":"10.43.121.214"}
2025-01-29 13:24:11,341 INFO c.h.h.t.HelmChartContainer - [EVENT] Normal [ScalingReplicaSet] Scaled up replica set hivemq-test-hivemq-platform-operator-6966f96d65 from 0 to 1 [helmremovenamespaceit-operator:hivemq-test-hivemq-platform-operator]
2025-01-29 13:24:11,349 INFO c.h.h.t.HelmChartContainer - [POD] hivemq-test-hivemq-platform-operator-6966f96d65-8lzb8 [f97a0abb-7d9f-466b-8b61-b7a1f81de5f4] in helmremovenamespaceit-operator was ADDED
2025-01-29 13:24:11,357 INFO c.h.h.t.HelmChartContainer - [POD] hivemq-test-hivemq-platform-operator-6966f96d65-8lzb8 [f97a0abb-7d9f-466b-8b61-b7a1f81de5f4] in helmremovenamespaceit-operator was MODIFIED
2025-01-29 13:24:11,357 INFO c.h.h.t.HelmChartContainer - [K3S] [memory_manager.go:355] "RemoveStaleState removing state" podUID="40f9e351-297a-496a-b5ea-0f7debc629d9" containerName="hivemq-platform-operator"
2025-01-29 13:24:11,359 INFO c.h.h.t.HelmChartContainer - [K3S] [memory_manager.go:355] "RemoveStaleState removing state" podUID="eac99153-8eb6-4647-8da4-6cefe0a5f4b7" containerName="nginx"
2025-01-29 13:24:11,359 INFO c.h.h.t.HelmChartContainer - [K3S] [memory_manager.go:355] "RemoveStaleState removing state" podUID="809a84ea-9892-4ef7-99f8-974374f68e25" containerName="hivemq"
2025-01-29 13:24:11,361 INFO c.h.h.t.HelmChartContainer - [K3S] [replica_set.go:679] "Finished syncing" kind="ReplicaSet" key="helmremovenamespaceit-operator/hivemq-test-hivemq-platform-operator-6966f96d65" duration="24.873338ms"
2025-01-29 13:24:11,363 INFO c.h.h.t.HelmChartContainer - [EVENT] Normal [SuccessfulCreate] Created pod: hivemq-test-hivemq-platform-operator-6966f96d65-8lzb8 [helmremovenamespaceit-operator:hivemq-test-hivemq-platform-operator-6966f96d65]
2025-01-29 13:24:11,363 INFO c.h.h.t.HelmChartContainer - [EVENT] Normal [Scheduled] Successfully assigned helmremovenamespaceit-operator/hivemq-test-hivemq-platform-operator-6966f96d65-8lzb8 to f70f541c494d [helmremovenamespaceit-operator:hivemq-test-hivemq-platform-operator-6966f96d65-8lzb8]
2025-01-29 13:24:11,375 INFO c.h.h.t.HelmChartContainer - [POD] hivemq-test-hivemq-platform-operator-6966f96d65-8lzb8 [f97a0abb-7d9f-466b-8b61-b7a1f81de5f4] in helmremovenamespaceit-operator was MODIFIED
2025-01-29 13:24:11,378 INFO c.h.h.t.HelmChartContainer - [K3S] [replica_set.go:679] "Finished syncing" kind="ReplicaSet" key="helmremovenamespaceit-operator/hivemq-test-hivemq-platform-operator-6966f96d65" duration="16.263209ms"
2025-01-29 13:24:11,387 INFO c.h.h.t.HelmChartContainer - [K3S] [replica_set.go:679] "Finished syncing" kind="ReplicaSet" key="helmremovenamespaceit-operator/hivemq-test-hivemq-platform-operator-6966f96d65" duration="9.58731ms"
2025-01-29 13:24:11,387 INFO c.h.h.t.HelmChartContainer - [K3S] [replica_set.go:679] "Finished syncing" kind="ReplicaSet" key="helmremovenamespaceit-operator/hivemq-test-hivemq-platform-operator-6966f96d65" duration="35.657µs"
2025-01-29 13:24:11,537 INFO c.h.h.t.HelmChartContainer - [K3S] [reconciler_common.go:251] "operationExecutor.VerifyControllerAttachedVolume started for volume \"kube-api-access-n5flh\" (UniqueName: \"kubernetes.io/projected/f97a0abb-7d9f-466b-8b61-b7a1f81de5f4-kube-api-access-n5flh\") pod \"hivemq-test-hivemq-platform-operator-6966f96d65-8lzb8\" (UID: \"f97a0abb-7d9f-466b-8b61-b7a1f81de5f4\") " pod="helmremovenamespaceit-operator/hivemq-test-hivemq-platform-operator-6966f96d65-8lzb8"
2025-01-29 13:24:11,747 INFO c.h.h.t.HelmChartContainer - [EVENT] Normal [Pulled] Container image "docker.io/hivemq/hivemq-platform-operator-test:snapshot" already present on machine [helmremovenamespaceit-operator:hivemq-test-hivemq-platform-operator-6966f96d65-8lzb8]
2025-01-29 13:24:11,747 INFO c.h.h.t.HelmChartContainer - Received Pulled event for container hivemq-platform-operator in pod hivemq-test-hivemq-platform-operator-6966f96d65-8lzb8 [f97a0abb-7d9f-466b-8b61-b7a1f81de5f4]
2025-01-29 13:24:13,007 INFO c.h.h.t.HelmChartContainer - [EVENT] Normal [Created] Created container: hivemq-platform-operator [helmremovenamespaceit-operator:hivemq-test-hivemq-platform-operator-6966f96d65-8lzb8]
2025-01-29 13:24:13,008 INFO c.h.h.t.HelmChartContainer - Received Created event for container hivemq-platform-operator in pod hivemq-test-hivemq-platform-operator-6966f96d65-8lzb8 [f97a0abb-7d9f-466b-8b61-b7a1f81de5f4]
2025-01-29 13:24:13,781 INFO c.h.h.t.HelmChartContainer - [K3S] [replica_set.go:679] "Finished syncing" kind="ReplicaSet" key="helmremovenamespaceit-operator/hivemq-test-hivemq-platform-operator-6966f96d65" duration="41.207µs"
2025-01-29 13:24:13,783 INFO c.h.h.t.HelmChartContainer - [POD] hivemq-test-hivemq-platform-operator-6966f96d65-8lzb8 [f97a0abb-7d9f-466b-8b61-b7a1f81de5f4] in helmremovenamespaceit-operator was MODIFIED
2025-01-29 13:24:13,792 INFO c.h.h.t.HelmChartContainer - [EVENT] Normal [Started] Started container hivemq-platform-operator [helmremovenamespaceit-operator:hivemq-test-hivemq-platform-operator-6966f96d65-8lzb8]
2025-01-29 13:24:13,792 INFO c.h.h.t.HelmChartContainer - Received Started event for container hivemq-platform-operator in pod hivemq-test-hivemq-platform-operator-6966f96d65-8lzb8 [f97a0abb-7d9f-466b-8b61-b7a1f81de5f4]
2025-01-29 13:24:13,792 INFO c.h.h.t.HelmChartContainer - Started log watcher for hivemq-platform-operator in pod hivemq-test-hivemq-platform-operator-6966f96d65-8lzb8 [f97a0abb-7d9f-466b-8b61-b7a1f81de5f4]
2025-01-29 13:24:13,793 INFO c.h.h.t.HelmChartContainer - [hivemq-test-hivemq-platform] [hivemq-platform-operator] [f97a0abb] -------------------------------------------------------------------------
2025-01-29 13:24:13,793 INFO c.h.h.t.HelmChartContainer - [hivemq-test-hivemq-platform] [hivemq-platform-operator] [f97a0abb] 
2025-01-29 13:24:13,793 INFO c.h.h.t.HelmChartContainer - [hivemq-test-hivemq-platform] [hivemq-platform-operator] [f97a0abb]                   _    _  _              __  __   ____
2025-01-29 13:24:13,793 INFO c.h.h.t.HelmChartContainer - [hivemq-test-hivemq-platform] [hivemq-platform-operator] [f97a0abb]                  | |  | |(_)            |  \/  | / __ \
2025-01-29 13:24:13,793 INFO c.h.h.t.HelmChartContainer - [hivemq-test-hivemq-platform] [hivemq-platform-operator] [f97a0abb]                  | |__| | _ __   __ ___ | \  / || |  | |
2025-01-29 13:24:13,793 INFO c.h.h.t.HelmChartContainer - [hivemq-test-hivemq-platform] [hivemq-platform-operator] [f97a0abb]                  |  __  || |\ \ / // _ \| |\/| || |  | |
2025-01-29 13:24:13,793 INFO c.h.h.t.HelmChartContainer - [hivemq-test-hivemq-platform] [hivemq-platform-operator] [f97a0abb]                  | |  | || | \ V /|  __/| |  | || |__| |
2025-01-29 13:24:13,793 INFO c.h.h.t.HelmChartContainer - [hivemq-test-hivemq-platform] [hivemq-platform-operator] [f97a0abb]                  |_|  |_||_|  \_/  \___||_|  |_| \___\_\
2025-01-29 13:24:13,793 INFO c.h.h.t.HelmChartContainer - [hivemq-test-hivemq-platform] [hivemq-platform-operator] [f97a0abb] 
2025-01-29 13:24:13,793 INFO c.h.h.t.HelmChartContainer - [hivemq-test-hivemq-platform] [hivemq-platform-operator] [f97a0abb] -------------------------------------------------------------------------
2025-01-29 13:24:13,793 INFO c.h.h.t.HelmChartContainer - [hivemq-test-hivemq-platform] [hivemq-platform-operator] [f97a0abb] 
2025-01-29 13:24:13,793 INFO c.h.h.t.HelmChartContainer - [hivemq-test-hivemq-platform] [hivemq-platform-operator] [f97a0abb]   HiveMQ Platform Operator Start Script v1.0
2025-01-29 13:24:13,793 INFO c.h.h.t.HelmChartContainer - [hivemq-test-hivemq-platform] [hivemq-platform-operator] [f97a0abb] 
2025-01-29 13:24:13,793 INFO c.h.h.t.HelmChartContainer - [hivemq-test-hivemq-platform] [hivemq-platform-operator] [f97a0abb] -------------------------------------------------------------------------
2025-01-29 13:24:13,793 INFO c.h.h.t.HelmChartContainer - [hivemq-test-hivemq-platform] [hivemq-platform-operator] [f97a0abb] 
2025-01-29 13:24:13,793 INFO c.h.h.t.HelmChartContainer - [hivemq-test-hivemq-platform] [hivemq-platform-operator] [f97a0abb]   JAVA_OPTS: -XX:+UnlockExperimentalVMOptions -XX:InitialRAMPercentage=75 -XX:MaxRAMPercentage=75 -Duser.language=en -Duser.region=US
2025-01-29 13:24:13,793 INFO c.h.h.t.HelmChartContainer - [hivemq-test-hivemq-platform] [hivemq-platform-operator] [f97a0abb] 
2025-01-29 13:24:13,793 INFO c.h.h.t.HelmChartContainer - [hivemq-test-hivemq-platform] [hivemq-platform-operator] [f97a0abb]   JAVA_VERSION: 21
2025-01-29 13:24:13,793 INFO c.h.h.t.HelmChartContainer - [hivemq-test-hivemq-platform] [hivemq-platform-operator] [f97a0abb] 
2025-01-29 13:24:13,793 INFO c.h.h.t.HelmChartContainer - [hivemq-test-hivemq-platform] [hivemq-platform-operator] [f97a0abb] -------------------------------------------------------------------------
2025-01-29 13:24:13,793 INFO c.h.h.t.HelmChartContainer - [hivemq-test-hivemq-platform] [hivemq-platform-operator] [f97a0abb] 
2025-01-29 13:24:16,323 INFO c.h.h.t.HelmChartContainer - [hivemq-test-hivemq-platform] [hivemq-platform-operator] [f97a0abb] 13:24:16.321 [main] DEBUG org.jboss.logging - Logging Provider: org.jboss.logging.Slf4jLoggerProvider
2025-01-29 13:24:16,428 INFO c.h.h.t.HelmChartContainer - [hivemq-test-hivemq-platform] [hivemq-platform-operator] [f97a0abb] 13:24:16.426 [main] DEBUG io.smallrye.config - SRCFG01006: Loaded ConfigSource SysPropConfigSource with ordinal 400
2025-01-29 13:24:16,428 INFO c.h.h.t.HelmChartContainer - [hivemq-test-hivemq-platform] [hivemq-platform-operator] [f97a0abb] 13:24:16.426 [main] DEBUG io.smallrye.config - SRCFG01006: Loaded ConfigSource EnvConfigSource with ordinal 300
2025-01-29 13:24:16,428 INFO c.h.h.t.HelmChartContainer - [hivemq-test-hivemq-platform] [hivemq-platform-operator] [f97a0abb] 13:24:16.426 [main] DEBUG io.smallrye.config - SRCFG01006: Loaded ConfigSource PropertiesConfigSource[source=jar:file:///opt/hivemq-platform-operator/bin/hivemq-platform-operator.jar!/hivemq-platform-operator.properties] with ordinal 100
2025-01-29 13:24:16,428 INFO c.h.h.t.HelmChartContainer - [hivemq-test-hivemq-platform] [hivemq-platform-operator] [f97a0abb] 13:24:16.427 [main] DEBUG io.smallrye.config - SRCFG01006: Loaded ConfigSource DefaultValuesConfigSource with ordinal -2147483648
2025-01-29 13:24:16,533 INFO c.h.h.t.HelmChartContainer - [hivemq-test-hivemq-platform] [hivemq-platform-operator] [f97a0abb] 13:24:16.532 [main] DEBUG i.m.c.u.i.l.InternalLoggerFactory - Using SLF4J as the default logging framework
2025-01-29 13:24:16,644 INFO c.h.h.t.HelmChartContainer - [hivemq-test-hivemq-platform] [hivemq-platform-operator] [f97a0abb] 13:24:16.637 [main] INFO  c.h.p.o.HiveMQPlatformOperatorApplication - HiveMQ Platform Operator 1.7.0-SNAPSHOT (commit: bebf408 on branch: HEAD) built on Sun Jan 26 20:47:47 UTC 2025
2025-01-29 13:24:16,645 INFO c.h.h.t.HelmChartContainer - [hivemq-test-hivemq-platform] [hivemq-platform-operator] [f97a0abb] 13:24:16.644 [main] INFO  c.h.p.o.HiveMQPlatformOperatorApplication - HiveMQ Platform Operator is running in namespace: helmremovenamespaceit-operator
2025-01-29 13:24:16,645 INFO c.h.h.t.HelmChartContainer - [hivemq-test-hivemq-platform] [hivemq-platform-operator] [f97a0abb] 13:24:16.644 [main] INFO  c.h.p.o.HiveMQPlatformOperatorApplication - Watching all namespaces
2025-01-29 13:24:16,645 INFO c.h.h.t.HelmChartContainer - [hivemq-test-hivemq-platform] [hivemq-platform-operator] [f97a0abb] 13:24:16.644 [main] INFO  c.h.p.o.HiveMQPlatformOperatorApplication - Log level: DEBUG
2025-01-29 13:24:16,645 INFO c.h.h.t.HelmChartContainer - [hivemq-test-hivemq-platform] [hivemq-platform-operator] [f97a0abb] 13:24:16.644 [main] INFO  c.h.p.o.HiveMQPlatformOperatorApplication - Release name: test-hivemq-platform-operator
2025-01-29 13:24:16,645 INFO c.h.h.t.HelmChartContainer - [hivemq-test-hivemq-platform] [hivemq-platform-operator] [f97a0abb] 13:24:16.644 [main] INFO  c.h.p.o.HiveMQPlatformOperatorApplication - HiveMQ Platform Operator Init image: docker.io/hivemq/hivemq-platform-operator-init-test:snapshot
2025-01-29 13:24:16,646 INFO c.h.h.t.HelmChartContainer - [hivemq-test-hivemq-platform] [hivemq-platform-operator] [f97a0abb] 13:24:16.644 [main] INFO  c.h.p.o.HiveMQPlatformOperatorApplication - HiveMQ Platform Operator Init App update URL: http://hivemq-platform-operator-test-hivemq-platform-operator.helmremovenamespaceit-operator.svc:8080/initAppUpdate/hivemq-platform-operator-init-app-1.7.0-SNAPSHOT.jar
2025-01-29 13:24:16,646 INFO c.h.h.t.HelmChartContainer - [hivemq-test-hivemq-platform] [hivemq-platform-operator] [f97a0abb] 13:24:16.644 [main] INFO  c.h.p.o.HiveMQPlatformOperatorApplication - Additional imagePullSecret for all Platform deployments: none
2025-01-29 13:24:16,646 INFO c.h.h.t.HelmChartContainer - [hivemq-test-hivemq-platform] [hivemq-platform-operator] [f97a0abb] 13:24:16.644 [main] INFO  c.h.p.o.HiveMQPlatformOperatorApplication - Apply HiveMQ Platform CRD: true
2025-01-29 13:24:16,646 INFO c.h.h.t.HelmChartContainer - [hivemq-test-hivemq-platform] [hivemq-platform-operator] [f97a0abb] 13:24:16.644 [main] INFO  c.h.p.o.HiveMQPlatformOperatorApplication - Create Platform ServiceAccount: true
2025-01-29 13:24:16,646 INFO c.h.h.t.HelmChartContainer - [hivemq-test-hivemq-platform] [hivemq-platform-operator] [f97a0abb] 13:24:16.644 [main] INFO  c.h.p.o.HiveMQPlatformOperatorApplication - Create Platform ServiceAccount permissions: true
2025-01-29 13:24:16,646 INFO c.h.h.t.HelmChartContainer - [hivemq-test-hivemq-platform] [hivemq-platform-operator] [f97a0abb] 13:24:16.644 [main] INFO  c.h.p.o.HiveMQPlatformOperatorApplication - Validate Platform ServiceAccount: true
2025-01-29 13:24:16,646 INFO c.h.h.t.HelmChartContainer - [hivemq-test-hivemq-platform] [hivemq-platform-operator] [f97a0abb] 13:24:16.644 [main] INFO  c.h.p.o.HiveMQPlatformOperatorApplication - Validate Platform ServiceAccount permissions: true
2025-01-29 13:24:16,758 INFO c.h.h.t.HelmChartContainer - [hivemq-test-hivemq-platform] [hivemq-platform-operator] [f97a0abb] 13:24:16.757 [main] INFO  c.h.platform.operator.util.CRDUtil - Verifying deployed HiveMQ Platform CRD...
2025-01-29 13:24:19,002 INFO c.h.h.t.HelmChartContainer - [hivemq-test-hivemq-platform] [hivemq-platform-operator] [f97a0abb] 13:24:19.001 [main] DEBUG c.h.platform.operator.util.CRDUtil - HiveMQ Platform CRD version v1 is up to date
2025-01-29 13:24:19,002 INFO c.h.h.t.HelmChartContainer - [hivemq-test-hivemq-platform] [hivemq-platform-operator] [f97a0abb] 13:24:19.001 [main] INFO  c.h.platform.operator.util.CRDUtil - HiveMQ Platform CRD is up to date (version: V1_6_0)
2025-01-29 13:24:19,021 INFO c.h.h.t.HelmChartContainer - [hivemq-test-hivemq-platform] [hivemq-platform-operator] [f97a0abb] 13:24:19.002 [main] INFO  c.h.platform.operator.util.CRDUtil - Waiting 10000 ms for HiveMQ Platform CRD 'hivemq-platforms.hivemq.com' to become ready...
2025-01-29 13:24:19,422 INFO c.h.h.t.HelmChartContainer - [hivemq-test-hivemq-platform] [hivemq-platform-operator] [f97a0abb] 13:24:19.420 [vert.x-eventloop-thread-1] DEBUG c.h.platform.operator.util.CRDUtil - Checking CRD condition 'NamesAccepted' (status: 'True')
2025-01-29 13:24:19,423 INFO c.h.h.t.HelmChartContainer - [hivemq-test-hivemq-platform] [hivemq-platform-operator] [f97a0abb] 13:24:19.421 [vert.x-eventloop-thread-1] DEBUG c.h.platform.operator.util.CRDUtil - Checking CRD condition 'Established' (status: 'True')
2025-01-29 13:24:19,423 INFO c.h.h.t.HelmChartContainer - [hivemq-test-hivemq-platform] [hivemq-platform-operator] [f97a0abb] 13:24:19.422 [main] INFO  c.h.platform.operator.util.CRDUtil - HiveMQ Platform CRD 'hivemq-platforms.hivemq.com' is ready
2025-01-29 13:24:19,628 INFO c.h.h.t.HelmChartContainer - [hivemq-test-hivemq-platform] [hivemq-platform-operator] [f97a0abb] 13:24:19.627 [main] INFO  c.h.p.o.HiveMQPlatformReconciler - HiveMQ Platform Operator is starting...
2025-01-29 13:24:19,734 INFO c.h.h.t.HelmChartContainer - [hivemq-test-hivemq-platform] [hivemq-platform-operator] [f97a0abb] 13:24:19.733 [main] WARN  Default ConfigurationService implementation - Configuration for reconciler 'hivemq-controller' was not found. Known reconcilers: None.
2025-01-29 13:24:19,802 INFO c.h.h.t.HelmChartContainer - [hivemq-test-hivemq-platform] [hivemq-platform-operator] [f97a0abb] 13:24:19.801 [main] INFO  Default ConfigurationService implementation - Created configuration for reconciler com.hivemq.platform.operator.HiveMQPlatformReconciler with name hivemq-controller
2025-01-29 13:24:19,927 INFO c.h.h.t.HelmChartContainer - [hivemq-test-hivemq-platform] [hivemq-platform-operator] [f97a0abb] 13:24:19.926 [main] DEBUG c.h.p.o.HiveMQPlatformReconciler - HiveMQ Platform Operator is preparing EventSources
2025-01-29 13:24:19,940 INFO c.h.h.t.HelmChartContainer - [hivemq-test-hivemq-platform] [hivemq-platform-operator] [f97a0abb] 13:24:19.940 [main] INFO  i.javaoperatorsdk.operator.Operator - Registered reconciler: 'hivemq-controller' for resource: 'class com.hivemq.platform.operator.v1.HiveMQPlatform' for namespace(s): [all namespaces]
2025-01-29 13:24:20,603 INFO c.h.h.t.HelmChartContainer - [hivemq-test-hivemq-platform] [hivemq-platform-operator] [f97a0abb] 13:24:20.602 [main] INFO  c.h.p.operator.webserver.JettyServer - Starting Jetty server on port 8080
2025-01-29 13:24:20,637 INFO c.h.h.t.HelmChartContainer - [hivemq-test-hivemq-platform] [hivemq-platform-operator] [f97a0abb] 13:24:20.636 [main] INFO  i.javaoperatorsdk.operator.Operator - Operator SDK 4.9.7 (commit: 2133d28) built on Wed Nov 20 12:56:20 UTC 2024 starting...
2025-01-29 13:24:20,637 INFO c.h.h.t.HelmChartContainer - [hivemq-test-hivemq-platform] [hivemq-platform-operator] [f97a0abb] 13:24:20.637 [main] INFO  i.javaoperatorsdk.operator.Operator - Client version: 6.13.4
2025-01-29 13:24:20,639 INFO c.h.h.t.HelmChartContainer - [hivemq-test-hivemq-platform] [hivemq-platform-operator] [f97a0abb] 13:24:20.638 [Controller Starter for: hivemq-controller] INFO  i.j.operator.processing.Controller - Starting 'hivemq-controller' controller for reconciler: com.hivemq.platform.operator.HiveMQPlatformReconciler, resource: com.hivemq.platform.operator.v1.HiveMQPlatform
2025-01-29 13:24:22,934 INFO c.h.h.t.HelmChartContainer - [hivemq-test-hivemq-platform] [hivemq-platform-operator] [f97a0abb] 13:24:22.933 [Controller Starter for: hivemq-controller] INFO  i.j.operator.processing.Controller - 'hivemq-controller' controller started
2025-01-29 13:24:23,001 INFO c.h.h.t.HelmChartContainer - [hivemq-test-hivemq-platform] [hivemq-platform-operator] [f97a0abb] 13:24:22.933 [main] INFO  c.h.p.o.HiveMQPlatformOperatorApplication - HiveMQ Platform Operator 1.7.0-SNAPSHOT started in 6296 ms
2025-01-29 13:24:24,791 INFO c.h.h.t.HelmChartContainer - [POD] hivemq-test-hivemq-platform-operator-6966f96d65-8lzb8 [f97a0abb-7d9f-466b-8b61-b7a1f81de5f4] in helmremovenamespaceit-operator was MODIFIED
2025-01-29 13:24:24,796 INFO c.h.h.t.HelmChartContainer - [K3S] [replica_set.go:679] "Finished syncing" kind="ReplicaSet" key="helmremovenamespaceit-operator/hivemq-test-hivemq-platform-operator-6966f96d65" duration="8.301505ms"
2025-01-29 13:24:24,797 INFO c.h.h.t.HelmChartContainer - [K3S] [replica_set.go:679] "Finished syncing" kind="ReplicaSet" key="helmremovenamespaceit-operator/hivemq-test-hivemq-platform-operator-6966f96d65" duration="44.323µs"
2025-01-29 13:24:25,450 DEBUG c.h.h.t.HelmChartContainer - Executing helm command: /bin/helm --kubeconfig /etc/rancher/k3s/k3s.yaml install test-hivemq-platform /charts/hivemq-platform --wait --timeout 5m0s --set image.repository=docker.io/hivemq --set image.tag=4.36.0 --set image.pullPolicy=Never --set nodes.resources.cpu=512m -f /files/platform-values.yaml --namespace helmremovenamespaceit
2025-01-29 13:24:25,723 INFO c.h.h.t.HelmChartContainer - [hivemq-test-hivemq-platform] [hivemq-platform-operator] [f97a0abb] 13:24:25.708 [-373097727-pool-1-thread-1] WARN  i.m.p.PrometheusMeterRegistry - The meter (MeterId{name='operator.sdk.events.received', tags=[tag(action=ADDED),tag(event=ResourceEvent),tag(group=hivemq.com),tag(kind=HiveMQPlatform),tag(name=test-hivemq-platform),tag(namespace=helmremovenamespaceit),tag(scope=namespace),tag(version=v1)]}) registration has failed: Prometheus requires that all meters with the same name have the same set of tag keys. There is already an existing meter named 'operator.sdk.events.received' containing tag keys [event, group, kind, name, namespace, scope, version]. The meter you are attempting to register has keys [action, event, group, kind, name, namespace, scope, version]. Note that subsequent logs will be logged at debug level.
2025-01-29 13:24:26,106 INFO c.h.h.t.HelmChartContainer - [hivemq-test-hivemq-platform] [hivemq-platform-operator] [f97a0abb] 13:24:26.105 [pool-6-thread-3] DEBUG c.h.p.o.dependants.PodInfoConfigMap - [helmremo] Desired PodInfo ConfigMap (1 extensions) (1 enabled)
2025-01-29 13:24:26,106 INFO c.h.h.t.HelmChartContainer - [hivemq-test-hivemq-platform] [hivemq-platform-operator] [f97a0abb] 13:24:26.105 [pool-6-thread-3] DEBUG c.h.p.o.dependants.PodInfoConfigMap - [helmremo] Desired PodInfo ConfigMap (metrics port: 9399) (metrics path: /)
2025-01-29 13:24:26,107 INFO c.h.h.t.HelmChartContainer - [hivemq-test-hivemq-platform] [hivemq-platform-operator] [f97a0abb] 13:24:26.105 [pool-6-thread-3] DEBUG c.h.p.o.dependants.PodInfoConfigMap - [helmremo] Desired PodInfo ConfigMap (extension state hash: -1817474005)
2025-01-29 13:24:26,124 INFO c.h.h.t.HelmChartContainer - [hivemq-test-hivemq-platform] [hivemq-platform-operator] [f97a0abb] 13:24:26.122 [pool-6-thread-3] DEBUG c.h.p.o.dependants.PodInfoConfigMap - [helmremo] Create PodInfo ConfigMap
2025-01-29 13:24:26,225 INFO c.h.h.t.HelmChartContainer - [hivemq-test-hivemq-platform] [hivemq-platform-operator] [f97a0abb] 13:24:26.221 [pool-6-thread-5] DEBUG c.h.p.o.dependants.PodRoleResource - [helmremo] Create Role: Role(apiVersion=rbac.authorization.k8s.io/v1, kind=Role, metadata=ObjectMeta(annotations={meta.helm.sh/release-name=test-hivemq-platform, meta.helm.sh/release-namespace=helmremovenamespaceit}, creationTimestamp=null, deletionGracePeriodSeconds=null, deletionTimestamp=null, finalizers=[], generateName=null, generation=null, labels={helm.sh/chart=hivemq-platform-0.2.32, app.kubernetes.io/managed-by=Helm, app.kubernetes.io/name=hivemq-platform, hivemq-platform=test-hivemq-platform, app.kubernetes.io/instance=test-hivemq-platform, app.kubernetes.io/version=4.36.0}, managedFields=[], name=hivemq-platform-role-test-hivemq-platform, namespace=helmremovenamespaceit, ownerReferences=[OwnerReference(apiVersion=hivemq.com/v1, blockOwnerDeletion=null, controller=null, kind=HiveMQPlatform, name=test-hivemq-platform, uid=f2cc470c-e3cb-4369-8e86-bee304d7393e, additionalProperties={})], resourceVersion=null, selfLink=null, uid=null, additionalProperties={}), rules=[PolicyRule(apiGroups=[], nonResourceURLs=[], resourceNames=[], resources=[pods], verbs=[get, patch, update], additionalProperties={})], additionalProperties={})
2025-01-29 13:24:26,327 INFO c.h.h.t.HelmChartContainer - [hivemq-test-hivemq-platform] [hivemq-platform-operator] [f97a0abb] 13:24:26.326 [pool-6-thread-7] DEBUG c.h.p.o.d.PodServiceAccountResource - [helmremo] Desired PodServiceAccountResource (serviceAccountName: hivemq-platform-pod-test-hivemq-platform)
2025-01-29 13:24:26,403 INFO c.h.h.t.HelmChartContainer - [hivemq-test-hivemq-platform] [hivemq-platform-operator] [f97a0abb] 13:24:26.401 [pool-6-thread-7] DEBUG c.h.p.o.d.PodServiceAccountResource - [helmremo] Create ServiceAccount 'hivemq-platform-pod-test-hivemq-platform'
2025-01-29 13:24:26,506 INFO c.h.h.t.HelmChartContainer - [hivemq-test-hivemq-platform] [hivemq-platform-operator] [f97a0abb] 13:24:26.505 [pool-6-thread-10] DEBUG c.h.p.o.d.PodRoleBindingResource - [helmremo] Create RoleBinding: RoleBinding(apiVersion=rbac.authorization.k8s.io/v1, kind=RoleBinding, metadata=ObjectMeta(annotations={meta.helm.sh/release-name=test-hivemq-platform, meta.helm.sh/release-namespace=helmremovenamespaceit}, creationTimestamp=null, deletionGracePeriodSeconds=null, deletionTimestamp=null, finalizers=[], generateName=null, generation=null, labels={helm.sh/chart=hivemq-platform-0.2.32, app.kubernetes.io/managed-by=Helm, app.kubernetes.io/name=hivemq-platform, hivemq-platform=test-hivemq-platform, app.kubernetes.io/instance=test-hivemq-platform, app.kubernetes.io/version=4.36.0}, managedFields=[], name=hivemq-platform-role-binding-test-hivemq-platform, namespace=helmremovenamespaceit, ownerReferences=[OwnerReference(apiVersion=hivemq.com/v1, blockOwnerDeletion=null, controller=null, kind=HiveMQPlatform, name=test-hivemq-platform, uid=f2cc470c-e3cb-4369-8e86-bee304d7393e, additionalProperties={})], resourceVersion=null, selfLink=null, uid=null, additionalProperties={}), roleRef=RoleRef(apiGroup=rbac.authorization.k8s.io, kind=Role, name=hivemq-platform-role-test-hivemq-platform, additionalProperties={}), subjects=[Subject(apiGroup=null, kind=ServiceAccount, name=hivemq-platform-pod-test-hivemq-platform, namespace=helmremovenamespaceit, additionalProperties={})], additionalProperties={})
2025-01-29 13:24:26,537 INFO c.h.h.t.HelmChartContainer - [hivemq-test-hivemq-platform] [hivemq-platform-operator] [f97a0abb] 13:24:26.536 [ReconcilerExecutor-hivemq-controller-54] INFO  c.h.p.o.HiveMQPlatformReconciler - [helmremo] Reconciling HiveMQ Platform 'test-hivemq-platform' in namespace 'helmremovenamespaceit'
2025-01-29 13:24:26,538 INFO c.h.h.t.HelmChartContainer - [hivemq-test-hivemq-platform] [hivemq-platform-operator] [f97a0abb] 13:24:26.537 [ReconcilerExecutor-hivemq-controller-54] DEBUG c.h.p.o.HiveMQPlatformReconciler - [helmremo] Custom Resource Status CREATED - HiveMQ Platform was created (READY)
2025-01-29 13:24:26,538 INFO c.h.h.t.HelmChartContainer - [hivemq-test-hivemq-platform] [hivemq-platform-operator] [f97a0abb] 13:24:26.537 [ReconcilerExecutor-hivemq-controller-54] DEBUG c.h.p.o.HiveMQPlatformReconciler - [helmremo] Custom Resource Spec (replicas: 1) (extensions: 1)
2025-01-29 13:24:26,541 INFO c.h.h.t.HelmChartContainer - [hivemq-test-hivemq-platform] [hivemq-platform-operator] [f97a0abb] 13:24:26.540 [ReconcilerExecutor-hivemq-controller-54] INFO  c.h.p.o.h.HiveMQPlatformReconcilerBaseHandler - [helmremo] HiveMQ Platform is starting
2025-01-29 13:24:26,634 INFO c.h.h.t.HelmChartContainer - [hivemq-test-hivemq-platform] [hivemq-platform-operator] [f97a0abb] 13:24:26.633 [ReconcilerExecutor-hivemq-controller-54] DEBUG c.h.p.operator.event.EventSender - [helmremo] Creating K8s event hivemq-platform-starting: [Start] HiveMQ Platform is starting
2025-01-29 13:24:26,704 INFO c.h.h.t.HelmChartContainer - [EVENT] Normal [Start] HiveMQ Platform is starting [helmremovenamespaceit:test-hivemq-platform]
2025-01-29 13:24:26,723 INFO c.h.h.t.HelmChartContainer - [hivemq-test-hivemq-platform] [hivemq-platform-operator] [f97a0abb] 13:24:26.721 [ReconcilerExecutor-hivemq-controller-54] INFO  c.h.p.o.h.AbstractHiveMQReconcilerStateHandler - [helmremo] Update HiveMQ Platform Status (CREATED [READY] -> STARTING [READY]): HiveMQ Platform is starting
2025-01-29 13:24:26,735 DEBUG com.hivemq.helmcharts.util.K8sUtil - Comparing actual state 'STARTING' and waiting for 'RUNNING'
2025-01-29 13:24:36,811 INFO c.h.h.t.HelmChartContainer - [hivemq-test-hivemq-platform] [hivemq-platform-operator] [f97a0abb] 13:24:36.808 [pool-6-thread-12] DEBUG c.h.p.o.d.PlatformServiceResource - [helmremo] Desired Platform services (3 services)
2025-01-29 13:24:36,811 INFO c.h.h.t.HelmChartContainer - [hivemq-test-hivemq-platform] [hivemq-platform-operator] [f97a0abb] 13:24:36.810 [pool-6-thread-13] DEBUG c.h.p.o.dependants.PodInfoConfigMap - [helmremo] Desired PodInfo ConfigMap (1 extensions) (1 enabled)
2025-01-29 13:24:36,811 INFO c.h.h.t.HelmChartContainer - [hivemq-test-hivemq-platform] [hivemq-platform-operator] [f97a0abb] 13:24:36.810 [pool-6-thread-13] DEBUG c.h.p.o.dependants.PodInfoConfigMap - [helmremo] Desired PodInfo ConfigMap (metrics port: 9399) (metrics path: /)
2025-01-29 13:24:36,811 INFO c.h.h.t.HelmChartContainer - [hivemq-test-hivemq-platform] [hivemq-platform-operator] [f97a0abb] 13:24:36.810 [pool-6-thread-13] DEBUG c.h.p.o.dependants.PodInfoConfigMap - [helmremo] Desired PodInfo ConfigMap (extension state hash: -1817474005)
2025-01-29 13:24:36,813 INFO c.h.h.t.HelmChartContainer - [hivemq-test-hivemq-platform] [hivemq-platform-operator] [f97a0abb] 13:24:36.812 [pool-6-thread-17] DEBUG c.h.p.o.d.PodServiceAccountResource - [helmremo] Desired PodServiceAccountResource (serviceAccountName: hivemq-platform-pod-test-hivemq-platform)
2025-01-29 13:24:36,816 INFO c.h.h.t.HelmChartContainer - [hivemq-test-hivemq-platform] [hivemq-platform-operator] [f97a0abb] 13:24:36.815 [pool-6-thread-13] DEBUG c.h.p.o.dependants.PodInfoConfigMap - [helmremo] Update PodInfo ConfigMap
2025-01-29 13:24:36,908 INFO c.h.h.t.HelmChartContainer - [K3S] [alloc.go:330] "allocated clusterIPs" service="helmremovenamespaceit/hivemq-test-hivemq-platform-metrics-9399" clusterIPs={"IPv4":"10.43.171.144"}
2025-01-29 13:24:36,919 INFO c.h.h.t.HelmChartContainer - [K3S] [alloc.go:330] "allocated clusterIPs" service="helmremovenamespaceit/hivemq-test-hivemq-platform-mqtt-1883" clusterIPs={"IPv4":"10.43.191.179"}
2025-01-29 13:24:37,011 INFO c.h.h.t.HelmChartContainer - [K3S] [alloc.go:330] "allocated clusterIPs" service="helmremovenamespaceit/hivemq-test-hivemq-platform-cc-8080" clusterIPs={"IPv4":"10.43.171.247"}
2025-01-29 13:24:37,020 INFO c.h.h.t.HelmChartContainer - [hivemq-test-hivemq-platform] [hivemq-platform-operator] [f97a0abb] 13:24:37.016 [pool-6-thread-20] DEBUG c.h.p.o.d.StatefulSetResource - [helmremo] Desired StatefulSet (1 replicas) for status STARTING (READY)
2025-01-29 13:24:37,110 INFO c.h.h.t.HelmChartContainer - [hivemq-test-hivemq-platform] [hivemq-platform-operator] [f97a0abb] 13:24:37.109 [pool-6-thread-20] DEBUG c.h.p.o.d.StatefulSetResource - [helmremo] Create StatefulSet
2025-01-29 13:24:37,221 INFO c.h.h.t.HelmChartContainer - [hivemq-test-hivemq-platform] [hivemq-platform-operator] [f97a0abb] 13:24:37.216 [ReconcilerExecutor-hivemq-controller-65] INFO  c.h.p.o.HiveMQPlatformReconciler - [helmremo] Reconciling HiveMQ Platform 'test-hivemq-platform' in namespace 'helmremovenamespaceit'
2025-01-29 13:24:37,221 INFO c.h.h.t.HelmChartContainer - [hivemq-test-hivemq-platform] [hivemq-platform-operator] [f97a0abb] 13:24:37.216 [ReconcilerExecutor-hivemq-controller-65] DEBUG c.h.p.o.HiveMQPlatformReconciler - [helmremo] Custom Resource Status STARTING - HiveMQ Platform is starting (READY)
2025-01-29 13:24:37,221 INFO c.h.h.t.HelmChartContainer - [hivemq-test-hivemq-platform] [hivemq-platform-operator] [f97a0abb] 13:24:37.216 [ReconcilerExecutor-hivemq-controller-65] DEBUG c.h.p.o.HiveMQPlatformReconciler - [helmremo] Custom Resource Spec (replicas: 1) (extensions: 1)
2025-01-29 13:24:37,223 INFO c.h.h.t.HelmChartContainer - [POD] test-hivemq-platform-0 [321e5642-25d7-4475-aa43-405d7bf7461c] in helmremovenamespaceit was ADDED
2025-01-29 13:24:37,223 INFO c.h.h.t.HelmChartContainer - [EVENT] Normal [SuccessfulCreate] create Pod test-hivemq-platform-0 in StatefulSet test-hivemq-platform successful [helmremovenamespaceit:test-hivemq-platform]
2025-01-29 13:24:37,227 INFO c.h.h.t.HelmChartContainer - [POD] test-hivemq-platform-0 [321e5642-25d7-4475-aa43-405d7bf7461c] in helmremovenamespaceit was MODIFIED
2025-01-29 13:24:37,229 INFO c.h.h.t.HelmChartContainer - [EVENT] Normal [Scheduled] Successfully assigned helmremovenamespaceit/test-hivemq-platform-0 to f70f541c494d [helmremovenamespaceit:test-hivemq-platform-0]
2025-01-29 13:24:37,245 INFO c.h.h.t.HelmChartContainer - [POD] test-hivemq-platform-0 [321e5642-25d7-4475-aa43-405d7bf7461c] in helmremovenamespaceit was MODIFIED
2025-01-29 13:24:37,285 INFO c.h.h.t.HelmChartContainer - [K3S] [reconciler_common.go:251] "operationExecutor.VerifyControllerAttachedVolume started for volume \"kube-api-access-24sgc\" (UniqueName: \"kubernetes.io/projected/321e5642-25d7-4475-aa43-405d7bf7461c-kube-api-access-24sgc\") pod \"test-hivemq-platform-0\" (UID: \"321e5642-25d7-4475-aa43-405d7bf7461c\") " pod="helmremovenamespaceit/test-hivemq-platform-0"
2025-01-29 13:24:37,286 INFO c.h.h.t.HelmChartContainer - [K3S] [reconciler_common.go:251] "operationExecutor.VerifyControllerAttachedVolume started for volume \"broker-configuration\" (UniqueName: \"kubernetes.io/configmap/321e5642-25d7-4475-aa43-405d7bf7461c-broker-configuration\") pod \"test-hivemq-platform-0\" (UID: \"321e5642-25d7-4475-aa43-405d7bf7461c\") " pod="helmremovenamespaceit/test-hivemq-platform-0"
2025-01-29 13:24:37,287 INFO c.h.h.t.HelmChartContainer - [K3S] [reconciler_common.go:251] "operationExecutor.VerifyControllerAttachedVolume started for volume \"pod-info\" (UniqueName: \"kubernetes.io/configmap/321e5642-25d7-4475-aa43-405d7bf7461c-pod-info\") pod \"test-hivemq-platform-0\" (UID: \"321e5642-25d7-4475-aa43-405d7bf7461c\") " pod="helmremovenamespaceit/test-hivemq-platform-0"
2025-01-29 13:24:37,287 INFO c.h.h.t.HelmChartContainer - [K3S] [reconciler_common.go:251] "operationExecutor.VerifyControllerAttachedVolume started for volume \"operator-init\" (UniqueName: \"kubernetes.io/empty-dir/321e5642-25d7-4475-aa43-405d7bf7461c-operator-init\") pod \"test-hivemq-platform-0\" (UID: \"321e5642-25d7-4475-aa43-405d7bf7461c\") " pod="helmremovenamespaceit/test-hivemq-platform-0"
2025-01-29 13:24:37,311 INFO c.h.h.t.HelmChartContainer - [hivemq-test-hivemq-platform] [hivemq-platform-operator] [f97a0abb] 13:24:37.306 [ReconcilerExecutor-hivemq-controller-65] DEBUG c.h.p.o.HiveMQPlatformReconciler - [helmremo] StatefulSet Status (revision: null, replicas: 0, available: 0, ready: 0, current: 0, updated: 0)
2025-01-29 13:24:37,311 INFO c.h.h.t.HelmChartContainer - [hivemq-test-hivemq-platform] [hivemq-platform-operator] [f97a0abb] 13:24:37.307 [ReconcilerExecutor-hivemq-controller-65] DEBUG c.h.p.o.HiveMQPlatformReconciler - [helmremo] StatefulSet Spec (replicas: 1, init containers: 1, containers: 1, volumes: 3)
2025-01-29 13:24:37,403 INFO c.h.h.t.HelmChartContainer - [hivemq-test-hivemq-platform] [hivemq-platform-operator] [f97a0abb] 13:24:37.403 [ReconcilerExecutor-hivemq-controller-65] DEBUG c.h.p.o.h.HiveMQPlatformReconcilerErrorHandler - [helmremo] Pod 'test-hivemq-platform-0' phase Pending
2025-01-29 13:24:37,405 INFO c.h.h.t.HelmChartContainer - [hivemq-test-hivemq-platform] [hivemq-platform-operator] [f97a0abb] 13:24:37.405 [ReconcilerExecutor-hivemq-controller-65] INFO  c.h.p.o.h.HiveMQPlatformReconcilerBaseHandler - [helmremo] HiveMQ Platform is starting, 0 of 1 replicas are ready
2025-01-29 13:24:37,410 INFO c.h.h.t.HelmChartContainer - [hivemq-test-hivemq-platform] [hivemq-platform-operator] [f97a0abb] 13:24:37.409 [pool-6-thread-22] DEBUG c.h.p.o.d.PlatformServiceResource - [helmremo] Desired Platform services (3 services)
2025-01-29 13:24:37,411 INFO c.h.h.t.HelmChartContainer - [hivemq-test-hivemq-platform] [hivemq-platform-operator] [f97a0abb] 13:24:37.410 [pool-6-thread-23] DEBUG c.h.p.o.dependants.PodInfoConfigMap - [helmremo] Desired PodInfo ConfigMap (1 extensions) (1 enabled)
2025-01-29 13:24:37,411 INFO c.h.h.t.HelmChartContainer - [hivemq-test-hivemq-platform] [hivemq-platform-operator] [f97a0abb] 13:24:37.410 [pool-6-thread-23] DEBUG c.h.p.o.dependants.PodInfoConfigMap - [helmremo] Desired PodInfo ConfigMap (metrics port: 9399) (metrics path: /)
2025-01-29 13:24:37,411 INFO c.h.h.t.HelmChartContainer - [hivemq-test-hivemq-platform] [hivemq-platform-operator] [f97a0abb] 13:24:37.410 [pool-6-thread-23] DEBUG c.h.p.o.dependants.PodInfoConfigMap - [helmremo] Desired PodInfo ConfigMap (extension state hash: -1817474005)
2025-01-29 13:24:37,415 INFO c.h.h.t.HelmChartContainer - [hivemq-test-hivemq-platform] [hivemq-platform-operator] [f97a0abb] 13:24:37.414 [pool-6-thread-27] DEBUG c.h.p.o.d.PodServiceAccountResource - [helmremo] Desired PodServiceAccountResource (serviceAccountName: hivemq-platform-pod-test-hivemq-platform)
2025-01-29 13:24:37,506 INFO c.h.h.t.HelmChartContainer - [hivemq-test-hivemq-platform] [hivemq-platform-operator] [f97a0abb] 13:24:37.505 [pool-6-thread-30] DEBUG c.h.p.o.d.StatefulSetResource - [helmremo] Desired StatefulSet (1 replicas) for status STARTING (READY)
2025-01-29 13:24:37,513 INFO c.h.h.t.HelmChartContainer - [hivemq-test-hivemq-platform] [hivemq-platform-operator] [f97a0abb] 13:24:37.512 [ReconcilerExecutor-hivemq-controller-77] INFO  c.h.p.o.HiveMQPlatformReconciler - [helmremo] Reconciling HiveMQ Platform 'test-hivemq-platform' in namespace 'helmremovenamespaceit'
2025-01-29 13:24:37,513 INFO c.h.h.t.HelmChartContainer - [hivemq-test-hivemq-platform] [hivemq-platform-operator] [f97a0abb] 13:24:37.512 [ReconcilerExecutor-hivemq-controller-77] DEBUG c.h.p.o.HiveMQPlatformReconciler - [helmremo] Custom Resource Status STARTING - HiveMQ Platform is starting (READY)
2025-01-29 13:24:37,513 INFO c.h.h.t.HelmChartContainer - [hivemq-test-hivemq-platform] [hivemq-platform-operator] [f97a0abb] 13:24:37.512 [ReconcilerExecutor-hivemq-controller-77] DEBUG c.h.p.o.HiveMQPlatformReconciler - [helmremo] Custom Resource Spec (replicas: 1) (extensions: 1)
2025-01-29 13:24:37,522 INFO c.h.h.t.HelmChartContainer - [hivemq-test-hivemq-platform] [hivemq-platform-operator] [f97a0abb] 13:24:37.521 [ReconcilerExecutor-hivemq-controller-77] DEBUG c.h.p.o.HiveMQPlatformReconciler - [helmremo] StatefulSet Status (revision: test-hivemq-platform-bd687ff79, replicas: 1, available: 0, ready: 0, current: 1, updated: 1)
2025-01-29 13:24:37,522 INFO c.h.h.t.HelmChartContainer - [hivemq-test-hivemq-platform] [hivemq-platform-operator] [f97a0abb] 13:24:37.521 [ReconcilerExecutor-hivemq-controller-77] DEBUG c.h.p.o.HiveMQPlatformReconciler - [helmremo] StatefulSet Spec (replicas: 1, init containers: 1, containers: 1, volumes: 3)
2025-01-29 13:24:37,607 INFO c.h.h.t.HelmChartContainer - [hivemq-test-hivemq-platform] [hivemq-platform-operator] [f97a0abb] 13:24:37.606 [ReconcilerExecutor-hivemq-controller-77] DEBUG c.h.p.o.h.HiveMQPlatformReconcilerErrorHandler - [helmremo] Pod 'test-hivemq-platform-0' phase Pending
2025-01-29 13:24:37,608 INFO c.h.h.t.HelmChartContainer - [hivemq-test-hivemq-platform] [hivemq-platform-operator] [f97a0abb] 13:24:37.606 [ReconcilerExecutor-hivemq-controller-77] DEBUG c.h.p.o.h.HiveMQPlatformReconcilerErrorHandler - [helmremo] Pod 'test-hivemq-platform-0' condition 'PodReadyToStartContainers': False
2025-01-29 13:24:37,609 INFO c.h.h.t.HelmChartContainer - [hivemq-test-hivemq-platform] [hivemq-platform-operator] [f97a0abb] 13:24:37.607 [ReconcilerExecutor-hivemq-controller-77] DEBUG c.h.p.o.h.HiveMQPlatformReconcilerErrorHandler - [helmremo] Pod 'test-hivemq-platform-0' condition 'Initialized': False
2025-01-29 13:24:37,609 INFO c.h.h.t.HelmChartContainer - [hivemq-test-hivemq-platform] [hivemq-platform-operator] [f97a0abb] 13:24:37.607 [ReconcilerExecutor-hivemq-controller-77] DEBUG c.h.p.o.h.HiveMQPlatformReconcilerErrorHandler - [helmremo] Pod 'test-hivemq-platform-0' condition 'Ready': False
2025-01-29 13:24:37,609 INFO c.h.h.t.HelmChartContainer - [hivemq-test-hivemq-platform] [hivemq-platform-operator] [f97a0abb] 13:24:37.607 [ReconcilerExecutor-hivemq-controller-77] DEBUG c.h.p.o.h.HiveMQPlatformReconcilerErrorHandler - [helmremo] Pod 'test-hivemq-platform-0' condition 'ContainersReady': False
2025-01-29 13:24:37,609 INFO c.h.h.t.HelmChartContainer - [hivemq-test-hivemq-platform] [hivemq-platform-operator] [f97a0abb] 13:24:37.607 [ReconcilerExecutor-hivemq-controller-77] DEBUG c.h.p.o.h.HiveMQPlatformReconcilerErrorHandler - [helmremo] Pod 'test-hivemq-platform-0' condition 'PodScheduled': True
2025-01-29 13:24:37,609 INFO c.h.h.t.HelmChartContainer - [hivemq-test-hivemq-platform] [hivemq-platform-operator] [f97a0abb] 13:24:37.607 [ReconcilerExecutor-hivemq-controller-77] DEBUG c.h.p.o.h.HiveMQPlatformReconcilerErrorHandler - [helmremo] Pod 'test-hivemq-platform-0' containerStatus 'hivemq' (started: false) (ready: false) (waiting: [PodInitializing] null)
2025-01-29 13:24:37,612 INFO c.h.h.t.HelmChartContainer - [hivemq-test-hivemq-platform] [hivemq-platform-operator] [f97a0abb] 13:24:37.609 [ReconcilerExecutor-hivemq-controller-77] INFO  c.h.p.o.h.HiveMQPlatformReconcilerBaseHandler - [helmremo] HiveMQ Platform is starting, 0 of 1 replicas are ready
2025-01-29 13:24:37,624 INFO c.h.h.t.HelmChartContainer - [EVENT] Normal [Pulled] Container image "docker.io/hivemq/hivemq-platform-operator-init-test:snapshot" already present on machine [helmremovenamespaceit:test-hivemq-platform-0]
2025-01-29 13:24:37,761 INFO c.h.h.t.HelmChartContainer - [EVENT] Normal [Created] Created container: hivemq-platform-operator-init [helmremovenamespaceit:test-hivemq-platform-0]
2025-01-29 13:24:37,802 INFO c.h.h.t.HelmChartContainer - [EVENT] Normal [Started] Started container hivemq-platform-operator-init [helmremovenamespaceit:test-hivemq-platform-0]
2025-01-29 13:24:37,819 INFO c.h.h.t.HelmChartContainer - [POD] test-hivemq-platform-0 [321e5642-25d7-4475-aa43-405d7bf7461c] in helmremovenamespaceit was MODIFIED
2025-01-29 13:24:37,832 INFO c.h.h.t.HelmChartContainer - [K3S] [endpointslice_controller.go:344] "Error syncing endpoint slices for service, retrying" key="helmremovenamespaceit/hivemq-test-hivemq-platform-cluster" err="EndpointSlice informer cache is out of date"
2025-01-29 13:24:37,841 INFO c.h.h.t.HelmChartContainer - [hivemq-test-hivemq-platform] [hivemq-platform-operator] [f97a0abb] 13:24:37.832 [pool-6-thread-32] DEBUG c.h.p.o.d.PlatformServiceResource - [helmremo] Desired Platform services (3 services)
2025-01-29 13:24:37,845 INFO c.h.h.t.HelmChartContainer - [hivemq-test-hivemq-platform] [hivemq-platform-operator] [f97a0abb] 13:24:37.835 [pool-6-thread-33] DEBUG c.h.p.o.dependants.PodInfoConfigMap - [helmremo] Desired PodInfo ConfigMap (1 extensions) (1 enabled)
2025-01-29 13:24:37,845 INFO c.h.h.t.HelmChartContainer - [hivemq-test-hivemq-platform] [hivemq-platform-operator] [f97a0abb] 13:24:37.835 [pool-6-thread-33] DEBUG c.h.p.o.dependants.PodInfoConfigMap - [helmremo] Desired PodInfo ConfigMap (metrics port: 9399) (metrics path: /)
2025-01-29 13:24:37,845 INFO c.h.h.t.HelmChartContainer - [hivemq-test-hivemq-platform] [hivemq-platform-operator] [f97a0abb] 13:24:37.835 [pool-6-thread-33] DEBUG c.h.p.o.dependants.PodInfoConfigMap - [helmremo] Desired PodInfo ConfigMap (extension state hash: -1817474005)
2025-01-29 13:24:37,845 INFO c.h.h.t.HelmChartContainer - [hivemq-test-hivemq-platform] [hivemq-platform-operator] [f97a0abb] 13:24:37.839 [pool-6-thread-37] DEBUG c.h.p.o.d.PodServiceAccountResource - [helmremo] Desired PodServiceAccountResource (serviceAccountName: hivemq-platform-pod-test-hivemq-platform)
2025-01-29 13:24:37,852 INFO c.h.h.t.HelmChartContainer - [hivemq-test-hivemq-platform] [hivemq-platform-operator] [f97a0abb] 13:24:37.851 [pool-6-thread-40] DEBUG c.h.p.o.d.StatefulSetResource - [helmremo] Desired StatefulSet (1 replicas) for status STARTING (READY)
2025-01-29 13:24:37,927 INFO c.h.h.t.HelmChartContainer - [hivemq-test-hivemq-platform] [hivemq-platform-operator] [f97a0abb] 13:24:37.926 [ReconcilerExecutor-hivemq-controller-88] INFO  c.h.p.o.HiveMQPlatformReconciler - [helmremo] Reconciling HiveMQ Platform 'test-hivemq-platform' in namespace 'helmremovenamespaceit'
2025-01-29 13:24:37,928 INFO c.h.h.t.HelmChartContainer - [hivemq-test-hivemq-platform] [hivemq-platform-operator] [f97a0abb] 13:24:37.926 [ReconcilerExecutor-hivemq-controller-88] DEBUG c.h.p.o.HiveMQPlatformReconciler - [helmremo] Custom Resource Status STARTING - HiveMQ Platform is starting (READY)
2025-01-29 13:24:37,928 INFO c.h.h.t.HelmChartContainer - [hivemq-test-hivemq-platform] [hivemq-platform-operator] [f97a0abb] 13:24:37.926 [ReconcilerExecutor-hivemq-controller-88] DEBUG c.h.p.o.HiveMQPlatformReconciler - [helmremo] Custom Resource Spec (replicas: 1) (extensions: 1)
2025-01-29 13:24:37,930 INFO c.h.h.t.HelmChartContainer - [hivemq-test-hivemq-platform] [hivemq-platform-operator] [f97a0abb] 13:24:37.928 [ReconcilerExecutor-hivemq-controller-88] DEBUG c.h.p.o.HiveMQPlatformReconciler - [helmremo] StatefulSet Status (revision: test-hivemq-platform-bd687ff79, replicas: 1, available: 0, ready: 0, current: 1, updated: 1)
2025-01-29 13:24:37,931 INFO c.h.h.t.HelmChartContainer - [hivemq-test-hivemq-platform] [hivemq-platform-operator] [f97a0abb] 13:24:37.930 [ReconcilerExecutor-hivemq-controller-88] DEBUG c.h.p.o.HiveMQPlatformReconciler - [helmremo] StatefulSet Spec (replicas: 1, init containers: 1, containers: 1, volumes: 3)
2025-01-29 13:24:37,938 INFO c.h.h.t.HelmChartContainer - [hivemq-test-hivemq-platform] [hivemq-platform-operator] [f97a0abb] 13:24:37.935 [ReconcilerExecutor-hivemq-controller-88] DEBUG c.h.p.o.h.HiveMQPlatformReconcilerErrorHandler - [helmremo] Pod 'test-hivemq-platform-0' phase Pending
2025-01-29 13:24:37,938 INFO c.h.h.t.HelmChartContainer - [hivemq-test-hivemq-platform] [hivemq-platform-operator] [f97a0abb] 13:24:37.935 [ReconcilerExecutor-hivemq-controller-88] DEBUG c.h.p.o.h.HiveMQPlatformReconcilerErrorHandler - [helmremo] Pod 'test-hivemq-platform-0' condition 'PodReadyToStartContainers': True
2025-01-29 13:24:37,938 INFO c.h.h.t.HelmChartContainer - [hivemq-test-hivemq-platform] [hivemq-platform-operator] [f97a0abb] 13:24:37.935 [ReconcilerExecutor-hivemq-controller-88] DEBUG c.h.p.o.h.HiveMQPlatformReconcilerErrorHandler - [helmremo] Pod 'test-hivemq-platform-0' condition 'Initialized': False
2025-01-29 13:24:37,938 INFO c.h.h.t.HelmChartContainer - [hivemq-test-hivemq-platform] [hivemq-platform-operator] [f97a0abb] 13:24:37.935 [ReconcilerExecutor-hivemq-controller-88] DEBUG c.h.p.o.h.HiveMQPlatformReconcilerErrorHandler - [helmremo] Pod 'test-hivemq-platform-0' condition 'Ready': False
2025-01-29 13:24:37,938 INFO c.h.h.t.HelmChartContainer - [hivemq-test-hivemq-platform] [hivemq-platform-operator] [f97a0abb] 13:24:37.935 [ReconcilerExecutor-hivemq-controller-88] DEBUG c.h.p.o.h.HiveMQPlatformReconcilerErrorHandler - [helmremo] Pod 'test-hivemq-platform-0' condition 'ContainersReady': False
2025-01-29 13:24:37,938 INFO c.h.h.t.HelmChartContainer - [hivemq-test-hivemq-platform] [hivemq-platform-operator] [f97a0abb] 13:24:37.935 [ReconcilerExecutor-hivemq-controller-88] DEBUG c.h.p.o.h.HiveMQPlatformReconcilerErrorHandler - [helmremo] Pod 'test-hivemq-platform-0' condition 'PodScheduled': True
2025-01-29 13:24:37,938 INFO c.h.h.t.HelmChartContainer - [hivemq-test-hivemq-platform] [hivemq-platform-operator] [f97a0abb] 13:24:37.935 [ReconcilerExecutor-hivemq-controller-88] DEBUG c.h.p.o.h.HiveMQPlatformReconcilerErrorHandler - [helmremo] Pod 'test-hivemq-platform-0' containerStatus 'hivemq' (started: false) (ready: false) (waiting: [PodInitializing] null)
2025-01-29 13:24:37,938 INFO c.h.h.t.HelmChartContainer - [hivemq-test-hivemq-platform] [hivemq-platform-operator] [f97a0abb] 13:24:37.936 [ReconcilerExecutor-hivemq-controller-88] INFO  c.h.p.o.h.HiveMQPlatformReconcilerBaseHandler - [helmremo] HiveMQ Platform is starting, 0 of 1 replicas are ready
2025-01-29 13:24:38,812 INFO c.h.h.t.HelmChartContainer - [EVENT] Normal [Pulled] Container image "docker.io/hivemq/hivemq4:4.36.0" already present on machine [helmremovenamespaceit:test-hivemq-platform-0]
2025-01-29 13:24:38,812 INFO c.h.h.t.HelmChartContainer - Received Pulled event for container hivemq in pod test-hivemq-platform-0 [321e5642-25d7-4475-aa43-405d7bf7461c]
2025-01-29 13:24:38,820 INFO c.h.h.t.HelmChartContainer - [POD] test-hivemq-platform-0 [321e5642-25d7-4475-aa43-405d7bf7461c] in helmremovenamespaceit was MODIFIED
2025-01-29 13:24:38,830 INFO c.h.h.t.HelmChartContainer - [hivemq-test-hivemq-platform] [hivemq-platform-operator] [f97a0abb] 13:24:38.827 [pool-6-thread-42] DEBUG c.h.p.o.d.PlatformServiceResource - [helmremo] Desired Platform services (3 services)
2025-01-29 13:24:38,830 INFO c.h.h.t.HelmChartContainer - [hivemq-test-hivemq-platform] [hivemq-platform-operator] [f97a0abb] 13:24:38.829 [pool-6-thread-43] DEBUG c.h.p.o.dependants.PodInfoConfigMap - [helmremo] Desired PodInfo ConfigMap (1 extensions) (1 enabled)
2025-01-29 13:24:38,837 INFO c.h.h.t.HelmChartContainer - [hivemq-test-hivemq-platform] [hivemq-platform-operator] [f97a0abb] 13:24:38.830 [pool-6-thread-43] DEBUG c.h.p.o.dependants.PodInfoConfigMap - [helmremo] Desired PodInfo ConfigMap (metrics port: 9399) (metrics path: /)
2025-01-29 13:24:38,837 INFO c.h.h.t.HelmChartContainer - [hivemq-test-hivemq-platform] [hivemq-platform-operator] [f97a0abb] 13:24:38.830 [pool-6-thread-43] DEBUG c.h.p.o.dependants.PodInfoConfigMap - [helmremo] Desired PodInfo ConfigMap (extension state hash: -1817474005)
2025-01-29 13:24:38,838 INFO c.h.h.t.HelmChartContainer - [hivemq-test-hivemq-platform] [hivemq-platform-operator] [f97a0abb] 13:24:38.837 [pool-6-thread-47] DEBUG c.h.p.o.d.PodServiceAccountResource - [helmremo] Desired PodServiceAccountResource (serviceAccountName: hivemq-platform-pod-test-hivemq-platform)
2025-01-29 13:24:38,926 INFO c.h.h.t.HelmChartContainer - [hivemq-test-hivemq-platform] [hivemq-platform-operator] [f97a0abb] 13:24:38.923 [pool-6-thread-50] DEBUG c.h.p.o.d.StatefulSetResource - [helmremo] Desired StatefulSet (1 replicas) for status STARTING (READY)
2025-01-29 13:24:38,929 INFO c.h.h.t.HelmChartContainer - [hivemq-test-hivemq-platform] [hivemq-platform-operator] [f97a0abb] 13:24:38.928 [ReconcilerExecutor-hivemq-controller-99] INFO  c.h.p.o.HiveMQPlatformReconciler - [helmremo] Reconciling HiveMQ Platform 'test-hivemq-platform' in namespace 'helmremovenamespaceit'
2025-01-29 13:24:38,930 INFO c.h.h.t.HelmChartContainer - [hivemq-test-hivemq-platform] [hivemq-platform-operator] [f97a0abb] 13:24:38.928 [ReconcilerExecutor-hivemq-controller-99] DEBUG c.h.p.o.HiveMQPlatformReconciler - [helmremo] Custom Resource Status STARTING - HiveMQ Platform is starting (READY)
2025-01-29 13:24:38,930 INFO c.h.h.t.HelmChartContainer - [hivemq-test-hivemq-platform] [hivemq-platform-operator] [f97a0abb] 13:24:38.928 [ReconcilerExecutor-hivemq-controller-99] DEBUG c.h.p.o.HiveMQPlatformReconciler - [helmremo] Custom Resource Spec (replicas: 1) (extensions: 1)
2025-01-29 13:24:38,934 INFO c.h.h.t.HelmChartContainer - [hivemq-test-hivemq-platform] [hivemq-platform-operator] [f97a0abb] 13:24:38.931 [ReconcilerExecutor-hivemq-controller-99] DEBUG c.h.p.o.HiveMQPlatformReconciler - [helmremo] StatefulSet Status (revision: test-hivemq-platform-bd687ff79, replicas: 1, available: 0, ready: 0, current: 1, updated: 1)
2025-01-29 13:24:38,934 INFO c.h.h.t.HelmChartContainer - [hivemq-test-hivemq-platform] [hivemq-platform-operator] [f97a0abb] 13:24:38.931 [ReconcilerExecutor-hivemq-controller-99] DEBUG c.h.p.o.HiveMQPlatformReconciler - [helmremo] StatefulSet Spec (replicas: 1, init containers: 1, containers: 1, volumes: 3)
2025-01-29 13:24:38,934 INFO c.h.h.t.HelmChartContainer - [hivemq-test-hivemq-platform] [hivemq-platform-operator] [f97a0abb] 13:24:38.933 [ReconcilerExecutor-hivemq-controller-99] DEBUG c.h.p.o.h.HiveMQPlatformReconcilerErrorHandler - [helmremo] Pod 'test-hivemq-platform-0' phase Pending
2025-01-29 13:24:38,934 INFO c.h.h.t.HelmChartContainer - [hivemq-test-hivemq-platform] [hivemq-platform-operator] [f97a0abb] 13:24:38.933 [ReconcilerExecutor-hivemq-controller-99] DEBUG c.h.p.o.h.HiveMQPlatformReconcilerErrorHandler - [helmremo] Pod 'test-hivemq-platform-0' condition 'PodReadyToStartContainers': True
2025-01-29 13:24:38,934 INFO c.h.h.t.HelmChartContainer - [hivemq-test-hivemq-platform] [hivemq-platform-operator] [f97a0abb] 13:24:38.933 [ReconcilerExecutor-hivemq-controller-99] DEBUG c.h.p.o.h.HiveMQPlatformReconcilerErrorHandler - [helmremo] Pod 'test-hivemq-platform-0' condition 'Initialized': True
2025-01-29 13:24:38,934 INFO c.h.h.t.HelmChartContainer - [hivemq-test-hivemq-platform] [hivemq-platform-operator] [f97a0abb] 13:24:38.933 [ReconcilerExecutor-hivemq-controller-99] DEBUG c.h.p.o.h.HiveMQPlatformReconcilerErrorHandler - [helmremo] Pod 'test-hivemq-platform-0' condition 'Ready': False
2025-01-29 13:24:38,934 INFO c.h.h.t.HelmChartContainer - [hivemq-test-hivemq-platform] [hivemq-platform-operator] [f97a0abb] 13:24:38.933 [ReconcilerExecutor-hivemq-controller-99] DEBUG c.h.p.o.h.HiveMQPlatformReconcilerErrorHandler - [helmremo] Pod 'test-hivemq-platform-0' condition 'ContainersReady': False
2025-01-29 13:24:38,934 INFO c.h.h.t.HelmChartContainer - [hivemq-test-hivemq-platform] [hivemq-platform-operator] [f97a0abb] 13:24:38.933 [ReconcilerExecutor-hivemq-controller-99] DEBUG c.h.p.o.h.HiveMQPlatformReconcilerErrorHandler - [helmremo] Pod 'test-hivemq-platform-0' condition 'PodScheduled': True
2025-01-29 13:24:38,934 INFO c.h.h.t.HelmChartContainer - [hivemq-test-hivemq-platform] [hivemq-platform-operator] [f97a0abb] 13:24:38.933 [ReconcilerExecutor-hivemq-controller-99] DEBUG c.h.p.o.h.HiveMQPlatformReconcilerErrorHandler - [helmremo] Pod 'test-hivemq-platform-0' containerStatus 'hivemq' (started: false) (ready: false) (waiting: [PodInitializing] null)
2025-01-29 13:24:38,936 INFO c.h.h.t.HelmChartContainer - [hivemq-test-hivemq-platform] [hivemq-platform-operator] [f97a0abb] 13:24:38.935 [ReconcilerExecutor-hivemq-controller-99] INFO  c.h.p.o.h.HiveMQPlatformReconcilerBaseHandler - [helmremo] HiveMQ Platform is starting, 0 of 1 replicas are ready
2025-01-29 13:24:40,003 INFO c.h.h.t.HelmChartContainer - [EVENT] Normal [Created] Created container: hivemq [helmremovenamespaceit:test-hivemq-platform-0]
2025-01-29 13:24:40,004 INFO c.h.h.t.HelmChartContainer - Received Created event for container hivemq in pod test-hivemq-platform-0 [321e5642-25d7-4475-aa43-405d7bf7461c]
2025-01-29 13:24:40,828 INFO c.h.h.t.HelmChartContainer - [POD] test-hivemq-platform-0 [321e5642-25d7-4475-aa43-405d7bf7461c] in helmremovenamespaceit was MODIFIED
2025-01-29 13:24:40,836 INFO c.h.h.t.HelmChartContainer - Started log watcher for hivemq in pod test-hivemq-platform-0 [321e5642-25d7-4475-aa43-405d7bf7461c]
2025-01-29 13:24:40,836 INFO c.h.h.t.HelmChartContainer - [EVENT] Normal [Started] Started container hivemq [helmremovenamespaceit:test-hivemq-platform-0]
2025-01-29 13:24:40,836 INFO c.h.h.t.HelmChartContainer - Received Started event for container hivemq in pod test-hivemq-platform-0 [321e5642-25d7-4475-aa43-405d7bf7461c]
2025-01-29 13:24:40,836 INFO c.h.h.t.HelmChartContainer - [test-hivemq-platform] [hivemq] [321e5642] Adding pre-installed HiveMQ Platform Operator extensions
2025-01-29 13:24:40,836 INFO c.h.h.t.HelmChartContainer - [test-hivemq-platform] [hivemq] [321e5642] Running as user 10000
2025-01-29 13:24:40,837 INFO c.h.h.t.HelmChartContainer - [test-hivemq-platform] [hivemq] [321e5642] Starting HiveMQ Platform Operator Init
2025-01-29 13:24:40,837 INFO c.h.h.t.HelmChartContainer - [hivemq-test-hivemq-platform] [hivemq-platform-operator] [f97a0abb] 13:24:40.833 [pool-6-thread-8] DEBUG c.h.p.o.d.PlatformServiceResource - [helmremo] Desired Platform services (3 services)
2025-01-29 13:24:40,839 INFO c.h.h.t.HelmChartContainer - [hivemq-test-hivemq-platform] [hivemq-platform-operator] [f97a0abb] 13:24:40.838 [pool-6-thread-5] DEBUG c.h.p.o.dependants.PodInfoConfigMap - [helmremo] Desired PodInfo ConfigMap (1 extensions) (1 enabled)
2025-01-29 13:24:40,840 INFO c.h.h.t.HelmChartContainer - [hivemq-test-hivemq-platform] [hivemq-platform-operator] [f97a0abb] 13:24:40.839 [pool-6-thread-5] DEBUG c.h.p.o.dependants.PodInfoConfigMap - [helmremo] Desired PodInfo ConfigMap (metrics port: 9399) (metrics path: /)
2025-01-29 13:24:40,841 INFO c.h.h.t.HelmChartContainer - [hivemq-test-hivemq-platform] [hivemq-platform-operator] [f97a0abb] 13:24:40.840 [pool-6-thread-5] DEBUG c.h.p.o.dependants.PodInfoConfigMap - [helmremo] Desired PodInfo ConfigMap (extension state hash: -1817474005)
2025-01-29 13:24:40,844 INFO c.h.h.t.HelmChartContainer - [hivemq-test-hivemq-platform] [hivemq-platform-operator] [f97a0abb] 13:24:40.844 [pool-6-thread-2] DEBUG c.h.p.o.d.PodServiceAccountResource - [helmremo] Desired PodServiceAccountResource (serviceAccountName: hivemq-platform-pod-test-hivemq-platform)
2025-01-29 13:24:40,853 INFO c.h.h.t.HelmChartContainer - [hivemq-test-hivemq-platform] [hivemq-platform-operator] [f97a0abb] 13:24:40.852 [pool-6-thread-8] DEBUG c.h.p.o.d.StatefulSetResource - [helmremo] Desired StatefulSet (1 replicas) for status STARTING (READY)
2025-01-29 13:24:40,926 INFO c.h.h.t.HelmChartContainer - [hivemq-test-hivemq-platform] [hivemq-platform-operator] [f97a0abb] 13:24:40.920 [ReconcilerExecutor-hivemq-controller-110] INFO  c.h.p.o.HiveMQPlatformReconciler - [helmremo] Reconciling HiveMQ Platform 'test-hivemq-platform' in namespace 'helmremovenamespaceit'
2025-01-29 13:24:40,926 INFO c.h.h.t.HelmChartContainer - [hivemq-test-hivemq-platform] [hivemq-platform-operator] [f97a0abb] 13:24:40.920 [ReconcilerExecutor-hivemq-controller-110] DEBUG c.h.p.o.HiveMQPlatformReconciler - [helmremo] Custom Resource Status STARTING - HiveMQ Platform is starting (READY)
2025-01-29 13:24:40,926 INFO c.h.h.t.HelmChartContainer - [hivemq-test-hivemq-platform] [hivemq-platform-operator] [f97a0abb] 13:24:40.921 [ReconcilerExecutor-hivemq-controller-110] DEBUG c.h.p.o.HiveMQPlatformReconciler - [helmremo] Custom Resource Spec (replicas: 1) (extensions: 1)
2025-01-29 13:24:40,926 INFO c.h.h.t.HelmChartContainer - [hivemq-test-hivemq-platform] [hivemq-platform-operator] [f97a0abb] 13:24:40.923 [ReconcilerExecutor-hivemq-controller-110] DEBUG c.h.p.o.HiveMQPlatformReconciler - [helmremo] StatefulSet Status (revision: test-hivemq-platform-bd687ff79, replicas: 1, available: 0, ready: 0, current: 1, updated: 1)
2025-01-29 13:24:40,926 INFO c.h.h.t.HelmChartContainer - [hivemq-test-hivemq-platform] [hivemq-platform-operator] [f97a0abb] 13:24:40.923 [ReconcilerExecutor-hivemq-controller-110] DEBUG c.h.p.o.HiveMQPlatformReconciler - [helmremo] StatefulSet Spec (replicas: 1, init containers: 1, containers: 1, volumes: 3)
2025-01-29 13:24:40,927 INFO c.h.h.t.HelmChartContainer - [hivemq-test-hivemq-platform] [hivemq-platform-operator] [f97a0abb] 13:24:40.926 [ReconcilerExecutor-hivemq-controller-110] DEBUG c.h.p.o.h.HiveMQPlatformReconcilerErrorHandler - [helmremo] Pod 'test-hivemq-platform-0' phase Running
2025-01-29 13:24:40,928 INFO c.h.h.t.HelmChartContainer - [hivemq-test-hivemq-platform] [hivemq-platform-operator] [f97a0abb] 13:24:40.927 [ReconcilerExecutor-hivemq-controller-110] INFO  c.h.p.o.h.HiveMQPlatformReconcilerBaseHandler - [helmremo] HiveMQ Platform is starting, 0 of 1 replicas are ready
2025-01-29 13:24:41,294 INFO c.h.h.t.HelmChartContainer - [test-hivemq-platform] [hivemq] [321e5642] INFO  - [HiveMQ Platform Operator Init 1.7.0-SNAPSHOT] HiveMQ Platform Operator Init 1.7.0-SNAPSHOT (commit: bebf408 on branch: HEAD) built on Sun Jan 26 20:47:47 UTC 2025
2025-01-29 13:24:42,330 INFO c.h.h.t.HelmChartContainer - [test-hivemq-platform] [hivemq] [321e5642] INFO  - [HiveMQ Platform Operator Init App 1.7.0-SNAPSHOT] Using bind address 10.42.0.15 from environment variable
2025-01-29 13:24:43,220 INFO c.h.h.t.HelmChartContainer - [test-hivemq-platform] [hivemq] [321e5642] INFO  - [HiveMQ Platform Operator Init App 1.7.0-SNAPSHOT] HiveMQ Platform Operator Init App 1.7.0-SNAPSHOT (commit: bebf408 on branch: HEAD) built on Sun Jan 26 20:47:47 UTC 2025
2025-01-29 13:24:43,220 INFO c.h.h.t.HelmChartContainer - [test-hivemq-platform] [hivemq] [321e5642] INFO  - [HiveMQ Platform Operator Init App 1.7.0-SNAPSHOT] PodInfo ConfigMap directory: /etc/podinfo
2025-01-29 13:24:43,220 INFO c.h.h.t.HelmChartContainer - [test-hivemq-platform] [hivemq] [321e5642] INFO  - [HiveMQ Platform Operator Init App 1.7.0-SNAPSHOT] HiveMQ home directory: /opt/hivemq
2025-01-29 13:24:43,220 INFO c.h.h.t.HelmChartContainer - [test-hivemq-platform] [hivemq] [321e5642] INFO  - [HiveMQ Platform Operator Init App 1.7.0-SNAPSHOT] HiveMQ Logback folder: /opt/hivemq/conf
2025-01-29 13:24:43,220 INFO c.h.h.t.HelmChartContainer - [test-hivemq-platform] [hivemq] [321e5642] INFO  - [HiveMQ Platform Operator Init App 1.7.0-SNAPSHOT] HiveMQ Config folder: /opt/hivemq/conf-k8s
2025-01-29 13:24:43,221 INFO c.h.h.t.HelmChartContainer - [test-hivemq-platform] [hivemq] [321e5642] INFO  - [HiveMQ Platform Operator Init App 1.7.0-SNAPSHOT] Starting HiveMQ Platform Operator Init App
2025-01-29 13:24:43,221 INFO c.h.h.t.HelmChartContainer - [test-hivemq-platform] [hivemq] [321e5642] INFO  - [HiveMQ Platform Operator Init App 1.7.0-SNAPSHOT] Starting Pod reconciler
2025-01-29 13:24:44,243 INFO c.h.h.t.HelmChartContainer - [test-hivemq-platform] [hivemq] [321e5642] INFO  - [HiveMQ Platform Operator Init App 1.7.0-SNAPSHOT] Pod reconciler is scheduled (interval: 5000 ms)
2025-01-29 13:24:44,244 INFO c.h.h.t.HelmChartContainer - [test-hivemq-platform] [hivemq] [321e5642] INFO  - [HiveMQ Platform Operator Init App 1.7.0-SNAPSHOT] Starting the REST API on 10.42.0.15:7979
2025-01-29 13:24:44,246 INFO c.h.h.t.HelmChartContainer - [test-hivemq-platform] [hivemq] [321e5642] INFO  - [HiveMQ Platform Operator Init App 1.7.0-SNAPSHOT] Waiting up to 600s for at most 1 HiveMQ nodes in cluster service hivemq-test-hivemq-platform-cluster.helmremovenamespaceit.svc
2025-01-29 13:24:44,621 INFO c.h.h.t.HelmChartContainer - [test-hivemq-platform] [hivemq] [321e5642] INFO  - [HiveMQ Platform Operator Init App 1.7.0-SNAPSHOT] Resolved 1 IP addresses: [10.42.0.15]
2025-01-29 13:24:44,622 INFO c.h.h.t.HelmChartContainer - [test-hivemq-platform] [hivemq] [321e5642] INFO  - [HiveMQ Platform Operator Init App 1.7.0-SNAPSHOT] HiveMQ node count of 1 is within threshold of 1
2025-01-29 13:24:44,622 INFO c.h.h.t.HelmChartContainer - [test-hivemq-platform] [hivemq] [321e5642] INFO  - [HiveMQ Platform Operator Init App 1.7.0-SNAPSHOT] Proceeding with container start
2025-01-29 13:24:44,646 INFO c.h.h.t.HelmChartContainer - [test-hivemq-platform] [hivemq] [321e5642] INFO  - [HiveMQ Platform Operator Init App 1.7.0-SNAPSHOT] Initializing HiveMQ Platform extensions with initial configuration: {hivemq-allow-all-extension={start-priority=-1, skip-https-hostname-verification=false, restart=true, config-version=0, header-version=0, c-uri=, priority=-1, uri=preinstalled, skip-https-certificate-validation=false, enabled=true}, hivemq-prometheus-extension={uri=preinstalled, request-header-path=no-request-headers, enabled=true, restart=true, priority=-1, start-priority=-1, c-uri=, skip-https-hostname-verification=false, skip-https-certificate-validation=false}}
2025-01-29 13:24:45,132 INFO c.h.h.t.HelmChartContainer - [test-hivemq-platform] [hivemq] [321e5642] INFO  - [HiveMQ Platform Operator Init App 1.7.0-SNAPSHOT] Extension hivemq-allow-all-extension was already enabled
2025-01-29 13:24:45,225 INFO c.h.h.t.HelmChartContainer - [test-hivemq-platform] [hivemq] [321e5642] INFO  - [HiveMQ Platform Operator Init App 1.7.0-SNAPSHOT] Successfully enabled extension hivemq-prometheus-extension
2025-01-29 13:24:45,226 INFO c.h.h.t.HelmChartContainer - [test-hivemq-platform] [hivemq] [321e5642] INFO  - [HiveMQ Platform Operator Init App 1.7.0-SNAPSHOT] Starting HiveMQ Platform version 4.36.0 (4.36.0)
2025-01-29 13:24:45,227 INFO c.h.h.t.HelmChartContainer - [test-hivemq-platform] [hivemq] [321e5642] INFO  - [HiveMQ Platform Operator Init App 1.7.0-SNAPSHOT] Configuring the HiveMQ Platform
2025-01-29 13:24:45,317 INFO c.h.h.t.HelmChartContainer - [test-hivemq-platform] [hivemq] [321e5642] INFO  - [HiveMQ Platform Operator Init App 1.7.0-SNAPSHOT] Changed logback.xml file scan period to 20 seconds
2025-01-29 13:24:45,332 INFO c.h.h.t.HelmChartContainer - [test-hivemq-platform] [hivemq] [321e5642] INFO  - [HiveMQ Platform Operator Init App 1.7.0-SNAPSHOT] Starting the HiveMQ Platform
2025-01-29 13:24:45,335 INFO c.h.h.t.HelmChartContainer - [test-hivemq-platform] [hivemq] [321e5642] -------------------------------------------------------------------------
2025-01-29 13:24:45,335 INFO c.h.h.t.HelmChartContainer - [test-hivemq-platform] [hivemq] [321e5642] 
2025-01-29 13:24:45,335 INFO c.h.h.t.HelmChartContainer - [test-hivemq-platform] [hivemq] [321e5642]                   _    _  _              __  __   ____
2025-01-29 13:24:45,335 INFO c.h.h.t.HelmChartContainer - [test-hivemq-platform] [hivemq] [321e5642]                  | |  | |(_)            |  \/  | / __ \
2025-01-29 13:24:45,335 INFO c.h.h.t.HelmChartContainer - [test-hivemq-platform] [hivemq] [321e5642]                  | |__| | _ __   __ ___ | \  / || |  | |
2025-01-29 13:24:45,335 INFO c.h.h.t.HelmChartContainer - [test-hivemq-platform] [hivemq] [321e5642]                  |  __  || |\ \ / // _ \| |\/| || |  | |
2025-01-29 13:24:45,335 INFO c.h.h.t.HelmChartContainer - [test-hivemq-platform] [hivemq] [321e5642]                  | |  | || | \ V /|  __/| |  | || |__| |
2025-01-29 13:24:45,335 INFO c.h.h.t.HelmChartContainer - [test-hivemq-platform] [hivemq] [321e5642]                  |_|  |_||_|  \_/  \___||_|  |_| \___\_\
2025-01-29 13:24:45,335 INFO c.h.h.t.HelmChartContainer - [test-hivemq-platform] [hivemq] [321e5642] 
2025-01-29 13:24:45,335 INFO c.h.h.t.HelmChartContainer - [test-hivemq-platform] [hivemq] [321e5642] -------------------------------------------------------------------------
2025-01-29 13:24:45,335 INFO c.h.h.t.HelmChartContainer - [test-hivemq-platform] [hivemq] [321e5642] 
2025-01-29 13:24:45,335 INFO c.h.h.t.HelmChartContainer - [test-hivemq-platform] [hivemq] [321e5642]   HiveMQ Start Script for Linux/Unix v1.14
2025-01-29 13:24:45,336 INFO c.h.h.t.HelmChartContainer - [test-hivemq-platform] [hivemq] [321e5642] 
2025-01-29 13:24:45,443 INFO c.h.h.t.HelmChartContainer - [test-hivemq-platform] [hivemq] [321e5642] -------------------------------------------------------------------------
2025-01-29 13:24:45,443 INFO c.h.h.t.HelmChartContainer - [test-hivemq-platform] [hivemq] [321e5642] 
2025-01-29 13:24:45,443 INFO c.h.h.t.HelmChartContainer - [test-hivemq-platform] [hivemq] [321e5642]   HIVEMQ_HOME: /opt/hivemq
2025-01-29 13:24:45,443 INFO c.h.h.t.HelmChartContainer - [test-hivemq-platform] [hivemq] [321e5642] 
2025-01-29 13:24:45,443 INFO c.h.h.t.HelmChartContainer - [test-hivemq-platform] [hivemq] [321e5642]   JAVA_OPTS: -XX:+UnlockExperimentalVMOptions -XX:InitialRAMPercentage=50 -XX:MaxRAMPercentage=50 -Djava.net.preferIPv4Stack=true --add-opens java.base/java.lang=ALL-UNNAMED --add-opens java.base/java.nio=ALL-UNNAMED --add-opens java.base/sun.nio.ch=ALL-UNNAMED --add-opens jdk.management/com.sun.management.internal=ALL-UNNAMED --add-exports java.base/jdk.internal.misc=ALL-UNNAMED -Djava.security.egd=file:/dev/./urandom -Dcom.sun.management.jmxremote -Dcom.sun.management.jmxremote.port=9010 -Dcom.sun.management.jmxremote.local.only=false -Dcom.sun.management.jmxremote.authenticate=false -Dcom.sun.management.jmxremote.ssl=false -Duser.language=en -Duser.region=US -XX:+CrashOnOutOfMemoryError -XX:+HeapDumpOnOutOfMemoryError
2025-01-29 13:24:45,443 INFO c.h.h.t.HelmChartContainer - [test-hivemq-platform] [hivemq] [321e5642] 
2025-01-29 13:24:45,443 INFO c.h.h.t.HelmChartContainer - [test-hivemq-platform] [hivemq] [321e5642]   JAVA_VERSION: 21
2025-01-29 13:24:45,444 INFO c.h.h.t.HelmChartContainer - [test-hivemq-platform] [hivemq] [321e5642] 
2025-01-29 13:24:45,444 INFO c.h.h.t.HelmChartContainer - [test-hivemq-platform] [hivemq] [321e5642] -------------------------------------------------------------------------
2025-01-29 13:24:45,444 INFO c.h.h.t.HelmChartContainer - [test-hivemq-platform] [hivemq] [321e5642] 
2025-01-29 13:24:46,825 INFO c.h.h.t.HelmChartContainer - [test-hivemq-platform] [hivemq] [321e5642] INFO  - [HiveMQ Platform Operator Init App 1.7.0-SNAPSHOT] Returning default Health API response 503 for readiness
2025-01-29 13:24:47,224 INFO c.h.h.t.HelmChartContainer - [EVENT] Warning [Unhealthy] Readiness probe failed: HTTP probe failed with statuscode: 503 [helmremovenamespaceit:test-hivemq-platform-0]
2025-01-29 13:24:47,225 INFO c.h.h.t.HelmChartContainer - Received Unhealthy event for container hivemq in pod test-hivemq-platform-0 [321e5642-25d7-4475-aa43-405d7bf7461c]
2025-01-29 13:24:48,130 INFO c.h.h.t.HelmChartContainer - [test-hivemq-platform] [hivemq] [321e5642] INFO  - Starting HiveMQ Enterprise Server
2025-01-29 13:24:48,135 INFO c.h.h.t.HelmChartContainer - [test-hivemq-platform] [hivemq] [321e5642] INFO  - HiveMQ version: 4.36.0
2025-01-29 13:24:48,135 INFO c.h.h.t.HelmChartContainer - [test-hivemq-platform] [hivemq] [321e5642] INFO  - HiveMQ home directory: /opt/hivemq
2025-01-29 13:24:48,136 INFO c.h.h.t.HelmChartContainer - [test-hivemq-platform] [hivemq] [321e5642] INFO  - Log Configuration was overridden by /opt/hivemq/conf/logback.xml
2025-01-29 13:24:49,224 INFO c.h.h.t.HelmChartContainer - [test-hivemq-platform] [hivemq] [321e5642] INFO  - Successfully loaded configuration from '/opt/hivemq/conf-k8s/config.xml'.
2025-01-29 13:24:49,927 INFO c.h.h.t.HelmChartContainer - [test-hivemq-platform] [hivemq] [321e5642] INFO  - This node's ID is C8ALv
2025-01-29 13:24:49,927 INFO c.h.h.t.HelmChartContainer - [test-hivemq-platform] [hivemq] [321e5642] INFO  - Clustering is enabled
2025-01-29 13:24:50,934 INFO c.h.h.t.HelmChartContainer - [hivemq-test-hivemq-platform] [hivemq-platform-operator] [f97a0abb] 13:24:50.932 [pool-6-thread-17] DEBUG c.h.p.o.d.PlatformServiceResource - [helmremo] Desired Platform services (3 services)
2025-01-29 13:24:50,936 INFO c.h.h.t.HelmChartContainer - [hivemq-test-hivemq-platform] [hivemq-platform-operator] [f97a0abb] 13:24:50.934 [pool-6-thread-19] DEBUG c.h.p.o.d.PodServiceAccountResource - [helmremo] Desired PodServiceAccountResource (serviceAccountName: hivemq-platform-pod-test-hivemq-platform)
2025-01-29 13:24:50,936 INFO c.h.h.t.HelmChartContainer - [hivemq-test-hivemq-platform] [hivemq-platform-operator] [f97a0abb] 13:24:50.933 [pool-6-thread-14] DEBUG c.h.p.o.dependants.PodInfoConfigMap - [helmremo] Desired PodInfo ConfigMap (1 extensions) (1 enabled)
2025-01-29 13:24:50,937 INFO c.h.h.t.HelmChartContainer - [hivemq-test-hivemq-platform] [hivemq-platform-operator] [f97a0abb] 13:24:50.935 [pool-6-thread-14] DEBUG c.h.p.o.dependants.PodInfoConfigMap - [helmremo] Desired PodInfo ConfigMap (metrics port: 9399) (metrics path: /)
2025-01-29 13:24:50,938 INFO c.h.h.t.HelmChartContainer - [hivemq-test-hivemq-platform] [hivemq-platform-operator] [f97a0abb] 13:24:50.936 [pool-6-thread-14] DEBUG c.h.p.o.dependants.PodInfoConfigMap - [helmremo] Desired PodInfo ConfigMap (extension state hash: -1817474005)
2025-01-29 13:24:50,941 INFO c.h.h.t.HelmChartContainer - [hivemq-test-hivemq-platform] [hivemq-platform-operator] [f97a0abb] 13:24:50.939 [pool-6-thread-14] DEBUG c.h.p.o.d.StatefulSetResource - [helmremo] Desired StatefulSet (1 replicas) for status STARTING (READY)
2025-01-29 13:24:50,945 INFO c.h.h.t.HelmChartContainer - [hivemq-test-hivemq-platform] [hivemq-platform-operator] [f97a0abb] 13:24:50.944 [ReconcilerExecutor-hivemq-controller-111] INFO  c.h.p.o.HiveMQPlatformReconciler - [helmremo] Reconciling HiveMQ Platform 'test-hivemq-platform' in namespace 'helmremovenamespaceit'
2025-01-29 13:24:50,946 INFO c.h.h.t.HelmChartContainer - [hivemq-test-hivemq-platform] [hivemq-platform-operator] [f97a0abb] 13:24:50.944 [ReconcilerExecutor-hivemq-controller-111] DEBUG c.h.p.o.HiveMQPlatformReconciler - [helmremo] Custom Resource Status STARTING - HiveMQ Platform is starting (READY)
2025-01-29 13:24:50,946 INFO c.h.h.t.HelmChartContainer - [hivemq-test-hivemq-platform] [hivemq-platform-operator] [f97a0abb] 13:24:50.944 [ReconcilerExecutor-hivemq-controller-111] DEBUG c.h.p.o.HiveMQPlatformReconciler - [helmremo] Custom Resource Spec (replicas: 1) (extensions: 1)
2025-01-29 13:24:50,947 INFO c.h.h.t.HelmChartContainer - [hivemq-test-hivemq-platform] [hivemq-platform-operator] [f97a0abb] 13:24:50.945 [ReconcilerExecutor-hivemq-controller-111] DEBUG c.h.p.o.HiveMQPlatformReconciler - [helmremo] StatefulSet Status (revision: test-hivemq-platform-bd687ff79, replicas: 1, available: 0, ready: 0, current: 1, updated: 1)
2025-01-29 13:24:50,947 INFO c.h.h.t.HelmChartContainer - [hivemq-test-hivemq-platform] [hivemq-platform-operator] [f97a0abb] 13:24:50.945 [ReconcilerExecutor-hivemq-controller-111] DEBUG c.h.p.o.HiveMQPlatformReconciler - [helmremo] StatefulSet Spec (replicas: 1, init containers: 1, containers: 1, volumes: 3)
2025-01-29 13:24:50,948 INFO c.h.h.t.HelmChartContainer - [hivemq-test-hivemq-platform] [hivemq-platform-operator] [f97a0abb] 13:24:50.947 [ReconcilerExecutor-hivemq-controller-111] DEBUG c.h.p.o.h.HiveMQPlatformReconcilerErrorHandler - [helmremo] Pod 'test-hivemq-platform-0' phase Running
2025-01-29 13:24:50,949 INFO c.h.h.t.HelmChartContainer - [hivemq-test-hivemq-platform] [hivemq-platform-operator] [f97a0abb] 13:24:50.948 [ReconcilerExecutor-hivemq-controller-111] INFO  c.h.p.o.h.HiveMQPlatformReconcilerBaseHandler - [helmremo] HiveMQ Platform is starting, 0 of 1 replicas are ready
2025-01-29 13:24:52,323 INFO c.h.h.t.HelmChartContainer - [test-hivemq-platform] [hivemq] [321e5642] WARN  - [HiveMQ Platform Operator Init App 1.7.0-SNAPSHOT] Cannot connect to Health API for readiness: null
2025-01-29 13:24:52,327 INFO c.h.h.t.HelmChartContainer - [EVENT] Warning [Unhealthy] Readiness probe failed: HTTP probe failed with statuscode: 503 [helmremovenamespaceit:test-hivemq-platform-0]
2025-01-29 13:24:52,328 INFO c.h.h.t.HelmChartContainer - Received Unhealthy event for container hivemq in pod test-hivemq-platform-0 [321e5642-25d7-4475-aa43-405d7bf7461c]
2025-01-29 13:24:52,374 INFO c.h.h.t.HelmChartContainer - [K3S] [range_allocator.go:247] "Successfully synced" key="f70f541c494d"
2025-01-29 13:24:54,722 INFO c.h.h.t.HelmChartContainer - [test-hivemq-platform] [hivemq] [321e5642] Jan 29, 2025 1:24:54 PM io.vertx.core.impl.BlockedThreadChecker
2025-01-29 13:24:54,722 INFO c.h.h.t.HelmChartContainer - [test-hivemq-platform] [hivemq] [321e5642] WARNING: Thread Thread[vert.x-eventloop-thread-1,5,main] has been blocked for 2594 ms, time limit is 2000 ms
2025-01-29 13:24:54,823 INFO c.h.h.t.HelmChartContainer - [test-hivemq-platform] [hivemq] [321e5642] INFO  - [HiveMQ Platform Operator Init App 1.7.0-SNAPSHOT] Updating Pod HiveMQ Platform Operator Init App version annotation (version: 1.7.0-SNAPSHOT)
2025-01-29 13:24:55,535 INFO c.h.h.t.HelmChartContainer - [POD] test-hivemq-platform-0 [321e5642-25d7-4475-aa43-405d7bf7461c] in helmremovenamespaceit was MODIFIED
2025-01-29 13:24:55,542 INFO c.h.h.t.HelmChartContainer - [hivemq-test-hivemq-platform] [hivemq-platform-operator] [f97a0abb] 13:24:55.541 [pool-6-thread-27] DEBUG c.h.p.o.d.PlatformServiceResource - [helmremo] Desired Platform services (3 services)
2025-01-29 13:24:55,545 INFO c.h.h.t.HelmChartContainer - [hivemq-test-hivemq-platform] [hivemq-platform-operator] [f97a0abb] 13:24:55.542 [pool-6-thread-25] DEBUG c.h.p.o.dependants.PodInfoConfigMap - [helmremo] Desired PodInfo ConfigMap (1 extensions) (1 enabled)
2025-01-29 13:24:55,548 INFO c.h.h.t.HelmChartContainer - [hivemq-test-hivemq-platform] [hivemq-platform-operator] [f97a0abb] 13:24:55.542 [pool-6-thread-25] DEBUG c.h.p.o.dependants.PodInfoConfigMap - [helmremo] Desired PodInfo ConfigMap (metrics port: 9399) (metrics path: /)
2025-01-29 13:24:55,548 INFO c.h.h.t.HelmChartContainer - [hivemq-test-hivemq-platform] [hivemq-platform-operator] [f97a0abb] 13:24:55.542 [pool-6-thread-25] DEBUG c.h.p.o.dependants.PodInfoConfigMap - [helmremo] Desired PodInfo ConfigMap (extension state hash: -1817474005)
2025-01-29 13:24:55,550 INFO c.h.h.t.HelmChartContainer - [hivemq-test-hivemq-platform] [hivemq-platform-operator] [f97a0abb] 13:24:55.544 [pool-6-thread-29] DEBUG c.h.p.o.d.PodServiceAccountResource - [helmremo] Desired PodServiceAccountResource (serviceAccountName: hivemq-platform-pod-test-hivemq-platform)
2025-01-29 13:24:55,551 INFO c.h.h.t.HelmChartContainer - [hivemq-test-hivemq-platform] [hivemq-platform-operator] [f97a0abb] 13:24:55.550 [pool-6-thread-27] DEBUG c.h.p.o.d.StatefulSetResource - [helmremo] Desired StatefulSet (1 replicas) for status STARTING (READY)
2025-01-29 13:24:55,626 INFO c.h.h.t.HelmChartContainer - [test-hivemq-platform] [hivemq] [321e5642] WARN  - [HiveMQ Platform Operator Init App 1.7.0-SNAPSHOT] Cannot connect to Health API for readiness: null
2025-01-29 13:24:55,629 INFO c.h.h.t.HelmChartContainer - [hivemq-test-hivemq-platform] [hivemq-platform-operator] [f97a0abb] 13:24:55.624 [ReconcilerExecutor-hivemq-controller-112] INFO  c.h.p.o.HiveMQPlatformReconciler - [helmremo] Reconciling HiveMQ Platform 'test-hivemq-platform' in namespace 'helmremovenamespaceit'
2025-01-29 13:24:55,629 INFO c.h.h.t.HelmChartContainer - [hivemq-test-hivemq-platform] [hivemq-platform-operator] [f97a0abb] 13:24:55.624 [ReconcilerExecutor-hivemq-controller-112] DEBUG c.h.p.o.HiveMQPlatformReconciler - [helmremo] Custom Resource Status STARTING - HiveMQ Platform is starting (READY)
2025-01-29 13:24:55,629 INFO c.h.h.t.HelmChartContainer - [hivemq-test-hivemq-platform] [hivemq-platform-operator] [f97a0abb] 13:24:55.624 [ReconcilerExecutor-hivemq-controller-112] DEBUG c.h.p.o.HiveMQPlatformReconciler - [helmremo] Custom Resource Spec (replicas: 1) (extensions: 1)
2025-01-29 13:24:55,631 INFO c.h.h.t.HelmChartContainer - [test-hivemq-platform] [hivemq] [321e5642] INFO  - [HiveMQ Platform Operator Init App 1.7.0-SNAPSHOT] Successfully updated Pod HiveMQ Platform Operator Init App version annotation (version: 1.7.0-SNAPSHOT)
2025-01-29 13:24:55,633 INFO c.h.h.t.HelmChartContainer - [EVENT] Warning [Unhealthy] Readiness probe failed: HTTP probe failed with statuscode: 503 [helmremovenamespaceit:test-hivemq-platform-0]
2025-01-29 13:24:55,634 INFO c.h.h.t.HelmChartContainer - Received Unhealthy event for container hivemq in pod test-hivemq-platform-0 [321e5642-25d7-4475-aa43-405d7bf7461c]
2025-01-29 13:24:55,635 INFO c.h.h.t.HelmChartContainer - [hivemq-test-hivemq-platform] [hivemq-platform-operator] [f97a0abb] 13:24:55.629 [ReconcilerExecutor-hivemq-controller-112] DEBUG c.h.p.o.HiveMQPlatformReconciler - [helmremo] StatefulSet Status (revision: test-hivemq-platform-bd687ff79, replicas: 1, available: 0, ready: 0, current: 1, updated: 1)
2025-01-29 13:24:55,635 INFO c.h.h.t.HelmChartContainer - [hivemq-test-hivemq-platform] [hivemq-platform-operator] [f97a0abb] 13:24:55.631 [ReconcilerExecutor-hivemq-controller-112] DEBUG c.h.p.o.HiveMQPlatformReconciler - [helmremo] StatefulSet Spec (replicas: 1, init containers: 1, containers: 1, volumes: 3)
2025-01-29 13:24:55,635 INFO c.h.h.t.HelmChartContainer - [hivemq-test-hivemq-platform] [hivemq-platform-operator] [f97a0abb] 13:24:55.634 [ReconcilerExecutor-hivemq-controller-112] DEBUG c.h.p.o.h.HiveMQPlatformReconcilerErrorHandler - [helmremo] Pod 'test-hivemq-platform-0' phase Running
2025-01-29 13:24:55,639 INFO c.h.h.t.HelmChartContainer - [hivemq-test-hivemq-platform] [hivemq-platform-operator] [f97a0abb] 13:24:55.635 [ReconcilerExecutor-hivemq-controller-112] INFO  c.h.p.o.h.HiveMQPlatformReconcilerBaseHandler - [helmremo] HiveMQ Platform is starting, 0 of 1 replicas are ready
2025-01-29 13:25:00,540 INFO c.h.h.t.HelmChartContainer - [test-hivemq-platform] [hivemq] [321e5642] WARN  - [HiveMQ Platform Operator Init App 1.7.0-SNAPSHOT] Cannot connect to Health API for readiness: null
2025-01-29 13:25:00,544 INFO c.h.h.t.HelmChartContainer - [EVENT] Warning [Unhealthy] Readiness probe failed: HTTP probe failed with statuscode: 503 [helmremovenamespaceit:test-hivemq-platform-0]
2025-01-29 13:25:00,544 INFO c.h.h.t.HelmChartContainer - Received Unhealthy event for container hivemq in pod test-hivemq-platform-0 [321e5642-25d7-4475-aa43-405d7bf7461c]
2025-01-29 13:25:05,622 INFO c.h.h.t.HelmChartContainer - [test-hivemq-platform] [hivemq] [321e5642] WARN  - [HiveMQ Platform Operator Init App 1.7.0-SNAPSHOT] Cannot connect to Health API for readiness: null
2025-01-29 13:25:05,626 INFO c.h.h.t.HelmChartContainer - [EVENT] Warning [Unhealthy] Readiness probe failed: HTTP probe failed with statuscode: 503 [helmremovenamespaceit:test-hivemq-platform-0]
2025-01-29 13:25:05,626 INFO c.h.h.t.HelmChartContainer - Received Unhealthy event for container hivemq in pod test-hivemq-platform-0 [321e5642-25d7-4475-aa43-405d7bf7461c]
2025-01-29 13:25:05,646 INFO c.h.h.t.HelmChartContainer - [hivemq-test-hivemq-platform] [hivemq-platform-operator] [f97a0abb] 13:25:05.642 [pool-6-thread-36] DEBUG c.h.p.o.d.PlatformServiceResource - [helmremo] Desired Platform services (3 services)
2025-01-29 13:25:05,646 INFO c.h.h.t.HelmChartContainer - [hivemq-test-hivemq-platform] [hivemq-platform-operator] [f97a0abb] 13:25:05.643 [pool-6-thread-32] DEBUG c.h.p.o.dependants.PodInfoConfigMap - [helmremo] Desired PodInfo ConfigMap (1 extensions) (1 enabled)
2025-01-29 13:25:05,646 INFO c.h.h.t.HelmChartContainer - [hivemq-test-hivemq-platform] [hivemq-platform-operator] [f97a0abb] 13:25:05.643 [pool-6-thread-32] DEBUG c.h.p.o.dependants.PodInfoConfigMap - [helmremo] Desired PodInfo ConfigMap (metrics port: 9399) (metrics path: /)
2025-01-29 13:25:05,646 INFO c.h.h.t.HelmChartContainer - [hivemq-test-hivemq-platform] [hivemq-platform-operator] [f97a0abb] 13:25:05.643 [pool-6-thread-32] DEBUG c.h.p.o.dependants.PodInfoConfigMap - [helmremo] Desired PodInfo ConfigMap (extension state hash: -1817474005)
2025-01-29 13:25:05,647 INFO c.h.h.t.HelmChartContainer - [hivemq-test-hivemq-platform] [hivemq-platform-operator] [f97a0abb] 13:25:05.646 [pool-6-thread-32] DEBUG c.h.p.o.d.PodServiceAccountResource - [helmremo] Desired PodServiceAccountResource (serviceAccountName: hivemq-platform-pod-test-hivemq-platform)
2025-01-29 13:25:05,653 INFO c.h.h.t.HelmChartContainer - [hivemq-test-hivemq-platform] [hivemq-platform-operator] [f97a0abb] 13:25:05.652 [pool-6-thread-40] DEBUG c.h.p.o.d.StatefulSetResource - [helmremo] Desired StatefulSet (1 replicas) for status STARTING (READY)
2025-01-29 13:25:05,660 INFO c.h.h.t.HelmChartContainer - [hivemq-test-hivemq-platform] [hivemq-platform-operator] [f97a0abb] 13:25:05.657 [ReconcilerExecutor-hivemq-controller-113] INFO  c.h.p.o.HiveMQPlatformReconciler - [helmremo] Reconciling HiveMQ Platform 'test-hivemq-platform' in namespace 'helmremovenamespaceit'
2025-01-29 13:25:05,661 INFO c.h.h.t.HelmChartContainer - [hivemq-test-hivemq-platform] [hivemq-platform-operator] [f97a0abb] 13:25:05.658 [ReconcilerExecutor-hivemq-controller-113] DEBUG c.h.p.o.HiveMQPlatformReconciler - [helmremo] Custom Resource Status STARTING - HiveMQ Platform is starting (READY)
2025-01-29 13:25:05,661 INFO c.h.h.t.HelmChartContainer - [hivemq-test-hivemq-platform] [hivemq-platform-operator] [f97a0abb] 13:25:05.658 [ReconcilerExecutor-hivemq-controller-113] DEBUG c.h.p.o.HiveMQPlatformReconciler - [helmremo] Custom Resource Spec (replicas: 1) (extensions: 1)
2025-01-29 13:25:05,724 INFO c.h.h.t.HelmChartContainer - [hivemq-test-hivemq-platform] [hivemq-platform-operator] [f97a0abb] 13:25:05.720 [ReconcilerExecutor-hivemq-controller-113] DEBUG c.h.p.o.HiveMQPlatformReconciler - [helmremo] StatefulSet Status (revision: test-hivemq-platform-bd687ff79, replicas: 1, available: 0, ready: 0, current: 1, updated: 1)
2025-01-29 13:25:05,724 INFO c.h.h.t.HelmChartContainer - [hivemq-test-hivemq-platform] [hivemq-platform-operator] [f97a0abb] 13:25:05.720 [ReconcilerExecutor-hivemq-controller-113] DEBUG c.h.p.o.HiveMQPlatformReconciler - [helmremo] StatefulSet Spec (replicas: 1, init containers: 1, containers: 1, volumes: 3)
2025-01-29 13:25:05,726 INFO c.h.h.t.HelmChartContainer - [hivemq-test-hivemq-platform] [hivemq-platform-operator] [f97a0abb] 13:25:05.724 [ReconcilerExecutor-hivemq-controller-113] DEBUG c.h.p.o.h.HiveMQPlatformReconcilerErrorHandler - [helmremo] Pod 'test-hivemq-platform-0' phase Running
2025-01-29 13:25:05,727 INFO c.h.h.t.HelmChartContainer - [hivemq-test-hivemq-platform] [hivemq-platform-operator] [f97a0abb] 13:25:05.725 [ReconcilerExecutor-hivemq-controller-113] INFO  c.h.p.o.h.HiveMQPlatformReconcilerBaseHandler - [helmremo] HiveMQ Platform is starting, 0 of 1 replicas are ready
2025-01-29 13:25:06,946 INFO c.h.h.t.HelmChartContainer - [test-hivemq-platform] [hivemq] [321e5642] INFO  - No valid license file found. Using trial license, restricted to 25 connections.
2025-01-29 13:25:07,618 INFO c.h.h.t.HelmChartContainer - [test-hivemq-platform] [hivemq] [321e5642] WARN  - [HiveMQ Platform Operator Init App 1.7.0-SNAPSHOT] Cannot connect to Health API for liveness: null
2025-01-29 13:25:07,618 INFO c.h.h.t.HelmChartContainer - [test-hivemq-platform] [hivemq] [321e5642] INFO  - [HiveMQ Platform Operator Init App 1.7.0-SNAPSHOT] Returning default Health API response 200 for liveness
2025-01-29 13:25:10,625 INFO c.h.h.t.HelmChartContainer - [test-hivemq-platform] [hivemq] [321e5642] WARN  - [HiveMQ Platform Operator Init App 1.7.0-SNAPSHOT] Cannot connect to Health API for readiness: null
2025-01-29 13:25:10,629 INFO c.h.h.t.HelmChartContainer - [EVENT] Warning [Unhealthy] Readiness probe failed: HTTP probe failed with statuscode: 503 [helmremovenamespaceit:test-hivemq-platform-0]
2025-01-29 13:25:10,629 INFO c.h.h.t.HelmChartContainer - Received Unhealthy event for container hivemq in pod test-hivemq-platform-0 [321e5642-25d7-4475-aa43-405d7bf7461c]
2025-01-29 13:25:10,834 INFO c.h.h.t.HelmChartContainer - [test-hivemq-platform] [hivemq] [321e5642] INFO  - No valid license file for Data Hub found. Using free license, restricted to 1 policy.
2025-01-29 13:25:12,018 INFO c.h.h.t.HelmChartContainer - [test-hivemq-platform] [hivemq] [321e5642] INFO  - Audit Logger started.
2025-01-29 13:25:12,322 INFO c.h.h.t.HelmChartContainer - [test-hivemq-platform] [hivemq] [321e5642] INFO  - This node uses '1' CPU cores.
2025-01-29 13:25:12,327 INFO c.h.h.t.HelmChartContainer - [test-hivemq-platform] [hivemq] [321e5642] INFO  - Starting HiveMQ Health API on address 0.0.0.0 and port 8889
2025-01-29 13:25:13,024 INFO c.h.h.t.HelmChartContainer - [test-hivemq-platform] [hivemq] [321e5642] INFO  - Started HiveMQ Health API in 697ms
2025-01-29 13:25:13,741 INFO c.h.h.t.HelmChartContainer - [test-hivemq-platform] [hivemq] [321e5642] INFO  - Starting HiveMQ extension system.
2025-01-29 13:25:14,021 INFO c.h.h.t.HelmChartContainer - [test-hivemq-platform] [hivemq] [321e5642] INFO  - Starting extension with id "hivemq-dns-cluster-discovery" at /opt/hivemq/extensions/hivemq-dns-cluster-discovery
2025-01-29 13:25:14,430 INFO c.h.h.t.HelmChartContainer - [test-hivemq-platform] [hivemq] [321e5642] INFO  - Using TCP cluster transport on address 10.42.0.15 and port 7000
2025-01-29 13:25:14,430 INFO c.h.h.t.HelmChartContainer - [test-hivemq-platform] [hivemq] [321e5642] INFO  - Extension "DNS Cluster Discovery Extension" version 4.3.2 started successfully.
2025-01-29 13:25:14,430 INFO c.h.h.t.HelmChartContainer - [test-hivemq-platform] [hivemq] [321e5642] INFO  - Starting extension with id "hivemq-prometheus-extension" at /opt/hivemq/extensions/hivemq-prometheus-extension
2025-01-29 13:25:14,521 INFO c.h.h.t.HelmChartContainer - [test-hivemq-platform] [hivemq] [321e5642] INFO  - Using extension cluster discovery
2025-01-29 13:25:15,435 INFO c.h.h.t.HelmChartContainer - [test-hivemq-platform] [hivemq] [321e5642] INFO  - Started Jetty Server exposing Prometheus Servlet on URI http://0.0.0.0:9399/
2025-01-29 13:25:15,435 INFO c.h.h.t.HelmChartContainer - [test-hivemq-platform] [hivemq] [321e5642] INFO  - Extension "Prometheus Monitoring Extension" version 4.0.12 started successfully.
2025-01-29 13:25:15,435 INFO c.h.h.t.HelmChartContainer - [test-hivemq-platform] [hivemq] [321e5642] INFO  - Starting extension with id "hivemq-allow-all-extension" at /opt/hivemq/extensions/hivemq-allow-all-extension
2025-01-29 13:25:15,491 INFO c.h.h.t.HelmChartContainer - [test-hivemq-platform] [hivemq] [321e5642] WARN  - 
2025-01-29 13:25:15,492 INFO c.h.h.t.HelmChartContainer - [test-hivemq-platform] [hivemq] [321e5642] ################################################################################################################
2025-01-29 13:25:15,492 INFO c.h.h.t.HelmChartContainer - [test-hivemq-platform] [hivemq] [321e5642] # This HiveMQ deployment is not secure! You are lacking Authentication and Authorization.                      #
2025-01-29 13:25:15,492 INFO c.h.h.t.HelmChartContainer - [test-hivemq-platform] [hivemq] [321e5642] # Right now any MQTT client can connect to the broker with a full set of permissions.                          #
2025-01-29 13:25:15,492 INFO c.h.h.t.HelmChartContainer - [test-hivemq-platform] [hivemq] [321e5642] # For production usage, add an appropriate security extension and remove the hivemq-allow-all extension.       #
2025-01-29 13:25:15,492 INFO c.h.h.t.HelmChartContainer - [test-hivemq-platform] [hivemq] [321e5642] # You can download security extensions from the HiveMQ Marketplace (https://www.hivemq.com/extensions/).       #
2025-01-29 13:25:15,492 INFO c.h.h.t.HelmChartContainer - [test-hivemq-platform] [hivemq] [321e5642] ################################################################################################################
2025-01-29 13:25:15,517 INFO c.h.h.t.HelmChartContainer - [test-hivemq-platform] [hivemq] [321e5642] INFO  - Extension "Allow All Extension" version 1.1.1 started successfully.
2025-01-29 13:25:15,739 INFO c.h.h.t.HelmChartContainer - [hivemq-test-hivemq-platform] [hivemq-platform-operator] [f97a0abb] 13:25:15.734 [pool-6-thread-41] DEBUG c.h.p.o.d.PlatformServiceResource - [helmremo] Desired Platform services (3 services)
2025-01-29 13:25:15,739 INFO c.h.h.t.HelmChartContainer - [hivemq-test-hivemq-platform] [hivemq-platform-operator] [f97a0abb] 13:25:15.736 [pool-6-thread-45] DEBUG c.h.p.o.d.PodServiceAccountResource - [helmremo] Desired PodServiceAccountResource (serviceAccountName: hivemq-platform-pod-test-hivemq-platform)
2025-01-29 13:25:15,741 INFO c.h.h.t.HelmChartContainer - [hivemq-test-hivemq-platform] [hivemq-platform-operator] [f97a0abb] 13:25:15.740 [pool-6-thread-46] DEBUG c.h.p.o.dependants.PodInfoConfigMap - [helmremo] Desired PodInfo ConfigMap (1 extensions) (1 enabled)
2025-01-29 13:25:15,742 INFO c.h.h.t.HelmChartContainer - [hivemq-test-hivemq-platform] [hivemq-platform-operator] [f97a0abb] 13:25:15.741 [pool-6-thread-46] DEBUG c.h.p.o.dependants.PodInfoConfigMap - [helmremo] Desired PodInfo ConfigMap (metrics port: 9399) (metrics path: /)
2025-01-29 13:25:15,742 INFO c.h.h.t.HelmChartContainer - [hivemq-test-hivemq-platform] [hivemq-platform-operator] [f97a0abb] 13:25:15.741 [pool-6-thread-46] DEBUG c.h.p.o.dependants.PodInfoConfigMap - [helmremo] Desired PodInfo ConfigMap (extension state hash: -1817474005)
2025-01-29 13:25:15,746 INFO c.h.h.t.HelmChartContainer - [hivemq-test-hivemq-platform] [hivemq-platform-operator] [f97a0abb] 13:25:15.746 [pool-6-thread-46] DEBUG c.h.p.o.d.StatefulSetResource - [helmremo] Desired StatefulSet (1 replicas) for status STARTING (READY)
2025-01-29 13:25:15,752 INFO c.h.h.t.HelmChartContainer - [hivemq-test-hivemq-platform] [hivemq-platform-operator] [f97a0abb] 13:25:15.751 [ReconcilerExecutor-hivemq-controller-114] INFO  c.h.p.o.HiveMQPlatformReconciler - [helmremo] Reconciling HiveMQ Platform 'test-hivemq-platform' in namespace 'helmremovenamespaceit'
2025-01-29 13:25:15,752 INFO c.h.h.t.HelmChartContainer - [hivemq-test-hivemq-platform] [hivemq-platform-operator] [f97a0abb] 13:25:15.751 [ReconcilerExecutor-hivemq-controller-114] DEBUG c.h.p.o.HiveMQPlatformReconciler - [helmremo] Custom Resource Status STARTING - HiveMQ Platform is starting (READY)
2025-01-29 13:25:15,752 INFO c.h.h.t.HelmChartContainer - [hivemq-test-hivemq-platform] [hivemq-platform-operator] [f97a0abb] 13:25:15.751 [ReconcilerExecutor-hivemq-controller-114] DEBUG c.h.p.o.HiveMQPlatformReconciler - [helmremo] Custom Resource Spec (replicas: 1) (extensions: 1)
2025-01-29 13:25:15,825 INFO c.h.h.t.HelmChartContainer - [hivemq-test-hivemq-platform] [hivemq-platform-operator] [f97a0abb] 13:25:15.822 [ReconcilerExecutor-hivemq-controller-114] DEBUG c.h.p.o.HiveMQPlatformReconciler - [helmremo] StatefulSet Status (revision: test-hivemq-platform-bd687ff79, replicas: 1, available: 0, ready: 0, current: 1, updated: 1)
2025-01-29 13:25:15,826 INFO c.h.h.t.HelmChartContainer - [hivemq-test-hivemq-platform] [hivemq-platform-operator] [f97a0abb] 13:25:15.825 [ReconcilerExecutor-hivemq-controller-114] DEBUG c.h.p.o.HiveMQPlatformReconciler - [helmremo] StatefulSet Spec (replicas: 1, init containers: 1, containers: 1, volumes: 3)
2025-01-29 13:25:15,828 INFO c.h.h.t.HelmChartContainer - [hivemq-test-hivemq-platform] [hivemq-platform-operator] [f97a0abb] 13:25:15.827 [ReconcilerExecutor-hivemq-controller-114] DEBUG c.h.p.o.h.HiveMQPlatformReconcilerErrorHandler - [helmremo] Pod 'test-hivemq-platform-0' phase Running
2025-01-29 13:25:15,829 INFO c.h.h.t.HelmChartContainer - [hivemq-test-hivemq-platform] [hivemq-platform-operator] [f97a0abb] 13:25:15.829 [ReconcilerExecutor-hivemq-controller-114] INFO  c.h.p.o.h.HiveMQPlatformReconcilerBaseHandler - [helmremo] HiveMQ Platform is starting, 0 of 1 replicas are ready
2025-01-29 13:25:16,133 INFO c.h.h.t.HelmChartContainer - [test-hivemq-platform] [hivemq] [321e5642] INFO  - [HiveMQ Platform Operator Init App 1.7.0-SNAPSHOT] Returning Health API response 503 for readiness
2025-01-29 13:25:16,137 INFO c.h.h.t.HelmChartContainer - [EVENT] Warning [Unhealthy] Readiness probe failed: HTTP probe failed with statuscode: 503 [helmremovenamespaceit:test-hivemq-platform-0]
2025-01-29 13:25:16,137 INFO c.h.h.t.HelmChartContainer - Received Unhealthy event for container hivemq in pod test-hivemq-platform-0 [321e5642-25d7-4475-aa43-405d7bf7461c]
2025-01-29 13:25:17,426 INFO c.h.h.t.HelmChartContainer - [test-hivemq-platform] [hivemq] [321e5642] INFO  - C8ALv: no members discovered after 2303 ms: creating cluster as first member
2025-01-29 13:25:17,432 INFO c.h.h.t.HelmChartContainer - [test-hivemq-platform] [hivemq] [321e5642] INFO  - Cluster nodes found by discovery: [C8ALv|0] (1) [C8ALv].
2025-01-29 13:25:17,518 INFO c.h.h.t.HelmChartContainer - [test-hivemq-platform] [hivemq] [321e5642] WARN  - No user for HiveMQ Control Center configured. Starting with default user
2025-01-29 13:25:17,518 INFO c.h.h.t.HelmChartContainer - [test-hivemq-platform] [hivemq] [321e5642] INFO  - Starting HiveMQ Control Center on address 0.0.0.0 and port 8080
2025-01-29 13:25:17,525 INFO c.h.h.t.HelmChartContainer - [test-hivemq-platform] [hivemq] [321e5642] INFO  - Mounting HiveMQ Control Center V2 Preview
2025-01-29 13:25:18,123 INFO c.h.h.t.HelmChartContainer - [test-hivemq-platform] [hivemq] [321e5642] INFO  - Started HiveMQ Control Center in 605ms
2025-01-29 13:25:18,136 INFO c.h.h.t.HelmChartContainer - [test-hivemq-platform] [hivemq] [321e5642] INFO  - Starting TCP listener on address 0.0.0.0 and port 1883
2025-01-29 13:25:18,150 INFO c.h.h.t.HelmChartContainer - [test-hivemq-platform] [hivemq] [321e5642] INFO  - Started TCP Listener on address 0.0.0.0 and on port 1883.
2025-01-29 13:25:18,151 INFO c.h.h.t.HelmChartContainer - [test-hivemq-platform] [hivemq] [321e5642] INFO  - Started HiveMQ in 30354ms
2025-01-29 13:25:20,540 INFO c.h.h.t.HelmChartContainer - [test-hivemq-platform] [hivemq] [321e5642] INFO  - [HiveMQ Platform Operator Init App 1.7.0-SNAPSHOT] Returning Health API response 200 for readiness
2025-01-29 13:25:20,550 INFO c.h.h.t.HelmChartContainer - [POD] test-hivemq-platform-0 [321e5642-25d7-4475-aa43-405d7bf7461c] in helmremovenamespaceit was MODIFIED
2025-01-29 13:25:20,561 INFO c.h.h.t.HelmChartContainer - [hivemq-test-hivemq-platform] [hivemq-platform-operator] [f97a0abb] 13:25:20.557 [pool-6-thread-3] DEBUG c.h.p.o.d.PlatformServiceResource - [helmremo] Desired Platform services (3 services)
2025-01-29 13:25:20,572 INFO c.h.h.t.HelmChartContainer - [hivemq-test-hivemq-platform] [hivemq-platform-operator] [f97a0abb] 13:25:20.558 [pool-6-thread-4] DEBUG c.h.p.o.dependants.PodInfoConfigMap - [helmremo] Desired PodInfo ConfigMap (1 extensions) (1 enabled)
2025-01-29 13:25:20,572 INFO c.h.h.t.HelmChartContainer - [hivemq-test-hivemq-platform] [hivemq-platform-operator] [f97a0abb] 13:25:20.558 [pool-6-thread-4] DEBUG c.h.p.o.dependants.PodInfoConfigMap - [helmremo] Desired PodInfo ConfigMap (metrics port: 9399) (metrics path: /)
2025-01-29 13:25:20,572 INFO c.h.h.t.HelmChartContainer - [hivemq-test-hivemq-platform] [hivemq-platform-operator] [f97a0abb] 13:25:20.558 [pool-6-thread-4] DEBUG c.h.p.o.dependants.PodInfoConfigMap - [helmremo] Desired PodInfo ConfigMap (extension state hash: -1817474005)
2025-01-29 13:25:20,572 INFO c.h.h.t.HelmChartContainer - [hivemq-test-hivemq-platform] [hivemq-platform-operator] [f97a0abb] 13:25:20.560 [pool-6-thread-5] DEBUG c.h.p.o.d.PodServiceAccountResource - [helmremo] Desired PodServiceAccountResource (serviceAccountName: hivemq-platform-pod-test-hivemq-platform)
2025-01-29 13:25:20,574 INFO c.h.h.t.HelmChartContainer - [hivemq-test-hivemq-platform] [hivemq-platform-operator] [f97a0abb] 13:25:20.570 [pool-6-thread-3] DEBUG c.h.p.o.d.StatefulSetResource - [helmremo] Desired StatefulSet (1 replicas) for status STARTING (READY)
2025-01-29 13:25:20,621 INFO c.h.h.t.HelmChartContainer - [hivemq-test-hivemq-platform] [hivemq-platform-operator] [f97a0abb] 13:25:20.620 [ReconcilerExecutor-hivemq-controller-115] INFO  c.h.p.o.HiveMQPlatformReconciler - [helmremo] Reconciling HiveMQ Platform 'test-hivemq-platform' in namespace 'helmremovenamespaceit'
2025-01-29 13:25:20,622 INFO c.h.h.t.HelmChartContainer - [hivemq-test-hivemq-platform] [hivemq-platform-operator] [f97a0abb] 13:25:20.620 [ReconcilerExecutor-hivemq-controller-115] DEBUG c.h.p.o.HiveMQPlatformReconciler - [helmremo] Custom Resource Status STARTING - HiveMQ Platform is starting (READY)
2025-01-29 13:25:20,622 INFO c.h.h.t.HelmChartContainer - [hivemq-test-hivemq-platform] [hivemq-platform-operator] [f97a0abb] 13:25:20.620 [ReconcilerExecutor-hivemq-controller-115] DEBUG c.h.p.o.HiveMQPlatformReconciler - [helmremo] Custom Resource Spec (replicas: 1) (extensions: 1)
2025-01-29 13:25:20,624 INFO c.h.h.t.HelmChartContainer - [hivemq-test-hivemq-platform] [hivemq-platform-operator] [f97a0abb] 13:25:20.622 [ReconcilerExecutor-hivemq-controller-115] DEBUG c.h.p.o.HiveMQPlatformReconciler - [helmremo] StatefulSet Status (revision: test-hivemq-platform-bd687ff79, replicas: 1, available: 1, ready: 1, current: 1, updated: 1)
2025-01-29 13:25:20,624 INFO c.h.h.t.HelmChartContainer - [hivemq-test-hivemq-platform] [hivemq-platform-operator] [f97a0abb] 13:25:20.622 [ReconcilerExecutor-hivemq-controller-115] DEBUG c.h.p.o.HiveMQPlatformReconciler - [helmremo] StatefulSet Spec (replicas: 1, init containers: 1, containers: 1, volumes: 3)
2025-01-29 13:25:20,625 INFO c.h.h.t.HelmChartContainer - [hivemq-test-hivemq-platform] [hivemq-platform-operator] [f97a0abb] 13:25:20.624 [ReconcilerExecutor-hivemq-controller-115] DEBUG c.h.p.o.h.HiveMQPlatformReconcilerErrorHandler - [helmremo] Pod 'test-hivemq-platform-0' phase Running
2025-01-29 13:25:20,626 INFO c.h.h.t.HelmChartContainer - [hivemq-test-hivemq-platform] [hivemq-platform-operator] [f97a0abb] 13:25:20.625 [ReconcilerExecutor-hivemq-controller-115] INFO  c.h.p.o.h.HiveMQPlatformReconcilerBaseHandler - [helmremo] HiveMQ Platform started successfully
2025-01-29 13:25:20,641 INFO c.h.h.t.HelmChartContainer - [hivemq-test-hivemq-platform] [hivemq-platform-operator] [f97a0abb] 13:25:20.641 [ReconcilerExecutor-hivemq-controller-115] DEBUG c.h.p.operator.event.EventSender - [helmremo] Creating K8s event hivemq-platform-ready: [Ready] HiveMQ Platform is ready
2025-01-29 13:25:20,723 INFO c.h.h.t.HelmChartContainer - [EVENT] Normal [Ready] HiveMQ Platform is ready [helmremovenamespaceit:test-hivemq-platform]
2025-01-29 13:25:20,724 INFO c.h.h.t.HelmChartContainer - [hivemq-test-hivemq-platform] [hivemq-platform-operator] [f97a0abb] 13:25:20.723 [ReconcilerExecutor-hivemq-controller-115] INFO  c.h.p.o.h.AbstractHiveMQReconcilerStateHandler - [helmremo] Update HiveMQ Platform Status (STARTING [READY] -> RUNNING [READY]): HiveMQ Platform is ready
2025-01-29 13:25:20,731 DEBUG com.hivemq.helmcharts.util.K8sUtil - Comparing actual state 'RUNNING' and waiting for 'RUNNING'
2025-01-29 13:25:20,737 INFO c.h.h.t.HelmChartContainer - [hivemq-test-hivemq-platform] [hivemq-platform-operator] [f97a0abb] 13:25:20.734 [pool-6-thread-15] DEBUG c.h.p.o.d.PlatformServiceResource - [helmremo] Desired Platform services (3 services)
2025-01-29 13:25:20,741 INFO c.h.h.t.HelmChartContainer - [hivemq-test-hivemq-platform] [hivemq-platform-operator] [f97a0abb] 13:25:20.738 [pool-6-thread-19] DEBUG c.h.p.o.d.PodServiceAccountResource - [helmremo] Desired PodServiceAccountResource (serviceAccountName: hivemq-platform-pod-test-hivemq-platform)
2025-01-29 13:25:20,746 INFO c.h.h.t.HelmChartContainer - [hivemq-test-hivemq-platform] [hivemq-platform-operator] [f97a0abb] 13:25:20.735 [pool-6-thread-17] DEBUG c.h.p.o.dependants.PodInfoConfigMap - [helmremo] Desired PodInfo ConfigMap (1 extensions) (1 enabled)
2025-01-29 13:25:20,748 INFO c.h.h.t.HelmChartContainer - [hivemq-test-hivemq-platform] [hivemq-platform-operator] [f97a0abb] 13:25:20.746 [pool-6-thread-17] DEBUG c.h.p.o.dependants.PodInfoConfigMap - [helmremo] Desired PodInfo ConfigMap (metrics port: 9399) (metrics path: /)
2025-01-29 13:25:20,749 INFO c.h.h.t.HelmChartContainer - [hivemq-test-hivemq-platform] [hivemq-platform-operator] [f97a0abb] 13:25:20.747 [pool-6-thread-17] DEBUG c.h.p.o.dependants.PodInfoConfigMap - [helmremo] Desired PodInfo ConfigMap (extension state hash: -1817474005)
2025-01-29 13:25:20,823 INFO c.h.h.t.HelmChartContainer - [hivemq-test-hivemq-platform] [hivemq-platform-operator] [f97a0abb] 13:25:20.747 [pool-6-thread-17] DEBUG c.h.p.o.dependants.PodInfoConfigMap - [helmremo] Update PodInfo ConfigMap
2025-01-29 13:25:20,831 INFO c.h.h.t.HelmChartContainer - [hivemq-test-hivemq-platform] [hivemq-platform-operator] [f97a0abb] 13:25:20.830 [pool-6-thread-17] DEBUG c.h.p.o.d.StatefulSetResource - [helmremo] Desired StatefulSet (1 replicas) for status RUNNING (READY)
2025-01-29 13:25:20,835 INFO c.h.h.t.HelmChartContainer - [hivemq-test-hivemq-platform] [hivemq-platform-operator] [f97a0abb] 13:25:20.834 [ReconcilerExecutor-hivemq-controller-116] INFO  c.h.p.o.HiveMQPlatformReconciler - [helmremo] Reconciling HiveMQ Platform 'test-hivemq-platform' in namespace 'helmremovenamespaceit'
2025-01-29 13:25:20,835 INFO c.h.h.t.HelmChartContainer - [hivemq-test-hivemq-platform] [hivemq-platform-operator] [f97a0abb] 13:25:20.834 [ReconcilerExecutor-hivemq-controller-116] DEBUG c.h.p.o.HiveMQPlatformReconciler - [helmremo] Custom Resource Status RUNNING - HiveMQ Platform is ready (READY)
2025-01-29 13:25:20,835 INFO c.h.h.t.HelmChartContainer - [hivemq-test-hivemq-platform] [hivemq-platform-operator] [f97a0abb] 13:25:20.834 [ReconcilerExecutor-hivemq-controller-116] DEBUG c.h.p.o.HiveMQPlatformReconciler - [helmremo] Custom Resource Spec (replicas: 1) (extensions: 1)
2025-01-29 13:25:20,836 INFO c.h.h.t.HelmChartContainer - [hivemq-test-hivemq-platform] [hivemq-platform-operator] [f97a0abb] 13:25:20.835 [ReconcilerExecutor-hivemq-controller-116] DEBUG c.h.p.o.HiveMQPlatformReconciler - [helmremo] StatefulSet Status (revision: test-hivemq-platform-bd687ff79, replicas: 1, available: 1, ready: 1, current: 1, updated: 1)
2025-01-29 13:25:20,836 INFO c.h.h.t.HelmChartContainer - [hivemq-test-hivemq-platform] [hivemq-platform-operator] [f97a0abb] 13:25:20.835 [ReconcilerExecutor-hivemq-controller-116] DEBUG c.h.p.o.HiveMQPlatformReconciler - [helmremo] StatefulSet Spec (replicas: 1, init containers: 1, containers: 1, volumes: 3)
2025-01-29 13:25:20,837 INFO c.h.h.t.HelmChartContainer - [hivemq-test-hivemq-platform] [hivemq-platform-operator] [f97a0abb] 13:25:20.837 [ReconcilerExecutor-hivemq-controller-116] DEBUG c.h.p.o.h.HiveMQPlatformReconcilerErrorHandler - [helmremo] Pod 'test-hivemq-platform-0' phase Running
2025-01-29 13:25:20,925 INFO c.h.h.t.HelmChartContainer - [hivemq-test-hivemq-platform] [hivemq-platform-operator] [f97a0abb] 13:25:20.924 [ReconcilerExecutor-hivemq-controller-117] INFO  c.h.p.o.HiveMQPlatformReconciler - [helmremo] Cleanup test-hivemq-platform - helmremovenamespaceit HiveMQ Platform is shut down
2025-01-29 13:25:20,958 INFO c.h.h.t.HelmChartContainer - [K3S] [stateful_set.go:466] "StatefulSet has been deleted" key="helmremovenamespaceit/test-hivemq-platform"
2025-01-29 13:25:20,977 INFO c.h.h.t.HelmChartContainer - [POD] test-hivemq-platform-0 [321e5642-25d7-4475-aa43-405d7bf7461c] in helmremovenamespaceit was MODIFIED
2025-01-29 13:25:20,996 INFO c.h.h.t.HelmChartContainer - [test-hivemq-platform] [hivemq] [321e5642] INFO  - [HiveMQ Platform Operator Init App 1.7.0-SNAPSHOT] Shutting down
2025-01-29 13:25:20,996 INFO c.h.h.t.HelmChartContainer - [test-hivemq-platform] [hivemq] [321e5642] INFO  - [HiveMQ Platform Operator Init App 1.7.0-SNAPSHOT] Stopping the HiveMQ Platform
2025-01-29 13:25:21,203 INFO c.h.h.t.HelmChartContainer - [test-hivemq-platform] [hivemq] [321e5642] WARN  - [HiveMQ Platform Operator Init App 1.7.0-SNAPSHOT] Could not update Pod annotations: Failure executing: GET at: https://10.43.0.1:443/api/v1/namespaces/helmremovenamespaceit/pods/test-hivemq-platform-0. Message: pods "test-hivemq-platform-0" is forbidden: User "system:serviceaccount:helmremovenamespaceit:hivemq-platform-pod-test-hivemq-platform" cannot get resource "pods" in API group "" in the namespace "helmremovenamespaceit". Received status: Status(apiVersion=v1, code=403, details=StatusDetails(causes=[], group=null, kind=pods, name=test-hivemq-platform-0, retryAfterSeconds=null, uid=null, additionalProperties={}), kind=Status, message=pods "test-hivemq-platform-0" is forbidden: User "system:serviceaccount:helmremovenamespaceit:hivemq-platform-pod-test-hivemq-platform" cannot get resource "pods" in API group "" in the namespace "helmremovenamespaceit", metadata=ListMeta(_continue=null, remainingItemCount=null, resourceVersion=null, selfLink=null, additionalProperties={}), reason=Forbidden, status=Failure, additionalProperties={}).
2025-01-29 13:25:21,204 INFO c.h.h.t.HelmChartContainer - [test-hivemq-platform] [hivemq] [321e5642] INFO  - Shutting down HiveMQ. Please wait, this could take a while...
2025-01-29 13:25:21,293 INFO c.h.h.t.HelmChartContainer - [test-hivemq-platform] [hivemq] [321e5642] INFO  - Shutting down listeners and clients
2025-01-29 13:25:21,295 INFO c.h.h.t.HelmChartContainer - [test-hivemq-platform] [hivemq] [321e5642] INFO  - Shutdown of listeners is done
2025-01-29 13:25:21,296 INFO c.h.h.t.HelmChartContainer - [test-hivemq-platform] [hivemq] [321e5642] INFO  - No clients are connected, proceeding with shutdown
2025-01-29 13:25:23,824 INFO c.h.h.t.HelmChartContainer - [test-hivemq-platform] [hivemq] [321e5642] INFO  - Shutting down extension system
2025-01-29 13:25:23,826 INFO c.h.h.t.HelmChartContainer - [test-hivemq-platform] [hivemq] [321e5642] INFO  - Stopping extension with id hivemq-dns-cluster-discovery
2025-01-29 13:25:23,827 INFO c.h.h.t.HelmChartContainer - [test-hivemq-platform] [hivemq] [321e5642] INFO  - Extension "DNS Cluster Discovery Extension" version 4.3.2 stopped successfully.
2025-01-29 13:25:23,827 INFO c.h.h.t.HelmChartContainer - [test-hivemq-platform] [hivemq] [321e5642] INFO  - Stopping extension with id hivemq-prometheus-extension
2025-01-29 13:25:23,832 INFO c.h.h.t.HelmChartContainer - [test-hivemq-platform] [hivemq] [321e5642] INFO  - Extension "Prometheus Monitoring Extension" version 4.0.12 stopped successfully.
2025-01-29 13:25:23,832 INFO c.h.h.t.HelmChartContainer - [test-hivemq-platform] [hivemq] [321e5642] INFO  - Stopping extension with id hivemq-allow-all-extension
2025-01-29 13:25:23,832 INFO c.h.h.t.HelmChartContainer - [test-hivemq-platform] [hivemq] [321e5642] INFO  - Extension "Allow All Extension" version 1.1.1 stopped successfully.
2025-01-29 13:25:25,537 INFO c.h.h.t.HelmChartContainer - [test-hivemq-platform] [hivemq] [321e5642] INFO  - [HiveMQ Platform Operator Init App 1.7.0-SNAPSHOT] Returning shutdown Health API response 503 for readiness
2025-01-29 13:25:25,541 INFO c.h.h.t.HelmChartContainer - [EVENT] Warning [Unhealthy] Readiness probe failed: HTTP probe failed with statuscode: 503 [helmremovenamespaceit:test-hivemq-platform-0]
2025-01-29 13:25:25,541 INFO c.h.h.t.HelmChartContainer - Received Unhealthy event for container hivemq in pod test-hivemq-platform-0 [321e5642-25d7-4475-aa43-405d7bf7461c]
2025-01-29 13:25:26,196 INFO c.h.h.t.HelmChartContainer - [test-hivemq-platform] [hivemq] [321e5642] INFO  - Shutdown completed.
2025-01-29 13:25:26,198 INFO c.h.h.t.HelmChartContainer - [K3S] [authentication.go:74] "Unable to authenticate the request" err="[invalid bearer token, serviceaccounts \"hivemq-platform-pod-test-hivemq-platform\" not found]"
2025-01-29 13:25:26,224 INFO c.h.h.t.HelmChartContainer - [K3S] [authentication.go:74] "Unable to authenticate the request" err="[invalid bearer token, serviceaccounts \"hivemq-platform-pod-test-hivemq-platform\" not found]"
2025-01-29 13:25:26,294 INFO c.h.h.t.HelmChartContainer - [test-hivemq-platform] [hivemq] [321e5642] WARN  - [HiveMQ Platform Operator Init App 1.7.0-SNAPSHOT] Could not update Pod annotations: Failure executing: GET at: https://10.43.0.1:443/api/v1/namespaces/helmremovenamespaceit/pods/test-hivemq-platform-0. Message: Unauthorized. Received status: Status(apiVersion=v1, code=401, details=null, kind=Status, message=Unauthorized, metadata=ListMeta(_continue=null, remainingItemCount=null, resourceVersion=null, selfLink=null, additionalProperties={}), reason=Unauthorized, status=Failure, additionalProperties={}).
2025-01-29 13:25:26,554 INFO c.h.h.t.HelmChartContainer - [test-hivemq-platform] [hivemq] [321e5642] INFO  - [HiveMQ Platform Operator Init App 1.7.0-SNAPSHOT] The HiveMQ Platform exited with code 143
2025-01-29 13:25:26,555 INFO c.h.h.t.HelmChartContainer - [test-hivemq-platform] [hivemq] [321e5642] INFO  - [HiveMQ Platform Operator Init App 1.7.0-SNAPSHOT] Stopping the REST API
2025-01-29 13:25:26,559 INFO c.h.h.t.HelmChartContainer - [test-hivemq-platform] [hivemq] [321e5642] INFO  - [HiveMQ Platform Operator Init App 1.7.0-SNAPSHOT] Shutdown complete
2025-01-29 13:25:27,005 INFO c.h.h.t.HelmChartContainer - [POD] test-hivemq-platform-0 [321e5642-25d7-4475-aa43-405d7bf7461c] in helmremovenamespaceit was MODIFIED
2025-01-29 13:25:27,088 INFO c.h.h.t.HelmChartContainer - [K3S] [reconciler_common.go:162] "operationExecutor.UnmountVolume started for volume \"pod-info\" (UniqueName: \"kubernetes.io/configmap/321e5642-25d7-4475-aa43-405d7bf7461c-pod-info\") pod \"321e5642-25d7-4475-aa43-405d7bf7461c\" (UID: \"321e5642-25d7-4475-aa43-405d7bf7461c\") "
2025-01-29 13:25:27,088 INFO c.h.h.t.HelmChartContainer - [K3S] [reconciler_common.go:162] "operationExecutor.UnmountVolume started for volume \"kube-api-access-24sgc\" (UniqueName: \"kubernetes.io/projected/321e5642-25d7-4475-aa43-405d7bf7461c-kube-api-access-24sgc\") pod \"321e5642-25d7-4475-aa43-405d7bf7461c\" (UID: \"321e5642-25d7-4475-aa43-405d7bf7461c\") "
2025-01-29 13:25:27,088 INFO c.h.h.t.HelmChartContainer - [K3S] [reconciler_common.go:162] "operationExecutor.UnmountVolume started for volume \"broker-configuration\" (UniqueName: \"kubernetes.io/configmap/321e5642-25d7-4475-aa43-405d7bf7461c-broker-configuration\") pod \"321e5642-25d7-4475-aa43-405d7bf7461c\" (UID: \"321e5642-25d7-4475-aa43-405d7bf7461c\") "
2025-01-29 13:25:27,088 INFO c.h.h.t.HelmChartContainer - [K3S] [reconciler_common.go:162] "operationExecutor.UnmountVolume started for volume \"operator-init\" (UniqueName: \"kubernetes.io/empty-dir/321e5642-25d7-4475-aa43-405d7bf7461c-operator-init\") pod \"321e5642-25d7-4475-aa43-405d7bf7461c\" (UID: \"321e5642-25d7-4475-aa43-405d7bf7461c\") "
2025-01-29 13:25:27,188 INFO c.h.h.t.HelmChartContainer - [K3S] [reconciler_common.go:299] "Volume detached for volume \"pod-info\" (UniqueName: \"kubernetes.io/configmap/321e5642-25d7-4475-aa43-405d7bf7461c-pod-info\") on node \"f70f541c494d\" DevicePath \"\""
2025-01-29 13:25:27,188 INFO c.h.h.t.HelmChartContainer - [K3S] [reconciler_common.go:299] "Volume detached for volume \"kube-api-access-24sgc\" (UniqueName: \"kubernetes.io/projected/321e5642-25d7-4475-aa43-405d7bf7461c-kube-api-access-24sgc\") on node \"f70f541c494d\" DevicePath \"\""
2025-01-29 13:25:27,188 INFO c.h.h.t.HelmChartContainer - [K3S] [reconciler_common.go:299] "Volume detached for volume \"broker-configuration\" (UniqueName: \"kubernetes.io/configmap/321e5642-25d7-4475-aa43-405d7bf7461c-broker-configuration\") on node \"f70f541c494d\" DevicePath \"\""
2025-01-29 13:25:27,188 INFO c.h.h.t.HelmChartContainer - [K3S] [reconciler_common.go:299] "Volume detached for volume \"operator-init\" (UniqueName: \"kubernetes.io/empty-dir/321e5642-25d7-4475-aa43-405d7bf7461c-operator-init\") on node \"f70f541c494d\" DevicePath \"\""
2025-01-29 13:25:27,560 INFO c.h.h.t.HelmChartContainer - Stopped log watcher for hivemq in pod test-hivemq-platform-0 [321e5642-25d7-4475-aa43-405d7bf7461c]
2025-01-29 13:25:27,883 INFO c.h.h.t.HelmChartContainer - [K3S] [scope.go:117] "RemoveContainer" containerID="375f94735a4340e54ff509fd7480c74eed7be9d2b9aafdc819879c68a965ee8b"
2025-01-29 13:25:27,899 INFO c.h.h.t.HelmChartContainer - [POD] test-hivemq-platform-0 [321e5642-25d7-4475-aa43-405d7bf7461c] in helmremovenamespaceit was MODIFIED
2025-01-29 13:25:27,914 INFO c.h.h.t.HelmChartContainer - [POD] test-hivemq-platform-0 [321e5642-25d7-4475-aa43-405d7bf7461c] in helmremovenamespaceit was DELETED
2025-01-29 13:25:27,987 INFO c.h.h.t.HelmChartContainer - [K3S] [scope.go:117] "RemoveContainer" containerID="4936e1a73c6779e221858043f1e784bd799e94035e2b2f3603f2a604a399621f"
2025-01-29 13:25:27,991 INFO c.h.h.t.HelmChartContainer - [K3S] [scope.go:117] "RemoveContainer" containerID="375f94735a4340e54ff509fd7480c74eed7be9d2b9aafdc819879c68a965ee8b"
2025-01-29 13:25:27,991 INFO c.h.h.t.HelmChartContainer - [K3S] [scope.go:117] "RemoveContainer" containerID="4936e1a73c6779e221858043f1e784bd799e94035e2b2f3603f2a604a399621f"
2025-01-29 13:25:29,237 INFO c.h.h.t.HelmChartContainer - [K3S] [kubelet_volumes.go:163] "Cleaned up orphaned pod volumes dir" podUID="321e5642-25d7-4475-aa43-405d7bf7461c" path="/var/lib/kubelet/pods/321e5642-25d7-4475-aa43-405d7bf7461c/volumes"
2025-01-29 13:25:32,762 INFO c.h.h.t.HelmChartContainer - Uninstalling release 'test-hivemq-platform-operator' in namespace 'helmremovenamespaceit-operator'...
2025-01-29 13:25:32,762 DEBUG c.h.h.t.HelmChartContainer - Executing helm command: /bin/helm --kubeconfig /etc/rancher/k3s/k3s.yaml uninstall test-hivemq-platform-operator  --wait --timeout 5m0s --cascade foreground --namespace helmremovenamespaceit-operator
2025-01-29 13:25:32,921 INFO c.h.h.t.HelmChartContainer - [K3S] [replica_set.go:679] "Finished syncing" kind="ReplicaSet" key="helmremovenamespaceit-operator/hivemq-test-hivemq-platform-operator-6966f96d65" duration="10.376619ms"
2025-01-29 13:25:32,921 INFO c.h.h.t.HelmChartContainer - [K3S] [replica_set.go:679] "Finished syncing" kind="ReplicaSet" key="helmremovenamespaceit-operator/hivemq-test-hivemq-platform-operator-6966f96d65" duration="63.79µs"
2025-01-29 13:25:32,939 INFO c.h.h.t.HelmChartContainer - [POD] hivemq-test-hivemq-platform-operator-6966f96d65-8lzb8 [f97a0abb-7d9f-466b-8b61-b7a1f81de5f4] in helmremovenamespaceit-operator was MODIFIED
2025-01-29 13:25:32,948 INFO c.h.h.t.HelmChartContainer - [EVENT] Normal [Killing] Stopping container hivemq-platform-operator [helmremovenamespaceit-operator:hivemq-test-hivemq-platform-operator-6966f96d65-8lzb8]
2025-01-29 13:25:32,948 INFO c.h.h.t.HelmChartContainer - Received Killing event for container hivemq-platform-operator in pod hivemq-test-hivemq-platform-operator-6966f96d65-8lzb8 [f97a0abb-7d9f-466b-8b61-b7a1f81de5f4]
2025-01-29 13:25:32,948 INFO c.h.h.t.HelmChartContainer - Container [hivemq-test-hivemq-platform-operator-6966f96d65-8lzb8] [hivemq-platform-operator] [f97a0abb-7d9f-466b-8b61-b7a1f81de5f4] was terminated
2025-01-29 13:25:32,948 INFO c.h.h.t.HelmChartContainer - Stopped log watcher for hivemq-platform-operator in pod hivemq-test-hivemq-platform-operator-6966f96d65-8lzb8 [f97a0abb-7d9f-466b-8b61-b7a1f81de5f4]
2025-01-29 13:25:32,949 INFO c.h.h.t.HelmChartContainer - [hivemq-test-hivemq-platform] [hivemq-platform-operator] [f97a0abb] 13:25:32.946 [application-shutdown-thread] INFO  c.h.p.o.HiveMQPlatformOperatorApplication - HiveMQ Platform Operator is stopping...
2025-01-29 13:25:32,949 INFO c.h.h.t.HelmChartContainer - [hivemq-test-hivemq-platform] [hivemq-platform-operator] [f97a0abb] 13:25:32.946 [application-shutdown-thread] INFO  i.javaoperatorsdk.operator.Operator - Operator SDK 4.9.7 is shutting down...
2025-01-29 13:25:32,950 INFO c.h.h.t.HelmChartContainer - [K3S] [replica_set.go:679] "Finished syncing" kind="ReplicaSet" key="helmremovenamespaceit-operator/hivemq-test-hivemq-platform-operator-6966f96d65" duration="6.607642ms"
2025-01-29 13:25:32,951 INFO c.h.h.t.HelmChartContainer - [K3S] [replica_set.go:679] "Finished syncing" kind="ReplicaSet" key="helmremovenamespaceit-operator/hivemq-test-hivemq-platform-operator-6966f96d65" duration="41.978µs"
2025-01-29 13:25:33,467 INFO c.h.h.t.HelmChartContainer - [K3S] [replica_set.go:679] "Finished syncing" kind="ReplicaSet" key="helmremovenamespaceit-operator/hivemq-test-hivemq-platform-operator-6966f96d65" duration="45.004µs"
2025-01-29 13:25:33,467 INFO c.h.h.t.HelmChartContainer - [POD] hivemq-test-hivemq-platform-operator-6966f96d65-8lzb8 [f97a0abb-7d9f-466b-8b61-b7a1f81de5f4] in helmremovenamespaceit-operator was MODIFIED
2025-01-29 13:25:33,528 INFO c.h.h.t.HelmChartContainer - [K3S] [reconciler_common.go:162] "operationExecutor.UnmountVolume started for volume \"kube-api-access-n5flh\" (UniqueName: \"kubernetes.io/projected/f97a0abb-7d9f-466b-8b61-b7a1f81de5f4-kube-api-access-n5flh\") pod \"f97a0abb-7d9f-466b-8b61-b7a1f81de5f4\" (UID: \"f97a0abb-7d9f-466b-8b61-b7a1f81de5f4\") "
2025-01-29 13:25:33,629 INFO c.h.h.t.HelmChartContainer - [K3S] [reconciler_common.go:299] "Volume detached for volume \"kube-api-access-n5flh\" (UniqueName: \"kubernetes.io/projected/f97a0abb-7d9f-466b-8b61-b7a1f81de5f4-kube-api-access-n5flh\") on node \"f70f541c494d\" DevicePath \"\""
2025-01-29 13:25:33,891 INFO c.h.h.t.HelmChartContainer - [K3S] [scope.go:117] "RemoveContainer" containerID="6df36196668f2e0a92453144c6882059313978f78e4e251f8a76b0a262a5e1e8"
2025-01-29 13:25:33,895 INFO c.h.h.t.HelmChartContainer - [K3S] [scope.go:117] "RemoveContainer" containerID="6df36196668f2e0a92453144c6882059313978f78e4e251f8a76b0a262a5e1e8"
2025-01-29 13:25:33,903 INFO c.h.h.t.HelmChartContainer - [K3S] [replica_set.go:679] "Finished syncing" kind="ReplicaSet" key="helmremovenamespaceit-operator/hivemq-test-hivemq-platform-operator-6966f96d65" duration="40.115µs"
2025-01-29 13:25:33,903 INFO c.h.h.t.HelmChartContainer - [POD] hivemq-test-hivemq-platform-operator-6966f96d65-8lzb8 [f97a0abb-7d9f-466b-8b61-b7a1f81de5f4] in helmremovenamespaceit-operator was MODIFIED
2025-01-29 13:25:33,905 INFO c.h.h.t.HelmChartContainer - [K3S] [replica_set.go:679] "Finished syncing" kind="ReplicaSet" key="helmremovenamespaceit-operator/hivemq-test-hivemq-platform-operator-6966f96d65" duration="25.467µs"
2025-01-29 13:25:33,906 INFO c.h.h.t.HelmChartContainer - [POD] hivemq-test-hivemq-platform-operator-6966f96d65-8lzb8 [f97a0abb-7d9f-466b-8b61-b7a1f81de5f4] in helmremovenamespaceit-operator was DELETED
2025-01-29 13:25:33,915 INFO c.h.h.t.HelmChartContainer - [K3S] [replica_set.go:679] "Finished syncing" kind="ReplicaSet" key="helmremovenamespaceit-operator/hivemq-test-hivemq-platform-operator-6966f96d65" duration="6.152µs"
2025-01-29 13:25:34,959 INFO c.h.h.t.HelmChartContainer - Deleting namespace 'helmremovenamespaceit-operator'...
2025-01-29 13:25:35,237 INFO c.h.h.t.HelmChartContainer - [K3S] [kubelet_volumes.go:163] "Cleaned up orphaned pod volumes dir" podUID="f97a0abb-7d9f-466b-8b61-b7a1f81de5f4" path="/var/lib/kubelet/pods/f97a0abb-7d9f-466b-8b61-b7a1f81de5f4/volumes"
2025-01-29 13:25:36,011 INFO c.h.h.t.HelmChartContainer - [K3S] [namespace_controller.go:187] "Namespace has been deleted" namespace="helmremovenamespaceit"
2025-01-29 13:25:40,173 INFO c.h.h.t.HelmChartContainer - Namespace 'helmremovenamespaceit-operator' deleted
2025-01-29 13:25:40,173 INFO c.h.h.t.HelmChartContainer - Release 'test-hivemq-platform-operator' in namespace 'helmremovenamespaceit-operator' is uninstalled
2025-01-29 13:25:40,892 INFO c.h.helmcharts.AbstractHelmChartIT - Removed unused containers:

2025-01-29 13:25:45,082 INFO c.h.h.t.HelmChartContainer - [K3S] [namespace_controller.go:187] "Namespace has been deleted" namespace="helmremovenamespaceit-operator"
2025-01-29 13:25:48,507 INFO c.h.helmcharts.AbstractHelmChartIT - Removed unused snapshots:
Removing snapshot sha256:03af251906410714c5aef9fa705b63f6bbc39c4a5e787de7361eeb18886c2ed2
Removing snapshot sha256:0c46b3b43cce082ce5ec34ffc6c294e0417d17b9d1e6f366d114b6aadc4f96dc
Removing snapshot sha256:0ce761beee59082d6ed5bcebd3a805b8ddd9b3426b617e4809e7fb7c6587ffec
Removing snapshot sha256:0df91287303208332c8ff6ba40ae4710105201739addbfbddfb955f1ad593664
Removing snapshot sha256:1021ef88c7974bfff89c5a0ec4fd3160daac6c48a075f74cff721f85dd104e68
Removing snapshot sha256:10aba4953ddc18145dd38e3704709bc464aa20af60b56fe52caaff4b68411e62
Removing snapshot sha256:2573e0d8158209ed54ab25c87bcdcb00bd3d2539246960a3d592a1c599d70465
Removing snapshot sha256:362a8a37f8bbc31925a8146adcf7cf51f9882f5c1dcbef67c5baa03a297543c0
Removing snapshot sha256:3fa4ad33f0ddc8fd45b39b6b4640f82a3a83619606cd975bfe89d8710ad2d4cd
Removing snapshot sha256:43a7c979bbaba6838bc3102d6b10a1459f3ab050b87ccdfef84ef90cf43d3058
Removing snapshot sha256:4ab04491cdf0d3267f08206fe30bd48f49f94b9cab2f016d6739220f722a64af
Removing snapshot sha256:4b6068250e89c96f263060261819c7d912855bfbd64b3eb4c4a8483299b8c295
Removing snapshot sha256:580e69a0a8034ede1921139bbd2bfb72a69ebf276d008281896c32dd8bf74775
Removing snapshot sha256:5d30ba46b27fe37484567ccc5242cadc78217b8da605f3f195ef25cbf7487904
Removing snapshot sha256:63ca1fbb43ae5034640e5e6cb3e083e05c290072c5366fcaa9d62435a4cced85
Removing snapshot sha256:67f702c6baae873bceb19487c8b1f27bd2b86077e4f2f0e480e6d60ab508b8f5
Removing snapshot sha256:6864348dd42806d552efdec384f1274be15e2d0c10ce44c1f04347af004c10a9
Removing snapshot sha256:6c7dee8f2c39b84b7dc2711c01d33de93514d9055499173e9290176fbe484b6c
Removing snapshot sha256:7f5ab381f84897f70dd145e19205664bfd93292b705bc5d153df727fad0310ae
Removing snapshot sha256:82753493a6d61ded36556292f02f31841a14c20d2f279f19eaad65afb661d5cd
Removing snapshot sha256:8a10d3db42c505ee0fcfa98417bdd7e39b304f6bcc0a06bb1b220797ff2cc63c
Removing snapshot sha256:8e4d93472000567cafc2ba510dd2365167b3a7715eca8662d761b50635a42071
Removing snapshot sha256:a21e5b12dbac529ad45d976eb9ce45c881f3bedcc500fb30aba1e52aa1813418
Removing snapshot sha256:b921e6c28969094157f9b8e7244677780319637afd14450b7cb6b2fdea558a0c
Removing snapshot sha256:bc27ecb5769a00e309cf99ebc763c4a4b958b618d1decc96ffac5bc05f02f5b7
Removing snapshot sha256:be3ccb6627a5332e309d45ef461d09b4879dd870c7394d89323d0ebc6ca6aa8a
Removing snapshot sha256:c261f7cbbc64211ee175ee47273acdb7b1a36a4450b397a064a8f2c026490095
Removing snapshot sha256:c34d9393647eea0c9e3557ab988efaf59f61d10a2a5613b439ef0958cca5ec10
Removing snapshot sha256:ccf3c4a0fa967a41c1c83497a2ce6fa5787965859df0adb32c4ca2cf7490bc2b
Removing snapshot sha256:cf92d33f869417309692088c341cd0f223c178ea78a125f757317b22aa8f90e9
Removing snapshot sha256:d0037344cf2fb078884f1849f6a1f8cf9a33a3b6139b6a85833e5ee528e1f9a8
Removing snapshot sha256:d3b36d5b79273b1e98e7700470eaeff05a882e777124d84cebcc1505b85ecb36
Removing snapshot sha256:d65a44a37914602d12c611e5e22a50f11451d847e63015cc1c2aef92dee777a4
Removing snapshot sha256:e2dc0bae2455930f23ae570e019b7f32edc75c0f2d71cab084db837ff9051796
Removing snapshot sha256:eccbd24a99c60cd9e86ee5305dbfc4a4dc89f5ab4fb1f06c8d64797cecedef34
Removing snapshot sha256:f144bb4c7c7f0d2aa7eeffd36d934ec40db1ee167be727e326aad9fdc616f475

]]></system-out>
  </testcase>
  <system-out><![CDATA[2025-01-29 13:24:10,837 INFO c.h.h.t.HelmChartContainerExtension - Using cached HelmChartContainer instance
]]></system-out>
  <system-err><![CDATA[]]></system-err>
</testsuite>
