<?xml version="1.0" encoding="UTF-8"?>
<testsuite name="com.hivemq.helmcharts.services.HelmControlCenterIT" tests="5" skipped="0" failures="0" errors="0" timestamp="2025-06-11T17:14:40" hostname="fv-az1068-178" time="477.38">
  <properties/>
  <testcase name="platformChart_withCustomServiceName_thenAbleToLogin()" classname="com.hivemq.helmcharts.services.HelmControlCenterIT" time="95.314"/>
  <testcase name="platformChart_whenTlsEnabledWithDifferentPrivateKey_thenAbleToLogin()" classname="com.hivemq.helmcharts.services.HelmControlCenterIT" time="114.087"/>
  <testcase name="platformChart_whenTlsEnabled_thenAbleToLogin()" classname="com.hivemq.helmcharts.services.HelmControlCenterIT" time="93.616"/>
  <testcase name="platformChart_whenControlCenterEnabled_thenAbleToLogin()" classname="com.hivemq.helmcharts.services.HelmControlCenterIT" time="90.409"/>
  <testcase name="platformChart_whenOverrideControlCenter_thenAbleToLogin()" classname="com.hivemq.helmcharts.services.HelmControlCenterIT" time="83.953"/>
</testsuite>
