<?xml version="1.0" encoding="UTF-8"?>
<testsuite name="com.hivemq.helmcharts.containers.HelmInitContainerIT" tests="2" skipped="0" failures="0" errors="0" timestamp="2025-02-21T14:39:37" hostname="fv-az2027-338" time="213.872">
  <properties/>
  <testcase name="whenAdditionalInitContainer_withConsulTemplate_thenLicenseUpdated()" classname="com.hivemq.helmcharts.containers.HelmInitContainerIT" time="105.932"/>
  <testcase name="withOverrideInitContainer_hivemqRunningWithVolumeMounts()" classname="com.hivemq.helmcharts.containers.HelmInitContainerIT" time="107.939"/>
</testsuite>
