<?xml version="1.0" encoding="UTF-8"?>
<testsuite name="com.hivemq.helmcharts.services.HelmMqttIT" tests="5" skipped="0" failures="0" errors="0" timestamp="2025-10-10T15:23:15" hostname="runnervmwhb2z" time="442.121">
  <properties/>
  <testcase name="platformChart_withCustomServiceName_thenSendsReceivesMessage()" classname="com.hivemq.helmcharts.services.HelmMqttIT" time="88.73"/>
  <testcase name="platformChart_whenMqttNodePortEnabled_thenSendsReceivesMessage()" classname="com.hivemq.helmcharts.services.HelmMqttIT" time="86.851"/>
  <testcase name="platformChart_whenMqttLoadBalancerEnabled_thenSendsReceivesMessage()" classname="com.hivemq.helmcharts.services.HelmMqttIT" time="90.148"/>
  <testcase name="platformChart_whenMqttAnnotationsEnabled_thenAnnotationsExist()" classname="com.hivemq.helmcharts.services.HelmMqttIT" time="89.639"/>
  <testcase name="platformChart_whenMqttEnabled_thenSendsReceivesMessage()" classname="com.hivemq.helmcharts.services.HelmMqttIT" time="86.752"/>
</testsuite>
