<?xml version="1.0" encoding="UTF-8"?>
<testsuite name="com.hivemq.helmcharts.EseExtensionInstallationIT" tests="1" skipped="0" failures="0" errors="0" timestamp="2025-01-30T18:41:15" hostname="fv-az807-116" time="193.075">
  <properties/>
  <testcase name="withExtensionConfiguration_hivemqRunning()" classname="com.hivemq.helmcharts.EseExtensionInstallationIT" time="193.075">
    <system-out><![CDATA[2025-01-30 18:41:15,023 INFO t.localhost/testcontainers/ooxqrt2xteegfy5c:latest - Creating container for image: localhost/testcontainers/ooxqrt2xteegfy5c:latest
2025-01-30 18:41:15,026 INFO tc.alpine:3.17 - Pulling docker image: alpine:3.17. Please be patient; this may take some time but only needs to be done once.
2025-01-30 18:41:15,223 INFO tc.alpine:3.17 - Starting to pull image
2025-01-30 18:41:15,224 INFO tc.alpine:3.17 - Pulling image layers:  0 pending,  0 downloaded,  0 extracted, (0 bytes/0 bytes)
2025-01-30 18:41:15,352 INFO tc.alpine:3.17 - Pulling image layers:  0 pending,  1 downloaded,  0 extracted, (3 MB/3 MB)
2025-01-30 18:41:15,451 INFO tc.alpine:3.17 - Pulling image layers:  0 pending,  1 downloaded,  1 extracted, (3 MB/3 MB)
2025-01-30 18:41:15,459 INFO tc.alpine:3.17 - Image alpine:3.17 pull took PT0.433799216S
2025-01-30 18:41:15,842 INFO t.localhost/testcontainers/ooxqrt2xteegfy5c:latest - Container localhost/testcontainers/ooxqrt2xteegfy5c:latest is starting: f9fcd521f1d0014e98aafbac23916882166cac217a33d9c4bbda215cf8237c63
2025-01-30 18:41:16,207 INFO c.h.h.t.OperatorHelmChartContainer - [K3S] [INFO] Starting k3s v1.32.1+k3s1 (6a322f12)
2025-01-30 18:41:16,211 INFO c.h.h.t.OperatorHelmChartContainer - [K3S] [INFO] Configuring sqlite3 database connection pooling: maxIdleConns=2, maxOpenConns=0, connMaxLifetime=0s
2025-01-30 18:41:16,211 INFO c.h.h.t.OperatorHelmChartContainer - [K3S] [INFO] Configuring database table schema and indexes, this may take a moment...
2025-01-30 18:41:16,216 INFO c.h.h.t.OperatorHelmChartContainer - [K3S] [INFO] Database tables and indexes are up to date
2025-01-30 18:41:16,219 INFO c.h.h.t.OperatorHelmChartContainer - [K3S] [INFO] Kine available at unix://kine.sock
2025-01-30 18:41:16,503 INFO c.h.h.t.OperatorHelmChartContainer - [K3S] [INFO] Saving cluster bootstrap data to datastore
2025-01-30 18:41:16,504 INFO c.h.h.t.OperatorHelmChartContainer - [K3S] [WARNING] dynamiclistener [::]:6443: no cached certificate available for preload - deferring certificate load until storage initialization or first client request
2025-01-30 18:41:16,504 INFO c.h.h.t.OperatorHelmChartContainer - [K3S] [INFO] Active TLS secret / (ver=) (count 10): map[listener.cattle.io/cn-10.43.0.1:10.43.0.1 listener.cattle.io/cn-127.0.0.1:127.0.0.1 listener.cattle.io/cn-172.17.0.3:172.17.0.3 listener.cattle.io/cn-__1-f16284:::1 listener.cattle.io/cn-f9fcd521f1d0:f9fcd521f1d0 listener.cattle.io/cn-kubernetes:kubernetes listener.cattle.io/cn-kubernetes.default:kubernetes.default listener.cattle.io/cn-kubernetes.default.svc:kubernetes.default.svc listener.cattle.io/cn-kubernetes.default.svc.cluster.local:kubernetes.default.svc.cluster.local listener.cattle.io/cn-localhost:localhost listener.cattle.io/fingerprint:SHA1=3BCB7408EDDE19832BE6F9813C014B13431D9881]
2025-01-30 18:41:16,672 INFO c.h.h.t.OperatorHelmChartContainer - [K3S] [INFO] Running kube-apiserver --advertise-port=6443 --allow-privileged=true --anonymous-auth=false --api-audiences=https://kubernetes.default.svc.cluster.local,k3s --authorization-mode=Node,RBAC --bind-address=127.0.0.1 --cert-dir=/var/lib/rancher/k3s/server/tls/temporary-certs --client-ca-file=/var/lib/rancher/k3s/server/tls/client-ca.crt --egress-selector-config-file=/var/lib/rancher/k3s/server/etc/egress-selector-config.yaml --enable-admission-plugins=NodeRestriction --enable-aggregator-routing=true --enable-bootstrap-token-auth=true --etcd-servers=unix://kine.sock --kubelet-certificate-authority=/var/lib/rancher/k3s/server/tls/server-ca.crt --kubelet-client-certificate=/var/lib/rancher/k3s/server/tls/client-kube-apiserver.crt --kubelet-client-key=/var/lib/rancher/k3s/server/tls/client-kube-apiserver.key --kubelet-preferred-address-types=InternalIP,ExternalIP,Hostname --profiling=false --proxy-client-cert-file=/var/lib/rancher/k3s/server/tls/client-auth-proxy.crt --proxy-client-key-file=/var/lib/rancher/k3s/server/tls/client-auth-proxy.key --requestheader-allowed-names=system:auth-proxy --requestheader-client-ca-file=/var/lib/rancher/k3s/server/tls/request-header-ca.crt --requestheader-extra-headers-prefix=X-Remote-Extra- --requestheader-group-headers=X-Remote-Group --requestheader-username-headers=X-Remote-User --secure-port=6444 --service-account-issuer=https://kubernetes.default.svc.cluster.local --service-account-key-file=/var/lib/rancher/k3s/server/tls/service.key --service-account-signing-key-file=/var/lib/rancher/k3s/server/tls/service.current.key --service-cluster-ip-range=10.43.0.0/16 --service-node-port-range=30000-32767 --storage-backend=etcd3 --tls-cert-file=/var/lib/rancher/k3s/server/tls/serving-kube-apiserver.crt --tls-cipher-suites=TLS_ECDHE_ECDSA_WITH_AES_256_GCM_SHA384,TLS_ECDHE_RSA_WITH_AES_256_GCM_SHA384,TLS_ECDHE_ECDSA_WITH_AES_128_GCM_SHA256,TLS_ECDHE_RSA_WITH_AES_128_GCM_SHA256,TLS_ECDHE_ECDSA_WITH_CHACHA20_POLY1305,TLS_ECDHE_RSA_WITH_CHACHA20_POLY1305 --tls-private-key-file=/var/lib/rancher/k3s/server/tls/serving-kube-apiserver.key
2025-01-30 18:41:16,673 INFO c.h.h.t.OperatorHelmChartContainer - [K3S] [INFO] Running kube-scheduler --authentication-kubeconfig=/var/lib/rancher/k3s/server/cred/scheduler.kubeconfig --authorization-kubeconfig=/var/lib/rancher/k3s/server/cred/scheduler.kubeconfig --bind-address=127.0.0.1 --kubeconfig=/var/lib/rancher/k3s/server/cred/scheduler.kubeconfig --leader-elect=false --profiling=false --secure-port=10259
2025-01-30 18:41:16,674 INFO c.h.h.t.OperatorHelmChartContainer - [K3S] [registry.go:256] calling componentGlobalsRegistry.AddFlags more than once, the registry will be set by the latest flags
2025-01-30 18:41:16,674 INFO c.h.h.t.OperatorHelmChartContainer - [K3S] [INFO] Waiting for API server to become available
2025-01-30 18:41:16,675 INFO c.h.h.t.OperatorHelmChartContainer - [K3S] [INFO] Running kube-controller-manager --allocate-node-cidrs=true --authentication-kubeconfig=/var/lib/rancher/k3s/server/cred/controller.kubeconfig --authorization-kubeconfig=/var/lib/rancher/k3s/server/cred/controller.kubeconfig --bind-address=127.0.0.1 --cluster-cidr=10.42.0.0/16 --cluster-signing-kube-apiserver-client-cert-file=/var/lib/rancher/k3s/server/tls/client-ca.nochain.crt --cluster-signing-kube-apiserver-client-key-file=/var/lib/rancher/k3s/server/tls/client-ca.key --cluster-signing-kubelet-client-cert-file=/var/lib/rancher/k3s/server/tls/client-ca.nochain.crt --cluster-signing-kubelet-client-key-file=/var/lib/rancher/k3s/server/tls/client-ca.key --cluster-signing-kubelet-serving-cert-file=/var/lib/rancher/k3s/server/tls/server-ca.nochain.crt --cluster-signing-kubelet-serving-key-file=/var/lib/rancher/k3s/server/tls/server-ca.key --cluster-signing-legacy-unknown-cert-file=/var/lib/rancher/k3s/server/tls/server-ca.nochain.crt --cluster-signing-legacy-unknown-key-file=/var/lib/rancher/k3s/server/tls/server-ca.key --configure-cloud-routes=false --controllers=*,tokencleaner,-service,-route,-cloud-node-lifecycle --kubeconfig=/var/lib/rancher/k3s/server/cred/controller.kubeconfig --leader-elect=false --profiling=false --root-ca-file=/var/lib/rancher/k3s/server/tls/server-ca.crt --secure-port=10257 --service-account-private-key-file=/var/lib/rancher/k3s/server/tls/service.current.key --service-cluster-ip-range=10.43.0.0/16 --use-service-account-credentials=true
2025-01-30 18:41:16,675 INFO c.h.h.t.OperatorHelmChartContainer - [K3S] [options.go:299] unable to set WatchListClient feature gate, err: cannot override default for feature "WatchListClient": gates already added to a flag set
2025-01-30 18:41:16,675 INFO c.h.h.t.OperatorHelmChartContainer - [K3S] [registry.go:256] calling componentGlobalsRegistry.AddFlags more than once, the registry will be set by the latest flags
2025-01-30 18:41:16,676 INFO c.h.h.t.OperatorHelmChartContainer - [K3S] [INFO] Running cloud-controller-manager --allocate-node-cidrs=true --authentication-kubeconfig=/var/lib/rancher/k3s/server/cred/cloud-controller.kubeconfig --authorization-kubeconfig=/var/lib/rancher/k3s/server/cred/cloud-controller.kubeconfig --bind-address=127.0.0.1 --cloud-config=/var/lib/rancher/k3s/server/etc/cloud-config.yaml --cloud-provider=k3s --cluster-cidr=10.42.0.0/16 --configure-cloud-routes=false --controllers=*,-route --kubeconfig=/var/lib/rancher/k3s/server/cred/cloud-controller.kubeconfig --leader-elect=false --leader-elect-resource-name=k3s-cloud-controller-manager --node-status-update-frequency=1m0s --profiling=false
2025-01-30 18:41:16,677 INFO c.h.h.t.OperatorHelmChartContainer - [K3S] [registry.go:256] calling componentGlobalsRegistry.AddFlags more than once, the registry will be set by the latest flags
2025-01-30 18:41:16,677 INFO c.h.h.t.OperatorHelmChartContainer - [K3S] [INFO] Server node token is available at /var/lib/rancher/k3s/server/token
2025-01-30 18:41:16,678 INFO c.h.h.t.OperatorHelmChartContainer - [K3S] [INFO] To join server node to cluster: k3s server -s https://172.17.0.3:6443 -t ${SERVER_NODE_TOKEN}
2025-01-30 18:41:16,678 INFO c.h.h.t.OperatorHelmChartContainer - [K3S] [INFO] Agent node token is available at /var/lib/rancher/k3s/server/agent-token
2025-01-30 18:41:16,678 INFO c.h.h.t.OperatorHelmChartContainer - [K3S] [options.go:238] external host was not specified, using 172.17.0.3
2025-01-30 18:41:16,678 INFO c.h.h.t.OperatorHelmChartContainer - [K3S] [INFO] To join agent node to cluster: k3s agent -s https://172.17.0.3:6443 -t ${AGENT_NODE_TOKEN}
2025-01-30 18:41:16,678 INFO c.h.h.t.OperatorHelmChartContainer - [K3S] [INFO] Wrote kubeconfig /etc/rancher/k3s/k3s.yaml
2025-01-30 18:41:16,678 INFO c.h.h.t.OperatorHelmChartContainer - [K3S] [INFO] Run: k3s kubectl
2025-01-30 18:41:16,679 INFO c.h.h.t.OperatorHelmChartContainer - [K3S] [server.go:151] Version: v1.32.1+k3s1
2025-01-30 18:41:16,679 INFO c.h.h.t.OperatorHelmChartContainer - [K3S] [server.go:153] "Golang settings" GOGC="" GOMAXPROCS="" GOTRACEBACK=""
2025-01-30 18:41:17,019 INFO c.h.h.t.OperatorHelmChartContainer - [K3S] [plugins.go:157] Loaded 13 mutating admission controller(s) successfully in the following order: NamespaceLifecycle,LimitRanger,ServiceAccount,NodeRestriction,TaintNodesByCondition,Priority,DefaultTolerationSeconds,DefaultStorageClass,StorageObjectInUseProtection,RuntimeClass,DefaultIngressClass,MutatingAdmissionPolicy,MutatingAdmissionWebhook.
2025-01-30 18:41:17,019 INFO c.h.h.t.OperatorHelmChartContainer - [K3S] [plugins.go:160] Loaded 13 validating admission controller(s) successfully in the following order: LimitRanger,ServiceAccount,PodSecurity,Priority,PersistentVolumeClaimResize,RuntimeClass,CertificateApproval,CertificateSigning,ClusterTrustBundleAttest,CertificateSubjectRestriction,ValidatingAdmissionPolicy,ValidatingAdmissionWebhook,ResourceQuota.
2025-01-30 18:41:17,019 INFO c.h.h.t.OperatorHelmChartContainer - [K3S] [instance.go:233] Using reconciler: lease
2025-01-30 18:41:17,088 INFO c.h.h.t.OperatorHelmChartContainer - [K3S] [apis.go:106] API group "internal.apiserver.k8s.io" is not enabled, skipping.
2025-01-30 18:41:17,129 INFO c.h.h.t.OperatorHelmChartContainer - [K3S] [apis.go:106] API group "storagemigration.k8s.io" is not enabled, skipping.
2025-01-30 18:41:17,158 INFO c.h.h.t.OperatorHelmChartContainer - [K3S] [apis.go:106] API group "resource.k8s.io" is not enabled, skipping.
2025-01-30 18:41:17,361 INFO c.h.h.t.OperatorHelmChartContainer - [K3S] [INFO] Password verified locally for node f9fcd521f1d0
2025-01-30 18:41:17,526 INFO c.h.h.t.OperatorHelmChartContainer - [K3S] [secure_serving.go:213] Serving securely on 127.0.0.1:6444
2025-01-30 18:41:17,526 INFO c.h.h.t.OperatorHelmChartContainer - [K3S] [dynamic_cafile_content.go:161] "Starting controller" name="request-header::/var/lib/rancher/k3s/server/tls/request-header-ca.crt"
2025-01-30 18:41:17,527 INFO c.h.h.t.OperatorHelmChartContainer - [K3S] [dynamic_serving_content.go:135] "Starting controller" name="serving-cert::/var/lib/rancher/k3s/server/tls/serving-kube-apiserver.crt::/var/lib/rancher/k3s/server/tls/serving-kube-apiserver.key"
2025-01-30 18:41:17,527 INFO c.h.h.t.OperatorHelmChartContainer - [K3S] [tlsconfig.go:243] "Starting DynamicServingCertificateController"
2025-01-30 18:41:17,527 INFO c.h.h.t.OperatorHelmChartContainer - [K3S] [dynamic_serving_content.go:135] "Starting controller" name="aggregator-proxy-cert::/var/lib/rancher/k3s/server/tls/client-auth-proxy.crt::/var/lib/rancher/k3s/server/tls/client-auth-proxy.key"
2025-01-30 18:41:17,527 INFO c.h.h.t.OperatorHelmChartContainer - [K3S] [system_namespaces_controller.go:66] Starting system namespaces controller
2025-01-30 18:41:17,527 INFO c.h.h.t.OperatorHelmChartContainer - [K3S] [cluster_authentication_trust_controller.go:462] Starting cluster_authentication_trust_controller controller
2025-01-30 18:41:17,527 INFO c.h.h.t.OperatorHelmChartContainer - [K3S] [apf_controller.go:377] Starting API Priority and Fairness config controller
2025-01-30 18:41:17,527 INFO c.h.h.t.OperatorHelmChartContainer - [K3S] [remote_available_controller.go:411] Starting RemoteAvailability controller
2025-01-30 18:41:17,527 INFO c.h.h.t.OperatorHelmChartContainer - [K3S] [aggregator.go:169] waiting for initial CRD sync...
2025-01-30 18:41:17,528 INFO c.h.h.t.OperatorHelmChartContainer - [K3S] [controller.go:78] Starting OpenAPI AggregationController
2025-01-30 18:41:17,528 INFO c.h.h.t.OperatorHelmChartContainer - [K3S] [apiservice_controller.go:100] Starting APIServiceRegistrationController
2025-01-30 18:41:17,528 INFO c.h.h.t.OperatorHelmChartContainer - [K3S] [customresource_discovery_controller.go:292] Starting DiscoveryController
2025-01-30 18:41:17,528 INFO c.h.h.t.OperatorHelmChartContainer - [K3S] [gc_controller.go:78] Starting apiserver lease garbage collector
2025-01-30 18:41:17,528 INFO c.h.h.t.OperatorHelmChartContainer - [K3S] [controller.go:119] Starting legacy_token_tracking_controller
2025-01-30 18:41:17,528 INFO c.h.h.t.OperatorHelmChartContainer - [K3S] [controller.go:80] Starting OpenAPI V3 AggregationController
2025-01-30 18:41:17,528 INFO c.h.h.t.OperatorHelmChartContainer - [K3S] [local_available_controller.go:156] Starting LocalAvailability controller
2025-01-30 18:41:17,528 INFO c.h.h.t.OperatorHelmChartContainer - [K3S] [dynamic_cafile_content.go:161] "Starting controller" name="client-ca-bundle::/var/lib/rancher/k3s/server/tls/client-ca.crt"
2025-01-30 18:41:17,535 INFO c.h.h.t.OperatorHelmChartContainer - [K3S] [dynamic_cafile_content.go:161] "Starting controller" name="client-ca-bundle::/var/lib/rancher/k3s/server/tls/client-ca.crt"
2025-01-30 18:41:17,535 INFO c.h.h.t.OperatorHelmChartContainer - [K3S] [dynamic_cafile_content.go:161] "Starting controller" name="request-header::/var/lib/rancher/k3s/server/tls/request-header-ca.crt"
2025-01-30 18:41:17,538 INFO c.h.h.t.OperatorHelmChartContainer - [K3S] [crdregistration_controller.go:114] Starting crd-autoregister controller
2025-01-30 18:41:17,538 INFO c.h.h.t.OperatorHelmChartContainer - [K3S] [controller.go:142] Starting OpenAPI controller
2025-01-30 18:41:17,538 INFO c.h.h.t.OperatorHelmChartContainer - [K3S] [controller.go:90] Starting OpenAPI V3 controller
2025-01-30 18:41:17,538 INFO c.h.h.t.OperatorHelmChartContainer - [K3S] [naming_controller.go:294] Starting NamingConditionController
2025-01-30 18:41:17,539 INFO c.h.h.t.OperatorHelmChartContainer - [K3S] [establishing_controller.go:81] Starting EstablishingController
2025-01-30 18:41:17,539 INFO c.h.h.t.OperatorHelmChartContainer - [K3S] [nonstructuralschema_controller.go:195] Starting NonStructuralSchemaConditionController
2025-01-30 18:41:17,539 INFO c.h.h.t.OperatorHelmChartContainer - [K3S] [apiapproval_controller.go:189] Starting KubernetesAPIApprovalPolicyConformantConditionController
2025-01-30 18:41:17,539 INFO c.h.h.t.OperatorHelmChartContainer - [K3S] [crd_finalizer.go:269] Starting CRDFinalizer
2025-01-30 18:41:17,607 INFO c.h.h.t.OperatorHelmChartContainer - [K3S] [controller.go:145] "Failed to ensure lease exists, will retry" err="namespaces \"kube-system\" not found" interval="200ms"
2025-01-30 18:41:17,613 INFO c.h.h.t.OperatorHelmChartContainer - [K3S] [policy_source.go:240] refreshing policies
2025-01-30 18:41:17,625 INFO c.h.h.t.OperatorHelmChartContainer - [K3S] [apf_controller.go:382] Running API Priority and Fairness config worker
2025-01-30 18:41:17,625 INFO c.h.h.t.OperatorHelmChartContainer - [K3S] [apf_controller.go:385] Running API Priority and Fairness periodic rebalancing process
2025-01-30 18:41:17,625 INFO c.h.h.t.OperatorHelmChartContainer - [K3S] [handler_discovery.go:451] Starting ResourceDiscoveryManager
2025-01-30 18:41:17,638 INFO c.h.h.t.OperatorHelmChartContainer - [K3S] [aggregator.go:171] initial CRD sync complete...
2025-01-30 18:41:17,638 INFO c.h.h.t.OperatorHelmChartContainer - [K3S] [autoregister_controller.go:144] Starting autoregister controller
2025-01-30 18:41:17,681 INFO c.h.h.t.OperatorHelmChartContainer - [K3S] [controller.go:95] Unable to perform initial Kubernetes service initialization: namespaces "default" not found
2025-01-30 18:41:17,905 INFO c.h.h.t.OperatorHelmChartContainer - [K3S] [INFO] Module overlay was already loaded
2025-01-30 18:41:17,906 INFO c.h.h.t.OperatorHelmChartContainer - [K3S] [INFO] Module nf_conntrack was already loaded
2025-01-30 18:41:17,906 INFO c.h.h.t.OperatorHelmChartContainer - [K3S] [INFO] Module br_netfilter was already loaded
2025-01-30 18:41:17,910 INFO c.h.h.t.OperatorHelmChartContainer - [K3S] [INFO] Set sysctl 'net/netfilter/nf_conntrack_max' to 131072
2025-01-30 18:41:17,911 INFO c.h.h.t.OperatorHelmChartContainer - [K3S] [INFO] Set sysctl 'net/netfilter/nf_conntrack_tcp_timeout_established' to 86400
2025-01-30 18:41:17,911 INFO c.h.h.t.OperatorHelmChartContainer - [K3S] [INFO] Set sysctl 'net/netfilter/nf_conntrack_tcp_timeout_close_wait' to 3600
2025-01-30 18:41:17,912 INFO c.h.h.t.OperatorHelmChartContainer - [K3S] [INFO] Logging containerd to /var/lib/rancher/k3s/agent/containerd/containerd.log
2025-01-30 18:41:17,912 INFO c.h.h.t.OperatorHelmChartContainer - [K3S] [INFO] Running containerd -c /var/lib/rancher/k3s/agent/etc/containerd/config.toml -a /run/k3s/containerd/containerd.sock --state /run/k3s/containerd --root /var/lib/rancher/k3s/agent/containerd
2025-01-30 18:41:18,527 INFO c.h.h.t.OperatorHelmChartContainer - [K3S] [storage_scheduling.go:95] created PriorityClass system-node-critical with value 2000001000
2025-01-30 18:41:18,530 INFO c.h.h.t.OperatorHelmChartContainer - [K3S] [storage_scheduling.go:95] created PriorityClass system-cluster-critical with value 2000000000
2025-01-30 18:41:18,530 INFO c.h.h.t.OperatorHelmChartContainer - [K3S] [storage_scheduling.go:111] all system priority classes are created successfully or already exist.
2025-01-30 18:41:18,885 INFO c.h.h.t.OperatorHelmChartContainer - [K3S] [alloc.go:330] "allocated clusterIPs" service="default/kubernetes" clusterIPs={"IPv4":"10.43.0.1"}
2025-01-30 18:41:18,889 INFO c.h.h.t.OperatorHelmChartContainer - [K3S] [lease.go:265] Resetting endpoints for master service "kubernetes" to [172.17.0.3]
2025-01-30 18:41:18,916 INFO c.h.h.t.OperatorHelmChartContainer - [K3S] [INFO] containerd is now running
2025-01-30 18:41:18,919 INFO c.h.h.t.OperatorHelmChartContainer - [K3S] [INFO] Connecting to proxy" url="wss://127.0.0.1:6443/v1-k3s/connect
2025-01-30 18:41:18,921 INFO c.h.h.t.OperatorHelmChartContainer - [K3S] [INFO] Creating k3s-cert-monitor event broadcaster
2025-01-30 18:41:18,922 INFO c.h.h.t.OperatorHelmChartContainer - [K3S] [INFO] Running kubelet --cloud-provider=external --config-dir=/var/lib/rancher/k3s/agent/etc/kubelet.conf.d --containerd=/run/k3s/containerd/containerd.sock --hostname-override=f9fcd521f1d0 --kubeconfig=/var/lib/rancher/k3s/agent/kubelet.kubeconfig --node-ip=172.17.0.3 --node-labels=
2025-01-30 18:41:18,923 INFO c.h.h.t.OperatorHelmChartContainer - [K3S] [INFO] Handling backend connection request [f9fcd521f1d0]
2025-01-30 18:41:18,923 INFO c.h.h.t.OperatorHelmChartContainer - [K3S] [INFO] Remotedialer connected to proxy" url="wss://127.0.0.1:6443/v1-k3s/connect
2025-01-30 18:41:18,926 INFO c.h.h.t.OperatorHelmChartContainer - [K3S] Flag --containerd has been deprecated, This is a cadvisor flag that was mistakenly registered with the Kubelet. Due to legacy concerns, it will follow the standard CLI deprecation timeline before being removed.
2025-01-30 18:41:18,930 INFO c.h.h.t.OperatorHelmChartContainer - [K3S] [server.go:515] "Kubelet version" kubeletVersion="v1.32.1+k3s1"
2025-01-30 18:41:18,931 INFO c.h.h.t.OperatorHelmChartContainer - [K3S] [server.go:517] "Golang settings" GOGC="" GOMAXPROCS="" GOTRACEBACK=""
2025-01-30 18:41:18,932 INFO c.h.h.t.OperatorHelmChartContainer - [K3S] [dynamic_cafile_content.go:161] "Starting controller" name="client-ca-bundle::/var/lib/rancher/k3s/agent/client-ca.crt"
2025-01-30 18:41:18,934 INFO c.h.h.t.OperatorHelmChartContainer - [K3S] [log.go:32] "RuntimeConfig from runtime service failed" err="rpc error: code = Unimplemented desc = method RuntimeConfig not implemented"
2025-01-30 18:41:18,934 INFO c.h.h.t.OperatorHelmChartContainer - [K3S] [server.go:1416] "CRI implementation should be updated to support RuntimeConfig when KubeletCgroupDriverFromCRI feature gate has been enabled. Falling back to using cgroupDriver from kubelet config."
2025-01-30 18:41:18,937 INFO c.h.h.t.OperatorHelmChartContainer - [K3S] [info.go:53] Couldn't collect info from any of the files in "/etc/machine-id,/var/lib/dbus/machine-id"
2025-01-30 18:41:18,938 INFO c.h.h.t.OperatorHelmChartContainer - [K3S] [server.go:767] "--cgroups-per-qos enabled, but --cgroup-root was not specified.  defaulting to /"
2025-01-30 18:41:18,939 INFO c.h.h.t.OperatorHelmChartContainer - [K3S] [server.go:836] "NoSwap is set due to memorySwapBehavior not specified" memorySwapBehavior="" FailSwapOn=false
2025-01-30 18:41:18,939 INFO c.h.h.t.OperatorHelmChartContainer - [K3S] [swap_util.go:115] "Swap is on" /proc/swaps contents=<
2025-01-30 18:41:18,939 INFO c.h.h.t.OperatorHelmChartContainer - [K3S] 	Filename				Type		Size		Used		Priority
2025-01-30 18:41:18,939 INFO c.h.h.t.OperatorHelmChartContainer - [K3S] 	/mnt/swapfile                           file		4194300		0		-2
2025-01-30 18:41:18,939 INFO c.h.h.t.OperatorHelmChartContainer - [K3S]  >
2025-01-30 18:41:18,939 INFO c.h.h.t.OperatorHelmChartContainer - [K3S] [container_manager_linux.go:268] "Container manager verified user specified cgroup-root exists" cgroupRoot=[]
2025-01-30 18:41:18,939 INFO c.h.h.t.OperatorHelmChartContainer - [K3S] [container_manager_linux.go:273] "Creating Container Manager object based on Node Config" nodeConfig={"NodeName":"f9fcd521f1d0","RuntimeCgroupsName":"","SystemCgroupsName":"","KubeletCgroupsName":"/k3s","KubeletOOMScoreAdj":-999,"ContainerRuntime":"","CgroupsPerQOS":true,"CgroupRoot":"/","CgroupDriver":"cgroupfs","KubeletRootDir":"/var/lib/kubelet","ProtectKernelDefaults":false,"KubeReservedCgroupName":"","SystemReservedCgroupName":"","ReservedSystemCPUs":{},"EnforceNodeAllocatable":{"pods":{}},"KubeReserved":null,"SystemReserved":null,"HardEvictionThresholds":[{"Signal":"imagefs.available","Operator":"LessThan","Value":{"Quantity":null,"Percentage":0.05},"GracePeriod":0,"MinReclaim":null},{"Signal":"nodefs.available","Operator":"LessThan","Value":{"Quantity":null,"Percentage":0.05},"GracePeriod":0,"MinReclaim":null}],"QOSReserved":{},"CPUManagerPolicy":"none","CPUManagerPolicyOptions":null,"TopologyManagerScope":"container","CPUManagerReconcilePeriod":10000000000,"ExperimentalMemoryManagerPolicy":"None","ExperimentalMemoryManagerReservedMemory":null,"PodPidsLimit":-1,"EnforceCPULimits":true,"CPUCFSQuotaPeriod":100000000,"TopologyManagerPolicy":"none","TopologyManagerPolicyOptions":null,"CgroupVersion":2}
2025-01-30 18:41:18,939 INFO c.h.h.t.OperatorHelmChartContainer - [K3S] [topology_manager.go:138] "Creating topology manager with none policy"
2025-01-30 18:41:18,939 INFO c.h.h.t.OperatorHelmChartContainer - [K3S] [container_manager_linux.go:304] "Creating device plugin manager"
2025-01-30 18:41:18,939 INFO c.h.h.t.OperatorHelmChartContainer - [K3S] [state_mem.go:36] "Initialized new in-memory state store"
2025-01-30 18:41:18,939 INFO c.h.h.t.OperatorHelmChartContainer - [K3S] [kubelet.go:446] "Attempting to sync node with API server"
2025-01-30 18:41:18,940 INFO c.h.h.t.OperatorHelmChartContainer - [K3S] [kubelet.go:341] "Adding static pod path" path="/var/lib/rancher/k3s/agent/pod-manifests"
2025-01-30 18:41:18,940 INFO c.h.h.t.OperatorHelmChartContainer - [K3S] [kubelet.go:352] "Adding apiserver pod source"
2025-01-30 18:41:18,940 INFO c.h.h.t.OperatorHelmChartContainer - [K3S] [apiserver.go:42] "Waiting for node sync before watching apiserver pods"
2025-01-30 18:41:18,941 INFO c.h.h.t.OperatorHelmChartContainer - [K3S] [kuberuntime_manager.go:269] "Container runtime initialized" containerRuntime="containerd" version="v1.7.23-k3s2" apiVersion="v1"
2025-01-30 18:41:18,942 INFO c.h.h.t.OperatorHelmChartContainer - [K3S] [kubelet.go:890] "Not starting ClusterTrustBundle informer because we are in static kubelet mode"
2025-01-30 18:41:18,942 INFO c.h.h.t.OperatorHelmChartContainer - [K3S] [probe.go:272] Flexvolume plugin directory at /usr/libexec/kubernetes/kubelet-plugins/volume/exec/ does not exist. Recreating.
2025-01-30 18:41:18,943 INFO c.h.h.t.OperatorHelmChartContainer - [K3S] [watchdog_linux.go:99] "Systemd watchdog is not enabled"
2025-01-30 18:41:18,943 INFO c.h.h.t.OperatorHelmChartContainer - [K3S] [server.go:1282] "Started kubelet"
2025-01-30 18:41:18,945 INFO c.h.h.t.OperatorHelmChartContainer - [K3S] [fs_resource_analyzer.go:67] "Starting FS ResourceAnalyzer"
2025-01-30 18:41:18,947 INFO c.h.h.t.OperatorHelmChartContainer - [K3S] [server.go:169] "Starting to listen" address="0.0.0.0" port=10250
2025-01-30 18:41:18,948 INFO c.h.h.t.OperatorHelmChartContainer - [K3S] [server.go:490] "Adding debug handlers to kubelet server"
2025-01-30 18:41:18,950 INFO c.h.h.t.OperatorHelmChartContainer - [K3S] [server.go:208] "Starting to listen read-only" address="0.0.0.0" port=10255
2025-01-30 18:41:18,950 INFO c.h.h.t.OperatorHelmChartContainer - [K3S] [ratelimit.go:55] "Setting rate limiting for endpoint" service="podresources" qps=100 burstTokens=10
2025-01-30 18:41:18,952 INFO c.h.h.t.OperatorHelmChartContainer - [K3S] [server.go:243] "Starting to serve the podresources API" endpoint="unix:/var/lib/kubelet/pod-resources/kubelet.sock"
2025-01-30 18:41:18,952 INFO c.h.h.t.OperatorHelmChartContainer - [K3S] [dynamic_serving_content.go:135] "Starting controller" name="kubelet-server-cert-files::/var/lib/rancher/k3s/agent/serving-kubelet.crt::/var/lib/rancher/k3s/agent/serving-kubelet.key"
2025-01-30 18:41:18,952 INFO c.h.h.t.OperatorHelmChartContainer - [K3S] [volume_manager.go:297] "Starting Kubelet Volume Manager"
2025-01-30 18:41:18,953 INFO c.h.h.t.OperatorHelmChartContainer - [K3S] [kubelet_node_status.go:467] "Error getting the current node from lister" err="node \"f9fcd521f1d0\" not found"
2025-01-30 18:41:18,954 INFO c.h.h.t.OperatorHelmChartContainer - [K3S] [desired_state_of_world_populator.go:149] "Desired state populator starts to run"
2025-01-30 18:41:18,955 INFO c.h.h.t.OperatorHelmChartContainer - [K3S] [reconciler.go:26] "Reconciler: start to sync state"
2025-01-30 18:41:18,956 INFO c.h.h.t.OperatorHelmChartContainer - [K3S] [factory.go:221] Registration of the systemd container factory successfully
2025-01-30 18:41:18,957 INFO c.h.h.t.OperatorHelmChartContainer - [K3S] [factory.go:219] Registration of the crio container factory failed: Get "http://%2Fvar%2Frun%2Fcrio%2Fcrio.sock/info": dial unix /var/run/crio/crio.sock: connect: no such file or directory
2025-01-30 18:41:18,957 INFO c.h.h.t.OperatorHelmChartContainer - [K3S] [kubelet.go:1561] "Image garbage collection failed once. Stats initialization may not have completed yet" err="invalid capacity 0 on image filesystem"
2025-01-30 18:41:18,960 INFO c.h.h.t.OperatorHelmChartContainer - [K3S] [factory.go:221] Registration of the containerd container factory successfully
2025-01-30 18:41:18,961 INFO c.h.h.t.OperatorHelmChartContainer - [K3S] [nodelease.go:49] "Failed to get node when trying to set owner ref to the node lease" err="nodes \"f9fcd521f1d0\" not found" node="f9fcd521f1d0"
2025-01-30 18:41:18,965 INFO c.h.h.t.OperatorHelmChartContainer - [K3S] [kubelet_network_linux.go:50] "Initialized iptables rules." protocol="IPv4"
2025-01-30 18:41:18,967 INFO c.h.h.t.OperatorHelmChartContainer - [K3S] [kubelet_network_linux.go:50] "Initialized iptables rules." protocol="IPv6"
2025-01-30 18:41:18,967 INFO c.h.h.t.OperatorHelmChartContainer - [K3S] [status_manager.go:227] "Starting to sync pod status with apiserver"
2025-01-30 18:41:18,968 INFO c.h.h.t.OperatorHelmChartContainer - [K3S] [watchdog_linux.go:127] "Systemd watchdog is not enabled or the interval is invalid, so health checking will not be started."
2025-01-30 18:41:18,968 INFO c.h.h.t.OperatorHelmChartContainer - [K3S] [kubelet.go:2388] "Starting kubelet main sync loop"
2025-01-30 18:41:18,968 INFO c.h.h.t.OperatorHelmChartContainer - [K3S] [kubelet.go:2412] "Skipping pod synchronization" err="[container runtime status check may not have completed yet, PLEG is not healthy: pleg has yet to be successful]"
2025-01-30 18:41:19,004 INFO c.h.h.t.OperatorHelmChartContainer - [K3S] [cpu_manager.go:221] "Starting CPU manager" policy="none"
2025-01-30 18:41:19,005 INFO c.h.h.t.OperatorHelmChartContainer - [K3S] [cpu_manager.go:222] "Reconciling" reconcilePeriod="10s"
2025-01-30 18:41:19,005 INFO c.h.h.t.OperatorHelmChartContainer - [K3S] [state_mem.go:36] "Initialized new in-memory state store"
2025-01-30 18:41:19,007 INFO c.h.h.t.OperatorHelmChartContainer - [K3S] [policy_none.go:49] "None policy: Start"
2025-01-30 18:41:19,007 INFO c.h.h.t.OperatorHelmChartContainer - [K3S] [memory_manager.go:186] "Starting memorymanager" policy="None"
2025-01-30 18:41:19,008 INFO c.h.h.t.OperatorHelmChartContainer - [K3S] [state_mem.go:35] "Initializing new in-memory state store"
2025-01-30 18:41:19,012 INFO c.h.h.t.OperatorHelmChartContainer - [K3S] [manager.go:519] "Failed to read data from checkpoint" checkpoint="kubelet_internal_checkpoint" err="checkpoint is not found"
2025-01-30 18:41:19,014 INFO c.h.h.t.OperatorHelmChartContainer - [K3S] [eviction_manager.go:189] "Eviction manager: starting control loop"
2025-01-30 18:41:19,014 INFO c.h.h.t.OperatorHelmChartContainer - [K3S] [container_log_manager.go:189] "Initializing container log rotate workers" workers=1 monitorPeriod="10s"
2025-01-30 18:41:19,022 INFO c.h.h.t.OperatorHelmChartContainer - [K3S] [plugin_manager.go:118] "Starting Kubelet Plugin Manager"
2025-01-30 18:41:19,023 INFO c.h.h.t.OperatorHelmChartContainer - [K3S] [eviction_manager.go:267] "eviction manager: failed to check if we have separate container filesystem. Ignoring." err="no imagefs label for configured runtime"
2025-01-30 18:41:19,024 INFO c.h.h.t.OperatorHelmChartContainer - [K3S] [eviction_manager.go:292] "Eviction manager: failed to get summary stats" err="failed to get node info: node \"f9fcd521f1d0\" not found"
2025-01-30 18:41:19,047 INFO c.h.h.t.OperatorHelmChartContainer - [K3S] [ERROR] Sending HTTP/1.1 503 response to 127.0.0.1:60178: runtime core not ready
2025-01-30 18:41:19,111 INFO c.h.h.t.OperatorHelmChartContainer - [K3S] [kubelet_node_status.go:76] "Attempting to register node" node="f9fcd521f1d0"
2025-01-30 18:41:19,115 INFO c.h.h.t.OperatorHelmChartContainer - [K3S] [kubelet_node_status.go:79] "Successfully registered node" node="f9fcd521f1d0"
2025-01-30 18:41:19,116 INFO c.h.h.t.OperatorHelmChartContainer - [K3S] [kubelet_node_status.go:549] "Error updating node status, will retry" err="error getting node \"f9fcd521f1d0\": node \"f9fcd521f1d0\" not found"
2025-01-30 18:41:19,122 INFO c.h.h.t.OperatorHelmChartContainer - [K3S] [INFO] Annotations and labels have been set successfully on node: f9fcd521f1d0
2025-01-30 18:41:19,122 INFO c.h.h.t.OperatorHelmChartContainer - [K3S] [INFO] Starting flannel with backend vxlan
2025-01-30 18:41:19,160 INFO c.h.h.t.OperatorHelmChartContainer - [K3S] [INFO] Running kube-proxy --cluster-cidr=10.42.0.0/16 --conntrack-max-per-core=0 --conntrack-tcp-timeout-close-wait=0s --conntrack-tcp-timeout-established=0s --healthz-bind-address=127.0.0.1 --hostname-override=f9fcd521f1d0 --kubeconfig=/var/lib/rancher/k3s/agent/kubeproxy.kubeconfig --proxy-mode=iptables
2025-01-30 18:41:19,207 INFO c.h.h.t.OperatorHelmChartContainer - [K3S] [server.go:698] "Successfully retrieved node IP(s)" IPs=["172.17.0.3"]
2025-01-30 18:41:19,208 INFO c.h.h.t.OperatorHelmChartContainer - [K3S] [server.go:234] "Kube-proxy configuration may be incomplete or incorrect" err="nodePortAddresses is unset; NodePort connections will be accepted on all local IPs. Consider using `--nodeport-addresses primary`"
2025-01-30 18:41:19,210 INFO c.h.h.t.OperatorHelmChartContainer - [K3S] [server.go:243] "kube-proxy running in dual-stack mode" primary ipFamily="IPv4"
2025-01-30 18:41:19,210 INFO c.h.h.t.OperatorHelmChartContainer - [K3S] [server_linux.go:170] "Using iptables Proxier"
2025-01-30 18:41:19,211 INFO c.h.h.t.OperatorHelmChartContainer - [K3S] [proxier.go:255] "Setting route_localnet=1 to allow node-ports on localhost; to change this either disable iptables.localhostNodePorts (--iptables-localhost-nodeports) or set nodePortAddresses (--nodeport-addresses) to filter loopback addresses"
2025-01-30 18:41:19,216 INFO c.h.h.t.OperatorHelmChartContainer - [K3S] [server.go:497] "Version info" version="v1.32.1+k3s1"
2025-01-30 18:41:19,216 INFO c.h.h.t.OperatorHelmChartContainer - [K3S] [server.go:499] "Golang settings" GOGC="" GOMAXPROCS="" GOTRACEBACK=""
2025-01-30 18:41:19,216 INFO c.h.h.t.OperatorHelmChartContainer - [K3S] [config.go:329] "Starting node config controller"
2025-01-30 18:41:19,217 INFO c.h.h.t.OperatorHelmChartContainer - [K3S] [config.go:199] "Starting service config controller"
2025-01-30 18:41:19,217 INFO c.h.h.t.OperatorHelmChartContainer - [K3S] [config.go:105] "Starting endpoint slice config controller"
2025-01-30 18:41:19,423 INFO c.h.h.t.OperatorHelmChartContainer - [K3S] [kubelet_node_status.go:502] "Fast updating node status as it just became ready"
2025-01-30 18:41:19,677 INFO c.h.h.t.OperatorHelmChartContainer - [K3S] [INFO] Waiting for untainted node
2025-01-30 18:41:19,677 INFO c.h.h.t.OperatorHelmChartContainer - [K3S] [INFO] Kube API server is now running
2025-01-30 18:41:19,677 INFO c.h.h.t.OperatorHelmChartContainer - [K3S] [INFO] ETCD server is now running
2025-01-30 18:41:19,677 INFO c.h.h.t.OperatorHelmChartContainer - [K3S] [INFO] k3s is up and running
2025-01-30 18:41:19,677 INFO c.h.h.t.OperatorHelmChartContainer - [K3S] [INFO] Waiting for cloud-controller-manager privileges to become available
2025-01-30 18:41:19,677 INFO c.h.h.t.OperatorHelmChartContainer - [K3S] [INFO] Creating k3s-supervisor event broadcaster
2025-01-30 18:41:19,684 INFO c.h.h.t.OperatorHelmChartContainer - [K3S] [INFO] Applying CRD addons.k3s.cattle.io
2025-01-30 18:41:19,696 INFO c.h.h.t.OperatorHelmChartContainer - [K3S] [INFO] Applying CRD etcdsnapshotfiles.k3s.cattle.io
2025-01-30 18:41:19,707 INFO c.h.h.t.OperatorHelmChartContainer - [K3S] [INFO] Applying CRD helmcharts.helm.cattle.io
2025-01-30 18:41:19,724 INFO c.h.h.t.OperatorHelmChartContainer - [K3S] [INFO] Applying CRD helmchartconfigs.helm.cattle.io
2025-01-30 18:41:19,741 INFO c.h.h.t.OperatorHelmChartContainer - [K3S] [INFO] Waiting for CRD helmcharts.helm.cattle.io to become available
2025-01-30 18:41:19,845 INFO c.h.h.t.OperatorHelmChartContainer - [K3S] [serving.go:392] Generated self-signed cert in-memory
2025-01-30 18:41:19,940 INFO c.h.h.t.OperatorHelmChartContainer - [K3S] [apiserver.go:52] "Watching apiserver"
2025-01-30 18:41:19,955 INFO c.h.h.t.OperatorHelmChartContainer - [K3S] [desired_state_of_world_populator.go:157] "Finished populating initial desired state of world"
2025-01-30 18:41:20,077 INFO c.h.h.t.OperatorHelmChartContainer - [K3S] [controllermanager.go:185] "Starting" version="v1.32.1+k3s1"
2025-01-30 18:41:20,077 INFO c.h.h.t.OperatorHelmChartContainer - [K3S] [controllermanager.go:187] "Golang settings" GOGC="" GOMAXPROCS="" GOTRACEBACK=""
2025-01-30 18:41:20,080 INFO c.h.h.t.OperatorHelmChartContainer - [K3S] [requestheader_controller.go:180] Starting RequestHeaderAuthRequestController
2025-01-30 18:41:20,080 INFO c.h.h.t.OperatorHelmChartContainer - [K3S] [configmap_cafile_content.go:205] "Starting controller" name="client-ca::kube-system::extension-apiserver-authentication::requestheader-client-ca-file"
2025-01-30 18:41:20,080 INFO c.h.h.t.OperatorHelmChartContainer - [K3S] [configmap_cafile_content.go:205] "Starting controller" name="client-ca::kube-system::extension-apiserver-authentication::client-ca-file"
2025-01-30 18:41:20,080 INFO c.h.h.t.OperatorHelmChartContainer - [K3S] [secure_serving.go:213] Serving securely on 127.0.0.1:10257
2025-01-30 18:41:20,080 INFO c.h.h.t.OperatorHelmChartContainer - [K3S] [tlsconfig.go:243] "Starting DynamicServingCertificateController"
2025-01-30 18:41:20,084 INFO c.h.h.t.OperatorHelmChartContainer - [K3S] [controllermanager.go:765] "Started controller" controller="serviceaccount-token-controller"
2025-01-30 18:41:20,091 INFO c.h.h.t.OperatorHelmChartContainer - [K3S] [controllermanager.go:765] "Started controller" controller="disruption-controller"
2025-01-30 18:41:20,091 INFO c.h.h.t.OperatorHelmChartContainer - [K3S] [disruption.go:452] "Sending events to api server."
2025-01-30 18:41:20,091 INFO c.h.h.t.OperatorHelmChartContainer - [K3S] [disruption.go:463] "Starting disruption controller"
2025-01-30 18:41:20,097 INFO c.h.h.t.OperatorHelmChartContainer - [K3S] [controllermanager.go:765] "Started controller" controller="cronjob-controller"
2025-01-30 18:41:20,097 INFO c.h.h.t.OperatorHelmChartContainer - [K3S] [controllermanager.go:723] "Skipping a cloud provider controller" controller="service-lb-controller"
2025-01-30 18:41:20,098 INFO c.h.h.t.OperatorHelmChartContainer - [K3S] [cronjob_controllerv2.go:145] "Starting cronjob controller v2"
2025-01-30 18:41:20,103 INFO c.h.h.t.OperatorHelmChartContainer - [K3S] [controllermanager.go:765] "Started controller" controller="taint-eviction-controller"
2025-01-30 18:41:20,103 INFO c.h.h.t.OperatorHelmChartContainer - [K3S] [taint_eviction.go:281] "Starting" controller="taint-eviction-controller"
2025-01-30 18:41:20,103 INFO c.h.h.t.OperatorHelmChartContainer - [K3S] [taint_eviction.go:287] "Sending events to api server"
2025-01-30 18:41:20,109 INFO c.h.h.t.OperatorHelmChartContainer - [K3S] [controllermanager.go:765] "Started controller" controller="endpointslice-mirroring-controller"
2025-01-30 18:41:20,109 INFO c.h.h.t.OperatorHelmChartContainer - [K3S] [endpointslicemirroring_controller.go:227] "Starting EndpointSliceMirroring controller"
2025-01-30 18:41:20,123 INFO c.h.h.t.OperatorHelmChartContainer - [K3S] [controllermanager.go:765] "Started controller" controller="namespace-controller"
2025-01-30 18:41:20,123 INFO c.h.h.t.OperatorHelmChartContainer - [K3S] [namespace_controller.go:202] "Starting namespace controller"
2025-01-30 18:41:20,128 INFO c.h.h.t.OperatorHelmChartContainer - [K3S] [controllermanager.go:765] "Started controller" controller="job-controller"
2025-01-30 18:41:20,128 INFO c.h.h.t.OperatorHelmChartContainer - [K3S] [controllermanager.go:723] "Skipping a cloud provider controller" controller="cloud-node-lifecycle-controller"
2025-01-30 18:41:20,128 INFO c.h.h.t.OperatorHelmChartContainer - [K3S] [job_controller.go:243] "Starting job controller"
2025-01-30 18:41:20,133 INFO c.h.h.t.OperatorHelmChartContainer - [K3S] [controllermanager.go:765] "Started controller" controller="persistentvolume-binder-controller"
2025-01-30 18:41:20,134 INFO c.h.h.t.OperatorHelmChartContainer - [K3S] [pv_controller_base.go:308] "Starting persistent volume controller"
2025-01-30 18:41:20,138 INFO c.h.h.t.OperatorHelmChartContainer - [K3S] [controllermanager.go:765] "Started controller" controller="statefulset-controller"
2025-01-30 18:41:20,138 INFO c.h.h.t.OperatorHelmChartContainer - [K3S] [controllermanager.go:728] "Warning: controller is disabled" controller="bootstrap-signer-controller"
2025-01-30 18:41:20,139 INFO c.h.h.t.OperatorHelmChartContainer - [K3S] [stateful_set.go:166] "Starting stateful set controller"
2025-01-30 18:41:20,141 INFO c.h.h.t.OperatorHelmChartContainer - [K3S] [node_lifecycle_controller.go:432] "Controller will reconcile labels"
2025-01-30 18:41:20,141 INFO c.h.h.t.OperatorHelmChartContainer - [K3S] [controllermanager.go:765] "Started controller" controller="node-lifecycle-controller"
2025-01-30 18:41:20,141 INFO c.h.h.t.OperatorHelmChartContainer - [K3S] [node_lifecycle_controller.go:466] "Sending events to api server"
2025-01-30 18:41:20,141 INFO c.h.h.t.OperatorHelmChartContainer - [K3S] [node_lifecycle_controller.go:477] "Starting node controller"
2025-01-30 18:41:20,146 INFO c.h.h.t.OperatorHelmChartContainer - [K3S] [controllermanager.go:765] "Started controller" controller="persistentvolume-protection-controller"
2025-01-30 18:41:20,146 INFO c.h.h.t.OperatorHelmChartContainer - [K3S] [controllermanager.go:717] "Controller is disabled by a feature gate" controller="volumeattributesclass-protection-controller" requiredFeatureGates=["VolumeAttributesClass"]
2025-01-30 18:41:20,146 INFO c.h.h.t.OperatorHelmChartContainer - [K3S] [pv_protection_controller.go:81] "Starting PV protection controller"
2025-01-30 18:41:20,245 INFO c.h.h.t.OperatorHelmChartContainer - [K3S] [INFO] Done waiting for CRD helmcharts.helm.cattle.io to become available
2025-01-30 18:41:20,245 INFO c.h.h.t.OperatorHelmChartContainer - [K3S] [INFO] Waiting for CRD helmchartconfigs.helm.cattle.io to become available
2025-01-30 18:41:20,288 INFO c.h.h.t.OperatorHelmChartContainer - [K3S] [controllermanager.go:765] "Started controller" controller="ttl-after-finished-controller"
2025-01-30 18:41:20,288 INFO c.h.h.t.OperatorHelmChartContainer - [K3S] [ttlafterfinished_controller.go:112] "Starting TTL after finished controller"
2025-01-30 18:41:20,288 INFO c.h.h.t.OperatorHelmChartContainer - [K3S] [controllermanager.go:717] "Controller is disabled by a feature gate" controller="kube-apiserver-serving-clustertrustbundle-publisher-controller" requiredFeatureGates=["ClusterTrustBundle"]
2025-01-30 18:41:20,288 INFO c.h.h.t.OperatorHelmChartContainer - [K3S] [controllermanager.go:717] "Controller is disabled by a feature gate" controller="storageversion-garbage-collector-controller" requiredFeatureGates=["APIServerIdentity","StorageVersionAPI"]
2025-01-30 18:41:20,537 INFO c.h.h.t.OperatorHelmChartContainer - [K3S] [controllermanager.go:765] "Started controller" controller="garbage-collector-controller"
2025-01-30 18:41:20,538 INFO c.h.h.t.OperatorHelmChartContainer - [K3S] [graph_builder.go:351] "Running" component="GraphBuilder"
2025-01-30 18:41:20,748 INFO c.h.h.t.OperatorHelmChartContainer - [K3S] [INFO] Done waiting for CRD helmchartconfigs.helm.cattle.io to become available
2025-01-30 18:41:20,748 INFO c.h.h.t.OperatorHelmChartContainer - [K3S] [INFO] Writing static file: /var/lib/rancher/k3s/server/static/charts/traefik-27.0.201+up27.0.2.tgz
2025-01-30 18:41:20,749 INFO c.h.h.t.OperatorHelmChartContainer - [K3S] [INFO] Writing static file: /var/lib/rancher/k3s/server/static/charts/traefik-crd-27.0.201+up27.0.2.tgz
2025-01-30 18:41:20,749 INFO c.h.h.t.OperatorHelmChartContainer - [K3S] [INFO] Writing manifest: /var/lib/rancher/k3s/server/manifests/rolebindings.yaml
2025-01-30 18:41:20,749 INFO c.h.h.t.OperatorHelmChartContainer - [K3S] [INFO] Writing manifest: /var/lib/rancher/k3s/server/manifests/coredns.yaml
2025-01-30 18:41:20,750 INFO c.h.h.t.OperatorHelmChartContainer - [K3S] [INFO] Writing manifest: /var/lib/rancher/k3s/server/manifests/metrics-server/auth-reader.yaml
2025-01-30 18:41:20,750 INFO c.h.h.t.OperatorHelmChartContainer - [K3S] [INFO] Writing manifest: /var/lib/rancher/k3s/server/manifests/metrics-server/metrics-server-deployment.yaml
2025-01-30 18:41:20,750 INFO c.h.h.t.OperatorHelmChartContainer - [K3S] [INFO] Writing manifest: /var/lib/rancher/k3s/server/manifests/metrics-server/auth-delegator.yaml
2025-01-30 18:41:20,750 INFO c.h.h.t.OperatorHelmChartContainer - [K3S] [INFO] Writing manifest: /var/lib/rancher/k3s/server/manifests/metrics-server/metrics-apiservice.yaml
2025-01-30 18:41:20,750 INFO c.h.h.t.OperatorHelmChartContainer - [K3S] [INFO] Writing manifest: /var/lib/rancher/k3s/server/manifests/metrics-server/metrics-server-service.yaml
2025-01-30 18:41:20,750 INFO c.h.h.t.OperatorHelmChartContainer - [K3S] [INFO] Writing manifest: /var/lib/rancher/k3s/server/manifests/metrics-server/resource-reader.yaml
2025-01-30 18:41:20,750 INFO c.h.h.t.OperatorHelmChartContainer - [K3S] [INFO] Writing manifest: /var/lib/rancher/k3s/server/manifests/runtimes.yaml
2025-01-30 18:41:20,752 INFO c.h.h.t.OperatorHelmChartContainer - [K3S] [INFO] Writing manifest: /var/lib/rancher/k3s/server/manifests/ccm.yaml
2025-01-30 18:41:20,752 INFO c.h.h.t.OperatorHelmChartContainer - [K3S] [INFO] Writing manifest: /var/lib/rancher/k3s/server/manifests/local-storage.yaml
2025-01-30 18:41:20,752 INFO c.h.h.t.OperatorHelmChartContainer - [K3S] [INFO] Writing manifest: /var/lib/rancher/k3s/server/manifests/metrics-server/aggregated-metrics-reader.yaml
2025-01-30 18:41:20,753 INFO c.h.h.t.OperatorHelmChartContainer - [K3S] [INFO] Starting dynamiclistener CN filter node controller with SANs: [localhost 127.0.0.1 ::1 localhost f9fcd521f1d0 172.17.0.3 10.43.0.1 kubernetes kubernetes.default kubernetes.default.svc kubernetes.default.svc.cluster.local]
2025-01-30 18:41:20,753 INFO c.h.h.t.OperatorHelmChartContainer - [K3S] [INFO] Tunnel server egress proxy mode: agent
2025-01-30 18:41:20,786 INFO c.h.h.t.OperatorHelmChartContainer - [K3S] [controllermanager.go:765] "Started controller" controller="replicaset-controller"
2025-01-30 18:41:20,787 INFO c.h.h.t.OperatorHelmChartContainer - [K3S] [replica_set.go:217] "Starting controller" name="replicaset"
2025-01-30 18:41:20,787 INFO c.h.h.t.OperatorHelmChartContainer - [K3S] [controllermanager.go:723] "Skipping a cloud provider controller" controller="node-route-controller"
2025-01-30 18:41:20,857 INFO c.h.h.t.OperatorHelmChartContainer - [K3S] [INFO] Starting k3s.cattle.io/v1, Kind=Addon controller
2025-01-30 18:41:20,857 INFO c.h.h.t.OperatorHelmChartContainer - [K3S] [INFO] Creating deploy event broadcaster
2025-01-30 18:41:20,938 INFO c.h.h.t.OperatorHelmChartContainer - [K3S] [controllermanager.go:765] "Started controller" controller="clusterrole-aggregation-controller"
2025-01-30 18:41:20,938 INFO c.h.h.t.OperatorHelmChartContainer - [K3S] [clusterroleaggregation_controller.go:194] "Starting ClusterRoleAggregator controller"
2025-01-30 18:41:20,961 INFO c.h.h.t.OperatorHelmChartContainer - [K3S] [INFO] Starting /v1, Kind=Node controller
2025-01-30 18:41:20,962 INFO c.h.h.t.OperatorHelmChartContainer - [K3S] [INFO] Creating helm-controller event broadcaster
2025-01-30 18:41:20,978 INFO c.h.h.t.OperatorHelmChartContainer - [K3S] [INFO] Labels and annotations have been set successfully on node: f9fcd521f1d0
2025-01-30 18:41:20,984 INFO c.h.h.t.OperatorHelmChartContainer - [K3S] [INFO] Cluster dns configmap has been set successfully
2025-01-30 18:41:21,070 INFO c.h.h.t.OperatorHelmChartContainer - [K3S] [INFO] Starting helm.cattle.io/v1, Kind=HelmChart controller
2025-01-30 18:41:21,070 INFO c.h.h.t.OperatorHelmChartContainer - [K3S] [INFO] Starting helm.cattle.io/v1, Kind=HelmChartConfig controller
2025-01-30 18:41:21,073 INFO c.h.h.t.OperatorHelmChartContainer - [K3S] [INFO] Starting rbac.authorization.k8s.io/v1, Kind=ClusterRoleBinding controller
2025-01-30 18:41:21,076 INFO c.h.h.t.OperatorHelmChartContainer - [K3S] [INFO] Starting batch/v1, Kind=Job controller
2025-01-30 18:41:21,076 INFO c.h.h.t.OperatorHelmChartContainer - [K3S] [INFO] Starting /v1, Kind=ConfigMap controller
2025-01-30 18:41:21,076 INFO c.h.h.t.OperatorHelmChartContainer - [K3S] [INFO] Starting /v1, Kind=Secret controller
2025-01-30 18:41:21,076 INFO c.h.h.t.OperatorHelmChartContainer - [K3S] [INFO] Starting /v1, Kind=ServiceAccount controller
2025-01-30 18:41:21,136 INFO c.h.h.t.OperatorHelmChartContainer - [K3S] [controllermanager.go:765] "Started controller" controller="validatingadmissionpolicy-status-controller"
2025-01-30 18:41:21,136 INFO c.h.h.t.OperatorHelmChartContainer - [K3S] [controllermanager.go:743] "Warning: skipping controller" controller="storage-version-migrator-controller"
2025-01-30 18:41:21,136 INFO c.h.h.t.OperatorHelmChartContainer - [K3S] [controllermanager.go:717] "Controller is disabled by a feature gate" controller="selinux-warning-controller" requiredFeatureGates=["SELinuxChangePolicy"]
2025-01-30 18:41:21,287 INFO c.h.h.t.OperatorHelmChartContainer - [K3S] [controllermanager.go:765] "Started controller" controller="certificatesigningrequest-approving-controller"
2025-01-30 18:41:21,288 INFO c.h.h.t.OperatorHelmChartContainer - [K3S] [certificate_controller.go:120] "Starting certificate controller" name="csrapproving"
2025-01-30 18:41:21,438 INFO c.h.h.t.OperatorHelmChartContainer - [K3S] [controllermanager.go:765] "Started controller" controller="persistentvolume-expander-controller"
2025-01-30 18:41:21,438 INFO c.h.h.t.OperatorHelmChartContainer - [K3S] [expand_controller.go:329] "Starting expand controller"
2025-01-30 18:41:21,510 INFO c.h.h.t.OperatorHelmChartContainer - [K3S] [INFO] Updating TLS secret for kube-system/k3s-serving (count: 10): map[listener.cattle.io/cn-10.43.0.1:10.43.0.1 listener.cattle.io/cn-127.0.0.1:127.0.0.1 listener.cattle.io/cn-172.17.0.3:172.17.0.3 listener.cattle.io/cn-__1-f16284:::1 listener.cattle.io/cn-f9fcd521f1d0:f9fcd521f1d0 listener.cattle.io/cn-kubernetes:kubernetes listener.cattle.io/cn-kubernetes.default:kubernetes.default listener.cattle.io/cn-kubernetes.default.svc:kubernetes.default.svc listener.cattle.io/cn-kubernetes.default.svc.cluster.local:kubernetes.default.svc.cluster.local listener.cattle.io/cn-localhost:localhost listener.cattle.io/fingerprint:SHA1=3BCB7408EDDE19832BE6F9813C014B13431D9881]
2025-01-30 18:41:21,513 INFO c.h.h.t.OperatorHelmChartContainer - [K3S] [INFO] Active TLS secret kube-system/k3s-serving (ver=246) (count 10): map[listener.cattle.io/cn-10.43.0.1:10.43.0.1 listener.cattle.io/cn-127.0.0.1:127.0.0.1 listener.cattle.io/cn-172.17.0.3:172.17.0.3 listener.cattle.io/cn-__1-f16284:::1 listener.cattle.io/cn-f9fcd521f1d0:f9fcd521f1d0 listener.cattle.io/cn-kubernetes:kubernetes listener.cattle.io/cn-kubernetes.default:kubernetes.default listener.cattle.io/cn-kubernetes.default.svc:kubernetes.default.svc listener.cattle.io/cn-kubernetes.default.svc.cluster.local:kubernetes.default.svc.cluster.local listener.cattle.io/cn-localhost:localhost listener.cattle.io/fingerprint:SHA1=3BCB7408EDDE19832BE6F9813C014B13431D9881]
2025-01-30 18:41:21,590 INFO c.h.h.t.OperatorHelmChartContainer - [K3S] [range_allocator.go:112] "No Secondary Service CIDR provided. Skipping filtering out secondary service addresses"
2025-01-30 18:41:21,591 INFO c.h.h.t.OperatorHelmChartContainer - [K3S] [controllermanager.go:765] "Started controller" controller="node-ipam-controller"
2025-01-30 18:41:21,591 INFO c.h.h.t.OperatorHelmChartContainer - [K3S] [node_ipam_controller.go:141] "Starting ipam controller"
2025-01-30 18:41:21,607 INFO c.h.h.t.OperatorHelmChartContainer - [K3S] [INFO] Updating TLS secret for kube-system/k3s-serving (count: 10): map[listener.cattle.io/cn-10.43.0.1:10.43.0.1 listener.cattle.io/cn-127.0.0.1:127.0.0.1 listener.cattle.io/cn-172.17.0.3:172.17.0.3 listener.cattle.io/cn-__1-f16284:::1 listener.cattle.io/cn-f9fcd521f1d0:f9fcd521f1d0 listener.cattle.io/cn-kubernetes:kubernetes listener.cattle.io/cn-kubernetes.default:kubernetes.default listener.cattle.io/cn-kubernetes.default.svc:kubernetes.default.svc listener.cattle.io/cn-kubernetes.default.svc.cluster.local:kubernetes.default.svc.cluster.local listener.cattle.io/cn-localhost:localhost listener.cattle.io/fingerprint:SHA1=3BCB7408EDDE19832BE6F9813C014B13431D9881]
2025-01-30 18:41:21,737 INFO c.h.h.t.OperatorHelmChartContainer - [K3S] [controllermanager.go:765] "Started controller" controller="persistentvolume-attach-detach-controller"
2025-01-30 18:41:21,737 INFO c.h.h.t.OperatorHelmChartContainer - [K3S] [attach_detach_controller.go:338] "Starting attach detach controller"
2025-01-30 18:41:21,887 INFO c.h.h.t.OperatorHelmChartContainer - [K3S] [controllermanager.go:765] "Started controller" controller="serviceaccount-controller"
2025-01-30 18:41:21,887 INFO c.h.h.t.OperatorHelmChartContainer - [K3S] [serviceaccounts_controller.go:114] "Starting service account controller"
2025-01-30 18:41:22,037 INFO c.h.h.t.OperatorHelmChartContainer - [K3S] [controllermanager.go:765] "Started controller" controller="ttl-controller"
2025-01-30 18:41:22,038 INFO c.h.h.t.OperatorHelmChartContainer - [K3S] [ttl_controller.go:127] "Starting TTL controller"
2025-01-30 18:41:22,187 INFO c.h.h.t.OperatorHelmChartContainer - [K3S] [controllermanager.go:765] "Started controller" controller="token-cleaner-controller"
2025-01-30 18:41:22,188 INFO c.h.h.t.OperatorHelmChartContainer - [K3S] [tokencleaner.go:117] "Starting token cleaner controller"
2025-01-30 18:41:22,451 INFO c.h.h.t.OperatorHelmChartContainer - [K3S] [event.go:389] "Event occurred" object="f9fcd521f1d0" fieldPath="" kind="Node" apiVersion="" type="Normal" reason="NodePasswordValidationComplete" message="Deferred node password secret validation complete"
2025-01-30 18:41:22,493 INFO c.h.h.t.OperatorHelmChartContainer - [K3S] [controllermanager.go:765] "Started controller" controller="resourcequota-controller"
2025-01-30 18:41:22,494 INFO c.h.h.t.OperatorHelmChartContainer - [K3S] [resource_quota_controller.go:300] "Starting resource quota controller"
2025-01-30 18:41:22,637 INFO c.h.h.t.OperatorHelmChartContainer - [K3S] [controllermanager.go:765] "Started controller" controller="deployment-controller"
2025-01-30 18:41:22,637 INFO c.h.h.t.OperatorHelmChartContainer - [K3S] [deployment_controller.go:173] "Starting controller" controller="deployment"
2025-01-30 18:41:22,686 INFO c.h.h.t.OperatorHelmChartContainer - [K3S] [controllermanager.go:765] "Started controller" controller="certificatesigningrequest-cleaner-controller"
2025-01-30 18:41:22,686 INFO c.h.h.t.OperatorHelmChartContainer - [K3S] [cleaner.go:83] "Starting CSR cleaner controller"
2025-01-30 18:41:22,838 INFO c.h.h.t.OperatorHelmChartContainer - [K3S] [controllermanager.go:765] "Started controller" controller="legacy-serviceaccount-token-cleaner-controller"
2025-01-30 18:41:22,838 INFO c.h.h.t.OperatorHelmChartContainer - [K3S] [legacy_serviceaccount_token_cleaner.go:103] "Starting legacy service account token cleaner controller"
2025-01-30 18:41:22,863 INFO c.h.h.t.OperatorHelmChartContainer - [K3S] [event.go:389] "Event occurred" object="kube-system/ccm" fieldPath="" kind="Addon" apiVersion="k3s.cattle.io/v1" type="Normal" reason="ApplyingManifest" message="Applying manifest at \"/var/lib/rancher/k3s/server/manifests/ccm.yaml\""
2025-01-30 18:41:22,883 INFO c.h.h.t.OperatorHelmChartContainer - [K3S] [event.go:389] "Event occurred" object="kube-system/ccm" fieldPath="" kind="Addon" apiVersion="k3s.cattle.io/v1" type="Normal" reason="AppliedManifest" message="Applied manifest at \"/var/lib/rancher/k3s/server/manifests/ccm.yaml\""
2025-01-30 18:41:22,892 INFO c.h.h.t.OperatorHelmChartContainer - [K3S] [event.go:389] "Event occurred" object="kube-system/coredns" fieldPath="" kind="Addon" apiVersion="k3s.cattle.io/v1" type="Normal" reason="ApplyingManifest" message="Applying manifest at \"/var/lib/rancher/k3s/server/manifests/coredns.yaml\""
2025-01-30 18:41:22,986 INFO c.h.h.t.OperatorHelmChartContainer - [K3S] [controllermanager.go:765] "Started controller" controller="endpoints-controller"
2025-01-30 18:41:22,986 INFO c.h.h.t.OperatorHelmChartContainer - [K3S] [endpoints_controller.go:182] "Starting endpoint controller"
2025-01-30 18:41:22,999 INFO c.h.h.t.OperatorHelmChartContainer - [K3S] [alloc.go:330] "allocated clusterIPs" service="kube-system/kube-dns" clusterIPs={"IPv4":"10.43.0.10"}
2025-01-30 18:41:23,000 INFO c.h.h.t.OperatorHelmChartContainer - [K3S] [event.go:389] "Event occurred" object="kube-system/coredns" fieldPath="" kind="Addon" apiVersion="k3s.cattle.io/v1" type="Normal" reason="AppliedManifest" message="Applied manifest at \"/var/lib/rancher/k3s/server/manifests/coredns.yaml\""
2025-01-30 18:41:23,006 INFO c.h.h.t.OperatorHelmChartContainer - [K3S] [event.go:389] "Event occurred" object="kube-system/local-storage" fieldPath="" kind="Addon" apiVersion="k3s.cattle.io/v1" type="Normal" reason="ApplyingManifest" message="Applying manifest at \"/var/lib/rancher/k3s/server/manifests/local-storage.yaml\""
2025-01-30 18:41:23,098 INFO c.h.h.t.OperatorHelmChartContainer - [K3S] [event.go:389] "Event occurred" object="kube-system/local-storage" fieldPath="" kind="Addon" apiVersion="k3s.cattle.io/v1" type="Normal" reason="AppliedManifest" message="Applied manifest at \"/var/lib/rancher/k3s/server/manifests/local-storage.yaml\""
2025-01-30 18:41:23,104 INFO c.h.h.t.OperatorHelmChartContainer - [K3S] [event.go:389] "Event occurred" object="kube-system/aggregated-metrics-reader" fieldPath="" kind="Addon" apiVersion="k3s.cattle.io/v1" type="Normal" reason="ApplyingManifest" message="Applying manifest at \"/var/lib/rancher/k3s/server/manifests/metrics-server/aggregated-metrics-reader.yaml\""
2025-01-30 18:41:23,137 INFO c.h.h.t.OperatorHelmChartContainer - [K3S] [controllermanager.go:765] "Started controller" controller="endpointslice-controller"
2025-01-30 18:41:23,137 INFO c.h.h.t.OperatorHelmChartContainer - [K3S] [endpointslice_controller.go:281] "Starting endpoint slice controller"
2025-01-30 18:41:23,172 INFO c.h.h.t.OperatorHelmChartContainer - [K3S] [event.go:389] "Event occurred" object="kube-system/aggregated-metrics-reader" fieldPath="" kind="Addon" apiVersion="k3s.cattle.io/v1" type="Normal" reason="AppliedManifest" message="Applied manifest at \"/var/lib/rancher/k3s/server/manifests/metrics-server/aggregated-metrics-reader.yaml\""
2025-01-30 18:41:23,178 INFO c.h.h.t.OperatorHelmChartContainer - [K3S] [event.go:389] "Event occurred" object="kube-system/auth-delegator" fieldPath="" kind="Addon" apiVersion="k3s.cattle.io/v1" type="Normal" reason="ApplyingManifest" message="Applying manifest at \"/var/lib/rancher/k3s/server/manifests/metrics-server/auth-delegator.yaml\""
2025-01-30 18:41:23,183 INFO c.h.h.t.OperatorHelmChartContainer - [K3S] [event.go:389] "Event occurred" object="kube-system/auth-delegator" fieldPath="" kind="Addon" apiVersion="k3s.cattle.io/v1" type="Normal" reason="AppliedManifest" message="Applied manifest at \"/var/lib/rancher/k3s/server/manifests/metrics-server/auth-delegator.yaml\""
2025-01-30 18:41:23,189 INFO c.h.h.t.OperatorHelmChartContainer - [K3S] [event.go:389] "Event occurred" object="kube-system/auth-reader" fieldPath="" kind="Addon" apiVersion="k3s.cattle.io/v1" type="Normal" reason="ApplyingManifest" message="Applying manifest at \"/var/lib/rancher/k3s/server/manifests/metrics-server/auth-reader.yaml\""
2025-01-30 18:41:23,194 INFO c.h.h.t.OperatorHelmChartContainer - [K3S] [event.go:389] "Event occurred" object="kube-system/auth-reader" fieldPath="" kind="Addon" apiVersion="k3s.cattle.io/v1" type="Normal" reason="AppliedManifest" message="Applied manifest at \"/var/lib/rancher/k3s/server/manifests/metrics-server/auth-reader.yaml\""
2025-01-30 18:41:23,201 INFO c.h.h.t.OperatorHelmChartContainer - [K3S] [event.go:389] "Event occurred" object="kube-system/metrics-apiservice" fieldPath="" kind="Addon" apiVersion="k3s.cattle.io/v1" type="Normal" reason="ApplyingManifest" message="Applying manifest at \"/var/lib/rancher/k3s/server/manifests/metrics-server/metrics-apiservice.yaml\""
2025-01-30 18:41:23,209 INFO c.h.h.t.OperatorHelmChartContainer - [K3S] [event.go:389] "Event occurred" object="kube-system/metrics-apiservice" fieldPath="" kind="Addon" apiVersion="k3s.cattle.io/v1" type="Normal" reason="AppliedManifest" message="Applied manifest at \"/var/lib/rancher/k3s/server/manifests/metrics-server/metrics-apiservice.yaml\""
2025-01-30 18:41:23,213 INFO c.h.h.t.OperatorHelmChartContainer - [K3S] [handler_proxy.go:99] no RequestInfo found in the context
2025-01-30 18:41:23,214 INFO c.h.h.t.OperatorHelmChartContainer - [K3S] [controller.go:146] "Unhandled Error" err=<
2025-01-30 18:41:23,214 INFO c.h.h.t.OperatorHelmChartContainer - [K3S] 	, Header: map[Content-Type:[text/plain; charset=utf-8] X-Content-Type-Options:[nosniff]]
2025-01-30 18:41:23,214 INFO c.h.h.t.OperatorHelmChartContainer - [K3S]  >
2025-01-30 18:41:23,214 INFO c.h.h.t.OperatorHelmChartContainer - [K3S] [handler_proxy.go:143] error resolving kube-system/metrics-server: service "metrics-server" not found
2025-01-30 18:41:23,215 INFO c.h.h.t.OperatorHelmChartContainer - [K3S] [event.go:389] "Event occurred" object="kube-system/metrics-server-deployment" fieldPath="" kind="Addon" apiVersion="k3s.cattle.io/v1" type="Normal" reason="ApplyingManifest" message="Applying manifest at \"/var/lib/rancher/k3s/server/manifests/metrics-server/metrics-server-deployment.yaml\""
2025-01-30 18:41:23,225 INFO c.h.h.t.OperatorHelmChartContainer - [K3S] [event.go:389] "Event occurred" object="kube-system/metrics-server-deployment" fieldPath="" kind="Addon" apiVersion="k3s.cattle.io/v1" type="Normal" reason="AppliedManifest" message="Applied manifest at \"/var/lib/rancher/k3s/server/manifests/metrics-server/metrics-server-deployment.yaml\""
2025-01-30 18:41:23,230 INFO c.h.h.t.OperatorHelmChartContainer - [K3S] [event.go:389] "Event occurred" object="kube-system/metrics-server-service" fieldPath="" kind="Addon" apiVersion="k3s.cattle.io/v1" type="Normal" reason="ApplyingManifest" message="Applying manifest at \"/var/lib/rancher/k3s/server/manifests/metrics-server/metrics-server-service.yaml\""
2025-01-30 18:41:23,237 INFO c.h.h.t.OperatorHelmChartContainer - [K3S] [alloc.go:330] "allocated clusterIPs" service="kube-system/metrics-server" clusterIPs={"IPv4":"10.43.135.20"}
2025-01-30 18:41:23,239 INFO c.h.h.t.OperatorHelmChartContainer - [K3S] [event.go:389] "Event occurred" object="kube-system/metrics-server-service" fieldPath="" kind="Addon" apiVersion="k3s.cattle.io/v1" type="Normal" reason="AppliedManifest" message="Applied manifest at \"/var/lib/rancher/k3s/server/manifests/metrics-server/metrics-server-service.yaml\""
2025-01-30 18:41:23,240 INFO c.h.h.t.OperatorHelmChartContainer - [K3S] [handler_proxy.go:99] no RequestInfo found in the context
2025-01-30 18:41:23,242 INFO c.h.h.t.OperatorHelmChartContainer - [K3S] [controller.go:146] "Unhandled Error" err=<
2025-01-30 18:41:23,242 INFO c.h.h.t.OperatorHelmChartContainer - [K3S] 	, Header: map[Content-Type:[text/plain; charset=utf-8] X-Content-Type-Options:[nosniff]]
2025-01-30 18:41:23,242 INFO c.h.h.t.OperatorHelmChartContainer - [K3S]  >
2025-01-30 18:41:23,242 INFO c.h.h.t.OperatorHelmChartContainer - [K3S] [handler_proxy.go:143] error resolving kube-system/metrics-server: endpoints "metrics-server" not found
2025-01-30 18:41:23,246 INFO c.h.h.t.OperatorHelmChartContainer - [K3S] [event.go:389] "Event occurred" object="kube-system/resource-reader" fieldPath="" kind="Addon" apiVersion="k3s.cattle.io/v1" type="Normal" reason="ApplyingManifest" message="Applying manifest at \"/var/lib/rancher/k3s/server/manifests/metrics-server/resource-reader.yaml\""
2025-01-30 18:41:23,284 INFO c.h.h.t.OperatorHelmChartContainer - [K3S] [event.go:389] "Event occurred" object="kube-system/resource-reader" fieldPath="" kind="Addon" apiVersion="k3s.cattle.io/v1" type="Normal" reason="AppliedManifest" message="Applied manifest at \"/var/lib/rancher/k3s/server/manifests/metrics-server/resource-reader.yaml\""
2025-01-30 18:41:23,287 INFO c.h.h.t.OperatorHelmChartContainer - [K3S] [controllermanager.go:765] "Started controller" controller="replicationcontroller-controller"
2025-01-30 18:41:23,287 INFO c.h.h.t.OperatorHelmChartContainer - [K3S] [controllermanager.go:717] "Controller is disabled by a feature gate" controller="service-cidr-controller" requiredFeatureGates=["MultiCIDRServiceAllocator"]
2025-01-30 18:41:23,288 INFO c.h.h.t.OperatorHelmChartContainer - [K3S] [replica_set.go:217] "Starting controller" name="replicationcontroller"
2025-01-30 18:41:23,293 INFO c.h.h.t.OperatorHelmChartContainer - [K3S] [event.go:389] "Event occurred" object="kube-system/rolebindings" fieldPath="" kind="Addon" apiVersion="k3s.cattle.io/v1" type="Normal" reason="ApplyingManifest" message="Applying manifest at \"/var/lib/rancher/k3s/server/manifests/rolebindings.yaml\""
2025-01-30 18:41:23,416 INFO c.h.h.t.OperatorHelmChartContainer - [K3S] [event.go:389] "Event occurred" object="kube-system/rolebindings" fieldPath="" kind="Addon" apiVersion="k3s.cattle.io/v1" type="Normal" reason="AppliedManifest" message="Applied manifest at \"/var/lib/rancher/k3s/server/manifests/rolebindings.yaml\""
2025-01-30 18:41:23,433 INFO c.h.h.t.OperatorHelmChartContainer - [K3S] [event.go:389] "Event occurred" object="kube-system/runtimes" fieldPath="" kind="Addon" apiVersion="k3s.cattle.io/v1" type="Normal" reason="ApplyingManifest" message="Applying manifest at \"/var/lib/rancher/k3s/server/manifests/runtimes.yaml\""
2025-01-30 18:41:23,441 INFO c.h.h.t.OperatorHelmChartContainer - [K3S] [controllermanager.go:765] "Started controller" controller="daemonset-controller"
2025-01-30 18:41:23,443 INFO c.h.h.t.OperatorHelmChartContainer - [K3S] [daemon_controller.go:294] "Starting daemon sets controller"
2025-01-30 18:41:23,473 INFO c.h.h.t.OperatorHelmChartContainer - [K3S] [event.go:389] "Event occurred" object="kube-system/runtimes" fieldPath="" kind="Addon" apiVersion="k3s.cattle.io/v1" type="Normal" reason="AppliedManifest" message="Applied manifest at \"/var/lib/rancher/k3s/server/manifests/runtimes.yaml\""
2025-01-30 18:41:23,588 INFO c.h.h.t.OperatorHelmChartContainer - [K3S] [controllermanager.go:765] "Started controller" controller="ephemeral-volume-controller"
2025-01-30 18:41:23,588 INFO c.h.h.t.OperatorHelmChartContainer - [K3S] [controllermanager.go:717] "Controller is disabled by a feature gate" controller="resourceclaim-controller" requiredFeatureGates=["DynamicResourceAllocation"]
2025-01-30 18:41:23,588 INFO c.h.h.t.OperatorHelmChartContainer - [K3S] [controller.go:173] "Starting ephemeral volume controller"
2025-01-30 18:41:23,737 INFO c.h.h.t.OperatorHelmChartContainer - [K3S] [controllermanager.go:765] "Started controller" controller="persistentvolumeclaim-protection-controller"
2025-01-30 18:41:23,737 INFO c.h.h.t.OperatorHelmChartContainer - [K3S] [pvc_protection_controller.go:168] "Starting PVC protection controller"
2025-01-30 18:41:23,864 INFO c.h.h.t.OperatorHelmChartContainer - [K3S] [serving.go:392] Generated self-signed cert in-memory
2025-01-30 18:41:23,887 INFO c.h.h.t.OperatorHelmChartContainer - [K3S] [controllermanager.go:765] "Started controller" controller="root-ca-certificate-publisher-controller"
2025-01-30 18:41:23,888 INFO c.h.h.t.OperatorHelmChartContainer - [K3S] [publisher.go:107] "Starting root CA cert publisher controller"
2025-01-30 18:41:23,931 INFO c.h.h.t.OperatorHelmChartContainer - [K3S] [INFO] Tunnel authorizer set Kubelet Port 0.0.0.0:10250
2025-01-30 18:41:24,038 INFO c.h.h.t.OperatorHelmChartContainer - [K3S] [controllermanager.go:765] "Started controller" controller="pod-garbage-collector-controller"
2025-01-30 18:41:24,038 INFO c.h.h.t.OperatorHelmChartContainer - [K3S] [gc_controller.go:99] "Starting GC controller"
2025-01-30 18:41:24,208 INFO c.h.h.t.OperatorHelmChartContainer - [K3S] [handler_proxy.go:99] no RequestInfo found in the context
2025-01-30 18:41:24,208 INFO c.h.h.t.OperatorHelmChartContainer - [K3S] [handler_proxy.go:99] no RequestInfo found in the context
2025-01-30 18:41:24,208 INFO c.h.h.t.OperatorHelmChartContainer - [K3S] [controller.go:102] "Unhandled Error" err=<
2025-01-30 18:41:24,208 INFO c.h.h.t.OperatorHelmChartContainer - [K3S] 	, Header: map[Content-Type:[text/plain; charset=utf-8] X-Content-Type-Options:[nosniff]]
2025-01-30 18:41:24,208 INFO c.h.h.t.OperatorHelmChartContainer - [K3S]  >
2025-01-30 18:41:24,250 INFO c.h.h.t.OperatorHelmChartContainer - [K3S] [serving.go:392] Generated self-signed cert in-memory
2025-01-30 18:41:24,337 INFO c.h.h.t.OperatorHelmChartContainer - [K3S] [controllermanager.go:765] "Started controller" controller="horizontal-pod-autoscaler-controller"
2025-01-30 18:41:24,337 INFO c.h.h.t.OperatorHelmChartContainer - [K3S] [horizontal.go:201] "Starting HPA controller"
2025-01-30 18:41:24,388 INFO c.h.h.t.OperatorHelmChartContainer - [K3S] [certificate_controller.go:120] "Starting certificate controller" name="csrsigning-kubelet-serving"
2025-01-30 18:41:24,388 INFO c.h.h.t.OperatorHelmChartContainer - [K3S] [dynamic_serving_content.go:135] "Starting controller" name="csr-controller::/var/lib/rancher/k3s/server/tls/server-ca.nochain.crt::/var/lib/rancher/k3s/server/tls/server-ca.key"
2025-01-30 18:41:24,388 INFO c.h.h.t.OperatorHelmChartContainer - [K3S] [certificate_controller.go:120] "Starting certificate controller" name="csrsigning-kubelet-client"
2025-01-30 18:41:24,388 INFO c.h.h.t.OperatorHelmChartContainer - [K3S] [dynamic_serving_content.go:135] "Starting controller" name="csr-controller::/var/lib/rancher/k3s/server/tls/client-ca.nochain.crt::/var/lib/rancher/k3s/server/tls/client-ca.key"
2025-01-30 18:41:24,388 INFO c.h.h.t.OperatorHelmChartContainer - [K3S] [controllermanager.go:765] "Started controller" controller="certificatesigningrequest-signing-controller"
2025-01-30 18:41:24,389 INFO c.h.h.t.OperatorHelmChartContainer - [K3S] [certificate_controller.go:120] "Starting certificate controller" name="csrsigning-kube-apiserver-client"
2025-01-30 18:41:24,390 INFO c.h.h.t.OperatorHelmChartContainer - [K3S] [dynamic_serving_content.go:135] "Starting controller" name="csr-controller::/var/lib/rancher/k3s/server/tls/client-ca.nochain.crt::/var/lib/rancher/k3s/server/tls/client-ca.key"
2025-01-30 18:41:24,390 INFO c.h.h.t.OperatorHelmChartContainer - [K3S] [certificate_controller.go:120] "Starting certificate controller" name="csrsigning-legacy-unknown"
2025-01-30 18:41:24,390 INFO c.h.h.t.OperatorHelmChartContainer - [K3S] [dynamic_serving_content.go:135] "Starting controller" name="csr-controller::/var/lib/rancher/k3s/server/tls/server-ca.nochain.crt::/var/lib/rancher/k3s/server/tls/server-ca.key"
2025-01-30 18:41:24,418 INFO c.h.h.t.OperatorHelmChartContainer - [K3S] [actual_state_of_world.go:541] "Failed to update statusUpdateNeeded field in actual state of world" err="Failed to set statusUpdateNeeded to needed true, because nodeName=\"f9fcd521f1d0\" does not exist"
2025-01-30 18:41:24,444 INFO c.h.h.t.OperatorHelmChartContainer - [K3S] [node_lifecycle_controller.go:1234] "Initializing eviction metric for zone" zone=""
2025-01-30 18:41:24,444 INFO c.h.h.t.OperatorHelmChartContainer - [K3S] [node_lifecycle_controller.go:886] "Missing timestamp for Node. Assuming now as a timestamp" node="f9fcd521f1d0"
2025-01-30 18:41:24,445 INFO c.h.h.t.OperatorHelmChartContainer - [K3S] [node_lifecycle_controller.go:1080] "Controller detected that zone is now in new state" zone="" newState="Normal"
2025-01-30 18:41:24,453 INFO c.h.h.t.OperatorHelmChartContainer - [K3S] [INFO] Updated coredns NodeHosts entry for f9fcd521f1d0
2025-01-30 18:41:24,456 INFO c.h.h.t.OperatorHelmChartContainer - [K3S] [controllermanager.go:160] Version: v1.32.1+k3s1
2025-01-30 18:41:24,461 INFO c.h.h.t.OperatorHelmChartContainer - [K3S] [requestheader_controller.go:180] Starting RequestHeaderAuthRequestController
2025-01-30 18:41:24,461 INFO c.h.h.t.OperatorHelmChartContainer - [K3S] [configmap_cafile_content.go:205] "Starting controller" name="client-ca::kube-system::extension-apiserver-authentication::client-ca-file"
2025-01-30 18:41:24,462 INFO c.h.h.t.OperatorHelmChartContainer - [K3S] [configmap_cafile_content.go:205] "Starting controller" name="client-ca::kube-system::extension-apiserver-authentication::requestheader-client-ca-file"
2025-01-30 18:41:24,462 INFO c.h.h.t.OperatorHelmChartContainer - [K3S] [secure_serving.go:213] Serving securely on 127.0.0.1:10258
2025-01-30 18:41:24,462 INFO c.h.h.t.OperatorHelmChartContainer - [K3S] [tlsconfig.go:243] "Starting DynamicServingCertificateController"
2025-01-30 18:41:24,464 INFO c.h.h.t.OperatorHelmChartContainer - [K3S] [INFO] Creating service-lb-controller event broadcaster
2025-01-30 18:41:24,491 INFO c.h.h.t.OperatorHelmChartContainer - [K3S] [range_allocator.go:177] "Sending events to api server"
2025-01-30 18:41:24,491 INFO c.h.h.t.OperatorHelmChartContainer - [K3S] [range_allocator.go:183] "Starting range CIDR allocator"
2025-01-30 18:41:24,495 INFO c.h.h.t.OperatorHelmChartContainer - [K3S] [range_allocator.go:428] "Set node PodCIDR" node="f9fcd521f1d0" podCIDRs=["10.42.0.0/24"]
2025-01-30 18:41:24,496 INFO c.h.h.t.OperatorHelmChartContainer - [K3S] [range_allocator.go:247] "Successfully synced" key="f9fcd521f1d0"
2025-01-30 18:41:24,496 INFO c.h.h.t.OperatorHelmChartContainer - [K3S] [range_allocator.go:247] "Successfully synced" key="f9fcd521f1d0"
2025-01-30 18:41:24,496 INFO c.h.h.t.OperatorHelmChartContainer - [K3S] [INFO] Flannel found PodCIDR assigned for node f9fcd521f1d0
2025-01-30 18:41:24,498 INFO c.h.h.t.OperatorHelmChartContainer - [K3S] [INFO] The interface eth0 with ipv4 address 172.17.0.3 will be used by flannel
2025-01-30 18:41:24,498 INFO c.h.h.t.OperatorHelmChartContainer - [K3S] [kube.go:139] Waiting 10m0s for node controller to sync
2025-01-30 18:41:24,498 INFO c.h.h.t.OperatorHelmChartContainer - [K3S] [kube.go:469] Starting kube subnet manager
2025-01-30 18:41:24,505 INFO c.h.h.t.OperatorHelmChartContainer - [K3S] [INFO] Network policy controller waiting for removal of node.cloudprovider.kubernetes.io/uninitialized taint
2025-01-30 18:41:24,578 INFO c.h.h.t.OperatorHelmChartContainer - [K3S] [INFO] Starting /v1, Kind=Node controller
2025-01-30 18:41:24,581 INFO c.h.h.t.OperatorHelmChartContainer - [K3S] [INFO] Starting /v1, Kind=Pod controller
2025-01-30 18:41:24,584 INFO c.h.h.t.OperatorHelmChartContainer - [K3S] [INFO] Starting apps/v1, Kind=DaemonSet controller
2025-01-30 18:41:24,587 INFO c.h.h.t.OperatorHelmChartContainer - [K3S] [INFO] Starting discovery.k8s.io/v1, Kind=EndpointSlice controller
2025-01-30 18:41:24,587 INFO c.h.h.t.OperatorHelmChartContainer - [K3S] [controllermanager.go:329] Started "cloud-node-controller"
2025-01-30 18:41:24,588 INFO c.h.h.t.OperatorHelmChartContainer - [K3S] [node_controller.go:176] Sending events to api server.
2025-01-30 18:41:24,588 INFO c.h.h.t.OperatorHelmChartContainer - [K3S] [node_controller.go:185] Waiting for informer caches to sync
2025-01-30 18:41:24,588 INFO c.h.h.t.OperatorHelmChartContainer - [K3S] [controllermanager.go:329] Started "cloud-node-lifecycle-controller"
2025-01-30 18:41:24,589 INFO c.h.h.t.OperatorHelmChartContainer - [K3S] [node_lifecycle_controller.go:112] Sending events to api server
2025-01-30 18:41:24,589 INFO c.h.h.t.OperatorHelmChartContainer - [K3S] [controllermanager.go:329] Started "service-lb-controller"
2025-01-30 18:41:24,589 INFO c.h.h.t.OperatorHelmChartContainer - [K3S] [controllermanager.go:306] "node-route-controller" is disabled
2025-01-30 18:41:24,589 INFO c.h.h.t.OperatorHelmChartContainer - [K3S] [controller.go:234] Starting service controller
2025-01-30 18:41:24,692 INFO c.h.h.t.OperatorHelmChartContainer - [K3S] [node_controller.go:429] Initializing node f9fcd521f1d0 with cloud provider
2025-01-30 18:41:24,702 INFO c.h.h.t.OperatorHelmChartContainer - [K3S] [node_controller.go:474] Successfully initialized node f9fcd521f1d0 with cloud provider
2025-01-30 18:41:24,702 INFO c.h.h.t.OperatorHelmChartContainer - [K3S] [event.go:389] "Event occurred" object="f9fcd521f1d0" fieldPath="" kind="Node" apiVersion="v1" type="Normal" reason="Synced" message="Node synced successfully"
2025-01-30 18:41:24,705 INFO c.h.h.t.OperatorHelmChartContainer - [K3S] [range_allocator.go:247] "Successfully synced" key="f9fcd521f1d0"
2025-01-30 18:41:24,928 INFO c.h.h.t.OperatorHelmChartContainer - [K3S] [INFO] Started tunnel to 172.17.0.3:6443
2025-01-30 18:41:24,928 INFO c.h.h.t.OperatorHelmChartContainer - [K3S] [INFO] Stopped tunnel to 127.0.0.1:6443
2025-01-30 18:41:24,928 INFO c.h.h.t.OperatorHelmChartContainer - [K3S] [INFO] Connecting to proxy" url="wss://172.17.0.3:6443/v1-k3s/connect
2025-01-30 18:41:24,928 INFO c.h.h.t.OperatorHelmChartContainer - [K3S] [INFO] Proxy done" err="context canceled" url="wss://127.0.0.1:6443/v1-k3s/connect
2025-01-30 18:41:24,928 INFO c.h.h.t.OperatorHelmChartContainer - [K3S] [INFO] error in remotedialer server [400]: websocket: close 1006 (abnormal closure): unexpected EOF
2025-01-30 18:41:24,931 INFO c.h.h.t.OperatorHelmChartContainer - [K3S] [INFO] Handling backend connection request [f9fcd521f1d0]
2025-01-30 18:41:24,931 INFO c.h.h.t.OperatorHelmChartContainer - [K3S] [INFO] Remotedialer connected to proxy" url="wss://172.17.0.3:6443/v1-k3s/connect
2025-01-30 18:41:24,944 INFO c.h.h.t.OperatorHelmChartContainer - [K3S] [range_allocator.go:247] "Successfully synced" key="f9fcd521f1d0"
2025-01-30 18:41:25,017 INFO c.h.h.t.OperatorHelmChartContainer - [K3S] [serving.go:392] Generated self-signed cert in-memory
2025-01-30 18:41:25,145 INFO c.h.h.t.OperatorHelmChartContainer - [K3S] [handler_proxy.go:99] no RequestInfo found in the context
2025-01-30 18:41:25,146 INFO c.h.h.t.OperatorHelmChartContainer - [K3S] [controller.go:146] "Unhandled Error" err=<
2025-01-30 18:41:25,146 INFO c.h.h.t.OperatorHelmChartContainer - [K3S] 	, Header: map[Content-Type:[text/plain; charset=utf-8] X-Content-Type-Options:[nosniff]]
2025-01-30 18:41:25,146 INFO c.h.h.t.OperatorHelmChartContainer - [K3S]  >
2025-01-30 18:41:25,147 INFO c.h.h.t.OperatorHelmChartContainer - [K3S] [handler_proxy.go:143] error resolving kube-system/metrics-server: no endpoints available for service "metrics-server"
2025-01-30 18:41:25,306 INFO c.h.h.t.OperatorHelmChartContainer - [K3S] [replica_set.go:679] "Finished syncing" kind="ReplicaSet" key="kube-system/metrics-server-8584b5786c" duration="658.373098ms"
2025-01-30 18:41:25,307 INFO c.h.h.t.OperatorHelmChartContainer - [K3S] [replica_set.go:679] "Finished syncing" kind="ReplicaSet" key="kube-system/coredns-ff8999cc5" duration="658.733249ms"
2025-01-30 18:41:25,309 INFO c.h.h.t.OperatorHelmChartContainer - [K3S] [replica_set.go:679] "Finished syncing" kind="ReplicaSet" key="kube-system/local-path-provisioner-698b58967b" duration="659.063931ms"
2025-01-30 18:41:25,313 INFO c.h.h.t.OperatorHelmChartContainer - [K3S] [replica_set.go:679] "Finished syncing" kind="ReplicaSet" key="kube-system/local-path-provisioner-698b58967b" duration="4.510507ms"
2025-01-30 18:41:25,315 INFO c.h.h.t.OperatorHelmChartContainer - [K3S] [replica_set.go:679] "Finished syncing" kind="ReplicaSet" key="kube-system/local-path-provisioner-698b58967b" duration="27.32µs"
2025-01-30 18:41:25,322 INFO c.h.h.t.OperatorHelmChartContainer - [K3S] [replica_set.go:679] "Finished syncing" kind="ReplicaSet" key="kube-system/coredns-ff8999cc5" duration="13.26345ms"
2025-01-30 18:41:25,322 INFO c.h.h.t.OperatorHelmChartContainer - [K3S] [replica_set.go:679] "Finished syncing" kind="ReplicaSet" key="kube-system/coredns-ff8999cc5" duration="30.066µs"
2025-01-30 18:41:25,322 INFO c.h.h.t.OperatorHelmChartContainer - [K3S] [replica_set.go:679] "Finished syncing" kind="ReplicaSet" key="kube-system/metrics-server-8584b5786c" duration="15.352842ms"
2025-01-30 18:41:25,322 INFO c.h.h.t.OperatorHelmChartContainer - [K3S] [replica_set.go:679] "Finished syncing" kind="ReplicaSet" key="kube-system/metrics-server-8584b5786c" duration="22.621µs"
2025-01-30 18:41:25,340 INFO c.h.h.t.OperatorHelmChartContainer - [K3S] [server.go:164] "Starting Kubernetes Scheduler" version="v1.32.1+k3s1"
2025-01-30 18:41:25,340 INFO c.h.h.t.OperatorHelmChartContainer - [K3S] [server.go:166] "Golang settings" GOGC="" GOMAXPROCS="" GOTRACEBACK=""
2025-01-30 18:41:25,343 INFO c.h.h.t.OperatorHelmChartContainer - [K3S] [secure_serving.go:213] Serving securely on 127.0.0.1:10259
2025-01-30 18:41:25,345 INFO c.h.h.t.OperatorHelmChartContainer - [K3S] [configmap_cafile_content.go:205] "Starting controller" name="client-ca::kube-system::extension-apiserver-authentication::requestheader-client-ca-file"
2025-01-30 18:41:25,345 INFO c.h.h.t.OperatorHelmChartContainer - [K3S] [requestheader_controller.go:180] Starting RequestHeaderAuthRequestController
2025-01-30 18:41:25,345 INFO c.h.h.t.OperatorHelmChartContainer - [K3S] [configmap_cafile_content.go:205] "Starting controller" name="client-ca::kube-system::extension-apiserver-authentication::client-ca-file"
2025-01-30 18:41:25,345 INFO c.h.h.t.OperatorHelmChartContainer - [K3S] [tlsconfig.go:243] "Starting DynamicServingCertificateController"
2025-01-30 18:41:25,453 INFO c.h.h.t.OperatorHelmChartContainer - [K3S] [replica_set.go:679] "Finished syncing" kind="ReplicaSet" key="kube-system/metrics-server-8584b5786c" duration="41.817µs"
2025-01-30 18:41:25,454 INFO c.h.h.t.OperatorHelmChartContainer - [K3S] [replica_set.go:679] "Finished syncing" kind="ReplicaSet" key="kube-system/coredns-ff8999cc5" duration="26.349µs"
2025-01-30 18:41:25,455 INFO c.h.h.t.OperatorHelmChartContainer - [K3S] [replica_set.go:679] "Finished syncing" kind="ReplicaSet" key="kube-system/local-path-provisioner-698b58967b" duration="29.104µs"
2025-01-30 18:41:25,455 INFO c.h.h.t.OperatorHelmChartContainer - [K3S] [reflector.go:569] object-"kube-system"/"kube-root-ca.crt": failed to list *v1.ConfigMap: configmaps "kube-root-ca.crt" is forbidden: User "system:node:f9fcd521f1d0" cannot list resource "configmaps" in API group "" in the namespace "kube-system": no relationship found between node 'f9fcd521f1d0' and this object
2025-01-30 18:41:25,456 INFO c.h.h.t.OperatorHelmChartContainer - [K3S] [reflector.go:166] "Unhandled Error" err="object-\"kube-system\"/\"kube-root-ca.crt\": Failed to watch *v1.ConfigMap: failed to list *v1.ConfigMap: configmaps \"kube-root-ca.crt\" is forbidden: User \"system:node:f9fcd521f1d0\" cannot list resource \"configmaps\" in API group \"\" in the namespace \"kube-system\": no relationship found between node 'f9fcd521f1d0' and this object"
2025-01-30 18:41:25,471 INFO c.h.h.t.OperatorHelmChartContainer - [K3S] [replica_set.go:679] "Finished syncing" kind="ReplicaSet" key="kube-system/metrics-server-8584b5786c" duration="36.628µs"
2025-01-30 18:41:25,477 INFO c.h.h.t.OperatorHelmChartContainer - [K3S] [replica_set.go:679] "Finished syncing" kind="ReplicaSet" key="kube-system/local-path-provisioner-698b58967b" duration="32.12µs"
2025-01-30 18:41:25,483 INFO c.h.h.t.OperatorHelmChartContainer - [K3S] [replica_set.go:679] "Finished syncing" kind="ReplicaSet" key="kube-system/coredns-ff8999cc5" duration="38.682µs"
2025-01-30 18:41:25,498 INFO c.h.h.t.OperatorHelmChartContainer - [K3S] [kube.go:146] Node controller sync successful
2025-01-30 18:41:25,498 INFO c.h.h.t.OperatorHelmChartContainer - [K3S] [vxlan.go:141] VXLAN config: VNI=1 Port=0 GBP=false Learning=false DirectRouting=false
2025-01-30 18:41:25,500 INFO c.h.h.t.OperatorHelmChartContainer - [K3S] [kube.go:636] List of node(f9fcd521f1d0) annotations: map[string]string{"alpha.kubernetes.io/provided-node-ip":"172.17.0.3", "k3s.io/hostname":"f9fcd521f1d0", "k3s.io/internal-ip":"172.17.0.3", "k3s.io/node-args":"[\"server\",\"--disable\",\"traefik\",\"--tls-san\",\"localhost\"]", "k3s.io/node-config-hash":"JO7YSLDHXFTIIPZLLVI7GVGPULZK5EY6PYXUBKR6RNNG4QMX5FBQ====", "k3s.io/node-env":"{}", "node.alpha.kubernetes.io/ttl":"0", "volumes.kubernetes.io/controller-managed-attach-detach":"true"}
2025-01-30 18:41:25,505 INFO c.h.h.t.OperatorHelmChartContainer - [K3S] [iptables.go:51] Starting flannel in iptables mode...
2025-01-30 18:41:25,505 INFO c.h.h.t.OperatorHelmChartContainer - [K3S] [WARNING] no subnet found for key: FLANNEL_NETWORK in file: /run/flannel/subnet.env
2025-01-30 18:41:25,505 INFO c.h.h.t.OperatorHelmChartContainer - [K3S] [WARNING] no subnet found for key: FLANNEL_SUBNET in file: /run/flannel/subnet.env
2025-01-30 18:41:25,505 INFO c.h.h.t.OperatorHelmChartContainer - [K3S] [WARNING] no subnet found for key: FLANNEL_IPV6_NETWORK in file: /run/flannel/subnet.env
2025-01-30 18:41:25,505 INFO c.h.h.t.OperatorHelmChartContainer - [K3S] [WARNING] no subnet found for key: FLANNEL_IPV6_SUBNET in file: /run/flannel/subnet.env
2025-01-30 18:41:25,505 INFO c.h.h.t.OperatorHelmChartContainer - [K3S] [iptables.go:115] Current network or subnet (10.42.0.0/16, 10.42.0.0/24) is not equal to previous one (0.0.0.0/0, 0.0.0.0/0), trying to recycle old iptables rules
2025-01-30 18:41:25,505 INFO c.h.h.t.OperatorHelmChartContainer - [K3S] [kube.go:490] Creating the node lease for IPv4. This is the n.Spec.PodCIDRs: [10.42.0.0/24]
2025-01-30 18:41:25,505 INFO c.h.h.t.OperatorHelmChartContainer - [K3S] [range_allocator.go:247] "Successfully synced" key="f9fcd521f1d0"
2025-01-30 18:41:25,512 INFO c.h.h.t.OperatorHelmChartContainer - [K3S] [iptables.go:125] Setting up masking rules
2025-01-30 18:41:25,514 INFO c.h.h.t.OperatorHelmChartContainer - [K3S] [iptables.go:226] Changing default FORWARD chain policy to ACCEPT
2025-01-30 18:41:25,516 INFO c.h.h.t.OperatorHelmChartContainer - [K3S] [INFO] Wrote flannel subnet file to /run/flannel/subnet.env
2025-01-30 18:41:25,516 INFO c.h.h.t.OperatorHelmChartContainer - [K3S] [INFO] Running flannel backend.
2025-01-30 18:41:25,516 INFO c.h.h.t.OperatorHelmChartContainer - [K3S] [vxlan_network.go:65] watching for new subnet leases
2025-01-30 18:41:25,524 INFO c.h.h.t.OperatorHelmChartContainer - [K3S] [iptables.go:372] bootstrap done
2025-01-30 18:41:25,529 INFO c.h.h.t.OperatorHelmChartContainer - [K3S] [iptables.go:372] bootstrap done
2025-01-30 18:41:25,595 INFO c.h.h.t.OperatorHelmChartContainer - [K3S] [reconciler_common.go:251] "operationExecutor.VerifyControllerAttachedVolume started for volume \"kube-api-access-wlsb2\" (UniqueName: \"kubernetes.io/projected/5c8d08a6-7318-422b-992e-c4c27be85365-kube-api-access-wlsb2\") pod \"coredns-ff8999cc5-dcn9h\" (UID: \"5c8d08a6-7318-422b-992e-c4c27be85365\") " pod="kube-system/coredns-ff8999cc5-dcn9h"
2025-01-30 18:41:25,596 INFO c.h.h.t.OperatorHelmChartContainer - [K3S] [reconciler_common.go:251] "operationExecutor.VerifyControllerAttachedVolume started for volume \"config-volume\" (UniqueName: \"kubernetes.io/configmap/83e87f2b-0a3d-49f8-bfc1-220f70ad3a01-config-volume\") pod \"local-path-provisioner-698b58967b-hj5lf\" (UID: \"83e87f2b-0a3d-49f8-bfc1-220f70ad3a01\") " pod="kube-system/local-path-provisioner-698b58967b-hj5lf"
2025-01-30 18:41:25,596 INFO c.h.h.t.OperatorHelmChartContainer - [K3S] [reconciler_common.go:251] "operationExecutor.VerifyControllerAttachedVolume started for volume \"kube-api-access-zlw64\" (UniqueName: \"kubernetes.io/projected/83e87f2b-0a3d-49f8-bfc1-220f70ad3a01-kube-api-access-zlw64\") pod \"local-path-provisioner-698b58967b-hj5lf\" (UID: \"83e87f2b-0a3d-49f8-bfc1-220f70ad3a01\") " pod="kube-system/local-path-provisioner-698b58967b-hj5lf"
2025-01-30 18:41:25,596 INFO c.h.h.t.OperatorHelmChartContainer - [K3S] [reconciler_common.go:251] "operationExecutor.VerifyControllerAttachedVolume started for volume \"tmp-dir\" (UniqueName: \"kubernetes.io/empty-dir/918dc571-091f-41d1-a641-7db2f82abfe2-tmp-dir\") pod \"metrics-server-8584b5786c-wv2t4\" (UID: \"918dc571-091f-41d1-a641-7db2f82abfe2\") " pod="kube-system/metrics-server-8584b5786c-wv2t4"
2025-01-30 18:41:25,596 INFO c.h.h.t.OperatorHelmChartContainer - [K3S] [reconciler_common.go:251] "operationExecutor.VerifyControllerAttachedVolume started for volume \"kube-api-access-8gzx6\" (UniqueName: \"kubernetes.io/projected/918dc571-091f-41d1-a641-7db2f82abfe2-kube-api-access-8gzx6\") pod \"metrics-server-8584b5786c-wv2t4\" (UID: \"918dc571-091f-41d1-a641-7db2f82abfe2\") " pod="kube-system/metrics-server-8584b5786c-wv2t4"
2025-01-30 18:41:25,596 INFO c.h.h.t.OperatorHelmChartContainer - [K3S] [reconciler_common.go:251] "operationExecutor.VerifyControllerAttachedVolume started for volume \"config-volume\" (UniqueName: \"kubernetes.io/configmap/5c8d08a6-7318-422b-992e-c4c27be85365-config-volume\") pod \"coredns-ff8999cc5-dcn9h\" (UID: \"5c8d08a6-7318-422b-992e-c4c27be85365\") " pod="kube-system/coredns-ff8999cc5-dcn9h"
2025-01-30 18:41:25,598 INFO c.h.h.t.OperatorHelmChartContainer - [K3S] [reconciler_common.go:251] "operationExecutor.VerifyControllerAttachedVolume started for volume \"custom-config-volume\" (UniqueName: \"kubernetes.io/configmap/5c8d08a6-7318-422b-992e-c4c27be85365-custom-config-volume\") pod \"coredns-ff8999cc5-dcn9h\" (UID: \"5c8d08a6-7318-422b-992e-c4c27be85365\") " pod="kube-system/coredns-ff8999cc5-dcn9h"
2025-01-30 18:41:26,149 INFO c.h.h.t.OperatorHelmChartContainer - [K3S] [handler_proxy.go:99] no RequestInfo found in the context
2025-01-30 18:41:26,149 INFO c.h.h.t.OperatorHelmChartContainer - [K3S] [handler_proxy.go:99] no RequestInfo found in the context
2025-01-30 18:41:26,150 INFO c.h.h.t.OperatorHelmChartContainer - [K3S] [controller.go:102] "Unhandled Error" err=<
2025-01-30 18:41:26,150 INFO c.h.h.t.OperatorHelmChartContainer - [K3S] 	, Header: map[Content-Type:[text/plain; charset=utf-8] X-Content-Type-Options:[nosniff]]
2025-01-30 18:41:26,150 INFO c.h.h.t.OperatorHelmChartContainer - [K3S]  >
2025-01-30 18:41:26,611 INFO c.h.h.t.OperatorHelmChartContainer - [K3S] [INFO] Starting network policy controller version v2.2.1, built on 2025-01-28T18:27:08Z, go1.23.4
2025-01-30 18:41:26,612 INFO c.h.h.t.OperatorHelmChartContainer - [K3S] [network_policy_controller.go:164] Starting network policy controller
2025-01-30 18:41:26,645 INFO c.h.h.t.OperatorHelmChartContainer - [K3S] [network_policy_controller.go:176] Starting network policy controller full sync goroutine
2025-01-30 18:41:26,703 INFO c.h.h.t.OperatorHelmChartContainer - [K3S] [projected.go:288] Couldn't get configMap kube-system/kube-root-ca.crt: failed to sync configmap cache: timed out waiting for the condition
2025-01-30 18:41:26,704 INFO c.h.h.t.OperatorHelmChartContainer - [K3S] [projected.go:194] Error preparing data for projected volume kube-api-access-zlw64 for pod kube-system/local-path-provisioner-698b58967b-hj5lf: failed to sync configmap cache: timed out waiting for the condition
2025-01-30 18:41:26,704 INFO c.h.h.t.OperatorHelmChartContainer - [K3S] [projected.go:288] Couldn't get configMap kube-system/kube-root-ca.crt: failed to sync configmap cache: timed out waiting for the condition
2025-01-30 18:41:26,704 INFO c.h.h.t.OperatorHelmChartContainer - [K3S] [projected.go:194] Error preparing data for projected volume kube-api-access-wlsb2 for pod kube-system/coredns-ff8999cc5-dcn9h: failed to sync configmap cache: timed out waiting for the condition
2025-01-30 18:41:26,704 INFO c.h.h.t.OperatorHelmChartContainer - [K3S] [nestedpendingoperations.go:348] Operation for "{volumeName:kubernetes.io/projected/5c8d08a6-7318-422b-992e-c4c27be85365-kube-api-access-wlsb2 podName:5c8d08a6-7318-422b-992e-c4c27be85365 nodeName:}" failed. No retries permitted until 2025-01-30 18:41:27.203205386 +0000 UTC m=+11.065575982 (durationBeforeRetry 500ms). Error: MountVolume.SetUp failed for volume "kube-api-access-wlsb2" (UniqueName: "kubernetes.io/projected/5c8d08a6-7318-422b-992e-c4c27be85365-kube-api-access-wlsb2") pod "coredns-ff8999cc5-dcn9h" (UID: "5c8d08a6-7318-422b-992e-c4c27be85365") : failed to sync configmap cache: timed out waiting for the condition
2025-01-30 18:41:26,704 INFO c.h.h.t.OperatorHelmChartContainer - [K3S] [projected.go:288] Couldn't get configMap kube-system/kube-root-ca.crt: failed to sync configmap cache: timed out waiting for the condition
2025-01-30 18:41:26,704 INFO c.h.h.t.OperatorHelmChartContainer - [K3S] [projected.go:194] Error preparing data for projected volume kube-api-access-8gzx6 for pod kube-system/metrics-server-8584b5786c-wv2t4: failed to sync configmap cache: timed out waiting for the condition
2025-01-30 18:41:26,704 INFO c.h.h.t.OperatorHelmChartContainer - [K3S] [nestedpendingoperations.go:348] Operation for "{volumeName:kubernetes.io/projected/918dc571-091f-41d1-a641-7db2f82abfe2-kube-api-access-8gzx6 podName:918dc571-091f-41d1-a641-7db2f82abfe2 nodeName:}" failed. No retries permitted until 2025-01-30 18:41:27.203363372 +0000 UTC m=+11.065733958 (durationBeforeRetry 500ms). Error: MountVolume.SetUp failed for volume "kube-api-access-8gzx6" (UniqueName: "kubernetes.io/projected/918dc571-091f-41d1-a641-7db2f82abfe2-kube-api-access-8gzx6") pod "metrics-server-8584b5786c-wv2t4" (UID: "918dc571-091f-41d1-a641-7db2f82abfe2") : failed to sync configmap cache: timed out waiting for the condition
2025-01-30 18:41:26,704 INFO c.h.h.t.OperatorHelmChartContainer - [K3S] [nestedpendingoperations.go:348] Operation for "{volumeName:kubernetes.io/projected/83e87f2b-0a3d-49f8-bfc1-220f70ad3a01-kube-api-access-zlw64 podName:83e87f2b-0a3d-49f8-bfc1-220f70ad3a01 nodeName:}" failed. No retries permitted until 2025-01-30 18:41:27.203396864 +0000 UTC m=+11.065767450 (durationBeforeRetry 500ms). Error: MountVolume.SetUp failed for volume "kube-api-access-zlw64" (UniqueName: "kubernetes.io/projected/83e87f2b-0a3d-49f8-bfc1-220f70ad3a01-kube-api-access-zlw64") pod "local-path-provisioner-698b58967b-hj5lf" (UID: "83e87f2b-0a3d-49f8-bfc1-220f70ad3a01") : failed to sync configmap cache: timed out waiting for the condition
2025-01-30 18:41:29,146 INFO c.h.h.t.OperatorHelmChartContainer - [K3S] [kuberuntime_manager.go:1702] "Updating runtime config through cri with podcidr" CIDR="10.42.0.0/24"
2025-01-30 18:41:29,151 INFO c.h.h.t.OperatorHelmChartContainer - [K3S] [kubelet_network.go:61] "Updating Pod CIDR" originalPodCIDR="" newPodCIDR="10.42.0.0/24"
2025-01-30 18:41:29,160 INFO c.h.h.t.OperatorHelmChartContainer - [K3S] [range_allocator.go:247] "Successfully synced" key="f9fcd521f1d0"
2025-01-30 18:41:30,019 INFO c.h.h.t.OperatorHelmChartContainer - [K3S] [replica_set.go:679] "Finished syncing" kind="ReplicaSet" key="kube-system/metrics-server-8584b5786c" duration="44.142µs"
2025-01-30 18:41:30,046 INFO c.h.h.t.OperatorHelmChartContainer - [K3S] [replica_set.go:679] "Finished syncing" kind="ReplicaSet" key="kube-system/local-path-provisioner-698b58967b" duration="11.211668ms"
2025-01-30 18:41:30,047 INFO c.h.h.t.OperatorHelmChartContainer - [K3S] [replica_set.go:679] "Finished syncing" kind="ReplicaSet" key="kube-system/local-path-provisioner-698b58967b" duration="34.985µs"
2025-01-30 18:41:30,068 INFO c.h.h.t.OperatorHelmChartContainer - [K3S] [replica_set.go:679] "Finished syncing" kind="ReplicaSet" key="kube-system/coredns-ff8999cc5" duration="12.668964ms"
2025-01-30 18:41:30,068 INFO c.h.h.t.OperatorHelmChartContainer - [K3S] [replica_set.go:679] "Finished syncing" kind="ReplicaSet" key="kube-system/coredns-ff8999cc5" duration="31.699µs"
2025-01-30 18:41:43,582 INFO c.h.h.t.OperatorHelmChartContainer - [K3S] [alloc.go:330] "allocated clusterIPs" service="default/local-hivemq-hivemq-operator-operator" clusterIPs={"IPv4":"10.43.64.77"}
2025-01-30 18:41:43,606 INFO c.h.h.t.OperatorHelmChartContainer - [K3S] [replica_set.go:679] "Finished syncing" kind="ReplicaSet" key="default/local-hivemq-hivemq-operator-operator-6b564f6db4" duration="15.807951ms"
2025-01-30 18:41:43,607 INFO c.h.h.t.OperatorHelmChartContainer - [K3S] [reconciler_common.go:251] "operationExecutor.VerifyControllerAttachedVolume started for volume \"templates\" (UniqueName: \"kubernetes.io/configmap/65aa4ab4-66de-480d-a738-f6c437dbedbc-templates\") pod \"local-hivemq-hivemq-operator-operator-6b564f6db4-bt2cn\" (UID: \"65aa4ab4-66de-480d-a738-f6c437dbedbc\") " pod="default/local-hivemq-hivemq-operator-operator-6b564f6db4-bt2cn"
2025-01-30 18:41:43,607 INFO c.h.h.t.OperatorHelmChartContainer - [K3S] [reconciler_common.go:251] "operationExecutor.VerifyControllerAttachedVolume started for volume \"kube-api-access-xpccn\" (UniqueName: \"kubernetes.io/projected/65aa4ab4-66de-480d-a738-f6c437dbedbc-kube-api-access-xpccn\") pod \"local-hivemq-hivemq-operator-operator-6b564f6db4-bt2cn\" (UID: \"65aa4ab4-66de-480d-a738-f6c437dbedbc\") " pod="default/local-hivemq-hivemq-operator-operator-6b564f6db4-bt2cn"
2025-01-30 18:41:43,621 INFO c.h.h.t.OperatorHelmChartContainer - [K3S] [replica_set.go:679] "Finished syncing" kind="ReplicaSet" key="default/local-hivemq-hivemq-operator-operator-6b564f6db4" duration="15.161614ms"
2025-01-30 18:41:43,636 INFO c.h.h.t.OperatorHelmChartContainer - [K3S] [replica_set.go:679] "Finished syncing" kind="ReplicaSet" key="default/local-hivemq-hivemq-operator-operator-6b564f6db4" duration="15.009346ms"
2025-01-30 18:41:43,636 INFO c.h.h.t.OperatorHelmChartContainer - [K3S] [replica_set.go:679] "Finished syncing" kind="ReplicaSet" key="default/local-hivemq-hivemq-operator-operator-6b564f6db4" duration="47.819µs"
2025-01-30 18:41:43,688 DEBUG c.h.h.t.OperatorHelmChartContainer - Chart 'local-hivemq' installed or upgraded
2025-01-30 18:41:45,057 INFO c.h.h.t.OperatorHelmChartContainer - [K3S] [replica_set.go:679] "Finished syncing" kind="ReplicaSet" key="default/local-hivemq-hivemq-operator-operator-6b564f6db4" duration="8.183239ms"
2025-01-30 18:41:45,058 INFO c.h.h.t.OperatorHelmChartContainer - [K3S] [replica_set.go:679] "Finished syncing" kind="ReplicaSet" key="default/local-hivemq-hivemq-operator-operator-6b564f6db4" duration="31.498µs"
2025-01-30 18:41:47,033 INFO c.h.h.t.OperatorHelmChartContainer - [K3S] [replica_set.go:679] "Finished syncing" kind="ReplicaSet" key="kube-system/metrics-server-8584b5786c" duration="10.660617ms"
2025-01-30 18:41:47,035 INFO c.h.h.t.OperatorHelmChartContainer - [K3S] [replica_set.go:679] "Finished syncing" kind="ReplicaSet" key="kube-system/metrics-server-8584b5786c" duration="34.023µs"
2025-01-30 18:41:49,649 INFO c.h.h.t.OperatorHelmChartContainer - [K3S] [range_allocator.go:247] "Successfully synced" key="f9fcd521f1d0"
2025-01-30 18:41:51,338 INFO c.h.h.t.OperatorHelmChartContainer - [K3S] [alloc.go:330] "allocated clusterIPs" service="default/hivemq-local-hivemq-cc" clusterIPs={"IPv4":"10.43.226.77"}
2025-01-30 18:41:51,346 INFO c.h.h.t.OperatorHelmChartContainer - [K3S] [alloc.go:330] "allocated clusterIPs" service="default/hivemq-local-hivemq-mqtt" clusterIPs={"IPv4":"10.43.71.159"}
2025-01-30 18:41:51,349 INFO c.h.h.t.OperatorHelmChartContainer - [K3S] [event.go:389] "Event occurred" object="default/hivemq-local-hivemq-mqtt" fieldPath="" kind="Service" apiVersion="v1" type="Normal" reason="EnsuringLoadBalancer" message="Ensuring load balancer"
2025-01-30 18:41:51,432 INFO c.h.h.t.OperatorHelmChartContainer - [K3S] [event.go:389] "Event occurred" object="default/hivemq-local-hivemq-mqtt" fieldPath="" kind="Service" apiVersion="v1" type="Normal" reason="AppliedDaemonSet" message="Applied LoadBalancer DaemonSet kube-system/svclb-hivemq-local-hivemq-mqtt-7c6a1896"
2025-01-30 18:41:53,066 INFO c.h.h.t.OperatorHelmChartContainer - [K3S] [event.go:389] "Event occurred" object="default/hivemq-local-hivemq-mqtt" fieldPath="" kind="Service" apiVersion="v1" type="Normal" reason="UpdatedLoadBalancer" message="Updated LoadBalancer with new IPs: [] -> [172.17.0.3]"
2025-01-30 18:41:53,174 DEBUG com.hivemq.helmcharts.util.K8sUtil - State to compare Pending and waiting for Running
2025-01-30 18:41:53,353 DEBUG com.hivemq.helmcharts.util.K8sUtil - State to compare Pending and waiting for Running
2025-01-30 18:41:54,356 DEBUG com.hivemq.helmcharts.util.K8sUtil - State to compare Pending and waiting for Running
2025-01-30 18:41:54,650 DEBUG com.hivemq.helmcharts.util.K8sUtil - State to compare Pending and waiting for Running
2025-01-30 18:41:54,947 DEBUG com.hivemq.helmcharts.util.K8sUtil - State to compare Updating and waiting for Running
2025-01-30 18:41:55,363 INFO c.h.h.t.OperatorHelmChartContainer - [K3S] [replica_set.go:679] "Finished syncing" kind="ReplicaSet" key="default/local-hivemq-6f4d548d79" duration="14.564379ms"
2025-01-30 18:41:55,372 INFO c.h.h.t.OperatorHelmChartContainer - [K3S] [replica_set.go:679] "Finished syncing" kind="ReplicaSet" key="default/local-hivemq-6f4d548d79" duration="7.024274ms"
2025-01-30 18:41:55,372 INFO c.h.h.t.OperatorHelmChartContainer - [K3S] [replica_set.go:679] "Finished syncing" kind="ReplicaSet" key="default/local-hivemq-6f4d548d79" duration="40.845µs"
2025-01-30 18:41:55,377 INFO c.h.h.t.OperatorHelmChartContainer - [K3S] [replica_set.go:679] "Finished syncing" kind="ReplicaSet" key="default/local-hivemq-6f4d548d79" duration="34.363µs"
2025-01-30 18:41:55,378 INFO c.h.h.t.OperatorHelmChartContainer - [K3S] [reconciler_common.go:251] "operationExecutor.VerifyControllerAttachedVolume started for volume \"conf-override\" (UniqueName: \"kubernetes.io/empty-dir/ac406a26-c908-475e-a6bf-9d106690c748-conf-override\") pod \"local-hivemq-6f4d548d79-5cddq\" (UID: \"ac406a26-c908-475e-a6bf-9d106690c748\") " pod="default/local-hivemq-6f4d548d79-5cddq"
2025-01-30 18:41:55,378 INFO c.h.h.t.OperatorHelmChartContainer - [K3S] [reconciler_common.go:251] "operationExecutor.VerifyControllerAttachedVolume started for volume \"kube-api-access-5p4v6\" (UniqueName: \"kubernetes.io/projected/ac406a26-c908-475e-a6bf-9d106690c748-kube-api-access-5p4v6\") pod \"local-hivemq-6f4d548d79-5cddq\" (UID: \"ac406a26-c908-475e-a6bf-9d106690c748\") " pod="default/local-hivemq-6f4d548d79-5cddq"
2025-01-30 18:41:55,378 INFO c.h.h.t.OperatorHelmChartContainer - [K3S] [reconciler_common.go:251] "operationExecutor.VerifyControllerAttachedVolume started for volume \"backup\" (UniqueName: \"kubernetes.io/empty-dir/ac406a26-c908-475e-a6bf-9d106690c748-backup\") pod \"local-hivemq-6f4d548d79-5cddq\" (UID: \"ac406a26-c908-475e-a6bf-9d106690c748\") " pod="default/local-hivemq-6f4d548d79-5cddq"
2025-01-30 18:41:55,379 INFO c.h.h.t.OperatorHelmChartContainer - [K3S] [reconciler_common.go:251] "operationExecutor.VerifyControllerAttachedVolume started for volume \"audit\" (UniqueName: \"kubernetes.io/empty-dir/ac406a26-c908-475e-a6bf-9d106690c748-audit\") pod \"local-hivemq-6f4d548d79-5cddq\" (UID: \"ac406a26-c908-475e-a6bf-9d106690c748\") " pod="default/local-hivemq-6f4d548d79-5cddq"
2025-01-30 18:41:55,379 INFO c.h.h.t.OperatorHelmChartContainer - [K3S] [reconciler_common.go:251] "operationExecutor.VerifyControllerAttachedVolume started for volume \"heap-dumps\" (UniqueName: \"kubernetes.io/empty-dir/ac406a26-c908-475e-a6bf-9d106690c748-heap-dumps\") pod \"local-hivemq-6f4d548d79-5cddq\" (UID: \"ac406a26-c908-475e-a6bf-9d106690c748\") " pod="default/local-hivemq-6f4d548d79-5cddq"
2025-01-30 18:41:55,379 INFO c.h.h.t.OperatorHelmChartContainer - [K3S] [reconciler_common.go:251] "operationExecutor.VerifyControllerAttachedVolume started for volume \"live-info\" (UniqueName: \"kubernetes.io/configmap/ac406a26-c908-475e-a6bf-9d106690c748-live-info\") pod \"local-hivemq-6f4d548d79-5cddq\" (UID: \"ac406a26-c908-475e-a6bf-9d106690c748\") " pod="default/local-hivemq-6f4d548d79-5cddq"
2025-01-30 18:41:55,379 INFO c.h.h.t.OperatorHelmChartContainer - [K3S] [reconciler_common.go:251] "operationExecutor.VerifyControllerAttachedVolume started for volume \"log\" (UniqueName: \"kubernetes.io/empty-dir/ac406a26-c908-475e-a6bf-9d106690c748-log\") pod \"local-hivemq-6f4d548d79-5cddq\" (UID: \"ac406a26-c908-475e-a6bf-9d106690c748\") " pod="default/local-hivemq-6f4d548d79-5cddq"
2025-01-30 18:41:55,379 INFO c.h.h.t.OperatorHelmChartContainer - [K3S] [reconciler_common.go:251] "operationExecutor.VerifyControllerAttachedVolume started for volume \"data\" (UniqueName: \"kubernetes.io/empty-dir/ac406a26-c908-475e-a6bf-9d106690c748-data\") pod \"local-hivemq-6f4d548d79-5cddq\" (UID: \"ac406a26-c908-475e-a6bf-9d106690c748\") " pod="default/local-hivemq-6f4d548d79-5cddq"
2025-01-30 18:41:55,380 INFO c.h.h.t.OperatorHelmChartContainer - [K3S] [reconciler_common.go:251] "operationExecutor.VerifyControllerAttachedVolume started for volume \"shared-data\" (UniqueName: \"kubernetes.io/empty-dir/ac406a26-c908-475e-a6bf-9d106690c748-shared-data\") pod \"local-hivemq-6f4d548d79-5cddq\" (UID: \"ac406a26-c908-475e-a6bf-9d106690c748\") " pod="default/local-hivemq-6f4d548d79-5cddq"
2025-01-30 18:41:55,380 INFO c.h.h.t.OperatorHelmChartContainer - [K3S] [reconciler_common.go:251] "operationExecutor.VerifyControllerAttachedVolume started for volume \"dns-wait-config\" (UniqueName: \"kubernetes.io/configmap/ac406a26-c908-475e-a6bf-9d106690c748-dns-wait-config\") pod \"local-hivemq-6f4d548d79-5cddq\" (UID: \"ac406a26-c908-475e-a6bf-9d106690c748\") " pod="default/local-hivemq-6f4d548d79-5cddq"
2025-01-30 18:41:55,456 DEBUG com.hivemq.helmcharts.util.K8sUtil - State to compare Updating and waiting for Running
2025-01-30 18:41:55,644 DEBUG com.hivemq.helmcharts.util.K8sUtil - State to compare Updating and waiting for Running
2025-01-30 18:41:55,851 DEBUG com.hivemq.helmcharts.util.K8sUtil - State to compare Updating and waiting for Running
2025-01-30 18:41:56,184 INFO c.h.h.t.OperatorHelmChartContainer - [K3S] [replica_set.go:679] "Finished syncing" kind="ReplicaSet" key="default/local-hivemq-6f4d548d79" duration="160.417µs"
2025-01-30 18:41:56,359 DEBUG com.hivemq.helmcharts.util.K8sUtil - State to compare Updating and waiting for Running
2025-01-30 18:41:57,076 INFO c.h.h.t.OperatorHelmChartContainer - [K3S] [replica_set.go:679] "Finished syncing" kind="ReplicaSet" key="default/local-hivemq-6f4d548d79" duration="55.803µs"
2025-01-30 18:41:57,100 INFO c.h.h.t.OperatorHelmChartContainer - [K3S] [event.go:389] "Event occurred" object="default/hivemq-local-hivemq-mqtt" fieldPath="" kind="Service" apiVersion="v1" type="Normal" reason="UpdatedLoadBalancer" message="Updated LoadBalancer with new IPs: [172.17.0.3] -> [172.17.0.3]"
2025-01-30 18:41:58,074 INFO c.h.h.t.OperatorHelmChartContainer - [K3S] [replica_set.go:679] "Finished syncing" kind="ReplicaSet" key="default/local-hivemq-6f4d548d79" duration="44.382µs"
2025-01-30 18:42:08,091 INFO c.h.h.t.OperatorHelmChartContainer - [K3S] [replica_set.go:679] "Finished syncing" kind="ReplicaSet" key="default/local-hivemq-6f4d548d79" duration="56.345µs"
2025-01-30 18:42:09,092 INFO c.h.h.t.OperatorHelmChartContainer - [K3S] [replica_set.go:679] "Finished syncing" kind="ReplicaSet" key="default/local-hivemq-6f4d548d79" duration="61.474µs"
2025-01-30 18:42:20,290 INFO c.h.h.t.OperatorHelmChartContainer - [K3S] [range_allocator.go:247] "Successfully synced" key="f9fcd521f1d0"
2025-01-30 18:42:40,131 INFO c.h.h.t.OperatorHelmChartContainer - [K3S] [replica_set.go:679] "Finished syncing" kind="ReplicaSet" key="default/local-hivemq-6f4d548d79" duration="9.829648ms"
2025-01-30 18:42:40,132 INFO c.h.h.t.OperatorHelmChartContainer - [K3S] [replica_set.go:679] "Finished syncing" kind="ReplicaSet" key="default/local-hivemq-6f4d548d79" duration="50.994µs"
2025-01-30 18:42:40,137 INFO c.h.h.t.OperatorHelmChartContainer - [K3S] [event.go:389] "Event occurred" object="default/hivemq-local-hivemq-mqtt" fieldPath="" kind="Service" apiVersion="v1" type="Normal" reason="UpdatedLoadBalancer" message="Updated LoadBalancer with new IPs: [172.17.0.3] -> [172.17.0.3]"
2025-01-30 18:43:10,139 INFO c.h.h.t.OperatorHelmChartContainer - [K3S] [replica_set.go:679] "Finished syncing" kind="ReplicaSet" key="default/local-hivemq-6f4d548d79" duration="6.797042ms"
2025-01-30 18:43:10,139 INFO c.h.h.t.OperatorHelmChartContainer - [K3S] [replica_set.go:679] "Finished syncing" kind="ReplicaSet" key="default/local-hivemq-6f4d548d79" duration="47.728µs"
2025-01-30 18:43:10,178 DEBUG com.hivemq.helmcharts.util.K8sUtil - State to compare Updating and waiting for Running
2025-01-30 18:43:10,450 DEBUG com.hivemq.helmcharts.util.K8sUtil - State to compare Updating and waiting for Running
2025-01-30 18:43:10,645 DEBUG com.hivemq.helmcharts.util.K8sUtil - State to compare Updating and waiting for Running
2025-01-30 18:43:10,759 DEBUG com.hivemq.helmcharts.util.K8sUtil - State to compare Updating and waiting for Running
2025-01-30 18:43:10,843 DEBUG com.hivemq.helmcharts.util.K8sUtil - State to compare Updating and waiting for Running
2025-01-30 18:43:10,943 DEBUG com.hivemq.helmcharts.util.K8sUtil - State to compare Running and waiting for Running
2025-01-30 18:43:11,271 INFO t.localhost/testcontainers/ooxqrt2xteegfy5c:latest - Container localhost/testcontainers/ooxqrt2xteegfy5c:latest started in PT1M56.248135787S
2025-01-30 18:43:11,356 INFO c.h.h.t.OperatorHelmChartContainer - [EVENT] Normal [Starting] Starting kubelet. [null:f9fcd521f1d0]
2025-01-30 18:43:11,357 INFO c.h.h.t.OperatorHelmChartContainer - [EVENT] Warning [InvalidDiskCapacity] invalid capacity 0 on image filesystem [null:f9fcd521f1d0]
2025-01-30 18:43:11,357 INFO c.h.h.t.OperatorHelmChartContainer - [EVENT] Normal [NodeHasSufficientMemory] Node f9fcd521f1d0 status is now: NodeHasSufficientMemory [null:f9fcd521f1d0]
2025-01-30 18:43:11,358 INFO c.h.h.t.OperatorHelmChartContainer - [EVENT] Normal [NodeHasNoDiskPressure] Node f9fcd521f1d0 status is now: NodeHasNoDiskPressure [null:f9fcd521f1d0]
2025-01-30 18:43:11,358 INFO c.h.h.t.OperatorHelmChartContainer - [EVENT] Normal [NodeHasSufficientPID] Node f9fcd521f1d0 status is now: NodeHasSufficientPID [null:f9fcd521f1d0]
2025-01-30 18:43:11,358 INFO c.h.h.t.OperatorHelmChartContainer - [EVENT] Normal [NodeAllocatableEnforced] Updated Node Allocatable limit across pods [null:f9fcd521f1d0]
2025-01-30 18:43:11,359 INFO c.h.h.t.OperatorHelmChartContainer - [EVENT] Normal [NodeReady] Node f9fcd521f1d0 status is now: NodeReady [null:f9fcd521f1d0]
2025-01-30 18:43:11,360 INFO c.h.h.t.OperatorHelmChartContainer - [EVENT] Normal [NodePasswordValidationComplete] Deferred node password secret validation complete [null:f9fcd521f1d0]
2025-01-30 18:43:11,360 INFO c.h.h.t.OperatorHelmChartContainer - [EVENT] Normal [RegisteredNode] Node f9fcd521f1d0 event: Registered Node f9fcd521f1d0 in Controller [null:f9fcd521f1d0]
2025-01-30 18:43:11,360 INFO c.h.h.t.OperatorHelmChartContainer - [EVENT] Normal [Synced] Node synced successfully [null:f9fcd521f1d0]
2025-01-30 18:43:11,361 INFO c.h.h.t.OperatorHelmChartContainer - [EVENT] Normal [EnsuringLoadBalancer] Ensuring load balancer [default:hivemq-local-hivemq-mqtt]
2025-01-30 18:43:11,362 INFO c.h.h.t.OperatorHelmChartContainer - [EVENT] Normal [AppliedDaemonSet] Applied LoadBalancer DaemonSet kube-system/svclb-hivemq-local-hivemq-mqtt-7c6a1896 [default:hivemq-local-hivemq-mqtt]
2025-01-30 18:43:11,362 INFO c.h.h.t.OperatorHelmChartContainer - [EVENT] Normal [UpdatedLoadBalancer] Updated LoadBalancer with new IPs: [] -> [172.17.0.3] [default:hivemq-local-hivemq-mqtt]
2025-01-30 18:43:11,364 INFO c.h.h.t.OperatorHelmChartContainer - [EVENT] Normal [UpdatedLoadBalancer] Updated LoadBalancer with new IPs: [172.17.0.3] -> [172.17.0.3] [default:hivemq-local-hivemq-mqtt]
2025-01-30 18:43:11,364 INFO c.h.h.t.OperatorHelmChartContainer - [EVENT] Normal [Scheduled] Successfully assigned default/local-hivemq-6f4d548d79-5cddq to f9fcd521f1d0 [default:local-hivemq-6f4d548d79-5cddq]
2025-01-30 18:43:11,364 INFO c.h.h.t.OperatorHelmChartContainer - [EVENT] Normal [Pulling] Pulling image "busybox:latest" [default:local-hivemq-6f4d548d79-5cddq]
2025-01-30 18:43:11,365 INFO c.h.h.t.OperatorHelmChartContainer - [EVENT] Normal [Pulled] Successfully pulled image "busybox:latest" in 523ms (523ms including waiting). Image size: 2167089 bytes. [default:local-hivemq-6f4d548d79-5cddq]
2025-01-30 18:43:11,366 INFO c.h.h.t.OperatorHelmChartContainer - [EVENT] Normal [Created] Created container: init-shared [default:local-hivemq-6f4d548d79-5cddq]
2025-01-30 18:43:11,366 INFO c.h.h.t.OperatorHelmChartContainer - [EVENT] Normal [Started] Started container init-shared [default:local-hivemq-6f4d548d79-5cddq]
2025-01-30 18:43:11,367 INFO c.h.h.t.OperatorHelmChartContainer - [EVENT] Normal [Pulled] Container image "hivemq/init-dns-wait:snapshot" already present on machine [default:local-hivemq-6f4d548d79-5cddq]
2025-01-30 18:43:11,367 INFO c.h.h.t.OperatorHelmChartContainer - [EVENT] Normal [Created] Created container: dns-wait [default:local-hivemq-6f4d548d79-5cddq]
2025-01-30 18:43:11,370 INFO c.h.h.t.OperatorHelmChartContainer - [EVENT] Normal [Started] Started container dns-wait [default:local-hivemq-6f4d548d79-5cddq]
2025-01-30 18:43:11,370 INFO c.h.h.t.OperatorHelmChartContainer - [EVENT] Normal [Pulled] Container image "hivemq/hivemq4:k8s-4.36.0" already present on machine [default:local-hivemq-6f4d548d79-5cddq]
2025-01-30 18:43:11,370 INFO c.h.h.t.OperatorHelmChartContainer - Received Pulled event for container hivemq in pod local-hivemq-6f4d548d79-5cddq [ac406a26-c908-475e-a6bf-9d106690c748]
2025-01-30 18:43:11,370 INFO c.h.h.t.OperatorHelmChartContainer - [EVENT] Normal [Created] Created container: hivemq [default:local-hivemq-6f4d548d79-5cddq]
2025-01-30 18:43:11,371 INFO c.h.h.t.OperatorHelmChartContainer - Received Created event for container hivemq in pod local-hivemq-6f4d548d79-5cddq [ac406a26-c908-475e-a6bf-9d106690c748]
2025-01-30 18:43:11,408 INFO c.h.h.t.OperatorHelmChartContainer - Started log watcher for hivemq in pod local-hivemq-6f4d548d79-5cddq [ac406a26-c908-475e-a6bf-9d106690c748]
2025-01-30 18:43:11,410 INFO c.h.h.t.OperatorHelmChartContainer - [local-hivemq-6f4d548d79] [hivemq] [ac406a26] Copying external files
2025-01-30 18:43:11,410 INFO c.h.h.t.OperatorHelmChartContainer - [local-hivemq-6f4d548d79] [hivemq] [ac406a26] Rewriting config.xml...
2025-01-30 18:43:11,410 INFO c.h.h.t.OperatorHelmChartContainer - [local-hivemq-6f4d548d79] [hivemq] [ac406a26] Creating initial lastUpdate files...
2025-01-30 18:43:11,410 INFO c.h.h.t.OperatorHelmChartContainer - [local-hivemq-6f4d548d79] [hivemq] [ac406a26] Disabling Prometheus
2025-01-30 18:43:11,410 INFO c.h.h.t.OperatorHelmChartContainer - [local-hivemq-6f4d548d79] [hivemq] [ac406a26] Pod info:
2025-01-30 18:43:11,411 INFO c.h.h.t.OperatorHelmChartContainer - [EVENT] Normal [Started] Started container hivemq [default:local-hivemq-6f4d548d79-5cddq]
2025-01-30 18:43:11,412 INFO c.h.h.t.OperatorHelmChartContainer - [local-hivemq-6f4d548d79] [hivemq] [ac406a26] extension-names=hivemq-kafka-extension hivemq-google-cloud-pubsub-extension hivemq-bridge-extension hivemq-enterprise-security-extension hivemq-distributed-tracing-extension hivemq-amazon-kinesis-extension
2025-01-30 18:43:11,413 INFO c.h.h.t.OperatorHelmChartContainer - Received Started event for container hivemq in pod local-hivemq-6f4d548d79-5cddq [ac406a26-c908-475e-a6bf-9d106690c748]
2025-01-30 18:43:11,413 INFO c.h.h.t.OperatorHelmChartContainer - [EVENT] Warning [Unhealthy] Readiness probe failed: Log statement not present (yet)
 [default:local-hivemq-6f4d548d79-5cddq]
2025-01-30 18:43:11,413 INFO c.h.h.t.OperatorHelmChartContainer - Received Unhealthy event for container hivemq in pod local-hivemq-6f4d548d79-5cddq [ac406a26-c908-475e-a6bf-9d106690c748]
2025-01-30 18:43:11,413 INFO c.h.h.t.OperatorHelmChartContainer - [EVENT] Warning [Unhealthy] Liveness probe failed: dial tcp 10.42.0.7:1883: connect: connection refused [default:local-hivemq-6f4d548d79-5cddq]
2025-01-30 18:43:11,413 INFO c.h.h.t.OperatorHelmChartContainer - Received Unhealthy event for container hivemq in pod local-hivemq-6f4d548d79-5cddq [ac406a26-c908-475e-a6bf-9d106690c748]
2025-01-30 18:43:11,414 INFO c.h.h.t.OperatorHelmChartContainer - [EVENT] Normal [SuccessfulCreate] Created pod: local-hivemq-6f4d548d79-5cddq [default:local-hivemq-6f4d548d79]
2025-01-30 18:43:11,414 INFO c.h.h.t.OperatorHelmChartContainer - [EVENT] Normal [Scheduled] Successfully assigned default/local-hivemq-hivemq-operator-operator-6b564f6db4-bt2cn to f9fcd521f1d0 [default:local-hivemq-hivemq-operator-operator-6b564f6db4-bt2cn]
2025-01-30 18:43:11,414 INFO c.h.h.t.OperatorHelmChartContainer - [EVENT] Normal [Pulled] Container image "hivemq/hivemq-operator:snapshot" already present on machine [default:local-hivemq-hivemq-operator-operator-6b564f6db4-bt2cn]
2025-01-30 18:43:11,414 INFO c.h.h.t.OperatorHelmChartContainer - Received Pulled event for container operator in pod local-hivemq-hivemq-operator-operator-6b564f6db4-bt2cn [65aa4ab4-66de-480d-a738-f6c437dbedbc]
2025-01-30 18:43:11,414 INFO c.h.h.t.OperatorHelmChartContainer - [local-hivemq-6f4d548d79] [hivemq] [ac406a26] extension-uris=preinstalled preinstalled preinstalled preinstalled preinstalled preinstalled
2025-01-30 18:43:11,414 INFO c.h.h.t.OperatorHelmChartContainer - [local-hivemq-6f4d548d79] [hivemq] [ac406a26] extension-states=false false false false false false
2025-01-30 18:43:11,414 INFO c.h.h.t.OperatorHelmChartContainer - [local-hivemq-6f4d548d79] [hivemq] [ac406a26] extensions-static=false false false false false false
2025-01-30 18:43:11,414 INFO c.h.h.t.OperatorHelmChartContainer - [local-hivemq-6f4d548d79] [hivemq] [ac406a26] Installing extension #0 with name: hivemq-kafka-extension, URI: preinstalled, enabled state: false
2025-01-30 18:43:11,414 INFO c.h.h.t.OperatorHelmChartContainer - [local-hivemq-6f4d548d79] [hivemq] [ac406a26] + [[ 3 != 3 ]]
2025-01-30 18:43:11,414 INFO c.h.h.t.OperatorHelmChartContainer - [local-hivemq-6f4d548d79] [hivemq] [ac406a26] + EXTENSION_URI=preinstalled
2025-01-30 18:43:11,414 INFO c.h.h.t.OperatorHelmChartContainer - [local-hivemq-6f4d548d79] [hivemq] [ac406a26] + EXTENSION_NAME=hivemq-kafka-extension
2025-01-30 18:43:11,414 INFO c.h.h.t.OperatorHelmChartContainer - [local-hivemq-6f4d548d79] [hivemq] [ac406a26] + TARGET_STATE=false
2025-01-30 18:43:11,414 INFO c.h.h.t.OperatorHelmChartContainer - [local-hivemq-6f4d548d79] [hivemq] [ac406a26] + TARGET_DIR=/opt/hivemq/extensions/hivemq-kafka-extension
2025-01-30 18:43:11,414 INFO c.h.h.t.OperatorHelmChartContainer - [local-hivemq-6f4d548d79] [hivemq] [ac406a26] ++ mktemp -d
2025-01-30 18:43:11,414 INFO c.h.h.t.OperatorHelmChartContainer - [local-hivemq-6f4d548d79] [hivemq] [ac406a26] + install_dir=/tmp/tmp.7zVCgEMuW0
2025-01-30 18:43:11,414 INFO c.h.h.t.OperatorHelmChartContainer - [local-hivemq-6f4d548d79] [hivemq] [ac406a26] + set +e
2025-01-30 18:43:11,414 INFO c.h.h.t.OperatorHelmChartContainer - [local-hivemq-6f4d548d79] [hivemq] [ac406a26] + [[ -f /opt/hivemq/extensions/hivemq-kafka-extension/DISABLED ]]
2025-01-30 18:43:11,414 INFO c.h.h.t.OperatorHelmChartContainer - [local-hivemq-6f4d548d79] [hivemq] [ac406a26] + was_enabled=0
2025-01-30 18:43:11,414 INFO c.h.h.t.OperatorHelmChartContainer - [local-hivemq-6f4d548d79] [hivemq] [ac406a26] + set -e
2025-01-30 18:43:11,414 INFO c.h.h.t.OperatorHelmChartContainer - [local-hivemq-6f4d548d79] [hivemq] [ac406a26] + [[ preinstalled != \p\r\e\i\n\s\t\a\l\l\e\d ]]
2025-01-30 18:43:11,415 INFO c.h.h.t.OperatorHelmChartContainer - [local-hivemq-6f4d548d79] [hivemq] [ac406a26] + [[ false == \f\a\l\s\e ]]
2025-01-30 18:43:11,415 INFO c.h.h.t.OperatorHelmChartContainer - [local-hivemq-6f4d548d79] [hivemq] [ac406a26] + touch /opt/hivemq/extensions/hivemq-kafka-extension/DISABLED
2025-01-30 18:43:11,415 INFO c.h.h.t.OperatorHelmChartContainer - [EVENT] Normal [Created] Created container: operator [default:local-hivemq-hivemq-operator-operator-6b564f6db4-bt2cn]
2025-01-30 18:43:11,415 INFO c.h.h.t.OperatorHelmChartContainer - Received Created event for container operator in pod local-hivemq-hivemq-operator-operator-6b564f6db4-bt2cn [65aa4ab4-66de-480d-a738-f6c437dbedbc]
2025-01-30 18:43:11,415 INFO c.h.h.t.OperatorHelmChartContainer - [local-hivemq-6f4d548d79] [hivemq] [ac406a26] + was_enabled=0
2025-01-30 18:43:11,416 INFO c.h.h.t.OperatorHelmChartContainer - [local-hivemq-6f4d548d79] [hivemq] [ac406a26] + [[ preinstalled != \p\r\e\i\n\s\t\a\l\l\e\d ]]
2025-01-30 18:43:11,416 INFO c.h.h.t.OperatorHelmChartContainer - [local-hivemq-6f4d548d79] [hivemq] [ac406a26] + /opt/hivemq/bin/run_initialization.sh hivemq-kafka-extension
2025-01-30 18:43:11,416 INFO c.h.h.t.OperatorHelmChartContainer - [local-hivemq-6f4d548d79] [hivemq] [ac406a26] + EXTENSION_NAME=hivemq-kafka-extension
2025-01-30 18:43:11,416 INFO c.h.h.t.OperatorHelmChartContainer - [local-hivemq-6f4d548d79] [hivemq] [ac406a26] + TARGET_DIR=/opt/hivemq/extensions/hivemq-kafka-extension
2025-01-30 18:43:11,416 INFO c.h.h.t.OperatorHelmChartContainer - [local-hivemq-6f4d548d79] [hivemq] [ac406a26] + cd /opt/hivemq/extensions/hivemq-kafka-extension
2025-01-30 18:43:11,416 INFO c.h.h.t.OperatorHelmChartContainer - [local-hivemq-6f4d548d79] [hivemq] [ac406a26] + [[ -f init_tmp ]]
2025-01-30 18:43:11,416 INFO c.h.h.t.OperatorHelmChartContainer - [local-hivemq-6f4d548d79] [hivemq] [ac406a26] + [[ -f /etc/podinfo/init-extension-hivemq-kafka-extension ]]
2025-01-30 18:43:11,416 INFO c.h.h.t.OperatorHelmChartContainer - [local-hivemq-6f4d548d79] [hivemq] [ac406a26] Installing extension #1 with name: hivemq-google-cloud-pubsub-extension, URI: preinstalled, enabled state: false
2025-01-30 18:43:11,416 INFO c.h.h.t.OperatorHelmChartContainer - [local-hivemq-6f4d548d79] [hivemq] [ac406a26] + [[ 3 != 3 ]]
2025-01-30 18:43:11,416 INFO c.h.h.t.OperatorHelmChartContainer - [local-hivemq-6f4d548d79] [hivemq] [ac406a26] + EXTENSION_URI=preinstalled
2025-01-30 18:43:11,416 INFO c.h.h.t.OperatorHelmChartContainer - [local-hivemq-6f4d548d79] [hivemq] [ac406a26] + EXTENSION_NAME=hivemq-google-cloud-pubsub-extension
2025-01-30 18:43:11,416 INFO c.h.h.t.OperatorHelmChartContainer - [local-hivemq-6f4d548d79] [hivemq] [ac406a26] + TARGET_STATE=false
2025-01-30 18:43:11,417 INFO c.h.h.t.OperatorHelmChartContainer - [local-hivemq-6f4d548d79] [hivemq] [ac406a26] + TARGET_DIR=/opt/hivemq/extensions/hivemq-google-cloud-pubsub-extension
2025-01-30 18:43:11,419 INFO c.h.h.t.OperatorHelmChartContainer - [local-hivemq-6f4d548d79] [hivemq] [ac406a26] ++ mktemp -d
2025-01-30 18:43:11,419 INFO c.h.h.t.OperatorHelmChartContainer - [local-hivemq-6f4d548d79] [hivemq] [ac406a26] + install_dir=/tmp/tmp.tmSOGxe4le
2025-01-30 18:43:11,419 INFO c.h.h.t.OperatorHelmChartContainer - [local-hivemq-6f4d548d79] [hivemq] [ac406a26] + set +e
2025-01-30 18:43:11,419 INFO c.h.h.t.OperatorHelmChartContainer - [local-hivemq-6f4d548d79] [hivemq] [ac406a26] + [[ -f /opt/hivemq/extensions/hivemq-google-cloud-pubsub-extension/DISABLED ]]
2025-01-30 18:43:11,419 INFO c.h.h.t.OperatorHelmChartContainer - [local-hivemq-6f4d548d79] [hivemq] [ac406a26] + was_enabled=0
2025-01-30 18:43:11,419 INFO c.h.h.t.OperatorHelmChartContainer - [local-hivemq-6f4d548d79] [hivemq] [ac406a26] + set -e
2025-01-30 18:43:11,419 INFO c.h.h.t.OperatorHelmChartContainer - [local-hivemq-6f4d548d79] [hivemq] [ac406a26] + [[ preinstalled != \p\r\e\i\n\s\t\a\l\l\e\d ]]
2025-01-30 18:43:11,419 INFO c.h.h.t.OperatorHelmChartContainer - [local-hivemq-6f4d548d79] [hivemq] [ac406a26] + [[ false == \f\a\l\s\e ]]
2025-01-30 18:43:11,419 INFO c.h.h.t.OperatorHelmChartContainer - [local-hivemq-6f4d548d79] [hivemq] [ac406a26] + touch /opt/hivemq/extensions/hivemq-google-cloud-pubsub-extension/DISABLED
2025-01-30 18:43:11,419 INFO c.h.h.t.OperatorHelmChartContainer - [local-hivemq-6f4d548d79] [hivemq] [ac406a26] + was_enabled=0
2025-01-30 18:43:11,419 INFO c.h.h.t.OperatorHelmChartContainer - [local-hivemq-6f4d548d79] [hivemq] [ac406a26] + [[ preinstalled != \p\r\e\i\n\s\t\a\l\l\e\d ]]
2025-01-30 18:43:11,419 INFO c.h.h.t.OperatorHelmChartContainer - [local-hivemq-6f4d548d79] [hivemq] [ac406a26] + /opt/hivemq/bin/run_initialization.sh hivemq-google-cloud-pubsub-extension
2025-01-30 18:43:11,419 INFO c.h.h.t.OperatorHelmChartContainer - [local-hivemq-6f4d548d79] [hivemq] [ac406a26] + EXTENSION_NAME=hivemq-google-cloud-pubsub-extension
2025-01-30 18:43:11,419 INFO c.h.h.t.OperatorHelmChartContainer - [local-hivemq-6f4d548d79] [hivemq] [ac406a26] + TARGET_DIR=/opt/hivemq/extensions/hivemq-google-cloud-pubsub-extension
2025-01-30 18:43:11,419 INFO c.h.h.t.OperatorHelmChartContainer - [local-hivemq-6f4d548d79] [hivemq] [ac406a26] + cd /opt/hivemq/extensions/hivemq-google-cloud-pubsub-extension
2025-01-30 18:43:11,424 INFO c.h.h.t.OperatorHelmChartContainer - [POD] local-hivemq-6f4d548d79-5cddq [ac406a26-c908-475e-a6bf-9d106690c748] in default was ADDED
2025-01-30 18:43:11,426 INFO c.h.h.t.OperatorHelmChartContainer - [POD] local-hivemq-hivemq-operator-operator-6b564f6db4-bt2cn [65aa4ab4-66de-480d-a738-f6c437dbedbc] in default was ADDED
2025-01-30 18:43:11,419 INFO c.h.h.t.OperatorHelmChartContainer - [local-hivemq-6f4d548d79] [hivemq] [ac406a26] + [[ -f init_tmp ]]
2025-01-30 18:43:11,427 INFO c.h.h.t.OperatorHelmChartContainer - [local-hivemq-6f4d548d79] [hivemq] [ac406a26] + [[ -f /etc/podinfo/init-extension-hivemq-google-cloud-pubsub-extension ]]
2025-01-30 18:43:11,427 INFO c.h.h.t.OperatorHelmChartContainer - [local-hivemq-6f4d548d79] [hivemq] [ac406a26] Installing extension #2 with name: hivemq-bridge-extension, URI: preinstalled, enabled state: false
2025-01-30 18:43:11,427 INFO c.h.h.t.OperatorHelmChartContainer - [local-hivemq-6f4d548d79] [hivemq] [ac406a26] + [[ 3 != 3 ]]
2025-01-30 18:43:11,428 INFO c.h.h.t.OperatorHelmChartContainer - [local-hivemq-6f4d548d79] [hivemq] [ac406a26] + EXTENSION_URI=preinstalled
2025-01-30 18:43:11,428 INFO c.h.h.t.OperatorHelmChartContainer - [local-hivemq-6f4d548d79] [hivemq] [ac406a26] + EXTENSION_NAME=hivemq-bridge-extension
2025-01-30 18:43:11,428 INFO c.h.h.t.OperatorHelmChartContainer - [local-hivemq-6f4d548d79] [hivemq] [ac406a26] + TARGET_STATE=false
2025-01-30 18:43:11,428 INFO c.h.h.t.OperatorHelmChartContainer - [local-hivemq-6f4d548d79] [hivemq] [ac406a26] + TARGET_DIR=/opt/hivemq/extensions/hivemq-bridge-extension
2025-01-30 18:43:11,428 INFO c.h.h.t.OperatorHelmChartContainer - [local-hivemq-6f4d548d79] [hivemq] [ac406a26] ++ mktemp -d
2025-01-30 18:43:11,428 INFO c.h.h.t.OperatorHelmChartContainer - [local-hivemq-6f4d548d79] [hivemq] [ac406a26] + install_dir=/tmp/tmp.YWn55pD9LV
2025-01-30 18:43:11,428 INFO c.h.h.t.OperatorHelmChartContainer - [local-hivemq-6f4d548d79] [hivemq] [ac406a26] + set +e
2025-01-30 18:43:11,428 INFO c.h.h.t.OperatorHelmChartContainer - [local-hivemq-6f4d548d79] [hivemq] [ac406a26] + [[ -f /opt/hivemq/extensions/hivemq-bridge-extension/DISABLED ]]
2025-01-30 18:43:11,428 INFO c.h.h.t.OperatorHelmChartContainer - [local-hivemq-6f4d548d79] [hivemq] [ac406a26] + was_enabled=0
2025-01-30 18:43:11,428 INFO c.h.h.t.OperatorHelmChartContainer - [local-hivemq-6f4d548d79] [hivemq] [ac406a26] + set -e
2025-01-30 18:43:11,428 INFO c.h.h.t.OperatorHelmChartContainer - [local-hivemq-6f4d548d79] [hivemq] [ac406a26] + [[ preinstalled != \p\r\e\i\n\s\t\a\l\l\e\d ]]
2025-01-30 18:43:11,428 INFO c.h.h.t.OperatorHelmChartContainer - [local-hivemq-6f4d548d79] [hivemq] [ac406a26] + [[ false == \f\a\l\s\e ]]
2025-01-30 18:43:11,428 INFO c.h.h.t.OperatorHelmChartContainer - [local-hivemq-6f4d548d79] [hivemq] [ac406a26] + touch /opt/hivemq/extensions/hivemq-bridge-extension/DISABLED
2025-01-30 18:43:11,428 INFO c.h.h.t.OperatorHelmChartContainer - [local-hivemq-6f4d548d79] [hivemq] [ac406a26] + was_enabled=0
2025-01-30 18:43:11,428 INFO c.h.h.t.OperatorHelmChartContainer - [local-hivemq-6f4d548d79] [hivemq] [ac406a26] + [[ preinstalled != \p\r\e\i\n\s\t\a\l\l\e\d ]]
2025-01-30 18:43:11,428 INFO c.h.h.t.OperatorHelmChartContainer - [local-hivemq-6f4d548d79] [hivemq] [ac406a26] + /opt/hivemq/bin/run_initialization.sh hivemq-bridge-extension
2025-01-30 18:43:11,428 INFO c.h.h.t.OperatorHelmChartContainer - [local-hivemq-6f4d548d79] [hivemq] [ac406a26] + EXTENSION_NAME=hivemq-bridge-extension
2025-01-30 18:43:11,428 INFO c.h.h.t.OperatorHelmChartContainer - [local-hivemq-6f4d548d79] [hivemq] [ac406a26] + TARGET_DIR=/opt/hivemq/extensions/hivemq-bridge-extension
2025-01-30 18:43:11,428 INFO c.h.h.t.OperatorHelmChartContainer - [local-hivemq-6f4d548d79] [hivemq] [ac406a26] + cd /opt/hivemq/extensions/hivemq-bridge-extension
2025-01-30 18:43:11,428 INFO c.h.h.t.OperatorHelmChartContainer - [local-hivemq-6f4d548d79] [hivemq] [ac406a26] + [[ -f init_tmp ]]
2025-01-30 18:43:11,428 INFO c.h.h.t.OperatorHelmChartContainer - [local-hivemq-6f4d548d79] [hivemq] [ac406a26] + [[ -f /etc/podinfo/init-extension-hivemq-bridge-extension ]]
2025-01-30 18:43:11,428 INFO c.h.h.t.OperatorHelmChartContainer - [local-hivemq-6f4d548d79] [hivemq] [ac406a26] Installing extension #3 with name: hivemq-enterprise-security-extension, URI: preinstalled, enabled state: false
2025-01-30 18:43:11,428 INFO c.h.h.t.OperatorHelmChartContainer - [local-hivemq-6f4d548d79] [hivemq] [ac406a26] + [[ 3 != 3 ]]
2025-01-30 18:43:11,428 INFO c.h.h.t.OperatorHelmChartContainer - [local-hivemq-6f4d548d79] [hivemq] [ac406a26] + EXTENSION_URI=preinstalled
2025-01-30 18:43:11,428 INFO c.h.h.t.OperatorHelmChartContainer - [local-hivemq-6f4d548d79] [hivemq] [ac406a26] + EXTENSION_NAME=hivemq-enterprise-security-extension
2025-01-30 18:43:11,428 INFO c.h.h.t.OperatorHelmChartContainer - [local-hivemq-6f4d548d79] [hivemq] [ac406a26] + TARGET_STATE=false
2025-01-30 18:43:11,428 INFO c.h.h.t.OperatorHelmChartContainer - [local-hivemq-6f4d548d79] [hivemq] [ac406a26] + TARGET_DIR=/opt/hivemq/extensions/hivemq-enterprise-security-extension
2025-01-30 18:43:11,428 INFO c.h.h.t.OperatorHelmChartContainer - [local-hivemq-6f4d548d79] [hivemq] [ac406a26] ++ mktemp -d
2025-01-30 18:43:11,428 INFO c.h.h.t.OperatorHelmChartContainer - [local-hivemq-6f4d548d79] [hivemq] [ac406a26] + install_dir=/tmp/tmp.54AwW3oFfF
2025-01-30 18:43:11,428 INFO c.h.h.t.OperatorHelmChartContainer - [local-hivemq-6f4d548d79] [hivemq] [ac406a26] + set +e
2025-01-30 18:43:11,428 INFO c.h.h.t.OperatorHelmChartContainer - [local-hivemq-6f4d548d79] [hivemq] [ac406a26] + [[ -f /opt/hivemq/extensions/hivemq-enterprise-security-extension/DISABLED ]]
2025-01-30 18:43:11,428 INFO c.h.h.t.OperatorHelmChartContainer - [local-hivemq-6f4d548d79] [hivemq] [ac406a26] + was_enabled=0
2025-01-30 18:43:11,428 INFO c.h.h.t.OperatorHelmChartContainer - [local-hivemq-6f4d548d79] [hivemq] [ac406a26] + set -e
2025-01-30 18:43:11,428 INFO c.h.h.t.OperatorHelmChartContainer - [local-hivemq-6f4d548d79] [hivemq] [ac406a26] + [[ preinstalled != \p\r\e\i\n\s\t\a\l\l\e\d ]]
2025-01-30 18:43:11,429 INFO c.h.h.t.OperatorHelmChartContainer - [local-hivemq-6f4d548d79] [hivemq] [ac406a26] + [[ false == \f\a\l\s\e ]]
2025-01-30 18:43:11,429 INFO c.h.h.t.OperatorHelmChartContainer - [local-hivemq-6f4d548d79] [hivemq] [ac406a26] + touch /opt/hivemq/extensions/hivemq-enterprise-security-extension/DISABLED
2025-01-30 18:43:11,429 INFO c.h.h.t.OperatorHelmChartContainer - [local-hivemq-6f4d548d79] [hivemq] [ac406a26] + was_enabled=0
2025-01-30 18:43:11,429 INFO c.h.h.t.OperatorHelmChartContainer - [local-hivemq-6f4d548d79] [hivemq] [ac406a26] + [[ preinstalled != \p\r\e\i\n\s\t\a\l\l\e\d ]]
2025-01-30 18:43:11,429 INFO c.h.h.t.OperatorHelmChartContainer - [local-hivemq-6f4d548d79] [hivemq] [ac406a26] + /opt/hivemq/bin/run_initialization.sh hivemq-enterprise-security-extension
2025-01-30 18:43:11,429 INFO c.h.h.t.OperatorHelmChartContainer - [local-hivemq-6f4d548d79] [hivemq] [ac406a26] + EXTENSION_NAME=hivemq-enterprise-security-extension
2025-01-30 18:43:11,429 INFO c.h.h.t.OperatorHelmChartContainer - [local-hivemq-6f4d548d79] [hivemq] [ac406a26] + TARGET_DIR=/opt/hivemq/extensions/hivemq-enterprise-security-extension
2025-01-30 18:43:11,429 INFO c.h.h.t.OperatorHelmChartContainer - [local-hivemq-6f4d548d79] [hivemq] [ac406a26] + cd /opt/hivemq/extensions/hivemq-enterprise-security-extension
2025-01-30 18:43:11,429 INFO c.h.h.t.OperatorHelmChartContainer - [local-hivemq-6f4d548d79] [hivemq] [ac406a26] + [[ -f init_tmp ]]
2025-01-30 18:43:11,429 INFO c.h.h.t.OperatorHelmChartContainer - [local-hivemq-6f4d548d79] [hivemq] [ac406a26] + [[ -f /etc/podinfo/init-extension-hivemq-enterprise-security-extension ]]
2025-01-30 18:43:11,429 INFO c.h.h.t.OperatorHelmChartContainer - [local-hivemq-6f4d548d79] [hivemq] [ac406a26] + echo 'Using init script from config map'
2025-01-30 18:43:11,429 INFO c.h.h.t.OperatorHelmChartContainer - [local-hivemq-6f4d548d79] [hivemq] [ac406a26] + cat /etc/podinfo/init-extension-hivemq-enterprise-security-extension
2025-01-30 18:43:11,429 INFO c.h.h.t.OperatorHelmChartContainer - [local-hivemq-6f4d548d79] [hivemq] [ac406a26] Using init script from config map
2025-01-30 18:43:11,429 INFO c.h.h.t.OperatorHelmChartContainer - [local-hivemq-6f4d548d79] [hivemq] [ac406a26] + echo 'Executing initialization script'
2025-01-30 18:43:11,429 INFO c.h.h.t.OperatorHelmChartContainer - [local-hivemq-6f4d548d79] [hivemq] [ac406a26] + chmod +x init
2025-01-30 18:43:11,429 INFO c.h.h.t.OperatorHelmChartContainer - [local-hivemq-6f4d548d79] [hivemq] [ac406a26] Executing initialization script
2025-01-30 18:43:11,429 INFO c.h.h.t.OperatorHelmChartContainer - [local-hivemq-6f4d548d79] [hivemq] [ac406a26] + ./init
2025-01-30 18:43:11,429 INFO c.h.h.t.OperatorHelmChartContainer - [local-hivemq-6f4d548d79] [hivemq] [ac406a26]   % Total    % Received % Xferd  Average Speed   Time    Time     Time  Current
2025-01-30 18:43:11,429 INFO c.h.h.t.OperatorHelmChartContainer - [local-hivemq-6f4d548d79] [hivemq] [ac406a26]                                  Dload  Upload   Total   Spent    Left  Speed
2025-01-30 18:43:11,429 INFO c.h.h.t.OperatorHelmChartContainer - [local-hivemq-6f4d548d79] [hivemq] [ac406a26] 
2025-01-30 18:43:11,429 INFO c.h.h.t.OperatorHelmChartContainer - [local-hivemq-6f4d548d79] [hivemq] [ac406a26]   0     0    0     0    0     0      0      0 --:--:-- --:--:-- --:--:--     0
2025-01-30 18:43:11,429 INFO c.h.h.t.OperatorHelmChartContainer - [local-hivemq-6f4d548d79] [hivemq] [ac406a26] 100  910k  100  910k    0     0  1703k      0 --:--:-- --:--:-- --:--:-- 1705k
2025-01-30 18:43:11,429 INFO c.h.h.t.OperatorHelmChartContainer - [local-hivemq-6f4d548d79] [hivemq] [ac406a26] Installing extension #4 with name: hivemq-distributed-tracing-extension, URI: preinstalled, enabled state: false
2025-01-30 18:43:11,429 INFO c.h.h.t.OperatorHelmChartContainer - [local-hivemq-6f4d548d79] [hivemq] [ac406a26] + [[ 3 != 3 ]]
2025-01-30 18:43:11,429 INFO c.h.h.t.OperatorHelmChartContainer - [local-hivemq-6f4d548d79] [hivemq] [ac406a26] + EXTENSION_URI=preinstalled
2025-01-30 18:43:11,429 INFO c.h.h.t.OperatorHelmChartContainer - [local-hivemq-6f4d548d79] [hivemq] [ac406a26] + EXTENSION_NAME=hivemq-distributed-tracing-extension
2025-01-30 18:43:11,429 INFO c.h.h.t.OperatorHelmChartContainer - [local-hivemq-6f4d548d79] [hivemq] [ac406a26] + TARGET_STATE=false
2025-01-30 18:43:11,429 INFO c.h.h.t.OperatorHelmChartContainer - [local-hivemq-6f4d548d79] [hivemq] [ac406a26] + TARGET_DIR=/opt/hivemq/extensions/hivemq-distributed-tracing-extension
2025-01-30 18:43:11,429 INFO c.h.h.t.OperatorHelmChartContainer - [local-hivemq-6f4d548d79] [hivemq] [ac406a26] ++ mktemp -d
2025-01-30 18:43:11,429 INFO c.h.h.t.OperatorHelmChartContainer - [local-hivemq-6f4d548d79] [hivemq] [ac406a26] + install_dir=/tmp/tmp.4TMlWFKTgz
2025-01-30 18:43:11,429 INFO c.h.h.t.OperatorHelmChartContainer - [local-hivemq-6f4d548d79] [hivemq] [ac406a26] + set +e
2025-01-30 18:43:11,429 INFO c.h.h.t.OperatorHelmChartContainer - [local-hivemq-6f4d548d79] [hivemq] [ac406a26] + [[ -f /opt/hivemq/extensions/hivemq-distributed-tracing-extension/DISABLED ]]
2025-01-30 18:43:11,429 INFO c.h.h.t.OperatorHelmChartContainer - [local-hivemq-6f4d548d79] [hivemq] [ac406a26] + was_enabled=0
2025-01-30 18:43:11,429 INFO c.h.h.t.OperatorHelmChartContainer - [local-hivemq-6f4d548d79] [hivemq] [ac406a26] + set -e
2025-01-30 18:43:11,429 INFO c.h.h.t.OperatorHelmChartContainer - [local-hivemq-6f4d548d79] [hivemq] [ac406a26] + [[ preinstalled != \p\r\e\i\n\s\t\a\l\l\e\d ]]
2025-01-30 18:43:11,429 INFO c.h.h.t.OperatorHelmChartContainer - [local-hivemq-6f4d548d79] [hivemq] [ac406a26] + [[ false == \f\a\l\s\e ]]
2025-01-30 18:43:11,429 INFO c.h.h.t.OperatorHelmChartContainer - [local-hivemq-6f4d548d79] [hivemq] [ac406a26] + touch /opt/hivemq/extensions/hivemq-distributed-tracing-extension/DISABLED
2025-01-30 18:43:11,429 INFO c.h.h.t.OperatorHelmChartContainer - [local-hivemq-6f4d548d79] [hivemq] [ac406a26] + was_enabled=0
2025-01-30 18:43:11,429 INFO c.h.h.t.OperatorHelmChartContainer - [local-hivemq-6f4d548d79] [hivemq] [ac406a26] + [[ preinstalled != \p\r\e\i\n\s\t\a\l\l\e\d ]]
2025-01-30 18:43:11,429 INFO c.h.h.t.OperatorHelmChartContainer - [local-hivemq-6f4d548d79] [hivemq] [ac406a26] + /opt/hivemq/bin/run_initialization.sh hivemq-distributed-tracing-extension
2025-01-30 18:43:11,429 INFO c.h.h.t.OperatorHelmChartContainer - [local-hivemq-6f4d548d79] [hivemq] [ac406a26] + EXTENSION_NAME=hivemq-distributed-tracing-extension
2025-01-30 18:43:11,429 INFO c.h.h.t.OperatorHelmChartContainer - [local-hivemq-6f4d548d79] [hivemq] [ac406a26] + TARGET_DIR=/opt/hivemq/extensions/hivemq-distributed-tracing-extension
2025-01-30 18:43:11,429 INFO c.h.h.t.OperatorHelmChartContainer - [local-hivemq-6f4d548d79] [hivemq] [ac406a26] + cd /opt/hivemq/extensions/hivemq-distributed-tracing-extension
2025-01-30 18:43:11,429 INFO c.h.h.t.OperatorHelmChartContainer - [local-hivemq-6f4d548d79] [hivemq] [ac406a26] + [[ -f init_tmp ]]
2025-01-30 18:43:11,429 INFO c.h.h.t.OperatorHelmChartContainer - [local-hivemq-6f4d548d79] [hivemq] [ac406a26] + [[ -f /etc/podinfo/init-extension-hivemq-distributed-tracing-extension ]]
2025-01-30 18:43:11,429 INFO c.h.h.t.OperatorHelmChartContainer - [local-hivemq-6f4d548d79] [hivemq] [ac406a26] Installing extension #5 with name: hivemq-amazon-kinesis-extension, URI: preinstalled, enabled state: false
2025-01-30 18:43:11,429 INFO c.h.h.t.OperatorHelmChartContainer - [local-hivemq-6f4d548d79] [hivemq] [ac406a26] + [[ 3 != 3 ]]
2025-01-30 18:43:11,429 INFO c.h.h.t.OperatorHelmChartContainer - [local-hivemq-6f4d548d79] [hivemq] [ac406a26] + EXTENSION_URI=preinstalled
2025-01-30 18:43:11,429 INFO c.h.h.t.OperatorHelmChartContainer - [local-hivemq-6f4d548d79] [hivemq] [ac406a26] + EXTENSION_NAME=hivemq-amazon-kinesis-extension
2025-01-30 18:43:11,429 INFO c.h.h.t.OperatorHelmChartContainer - [local-hivemq-6f4d548d79] [hivemq] [ac406a26] + TARGET_STATE=false
2025-01-30 18:43:11,429 INFO c.h.h.t.OperatorHelmChartContainer - [local-hivemq-6f4d548d79] [hivemq] [ac406a26] + TARGET_DIR=/opt/hivemq/extensions/hivemq-amazon-kinesis-extension
2025-01-30 18:43:11,429 INFO c.h.h.t.OperatorHelmChartContainer - [local-hivemq-6f4d548d79] [hivemq] [ac406a26] ++ mktemp -d
2025-01-30 18:43:11,430 INFO c.h.h.t.OperatorHelmChartContainer - [local-hivemq-6f4d548d79] [hivemq] [ac406a26] + install_dir=/tmp/tmp.5f15C9p4Y7
2025-01-30 18:43:11,430 INFO c.h.h.t.OperatorHelmChartContainer - [local-hivemq-6f4d548d79] [hivemq] [ac406a26] + set +e
2025-01-30 18:43:11,432 INFO c.h.h.t.OperatorHelmChartContainer - [local-hivemq-6f4d548d79] [hivemq] [ac406a26] + [[ -f /opt/hivemq/extensions/hivemq-amazon-kinesis-extension/DISABLED ]]
2025-01-30 18:43:11,432 INFO c.h.h.t.OperatorHelmChartContainer - [local-hivemq-6f4d548d79] [hivemq] [ac406a26] + was_enabled=0
2025-01-30 18:43:11,432 INFO c.h.h.t.OperatorHelmChartContainer - [local-hivemq-6f4d548d79] [hivemq] [ac406a26] + set -e
2025-01-30 18:43:11,432 INFO c.h.h.t.OperatorHelmChartContainer - [local-hivemq-6f4d548d79] [hivemq] [ac406a26] + [[ preinstalled != \p\r\e\i\n\s\t\a\l\l\e\d ]]
2025-01-30 18:43:11,432 INFO c.h.h.t.OperatorHelmChartContainer - [local-hivemq-6f4d548d79] [hivemq] [ac406a26] + [[ false == \f\a\l\s\e ]]
2025-01-30 18:43:11,432 INFO c.h.h.t.OperatorHelmChartContainer - [local-hivemq-6f4d548d79] [hivemq] [ac406a26] + touch /opt/hivemq/extensions/hivemq-amazon-kinesis-extension/DISABLED
2025-01-30 18:43:11,432 INFO c.h.h.t.OperatorHelmChartContainer - [local-hivemq-6f4d548d79] [hivemq] [ac406a26] + was_enabled=0
2025-01-30 18:43:11,432 INFO c.h.h.t.OperatorHelmChartContainer - [local-hivemq-6f4d548d79] [hivemq] [ac406a26] + [[ preinstalled != \p\r\e\i\n\s\t\a\l\l\e\d ]]
2025-01-30 18:43:11,432 INFO c.h.h.t.OperatorHelmChartContainer - [local-hivemq-6f4d548d79] [hivemq] [ac406a26] + /opt/hivemq/bin/run_initialization.sh hivemq-amazon-kinesis-extension
2025-01-30 18:43:11,433 INFO c.h.h.t.OperatorHelmChartContainer - [local-hivemq-6f4d548d79] [hivemq] [ac406a26] + EXTENSION_NAME=hivemq-amazon-kinesis-extension
2025-01-30 18:43:11,433 INFO c.h.h.t.OperatorHelmChartContainer - [local-hivemq-6f4d548d79] [hivemq] [ac406a26] + TARGET_DIR=/opt/hivemq/extensions/hivemq-amazon-kinesis-extension
2025-01-30 18:43:11,433 INFO c.h.h.t.OperatorHelmChartContainer - [local-hivemq-6f4d548d79] [hivemq] [ac406a26] + cd /opt/hivemq/extensions/hivemq-amazon-kinesis-extension
2025-01-30 18:43:11,433 INFO c.h.h.t.OperatorHelmChartContainer - [local-hivemq-6f4d548d79] [hivemq] [ac406a26] + [[ -f init_tmp ]]
2025-01-30 18:43:11,433 INFO c.h.h.t.OperatorHelmChartContainer - [local-hivemq-6f4d548d79] [hivemq] [ac406a26] + [[ -f /etc/podinfo/init-extension-hivemq-amazon-kinesis-extension ]]
2025-01-30 18:43:11,433 INFO c.h.h.t.OperatorHelmChartContainer - [local-hivemq-6f4d548d79] [hivemq] [ac406a26] -------------------------------------------------------------------------
2025-01-30 18:43:11,433 INFO c.h.h.t.OperatorHelmChartContainer - [local-hivemq-6f4d548d79] [hivemq] [ac406a26] 
2025-01-30 18:43:11,433 INFO c.h.h.t.OperatorHelmChartContainer - [local-hivemq-6f4d548d79] [hivemq] [ac406a26]                   _    _  _              __  __   ____
2025-01-30 18:43:11,433 INFO c.h.h.t.OperatorHelmChartContainer - [local-hivemq-6f4d548d79] [hivemq] [ac406a26]                  | |  | |(_)            |  \/  | / __ \
2025-01-30 18:43:11,433 INFO c.h.h.t.OperatorHelmChartContainer - [local-hivemq-6f4d548d79] [hivemq] [ac406a26]                  | |__| | _ __   __ ___ | \  / || |  | |
2025-01-30 18:43:11,433 INFO c.h.h.t.OperatorHelmChartContainer - [local-hivemq-6f4d548d79] [hivemq] [ac406a26]                  |  __  || |\ \ / // _ \| |\/| || |  | |
2025-01-30 18:43:11,433 INFO c.h.h.t.OperatorHelmChartContainer - [local-hivemq-6f4d548d79] [hivemq] [ac406a26]                  | |  | || | \ V /|  __/| |  | || |__| |
2025-01-30 18:43:11,433 INFO c.h.h.t.OperatorHelmChartContainer - [local-hivemq-6f4d548d79] [hivemq] [ac406a26]                  |_|  |_||_|  \_/  \___||_|  |_| \___\_\
2025-01-30 18:43:11,433 INFO c.h.h.t.OperatorHelmChartContainer - [local-hivemq-6f4d548d79] [hivemq] [ac406a26] 
2025-01-30 18:43:11,433 INFO c.h.h.t.OperatorHelmChartContainer - [local-hivemq-6f4d548d79] [hivemq] [ac406a26] -------------------------------------------------------------------------
2025-01-30 18:43:11,433 INFO c.h.h.t.OperatorHelmChartContainer - [local-hivemq-6f4d548d79] [hivemq] [ac406a26] 
2025-01-30 18:43:11,433 INFO c.h.h.t.OperatorHelmChartContainer - [local-hivemq-6f4d548d79] [hivemq] [ac406a26]   HiveMQ Start Script for Linux/Unix v1.14
2025-01-30 18:43:11,433 INFO c.h.h.t.OperatorHelmChartContainer - [local-hivemq-6f4d548d79] [hivemq] [ac406a26] 
2025-01-30 18:43:11,433 INFO c.h.h.t.OperatorHelmChartContainer - [local-hivemq-6f4d548d79] [hivemq] [ac406a26] -------------------------------------------------------------------------
2025-01-30 18:43:11,433 INFO c.h.h.t.OperatorHelmChartContainer - [local-hivemq-6f4d548d79] [hivemq] [ac406a26] 
2025-01-30 18:43:11,433 INFO c.h.h.t.OperatorHelmChartContainer - [local-hivemq-6f4d548d79] [hivemq] [ac406a26]   HIVEMQ_HOME: /opt/hivemq
2025-01-30 18:43:11,433 INFO c.h.h.t.OperatorHelmChartContainer - [local-hivemq-6f4d548d79] [hivemq] [ac406a26] 
2025-01-30 18:43:11,433 INFO c.h.h.t.OperatorHelmChartContainer - [local-hivemq-6f4d548d79] [hivemq] [ac406a26]   JAVA_OPTS: -XX:+UnlockExperimentalVMOptions -XX:InitialRAMPercentage=40 -XX:MaxRAMPercentage=50 -XX:MinRAMPercentage=30 -Djava.net.preferIPv4Stack=true --add-opens java.base/java.lang=ALL-UNNAMED --add-opens java.base/java.nio=ALL-UNNAMED --add-opens java.base/sun.nio.ch=ALL-UNNAMED --add-opens jdk.management/com.sun.management.internal=ALL-UNNAMED --add-exports java.base/jdk.internal.misc=ALL-UNNAMED -Djava.security.egd=file:/dev/./urandom -Dcom.sun.management.jmxremote -Dcom.sun.management.jmxremote.port=9010 -Dcom.sun.management.jmxremote.local.only=false -Dcom.sun.management.jmxremote.authenticate=false -Dcom.sun.management.jmxremote.ssl=false -Duser.language=en -Duser.region=US -XX:+CrashOnOutOfMemoryError -XX:+HeapDumpOnOutOfMemoryError
2025-01-30 18:43:11,433 INFO c.h.h.t.OperatorHelmChartContainer - [local-hivemq-6f4d548d79] [hivemq] [ac406a26] 
2025-01-30 18:43:11,433 INFO c.h.h.t.OperatorHelmChartContainer - [local-hivemq-6f4d548d79] [hivemq] [ac406a26]   JAVA_VERSION: 21
2025-01-30 18:43:11,433 INFO c.h.h.t.OperatorHelmChartContainer - [local-hivemq-6f4d548d79] [hivemq] [ac406a26] 
2025-01-30 18:43:11,433 INFO c.h.h.t.OperatorHelmChartContainer - [local-hivemq-6f4d548d79] [hivemq] [ac406a26] -------------------------------------------------------------------------
2025-01-30 18:43:11,433 INFO c.h.h.t.OperatorHelmChartContainer - [local-hivemq-6f4d548d79] [hivemq] [ac406a26] 
2025-01-30 18:43:11,433 INFO c.h.h.t.OperatorHelmChartContainer - [local-hivemq-6f4d548d79] [hivemq] [ac406a26] INFO  - Starting HiveMQ Enterprise Server
2025-01-30 18:43:11,433 INFO c.h.h.t.OperatorHelmChartContainer - [local-hivemq-6f4d548d79] [hivemq] [ac406a26] INFO  - HiveMQ version: 4.36.0
2025-01-30 18:43:11,432 INFO c.h.h.t.OperatorHelmChartContainer - [POD] coredns-ff8999cc5-dcn9h [5c8d08a6-7318-422b-992e-c4c27be85365] in kube-system was ADDED
2025-01-30 18:43:11,433 INFO c.h.h.t.OperatorHelmChartContainer - [local-hivemq-6f4d548d79] [hivemq] [ac406a26] INFO  - HiveMQ home directory: /opt/hivemq
2025-01-30 18:43:11,434 INFO c.h.h.t.OperatorHelmChartContainer - [local-hivemq-6f4d548d79] [hivemq] [ac406a26] INFO  - Log Configuration was overridden by /opt/hivemq/conf/logback.xml
2025-01-30 18:43:11,434 INFO c.h.h.t.OperatorHelmChartContainer - [local-hivemq-6f4d548d79] [hivemq] [ac406a26] DEBUG - Adding TCP Listener on bind address 0.0.0.0 and port 1883. Name: tcp-listener-1883. Proxy Protocol supported: false
2025-01-30 18:43:11,434 INFO c.h.h.t.OperatorHelmChartContainer - [local-hivemq-6f4d548d79] [hivemq] [ac406a26] DEBUG - Setting retained messages enabled to true
2025-01-30 18:43:11,434 INFO c.h.h.t.OperatorHelmChartContainer - [local-hivemq-6f4d548d79] [hivemq] [ac406a26] DEBUG - Setting wildcard subscriptions enabled to true
2025-01-30 18:43:11,435 INFO c.h.h.t.OperatorHelmChartContainer - [local-hivemq-6f4d548d79] [hivemq] [ac406a26] DEBUG - Setting subscription identifier enabled to true
2025-01-30 18:43:11,435 INFO c.h.h.t.OperatorHelmChartContainer - [local-hivemq-6f4d548d79] [hivemq] [ac406a26] DEBUG - Setting shared subscriptions enabled to true
2025-01-30 18:43:11,435 INFO c.h.h.t.OperatorHelmChartContainer - [local-hivemq-6f4d548d79] [hivemq] [ac406a26] DEBUG - Setting maximum qos to EXACTLY_ONCE 
2025-01-30 18:43:11,435 INFO c.h.h.t.OperatorHelmChartContainer - [local-hivemq-6f4d548d79] [hivemq] [ac406a26] DEBUG - Setting topic alias enabled to true
2025-01-30 18:43:11,435 INFO c.h.h.t.OperatorHelmChartContainer - [local-hivemq-6f4d548d79] [hivemq] [ac406a26] DEBUG - Setting topic alias maximum per client to 5
2025-01-30 18:43:11,435 INFO c.h.h.t.OperatorHelmChartContainer - [local-hivemq-6f4d548d79] [hivemq] [ac406a26] DEBUG - Setting the number of max queued messages  per client to 1000 entries
2025-01-30 18:43:11,435 INFO c.h.h.t.OperatorHelmChartContainer - [local-hivemq-6f4d548d79] [hivemq] [ac406a26] DEBUG - Setting queued messages strategy for each client to DISCARD
2025-01-30 18:43:11,435 INFO c.h.h.t.OperatorHelmChartContainer - [local-hivemq-6f4d548d79] [hivemq] [ac406a26] DEBUG - Setting the expiry interval for client sessions to 4294967295 seconds
2025-01-30 18:43:11,435 INFO c.h.h.t.OperatorHelmChartContainer - [local-hivemq-6f4d548d79] [hivemq] [ac406a26] DEBUG - Setting the expiry interval for publish messages to 4294967296 seconds
2025-01-30 18:43:11,435 INFO c.h.h.t.OperatorHelmChartContainer - [local-hivemq-6f4d548d79] [hivemq] [ac406a26] DEBUG - Setting the server receive maximum to 10
2025-01-30 18:43:11,435 INFO c.h.h.t.OperatorHelmChartContainer - [local-hivemq-6f4d548d79] [hivemq] [ac406a26] DEBUG - Setting keep alive maximum to 65535 seconds
2025-01-30 18:43:11,435 INFO c.h.h.t.OperatorHelmChartContainer - [local-hivemq-6f4d548d79] [hivemq] [ac406a26] DEBUG - Setting keep alive allow zero to true
2025-01-30 18:43:11,435 INFO c.h.h.t.OperatorHelmChartContainer - [local-hivemq-6f4d548d79] [hivemq] [ac406a26] DEBUG - Setting the maximum packet size for mqtt messages 268435460 bytes
2025-01-30 18:43:11,435 INFO c.h.h.t.OperatorHelmChartContainer - [local-hivemq-6f4d548d79] [hivemq] [ac406a26] DEBUG - Setting global maximum allowed connections to -1
2025-01-30 18:43:11,435 INFO c.h.h.t.OperatorHelmChartContainer - [local-hivemq-6f4d548d79] [hivemq] [ac406a26] DEBUG - Setting the maximum client id length to 65535
2025-01-30 18:43:11,435 INFO c.h.h.t.OperatorHelmChartContainer - [local-hivemq-6f4d548d79] [hivemq] [ac406a26] DEBUG - Setting the timeout for disconnecting idle tcp connections before a connect message was received to 10000 milliseconds
2025-01-30 18:43:11,435 INFO c.h.h.t.OperatorHelmChartContainer - [local-hivemq-6f4d548d79] [hivemq] [ac406a26] DEBUG - Throttling the global incoming traffic limit 0 bytes/second
2025-01-30 18:43:11,435 INFO c.h.h.t.OperatorHelmChartContainer - [local-hivemq-6f4d548d79] [hivemq] [ac406a26] DEBUG - Setting the maximum topic length to 65535
2025-01-30 18:43:11,435 INFO c.h.h.t.OperatorHelmChartContainer - [local-hivemq-6f4d548d79] [hivemq] [ac406a26] DEBUG - Setting allow server assigned client identifier to true
2025-01-30 18:43:11,435 INFO c.h.h.t.OperatorHelmChartContainer - [local-hivemq-6f4d548d79] [hivemq] [ac406a26] DEBUG - Setting validate UTF-8 to true
2025-01-30 18:43:11,435 INFO c.h.h.t.OperatorHelmChartContainer - [local-hivemq-6f4d548d79] [hivemq] [ac406a26] DEBUG - Setting payload format validation to false
2025-01-30 18:43:11,435 INFO c.h.h.t.OperatorHelmChartContainer - [local-hivemq-6f4d548d79] [hivemq] [ac406a26] DEBUG - Setting allow-problem-information to true
2025-01-30 18:43:11,435 INFO c.h.h.t.OperatorHelmChartContainer - [local-hivemq-6f4d548d79] [hivemq] [ac406a26] DEBUG - Setting control-center audit log enabled to true
2025-01-30 18:43:11,435 INFO c.h.h.t.OperatorHelmChartContainer - [local-hivemq-6f4d548d79] [hivemq] [ac406a26] DEBUG - Setting rest-api audit log enabled to true
2025-01-30 18:43:11,435 INFO c.h.h.t.OperatorHelmChartContainer - [local-hivemq-6f4d548d79] [hivemq] [ac406a26] DEBUG - Setting HiveMQ Control Center enabled to true 
2025-01-30 18:43:11,435 INFO c.h.h.t.OperatorHelmChartContainer - [local-hivemq-6f4d548d79] [hivemq] [ac406a26] DEBUG - Setting HiveMQ Control Center default login enabled to true 
2025-01-30 18:43:11,435 INFO c.h.h.t.OperatorHelmChartContainer - [local-hivemq-6f4d548d79] [hivemq] [ac406a26] DEBUG - Setting HiveMQ Control Center session idle time to 14400 seconds
2025-01-30 18:43:11,435 INFO c.h.h.t.OperatorHelmChartContainer - [local-hivemq-6f4d548d79] [hivemq] [ac406a26] DEBUG - Adding Http-Listener to HiveMQ Control Center Config
2025-01-30 18:43:11,435 INFO c.h.h.t.OperatorHelmChartContainer - [local-hivemq-6f4d548d79] [hivemq] [ac406a26] DEBUG - Set TLS to disabled for cluster TCP transport
2025-01-30 18:43:11,435 INFO c.h.h.t.OperatorHelmChartContainer - [local-hivemq-6f4d548d79] [hivemq] [ac406a26] DEBUG - Setting replica count to 2 
2025-01-30 18:43:11,435 INFO c.h.h.t.OperatorHelmChartContainer - [local-hivemq-6f4d548d79] [hivemq] [ac406a26] DEBUG - Setting cluster TCP health-check enabled
2025-01-30 18:43:11,435 INFO c.h.h.t.OperatorHelmChartContainer - [local-hivemq-6f4d548d79] [hivemq] [ac406a26] DEBUG - Setting cluster TCP health-check bind-address to 10.42.0.7
2025-01-30 18:43:11,436 INFO c.h.h.t.OperatorHelmChartContainer - [local-hivemq-6f4d548d79] [hivemq] [ac406a26] DEBUG - Setting cluster TCP health-check bind-address to 9000
2025-01-30 18:43:11,436 INFO c.h.h.t.OperatorHelmChartContainer - [local-hivemq-6f4d548d79] [hivemq] [ac406a26] DEBUG - Setting cluster TCP health-check bind-port to 9000
2025-01-30 18:43:11,436 INFO c.h.h.t.OperatorHelmChartContainer - [local-hivemq-6f4d548d79] [hivemq] [ac406a26] DEBUG - Setting cluster TCP health-check external-address to default
2025-01-30 18:43:11,436 INFO c.h.h.t.OperatorHelmChartContainer - [local-hivemq-6f4d548d79] [hivemq] [ac406a26] DEBUG - Setting cluster TCP health-check external-port to 0
2025-01-30 18:43:11,436 INFO c.h.h.t.OperatorHelmChartContainer - [local-hivemq-6f4d548d79] [hivemq] [ac406a26] DEBUG - Setting cluster heartbeat enabled
2025-01-30 18:43:11,436 INFO c.h.h.t.OperatorHelmChartContainer - [local-hivemq-6f4d548d79] [hivemq] [ac406a26] DEBUG - Setting cluster heartbeat interval to 4000 ms
2025-01-30 18:43:11,436 INFO c.h.h.t.OperatorHelmChartContainer - [local-hivemq-6f4d548d79] [hivemq] [ac406a26] DEBUG - Setting the cluster heartbeat timeout to 30000 ms
2025-01-30 18:43:11,436 INFO c.h.h.t.OperatorHelmChartContainer - [local-hivemq-6f4d548d79] [hivemq] [ac406a26] DEBUG - Setting HiveMQ REST API enabled to false 
2025-01-30 18:43:11,436 INFO c.h.h.t.OperatorHelmChartContainer - [local-hivemq-6f4d548d79] [hivemq] [ac406a26] DEBUG - Setting HiveMQ REST API authentication enabled to false 
2025-01-30 18:43:11,436 INFO c.h.h.t.OperatorHelmChartContainer - [local-hivemq-6f4d548d79] [hivemq] [ac406a26] DEBUG - Setting HiveMQ Health API enabled to false 
2025-01-30 18:43:11,436 INFO c.h.h.t.OperatorHelmChartContainer - [local-hivemq-6f4d548d79] [hivemq] [ac406a26] DEBUG - Setting client event history enabled to false
2025-01-30 18:43:11,436 INFO c.h.h.t.OperatorHelmChartContainer - [local-hivemq-6f4d548d79] [hivemq] [ac406a26] DEBUG - Setting client event history lifetime to 604800000 ms
2025-01-30 18:43:11,436 INFO c.h.h.t.OperatorHelmChartContainer - [local-hivemq-6f4d548d79] [hivemq] [ac406a26] DEBUG - Setting overload protection enabled to true 
2025-01-30 18:43:11,436 INFO c.h.h.t.OperatorHelmChartContainer - [local-hivemq-6f4d548d79] [hivemq] [ac406a26] DEBUG - Setting anonymous usage statistics enabled to false 
2025-01-30 18:43:11,436 INFO c.h.h.t.OperatorHelmChartContainer - [local-hivemq-6f4d548d79] [hivemq] [ac406a26] DEBUG - Setting expired messages topic enabled to false
2025-01-30 18:43:11,436 INFO c.h.h.t.OperatorHelmChartContainer - [local-hivemq-6f4d548d79] [hivemq] [ac406a26] DEBUG - Setting dropped messages topic enabled to false
2025-01-30 18:43:11,436 INFO c.h.h.t.OperatorHelmChartContainer - [local-hivemq-6f4d548d79] [hivemq] [ac406a26] DEBUG - Setting dead messages topic enabled to false
2025-01-30 18:43:11,436 INFO c.h.h.t.OperatorHelmChartContainer - [local-hivemq-6f4d548d79] [hivemq] [ac406a26] INFO  - Successfully loaded configuration from '/opt/hivemq/conf/config.xml'.
2025-01-30 18:43:11,436 INFO c.h.h.t.OperatorHelmChartContainer - [local-hivemq-6f4d548d79] [hivemq] [ac406a26] DEBUG - Performing sanity checks.
2025-01-30 18:43:11,436 INFO c.h.h.t.OperatorHelmChartContainer - [local-hivemq-6f4d548d79] [hivemq] [ac406a26] DEBUG - Soft limit for open files (1048576) satisfies the recommended limit (1000000).
2025-01-30 18:43:11,436 INFO c.h.h.t.OperatorHelmChartContainer - [local-hivemq-6f4d548d79] [hivemq] [ac406a26] DEBUG - Hard limit for open files (1048576) satisfies the recommended limit (1000000).
2025-01-30 18:43:11,436 INFO c.h.h.t.OperatorHelmChartContainer - [local-hivemq-6f4d548d79] [hivemq] [ac406a26] DEBUG - HiveMQ license directory (/opt/hivemq/license) satisfies all required file-system permissions.
2025-01-30 18:43:11,436 INFO c.h.h.t.OperatorHelmChartContainer - [local-hivemq-6f4d548d79] [hivemq] [ac406a26] DEBUG - HiveMQ data directory (/opt/hivemq/data) satisfies all required file-system permissions.
2025-01-30 18:43:11,436 INFO c.h.h.t.OperatorHelmChartContainer - [local-hivemq-6f4d548d79] [hivemq] [ac406a26] DEBUG - HiveMQ log directory (/opt/hivemq/log) satisfies all required file-system permissions.
2025-01-30 18:43:11,436 INFO c.h.h.t.OperatorHelmChartContainer - [local-hivemq-6f4d548d79] [hivemq] [ac406a26] DEBUG - HiveMQ backup directory (/opt/hivemq/backup) satisfies all required file-system permissions.
2025-01-30 18:43:11,436 INFO c.h.h.t.OperatorHelmChartContainer - [local-hivemq-6f4d548d79] [hivemq] [ac406a26] DEBUG - HiveMQ audit directory (/opt/hivemq/audit) satisfies all required file-system permissions.
2025-01-30 18:43:11,436 INFO c.h.h.t.OperatorHelmChartContainer - [local-hivemq-6f4d548d79] [hivemq] [ac406a26] DEBUG - HiveMQ extensions directory (/opt/hivemq/extensions) satisfies all required file-system permissions.
2025-01-30 18:43:11,436 INFO c.h.h.t.OperatorHelmChartContainer - [local-hivemq-6f4d548d79] [hivemq] [ac406a26] DEBUG - Extension directory hivemq-allow-all-extension (/opt/hivemq/extensions/hivemq-allow-all-extension) satisfies all required file-system permissions.
2025-01-30 18:43:11,438 INFO c.h.h.t.OperatorHelmChartContainer - [local-hivemq-6f4d548d79] [hivemq] [ac406a26] DEBUG - Extension directory hivemq-google-cloud-pubsub-extension (/opt/hivemq/extensions/hivemq-google-cloud-pubsub-extension) satisfies all required file-system permissions.
2025-01-30 18:43:11,438 INFO c.h.h.t.OperatorHelmChartContainer - [local-hivemq-6f4d548d79] [hivemq] [ac406a26] DEBUG - Extension directory hivemq-enterprise-security-extension (/opt/hivemq/extensions/hivemq-enterprise-security-extension) satisfies all required file-system permissions.
2025-01-30 18:43:11,438 INFO c.h.h.t.OperatorHelmChartContainer - [local-hivemq-6f4d548d79] [hivemq] [ac406a26] DEBUG - Extension directory hivemq-bridge-extension (/opt/hivemq/extensions/hivemq-bridge-extension) satisfies all required file-system permissions.
2025-01-30 18:43:11,438 INFO c.h.h.t.OperatorHelmChartContainer - [local-hivemq-6f4d548d79] [hivemq] [ac406a26] DEBUG - Extension directory hivemq-kafka-extension (/opt/hivemq/extensions/hivemq-kafka-extension) satisfies all required file-system permissions.
2025-01-30 18:43:11,438 INFO c.h.h.t.OperatorHelmChartContainer - [local-hivemq-6f4d548d79] [hivemq] [ac406a26] DEBUG - Extension directory hivemq-distributed-tracing-extension (/opt/hivemq/extensions/hivemq-distributed-tracing-extension) satisfies all required file-system permissions.
2025-01-30 18:43:11,438 INFO c.h.h.t.OperatorHelmChartContainer - [local-hivemq-6f4d548d79] [hivemq] [ac406a26] DEBUG - Extension directory hivemq-prometheus-extension (/opt/hivemq/extensions/hivemq-prometheus-extension) satisfies all required file-system permissions.
2025-01-30 18:43:11,438 INFO c.h.h.t.OperatorHelmChartContainer - [local-hivemq-6f4d548d79] [hivemq] [ac406a26] DEBUG - Extension directory hivemq-amazon-kinesis-extension (/opt/hivemq/extensions/hivemq-amazon-kinesis-extension) satisfies all required file-system permissions.
2025-01-30 18:43:11,438 INFO c.h.h.t.OperatorHelmChartContainer - [local-hivemq-6f4d548d79] [hivemq] [ac406a26] DEBUG - Extension directory hivemq-k8s-sync-extension (/opt/hivemq/extensions/hivemq-k8s-sync-extension) satisfies all required file-system permissions.
2025-01-30 18:43:11,438 INFO c.h.h.t.OperatorHelmChartContainer - [local-hivemq-6f4d548d79] [hivemq] [ac406a26] DEBUG - Extension directory hivemq-dns-cluster-discovery (/opt/hivemq/extensions/hivemq-dns-cluster-discovery) satisfies all required file-system permissions.
2025-01-30 18:43:11,438 INFO c.h.h.t.OperatorHelmChartContainer - [local-hivemq-6f4d548d79] [hivemq] [ac406a26] DEBUG - Extension directory hivemq-snowflake-extension (/opt/hivemq/extensions/hivemq-snowflake-extension) satisfies all required file-system permissions.
2025-01-30 18:43:11,438 INFO c.h.h.t.OperatorHelmChartContainer - [local-hivemq-6f4d548d79] [hivemq] [ac406a26] DEBUG - Extension directory hivemq-postgresql-extension (/opt/hivemq/extensions/hivemq-postgresql-extension) satisfies all required file-system permissions.
2025-01-30 18:43:11,438 INFO c.h.h.t.OperatorHelmChartContainer - [local-hivemq-6f4d548d79] [hivemq] [ac406a26] DEBUG - Extension directory hivemq-mysql-extension (/opt/hivemq/extensions/hivemq-mysql-extension) satisfies all required file-system permissions.
2025-01-30 18:43:11,438 INFO c.h.h.t.OperatorHelmChartContainer - [local-hivemq-6f4d548d79] [hivemq] [ac406a26] DEBUG - Extension directory hivemq-mongodb-extension (/opt/hivemq/extensions/hivemq-mongodb-extension) satisfies all required file-system permissions.
2025-01-30 18:43:11,438 INFO c.h.h.t.OperatorHelmChartContainer - [local-hivemq-6f4d548d79] [hivemq] [ac406a26] DEBUG - Extension directory hivemq-data-lake-extension (/opt/hivemq/extensions/hivemq-data-lake-extension) satisfies all required file-system permissions.
2025-01-30 18:43:11,438 INFO c.h.h.t.OperatorHelmChartContainer - [local-hivemq-6f4d548d79] [hivemq] [ac406a26] DEBUG - Extension directory hivemq-microsoft-sql-server-extension (/opt/hivemq/extensions/hivemq-microsoft-sql-server-extension) satisfies all required file-system permissions.
2025-01-30 18:43:11,438 INFO c.h.h.t.OperatorHelmChartContainer - [local-hivemq-6f4d548d79] [hivemq] [ac406a26] DEBUG - Temporary directory (/tmp) satisfies all required file-system permissions.
2025-01-30 18:43:11,438 INFO c.h.h.t.OperatorHelmChartContainer - [local-hivemq-6f4d548d79] [hivemq] [ac406a26] DEBUG - Heap dump directory (/opt/hivemq/dumps) satisfies all required file-system permissions.
2025-01-30 18:43:11,438 INFO c.h.h.t.OperatorHelmChartContainer - [local-hivemq-6f4d548d79] [hivemq] [ac406a26] DEBUG - Performed all sanity checks in 94ms. All sanity checks passed successfully.
2025-01-30 18:43:11,438 INFO c.h.h.t.OperatorHelmChartContainer - [local-hivemq-6f4d548d79] [hivemq] [ac406a26] INFO  - This node's ID is xT0dm
2025-01-30 18:43:11,438 INFO c.h.h.t.OperatorHelmChartContainer - [local-hivemq-6f4d548d79] [hivemq] [ac406a26] INFO  - Clustering is enabled
2025-01-30 18:43:11,438 INFO c.h.h.t.OperatorHelmChartContainer - [local-hivemq-6f4d548d79] [hivemq] [ac406a26] DEBUG - Configured WriteBufferManager with size for memtables 311023370 and for the block cache 466535055
2025-01-30 18:43:11,438 INFO c.h.h.t.OperatorHelmChartContainer - [local-hivemq-6f4d548d79] [hivemq] [ac406a26] DEBUG - Starting RocksDBMemoryUsageWatchdog.
2025-01-30 18:43:11,438 INFO c.h.h.t.OperatorHelmChartContainer - [local-hivemq-6f4d548d79] [hivemq] [ac406a26] DEBUG - RocksDBMemoryUsageWatchdog is running.
2025-01-30 18:43:11,438 INFO c.h.h.t.OperatorHelmChartContainer - [local-hivemq-6f4d548d79] [hivemq] [ac406a26] DEBUG - Folder /opt/hivemq/data/persistence does not exist, trying to create it
2025-01-30 18:43:11,438 INFO c.h.h.t.OperatorHelmChartContainer - [local-hivemq-6f4d548d79] [hivemq] [ac406a26] DEBUG - Created folder /opt/hivemq/data
2025-01-30 18:43:11,438 INFO c.h.h.t.OperatorHelmChartContainer - [local-hivemq-6f4d548d79] [hivemq] [ac406a26] DEBUG - Folder /opt/hivemq/data/persistence/publish_payload_store/040500_R does not exist, trying to create it
2025-01-30 18:43:11,438 INFO c.h.h.t.OperatorHelmChartContainer - [local-hivemq-6f4d548d79] [hivemq] [ac406a26] DEBUG - Folder /opt/hivemq/data/persistence/client_queue/042800_R does not exist, trying to create it
2025-01-30 18:43:11,438 INFO c.h.h.t.OperatorHelmChartContainer - [local-hivemq-6f4d548d79] [hivemq] [ac406a26] DEBUG - Folder /opt/hivemq/data/persistence/client_session_store/040100_R does not exist, trying to create it
2025-01-30 18:43:11,438 INFO c.h.h.t.OperatorHelmChartContainer - [local-hivemq-6f4d548d79] [hivemq] [ac406a26] DEBUG - Folder /opt/hivemq/data/persistence/client_session_subscriptions/043200_R does not exist, trying to create it
2025-01-30 18:43:11,438 INFO c.h.h.t.OperatorHelmChartContainer - [local-hivemq-6f4d548d79] [hivemq] [ac406a26] DEBUG - Folder /opt/hivemq/data/persistence/retained_messages/040800_R does not exist, trying to create it
2025-01-30 18:43:11,438 INFO c.h.h.t.OperatorHelmChartContainer - [local-hivemq-6f4d548d79] [hivemq] [ac406a26] DEBUG - Folder /opt/hivemq/data/persistence/attribute/043100_R does not exist, trying to create it
2025-01-30 18:43:11,438 INFO c.h.h.t.OperatorHelmChartContainer - [local-hivemq-6f4d548d79] [hivemq] [ac406a26] DEBUG - Folder /opt/hivemq/data/persistence/incoming_message_flow/043000_R does not exist, trying to create it
2025-01-30 18:43:11,438 INFO c.h.h.t.OperatorHelmChartContainer - [local-hivemq-6f4d548d79] [hivemq] [ac406a26] DEBUG - Folder /opt/hivemq/data/persistence/data_hub_modules/043000_R does not exist, trying to create it
2025-01-30 18:43:11,439 INFO c.h.h.t.OperatorHelmChartContainer - [local-hivemq-6f4d548d79] [hivemq] [ac406a26] DEBUG - Folder /opt/hivemq/data/persistence/data_hub_schemas/042000_R does not exist, trying to create it
2025-01-30 18:43:11,439 INFO c.h.h.t.OperatorHelmChartContainer - [local-hivemq-6f4d548d79] [hivemq] [ac406a26] DEBUG - Folder /opt/hivemq/data/persistence/data_hub_scripts/042300_R does not exist, trying to create it
2025-01-30 18:43:11,439 INFO c.h.h.t.OperatorHelmChartContainer - [local-hivemq-6f4d548d79] [hivemq] [ac406a26] DEBUG - Folder /opt/hivemq/data/persistence/data_hub_policies/042000_R does not exist, trying to create it
2025-01-30 18:43:11,439 INFO c.h.h.t.OperatorHelmChartContainer - [local-hivemq-6f4d548d79] [hivemq] [ac406a26] DEBUG - Diagnostic mode is disabled
2025-01-30 18:43:11,439 INFO c.h.h.t.OperatorHelmChartContainer - [local-hivemq-6f4d548d79] [hivemq] [ac406a26] INFO  - No valid license file found. Using trial license, restricted to 25 connections.
2025-01-30 18:43:11,439 INFO c.h.h.t.OperatorHelmChartContainer - [local-hivemq-6f4d548d79] [hivemq] [ac406a26] DEBUG - Native Epoll is available on this platform
2025-01-30 18:43:11,439 INFO c.h.h.t.OperatorHelmChartContainer - [local-hivemq-6f4d548d79] [hivemq] [ac406a26] DEBUG - Set extension executor thread pool size to 1
2025-01-30 18:43:11,439 INFO c.h.h.t.OperatorHelmChartContainer - [local-hivemq-6f4d548d79] [hivemq] [ac406a26] DEBUG - Set extension executor thread pool keep-alive to 30 seconds
2025-01-30 18:43:11,439 INFO c.h.h.t.OperatorHelmChartContainer - [local-hivemq-6f4d548d79] [hivemq] [ac406a26] DEBUG - initializing RSA key
2025-01-30 18:43:11,439 INFO c.h.h.t.OperatorHelmChartContainer - [local-hivemq-6f4d548d79] [hivemq] [ac406a26] DEBUG - finished initializing RSA key in 3109ms
2025-01-30 18:43:11,439 INFO c.h.h.t.OperatorHelmChartContainer - [local-hivemq-6f4d548d79] [hivemq] [ac406a26] DEBUG - Unable to provide size and free metrics for disk /dev/sda: Could not find the corresponding FileStore (OSHI/Java).
2025-01-30 18:43:11,439 INFO c.h.h.t.OperatorHelmChartContainer - [local-hivemq-6f4d548d79] [hivemq] [ac406a26] DEBUG - Unable to provide size and free metrics for disk /dev/sdb: Could not find the corresponding FileStore (OSHI/Java).
2025-01-30 18:43:11,439 INFO c.h.h.t.OperatorHelmChartContainer - [local-hivemq-6f4d548d79] [hivemq] [ac406a26] DEBUG - Throttling incoming traffic to 0 B/s
2025-01-30 18:43:11,439 INFO c.h.h.t.OperatorHelmChartContainer - [local-hivemq-6f4d548d79] [hivemq] [ac406a26] DEBUG - Throttling outgoing traffic to 0 B/s
2025-01-30 18:43:11,439 INFO c.h.h.t.OperatorHelmChartContainer - [local-hivemq-6f4d548d79] [hivemq] [ac406a26] INFO  - No valid license file for Data Hub found. Using free license, restricted to 1 policy.
2025-01-30 18:43:11,439 INFO c.h.h.t.OperatorHelmChartContainer - [local-hivemq-6f4d548d79] [hivemq] [ac406a26] DEBUG - Building initial topic tree
2025-01-30 18:43:11,439 INFO c.h.h.t.OperatorHelmChartContainer - [local-hivemq-6f4d548d79] [hivemq] [ac406a26] DEBUG - Started JMX Metrics Reporting.
2025-01-30 18:43:11,439 INFO c.h.h.t.OperatorHelmChartContainer - [local-hivemq-6f4d548d79] [hivemq] [ac406a26] DEBUG - Registered JVM metrics with prefix com.hivemq.jvm.
2025-01-30 18:43:11,439 INFO c.h.h.t.OperatorHelmChartContainer - [local-hivemq-6f4d548d79] [hivemq] [ac406a26] DEBUG - Registered HiveMQ Health API metrics.
2025-01-30 18:43:11,439 INFO c.h.h.t.OperatorHelmChartContainer - [local-hivemq-6f4d548d79] [hivemq] [ac406a26] INFO  - Audit Logger started.
2025-01-30 18:43:11,439 INFO c.h.h.t.OperatorHelmChartContainer - [local-hivemq-6f4d548d79] [hivemq] [ac406a26] INFO  - This node uses '1' CPU cores.
2025-01-30 18:43:11,439 INFO c.h.h.t.OperatorHelmChartContainer - [local-hivemq-6f4d548d79] [hivemq] [ac406a26] INFO  - Starting HiveMQ extension system.
2025-01-30 18:43:11,439 INFO c.h.h.t.OperatorHelmChartContainer - [local-hivemq-6f4d548d79] [hivemq] [ac406a26] INFO  - Starting extension with id "hivemq-dns-cluster-discovery" at /opt/hivemq/extensions/hivemq-dns-cluster-discovery
2025-01-30 18:43:11,439 INFO c.h.h.t.OperatorHelmChartContainer - [local-hivemq-6f4d548d79] [hivemq] [ac406a26] DEBUG - HiveMQ DNS Cluster Discovery Extension: No DNS server address was set in the configuration file or environment variable.
2025-01-30 18:43:11,439 INFO c.h.h.t.OperatorHelmChartContainer - [local-hivemq-6f4d548d79] [hivemq] [ac406a26] DEBUG - HiveMQ DNS Cluster Discovery Extension: No reload interval was set in the configuration file or environment variable. Defaulting to 30.
2025-01-30 18:43:11,439 INFO c.h.h.t.OperatorHelmChartContainer - [local-hivemq-6f4d548d79] [hivemq] [ac406a26] INFO  - Extension "DNS Cluster Discovery Extension" version 4.3.3 started successfully.
2025-01-30 18:43:11,439 INFO c.h.h.t.OperatorHelmChartContainer - [local-hivemq-6f4d548d79] [hivemq] [ac406a26] INFO  - Starting extension with id "hivemq-k8s-sync-extension" at /opt/hivemq/extensions/hivemq-k8s-sync-extension
2025-01-30 18:43:11,439 INFO c.h.h.t.OperatorHelmChartContainer - [local-hivemq-6f4d548d79] [hivemq] [ac406a26] INFO  - Using TCP cluster transport on address 10.42.0.7 and port 7000
2025-01-30 18:43:11,439 INFO c.h.h.t.OperatorHelmChartContainer - [local-hivemq-6f4d548d79] [hivemq] [ac406a26] INFO  - Using extension cluster discovery
2025-01-30 18:43:11,439 INFO c.h.h.t.OperatorHelmChartContainer - [local-hivemq-6f4d548d79] [hivemq] [ac406a26] DEBUG - Could not get configMap modification timestamp for source /hivemq-data/conf/..data, likely no ConfigMap mounted
2025-01-30 18:43:11,439 INFO c.h.h.t.OperatorHelmChartContainer - [local-hivemq-6f4d548d79] [hivemq] [ac406a26] DEBUG - Could not get configMap modification timestamp for source /hivemq-data/extensions/..data, likely no ConfigMap mounted
2025-01-30 18:43:11,439 INFO c.h.h.t.OperatorHelmChartContainer - [local-hivemq-6f4d548d79] [hivemq] [ac406a26] DEBUG - Could not get configMap modification timestamp for source /hivemq-data/bin/..data, likely no ConfigMap mounted
2025-01-30 18:43:11,439 INFO c.h.h.t.OperatorHelmChartContainer - [local-hivemq-6f4d548d79] [hivemq] [ac406a26] INFO  - Started HiveMQ Kubernetes State Synchronization Extension:1.0.3
2025-01-30 18:43:11,439 INFO c.h.h.t.OperatorHelmChartContainer - [local-hivemq-6f4d548d79] [hivemq] [ac406a26] INFO  - Extension "HiveMQ Kubernetes State Synchronization Extension" version 1.0.3 started successfully.
2025-01-30 18:43:11,439 INFO c.h.h.t.OperatorHelmChartContainer - [local-hivemq-6f4d548d79] [hivemq] [ac406a26] INFO  - Starting extension with id "hivemq-allow-all-extension" at /opt/hivemq/extensions/hivemq-allow-all-extension
2025-01-30 18:43:11,439 INFO c.h.h.t.OperatorHelmChartContainer - [local-hivemq-6f4d548d79] [hivemq] [ac406a26] WARN  - 
2025-01-30 18:43:11,439 INFO c.h.h.t.OperatorHelmChartContainer - [local-hivemq-6f4d548d79] [hivemq] [ac406a26] ################################################################################################################
2025-01-30 18:43:11,439 INFO c.h.h.t.OperatorHelmChartContainer - [local-hivemq-6f4d548d79] [hivemq] [ac406a26] # This HiveMQ deployment is not secure! You are lacking Authentication and Authorization.                      #
2025-01-30 18:43:11,440 INFO c.h.h.t.OperatorHelmChartContainer - [local-hivemq-6f4d548d79] [hivemq] [ac406a26] # Right now any MQTT client can connect to the broker with a full set of permissions.                          #
2025-01-30 18:43:11,440 INFO c.h.h.t.OperatorHelmChartContainer - [local-hivemq-6f4d548d79] [hivemq] [ac406a26] # For production usage, add an appropriate security extension and remove the hivemq-allow-all extension.       #
2025-01-30 18:43:11,440 INFO c.h.h.t.OperatorHelmChartContainer - [local-hivemq-6f4d548d79] [hivemq] [ac406a26] # You can download security extensions from the HiveMQ Marketplace (https://www.hivemq.com/extensions/).       #
2025-01-30 18:43:11,440 INFO c.h.h.t.OperatorHelmChartContainer - [local-hivemq-6f4d548d79] [hivemq] [ac406a26] ################################################################################################################
2025-01-30 18:43:11,440 INFO c.h.h.t.OperatorHelmChartContainer - [local-hivemq-6f4d548d79] [hivemq] [ac406a26] DEBUG - Simple authenticator added by extension 'hivemq-allow-all-extension'.
2025-01-30 18:43:11,440 INFO c.h.h.t.OperatorHelmChartContainer - [local-hivemq-6f4d548d79] [hivemq] [ac406a26] INFO  - Extension "Allow All Extension" version 1.1.1 started successfully.
2025-01-30 18:43:11,440 INFO c.h.h.t.OperatorHelmChartContainer - [local-hivemq-6f4d548d79] [hivemq] [ac406a26] DEBUG - HiveMQ DNS Cluster Discovery Extension: Discovered new address '10.42.0.7'.
2025-01-30 18:43:11,440 INFO c.h.h.t.OperatorHelmChartContainer - [local-hivemq-6f4d548d79] [hivemq] [ac406a26] INFO  - xT0dm: no members discovered after 2207 ms: creating cluster as first member
2025-01-30 18:43:11,440 INFO c.h.h.t.OperatorHelmChartContainer - [local-hivemq-6f4d548d79] [hivemq] [ac406a26] INFO  - Cluster nodes found by discovery: [xT0dm|0] (1) [xT0dm].
2025-01-30 18:43:11,440 INFO c.h.h.t.OperatorHelmChartContainer - [local-hivemq-6f4d548d79] [hivemq] [ac406a26] DEBUG - State of node xT0dm changed to UNKNOWN was null. Current cluster node states: {xT0dm=UNKNOWN}
2025-01-30 18:43:11,440 INFO c.h.h.t.OperatorHelmChartContainer - [local-hivemq-6f4d548d79] [hivemq] [ac406a26] DEBUG - State of node xT0dm set to RUNNING. Current cluster node states: {xT0dm=RUNNING}
2025-01-30 18:43:11,440 INFO c.h.h.t.OperatorHelmChartContainer - [local-hivemq-6f4d548d79] [hivemq] [ac406a26] WARN  - No user for HiveMQ Control Center configured. Starting with default user
2025-01-30 18:43:11,440 INFO c.h.h.t.OperatorHelmChartContainer - [local-hivemq-6f4d548d79] [hivemq] [ac406a26] INFO  - Starting HiveMQ Control Center on address 0.0.0.0 and port 8080
2025-01-30 18:43:11,440 INFO c.h.h.t.OperatorHelmChartContainer - [local-hivemq-6f4d548d79] [hivemq] [ac406a26] INFO  - Mounting HiveMQ Control Center V2 Preview
2025-01-30 18:43:11,440 INFO c.h.h.t.OperatorHelmChartContainer - [local-hivemq-6f4d548d79] [hivemq] [ac406a26] INFO  - Started HiveMQ Control Center in 1412ms
2025-01-30 18:43:11,440 INFO c.h.h.t.OperatorHelmChartContainer - [local-hivemq-6f4d548d79] [hivemq] [ac406a26] INFO  - Starting TCP listener on address 0.0.0.0 and port 1883
2025-01-30 18:43:11,440 INFO c.h.h.t.OperatorHelmChartContainer - [local-hivemq-6f4d548d79] [hivemq] [ac406a26] INFO  - Started TCP Listener on address 0.0.0.0 and on port 1883.
2025-01-30 18:43:11,440 INFO c.h.h.t.OperatorHelmChartContainer - [local-hivemq-6f4d548d79] [hivemq] [ac406a26] INFO  - Started HiveMQ in 28401ms
2025-01-30 18:43:11,440 INFO c.h.h.t.OperatorHelmChartContainer - [POD] local-path-provisioner-698b58967b-hj5lf [83e87f2b-0a3d-49f8-bfc1-220f70ad3a01] in kube-system was ADDED
2025-01-30 18:43:11,443 INFO c.h.h.t.OperatorHelmChartContainer - [POD] metrics-server-8584b5786c-wv2t4 [918dc571-091f-41d1-a641-7db2f82abfe2] in kube-system was ADDED
2025-01-30 18:43:11,452 INFO c.h.h.t.OperatorHelmChartContainer - [POD] svclb-hivemq-local-hivemq-mqtt-7c6a1896-c84qc [5c257c1d-e813-4ac0-bd51-e522d4c122b1] in kube-system was ADDED
2025-01-30 18:43:11,457 INFO c.h.h.t.OperatorHelmChartContainer - [EVENT] Normal [Started] Started container operator [default:local-hivemq-hivemq-operator-operator-6b564f6db4-bt2cn]
2025-01-30 18:43:11,457 INFO c.h.h.t.OperatorHelmChartContainer - Received Started event for container operator in pod local-hivemq-hivemq-operator-operator-6b564f6db4-bt2cn [65aa4ab4-66de-480d-a738-f6c437dbedbc]
2025-01-30 18:43:11,457 INFO c.h.h.t.OperatorHelmChartContainer - [EVENT] Normal [SuccessfulCreate] Created pod: local-hivemq-hivemq-operator-operator-6b564f6db4-bt2cn [default:local-hivemq-hivemq-operator-operator-6b564f6db4]
2025-01-30 18:43:11,457 INFO c.h.h.t.OperatorHelmChartContainer - [EVENT] Normal [ScalingReplicaSet] Scaled up replica set local-hivemq-hivemq-operator-operator-6b564f6db4 from 0 to 1 [default:local-hivemq-hivemq-operator-operator]
2025-01-30 18:43:11,457 INFO c.h.h.t.OperatorHelmChartContainer - [EVENT] Normal [ScalingReplicaSet] Scaled up replica set local-hivemq-6f4d548d79 from 0 to 1 [default:local-hivemq]
2025-01-30 18:43:11,458 INFO c.h.h.t.OperatorHelmChartContainer - Started log watcher for operator in pod local-hivemq-hivemq-operator-operator-6b564f6db4-bt2cn [65aa4ab4-66de-480d-a738-f6c437dbedbc]
2025-01-30 18:43:11,458 INFO c.h.h.t.OperatorHelmChartContainer - [local-hivemq-hivemq-operator] [operator] [65aa4ab4] Picked up JAVA_TOOL_OPTIONS: -XX:+UnlockExperimentalVMOptions -XX:InitialRAMPercentage=75 -XX:MaxRAMPercentage=75
2025-01-30 18:43:11,459 INFO c.h.h.t.OperatorHelmChartContainer - [local-hivemq-hivemq-operator] [operator] [65aa4ab4]  __  __ _                                  _   
2025-01-30 18:43:11,459 INFO c.h.h.t.OperatorHelmChartContainer - [local-hivemq-hivemq-operator] [operator] [65aa4ab4] |  \/  (_) ___ _ __ ___  _ __   __ _ _   _| |_ 
2025-01-30 18:43:11,459 INFO c.h.h.t.OperatorHelmChartContainer - [local-hivemq-hivemq-operator] [operator] [65aa4ab4] | |\/| | |/ __| '__/ _ \| '_ \ / _` | | | | __|
2025-01-30 18:43:11,459 INFO c.h.h.t.OperatorHelmChartContainer - [local-hivemq-hivemq-operator] [operator] [65aa4ab4] | |  | | | (__| | | (_) | | | | (_| | |_| | |_ 
2025-01-30 18:43:11,459 INFO c.h.h.t.OperatorHelmChartContainer - [local-hivemq-hivemq-operator] [operator] [65aa4ab4] |_|  |_|_|\___|_|  \___/|_| |_|\__,_|\__,_|\__|
2025-01-30 18:43:11,459 INFO c.h.h.t.OperatorHelmChartContainer - [local-hivemq-hivemq-operator] [operator] [65aa4ab4]   Micronaut (v3.5.2)
2025-01-30 18:43:11,459 INFO c.h.h.t.OperatorHelmChartContainer - [local-hivemq-hivemq-operator] [operator] [65aa4ab4] 
2025-01-30 18:43:11,459 INFO c.h.h.t.OperatorHelmChartContainer - [local-hivemq-hivemq-operator] [operator] [65aa4ab4] ?[36m18:41:47.742?[0;39m ?[1;30m[main]?[0;39m ?[34mINFO ?[0;39m ?[35mio.micronaut.runtime.Micronaut?[0;39m - Startup completed in 2216ms. Server Running: http://local-hivemq-hivemq-operator-operator-6b564f6db4-bt2cn:8443
2025-01-30 18:43:11,459 INFO c.h.h.t.OperatorHelmChartContainer - [local-hivemq-hivemq-operator] [operator] [65aa4ab4] ?[36m18:41:48.740?[0;39m ?[1;30m[main]?[0;39m ?[34mINFO ?[0;39m ?[35mcom.hivemq.Operator?[0;39m - Initializing HiveMQ operator
2025-01-30 18:43:11,459 INFO c.h.h.t.OperatorHelmChartContainer - [local-hivemq-hivemq-operator] [operator] [65aa4ab4] ?[36m18:41:49.832?[0;39m ?[1;30m[main]?[0;39m ?[34mINFO ?[0;39m ?[35mcom.hivemq.Operator?[0;39m - Operating from namespace 'default'
2025-01-30 18:43:11,459 INFO c.h.h.t.OperatorHelmChartContainer - [local-hivemq-hivemq-operator] [operator] [65aa4ab4] ?[36m18:41:50.023?[0;39m ?[1;30m[pool-3-thread-1]?[0;39m ?[34mINFO ?[0;39m ?[35mcom.hivemq.AbstractWatcher?[0;39m - CustomResource watcher running for kinds HiveMQCluster
2025-01-30 18:43:11,459 INFO c.h.h.t.OperatorHelmChartContainer - [local-hivemq-hivemq-operator] [operator] [65aa4ab4] ?[36m18:41:50.638?[0;39m ?[1;30m[main]?[0;39m ?[34mINFO ?[0;39m ?[35mcom.hivemq.Operator?[0;39m - Operator started in 1898ms
2025-01-30 18:43:11,459 INFO c.h.h.t.OperatorHelmChartContainer - [local-hivemq-hivemq-operator] [operator] [65aa4ab4] ?[36m18:41:51.024?[0;39m ?[1;30m[pool-3-thread-2]?[0;39m ?[34mINFO ?[0;39m ?[35mcom.hivemq.Operator?[0;39m - Syncing state for cluster 'local-hivemq' in namespace 'default'
2025-01-30 18:43:11,459 INFO c.h.h.t.OperatorHelmChartContainer - [local-hivemq-hivemq-operator] [operator] [65aa4ab4] ?[36m18:41:54.626?[0;39m ?[1;30m[pool-3-thread-7]?[0;39m ?[34mINFO ?[0;39m ?[35mcom.hivemq.Operator?[0;39m - Syncing state for cluster 'local-hivemq' in namespace 'default'
2025-01-30 18:43:11,459 INFO c.h.h.t.OperatorHelmChartContainer - [local-hivemq-hivemq-operator] [operator] [65aa4ab4] ?[36m18:41:55.424?[0;39m ?[1;30m[pool-3-thread-2]?[0;39m ?[34mINFO ?[0;39m ?[35mcom.hivemq.util.DeploymentUtil?[0;39m - Waiting for deployment local-hivemq to roll out...
2025-01-30 18:43:11,459 INFO c.h.h.t.OperatorHelmChartContainer - [local-hivemq-hivemq-operator] [operator] [65aa4ab4] ?[36m18:41:56.232?[0;39m ?[1;30m[pool-3-thread-7]?[0;39m ?[34mINFO ?[0;39m ?[35mcom.hivemq.util.DeploymentUtil?[0;39m - Waiting for deployment local-hivemq to roll out...
2025-01-30 18:43:11,459 INFO c.h.h.t.OperatorHelmChartContainer - [local-hivemq-hivemq-operator] [operator] [65aa4ab4] ?[36m18:43:10.942?[0;39m ?[1;30m[pool-3-thread-2]?[0;39m ?[34mINFO ?[0;39m ?[35mcom.hivemq.Operator?[0;39m - State synchronization complete for cluster 'local-hivemq' in namespace 'default' in 79918ms
2025-01-30 18:43:11,459 INFO c.h.h.t.OperatorHelmChartContainer - [local-hivemq-hivemq-operator] [operator] [65aa4ab4] ?[36m18:43:11.227?[0;39m ?[1;30m[pool-3-thread-7]?[0;39m ?[34mINFO ?[0;39m ?[35mcom.hivemq.Operator?[0;39m - State synchronization complete for cluster 'local-hivemq' in namespace 'default' in 76601ms
2025-01-30 18:43:13,885 INFO c.h.h.t.OperatorHelmChartContainer - [local-hivemq-hivemq-operator] [operator] [65aa4ab4] ?[36m18:43:13.883?[0;39m ?[1;30m[pool-3-thread-12]?[0;39m ?[34mINFO ?[0;39m ?[35mcom.hivemq.Operator?[0;39m - Syncing state for cluster 'local-hivemq' in namespace 'default'
2025-01-30 18:43:14,080 DEBUG c.h.h.t.OperatorHelmChartContainer - Chart 'local-hivemq' installed or upgraded
2025-01-30 18:43:14,087 INFO c.h.h.t.OperatorHelmChartContainer - [K3S] [event.go:389] "Event occurred" object="default/hivemq-local-hivemq-mqtt" fieldPath="" kind="Service" apiVersion="v1" type="Normal" reason="DeletingLoadBalancer" message="Deleting load balancer"
2025-01-30 18:43:14,088 INFO c.h.h.t.OperatorHelmChartContainer - [K3S] [event.go:389] "Event occurred" object="default/hivemq-local-hivemq-mqtt" fieldPath="" kind="Service" apiVersion="v1" type="Normal" reason="DeletedLoadBalancer" message="Deleted load balancer"
2025-01-30 18:43:14,088 INFO c.h.h.t.OperatorHelmChartContainer - [K3S] [event.go:389] "Event occurred" object="default/hivemq-local-hivemq-mqtt" fieldPath="" kind="Service" apiVersion="v1" type="Normal" reason="DeletedDaemonSet" message="Deleted LoadBalancer DaemonSet kube-system/svclb-hivemq-local-hivemq-mqtt-7c6a1896"
2025-01-30 18:43:14,090 INFO c.h.h.t.OperatorHelmChartContainer - [EVENT] Normal [DeletingLoadBalancer] Deleting load balancer [default:hivemq-local-hivemq-mqtt]
2025-01-30 18:43:14,094 INFO c.h.h.t.OperatorHelmChartContainer - [EVENT] Normal [DeletedLoadBalancer] Deleted load balancer [default:hivemq-local-hivemq-mqtt]
2025-01-30 18:43:14,094 INFO c.h.h.t.OperatorHelmChartContainer - [EVENT] Normal [DeletedDaemonSet] Deleted LoadBalancer DaemonSet kube-system/svclb-hivemq-local-hivemq-mqtt-7c6a1896 [default:hivemq-local-hivemq-mqtt]
2025-01-30 18:43:14,095 DEBUG com.hivemq.helmcharts.util.K8sUtil - State to compare Running and waiting for Updating
2025-01-30 18:43:14,115 INFO c.h.h.t.OperatorHelmChartContainer - [POD] svclb-hivemq-local-hivemq-mqtt-7c6a1896-c84qc [5c257c1d-e813-4ac0-bd51-e522d4c122b1] in kube-system was MODIFIED
2025-01-30 18:43:14,291 INFO c.h.h.t.OperatorHelmChartContainer - [POD] svclb-hivemq-local-hivemq-mqtt-7c6a1896-c84qc [5c257c1d-e813-4ac0-bd51-e522d4c122b1] in kube-system was MODIFIED
2025-01-30 18:43:14,534 DEBUG com.hivemq.helmcharts.util.K8sUtil - State to compare Running and waiting for Updating
2025-01-30 18:43:14,644 DEBUG com.hivemq.helmcharts.util.K8sUtil - State to compare Updating and waiting for Updating
2025-01-30 18:43:14,659 DEBUG com.hivemq.helmcharts.util.K8sUtil - State to compare Updating and waiting for Running
2025-01-30 18:43:14,762 INFO c.h.h.t.OperatorHelmChartContainer - [EVENT] Normal [ScalingReplicaSet] Scaled up replica set local-hivemq-5fcc877b5c from 0 to 1 [default:local-hivemq]
2025-01-30 18:43:14,772 INFO c.h.h.t.OperatorHelmChartContainer - [EVENT] Normal [SuccessfulCreate] Created pod: local-hivemq-5fcc877b5c-zq6g8 [default:local-hivemq-5fcc877b5c]
2025-01-30 18:43:14,773 INFO c.h.h.t.OperatorHelmChartContainer - [POD] local-hivemq-5fcc877b5c-zq6g8 [387caa95-523d-4653-9e76-9ef0ab825733] in default was ADDED
2025-01-30 18:43:14,781 INFO c.h.h.t.OperatorHelmChartContainer - [K3S] [replica_set.go:679] "Finished syncing" kind="ReplicaSet" key="default/local-hivemq-5fcc877b5c" duration="20.896041ms"
2025-01-30 18:43:14,781 INFO c.h.h.t.OperatorHelmChartContainer - [K3S] [memory_manager.go:355] "RemoveStaleState removing state" podUID="5c257c1d-e813-4ac0-bd51-e522d4c122b1" containerName="lb-tcp-1883"
2025-01-30 18:43:14,789 INFO c.h.h.t.OperatorHelmChartContainer - [EVENT] Normal [Scheduled] Successfully assigned default/local-hivemq-5fcc877b5c-zq6g8 to f9fcd521f1d0 [default:local-hivemq-5fcc877b5c-zq6g8]
2025-01-30 18:43:14,794 INFO c.h.h.t.OperatorHelmChartContainer - [POD] local-hivemq-5fcc877b5c-zq6g8 [387caa95-523d-4653-9e76-9ef0ab825733] in default was MODIFIED
2025-01-30 18:43:14,804 INFO c.h.h.t.OperatorHelmChartContainer - [POD] local-hivemq-5fcc877b5c-zq6g8 [387caa95-523d-4653-9e76-9ef0ab825733] in default was MODIFIED
2025-01-30 18:43:14,810 INFO c.h.h.t.OperatorHelmChartContainer - [K3S] [replica_set.go:679] "Finished syncing" kind="ReplicaSet" key="default/local-hivemq-5fcc877b5c" duration="29.432711ms"
2025-01-30 18:43:14,810 INFO c.h.h.t.OperatorHelmChartContainer - [K3S] [replica_set.go:679] "Finished syncing" kind="ReplicaSet" key="default/local-hivemq-5fcc877b5c" duration="47.658µs"
2025-01-30 18:43:14,824 INFO c.h.h.t.OperatorHelmChartContainer - [local-hivemq-hivemq-operator] [operator] [65aa4ab4] ?[36m18:43:14.821?[0;39m ?[1;30m[pool-3-thread-12]?[0;39m ?[34mINFO ?[0;39m ?[35mcom.hivemq.util.DeploymentUtil?[0;39m - Waiting for deployment local-hivemq to roll out...
2025-01-30 18:43:14,846 DEBUG com.hivemq.helmcharts.util.K8sUtil - State to compare Updating and waiting for Running
2025-01-30 18:43:14,872 INFO c.h.h.t.OperatorHelmChartContainer - [K3S] [reconciler_common.go:251] "operationExecutor.VerifyControllerAttachedVolume started for volume \"data\" (UniqueName: \"kubernetes.io/empty-dir/387caa95-523d-4653-9e76-9ef0ab825733-data\") pod \"local-hivemq-5fcc877b5c-zq6g8\" (UID: \"387caa95-523d-4653-9e76-9ef0ab825733\") " pod="default/local-hivemq-5fcc877b5c-zq6g8"
2025-01-30 18:43:14,872 INFO c.h.h.t.OperatorHelmChartContainer - [K3S] [reconciler_common.go:251] "operationExecutor.VerifyControllerAttachedVolume started for volume \"shared-data\" (UniqueName: \"kubernetes.io/empty-dir/387caa95-523d-4653-9e76-9ef0ab825733-shared-data\") pod \"local-hivemq-5fcc877b5c-zq6g8\" (UID: \"387caa95-523d-4653-9e76-9ef0ab825733\") " pod="default/local-hivemq-5fcc877b5c-zq6g8"
2025-01-30 18:43:14,872 INFO c.h.h.t.OperatorHelmChartContainer - [K3S] [reconciler_common.go:251] "operationExecutor.VerifyControllerAttachedVolume started for volume \"ese-extension-config\" (UniqueName: \"kubernetes.io/configmap/387caa95-523d-4653-9e76-9ef0ab825733-ese-extension-config\") pod \"local-hivemq-5fcc877b5c-zq6g8\" (UID: \"387caa95-523d-4653-9e76-9ef0ab825733\") " pod="default/local-hivemq-5fcc877b5c-zq6g8"
2025-01-30 18:43:14,873 INFO c.h.h.t.OperatorHelmChartContainer - [K3S] [reconciler_common.go:251] "operationExecutor.VerifyControllerAttachedVolume started for volume \"dns-wait-config\" (UniqueName: \"kubernetes.io/configmap/387caa95-523d-4653-9e76-9ef0ab825733-dns-wait-config\") pod \"local-hivemq-5fcc877b5c-zq6g8\" (UID: \"387caa95-523d-4653-9e76-9ef0ab825733\") " pod="default/local-hivemq-5fcc877b5c-zq6g8"
2025-01-30 18:43:14,873 INFO c.h.h.t.OperatorHelmChartContainer - [K3S] [reconciler_common.go:251] "operationExecutor.VerifyControllerAttachedVolume started for volume \"log\" (UniqueName: \"kubernetes.io/empty-dir/387caa95-523d-4653-9e76-9ef0ab825733-log\") pod \"local-hivemq-5fcc877b5c-zq6g8\" (UID: \"387caa95-523d-4653-9e76-9ef0ab825733\") " pod="default/local-hivemq-5fcc877b5c-zq6g8"
2025-01-30 18:43:14,873 INFO c.h.h.t.OperatorHelmChartContainer - [K3S] [reconciler_common.go:251] "operationExecutor.VerifyControllerAttachedVolume started for volume \"live-info\" (UniqueName: \"kubernetes.io/configmap/387caa95-523d-4653-9e76-9ef0ab825733-live-info\") pod \"local-hivemq-5fcc877b5c-zq6g8\" (UID: \"387caa95-523d-4653-9e76-9ef0ab825733\") " pod="default/local-hivemq-5fcc877b5c-zq6g8"
2025-01-30 18:43:14,873 INFO c.h.h.t.OperatorHelmChartContainer - [K3S] [reconciler_common.go:251] "operationExecutor.VerifyControllerAttachedVolume started for volume \"kube-api-access-xq26b\" (UniqueName: \"kubernetes.io/projected/387caa95-523d-4653-9e76-9ef0ab825733-kube-api-access-xq26b\") pod \"local-hivemq-5fcc877b5c-zq6g8\" (UID: \"387caa95-523d-4653-9e76-9ef0ab825733\") " pod="default/local-hivemq-5fcc877b5c-zq6g8"
2025-01-30 18:43:14,873 INFO c.h.h.t.OperatorHelmChartContainer - [K3S] [reconciler_common.go:251] "operationExecutor.VerifyControllerAttachedVolume started for volume \"backup\" (UniqueName: \"kubernetes.io/empty-dir/387caa95-523d-4653-9e76-9ef0ab825733-backup\") pod \"local-hivemq-5fcc877b5c-zq6g8\" (UID: \"387caa95-523d-4653-9e76-9ef0ab825733\") " pod="default/local-hivemq-5fcc877b5c-zq6g8"
2025-01-30 18:43:14,873 INFO c.h.h.t.OperatorHelmChartContainer - [K3S] [reconciler_common.go:251] "operationExecutor.VerifyControllerAttachedVolume started for volume \"audit\" (UniqueName: \"kubernetes.io/empty-dir/387caa95-523d-4653-9e76-9ef0ab825733-audit\") pod \"local-hivemq-5fcc877b5c-zq6g8\" (UID: \"387caa95-523d-4653-9e76-9ef0ab825733\") " pod="default/local-hivemq-5fcc877b5c-zq6g8"
2025-01-30 18:43:14,873 INFO c.h.h.t.OperatorHelmChartContainer - [K3S] [reconciler_common.go:251] "operationExecutor.VerifyControllerAttachedVolume started for volume \"heap-dumps\" (UniqueName: \"kubernetes.io/empty-dir/387caa95-523d-4653-9e76-9ef0ab825733-heap-dumps\") pod \"local-hivemq-5fcc877b5c-zq6g8\" (UID: \"387caa95-523d-4653-9e76-9ef0ab825733\") " pod="default/local-hivemq-5fcc877b5c-zq6g8"
2025-01-30 18:43:14,873 INFO c.h.h.t.OperatorHelmChartContainer - [K3S] [reconciler_common.go:251] "operationExecutor.VerifyControllerAttachedVolume started for volume \"conf-override\" (UniqueName: \"kubernetes.io/empty-dir/387caa95-523d-4653-9e76-9ef0ab825733-conf-override\") pod \"local-hivemq-5fcc877b5c-zq6g8\" (UID: \"387caa95-523d-4653-9e76-9ef0ab825733\") " pod="default/local-hivemq-5fcc877b5c-zq6g8"
2025-01-30 18:43:14,936 DEBUG com.hivemq.helmcharts.util.K8sUtil - State to compare Updating and waiting for Running
2025-01-30 18:43:15,179 INFO c.h.h.t.OperatorHelmChartContainer - [K3S] [scope.go:117] "RemoveContainer" containerID="91372ef1b9e51e9951d42abae9a3034d10e2955aa1bb2e80850148aa06ba284f"
2025-01-30 18:43:15,182 INFO c.h.h.t.OperatorHelmChartContainer - [EVENT] Normal [Pulling] Pulling image "busybox:latest" [default:local-hivemq-5fcc877b5c-zq6g8]
2025-01-30 18:43:15,184 INFO c.h.h.t.OperatorHelmChartContainer - [K3S] [scope.go:117] "RemoveContainer" containerID="91372ef1b9e51e9951d42abae9a3034d10e2955aa1bb2e80850148aa06ba284f"
2025-01-30 18:43:15,195 INFO c.h.h.t.OperatorHelmChartContainer - [POD] svclb-hivemq-local-hivemq-mqtt-7c6a1896-c84qc [5c257c1d-e813-4ac0-bd51-e522d4c122b1] in kube-system was MODIFIED
2025-01-30 18:43:15,196 INFO c.h.h.t.OperatorHelmChartContainer - [POD] svclb-hivemq-local-hivemq-mqtt-7c6a1896-c84qc [5c257c1d-e813-4ac0-bd51-e522d4c122b1] in kube-system was DELETED
2025-01-30 18:43:15,290 INFO c.h.h.t.OperatorHelmChartContainer - [EVENT] Normal [Pulled] Successfully pulled image "busybox:latest" in 110ms (110ms including waiting). Image size: 2167089 bytes. [default:local-hivemq-5fcc877b5c-zq6g8]
2025-01-30 18:43:15,300 INFO c.h.h.t.OperatorHelmChartContainer - [EVENT] Normal [Created] Created container: init-shared [default:local-hivemq-5fcc877b5c-zq6g8]
2025-01-30 18:43:15,345 INFO c.h.h.t.OperatorHelmChartContainer - [EVENT] Normal [Started] Started container init-shared [default:local-hivemq-5fcc877b5c-zq6g8]
2025-01-30 18:43:16,190 INFO c.h.h.t.OperatorHelmChartContainer - [EVENT] Normal [Pulled] Container image "hivemq/init-dns-wait:snapshot" already present on machine [default:local-hivemq-5fcc877b5c-zq6g8]
2025-01-30 18:43:16,201 INFO c.h.h.t.OperatorHelmChartContainer - [K3S] [replica_set.go:679] "Finished syncing" kind="ReplicaSet" key="default/local-hivemq-5fcc877b5c" duration="54.451µs"
2025-01-30 18:43:16,202 INFO c.h.h.t.OperatorHelmChartContainer - [EVENT] Normal [Created] Created container: dns-wait [default:local-hivemq-5fcc877b5c-zq6g8]
2025-01-30 18:43:16,209 INFO c.h.h.t.OperatorHelmChartContainer - [POD] local-hivemq-5fcc877b5c-zq6g8 [387caa95-523d-4653-9e76-9ef0ab825733] in default was MODIFIED
2025-01-30 18:43:16,258 INFO c.h.h.t.OperatorHelmChartContainer - [EVENT] Normal [Started] Started container dns-wait [default:local-hivemq-5fcc877b5c-zq6g8]
2025-01-30 18:43:16,970 INFO c.h.h.t.OperatorHelmChartContainer - [K3S] [kubelet_volumes.go:163] "Cleaned up orphaned pod volumes dir" podUID="5c257c1d-e813-4ac0-bd51-e522d4c122b1" path="/var/lib/kubelet/pods/5c257c1d-e813-4ac0-bd51-e522d4c122b1/volumes"
2025-01-30 18:43:17,199 INFO c.h.h.t.OperatorHelmChartContainer - [K3S] [replica_set.go:679] "Finished syncing" kind="ReplicaSet" key="default/local-hivemq-5fcc877b5c" duration="53.309µs"
2025-01-30 18:43:17,201 INFO c.h.h.t.OperatorHelmChartContainer - [POD] local-hivemq-5fcc877b5c-zq6g8 [387caa95-523d-4653-9e76-9ef0ab825733] in default was MODIFIED
2025-01-30 18:43:27,205 INFO c.h.h.t.OperatorHelmChartContainer - [EVENT] Normal [Pulled] Container image "hivemq/hivemq4:k8s-4.36.0" already present on machine [default:local-hivemq-5fcc877b5c-zq6g8]
2025-01-30 18:43:27,205 INFO c.h.h.t.OperatorHelmChartContainer - Received Pulled event for container hivemq in pod local-hivemq-5fcc877b5c-zq6g8 [387caa95-523d-4653-9e76-9ef0ab825733]
2025-01-30 18:43:27,217 INFO c.h.h.t.OperatorHelmChartContainer - [K3S] [replica_set.go:679] "Finished syncing" kind="ReplicaSet" key="default/local-hivemq-5fcc877b5c" duration="65.912µs"
2025-01-30 18:43:27,217 INFO c.h.h.t.OperatorHelmChartContainer - [EVENT] Normal [Created] Created container: hivemq [default:local-hivemq-5fcc877b5c-zq6g8]
2025-01-30 18:43:27,217 INFO c.h.h.t.OperatorHelmChartContainer - Received Created event for container hivemq in pod local-hivemq-5fcc877b5c-zq6g8 [387caa95-523d-4653-9e76-9ef0ab825733]
2025-01-30 18:43:27,219 INFO c.h.h.t.OperatorHelmChartContainer - [POD] local-hivemq-5fcc877b5c-zq6g8 [387caa95-523d-4653-9e76-9ef0ab825733] in default was MODIFIED
2025-01-30 18:43:28,214 INFO c.h.h.t.OperatorHelmChartContainer - [K3S] [replica_set.go:679] "Finished syncing" kind="ReplicaSet" key="default/local-hivemq-5fcc877b5c" duration="54.742µs"
2025-01-30 18:43:28,221 INFO c.h.h.t.OperatorHelmChartContainer - [POD] local-hivemq-5fcc877b5c-zq6g8 [387caa95-523d-4653-9e76-9ef0ab825733] in default was MODIFIED
2025-01-30 18:43:28,237 INFO c.h.h.t.OperatorHelmChartContainer - Started log watcher for hivemq in pod local-hivemq-5fcc877b5c-zq6g8 [387caa95-523d-4653-9e76-9ef0ab825733]
2025-01-30 18:43:28,237 INFO c.h.h.t.OperatorHelmChartContainer - [EVENT] Normal [Started] Started container hivemq [default:local-hivemq-5fcc877b5c-zq6g8]
2025-01-30 18:43:28,238 INFO c.h.h.t.OperatorHelmChartContainer - [local-hivemq-5fcc877b5c] [hivemq] [387caa95] Copying external files
2025-01-30 18:43:28,238 INFO c.h.h.t.OperatorHelmChartContainer - [local-hivemq-5fcc877b5c] [hivemq] [387caa95] '/conf-override/extensions/hivemq-enterprise-security-extension/..2025_01_30_18_43_14.2612035955' -> '/opt/hivemq/extensions/hivemq-enterprise-security-extension/..2025_01_30_18_43_14.2612035955'
2025-01-30 18:43:28,238 INFO c.h.h.t.OperatorHelmChartContainer - [local-hivemq-5fcc877b5c] [hivemq] [387caa95] '/conf-override/extensions/hivemq-enterprise-security-extension/..2025_01_30_18_43_14.2612035955/hivemq-enterprise-security-extension.xml' -> '/opt/hivemq/extensions/hivemq-enterprise-security-extension/..2025_01_30_18_43_14.2612035955/hivemq-enterprise-security-extension.xml'
2025-01-30 18:43:28,238 INFO c.h.h.t.OperatorHelmChartContainer - [local-hivemq-5fcc877b5c] [hivemq] [387caa95] '/conf-override/extensions/hivemq-enterprise-security-extension/..data' -> '/opt/hivemq/extensions/hivemq-enterprise-security-extension/..data'
2025-01-30 18:43:28,238 INFO c.h.h.t.OperatorHelmChartContainer - [local-hivemq-5fcc877b5c] [hivemq] [387caa95] '/conf-override/extensions/hivemq-enterprise-security-extension/hivemq-enterprise-security-extension.xml' -> '/opt/hivemq/extensions/hivemq-enterprise-security-extension/hivemq-enterprise-security-extension.xml'
2025-01-30 18:43:28,238 INFO c.h.h.t.OperatorHelmChartContainer - [local-hivemq-5fcc877b5c] [hivemq] [387caa95] Rewriting config.xml...
2025-01-30 18:43:28,238 INFO c.h.h.t.OperatorHelmChartContainer - [local-hivemq-5fcc877b5c] [hivemq] [387caa95] Creating initial lastUpdate files...
2025-01-30 18:43:28,238 INFO c.h.h.t.OperatorHelmChartContainer - [local-hivemq-5fcc877b5c] [hivemq] [387caa95] '/conf-override/extensions/hivemq-enterprise-security-extension/..2025_01_30_18_43_14.2612035955/hivemq-enterprise-security-extension.xml' -> '/opt/hivemq/extensions/hivemq-enterprise-security-extension/..2025_01_30_18_43_14.2612035955/hivemq-enterprise-security-extension.xml.lastUpdate'
2025-01-30 18:43:28,238 INFO c.h.h.t.OperatorHelmChartContainer - [local-hivemq-5fcc877b5c] [hivemq] [387caa95] Disabling Prometheus
2025-01-30 18:43:28,238 INFO c.h.h.t.OperatorHelmChartContainer - [local-hivemq-5fcc877b5c] [hivemq] [387caa95] Pod info:
2025-01-30 18:43:28,238 INFO c.h.h.t.OperatorHelmChartContainer - [local-hivemq-5fcc877b5c] [hivemq] [387caa95] extension-names=hivemq-enterprise-security-extension
2025-01-30 18:43:28,238 INFO c.h.h.t.OperatorHelmChartContainer - [local-hivemq-5fcc877b5c] [hivemq] [387caa95] extension-uris=preinstalled
2025-01-30 18:43:28,238 INFO c.h.h.t.OperatorHelmChartContainer - [local-hivemq-5fcc877b5c] [hivemq] [387caa95] extension-states=true
2025-01-30 18:43:28,238 INFO c.h.h.t.OperatorHelmChartContainer - [local-hivemq-5fcc877b5c] [hivemq] [387caa95] extensions-static=false
2025-01-30 18:43:28,238 INFO c.h.h.t.OperatorHelmChartContainer - [local-hivemq-5fcc877b5c] [hivemq] [387caa95] Installing extension #0 with name: hivemq-enterprise-security-extension, URI: preinstalled, enabled state: true
2025-01-30 18:43:28,238 INFO c.h.h.t.OperatorHelmChartContainer - [local-hivemq-5fcc877b5c] [hivemq] [387caa95] + [[ 3 != 3 ]]
2025-01-30 18:43:28,238 INFO c.h.h.t.OperatorHelmChartContainer - [local-hivemq-5fcc877b5c] [hivemq] [387caa95] + EXTENSION_URI=preinstalled
2025-01-30 18:43:28,238 INFO c.h.h.t.OperatorHelmChartContainer - [local-hivemq-5fcc877b5c] [hivemq] [387caa95] + EXTENSION_NAME=hivemq-enterprise-security-extension
2025-01-30 18:43:28,238 INFO c.h.h.t.OperatorHelmChartContainer - [local-hivemq-5fcc877b5c] [hivemq] [387caa95] + TARGET_STATE=true
2025-01-30 18:43:28,238 INFO c.h.h.t.OperatorHelmChartContainer - [local-hivemq-5fcc877b5c] [hivemq] [387caa95] + TARGET_DIR=/opt/hivemq/extensions/hivemq-enterprise-security-extension
2025-01-30 18:43:28,238 INFO c.h.h.t.OperatorHelmChartContainer - [local-hivemq-5fcc877b5c] [hivemq] [387caa95] ++ mktemp -d
2025-01-30 18:43:28,238 INFO c.h.h.t.OperatorHelmChartContainer - [local-hivemq-5fcc877b5c] [hivemq] [387caa95] + install_dir=/tmp/tmp.NasEXMbhBk
2025-01-30 18:43:28,238 INFO c.h.h.t.OperatorHelmChartContainer - [local-hivemq-5fcc877b5c] [hivemq] [387caa95] + set +e
2025-01-30 18:43:28,238 INFO c.h.h.t.OperatorHelmChartContainer - [local-hivemq-5fcc877b5c] [hivemq] [387caa95] + [[ -f /opt/hivemq/extensions/hivemq-enterprise-security-extension/DISABLED ]]
2025-01-30 18:43:28,238 INFO c.h.h.t.OperatorHelmChartContainer - [local-hivemq-5fcc877b5c] [hivemq] [387caa95] + was_enabled=0
2025-01-30 18:43:28,238 INFO c.h.h.t.OperatorHelmChartContainer - [local-hivemq-5fcc877b5c] [hivemq] [387caa95] + set -e
2025-01-30 18:43:28,238 INFO c.h.h.t.OperatorHelmChartContainer - [local-hivemq-5fcc877b5c] [hivemq] [387caa95] + [[ preinstalled != \p\r\e\i\n\s\t\a\l\l\e\d ]]
2025-01-30 18:43:28,238 INFO c.h.h.t.OperatorHelmChartContainer - [local-hivemq-5fcc877b5c] [hivemq] [387caa95] + [[ true == \f\a\l\s\e ]]
2025-01-30 18:43:28,238 INFO c.h.h.t.OperatorHelmChartContainer - [local-hivemq-5fcc877b5c] [hivemq] [387caa95] + [[ -f /opt/hivemq/extensions/hivemq-enterprise-security-extension/DISABLED ]]
2025-01-30 18:43:28,238 INFO c.h.h.t.OperatorHelmChartContainer - [local-hivemq-5fcc877b5c] [hivemq] [387caa95] + rm -f /opt/hivemq/extensions/hivemq-enterprise-security-extension/DISABLED
2025-01-30 18:43:28,238 INFO c.h.h.t.OperatorHelmChartContainer - [local-hivemq-5fcc877b5c] [hivemq] [387caa95] + was_enabled=0
2025-01-30 18:43:28,238 INFO c.h.h.t.OperatorHelmChartContainer - [local-hivemq-5fcc877b5c] [hivemq] [387caa95] + [[ preinstalled != \p\r\e\i\n\s\t\a\l\l\e\d ]]
2025-01-30 18:43:28,238 INFO c.h.h.t.OperatorHelmChartContainer - [local-hivemq-5fcc877b5c] [hivemq] [387caa95] + /opt/hivemq/bin/run_initialization.sh hivemq-enterprise-security-extension
2025-01-30 18:43:28,238 INFO c.h.h.t.OperatorHelmChartContainer - [local-hivemq-5fcc877b5c] [hivemq] [387caa95] + EXTENSION_NAME=hivemq-enterprise-security-extension
2025-01-30 18:43:28,238 INFO c.h.h.t.OperatorHelmChartContainer - [local-hivemq-5fcc877b5c] [hivemq] [387caa95] + TARGET_DIR=/opt/hivemq/extensions/hivemq-enterprise-security-extension
2025-01-30 18:43:28,238 INFO c.h.h.t.OperatorHelmChartContainer - [local-hivemq-5fcc877b5c] [hivemq] [387caa95] + cd /opt/hivemq/extensions/hivemq-enterprise-security-extension
2025-01-30 18:43:28,238 INFO c.h.h.t.OperatorHelmChartContainer - [local-hivemq-5fcc877b5c] [hivemq] [387caa95] + [[ -f init_tmp ]]
2025-01-30 18:43:28,238 INFO c.h.h.t.OperatorHelmChartContainer - [local-hivemq-5fcc877b5c] [hivemq] [387caa95] + [[ -f /etc/podinfo/init-extension-hivemq-enterprise-security-extension ]]
2025-01-30 18:43:28,238 INFO c.h.h.t.OperatorHelmChartContainer - [local-hivemq-5fcc877b5c] [hivemq] [387caa95] /conf-override/extensions/hivemq-enterprise-security-extension/:/opt/hivemq/extensions/hivemq-enterprise-security-extension
2025-01-30 18:43:28,238 INFO c.h.h.t.OperatorHelmChartContainer - [local-hivemq-5fcc877b5c] [hivemq] [387caa95] -------------------------------------------------------------------------
2025-01-30 18:43:28,238 INFO c.h.h.t.OperatorHelmChartContainer - [local-hivemq-5fcc877b5c] [hivemq] [387caa95] 
2025-01-30 18:43:28,238 INFO c.h.h.t.OperatorHelmChartContainer - [local-hivemq-5fcc877b5c] [hivemq] [387caa95]                   _    _  _              __  __   ____
2025-01-30 18:43:28,238 INFO c.h.h.t.OperatorHelmChartContainer - [local-hivemq-5fcc877b5c] [hivemq] [387caa95]                  | |  | |(_)            |  \/  | / __ \
2025-01-30 18:43:28,238 INFO c.h.h.t.OperatorHelmChartContainer - [local-hivemq-5fcc877b5c] [hivemq] [387caa95]                  | |__| | _ __   __ ___ | \  / || |  | |
2025-01-30 18:43:28,238 INFO c.h.h.t.OperatorHelmChartContainer - [local-hivemq-5fcc877b5c] [hivemq] [387caa95]                  |  __  || |\ \ / // _ \| |\/| || |  | |
2025-01-30 18:43:28,238 INFO c.h.h.t.OperatorHelmChartContainer - [local-hivemq-5fcc877b5c] [hivemq] [387caa95]                  | |  | || | \ V /|  __/| |  | || |__| |
2025-01-30 18:43:28,238 INFO c.h.h.t.OperatorHelmChartContainer - [local-hivemq-5fcc877b5c] [hivemq] [387caa95]                  |_|  |_||_|  \_/  \___||_|  |_| \___\_\
2025-01-30 18:43:28,238 INFO c.h.h.t.OperatorHelmChartContainer - [local-hivemq-5fcc877b5c] [hivemq] [387caa95] 
2025-01-30 18:43:28,238 INFO c.h.h.t.OperatorHelmChartContainer - [local-hivemq-5fcc877b5c] [hivemq] [387caa95] -------------------------------------------------------------------------
2025-01-30 18:43:28,238 INFO c.h.h.t.OperatorHelmChartContainer - [local-hivemq-5fcc877b5c] [hivemq] [387caa95] 
2025-01-30 18:43:28,238 INFO c.h.h.t.OperatorHelmChartContainer - [local-hivemq-5fcc877b5c] [hivemq] [387caa95]   HiveMQ Start Script for Linux/Unix v1.14
2025-01-30 18:43:28,238 INFO c.h.h.t.OperatorHelmChartContainer - [local-hivemq-5fcc877b5c] [hivemq] [387caa95] 
2025-01-30 18:43:28,238 INFO c.h.h.t.OperatorHelmChartContainer - [local-hivemq-5fcc877b5c] [hivemq] [387caa95] -------------------------------------------------------------------------
2025-01-30 18:43:28,238 INFO c.h.h.t.OperatorHelmChartContainer - [local-hivemq-5fcc877b5c] [hivemq] [387caa95] 
2025-01-30 18:43:28,238 INFO c.h.h.t.OperatorHelmChartContainer - [local-hivemq-5fcc877b5c] [hivemq] [387caa95]   HIVEMQ_HOME: /opt/hivemq
2025-01-30 18:43:28,238 INFO c.h.h.t.OperatorHelmChartContainer - [local-hivemq-5fcc877b5c] [hivemq] [387caa95] 
2025-01-30 18:43:28,238 INFO c.h.h.t.OperatorHelmChartContainer - [local-hivemq-5fcc877b5c] [hivemq] [387caa95]   JAVA_OPTS: -XX:+UnlockExperimentalVMOptions -XX:InitialRAMPercentage=40 -XX:MaxRAMPercentage=50 -XX:MinRAMPercentage=30 -Djava.net.preferIPv4Stack=true --add-opens java.base/java.lang=ALL-UNNAMED --add-opens java.base/java.nio=ALL-UNNAMED --add-opens java.base/sun.nio.ch=ALL-UNNAMED --add-opens jdk.management/com.sun.management.internal=ALL-UNNAMED --add-exports java.base/jdk.internal.misc=ALL-UNNAMED -Djava.security.egd=file:/dev/./urandom -Dcom.sun.management.jmxremote -Dcom.sun.management.jmxremote.port=9010 -Dcom.sun.management.jmxremote.local.only=false -Dcom.sun.management.jmxremote.authenticate=false -Dcom.sun.management.jmxremote.ssl=false -Duser.language=en -Duser.region=US -XX:+CrashOnOutOfMemoryError -XX:+HeapDumpOnOutOfMemoryError
2025-01-30 18:43:28,238 INFO c.h.h.t.OperatorHelmChartContainer - [local-hivemq-5fcc877b5c] [hivemq] [387caa95] 
2025-01-30 18:43:28,238 INFO c.h.h.t.OperatorHelmChartContainer - [local-hivemq-5fcc877b5c] [hivemq] [387caa95]   JAVA_VERSION: 21
2025-01-30 18:43:28,238 INFO c.h.h.t.OperatorHelmChartContainer - [local-hivemq-5fcc877b5c] [hivemq] [387caa95] 
2025-01-30 18:43:28,238 INFO c.h.h.t.OperatorHelmChartContainer - [local-hivemq-5fcc877b5c] [hivemq] [387caa95] -------------------------------------------------------------------------
2025-01-30 18:43:28,238 INFO c.h.h.t.OperatorHelmChartContainer - [local-hivemq-5fcc877b5c] [hivemq] [387caa95] 
2025-01-30 18:43:28,238 INFO c.h.h.t.OperatorHelmChartContainer - Received Started event for container hivemq in pod local-hivemq-5fcc877b5c-zq6g8 [387caa95-523d-4653-9e76-9ef0ab825733]
2025-01-30 18:43:28,537 INFO c.h.h.t.OperatorHelmChartContainer - [local-hivemq-5fcc877b5c] [hivemq] [387caa95] INFO  - Starting HiveMQ Enterprise Server
2025-01-30 18:43:28,542 INFO c.h.h.t.OperatorHelmChartContainer - [local-hivemq-5fcc877b5c] [hivemq] [387caa95] INFO  - HiveMQ version: 4.36.0
2025-01-30 18:43:28,542 INFO c.h.h.t.OperatorHelmChartContainer - [local-hivemq-5fcc877b5c] [hivemq] [387caa95] INFO  - HiveMQ home directory: /opt/hivemq
2025-01-30 18:43:28,542 INFO c.h.h.t.OperatorHelmChartContainer - [local-hivemq-5fcc877b5c] [hivemq] [387caa95] INFO  - Log Configuration was overridden by /opt/hivemq/conf/logback.xml
2025-01-30 18:43:29,203 INFO c.h.h.t.OperatorHelmChartContainer - [local-hivemq-5fcc877b5c] [hivemq] [387caa95] DEBUG - Adding TCP Listener on bind address 0.0.0.0 and port 1883. Name: tcp-listener-1883. Proxy Protocol supported: false
2025-01-30 18:43:29,203 INFO c.h.h.t.OperatorHelmChartContainer - [local-hivemq-5fcc877b5c] [hivemq] [387caa95] DEBUG - Setting retained messages enabled to true
2025-01-30 18:43:29,203 INFO c.h.h.t.OperatorHelmChartContainer - [local-hivemq-5fcc877b5c] [hivemq] [387caa95] DEBUG - Setting wildcard subscriptions enabled to true
2025-01-30 18:43:29,203 INFO c.h.h.t.OperatorHelmChartContainer - [local-hivemq-5fcc877b5c] [hivemq] [387caa95] DEBUG - Setting subscription identifier enabled to true
2025-01-30 18:43:29,203 INFO c.h.h.t.OperatorHelmChartContainer - [local-hivemq-5fcc877b5c] [hivemq] [387caa95] DEBUG - Setting shared subscriptions enabled to true
2025-01-30 18:43:29,203 INFO c.h.h.t.OperatorHelmChartContainer - [local-hivemq-5fcc877b5c] [hivemq] [387caa95] DEBUG - Setting maximum qos to EXACTLY_ONCE 
2025-01-30 18:43:29,203 INFO c.h.h.t.OperatorHelmChartContainer - [local-hivemq-5fcc877b5c] [hivemq] [387caa95] DEBUG - Setting topic alias enabled to true
2025-01-30 18:43:29,203 INFO c.h.h.t.OperatorHelmChartContainer - [local-hivemq-5fcc877b5c] [hivemq] [387caa95] DEBUG - Setting topic alias maximum per client to 5
2025-01-30 18:43:29,203 INFO c.h.h.t.OperatorHelmChartContainer - [local-hivemq-5fcc877b5c] [hivemq] [387caa95] DEBUG - Setting the number of max queued messages  per client to 1000 entries
2025-01-30 18:43:29,207 INFO c.h.h.t.OperatorHelmChartContainer - [local-hivemq-5fcc877b5c] [hivemq] [387caa95] DEBUG - Setting queued messages strategy for each client to DISCARD
2025-01-30 18:43:29,208 INFO c.h.h.t.OperatorHelmChartContainer - [local-hivemq-5fcc877b5c] [hivemq] [387caa95] DEBUG - Setting the expiry interval for client sessions to 4294967295 seconds
2025-01-30 18:43:29,208 INFO c.h.h.t.OperatorHelmChartContainer - [local-hivemq-5fcc877b5c] [hivemq] [387caa95] DEBUG - Setting the expiry interval for publish messages to 4294967296 seconds
2025-01-30 18:43:29,209 INFO c.h.h.t.OperatorHelmChartContainer - [local-hivemq-5fcc877b5c] [hivemq] [387caa95] DEBUG - Setting the server receive maximum to 10
2025-01-30 18:43:29,209 INFO c.h.h.t.OperatorHelmChartContainer - [local-hivemq-5fcc877b5c] [hivemq] [387caa95] DEBUG - Setting keep alive maximum to 65535 seconds
2025-01-30 18:43:29,209 INFO c.h.h.t.OperatorHelmChartContainer - [local-hivemq-5fcc877b5c] [hivemq] [387caa95] DEBUG - Setting keep alive allow zero to true
2025-01-30 18:43:29,209 INFO c.h.h.t.OperatorHelmChartContainer - [local-hivemq-5fcc877b5c] [hivemq] [387caa95] DEBUG - Setting the maximum packet size for mqtt messages 268435460 bytes
2025-01-30 18:43:29,209 INFO c.h.h.t.OperatorHelmChartContainer - [local-hivemq-5fcc877b5c] [hivemq] [387caa95] DEBUG - Setting global maximum allowed connections to -1
2025-01-30 18:43:29,209 INFO c.h.h.t.OperatorHelmChartContainer - [local-hivemq-5fcc877b5c] [hivemq] [387caa95] DEBUG - Setting the maximum client id length to 65535
2025-01-30 18:43:29,209 INFO c.h.h.t.OperatorHelmChartContainer - [local-hivemq-5fcc877b5c] [hivemq] [387caa95] DEBUG - Setting the timeout for disconnecting idle tcp connections before a connect message was received to 10000 milliseconds
2025-01-30 18:43:29,209 INFO c.h.h.t.OperatorHelmChartContainer - [local-hivemq-5fcc877b5c] [hivemq] [387caa95] DEBUG - Throttling the global incoming traffic limit 0 bytes/second
2025-01-30 18:43:29,209 INFO c.h.h.t.OperatorHelmChartContainer - [local-hivemq-5fcc877b5c] [hivemq] [387caa95] DEBUG - Setting the maximum topic length to 65535
2025-01-30 18:43:29,209 INFO c.h.h.t.OperatorHelmChartContainer - [local-hivemq-5fcc877b5c] [hivemq] [387caa95] DEBUG - Setting allow server assigned client identifier to true
2025-01-30 18:43:29,209 INFO c.h.h.t.OperatorHelmChartContainer - [local-hivemq-5fcc877b5c] [hivemq] [387caa95] DEBUG - Setting validate UTF-8 to true
2025-01-30 18:43:29,209 INFO c.h.h.t.OperatorHelmChartContainer - [local-hivemq-5fcc877b5c] [hivemq] [387caa95] DEBUG - Setting payload format validation to false
2025-01-30 18:43:29,209 INFO c.h.h.t.OperatorHelmChartContainer - [local-hivemq-5fcc877b5c] [hivemq] [387caa95] DEBUG - Setting allow-problem-information to true
2025-01-30 18:43:29,209 INFO c.h.h.t.OperatorHelmChartContainer - [local-hivemq-5fcc877b5c] [hivemq] [387caa95] DEBUG - Setting control-center audit log enabled to true
2025-01-30 18:43:29,209 INFO c.h.h.t.OperatorHelmChartContainer - [local-hivemq-5fcc877b5c] [hivemq] [387caa95] DEBUG - Setting rest-api audit log enabled to true
2025-01-30 18:43:29,209 INFO c.h.h.t.OperatorHelmChartContainer - [local-hivemq-5fcc877b5c] [hivemq] [387caa95] DEBUG - Setting HiveMQ Control Center enabled to true 
2025-01-30 18:43:29,209 INFO c.h.h.t.OperatorHelmChartContainer - [local-hivemq-5fcc877b5c] [hivemq] [387caa95] DEBUG - Setting HiveMQ Control Center default login enabled to true 
2025-01-30 18:43:29,209 INFO c.h.h.t.OperatorHelmChartContainer - [local-hivemq-5fcc877b5c] [hivemq] [387caa95] DEBUG - Setting HiveMQ Control Center session idle time to 14400 seconds
2025-01-30 18:43:29,228 INFO c.h.h.t.OperatorHelmChartContainer - [local-hivemq-5fcc877b5c] [hivemq] [387caa95] DEBUG - Adding Http-Listener to HiveMQ Control Center Config
2025-01-30 18:43:29,228 INFO c.h.h.t.OperatorHelmChartContainer - [local-hivemq-5fcc877b5c] [hivemq] [387caa95] DEBUG - Set TLS to disabled for cluster TCP transport
2025-01-30 18:43:29,228 INFO c.h.h.t.OperatorHelmChartContainer - [local-hivemq-5fcc877b5c] [hivemq] [387caa95] DEBUG - Setting replica count to 2 
2025-01-30 18:43:29,229 INFO c.h.h.t.OperatorHelmChartContainer - [local-hivemq-5fcc877b5c] [hivemq] [387caa95] DEBUG - Setting cluster TCP health-check enabled
2025-01-30 18:43:29,229 INFO c.h.h.t.OperatorHelmChartContainer - [local-hivemq-5fcc877b5c] [hivemq] [387caa95] DEBUG - Setting cluster TCP health-check bind-address to 10.42.0.8
2025-01-30 18:43:29,229 INFO c.h.h.t.OperatorHelmChartContainer - [local-hivemq-5fcc877b5c] [hivemq] [387caa95] DEBUG - Setting cluster TCP health-check bind-address to 9000
2025-01-30 18:43:29,229 INFO c.h.h.t.OperatorHelmChartContainer - [local-hivemq-5fcc877b5c] [hivemq] [387caa95] DEBUG - Setting cluster TCP health-check bind-port to 9000
2025-01-30 18:43:29,230 INFO c.h.h.t.OperatorHelmChartContainer - [local-hivemq-5fcc877b5c] [hivemq] [387caa95] DEBUG - Setting cluster TCP health-check external-address to default
2025-01-30 18:43:29,230 INFO c.h.h.t.OperatorHelmChartContainer - [local-hivemq-5fcc877b5c] [hivemq] [387caa95] DEBUG - Setting cluster TCP health-check external-port to 0
2025-01-30 18:43:29,230 INFO c.h.h.t.OperatorHelmChartContainer - [local-hivemq-5fcc877b5c] [hivemq] [387caa95] DEBUG - Setting cluster heartbeat enabled
2025-01-30 18:43:29,230 INFO c.h.h.t.OperatorHelmChartContainer - [local-hivemq-5fcc877b5c] [hivemq] [387caa95] DEBUG - Setting cluster heartbeat interval to 4000 ms
2025-01-30 18:43:29,230 INFO c.h.h.t.OperatorHelmChartContainer - [local-hivemq-5fcc877b5c] [hivemq] [387caa95] DEBUG - Setting the cluster heartbeat timeout to 30000 ms
2025-01-30 18:43:29,230 INFO c.h.h.t.OperatorHelmChartContainer - [local-hivemq-5fcc877b5c] [hivemq] [387caa95] DEBUG - Setting HiveMQ REST API enabled to false 
2025-01-30 18:43:29,230 INFO c.h.h.t.OperatorHelmChartContainer - [local-hivemq-5fcc877b5c] [hivemq] [387caa95] DEBUG - Setting HiveMQ REST API authentication enabled to false 
2025-01-30 18:43:29,230 INFO c.h.h.t.OperatorHelmChartContainer - [local-hivemq-5fcc877b5c] [hivemq] [387caa95] DEBUG - Setting HiveMQ Health API enabled to false 
2025-01-30 18:43:29,233 INFO c.h.h.t.OperatorHelmChartContainer - [local-hivemq-5fcc877b5c] [hivemq] [387caa95] DEBUG - Setting client event history enabled to false
2025-01-30 18:43:29,234 INFO c.h.h.t.OperatorHelmChartContainer - [local-hivemq-5fcc877b5c] [hivemq] [387caa95] DEBUG - Setting client event history lifetime to 604800000 ms
2025-01-30 18:43:29,234 INFO c.h.h.t.OperatorHelmChartContainer - [local-hivemq-5fcc877b5c] [hivemq] [387caa95] DEBUG - Setting overload protection enabled to true 
2025-01-30 18:43:29,234 INFO c.h.h.t.OperatorHelmChartContainer - [local-hivemq-5fcc877b5c] [hivemq] [387caa95] DEBUG - Setting anonymous usage statistics enabled to false 
2025-01-30 18:43:29,234 INFO c.h.h.t.OperatorHelmChartContainer - [local-hivemq-5fcc877b5c] [hivemq] [387caa95] DEBUG - Setting expired messages topic enabled to false
2025-01-30 18:43:29,235 INFO c.h.h.t.OperatorHelmChartContainer - [local-hivemq-5fcc877b5c] [hivemq] [387caa95] DEBUG - Setting dropped messages topic enabled to false
2025-01-30 18:43:29,235 INFO c.h.h.t.OperatorHelmChartContainer - [local-hivemq-5fcc877b5c] [hivemq] [387caa95] DEBUG - Setting dead messages topic enabled to false
2025-01-30 18:43:29,238 INFO c.h.h.t.OperatorHelmChartContainer - [local-hivemq-5fcc877b5c] [hivemq] [387caa95] INFO  - Successfully loaded configuration from '/opt/hivemq/conf/config.xml'.
2025-01-30 18:43:29,402 INFO c.h.h.t.OperatorHelmChartContainer - [local-hivemq-5fcc877b5c] [hivemq] [387caa95] DEBUG - Performing sanity checks.
2025-01-30 18:43:29,428 INFO c.h.h.t.OperatorHelmChartContainer - [local-hivemq-5fcc877b5c] [hivemq] [387caa95] DEBUG - Soft limit for open files (1048576) satisfies the recommended limit (1000000).
2025-01-30 18:43:29,429 INFO c.h.h.t.OperatorHelmChartContainer - [local-hivemq-5fcc877b5c] [hivemq] [387caa95] DEBUG - Hard limit for open files (1048576) satisfies the recommended limit (1000000).
2025-01-30 18:43:29,430 INFO c.h.h.t.OperatorHelmChartContainer - [local-hivemq-5fcc877b5c] [hivemq] [387caa95] DEBUG - HiveMQ license directory (/opt/hivemq/license) satisfies all required file-system permissions.
2025-01-30 18:43:29,430 INFO c.h.h.t.OperatorHelmChartContainer - [local-hivemq-5fcc877b5c] [hivemq] [387caa95] DEBUG - HiveMQ data directory (/opt/hivemq/data) satisfies all required file-system permissions.
2025-01-30 18:43:29,430 INFO c.h.h.t.OperatorHelmChartContainer - [local-hivemq-5fcc877b5c] [hivemq] [387caa95] DEBUG - HiveMQ log directory (/opt/hivemq/log) satisfies all required file-system permissions.
2025-01-30 18:43:29,430 INFO c.h.h.t.OperatorHelmChartContainer - [local-hivemq-5fcc877b5c] [hivemq] [387caa95] DEBUG - HiveMQ backup directory (/opt/hivemq/backup) satisfies all required file-system permissions.
2025-01-30 18:43:29,431 INFO c.h.h.t.OperatorHelmChartContainer - [local-hivemq-5fcc877b5c] [hivemq] [387caa95] DEBUG - HiveMQ audit directory (/opt/hivemq/audit) satisfies all required file-system permissions.
2025-01-30 18:43:29,431 INFO c.h.h.t.OperatorHelmChartContainer - [local-hivemq-5fcc877b5c] [hivemq] [387caa95] DEBUG - HiveMQ extensions directory (/opt/hivemq/extensions) satisfies all required file-system permissions.
2025-01-30 18:43:29,431 INFO c.h.h.t.OperatorHelmChartContainer - [local-hivemq-5fcc877b5c] [hivemq] [387caa95] DEBUG - Extension directory hivemq-allow-all-extension (/opt/hivemq/extensions/hivemq-allow-all-extension) satisfies all required file-system permissions.
2025-01-30 18:43:29,432 INFO c.h.h.t.OperatorHelmChartContainer - [local-hivemq-5fcc877b5c] [hivemq] [387caa95] DEBUG - Extension directory hivemq-enterprise-security-extension (/opt/hivemq/extensions/hivemq-enterprise-security-extension) satisfies all required file-system permissions.
2025-01-30 18:43:29,432 INFO c.h.h.t.OperatorHelmChartContainer - [local-hivemq-5fcc877b5c] [hivemq] [387caa95] DEBUG - Extension directory hivemq-prometheus-extension (/opt/hivemq/extensions/hivemq-prometheus-extension) satisfies all required file-system permissions.
2025-01-30 18:43:29,432 INFO c.h.h.t.OperatorHelmChartContainer - [local-hivemq-5fcc877b5c] [hivemq] [387caa95] DEBUG - Extension directory hivemq-k8s-sync-extension (/opt/hivemq/extensions/hivemq-k8s-sync-extension) satisfies all required file-system permissions.
2025-01-30 18:43:29,432 INFO c.h.h.t.OperatorHelmChartContainer - [local-hivemq-5fcc877b5c] [hivemq] [387caa95] DEBUG - Extension directory hivemq-dns-cluster-discovery (/opt/hivemq/extensions/hivemq-dns-cluster-discovery) satisfies all required file-system permissions.
2025-01-30 18:43:29,432 INFO c.h.h.t.OperatorHelmChartContainer - [local-hivemq-5fcc877b5c] [hivemq] [387caa95] DEBUG - Extension directory hivemq-google-cloud-pubsub-extension (/opt/hivemq/extensions/hivemq-google-cloud-pubsub-extension) satisfies all required file-system permissions.
2025-01-30 18:43:29,432 INFO c.h.h.t.OperatorHelmChartContainer - [local-hivemq-5fcc877b5c] [hivemq] [387caa95] DEBUG - Extension directory hivemq-snowflake-extension (/opt/hivemq/extensions/hivemq-snowflake-extension) satisfies all required file-system permissions.
2025-01-30 18:43:29,432 INFO c.h.h.t.OperatorHelmChartContainer - [local-hivemq-5fcc877b5c] [hivemq] [387caa95] DEBUG - Extension directory hivemq-postgresql-extension (/opt/hivemq/extensions/hivemq-postgresql-extension) satisfies all required file-system permissions.
2025-01-30 18:43:29,432 INFO c.h.h.t.OperatorHelmChartContainer - [local-hivemq-5fcc877b5c] [hivemq] [387caa95] DEBUG - Extension directory hivemq-mysql-extension (/opt/hivemq/extensions/hivemq-mysql-extension) satisfies all required file-system permissions.
2025-01-30 18:43:29,432 INFO c.h.h.t.OperatorHelmChartContainer - [local-hivemq-5fcc877b5c] [hivemq] [387caa95] DEBUG - Extension directory hivemq-bridge-extension (/opt/hivemq/extensions/hivemq-bridge-extension) satisfies all required file-system permissions.
2025-01-30 18:43:29,432 INFO c.h.h.t.OperatorHelmChartContainer - [local-hivemq-5fcc877b5c] [hivemq] [387caa95] DEBUG - Extension directory hivemq-kafka-extension (/opt/hivemq/extensions/hivemq-kafka-extension) satisfies all required file-system permissions.
2025-01-30 18:43:29,434 INFO c.h.h.t.OperatorHelmChartContainer - [local-hivemq-5fcc877b5c] [hivemq] [387caa95] DEBUG - Extension directory hivemq-distributed-tracing-extension (/opt/hivemq/extensions/hivemq-distributed-tracing-extension) satisfies all required file-system permissions.
2025-01-30 18:43:29,435 INFO c.h.h.t.OperatorHelmChartContainer - [local-hivemq-5fcc877b5c] [hivemq] [387caa95] DEBUG - Extension directory hivemq-mongodb-extension (/opt/hivemq/extensions/hivemq-mongodb-extension) satisfies all required file-system permissions.
2025-01-30 18:43:29,435 INFO c.h.h.t.OperatorHelmChartContainer - [local-hivemq-5fcc877b5c] [hivemq] [387caa95] DEBUG - Extension directory hivemq-data-lake-extension (/opt/hivemq/extensions/hivemq-data-lake-extension) satisfies all required file-system permissions.
2025-01-30 18:43:29,435 INFO c.h.h.t.OperatorHelmChartContainer - [local-hivemq-5fcc877b5c] [hivemq] [387caa95] DEBUG - Extension directory hivemq-amazon-kinesis-extension (/opt/hivemq/extensions/hivemq-amazon-kinesis-extension) satisfies all required file-system permissions.
2025-01-30 18:43:29,435 INFO c.h.h.t.OperatorHelmChartContainer - [local-hivemq-5fcc877b5c] [hivemq] [387caa95] DEBUG - Extension directory hivemq-microsoft-sql-server-extension (/opt/hivemq/extensions/hivemq-microsoft-sql-server-extension) satisfies all required file-system permissions.
2025-01-30 18:43:29,435 INFO c.h.h.t.OperatorHelmChartContainer - [local-hivemq-5fcc877b5c] [hivemq] [387caa95] DEBUG - Temporary directory (/tmp) satisfies all required file-system permissions.
2025-01-30 18:43:29,436 INFO c.h.h.t.OperatorHelmChartContainer - [local-hivemq-5fcc877b5c] [hivemq] [387caa95] DEBUG - Heap dump directory (/opt/hivemq/dumps) satisfies all required file-system permissions.
2025-01-30 18:43:29,436 INFO c.h.h.t.OperatorHelmChartContainer - [local-hivemq-5fcc877b5c] [hivemq] [387caa95] DEBUG - Performed all sanity checks in 32ms. All sanity checks passed successfully.
2025-01-30 18:43:29,441 INFO c.h.h.t.OperatorHelmChartContainer - [local-hivemq-5fcc877b5c] [hivemq] [387caa95] INFO  - This node's ID is NN4KB
2025-01-30 18:43:29,441 INFO c.h.h.t.OperatorHelmChartContainer - [local-hivemq-5fcc877b5c] [hivemq] [387caa95] INFO  - Clustering is enabled
2025-01-30 18:43:30,292 INFO c.h.h.t.OperatorHelmChartContainer - [local-hivemq-5fcc877b5c] [hivemq] [387caa95] DEBUG - Configured WriteBufferManager with size for memtables 311023370 and for the block cache 466535055
2025-01-30 18:43:30,293 INFO c.h.h.t.OperatorHelmChartContainer - [local-hivemq-5fcc877b5c] [hivemq] [387caa95] DEBUG - Starting RocksDBMemoryUsageWatchdog.
2025-01-30 18:43:30,294 INFO c.h.h.t.OperatorHelmChartContainer - [local-hivemq-5fcc877b5c] [hivemq] [387caa95] DEBUG - RocksDBMemoryUsageWatchdog is running.
2025-01-30 18:43:30,331 INFO c.h.h.t.OperatorHelmChartContainer - [local-hivemq-5fcc877b5c] [hivemq] [387caa95] DEBUG - Folder /opt/hivemq/data/persistence does not exist, trying to create it
2025-01-30 18:43:30,331 INFO c.h.h.t.OperatorHelmChartContainer - [local-hivemq-5fcc877b5c] [hivemq] [387caa95] DEBUG - Created folder /opt/hivemq/data
2025-01-30 18:43:30,331 INFO c.h.h.t.OperatorHelmChartContainer - [local-hivemq-5fcc877b5c] [hivemq] [387caa95] DEBUG - Folder /opt/hivemq/data/persistence/publish_payload_store/040500_R does not exist, trying to create it
2025-01-30 18:43:30,344 INFO c.h.h.t.OperatorHelmChartContainer - [local-hivemq-5fcc877b5c] [hivemq] [387caa95] DEBUG - Folder /opt/hivemq/data/persistence/client_queue/042800_R does not exist, trying to create it
2025-01-30 18:43:30,390 INFO c.h.h.t.OperatorHelmChartContainer - [local-hivemq-5fcc877b5c] [hivemq] [387caa95] DEBUG - Folder /opt/hivemq/data/persistence/client_session_subscriptions/043200_R does not exist, trying to create it
2025-01-30 18:43:30,391 INFO c.h.h.t.OperatorHelmChartContainer - [local-hivemq-5fcc877b5c] [hivemq] [387caa95] DEBUG - Folder /opt/hivemq/data/persistence/client_session_store/040100_R does not exist, trying to create it
2025-01-30 18:43:30,393 INFO c.h.h.t.OperatorHelmChartContainer - [local-hivemq-5fcc877b5c] [hivemq] [387caa95] DEBUG - Folder /opt/hivemq/data/persistence/retained_messages/040800_R does not exist, trying to create it
2025-01-30 18:43:30,394 INFO c.h.h.t.OperatorHelmChartContainer - [local-hivemq-5fcc877b5c] [hivemq] [387caa95] DEBUG - Folder /opt/hivemq/data/persistence/attribute/043100_R does not exist, trying to create it
2025-01-30 18:43:30,397 INFO c.h.h.t.OperatorHelmChartContainer - [local-hivemq-5fcc877b5c] [hivemq] [387caa95] DEBUG - Folder /opt/hivemq/data/persistence/incoming_message_flow/043000_R does not exist, trying to create it
2025-01-30 18:43:30,544 INFO c.h.h.t.OperatorHelmChartContainer - [local-hivemq-5fcc877b5c] [hivemq] [387caa95] DEBUG - Folder /opt/hivemq/data/persistence/data_hub_modules/043000_R does not exist, trying to create it
2025-01-30 18:43:30,566 INFO c.h.h.t.OperatorHelmChartContainer - [local-hivemq-5fcc877b5c] [hivemq] [387caa95] DEBUG - Folder /opt/hivemq/data/persistence/data_hub_policies/042000_R does not exist, trying to create it
2025-01-30 18:43:30,567 INFO c.h.h.t.OperatorHelmChartContainer - [local-hivemq-5fcc877b5c] [hivemq] [387caa95] DEBUG - Folder /opt/hivemq/data/persistence/data_hub_scripts/042300_R does not exist, trying to create it
2025-01-30 18:43:30,589 INFO c.h.h.t.OperatorHelmChartContainer - [local-hivemq-5fcc877b5c] [hivemq] [387caa95] DEBUG - Folder /opt/hivemq/data/persistence/data_hub_schemas/042000_R does not exist, trying to create it
2025-01-30 18:43:32,896 INFO c.h.h.t.OperatorHelmChartContainer - [local-hivemq-5fcc877b5c] [hivemq] [387caa95] DEBUG - Diagnostic mode is disabled
2025-01-30 18:43:34,333 INFO c.h.h.t.OperatorHelmChartContainer - [EVENT] Warning [Unhealthy] Readiness probe failed: Log statement not present (yet)
 [default:local-hivemq-5fcc877b5c-zq6g8]
2025-01-30 18:43:34,333 INFO c.h.h.t.OperatorHelmChartContainer - Received Unhealthy event for container hivemq in pod local-hivemq-5fcc877b5c-zq6g8 [387caa95-523d-4653-9e76-9ef0ab825733]
2025-01-30 18:43:35,679 INFO c.h.h.t.OperatorHelmChartContainer - [local-hivemq-6f4d548d79] [hivemq] [ac406a26] DEBUG - HiveMQ DNS Cluster Discovery Extension: Discovered new address '10.42.0.8'.
2025-01-30 18:43:35,937 INFO c.h.h.t.OperatorHelmChartContainer - [local-hivemq-5fcc877b5c] [hivemq] [387caa95] INFO  - No valid license file found. Using trial license, restricted to 25 connections.
2025-01-30 18:43:36,143 INFO c.h.h.t.OperatorHelmChartContainer - [local-hivemq-5fcc877b5c] [hivemq] [387caa95] DEBUG - Native Epoll is available on this platform
2025-01-30 18:43:36,223 INFO c.h.h.t.OperatorHelmChartContainer - [local-hivemq-5fcc877b5c] [hivemq] [387caa95] DEBUG - Set extension executor thread pool size to 1
2025-01-30 18:43:36,224 INFO c.h.h.t.OperatorHelmChartContainer - [local-hivemq-5fcc877b5c] [hivemq] [387caa95] DEBUG - Set extension executor thread pool keep-alive to 30 seconds
2025-01-30 18:43:36,225 INFO c.h.h.t.OperatorHelmChartContainer - [local-hivemq-5fcc877b5c] [hivemq] [387caa95] DEBUG - initializing RSA key
2025-01-30 18:43:36,921 INFO c.h.h.t.OperatorHelmChartContainer - [local-hivemq-5fcc877b5c] [hivemq] [387caa95] DEBUG - finished initializing RSA key in 695ms
2025-01-30 18:43:37,523 INFO c.h.h.t.OperatorHelmChartContainer - [local-hivemq-5fcc877b5c] [hivemq] [387caa95] DEBUG - Unable to provide size and free metrics for disk /dev/sda: Could not find the corresponding FileStore (OSHI/Java).
2025-01-30 18:43:37,525 INFO c.h.h.t.OperatorHelmChartContainer - [local-hivemq-5fcc877b5c] [hivemq] [387caa95] DEBUG - Unable to provide size and free metrics for disk /dev/sdb: Could not find the corresponding FileStore (OSHI/Java).
2025-01-30 18:43:37,526 INFO c.h.h.t.OperatorHelmChartContainer - [local-hivemq-5fcc877b5c] [hivemq] [387caa95] DEBUG - Throttling incoming traffic to 0 B/s
2025-01-30 18:43:37,526 INFO c.h.h.t.OperatorHelmChartContainer - [local-hivemq-5fcc877b5c] [hivemq] [387caa95] DEBUG - Throttling outgoing traffic to 0 B/s
2025-01-30 18:43:37,619 INFO c.h.h.t.OperatorHelmChartContainer - [local-hivemq-5fcc877b5c] [hivemq] [387caa95] INFO  - No valid license file for Data Hub found. Using free license, restricted to 1 policy.
2025-01-30 18:43:37,626 INFO c.h.h.t.OperatorHelmChartContainer - [local-hivemq-5fcc877b5c] [hivemq] [387caa95] DEBUG - Building initial topic tree
2025-01-30 18:43:37,730 INFO c.h.h.t.OperatorHelmChartContainer - [local-hivemq-5fcc877b5c] [hivemq] [387caa95] DEBUG - Started JMX Metrics Reporting.
2025-01-30 18:43:37,745 INFO c.h.h.t.OperatorHelmChartContainer - [local-hivemq-5fcc877b5c] [hivemq] [387caa95] DEBUG - Registered JVM metrics with prefix com.hivemq.jvm.
2025-01-30 18:43:37,793 INFO c.h.h.t.OperatorHelmChartContainer - [local-hivemq-5fcc877b5c] [hivemq] [387caa95] DEBUG - Registered HiveMQ Health API metrics.
2025-01-30 18:43:38,196 INFO c.h.h.t.OperatorHelmChartContainer - [local-hivemq-5fcc877b5c] [hivemq] [387caa95] INFO  - Audit Logger started.
2025-01-30 18:43:38,364 INFO c.h.h.t.OperatorHelmChartContainer - [local-hivemq-5fcc877b5c] [hivemq] [387caa95] INFO  - This node uses '1' CPU cores.
2025-01-30 18:43:38,633 INFO c.h.h.t.OperatorHelmChartContainer - [local-hivemq-5fcc877b5c] [hivemq] [387caa95] INFO  - Starting HiveMQ extension system.
2025-01-30 18:43:39,248 INFO c.h.h.t.OperatorHelmChartContainer - [EVENT] Warning [Unhealthy] Readiness probe failed: Log statement not present (yet)
 [default:local-hivemq-5fcc877b5c-zq6g8]
2025-01-30 18:43:39,248 INFO c.h.h.t.OperatorHelmChartContainer - Received Unhealthy event for container hivemq in pod local-hivemq-5fcc877b5c-zq6g8 [387caa95-523d-4653-9e76-9ef0ab825733]
2025-01-30 18:43:40,096 INFO c.h.h.t.OperatorHelmChartContainer - [local-hivemq-5fcc877b5c] [hivemq] [387caa95] INFO  - No license found for enterprise extension with name "HiveMQ Enterprise Security Extension". Entering extension trial mode. "HiveMQ Enterprise Security Extension" will be disabled in 5 hours.
2025-01-30 18:43:40,224 INFO c.h.h.t.OperatorHelmChartContainer - [local-hivemq-5fcc877b5c] [hivemq] [387caa95] INFO  - Starting extension with id "hivemq-dns-cluster-discovery" at /opt/hivemq/extensions/hivemq-dns-cluster-discovery
2025-01-30 18:43:40,290 INFO c.h.h.t.OperatorHelmChartContainer - [local-hivemq-5fcc877b5c] [hivemq] [387caa95] DEBUG - HiveMQ DNS Cluster Discovery Extension: No DNS server address was set in the configuration file or environment variable.
2025-01-30 18:43:40,294 INFO c.h.h.t.OperatorHelmChartContainer - [local-hivemq-5fcc877b5c] [hivemq] [387caa95] DEBUG - HiveMQ DNS Cluster Discovery Extension: No reload interval was set in the configuration file or environment variable. Defaulting to 30.
2025-01-30 18:43:40,429 INFO c.h.h.t.OperatorHelmChartContainer - [local-hivemq-5fcc877b5c] [hivemq] [387caa95] INFO  - Extension "DNS Cluster Discovery Extension" version 4.3.3 started successfully.
2025-01-30 18:43:40,429 INFO c.h.h.t.OperatorHelmChartContainer - [local-hivemq-5fcc877b5c] [hivemq] [387caa95] INFO  - Starting extension with id "hivemq-enterprise-security-extension" at /opt/hivemq/extensions/hivemq-enterprise-security-extension
2025-01-30 18:43:40,528 INFO c.h.h.t.OperatorHelmChartContainer - [local-hivemq-5fcc877b5c] [hivemq] [387caa95] INFO  - Using TCP cluster transport on address 10.42.0.8 and port 7000
2025-01-30 18:43:40,537 INFO c.h.h.t.OperatorHelmChartContainer - [local-hivemq-5fcc877b5c] [hivemq] [387caa95] INFO  - Using extension cluster discovery
2025-01-30 18:43:41,091 INFO c.h.h.t.OperatorHelmChartContainer - [local-hivemq-5fcc877b5c] [hivemq] [387caa95] DEBUG - HiveMQ DNS Cluster Discovery Extension: Discovered new address '10.42.0.8'.
2025-01-30 18:43:41,091 INFO c.h.h.t.OperatorHelmChartContainer - [local-hivemq-5fcc877b5c] [hivemq] [387caa95] DEBUG - HiveMQ DNS Cluster Discovery Extension: Discovered new address '10.42.0.7'.
2025-01-30 18:43:41,148 INFO c.h.h.t.OperatorHelmChartContainer - [local-hivemq-6f4d548d79] [hivemq] [ac406a26] INFO  - Cluster nodes found by discovery: [xT0dm|1] (2) [xT0dm, NN4KB].
2025-01-30 18:43:41,150 INFO c.h.h.t.OperatorHelmChartContainer - [local-hivemq-6f4d548d79] [hivemq] [ac406a26] DEBUG - New node discovered: 'NN4KB'
2025-01-30 18:43:41,150 INFO c.h.h.t.OperatorHelmChartContainer - [local-hivemq-6f4d548d79] [hivemq] [ac406a26] DEBUG - State of node NN4KB changed to UNKNOWN was null. Current cluster node states: {NN4KB=UNKNOWN, xT0dm=RUNNING}
2025-01-30 18:43:41,228 INFO c.h.h.t.OperatorHelmChartContainer - [local-hivemq-5fcc877b5c] [hivemq] [387caa95] INFO  - Cluster nodes found by discovery: [xT0dm|1] (2) [xT0dm, NN4KB].
2025-01-30 18:43:41,234 INFO c.h.h.t.OperatorHelmChartContainer - [local-hivemq-5fcc877b5c] [hivemq] [387caa95] DEBUG - New node discovered: 'xT0dm'
2025-01-30 18:43:41,236 INFO c.h.h.t.OperatorHelmChartContainer - [local-hivemq-5fcc877b5c] [hivemq] [387caa95] DEBUG - State of node xT0dm changed to UNKNOWN was null. Current cluster node states: {xT0dm=UNKNOWN}
2025-01-30 18:43:41,292 INFO c.h.h.t.OperatorHelmChartContainer - [local-hivemq-5fcc877b5c] [hivemq] [387caa95] DEBUG - State of node NN4KB changed to UNKNOWN was null. Current cluster node states: {NN4KB=UNKNOWN, xT0dm=UNKNOWN}
2025-01-30 18:43:41,297 INFO c.h.h.t.OperatorHelmChartContainer - [local-hivemq-5fcc877b5c] [hivemq] [387caa95] WARN  - HiveMQ Enterprise Security Extension: Cannot load the configuration from '/opt/hivemq/extensions/hivemq-enterprise-security-extension/conf/config.xml' because of the following error: java.nio.file.NoSuchFileException: /opt/hivemq/extensions/hivemq-enterprise-security-extension/conf/config.xml
2025-01-30 18:43:41,298 INFO c.h.h.t.OperatorHelmChartContainer - [local-hivemq-5fcc877b5c] [hivemq] [387caa95] INFO  - Startup of extension with id "hivemq-enterprise-security-extension" was prevented by the extension itself, reason: Not able to start HiveMQ Enterprise Security Extension, reason: Cannot load the configuration from '/opt/hivemq/extensions/hivemq-enterprise-security-extension/conf/config.xml' because of the following error: java.nio.file.NoSuchFileException: /opt/hivemq/extensions/hivemq-enterprise-security-extension/conf/config.xml. Extension will be disabled.
2025-01-30 18:43:41,318 INFO c.h.h.t.OperatorHelmChartContainer - [local-hivemq-5fcc877b5c] [hivemq] [387caa95] INFO  - Starting extension with id "hivemq-k8s-sync-extension" at /opt/hivemq/extensions/hivemq-k8s-sync-extension
2025-01-30 18:43:41,392 INFO c.h.h.t.OperatorHelmChartContainer - [local-hivemq-5fcc877b5c] [hivemq] [387caa95] DEBUG - State of node xT0dm changed to RUNNING was UNKNOWN. Current cluster node states: {NN4KB=UNKNOWN, xT0dm=RUNNING}
2025-01-30 18:43:41,394 INFO c.h.h.t.OperatorHelmChartContainer - [local-hivemq-5fcc877b5c] [hivemq] [387caa95] INFO  - Cluster size = 1, members : [xT0dm].
2025-01-30 18:43:41,536 INFO c.h.h.t.OperatorHelmChartContainer - [local-hivemq-5fcc877b5c] [hivemq] [387caa95] DEBUG - Sending NOT_JOINED state request to xT0dm.
2025-01-30 18:43:41,622 INFO c.h.h.t.OperatorHelmChartContainer - [local-hivemq-5fcc877b5c] [hivemq] [387caa95] DEBUG - Using global cluster id 'HFSQ7' (1738262530963). Previous was '7Z8g3' (1738262608392).
2025-01-30 18:43:41,636 INFO c.h.h.t.OperatorHelmChartContainer - [local-hivemq-6f4d548d79] [hivemq] [ac406a26] DEBUG - State of node NN4KB changed to NOT_JOINED was UNKNOWN. Current cluster node states: {NN4KB=NOT_JOINED, xT0dm=RUNNING}
2025-01-30 18:43:41,639 INFO c.h.h.t.OperatorHelmChartContainer - [local-hivemq-6f4d548d79] [hivemq] [ac406a26] DEBUG - Sending NOT_JOINED state notification for NN4KB to all nodes.
2025-01-30 18:43:41,649 INFO c.h.h.t.OperatorHelmChartContainer - [local-hivemq-5fcc877b5c] [hivemq] [387caa95] DEBUG - State of node NN4KB changed to NOT_JOINED was UNKNOWN. Current cluster node states: {NN4KB=NOT_JOINED, xT0dm=RUNNING}
2025-01-30 18:43:41,651 INFO c.h.h.t.OperatorHelmChartContainer - [local-hivemq-5fcc877b5c] [hivemq] [387caa95] DEBUG - Could not get configMap modification timestamp for source /hivemq-data/extensions/..data, likely no ConfigMap mounted
2025-01-30 18:43:41,651 INFO c.h.h.t.OperatorHelmChartContainer - [local-hivemq-5fcc877b5c] [hivemq] [387caa95] DEBUG - Could not get configMap modification timestamp for source /hivemq-data/conf/..data, likely no ConfigMap mounted
2025-01-30 18:43:41,651 INFO c.h.h.t.OperatorHelmChartContainer - [local-hivemq-5fcc877b5c] [hivemq] [387caa95] DEBUG - Could not get configMap modification timestamp for source /hivemq-data/bin/..data, likely no ConfigMap mounted
2025-01-30 18:43:41,653 INFO c.h.h.t.OperatorHelmChartContainer - [local-hivemq-5fcc877b5c] [hivemq] [387caa95] INFO  - Started HiveMQ Kubernetes State Synchronization Extension:1.0.3
2025-01-30 18:43:41,655 INFO c.h.h.t.OperatorHelmChartContainer - [local-hivemq-5fcc877b5c] [hivemq] [387caa95] INFO  - Extension "HiveMQ Kubernetes State Synchronization Extension" version 1.0.3 started successfully.
2025-01-30 18:43:41,656 INFO c.h.h.t.OperatorHelmChartContainer - [local-hivemq-5fcc877b5c] [hivemq] [387caa95] INFO  - Starting extension with id "hivemq-allow-all-extension" at /opt/hivemq/extensions/hivemq-allow-all-extension
2025-01-30 18:43:41,656 INFO c.h.h.t.OperatorHelmChartContainer - [local-hivemq-5fcc877b5c] [hivemq] [387caa95] WARN  - 
2025-01-30 18:43:41,656 INFO c.h.h.t.OperatorHelmChartContainer - [local-hivemq-5fcc877b5c] [hivemq] [387caa95] ################################################################################################################
2025-01-30 18:43:41,656 INFO c.h.h.t.OperatorHelmChartContainer - [local-hivemq-5fcc877b5c] [hivemq] [387caa95] # This HiveMQ deployment is not secure! You are lacking Authentication and Authorization.                      #
2025-01-30 18:43:41,656 INFO c.h.h.t.OperatorHelmChartContainer - [local-hivemq-5fcc877b5c] [hivemq] [387caa95] # Right now any MQTT client can connect to the broker with a full set of permissions.                          #
2025-01-30 18:43:41,656 INFO c.h.h.t.OperatorHelmChartContainer - [local-hivemq-5fcc877b5c] [hivemq] [387caa95] # For production usage, add an appropriate security extension and remove the hivemq-allow-all extension.       #
2025-01-30 18:43:41,656 INFO c.h.h.t.OperatorHelmChartContainer - [local-hivemq-5fcc877b5c] [hivemq] [387caa95] # You can download security extensions from the HiveMQ Marketplace (https://www.hivemq.com/extensions/).       #
2025-01-30 18:43:41,656 INFO c.h.h.t.OperatorHelmChartContainer - [local-hivemq-5fcc877b5c] [hivemq] [387caa95] ################################################################################################################
2025-01-30 18:43:41,656 INFO c.h.h.t.OperatorHelmChartContainer - [local-hivemq-5fcc877b5c] [hivemq] [387caa95] DEBUG - Simple authenticator added by extension 'hivemq-allow-all-extension'.
2025-01-30 18:43:41,656 INFO c.h.h.t.OperatorHelmChartContainer - [local-hivemq-5fcc877b5c] [hivemq] [387caa95] INFO  - Extension "Allow All Extension" version 1.1.1 started successfully.
2025-01-30 18:43:41,742 INFO c.h.h.t.OperatorHelmChartContainer - [local-hivemq-5fcc877b5c] [hivemq] [387caa95] DEBUG - Sending JOINING state request to xT0dm.
2025-01-30 18:43:41,769 INFO c.h.h.t.OperatorHelmChartContainer - [local-hivemq-6f4d548d79] [hivemq] [ac406a26] DEBUG - Allowing JOIN request for node NN4KB.
2025-01-30 18:43:41,769 INFO c.h.h.t.OperatorHelmChartContainer - [local-hivemq-6f4d548d79] [hivemq] [ac406a26] DEBUG - State of node NN4KB changed to JOINING was NOT_JOINED. Current cluster node states: {NN4KB=JOINING, xT0dm=RUNNING}
2025-01-30 18:43:41,869 INFO c.h.h.t.OperatorHelmChartContainer - [local-hivemq-6f4d548d79] [hivemq] [ac406a26] DEBUG - Sending JOINING state notification for NN4KB to all nodes.
2025-01-30 18:43:41,874 INFO c.h.h.t.OperatorHelmChartContainer - [local-hivemq-5fcc877b5c] [hivemq] [387caa95] DEBUG - State of node NN4KB changed to JOINING was NOT_JOINED. Current cluster node states: {NN4KB=JOINING, xT0dm=RUNNING}
2025-01-30 18:43:41,942 INFO c.h.h.t.OperatorHelmChartContainer - [local-hivemq-5fcc877b5c] [hivemq] [387caa95] INFO  - Starting cluster join process. This may take a while. Please do not shut down HiveMQ.
2025-01-30 18:43:41,942 INFO c.h.h.t.OperatorHelmChartContainer - [local-hivemq-5fcc877b5c] [hivemq] [387caa95] DEBUG - Join started. Disabling WAL: true
2025-01-30 18:43:41,942 INFO c.h.h.t.OperatorHelmChartContainer - [local-hivemq-5fcc877b5c] [hivemq] [387caa95] DEBUG - Replicating data from nodes [xT0dm].
2025-01-30 18:43:41,942 INFO c.h.h.t.OperatorHelmChartContainer - [local-hivemq-5fcc877b5c] [hivemq] [387caa95] INFO  - Cluster join process is still ongoing. Please do not shut down HiveMQ.
2025-01-30 18:43:41,967 INFO c.h.h.t.OperatorHelmChartContainer - [local-hivemq-6f4d548d79] [hivemq] [ac406a26] DEBUG - Received replication finished request from NN4KB. Response is false.
2025-01-30 18:43:42,236 INFO c.h.h.t.OperatorHelmChartContainer - [local-hivemq-6f4d548d79] [hivemq] [ac406a26] DEBUG - Replication of data to nodes [NN4KB] finished.
2025-01-30 18:43:42,942 INFO c.h.h.t.OperatorHelmChartContainer - [local-hivemq-6f4d548d79] [hivemq] [ac406a26] DEBUG - Received replication finished request from NN4KB. Response is true.
2025-01-30 18:43:42,943 INFO c.h.h.t.OperatorHelmChartContainer - [local-hivemq-5fcc877b5c] [hivemq] [387caa95] DEBUG - Replication of data from node xT0dm finished.
2025-01-30 18:43:43,941 INFO c.h.h.t.OperatorHelmChartContainer - [local-hivemq-5fcc877b5c] [hivemq] [387caa95] DEBUG - Join finished. Flushing RocksDBs.
2025-01-30 18:43:43,944 INFO c.h.h.t.OperatorHelmChartContainer - [local-hivemq-5fcc877b5c] [hivemq] [387caa95] DEBUG - Flushing: /opt/hivemq/data/persistence/publish_payload_store/040500_R/publish_payload_store_1
2025-01-30 18:43:43,947 INFO c.h.h.t.OperatorHelmChartContainer - [local-hivemq-5fcc877b5c] [hivemq] [387caa95] DEBUG - Flushing: /opt/hivemq/data/persistence/publish_payload_store/040500_R/publish_payload_store_2
2025-01-30 18:43:43,947 INFO c.h.h.t.OperatorHelmChartContainer - [local-hivemq-5fcc877b5c] [hivemq] [387caa95] DEBUG - Flushing: /opt/hivemq/data/persistence/publish_payload_store/040500_R/publish_payload_store_0
2025-01-30 18:43:43,947 INFO c.h.h.t.OperatorHelmChartContainer - [local-hivemq-5fcc877b5c] [hivemq] [387caa95] DEBUG - Flushing: /opt/hivemq/data/persistence/publish_payload_store/040500_R/publish_payload_store_3
2025-01-30 18:43:43,947 INFO c.h.h.t.OperatorHelmChartContainer - [local-hivemq-5fcc877b5c] [hivemq] [387caa95] DEBUG - Flushing: /opt/hivemq/data/persistence/publish_payload_store/040500_R/publish_payload_store_4
2025-01-30 18:43:43,947 INFO c.h.h.t.OperatorHelmChartContainer - [local-hivemq-5fcc877b5c] [hivemq] [387caa95] DEBUG - Flushing: /opt/hivemq/data/persistence/publish_payload_store/040500_R/publish_payload_store_5
2025-01-30 18:43:43,947 INFO c.h.h.t.OperatorHelmChartContainer - [local-hivemq-5fcc877b5c] [hivemq] [387caa95] DEBUG - Flushing: /opt/hivemq/data/persistence/publish_payload_store/040500_R/publish_payload_store_6
2025-01-30 18:43:43,947 INFO c.h.h.t.OperatorHelmChartContainer - [local-hivemq-5fcc877b5c] [hivemq] [387caa95] DEBUG - Flushing: /opt/hivemq/data/persistence/publish_payload_store/040500_R/publish_payload_store_7
2025-01-30 18:43:43,947 INFO c.h.h.t.OperatorHelmChartContainer - [local-hivemq-5fcc877b5c] [hivemq] [387caa95] DEBUG - Flushing: /opt/hivemq/data/persistence/publish_payload_store/040500_R/publish_payload_store_8
2025-01-30 18:43:43,947 INFO c.h.h.t.OperatorHelmChartContainer - [local-hivemq-5fcc877b5c] [hivemq] [387caa95] DEBUG - Flushing: /opt/hivemq/data/persistence/publish_payload_store/040500_R/publish_payload_store_9
2025-01-30 18:43:43,947 INFO c.h.h.t.OperatorHelmChartContainer - [local-hivemq-5fcc877b5c] [hivemq] [387caa95] DEBUG - Flushing: /opt/hivemq/data/persistence/publish_payload_store/040500_R/publish_payload_store_11
2025-01-30 18:43:43,947 INFO c.h.h.t.OperatorHelmChartContainer - [local-hivemq-5fcc877b5c] [hivemq] [387caa95] DEBUG - Flushing: /opt/hivemq/data/persistence/publish_payload_store/040500_R/publish_payload_store_10
2025-01-30 18:43:43,947 INFO c.h.h.t.OperatorHelmChartContainer - [local-hivemq-5fcc877b5c] [hivemq] [387caa95] DEBUG - Flushing: /opt/hivemq/data/persistence/publish_payload_store/040500_R/publish_payload_store_12
2025-01-30 18:43:43,947 INFO c.h.h.t.OperatorHelmChartContainer - [local-hivemq-5fcc877b5c] [hivemq] [387caa95] DEBUG - Flushing: /opt/hivemq/data/persistence/publish_payload_store/040500_R/publish_payload_store_13
2025-01-30 18:43:43,947 INFO c.h.h.t.OperatorHelmChartContainer - [local-hivemq-5fcc877b5c] [hivemq] [387caa95] DEBUG - Flushing: /opt/hivemq/data/persistence/publish_payload_store/040500_R/publish_payload_store_14
2025-01-30 18:43:43,947 INFO c.h.h.t.OperatorHelmChartContainer - [local-hivemq-5fcc877b5c] [hivemq] [387caa95] DEBUG - Flushing: /opt/hivemq/data/persistence/publish_payload_store/040500_R/publish_payload_store_15
2025-01-30 18:43:43,947 INFO c.h.h.t.OperatorHelmChartContainer - [local-hivemq-5fcc877b5c] [hivemq] [387caa95] DEBUG - Flushing: /opt/hivemq/data/persistence/publish_payload_store/040500_R/publish_payload_store_16
2025-01-30 18:43:43,948 INFO c.h.h.t.OperatorHelmChartContainer - [local-hivemq-5fcc877b5c] [hivemq] [387caa95] DEBUG - Flushing: /opt/hivemq/data/persistence/publish_payload_store/040500_R/publish_payload_store_17
2025-01-30 18:43:43,949 INFO c.h.h.t.OperatorHelmChartContainer - [local-hivemq-5fcc877b5c] [hivemq] [387caa95] DEBUG - Flushing: /opt/hivemq/data/persistence/publish_payload_store/040500_R/publish_payload_store_18
2025-01-30 18:43:43,949 INFO c.h.h.t.OperatorHelmChartContainer - [local-hivemq-5fcc877b5c] [hivemq] [387caa95] DEBUG - Flushing: /opt/hivemq/data/persistence/publish_payload_store/040500_R/publish_payload_store_19
2025-01-30 18:43:43,949 INFO c.h.h.t.OperatorHelmChartContainer - [local-hivemq-5fcc877b5c] [hivemq] [387caa95] DEBUG - Flushing: /opt/hivemq/data/persistence/publish_payload_store/040500_R/publish_payload_store_20
2025-01-30 18:43:43,949 INFO c.h.h.t.OperatorHelmChartContainer - [local-hivemq-5fcc877b5c] [hivemq] [387caa95] DEBUG - Flushing: /opt/hivemq/data/persistence/publish_payload_store/040500_R/publish_payload_store_22
2025-01-30 18:43:43,949 INFO c.h.h.t.OperatorHelmChartContainer - [local-hivemq-5fcc877b5c] [hivemq] [387caa95] DEBUG - Flushing: /opt/hivemq/data/persistence/publish_payload_store/040500_R/publish_payload_store_21
2025-01-30 18:43:43,950 INFO c.h.h.t.OperatorHelmChartContainer - [local-hivemq-5fcc877b5c] [hivemq] [387caa95] DEBUG - Flushing: /opt/hivemq/data/persistence/publish_payload_store/040500_R/publish_payload_store_23
2025-01-30 18:43:43,950 INFO c.h.h.t.OperatorHelmChartContainer - [local-hivemq-5fcc877b5c] [hivemq] [387caa95] DEBUG - Flushing: /opt/hivemq/data/persistence/publish_payload_store/040500_R/publish_payload_store_24
2025-01-30 18:43:43,950 INFO c.h.h.t.OperatorHelmChartContainer - [local-hivemq-5fcc877b5c] [hivemq] [387caa95] DEBUG - Flushing: /opt/hivemq/data/persistence/publish_payload_store/040500_R/publish_payload_store_25
2025-01-30 18:43:43,950 INFO c.h.h.t.OperatorHelmChartContainer - [local-hivemq-5fcc877b5c] [hivemq] [387caa95] DEBUG - Flushing: /opt/hivemq/data/persistence/publish_payload_store/040500_R/publish_payload_store_26
2025-01-30 18:43:43,950 INFO c.h.h.t.OperatorHelmChartContainer - [local-hivemq-5fcc877b5c] [hivemq] [387caa95] DEBUG - Flushing: /opt/hivemq/data/persistence/publish_payload_store/040500_R/publish_payload_store_27
2025-01-30 18:43:43,950 INFO c.h.h.t.OperatorHelmChartContainer - [local-hivemq-5fcc877b5c] [hivemq] [387caa95] DEBUG - Flushing: /opt/hivemq/data/persistence/publish_payload_store/040500_R/publish_payload_store_28
2025-01-30 18:43:43,950 INFO c.h.h.t.OperatorHelmChartContainer - [local-hivemq-5fcc877b5c] [hivemq] [387caa95] DEBUG - Flushing: /opt/hivemq/data/persistence/publish_payload_store/040500_R/publish_payload_store_29
2025-01-30 18:43:43,950 INFO c.h.h.t.OperatorHelmChartContainer - [local-hivemq-5fcc877b5c] [hivemq] [387caa95] DEBUG - Flushing: /opt/hivemq/data/persistence/publish_payload_store/040500_R/publish_payload_store_30
2025-01-30 18:43:43,950 INFO c.h.h.t.OperatorHelmChartContainer - [local-hivemq-5fcc877b5c] [hivemq] [387caa95] DEBUG - Flushing: /opt/hivemq/data/persistence/publish_payload_store/040500_R/publish_payload_store_31
2025-01-30 18:43:43,950 INFO c.h.h.t.OperatorHelmChartContainer - [local-hivemq-5fcc877b5c] [hivemq] [387caa95] DEBUG - Flushing: /opt/hivemq/data/persistence/publish_payload_store/040500_R/publish_payload_store_32
2025-01-30 18:43:43,950 INFO c.h.h.t.OperatorHelmChartContainer - [local-hivemq-5fcc877b5c] [hivemq] [387caa95] DEBUG - Flushing: /opt/hivemq/data/persistence/publish_payload_store/040500_R/publish_payload_store_33
2025-01-30 18:43:43,951 INFO c.h.h.t.OperatorHelmChartContainer - [local-hivemq-5fcc877b5c] [hivemq] [387caa95] DEBUG - Flushing: /opt/hivemq/data/persistence/publish_payload_store/040500_R/publish_payload_store_34
2025-01-30 18:43:43,951 INFO c.h.h.t.OperatorHelmChartContainer - [local-hivemq-5fcc877b5c] [hivemq] [387caa95] DEBUG - Flushing: /opt/hivemq/data/persistence/publish_payload_store/040500_R/publish_payload_store_35
2025-01-30 18:43:43,951 INFO c.h.h.t.OperatorHelmChartContainer - [local-hivemq-5fcc877b5c] [hivemq] [387caa95] DEBUG - Flushing: /opt/hivemq/data/persistence/publish_payload_store/040500_R/publish_payload_store_36
2025-01-30 18:43:43,951 INFO c.h.h.t.OperatorHelmChartContainer - [local-hivemq-5fcc877b5c] [hivemq] [387caa95] DEBUG - Flushing: /opt/hivemq/data/persistence/publish_payload_store/040500_R/publish_payload_store_37
2025-01-30 18:43:43,951 INFO c.h.h.t.OperatorHelmChartContainer - [local-hivemq-5fcc877b5c] [hivemq] [387caa95] DEBUG - Flushing: /opt/hivemq/data/persistence/publish_payload_store/040500_R/publish_payload_store_38
2025-01-30 18:43:43,951 INFO c.h.h.t.OperatorHelmChartContainer - [local-hivemq-5fcc877b5c] [hivemq] [387caa95] DEBUG - Flushing: /opt/hivemq/data/persistence/publish_payload_store/040500_R/publish_payload_store_40
2025-01-30 18:43:43,951 INFO c.h.h.t.OperatorHelmChartContainer - [local-hivemq-5fcc877b5c] [hivemq] [387caa95] DEBUG - Flushing: /opt/hivemq/data/persistence/publish_payload_store/040500_R/publish_payload_store_39
2025-01-30 18:43:43,951 INFO c.h.h.t.OperatorHelmChartContainer - [local-hivemq-5fcc877b5c] [hivemq] [387caa95] DEBUG - Flushing: /opt/hivemq/data/persistence/publish_payload_store/040500_R/publish_payload_store_41
2025-01-30 18:43:43,951 INFO c.h.h.t.OperatorHelmChartContainer - [local-hivemq-5fcc877b5c] [hivemq] [387caa95] DEBUG - Flushing: /opt/hivemq/data/persistence/publish_payload_store/040500_R/publish_payload_store_43
2025-01-30 18:43:43,951 INFO c.h.h.t.OperatorHelmChartContainer - [local-hivemq-5fcc877b5c] [hivemq] [387caa95] DEBUG - Flushing: /opt/hivemq/data/persistence/publish_payload_store/040500_R/publish_payload_store_42
2025-01-30 18:43:43,951 INFO c.h.h.t.OperatorHelmChartContainer - [local-hivemq-5fcc877b5c] [hivemq] [387caa95] DEBUG - Flushing: /opt/hivemq/data/persistence/publish_payload_store/040500_R/publish_payload_store_44
2025-01-30 18:43:43,951 INFO c.h.h.t.OperatorHelmChartContainer - [local-hivemq-5fcc877b5c] [hivemq] [387caa95] DEBUG - Flushing: /opt/hivemq/data/persistence/publish_payload_store/040500_R/publish_payload_store_45
2025-01-30 18:43:43,951 INFO c.h.h.t.OperatorHelmChartContainer - [local-hivemq-5fcc877b5c] [hivemq] [387caa95] DEBUG - Flushing: /opt/hivemq/data/persistence/publish_payload_store/040500_R/publish_payload_store_46
2025-01-30 18:43:43,951 INFO c.h.h.t.OperatorHelmChartContainer - [local-hivemq-5fcc877b5c] [hivemq] [387caa95] DEBUG - Flushing: /opt/hivemq/data/persistence/publish_payload_store/040500_R/publish_payload_store_47
2025-01-30 18:43:43,951 INFO c.h.h.t.OperatorHelmChartContainer - [local-hivemq-5fcc877b5c] [hivemq] [387caa95] DEBUG - Flushing: /opt/hivemq/data/persistence/publish_payload_store/040500_R/publish_payload_store_48
2025-01-30 18:43:43,951 INFO c.h.h.t.OperatorHelmChartContainer - [local-hivemq-5fcc877b5c] [hivemq] [387caa95] DEBUG - Flushing: /opt/hivemq/data/persistence/publish_payload_store/040500_R/publish_payload_store_49
2025-01-30 18:43:43,951 INFO c.h.h.t.OperatorHelmChartContainer - [local-hivemq-5fcc877b5c] [hivemq] [387caa95] DEBUG - Flushing: /opt/hivemq/data/persistence/publish_payload_store/040500_R/publish_payload_store_50
2025-01-30 18:43:43,951 INFO c.h.h.t.OperatorHelmChartContainer - [local-hivemq-5fcc877b5c] [hivemq] [387caa95] DEBUG - Flushing: /opt/hivemq/data/persistence/publish_payload_store/040500_R/publish_payload_store_51
2025-01-30 18:43:43,951 INFO c.h.h.t.OperatorHelmChartContainer - [local-hivemq-5fcc877b5c] [hivemq] [387caa95] DEBUG - Flushing: /opt/hivemq/data/persistence/publish_payload_store/040500_R/publish_payload_store_52
2025-01-30 18:43:43,951 INFO c.h.h.t.OperatorHelmChartContainer - [local-hivemq-5fcc877b5c] [hivemq] [387caa95] DEBUG - Flushing: /opt/hivemq/data/persistence/publish_payload_store/040500_R/publish_payload_store_53
2025-01-30 18:43:43,951 INFO c.h.h.t.OperatorHelmChartContainer - [local-hivemq-5fcc877b5c] [hivemq] [387caa95] DEBUG - Flushing: /opt/hivemq/data/persistence/publish_payload_store/040500_R/publish_payload_store_54
2025-01-30 18:43:43,951 INFO c.h.h.t.OperatorHelmChartContainer - [local-hivemq-5fcc877b5c] [hivemq] [387caa95] DEBUG - Flushing: /opt/hivemq/data/persistence/publish_payload_store/040500_R/publish_payload_store_55
2025-01-30 18:43:43,951 INFO c.h.h.t.OperatorHelmChartContainer - [local-hivemq-5fcc877b5c] [hivemq] [387caa95] DEBUG - Flushing: /opt/hivemq/data/persistence/publish_payload_store/040500_R/publish_payload_store_56
2025-01-30 18:43:43,951 INFO c.h.h.t.OperatorHelmChartContainer - [local-hivemq-5fcc877b5c] [hivemq] [387caa95] DEBUG - Flushing: /opt/hivemq/data/persistence/publish_payload_store/040500_R/publish_payload_store_57
2025-01-30 18:43:43,951 INFO c.h.h.t.OperatorHelmChartContainer - [local-hivemq-5fcc877b5c] [hivemq] [387caa95] DEBUG - Flushing: /opt/hivemq/data/persistence/publish_payload_store/040500_R/publish_payload_store_58
2025-01-30 18:43:43,951 INFO c.h.h.t.OperatorHelmChartContainer - [local-hivemq-5fcc877b5c] [hivemq] [387caa95] DEBUG - Flushing: /opt/hivemq/data/persistence/publish_payload_store/040500_R/publish_payload_store_59
2025-01-30 18:43:43,951 INFO c.h.h.t.OperatorHelmChartContainer - [local-hivemq-5fcc877b5c] [hivemq] [387caa95] DEBUG - Flushing: /opt/hivemq/data/persistence/publish_payload_store/040500_R/publish_payload_store_60
2025-01-30 18:43:43,954 INFO c.h.h.t.OperatorHelmChartContainer - [local-hivemq-5fcc877b5c] [hivemq] [387caa95] DEBUG - Flushing: /opt/hivemq/data/persistence/publish_payload_store/040500_R/publish_payload_store_61
2025-01-30 18:43:43,954 INFO c.h.h.t.OperatorHelmChartContainer - [local-hivemq-5fcc877b5c] [hivemq] [387caa95] DEBUG - Flushing: /opt/hivemq/data/persistence/publish_payload_store/040500_R/publish_payload_store_62
2025-01-30 18:43:43,954 INFO c.h.h.t.OperatorHelmChartContainer - [local-hivemq-5fcc877b5c] [hivemq] [387caa95] DEBUG - Flushing: /opt/hivemq/data/persistence/publish_payload_store/040500_R/publish_payload_store_63
2025-01-30 18:43:43,954 INFO c.h.h.t.OperatorHelmChartContainer - [local-hivemq-5fcc877b5c] [hivemq] [387caa95] DEBUG - Flushing: /opt/hivemq/data/persistence/client_queue/042800_R/client_queue_1
2025-01-30 18:43:43,954 INFO c.h.h.t.OperatorHelmChartContainer - [local-hivemq-5fcc877b5c] [hivemq] [387caa95] DEBUG - Flushing: /opt/hivemq/data/persistence/client_queue/042800_R/client_queue_0
2025-01-30 18:43:43,954 INFO c.h.h.t.OperatorHelmChartContainer - [local-hivemq-5fcc877b5c] [hivemq] [387caa95] DEBUG - Flushing: /opt/hivemq/data/persistence/client_queue/042800_R/client_queue_2
2025-01-30 18:43:43,954 INFO c.h.h.t.OperatorHelmChartContainer - [local-hivemq-5fcc877b5c] [hivemq] [387caa95] DEBUG - Flushing: /opt/hivemq/data/persistence/client_queue/042800_R/client_queue_3
2025-01-30 18:43:43,954 INFO c.h.h.t.OperatorHelmChartContainer - [local-hivemq-5fcc877b5c] [hivemq] [387caa95] DEBUG - Flushing: /opt/hivemq/data/persistence/client_queue/042800_R/client_queue_4
2025-01-30 18:43:43,955 INFO c.h.h.t.OperatorHelmChartContainer - [local-hivemq-5fcc877b5c] [hivemq] [387caa95] DEBUG - Flushing: /opt/hivemq/data/persistence/client_queue/042800_R/client_queue_5
2025-01-30 18:43:43,955 INFO c.h.h.t.OperatorHelmChartContainer - [local-hivemq-5fcc877b5c] [hivemq] [387caa95] DEBUG - Flushing: /opt/hivemq/data/persistence/client_queue/042800_R/client_queue_6
2025-01-30 18:43:43,955 INFO c.h.h.t.OperatorHelmChartContainer - [local-hivemq-5fcc877b5c] [hivemq] [387caa95] DEBUG - Flushing: /opt/hivemq/data/persistence/client_queue/042800_R/client_queue_7
2025-01-30 18:43:43,955 INFO c.h.h.t.OperatorHelmChartContainer - [local-hivemq-5fcc877b5c] [hivemq] [387caa95] DEBUG - Flushing: /opt/hivemq/data/persistence/client_queue/042800_R/client_queue_9
2025-01-30 18:43:43,955 INFO c.h.h.t.OperatorHelmChartContainer - [local-hivemq-5fcc877b5c] [hivemq] [387caa95] DEBUG - Flushing: /opt/hivemq/data/persistence/client_queue/042800_R/client_queue_8
2025-01-30 18:43:43,955 INFO c.h.h.t.OperatorHelmChartContainer - [local-hivemq-5fcc877b5c] [hivemq] [387caa95] DEBUG - Flushing: /opt/hivemq/data/persistence/client_queue/042800_R/client_queue_10
2025-01-30 18:43:43,955 INFO c.h.h.t.OperatorHelmChartContainer - [local-hivemq-5fcc877b5c] [hivemq] [387caa95] DEBUG - Flushing: /opt/hivemq/data/persistence/client_queue/042800_R/client_queue_11
2025-01-30 18:43:43,955 INFO c.h.h.t.OperatorHelmChartContainer - [local-hivemq-5fcc877b5c] [hivemq] [387caa95] DEBUG - Flushing: /opt/hivemq/data/persistence/client_queue/042800_R/client_queue_12
2025-01-30 18:43:43,955 INFO c.h.h.t.OperatorHelmChartContainer - [local-hivemq-5fcc877b5c] [hivemq] [387caa95] DEBUG - Flushing: /opt/hivemq/data/persistence/client_queue/042800_R/client_queue_13
2025-01-30 18:43:43,955 INFO c.h.h.t.OperatorHelmChartContainer - [local-hivemq-5fcc877b5c] [hivemq] [387caa95] DEBUG - Flushing: /opt/hivemq/data/persistence/client_queue/042800_R/client_queue_14
2025-01-30 18:43:43,955 INFO c.h.h.t.OperatorHelmChartContainer - [local-hivemq-5fcc877b5c] [hivemq] [387caa95] DEBUG - Flushing: /opt/hivemq/data/persistence/client_queue/042800_R/client_queue_17
2025-01-30 18:43:43,955 INFO c.h.h.t.OperatorHelmChartContainer - [local-hivemq-5fcc877b5c] [hivemq] [387caa95] DEBUG - Flushing: /opt/hivemq/data/persistence/client_queue/042800_R/client_queue_15
2025-01-30 18:43:43,955 INFO c.h.h.t.OperatorHelmChartContainer - [local-hivemq-5fcc877b5c] [hivemq] [387caa95] DEBUG - Flushing: /opt/hivemq/data/persistence/client_queue/042800_R/client_queue_16
2025-01-30 18:43:43,955 INFO c.h.h.t.OperatorHelmChartContainer - [local-hivemq-5fcc877b5c] [hivemq] [387caa95] DEBUG - Flushing: /opt/hivemq/data/persistence/client_queue/042800_R/client_queue_19
2025-01-30 18:43:43,955 INFO c.h.h.t.OperatorHelmChartContainer - [local-hivemq-5fcc877b5c] [hivemq] [387caa95] DEBUG - Flushing: /opt/hivemq/data/persistence/client_queue/042800_R/client_queue_20
2025-01-30 18:43:43,955 INFO c.h.h.t.OperatorHelmChartContainer - [local-hivemq-5fcc877b5c] [hivemq] [387caa95] DEBUG - Flushing: /opt/hivemq/data/persistence/client_queue/042800_R/client_queue_18
2025-01-30 18:43:43,955 INFO c.h.h.t.OperatorHelmChartContainer - [local-hivemq-5fcc877b5c] [hivemq] [387caa95] DEBUG - Flushing: /opt/hivemq/data/persistence/client_queue/042800_R/client_queue_21
2025-01-30 18:43:43,955 INFO c.h.h.t.OperatorHelmChartContainer - [local-hivemq-5fcc877b5c] [hivemq] [387caa95] DEBUG - Flushing: /opt/hivemq/data/persistence/client_queue/042800_R/client_queue_22
2025-01-30 18:43:43,955 INFO c.h.h.t.OperatorHelmChartContainer - [local-hivemq-5fcc877b5c] [hivemq] [387caa95] DEBUG - Flushing: /opt/hivemq/data/persistence/client_queue/042800_R/client_queue_24
2025-01-30 18:43:43,956 INFO c.h.h.t.OperatorHelmChartContainer - [local-hivemq-5fcc877b5c] [hivemq] [387caa95] DEBUG - Flushing: /opt/hivemq/data/persistence/client_queue/042800_R/client_queue_23
2025-01-30 18:43:43,956 INFO c.h.h.t.OperatorHelmChartContainer - [local-hivemq-5fcc877b5c] [hivemq] [387caa95] DEBUG - Flushing: /opt/hivemq/data/persistence/client_queue/042800_R/client_queue_25
2025-01-30 18:43:43,956 INFO c.h.h.t.OperatorHelmChartContainer - [local-hivemq-5fcc877b5c] [hivemq] [387caa95] DEBUG - Flushing: /opt/hivemq/data/persistence/client_queue/042800_R/client_queue_26
2025-01-30 18:43:43,960 INFO c.h.h.t.OperatorHelmChartContainer - [local-hivemq-5fcc877b5c] [hivemq] [387caa95] DEBUG - Flushing: /opt/hivemq/data/persistence/client_queue/042800_R/client_queue_27
2025-01-30 18:43:43,961 INFO c.h.h.t.OperatorHelmChartContainer - [local-hivemq-5fcc877b5c] [hivemq] [387caa95] DEBUG - Flushing: /opt/hivemq/data/persistence/client_queue/042800_R/client_queue_28
2025-01-30 18:43:43,962 INFO c.h.h.t.OperatorHelmChartContainer - [local-hivemq-5fcc877b5c] [hivemq] [387caa95] DEBUG - Flushing: /opt/hivemq/data/persistence/client_queue/042800_R/client_queue_29
2025-01-30 18:43:43,962 INFO c.h.h.t.OperatorHelmChartContainer - [local-hivemq-5fcc877b5c] [hivemq] [387caa95] DEBUG - Flushing: /opt/hivemq/data/persistence/client_queue/042800_R/client_queue_30
2025-01-30 18:43:43,962 INFO c.h.h.t.OperatorHelmChartContainer - [local-hivemq-5fcc877b5c] [hivemq] [387caa95] DEBUG - Flushing: /opt/hivemq/data/persistence/client_queue/042800_R/client_queue_32
2025-01-30 18:43:43,962 INFO c.h.h.t.OperatorHelmChartContainer - [local-hivemq-5fcc877b5c] [hivemq] [387caa95] DEBUG - Flushing: /opt/hivemq/data/persistence/client_queue/042800_R/client_queue_31
2025-01-30 18:43:43,962 INFO c.h.h.t.OperatorHelmChartContainer - [local-hivemq-5fcc877b5c] [hivemq] [387caa95] DEBUG - Flushing: /opt/hivemq/data/persistence/client_queue/042800_R/client_queue_33
2025-01-30 18:43:43,962 INFO c.h.h.t.OperatorHelmChartContainer - [local-hivemq-5fcc877b5c] [hivemq] [387caa95] DEBUG - Flushing: /opt/hivemq/data/persistence/client_queue/042800_R/client_queue_36
2025-01-30 18:43:43,962 INFO c.h.h.t.OperatorHelmChartContainer - [local-hivemq-5fcc877b5c] [hivemq] [387caa95] DEBUG - Flushing: /opt/hivemq/data/persistence/client_queue/042800_R/client_queue_34
2025-01-30 18:43:43,962 INFO c.h.h.t.OperatorHelmChartContainer - [local-hivemq-5fcc877b5c] [hivemq] [387caa95] DEBUG - Flushing: /opt/hivemq/data/persistence/client_queue/042800_R/client_queue_37
2025-01-30 18:43:43,962 INFO c.h.h.t.OperatorHelmChartContainer - [local-hivemq-5fcc877b5c] [hivemq] [387caa95] DEBUG - Flushing: /opt/hivemq/data/persistence/client_queue/042800_R/client_queue_35
2025-01-30 18:43:43,962 INFO c.h.h.t.OperatorHelmChartContainer - [local-hivemq-5fcc877b5c] [hivemq] [387caa95] DEBUG - Flushing: /opt/hivemq/data/persistence/client_queue/042800_R/client_queue_38
2025-01-30 18:43:43,962 INFO c.h.h.t.OperatorHelmChartContainer - [local-hivemq-5fcc877b5c] [hivemq] [387caa95] DEBUG - Flushing: /opt/hivemq/data/persistence/client_queue/042800_R/client_queue_39
2025-01-30 18:43:43,962 INFO c.h.h.t.OperatorHelmChartContainer - [local-hivemq-5fcc877b5c] [hivemq] [387caa95] DEBUG - Flushing: /opt/hivemq/data/persistence/client_queue/042800_R/client_queue_40
2025-01-30 18:43:43,962 INFO c.h.h.t.OperatorHelmChartContainer - [local-hivemq-5fcc877b5c] [hivemq] [387caa95] DEBUG - Flushing: /opt/hivemq/data/persistence/client_queue/042800_R/client_queue_41
2025-01-30 18:43:43,962 INFO c.h.h.t.OperatorHelmChartContainer - [local-hivemq-5fcc877b5c] [hivemq] [387caa95] DEBUG - Flushing: /opt/hivemq/data/persistence/client_queue/042800_R/client_queue_42
2025-01-30 18:43:43,962 INFO c.h.h.t.OperatorHelmChartContainer - [local-hivemq-5fcc877b5c] [hivemq] [387caa95] DEBUG - Flushing: /opt/hivemq/data/persistence/client_queue/042800_R/client_queue_43
2025-01-30 18:43:43,962 INFO c.h.h.t.OperatorHelmChartContainer - [local-hivemq-5fcc877b5c] [hivemq] [387caa95] DEBUG - Flushing: /opt/hivemq/data/persistence/client_queue/042800_R/client_queue_44
2025-01-30 18:43:43,962 INFO c.h.h.t.OperatorHelmChartContainer - [local-hivemq-5fcc877b5c] [hivemq] [387caa95] DEBUG - Flushing: /opt/hivemq/data/persistence/client_queue/042800_R/client_queue_45
2025-01-30 18:43:43,962 INFO c.h.h.t.OperatorHelmChartContainer - [local-hivemq-5fcc877b5c] [hivemq] [387caa95] DEBUG - Flushing: /opt/hivemq/data/persistence/client_queue/042800_R/client_queue_46
2025-01-30 18:43:43,962 INFO c.h.h.t.OperatorHelmChartContainer - [local-hivemq-5fcc877b5c] [hivemq] [387caa95] DEBUG - Flushing: /opt/hivemq/data/persistence/client_queue/042800_R/client_queue_48
2025-01-30 18:43:43,962 INFO c.h.h.t.OperatorHelmChartContainer - [local-hivemq-5fcc877b5c] [hivemq] [387caa95] DEBUG - Flushing: /opt/hivemq/data/persistence/client_queue/042800_R/client_queue_47
2025-01-30 18:43:43,962 INFO c.h.h.t.OperatorHelmChartContainer - [local-hivemq-5fcc877b5c] [hivemq] [387caa95] DEBUG - Flushing: /opt/hivemq/data/persistence/client_queue/042800_R/client_queue_49
2025-01-30 18:43:43,962 INFO c.h.h.t.OperatorHelmChartContainer - [local-hivemq-5fcc877b5c] [hivemq] [387caa95] DEBUG - Flushing: /opt/hivemq/data/persistence/client_queue/042800_R/client_queue_52
2025-01-30 18:43:43,962 INFO c.h.h.t.OperatorHelmChartContainer - [local-hivemq-5fcc877b5c] [hivemq] [387caa95] DEBUG - Flushing: /opt/hivemq/data/persistence/client_queue/042800_R/client_queue_50
2025-01-30 18:43:43,962 INFO c.h.h.t.OperatorHelmChartContainer - [local-hivemq-5fcc877b5c] [hivemq] [387caa95] DEBUG - Flushing: /opt/hivemq/data/persistence/client_queue/042800_R/client_queue_51
2025-01-30 18:43:43,962 INFO c.h.h.t.OperatorHelmChartContainer - [local-hivemq-5fcc877b5c] [hivemq] [387caa95] DEBUG - Flushing: /opt/hivemq/data/persistence/client_queue/042800_R/client_queue_53
2025-01-30 18:43:43,962 INFO c.h.h.t.OperatorHelmChartContainer - [local-hivemq-5fcc877b5c] [hivemq] [387caa95] DEBUG - Flushing: /opt/hivemq/data/persistence/client_queue/042800_R/client_queue_56
2025-01-30 18:43:43,962 INFO c.h.h.t.OperatorHelmChartContainer - [local-hivemq-5fcc877b5c] [hivemq] [387caa95] DEBUG - Flushing: /opt/hivemq/data/persistence/client_queue/042800_R/client_queue_54
2025-01-30 18:43:43,962 INFO c.h.h.t.OperatorHelmChartContainer - [local-hivemq-5fcc877b5c] [hivemq] [387caa95] DEBUG - Flushing: /opt/hivemq/data/persistence/client_queue/042800_R/client_queue_55
2025-01-30 18:43:43,962 INFO c.h.h.t.OperatorHelmChartContainer - [local-hivemq-5fcc877b5c] [hivemq] [387caa95] DEBUG - Flushing: /opt/hivemq/data/persistence/client_queue/042800_R/client_queue_57
2025-01-30 18:43:43,962 INFO c.h.h.t.OperatorHelmChartContainer - [local-hivemq-5fcc877b5c] [hivemq] [387caa95] DEBUG - Flushing: /opt/hivemq/data/persistence/client_queue/042800_R/client_queue_59
2025-01-30 18:43:43,962 INFO c.h.h.t.OperatorHelmChartContainer - [local-hivemq-5fcc877b5c] [hivemq] [387caa95] DEBUG - Flushing: /opt/hivemq/data/persistence/client_queue/042800_R/client_queue_58
2025-01-30 18:43:43,962 INFO c.h.h.t.OperatorHelmChartContainer - [local-hivemq-5fcc877b5c] [hivemq] [387caa95] DEBUG - Flushing: /opt/hivemq/data/persistence/client_queue/042800_R/client_queue_60
2025-01-30 18:43:43,962 INFO c.h.h.t.OperatorHelmChartContainer - [local-hivemq-5fcc877b5c] [hivemq] [387caa95] DEBUG - Flushing: /opt/hivemq/data/persistence/client_queue/042800_R/client_queue_61
2025-01-30 18:43:43,962 INFO c.h.h.t.OperatorHelmChartContainer - [local-hivemq-5fcc877b5c] [hivemq] [387caa95] DEBUG - Flushing: /opt/hivemq/data/persistence/client_queue/042800_R/client_queue_63
2025-01-30 18:43:43,962 INFO c.h.h.t.OperatorHelmChartContainer - [local-hivemq-5fcc877b5c] [hivemq] [387caa95] DEBUG - Flushing: /opt/hivemq/data/persistence/client_queue/042800_R/client_queue_62
2025-01-30 18:43:43,962 INFO c.h.h.t.OperatorHelmChartContainer - [local-hivemq-5fcc877b5c] [hivemq] [387caa95] DEBUG - Flushing: /opt/hivemq/data/persistence/client_session_store/040100_R/client_session_store_0
2025-01-30 18:43:43,962 INFO c.h.h.t.OperatorHelmChartContainer - [local-hivemq-5fcc877b5c] [hivemq] [387caa95] DEBUG - Flushing: /opt/hivemq/data/persistence/client_session_store/040100_R/client_session_store_1
2025-01-30 18:43:43,962 INFO c.h.h.t.OperatorHelmChartContainer - [local-hivemq-5fcc877b5c] [hivemq] [387caa95] DEBUG - Flushing: /opt/hivemq/data/persistence/client_session_store/040100_R/client_session_store_2
2025-01-30 18:43:43,962 INFO c.h.h.t.OperatorHelmChartContainer - [local-hivemq-5fcc877b5c] [hivemq] [387caa95] DEBUG - Flushing: /opt/hivemq/data/persistence/client_session_store/040100_R/client_session_store_3
2025-01-30 18:43:43,962 INFO c.h.h.t.OperatorHelmChartContainer - [local-hivemq-5fcc877b5c] [hivemq] [387caa95] DEBUG - Flushing: /opt/hivemq/data/persistence/client_session_store/040100_R/client_session_store_4
2025-01-30 18:43:43,962 INFO c.h.h.t.OperatorHelmChartContainer - [local-hivemq-5fcc877b5c] [hivemq] [387caa95] DEBUG - Flushing: /opt/hivemq/data/persistence/client_session_store/040100_R/client_session_store_5
2025-01-30 18:43:43,962 INFO c.h.h.t.OperatorHelmChartContainer - [local-hivemq-5fcc877b5c] [hivemq] [387caa95] DEBUG - Flushing: /opt/hivemq/data/persistence/client_session_store/040100_R/client_session_store_6
2025-01-30 18:43:43,962 INFO c.h.h.t.OperatorHelmChartContainer - [local-hivemq-5fcc877b5c] [hivemq] [387caa95] DEBUG - Flushing: /opt/hivemq/data/persistence/client_session_store/040100_R/client_session_store_7
2025-01-30 18:43:43,962 INFO c.h.h.t.OperatorHelmChartContainer - [local-hivemq-5fcc877b5c] [hivemq] [387caa95] DEBUG - Flushing: /opt/hivemq/data/persistence/client_session_store/040100_R/client_session_store_8
2025-01-30 18:43:43,962 INFO c.h.h.t.OperatorHelmChartContainer - [local-hivemq-5fcc877b5c] [hivemq] [387caa95] DEBUG - Flushing: /opt/hivemq/data/persistence/client_session_store/040100_R/client_session_store_9
2025-01-30 18:43:43,963 INFO c.h.h.t.OperatorHelmChartContainer - [local-hivemq-5fcc877b5c] [hivemq] [387caa95] DEBUG - Flushing: /opt/hivemq/data/persistence/client_session_store/040100_R/client_session_store_10
2025-01-30 18:43:43,963 INFO c.h.h.t.OperatorHelmChartContainer - [local-hivemq-5fcc877b5c] [hivemq] [387caa95] DEBUG - Flushing: /opt/hivemq/data/persistence/client_session_store/040100_R/client_session_store_12
2025-01-30 18:43:43,963 INFO c.h.h.t.OperatorHelmChartContainer - [local-hivemq-5fcc877b5c] [hivemq] [387caa95] DEBUG - Flushing: /opt/hivemq/data/persistence/client_session_store/040100_R/client_session_store_11
2025-01-30 18:43:43,963 INFO c.h.h.t.OperatorHelmChartContainer - [local-hivemq-5fcc877b5c] [hivemq] [387caa95] DEBUG - Flushing: /opt/hivemq/data/persistence/client_session_store/040100_R/client_session_store_13
2025-01-30 18:43:43,963 INFO c.h.h.t.OperatorHelmChartContainer - [local-hivemq-5fcc877b5c] [hivemq] [387caa95] DEBUG - Flushing: /opt/hivemq/data/persistence/client_session_store/040100_R/client_session_store_14
2025-01-30 18:43:43,963 INFO c.h.h.t.OperatorHelmChartContainer - [local-hivemq-5fcc877b5c] [hivemq] [387caa95] DEBUG - Flushing: /opt/hivemq/data/persistence/client_session_store/040100_R/client_session_store_16
2025-01-30 18:43:43,963 INFO c.h.h.t.OperatorHelmChartContainer - [local-hivemq-5fcc877b5c] [hivemq] [387caa95] DEBUG - Flushing: /opt/hivemq/data/persistence/client_session_store/040100_R/client_session_store_17
2025-01-30 18:43:43,963 INFO c.h.h.t.OperatorHelmChartContainer - [local-hivemq-5fcc877b5c] [hivemq] [387caa95] DEBUG - Flushing: /opt/hivemq/data/persistence/client_session_store/040100_R/client_session_store_15
2025-01-30 18:43:43,963 INFO c.h.h.t.OperatorHelmChartContainer - [local-hivemq-5fcc877b5c] [hivemq] [387caa95] DEBUG - Flushing: /opt/hivemq/data/persistence/client_session_store/040100_R/client_session_store_18
2025-01-30 18:43:43,967 INFO c.h.h.t.OperatorHelmChartContainer - [local-hivemq-5fcc877b5c] [hivemq] [387caa95] DEBUG - Flushing: /opt/hivemq/data/persistence/client_session_store/040100_R/client_session_store_19
2025-01-30 18:43:43,968 INFO c.h.h.t.OperatorHelmChartContainer - [local-hivemq-5fcc877b5c] [hivemq] [387caa95] DEBUG - Flushing: /opt/hivemq/data/persistence/client_session_store/040100_R/client_session_store_20
2025-01-30 18:43:43,968 INFO c.h.h.t.OperatorHelmChartContainer - [local-hivemq-5fcc877b5c] [hivemq] [387caa95] DEBUG - Flushing: /opt/hivemq/data/persistence/client_session_store/040100_R/client_session_store_21
2025-01-30 18:43:43,968 INFO c.h.h.t.OperatorHelmChartContainer - [local-hivemq-5fcc877b5c] [hivemq] [387caa95] DEBUG - Flushing: /opt/hivemq/data/persistence/client_session_store/040100_R/client_session_store_22
2025-01-30 18:43:43,968 INFO c.h.h.t.OperatorHelmChartContainer - [local-hivemq-5fcc877b5c] [hivemq] [387caa95] DEBUG - Flushing: /opt/hivemq/data/persistence/client_session_store/040100_R/client_session_store_23
2025-01-30 18:43:43,968 INFO c.h.h.t.OperatorHelmChartContainer - [local-hivemq-5fcc877b5c] [hivemq] [387caa95] DEBUG - Flushing: /opt/hivemq/data/persistence/client_session_store/040100_R/client_session_store_24
2025-01-30 18:43:43,968 INFO c.h.h.t.OperatorHelmChartContainer - [local-hivemq-5fcc877b5c] [hivemq] [387caa95] DEBUG - Flushing: /opt/hivemq/data/persistence/client_session_store/040100_R/client_session_store_25
2025-01-30 18:43:43,968 INFO c.h.h.t.OperatorHelmChartContainer - [local-hivemq-5fcc877b5c] [hivemq] [387caa95] DEBUG - Flushing: /opt/hivemq/data/persistence/client_session_store/040100_R/client_session_store_26
2025-01-30 18:43:43,969 INFO c.h.h.t.OperatorHelmChartContainer - [local-hivemq-5fcc877b5c] [hivemq] [387caa95] DEBUG - Flushing: /opt/hivemq/data/persistence/client_session_store/040100_R/client_session_store_28
2025-01-30 18:43:43,969 INFO c.h.h.t.OperatorHelmChartContainer - [local-hivemq-5fcc877b5c] [hivemq] [387caa95] DEBUG - Flushing: /opt/hivemq/data/persistence/client_session_store/040100_R/client_session_store_27
2025-01-30 18:43:43,969 INFO c.h.h.t.OperatorHelmChartContainer - [local-hivemq-5fcc877b5c] [hivemq] [387caa95] DEBUG - Flushing: /opt/hivemq/data/persistence/client_session_store/040100_R/client_session_store_29
2025-01-30 18:43:43,969 INFO c.h.h.t.OperatorHelmChartContainer - [local-hivemq-5fcc877b5c] [hivemq] [387caa95] DEBUG - Flushing: /opt/hivemq/data/persistence/client_session_store/040100_R/client_session_store_31
2025-01-30 18:43:43,969 INFO c.h.h.t.OperatorHelmChartContainer - [local-hivemq-5fcc877b5c] [hivemq] [387caa95] DEBUG - Flushing: /opt/hivemq/data/persistence/client_session_store/040100_R/client_session_store_30
2025-01-30 18:43:43,969 INFO c.h.h.t.OperatorHelmChartContainer - [local-hivemq-5fcc877b5c] [hivemq] [387caa95] DEBUG - Flushing: /opt/hivemq/data/persistence/client_session_store/040100_R/client_session_store_32
2025-01-30 18:43:43,969 INFO c.h.h.t.OperatorHelmChartContainer - [local-hivemq-5fcc877b5c] [hivemq] [387caa95] DEBUG - Flushing: /opt/hivemq/data/persistence/client_session_store/040100_R/client_session_store_33
2025-01-30 18:43:43,969 INFO c.h.h.t.OperatorHelmChartContainer - [local-hivemq-5fcc877b5c] [hivemq] [387caa95] DEBUG - Flushing: /opt/hivemq/data/persistence/client_session_store/040100_R/client_session_store_34
2025-01-30 18:43:43,969 INFO c.h.h.t.OperatorHelmChartContainer - [local-hivemq-5fcc877b5c] [hivemq] [387caa95] DEBUG - Flushing: /opt/hivemq/data/persistence/client_session_store/040100_R/client_session_store_35
2025-01-30 18:43:43,969 INFO c.h.h.t.OperatorHelmChartContainer - [local-hivemq-5fcc877b5c] [hivemq] [387caa95] DEBUG - Flushing: /opt/hivemq/data/persistence/client_session_store/040100_R/client_session_store_36
2025-01-30 18:43:43,969 INFO c.h.h.t.OperatorHelmChartContainer - [local-hivemq-5fcc877b5c] [hivemq] [387caa95] DEBUG - Flushing: /opt/hivemq/data/persistence/client_session_store/040100_R/client_session_store_37
2025-01-30 18:43:43,969 INFO c.h.h.t.OperatorHelmChartContainer - [local-hivemq-5fcc877b5c] [hivemq] [387caa95] DEBUG - Flushing: /opt/hivemq/data/persistence/client_session_store/040100_R/client_session_store_38
2025-01-30 18:43:43,969 INFO c.h.h.t.OperatorHelmChartContainer - [local-hivemq-5fcc877b5c] [hivemq] [387caa95] DEBUG - Flushing: /opt/hivemq/data/persistence/client_session_store/040100_R/client_session_store_39
2025-01-30 18:43:43,969 INFO c.h.h.t.OperatorHelmChartContainer - [local-hivemq-5fcc877b5c] [hivemq] [387caa95] DEBUG - Flushing: /opt/hivemq/data/persistence/client_session_store/040100_R/client_session_store_40
2025-01-30 18:43:43,970 INFO c.h.h.t.OperatorHelmChartContainer - [local-hivemq-5fcc877b5c] [hivemq] [387caa95] DEBUG - Flushing: /opt/hivemq/data/persistence/client_session_store/040100_R/client_session_store_41
2025-01-30 18:43:43,971 INFO c.h.h.t.OperatorHelmChartContainer - [local-hivemq-5fcc877b5c] [hivemq] [387caa95] DEBUG - Flushing: /opt/hivemq/data/persistence/client_session_store/040100_R/client_session_store_42
2025-01-30 18:43:43,971 INFO c.h.h.t.OperatorHelmChartContainer - [local-hivemq-5fcc877b5c] [hivemq] [387caa95] DEBUG - Flushing: /opt/hivemq/data/persistence/client_session_store/040100_R/client_session_store_44
2025-01-30 18:43:43,973 INFO c.h.h.t.OperatorHelmChartContainer - [local-hivemq-5fcc877b5c] [hivemq] [387caa95] DEBUG - Flushing: /opt/hivemq/data/persistence/client_session_store/040100_R/client_session_store_43
2025-01-30 18:43:43,973 INFO c.h.h.t.OperatorHelmChartContainer - [local-hivemq-5fcc877b5c] [hivemq] [387caa95] DEBUG - Flushing: /opt/hivemq/data/persistence/client_session_store/040100_R/client_session_store_45
2025-01-30 18:43:43,973 INFO c.h.h.t.OperatorHelmChartContainer - [local-hivemq-5fcc877b5c] [hivemq] [387caa95] DEBUG - Flushing: /opt/hivemq/data/persistence/client_session_store/040100_R/client_session_store_46
2025-01-30 18:43:43,973 INFO c.h.h.t.OperatorHelmChartContainer - [local-hivemq-5fcc877b5c] [hivemq] [387caa95] DEBUG - Flushing: /opt/hivemq/data/persistence/client_session_store/040100_R/client_session_store_49
2025-01-30 18:43:43,974 INFO c.h.h.t.OperatorHelmChartContainer - [local-hivemq-5fcc877b5c] [hivemq] [387caa95] DEBUG - Flushing: /opt/hivemq/data/persistence/client_session_store/040100_R/client_session_store_48
2025-01-30 18:43:43,974 INFO c.h.h.t.OperatorHelmChartContainer - [local-hivemq-5fcc877b5c] [hivemq] [387caa95] DEBUG - Flushing: /opt/hivemq/data/persistence/client_session_store/040100_R/client_session_store_47
2025-01-30 18:43:43,974 INFO c.h.h.t.OperatorHelmChartContainer - [local-hivemq-5fcc877b5c] [hivemq] [387caa95] DEBUG - Flushing: /opt/hivemq/data/persistence/client_session_store/040100_R/client_session_store_50
2025-01-30 18:43:43,975 INFO c.h.h.t.OperatorHelmChartContainer - [local-hivemq-5fcc877b5c] [hivemq] [387caa95] DEBUG - Flushing: /opt/hivemq/data/persistence/client_session_store/040100_R/client_session_store_51
2025-01-30 18:43:43,975 INFO c.h.h.t.OperatorHelmChartContainer - [local-hivemq-5fcc877b5c] [hivemq] [387caa95] DEBUG - Flushing: /opt/hivemq/data/persistence/client_session_store/040100_R/client_session_store_53
2025-01-30 18:43:43,975 INFO c.h.h.t.OperatorHelmChartContainer - [local-hivemq-5fcc877b5c] [hivemq] [387caa95] DEBUG - Flushing: /opt/hivemq/data/persistence/client_session_store/040100_R/client_session_store_52
2025-01-30 18:43:43,975 INFO c.h.h.t.OperatorHelmChartContainer - [local-hivemq-5fcc877b5c] [hivemq] [387caa95] DEBUG - Flushing: /opt/hivemq/data/persistence/client_session_store/040100_R/client_session_store_54
2025-01-30 18:43:43,975 INFO c.h.h.t.OperatorHelmChartContainer - [local-hivemq-5fcc877b5c] [hivemq] [387caa95] DEBUG - Flushing: /opt/hivemq/data/persistence/client_session_store/040100_R/client_session_store_55
2025-01-30 18:43:43,975 INFO c.h.h.t.OperatorHelmChartContainer - [local-hivemq-5fcc877b5c] [hivemq] [387caa95] DEBUG - Flushing: /opt/hivemq/data/persistence/client_session_store/040100_R/client_session_store_56
2025-01-30 18:43:43,975 INFO c.h.h.t.OperatorHelmChartContainer - [local-hivemq-5fcc877b5c] [hivemq] [387caa95] DEBUG - Flushing: /opt/hivemq/data/persistence/client_session_store/040100_R/client_session_store_57
2025-01-30 18:43:43,975 INFO c.h.h.t.OperatorHelmChartContainer - [local-hivemq-5fcc877b5c] [hivemq] [387caa95] DEBUG - Flushing: /opt/hivemq/data/persistence/client_session_store/040100_R/client_session_store_59
2025-01-30 18:43:43,975 INFO c.h.h.t.OperatorHelmChartContainer - [local-hivemq-5fcc877b5c] [hivemq] [387caa95] DEBUG - Flushing: /opt/hivemq/data/persistence/client_session_store/040100_R/client_session_store_58
2025-01-30 18:43:43,975 INFO c.h.h.t.OperatorHelmChartContainer - [local-hivemq-5fcc877b5c] [hivemq] [387caa95] DEBUG - Flushing: /opt/hivemq/data/persistence/client_session_store/040100_R/client_session_store_60
2025-01-30 18:43:43,975 INFO c.h.h.t.OperatorHelmChartContainer - [local-hivemq-5fcc877b5c] [hivemq] [387caa95] DEBUG - Flushing: /opt/hivemq/data/persistence/client_session_store/040100_R/client_session_store_61
2025-01-30 18:43:43,975 INFO c.h.h.t.OperatorHelmChartContainer - [local-hivemq-5fcc877b5c] [hivemq] [387caa95] DEBUG - Flushing: /opt/hivemq/data/persistence/client_session_store/040100_R/client_session_store_63
2025-01-30 18:43:43,975 INFO c.h.h.t.OperatorHelmChartContainer - [local-hivemq-5fcc877b5c] [hivemq] [387caa95] DEBUG - Flushing: /opt/hivemq/data/persistence/client_session_store/040100_R/client_session_store_62
2025-01-30 18:43:43,976 INFO c.h.h.t.OperatorHelmChartContainer - [local-hivemq-5fcc877b5c] [hivemq] [387caa95] DEBUG - Flushing: /opt/hivemq/data/persistence/retained_messages/040800_R/retained_messages_0
2025-01-30 18:43:43,976 INFO c.h.h.t.OperatorHelmChartContainer - [local-hivemq-5fcc877b5c] [hivemq] [387caa95] DEBUG - Flushing: /opt/hivemq/data/persistence/retained_messages/040800_R/retained_messages_1
2025-01-30 18:43:43,976 INFO c.h.h.t.OperatorHelmChartContainer - [local-hivemq-5fcc877b5c] [hivemq] [387caa95] DEBUG - Flushing: /opt/hivemq/data/persistence/retained_messages/040800_R/retained_messages_2
2025-01-30 18:43:43,976 INFO c.h.h.t.OperatorHelmChartContainer - [local-hivemq-5fcc877b5c] [hivemq] [387caa95] DEBUG - Flushing: /opt/hivemq/data/persistence/retained_messages/040800_R/retained_messages_3
2025-01-30 18:43:43,976 INFO c.h.h.t.OperatorHelmChartContainer - [local-hivemq-5fcc877b5c] [hivemq] [387caa95] DEBUG - Flushing: /opt/hivemq/data/persistence/retained_messages/040800_R/retained_messages_5
2025-01-30 18:43:43,976 INFO c.h.h.t.OperatorHelmChartContainer - [local-hivemq-5fcc877b5c] [hivemq] [387caa95] DEBUG - Flushing: /opt/hivemq/data/persistence/retained_messages/040800_R/retained_messages_4
2025-01-30 18:43:43,977 INFO c.h.h.t.OperatorHelmChartContainer - [local-hivemq-5fcc877b5c] [hivemq] [387caa95] DEBUG - Flushing: /opt/hivemq/data/persistence/retained_messages/040800_R/retained_messages_6
2025-01-30 18:43:43,977 INFO c.h.h.t.OperatorHelmChartContainer - [local-hivemq-5fcc877b5c] [hivemq] [387caa95] DEBUG - Flushing: /opt/hivemq/data/persistence/retained_messages/040800_R/retained_messages_7
2025-01-30 18:43:43,977 INFO c.h.h.t.OperatorHelmChartContainer - [local-hivemq-5fcc877b5c] [hivemq] [387caa95] DEBUG - Flushing: /opt/hivemq/data/persistence/retained_messages/040800_R/retained_messages_9
2025-01-30 18:43:43,977 INFO c.h.h.t.OperatorHelmChartContainer - [local-hivemq-5fcc877b5c] [hivemq] [387caa95] DEBUG - Flushing: /opt/hivemq/data/persistence/retained_messages/040800_R/retained_messages_11
2025-01-30 18:43:43,977 INFO c.h.h.t.OperatorHelmChartContainer - [local-hivemq-5fcc877b5c] [hivemq] [387caa95] DEBUG - Flushing: /opt/hivemq/data/persistence/retained_messages/040800_R/retained_messages_8
2025-01-30 18:43:43,978 INFO c.h.h.t.OperatorHelmChartContainer - [local-hivemq-5fcc877b5c] [hivemq] [387caa95] DEBUG - Flushing: /opt/hivemq/data/persistence/retained_messages/040800_R/retained_messages_10
2025-01-30 18:43:43,988 INFO c.h.h.t.OperatorHelmChartContainer - [local-hivemq-5fcc877b5c] [hivemq] [387caa95] DEBUG - Flushing: /opt/hivemq/data/persistence/retained_messages/040800_R/retained_messages_12
2025-01-30 18:43:43,988 INFO c.h.h.t.OperatorHelmChartContainer - [local-hivemq-5fcc877b5c] [hivemq] [387caa95] DEBUG - Flushing: /opt/hivemq/data/persistence/retained_messages/040800_R/retained_messages_14
2025-01-30 18:43:43,988 INFO c.h.h.t.OperatorHelmChartContainer - [local-hivemq-5fcc877b5c] [hivemq] [387caa95] DEBUG - Flushing: /opt/hivemq/data/persistence/retained_messages/040800_R/retained_messages_15
2025-01-30 18:43:43,988 INFO c.h.h.t.OperatorHelmChartContainer - [local-hivemq-5fcc877b5c] [hivemq] [387caa95] DEBUG - Flushing: /opt/hivemq/data/persistence/retained_messages/040800_R/retained_messages_13
2025-01-30 18:43:43,991 INFO c.h.h.t.OperatorHelmChartContainer - [local-hivemq-5fcc877b5c] [hivemq] [387caa95] DEBUG - Flushing: /opt/hivemq/data/persistence/retained_messages/040800_R/retained_messages_16
2025-01-30 18:43:43,991 INFO c.h.h.t.OperatorHelmChartContainer - [local-hivemq-5fcc877b5c] [hivemq] [387caa95] DEBUG - Flushing: /opt/hivemq/data/persistence/retained_messages/040800_R/retained_messages_17
2025-01-30 18:43:43,992 INFO c.h.h.t.OperatorHelmChartContainer - [local-hivemq-5fcc877b5c] [hivemq] [387caa95] DEBUG - Flushing: /opt/hivemq/data/persistence/retained_messages/040800_R/retained_messages_19
2025-01-30 18:43:43,992 INFO c.h.h.t.OperatorHelmChartContainer - [local-hivemq-5fcc877b5c] [hivemq] [387caa95] DEBUG - Flushing: /opt/hivemq/data/persistence/retained_messages/040800_R/retained_messages_18
2025-01-30 18:43:43,992 INFO c.h.h.t.OperatorHelmChartContainer - [local-hivemq-5fcc877b5c] [hivemq] [387caa95] DEBUG - Flushing: /opt/hivemq/data/persistence/retained_messages/040800_R/retained_messages_20
2025-01-30 18:43:43,992 INFO c.h.h.t.OperatorHelmChartContainer - [local-hivemq-5fcc877b5c] [hivemq] [387caa95] DEBUG - Flushing: /opt/hivemq/data/persistence/retained_messages/040800_R/retained_messages_21
2025-01-30 18:43:43,992 INFO c.h.h.t.OperatorHelmChartContainer - [local-hivemq-5fcc877b5c] [hivemq] [387caa95] DEBUG - Flushing: /opt/hivemq/data/persistence/retained_messages/040800_R/retained_messages_22
2025-01-30 18:43:43,992 INFO c.h.h.t.OperatorHelmChartContainer - [local-hivemq-5fcc877b5c] [hivemq] [387caa95] DEBUG - Flushing: /opt/hivemq/data/persistence/retained_messages/040800_R/retained_messages_23
2025-01-30 18:43:43,992 INFO c.h.h.t.OperatorHelmChartContainer - [local-hivemq-5fcc877b5c] [hivemq] [387caa95] DEBUG - Flushing: /opt/hivemq/data/persistence/retained_messages/040800_R/retained_messages_24
2025-01-30 18:43:43,992 INFO c.h.h.t.OperatorHelmChartContainer - [local-hivemq-5fcc877b5c] [hivemq] [387caa95] DEBUG - Flushing: /opt/hivemq/data/persistence/retained_messages/040800_R/retained_messages_25
2025-01-30 18:43:43,993 INFO c.h.h.t.OperatorHelmChartContainer - [local-hivemq-5fcc877b5c] [hivemq] [387caa95] DEBUG - Flushing: /opt/hivemq/data/persistence/retained_messages/040800_R/retained_messages_26
2025-01-30 18:43:43,993 INFO c.h.h.t.OperatorHelmChartContainer - [local-hivemq-5fcc877b5c] [hivemq] [387caa95] DEBUG - Flushing: /opt/hivemq/data/persistence/retained_messages/040800_R/retained_messages_27
2025-01-30 18:43:43,993 INFO c.h.h.t.OperatorHelmChartContainer - [local-hivemq-5fcc877b5c] [hivemq] [387caa95] DEBUG - Flushing: /opt/hivemq/data/persistence/retained_messages/040800_R/retained_messages_28
2025-01-30 18:43:43,994 INFO c.h.h.t.OperatorHelmChartContainer - [local-hivemq-5fcc877b5c] [hivemq] [387caa95] DEBUG - Flushing: /opt/hivemq/data/persistence/retained_messages/040800_R/retained_messages_30
2025-01-30 18:43:43,994 INFO c.h.h.t.OperatorHelmChartContainer - [local-hivemq-5fcc877b5c] [hivemq] [387caa95] DEBUG - Flushing: /opt/hivemq/data/persistence/retained_messages/040800_R/retained_messages_29
2025-01-30 18:43:43,994 INFO c.h.h.t.OperatorHelmChartContainer - [local-hivemq-5fcc877b5c] [hivemq] [387caa95] DEBUG - Flushing: /opt/hivemq/data/persistence/retained_messages/040800_R/retained_messages_31
2025-01-30 18:43:43,994 INFO c.h.h.t.OperatorHelmChartContainer - [local-hivemq-5fcc877b5c] [hivemq] [387caa95] DEBUG - Flushing: /opt/hivemq/data/persistence/retained_messages/040800_R/retained_messages_32
2025-01-30 18:43:43,994 INFO c.h.h.t.OperatorHelmChartContainer - [local-hivemq-5fcc877b5c] [hivemq] [387caa95] DEBUG - Flushing: /opt/hivemq/data/persistence/retained_messages/040800_R/retained_messages_33
2025-01-30 18:43:43,994 INFO c.h.h.t.OperatorHelmChartContainer - [local-hivemq-5fcc877b5c] [hivemq] [387caa95] DEBUG - Flushing: /opt/hivemq/data/persistence/retained_messages/040800_R/retained_messages_34
2025-01-30 18:43:43,994 INFO c.h.h.t.OperatorHelmChartContainer - [local-hivemq-5fcc877b5c] [hivemq] [387caa95] DEBUG - Flushing: /opt/hivemq/data/persistence/retained_messages/040800_R/retained_messages_35
2025-01-30 18:43:43,994 INFO c.h.h.t.OperatorHelmChartContainer - [local-hivemq-5fcc877b5c] [hivemq] [387caa95] DEBUG - Flushing: /opt/hivemq/data/persistence/retained_messages/040800_R/retained_messages_36
2025-01-30 18:43:43,994 INFO c.h.h.t.OperatorHelmChartContainer - [local-hivemq-5fcc877b5c] [hivemq] [387caa95] DEBUG - Flushing: /opt/hivemq/data/persistence/retained_messages/040800_R/retained_messages_37
2025-01-30 18:43:43,994 INFO c.h.h.t.OperatorHelmChartContainer - [local-hivemq-5fcc877b5c] [hivemq] [387caa95] DEBUG - Flushing: /opt/hivemq/data/persistence/retained_messages/040800_R/retained_messages_38
2025-01-30 18:43:43,994 INFO c.h.h.t.OperatorHelmChartContainer - [local-hivemq-5fcc877b5c] [hivemq] [387caa95] DEBUG - Flushing: /opt/hivemq/data/persistence/retained_messages/040800_R/retained_messages_39
2025-01-30 18:43:43,994 INFO c.h.h.t.OperatorHelmChartContainer - [local-hivemq-5fcc877b5c] [hivemq] [387caa95] DEBUG - Flushing: /opt/hivemq/data/persistence/retained_messages/040800_R/retained_messages_40
2025-01-30 18:43:43,994 INFO c.h.h.t.OperatorHelmChartContainer - [local-hivemq-5fcc877b5c] [hivemq] [387caa95] DEBUG - Flushing: /opt/hivemq/data/persistence/retained_messages/040800_R/retained_messages_41
2025-01-30 18:43:43,994 INFO c.h.h.t.OperatorHelmChartContainer - [local-hivemq-5fcc877b5c] [hivemq] [387caa95] DEBUG - Flushing: /opt/hivemq/data/persistence/retained_messages/040800_R/retained_messages_42
2025-01-30 18:43:43,994 INFO c.h.h.t.OperatorHelmChartContainer - [local-hivemq-5fcc877b5c] [hivemq] [387caa95] DEBUG - Flushing: /opt/hivemq/data/persistence/retained_messages/040800_R/retained_messages_43
2025-01-30 18:43:43,994 INFO c.h.h.t.OperatorHelmChartContainer - [local-hivemq-5fcc877b5c] [hivemq] [387caa95] DEBUG - Flushing: /opt/hivemq/data/persistence/retained_messages/040800_R/retained_messages_44
2025-01-30 18:43:43,994 INFO c.h.h.t.OperatorHelmChartContainer - [local-hivemq-5fcc877b5c] [hivemq] [387caa95] DEBUG - Flushing: /opt/hivemq/data/persistence/retained_messages/040800_R/retained_messages_45
2025-01-30 18:43:43,994 INFO c.h.h.t.OperatorHelmChartContainer - [local-hivemq-5fcc877b5c] [hivemq] [387caa95] DEBUG - Flushing: /opt/hivemq/data/persistence/retained_messages/040800_R/retained_messages_46
2025-01-30 18:43:43,994 INFO c.h.h.t.OperatorHelmChartContainer - [local-hivemq-5fcc877b5c] [hivemq] [387caa95] DEBUG - Flushing: /opt/hivemq/data/persistence/retained_messages/040800_R/retained_messages_47
2025-01-30 18:43:43,994 INFO c.h.h.t.OperatorHelmChartContainer - [local-hivemq-5fcc877b5c] [hivemq] [387caa95] DEBUG - Flushing: /opt/hivemq/data/persistence/retained_messages/040800_R/retained_messages_48
2025-01-30 18:43:43,994 INFO c.h.h.t.OperatorHelmChartContainer - [local-hivemq-5fcc877b5c] [hivemq] [387caa95] DEBUG - Flushing: /opt/hivemq/data/persistence/retained_messages/040800_R/retained_messages_49
2025-01-30 18:43:43,994 INFO c.h.h.t.OperatorHelmChartContainer - [local-hivemq-5fcc877b5c] [hivemq] [387caa95] DEBUG - Flushing: /opt/hivemq/data/persistence/retained_messages/040800_R/retained_messages_50
2025-01-30 18:43:43,994 INFO c.h.h.t.OperatorHelmChartContainer - [local-hivemq-5fcc877b5c] [hivemq] [387caa95] DEBUG - Flushing: /opt/hivemq/data/persistence/retained_messages/040800_R/retained_messages_51
2025-01-30 18:43:43,994 INFO c.h.h.t.OperatorHelmChartContainer - [local-hivemq-5fcc877b5c] [hivemq] [387caa95] DEBUG - Flushing: /opt/hivemq/data/persistence/retained_messages/040800_R/retained_messages_52
2025-01-30 18:43:43,994 INFO c.h.h.t.OperatorHelmChartContainer - [local-hivemq-5fcc877b5c] [hivemq] [387caa95] DEBUG - Flushing: /opt/hivemq/data/persistence/retained_messages/040800_R/retained_messages_53
2025-01-30 18:43:43,994 INFO c.h.h.t.OperatorHelmChartContainer - [local-hivemq-5fcc877b5c] [hivemq] [387caa95] DEBUG - Flushing: /opt/hivemq/data/persistence/retained_messages/040800_R/retained_messages_54
2025-01-30 18:43:43,994 INFO c.h.h.t.OperatorHelmChartContainer - [local-hivemq-5fcc877b5c] [hivemq] [387caa95] DEBUG - Flushing: /opt/hivemq/data/persistence/retained_messages/040800_R/retained_messages_55
2025-01-30 18:43:43,994 INFO c.h.h.t.OperatorHelmChartContainer - [local-hivemq-5fcc877b5c] [hivemq] [387caa95] DEBUG - Flushing: /opt/hivemq/data/persistence/retained_messages/040800_R/retained_messages_57
2025-01-30 18:43:43,994 INFO c.h.h.t.OperatorHelmChartContainer - [local-hivemq-5fcc877b5c] [hivemq] [387caa95] DEBUG - Flushing: /opt/hivemq/data/persistence/retained_messages/040800_R/retained_messages_58
2025-01-30 18:43:43,994 INFO c.h.h.t.OperatorHelmChartContainer - [local-hivemq-5fcc877b5c] [hivemq] [387caa95] DEBUG - Flushing: /opt/hivemq/data/persistence/retained_messages/040800_R/retained_messages_56
2025-01-30 18:43:43,994 INFO c.h.h.t.OperatorHelmChartContainer - [local-hivemq-5fcc877b5c] [hivemq] [387caa95] DEBUG - Flushing: /opt/hivemq/data/persistence/retained_messages/040800_R/retained_messages_59
2025-01-30 18:43:43,994 INFO c.h.h.t.OperatorHelmChartContainer - [local-hivemq-5fcc877b5c] [hivemq] [387caa95] DEBUG - Flushing: /opt/hivemq/data/persistence/retained_messages/040800_R/retained_messages_60
2025-01-30 18:43:43,994 INFO c.h.h.t.OperatorHelmChartContainer - [local-hivemq-5fcc877b5c] [hivemq] [387caa95] DEBUG - Flushing: /opt/hivemq/data/persistence/retained_messages/040800_R/retained_messages_61
2025-01-30 18:43:43,994 INFO c.h.h.t.OperatorHelmChartContainer - [local-hivemq-5fcc877b5c] [hivemq] [387caa95] DEBUG - Flushing: /opt/hivemq/data/persistence/retained_messages/040800_R/retained_messages_62
2025-01-30 18:43:43,994 INFO c.h.h.t.OperatorHelmChartContainer - [local-hivemq-5fcc877b5c] [hivemq] [387caa95] DEBUG - Flushing: /opt/hivemq/data/persistence/retained_messages/040800_R/retained_messages_63
2025-01-30 18:43:43,994 INFO c.h.h.t.OperatorHelmChartContainer - [local-hivemq-5fcc877b5c] [hivemq] [387caa95] DEBUG - Flushing: /opt/hivemq/data/persistence/client_session_subscriptions/043200_R/client_session_subscriptions_0
2025-01-30 18:43:43,994 INFO c.h.h.t.OperatorHelmChartContainer - [local-hivemq-5fcc877b5c] [hivemq] [387caa95] DEBUG - Flushing: /opt/hivemq/data/persistence/client_session_subscriptions/043200_R/client_session_subscriptions_2
2025-01-30 18:43:43,994 INFO c.h.h.t.OperatorHelmChartContainer - [local-hivemq-5fcc877b5c] [hivemq] [387caa95] DEBUG - Flushing: /opt/hivemq/data/persistence/client_session_subscriptions/043200_R/client_session_subscriptions_1
2025-01-30 18:43:43,994 INFO c.h.h.t.OperatorHelmChartContainer - [local-hivemq-5fcc877b5c] [hivemq] [387caa95] DEBUG - Flushing: /opt/hivemq/data/persistence/client_session_subscriptions/043200_R/client_session_subscriptions_3
2025-01-30 18:43:43,994 INFO c.h.h.t.OperatorHelmChartContainer - [local-hivemq-5fcc877b5c] [hivemq] [387caa95] DEBUG - Flushing: /opt/hivemq/data/persistence/client_session_subscriptions/043200_R/client_session_subscriptions_4
2025-01-30 18:43:43,994 INFO c.h.h.t.OperatorHelmChartContainer - [local-hivemq-5fcc877b5c] [hivemq] [387caa95] DEBUG - Flushing: /opt/hivemq/data/persistence/client_session_subscriptions/043200_R/client_session_subscriptions_6
2025-01-30 18:43:43,994 INFO c.h.h.t.OperatorHelmChartContainer - [local-hivemq-5fcc877b5c] [hivemq] [387caa95] DEBUG - Flushing: /opt/hivemq/data/persistence/client_session_subscriptions/043200_R/client_session_subscriptions_5
2025-01-30 18:43:43,994 INFO c.h.h.t.OperatorHelmChartContainer - [local-hivemq-5fcc877b5c] [hivemq] [387caa95] DEBUG - Flushing: /opt/hivemq/data/persistence/client_session_subscriptions/043200_R/client_session_subscriptions_7
2025-01-30 18:43:43,994 INFO c.h.h.t.OperatorHelmChartContainer - [local-hivemq-5fcc877b5c] [hivemq] [387caa95] DEBUG - Flushing: /opt/hivemq/data/persistence/client_session_subscriptions/043200_R/client_session_subscriptions_8
2025-01-30 18:43:43,996 INFO c.h.h.t.OperatorHelmChartContainer - [local-hivemq-5fcc877b5c] [hivemq] [387caa95] DEBUG - Flushing: /opt/hivemq/data/persistence/client_session_subscriptions/043200_R/client_session_subscriptions_9
2025-01-30 18:43:43,996 INFO c.h.h.t.OperatorHelmChartContainer - [local-hivemq-5fcc877b5c] [hivemq] [387caa95] DEBUG - Flushing: /opt/hivemq/data/persistence/client_session_subscriptions/043200_R/client_session_subscriptions_10
2025-01-30 18:43:43,996 INFO c.h.h.t.OperatorHelmChartContainer - [local-hivemq-5fcc877b5c] [hivemq] [387caa95] DEBUG - Flushing: /opt/hivemq/data/persistence/client_session_subscriptions/043200_R/client_session_subscriptions_11
2025-01-30 18:43:43,996 INFO c.h.h.t.OperatorHelmChartContainer - [local-hivemq-5fcc877b5c] [hivemq] [387caa95] DEBUG - Flushing: /opt/hivemq/data/persistence/client_session_subscriptions/043200_R/client_session_subscriptions_12
2025-01-30 18:43:43,996 INFO c.h.h.t.OperatorHelmChartContainer - [local-hivemq-5fcc877b5c] [hivemq] [387caa95] DEBUG - Flushing: /opt/hivemq/data/persistence/client_session_subscriptions/043200_R/client_session_subscriptions_13
2025-01-30 18:43:43,996 INFO c.h.h.t.OperatorHelmChartContainer - [local-hivemq-5fcc877b5c] [hivemq] [387caa95] DEBUG - Flushing: /opt/hivemq/data/persistence/client_session_subscriptions/043200_R/client_session_subscriptions_14
2025-01-30 18:43:43,997 INFO c.h.h.t.OperatorHelmChartContainer - [local-hivemq-5fcc877b5c] [hivemq] [387caa95] DEBUG - Flushing: /opt/hivemq/data/persistence/client_session_subscriptions/043200_R/client_session_subscriptions_15
2025-01-30 18:43:43,997 INFO c.h.h.t.OperatorHelmChartContainer - [local-hivemq-5fcc877b5c] [hivemq] [387caa95] DEBUG - Flushing: /opt/hivemq/data/persistence/client_session_subscriptions/043200_R/client_session_subscriptions_16
2025-01-30 18:43:43,997 INFO c.h.h.t.OperatorHelmChartContainer - [local-hivemq-5fcc877b5c] [hivemq] [387caa95] DEBUG - Flushing: /opt/hivemq/data/persistence/client_session_subscriptions/043200_R/client_session_subscriptions_18
2025-01-30 18:43:43,997 INFO c.h.h.t.OperatorHelmChartContainer - [local-hivemq-5fcc877b5c] [hivemq] [387caa95] DEBUG - Flushing: /opt/hivemq/data/persistence/client_session_subscriptions/043200_R/client_session_subscriptions_17
2025-01-30 18:43:43,997 INFO c.h.h.t.OperatorHelmChartContainer - [local-hivemq-5fcc877b5c] [hivemq] [387caa95] DEBUG - Flushing: /opt/hivemq/data/persistence/client_session_subscriptions/043200_R/client_session_subscriptions_19
2025-01-30 18:43:43,997 INFO c.h.h.t.OperatorHelmChartContainer - [local-hivemq-5fcc877b5c] [hivemq] [387caa95] DEBUG - Flushing: /opt/hivemq/data/persistence/client_session_subscriptions/043200_R/client_session_subscriptions_20
2025-01-30 18:43:43,997 INFO c.h.h.t.OperatorHelmChartContainer - [local-hivemq-5fcc877b5c] [hivemq] [387caa95] DEBUG - Flushing: /opt/hivemq/data/persistence/client_session_subscriptions/043200_R/client_session_subscriptions_22
2025-01-30 18:43:43,997 INFO c.h.h.t.OperatorHelmChartContainer - [local-hivemq-5fcc877b5c] [hivemq] [387caa95] DEBUG - Flushing: /opt/hivemq/data/persistence/client_session_subscriptions/043200_R/client_session_subscriptions_21
2025-01-30 18:43:43,997 INFO c.h.h.t.OperatorHelmChartContainer - [local-hivemq-5fcc877b5c] [hivemq] [387caa95] DEBUG - Flushing: /opt/hivemq/data/persistence/client_session_subscriptions/043200_R/client_session_subscriptions_23
2025-01-30 18:43:43,997 INFO c.h.h.t.OperatorHelmChartContainer - [local-hivemq-5fcc877b5c] [hivemq] [387caa95] DEBUG - Flushing: /opt/hivemq/data/persistence/client_session_subscriptions/043200_R/client_session_subscriptions_24
2025-01-30 18:43:43,997 INFO c.h.h.t.OperatorHelmChartContainer - [local-hivemq-5fcc877b5c] [hivemq] [387caa95] DEBUG - Flushing: /opt/hivemq/data/persistence/client_session_subscriptions/043200_R/client_session_subscriptions_25
2025-01-30 18:43:43,997 INFO c.h.h.t.OperatorHelmChartContainer - [local-hivemq-5fcc877b5c] [hivemq] [387caa95] DEBUG - Flushing: /opt/hivemq/data/persistence/client_session_subscriptions/043200_R/client_session_subscriptions_26
2025-01-30 18:43:43,997 INFO c.h.h.t.OperatorHelmChartContainer - [local-hivemq-5fcc877b5c] [hivemq] [387caa95] DEBUG - Flushing: /opt/hivemq/data/persistence/client_session_subscriptions/043200_R/client_session_subscriptions_27
2025-01-30 18:43:43,997 INFO c.h.h.t.OperatorHelmChartContainer - [local-hivemq-5fcc877b5c] [hivemq] [387caa95] DEBUG - Flushing: /opt/hivemq/data/persistence/client_session_subscriptions/043200_R/client_session_subscriptions_28
2025-01-30 18:43:43,997 INFO c.h.h.t.OperatorHelmChartContainer - [local-hivemq-5fcc877b5c] [hivemq] [387caa95] DEBUG - Flushing: /opt/hivemq/data/persistence/client_session_subscriptions/043200_R/client_session_subscriptions_29
2025-01-30 18:43:43,997 INFO c.h.h.t.OperatorHelmChartContainer - [local-hivemq-5fcc877b5c] [hivemq] [387caa95] DEBUG - Flushing: /opt/hivemq/data/persistence/client_session_subscriptions/043200_R/client_session_subscriptions_30
2025-01-30 18:43:43,998 INFO c.h.h.t.OperatorHelmChartContainer - [local-hivemq-5fcc877b5c] [hivemq] [387caa95] DEBUG - Flushing: /opt/hivemq/data/persistence/client_session_subscriptions/043200_R/client_session_subscriptions_31
2025-01-30 18:43:43,998 INFO c.h.h.t.OperatorHelmChartContainer - [local-hivemq-5fcc877b5c] [hivemq] [387caa95] DEBUG - Flushing: /opt/hivemq/data/persistence/client_session_subscriptions/043200_R/client_session_subscriptions_32
2025-01-30 18:43:43,998 INFO c.h.h.t.OperatorHelmChartContainer - [local-hivemq-5fcc877b5c] [hivemq] [387caa95] DEBUG - Flushing: /opt/hivemq/data/persistence/client_session_subscriptions/043200_R/client_session_subscriptions_33
2025-01-30 18:43:43,998 INFO c.h.h.t.OperatorHelmChartContainer - [local-hivemq-5fcc877b5c] [hivemq] [387caa95] DEBUG - Flushing: /opt/hivemq/data/persistence/client_session_subscriptions/043200_R/client_session_subscriptions_34
2025-01-30 18:43:43,998 INFO c.h.h.t.OperatorHelmChartContainer - [local-hivemq-5fcc877b5c] [hivemq] [387caa95] DEBUG - Flushing: /opt/hivemq/data/persistence/client_session_subscriptions/043200_R/client_session_subscriptions_35
2025-01-30 18:43:43,998 INFO c.h.h.t.OperatorHelmChartContainer - [local-hivemq-5fcc877b5c] [hivemq] [387caa95] DEBUG - Flushing: /opt/hivemq/data/persistence/client_session_subscriptions/043200_R/client_session_subscriptions_37
2025-01-30 18:43:43,999 INFO c.h.h.t.OperatorHelmChartContainer - [local-hivemq-5fcc877b5c] [hivemq] [387caa95] DEBUG - Flushing: /opt/hivemq/data/persistence/client_session_subscriptions/043200_R/client_session_subscriptions_38
2025-01-30 18:43:43,999 INFO c.h.h.t.OperatorHelmChartContainer - [local-hivemq-5fcc877b5c] [hivemq] [387caa95] DEBUG - Flushing: /opt/hivemq/data/persistence/client_session_subscriptions/043200_R/client_session_subscriptions_36
2025-01-30 18:43:43,999 INFO c.h.h.t.OperatorHelmChartContainer - [local-hivemq-5fcc877b5c] [hivemq] [387caa95] DEBUG - Flushing: /opt/hivemq/data/persistence/client_session_subscriptions/043200_R/client_session_subscriptions_39
2025-01-30 18:43:43,999 INFO c.h.h.t.OperatorHelmChartContainer - [local-hivemq-5fcc877b5c] [hivemq] [387caa95] DEBUG - Flushing: /opt/hivemq/data/persistence/client_session_subscriptions/043200_R/client_session_subscriptions_40
2025-01-30 18:43:43,999 INFO c.h.h.t.OperatorHelmChartContainer - [local-hivemq-5fcc877b5c] [hivemq] [387caa95] DEBUG - Flushing: /opt/hivemq/data/persistence/client_session_subscriptions/043200_R/client_session_subscriptions_41
2025-01-30 18:43:43,999 INFO c.h.h.t.OperatorHelmChartContainer - [local-hivemq-5fcc877b5c] [hivemq] [387caa95] DEBUG - Flushing: /opt/hivemq/data/persistence/client_session_subscriptions/043200_R/client_session_subscriptions_42
2025-01-30 18:43:43,999 INFO c.h.h.t.OperatorHelmChartContainer - [local-hivemq-5fcc877b5c] [hivemq] [387caa95] DEBUG - Flushing: /opt/hivemq/data/persistence/client_session_subscriptions/043200_R/client_session_subscriptions_43
2025-01-30 18:43:43,999 INFO c.h.h.t.OperatorHelmChartContainer - [local-hivemq-5fcc877b5c] [hivemq] [387caa95] DEBUG - Flushing: /opt/hivemq/data/persistence/client_session_subscriptions/043200_R/client_session_subscriptions_44
2025-01-30 18:43:43,999 INFO c.h.h.t.OperatorHelmChartContainer - [local-hivemq-5fcc877b5c] [hivemq] [387caa95] DEBUG - Flushing: /opt/hivemq/data/persistence/client_session_subscriptions/043200_R/client_session_subscriptions_45
2025-01-30 18:43:44,000 INFO c.h.h.t.OperatorHelmChartContainer - [local-hivemq-5fcc877b5c] [hivemq] [387caa95] DEBUG - Flushing: /opt/hivemq/data/persistence/client_session_subscriptions/043200_R/client_session_subscriptions_46
2025-01-30 18:43:44,000 INFO c.h.h.t.OperatorHelmChartContainer - [local-hivemq-5fcc877b5c] [hivemq] [387caa95] DEBUG - Flushing: /opt/hivemq/data/persistence/client_session_subscriptions/043200_R/client_session_subscriptions_48
2025-01-30 18:43:44,000 INFO c.h.h.t.OperatorHelmChartContainer - [local-hivemq-5fcc877b5c] [hivemq] [387caa95] DEBUG - Flushing: /opt/hivemq/data/persistence/client_session_subscriptions/043200_R/client_session_subscriptions_47
2025-01-30 18:43:44,001 INFO c.h.h.t.OperatorHelmChartContainer - [local-hivemq-5fcc877b5c] [hivemq] [387caa95] DEBUG - Flushing: /opt/hivemq/data/persistence/client_session_subscriptions/043200_R/client_session_subscriptions_49
2025-01-30 18:43:44,002 INFO c.h.h.t.OperatorHelmChartContainer - [local-hivemq-5fcc877b5c] [hivemq] [387caa95] DEBUG - Flushing: /opt/hivemq/data/persistence/client_session_subscriptions/043200_R/client_session_subscriptions_50
2025-01-30 18:43:44,002 INFO c.h.h.t.OperatorHelmChartContainer - [local-hivemq-5fcc877b5c] [hivemq] [387caa95] DEBUG - Flushing: /opt/hivemq/data/persistence/client_session_subscriptions/043200_R/client_session_subscriptions_52
2025-01-30 18:43:44,002 INFO c.h.h.t.OperatorHelmChartContainer - [local-hivemq-5fcc877b5c] [hivemq] [387caa95] DEBUG - Flushing: /opt/hivemq/data/persistence/client_session_subscriptions/043200_R/client_session_subscriptions_51
2025-01-30 18:43:44,003 INFO c.h.h.t.OperatorHelmChartContainer - [local-hivemq-5fcc877b5c] [hivemq] [387caa95] DEBUG - Flushing: /opt/hivemq/data/persistence/client_session_subscriptions/043200_R/client_session_subscriptions_54
2025-01-30 18:43:44,003 INFO c.h.h.t.OperatorHelmChartContainer - [local-hivemq-5fcc877b5c] [hivemq] [387caa95] DEBUG - Flushing: /opt/hivemq/data/persistence/client_session_subscriptions/043200_R/client_session_subscriptions_53
2025-01-30 18:43:44,004 INFO c.h.h.t.OperatorHelmChartContainer - [local-hivemq-5fcc877b5c] [hivemq] [387caa95] DEBUG - Flushing: /opt/hivemq/data/persistence/client_session_subscriptions/043200_R/client_session_subscriptions_56
2025-01-30 18:43:44,005 INFO c.h.h.t.OperatorHelmChartContainer - [local-hivemq-5fcc877b5c] [hivemq] [387caa95] DEBUG - Flushing: /opt/hivemq/data/persistence/client_session_subscriptions/043200_R/client_session_subscriptions_57
2025-01-30 18:43:44,005 INFO c.h.h.t.OperatorHelmChartContainer - [local-hivemq-5fcc877b5c] [hivemq] [387caa95] DEBUG - Flushing: /opt/hivemq/data/persistence/client_session_subscriptions/043200_R/client_session_subscriptions_55
2025-01-30 18:43:44,007 INFO c.h.h.t.OperatorHelmChartContainer - [local-hivemq-5fcc877b5c] [hivemq] [387caa95] DEBUG - Flushing: /opt/hivemq/data/persistence/client_session_subscriptions/043200_R/client_session_subscriptions_58
2025-01-30 18:43:44,007 INFO c.h.h.t.OperatorHelmChartContainer - [local-hivemq-5fcc877b5c] [hivemq] [387caa95] DEBUG - Flushing: /opt/hivemq/data/persistence/client_session_subscriptions/043200_R/client_session_subscriptions_59
2025-01-30 18:43:44,007 INFO c.h.h.t.OperatorHelmChartContainer - [local-hivemq-5fcc877b5c] [hivemq] [387caa95] DEBUG - Flushing: /opt/hivemq/data/persistence/client_session_subscriptions/043200_R/client_session_subscriptions_60
2025-01-30 18:43:44,007 INFO c.h.h.t.OperatorHelmChartContainer - [local-hivemq-5fcc877b5c] [hivemq] [387caa95] DEBUG - Flushing: /opt/hivemq/data/persistence/client_session_subscriptions/043200_R/client_session_subscriptions_61
2025-01-30 18:43:44,007 INFO c.h.h.t.OperatorHelmChartContainer - [local-hivemq-5fcc877b5c] [hivemq] [387caa95] DEBUG - Flushing: /opt/hivemq/data/persistence/client_session_subscriptions/043200_R/client_session_subscriptions_62
2025-01-30 18:43:44,007 INFO c.h.h.t.OperatorHelmChartContainer - [local-hivemq-5fcc877b5c] [hivemq] [387caa95] DEBUG - Flushing: /opt/hivemq/data/persistence/client_session_subscriptions/043200_R/client_session_subscriptions_63
2025-01-30 18:43:44,007 INFO c.h.h.t.OperatorHelmChartContainer - [local-hivemq-5fcc877b5c] [hivemq] [387caa95] DEBUG - Flushing: /opt/hivemq/data/persistence/attribute/043100_R/attribute_0
2025-01-30 18:43:44,007 INFO c.h.h.t.OperatorHelmChartContainer - [local-hivemq-5fcc877b5c] [hivemq] [387caa95] DEBUG - Flushing: /opt/hivemq/data/persistence/attribute/043100_R/attribute_1
2025-01-30 18:43:44,007 INFO c.h.h.t.OperatorHelmChartContainer - [local-hivemq-5fcc877b5c] [hivemq] [387caa95] DEBUG - Flushing: /opt/hivemq/data/persistence/attribute/043100_R/attribute_2
2025-01-30 18:43:44,007 INFO c.h.h.t.OperatorHelmChartContainer - [local-hivemq-5fcc877b5c] [hivemq] [387caa95] DEBUG - Flushing: /opt/hivemq/data/persistence/attribute/043100_R/attribute_3
2025-01-30 18:43:44,009 INFO c.h.h.t.OperatorHelmChartContainer - [local-hivemq-5fcc877b5c] [hivemq] [387caa95] DEBUG - Flushing: /opt/hivemq/data/persistence/attribute/043100_R/attribute_4
2025-01-30 18:43:44,009 INFO c.h.h.t.OperatorHelmChartContainer - [local-hivemq-5fcc877b5c] [hivemq] [387caa95] DEBUG - Flushing: /opt/hivemq/data/persistence/attribute/043100_R/attribute_5
2025-01-30 18:43:44,009 INFO c.h.h.t.OperatorHelmChartContainer - [local-hivemq-5fcc877b5c] [hivemq] [387caa95] DEBUG - Flushing: /opt/hivemq/data/persistence/attribute/043100_R/attribute_6
2025-01-30 18:43:44,009 INFO c.h.h.t.OperatorHelmChartContainer - [local-hivemq-5fcc877b5c] [hivemq] [387caa95] DEBUG - Flushing: /opt/hivemq/data/persistence/attribute/043100_R/attribute_7
2025-01-30 18:43:44,009 INFO c.h.h.t.OperatorHelmChartContainer - [local-hivemq-5fcc877b5c] [hivemq] [387caa95] DEBUG - Flushing: /opt/hivemq/data/persistence/attribute/043100_R/attribute_8
2025-01-30 18:43:44,009 INFO c.h.h.t.OperatorHelmChartContainer - [local-hivemq-5fcc877b5c] [hivemq] [387caa95] DEBUG - Flushing: /opt/hivemq/data/persistence/attribute/043100_R/attribute_9
2025-01-30 18:43:44,009 INFO c.h.h.t.OperatorHelmChartContainer - [local-hivemq-5fcc877b5c] [hivemq] [387caa95] DEBUG - Flushing: /opt/hivemq/data/persistence/attribute/043100_R/attribute_10
2025-01-30 18:43:44,010 INFO c.h.h.t.OperatorHelmChartContainer - [local-hivemq-5fcc877b5c] [hivemq] [387caa95] DEBUG - Flushing: /opt/hivemq/data/persistence/attribute/043100_R/attribute_11
2025-01-30 18:43:44,010 INFO c.h.h.t.OperatorHelmChartContainer - [local-hivemq-5fcc877b5c] [hivemq] [387caa95] DEBUG - Flushing: /opt/hivemq/data/persistence/attribute/043100_R/attribute_12
2025-01-30 18:43:44,010 INFO c.h.h.t.OperatorHelmChartContainer - [local-hivemq-5fcc877b5c] [hivemq] [387caa95] DEBUG - Flushing: /opt/hivemq/data/persistence/attribute/043100_R/attribute_13
2025-01-30 18:43:44,010 INFO c.h.h.t.OperatorHelmChartContainer - [local-hivemq-5fcc877b5c] [hivemq] [387caa95] DEBUG - Flushing: /opt/hivemq/data/persistence/attribute/043100_R/attribute_14
2025-01-30 18:43:44,010 INFO c.h.h.t.OperatorHelmChartContainer - [local-hivemq-5fcc877b5c] [hivemq] [387caa95] DEBUG - Flushing: /opt/hivemq/data/persistence/attribute/043100_R/attribute_15
2025-01-30 18:43:44,010 INFO c.h.h.t.OperatorHelmChartContainer - [local-hivemq-5fcc877b5c] [hivemq] [387caa95] DEBUG - Flushing: /opt/hivemq/data/persistence/attribute/043100_R/attribute_16
2025-01-30 18:43:44,010 INFO c.h.h.t.OperatorHelmChartContainer - [local-hivemq-5fcc877b5c] [hivemq] [387caa95] DEBUG - Flushing: /opt/hivemq/data/persistence/attribute/043100_R/attribute_17
2025-01-30 18:43:44,010 INFO c.h.h.t.OperatorHelmChartContainer - [local-hivemq-5fcc877b5c] [hivemq] [387caa95] DEBUG - Flushing: /opt/hivemq/data/persistence/attribute/043100_R/attribute_18
2025-01-30 18:43:44,010 INFO c.h.h.t.OperatorHelmChartContainer - [local-hivemq-5fcc877b5c] [hivemq] [387caa95] DEBUG - Flushing: /opt/hivemq/data/persistence/attribute/043100_R/attribute_19
2025-01-30 18:43:44,010 INFO c.h.h.t.OperatorHelmChartContainer - [local-hivemq-5fcc877b5c] [hivemq] [387caa95] DEBUG - Flushing: /opt/hivemq/data/persistence/attribute/043100_R/attribute_20
2025-01-30 18:43:44,010 INFO c.h.h.t.OperatorHelmChartContainer - [local-hivemq-5fcc877b5c] [hivemq] [387caa95] DEBUG - Flushing: /opt/hivemq/data/persistence/attribute/043100_R/attribute_22
2025-01-30 18:43:44,010 INFO c.h.h.t.OperatorHelmChartContainer - [local-hivemq-5fcc877b5c] [hivemq] [387caa95] DEBUG - Flushing: /opt/hivemq/data/persistence/attribute/043100_R/attribute_21
2025-01-30 18:43:44,010 INFO c.h.h.t.OperatorHelmChartContainer - [local-hivemq-5fcc877b5c] [hivemq] [387caa95] DEBUG - Flushing: /opt/hivemq/data/persistence/attribute/043100_R/attribute_23
2025-01-30 18:43:44,011 INFO c.h.h.t.OperatorHelmChartContainer - [local-hivemq-5fcc877b5c] [hivemq] [387caa95] DEBUG - Flushing: /opt/hivemq/data/persistence/attribute/043100_R/attribute_24
2025-01-30 18:43:44,011 INFO c.h.h.t.OperatorHelmChartContainer - [local-hivemq-5fcc877b5c] [hivemq] [387caa95] DEBUG - Flushing: /opt/hivemq/data/persistence/attribute/043100_R/attribute_25
2025-01-30 18:43:44,011 INFO c.h.h.t.OperatorHelmChartContainer - [local-hivemq-5fcc877b5c] [hivemq] [387caa95] DEBUG - Flushing: /opt/hivemq/data/persistence/attribute/043100_R/attribute_26
2025-01-30 18:43:44,011 INFO c.h.h.t.OperatorHelmChartContainer - [local-hivemq-5fcc877b5c] [hivemq] [387caa95] DEBUG - Flushing: /opt/hivemq/data/persistence/attribute/043100_R/attribute_27
2025-01-30 18:43:44,011 INFO c.h.h.t.OperatorHelmChartContainer - [local-hivemq-5fcc877b5c] [hivemq] [387caa95] DEBUG - Flushing: /opt/hivemq/data/persistence/attribute/043100_R/attribute_28
2025-01-30 18:43:44,011 INFO c.h.h.t.OperatorHelmChartContainer - [local-hivemq-5fcc877b5c] [hivemq] [387caa95] DEBUG - Flushing: /opt/hivemq/data/persistence/attribute/043100_R/attribute_29
2025-01-30 18:43:44,011 INFO c.h.h.t.OperatorHelmChartContainer - [local-hivemq-5fcc877b5c] [hivemq] [387caa95] DEBUG - Flushing: /opt/hivemq/data/persistence/attribute/043100_R/attribute_30
2025-01-30 18:43:44,011 INFO c.h.h.t.OperatorHelmChartContainer - [local-hivemq-5fcc877b5c] [hivemq] [387caa95] DEBUG - Flushing: /opt/hivemq/data/persistence/attribute/043100_R/attribute_31
2025-01-30 18:43:44,011 INFO c.h.h.t.OperatorHelmChartContainer - [local-hivemq-5fcc877b5c] [hivemq] [387caa95] DEBUG - Flushing: /opt/hivemq/data/persistence/attribute/043100_R/attribute_32
2025-01-30 18:43:44,011 INFO c.h.h.t.OperatorHelmChartContainer - [local-hivemq-5fcc877b5c] [hivemq] [387caa95] DEBUG - Flushing: /opt/hivemq/data/persistence/attribute/043100_R/attribute_34
2025-01-30 18:43:44,011 INFO c.h.h.t.OperatorHelmChartContainer - [local-hivemq-5fcc877b5c] [hivemq] [387caa95] DEBUG - Flushing: /opt/hivemq/data/persistence/attribute/043100_R/attribute_35
2025-01-30 18:43:44,011 INFO c.h.h.t.OperatorHelmChartContainer - [local-hivemq-5fcc877b5c] [hivemq] [387caa95] DEBUG - Flushing: /opt/hivemq/data/persistence/attribute/043100_R/attribute_33
2025-01-30 18:43:44,011 INFO c.h.h.t.OperatorHelmChartContainer - [local-hivemq-5fcc877b5c] [hivemq] [387caa95] DEBUG - Flushing: /opt/hivemq/data/persistence/attribute/043100_R/attribute_37
2025-01-30 18:43:44,011 INFO c.h.h.t.OperatorHelmChartContainer - [local-hivemq-5fcc877b5c] [hivemq] [387caa95] DEBUG - Flushing: /opt/hivemq/data/persistence/attribute/043100_R/attribute_36
2025-01-30 18:43:44,011 INFO c.h.h.t.OperatorHelmChartContainer - [local-hivemq-5fcc877b5c] [hivemq] [387caa95] DEBUG - Flushing: /opt/hivemq/data/persistence/attribute/043100_R/attribute_39
2025-01-30 18:43:44,011 INFO c.h.h.t.OperatorHelmChartContainer - [local-hivemq-5fcc877b5c] [hivemq] [387caa95] DEBUG - Flushing: /opt/hivemq/data/persistence/attribute/043100_R/attribute_38
2025-01-30 18:43:44,011 INFO c.h.h.t.OperatorHelmChartContainer - [local-hivemq-5fcc877b5c] [hivemq] [387caa95] DEBUG - Flushing: /opt/hivemq/data/persistence/attribute/043100_R/attribute_40
2025-01-30 18:43:44,011 INFO c.h.h.t.OperatorHelmChartContainer - [local-hivemq-5fcc877b5c] [hivemq] [387caa95] DEBUG - Flushing: /opt/hivemq/data/persistence/attribute/043100_R/attribute_41
2025-01-30 18:43:44,011 INFO c.h.h.t.OperatorHelmChartContainer - [local-hivemq-5fcc877b5c] [hivemq] [387caa95] DEBUG - Flushing: /opt/hivemq/data/persistence/attribute/043100_R/attribute_42
2025-01-30 18:43:44,011 INFO c.h.h.t.OperatorHelmChartContainer - [local-hivemq-5fcc877b5c] [hivemq] [387caa95] DEBUG - Flushing: /opt/hivemq/data/persistence/attribute/043100_R/attribute_43
2025-01-30 18:43:44,011 INFO c.h.h.t.OperatorHelmChartContainer - [local-hivemq-5fcc877b5c] [hivemq] [387caa95] DEBUG - Flushing: /opt/hivemq/data/persistence/attribute/043100_R/attribute_44
2025-01-30 18:43:44,012 INFO c.h.h.t.OperatorHelmChartContainer - [local-hivemq-5fcc877b5c] [hivemq] [387caa95] DEBUG - Flushing: /opt/hivemq/data/persistence/attribute/043100_R/attribute_45
2025-01-30 18:43:44,012 INFO c.h.h.t.OperatorHelmChartContainer - [local-hivemq-5fcc877b5c] [hivemq] [387caa95] DEBUG - Flushing: /opt/hivemq/data/persistence/attribute/043100_R/attribute_46
2025-01-30 18:43:44,012 INFO c.h.h.t.OperatorHelmChartContainer - [local-hivemq-5fcc877b5c] [hivemq] [387caa95] DEBUG - Flushing: /opt/hivemq/data/persistence/attribute/043100_R/attribute_48
2025-01-30 18:43:44,012 INFO c.h.h.t.OperatorHelmChartContainer - [local-hivemq-5fcc877b5c] [hivemq] [387caa95] DEBUG - Flushing: /opt/hivemq/data/persistence/attribute/043100_R/attribute_47
2025-01-30 18:43:44,012 INFO c.h.h.t.OperatorHelmChartContainer - [local-hivemq-5fcc877b5c] [hivemq] [387caa95] DEBUG - Flushing: /opt/hivemq/data/persistence/attribute/043100_R/attribute_49
2025-01-30 18:43:44,012 INFO c.h.h.t.OperatorHelmChartContainer - [local-hivemq-5fcc877b5c] [hivemq] [387caa95] DEBUG - Flushing: /opt/hivemq/data/persistence/attribute/043100_R/attribute_50
2025-01-30 18:43:44,012 INFO c.h.h.t.OperatorHelmChartContainer - [local-hivemq-5fcc877b5c] [hivemq] [387caa95] DEBUG - Flushing: /opt/hivemq/data/persistence/attribute/043100_R/attribute_52
2025-01-30 18:43:44,012 INFO c.h.h.t.OperatorHelmChartContainer - [local-hivemq-5fcc877b5c] [hivemq] [387caa95] DEBUG - Flushing: /opt/hivemq/data/persistence/attribute/043100_R/attribute_51
2025-01-30 18:43:44,012 INFO c.h.h.t.OperatorHelmChartContainer - [local-hivemq-5fcc877b5c] [hivemq] [387caa95] DEBUG - Flushing: /opt/hivemq/data/persistence/attribute/043100_R/attribute_53
2025-01-30 18:43:44,012 INFO c.h.h.t.OperatorHelmChartContainer - [local-hivemq-5fcc877b5c] [hivemq] [387caa95] DEBUG - Flushing: /opt/hivemq/data/persistence/attribute/043100_R/attribute_54
2025-01-30 18:43:44,012 INFO c.h.h.t.OperatorHelmChartContainer - [local-hivemq-5fcc877b5c] [hivemq] [387caa95] DEBUG - Flushing: /opt/hivemq/data/persistence/attribute/043100_R/attribute_55
2025-01-30 18:43:44,012 INFO c.h.h.t.OperatorHelmChartContainer - [local-hivemq-5fcc877b5c] [hivemq] [387caa95] DEBUG - Flushing: /opt/hivemq/data/persistence/attribute/043100_R/attribute_56
2025-01-30 18:43:44,012 INFO c.h.h.t.OperatorHelmChartContainer - [local-hivemq-5fcc877b5c] [hivemq] [387caa95] DEBUG - Flushing: /opt/hivemq/data/persistence/attribute/043100_R/attribute_57
2025-01-30 18:43:44,012 INFO c.h.h.t.OperatorHelmChartContainer - [local-hivemq-5fcc877b5c] [hivemq] [387caa95] DEBUG - Flushing: /opt/hivemq/data/persistence/attribute/043100_R/attribute_58
2025-01-30 18:43:44,012 INFO c.h.h.t.OperatorHelmChartContainer - [local-hivemq-5fcc877b5c] [hivemq] [387caa95] DEBUG - Flushing: /opt/hivemq/data/persistence/attribute/043100_R/attribute_59
2025-01-30 18:43:44,012 INFO c.h.h.t.OperatorHelmChartContainer - [local-hivemq-5fcc877b5c] [hivemq] [387caa95] DEBUG - Flushing: /opt/hivemq/data/persistence/attribute/043100_R/attribute_60
2025-01-30 18:43:44,012 INFO c.h.h.t.OperatorHelmChartContainer - [local-hivemq-5fcc877b5c] [hivemq] [387caa95] DEBUG - Flushing: /opt/hivemq/data/persistence/attribute/043100_R/attribute_61
2025-01-30 18:43:44,012 INFO c.h.h.t.OperatorHelmChartContainer - [local-hivemq-5fcc877b5c] [hivemq] [387caa95] DEBUG - Flushing: /opt/hivemq/data/persistence/attribute/043100_R/attribute_62
2025-01-30 18:43:44,012 INFO c.h.h.t.OperatorHelmChartContainer - [local-hivemq-5fcc877b5c] [hivemq] [387caa95] DEBUG - Flushing: /opt/hivemq/data/persistence/attribute/043100_R/attribute_63
2025-01-30 18:43:44,012 INFO c.h.h.t.OperatorHelmChartContainer - [local-hivemq-5fcc877b5c] [hivemq] [387caa95] DEBUG - Flushing: /opt/hivemq/data/persistence/incoming_message_flow/043000_R/incoming_message_flow_0
2025-01-30 18:43:44,012 INFO c.h.h.t.OperatorHelmChartContainer - [local-hivemq-5fcc877b5c] [hivemq] [387caa95] DEBUG - Flushing: /opt/hivemq/data/persistence/incoming_message_flow/043000_R/incoming_message_flow_1
2025-01-30 18:43:44,012 INFO c.h.h.t.OperatorHelmChartContainer - [local-hivemq-5fcc877b5c] [hivemq] [387caa95] DEBUG - Flushing: /opt/hivemq/data/persistence/incoming_message_flow/043000_R/incoming_message_flow_2
2025-01-30 18:43:44,012 INFO c.h.h.t.OperatorHelmChartContainer - [local-hivemq-5fcc877b5c] [hivemq] [387caa95] DEBUG - Flushing: /opt/hivemq/data/persistence/incoming_message_flow/043000_R/incoming_message_flow_3
2025-01-30 18:43:44,012 INFO c.h.h.t.OperatorHelmChartContainer - [local-hivemq-5fcc877b5c] [hivemq] [387caa95] DEBUG - Flushing: /opt/hivemq/data/persistence/incoming_message_flow/043000_R/incoming_message_flow_4
2025-01-30 18:43:44,012 INFO c.h.h.t.OperatorHelmChartContainer - [local-hivemq-5fcc877b5c] [hivemq] [387caa95] DEBUG - Flushing: /opt/hivemq/data/persistence/incoming_message_flow/043000_R/incoming_message_flow_5
2025-01-30 18:43:44,012 INFO c.h.h.t.OperatorHelmChartContainer - [local-hivemq-5fcc877b5c] [hivemq] [387caa95] DEBUG - Flushing: /opt/hivemq/data/persistence/incoming_message_flow/043000_R/incoming_message_flow_6
2025-01-30 18:43:44,012 INFO c.h.h.t.OperatorHelmChartContainer - [local-hivemq-5fcc877b5c] [hivemq] [387caa95] DEBUG - Flushing: /opt/hivemq/data/persistence/incoming_message_flow/043000_R/incoming_message_flow_7
2025-01-30 18:43:44,012 INFO c.h.h.t.OperatorHelmChartContainer - [local-hivemq-5fcc877b5c] [hivemq] [387caa95] DEBUG - Flushing: /opt/hivemq/data/persistence/incoming_message_flow/043000_R/incoming_message_flow_8
2025-01-30 18:43:44,012 INFO c.h.h.t.OperatorHelmChartContainer - [local-hivemq-5fcc877b5c] [hivemq] [387caa95] DEBUG - Flushing: /opt/hivemq/data/persistence/incoming_message_flow/043000_R/incoming_message_flow_9
2025-01-30 18:43:44,012 INFO c.h.h.t.OperatorHelmChartContainer - [local-hivemq-5fcc877b5c] [hivemq] [387caa95] DEBUG - Flushing: /opt/hivemq/data/persistence/incoming_message_flow/043000_R/incoming_message_flow_11
2025-01-30 18:43:44,012 INFO c.h.h.t.OperatorHelmChartContainer - [local-hivemq-5fcc877b5c] [hivemq] [387caa95] DEBUG - Flushing: /opt/hivemq/data/persistence/incoming_message_flow/043000_R/incoming_message_flow_10
2025-01-30 18:43:44,012 INFO c.h.h.t.OperatorHelmChartContainer - [local-hivemq-5fcc877b5c] [hivemq] [387caa95] DEBUG - Flushing: /opt/hivemq/data/persistence/incoming_message_flow/043000_R/incoming_message_flow_12
2025-01-30 18:43:44,012 INFO c.h.h.t.OperatorHelmChartContainer - [local-hivemq-5fcc877b5c] [hivemq] [387caa95] DEBUG - Flushing: /opt/hivemq/data/persistence/incoming_message_flow/043000_R/incoming_message_flow_14
2025-01-30 18:43:44,012 INFO c.h.h.t.OperatorHelmChartContainer - [local-hivemq-5fcc877b5c] [hivemq] [387caa95] DEBUG - Flushing: /opt/hivemq/data/persistence/incoming_message_flow/043000_R/incoming_message_flow_13
2025-01-30 18:43:44,012 INFO c.h.h.t.OperatorHelmChartContainer - [local-hivemq-5fcc877b5c] [hivemq] [387caa95] DEBUG - Flushing: /opt/hivemq/data/persistence/incoming_message_flow/043000_R/incoming_message_flow_15
2025-01-30 18:43:44,015 INFO c.h.h.t.OperatorHelmChartContainer - [local-hivemq-6f4d548d79] [hivemq] [ac406a26] DEBUG - Starting After-Join-Cleanup for node NN4KB.
2025-01-30 18:43:44,017 INFO c.h.h.t.OperatorHelmChartContainer - [local-hivemq-5fcc877b5c] [hivemq] [387caa95] DEBUG - Flushing: /opt/hivemq/data/persistence/incoming_message_flow/043000_R/incoming_message_flow_16
2025-01-30 18:43:44,017 INFO c.h.h.t.OperatorHelmChartContainer - [local-hivemq-5fcc877b5c] [hivemq] [387caa95] DEBUG - Flushing: /opt/hivemq/data/persistence/incoming_message_flow/043000_R/incoming_message_flow_18
2025-01-30 18:43:44,017 INFO c.h.h.t.OperatorHelmChartContainer - [local-hivemq-5fcc877b5c] [hivemq] [387caa95] DEBUG - Flushing: /opt/hivemq/data/persistence/incoming_message_flow/043000_R/incoming_message_flow_17
2025-01-30 18:43:44,017 INFO c.h.h.t.OperatorHelmChartContainer - [local-hivemq-5fcc877b5c] [hivemq] [387caa95] DEBUG - Flushing: /opt/hivemq/data/persistence/incoming_message_flow/043000_R/incoming_message_flow_19
2025-01-30 18:43:44,017 INFO c.h.h.t.OperatorHelmChartContainer - [local-hivemq-5fcc877b5c] [hivemq] [387caa95] DEBUG - Flushing: /opt/hivemq/data/persistence/incoming_message_flow/043000_R/incoming_message_flow_20
2025-01-30 18:43:44,017 INFO c.h.h.t.OperatorHelmChartContainer - [local-hivemq-5fcc877b5c] [hivemq] [387caa95] DEBUG - Flushing: /opt/hivemq/data/persistence/incoming_message_flow/043000_R/incoming_message_flow_21
2025-01-30 18:43:44,017 INFO c.h.h.t.OperatorHelmChartContainer - [local-hivemq-5fcc877b5c] [hivemq] [387caa95] DEBUG - Flushing: /opt/hivemq/data/persistence/incoming_message_flow/043000_R/incoming_message_flow_22
2025-01-30 18:43:44,017 INFO c.h.h.t.OperatorHelmChartContainer - [local-hivemq-5fcc877b5c] [hivemq] [387caa95] DEBUG - Flushing: /opt/hivemq/data/persistence/incoming_message_flow/043000_R/incoming_message_flow_23
2025-01-30 18:43:44,017 INFO c.h.h.t.OperatorHelmChartContainer - [local-hivemq-5fcc877b5c] [hivemq] [387caa95] DEBUG - Flushing: /opt/hivemq/data/persistence/incoming_message_flow/043000_R/incoming_message_flow_24
2025-01-30 18:43:44,017 INFO c.h.h.t.OperatorHelmChartContainer - [local-hivemq-5fcc877b5c] [hivemq] [387caa95] DEBUG - Flushing: /opt/hivemq/data/persistence/incoming_message_flow/043000_R/incoming_message_flow_26
2025-01-30 18:43:44,017 INFO c.h.h.t.OperatorHelmChartContainer - [local-hivemq-5fcc877b5c] [hivemq] [387caa95] DEBUG - Flushing: /opt/hivemq/data/persistence/incoming_message_flow/043000_R/incoming_message_flow_25
2025-01-30 18:43:44,017 INFO c.h.h.t.OperatorHelmChartContainer - [local-hivemq-5fcc877b5c] [hivemq] [387caa95] DEBUG - Flushing: /opt/hivemq/data/persistence/incoming_message_flow/043000_R/incoming_message_flow_27
2025-01-30 18:43:44,017 INFO c.h.h.t.OperatorHelmChartContainer - [local-hivemq-5fcc877b5c] [hivemq] [387caa95] DEBUG - Flushing: /opt/hivemq/data/persistence/incoming_message_flow/043000_R/incoming_message_flow_28
2025-01-30 18:43:44,017 INFO c.h.h.t.OperatorHelmChartContainer - [local-hivemq-5fcc877b5c] [hivemq] [387caa95] DEBUG - Flushing: /opt/hivemq/data/persistence/incoming_message_flow/043000_R/incoming_message_flow_31
2025-01-30 18:43:44,017 INFO c.h.h.t.OperatorHelmChartContainer - [local-hivemq-5fcc877b5c] [hivemq] [387caa95] DEBUG - Flushing: /opt/hivemq/data/persistence/incoming_message_flow/043000_R/incoming_message_flow_29
2025-01-30 18:43:44,017 INFO c.h.h.t.OperatorHelmChartContainer - [local-hivemq-5fcc877b5c] [hivemq] [387caa95] DEBUG - Flushing: /opt/hivemq/data/persistence/incoming_message_flow/043000_R/incoming_message_flow_30
2025-01-30 18:43:44,017 INFO c.h.h.t.OperatorHelmChartContainer - [local-hivemq-5fcc877b5c] [hivemq] [387caa95] DEBUG - Flushing: /opt/hivemq/data/persistence/incoming_message_flow/043000_R/incoming_message_flow_32
2025-01-30 18:43:44,017 INFO c.h.h.t.OperatorHelmChartContainer - [local-hivemq-5fcc877b5c] [hivemq] [387caa95] DEBUG - Flushing: /opt/hivemq/data/persistence/incoming_message_flow/043000_R/incoming_message_flow_33
2025-01-30 18:43:44,017 INFO c.h.h.t.OperatorHelmChartContainer - [local-hivemq-5fcc877b5c] [hivemq] [387caa95] DEBUG - Flushing: /opt/hivemq/data/persistence/incoming_message_flow/043000_R/incoming_message_flow_34
2025-01-30 18:43:44,018 INFO c.h.h.t.OperatorHelmChartContainer - [local-hivemq-5fcc877b5c] [hivemq] [387caa95] DEBUG - Flushing: /opt/hivemq/data/persistence/incoming_message_flow/043000_R/incoming_message_flow_35
2025-01-30 18:43:44,018 INFO c.h.h.t.OperatorHelmChartContainer - [local-hivemq-5fcc877b5c] [hivemq] [387caa95] DEBUG - Flushing: /opt/hivemq/data/persistence/incoming_message_flow/043000_R/incoming_message_flow_36
2025-01-30 18:43:44,018 INFO c.h.h.t.OperatorHelmChartContainer - [local-hivemq-5fcc877b5c] [hivemq] [387caa95] DEBUG - Flushing: /opt/hivemq/data/persistence/incoming_message_flow/043000_R/incoming_message_flow_37
2025-01-30 18:43:44,018 INFO c.h.h.t.OperatorHelmChartContainer - [local-hivemq-5fcc877b5c] [hivemq] [387caa95] DEBUG - Flushing: /opt/hivemq/data/persistence/incoming_message_flow/043000_R/incoming_message_flow_38
2025-01-30 18:43:44,018 INFO c.h.h.t.OperatorHelmChartContainer - [local-hivemq-5fcc877b5c] [hivemq] [387caa95] DEBUG - Flushing: /opt/hivemq/data/persistence/incoming_message_flow/043000_R/incoming_message_flow_39
2025-01-30 18:43:44,018 INFO c.h.h.t.OperatorHelmChartContainer - [local-hivemq-5fcc877b5c] [hivemq] [387caa95] DEBUG - Flushing: /opt/hivemq/data/persistence/incoming_message_flow/043000_R/incoming_message_flow_40
2025-01-30 18:43:44,018 INFO c.h.h.t.OperatorHelmChartContainer - [local-hivemq-5fcc877b5c] [hivemq] [387caa95] DEBUG - Flushing: /opt/hivemq/data/persistence/incoming_message_flow/043000_R/incoming_message_flow_41
2025-01-30 18:43:44,018 INFO c.h.h.t.OperatorHelmChartContainer - [local-hivemq-5fcc877b5c] [hivemq] [387caa95] DEBUG - Flushing: /opt/hivemq/data/persistence/incoming_message_flow/043000_R/incoming_message_flow_42
2025-01-30 18:43:44,019 INFO c.h.h.t.OperatorHelmChartContainer - [local-hivemq-5fcc877b5c] [hivemq] [387caa95] DEBUG - Flushing: /opt/hivemq/data/persistence/incoming_message_flow/043000_R/incoming_message_flow_43
2025-01-30 18:43:44,019 INFO c.h.h.t.OperatorHelmChartContainer - [local-hivemq-5fcc877b5c] [hivemq] [387caa95] DEBUG - Flushing: /opt/hivemq/data/persistence/incoming_message_flow/043000_R/incoming_message_flow_44
2025-01-30 18:43:44,019 INFO c.h.h.t.OperatorHelmChartContainer - [local-hivemq-5fcc877b5c] [hivemq] [387caa95] DEBUG - Flushing: /opt/hivemq/data/persistence/incoming_message_flow/043000_R/incoming_message_flow_45
2025-01-30 18:43:44,019 INFO c.h.h.t.OperatorHelmChartContainer - [local-hivemq-5fcc877b5c] [hivemq] [387caa95] DEBUG - Flushing: /opt/hivemq/data/persistence/incoming_message_flow/043000_R/incoming_message_flow_46
2025-01-30 18:43:44,019 INFO c.h.h.t.OperatorHelmChartContainer - [local-hivemq-5fcc877b5c] [hivemq] [387caa95] DEBUG - Flushing: /opt/hivemq/data/persistence/incoming_message_flow/043000_R/incoming_message_flow_47
2025-01-30 18:43:44,021 INFO c.h.h.t.OperatorHelmChartContainer - [local-hivemq-5fcc877b5c] [hivemq] [387caa95] DEBUG - Flushing: /opt/hivemq/data/persistence/incoming_message_flow/043000_R/incoming_message_flow_48
2025-01-30 18:43:44,021 INFO c.h.h.t.OperatorHelmChartContainer - [local-hivemq-5fcc877b5c] [hivemq] [387caa95] DEBUG - Flushing: /opt/hivemq/data/persistence/incoming_message_flow/043000_R/incoming_message_flow_49
2025-01-30 18:43:44,021 INFO c.h.h.t.OperatorHelmChartContainer - [local-hivemq-5fcc877b5c] [hivemq] [387caa95] DEBUG - Flushing: /opt/hivemq/data/persistence/incoming_message_flow/043000_R/incoming_message_flow_50
2025-01-30 18:43:44,021 INFO c.h.h.t.OperatorHelmChartContainer - [local-hivemq-5fcc877b5c] [hivemq] [387caa95] DEBUG - Flushing: /opt/hivemq/data/persistence/incoming_message_flow/043000_R/incoming_message_flow_51
2025-01-30 18:43:44,021 INFO c.h.h.t.OperatorHelmChartContainer - [local-hivemq-5fcc877b5c] [hivemq] [387caa95] DEBUG - Flushing: /opt/hivemq/data/persistence/incoming_message_flow/043000_R/incoming_message_flow_52
2025-01-30 18:43:44,021 INFO c.h.h.t.OperatorHelmChartContainer - [local-hivemq-5fcc877b5c] [hivemq] [387caa95] DEBUG - Flushing: /opt/hivemq/data/persistence/incoming_message_flow/043000_R/incoming_message_flow_53
2025-01-30 18:43:44,021 INFO c.h.h.t.OperatorHelmChartContainer - [local-hivemq-5fcc877b5c] [hivemq] [387caa95] DEBUG - Flushing: /opt/hivemq/data/persistence/incoming_message_flow/043000_R/incoming_message_flow_54
2025-01-30 18:43:44,021 INFO c.h.h.t.OperatorHelmChartContainer - [local-hivemq-5fcc877b5c] [hivemq] [387caa95] DEBUG - Flushing: /opt/hivemq/data/persistence/incoming_message_flow/043000_R/incoming_message_flow_55
2025-01-30 18:43:44,021 INFO c.h.h.t.OperatorHelmChartContainer - [local-hivemq-5fcc877b5c] [hivemq] [387caa95] DEBUG - Flushing: /opt/hivemq/data/persistence/incoming_message_flow/043000_R/incoming_message_flow_56
2025-01-30 18:43:44,021 INFO c.h.h.t.OperatorHelmChartContainer - [local-hivemq-5fcc877b5c] [hivemq] [387caa95] DEBUG - Flushing: /opt/hivemq/data/persistence/incoming_message_flow/043000_R/incoming_message_flow_57
2025-01-30 18:43:44,021 INFO c.h.h.t.OperatorHelmChartContainer - [local-hivemq-5fcc877b5c] [hivemq] [387caa95] DEBUG - Flushing: /opt/hivemq/data/persistence/incoming_message_flow/043000_R/incoming_message_flow_58
2025-01-30 18:43:44,021 INFO c.h.h.t.OperatorHelmChartContainer - [local-hivemq-5fcc877b5c] [hivemq] [387caa95] DEBUG - Flushing: /opt/hivemq/data/persistence/incoming_message_flow/043000_R/incoming_message_flow_59
2025-01-30 18:43:44,021 INFO c.h.h.t.OperatorHelmChartContainer - [local-hivemq-5fcc877b5c] [hivemq] [387caa95] DEBUG - Flushing: /opt/hivemq/data/persistence/incoming_message_flow/043000_R/incoming_message_flow_60
2025-01-30 18:43:44,021 INFO c.h.h.t.OperatorHelmChartContainer - [local-hivemq-5fcc877b5c] [hivemq] [387caa95] DEBUG - Flushing: /opt/hivemq/data/persistence/incoming_message_flow/043000_R/incoming_message_flow_61
2025-01-30 18:43:44,021 INFO c.h.h.t.OperatorHelmChartContainer - [local-hivemq-5fcc877b5c] [hivemq] [387caa95] DEBUG - Flushing: /opt/hivemq/data/persistence/incoming_message_flow/043000_R/incoming_message_flow_62
2025-01-30 18:43:44,021 INFO c.h.h.t.OperatorHelmChartContainer - [local-hivemq-5fcc877b5c] [hivemq] [387caa95] DEBUG - Flushing: /opt/hivemq/data/persistence/incoming_message_flow/043000_R/incoming_message_flow_63
2025-01-30 18:43:44,021 INFO c.h.h.t.OperatorHelmChartContainer - [local-hivemq-5fcc877b5c] [hivemq] [387caa95] DEBUG - Flushing: /opt/hivemq/data/persistence/data_hub_modules/043000_R/data_hub_modules_0
2025-01-30 18:43:44,021 INFO c.h.h.t.OperatorHelmChartContainer - [local-hivemq-5fcc877b5c] [hivemq] [387caa95] DEBUG - Flushing: /opt/hivemq/data/persistence/data_hub_policies/042000_R/data_hub_policies_0
2025-01-30 18:43:44,021 INFO c.h.h.t.OperatorHelmChartContainer - [local-hivemq-5fcc877b5c] [hivemq] [387caa95] DEBUG - Flushing: /opt/hivemq/data/persistence/data_hub_scripts/042300_R/data_hub_scripts_0
2025-01-30 18:43:44,021 INFO c.h.h.t.OperatorHelmChartContainer - [local-hivemq-5fcc877b5c] [hivemq] [387caa95] DEBUG - Flushing: /opt/hivemq/data/persistence/data_hub_schemas/042000_R/data_hub_schemas_0
2025-01-30 18:43:44,021 INFO c.h.h.t.OperatorHelmChartContainer - [local-hivemq-5fcc877b5c] [hivemq] [387caa95] DEBUG - Enabling WAL.
2025-01-30 18:43:44,021 INFO c.h.h.t.OperatorHelmChartContainer - [local-hivemq-5fcc877b5c] [hivemq] [387caa95] DEBUG - Sending RUNNING state request to xT0dm.
2025-01-30 18:43:44,022 INFO c.h.h.t.OperatorHelmChartContainer - [local-hivemq-6f4d548d79] [hivemq] [ac406a26] DEBUG - State of node NN4KB changed to RUNNING was JOINING. Current cluster node states: {NN4KB=RUNNING, xT0dm=RUNNING}
2025-01-30 18:43:44,022 INFO c.h.h.t.OperatorHelmChartContainer - [local-hivemq-6f4d548d79] [hivemq] [ac406a26] INFO  - Cluster size = 2, members : [NN4KB, xT0dm].
2025-01-30 18:43:44,022 INFO c.h.h.t.OperatorHelmChartContainer - [local-hivemq-6f4d548d79] [hivemq] [ac406a26] DEBUG - Sending RUNNING state notification for NN4KB to all nodes.
2025-01-30 18:43:44,043 INFO c.h.h.t.OperatorHelmChartContainer - [local-hivemq-5fcc877b5c] [hivemq] [387caa95] DEBUG - Starting After-Join-Cleanup for node NN4KB.
2025-01-30 18:43:44,052 INFO c.h.h.t.OperatorHelmChartContainer - [local-hivemq-5fcc877b5c] [hivemq] [387caa95] DEBUG - State of node NN4KB changed to RUNNING was JOINING. Current cluster node states: {NN4KB=RUNNING, xT0dm=RUNNING}
2025-01-30 18:43:44,052 INFO c.h.h.t.OperatorHelmChartContainer - [local-hivemq-5fcc877b5c] [hivemq] [387caa95] INFO  - Cluster size = 2, members : [NN4KB, xT0dm].
2025-01-30 18:43:44,067 INFO c.h.h.t.OperatorHelmChartContainer - [local-hivemq-5fcc877b5c] [hivemq] [387caa95] INFO  - Finished cluster join process successfully.
2025-01-30 18:43:44,070 INFO c.h.h.t.OperatorHelmChartContainer - [local-hivemq-6f4d548d79] [hivemq] [ac406a26] DEBUG - Finished After-Join-Cleanup for node NN4KB in 52ms.
2025-01-30 18:43:44,070 INFO c.h.h.t.OperatorHelmChartContainer - [local-hivemq-5fcc877b5c] [hivemq] [387caa95] WARN  - No user for HiveMQ Control Center configured. Starting with default user
2025-01-30 18:43:44,072 INFO c.h.h.t.OperatorHelmChartContainer - [local-hivemq-5fcc877b5c] [hivemq] [387caa95] INFO  - Starting HiveMQ Control Center on address 0.0.0.0 and port 8080
2025-01-30 18:43:44,094 INFO c.h.h.t.OperatorHelmChartContainer - [local-hivemq-5fcc877b5c] [hivemq] [387caa95] DEBUG - Finished After-Join-Cleanup for node NN4KB in 48ms.
2025-01-30 18:43:44,148 INFO c.h.h.t.OperatorHelmChartContainer - [local-hivemq-5fcc877b5c] [hivemq] [387caa95] INFO  - Mounting HiveMQ Control Center V2 Preview
2025-01-30 18:43:44,297 INFO c.h.h.t.OperatorHelmChartContainer - [EVENT] Warning [Unhealthy] Readiness probe failed: Cluster size not matched. Current: 2, expected: 1
 [default:local-hivemq-5fcc877b5c-zq6g8]
2025-01-30 18:43:44,297 INFO c.h.h.t.OperatorHelmChartContainer - Received Unhealthy event for container hivemq in pod local-hivemq-5fcc877b5c-zq6g8 [387caa95-523d-4653-9e76-9ef0ab825733]
2025-01-30 18:43:44,726 INFO c.h.h.t.OperatorHelmChartContainer - [local-hivemq-5fcc877b5c] [hivemq] [387caa95] INFO  - Started HiveMQ Control Center in 657ms
2025-01-30 18:43:44,740 INFO c.h.h.t.OperatorHelmChartContainer - [local-hivemq-5fcc877b5c] [hivemq] [387caa95] INFO  - Starting TCP listener on address 0.0.0.0 and port 1883
2025-01-30 18:43:44,757 INFO c.h.h.t.OperatorHelmChartContainer - [local-hivemq-5fcc877b5c] [hivemq] [387caa95] INFO  - Started TCP Listener on address 0.0.0.0 and on port 1883.
2025-01-30 18:43:44,757 INFO c.h.h.t.OperatorHelmChartContainer - [local-hivemq-5fcc877b5c] [hivemq] [387caa95] INFO  - Started HiveMQ in 16363ms
2025-01-30 18:43:49,269 INFO c.h.h.t.OperatorHelmChartContainer - [POD] local-hivemq-5fcc877b5c-zq6g8 [387caa95-523d-4653-9e76-9ef0ab825733] in default was MODIFIED
2025-01-30 18:43:49,290 INFO c.h.h.t.OperatorHelmChartContainer - [K3S] [replica_set.go:679] "Finished syncing" kind="ReplicaSet" key="default/local-hivemq-5fcc877b5c" duration="22.895159ms"
2025-01-30 18:43:49,291 INFO c.h.h.t.OperatorHelmChartContainer - [K3S] [replica_set.go:679] "Finished syncing" kind="ReplicaSet" key="default/local-hivemq-5fcc877b5c" duration="71.453µs"
2025-01-30 18:44:19,298 INFO c.h.h.t.OperatorHelmChartContainer - [K3S] [replica_set.go:679] "Finished syncing" kind="ReplicaSet" key="default/local-hivemq-5fcc877b5c" duration="6.732704ms"
2025-01-30 18:44:19,298 INFO c.h.h.t.OperatorHelmChartContainer - [K3S] [replica_set.go:679] "Finished syncing" kind="ReplicaSet" key="default/local-hivemq-5fcc877b5c" duration="50.764µs"
2025-01-30 18:44:19,309 INFO c.h.h.t.OperatorHelmChartContainer - [EVENT] Normal [ScalingReplicaSet] Scaled down replica set local-hivemq-6f4d548d79 from 1 to 0 [default:local-hivemq]
2025-01-30 18:44:19,323 INFO c.h.h.t.OperatorHelmChartContainer - [EVENT] Normal [SuccessfulDelete] Deleted pod: local-hivemq-6f4d548d79-5cddq [default:local-hivemq-6f4d548d79]
2025-01-30 18:44:19,324 INFO c.h.h.t.OperatorHelmChartContainer - [EVENT] Normal [Killing] Stopping container hivemq [default:local-hivemq-6f4d548d79-5cddq]
2025-01-30 18:44:19,324 INFO c.h.h.t.OperatorHelmChartContainer - Received Killing event for container hivemq in pod local-hivemq-6f4d548d79-5cddq [ac406a26-c908-475e-a6bf-9d106690c748]
2025-01-30 18:44:19,325 INFO c.h.h.t.OperatorHelmChartContainer - Stopped log watcher for hivemq in pod local-hivemq-6f4d548d79-5cddq [ac406a26-c908-475e-a6bf-9d106690c748]
2025-01-30 18:44:19,326 INFO c.h.h.t.OperatorHelmChartContainer - [POD] local-hivemq-6f4d548d79-5cddq [ac406a26-c908-475e-a6bf-9d106690c748] in default was MODIFIED
2025-01-30 18:44:19,345 INFO c.h.h.t.OperatorHelmChartContainer - [K3S] [replica_set.go:679] "Finished syncing" kind="ReplicaSet" key="default/local-hivemq-6f4d548d79" duration="37.521305ms"
2025-01-30 18:44:19,364 INFO c.h.h.t.OperatorHelmChartContainer - [K3S] [replica_set.go:679] "Finished syncing" kind="ReplicaSet" key="default/local-hivemq-6f4d548d79" duration="18.896865ms"
2025-01-30 18:44:19,365 INFO c.h.h.t.OperatorHelmChartContainer - [K3S] [replica_set.go:679] "Finished syncing" kind="ReplicaSet" key="default/local-hivemq-6f4d548d79" duration="49.061µs"
2025-01-30 18:44:19,379 DEBUG com.hivemq.helmcharts.util.K8sUtil - State to compare Updating and waiting for Running
2025-01-30 18:44:19,542 INFO c.h.h.t.OperatorHelmChartContainer - [local-hivemq-6f4d548d79] [hivemq] [ac406a26] INFO  - Shutting down HiveMQ. Please wait, this could take a while...
2025-01-30 18:44:19,545 INFO c.h.h.t.OperatorHelmChartContainer - [local-hivemq-6f4d548d79] [hivemq] [ac406a26] INFO  - Shutting down listeners and clients
2025-01-30 18:44:19,567 INFO c.h.h.t.OperatorHelmChartContainer - [local-hivemq-6f4d548d79] [hivemq] [ac406a26] DEBUG - Closed channel of listener with name 'tcp-listener-1883'
2025-01-30 18:44:19,568 INFO c.h.h.t.OperatorHelmChartContainer - [local-hivemq-6f4d548d79] [hivemq] [ac406a26] INFO  - Shutdown of listeners is done
2025-01-30 18:44:19,568 INFO c.h.h.t.OperatorHelmChartContainer - [local-hivemq-6f4d548d79] [hivemq] [ac406a26] INFO  - No clients are connected, proceeding with shutdown
2025-01-30 18:44:19,568 INFO c.h.h.t.OperatorHelmChartContainer - [local-hivemq-6f4d548d79] [hivemq] [ac406a26] DEBUG - Shutting down worker and boss threads
2025-01-30 18:44:19,633 DEBUG com.hivemq.helmcharts.util.K8sUtil - State to compare Updating and waiting for Running
2025-01-30 18:44:21,576 INFO c.h.h.t.OperatorHelmChartContainer - [local-hivemq-6f4d548d79] [hivemq] [ac406a26] DEBUG - Shutting down Data Hub
2025-01-30 18:44:22,774 INFO c.h.h.t.OperatorHelmChartContainer - [local-hivemq-6f4d548d79] [hivemq] [ac406a26] DEBUG - Data Hub shut down successfully in 1198ms
2025-01-30 18:44:22,774 INFO c.h.h.t.OperatorHelmChartContainer - [local-hivemq-6f4d548d79] [hivemq] [ac406a26] DEBUG - Stopping RocksDBMemoryUsageWatchdog.
2025-01-30 18:44:22,774 INFO c.h.h.t.OperatorHelmChartContainer - [local-hivemq-6f4d548d79] [hivemq] [ac406a26] DEBUG - Terminating thread rocksdb-memory-usage-watchdog.
2025-01-30 18:44:22,775 INFO c.h.h.t.OperatorHelmChartContainer - [local-hivemq-6f4d548d79] [hivemq] [ac406a26] DEBUG - Stopped RocksDBMemoryUsageWatchdog.
2025-01-30 18:44:22,775 INFO c.h.h.t.OperatorHelmChartContainer - [local-hivemq-6f4d548d79] [hivemq] [ac406a26] INFO  - Shutting down extension system
2025-01-30 18:44:22,779 INFO c.h.h.t.OperatorHelmChartContainer - [local-hivemq-6f4d548d79] [hivemq] [ac406a26] INFO  - Stopping extension with id hivemq-dns-cluster-discovery
2025-01-30 18:44:22,779 INFO c.h.h.t.OperatorHelmChartContainer - [local-hivemq-6f4d548d79] [hivemq] [ac406a26] INFO  - Extension "DNS Cluster Discovery Extension" version 4.3.3 stopped successfully.
2025-01-30 18:44:22,780 INFO c.h.h.t.OperatorHelmChartContainer - [local-hivemq-6f4d548d79] [hivemq] [ac406a26] INFO  - Stopping extension with id hivemq-k8s-sync-extension
2025-01-30 18:44:22,781 INFO c.h.h.t.OperatorHelmChartContainer - [local-hivemq-6f4d548d79] [hivemq] [ac406a26] INFO  - Stopped HiveMQ Kubernetes State Synchronization Extension:1.0.3
2025-01-30 18:44:22,781 INFO c.h.h.t.OperatorHelmChartContainer - [local-hivemq-6f4d548d79] [hivemq] [ac406a26] INFO  - Extension "HiveMQ Kubernetes State Synchronization Extension" version 1.0.3 stopped successfully.
2025-01-30 18:44:22,781 INFO c.h.h.t.OperatorHelmChartContainer - [local-hivemq-6f4d548d79] [hivemq] [ac406a26] INFO  - Stopping extension with id hivemq-allow-all-extension
2025-01-30 18:44:22,781 INFO c.h.h.t.OperatorHelmChartContainer - [local-hivemq-6f4d548d79] [hivemq] [ac406a26] INFO  - Extension "Allow All Extension" version 1.1.1 stopped successfully.
2025-01-30 18:44:22,781 INFO c.h.h.t.OperatorHelmChartContainer - [local-hivemq-6f4d548d79] [hivemq] [ac406a26] DEBUG - Simple authenticator of extension 'hivemq-allow-all-extension' removed.
2025-01-30 18:44:22,782 INFO c.h.h.t.OperatorHelmChartContainer - [local-hivemq-6f4d548d79] [hivemq] [ac406a26] DEBUG - Running cluster shutdown hooks
2025-01-30 18:44:22,789 INFO c.h.h.t.OperatorHelmChartContainer - [local-hivemq-5fcc877b5c] [hivemq] [387caa95] INFO  - Cluster nodes found by discovery: [NN4KB|2] (1) [NN4KB].
2025-01-30 18:44:22,789 INFO c.h.h.t.OperatorHelmChartContainer - [local-hivemq-5fcc877b5c] [hivemq] [387caa95] DEBUG - Previous running nodes [xT0dm, NN4KB]
2025-01-30 18:44:22,795 INFO c.h.h.t.OperatorHelmChartContainer - [local-hivemq-5fcc877b5c] [hivemq] [387caa95] INFO  - Cluster size = 1, members : [NN4KB].
2025-01-30 18:44:22,798 INFO c.h.h.t.OperatorHelmChartContainer - [local-hivemq-5fcc877b5c] [hivemq] [387caa95] DEBUG - Removed state of node xT0dm.
2025-01-30 18:44:22,799 INFO c.h.h.t.OperatorHelmChartContainer - [local-hivemq-6f4d548d79] [hivemq] [ac406a26] DEBUG - Shutting down managed extension executor service
2025-01-30 18:44:22,799 INFO c.h.h.t.OperatorHelmChartContainer - [local-hivemq-5fcc877b5c] [hivemq] [387caa95] DEBUG - Node left cluster: 'xT0dm'
2025-01-30 18:44:22,804 INFO c.h.h.t.OperatorHelmChartContainer - [local-hivemq-6f4d548d79] [hivemq] [ac406a26] DEBUG - Stopped Trace Recording Event Loop gracefully
2025-01-30 18:44:22,804 INFO c.h.h.t.OperatorHelmChartContainer - [local-hivemq-6f4d548d79] [hivemq] [ac406a26] DEBUG - The Event Loop for Trace Recordings is shutting down and is not available anymore
2025-01-30 18:44:25,079 INFO c.h.h.t.OperatorHelmChartContainer - [local-hivemq-6f4d548d79] [hivemq] [ac406a26] INFO  - Shutdown completed.
2025-01-30 18:44:25,634 INFO c.h.h.t.OperatorHelmChartContainer - [K3S] [replica_set.go:679] "Finished syncing" kind="ReplicaSet" key="default/local-hivemq-6f4d548d79" duration="47.718µs"
2025-01-30 18:44:25,639 INFO c.h.h.t.OperatorHelmChartContainer - [POD] local-hivemq-6f4d548d79-5cddq [ac406a26-c908-475e-a6bf-9d106690c748] in default was MODIFIED
2025-01-30 18:44:25,704 INFO c.h.h.t.OperatorHelmChartContainer - [K3S] [reconciler_common.go:162] "operationExecutor.UnmountVolume started for volume \"backup\" (UniqueName: \"kubernetes.io/empty-dir/ac406a26-c908-475e-a6bf-9d106690c748-backup\") pod \"ac406a26-c908-475e-a6bf-9d106690c748\" (UID: \"ac406a26-c908-475e-a6bf-9d106690c748\") "
2025-01-30 18:44:25,704 INFO c.h.h.t.OperatorHelmChartContainer - [K3S] [reconciler_common.go:162] "operationExecutor.UnmountVolume started for volume \"log\" (UniqueName: \"kubernetes.io/empty-dir/ac406a26-c908-475e-a6bf-9d106690c748-log\") pod \"ac406a26-c908-475e-a6bf-9d106690c748\" (UID: \"ac406a26-c908-475e-a6bf-9d106690c748\") "
2025-01-30 18:44:25,704 INFO c.h.h.t.OperatorHelmChartContainer - [K3S] [reconciler_common.go:162] "operationExecutor.UnmountVolume started for volume \"shared-data\" (UniqueName: \"kubernetes.io/empty-dir/ac406a26-c908-475e-a6bf-9d106690c748-shared-data\") pod \"ac406a26-c908-475e-a6bf-9d106690c748\" (UID: \"ac406a26-c908-475e-a6bf-9d106690c748\") "
2025-01-30 18:44:25,706 INFO c.h.h.t.OperatorHelmChartContainer - [K3S] [reconciler_common.go:162] "operationExecutor.UnmountVolume started for volume \"heap-dumps\" (UniqueName: \"kubernetes.io/empty-dir/ac406a26-c908-475e-a6bf-9d106690c748-heap-dumps\") pod \"ac406a26-c908-475e-a6bf-9d106690c748\" (UID: \"ac406a26-c908-475e-a6bf-9d106690c748\") "
2025-01-30 18:44:25,706 INFO c.h.h.t.OperatorHelmChartContainer - [K3S] [reconciler_common.go:162] "operationExecutor.UnmountVolume started for volume \"data\" (UniqueName: \"kubernetes.io/empty-dir/ac406a26-c908-475e-a6bf-9d106690c748-data\") pod \"ac406a26-c908-475e-a6bf-9d106690c748\" (UID: \"ac406a26-c908-475e-a6bf-9d106690c748\") "
2025-01-30 18:44:25,706 INFO c.h.h.t.OperatorHelmChartContainer - [K3S] [reconciler_common.go:162] "operationExecutor.UnmountVolume started for volume \"audit\" (UniqueName: \"kubernetes.io/empty-dir/ac406a26-c908-475e-a6bf-9d106690c748-audit\") pod \"ac406a26-c908-475e-a6bf-9d106690c748\" (UID: \"ac406a26-c908-475e-a6bf-9d106690c748\") "
2025-01-30 18:44:25,706 INFO c.h.h.t.OperatorHelmChartContainer - [K3S] [reconciler_common.go:162] "operationExecutor.UnmountVolume started for volume \"conf-override\" (UniqueName: \"kubernetes.io/empty-dir/ac406a26-c908-475e-a6bf-9d106690c748-conf-override\") pod \"ac406a26-c908-475e-a6bf-9d106690c748\" (UID: \"ac406a26-c908-475e-a6bf-9d106690c748\") "
2025-01-30 18:44:25,706 INFO c.h.h.t.OperatorHelmChartContainer - [K3S] [reconciler_common.go:162] "operationExecutor.UnmountVolume started for volume \"kube-api-access-5p4v6\" (UniqueName: \"kubernetes.io/projected/ac406a26-c908-475e-a6bf-9d106690c748-kube-api-access-5p4v6\") pod \"ac406a26-c908-475e-a6bf-9d106690c748\" (UID: \"ac406a26-c908-475e-a6bf-9d106690c748\") "
2025-01-30 18:44:25,706 INFO c.h.h.t.OperatorHelmChartContainer - [K3S] [reconciler_common.go:162] "operationExecutor.UnmountVolume started for volume \"live-info\" (UniqueName: \"kubernetes.io/configmap/ac406a26-c908-475e-a6bf-9d106690c748-live-info\") pod \"ac406a26-c908-475e-a6bf-9d106690c748\" (UID: \"ac406a26-c908-475e-a6bf-9d106690c748\") "
2025-01-30 18:44:25,706 INFO c.h.h.t.OperatorHelmChartContainer - [K3S] [reconciler_common.go:162] "operationExecutor.UnmountVolume started for volume \"dns-wait-config\" (UniqueName: \"kubernetes.io/configmap/ac406a26-c908-475e-a6bf-9d106690c748-dns-wait-config\") pod \"ac406a26-c908-475e-a6bf-9d106690c748\" (UID: \"ac406a26-c908-475e-a6bf-9d106690c748\") "
2025-01-30 18:44:25,805 INFO c.h.h.t.OperatorHelmChartContainer - [K3S] [reconciler_common.go:299] "Volume detached for volume \"conf-override\" (UniqueName: \"kubernetes.io/empty-dir/ac406a26-c908-475e-a6bf-9d106690c748-conf-override\") on node \"f9fcd521f1d0\" DevicePath \"\""
2025-01-30 18:44:25,805 INFO c.h.h.t.OperatorHelmChartContainer - [K3S] [reconciler_common.go:299] "Volume detached for volume \"kube-api-access-5p4v6\" (UniqueName: \"kubernetes.io/projected/ac406a26-c908-475e-a6bf-9d106690c748-kube-api-access-5p4v6\") on node \"f9fcd521f1d0\" DevicePath \"\""
2025-01-30 18:44:25,805 INFO c.h.h.t.OperatorHelmChartContainer - [K3S] [reconciler_common.go:299] "Volume detached for volume \"live-info\" (UniqueName: \"kubernetes.io/configmap/ac406a26-c908-475e-a6bf-9d106690c748-live-info\") on node \"f9fcd521f1d0\" DevicePath \"\""
2025-01-30 18:44:25,805 INFO c.h.h.t.OperatorHelmChartContainer - [K3S] [reconciler_common.go:299] "Volume detached for volume \"dns-wait-config\" (UniqueName: \"kubernetes.io/configmap/ac406a26-c908-475e-a6bf-9d106690c748-dns-wait-config\") on node \"f9fcd521f1d0\" DevicePath \"\""
2025-01-30 18:44:25,805 INFO c.h.h.t.OperatorHelmChartContainer - [K3S] [reconciler_common.go:299] "Volume detached for volume \"backup\" (UniqueName: \"kubernetes.io/empty-dir/ac406a26-c908-475e-a6bf-9d106690c748-backup\") on node \"f9fcd521f1d0\" DevicePath \"\""
2025-01-30 18:44:25,805 INFO c.h.h.t.OperatorHelmChartContainer - [K3S] [reconciler_common.go:299] "Volume detached for volume \"log\" (UniqueName: \"kubernetes.io/empty-dir/ac406a26-c908-475e-a6bf-9d106690c748-log\") on node \"f9fcd521f1d0\" DevicePath \"\""
2025-01-30 18:44:25,805 INFO c.h.h.t.OperatorHelmChartContainer - [K3S] [reconciler_common.go:299] "Volume detached for volume \"shared-data\" (UniqueName: \"kubernetes.io/empty-dir/ac406a26-c908-475e-a6bf-9d106690c748-shared-data\") on node \"f9fcd521f1d0\" DevicePath \"\""
2025-01-30 18:44:25,805 INFO c.h.h.t.OperatorHelmChartContainer - [K3S] [reconciler_common.go:299] "Volume detached for volume \"heap-dumps\" (UniqueName: \"kubernetes.io/empty-dir/ac406a26-c908-475e-a6bf-9d106690c748-heap-dumps\") on node \"f9fcd521f1d0\" DevicePath \"\""
2025-01-30 18:44:25,805 INFO c.h.h.t.OperatorHelmChartContainer - [K3S] [reconciler_common.go:299] "Volume detached for volume \"data\" (UniqueName: \"kubernetes.io/empty-dir/ac406a26-c908-475e-a6bf-9d106690c748-data\") on node \"f9fcd521f1d0\" DevicePath \"\""
2025-01-30 18:44:25,805 INFO c.h.h.t.OperatorHelmChartContainer - [K3S] [reconciler_common.go:299] "Volume detached for volume \"audit\" (UniqueName: \"kubernetes.io/empty-dir/ac406a26-c908-475e-a6bf-9d106690c748-audit\") on node \"f9fcd521f1d0\" DevicePath \"\""
2025-01-30 18:44:26,302 INFO c.h.h.t.OperatorHelmChartContainer - [K3S] [scope.go:117] "RemoveContainer" containerID="4feb2bab585a212559ea062de7df7e087698bffca2d81e9355b40d79888f6eb1"
2025-01-30 18:44:26,308 INFO c.h.h.t.OperatorHelmChartContainer - [K3S] [scope.go:117] "RemoveContainer" containerID="b7762f41d034cd3e38815382d9d758b8ec1c5d6a4e367313c1aa8a013ec166ab"
2025-01-30 18:44:26,311 INFO c.h.h.t.OperatorHelmChartContainer - [K3S] [scope.go:117] "RemoveContainer" containerID="7f65713f0875aa82ad6962252293016c3abf82fd49c6346081b76238a6be961a"
2025-01-30 18:44:26,316 INFO c.h.h.t.OperatorHelmChartContainer - [K3S] [scope.go:117] "RemoveContainer" containerID="4feb2bab585a212559ea062de7df7e087698bffca2d81e9355b40d79888f6eb1"
2025-01-30 18:44:26,317 INFO c.h.h.t.OperatorHelmChartContainer - [K3S] [replica_set.go:679] "Finished syncing" kind="ReplicaSet" key="default/local-hivemq-6f4d548d79" duration="109.723µs"
2025-01-30 18:44:26,320 INFO c.h.h.t.OperatorHelmChartContainer - [K3S] [scope.go:117] "RemoveContainer" containerID="b7762f41d034cd3e38815382d9d758b8ec1c5d6a4e367313c1aa8a013ec166ab"
2025-01-30 18:44:26,320 INFO c.h.h.t.OperatorHelmChartContainer - [K3S] [scope.go:117] "RemoveContainer" containerID="7f65713f0875aa82ad6962252293016c3abf82fd49c6346081b76238a6be961a"
2025-01-30 18:44:26,322 INFO c.h.h.t.OperatorHelmChartContainer - [POD] local-hivemq-6f4d548d79-5cddq [ac406a26-c908-475e-a6bf-9d106690c748] in default was MODIFIED
2025-01-30 18:44:26,323 INFO c.h.h.t.OperatorHelmChartContainer - [K3S] [replica_set.go:679] "Finished syncing" kind="ReplicaSet" key="default/local-hivemq-6f4d548d79" duration="50.373µs"
2025-01-30 18:44:26,326 INFO c.h.h.t.OperatorHelmChartContainer - [POD] local-hivemq-6f4d548d79-5cddq [ac406a26-c908-475e-a6bf-9d106690c748] in default was DELETED
2025-01-30 18:44:26,367 DEBUG com.hivemq.helmcharts.util.K8sUtil - State to compare Updating and waiting for Running
2025-01-30 18:44:26,463 DEBUG com.hivemq.helmcharts.util.K8sUtil - State to compare Updating and waiting for Running
2025-01-30 18:44:26,617 DEBUG com.hivemq.helmcharts.util.K8sUtil - State to compare Running and waiting for Running
2025-01-30 18:44:26,618 INFO c.h.h.t.OperatorHelmChartContainer - [local-hivemq-hivemq-operator] [operator] [65aa4ab4] ?[36m18:44:26.617?[0;39m ?[1;30m[pool-3-thread-12]?[0;39m ?[34mINFO ?[0;39m ?[35mcom.hivemq.Operator?[0;39m - State synchronization complete for cluster 'local-hivemq' in namespace 'default' in 72734ms
2025-01-30 18:44:26,665 INFO c.h.h.t.OperatorHelmChartContainer - Stopped log watcher for operator in pod local-hivemq-hivemq-operator-operator-6b564f6db4-bt2cn [65aa4ab4-66de-480d-a738-f6c437dbedbc]
2025-01-30 18:44:26,665 INFO c.h.h.t.OperatorHelmChartContainer - Stopped log watcher for hivemq in pod local-hivemq-5fcc877b5c-zq6g8 [387caa95-523d-4653-9e76-9ef0ab825733]
2025-01-30 18:44:26,683 INFO c.h.h.t.OperatorHelmChartContainer - [K3S] [WARNING] signal received: \"terminated\", canceling context...
2025-01-30 18:44:26,688 INFO c.h.h.t.OperatorHelmChartContainer - [K3S] [INFO] TTL events watch channel closed
2025-01-30 18:44:26,688 INFO c.h.h.t.OperatorHelmChartContainer - [K3S] [secure_serving.go:258] Stopped listening on 127.0.0.1:10258
2025-01-30 18:44:26,688 INFO c.h.h.t.OperatorHelmChartContainer - [K3S] [tlsconfig.go:258] "Shutting down DynamicServingCertificateController"
2025-01-30 18:44:26,688 INFO c.h.h.t.OperatorHelmChartContainer - [K3S] [health_controller.go:224] Shutting down HealthController RunCheck
2025-01-30 18:44:26,688 INFO c.h.h.t.OperatorHelmChartContainer - [K3S] [INFO] Shutting down /v1, Kind=ServiceAccount workers
2025-01-30 18:44:26,688 INFO c.h.h.t.OperatorHelmChartContainer - [K3S] [INFO] Shutting down /v1, Kind=Secret workers
2025-01-30 18:44:26,688 INFO c.h.h.t.OperatorHelmChartContainer - [K3S] [INFO] Shutting down /v1, Kind=ConfigMap workers
2025-01-30 18:44:26,688 INFO c.h.h.t.OperatorHelmChartContainer - [K3S] [network_policy_controller.go:190] Shutting down network policies full sync goroutine
2025-01-30 18:44:26,688 INFO c.h.h.t.OperatorHelmChartContainer - [K3S] [INFO] Shutting down batch/v1, Kind=Job workers
2025-01-30 18:44:26,688 INFO c.h.h.t.OperatorHelmChartContainer - [K3S] [INFO] Shutting down rbac.authorization.k8s.io/v1, Kind=ClusterRoleBinding workers
2025-01-30 18:44:26,688 INFO c.h.h.t.OperatorHelmChartContainer - [K3S] [INFO] Shutting down helm.cattle.io/v1, Kind=HelmChartConfig workers
2025-01-30 18:44:26,688 INFO c.h.h.t.OperatorHelmChartContainer - [K3S] [INFO] Shutting down helm.cattle.io/v1, Kind=HelmChart workers
2025-01-30 18:44:26,688 INFO c.h.h.t.OperatorHelmChartContainer - [K3S] [INFO] Shutting down /v1, Kind=Node workers
2025-01-30 18:44:26,688 INFO c.h.h.t.OperatorHelmChartContainer - [K3S] [INFO] Shutting down k3s.cattle.io/v1, Kind=Addon workers
2025-01-30 18:44:26,688 INFO c.h.h.t.OperatorHelmChartContainer - [K3S] [controller.go:133] Shutting down kubernetes service endpoint reconciler
2025-01-30 18:44:26,688 INFO c.h.h.t.OperatorHelmChartContainer - [K3S] [INFO] Proxy done" err="context canceled" url="wss://172.17.0.3:6443/v1-k3s/connect
2025-01-30 18:44:26,688 INFO c.h.h.t.OperatorHelmChartContainer - [K3S] [INFO] TTL events work queue has shut down
2025-01-30 18:44:26,688 INFO c.h.h.t.OperatorHelmChartContainer - [K3S] [requestheader_controller.go:194] Shutting down RequestHeaderAuthRequestController
2025-01-30 18:44:26,688 INFO c.h.h.t.OperatorHelmChartContainer - [K3S] [configmap_cafile_content.go:226] "Shutting down controller" name="client-ca::kube-system::extension-apiserver-authentication::requestheader-client-ca-file"
2025-01-30 18:44:26,688 INFO c.h.h.t.OperatorHelmChartContainer - [K3S] [configmap_cafile_content.go:226] "Shutting down controller" name="client-ca::kube-system::extension-apiserver-authentication::client-ca-file"
2025-01-30 18:44:26,690 INFO c.h.h.t.OperatorHelmChartContainer - [K3S] [INFO] error in remotedialer server [400]: websocket: close 1006 (abnormal closure): unexpected EOF
2025-01-30 18:44:26,690 INFO c.h.h.t.OperatorHelmChartContainer - [K3S] [network_policy_controller.go:205] Shutting down network policies controller
2025-01-30 18:44:26,813 INFO c.h.h.t.OperatorHelmChartContainer - [K3S] 
2025-01-30 18:44:26,813 INFO c.h.h.t.OperatorHelmChartContainer - [K3S] 
]]></system-out>
  </testcase>
  <system-out><![CDATA[2025-01-30 18:40:55,195 INFO o.testcontainers.DockerClientFactory - Testcontainers version: 1.20.4
2025-01-30 18:40:55,639 INFO o.t.d.DockerClientProviderStrategy - Found Docker environment with local Unix socket (unix:///var/run/docker.sock)
2025-01-30 18:40:55,656 INFO o.testcontainers.DockerClientFactory - Docker host IP address is localhost
2025-01-30 18:40:55,674 INFO o.testcontainers.DockerClientFactory - Connected to docker: 
  Server Version: 26.1.3
  API Version: 1.45
  Operating System: Ubuntu 24.04.1 LTS
  Total Memory: 15990 MB
2025-01-30 18:40:55,680 INFO o.testcontainers.images.PullPolicy - Image pull policy will be performed by: DefaultPullPolicy()
2025-01-30 18:40:55,682 INFO o.t.utility.ImageNameSubstitutor - Image name substitution will be performed by: DefaultImageNameSubstitutor (composite of 'ConfigurationFileImageNameSubstitutor' and 'PrefixingImageNameSubstitutor')
2025-01-30 18:40:55,705 INFO tc.testcontainers/ryuk:0.11.0 - Pulling docker image: testcontainers/ryuk:0.11.0. Please be patient; this may take some time but only needs to be done once.
2025-01-30 18:40:56,615 INFO tc.testcontainers/ryuk:0.11.0 - Starting to pull image
2025-01-30 18:40:56,632 INFO tc.testcontainers/ryuk:0.11.0 - Pulling image layers:  0 pending,  0 downloaded,  0 extracted, (0 bytes/0 bytes)
2025-01-30 18:40:56,771 INFO tc.testcontainers/ryuk:0.11.0 - Pulling image layers:  2 pending,  1 downloaded,  0 extracted, (879 KB/? MB)
2025-01-30 18:40:56,804 INFO tc.testcontainers/ryuk:0.11.0 - Pulling image layers:  1 pending,  2 downloaded,  0 extracted, (879 KB/? MB)
2025-01-30 18:40:56,841 INFO tc.testcontainers/ryuk:0.11.0 - Pulling image layers:  0 pending,  3 downloaded,  0 extracted, (7 MB/10 MB)
2025-01-30 18:40:56,908 INFO tc.testcontainers/ryuk:0.11.0 - Pulling image layers:  0 pending,  3 downloaded,  1 extracted, (10 MB/10 MB)
2025-01-30 18:40:57,022 INFO tc.testcontainers/ryuk:0.11.0 - Pulling image layers:  0 pending,  3 downloaded,  2 extracted, (10 MB/10 MB)
2025-01-30 18:40:57,064 INFO tc.testcontainers/ryuk:0.11.0 - Pulling image layers:  0 pending,  3 downloaded,  3 extracted, (10 MB/10 MB)
2025-01-30 18:40:57,071 INFO tc.testcontainers/ryuk:0.11.0 - Image testcontainers/ryuk:0.11.0 pull took PT1.365252615S
2025-01-30 18:40:57,091 INFO tc.testcontainers/ryuk:0.11.0 - Creating container for image: testcontainers/ryuk:0.11.0
2025-01-30 18:40:57,158 INFO tc.testcontainers/ryuk:0.11.0 - Container testcontainers/ryuk:0.11.0 is starting: 3e697ae7c91e02d93b17492eadb84409a8e6f815d4079687c8e5054062c7c966
2025-01-30 18:40:57,404 INFO tc.testcontainers/ryuk:0.11.0 - Container testcontainers/ryuk:0.11.0 started in PT0.313469803S
2025-01-30 18:40:57,408 INFO o.t.utility.RyukResourceReaper - Ryuk started - will monitor and terminate Testcontainers containers on JVM exit
2025-01-30 18:40:57,408 INFO o.testcontainers.DockerClientFactory - Checking the system...
2025-01-30 18:40:57,409 INFO o.testcontainers.DockerClientFactory - ✔︎ Docker server version should be at least 1.6.0
2025-01-30 18:40:57,429 INFO o.t.i.builder.ImageFromDockerfile - Pre-emptively checking local images for 'ubuntu:noble-20241118.1@sha256:80dd3c3b9c6cecb9f1667e9290b3bc61b78c2678c02cbdae5f0fea92cc6734ab', referenced via a Dockerfile. If not available, it will be pulled.
2025-01-30 18:40:57,432 INFO t.u.1@sha256:80dd3c... - Pulling docker image: ubuntu:noble-20241118.1@sha256:80dd3c3b9c6cecb9f1667e9290b3bc61b78c2678c02cbdae5f0fea92cc6734ab. Please be patient; this may take some time but only needs to be done once.
2025-01-30 18:40:57,545 INFO t.u.1@sha256:80dd3c... - Starting to pull image
2025-01-30 18:40:57,546 INFO t.u.1@sha256:80dd3c... - Pulling image layers:  0 pending,  0 downloaded,  0 extracted, (0 bytes/0 bytes)
2025-01-30 18:40:58,051 INFO t.u.1@sha256:80dd3c... - Pulling image layers:  0 pending,  1 downloaded,  0 extracted, (25 MB/28 MB)
2025-01-30 18:40:59,066 INFO t.u.1@sha256:80dd3c... - Pulling image layers:  0 pending,  1 downloaded,  1 extracted, (28 MB/28 MB)
2025-01-30 18:40:59,074 INFO t.u.1@sha256:80dd3c... - Pull complete. 1 layers, pulled in 1s (downloaded 28 MB at 28 MB/s)
2025-01-30 18:40:59,074 INFO t.u.1@sha256:80dd3c... - Image ubuntu:noble-20241118.1@sha256:80dd3c3b9c6cecb9f1667e9290b3bc61b78c2678c02cbdae5f0fea92cc6734ab pull took PT1.64190351S
2025-01-30 18:40:59,076 INFO o.t.i.builder.ImageFromDockerfile - Pre-emptively checking local images for 'rancher/k3s:v1.32.1-k3s1', referenced via a Dockerfile. If not available, it will be pulled.
2025-01-30 18:40:59,078 INFO tc.rancher/k3s:v1.32.1-k3s1 - Pulling docker image: rancher/k3s:v1.32.1-k3s1. Please be patient; this may take some time but only needs to be done once.
2025-01-30 18:40:59,255 INFO tc.rancher/k3s:v1.32.1-k3s1 - Starting to pull image
2025-01-30 18:40:59,256 INFO tc.rancher/k3s:v1.32.1-k3s1 - Pulling image layers:  0 pending,  0 downloaded,  0 extracted, (0 bytes/0 bytes)
2025-01-30 18:41:00,360 INFO tc.rancher/k3s:v1.32.1-k3s1 - Pulling image layers:  0 pending,  1 downloaded,  0 extracted, (68 MB/71 MB)
2025-01-30 18:41:01,404 INFO tc.rancher/k3s:v1.32.1-k3s1 - Pulling image layers:  0 pending,  1 downloaded,  1 extracted, (71 MB/71 MB)
2025-01-30 18:41:01,411 INFO tc.rancher/k3s:v1.32.1-k3s1 - Pull complete. 1 layers, pulled in 2s (downloaded 71 MB at 35 MB/s)
2025-01-30 18:41:01,411 INFO tc.rancher/k3s:v1.32.1-k3s1 - Image rancher/k3s:v1.32.1-k3s1 pull took PT2.332922307S
2025-01-30 18:41:01,418 INFO o.t.i.builder.ImageFromDockerfile - Transferred 0 bytes to Docker daemon
]]></system-out>
  <system-err><![CDATA[]]></system-err>
</testsuite>
