<?xml version="1.0" encoding="UTF-8"?>
<testsuite name="com.hivemq.helmcharts.EseExtensionInstallationIT" tests="1" skipped="0" failures="0" errors="0" timestamp="2025-06-16T09:08:44" hostname="fv-az1333-274" time="206.747">
  <properties/>
  <testcase name="withExtensionConfiguration_hivemqRunning()" classname="com.hivemq.helmcharts.EseExtensionInstallationIT" time="206.747"/>
</testsuite>
