<?xml version="1.0" encoding="UTF-8"?>
<testsuite name="com.hivemq.helmcharts.extensions.HelmCustomExtensionWithHttpBasicAuthIT" tests="1" skipped="0" failures="0" errors="0" timestamp="2025-04-15T09:31:00" hostname="fv-az2236-721" time="102.241">
  <properties/>
  <testcase name="platformChart_whenCustomExtensionIsConfigured_withHttpBasicAuth_thenStartsUpSuccessfully()" classname="com.hivemq.helmcharts.extensions.HelmCustomExtensionWithHttpBasicAuthIT" time="102.241"/>
</testsuite>
