<?xml version="1.0" encoding="UTF-8"?>
<testsuite name="com.hivemq.helmcharts.serviceaccount.HelmCustomServiceAccountCreateMissingPermissionsIT" tests="1" skipped="0" failures="0" errors="0" timestamp="2025-09-30T11:12:15" hostname="runnervm3ublj" time="100.431">
  <properties/>
  <testcase name="platformCharts_withNonExistingPermissionsThenCreate_hivemqRunning()" classname="com.hivemq.helmcharts.serviceaccount.HelmCustomServiceAccountCreateMissingPermissionsIT" time="100.431"/>
</testsuite>
