<?xml version="1.0" encoding="UTF-8"?>
<testsuite name="com.hivemq.helmcharts.UserPermissionsIT" tests="1" skipped="0" failures="0" errors="0" timestamp="2025-02-13T17:08:40" hostname="fv-az1372-996" time="124.679">
  <properties/>
  <testcase name="withLocalImages_mqttMessagePublishedReceived()" classname="com.hivemq.helmcharts.UserPermissionsIT" time="124.679"/>
</testsuite>
