<?xml version="1.0" encoding="UTF-8"?>
<testsuite name="com.hivemq.helmcharts.extensions.HelmCustomExtensionIT" tests="3" skipped="0" failures="0" errors="0" timestamp="2025-03-21T09:00:57" hostname="fv-az1692-967" time="333.21">
  <properties/>
  <testcase name="platformChart_whenCustomExtensionIsConfigured_withHttpBasicAuth_thenStartsUpSuccessfully()" classname="com.hivemq.helmcharts.extensions.HelmCustomExtensionIT" time="109.991"/>
  <testcase name="platformChart_whenCustomExtensionIsConfigured_withHttp_thenStartsUpSuccessfully()" classname="com.hivemq.helmcharts.extensions.HelmCustomExtensionIT" time="110.427"/>
  <testcase name="platformChart_whenCustomExtensionIsConfigured_withHttps_thenStartsUpSuccessfully()" classname="com.hivemq.helmcharts.extensions.HelmCustomExtensionIT" time="112.791"/>
</testsuite>
