<?xml version="1.0" encoding="UTF-8"?>
<testsuite name="com.hivemq.helmcharts.services.HelmMqttIT" tests="5" skipped="0" failures="0" errors="0" timestamp="2025-02-28T20:50:25" hostname="fv-az813-749" time="509.7">
  <properties/>
  <testcase name="platformChart_withCustomServiceName_thenSendsReceivesMessage()" classname="com.hivemq.helmcharts.services.HelmMqttIT" time="99.591"/>
  <testcase name="platformChart_whenMqttNodePortEnabled_thenSendsReceivesMessage()" classname="com.hivemq.helmcharts.services.HelmMqttIT" time="101.101"/>
  <testcase name="platformChart_whenMqttLoadBalancerEnabled_thenSendsReceivesMessage()" classname="com.hivemq.helmcharts.services.HelmMqttIT" time="101.654"/>
  <testcase name="platformChart_whenMqttAnnotationsEnabled_thenAnnotationsExist()" classname="com.hivemq.helmcharts.services.HelmMqttIT" time="106.408"/>
  <testcase name="platformChart_whenMqttEnabled_thenSendsReceivesMessage()" classname="com.hivemq.helmcharts.services.HelmMqttIT" time="100.945"/>
</testsuite>
