<?xml version="1.0" encoding="UTF-8"?>
<testsuite name="com.hivemq.helmcharts.extensions.HelmUpgradeExtensionIT" tests="2" skipped="0" failures="0" errors="0" timestamp="2025-05-13T15:11:27" hostname="fv-az788-179" time="476.175">
  <properties/>
  <testcase name="withBridgeConfiguration_enableDisableBridge()" classname="com.hivemq.helmcharts.extensions.HelmUpgradeExtensionIT" time="185.851"/>
  <testcase name="withBridgeConfiguration_updateExtensionWithNewConfig()" classname="com.hivemq.helmcharts.extensions.HelmUpgradeExtensionIT" time="290.32"/>
</testsuite>
