<?xml version="1.0" encoding="UTF-8"?>
<testsuite name="com.hivemq.helmcharts.license.HelmExtensionLicensesIT" tests="2" skipped="0" failures="0" errors="0" timestamp="2025-03-22T03:16:16" hostname="fv-az1781-141" time="222.018">
  <properties/>
  <testcase name="withExtensionLicenseFileContent_statefulSetWithLicenseSecretMounted()" classname="com.hivemq.helmcharts.license.HelmExtensionLicensesIT" time="112.833"/>
  <testcase name="withExistingExtensionLicenseSecret_statefulSetWithLicenseSecretMounted()" classname="com.hivemq.helmcharts.license.HelmExtensionLicensesIT" time="109.185"/>
</testsuite>
