<?xml version="1.0" encoding="UTF-8"?>
<testsuite name="com.hivemq.helmcharts.platform.HelmPlatformInstallIT" tests="1" skipped="0" failures="0" errors="0" timestamp="2025-04-16T11:13:43" hostname="fv-az1945-539" time="87.315">
  <properties/>
  <testcase name="withLocalCharts_hivemqRunning()" classname="com.hivemq.helmcharts.platform.HelmPlatformInstallIT" time="87.315"/>
</testsuite>
