<?xml version="1.0" encoding="UTF-8"?>
<testsuite name="com.hivemq.helmcharts.ExtensionInstallationIT" tests="1" skipped="0" failures="0" errors="0" timestamp="2025-01-30T18:30:11" hostname="fv-az1047-845" time="129.049">
  <properties/>
  <testcase name="withLogExtensionConfiguration_hivemqRunning()" classname="com.hivemq.helmcharts.ExtensionInstallationIT" time="129.049">
    <system-out><![CDATA[2025-01-30 18:30:11,151 INFO t.localhost/testcontainers/rabbfztrk8ktamxw:latest - Creating container for image: localhost/testcontainers/rabbfztrk8ktamxw:latest
2025-01-30 18:30:11,272 INFO t.localhost/testcontainers/rabbfztrk8ktamxw:latest - Container localhost/testcontainers/rabbfztrk8ktamxw:latest is starting: bbf9300cc49a7ba6b80079158bfa31944a6bdaae9a852a0948e5c8b87517bb92
2025-01-30 18:30:11,651 INFO c.h.h.t.OperatorHelmChartContainer - [K3S] [INFO] Starting k3s v1.32.1+k3s1 (6a322f12)
2025-01-30 18:30:11,654 INFO c.h.h.t.OperatorHelmChartContainer - [K3S] [INFO] Configuring sqlite3 database connection pooling: maxIdleConns=2, maxOpenConns=0, connMaxLifetime=0s
2025-01-30 18:30:11,654 INFO c.h.h.t.OperatorHelmChartContainer - [K3S] [INFO] Configuring database table schema and indexes, this may take a moment...
2025-01-30 18:30:11,657 INFO c.h.h.t.OperatorHelmChartContainer - [K3S] [INFO] Database tables and indexes are up to date
2025-01-30 18:30:11,660 INFO c.h.h.t.OperatorHelmChartContainer - [K3S] [INFO] Kine available at unix://kine.sock
2025-01-30 18:30:11,801 INFO c.h.h.t.OperatorHelmChartContainer - [K3S] [INFO] Saving cluster bootstrap data to datastore
2025-01-30 18:30:11,802 INFO c.h.h.t.OperatorHelmChartContainer - [K3S] [WARNING] dynamiclistener [::]:6443: no cached certificate available for preload - deferring certificate load until storage initialization or first client request
2025-01-30 18:30:11,803 INFO c.h.h.t.OperatorHelmChartContainer - [K3S] [INFO] Active TLS secret / (ver=) (count 10): map[listener.cattle.io/cn-10.43.0.1:10.43.0.1 listener.cattle.io/cn-127.0.0.1:127.0.0.1 listener.cattle.io/cn-172.17.0.3:172.17.0.3 listener.cattle.io/cn-__1-f16284:::1 listener.cattle.io/cn-bbf9300cc49a:bbf9300cc49a listener.cattle.io/cn-kubernetes:kubernetes listener.cattle.io/cn-kubernetes.default:kubernetes.default listener.cattle.io/cn-kubernetes.default.svc:kubernetes.default.svc listener.cattle.io/cn-kubernetes.default.svc.cluster.local:kubernetes.default.svc.cluster.local listener.cattle.io/cn-localhost:localhost listener.cattle.io/fingerprint:SHA1=A8B1AB2C68E2E16378DC3BFA9F28B77AE3753674]
2025-01-30 18:30:11,971 INFO c.h.h.t.OperatorHelmChartContainer - [K3S] [INFO] Running kube-apiserver --advertise-port=6443 --allow-privileged=true --anonymous-auth=false --api-audiences=https://kubernetes.default.svc.cluster.local,k3s --authorization-mode=Node,RBAC --bind-address=127.0.0.1 --cert-dir=/var/lib/rancher/k3s/server/tls/temporary-certs --client-ca-file=/var/lib/rancher/k3s/server/tls/client-ca.crt --egress-selector-config-file=/var/lib/rancher/k3s/server/etc/egress-selector-config.yaml --enable-admission-plugins=NodeRestriction --enable-aggregator-routing=true --enable-bootstrap-token-auth=true --etcd-servers=unix://kine.sock --kubelet-certificate-authority=/var/lib/rancher/k3s/server/tls/server-ca.crt --kubelet-client-certificate=/var/lib/rancher/k3s/server/tls/client-kube-apiserver.crt --kubelet-client-key=/var/lib/rancher/k3s/server/tls/client-kube-apiserver.key --kubelet-preferred-address-types=InternalIP,ExternalIP,Hostname --profiling=false --proxy-client-cert-file=/var/lib/rancher/k3s/server/tls/client-auth-proxy.crt --proxy-client-key-file=/var/lib/rancher/k3s/server/tls/client-auth-proxy.key --requestheader-allowed-names=system:auth-proxy --requestheader-client-ca-file=/var/lib/rancher/k3s/server/tls/request-header-ca.crt --requestheader-extra-headers-prefix=X-Remote-Extra- --requestheader-group-headers=X-Remote-Group --requestheader-username-headers=X-Remote-User --secure-port=6444 --service-account-issuer=https://kubernetes.default.svc.cluster.local --service-account-key-file=/var/lib/rancher/k3s/server/tls/service.key --service-account-signing-key-file=/var/lib/rancher/k3s/server/tls/service.current.key --service-cluster-ip-range=10.43.0.0/16 --service-node-port-range=30000-32767 --storage-backend=etcd3 --tls-cert-file=/var/lib/rancher/k3s/server/tls/serving-kube-apiserver.crt --tls-cipher-suites=TLS_ECDHE_ECDSA_WITH_AES_256_GCM_SHA384,TLS_ECDHE_RSA_WITH_AES_256_GCM_SHA384,TLS_ECDHE_ECDSA_WITH_AES_128_GCM_SHA256,TLS_ECDHE_RSA_WITH_AES_128_GCM_SHA256,TLS_ECDHE_ECDSA_WITH_CHACHA20_POLY1305,TLS_ECDHE_RSA_WITH_CHACHA20_POLY1305 --tls-private-key-file=/var/lib/rancher/k3s/server/tls/serving-kube-apiserver.key
2025-01-30 18:30:11,972 INFO c.h.h.t.OperatorHelmChartContainer - [K3S] [INFO] Running kube-scheduler --authentication-kubeconfig=/var/lib/rancher/k3s/server/cred/scheduler.kubeconfig --authorization-kubeconfig=/var/lib/rancher/k3s/server/cred/scheduler.kubeconfig --bind-address=127.0.0.1 --kubeconfig=/var/lib/rancher/k3s/server/cred/scheduler.kubeconfig --leader-elect=false --profiling=false --secure-port=10259
2025-01-30 18:30:11,972 INFO c.h.h.t.OperatorHelmChartContainer - [K3S] [INFO] Waiting for API server to become available
2025-01-30 18:30:11,972 INFO c.h.h.t.OperatorHelmChartContainer - [K3S] [registry.go:256] calling componentGlobalsRegistry.AddFlags more than once, the registry will be set by the latest flags
2025-01-30 18:30:11,972 INFO c.h.h.t.OperatorHelmChartContainer - [K3S] [INFO] Running kube-controller-manager --allocate-node-cidrs=true --authentication-kubeconfig=/var/lib/rancher/k3s/server/cred/controller.kubeconfig --authorization-kubeconfig=/var/lib/rancher/k3s/server/cred/controller.kubeconfig --bind-address=127.0.0.1 --cluster-cidr=10.42.0.0/16 --cluster-signing-kube-apiserver-client-cert-file=/var/lib/rancher/k3s/server/tls/client-ca.nochain.crt --cluster-signing-kube-apiserver-client-key-file=/var/lib/rancher/k3s/server/tls/client-ca.key --cluster-signing-kubelet-client-cert-file=/var/lib/rancher/k3s/server/tls/client-ca.nochain.crt --cluster-signing-kubelet-client-key-file=/var/lib/rancher/k3s/server/tls/client-ca.key --cluster-signing-kubelet-serving-cert-file=/var/lib/rancher/k3s/server/tls/server-ca.nochain.crt --cluster-signing-kubelet-serving-key-file=/var/lib/rancher/k3s/server/tls/server-ca.key --cluster-signing-legacy-unknown-cert-file=/var/lib/rancher/k3s/server/tls/server-ca.nochain.crt --cluster-signing-legacy-unknown-key-file=/var/lib/rancher/k3s/server/tls/server-ca.key --configure-cloud-routes=false --controllers=*,tokencleaner,-service,-route,-cloud-node-lifecycle --kubeconfig=/var/lib/rancher/k3s/server/cred/controller.kubeconfig --leader-elect=false --profiling=false --root-ca-file=/var/lib/rancher/k3s/server/tls/server-ca.crt --secure-port=10257 --service-account-private-key-file=/var/lib/rancher/k3s/server/tls/service.current.key --service-cluster-ip-range=10.43.0.0/16 --use-service-account-credentials=true
2025-01-30 18:30:11,972 INFO c.h.h.t.OperatorHelmChartContainer - [K3S] [registry.go:256] calling componentGlobalsRegistry.AddFlags more than once, the registry will be set by the latest flags
2025-01-30 18:30:11,972 INFO c.h.h.t.OperatorHelmChartContainer - [K3S] [options.go:299] unable to set WatchListClient feature gate, err: cannot override default for feature "WatchListClient": gates already added to a flag set
2025-01-30 18:30:11,973 INFO c.h.h.t.OperatorHelmChartContainer - [K3S] [registry.go:256] calling componentGlobalsRegistry.AddFlags more than once, the registry will be set by the latest flags
2025-01-30 18:30:11,973 INFO c.h.h.t.OperatorHelmChartContainer - [K3S] [options.go:238] external host was not specified, using 172.17.0.3
2025-01-30 18:30:11,974 INFO c.h.h.t.OperatorHelmChartContainer - [K3S] [INFO] Running cloud-controller-manager --allocate-node-cidrs=true --authentication-kubeconfig=/var/lib/rancher/k3s/server/cred/cloud-controller.kubeconfig --authorization-kubeconfig=/var/lib/rancher/k3s/server/cred/cloud-controller.kubeconfig --bind-address=127.0.0.1 --cloud-config=/var/lib/rancher/k3s/server/etc/cloud-config.yaml --cloud-provider=k3s --cluster-cidr=10.42.0.0/16 --configure-cloud-routes=false --controllers=*,-route --kubeconfig=/var/lib/rancher/k3s/server/cred/cloud-controller.kubeconfig --leader-elect=false --leader-elect-resource-name=k3s-cloud-controller-manager --node-status-update-frequency=1m0s --profiling=false
2025-01-30 18:30:11,974 INFO c.h.h.t.OperatorHelmChartContainer - [K3S] [INFO] Server node token is available at /var/lib/rancher/k3s/server/token
2025-01-30 18:30:11,975 INFO c.h.h.t.OperatorHelmChartContainer - [K3S] [INFO] To join server node to cluster: k3s server -s https://172.17.0.3:6443 -t ${SERVER_NODE_TOKEN}
2025-01-30 18:30:11,976 INFO c.h.h.t.OperatorHelmChartContainer - [K3S] [INFO] Agent node token is available at /var/lib/rancher/k3s/server/agent-token
2025-01-30 18:30:11,976 INFO c.h.h.t.OperatorHelmChartContainer - [K3S] [INFO] To join agent node to cluster: k3s agent -s https://172.17.0.3:6443 -t ${AGENT_NODE_TOKEN}
2025-01-30 18:30:11,976 INFO c.h.h.t.OperatorHelmChartContainer - [K3S] [server.go:151] Version: v1.32.1+k3s1
2025-01-30 18:30:11,976 INFO c.h.h.t.OperatorHelmChartContainer - [K3S] [server.go:153] "Golang settings" GOGC="" GOMAXPROCS="" GOTRACEBACK=""
2025-01-30 18:30:11,976 INFO c.h.h.t.OperatorHelmChartContainer - [K3S] [INFO] Wrote kubeconfig /etc/rancher/k3s/k3s.yaml
2025-01-30 18:30:11,976 INFO c.h.h.t.OperatorHelmChartContainer - [K3S] [INFO] Run: k3s kubectl
2025-01-30 18:30:12,324 INFO c.h.h.t.OperatorHelmChartContainer - [K3S] [plugins.go:157] Loaded 13 mutating admission controller(s) successfully in the following order: NamespaceLifecycle,LimitRanger,ServiceAccount,NodeRestriction,TaintNodesByCondition,Priority,DefaultTolerationSeconds,DefaultStorageClass,StorageObjectInUseProtection,RuntimeClass,DefaultIngressClass,MutatingAdmissionPolicy,MutatingAdmissionWebhook.
2025-01-30 18:30:12,324 INFO c.h.h.t.OperatorHelmChartContainer - [K3S] [plugins.go:160] Loaded 13 validating admission controller(s) successfully in the following order: LimitRanger,ServiceAccount,PodSecurity,Priority,PersistentVolumeClaimResize,RuntimeClass,CertificateApproval,CertificateSigning,ClusterTrustBundleAttest,CertificateSubjectRestriction,ValidatingAdmissionPolicy,ValidatingAdmissionWebhook,ResourceQuota.
2025-01-30 18:30:12,324 INFO c.h.h.t.OperatorHelmChartContainer - [K3S] [instance.go:233] Using reconciler: lease
2025-01-30 18:30:12,394 INFO c.h.h.t.OperatorHelmChartContainer - [K3S] [apis.go:106] API group "internal.apiserver.k8s.io" is not enabled, skipping.
2025-01-30 18:30:12,438 INFO c.h.h.t.OperatorHelmChartContainer - [K3S] [apis.go:106] API group "storagemigration.k8s.io" is not enabled, skipping.
2025-01-30 18:30:12,463 INFO c.h.h.t.OperatorHelmChartContainer - [K3S] [apis.go:106] API group "resource.k8s.io" is not enabled, skipping.
2025-01-30 18:30:12,633 INFO c.h.h.t.OperatorHelmChartContainer - [K3S] [INFO] Password verified locally for node bbf9300cc49a
2025-01-30 18:30:12,835 INFO c.h.h.t.OperatorHelmChartContainer - [K3S] [dynamic_cafile_content.go:161] "Starting controller" name="request-header::/var/lib/rancher/k3s/server/tls/request-header-ca.crt"
2025-01-30 18:30:12,835 INFO c.h.h.t.OperatorHelmChartContainer - [K3S] [dynamic_cafile_content.go:161] "Starting controller" name="client-ca-bundle::/var/lib/rancher/k3s/server/tls/client-ca.crt"
2025-01-30 18:30:12,835 INFO c.h.h.t.OperatorHelmChartContainer - [K3S] [dynamic_serving_content.go:135] "Starting controller" name="serving-cert::/var/lib/rancher/k3s/server/tls/serving-kube-apiserver.crt::/var/lib/rancher/k3s/server/tls/serving-kube-apiserver.key"
2025-01-30 18:30:12,837 INFO c.h.h.t.OperatorHelmChartContainer - [K3S] [secure_serving.go:213] Serving securely on 127.0.0.1:6444
2025-01-30 18:30:12,838 INFO c.h.h.t.OperatorHelmChartContainer - [K3S] [tlsconfig.go:243] "Starting DynamicServingCertificateController"
2025-01-30 18:30:12,838 INFO c.h.h.t.OperatorHelmChartContainer - [K3S] [local_available_controller.go:156] Starting LocalAvailability controller
2025-01-30 18:30:12,838 INFO c.h.h.t.OperatorHelmChartContainer - [K3S] [aggregator.go:169] waiting for initial CRD sync...
2025-01-30 18:30:12,838 INFO c.h.h.t.OperatorHelmChartContainer - [K3S] [system_namespaces_controller.go:66] Starting system namespaces controller
2025-01-30 18:30:12,838 INFO c.h.h.t.OperatorHelmChartContainer - [K3S] [remote_available_controller.go:411] Starting RemoteAvailability controller
2025-01-30 18:30:12,838 INFO c.h.h.t.OperatorHelmChartContainer - [K3S] [controller.go:78] Starting OpenAPI AggregationController
2025-01-30 18:30:12,839 INFO c.h.h.t.OperatorHelmChartContainer - [K3S] [customresource_discovery_controller.go:292] Starting DiscoveryController
2025-01-30 18:30:12,839 INFO c.h.h.t.OperatorHelmChartContainer - [K3S] [cluster_authentication_trust_controller.go:462] Starting cluster_authentication_trust_controller controller
2025-01-30 18:30:12,839 INFO c.h.h.t.OperatorHelmChartContainer - [K3S] [dynamic_serving_content.go:135] "Starting controller" name="aggregator-proxy-cert::/var/lib/rancher/k3s/server/tls/client-auth-proxy.crt::/var/lib/rancher/k3s/server/tls/client-auth-proxy.key"
2025-01-30 18:30:12,839 INFO c.h.h.t.OperatorHelmChartContainer - [K3S] [apiservice_controller.go:100] Starting APIServiceRegistrationController
2025-01-30 18:30:12,839 INFO c.h.h.t.OperatorHelmChartContainer - [K3S] [crdregistration_controller.go:114] Starting crd-autoregister controller
2025-01-30 18:30:12,839 INFO c.h.h.t.OperatorHelmChartContainer - [K3S] [controller.go:119] Starting legacy_token_tracking_controller
2025-01-30 18:30:12,839 INFO c.h.h.t.OperatorHelmChartContainer - [K3S] [apf_controller.go:377] Starting API Priority and Fairness config controller
2025-01-30 18:30:12,839 INFO c.h.h.t.OperatorHelmChartContainer - [K3S] [gc_controller.go:78] Starting apiserver lease garbage collector
2025-01-30 18:30:12,839 INFO c.h.h.t.OperatorHelmChartContainer - [K3S] [controller.go:80] Starting OpenAPI V3 AggregationController
2025-01-30 18:30:12,839 INFO c.h.h.t.OperatorHelmChartContainer - [K3S] [establishing_controller.go:81] Starting EstablishingController
2025-01-30 18:30:12,839 INFO c.h.h.t.OperatorHelmChartContainer - [K3S] [nonstructuralschema_controller.go:195] Starting NonStructuralSchemaConditionController
2025-01-30 18:30:12,839 INFO c.h.h.t.OperatorHelmChartContainer - [K3S] [apiapproval_controller.go:189] Starting KubernetesAPIApprovalPolicyConformantConditionController
2025-01-30 18:30:12,839 INFO c.h.h.t.OperatorHelmChartContainer - [K3S] [crd_finalizer.go:269] Starting CRDFinalizer
2025-01-30 18:30:12,839 INFO c.h.h.t.OperatorHelmChartContainer - [K3S] [dynamic_cafile_content.go:161] "Starting controller" name="client-ca-bundle::/var/lib/rancher/k3s/server/tls/client-ca.crt"
2025-01-30 18:30:12,839 INFO c.h.h.t.OperatorHelmChartContainer - [K3S] [dynamic_cafile_content.go:161] "Starting controller" name="request-header::/var/lib/rancher/k3s/server/tls/request-header-ca.crt"
2025-01-30 18:30:12,839 INFO c.h.h.t.OperatorHelmChartContainer - [K3S] [controller.go:90] Starting OpenAPI V3 controller
2025-01-30 18:30:12,839 INFO c.h.h.t.OperatorHelmChartContainer - [K3S] [naming_controller.go:294] Starting NamingConditionController
2025-01-30 18:30:12,839 INFO c.h.h.t.OperatorHelmChartContainer - [K3S] [controller.go:142] Starting OpenAPI controller
2025-01-30 18:30:12,921 INFO c.h.h.t.OperatorHelmChartContainer - [K3S] [policy_source.go:240] refreshing policies
2025-01-30 18:30:12,939 INFO c.h.h.t.OperatorHelmChartContainer - [K3S] [aggregator.go:171] initial CRD sync complete...
2025-01-30 18:30:12,939 INFO c.h.h.t.OperatorHelmChartContainer - [K3S] [autoregister_controller.go:144] Starting autoregister controller
2025-01-30 18:30:12,939 INFO c.h.h.t.OperatorHelmChartContainer - [K3S] [apf_controller.go:382] Running API Priority and Fairness config worker
2025-01-30 18:30:12,939 INFO c.h.h.t.OperatorHelmChartContainer - [K3S] [apf_controller.go:385] Running API Priority and Fairness periodic rebalancing process
2025-01-30 18:30:12,939 INFO c.h.h.t.OperatorHelmChartContainer - [K3S] [handler_discovery.go:451] Starting ResourceDiscoveryManager
2025-01-30 18:30:12,990 INFO c.h.h.t.OperatorHelmChartContainer - [K3S] [controller.go:95] Unable to perform initial Kubernetes service initialization: namespaces "default" not found
2025-01-30 18:30:13,215 INFO c.h.h.t.OperatorHelmChartContainer - [K3S] [INFO] Module overlay was already loaded
2025-01-30 18:30:13,216 INFO c.h.h.t.OperatorHelmChartContainer - [K3S] [INFO] Module nf_conntrack was already loaded
2025-01-30 18:30:13,216 INFO c.h.h.t.OperatorHelmChartContainer - [K3S] [INFO] Module br_netfilter was already loaded
2025-01-30 18:30:13,220 INFO c.h.h.t.OperatorHelmChartContainer - [K3S] [INFO] Set sysctl 'net/netfilter/nf_conntrack_max' to 131072
2025-01-30 18:30:13,220 INFO c.h.h.t.OperatorHelmChartContainer - [K3S] [INFO] Set sysctl 'net/netfilter/nf_conntrack_tcp_timeout_established' to 86400
2025-01-30 18:30:13,220 INFO c.h.h.t.OperatorHelmChartContainer - [K3S] [INFO] Set sysctl 'net/netfilter/nf_conntrack_tcp_timeout_close_wait' to 3600
2025-01-30 18:30:13,222 INFO c.h.h.t.OperatorHelmChartContainer - [K3S] [INFO] Logging containerd to /var/lib/rancher/k3s/agent/containerd/containerd.log
2025-01-30 18:30:13,222 INFO c.h.h.t.OperatorHelmChartContainer - [K3S] [INFO] Running containerd -c /var/lib/rancher/k3s/agent/etc/containerd/config.toml -a /run/k3s/containerd/containerd.sock --state /run/k3s/containerd --root /var/lib/rancher/k3s/agent/containerd
2025-01-30 18:30:13,841 INFO c.h.h.t.OperatorHelmChartContainer - [K3S] [storage_scheduling.go:95] created PriorityClass system-node-critical with value 2000001000
2025-01-30 18:30:13,844 INFO c.h.h.t.OperatorHelmChartContainer - [K3S] [storage_scheduling.go:95] created PriorityClass system-cluster-critical with value 2000000000
2025-01-30 18:30:13,844 INFO c.h.h.t.OperatorHelmChartContainer - [K3S] [storage_scheduling.go:111] all system priority classes are created successfully or already exist.
2025-01-30 18:30:14,226 INFO c.h.h.t.OperatorHelmChartContainer - [K3S] [INFO] containerd is now running
2025-01-30 18:30:14,229 INFO c.h.h.t.OperatorHelmChartContainer - [K3S] [INFO] Connecting to proxy" url="wss://127.0.0.1:6443/v1-k3s/connect
2025-01-30 18:30:14,230 INFO c.h.h.t.OperatorHelmChartContainer - [K3S] [INFO] Creating k3s-cert-monitor event broadcaster
2025-01-30 18:30:14,235 INFO c.h.h.t.OperatorHelmChartContainer - [K3S] [INFO] Running kubelet --cloud-provider=external --config-dir=/var/lib/rancher/k3s/agent/etc/kubelet.conf.d --containerd=/run/k3s/containerd/containerd.sock --hostname-override=bbf9300cc49a --kubeconfig=/var/lib/rancher/k3s/agent/kubelet.kubeconfig --node-ip=172.17.0.3 --node-labels=
2025-01-30 18:30:14,236 INFO c.h.h.t.OperatorHelmChartContainer - [K3S] [INFO] Handling backend connection request [bbf9300cc49a]
2025-01-30 18:30:14,236 INFO c.h.h.t.OperatorHelmChartContainer - [K3S] [INFO] Remotedialer connected to proxy" url="wss://127.0.0.1:6443/v1-k3s/connect
2025-01-30 18:30:14,237 INFO c.h.h.t.OperatorHelmChartContainer - [K3S] Flag --containerd has been deprecated, This is a cadvisor flag that was mistakenly registered with the Kubelet. Due to legacy concerns, it will follow the standard CLI deprecation timeline before being removed.
2025-01-30 18:30:14,242 INFO c.h.h.t.OperatorHelmChartContainer - [K3S] [server.go:515] "Kubelet version" kubeletVersion="v1.32.1+k3s1"
2025-01-30 18:30:14,242 INFO c.h.h.t.OperatorHelmChartContainer - [K3S] [server.go:517] "Golang settings" GOGC="" GOMAXPROCS="" GOTRACEBACK=""
2025-01-30 18:30:14,243 INFO c.h.h.t.OperatorHelmChartContainer - [K3S] [dynamic_cafile_content.go:161] "Starting controller" name="client-ca-bundle::/var/lib/rancher/k3s/agent/client-ca.crt"
2025-01-30 18:30:14,246 INFO c.h.h.t.OperatorHelmChartContainer - [K3S] [log.go:32] "RuntimeConfig from runtime service failed" err="rpc error: code = Unimplemented desc = method RuntimeConfig not implemented"
2025-01-30 18:30:14,246 INFO c.h.h.t.OperatorHelmChartContainer - [K3S] [server.go:1416] "CRI implementation should be updated to support RuntimeConfig when KubeletCgroupDriverFromCRI feature gate has been enabled. Falling back to using cgroupDriver from kubelet config."
2025-01-30 18:30:14,250 INFO c.h.h.t.OperatorHelmChartContainer - [K3S] [info.go:53] Couldn't collect info from any of the files in "/etc/machine-id,/var/lib/dbus/machine-id"
2025-01-30 18:30:14,250 INFO c.h.h.t.OperatorHelmChartContainer - [K3S] [server.go:767] "--cgroups-per-qos enabled, but --cgroup-root was not specified.  defaulting to /"
2025-01-30 18:30:14,250 INFO c.h.h.t.OperatorHelmChartContainer - [K3S] [server.go:836] "NoSwap is set due to memorySwapBehavior not specified" memorySwapBehavior="" FailSwapOn=false
2025-01-30 18:30:14,250 INFO c.h.h.t.OperatorHelmChartContainer - [K3S] [swap_util.go:115] "Swap is on" /proc/swaps contents=<
2025-01-30 18:30:14,250 INFO c.h.h.t.OperatorHelmChartContainer - [K3S] 	Filename				Type		Size		Used		Priority
2025-01-30 18:30:14,250 INFO c.h.h.t.OperatorHelmChartContainer - [K3S] 	/mnt/swapfile                           file		4194300		268		-2
2025-01-30 18:30:14,250 INFO c.h.h.t.OperatorHelmChartContainer - [K3S]  >
2025-01-30 18:30:14,251 INFO c.h.h.t.OperatorHelmChartContainer - [K3S] [container_manager_linux.go:268] "Container manager verified user specified cgroup-root exists" cgroupRoot=[]
2025-01-30 18:30:14,251 INFO c.h.h.t.OperatorHelmChartContainer - [K3S] [container_manager_linux.go:273] "Creating Container Manager object based on Node Config" nodeConfig={"NodeName":"bbf9300cc49a","RuntimeCgroupsName":"","SystemCgroupsName":"","KubeletCgroupsName":"/k3s","KubeletOOMScoreAdj":-999,"ContainerRuntime":"","CgroupsPerQOS":true,"CgroupRoot":"/","CgroupDriver":"cgroupfs","KubeletRootDir":"/var/lib/kubelet","ProtectKernelDefaults":false,"KubeReservedCgroupName":"","SystemReservedCgroupName":"","ReservedSystemCPUs":{},"EnforceNodeAllocatable":{"pods":{}},"KubeReserved":null,"SystemReserved":null,"HardEvictionThresholds":[{"Signal":"imagefs.available","Operator":"LessThan","Value":{"Quantity":null,"Percentage":0.05},"GracePeriod":0,"MinReclaim":null},{"Signal":"nodefs.available","Operator":"LessThan","Value":{"Quantity":null,"Percentage":0.05},"GracePeriod":0,"MinReclaim":null}],"QOSReserved":{},"CPUManagerPolicy":"none","CPUManagerPolicyOptions":null,"TopologyManagerScope":"container","CPUManagerReconcilePeriod":10000000000,"ExperimentalMemoryManagerPolicy":"None","ExperimentalMemoryManagerReservedMemory":null,"PodPidsLimit":-1,"EnforceCPULimits":true,"CPUCFSQuotaPeriod":100000000,"TopologyManagerPolicy":"none","TopologyManagerPolicyOptions":null,"CgroupVersion":2}
2025-01-30 18:30:14,252 INFO c.h.h.t.OperatorHelmChartContainer - [K3S] [topology_manager.go:138] "Creating topology manager with none policy"
2025-01-30 18:30:14,252 INFO c.h.h.t.OperatorHelmChartContainer - [K3S] [container_manager_linux.go:304] "Creating device plugin manager"
2025-01-30 18:30:14,252 INFO c.h.h.t.OperatorHelmChartContainer - [K3S] [state_mem.go:36] "Initialized new in-memory state store"
2025-01-30 18:30:14,252 INFO c.h.h.t.OperatorHelmChartContainer - [K3S] [kubelet.go:446] "Attempting to sync node with API server"
2025-01-30 18:30:14,252 INFO c.h.h.t.OperatorHelmChartContainer - [K3S] [kubelet.go:341] "Adding static pod path" path="/var/lib/rancher/k3s/agent/pod-manifests"
2025-01-30 18:30:14,252 INFO c.h.h.t.OperatorHelmChartContainer - [K3S] [kubelet.go:352] "Adding apiserver pod source"
2025-01-30 18:30:14,252 INFO c.h.h.t.OperatorHelmChartContainer - [K3S] [apiserver.go:42] "Waiting for node sync before watching apiserver pods"
2025-01-30 18:30:14,255 INFO c.h.h.t.OperatorHelmChartContainer - [K3S] [kuberuntime_manager.go:269] "Container runtime initialized" containerRuntime="containerd" version="v1.7.23-k3s2" apiVersion="v1"
2025-01-30 18:30:14,255 INFO c.h.h.t.OperatorHelmChartContainer - [K3S] [kubelet.go:890] "Not starting ClusterTrustBundle informer because we are in static kubelet mode"
2025-01-30 18:30:14,255 INFO c.h.h.t.OperatorHelmChartContainer - [K3S] [probe.go:272] Flexvolume plugin directory at /usr/libexec/kubernetes/kubelet-plugins/volume/exec/ does not exist. Recreating.
2025-01-30 18:30:14,255 INFO c.h.h.t.OperatorHelmChartContainer - [K3S] [watchdog_linux.go:99] "Systemd watchdog is not enabled"
2025-01-30 18:30:14,256 INFO c.h.h.t.OperatorHelmChartContainer - [K3S] [server.go:1282] "Started kubelet"
2025-01-30 18:30:14,256 INFO c.h.h.t.OperatorHelmChartContainer - [K3S] [server.go:208] "Starting to listen read-only" address="0.0.0.0" port=10255
2025-01-30 18:30:14,256 INFO c.h.h.t.OperatorHelmChartContainer - [K3S] [ratelimit.go:55] "Setting rate limiting for endpoint" service="podresources" qps=100 burstTokens=10
2025-01-30 18:30:14,260 INFO c.h.h.t.OperatorHelmChartContainer - [K3S] [server.go:243] "Starting to serve the podresources API" endpoint="unix:/var/lib/kubelet/pod-resources/kubelet.sock"
2025-01-30 18:30:14,262 INFO c.h.h.t.OperatorHelmChartContainer - [K3S] [server.go:169] "Starting to listen" address="0.0.0.0" port=10250
2025-01-30 18:30:14,263 INFO c.h.h.t.OperatorHelmChartContainer - [K3S] [server.go:490] "Adding debug handlers to kubelet server"
2025-01-30 18:30:14,265 INFO c.h.h.t.OperatorHelmChartContainer - [K3S] [fs_resource_analyzer.go:67] "Starting FS ResourceAnalyzer"
2025-01-30 18:30:14,268 INFO c.h.h.t.OperatorHelmChartContainer - [K3S] [dynamic_serving_content.go:135] "Starting controller" name="kubelet-server-cert-files::/var/lib/rancher/k3s/agent/serving-kubelet.crt::/var/lib/rancher/k3s/agent/serving-kubelet.key"
2025-01-30 18:30:14,268 INFO c.h.h.t.OperatorHelmChartContainer - [K3S] [volume_manager.go:297] "Starting Kubelet Volume Manager"
2025-01-30 18:30:14,268 INFO c.h.h.t.OperatorHelmChartContainer - [K3S] [kubelet.go:1561] "Image garbage collection failed once. Stats initialization may not have completed yet" err="invalid capacity 0 on image filesystem"
2025-01-30 18:30:14,268 INFO c.h.h.t.OperatorHelmChartContainer - [K3S] [desired_state_of_world_populator.go:149] "Desired state populator starts to run"
2025-01-30 18:30:14,268 INFO c.h.h.t.OperatorHelmChartContainer - [K3S] [reconciler.go:26] "Reconciler: start to sync state"
2025-01-30 18:30:14,269 INFO c.h.h.t.OperatorHelmChartContainer - [K3S] [factory.go:219] Registration of the crio container factory failed: Get "http://%2Fvar%2Frun%2Fcrio%2Fcrio.sock/info": dial unix /var/run/crio/crio.sock: connect: no such file or directory
2025-01-30 18:30:14,271 INFO c.h.h.t.OperatorHelmChartContainer - [K3S] [factory.go:221] Registration of the containerd container factory successfully
2025-01-30 18:30:14,272 INFO c.h.h.t.OperatorHelmChartContainer - [K3S] [factory.go:221] Registration of the systemd container factory successfully
2025-01-30 18:30:14,272 INFO c.h.h.t.OperatorHelmChartContainer - [K3S] [kubelet_node_status.go:467] "Error getting the current node from lister" err="node \"bbf9300cc49a\" not found"
2025-01-30 18:30:14,277 INFO c.h.h.t.OperatorHelmChartContainer - [K3S] [nodelease.go:49] "Failed to get node when trying to set owner ref to the node lease" err="nodes \"bbf9300cc49a\" not found" node="bbf9300cc49a"
2025-01-30 18:30:14,285 INFO c.h.h.t.OperatorHelmChartContainer - [K3S] [kubelet_network_linux.go:50] "Initialized iptables rules." protocol="IPv4"
2025-01-30 18:30:14,286 INFO c.h.h.t.OperatorHelmChartContainer - [K3S] [kubelet_network_linux.go:50] "Initialized iptables rules." protocol="IPv6"
2025-01-30 18:30:14,286 INFO c.h.h.t.OperatorHelmChartContainer - [K3S] [status_manager.go:227] "Starting to sync pod status with apiserver"
2025-01-30 18:30:14,287 INFO c.h.h.t.OperatorHelmChartContainer - [K3S] [watchdog_linux.go:127] "Systemd watchdog is not enabled or the interval is invalid, so health checking will not be started."
2025-01-30 18:30:14,287 INFO c.h.h.t.OperatorHelmChartContainer - [K3S] [kubelet.go:2388] "Starting kubelet main sync loop"
2025-01-30 18:30:14,287 INFO c.h.h.t.OperatorHelmChartContainer - [K3S] [kubelet.go:2412] "Skipping pod synchronization" err="[container runtime status check may not have completed yet, PLEG is not healthy: pleg has yet to be successful]"
2025-01-30 18:30:14,299 INFO c.h.h.t.OperatorHelmChartContainer - [K3S] [alloc.go:330] "allocated clusterIPs" service="default/kubernetes" clusterIPs={"IPv4":"10.43.0.1"}
2025-01-30 18:30:14,303 INFO c.h.h.t.OperatorHelmChartContainer - [K3S] [lease.go:265] Resetting endpoints for master service "kubernetes" to [172.17.0.3]
2025-01-30 18:30:14,328 INFO c.h.h.t.OperatorHelmChartContainer - [K3S] [cpu_manager.go:221] "Starting CPU manager" policy="none"
2025-01-30 18:30:14,328 INFO c.h.h.t.OperatorHelmChartContainer - [K3S] [cpu_manager.go:222] "Reconciling" reconcilePeriod="10s"
2025-01-30 18:30:14,328 INFO c.h.h.t.OperatorHelmChartContainer - [K3S] [state_mem.go:36] "Initialized new in-memory state store"
2025-01-30 18:30:14,330 INFO c.h.h.t.OperatorHelmChartContainer - [K3S] [policy_none.go:49] "None policy: Start"
2025-01-30 18:30:14,330 INFO c.h.h.t.OperatorHelmChartContainer - [K3S] [memory_manager.go:186] "Starting memorymanager" policy="None"
2025-01-30 18:30:14,331 INFO c.h.h.t.OperatorHelmChartContainer - [K3S] [state_mem.go:35] "Initializing new in-memory state store"
2025-01-30 18:30:14,333 INFO c.h.h.t.OperatorHelmChartContainer - [K3S] [manager.go:519] "Failed to read data from checkpoint" checkpoint="kubelet_internal_checkpoint" err="checkpoint is not found"
2025-01-30 18:30:14,333 INFO c.h.h.t.OperatorHelmChartContainer - [K3S] [eviction_manager.go:189] "Eviction manager: starting control loop"
2025-01-30 18:30:14,333 INFO c.h.h.t.OperatorHelmChartContainer - [K3S] [container_log_manager.go:189] "Initializing container log rotate workers" workers=1 monitorPeriod="10s"
2025-01-30 18:30:14,333 INFO c.h.h.t.OperatorHelmChartContainer - [K3S] [plugin_manager.go:118] "Starting Kubelet Plugin Manager"
2025-01-30 18:30:14,334 INFO c.h.h.t.OperatorHelmChartContainer - [K3S] [eviction_manager.go:267] "eviction manager: failed to check if we have separate container filesystem. Ignoring." err="no imagefs label for configured runtime"
2025-01-30 18:30:14,335 INFO c.h.h.t.OperatorHelmChartContainer - [K3S] [eviction_manager.go:292] "Eviction manager: failed to get summary stats" err="failed to get node info: node \"bbf9300cc49a\" not found"
2025-01-30 18:30:14,358 INFO c.h.h.t.OperatorHelmChartContainer - [K3S] [ERROR] Sending HTTP/1.1 503 response to 127.0.0.1:57384: runtime core not ready
2025-01-30 18:30:14,434 INFO c.h.h.t.OperatorHelmChartContainer - [K3S] [kubelet_node_status.go:76] "Attempting to register node" node="bbf9300cc49a"
2025-01-30 18:30:14,438 INFO c.h.h.t.OperatorHelmChartContainer - [K3S] [kubelet_node_status.go:79] "Successfully registered node" node="bbf9300cc49a"
2025-01-30 18:30:14,438 INFO c.h.h.t.OperatorHelmChartContainer - [K3S] [kubelet_node_status.go:549] "Error updating node status, will retry" err="error getting node \"bbf9300cc49a\": node \"bbf9300cc49a\" not found"
2025-01-30 18:30:14,446 INFO c.h.h.t.OperatorHelmChartContainer - [K3S] [INFO] Annotations and labels have been set successfully on node: bbf9300cc49a
2025-01-30 18:30:14,447 INFO c.h.h.t.OperatorHelmChartContainer - [K3S] [INFO] Starting flannel with backend vxlan
2025-01-30 18:30:14,465 INFO c.h.h.t.OperatorHelmChartContainer - [K3S] [INFO] Running kube-proxy --cluster-cidr=10.42.0.0/16 --conntrack-max-per-core=0 --conntrack-tcp-timeout-close-wait=0s --conntrack-tcp-timeout-established=0s --healthz-bind-address=127.0.0.1 --hostname-override=bbf9300cc49a --kubeconfig=/var/lib/rancher/k3s/agent/kubeproxy.kubeconfig --proxy-mode=iptables
2025-01-30 18:30:14,513 INFO c.h.h.t.OperatorHelmChartContainer - [K3S] [server.go:698] "Successfully retrieved node IP(s)" IPs=["172.17.0.3"]
2025-01-30 18:30:14,513 INFO c.h.h.t.OperatorHelmChartContainer - [K3S] [server.go:234] "Kube-proxy configuration may be incomplete or incorrect" err="nodePortAddresses is unset; NodePort connections will be accepted on all local IPs. Consider using `--nodeport-addresses primary`"
2025-01-30 18:30:14,516 INFO c.h.h.t.OperatorHelmChartContainer - [K3S] [server.go:243] "kube-proxy running in dual-stack mode" primary ipFamily="IPv4"
2025-01-30 18:30:14,516 INFO c.h.h.t.OperatorHelmChartContainer - [K3S] [server_linux.go:170] "Using iptables Proxier"
2025-01-30 18:30:14,517 INFO c.h.h.t.OperatorHelmChartContainer - [K3S] [proxier.go:255] "Setting route_localnet=1 to allow node-ports on localhost; to change this either disable iptables.localhostNodePorts (--iptables-localhost-nodeports) or set nodePortAddresses (--nodeport-addresses) to filter loopback addresses"
2025-01-30 18:30:14,518 INFO c.h.h.t.OperatorHelmChartContainer - [K3S] [server.go:497] "Version info" version="v1.32.1+k3s1"
2025-01-30 18:30:14,518 INFO c.h.h.t.OperatorHelmChartContainer - [K3S] [server.go:499] "Golang settings" GOGC="" GOMAXPROCS="" GOTRACEBACK=""
2025-01-30 18:30:14,520 INFO c.h.h.t.OperatorHelmChartContainer - [K3S] [config.go:199] "Starting service config controller"
2025-01-30 18:30:14,521 INFO c.h.h.t.OperatorHelmChartContainer - [K3S] [config.go:105] "Starting endpoint slice config controller"
2025-01-30 18:30:14,521 INFO c.h.h.t.OperatorHelmChartContainer - [K3S] [config.go:329] "Starting node config controller"
2025-01-30 18:30:14,646 INFO c.h.h.t.OperatorHelmChartContainer - [K3S] [kubelet_node_status.go:502] "Fast updating node status as it just became ready"
2025-01-30 18:30:14,977 INFO c.h.h.t.OperatorHelmChartContainer - [K3S] [INFO] Waiting for untainted node
2025-01-30 18:30:14,978 INFO c.h.h.t.OperatorHelmChartContainer - [K3S] [INFO] Kube API server is now running
2025-01-30 18:30:14,978 INFO c.h.h.t.OperatorHelmChartContainer - [K3S] [INFO] ETCD server is now running
2025-01-30 18:30:14,978 INFO c.h.h.t.OperatorHelmChartContainer - [K3S] [INFO] k3s is up and running
2025-01-30 18:30:14,978 INFO c.h.h.t.OperatorHelmChartContainer - [K3S] [INFO] Waiting for cloud-controller-manager privileges to become available
2025-01-30 18:30:14,981 INFO c.h.h.t.OperatorHelmChartContainer - [K3S] [INFO] Creating k3s-supervisor event broadcaster
2025-01-30 18:30:14,988 INFO c.h.h.t.OperatorHelmChartContainer - [K3S] [INFO] Applying CRD addons.k3s.cattle.io
2025-01-30 18:30:15,002 INFO c.h.h.t.OperatorHelmChartContainer - [K3S] [INFO] Applying CRD etcdsnapshotfiles.k3s.cattle.io
2025-01-30 18:30:15,014 INFO c.h.h.t.OperatorHelmChartContainer - [K3S] [INFO] Applying CRD helmcharts.helm.cattle.io
2025-01-30 18:30:15,030 INFO c.h.h.t.OperatorHelmChartContainer - [K3S] [INFO] Applying CRD helmchartconfigs.helm.cattle.io
2025-01-30 18:30:15,041 INFO c.h.h.t.OperatorHelmChartContainer - [K3S] [INFO] Waiting for CRD helmcharts.helm.cattle.io to become available
2025-01-30 18:30:15,252 INFO c.h.h.t.OperatorHelmChartContainer - [K3S] [apiserver.go:52] "Watching apiserver"
2025-01-30 18:30:15,268 INFO c.h.h.t.OperatorHelmChartContainer - [K3S] [desired_state_of_world_populator.go:157] "Finished populating initial desired state of world"
2025-01-30 18:30:15,307 INFO c.h.h.t.OperatorHelmChartContainer - [K3S] [serving.go:392] Generated self-signed cert in-memory
2025-01-30 18:30:15,545 INFO c.h.h.t.OperatorHelmChartContainer - [K3S] [INFO] Done waiting for CRD helmcharts.helm.cattle.io to become available
2025-01-30 18:30:15,545 INFO c.h.h.t.OperatorHelmChartContainer - [K3S] [INFO] Waiting for CRD helmchartconfigs.helm.cattle.io to become available
2025-01-30 18:30:15,706 INFO c.h.h.t.OperatorHelmChartContainer - [K3S] [controllermanager.go:185] "Starting" version="v1.32.1+k3s1"
2025-01-30 18:30:15,706 INFO c.h.h.t.OperatorHelmChartContainer - [K3S] [controllermanager.go:187] "Golang settings" GOGC="" GOMAXPROCS="" GOTRACEBACK=""
2025-01-30 18:30:15,710 INFO c.h.h.t.OperatorHelmChartContainer - [K3S] [requestheader_controller.go:180] Starting RequestHeaderAuthRequestController
2025-01-30 18:30:15,710 INFO c.h.h.t.OperatorHelmChartContainer - [K3S] [configmap_cafile_content.go:205] "Starting controller" name="client-ca::kube-system::extension-apiserver-authentication::requestheader-client-ca-file"
2025-01-30 18:30:15,710 INFO c.h.h.t.OperatorHelmChartContainer - [K3S] [configmap_cafile_content.go:205] "Starting controller" name="client-ca::kube-system::extension-apiserver-authentication::client-ca-file"
2025-01-30 18:30:15,710 INFO c.h.h.t.OperatorHelmChartContainer - [K3S] [secure_serving.go:213] Serving securely on 127.0.0.1:10257
2025-01-30 18:30:15,710 INFO c.h.h.t.OperatorHelmChartContainer - [K3S] [tlsconfig.go:243] "Starting DynamicServingCertificateController"
2025-01-30 18:30:15,714 INFO c.h.h.t.OperatorHelmChartContainer - [K3S] [controllermanager.go:765] "Started controller" controller="serviceaccount-token-controller"
2025-01-30 18:30:15,714 INFO c.h.h.t.OperatorHelmChartContainer - [K3S] [controllermanager.go:723] "Skipping a cloud provider controller" controller="node-route-controller"
2025-01-30 18:30:15,724 INFO c.h.h.t.OperatorHelmChartContainer - [K3S] [graph_builder.go:351] "Running" component="GraphBuilder"
2025-01-30 18:30:15,724 INFO c.h.h.t.OperatorHelmChartContainer - [K3S] [controllermanager.go:765] "Started controller" controller="garbage-collector-controller"
2025-01-30 18:30:15,730 INFO c.h.h.t.OperatorHelmChartContainer - [K3S] [controllermanager.go:765] "Started controller" controller="token-cleaner-controller"
2025-01-30 18:30:15,730 INFO c.h.h.t.OperatorHelmChartContainer - [K3S] [tokencleaner.go:117] "Starting token cleaner controller"
2025-01-30 18:30:15,736 INFO c.h.h.t.OperatorHelmChartContainer - [K3S] [controllermanager.go:765] "Started controller" controller="clusterrole-aggregation-controller"
2025-01-30 18:30:15,737 INFO c.h.h.t.OperatorHelmChartContainer - [K3S] [controllermanager.go:717] "Controller is disabled by a feature gate" controller="resourceclaim-controller" requiredFeatureGates=["DynamicResourceAllocation"]
2025-01-30 18:30:15,737 INFO c.h.h.t.OperatorHelmChartContainer - [K3S] [clusterroleaggregation_controller.go:194] "Starting ClusterRoleAggregator controller"
2025-01-30 18:30:15,742 INFO c.h.h.t.OperatorHelmChartContainer - [K3S] [controllermanager.go:765] "Started controller" controller="endpoints-controller"
2025-01-30 18:30:15,742 INFO c.h.h.t.OperatorHelmChartContainer - [K3S] [endpoints_controller.go:182] "Starting endpoint controller"
2025-01-30 18:30:15,747 INFO c.h.h.t.OperatorHelmChartContainer - [K3S] [controllermanager.go:765] "Started controller" controller="job-controller"
2025-01-30 18:30:15,748 INFO c.h.h.t.OperatorHelmChartContainer - [K3S] [job_controller.go:243] "Starting job controller"
2025-01-30 18:30:15,753 INFO c.h.h.t.OperatorHelmChartContainer - [K3S] [controllermanager.go:765] "Started controller" controller="ttl-controller"
2025-01-30 18:30:15,753 INFO c.h.h.t.OperatorHelmChartContainer - [K3S] [controllermanager.go:728] "Warning: controller is disabled" controller="bootstrap-signer-controller"
2025-01-30 18:30:15,753 INFO c.h.h.t.OperatorHelmChartContainer - [K3S] [controllermanager.go:717] "Controller is disabled by a feature gate" controller="service-cidr-controller" requiredFeatureGates=["MultiCIDRServiceAllocator"]
2025-01-30 18:30:15,753 INFO c.h.h.t.OperatorHelmChartContainer - [K3S] [controllermanager.go:743] "Warning: skipping controller" controller="storage-version-migrator-controller"
2025-01-30 18:30:15,753 INFO c.h.h.t.OperatorHelmChartContainer - [K3S] [ttl_controller.go:127] "Starting TTL controller"
2025-01-30 18:30:15,759 INFO c.h.h.t.OperatorHelmChartContainer - [K3S] [controllermanager.go:765] "Started controller" controller="endpointslice-mirroring-controller"
2025-01-30 18:30:15,759 INFO c.h.h.t.OperatorHelmChartContainer - [K3S] [endpointslicemirroring_controller.go:227] "Starting EndpointSliceMirroring controller"
2025-01-30 18:30:15,765 INFO c.h.h.t.OperatorHelmChartContainer - [K3S] [controllermanager.go:765] "Started controller" controller="deployment-controller"
2025-01-30 18:30:15,765 INFO c.h.h.t.OperatorHelmChartContainer - [K3S] [deployment_controller.go:173] "Starting controller" controller="deployment"
2025-01-30 18:30:15,922 INFO c.h.h.t.OperatorHelmChartContainer - [K3S] [controllermanager.go:765] "Started controller" controller="resourcequota-controller"
2025-01-30 18:30:15,922 INFO c.h.h.t.OperatorHelmChartContainer - [K3S] [resource_quota_controller.go:300] "Starting resource quota controller"
2025-01-30 18:30:16,048 INFO c.h.h.t.OperatorHelmChartContainer - [K3S] [INFO] Done waiting for CRD helmchartconfigs.helm.cattle.io to become available
2025-01-30 18:30:16,048 INFO c.h.h.t.OperatorHelmChartContainer - [K3S] [INFO] Writing static file: /var/lib/rancher/k3s/server/static/charts/traefik-27.0.201+up27.0.2.tgz
2025-01-30 18:30:16,049 INFO c.h.h.t.OperatorHelmChartContainer - [K3S] [INFO] Writing static file: /var/lib/rancher/k3s/server/static/charts/traefik-crd-27.0.201+up27.0.2.tgz
2025-01-30 18:30:16,049 INFO c.h.h.t.OperatorHelmChartContainer - [K3S] [INFO] Writing manifest: /var/lib/rancher/k3s/server/manifests/coredns.yaml
2025-01-30 18:30:16,049 INFO c.h.h.t.OperatorHelmChartContainer - [K3S] [INFO] Writing manifest: /var/lib/rancher/k3s/server/manifests/metrics-server/auth-delegator.yaml
2025-01-30 18:30:16,049 INFO c.h.h.t.OperatorHelmChartContainer - [K3S] [INFO] Writing manifest: /var/lib/rancher/k3s/server/manifests/metrics-server/auth-reader.yaml
2025-01-30 18:30:16,049 INFO c.h.h.t.OperatorHelmChartContainer - [K3S] [INFO] Writing manifest: /var/lib/rancher/k3s/server/manifests/metrics-server/metrics-apiservice.yaml
2025-01-30 18:30:16,050 INFO c.h.h.t.OperatorHelmChartContainer - [K3S] [INFO] Writing manifest: /var/lib/rancher/k3s/server/manifests/rolebindings.yaml
2025-01-30 18:30:16,050 INFO c.h.h.t.OperatorHelmChartContainer - [K3S] [INFO] Writing manifest: /var/lib/rancher/k3s/server/manifests/runtimes.yaml
2025-01-30 18:30:16,050 INFO c.h.h.t.OperatorHelmChartContainer - [K3S] [INFO] Writing manifest: /var/lib/rancher/k3s/server/manifests/ccm.yaml
2025-01-30 18:30:16,050 INFO c.h.h.t.OperatorHelmChartContainer - [K3S] [INFO] Writing manifest: /var/lib/rancher/k3s/server/manifests/local-storage.yaml
2025-01-30 18:30:16,050 INFO c.h.h.t.OperatorHelmChartContainer - [K3S] [INFO] Writing manifest: /var/lib/rancher/k3s/server/manifests/metrics-server/aggregated-metrics-reader.yaml
2025-01-30 18:30:16,050 INFO c.h.h.t.OperatorHelmChartContainer - [K3S] [INFO] Writing manifest: /var/lib/rancher/k3s/server/manifests/metrics-server/metrics-server-deployment.yaml
2025-01-30 18:30:16,050 INFO c.h.h.t.OperatorHelmChartContainer - [K3S] [INFO] Writing manifest: /var/lib/rancher/k3s/server/manifests/metrics-server/metrics-server-service.yaml
2025-01-30 18:30:16,050 INFO c.h.h.t.OperatorHelmChartContainer - [K3S] [INFO] Writing manifest: /var/lib/rancher/k3s/server/manifests/metrics-server/resource-reader.yaml
2025-01-30 18:30:16,051 INFO c.h.h.t.OperatorHelmChartContainer - [K3S] [INFO] Starting dynamiclistener CN filter node controller with SANs: [localhost 127.0.0.1 ::1 localhost bbf9300cc49a 172.17.0.3 10.43.0.1 kubernetes kubernetes.default kubernetes.default.svc kubernetes.default.svc.cluster.local]
2025-01-30 18:30:16,051 INFO c.h.h.t.OperatorHelmChartContainer - [K3S] [INFO] Tunnel server egress proxy mode: agent
2025-01-30 18:30:16,118 INFO c.h.h.t.OperatorHelmChartContainer - [K3S] [controllermanager.go:765] "Started controller" controller="disruption-controller"
2025-01-30 18:30:16,118 INFO c.h.h.t.OperatorHelmChartContainer - [K3S] [disruption.go:452] "Sending events to api server."
2025-01-30 18:30:16,118 INFO c.h.h.t.OperatorHelmChartContainer - [K3S] [disruption.go:463] "Starting disruption controller"
2025-01-30 18:30:16,157 INFO c.h.h.t.OperatorHelmChartContainer - [K3S] [INFO] Starting k3s.cattle.io/v1, Kind=Addon controller
2025-01-30 18:30:16,157 INFO c.h.h.t.OperatorHelmChartContainer - [K3S] [INFO] Creating deploy event broadcaster
2025-01-30 18:30:16,260 INFO c.h.h.t.OperatorHelmChartContainer - [K3S] [INFO] Starting /v1, Kind=Node controller
2025-01-30 18:30:16,261 INFO c.h.h.t.OperatorHelmChartContainer - [K3S] [INFO] Creating helm-controller event broadcaster
2025-01-30 18:30:16,274 INFO c.h.h.t.OperatorHelmChartContainer - [K3S] [INFO] Cluster dns configmap has been set successfully
2025-01-30 18:30:16,274 INFO c.h.h.t.OperatorHelmChartContainer - [K3S] [controllermanager.go:765] "Started controller" controller="cronjob-controller"
2025-01-30 18:30:16,274 INFO c.h.h.t.OperatorHelmChartContainer - [K3S] [cronjob_controllerv2.go:145] "Starting cronjob controller v2"
2025-01-30 18:30:16,373 INFO c.h.h.t.OperatorHelmChartContainer - [K3S] [INFO] Starting helm.cattle.io/v1, Kind=HelmChart controller
2025-01-30 18:30:16,373 INFO c.h.h.t.OperatorHelmChartContainer - [K3S] [INFO] Starting helm.cattle.io/v1, Kind=HelmChartConfig controller
2025-01-30 18:30:16,376 INFO c.h.h.t.OperatorHelmChartContainer - [K3S] [INFO] Starting rbac.authorization.k8s.io/v1, Kind=ClusterRoleBinding controller
2025-01-30 18:30:16,378 INFO c.h.h.t.OperatorHelmChartContainer - [K3S] [INFO] Starting batch/v1, Kind=Job controller
2025-01-30 18:30:16,378 INFO c.h.h.t.OperatorHelmChartContainer - [K3S] [INFO] Starting /v1, Kind=Secret controller
2025-01-30 18:30:16,378 INFO c.h.h.t.OperatorHelmChartContainer - [K3S] [INFO] Starting /v1, Kind=ConfigMap controller
2025-01-30 18:30:16,378 INFO c.h.h.t.OperatorHelmChartContainer - [K3S] [INFO] Starting /v1, Kind=ServiceAccount controller
2025-01-30 18:30:16,522 INFO c.h.h.t.OperatorHelmChartContainer - [K3S] [range_allocator.go:112] "No Secondary Service CIDR provided. Skipping filtering out secondary service addresses"
2025-01-30 18:30:16,522 INFO c.h.h.t.OperatorHelmChartContainer - [K3S] [controllermanager.go:765] "Started controller" controller="node-ipam-controller"
2025-01-30 18:30:16,522 INFO c.h.h.t.OperatorHelmChartContainer - [K3S] [controllermanager.go:723] "Skipping a cloud provider controller" controller="service-lb-controller"
2025-01-30 18:30:16,522 INFO c.h.h.t.OperatorHelmChartContainer - [K3S] [node_ipam_controller.go:141] "Starting ipam controller"
2025-01-30 18:30:16,668 INFO c.h.h.t.OperatorHelmChartContainer - [K3S] [controllermanager.go:765] "Started controller" controller="persistentvolumeclaim-protection-controller"
2025-01-30 18:30:16,668 INFO c.h.h.t.OperatorHelmChartContainer - [K3S] [pvc_protection_controller.go:168] "Starting PVC protection controller"
2025-01-30 18:30:16,808 INFO c.h.h.t.OperatorHelmChartContainer - [K3S] [INFO] Updating TLS secret for kube-system/k3s-serving (count: 10): map[listener.cattle.io/cn-10.43.0.1:10.43.0.1 listener.cattle.io/cn-127.0.0.1:127.0.0.1 listener.cattle.io/cn-172.17.0.3:172.17.0.3 listener.cattle.io/cn-__1-f16284:::1 listener.cattle.io/cn-bbf9300cc49a:bbf9300cc49a listener.cattle.io/cn-kubernetes:kubernetes listener.cattle.io/cn-kubernetes.default:kubernetes.default listener.cattle.io/cn-kubernetes.default.svc:kubernetes.default.svc listener.cattle.io/cn-kubernetes.default.svc.cluster.local:kubernetes.default.svc.cluster.local listener.cattle.io/cn-localhost:localhost listener.cattle.io/fingerprint:SHA1=A8B1AB2C68E2E16378DC3BFA9F28B77AE3753674]
2025-01-30 18:30:16,811 INFO c.h.h.t.OperatorHelmChartContainer - [K3S] [INFO] Active TLS secret kube-system/k3s-serving (ver=242) (count 10): map[listener.cattle.io/cn-10.43.0.1:10.43.0.1 listener.cattle.io/cn-127.0.0.1:127.0.0.1 listener.cattle.io/cn-172.17.0.3:172.17.0.3 listener.cattle.io/cn-__1-f16284:::1 listener.cattle.io/cn-bbf9300cc49a:bbf9300cc49a listener.cattle.io/cn-kubernetes:kubernetes listener.cattle.io/cn-kubernetes.default:kubernetes.default listener.cattle.io/cn-kubernetes.default.svc:kubernetes.default.svc listener.cattle.io/cn-kubernetes.default.svc.cluster.local:kubernetes.default.svc.cluster.local listener.cattle.io/cn-localhost:localhost listener.cattle.io/fingerprint:SHA1=A8B1AB2C68E2E16378DC3BFA9F28B77AE3753674]
2025-01-30 18:30:16,817 INFO c.h.h.t.OperatorHelmChartContainer - [K3S] [controllermanager.go:765] "Started controller" controller="pod-garbage-collector-controller"
2025-01-30 18:30:16,817 INFO c.h.h.t.OperatorHelmChartContainer - [K3S] [gc_controller.go:99] "Starting GC controller"
2025-01-30 18:30:16,906 INFO c.h.h.t.OperatorHelmChartContainer - [K3S] [INFO] Updating TLS secret for kube-system/k3s-serving (count: 10): map[listener.cattle.io/cn-10.43.0.1:10.43.0.1 listener.cattle.io/cn-127.0.0.1:127.0.0.1 listener.cattle.io/cn-172.17.0.3:172.17.0.3 listener.cattle.io/cn-__1-f16284:::1 listener.cattle.io/cn-bbf9300cc49a:bbf9300cc49a listener.cattle.io/cn-kubernetes:kubernetes listener.cattle.io/cn-kubernetes.default:kubernetes.default listener.cattle.io/cn-kubernetes.default.svc:kubernetes.default.svc listener.cattle.io/cn-kubernetes.default.svc.cluster.local:kubernetes.default.svc.cluster.local listener.cattle.io/cn-localhost:localhost listener.cattle.io/fingerprint:SHA1=A8B1AB2C68E2E16378DC3BFA9F28B77AE3753674]
2025-01-30 18:30:16,968 INFO c.h.h.t.OperatorHelmChartContainer - [K3S] [controllermanager.go:765] "Started controller" controller="statefulset-controller"
2025-01-30 18:30:16,968 INFO c.h.h.t.OperatorHelmChartContainer - [K3S] [stateful_set.go:166] "Starting stateful set controller"
2025-01-30 18:30:17,118 INFO c.h.h.t.OperatorHelmChartContainer - [K3S] [controllermanager.go:765] "Started controller" controller="certificatesigningrequest-cleaner-controller"
2025-01-30 18:30:17,118 INFO c.h.h.t.OperatorHelmChartContainer - [K3S] [controllermanager.go:723] "Skipping a cloud provider controller" controller="cloud-node-lifecycle-controller"
2025-01-30 18:30:17,118 INFO c.h.h.t.OperatorHelmChartContainer - [K3S] [cleaner.go:83] "Starting CSR cleaner controller"
2025-01-30 18:30:17,282 INFO c.h.h.t.OperatorHelmChartContainer - [K3S] [INFO] Labels and annotations have been set successfully on node: bbf9300cc49a
2025-01-30 18:30:17,371 INFO c.h.h.t.OperatorHelmChartContainer - [K3S] [controllermanager.go:765] "Started controller" controller="namespace-controller"
2025-01-30 18:30:17,371 INFO c.h.h.t.OperatorHelmChartContainer - [K3S] [namespace_controller.go:202] "Starting namespace controller"
2025-01-30 18:30:17,667 INFO c.h.h.t.OperatorHelmChartContainer - [K3S] [controllermanager.go:765] "Started controller" controller="horizontal-pod-autoscaler-controller"
2025-01-30 18:30:17,667 INFO c.h.h.t.OperatorHelmChartContainer - [K3S] [controllermanager.go:717] "Controller is disabled by a feature gate" controller="kube-apiserver-serving-clustertrustbundle-publisher-controller" requiredFeatureGates=["ClusterTrustBundle"]
2025-01-30 18:30:17,667 INFO c.h.h.t.OperatorHelmChartContainer - [K3S] [controllermanager.go:717] "Controller is disabled by a feature gate" controller="storageversion-garbage-collector-controller" requiredFeatureGates=["APIServerIdentity","StorageVersionAPI"]
2025-01-30 18:30:17,667 INFO c.h.h.t.OperatorHelmChartContainer - [K3S] [horizontal.go:201] "Starting HPA controller"
2025-01-30 18:30:17,717 INFO c.h.h.t.OperatorHelmChartContainer - [K3S] [event.go:389] "Event occurred" object="bbf9300cc49a" fieldPath="" kind="Node" apiVersion="" type="Normal" reason="NodePasswordValidationComplete" message="Deferred node password secret validation complete"
2025-01-30 18:30:17,718 INFO c.h.h.t.OperatorHelmChartContainer - [K3S] [controllermanager.go:765] "Started controller" controller="taint-eviction-controller"
2025-01-30 18:30:17,718 INFO c.h.h.t.OperatorHelmChartContainer - [K3S] [controllermanager.go:717] "Controller is disabled by a feature gate" controller="volumeattributesclass-protection-controller" requiredFeatureGates=["VolumeAttributesClass"]
2025-01-30 18:30:17,718 INFO c.h.h.t.OperatorHelmChartContainer - [K3S] [taint_eviction.go:281] "Starting" controller="taint-eviction-controller"
2025-01-30 18:30:17,718 INFO c.h.h.t.OperatorHelmChartContainer - [K3S] [taint_eviction.go:287] "Sending events to api server"
2025-01-30 18:30:17,868 INFO c.h.h.t.OperatorHelmChartContainer - [K3S] [controllermanager.go:765] "Started controller" controller="root-ca-certificate-publisher-controller"
2025-01-30 18:30:17,868 INFO c.h.h.t.OperatorHelmChartContainer - [K3S] [publisher.go:107] "Starting root CA cert publisher controller"
2025-01-30 18:30:18,017 INFO c.h.h.t.OperatorHelmChartContainer - [K3S] [controllermanager.go:765] "Started controller" controller="persistentvolume-binder-controller"
2025-01-30 18:30:18,018 INFO c.h.h.t.OperatorHelmChartContainer - [K3S] [pv_controller_base.go:308] "Starting persistent volume controller"
2025-01-30 18:30:18,162 INFO c.h.h.t.OperatorHelmChartContainer - [K3S] [event.go:389] "Event occurred" object="kube-system/ccm" fieldPath="" kind="Addon" apiVersion="k3s.cattle.io/v1" type="Normal" reason="ApplyingManifest" message="Applying manifest at \"/var/lib/rancher/k3s/server/manifests/ccm.yaml\""
2025-01-30 18:30:18,169 INFO c.h.h.t.OperatorHelmChartContainer - [K3S] [controllermanager.go:765] "Started controller" controller="persistentvolume-attach-detach-controller"
2025-01-30 18:30:18,169 INFO c.h.h.t.OperatorHelmChartContainer - [K3S] [attach_detach_controller.go:338] "Starting attach detach controller"
2025-01-30 18:30:18,185 INFO c.h.h.t.OperatorHelmChartContainer - [K3S] [event.go:389] "Event occurred" object="kube-system/ccm" fieldPath="" kind="Addon" apiVersion="k3s.cattle.io/v1" type="Normal" reason="AppliedManifest" message="Applied manifest at \"/var/lib/rancher/k3s/server/manifests/ccm.yaml\""
2025-01-30 18:30:18,194 INFO c.h.h.t.OperatorHelmChartContainer - [K3S] [event.go:389] "Event occurred" object="kube-system/coredns" fieldPath="" kind="Addon" apiVersion="k3s.cattle.io/v1" type="Normal" reason="ApplyingManifest" message="Applying manifest at \"/var/lib/rancher/k3s/server/manifests/coredns.yaml\""
2025-01-30 18:30:18,302 INFO c.h.h.t.OperatorHelmChartContainer - [K3S] [alloc.go:330] "allocated clusterIPs" service="kube-system/kube-dns" clusterIPs={"IPv4":"10.43.0.10"}
2025-01-30 18:30:18,304 INFO c.h.h.t.OperatorHelmChartContainer - [K3S] [event.go:389] "Event occurred" object="kube-system/coredns" fieldPath="" kind="Addon" apiVersion="k3s.cattle.io/v1" type="Normal" reason="AppliedManifest" message="Applied manifest at \"/var/lib/rancher/k3s/server/manifests/coredns.yaml\""
2025-01-30 18:30:18,312 INFO c.h.h.t.OperatorHelmChartContainer - [K3S] [event.go:389] "Event occurred" object="kube-system/local-storage" fieldPath="" kind="Addon" apiVersion="k3s.cattle.io/v1" type="Normal" reason="ApplyingManifest" message="Applying manifest at \"/var/lib/rancher/k3s/server/manifests/local-storage.yaml\""
2025-01-30 18:30:18,317 INFO c.h.h.t.OperatorHelmChartContainer - [K3S] [controllermanager.go:765] "Started controller" controller="persistentvolume-expander-controller"
2025-01-30 18:30:18,317 INFO c.h.h.t.OperatorHelmChartContainer - [K3S] [expand_controller.go:329] "Starting expand controller"
2025-01-30 18:30:18,405 INFO c.h.h.t.OperatorHelmChartContainer - [K3S] [event.go:389] "Event occurred" object="kube-system/local-storage" fieldPath="" kind="Addon" apiVersion="k3s.cattle.io/v1" type="Normal" reason="AppliedManifest" message="Applied manifest at \"/var/lib/rancher/k3s/server/manifests/local-storage.yaml\""
2025-01-30 18:30:18,412 INFO c.h.h.t.OperatorHelmChartContainer - [K3S] [event.go:389] "Event occurred" object="kube-system/aggregated-metrics-reader" fieldPath="" kind="Addon" apiVersion="k3s.cattle.io/v1" type="Normal" reason="ApplyingManifest" message="Applying manifest at \"/var/lib/rancher/k3s/server/manifests/metrics-server/aggregated-metrics-reader.yaml\""
2025-01-30 18:30:18,468 INFO c.h.h.t.OperatorHelmChartContainer - [K3S] [controllermanager.go:765] "Started controller" controller="persistentvolume-protection-controller"
2025-01-30 18:30:18,468 INFO c.h.h.t.OperatorHelmChartContainer - [K3S] [pv_protection_controller.go:81] "Starting PV protection controller"
2025-01-30 18:30:18,470 INFO c.h.h.t.OperatorHelmChartContainer - [K3S] [event.go:389] "Event occurred" object="kube-system/aggregated-metrics-reader" fieldPath="" kind="Addon" apiVersion="k3s.cattle.io/v1" type="Normal" reason="AppliedManifest" message="Applied manifest at \"/var/lib/rancher/k3s/server/manifests/metrics-server/aggregated-metrics-reader.yaml\""
2025-01-30 18:30:18,477 INFO c.h.h.t.OperatorHelmChartContainer - [K3S] [event.go:389] "Event occurred" object="kube-system/auth-delegator" fieldPath="" kind="Addon" apiVersion="k3s.cattle.io/v1" type="Normal" reason="ApplyingManifest" message="Applying manifest at \"/var/lib/rancher/k3s/server/manifests/metrics-server/auth-delegator.yaml\""
2025-01-30 18:30:18,482 INFO c.h.h.t.OperatorHelmChartContainer - [K3S] [event.go:389] "Event occurred" object="kube-system/auth-delegator" fieldPath="" kind="Addon" apiVersion="k3s.cattle.io/v1" type="Normal" reason="AppliedManifest" message="Applied manifest at \"/var/lib/rancher/k3s/server/manifests/metrics-server/auth-delegator.yaml\""
2025-01-30 18:30:18,487 INFO c.h.h.t.OperatorHelmChartContainer - [K3S] [event.go:389] "Event occurred" object="kube-system/auth-reader" fieldPath="" kind="Addon" apiVersion="k3s.cattle.io/v1" type="Normal" reason="ApplyingManifest" message="Applying manifest at \"/var/lib/rancher/k3s/server/manifests/metrics-server/auth-reader.yaml\""
2025-01-30 18:30:18,492 INFO c.h.h.t.OperatorHelmChartContainer - [K3S] [event.go:389] "Event occurred" object="kube-system/auth-reader" fieldPath="" kind="Addon" apiVersion="k3s.cattle.io/v1" type="Normal" reason="AppliedManifest" message="Applied manifest at \"/var/lib/rancher/k3s/server/manifests/metrics-server/auth-reader.yaml\""
2025-01-30 18:30:18,499 INFO c.h.h.t.OperatorHelmChartContainer - [K3S] [event.go:389] "Event occurred" object="kube-system/metrics-apiservice" fieldPath="" kind="Addon" apiVersion="k3s.cattle.io/v1" type="Normal" reason="ApplyingManifest" message="Applying manifest at \"/var/lib/rancher/k3s/server/manifests/metrics-server/metrics-apiservice.yaml\""
2025-01-30 18:30:18,506 INFO c.h.h.t.OperatorHelmChartContainer - [K3S] [event.go:389] "Event occurred" object="kube-system/metrics-apiservice" fieldPath="" kind="Addon" apiVersion="k3s.cattle.io/v1" type="Normal" reason="AppliedManifest" message="Applied manifest at \"/var/lib/rancher/k3s/server/manifests/metrics-server/metrics-apiservice.yaml\""
2025-01-30 18:30:18,510 INFO c.h.h.t.OperatorHelmChartContainer - [K3S] [handler_proxy.go:99] no RequestInfo found in the context
2025-01-30 18:30:18,510 INFO c.h.h.t.OperatorHelmChartContainer - [K3S] [controller.go:146] "Unhandled Error" err=<
2025-01-30 18:30:18,510 INFO c.h.h.t.OperatorHelmChartContainer - [K3S] 	, Header: map[Content-Type:[text/plain; charset=utf-8] X-Content-Type-Options:[nosniff]]
2025-01-30 18:30:18,511 INFO c.h.h.t.OperatorHelmChartContainer - [K3S]  >
2025-01-30 18:30:18,512 INFO c.h.h.t.OperatorHelmChartContainer - [K3S] [handler_proxy.go:143] error resolving kube-system/metrics-server: service "metrics-server" not found
2025-01-30 18:30:18,516 INFO c.h.h.t.OperatorHelmChartContainer - [K3S] [event.go:389] "Event occurred" object="kube-system/metrics-server-deployment" fieldPath="" kind="Addon" apiVersion="k3s.cattle.io/v1" type="Normal" reason="ApplyingManifest" message="Applying manifest at \"/var/lib/rancher/k3s/server/manifests/metrics-server/metrics-server-deployment.yaml\""
2025-01-30 18:30:18,527 INFO c.h.h.t.OperatorHelmChartContainer - [K3S] [event.go:389] "Event occurred" object="kube-system/metrics-server-deployment" fieldPath="" kind="Addon" apiVersion="k3s.cattle.io/v1" type="Normal" reason="AppliedManifest" message="Applied manifest at \"/var/lib/rancher/k3s/server/manifests/metrics-server/metrics-server-deployment.yaml\""
2025-01-30 18:30:18,533 INFO c.h.h.t.OperatorHelmChartContainer - [K3S] [event.go:389] "Event occurred" object="kube-system/metrics-server-service" fieldPath="" kind="Addon" apiVersion="k3s.cattle.io/v1" type="Normal" reason="ApplyingManifest" message="Applying manifest at \"/var/lib/rancher/k3s/server/manifests/metrics-server/metrics-server-service.yaml\""
2025-01-30 18:30:18,540 INFO c.h.h.t.OperatorHelmChartContainer - [K3S] [alloc.go:330] "allocated clusterIPs" service="kube-system/metrics-server" clusterIPs={"IPv4":"10.43.214.127"}
2025-01-30 18:30:18,543 INFO c.h.h.t.OperatorHelmChartContainer - [K3S] [event.go:389] "Event occurred" object="kube-system/metrics-server-service" fieldPath="" kind="Addon" apiVersion="k3s.cattle.io/v1" type="Normal" reason="AppliedManifest" message="Applied manifest at \"/var/lib/rancher/k3s/server/manifests/metrics-server/metrics-server-service.yaml\""
2025-01-30 18:30:18,546 INFO c.h.h.t.OperatorHelmChartContainer - [K3S] [handler_proxy.go:99] no RequestInfo found in the context
2025-01-30 18:30:18,546 INFO c.h.h.t.OperatorHelmChartContainer - [K3S] [controller.go:146] "Unhandled Error" err=<
2025-01-30 18:30:18,546 INFO c.h.h.t.OperatorHelmChartContainer - [K3S] 	, Header: map[Content-Type:[text/plain; charset=utf-8] X-Content-Type-Options:[nosniff]]
2025-01-30 18:30:18,546 INFO c.h.h.t.OperatorHelmChartContainer - [K3S]  >
2025-01-30 18:30:18,547 INFO c.h.h.t.OperatorHelmChartContainer - [K3S] [handler_proxy.go:143] error resolving kube-system/metrics-server: endpoints "metrics-server" not found
2025-01-30 18:30:18,549 INFO c.h.h.t.OperatorHelmChartContainer - [K3S] [event.go:389] "Event occurred" object="kube-system/resource-reader" fieldPath="" kind="Addon" apiVersion="k3s.cattle.io/v1" type="Normal" reason="ApplyingManifest" message="Applying manifest at \"/var/lib/rancher/k3s/server/manifests/metrics-server/resource-reader.yaml\""
2025-01-30 18:30:18,590 INFO c.h.h.t.OperatorHelmChartContainer - [K3S] [event.go:389] "Event occurred" object="kube-system/resource-reader" fieldPath="" kind="Addon" apiVersion="k3s.cattle.io/v1" type="Normal" reason="AppliedManifest" message="Applied manifest at \"/var/lib/rancher/k3s/server/manifests/metrics-server/resource-reader.yaml\""
2025-01-30 18:30:18,596 INFO c.h.h.t.OperatorHelmChartContainer - [K3S] [event.go:389] "Event occurred" object="kube-system/rolebindings" fieldPath="" kind="Addon" apiVersion="k3s.cattle.io/v1" type="Normal" reason="ApplyingManifest" message="Applying manifest at \"/var/lib/rancher/k3s/server/manifests/rolebindings.yaml\""
2025-01-30 18:30:18,617 INFO c.h.h.t.OperatorHelmChartContainer - [K3S] [controllermanager.go:765] "Started controller" controller="ephemeral-volume-controller"
2025-01-30 18:30:18,618 INFO c.h.h.t.OperatorHelmChartContainer - [K3S] [controller.go:173] "Starting ephemeral volume controller"
2025-01-30 18:30:18,700 INFO c.h.h.t.OperatorHelmChartContainer - [K3S] [event.go:389] "Event occurred" object="kube-system/rolebindings" fieldPath="" kind="Addon" apiVersion="k3s.cattle.io/v1" type="Normal" reason="AppliedManifest" message="Applied manifest at \"/var/lib/rancher/k3s/server/manifests/rolebindings.yaml\""
2025-01-30 18:30:18,707 INFO c.h.h.t.OperatorHelmChartContainer - [K3S] [event.go:389] "Event occurred" object="kube-system/runtimes" fieldPath="" kind="Addon" apiVersion="k3s.cattle.io/v1" type="Normal" reason="ApplyingManifest" message="Applying manifest at \"/var/lib/rancher/k3s/server/manifests/runtimes.yaml\""
2025-01-30 18:30:18,733 INFO c.h.h.t.OperatorHelmChartContainer - [K3S] [event.go:389] "Event occurred" object="kube-system/runtimes" fieldPath="" kind="Addon" apiVersion="k3s.cattle.io/v1" type="Normal" reason="AppliedManifest" message="Applied manifest at \"/var/lib/rancher/k3s/server/manifests/runtimes.yaml\""
2025-01-30 18:30:18,817 INFO c.h.h.t.OperatorHelmChartContainer - [K3S] [controllermanager.go:765] "Started controller" controller="validatingadmissionpolicy-status-controller"
2025-01-30 18:30:18,969 INFO c.h.h.t.OperatorHelmChartContainer - [K3S] [controllermanager.go:765] "Started controller" controller="replicationcontroller-controller"
2025-01-30 18:30:18,969 INFO c.h.h.t.OperatorHelmChartContainer - [K3S] [replica_set.go:217] "Starting controller" name="replicationcontroller"
2025-01-30 18:30:19,018 INFO c.h.h.t.OperatorHelmChartContainer - [K3S] [node_lifecycle_controller.go:432] "Controller will reconcile labels"
2025-01-30 18:30:19,018 INFO c.h.h.t.OperatorHelmChartContainer - [K3S] [controllermanager.go:765] "Started controller" controller="node-lifecycle-controller"
2025-01-30 18:30:19,018 INFO c.h.h.t.OperatorHelmChartContainer - [K3S] [node_lifecycle_controller.go:466] "Sending events to api server"
2025-01-30 18:30:19,018 INFO c.h.h.t.OperatorHelmChartContainer - [K3S] [node_lifecycle_controller.go:477] "Starting node controller"
2025-01-30 18:30:19,169 INFO c.h.h.t.OperatorHelmChartContainer - [K3S] [controllermanager.go:765] "Started controller" controller="daemonset-controller"
2025-01-30 18:30:19,169 INFO c.h.h.t.OperatorHelmChartContainer - [K3S] [daemon_controller.go:294] "Starting daemon sets controller"
2025-01-30 18:30:19,240 INFO c.h.h.t.OperatorHelmChartContainer - [K3S] [INFO] Tunnel authorizer set Kubelet Port 0.0.0.0:10250
2025-01-30 18:30:19,326 INFO c.h.h.t.OperatorHelmChartContainer - [K3S] [controllermanager.go:765] "Started controller" controller="replicaset-controller"
2025-01-30 18:30:19,327 INFO c.h.h.t.OperatorHelmChartContainer - [K3S] [replica_set.go:217] "Starting controller" name="replicaset"
2025-01-30 18:30:19,368 INFO c.h.h.t.OperatorHelmChartContainer - [K3S] [certificate_controller.go:120] "Starting certificate controller" name="csrsigning-kubelet-serving"
2025-01-30 18:30:19,368 INFO c.h.h.t.OperatorHelmChartContainer - [K3S] [dynamic_serving_content.go:135] "Starting controller" name="csr-controller::/var/lib/rancher/k3s/server/tls/server-ca.nochain.crt::/var/lib/rancher/k3s/server/tls/server-ca.key"
2025-01-30 18:30:19,368 INFO c.h.h.t.OperatorHelmChartContainer - [K3S] [certificate_controller.go:120] "Starting certificate controller" name="csrsigning-kubelet-client"
2025-01-30 18:30:19,368 INFO c.h.h.t.OperatorHelmChartContainer - [K3S] [certificate_controller.go:120] "Starting certificate controller" name="csrsigning-kube-apiserver-client"
2025-01-30 18:30:19,368 INFO c.h.h.t.OperatorHelmChartContainer - [K3S] [dynamic_serving_content.go:135] "Starting controller" name="csr-controller::/var/lib/rancher/k3s/server/tls/client-ca.nochain.crt::/var/lib/rancher/k3s/server/tls/client-ca.key"
2025-01-30 18:30:19,368 INFO c.h.h.t.OperatorHelmChartContainer - [K3S] [controllermanager.go:765] "Started controller" controller="certificatesigningrequest-signing-controller"
2025-01-30 18:30:19,368 INFO c.h.h.t.OperatorHelmChartContainer - [K3S] [certificate_controller.go:120] "Starting certificate controller" name="csrsigning-legacy-unknown"
2025-01-30 18:30:19,368 INFO c.h.h.t.OperatorHelmChartContainer - [K3S] [dynamic_serving_content.go:135] "Starting controller" name="csr-controller::/var/lib/rancher/k3s/server/tls/server-ca.nochain.crt::/var/lib/rancher/k3s/server/tls/server-ca.key"
2025-01-30 18:30:19,368 INFO c.h.h.t.OperatorHelmChartContainer - [K3S] [dynamic_serving_content.go:135] "Starting controller" name="csr-controller::/var/lib/rancher/k3s/server/tls/client-ca.nochain.crt::/var/lib/rancher/k3s/server/tls/client-ca.key"
2025-01-30 18:30:19,417 INFO c.h.h.t.OperatorHelmChartContainer - [K3S] [controllermanager.go:765] "Started controller" controller="certificatesigningrequest-approving-controller"
2025-01-30 18:30:19,417 INFO c.h.h.t.OperatorHelmChartContainer - [K3S] [certificate_controller.go:120] "Starting certificate controller" name="csrapproving"
2025-01-30 18:30:19,507 INFO c.h.h.t.OperatorHelmChartContainer - [K3S] [handler_proxy.go:99] no RequestInfo found in the context
2025-01-30 18:30:19,507 INFO c.h.h.t.OperatorHelmChartContainer - [K3S] [handler_proxy.go:99] no RequestInfo found in the context
2025-01-30 18:30:19,507 INFO c.h.h.t.OperatorHelmChartContainer - [K3S] [controller.go:102] "Unhandled Error" err=<
2025-01-30 18:30:19,507 INFO c.h.h.t.OperatorHelmChartContainer - [K3S] 	, Header: map[Content-Type:[text/plain; charset=utf-8] X-Content-Type-Options:[nosniff]]
2025-01-30 18:30:19,507 INFO c.h.h.t.OperatorHelmChartContainer - [K3S]  >
2025-01-30 18:30:19,544 INFO c.h.h.t.OperatorHelmChartContainer - [K3S] [serving.go:392] Generated self-signed cert in-memory
2025-01-30 18:30:19,569 INFO c.h.h.t.OperatorHelmChartContainer - [K3S] [controllermanager.go:765] "Started controller" controller="ttl-after-finished-controller"
2025-01-30 18:30:19,569 INFO c.h.h.t.OperatorHelmChartContainer - [K3S] [ttlafterfinished_controller.go:112] "Starting TTL after finished controller"
2025-01-30 18:30:19,719 INFO c.h.h.t.OperatorHelmChartContainer - [K3S] [controllermanager.go:765] "Started controller" controller="legacy-serviceaccount-token-cleaner-controller"
2025-01-30 18:30:19,719 INFO c.h.h.t.OperatorHelmChartContainer - [K3S] [legacy_serviceaccount_token_cleaner.go:103] "Starting legacy service account token cleaner controller"
2025-01-30 18:30:19,805 INFO c.h.h.t.OperatorHelmChartContainer - [K3S] [serving.go:392] Generated self-signed cert in-memory
2025-01-30 18:30:19,868 INFO c.h.h.t.OperatorHelmChartContainer - [K3S] [controllermanager.go:765] "Started controller" controller="endpointslice-controller"
2025-01-30 18:30:19,868 INFO c.h.h.t.OperatorHelmChartContainer - [K3S] [endpointslice_controller.go:281] "Starting endpoint slice controller"
2025-01-30 18:30:20,022 INFO c.h.h.t.OperatorHelmChartContainer - [K3S] [controllermanager.go:765] "Started controller" controller="serviceaccount-controller"
2025-01-30 18:30:20,022 INFO c.h.h.t.OperatorHelmChartContainer - [K3S] [controllermanager.go:717] "Controller is disabled by a feature gate" controller="selinux-warning-controller" requiredFeatureGates=["SELinuxChangePolicy"]
2025-01-30 18:30:20,023 INFO c.h.h.t.OperatorHelmChartContainer - [K3S] [serviceaccounts_controller.go:114] "Starting service account controller"
2025-01-30 18:30:20,045 INFO c.h.h.t.OperatorHelmChartContainer - [K3S] [actual_state_of_world.go:541] "Failed to update statusUpdateNeeded field in actual state of world" err="Failed to set statusUpdateNeeded to needed true, because nodeName=\"bbf9300cc49a\" does not exist"
2025-01-30 18:30:20,123 INFO c.h.h.t.OperatorHelmChartContainer - [K3S] [range_allocator.go:177] "Sending events to api server"
2025-01-30 18:30:20,123 INFO c.h.h.t.OperatorHelmChartContainer - [K3S] [range_allocator.go:183] "Starting range CIDR allocator"
2025-01-30 18:30:20,127 INFO c.h.h.t.OperatorHelmChartContainer - [K3S] [range_allocator.go:428] "Set node PodCIDR" node="bbf9300cc49a" podCIDRs=["10.42.0.0/24"]
2025-01-30 18:30:20,128 INFO c.h.h.t.OperatorHelmChartContainer - [K3S] [range_allocator.go:247] "Successfully synced" key="bbf9300cc49a"
2025-01-30 18:30:20,128 INFO c.h.h.t.OperatorHelmChartContainer - [K3S] [INFO] Flannel found PodCIDR assigned for node bbf9300cc49a
2025-01-30 18:30:20,129 INFO c.h.h.t.OperatorHelmChartContainer - [K3S] [range_allocator.go:247] "Successfully synced" key="bbf9300cc49a"
2025-01-30 18:30:20,130 INFO c.h.h.t.OperatorHelmChartContainer - [K3S] [INFO] The interface eth0 with ipv4 address 172.17.0.3 will be used by flannel
2025-01-30 18:30:20,131 INFO c.h.h.t.OperatorHelmChartContainer - [K3S] [kube.go:139] Waiting 10m0s for node controller to sync
2025-01-30 18:30:20,131 INFO c.h.h.t.OperatorHelmChartContainer - [K3S] [kube.go:469] Starting kube subnet manager
2025-01-30 18:30:20,134 INFO c.h.h.t.OperatorHelmChartContainer - [K3S] [INFO] Network policy controller waiting for removal of node.cloudprovider.kubernetes.io/uninitialized taint
2025-01-30 18:30:20,138 INFO c.h.h.t.OperatorHelmChartContainer - [K3S] [INFO] Updated coredns NodeHosts entry for bbf9300cc49a
2025-01-30 18:30:20,174 INFO c.h.h.t.OperatorHelmChartContainer - [K3S] [range_allocator.go:247] "Successfully synced" key="bbf9300cc49a"
2025-01-30 18:30:20,218 INFO c.h.h.t.OperatorHelmChartContainer - [K3S] [node_lifecycle_controller.go:1234] "Initializing eviction metric for zone" zone=""
2025-01-30 18:30:20,219 INFO c.h.h.t.OperatorHelmChartContainer - [K3S] [node_lifecycle_controller.go:886] "Missing timestamp for Node. Assuming now as a timestamp" node="bbf9300cc49a"
2025-01-30 18:30:20,219 INFO c.h.h.t.OperatorHelmChartContainer - [K3S] [node_lifecycle_controller.go:1080] "Controller detected that zone is now in new state" zone="" newState="Normal"
2025-01-30 18:30:20,228 INFO c.h.h.t.OperatorHelmChartContainer - [K3S] [range_allocator.go:247] "Successfully synced" key="bbf9300cc49a"
2025-01-30 18:30:20,240 INFO c.h.h.t.OperatorHelmChartContainer - [K3S] [INFO] Started tunnel to 172.17.0.3:6443
2025-01-30 18:30:20,240 INFO c.h.h.t.OperatorHelmChartContainer - [K3S] [INFO] Stopped tunnel to 127.0.0.1:6443
2025-01-30 18:30:20,240 INFO c.h.h.t.OperatorHelmChartContainer - [K3S] [INFO] Proxy done" err="context canceled" url="wss://127.0.0.1:6443/v1-k3s/connect
2025-01-30 18:30:20,240 INFO c.h.h.t.OperatorHelmChartContainer - [K3S] [INFO] Connecting to proxy" url="wss://172.17.0.3:6443/v1-k3s/connect
2025-01-30 18:30:20,240 INFO c.h.h.t.OperatorHelmChartContainer - [K3S] [INFO] error in remotedialer server [400]: websocket: close 1006 (abnormal closure): unexpected EOF
2025-01-30 18:30:20,243 INFO c.h.h.t.OperatorHelmChartContainer - [K3S] [INFO] Handling backend connection request [bbf9300cc49a]
2025-01-30 18:30:20,243 INFO c.h.h.t.OperatorHelmChartContainer - [K3S] [INFO] Remotedialer connected to proxy" url="wss://172.17.0.3:6443/v1-k3s/connect
2025-01-30 18:30:20,398 INFO c.h.h.t.OperatorHelmChartContainer - [K3S] [controllermanager.go:160] Version: v1.32.1+k3s1
2025-01-30 18:30:20,401 INFO c.h.h.t.OperatorHelmChartContainer - [K3S] [requestheader_controller.go:180] Starting RequestHeaderAuthRequestController
2025-01-30 18:30:20,401 INFO c.h.h.t.OperatorHelmChartContainer - [K3S] [configmap_cafile_content.go:205] "Starting controller" name="client-ca::kube-system::extension-apiserver-authentication::client-ca-file"
2025-01-30 18:30:20,401 INFO c.h.h.t.OperatorHelmChartContainer - [K3S] [configmap_cafile_content.go:205] "Starting controller" name="client-ca::kube-system::extension-apiserver-authentication::requestheader-client-ca-file"
2025-01-30 18:30:20,401 INFO c.h.h.t.OperatorHelmChartContainer - [K3S] [secure_serving.go:213] Serving securely on 127.0.0.1:10258
2025-01-30 18:30:20,401 INFO c.h.h.t.OperatorHelmChartContainer - [K3S] [tlsconfig.go:243] "Starting DynamicServingCertificateController"
2025-01-30 18:30:20,406 INFO c.h.h.t.OperatorHelmChartContainer - [K3S] [INFO] Creating service-lb-controller event broadcaster
2025-01-30 18:30:20,519 INFO c.h.h.t.OperatorHelmChartContainer - [K3S] [INFO] Starting /v1, Kind=Node controller
2025-01-30 18:30:20,522 INFO c.h.h.t.OperatorHelmChartContainer - [K3S] [INFO] Starting /v1, Kind=Pod controller
2025-01-30 18:30:20,525 INFO c.h.h.t.OperatorHelmChartContainer - [K3S] [INFO] Starting apps/v1, Kind=DaemonSet controller
2025-01-30 18:30:20,528 INFO c.h.h.t.OperatorHelmChartContainer - [K3S] [INFO] Starting discovery.k8s.io/v1, Kind=EndpointSlice controller
2025-01-30 18:30:20,528 INFO c.h.h.t.OperatorHelmChartContainer - [K3S] [controllermanager.go:329] Started "cloud-node-lifecycle-controller"
2025-01-30 18:30:20,529 INFO c.h.h.t.OperatorHelmChartContainer - [K3S] [node_lifecycle_controller.go:112] Sending events to api server
2025-01-30 18:30:20,529 INFO c.h.h.t.OperatorHelmChartContainer - [K3S] [controllermanager.go:329] Started "service-lb-controller"
2025-01-30 18:30:20,529 INFO c.h.h.t.OperatorHelmChartContainer - [K3S] [controllermanager.go:306] "node-route-controller" is disabled
2025-01-30 18:30:20,529 INFO c.h.h.t.OperatorHelmChartContainer - [K3S] [controller.go:234] Starting service controller
2025-01-30 18:30:20,530 INFO c.h.h.t.OperatorHelmChartContainer - [K3S] [controllermanager.go:329] Started "cloud-node-controller"
2025-01-30 18:30:20,530 INFO c.h.h.t.OperatorHelmChartContainer - [K3S] [node_controller.go:176] Sending events to api server.
2025-01-30 18:30:20,530 INFO c.h.h.t.OperatorHelmChartContainer - [K3S] [node_controller.go:185] Waiting for informer caches to sync
2025-01-30 18:30:20,630 INFO c.h.h.t.OperatorHelmChartContainer - [K3S] [node_controller.go:429] Initializing node bbf9300cc49a with cloud provider
2025-01-30 18:30:20,636 INFO c.h.h.t.OperatorHelmChartContainer - [K3S] [node_controller.go:474] Successfully initialized node bbf9300cc49a with cloud provider
2025-01-30 18:30:20,637 INFO c.h.h.t.OperatorHelmChartContainer - [K3S] [event.go:389] "Event occurred" object="bbf9300cc49a" fieldPath="" kind="Node" apiVersion="v1" type="Normal" reason="Synced" message="Node synced successfully"
2025-01-30 18:30:20,637 INFO c.h.h.t.OperatorHelmChartContainer - [K3S] [range_allocator.go:247] "Successfully synced" key="bbf9300cc49a"
2025-01-30 18:30:20,776 INFO c.h.h.t.OperatorHelmChartContainer - [K3S] [handler_proxy.go:99] no RequestInfo found in the context
2025-01-30 18:30:20,776 INFO c.h.h.t.OperatorHelmChartContainer - [K3S] [controller.go:146] "Unhandled Error" err=<
2025-01-30 18:30:20,776 INFO c.h.h.t.OperatorHelmChartContainer - [K3S] 	, Header: map[Content-Type:[text/plain; charset=utf-8] X-Content-Type-Options:[nosniff]]
2025-01-30 18:30:20,776 INFO c.h.h.t.OperatorHelmChartContainer - [K3S]  >
2025-01-30 18:30:20,777 INFO c.h.h.t.OperatorHelmChartContainer - [K3S] [handler_proxy.go:143] error resolving kube-system/metrics-server: no endpoints available for service "metrics-server"
2025-01-30 18:30:20,812 INFO c.h.h.t.OperatorHelmChartContainer - [K3S] [serving.go:392] Generated self-signed cert in-memory
2025-01-30 18:30:20,884 INFO c.h.h.t.OperatorHelmChartContainer - [K3S] [replica_set.go:679] "Finished syncing" kind="ReplicaSet" key="kube-system/local-path-provisioner-698b58967b" duration="606.459183ms"
2025-01-30 18:30:20,884 INFO c.h.h.t.OperatorHelmChartContainer - [K3S] [replica_set.go:679] "Finished syncing" kind="ReplicaSet" key="kube-system/metrics-server-8584b5786c" duration="607.735972ms"
2025-01-30 18:30:20,887 INFO c.h.h.t.OperatorHelmChartContainer - [K3S] [replica_set.go:679] "Finished syncing" kind="ReplicaSet" key="kube-system/coredns-ff8999cc5" duration="611.510812ms"
2025-01-30 18:30:20,890 INFO c.h.h.t.OperatorHelmChartContainer - [K3S] [replica_set.go:679] "Finished syncing" kind="ReplicaSet" key="kube-system/metrics-server-8584b5786c" duration="6.17148ms"
2025-01-30 18:30:20,890 INFO c.h.h.t.OperatorHelmChartContainer - [K3S] [replica_set.go:679] "Finished syncing" kind="ReplicaSet" key="kube-system/metrics-server-8584b5786c" duration="34.355µs"
2025-01-30 18:30:20,890 INFO c.h.h.t.OperatorHelmChartContainer - [K3S] [replica_set.go:679] "Finished syncing" kind="ReplicaSet" key="kube-system/metrics-server-8584b5786c" duration="27.622µs"
2025-01-30 18:30:20,894 INFO c.h.h.t.OperatorHelmChartContainer - [K3S] [replica_set.go:679] "Finished syncing" kind="ReplicaSet" key="kube-system/coredns-ff8999cc5" duration="7.48311ms"
2025-01-30 18:30:20,894 INFO c.h.h.t.OperatorHelmChartContainer - [K3S] [replica_set.go:679] "Finished syncing" kind="ReplicaSet" key="kube-system/coredns-ff8999cc5" duration="39.804µs"
2025-01-30 18:30:20,897 INFO c.h.h.t.OperatorHelmChartContainer - [K3S] [replica_set.go:679] "Finished syncing" kind="ReplicaSet" key="kube-system/local-path-provisioner-698b58967b" duration="14.805397ms"
2025-01-30 18:30:20,898 INFO c.h.h.t.OperatorHelmChartContainer - [K3S] [replica_set.go:679] "Finished syncing" kind="ReplicaSet" key="kube-system/local-path-provisioner-698b58967b" duration="33.543µs"
2025-01-30 18:30:20,898 INFO c.h.h.t.OperatorHelmChartContainer - [K3S] [replica_set.go:679] "Finished syncing" kind="ReplicaSet" key="kube-system/local-path-provisioner-698b58967b" duration="27.201µs"
2025-01-30 18:30:21,127 INFO c.h.h.t.OperatorHelmChartContainer - [K3S] [server.go:164] "Starting Kubernetes Scheduler" version="v1.32.1+k3s1"
2025-01-30 18:30:21,127 INFO c.h.h.t.OperatorHelmChartContainer - [K3S] [server.go:166] "Golang settings" GOGC="" GOMAXPROCS="" GOTRACEBACK=""
2025-01-30 18:30:21,132 INFO c.h.h.t.OperatorHelmChartContainer - [K3S] [secure_serving.go:213] Serving securely on 127.0.0.1:10259
2025-01-30 18:30:21,132 INFO c.h.h.t.OperatorHelmChartContainer - [K3S] [requestheader_controller.go:180] Starting RequestHeaderAuthRequestController
2025-01-30 18:30:21,132 INFO c.h.h.t.OperatorHelmChartContainer - [K3S] [kube.go:146] Node controller sync successful
2025-01-30 18:30:21,132 INFO c.h.h.t.OperatorHelmChartContainer - [K3S] [tlsconfig.go:243] "Starting DynamicServingCertificateController"
2025-01-30 18:30:21,132 INFO c.h.h.t.OperatorHelmChartContainer - [K3S] [configmap_cafile_content.go:205] "Starting controller" name="client-ca::kube-system::extension-apiserver-authentication::requestheader-client-ca-file"
2025-01-30 18:30:21,133 INFO c.h.h.t.OperatorHelmChartContainer - [K3S] [configmap_cafile_content.go:205] "Starting controller" name="client-ca::kube-system::extension-apiserver-authentication::client-ca-file"
2025-01-30 18:30:21,133 INFO c.h.h.t.OperatorHelmChartContainer - [K3S] [vxlan.go:141] VXLAN config: VNI=1 Port=0 GBP=false Learning=false DirectRouting=false
2025-01-30 18:30:21,136 INFO c.h.h.t.OperatorHelmChartContainer - [K3S] [kube.go:636] List of node(bbf9300cc49a) annotations: map[string]string{"alpha.kubernetes.io/provided-node-ip":"172.17.0.3", "k3s.io/hostname":"bbf9300cc49a", "k3s.io/internal-ip":"172.17.0.3", "k3s.io/node-args":"[\"server\",\"--disable\",\"traefik\",\"--tls-san\",\"localhost\"]", "k3s.io/node-config-hash":"JO7YSLDHXFTIIPZLLVI7GVGPULZK5EY6PYXUBKR6RNNG4QMX5FBQ====", "k3s.io/node-env":"{}", "node.alpha.kubernetes.io/ttl":"0", "volumes.kubernetes.io/controller-managed-attach-detach":"true"}
2025-01-30 18:30:21,147 INFO c.h.h.t.OperatorHelmChartContainer - [K3S] [range_allocator.go:247] "Successfully synced" key="bbf9300cc49a"
2025-01-30 18:30:21,149 INFO c.h.h.t.OperatorHelmChartContainer - [K3S] [iptables.go:51] Starting flannel in iptables mode...
2025-01-30 18:30:21,150 INFO c.h.h.t.OperatorHelmChartContainer - [K3S] [WARNING] no subnet found for key: FLANNEL_NETWORK in file: /run/flannel/subnet.env
2025-01-30 18:30:21,150 INFO c.h.h.t.OperatorHelmChartContainer - [K3S] [WARNING] no subnet found for key: FLANNEL_SUBNET in file: /run/flannel/subnet.env
2025-01-30 18:30:21,150 INFO c.h.h.t.OperatorHelmChartContainer - [K3S] [WARNING] no subnet found for key: FLANNEL_IPV6_NETWORK in file: /run/flannel/subnet.env
2025-01-30 18:30:21,150 INFO c.h.h.t.OperatorHelmChartContainer - [K3S] [WARNING] no subnet found for key: FLANNEL_IPV6_SUBNET in file: /run/flannel/subnet.env
2025-01-30 18:30:21,150 INFO c.h.h.t.OperatorHelmChartContainer - [K3S] [iptables.go:115] Current network or subnet (10.42.0.0/16, 10.42.0.0/24) is not equal to previous one (0.0.0.0/0, 0.0.0.0/0), trying to recycle old iptables rules
2025-01-30 18:30:21,150 INFO c.h.h.t.OperatorHelmChartContainer - [K3S] [kube.go:490] Creating the node lease for IPv4. This is the n.Spec.PodCIDRs: [10.42.0.0/24]
2025-01-30 18:30:21,160 INFO c.h.h.t.OperatorHelmChartContainer - [K3S] [iptables.go:125] Setting up masking rules
2025-01-30 18:30:21,163 INFO c.h.h.t.OperatorHelmChartContainer - [K3S] [iptables.go:226] Changing default FORWARD chain policy to ACCEPT
2025-01-30 18:30:21,165 INFO c.h.h.t.OperatorHelmChartContainer - [K3S] [INFO] Wrote flannel subnet file to /run/flannel/subnet.env
2025-01-30 18:30:21,166 INFO c.h.h.t.OperatorHelmChartContainer - [K3S] [INFO] Running flannel backend.
2025-01-30 18:30:21,166 INFO c.h.h.t.OperatorHelmChartContainer - [K3S] [vxlan_network.go:65] watching for new subnet leases
2025-01-30 18:30:21,181 INFO c.h.h.t.OperatorHelmChartContainer - [K3S] [iptables.go:372] bootstrap done
2025-01-30 18:30:21,186 INFO c.h.h.t.OperatorHelmChartContainer - [K3S] [iptables.go:372] bootstrap done
2025-01-30 18:30:21,247 INFO c.h.h.t.OperatorHelmChartContainer - [K3S] [replica_set.go:679] "Finished syncing" kind="ReplicaSet" key="kube-system/local-path-provisioner-698b58967b" duration="105.357µs"
2025-01-30 18:30:21,249 INFO c.h.h.t.OperatorHelmChartContainer - [K3S] [replica_set.go:679] "Finished syncing" kind="ReplicaSet" key="kube-system/coredns-ff8999cc5" duration="121.688µs"
2025-01-30 18:30:21,251 INFO c.h.h.t.OperatorHelmChartContainer - [K3S] [replica_set.go:679] "Finished syncing" kind="ReplicaSet" key="kube-system/metrics-server-8584b5786c" duration="103.614µs"
2025-01-30 18:30:21,294 INFO c.h.h.t.OperatorHelmChartContainer - [K3S] [replica_set.go:679] "Finished syncing" kind="ReplicaSet" key="kube-system/local-path-provisioner-698b58967b" duration="136.295µs"
2025-01-30 18:30:21,313 INFO c.h.h.t.OperatorHelmChartContainer - [K3S] [replica_set.go:679] "Finished syncing" kind="ReplicaSet" key="kube-system/metrics-server-8584b5786c" duration="85.239µs"
2025-01-30 18:30:21,323 INFO c.h.h.t.OperatorHelmChartContainer - [K3S] [replica_set.go:679] "Finished syncing" kind="ReplicaSet" key="kube-system/coredns-ff8999cc5" duration="42.66µs"
2025-01-30 18:30:21,323 INFO c.h.h.t.OperatorHelmChartContainer - [K3S] [reconciler_common.go:251] "operationExecutor.VerifyControllerAttachedVolume started for volume \"config-volume\" (UniqueName: \"kubernetes.io/configmap/5f2f64e2-e1b2-485d-a35b-71800434f705-config-volume\") pod \"coredns-ff8999cc5-wmwj2\" (UID: \"5f2f64e2-e1b2-485d-a35b-71800434f705\") " pod="kube-system/coredns-ff8999cc5-wmwj2"
2025-01-30 18:30:21,323 INFO c.h.h.t.OperatorHelmChartContainer - [K3S] [reconciler_common.go:251] "operationExecutor.VerifyControllerAttachedVolume started for volume \"custom-config-volume\" (UniqueName: \"kubernetes.io/configmap/5f2f64e2-e1b2-485d-a35b-71800434f705-custom-config-volume\") pod \"coredns-ff8999cc5-wmwj2\" (UID: \"5f2f64e2-e1b2-485d-a35b-71800434f705\") " pod="kube-system/coredns-ff8999cc5-wmwj2"
2025-01-30 18:30:21,323 INFO c.h.h.t.OperatorHelmChartContainer - [K3S] [reconciler_common.go:251] "operationExecutor.VerifyControllerAttachedVolume started for volume \"kube-api-access-zlb5n\" (UniqueName: \"kubernetes.io/projected/5f2f64e2-e1b2-485d-a35b-71800434f705-kube-api-access-zlb5n\") pod \"coredns-ff8999cc5-wmwj2\" (UID: \"5f2f64e2-e1b2-485d-a35b-71800434f705\") " pod="kube-system/coredns-ff8999cc5-wmwj2"
2025-01-30 18:30:21,323 INFO c.h.h.t.OperatorHelmChartContainer - [K3S] [reconciler_common.go:251] "operationExecutor.VerifyControllerAttachedVolume started for volume \"tmp-dir\" (UniqueName: \"kubernetes.io/empty-dir/7f061ac9-d7ec-4131-ac27-0c860f8f84d4-tmp-dir\") pod \"metrics-server-8584b5786c-nc57d\" (UID: \"7f061ac9-d7ec-4131-ac27-0c860f8f84d4\") " pod="kube-system/metrics-server-8584b5786c-nc57d"
2025-01-30 18:30:21,323 INFO c.h.h.t.OperatorHelmChartContainer - [K3S] [reconciler_common.go:251] "operationExecutor.VerifyControllerAttachedVolume started for volume \"kube-api-access-f5gsw\" (UniqueName: \"kubernetes.io/projected/7f061ac9-d7ec-4131-ac27-0c860f8f84d4-kube-api-access-f5gsw\") pod \"metrics-server-8584b5786c-nc57d\" (UID: \"7f061ac9-d7ec-4131-ac27-0c860f8f84d4\") " pod="kube-system/metrics-server-8584b5786c-nc57d"
2025-01-30 18:30:21,323 INFO c.h.h.t.OperatorHelmChartContainer - [K3S] [reconciler_common.go:251] "operationExecutor.VerifyControllerAttachedVolume started for volume \"config-volume\" (UniqueName: \"kubernetes.io/configmap/6b6ef628-eca5-454c-8a5f-9e15aea5b621-config-volume\") pod \"local-path-provisioner-698b58967b-ffxc2\" (UID: \"6b6ef628-eca5-454c-8a5f-9e15aea5b621\") " pod="kube-system/local-path-provisioner-698b58967b-ffxc2"
2025-01-30 18:30:21,323 INFO c.h.h.t.OperatorHelmChartContainer - [K3S] [reconciler_common.go:251] "operationExecutor.VerifyControllerAttachedVolume started for volume \"kube-api-access-vl7pb\" (UniqueName: \"kubernetes.io/projected/6b6ef628-eca5-454c-8a5f-9e15aea5b621-kube-api-access-vl7pb\") pod \"local-path-provisioner-698b58967b-ffxc2\" (UID: \"6b6ef628-eca5-454c-8a5f-9e15aea5b621\") " pod="kube-system/local-path-provisioner-698b58967b-ffxc2"
2025-01-30 18:30:21,778 INFO c.h.h.t.OperatorHelmChartContainer - [K3S] [handler_proxy.go:99] no RequestInfo found in the context
2025-01-30 18:30:21,778 INFO c.h.h.t.OperatorHelmChartContainer - [K3S] [handler_proxy.go:99] no RequestInfo found in the context
2025-01-30 18:30:21,778 INFO c.h.h.t.OperatorHelmChartContainer - [K3S] [controller.go:102] "Unhandled Error" err=<
2025-01-30 18:30:21,778 INFO c.h.h.t.OperatorHelmChartContainer - [K3S] 	, Header: map[Content-Type:[text/plain; charset=utf-8] X-Content-Type-Options:[nosniff]]
2025-01-30 18:30:21,778 INFO c.h.h.t.OperatorHelmChartContainer - [K3S]  >
2025-01-30 18:30:22,242 INFO c.h.h.t.OperatorHelmChartContainer - [K3S] [INFO] Starting network policy controller version v2.2.1, built on 2025-01-28T18:27:08Z, go1.23.4
2025-01-30 18:30:22,242 INFO c.h.h.t.OperatorHelmChartContainer - [K3S] [network_policy_controller.go:164] Starting network policy controller
2025-01-30 18:30:22,275 INFO c.h.h.t.OperatorHelmChartContainer - [K3S] [network_policy_controller.go:176] Starting network policy controller full sync goroutine
2025-01-30 18:30:24,544 INFO c.h.h.t.OperatorHelmChartContainer - [K3S] [kuberuntime_manager.go:1702] "Updating runtime config through cri with podcidr" CIDR="10.42.0.0/24"
2025-01-30 18:30:24,546 INFO c.h.h.t.OperatorHelmChartContainer - [K3S] [kubelet_network.go:61] "Updating Pod CIDR" originalPodCIDR="" newPodCIDR="10.42.0.0/24"
2025-01-30 18:30:24,553 INFO c.h.h.t.OperatorHelmChartContainer - [K3S] [range_allocator.go:247] "Successfully synced" key="bbf9300cc49a"
2025-01-30 18:30:26,366 INFO c.h.h.t.OperatorHelmChartContainer - [K3S] [replica_set.go:679] "Finished syncing" kind="ReplicaSet" key="kube-system/local-path-provisioner-698b58967b" duration="7.176658ms"
2025-01-30 18:30:26,367 INFO c.h.h.t.OperatorHelmChartContainer - [K3S] [replica_set.go:679] "Finished syncing" kind="ReplicaSet" key="kube-system/local-path-provisioner-698b58967b" duration="65.423µs"
2025-01-30 18:30:27,362 INFO c.h.h.t.OperatorHelmChartContainer - [K3S] [replica_set.go:679] "Finished syncing" kind="ReplicaSet" key="kube-system/metrics-server-8584b5786c" duration="42.56µs"
2025-01-30 18:30:27,379 INFO c.h.h.t.OperatorHelmChartContainer - [K3S] [replica_set.go:679] "Finished syncing" kind="ReplicaSet" key="kube-system/coredns-ff8999cc5" duration="7.954443ms"
2025-01-30 18:30:27,387 INFO c.h.h.t.OperatorHelmChartContainer - [K3S] [replica_set.go:679] "Finished syncing" kind="ReplicaSet" key="kube-system/coredns-ff8999cc5" duration="33.803µs"
2025-01-30 18:30:37,071 INFO c.h.h.t.OperatorHelmChartContainer - [K3S] [alloc.go:330] "allocated clusterIPs" service="default/local-hivemq-hivemq-operator-operator" clusterIPs={"IPv4":"10.43.15.245"}
2025-01-30 18:30:37,113 INFO c.h.h.t.OperatorHelmChartContainer - [K3S] [replica_set.go:679] "Finished syncing" kind="ReplicaSet" key="default/local-hivemq-hivemq-operator-operator-6b564f6db4" duration="28.523937ms"
2025-01-30 18:30:37,124 INFO c.h.h.t.OperatorHelmChartContainer - [K3S] [replica_set.go:679] "Finished syncing" kind="ReplicaSet" key="default/local-hivemq-hivemq-operator-operator-6b564f6db4" duration="11.299104ms"
2025-01-30 18:30:37,125 INFO c.h.h.t.OperatorHelmChartContainer - [K3S] [replica_set.go:679] "Finished syncing" kind="ReplicaSet" key="default/local-hivemq-hivemq-operator-operator-6b564f6db4" duration="77.215µs"
2025-01-30 18:30:37,140 INFO c.h.h.t.OperatorHelmChartContainer - [K3S] [replica_set.go:679] "Finished syncing" kind="ReplicaSet" key="default/local-hivemq-hivemq-operator-operator-6b564f6db4" duration="43.852µs"
2025-01-30 18:30:37,191 DEBUG c.h.h.t.OperatorHelmChartContainer - Chart 'local-hivemq' installed or upgraded
2025-01-30 18:30:37,232 INFO c.h.h.t.OperatorHelmChartContainer - [K3S] [reconciler_common.go:251] "operationExecutor.VerifyControllerAttachedVolume started for volume \"templates\" (UniqueName: \"kubernetes.io/configmap/da8cf715-76e8-4ba1-ae32-13f874dbd43c-templates\") pod \"local-hivemq-hivemq-operator-operator-6b564f6db4-pjzb2\" (UID: \"da8cf715-76e8-4ba1-ae32-13f874dbd43c\") " pod="default/local-hivemq-hivemq-operator-operator-6b564f6db4-pjzb2"
2025-01-30 18:30:37,232 INFO c.h.h.t.OperatorHelmChartContainer - [K3S] [reconciler_common.go:251] "operationExecutor.VerifyControllerAttachedVolume started for volume \"kube-api-access-sxmm8\" (UniqueName: \"kubernetes.io/projected/da8cf715-76e8-4ba1-ae32-13f874dbd43c-kube-api-access-sxmm8\") pod \"local-hivemq-hivemq-operator-operator-6b564f6db4-pjzb2\" (UID: \"da8cf715-76e8-4ba1-ae32-13f874dbd43c\") " pod="default/local-hivemq-hivemq-operator-operator-6b564f6db4-pjzb2"
2025-01-30 18:30:39,380 INFO c.h.h.t.OperatorHelmChartContainer - [K3S] [replica_set.go:679] "Finished syncing" kind="ReplicaSet" key="default/local-hivemq-hivemq-operator-operator-6b564f6db4" duration="7.483935ms"
2025-01-30 18:30:39,381 INFO c.h.h.t.OperatorHelmChartContainer - [K3S] [replica_set.go:679] "Finished syncing" kind="ReplicaSet" key="default/local-hivemq-hivemq-operator-operator-6b564f6db4" duration="29.776µs"
2025-01-30 18:30:43,374 INFO c.h.h.t.OperatorHelmChartContainer - [K3S] [replica_set.go:679] "Finished syncing" kind="ReplicaSet" key="kube-system/metrics-server-8584b5786c" duration="8.000772ms"
2025-01-30 18:30:43,374 INFO c.h.h.t.OperatorHelmChartContainer - [K3S] [replica_set.go:679] "Finished syncing" kind="ReplicaSet" key="kube-system/metrics-server-8584b5786c" duration="40.035µs"
2025-01-30 18:30:45,149 INFO c.h.h.t.OperatorHelmChartContainer - [K3S] [range_allocator.go:247] "Successfully synced" key="bbf9300cc49a"
2025-01-30 18:30:46,818 INFO c.h.h.t.OperatorHelmChartContainer - [K3S] [alloc.go:330] "allocated clusterIPs" service="default/hivemq-local-hivemq-cc" clusterIPs={"IPv4":"10.43.229.92"}
2025-01-30 18:30:46,833 INFO c.h.h.t.OperatorHelmChartContainer - [K3S] [alloc.go:330] "allocated clusterIPs" service="default/hivemq-local-hivemq-mqtt" clusterIPs={"IPv4":"10.43.107.5"}
2025-01-30 18:30:46,833 INFO c.h.h.t.OperatorHelmChartContainer - [K3S] [event.go:389] "Event occurred" object="default/hivemq-local-hivemq-mqtt" fieldPath="" kind="Service" apiVersion="v1" type="Normal" reason="EnsuringLoadBalancer" message="Ensuring load balancer"
2025-01-30 18:30:46,921 INFO c.h.h.t.OperatorHelmChartContainer - [K3S] [event.go:389] "Event occurred" object="default/hivemq-local-hivemq-mqtt" fieldPath="" kind="Service" apiVersion="v1" type="Normal" reason="AppliedDaemonSet" message="Applied LoadBalancer DaemonSet kube-system/svclb-hivemq-local-hivemq-mqtt-ba0b14ee"
2025-01-30 18:30:49,403 INFO c.h.h.t.OperatorHelmChartContainer - [K3S] [event.go:389] "Event occurred" object="default/hivemq-local-hivemq-mqtt" fieldPath="" kind="Service" apiVersion="v1" type="Normal" reason="UpdatedLoadBalancer" message="Updated LoadBalancer with new IPs: [] -> [172.17.0.3]"
2025-01-30 18:30:49,532 DEBUG com.hivemq.helmcharts.util.K8sUtil - State to compare Pending and waiting for Running
2025-01-30 18:30:49,723 DEBUG com.hivemq.helmcharts.util.K8sUtil - State to compare Pending and waiting for Running
2025-01-30 18:30:50,927 DEBUG com.hivemq.helmcharts.util.K8sUtil - State to compare Pending and waiting for Running
2025-01-30 18:30:51,130 DEBUG com.hivemq.helmcharts.util.K8sUtil - State to compare Pending and waiting for Running
2025-01-30 18:30:51,523 DEBUG com.hivemq.helmcharts.util.K8sUtil - State to compare Updating and waiting for Running
2025-01-30 18:30:51,936 INFO c.h.h.t.OperatorHelmChartContainer - [K3S] [replica_set.go:679] "Finished syncing" kind="ReplicaSet" key="default/local-hivemq-6f4d548d79" duration="13.538263ms"
2025-01-30 18:30:51,979 INFO c.h.h.t.OperatorHelmChartContainer - [K3S] [replica_set.go:679] "Finished syncing" kind="ReplicaSet" key="default/local-hivemq-6f4d548d79" duration="43.607511ms"
2025-01-30 18:30:52,024 INFO c.h.h.t.OperatorHelmChartContainer - [K3S] [reconciler_common.go:251] "operationExecutor.VerifyControllerAttachedVolume started for volume \"shared-data\" (UniqueName: \"kubernetes.io/empty-dir/730d921b-3bda-4255-aacf-529fd148f56b-shared-data\") pod \"local-hivemq-6f4d548d79-ks69c\" (UID: \"730d921b-3bda-4255-aacf-529fd148f56b\") " pod="default/local-hivemq-6f4d548d79-ks69c"
2025-01-30 18:30:52,024 INFO c.h.h.t.OperatorHelmChartContainer - [K3S] [reconciler_common.go:251] "operationExecutor.VerifyControllerAttachedVolume started for volume \"backup\" (UniqueName: \"kubernetes.io/empty-dir/730d921b-3bda-4255-aacf-529fd148f56b-backup\") pod \"local-hivemq-6f4d548d79-ks69c\" (UID: \"730d921b-3bda-4255-aacf-529fd148f56b\") " pod="default/local-hivemq-6f4d548d79-ks69c"
2025-01-30 18:30:52,025 INFO c.h.h.t.OperatorHelmChartContainer - [K3S] [reconciler_common.go:251] "operationExecutor.VerifyControllerAttachedVolume started for volume \"dns-wait-config\" (UniqueName: \"kubernetes.io/configmap/730d921b-3bda-4255-aacf-529fd148f56b-dns-wait-config\") pod \"local-hivemq-6f4d548d79-ks69c\" (UID: \"730d921b-3bda-4255-aacf-529fd148f56b\") " pod="default/local-hivemq-6f4d548d79-ks69c"
2025-01-30 18:30:52,025 INFO c.h.h.t.OperatorHelmChartContainer - [K3S] [reconciler_common.go:251] "operationExecutor.VerifyControllerAttachedVolume started for volume \"kube-api-access-dqfm2\" (UniqueName: \"kubernetes.io/projected/730d921b-3bda-4255-aacf-529fd148f56b-kube-api-access-dqfm2\") pod \"local-hivemq-6f4d548d79-ks69c\" (UID: \"730d921b-3bda-4255-aacf-529fd148f56b\") " pod="default/local-hivemq-6f4d548d79-ks69c"
2025-01-30 18:30:52,025 INFO c.h.h.t.OperatorHelmChartContainer - [K3S] [reconciler_common.go:251] "operationExecutor.VerifyControllerAttachedVolume started for volume \"log\" (UniqueName: \"kubernetes.io/empty-dir/730d921b-3bda-4255-aacf-529fd148f56b-log\") pod \"local-hivemq-6f4d548d79-ks69c\" (UID: \"730d921b-3bda-4255-aacf-529fd148f56b\") " pod="default/local-hivemq-6f4d548d79-ks69c"
2025-01-30 18:30:52,025 INFO c.h.h.t.OperatorHelmChartContainer - [K3S] [reconciler_common.go:251] "operationExecutor.VerifyControllerAttachedVolume started for volume \"data\" (UniqueName: \"kubernetes.io/empty-dir/730d921b-3bda-4255-aacf-529fd148f56b-data\") pod \"local-hivemq-6f4d548d79-ks69c\" (UID: \"730d921b-3bda-4255-aacf-529fd148f56b\") " pod="default/local-hivemq-6f4d548d79-ks69c"
2025-01-30 18:30:52,025 INFO c.h.h.t.OperatorHelmChartContainer - [K3S] [reconciler_common.go:251] "operationExecutor.VerifyControllerAttachedVolume started for volume \"conf-override\" (UniqueName: \"kubernetes.io/empty-dir/730d921b-3bda-4255-aacf-529fd148f56b-conf-override\") pod \"local-hivemq-6f4d548d79-ks69c\" (UID: \"730d921b-3bda-4255-aacf-529fd148f56b\") " pod="default/local-hivemq-6f4d548d79-ks69c"
2025-01-30 18:30:52,025 INFO c.h.h.t.OperatorHelmChartContainer - [K3S] [reconciler_common.go:251] "operationExecutor.VerifyControllerAttachedVolume started for volume \"audit\" (UniqueName: \"kubernetes.io/empty-dir/730d921b-3bda-4255-aacf-529fd148f56b-audit\") pod \"local-hivemq-6f4d548d79-ks69c\" (UID: \"730d921b-3bda-4255-aacf-529fd148f56b\") " pod="default/local-hivemq-6f4d548d79-ks69c"
2025-01-30 18:30:52,026 INFO c.h.h.t.OperatorHelmChartContainer - [K3S] [reconciler_common.go:251] "operationExecutor.VerifyControllerAttachedVolume started for volume \"heap-dumps\" (UniqueName: \"kubernetes.io/empty-dir/730d921b-3bda-4255-aacf-529fd148f56b-heap-dumps\") pod \"local-hivemq-6f4d548d79-ks69c\" (UID: \"730d921b-3bda-4255-aacf-529fd148f56b\") " pod="default/local-hivemq-6f4d548d79-ks69c"
2025-01-30 18:30:52,026 INFO c.h.h.t.OperatorHelmChartContainer - [K3S] [reconciler_common.go:251] "operationExecutor.VerifyControllerAttachedVolume started for volume \"live-info\" (UniqueName: \"kubernetes.io/configmap/730d921b-3bda-4255-aacf-529fd148f56b-live-info\") pod \"local-hivemq-6f4d548d79-ks69c\" (UID: \"730d921b-3bda-4255-aacf-529fd148f56b\") " pod="default/local-hivemq-6f4d548d79-ks69c"
2025-01-30 18:30:52,057 INFO c.h.h.t.OperatorHelmChartContainer - [K3S] [replica_set.go:679] "Finished syncing" kind="ReplicaSet" key="default/local-hivemq-6f4d548d79" duration="77.648398ms"
2025-01-30 18:30:52,058 INFO c.h.h.t.OperatorHelmChartContainer - [K3S] [replica_set.go:679] "Finished syncing" kind="ReplicaSet" key="default/local-hivemq-6f4d548d79" duration="114.424µs"
2025-01-30 18:30:52,077 DEBUG com.hivemq.helmcharts.util.K8sUtil - State to compare Updating and waiting for Running
2025-01-30 18:30:52,340 DEBUG com.hivemq.helmcharts.util.K8sUtil - State to compare Updating and waiting for Running
2025-01-30 18:30:52,624 DEBUG com.hivemq.helmcharts.util.K8sUtil - State to compare Updating and waiting for Running
2025-01-30 18:30:52,834 INFO c.h.h.t.OperatorHelmChartContainer - [K3S] [replica_set.go:679] "Finished syncing" kind="ReplicaSet" key="default/local-hivemq-6f4d548d79" duration="52.719µs"
2025-01-30 18:30:52,925 DEBUG com.hivemq.helmcharts.util.K8sUtil - State to compare Updating and waiting for Running
2025-01-30 18:30:54,413 INFO c.h.h.t.OperatorHelmChartContainer - [K3S] [replica_set.go:679] "Finished syncing" kind="ReplicaSet" key="default/local-hivemq-6f4d548d79" duration="66.855µs"
2025-01-30 18:30:54,431 INFO c.h.h.t.OperatorHelmChartContainer - [K3S] [event.go:389] "Event occurred" object="default/hivemq-local-hivemq-mqtt" fieldPath="" kind="Service" apiVersion="v1" type="Normal" reason="UpdatedLoadBalancer" message="Updated LoadBalancer with new IPs: [172.17.0.3] -> [172.17.0.3]"
2025-01-30 18:30:55,415 INFO c.h.h.t.OperatorHelmChartContainer - [K3S] [replica_set.go:679] "Finished syncing" kind="ReplicaSet" key="default/local-hivemq-6f4d548d79" duration="64.481µs"
2025-01-30 18:30:56,413 INFO c.h.h.t.OperatorHelmChartContainer - [K3S] [replica_set.go:679] "Finished syncing" kind="ReplicaSet" key="default/local-hivemq-6f4d548d79" duration="53.31µs"
2025-01-30 18:31:06,431 INFO c.h.h.t.OperatorHelmChartContainer - [K3S] [replica_set.go:679] "Finished syncing" kind="ReplicaSet" key="default/local-hivemq-6f4d548d79" duration="51.877µs"
2025-01-30 18:31:07,434 INFO c.h.h.t.OperatorHelmChartContainer - [K3S] [replica_set.go:679] "Finished syncing" kind="ReplicaSet" key="default/local-hivemq-6f4d548d79" duration="60.413µs"
2025-01-30 18:31:15,676 INFO c.h.h.t.OperatorHelmChartContainer - [K3S] [range_allocator.go:247] "Successfully synced" key="bbf9300cc49a"
2025-01-30 18:31:43,476 INFO c.h.h.t.OperatorHelmChartContainer - [K3S] [replica_set.go:679] "Finished syncing" kind="ReplicaSet" key="default/local-hivemq-6f4d548d79" duration="10.165508ms"
2025-01-30 18:31:43,477 INFO c.h.h.t.OperatorHelmChartContainer - [K3S] [replica_set.go:679] "Finished syncing" kind="ReplicaSet" key="default/local-hivemq-6f4d548d79" duration="46.457µs"
2025-01-30 18:31:43,484 INFO c.h.h.t.OperatorHelmChartContainer - [K3S] [event.go:389] "Event occurred" object="default/hivemq-local-hivemq-mqtt" fieldPath="" kind="Service" apiVersion="v1" type="Normal" reason="UpdatedLoadBalancer" message="Updated LoadBalancer with new IPs: [172.17.0.3] -> [172.17.0.3]"
2025-01-30 18:32:13,486 INFO c.h.h.t.OperatorHelmChartContainer - [K3S] [replica_set.go:679] "Finished syncing" kind="ReplicaSet" key="default/local-hivemq-6f4d548d79" duration="8.485233ms"
2025-01-30 18:32:13,486 INFO c.h.h.t.OperatorHelmChartContainer - [K3S] [replica_set.go:679] "Finished syncing" kind="ReplicaSet" key="default/local-hivemq-6f4d548d79" duration="53.421µs"
2025-01-30 18:32:13,528 DEBUG com.hivemq.helmcharts.util.K8sUtil - State to compare Updating and waiting for Running
2025-01-30 18:32:13,827 DEBUG com.hivemq.helmcharts.util.K8sUtil - State to compare Updating and waiting for Running
2025-01-30 18:32:14,023 DEBUG com.hivemq.helmcharts.util.K8sUtil - State to compare Updating and waiting for Running
2025-01-30 18:32:14,120 DEBUG com.hivemq.helmcharts.util.K8sUtil - State to compare Updating and waiting for Running
2025-01-30 18:32:14,214 DEBUG com.hivemq.helmcharts.util.K8sUtil - State to compare Updating and waiting for Running
2025-01-30 18:32:14,236 DEBUG com.hivemq.helmcharts.util.K8sUtil - State to compare Running and waiting for Running
2025-01-30 18:32:14,355 INFO t.localhost/testcontainers/rabbfztrk8ktamxw:latest - Container localhost/testcontainers/rabbfztrk8ktamxw:latest started in PT2M3.204096148S
2025-01-30 18:32:14,427 INFO c.h.h.t.OperatorHelmChartContainer - [EVENT] Normal [Starting] Starting kubelet. [null:bbf9300cc49a]
2025-01-30 18:32:14,430 INFO c.h.h.t.OperatorHelmChartContainer - [EVENT] Warning [InvalidDiskCapacity] invalid capacity 0 on image filesystem [null:bbf9300cc49a]
2025-01-30 18:32:14,430 INFO c.h.h.t.OperatorHelmChartContainer - [EVENT] Normal [NodeHasSufficientMemory] Node bbf9300cc49a status is now: NodeHasSufficientMemory [null:bbf9300cc49a]
2025-01-30 18:32:14,430 INFO c.h.h.t.OperatorHelmChartContainer - [EVENT] Normal [NodeHasNoDiskPressure] Node bbf9300cc49a status is now: NodeHasNoDiskPressure [null:bbf9300cc49a]
2025-01-30 18:32:14,430 INFO c.h.h.t.OperatorHelmChartContainer - [EVENT] Normal [NodeHasSufficientPID] Node bbf9300cc49a status is now: NodeHasSufficientPID [null:bbf9300cc49a]
2025-01-30 18:32:14,430 INFO c.h.h.t.OperatorHelmChartContainer - [EVENT] Normal [NodeAllocatableEnforced] Updated Node Allocatable limit across pods [null:bbf9300cc49a]
2025-01-30 18:32:14,431 INFO c.h.h.t.OperatorHelmChartContainer - [EVENT] Normal [NodeReady] Node bbf9300cc49a status is now: NodeReady [null:bbf9300cc49a]
2025-01-30 18:32:14,431 INFO c.h.h.t.OperatorHelmChartContainer - [EVENT] Normal [NodePasswordValidationComplete] Deferred node password secret validation complete [null:bbf9300cc49a]
2025-01-30 18:32:14,431 INFO c.h.h.t.OperatorHelmChartContainer - [EVENT] Normal [RegisteredNode] Node bbf9300cc49a event: Registered Node bbf9300cc49a in Controller [null:bbf9300cc49a]
2025-01-30 18:32:14,433 INFO c.h.h.t.OperatorHelmChartContainer - [EVENT] Normal [Synced] Node synced successfully [null:bbf9300cc49a]
2025-01-30 18:32:14,433 INFO c.h.h.t.OperatorHelmChartContainer - [EVENT] Normal [EnsuringLoadBalancer] Ensuring load balancer [default:hivemq-local-hivemq-mqtt]
2025-01-30 18:32:14,433 INFO c.h.h.t.OperatorHelmChartContainer - [EVENT] Normal [AppliedDaemonSet] Applied LoadBalancer DaemonSet kube-system/svclb-hivemq-local-hivemq-mqtt-ba0b14ee [default:hivemq-local-hivemq-mqtt]
2025-01-30 18:32:14,433 INFO c.h.h.t.OperatorHelmChartContainer - [EVENT] Normal [UpdatedLoadBalancer] Updated LoadBalancer with new IPs: [] -> [172.17.0.3] [default:hivemq-local-hivemq-mqtt]
2025-01-30 18:32:14,433 INFO c.h.h.t.OperatorHelmChartContainer - [EVENT] Normal [UpdatedLoadBalancer] Updated LoadBalancer with new IPs: [172.17.0.3] -> [172.17.0.3] [default:hivemq-local-hivemq-mqtt]
2025-01-30 18:32:14,434 INFO c.h.h.t.OperatorHelmChartContainer - [EVENT] Normal [Scheduled] Successfully assigned default/local-hivemq-6f4d548d79-ks69c to bbf9300cc49a [default:local-hivemq-6f4d548d79-ks69c]
2025-01-30 18:32:14,434 INFO c.h.h.t.OperatorHelmChartContainer - [EVENT] Normal [Pulling] Pulling image "busybox:latest" [default:local-hivemq-6f4d548d79-ks69c]
2025-01-30 18:32:14,434 INFO c.h.h.t.OperatorHelmChartContainer - [EVENT] Normal [Pulled] Successfully pulled image "busybox:latest" in 1.768s (1.768s including waiting). Image size: 2167089 bytes. [default:local-hivemq-6f4d548d79-ks69c]
2025-01-30 18:32:14,434 INFO c.h.h.t.OperatorHelmChartContainer - [EVENT] Normal [Created] Created container: init-shared [default:local-hivemq-6f4d548d79-ks69c]
2025-01-30 18:32:14,434 INFO c.h.h.t.OperatorHelmChartContainer - [EVENT] Normal [Started] Started container init-shared [default:local-hivemq-6f4d548d79-ks69c]
2025-01-30 18:32:14,435 INFO c.h.h.t.OperatorHelmChartContainer - [EVENT] Normal [Pulled] Container image "hivemq/init-dns-wait:snapshot" already present on machine [default:local-hivemq-6f4d548d79-ks69c]
2025-01-30 18:32:14,435 INFO c.h.h.t.OperatorHelmChartContainer - [EVENT] Normal [Created] Created container: dns-wait [default:local-hivemq-6f4d548d79-ks69c]
2025-01-30 18:32:14,436 INFO c.h.h.t.OperatorHelmChartContainer - [EVENT] Normal [Started] Started container dns-wait [default:local-hivemq-6f4d548d79-ks69c]
2025-01-30 18:32:14,437 INFO c.h.h.t.OperatorHelmChartContainer - [EVENT] Normal [Pulled] Container image "hivemq/hivemq4:k8s-4.36.0" already present on machine [default:local-hivemq-6f4d548d79-ks69c]
2025-01-30 18:32:14,437 INFO c.h.h.t.OperatorHelmChartContainer - Received Pulled event for container hivemq in pod local-hivemq-6f4d548d79-ks69c [730d921b-3bda-4255-aacf-529fd148f56b]
2025-01-30 18:32:14,437 INFO c.h.h.t.OperatorHelmChartContainer - [EVENT] Normal [Created] Created container: hivemq [default:local-hivemq-6f4d548d79-ks69c]
2025-01-30 18:32:14,437 INFO c.h.h.t.OperatorHelmChartContainer - Received Created event for container hivemq in pod local-hivemq-6f4d548d79-ks69c [730d921b-3bda-4255-aacf-529fd148f56b]
2025-01-30 18:32:14,456 INFO c.h.h.t.OperatorHelmChartContainer - Started log watcher for hivemq in pod local-hivemq-6f4d548d79-ks69c [730d921b-3bda-4255-aacf-529fd148f56b]
2025-01-30 18:32:14,456 INFO c.h.h.t.OperatorHelmChartContainer - [EVENT] Normal [Started] Started container hivemq [default:local-hivemq-6f4d548d79-ks69c]
2025-01-30 18:32:14,456 INFO c.h.h.t.OperatorHelmChartContainer - Received Started event for container hivemq in pod local-hivemq-6f4d548d79-ks69c [730d921b-3bda-4255-aacf-529fd148f56b]
2025-01-30 18:32:14,456 INFO c.h.h.t.OperatorHelmChartContainer - [EVENT] Warning [Unhealthy] Readiness probe failed: Log statement not present (yet)
 [default:local-hivemq-6f4d548d79-ks69c]
2025-01-30 18:32:14,456 INFO c.h.h.t.OperatorHelmChartContainer - Received Unhealthy event for container hivemq in pod local-hivemq-6f4d548d79-ks69c [730d921b-3bda-4255-aacf-529fd148f56b]
2025-01-30 18:32:14,456 INFO c.h.h.t.OperatorHelmChartContainer - [EVENT] Warning [Unhealthy] Liveness probe failed: dial tcp 10.42.0.7:1883: connect: connection refused [default:local-hivemq-6f4d548d79-ks69c]
2025-01-30 18:32:14,456 INFO c.h.h.t.OperatorHelmChartContainer - Received Unhealthy event for container hivemq in pod local-hivemq-6f4d548d79-ks69c [730d921b-3bda-4255-aacf-529fd148f56b]
2025-01-30 18:32:14,456 INFO c.h.h.t.OperatorHelmChartContainer - [EVENT] Normal [SuccessfulCreate] Created pod: local-hivemq-6f4d548d79-ks69c [default:local-hivemq-6f4d548d79]
2025-01-30 18:32:14,457 INFO c.h.h.t.OperatorHelmChartContainer - [EVENT] Normal [Scheduled] Successfully assigned default/local-hivemq-hivemq-operator-operator-6b564f6db4-pjzb2 to bbf9300cc49a [default:local-hivemq-hivemq-operator-operator-6b564f6db4-pjzb2]
2025-01-30 18:32:14,457 INFO c.h.h.t.OperatorHelmChartContainer - [EVENT] Normal [Pulled] Container image "hivemq/hivemq-operator:snapshot" already present on machine [default:local-hivemq-hivemq-operator-operator-6b564f6db4-pjzb2]
2025-01-30 18:32:14,458 INFO c.h.h.t.OperatorHelmChartContainer - Received Pulled event for container operator in pod local-hivemq-hivemq-operator-operator-6b564f6db4-pjzb2 [da8cf715-76e8-4ba1-ae32-13f874dbd43c]
2025-01-30 18:32:14,458 INFO c.h.h.t.OperatorHelmChartContainer - [EVENT] Normal [Created] Created container: operator [default:local-hivemq-hivemq-operator-operator-6b564f6db4-pjzb2]
2025-01-30 18:32:14,458 INFO c.h.h.t.OperatorHelmChartContainer - Received Created event for container operator in pod local-hivemq-hivemq-operator-operator-6b564f6db4-pjzb2 [da8cf715-76e8-4ba1-ae32-13f874dbd43c]
2025-01-30 18:32:14,461 INFO c.h.h.t.OperatorHelmChartContainer - [local-hivemq-6f4d548d79] [hivemq] [730d921b] Copying external files
2025-01-30 18:32:14,461 INFO c.h.h.t.OperatorHelmChartContainer - [local-hivemq-6f4d548d79] [hivemq] [730d921b] Rewriting config.xml...
2025-01-30 18:32:14,461 INFO c.h.h.t.OperatorHelmChartContainer - [local-hivemq-6f4d548d79] [hivemq] [730d921b] Creating initial lastUpdate files...
2025-01-30 18:32:14,461 INFO c.h.h.t.OperatorHelmChartContainer - [local-hivemq-6f4d548d79] [hivemq] [730d921b] Disabling Prometheus
2025-01-30 18:32:14,461 INFO c.h.h.t.OperatorHelmChartContainer - [local-hivemq-6f4d548d79] [hivemq] [730d921b] Pod info:
2025-01-30 18:32:14,461 INFO c.h.h.t.OperatorHelmChartContainer - [local-hivemq-6f4d548d79] [hivemq] [730d921b] extension-names=hivemq-kafka-extension hivemq-google-cloud-pubsub-extension hivemq-bridge-extension hivemq-enterprise-security-extension hivemq-distributed-tracing-extension hivemq-amazon-kinesis-extension
2025-01-30 18:32:14,461 INFO c.h.h.t.OperatorHelmChartContainer - [local-hivemq-6f4d548d79] [hivemq] [730d921b] extension-uris=preinstalled preinstalled preinstalled preinstalled preinstalled preinstalled
2025-01-30 18:32:14,461 INFO c.h.h.t.OperatorHelmChartContainer - [local-hivemq-6f4d548d79] [hivemq] [730d921b] extension-states=false false false false false false
2025-01-30 18:32:14,461 INFO c.h.h.t.OperatorHelmChartContainer - [local-hivemq-6f4d548d79] [hivemq] [730d921b] extensions-static=false false false false false false
2025-01-30 18:32:14,461 INFO c.h.h.t.OperatorHelmChartContainer - [local-hivemq-6f4d548d79] [hivemq] [730d921b] Installing extension #0 with name: hivemq-kafka-extension, URI: preinstalled, enabled state: false
2025-01-30 18:32:14,461 INFO c.h.h.t.OperatorHelmChartContainer - [local-hivemq-6f4d548d79] [hivemq] [730d921b] + [[ 3 != 3 ]]
2025-01-30 18:32:14,461 INFO c.h.h.t.OperatorHelmChartContainer - [local-hivemq-6f4d548d79] [hivemq] [730d921b] + EXTENSION_URI=preinstalled
2025-01-30 18:32:14,461 INFO c.h.h.t.OperatorHelmChartContainer - [local-hivemq-6f4d548d79] [hivemq] [730d921b] + EXTENSION_NAME=hivemq-kafka-extension
2025-01-30 18:32:14,461 INFO c.h.h.t.OperatorHelmChartContainer - [local-hivemq-6f4d548d79] [hivemq] [730d921b] + TARGET_STATE=false
2025-01-30 18:32:14,461 INFO c.h.h.t.OperatorHelmChartContainer - [local-hivemq-6f4d548d79] [hivemq] [730d921b] + TARGET_DIR=/opt/hivemq/extensions/hivemq-kafka-extension
2025-01-30 18:32:14,461 INFO c.h.h.t.OperatorHelmChartContainer - [local-hivemq-6f4d548d79] [hivemq] [730d921b] ++ mktemp -d
2025-01-30 18:32:14,461 INFO c.h.h.t.OperatorHelmChartContainer - [local-hivemq-6f4d548d79] [hivemq] [730d921b] + install_dir=/tmp/tmp.Bko1J6vftz
2025-01-30 18:32:14,461 INFO c.h.h.t.OperatorHelmChartContainer - [local-hivemq-6f4d548d79] [hivemq] [730d921b] + set +e
2025-01-30 18:32:14,461 INFO c.h.h.t.OperatorHelmChartContainer - [local-hivemq-6f4d548d79] [hivemq] [730d921b] + [[ -f /opt/hivemq/extensions/hivemq-kafka-extension/DISABLED ]]
2025-01-30 18:32:14,461 INFO c.h.h.t.OperatorHelmChartContainer - [local-hivemq-6f4d548d79] [hivemq] [730d921b] + was_enabled=0
2025-01-30 18:32:14,461 INFO c.h.h.t.OperatorHelmChartContainer - [local-hivemq-6f4d548d79] [hivemq] [730d921b] + set -e
2025-01-30 18:32:14,461 INFO c.h.h.t.OperatorHelmChartContainer - [local-hivemq-6f4d548d79] [hivemq] [730d921b] + [[ preinstalled != \p\r\e\i\n\s\t\a\l\l\e\d ]]
2025-01-30 18:32:14,461 INFO c.h.h.t.OperatorHelmChartContainer - [local-hivemq-6f4d548d79] [hivemq] [730d921b] + [[ false == \f\a\l\s\e ]]
2025-01-30 18:32:14,461 INFO c.h.h.t.OperatorHelmChartContainer - [local-hivemq-6f4d548d79] [hivemq] [730d921b] + touch /opt/hivemq/extensions/hivemq-kafka-extension/DISABLED
2025-01-30 18:32:14,461 INFO c.h.h.t.OperatorHelmChartContainer - [local-hivemq-6f4d548d79] [hivemq] [730d921b] + was_enabled=0
2025-01-30 18:32:14,461 INFO c.h.h.t.OperatorHelmChartContainer - [local-hivemq-6f4d548d79] [hivemq] [730d921b] + [[ preinstalled != \p\r\e\i\n\s\t\a\l\l\e\d ]]
2025-01-30 18:32:14,461 INFO c.h.h.t.OperatorHelmChartContainer - [local-hivemq-6f4d548d79] [hivemq] [730d921b] + /opt/hivemq/bin/run_initialization.sh hivemq-kafka-extension
2025-01-30 18:32:14,461 INFO c.h.h.t.OperatorHelmChartContainer - [local-hivemq-6f4d548d79] [hivemq] [730d921b] + EXTENSION_NAME=hivemq-kafka-extension
2025-01-30 18:32:14,462 INFO c.h.h.t.OperatorHelmChartContainer - [local-hivemq-6f4d548d79] [hivemq] [730d921b] + TARGET_DIR=/opt/hivemq/extensions/hivemq-kafka-extension
2025-01-30 18:32:14,462 INFO c.h.h.t.OperatorHelmChartContainer - [local-hivemq-6f4d548d79] [hivemq] [730d921b] + cd /opt/hivemq/extensions/hivemq-kafka-extension
2025-01-30 18:32:14,462 INFO c.h.h.t.OperatorHelmChartContainer - [local-hivemq-6f4d548d79] [hivemq] [730d921b] + [[ -f init_tmp ]]
2025-01-30 18:32:14,462 INFO c.h.h.t.OperatorHelmChartContainer - [local-hivemq-6f4d548d79] [hivemq] [730d921b] + [[ -f /etc/podinfo/init-extension-hivemq-kafka-extension ]]
2025-01-30 18:32:14,462 INFO c.h.h.t.OperatorHelmChartContainer - [local-hivemq-6f4d548d79] [hivemq] [730d921b] Installing extension #1 with name: hivemq-google-cloud-pubsub-extension, URI: preinstalled, enabled state: false
2025-01-30 18:32:14,462 INFO c.h.h.t.OperatorHelmChartContainer - [local-hivemq-6f4d548d79] [hivemq] [730d921b] + [[ 3 != 3 ]]
2025-01-30 18:32:14,462 INFO c.h.h.t.OperatorHelmChartContainer - [local-hivemq-6f4d548d79] [hivemq] [730d921b] + EXTENSION_URI=preinstalled
2025-01-30 18:32:14,462 INFO c.h.h.t.OperatorHelmChartContainer - [local-hivemq-6f4d548d79] [hivemq] [730d921b] + EXTENSION_NAME=hivemq-google-cloud-pubsub-extension
2025-01-30 18:32:14,462 INFO c.h.h.t.OperatorHelmChartContainer - [local-hivemq-6f4d548d79] [hivemq] [730d921b] + TARGET_STATE=false
2025-01-30 18:32:14,462 INFO c.h.h.t.OperatorHelmChartContainer - [local-hivemq-6f4d548d79] [hivemq] [730d921b] + TARGET_DIR=/opt/hivemq/extensions/hivemq-google-cloud-pubsub-extension
2025-01-30 18:32:14,462 INFO c.h.h.t.OperatorHelmChartContainer - [local-hivemq-6f4d548d79] [hivemq] [730d921b] ++ mktemp -d
2025-01-30 18:32:14,462 INFO c.h.h.t.OperatorHelmChartContainer - [local-hivemq-6f4d548d79] [hivemq] [730d921b] + install_dir=/tmp/tmp.T6Q8ndITov
2025-01-30 18:32:14,462 INFO c.h.h.t.OperatorHelmChartContainer - [local-hivemq-6f4d548d79] [hivemq] [730d921b] + set +e
2025-01-30 18:32:14,462 INFO c.h.h.t.OperatorHelmChartContainer - [local-hivemq-6f4d548d79] [hivemq] [730d921b] + [[ -f /opt/hivemq/extensions/hivemq-google-cloud-pubsub-extension/DISABLED ]]
2025-01-30 18:32:14,462 INFO c.h.h.t.OperatorHelmChartContainer - [local-hivemq-6f4d548d79] [hivemq] [730d921b] + was_enabled=0
2025-01-30 18:32:14,462 INFO c.h.h.t.OperatorHelmChartContainer - [local-hivemq-6f4d548d79] [hivemq] [730d921b] + set -e
2025-01-30 18:32:14,462 INFO c.h.h.t.OperatorHelmChartContainer - [local-hivemq-6f4d548d79] [hivemq] [730d921b] + [[ preinstalled != \p\r\e\i\n\s\t\a\l\l\e\d ]]
2025-01-30 18:32:14,462 INFO c.h.h.t.OperatorHelmChartContainer - [local-hivemq-6f4d548d79] [hivemq] [730d921b] + [[ false == \f\a\l\s\e ]]
2025-01-30 18:32:14,462 INFO c.h.h.t.OperatorHelmChartContainer - [local-hivemq-6f4d548d79] [hivemq] [730d921b] + touch /opt/hivemq/extensions/hivemq-google-cloud-pubsub-extension/DISABLED
2025-01-30 18:32:14,462 INFO c.h.h.t.OperatorHelmChartContainer - [local-hivemq-6f4d548d79] [hivemq] [730d921b] + was_enabled=0
2025-01-30 18:32:14,462 INFO c.h.h.t.OperatorHelmChartContainer - [local-hivemq-6f4d548d79] [hivemq] [730d921b] + [[ preinstalled != \p\r\e\i\n\s\t\a\l\l\e\d ]]
2025-01-30 18:32:14,462 INFO c.h.h.t.OperatorHelmChartContainer - [local-hivemq-6f4d548d79] [hivemq] [730d921b] + /opt/hivemq/bin/run_initialization.sh hivemq-google-cloud-pubsub-extension
2025-01-30 18:32:14,462 INFO c.h.h.t.OperatorHelmChartContainer - [local-hivemq-6f4d548d79] [hivemq] [730d921b] + EXTENSION_NAME=hivemq-google-cloud-pubsub-extension
2025-01-30 18:32:14,464 INFO c.h.h.t.OperatorHelmChartContainer - [local-hivemq-6f4d548d79] [hivemq] [730d921b] + TARGET_DIR=/opt/hivemq/extensions/hivemq-google-cloud-pubsub-extension
2025-01-30 18:32:14,464 INFO c.h.h.t.OperatorHelmChartContainer - [local-hivemq-6f4d548d79] [hivemq] [730d921b] + cd /opt/hivemq/extensions/hivemq-google-cloud-pubsub-extension
2025-01-30 18:32:14,464 INFO c.h.h.t.OperatorHelmChartContainer - [local-hivemq-6f4d548d79] [hivemq] [730d921b] + [[ -f init_tmp ]]
2025-01-30 18:32:14,464 INFO c.h.h.t.OperatorHelmChartContainer - [local-hivemq-6f4d548d79] [hivemq] [730d921b] + [[ -f /etc/podinfo/init-extension-hivemq-google-cloud-pubsub-extension ]]
2025-01-30 18:32:14,464 INFO c.h.h.t.OperatorHelmChartContainer - [local-hivemq-6f4d548d79] [hivemq] [730d921b] Installing extension #2 with name: hivemq-bridge-extension, URI: preinstalled, enabled state: false
2025-01-30 18:32:14,464 INFO c.h.h.t.OperatorHelmChartContainer - [local-hivemq-6f4d548d79] [hivemq] [730d921b] + [[ 3 != 3 ]]
2025-01-30 18:32:14,464 INFO c.h.h.t.OperatorHelmChartContainer - [local-hivemq-6f4d548d79] [hivemq] [730d921b] + EXTENSION_URI=preinstalled
2025-01-30 18:32:14,464 INFO c.h.h.t.OperatorHelmChartContainer - [local-hivemq-6f4d548d79] [hivemq] [730d921b] + EXTENSION_NAME=hivemq-bridge-extension
2025-01-30 18:32:14,464 INFO c.h.h.t.OperatorHelmChartContainer - [local-hivemq-6f4d548d79] [hivemq] [730d921b] + TARGET_STATE=false
2025-01-30 18:32:14,464 INFO c.h.h.t.OperatorHelmChartContainer - [local-hivemq-6f4d548d79] [hivemq] [730d921b] + TARGET_DIR=/opt/hivemq/extensions/hivemq-bridge-extension
2025-01-30 18:32:14,464 INFO c.h.h.t.OperatorHelmChartContainer - [local-hivemq-6f4d548d79] [hivemq] [730d921b] ++ mktemp -d
2025-01-30 18:32:14,464 INFO c.h.h.t.OperatorHelmChartContainer - [local-hivemq-6f4d548d79] [hivemq] [730d921b] + install_dir=/tmp/tmp.TI6i1WoKvm
2025-01-30 18:32:14,464 INFO c.h.h.t.OperatorHelmChartContainer - [local-hivemq-6f4d548d79] [hivemq] [730d921b] + set +e
2025-01-30 18:32:14,464 INFO c.h.h.t.OperatorHelmChartContainer - [local-hivemq-6f4d548d79] [hivemq] [730d921b] + [[ -f /opt/hivemq/extensions/hivemq-bridge-extension/DISABLED ]]
2025-01-30 18:32:14,464 INFO c.h.h.t.OperatorHelmChartContainer - [local-hivemq-6f4d548d79] [hivemq] [730d921b] + was_enabled=0
2025-01-30 18:32:14,464 INFO c.h.h.t.OperatorHelmChartContainer - [local-hivemq-6f4d548d79] [hivemq] [730d921b] + set -e
2025-01-30 18:32:14,464 INFO c.h.h.t.OperatorHelmChartContainer - [local-hivemq-6f4d548d79] [hivemq] [730d921b] + [[ preinstalled != \p\r\e\i\n\s\t\a\l\l\e\d ]]
2025-01-30 18:32:14,464 INFO c.h.h.t.OperatorHelmChartContainer - [local-hivemq-6f4d548d79] [hivemq] [730d921b] + [[ false == \f\a\l\s\e ]]
2025-01-30 18:32:14,464 INFO c.h.h.t.OperatorHelmChartContainer - [local-hivemq-6f4d548d79] [hivemq] [730d921b] + touch /opt/hivemq/extensions/hivemq-bridge-extension/DISABLED
2025-01-30 18:32:14,464 INFO c.h.h.t.OperatorHelmChartContainer - [local-hivemq-6f4d548d79] [hivemq] [730d921b] + was_enabled=0
2025-01-30 18:32:14,464 INFO c.h.h.t.OperatorHelmChartContainer - [local-hivemq-6f4d548d79] [hivemq] [730d921b] + [[ preinstalled != \p\r\e\i\n\s\t\a\l\l\e\d ]]
2025-01-30 18:32:14,464 INFO c.h.h.t.OperatorHelmChartContainer - [local-hivemq-6f4d548d79] [hivemq] [730d921b] + /opt/hivemq/bin/run_initialization.sh hivemq-bridge-extension
2025-01-30 18:32:14,464 INFO c.h.h.t.OperatorHelmChartContainer - [local-hivemq-6f4d548d79] [hivemq] [730d921b] + EXTENSION_NAME=hivemq-bridge-extension
2025-01-30 18:32:14,464 INFO c.h.h.t.OperatorHelmChartContainer - [local-hivemq-6f4d548d79] [hivemq] [730d921b] + TARGET_DIR=/opt/hivemq/extensions/hivemq-bridge-extension
2025-01-30 18:32:14,464 INFO c.h.h.t.OperatorHelmChartContainer - [local-hivemq-6f4d548d79] [hivemq] [730d921b] + cd /opt/hivemq/extensions/hivemq-bridge-extension
2025-01-30 18:32:14,464 INFO c.h.h.t.OperatorHelmChartContainer - [local-hivemq-6f4d548d79] [hivemq] [730d921b] + [[ -f init_tmp ]]
2025-01-30 18:32:14,464 INFO c.h.h.t.OperatorHelmChartContainer - [local-hivemq-6f4d548d79] [hivemq] [730d921b] + [[ -f /etc/podinfo/init-extension-hivemq-bridge-extension ]]
2025-01-30 18:32:14,464 INFO c.h.h.t.OperatorHelmChartContainer - [local-hivemq-6f4d548d79] [hivemq] [730d921b] Installing extension #3 with name: hivemq-enterprise-security-extension, URI: preinstalled, enabled state: false
2025-01-30 18:32:14,464 INFO c.h.h.t.OperatorHelmChartContainer - [local-hivemq-6f4d548d79] [hivemq] [730d921b] + [[ 3 != 3 ]]
2025-01-30 18:32:14,464 INFO c.h.h.t.OperatorHelmChartContainer - [local-hivemq-6f4d548d79] [hivemq] [730d921b] + EXTENSION_URI=preinstalled
2025-01-30 18:32:14,464 INFO c.h.h.t.OperatorHelmChartContainer - [local-hivemq-6f4d548d79] [hivemq] [730d921b] + EXTENSION_NAME=hivemq-enterprise-security-extension
2025-01-30 18:32:14,464 INFO c.h.h.t.OperatorHelmChartContainer - [local-hivemq-6f4d548d79] [hivemq] [730d921b] + TARGET_STATE=false
2025-01-30 18:32:14,464 INFO c.h.h.t.OperatorHelmChartContainer - [local-hivemq-6f4d548d79] [hivemq] [730d921b] + TARGET_DIR=/opt/hivemq/extensions/hivemq-enterprise-security-extension
2025-01-30 18:32:14,464 INFO c.h.h.t.OperatorHelmChartContainer - [local-hivemq-6f4d548d79] [hivemq] [730d921b] ++ mktemp -d
2025-01-30 18:32:14,464 INFO c.h.h.t.OperatorHelmChartContainer - [local-hivemq-6f4d548d79] [hivemq] [730d921b] + install_dir=/tmp/tmp.CQl3AGGV6n
2025-01-30 18:32:14,464 INFO c.h.h.t.OperatorHelmChartContainer - [local-hivemq-6f4d548d79] [hivemq] [730d921b] + set +e
2025-01-30 18:32:14,464 INFO c.h.h.t.OperatorHelmChartContainer - [local-hivemq-6f4d548d79] [hivemq] [730d921b] + [[ -f /opt/hivemq/extensions/hivemq-enterprise-security-extension/DISABLED ]]
2025-01-30 18:32:14,464 INFO c.h.h.t.OperatorHelmChartContainer - [local-hivemq-6f4d548d79] [hivemq] [730d921b] + was_enabled=0
2025-01-30 18:32:14,464 INFO c.h.h.t.OperatorHelmChartContainer - [local-hivemq-6f4d548d79] [hivemq] [730d921b] + set -e
2025-01-30 18:32:14,464 INFO c.h.h.t.OperatorHelmChartContainer - [local-hivemq-6f4d548d79] [hivemq] [730d921b] + [[ preinstalled != \p\r\e\i\n\s\t\a\l\l\e\d ]]
2025-01-30 18:32:14,464 INFO c.h.h.t.OperatorHelmChartContainer - [local-hivemq-6f4d548d79] [hivemq] [730d921b] + [[ false == \f\a\l\s\e ]]
2025-01-30 18:32:14,465 INFO c.h.h.t.OperatorHelmChartContainer - [local-hivemq-6f4d548d79] [hivemq] [730d921b] + touch /opt/hivemq/extensions/hivemq-enterprise-security-extension/DISABLED
2025-01-30 18:32:14,465 INFO c.h.h.t.OperatorHelmChartContainer - [local-hivemq-6f4d548d79] [hivemq] [730d921b] + was_enabled=0
2025-01-30 18:32:14,465 INFO c.h.h.t.OperatorHelmChartContainer - [local-hivemq-6f4d548d79] [hivemq] [730d921b] + [[ preinstalled != \p\r\e\i\n\s\t\a\l\l\e\d ]]
2025-01-30 18:32:14,465 INFO c.h.h.t.OperatorHelmChartContainer - [local-hivemq-6f4d548d79] [hivemq] [730d921b] + /opt/hivemq/bin/run_initialization.sh hivemq-enterprise-security-extension
2025-01-30 18:32:14,465 INFO c.h.h.t.OperatorHelmChartContainer - [local-hivemq-6f4d548d79] [hivemq] [730d921b] + EXTENSION_NAME=hivemq-enterprise-security-extension
2025-01-30 18:32:14,465 INFO c.h.h.t.OperatorHelmChartContainer - [local-hivemq-6f4d548d79] [hivemq] [730d921b] + TARGET_DIR=/opt/hivemq/extensions/hivemq-enterprise-security-extension
2025-01-30 18:32:14,465 INFO c.h.h.t.OperatorHelmChartContainer - [local-hivemq-6f4d548d79] [hivemq] [730d921b] + cd /opt/hivemq/extensions/hivemq-enterprise-security-extension
2025-01-30 18:32:14,465 INFO c.h.h.t.OperatorHelmChartContainer - [local-hivemq-6f4d548d79] [hivemq] [730d921b] + [[ -f init_tmp ]]
2025-01-30 18:32:14,465 INFO c.h.h.t.OperatorHelmChartContainer - [local-hivemq-6f4d548d79] [hivemq] [730d921b] + [[ -f /etc/podinfo/init-extension-hivemq-enterprise-security-extension ]]
2025-01-30 18:32:14,465 INFO c.h.h.t.OperatorHelmChartContainer - [local-hivemq-6f4d548d79] [hivemq] [730d921b] + echo 'Using init script from config map'
2025-01-30 18:32:14,465 INFO c.h.h.t.OperatorHelmChartContainer - [local-hivemq-6f4d548d79] [hivemq] [730d921b] Using init script from config map
2025-01-30 18:32:14,465 INFO c.h.h.t.OperatorHelmChartContainer - [local-hivemq-6f4d548d79] [hivemq] [730d921b] + cat /etc/podinfo/init-extension-hivemq-enterprise-security-extension
2025-01-30 18:32:14,465 INFO c.h.h.t.OperatorHelmChartContainer - [local-hivemq-6f4d548d79] [hivemq] [730d921b] + echo 'Executing initialization script'
2025-01-30 18:32:14,465 INFO c.h.h.t.OperatorHelmChartContainer - [local-hivemq-6f4d548d79] [hivemq] [730d921b] Executing initialization script
2025-01-30 18:32:14,465 INFO c.h.h.t.OperatorHelmChartContainer - [local-hivemq-6f4d548d79] [hivemq] [730d921b] + chmod +x init
2025-01-30 18:32:14,465 INFO c.h.h.t.OperatorHelmChartContainer - [local-hivemq-6f4d548d79] [hivemq] [730d921b] + ./init
2025-01-30 18:32:14,465 INFO c.h.h.t.OperatorHelmChartContainer - [local-hivemq-6f4d548d79] [hivemq] [730d921b]   % Total    % Received % Xferd  Average Speed   Time    Time     Time  Current
2025-01-30 18:32:14,465 INFO c.h.h.t.OperatorHelmChartContainer - [local-hivemq-6f4d548d79] [hivemq] [730d921b]                                  Dload  Upload   Total   Spent    Left  Speed
2025-01-30 18:32:14,465 INFO c.h.h.t.OperatorHelmChartContainer - [local-hivemq-6f4d548d79] [hivemq] [730d921b] 
2025-01-30 18:32:14,465 INFO c.h.h.t.OperatorHelmChartContainer - [local-hivemq-6f4d548d79] [hivemq] [730d921b]   0     0    0     0    0     0      0      0 --:--:-- --:--:-- --:--:--     0
2025-01-30 18:32:14,465 INFO c.h.h.t.OperatorHelmChartContainer - [local-hivemq-6f4d548d79] [hivemq] [730d921b] 100  910k  100  910k    0     0  1655k      0 --:--:-- --:--:-- --:--:-- 1656k
2025-01-30 18:32:14,465 INFO c.h.h.t.OperatorHelmChartContainer - [local-hivemq-6f4d548d79] [hivemq] [730d921b] Installing extension #4 with name: hivemq-distributed-tracing-extension, URI: preinstalled, enabled state: false
2025-01-30 18:32:14,465 INFO c.h.h.t.OperatorHelmChartContainer - [local-hivemq-6f4d548d79] [hivemq] [730d921b] + [[ 3 != 3 ]]
2025-01-30 18:32:14,465 INFO c.h.h.t.OperatorHelmChartContainer - [local-hivemq-6f4d548d79] [hivemq] [730d921b] + EXTENSION_URI=preinstalled
2025-01-30 18:32:14,465 INFO c.h.h.t.OperatorHelmChartContainer - [local-hivemq-6f4d548d79] [hivemq] [730d921b] + EXTENSION_NAME=hivemq-distributed-tracing-extension
2025-01-30 18:32:14,465 INFO c.h.h.t.OperatorHelmChartContainer - [local-hivemq-6f4d548d79] [hivemq] [730d921b] + TARGET_STATE=false
2025-01-30 18:32:14,465 INFO c.h.h.t.OperatorHelmChartContainer - [local-hivemq-6f4d548d79] [hivemq] [730d921b] + TARGET_DIR=/opt/hivemq/extensions/hivemq-distributed-tracing-extension
2025-01-30 18:32:14,465 INFO c.h.h.t.OperatorHelmChartContainer - [local-hivemq-6f4d548d79] [hivemq] [730d921b] ++ mktemp -d
2025-01-30 18:32:14,465 INFO c.h.h.t.OperatorHelmChartContainer - [local-hivemq-6f4d548d79] [hivemq] [730d921b] + install_dir=/tmp/tmp.UofElIHQxd
2025-01-30 18:32:14,465 INFO c.h.h.t.OperatorHelmChartContainer - [local-hivemq-6f4d548d79] [hivemq] [730d921b] + set +e
2025-01-30 18:32:14,465 INFO c.h.h.t.OperatorHelmChartContainer - [local-hivemq-6f4d548d79] [hivemq] [730d921b] + [[ -f /opt/hivemq/extensions/hivemq-distributed-tracing-extension/DISABLED ]]
2025-01-30 18:32:14,465 INFO c.h.h.t.OperatorHelmChartContainer - [local-hivemq-6f4d548d79] [hivemq] [730d921b] + was_enabled=0
2025-01-30 18:32:14,465 INFO c.h.h.t.OperatorHelmChartContainer - [local-hivemq-6f4d548d79] [hivemq] [730d921b] + set -e
2025-01-30 18:32:14,465 INFO c.h.h.t.OperatorHelmChartContainer - [local-hivemq-6f4d548d79] [hivemq] [730d921b] + [[ preinstalled != \p\r\e\i\n\s\t\a\l\l\e\d ]]
2025-01-30 18:32:14,465 INFO c.h.h.t.OperatorHelmChartContainer - [local-hivemq-6f4d548d79] [hivemq] [730d921b] + [[ false == \f\a\l\s\e ]]
2025-01-30 18:32:14,465 INFO c.h.h.t.OperatorHelmChartContainer - [local-hivemq-6f4d548d79] [hivemq] [730d921b] + touch /opt/hivemq/extensions/hivemq-distributed-tracing-extension/DISABLED
2025-01-30 18:32:14,465 INFO c.h.h.t.OperatorHelmChartContainer - [local-hivemq-6f4d548d79] [hivemq] [730d921b] + was_enabled=0
2025-01-30 18:32:14,465 INFO c.h.h.t.OperatorHelmChartContainer - [local-hivemq-6f4d548d79] [hivemq] [730d921b] + [[ preinstalled != \p\r\e\i\n\s\t\a\l\l\e\d ]]
2025-01-30 18:32:14,465 INFO c.h.h.t.OperatorHelmChartContainer - [local-hivemq-6f4d548d79] [hivemq] [730d921b] + /opt/hivemq/bin/run_initialization.sh hivemq-distributed-tracing-extension
2025-01-30 18:32:14,465 INFO c.h.h.t.OperatorHelmChartContainer - [local-hivemq-6f4d548d79] [hivemq] [730d921b] + EXTENSION_NAME=hivemq-distributed-tracing-extension
2025-01-30 18:32:14,465 INFO c.h.h.t.OperatorHelmChartContainer - [local-hivemq-6f4d548d79] [hivemq] [730d921b] + TARGET_DIR=/opt/hivemq/extensions/hivemq-distributed-tracing-extension
2025-01-30 18:32:14,465 INFO c.h.h.t.OperatorHelmChartContainer - [local-hivemq-6f4d548d79] [hivemq] [730d921b] + cd /opt/hivemq/extensions/hivemq-distributed-tracing-extension
2025-01-30 18:32:14,465 INFO c.h.h.t.OperatorHelmChartContainer - [local-hivemq-6f4d548d79] [hivemq] [730d921b] + [[ -f init_tmp ]]
2025-01-30 18:32:14,465 INFO c.h.h.t.OperatorHelmChartContainer - [local-hivemq-6f4d548d79] [hivemq] [730d921b] + [[ -f /etc/podinfo/init-extension-hivemq-distributed-tracing-extension ]]
2025-01-30 18:32:14,465 INFO c.h.h.t.OperatorHelmChartContainer - [local-hivemq-6f4d548d79] [hivemq] [730d921b] Installing extension #5 with name: hivemq-amazon-kinesis-extension, URI: preinstalled, enabled state: false
2025-01-30 18:32:14,465 INFO c.h.h.t.OperatorHelmChartContainer - [local-hivemq-6f4d548d79] [hivemq] [730d921b] + [[ 3 != 3 ]]
2025-01-30 18:32:14,465 INFO c.h.h.t.OperatorHelmChartContainer - [local-hivemq-6f4d548d79] [hivemq] [730d921b] + EXTENSION_URI=preinstalled
2025-01-30 18:32:14,465 INFO c.h.h.t.OperatorHelmChartContainer - [local-hivemq-6f4d548d79] [hivemq] [730d921b] + EXTENSION_NAME=hivemq-amazon-kinesis-extension
2025-01-30 18:32:14,465 INFO c.h.h.t.OperatorHelmChartContainer - [local-hivemq-6f4d548d79] [hivemq] [730d921b] + TARGET_STATE=false
2025-01-30 18:32:14,465 INFO c.h.h.t.OperatorHelmChartContainer - [local-hivemq-6f4d548d79] [hivemq] [730d921b] + TARGET_DIR=/opt/hivemq/extensions/hivemq-amazon-kinesis-extension
2025-01-30 18:32:14,465 INFO c.h.h.t.OperatorHelmChartContainer - [local-hivemq-6f4d548d79] [hivemq] [730d921b] ++ mktemp -d
2025-01-30 18:32:14,465 INFO c.h.h.t.OperatorHelmChartContainer - [local-hivemq-6f4d548d79] [hivemq] [730d921b] + install_dir=/tmp/tmp.a4DehcOasI
2025-01-30 18:32:14,465 INFO c.h.h.t.OperatorHelmChartContainer - [local-hivemq-6f4d548d79] [hivemq] [730d921b] + set +e
2025-01-30 18:32:14,465 INFO c.h.h.t.OperatorHelmChartContainer - [local-hivemq-6f4d548d79] [hivemq] [730d921b] + [[ -f /opt/hivemq/extensions/hivemq-amazon-kinesis-extension/DISABLED ]]
2025-01-30 18:32:14,465 INFO c.h.h.t.OperatorHelmChartContainer - [local-hivemq-6f4d548d79] [hivemq] [730d921b] + was_enabled=0
2025-01-30 18:32:14,465 INFO c.h.h.t.OperatorHelmChartContainer - [local-hivemq-6f4d548d79] [hivemq] [730d921b] + set -e
2025-01-30 18:32:14,465 INFO c.h.h.t.OperatorHelmChartContainer - [local-hivemq-6f4d548d79] [hivemq] [730d921b] + [[ preinstalled != \p\r\e\i\n\s\t\a\l\l\e\d ]]
2025-01-30 18:32:14,465 INFO c.h.h.t.OperatorHelmChartContainer - [local-hivemq-6f4d548d79] [hivemq] [730d921b] + [[ false == \f\a\l\s\e ]]
2025-01-30 18:32:14,465 INFO c.h.h.t.OperatorHelmChartContainer - [local-hivemq-6f4d548d79] [hivemq] [730d921b] + touch /opt/hivemq/extensions/hivemq-amazon-kinesis-extension/DISABLED
2025-01-30 18:32:14,465 INFO c.h.h.t.OperatorHelmChartContainer - [local-hivemq-6f4d548d79] [hivemq] [730d921b] + was_enabled=0
2025-01-30 18:32:14,465 INFO c.h.h.t.OperatorHelmChartContainer - [local-hivemq-6f4d548d79] [hivemq] [730d921b] + [[ preinstalled != \p\r\e\i\n\s\t\a\l\l\e\d ]]
2025-01-30 18:32:14,465 INFO c.h.h.t.OperatorHelmChartContainer - [local-hivemq-6f4d548d79] [hivemq] [730d921b] + /opt/hivemq/bin/run_initialization.sh hivemq-amazon-kinesis-extension
2025-01-30 18:32:14,465 INFO c.h.h.t.OperatorHelmChartContainer - [local-hivemq-6f4d548d79] [hivemq] [730d921b] + EXTENSION_NAME=hivemq-amazon-kinesis-extension
2025-01-30 18:32:14,465 INFO c.h.h.t.OperatorHelmChartContainer - [local-hivemq-6f4d548d79] [hivemq] [730d921b] + TARGET_DIR=/opt/hivemq/extensions/hivemq-amazon-kinesis-extension
2025-01-30 18:32:14,465 INFO c.h.h.t.OperatorHelmChartContainer - [local-hivemq-6f4d548d79] [hivemq] [730d921b] + cd /opt/hivemq/extensions/hivemq-amazon-kinesis-extension
2025-01-30 18:32:14,465 INFO c.h.h.t.OperatorHelmChartContainer - [local-hivemq-6f4d548d79] [hivemq] [730d921b] + [[ -f init_tmp ]]
2025-01-30 18:32:14,465 INFO c.h.h.t.OperatorHelmChartContainer - [local-hivemq-6f4d548d79] [hivemq] [730d921b] + [[ -f /etc/podinfo/init-extension-hivemq-amazon-kinesis-extension ]]
2025-01-30 18:32:14,465 INFO c.h.h.t.OperatorHelmChartContainer - [local-hivemq-6f4d548d79] [hivemq] [730d921b] -------------------------------------------------------------------------
2025-01-30 18:32:14,465 INFO c.h.h.t.OperatorHelmChartContainer - [local-hivemq-6f4d548d79] [hivemq] [730d921b] 
2025-01-30 18:32:14,465 INFO c.h.h.t.OperatorHelmChartContainer - [local-hivemq-6f4d548d79] [hivemq] [730d921b]                   _    _  _              __  __   ____
2025-01-30 18:32:14,465 INFO c.h.h.t.OperatorHelmChartContainer - [local-hivemq-6f4d548d79] [hivemq] [730d921b]                  | |  | |(_)            |  \/  | / __ \
2025-01-30 18:32:14,465 INFO c.h.h.t.OperatorHelmChartContainer - [local-hivemq-6f4d548d79] [hivemq] [730d921b]                  | |__| | _ __   __ ___ | \  / || |  | |
2025-01-30 18:32:14,465 INFO c.h.h.t.OperatorHelmChartContainer - [local-hivemq-6f4d548d79] [hivemq] [730d921b]                  |  __  || |\ \ / // _ \| |\/| || |  | |
2025-01-30 18:32:14,465 INFO c.h.h.t.OperatorHelmChartContainer - [local-hivemq-6f4d548d79] [hivemq] [730d921b]                  | |  | || | \ V /|  __/| |  | || |__| |
2025-01-30 18:32:14,465 INFO c.h.h.t.OperatorHelmChartContainer - [local-hivemq-6f4d548d79] [hivemq] [730d921b]                  |_|  |_||_|  \_/  \___||_|  |_| \___\_\
2025-01-30 18:32:14,465 INFO c.h.h.t.OperatorHelmChartContainer - [local-hivemq-6f4d548d79] [hivemq] [730d921b] 
2025-01-30 18:32:14,465 INFO c.h.h.t.OperatorHelmChartContainer - [local-hivemq-6f4d548d79] [hivemq] [730d921b] -------------------------------------------------------------------------
2025-01-30 18:32:14,465 INFO c.h.h.t.OperatorHelmChartContainer - [local-hivemq-6f4d548d79] [hivemq] [730d921b] 
2025-01-30 18:32:14,465 INFO c.h.h.t.OperatorHelmChartContainer - [local-hivemq-6f4d548d79] [hivemq] [730d921b]   HiveMQ Start Script for Linux/Unix v1.14
2025-01-30 18:32:14,465 INFO c.h.h.t.OperatorHelmChartContainer - [local-hivemq-6f4d548d79] [hivemq] [730d921b] 
2025-01-30 18:32:14,465 INFO c.h.h.t.OperatorHelmChartContainer - [local-hivemq-6f4d548d79] [hivemq] [730d921b] -------------------------------------------------------------------------
2025-01-30 18:32:14,465 INFO c.h.h.t.OperatorHelmChartContainer - [local-hivemq-6f4d548d79] [hivemq] [730d921b] 
2025-01-30 18:32:14,465 INFO c.h.h.t.OperatorHelmChartContainer - [local-hivemq-6f4d548d79] [hivemq] [730d921b]   HIVEMQ_HOME: /opt/hivemq
2025-01-30 18:32:14,465 INFO c.h.h.t.OperatorHelmChartContainer - [local-hivemq-6f4d548d79] [hivemq] [730d921b] 
2025-01-30 18:32:14,466 INFO c.h.h.t.OperatorHelmChartContainer - [local-hivemq-6f4d548d79] [hivemq] [730d921b]   JAVA_OPTS: -XX:+UnlockExperimentalVMOptions -XX:InitialRAMPercentage=40 -XX:MaxRAMPercentage=50 -XX:MinRAMPercentage=30 -Djava.net.preferIPv4Stack=true --add-opens java.base/java.lang=ALL-UNNAMED --add-opens java.base/java.nio=ALL-UNNAMED --add-opens java.base/sun.nio.ch=ALL-UNNAMED --add-opens jdk.management/com.sun.management.internal=ALL-UNNAMED --add-exports java.base/jdk.internal.misc=ALL-UNNAMED -Djava.security.egd=file:/dev/./urandom -Dcom.sun.management.jmxremote -Dcom.sun.management.jmxremote.port=9010 -Dcom.sun.management.jmxremote.local.only=false -Dcom.sun.management.jmxremote.authenticate=false -Dcom.sun.management.jmxremote.ssl=false -Duser.language=en -Duser.region=US -XX:+CrashOnOutOfMemoryError -XX:+HeapDumpOnOutOfMemoryError
2025-01-30 18:32:14,466 INFO c.h.h.t.OperatorHelmChartContainer - [local-hivemq-6f4d548d79] [hivemq] [730d921b] 
2025-01-30 18:32:14,466 INFO c.h.h.t.OperatorHelmChartContainer - [local-hivemq-6f4d548d79] [hivemq] [730d921b]   JAVA_VERSION: 21
2025-01-30 18:32:14,466 INFO c.h.h.t.OperatorHelmChartContainer - [local-hivemq-6f4d548d79] [hivemq] [730d921b] 
2025-01-30 18:32:14,466 INFO c.h.h.t.OperatorHelmChartContainer - [local-hivemq-6f4d548d79] [hivemq] [730d921b] -------------------------------------------------------------------------
2025-01-30 18:32:14,466 INFO c.h.h.t.OperatorHelmChartContainer - [local-hivemq-6f4d548d79] [hivemq] [730d921b] 
2025-01-30 18:32:14,466 INFO c.h.h.t.OperatorHelmChartContainer - [local-hivemq-6f4d548d79] [hivemq] [730d921b] INFO  - Starting HiveMQ Enterprise Server
2025-01-30 18:32:14,466 INFO c.h.h.t.OperatorHelmChartContainer - [local-hivemq-6f4d548d79] [hivemq] [730d921b] INFO  - HiveMQ version: 4.36.0
2025-01-30 18:32:14,466 INFO c.h.h.t.OperatorHelmChartContainer - [local-hivemq-6f4d548d79] [hivemq] [730d921b] INFO  - HiveMQ home directory: /opt/hivemq
2025-01-30 18:32:14,466 INFO c.h.h.t.OperatorHelmChartContainer - [local-hivemq-6f4d548d79] [hivemq] [730d921b] INFO  - Log Configuration was overridden by /opt/hivemq/conf/logback.xml
2025-01-30 18:32:14,466 INFO c.h.h.t.OperatorHelmChartContainer - [local-hivemq-6f4d548d79] [hivemq] [730d921b] DEBUG - Adding TCP Listener on bind address 0.0.0.0 and port 1883. Name: tcp-listener-1883. Proxy Protocol supported: false
2025-01-30 18:32:14,466 INFO c.h.h.t.OperatorHelmChartContainer - [local-hivemq-6f4d548d79] [hivemq] [730d921b] DEBUG - Setting retained messages enabled to true
2025-01-30 18:32:14,466 INFO c.h.h.t.OperatorHelmChartContainer - [local-hivemq-6f4d548d79] [hivemq] [730d921b] DEBUG - Setting wildcard subscriptions enabled to true
2025-01-30 18:32:14,466 INFO c.h.h.t.OperatorHelmChartContainer - [local-hivemq-6f4d548d79] [hivemq] [730d921b] DEBUG - Setting subscription identifier enabled to true
2025-01-30 18:32:14,466 INFO c.h.h.t.OperatorHelmChartContainer - [local-hivemq-6f4d548d79] [hivemq] [730d921b] DEBUG - Setting shared subscriptions enabled to true
2025-01-30 18:32:14,466 INFO c.h.h.t.OperatorHelmChartContainer - [local-hivemq-6f4d548d79] [hivemq] [730d921b] DEBUG - Setting maximum qos to EXACTLY_ONCE 
2025-01-30 18:32:14,466 INFO c.h.h.t.OperatorHelmChartContainer - [local-hivemq-6f4d548d79] [hivemq] [730d921b] DEBUG - Setting topic alias enabled to true
2025-01-30 18:32:14,466 INFO c.h.h.t.OperatorHelmChartContainer - [local-hivemq-6f4d548d79] [hivemq] [730d921b] DEBUG - Setting topic alias maximum per client to 5
2025-01-30 18:32:14,466 INFO c.h.h.t.OperatorHelmChartContainer - [local-hivemq-6f4d548d79] [hivemq] [730d921b] DEBUG - Setting the number of max queued messages  per client to 1000 entries
2025-01-30 18:32:14,466 INFO c.h.h.t.OperatorHelmChartContainer - [local-hivemq-6f4d548d79] [hivemq] [730d921b] DEBUG - Setting queued messages strategy for each client to DISCARD
2025-01-30 18:32:14,466 INFO c.h.h.t.OperatorHelmChartContainer - [local-hivemq-6f4d548d79] [hivemq] [730d921b] DEBUG - Setting the expiry interval for client sessions to 4294967295 seconds
2025-01-30 18:32:14,466 INFO c.h.h.t.OperatorHelmChartContainer - [local-hivemq-6f4d548d79] [hivemq] [730d921b] DEBUG - Setting the expiry interval for publish messages to 4294967296 seconds
2025-01-30 18:32:14,466 INFO c.h.h.t.OperatorHelmChartContainer - [local-hivemq-6f4d548d79] [hivemq] [730d921b] DEBUG - Setting the server receive maximum to 10
2025-01-30 18:32:14,466 INFO c.h.h.t.OperatorHelmChartContainer - [local-hivemq-6f4d548d79] [hivemq] [730d921b] DEBUG - Setting keep alive maximum to 65535 seconds
2025-01-30 18:32:14,466 INFO c.h.h.t.OperatorHelmChartContainer - [local-hivemq-6f4d548d79] [hivemq] [730d921b] DEBUG - Setting keep alive allow zero to true
2025-01-30 18:32:14,466 INFO c.h.h.t.OperatorHelmChartContainer - [local-hivemq-6f4d548d79] [hivemq] [730d921b] DEBUG - Setting the maximum packet size for mqtt messages 268435460 bytes
2025-01-30 18:32:14,466 INFO c.h.h.t.OperatorHelmChartContainer - [local-hivemq-6f4d548d79] [hivemq] [730d921b] DEBUG - Setting global maximum allowed connections to -1
2025-01-30 18:32:14,466 INFO c.h.h.t.OperatorHelmChartContainer - [local-hivemq-6f4d548d79] [hivemq] [730d921b] DEBUG - Setting the maximum client id length to 65535
2025-01-30 18:32:14,466 INFO c.h.h.t.OperatorHelmChartContainer - [local-hivemq-6f4d548d79] [hivemq] [730d921b] DEBUG - Setting the timeout for disconnecting idle tcp connections before a connect message was received to 10000 milliseconds
2025-01-30 18:32:14,466 INFO c.h.h.t.OperatorHelmChartContainer - [local-hivemq-6f4d548d79] [hivemq] [730d921b] DEBUG - Throttling the global incoming traffic limit 0 bytes/second
2025-01-30 18:32:14,466 INFO c.h.h.t.OperatorHelmChartContainer - [local-hivemq-6f4d548d79] [hivemq] [730d921b] DEBUG - Setting the maximum topic length to 65535
2025-01-30 18:32:14,466 INFO c.h.h.t.OperatorHelmChartContainer - [local-hivemq-6f4d548d79] [hivemq] [730d921b] DEBUG - Setting allow server assigned client identifier to true
2025-01-30 18:32:14,466 INFO c.h.h.t.OperatorHelmChartContainer - [local-hivemq-6f4d548d79] [hivemq] [730d921b] DEBUG - Setting validate UTF-8 to true
2025-01-30 18:32:14,466 INFO c.h.h.t.OperatorHelmChartContainer - [local-hivemq-6f4d548d79] [hivemq] [730d921b] DEBUG - Setting payload format validation to false
2025-01-30 18:32:14,466 INFO c.h.h.t.OperatorHelmChartContainer - [local-hivemq-6f4d548d79] [hivemq] [730d921b] DEBUG - Setting allow-problem-information to true
2025-01-30 18:32:14,466 INFO c.h.h.t.OperatorHelmChartContainer - [local-hivemq-6f4d548d79] [hivemq] [730d921b] DEBUG - Setting control-center audit log enabled to true
2025-01-30 18:32:14,466 INFO c.h.h.t.OperatorHelmChartContainer - [local-hivemq-6f4d548d79] [hivemq] [730d921b] DEBUG - Setting rest-api audit log enabled to true
2025-01-30 18:32:14,466 INFO c.h.h.t.OperatorHelmChartContainer - [local-hivemq-6f4d548d79] [hivemq] [730d921b] DEBUG - Setting HiveMQ Control Center enabled to true 
2025-01-30 18:32:14,466 INFO c.h.h.t.OperatorHelmChartContainer - [local-hivemq-6f4d548d79] [hivemq] [730d921b] DEBUG - Setting HiveMQ Control Center default login enabled to true 
2025-01-30 18:32:14,466 INFO c.h.h.t.OperatorHelmChartContainer - [local-hivemq-6f4d548d79] [hivemq] [730d921b] DEBUG - Setting HiveMQ Control Center session idle time to 14400 seconds
2025-01-30 18:32:14,466 INFO c.h.h.t.OperatorHelmChartContainer - [local-hivemq-6f4d548d79] [hivemq] [730d921b] DEBUG - Adding Http-Listener to HiveMQ Control Center Config
2025-01-30 18:32:14,466 INFO c.h.h.t.OperatorHelmChartContainer - [local-hivemq-6f4d548d79] [hivemq] [730d921b] DEBUG - Set TLS to disabled for cluster TCP transport
2025-01-30 18:32:14,466 INFO c.h.h.t.OperatorHelmChartContainer - [local-hivemq-6f4d548d79] [hivemq] [730d921b] DEBUG - Setting replica count to 2 
2025-01-30 18:32:14,466 INFO c.h.h.t.OperatorHelmChartContainer - [local-hivemq-6f4d548d79] [hivemq] [730d921b] DEBUG - Setting cluster TCP health-check enabled
2025-01-30 18:32:14,466 INFO c.h.h.t.OperatorHelmChartContainer - [local-hivemq-6f4d548d79] [hivemq] [730d921b] DEBUG - Setting cluster TCP health-check bind-address to 10.42.0.7
2025-01-30 18:32:14,466 INFO c.h.h.t.OperatorHelmChartContainer - [local-hivemq-6f4d548d79] [hivemq] [730d921b] DEBUG - Setting cluster TCP health-check bind-address to 9000
2025-01-30 18:32:14,466 INFO c.h.h.t.OperatorHelmChartContainer - [local-hivemq-6f4d548d79] [hivemq] [730d921b] DEBUG - Setting cluster TCP health-check bind-port to 9000
2025-01-30 18:32:14,466 INFO c.h.h.t.OperatorHelmChartContainer - [local-hivemq-6f4d548d79] [hivemq] [730d921b] DEBUG - Setting cluster TCP health-check external-address to default
2025-01-30 18:32:14,466 INFO c.h.h.t.OperatorHelmChartContainer - [local-hivemq-6f4d548d79] [hivemq] [730d921b] DEBUG - Setting cluster TCP health-check external-port to 0
2025-01-30 18:32:14,466 INFO c.h.h.t.OperatorHelmChartContainer - [local-hivemq-6f4d548d79] [hivemq] [730d921b] DEBUG - Setting cluster heartbeat enabled
2025-01-30 18:32:14,466 INFO c.h.h.t.OperatorHelmChartContainer - [local-hivemq-6f4d548d79] [hivemq] [730d921b] DEBUG - Setting cluster heartbeat interval to 4000 ms
2025-01-30 18:32:14,466 INFO c.h.h.t.OperatorHelmChartContainer - [local-hivemq-6f4d548d79] [hivemq] [730d921b] DEBUG - Setting the cluster heartbeat timeout to 30000 ms
2025-01-30 18:32:14,466 INFO c.h.h.t.OperatorHelmChartContainer - [local-hivemq-6f4d548d79] [hivemq] [730d921b] DEBUG - Setting HiveMQ REST API enabled to false 
2025-01-30 18:32:14,466 INFO c.h.h.t.OperatorHelmChartContainer - [local-hivemq-6f4d548d79] [hivemq] [730d921b] DEBUG - Setting HiveMQ REST API authentication enabled to false 
2025-01-30 18:32:14,466 INFO c.h.h.t.OperatorHelmChartContainer - [local-hivemq-6f4d548d79] [hivemq] [730d921b] DEBUG - Setting HiveMQ Health API enabled to false 
2025-01-30 18:32:14,466 INFO c.h.h.t.OperatorHelmChartContainer - [local-hivemq-6f4d548d79] [hivemq] [730d921b] DEBUG - Setting client event history enabled to false
2025-01-30 18:32:14,467 INFO c.h.h.t.OperatorHelmChartContainer - [local-hivemq-6f4d548d79] [hivemq] [730d921b] DEBUG - Setting client event history lifetime to 604800000 ms
2025-01-30 18:32:14,467 INFO c.h.h.t.OperatorHelmChartContainer - [local-hivemq-6f4d548d79] [hivemq] [730d921b] DEBUG - Setting overload protection enabled to true 
2025-01-30 18:32:14,467 INFO c.h.h.t.OperatorHelmChartContainer - [local-hivemq-6f4d548d79] [hivemq] [730d921b] DEBUG - Setting anonymous usage statistics enabled to false 
2025-01-30 18:32:14,467 INFO c.h.h.t.OperatorHelmChartContainer - [local-hivemq-6f4d548d79] [hivemq] [730d921b] DEBUG - Setting expired messages topic enabled to false
2025-01-30 18:32:14,467 INFO c.h.h.t.OperatorHelmChartContainer - [local-hivemq-6f4d548d79] [hivemq] [730d921b] DEBUG - Setting dropped messages topic enabled to false
2025-01-30 18:32:14,467 INFO c.h.h.t.OperatorHelmChartContainer - [local-hivemq-6f4d548d79] [hivemq] [730d921b] DEBUG - Setting dead messages topic enabled to false
2025-01-30 18:32:14,467 INFO c.h.h.t.OperatorHelmChartContainer - [local-hivemq-6f4d548d79] [hivemq] [730d921b] INFO  - Successfully loaded configuration from '/opt/hivemq/conf/config.xml'.
2025-01-30 18:32:14,467 INFO c.h.h.t.OperatorHelmChartContainer - [local-hivemq-6f4d548d79] [hivemq] [730d921b] DEBUG - Performing sanity checks.
2025-01-30 18:32:14,467 INFO c.h.h.t.OperatorHelmChartContainer - [local-hivemq-6f4d548d79] [hivemq] [730d921b] DEBUG - Soft limit for open files (1048576) satisfies the recommended limit (1000000).
2025-01-30 18:32:14,467 INFO c.h.h.t.OperatorHelmChartContainer - [local-hivemq-6f4d548d79] [hivemq] [730d921b] DEBUG - Hard limit for open files (1048576) satisfies the recommended limit (1000000).
2025-01-30 18:32:14,467 INFO c.h.h.t.OperatorHelmChartContainer - [local-hivemq-6f4d548d79] [hivemq] [730d921b] DEBUG - HiveMQ license directory (/opt/hivemq/license) satisfies all required file-system permissions.
2025-01-30 18:32:14,467 INFO c.h.h.t.OperatorHelmChartContainer - [local-hivemq-6f4d548d79] [hivemq] [730d921b] DEBUG - HiveMQ data directory (/opt/hivemq/data) satisfies all required file-system permissions.
2025-01-30 18:32:14,467 INFO c.h.h.t.OperatorHelmChartContainer - [local-hivemq-6f4d548d79] [hivemq] [730d921b] DEBUG - HiveMQ log directory (/opt/hivemq/log) satisfies all required file-system permissions.
2025-01-30 18:32:14,467 INFO c.h.h.t.OperatorHelmChartContainer - [local-hivemq-6f4d548d79] [hivemq] [730d921b] DEBUG - HiveMQ backup directory (/opt/hivemq/backup) satisfies all required file-system permissions.
2025-01-30 18:32:14,471 INFO c.h.h.t.OperatorHelmChartContainer - [local-hivemq-6f4d548d79] [hivemq] [730d921b] DEBUG - HiveMQ audit directory (/opt/hivemq/audit) satisfies all required file-system permissions.
2025-01-30 18:32:14,472 INFO c.h.h.t.OperatorHelmChartContainer - [local-hivemq-6f4d548d79] [hivemq] [730d921b] DEBUG - HiveMQ extensions directory (/opt/hivemq/extensions) satisfies all required file-system permissions.
2025-01-30 18:32:14,472 INFO c.h.h.t.OperatorHelmChartContainer - [local-hivemq-6f4d548d79] [hivemq] [730d921b] DEBUG - Extension directory hivemq-allow-all-extension (/opt/hivemq/extensions/hivemq-allow-all-extension) satisfies all required file-system permissions.
2025-01-30 18:32:14,472 INFO c.h.h.t.OperatorHelmChartContainer - [local-hivemq-6f4d548d79] [hivemq] [730d921b] DEBUG - Extension directory hivemq-google-cloud-pubsub-extension (/opt/hivemq/extensions/hivemq-google-cloud-pubsub-extension) satisfies all required file-system permissions.
2025-01-30 18:32:14,472 INFO c.h.h.t.OperatorHelmChartContainer - [local-hivemq-6f4d548d79] [hivemq] [730d921b] DEBUG - Extension directory hivemq-enterprise-security-extension (/opt/hivemq/extensions/hivemq-enterprise-security-extension) satisfies all required file-system permissions.
2025-01-30 18:32:14,472 INFO c.h.h.t.OperatorHelmChartContainer - [local-hivemq-6f4d548d79] [hivemq] [730d921b] DEBUG - Extension directory hivemq-bridge-extension (/opt/hivemq/extensions/hivemq-bridge-extension) satisfies all required file-system permissions.
2025-01-30 18:32:14,472 INFO c.h.h.t.OperatorHelmChartContainer - [local-hivemq-6f4d548d79] [hivemq] [730d921b] DEBUG - Extension directory hivemq-kafka-extension (/opt/hivemq/extensions/hivemq-kafka-extension) satisfies all required file-system permissions.
2025-01-30 18:32:14,472 INFO c.h.h.t.OperatorHelmChartContainer - [local-hivemq-6f4d548d79] [hivemq] [730d921b] DEBUG - Extension directory hivemq-distributed-tracing-extension (/opt/hivemq/extensions/hivemq-distributed-tracing-extension) satisfies all required file-system permissions.
2025-01-30 18:32:14,472 INFO c.h.h.t.OperatorHelmChartContainer - [local-hivemq-6f4d548d79] [hivemq] [730d921b] DEBUG - Extension directory hivemq-prometheus-extension (/opt/hivemq/extensions/hivemq-prometheus-extension) satisfies all required file-system permissions.
2025-01-30 18:32:14,472 INFO c.h.h.t.OperatorHelmChartContainer - [local-hivemq-6f4d548d79] [hivemq] [730d921b] DEBUG - Extension directory hivemq-amazon-kinesis-extension (/opt/hivemq/extensions/hivemq-amazon-kinesis-extension) satisfies all required file-system permissions.
2025-01-30 18:32:14,472 INFO c.h.h.t.OperatorHelmChartContainer - [local-hivemq-6f4d548d79] [hivemq] [730d921b] DEBUG - Extension directory hivemq-k8s-sync-extension (/opt/hivemq/extensions/hivemq-k8s-sync-extension) satisfies all required file-system permissions.
2025-01-30 18:32:14,472 INFO c.h.h.t.OperatorHelmChartContainer - [local-hivemq-6f4d548d79] [hivemq] [730d921b] DEBUG - Extension directory hivemq-dns-cluster-discovery (/opt/hivemq/extensions/hivemq-dns-cluster-discovery) satisfies all required file-system permissions.
2025-01-30 18:32:14,472 INFO c.h.h.t.OperatorHelmChartContainer - [local-hivemq-6f4d548d79] [hivemq] [730d921b] DEBUG - Extension directory hivemq-snowflake-extension (/opt/hivemq/extensions/hivemq-snowflake-extension) satisfies all required file-system permissions.
2025-01-30 18:32:14,472 INFO c.h.h.t.OperatorHelmChartContainer - [local-hivemq-6f4d548d79] [hivemq] [730d921b] DEBUG - Extension directory hivemq-postgresql-extension (/opt/hivemq/extensions/hivemq-postgresql-extension) satisfies all required file-system permissions.
2025-01-30 18:32:14,472 INFO c.h.h.t.OperatorHelmChartContainer - [local-hivemq-6f4d548d79] [hivemq] [730d921b] DEBUG - Extension directory hivemq-mysql-extension (/opt/hivemq/extensions/hivemq-mysql-extension) satisfies all required file-system permissions.
2025-01-30 18:32:14,472 INFO c.h.h.t.OperatorHelmChartContainer - [local-hivemq-6f4d548d79] [hivemq] [730d921b] DEBUG - Extension directory hivemq-mongodb-extension (/opt/hivemq/extensions/hivemq-mongodb-extension) satisfies all required file-system permissions.
2025-01-30 18:32:14,472 INFO c.h.h.t.OperatorHelmChartContainer - [local-hivemq-6f4d548d79] [hivemq] [730d921b] DEBUG - Extension directory hivemq-data-lake-extension (/opt/hivemq/extensions/hivemq-data-lake-extension) satisfies all required file-system permissions.
2025-01-30 18:32:14,472 INFO c.h.h.t.OperatorHelmChartContainer - [local-hivemq-6f4d548d79] [hivemq] [730d921b] DEBUG - Extension directory hivemq-microsoft-sql-server-extension (/opt/hivemq/extensions/hivemq-microsoft-sql-server-extension) satisfies all required file-system permissions.
2025-01-30 18:32:14,472 INFO c.h.h.t.OperatorHelmChartContainer - [local-hivemq-6f4d548d79] [hivemq] [730d921b] DEBUG - Temporary directory (/tmp) satisfies all required file-system permissions.
2025-01-30 18:32:14,472 INFO c.h.h.t.OperatorHelmChartContainer - [local-hivemq-6f4d548d79] [hivemq] [730d921b] DEBUG - Heap dump directory (/opt/hivemq/dumps) satisfies all required file-system permissions.
2025-01-30 18:32:14,472 INFO c.h.h.t.OperatorHelmChartContainer - [local-hivemq-6f4d548d79] [hivemq] [730d921b] DEBUG - Performed all sanity checks in 93ms. All sanity checks passed successfully.
2025-01-30 18:32:14,472 INFO c.h.h.t.OperatorHelmChartContainer - [local-hivemq-6f4d548d79] [hivemq] [730d921b] INFO  - This node's ID is iSPu9
2025-01-30 18:32:14,472 INFO c.h.h.t.OperatorHelmChartContainer - [local-hivemq-6f4d548d79] [hivemq] [730d921b] INFO  - Clustering is enabled
2025-01-30 18:32:14,472 INFO c.h.h.t.OperatorHelmChartContainer - [local-hivemq-6f4d548d79] [hivemq] [730d921b] DEBUG - Configured WriteBufferManager with size for memtables 311023370 and for the block cache 466535055
2025-01-30 18:32:14,472 INFO c.h.h.t.OperatorHelmChartContainer - [local-hivemq-6f4d548d79] [hivemq] [730d921b] DEBUG - Starting RocksDBMemoryUsageWatchdog.
2025-01-30 18:32:14,472 INFO c.h.h.t.OperatorHelmChartContainer - [local-hivemq-6f4d548d79] [hivemq] [730d921b] DEBUG - RocksDBMemoryUsageWatchdog is running.
2025-01-30 18:32:14,472 INFO c.h.h.t.OperatorHelmChartContainer - [local-hivemq-6f4d548d79] [hivemq] [730d921b] DEBUG - Folder /opt/hivemq/data/persistence does not exist, trying to create it
2025-01-30 18:32:14,472 INFO c.h.h.t.OperatorHelmChartContainer - [local-hivemq-6f4d548d79] [hivemq] [730d921b] DEBUG - Created folder /opt/hivemq/data
2025-01-30 18:32:14,472 INFO c.h.h.t.OperatorHelmChartContainer - [local-hivemq-6f4d548d79] [hivemq] [730d921b] DEBUG - Folder /opt/hivemq/data/persistence/publish_payload_store/040500_R does not exist, trying to create it
2025-01-30 18:32:14,472 INFO c.h.h.t.OperatorHelmChartContainer - [local-hivemq-6f4d548d79] [hivemq] [730d921b] DEBUG - Folder /opt/hivemq/data/persistence/client_queue/042800_R does not exist, trying to create it
2025-01-30 18:32:14,472 INFO c.h.h.t.OperatorHelmChartContainer - [local-hivemq-6f4d548d79] [hivemq] [730d921b] DEBUG - Folder /opt/hivemq/data/persistence/client_session_store/040100_R does not exist, trying to create it
2025-01-30 18:32:14,472 INFO c.h.h.t.OperatorHelmChartContainer - [local-hivemq-6f4d548d79] [hivemq] [730d921b] DEBUG - Folder /opt/hivemq/data/persistence/client_session_subscriptions/043200_R does not exist, trying to create it
2025-01-30 18:32:14,472 INFO c.h.h.t.OperatorHelmChartContainer - [local-hivemq-6f4d548d79] [hivemq] [730d921b] DEBUG - Folder /opt/hivemq/data/persistence/retained_messages/040800_R does not exist, trying to create it
2025-01-30 18:32:14,472 INFO c.h.h.t.OperatorHelmChartContainer - [local-hivemq-6f4d548d79] [hivemq] [730d921b] DEBUG - Folder /opt/hivemq/data/persistence/attribute/043100_R does not exist, trying to create it
2025-01-30 18:32:14,472 INFO c.h.h.t.OperatorHelmChartContainer - [local-hivemq-6f4d548d79] [hivemq] [730d921b] DEBUG - Folder /opt/hivemq/data/persistence/incoming_message_flow/043000_R does not exist, trying to create it
2025-01-30 18:32:14,472 INFO c.h.h.t.OperatorHelmChartContainer - [local-hivemq-6f4d548d79] [hivemq] [730d921b] DEBUG - Folder /opt/hivemq/data/persistence/data_hub_modules/043000_R does not exist, trying to create it
2025-01-30 18:32:14,472 INFO c.h.h.t.OperatorHelmChartContainer - [local-hivemq-6f4d548d79] [hivemq] [730d921b] DEBUG - Folder /opt/hivemq/data/persistence/data_hub_policies/042000_R does not exist, trying to create it
2025-01-30 18:32:14,472 INFO c.h.h.t.OperatorHelmChartContainer - [local-hivemq-6f4d548d79] [hivemq] [730d921b] DEBUG - Folder /opt/hivemq/data/persistence/data_hub_scripts/042300_R does not exist, trying to create it
2025-01-30 18:32:14,472 INFO c.h.h.t.OperatorHelmChartContainer - [local-hivemq-6f4d548d79] [hivemq] [730d921b] DEBUG - Folder /opt/hivemq/data/persistence/data_hub_schemas/042000_R does not exist, trying to create it
2025-01-30 18:32:14,472 INFO c.h.h.t.OperatorHelmChartContainer - [local-hivemq-6f4d548d79] [hivemq] [730d921b] DEBUG - Diagnostic mode is disabled
2025-01-30 18:32:14,472 INFO c.h.h.t.OperatorHelmChartContainer - [local-hivemq-6f4d548d79] [hivemq] [730d921b] INFO  - No valid license file found. Using trial license, restricted to 25 connections.
2025-01-30 18:32:14,472 INFO c.h.h.t.OperatorHelmChartContainer - [local-hivemq-6f4d548d79] [hivemq] [730d921b] DEBUG - Native Epoll is available on this platform
2025-01-30 18:32:14,472 INFO c.h.h.t.OperatorHelmChartContainer - [local-hivemq-6f4d548d79] [hivemq] [730d921b] DEBUG - Set extension executor thread pool size to 1
2025-01-30 18:32:14,472 INFO c.h.h.t.OperatorHelmChartContainer - [local-hivemq-6f4d548d79] [hivemq] [730d921b] DEBUG - Set extension executor thread pool keep-alive to 30 seconds
2025-01-30 18:32:14,472 INFO c.h.h.t.OperatorHelmChartContainer - [local-hivemq-6f4d548d79] [hivemq] [730d921b] DEBUG - initializing RSA key
2025-01-30 18:32:14,472 INFO c.h.h.t.OperatorHelmChartContainer - [local-hivemq-6f4d548d79] [hivemq] [730d921b] DEBUG - finished initializing RSA key in 2803ms
2025-01-30 18:32:14,472 INFO c.h.h.t.OperatorHelmChartContainer - [local-hivemq-6f4d548d79] [hivemq] [730d921b] DEBUG - Unable to provide size and free metrics for disk /dev/sda: Could not find the corresponding FileStore (OSHI/Java).
2025-01-30 18:32:14,472 INFO c.h.h.t.OperatorHelmChartContainer - [local-hivemq-6f4d548d79] [hivemq] [730d921b] DEBUG - Unable to provide size and free metrics for disk /dev/sdb: Could not find the corresponding FileStore (OSHI/Java).
2025-01-30 18:32:14,472 INFO c.h.h.t.OperatorHelmChartContainer - [local-hivemq-6f4d548d79] [hivemq] [730d921b] DEBUG - Throttling incoming traffic to 0 B/s
2025-01-30 18:32:14,473 INFO c.h.h.t.OperatorHelmChartContainer - [local-hivemq-6f4d548d79] [hivemq] [730d921b] DEBUG - Throttling outgoing traffic to 0 B/s
2025-01-30 18:32:14,473 INFO c.h.h.t.OperatorHelmChartContainer - [local-hivemq-6f4d548d79] [hivemq] [730d921b] INFO  - No valid license file for Data Hub found. Using free license, restricted to 1 policy.
2025-01-30 18:32:14,473 INFO c.h.h.t.OperatorHelmChartContainer - [local-hivemq-6f4d548d79] [hivemq] [730d921b] DEBUG - Building initial topic tree
2025-01-30 18:32:14,473 INFO c.h.h.t.OperatorHelmChartContainer - [local-hivemq-6f4d548d79] [hivemq] [730d921b] DEBUG - Started JMX Metrics Reporting.
2025-01-30 18:32:14,473 INFO c.h.h.t.OperatorHelmChartContainer - [local-hivemq-6f4d548d79] [hivemq] [730d921b] DEBUG - Registered JVM metrics with prefix com.hivemq.jvm.
2025-01-30 18:32:14,473 INFO c.h.h.t.OperatorHelmChartContainer - [local-hivemq-6f4d548d79] [hivemq] [730d921b] DEBUG - Registered HiveMQ Health API metrics.
2025-01-30 18:32:14,473 INFO c.h.h.t.OperatorHelmChartContainer - [local-hivemq-6f4d548d79] [hivemq] [730d921b] INFO  - Audit Logger started.
2025-01-30 18:32:14,473 INFO c.h.h.t.OperatorHelmChartContainer - [local-hivemq-6f4d548d79] [hivemq] [730d921b] INFO  - This node uses '1' CPU cores.
2025-01-30 18:32:14,473 INFO c.h.h.t.OperatorHelmChartContainer - [local-hivemq-6f4d548d79] [hivemq] [730d921b] INFO  - Starting HiveMQ extension system.
2025-01-30 18:32:14,473 INFO c.h.h.t.OperatorHelmChartContainer - [local-hivemq-6f4d548d79] [hivemq] [730d921b] INFO  - Starting extension with id "hivemq-dns-cluster-discovery" at /opt/hivemq/extensions/hivemq-dns-cluster-discovery
2025-01-30 18:32:14,473 INFO c.h.h.t.OperatorHelmChartContainer - [local-hivemq-6f4d548d79] [hivemq] [730d921b] DEBUG - HiveMQ DNS Cluster Discovery Extension: No DNS server address was set in the configuration file or environment variable.
2025-01-30 18:32:14,473 INFO c.h.h.t.OperatorHelmChartContainer - [local-hivemq-6f4d548d79] [hivemq] [730d921b] DEBUG - HiveMQ DNS Cluster Discovery Extension: No reload interval was set in the configuration file or environment variable. Defaulting to 30.
2025-01-30 18:32:14,473 INFO c.h.h.t.OperatorHelmChartContainer - [local-hivemq-6f4d548d79] [hivemq] [730d921b] INFO  - Using TCP cluster transport on address 10.42.0.7 and port 7000
2025-01-30 18:32:14,473 INFO c.h.h.t.OperatorHelmChartContainer - [local-hivemq-6f4d548d79] [hivemq] [730d921b] INFO  - Using extension cluster discovery
2025-01-30 18:32:14,473 INFO c.h.h.t.OperatorHelmChartContainer - [local-hivemq-6f4d548d79] [hivemq] [730d921b] INFO  - Extension "DNS Cluster Discovery Extension" version 4.3.3 started successfully.
2025-01-30 18:32:14,473 INFO c.h.h.t.OperatorHelmChartContainer - [local-hivemq-6f4d548d79] [hivemq] [730d921b] INFO  - Starting extension with id "hivemq-k8s-sync-extension" at /opt/hivemq/extensions/hivemq-k8s-sync-extension
2025-01-30 18:32:14,473 INFO c.h.h.t.OperatorHelmChartContainer - [local-hivemq-6f4d548d79] [hivemq] [730d921b] DEBUG - Could not get configMap modification timestamp for source /hivemq-data/conf/..data, likely no ConfigMap mounted
2025-01-30 18:32:14,474 INFO c.h.h.t.OperatorHelmChartContainer - [local-hivemq-6f4d548d79] [hivemq] [730d921b] DEBUG - Could not get configMap modification timestamp for source /hivemq-data/extensions/..data, likely no ConfigMap mounted
2025-01-30 18:32:14,474 INFO c.h.h.t.OperatorHelmChartContainer - [local-hivemq-6f4d548d79] [hivemq] [730d921b] DEBUG - Could not get configMap modification timestamp for source /hivemq-data/bin/..data, likely no ConfigMap mounted
2025-01-30 18:32:14,474 INFO c.h.h.t.OperatorHelmChartContainer - [local-hivemq-6f4d548d79] [hivemq] [730d921b] INFO  - Started HiveMQ Kubernetes State Synchronization Extension:1.0.3
2025-01-30 18:32:14,474 INFO c.h.h.t.OperatorHelmChartContainer - [local-hivemq-6f4d548d79] [hivemq] [730d921b] INFO  - Extension "HiveMQ Kubernetes State Synchronization Extension" version 1.0.3 started successfully.
2025-01-30 18:32:14,474 INFO c.h.h.t.OperatorHelmChartContainer - [local-hivemq-6f4d548d79] [hivemq] [730d921b] INFO  - Starting extension with id "hivemq-allow-all-extension" at /opt/hivemq/extensions/hivemq-allow-all-extension
2025-01-30 18:32:14,474 INFO c.h.h.t.OperatorHelmChartContainer - [local-hivemq-6f4d548d79] [hivemq] [730d921b] WARN  - 
2025-01-30 18:32:14,475 INFO c.h.h.t.OperatorHelmChartContainer - [local-hivemq-6f4d548d79] [hivemq] [730d921b] ################################################################################################################
2025-01-30 18:32:14,475 INFO c.h.h.t.OperatorHelmChartContainer - [local-hivemq-6f4d548d79] [hivemq] [730d921b] # This HiveMQ deployment is not secure! You are lacking Authentication and Authorization.                      #
2025-01-30 18:32:14,475 INFO c.h.h.t.OperatorHelmChartContainer - [local-hivemq-6f4d548d79] [hivemq] [730d921b] # Right now any MQTT client can connect to the broker with a full set of permissions.                          #
2025-01-30 18:32:14,475 INFO c.h.h.t.OperatorHelmChartContainer - [local-hivemq-6f4d548d79] [hivemq] [730d921b] # For production usage, add an appropriate security extension and remove the hivemq-allow-all extension.       #
2025-01-30 18:32:14,475 INFO c.h.h.t.OperatorHelmChartContainer - [local-hivemq-6f4d548d79] [hivemq] [730d921b] # You can download security extensions from the HiveMQ Marketplace (https://www.hivemq.com/extensions/).       #
2025-01-30 18:32:14,475 INFO c.h.h.t.OperatorHelmChartContainer - [local-hivemq-6f4d548d79] [hivemq] [730d921b] ################################################################################################################
2025-01-30 18:32:14,475 INFO c.h.h.t.OperatorHelmChartContainer - [local-hivemq-6f4d548d79] [hivemq] [730d921b] DEBUG - Simple authenticator added by extension 'hivemq-allow-all-extension'.
2025-01-30 18:32:14,475 INFO c.h.h.t.OperatorHelmChartContainer - [local-hivemq-6f4d548d79] [hivemq] [730d921b] INFO  - Extension "Allow All Extension" version 1.1.1 started successfully.
2025-01-30 18:32:14,475 INFO c.h.h.t.OperatorHelmChartContainer - [local-hivemq-6f4d548d79] [hivemq] [730d921b] DEBUG - HiveMQ DNS Cluster Discovery Extension: Discovered new address '10.42.0.7'.
2025-01-30 18:32:14,476 INFO c.h.h.t.OperatorHelmChartContainer - [local-hivemq-6f4d548d79] [hivemq] [730d921b] INFO  - iSPu9: no members discovered after 2503 ms: creating cluster as first member
2025-01-30 18:32:14,476 INFO c.h.h.t.OperatorHelmChartContainer - [local-hivemq-6f4d548d79] [hivemq] [730d921b] INFO  - Cluster nodes found by discovery: [iSPu9|0] (1) [iSPu9].
2025-01-30 18:32:14,476 INFO c.h.h.t.OperatorHelmChartContainer - [local-hivemq-6f4d548d79] [hivemq] [730d921b] DEBUG - State of node iSPu9 changed to UNKNOWN was null. Current cluster node states: {iSPu9=UNKNOWN}
2025-01-30 18:32:14,476 INFO c.h.h.t.OperatorHelmChartContainer - [local-hivemq-6f4d548d79] [hivemq] [730d921b] DEBUG - State of node iSPu9 set to RUNNING. Current cluster node states: {iSPu9=RUNNING}
2025-01-30 18:32:14,476 INFO c.h.h.t.OperatorHelmChartContainer - [local-hivemq-6f4d548d79] [hivemq] [730d921b] WARN  - No user for HiveMQ Control Center configured. Starting with default user
2025-01-30 18:32:14,476 INFO c.h.h.t.OperatorHelmChartContainer - [local-hivemq-6f4d548d79] [hivemq] [730d921b] INFO  - Starting HiveMQ Control Center on address 0.0.0.0 and port 8080
2025-01-30 18:32:14,476 INFO c.h.h.t.OperatorHelmChartContainer - [local-hivemq-6f4d548d79] [hivemq] [730d921b] INFO  - Mounting HiveMQ Control Center V2 Preview
2025-01-30 18:32:14,476 INFO c.h.h.t.OperatorHelmChartContainer - [local-hivemq-6f4d548d79] [hivemq] [730d921b] INFO  - Started HiveMQ Control Center in 1495ms
2025-01-30 18:32:14,476 INFO c.h.h.t.OperatorHelmChartContainer - [local-hivemq-6f4d548d79] [hivemq] [730d921b] INFO  - Starting TCP listener on address 0.0.0.0 and port 1883
2025-01-30 18:32:14,476 INFO c.h.h.t.OperatorHelmChartContainer - [local-hivemq-6f4d548d79] [hivemq] [730d921b] INFO  - Started TCP Listener on address 0.0.0.0 and on port 1883.
2025-01-30 18:32:14,476 INFO c.h.h.t.OperatorHelmChartContainer - [local-hivemq-6f4d548d79] [hivemq] [730d921b] INFO  - Started HiveMQ in 30942ms
2025-01-30 18:32:14,487 INFO c.h.h.t.OperatorHelmChartContainer - [EVENT] Normal [Started] Started container operator [default:local-hivemq-hivemq-operator-operator-6b564f6db4-pjzb2]
2025-01-30 18:32:14,487 INFO c.h.h.t.OperatorHelmChartContainer - Received Started event for container operator in pod local-hivemq-hivemq-operator-operator-6b564f6db4-pjzb2 [da8cf715-76e8-4ba1-ae32-13f874dbd43c]
2025-01-30 18:32:14,487 INFO c.h.h.t.OperatorHelmChartContainer - [EVENT] Normal [SuccessfulCreate] Created pod: local-hivemq-hivemq-operator-operator-6b564f6db4-pjzb2 [default:local-hivemq-hivemq-operator-operator-6b564f6db4]
2025-01-30 18:32:14,487 INFO c.h.h.t.OperatorHelmChartContainer - [POD] local-hivemq-6f4d548d79-ks69c [730d921b-3bda-4255-aacf-529fd148f56b] in default was ADDED
2025-01-30 18:32:14,487 INFO c.h.h.t.OperatorHelmChartContainer - Started log watcher for operator in pod local-hivemq-hivemq-operator-operator-6b564f6db4-pjzb2 [da8cf715-76e8-4ba1-ae32-13f874dbd43c]
2025-01-30 18:32:14,488 INFO c.h.h.t.OperatorHelmChartContainer - [local-hivemq-hivemq-operator] [operator] [da8cf715] Picked up JAVA_TOOL_OPTIONS: -XX:+UnlockExperimentalVMOptions -XX:InitialRAMPercentage=75 -XX:MaxRAMPercentage=75
2025-01-30 18:32:14,488 INFO c.h.h.t.OperatorHelmChartContainer - [local-hivemq-hivemq-operator] [operator] [da8cf715]  __  __ _                                  _   
2025-01-30 18:32:14,488 INFO c.h.h.t.OperatorHelmChartContainer - [local-hivemq-hivemq-operator] [operator] [da8cf715] |  \/  (_) ___ _ __ ___  _ __   __ _ _   _| |_ 
2025-01-30 18:32:14,488 INFO c.h.h.t.OperatorHelmChartContainer - [local-hivemq-hivemq-operator] [operator] [da8cf715] | |\/| | |/ __| '__/ _ \| '_ \ / _` | | | | __|
2025-01-30 18:32:14,488 INFO c.h.h.t.OperatorHelmChartContainer - [local-hivemq-hivemq-operator] [operator] [da8cf715] | |  | | | (__| | | (_) | | | | (_| | |_| | |_ 
2025-01-30 18:32:14,488 INFO c.h.h.t.OperatorHelmChartContainer - [local-hivemq-hivemq-operator] [operator] [da8cf715] |_|  |_|_|\___|_|  \___/|_| |_|\__,_|\__,_|\__|
2025-01-30 18:32:14,488 INFO c.h.h.t.OperatorHelmChartContainer - [local-hivemq-hivemq-operator] [operator] [da8cf715]   Micronaut (v3.5.2)
2025-01-30 18:32:14,488 INFO c.h.h.t.OperatorHelmChartContainer - [local-hivemq-hivemq-operator] [operator] [da8cf715] 
2025-01-30 18:32:14,488 INFO c.h.h.t.OperatorHelmChartContainer - [local-hivemq-hivemq-operator] [operator] [da8cf715] ?[36m18:30:42.557?[0;39m ?[1;30m[main]?[0;39m ?[34mINFO ?[0;39m ?[35mio.micronaut.runtime.Micronaut?[0;39m - Startup completed in 2327ms. Server Running: http://local-hivemq-hivemq-operator-operator-6b564f6db4-pjzb2:8443
2025-01-30 18:32:14,488 INFO c.h.h.t.OperatorHelmChartContainer - [local-hivemq-hivemq-operator] [operator] [da8cf715] ?[36m18:30:43.908?[0;39m ?[1;30m[main]?[0;39m ?[34mINFO ?[0;39m ?[35mcom.hivemq.Operator?[0;39m - Initializing HiveMQ operator
2025-01-30 18:32:14,488 INFO c.h.h.t.OperatorHelmChartContainer - [local-hivemq-hivemq-operator] [operator] [da8cf715] ?[36m18:30:45.216?[0;39m ?[1;30m[main]?[0;39m ?[34mINFO ?[0;39m ?[35mcom.hivemq.Operator?[0;39m - Operating from namespace 'default'
2025-01-30 18:32:14,488 INFO c.h.h.t.OperatorHelmChartContainer - [local-hivemq-hivemq-operator] [operator] [da8cf715] ?[36m18:30:45.403?[0;39m ?[1;30m[pool-3-thread-1]?[0;39m ?[34mINFO ?[0;39m ?[35mcom.hivemq.AbstractWatcher?[0;39m - CustomResource watcher running for kinds HiveMQCluster
2025-01-30 18:32:14,488 INFO c.h.h.t.OperatorHelmChartContainer - [local-hivemq-hivemq-operator] [operator] [da8cf715] ?[36m18:30:46.052?[0;39m ?[1;30m[main]?[0;39m ?[34mINFO ?[0;39m ?[35mcom.hivemq.Operator?[0;39m - Operator started in 2144ms
2025-01-30 18:32:14,488 INFO c.h.h.t.OperatorHelmChartContainer - [local-hivemq-hivemq-operator] [operator] [da8cf715] ?[36m18:30:46.419?[0;39m ?[1;30m[pool-3-thread-2]?[0;39m ?[34mINFO ?[0;39m ?[35mcom.hivemq.Operator?[0;39m - Syncing state for cluster 'local-hivemq' in namespace 'default'
2025-01-30 18:32:14,488 INFO c.h.h.t.OperatorHelmChartContainer - [local-hivemq-hivemq-operator] [operator] [da8cf715] ?[36m18:30:51.209?[0;39m ?[1;30m[pool-3-thread-7]?[0;39m ?[34mINFO ?[0;39m ?[35mcom.hivemq.Operator?[0;39m - Syncing state for cluster 'local-hivemq' in namespace 'default'
2025-01-30 18:32:14,488 INFO c.h.h.t.OperatorHelmChartContainer - [local-hivemq-hivemq-operator] [operator] [da8cf715] ?[36m18:30:52.005?[0;39m ?[1;30m[pool-3-thread-2]?[0;39m ?[34mINFO ?[0;39m ?[35mcom.hivemq.util.DeploymentUtil?[0;39m - Waiting for deployment local-hivemq to roll out...
2025-01-30 18:32:14,488 INFO c.h.h.t.OperatorHelmChartContainer - [local-hivemq-hivemq-operator] [operator] [da8cf715] ?[36m18:30:52.900?[0;39m ?[1;30m[pool-3-thread-7]?[0;39m ?[34mINFO ?[0;39m ?[35mcom.hivemq.util.DeploymentUtil?[0;39m - Waiting for deployment local-hivemq to roll out...
2025-01-30 18:32:14,488 INFO c.h.h.t.OperatorHelmChartContainer - [local-hivemq-hivemq-operator] [operator] [da8cf715] ?[36m18:32:14.299?[0;39m ?[1;30m[pool-3-thread-2]?[0;39m ?[34mINFO ?[0;39m ?[35mcom.hivemq.Operator?[0;39m - State synchronization complete for cluster 'local-hivemq' in namespace 'default' in 87880ms
2025-01-30 18:32:14,488 INFO c.h.h.t.OperatorHelmChartContainer - [POD] local-hivemq-hivemq-operator-operator-6b564f6db4-pjzb2 [da8cf715-76e8-4ba1-ae32-13f874dbd43c] in default was ADDED
2025-01-30 18:32:14,490 INFO c.h.h.t.OperatorHelmChartContainer - [POD] coredns-ff8999cc5-wmwj2 [5f2f64e2-e1b2-485d-a35b-71800434f705] in kube-system was ADDED
2025-01-30 18:32:14,491 INFO c.h.h.t.OperatorHelmChartContainer - [POD] local-path-provisioner-698b58967b-ffxc2 [6b6ef628-eca5-454c-8a5f-9e15aea5b621] in kube-system was ADDED
2025-01-30 18:32:14,492 INFO c.h.h.t.OperatorHelmChartContainer - [POD] metrics-server-8584b5786c-nc57d [7f061ac9-d7ec-4131-ac27-0c860f8f84d4] in kube-system was ADDED
2025-01-30 18:32:14,525 INFO c.h.h.t.OperatorHelmChartContainer - [EVENT] Normal [ScalingReplicaSet] Scaled up replica set local-hivemq-hivemq-operator-operator-6b564f6db4 from 0 to 1 [default:local-hivemq-hivemq-operator-operator]
2025-01-30 18:32:14,527 INFO c.h.h.t.OperatorHelmChartContainer - [POD] svclb-hivemq-local-hivemq-mqtt-ba0b14ee-pj89z [2ecbf342-d018-4d6b-ba48-13cb727a58f2] in kube-system was ADDED
2025-01-30 18:32:14,532 INFO c.h.h.t.OperatorHelmChartContainer - [EVENT] Normal [ScalingReplicaSet] Scaled up replica set local-hivemq-6f4d548d79 from 0 to 1 [default:local-hivemq]
2025-01-30 18:32:14,629 INFO c.h.h.t.OperatorHelmChartContainer - [local-hivemq-hivemq-operator] [operator] [da8cf715] ?[36m18:32:14.618?[0;39m ?[1;30m[pool-3-thread-7]?[0;39m ?[34mINFO ?[0;39m ?[35mcom.hivemq.Operator?[0;39m - State synchronization complete for cluster 'local-hivemq' in namespace 'default' in 83409ms
2025-01-30 18:32:17,376 INFO c.h.h.t.OperatorHelmChartContainer - [local-hivemq-hivemq-operator] [operator] [da8cf715] ?[36m18:32:17.374?[0;39m ?[1;30m[pool-3-thread-12]?[0;39m ?[34mINFO ?[0;39m ?[35mcom.hivemq.Operator?[0;39m - Syncing state for cluster 'local-hivemq' in namespace 'default'
2025-01-30 18:32:17,524 INFO c.h.h.t.OperatorHelmChartContainer - [K3S] [event.go:389] "Event occurred" object="default/hivemq-local-hivemq-mqtt" fieldPath="" kind="Service" apiVersion="v1" type="Normal" reason="DeletingLoadBalancer" message="Deleting load balancer"
2025-01-30 18:32:17,529 INFO c.h.h.t.OperatorHelmChartContainer - [EVENT] Normal [DeletingLoadBalancer] Deleting load balancer [default:hivemq-local-hivemq-mqtt]
2025-01-30 18:32:17,533 INFO c.h.h.t.OperatorHelmChartContainer - [K3S] [event.go:389] "Event occurred" object="default/hivemq-local-hivemq-mqtt" fieldPath="" kind="Service" apiVersion="v1" type="Normal" reason="DeletedLoadBalancer" message="Deleted load balancer"
2025-01-30 18:32:17,533 INFO c.h.h.t.OperatorHelmChartContainer - [K3S] [event.go:389] "Event occurred" object="default/hivemq-local-hivemq-mqtt" fieldPath="" kind="Service" apiVersion="v1" type="Normal" reason="DeletedDaemonSet" message="Deleted LoadBalancer DaemonSet kube-system/svclb-hivemq-local-hivemq-mqtt-ba0b14ee"
2025-01-30 18:32:17,546 INFO c.h.h.t.OperatorHelmChartContainer - [EVENT] Normal [DeletedDaemonSet] Deleted LoadBalancer DaemonSet kube-system/svclb-hivemq-local-hivemq-mqtt-ba0b14ee [default:hivemq-local-hivemq-mqtt]
2025-01-30 18:32:17,546 INFO c.h.h.t.OperatorHelmChartContainer - [EVENT] Normal [DeletedLoadBalancer] Deleted load balancer [default:hivemq-local-hivemq-mqtt]
2025-01-30 18:32:17,579 INFO c.h.h.t.OperatorHelmChartContainer - [POD] svclb-hivemq-local-hivemq-mqtt-ba0b14ee-pj89z [2ecbf342-d018-4d6b-ba48-13cb727a58f2] in kube-system was MODIFIED
2025-01-30 18:32:17,589 DEBUG c.h.h.t.OperatorHelmChartContainer - Chart 'local-hivemq' installed or upgraded
2025-01-30 18:32:17,604 DEBUG com.hivemq.helmcharts.util.K8sUtil - State to compare Running and waiting for Updating
2025-01-30 18:32:17,811 INFO c.h.h.t.OperatorHelmChartContainer - [POD] svclb-hivemq-local-hivemq-mqtt-ba0b14ee-pj89z [2ecbf342-d018-4d6b-ba48-13cb727a58f2] in kube-system was MODIFIED
2025-01-30 18:32:17,913 DEBUG com.hivemq.helmcharts.util.K8sUtil - State to compare Running and waiting for Updating
2025-01-30 18:32:18,009 DEBUG com.hivemq.helmcharts.util.K8sUtil - State to compare Updating and waiting for Updating
2025-01-30 18:32:18,020 DEBUG com.hivemq.helmcharts.util.K8sUtil - State to compare Updating and waiting for Running
2025-01-30 18:32:18,182 INFO c.h.h.t.OperatorHelmChartContainer - [K3S] [replica_set.go:679] "Finished syncing" kind="ReplicaSet" key="default/local-hivemq-6f4d548d79" duration="51.066µs"
2025-01-30 18:32:18,198 INFO c.h.h.t.OperatorHelmChartContainer - [local-hivemq-hivemq-operator] [operator] [da8cf715] ?[36m18:32:18.197?[0;39m ?[1;30m[pool-3-thread-12]?[0;39m ?[34mINFO ?[0;39m ?[35mcom.hivemq.util.DeploymentUtil?[0;39m - Waiting for deployment local-hivemq to roll out...
2025-01-30 18:32:18,218 DEBUG com.hivemq.helmcharts.util.K8sUtil - State to compare Updating and waiting for Running
2025-01-30 18:32:18,276 DEBUG com.hivemq.helmcharts.util.K8sUtil - State to compare Updating and waiting for Running
2025-01-30 18:32:18,474 DEBUG com.hivemq.helmcharts.util.K8sUtil - State to compare Updating and waiting for Running
2025-01-30 18:32:18,515 DEBUG com.hivemq.helmcharts.util.K8sUtil - State to compare Updating and waiting for Running
2025-01-30 18:32:18,545 INFO c.h.h.t.OperatorHelmChartContainer - [K3S] [scope.go:117] "RemoveContainer" containerID="494576ceab135dca3fa82e501bbae7f99ce1fa8a5e2f869ffc03d45c74ef1c8c"
2025-01-30 18:32:18,549 INFO c.h.h.t.OperatorHelmChartContainer - [K3S] [scope.go:117] "RemoveContainer" containerID="494576ceab135dca3fa82e501bbae7f99ce1fa8a5e2f869ffc03d45c74ef1c8c"
2025-01-30 18:32:18,563 INFO c.h.h.t.OperatorHelmChartContainer - [POD] svclb-hivemq-local-hivemq-mqtt-ba0b14ee-pj89z [2ecbf342-d018-4d6b-ba48-13cb727a58f2] in kube-system was MODIFIED
2025-01-30 18:32:18,566 INFO c.h.h.t.OperatorHelmChartContainer - [POD] svclb-hivemq-local-hivemq-mqtt-ba0b14ee-pj89z [2ecbf342-d018-4d6b-ba48-13cb727a58f2] in kube-system was DELETED
2025-01-30 18:32:18,770 INFO c.h.h.t.OperatorHelmChartContainer - [local-hivemq-hivemq-operator] [operator] [da8cf715] ?[36m18:32:18.768?[0;39m ?[1;30m[pool-3-thread-12]?[0;39m ?[34mINFO ?[0;39m ?[35mcom.hivemq.Operator?[0;39m - State synchronization complete for cluster 'local-hivemq' in namespace 'default' in 1394ms
2025-01-30 18:32:18,771 DEBUG com.hivemq.helmcharts.util.K8sUtil - State to compare Running and waiting for Running
2025-01-30 18:32:18,779 INFO c.h.h.t.OperatorHelmChartContainer - Stopped log watcher for hivemq in pod local-hivemq-6f4d548d79-ks69c [730d921b-3bda-4255-aacf-529fd148f56b]
2025-01-30 18:32:18,780 INFO c.h.h.t.OperatorHelmChartContainer - Stopped log watcher for operator in pod local-hivemq-hivemq-operator-operator-6b564f6db4-pjzb2 [da8cf715-76e8-4ba1-ae32-13f874dbd43c]
2025-01-30 18:32:18,790 INFO c.h.h.t.OperatorHelmChartContainer - [K3S] [WARNING] signal received: \"terminated\", canceling context...
2025-01-30 18:32:18,791 INFO c.h.h.t.OperatorHelmChartContainer - [K3S] [secure_serving.go:258] Stopped listening on 127.0.0.1:10258
2025-01-30 18:32:18,791 INFO c.h.h.t.OperatorHelmChartContainer - [K3S] [network_policy_controller.go:190] Shutting down network policies full sync goroutine
2025-01-30 18:32:18,792 INFO c.h.h.t.OperatorHelmChartContainer - [K3S] [tlsconfig.go:258] "Shutting down DynamicServingCertificateController"
2025-01-30 18:32:18,792 INFO c.h.h.t.OperatorHelmChartContainer - [K3S] [INFO] Shutting down /v1, Kind=ServiceAccount workers
2025-01-30 18:32:18,792 INFO c.h.h.t.OperatorHelmChartContainer - [K3S] [INFO] Shutting down /v1, Kind=ConfigMap workers
2025-01-30 18:32:18,792 INFO c.h.h.t.OperatorHelmChartContainer - [K3S] [INFO] Shutting down /v1, Kind=Secret workers
2025-01-30 18:32:18,792 INFO c.h.h.t.OperatorHelmChartContainer - [K3S] [INFO] Shutting down batch/v1, Kind=Job workers
2025-01-30 18:32:18,792 INFO c.h.h.t.OperatorHelmChartContainer - [K3S] [INFO] Shutting down rbac.authorization.k8s.io/v1, Kind=ClusterRoleBinding workers
2025-01-30 18:32:18,792 INFO c.h.h.t.OperatorHelmChartContainer - [K3S] [INFO] Shutting down helm.cattle.io/v1, Kind=HelmChartConfig workers
2025-01-30 18:32:18,792 INFO c.h.h.t.OperatorHelmChartContainer - [K3S] [INFO] Shutting down helm.cattle.io/v1, Kind=HelmChart workers
2025-01-30 18:32:18,792 INFO c.h.h.t.OperatorHelmChartContainer - [K3S] [INFO] Shutting down /v1, Kind=Node workers
2025-01-30 18:32:18,792 INFO c.h.h.t.OperatorHelmChartContainer - [K3S] [INFO] Shutting down k3s.cattle.io/v1, Kind=Addon workers
2025-01-30 18:32:18,792 INFO c.h.h.t.OperatorHelmChartContainer - [K3S] [INFO] Proxy done" err="context canceled" url="wss://172.17.0.3:6443/v1-k3s/connect
2025-01-30 18:32:18,792 INFO c.h.h.t.OperatorHelmChartContainer - [K3S] [health_controller.go:224] Shutting down HealthController RunCheck
2025-01-30 18:32:18,793 INFO c.h.h.t.OperatorHelmChartContainer - [K3S] [controller.go:133] Shutting down kubernetes service endpoint reconciler
2025-01-30 18:32:18,793 INFO c.h.h.t.OperatorHelmChartContainer - [K3S] [configmap_cafile_content.go:226] "Shutting down controller" name="client-ca::kube-system::extension-apiserver-authentication::client-ca-file"
2025-01-30 18:32:18,793 INFO c.h.h.t.OperatorHelmChartContainer - [K3S] [requestheader_controller.go:194] Shutting down RequestHeaderAuthRequestController
2025-01-30 18:32:18,793 INFO c.h.h.t.OperatorHelmChartContainer - [K3S] [configmap_cafile_content.go:226] "Shutting down controller" name="client-ca::kube-system::extension-apiserver-authentication::requestheader-client-ca-file"
2025-01-30 18:32:18,793 INFO c.h.h.t.OperatorHelmChartContainer - [K3S] [network_policy_controller.go:205] Shutting down network policies controller
2025-01-30 18:32:18,915 INFO c.h.h.t.OperatorHelmChartContainer - [K3S] 
2025-01-30 18:32:18,915 INFO c.h.h.t.OperatorHelmChartContainer - [K3S] 
]]></system-out>
  </testcase>
  <system-out><![CDATA[2025-01-30 18:30:11,101 INFO o.t.i.builder.ImageFromDockerfile - Pre-emptively checking local images for 'ubuntu:noble-20241118.1@sha256:80dd3c3b9c6cecb9f1667e9290b3bc61b78c2678c02cbdae5f0fea92cc6734ab', referenced via a Dockerfile. If not available, it will be pulled.
2025-01-30 18:30:11,101 INFO o.t.i.builder.ImageFromDockerfile - Pre-emptively checking local images for 'rancher/k3s:v1.32.1-k3s1', referenced via a Dockerfile. If not available, it will be pulled.
2025-01-30 18:30:11,104 INFO o.t.i.builder.ImageFromDockerfile - Transferred 0 bytes to Docker daemon
]]></system-out>
  <system-err><![CDATA[]]></system-err>
</testsuite>
