<?xml version="1.0" encoding="UTF-8"?>
<testsuite name="com.hivemq.helmcharts.serviceaccount.HelmCustomServiceAccountCreateMissingPermissionsIT" tests="1" skipped="0" failures="0" errors="0" timestamp="2025-06-18T15:08:47" hostname="fv-az1624-254" time="83.957">
  <properties/>
  <testcase name="platformCharts_withNonExistingPermissionsThenCreate_hivemqRunning()" classname="com.hivemq.helmcharts.serviceaccount.HelmCustomServiceAccountCreateMissingPermissionsIT" time="83.957"/>
</testsuite>
