<?xml version="1.0" encoding="UTF-8"?>
<testsuite name="com.hivemq.helmcharts.CompatibilityHelmChartDeploymentIT" tests="1" skipped="0" failures="0" errors="0" timestamp="2025-01-30T18:27:32" hostname="fv-az1047-845" time="158.883">
  <properties/>
  <testcase name="withHelmLocalVersionDeployment_mqttMessagePublishedReceived()" classname="com.hivemq.helmcharts.CompatibilityHelmChartDeploymentIT" time="158.883">
    <system-out><![CDATA[2025-01-30 18:27:32,409 INFO o.testcontainers.DockerClientFactory - Testcontainers version: 1.20.4
2025-01-30 18:27:32,880 INFO o.t.d.DockerClientProviderStrategy - Found Docker environment with local Unix socket (unix:///var/run/docker.sock)
2025-01-30 18:27:32,890 INFO o.testcontainers.DockerClientFactory - Docker host IP address is localhost
2025-01-30 18:27:32,909 INFO o.testcontainers.DockerClientFactory - Connected to docker: 
  Server Version: 26.1.3
  API Version: 1.45
  Operating System: Ubuntu 24.04.1 LTS
  Total Memory: 15990 MB
2025-01-30 18:27:32,916 INFO o.testcontainers.images.PullPolicy - Image pull policy will be performed by: DefaultPullPolicy()
2025-01-30 18:27:32,918 INFO o.t.utility.ImageNameSubstitutor - Image name substitution will be performed by: DefaultImageNameSubstitutor (composite of 'ConfigurationFileImageNameSubstitutor' and 'PrefixingImageNameSubstitutor')
2025-01-30 18:27:32,946 INFO tc.testcontainers/ryuk:0.11.0 - Pulling docker image: testcontainers/ryuk:0.11.0. Please be patient; this may take some time but only needs to be done once.
2025-01-30 18:27:34,281 INFO tc.testcontainers/ryuk:0.11.0 - Starting to pull image
2025-01-30 18:27:34,295 INFO tc.testcontainers/ryuk:0.11.0 - Pulling image layers:  0 pending,  0 downloaded,  0 extracted, (0 bytes/0 bytes)
2025-01-30 18:27:34,837 INFO tc.testcontainers/ryuk:0.11.0 - Pulling image layers:  2 pending,  1 downloaded,  0 extracted, (45 KB/? MB)
2025-01-30 18:27:34,845 INFO tc.testcontainers/ryuk:0.11.0 - Pulling image layers:  1 pending,  2 downloaded,  0 extracted, (45 KB/? MB)
2025-01-30 18:27:34,925 INFO tc.testcontainers/ryuk:0.11.0 - Pulling image layers:  0 pending,  3 downloaded,  0 extracted, (3 MB/10 MB)
2025-01-30 18:27:34,954 INFO tc.testcontainers/ryuk:0.11.0 - Pulling image layers:  0 pending,  3 downloaded,  1 extracted, (3 MB/10 MB)
2025-01-30 18:27:35,074 INFO tc.testcontainers/ryuk:0.11.0 - Pulling image layers:  0 pending,  3 downloaded,  2 extracted, (4 MB/10 MB)
2025-01-30 18:27:35,118 INFO tc.testcontainers/ryuk:0.11.0 - Pulling image layers:  0 pending,  3 downloaded,  3 extracted, (10 MB/10 MB)
2025-01-30 18:27:35,125 INFO tc.testcontainers/ryuk:0.11.0 - Image testcontainers/ryuk:0.11.0 pull took PT2.178082495S
2025-01-30 18:27:35,152 INFO tc.testcontainers/ryuk:0.11.0 - Creating container for image: testcontainers/ryuk:0.11.0
2025-01-30 18:27:35,222 INFO tc.testcontainers/ryuk:0.11.0 - Container testcontainers/ryuk:0.11.0 is starting: ab65d105ff1a7a8c30d4fe58d4f62b04d7c10260381f4b5c6b649f73aecbd25d
2025-01-30 18:27:35,497 INFO tc.testcontainers/ryuk:0.11.0 - Container testcontainers/ryuk:0.11.0 started in PT0.345279316S
2025-01-30 18:27:35,501 INFO o.t.utility.RyukResourceReaper - Ryuk started - will monitor and terminate Testcontainers containers on JVM exit
2025-01-30 18:27:35,502 INFO o.testcontainers.DockerClientFactory - Checking the system...
2025-01-30 18:27:35,502 INFO o.testcontainers.DockerClientFactory - ✔︎ Docker server version should be at least 1.6.0
2025-01-30 18:27:35,526 INFO o.t.i.builder.ImageFromDockerfile - Pre-emptively checking local images for 'ubuntu:noble-20241118.1@sha256:80dd3c3b9c6cecb9f1667e9290b3bc61b78c2678c02cbdae5f0fea92cc6734ab', referenced via a Dockerfile. If not available, it will be pulled.
2025-01-30 18:27:35,529 INFO t.u.1@sha256:80dd3c... - Pulling docker image: ubuntu:noble-20241118.1@sha256:80dd3c3b9c6cecb9f1667e9290b3bc61b78c2678c02cbdae5f0fea92cc6734ab. Please be patient; this may take some time but only needs to be done once.
2025-01-30 18:27:36,266 INFO t.u.1@sha256:80dd3c... - Starting to pull image
2025-01-30 18:27:36,267 INFO t.u.1@sha256:80dd3c... - Pulling image layers:  0 pending,  0 downloaded,  0 extracted, (0 bytes/0 bytes)
2025-01-30 18:27:37,137 INFO t.u.1@sha256:80dd3c... - Pulling image layers:  0 pending,  1 downloaded,  0 extracted, (26 MB/28 MB)
2025-01-30 18:27:38,202 INFO t.u.1@sha256:80dd3c... - Pulling image layers:  0 pending,  1 downloaded,  1 extracted, (28 MB/28 MB)
2025-01-30 18:27:38,215 INFO t.u.1@sha256:80dd3c... - Pull complete. 1 layers, pulled in 1s (downloaded 28 MB at 28 MB/s)
2025-01-30 18:27:38,215 INFO t.u.1@sha256:80dd3c... - Image ubuntu:noble-20241118.1@sha256:80dd3c3b9c6cecb9f1667e9290b3bc61b78c2678c02cbdae5f0fea92cc6734ab pull took PT2.685602594S
2025-01-30 18:27:38,218 INFO o.t.i.builder.ImageFromDockerfile - Pre-emptively checking local images for 'rancher/k3s:v1.32.1-k3s1', referenced via a Dockerfile. If not available, it will be pulled.
2025-01-30 18:27:38,220 INFO tc.rancher/k3s:v1.32.1-k3s1 - Pulling docker image: rancher/k3s:v1.32.1-k3s1. Please be patient; this may take some time but only needs to be done once.
2025-01-30 18:27:39,230 INFO tc.rancher/k3s:v1.32.1-k3s1 - Starting to pull image
2025-01-30 18:27:39,231 INFO tc.rancher/k3s:v1.32.1-k3s1 - Pulling image layers:  0 pending,  0 downloaded,  0 extracted, (0 bytes/0 bytes)
2025-01-30 18:27:40,349 INFO tc.rancher/k3s:v1.32.1-k3s1 - Pulling image layers:  0 pending,  1 downloaded,  0 extracted, (64 MB/71 MB)
2025-01-30 18:27:41,397 INFO tc.rancher/k3s:v1.32.1-k3s1 - Pulling image layers:  0 pending,  1 downloaded,  1 extracted, (71 MB/71 MB)
2025-01-30 18:27:41,404 INFO tc.rancher/k3s:v1.32.1-k3s1 - Image rancher/k3s:v1.32.1-k3s1 pull took PT3.183919498S
2025-01-30 18:27:41,404 INFO tc.rancher/k3s:v1.32.1-k3s1 - Pull complete. 1 layers, pulled in 2s (downloaded 71 MB at 35 MB/s)
2025-01-30 18:27:41,410 INFO o.t.i.builder.ImageFromDockerfile - Transferred 0 bytes to Docker daemon
2025-01-30 18:27:58,017 INFO t.localhost/testcontainers/hikgz7kjpskzyrmk:latest - Creating container for image: localhost/testcontainers/hikgz7kjpskzyrmk:latest
2025-01-30 18:27:58,020 INFO tc.alpine:3.17 - Pulling docker image: alpine:3.17. Please be patient; this may take some time but only needs to be done once.
2025-01-30 18:27:59,051 INFO tc.alpine:3.17 - Starting to pull image
2025-01-30 18:27:59,051 INFO tc.alpine:3.17 - Pulling image layers:  0 pending,  0 downloaded,  0 extracted, (0 bytes/0 bytes)
2025-01-30 18:27:59,619 INFO tc.alpine:3.17 - Pulling image layers:  0 pending,  1 downloaded,  0 extracted, (33 KB/3 MB)
2025-01-30 18:27:59,718 INFO tc.alpine:3.17 - Pulling image layers:  0 pending,  1 downloaded,  1 extracted, (3 MB/3 MB)
2025-01-30 18:27:59,725 INFO tc.alpine:3.17 - Image alpine:3.17 pull took PT1.704441899S
2025-01-30 18:28:00,119 INFO t.localhost/testcontainers/hikgz7kjpskzyrmk:latest - Container localhost/testcontainers/hikgz7kjpskzyrmk:latest is starting: 2b841d1100f511c5bcf08c9c0e104c1fbfe08c7680da8657162fe2e5835d94aa
2025-01-30 18:28:00,508 INFO c.h.h.t.OperatorHelmChartContainer - [K3S] [INFO] Starting k3s v1.32.1+k3s1 (6a322f12)
2025-01-30 18:28:00,511 INFO c.h.h.t.OperatorHelmChartContainer - [K3S] [INFO] Configuring sqlite3 database connection pooling: maxIdleConns=2, maxOpenConns=0, connMaxLifetime=0s
2025-01-30 18:28:00,511 INFO c.h.h.t.OperatorHelmChartContainer - [K3S] [INFO] Configuring database table schema and indexes, this may take a moment...
2025-01-30 18:28:00,514 INFO c.h.h.t.OperatorHelmChartContainer - [K3S] [INFO] Database tables and indexes are up to date
2025-01-30 18:28:00,517 INFO c.h.h.t.OperatorHelmChartContainer - [K3S] [INFO] Kine available at unix://kine.sock
2025-01-30 18:28:00,792 INFO c.h.h.t.OperatorHelmChartContainer - [K3S] [INFO] Saving cluster bootstrap data to datastore
2025-01-30 18:28:00,793 INFO c.h.h.t.OperatorHelmChartContainer - [K3S] [WARNING] dynamiclistener [::]:6443: no cached certificate available for preload - deferring certificate load until storage initialization or first client request
2025-01-30 18:28:00,794 INFO c.h.h.t.OperatorHelmChartContainer - [K3S] [INFO] Active TLS secret / (ver=) (count 10): map[listener.cattle.io/cn-10.43.0.1:10.43.0.1 listener.cattle.io/cn-127.0.0.1:127.0.0.1 listener.cattle.io/cn-172.17.0.3:172.17.0.3 listener.cattle.io/cn-2b841d1100f5:2b841d1100f5 listener.cattle.io/cn-__1-f16284:::1 listener.cattle.io/cn-kubernetes:kubernetes listener.cattle.io/cn-kubernetes.default:kubernetes.default listener.cattle.io/cn-kubernetes.default.svc:kubernetes.default.svc listener.cattle.io/cn-kubernetes.default.svc.cluster.local:kubernetes.default.svc.cluster.local listener.cattle.io/cn-localhost:localhost listener.cattle.io/fingerprint:SHA1=FDB2085CDFA63FD9400E00DC55B702FD2E19AED1]
2025-01-30 18:28:00,962 INFO c.h.h.t.OperatorHelmChartContainer - [K3S] [INFO] Running kube-apiserver --advertise-port=6443 --allow-privileged=true --anonymous-auth=false --api-audiences=https://kubernetes.default.svc.cluster.local,k3s --authorization-mode=Node,RBAC --bind-address=127.0.0.1 --cert-dir=/var/lib/rancher/k3s/server/tls/temporary-certs --client-ca-file=/var/lib/rancher/k3s/server/tls/client-ca.crt --egress-selector-config-file=/var/lib/rancher/k3s/server/etc/egress-selector-config.yaml --enable-admission-plugins=NodeRestriction --enable-aggregator-routing=true --enable-bootstrap-token-auth=true --etcd-servers=unix://kine.sock --kubelet-certificate-authority=/var/lib/rancher/k3s/server/tls/server-ca.crt --kubelet-client-certificate=/var/lib/rancher/k3s/server/tls/client-kube-apiserver.crt --kubelet-client-key=/var/lib/rancher/k3s/server/tls/client-kube-apiserver.key --kubelet-preferred-address-types=InternalIP,ExternalIP,Hostname --profiling=false --proxy-client-cert-file=/var/lib/rancher/k3s/server/tls/client-auth-proxy.crt --proxy-client-key-file=/var/lib/rancher/k3s/server/tls/client-auth-proxy.key --requestheader-allowed-names=system:auth-proxy --requestheader-client-ca-file=/var/lib/rancher/k3s/server/tls/request-header-ca.crt --requestheader-extra-headers-prefix=X-Remote-Extra- --requestheader-group-headers=X-Remote-Group --requestheader-username-headers=X-Remote-User --secure-port=6444 --service-account-issuer=https://kubernetes.default.svc.cluster.local --service-account-key-file=/var/lib/rancher/k3s/server/tls/service.key --service-account-signing-key-file=/var/lib/rancher/k3s/server/tls/service.current.key --service-cluster-ip-range=10.43.0.0/16 --service-node-port-range=30000-32767 --storage-backend=etcd3 --tls-cert-file=/var/lib/rancher/k3s/server/tls/serving-kube-apiserver.crt --tls-cipher-suites=TLS_ECDHE_ECDSA_WITH_AES_256_GCM_SHA384,TLS_ECDHE_RSA_WITH_AES_256_GCM_SHA384,TLS_ECDHE_ECDSA_WITH_AES_128_GCM_SHA256,TLS_ECDHE_RSA_WITH_AES_128_GCM_SHA256,TLS_ECDHE_ECDSA_WITH_CHACHA20_POLY1305,TLS_ECDHE_RSA_WITH_CHACHA20_POLY1305 --tls-private-key-file=/var/lib/rancher/k3s/server/tls/serving-kube-apiserver.key
2025-01-30 18:28:00,964 INFO c.h.h.t.OperatorHelmChartContainer - [K3S] [INFO] Running kube-scheduler --authentication-kubeconfig=/var/lib/rancher/k3s/server/cred/scheduler.kubeconfig --authorization-kubeconfig=/var/lib/rancher/k3s/server/cred/scheduler.kubeconfig --bind-address=127.0.0.1 --kubeconfig=/var/lib/rancher/k3s/server/cred/scheduler.kubeconfig --leader-elect=false --profiling=false --secure-port=10259
2025-01-30 18:28:00,964 INFO c.h.h.t.OperatorHelmChartContainer - [K3S] [INFO] Waiting for API server to become available
2025-01-30 18:28:00,964 INFO c.h.h.t.OperatorHelmChartContainer - [K3S] [registry.go:256] calling componentGlobalsRegistry.AddFlags more than once, the registry will be set by the latest flags
2025-01-30 18:28:00,965 INFO c.h.h.t.OperatorHelmChartContainer - [K3S] [INFO] Running kube-controller-manager --allocate-node-cidrs=true --authentication-kubeconfig=/var/lib/rancher/k3s/server/cred/controller.kubeconfig --authorization-kubeconfig=/var/lib/rancher/k3s/server/cred/controller.kubeconfig --bind-address=127.0.0.1 --cluster-cidr=10.42.0.0/16 --cluster-signing-kube-apiserver-client-cert-file=/var/lib/rancher/k3s/server/tls/client-ca.nochain.crt --cluster-signing-kube-apiserver-client-key-file=/var/lib/rancher/k3s/server/tls/client-ca.key --cluster-signing-kubelet-client-cert-file=/var/lib/rancher/k3s/server/tls/client-ca.nochain.crt --cluster-signing-kubelet-client-key-file=/var/lib/rancher/k3s/server/tls/client-ca.key --cluster-signing-kubelet-serving-cert-file=/var/lib/rancher/k3s/server/tls/server-ca.nochain.crt --cluster-signing-kubelet-serving-key-file=/var/lib/rancher/k3s/server/tls/server-ca.key --cluster-signing-legacy-unknown-cert-file=/var/lib/rancher/k3s/server/tls/server-ca.nochain.crt --cluster-signing-legacy-unknown-key-file=/var/lib/rancher/k3s/server/tls/server-ca.key --configure-cloud-routes=false --controllers=*,tokencleaner,-service,-route,-cloud-node-lifecycle --kubeconfig=/var/lib/rancher/k3s/server/cred/controller.kubeconfig --leader-elect=false --profiling=false --root-ca-file=/var/lib/rancher/k3s/server/tls/server-ca.crt --secure-port=10257 --service-account-private-key-file=/var/lib/rancher/k3s/server/tls/service.current.key --service-cluster-ip-range=10.43.0.0/16 --use-service-account-credentials=true
2025-01-30 18:28:00,966 INFO c.h.h.t.OperatorHelmChartContainer - [K3S] [options.go:299] unable to set WatchListClient feature gate, err: cannot override default for feature "WatchListClient": gates already added to a flag set
2025-01-30 18:28:00,966 INFO c.h.h.t.OperatorHelmChartContainer - [K3S] [registry.go:256] calling componentGlobalsRegistry.AddFlags more than once, the registry will be set by the latest flags
2025-01-30 18:28:00,966 INFO c.h.h.t.OperatorHelmChartContainer - [K3S] [INFO] Running cloud-controller-manager --allocate-node-cidrs=true --authentication-kubeconfig=/var/lib/rancher/k3s/server/cred/cloud-controller.kubeconfig --authorization-kubeconfig=/var/lib/rancher/k3s/server/cred/cloud-controller.kubeconfig --bind-address=127.0.0.1 --cloud-config=/var/lib/rancher/k3s/server/etc/cloud-config.yaml --cloud-provider=k3s --cluster-cidr=10.42.0.0/16 --configure-cloud-routes=false --controllers=*,-route --kubeconfig=/var/lib/rancher/k3s/server/cred/cloud-controller.kubeconfig --leader-elect=false --leader-elect-resource-name=k3s-cloud-controller-manager --node-status-update-frequency=1m0s --profiling=false
2025-01-30 18:28:00,967 INFO c.h.h.t.OperatorHelmChartContainer - [K3S] [registry.go:256] calling componentGlobalsRegistry.AddFlags more than once, the registry will be set by the latest flags
2025-01-30 18:28:00,967 INFO c.h.h.t.OperatorHelmChartContainer - [K3S] [options.go:238] external host was not specified, using 172.17.0.3
2025-01-30 18:28:00,967 INFO c.h.h.t.OperatorHelmChartContainer - [K3S] [INFO] Server node token is available at /var/lib/rancher/k3s/server/token
2025-01-30 18:28:00,967 INFO c.h.h.t.OperatorHelmChartContainer - [K3S] [INFO] To join server node to cluster: k3s server -s https://172.17.0.3:6443 -t ${SERVER_NODE_TOKEN}
2025-01-30 18:28:00,967 INFO c.h.h.t.OperatorHelmChartContainer - [K3S] [INFO] Agent node token is available at /var/lib/rancher/k3s/server/agent-token
2025-01-30 18:28:00,967 INFO c.h.h.t.OperatorHelmChartContainer - [K3S] [server.go:151] Version: v1.32.1+k3s1
2025-01-30 18:28:00,967 INFO c.h.h.t.OperatorHelmChartContainer - [K3S] [server.go:153] "Golang settings" GOGC="" GOMAXPROCS="" GOTRACEBACK=""
2025-01-30 18:28:00,970 INFO c.h.h.t.OperatorHelmChartContainer - [K3S] [INFO] To join agent node to cluster: k3s agent -s https://172.17.0.3:6443 -t ${AGENT_NODE_TOKEN}
2025-01-30 18:28:00,971 INFO c.h.h.t.OperatorHelmChartContainer - [K3S] [INFO] Wrote kubeconfig /etc/rancher/k3s/k3s.yaml
2025-01-30 18:28:00,971 INFO c.h.h.t.OperatorHelmChartContainer - [K3S] [INFO] Run: k3s kubectl
2025-01-30 18:28:01,407 INFO c.h.h.t.OperatorHelmChartContainer - [K3S] [plugins.go:157] Loaded 13 mutating admission controller(s) successfully in the following order: NamespaceLifecycle,LimitRanger,ServiceAccount,NodeRestriction,TaintNodesByCondition,Priority,DefaultTolerationSeconds,DefaultStorageClass,StorageObjectInUseProtection,RuntimeClass,DefaultIngressClass,MutatingAdmissionPolicy,MutatingAdmissionWebhook.
2025-01-30 18:28:01,408 INFO c.h.h.t.OperatorHelmChartContainer - [K3S] [plugins.go:160] Loaded 13 validating admission controller(s) successfully in the following order: LimitRanger,ServiceAccount,PodSecurity,Priority,PersistentVolumeClaimResize,RuntimeClass,CertificateApproval,CertificateSigning,ClusterTrustBundleAttest,CertificateSubjectRestriction,ValidatingAdmissionPolicy,ValidatingAdmissionWebhook,ResourceQuota.
2025-01-30 18:28:01,408 INFO c.h.h.t.OperatorHelmChartContainer - [K3S] [instance.go:233] Using reconciler: lease
2025-01-30 18:28:01,483 INFO c.h.h.t.OperatorHelmChartContainer - [K3S] [apis.go:106] API group "internal.apiserver.k8s.io" is not enabled, skipping.
2025-01-30 18:28:01,527 INFO c.h.h.t.OperatorHelmChartContainer - [K3S] [apis.go:106] API group "storagemigration.k8s.io" is not enabled, skipping.
2025-01-30 18:28:01,555 INFO c.h.h.t.OperatorHelmChartContainer - [K3S] [apis.go:106] API group "resource.k8s.io" is not enabled, skipping.
2025-01-30 18:28:01,575 INFO c.h.h.t.OperatorHelmChartContainer - [K3S] [INFO] Password verified locally for node 2b841d1100f5
2025-01-30 18:28:01,891 INFO c.h.h.t.OperatorHelmChartContainer - [K3S] [dynamic_cafile_content.go:161] "Starting controller" name="request-header::/var/lib/rancher/k3s/server/tls/request-header-ca.crt"
2025-01-30 18:28:01,892 INFO c.h.h.t.OperatorHelmChartContainer - [K3S] [dynamic_cafile_content.go:161] "Starting controller" name="client-ca-bundle::/var/lib/rancher/k3s/server/tls/client-ca.crt"
2025-01-30 18:28:01,893 INFO c.h.h.t.OperatorHelmChartContainer - [K3S] [secure_serving.go:213] Serving securely on 127.0.0.1:6444
2025-01-30 18:28:01,893 INFO c.h.h.t.OperatorHelmChartContainer - [K3S] [dynamic_serving_content.go:135] "Starting controller" name="serving-cert::/var/lib/rancher/k3s/server/tls/serving-kube-apiserver.crt::/var/lib/rancher/k3s/server/tls/serving-kube-apiserver.key"
2025-01-30 18:28:01,893 INFO c.h.h.t.OperatorHelmChartContainer - [K3S] [tlsconfig.go:243] "Starting DynamicServingCertificateController"
2025-01-30 18:28:01,893 INFO c.h.h.t.OperatorHelmChartContainer - [K3S] [local_available_controller.go:156] Starting LocalAvailability controller
2025-01-30 18:28:01,893 INFO c.h.h.t.OperatorHelmChartContainer - [K3S] [controller.go:80] Starting OpenAPI V3 AggregationController
2025-01-30 18:28:01,893 INFO c.h.h.t.OperatorHelmChartContainer - [K3S] [apf_controller.go:377] Starting API Priority and Fairness config controller
2025-01-30 18:28:01,893 INFO c.h.h.t.OperatorHelmChartContainer - [K3S] [controller.go:78] Starting OpenAPI AggregationController
2025-01-30 18:28:01,895 INFO c.h.h.t.OperatorHelmChartContainer - [K3S] [controller.go:119] Starting legacy_token_tracking_controller
2025-01-30 18:28:01,895 INFO c.h.h.t.OperatorHelmChartContainer - [K3S] [system_namespaces_controller.go:66] Starting system namespaces controller
2025-01-30 18:28:01,895 INFO c.h.h.t.OperatorHelmChartContainer - [K3S] [gc_controller.go:78] Starting apiserver lease garbage collector
2025-01-30 18:28:01,896 INFO c.h.h.t.OperatorHelmChartContainer - [K3S] [dynamic_cafile_content.go:161] "Starting controller" name="client-ca-bundle::/var/lib/rancher/k3s/server/tls/client-ca.crt"
2025-01-30 18:28:01,896 INFO c.h.h.t.OperatorHelmChartContainer - [K3S] [cluster_authentication_trust_controller.go:462] Starting cluster_authentication_trust_controller controller
2025-01-30 18:28:01,897 INFO c.h.h.t.OperatorHelmChartContainer - [K3S] [dynamic_cafile_content.go:161] "Starting controller" name="request-header::/var/lib/rancher/k3s/server/tls/request-header-ca.crt"
2025-01-30 18:28:01,897 INFO c.h.h.t.OperatorHelmChartContainer - [K3S] [aggregator.go:169] waiting for initial CRD sync...
2025-01-30 18:28:01,898 INFO c.h.h.t.OperatorHelmChartContainer - [K3S] [apiservice_controller.go:100] Starting APIServiceRegistrationController
2025-01-30 18:28:01,898 INFO c.h.h.t.OperatorHelmChartContainer - [K3S] [dynamic_serving_content.go:135] "Starting controller" name="aggregator-proxy-cert::/var/lib/rancher/k3s/server/tls/client-auth-proxy.crt::/var/lib/rancher/k3s/server/tls/client-auth-proxy.key"
2025-01-30 18:28:01,900 INFO c.h.h.t.OperatorHelmChartContainer - [K3S] [crdregistration_controller.go:114] Starting crd-autoregister controller
2025-01-30 18:28:01,901 INFO c.h.h.t.OperatorHelmChartContainer - [K3S] [remote_available_controller.go:411] Starting RemoteAvailability controller
2025-01-30 18:28:01,901 INFO c.h.h.t.OperatorHelmChartContainer - [K3S] [controller.go:142] Starting OpenAPI controller
2025-01-30 18:28:01,901 INFO c.h.h.t.OperatorHelmChartContainer - [K3S] [controller.go:90] Starting OpenAPI V3 controller
2025-01-30 18:28:01,901 INFO c.h.h.t.OperatorHelmChartContainer - [K3S] [naming_controller.go:294] Starting NamingConditionController
2025-01-30 18:28:01,901 INFO c.h.h.t.OperatorHelmChartContainer - [K3S] [establishing_controller.go:81] Starting EstablishingController
2025-01-30 18:28:01,901 INFO c.h.h.t.OperatorHelmChartContainer - [K3S] [nonstructuralschema_controller.go:195] Starting NonStructuralSchemaConditionController
2025-01-30 18:28:01,901 INFO c.h.h.t.OperatorHelmChartContainer - [K3S] [apiapproval_controller.go:189] Starting KubernetesAPIApprovalPolicyConformantConditionController
2025-01-30 18:28:01,901 INFO c.h.h.t.OperatorHelmChartContainer - [K3S] [crd_finalizer.go:269] Starting CRDFinalizer
2025-01-30 18:28:01,901 INFO c.h.h.t.OperatorHelmChartContainer - [K3S] [customresource_discovery_controller.go:292] Starting DiscoveryController
2025-01-30 18:28:01,993 INFO c.h.h.t.OperatorHelmChartContainer - [K3S] [apf_controller.go:382] Running API Priority and Fairness config worker
2025-01-30 18:28:01,994 INFO c.h.h.t.OperatorHelmChartContainer - [K3S] [apf_controller.go:385] Running API Priority and Fairness periodic rebalancing process
2025-01-30 18:28:01,999 INFO c.h.h.t.OperatorHelmChartContainer - [K3S] [handler_discovery.go:451] Starting ResourceDiscoveryManager
2025-01-30 18:28:02,000 INFO c.h.h.t.OperatorHelmChartContainer - [K3S] [aggregator.go:171] initial CRD sync complete...
2025-01-30 18:28:02,001 INFO c.h.h.t.OperatorHelmChartContainer - [K3S] [autoregister_controller.go:144] Starting autoregister controller
2025-01-30 18:28:02,001 INFO c.h.h.t.OperatorHelmChartContainer - [K3S] [policy_source.go:240] refreshing policies
2025-01-30 18:28:02,020 INFO c.h.h.t.OperatorHelmChartContainer - [K3S] [controller.go:145] "Failed to ensure lease exists, will retry" err="namespaces \"kube-system\" not found" interval="200ms"
2025-01-30 18:28:02,047 INFO c.h.h.t.OperatorHelmChartContainer - [K3S] [controller.go:95] Unable to perform initial Kubernetes service initialization: namespaces "default" not found
2025-01-30 18:28:02,049 INFO c.h.h.t.OperatorHelmChartContainer - [K3S] [controller.go:148] "Unhandled Error" err="while syncing ConfigMap \"kube-system/kube-apiserver-legacy-service-account-token-tracking\", err: namespaces \"kube-system\" not found" logger="UnhandledError"
2025-01-30 18:28:02,176 INFO c.h.h.t.OperatorHelmChartContainer - [K3S] [INFO] Module overlay was already loaded
2025-01-30 18:28:02,176 INFO c.h.h.t.OperatorHelmChartContainer - [K3S] [INFO] Module nf_conntrack was already loaded
2025-01-30 18:28:02,177 INFO c.h.h.t.OperatorHelmChartContainer - [K3S] [INFO] Module br_netfilter was already loaded
2025-01-30 18:28:02,181 INFO c.h.h.t.OperatorHelmChartContainer - [K3S] [INFO] Set sysctl 'net/netfilter/nf_conntrack_max' to 131072
2025-01-30 18:28:02,181 INFO c.h.h.t.OperatorHelmChartContainer - [K3S] [INFO] Set sysctl 'net/netfilter/nf_conntrack_tcp_timeout_established' to 86400
2025-01-30 18:28:02,181 INFO c.h.h.t.OperatorHelmChartContainer - [K3S] [INFO] Set sysctl 'net/netfilter/nf_conntrack_tcp_timeout_close_wait' to 3600
2025-01-30 18:28:02,183 INFO c.h.h.t.OperatorHelmChartContainer - [K3S] [INFO] Logging containerd to /var/lib/rancher/k3s/agent/containerd/containerd.log
2025-01-30 18:28:02,183 INFO c.h.h.t.OperatorHelmChartContainer - [K3S] [INFO] Running containerd -c /var/lib/rancher/k3s/agent/etc/containerd/config.toml -a /run/k3s/containerd/containerd.sock --state /run/k3s/containerd --root /var/lib/rancher/k3s/agent/containerd
2025-01-30 18:28:02,897 INFO c.h.h.t.OperatorHelmChartContainer - [K3S] [storage_scheduling.go:95] created PriorityClass system-node-critical with value 2000001000
2025-01-30 18:28:02,900 INFO c.h.h.t.OperatorHelmChartContainer - [K3S] [storage_scheduling.go:95] created PriorityClass system-cluster-critical with value 2000000000
2025-01-30 18:28:02,900 INFO c.h.h.t.OperatorHelmChartContainer - [K3S] [storage_scheduling.go:111] all system priority classes are created successfully or already exist.
2025-01-30 18:28:03,187 INFO c.h.h.t.OperatorHelmChartContainer - [K3S] [INFO] containerd is now running
2025-01-30 18:28:03,193 INFO c.h.h.t.OperatorHelmChartContainer - [K3S] [INFO] Creating k3s-cert-monitor event broadcaster
2025-01-30 18:28:03,194 INFO c.h.h.t.OperatorHelmChartContainer - [K3S] [INFO] Connecting to proxy" url="wss://127.0.0.1:6443/v1-k3s/connect
2025-01-30 18:28:03,197 INFO c.h.h.t.OperatorHelmChartContainer - [K3S] [INFO] Handling backend connection request [2b841d1100f5]
2025-01-30 18:28:03,198 INFO c.h.h.t.OperatorHelmChartContainer - [K3S] [INFO] Remotedialer connected to proxy" url="wss://127.0.0.1:6443/v1-k3s/connect
2025-01-30 18:28:03,198 INFO c.h.h.t.OperatorHelmChartContainer - [K3S] [INFO] Running kubelet --cloud-provider=external --config-dir=/var/lib/rancher/k3s/agent/etc/kubelet.conf.d --containerd=/run/k3s/containerd/containerd.sock --hostname-override=2b841d1100f5 --kubeconfig=/var/lib/rancher/k3s/agent/kubelet.kubeconfig --node-ip=172.17.0.3 --node-labels=
2025-01-30 18:28:03,315 INFO c.h.h.t.OperatorHelmChartContainer - [K3S] [ERROR] Sending HTTP/1.1 503 response to 127.0.0.1:53762: runtime core not ready
2025-01-30 18:28:03,354 INFO c.h.h.t.OperatorHelmChartContainer - [K3S] [alloc.go:330] "allocated clusterIPs" service="default/kubernetes" clusterIPs={"IPv4":"10.43.0.1"}
2025-01-30 18:28:03,359 INFO c.h.h.t.OperatorHelmChartContainer - [K3S] [lease.go:265] Resetting endpoints for master service "kubernetes" to [172.17.0.3]
2025-01-30 18:28:03,399 INFO c.h.h.t.OperatorHelmChartContainer - [K3S] [INFO] Running kube-proxy --cluster-cidr=10.42.0.0/16 --conntrack-max-per-core=0 --conntrack-tcp-timeout-close-wait=0s --conntrack-tcp-timeout-established=0s --healthz-bind-address=127.0.0.1 --hostname-override=2b841d1100f5 --kubeconfig=/var/lib/rancher/k3s/agent/kubeproxy.kubeconfig --proxy-mode=iptables
2025-01-30 18:28:03,438 INFO c.h.h.t.OperatorHelmChartContainer - [K3S] [server.go:687] "Failed to retrieve node info" err="nodes \"2b841d1100f5\" not found"
2025-01-30 18:28:03,967 INFO c.h.h.t.OperatorHelmChartContainer - [K3S] [INFO] Waiting for untainted node
2025-01-30 18:28:03,969 INFO c.h.h.t.OperatorHelmChartContainer - [K3S] [INFO] Waiting for cloud-controller-manager privileges to become available
2025-01-30 18:28:03,969 INFO c.h.h.t.OperatorHelmChartContainer - [K3S] [INFO] Kube API server is now running
2025-01-30 18:28:03,969 INFO c.h.h.t.OperatorHelmChartContainer - [K3S] [INFO] ETCD server is now running
2025-01-30 18:28:03,969 INFO c.h.h.t.OperatorHelmChartContainer - [K3S] [INFO] k3s is up and running
2025-01-30 18:28:03,969 INFO c.h.h.t.OperatorHelmChartContainer - [K3S] [INFO] Creating k3s-supervisor event broadcaster
2025-01-30 18:28:03,979 INFO c.h.h.t.OperatorHelmChartContainer - [K3S] [INFO] Applying CRD addons.k3s.cattle.io
2025-01-30 18:28:03,993 INFO c.h.h.t.OperatorHelmChartContainer - [K3S] [INFO] Applying CRD etcdsnapshotfiles.k3s.cattle.io
2025-01-30 18:28:04,010 INFO c.h.h.t.OperatorHelmChartContainer - [K3S] [INFO] Applying CRD helmcharts.helm.cattle.io
2025-01-30 18:28:04,029 INFO c.h.h.t.OperatorHelmChartContainer - [K3S] [INFO] Applying CRD helmchartconfigs.helm.cattle.io
2025-01-30 18:28:04,047 INFO c.h.h.t.OperatorHelmChartContainer - [K3S] [INFO] Waiting for CRD helmchartconfigs.helm.cattle.io to become available
2025-01-30 18:28:04,208 INFO c.h.h.t.OperatorHelmChartContainer - [K3S] Flag --containerd has been deprecated, This is a cadvisor flag that was mistakenly registered with the Kubelet. Due to legacy concerns, it will follow the standard CLI deprecation timeline before being removed.
2025-01-30 18:28:04,215 INFO c.h.h.t.OperatorHelmChartContainer - [K3S] [server.go:515] "Kubelet version" kubeletVersion="v1.32.1+k3s1"
2025-01-30 18:28:04,215 INFO c.h.h.t.OperatorHelmChartContainer - [K3S] [server.go:517] "Golang settings" GOGC="" GOMAXPROCS="" GOTRACEBACK=""
2025-01-30 18:28:04,216 INFO c.h.h.t.OperatorHelmChartContainer - [K3S] [dynamic_cafile_content.go:161] "Starting controller" name="client-ca-bundle::/var/lib/rancher/k3s/agent/client-ca.crt"
2025-01-30 18:28:04,218 INFO c.h.h.t.OperatorHelmChartContainer - [K3S] [log.go:32] "RuntimeConfig from runtime service failed" err="rpc error: code = Unimplemented desc = method RuntimeConfig not implemented"
2025-01-30 18:28:04,218 INFO c.h.h.t.OperatorHelmChartContainer - [K3S] [server.go:1416] "CRI implementation should be updated to support RuntimeConfig when KubeletCgroupDriverFromCRI feature gate has been enabled. Falling back to using cgroupDriver from kubelet config."
2025-01-30 18:28:04,225 INFO c.h.h.t.OperatorHelmChartContainer - [K3S] [info.go:53] Couldn't collect info from any of the files in "/etc/machine-id,/var/lib/dbus/machine-id"
2025-01-30 18:28:04,225 INFO c.h.h.t.OperatorHelmChartContainer - [K3S] [server.go:767] "--cgroups-per-qos enabled, but --cgroup-root was not specified.  defaulting to /"
2025-01-30 18:28:04,225 INFO c.h.h.t.OperatorHelmChartContainer - [K3S] [server.go:836] "NoSwap is set due to memorySwapBehavior not specified" memorySwapBehavior="" FailSwapOn=false
2025-01-30 18:28:04,226 INFO c.h.h.t.OperatorHelmChartContainer - [K3S] [swap_util.go:115] "Swap is on" /proc/swaps contents=<
2025-01-30 18:28:04,226 INFO c.h.h.t.OperatorHelmChartContainer - [K3S] 	Filename				Type		Size		Used		Priority
2025-01-30 18:28:04,226 INFO c.h.h.t.OperatorHelmChartContainer - [K3S] 	/mnt/swapfile                           file		4194300		0		-2
2025-01-30 18:28:04,226 INFO c.h.h.t.OperatorHelmChartContainer - [K3S]  >
2025-01-30 18:28:04,226 INFO c.h.h.t.OperatorHelmChartContainer - [K3S] [container_manager_linux.go:268] "Container manager verified user specified cgroup-root exists" cgroupRoot=[]
2025-01-30 18:28:04,226 INFO c.h.h.t.OperatorHelmChartContainer - [K3S] [container_manager_linux.go:273] "Creating Container Manager object based on Node Config" nodeConfig={"NodeName":"2b841d1100f5","RuntimeCgroupsName":"","SystemCgroupsName":"","KubeletCgroupsName":"/k3s","KubeletOOMScoreAdj":-999,"ContainerRuntime":"","CgroupsPerQOS":true,"CgroupRoot":"/","CgroupDriver":"cgroupfs","KubeletRootDir":"/var/lib/kubelet","ProtectKernelDefaults":false,"KubeReservedCgroupName":"","SystemReservedCgroupName":"","ReservedSystemCPUs":{},"EnforceNodeAllocatable":{"pods":{}},"KubeReserved":null,"SystemReserved":null,"HardEvictionThresholds":[{"Signal":"imagefs.available","Operator":"LessThan","Value":{"Quantity":null,"Percentage":0.05},"GracePeriod":0,"MinReclaim":null},{"Signal":"nodefs.available","Operator":"LessThan","Value":{"Quantity":null,"Percentage":0.05},"GracePeriod":0,"MinReclaim":null}],"QOSReserved":{},"CPUManagerPolicy":"none","CPUManagerPolicyOptions":null,"TopologyManagerScope":"container","CPUManagerReconcilePeriod":10000000000,"ExperimentalMemoryManagerPolicy":"None","ExperimentalMemoryManagerReservedMemory":null,"PodPidsLimit":-1,"EnforceCPULimits":true,"CPUCFSQuotaPeriod":100000000,"TopologyManagerPolicy":"none","TopologyManagerPolicyOptions":null,"CgroupVersion":2}
2025-01-30 18:28:04,230 INFO c.h.h.t.OperatorHelmChartContainer - [K3S] [topology_manager.go:138] "Creating topology manager with none policy"
2025-01-30 18:28:04,230 INFO c.h.h.t.OperatorHelmChartContainer - [K3S] [container_manager_linux.go:304] "Creating device plugin manager"
2025-01-30 18:28:04,230 INFO c.h.h.t.OperatorHelmChartContainer - [K3S] [state_mem.go:36] "Initialized new in-memory state store"
2025-01-30 18:28:04,230 INFO c.h.h.t.OperatorHelmChartContainer - [K3S] [kubelet.go:446] "Attempting to sync node with API server"
2025-01-30 18:28:04,231 INFO c.h.h.t.OperatorHelmChartContainer - [K3S] [kubelet.go:341] "Adding static pod path" path="/var/lib/rancher/k3s/agent/pod-manifests"
2025-01-30 18:28:04,231 INFO c.h.h.t.OperatorHelmChartContainer - [K3S] [kubelet.go:352] "Adding apiserver pod source"
2025-01-30 18:28:04,231 INFO c.h.h.t.OperatorHelmChartContainer - [K3S] [apiserver.go:42] "Waiting for node sync before watching apiserver pods"
2025-01-30 18:28:04,231 INFO c.h.h.t.OperatorHelmChartContainer - [K3S] [apiserver.go:52] "Watching apiserver"
2025-01-30 18:28:04,236 INFO c.h.h.t.OperatorHelmChartContainer - [K3S] [kuberuntime_manager.go:269] "Container runtime initialized" containerRuntime="containerd" version="v1.7.23-k3s2" apiVersion="v1"
2025-01-30 18:28:04,236 INFO c.h.h.t.OperatorHelmChartContainer - [K3S] [kubelet.go:890] "Not starting ClusterTrustBundle informer because we are in static kubelet mode"
2025-01-30 18:28:04,237 INFO c.h.h.t.OperatorHelmChartContainer - [K3S] [probe.go:272] Flexvolume plugin directory at /usr/libexec/kubernetes/kubelet-plugins/volume/exec/ does not exist. Recreating.
2025-01-30 18:28:04,237 INFO c.h.h.t.OperatorHelmChartContainer - [K3S] [watchdog_linux.go:99] "Systemd watchdog is not enabled"
2025-01-30 18:28:04,237 INFO c.h.h.t.OperatorHelmChartContainer - [K3S] [server.go:1282] "Started kubelet"
2025-01-30 18:28:04,239 INFO c.h.h.t.OperatorHelmChartContainer - [K3S] [fs_resource_analyzer.go:67] "Starting FS ResourceAnalyzer"
2025-01-30 18:28:04,240 INFO c.h.h.t.OperatorHelmChartContainer - [K3S] [dynamic_serving_content.go:135] "Starting controller" name="kubelet-server-cert-files::/var/lib/rancher/k3s/agent/serving-kubelet.crt::/var/lib/rancher/k3s/agent/serving-kubelet.key"
2025-01-30 18:28:04,240 INFO c.h.h.t.OperatorHelmChartContainer - [K3S] [server.go:169] "Starting to listen" address="0.0.0.0" port=10250
2025-01-30 18:28:04,241 INFO c.h.h.t.OperatorHelmChartContainer - [K3S] [server.go:490] "Adding debug handlers to kubelet server"
2025-01-30 18:28:04,244 INFO c.h.h.t.OperatorHelmChartContainer - [K3S] [server.go:208] "Starting to listen read-only" address="0.0.0.0" port=10255
2025-01-30 18:28:04,246 INFO c.h.h.t.OperatorHelmChartContainer - [K3S] [ratelimit.go:55] "Setting rate limiting for endpoint" service="podresources" qps=100 burstTokens=10
2025-01-30 18:28:04,248 INFO c.h.h.t.OperatorHelmChartContainer - [K3S] [server.go:243] "Starting to serve the podresources API" endpoint="unix:/var/lib/kubelet/pod-resources/kubelet.sock"
2025-01-30 18:28:04,254 INFO c.h.h.t.OperatorHelmChartContainer - [K3S] [volume_manager.go:297] "Starting Kubelet Volume Manager"
2025-01-30 18:28:04,256 INFO c.h.h.t.OperatorHelmChartContainer - [K3S] [kubelet.go:1561] "Image garbage collection failed once. Stats initialization may not have completed yet" err="invalid capacity 0 on image filesystem"
2025-01-30 18:28:04,259 INFO c.h.h.t.OperatorHelmChartContainer - [K3S] [kubelet_node_status.go:467] "Error getting the current node from lister" err="node \"2b841d1100f5\" not found"
2025-01-30 18:28:04,260 INFO c.h.h.t.OperatorHelmChartContainer - [K3S] [desired_state_of_world_populator.go:149] "Desired state populator starts to run"
2025-01-30 18:28:04,260 INFO c.h.h.t.OperatorHelmChartContainer - [K3S] [reconciler.go:26] "Reconciler: start to sync state"
2025-01-30 18:28:04,272 INFO c.h.h.t.OperatorHelmChartContainer - [K3S] [factory.go:221] Registration of the systemd container factory successfully
2025-01-30 18:28:04,273 INFO c.h.h.t.OperatorHelmChartContainer - [K3S] [factory.go:219] Registration of the crio container factory failed: Get "http://%2Fvar%2Frun%2Fcrio%2Fcrio.sock/info": dial unix /var/run/crio/crio.sock: connect: no such file or directory
2025-01-30 18:28:04,274 INFO c.h.h.t.OperatorHelmChartContainer - [K3S] [nodelease.go:49] "Failed to get node when trying to set owner ref to the node lease" err="nodes \"2b841d1100f5\" not found" node="2b841d1100f5"
2025-01-30 18:28:04,275 INFO c.h.h.t.OperatorHelmChartContainer - [K3S] [factory.go:221] Registration of the containerd container factory successfully
2025-01-30 18:28:04,293 INFO c.h.h.t.OperatorHelmChartContainer - [K3S] [kubelet_network_linux.go:50] "Initialized iptables rules." protocol="IPv4"
2025-01-30 18:28:04,296 INFO c.h.h.t.OperatorHelmChartContainer - [K3S] [kubelet_network_linux.go:50] "Initialized iptables rules." protocol="IPv6"
2025-01-30 18:28:04,297 INFO c.h.h.t.OperatorHelmChartContainer - [K3S] [status_manager.go:227] "Starting to sync pod status with apiserver"
2025-01-30 18:28:04,297 INFO c.h.h.t.OperatorHelmChartContainer - [K3S] [watchdog_linux.go:127] "Systemd watchdog is not enabled or the interval is invalid, so health checking will not be started."
2025-01-30 18:28:04,297 INFO c.h.h.t.OperatorHelmChartContainer - [K3S] [kubelet.go:2388] "Starting kubelet main sync loop"
2025-01-30 18:28:04,297 INFO c.h.h.t.OperatorHelmChartContainer - [K3S] [kubelet.go:2412] "Skipping pod synchronization" err="[container runtime status check may not have completed yet, PLEG is not healthy: pleg has yet to be successful]"
2025-01-30 18:28:04,316 INFO c.h.h.t.OperatorHelmChartContainer - [K3S] [cpu_manager.go:221] "Starting CPU manager" policy="none"
2025-01-30 18:28:04,316 INFO c.h.h.t.OperatorHelmChartContainer - [K3S] [cpu_manager.go:222] "Reconciling" reconcilePeriod="10s"
2025-01-30 18:28:04,316 INFO c.h.h.t.OperatorHelmChartContainer - [K3S] [state_mem.go:36] "Initialized new in-memory state store"
2025-01-30 18:28:04,318 INFO c.h.h.t.OperatorHelmChartContainer - [K3S] [policy_none.go:49] "None policy: Start"
2025-01-30 18:28:04,318 INFO c.h.h.t.OperatorHelmChartContainer - [K3S] [memory_manager.go:186] "Starting memorymanager" policy="None"
2025-01-30 18:28:04,318 INFO c.h.h.t.OperatorHelmChartContainer - [K3S] [state_mem.go:35] "Initializing new in-memory state store"
2025-01-30 18:28:04,335 INFO c.h.h.t.OperatorHelmChartContainer - [K3S] [manager.go:519] "Failed to read data from checkpoint" checkpoint="kubelet_internal_checkpoint" err="checkpoint is not found"
2025-01-30 18:28:04,336 INFO c.h.h.t.OperatorHelmChartContainer - [K3S] [eviction_manager.go:189] "Eviction manager: starting control loop"
2025-01-30 18:28:04,336 INFO c.h.h.t.OperatorHelmChartContainer - [K3S] [container_log_manager.go:189] "Initializing container log rotate workers" workers=1 monitorPeriod="10s"
2025-01-30 18:28:04,336 INFO c.h.h.t.OperatorHelmChartContainer - [K3S] [plugin_manager.go:118] "Starting Kubelet Plugin Manager"
2025-01-30 18:28:04,336 INFO c.h.h.t.OperatorHelmChartContainer - [K3S] [eviction_manager.go:267] "eviction manager: failed to check if we have separate container filesystem. Ignoring." err="no imagefs label for configured runtime"
2025-01-30 18:28:04,336 INFO c.h.h.t.OperatorHelmChartContainer - [K3S] [eviction_manager.go:292] "Eviction manager: failed to get summary stats" err="failed to get node info: node \"2b841d1100f5\" not found"
2025-01-30 18:28:04,342 INFO c.h.h.t.OperatorHelmChartContainer - [K3S] [serving.go:392] Generated self-signed cert in-memory
2025-01-30 18:28:04,426 INFO c.h.h.t.OperatorHelmChartContainer - [K3S] [kubelet_node_status.go:76] "Attempting to register node" node="2b841d1100f5"
2025-01-30 18:28:04,433 INFO c.h.h.t.OperatorHelmChartContainer - [K3S] [kubelet_node_status.go:79] "Successfully registered node" node="2b841d1100f5"
2025-01-30 18:28:04,439 INFO c.h.h.t.OperatorHelmChartContainer - [K3S] [kubelet_node_status.go:549] "Error updating node status, will retry" err="error getting node \"2b841d1100f5\": node \"2b841d1100f5\" not found"
2025-01-30 18:28:04,447 INFO c.h.h.t.OperatorHelmChartContainer - [K3S] [INFO] Annotations and labels have been set successfully on node: 2b841d1100f5
2025-01-30 18:28:04,448 INFO c.h.h.t.OperatorHelmChartContainer - [K3S] [INFO] Starting flannel with backend vxlan
2025-01-30 18:28:04,460 INFO c.h.h.t.OperatorHelmChartContainer - [K3S] [desired_state_of_world_populator.go:157] "Finished populating initial desired state of world"
2025-01-30 18:28:04,474 INFO c.h.h.t.OperatorHelmChartContainer - [K3S] [server.go:698] "Successfully retrieved node IP(s)" IPs=["172.17.0.3"]
2025-01-30 18:28:04,474 INFO c.h.h.t.OperatorHelmChartContainer - [K3S] [server.go:234] "Kube-proxy configuration may be incomplete or incorrect" err="nodePortAddresses is unset; NodePort connections will be accepted on all local IPs. Consider using `--nodeport-addresses primary`"
2025-01-30 18:28:04,479 INFO c.h.h.t.OperatorHelmChartContainer - [K3S] [server.go:243] "kube-proxy running in dual-stack mode" primary ipFamily="IPv4"
2025-01-30 18:28:04,479 INFO c.h.h.t.OperatorHelmChartContainer - [K3S] [server_linux.go:170] "Using iptables Proxier"
2025-01-30 18:28:04,481 INFO c.h.h.t.OperatorHelmChartContainer - [K3S] [proxier.go:255] "Setting route_localnet=1 to allow node-ports on localhost; to change this either disable iptables.localhostNodePorts (--iptables-localhost-nodeports) or set nodePortAddresses (--nodeport-addresses) to filter loopback addresses"
2025-01-30 18:28:04,489 INFO c.h.h.t.OperatorHelmChartContainer - [K3S] [server.go:497] "Version info" version="v1.32.1+k3s1"
2025-01-30 18:28:04,489 INFO c.h.h.t.OperatorHelmChartContainer - [K3S] [server.go:499] "Golang settings" GOGC="" GOMAXPROCS="" GOTRACEBACK=""
2025-01-30 18:28:04,489 INFO c.h.h.t.OperatorHelmChartContainer - [K3S] [config.go:199] "Starting service config controller"
2025-01-30 18:28:04,489 INFO c.h.h.t.OperatorHelmChartContainer - [K3S] [config.go:105] "Starting endpoint slice config controller"
2025-01-30 18:28:04,491 INFO c.h.h.t.OperatorHelmChartContainer - [K3S] [config.go:329] "Starting node config controller"
2025-01-30 18:28:04,551 INFO c.h.h.t.OperatorHelmChartContainer - [K3S] [INFO] Done waiting for CRD helmchartconfigs.helm.cattle.io to become available
2025-01-30 18:28:04,551 INFO c.h.h.t.OperatorHelmChartContainer - [K3S] [INFO] Writing static file: /var/lib/rancher/k3s/server/static/charts/traefik-27.0.201+up27.0.2.tgz
2025-01-30 18:28:04,552 INFO c.h.h.t.OperatorHelmChartContainer - [K3S] [INFO] Writing static file: /var/lib/rancher/k3s/server/static/charts/traefik-crd-27.0.201+up27.0.2.tgz
2025-01-30 18:28:04,553 INFO c.h.h.t.OperatorHelmChartContainer - [K3S] [INFO] Writing manifest: /var/lib/rancher/k3s/server/manifests/metrics-server/resource-reader.yaml
2025-01-30 18:28:04,553 INFO c.h.h.t.OperatorHelmChartContainer - [K3S] [INFO] Writing manifest: /var/lib/rancher/k3s/server/manifests/rolebindings.yaml
2025-01-30 18:28:04,553 INFO c.h.h.t.OperatorHelmChartContainer - [K3S] [INFO] Writing manifest: /var/lib/rancher/k3s/server/manifests/ccm.yaml
2025-01-30 18:28:04,553 INFO c.h.h.t.OperatorHelmChartContainer - [K3S] [INFO] Writing manifest: /var/lib/rancher/k3s/server/manifests/coredns.yaml
2025-01-30 18:28:04,553 INFO c.h.h.t.OperatorHelmChartContainer - [K3S] [INFO] Writing manifest: /var/lib/rancher/k3s/server/manifests/metrics-server/auth-delegator.yaml
2025-01-30 18:28:04,553 INFO c.h.h.t.OperatorHelmChartContainer - [K3S] [INFO] Writing manifest: /var/lib/rancher/k3s/server/manifests/metrics-server/metrics-server-service.yaml
2025-01-30 18:28:04,553 INFO c.h.h.t.OperatorHelmChartContainer - [K3S] [INFO] Writing manifest: /var/lib/rancher/k3s/server/manifests/metrics-server/metrics-server-deployment.yaml
2025-01-30 18:28:04,553 INFO c.h.h.t.OperatorHelmChartContainer - [K3S] [INFO] Writing manifest: /var/lib/rancher/k3s/server/manifests/runtimes.yaml
2025-01-30 18:28:04,554 INFO c.h.h.t.OperatorHelmChartContainer - [K3S] [INFO] Writing manifest: /var/lib/rancher/k3s/server/manifests/local-storage.yaml
2025-01-30 18:28:04,554 INFO c.h.h.t.OperatorHelmChartContainer - [K3S] [INFO] Writing manifest: /var/lib/rancher/k3s/server/manifests/metrics-server/aggregated-metrics-reader.yaml
2025-01-30 18:28:04,554 INFO c.h.h.t.OperatorHelmChartContainer - [K3S] [INFO] Writing manifest: /var/lib/rancher/k3s/server/manifests/metrics-server/auth-reader.yaml
2025-01-30 18:28:04,556 INFO c.h.h.t.OperatorHelmChartContainer - [K3S] [INFO] Writing manifest: /var/lib/rancher/k3s/server/manifests/metrics-server/metrics-apiservice.yaml
2025-01-30 18:28:04,557 INFO c.h.h.t.OperatorHelmChartContainer - [K3S] [INFO] Tunnel server egress proxy mode: agent
2025-01-30 18:28:04,557 INFO c.h.h.t.OperatorHelmChartContainer - [K3S] [INFO] Starting dynamiclistener CN filter node controller with SANs: [localhost 127.0.0.1 ::1 localhost 2b841d1100f5 172.17.0.3 10.43.0.1 kubernetes kubernetes.default kubernetes.default.svc kubernetes.default.svc.cluster.local]
2025-01-30 18:28:04,653 INFO c.h.h.t.OperatorHelmChartContainer - [K3S] [kubelet_node_status.go:502] "Fast updating node status as it just became ready"
2025-01-30 18:28:04,666 INFO c.h.h.t.OperatorHelmChartContainer - [K3S] [INFO] Starting k3s.cattle.io/v1, Kind=Addon controller
2025-01-30 18:28:04,669 INFO c.h.h.t.OperatorHelmChartContainer - [K3S] [INFO] Creating deploy event broadcaster
2025-01-30 18:28:04,771 INFO c.h.h.t.OperatorHelmChartContainer - [K3S] [INFO] Starting /v1, Kind=Node controller
2025-01-30 18:28:04,772 INFO c.h.h.t.OperatorHelmChartContainer - [K3S] [INFO] Creating helm-controller event broadcaster
2025-01-30 18:28:04,793 INFO c.h.h.t.OperatorHelmChartContainer - [K3S] [INFO] Cluster dns configmap has been set successfully
2025-01-30 18:28:04,820 INFO c.h.h.t.OperatorHelmChartContainer - [K3S] [INFO] Labels and annotations have been set successfully on node: 2b841d1100f5
2025-01-30 18:28:04,843 INFO c.h.h.t.OperatorHelmChartContainer - [K3S] [controllermanager.go:185] "Starting" version="v1.32.1+k3s1"
2025-01-30 18:28:04,843 INFO c.h.h.t.OperatorHelmChartContainer - [K3S] [controllermanager.go:187] "Golang settings" GOGC="" GOMAXPROCS="" GOTRACEBACK=""
2025-01-30 18:28:04,846 INFO c.h.h.t.OperatorHelmChartContainer - [K3S] [INFO] Updating TLS secret for kube-system/k3s-serving (count: 10): map[listener.cattle.io/cn-10.43.0.1:10.43.0.1 listener.cattle.io/cn-127.0.0.1:127.0.0.1 listener.cattle.io/cn-172.17.0.3:172.17.0.3 listener.cattle.io/cn-2b841d1100f5:2b841d1100f5 listener.cattle.io/cn-__1-f16284:::1 listener.cattle.io/cn-kubernetes:kubernetes listener.cattle.io/cn-kubernetes.default:kubernetes.default listener.cattle.io/cn-kubernetes.default.svc:kubernetes.default.svc listener.cattle.io/cn-kubernetes.default.svc.cluster.local:kubernetes.default.svc.cluster.local listener.cattle.io/cn-localhost:localhost listener.cattle.io/fingerprint:SHA1=FDB2085CDFA63FD9400E00DC55B702FD2E19AED1]
2025-01-30 18:28:04,848 INFO c.h.h.t.OperatorHelmChartContainer - [K3S] [secure_serving.go:213] Serving securely on 127.0.0.1:10257
2025-01-30 18:28:04,854 INFO c.h.h.t.OperatorHelmChartContainer - [K3S] [requestheader_controller.go:180] Starting RequestHeaderAuthRequestController
2025-01-30 18:28:04,854 INFO c.h.h.t.OperatorHelmChartContainer - [K3S] [tlsconfig.go:243] "Starting DynamicServingCertificateController"
2025-01-30 18:28:04,854 INFO c.h.h.t.OperatorHelmChartContainer - [K3S] [configmap_cafile_content.go:205] "Starting controller" name="client-ca::kube-system::extension-apiserver-authentication::client-ca-file"
2025-01-30 18:28:04,854 INFO c.h.h.t.OperatorHelmChartContainer - [K3S] [configmap_cafile_content.go:205] "Starting controller" name="client-ca::kube-system::extension-apiserver-authentication::requestheader-client-ca-file"
2025-01-30 18:28:04,860 INFO c.h.h.t.OperatorHelmChartContainer - [K3S] [controllermanager.go:765] "Started controller" controller="serviceaccount-token-controller"
2025-01-30 18:28:04,876 INFO c.h.h.t.OperatorHelmChartContainer - [K3S] [controllermanager.go:765] "Started controller" controller="persistentvolume-binder-controller"
2025-01-30 18:28:04,877 INFO c.h.h.t.OperatorHelmChartContainer - [K3S] [pv_controller_base.go:308] "Starting persistent volume controller"
2025-01-30 18:28:04,891 INFO c.h.h.t.OperatorHelmChartContainer - [K3S] [controllermanager.go:765] "Started controller" controller="legacy-serviceaccount-token-cleaner-controller"
2025-01-30 18:28:04,894 INFO c.h.h.t.OperatorHelmChartContainer - [K3S] [legacy_serviceaccount_token_cleaner.go:103] "Starting legacy service account token cleaner controller"
2025-01-30 18:28:04,901 INFO c.h.h.t.OperatorHelmChartContainer - [K3S] [INFO] Starting helm.cattle.io/v1, Kind=HelmChart controller
2025-01-30 18:28:04,902 INFO c.h.h.t.OperatorHelmChartContainer - [K3S] [INFO] Starting helm.cattle.io/v1, Kind=HelmChartConfig controller
2025-01-30 18:28:04,905 INFO c.h.h.t.OperatorHelmChartContainer - [K3S] [INFO] Starting /v1, Kind=Secret controller
2025-01-30 18:28:04,906 INFO c.h.h.t.OperatorHelmChartContainer - [K3S] [INFO] Starting /v1, Kind=ConfigMap controller
2025-01-30 18:28:04,906 INFO c.h.h.t.OperatorHelmChartContainer - [K3S] [INFO] Starting /v1, Kind=ServiceAccount controller
2025-01-30 18:28:04,917 INFO c.h.h.t.OperatorHelmChartContainer - [K3S] [INFO] Updating TLS secret for kube-system/k3s-serving (count: 10): map[listener.cattle.io/cn-10.43.0.1:10.43.0.1 listener.cattle.io/cn-127.0.0.1:127.0.0.1 listener.cattle.io/cn-172.17.0.3:172.17.0.3 listener.cattle.io/cn-2b841d1100f5:2b841d1100f5 listener.cattle.io/cn-__1-f16284:::1 listener.cattle.io/cn-kubernetes:kubernetes listener.cattle.io/cn-kubernetes.default:kubernetes.default listener.cattle.io/cn-kubernetes.default.svc:kubernetes.default.svc listener.cattle.io/cn-kubernetes.default.svc.cluster.local:kubernetes.default.svc.cluster.local listener.cattle.io/cn-localhost:localhost listener.cattle.io/fingerprint:SHA1=FDB2085CDFA63FD9400E00DC55B702FD2E19AED1]
2025-01-30 18:28:04,918 INFO c.h.h.t.OperatorHelmChartContainer - [K3S] [INFO] Starting rbac.authorization.k8s.io/v1, Kind=ClusterRoleBinding controller
2025-01-30 18:28:04,930 INFO c.h.h.t.OperatorHelmChartContainer - [K3S] [INFO] Starting batch/v1, Kind=Job controller
2025-01-30 18:28:04,930 INFO c.h.h.t.OperatorHelmChartContainer - [K3S] [controllermanager.go:765] "Started controller" controller="endpoints-controller"
2025-01-30 18:28:04,930 INFO c.h.h.t.OperatorHelmChartContainer - [K3S] [endpoints_controller.go:182] "Starting endpoint controller"
2025-01-30 18:28:04,933 INFO c.h.h.t.OperatorHelmChartContainer - [K3S] [INFO] Active TLS secret kube-system/k3s-serving (ver=229) (count 10): map[listener.cattle.io/cn-10.43.0.1:10.43.0.1 listener.cattle.io/cn-127.0.0.1:127.0.0.1 listener.cattle.io/cn-172.17.0.3:172.17.0.3 listener.cattle.io/cn-2b841d1100f5:2b841d1100f5 listener.cattle.io/cn-__1-f16284:::1 listener.cattle.io/cn-kubernetes:kubernetes listener.cattle.io/cn-kubernetes.default:kubernetes.default listener.cattle.io/cn-kubernetes.default.svc:kubernetes.default.svc listener.cattle.io/cn-kubernetes.default.svc.cluster.local:kubernetes.default.svc.cluster.local listener.cattle.io/cn-localhost:localhost listener.cattle.io/fingerprint:SHA1=FDB2085CDFA63FD9400E00DC55B702FD2E19AED1]
2025-01-30 18:28:04,934 INFO c.h.h.t.OperatorHelmChartContainer - [K3S] [controllermanager.go:765] "Started controller" controller="endpointslice-mirroring-controller"
2025-01-30 18:28:04,935 INFO c.h.h.t.OperatorHelmChartContainer - [K3S] [endpointslicemirroring_controller.go:227] "Starting EndpointSliceMirroring controller"
2025-01-30 18:28:04,951 INFO c.h.h.t.OperatorHelmChartContainer - [K3S] [controllermanager.go:765] "Started controller" controller="pod-garbage-collector-controller"
2025-01-30 18:28:04,951 INFO c.h.h.t.OperatorHelmChartContainer - [K3S] [gc_controller.go:99] "Starting GC controller"
2025-01-30 18:28:04,958 INFO c.h.h.t.OperatorHelmChartContainer - [K3S] [controllermanager.go:765] "Started controller" controller="deployment-controller"
2025-01-30 18:28:04,958 INFO c.h.h.t.OperatorHelmChartContainer - [K3S] [controllermanager.go:728] "Warning: controller is disabled" controller="bootstrap-signer-controller"
2025-01-30 18:28:04,958 INFO c.h.h.t.OperatorHelmChartContainer - [K3S] [controllermanager.go:723] "Skipping a cloud provider controller" controller="service-lb-controller"
2025-01-30 18:28:04,962 INFO c.h.h.t.OperatorHelmChartContainer - [K3S] [deployment_controller.go:173] "Starting controller" controller="deployment"
2025-01-30 18:28:04,969 INFO c.h.h.t.OperatorHelmChartContainer - [K3S] [controllermanager.go:765] "Started controller" controller="endpointslice-controller"
2025-01-30 18:28:04,973 INFO c.h.h.t.OperatorHelmChartContainer - [K3S] [endpointslice_controller.go:281] "Starting endpoint slice controller"
2025-01-30 18:28:04,979 INFO c.h.h.t.OperatorHelmChartContainer - [K3S] [controllermanager.go:765] "Started controller" controller="replicationcontroller-controller"
2025-01-30 18:28:04,979 INFO c.h.h.t.OperatorHelmChartContainer - [K3S] [replica_set.go:217] "Starting controller" name="replicationcontroller"
2025-01-30 18:28:04,988 INFO c.h.h.t.OperatorHelmChartContainer - [K3S] [node_lifecycle_controller.go:432] "Controller will reconcile labels"
2025-01-30 18:28:04,990 INFO c.h.h.t.OperatorHelmChartContainer - [K3S] [controllermanager.go:765] "Started controller" controller="node-lifecycle-controller"
2025-01-30 18:28:04,990 INFO c.h.h.t.OperatorHelmChartContainer - [K3S] [node_lifecycle_controller.go:466] "Sending events to api server"
2025-01-30 18:28:04,990 INFO c.h.h.t.OperatorHelmChartContainer - [K3S] [node_lifecycle_controller.go:477] "Starting node controller"
2025-01-30 18:28:04,998 INFO c.h.h.t.OperatorHelmChartContainer - [K3S] [controllermanager.go:765] "Started controller" controller="persistentvolume-attach-detach-controller"
2025-01-30 18:28:05,000 INFO c.h.h.t.OperatorHelmChartContainer - [K3S] [controllermanager.go:717] "Controller is disabled by a feature gate" controller="kube-apiserver-serving-clustertrustbundle-publisher-controller" requiredFeatureGates=["ClusterTrustBundle"]
2025-01-30 18:28:05,000 INFO c.h.h.t.OperatorHelmChartContainer - [K3S] [attach_detach_controller.go:338] "Starting attach detach controller"
2025-01-30 18:28:05,016 INFO c.h.h.t.OperatorHelmChartContainer - [K3S] [controllermanager.go:765] "Started controller" controller="ephemeral-volume-controller"
2025-01-30 18:28:05,017 INFO c.h.h.t.OperatorHelmChartContainer - [K3S] [controller.go:173] "Starting ephemeral volume controller"
2025-01-30 18:28:05,173 INFO c.h.h.t.OperatorHelmChartContainer - [K3S] [controllermanager.go:765] "Started controller" controller="persistentvolume-expander-controller"
2025-01-30 18:28:05,173 INFO c.h.h.t.OperatorHelmChartContainer - [K3S] [controllermanager.go:717] "Controller is disabled by a feature gate" controller="storageversion-garbage-collector-controller" requiredFeatureGates=["APIServerIdentity","StorageVersionAPI"]
2025-01-30 18:28:05,173 INFO c.h.h.t.OperatorHelmChartContainer - [K3S] [expand_controller.go:329] "Starting expand controller"
2025-01-30 18:28:05,472 INFO c.h.h.t.OperatorHelmChartContainer - [K3S] [controllermanager.go:765] "Started controller" controller="resourcequota-controller"
2025-01-30 18:28:05,472 INFO c.h.h.t.OperatorHelmChartContainer - [K3S] [resource_quota_controller.go:300] "Starting resource quota controller"
2025-01-30 18:28:05,614 INFO c.h.h.t.OperatorHelmChartContainer - [K3S] [controllermanager.go:765] "Started controller" controller="cronjob-controller"
2025-01-30 18:28:05,615 INFO c.h.h.t.OperatorHelmChartContainer - [K3S] [cronjob_controllerv2.go:145] "Starting cronjob controller v2"
2025-01-30 18:28:05,765 INFO c.h.h.t.OperatorHelmChartContainer - [K3S] [controllermanager.go:765] "Started controller" controller="certificatesigningrequest-approving-controller"
2025-01-30 18:28:05,765 INFO c.h.h.t.OperatorHelmChartContainer - [K3S] [certificate_controller.go:120] "Starting certificate controller" name="csrapproving"
2025-01-30 18:28:05,814 INFO c.h.h.t.OperatorHelmChartContainer - [K3S] [controllermanager.go:765] "Started controller" controller="certificatesigningrequest-cleaner-controller"
2025-01-30 18:28:05,814 INFO c.h.h.t.OperatorHelmChartContainer - [K3S] [cleaner.go:83] "Starting CSR cleaner controller"
2025-01-30 18:28:05,964 INFO c.h.h.t.OperatorHelmChartContainer - [K3S] [controllermanager.go:765] "Started controller" controller="token-cleaner-controller"
2025-01-30 18:28:05,964 INFO c.h.h.t.OperatorHelmChartContainer - [K3S] [tokencleaner.go:117] "Starting token cleaner controller"
2025-01-30 18:28:06,118 INFO c.h.h.t.OperatorHelmChartContainer - [K3S] [range_allocator.go:112] "No Secondary Service CIDR provided. Skipping filtering out secondary service addresses"
2025-01-30 18:28:06,118 INFO c.h.h.t.OperatorHelmChartContainer - [K3S] [controllermanager.go:765] "Started controller" controller="node-ipam-controller"
2025-01-30 18:28:06,118 INFO c.h.h.t.OperatorHelmChartContainer - [K3S] [controllermanager.go:717] "Controller is disabled by a feature gate" controller="service-cidr-controller" requiredFeatureGates=["MultiCIDRServiceAllocator"]
2025-01-30 18:28:06,118 INFO c.h.h.t.OperatorHelmChartContainer - [K3S] [node_ipam_controller.go:141] "Starting ipam controller"
2025-01-30 18:28:06,364 INFO c.h.h.t.OperatorHelmChartContainer - [K3S] [graph_builder.go:351] "Running" component="GraphBuilder"
2025-01-30 18:28:06,364 INFO c.h.h.t.OperatorHelmChartContainer - [K3S] [controllermanager.go:765] "Started controller" controller="garbage-collector-controller"
2025-01-30 18:28:06,615 INFO c.h.h.t.OperatorHelmChartContainer - [K3S] [controllermanager.go:765] "Started controller" controller="replicaset-controller"
2025-01-30 18:28:06,616 INFO c.h.h.t.OperatorHelmChartContainer - [K3S] [replica_set.go:217] "Starting controller" name="replicaset"
2025-01-30 18:28:06,661 INFO c.h.h.t.OperatorHelmChartContainer - [K3S] [event.go:389] "Event occurred" object="2b841d1100f5" fieldPath="" kind="Node" apiVersion="" type="Normal" reason="NodePasswordValidationComplete" message="Deferred node password secret validation complete"
2025-01-30 18:28:06,673 INFO c.h.h.t.OperatorHelmChartContainer - [K3S] [event.go:389] "Event occurred" object="kube-system/ccm" fieldPath="" kind="Addon" apiVersion="k3s.cattle.io/v1" type="Normal" reason="ApplyingManifest" message="Applying manifest at \"/var/lib/rancher/k3s/server/manifests/ccm.yaml\""
2025-01-30 18:28:06,693 INFO c.h.h.t.OperatorHelmChartContainer - [K3S] [event.go:389] "Event occurred" object="kube-system/ccm" fieldPath="" kind="Addon" apiVersion="k3s.cattle.io/v1" type="Normal" reason="AppliedManifest" message="Applied manifest at \"/var/lib/rancher/k3s/server/manifests/ccm.yaml\""
2025-01-30 18:28:06,702 INFO c.h.h.t.OperatorHelmChartContainer - [K3S] [event.go:389] "Event occurred" object="kube-system/coredns" fieldPath="" kind="Addon" apiVersion="k3s.cattle.io/v1" type="Normal" reason="ApplyingManifest" message="Applying manifest at \"/var/lib/rancher/k3s/server/manifests/coredns.yaml\""
2025-01-30 18:28:06,810 INFO c.h.h.t.OperatorHelmChartContainer - [K3S] [alloc.go:330] "allocated clusterIPs" service="kube-system/kube-dns" clusterIPs={"IPv4":"10.43.0.10"}
2025-01-30 18:28:06,811 INFO c.h.h.t.OperatorHelmChartContainer - [K3S] [event.go:389] "Event occurred" object="kube-system/coredns" fieldPath="" kind="Addon" apiVersion="k3s.cattle.io/v1" type="Normal" reason="AppliedManifest" message="Applied manifest at \"/var/lib/rancher/k3s/server/manifests/coredns.yaml\""
2025-01-30 18:28:06,818 INFO c.h.h.t.OperatorHelmChartContainer - [K3S] [controllermanager.go:765] "Started controller" controller="disruption-controller"
2025-01-30 18:28:06,818 INFO c.h.h.t.OperatorHelmChartContainer - [K3S] [disruption.go:452] "Sending events to api server."
2025-01-30 18:28:06,818 INFO c.h.h.t.OperatorHelmChartContainer - [K3S] [disruption.go:463] "Starting disruption controller"
2025-01-30 18:28:06,825 INFO c.h.h.t.OperatorHelmChartContainer - [K3S] [event.go:389] "Event occurred" object="kube-system/local-storage" fieldPath="" kind="Addon" apiVersion="k3s.cattle.io/v1" type="Normal" reason="ApplyingManifest" message="Applying manifest at \"/var/lib/rancher/k3s/server/manifests/local-storage.yaml\""
2025-01-30 18:28:06,865 INFO c.h.h.t.OperatorHelmChartContainer - [K3S] [certificate_controller.go:120] "Starting certificate controller" name="csrsigning-kubelet-serving"
2025-01-30 18:28:06,865 INFO c.h.h.t.OperatorHelmChartContainer - [K3S] [dynamic_serving_content.go:135] "Starting controller" name="csr-controller::/var/lib/rancher/k3s/server/tls/server-ca.nochain.crt::/var/lib/rancher/k3s/server/tls/server-ca.key"
2025-01-30 18:28:06,865 INFO c.h.h.t.OperatorHelmChartContainer - [K3S] [certificate_controller.go:120] "Starting certificate controller" name="csrsigning-kubelet-client"
2025-01-30 18:28:06,865 INFO c.h.h.t.OperatorHelmChartContainer - [K3S] [dynamic_serving_content.go:135] "Starting controller" name="csr-controller::/var/lib/rancher/k3s/server/tls/client-ca.nochain.crt::/var/lib/rancher/k3s/server/tls/client-ca.key"
2025-01-30 18:28:06,865 INFO c.h.h.t.OperatorHelmChartContainer - [K3S] [controllermanager.go:765] "Started controller" controller="certificatesigningrequest-signing-controller"
2025-01-30 18:28:06,866 INFO c.h.h.t.OperatorHelmChartContainer - [K3S] [controllermanager.go:717] "Controller is disabled by a feature gate" controller="volumeattributesclass-protection-controller" requiredFeatureGates=["VolumeAttributesClass"]
2025-01-30 18:28:06,866 INFO c.h.h.t.OperatorHelmChartContainer - [K3S] [certificate_controller.go:120] "Starting certificate controller" name="csrsigning-kube-apiserver-client"
2025-01-30 18:28:06,866 INFO c.h.h.t.OperatorHelmChartContainer - [K3S] [dynamic_serving_content.go:135] "Starting controller" name="csr-controller::/var/lib/rancher/k3s/server/tls/client-ca.nochain.crt::/var/lib/rancher/k3s/server/tls/client-ca.key"
2025-01-30 18:28:06,866 INFO c.h.h.t.OperatorHelmChartContainer - [K3S] [dynamic_serving_content.go:135] "Starting controller" name="csr-controller::/var/lib/rancher/k3s/server/tls/server-ca.nochain.crt::/var/lib/rancher/k3s/server/tls/server-ca.key"
2025-01-30 18:28:06,866 INFO c.h.h.t.OperatorHelmChartContainer - [K3S] [certificate_controller.go:120] "Starting certificate controller" name="csrsigning-legacy-unknown"
2025-01-30 18:28:06,910 INFO c.h.h.t.OperatorHelmChartContainer - [K3S] [event.go:389] "Event occurred" object="kube-system/local-storage" fieldPath="" kind="Addon" apiVersion="k3s.cattle.io/v1" type="Normal" reason="AppliedManifest" message="Applied manifest at \"/var/lib/rancher/k3s/server/manifests/local-storage.yaml\""
2025-01-30 18:28:06,917 INFO c.h.h.t.OperatorHelmChartContainer - [K3S] [event.go:389] "Event occurred" object="kube-system/aggregated-metrics-reader" fieldPath="" kind="Addon" apiVersion="k3s.cattle.io/v1" type="Normal" reason="ApplyingManifest" message="Applying manifest at \"/var/lib/rancher/k3s/server/manifests/metrics-server/aggregated-metrics-reader.yaml\""
2025-01-30 18:28:06,922 INFO c.h.h.t.OperatorHelmChartContainer - [K3S] [event.go:389] "Event occurred" object="kube-system/aggregated-metrics-reader" fieldPath="" kind="Addon" apiVersion="k3s.cattle.io/v1" type="Normal" reason="AppliedManifest" message="Applied manifest at \"/var/lib/rancher/k3s/server/manifests/metrics-server/aggregated-metrics-reader.yaml\""
2025-01-30 18:28:06,931 INFO c.h.h.t.OperatorHelmChartContainer - [K3S] [event.go:389] "Event occurred" object="kube-system/auth-delegator" fieldPath="" kind="Addon" apiVersion="k3s.cattle.io/v1" type="Normal" reason="ApplyingManifest" message="Applying manifest at \"/var/lib/rancher/k3s/server/manifests/metrics-server/auth-delegator.yaml\""
2025-01-30 18:28:06,991 INFO c.h.h.t.OperatorHelmChartContainer - [K3S] [event.go:389] "Event occurred" object="kube-system/auth-delegator" fieldPath="" kind="Addon" apiVersion="k3s.cattle.io/v1" type="Normal" reason="AppliedManifest" message="Applied manifest at \"/var/lib/rancher/k3s/server/manifests/metrics-server/auth-delegator.yaml\""
2025-01-30 18:28:07,003 INFO c.h.h.t.OperatorHelmChartContainer - [K3S] [event.go:389] "Event occurred" object="kube-system/auth-reader" fieldPath="" kind="Addon" apiVersion="k3s.cattle.io/v1" type="Normal" reason="ApplyingManifest" message="Applying manifest at \"/var/lib/rancher/k3s/server/manifests/metrics-server/auth-reader.yaml\""
2025-01-30 18:28:07,011 INFO c.h.h.t.OperatorHelmChartContainer - [K3S] [event.go:389] "Event occurred" object="kube-system/auth-reader" fieldPath="" kind="Addon" apiVersion="k3s.cattle.io/v1" type="Normal" reason="AppliedManifest" message="Applied manifest at \"/var/lib/rancher/k3s/server/manifests/metrics-server/auth-reader.yaml\""
2025-01-30 18:28:07,024 INFO c.h.h.t.OperatorHelmChartContainer - [K3S] [controllermanager.go:765] "Started controller" controller="ttl-after-finished-controller"
2025-01-30 18:28:07,025 INFO c.h.h.t.OperatorHelmChartContainer - [K3S] [ttlafterfinished_controller.go:112] "Starting TTL after finished controller"
2025-01-30 18:28:07,032 INFO c.h.h.t.OperatorHelmChartContainer - [K3S] [event.go:389] "Event occurred" object="kube-system/metrics-apiservice" fieldPath="" kind="Addon" apiVersion="k3s.cattle.io/v1" type="Normal" reason="ApplyingManifest" message="Applying manifest at \"/var/lib/rancher/k3s/server/manifests/metrics-server/metrics-apiservice.yaml\""
2025-01-30 18:28:07,046 INFO c.h.h.t.OperatorHelmChartContainer - [K3S] [event.go:389] "Event occurred" object="kube-system/metrics-apiservice" fieldPath="" kind="Addon" apiVersion="k3s.cattle.io/v1" type="Normal" reason="AppliedManifest" message="Applied manifest at \"/var/lib/rancher/k3s/server/manifests/metrics-server/metrics-apiservice.yaml\""
2025-01-30 18:28:07,056 INFO c.h.h.t.OperatorHelmChartContainer - [K3S] [handler_proxy.go:99] no RequestInfo found in the context
2025-01-30 18:28:07,058 INFO c.h.h.t.OperatorHelmChartContainer - [K3S] [controller.go:146] "Unhandled Error" err=<
2025-01-30 18:28:07,058 INFO c.h.h.t.OperatorHelmChartContainer - [K3S] 	, Header: map[Content-Type:[text/plain; charset=utf-8] X-Content-Type-Options:[nosniff]]
2025-01-30 18:28:07,058 INFO c.h.h.t.OperatorHelmChartContainer - [K3S]  >
2025-01-30 18:28:07,060 INFO c.h.h.t.OperatorHelmChartContainer - [K3S] [handler_proxy.go:143] error resolving kube-system/metrics-server: service "metrics-server" not found
2025-01-30 18:28:07,063 INFO c.h.h.t.OperatorHelmChartContainer - [K3S] [event.go:389] "Event occurred" object="kube-system/metrics-server-deployment" fieldPath="" kind="Addon" apiVersion="k3s.cattle.io/v1" type="Normal" reason="ApplyingManifest" message="Applying manifest at \"/var/lib/rancher/k3s/server/manifests/metrics-server/metrics-server-deployment.yaml\""
2025-01-30 18:28:07,086 INFO c.h.h.t.OperatorHelmChartContainer - [K3S] [event.go:389] "Event occurred" object="kube-system/metrics-server-deployment" fieldPath="" kind="Addon" apiVersion="k3s.cattle.io/v1" type="Normal" reason="AppliedManifest" message="Applied manifest at \"/var/lib/rancher/k3s/server/manifests/metrics-server/metrics-server-deployment.yaml\""
2025-01-30 18:28:07,092 INFO c.h.h.t.OperatorHelmChartContainer - [K3S] [event.go:389] "Event occurred" object="kube-system/metrics-server-service" fieldPath="" kind="Addon" apiVersion="k3s.cattle.io/v1" type="Normal" reason="ApplyingManifest" message="Applying manifest at \"/var/lib/rancher/k3s/server/manifests/metrics-server/metrics-server-service.yaml\""
2025-01-30 18:28:07,107 INFO c.h.h.t.OperatorHelmChartContainer - [K3S] [alloc.go:330] "allocated clusterIPs" service="kube-system/metrics-server" clusterIPs={"IPv4":"10.43.209.105"}
2025-01-30 18:28:07,108 INFO c.h.h.t.OperatorHelmChartContainer - [K3S] [event.go:389] "Event occurred" object="kube-system/metrics-server-service" fieldPath="" kind="Addon" apiVersion="k3s.cattle.io/v1" type="Normal" reason="AppliedManifest" message="Applied manifest at \"/var/lib/rancher/k3s/server/manifests/metrics-server/metrics-server-service.yaml\""
2025-01-30 18:28:07,119 INFO c.h.h.t.OperatorHelmChartContainer - [K3S] [handler_proxy.go:99] no RequestInfo found in the context
2025-01-30 18:28:07,119 INFO c.h.h.t.OperatorHelmChartContainer - [K3S] [controller.go:146] "Unhandled Error" err=<
2025-01-30 18:28:07,120 INFO c.h.h.t.OperatorHelmChartContainer - [K3S] 	, Header: map[Content-Type:[text/plain; charset=utf-8] X-Content-Type-Options:[nosniff]]
2025-01-30 18:28:07,121 INFO c.h.h.t.OperatorHelmChartContainer - [K3S]  >
2025-01-30 18:28:07,121 INFO c.h.h.t.OperatorHelmChartContainer - [K3S] [handler_proxy.go:143] error resolving kube-system/metrics-server: endpoints "metrics-server" not found
2025-01-30 18:28:07,122 INFO c.h.h.t.OperatorHelmChartContainer - [K3S] [event.go:389] "Event occurred" object="kube-system/resource-reader" fieldPath="" kind="Addon" apiVersion="k3s.cattle.io/v1" type="Normal" reason="ApplyingManifest" message="Applying manifest at \"/var/lib/rancher/k3s/server/manifests/metrics-server/resource-reader.yaml\""
2025-01-30 18:28:07,139 INFO c.h.h.t.OperatorHelmChartContainer - [K3S] [event.go:389] "Event occurred" object="kube-system/resource-reader" fieldPath="" kind="Addon" apiVersion="k3s.cattle.io/v1" type="Normal" reason="AppliedManifest" message="Applied manifest at \"/var/lib/rancher/k3s/server/manifests/metrics-server/resource-reader.yaml\""
2025-01-30 18:28:07,151 INFO c.h.h.t.OperatorHelmChartContainer - [K3S] [event.go:389] "Event occurred" object="kube-system/rolebindings" fieldPath="" kind="Addon" apiVersion="k3s.cattle.io/v1" type="Normal" reason="ApplyingManifest" message="Applying manifest at \"/var/lib/rancher/k3s/server/manifests/rolebindings.yaml\""
2025-01-30 18:28:07,166 INFO c.h.h.t.OperatorHelmChartContainer - [K3S] [daemon_controller.go:294] "Starting daemon sets controller"
2025-01-30 18:28:07,167 INFO c.h.h.t.OperatorHelmChartContainer - [K3S] [controllermanager.go:765] "Started controller" controller="daemonset-controller"
2025-01-30 18:28:07,268 INFO c.h.h.t.OperatorHelmChartContainer - [K3S] [event.go:389] "Event occurred" object="kube-system/rolebindings" fieldPath="" kind="Addon" apiVersion="k3s.cattle.io/v1" type="Normal" reason="AppliedManifest" message="Applied manifest at \"/var/lib/rancher/k3s/server/manifests/rolebindings.yaml\""
2025-01-30 18:28:07,288 INFO c.h.h.t.OperatorHelmChartContainer - [K3S] [event.go:389] "Event occurred" object="kube-system/runtimes" fieldPath="" kind="Addon" apiVersion="k3s.cattle.io/v1" type="Normal" reason="ApplyingManifest" message="Applying manifest at \"/var/lib/rancher/k3s/server/manifests/runtimes.yaml\""
2025-01-30 18:28:07,315 INFO c.h.h.t.OperatorHelmChartContainer - [K3S] [controllermanager.go:765] "Started controller" controller="persistentvolumeclaim-protection-controller"
2025-01-30 18:28:07,316 INFO c.h.h.t.OperatorHelmChartContainer - [K3S] [pvc_protection_controller.go:168] "Starting PVC protection controller"
2025-01-30 18:28:07,338 INFO c.h.h.t.OperatorHelmChartContainer - [K3S] [event.go:389] "Event occurred" object="kube-system/runtimes" fieldPath="" kind="Addon" apiVersion="k3s.cattle.io/v1" type="Normal" reason="AppliedManifest" message="Applied manifest at \"/var/lib/rancher/k3s/server/manifests/runtimes.yaml\""
2025-01-30 18:28:07,465 INFO c.h.h.t.OperatorHelmChartContainer - [K3S] [controllermanager.go:765] "Started controller" controller="persistentvolume-protection-controller"
2025-01-30 18:28:07,465 INFO c.h.h.t.OperatorHelmChartContainer - [K3S] [pv_protection_controller.go:81] "Starting PV protection controller"
2025-01-30 18:28:07,500 INFO c.h.h.t.OperatorHelmChartContainer - [K3S] [serving.go:392] Generated self-signed cert in-memory
2025-01-30 18:28:07,721 INFO c.h.h.t.OperatorHelmChartContainer - [K3S] [controllermanager.go:765] "Started controller" controller="namespace-controller"
2025-01-30 18:28:07,721 INFO c.h.h.t.OperatorHelmChartContainer - [K3S] [namespace_controller.go:202] "Starting namespace controller"
2025-01-30 18:28:08,014 INFO c.h.h.t.OperatorHelmChartContainer - [K3S] [controllermanager.go:765] "Started controller" controller="horizontal-pod-autoscaler-controller"
2025-01-30 18:28:08,015 INFO c.h.h.t.OperatorHelmChartContainer - [K3S] [controllermanager.go:743] "Warning: skipping controller" controller="storage-version-migrator-controller"
2025-01-30 18:28:08,015 INFO c.h.h.t.OperatorHelmChartContainer - [K3S] [controllermanager.go:717] "Controller is disabled by a feature gate" controller="selinux-warning-controller" requiredFeatureGates=["SELinuxChangePolicy"]
2025-01-30 18:28:08,015 INFO c.h.h.t.OperatorHelmChartContainer - [K3S] [horizontal.go:201] "Starting HPA controller"
2025-01-30 18:28:08,023 INFO c.h.h.t.OperatorHelmChartContainer - [K3S] [serving.go:392] Generated self-signed cert in-memory
2025-01-30 18:28:08,043 INFO c.h.h.t.OperatorHelmChartContainer - [K3S] [handler_proxy.go:99] no RequestInfo found in the context
2025-01-30 18:28:08,045 INFO c.h.h.t.OperatorHelmChartContainer - [K3S] [controller.go:102] "Unhandled Error" err=<
2025-01-30 18:28:08,045 INFO c.h.h.t.OperatorHelmChartContainer - [K3S] 	, Header: map[Content-Type:[text/plain; charset=utf-8] X-Content-Type-Options:[nosniff]]
2025-01-30 18:28:08,045 INFO c.h.h.t.OperatorHelmChartContainer - [K3S]  >
2025-01-30 18:28:08,045 INFO c.h.h.t.OperatorHelmChartContainer - [K3S] [handler_proxy.go:99] no RequestInfo found in the context
2025-01-30 18:28:08,164 INFO c.h.h.t.OperatorHelmChartContainer - [K3S] [controllermanager.go:765] "Started controller" controller="job-controller"
2025-01-30 18:28:08,165 INFO c.h.h.t.OperatorHelmChartContainer - [K3S] [job_controller.go:243] "Starting job controller"
2025-01-30 18:28:08,211 INFO c.h.h.t.OperatorHelmChartContainer - [K3S] [INFO] Tunnel authorizer set Kubelet Port 0.0.0.0:10250
2025-01-30 18:28:08,316 INFO c.h.h.t.OperatorHelmChartContainer - [K3S] [controllermanager.go:765] "Started controller" controller="statefulset-controller"
2025-01-30 18:28:08,317 INFO c.h.h.t.OperatorHelmChartContainer - [K3S] [stateful_set.go:166] "Starting stateful set controller"
2025-01-30 18:28:08,360 INFO c.h.h.t.OperatorHelmChartContainer - [K3S] [controllermanager.go:160] Version: v1.32.1+k3s1
2025-01-30 18:28:08,363 INFO c.h.h.t.OperatorHelmChartContainer - [K3S] [secure_serving.go:213] Serving securely on 127.0.0.1:10258
2025-01-30 18:28:08,364 INFO c.h.h.t.OperatorHelmChartContainer - [K3S] [tlsconfig.go:243] "Starting DynamicServingCertificateController"
2025-01-30 18:28:08,364 INFO c.h.h.t.OperatorHelmChartContainer - [K3S] [requestheader_controller.go:180] Starting RequestHeaderAuthRequestController
2025-01-30 18:28:08,364 INFO c.h.h.t.OperatorHelmChartContainer - [K3S] [configmap_cafile_content.go:205] "Starting controller" name="client-ca::kube-system::extension-apiserver-authentication::client-ca-file"
2025-01-30 18:28:08,364 INFO c.h.h.t.OperatorHelmChartContainer - [K3S] [configmap_cafile_content.go:205] "Starting controller" name="client-ca::kube-system::extension-apiserver-authentication::requestheader-client-ca-file"
2025-01-30 18:28:08,369 INFO c.h.h.t.OperatorHelmChartContainer - [K3S] [INFO] Creating service-lb-controller event broadcaster
2025-01-30 18:28:08,465 INFO c.h.h.t.OperatorHelmChartContainer - [K3S] [controllermanager.go:765] "Started controller" controller="root-ca-certificate-publisher-controller"
2025-01-30 18:28:08,465 INFO c.h.h.t.OperatorHelmChartContainer - [K3S] [controllermanager.go:717] "Controller is disabled by a feature gate" controller="resourceclaim-controller" requiredFeatureGates=["DynamicResourceAllocation"]
2025-01-30 18:28:08,465 INFO c.h.h.t.OperatorHelmChartContainer - [K3S] [publisher.go:107] "Starting root CA cert publisher controller"
2025-01-30 18:28:08,485 INFO c.h.h.t.OperatorHelmChartContainer - [K3S] [INFO] Starting /v1, Kind=Node controller
2025-01-30 18:28:08,488 INFO c.h.h.t.OperatorHelmChartContainer - [K3S] [INFO] Starting /v1, Kind=Pod controller
2025-01-30 18:28:08,491 INFO c.h.h.t.OperatorHelmChartContainer - [K3S] [INFO] Starting apps/v1, Kind=DaemonSet controller
2025-01-30 18:28:08,494 INFO c.h.h.t.OperatorHelmChartContainer - [K3S] [INFO] Starting discovery.k8s.io/v1, Kind=EndpointSlice controller
2025-01-30 18:28:08,495 INFO c.h.h.t.OperatorHelmChartContainer - [K3S] [controllermanager.go:329] Started "cloud-node-controller"
2025-01-30 18:28:08,495 INFO c.h.h.t.OperatorHelmChartContainer - [K3S] [controllermanager.go:329] Started "cloud-node-lifecycle-controller"
2025-01-30 18:28:08,495 INFO c.h.h.t.OperatorHelmChartContainer - [K3S] [node_controller.go:176] Sending events to api server.
2025-01-30 18:28:08,495 INFO c.h.h.t.OperatorHelmChartContainer - [K3S] [node_lifecycle_controller.go:112] Sending events to api server
2025-01-30 18:28:08,495 INFO c.h.h.t.OperatorHelmChartContainer - [K3S] [node_controller.go:185] Waiting for informer caches to sync
2025-01-30 18:28:08,496 INFO c.h.h.t.OperatorHelmChartContainer - [K3S] [controllermanager.go:329] Started "service-lb-controller"
2025-01-30 18:28:08,496 INFO c.h.h.t.OperatorHelmChartContainer - [K3S] [controllermanager.go:306] "node-route-controller" is disabled
2025-01-30 18:28:08,496 INFO c.h.h.t.OperatorHelmChartContainer - [K3S] [controller.go:234] Starting service controller
2025-01-30 18:28:08,514 INFO c.h.h.t.OperatorHelmChartContainer - [K3S] [controllermanager.go:765] "Started controller" controller="taint-eviction-controller"
2025-01-30 18:28:08,514 INFO c.h.h.t.OperatorHelmChartContainer - [K3S] [taint_eviction.go:281] "Starting" controller="taint-eviction-controller"
2025-01-30 18:28:08,514 INFO c.h.h.t.OperatorHelmChartContainer - [K3S] [taint_eviction.go:287] "Sending events to api server"
2025-01-30 18:28:08,595 INFO c.h.h.t.OperatorHelmChartContainer - [K3S] [node_controller.go:429] Initializing node 2b841d1100f5 with cloud provider
2025-01-30 18:28:08,602 INFO c.h.h.t.OperatorHelmChartContainer - [K3S] [node_controller.go:474] Successfully initialized node 2b841d1100f5 with cloud provider
2025-01-30 18:28:08,603 INFO c.h.h.t.OperatorHelmChartContainer - [K3S] [event.go:389] "Event occurred" object="2b841d1100f5" fieldPath="" kind="Node" apiVersion="v1" type="Normal" reason="Synced" message="Node synced successfully"
2025-01-30 18:28:08,610 INFO c.h.h.t.OperatorHelmChartContainer - [K3S] [INFO] Updated coredns NodeHosts entry for 2b841d1100f5
2025-01-30 18:28:08,667 INFO c.h.h.t.OperatorHelmChartContainer - [K3S] [controllermanager.go:765] "Started controller" controller="serviceaccount-controller"
2025-01-30 18:28:08,667 INFO c.h.h.t.OperatorHelmChartContainer - [K3S] [serviceaccounts_controller.go:114] "Starting service account controller"
2025-01-30 18:28:08,815 INFO c.h.h.t.OperatorHelmChartContainer - [K3S] [controllermanager.go:765] "Started controller" controller="ttl-controller"
2025-01-30 18:28:08,815 INFO c.h.h.t.OperatorHelmChartContainer - [K3S] [controllermanager.go:723] "Skipping a cloud provider controller" controller="node-route-controller"
2025-01-30 18:28:08,815 INFO c.h.h.t.OperatorHelmChartContainer - [K3S] [controllermanager.go:723] "Skipping a cloud provider controller" controller="cloud-node-lifecycle-controller"
2025-01-30 18:28:08,815 INFO c.h.h.t.OperatorHelmChartContainer - [K3S] [ttl_controller.go:127] "Starting TTL controller"
2025-01-30 18:28:08,965 INFO c.h.h.t.OperatorHelmChartContainer - [K3S] [controllermanager.go:765] "Started controller" controller="clusterrole-aggregation-controller"
2025-01-30 18:28:08,966 INFO c.h.h.t.OperatorHelmChartContainer - [K3S] [clusterroleaggregation_controller.go:194] "Starting ClusterRoleAggregator controller"
2025-01-30 18:28:09,012 INFO c.h.h.t.OperatorHelmChartContainer - [K3S] [serving.go:392] Generated self-signed cert in-memory
2025-01-30 18:28:09,165 INFO c.h.h.t.OperatorHelmChartContainer - [K3S] [controllermanager.go:765] "Started controller" controller="validatingadmissionpolicy-status-controller"
2025-01-30 18:28:09,189 INFO c.h.h.t.OperatorHelmChartContainer - [K3S] [actual_state_of_world.go:541] "Failed to update statusUpdateNeeded field in actual state of world" err="Failed to set statusUpdateNeeded to needed true, because nodeName=\"2b841d1100f5\" does not exist"
2025-01-30 18:28:09,210 INFO c.h.h.t.OperatorHelmChartContainer - [K3S] [INFO] Started tunnel to 172.17.0.3:6443
2025-01-30 18:28:09,212 INFO c.h.h.t.OperatorHelmChartContainer - [K3S] [INFO] Stopped tunnel to 127.0.0.1:6443
2025-01-30 18:28:09,213 INFO c.h.h.t.OperatorHelmChartContainer - [K3S] [INFO] Connecting to proxy" url="wss://172.17.0.3:6443/v1-k3s/connect
2025-01-30 18:28:09,218 INFO c.h.h.t.OperatorHelmChartContainer - [K3S] [INFO] Proxy done" err="context canceled" url="wss://127.0.0.1:6443/v1-k3s/connect
2025-01-30 18:28:09,219 INFO c.h.h.t.OperatorHelmChartContainer - [K3S] [INFO] error in remotedialer server [400]: websocket: close 1006 (abnormal closure): unexpected EOF
2025-01-30 18:28:09,222 INFO c.h.h.t.OperatorHelmChartContainer - [K3S] [range_allocator.go:177] "Sending events to api server"
2025-01-30 18:28:09,222 INFO c.h.h.t.OperatorHelmChartContainer - [K3S] [range_allocator.go:183] "Starting range CIDR allocator"
2025-01-30 18:28:09,227 INFO c.h.h.t.OperatorHelmChartContainer - [K3S] [INFO] Handling backend connection request [2b841d1100f5]
2025-01-30 18:28:09,231 INFO c.h.h.t.OperatorHelmChartContainer - [K3S] [INFO] Remotedialer connected to proxy" url="wss://172.17.0.3:6443/v1-k3s/connect
2025-01-30 18:28:09,246 INFO c.h.h.t.OperatorHelmChartContainer - [K3S] [range_allocator.go:428] "Set node PodCIDR" node="2b841d1100f5" podCIDRs=["10.42.0.0/24"]
2025-01-30 18:28:09,250 INFO c.h.h.t.OperatorHelmChartContainer - [K3S] [range_allocator.go:247] "Successfully synced" key="2b841d1100f5"
2025-01-30 18:28:09,259 INFO c.h.h.t.OperatorHelmChartContainer - [K3S] [INFO] Flannel found PodCIDR assigned for node 2b841d1100f5
2025-01-30 18:28:09,263 INFO c.h.h.t.OperatorHelmChartContainer - [K3S] [range_allocator.go:247] "Successfully synced" key="2b841d1100f5"
2025-01-30 18:28:09,265 INFO c.h.h.t.OperatorHelmChartContainer - [K3S] [INFO] The interface eth0 with ipv4 address 172.17.0.3 will be used by flannel
2025-01-30 18:28:09,270 INFO c.h.h.t.OperatorHelmChartContainer - [K3S] [kube.go:139] Waiting 10m0s for node controller to sync
2025-01-30 18:28:09,272 INFO c.h.h.t.OperatorHelmChartContainer - [K3S] [kube.go:469] Starting kube subnet manager
2025-01-30 18:28:09,289 INFO c.h.h.t.OperatorHelmChartContainer - [K3S] [node_lifecycle_controller.go:1234] "Initializing eviction metric for zone" zone=""
2025-01-30 18:28:09,293 INFO c.h.h.t.OperatorHelmChartContainer - [K3S] [node_lifecycle_controller.go:886] "Missing timestamp for Node. Assuming now as a timestamp" node="2b841d1100f5"
2025-01-30 18:28:09,293 INFO c.h.h.t.OperatorHelmChartContainer - [K3S] [node_lifecycle_controller.go:1080] "Controller detected that zone is now in new state" zone="" newState="Normal"
2025-01-30 18:28:09,303 INFO c.h.h.t.OperatorHelmChartContainer - [K3S] [range_allocator.go:247] "Successfully synced" key="2b841d1100f5"
2025-01-30 18:28:09,383 INFO c.h.h.t.OperatorHelmChartContainer - [K3S] [server.go:164] "Starting Kubernetes Scheduler" version="v1.32.1+k3s1"
2025-01-30 18:28:09,383 INFO c.h.h.t.OperatorHelmChartContainer - [K3S] [server.go:166] "Golang settings" GOGC="" GOMAXPROCS="" GOTRACEBACK=""
2025-01-30 18:28:09,384 INFO c.h.h.t.OperatorHelmChartContainer - [K3S] [INFO] Starting network policy controller version v2.2.1, built on 2025-01-28T18:27:08Z, go1.23.4
2025-01-30 18:28:09,384 INFO c.h.h.t.OperatorHelmChartContainer - [K3S] [network_policy_controller.go:164] Starting network policy controller
2025-01-30 18:28:09,387 INFO c.h.h.t.OperatorHelmChartContainer - [K3S] [requestheader_controller.go:180] Starting RequestHeaderAuthRequestController
2025-01-30 18:28:09,387 INFO c.h.h.t.OperatorHelmChartContainer - [K3S] [configmap_cafile_content.go:205] "Starting controller" name="client-ca::kube-system::extension-apiserver-authentication::requestheader-client-ca-file"
2025-01-30 18:28:09,387 INFO c.h.h.t.OperatorHelmChartContainer - [K3S] [configmap_cafile_content.go:205] "Starting controller" name="client-ca::kube-system::extension-apiserver-authentication::client-ca-file"
2025-01-30 18:28:09,387 INFO c.h.h.t.OperatorHelmChartContainer - [K3S] [secure_serving.go:213] Serving securely on 127.0.0.1:10259
2025-01-30 18:28:09,387 INFO c.h.h.t.OperatorHelmChartContainer - [K3S] [tlsconfig.go:243] "Starting DynamicServingCertificateController"
2025-01-30 18:28:09,416 INFO c.h.h.t.OperatorHelmChartContainer - [K3S] [network_policy_controller.go:176] Starting network policy controller full sync goroutine
2025-01-30 18:28:09,570 INFO c.h.h.t.OperatorHelmChartContainer - [K3S] [range_allocator.go:247] "Successfully synced" key="2b841d1100f5"
2025-01-30 18:28:09,622 INFO c.h.h.t.OperatorHelmChartContainer - [K3S] [handler_proxy.go:99] no RequestInfo found in the context
2025-01-30 18:28:09,622 INFO c.h.h.t.OperatorHelmChartContainer - [K3S] [controller.go:146] "Unhandled Error" err=<
2025-01-30 18:28:09,622 INFO c.h.h.t.OperatorHelmChartContainer - [K3S] 	, Header: map[Content-Type:[text/plain; charset=utf-8] X-Content-Type-Options:[nosniff]]
2025-01-30 18:28:09,622 INFO c.h.h.t.OperatorHelmChartContainer - [K3S]  >
2025-01-30 18:28:09,623 INFO c.h.h.t.OperatorHelmChartContainer - [K3S] [handler_proxy.go:143] error resolving kube-system/metrics-server: no endpoints available for service "metrics-server"
2025-01-30 18:28:10,080 INFO c.h.h.t.OperatorHelmChartContainer - [K3S] [replica_set.go:679] "Finished syncing" kind="ReplicaSet" key="kube-system/coredns-ff8999cc5" duration="356.415104ms"
2025-01-30 18:28:10,081 INFO c.h.h.t.OperatorHelmChartContainer - [K3S] [replica_set.go:679] "Finished syncing" kind="ReplicaSet" key="kube-system/local-path-provisioner-698b58967b" duration="359.555192ms"
2025-01-30 18:28:10,091 INFO c.h.h.t.OperatorHelmChartContainer - [K3S] [replica_set.go:679] "Finished syncing" kind="ReplicaSet" key="kube-system/metrics-server-8584b5786c" duration="369.015113ms"
2025-01-30 18:28:10,105 INFO c.h.h.t.OperatorHelmChartContainer - [K3S] [replica_set.go:679] "Finished syncing" kind="ReplicaSet" key="kube-system/local-path-provisioner-698b58967b" duration="23.251384ms"
2025-01-30 18:28:10,110 INFO c.h.h.t.OperatorHelmChartContainer - [K3S] [replica_set.go:679] "Finished syncing" kind="ReplicaSet" key="kube-system/coredns-ff8999cc5" duration="31.883822ms"
2025-01-30 18:28:10,116 INFO c.h.h.t.OperatorHelmChartContainer - [K3S] [replica_set.go:679] "Finished syncing" kind="ReplicaSet" key="kube-system/metrics-server-8584b5786c" duration="23.364046ms"
2025-01-30 18:28:10,131 INFO c.h.h.t.OperatorHelmChartContainer - [K3S] [replica_set.go:679] "Finished syncing" kind="ReplicaSet" key="kube-system/local-path-provisioner-698b58967b" duration="26.972146ms"
2025-01-30 18:28:10,132 INFO c.h.h.t.OperatorHelmChartContainer - [K3S] [replica_set.go:679] "Finished syncing" kind="ReplicaSet" key="kube-system/local-path-provisioner-698b58967b" duration="46.116µs"
2025-01-30 18:28:10,137 INFO c.h.h.t.OperatorHelmChartContainer - [K3S] [replica_set.go:679] "Finished syncing" kind="ReplicaSet" key="kube-system/coredns-ff8999cc5" duration="27.454979ms"
2025-01-30 18:28:10,139 INFO c.h.h.t.OperatorHelmChartContainer - [K3S] [replica_set.go:679] "Finished syncing" kind="ReplicaSet" key="kube-system/coredns-ff8999cc5" duration="96.901µs"
2025-01-30 18:28:10,139 INFO c.h.h.t.OperatorHelmChartContainer - [K3S] [replica_set.go:679] "Finished syncing" kind="ReplicaSet" key="kube-system/metrics-server-8584b5786c" duration="25.007173ms"
2025-01-30 18:28:10,140 INFO c.h.h.t.OperatorHelmChartContainer - [K3S] [replica_set.go:679] "Finished syncing" kind="ReplicaSet" key="kube-system/metrics-server-8584b5786c" duration="41.618µs"
2025-01-30 18:28:10,144 INFO c.h.h.t.OperatorHelmChartContainer - [K3S] [replica_set.go:679] "Finished syncing" kind="ReplicaSet" key="kube-system/local-path-provisioner-698b58967b" duration="41.839µs"
2025-01-30 18:28:10,188 INFO c.h.h.t.OperatorHelmChartContainer - [K3S] [reconciler_common.go:251] "operationExecutor.VerifyControllerAttachedVolume started for volume \"config-volume\" (UniqueName: \"kubernetes.io/configmap/c04e278d-f6af-4fe9-93e9-1b4919e604a4-config-volume\") pod \"local-path-provisioner-698b58967b-6p28q\" (UID: \"c04e278d-f6af-4fe9-93e9-1b4919e604a4\") " pod="kube-system/local-path-provisioner-698b58967b-6p28q"
2025-01-30 18:28:10,189 INFO c.h.h.t.OperatorHelmChartContainer - [K3S] [reconciler_common.go:251] "operationExecutor.VerifyControllerAttachedVolume started for volume \"kube-api-access-rhcfn\" (UniqueName: \"kubernetes.io/projected/c04e278d-f6af-4fe9-93e9-1b4919e604a4-kube-api-access-rhcfn\") pod \"local-path-provisioner-698b58967b-6p28q\" (UID: \"c04e278d-f6af-4fe9-93e9-1b4919e604a4\") " pod="kube-system/local-path-provisioner-698b58967b-6p28q"
2025-01-30 18:28:10,189 INFO c.h.h.t.OperatorHelmChartContainer - [K3S] [reconciler_common.go:251] "operationExecutor.VerifyControllerAttachedVolume started for volume \"tmp-dir\" (UniqueName: \"kubernetes.io/empty-dir/9dea702d-1728-45e5-99d3-6c8d0ee0f653-tmp-dir\") pod \"metrics-server-8584b5786c-v5qc8\" (UID: \"9dea702d-1728-45e5-99d3-6c8d0ee0f653\") " pod="kube-system/metrics-server-8584b5786c-v5qc8"
2025-01-30 18:28:10,189 INFO c.h.h.t.OperatorHelmChartContainer - [K3S] [reconciler_common.go:251] "operationExecutor.VerifyControllerAttachedVolume started for volume \"kube-api-access-xnr87\" (UniqueName: \"kubernetes.io/projected/9dea702d-1728-45e5-99d3-6c8d0ee0f653-kube-api-access-xnr87\") pod \"metrics-server-8584b5786c-v5qc8\" (UID: \"9dea702d-1728-45e5-99d3-6c8d0ee0f653\") " pod="kube-system/metrics-server-8584b5786c-v5qc8"
2025-01-30 18:28:10,189 INFO c.h.h.t.OperatorHelmChartContainer - [K3S] [reconciler_common.go:251] "operationExecutor.VerifyControllerAttachedVolume started for volume \"config-volume\" (UniqueName: \"kubernetes.io/configmap/039fe79f-cec1-44d1-a084-a593b2acf954-config-volume\") pod \"coredns-ff8999cc5-7vlls\" (UID: \"039fe79f-cec1-44d1-a084-a593b2acf954\") " pod="kube-system/coredns-ff8999cc5-7vlls"
2025-01-30 18:28:10,189 INFO c.h.h.t.OperatorHelmChartContainer - [K3S] [reconciler_common.go:251] "operationExecutor.VerifyControllerAttachedVolume started for volume \"custom-config-volume\" (UniqueName: \"kubernetes.io/configmap/039fe79f-cec1-44d1-a084-a593b2acf954-custom-config-volume\") pod \"coredns-ff8999cc5-7vlls\" (UID: \"039fe79f-cec1-44d1-a084-a593b2acf954\") " pod="kube-system/coredns-ff8999cc5-7vlls"
2025-01-30 18:28:10,189 INFO c.h.h.t.OperatorHelmChartContainer - [K3S] [reconciler_common.go:251] "operationExecutor.VerifyControllerAttachedVolume started for volume \"kube-api-access-h2hck\" (UniqueName: \"kubernetes.io/projected/039fe79f-cec1-44d1-a084-a593b2acf954-kube-api-access-h2hck\") pod \"coredns-ff8999cc5-7vlls\" (UID: \"039fe79f-cec1-44d1-a084-a593b2acf954\") " pod="kube-system/coredns-ff8999cc5-7vlls"
2025-01-30 18:28:10,270 INFO c.h.h.t.OperatorHelmChartContainer - [K3S] [kube.go:146] Node controller sync successful
2025-01-30 18:28:10,270 INFO c.h.h.t.OperatorHelmChartContainer - [K3S] [vxlan.go:141] VXLAN config: VNI=1 Port=0 GBP=false Learning=false DirectRouting=false
2025-01-30 18:28:10,273 INFO c.h.h.t.OperatorHelmChartContainer - [K3S] [kube.go:636] List of node(2b841d1100f5) annotations: map[string]string{"alpha.kubernetes.io/provided-node-ip":"172.17.0.3", "k3s.io/hostname":"2b841d1100f5", "k3s.io/internal-ip":"172.17.0.3", "k3s.io/node-args":"[\"server\",\"--disable\",\"traefik\",\"--tls-san\",\"localhost\"]", "k3s.io/node-config-hash":"JO7YSLDHXFTIIPZLLVI7GVGPULZK5EY6PYXUBKR6RNNG4QMX5FBQ====", "k3s.io/node-env":"{}", "node.alpha.kubernetes.io/ttl":"0", "volumes.kubernetes.io/controller-managed-attach-detach":"true"}
2025-01-30 18:28:10,278 INFO c.h.h.t.OperatorHelmChartContainer - [K3S] [iptables.go:51] Starting flannel in iptables mode...
2025-01-30 18:28:10,279 INFO c.h.h.t.OperatorHelmChartContainer - [K3S] [WARNING] no subnet found for key: FLANNEL_NETWORK in file: /run/flannel/subnet.env
2025-01-30 18:28:10,279 INFO c.h.h.t.OperatorHelmChartContainer - [K3S] [WARNING] no subnet found for key: FLANNEL_SUBNET in file: /run/flannel/subnet.env
2025-01-30 18:28:10,279 INFO c.h.h.t.OperatorHelmChartContainer - [K3S] [WARNING] no subnet found for key: FLANNEL_IPV6_NETWORK in file: /run/flannel/subnet.env
2025-01-30 18:28:10,279 INFO c.h.h.t.OperatorHelmChartContainer - [K3S] [WARNING] no subnet found for key: FLANNEL_IPV6_SUBNET in file: /run/flannel/subnet.env
2025-01-30 18:28:10,279 INFO c.h.h.t.OperatorHelmChartContainer - [K3S] [iptables.go:115] Current network or subnet (10.42.0.0/16, 10.42.0.0/24) is not equal to previous one (0.0.0.0/0, 0.0.0.0/0), trying to recycle old iptables rules
2025-01-30 18:28:10,279 INFO c.h.h.t.OperatorHelmChartContainer - [K3S] [kube.go:490] Creating the node lease for IPv4. This is the n.Spec.PodCIDRs: [10.42.0.0/24]
2025-01-30 18:28:10,279 INFO c.h.h.t.OperatorHelmChartContainer - [K3S] [range_allocator.go:247] "Successfully synced" key="2b841d1100f5"
2025-01-30 18:28:10,286 INFO c.h.h.t.OperatorHelmChartContainer - [K3S] [iptables.go:125] Setting up masking rules
2025-01-30 18:28:10,288 INFO c.h.h.t.OperatorHelmChartContainer - [K3S] [iptables.go:226] Changing default FORWARD chain policy to ACCEPT
2025-01-30 18:28:10,291 INFO c.h.h.t.OperatorHelmChartContainer - [K3S] [INFO] Wrote flannel subnet file to /run/flannel/subnet.env
2025-01-30 18:28:10,291 INFO c.h.h.t.OperatorHelmChartContainer - [K3S] [INFO] Running flannel backend.
2025-01-30 18:28:10,291 INFO c.h.h.t.OperatorHelmChartContainer - [K3S] [vxlan_network.go:65] watching for new subnet leases
2025-01-30 18:28:10,305 INFO c.h.h.t.OperatorHelmChartContainer - [K3S] [iptables.go:372] bootstrap done
2025-01-30 18:28:10,308 INFO c.h.h.t.OperatorHelmChartContainer - [K3S] [iptables.go:372] bootstrap done
2025-01-30 18:28:10,623 INFO c.h.h.t.OperatorHelmChartContainer - [K3S] [handler_proxy.go:99] no RequestInfo found in the context
2025-01-30 18:28:10,623 INFO c.h.h.t.OperatorHelmChartContainer - [K3S] [handler_proxy.go:99] no RequestInfo found in the context
2025-01-30 18:28:10,624 INFO c.h.h.t.OperatorHelmChartContainer - [K3S] [controller.go:102] "Unhandled Error" err=<
2025-01-30 18:28:10,624 INFO c.h.h.t.OperatorHelmChartContainer - [K3S] 	, Header: map[Content-Type:[text/plain; charset=utf-8] X-Content-Type-Options:[nosniff]]
2025-01-30 18:28:10,624 INFO c.h.h.t.OperatorHelmChartContainer - [K3S]  >
2025-01-30 18:28:14,493 INFO c.h.h.t.OperatorHelmChartContainer - [K3S] [kuberuntime_manager.go:1702] "Updating runtime config through cri with podcidr" CIDR="10.42.0.0/24"
2025-01-30 18:28:14,494 INFO c.h.h.t.OperatorHelmChartContainer - [K3S] [kubelet_network.go:61] "Updating Pod CIDR" originalPodCIDR="" newPodCIDR="10.42.0.0/24"
2025-01-30 18:28:14,501 INFO c.h.h.t.OperatorHelmChartContainer - [K3S] [range_allocator.go:247] "Successfully synced" key="2b841d1100f5"
2025-01-30 18:28:15,361 INFO c.h.h.t.OperatorHelmChartContainer - [K3S] [replica_set.go:679] "Finished syncing" kind="ReplicaSet" key="kube-system/metrics-server-8584b5786c" duration="39.585µs"
2025-01-30 18:28:15,395 INFO c.h.h.t.OperatorHelmChartContainer - [K3S] [replica_set.go:679] "Finished syncing" kind="ReplicaSet" key="kube-system/local-path-provisioner-698b58967b" duration="9.708534ms"
2025-01-30 18:28:15,395 INFO c.h.h.t.OperatorHelmChartContainer - [K3S] [replica_set.go:679] "Finished syncing" kind="ReplicaSet" key="kube-system/local-path-provisioner-698b58967b" duration="34.955µs"
2025-01-30 18:28:16,364 INFO c.h.h.t.OperatorHelmChartContainer - [K3S] [replica_set.go:679] "Finished syncing" kind="ReplicaSet" key="kube-system/coredns-ff8999cc5" duration="54.071µs"
2025-01-30 18:28:17,379 INFO c.h.h.t.OperatorHelmChartContainer - [K3S] [replica_set.go:679] "Finished syncing" kind="ReplicaSet" key="kube-system/coredns-ff8999cc5" duration="11.220803ms"
2025-01-30 18:28:17,379 INFO c.h.h.t.OperatorHelmChartContainer - [K3S] [replica_set.go:679] "Finished syncing" kind="ReplicaSet" key="kube-system/coredns-ff8999cc5" duration="35.647µs"
2025-01-30 18:28:30,595 INFO c.h.h.t.OperatorHelmChartContainer - [K3S] [alloc.go:330] "allocated clusterIPs" service="default/test-hivemq-hivemq-operator-operator" clusterIPs={"IPv4":"10.43.183.183"}
2025-01-30 18:28:30,625 INFO c.h.h.t.OperatorHelmChartContainer - [K3S] [replica_set.go:679] "Finished syncing" kind="ReplicaSet" key="default/test-hivemq-hivemq-operator-operator-bc4cbf748" duration="15.982198ms"
2025-01-30 18:28:30,644 INFO c.h.h.t.OperatorHelmChartContainer - [K3S] [replica_set.go:679] "Finished syncing" kind="ReplicaSet" key="default/test-hivemq-hivemq-operator-operator-bc4cbf748" duration="22.827907ms"
2025-01-30 18:28:30,646 INFO c.h.h.t.OperatorHelmChartContainer - [K3S] [replica_set.go:679] "Finished syncing" kind="ReplicaSet" key="default/test-hivemq-hivemq-operator-operator-bc4cbf748" duration="82.574µs"
2025-01-30 18:28:30,664 INFO c.h.h.t.OperatorHelmChartContainer - [K3S] [replica_set.go:679] "Finished syncing" kind="ReplicaSet" key="default/test-hivemq-hivemq-operator-operator-bc4cbf748" duration="69.741µs"
2025-01-30 18:28:30,720 DEBUG c.h.h.t.OperatorHelmChartContainer - Chart 'test-hivemq' installed or upgraded
2025-01-30 18:28:30,751 INFO c.h.h.t.OperatorHelmChartContainer - [K3S] [reconciler_common.go:251] "operationExecutor.VerifyControllerAttachedVolume started for volume \"templates\" (UniqueName: \"kubernetes.io/configmap/842ee485-f8dc-47ce-b48f-894aadb505cd-templates\") pod \"test-hivemq-hivemq-operator-operator-bc4cbf748-s8njw\" (UID: \"842ee485-f8dc-47ce-b48f-894aadb505cd\") " pod="default/test-hivemq-hivemq-operator-operator-bc4cbf748-s8njw"
2025-01-30 18:28:30,752 INFO c.h.h.t.OperatorHelmChartContainer - [K3S] [reconciler_common.go:251] "operationExecutor.VerifyControllerAttachedVolume started for volume \"kube-api-access-2bzsd\" (UniqueName: \"kubernetes.io/projected/842ee485-f8dc-47ce-b48f-894aadb505cd-kube-api-access-2bzsd\") pod \"test-hivemq-hivemq-operator-operator-bc4cbf748-s8njw\" (UID: \"842ee485-f8dc-47ce-b48f-894aadb505cd\") " pod="default/test-hivemq-hivemq-operator-operator-bc4cbf748-s8njw"
2025-01-30 18:28:31,378 INFO c.h.h.t.OperatorHelmChartContainer - [K3S] [replica_set.go:679] "Finished syncing" kind="ReplicaSet" key="kube-system/metrics-server-8584b5786c" duration="6.045995ms"
2025-01-30 18:28:31,378 INFO c.h.h.t.OperatorHelmChartContainer - [K3S] [replica_set.go:679] "Finished syncing" kind="ReplicaSet" key="kube-system/metrics-server-8584b5786c" duration="35.376µs"
2025-01-30 18:28:31,416 INFO c.h.h.t.OperatorHelmChartContainer - [K3S] [replica_set.go:679] "Finished syncing" kind="ReplicaSet" key="default/test-hivemq-hivemq-operator-operator-bc4cbf748" duration="7.521571ms"
2025-01-30 18:28:31,416 INFO c.h.h.t.OperatorHelmChartContainer - [K3S] [replica_set.go:679] "Finished syncing" kind="ReplicaSet" key="default/test-hivemq-hivemq-operator-operator-bc4cbf748" duration="35.527µs"
2025-01-30 18:28:34,967 INFO c.h.h.t.OperatorHelmChartContainer - [K3S] [range_allocator.go:247] "Successfully synced" key="2b841d1100f5"
2025-01-30 18:28:39,376 INFO c.h.h.t.OperatorHelmChartContainer - [K3S] [alloc.go:330] "allocated clusterIPs" service="default/hivemq-test-hivemq-cc" clusterIPs={"IPv4":"10.43.196.137"}
2025-01-30 18:28:39,396 INFO c.h.h.t.OperatorHelmChartContainer - [K3S] [alloc.go:330] "allocated clusterIPs" service="default/hivemq-test-hivemq-mqtt" clusterIPs={"IPv4":"10.43.33.196"}
2025-01-30 18:28:39,397 INFO c.h.h.t.OperatorHelmChartContainer - [K3S] [event.go:389] "Event occurred" object="default/hivemq-test-hivemq-mqtt" fieldPath="" kind="Service" apiVersion="v1" type="Normal" reason="EnsuringLoadBalancer" message="Ensuring load balancer"
2025-01-30 18:28:39,479 INFO c.h.h.t.OperatorHelmChartContainer - [K3S] [event.go:389] "Event occurred" object="default/hivemq-test-hivemq-mqtt" fieldPath="" kind="Service" apiVersion="v1" type="Normal" reason="AppliedDaemonSet" message="Applied LoadBalancer DaemonSet kube-system/svclb-hivemq-test-hivemq-mqtt-93b34642"
2025-01-30 18:28:42,426 INFO c.h.h.t.OperatorHelmChartContainer - [K3S] [event.go:389] "Event occurred" object="default/hivemq-test-hivemq-mqtt" fieldPath="" kind="Service" apiVersion="v1" type="Normal" reason="UpdatedLoadBalancer" message="Updated LoadBalancer with new IPs: [] -> [172.17.0.3]"
2025-01-30 18:28:42,590 DEBUG com.hivemq.helmcharts.util.K8sUtil - State to compare Pending and waiting for Running
2025-01-30 18:28:42,802 DEBUG com.hivemq.helmcharts.util.K8sUtil - State to compare Pending and waiting for Running
2025-01-30 18:28:43,895 DEBUG com.hivemq.helmcharts.util.K8sUtil - State to compare Pending and waiting for Running
2025-01-30 18:28:44,209 DEBUG com.hivemq.helmcharts.util.K8sUtil - State to compare Pending and waiting for Running
2025-01-30 18:28:44,662 DEBUG com.hivemq.helmcharts.util.K8sUtil - State to compare Updating and waiting for Running
2025-01-30 18:28:45,198 INFO c.h.h.t.OperatorHelmChartContainer - [K3S] [replica_set.go:679] "Finished syncing" kind="ReplicaSet" key="default/test-hivemq-6ff45d747b" duration="32.636944ms"
2025-01-30 18:28:45,205 INFO c.h.h.t.OperatorHelmChartContainer - [K3S] [replica_set.go:679] "Finished syncing" kind="ReplicaSet" key="default/test-hivemq-6ff45d747b" duration="7.797704ms"
2025-01-30 18:28:45,206 INFO c.h.h.t.OperatorHelmChartContainer - [K3S] [replica_set.go:679] "Finished syncing" kind="ReplicaSet" key="default/test-hivemq-6ff45d747b" duration="169.065µs"
2025-01-30 18:28:45,210 INFO c.h.h.t.OperatorHelmChartContainer - [K3S] [replica_set.go:679] "Finished syncing" kind="ReplicaSet" key="default/test-hivemq-6ff45d747b" duration="39.204µs"
2025-01-30 18:28:45,267 DEBUG com.hivemq.helmcharts.util.K8sUtil - State to compare Updating and waiting for Running
2025-01-30 18:28:45,331 INFO c.h.h.t.OperatorHelmChartContainer - [K3S] [reconciler_common.go:251] "operationExecutor.VerifyControllerAttachedVolume started for volume \"backup\" (UniqueName: \"kubernetes.io/empty-dir/51ff544c-69e1-4030-b3d7-831e91b07faf-backup\") pod \"test-hivemq-6ff45d747b-zd9rb\" (UID: \"51ff544c-69e1-4030-b3d7-831e91b07faf\") " pod="default/test-hivemq-6ff45d747b-zd9rb"
2025-01-30 18:28:45,331 INFO c.h.h.t.OperatorHelmChartContainer - [K3S] [reconciler_common.go:251] "operationExecutor.VerifyControllerAttachedVolume started for volume \"kube-api-access-zlkmf\" (UniqueName: \"kubernetes.io/projected/51ff544c-69e1-4030-b3d7-831e91b07faf-kube-api-access-zlkmf\") pod \"test-hivemq-6ff45d747b-zd9rb\" (UID: \"51ff544c-69e1-4030-b3d7-831e91b07faf\") " pod="default/test-hivemq-6ff45d747b-zd9rb"
2025-01-30 18:28:45,331 INFO c.h.h.t.OperatorHelmChartContainer - [K3S] [reconciler_common.go:251] "operationExecutor.VerifyControllerAttachedVolume started for volume \"audit\" (UniqueName: \"kubernetes.io/empty-dir/51ff544c-69e1-4030-b3d7-831e91b07faf-audit\") pod \"test-hivemq-6ff45d747b-zd9rb\" (UID: \"51ff544c-69e1-4030-b3d7-831e91b07faf\") " pod="default/test-hivemq-6ff45d747b-zd9rb"
2025-01-30 18:28:45,331 INFO c.h.h.t.OperatorHelmChartContainer - [K3S] [reconciler_common.go:251] "operationExecutor.VerifyControllerAttachedVolume started for volume \"shared-data\" (UniqueName: \"kubernetes.io/empty-dir/51ff544c-69e1-4030-b3d7-831e91b07faf-shared-data\") pod \"test-hivemq-6ff45d747b-zd9rb\" (UID: \"51ff544c-69e1-4030-b3d7-831e91b07faf\") " pod="default/test-hivemq-6ff45d747b-zd9rb"
2025-01-30 18:28:45,332 INFO c.h.h.t.OperatorHelmChartContainer - [K3S] [reconciler_common.go:251] "operationExecutor.VerifyControllerAttachedVolume started for volume \"log\" (UniqueName: \"kubernetes.io/empty-dir/51ff544c-69e1-4030-b3d7-831e91b07faf-log\") pod \"test-hivemq-6ff45d747b-zd9rb\" (UID: \"51ff544c-69e1-4030-b3d7-831e91b07faf\") " pod="default/test-hivemq-6ff45d747b-zd9rb"
2025-01-30 18:28:45,332 INFO c.h.h.t.OperatorHelmChartContainer - [K3S] [reconciler_common.go:251] "operationExecutor.VerifyControllerAttachedVolume started for volume \"live-info\" (UniqueName: \"kubernetes.io/configmap/51ff544c-69e1-4030-b3d7-831e91b07faf-live-info\") pod \"test-hivemq-6ff45d747b-zd9rb\" (UID: \"51ff544c-69e1-4030-b3d7-831e91b07faf\") " pod="default/test-hivemq-6ff45d747b-zd9rb"
2025-01-30 18:28:45,332 INFO c.h.h.t.OperatorHelmChartContainer - [K3S] [reconciler_common.go:251] "operationExecutor.VerifyControllerAttachedVolume started for volume \"dns-wait-config\" (UniqueName: \"kubernetes.io/configmap/51ff544c-69e1-4030-b3d7-831e91b07faf-dns-wait-config\") pod \"test-hivemq-6ff45d747b-zd9rb\" (UID: \"51ff544c-69e1-4030-b3d7-831e91b07faf\") " pod="default/test-hivemq-6ff45d747b-zd9rb"
2025-01-30 18:28:45,332 INFO c.h.h.t.OperatorHelmChartContainer - [K3S] [reconciler_common.go:251] "operationExecutor.VerifyControllerAttachedVolume started for volume \"conf-override\" (UniqueName: \"kubernetes.io/empty-dir/51ff544c-69e1-4030-b3d7-831e91b07faf-conf-override\") pod \"test-hivemq-6ff45d747b-zd9rb\" (UID: \"51ff544c-69e1-4030-b3d7-831e91b07faf\") " pod="default/test-hivemq-6ff45d747b-zd9rb"
2025-01-30 18:28:45,332 INFO c.h.h.t.OperatorHelmChartContainer - [K3S] [reconciler_common.go:251] "operationExecutor.VerifyControllerAttachedVolume started for volume \"heap-dumps\" (UniqueName: \"kubernetes.io/empty-dir/51ff544c-69e1-4030-b3d7-831e91b07faf-heap-dumps\") pod \"test-hivemq-6ff45d747b-zd9rb\" (UID: \"51ff544c-69e1-4030-b3d7-831e91b07faf\") " pod="default/test-hivemq-6ff45d747b-zd9rb"
2025-01-30 18:28:45,332 INFO c.h.h.t.OperatorHelmChartContainer - [K3S] [reconciler_common.go:251] "operationExecutor.VerifyControllerAttachedVolume started for volume \"data\" (UniqueName: \"kubernetes.io/empty-dir/51ff544c-69e1-4030-b3d7-831e91b07faf-data\") pod \"test-hivemq-6ff45d747b-zd9rb\" (UID: \"51ff544c-69e1-4030-b3d7-831e91b07faf\") " pod="default/test-hivemq-6ff45d747b-zd9rb"
2025-01-30 18:28:45,472 DEBUG com.hivemq.helmcharts.util.K8sUtil - State to compare Updating and waiting for Running
2025-01-30 18:28:45,588 DEBUG com.hivemq.helmcharts.util.K8sUtil - State to compare Updating and waiting for Running
2025-01-30 18:28:45,902 INFO c.h.h.t.OperatorHelmChartContainer - [K3S] [replica_set.go:679] "Finished syncing" kind="ReplicaSet" key="default/test-hivemq-6ff45d747b" duration="57.979µs"
2025-01-30 18:28:45,997 DEBUG com.hivemq.helmcharts.util.K8sUtil - State to compare Updating and waiting for Running
2025-01-30 18:28:49,448 INFO c.h.h.t.OperatorHelmChartContainer - [K3S] [replica_set.go:679] "Finished syncing" kind="ReplicaSet" key="default/test-hivemq-6ff45d747b" duration="64.48µs"
2025-01-30 18:28:49,468 INFO c.h.h.t.OperatorHelmChartContainer - [K3S] [event.go:389] "Event occurred" object="default/hivemq-test-hivemq-mqtt" fieldPath="" kind="Service" apiVersion="v1" type="Normal" reason="UpdatedLoadBalancer" message="Updated LoadBalancer with new IPs: [172.17.0.3] -> [172.17.0.3]"
2025-01-30 18:28:50,438 INFO c.h.h.t.OperatorHelmChartContainer - [K3S] [replica_set.go:679] "Finished syncing" kind="ReplicaSet" key="default/test-hivemq-6ff45d747b" duration="58.139µs"
2025-01-30 18:29:00,458 INFO c.h.h.t.OperatorHelmChartContainer - [K3S] [replica_set.go:679] "Finished syncing" kind="ReplicaSet" key="default/test-hivemq-6ff45d747b" duration="56.726µs"
2025-01-30 18:29:01,459 INFO c.h.h.t.OperatorHelmChartContainer - [K3S] [replica_set.go:679] "Finished syncing" kind="ReplicaSet" key="default/test-hivemq-6ff45d747b" duration="68.469µs"
2025-01-30 18:29:05,839 INFO c.h.h.t.OperatorHelmChartContainer - [K3S] [range_allocator.go:247] "Successfully synced" key="2b841d1100f5"
2025-01-30 18:29:37,505 INFO c.h.h.t.OperatorHelmChartContainer - [K3S] [replica_set.go:679] "Finished syncing" kind="ReplicaSet" key="default/test-hivemq-6ff45d747b" duration="12.503177ms"
2025-01-30 18:29:37,505 INFO c.h.h.t.OperatorHelmChartContainer - [K3S] [replica_set.go:679] "Finished syncing" kind="ReplicaSet" key="default/test-hivemq-6ff45d747b" duration="48.822µs"
2025-01-30 18:29:37,511 INFO c.h.h.t.OperatorHelmChartContainer - [K3S] [event.go:389] "Event occurred" object="default/hivemq-test-hivemq-mqtt" fieldPath="" kind="Service" apiVersion="v1" type="Normal" reason="UpdatedLoadBalancer" message="Updated LoadBalancer with new IPs: [172.17.0.3] -> [172.17.0.3]"
2025-01-30 18:30:07,512 INFO c.h.h.t.OperatorHelmChartContainer - [K3S] [replica_set.go:679] "Finished syncing" kind="ReplicaSet" key="default/test-hivemq-6ff45d747b" duration="7.32071ms"
2025-01-30 18:30:07,512 INFO c.h.h.t.OperatorHelmChartContainer - [K3S] [replica_set.go:679] "Finished syncing" kind="ReplicaSet" key="default/test-hivemq-6ff45d747b" duration="61.385µs"
2025-01-30 18:30:07,556 DEBUG com.hivemq.helmcharts.util.K8sUtil - State to compare Updating and waiting for Running
2025-01-30 18:30:07,863 DEBUG com.hivemq.helmcharts.util.K8sUtil - State to compare Updating and waiting for Running
2025-01-30 18:30:07,899 DEBUG com.hivemq.helmcharts.util.K8sUtil - State to compare Updating and waiting for Running
2025-01-30 18:30:07,993 DEBUG com.hivemq.helmcharts.util.K8sUtil - State to compare Updating and waiting for Running
2025-01-30 18:30:08,093 DEBUG com.hivemq.helmcharts.util.K8sUtil - State to compare Updating and waiting for Running
2025-01-30 18:30:08,188 DEBUG com.hivemq.helmcharts.util.K8sUtil - State to compare Updating and waiting for Running
2025-01-30 18:30:08,264 DEBUG com.hivemq.helmcharts.util.K8sUtil - State to compare Updating and waiting for Running
2025-01-30 18:30:08,294 DEBUG com.hivemq.helmcharts.util.K8sUtil - State to compare Running and waiting for Running
2025-01-30 18:30:08,686 INFO t.localhost/testcontainers/hikgz7kjpskzyrmk:latest - Container localhost/testcontainers/hikgz7kjpskzyrmk:latest started in PT2M10.669042579S
2025-01-30 18:30:08,767 INFO c.h.h.t.OperatorHelmChartContainer - [EVENT] Normal [Starting] Starting kubelet. [null:2b841d1100f5]
2025-01-30 18:30:08,767 INFO c.h.h.t.OperatorHelmChartContainer - [EVENT] Warning [InvalidDiskCapacity] invalid capacity 0 on image filesystem [null:2b841d1100f5]
2025-01-30 18:30:08,768 INFO c.h.h.t.OperatorHelmChartContainer - [EVENT] Normal [NodeHasSufficientMemory] Node 2b841d1100f5 status is now: NodeHasSufficientMemory [null:2b841d1100f5]
2025-01-30 18:30:08,770 INFO c.h.h.t.OperatorHelmChartContainer - [EVENT] Normal [NodeHasNoDiskPressure] Node 2b841d1100f5 status is now: NodeHasNoDiskPressure [null:2b841d1100f5]
2025-01-30 18:30:08,771 INFO c.h.h.t.OperatorHelmChartContainer - [EVENT] Normal [NodeHasSufficientPID] Node 2b841d1100f5 status is now: NodeHasSufficientPID [null:2b841d1100f5]
2025-01-30 18:30:08,773 INFO c.h.h.t.OperatorHelmChartContainer - [EVENT] Normal [NodeAllocatableEnforced] Updated Node Allocatable limit across pods [null:2b841d1100f5]
2025-01-30 18:30:08,773 INFO c.h.h.t.OperatorHelmChartContainer - [EVENT] Normal [NodeReady] Node 2b841d1100f5 status is now: NodeReady [null:2b841d1100f5]
2025-01-30 18:30:08,773 INFO c.h.h.t.OperatorHelmChartContainer - [EVENT] Normal [NodePasswordValidationComplete] Deferred node password secret validation complete [null:2b841d1100f5]
2025-01-30 18:30:08,774 INFO c.h.h.t.OperatorHelmChartContainer - [EVENT] Normal [Synced] Node synced successfully [null:2b841d1100f5]
2025-01-30 18:30:08,776 INFO c.h.h.t.OperatorHelmChartContainer - [EVENT] Normal [RegisteredNode] Node 2b841d1100f5 event: Registered Node 2b841d1100f5 in Controller [null:2b841d1100f5]
2025-01-30 18:30:08,776 INFO c.h.h.t.OperatorHelmChartContainer - [EVENT] Normal [EnsuringLoadBalancer] Ensuring load balancer [default:hivemq-test-hivemq-mqtt]
2025-01-30 18:30:08,776 INFO c.h.h.t.OperatorHelmChartContainer - [EVENT] Normal [AppliedDaemonSet] Applied LoadBalancer DaemonSet kube-system/svclb-hivemq-test-hivemq-mqtt-93b34642 [default:hivemq-test-hivemq-mqtt]
2025-01-30 18:30:08,776 INFO c.h.h.t.OperatorHelmChartContainer - [EVENT] Normal [UpdatedLoadBalancer] Updated LoadBalancer with new IPs: [] -> [172.17.0.3] [default:hivemq-test-hivemq-mqtt]
2025-01-30 18:30:08,778 INFO c.h.h.t.OperatorHelmChartContainer - [EVENT] Normal [UpdatedLoadBalancer] Updated LoadBalancer with new IPs: [172.17.0.3] -> [172.17.0.3] [default:hivemq-test-hivemq-mqtt]
2025-01-30 18:30:08,779 INFO c.h.h.t.OperatorHelmChartContainer - [EVENT] Normal [Scheduled] Successfully assigned default/test-hivemq-6ff45d747b-zd9rb to 2b841d1100f5 [default:test-hivemq-6ff45d747b-zd9rb]
2025-01-30 18:30:08,780 INFO c.h.h.t.OperatorHelmChartContainer - [EVENT] Normal [Pulling] Pulling image "busybox:latest" [default:test-hivemq-6ff45d747b-zd9rb]
2025-01-30 18:30:08,782 INFO c.h.h.t.OperatorHelmChartContainer - [EVENT] Normal [Pulled] Successfully pulled image "busybox:latest" in 2.792s (2.792s including waiting). Image size: 2167089 bytes. [default:test-hivemq-6ff45d747b-zd9rb]
2025-01-30 18:30:08,783 INFO c.h.h.t.OperatorHelmChartContainer - [EVENT] Normal [Created] Created container: init-shared [default:test-hivemq-6ff45d747b-zd9rb]
2025-01-30 18:30:08,783 INFO c.h.h.t.OperatorHelmChartContainer - [EVENT] Normal [Started] Started container init-shared [default:test-hivemq-6ff45d747b-zd9rb]
2025-01-30 18:30:08,784 INFO c.h.h.t.OperatorHelmChartContainer - [EVENT] Normal [Pulled] Container image "hivemq/init-dns-wait:snapshot" already present on machine [default:test-hivemq-6ff45d747b-zd9rb]
2025-01-30 18:30:08,784 INFO c.h.h.t.OperatorHelmChartContainer - [EVENT] Normal [Created] Created container: dns-wait [default:test-hivemq-6ff45d747b-zd9rb]
2025-01-30 18:30:08,785 INFO c.h.h.t.OperatorHelmChartContainer - [EVENT] Normal [Started] Started container dns-wait [default:test-hivemq-6ff45d747b-zd9rb]
2025-01-30 18:30:08,787 INFO c.h.h.t.OperatorHelmChartContainer - [EVENT] Normal [Pulled] Container image "hivemq/hivemq4:k8s-4.36.0" already present on machine [default:test-hivemq-6ff45d747b-zd9rb]
2025-01-30 18:30:08,787 INFO c.h.h.t.OperatorHelmChartContainer - Received Pulled event for container hivemq in pod test-hivemq-6ff45d747b-zd9rb [51ff544c-69e1-4030-b3d7-831e91b07faf]
2025-01-30 18:30:08,787 INFO c.h.h.t.OperatorHelmChartContainer - [EVENT] Normal [Created] Created container: hivemq [default:test-hivemq-6ff45d747b-zd9rb]
2025-01-30 18:30:08,787 INFO c.h.h.t.OperatorHelmChartContainer - Received Created event for container hivemq in pod test-hivemq-6ff45d747b-zd9rb [51ff544c-69e1-4030-b3d7-831e91b07faf]
2025-01-30 18:30:08,817 INFO c.h.h.t.OperatorHelmChartContainer - [POD] test-hivemq-6ff45d747b-zd9rb [51ff544c-69e1-4030-b3d7-831e91b07faf] in default was ADDED
2025-01-30 18:30:08,819 INFO c.h.h.t.OperatorHelmChartContainer - [POD] test-hivemq-hivemq-operator-operator-bc4cbf748-s8njw [842ee485-f8dc-47ce-b48f-894aadb505cd] in default was ADDED
2025-01-30 18:30:08,827 INFO c.h.h.t.OperatorHelmChartContainer - [POD] coredns-ff8999cc5-7vlls [039fe79f-cec1-44d1-a084-a593b2acf954] in kube-system was ADDED
2025-01-30 18:30:08,829 INFO c.h.h.t.OperatorHelmChartContainer - [EVENT] Normal [Started] Started container hivemq [default:test-hivemq-6ff45d747b-zd9rb]
2025-01-30 18:30:08,829 INFO c.h.h.t.OperatorHelmChartContainer - Received Started event for container hivemq in pod test-hivemq-6ff45d747b-zd9rb [51ff544c-69e1-4030-b3d7-831e91b07faf]
2025-01-30 18:30:08,829 INFO c.h.h.t.OperatorHelmChartContainer - [EVENT] Warning [Unhealthy] Readiness probe failed: Log statement not present (yet)
 [default:test-hivemq-6ff45d747b-zd9rb]
2025-01-30 18:30:08,829 INFO c.h.h.t.OperatorHelmChartContainer - Received Unhealthy event for container hivemq in pod test-hivemq-6ff45d747b-zd9rb [51ff544c-69e1-4030-b3d7-831e91b07faf]
2025-01-30 18:30:08,829 INFO c.h.h.t.OperatorHelmChartContainer - [EVENT] Warning [Unhealthy] Liveness probe failed: dial tcp 10.42.0.7:1883: connect: connection refused [default:test-hivemq-6ff45d747b-zd9rb]
2025-01-30 18:30:08,829 INFO c.h.h.t.OperatorHelmChartContainer - Received Unhealthy event for container hivemq in pod test-hivemq-6ff45d747b-zd9rb [51ff544c-69e1-4030-b3d7-831e91b07faf]
2025-01-30 18:30:08,829 INFO c.h.h.t.OperatorHelmChartContainer - [EVENT] Normal [SuccessfulCreate] Created pod: test-hivemq-6ff45d747b-zd9rb [default:test-hivemq-6ff45d747b]
2025-01-30 18:30:08,829 INFO c.h.h.t.OperatorHelmChartContainer - [EVENT] Normal [Scheduled] Successfully assigned default/test-hivemq-hivemq-operator-operator-bc4cbf748-s8njw to 2b841d1100f5 [default:test-hivemq-hivemq-operator-operator-bc4cbf748-s8njw]
2025-01-30 18:30:08,829 INFO c.h.h.t.OperatorHelmChartContainer - [EVENT] Normal [Pulled] Container image "hivemq/hivemq-operator:snapshot" already present on machine [default:test-hivemq-hivemq-operator-operator-bc4cbf748-s8njw]
2025-01-30 18:30:08,829 INFO c.h.h.t.OperatorHelmChartContainer - Received Pulled event for container operator in pod test-hivemq-hivemq-operator-operator-bc4cbf748-s8njw [842ee485-f8dc-47ce-b48f-894aadb505cd]
2025-01-30 18:30:08,830 INFO c.h.h.t.OperatorHelmChartContainer - [EVENT] Normal [Created] Created container: operator [default:test-hivemq-hivemq-operator-operator-bc4cbf748-s8njw]
2025-01-30 18:30:08,830 INFO c.h.h.t.OperatorHelmChartContainer - Received Created event for container operator in pod test-hivemq-hivemq-operator-operator-bc4cbf748-s8njw [842ee485-f8dc-47ce-b48f-894aadb505cd]
2025-01-30 18:30:08,830 INFO c.h.h.t.OperatorHelmChartContainer - [POD] local-path-provisioner-698b58967b-6p28q [c04e278d-f6af-4fe9-93e9-1b4919e604a4] in kube-system was ADDED
2025-01-30 18:30:08,831 INFO c.h.h.t.OperatorHelmChartContainer - Started log watcher for hivemq in pod test-hivemq-6ff45d747b-zd9rb [51ff544c-69e1-4030-b3d7-831e91b07faf]
2025-01-30 18:30:08,832 INFO c.h.h.t.OperatorHelmChartContainer - [POD] metrics-server-8584b5786c-v5qc8 [9dea702d-1728-45e5-99d3-6c8d0ee0f653] in kube-system was ADDED
2025-01-30 18:30:08,833 INFO c.h.h.t.OperatorHelmChartContainer - [test-hivemq-6ff45d747b] [hivemq] [51ff544c] Copying external files
2025-01-30 18:30:08,833 INFO c.h.h.t.OperatorHelmChartContainer - [test-hivemq-6ff45d747b] [hivemq] [51ff544c] Rewriting config.xml...
2025-01-30 18:30:08,833 INFO c.h.h.t.OperatorHelmChartContainer - [test-hivemq-6ff45d747b] [hivemq] [51ff544c] Creating initial lastUpdate files...
2025-01-30 18:30:08,833 INFO c.h.h.t.OperatorHelmChartContainer - [test-hivemq-6ff45d747b] [hivemq] [51ff544c] Disabling Prometheus
2025-01-30 18:30:08,833 INFO c.h.h.t.OperatorHelmChartContainer - [test-hivemq-6ff45d747b] [hivemq] [51ff544c] Pod info:
2025-01-30 18:30:08,833 INFO c.h.h.t.OperatorHelmChartContainer - [test-hivemq-6ff45d747b] [hivemq] [51ff544c] extension-names=hivemq-kafka-extension hivemq-google-cloud-pubsub-extension hivemq-bridge-extension hivemq-enterprise-security-extension hivemq-distributed-tracing-extension hivemq-amazon-kinesis-extension
2025-01-30 18:30:08,833 INFO c.h.h.t.OperatorHelmChartContainer - [test-hivemq-6ff45d747b] [hivemq] [51ff544c] extension-uris=preinstalled preinstalled preinstalled preinstalled preinstalled preinstalled
2025-01-30 18:30:08,833 INFO c.h.h.t.OperatorHelmChartContainer - [test-hivemq-6ff45d747b] [hivemq] [51ff544c] extension-states=false false false false false false
2025-01-30 18:30:08,833 INFO c.h.h.t.OperatorHelmChartContainer - [test-hivemq-6ff45d747b] [hivemq] [51ff544c] extensions-static=false false false false false false
2025-01-30 18:30:08,833 INFO c.h.h.t.OperatorHelmChartContainer - [test-hivemq-6ff45d747b] [hivemq] [51ff544c] Installing extension #0 with name: hivemq-kafka-extension, URI: preinstalled, enabled state: false
2025-01-30 18:30:08,845 INFO c.h.h.t.OperatorHelmChartContainer - [test-hivemq-6ff45d747b] [hivemq] [51ff544c] + [[ 3 != 3 ]]
2025-01-30 18:30:08,846 INFO c.h.h.t.OperatorHelmChartContainer - [test-hivemq-6ff45d747b] [hivemq] [51ff544c] + EXTENSION_URI=preinstalled
2025-01-30 18:30:08,846 INFO c.h.h.t.OperatorHelmChartContainer - [test-hivemq-6ff45d747b] [hivemq] [51ff544c] + EXTENSION_NAME=hivemq-kafka-extension
2025-01-30 18:30:08,846 INFO c.h.h.t.OperatorHelmChartContainer - [test-hivemq-6ff45d747b] [hivemq] [51ff544c] + TARGET_STATE=false
2025-01-30 18:30:08,846 INFO c.h.h.t.OperatorHelmChartContainer - [test-hivemq-6ff45d747b] [hivemq] [51ff544c] + TARGET_DIR=/opt/hivemq/extensions/hivemq-kafka-extension
2025-01-30 18:30:08,846 INFO c.h.h.t.OperatorHelmChartContainer - [test-hivemq-6ff45d747b] [hivemq] [51ff544c] ++ mktemp -d
2025-01-30 18:30:08,846 INFO c.h.h.t.OperatorHelmChartContainer - [test-hivemq-6ff45d747b] [hivemq] [51ff544c] + install_dir=/tmp/tmp.CUihBS7Ayw
2025-01-30 18:30:08,846 INFO c.h.h.t.OperatorHelmChartContainer - [test-hivemq-6ff45d747b] [hivemq] [51ff544c] + set +e
2025-01-30 18:30:08,846 INFO c.h.h.t.OperatorHelmChartContainer - [test-hivemq-6ff45d747b] [hivemq] [51ff544c] + [[ -f /opt/hivemq/extensions/hivemq-kafka-extension/DISABLED ]]
2025-01-30 18:30:08,846 INFO c.h.h.t.OperatorHelmChartContainer - [test-hivemq-6ff45d747b] [hivemq] [51ff544c] + was_enabled=0
2025-01-30 18:30:08,846 INFO c.h.h.t.OperatorHelmChartContainer - [test-hivemq-6ff45d747b] [hivemq] [51ff544c] + set -e
2025-01-30 18:30:08,846 INFO c.h.h.t.OperatorHelmChartContainer - [test-hivemq-6ff45d747b] [hivemq] [51ff544c] + [[ preinstalled != \p\r\e\i\n\s\t\a\l\l\e\d ]]
2025-01-30 18:30:08,846 INFO c.h.h.t.OperatorHelmChartContainer - [test-hivemq-6ff45d747b] [hivemq] [51ff544c] + [[ false == \f\a\l\s\e ]]
2025-01-30 18:30:08,846 INFO c.h.h.t.OperatorHelmChartContainer - [test-hivemq-6ff45d747b] [hivemq] [51ff544c] + touch /opt/hivemq/extensions/hivemq-kafka-extension/DISABLED
2025-01-30 18:30:08,846 INFO c.h.h.t.OperatorHelmChartContainer - [test-hivemq-6ff45d747b] [hivemq] [51ff544c] + was_enabled=0
2025-01-30 18:30:08,846 INFO c.h.h.t.OperatorHelmChartContainer - [test-hivemq-6ff45d747b] [hivemq] [51ff544c] + [[ preinstalled != \p\r\e\i\n\s\t\a\l\l\e\d ]]
2025-01-30 18:30:08,846 INFO c.h.h.t.OperatorHelmChartContainer - [test-hivemq-6ff45d747b] [hivemq] [51ff544c] + /opt/hivemq/bin/run_initialization.sh hivemq-kafka-extension
2025-01-30 18:30:08,846 INFO c.h.h.t.OperatorHelmChartContainer - [test-hivemq-6ff45d747b] [hivemq] [51ff544c] + EXTENSION_NAME=hivemq-kafka-extension
2025-01-30 18:30:08,846 INFO c.h.h.t.OperatorHelmChartContainer - [test-hivemq-6ff45d747b] [hivemq] [51ff544c] + TARGET_DIR=/opt/hivemq/extensions/hivemq-kafka-extension
2025-01-30 18:30:08,846 INFO c.h.h.t.OperatorHelmChartContainer - [test-hivemq-6ff45d747b] [hivemq] [51ff544c] + cd /opt/hivemq/extensions/hivemq-kafka-extension
2025-01-30 18:30:08,846 INFO c.h.h.t.OperatorHelmChartContainer - [test-hivemq-6ff45d747b] [hivemq] [51ff544c] + [[ -f init_tmp ]]
2025-01-30 18:30:08,846 INFO c.h.h.t.OperatorHelmChartContainer - [test-hivemq-6ff45d747b] [hivemq] [51ff544c] + [[ -f /etc/podinfo/init-extension-hivemq-kafka-extension ]]
2025-01-30 18:30:08,846 INFO c.h.h.t.OperatorHelmChartContainer - [test-hivemq-6ff45d747b] [hivemq] [51ff544c] Installing extension #1 with name: hivemq-google-cloud-pubsub-extension, URI: preinstalled, enabled state: false
2025-01-30 18:30:08,846 INFO c.h.h.t.OperatorHelmChartContainer - [test-hivemq-6ff45d747b] [hivemq] [51ff544c] + [[ 3 != 3 ]]
2025-01-30 18:30:08,846 INFO c.h.h.t.OperatorHelmChartContainer - [test-hivemq-6ff45d747b] [hivemq] [51ff544c] + EXTENSION_URI=preinstalled
2025-01-30 18:30:08,846 INFO c.h.h.t.OperatorHelmChartContainer - [test-hivemq-6ff45d747b] [hivemq] [51ff544c] + EXTENSION_NAME=hivemq-google-cloud-pubsub-extension
2025-01-30 18:30:08,846 INFO c.h.h.t.OperatorHelmChartContainer - [test-hivemq-6ff45d747b] [hivemq] [51ff544c] + TARGET_STATE=false
2025-01-30 18:30:08,846 INFO c.h.h.t.OperatorHelmChartContainer - [test-hivemq-6ff45d747b] [hivemq] [51ff544c] + TARGET_DIR=/opt/hivemq/extensions/hivemq-google-cloud-pubsub-extension
2025-01-30 18:30:08,846 INFO c.h.h.t.OperatorHelmChartContainer - [test-hivemq-6ff45d747b] [hivemq] [51ff544c] ++ mktemp -d
2025-01-30 18:30:08,846 INFO c.h.h.t.OperatorHelmChartContainer - [test-hivemq-6ff45d747b] [hivemq] [51ff544c] + install_dir=/tmp/tmp.IfpXAXQpVP
2025-01-30 18:30:08,846 INFO c.h.h.t.OperatorHelmChartContainer - [test-hivemq-6ff45d747b] [hivemq] [51ff544c] + set +e
2025-01-30 18:30:08,846 INFO c.h.h.t.OperatorHelmChartContainer - [test-hivemq-6ff45d747b] [hivemq] [51ff544c] + [[ -f /opt/hivemq/extensions/hivemq-google-cloud-pubsub-extension/DISABLED ]]
2025-01-30 18:30:08,846 INFO c.h.h.t.OperatorHelmChartContainer - [test-hivemq-6ff45d747b] [hivemq] [51ff544c] + was_enabled=0
2025-01-30 18:30:08,846 INFO c.h.h.t.OperatorHelmChartContainer - [test-hivemq-6ff45d747b] [hivemq] [51ff544c] + set -e
2025-01-30 18:30:08,847 INFO c.h.h.t.OperatorHelmChartContainer - [test-hivemq-6ff45d747b] [hivemq] [51ff544c] + [[ preinstalled != \p\r\e\i\n\s\t\a\l\l\e\d ]]
2025-01-30 18:30:08,847 INFO c.h.h.t.OperatorHelmChartContainer - [test-hivemq-6ff45d747b] [hivemq] [51ff544c] + [[ false == \f\a\l\s\e ]]
2025-01-30 18:30:08,847 INFO c.h.h.t.OperatorHelmChartContainer - [test-hivemq-6ff45d747b] [hivemq] [51ff544c] + touch /opt/hivemq/extensions/hivemq-google-cloud-pubsub-extension/DISABLED
2025-01-30 18:30:08,847 INFO c.h.h.t.OperatorHelmChartContainer - [test-hivemq-6ff45d747b] [hivemq] [51ff544c] + was_enabled=0
2025-01-30 18:30:08,847 INFO c.h.h.t.OperatorHelmChartContainer - [test-hivemq-6ff45d747b] [hivemq] [51ff544c] + [[ preinstalled != \p\r\e\i\n\s\t\a\l\l\e\d ]]
2025-01-30 18:30:08,847 INFO c.h.h.t.OperatorHelmChartContainer - [test-hivemq-6ff45d747b] [hivemq] [51ff544c] + /opt/hivemq/bin/run_initialization.sh hivemq-google-cloud-pubsub-extension
2025-01-30 18:30:08,847 INFO c.h.h.t.OperatorHelmChartContainer - [test-hivemq-6ff45d747b] [hivemq] [51ff544c] + EXTENSION_NAME=hivemq-google-cloud-pubsub-extension
2025-01-30 18:30:08,847 INFO c.h.h.t.OperatorHelmChartContainer - [test-hivemq-6ff45d747b] [hivemq] [51ff544c] + TARGET_DIR=/opt/hivemq/extensions/hivemq-google-cloud-pubsub-extension
2025-01-30 18:30:08,847 INFO c.h.h.t.OperatorHelmChartContainer - [test-hivemq-6ff45d747b] [hivemq] [51ff544c] + cd /opt/hivemq/extensions/hivemq-google-cloud-pubsub-extension
2025-01-30 18:30:08,847 INFO c.h.h.t.OperatorHelmChartContainer - [test-hivemq-6ff45d747b] [hivemq] [51ff544c] + [[ -f init_tmp ]]
2025-01-30 18:30:08,847 INFO c.h.h.t.OperatorHelmChartContainer - [test-hivemq-6ff45d747b] [hivemq] [51ff544c] + [[ -f /etc/podinfo/init-extension-hivemq-google-cloud-pubsub-extension ]]
2025-01-30 18:30:08,847 INFO c.h.h.t.OperatorHelmChartContainer - [test-hivemq-6ff45d747b] [hivemq] [51ff544c] Installing extension #2 with name: hivemq-bridge-extension, URI: preinstalled, enabled state: false
2025-01-30 18:30:08,847 INFO c.h.h.t.OperatorHelmChartContainer - [test-hivemq-6ff45d747b] [hivemq] [51ff544c] + [[ 3 != 3 ]]
2025-01-30 18:30:08,847 INFO c.h.h.t.OperatorHelmChartContainer - [test-hivemq-6ff45d747b] [hivemq] [51ff544c] + EXTENSION_URI=preinstalled
2025-01-30 18:30:08,847 INFO c.h.h.t.OperatorHelmChartContainer - [test-hivemq-6ff45d747b] [hivemq] [51ff544c] + EXTENSION_NAME=hivemq-bridge-extension
2025-01-30 18:30:08,847 INFO c.h.h.t.OperatorHelmChartContainer - [test-hivemq-6ff45d747b] [hivemq] [51ff544c] + TARGET_STATE=false
2025-01-30 18:30:08,847 INFO c.h.h.t.OperatorHelmChartContainer - [test-hivemq-6ff45d747b] [hivemq] [51ff544c] + TARGET_DIR=/opt/hivemq/extensions/hivemq-bridge-extension
2025-01-30 18:30:08,847 INFO c.h.h.t.OperatorHelmChartContainer - [test-hivemq-6ff45d747b] [hivemq] [51ff544c] ++ mktemp -d
2025-01-30 18:30:08,847 INFO c.h.h.t.OperatorHelmChartContainer - [test-hivemq-6ff45d747b] [hivemq] [51ff544c] + install_dir=/tmp/tmp.Rsr97CCbUr
2025-01-30 18:30:08,847 INFO c.h.h.t.OperatorHelmChartContainer - [test-hivemq-6ff45d747b] [hivemq] [51ff544c] + set +e
2025-01-30 18:30:08,847 INFO c.h.h.t.OperatorHelmChartContainer - [test-hivemq-6ff45d747b] [hivemq] [51ff544c] + [[ -f /opt/hivemq/extensions/hivemq-bridge-extension/DISABLED ]]
2025-01-30 18:30:08,847 INFO c.h.h.t.OperatorHelmChartContainer - [test-hivemq-6ff45d747b] [hivemq] [51ff544c] + was_enabled=0
2025-01-30 18:30:08,847 INFO c.h.h.t.OperatorHelmChartContainer - [test-hivemq-6ff45d747b] [hivemq] [51ff544c] + set -e
2025-01-30 18:30:08,847 INFO c.h.h.t.OperatorHelmChartContainer - [test-hivemq-6ff45d747b] [hivemq] [51ff544c] + [[ preinstalled != \p\r\e\i\n\s\t\a\l\l\e\d ]]
2025-01-30 18:30:08,847 INFO c.h.h.t.OperatorHelmChartContainer - [test-hivemq-6ff45d747b] [hivemq] [51ff544c] + [[ false == \f\a\l\s\e ]]
2025-01-30 18:30:08,847 INFO c.h.h.t.OperatorHelmChartContainer - [test-hivemq-6ff45d747b] [hivemq] [51ff544c] + touch /opt/hivemq/extensions/hivemq-bridge-extension/DISABLED
2025-01-30 18:30:08,847 INFO c.h.h.t.OperatorHelmChartContainer - [test-hivemq-6ff45d747b] [hivemq] [51ff544c] + was_enabled=0
2025-01-30 18:30:08,847 INFO c.h.h.t.OperatorHelmChartContainer - [test-hivemq-6ff45d747b] [hivemq] [51ff544c] + [[ preinstalled != \p\r\e\i\n\s\t\a\l\l\e\d ]]
2025-01-30 18:30:08,847 INFO c.h.h.t.OperatorHelmChartContainer - [test-hivemq-6ff45d747b] [hivemq] [51ff544c] + /opt/hivemq/bin/run_initialization.sh hivemq-bridge-extension
2025-01-30 18:30:08,847 INFO c.h.h.t.OperatorHelmChartContainer - [test-hivemq-6ff45d747b] [hivemq] [51ff544c] + EXTENSION_NAME=hivemq-bridge-extension
2025-01-30 18:30:08,847 INFO c.h.h.t.OperatorHelmChartContainer - [test-hivemq-6ff45d747b] [hivemq] [51ff544c] + TARGET_DIR=/opt/hivemq/extensions/hivemq-bridge-extension
2025-01-30 18:30:08,847 INFO c.h.h.t.OperatorHelmChartContainer - [test-hivemq-6ff45d747b] [hivemq] [51ff544c] + cd /opt/hivemq/extensions/hivemq-bridge-extension
2025-01-30 18:30:08,847 INFO c.h.h.t.OperatorHelmChartContainer - [test-hivemq-6ff45d747b] [hivemq] [51ff544c] + [[ -f init_tmp ]]
2025-01-30 18:30:08,847 INFO c.h.h.t.OperatorHelmChartContainer - [test-hivemq-6ff45d747b] [hivemq] [51ff544c] + [[ -f /etc/podinfo/init-extension-hivemq-bridge-extension ]]
2025-01-30 18:30:08,847 INFO c.h.h.t.OperatorHelmChartContainer - [test-hivemq-6ff45d747b] [hivemq] [51ff544c] Installing extension #3 with name: hivemq-enterprise-security-extension, URI: preinstalled, enabled state: false
2025-01-30 18:30:08,847 INFO c.h.h.t.OperatorHelmChartContainer - [test-hivemq-6ff45d747b] [hivemq] [51ff544c] + [[ 3 != 3 ]]
2025-01-30 18:30:08,847 INFO c.h.h.t.OperatorHelmChartContainer - [test-hivemq-6ff45d747b] [hivemq] [51ff544c] + EXTENSION_URI=preinstalled
2025-01-30 18:30:08,847 INFO c.h.h.t.OperatorHelmChartContainer - [test-hivemq-6ff45d747b] [hivemq] [51ff544c] + EXTENSION_NAME=hivemq-enterprise-security-extension
2025-01-30 18:30:08,847 INFO c.h.h.t.OperatorHelmChartContainer - [test-hivemq-6ff45d747b] [hivemq] [51ff544c] + TARGET_STATE=false
2025-01-30 18:30:08,847 INFO c.h.h.t.OperatorHelmChartContainer - [test-hivemq-6ff45d747b] [hivemq] [51ff544c] + TARGET_DIR=/opt/hivemq/extensions/hivemq-enterprise-security-extension
2025-01-30 18:30:08,847 INFO c.h.h.t.OperatorHelmChartContainer - [test-hivemq-6ff45d747b] [hivemq] [51ff544c] ++ mktemp -d
2025-01-30 18:30:08,847 INFO c.h.h.t.OperatorHelmChartContainer - [test-hivemq-6ff45d747b] [hivemq] [51ff544c] + install_dir=/tmp/tmp.4NktseXGes
2025-01-30 18:30:08,847 INFO c.h.h.t.OperatorHelmChartContainer - [test-hivemq-6ff45d747b] [hivemq] [51ff544c] + set +e
2025-01-30 18:30:08,847 INFO c.h.h.t.OperatorHelmChartContainer - [test-hivemq-6ff45d747b] [hivemq] [51ff544c] + [[ -f /opt/hivemq/extensions/hivemq-enterprise-security-extension/DISABLED ]]
2025-01-30 18:30:08,847 INFO c.h.h.t.OperatorHelmChartContainer - [test-hivemq-6ff45d747b] [hivemq] [51ff544c] + was_enabled=0
2025-01-30 18:30:08,847 INFO c.h.h.t.OperatorHelmChartContainer - [test-hivemq-6ff45d747b] [hivemq] [51ff544c] + set -e
2025-01-30 18:30:08,847 INFO c.h.h.t.OperatorHelmChartContainer - [test-hivemq-6ff45d747b] [hivemq] [51ff544c] + [[ preinstalled != \p\r\e\i\n\s\t\a\l\l\e\d ]]
2025-01-30 18:30:08,847 INFO c.h.h.t.OperatorHelmChartContainer - [test-hivemq-6ff45d747b] [hivemq] [51ff544c] + [[ false == \f\a\l\s\e ]]
2025-01-30 18:30:08,847 INFO c.h.h.t.OperatorHelmChartContainer - [test-hivemq-6ff45d747b] [hivemq] [51ff544c] + touch /opt/hivemq/extensions/hivemq-enterprise-security-extension/DISABLED
2025-01-30 18:30:08,848 INFO c.h.h.t.OperatorHelmChartContainer - [test-hivemq-6ff45d747b] [hivemq] [51ff544c] + was_enabled=0
2025-01-30 18:30:08,848 INFO c.h.h.t.OperatorHelmChartContainer - [test-hivemq-6ff45d747b] [hivemq] [51ff544c] + [[ preinstalled != \p\r\e\i\n\s\t\a\l\l\e\d ]]
2025-01-30 18:30:08,848 INFO c.h.h.t.OperatorHelmChartContainer - [test-hivemq-6ff45d747b] [hivemq] [51ff544c] + /opt/hivemq/bin/run_initialization.sh hivemq-enterprise-security-extension
2025-01-30 18:30:08,848 INFO c.h.h.t.OperatorHelmChartContainer - [test-hivemq-6ff45d747b] [hivemq] [51ff544c] + EXTENSION_NAME=hivemq-enterprise-security-extension
2025-01-30 18:30:08,848 INFO c.h.h.t.OperatorHelmChartContainer - [test-hivemq-6ff45d747b] [hivemq] [51ff544c] + TARGET_DIR=/opt/hivemq/extensions/hivemq-enterprise-security-extension
2025-01-30 18:30:08,848 INFO c.h.h.t.OperatorHelmChartContainer - [test-hivemq-6ff45d747b] [hivemq] [51ff544c] + cd /opt/hivemq/extensions/hivemq-enterprise-security-extension
2025-01-30 18:30:08,848 INFO c.h.h.t.OperatorHelmChartContainer - [test-hivemq-6ff45d747b] [hivemq] [51ff544c] + [[ -f init_tmp ]]
2025-01-30 18:30:08,848 INFO c.h.h.t.OperatorHelmChartContainer - [test-hivemq-6ff45d747b] [hivemq] [51ff544c] + [[ -f /etc/podinfo/init-extension-hivemq-enterprise-security-extension ]]
2025-01-30 18:30:08,848 INFO c.h.h.t.OperatorHelmChartContainer - [test-hivemq-6ff45d747b] [hivemq] [51ff544c] + echo 'Using init script from config map'
2025-01-30 18:30:08,848 INFO c.h.h.t.OperatorHelmChartContainer - [test-hivemq-6ff45d747b] [hivemq] [51ff544c] + cat /etc/podinfo/init-extension-hivemq-enterprise-security-extension
2025-01-30 18:30:08,848 INFO c.h.h.t.OperatorHelmChartContainer - [test-hivemq-6ff45d747b] [hivemq] [51ff544c] Using init script from config map
2025-01-30 18:30:08,848 INFO c.h.h.t.OperatorHelmChartContainer - [test-hivemq-6ff45d747b] [hivemq] [51ff544c] + echo 'Executing initialization script'
2025-01-30 18:30:08,848 INFO c.h.h.t.OperatorHelmChartContainer - [test-hivemq-6ff45d747b] [hivemq] [51ff544c] + chmod +x init
2025-01-30 18:30:08,848 INFO c.h.h.t.OperatorHelmChartContainer - [test-hivemq-6ff45d747b] [hivemq] [51ff544c] Executing initialization script
2025-01-30 18:30:08,848 INFO c.h.h.t.OperatorHelmChartContainer - [test-hivemq-6ff45d747b] [hivemq] [51ff544c] + ./init
2025-01-30 18:30:08,848 INFO c.h.h.t.OperatorHelmChartContainer - [test-hivemq-6ff45d747b] [hivemq] [51ff544c]   % Total    % Received % Xferd  Average Speed   Time    Time     Time  Current
2025-01-30 18:30:08,848 INFO c.h.h.t.OperatorHelmChartContainer - [test-hivemq-6ff45d747b] [hivemq] [51ff544c]                                  Dload  Upload   Total   Spent    Left  Speed
2025-01-30 18:30:08,848 INFO c.h.h.t.OperatorHelmChartContainer - [test-hivemq-6ff45d747b] [hivemq] [51ff544c] 
2025-01-30 18:30:08,848 INFO c.h.h.t.OperatorHelmChartContainer - [test-hivemq-6ff45d747b] [hivemq] [51ff544c]   0     0    0     0    0     0      0      0 --:--:-- --:--:-- --:--:--     0
2025-01-30 18:30:08,848 INFO c.h.h.t.OperatorHelmChartContainer - [test-hivemq-6ff45d747b] [hivemq] [51ff544c] 100  910k  100  910k    0     0  1395k      0 --:--:-- --:--:-- --:--:-- 1397k
2025-01-30 18:30:08,848 INFO c.h.h.t.OperatorHelmChartContainer - [test-hivemq-6ff45d747b] [hivemq] [51ff544c] Installing extension #4 with name: hivemq-distributed-tracing-extension, URI: preinstalled, enabled state: false
2025-01-30 18:30:08,848 INFO c.h.h.t.OperatorHelmChartContainer - [test-hivemq-6ff45d747b] [hivemq] [51ff544c] + [[ 3 != 3 ]]
2025-01-30 18:30:08,848 INFO c.h.h.t.OperatorHelmChartContainer - [test-hivemq-6ff45d747b] [hivemq] [51ff544c] + EXTENSION_URI=preinstalled
2025-01-30 18:30:08,848 INFO c.h.h.t.OperatorHelmChartContainer - [test-hivemq-6ff45d747b] [hivemq] [51ff544c] + EXTENSION_NAME=hivemq-distributed-tracing-extension
2025-01-30 18:30:08,848 INFO c.h.h.t.OperatorHelmChartContainer - [test-hivemq-6ff45d747b] [hivemq] [51ff544c] + TARGET_STATE=false
2025-01-30 18:30:08,848 INFO c.h.h.t.OperatorHelmChartContainer - [test-hivemq-6ff45d747b] [hivemq] [51ff544c] + TARGET_DIR=/opt/hivemq/extensions/hivemq-distributed-tracing-extension
2025-01-30 18:30:08,848 INFO c.h.h.t.OperatorHelmChartContainer - [test-hivemq-6ff45d747b] [hivemq] [51ff544c] ++ mktemp -d
2025-01-30 18:30:08,848 INFO c.h.h.t.OperatorHelmChartContainer - [test-hivemq-6ff45d747b] [hivemq] [51ff544c] + install_dir=/tmp/tmp.TNIu9SPs8e
2025-01-30 18:30:08,848 INFO c.h.h.t.OperatorHelmChartContainer - [test-hivemq-6ff45d747b] [hivemq] [51ff544c] + set +e
2025-01-30 18:30:08,848 INFO c.h.h.t.OperatorHelmChartContainer - [test-hivemq-6ff45d747b] [hivemq] [51ff544c] + [[ -f /opt/hivemq/extensions/hivemq-distributed-tracing-extension/DISABLED ]]
2025-01-30 18:30:08,848 INFO c.h.h.t.OperatorHelmChartContainer - [test-hivemq-6ff45d747b] [hivemq] [51ff544c] + was_enabled=0
2025-01-30 18:30:08,848 INFO c.h.h.t.OperatorHelmChartContainer - [test-hivemq-6ff45d747b] [hivemq] [51ff544c] + set -e
2025-01-30 18:30:08,848 INFO c.h.h.t.OperatorHelmChartContainer - [test-hivemq-6ff45d747b] [hivemq] [51ff544c] + [[ preinstalled != \p\r\e\i\n\s\t\a\l\l\e\d ]]
2025-01-30 18:30:08,848 INFO c.h.h.t.OperatorHelmChartContainer - [test-hivemq-6ff45d747b] [hivemq] [51ff544c] + [[ false == \f\a\l\s\e ]]
2025-01-30 18:30:08,848 INFO c.h.h.t.OperatorHelmChartContainer - [test-hivemq-6ff45d747b] [hivemq] [51ff544c] + touch /opt/hivemq/extensions/hivemq-distributed-tracing-extension/DISABLED
2025-01-30 18:30:08,848 INFO c.h.h.t.OperatorHelmChartContainer - [test-hivemq-6ff45d747b] [hivemq] [51ff544c] + was_enabled=0
2025-01-30 18:30:08,848 INFO c.h.h.t.OperatorHelmChartContainer - [test-hivemq-6ff45d747b] [hivemq] [51ff544c] + [[ preinstalled != \p\r\e\i\n\s\t\a\l\l\e\d ]]
2025-01-30 18:30:08,848 INFO c.h.h.t.OperatorHelmChartContainer - [test-hivemq-6ff45d747b] [hivemq] [51ff544c] + /opt/hivemq/bin/run_initialization.sh hivemq-distributed-tracing-extension
2025-01-30 18:30:08,848 INFO c.h.h.t.OperatorHelmChartContainer - [test-hivemq-6ff45d747b] [hivemq] [51ff544c] + EXTENSION_NAME=hivemq-distributed-tracing-extension
2025-01-30 18:30:08,848 INFO c.h.h.t.OperatorHelmChartContainer - [test-hivemq-6ff45d747b] [hivemq] [51ff544c] + TARGET_DIR=/opt/hivemq/extensions/hivemq-distributed-tracing-extension
2025-01-30 18:30:08,848 INFO c.h.h.t.OperatorHelmChartContainer - [test-hivemq-6ff45d747b] [hivemq] [51ff544c] + cd /opt/hivemq/extensions/hivemq-distributed-tracing-extension
2025-01-30 18:30:08,848 INFO c.h.h.t.OperatorHelmChartContainer - [test-hivemq-6ff45d747b] [hivemq] [51ff544c] + [[ -f init_tmp ]]
2025-01-30 18:30:08,849 INFO c.h.h.t.OperatorHelmChartContainer - [test-hivemq-6ff45d747b] [hivemq] [51ff544c] + [[ -f /etc/podinfo/init-extension-hivemq-distributed-tracing-extension ]]
2025-01-30 18:30:08,849 INFO c.h.h.t.OperatorHelmChartContainer - [test-hivemq-6ff45d747b] [hivemq] [51ff544c] Installing extension #5 with name: hivemq-amazon-kinesis-extension, URI: preinstalled, enabled state: false
2025-01-30 18:30:08,849 INFO c.h.h.t.OperatorHelmChartContainer - [test-hivemq-6ff45d747b] [hivemq] [51ff544c] + [[ 3 != 3 ]]
2025-01-30 18:30:08,849 INFO c.h.h.t.OperatorHelmChartContainer - [test-hivemq-6ff45d747b] [hivemq] [51ff544c] + EXTENSION_URI=preinstalled
2025-01-30 18:30:08,849 INFO c.h.h.t.OperatorHelmChartContainer - [test-hivemq-6ff45d747b] [hivemq] [51ff544c] + EXTENSION_NAME=hivemq-amazon-kinesis-extension
2025-01-30 18:30:08,849 INFO c.h.h.t.OperatorHelmChartContainer - [test-hivemq-6ff45d747b] [hivemq] [51ff544c] + TARGET_STATE=false
2025-01-30 18:30:08,849 INFO c.h.h.t.OperatorHelmChartContainer - [test-hivemq-6ff45d747b] [hivemq] [51ff544c] + TARGET_DIR=/opt/hivemq/extensions/hivemq-amazon-kinesis-extension
2025-01-30 18:30:08,849 INFO c.h.h.t.OperatorHelmChartContainer - [test-hivemq-6ff45d747b] [hivemq] [51ff544c] ++ mktemp -d
2025-01-30 18:30:08,849 INFO c.h.h.t.OperatorHelmChartContainer - [test-hivemq-6ff45d747b] [hivemq] [51ff544c] + install_dir=/tmp/tmp.NsTqMz8MBM
2025-01-30 18:30:08,849 INFO c.h.h.t.OperatorHelmChartContainer - [test-hivemq-6ff45d747b] [hivemq] [51ff544c] + set +e
2025-01-30 18:30:08,849 INFO c.h.h.t.OperatorHelmChartContainer - [test-hivemq-6ff45d747b] [hivemq] [51ff544c] + [[ -f /opt/hivemq/extensions/hivemq-amazon-kinesis-extension/DISABLED ]]
2025-01-30 18:30:08,849 INFO c.h.h.t.OperatorHelmChartContainer - [test-hivemq-6ff45d747b] [hivemq] [51ff544c] + was_enabled=0
2025-01-30 18:30:08,849 INFO c.h.h.t.OperatorHelmChartContainer - [test-hivemq-6ff45d747b] [hivemq] [51ff544c] + set -e
2025-01-30 18:30:08,849 INFO c.h.h.t.OperatorHelmChartContainer - [test-hivemq-6ff45d747b] [hivemq] [51ff544c] + [[ preinstalled != \p\r\e\i\n\s\t\a\l\l\e\d ]]
2025-01-30 18:30:08,849 INFO c.h.h.t.OperatorHelmChartContainer - [test-hivemq-6ff45d747b] [hivemq] [51ff544c] + [[ false == \f\a\l\s\e ]]
2025-01-30 18:30:08,849 INFO c.h.h.t.OperatorHelmChartContainer - [test-hivemq-6ff45d747b] [hivemq] [51ff544c] + touch /opt/hivemq/extensions/hivemq-amazon-kinesis-extension/DISABLED
2025-01-30 18:30:08,849 INFO c.h.h.t.OperatorHelmChartContainer - [test-hivemq-6ff45d747b] [hivemq] [51ff544c] + was_enabled=0
2025-01-30 18:30:08,849 INFO c.h.h.t.OperatorHelmChartContainer - [test-hivemq-6ff45d747b] [hivemq] [51ff544c] + [[ preinstalled != \p\r\e\i\n\s\t\a\l\l\e\d ]]
2025-01-30 18:30:08,856 INFO c.h.h.t.OperatorHelmChartContainer - [test-hivemq-6ff45d747b] [hivemq] [51ff544c] + /opt/hivemq/bin/run_initialization.sh hivemq-amazon-kinesis-extension
2025-01-30 18:30:08,856 INFO c.h.h.t.OperatorHelmChartContainer - [test-hivemq-6ff45d747b] [hivemq] [51ff544c] + EXTENSION_NAME=hivemq-amazon-kinesis-extension
2025-01-30 18:30:08,856 INFO c.h.h.t.OperatorHelmChartContainer - [test-hivemq-6ff45d747b] [hivemq] [51ff544c] + TARGET_DIR=/opt/hivemq/extensions/hivemq-amazon-kinesis-extension
2025-01-30 18:30:08,856 INFO c.h.h.t.OperatorHelmChartContainer - [test-hivemq-6ff45d747b] [hivemq] [51ff544c] + cd /opt/hivemq/extensions/hivemq-amazon-kinesis-extension
2025-01-30 18:30:08,856 INFO c.h.h.t.OperatorHelmChartContainer - [test-hivemq-6ff45d747b] [hivemq] [51ff544c] + [[ -f init_tmp ]]
2025-01-30 18:30:08,856 INFO c.h.h.t.OperatorHelmChartContainer - [test-hivemq-6ff45d747b] [hivemq] [51ff544c] + [[ -f /etc/podinfo/init-extension-hivemq-amazon-kinesis-extension ]]
2025-01-30 18:30:08,856 INFO c.h.h.t.OperatorHelmChartContainer - [test-hivemq-6ff45d747b] [hivemq] [51ff544c] -------------------------------------------------------------------------
2025-01-30 18:30:08,856 INFO c.h.h.t.OperatorHelmChartContainer - [test-hivemq-6ff45d747b] [hivemq] [51ff544c] 
2025-01-30 18:30:08,856 INFO c.h.h.t.OperatorHelmChartContainer - [test-hivemq-6ff45d747b] [hivemq] [51ff544c]                   _    _  _              __  __   ____
2025-01-30 18:30:08,856 INFO c.h.h.t.OperatorHelmChartContainer - [test-hivemq-6ff45d747b] [hivemq] [51ff544c]                  | |  | |(_)            |  \/  | / __ \
2025-01-30 18:30:08,856 INFO c.h.h.t.OperatorHelmChartContainer - [test-hivemq-6ff45d747b] [hivemq] [51ff544c]                  | |__| | _ __   __ ___ | \  / || |  | |
2025-01-30 18:30:08,856 INFO c.h.h.t.OperatorHelmChartContainer - [test-hivemq-6ff45d747b] [hivemq] [51ff544c]                  |  __  || |\ \ / // _ \| |\/| || |  | |
2025-01-30 18:30:08,856 INFO c.h.h.t.OperatorHelmChartContainer - [test-hivemq-6ff45d747b] [hivemq] [51ff544c]                  | |  | || | \ V /|  __/| |  | || |__| |
2025-01-30 18:30:08,856 INFO c.h.h.t.OperatorHelmChartContainer - [test-hivemq-6ff45d747b] [hivemq] [51ff544c]                  |_|  |_||_|  \_/  \___||_|  |_| \___\_\
2025-01-30 18:30:08,856 INFO c.h.h.t.OperatorHelmChartContainer - [test-hivemq-6ff45d747b] [hivemq] [51ff544c] 
2025-01-30 18:30:08,856 INFO c.h.h.t.OperatorHelmChartContainer - [test-hivemq-6ff45d747b] [hivemq] [51ff544c] -------------------------------------------------------------------------
2025-01-30 18:30:08,857 INFO c.h.h.t.OperatorHelmChartContainer - [test-hivemq-6ff45d747b] [hivemq] [51ff544c] 
2025-01-30 18:30:08,857 INFO c.h.h.t.OperatorHelmChartContainer - [test-hivemq-6ff45d747b] [hivemq] [51ff544c]   HiveMQ Start Script for Linux/Unix v1.14
2025-01-30 18:30:08,857 INFO c.h.h.t.OperatorHelmChartContainer - [test-hivemq-6ff45d747b] [hivemq] [51ff544c] 
2025-01-30 18:30:08,857 INFO c.h.h.t.OperatorHelmChartContainer - [test-hivemq-6ff45d747b] [hivemq] [51ff544c] -------------------------------------------------------------------------
2025-01-30 18:30:08,857 INFO c.h.h.t.OperatorHelmChartContainer - [test-hivemq-6ff45d747b] [hivemq] [51ff544c] 
2025-01-30 18:30:08,857 INFO c.h.h.t.OperatorHelmChartContainer - [test-hivemq-6ff45d747b] [hivemq] [51ff544c]   HIVEMQ_HOME: /opt/hivemq
2025-01-30 18:30:08,857 INFO c.h.h.t.OperatorHelmChartContainer - [test-hivemq-6ff45d747b] [hivemq] [51ff544c] 
2025-01-30 18:30:08,853 INFO c.h.h.t.OperatorHelmChartContainer - [POD] svclb-hivemq-test-hivemq-mqtt-93b34642-n2qrf [a1c36e94-9b7e-4cf3-9ec6-c2ad88e56043] in kube-system was ADDED
2025-01-30 18:30:08,862 INFO c.h.h.t.OperatorHelmChartContainer - [EVENT] Normal [Started] Started container operator [default:test-hivemq-hivemq-operator-operator-bc4cbf748-s8njw]
2025-01-30 18:30:08,862 INFO c.h.h.t.OperatorHelmChartContainer - Received Started event for container operator in pod test-hivemq-hivemq-operator-operator-bc4cbf748-s8njw [842ee485-f8dc-47ce-b48f-894aadb505cd]
2025-01-30 18:30:08,862 INFO c.h.h.t.OperatorHelmChartContainer - [EVENT] Normal [SuccessfulCreate] Created pod: test-hivemq-hivemq-operator-operator-bc4cbf748-s8njw [default:test-hivemq-hivemq-operator-operator-bc4cbf748]
2025-01-30 18:30:08,862 INFO c.h.h.t.OperatorHelmChartContainer - [EVENT] Normal [ScalingReplicaSet] Scaled up replica set test-hivemq-hivemq-operator-operator-bc4cbf748 from 0 to 1 [default:test-hivemq-hivemq-operator-operator]
2025-01-30 18:30:08,863 INFO c.h.h.t.OperatorHelmChartContainer - [EVENT] Normal [ScalingReplicaSet] Scaled up replica set test-hivemq-6ff45d747b from 0 to 1 [default:test-hivemq]
2025-01-30 18:30:08,863 INFO c.h.h.t.OperatorHelmChartContainer - Started log watcher for operator in pod test-hivemq-hivemq-operator-operator-bc4cbf748-s8njw [842ee485-f8dc-47ce-b48f-894aadb505cd]
2025-01-30 18:30:08,863 INFO c.h.h.t.OperatorHelmChartContainer - [test-hivemq-hivemq-operator] [operator] [842ee485] Picked up JAVA_TOOL_OPTIONS: -XX:+UnlockExperimentalVMOptions -XX:InitialRAMPercentage=75 -XX:MaxRAMPercentage=75
2025-01-30 18:30:08,863 INFO c.h.h.t.OperatorHelmChartContainer - [test-hivemq-hivemq-operator] [operator] [842ee485]  __  __ _                                  _   
2025-01-30 18:30:08,863 INFO c.h.h.t.OperatorHelmChartContainer - [test-hivemq-hivemq-operator] [operator] [842ee485] |  \/  (_) ___ _ __ ___  _ __   __ _ _   _| |_ 
2025-01-30 18:30:08,863 INFO c.h.h.t.OperatorHelmChartContainer - [test-hivemq-hivemq-operator] [operator] [842ee485] | |\/| | |/ __| '__/ _ \| '_ \ / _` | | | | __|
2025-01-30 18:30:08,863 INFO c.h.h.t.OperatorHelmChartContainer - [test-hivemq-hivemq-operator] [operator] [842ee485] | |  | | | (__| | | (_) | | | | (_| | |_| | |_ 
2025-01-30 18:30:08,863 INFO c.h.h.t.OperatorHelmChartContainer - [test-hivemq-hivemq-operator] [operator] [842ee485] |_|  |_|_|\___|_|  \___/|_| |_|\__,_|\__,_|\__|
2025-01-30 18:30:08,863 INFO c.h.h.t.OperatorHelmChartContainer - [test-hivemq-hivemq-operator] [operator] [842ee485]   Micronaut (v3.5.2)
2025-01-30 18:30:08,863 INFO c.h.h.t.OperatorHelmChartContainer - [test-hivemq-hivemq-operator] [operator] [842ee485] 
2025-01-30 18:30:08,863 INFO c.h.h.t.OperatorHelmChartContainer - [test-hivemq-hivemq-operator] [operator] [842ee485] ?[36m18:28:35.270?[0;39m ?[1;30m[main]?[0;39m ?[34mINFO ?[0;39m ?[35mio.micronaut.runtime.Micronaut?[0;39m - Startup completed in 2502ms. Server Running: http://test-hivemq-hivemq-operator-operator-bc4cbf748-s8njw:8443
2025-01-30 18:30:08,863 INFO c.h.h.t.OperatorHelmChartContainer - [test-hivemq-hivemq-operator] [operator] [842ee485] ?[36m18:28:36.493?[0;39m ?[1;30m[main]?[0;39m ?[34mINFO ?[0;39m ?[35mcom.hivemq.Operator?[0;39m - Initializing HiveMQ operator
2025-01-30 18:30:08,863 INFO c.h.h.t.OperatorHelmChartContainer - [test-hivemq-hivemq-operator] [operator] [842ee485] ?[36m18:28:37.779?[0;39m ?[1;30m[main]?[0;39m ?[34mINFO ?[0;39m ?[35mcom.hivemq.Operator?[0;39m - Operating from namespace 'default'
2025-01-30 18:30:08,863 INFO c.h.h.t.OperatorHelmChartContainer - [test-hivemq-hivemq-operator] [operator] [842ee485] ?[36m18:28:37.968?[0;39m ?[1;30m[pool-3-thread-1]?[0;39m ?[34mINFO ?[0;39m ?[35mcom.hivemq.AbstractWatcher?[0;39m - CustomResource watcher running for kinds HiveMQCluster
2025-01-30 18:30:08,863 INFO c.h.h.t.OperatorHelmChartContainer - [test-hivemq-hivemq-operator] [operator] [842ee485] ?[36m18:28:38.673?[0;39m ?[1;30m[main]?[0;39m ?[34mINFO ?[0;39m ?[35mcom.hivemq.Operator?[0;39m - Operator started in 2180ms
2025-01-30 18:30:08,863 INFO c.h.h.t.OperatorHelmChartContainer - [test-hivemq-hivemq-operator] [operator] [842ee485] ?[36m18:28:38.988?[0;39m ?[1;30m[pool-3-thread-2]?[0;39m ?[34mINFO ?[0;39m ?[35mcom.hivemq.Operator?[0;39m - Syncing state for cluster 'test-hivemq' in namespace 'default'
2025-01-30 18:30:08,863 INFO c.h.h.t.OperatorHelmChartContainer - [test-hivemq-hivemq-operator] [operator] [842ee485] ?[36m18:28:44.077?[0;39m ?[1;30m[pool-3-thread-7]?[0;39m ?[34mINFO ?[0;39m ?[35mcom.hivemq.Operator?[0;39m - Syncing state for cluster 'test-hivemq' in namespace 'default'
2025-01-30 18:30:08,863 INFO c.h.h.t.OperatorHelmChartContainer - [test-hivemq-hivemq-operator] [operator] [842ee485] ?[36m18:28:45.177?[0;39m ?[1;30m[pool-3-thread-2]?[0;39m ?[34mINFO ?[0;39m ?[35mcom.hivemq.util.DeploymentUtil?[0;39m - Waiting for deployment test-hivemq to roll out...
2025-01-30 18:30:08,863 INFO c.h.h.t.OperatorHelmChartContainer - [test-hivemq-hivemq-operator] [operator] [842ee485] ?[36m18:28:45.975?[0;39m ?[1;30m[pool-3-thread-7]?[0;39m ?[34mINFO ?[0;39m ?[35mcom.hivemq.util.DeploymentUtil?[0;39m - Waiting for deployment test-hivemq to roll out...
2025-01-30 18:30:08,863 INFO c.h.h.t.OperatorHelmChartContainer - [test-hivemq-hivemq-operator] [operator] [842ee485] ?[36m18:30:08.352?[0;39m ?[1;30m[pool-3-thread-2]?[0;39m ?[34mINFO ?[0;39m ?[35mcom.hivemq.Operator?[0;39m - State synchronization complete for cluster 'test-hivemq' in namespace 'default' in 89364ms
2025-01-30 18:30:08,863 INFO c.h.h.t.OperatorHelmChartContainer - [test-hivemq-hivemq-operator] [operator] [842ee485] ?[36m18:30:08.669?[0;39m ?[1;30m[pool-3-thread-7]?[0;39m ?[34mINFO ?[0;39m ?[35mcom.hivemq.Operator?[0;39m - State synchronization complete for cluster 'test-hivemq' in namespace 'default' in 84592ms
2025-01-30 18:30:08,865 INFO c.h.h.t.OperatorHelmChartContainer - [test-hivemq-6ff45d747b] [hivemq] [51ff544c]   JAVA_OPTS: -XX:+UnlockExperimentalVMOptions -XX:InitialRAMPercentage=40 -XX:MaxRAMPercentage=50 -XX:MinRAMPercentage=30 -Djava.net.preferIPv4Stack=true --add-opens java.base/java.lang=ALL-UNNAMED --add-opens java.base/java.nio=ALL-UNNAMED --add-opens java.base/sun.nio.ch=ALL-UNNAMED --add-opens jdk.management/com.sun.management.internal=ALL-UNNAMED --add-exports java.base/jdk.internal.misc=ALL-UNNAMED -Djava.security.egd=file:/dev/./urandom -Dcom.sun.management.jmxremote -Dcom.sun.management.jmxremote.port=9010 -Dcom.sun.management.jmxremote.local.only=false -Dcom.sun.management.jmxremote.authenticate=false -Dcom.sun.management.jmxremote.ssl=false -Duser.language=en -Duser.region=US -XX:+CrashOnOutOfMemoryError -XX:+HeapDumpOnOutOfMemoryError
2025-01-30 18:30:08,865 INFO c.h.h.t.OperatorHelmChartContainer - [test-hivemq-6ff45d747b] [hivemq] [51ff544c] 
2025-01-30 18:30:08,865 INFO c.h.h.t.OperatorHelmChartContainer - [test-hivemq-6ff45d747b] [hivemq] [51ff544c]   JAVA_VERSION: 21
2025-01-30 18:30:08,865 INFO c.h.h.t.OperatorHelmChartContainer - [test-hivemq-6ff45d747b] [hivemq] [51ff544c] 
2025-01-30 18:30:08,865 INFO c.h.h.t.OperatorHelmChartContainer - [test-hivemq-6ff45d747b] [hivemq] [51ff544c] -------------------------------------------------------------------------
2025-01-30 18:30:08,865 INFO c.h.h.t.OperatorHelmChartContainer - [test-hivemq-6ff45d747b] [hivemq] [51ff544c] 
2025-01-30 18:30:08,865 INFO c.h.h.t.OperatorHelmChartContainer - [test-hivemq-6ff45d747b] [hivemq] [51ff544c] INFO  - Starting HiveMQ Enterprise Server
2025-01-30 18:30:08,865 INFO c.h.h.t.OperatorHelmChartContainer - [test-hivemq-6ff45d747b] [hivemq] [51ff544c] INFO  - HiveMQ version: 4.36.0
2025-01-30 18:30:08,865 INFO c.h.h.t.OperatorHelmChartContainer - [test-hivemq-6ff45d747b] [hivemq] [51ff544c] INFO  - HiveMQ home directory: /opt/hivemq
2025-01-30 18:30:08,865 INFO c.h.h.t.OperatorHelmChartContainer - [test-hivemq-6ff45d747b] [hivemq] [51ff544c] INFO  - Log Configuration was overridden by /opt/hivemq/conf/logback.xml
2025-01-30 18:30:08,865 INFO c.h.h.t.OperatorHelmChartContainer - [test-hivemq-6ff45d747b] [hivemq] [51ff544c] DEBUG - Adding TCP Listener on bind address 0.0.0.0 and port 1883. Name: tcp-listener-1883. Proxy Protocol supported: false
2025-01-30 18:30:08,865 INFO c.h.h.t.OperatorHelmChartContainer - [test-hivemq-6ff45d747b] [hivemq] [51ff544c] DEBUG - Setting retained messages enabled to true
2025-01-30 18:30:08,865 INFO c.h.h.t.OperatorHelmChartContainer - [test-hivemq-6ff45d747b] [hivemq] [51ff544c] DEBUG - Setting wildcard subscriptions enabled to true
2025-01-30 18:30:08,865 INFO c.h.h.t.OperatorHelmChartContainer - [test-hivemq-6ff45d747b] [hivemq] [51ff544c] DEBUG - Setting subscription identifier enabled to true
2025-01-30 18:30:08,865 INFO c.h.h.t.OperatorHelmChartContainer - [test-hivemq-6ff45d747b] [hivemq] [51ff544c] DEBUG - Setting shared subscriptions enabled to true
2025-01-30 18:30:08,866 INFO c.h.h.t.OperatorHelmChartContainer - [test-hivemq-6ff45d747b] [hivemq] [51ff544c] DEBUG - Setting maximum qos to EXACTLY_ONCE 
2025-01-30 18:30:08,866 INFO c.h.h.t.OperatorHelmChartContainer - [test-hivemq-6ff45d747b] [hivemq] [51ff544c] DEBUG - Setting topic alias enabled to true
2025-01-30 18:30:08,866 INFO c.h.h.t.OperatorHelmChartContainer - [test-hivemq-6ff45d747b] [hivemq] [51ff544c] DEBUG - Setting topic alias maximum per client to 5
2025-01-30 18:30:08,866 INFO c.h.h.t.OperatorHelmChartContainer - [test-hivemq-6ff45d747b] [hivemq] [51ff544c] DEBUG - Setting the number of max queued messages  per client to 1000 entries
2025-01-30 18:30:08,866 INFO c.h.h.t.OperatorHelmChartContainer - [test-hivemq-6ff45d747b] [hivemq] [51ff544c] DEBUG - Setting queued messages strategy for each client to DISCARD
2025-01-30 18:30:08,866 INFO c.h.h.t.OperatorHelmChartContainer - [test-hivemq-6ff45d747b] [hivemq] [51ff544c] DEBUG - Setting the expiry interval for client sessions to 4294967295 seconds
2025-01-30 18:30:08,866 INFO c.h.h.t.OperatorHelmChartContainer - [test-hivemq-6ff45d747b] [hivemq] [51ff544c] DEBUG - Setting the expiry interval for publish messages to 4294967296 seconds
2025-01-30 18:30:08,866 INFO c.h.h.t.OperatorHelmChartContainer - [test-hivemq-6ff45d747b] [hivemq] [51ff544c] DEBUG - Setting the server receive maximum to 10
2025-01-30 18:30:08,866 INFO c.h.h.t.OperatorHelmChartContainer - [test-hivemq-6ff45d747b] [hivemq] [51ff544c] DEBUG - Setting keep alive maximum to 65535 seconds
2025-01-30 18:30:08,866 INFO c.h.h.t.OperatorHelmChartContainer - [test-hivemq-6ff45d747b] [hivemq] [51ff544c] DEBUG - Setting keep alive allow zero to true
2025-01-30 18:30:08,866 INFO c.h.h.t.OperatorHelmChartContainer - [test-hivemq-6ff45d747b] [hivemq] [51ff544c] DEBUG - Setting the maximum packet size for mqtt messages 268435460 bytes
2025-01-30 18:30:08,866 INFO c.h.h.t.OperatorHelmChartContainer - [test-hivemq-6ff45d747b] [hivemq] [51ff544c] DEBUG - Setting global maximum allowed connections to -1
2025-01-30 18:30:08,866 INFO c.h.h.t.OperatorHelmChartContainer - [test-hivemq-6ff45d747b] [hivemq] [51ff544c] DEBUG - Setting the maximum client id length to 65535
2025-01-30 18:30:08,866 INFO c.h.h.t.OperatorHelmChartContainer - [test-hivemq-6ff45d747b] [hivemq] [51ff544c] DEBUG - Setting the timeout for disconnecting idle tcp connections before a connect message was received to 10000 milliseconds
2025-01-30 18:30:08,866 INFO c.h.h.t.OperatorHelmChartContainer - [test-hivemq-6ff45d747b] [hivemq] [51ff544c] DEBUG - Throttling the global incoming traffic limit 0 bytes/second
2025-01-30 18:30:08,866 INFO c.h.h.t.OperatorHelmChartContainer - [test-hivemq-6ff45d747b] [hivemq] [51ff544c] DEBUG - Setting the maximum topic length to 65535
2025-01-30 18:30:08,866 INFO c.h.h.t.OperatorHelmChartContainer - [test-hivemq-6ff45d747b] [hivemq] [51ff544c] DEBUG - Setting allow server assigned client identifier to true
2025-01-30 18:30:08,866 INFO c.h.h.t.OperatorHelmChartContainer - [test-hivemq-6ff45d747b] [hivemq] [51ff544c] DEBUG - Setting validate UTF-8 to true
2025-01-30 18:30:08,866 INFO c.h.h.t.OperatorHelmChartContainer - [test-hivemq-6ff45d747b] [hivemq] [51ff544c] DEBUG - Setting payload format validation to false
2025-01-30 18:30:08,866 INFO c.h.h.t.OperatorHelmChartContainer - [test-hivemq-6ff45d747b] [hivemq] [51ff544c] DEBUG - Setting allow-problem-information to true
2025-01-30 18:30:08,866 INFO c.h.h.t.OperatorHelmChartContainer - [test-hivemq-6ff45d747b] [hivemq] [51ff544c] DEBUG - Setting control-center audit log enabled to true
2025-01-30 18:30:08,866 INFO c.h.h.t.OperatorHelmChartContainer - [test-hivemq-6ff45d747b] [hivemq] [51ff544c] DEBUG - Setting rest-api audit log enabled to true
2025-01-30 18:30:08,866 INFO c.h.h.t.OperatorHelmChartContainer - [test-hivemq-6ff45d747b] [hivemq] [51ff544c] DEBUG - Setting HiveMQ Control Center enabled to true 
2025-01-30 18:30:08,866 INFO c.h.h.t.OperatorHelmChartContainer - [test-hivemq-6ff45d747b] [hivemq] [51ff544c] DEBUG - Setting HiveMQ Control Center default login enabled to true 
2025-01-30 18:30:08,866 INFO c.h.h.t.OperatorHelmChartContainer - [test-hivemq-6ff45d747b] [hivemq] [51ff544c] DEBUG - Setting HiveMQ Control Center session idle time to 14400 seconds
2025-01-30 18:30:08,866 INFO c.h.h.t.OperatorHelmChartContainer - [test-hivemq-6ff45d747b] [hivemq] [51ff544c] DEBUG - Adding Http-Listener to HiveMQ Control Center Config
2025-01-30 18:30:08,866 INFO c.h.h.t.OperatorHelmChartContainer - [test-hivemq-6ff45d747b] [hivemq] [51ff544c] DEBUG - Set TLS to disabled for cluster TCP transport
2025-01-30 18:30:08,866 INFO c.h.h.t.OperatorHelmChartContainer - [test-hivemq-6ff45d747b] [hivemq] [51ff544c] DEBUG - Setting replica count to 2 
2025-01-30 18:30:08,866 INFO c.h.h.t.OperatorHelmChartContainer - [test-hivemq-6ff45d747b] [hivemq] [51ff544c] DEBUG - Setting cluster TCP health-check enabled
2025-01-30 18:30:08,866 INFO c.h.h.t.OperatorHelmChartContainer - [test-hivemq-6ff45d747b] [hivemq] [51ff544c] DEBUG - Setting cluster TCP health-check bind-address to 10.42.0.7
2025-01-30 18:30:08,866 INFO c.h.h.t.OperatorHelmChartContainer - [test-hivemq-6ff45d747b] [hivemq] [51ff544c] DEBUG - Setting cluster TCP health-check bind-address to 9000
2025-01-30 18:30:08,866 INFO c.h.h.t.OperatorHelmChartContainer - [test-hivemq-6ff45d747b] [hivemq] [51ff544c] DEBUG - Setting cluster TCP health-check bind-port to 9000
2025-01-30 18:30:08,866 INFO c.h.h.t.OperatorHelmChartContainer - [test-hivemq-6ff45d747b] [hivemq] [51ff544c] DEBUG - Setting cluster TCP health-check external-address to default
2025-01-30 18:30:08,866 INFO c.h.h.t.OperatorHelmChartContainer - [test-hivemq-6ff45d747b] [hivemq] [51ff544c] DEBUG - Setting cluster TCP health-check external-port to 0
2025-01-30 18:30:08,866 INFO c.h.h.t.OperatorHelmChartContainer - [test-hivemq-6ff45d747b] [hivemq] [51ff544c] DEBUG - Setting cluster heartbeat enabled
2025-01-30 18:30:08,866 INFO c.h.h.t.OperatorHelmChartContainer - [test-hivemq-6ff45d747b] [hivemq] [51ff544c] DEBUG - Setting cluster heartbeat interval to 4000 ms
2025-01-30 18:30:08,866 INFO c.h.h.t.OperatorHelmChartContainer - [test-hivemq-6ff45d747b] [hivemq] [51ff544c] DEBUG - Setting the cluster heartbeat timeout to 30000 ms
2025-01-30 18:30:08,866 INFO c.h.h.t.OperatorHelmChartContainer - [test-hivemq-6ff45d747b] [hivemq] [51ff544c] DEBUG - Setting HiveMQ REST API enabled to false 
2025-01-30 18:30:08,866 INFO c.h.h.t.OperatorHelmChartContainer - [test-hivemq-6ff45d747b] [hivemq] [51ff544c] DEBUG - Setting HiveMQ REST API authentication enabled to false 
2025-01-30 18:30:08,866 INFO c.h.h.t.OperatorHelmChartContainer - [test-hivemq-6ff45d747b] [hivemq] [51ff544c] DEBUG - Setting HiveMQ Health API enabled to false 
2025-01-30 18:30:08,866 INFO c.h.h.t.OperatorHelmChartContainer - [test-hivemq-6ff45d747b] [hivemq] [51ff544c] DEBUG - Setting client event history enabled to false
2025-01-30 18:30:08,866 INFO c.h.h.t.OperatorHelmChartContainer - [test-hivemq-6ff45d747b] [hivemq] [51ff544c] DEBUG - Setting client event history lifetime to 604800000 ms
2025-01-30 18:30:08,866 INFO c.h.h.t.OperatorHelmChartContainer - [test-hivemq-6ff45d747b] [hivemq] [51ff544c] DEBUG - Setting overload protection enabled to true 
2025-01-30 18:30:08,866 INFO c.h.h.t.OperatorHelmChartContainer - [test-hivemq-6ff45d747b] [hivemq] [51ff544c] DEBUG - Setting anonymous usage statistics enabled to false 
2025-01-30 18:30:08,866 INFO c.h.h.t.OperatorHelmChartContainer - [test-hivemq-6ff45d747b] [hivemq] [51ff544c] DEBUG - Setting expired messages topic enabled to false
2025-01-30 18:30:08,866 INFO c.h.h.t.OperatorHelmChartContainer - [test-hivemq-6ff45d747b] [hivemq] [51ff544c] DEBUG - Setting dropped messages topic enabled to false
2025-01-30 18:30:08,866 INFO c.h.h.t.OperatorHelmChartContainer - [test-hivemq-6ff45d747b] [hivemq] [51ff544c] DEBUG - Setting dead messages topic enabled to false
2025-01-30 18:30:08,866 INFO c.h.h.t.OperatorHelmChartContainer - [test-hivemq-6ff45d747b] [hivemq] [51ff544c] INFO  - Successfully loaded configuration from '/opt/hivemq/conf/config.xml'.
2025-01-30 18:30:08,866 INFO c.h.h.t.OperatorHelmChartContainer - [test-hivemq-6ff45d747b] [hivemq] [51ff544c] DEBUG - Performing sanity checks.
2025-01-30 18:30:08,866 INFO c.h.h.t.OperatorHelmChartContainer - [test-hivemq-6ff45d747b] [hivemq] [51ff544c] DEBUG - Soft limit for open files (1048576) satisfies the recommended limit (1000000).
2025-01-30 18:30:08,866 INFO c.h.h.t.OperatorHelmChartContainer - [test-hivemq-6ff45d747b] [hivemq] [51ff544c] DEBUG - Hard limit for open files (1048576) satisfies the recommended limit (1000000).
2025-01-30 18:30:08,866 INFO c.h.h.t.OperatorHelmChartContainer - [test-hivemq-6ff45d747b] [hivemq] [51ff544c] DEBUG - HiveMQ license directory (/opt/hivemq/license) satisfies all required file-system permissions.
2025-01-30 18:30:08,866 INFO c.h.h.t.OperatorHelmChartContainer - [test-hivemq-6ff45d747b] [hivemq] [51ff544c] DEBUG - HiveMQ data directory (/opt/hivemq/data) satisfies all required file-system permissions.
2025-01-30 18:30:08,866 INFO c.h.h.t.OperatorHelmChartContainer - [test-hivemq-6ff45d747b] [hivemq] [51ff544c] DEBUG - HiveMQ log directory (/opt/hivemq/log) satisfies all required file-system permissions.
2025-01-30 18:30:08,866 INFO c.h.h.t.OperatorHelmChartContainer - [test-hivemq-6ff45d747b] [hivemq] [51ff544c] DEBUG - HiveMQ backup directory (/opt/hivemq/backup) satisfies all required file-system permissions.
2025-01-30 18:30:08,866 INFO c.h.h.t.OperatorHelmChartContainer - [test-hivemq-6ff45d747b] [hivemq] [51ff544c] DEBUG - HiveMQ audit directory (/opt/hivemq/audit) satisfies all required file-system permissions.
2025-01-30 18:30:08,866 INFO c.h.h.t.OperatorHelmChartContainer - [test-hivemq-6ff45d747b] [hivemq] [51ff544c] DEBUG - HiveMQ extensions directory (/opt/hivemq/extensions) satisfies all required file-system permissions.
2025-01-30 18:30:08,866 INFO c.h.h.t.OperatorHelmChartContainer - [test-hivemq-6ff45d747b] [hivemq] [51ff544c] DEBUG - Extension directory hivemq-allow-all-extension (/opt/hivemq/extensions/hivemq-allow-all-extension) satisfies all required file-system permissions.
2025-01-30 18:30:08,866 INFO c.h.h.t.OperatorHelmChartContainer - [test-hivemq-6ff45d747b] [hivemq] [51ff544c] DEBUG - Extension directory hivemq-google-cloud-pubsub-extension (/opt/hivemq/extensions/hivemq-google-cloud-pubsub-extension) satisfies all required file-system permissions.
2025-01-30 18:30:08,866 INFO c.h.h.t.OperatorHelmChartContainer - [test-hivemq-6ff45d747b] [hivemq] [51ff544c] DEBUG - Extension directory hivemq-enterprise-security-extension (/opt/hivemq/extensions/hivemq-enterprise-security-extension) satisfies all required file-system permissions.
2025-01-30 18:30:08,866 INFO c.h.h.t.OperatorHelmChartContainer - [test-hivemq-6ff45d747b] [hivemq] [51ff544c] DEBUG - Extension directory hivemq-bridge-extension (/opt/hivemq/extensions/hivemq-bridge-extension) satisfies all required file-system permissions.
2025-01-30 18:30:08,866 INFO c.h.h.t.OperatorHelmChartContainer - [test-hivemq-6ff45d747b] [hivemq] [51ff544c] DEBUG - Extension directory hivemq-kafka-extension (/opt/hivemq/extensions/hivemq-kafka-extension) satisfies all required file-system permissions.
2025-01-30 18:30:08,866 INFO c.h.h.t.OperatorHelmChartContainer - [test-hivemq-6ff45d747b] [hivemq] [51ff544c] DEBUG - Extension directory hivemq-distributed-tracing-extension (/opt/hivemq/extensions/hivemq-distributed-tracing-extension) satisfies all required file-system permissions.
2025-01-30 18:30:08,866 INFO c.h.h.t.OperatorHelmChartContainer - [test-hivemq-6ff45d747b] [hivemq] [51ff544c] DEBUG - Extension directory hivemq-prometheus-extension (/opt/hivemq/extensions/hivemq-prometheus-extension) satisfies all required file-system permissions.
2025-01-30 18:30:08,866 INFO c.h.h.t.OperatorHelmChartContainer - [test-hivemq-6ff45d747b] [hivemq] [51ff544c] DEBUG - Extension directory hivemq-amazon-kinesis-extension (/opt/hivemq/extensions/hivemq-amazon-kinesis-extension) satisfies all required file-system permissions.
2025-01-30 18:30:08,866 INFO c.h.h.t.OperatorHelmChartContainer - [test-hivemq-6ff45d747b] [hivemq] [51ff544c] DEBUG - Extension directory hivemq-k8s-sync-extension (/opt/hivemq/extensions/hivemq-k8s-sync-extension) satisfies all required file-system permissions.
2025-01-30 18:30:08,866 INFO c.h.h.t.OperatorHelmChartContainer - [test-hivemq-6ff45d747b] [hivemq] [51ff544c] DEBUG - Extension directory hivemq-dns-cluster-discovery (/opt/hivemq/extensions/hivemq-dns-cluster-discovery) satisfies all required file-system permissions.
2025-01-30 18:30:08,866 INFO c.h.h.t.OperatorHelmChartContainer - [test-hivemq-6ff45d747b] [hivemq] [51ff544c] DEBUG - Extension directory hivemq-snowflake-extension (/opt/hivemq/extensions/hivemq-snowflake-extension) satisfies all required file-system permissions.
2025-01-30 18:30:08,891 INFO c.h.h.t.OperatorHelmChartContainer - [test-hivemq-6ff45d747b] [hivemq] [51ff544c] DEBUG - Extension directory hivemq-postgresql-extension (/opt/hivemq/extensions/hivemq-postgresql-extension) satisfies all required file-system permissions.
2025-01-30 18:30:08,893 INFO c.h.h.t.OperatorHelmChartContainer - [test-hivemq-6ff45d747b] [hivemq] [51ff544c] DEBUG - Extension directory hivemq-mysql-extension (/opt/hivemq/extensions/hivemq-mysql-extension) satisfies all required file-system permissions.
2025-01-30 18:30:08,893 INFO c.h.h.t.OperatorHelmChartContainer - [test-hivemq-6ff45d747b] [hivemq] [51ff544c] DEBUG - Extension directory hivemq-mongodb-extension (/opt/hivemq/extensions/hivemq-mongodb-extension) satisfies all required file-system permissions.
2025-01-30 18:30:08,893 INFO c.h.h.t.OperatorHelmChartContainer - [test-hivemq-6ff45d747b] [hivemq] [51ff544c] DEBUG - Extension directory hivemq-data-lake-extension (/opt/hivemq/extensions/hivemq-data-lake-extension) satisfies all required file-system permissions.
2025-01-30 18:30:08,893 INFO c.h.h.t.OperatorHelmChartContainer - [test-hivemq-6ff45d747b] [hivemq] [51ff544c] DEBUG - Extension directory hivemq-microsoft-sql-server-extension (/opt/hivemq/extensions/hivemq-microsoft-sql-server-extension) satisfies all required file-system permissions.
2025-01-30 18:30:08,893 INFO c.h.h.t.OperatorHelmChartContainer - [test-hivemq-6ff45d747b] [hivemq] [51ff544c] DEBUG - Temporary directory (/tmp) satisfies all required file-system permissions.
2025-01-30 18:30:08,893 INFO c.h.h.t.OperatorHelmChartContainer - [test-hivemq-6ff45d747b] [hivemq] [51ff544c] DEBUG - Heap dump directory (/opt/hivemq/dumps) satisfies all required file-system permissions.
2025-01-30 18:30:08,893 INFO c.h.h.t.OperatorHelmChartContainer - [test-hivemq-6ff45d747b] [hivemq] [51ff544c] DEBUG - Performed all sanity checks in 93ms. All sanity checks passed successfully.
2025-01-30 18:30:08,893 INFO c.h.h.t.OperatorHelmChartContainer - [test-hivemq-6ff45d747b] [hivemq] [51ff544c] INFO  - This node's ID is P1opC
2025-01-30 18:30:08,893 INFO c.h.h.t.OperatorHelmChartContainer - [test-hivemq-6ff45d747b] [hivemq] [51ff544c] INFO  - Clustering is enabled
2025-01-30 18:30:08,893 INFO c.h.h.t.OperatorHelmChartContainer - [test-hivemq-6ff45d747b] [hivemq] [51ff544c] DEBUG - Configured WriteBufferManager with size for memtables 311023370 and for the block cache 466535055
2025-01-30 18:30:08,893 INFO c.h.h.t.OperatorHelmChartContainer - [test-hivemq-6ff45d747b] [hivemq] [51ff544c] DEBUG - Starting RocksDBMemoryUsageWatchdog.
2025-01-30 18:30:08,893 INFO c.h.h.t.OperatorHelmChartContainer - [test-hivemq-6ff45d747b] [hivemq] [51ff544c] DEBUG - RocksDBMemoryUsageWatchdog is running.
2025-01-30 18:30:08,893 INFO c.h.h.t.OperatorHelmChartContainer - [test-hivemq-6ff45d747b] [hivemq] [51ff544c] DEBUG - Folder /opt/hivemq/data/persistence does not exist, trying to create it
2025-01-30 18:30:08,893 INFO c.h.h.t.OperatorHelmChartContainer - [test-hivemq-6ff45d747b] [hivemq] [51ff544c] DEBUG - Created folder /opt/hivemq/data
2025-01-30 18:30:08,894 INFO c.h.h.t.OperatorHelmChartContainer - [test-hivemq-6ff45d747b] [hivemq] [51ff544c] DEBUG - Folder /opt/hivemq/data/persistence/publish_payload_store/040500_R does not exist, trying to create it
2025-01-30 18:30:08,894 INFO c.h.h.t.OperatorHelmChartContainer - [test-hivemq-6ff45d747b] [hivemq] [51ff544c] DEBUG - Folder /opt/hivemq/data/persistence/client_session_store/040100_R does not exist, trying to create it
2025-01-30 18:30:08,894 INFO c.h.h.t.OperatorHelmChartContainer - [test-hivemq-6ff45d747b] [hivemq] [51ff544c] DEBUG - Folder /opt/hivemq/data/persistence/client_queue/042800_R does not exist, trying to create it
2025-01-30 18:30:08,894 INFO c.h.h.t.OperatorHelmChartContainer - [test-hivemq-6ff45d747b] [hivemq] [51ff544c] DEBUG - Folder /opt/hivemq/data/persistence/client_session_subscriptions/043200_R does not exist, trying to create it
2025-01-30 18:30:08,894 INFO c.h.h.t.OperatorHelmChartContainer - [test-hivemq-6ff45d747b] [hivemq] [51ff544c] DEBUG - Folder /opt/hivemq/data/persistence/retained_messages/040800_R does not exist, trying to create it
2025-01-30 18:30:08,894 INFO c.h.h.t.OperatorHelmChartContainer - [test-hivemq-6ff45d747b] [hivemq] [51ff544c] DEBUG - Folder /opt/hivemq/data/persistence/attribute/043100_R does not exist, trying to create it
2025-01-30 18:30:08,894 INFO c.h.h.t.OperatorHelmChartContainer - [test-hivemq-6ff45d747b] [hivemq] [51ff544c] DEBUG - Folder /opt/hivemq/data/persistence/incoming_message_flow/043000_R does not exist, trying to create it
2025-01-30 18:30:08,894 INFO c.h.h.t.OperatorHelmChartContainer - [test-hivemq-6ff45d747b] [hivemq] [51ff544c] DEBUG - Folder /opt/hivemq/data/persistence/data_hub_modules/043000_R does not exist, trying to create it
2025-01-30 18:30:08,894 INFO c.h.h.t.OperatorHelmChartContainer - [test-hivemq-6ff45d747b] [hivemq] [51ff544c] DEBUG - Folder /opt/hivemq/data/persistence/data_hub_schemas/042000_R does not exist, trying to create it
2025-01-30 18:30:08,894 INFO c.h.h.t.OperatorHelmChartContainer - [test-hivemq-6ff45d747b] [hivemq] [51ff544c] DEBUG - Folder /opt/hivemq/data/persistence/data_hub_scripts/042300_R does not exist, trying to create it
2025-01-30 18:30:08,894 INFO c.h.h.t.OperatorHelmChartContainer - [test-hivemq-6ff45d747b] [hivemq] [51ff544c] DEBUG - Folder /opt/hivemq/data/persistence/data_hub_policies/042000_R does not exist, trying to create it
2025-01-30 18:30:08,894 INFO c.h.h.t.OperatorHelmChartContainer - [test-hivemq-6ff45d747b] [hivemq] [51ff544c] DEBUG - Diagnostic mode is disabled
2025-01-30 18:30:08,894 INFO c.h.h.t.OperatorHelmChartContainer - [test-hivemq-6ff45d747b] [hivemq] [51ff544c] INFO  - No valid license file found. Using trial license, restricted to 25 connections.
2025-01-30 18:30:08,894 INFO c.h.h.t.OperatorHelmChartContainer - [test-hivemq-6ff45d747b] [hivemq] [51ff544c] DEBUG - Native Epoll is available on this platform
2025-01-30 18:30:08,894 INFO c.h.h.t.OperatorHelmChartContainer - [test-hivemq-6ff45d747b] [hivemq] [51ff544c] DEBUG - Set extension executor thread pool size to 1
2025-01-30 18:30:08,894 INFO c.h.h.t.OperatorHelmChartContainer - [test-hivemq-6ff45d747b] [hivemq] [51ff544c] DEBUG - Set extension executor thread pool keep-alive to 30 seconds
2025-01-30 18:30:08,894 INFO c.h.h.t.OperatorHelmChartContainer - [test-hivemq-6ff45d747b] [hivemq] [51ff544c] DEBUG - initializing RSA key
2025-01-30 18:30:08,894 INFO c.h.h.t.OperatorHelmChartContainer - [test-hivemq-6ff45d747b] [hivemq] [51ff544c] DEBUG - finished initializing RSA key in 1858ms
2025-01-30 18:30:08,894 INFO c.h.h.t.OperatorHelmChartContainer - [test-hivemq-6ff45d747b] [hivemq] [51ff544c] DEBUG - Unable to provide size and free metrics for disk /dev/sda: Could not find the corresponding FileStore (OSHI/Java).
2025-01-30 18:30:08,894 INFO c.h.h.t.OperatorHelmChartContainer - [test-hivemq-6ff45d747b] [hivemq] [51ff544c] DEBUG - Unable to provide size and free metrics for disk /dev/sdb: Could not find the corresponding FileStore (OSHI/Java).
2025-01-30 18:30:08,894 INFO c.h.h.t.OperatorHelmChartContainer - [test-hivemq-6ff45d747b] [hivemq] [51ff544c] DEBUG - Throttling incoming traffic to 0 B/s
2025-01-30 18:30:08,894 INFO c.h.h.t.OperatorHelmChartContainer - [test-hivemq-6ff45d747b] [hivemq] [51ff544c] DEBUG - Throttling outgoing traffic to 0 B/s
2025-01-30 18:30:08,894 INFO c.h.h.t.OperatorHelmChartContainer - [test-hivemq-6ff45d747b] [hivemq] [51ff544c] INFO  - No valid license file for Data Hub found. Using free license, restricted to 1 policy.
2025-01-30 18:30:08,894 INFO c.h.h.t.OperatorHelmChartContainer - [test-hivemq-6ff45d747b] [hivemq] [51ff544c] DEBUG - Building initial topic tree
2025-01-30 18:30:08,894 INFO c.h.h.t.OperatorHelmChartContainer - [test-hivemq-6ff45d747b] [hivemq] [51ff544c] DEBUG - Started JMX Metrics Reporting.
2025-01-30 18:30:08,894 INFO c.h.h.t.OperatorHelmChartContainer - [test-hivemq-6ff45d747b] [hivemq] [51ff544c] DEBUG - Registered JVM metrics with prefix com.hivemq.jvm.
2025-01-30 18:30:08,894 INFO c.h.h.t.OperatorHelmChartContainer - [test-hivemq-6ff45d747b] [hivemq] [51ff544c] DEBUG - Registered HiveMQ Health API metrics.
2025-01-30 18:30:08,894 INFO c.h.h.t.OperatorHelmChartContainer - [test-hivemq-6ff45d747b] [hivemq] [51ff544c] INFO  - Audit Logger started.
2025-01-30 18:30:08,894 INFO c.h.h.t.OperatorHelmChartContainer - [test-hivemq-6ff45d747b] [hivemq] [51ff544c] INFO  - This node uses '1' CPU cores.
2025-01-30 18:30:08,894 INFO c.h.h.t.OperatorHelmChartContainer - [test-hivemq-6ff45d747b] [hivemq] [51ff544c] INFO  - Starting HiveMQ extension system.
2025-01-30 18:30:08,894 INFO c.h.h.t.OperatorHelmChartContainer - [test-hivemq-6ff45d747b] [hivemq] [51ff544c] INFO  - Starting extension with id "hivemq-dns-cluster-discovery" at /opt/hivemq/extensions/hivemq-dns-cluster-discovery
2025-01-30 18:30:08,894 INFO c.h.h.t.OperatorHelmChartContainer - [test-hivemq-6ff45d747b] [hivemq] [51ff544c] DEBUG - HiveMQ DNS Cluster Discovery Extension: No DNS server address was set in the configuration file or environment variable.
2025-01-30 18:30:08,894 INFO c.h.h.t.OperatorHelmChartContainer - [test-hivemq-6ff45d747b] [hivemq] [51ff544c] DEBUG - HiveMQ DNS Cluster Discovery Extension: No reload interval was set in the configuration file or environment variable. Defaulting to 30.
2025-01-30 18:30:08,894 INFO c.h.h.t.OperatorHelmChartContainer - [test-hivemq-6ff45d747b] [hivemq] [51ff544c] INFO  - Extension "DNS Cluster Discovery Extension" version 4.3.3 started successfully.
2025-01-30 18:30:08,894 INFO c.h.h.t.OperatorHelmChartContainer - [test-hivemq-6ff45d747b] [hivemq] [51ff544c] INFO  - Starting extension with id "hivemq-k8s-sync-extension" at /opt/hivemq/extensions/hivemq-k8s-sync-extension
2025-01-30 18:30:08,894 INFO c.h.h.t.OperatorHelmChartContainer - [test-hivemq-6ff45d747b] [hivemq] [51ff544c] INFO  - Using TCP cluster transport on address 10.42.0.7 and port 7000
2025-01-30 18:30:08,894 INFO c.h.h.t.OperatorHelmChartContainer - [test-hivemq-6ff45d747b] [hivemq] [51ff544c] INFO  - Using extension cluster discovery
2025-01-30 18:30:08,894 INFO c.h.h.t.OperatorHelmChartContainer - [test-hivemq-6ff45d747b] [hivemq] [51ff544c] DEBUG - Could not get configMap modification timestamp for source /hivemq-data/conf/..data, likely no ConfigMap mounted
2025-01-30 18:30:08,894 INFO c.h.h.t.OperatorHelmChartContainer - [test-hivemq-6ff45d747b] [hivemq] [51ff544c] DEBUG - Could not get configMap modification timestamp for source /hivemq-data/extensions/..data, likely no ConfigMap mounted
2025-01-30 18:30:08,894 INFO c.h.h.t.OperatorHelmChartContainer - [test-hivemq-6ff45d747b] [hivemq] [51ff544c] DEBUG - Could not get configMap modification timestamp for source /hivemq-data/bin/..data, likely no ConfigMap mounted
2025-01-30 18:30:08,894 INFO c.h.h.t.OperatorHelmChartContainer - [test-hivemq-6ff45d747b] [hivemq] [51ff544c] INFO  - Started HiveMQ Kubernetes State Synchronization Extension:1.0.3
2025-01-30 18:30:08,894 INFO c.h.h.t.OperatorHelmChartContainer - [test-hivemq-6ff45d747b] [hivemq] [51ff544c] INFO  - Extension "HiveMQ Kubernetes State Synchronization Extension" version 1.0.3 started successfully.
2025-01-30 18:30:08,894 INFO c.h.h.t.OperatorHelmChartContainer - [test-hivemq-6ff45d747b] [hivemq] [51ff544c] INFO  - Starting extension with id "hivemq-allow-all-extension" at /opt/hivemq/extensions/hivemq-allow-all-extension
2025-01-30 18:30:08,894 INFO c.h.h.t.OperatorHelmChartContainer - [test-hivemq-6ff45d747b] [hivemq] [51ff544c] WARN  - 
2025-01-30 18:30:08,894 INFO c.h.h.t.OperatorHelmChartContainer - [test-hivemq-6ff45d747b] [hivemq] [51ff544c] ################################################################################################################
2025-01-30 18:30:08,894 INFO c.h.h.t.OperatorHelmChartContainer - [test-hivemq-6ff45d747b] [hivemq] [51ff544c] # This HiveMQ deployment is not secure! You are lacking Authentication and Authorization.                      #
2025-01-30 18:30:08,894 INFO c.h.h.t.OperatorHelmChartContainer - [test-hivemq-6ff45d747b] [hivemq] [51ff544c] # Right now any MQTT client can connect to the broker with a full set of permissions.                          #
2025-01-30 18:30:08,894 INFO c.h.h.t.OperatorHelmChartContainer - [test-hivemq-6ff45d747b] [hivemq] [51ff544c] # For production usage, add an appropriate security extension and remove the hivemq-allow-all extension.       #
2025-01-30 18:30:08,894 INFO c.h.h.t.OperatorHelmChartContainer - [test-hivemq-6ff45d747b] [hivemq] [51ff544c] # You can download security extensions from the HiveMQ Marketplace (https://www.hivemq.com/extensions/).       #
2025-01-30 18:30:08,894 INFO c.h.h.t.OperatorHelmChartContainer - [test-hivemq-6ff45d747b] [hivemq] [51ff544c] ################################################################################################################
2025-01-30 18:30:08,894 INFO c.h.h.t.OperatorHelmChartContainer - [test-hivemq-6ff45d747b] [hivemq] [51ff544c] DEBUG - Simple authenticator added by extension 'hivemq-allow-all-extension'.
2025-01-30 18:30:08,894 INFO c.h.h.t.OperatorHelmChartContainer - [test-hivemq-6ff45d747b] [hivemq] [51ff544c] INFO  - Extension "Allow All Extension" version 1.1.1 started successfully.
2025-01-30 18:30:08,894 INFO c.h.h.t.OperatorHelmChartContainer - [test-hivemq-6ff45d747b] [hivemq] [51ff544c] DEBUG - HiveMQ DNS Cluster Discovery Extension: Discovered new address '10.42.0.7'.
2025-01-30 18:30:08,894 INFO c.h.h.t.OperatorHelmChartContainer - [test-hivemq-6ff45d747b] [hivemq] [51ff544c] INFO  - P1opC: no members discovered after 2202 ms: creating cluster as first member
2025-01-30 18:30:08,894 INFO c.h.h.t.OperatorHelmChartContainer - [test-hivemq-6ff45d747b] [hivemq] [51ff544c] INFO  - Cluster nodes found by discovery: [P1opC|0] (1) [P1opC].
2025-01-30 18:30:08,894 INFO c.h.h.t.OperatorHelmChartContainer - [test-hivemq-6ff45d747b] [hivemq] [51ff544c] DEBUG - State of node P1opC changed to UNKNOWN was null. Current cluster node states: {P1opC=UNKNOWN}
2025-01-30 18:30:08,894 INFO c.h.h.t.OperatorHelmChartContainer - [test-hivemq-6ff45d747b] [hivemq] [51ff544c] DEBUG - State of node P1opC set to RUNNING. Current cluster node states: {P1opC=RUNNING}
2025-01-30 18:30:08,894 INFO c.h.h.t.OperatorHelmChartContainer - [test-hivemq-6ff45d747b] [hivemq] [51ff544c] WARN  - No user for HiveMQ Control Center configured. Starting with default user
2025-01-30 18:30:08,895 INFO c.h.h.t.OperatorHelmChartContainer - [test-hivemq-6ff45d747b] [hivemq] [51ff544c] INFO  - Starting HiveMQ Control Center on address 0.0.0.0 and port 8080
2025-01-30 18:30:08,895 INFO c.h.h.t.OperatorHelmChartContainer - [test-hivemq-6ff45d747b] [hivemq] [51ff544c] INFO  - Mounting HiveMQ Control Center V2 Preview
2025-01-30 18:30:08,901 INFO c.h.h.t.OperatorHelmChartContainer - [test-hivemq-6ff45d747b] [hivemq] [51ff544c] INFO  - Started HiveMQ Control Center in 1597ms
2025-01-30 18:30:08,903 INFO c.h.h.t.OperatorHelmChartContainer - [test-hivemq-6ff45d747b] [hivemq] [51ff544c] INFO  - Starting TCP listener on address 0.0.0.0 and port 1883
2025-01-30 18:30:08,905 INFO c.h.h.t.OperatorHelmChartContainer - [test-hivemq-6ff45d747b] [hivemq] [51ff544c] INFO  - Started TCP Listener on address 0.0.0.0 and on port 1883.
2025-01-30 18:30:08,905 INFO c.h.h.t.OperatorHelmChartContainer - [test-hivemq-6ff45d747b] [hivemq] [51ff544c] INFO  - Started HiveMQ in 29983ms
2025-01-30 18:30:09,670 INFO c.h.h.t.OperatorHelmChartContainer - Stopped log watcher for operator in pod test-hivemq-hivemq-operator-operator-bc4cbf748-s8njw [842ee485-f8dc-47ce-b48f-894aadb505cd]
2025-01-30 18:30:09,671 INFO c.h.h.t.OperatorHelmChartContainer - Stopped log watcher for hivemq in pod test-hivemq-6ff45d747b-zd9rb [51ff544c-69e1-4030-b3d7-831e91b07faf]
2025-01-30 18:30:09,685 INFO c.h.h.t.OperatorHelmChartContainer - [K3S] [WARNING] signal received: \"terminated\", canceling context...
2025-01-30 18:30:09,688 INFO c.h.h.t.OperatorHelmChartContainer - [K3S] [secure_serving.go:258] Stopped listening on 127.0.0.1:10258
2025-01-30 18:30:09,688 INFO c.h.h.t.OperatorHelmChartContainer - [K3S] [tlsconfig.go:258] "Shutting down DynamicServingCertificateController"
2025-01-30 18:30:09,688 INFO c.h.h.t.OperatorHelmChartContainer - [K3S] [INFO] Shutting down batch/v1, Kind=Job workers
2025-01-30 18:30:09,688 INFO c.h.h.t.OperatorHelmChartContainer - [K3S] [INFO] Shutting down rbac.authorization.k8s.io/v1, Kind=ClusterRoleBinding workers
2025-01-30 18:30:09,688 INFO c.h.h.t.OperatorHelmChartContainer - [K3S] [INFO] Shutting down /v1, Kind=ServiceAccount workers
2025-01-30 18:30:09,688 INFO c.h.h.t.OperatorHelmChartContainer - [K3S] [INFO] Shutting down /v1, Kind=ConfigMap workers
2025-01-30 18:30:09,688 INFO c.h.h.t.OperatorHelmChartContainer - [K3S] [INFO] Shutting down /v1, Kind=Secret workers
2025-01-30 18:30:09,689 INFO c.h.h.t.OperatorHelmChartContainer - [K3S] [INFO] Shutting down helm.cattle.io/v1, Kind=HelmChartConfig workers
2025-01-30 18:30:09,691 INFO c.h.h.t.OperatorHelmChartContainer - [K3S] [INFO] Shutting down helm.cattle.io/v1, Kind=HelmChart workers
2025-01-30 18:30:09,691 INFO c.h.h.t.OperatorHelmChartContainer - [K3S] [INFO] Shutting down /v1, Kind=Node workers
2025-01-30 18:30:09,691 INFO c.h.h.t.OperatorHelmChartContainer - [K3S] [INFO] Shutting down k3s.cattle.io/v1, Kind=Addon workers
2025-01-30 18:30:09,691 INFO c.h.h.t.OperatorHelmChartContainer - [K3S] [health_controller.go:224] Shutting down HealthController RunCheck
2025-01-30 18:30:09,694 INFO c.h.h.t.OperatorHelmChartContainer - [K3S] [controller.go:133] Shutting down kubernetes service endpoint reconciler
2025-01-30 18:30:09,696 INFO c.h.h.t.OperatorHelmChartContainer - [K3S] [configmap_cafile_content.go:226] "Shutting down controller" name="client-ca::kube-system::extension-apiserver-authentication::requestheader-client-ca-file"
2025-01-30 18:30:09,696 INFO c.h.h.t.OperatorHelmChartContainer - [K3S] [INFO] Proxy done" err="context canceled" url="wss://172.17.0.3:6443/v1-k3s/connect
2025-01-30 18:30:09,697 INFO c.h.h.t.OperatorHelmChartContainer - [K3S] [reflector.go:492] k8s.io/client-go@v1.32.1-k3s1/tools/cache/reflector.go:251: watch of *v1.Endpoints ended with: an error on the server ("unable to decode an event from the watch stream: context canceled") has prevented the request from succeeding
2025-01-30 18:30:09,697 INFO c.h.h.t.OperatorHelmChartContainer - [K3S] [requestheader_controller.go:194] Shutting down RequestHeaderAuthRequestController
2025-01-30 18:30:09,697 INFO c.h.h.t.OperatorHelmChartContainer - [K3S] [configmap_cafile_content.go:226] "Shutting down controller" name="client-ca::kube-system::extension-apiserver-authentication::client-ca-file"
2025-01-30 18:30:09,697 INFO c.h.h.t.OperatorHelmChartContainer - [K3S] [INFO] error in remotedialer server [400]: websocket: close 1006 (abnormal closure): unexpected EOF
2025-01-30 18:30:09,834 INFO c.h.h.t.OperatorHelmChartContainer - [K3S] 
2025-01-30 18:30:09,834 INFO c.h.h.t.OperatorHelmChartContainer - [K3S] 
]]></system-out>
  </testcase>
  <system-out><![CDATA[]]></system-out>
  <system-err><![CDATA[]]></system-err>
</testsuite>
