<?xml version="1.0" encoding="UTF-8"?>
<testsuite name="com.hivemq.helmcharts.license.HelmAdditionalBrokerLicensesIT" tests="2" skipped="0" failures="0" errors="0" timestamp="2025-05-05T19:51:17" hostname="fv-az1374-773" time="180.147">
  <properties/>
  <testcase name="withExistingAdditionalBrokerLicenseFileContent_statefulSetWithLicenseSecretMounted()" classname="com.hivemq.helmcharts.license.HelmAdditionalBrokerLicensesIT" time="91.478"/>
  <testcase name="withAdditionalBrokerLicenseFileContent_statefulSetWithLicenseSecretMounted()" classname="com.hivemq.helmcharts.license.HelmAdditionalBrokerLicensesIT" time="88.669"/>
</testsuite>
