<?xml version="1.0" encoding="UTF-8"?>
<testsuite name="com.hivemq.helmcharts.StatefulSetRollingUpgradeIT" tests="1" skipped="0" failures="0" errors="0" timestamp="2025-09-16T18:38:32" hostname="runnervmf4ws1" time="149.743">
  <properties/>
  <testcase name="withStatefulSet_RollingUpgrade()" classname="com.hivemq.helmcharts.StatefulSetRollingUpgradeIT" time="149.743"/>
</testsuite>
