<?xml version="1.0" encoding="UTF-8"?>
<testsuite name="com.hivemq.helmcharts.extensions.HelmExtensionPriorityIT" tests="1" skipped="0" failures="0" errors="0" timestamp="2025-01-29T22:11:05" hostname="fv-az802-788" time="118.998">
  <properties/>
  <testcase name="platformChart_whenExtensionPriorityIsConfigured_thenInterceptorsAreExecutedInTheExpectedOrder()" classname="com.hivemq.helmcharts.extensions.HelmExtensionPriorityIT" time="118.998">
    <system-out><![CDATA[2025-01-29 22:11:05,298 INFO c.h.h.t.HelmChartContainer - Creating namespace 'helmextensionpriorityit-operator'...
2025-01-29 22:11:05,505 INFO c.h.h.t.HelmChartContainer - Namespace 'helmextensionpriorityit-operator' created
2025-01-29 22:11:05,506 INFO c.h.h.t.HelmChartContainer - Creating namespace 'helmextensionpriorityit'...
2025-01-29 22:11:05,506 INFO c.h.h.t.HelmChartContainer - [POD] coredns-ff8999cc5-m7kgr [4d0ea57f-4bb0-47ae-b162-55a30e0c7238] in kube-system was ADDED
2025-01-29 22:11:05,508 INFO c.h.h.t.HelmChartContainer - [POD] local-path-provisioner-698b58967b-z2rr2 [d30b3084-350b-4bc1-9c36-5069b401c054] in kube-system was ADDED
2025-01-29 22:11:05,511 INFO c.h.h.t.HelmChartContainer - [POD] metrics-server-8584b5786c-fh24k [6c14115f-145d-4209-a205-c7ea1a8b22fd] in kube-system was ADDED
2025-01-29 22:11:05,517 INFO c.h.h.t.HelmChartContainer - Namespace 'helmextensionpriorityit' created
2025-01-29 22:11:05,579 DEBUG c.h.h.t.HelmChartContainer - Executing helm command: /bin/helm --kubeconfig /etc/rancher/k3s/k3s.yaml install test-hivemq-platform-operator /charts/hivemq-platform-operator --wait --timeout 5m0s --set image.repository=docker.io/hivemq --set image.name=hivemq-platform-operator-test --set image.initImageName=hivemq-platform-operator-init-test --set image.tag=snapshot --set image.pullPolicy=Never --set logLevel=DEBUG --set resources.cpu=512m --namespace helmextensionpriorityit-operator
2025-01-29 22:11:07,961 INFO c.h.h.t.HelmChartContainer - [K3S] [alloc.go:330] "allocated clusterIPs" service="helmextensionpriorityit-operator/hivemq-platform-operator-test-hivemq-platform-operator" clusterIPs={"IPv4":"10.43.28.167"}
2025-01-29 22:11:07,987 INFO c.h.h.t.HelmChartContainer - [POD] hivemq-test-hivemq-platform-operator-6966f96d65-p6j4s [b6c4fdf4-cab0-48f4-b286-eca16a4932d4] in helmextensionpriorityit-operator was ADDED
2025-01-29 22:11:07,996 INFO c.h.h.t.HelmChartContainer - [EVENT] Normal [ScalingReplicaSet] Scaled up replica set hivemq-test-hivemq-platform-operator-6966f96d65 from 0 to 1 [helmextensionpriorityit-operator:hivemq-test-hivemq-platform-operator]
2025-01-29 22:11:07,998 INFO c.h.h.t.HelmChartContainer - [POD] hivemq-test-hivemq-platform-operator-6966f96d65-p6j4s [b6c4fdf4-cab0-48f4-b286-eca16a4932d4] in helmextensionpriorityit-operator was MODIFIED
2025-01-29 22:11:07,998 INFO c.h.h.t.HelmChartContainer - [EVENT] Normal [SuccessfulCreate] Created pod: hivemq-test-hivemq-platform-operator-6966f96d65-p6j4s [helmextensionpriorityit-operator:hivemq-test-hivemq-platform-operator-6966f96d65]
2025-01-29 22:11:08,001 INFO c.h.h.t.HelmChartContainer - [EVENT] Normal [Scheduled] Successfully assigned helmextensionpriorityit-operator/hivemq-test-hivemq-platform-operator-6966f96d65-p6j4s to 43acab72dce7 [helmextensionpriorityit-operator:hivemq-test-hivemq-platform-operator-6966f96d65-p6j4s]
2025-01-29 22:11:08,004 INFO c.h.h.t.HelmChartContainer - [K3S] [replica_set.go:679] "Finished syncing" kind="ReplicaSet" key="helmextensionpriorityit-operator/hivemq-test-hivemq-platform-operator-6966f96d65" duration="30.828444ms"
2025-01-29 22:11:08,010 INFO c.h.h.t.HelmChartContainer - [K3S] [replica_set.go:679] "Finished syncing" kind="ReplicaSet" key="helmextensionpriorityit-operator/hivemq-test-hivemq-platform-operator-6966f96d65" duration="5.379231ms"
2025-01-29 22:11:08,015 INFO c.h.h.t.HelmChartContainer - [POD] hivemq-test-hivemq-platform-operator-6966f96d65-p6j4s [b6c4fdf4-cab0-48f4-b286-eca16a4932d4] in helmextensionpriorityit-operator was MODIFIED
2025-01-29 22:11:08,024 INFO c.h.h.t.HelmChartContainer - [K3S] [replica_set.go:679] "Finished syncing" kind="ReplicaSet" key="helmextensionpriorityit-operator/hivemq-test-hivemq-platform-operator-6966f96d65" duration="14.305675ms"
2025-01-29 22:11:08,024 INFO c.h.h.t.HelmChartContainer - [K3S] [replica_set.go:679] "Finished syncing" kind="ReplicaSet" key="helmextensionpriorityit-operator/hivemq-test-hivemq-platform-operator-6966f96d65" duration="53.87µs"
2025-01-29 22:11:08,131 INFO c.h.h.t.HelmChartContainer - [K3S] [reconciler_common.go:251] "operationExecutor.VerifyControllerAttachedVolume started for volume \"kube-api-access-jwvcb\" (UniqueName: \"kubernetes.io/projected/b6c4fdf4-cab0-48f4-b286-eca16a4932d4-kube-api-access-jwvcb\") pod \"hivemq-test-hivemq-platform-operator-6966f96d65-p6j4s\" (UID: \"b6c4fdf4-cab0-48f4-b286-eca16a4932d4\") " pod="helmextensionpriorityit-operator/hivemq-test-hivemq-platform-operator-6966f96d65-p6j4s"
2025-01-29 22:11:08,388 INFO c.h.h.t.HelmChartContainer - [EVENT] Normal [Pulled] Container image "docker.io/hivemq/hivemq-platform-operator-test:snapshot" already present on machine [helmextensionpriorityit-operator:hivemq-test-hivemq-platform-operator-6966f96d65-p6j4s]
2025-01-29 22:11:08,389 INFO c.h.h.t.HelmChartContainer - Received Pulled event for container hivemq-platform-operator in pod hivemq-test-hivemq-platform-operator-6966f96d65-p6j4s [b6c4fdf4-cab0-48f4-b286-eca16a4932d4]
2025-01-29 22:11:08,400 INFO c.h.h.t.HelmChartContainer - [EVENT] Normal [Created] Created container: hivemq-platform-operator [helmextensionpriorityit-operator:hivemq-test-hivemq-platform-operator-6966f96d65-p6j4s]
2025-01-29 22:11:08,400 INFO c.h.h.t.HelmChartContainer - Received Created event for container hivemq-platform-operator in pod hivemq-test-hivemq-platform-operator-6966f96d65-p6j4s [b6c4fdf4-cab0-48f4-b286-eca16a4932d4]
2025-01-29 22:11:09,107 INFO c.h.h.t.HelmChartContainer - [POD] hivemq-test-hivemq-platform-operator-6966f96d65-p6j4s [b6c4fdf4-cab0-48f4-b286-eca16a4932d4] in helmextensionpriorityit-operator was MODIFIED
2025-01-29 22:11:09,108 INFO c.h.h.t.HelmChartContainer - [K3S] [replica_set.go:679] "Finished syncing" kind="ReplicaSet" key="helmextensionpriorityit-operator/hivemq-test-hivemq-platform-operator-6966f96d65" duration="39.334µs"
2025-01-29 22:11:09,131 INFO c.h.h.t.HelmChartContainer - Started log watcher for hivemq-platform-operator in pod hivemq-test-hivemq-platform-operator-6966f96d65-p6j4s [b6c4fdf4-cab0-48f4-b286-eca16a4932d4]
2025-01-29 22:11:09,131 INFO c.h.h.t.HelmChartContainer - [EVENT] Normal [Started] Started container hivemq-platform-operator [helmextensionpriorityit-operator:hivemq-test-hivemq-platform-operator-6966f96d65-p6j4s]
2025-01-29 22:11:09,133 INFO c.h.h.t.HelmChartContainer - Received Started event for container hivemq-platform-operator in pod hivemq-test-hivemq-platform-operator-6966f96d65-p6j4s [b6c4fdf4-cab0-48f4-b286-eca16a4932d4]
2025-01-29 22:11:09,134 INFO c.h.h.t.HelmChartContainer - [hivemq-test-hivemq-platform] [hivemq-platform-operator] [b6c4fdf4] -------------------------------------------------------------------------
2025-01-29 22:11:09,134 INFO c.h.h.t.HelmChartContainer - [hivemq-test-hivemq-platform] [hivemq-platform-operator] [b6c4fdf4] 
2025-01-29 22:11:09,134 INFO c.h.h.t.HelmChartContainer - [hivemq-test-hivemq-platform] [hivemq-platform-operator] [b6c4fdf4]                   _    _  _              __  __   ____
2025-01-29 22:11:09,134 INFO c.h.h.t.HelmChartContainer - [hivemq-test-hivemq-platform] [hivemq-platform-operator] [b6c4fdf4]                  | |  | |(_)            |  \/  | / __ \
2025-01-29 22:11:09,135 INFO c.h.h.t.HelmChartContainer - [hivemq-test-hivemq-platform] [hivemq-platform-operator] [b6c4fdf4]                  | |__| | _ __   __ ___ | \  / || |  | |
2025-01-29 22:11:09,135 INFO c.h.h.t.HelmChartContainer - [hivemq-test-hivemq-platform] [hivemq-platform-operator] [b6c4fdf4]                  |  __  || |\ \ / // _ \| |\/| || |  | |
2025-01-29 22:11:09,135 INFO c.h.h.t.HelmChartContainer - [hivemq-test-hivemq-platform] [hivemq-platform-operator] [b6c4fdf4]                  | |  | || | \ V /|  __/| |  | || |__| |
2025-01-29 22:11:09,135 INFO c.h.h.t.HelmChartContainer - [hivemq-test-hivemq-platform] [hivemq-platform-operator] [b6c4fdf4]                  |_|  |_||_|  \_/  \___||_|  |_| \___\_\
2025-01-29 22:11:09,136 INFO c.h.h.t.HelmChartContainer - [hivemq-test-hivemq-platform] [hivemq-platform-operator] [b6c4fdf4] 
2025-01-29 22:11:09,136 INFO c.h.h.t.HelmChartContainer - [hivemq-test-hivemq-platform] [hivemq-platform-operator] [b6c4fdf4] -------------------------------------------------------------------------
2025-01-29 22:11:09,136 INFO c.h.h.t.HelmChartContainer - [hivemq-test-hivemq-platform] [hivemq-platform-operator] [b6c4fdf4] 
2025-01-29 22:11:09,136 INFO c.h.h.t.HelmChartContainer - [hivemq-test-hivemq-platform] [hivemq-platform-operator] [b6c4fdf4]   HiveMQ Platform Operator Start Script v1.0
2025-01-29 22:11:09,136 INFO c.h.h.t.HelmChartContainer - [hivemq-test-hivemq-platform] [hivemq-platform-operator] [b6c4fdf4] 
2025-01-29 22:11:09,136 INFO c.h.h.t.HelmChartContainer - [hivemq-test-hivemq-platform] [hivemq-platform-operator] [b6c4fdf4] -------------------------------------------------------------------------
2025-01-29 22:11:09,136 INFO c.h.h.t.HelmChartContainer - [hivemq-test-hivemq-platform] [hivemq-platform-operator] [b6c4fdf4] 
2025-01-29 22:11:09,136 INFO c.h.h.t.HelmChartContainer - [hivemq-test-hivemq-platform] [hivemq-platform-operator] [b6c4fdf4]   JAVA_OPTS: -XX:+UnlockExperimentalVMOptions -XX:InitialRAMPercentage=75 -XX:MaxRAMPercentage=75 -Duser.language=en -Duser.region=US
2025-01-29 22:11:09,136 INFO c.h.h.t.HelmChartContainer - [hivemq-test-hivemq-platform] [hivemq-platform-operator] [b6c4fdf4] 
2025-01-29 22:11:09,136 INFO c.h.h.t.HelmChartContainer - [hivemq-test-hivemq-platform] [hivemq-platform-operator] [b6c4fdf4]   JAVA_VERSION: 21
2025-01-29 22:11:09,136 INFO c.h.h.t.HelmChartContainer - [hivemq-test-hivemq-platform] [hivemq-platform-operator] [b6c4fdf4] 
2025-01-29 22:11:09,136 INFO c.h.h.t.HelmChartContainer - [hivemq-test-hivemq-platform] [hivemq-platform-operator] [b6c4fdf4] -------------------------------------------------------------------------
2025-01-29 22:11:09,136 INFO c.h.h.t.HelmChartContainer - [hivemq-test-hivemq-platform] [hivemq-platform-operator] [b6c4fdf4] 
2025-01-29 22:11:11,634 INFO c.h.h.t.HelmChartContainer - [hivemq-test-hivemq-platform] [hivemq-platform-operator] [b6c4fdf4] 22:11:11.630 [main] DEBUG org.jboss.logging - Logging Provider: org.jboss.logging.Slf4jLoggerProvider
2025-01-29 22:11:11,737 INFO c.h.h.t.HelmChartContainer - [hivemq-test-hivemq-platform] [hivemq-platform-operator] [b6c4fdf4] 22:11:11.735 [main] DEBUG io.smallrye.config - SRCFG01006: Loaded ConfigSource SysPropConfigSource with ordinal 400
2025-01-29 22:11:11,737 INFO c.h.h.t.HelmChartContainer - [hivemq-test-hivemq-platform] [hivemq-platform-operator] [b6c4fdf4] 22:11:11.735 [main] DEBUG io.smallrye.config - SRCFG01006: Loaded ConfigSource EnvConfigSource with ordinal 300
2025-01-29 22:11:11,738 INFO c.h.h.t.HelmChartContainer - [hivemq-test-hivemq-platform] [hivemq-platform-operator] [b6c4fdf4] 22:11:11.735 [main] DEBUG io.smallrye.config - SRCFG01006: Loaded ConfigSource PropertiesConfigSource[source=jar:file:///opt/hivemq-platform-operator/bin/hivemq-platform-operator.jar!/hivemq-platform-operator.properties] with ordinal 100
2025-01-29 22:11:11,738 INFO c.h.h.t.HelmChartContainer - [hivemq-test-hivemq-platform] [hivemq-platform-operator] [b6c4fdf4] 22:11:11.735 [main] DEBUG io.smallrye.config - SRCFG01006: Loaded ConfigSource DefaultValuesConfigSource with ordinal -2147483648
2025-01-29 22:11:11,843 INFO c.h.h.t.HelmChartContainer - [hivemq-test-hivemq-platform] [hivemq-platform-operator] [b6c4fdf4] 22:11:11.842 [main] DEBUG i.m.c.u.i.l.InternalLoggerFactory - Using SLF4J as the default logging framework
2025-01-29 22:11:12,016 INFO c.h.h.t.HelmChartContainer - [hivemq-test-hivemq-platform] [hivemq-platform-operator] [b6c4fdf4] 22:11:11.942 [main] INFO  c.h.p.o.HiveMQPlatformOperatorApplication - HiveMQ Platform Operator 1.7.0-SNAPSHOT (commit: 3bc9484 on branch: HEAD) built on Wed Jan 29 22:06:36 UTC 2025
2025-01-29 22:11:12,017 INFO c.h.h.t.HelmChartContainer - [hivemq-test-hivemq-platform] [hivemq-platform-operator] [b6c4fdf4] 22:11:12.015 [main] INFO  c.h.p.o.HiveMQPlatformOperatorApplication - HiveMQ Platform Operator is running in namespace: helmextensionpriorityit-operator
2025-01-29 22:11:12,017 INFO c.h.h.t.HelmChartContainer - [hivemq-test-hivemq-platform] [hivemq-platform-operator] [b6c4fdf4] 22:11:12.016 [main] INFO  c.h.p.o.HiveMQPlatformOperatorApplication - Watching all namespaces
2025-01-29 22:11:12,017 INFO c.h.h.t.HelmChartContainer - [hivemq-test-hivemq-platform] [hivemq-platform-operator] [b6c4fdf4] 22:11:12.016 [main] INFO  c.h.p.o.HiveMQPlatformOperatorApplication - Log level: DEBUG
2025-01-29 22:11:12,017 INFO c.h.h.t.HelmChartContainer - [hivemq-test-hivemq-platform] [hivemq-platform-operator] [b6c4fdf4] 22:11:12.016 [main] INFO  c.h.p.o.HiveMQPlatformOperatorApplication - Release name: test-hivemq-platform-operator
2025-01-29 22:11:12,017 INFO c.h.h.t.HelmChartContainer - [hivemq-test-hivemq-platform] [hivemq-platform-operator] [b6c4fdf4] 22:11:12.016 [main] INFO  c.h.p.o.HiveMQPlatformOperatorApplication - HiveMQ Platform Operator Init image: docker.io/hivemq/hivemq-platform-operator-init-test:snapshot
2025-01-29 22:11:12,018 INFO c.h.h.t.HelmChartContainer - [hivemq-test-hivemq-platform] [hivemq-platform-operator] [b6c4fdf4] 22:11:12.016 [main] INFO  c.h.p.o.HiveMQPlatformOperatorApplication - HiveMQ Platform Operator Init App update URL: http://hivemq-platform-operator-test-hivemq-platform-operator.helmextensionpriorityit-operator.svc:8080/initAppUpdate/hivemq-platform-operator-init-app-1.7.0-SNAPSHOT.jar
2025-01-29 22:11:12,018 INFO c.h.h.t.HelmChartContainer - [hivemq-test-hivemq-platform] [hivemq-platform-operator] [b6c4fdf4] 22:11:12.016 [main] INFO  c.h.p.o.HiveMQPlatformOperatorApplication - Additional imagePullSecret for all Platform deployments: none
2025-01-29 22:11:12,018 INFO c.h.h.t.HelmChartContainer - [hivemq-test-hivemq-platform] [hivemq-platform-operator] [b6c4fdf4] 22:11:12.016 [main] INFO  c.h.p.o.HiveMQPlatformOperatorApplication - Apply HiveMQ Platform CRD: true
2025-01-29 22:11:12,018 INFO c.h.h.t.HelmChartContainer - [hivemq-test-hivemq-platform] [hivemq-platform-operator] [b6c4fdf4] 22:11:12.016 [main] INFO  c.h.p.o.HiveMQPlatformOperatorApplication - Create Platform ServiceAccount: true
2025-01-29 22:11:12,018 INFO c.h.h.t.HelmChartContainer - [hivemq-test-hivemq-platform] [hivemq-platform-operator] [b6c4fdf4] 22:11:12.016 [main] INFO  c.h.p.o.HiveMQPlatformOperatorApplication - Create Platform ServiceAccount permissions: true
2025-01-29 22:11:12,018 INFO c.h.h.t.HelmChartContainer - [hivemq-test-hivemq-platform] [hivemq-platform-operator] [b6c4fdf4] 22:11:12.016 [main] INFO  c.h.p.o.HiveMQPlatformOperatorApplication - Validate Platform ServiceAccount: true
2025-01-29 22:11:12,018 INFO c.h.h.t.HelmChartContainer - [hivemq-test-hivemq-platform] [hivemq-platform-operator] [b6c4fdf4] 22:11:12.016 [main] INFO  c.h.p.o.HiveMQPlatformOperatorApplication - Validate Platform ServiceAccount permissions: true
2025-01-29 22:11:12,131 INFO c.h.h.t.HelmChartContainer - [hivemq-test-hivemq-platform] [hivemq-platform-operator] [b6c4fdf4] 22:11:12.130 [main] INFO  c.h.platform.operator.util.CRDUtil - Verifying deployed HiveMQ Platform CRD...
2025-01-29 22:11:14,095 INFO c.h.h.t.HelmChartContainer - [POD] metrics-server-8584b5786c-fh24k [6c14115f-145d-4209-a205-c7ea1a8b22fd] in kube-system was MODIFIED
2025-01-29 22:11:14,106 INFO c.h.h.t.HelmChartContainer - [K3S] [replica_set.go:679] "Finished syncing" kind="ReplicaSet" key="kube-system/metrics-server-8584b5786c" duration="9.828677ms"
2025-01-29 22:11:14,106 INFO c.h.h.t.HelmChartContainer - [K3S] [replica_set.go:679] "Finished syncing" kind="ReplicaSet" key="kube-system/metrics-server-8584b5786c" duration="32.34µs"
2025-01-29 22:11:14,542 INFO c.h.h.t.HelmChartContainer - [hivemq-test-hivemq-platform] [hivemq-platform-operator] [b6c4fdf4] 22:11:14.540 [main] DEBUG c.h.platform.operator.util.CRDUtil - HiveMQ Platform CRD version v1 is up to date
2025-01-29 22:11:14,542 INFO c.h.h.t.HelmChartContainer - [hivemq-test-hivemq-platform] [hivemq-platform-operator] [b6c4fdf4] 22:11:14.540 [main] INFO  c.h.platform.operator.util.CRDUtil - HiveMQ Platform CRD is up to date (version: V1_6_0)
2025-01-29 22:11:14,542 INFO c.h.h.t.HelmChartContainer - [hivemq-test-hivemq-platform] [hivemq-platform-operator] [b6c4fdf4] 22:11:14.540 [main] INFO  c.h.platform.operator.util.CRDUtil - Waiting 10000 ms for HiveMQ Platform CRD 'hivemq-platforms.hivemq.com' to become ready...
2025-01-29 22:11:14,931 INFO c.h.h.t.HelmChartContainer - [hivemq-test-hivemq-platform] [hivemq-platform-operator] [b6c4fdf4] 22:11:14.930 [vert.x-eventloop-thread-1] DEBUG c.h.platform.operator.util.CRDUtil - Checking CRD condition 'NamesAccepted' (status: 'True')
2025-01-29 22:11:14,933 INFO c.h.h.t.HelmChartContainer - [hivemq-test-hivemq-platform] [hivemq-platform-operator] [b6c4fdf4] 22:11:14.930 [vert.x-eventloop-thread-1] DEBUG c.h.platform.operator.util.CRDUtil - Checking CRD condition 'Established' (status: 'True')
2025-01-29 22:11:14,934 INFO c.h.h.t.HelmChartContainer - [hivemq-test-hivemq-platform] [hivemq-platform-operator] [b6c4fdf4] 22:11:14.931 [main] INFO  c.h.platform.operator.util.CRDUtil - HiveMQ Platform CRD 'hivemq-platforms.hivemq.com' is ready
2025-01-29 22:11:15,046 INFO c.h.h.t.HelmChartContainer - [hivemq-test-hivemq-platform] [hivemq-platform-operator] [b6c4fdf4] 22:11:15.045 [main] INFO  c.h.p.o.HiveMQPlatformReconciler - HiveMQ Platform Operator is starting...
2025-01-29 22:11:15,216 INFO c.h.h.t.HelmChartContainer - [hivemq-test-hivemq-platform] [hivemq-platform-operator] [b6c4fdf4] 22:11:15.215 [main] WARN  Default ConfigurationService implementation - Configuration for reconciler 'hivemq-controller' was not found. Known reconcilers: None.
2025-01-29 22:11:15,236 INFO c.h.h.t.HelmChartContainer - [hivemq-test-hivemq-platform] [hivemq-platform-operator] [b6c4fdf4] 22:11:15.235 [main] INFO  Default ConfigurationService implementation - Created configuration for reconciler com.hivemq.platform.operator.HiveMQPlatformReconciler with name hivemq-controller
2025-01-29 22:11:15,337 INFO c.h.h.t.HelmChartContainer - [hivemq-test-hivemq-platform] [hivemq-platform-operator] [b6c4fdf4] 22:11:15.336 [main] DEBUG c.h.p.o.HiveMQPlatformReconciler - HiveMQ Platform Operator is preparing EventSources
2025-01-29 22:11:15,350 INFO c.h.h.t.HelmChartContainer - [hivemq-test-hivemq-platform] [hivemq-platform-operator] [b6c4fdf4] 22:11:15.348 [main] INFO  i.javaoperatorsdk.operator.Operator - Registered reconciler: 'hivemq-controller' for resource: 'class com.hivemq.platform.operator.v1.HiveMQPlatform' for namespace(s): [all namespaces]
2025-01-29 22:11:16,048 INFO c.h.h.t.HelmChartContainer - [hivemq-test-hivemq-platform] [hivemq-platform-operator] [b6c4fdf4] 22:11:16.047 [main] INFO  c.h.p.operator.webserver.JettyServer - Starting Jetty server on port 8080
2025-01-29 22:11:16,143 INFO c.h.h.t.HelmChartContainer - [hivemq-test-hivemq-platform] [hivemq-platform-operator] [b6c4fdf4] 22:11:16.141 [main] INFO  i.javaoperatorsdk.operator.Operator - Operator SDK 4.9.7 (commit: 2133d28) built on Wed Nov 20 12:56:20 UTC 2024 starting...
2025-01-29 22:11:16,143 INFO c.h.h.t.HelmChartContainer - [hivemq-test-hivemq-platform] [hivemq-platform-operator] [b6c4fdf4] 22:11:16.142 [main] INFO  i.javaoperatorsdk.operator.Operator - Client version: 6.13.5
2025-01-29 22:11:16,144 INFO c.h.h.t.HelmChartContainer - [hivemq-test-hivemq-platform] [hivemq-platform-operator] [b6c4fdf4] 22:11:16.143 [Controller Starter for: hivemq-controller] INFO  i.j.operator.processing.Controller - Starting 'hivemq-controller' controller for reconciler: com.hivemq.platform.operator.HiveMQPlatformReconciler, resource: com.hivemq.platform.operator.v1.HiveMQPlatform
2025-01-29 22:11:18,533 INFO c.h.h.t.HelmChartContainer - [hivemq-test-hivemq-platform] [hivemq-platform-operator] [b6c4fdf4] 22:11:18.532 [Controller Starter for: hivemq-controller] INFO  i.j.operator.processing.Controller - 'hivemq-controller' controller started
2025-01-29 22:11:18,534 INFO c.h.h.t.HelmChartContainer - [hivemq-test-hivemq-platform] [hivemq-platform-operator] [b6c4fdf4] 22:11:18.533 [main] INFO  c.h.p.o.HiveMQPlatformOperatorApplication - HiveMQ Platform Operator 1.7.0-SNAPSHOT started in 6590 ms
2025-01-29 22:11:19,011 INFO c.h.h.t.HelmChartContainer - [K3S] [range_allocator.go:247] "Successfully synced" key="43acab72dce7"
2025-01-29 22:11:20,116 INFO c.h.h.t.HelmChartContainer - [POD] hivemq-test-hivemq-platform-operator-6966f96d65-p6j4s [b6c4fdf4-cab0-48f4-b286-eca16a4932d4] in helmextensionpriorityit-operator was MODIFIED
2025-01-29 22:11:20,122 INFO c.h.h.t.HelmChartContainer - [K3S] [replica_set.go:679] "Finished syncing" kind="ReplicaSet" key="helmextensionpriorityit-operator/hivemq-test-hivemq-platform-operator-6966f96d65" duration="10.215726ms"
2025-01-29 22:11:20,122 INFO c.h.h.t.HelmChartContainer - [K3S] [replica_set.go:679] "Finished syncing" kind="ReplicaSet" key="helmextensionpriorityit-operator/hivemq-test-hivemq-platform-operator-6966f96d65" duration="40.024µs"
2025-01-29 22:11:22,095 DEBUG c.h.helmcharts.util.HiveMQExtension - Trying to compile class '/home/runner/work/helm-charts/helm-charts/helm-charts/tests-hivemq-platform-operator/src/integrationTest/java/com/hivemq/helmcharts/extensions/custom/AppendingFooPublishInboundInterceptorExtensionMain.java' into extension 'hivemq-appending-foo-extension'
2025-01-29 22:11:22,953 DEBUG c.h.helmcharts.util.HiveMQExtension - Trying to compile class '/home/runner/work/helm-charts/helm-charts/helm-charts/tests-hivemq-platform-operator/src/integrationTest/java/com/hivemq/helmcharts/extensions/custom/BaseAppendingPublishInboundInterceptorExtensionMain.java' into extension 'hivemq-appending-foo-extension'
2025-01-29 22:11:23,096 DEBUG c.h.helmcharts.util.HiveMQExtension - Trying to package class 'com.hivemq.extension.sdk.api.services.intializer.InitializerRegistry' into extension 'hivemq-appending-foo-extension'
2025-01-29 22:11:23,099 DEBUG c.h.helmcharts.util.HiveMQExtension - Trying to package class 'com.hivemq.extension.sdk.api.services.Services' into extension 'hivemq-appending-foo-extension'
2025-01-29 22:11:23,100 DEBUG c.h.helmcharts.util.HiveMQExtension - Trying to compile class '/home/runner/work/helm-charts/helm-charts/helm-charts/tests-hivemq-platform-operator/src/integrationTest/java/com/hivemq/helmcharts/extensions/custom/BaseAppendingPublishInboundInterceptorExtensionMain.java' into extension 'hivemq-appending-foo-extension'
2025-01-29 22:11:23,168 DEBUG c.h.helmcharts.util.HiveMQExtension - Trying to package class 'com.hivemq.extension.sdk.api.client.ClientContext' into extension 'hivemq-appending-foo-extension'
2025-01-29 22:11:23,169 DEBUG c.h.helmcharts.util.HiveMQExtension - Trying to package class 'org.slf4j.Logger' into extension 'hivemq-appending-foo-extension'
2025-01-29 22:11:23,170 DEBUG c.h.helmcharts.util.HiveMQExtension - Trying to compile class '/home/runner/work/helm-charts/helm-charts/helm-charts/tests-hivemq-platform-operator/src/integrationTest/java/com/hivemq/helmcharts/extensions/custom/AppendingPublishInboundInterceptor.java' into extension 'hivemq-appending-foo-extension'
2025-01-29 22:11:23,246 DEBUG c.h.helmcharts.util.HiveMQExtension - Trying to package class 'com.hivemq.extension.sdk.api.interceptor.publish.PublishInboundInterceptor' into extension 'hivemq-appending-foo-extension'
2025-01-29 22:11:23,247 DEBUG c.h.helmcharts.util.HiveMQExtension - Trying to package class 'org.slf4j.Logger' into extension 'hivemq-appending-foo-extension'
2025-01-29 22:11:23,248 DEBUG c.h.helmcharts.util.HiveMQExtension - Trying to package class 'com.hivemq.extension.sdk.api.packets.publish.ModifiablePublishPacket' into extension 'hivemq-appending-foo-extension'
2025-01-29 22:11:23,249 DEBUG c.h.helmcharts.util.HiveMQExtension - Trying to package class 'org.slf4j.LoggerFactory' into extension 'hivemq-appending-foo-extension'
2025-01-29 22:11:23,250 DEBUG c.h.helmcharts.util.HiveMQExtension - Trying to package class 'com.hivemq.extension.sdk.api.interceptor.publish.parameter.PublishInboundOutput' into extension 'hivemq-appending-foo-extension'
2025-01-29 22:11:23,251 DEBUG c.h.helmcharts.util.HiveMQExtension - Trying to compile class '/home/runner/work/helm-charts/helm-charts/helm-charts/tests-hivemq-platform-operator/src/integrationTest/java/com/hivemq/helmcharts/extensions/custom/AppendingPublishInboundInterceptor.java' into extension 'hivemq-appending-foo-extension'
2025-01-29 22:11:23,314 DEBUG c.h.helmcharts.util.HiveMQExtension - Trying to package class 'com.hivemq.extension.sdk.api.packets.publish.PublishPacket' into extension 'hivemq-appending-foo-extension'
2025-01-29 22:11:23,315 DEBUG c.h.helmcharts.util.HiveMQExtension - Trying to package class 'com.hivemq.extension.sdk.api.interceptor.publish.parameter.PublishInboundInput' into extension 'hivemq-appending-foo-extension'
2025-01-29 22:11:23,315 DEBUG c.h.helmcharts.util.HiveMQExtension - Trying to package class 'com.hivemq.extension.sdk.api.ExtensionMain' into extension 'hivemq-appending-foo-extension'
2025-01-29 22:11:23,316 DEBUG c.h.helmcharts.util.HiveMQExtension - Trying to package class 'org.slf4j.LoggerFactory' into extension 'hivemq-appending-foo-extension'
2025-01-29 22:11:23,330 DEBUG c.h.helmcharts.util.HiveMQExtension - Trying to compile class '/home/runner/work/helm-charts/helm-charts/helm-charts/tests-hivemq-platform-operator/src/integrationTest/java/com/hivemq/helmcharts/extensions/custom/AppendingBarPublishInboundInterceptorExtensionMain.java' into extension 'hivemq-appending-bar-extension'
2025-01-29 22:11:23,535 DEBUG c.h.helmcharts.util.HiveMQExtension - Trying to compile class '/home/runner/work/helm-charts/helm-charts/helm-charts/tests-hivemq-platform-operator/src/integrationTest/java/com/hivemq/helmcharts/extensions/custom/BaseAppendingPublishInboundInterceptorExtensionMain.java' into extension 'hivemq-appending-bar-extension'
2025-01-29 22:11:23,628 DEBUG c.h.helmcharts.util.HiveMQExtension - Trying to package class 'com.hivemq.extension.sdk.api.services.intializer.InitializerRegistry' into extension 'hivemq-appending-bar-extension'
2025-01-29 22:11:23,629 DEBUG c.h.helmcharts.util.HiveMQExtension - Trying to package class 'com.hivemq.extension.sdk.api.services.Services' into extension 'hivemq-appending-bar-extension'
2025-01-29 22:11:23,630 DEBUG c.h.helmcharts.util.HiveMQExtension - Trying to compile class '/home/runner/work/helm-charts/helm-charts/helm-charts/tests-hivemq-platform-operator/src/integrationTest/java/com/hivemq/helmcharts/extensions/custom/BaseAppendingPublishInboundInterceptorExtensionMain.java' into extension 'hivemq-appending-bar-extension'
2025-01-29 22:11:23,688 DEBUG c.h.helmcharts.util.HiveMQExtension - Trying to package class 'com.hivemq.extension.sdk.api.client.ClientContext' into extension 'hivemq-appending-bar-extension'
2025-01-29 22:11:23,689 DEBUG c.h.helmcharts.util.HiveMQExtension - Trying to package class 'org.slf4j.Logger' into extension 'hivemq-appending-bar-extension'
2025-01-29 22:11:23,689 DEBUG c.h.helmcharts.util.HiveMQExtension - Trying to compile class '/home/runner/work/helm-charts/helm-charts/helm-charts/tests-hivemq-platform-operator/src/integrationTest/java/com/hivemq/helmcharts/extensions/custom/AppendingPublishInboundInterceptor.java' into extension 'hivemq-appending-bar-extension'
2025-01-29 22:11:23,750 DEBUG c.h.helmcharts.util.HiveMQExtension - Trying to package class 'com.hivemq.extension.sdk.api.interceptor.publish.PublishInboundInterceptor' into extension 'hivemq-appending-bar-extension'
2025-01-29 22:11:23,750 DEBUG c.h.helmcharts.util.HiveMQExtension - Trying to package class 'org.slf4j.Logger' into extension 'hivemq-appending-bar-extension'
2025-01-29 22:11:23,751 DEBUG c.h.helmcharts.util.HiveMQExtension - Trying to package class 'com.hivemq.extension.sdk.api.packets.publish.ModifiablePublishPacket' into extension 'hivemq-appending-bar-extension'
2025-01-29 22:11:23,752 DEBUG c.h.helmcharts.util.HiveMQExtension - Trying to package class 'org.slf4j.LoggerFactory' into extension 'hivemq-appending-bar-extension'
2025-01-29 22:11:23,752 DEBUG c.h.helmcharts.util.HiveMQExtension - Trying to package class 'com.hivemq.extension.sdk.api.interceptor.publish.parameter.PublishInboundOutput' into extension 'hivemq-appending-bar-extension'
2025-01-29 22:11:23,752 DEBUG c.h.helmcharts.util.HiveMQExtension - Trying to compile class '/home/runner/work/helm-charts/helm-charts/helm-charts/tests-hivemq-platform-operator/src/integrationTest/java/com/hivemq/helmcharts/extensions/custom/AppendingPublishInboundInterceptor.java' into extension 'hivemq-appending-bar-extension'
2025-01-29 22:11:23,813 DEBUG c.h.helmcharts.util.HiveMQExtension - Trying to package class 'com.hivemq.extension.sdk.api.packets.publish.PublishPacket' into extension 'hivemq-appending-bar-extension'
2025-01-29 22:11:23,814 DEBUG c.h.helmcharts.util.HiveMQExtension - Trying to package class 'com.hivemq.extension.sdk.api.interceptor.publish.parameter.PublishInboundInput' into extension 'hivemq-appending-bar-extension'
2025-01-29 22:11:23,815 DEBUG c.h.helmcharts.util.HiveMQExtension - Trying to package class 'com.hivemq.extension.sdk.api.ExtensionMain' into extension 'hivemq-appending-bar-extension'
2025-01-29 22:11:23,815 DEBUG c.h.helmcharts.util.HiveMQExtension - Trying to package class 'org.slf4j.LoggerFactory' into extension 'hivemq-appending-bar-extension'
2025-01-29 22:11:23,824 DEBUG c.h.helmcharts.util.HiveMQExtension - Trying to compile class '/home/runner/work/helm-charts/helm-charts/helm-charts/tests-hivemq-platform-operator/src/integrationTest/java/com/hivemq/helmcharts/extensions/custom/BaseAppendingPublishInboundInterceptorExtensionMain.java' into extension 'hivemq-appending-baz-extension'
2025-01-29 22:11:23,967 DEBUG c.h.helmcharts.util.HiveMQExtension - Trying to package class 'com.hivemq.extension.sdk.api.services.intializer.InitializerRegistry' into extension 'hivemq-appending-baz-extension'
2025-01-29 22:11:23,968 DEBUG c.h.helmcharts.util.HiveMQExtension - Trying to package class 'com.hivemq.extension.sdk.api.services.Services' into extension 'hivemq-appending-baz-extension'
2025-01-29 22:11:23,968 DEBUG c.h.helmcharts.util.HiveMQExtension - Trying to compile class '/home/runner/work/helm-charts/helm-charts/helm-charts/tests-hivemq-platform-operator/src/integrationTest/java/com/hivemq/helmcharts/extensions/custom/BaseAppendingPublishInboundInterceptorExtensionMain.java' into extension 'hivemq-appending-baz-extension'
2025-01-29 22:11:24,010 DEBUG c.h.helmcharts.util.HiveMQExtension - Trying to package class 'com.hivemq.extension.sdk.api.client.ClientContext' into extension 'hivemq-appending-baz-extension'
2025-01-29 22:11:24,011 DEBUG c.h.helmcharts.util.HiveMQExtension - Trying to package class 'org.slf4j.Logger' into extension 'hivemq-appending-baz-extension'
2025-01-29 22:11:24,012 DEBUG c.h.helmcharts.util.HiveMQExtension - Trying to compile class '/home/runner/work/helm-charts/helm-charts/helm-charts/tests-hivemq-platform-operator/src/integrationTest/java/com/hivemq/helmcharts/extensions/custom/AppendingPublishInboundInterceptor.java' into extension 'hivemq-appending-baz-extension'
2025-01-29 22:11:24,057 DEBUG c.h.helmcharts.util.HiveMQExtension - Trying to package class 'com.hivemq.extension.sdk.api.interceptor.publish.PublishInboundInterceptor' into extension 'hivemq-appending-baz-extension'
2025-01-29 22:11:24,058 DEBUG c.h.helmcharts.util.HiveMQExtension - Trying to package class 'org.slf4j.Logger' into extension 'hivemq-appending-baz-extension'
2025-01-29 22:11:24,059 DEBUG c.h.helmcharts.util.HiveMQExtension - Trying to package class 'com.hivemq.extension.sdk.api.packets.publish.ModifiablePublishPacket' into extension 'hivemq-appending-baz-extension'
2025-01-29 22:11:24,059 DEBUG c.h.helmcharts.util.HiveMQExtension - Trying to package class 'org.slf4j.LoggerFactory' into extension 'hivemq-appending-baz-extension'
2025-01-29 22:11:24,060 DEBUG c.h.helmcharts.util.HiveMQExtension - Trying to package class 'com.hivemq.extension.sdk.api.interceptor.publish.parameter.PublishInboundOutput' into extension 'hivemq-appending-baz-extension'
2025-01-29 22:11:24,060 DEBUG c.h.helmcharts.util.HiveMQExtension - Trying to compile class '/home/runner/work/helm-charts/helm-charts/helm-charts/tests-hivemq-platform-operator/src/integrationTest/java/com/hivemq/helmcharts/extensions/custom/AppendingPublishInboundInterceptor.java' into extension 'hivemq-appending-baz-extension'
2025-01-29 22:11:24,111 DEBUG c.h.helmcharts.util.HiveMQExtension - Trying to package class 'com.hivemq.extension.sdk.api.packets.publish.PublishPacket' into extension 'hivemq-appending-baz-extension'
2025-01-29 22:11:24,112 DEBUG c.h.helmcharts.util.HiveMQExtension - Trying to package class 'com.hivemq.extension.sdk.api.interceptor.publish.parameter.PublishInboundInput' into extension 'hivemq-appending-baz-extension'
2025-01-29 22:11:24,113 DEBUG c.h.helmcharts.util.HiveMQExtension - Trying to package class 'com.hivemq.extension.sdk.api.ExtensionMain' into extension 'hivemq-appending-baz-extension'
2025-01-29 22:11:24,113 DEBUG c.h.helmcharts.util.HiveMQExtension - Trying to package class 'org.slf4j.LoggerFactory' into extension 'hivemq-appending-baz-extension'
2025-01-29 22:11:24,114 DEBUG c.h.helmcharts.util.HiveMQExtension - Trying to compile class '/home/runner/work/helm-charts/helm-charts/helm-charts/tests-hivemq-platform-operator/src/integrationTest/java/com/hivemq/helmcharts/extensions/custom/AppendingBazPublishInboundInterceptorExtensionMain.java' into extension 'hivemq-appending-baz-extension'
2025-01-29 22:11:24,239 INFO c.h.h.t.HelmChartContainer - [K3S] [replica_set.go:679] "Finished syncing" kind="ReplicaSet" key="helmextensionpriorityit/nginx-6595ff594c" duration="15.966409ms"
2025-01-29 22:11:24,241 INFO c.h.h.t.HelmChartContainer - [EVENT] Normal [ScalingReplicaSet] Scaled up replica set nginx-6595ff594c from 0 to 1 [helmextensionpriorityit:nginx]
2025-01-29 22:11:24,250 INFO c.h.h.t.HelmChartContainer - [POD] nginx-6595ff594c-flkhv [52e9b04e-a002-422c-a36e-fe328afc87a5] in helmextensionpriorityit was ADDED
2025-01-29 22:11:24,250 INFO c.h.h.t.HelmChartContainer - [EVENT] Normal [SuccessfulCreate] Created pod: nginx-6595ff594c-flkhv [helmextensionpriorityit:nginx-6595ff594c]
2025-01-29 22:11:24,250 INFO c.h.h.t.HelmChartContainer - [EVENT] Normal [Scheduled] Successfully assigned helmextensionpriorityit/nginx-6595ff594c-flkhv to 43acab72dce7 [helmextensionpriorityit:nginx-6595ff594c-flkhv]
2025-01-29 22:11:24,251 INFO c.h.h.t.HelmChartContainer - [POD] nginx-6595ff594c-flkhv [52e9b04e-a002-422c-a36e-fe328afc87a5] in helmextensionpriorityit was MODIFIED
2025-01-29 22:11:24,262 INFO c.h.h.t.HelmChartContainer - [K3S] [replica_set.go:679] "Finished syncing" kind="ReplicaSet" key="helmextensionpriorityit/nginx-6595ff594c" duration="20.971067ms"
2025-01-29 22:11:24,275 INFO c.h.h.t.HelmChartContainer - [K3S] [replica_set.go:679] "Finished syncing" kind="ReplicaSet" key="helmextensionpriorityit/nginx-6595ff594c" duration="12.492528ms"
2025-01-29 22:11:24,275 INFO c.h.h.t.HelmChartContainer - [K3S] [replica_set.go:679] "Finished syncing" kind="ReplicaSet" key="helmextensionpriorityit/nginx-6595ff594c" duration="69.87µs"
2025-01-29 22:11:24,275 INFO c.h.h.t.HelmChartContainer - [POD] nginx-6595ff594c-flkhv [52e9b04e-a002-422c-a36e-fe328afc87a5] in helmextensionpriorityit was MODIFIED
2025-01-29 22:11:24,291 INFO c.h.h.t.HelmChartContainer - [K3S] [alloc.go:330] "allocated clusterIPs" service="helmextensionpriorityit/nginx-service" clusterIPs={"IPv4":"10.43.78.9"}
2025-01-29 22:11:24,432 INFO c.h.h.t.HelmChartContainer - [K3S] [reconciler_common.go:251] "operationExecutor.VerifyControllerAttachedVolume started for volume \"volume-hivemq-appending-bar-extension-100\" (UniqueName: \"kubernetes.io/host-path/52e9b04e-a002-422c-a36e-fe328afc87a5-volume-hivemq-appending-bar-extension-100\") pod \"nginx-6595ff594c-flkhv\" (UID: \"52e9b04e-a002-422c-a36e-fe328afc87a5\") " pod="helmextensionpriorityit/nginx-6595ff594c-flkhv"
2025-01-29 22:11:24,433 INFO c.h.h.t.HelmChartContainer - [K3S] [reconciler_common.go:251] "operationExecutor.VerifyControllerAttachedVolume started for volume \"volume-hivemq-appending-baz-extension-100\" (UniqueName: \"kubernetes.io/host-path/52e9b04e-a002-422c-a36e-fe328afc87a5-volume-hivemq-appending-baz-extension-100\") pod \"nginx-6595ff594c-flkhv\" (UID: \"52e9b04e-a002-422c-a36e-fe328afc87a5\") " pod="helmextensionpriorityit/nginx-6595ff594c-flkhv"
2025-01-29 22:11:24,433 INFO c.h.h.t.HelmChartContainer - [K3S] [reconciler_common.go:251] "operationExecutor.VerifyControllerAttachedVolume started for volume \"kube-api-access-66tj8\" (UniqueName: \"kubernetes.io/projected/52e9b04e-a002-422c-a36e-fe328afc87a5-kube-api-access-66tj8\") pod \"nginx-6595ff594c-flkhv\" (UID: \"52e9b04e-a002-422c-a36e-fe328afc87a5\") " pod="helmextensionpriorityit/nginx-6595ff594c-flkhv"
2025-01-29 22:11:24,433 INFO c.h.h.t.HelmChartContainer - [K3S] [reconciler_common.go:251] "operationExecutor.VerifyControllerAttachedVolume started for volume \"volume-hivemq-appending-foo-extension-100\" (UniqueName: \"kubernetes.io/host-path/52e9b04e-a002-422c-a36e-fe328afc87a5-volume-hivemq-appending-foo-extension-100\") pod \"nginx-6595ff594c-flkhv\" (UID: \"52e9b04e-a002-422c-a36e-fe328afc87a5\") " pod="helmextensionpriorityit/nginx-6595ff594c-flkhv"
2025-01-29 22:11:24,642 INFO c.h.h.t.HelmChartContainer - [EVENT] Normal [Pulling] Pulling image "nginx:1.27.3" [helmextensionpriorityit:nginx-6595ff594c-flkhv]
2025-01-29 22:11:24,642 INFO c.h.h.t.HelmChartContainer - Received Pulling event for container nginx in pod nginx-6595ff594c-flkhv [52e9b04e-a002-422c-a36e-fe328afc87a5]
2025-01-29 22:11:26,924 INFO c.h.h.t.HelmChartContainer - [EVENT] Normal [Pulled] Successfully pulled image "nginx:1.27.3" in 2.282s (2.282s including waiting). Image size: 72080558 bytes. [helmextensionpriorityit:nginx-6595ff594c-flkhv]
2025-01-29 22:11:26,924 INFO c.h.h.t.HelmChartContainer - Received Pulled event for container nginx in pod nginx-6595ff594c-flkhv [52e9b04e-a002-422c-a36e-fe328afc87a5]
2025-01-29 22:11:26,943 INFO c.h.h.t.HelmChartContainer - [EVENT] Normal [Created] Created container: nginx [helmextensionpriorityit:nginx-6595ff594c-flkhv]
2025-01-29 22:11:26,943 INFO c.h.h.t.HelmChartContainer - Received Created event for container nginx in pod nginx-6595ff594c-flkhv [52e9b04e-a002-422c-a36e-fe328afc87a5]
2025-01-29 22:11:27,136 INFO c.h.h.t.HelmChartContainer - [POD] nginx-6595ff594c-flkhv [52e9b04e-a002-422c-a36e-fe328afc87a5] in helmextensionpriorityit was MODIFIED
2025-01-29 22:11:27,152 INFO c.h.h.t.HelmChartContainer - [EVENT] Normal [Started] Started container nginx [helmextensionpriorityit:nginx-6595ff594c-flkhv]
2025-01-29 22:11:27,152 INFO c.h.h.t.HelmChartContainer - Received Started event for container nginx in pod nginx-6595ff594c-flkhv [52e9b04e-a002-422c-a36e-fe328afc87a5]
2025-01-29 22:11:27,152 INFO c.h.h.t.HelmChartContainer - Started log watcher for nginx in pod nginx-6595ff594c-flkhv [52e9b04e-a002-422c-a36e-fe328afc87a5]
2025-01-29 22:11:27,154 INFO c.h.h.t.HelmChartContainer - [nginx-6595ff594c-flk] [nginx] [52e9b04e] /docker-entrypoint.sh: /docker-entrypoint.d/ is not empty, will attempt to perform configuration
2025-01-29 22:11:27,155 INFO c.h.h.t.HelmChartContainer - [nginx-6595ff594c-flk] [nginx] [52e9b04e] /docker-entrypoint.sh: Looking for shell scripts in /docker-entrypoint.d/
2025-01-29 22:11:27,155 INFO c.h.h.t.HelmChartContainer - [nginx-6595ff594c-flk] [nginx] [52e9b04e] /docker-entrypoint.sh: Launching /docker-entrypoint.d/10-listen-on-ipv6-by-default.sh
2025-01-29 22:11:27,155 INFO c.h.h.t.HelmChartContainer - [nginx-6595ff594c-flk] [nginx] [52e9b04e] 10-listen-on-ipv6-by-default.sh: info: Getting the checksum of /etc/nginx/conf.d/default.conf
2025-01-29 22:11:27,155 INFO c.h.h.t.HelmChartContainer - [nginx-6595ff594c-flk] [nginx] [52e9b04e] 10-listen-on-ipv6-by-default.sh: info: Enabled listen on IPv6 in /etc/nginx/conf.d/default.conf
2025-01-29 22:11:27,155 INFO c.h.h.t.HelmChartContainer - [nginx-6595ff594c-flk] [nginx] [52e9b04e] /docker-entrypoint.sh: Sourcing /docker-entrypoint.d/15-local-resolvers.envsh
2025-01-29 22:11:27,155 INFO c.h.h.t.HelmChartContainer - [nginx-6595ff594c-flk] [nginx] [52e9b04e] /docker-entrypoint.sh: Launching /docker-entrypoint.d/20-envsubst-on-templates.sh
2025-01-29 22:11:27,155 INFO c.h.h.t.HelmChartContainer - [nginx-6595ff594c-flk] [nginx] [52e9b04e] /docker-entrypoint.sh: Launching /docker-entrypoint.d/30-tune-worker-processes.sh
2025-01-29 22:11:27,155 INFO c.h.h.t.HelmChartContainer - [nginx-6595ff594c-flk] [nginx] [52e9b04e] /docker-entrypoint.sh: Configuration complete; ready for start up
2025-01-29 22:11:27,156 INFO c.h.h.t.HelmChartContainer - [nginx-6595ff594c-flk] [nginx] [52e9b04e] 2025/01/29 22:11:27 [notice] 1#1: using the "epoll" event method
2025-01-29 22:11:27,156 INFO c.h.h.t.HelmChartContainer - [nginx-6595ff594c-flk] [nginx] [52e9b04e] 2025/01/29 22:11:27 [notice] 1#1: nginx/1.27.3
2025-01-29 22:11:27,156 INFO c.h.h.t.HelmChartContainer - [nginx-6595ff594c-flk] [nginx] [52e9b04e] 2025/01/29 22:11:27 [notice] 1#1: built by gcc 12.2.0 (Debian 12.2.0-14) 
2025-01-29 22:11:27,156 INFO c.h.h.t.HelmChartContainer - [nginx-6595ff594c-flk] [nginx] [52e9b04e] 2025/01/29 22:11:27 [notice] 1#1: OS: Linux 6.8.0-1020-azure
2025-01-29 22:11:27,156 INFO c.h.h.t.HelmChartContainer - [nginx-6595ff594c-flk] [nginx] [52e9b04e] 2025/01/29 22:11:27 [notice] 1#1: getrlimit(RLIMIT_NOFILE): 1048576:1048576
2025-01-29 22:11:27,156 INFO c.h.h.t.HelmChartContainer - [nginx-6595ff594c-flk] [nginx] [52e9b04e] 2025/01/29 22:11:27 [notice] 1#1: start worker processes
2025-01-29 22:11:27,156 INFO c.h.h.t.HelmChartContainer - [nginx-6595ff594c-flk] [nginx] [52e9b04e] 2025/01/29 22:11:27 [notice] 1#1: start worker process 29
2025-01-29 22:11:27,156 INFO c.h.h.t.HelmChartContainer - [nginx-6595ff594c-flk] [nginx] [52e9b04e] 2025/01/29 22:11:27 [notice] 1#1: start worker process 30
2025-01-29 22:11:27,156 INFO c.h.h.t.HelmChartContainer - [nginx-6595ff594c-flk] [nginx] [52e9b04e] 2025/01/29 22:11:27 [notice] 1#1: start worker process 31
2025-01-29 22:11:27,156 INFO c.h.h.t.HelmChartContainer - [nginx-6595ff594c-flk] [nginx] [52e9b04e] 2025/01/29 22:11:27 [notice] 1#1: start worker process 32
2025-01-29 22:11:27,157 INFO c.h.h.t.HelmChartContainer - [K3S] [replica_set.go:679] "Finished syncing" kind="ReplicaSet" key="helmextensionpriorityit/nginx-6595ff594c" duration="26.221379ms"
2025-01-29 22:11:27,158 INFO c.h.h.t.HelmChartContainer - [K3S] [replica_set.go:679] "Finished syncing" kind="ReplicaSet" key="helmextensionpriorityit/nginx-6595ff594c" duration="29.936µs"
2025-01-29 22:11:28,341 INFO c.h.h.testcontainer.LogWaiterUtil - TEST Waiting for log pattern on 'test-hivemq-platform-0': .*Extension "HiveMQ Appending Foo Extension" version 1.0.0 started successfully.
2025-01-29 22:11:28,342 INFO c.h.h.testcontainer.LogWaiterUtil - TEST Waiting for log pattern on 'test-hivemq-platform-0': .*Extension "HiveMQ Appending Bar Extension" version 1.0.0 started successfully.
2025-01-29 22:11:28,342 INFO c.h.h.testcontainer.LogWaiterUtil - TEST Waiting for log pattern on 'test-hivemq-platform-0': .*Extension "HiveMQ Appending Baz Extension" version 1.0.0 started successfully.
2025-01-29 22:11:28,403 DEBUG c.h.h.t.HelmChartContainer - Executing helm command: /bin/helm --kubeconfig /etc/rancher/k3s/k3s.yaml install test-hivemq-platform /charts/hivemq-platform --wait --timeout 5m0s --set image.repository=docker.io/hivemq --set image.tag=4.36.0 --set image.pullPolicy=Never --set nodes.resources.cpu=512m -f /files/extension-priority-values.yaml --namespace helmextensionpriorityit
2025-01-29 22:11:28,642 INFO c.h.h.t.HelmChartContainer - [hivemq-test-hivemq-platform] [hivemq-platform-operator] [b6c4fdf4] 22:11:28.639 [-2082509879-pool-1-thread-1] WARN  i.m.p.PrometheusMeterRegistry - The meter (MeterId{name='operator.sdk.events.received', tags=[tag(action=ADDED),tag(event=ResourceEvent),tag(group=hivemq.com),tag(kind=HiveMQPlatform),tag(name=test-hivemq-platform),tag(namespace=helmextensionpriorityit),tag(scope=namespace),tag(version=v1)]}) registration has failed: Prometheus requires that all meters with the same name have the same set of tag keys. There is already an existing meter named 'operator.sdk.events.received' containing tag keys [event, group, kind, name, namespace, scope, version]. The meter you are attempting to register has keys [action, event, group, kind, name, namespace, scope, version]. Note that subsequent logs will be logged at debug level.
2025-01-29 22:11:29,053 INFO c.h.h.t.HelmChartContainer - [hivemq-test-hivemq-platform] [hivemq-platform-operator] [b6c4fdf4] 22:11:29.052 [pool-6-thread-3] DEBUG c.h.p.o.dependants.PodInfoConfigMap - [helmexte] Desired PodInfo ConfigMap (3 extensions) (3 enabled)
2025-01-29 22:11:29,054 INFO c.h.h.t.HelmChartContainer - [hivemq-test-hivemq-platform] [hivemq-platform-operator] [b6c4fdf4] 22:11:29.053 [pool-6-thread-3] DEBUG c.h.p.o.dependants.PodInfoConfigMap - [helmexte] Desired PodInfo ConfigMap (metrics port: 9399) (metrics path: /)
2025-01-29 22:11:29,054 INFO c.h.h.t.HelmChartContainer - [hivemq-test-hivemq-platform] [hivemq-platform-operator] [b6c4fdf4] 22:11:29.053 [pool-6-thread-3] DEBUG c.h.p.o.dependants.PodInfoConfigMap - [helmexte] Desired PodInfo ConfigMap (extension state hash: 687648868)
2025-01-29 22:11:29,119 INFO c.h.h.t.HelmChartContainer - [hivemq-test-hivemq-platform] [hivemq-platform-operator] [b6c4fdf4] 22:11:29.117 [pool-6-thread-3] DEBUG c.h.p.o.dependants.PodInfoConfigMap - [helmexte] Create PodInfo ConfigMap
2025-01-29 22:11:29,235 INFO c.h.h.t.HelmChartContainer - [hivemq-test-hivemq-platform] [hivemq-platform-operator] [b6c4fdf4] 22:11:29.233 [pool-6-thread-5] DEBUG c.h.p.o.dependants.PodRoleResource - [helmexte] Create Role: Role(apiVersion=rbac.authorization.k8s.io/v1, kind=Role, metadata=ObjectMeta(annotations={meta.helm.sh/release-name=test-hivemq-platform, meta.helm.sh/release-namespace=helmextensionpriorityit}, creationTimestamp=null, deletionGracePeriodSeconds=null, deletionTimestamp=null, finalizers=[], generateName=null, generation=null, labels={helm.sh/chart=hivemq-platform-0.2.32, app.kubernetes.io/managed-by=Helm, app.kubernetes.io/name=hivemq-platform, hivemq-platform=test-hivemq-platform, app.kubernetes.io/instance=test-hivemq-platform, app.kubernetes.io/version=4.36.0}, managedFields=[], name=hivemq-platform-role-test-hivemq-platform, namespace=helmextensionpriorityit, ownerReferences=[OwnerReference(apiVersion=hivemq.com/v1, blockOwnerDeletion=null, controller=null, kind=HiveMQPlatform, name=test-hivemq-platform, uid=ce8d39c7-528f-4c54-a63e-4d6e1811303f, additionalProperties={})], resourceVersion=null, selfLink=null, uid=null, additionalProperties={}), rules=[PolicyRule(apiGroups=[], nonResourceURLs=[], resourceNames=[], resources=[pods], verbs=[get, patch, update], additionalProperties={})], additionalProperties={})
2025-01-29 22:11:29,340 INFO c.h.h.t.HelmChartContainer - [hivemq-test-hivemq-platform] [hivemq-platform-operator] [b6c4fdf4] 22:11:29.338 [pool-6-thread-7] DEBUG c.h.p.o.d.PodServiceAccountResource - [helmexte] Desired PodServiceAccountResource (serviceAccountName: hivemq-platform-pod-test-hivemq-platform)
2025-01-29 22:11:29,342 INFO c.h.h.t.HelmChartContainer - [hivemq-test-hivemq-platform] [hivemq-platform-operator] [b6c4fdf4] 22:11:29.339 [pool-6-thread-7] DEBUG c.h.p.o.d.PodServiceAccountResource - [helmexte] Create ServiceAccount 'hivemq-platform-pod-test-hivemq-platform'
2025-01-29 22:11:29,518 INFO c.h.h.t.HelmChartContainer - [hivemq-test-hivemq-platform] [hivemq-platform-operator] [b6c4fdf4] 22:11:29.516 [pool-6-thread-10] DEBUG c.h.p.o.d.PodRoleBindingResource - [helmexte] Create RoleBinding: RoleBinding(apiVersion=rbac.authorization.k8s.io/v1, kind=RoleBinding, metadata=ObjectMeta(annotations={meta.helm.sh/release-name=test-hivemq-platform, meta.helm.sh/release-namespace=helmextensionpriorityit}, creationTimestamp=null, deletionGracePeriodSeconds=null, deletionTimestamp=null, finalizers=[], generateName=null, generation=null, labels={helm.sh/chart=hivemq-platform-0.2.32, app.kubernetes.io/managed-by=Helm, app.kubernetes.io/name=hivemq-platform, hivemq-platform=test-hivemq-platform, app.kubernetes.io/instance=test-hivemq-platform, app.kubernetes.io/version=4.36.0}, managedFields=[], name=hivemq-platform-role-binding-test-hivemq-platform, namespace=helmextensionpriorityit, ownerReferences=[OwnerReference(apiVersion=hivemq.com/v1, blockOwnerDeletion=null, controller=null, kind=HiveMQPlatform, name=test-hivemq-platform, uid=ce8d39c7-528f-4c54-a63e-4d6e1811303f, additionalProperties={})], resourceVersion=null, selfLink=null, uid=null, additionalProperties={}), roleRef=RoleRef(apiGroup=rbac.authorization.k8s.io, kind=Role, name=hivemq-platform-role-test-hivemq-platform, additionalProperties={}), subjects=[Subject(apiGroup=null, kind=ServiceAccount, name=hivemq-platform-pod-test-hivemq-platform, namespace=helmextensionpriorityit, additionalProperties={})], additionalProperties={})
2025-01-29 22:11:29,535 INFO c.h.h.t.HelmChartContainer - [hivemq-test-hivemq-platform] [hivemq-platform-operator] [b6c4fdf4] 22:11:29.534 [ReconcilerExecutor-hivemq-controller-54] INFO  c.h.p.o.HiveMQPlatformReconciler - [helmexte] Reconciling HiveMQ Platform 'test-hivemq-platform' in namespace 'helmextensionpriorityit'
2025-01-29 22:11:29,536 INFO c.h.h.t.HelmChartContainer - [hivemq-test-hivemq-platform] [hivemq-platform-operator] [b6c4fdf4] 22:11:29.534 [ReconcilerExecutor-hivemq-controller-54] DEBUG c.h.p.o.HiveMQPlatformReconciler - [helmexte] Custom Resource Status CREATED - HiveMQ Platform was created (READY)
2025-01-29 22:11:29,536 INFO c.h.h.t.HelmChartContainer - [hivemq-test-hivemq-platform] [hivemq-platform-operator] [b6c4fdf4] 22:11:29.534 [ReconcilerExecutor-hivemq-controller-54] DEBUG c.h.p.o.HiveMQPlatformReconciler - [helmexte] Custom Resource Spec (replicas: 1) (extensions: 3)
2025-01-29 22:11:29,539 INFO c.h.h.t.HelmChartContainer - [hivemq-test-hivemq-platform] [hivemq-platform-operator] [b6c4fdf4] 22:11:29.539 [ReconcilerExecutor-hivemq-controller-54] INFO  c.h.p.o.h.HiveMQPlatformReconcilerBaseHandler - [helmexte] HiveMQ Platform is starting
2025-01-29 22:11:29,641 INFO c.h.h.t.HelmChartContainer - [hivemq-test-hivemq-platform] [hivemq-platform-operator] [b6c4fdf4] 22:11:29.640 [ReconcilerExecutor-hivemq-controller-54] DEBUG c.h.p.operator.event.EventSender - [helmexte] Creating K8s event hivemq-platform-starting: [Start] HiveMQ Platform is starting
2025-01-29 22:11:29,721 INFO c.h.h.t.HelmChartContainer - [EVENT] Normal [Start] HiveMQ Platform is starting [helmextensionpriorityit:test-hivemq-platform]
2025-01-29 22:11:29,732 INFO c.h.h.t.HelmChartContainer - [hivemq-test-hivemq-platform] [hivemq-platform-operator] [b6c4fdf4] 22:11:29.730 [ReconcilerExecutor-hivemq-controller-54] INFO  c.h.p.o.h.AbstractHiveMQReconcilerStateHandler - [helmexte] Update HiveMQ Platform Status (CREATED [READY] -> STARTING [READY]): HiveMQ Platform is starting
2025-01-29 22:11:29,748 DEBUG com.hivemq.helmcharts.util.K8sUtil - Comparing actual state 'STARTING' and waiting for 'RUNNING'
2025-01-29 22:11:39,824 INFO c.h.h.t.HelmChartContainer - [hivemq-test-hivemq-platform] [hivemq-platform-operator] [b6c4fdf4] 22:11:39.822 [pool-6-thread-12] DEBUG c.h.p.o.d.PlatformServiceResource - [helmexte] Desired Platform services (2 services)
2025-01-29 22:11:39,826 INFO c.h.h.t.HelmChartContainer - [hivemq-test-hivemq-platform] [hivemq-platform-operator] [b6c4fdf4] 22:11:39.825 [pool-6-thread-13] DEBUG c.h.p.o.dependants.PodInfoConfigMap - [helmexte] Desired PodInfo ConfigMap (3 extensions) (3 enabled)
2025-01-29 22:11:39,829 INFO c.h.h.t.HelmChartContainer - [hivemq-test-hivemq-platform] [hivemq-platform-operator] [b6c4fdf4] 22:11:39.826 [pool-6-thread-13] DEBUG c.h.p.o.dependants.PodInfoConfigMap - [helmexte] Desired PodInfo ConfigMap (metrics port: 9399) (metrics path: /)
2025-01-29 22:11:39,830 INFO c.h.h.t.HelmChartContainer - [hivemq-test-hivemq-platform] [hivemq-platform-operator] [b6c4fdf4] 22:11:39.826 [pool-6-thread-13] DEBUG c.h.p.o.dependants.PodInfoConfigMap - [helmexte] Desired PodInfo ConfigMap (extension state hash: 687648868)
2025-01-29 22:11:39,835 INFO c.h.h.t.HelmChartContainer - [hivemq-test-hivemq-platform] [hivemq-platform-operator] [b6c4fdf4] 22:11:39.827 [pool-6-thread-17] DEBUG c.h.p.o.d.PodServiceAccountResource - [helmexte] Desired PodServiceAccountResource (serviceAccountName: hivemq-platform-pod-test-hivemq-platform)
2025-01-29 22:11:39,919 INFO c.h.h.t.HelmChartContainer - [hivemq-test-hivemq-platform] [hivemq-platform-operator] [b6c4fdf4] 22:11:39.916 [pool-6-thread-13] DEBUG c.h.p.o.dependants.PodInfoConfigMap - [helmexte] Update PodInfo ConfigMap
2025-01-29 22:11:39,931 INFO c.h.h.t.HelmChartContainer - [K3S] [alloc.go:330] "allocated clusterIPs" service="helmextensionpriorityit/hivemq-test-hivemq-platform-metrics-9399" clusterIPs={"IPv4":"10.43.169.19"}
2025-01-29 22:11:40,021 INFO c.h.h.t.HelmChartContainer - [K3S] [alloc.go:330] "allocated clusterIPs" service="helmextensionpriorityit/hivemq-test-hivemq-platform-mqtt-1884" clusterIPs={"IPv4":"10.43.10.180"}
2025-01-29 22:11:40,034 INFO c.h.h.t.HelmChartContainer - [hivemq-test-hivemq-platform] [hivemq-platform-operator] [b6c4fdf4] 22:11:40.032 [pool-6-thread-20] DEBUG c.h.p.o.d.StatefulSetResource - [helmexte] Desired StatefulSet (1 replicas) for status STARTING (READY)
2025-01-29 22:11:40,123 INFO c.h.h.t.HelmChartContainer - [hivemq-test-hivemq-platform] [hivemq-platform-operator] [b6c4fdf4] 22:11:40.121 [pool-6-thread-20] DEBUG c.h.p.o.d.StatefulSetResource - [helmexte] Create StatefulSet
2025-01-29 22:11:40,157 INFO c.h.h.t.HelmChartContainer - [POD] test-hivemq-platform-0 [d23a66c2-3ee3-4449-a4c8-57b0c890aed4] in helmextensionpriorityit was ADDED
2025-01-29 22:11:40,158 INFO c.h.h.t.HelmChartContainer - [EVENT] Normal [SuccessfulCreate] create Pod test-hivemq-platform-0 in StatefulSet test-hivemq-platform successful [helmextensionpriorityit:test-hivemq-platform]
2025-01-29 22:11:40,161 INFO c.h.h.t.HelmChartContainer - [POD] test-hivemq-platform-0 [d23a66c2-3ee3-4449-a4c8-57b0c890aed4] in helmextensionpriorityit was MODIFIED
2025-01-29 22:11:40,165 INFO c.h.h.t.HelmChartContainer - [EVENT] Normal [Scheduled] Successfully assigned helmextensionpriorityit/test-hivemq-platform-0 to 43acab72dce7 [helmextensionpriorityit:test-hivemq-platform-0]
2025-01-29 22:11:40,171 INFO c.h.h.t.HelmChartContainer - [POD] test-hivemq-platform-0 [d23a66c2-3ee3-4449-a4c8-57b0c890aed4] in helmextensionpriorityit was MODIFIED
2025-01-29 22:11:40,234 INFO c.h.h.t.HelmChartContainer - [hivemq-test-hivemq-platform] [hivemq-platform-operator] [b6c4fdf4] 22:11:40.230 [ReconcilerExecutor-hivemq-controller-65] INFO  c.h.p.o.HiveMQPlatformReconciler - [helmexte] Reconciling HiveMQ Platform 'test-hivemq-platform' in namespace 'helmextensionpriorityit'
2025-01-29 22:11:40,234 INFO c.h.h.t.HelmChartContainer - [hivemq-test-hivemq-platform] [hivemq-platform-operator] [b6c4fdf4] 22:11:40.231 [ReconcilerExecutor-hivemq-controller-65] DEBUG c.h.p.o.HiveMQPlatformReconciler - [helmexte] Custom Resource Status STARTING - HiveMQ Platform is starting (READY)
2025-01-29 22:11:40,234 INFO c.h.h.t.HelmChartContainer - [hivemq-test-hivemq-platform] [hivemq-platform-operator] [b6c4fdf4] 22:11:40.231 [ReconcilerExecutor-hivemq-controller-65] DEBUG c.h.p.o.HiveMQPlatformReconciler - [helmexte] Custom Resource Spec (replicas: 1) (extensions: 3)
2025-01-29 22:11:40,320 INFO c.h.h.t.HelmChartContainer - [hivemq-test-hivemq-platform] [hivemq-platform-operator] [b6c4fdf4] 22:11:40.318 [ReconcilerExecutor-hivemq-controller-65] DEBUG c.h.p.o.HiveMQPlatformReconciler - [helmexte] StatefulSet Status (revision: test-hivemq-platform-6fd78546f5, replicas: 1, available: 0, ready: 0, current: 1, updated: 1)
2025-01-29 22:11:40,320 INFO c.h.h.t.HelmChartContainer - [hivemq-test-hivemq-platform] [hivemq-platform-operator] [b6c4fdf4] 22:11:40.318 [ReconcilerExecutor-hivemq-controller-65] DEBUG c.h.p.o.HiveMQPlatformReconciler - [helmexte] StatefulSet Spec (replicas: 1, init containers: 1, containers: 1, volumes: 3)
2025-01-29 22:11:40,331 INFO c.h.h.t.HelmChartContainer - [K3S] [reconciler_common.go:251] "operationExecutor.VerifyControllerAttachedVolume started for volume \"pod-info\" (UniqueName: \"kubernetes.io/configmap/d23a66c2-3ee3-4449-a4c8-57b0c890aed4-pod-info\") pod \"test-hivemq-platform-0\" (UID: \"d23a66c2-3ee3-4449-a4c8-57b0c890aed4\") " pod="helmextensionpriorityit/test-hivemq-platform-0"
2025-01-29 22:11:40,331 INFO c.h.h.t.HelmChartContainer - [K3S] [reconciler_common.go:251] "operationExecutor.VerifyControllerAttachedVolume started for volume \"broker-configuration\" (UniqueName: \"kubernetes.io/configmap/d23a66c2-3ee3-4449-a4c8-57b0c890aed4-broker-configuration\") pod \"test-hivemq-platform-0\" (UID: \"d23a66c2-3ee3-4449-a4c8-57b0c890aed4\") " pod="helmextensionpriorityit/test-hivemq-platform-0"
2025-01-29 22:11:40,331 INFO c.h.h.t.HelmChartContainer - [K3S] [reconciler_common.go:251] "operationExecutor.VerifyControllerAttachedVolume started for volume \"operator-init\" (UniqueName: \"kubernetes.io/empty-dir/d23a66c2-3ee3-4449-a4c8-57b0c890aed4-operator-init\") pod \"test-hivemq-platform-0\" (UID: \"d23a66c2-3ee3-4449-a4c8-57b0c890aed4\") " pod="helmextensionpriorityit/test-hivemq-platform-0"
2025-01-29 22:11:40,331 INFO c.h.h.t.HelmChartContainer - [K3S] [reconciler_common.go:251] "operationExecutor.VerifyControllerAttachedVolume started for volume \"kube-api-access-dzhwk\" (UniqueName: \"kubernetes.io/projected/d23a66c2-3ee3-4449-a4c8-57b0c890aed4-kube-api-access-dzhwk\") pod \"test-hivemq-platform-0\" (UID: \"d23a66c2-3ee3-4449-a4c8-57b0c890aed4\") " pod="helmextensionpriorityit/test-hivemq-platform-0"
2025-01-29 22:11:40,419 INFO c.h.h.t.HelmChartContainer - [hivemq-test-hivemq-platform] [hivemq-platform-operator] [b6c4fdf4] 22:11:40.417 [ReconcilerExecutor-hivemq-controller-65] DEBUG c.h.p.o.h.HiveMQPlatformReconcilerErrorHandler - [helmexte] Pod 'test-hivemq-platform-0' phase Pending
2025-01-29 22:11:40,419 INFO c.h.h.t.HelmChartContainer - [hivemq-test-hivemq-platform] [hivemq-platform-operator] [b6c4fdf4] 22:11:40.418 [ReconcilerExecutor-hivemq-controller-65] DEBUG c.h.p.o.h.HiveMQPlatformReconcilerErrorHandler - [helmexte] Pod 'test-hivemq-platform-0' condition 'PodReadyToStartContainers': False
2025-01-29 22:11:40,420 INFO c.h.h.t.HelmChartContainer - [hivemq-test-hivemq-platform] [hivemq-platform-operator] [b6c4fdf4] 22:11:40.418 [ReconcilerExecutor-hivemq-controller-65] DEBUG c.h.p.o.h.HiveMQPlatformReconcilerErrorHandler - [helmexte] Pod 'test-hivemq-platform-0' condition 'Initialized': False
2025-01-29 22:11:40,421 INFO c.h.h.t.HelmChartContainer - [hivemq-test-hivemq-platform] [hivemq-platform-operator] [b6c4fdf4] 22:11:40.418 [ReconcilerExecutor-hivemq-controller-65] DEBUG c.h.p.o.h.HiveMQPlatformReconcilerErrorHandler - [helmexte] Pod 'test-hivemq-platform-0' condition 'Ready': False
2025-01-29 22:11:40,421 INFO c.h.h.t.HelmChartContainer - [hivemq-test-hivemq-platform] [hivemq-platform-operator] [b6c4fdf4] 22:11:40.419 [ReconcilerExecutor-hivemq-controller-65] DEBUG c.h.p.o.h.HiveMQPlatformReconcilerErrorHandler - [helmexte] Pod 'test-hivemq-platform-0' condition 'ContainersReady': False
2025-01-29 22:11:40,421 INFO c.h.h.t.HelmChartContainer - [hivemq-test-hivemq-platform] [hivemq-platform-operator] [b6c4fdf4] 22:11:40.419 [ReconcilerExecutor-hivemq-controller-65] DEBUG c.h.p.o.h.HiveMQPlatformReconcilerErrorHandler - [helmexte] Pod 'test-hivemq-platform-0' condition 'PodScheduled': True
2025-01-29 22:11:40,421 INFO c.h.h.t.HelmChartContainer - [hivemq-test-hivemq-platform] [hivemq-platform-operator] [b6c4fdf4] 22:11:40.420 [ReconcilerExecutor-hivemq-controller-65] DEBUG c.h.p.o.h.HiveMQPlatformReconcilerErrorHandler - [helmexte] Pod 'test-hivemq-platform-0' containerStatus 'hivemq' (started: false) (ready: false) (waiting: [PodInitializing] null)
2025-01-29 22:11:40,423 INFO c.h.h.t.HelmChartContainer - [hivemq-test-hivemq-platform] [hivemq-platform-operator] [b6c4fdf4] 22:11:40.422 [ReconcilerExecutor-hivemq-controller-65] INFO  c.h.p.o.h.HiveMQPlatformReconcilerBaseHandler - [helmexte] HiveMQ Platform is starting, 0 of 1 replicas are ready
2025-01-29 22:11:40,427 INFO c.h.h.t.HelmChartContainer - [hivemq-test-hivemq-platform] [hivemq-platform-operator] [b6c4fdf4] 22:11:40.426 [pool-6-thread-22] DEBUG c.h.p.o.d.PlatformServiceResource - [helmexte] Desired Platform services (2 services)
2025-01-29 22:11:40,431 INFO c.h.h.t.HelmChartContainer - [hivemq-test-hivemq-platform] [hivemq-platform-operator] [b6c4fdf4] 22:11:40.430 [pool-6-thread-23] DEBUG c.h.p.o.dependants.PodInfoConfigMap - [helmexte] Desired PodInfo ConfigMap (3 extensions) (3 enabled)
2025-01-29 22:11:40,431 INFO c.h.h.t.HelmChartContainer - [hivemq-test-hivemq-platform] [hivemq-platform-operator] [b6c4fdf4] 22:11:40.430 [pool-6-thread-23] DEBUG c.h.p.o.dependants.PodInfoConfigMap - [helmexte] Desired PodInfo ConfigMap (metrics port: 9399) (metrics path: /)
2025-01-29 22:11:40,431 INFO c.h.h.t.HelmChartContainer - [hivemq-test-hivemq-platform] [hivemq-platform-operator] [b6c4fdf4] 22:11:40.430 [pool-6-thread-23] DEBUG c.h.p.o.dependants.PodInfoConfigMap - [helmexte] Desired PodInfo ConfigMap (extension state hash: 687648868)
2025-01-29 22:11:40,518 INFO c.h.h.t.HelmChartContainer - [hivemq-test-hivemq-platform] [hivemq-platform-operator] [b6c4fdf4] 22:11:40.516 [pool-6-thread-27] DEBUG c.h.p.o.d.PodServiceAccountResource - [helmexte] Desired PodServiceAccountResource (serviceAccountName: hivemq-platform-pod-test-hivemq-platform)
2025-01-29 22:11:40,524 INFO c.h.h.t.HelmChartContainer - [hivemq-test-hivemq-platform] [hivemq-platform-operator] [b6c4fdf4] 22:11:40.522 [pool-6-thread-30] DEBUG c.h.p.o.d.StatefulSetResource - [helmexte] Desired StatefulSet (1 replicas) for status STARTING (READY)
2025-01-29 22:11:40,532 INFO c.h.h.t.HelmChartContainer - [hivemq-test-hivemq-platform] [hivemq-platform-operator] [b6c4fdf4] 22:11:40.531 [ReconcilerExecutor-hivemq-controller-76] INFO  c.h.p.o.HiveMQPlatformReconciler - [helmexte] Reconciling HiveMQ Platform 'test-hivemq-platform' in namespace 'helmextensionpriorityit'
2025-01-29 22:11:40,533 INFO c.h.h.t.HelmChartContainer - [hivemq-test-hivemq-platform] [hivemq-platform-operator] [b6c4fdf4] 22:11:40.531 [ReconcilerExecutor-hivemq-controller-76] DEBUG c.h.p.o.HiveMQPlatformReconciler - [helmexte] Custom Resource Status STARTING - HiveMQ Platform is starting (READY)
2025-01-29 22:11:40,533 INFO c.h.h.t.HelmChartContainer - [hivemq-test-hivemq-platform] [hivemq-platform-operator] [b6c4fdf4] 22:11:40.531 [ReconcilerExecutor-hivemq-controller-76] DEBUG c.h.p.o.HiveMQPlatformReconciler - [helmexte] Custom Resource Spec (replicas: 1) (extensions: 3)
2025-01-29 22:11:40,539 INFO c.h.h.t.HelmChartContainer - [hivemq-test-hivemq-platform] [hivemq-platform-operator] [b6c4fdf4] 22:11:40.536 [ReconcilerExecutor-hivemq-controller-76] DEBUG c.h.p.o.HiveMQPlatformReconciler - [helmexte] StatefulSet Status (revision: test-hivemq-platform-6fd78546f5, replicas: 1, available: 0, ready: 0, current: 1, updated: 1)
2025-01-29 22:11:40,539 INFO c.h.h.t.HelmChartContainer - [hivemq-test-hivemq-platform] [hivemq-platform-operator] [b6c4fdf4] 22:11:40.537 [ReconcilerExecutor-hivemq-controller-76] DEBUG c.h.p.o.HiveMQPlatformReconciler - [helmexte] StatefulSet Spec (replicas: 1, init containers: 1, containers: 1, volumes: 3)
2025-01-29 22:11:40,564 INFO c.h.h.t.HelmChartContainer - [EVENT] Normal [Pulled] Container image "docker.io/hivemq/hivemq-platform-operator-init-test:snapshot" already present on machine [helmextensionpriorityit:test-hivemq-platform-0]
2025-01-29 22:11:40,572 INFO c.h.h.t.HelmChartContainer - [EVENT] Normal [Created] Created container: hivemq-platform-operator-init [helmextensionpriorityit:test-hivemq-platform-0]
2025-01-29 22:11:40,613 INFO c.h.h.t.HelmChartContainer - [EVENT] Normal [Started] Started container hivemq-platform-operator-init [helmextensionpriorityit:test-hivemq-platform-0]
2025-01-29 22:11:40,618 INFO c.h.h.t.HelmChartContainer - [hivemq-test-hivemq-platform] [hivemq-platform-operator] [b6c4fdf4] 22:11:40.615 [ReconcilerExecutor-hivemq-controller-76] DEBUG c.h.p.o.h.HiveMQPlatformReconcilerErrorHandler - [helmexte] Pod 'test-hivemq-platform-0' phase Pending
2025-01-29 22:11:40,618 INFO c.h.h.t.HelmChartContainer - [hivemq-test-hivemq-platform] [hivemq-platform-operator] [b6c4fdf4] 22:11:40.616 [ReconcilerExecutor-hivemq-controller-76] DEBUG c.h.p.o.h.HiveMQPlatformReconcilerErrorHandler - [helmexte] Pod 'test-hivemq-platform-0' condition 'PodReadyToStartContainers': False
2025-01-29 22:11:40,618 INFO c.h.h.t.HelmChartContainer - [hivemq-test-hivemq-platform] [hivemq-platform-operator] [b6c4fdf4] 22:11:40.616 [ReconcilerExecutor-hivemq-controller-76] DEBUG c.h.p.o.h.HiveMQPlatformReconcilerErrorHandler - [helmexte] Pod 'test-hivemq-platform-0' condition 'Initialized': False
2025-01-29 22:11:40,618 INFO c.h.h.t.HelmChartContainer - [hivemq-test-hivemq-platform] [hivemq-platform-operator] [b6c4fdf4] 22:11:40.616 [ReconcilerExecutor-hivemq-controller-76] DEBUG c.h.p.o.h.HiveMQPlatformReconcilerErrorHandler - [helmexte] Pod 'test-hivemq-platform-0' condition 'Ready': False
2025-01-29 22:11:40,618 INFO c.h.h.t.HelmChartContainer - [hivemq-test-hivemq-platform] [hivemq-platform-operator] [b6c4fdf4] 22:11:40.616 [ReconcilerExecutor-hivemq-controller-76] DEBUG c.h.p.o.h.HiveMQPlatformReconcilerErrorHandler - [helmexte] Pod 'test-hivemq-platform-0' condition 'ContainersReady': False
2025-01-29 22:11:40,618 INFO c.h.h.t.HelmChartContainer - [hivemq-test-hivemq-platform] [hivemq-platform-operator] [b6c4fdf4] 22:11:40.616 [ReconcilerExecutor-hivemq-controller-76] DEBUG c.h.p.o.h.HiveMQPlatformReconcilerErrorHandler - [helmexte] Pod 'test-hivemq-platform-0' condition 'PodScheduled': True
2025-01-29 22:11:40,618 INFO c.h.h.t.HelmChartContainer - [hivemq-test-hivemq-platform] [hivemq-platform-operator] [b6c4fdf4] 22:11:40.616 [ReconcilerExecutor-hivemq-controller-76] DEBUG c.h.p.o.h.HiveMQPlatformReconcilerErrorHandler - [helmexte] Pod 'test-hivemq-platform-0' containerStatus 'hivemq' (started: false) (ready: false) (waiting: [PodInitializing] null)
2025-01-29 22:11:40,621 INFO c.h.h.t.HelmChartContainer - [hivemq-test-hivemq-platform] [hivemq-platform-operator] [b6c4fdf4] 22:11:40.620 [ReconcilerExecutor-hivemq-controller-76] INFO  c.h.p.o.h.HiveMQPlatformReconcilerBaseHandler - [helmexte] HiveMQ Platform is starting, 0 of 1 replicas are ready
2025-01-29 22:11:41,146 INFO c.h.h.t.HelmChartContainer - [EVENT] Normal [Pulled] Container image "docker.io/hivemq/hivemq4:4.36.0" already present on machine [helmextensionpriorityit:test-hivemq-platform-0]
2025-01-29 22:11:41,146 INFO c.h.h.t.HelmChartContainer - Received Pulled event for container hivemq in pod test-hivemq-platform-0 [d23a66c2-3ee3-4449-a4c8-57b0c890aed4]
2025-01-29 22:11:41,161 INFO c.h.h.t.HelmChartContainer - [POD] test-hivemq-platform-0 [d23a66c2-3ee3-4449-a4c8-57b0c890aed4] in helmextensionpriorityit was MODIFIED
2025-01-29 22:11:41,169 INFO c.h.h.t.HelmChartContainer - [EVENT] Normal [Created] Created container: hivemq [helmextensionpriorityit:test-hivemq-platform-0]
2025-01-29 22:11:41,169 INFO c.h.h.t.HelmChartContainer - Received Created event for container hivemq in pod test-hivemq-platform-0 [d23a66c2-3ee3-4449-a4c8-57b0c890aed4]
2025-01-29 22:11:41,189 INFO c.h.h.t.HelmChartContainer - [hivemq-test-hivemq-platform] [hivemq-platform-operator] [b6c4fdf4] 22:11:41.178 [pool-6-thread-32] DEBUG c.h.p.o.d.PlatformServiceResource - [helmexte] Desired Platform services (2 services)
2025-01-29 22:11:41,189 INFO c.h.h.t.HelmChartContainer - [hivemq-test-hivemq-platform] [hivemq-platform-operator] [b6c4fdf4] 22:11:41.180 [pool-6-thread-33] DEBUG c.h.p.o.dependants.PodInfoConfigMap - [helmexte] Desired PodInfo ConfigMap (3 extensions) (3 enabled)
2025-01-29 22:11:41,190 INFO c.h.h.t.HelmChartContainer - [hivemq-test-hivemq-platform] [hivemq-platform-operator] [b6c4fdf4] 22:11:41.180 [pool-6-thread-33] DEBUG c.h.p.o.dependants.PodInfoConfigMap - [helmexte] Desired PodInfo ConfigMap (metrics port: 9399) (metrics path: /)
2025-01-29 22:11:41,190 INFO c.h.h.t.HelmChartContainer - [hivemq-test-hivemq-platform] [hivemq-platform-operator] [b6c4fdf4] 22:11:41.180 [pool-6-thread-33] DEBUG c.h.p.o.dependants.PodInfoConfigMap - [helmexte] Desired PodInfo ConfigMap (extension state hash: 687648868)
2025-01-29 22:11:41,190 INFO c.h.h.t.HelmChartContainer - [hivemq-test-hivemq-platform] [hivemq-platform-operator] [b6c4fdf4] 22:11:41.187 [pool-6-thread-37] DEBUG c.h.p.o.d.PodServiceAccountResource - [helmexte] Desired PodServiceAccountResource (serviceAccountName: hivemq-platform-pod-test-hivemq-platform)
2025-01-29 22:11:41,198 INFO c.h.h.t.HelmChartContainer - [hivemq-test-hivemq-platform] [hivemq-platform-operator] [b6c4fdf4] 22:11:41.196 [pool-6-thread-39] DEBUG c.h.p.o.d.StatefulSetResource - [helmexte] Desired StatefulSet (1 replicas) for status STARTING (READY)
2025-01-29 22:11:41,239 INFO c.h.h.t.HelmChartContainer - [hivemq-test-hivemq-platform] [hivemq-platform-operator] [b6c4fdf4] 22:11:41.235 [ReconcilerExecutor-hivemq-controller-87] INFO  c.h.p.o.HiveMQPlatformReconciler - [helmexte] Reconciling HiveMQ Platform 'test-hivemq-platform' in namespace 'helmextensionpriorityit'
2025-01-29 22:11:41,239 INFO c.h.h.t.HelmChartContainer - [hivemq-test-hivemq-platform] [hivemq-platform-operator] [b6c4fdf4] 22:11:41.236 [ReconcilerExecutor-hivemq-controller-87] DEBUG c.h.p.o.HiveMQPlatformReconciler - [helmexte] Custom Resource Status STARTING - HiveMQ Platform is starting (READY)
2025-01-29 22:11:41,239 INFO c.h.h.t.HelmChartContainer - [hivemq-test-hivemq-platform] [hivemq-platform-operator] [b6c4fdf4] 22:11:41.236 [ReconcilerExecutor-hivemq-controller-87] DEBUG c.h.p.o.HiveMQPlatformReconciler - [helmexte] Custom Resource Spec (replicas: 1) (extensions: 3)
2025-01-29 22:11:41,242 INFO c.h.h.t.HelmChartContainer - [hivemq-test-hivemq-platform] [hivemq-platform-operator] [b6c4fdf4] 22:11:41.238 [ReconcilerExecutor-hivemq-controller-87] DEBUG c.h.p.o.HiveMQPlatformReconciler - [helmexte] StatefulSet Status (revision: test-hivemq-platform-6fd78546f5, replicas: 1, available: 0, ready: 0, current: 1, updated: 1)
2025-01-29 22:11:41,242 INFO c.h.h.t.HelmChartContainer - [hivemq-test-hivemq-platform] [hivemq-platform-operator] [b6c4fdf4] 22:11:41.239 [ReconcilerExecutor-hivemq-controller-87] DEBUG c.h.p.o.HiveMQPlatformReconciler - [helmexte] StatefulSet Spec (replicas: 1, init containers: 1, containers: 1, volumes: 3)
2025-01-29 22:11:41,247 INFO c.h.h.t.HelmChartContainer - [hivemq-test-hivemq-platform] [hivemq-platform-operator] [b6c4fdf4] 22:11:41.246 [ReconcilerExecutor-hivemq-controller-87] DEBUG c.h.p.o.h.HiveMQPlatformReconcilerErrorHandler - [helmexte] Pod 'test-hivemq-platform-0' phase Pending
2025-01-29 22:11:41,248 INFO c.h.h.t.HelmChartContainer - [hivemq-test-hivemq-platform] [hivemq-platform-operator] [b6c4fdf4] 22:11:41.247 [ReconcilerExecutor-hivemq-controller-87] DEBUG c.h.p.o.h.HiveMQPlatformReconcilerErrorHandler - [helmexte] Pod 'test-hivemq-platform-0' condition 'PodReadyToStartContainers': True
2025-01-29 22:11:41,249 INFO c.h.h.t.HelmChartContainer - [hivemq-test-hivemq-platform] [hivemq-platform-operator] [b6c4fdf4] 22:11:41.248 [ReconcilerExecutor-hivemq-controller-87] DEBUG c.h.p.o.h.HiveMQPlatformReconcilerErrorHandler - [helmexte] Pod 'test-hivemq-platform-0' condition 'Initialized': True
2025-01-29 22:11:41,252 INFO c.h.h.t.HelmChartContainer - [hivemq-test-hivemq-platform] [hivemq-platform-operator] [b6c4fdf4] 22:11:41.249 [ReconcilerExecutor-hivemq-controller-87] DEBUG c.h.p.o.h.HiveMQPlatformReconcilerErrorHandler - [helmexte] Pod 'test-hivemq-platform-0' condition 'Ready': False
2025-01-29 22:11:41,254 INFO c.h.h.t.HelmChartContainer - [hivemq-test-hivemq-platform] [hivemq-platform-operator] [b6c4fdf4] 22:11:41.249 [ReconcilerExecutor-hivemq-controller-87] DEBUG c.h.p.o.h.HiveMQPlatformReconcilerErrorHandler - [helmexte] Pod 'test-hivemq-platform-0' condition 'ContainersReady': False
2025-01-29 22:11:41,254 INFO c.h.h.t.HelmChartContainer - [hivemq-test-hivemq-platform] [hivemq-platform-operator] [b6c4fdf4] 22:11:41.249 [ReconcilerExecutor-hivemq-controller-87] DEBUG c.h.p.o.h.HiveMQPlatformReconcilerErrorHandler - [helmexte] Pod 'test-hivemq-platform-0' condition 'PodScheduled': True
2025-01-29 22:11:41,254 INFO c.h.h.t.HelmChartContainer - [hivemq-test-hivemq-platform] [hivemq-platform-operator] [b6c4fdf4] 22:11:41.250 [ReconcilerExecutor-hivemq-controller-87] DEBUG c.h.p.o.h.HiveMQPlatformReconcilerErrorHandler - [helmexte] Pod 'test-hivemq-platform-0' containerStatus 'hivemq' (started: false) (ready: false) (waiting: [PodInitializing] null)
2025-01-29 22:11:41,254 INFO c.h.h.t.HelmChartContainer - [hivemq-test-hivemq-platform] [hivemq-platform-operator] [b6c4fdf4] 22:11:41.251 [ReconcilerExecutor-hivemq-controller-87] INFO  c.h.p.o.h.HiveMQPlatformReconcilerBaseHandler - [helmexte] HiveMQ Platform is starting, 0 of 1 replicas are ready
2025-01-29 22:11:42,158 INFO c.h.h.t.HelmChartContainer - [POD] test-hivemq-platform-0 [d23a66c2-3ee3-4449-a4c8-57b0c890aed4] in helmextensionpriorityit was MODIFIED
2025-01-29 22:11:42,175 INFO c.h.h.t.HelmChartContainer - [hivemq-test-hivemq-platform] [hivemq-platform-operator] [b6c4fdf4] 22:11:42.169 [pool-6-thread-42] DEBUG c.h.p.o.d.PlatformServiceResource - [helmexte] Desired Platform services (2 services)
2025-01-29 22:11:42,176 INFO c.h.h.t.HelmChartContainer - [hivemq-test-hivemq-platform] [hivemq-platform-operator] [b6c4fdf4] 22:11:42.172 [pool-6-thread-43] DEBUG c.h.p.o.dependants.PodInfoConfigMap - [helmexte] Desired PodInfo ConfigMap (3 extensions) (3 enabled)
2025-01-29 22:11:42,176 INFO c.h.h.t.HelmChartContainer - [hivemq-test-hivemq-platform] [hivemq-platform-operator] [b6c4fdf4] 22:11:42.172 [pool-6-thread-43] DEBUG c.h.p.o.dependants.PodInfoConfigMap - [helmexte] Desired PodInfo ConfigMap (metrics port: 9399) (metrics path: /)
2025-01-29 22:11:42,176 INFO c.h.h.t.HelmChartContainer - [hivemq-test-hivemq-platform] [hivemq-platform-operator] [b6c4fdf4] 22:11:42.172 [pool-6-thread-43] DEBUG c.h.p.o.dependants.PodInfoConfigMap - [helmexte] Desired PodInfo ConfigMap (extension state hash: 687648868)
2025-01-29 22:11:42,178 INFO c.h.h.t.HelmChartContainer - Started log watcher for hivemq in pod test-hivemq-platform-0 [d23a66c2-3ee3-4449-a4c8-57b0c890aed4]
2025-01-29 22:11:42,178 INFO c.h.h.t.HelmChartContainer - [test-hivemq-platform] [hivemq] [d23a66c2] Adding pre-installed HiveMQ Platform Operator extensions
2025-01-29 22:11:42,178 INFO c.h.h.t.HelmChartContainer - [EVENT] Normal [Started] Started container hivemq [helmextensionpriorityit:test-hivemq-platform-0]
2025-01-29 22:11:42,178 INFO c.h.h.t.HelmChartContainer - [test-hivemq-platform] [hivemq] [d23a66c2] Running as user 10000
2025-01-29 22:11:42,178 INFO c.h.h.t.HelmChartContainer - Received Started event for container hivemq in pod test-hivemq-platform-0 [d23a66c2-3ee3-4449-a4c8-57b0c890aed4]
2025-01-29 22:11:42,178 INFO c.h.h.t.HelmChartContainer - [test-hivemq-platform] [hivemq] [d23a66c2] Starting HiveMQ Platform Operator Init
2025-01-29 22:11:42,181 INFO c.h.h.t.HelmChartContainer - [hivemq-test-hivemq-platform] [hivemq-platform-operator] [b6c4fdf4] 22:11:42.177 [pool-6-thread-47] DEBUG c.h.p.o.d.PodServiceAccountResource - [helmexte] Desired PodServiceAccountResource (serviceAccountName: hivemq-platform-pod-test-hivemq-platform)
2025-01-29 22:11:42,232 INFO c.h.h.t.HelmChartContainer - [hivemq-test-hivemq-platform] [hivemq-platform-operator] [b6c4fdf4] 22:11:42.231 [pool-6-thread-50] DEBUG c.h.p.o.d.StatefulSetResource - [helmexte] Desired StatefulSet (1 replicas) for status STARTING (READY)
2025-01-29 22:11:42,240 INFO c.h.h.t.HelmChartContainer - [hivemq-test-hivemq-platform] [hivemq-platform-operator] [b6c4fdf4] 22:11:42.237 [ReconcilerExecutor-hivemq-controller-98] INFO  c.h.p.o.HiveMQPlatformReconciler - [helmexte] Reconciling HiveMQ Platform 'test-hivemq-platform' in namespace 'helmextensionpriorityit'
2025-01-29 22:11:42,242 INFO c.h.h.t.HelmChartContainer - [hivemq-test-hivemq-platform] [hivemq-platform-operator] [b6c4fdf4] 22:11:42.238 [ReconcilerExecutor-hivemq-controller-98] DEBUG c.h.p.o.HiveMQPlatformReconciler - [helmexte] Custom Resource Status STARTING - HiveMQ Platform is starting (READY)
2025-01-29 22:11:42,242 INFO c.h.h.t.HelmChartContainer - [hivemq-test-hivemq-platform] [hivemq-platform-operator] [b6c4fdf4] 22:11:42.238 [ReconcilerExecutor-hivemq-controller-98] DEBUG c.h.p.o.HiveMQPlatformReconciler - [helmexte] Custom Resource Spec (replicas: 1) (extensions: 3)
2025-01-29 22:11:42,245 INFO c.h.h.t.HelmChartContainer - [hivemq-test-hivemq-platform] [hivemq-platform-operator] [b6c4fdf4] 22:11:42.239 [ReconcilerExecutor-hivemq-controller-98] DEBUG c.h.p.o.HiveMQPlatformReconciler - [helmexte] StatefulSet Status (revision: test-hivemq-platform-6fd78546f5, replicas: 1, available: 0, ready: 0, current: 1, updated: 1)
2025-01-29 22:11:42,246 INFO c.h.h.t.HelmChartContainer - [hivemq-test-hivemq-platform] [hivemq-platform-operator] [b6c4fdf4] 22:11:42.242 [ReconcilerExecutor-hivemq-controller-98] DEBUG c.h.p.o.HiveMQPlatformReconciler - [helmexte] StatefulSet Spec (replicas: 1, init containers: 1, containers: 1, volumes: 3)
2025-01-29 22:11:42,246 INFO c.h.h.t.HelmChartContainer - [hivemq-test-hivemq-platform] [hivemq-platform-operator] [b6c4fdf4] 22:11:42.245 [ReconcilerExecutor-hivemq-controller-98] DEBUG c.h.p.o.h.HiveMQPlatformReconcilerErrorHandler - [helmexte] Pod 'test-hivemq-platform-0' phase Running
2025-01-29 22:11:42,251 INFO c.h.h.t.HelmChartContainer - [hivemq-test-hivemq-platform] [hivemq-platform-operator] [b6c4fdf4] 22:11:42.250 [ReconcilerExecutor-hivemq-controller-98] INFO  c.h.p.o.h.HiveMQPlatformReconcilerBaseHandler - [helmexte] HiveMQ Platform is starting, 0 of 1 replicas are ready
2025-01-29 22:11:42,408 INFO c.h.h.t.HelmChartContainer - [test-hivemq-platform] [hivemq] [d23a66c2] INFO  - [HiveMQ Platform Operator Init 1.7.0-SNAPSHOT] HiveMQ Platform Operator Init 1.7.0-SNAPSHOT (commit: 3bc9484 on branch: HEAD) built on Wed Jan 29 22:06:36 UTC 2025
2025-01-29 22:11:43,545 INFO c.h.h.t.HelmChartContainer - [test-hivemq-platform] [hivemq] [d23a66c2] INFO  - [HiveMQ Platform Operator Init App 1.7.0-SNAPSHOT] Using bind address 10.42.0.7 from environment variable
2025-01-29 22:11:44,445 INFO c.h.h.t.HelmChartContainer - [test-hivemq-platform] [hivemq] [d23a66c2] INFO  - [HiveMQ Platform Operator Init App 1.7.0-SNAPSHOT] HiveMQ Platform Operator Init App 1.7.0-SNAPSHOT (commit: 3bc9484 on branch: HEAD) built on Wed Jan 29 22:06:36 UTC 2025
2025-01-29 22:11:44,445 INFO c.h.h.t.HelmChartContainer - [test-hivemq-platform] [hivemq] [d23a66c2] INFO  - [HiveMQ Platform Operator Init App 1.7.0-SNAPSHOT] PodInfo ConfigMap directory: /etc/podinfo
2025-01-29 22:11:44,445 INFO c.h.h.t.HelmChartContainer - [test-hivemq-platform] [hivemq] [d23a66c2] INFO  - [HiveMQ Platform Operator Init App 1.7.0-SNAPSHOT] HiveMQ home directory: /opt/hivemq
2025-01-29 22:11:44,447 INFO c.h.h.t.HelmChartContainer - [test-hivemq-platform] [hivemq] [d23a66c2] INFO  - [HiveMQ Platform Operator Init App 1.7.0-SNAPSHOT] HiveMQ Logback folder: /opt/hivemq/conf
2025-01-29 22:11:44,447 INFO c.h.h.t.HelmChartContainer - [test-hivemq-platform] [hivemq] [d23a66c2] INFO  - [HiveMQ Platform Operator Init App 1.7.0-SNAPSHOT] HiveMQ Config folder: /opt/hivemq/conf-k8s
2025-01-29 22:11:44,447 INFO c.h.h.t.HelmChartContainer - [test-hivemq-platform] [hivemq] [d23a66c2] INFO  - [HiveMQ Platform Operator Init App 1.7.0-SNAPSHOT] Starting HiveMQ Platform Operator Init App
2025-01-29 22:11:44,447 INFO c.h.h.t.HelmChartContainer - [test-hivemq-platform] [hivemq] [d23a66c2] INFO  - [HiveMQ Platform Operator Init App 1.7.0-SNAPSHOT] Starting Pod reconciler
2025-01-29 22:11:45,641 INFO c.h.h.t.HelmChartContainer - [test-hivemq-platform] [hivemq] [d23a66c2] INFO  - [HiveMQ Platform Operator Init App 1.7.0-SNAPSHOT] Pod reconciler is scheduled (interval: 5000 ms)
2025-01-29 22:11:45,643 INFO c.h.h.t.HelmChartContainer - [test-hivemq-platform] [hivemq] [d23a66c2] INFO  - [HiveMQ Platform Operator Init App 1.7.0-SNAPSHOT] Starting the REST API on 10.42.0.7:7979
2025-01-29 22:11:45,645 INFO c.h.h.t.HelmChartContainer - [test-hivemq-platform] [hivemq] [d23a66c2] INFO  - [HiveMQ Platform Operator Init App 1.7.0-SNAPSHOT] Waiting up to 600s for at most 1 HiveMQ nodes in cluster service hivemq-test-hivemq-platform-cluster.helmextensionpriorityit.svc
2025-01-29 22:11:45,957 INFO c.h.h.t.HelmChartContainer - [test-hivemq-platform] [hivemq] [d23a66c2] INFO  - [HiveMQ Platform Operator Init App 1.7.0-SNAPSHOT] Resolved 1 IP addresses: [10.42.0.7]
2025-01-29 22:11:45,958 INFO c.h.h.t.HelmChartContainer - [test-hivemq-platform] [hivemq] [d23a66c2] INFO  - [HiveMQ Platform Operator Init App 1.7.0-SNAPSHOT] HiveMQ node count of 1 is within threshold of 1
2025-01-29 22:11:45,958 INFO c.h.h.t.HelmChartContainer - [test-hivemq-platform] [hivemq] [d23a66c2] INFO  - [HiveMQ Platform Operator Init App 1.7.0-SNAPSHOT] Proceeding with container start
2025-01-29 22:11:46,054 INFO c.h.h.t.HelmChartContainer - [test-hivemq-platform] [hivemq] [d23a66c2] INFO  - [HiveMQ Platform Operator Init App 1.7.0-SNAPSHOT] Initializing HiveMQ Platform extensions with initial configuration: {hivemq-appending-bar-extension={start-priority=2000, skip-https-hostname-verification=false, restart=true, config-version=0, header-version=0, c-uri=, priority=2000, uri=http://nginx-service/hivemq-appending-bar-extension-1.0.0.zip, skip-https-certificate-validation=false, enabled=true}, hivemq-appending-baz-extension={start-priority=3000, skip-https-hostname-verification=false, restart=true, config-version=0, header-version=0, c-uri=, priority=1000, uri=http://nginx-service/hivemq-appending-baz-extension-1.0.0.zip, skip-https-certificate-validation=false, enabled=true}, hivemq-appending-foo-extension={start-priority=1000, skip-https-hostname-verification=false, restart=true, config-version=0, header-version=0, c-uri=, priority=3000, uri=http://nginx-service/hivemq-appending-foo-extension-1.0.0.zip, skip-https-certificate-validation=false, enabled=true}, hivemq-prometheus-extension={skip-https-certificate-validation=false, uri=preinstalled, request-header-path=no-request-headers, enabled=true, restart=true, priority=-1, start-priority=-1, c-uri=, skip-https-hostname-verification=false}}
2025-01-29 22:11:46,055 INFO c.h.h.t.HelmChartContainer - [test-hivemq-platform] [hivemq] [d23a66c2] INFO  - [HiveMQ Platform Operator Init App 1.7.0-SNAPSHOT] Installing custom extension hivemq-appending-bar-extension from URL http://nginx-service/hivemq-appending-bar-extension-1.0.0.zip
2025-01-29 22:11:46,056 INFO c.h.h.t.HelmChartContainer - [test-hivemq-platform] [hivemq] [d23a66c2] INFO  - [HiveMQ Platform Operator Init App 1.7.0-SNAPSHOT] Downloading custom extension hivemq-appending-bar-extension into '/tmp/hivemq-appending-bar-extension1035326420768047469/extension.zip'
2025-01-29 22:11:46,155 INFO c.h.h.t.HelmChartContainer - [nginx-6595ff594c-flk] [nginx] [52e9b04e] 10.42.0.7 - - [29/Jan/2025:22:11:46 +0000] "GET /hivemq-appending-bar-extension-1.0.0.zip HTTP/1.1" 200 20145 "-" "Java-http-client/21.0.5" "-"
2025-01-29 22:11:46,248 INFO c.h.h.t.HelmChartContainer - [test-hivemq-platform] [hivemq] [d23a66c2] INFO  - [HiveMQ Platform Operator Init App 1.7.0-SNAPSHOT] Copy extension from '/tmp/hivemq-appending-bar-extension1035326420768047469/hivemq-appending-bar-extension' to '/opt/hivemq/extensions/hivemq-appending-bar-extension'
2025-01-29 22:11:46,249 INFO c.h.h.t.HelmChartContainer - [test-hivemq-platform] [hivemq] [d23a66c2] INFO  - [HiveMQ Platform Operator Init App 1.7.0-SNAPSHOT] Found hivemq-extension.xml in folder '/tmp/hivemq-appending-bar-extension1035326420768047469/hivemq-appending-bar-extension/hivemq-appending-bar-extension'
2025-01-29 22:11:46,305 INFO c.h.h.t.HelmChartContainer - [test-hivemq-platform] [hivemq] [d23a66c2] INFO  - [HiveMQ Platform Operator Init App 1.7.0-SNAPSHOT] Configuring priority 2000 for extension hivemq-appending-bar-extension
2025-01-29 22:11:46,305 INFO c.h.h.t.HelmChartContainer - [test-hivemq-platform] [hivemq] [d23a66c2] INFO  - [HiveMQ Platform Operator Init App 1.7.0-SNAPSHOT] Configuring start-priority 2000 for extension hivemq-appending-bar-extension
2025-01-29 22:11:46,739 INFO c.h.h.t.HelmChartContainer - [test-hivemq-platform] [hivemq] [d23a66c2] INFO  - [HiveMQ Platform Operator Init App 1.7.0-SNAPSHOT] Extension hivemq-appending-bar-extension was already enabled
2025-01-29 22:11:46,740 INFO c.h.h.t.HelmChartContainer - [test-hivemq-platform] [hivemq] [d23a66c2] INFO  - [HiveMQ Platform Operator Init App 1.7.0-SNAPSHOT] Installing custom extension hivemq-appending-baz-extension from URL http://nginx-service/hivemq-appending-baz-extension-1.0.0.zip
2025-01-29 22:11:46,740 INFO c.h.h.t.HelmChartContainer - [test-hivemq-platform] [hivemq] [d23a66c2] INFO  - [HiveMQ Platform Operator Init App 1.7.0-SNAPSHOT] Downloading custom extension hivemq-appending-baz-extension into '/tmp/hivemq-appending-baz-extension10985136546713821435/extension.zip'
2025-01-29 22:11:46,743 INFO c.h.h.t.HelmChartContainer - [nginx-6595ff594c-flk] [nginx] [52e9b04e] 10.42.0.7 - - [29/Jan/2025:22:11:46 +0000] "GET /hivemq-appending-baz-extension-1.0.0.zip HTTP/1.1" 200 20145 "-" "Java-http-client/21.0.5" "-"
2025-01-29 22:11:46,747 INFO c.h.h.t.HelmChartContainer - [test-hivemq-platform] [hivemq] [d23a66c2] INFO  - [HiveMQ Platform Operator Init App 1.7.0-SNAPSHOT] Copy extension from '/tmp/hivemq-appending-baz-extension10985136546713821435/hivemq-appending-baz-extension' to '/opt/hivemq/extensions/hivemq-appending-baz-extension'
2025-01-29 22:11:46,747 INFO c.h.h.t.HelmChartContainer - [test-hivemq-platform] [hivemq] [d23a66c2] INFO  - [HiveMQ Platform Operator Init App 1.7.0-SNAPSHOT] Found hivemq-extension.xml in folder '/tmp/hivemq-appending-baz-extension10985136546713821435/hivemq-appending-baz-extension/hivemq-appending-baz-extension'
2025-01-29 22:11:46,752 INFO c.h.h.t.HelmChartContainer - [test-hivemq-platform] [hivemq] [d23a66c2] INFO  - [HiveMQ Platform Operator Init App 1.7.0-SNAPSHOT] Configuring priority 1000 for extension hivemq-appending-baz-extension
2025-01-29 22:11:46,752 INFO c.h.h.t.HelmChartContainer - [test-hivemq-platform] [hivemq] [d23a66c2] INFO  - [HiveMQ Platform Operator Init App 1.7.0-SNAPSHOT] Configuring start-priority 3000 for extension hivemq-appending-baz-extension
2025-01-29 22:11:46,804 INFO c.h.h.t.HelmChartContainer - [test-hivemq-platform] [hivemq] [d23a66c2] INFO  - [HiveMQ Platform Operator Init App 1.7.0-SNAPSHOT] Extension hivemq-appending-baz-extension was already enabled
2025-01-29 22:11:46,804 INFO c.h.h.t.HelmChartContainer - [test-hivemq-platform] [hivemq] [d23a66c2] INFO  - [HiveMQ Platform Operator Init App 1.7.0-SNAPSHOT] Installing custom extension hivemq-appending-foo-extension from URL http://nginx-service/hivemq-appending-foo-extension-1.0.0.zip
2025-01-29 22:11:46,805 INFO c.h.h.t.HelmChartContainer - [test-hivemq-platform] [hivemq] [d23a66c2] INFO  - [HiveMQ Platform Operator Init App 1.7.0-SNAPSHOT] Downloading custom extension hivemq-appending-foo-extension into '/tmp/hivemq-appending-foo-extension4114554975177511498/extension.zip'
2025-01-29 22:11:46,838 INFO c.h.h.t.HelmChartContainer - [nginx-6595ff594c-flk] [nginx] [52e9b04e] 10.42.0.7 - - [29/Jan/2025:22:11:46 +0000] "GET /hivemq-appending-foo-extension-1.0.0.zip HTTP/1.1" 200 20146 "-" "Java-http-client/21.0.5" "-"
2025-01-29 22:11:46,841 INFO c.h.h.t.HelmChartContainer - [test-hivemq-platform] [hivemq] [d23a66c2] INFO  - [HiveMQ Platform Operator Init App 1.7.0-SNAPSHOT] Copy extension from '/tmp/hivemq-appending-foo-extension4114554975177511498/hivemq-appending-foo-extension' to '/opt/hivemq/extensions/hivemq-appending-foo-extension'
2025-01-29 22:11:46,843 INFO c.h.h.t.HelmChartContainer - [test-hivemq-platform] [hivemq] [d23a66c2] INFO  - [HiveMQ Platform Operator Init App 1.7.0-SNAPSHOT] Found hivemq-extension.xml in folder '/tmp/hivemq-appending-foo-extension4114554975177511498/hivemq-appending-foo-extension/hivemq-appending-foo-extension'
2025-01-29 22:11:46,845 INFO c.h.h.t.HelmChartContainer - [test-hivemq-platform] [hivemq] [d23a66c2] INFO  - [HiveMQ Platform Operator Init App 1.7.0-SNAPSHOT] Configuring priority 3000 for extension hivemq-appending-foo-extension
2025-01-29 22:11:46,846 INFO c.h.h.t.HelmChartContainer - [test-hivemq-platform] [hivemq] [d23a66c2] INFO  - [HiveMQ Platform Operator Init App 1.7.0-SNAPSHOT] Configuring start-priority 1000 for extension hivemq-appending-foo-extension
2025-01-29 22:11:46,852 INFO c.h.h.t.HelmChartContainer - [test-hivemq-platform] [hivemq] [d23a66c2] INFO  - [HiveMQ Platform Operator Init App 1.7.0-SNAPSHOT] Extension hivemq-appending-foo-extension was already enabled
2025-01-29 22:11:46,942 INFO c.h.h.t.HelmChartContainer - [test-hivemq-platform] [hivemq] [d23a66c2] INFO  - [HiveMQ Platform Operator Init App 1.7.0-SNAPSHOT] Successfully enabled extension hivemq-prometheus-extension
2025-01-29 22:11:46,943 INFO c.h.h.t.HelmChartContainer - [test-hivemq-platform] [hivemq] [d23a66c2] INFO  - [HiveMQ Platform Operator Init App 1.7.0-SNAPSHOT] Starting HiveMQ Platform version 4.36.0 (4.36.0)
2025-01-29 22:11:46,943 INFO c.h.h.t.HelmChartContainer - [test-hivemq-platform] [hivemq] [d23a66c2] INFO  - [HiveMQ Platform Operator Init App 1.7.0-SNAPSHOT] Configuring the HiveMQ Platform
2025-01-29 22:11:47,003 INFO c.h.h.t.HelmChartContainer - [test-hivemq-platform] [hivemq] [d23a66c2] INFO  - [HiveMQ Platform Operator Init App 1.7.0-SNAPSHOT] Changed logback.xml file scan period to 20 seconds
2025-01-29 22:11:47,043 INFO c.h.h.t.HelmChartContainer - [test-hivemq-platform] [hivemq] [d23a66c2] INFO  - [HiveMQ Platform Operator Init App 1.7.0-SNAPSHOT] Starting the HiveMQ Platform
2025-01-29 22:11:47,045 INFO c.h.h.t.HelmChartContainer - [test-hivemq-platform] [hivemq] [d23a66c2] -------------------------------------------------------------------------
2025-01-29 22:11:47,046 INFO c.h.h.t.HelmChartContainer - [test-hivemq-platform] [hivemq] [d23a66c2] 
2025-01-29 22:11:47,046 INFO c.h.h.t.HelmChartContainer - [test-hivemq-platform] [hivemq] [d23a66c2]                   _    _  _              __  __   ____
2025-01-29 22:11:47,046 INFO c.h.h.t.HelmChartContainer - [test-hivemq-platform] [hivemq] [d23a66c2]                  | |  | |(_)            |  \/  | / __ \
2025-01-29 22:11:47,046 INFO c.h.h.t.HelmChartContainer - [test-hivemq-platform] [hivemq] [d23a66c2]                  | |__| | _ __   __ ___ | \  / || |  | |
2025-01-29 22:11:47,046 INFO c.h.h.t.HelmChartContainer - [test-hivemq-platform] [hivemq] [d23a66c2]                  |  __  || |\ \ / // _ \| |\/| || |  | |
2025-01-29 22:11:47,046 INFO c.h.h.t.HelmChartContainer - [test-hivemq-platform] [hivemq] [d23a66c2]                  | |  | || | \ V /|  __/| |  | || |__| |
2025-01-29 22:11:47,046 INFO c.h.h.t.HelmChartContainer - [test-hivemq-platform] [hivemq] [d23a66c2]                  |_|  |_||_|  \_/  \___||_|  |_| \___\_\
2025-01-29 22:11:47,046 INFO c.h.h.t.HelmChartContainer - [test-hivemq-platform] [hivemq] [d23a66c2] 
2025-01-29 22:11:47,046 INFO c.h.h.t.HelmChartContainer - [test-hivemq-platform] [hivemq] [d23a66c2] -------------------------------------------------------------------------
2025-01-29 22:11:47,046 INFO c.h.h.t.HelmChartContainer - [test-hivemq-platform] [hivemq] [d23a66c2] 
2025-01-29 22:11:47,046 INFO c.h.h.t.HelmChartContainer - [test-hivemq-platform] [hivemq] [d23a66c2]   HiveMQ Start Script for Linux/Unix v1.14
2025-01-29 22:11:47,047 INFO c.h.h.t.HelmChartContainer - [test-hivemq-platform] [hivemq] [d23a66c2] 
2025-01-29 22:11:47,145 INFO c.h.h.t.HelmChartContainer - [test-hivemq-platform] [hivemq] [d23a66c2] -------------------------------------------------------------------------
2025-01-29 22:11:47,145 INFO c.h.h.t.HelmChartContainer - [test-hivemq-platform] [hivemq] [d23a66c2] 
2025-01-29 22:11:47,145 INFO c.h.h.t.HelmChartContainer - [test-hivemq-platform] [hivemq] [d23a66c2]   HIVEMQ_HOME: /opt/hivemq
2025-01-29 22:11:47,145 INFO c.h.h.t.HelmChartContainer - [test-hivemq-platform] [hivemq] [d23a66c2] 
2025-01-29 22:11:47,145 INFO c.h.h.t.HelmChartContainer - [test-hivemq-platform] [hivemq] [d23a66c2]   JAVA_OPTS: -XX:+UnlockExperimentalVMOptions -XX:InitialRAMPercentage=50 -XX:MaxRAMPercentage=50 -Djava.net.preferIPv4Stack=true --add-opens java.base/java.lang=ALL-UNNAMED --add-opens java.base/java.nio=ALL-UNNAMED --add-opens java.base/sun.nio.ch=ALL-UNNAMED --add-opens jdk.management/com.sun.management.internal=ALL-UNNAMED --add-exports java.base/jdk.internal.misc=ALL-UNNAMED -Djava.security.egd=file:/dev/./urandom -Dcom.sun.management.jmxremote -Dcom.sun.management.jmxremote.port=9010 -Dcom.sun.management.jmxremote.local.only=false -Dcom.sun.management.jmxremote.authenticate=false -Dcom.sun.management.jmxremote.ssl=false -Duser.language=en -Duser.region=US -XX:+CrashOnOutOfMemoryError -XX:+HeapDumpOnOutOfMemoryError
2025-01-29 22:11:47,145 INFO c.h.h.t.HelmChartContainer - [test-hivemq-platform] [hivemq] [d23a66c2] 
2025-01-29 22:11:47,145 INFO c.h.h.t.HelmChartContainer - [test-hivemq-platform] [hivemq] [d23a66c2]   JAVA_VERSION: 21
2025-01-29 22:11:47,145 INFO c.h.h.t.HelmChartContainer - [test-hivemq-platform] [hivemq] [d23a66c2] 
2025-01-29 22:11:47,146 INFO c.h.h.t.HelmChartContainer - [test-hivemq-platform] [hivemq] [d23a66c2] -------------------------------------------------------------------------
2025-01-29 22:11:47,146 INFO c.h.h.t.HelmChartContainer - [test-hivemq-platform] [hivemq] [d23a66c2] 
2025-01-29 22:11:48,203 INFO c.h.h.t.HelmChartContainer - [test-hivemq-platform] [hivemq] [d23a66c2] INFO  - [HiveMQ Platform Operator Init App 1.7.0-SNAPSHOT] Returning default Health API response 503 for readiness
2025-01-29 22:11:48,542 INFO c.h.h.t.HelmChartContainer - [EVENT] Warning [Unhealthy] Readiness probe failed: HTTP probe failed with statuscode: 503 [helmextensionpriorityit:test-hivemq-platform-0]
2025-01-29 22:11:48,542 INFO c.h.h.t.HelmChartContainer - Received Unhealthy event for container hivemq in pod test-hivemq-platform-0 [d23a66c2-3ee3-4449-a4c8-57b0c890aed4]
2025-01-29 22:11:49,663 INFO c.h.h.t.HelmChartContainer - [K3S] [range_allocator.go:247] "Successfully synced" key="43acab72dce7"
2025-01-29 22:11:49,705 INFO c.h.h.t.HelmChartContainer - [test-hivemq-platform] [hivemq] [d23a66c2] INFO  - Starting HiveMQ Enterprise Server
2025-01-29 22:11:49,743 INFO c.h.h.t.HelmChartContainer - [test-hivemq-platform] [hivemq] [d23a66c2] INFO  - HiveMQ version: 4.36.0
2025-01-29 22:11:49,744 INFO c.h.h.t.HelmChartContainer - [test-hivemq-platform] [hivemq] [d23a66c2] INFO  - HiveMQ home directory: /opt/hivemq
2025-01-29 22:11:49,744 INFO c.h.h.t.HelmChartContainer - [test-hivemq-platform] [hivemq] [d23a66c2] INFO  - Log Configuration was overridden by /opt/hivemq/conf/logback.xml
2025-01-29 22:11:51,247 INFO c.h.h.t.HelmChartContainer - [test-hivemq-platform] [hivemq] [d23a66c2] INFO  - Successfully loaded configuration from '/opt/hivemq/conf-k8s/config.xml'.
2025-01-29 22:11:52,204 INFO c.h.h.t.HelmChartContainer - [test-hivemq-platform] [hivemq] [d23a66c2] INFO  - This node's ID is LJCOV
2025-01-29 22:11:52,239 INFO c.h.h.t.HelmChartContainer - [test-hivemq-platform] [hivemq] [d23a66c2] INFO  - Clustering is enabled
2025-01-29 22:11:52,256 INFO c.h.h.t.HelmChartContainer - [hivemq-test-hivemq-platform] [hivemq-platform-operator] [b6c4fdf4] 22:11:52.254 [pool-6-thread-8] DEBUG c.h.p.o.d.PlatformServiceResource - [helmexte] Desired Platform services (2 services)
2025-01-29 22:11:52,259 INFO c.h.h.t.HelmChartContainer - [hivemq-test-hivemq-platform] [hivemq-platform-operator] [b6c4fdf4] 22:11:52.256 [pool-6-thread-9] DEBUG c.h.p.o.dependants.PodInfoConfigMap - [helmexte] Desired PodInfo ConfigMap (3 extensions) (3 enabled)
2025-01-29 22:11:52,259 INFO c.h.h.t.HelmChartContainer - [hivemq-test-hivemq-platform] [hivemq-platform-operator] [b6c4fdf4] 22:11:52.257 [pool-6-thread-9] DEBUG c.h.p.o.dependants.PodInfoConfigMap - [helmexte] Desired PodInfo ConfigMap (metrics port: 9399) (metrics path: /)
2025-01-29 22:11:52,259 INFO c.h.h.t.HelmChartContainer - [hivemq-test-hivemq-platform] [hivemq-platform-operator] [b6c4fdf4] 22:11:52.257 [pool-6-thread-9] DEBUG c.h.p.o.dependants.PodInfoConfigMap - [helmexte] Desired PodInfo ConfigMap (extension state hash: 687648868)
2025-01-29 22:11:52,261 INFO c.h.h.t.HelmChartContainer - [hivemq-test-hivemq-platform] [hivemq-platform-operator] [b6c4fdf4] 22:11:52.258 [pool-6-thread-4] DEBUG c.h.p.o.d.PodServiceAccountResource - [helmexte] Desired PodServiceAccountResource (serviceAccountName: hivemq-platform-pod-test-hivemq-platform)
2025-01-29 22:11:52,268 INFO c.h.h.t.HelmChartContainer - [hivemq-test-hivemq-platform] [hivemq-platform-operator] [b6c4fdf4] 22:11:52.267 [pool-6-thread-8] DEBUG c.h.p.o.d.StatefulSetResource - [helmexte] Desired StatefulSet (1 replicas) for status STARTING (READY)
2025-01-29 22:11:52,335 INFO c.h.h.t.HelmChartContainer - [hivemq-test-hivemq-platform] [hivemq-platform-operator] [b6c4fdf4] 22:11:52.334 [ReconcilerExecutor-hivemq-controller-109] INFO  c.h.p.o.HiveMQPlatformReconciler - [helmexte] Reconciling HiveMQ Platform 'test-hivemq-platform' in namespace 'helmextensionpriorityit'
2025-01-29 22:11:52,335 INFO c.h.h.t.HelmChartContainer - [hivemq-test-hivemq-platform] [hivemq-platform-operator] [b6c4fdf4] 22:11:52.334 [ReconcilerExecutor-hivemq-controller-109] DEBUG c.h.p.o.HiveMQPlatformReconciler - [helmexte] Custom Resource Status STARTING - HiveMQ Platform is starting (READY)
2025-01-29 22:11:52,335 INFO c.h.h.t.HelmChartContainer - [hivemq-test-hivemq-platform] [hivemq-platform-operator] [b6c4fdf4] 22:11:52.334 [ReconcilerExecutor-hivemq-controller-109] DEBUG c.h.p.o.HiveMQPlatformReconciler - [helmexte] Custom Resource Spec (replicas: 1) (extensions: 3)
2025-01-29 22:11:52,344 INFO c.h.h.t.HelmChartContainer - [hivemq-test-hivemq-platform] [hivemq-platform-operator] [b6c4fdf4] 22:11:52.341 [ReconcilerExecutor-hivemq-controller-109] DEBUG c.h.p.o.HiveMQPlatformReconciler - [helmexte] StatefulSet Status (revision: test-hivemq-platform-6fd78546f5, replicas: 1, available: 0, ready: 0, current: 1, updated: 1)
2025-01-29 22:11:52,345 INFO c.h.h.t.HelmChartContainer - [hivemq-test-hivemq-platform] [hivemq-platform-operator] [b6c4fdf4] 22:11:52.341 [ReconcilerExecutor-hivemq-controller-109] DEBUG c.h.p.o.HiveMQPlatformReconciler - [helmexte] StatefulSet Spec (replicas: 1, init containers: 1, containers: 1, volumes: 3)
2025-01-29 22:11:52,351 INFO c.h.h.t.HelmChartContainer - [hivemq-test-hivemq-platform] [hivemq-platform-operator] [b6c4fdf4] 22:11:52.347 [ReconcilerExecutor-hivemq-controller-109] DEBUG c.h.p.o.h.HiveMQPlatformReconcilerErrorHandler - [helmexte] Pod 'test-hivemq-platform-0' phase Running
2025-01-29 22:11:52,351 INFO c.h.h.t.HelmChartContainer - [hivemq-test-hivemq-platform] [hivemq-platform-operator] [b6c4fdf4] 22:11:52.350 [ReconcilerExecutor-hivemq-controller-109] INFO  c.h.p.o.h.HiveMQPlatformReconcilerBaseHandler - [helmexte] HiveMQ Platform is starting, 0 of 1 replicas are ready
2025-01-29 22:11:53,243 INFO c.h.h.t.HelmChartContainer - [test-hivemq-platform] [hivemq] [d23a66c2] WARN  - [HiveMQ Platform Operator Init App 1.7.0-SNAPSHOT] Cannot connect to Health API for readiness: null
2025-01-29 22:11:53,307 INFO c.h.h.t.HelmChartContainer - [EVENT] Warning [Unhealthy] Readiness probe failed: HTTP probe failed with statuscode: 503 [helmextensionpriorityit:test-hivemq-platform-0]
2025-01-29 22:11:53,307 INFO c.h.h.t.HelmChartContainer - Received Unhealthy event for container hivemq in pod test-hivemq-platform-0 [d23a66c2-3ee3-4449-a4c8-57b0c890aed4]
2025-01-29 22:11:55,943 INFO c.h.h.t.HelmChartContainer - [test-hivemq-platform] [hivemq] [d23a66c2] Jan 29, 2025 10:11:55 PM io.vertx.core.impl.BlockedThreadChecker
2025-01-29 22:11:55,943 INFO c.h.h.t.HelmChartContainer - [test-hivemq-platform] [hivemq] [d23a66c2] WARNING: Thread Thread[vert.x-eventloop-thread-1,5,main] has been blocked for 2533 ms, time limit is 2000 ms
2025-01-29 22:11:56,104 INFO c.h.h.t.HelmChartContainer - [test-hivemq-platform] [hivemq] [d23a66c2] INFO  - [HiveMQ Platform Operator Init App 1.7.0-SNAPSHOT] Updating Pod HiveMQ Platform Operator Init App version annotation (version: 1.7.0-SNAPSHOT)
2025-01-29 22:11:56,752 INFO c.h.h.t.HelmChartContainer - [POD] test-hivemq-platform-0 [d23a66c2-3ee3-4449-a4c8-57b0c890aed4] in helmextensionpriorityit was MODIFIED
2025-01-29 22:11:56,758 INFO c.h.h.t.HelmChartContainer - [hivemq-test-hivemq-platform] [hivemq-platform-operator] [b6c4fdf4] 22:11:56.756 [pool-6-thread-14] DEBUG c.h.p.o.d.PlatformServiceResource - [helmexte] Desired Platform services (2 services)
2025-01-29 22:11:56,759 INFO c.h.h.t.HelmChartContainer - [hivemq-test-hivemq-platform] [hivemq-platform-operator] [b6c4fdf4] 22:11:56.758 [pool-6-thread-11] DEBUG c.h.p.o.dependants.PodInfoConfigMap - [helmexte] Desired PodInfo ConfigMap (3 extensions) (3 enabled)
2025-01-29 22:11:56,759 INFO c.h.h.t.HelmChartContainer - [hivemq-test-hivemq-platform] [hivemq-platform-operator] [b6c4fdf4] 22:11:56.758 [pool-6-thread-11] DEBUG c.h.p.o.dependants.PodInfoConfigMap - [helmexte] Desired PodInfo ConfigMap (metrics port: 9399) (metrics path: /)
2025-01-29 22:11:56,759 INFO c.h.h.t.HelmChartContainer - [hivemq-test-hivemq-platform] [hivemq-platform-operator] [b6c4fdf4] 22:11:56.758 [pool-6-thread-11] DEBUG c.h.p.o.dependants.PodInfoConfigMap - [helmexte] Desired PodInfo ConfigMap (extension state hash: 687648868)
2025-01-29 22:11:56,763 INFO c.h.h.t.HelmChartContainer - [hivemq-test-hivemq-platform] [hivemq-platform-operator] [b6c4fdf4] 22:11:56.760 [pool-6-thread-15] DEBUG c.h.p.o.d.PodServiceAccountResource - [helmexte] Desired PodServiceAccountResource (serviceAccountName: hivemq-platform-pod-test-hivemq-platform)
2025-01-29 22:11:56,765 INFO c.h.h.t.HelmChartContainer - [hivemq-test-hivemq-platform] [hivemq-platform-operator] [b6c4fdf4] 22:11:56.764 [pool-6-thread-14] DEBUG c.h.p.o.d.StatefulSetResource - [helmexte] Desired StatefulSet (1 replicas) for status STARTING (READY)
2025-01-29 22:11:56,769 INFO c.h.h.t.HelmChartContainer - [hivemq-test-hivemq-platform] [hivemq-platform-operator] [b6c4fdf4] 22:11:56.768 [ReconcilerExecutor-hivemq-controller-110] INFO  c.h.p.o.HiveMQPlatformReconciler - [helmexte] Reconciling HiveMQ Platform 'test-hivemq-platform' in namespace 'helmextensionpriorityit'
2025-01-29 22:11:56,771 INFO c.h.h.t.HelmChartContainer - [hivemq-test-hivemq-platform] [hivemq-platform-operator] [b6c4fdf4] 22:11:56.768 [ReconcilerExecutor-hivemq-controller-110] DEBUG c.h.p.o.HiveMQPlatformReconciler - [helmexte] Custom Resource Status STARTING - HiveMQ Platform is starting (READY)
2025-01-29 22:11:56,771 INFO c.h.h.t.HelmChartContainer - [hivemq-test-hivemq-platform] [hivemq-platform-operator] [b6c4fdf4] 22:11:56.768 [ReconcilerExecutor-hivemq-controller-110] DEBUG c.h.p.o.HiveMQPlatformReconciler - [helmexte] Custom Resource Spec (replicas: 1) (extensions: 3)
2025-01-29 22:11:56,771 INFO c.h.h.t.HelmChartContainer - [hivemq-test-hivemq-platform] [hivemq-platform-operator] [b6c4fdf4] 22:11:56.769 [ReconcilerExecutor-hivemq-controller-110] DEBUG c.h.p.o.HiveMQPlatformReconciler - [helmexte] StatefulSet Status (revision: test-hivemq-platform-6fd78546f5, replicas: 1, available: 0, ready: 0, current: 1, updated: 1)
2025-01-29 22:11:56,771 INFO c.h.h.t.HelmChartContainer - [hivemq-test-hivemq-platform] [hivemq-platform-operator] [b6c4fdf4] 22:11:56.769 [ReconcilerExecutor-hivemq-controller-110] DEBUG c.h.p.o.HiveMQPlatformReconciler - [helmexte] StatefulSet Spec (replicas: 1, init containers: 1, containers: 1, volumes: 3)
2025-01-29 22:11:56,772 INFO c.h.h.t.HelmChartContainer - [hivemq-test-hivemq-platform] [hivemq-platform-operator] [b6c4fdf4] 22:11:56.771 [ReconcilerExecutor-hivemq-controller-110] DEBUG c.h.p.o.h.HiveMQPlatformReconcilerErrorHandler - [helmexte] Pod 'test-hivemq-platform-0' phase Running
2025-01-29 22:11:56,773 INFO c.h.h.t.HelmChartContainer - [hivemq-test-hivemq-platform] [hivemq-platform-operator] [b6c4fdf4] 22:11:56.772 [ReconcilerExecutor-hivemq-controller-110] INFO  c.h.p.o.h.HiveMQPlatformReconcilerBaseHandler - [helmexte] HiveMQ Platform is starting, 0 of 1 replicas are ready
2025-01-29 22:11:56,844 INFO c.h.h.t.HelmChartContainer - [test-hivemq-platform] [hivemq] [d23a66c2] WARN  - [HiveMQ Platform Operator Init App 1.7.0-SNAPSHOT] Cannot connect to Health API for readiness: null
2025-01-29 22:11:56,850 INFO c.h.h.t.HelmChartContainer - [EVENT] Warning [Unhealthy] Readiness probe failed: HTTP probe failed with statuscode: 503 [helmextensionpriorityit:test-hivemq-platform-0]
2025-01-29 22:11:56,850 INFO c.h.h.t.HelmChartContainer - Received Unhealthy event for container hivemq in pod test-hivemq-platform-0 [d23a66c2-3ee3-4449-a4c8-57b0c890aed4]
2025-01-29 22:11:56,940 INFO c.h.h.t.HelmChartContainer - [test-hivemq-platform] [hivemq] [d23a66c2] INFO  - [HiveMQ Platform Operator Init App 1.7.0-SNAPSHOT] Successfully updated Pod HiveMQ Platform Operator Init App version annotation (version: 1.7.0-SNAPSHOT)
2025-01-29 22:12:01,806 INFO c.h.h.t.HelmChartContainer - [test-hivemq-platform] [hivemq] [d23a66c2] WARN  - [HiveMQ Platform Operator Init App 1.7.0-SNAPSHOT] Cannot connect to Health API for readiness: null
2025-01-29 22:12:01,844 INFO c.h.h.t.HelmChartContainer - [EVENT] Warning [Unhealthy] Readiness probe failed: HTTP probe failed with statuscode: 503 [helmextensionpriorityit:test-hivemq-platform-0]
2025-01-29 22:12:01,844 INFO c.h.h.t.HelmChartContainer - Received Unhealthy event for container hivemq in pod test-hivemq-platform-0 [d23a66c2-3ee3-4449-a4c8-57b0c890aed4]
2025-01-29 22:12:06,782 INFO c.h.h.t.HelmChartContainer - [hivemq-test-hivemq-platform] [hivemq-platform-operator] [b6c4fdf4] 22:12:06.779 [pool-6-thread-22] DEBUG c.h.p.o.d.PlatformServiceResource - [helmexte] Desired Platform services (2 services)
2025-01-29 22:12:06,782 INFO c.h.h.t.HelmChartContainer - [hivemq-test-hivemq-platform] [hivemq-platform-operator] [b6c4fdf4] 22:12:06.780 [pool-6-thread-23] DEBUG c.h.p.o.d.PodServiceAccountResource - [helmexte] Desired PodServiceAccountResource (serviceAccountName: hivemq-platform-pod-test-hivemq-platform)
2025-01-29 22:12:06,784 INFO c.h.h.t.HelmChartContainer - [hivemq-test-hivemq-platform] [hivemq-platform-operator] [b6c4fdf4] 22:12:06.782 [pool-6-thread-26] DEBUG c.h.p.o.dependants.PodInfoConfigMap - [helmexte] Desired PodInfo ConfigMap (3 extensions) (3 enabled)
2025-01-29 22:12:06,784 INFO c.h.h.t.HelmChartContainer - [hivemq-test-hivemq-platform] [hivemq-platform-operator] [b6c4fdf4] 22:12:06.782 [pool-6-thread-26] DEBUG c.h.p.o.dependants.PodInfoConfigMap - [helmexte] Desired PodInfo ConfigMap (metrics port: 9399) (metrics path: /)
2025-01-29 22:12:06,785 INFO c.h.h.t.HelmChartContainer - [hivemq-test-hivemq-platform] [hivemq-platform-operator] [b6c4fdf4] 22:12:06.782 [pool-6-thread-26] DEBUG c.h.p.o.dependants.PodInfoConfigMap - [helmexte] Desired PodInfo ConfigMap (extension state hash: 687648868)
2025-01-29 22:12:06,787 INFO c.h.h.t.HelmChartContainer - [hivemq-test-hivemq-platform] [hivemq-platform-operator] [b6c4fdf4] 22:12:06.786 [pool-6-thread-29] DEBUG c.h.p.o.d.StatefulSetResource - [helmexte] Desired StatefulSet (1 replicas) for status STARTING (READY)
2025-01-29 22:12:06,791 INFO c.h.h.t.HelmChartContainer - [hivemq-test-hivemq-platform] [hivemq-platform-operator] [b6c4fdf4] 22:12:06.790 [ReconcilerExecutor-hivemq-controller-111] INFO  c.h.p.o.HiveMQPlatformReconciler - [helmexte] Reconciling HiveMQ Platform 'test-hivemq-platform' in namespace 'helmextensionpriorityit'
2025-01-29 22:12:06,791 INFO c.h.h.t.HelmChartContainer - [hivemq-test-hivemq-platform] [hivemq-platform-operator] [b6c4fdf4] 22:12:06.790 [ReconcilerExecutor-hivemq-controller-111] DEBUG c.h.p.o.HiveMQPlatformReconciler - [helmexte] Custom Resource Status STARTING - HiveMQ Platform is starting (READY)
2025-01-29 22:12:06,791 INFO c.h.h.t.HelmChartContainer - [hivemq-test-hivemq-platform] [hivemq-platform-operator] [b6c4fdf4] 22:12:06.790 [ReconcilerExecutor-hivemq-controller-111] DEBUG c.h.p.o.HiveMQPlatformReconciler - [helmexte] Custom Resource Spec (replicas: 1) (extensions: 3)
2025-01-29 22:12:06,793 INFO c.h.h.t.HelmChartContainer - [hivemq-test-hivemq-platform] [hivemq-platform-operator] [b6c4fdf4] 22:12:06.791 [ReconcilerExecutor-hivemq-controller-111] DEBUG c.h.p.o.HiveMQPlatformReconciler - [helmexte] StatefulSet Status (revision: test-hivemq-platform-6fd78546f5, replicas: 1, available: 0, ready: 0, current: 1, updated: 1)
2025-01-29 22:12:06,793 INFO c.h.h.t.HelmChartContainer - [hivemq-test-hivemq-platform] [hivemq-platform-operator] [b6c4fdf4] 22:12:06.791 [ReconcilerExecutor-hivemq-controller-111] DEBUG c.h.p.o.HiveMQPlatformReconciler - [helmexte] StatefulSet Spec (replicas: 1, init containers: 1, containers: 1, volumes: 3)
2025-01-29 22:12:06,794 INFO c.h.h.t.HelmChartContainer - [hivemq-test-hivemq-platform] [hivemq-platform-operator] [b6c4fdf4] 22:12:06.793 [ReconcilerExecutor-hivemq-controller-111] DEBUG c.h.p.o.h.HiveMQPlatformReconcilerErrorHandler - [helmexte] Pod 'test-hivemq-platform-0' phase Running
2025-01-29 22:12:06,794 INFO c.h.h.t.HelmChartContainer - [hivemq-test-hivemq-platform] [hivemq-platform-operator] [b6c4fdf4] 22:12:06.794 [ReconcilerExecutor-hivemq-controller-111] INFO  c.h.p.o.h.HiveMQPlatformReconcilerBaseHandler - [helmexte] HiveMQ Platform is starting, 0 of 1 replicas are ready
2025-01-29 22:12:06,805 INFO c.h.h.t.HelmChartContainer - [test-hivemq-platform] [hivemq] [d23a66c2] WARN  - [HiveMQ Platform Operator Init App 1.7.0-SNAPSHOT] Cannot connect to Health API for readiness: null
2025-01-29 22:12:06,810 INFO c.h.h.t.HelmChartContainer - [EVENT] Warning [Unhealthy] Readiness probe failed: HTTP probe failed with statuscode: 503 [helmextensionpriorityit:test-hivemq-platform-0]
2025-01-29 22:12:06,810 INFO c.h.h.t.HelmChartContainer - Received Unhealthy event for container hivemq in pod test-hivemq-platform-0 [d23a66c2-3ee3-4449-a4c8-57b0c890aed4]
2025-01-29 22:12:07,648 INFO c.h.h.t.HelmChartContainer - [test-hivemq-platform] [hivemq] [d23a66c2] INFO  - No valid license file found. Using trial license, restricted to 25 connections.
2025-01-29 22:12:10,538 INFO c.h.h.t.HelmChartContainer - [test-hivemq-platform] [hivemq] [d23a66c2] WARN  - [HiveMQ Platform Operator Init App 1.7.0-SNAPSHOT] Cannot connect to Health API for liveness: null
2025-01-29 22:12:10,538 INFO c.h.h.t.HelmChartContainer - [test-hivemq-platform] [hivemq] [d23a66c2] INFO  - [HiveMQ Platform Operator Init App 1.7.0-SNAPSHOT] Returning default Health API response 200 for liveness
2025-01-29 22:12:10,849 INFO c.h.h.t.HelmChartContainer - [test-hivemq-platform] [hivemq] [d23a66c2] INFO  - No valid license file for Data Hub found. Using free license, restricted to 1 policy.
2025-01-29 22:12:11,755 INFO c.h.h.t.HelmChartContainer - [test-hivemq-platform] [hivemq] [d23a66c2] WARN  - [HiveMQ Platform Operator Init App 1.7.0-SNAPSHOT] Cannot connect to Health API for readiness: null
2025-01-29 22:12:11,759 INFO c.h.h.t.HelmChartContainer - [EVENT] Warning [Unhealthy] Readiness probe failed: HTTP probe failed with statuscode: 503 [helmextensionpriorityit:test-hivemq-platform-0]
2025-01-29 22:12:11,760 INFO c.h.h.t.HelmChartContainer - Received Unhealthy event for container hivemq in pod test-hivemq-platform-0 [d23a66c2-3ee3-4449-a4c8-57b0c890aed4]
2025-01-29 22:12:12,246 INFO c.h.h.t.HelmChartContainer - [test-hivemq-platform] [hivemq] [d23a66c2] INFO  - Audit Logger started.
2025-01-29 22:12:12,506 INFO c.h.h.t.HelmChartContainer - [test-hivemq-platform] [hivemq] [d23a66c2] INFO  - This node uses '1' CPU cores.
2025-01-29 22:12:12,537 INFO c.h.h.t.HelmChartContainer - [test-hivemq-platform] [hivemq] [d23a66c2] INFO  - Starting HiveMQ Health API on address 0.0.0.0 and port 8889
2025-01-29 22:12:13,404 INFO c.h.h.t.HelmChartContainer - [test-hivemq-platform] [hivemq] [d23a66c2] INFO  - Started HiveMQ Health API in 866ms
2025-01-29 22:12:13,915 INFO c.h.h.t.HelmChartContainer - [test-hivemq-platform] [hivemq] [d23a66c2] INFO  - Starting HiveMQ extension system.
2025-01-29 22:12:14,147 INFO c.h.h.t.HelmChartContainer - [test-hivemq-platform] [hivemq] [d23a66c2] INFO  - Starting extension with id "hivemq-dns-cluster-discovery" at /opt/hivemq/extensions/hivemq-dns-cluster-discovery
2025-01-29 22:12:14,606 INFO c.h.h.t.HelmChartContainer - [test-hivemq-platform] [hivemq] [d23a66c2] INFO  - Extension "DNS Cluster Discovery Extension" version 4.3.2 started successfully.
2025-01-29 22:12:14,606 INFO c.h.h.t.HelmChartContainer - [test-hivemq-platform] [hivemq] [d23a66c2] INFO  - Starting extension with id "hivemq-appending-baz-extension" at /opt/hivemq/extensions/hivemq-appending-baz-extension
2025-01-29 22:12:14,607 INFO c.h.h.t.HelmChartContainer - [test-hivemq-platform] [hivemq] [d23a66c2] INFO  - HiveMQ Baz-Appending PublishInboundInterceptor Extension started
2025-01-29 22:12:14,640 INFO c.h.h.t.HelmChartContainer - [test-hivemq-platform] [hivemq] [d23a66c2] INFO  - Extension "HiveMQ Appending Baz Extension" version 1.0.0 started successfully.
2025-01-29 22:12:14,641 INFO c.h.h.testcontainer.LogWaiterUtil - TEST Found log pattern on 'test-hivemq-platform-0': .*Extension "HiveMQ Appending Baz Extension" version 1.0.0 started successfully.
2025-01-29 22:12:14,641 INFO c.h.h.t.HelmChartContainer - [test-hivemq-platform] [hivemq] [d23a66c2] INFO  - Starting extension with id "hivemq-appending-bar-extension" at /opt/hivemq/extensions/hivemq-appending-bar-extension
2025-01-29 22:12:14,641 INFO c.h.h.t.HelmChartContainer - [test-hivemq-platform] [hivemq] [d23a66c2] INFO  - HiveMQ Bar-Appending PublishInboundInterceptor Extension started
2025-01-29 22:12:14,641 INFO c.h.h.t.HelmChartContainer - [test-hivemq-platform] [hivemq] [d23a66c2] INFO  - Extension "HiveMQ Appending Bar Extension" version 1.0.0 started successfully.
2025-01-29 22:12:14,641 INFO c.h.h.testcontainer.LogWaiterUtil - TEST Found log pattern on 'test-hivemq-platform-0': .*Extension "HiveMQ Appending Bar Extension" version 1.0.0 started successfully.
2025-01-29 22:12:14,641 INFO c.h.h.t.HelmChartContainer - [test-hivemq-platform] [hivemq] [d23a66c2] INFO  - Starting extension with id "hivemq-appending-foo-extension" at /opt/hivemq/extensions/hivemq-appending-foo-extension
2025-01-29 22:12:14,641 INFO c.h.h.t.HelmChartContainer - [test-hivemq-platform] [hivemq] [d23a66c2] INFO  - HiveMQ Foo-Appending PublishInboundInterceptor Extension started
2025-01-29 22:12:14,641 INFO c.h.h.t.HelmChartContainer - [test-hivemq-platform] [hivemq] [d23a66c2] INFO  - Extension "HiveMQ Appending Foo Extension" version 1.0.0 started successfully.
2025-01-29 22:12:14,641 INFO c.h.h.testcontainer.LogWaiterUtil - TEST Found log pattern on 'test-hivemq-platform-0': .*Extension "HiveMQ Appending Foo Extension" version 1.0.0 started successfully.
2025-01-29 22:12:14,641 INFO c.h.h.t.HelmChartContainer - [test-hivemq-platform] [hivemq] [d23a66c2] INFO  - Starting extension with id "hivemq-prometheus-extension" at /opt/hivemq/extensions/hivemq-prometheus-extension
2025-01-29 22:12:14,744 INFO c.h.h.t.HelmChartContainer - [test-hivemq-platform] [hivemq] [d23a66c2] INFO  - Using TCP cluster transport on address 10.42.0.7 and port 7000
2025-01-29 22:12:14,838 INFO c.h.h.t.HelmChartContainer - [test-hivemq-platform] [hivemq] [d23a66c2] INFO  - Using extension cluster discovery
2025-01-29 22:12:15,544 INFO c.h.h.t.HelmChartContainer - [test-hivemq-platform] [hivemq] [d23a66c2] INFO  - Started Jetty Server exposing Prometheus Servlet on URI http://0.0.0.0:9399/
2025-01-29 22:12:15,544 INFO c.h.h.t.HelmChartContainer - [test-hivemq-platform] [hivemq] [d23a66c2] INFO  - Extension "Prometheus Monitoring Extension" version 4.0.12 started successfully.
2025-01-29 22:12:15,544 INFO c.h.h.t.HelmChartContainer - [test-hivemq-platform] [hivemq] [d23a66c2] INFO  - Starting extension with id "hivemq-allow-all-extension" at /opt/hivemq/extensions/hivemq-allow-all-extension
2025-01-29 22:12:15,544 INFO c.h.h.t.HelmChartContainer - [test-hivemq-platform] [hivemq] [d23a66c2] WARN  - 
2025-01-29 22:12:15,544 INFO c.h.h.t.HelmChartContainer - [test-hivemq-platform] [hivemq] [d23a66c2] ################################################################################################################
2025-01-29 22:12:15,544 INFO c.h.h.t.HelmChartContainer - [test-hivemq-platform] [hivemq] [d23a66c2] # This HiveMQ deployment is not secure! You are lacking Authentication and Authorization.                      #
2025-01-29 22:12:15,544 INFO c.h.h.t.HelmChartContainer - [test-hivemq-platform] [hivemq] [d23a66c2] # Right now any MQTT client can connect to the broker with a full set of permissions.                          #
2025-01-29 22:12:15,544 INFO c.h.h.t.HelmChartContainer - [test-hivemq-platform] [hivemq] [d23a66c2] # For production usage, add an appropriate security extension and remove the hivemq-allow-all extension.       #
2025-01-29 22:12:15,544 INFO c.h.h.t.HelmChartContainer - [test-hivemq-platform] [hivemq] [d23a66c2] # You can download security extensions from the HiveMQ Marketplace (https://www.hivemq.com/extensions/).       #
2025-01-29 22:12:15,544 INFO c.h.h.t.HelmChartContainer - [test-hivemq-platform] [hivemq] [d23a66c2] ################################################################################################################
2025-01-29 22:12:15,544 INFO c.h.h.t.HelmChartContainer - [test-hivemq-platform] [hivemq] [d23a66c2] INFO  - Extension "Allow All Extension" version 1.1.1 started successfully.
2025-01-29 22:12:16,801 INFO c.h.h.t.HelmChartContainer - [hivemq-test-hivemq-platform] [hivemq-platform-operator] [b6c4fdf4] 22:12:16.799 [pool-6-thread-36] DEBUG c.h.p.o.d.PlatformServiceResource - [helmexte] Desired Platform services (2 services)
2025-01-29 22:12:16,802 INFO c.h.h.t.HelmChartContainer - [hivemq-test-hivemq-platform] [hivemq-platform-operator] [b6c4fdf4] 22:12:16.799 [pool-6-thread-38] DEBUG c.h.p.o.dependants.PodInfoConfigMap - [helmexte] Desired PodInfo ConfigMap (3 extensions) (3 enabled)
2025-01-29 22:12:16,802 INFO c.h.h.t.HelmChartContainer - [hivemq-test-hivemq-platform] [hivemq-platform-operator] [b6c4fdf4] 22:12:16.799 [pool-6-thread-38] DEBUG c.h.p.o.dependants.PodInfoConfigMap - [helmexte] Desired PodInfo ConfigMap (metrics port: 9399) (metrics path: /)
2025-01-29 22:12:16,802 INFO c.h.h.t.HelmChartContainer - [hivemq-test-hivemq-platform] [hivemq-platform-operator] [b6c4fdf4] 22:12:16.800 [pool-6-thread-38] DEBUG c.h.p.o.dependants.PodInfoConfigMap - [helmexte] Desired PodInfo ConfigMap (extension state hash: 687648868)
2025-01-29 22:12:16,802 INFO c.h.h.t.HelmChartContainer - [hivemq-test-hivemq-platform] [hivemq-platform-operator] [b6c4fdf4] 22:12:16.800 [pool-6-thread-34] DEBUG c.h.p.o.d.PodServiceAccountResource - [helmexte] Desired PodServiceAccountResource (serviceAccountName: hivemq-platform-pod-test-hivemq-platform)
2025-01-29 22:12:16,807 INFO c.h.h.t.HelmChartContainer - [hivemq-test-hivemq-platform] [hivemq-platform-operator] [b6c4fdf4] 22:12:16.806 [pool-6-thread-39] DEBUG c.h.p.o.d.StatefulSetResource - [helmexte] Desired StatefulSet (1 replicas) for status STARTING (READY)
2025-01-29 22:12:16,813 INFO c.h.h.t.HelmChartContainer - [hivemq-test-hivemq-platform] [hivemq-platform-operator] [b6c4fdf4] 22:12:16.811 [ReconcilerExecutor-hivemq-controller-112] INFO  c.h.p.o.HiveMQPlatformReconciler - [helmexte] Reconciling HiveMQ Platform 'test-hivemq-platform' in namespace 'helmextensionpriorityit'
2025-01-29 22:12:16,814 INFO c.h.h.t.HelmChartContainer - [hivemq-test-hivemq-platform] [hivemq-platform-operator] [b6c4fdf4] 22:12:16.811 [ReconcilerExecutor-hivemq-controller-112] DEBUG c.h.p.o.HiveMQPlatformReconciler - [helmexte] Custom Resource Status STARTING - HiveMQ Platform is starting (READY)
2025-01-29 22:12:16,814 INFO c.h.h.t.HelmChartContainer - [hivemq-test-hivemq-platform] [hivemq-platform-operator] [b6c4fdf4] 22:12:16.811 [ReconcilerExecutor-hivemq-controller-112] DEBUG c.h.p.o.HiveMQPlatformReconciler - [helmexte] Custom Resource Spec (replicas: 1) (extensions: 3)
2025-01-29 22:12:16,814 INFO c.h.h.t.HelmChartContainer - [hivemq-test-hivemq-platform] [hivemq-platform-operator] [b6c4fdf4] 22:12:16.812 [ReconcilerExecutor-hivemq-controller-112] DEBUG c.h.p.o.HiveMQPlatformReconciler - [helmexte] StatefulSet Status (revision: test-hivemq-platform-6fd78546f5, replicas: 1, available: 0, ready: 0, current: 1, updated: 1)
2025-01-29 22:12:16,814 INFO c.h.h.t.HelmChartContainer - [hivemq-test-hivemq-platform] [hivemq-platform-operator] [b6c4fdf4] 22:12:16.812 [ReconcilerExecutor-hivemq-controller-112] DEBUG c.h.p.o.HiveMQPlatformReconciler - [helmexte] StatefulSet Spec (replicas: 1, init containers: 1, containers: 1, volumes: 3)
2025-01-29 22:12:16,815 INFO c.h.h.t.HelmChartContainer - [hivemq-test-hivemq-platform] [hivemq-platform-operator] [b6c4fdf4] 22:12:16.814 [ReconcilerExecutor-hivemq-controller-112] DEBUG c.h.p.o.h.HiveMQPlatformReconcilerErrorHandler - [helmexte] Pod 'test-hivemq-platform-0' phase Running
2025-01-29 22:12:16,831 INFO c.h.h.t.HelmChartContainer - [hivemq-test-hivemq-platform] [hivemq-platform-operator] [b6c4fdf4] 22:12:16.830 [ReconcilerExecutor-hivemq-controller-112] INFO  c.h.p.o.h.HiveMQPlatformReconcilerBaseHandler - [helmexte] HiveMQ Platform is starting, 0 of 1 replicas are ready
2025-01-29 22:12:17,052 INFO c.h.h.t.HelmChartContainer - [test-hivemq-platform] [hivemq] [d23a66c2] INFO  - [HiveMQ Platform Operator Init App 1.7.0-SNAPSHOT] Returning Health API response 503 for readiness
2025-01-29 22:12:17,058 INFO c.h.h.t.HelmChartContainer - [EVENT] Warning [Unhealthy] Readiness probe failed: HTTP probe failed with statuscode: 503 [helmextensionpriorityit:test-hivemq-platform-0]
2025-01-29 22:12:17,058 INFO c.h.h.t.HelmChartContainer - Received Unhealthy event for container hivemq in pod test-hivemq-platform-0 [d23a66c2-3ee3-4449-a4c8-57b0c890aed4]
2025-01-29 22:12:17,702 INFO c.h.h.t.HelmChartContainer - [test-hivemq-platform] [hivemq] [d23a66c2] INFO  - LJCOV: no members discovered after 2362 ms: creating cluster as first member
2025-01-29 22:12:17,708 INFO c.h.h.t.HelmChartContainer - [test-hivemq-platform] [hivemq] [d23a66c2] INFO  - Cluster nodes found by discovery: [LJCOV|0] (1) [LJCOV].
2025-01-29 22:12:17,802 INFO c.h.h.t.HelmChartContainer - [test-hivemq-platform] [hivemq] [d23a66c2] WARN  - No user for HiveMQ Control Center configured. Starting with default user
2025-01-29 22:12:17,802 INFO c.h.h.t.HelmChartContainer - [test-hivemq-platform] [hivemq] [d23a66c2] INFO  - Starting HiveMQ Control Center on address 127.0.0.1 and port 8080
2025-01-29 22:12:17,804 INFO c.h.h.t.HelmChartContainer - [test-hivemq-platform] [hivemq] [d23a66c2] INFO  - Mounting HiveMQ Control Center V2 Preview
2025-01-29 22:12:18,320 INFO c.h.h.t.HelmChartContainer - [test-hivemq-platform] [hivemq] [d23a66c2] INFO  - Started HiveMQ Control Center in 518ms
2025-01-29 22:12:18,404 INFO c.h.h.t.HelmChartContainer - [test-hivemq-platform] [hivemq] [d23a66c2] INFO  - Starting TCP listener on address 0.0.0.0 and port 1884
2025-01-29 22:12:18,419 INFO c.h.h.t.HelmChartContainer - [test-hivemq-platform] [hivemq] [d23a66c2] INFO  - Started TCP Listener on address 0.0.0.0 and on port 1884.
2025-01-29 22:12:18,419 INFO c.h.h.t.HelmChartContainer - [test-hivemq-platform] [hivemq] [d23a66c2] INFO  - Started HiveMQ in 29079ms
2025-01-29 22:12:21,757 INFO c.h.h.t.HelmChartContainer - [test-hivemq-platform] [hivemq] [d23a66c2] INFO  - [HiveMQ Platform Operator Init App 1.7.0-SNAPSHOT] Returning Health API response 200 for readiness
2025-01-29 22:12:21,773 INFO c.h.h.t.HelmChartContainer - [POD] test-hivemq-platform-0 [d23a66c2-3ee3-4449-a4c8-57b0c890aed4] in helmextensionpriorityit was MODIFIED
2025-01-29 22:12:21,788 INFO c.h.h.t.HelmChartContainer - [hivemq-test-hivemq-platform] [hivemq-platform-operator] [b6c4fdf4] 22:12:21.774 [pool-6-thread-46] DEBUG c.h.p.o.d.PlatformServiceResource - [helmexte] Desired Platform services (2 services)
2025-01-29 22:12:21,793 INFO c.h.h.t.HelmChartContainer - [hivemq-test-hivemq-platform] [hivemq-platform-operator] [b6c4fdf4] 22:12:21.775 [pool-6-thread-45] DEBUG c.h.p.o.dependants.PodInfoConfigMap - [helmexte] Desired PodInfo ConfigMap (3 extensions) (3 enabled)
2025-01-29 22:12:21,796 INFO c.h.h.t.HelmChartContainer - [hivemq-test-hivemq-platform] [hivemq-platform-operator] [b6c4fdf4] 22:12:21.775 [pool-6-thread-45] DEBUG c.h.p.o.dependants.PodInfoConfigMap - [helmexte] Desired PodInfo ConfigMap (metrics port: 9399) (metrics path: /)
2025-01-29 22:12:21,796 INFO c.h.h.t.HelmChartContainer - [hivemq-test-hivemq-platform] [hivemq-platform-operator] [b6c4fdf4] 22:12:21.775 [pool-6-thread-45] DEBUG c.h.p.o.dependants.PodInfoConfigMap - [helmexte] Desired PodInfo ConfigMap (extension state hash: 687648868)
2025-01-29 22:12:21,797 INFO c.h.h.t.HelmChartContainer - [hivemq-test-hivemq-platform] [hivemq-platform-operator] [b6c4fdf4] 22:12:21.777 [pool-6-thread-47] DEBUG c.h.p.o.d.PodServiceAccountResource - [helmexte] Desired PodServiceAccountResource (serviceAccountName: hivemq-platform-pod-test-hivemq-platform)
2025-01-29 22:12:21,797 INFO c.h.h.t.HelmChartContainer - [hivemq-test-hivemq-platform] [hivemq-platform-operator] [b6c4fdf4] 22:12:21.783 [pool-6-thread-45] DEBUG c.h.p.o.d.StatefulSetResource - [helmexte] Desired StatefulSet (1 replicas) for status STARTING (READY)
2025-01-29 22:12:21,832 INFO c.h.h.t.HelmChartContainer - [hivemq-test-hivemq-platform] [hivemq-platform-operator] [b6c4fdf4] 22:12:21.830 [ReconcilerExecutor-hivemq-controller-113] INFO  c.h.p.o.HiveMQPlatformReconciler - [helmexte] Reconciling HiveMQ Platform 'test-hivemq-platform' in namespace 'helmextensionpriorityit'
2025-01-29 22:12:21,832 INFO c.h.h.t.HelmChartContainer - [hivemq-test-hivemq-platform] [hivemq-platform-operator] [b6c4fdf4] 22:12:21.830 [ReconcilerExecutor-hivemq-controller-113] DEBUG c.h.p.o.HiveMQPlatformReconciler - [helmexte] Custom Resource Status STARTING - HiveMQ Platform is starting (READY)
2025-01-29 22:12:21,832 INFO c.h.h.t.HelmChartContainer - [hivemq-test-hivemq-platform] [hivemq-platform-operator] [b6c4fdf4] 22:12:21.830 [ReconcilerExecutor-hivemq-controller-113] DEBUG c.h.p.o.HiveMQPlatformReconciler - [helmexte] Custom Resource Spec (replicas: 1) (extensions: 3)
2025-01-29 22:12:21,836 INFO c.h.h.t.HelmChartContainer - [hivemq-test-hivemq-platform] [hivemq-platform-operator] [b6c4fdf4] 22:12:21.834 [ReconcilerExecutor-hivemq-controller-113] DEBUG c.h.p.o.HiveMQPlatformReconciler - [helmexte] StatefulSet Status (revision: test-hivemq-platform-6fd78546f5, replicas: 1, available: 0, ready: 0, current: 1, updated: 1)
2025-01-29 22:12:21,836 INFO c.h.h.t.HelmChartContainer - [hivemq-test-hivemq-platform] [hivemq-platform-operator] [b6c4fdf4] 22:12:21.834 [ReconcilerExecutor-hivemq-controller-113] DEBUG c.h.p.o.HiveMQPlatformReconciler - [helmexte] StatefulSet Spec (replicas: 1, init containers: 1, containers: 1, volumes: 3)
2025-01-29 22:12:21,837 INFO c.h.h.t.HelmChartContainer - [hivemq-test-hivemq-platform] [hivemq-platform-operator] [b6c4fdf4] 22:12:21.835 [ReconcilerExecutor-hivemq-controller-113] DEBUG c.h.p.o.h.HiveMQPlatformReconcilerErrorHandler - [helmexte] Pod 'test-hivemq-platform-0' phase Running
2025-01-29 22:12:21,838 INFO c.h.h.t.HelmChartContainer - [hivemq-test-hivemq-platform] [hivemq-platform-operator] [b6c4fdf4] 22:12:21.837 [ReconcilerExecutor-hivemq-controller-113] INFO  c.h.p.o.h.HiveMQPlatformReconcilerBaseHandler - [helmexte] HiveMQ Platform is starting, 0 of 1 replicas are ready
2025-01-29 22:12:21,844 INFO c.h.h.t.HelmChartContainer - [hivemq-test-hivemq-platform] [hivemq-platform-operator] [b6c4fdf4] 22:12:21.841 [pool-6-thread-2] DEBUG c.h.p.o.dependants.PodInfoConfigMap - [helmexte] Desired PodInfo ConfigMap (3 extensions) (3 enabled)
2025-01-29 22:12:21,846 INFO c.h.h.t.HelmChartContainer - [hivemq-test-hivemq-platform] [hivemq-platform-operator] [b6c4fdf4] 22:12:21.842 [pool-6-thread-2] DEBUG c.h.p.o.dependants.PodInfoConfigMap - [helmexte] Desired PodInfo ConfigMap (metrics port: 9399) (metrics path: /)
2025-01-29 22:12:21,846 INFO c.h.h.t.HelmChartContainer - [hivemq-test-hivemq-platform] [hivemq-platform-operator] [b6c4fdf4] 22:12:21.842 [pool-6-thread-2] DEBUG c.h.p.o.dependants.PodInfoConfigMap - [helmexte] Desired PodInfo ConfigMap (extension state hash: 687648868)
2025-01-29 22:12:21,846 INFO c.h.h.t.HelmChartContainer - [hivemq-test-hivemq-platform] [hivemq-platform-operator] [b6c4fdf4] 22:12:21.842 [pool-6-thread-1] DEBUG c.h.p.o.d.PlatformServiceResource - [helmexte] Desired Platform services (2 services)
2025-01-29 22:12:21,846 INFO c.h.h.t.HelmChartContainer - [hivemq-test-hivemq-platform] [hivemq-platform-operator] [b6c4fdf4] 22:12:21.842 [pool-6-thread-7] DEBUG c.h.p.o.d.PodServiceAccountResource - [helmexte] Desired PodServiceAccountResource (serviceAccountName: hivemq-platform-pod-test-hivemq-platform)
2025-01-29 22:12:21,849 INFO c.h.h.t.HelmChartContainer - [hivemq-test-hivemq-platform] [hivemq-platform-operator] [b6c4fdf4] 22:12:21.848 [pool-6-thread-2] DEBUG c.h.p.o.d.StatefulSetResource - [helmexte] Desired StatefulSet (1 replicas) for status STARTING (READY)
2025-01-29 22:12:21,931 INFO c.h.h.t.HelmChartContainer - [hivemq-test-hivemq-platform] [hivemq-platform-operator] [b6c4fdf4] 22:12:21.930 [ReconcilerExecutor-hivemq-controller-114] INFO  c.h.p.o.HiveMQPlatformReconciler - [helmexte] Reconciling HiveMQ Platform 'test-hivemq-platform' in namespace 'helmextensionpriorityit'
2025-01-29 22:12:21,931 INFO c.h.h.t.HelmChartContainer - [hivemq-test-hivemq-platform] [hivemq-platform-operator] [b6c4fdf4] 22:12:21.930 [ReconcilerExecutor-hivemq-controller-114] DEBUG c.h.p.o.HiveMQPlatformReconciler - [helmexte] Custom Resource Status STARTING - HiveMQ Platform is starting (READY)
2025-01-29 22:12:21,931 INFO c.h.h.t.HelmChartContainer - [hivemq-test-hivemq-platform] [hivemq-platform-operator] [b6c4fdf4] 22:12:21.930 [ReconcilerExecutor-hivemq-controller-114] DEBUG c.h.p.o.HiveMQPlatformReconciler - [helmexte] Custom Resource Spec (replicas: 1) (extensions: 3)
2025-01-29 22:12:21,939 INFO c.h.h.t.HelmChartContainer - [hivemq-test-hivemq-platform] [hivemq-platform-operator] [b6c4fdf4] 22:12:21.932 [ReconcilerExecutor-hivemq-controller-114] DEBUG c.h.p.o.HiveMQPlatformReconciler - [helmexte] StatefulSet Status (revision: test-hivemq-platform-6fd78546f5, replicas: 1, available: 1, ready: 1, current: 1, updated: 1)
2025-01-29 22:12:21,939 INFO c.h.h.t.HelmChartContainer - [hivemq-test-hivemq-platform] [hivemq-platform-operator] [b6c4fdf4] 22:12:21.932 [ReconcilerExecutor-hivemq-controller-114] DEBUG c.h.p.o.HiveMQPlatformReconciler - [helmexte] StatefulSet Spec (replicas: 1, init containers: 1, containers: 1, volumes: 3)
2025-01-29 22:12:21,939 INFO c.h.h.t.HelmChartContainer - [hivemq-test-hivemq-platform] [hivemq-platform-operator] [b6c4fdf4] 22:12:21.933 [ReconcilerExecutor-hivemq-controller-114] DEBUG c.h.p.o.h.HiveMQPlatformReconcilerErrorHandler - [helmexte] Pod 'test-hivemq-platform-0' phase Running
2025-01-29 22:12:21,939 INFO c.h.h.t.HelmChartContainer - [hivemq-test-hivemq-platform] [hivemq-platform-operator] [b6c4fdf4] 22:12:21.934 [ReconcilerExecutor-hivemq-controller-114] INFO  c.h.p.o.h.HiveMQPlatformReconcilerBaseHandler - [helmexte] HiveMQ Platform started successfully
2025-01-29 22:12:22,034 INFO c.h.h.t.HelmChartContainer - [hivemq-test-hivemq-platform] [hivemq-platform-operator] [b6c4fdf4] 22:12:22.033 [ReconcilerExecutor-hivemq-controller-114] DEBUG c.h.p.operator.event.EventSender - [helmexte] Creating K8s event hivemq-platform-ready: [Ready] HiveMQ Platform is ready
2025-01-29 22:12:22,041 INFO c.h.h.t.HelmChartContainer - [EVENT] Normal [Ready] HiveMQ Platform is ready [helmextensionpriorityit:test-hivemq-platform]
2025-01-29 22:12:22,043 INFO c.h.h.t.HelmChartContainer - [hivemq-test-hivemq-platform] [hivemq-platform-operator] [b6c4fdf4] 22:12:22.042 [ReconcilerExecutor-hivemq-controller-114] INFO  c.h.p.o.h.AbstractHiveMQReconcilerStateHandler - [helmexte] Update HiveMQ Platform Status (STARTING [READY] -> RUNNING [READY]): HiveMQ Platform is ready
2025-01-29 22:12:22,051 DEBUG com.hivemq.helmcharts.util.K8sUtil - Comparing actual state 'RUNNING' and waiting for 'RUNNING'
2025-01-29 22:12:32,060 INFO c.h.h.t.HelmChartContainer - [hivemq-test-hivemq-platform] [hivemq-platform-operator] [b6c4fdf4] 22:12:32.056 [pool-6-thread-17] DEBUG c.h.p.o.d.PlatformServiceResource - [helmexte] Desired Platform services (2 services)
2025-01-29 22:12:32,061 INFO c.h.h.t.HelmChartContainer - [hivemq-test-hivemq-platform] [hivemq-platform-operator] [b6c4fdf4] 22:12:32.059 [pool-6-thread-18] DEBUG c.h.p.o.d.PodServiceAccountResource - [helmexte] Desired PodServiceAccountResource (serviceAccountName: hivemq-platform-pod-test-hivemq-platform)
2025-01-29 22:12:32,062 INFO c.h.h.t.HelmChartContainer - [hivemq-test-hivemq-platform] [hivemq-platform-operator] [b6c4fdf4] 22:12:32.061 [pool-6-thread-19] DEBUG c.h.p.o.dependants.PodInfoConfigMap - [helmexte] Desired PodInfo ConfigMap (3 extensions) (3 enabled)
2025-01-29 22:12:32,063 INFO c.h.h.t.HelmChartContainer - [hivemq-test-hivemq-platform] [hivemq-platform-operator] [b6c4fdf4] 22:12:32.061 [pool-6-thread-19] DEBUG c.h.p.o.dependants.PodInfoConfigMap - [helmexte] Desired PodInfo ConfigMap (metrics port: 9399) (metrics path: /)
2025-01-29 22:12:32,063 INFO c.h.h.t.HelmChartContainer - [hivemq-test-hivemq-platform] [hivemq-platform-operator] [b6c4fdf4] 22:12:32.061 [pool-6-thread-19] DEBUG c.h.p.o.dependants.PodInfoConfigMap - [helmexte] Desired PodInfo ConfigMap (extension state hash: 687648868)
2025-01-29 22:12:32,063 INFO c.h.h.t.HelmChartContainer - [hivemq-test-hivemq-platform] [hivemq-platform-operator] [b6c4fdf4] 22:12:32.062 [pool-6-thread-19] DEBUG c.h.p.o.dependants.PodInfoConfigMap - [helmexte] Update PodInfo ConfigMap
2025-01-29 22:12:32,074 INFO c.h.h.t.HelmChartContainer - [hivemq-test-hivemq-platform] [hivemq-platform-operator] [b6c4fdf4] 22:12:32.071 [pool-6-thread-19] DEBUG c.h.p.o.d.StatefulSetResource - [helmexte] Desired StatefulSet (1 replicas) for status RUNNING (READY)
2025-01-29 22:12:32,130 INFO c.h.h.t.HelmChartContainer - [hivemq-test-hivemq-platform] [hivemq-platform-operator] [b6c4fdf4] 22:12:32.129 [ReconcilerExecutor-hivemq-controller-115] INFO  c.h.p.o.HiveMQPlatformReconciler - [helmexte] Reconciling HiveMQ Platform 'test-hivemq-platform' in namespace 'helmextensionpriorityit'
2025-01-29 22:12:32,130 INFO c.h.h.t.HelmChartContainer - [hivemq-test-hivemq-platform] [hivemq-platform-operator] [b6c4fdf4] 22:12:32.129 [ReconcilerExecutor-hivemq-controller-115] DEBUG c.h.p.o.HiveMQPlatformReconciler - [helmexte] Custom Resource Status RUNNING - HiveMQ Platform is ready (READY)
2025-01-29 22:12:32,130 INFO c.h.h.t.HelmChartContainer - [hivemq-test-hivemq-platform] [hivemq-platform-operator] [b6c4fdf4] 22:12:32.129 [ReconcilerExecutor-hivemq-controller-115] DEBUG c.h.p.o.HiveMQPlatformReconciler - [helmexte] Custom Resource Spec (replicas: 1) (extensions: 3)
2025-01-29 22:12:32,135 INFO c.h.h.t.HelmChartContainer - [hivemq-test-hivemq-platform] [hivemq-platform-operator] [b6c4fdf4] 22:12:32.132 [ReconcilerExecutor-hivemq-controller-115] DEBUG c.h.p.o.HiveMQPlatformReconciler - [helmexte] StatefulSet Status (revision: test-hivemq-platform-6fd78546f5, replicas: 1, available: 1, ready: 1, current: 1, updated: 1)
2025-01-29 22:12:32,135 INFO c.h.h.t.HelmChartContainer - [hivemq-test-hivemq-platform] [hivemq-platform-operator] [b6c4fdf4] 22:12:32.132 [ReconcilerExecutor-hivemq-controller-115] DEBUG c.h.p.o.HiveMQPlatformReconciler - [helmexte] StatefulSet Spec (replicas: 1, init containers: 1, containers: 1, volumes: 3)
2025-01-29 22:12:32,135 INFO c.h.h.t.HelmChartContainer - [hivemq-test-hivemq-platform] [hivemq-platform-operator] [b6c4fdf4] 22:12:32.133 [ReconcilerExecutor-hivemq-controller-115] DEBUG c.h.p.o.h.HiveMQPlatformReconcilerErrorHandler - [helmexte] Pod 'test-hivemq-platform-0' phase Running
2025-01-29 22:12:32,910 INFO c.h.h.e.HelmExtensionPriorityIT - Client subscribed
2025-01-29 22:12:32,916 INFO c.h.h.e.HelmExtensionPriorityIT - Client published
2025-01-29 22:12:32,922 INFO c.h.h.t.HelmChartContainer - [test-hivemq-platform] [hivemq] [d23a66c2] INFO  - [AppendingFooPublishInboundInterceptorExtensionMain] Modifying payload: test -> test-foo
2025-01-29 22:12:32,922 INFO c.h.h.t.HelmChartContainer - [test-hivemq-platform] [hivemq] [d23a66c2] INFO  - [AppendingBarPublishInboundInterceptorExtensionMain] Modifying payload: test-foo -> test-foo-bar
2025-01-29 22:12:32,922 INFO c.h.h.t.HelmChartContainer - [test-hivemq-platform] [hivemq] [d23a66c2] INFO  - [AppendingBazPublishInboundInterceptorExtensionMain] Modifying payload: test-foo-bar -> test-foo-bar-baz
2025-01-29 22:12:32,956 INFO c.h.h.e.HelmExtensionPriorityIT - Message received by Client
2025-01-29 22:12:34,975 INFO c.h.h.t.HelmChartContainer - Uninstalling release 'test-hivemq-platform' in namespace 'helmextensionpriorityit'...
2025-01-29 22:12:34,975 DEBUG c.h.h.t.HelmChartContainer - Executing helm command: /bin/helm --kubeconfig /etc/rancher/k3s/k3s.yaml uninstall test-hivemq-platform  --wait --timeout 5m0s --cascade foreground --namespace helmextensionpriorityit
2025-01-29 22:12:35,172 INFO c.h.h.t.HelmChartContainer - [hivemq-test-hivemq-platform] [hivemq-platform-operator] [b6c4fdf4] 22:12:35.160 [pool-6-thread-23] DEBUG c.h.p.o.d.PlatformServiceResource - [helmexte] Desired Platform services (2 services)
2025-01-29 22:12:35,172 INFO c.h.h.t.HelmChartContainer - [hivemq-test-hivemq-platform] [hivemq-platform-operator] [b6c4fdf4] 22:12:35.162 [pool-6-thread-27] DEBUG c.h.p.o.d.PodServiceAccountResource - [helmexte] Desired PodServiceAccountResource (serviceAccountName: hivemq-platform-pod-test-hivemq-platform)
2025-01-29 22:12:35,172 INFO c.h.h.t.HelmChartContainer - [hivemq-test-hivemq-platform] [hivemq-platform-operator] [b6c4fdf4] 22:12:35.168 [pool-6-thread-25] DEBUG c.h.p.o.dependants.PodInfoConfigMap - [helmexte] Desired PodInfo ConfigMap (3 extensions) (3 enabled)
2025-01-29 22:12:35,172 INFO c.h.h.t.HelmChartContainer - [hivemq-test-hivemq-platform] [hivemq-platform-operator] [b6c4fdf4] 22:12:35.168 [pool-6-thread-25] DEBUG c.h.p.o.dependants.PodInfoConfigMap - [helmexte] Desired PodInfo ConfigMap (metrics port: 9399) (metrics path: /)
2025-01-29 22:12:35,172 INFO c.h.h.t.HelmChartContainer - [hivemq-test-hivemq-platform] [hivemq-platform-operator] [b6c4fdf4] 22:12:35.168 [pool-6-thread-25] DEBUG c.h.p.o.dependants.PodInfoConfigMap - [helmexte] Desired PodInfo ConfigMap (extension state hash: 687648868)
2025-01-29 22:12:35,233 INFO c.h.h.t.HelmChartContainer - [hivemq-test-hivemq-platform] [hivemq-platform-operator] [b6c4fdf4] 22:12:35.229 [pool-6-thread-25] DEBUG c.h.p.o.d.StatefulSetResource - [helmexte] Desired StatefulSet (1 replicas) for status RUNNING (READY)
2025-01-29 22:12:35,238 INFO c.h.h.t.HelmChartContainer - [hivemq-test-hivemq-platform] [hivemq-platform-operator] [b6c4fdf4] 22:12:35.236 [ReconcilerExecutor-hivemq-controller-116] INFO  c.h.p.o.HiveMQPlatformReconciler - [helmexte] Reconciling HiveMQ Platform 'test-hivemq-platform' in namespace 'helmextensionpriorityit'
2025-01-29 22:12:35,239 INFO c.h.h.t.HelmChartContainer - [hivemq-test-hivemq-platform] [hivemq-platform-operator] [b6c4fdf4] 22:12:35.238 [ReconcilerExecutor-hivemq-controller-116] DEBUG c.h.p.o.HiveMQPlatformReconciler - [helmexte] Custom Resource Status RUNNING - HiveMQ Platform is ready (READY)
2025-01-29 22:12:35,241 INFO c.h.h.t.HelmChartContainer - [hivemq-test-hivemq-platform] [hivemq-platform-operator] [b6c4fdf4] 22:12:35.239 [ReconcilerExecutor-hivemq-controller-116] DEBUG c.h.p.o.HiveMQPlatformReconciler - [helmexte] Custom Resource Spec (replicas: 1) (extensions: 3)
2025-01-29 22:12:35,242 INFO c.h.h.t.HelmChartContainer - [hivemq-test-hivemq-platform] [hivemq-platform-operator] [b6c4fdf4] 22:12:35.241 [ReconcilerExecutor-hivemq-controller-116] WARN  c.h.p.o.h.HiveMQPlatformReconcilerErrorHandler - [helmexte] Could not find ConfigMap 'hivemq-configuration-test-hivemq-platform' for HiveMQ Platform configuration
2025-01-29 22:12:35,344 INFO c.h.h.t.HelmChartContainer - [hivemq-test-hivemq-platform] [hivemq-platform-operator] [b6c4fdf4] 22:12:35.342 [ReconcilerExecutor-hivemq-controller-116] DEBUG c.h.p.operator.event.EventSender - [helmexte] Creating K8s event hivemq-platform-invalid-configuration: [Start] Could not find ConfigMap 'hivemq-configuration-test-hivemq-platform' for HiveMQ Platform configuration
2025-01-29 22:12:35,347 INFO c.h.h.t.HelmChartContainer - [EVENT] Warning [Start] Could not find ConfigMap 'hivemq-configuration-test-hivemq-platform' for HiveMQ Platform configuration [helmextensionpriorityit:test-hivemq-platform]
2025-01-29 22:12:35,350 INFO c.h.h.t.HelmChartContainer - [hivemq-test-hivemq-platform] [hivemq-platform-operator] [b6c4fdf4] 22:12:35.348 [ReconcilerExecutor-hivemq-controller-116] INFO  c.h.p.o.h.AbstractHiveMQReconcilerStateHandler - [helmexte] Update HiveMQ Platform Status (RUNNING [READY] -> ERROR [INVALID_CONFIG_MAP]): Could not find ConfigMap 'hivemq-configuration-test-hivemq-platform' for HiveMQ Platform configuration
2025-01-29 22:12:35,436 INFO c.h.h.t.HelmChartContainer - [hivemq-test-hivemq-platform] [hivemq-platform-operator] [b6c4fdf4] 22:12:35.431 [ReconcilerExecutor-hivemq-controller-116] ERROR i.j.o.p.event.EventProcessor - Error during event processing ExecutionScope{ resource id: ResourceID{name='test-hivemq-platform', namespace='helmextensionpriorityit'}, version: 621}
2025-01-29 22:12:35,436 INFO c.h.h.t.HelmChartContainer - [hivemq-test-hivemq-platform] [hivemq-platform-operator] [b6c4fdf4] io.fabric8.kubernetes.client.KubernetesClientException: Failure executing: PUT at: https://10.43.0.1:443/apis/hivemq.com/v1/namespaces/helmextensionpriorityit/hivemq-platforms/test-hivemq-platform/status. Message: Operation cannot be fulfilled on hivemq-platforms.hivemq.com "test-hivemq-platform": the object has been modified; please apply your changes to the latest version and try again. Received status: Status(apiVersion=v1, code=409, details=StatusDetails(causes=[], group=hivemq.com, kind=hivemq-platforms, name=test-hivemq-platform, retryAfterSeconds=null, uid=null, additionalProperties={}), kind=Status, message=Operation cannot be fulfilled on hivemq-platforms.hivemq.com "test-hivemq-platform": the object has been modified; please apply your changes to the latest version and try again, metadata=ListMeta(_continue=null, remainingItemCount=null, resourceVersion=null, selfLink=null, additionalProperties={}), reason=Conflict, status=Failure, additionalProperties={}).
2025-01-29 22:12:35,436 INFO c.h.h.t.HelmChartContainer - [hivemq-test-hivemq-platform] [hivemq-platform-operator] [b6c4fdf4] 	at io.fabric8.kubernetes.client.KubernetesClientException.copyAsCause(KubernetesClientException.java:238)
2025-01-29 22:12:35,437 INFO c.h.h.t.HelmChartContainer - [hivemq-test-hivemq-platform] [hivemq-platform-operator] [b6c4fdf4] 	at io.fabric8.kubernetes.client.dsl.internal.OperationSupport.waitForResult(OperationSupport.java:507)
2025-01-29 22:12:35,437 INFO c.h.h.t.HelmChartContainer - [hivemq-test-hivemq-platform] [hivemq-platform-operator] [b6c4fdf4] 	at io.fabric8.kubernetes.client.dsl.internal.OperationSupport.handleResponse(OperationSupport.java:524)
2025-01-29 22:12:35,438 INFO c.h.h.t.HelmChartContainer - [hivemq-test-hivemq-platform] [hivemq-platform-operator] [b6c4fdf4] 	at io.fabric8.kubernetes.client.dsl.internal.OperationSupport.handleUpdate(OperationSupport.java:358)
2025-01-29 22:12:35,438 INFO c.h.h.t.HelmChartContainer - [hivemq-test-hivemq-platform] [hivemq-platform-operator] [b6c4fdf4] 	at io.fabric8.kubernetes.client.dsl.internal.BaseOperation.handleUpdate(BaseOperation.java:759)
2025-01-29 22:12:35,438 INFO c.h.h.t.HelmChartContainer - [hivemq-test-hivemq-platform] [hivemq-platform-operator] [b6c4fdf4] 	at io.fabric8.kubernetes.client.dsl.internal.HasMetadataOperation.update(HasMetadataOperation.java:138)
2025-01-29 22:12:35,438 INFO c.h.h.t.HelmChartContainer - [hivemq-test-hivemq-platform] [hivemq-platform-operator] [b6c4fdf4] 	at io.fabric8.kubernetes.client.dsl.internal.HasMetadataOperation.update(HasMetadataOperation.java:121)
2025-01-29 22:12:35,438 INFO c.h.h.t.HelmChartContainer - [hivemq-test-hivemq-platform] [hivemq-platform-operator] [b6c4fdf4] 	at io.fabric8.kubernetes.client.dsl.internal.HasMetadataOperation.updateStatus(HasMetadataOperation.java:126)
2025-01-29 22:12:35,438 INFO c.h.h.t.HelmChartContainer - [hivemq-test-hivemq-platform] [hivemq-platform-operator] [b6c4fdf4] 	at io.fabric8.kubernetes.client.dsl.internal.HasMetadataOperation.updateStatus(HasMetadataOperation.java:44)
2025-01-29 22:12:35,438 INFO c.h.h.t.HelmChartContainer - [hivemq-test-hivemq-platform] [hivemq-platform-operator] [b6c4fdf4] 	at io.javaoperatorsdk.operator.processing.event.ReconciliationDispatcher$CustomResourceFacade.updateStatus(ReconciliationDispatcher.java:408)
2025-01-29 22:12:35,438 INFO c.h.h.t.HelmChartContainer - [hivemq-test-hivemq-platform] [hivemq-platform-operator] [b6c4fdf4] 	at io.javaoperatorsdk.operator.processing.event.ReconciliationDispatcher.updateStatusGenerationAware(ReconciliationDispatcher.java:228)
2025-01-29 22:12:35,438 INFO c.h.h.t.HelmChartContainer - [hivemq-test-hivemq-platform] [hivemq-platform-operator] [b6c4fdf4] 	at io.javaoperatorsdk.operator.processing.event.ReconciliationDispatcher.reconcileExecution(ReconciliationDispatcher.java:150)
2025-01-29 22:12:35,438 INFO c.h.h.t.HelmChartContainer - [hivemq-test-hivemq-platform] [hivemq-platform-operator] [b6c4fdf4] 	at io.javaoperatorsdk.operator.processing.event.ReconciliationDispatcher.handleReconcile(ReconciliationDispatcher.java:117)
2025-01-29 22:12:35,438 INFO c.h.h.t.HelmChartContainer - [hivemq-test-hivemq-platform] [hivemq-platform-operator] [b6c4fdf4] 	at io.javaoperatorsdk.operator.processing.event.ReconciliationDispatcher.handleDispatch(ReconciliationDispatcher.java:91)
2025-01-29 22:12:35,438 INFO c.h.h.t.HelmChartContainer - [hivemq-test-hivemq-platform] [hivemq-platform-operator] [b6c4fdf4] 	at io.javaoperatorsdk.operator.processing.event.ReconciliationDispatcher.handleExecution(ReconciliationDispatcher.java:64)
2025-01-29 22:12:35,438 INFO c.h.h.t.HelmChartContainer - [hivemq-test-hivemq-platform] [hivemq-platform-operator] [b6c4fdf4] 	at io.javaoperatorsdk.operator.processing.event.EventProcessor$ReconcilerExecutor.run(EventProcessor.java:452)
2025-01-29 22:12:35,438 INFO c.h.h.t.HelmChartContainer - [hivemq-test-hivemq-platform] [hivemq-platform-operator] [b6c4fdf4] 	at java.base/java.util.concurrent.ThreadPoolExecutor.runWorker(Unknown Source)
2025-01-29 22:12:35,438 INFO c.h.h.t.HelmChartContainer - [hivemq-test-hivemq-platform] [hivemq-platform-operator] [b6c4fdf4] 	at java.base/java.util.concurrent.ThreadPoolExecutor$Worker.run(Unknown Source)
2025-01-29 22:12:35,438 INFO c.h.h.t.HelmChartContainer - [hivemq-test-hivemq-platform] [hivemq-platform-operator] [b6c4fdf4] 	at java.base/java.lang.Thread.run(Unknown Source)
2025-01-29 22:12:35,438 INFO c.h.h.t.HelmChartContainer - [hivemq-test-hivemq-platform] [hivemq-platform-operator] [b6c4fdf4] Caused by: io.fabric8.kubernetes.client.KubernetesClientException: Failure executing: PUT at: https://10.43.0.1:443/apis/hivemq.com/v1/namespaces/helmextensionpriorityit/hivemq-platforms/test-hivemq-platform/status. Message: Operation cannot be fulfilled on hivemq-platforms.hivemq.com "test-hivemq-platform": the object has been modified; please apply your changes to the latest version and try again. Received status: Status(apiVersion=v1, code=409, details=StatusDetails(causes=[], group=hivemq.com, kind=hivemq-platforms, name=test-hivemq-platform, retryAfterSeconds=null, uid=null, additionalProperties={}), kind=Status, message=Operation cannot be fulfilled on hivemq-platforms.hivemq.com "test-hivemq-platform": the object has been modified; please apply your changes to the latest version and try again, metadata=ListMeta(_continue=null, remainingItemCount=null, resourceVersion=null, selfLink=null, additionalProperties={}), reason=Conflict, status=Failure, additionalProperties={}).
2025-01-29 22:12:35,438 INFO c.h.h.t.HelmChartContainer - [hivemq-test-hivemq-platform] [hivemq-platform-operator] [b6c4fdf4] 	at io.fabric8.kubernetes.client.dsl.internal.OperationSupport.requestFailure(OperationSupport.java:660)
2025-01-29 22:12:35,438 INFO c.h.h.t.HelmChartContainer - [hivemq-test-hivemq-platform] [hivemq-platform-operator] [b6c4fdf4] 	at io.fabric8.kubernetes.client.dsl.internal.OperationSupport.requestFailure(OperationSupport.java:640)
2025-01-29 22:12:35,438 INFO c.h.h.t.HelmChartContainer - [hivemq-test-hivemq-platform] [hivemq-platform-operator] [b6c4fdf4] 	at io.fabric8.kubernetes.client.dsl.internal.OperationSupport.assertResponseCode(OperationSupport.java:589)
2025-01-29 22:12:35,438 INFO c.h.h.t.HelmChartContainer - [hivemq-test-hivemq-platform] [hivemq-platform-operator] [b6c4fdf4] 	at io.fabric8.kubernetes.client.dsl.internal.OperationSupport.lambda$handleResponse$0(OperationSupport.java:549)
2025-01-29 22:12:35,438 INFO c.h.h.t.HelmChartContainer - [hivemq-test-hivemq-platform] [hivemq-platform-operator] [b6c4fdf4] 	at java.base/java.util.concurrent.CompletableFuture$UniApply.tryFire(Unknown Source)
2025-01-29 22:12:35,438 INFO c.h.h.t.HelmChartContainer - [hivemq-test-hivemq-platform] [hivemq-platform-operator] [b6c4fdf4] 	at java.base/java.util.concurrent.CompletableFuture.postComplete(Unknown Source)
2025-01-29 22:12:35,438 INFO c.h.h.t.HelmChartContainer - [hivemq-test-hivemq-platform] [hivemq-platform-operator] [b6c4fdf4] 	at java.base/java.util.concurrent.CompletableFuture.complete(Unknown Source)
2025-01-29 22:12:35,438 INFO c.h.h.t.HelmChartContainer - [hivemq-test-hivemq-platform] [hivemq-platform-operator] [b6c4fdf4] 	at io.fabric8.kubernetes.client.http.StandardHttpClient.lambda$completeOrCancel$10(StandardHttpClient.java:141)
2025-01-29 22:12:35,438 INFO c.h.h.t.HelmChartContainer - [hivemq-test-hivemq-platform] [hivemq-platform-operator] [b6c4fdf4] 	at java.base/java.util.concurrent.CompletableFuture.uniWhenComplete(Unknown Source)
2025-01-29 22:12:35,438 INFO c.h.h.t.HelmChartContainer - [hivemq-test-hivemq-platform] [hivemq-platform-operator] [b6c4fdf4] 	at java.base/java.util.concurrent.CompletableFuture$UniWhenComplete.tryFire(Unknown Source)
2025-01-29 22:12:35,438 INFO c.h.h.t.HelmChartContainer - [hivemq-test-hivemq-platform] [hivemq-platform-operator] [b6c4fdf4] 	at java.base/java.util.concurrent.CompletableFuture.postComplete(Unknown Source)
2025-01-29 22:12:35,439 INFO c.h.h.t.HelmChartContainer - [hivemq-test-hivemq-platform] [hivemq-platform-operator] [b6c4fdf4] 	at java.base/java.util.concurrent.CompletableFuture.complete(Unknown Source)
2025-01-29 22:12:35,439 INFO c.h.h.t.HelmChartContainer - [hivemq-test-hivemq-platform] [hivemq-platform-operator] [b6c4fdf4] 	at io.fabric8.kubernetes.client.http.ByteArrayBodyHandler.onBodyDone(ByteArrayBodyHandler.java:51)
2025-01-29 22:12:35,439 INFO c.h.h.t.HelmChartContainer - [hivemq-test-hivemq-platform] [hivemq-platform-operator] [b6c4fdf4] 	at java.base/java.util.concurrent.CompletableFuture.uniWhenComplete(Unknown Source)
2025-01-29 22:12:35,439 INFO c.h.h.t.HelmChartContainer - [hivemq-test-hivemq-platform] [hivemq-platform-operator] [b6c4fdf4] 	at java.base/java.util.concurrent.CompletableFuture$UniWhenComplete.tryFire(Unknown Source)
2025-01-29 22:12:35,439 INFO c.h.h.t.HelmChartContainer - [hivemq-test-hivemq-platform] [hivemq-platform-operator] [b6c4fdf4] 	at java.base/java.util.concurrent.CompletableFuture.postComplete(Unknown Source)
2025-01-29 22:12:35,439 INFO c.h.h.t.HelmChartContainer - [hivemq-test-hivemq-platform] [hivemq-platform-operator] [b6c4fdf4] 	at java.base/java.util.concurrent.CompletableFuture.complete(Unknown Source)
2025-01-29 22:12:35,439 INFO c.h.h.t.HelmChartContainer - [hivemq-test-hivemq-platform] [hivemq-platform-operator] [b6c4fdf4] 	at io.fabric8.kubernetes.client.vertx.VertxHttpRequest.lambda$null$1(VertxHttpRequest.java:121)
2025-01-29 22:12:35,439 INFO c.h.h.t.HelmChartContainer - [hivemq-test-hivemq-platform] [hivemq-platform-operator] [b6c4fdf4] 	at io.vertx.core.impl.ContextInternal.dispatch(ContextInternal.java:279)
2025-01-29 22:12:35,439 INFO c.h.h.t.HelmChartContainer - [hivemq-test-hivemq-platform] [hivemq-platform-operator] [b6c4fdf4] 	at io.vertx.core.impl.ContextInternal.dispatch(ContextInternal.java:261)
2025-01-29 22:12:35,439 INFO c.h.h.t.HelmChartContainer - [hivemq-test-hivemq-platform] [hivemq-platform-operator] [b6c4fdf4] 	at io.vertx.core.http.impl.HttpEventHandler.handleEnd(HttpEventHandler.java:76)
2025-01-29 22:12:35,439 INFO c.h.h.t.HelmChartContainer - [hivemq-test-hivemq-platform] [hivemq-platform-operator] [b6c4fdf4] 	at io.vertx.core.http.impl.HttpClientResponseImpl.handleEnd(HttpClientResponseImpl.java:250)
2025-01-29 22:12:35,439 INFO c.h.h.t.HelmChartContainer - [hivemq-test-hivemq-platform] [hivemq-platform-operator] [b6c4fdf4] 	at io.vertx.core.http.impl.Http1xClientConnection$StreamImpl.lambda$new$0(Http1xClientConnection.java:421)
2025-01-29 22:12:35,439 INFO c.h.h.t.HelmChartContainer - [hivemq-test-hivemq-platform] [hivemq-platform-operator] [b6c4fdf4] 	at io.vertx.core.streams.impl.InboundBuffer.handleEvent(InboundBuffer.java:279)
2025-01-29 22:12:35,439 INFO c.h.h.t.HelmChartContainer - [hivemq-test-hivemq-platform] [hivemq-platform-operator] [b6c4fdf4] 	at io.vertx.core.streams.impl.InboundBuffer.write(InboundBuffer.java:157)
2025-01-29 22:12:35,439 INFO c.h.h.t.HelmChartContainer - [hivemq-test-hivemq-platform] [hivemq-platform-operator] [b6c4fdf4] 	at io.vertx.core.http.impl.Http1xClientConnection$StreamImpl.handleEnd(Http1xClientConnection.java:709)
2025-01-29 22:12:35,439 INFO c.h.h.t.HelmChartContainer - [hivemq-test-hivemq-platform] [hivemq-platform-operator] [b6c4fdf4] 	at io.vertx.core.impl.ContextImpl.lambda$execute$4(ContextImpl.java:315)
2025-01-29 22:12:35,439 INFO c.h.h.t.HelmChartContainer - [hivemq-test-hivemq-platform] [hivemq-platform-operator] [b6c4fdf4] 	at io.netty.util.concurrent.AbstractEventExecutor.runTask(AbstractEventExecutor.java:173)
2025-01-29 22:12:35,439 INFO c.h.h.t.HelmChartContainer - [hivemq-test-hivemq-platform] [hivemq-platform-operator] [b6c4fdf4] 	at io.netty.util.concurrent.AbstractEventExecutor.safeExecute(AbstractEventExecutor.java:166)
2025-01-29 22:12:35,439 INFO c.h.h.t.HelmChartContainer - [hivemq-test-hivemq-platform] [hivemq-platform-operator] [b6c4fdf4] 	at io.netty.util.concurrent.SingleThreadEventExecutor.runAllTasks(SingleThreadEventExecutor.java:472)
2025-01-29 22:12:35,439 INFO c.h.h.t.HelmChartContainer - [hivemq-test-hivemq-platform] [hivemq-platform-operator] [b6c4fdf4] 	at io.netty.channel.nio.NioEventLoop.run(NioEventLoop.java:569)
2025-01-29 22:12:35,439 INFO c.h.h.t.HelmChartContainer - [hivemq-test-hivemq-platform] [hivemq-platform-operator] [b6c4fdf4] 	at io.netty.util.concurrent.SingleThreadEventExecutor$4.run(SingleThreadEventExecutor.java:997)
2025-01-29 22:12:35,439 INFO c.h.h.t.HelmChartContainer - [hivemq-test-hivemq-platform] [hivemq-platform-operator] [b6c4fdf4] 	at io.netty.util.internal.ThreadExecutorMap$2.run(ThreadExecutorMap.java:74)
2025-01-29 22:12:35,439 INFO c.h.h.t.HelmChartContainer - [hivemq-test-hivemq-platform] [hivemq-platform-operator] [b6c4fdf4] 	at io.netty.util.concurrent.FastThreadLocalRunnable.run(FastThreadLocalRunnable.java:30)
2025-01-29 22:12:35,439 INFO c.h.h.t.HelmChartContainer - [hivemq-test-hivemq-platform] [hivemq-platform-operator] [b6c4fdf4] 	... 1 common frames omitted
2025-01-29 22:12:35,441 INFO c.h.h.t.HelmChartContainer - [hivemq-test-hivemq-platform] [hivemq-platform-operator] [b6c4fdf4] 22:12:35.440 [ReconcilerExecutor-hivemq-controller-123] INFO  c.h.p.o.HiveMQPlatformReconciler - [helmexte] Cleanup test-hivemq-platform - helmextensionpriorityit HiveMQ Platform is shut down
2025-01-29 22:12:35,740 INFO c.h.h.t.HelmChartContainer - [POD] test-hivemq-platform-0 [d23a66c2-3ee3-4449-a4c8-57b0c890aed4] in helmextensionpriorityit was MODIFIED
2025-01-29 22:12:35,749 INFO c.h.h.t.HelmChartContainer - [EVENT] Normal [Killing] Stopping container hivemq [helmextensionpriorityit:test-hivemq-platform-0]
2025-01-29 22:12:35,749 INFO c.h.h.t.HelmChartContainer - Received Killing event for container hivemq in pod test-hivemq-platform-0 [d23a66c2-3ee3-4449-a4c8-57b0c890aed4]
2025-01-29 22:12:35,749 INFO c.h.h.t.HelmChartContainer - Container [test-hivemq-platform-0] [hivemq] [d23a66c2-3ee3-4449-a4c8-57b0c890aed4] was terminated
2025-01-29 22:12:35,750 INFO c.h.h.t.HelmChartContainer - Stopped log watcher for hivemq in pod test-hivemq-platform-0 [d23a66c2-3ee3-4449-a4c8-57b0c890aed4]
2025-01-29 22:12:35,756 INFO c.h.h.t.HelmChartContainer - [test-hivemq-platform] [hivemq] [d23a66c2] INFO  - [HiveMQ Platform Operator Init App 1.7.0-SNAPSHOT] Shutting down
2025-01-29 22:12:35,756 INFO c.h.h.t.HelmChartContainer - [test-hivemq-platform] [hivemq] [d23a66c2] INFO  - [HiveMQ Platform Operator Init App 1.7.0-SNAPSHOT] Stopping the HiveMQ Platform
2025-01-29 22:12:35,850 INFO c.h.h.t.HelmChartContainer - [test-hivemq-platform] [hivemq] [d23a66c2] INFO  - Shutting down HiveMQ. Please wait, this could take a while...
2025-01-29 22:12:35,853 INFO c.h.h.t.HelmChartContainer - [test-hivemq-platform] [hivemq] [d23a66c2] INFO  - Shutting down listeners and clients
2025-01-29 22:12:35,854 INFO c.h.h.t.HelmChartContainer - [test-hivemq-platform] [hivemq] [d23a66c2] INFO  - Shutdown of listeners is done
2025-01-29 22:12:35,854 INFO c.h.h.t.HelmChartContainer - [test-hivemq-platform] [hivemq] [d23a66c2] INFO  - No clients are connected, proceeding with shutdown
2025-01-29 22:12:36,754 INFO c.h.h.t.HelmChartContainer - [test-hivemq-platform] [hivemq] [d23a66c2] INFO  - [HiveMQ Platform Operator Init App 1.7.0-SNAPSHOT] Returning shutdown Health API response 503 for readiness
2025-01-29 22:12:36,758 INFO c.h.h.t.HelmChartContainer - [EVENT] Warning [Unhealthy] Readiness probe failed: HTTP probe failed with statuscode: 503 [helmextensionpriorityit:test-hivemq-platform-0]
2025-01-29 22:12:36,758 INFO c.h.h.t.HelmChartContainer - Received Unhealthy event for container hivemq in pod test-hivemq-platform-0 [d23a66c2-3ee3-4449-a4c8-57b0c890aed4]
2025-01-29 22:12:37,218 INFO c.h.h.t.HelmChartContainer - Deleting namespace 'helmextensionpriorityit'...
2025-01-29 22:12:37,238 INFO c.h.h.t.HelmChartContainer - [K3S] [authentication.go:74] "Unable to authenticate the request" err="[invalid bearer token, serviceaccounts \"hivemq-platform-pod-test-hivemq-platform\" not found]"
2025-01-29 22:12:37,261 INFO c.h.h.t.HelmChartContainer - [K3S] [authentication.go:74] "Unable to authenticate the request" err="[invalid bearer token, serviceaccounts \"hivemq-platform-pod-test-hivemq-platform\" not found]"
2025-01-29 22:12:37,349 INFO c.h.h.t.HelmChartContainer - [test-hivemq-platform] [hivemq] [d23a66c2] WARN  - [HiveMQ Platform Operator Init App 1.7.0-SNAPSHOT] Could not update Pod annotations: Failure executing: GET at: https://10.43.0.1:443/api/v1/namespaces/helmextensionpriorityit/pods/test-hivemq-platform-0. Message: Unauthorized. Received status: Status(apiVersion=v1, code=401, details=null, kind=Status, message=Unauthorized, metadata=ListMeta(_continue=null, remainingItemCount=null, resourceVersion=null, selfLink=null, additionalProperties={}), reason=Unauthorized, status=Failure, additionalProperties={}).
2025-01-29 22:12:37,946 INFO c.h.h.t.HelmChartContainer - [test-hivemq-platform] [hivemq] [d23a66c2] INFO  - Shutting down extension system
2025-01-29 22:12:37,948 INFO c.h.h.t.HelmChartContainer - [test-hivemq-platform] [hivemq] [d23a66c2] INFO  - Stopping extension with id hivemq-dns-cluster-discovery
2025-01-29 22:12:37,948 INFO c.h.h.t.HelmChartContainer - [test-hivemq-platform] [hivemq] [d23a66c2] INFO  - Extension "DNS Cluster Discovery Extension" version 4.3.2 stopped successfully.
2025-01-29 22:12:37,949 INFO c.h.h.t.HelmChartContainer - [test-hivemq-platform] [hivemq] [d23a66c2] INFO  - Stopping extension with id hivemq-appending-baz-extension
2025-01-29 22:12:37,950 INFO c.h.h.t.HelmChartContainer - [test-hivemq-platform] [hivemq] [d23a66c2] INFO  - HiveMQ Baz-Appending PublishInboundInterceptor Extension stopped
2025-01-29 22:12:37,950 INFO c.h.h.t.HelmChartContainer - [test-hivemq-platform] [hivemq] [d23a66c2] INFO  - Extension "HiveMQ Appending Baz Extension" version 1.0.0 stopped successfully.
2025-01-29 22:12:37,951 INFO c.h.h.t.HelmChartContainer - [test-hivemq-platform] [hivemq] [d23a66c2] INFO  - Stopping extension with id hivemq-appending-bar-extension
2025-01-29 22:12:37,951 INFO c.h.h.t.HelmChartContainer - [test-hivemq-platform] [hivemq] [d23a66c2] INFO  - HiveMQ Bar-Appending PublishInboundInterceptor Extension stopped
2025-01-29 22:12:37,951 INFO c.h.h.t.HelmChartContainer - [test-hivemq-platform] [hivemq] [d23a66c2] INFO  - Extension "HiveMQ Appending Bar Extension" version 1.0.0 stopped successfully.
2025-01-29 22:12:37,951 INFO c.h.h.t.HelmChartContainer - [test-hivemq-platform] [hivemq] [d23a66c2] INFO  - Stopping extension with id hivemq-prometheus-extension
2025-01-29 22:12:37,956 INFO c.h.h.t.HelmChartContainer - [test-hivemq-platform] [hivemq] [d23a66c2] INFO  - Extension "Prometheus Monitoring Extension" version 4.0.12 stopped successfully.
2025-01-29 22:12:37,956 INFO c.h.h.t.HelmChartContainer - [test-hivemq-platform] [hivemq] [d23a66c2] INFO  - Stopping extension with id hivemq-appending-foo-extension
2025-01-29 22:12:37,956 INFO c.h.h.t.HelmChartContainer - [test-hivemq-platform] [hivemq] [d23a66c2] INFO  - HiveMQ Foo-Appending PublishInboundInterceptor Extension stopped
2025-01-29 22:12:37,958 INFO c.h.h.t.HelmChartContainer - [test-hivemq-platform] [hivemq] [d23a66c2] INFO  - Extension "HiveMQ Appending Foo Extension" version 1.0.0 stopped successfully.
2025-01-29 22:12:37,958 INFO c.h.h.t.HelmChartContainer - [test-hivemq-platform] [hivemq] [d23a66c2] INFO  - Stopping extension with id hivemq-allow-all-extension
2025-01-29 22:12:37,958 INFO c.h.h.t.HelmChartContainer - [test-hivemq-platform] [hivemq] [d23a66c2] INFO  - Extension "Allow All Extension" version 1.1.1 stopped successfully.
2025-01-29 22:12:40,337 INFO c.h.h.t.HelmChartContainer - [test-hivemq-platform] [hivemq] [d23a66c2] INFO  - Shutdown completed.
2025-01-29 22:12:40,686 INFO c.h.h.t.HelmChartContainer - [test-hivemq-platform] [hivemq] [d23a66c2] INFO  - [HiveMQ Platform Operator Init App 1.7.0-SNAPSHOT] The HiveMQ Platform exited with code 143
2025-01-29 22:12:40,686 INFO c.h.h.t.HelmChartContainer - [test-hivemq-platform] [hivemq] [d23a66c2] INFO  - [HiveMQ Platform Operator Init App 1.7.0-SNAPSHOT] Stopping the REST API
2025-01-29 22:12:40,694 INFO c.h.h.t.HelmChartContainer - [test-hivemq-platform] [hivemq] [d23a66c2] INFO  - [HiveMQ Platform Operator Init App 1.7.0-SNAPSHOT] Shutdown complete
2025-01-29 22:12:41,151 INFO c.h.h.t.HelmChartContainer - [POD] test-hivemq-platform-0 [d23a66c2-3ee3-4449-a4c8-57b0c890aed4] in helmextensionpriorityit was MODIFIED
2025-01-29 22:12:41,151 INFO c.h.h.t.HelmChartContainer - [K3S] [stateful_set.go:438] "Unhandled Error" err="error syncing StatefulSet helmextensionpriorityit/test-hivemq-platform, requeuing: controllerrevisions.apps \"test-hivemq-platform-6fd78546f5\" is forbidden: unable to create new content in namespace helmextensionpriorityit because it is being terminated"
2025-01-29 22:12:41,159 INFO c.h.h.t.HelmChartContainer - [K3S] [stateful_set.go:438] "Unhandled Error" err="error syncing StatefulSet helmextensionpriorityit/test-hivemq-platform, requeuing: controllerrevisions.apps \"test-hivemq-platform-6fd78546f5\" is forbidden: unable to create new content in namespace helmextensionpriorityit because it is being terminated"
2025-01-29 22:12:41,171 INFO c.h.h.t.HelmChartContainer - [K3S] [stateful_set.go:438] "Unhandled Error" err="error syncing StatefulSet helmextensionpriorityit/test-hivemq-platform, requeuing: controllerrevisions.apps \"test-hivemq-platform-6fd78546f5\" is forbidden: unable to create new content in namespace helmextensionpriorityit because it is being terminated"
2025-01-29 22:12:41,194 INFO c.h.h.t.HelmChartContainer - [K3S] [stateful_set.go:438] "Unhandled Error" err="error syncing StatefulSet helmextensionpriorityit/test-hivemq-platform, requeuing: controllerrevisions.apps \"test-hivemq-platform-6fd78546f5\" is forbidden: unable to create new content in namespace helmextensionpriorityit because it is being terminated"
2025-01-29 22:12:41,230 INFO c.h.h.t.HelmChartContainer - [K3S] [scope.go:117] "RemoveContainer" containerID="201a98fde4c906b7676ffa1889f7adb8ca97c3075288c7dc4b9304c1a5a48799"
2025-01-29 22:12:41,238 INFO c.h.h.t.HelmChartContainer - [K3S] [stateful_set.go:438] "Unhandled Error" err="error syncing StatefulSet helmextensionpriorityit/test-hivemq-platform, requeuing: controllerrevisions.apps \"test-hivemq-platform-6fd78546f5\" is forbidden: unable to create new content in namespace helmextensionpriorityit because it is being terminated"
2025-01-29 22:12:41,284 INFO c.h.h.t.HelmChartContainer - [K3S] [reconciler_common.go:162] "operationExecutor.UnmountVolume started for volume \"operator-init\" (UniqueName: \"kubernetes.io/empty-dir/d23a66c2-3ee3-4449-a4c8-57b0c890aed4-operator-init\") pod \"d23a66c2-3ee3-4449-a4c8-57b0c890aed4\" (UID: \"d23a66c2-3ee3-4449-a4c8-57b0c890aed4\") "
2025-01-29 22:12:41,284 INFO c.h.h.t.HelmChartContainer - [K3S] [reconciler_common.go:162] "operationExecutor.UnmountVolume started for volume \"kube-api-access-dzhwk\" (UniqueName: \"kubernetes.io/projected/d23a66c2-3ee3-4449-a4c8-57b0c890aed4-kube-api-access-dzhwk\") pod \"d23a66c2-3ee3-4449-a4c8-57b0c890aed4\" (UID: \"d23a66c2-3ee3-4449-a4c8-57b0c890aed4\") "
2025-01-29 22:12:41,284 INFO c.h.h.t.HelmChartContainer - [K3S] [reconciler_common.go:162] "operationExecutor.UnmountVolume started for volume \"pod-info\" (UniqueName: \"kubernetes.io/configmap/d23a66c2-3ee3-4449-a4c8-57b0c890aed4-pod-info\") pod \"d23a66c2-3ee3-4449-a4c8-57b0c890aed4\" (UID: \"d23a66c2-3ee3-4449-a4c8-57b0c890aed4\") "
2025-01-29 22:12:41,285 INFO c.h.h.t.HelmChartContainer - [K3S] [reconciler_common.go:162] "operationExecutor.UnmountVolume started for volume \"broker-configuration\" (UniqueName: \"kubernetes.io/configmap/d23a66c2-3ee3-4449-a4c8-57b0c890aed4-broker-configuration\") pod \"d23a66c2-3ee3-4449-a4c8-57b0c890aed4\" (UID: \"d23a66c2-3ee3-4449-a4c8-57b0c890aed4\") "
2025-01-29 22:12:41,321 INFO c.h.h.t.HelmChartContainer - [K3S] [stateful_set.go:438] "Unhandled Error" err="error syncing StatefulSet helmextensionpriorityit/test-hivemq-platform, requeuing: controllerrevisions.apps \"test-hivemq-platform-6fd78546f5\" is forbidden: unable to create new content in namespace helmextensionpriorityit because it is being terminated"
2025-01-29 22:12:41,321 INFO c.h.h.t.HelmChartContainer - [K3S] [scope.go:117] "RemoveContainer" containerID="9f8fbcb8c3e8bb24216560f6ea30af3b425c3209d39b5fc8d809fbdc726e0135"
2025-01-29 22:12:41,324 INFO c.h.h.t.HelmChartContainer - [K3S] [scope.go:117] "RemoveContainer" containerID="201a98fde4c906b7676ffa1889f7adb8ca97c3075288c7dc4b9304c1a5a48799"
2025-01-29 22:12:41,324 INFO c.h.h.t.HelmChartContainer - [K3S] [scope.go:117] "RemoveContainer" containerID="9f8fbcb8c3e8bb24216560f6ea30af3b425c3209d39b5fc8d809fbdc726e0135"
2025-01-29 22:12:41,384 INFO c.h.h.t.HelmChartContainer - [K3S] [reconciler_common.go:299] "Volume detached for volume \"kube-api-access-dzhwk\" (UniqueName: \"kubernetes.io/projected/d23a66c2-3ee3-4449-a4c8-57b0c890aed4-kube-api-access-dzhwk\") on node \"43acab72dce7\" DevicePath \"\""
2025-01-29 22:12:41,384 INFO c.h.h.t.HelmChartContainer - [K3S] [reconciler_common.go:299] "Volume detached for volume \"pod-info\" (UniqueName: \"kubernetes.io/configmap/d23a66c2-3ee3-4449-a4c8-57b0c890aed4-pod-info\") on node \"43acab72dce7\" DevicePath \"\""
2025-01-29 22:12:41,385 INFO c.h.h.t.HelmChartContainer - [K3S] [reconciler_common.go:299] "Volume detached for volume \"broker-configuration\" (UniqueName: \"kubernetes.io/configmap/d23a66c2-3ee3-4449-a4c8-57b0c890aed4-broker-configuration\") on node \"43acab72dce7\" DevicePath \"\""
2025-01-29 22:12:41,385 INFO c.h.h.t.HelmChartContainer - [K3S] [reconciler_common.go:299] "Volume detached for volume \"operator-init\" (UniqueName: \"kubernetes.io/empty-dir/d23a66c2-3ee3-4449-a4c8-57b0c890aed4-operator-init\") on node \"43acab72dce7\" DevicePath \"\""
2025-01-29 22:12:41,484 INFO c.h.h.t.HelmChartContainer - [K3S] [stateful_set.go:438] "Unhandled Error" err="error syncing StatefulSet helmextensionpriorityit/test-hivemq-platform, requeuing: controllerrevisions.apps \"test-hivemq-platform-6fd78546f5\" is forbidden: unable to create new content in namespace helmextensionpriorityit because it is being terminated"
2025-01-29 22:12:41,545 INFO c.h.h.t.HelmChartContainer - [POD] test-hivemq-platform-0 [d23a66c2-3ee3-4449-a4c8-57b0c890aed4] in helmextensionpriorityit was MODIFIED
2025-01-29 22:12:41,545 INFO c.h.h.t.HelmChartContainer - [K3S] [stateful_set.go:438] "Unhandled Error" err="error syncing StatefulSet helmextensionpriorityit/test-hivemq-platform, requeuing: controllerrevisions.apps \"test-hivemq-platform-6fd78546f5\" is forbidden: unable to create new content in namespace helmextensionpriorityit because it is being terminated"
2025-01-29 22:12:41,549 INFO c.h.h.t.HelmChartContainer - [POD] test-hivemq-platform-0 [d23a66c2-3ee3-4449-a4c8-57b0c890aed4] in helmextensionpriorityit was DELETED
2025-01-29 22:12:41,550 INFO c.h.h.t.HelmChartContainer - [K3S] [stateful_set.go:438] "Unhandled Error" err="error syncing StatefulSet helmextensionpriorityit/test-hivemq-platform, requeuing: controllerrevisions.apps \"test-hivemq-platform-6fd78546f5\" is forbidden: unable to create new content in namespace helmextensionpriorityit because it is being terminated"
2025-01-29 22:12:41,560 INFO c.h.h.t.HelmChartContainer - [K3S] [stateful_set.go:466] "StatefulSet has been deleted" key="helmextensionpriorityit/test-hivemq-platform"
2025-01-29 22:12:41,806 INFO c.h.h.t.HelmChartContainer - [K3S] [stateful_set.go:466] "StatefulSet has been deleted" key="helmextensionpriorityit/test-hivemq-platform"
2025-01-29 22:12:42,044 INFO c.h.h.t.HelmChartContainer - [K3S] [kubelet_volumes.go:163] "Cleaned up orphaned pod volumes dir" podUID="d23a66c2-3ee3-4449-a4c8-57b0c890aed4" path="/var/lib/kubelet/pods/d23a66c2-3ee3-4449-a4c8-57b0c890aed4/volumes"
2025-01-29 22:12:42,339 INFO c.h.h.t.HelmChartContainer - [POD] nginx-6595ff594c-flkhv [52e9b04e-a002-422c-a36e-fe328afc87a5] in helmextensionpriorityit was MODIFIED
2025-01-29 22:12:42,345 INFO c.h.h.t.HelmChartContainer - [K3S] [replica_set.go:679] "Finished syncing" kind="ReplicaSet" key="helmextensionpriorityit/nginx-6595ff594c" duration="10.206896ms"
2025-01-29 22:12:42,345 INFO c.h.h.t.HelmChartContainer - [K3S] [replica_set.go:679] "Finished syncing" kind="ReplicaSet" key="helmextensionpriorityit/nginx-6595ff594c" duration="21.79µs"
2025-01-29 22:12:42,351 INFO c.h.h.t.HelmChartContainer - [nginx-6595ff594c-flk] [nginx] [52e9b04e] 2025/01/29 22:12:42 [notice] 1#1: signal 3 (SIGQUIT) received, shutting down
2025-01-29 22:12:42,351 INFO c.h.h.t.HelmChartContainer - [nginx-6595ff594c-flk] [nginx] [52e9b04e] 2025/01/29 22:12:42 [notice] 29#29: gracefully shutting down
2025-01-29 22:12:42,351 INFO c.h.h.t.HelmChartContainer - [nginx-6595ff594c-flk] [nginx] [52e9b04e] 2025/01/29 22:12:42 [notice] 29#29: exiting
2025-01-29 22:12:42,351 INFO c.h.h.t.HelmChartContainer - [nginx-6595ff594c-flk] [nginx] [52e9b04e] 2025/01/29 22:12:42 [notice] 29#29: exit
2025-01-29 22:12:42,351 INFO c.h.h.t.HelmChartContainer - [nginx-6595ff594c-flk] [nginx] [52e9b04e] 2025/01/29 22:12:42 [notice] 30#30: gracefully shutting down
2025-01-29 22:12:42,351 INFO c.h.h.t.HelmChartContainer - [nginx-6595ff594c-flk] [nginx] [52e9b04e] 2025/01/29 22:12:42 [notice] 30#30: exiting
2025-01-29 22:12:42,351 INFO c.h.h.t.HelmChartContainer - [nginx-6595ff594c-flk] [nginx] [52e9b04e] 2025/01/29 22:12:42 [notice] 30#30: exit
2025-01-29 22:12:42,351 INFO c.h.h.t.HelmChartContainer - [nginx-6595ff594c-flk] [nginx] [52e9b04e] 2025/01/29 22:12:42 [notice] 31#31: gracefully shutting down
2025-01-29 22:12:42,351 INFO c.h.h.t.HelmChartContainer - [nginx-6595ff594c-flk] [nginx] [52e9b04e] 2025/01/29 22:12:42 [notice] 31#31: exiting
2025-01-29 22:12:42,351 INFO c.h.h.t.HelmChartContainer - [nginx-6595ff594c-flk] [nginx] [52e9b04e] 2025/01/29 22:12:42 [notice] 31#31: exit
2025-01-29 22:12:42,355 INFO c.h.h.t.HelmChartContainer - [nginx-6595ff594c-flk] [nginx] [52e9b04e] 2025/01/29 22:12:42 [notice] 32#32: gracefully shutting down
2025-01-29 22:12:42,355 INFO c.h.h.t.HelmChartContainer - [nginx-6595ff594c-flk] [nginx] [52e9b04e] 2025/01/29 22:12:42 [notice] 32#32: exiting
2025-01-29 22:12:42,355 INFO c.h.h.t.HelmChartContainer - [nginx-6595ff594c-flk] [nginx] [52e9b04e] 2025/01/29 22:12:42 [notice] 32#32: exit
2025-01-29 22:12:42,358 INFO c.h.h.t.HelmChartContainer - [nginx-6595ff594c-flk] [nginx] [52e9b04e] 2025/01/29 22:12:42 [notice] 1#1: signal 17 (SIGCHLD) received from 29
2025-01-29 22:12:42,358 INFO c.h.h.t.HelmChartContainer - [nginx-6595ff594c-flk] [nginx] [52e9b04e] 2025/01/29 22:12:42 [notice] 1#1: worker process 29 exited with code 0
2025-01-29 22:12:42,359 INFO c.h.h.t.HelmChartContainer - [nginx-6595ff594c-flk] [nginx] [52e9b04e] 2025/01/29 22:12:42 [notice] 1#1: signal 29 (SIGIO) received
2025-01-29 22:12:42,359 INFO c.h.h.t.HelmChartContainer - [nginx-6595ff594c-flk] [nginx] [52e9b04e] 2025/01/29 22:12:42 [notice] 1#1: signal 17 (SIGCHLD) received from 30
2025-01-29 22:12:42,359 INFO c.h.h.t.HelmChartContainer - [nginx-6595ff594c-flk] [nginx] [52e9b04e] 2025/01/29 22:12:42 [notice] 1#1: worker process 30 exited with code 0
2025-01-29 22:12:42,359 INFO c.h.h.t.HelmChartContainer - [nginx-6595ff594c-flk] [nginx] [52e9b04e] 2025/01/29 22:12:42 [notice] 1#1: signal 29 (SIGIO) received
2025-01-29 22:12:42,359 INFO c.h.h.t.HelmChartContainer - [K3S] [replica_set.go:679] "Finished syncing" kind="ReplicaSet" key="helmextensionpriorityit/nginx-6595ff594c" duration="5.471µs"
2025-01-29 22:12:42,360 INFO c.h.h.t.HelmChartContainer - [nginx-6595ff594c-flk] [nginx] [52e9b04e] 2025/01/29 22:12:42 [notice] 1#1: signal 17 (SIGCHLD) received from 31
2025-01-29 22:12:42,361 INFO c.h.h.t.HelmChartContainer - [nginx-6595ff594c-flk] [nginx] [52e9b04e] 2025/01/29 22:12:42 [notice] 1#1: worker process 31 exited with code 0
2025-01-29 22:12:42,361 INFO c.h.h.t.HelmChartContainer - [nginx-6595ff594c-flk] [nginx] [52e9b04e] 2025/01/29 22:12:42 [notice] 1#1: signal 29 (SIGIO) received
2025-01-29 22:12:42,363 INFO c.h.h.t.HelmChartContainer - [nginx-6595ff594c-flk] [nginx] [52e9b04e] 2025/01/29 22:12:42 [notice] 1#1: signal 17 (SIGCHLD) received from 32
2025-01-29 22:12:42,364 INFO c.h.h.t.HelmChartContainer - [nginx-6595ff594c-flk] [nginx] [52e9b04e] 2025/01/29 22:12:42 [notice] 1#1: worker process 32 exited with code 0
2025-01-29 22:12:42,364 INFO c.h.h.t.HelmChartContainer - [nginx-6595ff594c-flk] [nginx] [52e9b04e] 2025/01/29 22:12:42 [notice] 1#1: exit
2025-01-29 22:12:42,471 INFO c.h.h.t.HelmChartContainer - [POD] nginx-6595ff594c-flkhv [52e9b04e-a002-422c-a36e-fe328afc87a5] in helmextensionpriorityit was MODIFIED
2025-01-29 22:12:42,589 INFO c.h.h.t.HelmChartContainer - [K3S] [reconciler_common.go:162] "operationExecutor.UnmountVolume started for volume \"volume-hivemq-appending-baz-extension-100\" (UniqueName: \"kubernetes.io/host-path/52e9b04e-a002-422c-a36e-fe328afc87a5-volume-hivemq-appending-baz-extension-100\") pod \"52e9b04e-a002-422c-a36e-fe328afc87a5\" (UID: \"52e9b04e-a002-422c-a36e-fe328afc87a5\") "
2025-01-29 22:12:42,589 INFO c.h.h.t.HelmChartContainer - [K3S] [reconciler_common.go:162] "operationExecutor.UnmountVolume started for volume \"volume-hivemq-appending-bar-extension-100\" (UniqueName: \"kubernetes.io/host-path/52e9b04e-a002-422c-a36e-fe328afc87a5-volume-hivemq-appending-bar-extension-100\") pod \"52e9b04e-a002-422c-a36e-fe328afc87a5\" (UID: \"52e9b04e-a002-422c-a36e-fe328afc87a5\") "
2025-01-29 22:12:42,589 INFO c.h.h.t.HelmChartContainer - [K3S] [reconciler_common.go:162] "operationExecutor.UnmountVolume started for volume \"kube-api-access-66tj8\" (UniqueName: \"kubernetes.io/projected/52e9b04e-a002-422c-a36e-fe328afc87a5-kube-api-access-66tj8\") pod \"52e9b04e-a002-422c-a36e-fe328afc87a5\" (UID: \"52e9b04e-a002-422c-a36e-fe328afc87a5\") "
2025-01-29 22:12:42,590 INFO c.h.h.t.HelmChartContainer - [K3S] [reconciler_common.go:162] "operationExecutor.UnmountVolume started for volume \"volume-hivemq-appending-foo-extension-100\" (UniqueName: \"kubernetes.io/host-path/52e9b04e-a002-422c-a36e-fe328afc87a5-volume-hivemq-appending-foo-extension-100\") pod \"52e9b04e-a002-422c-a36e-fe328afc87a5\" (UID: \"52e9b04e-a002-422c-a36e-fe328afc87a5\") "
2025-01-29 22:12:42,690 INFO c.h.h.t.HelmChartContainer - [K3S] [reconciler_common.go:299] "Volume detached for volume \"volume-hivemq-appending-foo-extension-100\" (UniqueName: \"kubernetes.io/host-path/52e9b04e-a002-422c-a36e-fe328afc87a5-volume-hivemq-appending-foo-extension-100\") on node \"43acab72dce7\" DevicePath \"\""
2025-01-29 22:12:42,690 INFO c.h.h.t.HelmChartContainer - [K3S] [reconciler_common.go:299] "Volume detached for volume \"volume-hivemq-appending-baz-extension-100\" (UniqueName: \"kubernetes.io/host-path/52e9b04e-a002-422c-a36e-fe328afc87a5-volume-hivemq-appending-baz-extension-100\") on node \"43acab72dce7\" DevicePath \"\""
2025-01-29 22:12:42,690 INFO c.h.h.t.HelmChartContainer - [K3S] [reconciler_common.go:299] "Volume detached for volume \"volume-hivemq-appending-bar-extension-100\" (UniqueName: \"kubernetes.io/host-path/52e9b04e-a002-422c-a36e-fe328afc87a5-volume-hivemq-appending-bar-extension-100\") on node \"43acab72dce7\" DevicePath \"\""
2025-01-29 22:12:42,690 INFO c.h.h.t.HelmChartContainer - [K3S] [reconciler_common.go:299] "Volume detached for volume \"kube-api-access-66tj8\" (UniqueName: \"kubernetes.io/projected/52e9b04e-a002-422c-a36e-fe328afc87a5-kube-api-access-66tj8\") on node \"43acab72dce7\" DevicePath \"\""
2025-01-29 22:12:43,235 INFO c.h.h.t.HelmChartContainer - [K3S] [scope.go:117] "RemoveContainer" containerID="f065d9de4b52f72f2022b8301d06b6298cae96274de9bf79e468c04c553da916"
2025-01-29 22:12:43,236 INFO c.h.h.t.HelmChartContainer - Stopped log watcher for nginx in pod nginx-6595ff594c-flkhv [52e9b04e-a002-422c-a36e-fe328afc87a5]
2025-01-29 22:12:43,238 INFO c.h.h.t.HelmChartContainer - [K3S] [scope.go:117] "RemoveContainer" containerID="f065d9de4b52f72f2022b8301d06b6298cae96274de9bf79e468c04c553da916"
2025-01-29 22:12:43,247 INFO c.h.h.t.HelmChartContainer - [POD] nginx-6595ff594c-flkhv [52e9b04e-a002-422c-a36e-fe328afc87a5] in helmextensionpriorityit was MODIFIED
2025-01-29 22:12:43,250 INFO c.h.h.t.HelmChartContainer - [POD] nginx-6595ff594c-flkhv [52e9b04e-a002-422c-a36e-fe328afc87a5] in helmextensionpriorityit was DELETED
2025-01-29 22:12:44,044 INFO c.h.h.t.HelmChartContainer - [K3S] [kubelet_volumes.go:163] "Cleaned up orphaned pod volumes dir" podUID="52e9b04e-a002-422c-a36e-fe328afc87a5" path="/var/lib/kubelet/pods/52e9b04e-a002-422c-a36e-fe328afc87a5/volumes"
2025-01-29 22:12:47,765 INFO c.h.h.t.HelmChartContainer - Namespace 'helmextensionpriorityit' deleted
2025-01-29 22:12:47,765 INFO c.h.h.t.HelmChartContainer - Release 'test-hivemq-platform' in namespace 'helmextensionpriorityit' is uninstalled
2025-01-29 22:12:47,765 INFO c.h.h.t.HelmChartContainer - Uninstalling release 'test-hivemq-platform-operator' in namespace 'helmextensionpriorityit-operator'...
2025-01-29 22:12:47,766 DEBUG c.h.h.t.HelmChartContainer - Executing helm command: /bin/helm --kubeconfig /etc/rancher/k3s/k3s.yaml uninstall test-hivemq-platform-operator  --wait --timeout 5m0s --cascade foreground --namespace helmextensionpriorityit-operator
2025-01-29 22:12:47,921 INFO c.h.h.t.HelmChartContainer - [K3S] [replica_set.go:679] "Finished syncing" kind="ReplicaSet" key="helmextensionpriorityit-operator/hivemq-test-hivemq-platform-operator-6966f96d65" duration="7.787132ms"
2025-01-29 22:12:47,925 INFO c.h.h.t.HelmChartContainer - [K3S] [replica_set.go:679] "Finished syncing" kind="ReplicaSet" key="helmextensionpriorityit-operator/hivemq-test-hivemq-platform-operator-6966f96d65" duration="30.898µs"
2025-01-29 22:12:47,945 INFO c.h.h.t.HelmChartContainer - [POD] hivemq-test-hivemq-platform-operator-6966f96d65-p6j4s [b6c4fdf4-cab0-48f4-b286-eca16a4932d4] in helmextensionpriorityit-operator was MODIFIED
2025-01-29 22:12:47,951 INFO c.h.h.t.HelmChartContainer - [K3S] [replica_set.go:679] "Finished syncing" kind="ReplicaSet" key="helmextensionpriorityit-operator/hivemq-test-hivemq-platform-operator-6966f96d65" duration="11.393527ms"
2025-01-29 22:12:47,951 INFO c.h.h.t.HelmChartContainer - [K3S] [replica_set.go:679] "Finished syncing" kind="ReplicaSet" key="helmextensionpriorityit-operator/hivemq-test-hivemq-platform-operator-6966f96d65" duration="44.423µs"
2025-01-29 22:12:47,958 INFO c.h.h.t.HelmChartContainer - [EVENT] Normal [Killing] Stopping container hivemq-platform-operator [helmextensionpriorityit-operator:hivemq-test-hivemq-platform-operator-6966f96d65-p6j4s]
2025-01-29 22:12:47,958 INFO c.h.h.t.HelmChartContainer - Received Killing event for container hivemq-platform-operator in pod hivemq-test-hivemq-platform-operator-6966f96d65-p6j4s [b6c4fdf4-cab0-48f4-b286-eca16a4932d4]
2025-01-29 22:12:47,958 INFO c.h.h.t.HelmChartContainer - Container [hivemq-test-hivemq-platform-operator-6966f96d65-p6j4s] [hivemq-platform-operator] [b6c4fdf4-cab0-48f4-b286-eca16a4932d4] was terminated
2025-01-29 22:12:47,958 INFO c.h.h.t.HelmChartContainer - Stopped log watcher for hivemq-platform-operator in pod hivemq-test-hivemq-platform-operator-6966f96d65-p6j4s [b6c4fdf4-cab0-48f4-b286-eca16a4932d4]
2025-01-29 22:12:47,984 INFO c.h.h.t.HelmChartContainer - [hivemq-test-hivemq-platform] [hivemq-platform-operator] [b6c4fdf4] 22:12:47.982 [application-shutdown-thread] INFO  c.h.p.o.HiveMQPlatformOperatorApplication - HiveMQ Platform Operator is stopping...
2025-01-29 22:12:47,984 INFO c.h.h.t.HelmChartContainer - [hivemq-test-hivemq-platform] [hivemq-platform-operator] [b6c4fdf4] 22:12:47.982 [application-shutdown-thread] INFO  i.javaoperatorsdk.operator.Operator - Operator SDK 4.9.7 is shutting down...
2025-01-29 22:12:48,571 INFO c.h.h.t.HelmChartContainer - [K3S] [replica_set.go:679] "Finished syncing" kind="ReplicaSet" key="helmextensionpriorityit-operator/hivemq-test-hivemq-platform-operator-6966f96d65" duration="37.62µs"
2025-01-29 22:12:48,572 INFO c.h.h.t.HelmChartContainer - [POD] hivemq-test-hivemq-platform-operator-6966f96d65-p6j4s [b6c4fdf4-cab0-48f4-b286-eca16a4932d4] in helmextensionpriorityit-operator was MODIFIED
2025-01-29 22:12:48,720 INFO c.h.h.t.HelmChartContainer - [K3S] [reconciler_common.go:162] "operationExecutor.UnmountVolume started for volume \"kube-api-access-jwvcb\" (UniqueName: \"kubernetes.io/projected/b6c4fdf4-cab0-48f4-b286-eca16a4932d4-kube-api-access-jwvcb\") pod \"b6c4fdf4-cab0-48f4-b286-eca16a4932d4\" (UID: \"b6c4fdf4-cab0-48f4-b286-eca16a4932d4\") "
2025-01-29 22:12:48,821 INFO c.h.h.t.HelmChartContainer - [K3S] [reconciler_common.go:299] "Volume detached for volume \"kube-api-access-jwvcb\" (UniqueName: \"kubernetes.io/projected/b6c4fdf4-cab0-48f4-b286-eca16a4932d4-kube-api-access-jwvcb\") on node \"43acab72dce7\" DevicePath \"\""
2025-01-29 22:12:49,245 INFO c.h.h.t.HelmChartContainer - [K3S] [scope.go:117] "RemoveContainer" containerID="85d7746005c1259db75a6fea352d9b1dc5719c37438ff1e9ad95d618cc91907c"
2025-01-29 22:12:49,248 INFO c.h.h.t.HelmChartContainer - [K3S] [scope.go:117] "RemoveContainer" containerID="85d7746005c1259db75a6fea352d9b1dc5719c37438ff1e9ad95d618cc91907c"
2025-01-29 22:12:49,256 INFO c.h.h.t.HelmChartContainer - [K3S] [replica_set.go:679] "Finished syncing" kind="ReplicaSet" key="helmextensionpriorityit-operator/hivemq-test-hivemq-platform-operator-6966f96d65" duration="43.521µs"
2025-01-29 22:12:49,257 INFO c.h.h.t.HelmChartContainer - [POD] hivemq-test-hivemq-platform-operator-6966f96d65-p6j4s [b6c4fdf4-cab0-48f4-b286-eca16a4932d4] in helmextensionpriorityit-operator was MODIFIED
2025-01-29 22:12:49,259 INFO c.h.h.t.HelmChartContainer - [POD] hivemq-test-hivemq-platform-operator-6966f96d65-p6j4s [b6c4fdf4-cab0-48f4-b286-eca16a4932d4] in helmextensionpriorityit-operator was DELETED
2025-01-29 22:12:49,261 INFO c.h.h.t.HelmChartContainer - [K3S] [replica_set.go:679] "Finished syncing" kind="ReplicaSet" key="helmextensionpriorityit-operator/hivemq-test-hivemq-platform-operator-6966f96d65" duration="29.565µs"
2025-01-29 22:12:49,272 INFO c.h.h.t.HelmChartContainer - [K3S] [replica_set.go:679] "Finished syncing" kind="ReplicaSet" key="helmextensionpriorityit-operator/hivemq-test-hivemq-platform-operator-6966f96d65" duration="5.981µs"
2025-01-29 22:12:49,961 INFO c.h.h.t.HelmChartContainer - Deleting namespace 'helmextensionpriorityit-operator'...
2025-01-29 22:12:50,043 INFO c.h.h.t.HelmChartContainer - [K3S] [kubelet_volumes.go:163] "Cleaned up orphaned pod volumes dir" podUID="b6c4fdf4-cab0-48f4-b286-eca16a4932d4" path="/var/lib/kubelet/pods/b6c4fdf4-cab0-48f4-b286-eca16a4932d4/volumes"
2025-01-29 22:12:52,698 INFO c.h.h.t.HelmChartContainer - [K3S] [namespace_controller.go:187] "Namespace has been deleted" namespace="helmextensionpriorityit"
2025-01-29 22:12:55,177 INFO c.h.h.t.HelmChartContainer - Namespace 'helmextensionpriorityit-operator' deleted
2025-01-29 22:12:55,177 INFO c.h.h.t.HelmChartContainer - Release 'test-hivemq-platform-operator' in namespace 'helmextensionpriorityit-operator' is uninstalled
2025-01-29 22:12:55,830 INFO c.h.helmcharts.AbstractHelmChartIT - Removed unused containers:

2025-01-29 22:13:00,075 INFO c.h.h.t.HelmChartContainer - [K3S] [namespace_controller.go:187] "Namespace has been deleted" namespace="helmextensionpriorityit-operator"
2025-01-29 22:13:04,273 INFO c.h.helmcharts.AbstractHelmChartIT - Removed unused snapshots:
Removing snapshot sha256:03af251906410714c5aef9fa705b63f6bbc39c4a5e787de7361eeb18886c2ed2
Removing snapshot sha256:0c46b3b43cce082ce5ec34ffc6c294e0417d17b9d1e6f366d114b6aadc4f96dc
Removing snapshot sha256:0ce761beee59082d6ed5bcebd3a805b8ddd9b3426b617e4809e7fb7c6587ffec
Removing snapshot sha256:0df91287303208332c8ff6ba40ae4710105201739addbfbddfb955f1ad593664
Removing snapshot sha256:1021ef88c7974bfff89c5a0ec4fd3160daac6c48a075f74cff721f85dd104e68
Removing snapshot sha256:10aba4953ddc18145dd38e3704709bc464aa20af60b56fe52caaff4b68411e62
Removing snapshot sha256:22e1399c96cb5b66d2e3241c3e0380353e0aff58cb50eb165e654906304ec42b
Removing snapshot sha256:2573e0d8158209ed54ab25c87bcdcb00bd3d2539246960a3d592a1c599d70465
Removing snapshot sha256:362a8a37f8bbc31925a8146adcf7cf51f9882f5c1dcbef67c5baa03a297543c0
Removing snapshot sha256:43a7c979bbaba6838bc3102d6b10a1459f3ab050b87ccdfef84ef90cf43d3058
Removing snapshot sha256:4ab04491cdf0d3267f08206fe30bd48f49f94b9cab2f016d6739220f722a64af
Removing snapshot sha256:4b6068250e89c96f263060261819c7d912855bfbd64b3eb4c4a8483299b8c295
Removing snapshot sha256:580e69a0a8034ede1921139bbd2bfb72a69ebf276d008281896c32dd8bf74775
Removing snapshot sha256:5d30ba46b27fe37484567ccc5242cadc78217b8da605f3f195ef25cbf7487904
Removing snapshot sha256:5ec183755d09a0a54d0f83e5a705f28f1606fe75660c13148fe125e4f12af39f
Removing snapshot sha256:63ca1fbb43ae5034640e5e6cb3e083e05c290072c5366fcaa9d62435a4cced85
Removing snapshot sha256:67f702c6baae873bceb19487c8b1f27bd2b86077e4f2f0e480e6d60ab508b8f5
Removing snapshot sha256:6864348dd42806d552efdec384f1274be15e2d0c10ce44c1f04347af004c10a9
Removing snapshot sha256:6c7dee8f2c39b84b7dc2711c01d33de93514d9055499173e9290176fbe484b6c
Removing snapshot sha256:82753493a6d61ded36556292f02f31841a14c20d2f279f19eaad65afb661d5cd
Removing snapshot sha256:8a10d3db42c505ee0fcfa98417bdd7e39b304f6bcc0a06bb1b220797ff2cc63c
Removing snapshot sha256:8ad081ee0d46efdea0492cd0bb527c50a8891276fd408ec1269522ac9d6d5580
Removing snapshot sha256:a0904247e36a7726c03c71ee48f3e64462021c88dafeb13f37fdaf613b27f11c
Removing snapshot sha256:a21e5b12dbac529ad45d976eb9ce45c881f3bedcc500fb30aba1e52aa1813418
Removing snapshot sha256:a8d62a6e94dbe8920ecfafa3b3aff0ef70aa26ca929f90b110db998eec09bab5
Removing snapshot sha256:ad858b4eee2d8f479065d1b8c650e13c815e75b2e4503c05a67cdc8880b0975a
Removing snapshot sha256:aeed690d5822d641d3a56e7befd64a502349cb09130bd2c007b92cb73fb1e12a
Removing snapshot sha256:b921e6c28969094157f9b8e7244677780319637afd14450b7cb6b2fdea558a0c
Removing snapshot sha256:bc27ecb5769a00e309cf99ebc763c4a4b958b618d1decc96ffac5bc05f02f5b7
Removing snapshot sha256:be3ccb6627a5332e309d45ef461d09b4879dd870c7394d89323d0ebc6ca6aa8a
Removing snapshot sha256:c261f7cbbc64211ee175ee47273acdb7b1a36a4450b397a064a8f2c026490095
Removing snapshot sha256:c34d9393647eea0c9e3557ab988efaf59f61d10a2a5613b439ef0958cca5ec10
Removing snapshot sha256:ccf3c4a0fa967a41c1c83497a2ce6fa5787965859df0adb32c4ca2cf7490bc2b
Removing snapshot sha256:cf92d33f869417309692088c341cd0f223c178ea78a125f757317b22aa8f90e9
Removing snapshot sha256:d0037344cf2fb078884f1849f6a1f8cf9a33a3b6139b6a85833e5ee528e1f9a8
Removing snapshot sha256:d3b36d5b79273b1e98e7700470eaeff05a882e777124d84cebcc1505b85ecb36
Removing snapshot sha256:d65a44a37914602d12c611e5e22a50f11451d847e63015cc1c2aef92dee777a4
Removing snapshot sha256:e2dc0bae2455930f23ae570e019b7f32edc75c0f2d71cab084db837ff9051796
Removing snapshot sha256:eccbd24a99c60cd9e86ee5305dbfc4a4dc89f5ab4fb1f06c8d64797cecedef34
Removing snapshot sha256:f144bb4c7c7f0d2aa7eeffd36d934ec40db1ee167be727e326aad9fdc616f475

]]></system-out>
  </testcase>
  <system-out><![CDATA[2025-01-29 22:10:22,938 INFO c.h.h.t.HelmChartContainerExtension - Using cached HelmChartContainer instance
2025-01-29 22:10:22,944 INFO c.h.h.t.HelmChartContainerExtension - Creating cached HelmChartContainer instance
2025-01-29 22:10:22,963 INFO o.testcontainers.DockerClientFactory - Testcontainers version: 1.20.4
2025-01-29 22:10:23,410 INFO o.t.d.DockerClientProviderStrategy - Found Docker environment with local Unix socket (unix:///var/run/docker.sock)
2025-01-29 22:10:23,420 INFO o.testcontainers.DockerClientFactory - Docker host IP address is localhost
2025-01-29 22:10:23,435 INFO o.testcontainers.DockerClientFactory - Connected to docker: 
  Server Version: 26.1.3
  API Version: 1.45
  Operating System: Ubuntu 24.04.1 LTS
  Total Memory: 15990 MB
2025-01-29 22:10:23,441 INFO o.testcontainers.images.PullPolicy - Image pull policy will be performed by: DefaultPullPolicy()
2025-01-29 22:10:23,443 INFO o.t.utility.ImageNameSubstitutor - Image name substitution will be performed by: DefaultImageNameSubstitutor (composite of 'ConfigurationFileImageNameSubstitutor' and 'PrefixingImageNameSubstitutor')
2025-01-29 22:10:23,467 INFO tc.testcontainers/ryuk:0.11.0 - Pulling docker image: testcontainers/ryuk:0.11.0. Please be patient; this may take some time but only needs to be done once.
2025-01-29 22:10:23,687 INFO tc.testcontainers/ryuk:0.11.0 - Starting to pull image
2025-01-29 22:10:23,703 INFO tc.testcontainers/ryuk:0.11.0 - Pulling image layers:  0 pending,  0 downloaded,  0 extracted, (0 bytes/0 bytes)
2025-01-29 22:10:23,799 INFO tc.testcontainers/ryuk:0.11.0 - Pulling image layers:  2 pending,  1 downloaded,  0 extracted, (807 KB/? MB)
2025-01-29 22:10:23,813 INFO tc.testcontainers/ryuk:0.11.0 - Pulling image layers:  1 pending,  2 downloaded,  0 extracted, (878 KB/? MB)
2025-01-29 22:10:23,917 INFO tc.testcontainers/ryuk:0.11.0 - Pulling image layers:  1 pending,  2 downloaded,  1 extracted, (8 MB/? MB)
2025-01-29 22:10:23,930 INFO tc.testcontainers/ryuk:0.11.0 - Pulling image layers:  0 pending,  3 downloaded,  1 extracted, (8 MB/10 MB)
2025-01-29 22:10:24,081 INFO tc.testcontainers/ryuk:0.11.0 - Pulling image layers:  0 pending,  3 downloaded,  2 extracted, (8 MB/10 MB)
2025-01-29 22:10:24,670 INFO tc.testcontainers/ryuk:0.11.0 - Pulling image layers:  0 pending,  3 downloaded,  3 extracted, (10 MB/10 MB)
2025-01-29 22:10:24,676 INFO tc.testcontainers/ryuk:0.11.0 - Image testcontainers/ryuk:0.11.0 pull took PT1.209185626S
2025-01-29 22:10:24,698 INFO tc.testcontainers/ryuk:0.11.0 - Creating container for image: testcontainers/ryuk:0.11.0
2025-01-29 22:10:24,757 INFO tc.testcontainers/ryuk:0.11.0 - Container testcontainers/ryuk:0.11.0 is starting: 0ed2d88697e89ad0feaa35349bf9e3bc4fcf15f28d91b43726d057146b27c811
2025-01-29 22:10:24,997 INFO tc.testcontainers/ryuk:0.11.0 - Container testcontainers/ryuk:0.11.0 started in PT0.298994315S
2025-01-29 22:10:25,001 INFO o.t.utility.RyukResourceReaper - Ryuk started - will monitor and terminate Testcontainers containers on JVM exit
2025-01-29 22:10:25,001 INFO o.testcontainers.DockerClientFactory - Checking the system...
2025-01-29 22:10:25,002 INFO o.testcontainers.DockerClientFactory - ✔︎ Docker server version should be at least 1.6.0
2025-01-29 22:10:25,075 INFO o.t.i.builder.ImageFromDockerfile - Pre-emptively checking local images for 'ubuntu:noble-20241118.1@sha256:80dd3c3b9c6cecb9f1667e9290b3bc61b78c2678c02cbdae5f0fea92cc6734ab', referenced via a Dockerfile. If not available, it will be pulled.
2025-01-29 22:10:25,078 INFO t.u.1@sha256:80dd3c... - Pulling docker image: ubuntu:noble-20241118.1@sha256:80dd3c3b9c6cecb9f1667e9290b3bc61b78c2678c02cbdae5f0fea92cc6734ab. Please be patient; this may take some time but only needs to be done once.
2025-01-29 22:10:25,197 INFO t.u.1@sha256:80dd3c... - Starting to pull image
2025-01-29 22:10:25,198 INFO t.u.1@sha256:80dd3c... - Pulling image layers:  0 pending,  0 downloaded,  0 extracted, (0 bytes/0 bytes)
2025-01-29 22:10:25,920 INFO t.u.1@sha256:80dd3c... - Pulling image layers:  0 pending,  1 downloaded,  0 extracted, (25 MB/28 MB)
2025-01-29 22:10:26,841 INFO t.u.1@sha256:80dd3c... - Pulling image layers:  0 pending,  1 downloaded,  1 extracted, (28 MB/28 MB)
2025-01-29 22:10:26,846 INFO t.u.1@sha256:80dd3c... - Pull complete. 1 layers, pulled in 1s (downloaded 28 MB at 28 MB/s)
2025-01-29 22:10:26,846 INFO t.u.1@sha256:80dd3c... - Image ubuntu:noble-20241118.1@sha256:80dd3c3b9c6cecb9f1667e9290b3bc61b78c2678c02cbdae5f0fea92cc6734ab pull took PT1.768040782S
2025-01-29 22:10:26,849 INFO o.t.i.builder.ImageFromDockerfile - Pre-emptively checking local images for 'rancher/k3s:v1.32.1-k3s1', referenced via a Dockerfile. If not available, it will be pulled.
2025-01-29 22:10:26,850 INFO tc.rancher/k3s:v1.32.1-k3s1 - Pulling docker image: rancher/k3s:v1.32.1-k3s1. Please be patient; this may take some time but only needs to be done once.
2025-01-29 22:10:27,012 INFO tc.rancher/k3s:v1.32.1-k3s1 - Starting to pull image
2025-01-29 22:10:27,013 INFO tc.rancher/k3s:v1.32.1-k3s1 - Pulling image layers:  0 pending,  0 downloaded,  0 extracted, (0 bytes/0 bytes)
2025-01-29 22:10:29,082 INFO tc.rancher/k3s:v1.32.1-k3s1 - Pulling image layers:  0 pending,  1 downloaded,  0 extracted, (69 MB/71 MB)
2025-01-29 22:10:30,128 INFO tc.rancher/k3s:v1.32.1-k3s1 - Pulling image layers:  0 pending,  1 downloaded,  1 extracted, (71 MB/71 MB)
2025-01-29 22:10:30,135 INFO tc.rancher/k3s:v1.32.1-k3s1 - Pull complete. 1 layers, pulled in 3s (downloaded 71 MB at 23 MB/s)
2025-01-29 22:10:30,135 INFO tc.rancher/k3s:v1.32.1-k3s1 - Image rancher/k3s:v1.32.1-k3s1 pull took PT3.284067741S
2025-01-29 22:10:30,140 INFO o.t.i.builder.ImageFromDockerfile - Transferred 0 bytes to Docker daemon
2025-01-29 22:10:43,019 INFO c.h.h.t.HelmChartContainer - Starting HelmChartContainer...
2025-01-29 22:10:43,022 INFO t.localhost/testcontainers/slwtrfeefjlj1jwh:latest - Creating container for image: localhost/testcontainers/slwtrfeefjlj1jwh:latest
2025-01-29 22:10:43,091 INFO tc.alpine:3.17 - Pulling docker image: alpine:3.17. Please be patient; this may take some time but only needs to be done once.
2025-01-29 22:10:43,285 INFO tc.alpine:3.17 - Starting to pull image
2025-01-29 22:10:43,286 INFO tc.alpine:3.17 - Pulling image layers:  0 pending,  0 downloaded,  0 extracted, (0 bytes/0 bytes)
2025-01-29 22:10:43,500 INFO tc.alpine:3.17 - Pulling image layers:  0 pending,  1 downloaded,  0 extracted, (33 KB/3 MB)
2025-01-29 22:10:43,593 INFO tc.alpine:3.17 - Pulling image layers:  0 pending,  1 downloaded,  1 extracted, (3 MB/3 MB)
2025-01-29 22:10:43,599 INFO tc.alpine:3.17 - Image alpine:3.17 pull took PT0.507516182S
2025-01-29 22:10:44,153 INFO t.localhost/testcontainers/slwtrfeefjlj1jwh:latest - Container localhost/testcontainers/slwtrfeefjlj1jwh:latest is starting: 43acab72dce722d1fe524cd430c7dc3132e99ab19641c827223f8639e829bfa7
2025-01-29 22:10:44,512 INFO c.h.h.t.HelmChartContainer - [K3S] [INFO] Starting k3s v1.32.1+k3s1 (6a322f12)
2025-01-29 22:10:44,515 INFO c.h.h.t.HelmChartContainer - [K3S] [INFO] Configuring sqlite3 database connection pooling: maxIdleConns=2, maxOpenConns=0, connMaxLifetime=0s
2025-01-29 22:10:44,515 INFO c.h.h.t.HelmChartContainer - [K3S] [INFO] Configuring database table schema and indexes, this may take a moment...
2025-01-29 22:10:44,518 INFO c.h.h.t.HelmChartContainer - [K3S] [INFO] Database tables and indexes are up to date
2025-01-29 22:10:44,521 INFO c.h.h.t.HelmChartContainer - [K3S] [INFO] Kine available at unix://kine.sock
2025-01-29 22:10:44,640 INFO c.h.h.t.HelmChartContainer - [K3S] [INFO] Saving cluster bootstrap data to datastore
2025-01-29 22:10:44,641 INFO c.h.h.t.HelmChartContainer - [K3S] [WARNING] dynamiclistener [::]:6443: no cached certificate available for preload - deferring certificate load until storage initialization or first client request
2025-01-29 22:10:44,641 INFO c.h.h.t.HelmChartContainer - [K3S] [INFO] Active TLS secret / (ver=) (count 10): map[listener.cattle.io/cn-10.43.0.1:10.43.0.1 listener.cattle.io/cn-127.0.0.1:127.0.0.1 listener.cattle.io/cn-172.18.0.2:172.18.0.2 listener.cattle.io/cn-43acab72dce7:43acab72dce7 listener.cattle.io/cn-__1-f16284:::1 listener.cattle.io/cn-kubernetes:kubernetes listener.cattle.io/cn-kubernetes.default:kubernetes.default listener.cattle.io/cn-kubernetes.default.svc:kubernetes.default.svc listener.cattle.io/cn-kubernetes.default.svc.cluster.local:kubernetes.default.svc.cluster.local listener.cattle.io/cn-localhost:localhost listener.cattle.io/fingerprint:SHA1=1240558B9AF77B4B3453ED2406EE5CC7AFA0A0E9]
2025-01-29 22:10:44,804 INFO c.h.h.t.HelmChartContainer - [K3S] [INFO] Running kube-apiserver --advertise-port=6443 --allow-privileged=true --anonymous-auth=false --api-audiences=https://kubernetes.default.svc.cluster.local,k3s --authorization-mode=Node,RBAC --bind-address=127.0.0.1 --cert-dir=/var/lib/rancher/k3s/server/tls/temporary-certs --client-ca-file=/var/lib/rancher/k3s/server/tls/client-ca.crt --egress-selector-config-file=/var/lib/rancher/k3s/server/etc/egress-selector-config.yaml --enable-admission-plugins=NodeRestriction --enable-aggregator-routing=true --enable-bootstrap-token-auth=true --etcd-compaction-interval=0s --etcd-servers=unix://kine.sock --kubelet-certificate-authority=/var/lib/rancher/k3s/server/tls/server-ca.crt --kubelet-client-certificate=/var/lib/rancher/k3s/server/tls/client-kube-apiserver.crt --kubelet-client-key=/var/lib/rancher/k3s/server/tls/client-kube-apiserver.key --kubelet-preferred-address-types=InternalIP,ExternalIP,Hostname --profiling=false --proxy-client-cert-file=/var/lib/rancher/k3s/server/tls/client-auth-proxy.crt --proxy-client-key-file=/var/lib/rancher/k3s/server/tls/client-auth-proxy.key --requestheader-allowed-names=system:auth-proxy --requestheader-client-ca-file=/var/lib/rancher/k3s/server/tls/request-header-ca.crt --requestheader-extra-headers-prefix=X-Remote-Extra- --requestheader-group-headers=X-Remote-Group --requestheader-username-headers=X-Remote-User --secure-port=6444 --service-account-issuer=https://kubernetes.default.svc.cluster.local --service-account-key-file=/var/lib/rancher/k3s/server/tls/service.key --service-account-signing-key-file=/var/lib/rancher/k3s/server/tls/service.current.key --service-cluster-ip-range=10.43.0.0/16 --service-node-port-range=30000-32767 --storage-backend=etcd3 --tls-cert-file=/var/lib/rancher/k3s/server/tls/serving-kube-apiserver.crt --tls-cipher-suites=TLS_ECDHE_ECDSA_WITH_AES_256_GCM_SHA384,TLS_ECDHE_RSA_WITH_AES_256_GCM_SHA384,TLS_ECDHE_ECDSA_WITH_AES_128_GCM_SHA256,TLS_ECDHE_RSA_WITH_AES_128_GCM_SHA256,TLS_ECDHE_ECDSA_WITH_CHACHA20_POLY1305,TLS_ECDHE_RSA_WITH_CHACHA20_POLY1305 --tls-private-key-file=/var/lib/rancher/k3s/server/tls/serving-kube-apiserver.key
2025-01-29 22:10:44,807 INFO c.h.h.t.HelmChartContainer - [K3S] [INFO] Running kube-scheduler --authentication-kubeconfig=/var/lib/rancher/k3s/server/cred/scheduler.kubeconfig --authorization-kubeconfig=/var/lib/rancher/k3s/server/cred/scheduler.kubeconfig --bind-address=127.0.0.1 --kubeconfig=/var/lib/rancher/k3s/server/cred/scheduler.kubeconfig --leader-elect=false --profiling=false --secure-port=10259
2025-01-29 22:10:44,807 INFO c.h.h.t.HelmChartContainer - [K3S] [registry.go:256] calling componentGlobalsRegistry.AddFlags more than once, the registry will be set by the latest flags
2025-01-29 22:10:44,807 INFO c.h.h.t.HelmChartContainer - [K3S] [INFO] Waiting for API server to become available
2025-01-29 22:10:44,811 INFO c.h.h.t.HelmChartContainer - [K3S] [INFO] Running kube-controller-manager --allocate-node-cidrs=true --authentication-kubeconfig=/var/lib/rancher/k3s/server/cred/controller.kubeconfig --authorization-kubeconfig=/var/lib/rancher/k3s/server/cred/controller.kubeconfig --bind-address=127.0.0.1 --cluster-cidr=10.42.0.0/16 --cluster-signing-kube-apiserver-client-cert-file=/var/lib/rancher/k3s/server/tls/client-ca.nochain.crt --cluster-signing-kube-apiserver-client-key-file=/var/lib/rancher/k3s/server/tls/client-ca.key --cluster-signing-kubelet-client-cert-file=/var/lib/rancher/k3s/server/tls/client-ca.nochain.crt --cluster-signing-kubelet-client-key-file=/var/lib/rancher/k3s/server/tls/client-ca.key --cluster-signing-kubelet-serving-cert-file=/var/lib/rancher/k3s/server/tls/server-ca.nochain.crt --cluster-signing-kubelet-serving-key-file=/var/lib/rancher/k3s/server/tls/server-ca.key --cluster-signing-legacy-unknown-cert-file=/var/lib/rancher/k3s/server/tls/server-ca.nochain.crt --cluster-signing-legacy-unknown-key-file=/var/lib/rancher/k3s/server/tls/server-ca.key --configure-cloud-routes=false --controllers=*,tokencleaner,-service,-route,-cloud-node-lifecycle --kubeconfig=/var/lib/rancher/k3s/server/cred/controller.kubeconfig --leader-elect=false --profiling=false --root-ca-file=/var/lib/rancher/k3s/server/tls/server-ca.crt --secure-port=10257 --service-account-private-key-file=/var/lib/rancher/k3s/server/tls/service.current.key --service-cluster-ip-range=10.43.0.0/16 --use-service-account-credentials=true
2025-01-29 22:10:44,811 INFO c.h.h.t.HelmChartContainer - [K3S] [options.go:299] unable to set WatchListClient feature gate, err: cannot override default for feature "WatchListClient": gates already added to a flag set
2025-01-29 22:10:44,811 INFO c.h.h.t.HelmChartContainer - [K3S] [registry.go:256] calling componentGlobalsRegistry.AddFlags more than once, the registry will be set by the latest flags
2025-01-29 22:10:44,811 INFO c.h.h.t.HelmChartContainer - [K3S] [registry.go:256] calling componentGlobalsRegistry.AddFlags more than once, the registry will be set by the latest flags
2025-01-29 22:10:44,814 INFO c.h.h.t.HelmChartContainer - [K3S] [INFO] Running cloud-controller-manager --allocate-node-cidrs=true --authentication-kubeconfig=/var/lib/rancher/k3s/server/cred/cloud-controller.kubeconfig --authorization-kubeconfig=/var/lib/rancher/k3s/server/cred/cloud-controller.kubeconfig --bind-address=127.0.0.1 --cloud-config=/var/lib/rancher/k3s/server/etc/cloud-config.yaml --cloud-provider=k3s --cluster-cidr=10.42.0.0/16 --configure-cloud-routes=false --controllers=*,-route --kubeconfig=/var/lib/rancher/k3s/server/cred/cloud-controller.kubeconfig --leader-elect=false --leader-elect-resource-name=k3s-cloud-controller-manager --node-status-update-frequency=1m0s --profiling=false
2025-01-29 22:10:44,814 INFO c.h.h.t.HelmChartContainer - [K3S] [options.go:238] external host was not specified, using 172.18.0.2
2025-01-29 22:10:44,814 INFO c.h.h.t.HelmChartContainer - [K3S] [INFO] Server node token is available at /var/lib/rancher/k3s/server/token
2025-01-29 22:10:44,814 INFO c.h.h.t.HelmChartContainer - [K3S] [INFO] To join server node to cluster: k3s server -s https://172.18.0.2:6443 -t ${SERVER_NODE_TOKEN}
2025-01-29 22:10:44,815 INFO c.h.h.t.HelmChartContainer - [K3S] [INFO] Agent node token is available at /var/lib/rancher/k3s/server/agent-token
2025-01-29 22:10:44,815 INFO c.h.h.t.HelmChartContainer - [K3S] [INFO] To join agent node to cluster: k3s agent -s https://172.18.0.2:6443 -t ${AGENT_NODE_TOKEN}
2025-01-29 22:10:44,815 INFO c.h.h.t.HelmChartContainer - [K3S] [INFO] Wrote kubeconfig /etc/rancher/k3s/k3s.yaml
2025-01-29 22:10:44,815 INFO c.h.h.t.HelmChartContainer - [K3S] [INFO] Run: k3s kubectl
2025-01-29 22:10:44,815 INFO c.h.h.t.HelmChartContainer - [K3S] [server.go:151] Version: v1.32.1+k3s1
2025-01-29 22:10:44,815 INFO c.h.h.t.HelmChartContainer - [K3S] [server.go:153] "Golang settings" GOGC="" GOMAXPROCS="" GOTRACEBACK=""
2025-01-29 22:10:45,221 INFO c.h.h.t.HelmChartContainer - [K3S] [plugins.go:157] Loaded 13 mutating admission controller(s) successfully in the following order: NamespaceLifecycle,LimitRanger,ServiceAccount,NodeRestriction,TaintNodesByCondition,Priority,DefaultTolerationSeconds,DefaultStorageClass,StorageObjectInUseProtection,RuntimeClass,DefaultIngressClass,MutatingAdmissionPolicy,MutatingAdmissionWebhook.
2025-01-29 22:10:45,221 INFO c.h.h.t.HelmChartContainer - [K3S] [plugins.go:160] Loaded 13 validating admission controller(s) successfully in the following order: LimitRanger,ServiceAccount,PodSecurity,Priority,PersistentVolumeClaimResize,RuntimeClass,CertificateApproval,CertificateSigning,ClusterTrustBundleAttest,CertificateSubjectRestriction,ValidatingAdmissionPolicy,ValidatingAdmissionWebhook,ResourceQuota.
2025-01-29 22:10:45,221 INFO c.h.h.t.HelmChartContainer - [K3S] [instance.go:233] Using reconciler: lease
2025-01-29 22:10:45,296 INFO c.h.h.t.HelmChartContainer - [K3S] [apis.go:106] API group "internal.apiserver.k8s.io" is not enabled, skipping.
2025-01-29 22:10:45,334 INFO c.h.h.t.HelmChartContainer - [K3S] [apis.go:106] API group "storagemigration.k8s.io" is not enabled, skipping.
2025-01-29 22:10:45,363 INFO c.h.h.t.HelmChartContainer - [K3S] [apis.go:106] API group "resource.k8s.io" is not enabled, skipping.
2025-01-29 22:10:45,379 INFO c.h.h.t.HelmChartContainer - [K3S] [INFO] Password verified locally for node 43acab72dce7
2025-01-29 22:10:45,667 INFO c.h.h.t.HelmChartContainer - [K3S] [dynamic_cafile_content.go:161] "Starting controller" name="request-header::/var/lib/rancher/k3s/server/tls/request-header-ca.crt"
2025-01-29 22:10:45,669 INFO c.h.h.t.HelmChartContainer - [K3S] [dynamic_cafile_content.go:161] "Starting controller" name="client-ca-bundle::/var/lib/rancher/k3s/server/tls/client-ca.crt"
2025-01-29 22:10:45,669 INFO c.h.h.t.HelmChartContainer - [K3S] [dynamic_serving_content.go:135] "Starting controller" name="serving-cert::/var/lib/rancher/k3s/server/tls/serving-kube-apiserver.crt::/var/lib/rancher/k3s/server/tls/serving-kube-apiserver.key"
2025-01-29 22:10:45,669 INFO c.h.h.t.HelmChartContainer - [K3S] [secure_serving.go:213] Serving securely on 127.0.0.1:6444
2025-01-29 22:10:45,674 INFO c.h.h.t.HelmChartContainer - [K3S] [tlsconfig.go:243] "Starting DynamicServingCertificateController"
2025-01-29 22:10:45,674 INFO c.h.h.t.HelmChartContainer - [K3S] [dynamic_serving_content.go:135] "Starting controller" name="aggregator-proxy-cert::/var/lib/rancher/k3s/server/tls/client-auth-proxy.crt::/var/lib/rancher/k3s/server/tls/client-auth-proxy.key"
2025-01-29 22:10:45,674 INFO c.h.h.t.HelmChartContainer - [K3S] [controller.go:80] Starting OpenAPI V3 AggregationController
2025-01-29 22:10:45,674 INFO c.h.h.t.HelmChartContainer - [K3S] [dynamic_cafile_content.go:161] "Starting controller" name="client-ca-bundle::/var/lib/rancher/k3s/server/tls/client-ca.crt"
2025-01-29 22:10:45,674 INFO c.h.h.t.HelmChartContainer - [K3S] [dynamic_cafile_content.go:161] "Starting controller" name="request-header::/var/lib/rancher/k3s/server/tls/request-header-ca.crt"
2025-01-29 22:10:45,674 INFO c.h.h.t.HelmChartContainer - [K3S] [controller.go:142] Starting OpenAPI controller
2025-01-29 22:10:45,674 INFO c.h.h.t.HelmChartContainer - [K3S] [controller.go:90] Starting OpenAPI V3 controller
2025-01-29 22:10:45,674 INFO c.h.h.t.HelmChartContainer - [K3S] [naming_controller.go:294] Starting NamingConditionController
2025-01-29 22:10:45,675 INFO c.h.h.t.HelmChartContainer - [K3S] [establishing_controller.go:81] Starting EstablishingController
2025-01-29 22:10:45,675 INFO c.h.h.t.HelmChartContainer - [K3S] [nonstructuralschema_controller.go:195] Starting NonStructuralSchemaConditionController
2025-01-29 22:10:45,675 INFO c.h.h.t.HelmChartContainer - [K3S] [apiapproval_controller.go:189] Starting KubernetesAPIApprovalPolicyConformantConditionController
2025-01-29 22:10:45,677 INFO c.h.h.t.HelmChartContainer - [K3S] [crd_finalizer.go:269] Starting CRDFinalizer
2025-01-29 22:10:45,677 INFO c.h.h.t.HelmChartContainer - [K3S] [apf_controller.go:377] Starting API Priority and Fairness config controller
2025-01-29 22:10:45,680 INFO c.h.h.t.HelmChartContainer - [K3S] [system_namespaces_controller.go:66] Starting system namespaces controller
2025-01-29 22:10:45,680 INFO c.h.h.t.HelmChartContainer - [K3S] [gc_controller.go:78] Starting apiserver lease garbage collector
2025-01-29 22:10:45,680 INFO c.h.h.t.HelmChartContainer - [K3S] [local_available_controller.go:156] Starting LocalAvailability controller
2025-01-29 22:10:45,680 INFO c.h.h.t.HelmChartContainer - [K3S] [apiservice_controller.go:100] Starting APIServiceRegistrationController
2025-01-29 22:10:45,680 INFO c.h.h.t.HelmChartContainer - [K3S] [cluster_authentication_trust_controller.go:462] Starting cluster_authentication_trust_controller controller
2025-01-29 22:10:45,681 INFO c.h.h.t.HelmChartContainer - [K3S] [remote_available_controller.go:411] Starting RemoteAvailability controller
2025-01-29 22:10:45,681 INFO c.h.h.t.HelmChartContainer - [K3S] [controller.go:119] Starting legacy_token_tracking_controller
2025-01-29 22:10:45,681 INFO c.h.h.t.HelmChartContainer - [K3S] [aggregator.go:169] waiting for initial CRD sync...
2025-01-29 22:10:45,682 INFO c.h.h.t.HelmChartContainer - [K3S] [controller.go:78] Starting OpenAPI AggregationController
2025-01-29 22:10:45,682 INFO c.h.h.t.HelmChartContainer - [K3S] [customresource_discovery_controller.go:292] Starting DiscoveryController
2025-01-29 22:10:45,682 INFO c.h.h.t.HelmChartContainer - [K3S] [crdregistration_controller.go:114] Starting crd-autoregister controller
2025-01-29 22:10:45,719 INFO c.h.h.t.HelmChartContainer - [K3S] [policy_source.go:240] refreshing policies
2025-01-29 22:10:45,769 INFO c.h.h.t.HelmChartContainer - [K3S] [apf_controller.go:382] Running API Priority and Fairness config worker
2025-01-29 22:10:45,769 INFO c.h.h.t.HelmChartContainer - [K3S] [apf_controller.go:385] Running API Priority and Fairness periodic rebalancing process
2025-01-29 22:10:45,773 INFO c.h.h.t.HelmChartContainer - [K3S] [handler_discovery.go:451] Starting ResourceDiscoveryManager
2025-01-29 22:10:45,774 INFO c.h.h.t.HelmChartContainer - [K3S] [aggregator.go:171] initial CRD sync complete...
2025-01-29 22:10:45,774 INFO c.h.h.t.HelmChartContainer - [K3S] [autoregister_controller.go:144] Starting autoregister controller
2025-01-29 22:10:45,774 INFO c.h.h.t.HelmChartContainer - [K3S] [controller.go:145] "Failed to ensure lease exists, will retry" err="namespaces \"kube-system\" not found" interval="200ms"
2025-01-29 22:10:45,822 INFO c.h.h.t.HelmChartContainer - [K3S] [controller.go:95] Unable to perform initial Kubernetes service initialization: namespaces "default" not found
2025-01-29 22:10:45,943 INFO c.h.h.t.HelmChartContainer - [K3S] [WARNING] Host resolv.conf includes loopback or multicast nameservers - kubelet will use autogenerated resolv.conf with nameserver 8.8.8.8
2025-01-29 22:10:45,952 INFO c.h.h.t.HelmChartContainer - [K3S] [INFO] Module overlay was already loaded
2025-01-29 22:10:45,952 INFO c.h.h.t.HelmChartContainer - [K3S] [INFO] Module nf_conntrack was already loaded
2025-01-29 22:10:45,953 INFO c.h.h.t.HelmChartContainer - [K3S] [INFO] Module br_netfilter was already loaded
2025-01-29 22:10:45,958 INFO c.h.h.t.HelmChartContainer - [K3S] [INFO] Set sysctl 'net/netfilter/nf_conntrack_max' to 131072
2025-01-29 22:10:45,958 INFO c.h.h.t.HelmChartContainer - [K3S] [INFO] Set sysctl 'net/netfilter/nf_conntrack_tcp_timeout_established' to 86400
2025-01-29 22:10:45,959 INFO c.h.h.t.HelmChartContainer - [K3S] [INFO] Set sysctl 'net/netfilter/nf_conntrack_tcp_timeout_close_wait' to 3600
2025-01-29 22:10:45,963 INFO c.h.h.t.HelmChartContainer - [K3S] [INFO] Logging containerd to /var/lib/rancher/k3s/agent/containerd/containerd.log
2025-01-29 22:10:45,963 INFO c.h.h.t.HelmChartContainer - [K3S] [INFO] Running containerd -c /var/lib/rancher/k3s/agent/etc/containerd/config.toml -a /run/k3s/containerd/containerd.sock --state /run/k3s/containerd --root /var/lib/rancher/k3s/agent/containerd
2025-01-29 22:10:46,671 INFO c.h.h.t.HelmChartContainer - [K3S] [storage_scheduling.go:95] created PriorityClass system-node-critical with value 2000001000
2025-01-29 22:10:46,673 INFO c.h.h.t.HelmChartContainer - [K3S] [storage_scheduling.go:95] created PriorityClass system-cluster-critical with value 2000000000
2025-01-29 22:10:46,674 INFO c.h.h.t.HelmChartContainer - [K3S] [storage_scheduling.go:111] all system priority classes are created successfully or already exist.
2025-01-29 22:10:46,964 INFO c.h.h.t.HelmChartContainer - [K3S] [INFO] containerd is now running
2025-01-29 22:10:46,967 INFO c.h.h.t.HelmChartContainer - [K3S] [INFO] Connecting to proxy" url="wss://127.0.0.1:6443/v1-k3s/connect
2025-01-29 22:10:46,968 INFO c.h.h.t.HelmChartContainer - [K3S] [INFO] Creating k3s-cert-monitor event broadcaster
2025-01-29 22:10:46,970 INFO c.h.h.t.HelmChartContainer - [K3S] [INFO] Running kubelet --cloud-provider=external --config-dir=/var/lib/rancher/k3s/agent/etc/kubelet.conf.d --containerd=/run/k3s/containerd/containerd.sock --hostname-override=43acab72dce7 --kubeconfig=/var/lib/rancher/k3s/agent/kubelet.kubeconfig --node-ip=172.18.0.2 --node-labels=
2025-01-29 22:10:46,971 INFO c.h.h.t.HelmChartContainer - [K3S] [INFO] Handling backend connection request [43acab72dce7]
2025-01-29 22:10:46,974 INFO c.h.h.t.HelmChartContainer - [K3S] [INFO] Remotedialer connected to proxy" url="wss://127.0.0.1:6443/v1-k3s/connect
2025-01-29 22:10:47,076 INFO c.h.h.t.HelmChartContainer - [K3S] [ERROR] Sending HTTP/1.1 503 response to 127.0.0.1:55744: runtime core not ready
2025-01-29 22:10:47,131 INFO c.h.h.t.HelmChartContainer - [K3S] [alloc.go:330] "allocated clusterIPs" service="default/kubernetes" clusterIPs={"IPv4":"10.43.0.1"}
2025-01-29 22:10:47,134 INFO c.h.h.t.HelmChartContainer - [K3S] [lease.go:265] Resetting endpoints for master service "kubernetes" to [172.18.0.2]
2025-01-29 22:10:47,155 INFO c.h.h.t.HelmChartContainer - [K3S] [INFO] Running kube-proxy --cluster-cidr=10.42.0.0/16 --conntrack-max-per-core=0 --conntrack-tcp-timeout-close-wait=0s --conntrack-tcp-timeout-established=0s --healthz-bind-address=127.0.0.1 --hostname-override=43acab72dce7 --kubeconfig=/var/lib/rancher/k3s/agent/kubeproxy.kubeconfig --proxy-mode=iptables
2025-01-29 22:10:47,186 INFO c.h.h.t.HelmChartContainer - [K3S] [server.go:687] "Failed to retrieve node info" err="nodes \"43acab72dce7\" not found"
2025-01-29 22:10:47,810 INFO c.h.h.t.HelmChartContainer - [K3S] [INFO] Waiting for untainted node
2025-01-29 22:10:47,814 INFO c.h.h.t.HelmChartContainer - [K3S] [INFO] Kube API server is now running
2025-01-29 22:10:47,814 INFO c.h.h.t.HelmChartContainer - [K3S] [INFO] ETCD server is now running
2025-01-29 22:10:47,814 INFO c.h.h.t.HelmChartContainer - [K3S] [INFO] k3s is up and running
2025-01-29 22:10:47,814 INFO c.h.h.t.HelmChartContainer - [K3S] [INFO] Waiting for cloud-controller-manager privileges to become available
2025-01-29 22:10:47,814 INFO c.h.h.t.HelmChartContainer - [K3S] [INFO] Creating k3s-supervisor event broadcaster
2025-01-29 22:10:47,817 INFO c.h.h.t.HelmChartContainer - [K3S] [INFO] Applying CRD addons.k3s.cattle.io
2025-01-29 22:10:47,827 INFO c.h.h.t.HelmChartContainer - [K3S] [INFO] Applying CRD etcdsnapshotfiles.k3s.cattle.io
2025-01-29 22:10:47,836 INFO c.h.h.t.HelmChartContainer - [K3S] [INFO] Applying CRD helmcharts.helm.cattle.io
2025-01-29 22:10:47,854 INFO c.h.h.t.HelmChartContainer - [K3S] [INFO] Applying CRD helmchartconfigs.helm.cattle.io
2025-01-29 22:10:47,866 INFO c.h.h.t.HelmChartContainer - [K3S] [INFO] Waiting for CRD helmcharts.helm.cattle.io to become available
2025-01-29 22:10:47,974 INFO c.h.h.t.HelmChartContainer - [K3S] Flag --containerd has been deprecated, This is a cadvisor flag that was mistakenly registered with the Kubelet. Due to legacy concerns, it will follow the standard CLI deprecation timeline before being removed.
2025-01-29 22:10:47,978 INFO c.h.h.t.HelmChartContainer - [K3S] [server.go:515] "Kubelet version" kubeletVersion="v1.32.1+k3s1"
2025-01-29 22:10:47,978 INFO c.h.h.t.HelmChartContainer - [K3S] [server.go:517] "Golang settings" GOGC="" GOMAXPROCS="" GOTRACEBACK=""
2025-01-29 22:10:47,980 INFO c.h.h.t.HelmChartContainer - [K3S] [dynamic_cafile_content.go:161] "Starting controller" name="client-ca-bundle::/var/lib/rancher/k3s/agent/client-ca.crt"
2025-01-29 22:10:47,982 INFO c.h.h.t.HelmChartContainer - [K3S] [log.go:32] "RuntimeConfig from runtime service failed" err="rpc error: code = Unimplemented desc = method RuntimeConfig not implemented"
2025-01-29 22:10:47,982 INFO c.h.h.t.HelmChartContainer - [K3S] [server.go:1416] "CRI implementation should be updated to support RuntimeConfig when KubeletCgroupDriverFromCRI feature gate has been enabled. Falling back to using cgroupDriver from kubelet config."
2025-01-29 22:10:47,985 INFO c.h.h.t.HelmChartContainer - [K3S] [info.go:53] Couldn't collect info from any of the files in "/etc/machine-id,/var/lib/dbus/machine-id"
2025-01-29 22:10:47,985 INFO c.h.h.t.HelmChartContainer - [K3S] [server.go:767] "--cgroups-per-qos enabled, but --cgroup-root was not specified.  defaulting to /"
2025-01-29 22:10:47,986 INFO c.h.h.t.HelmChartContainer - [K3S] [server.go:836] "NoSwap is set due to memorySwapBehavior not specified" memorySwapBehavior="" FailSwapOn=false
2025-01-29 22:10:47,986 INFO c.h.h.t.HelmChartContainer - [K3S] [swap_util.go:115] "Swap is on" /proc/swaps contents=<
2025-01-29 22:10:47,986 INFO c.h.h.t.HelmChartContainer - [K3S] 	Filename				Type		Size		Used		Priority
2025-01-29 22:10:47,987 INFO c.h.h.t.HelmChartContainer - [K3S] 	/mnt/swapfile                           file		4194300		0		-2
2025-01-29 22:10:47,987 INFO c.h.h.t.HelmChartContainer - [K3S]  >
2025-01-29 22:10:47,987 INFO c.h.h.t.HelmChartContainer - [K3S] [container_manager_linux.go:268] "Container manager verified user specified cgroup-root exists" cgroupRoot=[]
2025-01-29 22:10:47,987 INFO c.h.h.t.HelmChartContainer - [K3S] [container_manager_linux.go:273] "Creating Container Manager object based on Node Config" nodeConfig={"NodeName":"43acab72dce7","RuntimeCgroupsName":"","SystemCgroupsName":"","KubeletCgroupsName":"/k3s","KubeletOOMScoreAdj":-999,"ContainerRuntime":"","CgroupsPerQOS":true,"CgroupRoot":"/","CgroupDriver":"cgroupfs","KubeletRootDir":"/var/lib/kubelet","ProtectKernelDefaults":false,"KubeReservedCgroupName":"","SystemReservedCgroupName":"","ReservedSystemCPUs":{},"EnforceNodeAllocatable":{"pods":{}},"KubeReserved":null,"SystemReserved":null,"HardEvictionThresholds":[{"Signal":"imagefs.available","Operator":"LessThan","Value":{"Quantity":null,"Percentage":0.05},"GracePeriod":0,"MinReclaim":null},{"Signal":"nodefs.available","Operator":"LessThan","Value":{"Quantity":null,"Percentage":0.05},"GracePeriod":0,"MinReclaim":null}],"QOSReserved":{},"CPUManagerPolicy":"none","CPUManagerPolicyOptions":null,"TopologyManagerScope":"container","CPUManagerReconcilePeriod":10000000000,"ExperimentalMemoryManagerPolicy":"None","ExperimentalMemoryManagerReservedMemory":null,"PodPidsLimit":-1,"EnforceCPULimits":true,"CPUCFSQuotaPeriod":100000000,"TopologyManagerPolicy":"none","TopologyManagerPolicyOptions":null,"CgroupVersion":2}
2025-01-29 22:10:47,987 INFO c.h.h.t.HelmChartContainer - [K3S] [topology_manager.go:138] "Creating topology manager with none policy"
2025-01-29 22:10:47,987 INFO c.h.h.t.HelmChartContainer - [K3S] [container_manager_linux.go:304] "Creating device plugin manager"
2025-01-29 22:10:47,987 INFO c.h.h.t.HelmChartContainer - [K3S] [state_mem.go:36] "Initialized new in-memory state store"
2025-01-29 22:10:47,988 INFO c.h.h.t.HelmChartContainer - [K3S] [kubelet.go:446] "Attempting to sync node with API server"
2025-01-29 22:10:47,988 INFO c.h.h.t.HelmChartContainer - [K3S] [kubelet.go:341] "Adding static pod path" path="/var/lib/rancher/k3s/agent/pod-manifests"
2025-01-29 22:10:47,988 INFO c.h.h.t.HelmChartContainer - [K3S] [kubelet.go:352] "Adding apiserver pod source"
2025-01-29 22:10:47,989 INFO c.h.h.t.HelmChartContainer - [K3S] [apiserver.go:42] "Waiting for node sync before watching apiserver pods"
2025-01-29 22:10:47,989 INFO c.h.h.t.HelmChartContainer - [K3S] [kuberuntime_manager.go:269] "Container runtime initialized" containerRuntime="containerd" version="v1.7.23-k3s2" apiVersion="v1"
2025-01-29 22:10:47,989 INFO c.h.h.t.HelmChartContainer - [K3S] [kubelet.go:890] "Not starting ClusterTrustBundle informer because we are in static kubelet mode"
2025-01-29 22:10:47,990 INFO c.h.h.t.HelmChartContainer - [K3S] [probe.go:272] Flexvolume plugin directory at /usr/libexec/kubernetes/kubelet-plugins/volume/exec/ does not exist. Recreating.
2025-01-29 22:10:47,991 INFO c.h.h.t.HelmChartContainer - [K3S] [watchdog_linux.go:99] "Systemd watchdog is not enabled"
2025-01-29 22:10:47,991 INFO c.h.h.t.HelmChartContainer - [K3S] [server.go:1282] "Started kubelet"
2025-01-29 22:10:47,991 INFO c.h.h.t.HelmChartContainer - [K3S] [server.go:169] "Starting to listen" address="0.0.0.0" port=10250
2025-01-29 22:10:47,994 INFO c.h.h.t.HelmChartContainer - [K3S] [server.go:490] "Adding debug handlers to kubelet server"
2025-01-29 22:10:47,995 INFO c.h.h.t.HelmChartContainer - [K3S] [server.go:208] "Starting to listen read-only" address="0.0.0.0" port=10255
2025-01-29 22:10:47,996 INFO c.h.h.t.HelmChartContainer - [K3S] [ratelimit.go:55] "Setting rate limiting for endpoint" service="podresources" qps=100 burstTokens=10
2025-01-29 22:10:47,996 INFO c.h.h.t.HelmChartContainer - [K3S] [server.go:243] "Starting to serve the podresources API" endpoint="unix:/var/lib/kubelet/pod-resources/kubelet.sock"
2025-01-29 22:10:47,997 INFO c.h.h.t.HelmChartContainer - [K3S] [kubelet.go:1561] "Image garbage collection failed once. Stats initialization may not have completed yet" err="invalid capacity 0 on image filesystem"
2025-01-29 22:10:47,998 INFO c.h.h.t.HelmChartContainer - [K3S] [fs_resource_analyzer.go:67] "Starting FS ResourceAnalyzer"
2025-01-29 22:10:48,008 INFO c.h.h.t.HelmChartContainer - [K3S] [dynamic_serving_content.go:135] "Starting controller" name="kubelet-server-cert-files::/var/lib/rancher/k3s/agent/serving-kubelet.crt::/var/lib/rancher/k3s/agent/serving-kubelet.key"
2025-01-29 22:10:48,008 INFO c.h.h.t.HelmChartContainer - [K3S] [kubelet_node_status.go:467] "Error getting the current node from lister" err="node \"43acab72dce7\" not found"
2025-01-29 22:10:48,008 INFO c.h.h.t.HelmChartContainer - [K3S] [volume_manager.go:297] "Starting Kubelet Volume Manager"
2025-01-29 22:10:48,008 INFO c.h.h.t.HelmChartContainer - [K3S] [desired_state_of_world_populator.go:149] "Desired state populator starts to run"
2025-01-29 22:10:48,009 INFO c.h.h.t.HelmChartContainer - [K3S] [reconciler.go:26] "Reconciler: start to sync state"
2025-01-29 22:10:48,011 INFO c.h.h.t.HelmChartContainer - [K3S] [factory.go:221] Registration of the systemd container factory successfully
2025-01-29 22:10:48,012 INFO c.h.h.t.HelmChartContainer - [K3S] [factory.go:219] Registration of the crio container factory failed: Get "http://%2Fvar%2Frun%2Fcrio%2Fcrio.sock/info": dial unix /var/run/crio/crio.sock: connect: no such file or directory
2025-01-29 22:10:48,020 INFO c.h.h.t.HelmChartContainer - [K3S] [factory.go:221] Registration of the containerd container factory successfully
2025-01-29 22:10:48,027 INFO c.h.h.t.HelmChartContainer - [K3S] [nodelease.go:49] "Failed to get node when trying to set owner ref to the node lease" err="nodes \"43acab72dce7\" not found" node="43acab72dce7"
2025-01-29 22:10:48,037 INFO c.h.h.t.HelmChartContainer - [K3S] [serving.go:392] Generated self-signed cert in-memory
2025-01-29 22:10:48,038 INFO c.h.h.t.HelmChartContainer - [K3S] [kubelet_network_linux.go:50] "Initialized iptables rules." protocol="IPv4"
2025-01-29 22:10:48,040 INFO c.h.h.t.HelmChartContainer - [K3S] [kubelet_network_linux.go:50] "Initialized iptables rules." protocol="IPv6"
2025-01-29 22:10:48,041 INFO c.h.h.t.HelmChartContainer - [K3S] [status_manager.go:227] "Starting to sync pod status with apiserver"
2025-01-29 22:10:48,042 INFO c.h.h.t.HelmChartContainer - [K3S] [watchdog_linux.go:127] "Systemd watchdog is not enabled or the interval is invalid, so health checking will not be started."
2025-01-29 22:10:48,042 INFO c.h.h.t.HelmChartContainer - [K3S] [kubelet.go:2388] "Starting kubelet main sync loop"
2025-01-29 22:10:48,042 INFO c.h.h.t.HelmChartContainer - [K3S] [kubelet.go:2412] "Skipping pod synchronization" err="[container runtime status check may not have completed yet, PLEG is not healthy: pleg has yet to be successful]"
2025-01-29 22:10:48,047 INFO c.h.h.t.HelmChartContainer - [K3S] [cpu_manager.go:221] "Starting CPU manager" policy="none"
2025-01-29 22:10:48,047 INFO c.h.h.t.HelmChartContainer - [K3S] [cpu_manager.go:222] "Reconciling" reconcilePeriod="10s"
2025-01-29 22:10:48,047 INFO c.h.h.t.HelmChartContainer - [K3S] [state_mem.go:36] "Initialized new in-memory state store"
2025-01-29 22:10:48,049 INFO c.h.h.t.HelmChartContainer - [K3S] [policy_none.go:49] "None policy: Start"
2025-01-29 22:10:48,049 INFO c.h.h.t.HelmChartContainer - [K3S] [memory_manager.go:186] "Starting memorymanager" policy="None"
2025-01-29 22:10:48,049 INFO c.h.h.t.HelmChartContainer - [K3S] [state_mem.go:35] "Initializing new in-memory state store"
2025-01-29 22:10:48,052 INFO c.h.h.t.HelmChartContainer - [K3S] [manager.go:519] "Failed to read data from checkpoint" checkpoint="kubelet_internal_checkpoint" err="checkpoint is not found"
2025-01-29 22:10:48,052 INFO c.h.h.t.HelmChartContainer - [K3S] [eviction_manager.go:189] "Eviction manager: starting control loop"
2025-01-29 22:10:48,053 INFO c.h.h.t.HelmChartContainer - [K3S] [container_log_manager.go:189] "Initializing container log rotate workers" workers=1 monitorPeriod="10s"
2025-01-29 22:10:48,055 INFO c.h.h.t.HelmChartContainer - [K3S] [plugin_manager.go:118] "Starting Kubelet Plugin Manager"
2025-01-29 22:10:48,056 INFO c.h.h.t.HelmChartContainer - [K3S] [eviction_manager.go:267] "eviction manager: failed to check if we have separate container filesystem. Ignoring." err="no imagefs label for configured runtime"
2025-01-29 22:10:48,056 INFO c.h.h.t.HelmChartContainer - [K3S] [eviction_manager.go:292] "Eviction manager: failed to get summary stats" err="failed to get node info: node \"43acab72dce7\" not found"
2025-01-29 22:10:48,153 INFO c.h.h.t.HelmChartContainer - [K3S] [kubelet_node_status.go:76] "Attempting to register node" node="43acab72dce7"
2025-01-29 22:10:48,157 INFO c.h.h.t.HelmChartContainer - [K3S] [kubelet_node_status.go:79] "Successfully registered node" node="43acab72dce7"
2025-01-29 22:10:48,157 INFO c.h.h.t.HelmChartContainer - [K3S] [kubelet_node_status.go:549] "Error updating node status, will retry" err="error getting node \"43acab72dce7\": node \"43acab72dce7\" not found"
2025-01-29 22:10:48,162 INFO c.h.h.t.HelmChartContainer - [K3S] [INFO] Annotations and labels have been set successfully on node: 43acab72dce7
2025-01-29 22:10:48,162 INFO c.h.h.t.HelmChartContainer - [K3S] [INFO] Starting flannel with backend vxlan
2025-01-29 22:10:48,364 INFO c.h.h.t.HelmChartContainer - [K3S] [kubelet_node_status.go:502] "Fast updating node status as it just became ready"
2025-01-29 22:10:48,369 INFO c.h.h.t.HelmChartContainer - [K3S] [INFO] Done waiting for CRD helmcharts.helm.cattle.io to become available
2025-01-29 22:10:48,369 INFO c.h.h.t.HelmChartContainer - [K3S] [INFO] Waiting for CRD helmchartconfigs.helm.cattle.io to become available
2025-01-29 22:10:48,387 INFO c.h.h.t.HelmChartContainer - [K3S] [server.go:698] "Successfully retrieved node IP(s)" IPs=["172.18.0.2"]
2025-01-29 22:10:48,387 INFO c.h.h.t.HelmChartContainer - [K3S] [server.go:234] "Kube-proxy configuration may be incomplete or incorrect" err="nodePortAddresses is unset; NodePort connections will be accepted on all local IPs. Consider using `--nodeport-addresses primary`"
2025-01-29 22:10:48,390 INFO c.h.h.t.HelmChartContainer - [K3S] [server.go:243] "kube-proxy running in dual-stack mode" primary ipFamily="IPv4"
2025-01-29 22:10:48,390 INFO c.h.h.t.HelmChartContainer - [K3S] [server_linux.go:170] "Using iptables Proxier"
2025-01-29 22:10:48,391 INFO c.h.h.t.HelmChartContainer - [K3S] [proxier.go:255] "Setting route_localnet=1 to allow node-ports on localhost; to change this either disable iptables.localhostNodePorts (--iptables-localhost-nodeports) or set nodePortAddresses (--nodeport-addresses) to filter loopback addresses"
2025-01-29 22:10:48,398 INFO c.h.h.t.HelmChartContainer - [K3S] [server.go:497] "Version info" version="v1.32.1+k3s1"
2025-01-29 22:10:48,398 INFO c.h.h.t.HelmChartContainer - [K3S] [server.go:499] "Golang settings" GOGC="" GOMAXPROCS="" GOTRACEBACK=""
2025-01-29 22:10:48,399 INFO c.h.h.t.HelmChartContainer - [K3S] [config.go:199] "Starting service config controller"
2025-01-29 22:10:48,399 INFO c.h.h.t.HelmChartContainer - [K3S] [config.go:105] "Starting endpoint slice config controller"
2025-01-29 22:10:48,399 INFO c.h.h.t.HelmChartContainer - [K3S] [config.go:329] "Starting node config controller"
2025-01-29 22:10:48,438 INFO c.h.h.t.HelmChartContainer - [K3S] [controllermanager.go:185] "Starting" version="v1.32.1+k3s1"
2025-01-29 22:10:48,438 INFO c.h.h.t.HelmChartContainer - [K3S] [controllermanager.go:187] "Golang settings" GOGC="" GOMAXPROCS="" GOTRACEBACK=""
2025-01-29 22:10:48,441 INFO c.h.h.t.HelmChartContainer - [K3S] [requestheader_controller.go:180] Starting RequestHeaderAuthRequestController
2025-01-29 22:10:48,441 INFO c.h.h.t.HelmChartContainer - [K3S] [configmap_cafile_content.go:205] "Starting controller" name="client-ca::kube-system::extension-apiserver-authentication::requestheader-client-ca-file"
2025-01-29 22:10:48,441 INFO c.h.h.t.HelmChartContainer - [K3S] [configmap_cafile_content.go:205] "Starting controller" name="client-ca::kube-system::extension-apiserver-authentication::client-ca-file"
2025-01-29 22:10:48,443 INFO c.h.h.t.HelmChartContainer - [K3S] [secure_serving.go:213] Serving securely on 127.0.0.1:10257
2025-01-29 22:10:48,443 INFO c.h.h.t.HelmChartContainer - [K3S] [tlsconfig.go:243] "Starting DynamicServingCertificateController"
2025-01-29 22:10:48,445 INFO c.h.h.t.HelmChartContainer - [K3S] [controllermanager.go:765] "Started controller" controller="serviceaccount-token-controller"
2025-01-29 22:10:48,450 INFO c.h.h.t.HelmChartContainer - [K3S] [controllermanager.go:765] "Started controller" controller="deployment-controller"
2025-01-29 22:10:48,450 INFO c.h.h.t.HelmChartContainer - [K3S] [controllermanager.go:717] "Controller is disabled by a feature gate" controller="resourceclaim-controller" requiredFeatureGates=["DynamicResourceAllocation"]
2025-01-29 22:10:48,450 INFO c.h.h.t.HelmChartContainer - [K3S] [deployment_controller.go:173] "Starting controller" controller="deployment"
2025-01-29 22:10:48,458 INFO c.h.h.t.HelmChartContainer - [K3S] [graph_builder.go:351] "Running" component="GraphBuilder"
2025-01-29 22:10:48,458 INFO c.h.h.t.HelmChartContainer - [K3S] [controllermanager.go:765] "Started controller" controller="garbage-collector-controller"
2025-01-29 22:10:48,464 INFO c.h.h.t.HelmChartContainer - [K3S] [controllermanager.go:765] "Started controller" controller="daemonset-controller"
2025-01-29 22:10:48,465 INFO c.h.h.t.HelmChartContainer - [K3S] [daemon_controller.go:294] "Starting daemon sets controller"
2025-01-29 22:10:48,470 INFO c.h.h.t.HelmChartContainer - [K3S] [controllermanager.go:765] "Started controller" controller="certificatesigningrequest-approving-controller"
2025-01-29 22:10:48,470 INFO c.h.h.t.HelmChartContainer - [K3S] [certificate_controller.go:120] "Starting certificate controller" name="csrapproving"
2025-01-29 22:10:48,475 INFO c.h.h.t.HelmChartContainer - [K3S] [controllermanager.go:765] "Started controller" controller="token-cleaner-controller"
2025-01-29 22:10:48,475 INFO c.h.h.t.HelmChartContainer - [K3S] [tokencleaner.go:117] "Starting token cleaner controller"
2025-01-29 22:10:48,480 INFO c.h.h.t.HelmChartContainer - [K3S] [controllermanager.go:765] "Started controller" controller="persistentvolumeclaim-protection-controller"
2025-01-29 22:10:48,480 INFO c.h.h.t.HelmChartContainer - [K3S] [controllermanager.go:717] "Controller is disabled by a feature gate" controller="storageversion-garbage-collector-controller" requiredFeatureGates=["APIServerIdentity","StorageVersionAPI"]
2025-01-29 22:10:48,480 INFO c.h.h.t.HelmChartContainer - [K3S] [controllermanager.go:717] "Controller is disabled by a feature gate" controller="selinux-warning-controller" requiredFeatureGates=["SELinuxChangePolicy"]
2025-01-29 22:10:48,480 INFO c.h.h.t.HelmChartContainer - [K3S] [pvc_protection_controller.go:168] "Starting PVC protection controller"
2025-01-29 22:10:48,485 INFO c.h.h.t.HelmChartContainer - [K3S] [controllermanager.go:765] "Started controller" controller="pod-garbage-collector-controller"
2025-01-29 22:10:48,485 INFO c.h.h.t.HelmChartContainer - [K3S] [gc_controller.go:99] "Starting GC controller"
2025-01-29 22:10:48,497 INFO c.h.h.t.HelmChartContainer - [K3S] [controllermanager.go:765] "Started controller" controller="horizontal-pod-autoscaler-controller"
2025-01-29 22:10:48,497 INFO c.h.h.t.HelmChartContainer - [K3S] [horizontal.go:201] "Starting HPA controller"
2025-01-29 22:10:48,547 INFO c.h.h.t.HelmChartContainer - [K3S] [certificate_controller.go:120] "Starting certificate controller" name="csrsigning-kubelet-serving"
2025-01-29 22:10:48,548 INFO c.h.h.t.HelmChartContainer - [K3S] [dynamic_serving_content.go:135] "Starting controller" name="csr-controller::/var/lib/rancher/k3s/server/tls/server-ca.nochain.crt::/var/lib/rancher/k3s/server/tls/server-ca.key"
2025-01-29 22:10:48,548 INFO c.h.h.t.HelmChartContainer - [K3S] [certificate_controller.go:120] "Starting certificate controller" name="csrsigning-kubelet-client"
2025-01-29 22:10:48,548 INFO c.h.h.t.HelmChartContainer - [K3S] [dynamic_serving_content.go:135] "Starting controller" name="csr-controller::/var/lib/rancher/k3s/server/tls/client-ca.nochain.crt::/var/lib/rancher/k3s/server/tls/client-ca.key"
2025-01-29 22:10:48,548 INFO c.h.h.t.HelmChartContainer - [K3S] [certificate_controller.go:120] "Starting certificate controller" name="csrsigning-kube-apiserver-client"
2025-01-29 22:10:48,548 INFO c.h.h.t.HelmChartContainer - [K3S] [dynamic_serving_content.go:135] "Starting controller" name="csr-controller::/var/lib/rancher/k3s/server/tls/client-ca.nochain.crt::/var/lib/rancher/k3s/server/tls/client-ca.key"
2025-01-29 22:10:48,548 INFO c.h.h.t.HelmChartContainer - [K3S] [controllermanager.go:765] "Started controller" controller="certificatesigningrequest-signing-controller"
2025-01-29 22:10:48,548 INFO c.h.h.t.HelmChartContainer - [K3S] [controllermanager.go:723] "Skipping a cloud provider controller" controller="service-lb-controller"
2025-01-29 22:10:48,549 INFO c.h.h.t.HelmChartContainer - [K3S] [controllermanager.go:717] "Controller is disabled by a feature gate" controller="volumeattributesclass-protection-controller" requiredFeatureGates=["VolumeAttributesClass"]
2025-01-29 22:10:48,549 INFO c.h.h.t.HelmChartContainer - [K3S] [certificate_controller.go:120] "Starting certificate controller" name="csrsigning-legacy-unknown"
2025-01-29 22:10:48,549 INFO c.h.h.t.HelmChartContainer - [K3S] [dynamic_serving_content.go:135] "Starting controller" name="csr-controller::/var/lib/rancher/k3s/server/tls/server-ca.nochain.crt::/var/lib/rancher/k3s/server/tls/server-ca.key"
2025-01-29 22:10:48,698 INFO c.h.h.t.HelmChartContainer - [K3S] [controllermanager.go:765] "Started controller" controller="ephemeral-volume-controller"
2025-01-29 22:10:48,698 INFO c.h.h.t.HelmChartContainer - [K3S] [controllermanager.go:743] "Warning: skipping controller" controller="storage-version-migrator-controller"
2025-01-29 22:10:48,698 INFO c.h.h.t.HelmChartContainer - [K3S] [controller.go:173] "Starting ephemeral volume controller"
2025-01-29 22:10:48,848 INFO c.h.h.t.HelmChartContainer - [K3S] [controllermanager.go:765] "Started controller" controller="endpoints-controller"
2025-01-29 22:10:48,848 INFO c.h.h.t.HelmChartContainer - [K3S] [endpoints_controller.go:182] "Starting endpoint controller"
2025-01-29 22:10:48,871 INFO c.h.h.t.HelmChartContainer - [K3S] [INFO] Done waiting for CRD helmchartconfigs.helm.cattle.io to become available
2025-01-29 22:10:48,872 INFO c.h.h.t.HelmChartContainer - [K3S] [INFO] Writing static file: /var/lib/rancher/k3s/server/static/charts/traefik-crd-27.0.201+up27.0.2.tgz
2025-01-29 22:10:48,872 INFO c.h.h.t.HelmChartContainer - [K3S] [INFO] Writing static file: /var/lib/rancher/k3s/server/static/charts/traefik-27.0.201+up27.0.2.tgz
2025-01-29 22:10:48,873 INFO c.h.h.t.HelmChartContainer - [K3S] [INFO] Writing manifest: /var/lib/rancher/k3s/server/manifests/local-storage.yaml
2025-01-29 22:10:48,873 INFO c.h.h.t.HelmChartContainer - [K3S] [INFO] Writing manifest: /var/lib/rancher/k3s/server/manifests/metrics-server/aggregated-metrics-reader.yaml
2025-01-29 22:10:48,873 INFO c.h.h.t.HelmChartContainer - [K3S] [INFO] Writing manifest: /var/lib/rancher/k3s/server/manifests/metrics-server/resource-reader.yaml
2025-01-29 22:10:48,873 INFO c.h.h.t.HelmChartContainer - [K3S] [INFO] Writing manifest: /var/lib/rancher/k3s/server/manifests/runtimes.yaml
2025-01-29 22:10:48,874 INFO c.h.h.t.HelmChartContainer - [K3S] [INFO] Writing manifest: /var/lib/rancher/k3s/server/manifests/ccm.yaml
2025-01-29 22:10:48,875 INFO c.h.h.t.HelmChartContainer - [K3S] [INFO] Writing manifest: /var/lib/rancher/k3s/server/manifests/coredns.yaml
2025-01-29 22:10:48,875 INFO c.h.h.t.HelmChartContainer - [K3S] [INFO] Writing manifest: /var/lib/rancher/k3s/server/manifests/metrics-server/auth-delegator.yaml
2025-01-29 22:10:48,875 INFO c.h.h.t.HelmChartContainer - [K3S] [INFO] Writing manifest: /var/lib/rancher/k3s/server/manifests/metrics-server/auth-reader.yaml
2025-01-29 22:10:48,876 INFO c.h.h.t.HelmChartContainer - [K3S] [INFO] Writing manifest: /var/lib/rancher/k3s/server/manifests/metrics-server/metrics-apiservice.yaml
2025-01-29 22:10:48,876 INFO c.h.h.t.HelmChartContainer - [K3S] [INFO] Writing manifest: /var/lib/rancher/k3s/server/manifests/metrics-server/metrics-server-deployment.yaml
2025-01-29 22:10:48,876 INFO c.h.h.t.HelmChartContainer - [K3S] [INFO] Writing manifest: /var/lib/rancher/k3s/server/manifests/metrics-server/metrics-server-service.yaml
2025-01-29 22:10:48,876 INFO c.h.h.t.HelmChartContainer - [K3S] [INFO] Writing manifest: /var/lib/rancher/k3s/server/manifests/rolebindings.yaml
2025-01-29 22:10:48,876 INFO c.h.h.t.HelmChartContainer - [K3S] [INFO] Tunnel server egress proxy mode: agent
2025-01-29 22:10:48,877 INFO c.h.h.t.HelmChartContainer - [K3S] [INFO] Starting dynamiclistener CN filter node controller with SANs: [localhost 127.0.0.1 ::1 localhost 43acab72dce7 172.18.0.2 10.43.0.1 kubernetes kubernetes.default kubernetes.default.svc kubernetes.default.svc.cluster.local]
2025-01-29 22:10:48,981 INFO c.h.h.t.HelmChartContainer - [K3S] [INFO] Starting k3s.cattle.io/v1, Kind=Addon controller
2025-01-29 22:10:48,981 INFO c.h.h.t.HelmChartContainer - [K3S] [INFO] Creating deploy event broadcaster
2025-01-29 22:10:48,988 INFO c.h.h.t.HelmChartContainer - [K3S] [apiserver.go:52] "Watching apiserver"
2025-01-29 22:10:48,997 INFO c.h.h.t.HelmChartContainer - [K3S] [controllermanager.go:765] "Started controller" controller="endpointslice-mirroring-controller"
2025-01-29 22:10:48,998 INFO c.h.h.t.HelmChartContainer - [K3S] [endpointslicemirroring_controller.go:227] "Starting EndpointSliceMirroring controller"
2025-01-29 22:10:49,007 INFO c.h.h.t.HelmChartContainer - [K3S] [desired_state_of_world_populator.go:157] "Finished populating initial desired state of world"
2025-01-29 22:10:49,084 INFO c.h.h.t.HelmChartContainer - [K3S] [INFO] Starting /v1, Kind=Node controller
2025-01-29 22:10:49,085 INFO c.h.h.t.HelmChartContainer - [K3S] [INFO] Creating helm-controller event broadcaster
2025-01-29 22:10:49,097 INFO c.h.h.t.HelmChartContainer - [K3S] [INFO] Labels and annotations have been set successfully on node: 43acab72dce7
2025-01-29 22:10:49,101 INFO c.h.h.t.HelmChartContainer - [K3S] [INFO] Cluster dns configmap has been set successfully
2025-01-29 22:10:49,148 INFO c.h.h.t.HelmChartContainer - [K3S] [controllermanager.go:765] "Started controller" controller="serviceaccount-controller"
2025-01-29 22:10:49,148 INFO c.h.h.t.HelmChartContainer - [K3S] [serviceaccounts_controller.go:114] "Starting service account controller"
2025-01-29 22:10:49,191 INFO c.h.h.t.HelmChartContainer - [K3S] [INFO] Starting helm.cattle.io/v1, Kind=HelmChart controller
2025-01-29 22:10:49,191 INFO c.h.h.t.HelmChartContainer - [K3S] [INFO] Starting helm.cattle.io/v1, Kind=HelmChartConfig controller
2025-01-29 22:10:49,194 INFO c.h.h.t.HelmChartContainer - [K3S] [INFO] Starting rbac.authorization.k8s.io/v1, Kind=ClusterRoleBinding controller
2025-01-29 22:10:49,197 INFO c.h.h.t.HelmChartContainer - [K3S] [INFO] Starting batch/v1, Kind=Job controller
2025-01-29 22:10:49,197 INFO c.h.h.t.HelmChartContainer - [K3S] [INFO] Starting /v1, Kind=ServiceAccount controller
2025-01-29 22:10:49,197 INFO c.h.h.t.HelmChartContainer - [K3S] [controllermanager.go:765] "Started controller" controller="certificatesigningrequest-cleaner-controller"
2025-01-29 22:10:49,197 INFO c.h.h.t.HelmChartContainer - [K3S] [cleaner.go:83] "Starting CSR cleaner controller"
2025-01-29 22:10:49,197 INFO c.h.h.t.HelmChartContainer - [K3S] [INFO] Starting /v1, Kind=Secret controller
2025-01-29 22:10:49,197 INFO c.h.h.t.HelmChartContainer - [K3S] [INFO] Starting /v1, Kind=ConfigMap controller
2025-01-29 22:10:49,348 INFO c.h.h.t.HelmChartContainer - [K3S] [controllermanager.go:765] "Started controller" controller="ttl-controller"
2025-01-29 22:10:49,348 INFO c.h.h.t.HelmChartContainer - [K3S] [ttl_controller.go:127] "Starting TTL controller"
2025-01-29 22:10:49,600 INFO c.h.h.t.HelmChartContainer - [K3S] [range_allocator.go:112] "No Secondary Service CIDR provided. Skipping filtering out secondary service addresses"
2025-01-29 22:10:49,600 INFO c.h.h.t.HelmChartContainer - [K3S] [controllermanager.go:765] "Started controller" controller="node-ipam-controller"
2025-01-29 22:10:49,600 INFO c.h.h.t.HelmChartContainer - [K3S] [controllermanager.go:723] "Skipping a cloud provider controller" controller="cloud-node-lifecycle-controller"
2025-01-29 22:10:49,601 INFO c.h.h.t.HelmChartContainer - [K3S] [node_ipam_controller.go:141] "Starting ipam controller"
2025-01-29 22:10:49,646 INFO c.h.h.t.HelmChartContainer - [K3S] [INFO] Updating TLS secret for kube-system/k3s-serving (count: 10): map[listener.cattle.io/cn-10.43.0.1:10.43.0.1 listener.cattle.io/cn-127.0.0.1:127.0.0.1 listener.cattle.io/cn-172.18.0.2:172.18.0.2 listener.cattle.io/cn-43acab72dce7:43acab72dce7 listener.cattle.io/cn-__1-f16284:::1 listener.cattle.io/cn-kubernetes:kubernetes listener.cattle.io/cn-kubernetes.default:kubernetes.default listener.cattle.io/cn-kubernetes.default.svc:kubernetes.default.svc listener.cattle.io/cn-kubernetes.default.svc.cluster.local:kubernetes.default.svc.cluster.local listener.cattle.io/cn-localhost:localhost listener.cattle.io/fingerprint:SHA1=1240558B9AF77B4B3453ED2406EE5CC7AFA0A0E9]
2025-01-29 22:10:49,649 INFO c.h.h.t.HelmChartContainer - [K3S] [INFO] Active TLS secret kube-system/k3s-serving (ver=244) (count 10): map[listener.cattle.io/cn-10.43.0.1:10.43.0.1 listener.cattle.io/cn-127.0.0.1:127.0.0.1 listener.cattle.io/cn-172.18.0.2:172.18.0.2 listener.cattle.io/cn-43acab72dce7:43acab72dce7 listener.cattle.io/cn-__1-f16284:::1 listener.cattle.io/cn-kubernetes:kubernetes listener.cattle.io/cn-kubernetes.default:kubernetes.default listener.cattle.io/cn-kubernetes.default.svc:kubernetes.default.svc listener.cattle.io/cn-kubernetes.default.svc.cluster.local:kubernetes.default.svc.cluster.local listener.cattle.io/cn-localhost:localhost listener.cattle.io/fingerprint:SHA1=1240558B9AF77B4B3453ED2406EE5CC7AFA0A0E9]
2025-01-29 22:10:49,743 INFO c.h.h.t.HelmChartContainer - [K3S] [INFO] Updating TLS secret for kube-system/k3s-serving (count: 10): map[listener.cattle.io/cn-10.43.0.1:10.43.0.1 listener.cattle.io/cn-127.0.0.1:127.0.0.1 listener.cattle.io/cn-172.18.0.2:172.18.0.2 listener.cattle.io/cn-43acab72dce7:43acab72dce7 listener.cattle.io/cn-__1-f16284:::1 listener.cattle.io/cn-kubernetes:kubernetes listener.cattle.io/cn-kubernetes.default:kubernetes.default listener.cattle.io/cn-kubernetes.default.svc:kubernetes.default.svc listener.cattle.io/cn-kubernetes.default.svc.cluster.local:kubernetes.default.svc.cluster.local listener.cattle.io/cn-localhost:localhost listener.cattle.io/fingerprint:SHA1=1240558B9AF77B4B3453ED2406EE5CC7AFA0A0E9]
2025-01-29 22:10:49,747 INFO c.h.h.t.HelmChartContainer - [K3S] [controllermanager.go:765] "Started controller" controller="persistentvolume-binder-controller"
2025-01-29 22:10:49,747 INFO c.h.h.t.HelmChartContainer - [K3S] [pv_controller_base.go:308] "Starting persistent volume controller"
2025-01-29 22:10:50,051 INFO c.h.h.t.HelmChartContainer - [K3S] [controllermanager.go:765] "Started controller" controller="resourcequota-controller"
2025-01-29 22:10:50,051 INFO c.h.h.t.HelmChartContainer - [K3S] [resource_quota_controller.go:300] "Starting resource quota controller"
2025-01-29 22:10:50,198 INFO c.h.h.t.HelmChartContainer - [K3S] [controllermanager.go:765] "Started controller" controller="replicaset-controller"
2025-01-29 22:10:50,198 INFO c.h.h.t.HelmChartContainer - [K3S] [replica_set.go:217] "Starting controller" name="replicaset"
2025-01-29 22:10:50,349 INFO c.h.h.t.HelmChartContainer - [K3S] [controllermanager.go:765] "Started controller" controller="statefulset-controller"
2025-01-29 22:10:50,349 INFO c.h.h.t.HelmChartContainer - [K3S] [stateful_set.go:166] "Starting stateful set controller"
2025-01-29 22:10:50,500 INFO c.h.h.t.HelmChartContainer - [K3S] [controllermanager.go:765] "Started controller" controller="persistentvolume-protection-controller"
2025-01-29 22:10:50,502 INFO c.h.h.t.HelmChartContainer - [K3S] [pv_protection_controller.go:81] "Starting PV protection controller"
2025-01-29 22:10:50,517 INFO c.h.h.t.HelmChartContainer - [K3S] [event.go:389] "Event occurred" object="43acab72dce7" fieldPath="" kind="Node" apiVersion="" type="Normal" reason="NodePasswordValidationComplete" message="Deferred node password secret validation complete"
2025-01-29 22:10:50,698 INFO c.h.h.t.HelmChartContainer - [K3S] [controllermanager.go:765] "Started controller" controller="validatingadmissionpolicy-status-controller"
2025-01-29 22:10:50,848 INFO c.h.h.t.HelmChartContainer - [K3S] [controllermanager.go:765] "Started controller" controller="persistentvolume-expander-controller"
2025-01-29 22:10:50,848 INFO c.h.h.t.HelmChartContainer - [K3S] [expand_controller.go:329] "Starting expand controller"
2025-01-29 22:10:50,985 INFO c.h.h.t.HelmChartContainer - [K3S] [event.go:389] "Event occurred" object="kube-system/ccm" fieldPath="" kind="Addon" apiVersion="k3s.cattle.io/v1" type="Normal" reason="ApplyingManifest" message="Applying manifest at \"/var/lib/rancher/k3s/server/manifests/ccm.yaml\""
2025-01-29 22:10:50,997 INFO c.h.h.t.HelmChartContainer - [K3S] [controllermanager.go:765] "Started controller" controller="cronjob-controller"
2025-01-29 22:10:50,997 INFO c.h.h.t.HelmChartContainer - [K3S] [cronjob_controllerv2.go:145] "Starting cronjob controller v2"
2025-01-29 22:10:51,004 INFO c.h.h.t.HelmChartContainer - [K3S] [event.go:389] "Event occurred" object="kube-system/ccm" fieldPath="" kind="Addon" apiVersion="k3s.cattle.io/v1" type="Normal" reason="AppliedManifest" message="Applied manifest at \"/var/lib/rancher/k3s/server/manifests/ccm.yaml\""
2025-01-29 22:10:51,013 INFO c.h.h.t.HelmChartContainer - [K3S] [event.go:389] "Event occurred" object="kube-system/coredns" fieldPath="" kind="Addon" apiVersion="k3s.cattle.io/v1" type="Normal" reason="ApplyingManifest" message="Applying manifest at \"/var/lib/rancher/k3s/server/manifests/coredns.yaml\""
2025-01-29 22:10:51,047 INFO c.h.h.t.HelmChartContainer - [K3S] [node_lifecycle_controller.go:432] "Controller will reconcile labels"
2025-01-29 22:10:51,047 INFO c.h.h.t.HelmChartContainer - [K3S] [controllermanager.go:765] "Started controller" controller="node-lifecycle-controller"
2025-01-29 22:10:51,047 INFO c.h.h.t.HelmChartContainer - [K3S] [node_lifecycle_controller.go:466] "Sending events to api server"
2025-01-29 22:10:51,047 INFO c.h.h.t.HelmChartContainer - [K3S] [node_lifecycle_controller.go:477] "Starting node controller"
2025-01-29 22:10:51,118 INFO c.h.h.t.HelmChartContainer - [K3S] [alloc.go:330] "allocated clusterIPs" service="kube-system/kube-dns" clusterIPs={"IPv4":"10.43.0.10"}
2025-01-29 22:10:51,120 INFO c.h.h.t.HelmChartContainer - [K3S] [event.go:389] "Event occurred" object="kube-system/coredns" fieldPath="" kind="Addon" apiVersion="k3s.cattle.io/v1" type="Normal" reason="AppliedManifest" message="Applied manifest at \"/var/lib/rancher/k3s/server/manifests/coredns.yaml\""
2025-01-29 22:10:51,126 INFO c.h.h.t.HelmChartContainer - [K3S] [event.go:389] "Event occurred" object="kube-system/local-storage" fieldPath="" kind="Addon" apiVersion="k3s.cattle.io/v1" type="Normal" reason="ApplyingManifest" message="Applying manifest at \"/var/lib/rancher/k3s/server/manifests/local-storage.yaml\""
2025-01-29 22:10:51,198 INFO c.h.h.t.HelmChartContainer - [K3S] [controllermanager.go:765] "Started controller" controller="persistentvolume-attach-detach-controller"
2025-01-29 22:10:51,199 INFO c.h.h.t.HelmChartContainer - [K3S] [attach_detach_controller.go:338] "Starting attach detach controller"
2025-01-29 22:10:51,218 INFO c.h.h.t.HelmChartContainer - [K3S] [event.go:389] "Event occurred" object="kube-system/local-storage" fieldPath="" kind="Addon" apiVersion="k3s.cattle.io/v1" type="Normal" reason="AppliedManifest" message="Applied manifest at \"/var/lib/rancher/k3s/server/manifests/local-storage.yaml\""
2025-01-29 22:10:51,224 INFO c.h.h.t.HelmChartContainer - [K3S] [event.go:389] "Event occurred" object="kube-system/aggregated-metrics-reader" fieldPath="" kind="Addon" apiVersion="k3s.cattle.io/v1" type="Normal" reason="ApplyingManifest" message="Applying manifest at \"/var/lib/rancher/k3s/server/manifests/metrics-server/aggregated-metrics-reader.yaml\""
2025-01-29 22:10:51,294 INFO c.h.h.t.HelmChartContainer - [K3S] [event.go:389] "Event occurred" object="kube-system/aggregated-metrics-reader" fieldPath="" kind="Addon" apiVersion="k3s.cattle.io/v1" type="Normal" reason="AppliedManifest" message="Applied manifest at \"/var/lib/rancher/k3s/server/manifests/metrics-server/aggregated-metrics-reader.yaml\""
2025-01-29 22:10:51,302 INFO c.h.h.t.HelmChartContainer - [K3S] [event.go:389] "Event occurred" object="kube-system/auth-delegator" fieldPath="" kind="Addon" apiVersion="k3s.cattle.io/v1" type="Normal" reason="ApplyingManifest" message="Applying manifest at \"/var/lib/rancher/k3s/server/manifests/metrics-server/auth-delegator.yaml\""
2025-01-29 22:10:51,307 INFO c.h.h.t.HelmChartContainer - [K3S] [event.go:389] "Event occurred" object="kube-system/auth-delegator" fieldPath="" kind="Addon" apiVersion="k3s.cattle.io/v1" type="Normal" reason="AppliedManifest" message="Applied manifest at \"/var/lib/rancher/k3s/server/manifests/metrics-server/auth-delegator.yaml\""
2025-01-29 22:10:51,312 INFO c.h.h.t.HelmChartContainer - [K3S] [event.go:389] "Event occurred" object="kube-system/auth-reader" fieldPath="" kind="Addon" apiVersion="k3s.cattle.io/v1" type="Normal" reason="ApplyingManifest" message="Applying manifest at \"/var/lib/rancher/k3s/server/manifests/metrics-server/auth-reader.yaml\""
2025-01-29 22:10:51,318 INFO c.h.h.t.HelmChartContainer - [K3S] [event.go:389] "Event occurred" object="kube-system/auth-reader" fieldPath="" kind="Addon" apiVersion="k3s.cattle.io/v1" type="Normal" reason="AppliedManifest" message="Applied manifest at \"/var/lib/rancher/k3s/server/manifests/metrics-server/auth-reader.yaml\""
2025-01-29 22:10:51,324 INFO c.h.h.t.HelmChartContainer - [K3S] [event.go:389] "Event occurred" object="kube-system/metrics-apiservice" fieldPath="" kind="Addon" apiVersion="k3s.cattle.io/v1" type="Normal" reason="ApplyingManifest" message="Applying manifest at \"/var/lib/rancher/k3s/server/manifests/metrics-server/metrics-apiservice.yaml\""
2025-01-29 22:10:51,330 INFO c.h.h.t.HelmChartContainer - [K3S] [event.go:389] "Event occurred" object="kube-system/metrics-apiservice" fieldPath="" kind="Addon" apiVersion="k3s.cattle.io/v1" type="Normal" reason="AppliedManifest" message="Applied manifest at \"/var/lib/rancher/k3s/server/manifests/metrics-server/metrics-apiservice.yaml\""
2025-01-29 22:10:51,335 INFO c.h.h.t.HelmChartContainer - [K3S] [handler_proxy.go:99] no RequestInfo found in the context
2025-01-29 22:10:51,336 INFO c.h.h.t.HelmChartContainer - [K3S] [controller.go:146] "Unhandled Error" err=<
2025-01-29 22:10:51,336 INFO c.h.h.t.HelmChartContainer - [K3S] 	, Header: map[Content-Type:[text/plain; charset=utf-8] X-Content-Type-Options:[nosniff]]
2025-01-29 22:10:51,336 INFO c.h.h.t.HelmChartContainer - [K3S]  >
2025-01-29 22:10:51,337 INFO c.h.h.t.HelmChartContainer - [K3S] [event.go:389] "Event occurred" object="kube-system/metrics-server-deployment" fieldPath="" kind="Addon" apiVersion="k3s.cattle.io/v1" type="Normal" reason="ApplyingManifest" message="Applying manifest at \"/var/lib/rancher/k3s/server/manifests/metrics-server/metrics-server-deployment.yaml\""
2025-01-29 22:10:51,337 INFO c.h.h.t.HelmChartContainer - [K3S] [handler_proxy.go:143] error resolving kube-system/metrics-server: service "metrics-server" not found
2025-01-29 22:10:51,348 INFO c.h.h.t.HelmChartContainer - [K3S] [controllermanager.go:765] "Started controller" controller="legacy-serviceaccount-token-cleaner-controller"
2025-01-29 22:10:51,348 INFO c.h.h.t.HelmChartContainer - [K3S] [legacy_serviceaccount_token_cleaner.go:103] "Starting legacy service account token cleaner controller"
2025-01-29 22:10:51,348 INFO c.h.h.t.HelmChartContainer - [K3S] [event.go:389] "Event occurred" object="kube-system/metrics-server-deployment" fieldPath="" kind="Addon" apiVersion="k3s.cattle.io/v1" type="Normal" reason="AppliedManifest" message="Applied manifest at \"/var/lib/rancher/k3s/server/manifests/metrics-server/metrics-server-deployment.yaml\""
2025-01-29 22:10:51,353 INFO c.h.h.t.HelmChartContainer - [K3S] [event.go:389] "Event occurred" object="kube-system/metrics-server-service" fieldPath="" kind="Addon" apiVersion="k3s.cattle.io/v1" type="Normal" reason="ApplyingManifest" message="Applying manifest at \"/var/lib/rancher/k3s/server/manifests/metrics-server/metrics-server-service.yaml\""
2025-01-29 22:10:51,361 INFO c.h.h.t.HelmChartContainer - [K3S] [alloc.go:330] "allocated clusterIPs" service="kube-system/metrics-server" clusterIPs={"IPv4":"10.43.132.203"}
2025-01-29 22:10:51,362 INFO c.h.h.t.HelmChartContainer - [K3S] [event.go:389] "Event occurred" object="kube-system/metrics-server-service" fieldPath="" kind="Addon" apiVersion="k3s.cattle.io/v1" type="Normal" reason="AppliedManifest" message="Applied manifest at \"/var/lib/rancher/k3s/server/manifests/metrics-server/metrics-server-service.yaml\""
2025-01-29 22:10:51,363 INFO c.h.h.t.HelmChartContainer - [K3S] [handler_proxy.go:99] no RequestInfo found in the context
2025-01-29 22:10:51,363 INFO c.h.h.t.HelmChartContainer - [K3S] [controller.go:146] "Unhandled Error" err=<
2025-01-29 22:10:51,365 INFO c.h.h.t.HelmChartContainer - [K3S] 	, Header: map[Content-Type:[text/plain; charset=utf-8] X-Content-Type-Options:[nosniff]]
2025-01-29 22:10:51,365 INFO c.h.h.t.HelmChartContainer - [K3S]  >
2025-01-29 22:10:51,366 INFO c.h.h.t.HelmChartContainer - [K3S] [handler_proxy.go:143] error resolving kube-system/metrics-server: endpoints "metrics-server" not found
2025-01-29 22:10:51,371 INFO c.h.h.t.HelmChartContainer - [K3S] [event.go:389] "Event occurred" object="kube-system/resource-reader" fieldPath="" kind="Addon" apiVersion="k3s.cattle.io/v1" type="Normal" reason="ApplyingManifest" message="Applying manifest at \"/var/lib/rancher/k3s/server/manifests/metrics-server/resource-reader.yaml\""
2025-01-29 22:10:51,406 INFO c.h.h.t.HelmChartContainer - [K3S] [event.go:389] "Event occurred" object="kube-system/resource-reader" fieldPath="" kind="Addon" apiVersion="k3s.cattle.io/v1" type="Normal" reason="AppliedManifest" message="Applied manifest at \"/var/lib/rancher/k3s/server/manifests/metrics-server/resource-reader.yaml\""
2025-01-29 22:10:51,412 INFO c.h.h.t.HelmChartContainer - [K3S] [event.go:389] "Event occurred" object="kube-system/rolebindings" fieldPath="" kind="Addon" apiVersion="k3s.cattle.io/v1" type="Normal" reason="ApplyingManifest" message="Applying manifest at \"/var/lib/rancher/k3s/server/manifests/rolebindings.yaml\""
2025-01-29 22:10:51,498 INFO c.h.h.t.HelmChartContainer - [K3S] [controllermanager.go:765] "Started controller" controller="job-controller"
2025-01-29 22:10:51,498 INFO c.h.h.t.HelmChartContainer - [K3S] [job_controller.go:243] "Starting job controller"
2025-01-29 22:10:51,518 INFO c.h.h.t.HelmChartContainer - [K3S] [event.go:389] "Event occurred" object="kube-system/rolebindings" fieldPath="" kind="Addon" apiVersion="k3s.cattle.io/v1" type="Normal" reason="AppliedManifest" message="Applied manifest at \"/var/lib/rancher/k3s/server/manifests/rolebindings.yaml\""
2025-01-29 22:10:51,525 INFO c.h.h.t.HelmChartContainer - [K3S] [event.go:389] "Event occurred" object="kube-system/runtimes" fieldPath="" kind="Addon" apiVersion="k3s.cattle.io/v1" type="Normal" reason="ApplyingManifest" message="Applying manifest at \"/var/lib/rancher/k3s/server/manifests/runtimes.yaml\""
2025-01-29 22:10:51,552 INFO c.h.h.t.HelmChartContainer - [K3S] [event.go:389] "Event occurred" object="kube-system/runtimes" fieldPath="" kind="Addon" apiVersion="k3s.cattle.io/v1" type="Normal" reason="AppliedManifest" message="Applied manifest at \"/var/lib/rancher/k3s/server/manifests/runtimes.yaml\""
2025-01-29 22:10:51,697 INFO c.h.h.t.HelmChartContainer - [K3S] [controllermanager.go:765] "Started controller" controller="disruption-controller"
2025-01-29 22:10:51,698 INFO c.h.h.t.HelmChartContainer - [K3S] [disruption.go:452] "Sending events to api server."
2025-01-29 22:10:51,698 INFO c.h.h.t.HelmChartContainer - [K3S] [disruption.go:463] "Starting disruption controller"
2025-01-29 22:10:51,849 INFO c.h.h.t.HelmChartContainer - [K3S] [controllermanager.go:765] "Started controller" controller="ttl-after-finished-controller"
2025-01-29 22:10:51,849 INFO c.h.h.t.HelmChartContainer - [K3S] [ttlafterfinished_controller.go:112] "Starting TTL after finished controller"
2025-01-29 22:10:51,849 INFO c.h.h.t.HelmChartContainer - [K3S] [controllermanager.go:723] "Skipping a cloud provider controller" controller="node-route-controller"
2025-01-29 22:10:51,849 INFO c.h.h.t.HelmChartContainer - [K3S] [controllermanager.go:717] "Controller is disabled by a feature gate" controller="kube-apiserver-serving-clustertrustbundle-publisher-controller" requiredFeatureGates=["ClusterTrustBundle"]
2025-01-29 22:10:51,898 INFO c.h.h.t.HelmChartContainer - [K3S] [controllermanager.go:765] "Started controller" controller="taint-eviction-controller"
2025-01-29 22:10:51,898 INFO c.h.h.t.HelmChartContainer - [K3S] [controllermanager.go:728] "Warning: controller is disabled" controller="bootstrap-signer-controller"
2025-01-29 22:10:51,898 INFO c.h.h.t.HelmChartContainer - [K3S] [taint_eviction.go:281] "Starting" controller="taint-eviction-controller"
2025-01-29 22:10:51,899 INFO c.h.h.t.HelmChartContainer - [K3S] [taint_eviction.go:287] "Sending events to api server"
2025-01-29 22:10:51,977 INFO c.h.h.t.HelmChartContainer - [K3S] [INFO] Tunnel authorizer set Kubelet Port 0.0.0.0:10250
2025-01-29 22:10:52,050 INFO c.h.h.t.HelmChartContainer - [K3S] [controllermanager.go:765] "Started controller" controller="clusterrole-aggregation-controller"
2025-01-29 22:10:52,051 INFO c.h.h.t.HelmChartContainer - [K3S] [clusterroleaggregation_controller.go:194] "Starting ClusterRoleAggregator controller"
2025-01-29 22:10:52,157 INFO c.h.h.t.HelmChartContainer - [K3S] [serving.go:392] Generated self-signed cert in-memory
2025-01-29 22:10:52,197 INFO c.h.h.t.HelmChartContainer - [K3S] [controllermanager.go:765] "Started controller" controller="root-ca-certificate-publisher-controller"
2025-01-29 22:10:52,198 INFO c.h.h.t.HelmChartContainer - [K3S] [controllermanager.go:717] "Controller is disabled by a feature gate" controller="service-cidr-controller" requiredFeatureGates=["MultiCIDRServiceAllocator"]
2025-01-29 22:10:52,198 INFO c.h.h.t.HelmChartContainer - [K3S] [publisher.go:107] "Starting root CA cert publisher controller"
2025-01-29 22:10:52,330 INFO c.h.h.t.HelmChartContainer - [K3S] [handler_proxy.go:99] no RequestInfo found in the context
2025-01-29 22:10:52,331 INFO c.h.h.t.HelmChartContainer - [K3S] [handler_proxy.go:99] no RequestInfo found in the context
2025-01-29 22:10:52,331 INFO c.h.h.t.HelmChartContainer - [K3S] [controller.go:102] "Unhandled Error" err=<
2025-01-29 22:10:52,331 INFO c.h.h.t.HelmChartContainer - [K3S] 	, Header: map[Content-Type:[text/plain; charset=utf-8] X-Content-Type-Options:[nosniff]]
2025-01-29 22:10:52,331 INFO c.h.h.t.HelmChartContainer - [K3S]  >
2025-01-29 22:10:52,332 INFO c.h.h.t.HelmChartContainer - [K3S] [serving.go:392] Generated self-signed cert in-memory
2025-01-29 22:10:52,348 INFO c.h.h.t.HelmChartContainer - [K3S] [controllermanager.go:765] "Started controller" controller="endpointslice-controller"
2025-01-29 22:10:52,348 INFO c.h.h.t.HelmChartContainer - [K3S] [endpointslice_controller.go:281] "Starting endpoint slice controller"
2025-01-29 22:10:52,498 INFO c.h.h.t.HelmChartContainer - [K3S] [controllermanager.go:765] "Started controller" controller="replicationcontroller-controller"
2025-01-29 22:10:52,498 INFO c.h.h.t.HelmChartContainer - [K3S] [replica_set.go:217] "Starting controller" name="replicationcontroller"
2025-01-29 22:10:52,625 INFO c.h.h.t.HelmChartContainer - [K3S] [controllermanager.go:160] Version: v1.32.1+k3s1
2025-01-29 22:10:52,628 INFO c.h.h.t.HelmChartContainer - [K3S] [secure_serving.go:213] Serving securely on 127.0.0.1:10258
2025-01-29 22:10:52,630 INFO c.h.h.t.HelmChartContainer - [K3S] [tlsconfig.go:243] "Starting DynamicServingCertificateController"
2025-01-29 22:10:52,631 INFO c.h.h.t.HelmChartContainer - [K3S] [requestheader_controller.go:180] Starting RequestHeaderAuthRequestController
2025-01-29 22:10:52,631 INFO c.h.h.t.HelmChartContainer - [K3S] [configmap_cafile_content.go:205] "Starting controller" name="client-ca::kube-system::extension-apiserver-authentication::requestheader-client-ca-file"
2025-01-29 22:10:52,631 INFO c.h.h.t.HelmChartContainer - [K3S] [configmap_cafile_content.go:205] "Starting controller" name="client-ca::kube-system::extension-apiserver-authentication::client-ca-file"
2025-01-29 22:10:52,633 INFO c.h.h.t.HelmChartContainer - [K3S] [INFO] Creating service-lb-controller event broadcaster
2025-01-29 22:10:52,746 INFO c.h.h.t.HelmChartContainer - [K3S] [INFO] Starting /v1, Kind=Node controller
2025-01-29 22:10:52,750 INFO c.h.h.t.HelmChartContainer - [K3S] [INFO] Starting /v1, Kind=Pod controller
2025-01-29 22:10:52,753 INFO c.h.h.t.HelmChartContainer - [K3S] [controllermanager.go:765] "Started controller" controller="namespace-controller"
2025-01-29 22:10:52,753 INFO c.h.h.t.HelmChartContainer - [K3S] [namespace_controller.go:202] "Starting namespace controller"
2025-01-29 22:10:52,757 INFO c.h.h.t.HelmChartContainer - [K3S] [INFO] Starting apps/v1, Kind=DaemonSet controller
2025-01-29 22:10:52,762 INFO c.h.h.t.HelmChartContainer - [K3S] [INFO] Starting discovery.k8s.io/v1, Kind=EndpointSlice controller
2025-01-29 22:10:52,762 INFO c.h.h.t.HelmChartContainer - [K3S] [controllermanager.go:329] Started "cloud-node-controller"
2025-01-29 22:10:52,762 INFO c.h.h.t.HelmChartContainer - [K3S] [node_controller.go:176] Sending events to api server.
2025-01-29 22:10:52,762 INFO c.h.h.t.HelmChartContainer - [K3S] [node_controller.go:185] Waiting for informer caches to sync
2025-01-29 22:10:52,762 INFO c.h.h.t.HelmChartContainer - [K3S] [controllermanager.go:329] Started "cloud-node-lifecycle-controller"
2025-01-29 22:10:52,762 INFO c.h.h.t.HelmChartContainer - [K3S] [controllermanager.go:329] Started "service-lb-controller"
2025-01-29 22:10:52,762 INFO c.h.h.t.HelmChartContainer - [K3S] [controllermanager.go:306] "node-route-controller" is disabled
2025-01-29 22:10:52,762 INFO c.h.h.t.HelmChartContainer - [K3S] [node_lifecycle_controller.go:112] Sending events to api server
2025-01-29 22:10:52,762 INFO c.h.h.t.HelmChartContainer - [K3S] [controller.go:234] Starting service controller
2025-01-29 22:10:52,779 INFO c.h.h.t.HelmChartContainer - [K3S] [actual_state_of_world.go:541] "Failed to update statusUpdateNeeded field in actual state of world" err="Failed to set statusUpdateNeeded to needed true, because nodeName=\"43acab72dce7\" does not exist"
2025-01-29 22:10:52,801 INFO c.h.h.t.HelmChartContainer - [K3S] [range_allocator.go:177] "Sending events to api server"
2025-01-29 22:10:52,801 INFO c.h.h.t.HelmChartContainer - [K3S] [range_allocator.go:183] "Starting range CIDR allocator"
2025-01-29 22:10:52,807 INFO c.h.h.t.HelmChartContainer - [K3S] [range_allocator.go:428] "Set node PodCIDR" node="43acab72dce7" podCIDRs=["10.42.0.0/24"]
2025-01-29 22:10:52,807 INFO c.h.h.t.HelmChartContainer - [K3S] [range_allocator.go:247] "Successfully synced" key="43acab72dce7"
2025-01-29 22:10:52,808 INFO c.h.h.t.HelmChartContainer - [K3S] [INFO] Flannel found PodCIDR assigned for node 43acab72dce7
2025-01-29 22:10:52,808 INFO c.h.h.t.HelmChartContainer - [K3S] [range_allocator.go:247] "Successfully synced" key="43acab72dce7"
2025-01-29 22:10:52,810 INFO c.h.h.t.HelmChartContainer - [K3S] [INFO] The interface eth0 with ipv4 address 172.18.0.2 will be used by flannel
2025-01-29 22:10:52,810 INFO c.h.h.t.HelmChartContainer - [K3S] [kube.go:139] Waiting 10m0s for node controller to sync
2025-01-29 22:10:52,811 INFO c.h.h.t.HelmChartContainer - [K3S] [kube.go:469] Starting kube subnet manager
2025-01-29 22:10:52,817 INFO c.h.h.t.HelmChartContainer - [K3S] [INFO] Updated coredns NodeHosts entry for 43acab72dce7
2025-01-29 22:10:52,822 INFO c.h.h.t.HelmChartContainer - [K3S] [INFO] Network policy controller waiting for removal of node.cloudprovider.kubernetes.io/uninitialized taint
2025-01-29 22:10:52,861 INFO c.h.h.t.HelmChartContainer - [K3S] [node_controller.go:429] Initializing node 43acab72dce7 with cloud provider
2025-01-29 22:10:52,866 INFO c.h.h.t.HelmChartContainer - [K3S] [node_controller.go:474] Successfully initialized node 43acab72dce7 with cloud provider
2025-01-29 22:10:52,866 INFO c.h.h.t.HelmChartContainer - [K3S] [event.go:389] "Event occurred" object="43acab72dce7" fieldPath="" kind="Node" apiVersion="v1" type="Normal" reason="Synced" message="Node synced successfully"
2025-01-29 22:10:52,866 INFO c.h.h.t.HelmChartContainer - [K3S] [range_allocator.go:247] "Successfully synced" key="43acab72dce7"
2025-01-29 22:10:52,979 INFO c.h.h.t.HelmChartContainer - [K3S] [INFO] Started tunnel to 172.18.0.2:6443
2025-01-29 22:10:52,979 INFO c.h.h.t.HelmChartContainer - [K3S] [INFO] Stopped tunnel to 127.0.0.1:6443
2025-01-29 22:10:52,979 INFO c.h.h.t.HelmChartContainer - [K3S] [INFO] Connecting to proxy" url="wss://172.18.0.2:6443/v1-k3s/connect
2025-01-29 22:10:52,979 INFO c.h.h.t.HelmChartContainer - [K3S] [INFO] Proxy done" err="context canceled" url="wss://127.0.0.1:6443/v1-k3s/connect
2025-01-29 22:10:52,979 INFO c.h.h.t.HelmChartContainer - [K3S] [INFO] error in remotedialer server [400]: websocket: close 1006 (abnormal closure): unexpected EOF
2025-01-29 22:10:52,979 INFO c.h.h.t.HelmChartContainer - [K3S] [INFO] Handling backend connection request [43acab72dce7]
2025-01-29 22:10:52,979 INFO c.h.h.t.HelmChartContainer - [K3S] [INFO] Remotedialer connected to proxy" url="wss://172.18.0.2:6443/v1-k3s/connect
2025-01-29 22:10:53,050 INFO c.h.h.t.HelmChartContainer - [K3S] [node_lifecycle_controller.go:1234] "Initializing eviction metric for zone" zone=""
2025-01-29 22:10:53,050 INFO c.h.h.t.HelmChartContainer - [K3S] [node_lifecycle_controller.go:886] "Missing timestamp for Node. Assuming now as a timestamp" node="43acab72dce7"
2025-01-29 22:10:53,050 INFO c.h.h.t.HelmChartContainer - [K3S] [node_lifecycle_controller.go:1080] "Controller detected that zone is now in new state" zone="" newState="Normal"
2025-01-29 22:10:53,063 INFO c.h.h.t.HelmChartContainer - [K3S] [range_allocator.go:247] "Successfully synced" key="43acab72dce7"
2025-01-29 22:10:53,065 INFO c.h.h.t.HelmChartContainer - [K3S] [range_allocator.go:247] "Successfully synced" key="43acab72dce7"
2025-01-29 22:10:53,220 INFO c.h.h.t.HelmChartContainer - [K3S] [serving.go:392] Generated self-signed cert in-memory
2025-01-29 22:10:53,554 INFO c.h.h.t.HelmChartContainer - [K3S] [handler_proxy.go:99] no RequestInfo found in the context
2025-01-29 22:10:53,554 INFO c.h.h.t.HelmChartContainer - [K3S] [controller.go:146] "Unhandled Error" err=<
2025-01-29 22:10:53,554 INFO c.h.h.t.HelmChartContainer - [K3S] 	, Header: map[Content-Type:[text/plain; charset=utf-8] X-Content-Type-Options:[nosniff]]
2025-01-29 22:10:53,554 INFO c.h.h.t.HelmChartContainer - [K3S]  >
2025-01-29 22:10:53,555 INFO c.h.h.t.HelmChartContainer - [K3S] [handler_proxy.go:143] error resolving kube-system/metrics-server: no endpoints available for service "metrics-server"
2025-01-29 22:10:53,660 INFO c.h.h.t.HelmChartContainer - [K3S] [replica_set.go:679] "Finished syncing" kind="ReplicaSet" key="kube-system/coredns-ff8999cc5" duration="153.690917ms"
2025-01-29 22:10:53,667 INFO c.h.h.t.HelmChartContainer - [K3S] [replica_set.go:679] "Finished syncing" kind="ReplicaSet" key="kube-system/local-path-provisioner-698b58967b" duration="160.496596ms"
2025-01-29 22:10:53,670 INFO c.h.h.t.HelmChartContainer - [K3S] [replica_set.go:679] "Finished syncing" kind="ReplicaSet" key="kube-system/metrics-server-8584b5786c" duration="163.764685ms"
2025-01-29 22:10:53,675 INFO c.h.h.t.HelmChartContainer - [K3S] [replica_set.go:679] "Finished syncing" kind="ReplicaSet" key="kube-system/local-path-provisioner-698b58967b" duration="6.298864ms"
2025-01-29 22:10:53,675 INFO c.h.h.t.HelmChartContainer - [K3S] [replica_set.go:679] "Finished syncing" kind="ReplicaSet" key="kube-system/local-path-provisioner-698b58967b" duration="43.551µs"
2025-01-29 22:10:53,676 INFO c.h.h.t.HelmChartContainer - [K3S] [replica_set.go:679] "Finished syncing" kind="ReplicaSet" key="kube-system/metrics-server-8584b5786c" duration="6.109713ms"
2025-01-29 22:10:53,676 INFO c.h.h.t.HelmChartContainer - [K3S] [replica_set.go:679] "Finished syncing" kind="ReplicaSet" key="kube-system/coredns-ff8999cc5" duration="16.280311ms"
2025-01-29 22:10:53,679 INFO c.h.h.t.HelmChartContainer - [K3S] [replica_set.go:679] "Finished syncing" kind="ReplicaSet" key="kube-system/metrics-server-8584b5786c" duration="24.075µs"
2025-01-29 22:10:53,690 INFO c.h.h.t.HelmChartContainer - [K3S] [replica_set.go:679] "Finished syncing" kind="ReplicaSet" key="kube-system/coredns-ff8999cc5" duration="13.686452ms"
2025-01-29 22:10:53,690 INFO c.h.h.t.HelmChartContainer - [K3S] [replica_set.go:679] "Finished syncing" kind="ReplicaSet" key="kube-system/coredns-ff8999cc5" duration="29.756µs"
2025-01-29 22:10:53,738 INFO c.h.h.t.HelmChartContainer - [K3S] [server.go:164] "Starting Kubernetes Scheduler" version="v1.32.1+k3s1"
2025-01-29 22:10:53,738 INFO c.h.h.t.HelmChartContainer - [K3S] [server.go:166] "Golang settings" GOGC="" GOMAXPROCS="" GOTRACEBACK=""
2025-01-29 22:10:53,741 INFO c.h.h.t.HelmChartContainer - [K3S] [configmap_cafile_content.go:205] "Starting controller" name="client-ca::kube-system::extension-apiserver-authentication::client-ca-file"
2025-01-29 22:10:53,741 INFO c.h.h.t.HelmChartContainer - [K3S] [requestheader_controller.go:180] Starting RequestHeaderAuthRequestController
2025-01-29 22:10:53,741 INFO c.h.h.t.HelmChartContainer - [K3S] [configmap_cafile_content.go:205] "Starting controller" name="client-ca::kube-system::extension-apiserver-authentication::requestheader-client-ca-file"
2025-01-29 22:10:53,741 INFO c.h.h.t.HelmChartContainer - [K3S] [secure_serving.go:213] Serving securely on 127.0.0.1:10259
2025-01-29 22:10:53,741 INFO c.h.h.t.HelmChartContainer - [K3S] [tlsconfig.go:243] "Starting DynamicServingCertificateController"
2025-01-29 22:10:53,811 INFO c.h.h.t.HelmChartContainer - [K3S] [kube.go:146] Node controller sync successful
2025-01-29 22:10:53,811 INFO c.h.h.t.HelmChartContainer - [K3S] [vxlan.go:141] VXLAN config: VNI=1 Port=0 GBP=false Learning=false DirectRouting=false
2025-01-29 22:10:53,813 INFO c.h.h.t.HelmChartContainer - [K3S] [kube.go:636] List of node(43acab72dce7) annotations: map[string]string{"alpha.kubernetes.io/provided-node-ip":"172.18.0.2", "k3s.io/hostname":"43acab72dce7", "k3s.io/internal-ip":"172.18.0.2", "k3s.io/node-args":"[\"server\",\"--etcd-arg\",\"unsafe-no-fsync\",\"--etcd-arg\",\"snapshot-count=10000\",\"--etcd-arg\",\"auto-compaction-mode=revision\",\"--etcd-arg\",\"auto-compaction-retention=1000000\",\"--kube-apiserver-arg\",\"etcd-compaction-interval=0s\",\"--disable\",\"traefik\",\"--tls-san\",\"localhost\"]", "k3s.io/node-config-hash":"2QNNT5M5XUBFOLO5XPGEVGOM5UDLHHTIVMSRUPAUHE5DU3HUYQUQ====", "k3s.io/node-env":"{}", "node.alpha.kubernetes.io/ttl":"0", "volumes.kubernetes.io/controller-managed-attach-detach":"true"}
2025-01-29 22:10:53,818 INFO c.h.h.t.HelmChartContainer - [K3S] [range_allocator.go:247] "Successfully synced" key="43acab72dce7"
2025-01-29 22:10:53,819 INFO c.h.h.t.HelmChartContainer - [K3S] [kube.go:490] Creating the node lease for IPv4. This is the n.Spec.PodCIDRs: [10.42.0.0/24]
2025-01-29 22:10:53,819 INFO c.h.h.t.HelmChartContainer - [K3S] [iptables.go:51] Starting flannel in iptables mode...
2025-01-29 22:10:53,819 INFO c.h.h.t.HelmChartContainer - [K3S] [WARNING] no subnet found for key: FLANNEL_NETWORK in file: /run/flannel/subnet.env
2025-01-29 22:10:53,819 INFO c.h.h.t.HelmChartContainer - [K3S] [WARNING] no subnet found for key: FLANNEL_SUBNET in file: /run/flannel/subnet.env
2025-01-29 22:10:53,819 INFO c.h.h.t.HelmChartContainer - [K3S] [WARNING] no subnet found for key: FLANNEL_IPV6_NETWORK in file: /run/flannel/subnet.env
2025-01-29 22:10:53,819 INFO c.h.h.t.HelmChartContainer - [K3S] [WARNING] no subnet found for key: FLANNEL_IPV6_SUBNET in file: /run/flannel/subnet.env
2025-01-29 22:10:53,819 INFO c.h.h.t.HelmChartContainer - [K3S] [iptables.go:115] Current network or subnet (10.42.0.0/16, 10.42.0.0/24) is not equal to previous one (0.0.0.0/0, 0.0.0.0/0), trying to recycle old iptables rules
2025-01-29 22:10:53,828 INFO c.h.h.t.HelmChartContainer - [K3S] [iptables.go:125] Setting up masking rules
2025-01-29 22:10:53,830 INFO c.h.h.t.HelmChartContainer - [K3S] [iptables.go:226] Changing default FORWARD chain policy to ACCEPT
2025-01-29 22:10:53,832 INFO c.h.h.t.HelmChartContainer - [K3S] [INFO] Wrote flannel subnet file to /run/flannel/subnet.env
2025-01-29 22:10:53,833 INFO c.h.h.t.HelmChartContainer - [K3S] [INFO] Running flannel backend.
2025-01-29 22:10:53,833 INFO c.h.h.t.HelmChartContainer - [K3S] [vxlan_network.go:65] watching for new subnet leases
2025-01-29 22:10:53,844 INFO c.h.h.t.HelmChartContainer - [K3S] [iptables.go:372] bootstrap done
2025-01-29 22:10:53,851 INFO c.h.h.t.HelmChartContainer - [K3S] [replica_set.go:679] "Finished syncing" kind="ReplicaSet" key="kube-system/coredns-ff8999cc5" duration="36.298µs"
2025-01-29 22:10:53,852 INFO c.h.h.t.HelmChartContainer - [K3S] [replica_set.go:679] "Finished syncing" kind="ReplicaSet" key="kube-system/local-path-provisioner-698b58967b" duration="23.484µs"
2025-01-29 22:10:53,853 INFO c.h.h.t.HelmChartContainer - [K3S] [replica_set.go:679] "Finished syncing" kind="ReplicaSet" key="kube-system/metrics-server-8584b5786c" duration="25.878µs"
2025-01-29 22:10:53,862 INFO c.h.h.t.HelmChartContainer - [K3S] [iptables.go:372] bootstrap done
2025-01-29 22:10:53,875 INFO c.h.h.t.HelmChartContainer - [K3S] [replica_set.go:679] "Finished syncing" kind="ReplicaSet" key="kube-system/local-path-provisioner-698b58967b" duration="39.914µs"
2025-01-29 22:10:53,884 INFO c.h.h.t.HelmChartContainer - [K3S] [replica_set.go:679] "Finished syncing" kind="ReplicaSet" key="kube-system/metrics-server-8584b5786c" duration="33.813µs"
2025-01-29 22:10:53,893 INFO c.h.h.t.HelmChartContainer - [K3S] [replica_set.go:679] "Finished syncing" kind="ReplicaSet" key="kube-system/coredns-ff8999cc5" duration="45.084µs"
2025-01-29 22:10:53,948 INFO c.h.h.t.HelmChartContainer - [K3S] [reconciler_common.go:251] "operationExecutor.VerifyControllerAttachedVolume started for volume \"tmp-dir\" (UniqueName: \"kubernetes.io/empty-dir/6c14115f-145d-4209-a205-c7ea1a8b22fd-tmp-dir\") pod \"metrics-server-8584b5786c-fh24k\" (UID: \"6c14115f-145d-4209-a205-c7ea1a8b22fd\") " pod="kube-system/metrics-server-8584b5786c-fh24k"
2025-01-29 22:10:53,948 INFO c.h.h.t.HelmChartContainer - [K3S] [reconciler_common.go:251] "operationExecutor.VerifyControllerAttachedVolume started for volume \"kube-api-access-k675b\" (UniqueName: \"kubernetes.io/projected/6c14115f-145d-4209-a205-c7ea1a8b22fd-kube-api-access-k675b\") pod \"metrics-server-8584b5786c-fh24k\" (UID: \"6c14115f-145d-4209-a205-c7ea1a8b22fd\") " pod="kube-system/metrics-server-8584b5786c-fh24k"
2025-01-29 22:10:53,948 INFO c.h.h.t.HelmChartContainer - [K3S] [reconciler_common.go:251] "operationExecutor.VerifyControllerAttachedVolume started for volume \"config-volume\" (UniqueName: \"kubernetes.io/configmap/4d0ea57f-4bb0-47ae-b162-55a30e0c7238-config-volume\") pod \"coredns-ff8999cc5-m7kgr\" (UID: \"4d0ea57f-4bb0-47ae-b162-55a30e0c7238\") " pod="kube-system/coredns-ff8999cc5-m7kgr"
2025-01-29 22:10:53,950 INFO c.h.h.t.HelmChartContainer - [K3S] [reconciler_common.go:251] "operationExecutor.VerifyControllerAttachedVolume started for volume \"custom-config-volume\" (UniqueName: \"kubernetes.io/configmap/4d0ea57f-4bb0-47ae-b162-55a30e0c7238-custom-config-volume\") pod \"coredns-ff8999cc5-m7kgr\" (UID: \"4d0ea57f-4bb0-47ae-b162-55a30e0c7238\") " pod="kube-system/coredns-ff8999cc5-m7kgr"
2025-01-29 22:10:53,951 INFO c.h.h.t.HelmChartContainer - [K3S] [reconciler_common.go:251] "operationExecutor.VerifyControllerAttachedVolume started for volume \"kube-api-access-wxpht\" (UniqueName: \"kubernetes.io/projected/4d0ea57f-4bb0-47ae-b162-55a30e0c7238-kube-api-access-wxpht\") pod \"coredns-ff8999cc5-m7kgr\" (UID: \"4d0ea57f-4bb0-47ae-b162-55a30e0c7238\") " pod="kube-system/coredns-ff8999cc5-m7kgr"
2025-01-29 22:10:53,951 INFO c.h.h.t.HelmChartContainer - [K3S] [reconciler_common.go:251] "operationExecutor.VerifyControllerAttachedVolume started for volume \"config-volume\" (UniqueName: \"kubernetes.io/configmap/d30b3084-350b-4bc1-9c36-5069b401c054-config-volume\") pod \"local-path-provisioner-698b58967b-z2rr2\" (UID: \"d30b3084-350b-4bc1-9c36-5069b401c054\") " pod="kube-system/local-path-provisioner-698b58967b-z2rr2"
2025-01-29 22:10:53,951 INFO c.h.h.t.HelmChartContainer - [K3S] [reconciler_common.go:251] "operationExecutor.VerifyControllerAttachedVolume started for volume \"kube-api-access-dv7mt\" (UniqueName: \"kubernetes.io/projected/d30b3084-350b-4bc1-9c36-5069b401c054-kube-api-access-dv7mt\") pod \"local-path-provisioner-698b58967b-z2rr2\" (UID: \"d30b3084-350b-4bc1-9c36-5069b401c054\") " pod="kube-system/local-path-provisioner-698b58967b-z2rr2"
2025-01-29 22:10:54,556 INFO c.h.h.t.HelmChartContainer - [K3S] [handler_proxy.go:99] no RequestInfo found in the context
2025-01-29 22:10:54,556 INFO c.h.h.t.HelmChartContainer - [K3S] [handler_proxy.go:99] no RequestInfo found in the context
2025-01-29 22:10:54,556 INFO c.h.h.t.HelmChartContainer - [K3S] [controller.go:102] "Unhandled Error" err=<
2025-01-29 22:10:54,556 INFO c.h.h.t.HelmChartContainer - [K3S] 	, Header: map[Content-Type:[text/plain; charset=utf-8] X-Content-Type-Options:[nosniff]]
2025-01-29 22:10:54,556 INFO c.h.h.t.HelmChartContainer - [K3S]  >
2025-01-29 22:10:54,929 INFO c.h.h.t.HelmChartContainer - [K3S] [INFO] Starting network policy controller version v2.2.1, built on 2025-01-28T18:27:08Z, go1.23.4
2025-01-29 22:10:54,930 INFO c.h.h.t.HelmChartContainer - [K3S] [network_policy_controller.go:164] Starting network policy controller
2025-01-29 22:10:54,967 INFO c.h.h.t.HelmChartContainer - [K3S] [network_policy_controller.go:176] Starting network policy controller full sync goroutine
2025-01-29 22:10:57,092 INFO c.h.h.t.HelmChartContainer - [K3S] [replica_set.go:679] "Finished syncing" kind="ReplicaSet" key="kube-system/local-path-provisioner-698b58967b" duration="5.302243ms"
2025-01-29 22:10:57,094 INFO c.h.h.t.HelmChartContainer - [K3S] [replica_set.go:679] "Finished syncing" kind="ReplicaSet" key="kube-system/local-path-provisioner-698b58967b" duration="52.097µs"
2025-01-29 22:10:57,108 INFO c.h.h.t.HelmChartContainer - [K3S] [replica_set.go:679] "Finished syncing" kind="ReplicaSet" key="kube-system/metrics-server-8584b5786c" duration="27.772µs"
2025-01-29 22:10:57,126 INFO c.h.h.t.HelmChartContainer - [K3S] [replica_set.go:679] "Finished syncing" kind="ReplicaSet" key="kube-system/coredns-ff8999cc5" duration="6.358935ms"
2025-01-29 22:10:57,127 INFO c.h.h.t.HelmChartContainer - [K3S] [replica_set.go:679] "Finished syncing" kind="ReplicaSet" key="kube-system/coredns-ff8999cc5" duration="32.28µs"
2025-01-29 22:10:57,938 DEBUG c.h.h.t.HelmChartContainer - Image file loaded 'hivemq-platform-operator.tar'
2025-01-29 22:10:58,269 INFO c.h.h.t.HelmChartContainer - [K3S] [kuberuntime_manager.go:1702] "Updating runtime config through cri with podcidr" CIDR="10.42.0.0/24"
2025-01-29 22:10:58,270 INFO c.h.h.t.HelmChartContainer - [K3S] [kubelet_network.go:61] "Updating Pod CIDR" originalPodCIDR="" newPodCIDR="10.42.0.0/24"
2025-01-29 22:10:58,276 INFO c.h.h.t.HelmChartContainer - [K3S] [range_allocator.go:247] "Successfully synced" key="43acab72dce7"
2025-01-29 22:10:58,373 DEBUG c.h.h.t.HelmChartContainer - Image file loaded 'hivemq-platform-operator-init.tar'
2025-01-29 22:11:03,886 DEBUG c.h.h.t.HelmChartContainer - Image file loaded 'hivemq-platform.tar'
2025-01-29 22:11:03,886 DEBUG c.h.h.t.HelmChartContainer - Successful Helm chart Container startup
2025-01-29 22:11:03,900 INFO t.localhost/testcontainers/slwtrfeefjlj1jwh:latest - Container localhost/testcontainers/slwtrfeefjlj1jwh:latest started in PT20.878199333S
2025-01-29 22:11:03,910 DEBUG c.h.h.t.HelmChartContainer - Executing helm command: /bin/helm --kubeconfig /etc/rancher/k3s/k3s.yaml repo add hivemq https://hivemq.github.io/helm-charts
2025-01-29 22:11:05,246 INFO c.h.h.t.HelmChartContainer - [EVENT] Normal [Starting] Starting kubelet. [null:43acab72dce7]
2025-01-29 22:11:05,247 INFO c.h.h.t.HelmChartContainer - [EVENT] Warning [InvalidDiskCapacity] invalid capacity 0 on image filesystem [null:43acab72dce7]
2025-01-29 22:11:05,248 INFO c.h.h.t.HelmChartContainer - [EVENT] Normal [NodeHasSufficientMemory] Node 43acab72dce7 status is now: NodeHasSufficientMemory [null:43acab72dce7]
2025-01-29 22:11:05,249 INFO c.h.h.t.HelmChartContainer - [EVENT] Normal [NodeHasNoDiskPressure] Node 43acab72dce7 status is now: NodeHasNoDiskPressure [null:43acab72dce7]
2025-01-29 22:11:05,250 INFO c.h.h.t.HelmChartContainer - [EVENT] Normal [NodeHasSufficientPID] Node 43acab72dce7 status is now: NodeHasSufficientPID [null:43acab72dce7]
2025-01-29 22:11:05,250 INFO c.h.h.t.HelmChartContainer - [EVENT] Normal [NodeAllocatableEnforced] Updated Node Allocatable limit across pods [null:43acab72dce7]
2025-01-29 22:11:05,251 INFO c.h.h.t.HelmChartContainer - [EVENT] Normal [NodeReady] Node 43acab72dce7 status is now: NodeReady [null:43acab72dce7]
2025-01-29 22:11:05,252 INFO c.h.h.t.HelmChartContainer - [EVENT] Normal [NodePasswordValidationComplete] Deferred node password secret validation complete [null:43acab72dce7]
2025-01-29 22:11:05,253 INFO c.h.h.t.HelmChartContainer - [EVENT] Normal [Synced] Node synced successfully [null:43acab72dce7]
2025-01-29 22:11:05,254 INFO c.h.h.t.HelmChartContainer - [EVENT] Normal [RegisteredNode] Node 43acab72dce7 event: Registered Node 43acab72dce7 in Controller [null:43acab72dce7]
2025-01-29 22:11:05,261 INFO c.h.h.t.HelmChartContainer - Saved kubeconfig file on /tmp/kubeconfig-9596012951456373648.yaml
2025-01-29 22:11:05,261 INFO c.h.h.t.HelmChartContainer - HelmChartContainer is started
]]></system-out>
  <system-err><![CDATA[]]></system-err>
</testsuite>
