<?xml version="1.0" encoding="UTF-8"?>
<testsuite name="com.hivemq.helmcharts.platform.HelmUpgradePlatformIT" tests="1" skipped="0" failures="0" errors="0" timestamp="2025-03-09T20:32:23" hostname="fv-az1758-29" time="155.395">
  <properties/>
  <testcase name="withDeployedPlatform_upgradeIncreasingReplicaCount()" classname="com.hivemq.helmcharts.platform.HelmUpgradePlatformIT" time="155.395"/>
</testsuite>
