<?xml version="1.0" encoding="UTF-8"?>
<testsuite name="com.hivemq.helmcharts.platform.HelmPlatformMutualTlsIT" tests="1" skipped="0" failures="0" errors="0" timestamp="2025-02-18T10:29:14" hostname="fv-az1971-844" time="106.9">
  <properties/>
  <testcase name="withMutualTls_hivemqRunning()" classname="com.hivemq.helmcharts.platform.HelmPlatformMutualTlsIT" time="106.9"/>
</testsuite>
