<?xml version="1.0" encoding="UTF-8"?>
<testsuite name="com.hivemq.helmcharts.migration.HelmLegacyStatefulSetMigrationIT" tests="1" skipped="0" failures="0" errors="0" timestamp="2025-01-29T13:55:01" hostname="fv-az805-192" time="325.595">
  <properties/>
  <testcase name="migrateToCurrentPlatformOperator()" classname="com.hivemq.helmcharts.migration.HelmLegacyStatefulSetMigrationIT" time="325.595">
    <system-out><![CDATA[2025-01-29 13:55:01,058 INFO c.h.h.t.HelmChartContainer - Creating namespace 'helmlegacystatefulsetmigrationit-operator'...
2025-01-29 13:55:01,259 INFO c.h.h.t.HelmChartContainer - Namespace 'helmlegacystatefulsetmigrationit-operator' created
2025-01-29 13:55:01,259 INFO c.h.h.t.HelmChartContainer - Creating namespace 'helmlegacystatefulsetmigrationit'...
2025-01-29 13:55:01,260 INFO c.h.h.t.HelmChartContainer - [POD] coredns-ff8999cc5-bwh9q [d925854c-f116-4a42-8b4e-de28001c9f4d] in kube-system was ADDED
2025-01-29 13:55:01,262 INFO c.h.h.t.HelmChartContainer - [POD] local-path-provisioner-698b58967b-qmhm4 [de44d3ec-3a80-48d2-b4e4-a633807e5507] in kube-system was ADDED
2025-01-29 13:55:01,264 INFO c.h.h.t.HelmChartContainer - [POD] metrics-server-8584b5786c-z4sj5 [7f990dc1-82ef-436f-84ad-9430cd4018aa] in kube-system was ADDED
2025-01-29 13:55:01,271 INFO c.h.h.t.HelmChartContainer - Namespace 'helmlegacystatefulsetmigrationit' created
2025-01-29 13:55:01,336 DEBUG c.h.h.t.HelmChartContainer - Executing helm command: /bin/helm --kubeconfig /etc/rancher/k3s/k3s.yaml install test-hivemq-platform-operator /charts/hivemq-platform-operator --wait --timeout 5m0s --set image.repository=docker.io/hivemq --set image.name=hivemq-platform-operator-test --set image.initImageName=hivemq-platform-operator-init-test --set image.tag=snapshot --set image.pullPolicy=Never --set logLevel=DEBUG --set resources.cpu=512m --namespace helmlegacystatefulsetmigrationit-operator
2025-01-29 13:55:03,741 INFO c.h.h.t.HelmChartContainer - [K3S] [alloc.go:330] "allocated clusterIPs" service="helmlegacystatefulsetmigrationit-operator/hivemq-platform-operator-test-hivemq-platform-operator" clusterIPs={"IPv4":"10.43.190.215"}
2025-01-29 13:55:03,758 INFO c.h.h.t.HelmChartContainer - [EVENT] Normal [ScalingReplicaSet] Scaled up replica set hivemq-test-hivemq-platform-operator-6966f96d65 from 0 to 1 [helmlegacystatefulsetmigrationit-operator:hivemq-test-hivemq-platform-operator]
2025-01-29 13:55:03,767 INFO c.h.h.t.HelmChartContainer - [POD] hivemq-test-hivemq-platform-operator-6966f96d65-wx25x [1484d44a-3138-449c-96b8-ea5284a7bc80] in helmlegacystatefulsetmigrationit-operator was ADDED
2025-01-29 13:55:03,772 INFO c.h.h.t.HelmChartContainer - [POD] hivemq-test-hivemq-platform-operator-6966f96d65-wx25x [1484d44a-3138-449c-96b8-ea5284a7bc80] in helmlegacystatefulsetmigrationit-operator was MODIFIED
2025-01-29 13:55:03,773 INFO c.h.h.t.HelmChartContainer - [EVENT] Normal [SuccessfulCreate] Created pod: hivemq-test-hivemq-platform-operator-6966f96d65-wx25x [helmlegacystatefulsetmigrationit-operator:hivemq-test-hivemq-platform-operator-6966f96d65]
2025-01-29 13:55:03,774 INFO c.h.h.t.HelmChartContainer - [K3S] [replica_set.go:679] "Finished syncing" kind="ReplicaSet" key="helmlegacystatefulsetmigrationit-operator/hivemq-test-hivemq-platform-operator-6966f96d65" duration="22.932696ms"
2025-01-29 13:55:03,785 INFO c.h.h.t.HelmChartContainer - [EVENT] Normal [Scheduled] Successfully assigned helmlegacystatefulsetmigrationit-operator/hivemq-test-hivemq-platform-operator-6966f96d65-wx25x to 06a12a63912a [helmlegacystatefulsetmigrationit-operator:hivemq-test-hivemq-platform-operator-6966f96d65-wx25x]
2025-01-29 13:55:03,790 INFO c.h.h.t.HelmChartContainer - [K3S] [replica_set.go:679] "Finished syncing" kind="ReplicaSet" key="helmlegacystatefulsetmigrationit-operator/hivemq-test-hivemq-platform-operator-6966f96d65" duration="14.021242ms"
2025-01-29 13:55:03,802 INFO c.h.h.t.HelmChartContainer - [K3S] [replica_set.go:679] "Finished syncing" kind="ReplicaSet" key="helmlegacystatefulsetmigrationit-operator/hivemq-test-hivemq-platform-operator-6966f96d65" duration="44.544µs"
2025-01-29 13:55:03,802 INFO c.h.h.t.HelmChartContainer - [K3S] [replica_set.go:679] "Finished syncing" kind="ReplicaSet" key="helmlegacystatefulsetmigrationit-operator/hivemq-test-hivemq-platform-operator-6966f96d65" duration="40.776µs"
2025-01-29 13:55:03,804 INFO c.h.h.t.HelmChartContainer - [POD] hivemq-test-hivemq-platform-operator-6966f96d65-wx25x [1484d44a-3138-449c-96b8-ea5284a7bc80] in helmlegacystatefulsetmigrationit-operator was MODIFIED
2025-01-29 13:55:03,870 INFO c.h.h.t.HelmChartContainer - [K3S] [reconciler_common.go:251] "operationExecutor.VerifyControllerAttachedVolume started for volume \"kube-api-access-6zxwt\" (UniqueName: \"kubernetes.io/projected/1484d44a-3138-449c-96b8-ea5284a7bc80-kube-api-access-6zxwt\") pod \"hivemq-test-hivemq-platform-operator-6966f96d65-wx25x\" (UID: \"1484d44a-3138-449c-96b8-ea5284a7bc80\") " pod="helmlegacystatefulsetmigrationit-operator/hivemq-test-hivemq-platform-operator-6966f96d65-wx25x"
2025-01-29 13:55:05,493 INFO c.h.h.t.HelmChartContainer - [EVENT] Normal [Pulled] Container image "docker.io/hivemq/hivemq-platform-operator-test:snapshot" already present on machine [helmlegacystatefulsetmigrationit-operator:hivemq-test-hivemq-platform-operator-6966f96d65-wx25x]
2025-01-29 13:55:05,493 INFO c.h.h.t.HelmChartContainer - Received Pulled event for container hivemq-platform-operator in pod hivemq-test-hivemq-platform-operator-6966f96d65-wx25x [1484d44a-3138-449c-96b8-ea5284a7bc80]
2025-01-29 13:55:05,501 INFO c.h.h.t.HelmChartContainer - [EVENT] Normal [Created] Created container: hivemq-platform-operator [helmlegacystatefulsetmigrationit-operator:hivemq-test-hivemq-platform-operator-6966f96d65-wx25x]
2025-01-29 13:55:05,501 INFO c.h.h.t.HelmChartContainer - Received Created event for container hivemq-platform-operator in pod hivemq-test-hivemq-platform-operator-6966f96d65-wx25x [1484d44a-3138-449c-96b8-ea5284a7bc80]
2025-01-29 13:55:05,573 INFO c.h.h.t.HelmChartContainer - [K3S] [replica_set.go:679] "Finished syncing" kind="ReplicaSet" key="helmlegacystatefulsetmigrationit-operator/hivemq-test-hivemq-platform-operator-6966f96d65" duration="41.969µs"
2025-01-29 13:55:05,577 INFO c.h.h.t.HelmChartContainer - [POD] hivemq-test-hivemq-platform-operator-6966f96d65-wx25x [1484d44a-3138-449c-96b8-ea5284a7bc80] in helmlegacystatefulsetmigrationit-operator was MODIFIED
2025-01-29 13:55:05,610 INFO c.h.h.t.HelmChartContainer - Started log watcher for hivemq-platform-operator in pod hivemq-test-hivemq-platform-operator-6966f96d65-wx25x [1484d44a-3138-449c-96b8-ea5284a7bc80]
2025-01-29 13:55:05,611 INFO c.h.h.t.HelmChartContainer - [EVENT] Normal [Started] Started container hivemq-platform-operator [helmlegacystatefulsetmigrationit-operator:hivemq-test-hivemq-platform-operator-6966f96d65-wx25x]
2025-01-29 13:55:05,611 INFO c.h.h.t.HelmChartContainer - Received Started event for container hivemq-platform-operator in pod hivemq-test-hivemq-platform-operator-6966f96d65-wx25x [1484d44a-3138-449c-96b8-ea5284a7bc80]
2025-01-29 13:55:05,612 INFO c.h.h.t.HelmChartContainer - [hivemq-test-hivemq-platform] [hivemq-platform-operator] [1484d44a] -------------------------------------------------------------------------
2025-01-29 13:55:05,612 INFO c.h.h.t.HelmChartContainer - [hivemq-test-hivemq-platform] [hivemq-platform-operator] [1484d44a] 
2025-01-29 13:55:05,613 INFO c.h.h.t.HelmChartContainer - [hivemq-test-hivemq-platform] [hivemq-platform-operator] [1484d44a]                   _    _  _              __  __   ____
2025-01-29 13:55:05,613 INFO c.h.h.t.HelmChartContainer - [hivemq-test-hivemq-platform] [hivemq-platform-operator] [1484d44a]                  | |  | |(_)            |  \/  | / __ \
2025-01-29 13:55:05,613 INFO c.h.h.t.HelmChartContainer - [hivemq-test-hivemq-platform] [hivemq-platform-operator] [1484d44a]                  | |__| | _ __   __ ___ | \  / || |  | |
2025-01-29 13:55:05,613 INFO c.h.h.t.HelmChartContainer - [hivemq-test-hivemq-platform] [hivemq-platform-operator] [1484d44a]                  |  __  || |\ \ / // _ \| |\/| || |  | |
2025-01-29 13:55:05,613 INFO c.h.h.t.HelmChartContainer - [hivemq-test-hivemq-platform] [hivemq-platform-operator] [1484d44a]                  | |  | || | \ V /|  __/| |  | || |__| |
2025-01-29 13:55:05,613 INFO c.h.h.t.HelmChartContainer - [hivemq-test-hivemq-platform] [hivemq-platform-operator] [1484d44a]                  |_|  |_||_|  \_/  \___||_|  |_| \___\_\
2025-01-29 13:55:05,613 INFO c.h.h.t.HelmChartContainer - [hivemq-test-hivemq-platform] [hivemq-platform-operator] [1484d44a] 
2025-01-29 13:55:05,613 INFO c.h.h.t.HelmChartContainer - [hivemq-test-hivemq-platform] [hivemq-platform-operator] [1484d44a] -------------------------------------------------------------------------
2025-01-29 13:55:05,613 INFO c.h.h.t.HelmChartContainer - [hivemq-test-hivemq-platform] [hivemq-platform-operator] [1484d44a] 
2025-01-29 13:55:05,613 INFO c.h.h.t.HelmChartContainer - [hivemq-test-hivemq-platform] [hivemq-platform-operator] [1484d44a]   HiveMQ Platform Operator Start Script v1.0
2025-01-29 13:55:05,613 INFO c.h.h.t.HelmChartContainer - [hivemq-test-hivemq-platform] [hivemq-platform-operator] [1484d44a] 
2025-01-29 13:55:05,616 INFO c.h.h.t.HelmChartContainer - [hivemq-test-hivemq-platform] [hivemq-platform-operator] [1484d44a] -------------------------------------------------------------------------
2025-01-29 13:55:05,616 INFO c.h.h.t.HelmChartContainer - [hivemq-test-hivemq-platform] [hivemq-platform-operator] [1484d44a] 
2025-01-29 13:55:05,616 INFO c.h.h.t.HelmChartContainer - [hivemq-test-hivemq-platform] [hivemq-platform-operator] [1484d44a]   JAVA_OPTS: -XX:+UnlockExperimentalVMOptions -XX:InitialRAMPercentage=75 -XX:MaxRAMPercentage=75 -Duser.language=en -Duser.region=US
2025-01-29 13:55:05,616 INFO c.h.h.t.HelmChartContainer - [hivemq-test-hivemq-platform] [hivemq-platform-operator] [1484d44a] 
2025-01-29 13:55:05,616 INFO c.h.h.t.HelmChartContainer - [hivemq-test-hivemq-platform] [hivemq-platform-operator] [1484d44a]   JAVA_VERSION: 21
2025-01-29 13:55:05,616 INFO c.h.h.t.HelmChartContainer - [hivemq-test-hivemq-platform] [hivemq-platform-operator] [1484d44a] 
2025-01-29 13:55:05,616 INFO c.h.h.t.HelmChartContainer - [hivemq-test-hivemq-platform] [hivemq-platform-operator] [1484d44a] -------------------------------------------------------------------------
2025-01-29 13:55:05,616 INFO c.h.h.t.HelmChartContainer - [hivemq-test-hivemq-platform] [hivemq-platform-operator] [1484d44a] 
2025-01-29 13:55:08,559 INFO c.h.h.t.HelmChartContainer - [K3S] [replica_set.go:679] "Finished syncing" kind="ReplicaSet" key="kube-system/metrics-server-8584b5786c" duration="7.675851ms"
2025-01-29 13:55:08,562 INFO c.h.h.t.HelmChartContainer - [POD] metrics-server-8584b5786c-z4sj5 [7f990dc1-82ef-436f-84ad-9430cd4018aa] in kube-system was MODIFIED
2025-01-29 13:55:08,562 INFO c.h.h.t.HelmChartContainer - [K3S] [replica_set.go:679] "Finished syncing" kind="ReplicaSet" key="kube-system/metrics-server-8584b5786c" duration="58.59µs"
2025-01-29 13:55:08,958 INFO c.h.h.t.HelmChartContainer - [hivemq-test-hivemq-platform] [hivemq-platform-operator] [1484d44a] 13:55:08.954 [main] DEBUG org.jboss.logging - Logging Provider: org.jboss.logging.Slf4jLoggerProvider
2025-01-29 13:55:09,060 INFO c.h.h.t.HelmChartContainer - [hivemq-test-hivemq-platform] [hivemq-platform-operator] [1484d44a] 13:55:09.059 [main] DEBUG io.smallrye.config - SRCFG01006: Loaded ConfigSource SysPropConfigSource with ordinal 400
2025-01-29 13:55:09,060 INFO c.h.h.t.HelmChartContainer - [hivemq-test-hivemq-platform] [hivemq-platform-operator] [1484d44a] 13:55:09.059 [main] DEBUG io.smallrye.config - SRCFG01006: Loaded ConfigSource EnvConfigSource with ordinal 300
2025-01-29 13:55:09,060 INFO c.h.h.t.HelmChartContainer - [hivemq-test-hivemq-platform] [hivemq-platform-operator] [1484d44a] 13:55:09.059 [main] DEBUG io.smallrye.config - SRCFG01006: Loaded ConfigSource PropertiesConfigSource[source=jar:file:///opt/hivemq-platform-operator/bin/hivemq-platform-operator.jar!/hivemq-platform-operator.properties] with ordinal 100
2025-01-29 13:55:09,060 INFO c.h.h.t.HelmChartContainer - [hivemq-test-hivemq-platform] [hivemq-platform-operator] [1484d44a] 13:55:09.059 [main] DEBUG io.smallrye.config - SRCFG01006: Loaded ConfigSource DefaultValuesConfigSource with ordinal -2147483648
2025-01-29 13:55:09,167 INFO c.h.h.t.HelmChartContainer - [hivemq-test-hivemq-platform] [hivemq-platform-operator] [1484d44a] 13:55:09.165 [main] DEBUG i.m.c.u.i.l.InternalLoggerFactory - Using SLF4J as the default logging framework
2025-01-29 13:55:09,355 INFO c.h.h.t.HelmChartContainer - [hivemq-test-hivemq-platform] [hivemq-platform-operator] [1484d44a] 13:55:09.301 [main] INFO  c.h.p.o.HiveMQPlatformOperatorApplication - HiveMQ Platform Operator 1.7.0-SNAPSHOT (commit: bebf408 on branch: HEAD) built on Sun Jan 26 20:47:47 UTC 2025
2025-01-29 13:55:09,355 INFO c.h.h.t.HelmChartContainer - [hivemq-test-hivemq-platform] [hivemq-platform-operator] [1484d44a] 13:55:09.353 [main] INFO  c.h.p.o.HiveMQPlatformOperatorApplication - HiveMQ Platform Operator is running in namespace: helmlegacystatefulsetmigrationit-operator
2025-01-29 13:55:09,355 INFO c.h.h.t.HelmChartContainer - [hivemq-test-hivemq-platform] [hivemq-platform-operator] [1484d44a] 13:55:09.353 [main] INFO  c.h.p.o.HiveMQPlatformOperatorApplication - Watching all namespaces
2025-01-29 13:55:09,355 INFO c.h.h.t.HelmChartContainer - [hivemq-test-hivemq-platform] [hivemq-platform-operator] [1484d44a] 13:55:09.353 [main] INFO  c.h.p.o.HiveMQPlatformOperatorApplication - Log level: DEBUG
2025-01-29 13:55:09,355 INFO c.h.h.t.HelmChartContainer - [hivemq-test-hivemq-platform] [hivemq-platform-operator] [1484d44a] 13:55:09.353 [main] INFO  c.h.p.o.HiveMQPlatformOperatorApplication - Release name: test-hivemq-platform-operator
2025-01-29 13:55:09,355 INFO c.h.h.t.HelmChartContainer - [hivemq-test-hivemq-platform] [hivemq-platform-operator] [1484d44a] 13:55:09.353 [main] INFO  c.h.p.o.HiveMQPlatformOperatorApplication - HiveMQ Platform Operator Init image: docker.io/hivemq/hivemq-platform-operator-init-test:snapshot
2025-01-29 13:55:09,355 INFO c.h.h.t.HelmChartContainer - [hivemq-test-hivemq-platform] [hivemq-platform-operator] [1484d44a] 13:55:09.353 [main] INFO  c.h.p.o.HiveMQPlatformOperatorApplication - HiveMQ Platform Operator Init App update URL: http://hivemq-platform-operator-test-hivemq-platform-operator.helmlegacystatefulsetmigrationit-operator.svc:8080/initAppUpdate/hivemq-platform-operator-init-app-1.7.0-SNAPSHOT.jar
2025-01-29 13:55:09,356 INFO c.h.h.t.HelmChartContainer - [hivemq-test-hivemq-platform] [hivemq-platform-operator] [1484d44a] 13:55:09.353 [main] INFO  c.h.p.o.HiveMQPlatformOperatorApplication - Additional imagePullSecret for all Platform deployments: none
2025-01-29 13:55:09,356 INFO c.h.h.t.HelmChartContainer - [hivemq-test-hivemq-platform] [hivemq-platform-operator] [1484d44a] 13:55:09.353 [main] INFO  c.h.p.o.HiveMQPlatformOperatorApplication - Apply HiveMQ Platform CRD: true
2025-01-29 13:55:09,356 INFO c.h.h.t.HelmChartContainer - [hivemq-test-hivemq-platform] [hivemq-platform-operator] [1484d44a] 13:55:09.353 [main] INFO  c.h.p.o.HiveMQPlatformOperatorApplication - Create Platform ServiceAccount: true
2025-01-29 13:55:09,356 INFO c.h.h.t.HelmChartContainer - [hivemq-test-hivemq-platform] [hivemq-platform-operator] [1484d44a] 13:55:09.353 [main] INFO  c.h.p.o.HiveMQPlatformOperatorApplication - Create Platform ServiceAccount permissions: true
2025-01-29 13:55:09,356 INFO c.h.h.t.HelmChartContainer - [hivemq-test-hivemq-platform] [hivemq-platform-operator] [1484d44a] 13:55:09.353 [main] INFO  c.h.p.o.HiveMQPlatformOperatorApplication - Validate Platform ServiceAccount: true
2025-01-29 13:55:09,356 INFO c.h.h.t.HelmChartContainer - [hivemq-test-hivemq-platform] [hivemq-platform-operator] [1484d44a] 13:55:09.353 [main] INFO  c.h.p.o.HiveMQPlatformOperatorApplication - Validate Platform ServiceAccount permissions: true
2025-01-29 13:55:09,407 INFO c.h.h.t.HelmChartContainer - [hivemq-test-hivemq-platform] [hivemq-platform-operator] [1484d44a] 13:55:09.405 [main] INFO  c.h.platform.operator.util.CRDUtil - Verifying deployed HiveMQ Platform CRD...
2025-01-29 13:55:11,967 INFO c.h.h.t.HelmChartContainer - [hivemq-test-hivemq-platform] [hivemq-platform-operator] [1484d44a] 13:55:11.966 [main] DEBUG c.h.platform.operator.util.CRDUtil - HiveMQ Platform CRD version v1 is up to date
2025-01-29 13:55:11,967 INFO c.h.h.t.HelmChartContainer - [hivemq-test-hivemq-platform] [hivemq-platform-operator] [1484d44a] 13:55:11.966 [main] INFO  c.h.platform.operator.util.CRDUtil - HiveMQ Platform CRD is up to date (version: V1_6_0)
2025-01-29 13:55:11,967 INFO c.h.h.t.HelmChartContainer - [hivemq-test-hivemq-platform] [hivemq-platform-operator] [1484d44a] 13:55:11.966 [main] INFO  c.h.platform.operator.util.CRDUtil - Waiting 10000 ms for HiveMQ Platform CRD 'hivemq-platforms.hivemq.com' to become ready...
2025-01-29 13:55:12,360 INFO c.h.h.t.HelmChartContainer - [hivemq-test-hivemq-platform] [hivemq-platform-operator] [1484d44a] 13:55:12.357 [vert.x-eventloop-thread-1] DEBUG c.h.platform.operator.util.CRDUtil - Checking CRD condition 'NamesAccepted' (status: 'True')
2025-01-29 13:55:12,360 INFO c.h.h.t.HelmChartContainer - [hivemq-test-hivemq-platform] [hivemq-platform-operator] [1484d44a] 13:55:12.358 [vert.x-eventloop-thread-1] DEBUG c.h.platform.operator.util.CRDUtil - Checking CRD condition 'Established' (status: 'True')
2025-01-29 13:55:12,361 INFO c.h.h.t.HelmChartContainer - [hivemq-test-hivemq-platform] [hivemq-platform-operator] [1484d44a] 13:55:12.359 [main] INFO  c.h.platform.operator.util.CRDUtil - HiveMQ Platform CRD 'hivemq-platforms.hivemq.com' is ready
2025-01-29 13:55:12,560 INFO c.h.h.t.HelmChartContainer - [hivemq-test-hivemq-platform] [hivemq-platform-operator] [1484d44a] 13:55:12.558 [main] INFO  c.h.p.o.HiveMQPlatformReconciler - HiveMQ Platform Operator is starting...
2025-01-29 13:55:12,664 INFO c.h.h.t.HelmChartContainer - [hivemq-test-hivemq-platform] [hivemq-platform-operator] [1484d44a] 13:55:12.662 [main] WARN  Default ConfigurationService implementation - Configuration for reconciler 'hivemq-controller' was not found. Known reconcilers: None.
2025-01-29 13:55:12,707 INFO c.h.h.t.HelmChartContainer - [hivemq-test-hivemq-platform] [hivemq-platform-operator] [1484d44a] 13:55:12.706 [main] INFO  Default ConfigurationService implementation - Created configuration for reconciler com.hivemq.platform.operator.HiveMQPlatformReconciler with name hivemq-controller
2025-01-29 13:55:12,856 INFO c.h.h.t.HelmChartContainer - [hivemq-test-hivemq-platform] [hivemq-platform-operator] [1484d44a] 13:55:12.855 [main] DEBUG c.h.p.o.HiveMQPlatformReconciler - HiveMQ Platform Operator is preparing EventSources
2025-01-29 13:55:12,905 INFO c.h.h.t.HelmChartContainer - [hivemq-test-hivemq-platform] [hivemq-platform-operator] [1484d44a] 13:55:12.903 [main] INFO  i.javaoperatorsdk.operator.Operator - Registered reconciler: 'hivemq-controller' for resource: 'class com.hivemq.platform.operator.v1.HiveMQPlatform' for namespace(s): [all namespaces]
2025-01-29 13:55:13,561 INFO c.h.h.t.HelmChartContainer - [hivemq-test-hivemq-platform] [hivemq-platform-operator] [1484d44a] 13:55:13.560 [main] INFO  c.h.p.operator.webserver.JettyServer - Starting Jetty server on port 8080
2025-01-29 13:55:13,662 INFO c.h.h.t.HelmChartContainer - [hivemq-test-hivemq-platform] [hivemq-platform-operator] [1484d44a] 13:55:13.661 [main] INFO  i.javaoperatorsdk.operator.Operator - Operator SDK 4.9.7 (commit: 2133d28) built on Wed Nov 20 12:56:20 UTC 2024 starting...
2025-01-29 13:55:13,663 INFO c.h.h.t.HelmChartContainer - [hivemq-test-hivemq-platform] [hivemq-platform-operator] [1484d44a] 13:55:13.661 [main] INFO  i.javaoperatorsdk.operator.Operator - Client version: 6.13.4
2025-01-29 13:55:13,664 INFO c.h.h.t.HelmChartContainer - [hivemq-test-hivemq-platform] [hivemq-platform-operator] [1484d44a] 13:55:13.663 [Controller Starter for: hivemq-controller] INFO  i.j.operator.processing.Controller - Starting 'hivemq-controller' controller for reconciler: com.hivemq.platform.operator.HiveMQPlatformReconciler, resource: com.hivemq.platform.operator.v1.HiveMQPlatform
2025-01-29 13:55:14,068 INFO c.h.h.t.HelmChartContainer - [K3S] [range_allocator.go:247] "Successfully synced" key="06a12a63912a"
2025-01-29 13:55:16,303 INFO c.h.h.t.HelmChartContainer - [hivemq-test-hivemq-platform] [hivemq-platform-operator] [1484d44a] 13:55:16.302 [Controller Starter for: hivemq-controller] INFO  i.j.operator.processing.Controller - 'hivemq-controller' controller started
2025-01-29 13:55:16,305 INFO c.h.h.t.HelmChartContainer - [hivemq-test-hivemq-platform] [hivemq-platform-operator] [1484d44a] 13:55:16.303 [main] INFO  c.h.p.o.HiveMQPlatformOperatorApplication - HiveMQ Platform Operator 1.7.0-SNAPSHOT started in 7002 ms
2025-01-29 13:55:16,575 INFO c.h.h.t.HelmChartContainer - [POD] hivemq-test-hivemq-platform-operator-6966f96d65-wx25x [1484d44a-3138-449c-96b8-ea5284a7bc80] in helmlegacystatefulsetmigrationit-operator was MODIFIED
2025-01-29 13:55:16,584 INFO c.h.h.t.HelmChartContainer - [K3S] [replica_set.go:679] "Finished syncing" kind="ReplicaSet" key="helmlegacystatefulsetmigrationit-operator/hivemq-test-hivemq-platform-operator-6966f96d65" duration="10.369579ms"
2025-01-29 13:55:16,587 INFO c.h.h.t.HelmChartContainer - [K3S] [replica_set.go:679] "Finished syncing" kind="ReplicaSet" key="helmlegacystatefulsetmigrationit-operator/hivemq-test-hivemq-platform-operator-6966f96d65" duration="35.246µs"
2025-01-29 13:55:19,561 DEBUG c.h.h.t.HelmChartContainer - Executing helm command: /bin/helm --kubeconfig /etc/rancher/k3s/k3s.yaml install test-hivemq-legacy-platform /charts/hivemq-operator --wait --timeout 5m0s -f /files/migration-legacy-stateful-set-values.yaml --namespace helmlegacystatefulsetmigrationit-operator
2025-01-29 13:55:22,216 INFO c.h.h.t.HelmChartContainer - [K3S] [alloc.go:330] "allocated clusterIPs" service="helmlegacystatefulsetmigrationit-operator/test-hivemq-legacy-platform-hivemq-operator-operator" clusterIPs={"IPv4":"10.43.244.125"}
2025-01-29 13:55:22,229 INFO c.h.h.t.HelmChartContainer - [EVENT] Normal [ScalingReplicaSet] Scaled up replica set test-hivemq-legacy-platform-hivemq-operator-operator-56c5b9f7b7 from 0 to 1 [helmlegacystatefulsetmigrationit-operator:test-hivemq-legacy-platform-hivemq-operator-operator]
2025-01-29 13:55:22,238 INFO c.h.h.t.HelmChartContainer - [POD] test-hivemq-legacy-platform-hivemq-operator-operator-56c5bl2p6l [bbb12adf-5b5b-443f-b96b-3ad97f9cf456] in helmlegacystatefulsetmigrationit-operator was ADDED
2025-01-29 13:55:22,239 INFO c.h.h.t.HelmChartContainer - [EVENT] Normal [SuccessfulCreate] Created pod: test-hivemq-legacy-platform-hivemq-operator-operator-56c5bl2p6l [helmlegacystatefulsetmigrationit-operator:test-hivemq-legacy-platform-hivemq-operator-operator-56c5b9f7b7]
2025-01-29 13:55:22,241 INFO c.h.h.t.HelmChartContainer - [K3S] [replica_set.go:679] "Finished syncing" kind="ReplicaSet" key="helmlegacystatefulsetmigrationit-operator/test-hivemq-legacy-platform-hivemq-operator-operator-56c5b9f7b7" duration="12.71852ms"
2025-01-29 13:55:22,246 INFO c.h.h.t.HelmChartContainer - [POD] test-hivemq-legacy-platform-hivemq-operator-operator-56c5bl2p6l [bbb12adf-5b5b-443f-b96b-3ad97f9cf456] in helmlegacystatefulsetmigrationit-operator was MODIFIED
2025-01-29 13:55:22,250 INFO c.h.h.t.HelmChartContainer - [EVENT] Normal [Scheduled] Successfully assigned helmlegacystatefulsetmigrationit-operator/test-hivemq-legacy-platform-hivemq-operator-operator-56c5bl2p6l to 06a12a63912a [helmlegacystatefulsetmigrationit-operator:test-hivemq-legacy-platform-hivemq-operator-operator-56c5bl2p6l]
2025-01-29 13:55:22,269 INFO c.h.h.t.HelmChartContainer - [K3S] [replica_set.go:679] "Finished syncing" kind="ReplicaSet" key="helmlegacystatefulsetmigrationit-operator/test-hivemq-legacy-platform-hivemq-operator-operator-56c5b9f7b7" duration="23.188737ms"
2025-01-29 13:55:22,269 INFO c.h.h.t.HelmChartContainer - [K3S] [replica_set.go:679] "Finished syncing" kind="ReplicaSet" key="helmlegacystatefulsetmigrationit-operator/test-hivemq-legacy-platform-hivemq-operator-operator-56c5b9f7b7" duration="33.021µs"
2025-01-29 13:55:22,271 INFO c.h.h.t.HelmChartContainer - [K3S] [replica_set.go:679] "Finished syncing" kind="ReplicaSet" key="helmlegacystatefulsetmigrationit-operator/test-hivemq-legacy-platform-hivemq-operator-operator-56c5b9f7b7" duration="38.442µs"
2025-01-29 13:55:22,272 INFO c.h.h.t.HelmChartContainer - [POD] test-hivemq-legacy-platform-hivemq-operator-operator-56c5bl2p6l [bbb12adf-5b5b-443f-b96b-3ad97f9cf456] in helmlegacystatefulsetmigrationit-operator was MODIFIED
2025-01-29 13:55:22,296 INFO c.h.h.t.HelmChartContainer - [K3S] [reconciler_common.go:251] "operationExecutor.VerifyControllerAttachedVolume started for volume \"kube-api-access-46fm6\" (UniqueName: \"kubernetes.io/projected/bbb12adf-5b5b-443f-b96b-3ad97f9cf456-kube-api-access-46fm6\") pod \"test-hivemq-legacy-platform-hivemq-operator-operator-56c5bl2p6l\" (UID: \"bbb12adf-5b5b-443f-b96b-3ad97f9cf456\") " pod="helmlegacystatefulsetmigrationit-operator/test-hivemq-legacy-platform-hivemq-operator-operator-56c5bl2p6l"
2025-01-29 13:55:22,296 INFO c.h.h.t.HelmChartContainer - [K3S] [reconciler_common.go:251] "operationExecutor.VerifyControllerAttachedVolume started for volume \"templates\" (UniqueName: \"kubernetes.io/configmap/bbb12adf-5b5b-443f-b96b-3ad97f9cf456-templates\") pod \"test-hivemq-legacy-platform-hivemq-operator-operator-56c5bl2p6l\" (UID: \"bbb12adf-5b5b-443f-b96b-3ad97f9cf456\") " pod="helmlegacystatefulsetmigrationit-operator/test-hivemq-legacy-platform-hivemq-operator-operator-56c5bl2p6l"
2025-01-29 13:55:22,637 INFO c.h.h.t.HelmChartContainer - [EVENT] Normal [Pulling] Pulling image "hivemq/hivemq-operator:4.7.10" [helmlegacystatefulsetmigrationit-operator:test-hivemq-legacy-platform-hivemq-operator-operator-56c5bl2p6l]
2025-01-29 13:55:22,637 INFO c.h.h.t.HelmChartContainer - Received Pulling event for container operator in pod test-hivemq-legacy-platform-hivemq-operator-operator-56c5bl2p6l [bbb12adf-5b5b-443f-b96b-3ad97f9cf456]
2025-01-29 13:55:25,490 INFO c.h.h.t.HelmChartContainer - [EVENT] Normal [Pulled] Successfully pulled image "hivemq/hivemq-operator:4.7.10" in 2.853s (2.853s including waiting). Image size: 133174259 bytes. [helmlegacystatefulsetmigrationit-operator:test-hivemq-legacy-platform-hivemq-operator-operator-56c5bl2p6l]
2025-01-29 13:55:25,490 INFO c.h.h.t.HelmChartContainer - Received Pulled event for container operator in pod test-hivemq-legacy-platform-hivemq-operator-operator-56c5bl2p6l [bbb12adf-5b5b-443f-b96b-3ad97f9cf456]
2025-01-29 13:55:25,498 INFO c.h.h.t.HelmChartContainer - [EVENT] Normal [Created] Created container: operator [helmlegacystatefulsetmigrationit-operator:test-hivemq-legacy-platform-hivemq-operator-operator-56c5bl2p6l]
2025-01-29 13:55:25,498 INFO c.h.h.t.HelmChartContainer - Received Created event for container operator in pod test-hivemq-legacy-platform-hivemq-operator-operator-56c5bl2p6l [bbb12adf-5b5b-443f-b96b-3ad97f9cf456]
2025-01-29 13:55:25,625 INFO c.h.h.t.HelmChartContainer - [POD] test-hivemq-legacy-platform-hivemq-operator-operator-56c5bl2p6l [bbb12adf-5b5b-443f-b96b-3ad97f9cf456] in helmlegacystatefulsetmigrationit-operator was MODIFIED
2025-01-29 13:55:25,639 INFO c.h.h.t.HelmChartContainer - [K3S] [replica_set.go:679] "Finished syncing" kind="ReplicaSet" key="helmlegacystatefulsetmigrationit-operator/test-hivemq-legacy-platform-hivemq-operator-operator-56c5b9f7b7" duration="23.666516ms"
2025-01-29 13:55:25,639 INFO c.h.h.t.HelmChartContainer - [K3S] [replica_set.go:679] "Finished syncing" kind="ReplicaSet" key="helmlegacystatefulsetmigrationit-operator/test-hivemq-legacy-platform-hivemq-operator-operator-56c5b9f7b7" duration="58.339µs"
2025-01-29 13:55:25,640 INFO c.h.h.t.HelmChartContainer - Started log watcher for operator in pod test-hivemq-legacy-platform-hivemq-operator-operator-56c5bl2p6l [bbb12adf-5b5b-443f-b96b-3ad97f9cf456]
2025-01-29 13:55:25,640 INFO c.h.h.t.HelmChartContainer - [test-hivemq-legacy-platform] [operator] [bbb12adf] Picked up JAVA_TOOL_OPTIONS: -XX:+UnlockExperimentalVMOptions -XX:InitialRAMPercentage=75 -XX:MaxRAMPercentage=75
2025-01-29 13:55:25,640 INFO c.h.h.t.HelmChartContainer - [EVENT] Normal [Started] Started container operator [helmlegacystatefulsetmigrationit-operator:test-hivemq-legacy-platform-hivemq-operator-operator-56c5bl2p6l]
2025-01-29 13:55:25,641 INFO c.h.h.t.HelmChartContainer - Received Started event for container operator in pod test-hivemq-legacy-platform-hivemq-operator-operator-56c5bl2p6l [bbb12adf-5b5b-443f-b96b-3ad97f9cf456]
2025-01-29 13:55:26,344 INFO com.hivemq.helmcharts.util.K8sUtil - Pod 'test-hivemq-legacy-platform-hivemq-operator-operator-56c5bl2p6l' is ready
2025-01-29 13:55:26,901 INFO c.h.h.t.HelmChartContainer - [test-hivemq-legacy-platform] [operator] [bbb12adf]  __  __ _                                  _   
2025-01-29 13:55:26,901 INFO c.h.h.t.HelmChartContainer - [test-hivemq-legacy-platform] [operator] [bbb12adf] |  \/  (_) ___ _ __ ___  _ __   __ _ _   _| |_ 
2025-01-29 13:55:26,901 INFO c.h.h.t.HelmChartContainer - [test-hivemq-legacy-platform] [operator] [bbb12adf] | |\/| | |/ __| '__/ _ \| '_ \ / _` | | | | __|
2025-01-29 13:55:26,901 INFO c.h.h.t.HelmChartContainer - [test-hivemq-legacy-platform] [operator] [bbb12adf] | |  | | | (__| | | (_) | | | | (_| | |_| | |_ 
2025-01-29 13:55:26,901 INFO c.h.h.t.HelmChartContainer - [test-hivemq-legacy-platform] [operator] [bbb12adf] |_|  |_|_|\___|_|  \___/|_| |_|\__,_|\__,_|\__|
2025-01-29 13:55:26,902 INFO c.h.h.t.HelmChartContainer - [test-hivemq-legacy-platform] [operator] [bbb12adf]   Micronaut (v3.5.2)
2025-01-29 13:55:26,902 INFO c.h.h.t.HelmChartContainer - [test-hivemq-legacy-platform] [operator] [bbb12adf] 
2025-01-29 13:55:29,080 INFO c.h.h.t.HelmChartContainer - [test-hivemq-legacy-platform] [operator] [bbb12adf] ?[36m13:55:29.024?[0;39m ?[1;30m[main]?[0;39m ?[34mINFO ?[0;39m ?[35mio.micronaut.runtime.Micronaut?[0;39m - Startup completed in 2138ms. Server Running: http://test-hivemq-legacy-platform-hivemq-operator-operator-56c5bl2p6l:8443
2025-01-29 13:55:30,183 INFO c.h.h.t.HelmChartContainer - [test-hivemq-legacy-platform] [operator] [bbb12adf] ?[36m13:55:30.182?[0;39m ?[1;30m[main]?[0;39m ?[34mINFO ?[0;39m ?[35mcom.hivemq.Operator?[0;39m - Initializing HiveMQ operator
2025-01-29 13:55:31,202 INFO c.h.h.t.HelmChartContainer - [test-hivemq-legacy-platform] [operator] [bbb12adf] ?[36m13:55:31.200?[0;39m ?[1;30m[main]?[0;39m ?[34mINFO ?[0;39m ?[35mcom.hivemq.Operator?[0;39m - Operating from namespace 'helmlegacystatefulsetmigrationit-operator'
2025-01-29 13:55:31,383 INFO c.h.h.t.HelmChartContainer - [test-hivemq-legacy-platform] [operator] [bbb12adf] ?[36m13:55:31.382?[0;39m ?[1;30m[pool-3-thread-1]?[0;39m ?[34mINFO ?[0;39m ?[35mcom.hivemq.AbstractWatcher?[0;39m - CustomResource watcher running for kinds HiveMQCluster
2025-01-29 13:55:31,904 INFO c.h.h.t.HelmChartContainer - [test-hivemq-legacy-platform] [operator] [bbb12adf] ?[36m13:55:31.902?[0;39m ?[1;30m[main]?[0;39m ?[34mINFO ?[0;39m ?[35mcom.hivemq.Operator?[0;39m - Operator started in 1720ms
2025-01-29 13:55:32,215 INFO c.h.h.t.HelmChartContainer - [test-hivemq-legacy-platform] [operator] [bbb12adf] ?[36m13:55:32.213?[0;39m ?[1;30m[pool-3-thread-2]?[0;39m ?[34mINFO ?[0;39m ?[35mcom.hivemq.Operator?[0;39m - Syncing state for cluster 'test-hivemq-legacy-platform' in namespace 'helmlegacystatefulsetmigrationit-operator'
2025-01-29 13:55:32,605 INFO c.h.h.t.HelmChartContainer - [K3S] [alloc.go:330] "allocated clusterIPs" service="helmlegacystatefulsetmigrationit-operator/hivemq-test-hivemq-legacy-platform-metrics" clusterIPs={"IPv4":"10.43.167.22"}
2025-01-29 13:55:32,615 INFO c.h.h.t.HelmChartContainer - [K3S] [alloc.go:330] "allocated clusterIPs" service="helmlegacystatefulsetmigrationit-operator/hivemq-test-hivemq-legacy-platform-api" clusterIPs={"IPv4":"10.43.17.48"}
2025-01-29 13:55:32,619 INFO c.h.h.t.HelmChartContainer - [K3S] [alloc.go:330] "allocated clusterIPs" service="helmlegacystatefulsetmigrationit-operator/hivemq-test-hivemq-legacy-platform-cc" clusterIPs={"IPv4":"10.43.91.44"}
2025-01-29 13:55:32,628 INFO c.h.h.t.HelmChartContainer - [K3S] [alloc.go:330] "allocated clusterIPs" service="helmlegacystatefulsetmigrationit-operator/hivemq-test-hivemq-legacy-platform-mqtt" clusterIPs={"IPv4":"10.43.18.113"}
2025-01-29 13:55:32,926 DEBUG com.hivemq.helmcharts.util.K8sUtil - Comparing actual state 'Pending' and waiting for 'Running'
2025-01-29 13:55:33,921 DEBUG com.hivemq.helmcharts.util.K8sUtil - Comparing actual state 'Pending' and waiting for 'Running'
2025-01-29 13:55:34,102 INFO c.h.h.t.HelmChartContainer - [test-hivemq-legacy-platform] [operator] [bbb12adf] ?[36m13:55:34.099?[0;39m ?[1;30m[pool-3-thread-9]?[0;39m ?[34mINFO ?[0;39m ?[35mcom.hivemq.Operator?[0;39m - Syncing state for cluster 'test-hivemq-legacy-platform' in namespace 'helmlegacystatefulsetmigrationit-operator'
2025-01-29 13:55:34,432 INFO c.h.h.t.HelmChartContainer - [EVENT] Normal [SuccessfulCreate] create Claim data-test-hivemq-legacy-platform-0 Pod test-hivemq-legacy-platform-0 in StatefulSet test-hivemq-legacy-platform success [helmlegacystatefulsetmigrationit-operator:test-hivemq-legacy-platform]
2025-01-29 13:55:34,442 INFO c.h.h.t.HelmChartContainer - [EVENT] Normal [SuccessfulCreate] create Pod test-hivemq-legacy-platform-0 in StatefulSet test-hivemq-legacy-platform successful [helmlegacystatefulsetmigrationit-operator:test-hivemq-legacy-platform]
2025-01-29 13:55:34,447 INFO c.h.h.t.HelmChartContainer - [POD] test-hivemq-legacy-platform-0 [a7da5cfe-cafb-444f-9c1d-a9021d1fa654] in helmlegacystatefulsetmigrationit-operator was ADDED
2025-01-29 13:55:34,452 INFO c.h.h.t.HelmChartContainer - [EVENT] Normal [WaitForFirstConsumer] waiting for first consumer to be created before binding [helmlegacystatefulsetmigrationit-operator:data-test-hivemq-legacy-platform-0]
2025-01-29 13:55:34,459 INFO c.h.h.t.HelmChartContainer - [EVENT] Normal [ExternalProvisioning] Waiting for a volume to be created either by the external provisioner 'rancher.io/local-path' or manually by the system administrator. If volume creation is delayed, please verify that the provisioner is running and correctly registered. [helmlegacystatefulsetmigrationit-operator:data-test-hivemq-legacy-platform-0]
2025-01-29 13:55:34,462 INFO c.h.h.t.HelmChartContainer - [EVENT] Normal [Provisioning] External provisioner is provisioning volume for claim "helmlegacystatefulsetmigrationit-operator/data-test-hivemq-legacy-platform-0" [helmlegacystatefulsetmigrationit-operator:data-test-hivemq-legacy-platform-0]
2025-01-29 13:55:34,537 INFO c.h.h.t.HelmChartContainer - [POD] helper-pod-create-pvc-306f8171-a687-4a71-91e0-11db8ecea096 [f441b2a5-ae1c-4ea6-8485-db4522bce803] in kube-system was ADDED
2025-01-29 13:55:34,548 INFO c.h.h.t.HelmChartContainer - [POD] helper-pod-create-pvc-306f8171-a687-4a71-91e0-11db8ecea096 [f441b2a5-ae1c-4ea6-8485-db4522bce803] in kube-system was MODIFIED
2025-01-29 13:55:34,573 INFO c.h.h.t.HelmChartContainer - [K3S] [reconciler_common.go:251] "operationExecutor.VerifyControllerAttachedVolume started for volume \"kube-api-access-zj2zb\" (UniqueName: \"kubernetes.io/projected/f441b2a5-ae1c-4ea6-8485-db4522bce803-kube-api-access-zj2zb\") pod \"helper-pod-create-pvc-306f8171-a687-4a71-91e0-11db8ecea096\" (UID: \"f441b2a5-ae1c-4ea6-8485-db4522bce803\") " pod="kube-system/helper-pod-create-pvc-306f8171-a687-4a71-91e0-11db8ecea096"
2025-01-29 13:55:34,573 INFO c.h.h.t.HelmChartContainer - [K3S] [reconciler_common.go:251] "operationExecutor.VerifyControllerAttachedVolume started for volume \"data\" (UniqueName: \"kubernetes.io/host-path/f441b2a5-ae1c-4ea6-8485-db4522bce803-data\") pod \"helper-pod-create-pvc-306f8171-a687-4a71-91e0-11db8ecea096\" (UID: \"f441b2a5-ae1c-4ea6-8485-db4522bce803\") " pod="kube-system/helper-pod-create-pvc-306f8171-a687-4a71-91e0-11db8ecea096"
2025-01-29 13:55:34,574 INFO c.h.h.t.HelmChartContainer - [K3S] [reconciler_common.go:251] "operationExecutor.VerifyControllerAttachedVolume started for volume \"script\" (UniqueName: \"kubernetes.io/configmap/f441b2a5-ae1c-4ea6-8485-db4522bce803-script\") pod \"helper-pod-create-pvc-306f8171-a687-4a71-91e0-11db8ecea096\" (UID: \"f441b2a5-ae1c-4ea6-8485-db4522bce803\") " pod="kube-system/helper-pod-create-pvc-306f8171-a687-4a71-91e0-11db8ecea096"
2025-01-29 13:55:35,023 DEBUG com.hivemq.helmcharts.util.K8sUtil - Comparing actual state 'Pending' and waiting for 'Running'
2025-01-29 13:55:35,523 DEBUG com.hivemq.helmcharts.util.K8sUtil - Comparing actual state 'Updating' and waiting for 'Running'
2025-01-29 13:55:35,635 INFO c.h.h.t.HelmChartContainer - [POD] helper-pod-create-pvc-306f8171-a687-4a71-91e0-11db8ecea096 [f441b2a5-ae1c-4ea6-8485-db4522bce803] in kube-system was MODIFIED
2025-01-29 13:55:36,636 INFO c.h.h.t.HelmChartContainer - [POD] helper-pod-create-pvc-306f8171-a687-4a71-91e0-11db8ecea096 [f441b2a5-ae1c-4ea6-8485-db4522bce803] in kube-system was MODIFIED
2025-01-29 13:55:37,706 INFO c.h.h.t.HelmChartContainer - [POD] helper-pod-create-pvc-306f8171-a687-4a71-91e0-11db8ecea096 [f441b2a5-ae1c-4ea6-8485-db4522bce803] in kube-system was MODIFIED
2025-01-29 13:55:37,791 INFO c.h.h.t.HelmChartContainer - [K3S] [reconciler_common.go:162] "operationExecutor.UnmountVolume started for volume \"kube-api-access-zj2zb\" (UniqueName: \"kubernetes.io/projected/f441b2a5-ae1c-4ea6-8485-db4522bce803-kube-api-access-zj2zb\") pod \"f441b2a5-ae1c-4ea6-8485-db4522bce803\" (UID: \"f441b2a5-ae1c-4ea6-8485-db4522bce803\") "
2025-01-29 13:55:37,792 INFO c.h.h.t.HelmChartContainer - [K3S] [reconciler_common.go:162] "operationExecutor.UnmountVolume started for volume \"data\" (UniqueName: \"kubernetes.io/host-path/f441b2a5-ae1c-4ea6-8485-db4522bce803-data\") pod \"f441b2a5-ae1c-4ea6-8485-db4522bce803\" (UID: \"f441b2a5-ae1c-4ea6-8485-db4522bce803\") "
2025-01-29 13:55:37,792 INFO c.h.h.t.HelmChartContainer - [K3S] [reconciler_common.go:162] "operationExecutor.UnmountVolume started for volume \"script\" (UniqueName: \"kubernetes.io/configmap/f441b2a5-ae1c-4ea6-8485-db4522bce803-script\") pod \"f441b2a5-ae1c-4ea6-8485-db4522bce803\" (UID: \"f441b2a5-ae1c-4ea6-8485-db4522bce803\") "
2025-01-29 13:55:37,892 INFO c.h.h.t.HelmChartContainer - [K3S] [reconciler_common.go:299] "Volume detached for volume \"kube-api-access-zj2zb\" (UniqueName: \"kubernetes.io/projected/f441b2a5-ae1c-4ea6-8485-db4522bce803-kube-api-access-zj2zb\") on node \"06a12a63912a\" DevicePath \"\""
2025-01-29 13:55:37,892 INFO c.h.h.t.HelmChartContainer - [K3S] [reconciler_common.go:299] "Volume detached for volume \"script\" (UniqueName: \"kubernetes.io/configmap/f441b2a5-ae1c-4ea6-8485-db4522bce803-script\") on node \"06a12a63912a\" DevicePath \"\""
2025-01-29 13:55:37,892 INFO c.h.h.t.HelmChartContainer - [K3S] [reconciler_common.go:299] "Volume detached for volume \"data\" (UniqueName: \"kubernetes.io/host-path/f441b2a5-ae1c-4ea6-8485-db4522bce803-data\") on node \"06a12a63912a\" DevicePath \"\""
2025-01-29 13:55:38,562 INFO c.h.h.t.HelmChartContainer - [POD] helper-pod-create-pvc-306f8171-a687-4a71-91e0-11db8ecea096 [f441b2a5-ae1c-4ea6-8485-db4522bce803] in kube-system was MODIFIED
2025-01-29 13:55:38,567 INFO c.h.h.t.HelmChartContainer - [POD] helper-pod-create-pvc-306f8171-a687-4a71-91e0-11db8ecea096 [f441b2a5-ae1c-4ea6-8485-db4522bce803] in kube-system was DELETED
2025-01-29 13:55:38,585 INFO c.h.h.t.HelmChartContainer - [EVENT] Normal [ProvisioningSucceeded] Successfully provisioned volume pvc-306f8171-a687-4a71-91e0-11db8ecea096 [helmlegacystatefulsetmigrationit-operator:data-test-hivemq-legacy-platform-0]
2025-01-29 13:55:38,632 INFO c.h.h.t.HelmChartContainer - [K3S] [pod_container_deletor.go:80] "Container not found in pod's containers" containerID="a1c2c394d8eb2731e82b7e4dd2f303c756127ad10a982ac42a66b1d0cc4ba1d3"
2025-01-29 13:55:38,638 INFO c.h.h.t.HelmChartContainer - [K3S] [status_manager.go:890] "Failed to get status for pod" podUID="f441b2a5-ae1c-4ea6-8485-db4522bce803" pod="kube-system/helper-pod-create-pvc-306f8171-a687-4a71-91e0-11db8ecea096" err="pods \"helper-pod-create-pvc-306f8171-a687-4a71-91e0-11db8ecea096\" is forbidden: User \"system:node:06a12a63912a\" cannot get resource \"pods\" in API group \"\" in the namespace \"kube-system\": no relationship found between node '06a12a63912a' and this object"
2025-01-29 13:55:39,447 INFO c.h.h.t.HelmChartContainer - [K3S] [memory_manager.go:355] "RemoveStaleState removing state" podUID="f441b2a5-ae1c-4ea6-8485-db4522bce803" containerName="helper-pod"
2025-01-29 13:55:39,450 INFO c.h.h.t.HelmChartContainer - [K3S] [reflector.go:569] object-"helmlegacystatefulsetmigrationit-operator"/"ese-configuration": failed to list *v1.ConfigMap: configmaps "ese-configuration" is forbidden: User "system:node:06a12a63912a" cannot list resource "configmaps" in API group "" in the namespace "helmlegacystatefulsetmigrationit-operator": no relationship found between node '06a12a63912a' and this object
2025-01-29 13:55:39,450 INFO c.h.h.t.HelmChartContainer - [K3S] [reflector.go:166] "Unhandled Error" err="object-\"helmlegacystatefulsetmigrationit-operator\"/\"ese-configuration\": Failed to watch *v1.ConfigMap: failed to list *v1.ConfigMap: configmaps \"ese-configuration\" is forbidden: User \"system:node:06a12a63912a\" cannot list resource \"configmaps\" in API group \"\" in the namespace \"helmlegacystatefulsetmigrationit-operator\": no relationship found between node '06a12a63912a' and this object"
2025-01-29 13:55:39,450 INFO c.h.h.t.HelmChartContainer - [K3S] [status_manager.go:890] "Failed to get status for pod" podUID="f441b2a5-ae1c-4ea6-8485-db4522bce803" pod="kube-system/helper-pod-create-pvc-306f8171-a687-4a71-91e0-11db8ecea096" err="pods \"helper-pod-create-pvc-306f8171-a687-4a71-91e0-11db8ecea096\" is forbidden: User \"system:node:06a12a63912a\" cannot get resource \"pods\" in API group \"\" in the namespace \"kube-system\": no relationship found between node '06a12a63912a' and this object"
2025-01-29 13:55:39,450 INFO c.h.h.t.HelmChartContainer - [K3S] [reflector.go:569] object-"helmlegacystatefulsetmigrationit-operator"/"ese-file-realm-config-map": failed to list *v1.ConfigMap: configmaps "ese-file-realm-config-map" is forbidden: User "system:node:06a12a63912a" cannot list resource "configmaps" in API group "" in the namespace "helmlegacystatefulsetmigrationit-operator": no relationship found between node '06a12a63912a' and this object
2025-01-29 13:55:39,450 INFO c.h.h.t.HelmChartContainer - [K3S] [reflector.go:166] "Unhandled Error" err="object-\"helmlegacystatefulsetmigrationit-operator\"/\"ese-file-realm-config-map\": Failed to watch *v1.ConfigMap: failed to list *v1.ConfigMap: configmaps \"ese-file-realm-config-map\" is forbidden: User \"system:node:06a12a63912a\" cannot list resource \"configmaps\" in API group \"\" in the namespace \"helmlegacystatefulsetmigrationit-operator\": no relationship found between node '06a12a63912a' and this object"
2025-01-29 13:55:39,451 INFO c.h.h.t.HelmChartContainer - [EVENT] Normal [Scheduled] Successfully assigned helmlegacystatefulsetmigrationit-operator/test-hivemq-legacy-platform-0 to 06a12a63912a [helmlegacystatefulsetmigrationit-operator:test-hivemq-legacy-platform-0]
2025-01-29 13:55:39,452 INFO c.h.h.t.HelmChartContainer - [POD] test-hivemq-legacy-platform-0 [a7da5cfe-cafb-444f-9c1d-a9021d1fa654] in helmlegacystatefulsetmigrationit-operator was MODIFIED
2025-01-29 13:55:39,465 INFO c.h.h.t.HelmChartContainer - [K3S] [kubelet_volumes.go:163] "Cleaned up orphaned pod volumes dir" podUID="f441b2a5-ae1c-4ea6-8485-db4522bce803" path="/var/lib/kubelet/pods/f441b2a5-ae1c-4ea6-8485-db4522bce803/volumes"
2025-01-29 13:55:39,483 INFO c.h.h.t.HelmChartContainer - [POD] test-hivemq-legacy-platform-0 [a7da5cfe-cafb-444f-9c1d-a9021d1fa654] in helmlegacystatefulsetmigrationit-operator was MODIFIED
2025-01-29 13:55:39,503 INFO c.h.h.t.HelmChartContainer - [K3S] [reconciler_common.go:251] "operationExecutor.VerifyControllerAttachedVolume started for volume \"pvc-306f8171-a687-4a71-91e0-11db8ecea096\" (UniqueName: \"kubernetes.io/local-volume/pvc-306f8171-a687-4a71-91e0-11db8ecea096\") pod \"test-hivemq-legacy-platform-0\" (UID: \"a7da5cfe-cafb-444f-9c1d-a9021d1fa654\") " pod="helmlegacystatefulsetmigrationit-operator/test-hivemq-legacy-platform-0"
2025-01-29 13:55:39,503 INFO c.h.h.t.HelmChartContainer - [K3S] [reconciler_common.go:251] "operationExecutor.VerifyControllerAttachedVolume started for volume \"shared-data\" (UniqueName: \"kubernetes.io/empty-dir/a7da5cfe-cafb-444f-9c1d-a9021d1fa654-shared-data\") pod \"test-hivemq-legacy-platform-0\" (UID: \"a7da5cfe-cafb-444f-9c1d-a9021d1fa654\") " pod="helmlegacystatefulsetmigrationit-operator/test-hivemq-legacy-platform-0"
2025-01-29 13:55:39,503 INFO c.h.h.t.HelmChartContainer - [K3S] [reconciler_common.go:251] "operationExecutor.VerifyControllerAttachedVolume started for volume \"backup\" (UniqueName: \"kubernetes.io/empty-dir/a7da5cfe-cafb-444f-9c1d-a9021d1fa654-backup\") pod \"test-hivemq-legacy-platform-0\" (UID: \"a7da5cfe-cafb-444f-9c1d-a9021d1fa654\") " pod="helmlegacystatefulsetmigrationit-operator/test-hivemq-legacy-platform-0"
2025-01-29 13:55:39,503 INFO c.h.h.t.HelmChartContainer - [K3S] [reconciler_common.go:251] "operationExecutor.VerifyControllerAttachedVolume started for volume \"audit\" (UniqueName: \"kubernetes.io/empty-dir/a7da5cfe-cafb-444f-9c1d-a9021d1fa654-audit\") pod \"test-hivemq-legacy-platform-0\" (UID: \"a7da5cfe-cafb-444f-9c1d-a9021d1fa654\") " pod="helmlegacystatefulsetmigrationit-operator/test-hivemq-legacy-platform-0"
2025-01-29 13:55:39,504 INFO c.h.h.t.HelmChartContainer - [K3S] [reconciler_common.go:251] "operationExecutor.VerifyControllerAttachedVolume started for volume \"kube-api-access-27l6p\" (UniqueName: \"kubernetes.io/projected/a7da5cfe-cafb-444f-9c1d-a9021d1fa654-kube-api-access-27l6p\") pod \"test-hivemq-legacy-platform-0\" (UID: \"a7da5cfe-cafb-444f-9c1d-a9021d1fa654\") " pod="helmlegacystatefulsetmigrationit-operator/test-hivemq-legacy-platform-0"
2025-01-29 13:55:39,504 INFO c.h.h.t.HelmChartContainer - [K3S] [reconciler_common.go:251] "operationExecutor.VerifyControllerAttachedVolume started for volume \"conf-override\" (UniqueName: \"kubernetes.io/empty-dir/a7da5cfe-cafb-444f-9c1d-a9021d1fa654-conf-override\") pod \"test-hivemq-legacy-platform-0\" (UID: \"a7da5cfe-cafb-444f-9c1d-a9021d1fa654\") " pod="helmlegacystatefulsetmigrationit-operator/test-hivemq-legacy-platform-0"
2025-01-29 13:55:39,504 INFO c.h.h.t.HelmChartContainer - [K3S] [reconciler_common.go:251] "operationExecutor.VerifyControllerAttachedVolume started for volume \"log\" (UniqueName: \"kubernetes.io/empty-dir/a7da5cfe-cafb-444f-9c1d-a9021d1fa654-log\") pod \"test-hivemq-legacy-platform-0\" (UID: \"a7da5cfe-cafb-444f-9c1d-a9021d1fa654\") " pod="helmlegacystatefulsetmigrationit-operator/test-hivemq-legacy-platform-0"
2025-01-29 13:55:39,504 INFO c.h.h.t.HelmChartContainer - [K3S] [reconciler_common.go:251] "operationExecutor.VerifyControllerAttachedVolume started for volume \"heap-dumps\" (UniqueName: \"kubernetes.io/empty-dir/a7da5cfe-cafb-444f-9c1d-a9021d1fa654-heap-dumps\") pod \"test-hivemq-legacy-platform-0\" (UID: \"a7da5cfe-cafb-444f-9c1d-a9021d1fa654\") " pod="helmlegacystatefulsetmigrationit-operator/test-hivemq-legacy-platform-0"
2025-01-29 13:55:39,504 INFO c.h.h.t.HelmChartContainer - [K3S] [reconciler_common.go:251] "operationExecutor.VerifyControllerAttachedVolume started for volume \"ese-configuration\" (UniqueName: \"kubernetes.io/configmap/a7da5cfe-cafb-444f-9c1d-a9021d1fa654-ese-configuration\") pod \"test-hivemq-legacy-platform-0\" (UID: \"a7da5cfe-cafb-444f-9c1d-a9021d1fa654\") " pod="helmlegacystatefulsetmigrationit-operator/test-hivemq-legacy-platform-0"
2025-01-29 13:55:39,505 INFO c.h.h.t.HelmChartContainer - [K3S] [reconciler_common.go:251] "operationExecutor.VerifyControllerAttachedVolume started for volume \"ese-file-realm\" (UniqueName: \"kubernetes.io/configmap/a7da5cfe-cafb-444f-9c1d-a9021d1fa654-ese-file-realm\") pod \"test-hivemq-legacy-platform-0\" (UID: \"a7da5cfe-cafb-444f-9c1d-a9021d1fa654\") " pod="helmlegacystatefulsetmigrationit-operator/test-hivemq-legacy-platform-0"
2025-01-29 13:55:39,505 INFO c.h.h.t.HelmChartContainer - [K3S] [reconciler_common.go:251] "operationExecutor.VerifyControllerAttachedVolume started for volume \"live-info\" (UniqueName: \"kubernetes.io/configmap/a7da5cfe-cafb-444f-9c1d-a9021d1fa654-live-info\") pod \"test-hivemq-legacy-platform-0\" (UID: \"a7da5cfe-cafb-444f-9c1d-a9021d1fa654\") " pod="helmlegacystatefulsetmigrationit-operator/test-hivemq-legacy-platform-0"
2025-01-29 13:55:39,505 INFO c.h.h.t.HelmChartContainer - [K3S] [reconciler_common.go:251] "operationExecutor.VerifyControllerAttachedVolume started for volume \"dns-wait-config\" (UniqueName: \"kubernetes.io/configmap/a7da5cfe-cafb-444f-9c1d-a9021d1fa654-dns-wait-config\") pod \"test-hivemq-legacy-platform-0\" (UID: \"a7da5cfe-cafb-444f-9c1d-a9021d1fa654\") " pod="helmlegacystatefulsetmigrationit-operator/test-hivemq-legacy-platform-0"
2025-01-29 13:55:40,604 INFO c.h.h.t.HelmChartContainer - [K3S] [configmap.go:193] Couldn't get configMap helmlegacystatefulsetmigrationit-operator/ese-file-realm-config-map: failed to sync configmap cache: timed out waiting for the condition
2025-01-29 13:55:40,605 INFO c.h.h.t.HelmChartContainer - [K3S] [nestedpendingoperations.go:348] Operation for "{volumeName:kubernetes.io/configmap/a7da5cfe-cafb-444f-9c1d-a9021d1fa654-ese-file-realm podName:a7da5cfe-cafb-444f-9c1d-a9021d1fa654 nodeName:}" failed. No retries permitted until 2025-01-29 13:55:41.10422877 +0000 UTC m=+60.434375918 (durationBeforeRetry 500ms). Error: MountVolume.SetUp failed for volume "ese-file-realm" (UniqueName: "kubernetes.io/configmap/a7da5cfe-cafb-444f-9c1d-a9021d1fa654-ese-file-realm") pod "test-hivemq-legacy-platform-0" (UID: "a7da5cfe-cafb-444f-9c1d-a9021d1fa654") : failed to sync configmap cache: timed out waiting for the condition
2025-01-29 13:55:40,608 INFO c.h.h.t.HelmChartContainer - [EVENT] Warning [FailedMount] MountVolume.SetUp failed for volume "ese-file-realm" : failed to sync configmap cache: timed out waiting for the condition [helmlegacystatefulsetmigrationit-operator:test-hivemq-legacy-platform-0]
2025-01-29 13:55:41,331 INFO c.h.h.t.HelmChartContainer - [EVENT] Normal [Pulling] Pulling image "busybox:latest" [helmlegacystatefulsetmigrationit-operator:test-hivemq-legacy-platform-0]
2025-01-29 13:55:41,782 INFO c.h.h.t.HelmChartContainer - [EVENT] Normal [Pulled] Successfully pulled image "busybox:latest" in 452ms (452ms including waiting). Image size: 2167089 bytes. [helmlegacystatefulsetmigrationit-operator:test-hivemq-legacy-platform-0]
2025-01-29 13:55:41,791 INFO c.h.h.t.HelmChartContainer - [EVENT] Normal [Created] Created container: init-shared [helmlegacystatefulsetmigrationit-operator:test-hivemq-legacy-platform-0]
2025-01-29 13:55:41,838 INFO c.h.h.t.HelmChartContainer - [EVENT] Normal [Started] Started container init-shared [helmlegacystatefulsetmigrationit-operator:test-hivemq-legacy-platform-0]
2025-01-29 13:55:42,645 INFO c.h.h.t.HelmChartContainer - [EVENT] Normal [Pulling] Pulling image "hivemq/init-dns-wait:1.0.0" [helmlegacystatefulsetmigrationit-operator:test-hivemq-legacy-platform-0]
2025-01-29 13:55:42,673 INFO c.h.h.t.HelmChartContainer - [POD] test-hivemq-legacy-platform-0 [a7da5cfe-cafb-444f-9c1d-a9021d1fa654] in helmlegacystatefulsetmigrationit-operator was MODIFIED
2025-01-29 13:55:43,433 INFO c.h.h.t.HelmChartContainer - [K3S] [scope.go:117] "RemoveContainer" containerID="d50a2144abc38f757ad9c4374cd10f10e965a0e3b3753773dbd9c7c0d702f864"
2025-01-29 13:55:43,441 INFO c.h.h.t.HelmChartContainer - [EVENT] Normal [Pulled] Successfully pulled image "hivemq/init-dns-wait:1.0.0" in 795ms (795ms including waiting). Image size: 9765054 bytes. [helmlegacystatefulsetmigrationit-operator:test-hivemq-legacy-platform-0]
2025-01-29 13:55:43,449 INFO c.h.h.t.HelmChartContainer - [EVENT] Normal [Created] Created container: dns-wait [helmlegacystatefulsetmigrationit-operator:test-hivemq-legacy-platform-0]
2025-01-29 13:55:43,491 INFO c.h.h.t.HelmChartContainer - [EVENT] Normal [Started] Started container dns-wait [helmlegacystatefulsetmigrationit-operator:test-hivemq-legacy-platform-0]
2025-01-29 13:55:43,672 INFO c.h.h.t.HelmChartContainer - [POD] test-hivemq-legacy-platform-0 [a7da5cfe-cafb-444f-9c1d-a9021d1fa654] in helmlegacystatefulsetmigrationit-operator was MODIFIED
2025-01-29 13:55:44,496 INFO c.h.h.t.HelmChartContainer - [K3S] [range_allocator.go:247] "Successfully synced" key="06a12a63912a"
2025-01-29 13:55:53,664 INFO c.h.h.t.HelmChartContainer - [EVENT] Normal [Pulling] Pulling image "hivemq/hivemq4:k8s-4.36.0" [helmlegacystatefulsetmigrationit-operator:test-hivemq-legacy-platform-0]
2025-01-29 13:55:53,664 INFO c.h.h.t.HelmChartContainer - Received Pulling event for container hivemq in pod test-hivemq-legacy-platform-0 [a7da5cfe-cafb-444f-9c1d-a9021d1fa654]
2025-01-29 13:55:53,678 INFO c.h.h.t.HelmChartContainer - [POD] test-hivemq-legacy-platform-0 [a7da5cfe-cafb-444f-9c1d-a9021d1fa654] in helmlegacystatefulsetmigrationit-operator was MODIFIED
2025-01-29 13:55:54,182 INFO c.h.h.t.HelmChartContainer - [EVENT] Normal [Pulled] Successfully pulled image "hivemq/hivemq4:k8s-4.36.0" in 512ms (512ms including waiting). Image size: 699327787 bytes. [helmlegacystatefulsetmigrationit-operator:test-hivemq-legacy-platform-0]
2025-01-29 13:55:54,182 INFO c.h.h.t.HelmChartContainer - Received Pulled event for container hivemq in pod test-hivemq-legacy-platform-0 [a7da5cfe-cafb-444f-9c1d-a9021d1fa654]
2025-01-29 13:55:54,185 INFO c.h.h.t.HelmChartContainer - [EVENT] Normal [Created] Created container: hivemq [helmlegacystatefulsetmigrationit-operator:test-hivemq-legacy-platform-0]
2025-01-29 13:55:54,185 INFO c.h.h.t.HelmChartContainer - Received Created event for container hivemq in pod test-hivemq-legacy-platform-0 [a7da5cfe-cafb-444f-9c1d-a9021d1fa654]
2025-01-29 13:55:54,677 INFO c.h.h.t.HelmChartContainer - [POD] test-hivemq-legacy-platform-0 [a7da5cfe-cafb-444f-9c1d-a9021d1fa654] in helmlegacystatefulsetmigrationit-operator was MODIFIED
2025-01-29 13:55:54,688 INFO c.h.h.t.HelmChartContainer - Started log watcher for hivemq in pod test-hivemq-legacy-platform-0 [a7da5cfe-cafb-444f-9c1d-a9021d1fa654]
2025-01-29 13:55:54,688 INFO c.h.h.t.HelmChartContainer - [EVENT] Normal [Started] Started container hivemq [helmlegacystatefulsetmigrationit-operator:test-hivemq-legacy-platform-0]
2025-01-29 13:55:54,689 INFO c.h.h.t.HelmChartContainer - Received Started event for container hivemq in pod test-hivemq-legacy-platform-0 [a7da5cfe-cafb-444f-9c1d-a9021d1fa654]
2025-01-29 13:55:54,689 INFO c.h.h.t.HelmChartContainer - [test-hivemq-legacy-platform] [hivemq] [a7da5cfe] Copying external files
2025-01-29 13:55:54,689 INFO c.h.h.t.HelmChartContainer - [test-hivemq-legacy-platform] [hivemq] [a7da5cfe] '/conf-override/extensions/hivemq-enterprise-security-extension/..data' -> '/opt/hivemq/extensions/hivemq-enterprise-security-extension/..data'
2025-01-29 13:55:54,689 INFO c.h.h.t.HelmChartContainer - [test-hivemq-legacy-platform] [hivemq] [a7da5cfe] '/conf-override/extensions/hivemq-enterprise-security-extension/enterprise-security-extension.xml' -> '/opt/hivemq/extensions/hivemq-enterprise-security-extension/enterprise-security-extension.xml'
2025-01-29 13:55:54,689 INFO c.h.h.t.HelmChartContainer - [test-hivemq-legacy-platform] [hivemq] [a7da5cfe] '/conf-override/extensions/hivemq-enterprise-security-extension/..2025_01_29_13_55_40.2739814123' -> '/opt/hivemq/extensions/hivemq-enterprise-security-extension/..2025_01_29_13_55_40.2739814123'
2025-01-29 13:55:54,689 INFO c.h.h.t.HelmChartContainer - [test-hivemq-legacy-platform] [hivemq] [a7da5cfe] '/conf-override/extensions/hivemq-enterprise-security-extension/..2025_01_29_13_55_40.2739814123/enterprise-security-extension.xml' -> '/opt/hivemq/extensions/hivemq-enterprise-security-extension/..2025_01_29_13_55_40.2739814123/enterprise-security-extension.xml'
2025-01-29 13:55:54,689 INFO c.h.h.t.HelmChartContainer - [test-hivemq-legacy-platform] [hivemq] [a7da5cfe] Rewriting config.xml...
2025-01-29 13:55:54,689 INFO c.h.h.t.HelmChartContainer - [test-hivemq-legacy-platform] [hivemq] [a7da5cfe] Creating initial lastUpdate files...
2025-01-29 13:55:54,689 INFO c.h.h.t.HelmChartContainer - [test-hivemq-legacy-platform] [hivemq] [a7da5cfe] '/conf-override/extensions/hivemq-enterprise-security-extension/..2025_01_29_13_55_40.2739814123/enterprise-security-extension.xml' -> '/opt/hivemq/extensions/hivemq-enterprise-security-extension/..2025_01_29_13_55_40.2739814123/enterprise-security-extension.xml.lastUpdate'
2025-01-29 13:55:54,689 INFO c.h.h.t.HelmChartContainer - [test-hivemq-legacy-platform] [hivemq] [a7da5cfe] Pod info:
2025-01-29 13:55:54,689 INFO c.h.h.t.HelmChartContainer - [test-hivemq-legacy-platform] [hivemq] [a7da5cfe] extension-names=hivemq-enterprise-security-extension
2025-01-29 13:55:54,689 INFO c.h.h.t.HelmChartContainer - [test-hivemq-legacy-platform] [hivemq] [a7da5cfe] extension-uris=preinstalled
2025-01-29 13:55:54,689 INFO c.h.h.t.HelmChartContainer - [test-hivemq-legacy-platform] [hivemq] [a7da5cfe] extension-states=true
2025-01-29 13:55:54,689 INFO c.h.h.t.HelmChartContainer - [test-hivemq-legacy-platform] [hivemq] [a7da5cfe] extensions-static=false
2025-01-29 13:55:54,689 INFO c.h.h.t.HelmChartContainer - [test-hivemq-legacy-platform] [hivemq] [a7da5cfe] Installing extension #0 with name: hivemq-enterprise-security-extension, URI: preinstalled, enabled state: true
2025-01-29 13:55:54,689 INFO c.h.h.t.HelmChartContainer - [test-hivemq-legacy-platform] [hivemq] [a7da5cfe] + [[ 3 != 3 ]]
2025-01-29 13:55:54,689 INFO c.h.h.t.HelmChartContainer - [test-hivemq-legacy-platform] [hivemq] [a7da5cfe] + EXTENSION_URI=preinstalled
2025-01-29 13:55:54,689 INFO c.h.h.t.HelmChartContainer - [test-hivemq-legacy-platform] [hivemq] [a7da5cfe] + EXTENSION_NAME=hivemq-enterprise-security-extension
2025-01-29 13:55:54,689 INFO c.h.h.t.HelmChartContainer - [test-hivemq-legacy-platform] [hivemq] [a7da5cfe] + TARGET_STATE=true
2025-01-29 13:55:54,689 INFO c.h.h.t.HelmChartContainer - [test-hivemq-legacy-platform] [hivemq] [a7da5cfe] + TARGET_DIR=/opt/hivemq/extensions/hivemq-enterprise-security-extension
2025-01-29 13:55:54,689 INFO c.h.h.t.HelmChartContainer - [test-hivemq-legacy-platform] [hivemq] [a7da5cfe] ++ mktemp -d
2025-01-29 13:55:54,689 INFO c.h.h.t.HelmChartContainer - [test-hivemq-legacy-platform] [hivemq] [a7da5cfe] + install_dir=/tmp/tmp.uLyWghhevt
2025-01-29 13:55:54,689 INFO c.h.h.t.HelmChartContainer - [test-hivemq-legacy-platform] [hivemq] [a7da5cfe] + set +e
2025-01-29 13:55:54,689 INFO c.h.h.t.HelmChartContainer - [test-hivemq-legacy-platform] [hivemq] [a7da5cfe] + [[ -f /opt/hivemq/extensions/hivemq-enterprise-security-extension/DISABLED ]]
2025-01-29 13:55:54,689 INFO c.h.h.t.HelmChartContainer - [test-hivemq-legacy-platform] [hivemq] [a7da5cfe] + was_enabled=0
2025-01-29 13:55:54,689 INFO c.h.h.t.HelmChartContainer - [test-hivemq-legacy-platform] [hivemq] [a7da5cfe] + set -e
2025-01-29 13:55:54,689 INFO c.h.h.t.HelmChartContainer - [test-hivemq-legacy-platform] [hivemq] [a7da5cfe] + [[ preinstalled != \p\r\e\i\n\s\t\a\l\l\e\d ]]
2025-01-29 13:55:54,689 INFO c.h.h.t.HelmChartContainer - [test-hivemq-legacy-platform] [hivemq] [a7da5cfe] + [[ true == \f\a\l\s\e ]]
2025-01-29 13:55:54,689 INFO c.h.h.t.HelmChartContainer - [test-hivemq-legacy-platform] [hivemq] [a7da5cfe] + [[ -f /opt/hivemq/extensions/hivemq-enterprise-security-extension/DISABLED ]]
2025-01-29 13:55:54,689 INFO c.h.h.t.HelmChartContainer - [test-hivemq-legacy-platform] [hivemq] [a7da5cfe] + rm -f /opt/hivemq/extensions/hivemq-enterprise-security-extension/DISABLED
2025-01-29 13:55:54,689 INFO c.h.h.t.HelmChartContainer - [test-hivemq-legacy-platform] [hivemq] [a7da5cfe] + was_enabled=0
2025-01-29 13:55:54,689 INFO c.h.h.t.HelmChartContainer - [test-hivemq-legacy-platform] [hivemq] [a7da5cfe] + [[ preinstalled != \p\r\e\i\n\s\t\a\l\l\e\d ]]
2025-01-29 13:55:54,689 INFO c.h.h.t.HelmChartContainer - [test-hivemq-legacy-platform] [hivemq] [a7da5cfe] + /opt/hivemq/bin/run_initialization.sh hivemq-enterprise-security-extension
2025-01-29 13:55:54,689 INFO c.h.h.t.HelmChartContainer - [test-hivemq-legacy-platform] [hivemq] [a7da5cfe] + EXTENSION_NAME=hivemq-enterprise-security-extension
2025-01-29 13:55:54,690 INFO c.h.h.t.HelmChartContainer - [test-hivemq-legacy-platform] [hivemq] [a7da5cfe] + TARGET_DIR=/opt/hivemq/extensions/hivemq-enterprise-security-extension
2025-01-29 13:55:54,690 INFO c.h.h.t.HelmChartContainer - [test-hivemq-legacy-platform] [hivemq] [a7da5cfe] + cd /opt/hivemq/extensions/hivemq-enterprise-security-extension
2025-01-29 13:55:54,690 INFO c.h.h.t.HelmChartContainer - [test-hivemq-legacy-platform] [hivemq] [a7da5cfe] + [[ -f init_tmp ]]
2025-01-29 13:55:54,690 INFO c.h.h.t.HelmChartContainer - [test-hivemq-legacy-platform] [hivemq] [a7da5cfe] + [[ -f /etc/podinfo/init-extension-hivemq-enterprise-security-extension ]]
2025-01-29 13:55:54,690 INFO c.h.h.t.HelmChartContainer - [test-hivemq-legacy-platform] [hivemq] [a7da5cfe] /conf-override/extensions/hivemq-enterprise-security-extension/:/opt/hivemq/extensions/hivemq-enterprise-security-extension
2025-01-29 13:55:54,690 INFO c.h.h.t.HelmChartContainer - [test-hivemq-legacy-platform] [hivemq] [a7da5cfe] Disabling allow all extension
2025-01-29 13:55:54,690 INFO c.h.h.t.HelmChartContainer - [test-hivemq-legacy-platform] [hivemq] [a7da5cfe] Enabling REST API in config.xml...
2025-01-29 13:55:54,690 INFO c.h.h.t.HelmChartContainer - [test-hivemq-legacy-platform] [hivemq] [a7da5cfe] -------------------------------------------------------------------------
2025-01-29 13:55:54,690 INFO c.h.h.t.HelmChartContainer - [test-hivemq-legacy-platform] [hivemq] [a7da5cfe] 
2025-01-29 13:55:54,690 INFO c.h.h.t.HelmChartContainer - [test-hivemq-legacy-platform] [hivemq] [a7da5cfe]                   _    _  _              __  __   ____
2025-01-29 13:55:54,690 INFO c.h.h.t.HelmChartContainer - [test-hivemq-legacy-platform] [hivemq] [a7da5cfe]                  | |  | |(_)            |  \/  | / __ \
2025-01-29 13:55:54,690 INFO c.h.h.t.HelmChartContainer - [test-hivemq-legacy-platform] [hivemq] [a7da5cfe]                  | |__| | _ __   __ ___ | \  / || |  | |
2025-01-29 13:55:54,690 INFO c.h.h.t.HelmChartContainer - [test-hivemq-legacy-platform] [hivemq] [a7da5cfe]                  |  __  || |\ \ / // _ \| |\/| || |  | |
2025-01-29 13:55:54,690 INFO c.h.h.t.HelmChartContainer - [test-hivemq-legacy-platform] [hivemq] [a7da5cfe]                  | |  | || | \ V /|  __/| |  | || |__| |
2025-01-29 13:55:54,690 INFO c.h.h.t.HelmChartContainer - [test-hivemq-legacy-platform] [hivemq] [a7da5cfe]                  |_|  |_||_|  \_/  \___||_|  |_| \___\_\
2025-01-29 13:55:54,690 INFO c.h.h.t.HelmChartContainer - [test-hivemq-legacy-platform] [hivemq] [a7da5cfe] 
2025-01-29 13:55:54,690 INFO c.h.h.t.HelmChartContainer - [test-hivemq-legacy-platform] [hivemq] [a7da5cfe] -------------------------------------------------------------------------
2025-01-29 13:55:54,690 INFO c.h.h.t.HelmChartContainer - [test-hivemq-legacy-platform] [hivemq] [a7da5cfe] 
2025-01-29 13:55:54,690 INFO c.h.h.t.HelmChartContainer - [test-hivemq-legacy-platform] [hivemq] [a7da5cfe]   HiveMQ Start Script for Linux/Unix v1.14
2025-01-29 13:55:54,690 INFO c.h.h.t.HelmChartContainer - [test-hivemq-legacy-platform] [hivemq] [a7da5cfe] 
2025-01-29 13:55:54,690 INFO c.h.h.t.HelmChartContainer - [test-hivemq-legacy-platform] [hivemq] [a7da5cfe] -------------------------------------------------------------------------
2025-01-29 13:55:54,690 INFO c.h.h.t.HelmChartContainer - [test-hivemq-legacy-platform] [hivemq] [a7da5cfe] 
2025-01-29 13:55:54,690 INFO c.h.h.t.HelmChartContainer - [test-hivemq-legacy-platform] [hivemq] [a7da5cfe]   HIVEMQ_HOME: /opt/hivemq
2025-01-29 13:55:54,690 INFO c.h.h.t.HelmChartContainer - [test-hivemq-legacy-platform] [hivemq] [a7da5cfe] 
2025-01-29 13:55:54,690 INFO c.h.h.t.HelmChartContainer - [test-hivemq-legacy-platform] [hivemq] [a7da5cfe]   JAVA_OPTS: -XX:+UnlockExperimentalVMOptions -XX:InitialRAMPercentage=40 -XX:MaxRAMPercentage=50 -XX:MinRAMPercentage=30 -Djava.net.preferIPv4Stack=true --add-opens java.base/java.lang=ALL-UNNAMED --add-opens java.base/java.nio=ALL-UNNAMED --add-opens java.base/sun.nio.ch=ALL-UNNAMED --add-opens jdk.management/com.sun.management.internal=ALL-UNNAMED --add-exports java.base/jdk.internal.misc=ALL-UNNAMED -Djava.security.egd=file:/dev/./urandom -Dcom.sun.management.jmxremote -Dcom.sun.management.jmxremote.port=9010 -Dcom.sun.management.jmxremote.local.only=false -Dcom.sun.management.jmxremote.authenticate=false -Dcom.sun.management.jmxremote.ssl=false -Duser.language=en -Duser.region=US -XX:+CrashOnOutOfMemoryError -XX:+HeapDumpOnOutOfMemoryError
2025-01-29 13:55:54,690 INFO c.h.h.t.HelmChartContainer - [test-hivemq-legacy-platform] [hivemq] [a7da5cfe] 
2025-01-29 13:55:54,690 INFO c.h.h.t.HelmChartContainer - [test-hivemq-legacy-platform] [hivemq] [a7da5cfe]   JAVA_VERSION: 21
2025-01-29 13:55:54,690 INFO c.h.h.t.HelmChartContainer - [test-hivemq-legacy-platform] [hivemq] [a7da5cfe] 
2025-01-29 13:55:54,690 INFO c.h.h.t.HelmChartContainer - [test-hivemq-legacy-platform] [hivemq] [a7da5cfe] -------------------------------------------------------------------------
2025-01-29 13:55:54,690 INFO c.h.h.t.HelmChartContainer - [test-hivemq-legacy-platform] [hivemq] [a7da5cfe] 
2025-01-29 13:55:56,829 INFO c.h.h.t.HelmChartContainer - [test-hivemq-legacy-platform] [hivemq] [a7da5cfe] INFO  - Starting HiveMQ Enterprise Server
2025-01-29 13:55:56,834 INFO c.h.h.t.HelmChartContainer - [test-hivemq-legacy-platform] [hivemq] [a7da5cfe] INFO  - HiveMQ version: 4.36.0
2025-01-29 13:55:56,835 INFO c.h.h.t.HelmChartContainer - [test-hivemq-legacy-platform] [hivemq] [a7da5cfe] INFO  - HiveMQ home directory: /opt/hivemq
2025-01-29 13:55:56,835 INFO c.h.h.t.HelmChartContainer - [test-hivemq-legacy-platform] [hivemq] [a7da5cfe] INFO  - Log Configuration was overridden by /opt/hivemq/conf/logback.xml
2025-01-29 13:55:58,135 INFO c.h.h.t.HelmChartContainer - [test-hivemq-legacy-platform] [hivemq] [a7da5cfe] INFO  - Successfully loaded configuration from '/opt/hivemq/conf/config.xml'.
2025-01-29 13:55:58,444 INFO c.h.h.t.HelmChartContainer - [test-hivemq-legacy-platform] [hivemq] [a7da5cfe] INFO  - This node's ID is VORSQ
2025-01-29 13:55:58,444 INFO c.h.h.t.HelmChartContainer - [test-hivemq-legacy-platform] [hivemq] [a7da5cfe] INFO  - Clustering is enabled
2025-01-29 13:56:00,940 INFO c.h.h.t.HelmChartContainer - [EVENT] Warning [Unhealthy] Readiness probe failed: Log statement not present (yet)
 [helmlegacystatefulsetmigrationit-operator:test-hivemq-legacy-platform-0]
2025-01-29 13:56:00,940 INFO c.h.h.t.HelmChartContainer - Received Unhealthy event for container hivemq in pod test-hivemq-legacy-platform-0 [a7da5cfe-cafb-444f-9c1d-a9021d1fa654]
2025-01-29 13:56:05,835 INFO c.h.h.t.HelmChartContainer - [EVENT] Warning [Unhealthy] Readiness probe failed: Log statement not present (yet)
 [helmlegacystatefulsetmigrationit-operator:test-hivemq-legacy-platform-0]
2025-01-29 13:56:05,835 INFO c.h.h.t.HelmChartContainer - Received Unhealthy event for container hivemq in pod test-hivemq-legacy-platform-0 [a7da5cfe-cafb-444f-9c1d-a9021d1fa654]
2025-01-29 13:56:10,832 INFO c.h.h.t.HelmChartContainer - [EVENT] Warning [Unhealthy] Readiness probe failed: Log statement not present (yet)
 [helmlegacystatefulsetmigrationit-operator:test-hivemq-legacy-platform-0]
2025-01-29 13:56:10,833 INFO c.h.h.t.HelmChartContainer - Received Unhealthy event for container hivemq in pod test-hivemq-legacy-platform-0 [a7da5cfe-cafb-444f-9c1d-a9021d1fa654]
2025-01-29 13:56:11,248 INFO c.h.h.t.HelmChartContainer - [EVENT] Warning [Unhealthy] Liveness probe failed: dial tcp 10.42.0.8:1883: connect: connection refused [helmlegacystatefulsetmigrationit-operator:test-hivemq-legacy-platform-0]
2025-01-29 13:56:11,249 INFO c.h.h.t.HelmChartContainer - Received Unhealthy event for container hivemq in pod test-hivemq-legacy-platform-0 [a7da5cfe-cafb-444f-9c1d-a9021d1fa654]
2025-01-29 13:56:11,739 INFO c.h.h.t.HelmChartContainer - [test-hivemq-legacy-platform] [hivemq] [a7da5cfe] INFO  - No valid license file found. Using trial license, restricted to 25 connections.
2025-01-29 13:56:14,806 INFO c.h.h.t.HelmChartContainer - [test-hivemq-legacy-platform] [hivemq] [a7da5cfe] INFO  - No valid license file for Data Hub found. Using free license, restricted to 1 policy.
2025-01-29 13:56:15,192 INFO c.h.h.t.HelmChartContainer - [K3S] [range_allocator.go:247] "Successfully synced" key="06a12a63912a"
2025-01-29 13:56:15,736 INFO c.h.h.t.HelmChartContainer - [EVENT] Warning [Unhealthy] Readiness probe failed: Log statement not present (yet)
 [helmlegacystatefulsetmigrationit-operator:test-hivemq-legacy-platform-0]
2025-01-29 13:56:15,736 INFO c.h.h.t.HelmChartContainer - Received Unhealthy event for container hivemq in pod test-hivemq-legacy-platform-0 [a7da5cfe-cafb-444f-9c1d-a9021d1fa654]
2025-01-29 13:56:16,024 INFO c.h.h.t.HelmChartContainer - [test-hivemq-legacy-platform] [hivemq] [a7da5cfe] INFO  - Audit Logger started.
2025-01-29 13:56:16,247 INFO c.h.h.t.HelmChartContainer - [test-hivemq-legacy-platform] [hivemq] [a7da5cfe] INFO  - This node uses '1' CPU cores.
2025-01-29 13:56:16,731 INFO c.h.h.t.HelmChartContainer - [test-hivemq-legacy-platform] [hivemq] [a7da5cfe] INFO  - Starting HiveMQ extension system.
2025-01-29 13:56:19,537 INFO c.h.h.t.HelmChartContainer - [test-hivemq-legacy-platform] [hivemq] [a7da5cfe] INFO  - No license found for enterprise extension with name "HiveMQ Enterprise Security Extension". Entering extension trial mode. "HiveMQ Enterprise Security Extension" will be disabled in 5 hours.
2025-01-29 13:56:19,809 INFO c.h.h.t.HelmChartContainer - [test-hivemq-legacy-platform] [hivemq] [a7da5cfe] INFO  - Starting extension with id "hivemq-dns-cluster-discovery" at /opt/hivemq/extensions/hivemq-dns-cluster-discovery
2025-01-29 13:56:20,237 INFO c.h.h.t.HelmChartContainer - [test-hivemq-legacy-platform] [hivemq] [a7da5cfe] INFO  - Using TCP cluster transport on address 10.42.0.8 and port 7000
2025-01-29 13:56:20,308 INFO c.h.h.t.HelmChartContainer - [test-hivemq-legacy-platform] [hivemq] [a7da5cfe] INFO  - Extension "DNS Cluster Discovery Extension" version 4.3.3 started successfully.
2025-01-29 13:56:20,308 INFO c.h.h.t.HelmChartContainer - [test-hivemq-legacy-platform] [hivemq] [a7da5cfe] INFO  - Starting extension with id "hivemq-enterprise-security-extension" at /opt/hivemq/extensions/hivemq-enterprise-security-extension
2025-01-29 13:56:20,330 INFO c.h.h.t.HelmChartContainer - [test-hivemq-legacy-platform] [hivemq] [a7da5cfe] INFO  - Using extension cluster discovery
2025-01-29 13:56:20,937 INFO c.h.h.t.HelmChartContainer - [EVENT] Warning [Unhealthy] Readiness probe failed: Log statement not present (yet)
 [helmlegacystatefulsetmigrationit-operator:test-hivemq-legacy-platform-0]
2025-01-29 13:56:20,937 INFO c.h.h.t.HelmChartContainer - Received Unhealthy event for container hivemq in pod test-hivemq-legacy-platform-0 [a7da5cfe-cafb-444f-9c1d-a9021d1fa654]
2025-01-29 13:56:21,806 INFO c.h.h.t.HelmChartContainer - [test-hivemq-legacy-platform] [hivemq] [a7da5cfe] WARN  - HiveMQ Enterprise Security Extension: The configuration file is placed at the legacy location '/opt/hivemq/extensions/hivemq-enterprise-security-extension/enterprise-security-extension.xml'. Please move the configuration file to the new location '/opt/hivemq/extensions/hivemq-enterprise-security-extension/conf/config.xml'. Support for the legacy location will be removed in a future release.
2025-01-29 13:56:21,926 INFO c.h.h.t.HelmChartContainer - [test-hivemq-legacy-platform] [hivemq] [a7da5cfe] INFO  - HiveMQ Enterprise Security Extension: Successfully loaded configuration from '/opt/hivemq/extensions/hivemq-enterprise-security-extension/enterprise-security-extension.xml'.
2025-01-29 13:56:21,929 INFO c.h.h.t.HelmChartContainer - [test-hivemq-legacy-platform] [hivemq] [a7da5cfe] INFO  - HiveMQ Enterprise Security Extension: Starting HiveMQ Enterprise Security Extension.
2025-01-29 13:56:22,108 INFO c.h.h.t.HelmChartContainer - [test-hivemq-legacy-platform] [hivemq] [a7da5cfe] INFO  - HiveMQ Enterprise Security Extension: Access log is written to /opt/hivemq/log/access/access.log.
2025-01-29 13:56:22,339 INFO c.h.h.t.HelmChartContainer - [test-hivemq-legacy-platform] [hivemq] [a7da5cfe] INFO  - HiveMQ Enterprise Security Extension: Started HiveMQ Enterprise Security Extension successfully in 2014ms.
2025-01-29 13:56:22,339 INFO c.h.h.t.HelmChartContainer - [test-hivemq-legacy-platform] [hivemq] [a7da5cfe] INFO  - Extension "HiveMQ Enterprise Security Extension" version 4.36.0 started successfully.
2025-01-29 13:56:22,339 INFO c.h.h.t.HelmChartContainer - [test-hivemq-legacy-platform] [hivemq] [a7da5cfe] INFO  - Starting extension with id "hivemq-k8s-sync-extension" at /opt/hivemq/extensions/hivemq-k8s-sync-extension
2025-01-29 13:56:22,727 INFO c.h.h.t.HelmChartContainer - [test-hivemq-legacy-platform] [hivemq] [a7da5cfe] INFO  - Started HiveMQ Kubernetes State Synchronization Extension:1.0.3
2025-01-29 13:56:22,727 INFO c.h.h.t.HelmChartContainer - [test-hivemq-legacy-platform] [hivemq] [a7da5cfe] INFO  - Extension "HiveMQ Kubernetes State Synchronization Extension" version 1.0.3 started successfully.
2025-01-29 13:56:22,727 INFO c.h.h.t.HelmChartContainer - [test-hivemq-legacy-platform] [hivemq] [a7da5cfe] INFO  - Starting extension with id "hivemq-prometheus-extension" at /opt/hivemq/extensions/hivemq-prometheus-extension
2025-01-29 13:56:23,225 INFO c.h.h.t.HelmChartContainer - [test-hivemq-legacy-platform] [hivemq] [a7da5cfe] INFO  - Started Jetty Server exposing Prometheus Servlet on URI http://0.0.0.0:9399/
2025-01-29 13:56:23,225 INFO c.h.h.t.HelmChartContainer - [test-hivemq-legacy-platform] [hivemq] [a7da5cfe] INFO  - Extension "Prometheus Monitoring Extension" version 4.0.13 started successfully.
2025-01-29 13:56:23,532 INFO c.h.h.t.HelmChartContainer - [test-hivemq-legacy-platform] [hivemq] [a7da5cfe] INFO  - VORSQ: no members discovered after 2603 ms: creating cluster as first member
2025-01-29 13:56:23,538 INFO c.h.h.t.HelmChartContainer - [test-hivemq-legacy-platform] [hivemq] [a7da5cfe] INFO  - Cluster nodes found by discovery: [VORSQ|0] (1) [VORSQ].
2025-01-29 13:56:23,627 INFO c.h.h.t.HelmChartContainer - [test-hivemq-legacy-platform] [hivemq] [a7da5cfe] INFO  - Starting HiveMQ REST API on address 0.0.0.0 and port 8888
2025-01-29 13:56:24,633 INFO c.h.h.t.HelmChartContainer - [test-hivemq-legacy-platform] [hivemq] [a7da5cfe] INFO  - Started HiveMQ REST API in 1006ms
2025-01-29 13:56:24,633 INFO c.h.h.t.HelmChartContainer - [test-hivemq-legacy-platform] [hivemq] [a7da5cfe] WARN  - No user for HiveMQ Control Center configured. Starting with default user
2025-01-29 13:56:24,633 INFO c.h.h.t.HelmChartContainer - [test-hivemq-legacy-platform] [hivemq] [a7da5cfe] INFO  - Starting HiveMQ Control Center on address 0.0.0.0 and port 8080
2025-01-29 13:56:24,635 INFO c.h.h.t.HelmChartContainer - [test-hivemq-legacy-platform] [hivemq] [a7da5cfe] INFO  - Mounting HiveMQ Control Center V2 Preview
2025-01-29 13:56:25,240 INFO c.h.h.t.HelmChartContainer - [test-hivemq-legacy-platform] [hivemq] [a7da5cfe] INFO  - Started HiveMQ Control Center in 607ms
2025-01-29 13:56:25,332 INFO c.h.h.t.HelmChartContainer - [test-hivemq-legacy-platform] [hivemq] [a7da5cfe] INFO  - Starting TCP listener on address 0.0.0.0 and port 1883
2025-01-29 13:56:25,425 INFO c.h.h.t.HelmChartContainer - [test-hivemq-legacy-platform] [hivemq] [a7da5cfe] INFO  - Started TCP Listener on address 0.0.0.0 and on port 1883.
2025-01-29 13:56:25,426 INFO c.h.h.t.HelmChartContainer - [test-hivemq-legacy-platform] [hivemq] [a7da5cfe] INFO  - Started HiveMQ in 28917ms
2025-01-29 13:56:25,756 INFO c.h.h.t.HelmChartContainer - [POD] test-hivemq-legacy-platform-0 [a7da5cfe-cafb-444f-9c1d-a9021d1fa654] in helmlegacystatefulsetmigrationit-operator was MODIFIED
2025-01-29 13:56:25,994 DEBUG com.hivemq.helmcharts.util.K8sUtil - Comparing actual state 'Updating' and waiting for 'Running'
2025-01-29 13:56:26,015 DEBUG com.hivemq.helmcharts.util.K8sUtil - Comparing actual state 'Running' and waiting for 'Running'
2025-01-29 13:56:26,102 INFO c.h.h.t.HelmChartContainer - [test-hivemq-legacy-platform] [operator] [bbb12adf] ?[36m13:56:26.097?[0;39m ?[1;30m[pool-3-thread-9]?[0;39m ?[31mWARN ?[0;39m ?[35mc.h.operations.MonitoringOperable?[0;39m - Prometheus Operator ServiceMonitor CRD not found with v1 api, will try with v1beta1
2025-01-29 13:56:26,117 INFO c.h.h.t.HelmChartContainer - [test-hivemq-legacy-platform] [operator] [bbb12adf] ?[36m13:56:26.115?[0;39m ?[1;30m[pool-3-thread-9]?[0;39m ?[31mWARN ?[0;39m ?[35mc.h.operations.MonitoringOperable?[0;39m - Prometheus Operator Prometheus CRD (prometheuses.monitoring.coreos.com) not found with v1beta1 api, can not auto-integrate with Prometheus using ServiceMonitor resource.
2025-01-29 13:56:26,117 INFO c.h.h.t.HelmChartContainer - [test-hivemq-legacy-platform] [operator] [bbb12adf] ?[36m13:56:26.116?[0;39m ?[1;30m[pool-3-thread-9]?[0;39m ?[34mINFO ?[0;39m ?[35mcom.hivemq.Operator?[0;39m - State synchronization complete for cluster 'test-hivemq-legacy-platform' in namespace 'helmlegacystatefulsetmigrationit-operator' in 52017ms
2025-01-29 13:56:26,143 INFO c.h.h.util.ControlCenterUtil - Log into CC on hivemq-test-hivemq-legacy-platform-cc:8080 (username: admin) (password: hivemq) (TLS: false)
2025-01-29 13:56:26,212 INFO c.h.h.t.HelmChartContainer - [test-hivemq-legacy-platform] [operator] [bbb12adf] ?[36m13:56:26.209?[0;39m ?[1;30m[pool-3-thread-2]?[0;39m ?[31mWARN ?[0;39m ?[35mc.h.operations.MonitoringOperable?[0;39m - Prometheus Operator ServiceMonitor CRD not found with v1 api, will try with v1beta1
2025-01-29 13:56:26,281 INFO c.h.h.t.HelmChartContainer - [test-hivemq-legacy-platform] [operator] [bbb12adf] ?[36m13:56:26.279?[0;39m ?[1;30m[pool-3-thread-2]?[0;39m ?[31mWARN ?[0;39m ?[35mc.h.operations.MonitoringOperable?[0;39m - Prometheus Operator Prometheus CRD (prometheuses.monitoring.coreos.com) not found with v1beta1 api, can not auto-integrate with Prometheus using ServiceMonitor resource.
2025-01-29 13:56:26,283 INFO c.h.h.t.HelmChartContainer - [test-hivemq-legacy-platform] [operator] [bbb12adf] ?[36m13:56:26.279?[0;39m ?[1;30m[pool-3-thread-2]?[0;39m ?[34mINFO ?[0;39m ?[35mcom.hivemq.Operator?[0;39m - State synchronization complete for cluster 'test-hivemq-legacy-platform' in namespace 'helmlegacystatefulsetmigrationit-operator' in 54066ms
2025-01-29 13:56:29,873 INFO c.h.h.util.ControlCenterUtil - Login attempt 1 was successful
2025-01-29 13:56:29,876 INFO c.h.h.t.HelmChartContainer - [K3S] [upgradeaware.go:427] Error proxying data from client to backend: remote error: tls: user canceled
2025-01-29 13:56:29,878 INFO com.hivemq.helmcharts.util.MqttUtil - Publishing retained messages to 30 topics...
2025-01-29 13:56:31,720 INFO com.hivemq.helmcharts.util.MqttUtil - Published retained messages to topics (1842 ms): [sppdacswmuaqocp, dteidswkapenibg, nsghehingtdjuvb, zdfkdhztaplquyp, urkpzujbbujdwdt, oqtvkhegexvnonv, efjidmxqnabdpnp, lnfqqrhmbemzfol, hjizywczxsxqqzn, narhmwqpgwkvgbg, fseekuyydxmkkhc, wponrpearzbwhoj, qptzrjvmxmqines, hgmyciyftvoqshr, vwvnsoqpjcgghmp, myvhpaadvhqybvy, jktrqhdicogdpyz, knjexkvosduqtmr, ckiesqyhaextzjg, pgtafupojospjfu, arjsmbbsmyotqrd, osobgwumqyifqfd, fxdadwmwigmygwn, kbpidsvkpvrpxuk, dmjarrahbvaedjo, mcftxqvpsnxhcrf, kykvmakgubebuvk, mrryicityahtcrl, vfpomlzpqrnqtcm, iqzlmpdjdgxndrb]
2025-01-29 13:56:31,721 INFO c.hivemq.helmcharts.util.RestAPIUtil - Checking authorization for REST API on hivemq-test-hivemq-legacy-platform-api:8888 (username: user) (password: password) (endpoint path: /api/v1/mqtt/clients)
2025-01-29 13:56:32,870 INFO c.h.helmcharts.util.MonitoringUtil - Asserting Prometheus publishes metrics...
2025-01-29 13:56:33,764 INFO c.h.helmcharts.util.MonitoringUtil - Asserted publishes metrics (894 ms)
2025-01-29 13:56:33,826 INFO c.h.h.t.HelmChartContainer - [EVENT] Normal [ScalingReplicaSet] Scaled down replica set test-hivemq-legacy-platform-hivemq-operator-operator-56c5b9f7b7 from 1 to 0 [helmlegacystatefulsetmigrationit-operator:test-hivemq-legacy-platform-hivemq-operator-operator]
2025-01-29 13:56:33,827 INFO c.h.h.t.HelmChartContainer - [POD] test-hivemq-legacy-platform-hivemq-operator-operator-56c5bl2p6l [bbb12adf-5b5b-443f-b96b-3ad97f9cf456] in helmlegacystatefulsetmigrationit-operator was MODIFIED
2025-01-29 13:56:33,839 INFO c.h.h.t.HelmChartContainer - [EVENT] Normal [SuccessfulDelete] Deleted pod: test-hivemq-legacy-platform-hivemq-operator-operator-56c5bl2p6l [helmlegacystatefulsetmigrationit-operator:test-hivemq-legacy-platform-hivemq-operator-operator-56c5b9f7b7]
2025-01-29 13:56:33,843 INFO c.h.h.t.HelmChartContainer - [EVENT] Normal [Killing] Stopping container operator [helmlegacystatefulsetmigrationit-operator:test-hivemq-legacy-platform-hivemq-operator-operator-56c5bl2p6l]
2025-01-29 13:56:33,844 INFO c.h.h.t.HelmChartContainer - Received Killing event for container operator in pod test-hivemq-legacy-platform-hivemq-operator-operator-56c5bl2p6l [bbb12adf-5b5b-443f-b96b-3ad97f9cf456]
2025-01-29 13:56:33,844 INFO c.h.h.t.HelmChartContainer - Container [test-hivemq-legacy-platform-hivemq-operator-operator-56c5bl2p6l] [operator] [bbb12adf-5b5b-443f-b96b-3ad97f9cf456] was terminated
2025-01-29 13:56:33,845 INFO c.h.h.t.HelmChartContainer - Stopped log watcher for operator in pod test-hivemq-legacy-platform-hivemq-operator-operator-56c5bl2p6l [bbb12adf-5b5b-443f-b96b-3ad97f9cf456]
2025-01-29 13:56:33,846 INFO c.h.h.t.HelmChartContainer - [K3S] [replica_set.go:679] "Finished syncing" kind="ReplicaSet" key="helmlegacystatefulsetmigrationit-operator/test-hivemq-legacy-platform-hivemq-operator-operator-56c5b9f7b7" duration="23.731119ms"
2025-01-29 13:56:33,859 INFO c.h.h.t.HelmChartContainer - [test-hivemq-legacy-platform] [operator] [bbb12adf] ?[36m13:56:33.855?[0;39m ?[1;30m[Thread-0]?[0;39m ?[34mINFO ?[0;39m ?[35mio.micronaut.runtime.Micronaut?[0;39m - Embedded Application shutting down
2025-01-29 13:56:33,863 INFO c.h.h.t.HelmChartContainer - [K3S] [replica_set.go:679] "Finished syncing" kind="ReplicaSet" key="helmlegacystatefulsetmigrationit-operator/test-hivemq-legacy-platform-hivemq-operator-operator-56c5b9f7b7" duration="18.69874ms"
2025-01-29 13:56:33,885 INFO c.h.h.t.HelmChartContainer - [K3S] [replica_set.go:679] "Finished syncing" kind="ReplicaSet" key="helmlegacystatefulsetmigrationit-operator/test-hivemq-legacy-platform-hivemq-operator-operator-56c5b9f7b7" duration="20.471424ms"
2025-01-29 13:56:33,885 INFO c.h.h.t.HelmChartContainer - [K3S] [replica_set.go:679] "Finished syncing" kind="ReplicaSet" key="helmlegacystatefulsetmigrationit-operator/test-hivemq-legacy-platform-hivemq-operator-operator-56c5b9f7b7" duration="42.168µs"
2025-01-29 13:56:34,349 INFO c.h.h.t.HelmChartContainer - [K3S] [replica_set.go:679] "Finished syncing" kind="ReplicaSet" key="helmlegacystatefulsetmigrationit-operator/test-hivemq-legacy-platform-hivemq-operator-operator-56c5b9f7b7" duration="26.92µs"
2025-01-29 13:56:34,352 INFO c.h.h.t.HelmChartContainer - [POD] test-hivemq-legacy-platform-hivemq-operator-operator-56c5bl2p6l [bbb12adf-5b5b-443f-b96b-3ad97f9cf456] in helmlegacystatefulsetmigrationit-operator was MODIFIED
2025-01-29 13:56:34,530 INFO c.h.h.t.HelmChartContainer - [K3S] [reconciler_common.go:162] "operationExecutor.UnmountVolume started for volume \"templates\" (UniqueName: \"kubernetes.io/configmap/bbb12adf-5b5b-443f-b96b-3ad97f9cf456-templates\") pod \"bbb12adf-5b5b-443f-b96b-3ad97f9cf456\" (UID: \"bbb12adf-5b5b-443f-b96b-3ad97f9cf456\") "
2025-01-29 13:56:34,531 INFO c.h.h.t.HelmChartContainer - [K3S] [reconciler_common.go:162] "operationExecutor.UnmountVolume started for volume \"kube-api-access-46fm6\" (UniqueName: \"kubernetes.io/projected/bbb12adf-5b5b-443f-b96b-3ad97f9cf456-kube-api-access-46fm6\") pod \"bbb12adf-5b5b-443f-b96b-3ad97f9cf456\" (UID: \"bbb12adf-5b5b-443f-b96b-3ad97f9cf456\") "
2025-01-29 13:56:34,631 INFO c.h.h.t.HelmChartContainer - [K3S] [reconciler_common.go:299] "Volume detached for volume \"kube-api-access-46fm6\" (UniqueName: \"kubernetes.io/projected/bbb12adf-5b5b-443f-b96b-3ad97f9cf456-kube-api-access-46fm6\") on node \"06a12a63912a\" DevicePath \"\""
2025-01-29 13:56:34,631 INFO c.h.h.t.HelmChartContainer - [K3S] [reconciler_common.go:299] "Volume detached for volume \"templates\" (UniqueName: \"kubernetes.io/configmap/bbb12adf-5b5b-443f-b96b-3ad97f9cf456-templates\") on node \"06a12a63912a\" DevicePath \"\""
2025-01-29 13:56:34,727 INFO c.h.h.t.HelmChartContainer - [K3S] [scope.go:117] "RemoveContainer" containerID="03144eb47c7c649f272bec3e1d51135666f12dec607fd85912e6ac75a88b5816"
2025-01-29 13:56:34,730 INFO c.h.h.t.HelmChartContainer - [K3S] [scope.go:117] "RemoveContainer" containerID="03144eb47c7c649f272bec3e1d51135666f12dec607fd85912e6ac75a88b5816"
2025-01-29 13:56:34,740 INFO c.h.h.t.HelmChartContainer - [POD] test-hivemq-legacy-platform-hivemq-operator-operator-56c5bl2p6l [bbb12adf-5b5b-443f-b96b-3ad97f9cf456] in helmlegacystatefulsetmigrationit-operator was MODIFIED
2025-01-29 13:56:34,740 INFO c.h.h.t.HelmChartContainer - [K3S] [replica_set.go:679] "Finished syncing" kind="ReplicaSet" key="helmlegacystatefulsetmigrationit-operator/test-hivemq-legacy-platform-hivemq-operator-operator-56c5b9f7b7" duration="40.375µs"
2025-01-29 13:56:34,744 INFO c.h.h.t.HelmChartContainer - [K3S] [replica_set.go:679] "Finished syncing" kind="ReplicaSet" key="helmlegacystatefulsetmigrationit-operator/test-hivemq-legacy-platform-hivemq-operator-operator-56c5b9f7b7" duration="36.348µs"
2025-01-29 13:56:34,746 INFO c.h.h.t.HelmChartContainer - [POD] test-hivemq-legacy-platform-hivemq-operator-operator-56c5bl2p6l [bbb12adf-5b5b-443f-b96b-3ad97f9cf456] in helmlegacystatefulsetmigrationit-operator was DELETED
2025-01-29 13:56:34,863 INFO c.h.h.t.HelmChartContainer - [EVENT] Normal [ScalingReplicaSet] Scaled up replica set test-hivemq-legacy-platform-hivemq-operator-operator-56c5b9f7b7 from 0 to 1 [helmlegacystatefulsetmigrationit-operator:test-hivemq-legacy-platform-hivemq-operator-operator]
2025-01-29 13:56:34,869 INFO c.h.h.t.HelmChartContainer - [POD] test-hivemq-legacy-platform-hivemq-operator-operator-56c5bqk9v5 [24379367-0d55-4608-aeb5-623139ea588a] in helmlegacystatefulsetmigrationit-operator was ADDED
2025-01-29 13:56:34,874 INFO c.h.h.t.HelmChartContainer - [EVENT] Normal [SuccessfulCreate] Created pod: test-hivemq-legacy-platform-hivemq-operator-operator-56c5bqk9v5 [helmlegacystatefulsetmigrationit-operator:test-hivemq-legacy-platform-hivemq-operator-operator-56c5b9f7b7]
2025-01-29 13:56:34,880 INFO c.h.h.t.HelmChartContainer - [POD] test-hivemq-legacy-platform-hivemq-operator-operator-56c5bqk9v5 [24379367-0d55-4608-aeb5-623139ea588a] in helmlegacystatefulsetmigrationit-operator was MODIFIED
2025-01-29 13:56:34,884 INFO c.h.h.t.HelmChartContainer - [K3S] [replica_set.go:679] "Finished syncing" kind="ReplicaSet" key="helmlegacystatefulsetmigrationit-operator/test-hivemq-legacy-platform-hivemq-operator-operator-56c5b9f7b7" duration="17.767419ms"
2025-01-29 13:56:34,884 INFO c.h.h.t.HelmChartContainer - [K3S] [memory_manager.go:355] "RemoveStaleState removing state" podUID="bbb12adf-5b5b-443f-b96b-3ad97f9cf456" containerName="operator"
2025-01-29 13:56:34,893 INFO c.h.h.t.HelmChartContainer - [K3S] [replica_set.go:679] "Finished syncing" kind="ReplicaSet" key="helmlegacystatefulsetmigrationit-operator/test-hivemq-legacy-platform-hivemq-operator-operator-56c5b9f7b7" duration="17.749566ms"
2025-01-29 13:56:34,894 INFO c.h.h.t.HelmChartContainer - [K3S] [replica_set.go:679] "Finished syncing" kind="ReplicaSet" key="helmlegacystatefulsetmigrationit-operator/test-hivemq-legacy-platform-hivemq-operator-operator-56c5b9f7b7" duration="30.857µs"
2025-01-29 13:56:34,895 INFO c.h.h.t.HelmChartContainer - [EVENT] Normal [Scheduled] Successfully assigned helmlegacystatefulsetmigrationit-operator/test-hivemq-legacy-platform-hivemq-operator-operator-56c5bqk9v5 to 06a12a63912a [helmlegacystatefulsetmigrationit-operator:test-hivemq-legacy-platform-hivemq-operator-operator-56c5bqk9v5]
2025-01-29 13:56:34,900 INFO c.h.h.t.HelmChartContainer - [K3S] [replica_set.go:679] "Finished syncing" kind="ReplicaSet" key="helmlegacystatefulsetmigrationit-operator/test-hivemq-legacy-platform-hivemq-operator-operator-56c5b9f7b7" duration="36.678µs"
2025-01-29 13:56:34,900 INFO c.h.h.t.HelmChartContainer - [POD] test-hivemq-legacy-platform-hivemq-operator-operator-56c5bqk9v5 [24379367-0d55-4608-aeb5-623139ea588a] in helmlegacystatefulsetmigrationit-operator was MODIFIED
2025-01-29 13:56:35,033 INFO c.h.h.t.HelmChartContainer - [K3S] [reconciler_common.go:251] "operationExecutor.VerifyControllerAttachedVolume started for volume \"templates\" (UniqueName: \"kubernetes.io/configmap/24379367-0d55-4608-aeb5-623139ea588a-templates\") pod \"test-hivemq-legacy-platform-hivemq-operator-operator-56c5bqk9v5\" (UID: \"24379367-0d55-4608-aeb5-623139ea588a\") " pod="helmlegacystatefulsetmigrationit-operator/test-hivemq-legacy-platform-hivemq-operator-operator-56c5bqk9v5"
2025-01-29 13:56:35,034 INFO c.h.h.t.HelmChartContainer - [K3S] [reconciler_common.go:251] "operationExecutor.VerifyControllerAttachedVolume started for volume \"kube-api-access-fsqd7\" (UniqueName: \"kubernetes.io/projected/24379367-0d55-4608-aeb5-623139ea588a-kube-api-access-fsqd7\") pod \"test-hivemq-legacy-platform-hivemq-operator-operator-56c5bqk9v5\" (UID: \"24379367-0d55-4608-aeb5-623139ea588a\") " pod="helmlegacystatefulsetmigrationit-operator/test-hivemq-legacy-platform-hivemq-operator-operator-56c5bqk9v5"
2025-01-29 13:56:35,092 DEBUG c.h.h.t.HelmChartContainer - Executing helm command: /bin/helm --kubeconfig /etc/rancher/k3s/k3s.yaml install test-hivemq-legacy-platform /charts/hivemq-platform --wait --timeout 5m0s --set image.repository=docker.io/hivemq --set image.tag=4.36.0 --set image.pullPolicy=Never --set nodes.resources.cpu=512m -f /files/migration-platform-stateful-set-values.yaml --namespace helmlegacystatefulsetmigrationit-operator
2025-01-29 13:56:35,282 INFO c.h.h.t.HelmChartContainer - [EVENT] Normal [Pulled] Container image "hivemq/hivemq-operator:4.7.10" already present on machine [helmlegacystatefulsetmigrationit-operator:test-hivemq-legacy-platform-hivemq-operator-operator-56c5bqk9v5]
2025-01-29 13:56:35,283 INFO c.h.h.t.HelmChartContainer - Received Pulled event for container operator in pod test-hivemq-legacy-platform-hivemq-operator-operator-56c5bqk9v5 [24379367-0d55-4608-aeb5-623139ea588a]
2025-01-29 13:56:35,291 INFO c.h.h.t.HelmChartContainer - [EVENT] Normal [Created] Created container: operator [helmlegacystatefulsetmigrationit-operator:test-hivemq-legacy-platform-hivemq-operator-operator-56c5bqk9v5]
2025-01-29 13:56:35,291 INFO c.h.h.t.HelmChartContainer - Received Created event for container operator in pod test-hivemq-legacy-platform-hivemq-operator-operator-56c5bqk9v5 [24379367-0d55-4608-aeb5-623139ea588a]
2025-01-29 13:56:35,407 INFO c.h.h.t.HelmChartContainer - [hivemq-test-hivemq-platform] [hivemq-platform-operator] [1484d44a] 13:56:35.406 [-373097727-pool-1-thread-2] WARN  i.m.p.PrometheusMeterRegistry - The meter (MeterId{name='operator.sdk.events.received', tags=[tag(action=ADDED),tag(event=ResourceEvent),tag(group=hivemq.com),tag(kind=HiveMQPlatform),tag(name=test-hivemq-legacy-platform),tag(namespace=helmlegacystatefulsetmigrationit-operator),tag(scope=namespace),tag(version=v1)]}) registration has failed: Prometheus requires that all meters with the same name have the same set of tag keys. There is already an existing meter named 'operator.sdk.events.received' containing tag keys [event, group, kind, name, namespace, scope, version]. The meter you are attempting to register has keys [action, event, group, kind, name, namespace, scope, version]. Note that subsequent logs will be logged at debug level.
2025-01-29 13:56:35,467 INFO c.h.h.t.HelmChartContainer - [K3S] [kubelet_volumes.go:163] "Cleaned up orphaned pod volumes dir" podUID="bbb12adf-5b5b-443f-b96b-3ad97f9cf456" path="/var/lib/kubelet/pods/bbb12adf-5b5b-443f-b96b-3ad97f9cf456/volumes"
2025-01-29 13:56:35,739 INFO c.h.h.t.HelmChartContainer - [POD] test-hivemq-legacy-platform-hivemq-operator-operator-56c5bqk9v5 [24379367-0d55-4608-aeb5-623139ea588a] in helmlegacystatefulsetmigrationit-operator was MODIFIED
2025-01-29 13:56:35,745 INFO c.h.h.t.HelmChartContainer - [K3S] [replica_set.go:679] "Finished syncing" kind="ReplicaSet" key="helmlegacystatefulsetmigrationit-operator/test-hivemq-legacy-platform-hivemq-operator-operator-56c5b9f7b7" duration="5.958437ms"
2025-01-29 13:56:35,745 INFO c.h.h.t.HelmChartContainer - [K3S] [replica_set.go:679] "Finished syncing" kind="ReplicaSet" key="helmlegacystatefulsetmigrationit-operator/test-hivemq-legacy-platform-hivemq-operator-operator-56c5b9f7b7" duration="39.224µs"
2025-01-29 13:56:35,757 INFO c.h.h.t.HelmChartContainer - [EVENT] Normal [Started] Started container operator [helmlegacystatefulsetmigrationit-operator:test-hivemq-legacy-platform-hivemq-operator-operator-56c5bqk9v5]
2025-01-29 13:56:35,757 INFO c.h.h.t.HelmChartContainer - Received Started event for container operator in pod test-hivemq-legacy-platform-hivemq-operator-operator-56c5bqk9v5 [24379367-0d55-4608-aeb5-623139ea588a]
2025-01-29 13:56:35,757 INFO c.h.h.t.HelmChartContainer - Started log watcher for operator in pod test-hivemq-legacy-platform-hivemq-operator-operator-56c5bqk9v5 [24379367-0d55-4608-aeb5-623139ea588a]
2025-01-29 13:56:35,757 INFO c.h.h.t.HelmChartContainer - [test-hivemq-legacy-platform] [operator] [24379367] Picked up JAVA_TOOL_OPTIONS: -XX:+UnlockExperimentalVMOptions -XX:InitialRAMPercentage=75 -XX:MaxRAMPercentage=75
2025-01-29 13:56:36,011 INFO c.h.h.t.HelmChartContainer - [hivemq-test-hivemq-platform] [hivemq-platform-operator] [1484d44a] 13:56:36.010 [pool-6-thread-3] DEBUG c.h.p.o.dependants.PodInfoConfigMap - [helmlega] Desired PodInfo ConfigMap (2 extensions) (1 enabled)
2025-01-29 13:56:36,012 INFO c.h.h.t.HelmChartContainer - [hivemq-test-hivemq-platform] [hivemq-platform-operator] [1484d44a] 13:56:36.011 [pool-6-thread-3] DEBUG c.h.p.o.dependants.PodInfoConfigMap - [helmlega] Desired PodInfo ConfigMap (metrics port: 9399) (metrics path: /)
2025-01-29 13:56:36,012 INFO c.h.h.t.HelmChartContainer - [hivemq-test-hivemq-platform] [hivemq-platform-operator] [1484d44a] 13:56:36.011 [pool-6-thread-3] DEBUG c.h.p.o.dependants.PodInfoConfigMap - [helmlega] Desired PodInfo ConfigMap (extension state hash: 259316804)
2025-01-29 13:56:36,055 INFO c.h.h.t.HelmChartContainer - [hivemq-test-hivemq-platform] [hivemq-platform-operator] [1484d44a] 13:56:36.052 [pool-6-thread-3] DEBUG c.h.p.o.dependants.PodInfoConfigMap - [helmlega] Create PodInfo ConfigMap
2025-01-29 13:56:36,158 INFO c.h.h.t.HelmChartContainer - [hivemq-test-hivemq-platform] [hivemq-platform-operator] [1484d44a] 13:56:36.154 [pool-6-thread-5] DEBUG c.h.p.o.dependants.PodRoleResource - [helmlega] Create Role: Role(apiVersion=rbac.authorization.k8s.io/v1, kind=Role, metadata=ObjectMeta(annotations={meta.helm.sh/release-name=test-hivemq-legacy-platform, meta.helm.sh/release-namespace=helmlegacystatefulsetmigrationit-operator}, creationTimestamp=null, deletionGracePeriodSeconds=null, deletionTimestamp=null, finalizers=[], generateName=null, generation=null, labels={helm.sh/chart=hivemq-platform-0.2.32, app.kubernetes.io/managed-by=Helm, app.kubernetes.io/name=hivemq-platform, hivemq-platform=test-hivemq-legacy-platform, app.kubernetes.io/instance=test-hivemq-legacy-platform, app.kubernetes.io/version=4.36.0}, managedFields=[], name=hivemq-platform-role-test-hivemq-legacy-platform, namespace=helmlegacystatefulsetmigrationit-operator, ownerReferences=[OwnerReference(apiVersion=hivemq.com/v1, blockOwnerDeletion=null, controller=null, kind=HiveMQPlatform, name=test-hivemq-legacy-platform, uid=cb032801-1757-4f18-aab6-ee95821a8162, additionalProperties={})], resourceVersion=null, selfLink=null, uid=null, additionalProperties={}), rules=[PolicyRule(apiGroups=[], nonResourceURLs=[], resourceNames=[], resources=[pods], verbs=[get, patch, update], additionalProperties={})], additionalProperties={})
2025-01-29 13:56:36,269 INFO c.h.h.t.HelmChartContainer - [hivemq-test-hivemq-platform] [hivemq-platform-operator] [1484d44a] 13:56:36.267 [pool-6-thread-7] DEBUG c.h.p.o.d.PodServiceAccountResource - [helmlega] Desired PodServiceAccountResource (serviceAccountName: hivemq-platform-pod-test-hivemq-legacy-platform)
2025-01-29 13:56:36,269 INFO c.h.h.t.HelmChartContainer - [hivemq-test-hivemq-platform] [hivemq-platform-operator] [1484d44a] 13:56:36.268 [pool-6-thread-7] DEBUG c.h.p.o.d.PodServiceAccountResource - [helmlega] Create ServiceAccount 'hivemq-platform-pod-test-hivemq-legacy-platform'
2025-01-29 13:56:36,460 INFO c.h.h.t.HelmChartContainer - [hivemq-test-hivemq-platform] [hivemq-platform-operator] [1484d44a] 13:56:36.458 [pool-6-thread-10] DEBUG c.h.p.o.d.PodRoleBindingResource - [helmlega] Create RoleBinding: RoleBinding(apiVersion=rbac.authorization.k8s.io/v1, kind=RoleBinding, metadata=ObjectMeta(annotations={meta.helm.sh/release-name=test-hivemq-legacy-platform, meta.helm.sh/release-namespace=helmlegacystatefulsetmigrationit-operator}, creationTimestamp=null, deletionGracePeriodSeconds=null, deletionTimestamp=null, finalizers=[], generateName=null, generation=null, labels={helm.sh/chart=hivemq-platform-0.2.32, app.kubernetes.io/managed-by=Helm, app.kubernetes.io/name=hivemq-platform, hivemq-platform=test-hivemq-legacy-platform, app.kubernetes.io/instance=test-hivemq-legacy-platform, app.kubernetes.io/version=4.36.0}, managedFields=[], name=hivemq-platform-role-binding-test-hivemq-legacy-platform, namespace=helmlegacystatefulsetmigrationit-operator, ownerReferences=[OwnerReference(apiVersion=hivemq.com/v1, blockOwnerDeletion=null, controller=null, kind=HiveMQPlatform, name=test-hivemq-legacy-platform, uid=cb032801-1757-4f18-aab6-ee95821a8162, additionalProperties={})], resourceVersion=null, selfLink=null, uid=null, additionalProperties={}), roleRef=RoleRef(apiGroup=rbac.authorization.k8s.io, kind=Role, name=hivemq-platform-role-test-hivemq-legacy-platform, additionalProperties={}), subjects=[Subject(apiGroup=null, kind=ServiceAccount, name=hivemq-platform-pod-test-hivemq-legacy-platform, namespace=helmlegacystatefulsetmigrationit-operator, additionalProperties={})], additionalProperties={})
2025-01-29 13:56:36,481 INFO c.h.h.t.HelmChartContainer - [hivemq-test-hivemq-platform] [hivemq-platform-operator] [1484d44a] 13:56:36.481 [ReconcilerExecutor-hivemq-controller-53] INFO  c.h.p.o.HiveMQPlatformReconciler - [helmlega] Reconciling HiveMQ Platform 'test-hivemq-legacy-platform' in namespace 'helmlegacystatefulsetmigrationit-operator'
2025-01-29 13:56:36,501 INFO c.h.h.t.HelmChartContainer - [hivemq-test-hivemq-platform] [hivemq-platform-operator] [1484d44a] 13:56:36.500 [ReconcilerExecutor-hivemq-controller-53] DEBUG c.h.p.o.HiveMQPlatformReconciler - [helmlega] Custom Resource Status CREATED - HiveMQ Platform was created (READY)
2025-01-29 13:56:36,504 INFO c.h.h.t.HelmChartContainer - [hivemq-test-hivemq-platform] [hivemq-platform-operator] [1484d44a] 13:56:36.501 [ReconcilerExecutor-hivemq-controller-53] DEBUG c.h.p.o.HiveMQPlatformReconciler - [helmlega] Custom Resource Spec (replicas: 1) (extensions: 2)
2025-01-29 13:56:36,556 INFO c.h.h.t.HelmChartContainer - [hivemq-test-hivemq-platform] [hivemq-platform-operator] [1484d44a] 13:56:36.555 [ReconcilerExecutor-hivemq-controller-53] INFO  c.h.p.o.h.HiveMQPlatformReconcilerBaseHandler - [helmlega] HiveMQ Platform is migrating from a HiveMQ Operator with StatefulSet installation
2025-01-29 13:56:36,664 INFO c.h.h.t.HelmChartContainer - [hivemq-test-hivemq-platform] [hivemq-platform-operator] [1484d44a] 13:56:36.663 [ReconcilerExecutor-hivemq-controller-53] DEBUG c.h.p.operator.event.EventSender - [helmlega] Creating K8s event hivemq-platform-statefulset-migration-started: [StatefulSetMigration] HiveMQ Platform is starting a migration of a HiveMQ Cluster with StatefulSet
2025-01-29 13:56:36,709 INFO c.h.h.t.HelmChartContainer - [EVENT] Normal [StatefulSetMigration] HiveMQ Platform is starting a migration of a HiveMQ Cluster with StatefulSet [helmlegacystatefulsetmigrationit-operator:test-hivemq-legacy-platform]
2025-01-29 13:56:36,713 INFO c.h.h.t.HelmChartContainer - [hivemq-test-hivemq-platform] [hivemq-platform-operator] [1484d44a] 13:56:36.712 [ReconcilerExecutor-hivemq-controller-53] INFO  c.h.p.o.h.AbstractHiveMQReconcilerStateHandler - [helmlega] Update HiveMQ Platform Status (CREATED [READY] -> STATEFULSET_MIGRATION [STATEFULSET_MIGRATION_STARTING]): HiveMQ Platform is starting a migration of a HiveMQ Cluster with StatefulSet
2025-01-29 13:56:36,773 DEBUG com.hivemq.helmcharts.util.K8sUtil - Comparing actual state 'STATEFULSET_MIGRATION' and waiting for 'STATEFULSET_MIGRATION'
2025-01-29 13:56:36,787 DEBUG com.hivemq.helmcharts.util.K8sUtil - Comparing actual state 'STATEFULSET_MIGRATION' and waiting for 'ROLLING_RESTART'
2025-01-29 13:56:36,907 INFO c.h.h.t.HelmChartContainer - [test-hivemq-legacy-platform] [operator] [24379367]  __  __ _                                  _   
2025-01-29 13:56:36,907 INFO c.h.h.t.HelmChartContainer - [test-hivemq-legacy-platform] [operator] [24379367] |  \/  (_) ___ _ __ ___  _ __   __ _ _   _| |_ 
2025-01-29 13:56:36,907 INFO c.h.h.t.HelmChartContainer - [test-hivemq-legacy-platform] [operator] [24379367] | |\/| | |/ __| '__/ _ \| '_ \ / _` | | | | __|
2025-01-29 13:56:36,907 INFO c.h.h.t.HelmChartContainer - [test-hivemq-legacy-platform] [operator] [24379367] | |  | | | (__| | | (_) | | | | (_| | |_| | |_ 
2025-01-29 13:56:36,907 INFO c.h.h.t.HelmChartContainer - [test-hivemq-legacy-platform] [operator] [24379367] |_|  |_|_|\___|_|  \___/|_| |_|\__,_|\__,_|\__|
2025-01-29 13:56:36,910 INFO c.h.h.t.HelmChartContainer - [test-hivemq-legacy-platform] [operator] [24379367]   Micronaut (v3.5.2)
2025-01-29 13:56:36,910 INFO c.h.h.t.HelmChartContainer - [test-hivemq-legacy-platform] [operator] [24379367] 
2025-01-29 13:56:39,261 INFO c.h.h.t.HelmChartContainer - [test-hivemq-legacy-platform] [operator] [24379367] ?[36m13:56:39.258?[0;39m ?[1;30m[main]?[0;39m ?[34mINFO ?[0;39m ?[35mio.micronaut.runtime.Micronaut?[0;39m - Startup completed in 2395ms. Server Running: http://test-hivemq-legacy-platform-hivemq-operator-operator-56c5bqk9v5:8443
2025-01-29 13:56:40,450 INFO c.h.h.t.HelmChartContainer - [test-hivemq-legacy-platform] [operator] [24379367] ?[36m13:56:40.449?[0;39m ?[1;30m[main]?[0;39m ?[34mINFO ?[0;39m ?[35mcom.hivemq.Operator?[0;39m - Initializing HiveMQ operator
2025-01-29 13:56:41,461 INFO c.h.h.t.HelmChartContainer - [test-hivemq-legacy-platform] [operator] [24379367] ?[36m13:56:41.460?[0;39m ?[1;30m[main]?[0;39m ?[34mINFO ?[0;39m ?[35mcom.hivemq.Operator?[0;39m - Operating from namespace 'helmlegacystatefulsetmigrationit-operator'
2025-01-29 13:56:41,652 INFO c.h.h.t.HelmChartContainer - [test-hivemq-legacy-platform] [operator] [24379367] ?[36m13:56:41.651?[0;39m ?[1;30m[pool-3-thread-1]?[0;39m ?[34mINFO ?[0;39m ?[35mcom.hivemq.AbstractWatcher?[0;39m - CustomResource watcher running for kinds HiveMQCluster
2025-01-29 13:56:42,305 INFO c.h.h.t.HelmChartContainer - [test-hivemq-legacy-platform] [operator] [24379367] ?[36m13:56:42.304?[0;39m ?[1;30m[main]?[0;39m ?[34mINFO ?[0;39m ?[35mcom.hivemq.Operator?[0;39m - Operator started in 1855ms
2025-01-29 13:56:46,818 INFO c.h.h.t.HelmChartContainer - [hivemq-test-hivemq-platform] [hivemq-platform-operator] [1484d44a] 13:56:46.815 [ReconcilerExecutor-hivemq-controller-65] INFO  c.h.p.o.HiveMQPlatformReconciler - [helmlega] Reconciling HiveMQ Platform 'test-hivemq-legacy-platform' in namespace 'helmlegacystatefulsetmigrationit-operator'
2025-01-29 13:56:46,818 INFO c.h.h.t.HelmChartContainer - [hivemq-test-hivemq-platform] [hivemq-platform-operator] [1484d44a] 13:56:46.815 [ReconcilerExecutor-hivemq-controller-65] DEBUG c.h.p.o.HiveMQPlatformReconciler - [helmlega] Custom Resource Status STATEFULSET_MIGRATION - HiveMQ Platform is starting a migration of a HiveMQ Cluster with StatefulSet (STATEFULSET_MIGRATION_STARTING)
2025-01-29 13:56:46,818 INFO c.h.h.t.HelmChartContainer - [hivemq-test-hivemq-platform] [hivemq-platform-operator] [1484d44a] 13:56:46.815 [ReconcilerExecutor-hivemq-controller-65] DEBUG c.h.p.o.HiveMQPlatformReconciler - [helmlega] Custom Resource Spec (replicas: 1) (extensions: 2)
2025-01-29 13:56:46,819 INFO c.h.h.t.HelmChartContainer - [hivemq-test-hivemq-platform] [hivemq-platform-operator] [1484d44a] 13:56:46.818 [ReconcilerExecutor-hivemq-controller-65] INFO  c.h.p.o.h.HiveMQPlatformReconcilerMigrationHandler - [helmlega] Starting migration of HiveMQ Cluster test-hivemq-legacy-platform with StatefulSet
2025-01-29 13:56:47,011 INFO c.h.h.t.HelmChartContainer - [hivemq-test-hivemq-platform] [hivemq-platform-operator] [1484d44a] 13:56:47.009 [ReconcilerExecutor-hivemq-controller-65] INFO  c.h.p.o.h.HiveMQPlatformReconcilerMigrationHandler - [helmlega] HiveMQ Cluster test-hivemq-legacy-platform with StatefulSet is ready for migration
2025-01-29 13:56:47,024 INFO c.h.h.t.HelmChartContainer - [hivemq-test-hivemq-platform] [hivemq-platform-operator] [1484d44a] 13:56:47.023 [ReconcilerExecutor-hivemq-controller-65] DEBUG c.h.p.operator.event.EventSender - [helmlega] Creating K8s event hivemq-platform-statefulset-migration-in-progress: [StatefulSetMigration] HiveMQ Platform is migrating from a HiveMQ Cluster with StatefulSet
2025-01-29 13:56:47,105 INFO c.h.h.t.HelmChartContainer - [EVENT] Normal [StatefulSetMigration] HiveMQ Platform is migrating from a HiveMQ Cluster with StatefulSet [helmlegacystatefulsetmigrationit-operator:test-hivemq-legacy-platform]
2025-01-29 13:56:47,107 INFO c.h.h.t.HelmChartContainer - [hivemq-test-hivemq-platform] [hivemq-platform-operator] [1484d44a] 13:56:47.106 [ReconcilerExecutor-hivemq-controller-65] INFO  c.h.p.o.h.AbstractHiveMQReconcilerStateHandler - [helmlega] Update HiveMQ Platform Status (STATEFULSET_MIGRATION [STATEFULSET_MIGRATION_STARTING] -> STATEFULSET_MIGRATION [STATEFULSET_MIGRATION_IN_PROGRESS]): HiveMQ Platform is migrating from a HiveMQ Cluster with StatefulSet
2025-01-29 13:56:47,118 DEBUG com.hivemq.helmcharts.util.K8sUtil - Comparing actual state 'STATEFULSET_MIGRATION' and waiting for 'ROLLING_RESTART'
2025-01-29 13:56:57,127 INFO c.h.h.t.HelmChartContainer - [hivemq-test-hivemq-platform] [hivemq-platform-operator] [1484d44a] 13:56:57.126 [ReconcilerExecutor-hivemq-controller-76] INFO  c.h.p.o.HiveMQPlatformReconciler - [helmlega] Reconciling HiveMQ Platform 'test-hivemq-legacy-platform' in namespace 'helmlegacystatefulsetmigrationit-operator'
2025-01-29 13:56:57,127 INFO c.h.h.t.HelmChartContainer - [hivemq-test-hivemq-platform] [hivemq-platform-operator] [1484d44a] 13:56:57.126 [ReconcilerExecutor-hivemq-controller-76] DEBUG c.h.p.o.HiveMQPlatformReconciler - [helmlega] Custom Resource Status STATEFULSET_MIGRATION - HiveMQ Platform is migrating from a HiveMQ Cluster with StatefulSet (STATEFULSET_MIGRATION_IN_PROGRESS)
2025-01-29 13:56:57,127 INFO c.h.h.t.HelmChartContainer - [hivemq-test-hivemq-platform] [hivemq-platform-operator] [1484d44a] 13:56:57.126 [ReconcilerExecutor-hivemq-controller-76] DEBUG c.h.p.o.HiveMQPlatformReconciler - [helmlega] Custom Resource Spec (replicas: 1) (extensions: 2)
2025-01-29 13:56:57,129 INFO c.h.h.t.HelmChartContainer - [hivemq-test-hivemq-platform] [hivemq-platform-operator] [1484d44a] 13:56:57.127 [ReconcilerExecutor-hivemq-controller-76] INFO  c.h.p.o.h.HiveMQPlatformReconcilerMigrationHandler - [helmlega] Migration of HiveMQ Cluster test-hivemq-legacy-platform with StatefulSet
2025-01-29 13:56:57,223 INFO c.h.h.t.HelmChartContainer - [hivemq-test-hivemq-platform] [hivemq-platform-operator] [1484d44a] 13:56:57.220 [ReconcilerExecutor-hivemq-controller-76] DEBUG c.h.p.o.h.HiveMQPlatformReconcilerMigrationHandler - [helmlega] Successfully migrated StatefulSet 'test-hivemq-legacy-platform' (resourceVersion: 718 -> 763)
2025-01-29 13:56:57,425 INFO c.h.h.t.HelmChartContainer - [POD] test-hivemq-legacy-platform-0 [a7da5cfe-cafb-444f-9c1d-a9021d1fa654] in helmlegacystatefulsetmigrationit-operator was MODIFIED
2025-01-29 13:56:57,502 INFO c.h.h.t.HelmChartContainer - [hivemq-test-hivemq-platform] [hivemq-platform-operator] [1484d44a] 13:56:57.500 [ReconcilerExecutor-hivemq-controller-76] DEBUG c.h.p.o.h.HiveMQPlatformReconcilerMigrationHandler - [helmlega] Successfully migrated Pod 'test-hivemq-legacy-platform-0' (resourceVersion: 674 -> 764)
2025-01-29 13:56:57,519 INFO c.h.h.t.HelmChartContainer - [hivemq-test-hivemq-platform] [hivemq-platform-operator] [1484d44a] 13:56:57.517 [ReconcilerExecutor-hivemq-controller-76] DEBUG c.h.p.o.h.HiveMQPlatformReconcilerMigrationHandler - [helmlega] Successfully migrated Service 'hivemq-test-hivemq-legacy-platform-mqtt' (resourceVersion: 713 -> 765)
2025-01-29 13:56:57,611 INFO c.h.h.t.HelmChartContainer - [hivemq-test-hivemq-platform] [hivemq-platform-operator] [1484d44a] 13:56:57.610 [ReconcilerExecutor-hivemq-controller-76] DEBUG c.h.p.o.h.HiveMQPlatformReconcilerMigrationHandler - [helmlega] Successfully migrated Service 'hivemq-test-hivemq-legacy-platform-cc' (resourceVersion: 712 -> 768)
2025-01-29 13:56:57,703 INFO c.h.h.t.HelmChartContainer - [hivemq-test-hivemq-platform] [hivemq-platform-operator] [1484d44a] 13:56:57.700 [ReconcilerExecutor-hivemq-controller-76] DEBUG c.h.p.o.h.HiveMQPlatformReconcilerMigrationHandler - [helmlega] Successfully migrated Service 'hivemq-test-hivemq-legacy-platform-metrics' (resourceVersion: 714 -> 771)
2025-01-29 13:56:57,718 INFO c.h.h.t.HelmChartContainer - [hivemq-test-hivemq-platform] [hivemq-platform-operator] [1484d44a] 13:56:57.717 [ReconcilerExecutor-hivemq-controller-76] DEBUG c.h.p.o.h.HiveMQPlatformReconcilerMigrationHandler - [helmlega] Successfully migrated Service 'hivemq-test-hivemq-legacy-platform-api' (resourceVersion: 711 -> 774)
2025-01-29 13:56:57,816 INFO c.h.h.t.HelmChartContainer - [hivemq-test-hivemq-platform] [hivemq-platform-operator] [1484d44a] 13:56:57.813 [ReconcilerExecutor-hivemq-controller-76] DEBUG c.h.p.o.h.HiveMQPlatformReconcilerMigrationHandler - [helmlega] Successfully migrated Service 'hivemq-test-hivemq-legacy-platform-cluster' (resourceVersion: 717 -> 777)
2025-01-29 13:56:57,816 INFO c.h.h.t.HelmChartContainer - [hivemq-test-hivemq-platform] [hivemq-platform-operator] [1484d44a] 13:56:57.813 [ReconcilerExecutor-hivemq-controller-76] INFO  c.h.p.o.h.HiveMQPlatformReconcilerMigrationHandler - [helmlega] Migration of HiveMQ Cluster test-hivemq-legacy-platform with StatefulSet was successful
2025-01-29 13:56:57,916 INFO c.h.h.t.HelmChartContainer - [hivemq-test-hivemq-platform] [hivemq-platform-operator] [1484d44a] 13:56:57.915 [ReconcilerExecutor-hivemq-controller-76] DEBUG c.h.p.operator.event.EventSender - [helmlega] Creating K8s event hivemq-platform-statefulset-migration-validation: [StatefulSetMigration] HiveMQ Platform is validating a migration of a HiveMQ Cluster with StatefulSet
2025-01-29 13:56:57,921 INFO c.h.h.t.HelmChartContainer - [EVENT] Normal [StatefulSetMigration] HiveMQ Platform is validating a migration of a HiveMQ Cluster with StatefulSet [helmlegacystatefulsetmigrationit-operator:test-hivemq-legacy-platform]
2025-01-29 13:56:57,921 INFO c.h.h.t.HelmChartContainer - [hivemq-test-hivemq-platform] [hivemq-platform-operator] [1484d44a] 13:56:57.920 [ReconcilerExecutor-hivemq-controller-76] INFO  c.h.p.o.h.AbstractHiveMQReconcilerStateHandler - [helmlega] Update HiveMQ Platform Status (STATEFULSET_MIGRATION [STATEFULSET_MIGRATION_IN_PROGRESS] -> STATEFULSET_MIGRATION [STATEFULSET_MIGRATION_VALIDATION]): HiveMQ Platform is validating a migration of a HiveMQ Cluster with StatefulSet
2025-01-29 13:56:57,930 DEBUG com.hivemq.helmcharts.util.K8sUtil - Comparing actual state 'STATEFULSET_MIGRATION' and waiting for 'ROLLING_RESTART'
2025-01-29 13:56:58,012 INFO c.h.h.t.HelmChartContainer - [hivemq-test-hivemq-platform] [hivemq-platform-operator] [1484d44a] 13:56:58.011 [ReconcilerExecutor-hivemq-controller-87] INFO  c.h.p.o.HiveMQPlatformReconciler - [helmlega] Reconciling HiveMQ Platform 'test-hivemq-legacy-platform' in namespace 'helmlegacystatefulsetmigrationit-operator'
2025-01-29 13:56:58,012 INFO c.h.h.t.HelmChartContainer - [hivemq-test-hivemq-platform] [hivemq-platform-operator] [1484d44a] 13:56:58.011 [ReconcilerExecutor-hivemq-controller-87] DEBUG c.h.p.o.HiveMQPlatformReconciler - [helmlega] Custom Resource Status STATEFULSET_MIGRATION - HiveMQ Platform is validating a migration of a HiveMQ Cluster with StatefulSet (STATEFULSET_MIGRATION_VALIDATION)
2025-01-29 13:56:58,013 INFO c.h.h.t.HelmChartContainer - [hivemq-test-hivemq-platform] [hivemq-platform-operator] [1484d44a] 13:56:58.011 [ReconcilerExecutor-hivemq-controller-87] DEBUG c.h.p.o.HiveMQPlatformReconciler - [helmlega] Custom Resource Spec (replicas: 1) (extensions: 2)
2025-01-29 13:56:58,106 INFO c.h.h.t.HelmChartContainer - [hivemq-test-hivemq-platform] [hivemq-platform-operator] [1484d44a] 13:56:58.104 [ReconcilerExecutor-hivemq-controller-87] DEBUG c.h.p.o.h.HiveMQPlatformReconcilerMigrationHandler - [helmlega] Validation of migrated StatefulSet 'test-hivemq-legacy-platform' of HiveMQ Platform 'test-hivemq-legacy-platform'
2025-01-29 13:56:58,111 INFO c.h.h.t.HelmChartContainer - [hivemq-test-hivemq-platform] [hivemq-platform-operator] [1484d44a] 13:56:58.110 [ReconcilerExecutor-hivemq-controller-87] DEBUG c.h.p.o.h.HiveMQPlatformReconcilerMigrationHandler - [helmlega] Validation of migrated Pod 'test-hivemq-legacy-platform-0' of HiveMQ Platform 'test-hivemq-legacy-platform'
2025-01-29 13:56:58,116 INFO c.h.h.t.HelmChartContainer - [hivemq-test-hivemq-platform] [hivemq-platform-operator] [1484d44a] 13:56:58.114 [ReconcilerExecutor-hivemq-controller-87] DEBUG c.h.p.o.h.HiveMQPlatformReconcilerMigrationHandler - [helmlega] Validation of migrated Service 'hivemq-test-hivemq-legacy-platform-metrics' of HiveMQ Platform 'test-hivemq-legacy-platform'
2025-01-29 13:56:58,116 INFO c.h.h.t.HelmChartContainer - [hivemq-test-hivemq-platform] [hivemq-platform-operator] [1484d44a] 13:56:58.114 [ReconcilerExecutor-hivemq-controller-87] DEBUG c.h.p.o.h.HiveMQPlatformReconcilerMigrationHandler - [helmlega] Validation of migrated Service 'hivemq-test-hivemq-legacy-platform-cluster' of HiveMQ Platform 'test-hivemq-legacy-platform'
2025-01-29 13:56:58,116 INFO c.h.h.t.HelmChartContainer - [hivemq-test-hivemq-platform] [hivemq-platform-operator] [1484d44a] 13:56:58.115 [ReconcilerExecutor-hivemq-controller-87] DEBUG c.h.p.o.h.HiveMQPlatformReconcilerMigrationHandler - [helmlega] Validation of migrated Service 'hivemq-test-hivemq-legacy-platform-cc' of HiveMQ Platform 'test-hivemq-legacy-platform'
2025-01-29 13:56:58,116 INFO c.h.h.t.HelmChartContainer - [hivemq-test-hivemq-platform] [hivemq-platform-operator] [1484d44a] 13:56:58.115 [ReconcilerExecutor-hivemq-controller-87] DEBUG c.h.p.o.h.HiveMQPlatformReconcilerMigrationHandler - [helmlega] Validation of migrated Service 'hivemq-test-hivemq-legacy-platform-mqtt' of HiveMQ Platform 'test-hivemq-legacy-platform'
2025-01-29 13:56:58,116 INFO c.h.h.t.HelmChartContainer - [hivemq-test-hivemq-platform] [hivemq-platform-operator] [1484d44a] 13:56:58.115 [ReconcilerExecutor-hivemq-controller-87] DEBUG c.h.p.o.h.HiveMQPlatformReconcilerMigrationHandler - [helmlega] Validation of migrated Service 'hivemq-test-hivemq-legacy-platform-api' of HiveMQ Platform 'test-hivemq-legacy-platform'
2025-01-29 13:56:58,116 INFO c.h.h.t.HelmChartContainer - [hivemq-test-hivemq-platform] [hivemq-platform-operator] [1484d44a] 13:56:58.115 [ReconcilerExecutor-hivemq-controller-87] INFO  c.h.p.o.h.HiveMQPlatformReconcilerMigrationHandler - [helmlega] Migration of HiveMQ Cluster test-hivemq-legacy-platform with StatefulSet validated successfully
2025-01-29 13:56:58,213 INFO c.h.h.t.HelmChartContainer - [hivemq-test-hivemq-platform] [hivemq-platform-operator] [1484d44a] 13:56:58.212 [ReconcilerExecutor-hivemq-controller-87] DEBUG c.h.p.operator.event.EventSender - [helmlega] Creating K8s event hivemq-platform-ready: [Ready] HiveMQ Platform is ready
2025-01-29 13:56:58,217 INFO c.h.h.t.HelmChartContainer - [EVENT] Normal [Ready] HiveMQ Platform is ready [helmlegacystatefulsetmigrationit-operator:test-hivemq-legacy-platform]
2025-01-29 13:56:58,218 INFO c.h.h.t.HelmChartContainer - [hivemq-test-hivemq-platform] [hivemq-platform-operator] [1484d44a] 13:56:58.217 [ReconcilerExecutor-hivemq-controller-87] INFO  c.h.p.o.h.AbstractHiveMQReconcilerStateHandler - [helmlega] Update HiveMQ Platform Status (STATEFULSET_MIGRATION [STATEFULSET_MIGRATION_VALIDATION] -> RUNNING [READY]): HiveMQ Platform is ready
2025-01-29 13:56:58,230 DEBUG com.hivemq.helmcharts.util.K8sUtil - Comparing actual state 'RUNNING' and waiting for 'ROLLING_RESTART'
2025-01-29 13:57:08,241 INFO c.h.h.t.HelmChartContainer - [hivemq-test-hivemq-platform] [hivemq-platform-operator] [1484d44a] 13:57:08.237 [pool-6-thread-42] DEBUG c.h.p.o.d.PlatformServiceResource - [helmlega] Desired Platform services (4 services)
2025-01-29 13:57:08,242 INFO c.h.h.t.HelmChartContainer - [hivemq-test-hivemq-platform] [hivemq-platform-operator] [1484d44a] 13:57:08.240 [pool-6-thread-43] DEBUG c.h.p.o.dependants.PodInfoConfigMap - [helmlega] Desired PodInfo ConfigMap (2 extensions) (1 enabled)
2025-01-29 13:57:08,242 INFO c.h.h.t.HelmChartContainer - [hivemq-test-hivemq-platform] [hivemq-platform-operator] [1484d44a] 13:57:08.241 [pool-6-thread-43] DEBUG c.h.p.o.dependants.PodInfoConfigMap - [helmlega] Desired PodInfo ConfigMap (metrics port: 9399) (metrics path: /)
2025-01-29 13:57:08,242 INFO c.h.h.t.HelmChartContainer - [hivemq-test-hivemq-platform] [hivemq-platform-operator] [1484d44a] 13:57:08.241 [pool-6-thread-43] DEBUG c.h.p.o.dependants.PodInfoConfigMap - [helmlega] Desired PodInfo ConfigMap (extension state hash: 259316804)
2025-01-29 13:57:08,243 INFO c.h.h.t.HelmChartContainer - [hivemq-test-hivemq-platform] [hivemq-platform-operator] [1484d44a] 13:57:08.241 [pool-6-thread-47] DEBUG c.h.p.o.d.PodServiceAccountResource - [helmlega] Desired PodServiceAccountResource (serviceAccountName: hivemq-platform-pod-test-hivemq-legacy-platform)
2025-01-29 13:57:08,250 INFO c.h.h.t.HelmChartContainer - [hivemq-test-hivemq-platform] [hivemq-platform-operator] [1484d44a] 13:57:08.249 [pool-6-thread-43] DEBUG c.h.p.o.dependants.PodInfoConfigMap - [helmlega] Update PodInfo ConfigMap
2025-01-29 13:57:08,518 INFO c.h.h.t.HelmChartContainer - [hivemq-test-hivemq-platform] [hivemq-platform-operator] [1484d44a] 13:57:08.517 [pool-6-thread-50] DEBUG c.h.p.o.d.StatefulSetResource - [helmlega] Actual selector match labels: {app=hivemq, hivemq-cluster=test-hivemq-legacy-platform}
2025-01-29 13:57:08,518 INFO c.h.h.t.HelmChartContainer - [hivemq-test-hivemq-platform] [hivemq-platform-operator] [1484d44a] 13:57:08.517 [pool-6-thread-50] DEBUG c.h.p.o.d.StatefulSetResource - [helmlega] Target selector match labels: {hivemq-platform=test-hivemq-legacy-platform}
2025-01-29 13:57:08,518 INFO c.h.h.t.HelmChartContainer - [hivemq-test-hivemq-platform] [hivemq-platform-operator] [1484d44a] 13:57:08.517 [pool-6-thread-50] INFO  c.h.p.o.d.StatefulSetResource - [helmlega] Detected change of immutable fields in StatefulSet specification, will re-create the StatefulSet
2025-01-29 13:57:08,608 INFO c.h.h.t.HelmChartContainer - [hivemq-test-hivemq-platform] [hivemq-platform-operator] [1484d44a] 13:57:08.607 [pool-6-thread-50] INFO  c.h.p.o.d.StatefulSetResource - [helmlega] Fixing labels on Pod 'test-hivemq-legacy-platform-0'
2025-01-29 13:57:08,631 INFO c.h.h.t.HelmChartContainer - [POD] test-hivemq-legacy-platform-0 [a7da5cfe-cafb-444f-9c1d-a9021d1fa654] in helmlegacystatefulsetmigrationit-operator was MODIFIED
2025-01-29 13:57:08,735 INFO c.h.h.t.HelmChartContainer - [POD] test-hivemq-legacy-platform-0 [a7da5cfe-cafb-444f-9c1d-a9021d1fa654] in helmlegacystatefulsetmigrationit-operator was MODIFIED
2025-01-29 13:57:08,739 INFO c.h.h.t.HelmChartContainer - [K3S] [stateful_set.go:438] "Unhandled Error" err="error syncing StatefulSet helmlegacystatefulsetmigrationit-operator/test-hivemq-legacy-platform, requeuing: can't adopt ControllerRevisions: helmlegacystatefulsetmigrationit-operator/test-hivemq-legacy-platform has just been deleted at 2025-01-29 13:57:08 +0000 UTC"
2025-01-29 13:57:08,747 INFO c.h.h.t.HelmChartContainer - [K3S] [stateful_set.go:438] "Unhandled Error" err="error syncing StatefulSet helmlegacystatefulsetmigrationit-operator/test-hivemq-legacy-platform, requeuing: can't adopt ControllerRevisions: can't recheck DeletionTimestamp: statefulsets.apps \"test-hivemq-legacy-platform\" not found"
2025-01-29 13:57:08,755 INFO c.h.h.t.HelmChartContainer - [K3S] [stateful_set.go:466] "StatefulSet has been deleted" key="helmlegacystatefulsetmigrationit-operator/test-hivemq-legacy-platform"
2025-01-29 13:57:08,759 INFO c.h.h.t.HelmChartContainer - [K3S] [stateful_set.go:466] "StatefulSet has been deleted" key="helmlegacystatefulsetmigrationit-operator/test-hivemq-legacy-platform"
2025-01-29 13:57:08,927 INFO c.h.h.t.HelmChartContainer - [hivemq-test-hivemq-platform] [hivemq-platform-operator] [1484d44a] 13:57:08.926 [pool-6-thread-50] INFO  c.h.p.o.d.StatefulSetResource - [helmlega] StatefulSet needs to be re-created, stopping current reconciliation
2025-01-29 13:57:08,927 INFO c.h.h.t.HelmChartContainer - [hivemq-test-hivemq-platform] [hivemq-platform-operator] [1484d44a] 13:57:08.926 [ReconcilerExecutor-hivemq-controller-98] INFO  c.h.p.o.HiveMQPlatformReconciler - [helmlega] Reconciling HiveMQ Platform 'test-hivemq-legacy-platform' in namespace 'helmlegacystatefulsetmigrationit-operator'
2025-01-29 13:57:08,927 INFO c.h.h.t.HelmChartContainer - [hivemq-test-hivemq-platform] [hivemq-platform-operator] [1484d44a] 13:57:08.926 [ReconcilerExecutor-hivemq-controller-98] DEBUG c.h.p.o.HiveMQPlatformReconciler - [helmlega] Custom Resource Status RUNNING - HiveMQ Platform is ready (READY) (reconciliation requests: REQUESTS_UPDATED, ROLLING_RESTART)
2025-01-29 13:57:08,928 INFO c.h.h.t.HelmChartContainer - [hivemq-test-hivemq-platform] [hivemq-platform-operator] [1484d44a] 13:57:08.926 [ReconcilerExecutor-hivemq-controller-98] DEBUG c.h.p.o.HiveMQPlatformReconciler - [helmlega] Custom Resource Spec (replicas: 1) (extensions: 2)
2025-01-29 13:57:08,930 INFO c.h.h.t.HelmChartContainer - [hivemq-test-hivemq-platform] [hivemq-platform-operator] [1484d44a] 13:57:08.929 [ReconcilerExecutor-hivemq-controller-98] DEBUG c.h.p.o.HiveMQPlatformReconciler - [helmlega] StatefulSet is not ready yet
2025-01-29 13:57:08,931 INFO c.h.h.t.HelmChartContainer - [hivemq-test-hivemq-platform] [hivemq-platform-operator] [1484d44a] 13:57:08.929 [ReconcilerExecutor-hivemq-controller-98] DEBUG c.h.p.o.h.AbstractHiveMQReconcilerStateHandler - [helmlega] HiveMQ Platform annotations have been updated, will update resource
2025-01-29 13:57:08,931 INFO c.h.h.t.HelmChartContainer - [hivemq-test-hivemq-platform] [hivemq-platform-operator] [1484d44a] 13:57:08.929 [ReconcilerExecutor-hivemq-controller-98] INFO  c.h.p.o.h.AbstractHiveMQReconcilerStateHandler - [helmlega] Update HiveMQ Platform Status (STATEFULSET_MIGRATION [STATEFULSET_MIGRATION_VALIDATION] -> RUNNING [READY]): HiveMQ Platform is ready (reconciliation requests: ROLLING_RESTART)
2025-01-29 13:57:09,013 DEBUG com.hivemq.helmcharts.util.K8sUtil - Comparing actual state 'RUNNING' and waiting for 'ROLLING_RESTART'
2025-01-29 13:57:09,017 INFO c.h.h.t.HelmChartContainer - [hivemq-test-hivemq-platform] [hivemq-platform-operator] [1484d44a] 13:57:09.015 [pool-6-thread-6] DEBUG c.h.p.o.d.PlatformServiceResource - [helmlega] Desired Platform services (4 services)
2025-01-29 13:57:09,020 INFO c.h.h.t.HelmChartContainer - [hivemq-test-hivemq-platform] [hivemq-platform-operator] [1484d44a] 13:57:09.017 [pool-6-thread-3] DEBUG c.h.p.o.dependants.PodInfoConfigMap - [helmlega] Desired PodInfo ConfigMap (2 extensions) (1 enabled)
2025-01-29 13:57:09,020 INFO c.h.h.t.HelmChartContainer - [hivemq-test-hivemq-platform] [hivemq-platform-operator] [1484d44a] 13:57:09.017 [pool-6-thread-3] DEBUG c.h.p.o.dependants.PodInfoConfigMap - [helmlega] Desired PodInfo ConfigMap (metrics port: 9399) (metrics path: /)
2025-01-29 13:57:09,020 INFO c.h.h.t.HelmChartContainer - [hivemq-test-hivemq-platform] [hivemq-platform-operator] [1484d44a] 13:57:09.018 [pool-6-thread-3] DEBUG c.h.p.o.dependants.PodInfoConfigMap - [helmlega] Desired PodInfo ConfigMap (extension state hash: 259316804)
2025-01-29 13:57:09,020 INFO c.h.h.t.HelmChartContainer - [hivemq-test-hivemq-platform] [hivemq-platform-operator] [1484d44a] 13:57:09.016 [pool-6-thread-8] DEBUG c.h.p.o.d.PodServiceAccountResource - [helmlega] Desired PodServiceAccountResource (serviceAccountName: hivemq-platform-pod-test-hivemq-legacy-platform)
2025-01-29 13:57:09,105 INFO c.h.h.t.HelmChartContainer - [hivemq-test-hivemq-platform] [hivemq-platform-operator] [1484d44a] 13:57:09.103 [pool-6-thread-6] DEBUG c.h.p.o.d.StatefulSetResource - [helmlega] Desired StatefulSet (1 replicas) for status RUNNING (READY)
2025-01-29 13:57:09,118 INFO c.h.h.t.HelmChartContainer - [hivemq-test-hivemq-platform] [hivemq-platform-operator] [1484d44a] 13:57:09.116 [pool-6-thread-6] DEBUG c.h.p.o.d.StatefulSetResource - [helmlega] Create StatefulSet
2025-01-29 13:57:09,141 INFO c.h.h.t.HelmChartContainer - [POD] test-hivemq-legacy-platform-0 [a7da5cfe-cafb-444f-9c1d-a9021d1fa654] in helmlegacystatefulsetmigrationit-operator was MODIFIED
2025-01-29 13:57:09,206 INFO c.h.h.t.HelmChartContainer - [hivemq-test-hivemq-platform] [hivemq-platform-operator] [1484d44a] 13:57:09.204 [ReconcilerExecutor-hivemq-controller-110] INFO  c.h.p.o.HiveMQPlatformReconciler - [helmlega] Reconciling HiveMQ Platform 'test-hivemq-legacy-platform' in namespace 'helmlegacystatefulsetmigrationit-operator'
2025-01-29 13:57:09,208 INFO c.h.h.t.HelmChartContainer - [hivemq-test-hivemq-platform] [hivemq-platform-operator] [1484d44a] 13:57:09.205 [ReconcilerExecutor-hivemq-controller-110] DEBUG c.h.p.o.HiveMQPlatformReconciler - [helmlega] Custom Resource Status RUNNING - HiveMQ Platform is ready (READY) (reconciliation requests: ROLLING_RESTART)
2025-01-29 13:57:09,208 INFO c.h.h.t.HelmChartContainer - [hivemq-test-hivemq-platform] [hivemq-platform-operator] [1484d44a] 13:57:09.205 [ReconcilerExecutor-hivemq-controller-110] DEBUG c.h.p.o.HiveMQPlatformReconciler - [helmlega] Custom Resource Spec (replicas: 1) (extensions: 2)
2025-01-29 13:57:09,209 INFO c.h.h.t.HelmChartContainer - [hivemq-test-hivemq-platform] [hivemq-platform-operator] [1484d44a] 13:57:09.207 [ReconcilerExecutor-hivemq-controller-110] DEBUG c.h.p.o.HiveMQPlatformReconciler - [helmlega] StatefulSet Status (revision: test-hivemq-legacy-platform-65df8dcb7f, replicas: 1, available: 1, ready: 1, current: 0, updated: 0)
2025-01-29 13:57:09,210 INFO c.h.h.t.HelmChartContainer - [hivemq-test-hivemq-platform] [hivemq-platform-operator] [1484d44a] 13:57:09.208 [ReconcilerExecutor-hivemq-controller-110] DEBUG c.h.p.o.HiveMQPlatformReconciler - [helmlega] StatefulSet Spec (replicas: 1, init containers: 1, containers: 1, volumes: 6)
2025-01-29 13:57:09,212 INFO c.h.h.t.HelmChartContainer - [hivemq-test-hivemq-platform] [hivemq-platform-operator] [1484d44a] 13:57:09.211 [ReconcilerExecutor-hivemq-controller-110] DEBUG c.h.p.o.h.HiveMQPlatformReconcilerErrorHandler - [helmlega] Pod 'test-hivemq-legacy-platform-0' phase Running
2025-01-29 13:57:09,214 INFO c.h.h.t.HelmChartContainer - [hivemq-test-hivemq-platform] [hivemq-platform-operator] [1484d44a] 13:57:09.213 [ReconcilerExecutor-hivemq-controller-110] INFO  c.h.p.o.h.HiveMQPlatformReconcilerBaseHandler - [helmlega] Started rolling restart (scaling to 2 replicas)
2025-01-29 13:57:09,313 INFO c.h.h.t.HelmChartContainer - [hivemq-test-hivemq-platform] [hivemq-platform-operator] [1484d44a] 13:57:09.312 [ReconcilerExecutor-hivemq-controller-110] DEBUG c.h.p.operator.event.EventSender - [helmlega] Creating K8s event rolling-restart-started: [RollingRestart] HiveMQ Platform is starting a surge Pod (rolling restart)
2025-01-29 13:57:09,318 INFO c.h.h.t.HelmChartContainer - [EVENT] Normal [RollingRestart] HiveMQ Platform is starting a surge Pod (rolling restart) [helmlegacystatefulsetmigrationit-operator:test-hivemq-legacy-platform]
2025-01-29 13:57:09,318 INFO c.h.h.t.HelmChartContainer - [hivemq-test-hivemq-platform] [hivemq-platform-operator] [1484d44a] 13:57:09.317 [ReconcilerExecutor-hivemq-controller-110] INFO  c.h.p.o.h.AbstractHiveMQReconcilerStateHandler - [helmlega] Update HiveMQ Platform Status (RUNNING [READY] -> ROLLING_RESTART [SURGE_IN_PROGRESS]): HiveMQ Platform is starting a surge Pod (rolling restart)
2025-01-29 13:57:09,326 DEBUG com.hivemq.helmcharts.util.K8sUtil - Comparing actual state 'ROLLING_RESTART' and waiting for 'ROLLING_RESTART'
2025-01-29 13:57:09,339 DEBUG com.hivemq.helmcharts.util.K8sUtil - Comparing actual state 'ROLLING_RESTART' and waiting for 'RUNNING'
2025-01-29 13:57:09,410 INFO c.h.h.t.HelmChartContainer - [hivemq-test-hivemq-platform] [hivemq-platform-operator] [1484d44a] 13:57:09.405 [pool-6-thread-17] DEBUG c.h.p.o.d.PlatformServiceResource - [helmlega] Desired Platform services (4 services)
2025-01-29 13:57:09,410 INFO c.h.h.t.HelmChartContainer - [hivemq-test-hivemq-platform] [hivemq-platform-operator] [1484d44a] 13:57:09.406 [pool-6-thread-14] DEBUG c.h.p.o.d.PodServiceAccountResource - [helmlega] Desired PodServiceAccountResource (serviceAccountName: hivemq-platform-pod-test-hivemq-legacy-platform)
2025-01-29 13:57:09,410 INFO c.h.h.t.HelmChartContainer - [hivemq-test-hivemq-platform] [hivemq-platform-operator] [1484d44a] 13:57:09.407 [pool-6-thread-18] DEBUG c.h.p.o.dependants.PodInfoConfigMap - [helmlega] Desired PodInfo ConfigMap (2 extensions) (1 enabled)
2025-01-29 13:57:09,410 INFO c.h.h.t.HelmChartContainer - [hivemq-test-hivemq-platform] [hivemq-platform-operator] [1484d44a] 13:57:09.407 [pool-6-thread-18] DEBUG c.h.p.o.dependants.PodInfoConfigMap - [helmlega] Desired PodInfo ConfigMap (metrics port: 9399) (metrics path: /)
2025-01-29 13:57:09,411 INFO c.h.h.t.HelmChartContainer - [hivemq-test-hivemq-platform] [hivemq-platform-operator] [1484d44a] 13:57:09.407 [pool-6-thread-18] DEBUG c.h.p.o.dependants.PodInfoConfigMap - [helmlega] Desired PodInfo ConfigMap (extension state hash: 259316804)
2025-01-29 13:57:09,411 INFO c.h.h.t.HelmChartContainer - [hivemq-test-hivemq-platform] [hivemq-platform-operator] [1484d44a] 13:57:09.408 [pool-6-thread-18] DEBUG c.h.p.o.dependants.PodInfoConfigMap - [helmlega] Update PodInfo ConfigMap
2025-01-29 13:57:09,506 INFO c.h.h.t.HelmChartContainer - [hivemq-test-hivemq-platform] [hivemq-platform-operator] [1484d44a] 13:57:09.505 [pool-6-thread-18] DEBUG c.h.p.o.d.StatefulSetResource - [helmlega] Desired StatefulSet (2 replicas) for status ROLLING_RESTART (SURGE_IN_PROGRESS)
2025-01-29 13:57:09,512 INFO c.h.h.t.HelmChartContainer - [hivemq-test-hivemq-platform] [hivemq-platform-operator] [1484d44a] 13:57:09.511 [pool-6-thread-18] DEBUG c.h.p.o.d.StatefulSetResource - [helmlega] Update StatefulSet (replicas: 1 -> 2)
2025-01-29 13:57:09,530 INFO c.h.h.t.HelmChartContainer - [EVENT] Normal [SuccessfulCreate] create Claim data-test-hivemq-legacy-platform-1 Pod test-hivemq-legacy-platform-1 in StatefulSet test-hivemq-legacy-platform success [helmlegacystatefulsetmigrationit-operator:test-hivemq-legacy-platform]
2025-01-29 13:57:09,531 INFO c.h.h.t.HelmChartContainer - [EVENT] Normal [WaitForFirstConsumer] waiting for first consumer to be created before binding [helmlegacystatefulsetmigrationit-operator:data-test-hivemq-legacy-platform-1]
2025-01-29 13:57:09,534 INFO c.h.h.t.HelmChartContainer - [POD] test-hivemq-legacy-platform-1 [82cced63-ba7d-4c95-835a-2d557a689d20] in helmlegacystatefulsetmigrationit-operator was ADDED
2025-01-29 13:57:09,537 INFO c.h.h.t.HelmChartContainer - [EVENT] Normal [SuccessfulCreate] create Pod test-hivemq-legacy-platform-1 in StatefulSet test-hivemq-legacy-platform successful [helmlegacystatefulsetmigrationit-operator:test-hivemq-legacy-platform]
2025-01-29 13:57:09,544 INFO c.h.h.t.HelmChartContainer - [EVENT] Normal [ExternalProvisioning] Waiting for a volume to be created either by the external provisioner 'rancher.io/local-path' or manually by the system administrator. If volume creation is delayed, please verify that the provisioner is running and correctly registered. [helmlegacystatefulsetmigrationit-operator:data-test-hivemq-legacy-platform-1]
2025-01-29 13:57:09,548 INFO c.h.h.t.HelmChartContainer - [EVENT] Normal [ExternalProvisioning] Waiting for a volume to be created either by the external provisioner 'rancher.io/local-path' or manually by the system administrator. If volume creation is delayed, please verify that the provisioner is running and correctly registered. [helmlegacystatefulsetmigrationit-operator:data-test-hivemq-legacy-platform-1]
2025-01-29 13:57:09,550 INFO c.h.h.t.HelmChartContainer - [EVENT] Normal [Provisioning] External provisioner is provisioning volume for claim "helmlegacystatefulsetmigrationit-operator/data-test-hivemq-legacy-platform-1" [helmlegacystatefulsetmigrationit-operator:data-test-hivemq-legacy-platform-1]
2025-01-29 13:57:09,605 INFO c.h.h.t.HelmChartContainer - [hivemq-test-hivemq-platform] [hivemq-platform-operator] [1484d44a] 13:57:09.602 [ReconcilerExecutor-hivemq-controller-111] INFO  c.h.p.o.HiveMQPlatformReconciler - [helmlega] Reconciling HiveMQ Platform 'test-hivemq-legacy-platform' in namespace 'helmlegacystatefulsetmigrationit-operator'
2025-01-29 13:57:09,606 INFO c.h.h.t.HelmChartContainer - [hivemq-test-hivemq-platform] [hivemq-platform-operator] [1484d44a] 13:57:09.603 [ReconcilerExecutor-hivemq-controller-111] DEBUG c.h.p.o.HiveMQPlatformReconciler - [helmlega] Custom Resource Status ROLLING_RESTART - HiveMQ Platform is starting a surge Pod (rolling restart) (SURGE_IN_PROGRESS)
2025-01-29 13:57:09,607 INFO c.h.h.t.HelmChartContainer - [hivemq-test-hivemq-platform] [hivemq-platform-operator] [1484d44a] 13:57:09.603 [ReconcilerExecutor-hivemq-controller-111] DEBUG c.h.p.o.HiveMQPlatformReconciler - [helmlega] Custom Resource Spec (replicas: 1) (extensions: 2)
2025-01-29 13:57:09,607 INFO c.h.h.t.HelmChartContainer - [hivemq-test-hivemq-platform] [hivemq-platform-operator] [1484d44a] 13:57:09.606 [ReconcilerExecutor-hivemq-controller-111] DEBUG c.h.p.o.HiveMQPlatformReconciler - [helmlega] StatefulSet Status (revision: test-hivemq-legacy-platform-65df8dcb7f, replicas: 2, available: 1, ready: 1, current: 1, updated: 1)
2025-01-29 13:57:09,607 INFO c.h.h.t.HelmChartContainer - [hivemq-test-hivemq-platform] [hivemq-platform-operator] [1484d44a] 13:57:09.606 [ReconcilerExecutor-hivemq-controller-111] DEBUG c.h.p.o.HiveMQPlatformReconciler - [helmlega] StatefulSet Spec (replicas: 2, init containers: 1, containers: 1, volumes: 6)
2025-01-29 13:57:09,609 INFO c.h.h.t.HelmChartContainer - [hivemq-test-hivemq-platform] [hivemq-platform-operator] [1484d44a] 13:57:09.608 [ReconcilerExecutor-hivemq-controller-111] DEBUG c.h.p.o.h.HiveMQPlatformReconcilerErrorHandler - [helmlega] Pod 'test-hivemq-legacy-platform-1' phase Pending
2025-01-29 13:57:09,611 INFO c.h.h.t.HelmChartContainer - [hivemq-test-hivemq-platform] [hivemq-platform-operator] [1484d44a] 13:57:09.610 [ReconcilerExecutor-hivemq-controller-111] DEBUG c.h.p.o.h.HiveMQPlatformReconcilerErrorHandler - [helmlega] Pod 'test-hivemq-legacy-platform-0' phase Running
2025-01-29 13:57:09,612 INFO c.h.h.t.HelmChartContainer - [hivemq-test-hivemq-platform] [hivemq-platform-operator] [1484d44a] 13:57:09.611 [ReconcilerExecutor-hivemq-controller-111] DEBUG c.h.p.o.h.HiveMQPlatformReconcilerRollingRestartHandler - [helmlega] Rolling restart is waiting for 1 of 2 replicas
2025-01-29 13:57:09,617 INFO c.h.h.t.HelmChartContainer - [hivemq-test-hivemq-platform] [hivemq-platform-operator] [1484d44a] 13:57:09.615 [pool-6-thread-27] DEBUG c.h.p.o.d.PlatformServiceResource - [helmlega] Desired Platform services (4 services)
2025-01-29 13:57:09,618 INFO c.h.h.t.HelmChartContainer - [hivemq-test-hivemq-platform] [hivemq-platform-operator] [1484d44a] 13:57:09.617 [pool-6-thread-25] DEBUG c.h.p.o.d.PodServiceAccountResource - [helmlega] Desired PodServiceAccountResource (serviceAccountName: hivemq-platform-pod-test-hivemq-legacy-platform)
2025-01-29 13:57:09,619 INFO c.h.h.t.HelmChartContainer - [hivemq-test-hivemq-platform] [hivemq-platform-operator] [1484d44a] 13:57:09.619 [pool-6-thread-21] DEBUG c.h.p.o.dependants.PodInfoConfigMap - [helmlega] Desired PodInfo ConfigMap (2 extensions) (1 enabled)
2025-01-29 13:57:09,620 INFO c.h.h.t.HelmChartContainer - [hivemq-test-hivemq-platform] [hivemq-platform-operator] [1484d44a] 13:57:09.619 [pool-6-thread-21] DEBUG c.h.p.o.dependants.PodInfoConfigMap - [helmlega] Desired PodInfo ConfigMap (metrics port: 9399) (metrics path: /)
2025-01-29 13:57:09,620 INFO c.h.h.t.HelmChartContainer - [hivemq-test-hivemq-platform] [hivemq-platform-operator] [1484d44a] 13:57:09.619 [pool-6-thread-21] DEBUG c.h.p.o.dependants.PodInfoConfigMap - [helmlega] Desired PodInfo ConfigMap (extension state hash: 259316804)
2025-01-29 13:57:09,632 INFO c.h.h.t.HelmChartContainer - [POD] helper-pod-create-pvc-b2b631d1-2164-4f71-af39-8aba82aaa4f0 [6e54931a-182d-455c-a8ef-b2a8373dbfb1] in kube-system was ADDED
2025-01-29 13:57:09,639 INFO c.h.h.t.HelmChartContainer - [POD] helper-pod-create-pvc-b2b631d1-2164-4f71-af39-8aba82aaa4f0 [6e54931a-182d-455c-a8ef-b2a8373dbfb1] in kube-system was MODIFIED
2025-01-29 13:57:09,710 INFO c.h.h.t.HelmChartContainer - [hivemq-test-hivemq-platform] [hivemq-platform-operator] [1484d44a] 13:57:09.709 [pool-6-thread-28] DEBUG c.h.p.o.d.StatefulSetResource - [helmlega] Desired StatefulSet (2 replicas) for status ROLLING_RESTART (SURGE_IN_PROGRESS)
2025-01-29 13:57:09,716 INFO c.h.h.t.HelmChartContainer - [hivemq-test-hivemq-platform] [hivemq-platform-operator] [1484d44a] 13:57:09.715 [ReconcilerExecutor-hivemq-controller-112] INFO  c.h.p.o.HiveMQPlatformReconciler - [helmlega] Reconciling HiveMQ Platform 'test-hivemq-legacy-platform' in namespace 'helmlegacystatefulsetmigrationit-operator'
2025-01-29 13:57:09,717 INFO c.h.h.t.HelmChartContainer - [hivemq-test-hivemq-platform] [hivemq-platform-operator] [1484d44a] 13:57:09.715 [ReconcilerExecutor-hivemq-controller-112] DEBUG c.h.p.o.HiveMQPlatformReconciler - [helmlega] Custom Resource Status ROLLING_RESTART - HiveMQ Platform is starting a surge Pod (rolling restart) (SURGE_IN_PROGRESS)
2025-01-29 13:57:09,717 INFO c.h.h.t.HelmChartContainer - [hivemq-test-hivemq-platform] [hivemq-platform-operator] [1484d44a] 13:57:09.715 [ReconcilerExecutor-hivemq-controller-112] DEBUG c.h.p.o.HiveMQPlatformReconciler - [helmlega] Custom Resource Spec (replicas: 1) (extensions: 2)
2025-01-29 13:57:09,744 INFO c.h.h.t.HelmChartContainer - [K3S] [reconciler_common.go:251] "operationExecutor.VerifyControllerAttachedVolume started for volume \"kube-api-access-7z5jw\" (UniqueName: \"kubernetes.io/projected/6e54931a-182d-455c-a8ef-b2a8373dbfb1-kube-api-access-7z5jw\") pod \"helper-pod-create-pvc-b2b631d1-2164-4f71-af39-8aba82aaa4f0\" (UID: \"6e54931a-182d-455c-a8ef-b2a8373dbfb1\") " pod="kube-system/helper-pod-create-pvc-b2b631d1-2164-4f71-af39-8aba82aaa4f0"
2025-01-29 13:57:09,744 INFO c.h.h.t.HelmChartContainer - [K3S] [reconciler_common.go:251] "operationExecutor.VerifyControllerAttachedVolume started for volume \"data\" (UniqueName: \"kubernetes.io/host-path/6e54931a-182d-455c-a8ef-b2a8373dbfb1-data\") pod \"helper-pod-create-pvc-b2b631d1-2164-4f71-af39-8aba82aaa4f0\" (UID: \"6e54931a-182d-455c-a8ef-b2a8373dbfb1\") " pod="kube-system/helper-pod-create-pvc-b2b631d1-2164-4f71-af39-8aba82aaa4f0"
2025-01-29 13:57:09,744 INFO c.h.h.t.HelmChartContainer - [K3S] [reconciler_common.go:251] "operationExecutor.VerifyControllerAttachedVolume started for volume \"script\" (UniqueName: \"kubernetes.io/configmap/6e54931a-182d-455c-a8ef-b2a8373dbfb1-script\") pod \"helper-pod-create-pvc-b2b631d1-2164-4f71-af39-8aba82aaa4f0\" (UID: \"6e54931a-182d-455c-a8ef-b2a8373dbfb1\") " pod="kube-system/helper-pod-create-pvc-b2b631d1-2164-4f71-af39-8aba82aaa4f0"
2025-01-29 13:57:09,804 INFO c.h.h.t.HelmChartContainer - [hivemq-test-hivemq-platform] [hivemq-platform-operator] [1484d44a] 13:57:09.802 [ReconcilerExecutor-hivemq-controller-112] DEBUG c.h.p.o.HiveMQPlatformReconciler - [helmlega] StatefulSet Status (revision: test-hivemq-legacy-platform-65df8dcb7f, replicas: 2, available: 1, ready: 1, current: 1, updated: 1)
2025-01-29 13:57:09,804 INFO c.h.h.t.HelmChartContainer - [hivemq-test-hivemq-platform] [hivemq-platform-operator] [1484d44a] 13:57:09.802 [ReconcilerExecutor-hivemq-controller-112] DEBUG c.h.p.o.HiveMQPlatformReconciler - [helmlega] StatefulSet Spec (replicas: 2, init containers: 1, containers: 1, volumes: 6)
2025-01-29 13:57:09,805 INFO c.h.h.t.HelmChartContainer - [hivemq-test-hivemq-platform] [hivemq-platform-operator] [1484d44a] 13:57:09.804 [ReconcilerExecutor-hivemq-controller-112] DEBUG c.h.p.o.h.HiveMQPlatformReconcilerErrorHandler - [helmlega] Pod 'test-hivemq-legacy-platform-1' phase Pending
2025-01-29 13:57:09,808 INFO c.h.h.t.HelmChartContainer - [hivemq-test-hivemq-platform] [hivemq-platform-operator] [1484d44a] 13:57:09.807 [ReconcilerExecutor-hivemq-controller-112] DEBUG c.h.p.o.h.HiveMQPlatformReconcilerErrorHandler - [helmlega] Pod 'test-hivemq-legacy-platform-0' phase Running
2025-01-29 13:57:09,809 INFO c.h.h.t.HelmChartContainer - [hivemq-test-hivemq-platform] [hivemq-platform-operator] [1484d44a] 13:57:09.808 [ReconcilerExecutor-hivemq-controller-112] DEBUG c.h.p.o.h.HiveMQPlatformReconcilerRollingRestartHandler - [helmlega] Rolling restart is waiting for 1 of 2 replicas
2025-01-29 13:57:10,790 INFO c.h.h.t.HelmChartContainer - [POD] helper-pod-create-pvc-b2b631d1-2164-4f71-af39-8aba82aaa4f0 [6e54931a-182d-455c-a8ef-b2a8373dbfb1] in kube-system was MODIFIED
2025-01-29 13:57:11,875 INFO c.h.h.t.HelmChartContainer - [POD] helper-pod-create-pvc-b2b631d1-2164-4f71-af39-8aba82aaa4f0 [6e54931a-182d-455c-a8ef-b2a8373dbfb1] in kube-system was MODIFIED
2025-01-29 13:57:12,056 INFO c.h.h.t.HelmChartContainer - [K3S] [reconciler_common.go:162] "operationExecutor.UnmountVolume started for volume \"data\" (UniqueName: \"kubernetes.io/host-path/6e54931a-182d-455c-a8ef-b2a8373dbfb1-data\") pod \"6e54931a-182d-455c-a8ef-b2a8373dbfb1\" (UID: \"6e54931a-182d-455c-a8ef-b2a8373dbfb1\") "
2025-01-29 13:57:12,056 INFO c.h.h.t.HelmChartContainer - [K3S] [reconciler_common.go:162] "operationExecutor.UnmountVolume started for volume \"script\" (UniqueName: \"kubernetes.io/configmap/6e54931a-182d-455c-a8ef-b2a8373dbfb1-script\") pod \"6e54931a-182d-455c-a8ef-b2a8373dbfb1\" (UID: \"6e54931a-182d-455c-a8ef-b2a8373dbfb1\") "
2025-01-29 13:57:12,056 INFO c.h.h.t.HelmChartContainer - [K3S] [reconciler_common.go:162] "operationExecutor.UnmountVolume started for volume \"kube-api-access-7z5jw\" (UniqueName: \"kubernetes.io/projected/6e54931a-182d-455c-a8ef-b2a8373dbfb1-kube-api-access-7z5jw\") pod \"6e54931a-182d-455c-a8ef-b2a8373dbfb1\" (UID: \"6e54931a-182d-455c-a8ef-b2a8373dbfb1\") "
2025-01-29 13:57:12,157 INFO c.h.h.t.HelmChartContainer - [K3S] [reconciler_common.go:299] "Volume detached for volume \"data\" (UniqueName: \"kubernetes.io/host-path/6e54931a-182d-455c-a8ef-b2a8373dbfb1-data\") on node \"06a12a63912a\" DevicePath \"\""
2025-01-29 13:57:12,157 INFO c.h.h.t.HelmChartContainer - [K3S] [reconciler_common.go:299] "Volume detached for volume \"script\" (UniqueName: \"kubernetes.io/configmap/6e54931a-182d-455c-a8ef-b2a8373dbfb1-script\") on node \"06a12a63912a\" DevicePath \"\""
2025-01-29 13:57:12,157 INFO c.h.h.t.HelmChartContainer - [K3S] [reconciler_common.go:299] "Volume detached for volume \"kube-api-access-7z5jw\" (UniqueName: \"kubernetes.io/projected/6e54931a-182d-455c-a8ef-b2a8373dbfb1-kube-api-access-7z5jw\") on node \"06a12a63912a\" DevicePath \"\""
2025-01-29 13:57:12,654 INFO c.h.h.t.HelmChartContainer - [POD] helper-pod-create-pvc-b2b631d1-2164-4f71-af39-8aba82aaa4f0 [6e54931a-182d-455c-a8ef-b2a8373dbfb1] in kube-system was MODIFIED
2025-01-29 13:57:12,655 INFO c.h.h.t.HelmChartContainer - [POD] helper-pod-create-pvc-b2b631d1-2164-4f71-af39-8aba82aaa4f0 [6e54931a-182d-455c-a8ef-b2a8373dbfb1] in kube-system was DELETED
2025-01-29 13:57:12,664 INFO c.h.h.t.HelmChartContainer - [EVENT] Normal [ProvisioningSucceeded] Successfully provisioned volume pvc-b2b631d1-2164-4f71-af39-8aba82aaa4f0 [helmlegacystatefulsetmigrationit-operator:data-test-hivemq-legacy-platform-1]
2025-01-29 13:57:12,787 INFO c.h.h.t.HelmChartContainer - [K3S] [pod_container_deletor.go:80] "Container not found in pod's containers" containerID="a84c21e14096751d1553843798791d3bf89179b4396d8c05f28ca7f9b5db4eaa"
2025-01-29 13:57:12,793 INFO c.h.h.t.HelmChartContainer - [K3S] [status_manager.go:890] "Failed to get status for pod" podUID="6e54931a-182d-455c-a8ef-b2a8373dbfb1" pod="kube-system/helper-pod-create-pvc-b2b631d1-2164-4f71-af39-8aba82aaa4f0" err="pods \"helper-pod-create-pvc-b2b631d1-2164-4f71-af39-8aba82aaa4f0\" is forbidden: User \"system:node:06a12a63912a\" cannot get resource \"pods\" in API group \"\" in the namespace \"kube-system\": no relationship found between node '06a12a63912a' and this object"
2025-01-29 13:57:13,461 INFO c.h.h.t.HelmChartContainer - [K3S] [status_manager.go:890] "Failed to get status for pod" podUID="6e54931a-182d-455c-a8ef-b2a8373dbfb1" pod="kube-system/helper-pod-create-pvc-b2b631d1-2164-4f71-af39-8aba82aaa4f0" err="pods \"helper-pod-create-pvc-b2b631d1-2164-4f71-af39-8aba82aaa4f0\" is forbidden: User \"system:node:06a12a63912a\" cannot get resource \"pods\" in API group \"\" in the namespace \"kube-system\": no relationship found between node '06a12a63912a' and this object"
2025-01-29 13:57:13,463 INFO c.h.h.t.HelmChartContainer - [K3S] [kubelet_volumes.go:163] "Cleaned up orphaned pod volumes dir" podUID="6e54931a-182d-455c-a8ef-b2a8373dbfb1" path="/var/lib/kubelet/pods/6e54931a-182d-455c-a8ef-b2a8373dbfb1/volumes"
2025-01-29 13:57:13,544 INFO c.h.h.t.HelmChartContainer - [K3S] [memory_manager.go:355] "RemoveStaleState removing state" podUID="6e54931a-182d-455c-a8ef-b2a8373dbfb1" containerName="helper-pod"
2025-01-29 13:57:13,545 INFO c.h.h.t.HelmChartContainer - [POD] test-hivemq-legacy-platform-1 [82cced63-ba7d-4c95-835a-2d557a689d20] in helmlegacystatefulsetmigrationit-operator was MODIFIED
2025-01-29 13:57:13,548 INFO c.h.h.t.HelmChartContainer - [EVENT] Normal [Scheduled] Successfully assigned helmlegacystatefulsetmigrationit-operator/test-hivemq-legacy-platform-1 to 06a12a63912a [helmlegacystatefulsetmigrationit-operator:test-hivemq-legacy-platform-1]
2025-01-29 13:57:13,552 INFO c.h.h.t.HelmChartContainer - [hivemq-test-hivemq-platform] [hivemq-platform-operator] [1484d44a] 13:57:13.550 [pool-6-thread-35] DEBUG c.h.p.o.d.PlatformServiceResource - [helmlega] Desired Platform services (4 services)
2025-01-29 13:57:13,552 INFO c.h.h.t.HelmChartContainer - [hivemq-test-hivemq-platform] [hivemq-platform-operator] [1484d44a] 13:57:13.551 [pool-6-thread-32] DEBUG c.h.p.o.d.PodServiceAccountResource - [helmlega] Desired PodServiceAccountResource (serviceAccountName: hivemq-platform-pod-test-hivemq-legacy-platform)
2025-01-29 13:57:13,555 INFO c.h.h.t.HelmChartContainer - [hivemq-test-hivemq-platform] [hivemq-platform-operator] [1484d44a] 13:57:13.550 [pool-6-thread-37] DEBUG c.h.p.o.dependants.PodInfoConfigMap - [helmlega] Desired PodInfo ConfigMap (2 extensions) (1 enabled)
2025-01-29 13:57:13,556 INFO c.h.h.t.HelmChartContainer - [hivemq-test-hivemq-platform] [hivemq-platform-operator] [1484d44a] 13:57:13.554 [pool-6-thread-37] DEBUG c.h.p.o.dependants.PodInfoConfigMap - [helmlega] Desired PodInfo ConfigMap (metrics port: 9399) (metrics path: /)
2025-01-29 13:57:13,557 INFO c.h.h.t.HelmChartContainer - [hivemq-test-hivemq-platform] [hivemq-platform-operator] [1484d44a] 13:57:13.554 [pool-6-thread-37] DEBUG c.h.p.o.dependants.PodInfoConfigMap - [helmlega] Desired PodInfo ConfigMap (extension state hash: 259316804)
2025-01-29 13:57:13,567 INFO c.h.h.t.HelmChartContainer - [hivemq-test-hivemq-platform] [hivemq-platform-operator] [1484d44a] 13:57:13.562 [pool-6-thread-32] DEBUG c.h.p.o.d.StatefulSetResource - [helmlega] Desired StatefulSet (2 replicas) for status ROLLING_RESTART (SURGE_IN_PROGRESS)
2025-01-29 13:57:13,569 INFO c.h.h.t.HelmChartContainer - [POD] test-hivemq-legacy-platform-1 [82cced63-ba7d-4c95-835a-2d557a689d20] in helmlegacystatefulsetmigrationit-operator was MODIFIED
2025-01-29 13:57:13,656 INFO c.h.h.t.HelmChartContainer - [hivemq-test-hivemq-platform] [hivemq-platform-operator] [1484d44a] 13:57:13.654 [ReconcilerExecutor-hivemq-controller-113] INFO  c.h.p.o.HiveMQPlatformReconciler - [helmlega] Reconciling HiveMQ Platform 'test-hivemq-legacy-platform' in namespace 'helmlegacystatefulsetmigrationit-operator'
2025-01-29 13:57:13,656 INFO c.h.h.t.HelmChartContainer - [hivemq-test-hivemq-platform] [hivemq-platform-operator] [1484d44a] 13:57:13.654 [ReconcilerExecutor-hivemq-controller-113] DEBUG c.h.p.o.HiveMQPlatformReconciler - [helmlega] Custom Resource Status ROLLING_RESTART - HiveMQ Platform is starting a surge Pod (rolling restart) (SURGE_IN_PROGRESS)
2025-01-29 13:57:13,656 INFO c.h.h.t.HelmChartContainer - [hivemq-test-hivemq-platform] [hivemq-platform-operator] [1484d44a] 13:57:13.654 [ReconcilerExecutor-hivemq-controller-113] DEBUG c.h.p.o.HiveMQPlatformReconciler - [helmlega] Custom Resource Spec (replicas: 1) (extensions: 2)
2025-01-29 13:57:13,659 INFO c.h.h.t.HelmChartContainer - [hivemq-test-hivemq-platform] [hivemq-platform-operator] [1484d44a] 13:57:13.658 [ReconcilerExecutor-hivemq-controller-113] DEBUG c.h.p.o.HiveMQPlatformReconciler - [helmlega] StatefulSet Status (revision: test-hivemq-legacy-platform-65df8dcb7f, replicas: 2, available: 1, ready: 1, current: 1, updated: 1)
2025-01-29 13:57:13,659 INFO c.h.h.t.HelmChartContainer - [hivemq-test-hivemq-platform] [hivemq-platform-operator] [1484d44a] 13:57:13.658 [ReconcilerExecutor-hivemq-controller-113] DEBUG c.h.p.o.HiveMQPlatformReconciler - [helmlega] StatefulSet Spec (replicas: 2, init containers: 1, containers: 1, volumes: 6)
2025-01-29 13:57:13,661 INFO c.h.h.t.HelmChartContainer - [hivemq-test-hivemq-platform] [hivemq-platform-operator] [1484d44a] 13:57:13.660 [ReconcilerExecutor-hivemq-controller-113] DEBUG c.h.p.o.h.HiveMQPlatformReconcilerErrorHandler - [helmlega] Pod 'test-hivemq-legacy-platform-1' phase Pending
2025-01-29 13:57:13,661 INFO c.h.h.t.HelmChartContainer - [hivemq-test-hivemq-platform] [hivemq-platform-operator] [1484d44a] 13:57:13.660 [ReconcilerExecutor-hivemq-controller-113] DEBUG c.h.p.o.h.HiveMQPlatformReconcilerErrorHandler - [helmlega] Pod 'test-hivemq-legacy-platform-1' condition 'PodReadyToStartContainers': False
2025-01-29 13:57:13,666 INFO c.h.h.t.HelmChartContainer - [K3S] [reconciler_common.go:251] "operationExecutor.VerifyControllerAttachedVolume started for volume \"operator-init\" (UniqueName: \"kubernetes.io/empty-dir/82cced63-ba7d-4c95-835a-2d557a689d20-operator-init\") pod \"test-hivemq-legacy-platform-1\" (UID: \"82cced63-ba7d-4c95-835a-2d557a689d20\") " pod="helmlegacystatefulsetmigrationit-operator/test-hivemq-legacy-platform-1"
2025-01-29 13:57:13,666 INFO c.h.h.t.HelmChartContainer - [K3S] [reconciler_common.go:251] "operationExecutor.VerifyControllerAttachedVolume started for volume \"kube-api-access-rk7dg\" (UniqueName: \"kubernetes.io/projected/82cced63-ba7d-4c95-835a-2d557a689d20-kube-api-access-rk7dg\") pod \"test-hivemq-legacy-platform-1\" (UID: \"82cced63-ba7d-4c95-835a-2d557a689d20\") " pod="helmlegacystatefulsetmigrationit-operator/test-hivemq-legacy-platform-1"
2025-01-29 13:57:13,666 INFO c.h.h.t.HelmChartContainer - [K3S] [reconciler_common.go:251] "operationExecutor.VerifyControllerAttachedVolume started for volume \"ese-file-realm\" (UniqueName: \"kubernetes.io/configmap/82cced63-ba7d-4c95-835a-2d557a689d20-ese-file-realm\") pod \"test-hivemq-legacy-platform-1\" (UID: \"82cced63-ba7d-4c95-835a-2d557a689d20\") " pod="helmlegacystatefulsetmigrationit-operator/test-hivemq-legacy-platform-1"
2025-01-29 13:57:13,666 INFO c.h.h.t.HelmChartContainer - [K3S] [reconciler_common.go:251] "operationExecutor.VerifyControllerAttachedVolume started for volume \"pod-info\" (UniqueName: \"kubernetes.io/configmap/82cced63-ba7d-4c95-835a-2d557a689d20-pod-info\") pod \"test-hivemq-legacy-platform-1\" (UID: \"82cced63-ba7d-4c95-835a-2d557a689d20\") " pod="helmlegacystatefulsetmigrationit-operator/test-hivemq-legacy-platform-1"
2025-01-29 13:57:13,666 INFO c.h.h.t.HelmChartContainer - [K3S] [reconciler_common.go:251] "operationExecutor.VerifyControllerAttachedVolume started for volume \"extension-configuration-hivemq-enterprise-security-extension\" (UniqueName: \"kubernetes.io/configmap/82cced63-ba7d-4c95-835a-2d557a689d20-extension-configuration-hivemq-enterprise-security-extension\") pod \"test-hivemq-legacy-platform-1\" (UID: \"82cced63-ba7d-4c95-835a-2d557a689d20\") " pod="helmlegacystatefulsetmigrationit-operator/test-hivemq-legacy-platform-1"
2025-01-29 13:57:13,666 INFO c.h.h.t.HelmChartContainer - [K3S] [reconciler_common.go:251] "operationExecutor.VerifyControllerAttachedVolume started for volume \"broker-configuration\" (UniqueName: \"kubernetes.io/configmap/82cced63-ba7d-4c95-835a-2d557a689d20-broker-configuration\") pod \"test-hivemq-legacy-platform-1\" (UID: \"82cced63-ba7d-4c95-835a-2d557a689d20\") " pod="helmlegacystatefulsetmigrationit-operator/test-hivemq-legacy-platform-1"
2025-01-29 13:57:13,666 INFO c.h.h.t.HelmChartContainer - [K3S] [reconciler_common.go:251] "operationExecutor.VerifyControllerAttachedVolume started for volume \"pvc-b2b631d1-2164-4f71-af39-8aba82aaa4f0\" (UniqueName: \"kubernetes.io/local-volume/pvc-b2b631d1-2164-4f71-af39-8aba82aaa4f0\") pod \"test-hivemq-legacy-platform-1\" (UID: \"82cced63-ba7d-4c95-835a-2d557a689d20\") " pod="helmlegacystatefulsetmigrationit-operator/test-hivemq-legacy-platform-1"
2025-01-29 13:57:13,702 INFO c.h.h.t.HelmChartContainer - [hivemq-test-hivemq-platform] [hivemq-platform-operator] [1484d44a] 13:57:13.700 [ReconcilerExecutor-hivemq-controller-113] DEBUG c.h.p.o.h.HiveMQPlatformReconcilerErrorHandler - [helmlega] Pod 'test-hivemq-legacy-platform-1' condition 'Initialized': False
2025-01-29 13:57:13,702 INFO c.h.h.t.HelmChartContainer - [hivemq-test-hivemq-platform] [hivemq-platform-operator] [1484d44a] 13:57:13.700 [ReconcilerExecutor-hivemq-controller-113] DEBUG c.h.p.o.h.HiveMQPlatformReconcilerErrorHandler - [helmlega] Pod 'test-hivemq-legacy-platform-1' condition 'Ready': False
2025-01-29 13:57:13,702 INFO c.h.h.t.HelmChartContainer - [hivemq-test-hivemq-platform] [hivemq-platform-operator] [1484d44a] 13:57:13.700 [ReconcilerExecutor-hivemq-controller-113] DEBUG c.h.p.o.h.HiveMQPlatformReconcilerErrorHandler - [helmlega] Pod 'test-hivemq-legacy-platform-1' condition 'ContainersReady': False
2025-01-29 13:57:13,702 INFO c.h.h.t.HelmChartContainer - [hivemq-test-hivemq-platform] [hivemq-platform-operator] [1484d44a] 13:57:13.700 [ReconcilerExecutor-hivemq-controller-113] DEBUG c.h.p.o.h.HiveMQPlatformReconcilerErrorHandler - [helmlega] Pod 'test-hivemq-legacy-platform-1' condition 'PodScheduled': True
2025-01-29 13:57:13,702 INFO c.h.h.t.HelmChartContainer - [hivemq-test-hivemq-platform] [hivemq-platform-operator] [1484d44a] 13:57:13.701 [ReconcilerExecutor-hivemq-controller-113] DEBUG c.h.p.o.h.HiveMQPlatformReconcilerErrorHandler - [helmlega] Pod 'test-hivemq-legacy-platform-1' containerStatus 'hivemq' (started: false) (ready: false) (waiting: [PodInitializing] null)
2025-01-29 13:57:13,706 INFO c.h.h.t.HelmChartContainer - [hivemq-test-hivemq-platform] [hivemq-platform-operator] [1484d44a] 13:57:13.706 [ReconcilerExecutor-hivemq-controller-113] DEBUG c.h.p.o.h.HiveMQPlatformReconcilerErrorHandler - [helmlega] Pod 'test-hivemq-legacy-platform-0' phase Running
2025-01-29 13:57:13,708 INFO c.h.h.t.HelmChartContainer - [hivemq-test-hivemq-platform] [hivemq-platform-operator] [1484d44a] 13:57:13.707 [ReconcilerExecutor-hivemq-controller-113] DEBUG c.h.p.o.h.HiveMQPlatformReconcilerRollingRestartHandler - [helmlega] Rolling restart is waiting for 1 of 2 replicas
2025-01-29 13:57:13,757 INFO c.h.h.t.HelmChartContainer - [hivemq-test-hivemq-platform] [hivemq-platform-operator] [1484d44a] 13:57:13.753 [pool-6-thread-45] DEBUG c.h.p.o.d.PlatformServiceResource - [helmlega] Desired Platform services (4 services)
2025-01-29 13:57:13,758 INFO c.h.h.t.HelmChartContainer - [hivemq-test-hivemq-platform] [hivemq-platform-operator] [1484d44a] 13:57:13.754 [pool-6-thread-47] DEBUG c.h.p.o.dependants.PodInfoConfigMap - [helmlega] Desired PodInfo ConfigMap (2 extensions) (1 enabled)
2025-01-29 13:57:13,758 INFO c.h.h.t.HelmChartContainer - [hivemq-test-hivemq-platform] [hivemq-platform-operator] [1484d44a] 13:57:13.754 [pool-6-thread-47] DEBUG c.h.p.o.dependants.PodInfoConfigMap - [helmlega] Desired PodInfo ConfigMap (metrics port: 9399) (metrics path: /)
2025-01-29 13:57:13,758 INFO c.h.h.t.HelmChartContainer - [hivemq-test-hivemq-platform] [hivemq-platform-operator] [1484d44a] 13:57:13.755 [pool-6-thread-47] DEBUG c.h.p.o.dependants.PodInfoConfigMap - [helmlega] Desired PodInfo ConfigMap (extension state hash: 259316804)
2025-01-29 13:57:13,760 INFO c.h.h.t.HelmChartContainer - [hivemq-test-hivemq-platform] [hivemq-platform-operator] [1484d44a] 13:57:13.755 [pool-6-thread-46] DEBUG c.h.p.o.d.PodServiceAccountResource - [helmlega] Desired PodServiceAccountResource (serviceAccountName: hivemq-platform-pod-test-hivemq-legacy-platform)
2025-01-29 13:57:13,803 INFO c.h.h.t.HelmChartContainer - [hivemq-test-hivemq-platform] [hivemq-platform-operator] [1484d44a] 13:57:13.802 [pool-6-thread-45] DEBUG c.h.p.o.d.StatefulSetResource - [helmlega] Desired StatefulSet (2 replicas) for status ROLLING_RESTART (SURGE_IN_PROGRESS)
2025-01-29 13:57:13,854 INFO c.h.h.t.HelmChartContainer - [hivemq-test-hivemq-platform] [hivemq-platform-operator] [1484d44a] 13:57:13.852 [ReconcilerExecutor-hivemq-controller-114] INFO  c.h.p.o.HiveMQPlatformReconciler - [helmlega] Reconciling HiveMQ Platform 'test-hivemq-legacy-platform' in namespace 'helmlegacystatefulsetmigrationit-operator'
2025-01-29 13:57:13,854 INFO c.h.h.t.HelmChartContainer - [hivemq-test-hivemq-platform] [hivemq-platform-operator] [1484d44a] 13:57:13.852 [ReconcilerExecutor-hivemq-controller-114] DEBUG c.h.p.o.HiveMQPlatformReconciler - [helmlega] Custom Resource Status ROLLING_RESTART - HiveMQ Platform is starting a surge Pod (rolling restart) (SURGE_IN_PROGRESS)
2025-01-29 13:57:13,855 INFO c.h.h.t.HelmChartContainer - [hivemq-test-hivemq-platform] [hivemq-platform-operator] [1484d44a] 13:57:13.852 [ReconcilerExecutor-hivemq-controller-114] DEBUG c.h.p.o.HiveMQPlatformReconciler - [helmlega] Custom Resource Spec (replicas: 1) (extensions: 2)
2025-01-29 13:57:13,856 INFO c.h.h.t.HelmChartContainer - [hivemq-test-hivemq-platform] [hivemq-platform-operator] [1484d44a] 13:57:13.855 [ReconcilerExecutor-hivemq-controller-114] DEBUG c.h.p.o.HiveMQPlatformReconciler - [helmlega] StatefulSet Status (revision: test-hivemq-legacy-platform-65df8dcb7f, replicas: 2, available: 1, ready: 1, current: 1, updated: 1)
2025-01-29 13:57:13,856 INFO c.h.h.t.HelmChartContainer - [hivemq-test-hivemq-platform] [hivemq-platform-operator] [1484d44a] 13:57:13.855 [ReconcilerExecutor-hivemq-controller-114] DEBUG c.h.p.o.HiveMQPlatformReconciler - [helmlega] StatefulSet Spec (replicas: 2, init containers: 1, containers: 1, volumes: 6)
2025-01-29 13:57:13,860 INFO c.h.h.t.HelmChartContainer - [hivemq-test-hivemq-platform] [hivemq-platform-operator] [1484d44a] 13:57:13.857 [ReconcilerExecutor-hivemq-controller-114] DEBUG c.h.p.o.h.HiveMQPlatformReconcilerErrorHandler - [helmlega] Pod 'test-hivemq-legacy-platform-1' phase Pending
2025-01-29 13:57:13,862 INFO c.h.h.t.HelmChartContainer - [hivemq-test-hivemq-platform] [hivemq-platform-operator] [1484d44a] 13:57:13.858 [ReconcilerExecutor-hivemq-controller-114] DEBUG c.h.p.o.h.HiveMQPlatformReconcilerErrorHandler - [helmlega] Pod 'test-hivemq-legacy-platform-1' condition 'PodReadyToStartContainers': False
2025-01-29 13:57:13,862 INFO c.h.h.t.HelmChartContainer - [hivemq-test-hivemq-platform] [hivemq-platform-operator] [1484d44a] 13:57:13.858 [ReconcilerExecutor-hivemq-controller-114] DEBUG c.h.p.o.h.HiveMQPlatformReconcilerErrorHandler - [helmlega] Pod 'test-hivemq-legacy-platform-1' condition 'Initialized': False
2025-01-29 13:57:13,862 INFO c.h.h.t.HelmChartContainer - [hivemq-test-hivemq-platform] [hivemq-platform-operator] [1484d44a] 13:57:13.858 [ReconcilerExecutor-hivemq-controller-114] DEBUG c.h.p.o.h.HiveMQPlatformReconcilerErrorHandler - [helmlega] Pod 'test-hivemq-legacy-platform-1' condition 'Ready': False
2025-01-29 13:57:13,862 INFO c.h.h.t.HelmChartContainer - [hivemq-test-hivemq-platform] [hivemq-platform-operator] [1484d44a] 13:57:13.858 [ReconcilerExecutor-hivemq-controller-114] DEBUG c.h.p.o.h.HiveMQPlatformReconcilerErrorHandler - [helmlega] Pod 'test-hivemq-legacy-platform-1' condition 'ContainersReady': False
2025-01-29 13:57:13,862 INFO c.h.h.t.HelmChartContainer - [hivemq-test-hivemq-platform] [hivemq-platform-operator] [1484d44a] 13:57:13.858 [ReconcilerExecutor-hivemq-controller-114] DEBUG c.h.p.o.h.HiveMQPlatformReconcilerErrorHandler - [helmlega] Pod 'test-hivemq-legacy-platform-1' condition 'PodScheduled': True
2025-01-29 13:57:13,862 INFO c.h.h.t.HelmChartContainer - [hivemq-test-hivemq-platform] [hivemq-platform-operator] [1484d44a] 13:57:13.858 [ReconcilerExecutor-hivemq-controller-114] DEBUG c.h.p.o.h.HiveMQPlatformReconcilerErrorHandler - [helmlega] Pod 'test-hivemq-legacy-platform-1' containerStatus 'hivemq' (started: false) (ready: false) (waiting: [PodInitializing] null)
2025-01-29 13:57:13,864 INFO c.h.h.t.HelmChartContainer - [hivemq-test-hivemq-platform] [hivemq-platform-operator] [1484d44a] 13:57:13.861 [ReconcilerExecutor-hivemq-controller-114] DEBUG c.h.p.o.h.HiveMQPlatformReconcilerErrorHandler - [helmlega] Pod 'test-hivemq-legacy-platform-0' phase Running
2025-01-29 13:57:13,865 INFO c.h.h.t.HelmChartContainer - [hivemq-test-hivemq-platform] [hivemq-platform-operator] [1484d44a] 13:57:13.863 [ReconcilerExecutor-hivemq-controller-114] DEBUG c.h.p.o.h.HiveMQPlatformReconcilerRollingRestartHandler - [helmlega] Rolling restart is waiting for 1 of 2 replicas
2025-01-29 13:57:13,953 INFO c.h.h.t.HelmChartContainer - [EVENT] Normal [Pulled] Container image "docker.io/hivemq/hivemq-platform-operator-init-test:snapshot" already present on machine [helmlegacystatefulsetmigrationit-operator:test-hivemq-legacy-platform-1]
2025-01-29 13:57:13,963 INFO c.h.h.t.HelmChartContainer - [EVENT] Normal [Created] Created container: hivemq-platform-operator-init [helmlegacystatefulsetmigrationit-operator:test-hivemq-legacy-platform-1]
2025-01-29 13:57:14,003 INFO c.h.h.t.HelmChartContainer - [EVENT] Normal [Started] Started container hivemq-platform-operator-init [helmlegacystatefulsetmigrationit-operator:test-hivemq-legacy-platform-1]
2025-01-29 13:57:14,796 INFO c.h.h.t.HelmChartContainer - [EVENT] Normal [Pulled] Container image "docker.io/hivemq/hivemq4:4.36.0" already present on machine [helmlegacystatefulsetmigrationit-operator:test-hivemq-legacy-platform-1]
2025-01-29 13:57:14,796 INFO c.h.h.t.HelmChartContainer - Received Pulled event for container hivemq in pod test-hivemq-legacy-platform-1 [82cced63-ba7d-4c95-835a-2d557a689d20]
2025-01-29 13:57:14,808 INFO c.h.h.t.HelmChartContainer - [POD] test-hivemq-legacy-platform-1 [82cced63-ba7d-4c95-835a-2d557a689d20] in helmlegacystatefulsetmigrationit-operator was MODIFIED
2025-01-29 13:57:14,820 INFO c.h.h.t.HelmChartContainer - [EVENT] Normal [Created] Created container: hivemq [helmlegacystatefulsetmigrationit-operator:test-hivemq-legacy-platform-1]
2025-01-29 13:57:14,820 INFO c.h.h.t.HelmChartContainer - Received Created event for container hivemq in pod test-hivemq-legacy-platform-1 [82cced63-ba7d-4c95-835a-2d557a689d20]
2025-01-29 13:57:14,823 INFO c.h.h.t.HelmChartContainer - [hivemq-test-hivemq-platform] [hivemq-platform-operator] [1484d44a] 13:57:14.817 [pool-6-thread-2] DEBUG c.h.p.o.d.PlatformServiceResource - [helmlega] Desired Platform services (4 services)
2025-01-29 13:57:14,823 INFO c.h.h.t.HelmChartContainer - [hivemq-test-hivemq-platform] [hivemq-platform-operator] [1484d44a] 13:57:14.819 [pool-6-thread-5] DEBUG c.h.p.o.d.PodServiceAccountResource - [helmlega] Desired PodServiceAccountResource (serviceAccountName: hivemq-platform-pod-test-hivemq-legacy-platform)
2025-01-29 13:57:14,837 INFO c.h.h.t.HelmChartContainer - [hivemq-test-hivemq-platform] [hivemq-platform-operator] [1484d44a] 13:57:14.822 [pool-6-thread-7] DEBUG c.h.p.o.dependants.PodInfoConfigMap - [helmlega] Desired PodInfo ConfigMap (2 extensions) (1 enabled)
2025-01-29 13:57:14,837 INFO c.h.h.t.HelmChartContainer - [hivemq-test-hivemq-platform] [hivemq-platform-operator] [1484d44a] 13:57:14.824 [pool-6-thread-7] DEBUG c.h.p.o.dependants.PodInfoConfigMap - [helmlega] Desired PodInfo ConfigMap (metrics port: 9399) (metrics path: /)
2025-01-29 13:57:14,837 INFO c.h.h.t.HelmChartContainer - [hivemq-test-hivemq-platform] [hivemq-platform-operator] [1484d44a] 13:57:14.824 [pool-6-thread-7] DEBUG c.h.p.o.dependants.PodInfoConfigMap - [helmlega] Desired PodInfo ConfigMap (extension state hash: 259316804)
2025-01-29 13:57:14,913 INFO c.h.h.t.HelmChartContainer - [hivemq-test-hivemq-platform] [hivemq-platform-operator] [1484d44a] 13:57:14.903 [pool-6-thread-3] DEBUG c.h.p.o.d.StatefulSetResource - [helmlega] Desired StatefulSet (2 replicas) for status ROLLING_RESTART (SURGE_IN_PROGRESS)
2025-01-29 13:57:14,914 INFO c.h.h.t.HelmChartContainer - [hivemq-test-hivemq-platform] [hivemq-platform-operator] [1484d44a] 13:57:14.913 [ReconcilerExecutor-hivemq-controller-115] INFO  c.h.p.o.HiveMQPlatformReconciler - [helmlega] Reconciling HiveMQ Platform 'test-hivemq-legacy-platform' in namespace 'helmlegacystatefulsetmigrationit-operator'
2025-01-29 13:57:14,914 INFO c.h.h.t.HelmChartContainer - [hivemq-test-hivemq-platform] [hivemq-platform-operator] [1484d44a] 13:57:14.913 [ReconcilerExecutor-hivemq-controller-115] DEBUG c.h.p.o.HiveMQPlatformReconciler - [helmlega] Custom Resource Status ROLLING_RESTART - HiveMQ Platform is starting a surge Pod (rolling restart) (SURGE_IN_PROGRESS)
2025-01-29 13:57:14,914 INFO c.h.h.t.HelmChartContainer - [hivemq-test-hivemq-platform] [hivemq-platform-operator] [1484d44a] 13:57:14.913 [ReconcilerExecutor-hivemq-controller-115] DEBUG c.h.p.o.HiveMQPlatformReconciler - [helmlega] Custom Resource Spec (replicas: 1) (extensions: 2)
2025-01-29 13:57:14,917 INFO c.h.h.t.HelmChartContainer - [hivemq-test-hivemq-platform] [hivemq-platform-operator] [1484d44a] 13:57:14.917 [ReconcilerExecutor-hivemq-controller-115] DEBUG c.h.p.o.HiveMQPlatformReconciler - [helmlega] StatefulSet Status (revision: test-hivemq-legacy-platform-65df8dcb7f, replicas: 2, available: 1, ready: 1, current: 1, updated: 1)
2025-01-29 13:57:14,918 INFO c.h.h.t.HelmChartContainer - [hivemq-test-hivemq-platform] [hivemq-platform-operator] [1484d44a] 13:57:14.917 [ReconcilerExecutor-hivemq-controller-115] DEBUG c.h.p.o.HiveMQPlatformReconciler - [helmlega] StatefulSet Spec (replicas: 2, init containers: 1, containers: 1, volumes: 6)
2025-01-29 13:57:14,920 INFO c.h.h.t.HelmChartContainer - [hivemq-test-hivemq-platform] [hivemq-platform-operator] [1484d44a] 13:57:14.918 [ReconcilerExecutor-hivemq-controller-115] DEBUG c.h.p.o.h.HiveMQPlatformReconcilerErrorHandler - [helmlega] Pod 'test-hivemq-legacy-platform-1' phase Pending
2025-01-29 13:57:14,920 INFO c.h.h.t.HelmChartContainer - [hivemq-test-hivemq-platform] [hivemq-platform-operator] [1484d44a] 13:57:14.919 [ReconcilerExecutor-hivemq-controller-115] DEBUG c.h.p.o.h.HiveMQPlatformReconcilerErrorHandler - [helmlega] Pod 'test-hivemq-legacy-platform-1' condition 'PodReadyToStartContainers': True
2025-01-29 13:57:14,920 INFO c.h.h.t.HelmChartContainer - [hivemq-test-hivemq-platform] [hivemq-platform-operator] [1484d44a] 13:57:14.919 [ReconcilerExecutor-hivemq-controller-115] DEBUG c.h.p.o.h.HiveMQPlatformReconcilerErrorHandler - [helmlega] Pod 'test-hivemq-legacy-platform-1' condition 'Initialized': True
2025-01-29 13:57:14,920 INFO c.h.h.t.HelmChartContainer - [hivemq-test-hivemq-platform] [hivemq-platform-operator] [1484d44a] 13:57:14.919 [ReconcilerExecutor-hivemq-controller-115] DEBUG c.h.p.o.h.HiveMQPlatformReconcilerErrorHandler - [helmlega] Pod 'test-hivemq-legacy-platform-1' condition 'Ready': False
2025-01-29 13:57:14,920 INFO c.h.h.t.HelmChartContainer - [hivemq-test-hivemq-platform] [hivemq-platform-operator] [1484d44a] 13:57:14.919 [ReconcilerExecutor-hivemq-controller-115] DEBUG c.h.p.o.h.HiveMQPlatformReconcilerErrorHandler - [helmlega] Pod 'test-hivemq-legacy-platform-1' condition 'ContainersReady': False
2025-01-29 13:57:14,920 INFO c.h.h.t.HelmChartContainer - [hivemq-test-hivemq-platform] [hivemq-platform-operator] [1484d44a] 13:57:14.919 [ReconcilerExecutor-hivemq-controller-115] DEBUG c.h.p.o.h.HiveMQPlatformReconcilerErrorHandler - [helmlega] Pod 'test-hivemq-legacy-platform-1' condition 'PodScheduled': True
2025-01-29 13:57:14,920 INFO c.h.h.t.HelmChartContainer - [hivemq-test-hivemq-platform] [hivemq-platform-operator] [1484d44a] 13:57:14.919 [ReconcilerExecutor-hivemq-controller-115] DEBUG c.h.p.o.h.HiveMQPlatformReconcilerErrorHandler - [helmlega] Pod 'test-hivemq-legacy-platform-1' containerStatus 'hivemq' (started: false) (ready: false) (waiting: [PodInitializing] null)
2025-01-29 13:57:14,922 INFO c.h.h.t.HelmChartContainer - [hivemq-test-hivemq-platform] [hivemq-platform-operator] [1484d44a] 13:57:14.921 [ReconcilerExecutor-hivemq-controller-115] DEBUG c.h.p.o.h.HiveMQPlatformReconcilerErrorHandler - [helmlega] Pod 'test-hivemq-legacy-platform-0' phase Running
2025-01-29 13:57:14,923 INFO c.h.h.t.HelmChartContainer - [hivemq-test-hivemq-platform] [hivemq-platform-operator] [1484d44a] 13:57:14.922 [ReconcilerExecutor-hivemq-controller-115] DEBUG c.h.p.o.h.HiveMQPlatformReconcilerRollingRestartHandler - [helmlega] Rolling restart is waiting for 1 of 2 replicas
2025-01-29 13:57:15,808 INFO c.h.h.t.HelmChartContainer - [POD] test-hivemq-legacy-platform-1 [82cced63-ba7d-4c95-835a-2d557a689d20] in helmlegacystatefulsetmigrationit-operator was MODIFIED
2025-01-29 13:57:15,819 INFO c.h.h.t.HelmChartContainer - [hivemq-test-hivemq-platform] [hivemq-platform-operator] [1484d44a] 13:57:15.810 [pool-6-thread-12] DEBUG c.h.p.o.d.PlatformServiceResource - [helmlega] Desired Platform services (4 services)
2025-01-29 13:57:15,820 INFO c.h.h.t.HelmChartContainer - [hivemq-test-hivemq-platform] [hivemq-platform-operator] [1484d44a] 13:57:15.815 [pool-6-thread-11] DEBUG c.h.p.o.d.PodServiceAccountResource - [helmlega] Desired PodServiceAccountResource (serviceAccountName: hivemq-platform-pod-test-hivemq-legacy-platform)
2025-01-29 13:57:15,820 INFO c.h.h.t.HelmChartContainer - [hivemq-test-hivemq-platform] [hivemq-platform-operator] [1484d44a] 13:57:15.813 [pool-6-thread-17] DEBUG c.h.p.o.dependants.PodInfoConfigMap - [helmlega] Desired PodInfo ConfigMap (2 extensions) (1 enabled)
2025-01-29 13:57:15,820 INFO c.h.h.t.HelmChartContainer - [hivemq-test-hivemq-platform] [hivemq-platform-operator] [1484d44a] 13:57:15.818 [pool-6-thread-17] DEBUG c.h.p.o.dependants.PodInfoConfigMap - [helmlega] Desired PodInfo ConfigMap (metrics port: 9399) (metrics path: /)
2025-01-29 13:57:15,820 INFO c.h.h.t.HelmChartContainer - [hivemq-test-hivemq-platform] [hivemq-platform-operator] [1484d44a] 13:57:15.818 [pool-6-thread-17] DEBUG c.h.p.o.dependants.PodInfoConfigMap - [helmlega] Desired PodInfo ConfigMap (extension state hash: 259316804)
2025-01-29 13:57:15,821 INFO c.h.h.t.HelmChartContainer - Started log watcher for hivemq in pod test-hivemq-legacy-platform-1 [82cced63-ba7d-4c95-835a-2d557a689d20]
2025-01-29 13:57:15,821 INFO c.h.h.t.HelmChartContainer - [EVENT] Normal [Started] Started container hivemq [helmlegacystatefulsetmigrationit-operator:test-hivemq-legacy-platform-1]
2025-01-29 13:57:15,822 INFO c.h.h.t.HelmChartContainer - Received Started event for container hivemq in pod test-hivemq-legacy-platform-1 [82cced63-ba7d-4c95-835a-2d557a689d20]
2025-01-29 13:57:15,822 INFO c.h.h.t.HelmChartContainer - [test-hivemq-legacy-platform] [hivemq] [82cced63] Adding pre-installed HiveMQ Platform Operator extensions
2025-01-29 13:57:15,822 INFO c.h.h.t.HelmChartContainer - [test-hivemq-legacy-platform] [hivemq] [82cced63] Running as user 10000
2025-01-29 13:57:15,822 INFO c.h.h.t.HelmChartContainer - [test-hivemq-legacy-platform] [hivemq] [82cced63] Starting HiveMQ Platform Operator Init
2025-01-29 13:57:15,824 INFO c.h.h.t.HelmChartContainer - [hivemq-test-hivemq-platform] [hivemq-platform-operator] [1484d44a] 13:57:15.823 [pool-6-thread-12] DEBUG c.h.p.o.d.StatefulSetResource - [helmlega] Desired StatefulSet (2 replicas) for status ROLLING_RESTART (SURGE_IN_PROGRESS)
2025-01-29 13:57:15,829 INFO c.h.h.t.HelmChartContainer - [hivemq-test-hivemq-platform] [hivemq-platform-operator] [1484d44a] 13:57:15.828 [ReconcilerExecutor-hivemq-controller-116] INFO  c.h.p.o.HiveMQPlatformReconciler - [helmlega] Reconciling HiveMQ Platform 'test-hivemq-legacy-platform' in namespace 'helmlegacystatefulsetmigrationit-operator'
2025-01-29 13:57:15,829 INFO c.h.h.t.HelmChartContainer - [hivemq-test-hivemq-platform] [hivemq-platform-operator] [1484d44a] 13:57:15.828 [ReconcilerExecutor-hivemq-controller-116] DEBUG c.h.p.o.HiveMQPlatformReconciler - [helmlega] Custom Resource Status ROLLING_RESTART - HiveMQ Platform is starting a surge Pod (rolling restart) (SURGE_IN_PROGRESS)
2025-01-29 13:57:15,829 INFO c.h.h.t.HelmChartContainer - [hivemq-test-hivemq-platform] [hivemq-platform-operator] [1484d44a] 13:57:15.828 [ReconcilerExecutor-hivemq-controller-116] DEBUG c.h.p.o.HiveMQPlatformReconciler - [helmlega] Custom Resource Spec (replicas: 1) (extensions: 2)
2025-01-29 13:57:15,831 INFO c.h.h.t.HelmChartContainer - [hivemq-test-hivemq-platform] [hivemq-platform-operator] [1484d44a] 13:57:15.830 [ReconcilerExecutor-hivemq-controller-116] DEBUG c.h.p.o.HiveMQPlatformReconciler - [helmlega] StatefulSet Status (revision: test-hivemq-legacy-platform-65df8dcb7f, replicas: 2, available: 1, ready: 1, current: 1, updated: 1)
2025-01-29 13:57:15,831 INFO c.h.h.t.HelmChartContainer - [hivemq-test-hivemq-platform] [hivemq-platform-operator] [1484d44a] 13:57:15.830 [ReconcilerExecutor-hivemq-controller-116] DEBUG c.h.p.o.HiveMQPlatformReconciler - [helmlega] StatefulSet Spec (replicas: 2, init containers: 1, containers: 1, volumes: 6)
2025-01-29 13:57:15,903 INFO c.h.h.t.HelmChartContainer - [hivemq-test-hivemq-platform] [hivemq-platform-operator] [1484d44a] 13:57:15.902 [ReconcilerExecutor-hivemq-controller-116] DEBUG c.h.p.o.h.HiveMQPlatformReconcilerErrorHandler - [helmlega] Pod 'test-hivemq-legacy-platform-1' phase Running
2025-01-29 13:57:15,907 INFO c.h.h.t.HelmChartContainer - [hivemq-test-hivemq-platform] [hivemq-platform-operator] [1484d44a] 13:57:15.905 [ReconcilerExecutor-hivemq-controller-116] DEBUG c.h.p.o.h.HiveMQPlatformReconcilerErrorHandler - [helmlega] Pod 'test-hivemq-legacy-platform-0' phase Running
2025-01-29 13:57:15,907 INFO c.h.h.t.HelmChartContainer - [hivemq-test-hivemq-platform] [hivemq-platform-operator] [1484d44a] 13:57:15.905 [ReconcilerExecutor-hivemq-controller-116] DEBUG c.h.p.o.h.HiveMQPlatformReconcilerRollingRestartHandler - [helmlega] Rolling restart is waiting for 1 of 2 replicas
2025-01-29 13:57:16,241 INFO c.h.h.t.HelmChartContainer - [test-hivemq-legacy-platform] [hivemq] [82cced63] INFO  - [HiveMQ Platform Operator Init 1.7.0-SNAPSHOT] HiveMQ Platform Operator Init 1.7.0-SNAPSHOT (commit: bebf408 on branch: HEAD) built on Sun Jan 26 20:47:47 UTC 2025
2025-01-29 13:57:17,380 INFO c.h.h.t.HelmChartContainer - [test-hivemq-legacy-platform] [hivemq] [82cced63] INFO  - [HiveMQ Platform Operator Init App 1.7.0-SNAPSHOT] Using bind address 10.42.0.11 from environment variable
2025-01-29 13:57:18,444 INFO c.h.h.t.HelmChartContainer - [test-hivemq-legacy-platform] [hivemq] [82cced63] INFO  - [HiveMQ Platform Operator Init App 1.7.0-SNAPSHOT] HiveMQ Platform Operator Init App 1.7.0-SNAPSHOT (commit: bebf408 on branch: HEAD) built on Sun Jan 26 20:47:47 UTC 2025
2025-01-29 13:57:18,444 INFO c.h.h.t.HelmChartContainer - [test-hivemq-legacy-platform] [hivemq] [82cced63] INFO  - [HiveMQ Platform Operator Init App 1.7.0-SNAPSHOT] PodInfo ConfigMap directory: /etc/podinfo
2025-01-29 13:57:18,444 INFO c.h.h.t.HelmChartContainer - [test-hivemq-legacy-platform] [hivemq] [82cced63] INFO  - [HiveMQ Platform Operator Init App 1.7.0-SNAPSHOT] HiveMQ home directory: /opt/hivemq
2025-01-29 13:57:18,444 INFO c.h.h.t.HelmChartContainer - [test-hivemq-legacy-platform] [hivemq] [82cced63] INFO  - [HiveMQ Platform Operator Init App 1.7.0-SNAPSHOT] HiveMQ Logback folder: /opt/hivemq/conf
2025-01-29 13:57:18,444 INFO c.h.h.t.HelmChartContainer - [test-hivemq-legacy-platform] [hivemq] [82cced63] INFO  - [HiveMQ Platform Operator Init App 1.7.0-SNAPSHOT] HiveMQ Config folder: /opt/hivemq/conf-k8s
2025-01-29 13:57:18,445 INFO c.h.h.t.HelmChartContainer - [test-hivemq-legacy-platform] [hivemq] [82cced63] INFO  - [HiveMQ Platform Operator Init App 1.7.0-SNAPSHOT] Starting HiveMQ Platform Operator Init App
2025-01-29 13:57:18,446 INFO c.h.h.t.HelmChartContainer - [test-hivemq-legacy-platform] [hivemq] [82cced63] INFO  - [HiveMQ Platform Operator Init App 1.7.0-SNAPSHOT] Starting Pod reconciler
2025-01-29 13:57:19,756 INFO c.h.h.t.HelmChartContainer - [test-hivemq-legacy-platform] [hivemq] [82cced63] INFO  - [HiveMQ Platform Operator Init App 1.7.0-SNAPSHOT] Pod reconciler is scheduled (interval: 5000 ms)
2025-01-29 13:57:19,756 INFO c.h.h.t.HelmChartContainer - [test-hivemq-legacy-platform] [hivemq] [82cced63] INFO  - [HiveMQ Platform Operator Init App 1.7.0-SNAPSHOT] Starting the REST API on 10.42.0.11:7979
2025-01-29 13:57:19,758 INFO c.h.h.t.HelmChartContainer - [test-hivemq-legacy-platform] [hivemq] [82cced63] INFO  - [HiveMQ Platform Operator Init App 1.7.0-SNAPSHOT] Waiting up to 600s for at most 2 HiveMQ nodes in cluster service hivemq-test-hivemq-legacy-platform-cluster.helmlegacystatefulsetmigrationit-operator.svc
2025-01-29 13:57:20,153 INFO c.h.h.t.HelmChartContainer - [test-hivemq-legacy-platform] [hivemq] [82cced63] INFO  - [HiveMQ Platform Operator Init App 1.7.0-SNAPSHOT] Resolved 2 IP addresses: [10.42.0.11, 10.42.0.8]
2025-01-29 13:57:20,153 INFO c.h.h.t.HelmChartContainer - [test-hivemq-legacy-platform] [hivemq] [82cced63] INFO  - [HiveMQ Platform Operator Init App 1.7.0-SNAPSHOT] HiveMQ node count of 2 is within threshold of 2
2025-01-29 13:57:20,153 INFO c.h.h.t.HelmChartContainer - [test-hivemq-legacy-platform] [hivemq] [82cced63] INFO  - [HiveMQ Platform Operator Init App 1.7.0-SNAPSHOT] Waiting 15s for previous shutdown replication to finish...
2025-01-29 13:57:21,804 INFO c.h.h.t.HelmChartContainer - [test-hivemq-legacy-platform] [hivemq] [82cced63] INFO  - [HiveMQ Platform Operator Init App 1.7.0-SNAPSHOT] Returning default Health API response 503 for readiness
2025-01-29 13:57:21,853 INFO c.h.h.t.HelmChartContainer - [EVENT] Warning [Unhealthy] Readiness probe failed: HTTP probe failed with statuscode: 503 [helmlegacystatefulsetmigrationit-operator:test-hivemq-legacy-platform-1]
2025-01-29 13:57:21,853 INFO c.h.h.t.HelmChartContainer - Received Unhealthy event for container hivemq in pod test-hivemq-legacy-platform-1 [82cced63-ba7d-4c95-835a-2d557a689d20]
2025-01-29 13:57:25,917 INFO c.h.h.t.HelmChartContainer - [hivemq-test-hivemq-platform] [hivemq-platform-operator] [1484d44a] 13:57:25.915 [pool-6-thread-22] DEBUG c.h.p.o.d.PodServiceAccountResource - [helmlega] Desired PodServiceAccountResource (serviceAccountName: hivemq-platform-pod-test-hivemq-legacy-platform)
2025-01-29 13:57:25,917 INFO c.h.h.t.HelmChartContainer - [hivemq-test-hivemq-platform] [hivemq-platform-operator] [1484d44a] 13:57:25.915 [pool-6-thread-24] DEBUG c.h.p.o.dependants.PodInfoConfigMap - [helmlega] Desired PodInfo ConfigMap (2 extensions) (1 enabled)
2025-01-29 13:57:25,917 INFO c.h.h.t.HelmChartContainer - [hivemq-test-hivemq-platform] [hivemq-platform-operator] [1484d44a] 13:57:25.915 [pool-6-thread-24] DEBUG c.h.p.o.dependants.PodInfoConfigMap - [helmlega] Desired PodInfo ConfigMap (metrics port: 9399) (metrics path: /)
2025-01-29 13:57:25,917 INFO c.h.h.t.HelmChartContainer - [hivemq-test-hivemq-platform] [hivemq-platform-operator] [1484d44a] 13:57:25.915 [pool-6-thread-24] DEBUG c.h.p.o.dependants.PodInfoConfigMap - [helmlega] Desired PodInfo ConfigMap (extension state hash: 259316804)
2025-01-29 13:57:25,919 INFO c.h.h.t.HelmChartContainer - [hivemq-test-hivemq-platform] [hivemq-platform-operator] [1484d44a] 13:57:25.915 [pool-6-thread-29] DEBUG c.h.p.o.d.PlatformServiceResource - [helmlega] Desired Platform services (4 services)
2025-01-29 13:57:25,922 INFO c.h.h.t.HelmChartContainer - [hivemq-test-hivemq-platform] [hivemq-platform-operator] [1484d44a] 13:57:25.921 [pool-6-thread-29] DEBUG c.h.p.o.d.StatefulSetResource - [helmlega] Desired StatefulSet (2 replicas) for status ROLLING_RESTART (SURGE_IN_PROGRESS)
2025-01-29 13:57:26,003 INFO c.h.h.t.HelmChartContainer - [hivemq-test-hivemq-platform] [hivemq-platform-operator] [1484d44a] 13:57:26.001 [ReconcilerExecutor-hivemq-controller-117] INFO  c.h.p.o.HiveMQPlatformReconciler - [helmlega] Reconciling HiveMQ Platform 'test-hivemq-legacy-platform' in namespace 'helmlegacystatefulsetmigrationit-operator'
2025-01-29 13:57:26,003 INFO c.h.h.t.HelmChartContainer - [hivemq-test-hivemq-platform] [hivemq-platform-operator] [1484d44a] 13:57:26.002 [ReconcilerExecutor-hivemq-controller-117] DEBUG c.h.p.o.HiveMQPlatformReconciler - [helmlega] Custom Resource Status ROLLING_RESTART - HiveMQ Platform is starting a surge Pod (rolling restart) (SURGE_IN_PROGRESS)
2025-01-29 13:57:26,003 INFO c.h.h.t.HelmChartContainer - [hivemq-test-hivemq-platform] [hivemq-platform-operator] [1484d44a] 13:57:26.002 [ReconcilerExecutor-hivemq-controller-117] DEBUG c.h.p.o.HiveMQPlatformReconciler - [helmlega] Custom Resource Spec (replicas: 1) (extensions: 2)
2025-01-29 13:57:26,008 INFO c.h.h.t.HelmChartContainer - [hivemq-test-hivemq-platform] [hivemq-platform-operator] [1484d44a] 13:57:26.004 [ReconcilerExecutor-hivemq-controller-117] DEBUG c.h.p.o.HiveMQPlatformReconciler - [helmlega] StatefulSet Status (revision: test-hivemq-legacy-platform-65df8dcb7f, replicas: 2, available: 1, ready: 1, current: 1, updated: 1)
2025-01-29 13:57:26,008 INFO c.h.h.t.HelmChartContainer - [hivemq-test-hivemq-platform] [hivemq-platform-operator] [1484d44a] 13:57:26.004 [ReconcilerExecutor-hivemq-controller-117] DEBUG c.h.p.o.HiveMQPlatformReconciler - [helmlega] StatefulSet Spec (replicas: 2, init containers: 1, containers: 1, volumes: 6)
2025-01-29 13:57:26,008 INFO c.h.h.t.HelmChartContainer - [hivemq-test-hivemq-platform] [hivemq-platform-operator] [1484d44a] 13:57:26.006 [ReconcilerExecutor-hivemq-controller-117] DEBUG c.h.p.o.h.HiveMQPlatformReconcilerErrorHandler - [helmlega] Pod 'test-hivemq-legacy-platform-1' phase Running
2025-01-29 13:57:26,009 INFO c.h.h.t.HelmChartContainer - [hivemq-test-hivemq-platform] [hivemq-platform-operator] [1484d44a] 13:57:26.008 [ReconcilerExecutor-hivemq-controller-117] DEBUG c.h.p.o.h.HiveMQPlatformReconcilerErrorHandler - [helmlega] Pod 'test-hivemq-legacy-platform-0' phase Running
2025-01-29 13:57:26,010 INFO c.h.h.t.HelmChartContainer - [hivemq-test-hivemq-platform] [hivemq-platform-operator] [1484d44a] 13:57:26.009 [ReconcilerExecutor-hivemq-controller-117] DEBUG c.h.p.o.h.HiveMQPlatformReconcilerRollingRestartHandler - [helmlega] Rolling restart is waiting for 1 of 2 replicas
2025-01-29 13:57:26,846 INFO c.h.h.t.HelmChartContainer - [EVENT] Warning [Unhealthy] Readiness probe failed: HTTP probe failed with statuscode: 503 [helmlegacystatefulsetmigrationit-operator:test-hivemq-legacy-platform-1]
2025-01-29 13:57:26,846 INFO c.h.h.t.HelmChartContainer - Received Unhealthy event for container hivemq in pod test-hivemq-legacy-platform-1 [82cced63-ba7d-4c95-835a-2d557a689d20]
2025-01-29 13:57:27,243 INFO c.h.h.t.HelmChartContainer - [test-hivemq-legacy-platform] [hivemq] [82cced63] INFO  - [HiveMQ Platform Operator Init App 1.7.0-SNAPSHOT] Updating Pod HiveMQ Platform Operator Init App version annotation (version: 1.7.0-SNAPSHOT)
2025-01-29 13:57:27,560 INFO c.h.h.t.HelmChartContainer - [POD] test-hivemq-legacy-platform-1 [82cced63-ba7d-4c95-835a-2d557a689d20] in helmlegacystatefulsetmigrationit-operator was MODIFIED
2025-01-29 13:57:27,566 INFO c.h.h.t.HelmChartContainer - [EVENT] Warning [Unhealthy] Readiness probe failed: HTTP probe failed with statuscode: 503 [helmlegacystatefulsetmigrationit-operator:test-hivemq-legacy-platform-1]
2025-01-29 13:57:27,566 INFO c.h.h.t.HelmChartContainer - Received Unhealthy event for container hivemq in pod test-hivemq-legacy-platform-1 [82cced63-ba7d-4c95-835a-2d557a689d20]
2025-01-29 13:57:27,575 INFO c.h.h.t.HelmChartContainer - [hivemq-test-hivemq-platform] [hivemq-platform-operator] [1484d44a] 13:57:27.568 [pool-6-thread-31] DEBUG c.h.p.o.d.PlatformServiceResource - [helmlega] Desired Platform services (4 services)
2025-01-29 13:57:27,579 INFO c.h.h.t.HelmChartContainer - [hivemq-test-hivemq-platform] [hivemq-platform-operator] [1484d44a] 13:57:27.569 [pool-6-thread-36] DEBUG c.h.p.o.dependants.PodInfoConfigMap - [helmlega] Desired PodInfo ConfigMap (2 extensions) (1 enabled)
2025-01-29 13:57:27,580 INFO c.h.h.t.HelmChartContainer - [hivemq-test-hivemq-platform] [hivemq-platform-operator] [1484d44a] 13:57:27.569 [pool-6-thread-36] DEBUG c.h.p.o.dependants.PodInfoConfigMap - [helmlega] Desired PodInfo ConfigMap (metrics port: 9399) (metrics path: /)
2025-01-29 13:57:27,580 INFO c.h.h.t.HelmChartContainer - [hivemq-test-hivemq-platform] [hivemq-platform-operator] [1484d44a] 13:57:27.569 [pool-6-thread-36] DEBUG c.h.p.o.dependants.PodInfoConfigMap - [helmlega] Desired PodInfo ConfigMap (extension state hash: 259316804)
2025-01-29 13:57:27,580 INFO c.h.h.t.HelmChartContainer - [hivemq-test-hivemq-platform] [hivemq-platform-operator] [1484d44a] 13:57:27.572 [pool-6-thread-34] DEBUG c.h.p.o.d.PodServiceAccountResource - [helmlega] Desired PodServiceAccountResource (serviceAccountName: hivemq-platform-pod-test-hivemq-legacy-platform)
2025-01-29 13:57:27,580 INFO c.h.h.t.HelmChartContainer - [hivemq-test-hivemq-platform] [hivemq-platform-operator] [1484d44a] 13:57:27.574 [pool-6-thread-39] DEBUG c.h.p.o.d.StatefulSetResource - [helmlega] Desired StatefulSet (2 replicas) for status ROLLING_RESTART (SURGE_IN_PROGRESS)
2025-01-29 13:57:27,581 INFO c.h.h.t.HelmChartContainer - [hivemq-test-hivemq-platform] [hivemq-platform-operator] [1484d44a] 13:57:27.579 [ReconcilerExecutor-hivemq-controller-118] INFO  c.h.p.o.HiveMQPlatformReconciler - [helmlega] Reconciling HiveMQ Platform 'test-hivemq-legacy-platform' in namespace 'helmlegacystatefulsetmigrationit-operator'
2025-01-29 13:57:27,581 INFO c.h.h.t.HelmChartContainer - [hivemq-test-hivemq-platform] [hivemq-platform-operator] [1484d44a] 13:57:27.579 [ReconcilerExecutor-hivemq-controller-118] DEBUG c.h.p.o.HiveMQPlatformReconciler - [helmlega] Custom Resource Status ROLLING_RESTART - HiveMQ Platform is starting a surge Pod (rolling restart) (SURGE_IN_PROGRESS)
2025-01-29 13:57:27,581 INFO c.h.h.t.HelmChartContainer - [hivemq-test-hivemq-platform] [hivemq-platform-operator] [1484d44a] 13:57:27.579 [ReconcilerExecutor-hivemq-controller-118] DEBUG c.h.p.o.HiveMQPlatformReconciler - [helmlega] Custom Resource Spec (replicas: 1) (extensions: 2)
2025-01-29 13:57:27,583 INFO c.h.h.t.HelmChartContainer - [hivemq-test-hivemq-platform] [hivemq-platform-operator] [1484d44a] 13:57:27.583 [ReconcilerExecutor-hivemq-controller-118] DEBUG c.h.p.o.HiveMQPlatformReconciler - [helmlega] StatefulSet Status (revision: test-hivemq-legacy-platform-65df8dcb7f, replicas: 2, available: 1, ready: 1, current: 1, updated: 1)
2025-01-29 13:57:27,583 INFO c.h.h.t.HelmChartContainer - [hivemq-test-hivemq-platform] [hivemq-platform-operator] [1484d44a] 13:57:27.583 [ReconcilerExecutor-hivemq-controller-118] DEBUG c.h.p.o.HiveMQPlatformReconciler - [helmlega] StatefulSet Spec (replicas: 2, init containers: 1, containers: 1, volumes: 6)
2025-01-29 13:57:27,644 INFO c.h.h.t.HelmChartContainer - [test-hivemq-legacy-platform] [hivemq] [82cced63] INFO  - [HiveMQ Platform Operator Init App 1.7.0-SNAPSHOT] Successfully updated Pod HiveMQ Platform Operator Init App version annotation (version: 1.7.0-SNAPSHOT)
2025-01-29 13:57:27,653 INFO c.h.h.t.HelmChartContainer - [hivemq-test-hivemq-platform] [hivemq-platform-operator] [1484d44a] 13:57:27.652 [ReconcilerExecutor-hivemq-controller-118] DEBUG c.h.p.o.h.HiveMQPlatformReconcilerErrorHandler - [helmlega] Pod 'test-hivemq-legacy-platform-1' phase Running
2025-01-29 13:57:27,658 INFO c.h.h.t.HelmChartContainer - [hivemq-test-hivemq-platform] [hivemq-platform-operator] [1484d44a] 13:57:27.655 [ReconcilerExecutor-hivemq-controller-118] DEBUG c.h.p.o.h.HiveMQPlatformReconcilerErrorHandler - [helmlega] Pod 'test-hivemq-legacy-platform-0' phase Running
2025-01-29 13:57:27,658 INFO c.h.h.t.HelmChartContainer - [hivemq-test-hivemq-platform] [hivemq-platform-operator] [1484d44a] 13:57:27.656 [ReconcilerExecutor-hivemq-controller-118] DEBUG c.h.p.o.h.HiveMQPlatformReconcilerRollingRestartHandler - [helmlega] Rolling restart is waiting for 1 of 2 replicas
2025-01-29 13:57:32,564 INFO c.h.h.t.HelmChartContainer - [EVENT] Warning [Unhealthy] Readiness probe failed: HTTP probe failed with statuscode: 503 [helmlegacystatefulsetmigrationit-operator:test-hivemq-legacy-platform-1]
2025-01-29 13:57:32,564 INFO c.h.h.t.HelmChartContainer - Received Unhealthy event for container hivemq in pod test-hivemq-legacy-platform-1 [82cced63-ba7d-4c95-835a-2d557a689d20]
2025-01-29 13:57:35,154 INFO c.h.h.t.HelmChartContainer - [test-hivemq-legacy-platform] [hivemq] [82cced63] INFO  - [HiveMQ Platform Operator Init App 1.7.0-SNAPSHOT] Proceeding with container start
2025-01-29 13:57:35,157 INFO c.h.h.t.HelmChartContainer - [test-hivemq-legacy-platform] [hivemq] [82cced63] INFO  - [HiveMQ Platform Operator Init App 1.7.0-SNAPSHOT] Initializing HiveMQ Platform extensions with initial configuration: {hivemq-allow-all-extension={start-priority=-1, skip-https-hostname-verification=false, restart=true, config-version=0, header-version=0, c-uri=, priority=-1, uri=preinstalled, skip-https-certificate-validation=false, enabled=false}, hivemq-enterprise-security-extension={start-priority=-1, skip-https-hostname-verification=false, restart=true, config-version=734, header-version=0, c-uri=, priority=-1, uri=preinstalled, skip-https-certificate-validation=false, enabled=true}, hivemq-prometheus-extension={priority=-1, start-priority=-1, c-uri=, skip-https-hostname-verification=false, skip-https-certificate-validation=false, uri=preinstalled, request-header-path=no-request-headers, enabled=true, restart=true}}
2025-01-29 13:57:35,159 INFO c.h.h.t.HelmChartContainer - [test-hivemq-legacy-platform] [hivemq] [82cced63] INFO  - [HiveMQ Platform Operator Init App 1.7.0-SNAPSHOT] Successfully disabled extension hivemq-allow-all-extension
2025-01-29 13:57:35,554 INFO c.h.h.t.HelmChartContainer - [test-hivemq-legacy-platform] [hivemq] [82cced63] INFO  - [HiveMQ Platform Operator Init App 1.7.0-SNAPSHOT] Successfully enabled extension hivemq-enterprise-security-extension
2025-01-29 13:57:35,644 INFO c.h.h.t.HelmChartContainer - [test-hivemq-legacy-platform] [hivemq] [82cced63] INFO  - [HiveMQ Platform Operator Init App 1.7.0-SNAPSHOT] Successfully enabled extension hivemq-prometheus-extension
2025-01-29 13:57:35,645 INFO c.h.h.t.HelmChartContainer - [test-hivemq-legacy-platform] [hivemq] [82cced63] INFO  - [HiveMQ Platform Operator Init App 1.7.0-SNAPSHOT] Starting HiveMQ Platform version 4.36.0 (4.36.0)
2025-01-29 13:57:35,645 INFO c.h.h.t.HelmChartContainer - [test-hivemq-legacy-platform] [hivemq] [82cced63] INFO  - [HiveMQ Platform Operator Init App 1.7.0-SNAPSHOT] Configuring the HiveMQ Platform
2025-01-29 13:57:35,656 INFO c.h.h.t.HelmChartContainer - [test-hivemq-legacy-platform] [hivemq] [82cced63] INFO  - [HiveMQ Platform Operator Init App 1.7.0-SNAPSHOT] Changed logback.xml file scan period to 20 seconds
2025-01-29 13:57:35,751 INFO c.h.h.t.HelmChartContainer - [test-hivemq-legacy-platform] [hivemq] [82cced63] INFO  - [HiveMQ Platform Operator Init App 1.7.0-SNAPSHOT] Starting the HiveMQ Platform
2025-01-29 13:57:35,755 INFO c.h.h.t.HelmChartContainer - [test-hivemq-legacy-platform] [hivemq] [82cced63] -------------------------------------------------------------------------
2025-01-29 13:57:35,756 INFO c.h.h.t.HelmChartContainer - [test-hivemq-legacy-platform] [hivemq] [82cced63] 
2025-01-29 13:57:35,756 INFO c.h.h.t.HelmChartContainer - [test-hivemq-legacy-platform] [hivemq] [82cced63]                   _    _  _              __  __   ____
2025-01-29 13:57:35,756 INFO c.h.h.t.HelmChartContainer - [test-hivemq-legacy-platform] [hivemq] [82cced63]                  | |  | |(_)            |  \/  | / __ \
2025-01-29 13:57:35,756 INFO c.h.h.t.HelmChartContainer - [test-hivemq-legacy-platform] [hivemq] [82cced63]                  | |__| | _ __   __ ___ | \  / || |  | |
2025-01-29 13:57:35,756 INFO c.h.h.t.HelmChartContainer - [test-hivemq-legacy-platform] [hivemq] [82cced63]                  |  __  || |\ \ / // _ \| |\/| || |  | |
2025-01-29 13:57:35,756 INFO c.h.h.t.HelmChartContainer - [test-hivemq-legacy-platform] [hivemq] [82cced63]                  | |  | || | \ V /|  __/| |  | || |__| |
2025-01-29 13:57:35,756 INFO c.h.h.t.HelmChartContainer - [test-hivemq-legacy-platform] [hivemq] [82cced63]                  |_|  |_||_|  \_/  \___||_|  |_| \___\_\
2025-01-29 13:57:35,756 INFO c.h.h.t.HelmChartContainer - [test-hivemq-legacy-platform] [hivemq] [82cced63] 
2025-01-29 13:57:35,756 INFO c.h.h.t.HelmChartContainer - [test-hivemq-legacy-platform] [hivemq] [82cced63] -------------------------------------------------------------------------
2025-01-29 13:57:35,756 INFO c.h.h.t.HelmChartContainer - [test-hivemq-legacy-platform] [hivemq] [82cced63] 
2025-01-29 13:57:35,756 INFO c.h.h.t.HelmChartContainer - [test-hivemq-legacy-platform] [hivemq] [82cced63]   HiveMQ Start Script for Linux/Unix v1.14
2025-01-29 13:57:35,756 INFO c.h.h.t.HelmChartContainer - [test-hivemq-legacy-platform] [hivemq] [82cced63] 
2025-01-29 13:57:35,865 INFO c.h.h.t.HelmChartContainer - [test-hivemq-legacy-platform] [hivemq] [82cced63] -------------------------------------------------------------------------
2025-01-29 13:57:35,865 INFO c.h.h.t.HelmChartContainer - [test-hivemq-legacy-platform] [hivemq] [82cced63] 
2025-01-29 13:57:35,865 INFO c.h.h.t.HelmChartContainer - [test-hivemq-legacy-platform] [hivemq] [82cced63]   HIVEMQ_HOME: /opt/hivemq
2025-01-29 13:57:35,865 INFO c.h.h.t.HelmChartContainer - [test-hivemq-legacy-platform] [hivemq] [82cced63] 
2025-01-29 13:57:35,865 INFO c.h.h.t.HelmChartContainer - [test-hivemq-legacy-platform] [hivemq] [82cced63]   JAVA_OPTS: -XX:+UnlockExperimentalVMOptions -XX:InitialRAMPercentage=50 -XX:MaxRAMPercentage=50 -Djava.net.preferIPv4Stack=true --add-opens java.base/java.lang=ALL-UNNAMED --add-opens java.base/java.nio=ALL-UNNAMED --add-opens java.base/sun.nio.ch=ALL-UNNAMED --add-opens jdk.management/com.sun.management.internal=ALL-UNNAMED --add-exports java.base/jdk.internal.misc=ALL-UNNAMED -Djava.security.egd=file:/dev/./urandom -Dcom.sun.management.jmxremote -Dcom.sun.management.jmxremote.port=9010 -Dcom.sun.management.jmxremote.local.only=false -Dcom.sun.management.jmxremote.authenticate=false -Dcom.sun.management.jmxremote.ssl=false -Duser.language=en -Duser.region=US -XX:+CrashOnOutOfMemoryError -XX:+HeapDumpOnOutOfMemoryError
2025-01-29 13:57:35,865 INFO c.h.h.t.HelmChartContainer - [test-hivemq-legacy-platform] [hivemq] [82cced63] 
2025-01-29 13:57:35,865 INFO c.h.h.t.HelmChartContainer - [test-hivemq-legacy-platform] [hivemq] [82cced63]   JAVA_VERSION: 21
2025-01-29 13:57:35,865 INFO c.h.h.t.HelmChartContainer - [test-hivemq-legacy-platform] [hivemq] [82cced63] 
2025-01-29 13:57:35,865 INFO c.h.h.t.HelmChartContainer - [test-hivemq-legacy-platform] [hivemq] [82cced63] -------------------------------------------------------------------------
2025-01-29 13:57:35,865 INFO c.h.h.t.HelmChartContainer - [test-hivemq-legacy-platform] [hivemq] [82cced63] 
2025-01-29 13:57:37,646 INFO c.h.h.t.HelmChartContainer - [EVENT] Warning [Unhealthy] Readiness probe failed: HTTP probe failed with statuscode: 503 [helmlegacystatefulsetmigrationit-operator:test-hivemq-legacy-platform-1]
2025-01-29 13:57:37,646 INFO c.h.h.t.HelmChartContainer - Received Unhealthy event for container hivemq in pod test-hivemq-legacy-platform-1 [82cced63-ba7d-4c95-835a-2d557a689d20]
2025-01-29 13:57:37,660 INFO c.h.h.t.HelmChartContainer - [hivemq-test-hivemq-platform] [hivemq-platform-operator] [1484d44a] 13:57:37.659 [pool-6-thread-41] DEBUG c.h.p.o.d.PlatformServiceResource - [helmlega] Desired Platform services (4 services)
2025-01-29 13:57:37,662 INFO c.h.h.t.HelmChartContainer - [hivemq-test-hivemq-platform] [hivemq-platform-operator] [1484d44a] 13:57:37.661 [pool-6-thread-44] DEBUG c.h.p.o.dependants.PodInfoConfigMap - [helmlega] Desired PodInfo ConfigMap (2 extensions) (1 enabled)
2025-01-29 13:57:37,664 INFO c.h.h.t.HelmChartContainer - [hivemq-test-hivemq-platform] [hivemq-platform-operator] [1484d44a] 13:57:37.663 [pool-6-thread-44] DEBUG c.h.p.o.dependants.PodInfoConfigMap - [helmlega] Desired PodInfo ConfigMap (metrics port: 9399) (metrics path: /)
2025-01-29 13:57:37,665 INFO c.h.h.t.HelmChartContainer - [hivemq-test-hivemq-platform] [hivemq-platform-operator] [1484d44a] 13:57:37.663 [pool-6-thread-44] DEBUG c.h.p.o.dependants.PodInfoConfigMap - [helmlega] Desired PodInfo ConfigMap (extension state hash: 259316804)
2025-01-29 13:57:37,665 INFO c.h.h.t.HelmChartContainer - [hivemq-test-hivemq-platform] [hivemq-platform-operator] [1484d44a] 13:57:37.661 [pool-6-thread-46] DEBUG c.h.p.o.d.PodServiceAccountResource - [helmlega] Desired PodServiceAccountResource (serviceAccountName: hivemq-platform-pod-test-hivemq-legacy-platform)
2025-01-29 13:57:37,672 INFO c.h.h.t.HelmChartContainer - [hivemq-test-hivemq-platform] [hivemq-platform-operator] [1484d44a] 13:57:37.671 [pool-6-thread-41] DEBUG c.h.p.o.d.StatefulSetResource - [helmlega] Desired StatefulSet (2 replicas) for status ROLLING_RESTART (SURGE_IN_PROGRESS)
2025-01-29 13:57:37,757 INFO c.h.h.t.HelmChartContainer - [hivemq-test-hivemq-platform] [hivemq-platform-operator] [1484d44a] 13:57:37.754 [ReconcilerExecutor-hivemq-controller-119] INFO  c.h.p.o.HiveMQPlatformReconciler - [helmlega] Reconciling HiveMQ Platform 'test-hivemq-legacy-platform' in namespace 'helmlegacystatefulsetmigrationit-operator'
2025-01-29 13:57:37,757 INFO c.h.h.t.HelmChartContainer - [hivemq-test-hivemq-platform] [hivemq-platform-operator] [1484d44a] 13:57:37.754 [ReconcilerExecutor-hivemq-controller-119] DEBUG c.h.p.o.HiveMQPlatformReconciler - [helmlega] Custom Resource Status ROLLING_RESTART - HiveMQ Platform is starting a surge Pod (rolling restart) (SURGE_IN_PROGRESS)
2025-01-29 13:57:37,757 INFO c.h.h.t.HelmChartContainer - [hivemq-test-hivemq-platform] [hivemq-platform-operator] [1484d44a] 13:57:37.754 [ReconcilerExecutor-hivemq-controller-119] DEBUG c.h.p.o.HiveMQPlatformReconciler - [helmlega] Custom Resource Spec (replicas: 1) (extensions: 2)
2025-01-29 13:57:37,760 INFO c.h.h.t.HelmChartContainer - [hivemq-test-hivemq-platform] [hivemq-platform-operator] [1484d44a] 13:57:37.758 [ReconcilerExecutor-hivemq-controller-119] DEBUG c.h.p.o.HiveMQPlatformReconciler - [helmlega] StatefulSet Status (revision: test-hivemq-legacy-platform-65df8dcb7f, replicas: 2, available: 1, ready: 1, current: 1, updated: 1)
2025-01-29 13:57:37,761 INFO c.h.h.t.HelmChartContainer - [hivemq-test-hivemq-platform] [hivemq-platform-operator] [1484d44a] 13:57:37.758 [ReconcilerExecutor-hivemq-controller-119] DEBUG c.h.p.o.HiveMQPlatformReconciler - [helmlega] StatefulSet Spec (replicas: 2, init containers: 1, containers: 1, volumes: 6)
2025-01-29 13:57:37,762 INFO c.h.h.t.HelmChartContainer - [hivemq-test-hivemq-platform] [hivemq-platform-operator] [1484d44a] 13:57:37.760 [ReconcilerExecutor-hivemq-controller-119] DEBUG c.h.p.o.h.HiveMQPlatformReconcilerErrorHandler - [helmlega] Pod 'test-hivemq-legacy-platform-1' phase Running
2025-01-29 13:57:37,762 INFO c.h.h.t.HelmChartContainer - [hivemq-test-hivemq-platform] [hivemq-platform-operator] [1484d44a] 13:57:37.762 [ReconcilerExecutor-hivemq-controller-119] DEBUG c.h.p.o.h.HiveMQPlatformReconcilerErrorHandler - [helmlega] Pod 'test-hivemq-legacy-platform-0' phase Running
2025-01-29 13:57:37,764 INFO c.h.h.t.HelmChartContainer - [hivemq-test-hivemq-platform] [hivemq-platform-operator] [1484d44a] 13:57:37.763 [ReconcilerExecutor-hivemq-controller-119] DEBUG c.h.p.o.h.HiveMQPlatformReconcilerRollingRestartHandler - [helmlega] Rolling restart is waiting for 1 of 2 replicas
2025-01-29 13:57:38,449 INFO c.h.h.t.HelmChartContainer - [test-hivemq-legacy-platform] [hivemq] [82cced63] INFO  - Starting HiveMQ Enterprise Server
2025-01-29 13:57:38,457 INFO c.h.h.t.HelmChartContainer - [test-hivemq-legacy-platform] [hivemq] [82cced63] INFO  - HiveMQ version: 4.36.0
2025-01-29 13:57:38,458 INFO c.h.h.t.HelmChartContainer - [test-hivemq-legacy-platform] [hivemq] [82cced63] INFO  - HiveMQ home directory: /opt/hivemq
2025-01-29 13:57:38,459 INFO c.h.h.t.HelmChartContainer - [test-hivemq-legacy-platform] [hivemq] [82cced63] INFO  - Log Configuration was overridden by /opt/hivemq/conf/logback.xml
2025-01-29 13:57:39,657 INFO c.h.h.t.HelmChartContainer - [test-hivemq-legacy-platform] [hivemq] [82cced63] INFO  - Successfully loaded configuration from '/opt/hivemq/conf-k8s/config.xml'.
2025-01-29 13:57:40,044 INFO c.h.h.t.HelmChartContainer - [test-hivemq-legacy-platform] [hivemq] [82cced63] INFO  - This node's ID is YyMrb
2025-01-29 13:57:40,044 INFO c.h.h.t.HelmChartContainer - [test-hivemq-legacy-platform] [hivemq] [82cced63] INFO  - Clustering is enabled
2025-01-29 13:57:42,844 INFO c.h.h.t.HelmChartContainer - [test-hivemq-legacy-platform] [hivemq] [82cced63] WARN  - [HiveMQ Platform Operator Init App 1.7.0-SNAPSHOT] Cannot connect to Health API for readiness: null
2025-01-29 13:57:42,849 INFO c.h.h.t.HelmChartContainer - [EVENT] Warning [Unhealthy] Readiness probe failed: HTTP probe failed with statuscode: 503 [helmlegacystatefulsetmigrationit-operator:test-hivemq-legacy-platform-1]
2025-01-29 13:57:42,850 INFO c.h.h.t.HelmChartContainer - Received Unhealthy event for container hivemq in pod test-hivemq-legacy-platform-1 [82cced63-ba7d-4c95-835a-2d557a689d20]
2025-01-29 13:57:43,499 INFO c.h.h.t.HelmChartContainer - [K3S] [scope.go:117] "RemoveContainer" containerID="15f8e0eee59cb7625c19671108538c40f48a961a295b713b72665e3216fd0f8f"
2025-01-29 13:57:43,853 INFO c.h.h.t.HelmChartContainer - [test-hivemq-legacy-platform] [hivemq] [82cced63] WARN  - [HiveMQ Platform Operator Init App 1.7.0-SNAPSHOT] Cannot connect to Health API for liveness: null
2025-01-29 13:57:43,854 INFO c.h.h.t.HelmChartContainer - [test-hivemq-legacy-platform] [hivemq] [82cced63] INFO  - [HiveMQ Platform Operator Init App 1.7.0-SNAPSHOT] Returning default Health API response 200 for liveness
2025-01-29 13:57:47,641 INFO c.h.h.t.HelmChartContainer - [test-hivemq-legacy-platform] [hivemq] [82cced63] WARN  - [HiveMQ Platform Operator Init App 1.7.0-SNAPSHOT] Cannot connect to Health API for readiness: null
2025-01-29 13:57:47,646 INFO c.h.h.t.HelmChartContainer - [EVENT] Warning [Unhealthy] Readiness probe failed: HTTP probe failed with statuscode: 503 [helmlegacystatefulsetmigrationit-operator:test-hivemq-legacy-platform-1]
2025-01-29 13:57:47,646 INFO c.h.h.t.HelmChartContainer - Received Unhealthy event for container hivemq in pod test-hivemq-legacy-platform-1 [82cced63-ba7d-4c95-835a-2d557a689d20]
2025-01-29 13:57:47,772 INFO c.h.h.t.HelmChartContainer - [hivemq-test-hivemq-platform] [hivemq-platform-operator] [1484d44a] 13:57:47.768 [pool-6-thread-4] DEBUG c.h.p.o.d.PlatformServiceResource - [helmlega] Desired Platform services (4 services)
2025-01-29 13:57:47,773 INFO c.h.h.t.HelmChartContainer - [hivemq-test-hivemq-platform] [hivemq-platform-operator] [1484d44a] 13:57:47.769 [pool-6-thread-7] DEBUG c.h.p.o.d.PodServiceAccountResource - [helmlega] Desired PodServiceAccountResource (serviceAccountName: hivemq-platform-pod-test-hivemq-legacy-platform)
2025-01-29 13:57:47,774 INFO c.h.h.t.HelmChartContainer - [hivemq-test-hivemq-platform] [hivemq-platform-operator] [1484d44a] 13:57:47.772 [pool-6-thread-8] DEBUG c.h.p.o.dependants.PodInfoConfigMap - [helmlega] Desired PodInfo ConfigMap (2 extensions) (1 enabled)
2025-01-29 13:57:47,775 INFO c.h.h.t.HelmChartContainer - [hivemq-test-hivemq-platform] [hivemq-platform-operator] [1484d44a] 13:57:47.772 [pool-6-thread-8] DEBUG c.h.p.o.dependants.PodInfoConfigMap - [helmlega] Desired PodInfo ConfigMap (metrics port: 9399) (metrics path: /)
2025-01-29 13:57:47,777 INFO c.h.h.t.HelmChartContainer - [hivemq-test-hivemq-platform] [hivemq-platform-operator] [1484d44a] 13:57:47.772 [pool-6-thread-8] DEBUG c.h.p.o.dependants.PodInfoConfigMap - [helmlega] Desired PodInfo ConfigMap (extension state hash: 259316804)
2025-01-29 13:57:47,778 INFO c.h.h.t.HelmChartContainer - [hivemq-test-hivemq-platform] [hivemq-platform-operator] [1484d44a] 13:57:47.777 [pool-6-thread-4] DEBUG c.h.p.o.d.StatefulSetResource - [helmlega] Desired StatefulSet (2 replicas) for status ROLLING_RESTART (SURGE_IN_PROGRESS)
2025-01-29 13:57:47,783 INFO c.h.h.t.HelmChartContainer - [hivemq-test-hivemq-platform] [hivemq-platform-operator] [1484d44a] 13:57:47.780 [ReconcilerExecutor-hivemq-controller-120] INFO  c.h.p.o.HiveMQPlatformReconciler - [helmlega] Reconciling HiveMQ Platform 'test-hivemq-legacy-platform' in namespace 'helmlegacystatefulsetmigrationit-operator'
2025-01-29 13:57:47,783 INFO c.h.h.t.HelmChartContainer - [hivemq-test-hivemq-platform] [hivemq-platform-operator] [1484d44a] 13:57:47.780 [ReconcilerExecutor-hivemq-controller-120] DEBUG c.h.p.o.HiveMQPlatformReconciler - [helmlega] Custom Resource Status ROLLING_RESTART - HiveMQ Platform is starting a surge Pod (rolling restart) (SURGE_IN_PROGRESS)
2025-01-29 13:57:47,786 INFO c.h.h.t.HelmChartContainer - [hivemq-test-hivemq-platform] [hivemq-platform-operator] [1484d44a] 13:57:47.780 [ReconcilerExecutor-hivemq-controller-120] DEBUG c.h.p.o.HiveMQPlatformReconciler - [helmlega] Custom Resource Spec (replicas: 1) (extensions: 2)
2025-01-29 13:57:47,786 INFO c.h.h.t.HelmChartContainer - [hivemq-test-hivemq-platform] [hivemq-platform-operator] [1484d44a] 13:57:47.782 [ReconcilerExecutor-hivemq-controller-120] DEBUG c.h.p.o.HiveMQPlatformReconciler - [helmlega] StatefulSet Status (revision: test-hivemq-legacy-platform-65df8dcb7f, replicas: 2, available: 1, ready: 1, current: 1, updated: 1)
2025-01-29 13:57:47,786 INFO c.h.h.t.HelmChartContainer - [hivemq-test-hivemq-platform] [hivemq-platform-operator] [1484d44a] 13:57:47.782 [ReconcilerExecutor-hivemq-controller-120] DEBUG c.h.p.o.HiveMQPlatformReconciler - [helmlega] StatefulSet Spec (replicas: 2, init containers: 1, containers: 1, volumes: 6)
2025-01-29 13:57:47,786 INFO c.h.h.t.HelmChartContainer - [hivemq-test-hivemq-platform] [hivemq-platform-operator] [1484d44a] 13:57:47.784 [ReconcilerExecutor-hivemq-controller-120] DEBUG c.h.p.o.h.HiveMQPlatformReconcilerErrorHandler - [helmlega] Pod 'test-hivemq-legacy-platform-1' phase Running
2025-01-29 13:57:47,858 INFO c.h.h.t.HelmChartContainer - [hivemq-test-hivemq-platform] [hivemq-platform-operator] [1484d44a] 13:57:47.857 [ReconcilerExecutor-hivemq-controller-120] DEBUG c.h.p.o.h.HiveMQPlatformReconcilerErrorHandler - [helmlega] Pod 'test-hivemq-legacy-platform-0' phase Running
2025-01-29 13:57:47,858 INFO c.h.h.t.HelmChartContainer - [hivemq-test-hivemq-platform] [hivemq-platform-operator] [1484d44a] 13:57:47.858 [ReconcilerExecutor-hivemq-controller-120] DEBUG c.h.p.o.h.HiveMQPlatformReconcilerRollingRestartHandler - [helmlega] Rolling restart is waiting for 1 of 2 replicas
2025-01-29 13:57:52,642 INFO c.h.h.t.HelmChartContainer - [test-hivemq-legacy-platform] [hivemq] [82cced63] WARN  - [HiveMQ Platform Operator Init App 1.7.0-SNAPSHOT] Cannot connect to Health API for readiness: null
2025-01-29 13:57:52,648 INFO c.h.h.t.HelmChartContainer - [EVENT] Warning [Unhealthy] Readiness probe failed: HTTP probe failed with statuscode: 503 [helmlegacystatefulsetmigrationit-operator:test-hivemq-legacy-platform-1]
2025-01-29 13:57:52,648 INFO c.h.h.t.HelmChartContainer - Received Unhealthy event for container hivemq in pod test-hivemq-legacy-platform-1 [82cced63-ba7d-4c95-835a-2d557a689d20]
2025-01-29 13:57:53,762 INFO c.h.h.t.HelmChartContainer - [test-hivemq-legacy-platform] [hivemq] [82cced63] INFO  - No valid license file found. Using trial license, restricted to 25 connections.
2025-01-29 13:57:57,643 INFO c.h.h.t.HelmChartContainer - [test-hivemq-legacy-platform] [hivemq] [82cced63] WARN  - [HiveMQ Platform Operator Init App 1.7.0-SNAPSHOT] Cannot connect to Health API for readiness: null
2025-01-29 13:57:57,649 INFO c.h.h.t.HelmChartContainer - [EVENT] Warning [Unhealthy] Readiness probe failed: HTTP probe failed with statuscode: 503 [helmlegacystatefulsetmigrationit-operator:test-hivemq-legacy-platform-1]
2025-01-29 13:57:57,649 INFO c.h.h.t.HelmChartContainer - Received Unhealthy event for container hivemq in pod test-hivemq-legacy-platform-1 [82cced63-ba7d-4c95-835a-2d557a689d20]
2025-01-29 13:57:57,865 INFO c.h.h.t.HelmChartContainer - [hivemq-test-hivemq-platform] [hivemq-platform-operator] [1484d44a] 13:57:57.863 [pool-6-thread-15] DEBUG c.h.p.o.dependants.PodInfoConfigMap - [helmlega] Desired PodInfo ConfigMap (2 extensions) (1 enabled)
2025-01-29 13:57:57,866 INFO c.h.h.t.HelmChartContainer - [hivemq-test-hivemq-platform] [hivemq-platform-operator] [1484d44a] 13:57:57.863 [pool-6-thread-15] DEBUG c.h.p.o.dependants.PodInfoConfigMap - [helmlega] Desired PodInfo ConfigMap (metrics port: 9399) (metrics path: /)
2025-01-29 13:57:57,866 INFO c.h.h.t.HelmChartContainer - [hivemq-test-hivemq-platform] [hivemq-platform-operator] [1484d44a] 13:57:57.863 [pool-6-thread-15] DEBUG c.h.p.o.dependants.PodInfoConfigMap - [helmlega] Desired PodInfo ConfigMap (extension state hash: 259316804)
2025-01-29 13:57:57,867 INFO c.h.h.t.HelmChartContainer - [hivemq-test-hivemq-platform] [hivemq-platform-operator] [1484d44a] 13:57:57.864 [pool-6-thread-20] DEBUG c.h.p.o.d.PlatformServiceResource - [helmlega] Desired Platform services (4 services)
2025-01-29 13:57:57,868 INFO c.h.h.t.HelmChartContainer - [hivemq-test-hivemq-platform] [hivemq-platform-operator] [1484d44a] 13:57:57.865 [pool-6-thread-16] DEBUG c.h.p.o.d.PodServiceAccountResource - [helmlega] Desired PodServiceAccountResource (serviceAccountName: hivemq-platform-pod-test-hivemq-legacy-platform)
2025-01-29 13:57:57,873 INFO c.h.h.t.HelmChartContainer - [hivemq-test-hivemq-platform] [hivemq-platform-operator] [1484d44a] 13:57:57.872 [pool-6-thread-20] DEBUG c.h.p.o.d.StatefulSetResource - [helmlega] Desired StatefulSet (2 replicas) for status ROLLING_RESTART (SURGE_IN_PROGRESS)
2025-01-29 13:57:57,878 INFO c.h.h.t.HelmChartContainer - [hivemq-test-hivemq-platform] [hivemq-platform-operator] [1484d44a] 13:57:57.877 [ReconcilerExecutor-hivemq-controller-121] INFO  c.h.p.o.HiveMQPlatformReconciler - [helmlega] Reconciling HiveMQ Platform 'test-hivemq-legacy-platform' in namespace 'helmlegacystatefulsetmigrationit-operator'
2025-01-29 13:57:57,878 INFO c.h.h.t.HelmChartContainer - [hivemq-test-hivemq-platform] [hivemq-platform-operator] [1484d44a] 13:57:57.877 [ReconcilerExecutor-hivemq-controller-121] DEBUG c.h.p.o.HiveMQPlatformReconciler - [helmlega] Custom Resource Status ROLLING_RESTART - HiveMQ Platform is starting a surge Pod (rolling restart) (SURGE_IN_PROGRESS)
2025-01-29 13:57:57,879 INFO c.h.h.t.HelmChartContainer - [hivemq-test-hivemq-platform] [hivemq-platform-operator] [1484d44a] 13:57:57.877 [ReconcilerExecutor-hivemq-controller-121] DEBUG c.h.p.o.HiveMQPlatformReconciler - [helmlega] Custom Resource Spec (replicas: 1) (extensions: 2)
2025-01-29 13:57:57,880 INFO c.h.h.t.HelmChartContainer - [hivemq-test-hivemq-platform] [hivemq-platform-operator] [1484d44a] 13:57:57.879 [ReconcilerExecutor-hivemq-controller-121] DEBUG c.h.p.o.HiveMQPlatformReconciler - [helmlega] StatefulSet Status (revision: test-hivemq-legacy-platform-65df8dcb7f, replicas: 2, available: 1, ready: 1, current: 1, updated: 1)
2025-01-29 13:57:57,880 INFO c.h.h.t.HelmChartContainer - [hivemq-test-hivemq-platform] [hivemq-platform-operator] [1484d44a] 13:57:57.879 [ReconcilerExecutor-hivemq-controller-121] DEBUG c.h.p.o.HiveMQPlatformReconciler - [helmlega] StatefulSet Spec (replicas: 2, init containers: 1, containers: 1, volumes: 6)
2025-01-29 13:57:57,881 INFO c.h.h.t.HelmChartContainer - [hivemq-test-hivemq-platform] [hivemq-platform-operator] [1484d44a] 13:57:57.880 [ReconcilerExecutor-hivemq-controller-121] DEBUG c.h.p.o.h.HiveMQPlatformReconcilerErrorHandler - [helmlega] Pod 'test-hivemq-legacy-platform-1' phase Running
2025-01-29 13:57:57,882 INFO c.h.h.t.HelmChartContainer - [hivemq-test-hivemq-platform] [hivemq-platform-operator] [1484d44a] 13:57:57.882 [ReconcilerExecutor-hivemq-controller-121] DEBUG c.h.p.o.h.HiveMQPlatformReconcilerErrorHandler - [helmlega] Pod 'test-hivemq-legacy-platform-0' phase Running
2025-01-29 13:57:57,954 INFO c.h.h.t.HelmChartContainer - [hivemq-test-hivemq-platform] [hivemq-platform-operator] [1484d44a] 13:57:57.953 [ReconcilerExecutor-hivemq-controller-121] DEBUG c.h.p.o.h.HiveMQPlatformReconcilerRollingRestartHandler - [helmlega] Rolling restart is waiting for 1 of 2 replicas
2025-01-29 13:57:58,251 INFO c.h.h.t.HelmChartContainer - [test-hivemq-legacy-platform] [hivemq] [82cced63] INFO  - No valid license file for Data Hub found. Using free license, restricted to 1 policy.
2025-01-29 13:57:59,458 INFO c.h.h.t.HelmChartContainer - [test-hivemq-legacy-platform] [hivemq] [82cced63] INFO  - Audit Logger started.
2025-01-29 13:57:59,838 INFO c.h.h.t.HelmChartContainer - [test-hivemq-legacy-platform] [hivemq] [82cced63] INFO  - This node uses '1' CPU cores.
2025-01-29 13:57:59,843 INFO c.h.h.t.HelmChartContainer - [test-hivemq-legacy-platform] [hivemq] [82cced63] INFO  - Starting HiveMQ Health API on address 0.0.0.0 and port 8889
2025-01-29 13:58:00,838 INFO c.h.h.t.HelmChartContainer - [test-hivemq-legacy-platform] [hivemq] [82cced63] INFO  - Started HiveMQ Health API in 995ms
2025-01-29 13:58:01,646 INFO c.h.h.t.HelmChartContainer - [test-hivemq-legacy-platform] [hivemq] [82cced63] INFO  - Starting HiveMQ extension system.
2025-01-29 13:58:03,603 INFO c.h.h.t.HelmChartContainer - [EVENT] Warning [Unhealthy] Readiness probe failed: Get "http://10.42.0.11:7979/readiness": context deadline exceeded (Client.Timeout exceeded while awaiting headers) [helmlegacystatefulsetmigrationit-operator:test-hivemq-legacy-platform-1]
2025-01-29 13:58:03,603 INFO c.h.h.t.HelmChartContainer - Received Unhealthy event for container hivemq in pod test-hivemq-legacy-platform-1 [82cced63-ba7d-4c95-835a-2d557a689d20]
2025-01-29 13:58:03,739 INFO c.h.h.t.HelmChartContainer - [test-hivemq-legacy-platform] [hivemq] [82cced63] INFO  - [HiveMQ Platform Operator Init App 1.7.0-SNAPSHOT] Returning Health API response 503 for readiness
2025-01-29 13:58:05,042 INFO c.h.h.t.HelmChartContainer - [test-hivemq-legacy-platform] [hivemq] [82cced63] INFO  - No license found for enterprise extension with name "HiveMQ Enterprise Security Extension". Entering extension trial mode. "HiveMQ Enterprise Security Extension" will be disabled in 5 hours.
2025-01-29 13:58:05,153 INFO c.h.h.t.HelmChartContainer - [test-hivemq-legacy-platform] [hivemq] [82cced63] INFO  - Starting extension with id "hivemq-dns-cluster-discovery" at /opt/hivemq/extensions/hivemq-dns-cluster-discovery
2025-01-29 13:58:05,651 INFO c.h.h.t.HelmChartContainer - [test-hivemq-legacy-platform] [hivemq] [82cced63] INFO  - Extension "DNS Cluster Discovery Extension" version 4.3.2 started successfully.
2025-01-29 13:58:05,651 INFO c.h.h.t.HelmChartContainer - [test-hivemq-legacy-platform] [hivemq] [82cced63] INFO  - Starting extension with id "hivemq-enterprise-security-extension" at /opt/hivemq/extensions/hivemq-enterprise-security-extension
2025-01-29 13:58:05,652 INFO c.h.h.t.HelmChartContainer - [test-hivemq-legacy-platform] [hivemq] [82cced63] INFO  - Using TCP cluster transport on address 10.42.0.11 and port 7000
2025-01-29 13:58:05,744 INFO c.h.h.t.HelmChartContainer - [test-hivemq-legacy-platform] [hivemq] [82cced63] INFO  - Using extension cluster discovery
2025-01-29 13:58:06,947 INFO c.h.h.t.HelmChartContainer - [test-hivemq-legacy-platform] [hivemq] [a7da5cfe] INFO  - Cluster nodes found by discovery: [VORSQ|1] (2) [VORSQ, YyMrb].
2025-01-29 13:58:07,046 INFO c.h.h.t.HelmChartContainer - [test-hivemq-legacy-platform] [hivemq] [82cced63] INFO  - Cluster nodes found by discovery: [VORSQ|1] (2) [VORSQ, YyMrb].
2025-01-29 13:58:07,345 INFO c.h.h.t.HelmChartContainer - [test-hivemq-legacy-platform] [hivemq] [82cced63] INFO  - Cluster size = 1, members : [VORSQ].
2025-01-29 13:58:07,347 INFO c.h.h.t.HelmChartContainer - [test-hivemq-legacy-platform] [hivemq] [82cced63] WARN  - HiveMQ Enterprise Security Extension: The configuration file is placed at the legacy location '/opt/hivemq/extensions/hivemq-enterprise-security-extension/conf/enterprise-security-extension.xml'. Please move the configuration file to the new location '/opt/hivemq/extensions/hivemq-enterprise-security-extension/conf/config.xml'. Support for the legacy location will be removed in a future release.
2025-01-29 13:58:07,538 INFO c.h.h.t.HelmChartContainer - [test-hivemq-legacy-platform] [hivemq] [82cced63] INFO  - HiveMQ Enterprise Security Extension: Successfully loaded configuration from '/opt/hivemq/extensions/hivemq-enterprise-security-extension/conf/enterprise-security-extension.xml'.
2025-01-29 13:58:07,541 INFO c.h.h.t.HelmChartContainer - [test-hivemq-legacy-platform] [hivemq] [82cced63] INFO  - HiveMQ Enterprise Security Extension: Starting HiveMQ Enterprise Security Extension.
2025-01-29 13:58:07,653 INFO c.h.h.t.HelmChartContainer - [EVENT] Warning [Unhealthy] Readiness probe failed: HTTP probe failed with statuscode: 503 [helmlegacystatefulsetmigrationit-operator:test-hivemq-legacy-platform-1]
2025-01-29 13:58:07,654 INFO c.h.h.t.HelmChartContainer - Received Unhealthy event for container hivemq in pod test-hivemq-legacy-platform-1 [82cced63-ba7d-4c95-835a-2d557a689d20]
2025-01-29 13:58:07,940 INFO c.h.h.t.HelmChartContainer - [test-hivemq-legacy-platform] [hivemq] [82cced63] INFO  - HiveMQ Enterprise Security Extension: Access log is written to /opt/hivemq/log/access/access.log.
2025-01-29 13:58:07,951 INFO c.h.h.t.HelmChartContainer - [test-hivemq-legacy-platform] [hivemq] [82cced63] INFO  - Starting cluster join process. This may take a while. Please do not shut down HiveMQ.
2025-01-29 13:58:07,953 INFO c.h.h.t.HelmChartContainer - [test-hivemq-legacy-platform] [hivemq] [82cced63] INFO  - Cluster join process is still ongoing. Please do not shut down HiveMQ.
2025-01-29 13:58:07,962 INFO c.h.h.t.HelmChartContainer - [hivemq-test-hivemq-platform] [hivemq-platform-operator] [1484d44a] 13:58:07.959 [pool-6-thread-26] DEBUG c.h.p.o.d.PlatformServiceResource - [helmlega] Desired Platform services (4 services)
2025-01-29 13:58:07,962 INFO c.h.h.t.HelmChartContainer - [hivemq-test-hivemq-platform] [hivemq-platform-operator] [1484d44a] 13:58:07.959 [pool-6-thread-21] DEBUG c.h.p.o.d.PodServiceAccountResource - [helmlega] Desired PodServiceAccountResource (serviceAccountName: hivemq-platform-pod-test-hivemq-legacy-platform)
2025-01-29 13:58:07,962 INFO c.h.h.t.HelmChartContainer - [hivemq-test-hivemq-platform] [hivemq-platform-operator] [1484d44a] 13:58:07.960 [pool-6-thread-23] DEBUG c.h.p.o.dependants.PodInfoConfigMap - [helmlega] Desired PodInfo ConfigMap (2 extensions) (1 enabled)
2025-01-29 13:58:07,962 INFO c.h.h.t.HelmChartContainer - [hivemq-test-hivemq-platform] [hivemq-platform-operator] [1484d44a] 13:58:07.960 [pool-6-thread-23] DEBUG c.h.p.o.dependants.PodInfoConfigMap - [helmlega] Desired PodInfo ConfigMap (metrics port: 9399) (metrics path: /)
2025-01-29 13:58:07,962 INFO c.h.h.t.HelmChartContainer - [hivemq-test-hivemq-platform] [hivemq-platform-operator] [1484d44a] 13:58:07.960 [pool-6-thread-23] DEBUG c.h.p.o.dependants.PodInfoConfigMap - [helmlega] Desired PodInfo ConfigMap (extension state hash: 259316804)
2025-01-29 13:58:07,966 INFO c.h.h.t.HelmChartContainer - [hivemq-test-hivemq-platform] [hivemq-platform-operator] [1484d44a] 13:58:07.965 [pool-6-thread-26] DEBUG c.h.p.o.d.StatefulSetResource - [helmlega] Desired StatefulSet (2 replicas) for status ROLLING_RESTART (SURGE_IN_PROGRESS)
2025-01-29 13:58:07,972 INFO c.h.h.t.HelmChartContainer - [hivemq-test-hivemq-platform] [hivemq-platform-operator] [1484d44a] 13:58:07.969 [ReconcilerExecutor-hivemq-controller-122] INFO  c.h.p.o.HiveMQPlatformReconciler - [helmlega] Reconciling HiveMQ Platform 'test-hivemq-legacy-platform' in namespace 'helmlegacystatefulsetmigrationit-operator'
2025-01-29 13:58:07,975 INFO c.h.h.t.HelmChartContainer - [hivemq-test-hivemq-platform] [hivemq-platform-operator] [1484d44a] 13:58:07.969 [ReconcilerExecutor-hivemq-controller-122] DEBUG c.h.p.o.HiveMQPlatformReconciler - [helmlega] Custom Resource Status ROLLING_RESTART - HiveMQ Platform is starting a surge Pod (rolling restart) (SURGE_IN_PROGRESS)
2025-01-29 13:58:07,975 INFO c.h.h.t.HelmChartContainer - [hivemq-test-hivemq-platform] [hivemq-platform-operator] [1484d44a] 13:58:07.969 [ReconcilerExecutor-hivemq-controller-122] DEBUG c.h.p.o.HiveMQPlatformReconciler - [helmlega] Custom Resource Spec (replicas: 1) (extensions: 2)
2025-01-29 13:58:07,975 INFO c.h.h.t.HelmChartContainer - [hivemq-test-hivemq-platform] [hivemq-platform-operator] [1484d44a] 13:58:07.972 [ReconcilerExecutor-hivemq-controller-122] DEBUG c.h.p.o.HiveMQPlatformReconciler - [helmlega] StatefulSet Status (revision: test-hivemq-legacy-platform-65df8dcb7f, replicas: 2, available: 1, ready: 1, current: 1, updated: 1)
2025-01-29 13:58:07,975 INFO c.h.h.t.HelmChartContainer - [hivemq-test-hivemq-platform] [hivemq-platform-operator] [1484d44a] 13:58:07.972 [ReconcilerExecutor-hivemq-controller-122] DEBUG c.h.p.o.HiveMQPlatformReconciler - [helmlega] StatefulSet Spec (replicas: 2, init containers: 1, containers: 1, volumes: 6)
2025-01-29 13:58:07,975 INFO c.h.h.t.HelmChartContainer - [hivemq-test-hivemq-platform] [hivemq-platform-operator] [1484d44a] 13:58:07.973 [ReconcilerExecutor-hivemq-controller-122] DEBUG c.h.p.o.h.HiveMQPlatformReconcilerErrorHandler - [helmlega] Pod 'test-hivemq-legacy-platform-1' phase Running
2025-01-29 13:58:07,977 INFO c.h.h.t.HelmChartContainer - [hivemq-test-hivemq-platform] [hivemq-platform-operator] [1484d44a] 13:58:07.976 [ReconcilerExecutor-hivemq-controller-122] DEBUG c.h.p.o.h.HiveMQPlatformReconcilerErrorHandler - [helmlega] Pod 'test-hivemq-legacy-platform-0' phase Running
2025-01-29 13:58:08,055 INFO c.h.h.t.HelmChartContainer - [hivemq-test-hivemq-platform] [hivemq-platform-operator] [1484d44a] 13:58:08.053 [ReconcilerExecutor-hivemq-controller-122] DEBUG c.h.p.o.h.HiveMQPlatformReconcilerRollingRestartHandler - [helmlega] Rolling restart is waiting for 1 of 2 replicas
2025-01-29 13:58:08,442 INFO c.h.h.t.HelmChartContainer - [test-hivemq-legacy-platform] [hivemq] [82cced63] INFO  - HiveMQ Enterprise Security Extension: Started HiveMQ Enterprise Security Extension successfully in 2700ms.
2025-01-29 13:58:08,442 INFO c.h.h.t.HelmChartContainer - [test-hivemq-legacy-platform] [hivemq] [82cced63] INFO  - Extension "HiveMQ Enterprise Security Extension" version 4.36.0 started successfully.
2025-01-29 13:58:08,442 INFO c.h.h.t.HelmChartContainer - [test-hivemq-legacy-platform] [hivemq] [82cced63] INFO  - Starting extension with id "hivemq-prometheus-extension" at /opt/hivemq/extensions/hivemq-prometheus-extension
2025-01-29 13:58:08,944 INFO c.h.h.t.HelmChartContainer - [test-hivemq-legacy-platform] [hivemq] [82cced63] INFO  - Started Jetty Server exposing Prometheus Servlet on URI http://0.0.0.0:9399/
2025-01-29 13:58:08,944 INFO c.h.h.t.HelmChartContainer - [test-hivemq-legacy-platform] [hivemq] [82cced63] INFO  - Extension "Prometheus Monitoring Extension" version 4.0.12 started successfully.
2025-01-29 13:58:10,129 INFO c.h.h.t.HelmChartContainer - [test-hivemq-legacy-platform] [hivemq] [a7da5cfe] INFO  - Cluster size = 2, members : [YyMrb, VORSQ].
2025-01-29 13:58:10,140 INFO c.h.h.t.HelmChartContainer - [test-hivemq-legacy-platform] [hivemq] [82cced63] INFO  - Cluster size = 2, members : [YyMrb, VORSQ].
2025-01-29 13:58:10,144 INFO c.h.h.t.HelmChartContainer - [test-hivemq-legacy-platform] [hivemq] [82cced63] INFO  - Finished cluster join process successfully.
2025-01-29 13:58:10,146 INFO c.h.h.t.HelmChartContainer - [test-hivemq-legacy-platform] [hivemq] [82cced63] INFO  - Starting HiveMQ REST API on address 0.0.0.0 and port 8888
2025-01-29 13:58:10,655 INFO c.h.h.t.HelmChartContainer - [test-hivemq-legacy-platform] [hivemq] [82cced63] INFO  - Started HiveMQ REST API in 509ms
2025-01-29 13:58:10,656 INFO c.h.h.t.HelmChartContainer - [test-hivemq-legacy-platform] [hivemq] [82cced63] WARN  - No user for HiveMQ Control Center configured. Starting with default user
2025-01-29 13:58:10,657 INFO c.h.h.t.HelmChartContainer - [test-hivemq-legacy-platform] [hivemq] [82cced63] INFO  - Starting HiveMQ Control Center on address 0.0.0.0 and port 8080
2025-01-29 13:58:10,739 INFO c.h.h.t.HelmChartContainer - [test-hivemq-legacy-platform] [hivemq] [82cced63] INFO  - Mounting HiveMQ Control Center V2 Preview
2025-01-29 13:58:11,242 INFO c.h.h.t.HelmChartContainer - [test-hivemq-legacy-platform] [hivemq] [82cced63] INFO  - Started HiveMQ Control Center in 586ms
2025-01-29 13:58:11,257 INFO c.h.h.t.HelmChartContainer - [test-hivemq-legacy-platform] [hivemq] [82cced63] INFO  - Starting TCP listener on address 0.0.0.0 and port 1883
2025-01-29 13:58:11,342 INFO c.h.h.t.HelmChartContainer - [test-hivemq-legacy-platform] [hivemq] [82cced63] INFO  - Started TCP Listener on address 0.0.0.0 and on port 1883.
2025-01-29 13:58:11,342 INFO c.h.h.t.HelmChartContainer - [test-hivemq-legacy-platform] [hivemq] [82cced63] INFO  - Started HiveMQ in 33291ms
2025-01-29 13:58:12,564 INFO c.h.h.t.HelmChartContainer - [test-hivemq-legacy-platform] [hivemq] [82cced63] INFO  - [HiveMQ Platform Operator Init App 1.7.0-SNAPSHOT] Returning Health API response 200 for readiness
2025-01-29 13:58:12,577 INFO c.h.h.t.HelmChartContainer - [POD] test-hivemq-legacy-platform-1 [82cced63-ba7d-4c95-835a-2d557a689d20] in helmlegacystatefulsetmigrationit-operator was MODIFIED
2025-01-29 13:58:12,596 INFO c.h.h.t.HelmChartContainer - [hivemq-test-hivemq-platform] [hivemq-platform-operator] [1484d44a] 13:58:12.584 [pool-6-thread-33] DEBUG c.h.p.o.d.PlatformServiceResource - [helmlega] Desired Platform services (4 services)
2025-01-29 13:58:12,596 INFO c.h.h.t.HelmChartContainer - [hivemq-test-hivemq-platform] [hivemq-platform-operator] [1484d44a] 13:58:12.586 [pool-6-thread-35] DEBUG c.h.p.o.d.PodServiceAccountResource - [helmlega] Desired PodServiceAccountResource (serviceAccountName: hivemq-platform-pod-test-hivemq-legacy-platform)
2025-01-29 13:58:12,596 INFO c.h.h.t.HelmChartContainer - [hivemq-test-hivemq-platform] [hivemq-platform-operator] [1484d44a] 13:58:12.587 [pool-6-thread-36] DEBUG c.h.p.o.dependants.PodInfoConfigMap - [helmlega] Desired PodInfo ConfigMap (2 extensions) (1 enabled)
2025-01-29 13:58:12,596 INFO c.h.h.t.HelmChartContainer - [hivemq-test-hivemq-platform] [hivemq-platform-operator] [1484d44a] 13:58:12.588 [pool-6-thread-36] DEBUG c.h.p.o.dependants.PodInfoConfigMap - [helmlega] Desired PodInfo ConfigMap (metrics port: 9399) (metrics path: /)
2025-01-29 13:58:12,596 INFO c.h.h.t.HelmChartContainer - [hivemq-test-hivemq-platform] [hivemq-platform-operator] [1484d44a] 13:58:12.588 [pool-6-thread-36] DEBUG c.h.p.o.dependants.PodInfoConfigMap - [helmlega] Desired PodInfo ConfigMap (extension state hash: 259316804)
2025-01-29 13:58:12,598 INFO c.h.h.t.HelmChartContainer - [hivemq-test-hivemq-platform] [hivemq-platform-operator] [1484d44a] 13:58:12.594 [pool-6-thread-33] DEBUG c.h.p.o.d.StatefulSetResource - [helmlega] Desired StatefulSet (2 replicas) for status ROLLING_RESTART (SURGE_IN_PROGRESS)
2025-01-29 13:58:12,602 INFO c.h.h.t.HelmChartContainer - [hivemq-test-hivemq-platform] [hivemq-platform-operator] [1484d44a] 13:58:12.598 [ReconcilerExecutor-hivemq-controller-123] INFO  c.h.p.o.HiveMQPlatformReconciler - [helmlega] Reconciling HiveMQ Platform 'test-hivemq-legacy-platform' in namespace 'helmlegacystatefulsetmigrationit-operator'
2025-01-29 13:58:12,603 INFO c.h.h.t.HelmChartContainer - [hivemq-test-hivemq-platform] [hivemq-platform-operator] [1484d44a] 13:58:12.598 [ReconcilerExecutor-hivemq-controller-123] DEBUG c.h.p.o.HiveMQPlatformReconciler - [helmlega] Custom Resource Status ROLLING_RESTART - HiveMQ Platform is starting a surge Pod (rolling restart) (SURGE_IN_PROGRESS)
2025-01-29 13:58:12,603 INFO c.h.h.t.HelmChartContainer - [hivemq-test-hivemq-platform] [hivemq-platform-operator] [1484d44a] 13:58:12.598 [ReconcilerExecutor-hivemq-controller-123] DEBUG c.h.p.o.HiveMQPlatformReconciler - [helmlega] Custom Resource Spec (replicas: 1) (extensions: 2)
2025-01-29 13:58:12,603 INFO c.h.h.t.HelmChartContainer - [hivemq-test-hivemq-platform] [hivemq-platform-operator] [1484d44a] 13:58:12.600 [ReconcilerExecutor-hivemq-controller-123] DEBUG c.h.p.o.HiveMQPlatformReconciler - [helmlega] StatefulSet Status (revision: test-hivemq-legacy-platform-65df8dcb7f, replicas: 2, available: 1, ready: 1, current: 1, updated: 1)
2025-01-29 13:58:12,603 INFO c.h.h.t.HelmChartContainer - [hivemq-test-hivemq-platform] [hivemq-platform-operator] [1484d44a] 13:58:12.600 [ReconcilerExecutor-hivemq-controller-123] DEBUG c.h.p.o.HiveMQPlatformReconciler - [helmlega] StatefulSet Spec (replicas: 2, init containers: 1, containers: 1, volumes: 6)
2025-01-29 13:58:12,657 INFO c.h.h.t.HelmChartContainer - [hivemq-test-hivemq-platform] [hivemq-platform-operator] [1484d44a] 13:58:12.654 [ReconcilerExecutor-hivemq-controller-123] DEBUG c.h.p.o.h.HiveMQPlatformReconcilerErrorHandler - [helmlega] Pod 'test-hivemq-legacy-platform-1' phase Running
2025-01-29 13:58:12,660 INFO c.h.h.t.HelmChartContainer - [hivemq-test-hivemq-platform] [hivemq-platform-operator] [1484d44a] 13:58:12.656 [ReconcilerExecutor-hivemq-controller-123] DEBUG c.h.p.o.h.HiveMQPlatformReconcilerErrorHandler - [helmlega] Pod 'test-hivemq-legacy-platform-0' phase Running
2025-01-29 13:58:12,660 INFO c.h.h.t.HelmChartContainer - [hivemq-test-hivemq-platform] [hivemq-platform-operator] [1484d44a] 13:58:12.657 [ReconcilerExecutor-hivemq-controller-123] DEBUG c.h.p.o.h.HiveMQPlatformReconcilerRollingRestartHandler - [helmlega] Rolling restart is waiting for 1 of 2 replicas
2025-01-29 13:58:12,663 INFO c.h.h.t.HelmChartContainer - [hivemq-test-hivemq-platform] [hivemq-platform-operator] [1484d44a] 13:58:12.661 [pool-6-thread-48] DEBUG c.h.p.o.d.PlatformServiceResource - [helmlega] Desired Platform services (4 services)
2025-01-29 13:58:12,665 INFO c.h.h.t.HelmChartContainer - [hivemq-test-hivemq-platform] [hivemq-platform-operator] [1484d44a] 13:58:12.662 [pool-6-thread-42] DEBUG c.h.p.o.dependants.PodInfoConfigMap - [helmlega] Desired PodInfo ConfigMap (2 extensions) (1 enabled)
2025-01-29 13:58:12,665 INFO c.h.h.t.HelmChartContainer - [hivemq-test-hivemq-platform] [hivemq-platform-operator] [1484d44a] 13:58:12.664 [pool-6-thread-42] DEBUG c.h.p.o.dependants.PodInfoConfigMap - [helmlega] Desired PodInfo ConfigMap (metrics port: 9399) (metrics path: /)
2025-01-29 13:58:12,667 INFO c.h.h.t.HelmChartContainer - [hivemq-test-hivemq-platform] [hivemq-platform-operator] [1484d44a] 13:58:12.664 [pool-6-thread-42] DEBUG c.h.p.o.dependants.PodInfoConfigMap - [helmlega] Desired PodInfo ConfigMap (extension state hash: 259316804)
2025-01-29 13:58:12,668 INFO c.h.h.t.HelmChartContainer - [hivemq-test-hivemq-platform] [hivemq-platform-operator] [1484d44a] 13:58:12.663 [pool-6-thread-47] DEBUG c.h.p.o.d.PodServiceAccountResource - [helmlega] Desired PodServiceAccountResource (serviceAccountName: hivemq-platform-pod-test-hivemq-legacy-platform)
2025-01-29 13:58:12,673 INFO c.h.h.t.HelmChartContainer - [hivemq-test-hivemq-platform] [hivemq-platform-operator] [1484d44a] 13:58:12.672 [pool-6-thread-48] DEBUG c.h.p.o.d.StatefulSetResource - [helmlega] Desired StatefulSet (2 replicas) for status ROLLING_RESTART (SURGE_IN_PROGRESS)
2025-01-29 13:58:12,754 INFO c.h.h.t.HelmChartContainer - [hivemq-test-hivemq-platform] [hivemq-platform-operator] [1484d44a] 13:58:12.752 [ReconcilerExecutor-hivemq-controller-124] INFO  c.h.p.o.HiveMQPlatformReconciler - [helmlega] Reconciling HiveMQ Platform 'test-hivemq-legacy-platform' in namespace 'helmlegacystatefulsetmigrationit-operator'
2025-01-29 13:58:12,754 INFO c.h.h.t.HelmChartContainer - [hivemq-test-hivemq-platform] [hivemq-platform-operator] [1484d44a] 13:58:12.753 [ReconcilerExecutor-hivemq-controller-124] DEBUG c.h.p.o.HiveMQPlatformReconciler - [helmlega] Custom Resource Status ROLLING_RESTART - HiveMQ Platform is starting a surge Pod (rolling restart) (SURGE_IN_PROGRESS)
2025-01-29 13:58:12,754 INFO c.h.h.t.HelmChartContainer - [hivemq-test-hivemq-platform] [hivemq-platform-operator] [1484d44a] 13:58:12.753 [ReconcilerExecutor-hivemq-controller-124] DEBUG c.h.p.o.HiveMQPlatformReconciler - [helmlega] Custom Resource Spec (replicas: 1) (extensions: 2)
2025-01-29 13:58:12,757 INFO c.h.h.t.HelmChartContainer - [hivemq-test-hivemq-platform] [hivemq-platform-operator] [1484d44a] 13:58:12.756 [ReconcilerExecutor-hivemq-controller-124] DEBUG c.h.p.o.HiveMQPlatformReconciler - [helmlega] StatefulSet Status (revision: test-hivemq-legacy-platform-65df8dcb7f, replicas: 2, available: 2, ready: 2, current: 1, updated: 1)
2025-01-29 13:58:12,758 INFO c.h.h.t.HelmChartContainer - [hivemq-test-hivemq-platform] [hivemq-platform-operator] [1484d44a] 13:58:12.756 [ReconcilerExecutor-hivemq-controller-124] DEBUG c.h.p.o.HiveMQPlatformReconciler - [helmlega] StatefulSet Spec (replicas: 2, init containers: 1, containers: 1, volumes: 6)
2025-01-29 13:58:12,762 INFO c.h.h.t.HelmChartContainer - [hivemq-test-hivemq-platform] [hivemq-platform-operator] [1484d44a] 13:58:12.758 [ReconcilerExecutor-hivemq-controller-124] DEBUG c.h.p.o.h.HiveMQPlatformReconcilerErrorHandler - [helmlega] Pod 'test-hivemq-legacy-platform-1' phase Running
2025-01-29 13:58:12,763 INFO c.h.h.t.HelmChartContainer - [hivemq-test-hivemq-platform] [hivemq-platform-operator] [1484d44a] 13:58:12.760 [ReconcilerExecutor-hivemq-controller-124] DEBUG c.h.p.o.h.HiveMQPlatformReconcilerErrorHandler - [helmlega] Pod 'test-hivemq-legacy-platform-0' phase Running
2025-01-29 13:58:12,763 INFO c.h.h.t.HelmChartContainer - [hivemq-test-hivemq-platform] [hivemq-platform-operator] [1484d44a] 13:58:12.761 [ReconcilerExecutor-hivemq-controller-124] INFO  c.h.p.o.h.HiveMQPlatformReconcilerRollingRestartHandler - [helmlega] Surge Pod started successfully
2025-01-29 13:58:12,864 INFO c.h.h.t.HelmChartContainer - [hivemq-test-hivemq-platform] [hivemq-platform-operator] [1484d44a] 13:58:12.863 [ReconcilerExecutor-hivemq-controller-124] DEBUG c.h.p.operator.event.EventSender - [helmlega] Creating K8s event rolling-restart-surge-in-progress: [RollingRestart] HiveMQ Platform is restarting Pods (rolling restart)
2025-01-29 13:58:12,870 INFO c.h.h.t.HelmChartContainer - [EVENT] Normal [RollingRestart] HiveMQ Platform is restarting Pods (rolling restart) [helmlegacystatefulsetmigrationit-operator:test-hivemq-legacy-platform]
2025-01-29 13:58:12,872 INFO c.h.h.t.HelmChartContainer - [hivemq-test-hivemq-platform] [hivemq-platform-operator] [1484d44a] 13:58:12.870 [ReconcilerExecutor-hivemq-controller-124] INFO  c.h.p.o.h.AbstractHiveMQReconcilerStateHandler - [helmlega] Update HiveMQ Platform Status (ROLLING_RESTART [SURGE_IN_PROGRESS] -> ROLLING_RESTART [RESTART_PODS_IN_PROGRESS]): HiveMQ Platform is restarting Pods (rolling restart)
2025-01-29 13:58:12,882 DEBUG com.hivemq.helmcharts.util.K8sUtil - Comparing actual state 'ROLLING_RESTART' and waiting for 'RUNNING'
2025-01-29 13:58:13,857 INFO c.h.h.t.HelmChartContainer - [test-hivemq-legacy-platform] [hivemq] [82cced63] INFO  - [HiveMQ Platform Operator Init App 1.7.0-SNAPSHOT] Returning Health API response 200 for liveness
2025-01-29 13:58:22,960 INFO c.h.h.t.HelmChartContainer - [hivemq-test-hivemq-platform] [hivemq-platform-operator] [1484d44a] 13:58:22.956 [pool-6-thread-5] DEBUG c.h.p.o.d.PlatformServiceResource - [helmlega] Desired Platform services (4 services)
2025-01-29 13:58:22,960 INFO c.h.h.t.HelmChartContainer - [hivemq-test-hivemq-platform] [hivemq-platform-operator] [1484d44a] 13:58:22.957 [pool-6-thread-9] DEBUG c.h.p.o.dependants.PodInfoConfigMap - [helmlega] Desired PodInfo ConfigMap (2 extensions) (1 enabled)
2025-01-29 13:58:22,960 INFO c.h.h.t.HelmChartContainer - [hivemq-test-hivemq-platform] [hivemq-platform-operator] [1484d44a] 13:58:22.957 [pool-6-thread-9] DEBUG c.h.p.o.dependants.PodInfoConfigMap - [helmlega] Desired PodInfo ConfigMap (metrics port: 9399) (metrics path: /)
2025-01-29 13:58:22,960 INFO c.h.h.t.HelmChartContainer - [hivemq-test-hivemq-platform] [hivemq-platform-operator] [1484d44a] 13:58:22.957 [pool-6-thread-9] DEBUG c.h.p.o.dependants.PodInfoConfigMap - [helmlega] Desired PodInfo ConfigMap (extension state hash: 259316804)
2025-01-29 13:58:22,962 INFO c.h.h.t.HelmChartContainer - [hivemq-test-hivemq-platform] [hivemq-platform-operator] [1484d44a] 13:58:22.961 [pool-6-thread-6] DEBUG c.h.p.o.d.PodServiceAccountResource - [helmlega] Desired PodServiceAccountResource (serviceAccountName: hivemq-platform-pod-test-hivemq-legacy-platform)
2025-01-29 13:58:22,966 INFO c.h.h.t.HelmChartContainer - [hivemq-test-hivemq-platform] [hivemq-platform-operator] [1484d44a] 13:58:22.965 [pool-6-thread-7] DEBUG c.h.p.o.d.StatefulSetResource - [helmlega] Desired StatefulSet (2 replicas) for status ROLLING_RESTART (RESTART_PODS_IN_PROGRESS)
2025-01-29 13:58:22,971 INFO c.h.h.t.HelmChartContainer - [hivemq-test-hivemq-platform] [hivemq-platform-operator] [1484d44a] 13:58:22.969 [ReconcilerExecutor-hivemq-controller-125] INFO  c.h.p.o.HiveMQPlatformReconciler - [helmlega] Reconciling HiveMQ Platform 'test-hivemq-legacy-platform' in namespace 'helmlegacystatefulsetmigrationit-operator'
2025-01-29 13:58:22,972 INFO c.h.h.t.HelmChartContainer - [hivemq-test-hivemq-platform] [hivemq-platform-operator] [1484d44a] 13:58:22.969 [ReconcilerExecutor-hivemq-controller-125] DEBUG c.h.p.o.HiveMQPlatformReconciler - [helmlega] Custom Resource Status ROLLING_RESTART - HiveMQ Platform is restarting Pods (rolling restart) (RESTART_PODS_IN_PROGRESS)
2025-01-29 13:58:22,973 INFO c.h.h.t.HelmChartContainer - [hivemq-test-hivemq-platform] [hivemq-platform-operator] [1484d44a] 13:58:22.969 [ReconcilerExecutor-hivemq-controller-125] DEBUG c.h.p.o.HiveMQPlatformReconciler - [helmlega] Custom Resource Spec (replicas: 1) (extensions: 2)
2025-01-29 13:58:22,975 INFO c.h.h.t.HelmChartContainer - [hivemq-test-hivemq-platform] [hivemq-platform-operator] [1484d44a] 13:58:22.972 [ReconcilerExecutor-hivemq-controller-125] DEBUG c.h.p.o.HiveMQPlatformReconciler - [helmlega] StatefulSet Status (revision: test-hivemq-legacy-platform-65df8dcb7f, replicas: 2, available: 2, ready: 2, current: 1, updated: 1)
2025-01-29 13:58:22,976 INFO c.h.h.t.HelmChartContainer - [hivemq-test-hivemq-platform] [hivemq-platform-operator] [1484d44a] 13:58:22.973 [ReconcilerExecutor-hivemq-controller-125] DEBUG c.h.p.o.HiveMQPlatformReconciler - [helmlega] StatefulSet Spec (replicas: 2, init containers: 1, containers: 1, volumes: 6)
2025-01-29 13:58:22,977 INFO c.h.h.t.HelmChartContainer - [hivemq-test-hivemq-platform] [hivemq-platform-operator] [1484d44a] 13:58:22.974 [ReconcilerExecutor-hivemq-controller-125] DEBUG c.h.p.o.h.HiveMQPlatformReconcilerErrorHandler - [helmlega] Pod 'test-hivemq-legacy-platform-1' phase Running
2025-01-29 13:58:22,978 INFO c.h.h.t.HelmChartContainer - [hivemq-test-hivemq-platform] [hivemq-platform-operator] [1484d44a] 13:58:22.977 [ReconcilerExecutor-hivemq-controller-125] DEBUG c.h.p.o.h.HiveMQPlatformReconcilerErrorHandler - [helmlega] Pod 'test-hivemq-legacy-platform-0' phase Running
2025-01-29 13:58:23,060 INFO c.h.h.t.HelmChartContainer - [hivemq-test-hivemq-platform] [hivemq-platform-operator] [1484d44a] 13:58:23.056 [ReconcilerExecutor-hivemq-controller-125] DEBUG c.h.p.o.h.HiveMQPlatformReconcilerRollingRestartHandler - [helmlega] Skipping Pod test-hivemq-legacy-platform-1 as it's already on the controller update revision (update revision: test-hivemq-legacy-platform-65df8dcb7f, pod revision: test-hivemq-legacy-platform-65df8dcb7f)
2025-01-29 13:58:23,071 INFO c.h.h.t.HelmChartContainer - [hivemq-test-hivemq-platform] [hivemq-platform-operator] [1484d44a] 13:58:23.070 [ReconcilerExecutor-hivemq-controller-125] DEBUG c.h.p.o.h.HiveMQPlatformReconcilerRollingRestartHandler - [helmlega] The last Pod is running for 70 seconds, the next Pod can be restarted
2025-01-29 13:58:23,071 INFO c.h.h.t.HelmChartContainer - [hivemq-test-hivemq-platform] [hivemq-platform-operator] [1484d44a] 13:58:23.070 [ReconcilerExecutor-hivemq-controller-125] INFO  c.h.p.o.h.HiveMQPlatformReconcilerRollingRestartHandler - [helmlega] Restarting Pod test-hivemq-legacy-platform-0 as it's not matching the controller update revision (update revision: test-hivemq-legacy-platform-65df8dcb7f, pod revision: test-hivemq-legacy-platform-84fd8d4856)
2025-01-29 13:58:23,081 INFO c.h.h.t.HelmChartContainer - [POD] test-hivemq-legacy-platform-0 [a7da5cfe-cafb-444f-9c1d-a9021d1fa654] in helmlegacystatefulsetmigrationit-operator was MODIFIED
2025-01-29 13:58:23,100 INFO c.h.h.t.HelmChartContainer - [EVENT] Normal [Killing] Stopping container hivemq [helmlegacystatefulsetmigrationit-operator:test-hivemq-legacy-platform-0]
2025-01-29 13:58:23,100 INFO c.h.h.t.HelmChartContainer - Received Killing event for container hivemq in pod test-hivemq-legacy-platform-0 [a7da5cfe-cafb-444f-9c1d-a9021d1fa654]
2025-01-29 13:58:23,100 INFO c.h.h.t.HelmChartContainer - Container [test-hivemq-legacy-platform-0] [hivemq] [a7da5cfe-cafb-444f-9c1d-a9021d1fa654] was terminated
2025-01-29 13:58:23,100 INFO c.h.h.t.HelmChartContainer - Stopped log watcher for hivemq in pod test-hivemq-legacy-platform-0 [a7da5cfe-cafb-444f-9c1d-a9021d1fa654]
2025-01-29 13:58:23,163 INFO c.h.h.t.HelmChartContainer - [hivemq-test-hivemq-platform] [hivemq-platform-operator] [1484d44a] 13:58:23.157 [pool-6-thread-17] DEBUG c.h.p.o.d.PlatformServiceResource - [helmlega] Desired Platform services (4 services)
2025-01-29 13:58:23,164 INFO c.h.h.t.HelmChartContainer - [hivemq-test-hivemq-platform] [hivemq-platform-operator] [1484d44a] 13:58:23.158 [pool-6-thread-19] DEBUG c.h.p.o.dependants.PodInfoConfigMap - [helmlega] Desired PodInfo ConfigMap (2 extensions) (1 enabled)
2025-01-29 13:58:23,165 INFO c.h.h.t.HelmChartContainer - [hivemq-test-hivemq-platform] [hivemq-platform-operator] [1484d44a] 13:58:23.158 [pool-6-thread-19] DEBUG c.h.p.o.dependants.PodInfoConfigMap - [helmlega] Desired PodInfo ConfigMap (metrics port: 9399) (metrics path: /)
2025-01-29 13:58:23,165 INFO c.h.h.t.HelmChartContainer - [hivemq-test-hivemq-platform] [hivemq-platform-operator] [1484d44a] 13:58:23.158 [pool-6-thread-19] DEBUG c.h.p.o.dependants.PodInfoConfigMap - [helmlega] Desired PodInfo ConfigMap (extension state hash: 259316804)
2025-01-29 13:58:23,165 INFO c.h.h.t.HelmChartContainer - [hivemq-test-hivemq-platform] [hivemq-platform-operator] [1484d44a] 13:58:23.159 [pool-6-thread-14] DEBUG c.h.p.o.d.PodServiceAccountResource - [helmlega] Desired PodServiceAccountResource (serviceAccountName: hivemq-platform-pod-test-hivemq-legacy-platform)
2025-01-29 13:58:23,168 INFO c.h.h.t.HelmChartContainer - [hivemq-test-hivemq-platform] [hivemq-platform-operator] [1484d44a] 13:58:23.167 [pool-6-thread-17] DEBUG c.h.p.o.d.StatefulSetResource - [helmlega] Desired StatefulSet (2 replicas) for status ROLLING_RESTART (RESTART_PODS_IN_PROGRESS)
2025-01-29 13:58:23,171 INFO c.h.h.t.HelmChartContainer - [hivemq-test-hivemq-platform] [hivemq-platform-operator] [1484d44a] 13:58:23.170 [ReconcilerExecutor-hivemq-controller-126] INFO  c.h.p.o.HiveMQPlatformReconciler - [helmlega] Reconciling HiveMQ Platform 'test-hivemq-legacy-platform' in namespace 'helmlegacystatefulsetmigrationit-operator'
2025-01-29 13:58:23,171 INFO c.h.h.t.HelmChartContainer - [hivemq-test-hivemq-platform] [hivemq-platform-operator] [1484d44a] 13:58:23.170 [ReconcilerExecutor-hivemq-controller-126] DEBUG c.h.p.o.HiveMQPlatformReconciler - [helmlega] Custom Resource Status ROLLING_RESTART - HiveMQ Platform is restarting Pods (rolling restart) (RESTART_PODS_IN_PROGRESS)
2025-01-29 13:58:23,171 INFO c.h.h.t.HelmChartContainer - [hivemq-test-hivemq-platform] [hivemq-platform-operator] [1484d44a] 13:58:23.170 [ReconcilerExecutor-hivemq-controller-126] DEBUG c.h.p.o.HiveMQPlatformReconciler - [helmlega] Custom Resource Spec (replicas: 1) (extensions: 2)
2025-01-29 13:58:23,173 INFO c.h.h.t.HelmChartContainer - [hivemq-test-hivemq-platform] [hivemq-platform-operator] [1484d44a] 13:58:23.171 [ReconcilerExecutor-hivemq-controller-126] DEBUG c.h.p.o.HiveMQPlatformReconciler - [helmlega] StatefulSet Status (revision: test-hivemq-legacy-platform-65df8dcb7f, replicas: 2, available: 2, ready: 2, current: 1, updated: 1)
2025-01-29 13:58:23,173 INFO c.h.h.t.HelmChartContainer - [hivemq-test-hivemq-platform] [hivemq-platform-operator] [1484d44a] 13:58:23.171 [ReconcilerExecutor-hivemq-controller-126] DEBUG c.h.p.o.HiveMQPlatformReconciler - [helmlega] StatefulSet Spec (replicas: 2, init containers: 1, containers: 1, volumes: 6)
2025-01-29 13:58:23,173 INFO c.h.h.t.HelmChartContainer - [hivemq-test-hivemq-platform] [hivemq-platform-operator] [1484d44a] 13:58:23.172 [ReconcilerExecutor-hivemq-controller-126] DEBUG c.h.p.o.h.HiveMQPlatformReconcilerErrorHandler - [helmlega] Pod 'test-hivemq-legacy-platform-1' phase Running
2025-01-29 13:58:23,256 INFO c.h.h.t.HelmChartContainer - [hivemq-test-hivemq-platform] [hivemq-platform-operator] [1484d44a] 13:58:23.253 [ReconcilerExecutor-hivemq-controller-126] DEBUG c.h.p.o.h.HiveMQPlatformReconcilerErrorHandler - [helmlega] Pod 'test-hivemq-legacy-platform-0' phase Running
2025-01-29 13:58:23,266 INFO c.h.h.t.HelmChartContainer - [hivemq-test-hivemq-platform] [hivemq-platform-operator] [1484d44a] 13:58:23.264 [ReconcilerExecutor-hivemq-controller-126] DEBUG c.h.p.o.h.HiveMQPlatformReconcilerRollingRestartHandler - [helmlega] Skipping Pod test-hivemq-legacy-platform-1 as it's already on the controller update revision (update revision: test-hivemq-legacy-platform-65df8dcb7f, pod revision: test-hivemq-legacy-platform-65df8dcb7f)
2025-01-29 13:58:23,279 INFO c.h.h.t.HelmChartContainer - [hivemq-test-hivemq-platform] [hivemq-platform-operator] [1484d44a] 13:58:23.277 [ReconcilerExecutor-hivemq-controller-126] DEBUG c.h.p.o.h.HiveMQPlatformReconcilerRollingRestartHandler - [helmlega] The last Pod is running for 70 seconds, the next Pod can be restarted
2025-01-29 13:58:23,279 INFO c.h.h.t.HelmChartContainer - [hivemq-test-hivemq-platform] [hivemq-platform-operator] [1484d44a] 13:58:23.277 [ReconcilerExecutor-hivemq-controller-126] INFO  c.h.p.o.h.HiveMQPlatformReconcilerRollingRestartHandler - [helmlega] Restarting Pod test-hivemq-legacy-platform-0 as it's not matching the controller update revision (update revision: test-hivemq-legacy-platform-65df8dcb7f, pod revision: test-hivemq-legacy-platform-84fd8d4856)
2025-01-29 13:58:23,410 INFO c.h.h.t.HelmChartContainer - [test-hivemq-legacy-platform] [hivemq] [a7da5cfe] INFO  - Shutting down HiveMQ. Please wait, this could take a while...
2025-01-29 13:58:23,432 INFO c.h.h.t.HelmChartContainer - [test-hivemq-legacy-platform] [hivemq] [a7da5cfe] INFO  - Shutting down listeners and clients
2025-01-29 13:58:23,432 INFO c.h.h.t.HelmChartContainer - [test-hivemq-legacy-platform] [hivemq] [a7da5cfe] INFO  - Shutdown of listeners is done
2025-01-29 13:58:23,432 INFO c.h.h.t.HelmChartContainer - [test-hivemq-legacy-platform] [hivemq] [a7da5cfe] INFO  - No clients are connected, proceeding with shutdown
2025-01-29 13:58:26,840 INFO c.h.h.t.HelmChartContainer - [test-hivemq-legacy-platform] [hivemq] [a7da5cfe] INFO  - Shutting down extension system
2025-01-29 13:58:26,844 INFO c.h.h.t.HelmChartContainer - [test-hivemq-legacy-platform] [hivemq] [a7da5cfe] INFO  - Stopping extension with id hivemq-dns-cluster-discovery
2025-01-29 13:58:26,845 INFO c.h.h.t.HelmChartContainer - [test-hivemq-legacy-platform] [hivemq] [a7da5cfe] INFO  - Extension "DNS Cluster Discovery Extension" version 4.3.3 stopped successfully.
2025-01-29 13:58:26,845 INFO c.h.h.t.HelmChartContainer - [test-hivemq-legacy-platform] [hivemq] [a7da5cfe] INFO  - Stopping extension with id hivemq-prometheus-extension
2025-01-29 13:58:26,848 INFO c.h.h.t.HelmChartContainer - [test-hivemq-legacy-platform] [hivemq] [a7da5cfe] INFO  - Extension "Prometheus Monitoring Extension" version 4.0.13 stopped successfully.
2025-01-29 13:58:26,849 INFO c.h.h.t.HelmChartContainer - [test-hivemq-legacy-platform] [hivemq] [a7da5cfe] INFO  - Stopping extension with id hivemq-k8s-sync-extension
2025-01-29 13:58:26,850 INFO c.h.h.t.HelmChartContainer - [test-hivemq-legacy-platform] [hivemq] [a7da5cfe] INFO  - Stopped HiveMQ Kubernetes State Synchronization Extension:1.0.3
2025-01-29 13:58:26,850 INFO c.h.h.t.HelmChartContainer - [test-hivemq-legacy-platform] [hivemq] [a7da5cfe] INFO  - Extension "HiveMQ Kubernetes State Synchronization Extension" version 1.0.3 stopped successfully.
2025-01-29 13:58:26,850 INFO c.h.h.t.HelmChartContainer - [test-hivemq-legacy-platform] [hivemq] [a7da5cfe] INFO  - Stopping extension with id hivemq-enterprise-security-extension
2025-01-29 13:58:26,850 INFO c.h.h.t.HelmChartContainer - [test-hivemq-legacy-platform] [hivemq] [a7da5cfe] INFO  - HiveMQ Enterprise Security Extension: Shutting down HiveMQ Enterprise Security Extension.
2025-01-29 13:58:29,852 INFO c.h.h.t.HelmChartContainer - [test-hivemq-legacy-platform] [hivemq] [a7da5cfe] INFO  - HiveMQ Enterprise Security Extension: Stopped HiveMQ Enterprise Security Extension successfully in 3002ms.
2025-01-29 13:58:29,852 INFO c.h.h.t.HelmChartContainer - [test-hivemq-legacy-platform] [hivemq] [a7da5cfe] INFO  - Extension "HiveMQ Enterprise Security Extension" version 4.36.0 stopped successfully.
2025-01-29 13:58:29,863 INFO c.h.h.t.HelmChartContainer - [test-hivemq-legacy-platform] [hivemq] [82cced63] INFO  - Cluster nodes found by discovery: [YyMrb|2] (1) [YyMrb].
2025-01-29 13:58:29,864 INFO c.h.h.t.HelmChartContainer - [test-hivemq-legacy-platform] [hivemq] [82cced63] INFO  - Cluster size = 1, members : [YyMrb].
2025-01-29 13:58:32,437 INFO c.h.h.t.HelmChartContainer - [test-hivemq-legacy-platform] [hivemq] [a7da5cfe] INFO  - Shutdown completed.
2025-01-29 13:58:33,006 INFO c.h.h.t.HelmChartContainer - [POD] test-hivemq-legacy-platform-0 [a7da5cfe-cafb-444f-9c1d-a9021d1fa654] in helmlegacystatefulsetmigrationit-operator was MODIFIED
2025-01-29 13:58:33,017 INFO c.h.h.t.HelmChartContainer - [hivemq-test-hivemq-platform] [hivemq-platform-operator] [1484d44a] 13:58:33.013 [pool-6-thread-21] DEBUG c.h.p.o.d.PlatformServiceResource - [helmlega] Desired Platform services (4 services)
2025-01-29 13:58:33,029 INFO c.h.h.t.HelmChartContainer - [hivemq-test-hivemq-platform] [hivemq-platform-operator] [1484d44a] 13:58:33.019 [pool-6-thread-22] DEBUG c.h.p.o.dependants.PodInfoConfigMap - [helmlega] Desired PodInfo ConfigMap (2 extensions) (1 enabled)
2025-01-29 13:58:33,029 INFO c.h.h.t.HelmChartContainer - [hivemq-test-hivemq-platform] [hivemq-platform-operator] [1484d44a] 13:58:33.020 [pool-6-thread-22] DEBUG c.h.p.o.dependants.PodInfoConfigMap - [helmlega] Desired PodInfo ConfigMap (metrics port: 9399) (metrics path: /)
2025-01-29 13:58:33,029 INFO c.h.h.t.HelmChartContainer - [hivemq-test-hivemq-platform] [hivemq-platform-operator] [1484d44a] 13:58:33.020 [pool-6-thread-22] DEBUG c.h.p.o.dependants.PodInfoConfigMap - [helmlega] Desired PodInfo ConfigMap (extension state hash: 259316804)
2025-01-29 13:58:33,029 INFO c.h.h.t.HelmChartContainer - [hivemq-test-hivemq-platform] [hivemq-platform-operator] [1484d44a] 13:58:33.020 [pool-6-thread-22] DEBUG c.h.p.o.d.PodServiceAccountResource - [helmlega] Desired PodServiceAccountResource (serviceAccountName: hivemq-platform-pod-test-hivemq-legacy-platform)
2025-01-29 13:58:33,029 INFO c.h.h.t.HelmChartContainer - [hivemq-test-hivemq-platform] [hivemq-platform-operator] [1484d44a] 13:58:33.024 [pool-6-thread-21] DEBUG c.h.p.o.d.StatefulSetResource - [helmlega] Desired StatefulSet (2 replicas) for status ROLLING_RESTART (RESTART_PODS_IN_PROGRESS)
2025-01-29 13:58:33,035 INFO c.h.h.t.HelmChartContainer - [hivemq-test-hivemq-platform] [hivemq-platform-operator] [1484d44a] 13:58:33.032 [ReconcilerExecutor-hivemq-controller-127] INFO  c.h.p.o.HiveMQPlatformReconciler - [helmlega] Reconciling HiveMQ Platform 'test-hivemq-legacy-platform' in namespace 'helmlegacystatefulsetmigrationit-operator'
2025-01-29 13:58:33,035 INFO c.h.h.t.HelmChartContainer - [hivemq-test-hivemq-platform] [hivemq-platform-operator] [1484d44a] 13:58:33.032 [ReconcilerExecutor-hivemq-controller-127] DEBUG c.h.p.o.HiveMQPlatformReconciler - [helmlega] Custom Resource Status ROLLING_RESTART - HiveMQ Platform is restarting Pods (rolling restart) (RESTART_PODS_IN_PROGRESS)
2025-01-29 13:58:33,035 INFO c.h.h.t.HelmChartContainer - [hivemq-test-hivemq-platform] [hivemq-platform-operator] [1484d44a] 13:58:33.032 [ReconcilerExecutor-hivemq-controller-127] DEBUG c.h.p.o.HiveMQPlatformReconciler - [helmlega] Custom Resource Spec (replicas: 1) (extensions: 2)
2025-01-29 13:58:33,077 INFO c.h.h.t.HelmChartContainer - [K3S] [reconciler_common.go:162] "operationExecutor.UnmountVolume started for volume \"audit\" (UniqueName: \"kubernetes.io/empty-dir/a7da5cfe-cafb-444f-9c1d-a9021d1fa654-audit\") pod \"a7da5cfe-cafb-444f-9c1d-a9021d1fa654\" (UID: \"a7da5cfe-cafb-444f-9c1d-a9021d1fa654\") "
2025-01-29 13:58:33,077 INFO c.h.h.t.HelmChartContainer - [K3S] [reconciler_common.go:162] "operationExecutor.UnmountVolume started for volume \"log\" (UniqueName: \"kubernetes.io/empty-dir/a7da5cfe-cafb-444f-9c1d-a9021d1fa654-log\") pod \"a7da5cfe-cafb-444f-9c1d-a9021d1fa654\" (UID: \"a7da5cfe-cafb-444f-9c1d-a9021d1fa654\") "
2025-01-29 13:58:33,078 INFO c.h.h.t.HelmChartContainer - [K3S] [reconciler_common.go:162] "operationExecutor.UnmountVolume started for volume \"ese-configuration\" (UniqueName: \"kubernetes.io/configmap/a7da5cfe-cafb-444f-9c1d-a9021d1fa654-ese-configuration\") pod \"a7da5cfe-cafb-444f-9c1d-a9021d1fa654\" (UID: \"a7da5cfe-cafb-444f-9c1d-a9021d1fa654\") "
2025-01-29 13:58:33,078 INFO c.h.h.t.HelmChartContainer - [K3S] [reconciler_common.go:162] "operationExecutor.UnmountVolume started for volume \"ese-file-realm\" (UniqueName: \"kubernetes.io/configmap/a7da5cfe-cafb-444f-9c1d-a9021d1fa654-ese-file-realm\") pod \"a7da5cfe-cafb-444f-9c1d-a9021d1fa654\" (UID: \"a7da5cfe-cafb-444f-9c1d-a9021d1fa654\") "
2025-01-29 13:58:33,078 INFO c.h.h.t.HelmChartContainer - [K3S] [reconciler_common.go:162] "operationExecutor.UnmountVolume started for volume \"shared-data\" (UniqueName: \"kubernetes.io/empty-dir/a7da5cfe-cafb-444f-9c1d-a9021d1fa654-shared-data\") pod \"a7da5cfe-cafb-444f-9c1d-a9021d1fa654\" (UID: \"a7da5cfe-cafb-444f-9c1d-a9021d1fa654\") "
2025-01-29 13:58:33,078 INFO c.h.h.t.HelmChartContainer - [K3S] [reconciler_common.go:162] "operationExecutor.UnmountVolume started for volume \"data\" (UniqueName: \"kubernetes.io/local-volume/pvc-306f8171-a687-4a71-91e0-11db8ecea096\") pod \"a7da5cfe-cafb-444f-9c1d-a9021d1fa654\" (UID: \"a7da5cfe-cafb-444f-9c1d-a9021d1fa654\") "
2025-01-29 13:58:33,078 INFO c.h.h.t.HelmChartContainer - [K3S] [reconciler_common.go:162] "operationExecutor.UnmountVolume started for volume \"dns-wait-config\" (UniqueName: \"kubernetes.io/configmap/a7da5cfe-cafb-444f-9c1d-a9021d1fa654-dns-wait-config\") pod \"a7da5cfe-cafb-444f-9c1d-a9021d1fa654\" (UID: \"a7da5cfe-cafb-444f-9c1d-a9021d1fa654\") "
2025-01-29 13:58:33,078 INFO c.h.h.t.HelmChartContainer - [K3S] [reconciler_common.go:162] "operationExecutor.UnmountVolume started for volume \"backup\" (UniqueName: \"kubernetes.io/empty-dir/a7da5cfe-cafb-444f-9c1d-a9021d1fa654-backup\") pod \"a7da5cfe-cafb-444f-9c1d-a9021d1fa654\" (UID: \"a7da5cfe-cafb-444f-9c1d-a9021d1fa654\") "
2025-01-29 13:58:33,078 INFO c.h.h.t.HelmChartContainer - [K3S] [reconciler_common.go:162] "operationExecutor.UnmountVolume started for volume \"kube-api-access-27l6p\" (UniqueName: \"kubernetes.io/projected/a7da5cfe-cafb-444f-9c1d-a9021d1fa654-kube-api-access-27l6p\") pod \"a7da5cfe-cafb-444f-9c1d-a9021d1fa654\" (UID: \"a7da5cfe-cafb-444f-9c1d-a9021d1fa654\") "
2025-01-29 13:58:33,078 INFO c.h.h.t.HelmChartContainer - [K3S] [reconciler_common.go:162] "operationExecutor.UnmountVolume started for volume \"heap-dumps\" (UniqueName: \"kubernetes.io/empty-dir/a7da5cfe-cafb-444f-9c1d-a9021d1fa654-heap-dumps\") pod \"a7da5cfe-cafb-444f-9c1d-a9021d1fa654\" (UID: \"a7da5cfe-cafb-444f-9c1d-a9021d1fa654\") "
2025-01-29 13:58:33,078 INFO c.h.h.t.HelmChartContainer - [K3S] [reconciler_common.go:162] "operationExecutor.UnmountVolume started for volume \"live-info\" (UniqueName: \"kubernetes.io/configmap/a7da5cfe-cafb-444f-9c1d-a9021d1fa654-live-info\") pod \"a7da5cfe-cafb-444f-9c1d-a9021d1fa654\" (UID: \"a7da5cfe-cafb-444f-9c1d-a9021d1fa654\") "
2025-01-29 13:58:33,078 INFO c.h.h.t.HelmChartContainer - [K3S] [reconciler_common.go:162] "operationExecutor.UnmountVolume started for volume \"conf-override\" (UniqueName: \"kubernetes.io/empty-dir/a7da5cfe-cafb-444f-9c1d-a9021d1fa654-conf-override\") pod \"a7da5cfe-cafb-444f-9c1d-a9021d1fa654\" (UID: \"a7da5cfe-cafb-444f-9c1d-a9021d1fa654\") "
2025-01-29 13:58:33,102 INFO c.h.h.t.HelmChartContainer - [hivemq-test-hivemq-platform] [hivemq-platform-operator] [1484d44a] 13:58:33.035 [ReconcilerExecutor-hivemq-controller-127] DEBUG c.h.p.o.HiveMQPlatformReconciler - [helmlega] StatefulSet Status (revision: test-hivemq-legacy-platform-65df8dcb7f, replicas: 2, available: 2, ready: 2, current: 1, updated: 1)
2025-01-29 13:58:33,102 INFO c.h.h.t.HelmChartContainer - [hivemq-test-hivemq-platform] [hivemq-platform-operator] [1484d44a] 13:58:33.100 [ReconcilerExecutor-hivemq-controller-127] DEBUG c.h.p.o.HiveMQPlatformReconciler - [helmlega] StatefulSet Spec (replicas: 2, init containers: 1, containers: 1, volumes: 6)
2025-01-29 13:58:33,104 INFO c.h.h.t.HelmChartContainer - [hivemq-test-hivemq-platform] [hivemq-platform-operator] [1484d44a] 13:58:33.102 [ReconcilerExecutor-hivemq-controller-127] DEBUG c.h.p.o.h.HiveMQPlatformReconcilerErrorHandler - [helmlega] Pod 'test-hivemq-legacy-platform-1' phase Running
2025-01-29 13:58:33,106 INFO c.h.h.t.HelmChartContainer - [hivemq-test-hivemq-platform] [hivemq-platform-operator] [1484d44a] 13:58:33.105 [ReconcilerExecutor-hivemq-controller-127] DEBUG c.h.p.o.h.HiveMQPlatformReconcilerErrorHandler - [helmlega] Pod 'test-hivemq-legacy-platform-0' phase Failed
2025-01-29 13:58:33,107 INFO c.h.h.t.HelmChartContainer - [hivemq-test-hivemq-platform] [hivemq-platform-operator] [1484d44a] 13:58:33.105 [ReconcilerExecutor-hivemq-controller-127] DEBUG c.h.p.o.h.HiveMQPlatformReconcilerErrorHandler - [helmlega] Pod 'test-hivemq-legacy-platform-0' condition 'PodReadyToStartContainers': False
2025-01-29 13:58:33,107 INFO c.h.h.t.HelmChartContainer - [hivemq-test-hivemq-platform] [hivemq-platform-operator] [1484d44a] 13:58:33.105 [ReconcilerExecutor-hivemq-controller-127] DEBUG c.h.p.o.h.HiveMQPlatformReconcilerErrorHandler - [helmlega] Pod 'test-hivemq-legacy-platform-0' condition 'Initialized': True
2025-01-29 13:58:33,107 INFO c.h.h.t.HelmChartContainer - [hivemq-test-hivemq-platform] [hivemq-platform-operator] [1484d44a] 13:58:33.105 [ReconcilerExecutor-hivemq-controller-127] DEBUG c.h.p.o.h.HiveMQPlatformReconcilerErrorHandler - [helmlega] Pod 'test-hivemq-legacy-platform-0' condition 'Ready': False
2025-01-29 13:58:33,107 INFO c.h.h.t.HelmChartContainer - [hivemq-test-hivemq-platform] [hivemq-platform-operator] [1484d44a] 13:58:33.105 [ReconcilerExecutor-hivemq-controller-127] DEBUG c.h.p.o.h.HiveMQPlatformReconcilerErrorHandler - [helmlega] Pod 'test-hivemq-legacy-platform-0' condition 'ContainersReady': False
2025-01-29 13:58:33,107 INFO c.h.h.t.HelmChartContainer - [hivemq-test-hivemq-platform] [hivemq-platform-operator] [1484d44a] 13:58:33.105 [ReconcilerExecutor-hivemq-controller-127] DEBUG c.h.p.o.h.HiveMQPlatformReconcilerErrorHandler - [helmlega] Pod 'test-hivemq-legacy-platform-0' condition 'PodScheduled': True
2025-01-29 13:58:33,107 INFO c.h.h.t.HelmChartContainer - [hivemq-test-hivemq-platform] [hivemq-platform-operator] [1484d44a] 13:58:33.105 [ReconcilerExecutor-hivemq-controller-127] DEBUG c.h.p.o.h.HiveMQPlatformReconcilerErrorHandler - [helmlega] Pod 'test-hivemq-legacy-platform-0' containerStatus 'hivemq' (started: false) (ready: false) (waiting: [Unknown] no message)
2025-01-29 13:58:33,114 INFO c.h.h.t.HelmChartContainer - [hivemq-test-hivemq-platform] [hivemq-platform-operator] [1484d44a] 13:58:33.113 [ReconcilerExecutor-hivemq-controller-127] DEBUG c.h.p.o.h.HiveMQPlatformReconcilerRollingRestartHandler - [helmlega] Skipping Pod test-hivemq-legacy-platform-1 as it's already on the controller update revision (update revision: test-hivemq-legacy-platform-65df8dcb7f, pod revision: test-hivemq-legacy-platform-65df8dcb7f)
2025-01-29 13:58:33,179 INFO c.h.h.t.HelmChartContainer - [K3S] [reconciler_common.go:299] "Volume detached for volume \"live-info\" (UniqueName: \"kubernetes.io/configmap/a7da5cfe-cafb-444f-9c1d-a9021d1fa654-live-info\") on node \"06a12a63912a\" DevicePath \"\""
2025-01-29 13:58:33,179 INFO c.h.h.t.HelmChartContainer - [K3S] [reconciler_common.go:299] "Volume detached for volume \"dns-wait-config\" (UniqueName: \"kubernetes.io/configmap/a7da5cfe-cafb-444f-9c1d-a9021d1fa654-dns-wait-config\") on node \"06a12a63912a\" DevicePath \"\""
2025-01-29 13:58:33,179 INFO c.h.h.t.HelmChartContainer - [K3S] [reconciler_common.go:299] "Volume detached for volume \"backup\" (UniqueName: \"kubernetes.io/empty-dir/a7da5cfe-cafb-444f-9c1d-a9021d1fa654-backup\") on node \"06a12a63912a\" DevicePath \"\""
2025-01-29 13:58:33,179 INFO c.h.h.t.HelmChartContainer - [K3S] [reconciler_common.go:299] "Volume detached for volume \"kube-api-access-27l6p\" (UniqueName: \"kubernetes.io/projected/a7da5cfe-cafb-444f-9c1d-a9021d1fa654-kube-api-access-27l6p\") on node \"06a12a63912a\" DevicePath \"\""
2025-01-29 13:58:33,179 INFO c.h.h.t.HelmChartContainer - [K3S] [reconciler_common.go:299] "Volume detached for volume \"heap-dumps\" (UniqueName: \"kubernetes.io/empty-dir/a7da5cfe-cafb-444f-9c1d-a9021d1fa654-heap-dumps\") on node \"06a12a63912a\" DevicePath \"\""
2025-01-29 13:58:33,179 INFO c.h.h.t.HelmChartContainer - [K3S] [reconciler_common.go:299] "Volume detached for volume \"conf-override\" (UniqueName: \"kubernetes.io/empty-dir/a7da5cfe-cafb-444f-9c1d-a9021d1fa654-conf-override\") on node \"06a12a63912a\" DevicePath \"\""
2025-01-29 13:58:33,179 INFO c.h.h.t.HelmChartContainer - [K3S] [reconciler_common.go:299] "Volume detached for volume \"audit\" (UniqueName: \"kubernetes.io/empty-dir/a7da5cfe-cafb-444f-9c1d-a9021d1fa654-audit\") on node \"06a12a63912a\" DevicePath \"\""
2025-01-29 13:58:33,179 INFO c.h.h.t.HelmChartContainer - [K3S] [reconciler_common.go:299] "Volume detached for volume \"log\" (UniqueName: \"kubernetes.io/empty-dir/a7da5cfe-cafb-444f-9c1d-a9021d1fa654-log\") on node \"06a12a63912a\" DevicePath \"\""
2025-01-29 13:58:33,179 INFO c.h.h.t.HelmChartContainer - [K3S] [reconciler_common.go:299] "Volume detached for volume \"ese-configuration\" (UniqueName: \"kubernetes.io/configmap/a7da5cfe-cafb-444f-9c1d-a9021d1fa654-ese-configuration\") on node \"06a12a63912a\" DevicePath \"\""
2025-01-29 13:58:33,179 INFO c.h.h.t.HelmChartContainer - [K3S] [reconciler_common.go:292] "operationExecutor.UnmountDevice started for volume \"pvc-306f8171-a687-4a71-91e0-11db8ecea096\" (UniqueName: \"kubernetes.io/local-volume/pvc-306f8171-a687-4a71-91e0-11db8ecea096\") on node \"06a12a63912a\" "
2025-01-29 13:58:33,179 INFO c.h.h.t.HelmChartContainer - [K3S] [reconciler_common.go:299] "Volume detached for volume \"ese-file-realm\" (UniqueName: \"kubernetes.io/configmap/a7da5cfe-cafb-444f-9c1d-a9021d1fa654-ese-file-realm\") on node \"06a12a63912a\" DevicePath \"\""
2025-01-29 13:58:33,179 INFO c.h.h.t.HelmChartContainer - [K3S] [reconciler_common.go:299] "Volume detached for volume \"shared-data\" (UniqueName: \"kubernetes.io/empty-dir/a7da5cfe-cafb-444f-9c1d-a9021d1fa654-shared-data\") on node \"06a12a63912a\" DevicePath \"\""
2025-01-29 13:58:33,204 INFO c.h.h.t.HelmChartContainer - [hivemq-test-hivemq-platform] [hivemq-platform-operator] [1484d44a] 13:58:33.203 [ReconcilerExecutor-hivemq-controller-127] DEBUG c.h.p.o.h.HiveMQPlatformReconcilerRollingRestartHandler - [helmlega] The last Pod is running for 80 seconds, the next Pod can be restarted
2025-01-29 13:58:33,204 INFO c.h.h.t.HelmChartContainer - [hivemq-test-hivemq-platform] [hivemq-platform-operator] [1484d44a] 13:58:33.203 [ReconcilerExecutor-hivemq-controller-127] INFO  c.h.p.o.h.HiveMQPlatformReconcilerRollingRestartHandler - [helmlega] Restarting Pod test-hivemq-legacy-platform-0 as it's not matching the controller update revision (update revision: test-hivemq-legacy-platform-65df8dcb7f, pod revision: test-hivemq-legacy-platform-84fd8d4856)
2025-01-29 13:58:33,217 INFO c.h.h.t.HelmChartContainer - [hivemq-test-hivemq-platform] [hivemq-platform-operator] [1484d44a] 13:58:33.215 [pool-6-thread-32] DEBUG c.h.p.o.d.PodServiceAccountResource - [helmlega] Desired PodServiceAccountResource (serviceAccountName: hivemq-platform-pod-test-hivemq-legacy-platform)
2025-01-29 13:58:33,217 INFO c.h.h.t.HelmChartContainer - [hivemq-test-hivemq-platform] [hivemq-platform-operator] [1484d44a] 13:58:33.215 [pool-6-thread-38] DEBUG c.h.p.o.dependants.PodInfoConfigMap - [helmlega] Desired PodInfo ConfigMap (2 extensions) (1 enabled)
2025-01-29 13:58:33,217 INFO c.h.h.t.HelmChartContainer - [hivemq-test-hivemq-platform] [hivemq-platform-operator] [1484d44a] 13:58:33.215 [pool-6-thread-38] DEBUG c.h.p.o.dependants.PodInfoConfigMap - [helmlega] Desired PodInfo ConfigMap (metrics port: 9399) (metrics path: /)
2025-01-29 13:58:33,217 INFO c.h.h.t.HelmChartContainer - [hivemq-test-hivemq-platform] [hivemq-platform-operator] [1484d44a] 13:58:33.215 [pool-6-thread-38] DEBUG c.h.p.o.dependants.PodInfoConfigMap - [helmlega] Desired PodInfo ConfigMap (extension state hash: 259316804)
2025-01-29 13:58:33,217 INFO c.h.h.t.HelmChartContainer - [hivemq-test-hivemq-platform] [hivemq-platform-operator] [1484d44a] 13:58:33.216 [pool-6-thread-31] DEBUG c.h.p.o.d.PlatformServiceResource - [helmlega] Desired Platform services (4 services)
2025-01-29 13:58:33,225 INFO c.h.h.t.HelmChartContainer - [hivemq-test-hivemq-platform] [hivemq-platform-operator] [1484d44a] 13:58:33.224 [pool-6-thread-33] DEBUG c.h.p.o.d.StatefulSetResource - [helmlega] Desired StatefulSet (2 replicas) for status ROLLING_RESTART (RESTART_PODS_IN_PROGRESS)
2025-01-29 13:58:33,279 INFO c.h.h.t.HelmChartContainer - [K3S] [reconciler_common.go:299] "Volume detached for volume \"pvc-306f8171-a687-4a71-91e0-11db8ecea096\" (UniqueName: \"kubernetes.io/local-volume/pvc-306f8171-a687-4a71-91e0-11db8ecea096\") on node \"06a12a63912a\" DevicePath \"\""
2025-01-29 13:58:33,308 INFO c.h.h.t.HelmChartContainer - [hivemq-test-hivemq-platform] [hivemq-platform-operator] [1484d44a] 13:58:33.303 [ReconcilerExecutor-hivemq-controller-128] INFO  c.h.p.o.HiveMQPlatformReconciler - [helmlega] Reconciling HiveMQ Platform 'test-hivemq-legacy-platform' in namespace 'helmlegacystatefulsetmigrationit-operator'
2025-01-29 13:58:33,311 INFO c.h.h.t.HelmChartContainer - [hivemq-test-hivemq-platform] [hivemq-platform-operator] [1484d44a] 13:58:33.303 [ReconcilerExecutor-hivemq-controller-128] DEBUG c.h.p.o.HiveMQPlatformReconciler - [helmlega] Custom Resource Status ROLLING_RESTART - HiveMQ Platform is restarting Pods (rolling restart) (RESTART_PODS_IN_PROGRESS)
2025-01-29 13:58:33,311 INFO c.h.h.t.HelmChartContainer - [hivemq-test-hivemq-platform] [hivemq-platform-operator] [1484d44a] 13:58:33.303 [ReconcilerExecutor-hivemq-controller-128] DEBUG c.h.p.o.HiveMQPlatformReconciler - [helmlega] Custom Resource Spec (replicas: 1) (extensions: 2)
2025-01-29 13:58:33,311 INFO c.h.h.t.HelmChartContainer - [hivemq-test-hivemq-platform] [hivemq-platform-operator] [1484d44a] 13:58:33.305 [ReconcilerExecutor-hivemq-controller-128] DEBUG c.h.p.o.HiveMQPlatformReconciler - [helmlega] StatefulSet Status (revision: test-hivemq-legacy-platform-65df8dcb7f, replicas: 2, available: 1, ready: 1, current: 1, updated: 1)
2025-01-29 13:58:33,311 INFO c.h.h.t.HelmChartContainer - [hivemq-test-hivemq-platform] [hivemq-platform-operator] [1484d44a] 13:58:33.305 [ReconcilerExecutor-hivemq-controller-128] DEBUG c.h.p.o.HiveMQPlatformReconciler - [helmlega] StatefulSet Spec (replicas: 2, init containers: 1, containers: 1, volumes: 6)
2025-01-29 13:58:33,311 INFO c.h.h.t.HelmChartContainer - [hivemq-test-hivemq-platform] [hivemq-platform-operator] [1484d44a] 13:58:33.306 [ReconcilerExecutor-hivemq-controller-128] DEBUG c.h.p.o.h.HiveMQPlatformReconcilerErrorHandler - [helmlega] Pod 'test-hivemq-legacy-platform-1' phase Running
2025-01-29 13:58:33,311 INFO c.h.h.t.HelmChartContainer - [hivemq-test-hivemq-platform] [hivemq-platform-operator] [1484d44a] 13:58:33.309 [ReconcilerExecutor-hivemq-controller-128] DEBUG c.h.p.o.h.HiveMQPlatformReconcilerErrorHandler - [helmlega] Pod 'test-hivemq-legacy-platform-0' phase Failed
2025-01-29 13:58:33,311 INFO c.h.h.t.HelmChartContainer - [hivemq-test-hivemq-platform] [hivemq-platform-operator] [1484d44a] 13:58:33.309 [ReconcilerExecutor-hivemq-controller-128] DEBUG c.h.p.o.h.HiveMQPlatformReconcilerErrorHandler - [helmlega] Pod 'test-hivemq-legacy-platform-0' condition 'PodReadyToStartContainers': False
2025-01-29 13:58:33,311 INFO c.h.h.t.HelmChartContainer - [hivemq-test-hivemq-platform] [hivemq-platform-operator] [1484d44a] 13:58:33.309 [ReconcilerExecutor-hivemq-controller-128] DEBUG c.h.p.o.h.HiveMQPlatformReconcilerErrorHandler - [helmlega] Pod 'test-hivemq-legacy-platform-0' condition 'Initialized': True
2025-01-29 13:58:33,311 INFO c.h.h.t.HelmChartContainer - [hivemq-test-hivemq-platform] [hivemq-platform-operator] [1484d44a] 13:58:33.310 [ReconcilerExecutor-hivemq-controller-128] DEBUG c.h.p.o.h.HiveMQPlatformReconcilerErrorHandler - [helmlega] Pod 'test-hivemq-legacy-platform-0' condition 'Ready': False
2025-01-29 13:58:33,311 INFO c.h.h.t.HelmChartContainer - [hivemq-test-hivemq-platform] [hivemq-platform-operator] [1484d44a] 13:58:33.310 [ReconcilerExecutor-hivemq-controller-128] DEBUG c.h.p.o.h.HiveMQPlatformReconcilerErrorHandler - [helmlega] Pod 'test-hivemq-legacy-platform-0' condition 'ContainersReady': False
2025-01-29 13:58:33,312 INFO c.h.h.t.HelmChartContainer - [hivemq-test-hivemq-platform] [hivemq-platform-operator] [1484d44a] 13:58:33.310 [ReconcilerExecutor-hivemq-controller-128] DEBUG c.h.p.o.h.HiveMQPlatformReconcilerErrorHandler - [helmlega] Pod 'test-hivemq-legacy-platform-0' condition 'PodScheduled': True
2025-01-29 13:58:33,312 INFO c.h.h.t.HelmChartContainer - [hivemq-test-hivemq-platform] [hivemq-platform-operator] [1484d44a] 13:58:33.310 [ReconcilerExecutor-hivemq-controller-128] DEBUG c.h.p.o.h.HiveMQPlatformReconcilerErrorHandler - [helmlega] Pod 'test-hivemq-legacy-platform-0' containerStatus 'hivemq' (started: false) (ready: false) (waiting: [Unknown] no message)
2025-01-29 13:58:33,313 INFO c.h.h.t.HelmChartContainer - [hivemq-test-hivemq-platform] [hivemq-platform-operator] [1484d44a] 13:58:33.311 [ReconcilerExecutor-hivemq-controller-128] DEBUG c.h.p.o.h.HiveMQPlatformReconcilerRollingRestartHandler - [helmlega] Rolling restart is waiting for 1 of 2 replicas
2025-01-29 13:58:33,915 INFO c.h.h.t.HelmChartContainer - [K3S] [scope.go:117] "RemoveContainer" containerID="4e91ffcc41f2a08e1f3ed21abbd08e75e2b1dae86bc190be5f642e85d22e8810"
2025-01-29 13:58:33,919 INFO c.h.h.t.HelmChartContainer - [K3S] [scope.go:117] "RemoveContainer" containerID="4b59f5314773932356a873526d0884d4bf3d845cee2d2286d4f9b82a02e6f462"
2025-01-29 13:58:33,922 INFO c.h.h.t.HelmChartContainer - [K3S] [scope.go:117] "RemoveContainer" containerID="f2797bfab5c76b9e90f55cbfcd27bbec4ad1da8b19a75687f5f987912b352133"
2025-01-29 13:58:33,925 INFO c.h.h.t.HelmChartContainer - [K3S] [scope.go:117] "RemoveContainer" containerID="4e91ffcc41f2a08e1f3ed21abbd08e75e2b1dae86bc190be5f642e85d22e8810"
2025-01-29 13:58:33,928 INFO c.h.h.t.HelmChartContainer - [K3S] [scope.go:117] "RemoveContainer" containerID="4b59f5314773932356a873526d0884d4bf3d845cee2d2286d4f9b82a02e6f462"
2025-01-29 13:58:33,928 INFO c.h.h.t.HelmChartContainer - [K3S] [scope.go:117] "RemoveContainer" containerID="f2797bfab5c76b9e90f55cbfcd27bbec4ad1da8b19a75687f5f987912b352133"
2025-01-29 13:58:33,930 INFO c.h.h.t.HelmChartContainer - [POD] test-hivemq-legacy-platform-0 [a7da5cfe-cafb-444f-9c1d-a9021d1fa654] in helmlegacystatefulsetmigrationit-operator was MODIFIED
2025-01-29 13:58:33,943 INFO c.h.h.t.HelmChartContainer - [POD] test-hivemq-legacy-platform-0 [a7da5cfe-cafb-444f-9c1d-a9021d1fa654] in helmlegacystatefulsetmigrationit-operator was DELETED
2025-01-29 13:58:33,955 INFO c.h.h.t.HelmChartContainer - [POD] test-hivemq-legacy-platform-0 [9414e86d-d582-487c-a39b-8d03ba828827] in helmlegacystatefulsetmigrationit-operator was ADDED
2025-01-29 13:58:33,961 INFO c.h.h.t.HelmChartContainer - [hivemq-test-hivemq-platform] [hivemq-platform-operator] [1484d44a] 13:58:33.949 [pool-6-thread-49] DEBUG c.h.p.o.d.PlatformServiceResource - [helmlega] Desired Platform services (4 services)
2025-01-29 13:58:33,961 INFO c.h.h.t.HelmChartContainer - [hivemq-test-hivemq-platform] [hivemq-platform-operator] [1484d44a] 13:58:33.951 [pool-6-thread-46] DEBUG c.h.p.o.dependants.PodInfoConfigMap - [helmlega] Desired PodInfo ConfigMap (2 extensions) (1 enabled)
2025-01-29 13:58:33,961 INFO c.h.h.t.HelmChartContainer - [hivemq-test-hivemq-platform] [hivemq-platform-operator] [1484d44a] 13:58:33.951 [pool-6-thread-46] DEBUG c.h.p.o.dependants.PodInfoConfigMap - [helmlega] Desired PodInfo ConfigMap (metrics port: 9399) (metrics path: /)
2025-01-29 13:58:33,961 INFO c.h.h.t.HelmChartContainer - [hivemq-test-hivemq-platform] [hivemq-platform-operator] [1484d44a] 13:58:33.951 [pool-6-thread-46] DEBUG c.h.p.o.dependants.PodInfoConfigMap - [helmlega] Desired PodInfo ConfigMap (extension state hash: 259316804)
2025-01-29 13:58:33,961 INFO c.h.h.t.HelmChartContainer - [hivemq-test-hivemq-platform] [hivemq-platform-operator] [1484d44a] 13:58:33.952 [pool-6-thread-50] DEBUG c.h.p.o.d.PodServiceAccountResource - [helmlega] Desired PodServiceAccountResource (serviceAccountName: hivemq-platform-pod-test-hivemq-legacy-platform)
2025-01-29 13:58:33,963 INFO c.h.h.t.HelmChartContainer - [EVENT] Normal [SuccessfulCreate] create Pod test-hivemq-legacy-platform-0 in StatefulSet test-hivemq-legacy-platform successful [helmlegacystatefulsetmigrationit-operator:test-hivemq-legacy-platform]
2025-01-29 13:58:33,969 INFO c.h.h.t.HelmChartContainer - [K3S] [memory_manager.go:355] "RemoveStaleState removing state" podUID="a7da5cfe-cafb-444f-9c1d-a9021d1fa654" containerName="hivemq"
2025-01-29 13:58:33,972 INFO c.h.h.t.HelmChartContainer - [POD] test-hivemq-legacy-platform-0 [9414e86d-d582-487c-a39b-8d03ba828827] in helmlegacystatefulsetmigrationit-operator was MODIFIED
2025-01-29 13:58:33,997 INFO c.h.h.t.HelmChartContainer - [EVENT] Normal [Scheduled] Successfully assigned helmlegacystatefulsetmigrationit-operator/test-hivemq-legacy-platform-0 to 06a12a63912a [helmlegacystatefulsetmigrationit-operator:test-hivemq-legacy-platform-0]
2025-01-29 13:58:34,000 INFO c.h.h.t.HelmChartContainer - [K3S] [reconciler_common.go:251] "operationExecutor.VerifyControllerAttachedVolume started for volume \"kube-api-access-dgbgd\" (UniqueName: \"kubernetes.io/projected/9414e86d-d582-487c-a39b-8d03ba828827-kube-api-access-dgbgd\") pod \"test-hivemq-legacy-platform-0\" (UID: \"9414e86d-d582-487c-a39b-8d03ba828827\") " pod="helmlegacystatefulsetmigrationit-operator/test-hivemq-legacy-platform-0"
2025-01-29 13:58:34,011 INFO c.h.h.t.HelmChartContainer - [K3S] [reconciler_common.go:251] "operationExecutor.VerifyControllerAttachedVolume started for volume \"pvc-306f8171-a687-4a71-91e0-11db8ecea096\" (UniqueName: \"kubernetes.io/local-volume/pvc-306f8171-a687-4a71-91e0-11db8ecea096\") pod \"test-hivemq-legacy-platform-0\" (UID: \"9414e86d-d582-487c-a39b-8d03ba828827\") " pod="helmlegacystatefulsetmigrationit-operator/test-hivemq-legacy-platform-0"
2025-01-29 13:58:34,013 INFO c.h.h.t.HelmChartContainer - [K3S] [reconciler_common.go:251] "operationExecutor.VerifyControllerAttachedVolume started for volume \"extension-configuration-hivemq-enterprise-security-extension\" (UniqueName: \"kubernetes.io/configmap/9414e86d-d582-487c-a39b-8d03ba828827-extension-configuration-hivemq-enterprise-security-extension\") pod \"test-hivemq-legacy-platform-0\" (UID: \"9414e86d-d582-487c-a39b-8d03ba828827\") " pod="helmlegacystatefulsetmigrationit-operator/test-hivemq-legacy-platform-0"
2025-01-29 13:58:34,014 INFO c.h.h.t.HelmChartContainer - [K3S] [reconciler_common.go:251] "operationExecutor.VerifyControllerAttachedVolume started for volume \"ese-file-realm\" (UniqueName: \"kubernetes.io/configmap/9414e86d-d582-487c-a39b-8d03ba828827-ese-file-realm\") pod \"test-hivemq-legacy-platform-0\" (UID: \"9414e86d-d582-487c-a39b-8d03ba828827\") " pod="helmlegacystatefulsetmigrationit-operator/test-hivemq-legacy-platform-0"
2025-01-29 13:58:34,014 INFO c.h.h.t.HelmChartContainer - [K3S] [reconciler_common.go:251] "operationExecutor.VerifyControllerAttachedVolume started for volume \"operator-init\" (UniqueName: \"kubernetes.io/empty-dir/9414e86d-d582-487c-a39b-8d03ba828827-operator-init\") pod \"test-hivemq-legacy-platform-0\" (UID: \"9414e86d-d582-487c-a39b-8d03ba828827\") " pod="helmlegacystatefulsetmigrationit-operator/test-hivemq-legacy-platform-0"
2025-01-29 13:58:34,014 INFO c.h.h.t.HelmChartContainer - [K3S] [reconciler_common.go:251] "operationExecutor.VerifyControllerAttachedVolume started for volume \"pod-info\" (UniqueName: \"kubernetes.io/configmap/9414e86d-d582-487c-a39b-8d03ba828827-pod-info\") pod \"test-hivemq-legacy-platform-0\" (UID: \"9414e86d-d582-487c-a39b-8d03ba828827\") " pod="helmlegacystatefulsetmigrationit-operator/test-hivemq-legacy-platform-0"
2025-01-29 13:58:34,014 INFO c.h.h.t.HelmChartContainer - [K3S] [reconciler_common.go:251] "operationExecutor.VerifyControllerAttachedVolume started for volume \"broker-configuration\" (UniqueName: \"kubernetes.io/configmap/9414e86d-d582-487c-a39b-8d03ba828827-broker-configuration\") pod \"test-hivemq-legacy-platform-0\" (UID: \"9414e86d-d582-487c-a39b-8d03ba828827\") " pod="helmlegacystatefulsetmigrationit-operator/test-hivemq-legacy-platform-0"
2025-01-29 13:58:34,024 INFO c.h.h.t.HelmChartContainer - [hivemq-test-hivemq-platform] [hivemq-platform-operator] [1484d44a] 13:58:34.002 [pool-6-thread-49] DEBUG c.h.p.o.d.StatefulSetResource - [helmlega] Desired StatefulSet (2 replicas) for status ROLLING_RESTART (RESTART_PODS_IN_PROGRESS)
2025-01-29 13:58:34,028 INFO c.h.h.t.HelmChartContainer - [hivemq-test-hivemq-platform] [hivemq-platform-operator] [1484d44a] 13:58:34.015 [ReconcilerExecutor-hivemq-controller-129] INFO  c.h.p.o.HiveMQPlatformReconciler - [helmlega] Reconciling HiveMQ Platform 'test-hivemq-legacy-platform' in namespace 'helmlegacystatefulsetmigrationit-operator'
2025-01-29 13:58:34,028 INFO c.h.h.t.HelmChartContainer - [hivemq-test-hivemq-platform] [hivemq-platform-operator] [1484d44a] 13:58:34.015 [ReconcilerExecutor-hivemq-controller-129] DEBUG c.h.p.o.HiveMQPlatformReconciler - [helmlega] Custom Resource Status ROLLING_RESTART - HiveMQ Platform is restarting Pods (rolling restart) (RESTART_PODS_IN_PROGRESS)
2025-01-29 13:58:34,028 INFO c.h.h.t.HelmChartContainer - [hivemq-test-hivemq-platform] [hivemq-platform-operator] [1484d44a] 13:58:34.015 [ReconcilerExecutor-hivemq-controller-129] DEBUG c.h.p.o.HiveMQPlatformReconciler - [helmlega] Custom Resource Spec (replicas: 1) (extensions: 2)
2025-01-29 13:58:34,028 INFO c.h.h.t.HelmChartContainer - [hivemq-test-hivemq-platform] [hivemq-platform-operator] [1484d44a] 13:58:34.018 [ReconcilerExecutor-hivemq-controller-129] DEBUG c.h.p.o.HiveMQPlatformReconciler - [helmlega] StatefulSet Status (revision: test-hivemq-legacy-platform-65df8dcb7f, replicas: 1, available: 1, ready: 1, current: 1, updated: 1)
2025-01-29 13:58:34,028 INFO c.h.h.t.HelmChartContainer - [hivemq-test-hivemq-platform] [hivemq-platform-operator] [1484d44a] 13:58:34.020 [ReconcilerExecutor-hivemq-controller-129] DEBUG c.h.p.o.HiveMQPlatformReconciler - [helmlega] StatefulSet Spec (replicas: 2, init containers: 1, containers: 1, volumes: 6)
2025-01-29 13:58:34,047 INFO c.h.h.t.HelmChartContainer - [hivemq-test-hivemq-platform] [hivemq-platform-operator] [1484d44a] 13:58:34.028 [ReconcilerExecutor-hivemq-controller-129] DEBUG c.h.p.o.h.HiveMQPlatformReconcilerErrorHandler - [helmlega] Pod 'test-hivemq-legacy-platform-1' phase Running
2025-01-29 13:58:34,047 INFO c.h.h.t.HelmChartContainer - [hivemq-test-hivemq-platform] [hivemq-platform-operator] [1484d44a] 13:58:34.029 [ReconcilerExecutor-hivemq-controller-129] DEBUG c.h.p.o.h.HiveMQPlatformReconcilerErrorHandler - [helmlega] Pod 'test-hivemq-legacy-platform-0' phase Pending
2025-01-29 13:58:34,047 INFO c.h.h.t.HelmChartContainer - [hivemq-test-hivemq-platform] [hivemq-platform-operator] [1484d44a] 13:58:34.029 [ReconcilerExecutor-hivemq-controller-129] DEBUG c.h.p.o.h.HiveMQPlatformReconcilerErrorHandler - [helmlega] Pod 'test-hivemq-legacy-platform-0' condition 'PodScheduled': True
2025-01-29 13:58:34,047 INFO c.h.h.t.HelmChartContainer - [hivemq-test-hivemq-platform] [hivemq-platform-operator] [1484d44a] 13:58:34.030 [ReconcilerExecutor-hivemq-controller-129] DEBUG c.h.p.o.h.HiveMQPlatformReconcilerRollingRestartHandler - [helmlega] Rolling restart is waiting for 1 of 2 replicas
2025-01-29 13:58:34,055 INFO c.h.h.t.HelmChartContainer - [POD] test-hivemq-legacy-platform-0 [9414e86d-d582-487c-a39b-8d03ba828827] in helmlegacystatefulsetmigrationit-operator was MODIFIED
2025-01-29 13:58:34,107 INFO c.h.h.t.HelmChartContainer - [hivemq-test-hivemq-platform] [hivemq-platform-operator] [1484d44a] 13:58:34.105 [pool-6-thread-5] DEBUG c.h.p.o.d.PlatformServiceResource - [helmlega] Desired Platform services (4 services)
2025-01-29 13:58:34,112 INFO c.h.h.t.HelmChartContainer - [hivemq-test-hivemq-platform] [hivemq-platform-operator] [1484d44a] 13:58:34.106 [pool-6-thread-6] DEBUG c.h.p.o.dependants.PodInfoConfigMap - [helmlega] Desired PodInfo ConfigMap (2 extensions) (1 enabled)
2025-01-29 13:58:34,112 INFO c.h.h.t.HelmChartContainer - [hivemq-test-hivemq-platform] [hivemq-platform-operator] [1484d44a] 13:58:34.109 [pool-6-thread-6] DEBUG c.h.p.o.dependants.PodInfoConfigMap - [helmlega] Desired PodInfo ConfigMap (metrics port: 9399) (metrics path: /)
2025-01-29 13:58:34,112 INFO c.h.h.t.HelmChartContainer - [hivemq-test-hivemq-platform] [hivemq-platform-operator] [1484d44a] 13:58:34.109 [pool-6-thread-6] DEBUG c.h.p.o.dependants.PodInfoConfigMap - [helmlega] Desired PodInfo ConfigMap (extension state hash: 259316804)
2025-01-29 13:58:34,112 INFO c.h.h.t.HelmChartContainer - [hivemq-test-hivemq-platform] [hivemq-platform-operator] [1484d44a] 13:58:34.107 [pool-6-thread-1] DEBUG c.h.p.o.d.PodServiceAccountResource - [helmlega] Desired PodServiceAccountResource (serviceAccountName: hivemq-platform-pod-test-hivemq-legacy-platform)
2025-01-29 13:58:34,120 INFO c.h.h.t.HelmChartContainer - [hivemq-test-hivemq-platform] [hivemq-platform-operator] [1484d44a] 13:58:34.118 [pool-6-thread-5] DEBUG c.h.p.o.d.StatefulSetResource - [helmlega] Desired StatefulSet (2 replicas) for status ROLLING_RESTART (RESTART_PODS_IN_PROGRESS)
2025-01-29 13:58:34,204 INFO c.h.h.t.HelmChartContainer - [hivemq-test-hivemq-platform] [hivemq-platform-operator] [1484d44a] 13:58:34.203 [ReconcilerExecutor-hivemq-controller-131] INFO  c.h.p.o.HiveMQPlatformReconciler - [helmlega] Reconciling HiveMQ Platform 'test-hivemq-legacy-platform' in namespace 'helmlegacystatefulsetmigrationit-operator'
2025-01-29 13:58:34,204 INFO c.h.h.t.HelmChartContainer - [hivemq-test-hivemq-platform] [hivemq-platform-operator] [1484d44a] 13:58:34.203 [ReconcilerExecutor-hivemq-controller-131] DEBUG c.h.p.o.HiveMQPlatformReconciler - [helmlega] Custom Resource Status ROLLING_RESTART - HiveMQ Platform is restarting Pods (rolling restart) (RESTART_PODS_IN_PROGRESS)
2025-01-29 13:58:34,204 INFO c.h.h.t.HelmChartContainer - [hivemq-test-hivemq-platform] [hivemq-platform-operator] [1484d44a] 13:58:34.203 [ReconcilerExecutor-hivemq-controller-131] DEBUG c.h.p.o.HiveMQPlatformReconciler - [helmlega] Custom Resource Spec (replicas: 1) (extensions: 2)
2025-01-29 13:58:34,205 INFO c.h.h.t.HelmChartContainer - [hivemq-test-hivemq-platform] [hivemq-platform-operator] [1484d44a] 13:58:34.205 [ReconcilerExecutor-hivemq-controller-131] DEBUG c.h.p.o.HiveMQPlatformReconciler - [helmlega] StatefulSet Status (revision: test-hivemq-legacy-platform-65df8dcb7f, replicas: 2, available: 1, ready: 1, current: 2, updated: 2)
2025-01-29 13:58:34,206 INFO c.h.h.t.HelmChartContainer - [hivemq-test-hivemq-platform] [hivemq-platform-operator] [1484d44a] 13:58:34.205 [ReconcilerExecutor-hivemq-controller-131] DEBUG c.h.p.o.HiveMQPlatformReconciler - [helmlega] StatefulSet Spec (replicas: 2, init containers: 1, containers: 1, volumes: 6)
2025-01-29 13:58:34,208 INFO c.h.h.t.HelmChartContainer - [hivemq-test-hivemq-platform] [hivemq-platform-operator] [1484d44a] 13:58:34.207 [ReconcilerExecutor-hivemq-controller-131] DEBUG c.h.p.o.h.HiveMQPlatformReconcilerErrorHandler - [helmlega] Pod 'test-hivemq-legacy-platform-1' phase Running
2025-01-29 13:58:34,209 INFO c.h.h.t.HelmChartContainer - [hivemq-test-hivemq-platform] [hivemq-platform-operator] [1484d44a] 13:58:34.208 [ReconcilerExecutor-hivemq-controller-131] DEBUG c.h.p.o.h.HiveMQPlatformReconcilerErrorHandler - [helmlega] Pod 'test-hivemq-legacy-platform-0' phase Pending
2025-01-29 13:58:34,210 INFO c.h.h.t.HelmChartContainer - [hivemq-test-hivemq-platform] [hivemq-platform-operator] [1484d44a] 13:58:34.208 [ReconcilerExecutor-hivemq-controller-131] DEBUG c.h.p.o.h.HiveMQPlatformReconcilerErrorHandler - [helmlega] Pod 'test-hivemq-legacy-platform-0' condition 'PodReadyToStartContainers': False
2025-01-29 13:58:34,210 INFO c.h.h.t.HelmChartContainer - [hivemq-test-hivemq-platform] [hivemq-platform-operator] [1484d44a] 13:58:34.208 [ReconcilerExecutor-hivemq-controller-131] DEBUG c.h.p.o.h.HiveMQPlatformReconcilerErrorHandler - [helmlega] Pod 'test-hivemq-legacy-platform-0' condition 'Initialized': False
2025-01-29 13:58:34,210 INFO c.h.h.t.HelmChartContainer - [hivemq-test-hivemq-platform] [hivemq-platform-operator] [1484d44a] 13:58:34.209 [ReconcilerExecutor-hivemq-controller-131] DEBUG c.h.p.o.h.HiveMQPlatformReconcilerErrorHandler - [helmlega] Pod 'test-hivemq-legacy-platform-0' condition 'Ready': False
2025-01-29 13:58:34,210 INFO c.h.h.t.HelmChartContainer - [hivemq-test-hivemq-platform] [hivemq-platform-operator] [1484d44a] 13:58:34.209 [ReconcilerExecutor-hivemq-controller-131] DEBUG c.h.p.o.h.HiveMQPlatformReconcilerErrorHandler - [helmlega] Pod 'test-hivemq-legacy-platform-0' condition 'ContainersReady': False
2025-01-29 13:58:34,210 INFO c.h.h.t.HelmChartContainer - [hivemq-test-hivemq-platform] [hivemq-platform-operator] [1484d44a] 13:58:34.209 [ReconcilerExecutor-hivemq-controller-131] DEBUG c.h.p.o.h.HiveMQPlatformReconcilerErrorHandler - [helmlega] Pod 'test-hivemq-legacy-platform-0' condition 'PodScheduled': True
2025-01-29 13:58:34,210 INFO c.h.h.t.HelmChartContainer - [hivemq-test-hivemq-platform] [hivemq-platform-operator] [1484d44a] 13:58:34.209 [ReconcilerExecutor-hivemq-controller-131] DEBUG c.h.p.o.h.HiveMQPlatformReconcilerErrorHandler - [helmlega] Pod 'test-hivemq-legacy-platform-0' containerStatus 'hivemq' (started: false) (ready: false) (waiting: [PodInitializing] null)
2025-01-29 13:58:34,210 INFO c.h.h.t.HelmChartContainer - [hivemq-test-hivemq-platform] [hivemq-platform-operator] [1484d44a] 13:58:34.209 [ReconcilerExecutor-hivemq-controller-131] DEBUG c.h.p.o.h.HiveMQPlatformReconcilerRollingRestartHandler - [helmlega] Rolling restart is waiting for 1 of 2 replicas
2025-01-29 13:58:34,214 INFO c.h.h.t.HelmChartContainer - [hivemq-test-hivemq-platform] [hivemq-platform-operator] [1484d44a] 13:58:34.213 [pool-6-thread-19] DEBUG c.h.p.o.d.PlatformServiceResource - [helmlega] Desired Platform services (4 services)
2025-01-29 13:58:34,215 INFO c.h.h.t.HelmChartContainer - [hivemq-test-hivemq-platform] [hivemq-platform-operator] [1484d44a] 13:58:34.213 [pool-6-thread-14] DEBUG c.h.p.o.d.PodServiceAccountResource - [helmlega] Desired PodServiceAccountResource (serviceAccountName: hivemq-platform-pod-test-hivemq-legacy-platform)
2025-01-29 13:58:34,216 INFO c.h.h.t.HelmChartContainer - [hivemq-test-hivemq-platform] [hivemq-platform-operator] [1484d44a] 13:58:34.213 [pool-6-thread-18] DEBUG c.h.p.o.dependants.PodInfoConfigMap - [helmlega] Desired PodInfo ConfigMap (2 extensions) (1 enabled)
2025-01-29 13:58:34,216 INFO c.h.h.t.HelmChartContainer - [hivemq-test-hivemq-platform] [hivemq-platform-operator] [1484d44a] 13:58:34.213 [pool-6-thread-18] DEBUG c.h.p.o.dependants.PodInfoConfigMap - [helmlega] Desired PodInfo ConfigMap (metrics port: 9399) (metrics path: /)
2025-01-29 13:58:34,216 INFO c.h.h.t.HelmChartContainer - [hivemq-test-hivemq-platform] [hivemq-platform-operator] [1484d44a] 13:58:34.213 [pool-6-thread-18] DEBUG c.h.p.o.dependants.PodInfoConfigMap - [helmlega] Desired PodInfo ConfigMap (extension state hash: 259316804)
2025-01-29 13:58:34,254 INFO c.h.h.t.HelmChartContainer - [hivemq-test-hivemq-platform] [hivemq-platform-operator] [1484d44a] 13:58:34.253 [pool-6-thread-17] DEBUG c.h.p.o.d.StatefulSetResource - [helmlega] Desired StatefulSet (2 replicas) for status ROLLING_RESTART (RESTART_PODS_IN_PROGRESS)
2025-01-29 13:58:34,257 INFO c.h.h.t.HelmChartContainer - [hivemq-test-hivemq-platform] [hivemq-platform-operator] [1484d44a] 13:58:34.256 [ReconcilerExecutor-hivemq-controller-132] INFO  c.h.p.o.HiveMQPlatformReconciler - [helmlega] Reconciling HiveMQ Platform 'test-hivemq-legacy-platform' in namespace 'helmlegacystatefulsetmigrationit-operator'
2025-01-29 13:58:34,257 INFO c.h.h.t.HelmChartContainer - [hivemq-test-hivemq-platform] [hivemq-platform-operator] [1484d44a] 13:58:34.257 [ReconcilerExecutor-hivemq-controller-132] DEBUG c.h.p.o.HiveMQPlatformReconciler - [helmlega] Custom Resource Status ROLLING_RESTART - HiveMQ Platform is restarting Pods (rolling restart) (RESTART_PODS_IN_PROGRESS)
2025-01-29 13:58:34,257 INFO c.h.h.t.HelmChartContainer - [hivemq-test-hivemq-platform] [hivemq-platform-operator] [1484d44a] 13:58:34.257 [ReconcilerExecutor-hivemq-controller-132] DEBUG c.h.p.o.HiveMQPlatformReconciler - [helmlega] Custom Resource Spec (replicas: 1) (extensions: 2)
2025-01-29 13:58:34,259 INFO c.h.h.t.HelmChartContainer - [hivemq-test-hivemq-platform] [hivemq-platform-operator] [1484d44a] 13:58:34.258 [ReconcilerExecutor-hivemq-controller-132] DEBUG c.h.p.o.HiveMQPlatformReconciler - [helmlega] StatefulSet Status (revision: test-hivemq-legacy-platform-65df8dcb7f, replicas: 2, available: 1, ready: 1, current: 2, updated: 2)
2025-01-29 13:58:34,303 INFO c.h.h.t.HelmChartContainer - [hivemq-test-hivemq-platform] [hivemq-platform-operator] [1484d44a] 13:58:34.300 [ReconcilerExecutor-hivemq-controller-132] DEBUG c.h.p.o.HiveMQPlatformReconciler - [helmlega] StatefulSet Spec (replicas: 2, init containers: 1, containers: 1, volumes: 6)
2025-01-29 13:58:34,305 INFO c.h.h.t.HelmChartContainer - [hivemq-test-hivemq-platform] [hivemq-platform-operator] [1484d44a] 13:58:34.302 [ReconcilerExecutor-hivemq-controller-132] DEBUG c.h.p.o.h.HiveMQPlatformReconcilerErrorHandler - [helmlega] Pod 'test-hivemq-legacy-platform-1' phase Running
2025-01-29 13:58:34,305 INFO c.h.h.t.HelmChartContainer - [hivemq-test-hivemq-platform] [hivemq-platform-operator] [1484d44a] 13:58:34.303 [ReconcilerExecutor-hivemq-controller-132] DEBUG c.h.p.o.h.HiveMQPlatformReconcilerErrorHandler - [helmlega] Pod 'test-hivemq-legacy-platform-0' phase Pending
2025-01-29 13:58:34,305 INFO c.h.h.t.HelmChartContainer - [hivemq-test-hivemq-platform] [hivemq-platform-operator] [1484d44a] 13:58:34.304 [ReconcilerExecutor-hivemq-controller-132] DEBUG c.h.p.o.h.HiveMQPlatformReconcilerErrorHandler - [helmlega] Pod 'test-hivemq-legacy-platform-0' condition 'PodReadyToStartContainers': False
2025-01-29 13:58:34,306 INFO c.h.h.t.HelmChartContainer - [hivemq-test-hivemq-platform] [hivemq-platform-operator] [1484d44a] 13:58:34.304 [ReconcilerExecutor-hivemq-controller-132] DEBUG c.h.p.o.h.HiveMQPlatformReconcilerErrorHandler - [helmlega] Pod 'test-hivemq-legacy-platform-0' condition 'Initialized': False
2025-01-29 13:58:34,306 INFO c.h.h.t.HelmChartContainer - [hivemq-test-hivemq-platform] [hivemq-platform-operator] [1484d44a] 13:58:34.304 [ReconcilerExecutor-hivemq-controller-132] DEBUG c.h.p.o.h.HiveMQPlatformReconcilerErrorHandler - [helmlega] Pod 'test-hivemq-legacy-platform-0' condition 'Ready': False
2025-01-29 13:58:34,306 INFO c.h.h.t.HelmChartContainer - [hivemq-test-hivemq-platform] [hivemq-platform-operator] [1484d44a] 13:58:34.304 [ReconcilerExecutor-hivemq-controller-132] DEBUG c.h.p.o.h.HiveMQPlatformReconcilerErrorHandler - [helmlega] Pod 'test-hivemq-legacy-platform-0' condition 'ContainersReady': False
2025-01-29 13:58:34,306 INFO c.h.h.t.HelmChartContainer - [hivemq-test-hivemq-platform] [hivemq-platform-operator] [1484d44a] 13:58:34.304 [ReconcilerExecutor-hivemq-controller-132] DEBUG c.h.p.o.h.HiveMQPlatformReconcilerErrorHandler - [helmlega] Pod 'test-hivemq-legacy-platform-0' condition 'PodScheduled': True
2025-01-29 13:58:34,306 INFO c.h.h.t.HelmChartContainer - [hivemq-test-hivemq-platform] [hivemq-platform-operator] [1484d44a] 13:58:34.304 [ReconcilerExecutor-hivemq-controller-132] DEBUG c.h.p.o.h.HiveMQPlatformReconcilerErrorHandler - [helmlega] Pod 'test-hivemq-legacy-platform-0' containerStatus 'hivemq' (started: false) (ready: false) (waiting: [PodInitializing] null)
2025-01-29 13:58:34,306 INFO c.h.h.t.HelmChartContainer - [hivemq-test-hivemq-platform] [hivemq-platform-operator] [1484d44a] 13:58:34.304 [ReconcilerExecutor-hivemq-controller-132] DEBUG c.h.p.o.h.HiveMQPlatformReconcilerRollingRestartHandler - [helmlega] Rolling restart is waiting for 1 of 2 replicas
2025-01-29 13:58:34,390 INFO c.h.h.t.HelmChartContainer - [EVENT] Normal [Pulled] Container image "docker.io/hivemq/hivemq-platform-operator-init-test:snapshot" already present on machine [helmlegacystatefulsetmigrationit-operator:test-hivemq-legacy-platform-0]
2025-01-29 13:58:34,397 INFO c.h.h.t.HelmChartContainer - [EVENT] Normal [Created] Created container: hivemq-platform-operator-init [helmlegacystatefulsetmigrationit-operator:test-hivemq-legacy-platform-0]
2025-01-29 13:58:34,436 INFO c.h.h.t.HelmChartContainer - [EVENT] Normal [Started] Started container hivemq-platform-operator-init [helmlegacystatefulsetmigrationit-operator:test-hivemq-legacy-platform-0]
2025-01-29 13:58:34,922 INFO c.h.h.t.HelmChartContainer - [EVENT] Normal [Pulled] Container image "docker.io/hivemq/hivemq4:4.36.0" already present on machine [helmlegacystatefulsetmigrationit-operator:test-hivemq-legacy-platform-0]
2025-01-29 13:58:34,922 INFO c.h.h.t.HelmChartContainer - Received Pulled event for container hivemq in pod test-hivemq-legacy-platform-0 [9414e86d-d582-487c-a39b-8d03ba828827]
2025-01-29 13:58:34,932 INFO c.h.h.t.HelmChartContainer - [POD] test-hivemq-legacy-platform-0 [9414e86d-d582-487c-a39b-8d03ba828827] in helmlegacystatefulsetmigrationit-operator was MODIFIED
2025-01-29 13:58:34,944 INFO c.h.h.t.HelmChartContainer - [EVENT] Normal [Created] Created container: hivemq [helmlegacystatefulsetmigrationit-operator:test-hivemq-legacy-platform-0]
2025-01-29 13:58:34,944 INFO c.h.h.t.HelmChartContainer - Received Created event for container hivemq in pod test-hivemq-legacy-platform-0 [9414e86d-d582-487c-a39b-8d03ba828827]
2025-01-29 13:58:34,946 INFO c.h.h.t.HelmChartContainer - [hivemq-test-hivemq-platform] [hivemq-platform-operator] [1484d44a] 13:58:34.940 [pool-6-thread-22] DEBUG c.h.p.o.d.PlatformServiceResource - [helmlega] Desired Platform services (4 services)
2025-01-29 13:58:34,960 INFO c.h.h.t.HelmChartContainer - [hivemq-test-hivemq-platform] [hivemq-platform-operator] [1484d44a] 13:58:34.952 [pool-6-thread-23] DEBUG c.h.p.o.dependants.PodInfoConfigMap - [helmlega] Desired PodInfo ConfigMap (2 extensions) (1 enabled)
2025-01-29 13:58:34,962 INFO c.h.h.t.HelmChartContainer - [hivemq-test-hivemq-platform] [hivemq-platform-operator] [1484d44a] 13:58:34.952 [pool-6-thread-23] DEBUG c.h.p.o.dependants.PodInfoConfigMap - [helmlega] Desired PodInfo ConfigMap (metrics port: 9399) (metrics path: /)
2025-01-29 13:58:34,962 INFO c.h.h.t.HelmChartContainer - [hivemq-test-hivemq-platform] [hivemq-platform-operator] [1484d44a] 13:58:34.952 [pool-6-thread-23] DEBUG c.h.p.o.dependants.PodInfoConfigMap - [helmlega] Desired PodInfo ConfigMap (extension state hash: 259316804)
2025-01-29 13:58:34,962 INFO c.h.h.t.HelmChartContainer - [hivemq-test-hivemq-platform] [hivemq-platform-operator] [1484d44a] 13:58:34.953 [pool-6-thread-25] DEBUG c.h.p.o.d.PodServiceAccountResource - [helmlega] Desired PodServiceAccountResource (serviceAccountName: hivemq-platform-pod-test-hivemq-legacy-platform)
2025-01-29 13:58:34,975 INFO c.h.h.t.HelmChartContainer - [hivemq-test-hivemq-platform] [hivemq-platform-operator] [1484d44a] 13:58:34.964 [pool-6-thread-21] DEBUG c.h.p.o.d.StatefulSetResource - [helmlega] Desired StatefulSet (2 replicas) for status ROLLING_RESTART (RESTART_PODS_IN_PROGRESS)
2025-01-29 13:58:34,975 INFO c.h.h.t.HelmChartContainer - [hivemq-test-hivemq-platform] [hivemq-platform-operator] [1484d44a] 13:58:34.970 [ReconcilerExecutor-hivemq-controller-133] INFO  c.h.p.o.HiveMQPlatformReconciler - [helmlega] Reconciling HiveMQ Platform 'test-hivemq-legacy-platform' in namespace 'helmlegacystatefulsetmigrationit-operator'
2025-01-29 13:58:34,975 INFO c.h.h.t.HelmChartContainer - [hivemq-test-hivemq-platform] [hivemq-platform-operator] [1484d44a] 13:58:34.970 [ReconcilerExecutor-hivemq-controller-133] DEBUG c.h.p.o.HiveMQPlatformReconciler - [helmlega] Custom Resource Status ROLLING_RESTART - HiveMQ Platform is restarting Pods (rolling restart) (RESTART_PODS_IN_PROGRESS)
2025-01-29 13:58:34,975 INFO c.h.h.t.HelmChartContainer - [hivemq-test-hivemq-platform] [hivemq-platform-operator] [1484d44a] 13:58:34.970 [ReconcilerExecutor-hivemq-controller-133] DEBUG c.h.p.o.HiveMQPlatformReconciler - [helmlega] Custom Resource Spec (replicas: 1) (extensions: 2)
2025-01-29 13:58:34,979 INFO c.h.h.t.HelmChartContainer - [hivemq-test-hivemq-platform] [hivemq-platform-operator] [1484d44a] 13:58:34.974 [ReconcilerExecutor-hivemq-controller-133] DEBUG c.h.p.o.HiveMQPlatformReconciler - [helmlega] StatefulSet Status (revision: test-hivemq-legacy-platform-65df8dcb7f, replicas: 2, available: 1, ready: 1, current: 2, updated: 2)
2025-01-29 13:58:34,982 INFO c.h.h.t.HelmChartContainer - [hivemq-test-hivemq-platform] [hivemq-platform-operator] [1484d44a] 13:58:34.975 [ReconcilerExecutor-hivemq-controller-133] DEBUG c.h.p.o.HiveMQPlatformReconciler - [helmlega] StatefulSet Spec (replicas: 2, init containers: 1, containers: 1, volumes: 6)
2025-01-29 13:58:35,006 INFO c.h.h.t.HelmChartContainer - [hivemq-test-hivemq-platform] [hivemq-platform-operator] [1484d44a] 13:58:35.001 [ReconcilerExecutor-hivemq-controller-133] DEBUG c.h.p.o.h.HiveMQPlatformReconcilerErrorHandler - [helmlega] Pod 'test-hivemq-legacy-platform-1' phase Running
2025-01-29 13:58:35,006 INFO c.h.h.t.HelmChartContainer - [hivemq-test-hivemq-platform] [hivemq-platform-operator] [1484d44a] 13:58:35.003 [ReconcilerExecutor-hivemq-controller-133] DEBUG c.h.p.o.h.HiveMQPlatformReconcilerErrorHandler - [helmlega] Pod 'test-hivemq-legacy-platform-0' phase Pending
2025-01-29 13:58:35,006 INFO c.h.h.t.HelmChartContainer - [hivemq-test-hivemq-platform] [hivemq-platform-operator] [1484d44a] 13:58:35.004 [ReconcilerExecutor-hivemq-controller-133] DEBUG c.h.p.o.h.HiveMQPlatformReconcilerErrorHandler - [helmlega] Pod 'test-hivemq-legacy-platform-0' condition 'PodReadyToStartContainers': True
2025-01-29 13:58:35,006 INFO c.h.h.t.HelmChartContainer - [hivemq-test-hivemq-platform] [hivemq-platform-operator] [1484d44a] 13:58:35.004 [ReconcilerExecutor-hivemq-controller-133] DEBUG c.h.p.o.h.HiveMQPlatformReconcilerErrorHandler - [helmlega] Pod 'test-hivemq-legacy-platform-0' condition 'Initialized': True
2025-01-29 13:58:35,006 INFO c.h.h.t.HelmChartContainer - [hivemq-test-hivemq-platform] [hivemq-platform-operator] [1484d44a] 13:58:35.004 [ReconcilerExecutor-hivemq-controller-133] DEBUG c.h.p.o.h.HiveMQPlatformReconcilerErrorHandler - [helmlega] Pod 'test-hivemq-legacy-platform-0' condition 'Ready': False
2025-01-29 13:58:35,006 INFO c.h.h.t.HelmChartContainer - [hivemq-test-hivemq-platform] [hivemq-platform-operator] [1484d44a] 13:58:35.004 [ReconcilerExecutor-hivemq-controller-133] DEBUG c.h.p.o.h.HiveMQPlatformReconcilerErrorHandler - [helmlega] Pod 'test-hivemq-legacy-platform-0' condition 'ContainersReady': False
2025-01-29 13:58:35,006 INFO c.h.h.t.HelmChartContainer - [hivemq-test-hivemq-platform] [hivemq-platform-operator] [1484d44a] 13:58:35.004 [ReconcilerExecutor-hivemq-controller-133] DEBUG c.h.p.o.h.HiveMQPlatformReconcilerErrorHandler - [helmlega] Pod 'test-hivemq-legacy-platform-0' condition 'PodScheduled': True
2025-01-29 13:58:35,006 INFO c.h.h.t.HelmChartContainer - [hivemq-test-hivemq-platform] [hivemq-platform-operator] [1484d44a] 13:58:35.004 [ReconcilerExecutor-hivemq-controller-133] DEBUG c.h.p.o.h.HiveMQPlatformReconcilerErrorHandler - [helmlega] Pod 'test-hivemq-legacy-platform-0' containerStatus 'hivemq' (started: false) (ready: false) (waiting: [PodInitializing] null)
2025-01-29 13:58:35,006 INFO c.h.h.t.HelmChartContainer - [hivemq-test-hivemq-platform] [hivemq-platform-operator] [1484d44a] 13:58:35.004 [ReconcilerExecutor-hivemq-controller-133] DEBUG c.h.p.o.h.HiveMQPlatformReconcilerRollingRestartHandler - [helmlega] Rolling restart is waiting for 1 of 2 replicas
2025-01-29 13:58:35,463 INFO c.h.h.t.HelmChartContainer - [K3S] [kubelet_volumes.go:163] "Cleaned up orphaned pod volumes dir" podUID="a7da5cfe-cafb-444f-9c1d-a9021d1fa654" path="/var/lib/kubelet/pods/a7da5cfe-cafb-444f-9c1d-a9021d1fa654/volumes"
2025-01-29 13:58:35,938 INFO c.h.h.t.HelmChartContainer - [POD] test-hivemq-legacy-platform-0 [9414e86d-d582-487c-a39b-8d03ba828827] in helmlegacystatefulsetmigrationit-operator was MODIFIED
2025-01-29 13:58:35,944 INFO c.h.h.t.HelmChartContainer - Started log watcher for hivemq in pod test-hivemq-legacy-platform-0 [9414e86d-d582-487c-a39b-8d03ba828827]
2025-01-29 13:58:35,944 INFO c.h.h.t.HelmChartContainer - [hivemq-test-hivemq-platform] [hivemq-platform-operator] [1484d44a] 13:58:35.939 [pool-6-thread-32] DEBUG c.h.p.o.d.PlatformServiceResource - [helmlega] Desired Platform services (4 services)
2025-01-29 13:58:35,944 INFO c.h.h.t.HelmChartContainer - [hivemq-test-hivemq-platform] [hivemq-platform-operator] [1484d44a] 13:58:35.941 [pool-6-thread-34] DEBUG c.h.p.o.d.PodServiceAccountResource - [helmlega] Desired PodServiceAccountResource (serviceAccountName: hivemq-platform-pod-test-hivemq-legacy-platform)
2025-01-29 13:58:35,944 INFO c.h.h.t.HelmChartContainer - [test-hivemq-legacy-platform] [hivemq] [9414e86d] Adding pre-installed HiveMQ Platform Operator extensions
2025-01-29 13:58:35,944 INFO c.h.h.t.HelmChartContainer - [test-hivemq-legacy-platform] [hivemq] [9414e86d] Running as user 10000
2025-01-29 13:58:35,944 INFO c.h.h.t.HelmChartContainer - [test-hivemq-legacy-platform] [hivemq] [9414e86d] Starting HiveMQ Platform Operator Init
2025-01-29 13:58:35,945 INFO c.h.h.t.HelmChartContainer - [hivemq-test-hivemq-platform] [hivemq-platform-operator] [1484d44a] 13:58:35.944 [pool-6-thread-38] DEBUG c.h.p.o.dependants.PodInfoConfigMap - [helmlega] Desired PodInfo ConfigMap (2 extensions) (1 enabled)
2025-01-29 13:58:35,946 INFO c.h.h.t.HelmChartContainer - [hivemq-test-hivemq-platform] [hivemq-platform-operator] [1484d44a] 13:58:35.944 [pool-6-thread-38] DEBUG c.h.p.o.dependants.PodInfoConfigMap - [helmlega] Desired PodInfo ConfigMap (metrics port: 9399) (metrics path: /)
2025-01-29 13:58:35,946 INFO c.h.h.t.HelmChartContainer - [hivemq-test-hivemq-platform] [hivemq-platform-operator] [1484d44a] 13:58:35.944 [pool-6-thread-38] DEBUG c.h.p.o.dependants.PodInfoConfigMap - [helmlega] Desired PodInfo ConfigMap (extension state hash: 259316804)
2025-01-29 13:58:35,946 INFO c.h.h.t.HelmChartContainer - [EVENT] Normal [Started] Started container hivemq [helmlegacystatefulsetmigrationit-operator:test-hivemq-legacy-platform-0]
2025-01-29 13:58:35,946 INFO c.h.h.t.HelmChartContainer - Received Started event for container hivemq in pod test-hivemq-legacy-platform-0 [9414e86d-d582-487c-a39b-8d03ba828827]
2025-01-29 13:58:35,951 INFO c.h.h.t.HelmChartContainer - [hivemq-test-hivemq-platform] [hivemq-platform-operator] [1484d44a] 13:58:35.947 [pool-6-thread-38] DEBUG c.h.p.o.d.StatefulSetResource - [helmlega] Desired StatefulSet (2 replicas) for status ROLLING_RESTART (RESTART_PODS_IN_PROGRESS)
2025-01-29 13:58:35,958 INFO c.h.h.t.HelmChartContainer - [hivemq-test-hivemq-platform] [hivemq-platform-operator] [1484d44a] 13:58:35.950 [ReconcilerExecutor-hivemq-controller-134] INFO  c.h.p.o.HiveMQPlatformReconciler - [helmlega] Reconciling HiveMQ Platform 'test-hivemq-legacy-platform' in namespace 'helmlegacystatefulsetmigrationit-operator'
2025-01-29 13:58:35,958 INFO c.h.h.t.HelmChartContainer - [hivemq-test-hivemq-platform] [hivemq-platform-operator] [1484d44a] 13:58:35.950 [ReconcilerExecutor-hivemq-controller-134] DEBUG c.h.p.o.HiveMQPlatformReconciler - [helmlega] Custom Resource Status ROLLING_RESTART - HiveMQ Platform is restarting Pods (rolling restart) (RESTART_PODS_IN_PROGRESS)
2025-01-29 13:58:35,958 INFO c.h.h.t.HelmChartContainer - [hivemq-test-hivemq-platform] [hivemq-platform-operator] [1484d44a] 13:58:35.950 [ReconcilerExecutor-hivemq-controller-134] DEBUG c.h.p.o.HiveMQPlatformReconciler - [helmlega] Custom Resource Spec (replicas: 1) (extensions: 2)
2025-01-29 13:58:35,958 INFO c.h.h.t.HelmChartContainer - [hivemq-test-hivemq-platform] [hivemq-platform-operator] [1484d44a] 13:58:35.952 [ReconcilerExecutor-hivemq-controller-134] DEBUG c.h.p.o.HiveMQPlatformReconciler - [helmlega] StatefulSet Status (revision: test-hivemq-legacy-platform-65df8dcb7f, replicas: 2, available: 1, ready: 1, current: 2, updated: 2)
2025-01-29 13:58:35,958 INFO c.h.h.t.HelmChartContainer - [hivemq-test-hivemq-platform] [hivemq-platform-operator] [1484d44a] 13:58:35.952 [ReconcilerExecutor-hivemq-controller-134] DEBUG c.h.p.o.HiveMQPlatformReconciler - [helmlega] StatefulSet Spec (replicas: 2, init containers: 1, containers: 1, volumes: 6)
2025-01-29 13:58:35,958 INFO c.h.h.t.HelmChartContainer - [hivemq-test-hivemq-platform] [hivemq-platform-operator] [1484d44a] 13:58:35.954 [ReconcilerExecutor-hivemq-controller-134] DEBUG c.h.p.o.h.HiveMQPlatformReconcilerErrorHandler - [helmlega] Pod 'test-hivemq-legacy-platform-1' phase Running
2025-01-29 13:58:35,958 INFO c.h.h.t.HelmChartContainer - [hivemq-test-hivemq-platform] [hivemq-platform-operator] [1484d44a] 13:58:35.955 [ReconcilerExecutor-hivemq-controller-134] DEBUG c.h.p.o.h.HiveMQPlatformReconcilerErrorHandler - [helmlega] Pod 'test-hivemq-legacy-platform-0' phase Running
2025-01-29 13:58:35,958 INFO c.h.h.t.HelmChartContainer - [hivemq-test-hivemq-platform] [hivemq-platform-operator] [1484d44a] 13:58:35.955 [ReconcilerExecutor-hivemq-controller-134] DEBUG c.h.p.o.h.HiveMQPlatformReconcilerRollingRestartHandler - [helmlega] Rolling restart is waiting for 1 of 2 replicas
2025-01-29 13:58:36,318 INFO c.h.h.t.HelmChartContainer - [test-hivemq-legacy-platform] [hivemq] [9414e86d] INFO  - [HiveMQ Platform Operator Init 1.7.0-SNAPSHOT] HiveMQ Platform Operator Init 1.7.0-SNAPSHOT (commit: bebf408 on branch: HEAD) built on Sun Jan 26 20:47:47 UTC 2025
2025-01-29 13:58:37,609 INFO c.h.h.t.HelmChartContainer - [test-hivemq-legacy-platform] [hivemq] [9414e86d] INFO  - [HiveMQ Platform Operator Init App 1.7.0-SNAPSHOT] Using bind address 10.42.0.12 from environment variable
2025-01-29 13:58:38,556 INFO c.h.h.t.HelmChartContainer - [test-hivemq-legacy-platform] [hivemq] [9414e86d] INFO  - [HiveMQ Platform Operator Init App 1.7.0-SNAPSHOT] HiveMQ Platform Operator Init App 1.7.0-SNAPSHOT (commit: bebf408 on branch: HEAD) built on Sun Jan 26 20:47:47 UTC 2025
2025-01-29 13:58:38,557 INFO c.h.h.t.HelmChartContainer - [test-hivemq-legacy-platform] [hivemq] [9414e86d] INFO  - [HiveMQ Platform Operator Init App 1.7.0-SNAPSHOT] PodInfo ConfigMap directory: /etc/podinfo
2025-01-29 13:58:38,558 INFO c.h.h.t.HelmChartContainer - [test-hivemq-legacy-platform] [hivemq] [9414e86d] INFO  - [HiveMQ Platform Operator Init App 1.7.0-SNAPSHOT] HiveMQ home directory: /opt/hivemq
2025-01-29 13:58:38,558 INFO c.h.h.t.HelmChartContainer - [test-hivemq-legacy-platform] [hivemq] [9414e86d] INFO  - [HiveMQ Platform Operator Init App 1.7.0-SNAPSHOT] HiveMQ Logback folder: /opt/hivemq/conf
2025-01-29 13:58:38,558 INFO c.h.h.t.HelmChartContainer - [test-hivemq-legacy-platform] [hivemq] [9414e86d] INFO  - [HiveMQ Platform Operator Init App 1.7.0-SNAPSHOT] HiveMQ Config folder: /opt/hivemq/conf-k8s
2025-01-29 13:58:38,558 INFO c.h.h.t.HelmChartContainer - [test-hivemq-legacy-platform] [hivemq] [9414e86d] INFO  - [HiveMQ Platform Operator Init App 1.7.0-SNAPSHOT] Starting HiveMQ Platform Operator Init App
2025-01-29 13:58:38,558 INFO c.h.h.t.HelmChartContainer - [test-hivemq-legacy-platform] [hivemq] [9414e86d] INFO  - [HiveMQ Platform Operator Init App 1.7.0-SNAPSHOT] Starting Pod reconciler
2025-01-29 13:58:39,819 INFO c.h.h.t.HelmChartContainer - [test-hivemq-legacy-platform] [hivemq] [9414e86d] INFO  - [HiveMQ Platform Operator Init App 1.7.0-SNAPSHOT] Pod reconciler is scheduled (interval: 5000 ms)
2025-01-29 13:58:39,820 INFO c.h.h.t.HelmChartContainer - [test-hivemq-legacy-platform] [hivemq] [9414e86d] INFO  - [HiveMQ Platform Operator Init App 1.7.0-SNAPSHOT] Starting the REST API on 10.42.0.12:7979
2025-01-29 13:58:39,852 INFO c.h.h.t.HelmChartContainer - [test-hivemq-legacy-platform] [hivemq] [9414e86d] INFO  - [HiveMQ Platform Operator Init App 1.7.0-SNAPSHOT] Waiting up to 600s for at most 2 HiveMQ nodes in cluster service hivemq-test-hivemq-legacy-platform-cluster.helmlegacystatefulsetmigrationit-operator.svc
2025-01-29 13:58:40,215 INFO c.h.h.t.HelmChartContainer - [test-hivemq-legacy-platform] [hivemq] [9414e86d] INFO  - [HiveMQ Platform Operator Init App 1.7.0-SNAPSHOT] Resolved 2 IP addresses: [10.42.0.11, 10.42.0.12]
2025-01-29 13:58:40,215 INFO c.h.h.t.HelmChartContainer - [test-hivemq-legacy-platform] [hivemq] [9414e86d] INFO  - [HiveMQ Platform Operator Init App 1.7.0-SNAPSHOT] HiveMQ node count of 2 is within threshold of 2
2025-01-29 13:58:40,215 INFO c.h.h.t.HelmChartContainer - [test-hivemq-legacy-platform] [hivemq] [9414e86d] INFO  - [HiveMQ Platform Operator Init App 1.7.0-SNAPSHOT] Waiting 15s for previous shutdown replication to finish...
2025-01-29 13:58:41,934 INFO c.h.h.t.HelmChartContainer - [test-hivemq-legacy-platform] [hivemq] [9414e86d] INFO  - [HiveMQ Platform Operator Init App 1.7.0-SNAPSHOT] Returning default Health API response 503 for readiness
2025-01-29 13:58:42,057 INFO c.h.h.t.HelmChartContainer - [EVENT] Warning [Unhealthy] Readiness probe failed: HTTP probe failed with statuscode: 503 [helmlegacystatefulsetmigrationit-operator:test-hivemq-legacy-platform-0]
2025-01-29 13:58:42,057 INFO c.h.h.t.HelmChartContainer - Received Unhealthy event for container hivemq in pod test-hivemq-legacy-platform-0 [9414e86d-d582-487c-a39b-8d03ba828827]
2025-01-29 13:58:45,962 INFO c.h.h.t.HelmChartContainer - [hivemq-test-hivemq-platform] [hivemq-platform-operator] [1484d44a] 13:58:45.959 [pool-6-thread-42] DEBUG c.h.p.o.d.PlatformServiceResource - [helmlega] Desired Platform services (4 services)
2025-01-29 13:58:45,963 INFO c.h.h.t.HelmChartContainer - [hivemq-test-hivemq-platform] [hivemq-platform-operator] [1484d44a] 13:58:45.961 [pool-6-thread-43] DEBUG c.h.p.o.d.PodServiceAccountResource - [helmlega] Desired PodServiceAccountResource (serviceAccountName: hivemq-platform-pod-test-hivemq-legacy-platform)
2025-01-29 13:58:45,963 INFO c.h.h.t.HelmChartContainer - [hivemq-test-hivemq-platform] [hivemq-platform-operator] [1484d44a] 13:58:45.961 [pool-6-thread-50] DEBUG c.h.p.o.dependants.PodInfoConfigMap - [helmlega] Desired PodInfo ConfigMap (2 extensions) (1 enabled)
2025-01-29 13:58:45,963 INFO c.h.h.t.HelmChartContainer - [hivemq-test-hivemq-platform] [hivemq-platform-operator] [1484d44a] 13:58:45.961 [pool-6-thread-50] DEBUG c.h.p.o.dependants.PodInfoConfigMap - [helmlega] Desired PodInfo ConfigMap (metrics port: 9399) (metrics path: /)
2025-01-29 13:58:45,963 INFO c.h.h.t.HelmChartContainer - [hivemq-test-hivemq-platform] [hivemq-platform-operator] [1484d44a] 13:58:45.961 [pool-6-thread-50] DEBUG c.h.p.o.dependants.PodInfoConfigMap - [helmlega] Desired PodInfo ConfigMap (extension state hash: 259316804)
2025-01-29 13:58:45,967 INFO c.h.h.t.HelmChartContainer - [hivemq-test-hivemq-platform] [hivemq-platform-operator] [1484d44a] 13:58:45.966 [pool-6-thread-42] DEBUG c.h.p.o.d.StatefulSetResource - [helmlega] Desired StatefulSet (2 replicas) for status ROLLING_RESTART (RESTART_PODS_IN_PROGRESS)
2025-01-29 13:58:45,970 INFO c.h.h.t.HelmChartContainer - [hivemq-test-hivemq-platform] [hivemq-platform-operator] [1484d44a] 13:58:45.969 [ReconcilerExecutor-hivemq-controller-135] INFO  c.h.p.o.HiveMQPlatformReconciler - [helmlega] Reconciling HiveMQ Platform 'test-hivemq-legacy-platform' in namespace 'helmlegacystatefulsetmigrationit-operator'
2025-01-29 13:58:45,971 INFO c.h.h.t.HelmChartContainer - [hivemq-test-hivemq-platform] [hivemq-platform-operator] [1484d44a] 13:58:45.969 [ReconcilerExecutor-hivemq-controller-135] DEBUG c.h.p.o.HiveMQPlatformReconciler - [helmlega] Custom Resource Status ROLLING_RESTART - HiveMQ Platform is restarting Pods (rolling restart) (RESTART_PODS_IN_PROGRESS)
2025-01-29 13:58:45,971 INFO c.h.h.t.HelmChartContainer - [hivemq-test-hivemq-platform] [hivemq-platform-operator] [1484d44a] 13:58:45.969 [ReconcilerExecutor-hivemq-controller-135] DEBUG c.h.p.o.HiveMQPlatformReconciler - [helmlega] Custom Resource Spec (replicas: 1) (extensions: 2)
2025-01-29 13:58:45,974 INFO c.h.h.t.HelmChartContainer - [hivemq-test-hivemq-platform] [hivemq-platform-operator] [1484d44a] 13:58:45.971 [ReconcilerExecutor-hivemq-controller-135] DEBUG c.h.p.o.HiveMQPlatformReconciler - [helmlega] StatefulSet Status (revision: test-hivemq-legacy-platform-65df8dcb7f, replicas: 2, available: 1, ready: 1, current: 2, updated: 2)
2025-01-29 13:58:45,974 INFO c.h.h.t.HelmChartContainer - [hivemq-test-hivemq-platform] [hivemq-platform-operator] [1484d44a] 13:58:45.971 [ReconcilerExecutor-hivemq-controller-135] DEBUG c.h.p.o.HiveMQPlatformReconciler - [helmlega] StatefulSet Spec (replicas: 2, init containers: 1, containers: 1, volumes: 6)
2025-01-29 13:58:45,975 INFO c.h.h.t.HelmChartContainer - [hivemq-test-hivemq-platform] [hivemq-platform-operator] [1484d44a] 13:58:45.973 [ReconcilerExecutor-hivemq-controller-135] DEBUG c.h.p.o.h.HiveMQPlatformReconcilerErrorHandler - [helmlega] Pod 'test-hivemq-legacy-platform-1' phase Running
2025-01-29 13:58:45,978 INFO c.h.h.t.HelmChartContainer - [hivemq-test-hivemq-platform] [hivemq-platform-operator] [1484d44a] 13:58:45.977 [ReconcilerExecutor-hivemq-controller-135] DEBUG c.h.p.o.h.HiveMQPlatformReconcilerErrorHandler - [helmlega] Pod 'test-hivemq-legacy-platform-0' phase Running
2025-01-29 13:58:45,979 INFO c.h.h.t.HelmChartContainer - [hivemq-test-hivemq-platform] [hivemq-platform-operator] [1484d44a] 13:58:45.978 [ReconcilerExecutor-hivemq-controller-135] DEBUG c.h.p.o.h.HiveMQPlatformReconcilerRollingRestartHandler - [helmlega] Rolling restart is waiting for 1 of 2 replicas
2025-01-29 13:58:47,014 INFO c.h.h.t.HelmChartContainer - [EVENT] Warning [Unhealthy] Readiness probe failed: HTTP probe failed with statuscode: 503 [helmlegacystatefulsetmigrationit-operator:test-hivemq-legacy-platform-0]
2025-01-29 13:58:47,014 INFO c.h.h.t.HelmChartContainer - Received Unhealthy event for container hivemq in pod test-hivemq-legacy-platform-0 [9414e86d-d582-487c-a39b-8d03ba828827]
2025-01-29 13:58:47,310 INFO c.h.h.t.HelmChartContainer - [test-hivemq-legacy-platform] [hivemq] [9414e86d] INFO  - [HiveMQ Platform Operator Init App 1.7.0-SNAPSHOT] Updating Pod HiveMQ Platform Operator Init App version annotation (version: 1.7.0-SNAPSHOT)
2025-01-29 13:58:47,622 INFO c.h.h.t.HelmChartContainer - [POD] test-hivemq-legacy-platform-0 [9414e86d-d582-487c-a39b-8d03ba828827] in helmlegacystatefulsetmigrationit-operator was MODIFIED
2025-01-29 13:58:47,629 INFO c.h.h.t.HelmChartContainer - [EVENT] Warning [Unhealthy] Readiness probe failed: HTTP probe failed with statuscode: 503 [helmlegacystatefulsetmigrationit-operator:test-hivemq-legacy-platform-0]
2025-01-29 13:58:47,629 INFO c.h.h.t.HelmChartContainer - Received Unhealthy event for container hivemq in pod test-hivemq-legacy-platform-0 [9414e86d-d582-487c-a39b-8d03ba828827]
2025-01-29 13:58:47,632 INFO c.h.h.t.HelmChartContainer - [hivemq-test-hivemq-platform] [hivemq-platform-operator] [1484d44a] 13:58:47.630 [pool-6-thread-9] DEBUG c.h.p.o.d.PlatformServiceResource - [helmlega] Desired Platform services (4 services)
2025-01-29 13:58:47,633 INFO c.h.h.t.HelmChartContainer - [hivemq-test-hivemq-platform] [hivemq-platform-operator] [1484d44a] 13:58:47.631 [pool-6-thread-10] DEBUG c.h.p.o.dependants.PodInfoConfigMap - [helmlega] Desired PodInfo ConfigMap (2 extensions) (1 enabled)
2025-01-29 13:58:47,633 INFO c.h.h.t.HelmChartContainer - [hivemq-test-hivemq-platform] [hivemq-platform-operator] [1484d44a] 13:58:47.631 [pool-6-thread-10] DEBUG c.h.p.o.dependants.PodInfoConfigMap - [helmlega] Desired PodInfo ConfigMap (metrics port: 9399) (metrics path: /)
2025-01-29 13:58:47,633 INFO c.h.h.t.HelmChartContainer - [hivemq-test-hivemq-platform] [hivemq-platform-operator] [1484d44a] 13:58:47.631 [pool-6-thread-10] DEBUG c.h.p.o.dependants.PodInfoConfigMap - [helmlega] Desired PodInfo ConfigMap (extension state hash: 259316804)
2025-01-29 13:58:47,636 INFO c.h.h.t.HelmChartContainer - [hivemq-test-hivemq-platform] [hivemq-platform-operator] [1484d44a] 13:58:47.634 [pool-6-thread-8] DEBUG c.h.p.o.d.PodServiceAccountResource - [helmlega] Desired PodServiceAccountResource (serviceAccountName: hivemq-platform-pod-test-hivemq-legacy-platform)
2025-01-29 13:58:47,637 INFO c.h.h.t.HelmChartContainer - [hivemq-test-hivemq-platform] [hivemq-platform-operator] [1484d44a] 13:58:47.636 [pool-6-thread-9] DEBUG c.h.p.o.d.StatefulSetResource - [helmlega] Desired StatefulSet (2 replicas) for status ROLLING_RESTART (RESTART_PODS_IN_PROGRESS)
2025-01-29 13:58:47,641 INFO c.h.h.t.HelmChartContainer - [hivemq-test-hivemq-platform] [hivemq-platform-operator] [1484d44a] 13:58:47.639 [ReconcilerExecutor-hivemq-controller-136] INFO  c.h.p.o.HiveMQPlatformReconciler - [helmlega] Reconciling HiveMQ Platform 'test-hivemq-legacy-platform' in namespace 'helmlegacystatefulsetmigrationit-operator'
2025-01-29 13:58:47,641 INFO c.h.h.t.HelmChartContainer - [hivemq-test-hivemq-platform] [hivemq-platform-operator] [1484d44a] 13:58:47.639 [ReconcilerExecutor-hivemq-controller-136] DEBUG c.h.p.o.HiveMQPlatformReconciler - [helmlega] Custom Resource Status ROLLING_RESTART - HiveMQ Platform is restarting Pods (rolling restart) (RESTART_PODS_IN_PROGRESS)
2025-01-29 13:58:47,641 INFO c.h.h.t.HelmChartContainer - [hivemq-test-hivemq-platform] [hivemq-platform-operator] [1484d44a] 13:58:47.639 [ReconcilerExecutor-hivemq-controller-136] DEBUG c.h.p.o.HiveMQPlatformReconciler - [helmlega] Custom Resource Spec (replicas: 1) (extensions: 2)
2025-01-29 13:58:47,643 INFO c.h.h.t.HelmChartContainer - [hivemq-test-hivemq-platform] [hivemq-platform-operator] [1484d44a] 13:58:47.641 [ReconcilerExecutor-hivemq-controller-136] DEBUG c.h.p.o.HiveMQPlatformReconciler - [helmlega] StatefulSet Status (revision: test-hivemq-legacy-platform-65df8dcb7f, replicas: 2, available: 1, ready: 1, current: 2, updated: 2)
2025-01-29 13:58:47,643 INFO c.h.h.t.HelmChartContainer - [hivemq-test-hivemq-platform] [hivemq-platform-operator] [1484d44a] 13:58:47.641 [ReconcilerExecutor-hivemq-controller-136] DEBUG c.h.p.o.HiveMQPlatformReconciler - [helmlega] StatefulSet Spec (replicas: 2, init containers: 1, containers: 1, volumes: 6)
2025-01-29 13:58:47,644 INFO c.h.h.t.HelmChartContainer - [hivemq-test-hivemq-platform] [hivemq-platform-operator] [1484d44a] 13:58:47.643 [ReconcilerExecutor-hivemq-controller-136] DEBUG c.h.p.o.h.HiveMQPlatformReconcilerErrorHandler - [helmlega] Pod 'test-hivemq-legacy-platform-1' phase Running
2025-01-29 13:58:47,701 INFO c.h.h.t.HelmChartContainer - [hivemq-test-hivemq-platform] [hivemq-platform-operator] [1484d44a] 13:58:47.700 [ReconcilerExecutor-hivemq-controller-136] DEBUG c.h.p.o.h.HiveMQPlatformReconcilerErrorHandler - [helmlega] Pod 'test-hivemq-legacy-platform-0' phase Running
2025-01-29 13:58:47,702 INFO c.h.h.t.HelmChartContainer - [hivemq-test-hivemq-platform] [hivemq-platform-operator] [1484d44a] 13:58:47.701 [ReconcilerExecutor-hivemq-controller-136] DEBUG c.h.p.o.h.HiveMQPlatformReconcilerRollingRestartHandler - [helmlega] Rolling restart is waiting for 1 of 2 replicas
2025-01-29 13:58:47,706 INFO c.h.h.t.HelmChartContainer - [test-hivemq-legacy-platform] [hivemq] [9414e86d] INFO  - [HiveMQ Platform Operator Init App 1.7.0-SNAPSHOT] Successfully updated Pod HiveMQ Platform Operator Init App version annotation (version: 1.7.0-SNAPSHOT)
2025-01-29 13:58:52,628 INFO c.h.h.t.HelmChartContainer - [EVENT] Warning [Unhealthy] Readiness probe failed: HTTP probe failed with statuscode: 503 [helmlegacystatefulsetmigrationit-operator:test-hivemq-legacy-platform-0]
2025-01-29 13:58:52,628 INFO c.h.h.t.HelmChartContainer - Received Unhealthy event for container hivemq in pod test-hivemq-legacy-platform-0 [9414e86d-d582-487c-a39b-8d03ba828827]
2025-01-29 13:58:55,216 INFO c.h.h.t.HelmChartContainer - [test-hivemq-legacy-platform] [hivemq] [9414e86d] INFO  - [HiveMQ Platform Operator Init App 1.7.0-SNAPSHOT] Proceeding with container start
2025-01-29 13:58:55,219 INFO c.h.h.t.HelmChartContainer - [test-hivemq-legacy-platform] [hivemq] [9414e86d] INFO  - [HiveMQ Platform Operator Init App 1.7.0-SNAPSHOT] Initializing HiveMQ Platform extensions with initial configuration: {hivemq-allow-all-extension={start-priority=-1, skip-https-hostname-verification=false, restart=true, config-version=0, header-version=0, c-uri=, priority=-1, uri=preinstalled, skip-https-certificate-validation=false, enabled=false}, hivemq-enterprise-security-extension={start-priority=-1, skip-https-hostname-verification=false, restart=true, config-version=734, header-version=0, c-uri=, priority=-1, uri=preinstalled, skip-https-certificate-validation=false, enabled=true}, hivemq-prometheus-extension={uri=preinstalled, skip-https-certificate-validation=false, skip-https-hostname-verification=false, c-uri=, start-priority=-1, priority=-1, restart=true, enabled=true, request-header-path=no-request-headers}}
2025-01-29 13:58:55,220 INFO c.h.h.t.HelmChartContainer - [test-hivemq-legacy-platform] [hivemq] [9414e86d] INFO  - [HiveMQ Platform Operator Init App 1.7.0-SNAPSHOT] Successfully disabled extension hivemq-allow-all-extension
2025-01-29 13:58:55,625 INFO c.h.h.t.HelmChartContainer - [test-hivemq-legacy-platform] [hivemq] [9414e86d] INFO  - [HiveMQ Platform Operator Init App 1.7.0-SNAPSHOT] Successfully enabled extension hivemq-enterprise-security-extension
2025-01-29 13:58:55,713 INFO c.h.h.t.HelmChartContainer - [test-hivemq-legacy-platform] [hivemq] [9414e86d] INFO  - [HiveMQ Platform Operator Init App 1.7.0-SNAPSHOT] Successfully enabled extension hivemq-prometheus-extension
2025-01-29 13:58:55,714 INFO c.h.h.t.HelmChartContainer - [test-hivemq-legacy-platform] [hivemq] [9414e86d] INFO  - [HiveMQ Platform Operator Init App 1.7.0-SNAPSHOT] Starting HiveMQ Platform version 4.36.0 (4.36.0)
2025-01-29 13:58:55,714 INFO c.h.h.t.HelmChartContainer - [test-hivemq-legacy-platform] [hivemq] [9414e86d] INFO  - [HiveMQ Platform Operator Init App 1.7.0-SNAPSHOT] Configuring the HiveMQ Platform
2025-01-29 13:58:55,723 INFO c.h.h.t.HelmChartContainer - [test-hivemq-legacy-platform] [hivemq] [9414e86d] INFO  - [HiveMQ Platform Operator Init App 1.7.0-SNAPSHOT] Changed logback.xml file scan period to 20 seconds
2025-01-29 13:58:55,816 INFO c.h.h.t.HelmChartContainer - [test-hivemq-legacy-platform] [hivemq] [9414e86d] INFO  - [HiveMQ Platform Operator Init App 1.7.0-SNAPSHOT] Starting the HiveMQ Platform
2025-01-29 13:58:55,818 INFO c.h.h.t.HelmChartContainer - [test-hivemq-legacy-platform] [hivemq] [9414e86d] -------------------------------------------------------------------------
2025-01-29 13:58:55,818 INFO c.h.h.t.HelmChartContainer - [test-hivemq-legacy-platform] [hivemq] [9414e86d] 
2025-01-29 13:58:55,818 INFO c.h.h.t.HelmChartContainer - [test-hivemq-legacy-platform] [hivemq] [9414e86d]                   _    _  _              __  __   ____
2025-01-29 13:58:55,818 INFO c.h.h.t.HelmChartContainer - [test-hivemq-legacy-platform] [hivemq] [9414e86d]                  | |  | |(_)            |  \/  | / __ \
2025-01-29 13:58:55,818 INFO c.h.h.t.HelmChartContainer - [test-hivemq-legacy-platform] [hivemq] [9414e86d]                  | |__| | _ __   __ ___ | \  / || |  | |
2025-01-29 13:58:55,819 INFO c.h.h.t.HelmChartContainer - [test-hivemq-legacy-platform] [hivemq] [9414e86d]                  |  __  || |\ \ / // _ \| |\/| || |  | |
2025-01-29 13:58:55,819 INFO c.h.h.t.HelmChartContainer - [test-hivemq-legacy-platform] [hivemq] [9414e86d]                  | |  | || | \ V /|  __/| |  | || |__| |
2025-01-29 13:58:55,819 INFO c.h.h.t.HelmChartContainer - [test-hivemq-legacy-platform] [hivemq] [9414e86d]                  |_|  |_||_|  \_/  \___||_|  |_| \___\_\
2025-01-29 13:58:55,819 INFO c.h.h.t.HelmChartContainer - [test-hivemq-legacy-platform] [hivemq] [9414e86d] 
2025-01-29 13:58:55,819 INFO c.h.h.t.HelmChartContainer - [test-hivemq-legacy-platform] [hivemq] [9414e86d] -------------------------------------------------------------------------
2025-01-29 13:58:55,819 INFO c.h.h.t.HelmChartContainer - [test-hivemq-legacy-platform] [hivemq] [9414e86d] 
2025-01-29 13:58:55,819 INFO c.h.h.t.HelmChartContainer - [test-hivemq-legacy-platform] [hivemq] [9414e86d]   HiveMQ Start Script for Linux/Unix v1.14
2025-01-29 13:58:55,820 INFO c.h.h.t.HelmChartContainer - [test-hivemq-legacy-platform] [hivemq] [9414e86d] 
2025-01-29 13:58:55,930 INFO c.h.h.t.HelmChartContainer - [test-hivemq-legacy-platform] [hivemq] [9414e86d] -------------------------------------------------------------------------
2025-01-29 13:58:55,930 INFO c.h.h.t.HelmChartContainer - [test-hivemq-legacy-platform] [hivemq] [9414e86d] 
2025-01-29 13:58:55,930 INFO c.h.h.t.HelmChartContainer - [test-hivemq-legacy-platform] [hivemq] [9414e86d]   HIVEMQ_HOME: /opt/hivemq
2025-01-29 13:58:55,930 INFO c.h.h.t.HelmChartContainer - [test-hivemq-legacy-platform] [hivemq] [9414e86d] 
2025-01-29 13:58:55,930 INFO c.h.h.t.HelmChartContainer - [test-hivemq-legacy-platform] [hivemq] [9414e86d]   JAVA_OPTS: -XX:+UnlockExperimentalVMOptions -XX:InitialRAMPercentage=50 -XX:MaxRAMPercentage=50 -Djava.net.preferIPv4Stack=true --add-opens java.base/java.lang=ALL-UNNAMED --add-opens java.base/java.nio=ALL-UNNAMED --add-opens java.base/sun.nio.ch=ALL-UNNAMED --add-opens jdk.management/com.sun.management.internal=ALL-UNNAMED --add-exports java.base/jdk.internal.misc=ALL-UNNAMED -Djava.security.egd=file:/dev/./urandom -Dcom.sun.management.jmxremote -Dcom.sun.management.jmxremote.port=9010 -Dcom.sun.management.jmxremote.local.only=false -Dcom.sun.management.jmxremote.authenticate=false -Dcom.sun.management.jmxremote.ssl=false -Duser.language=en -Duser.region=US -XX:+CrashOnOutOfMemoryError -XX:+HeapDumpOnOutOfMemoryError
2025-01-29 13:58:55,930 INFO c.h.h.t.HelmChartContainer - [test-hivemq-legacy-platform] [hivemq] [9414e86d] 
2025-01-29 13:58:55,930 INFO c.h.h.t.HelmChartContainer - [test-hivemq-legacy-platform] [hivemq] [9414e86d]   JAVA_VERSION: 21
2025-01-29 13:58:55,930 INFO c.h.h.t.HelmChartContainer - [test-hivemq-legacy-platform] [hivemq] [9414e86d] 
2025-01-29 13:58:55,930 INFO c.h.h.t.HelmChartContainer - [test-hivemq-legacy-platform] [hivemq] [9414e86d] -------------------------------------------------------------------------
2025-01-29 13:58:55,930 INFO c.h.h.t.HelmChartContainer - [test-hivemq-legacy-platform] [hivemq] [9414e86d] 
2025-01-29 13:58:57,628 INFO c.h.h.t.HelmChartContainer - [EVENT] Warning [Unhealthy] Readiness probe failed: HTTP probe failed with statuscode: 503 [helmlegacystatefulsetmigrationit-operator:test-hivemq-legacy-platform-0]
2025-01-29 13:58:57,628 INFO c.h.h.t.HelmChartContainer - Received Unhealthy event for container hivemq in pod test-hivemq-legacy-platform-0 [9414e86d-d582-487c-a39b-8d03ba828827]
2025-01-29 13:58:57,709 INFO c.h.h.t.HelmChartContainer - [hivemq-test-hivemq-platform] [hivemq-platform-operator] [1484d44a] 13:58:57.705 [pool-6-thread-18] DEBUG c.h.p.o.d.PlatformServiceResource - [helmlega] Desired Platform services (4 services)
2025-01-29 13:58:57,709 INFO c.h.h.t.HelmChartContainer - [hivemq-test-hivemq-platform] [hivemq-platform-operator] [1484d44a] 13:58:57.706 [pool-6-thread-11] DEBUG c.h.p.o.dependants.PodInfoConfigMap - [helmlega] Desired PodInfo ConfigMap (2 extensions) (1 enabled)
2025-01-29 13:58:57,709 INFO c.h.h.t.HelmChartContainer - [hivemq-test-hivemq-platform] [hivemq-platform-operator] [1484d44a] 13:58:57.706 [pool-6-thread-11] DEBUG c.h.p.o.dependants.PodInfoConfigMap - [helmlega] Desired PodInfo ConfigMap (metrics port: 9399) (metrics path: /)
2025-01-29 13:58:57,709 INFO c.h.h.t.HelmChartContainer - [hivemq-test-hivemq-platform] [hivemq-platform-operator] [1484d44a] 13:58:57.706 [pool-6-thread-11] DEBUG c.h.p.o.dependants.PodInfoConfigMap - [helmlega] Desired PodInfo ConfigMap (extension state hash: 259316804)
2025-01-29 13:58:57,709 INFO c.h.h.t.HelmChartContainer - [hivemq-test-hivemq-platform] [hivemq-platform-operator] [1484d44a] 13:58:57.706 [pool-6-thread-14] DEBUG c.h.p.o.d.PodServiceAccountResource - [helmlega] Desired PodServiceAccountResource (serviceAccountName: hivemq-platform-pod-test-hivemq-legacy-platform)
2025-01-29 13:58:57,716 INFO c.h.h.t.HelmChartContainer - [hivemq-test-hivemq-platform] [hivemq-platform-operator] [1484d44a] 13:58:57.714 [pool-6-thread-18] DEBUG c.h.p.o.d.StatefulSetResource - [helmlega] Desired StatefulSet (2 replicas) for status ROLLING_RESTART (RESTART_PODS_IN_PROGRESS)
2025-01-29 13:58:57,722 INFO c.h.h.t.HelmChartContainer - [hivemq-test-hivemq-platform] [hivemq-platform-operator] [1484d44a] 13:58:57.721 [ReconcilerExecutor-hivemq-controller-137] INFO  c.h.p.o.HiveMQPlatformReconciler - [helmlega] Reconciling HiveMQ Platform 'test-hivemq-legacy-platform' in namespace 'helmlegacystatefulsetmigrationit-operator'
2025-01-29 13:58:57,722 INFO c.h.h.t.HelmChartContainer - [hivemq-test-hivemq-platform] [hivemq-platform-operator] [1484d44a] 13:58:57.721 [ReconcilerExecutor-hivemq-controller-137] DEBUG c.h.p.o.HiveMQPlatformReconciler - [helmlega] Custom Resource Status ROLLING_RESTART - HiveMQ Platform is restarting Pods (rolling restart) (RESTART_PODS_IN_PROGRESS)
2025-01-29 13:58:57,722 INFO c.h.h.t.HelmChartContainer - [hivemq-test-hivemq-platform] [hivemq-platform-operator] [1484d44a] 13:58:57.721 [ReconcilerExecutor-hivemq-controller-137] DEBUG c.h.p.o.HiveMQPlatformReconciler - [helmlega] Custom Resource Spec (replicas: 1) (extensions: 2)
2025-01-29 13:58:57,723 INFO c.h.h.t.HelmChartContainer - [hivemq-test-hivemq-platform] [hivemq-platform-operator] [1484d44a] 13:58:57.722 [ReconcilerExecutor-hivemq-controller-137] DEBUG c.h.p.o.HiveMQPlatformReconciler - [helmlega] StatefulSet Status (revision: test-hivemq-legacy-platform-65df8dcb7f, replicas: 2, available: 1, ready: 1, current: 2, updated: 2)
2025-01-29 13:58:57,724 INFO c.h.h.t.HelmChartContainer - [hivemq-test-hivemq-platform] [hivemq-platform-operator] [1484d44a] 13:58:57.722 [ReconcilerExecutor-hivemq-controller-137] DEBUG c.h.p.o.HiveMQPlatformReconciler - [helmlega] StatefulSet Spec (replicas: 2, init containers: 1, containers: 1, volumes: 6)
2025-01-29 13:58:57,724 INFO c.h.h.t.HelmChartContainer - [hivemq-test-hivemq-platform] [hivemq-platform-operator] [1484d44a] 13:58:57.724 [ReconcilerExecutor-hivemq-controller-137] DEBUG c.h.p.o.h.HiveMQPlatformReconcilerErrorHandler - [helmlega] Pod 'test-hivemq-legacy-platform-1' phase Running
2025-01-29 13:58:57,727 INFO c.h.h.t.HelmChartContainer - [hivemq-test-hivemq-platform] [hivemq-platform-operator] [1484d44a] 13:58:57.726 [ReconcilerExecutor-hivemq-controller-137] DEBUG c.h.p.o.h.HiveMQPlatformReconcilerErrorHandler - [helmlega] Pod 'test-hivemq-legacy-platform-0' phase Running
2025-01-29 13:58:57,728 INFO c.h.h.t.HelmChartContainer - [hivemq-test-hivemq-platform] [hivemq-platform-operator] [1484d44a] 13:58:57.727 [ReconcilerExecutor-hivemq-controller-137] DEBUG c.h.p.o.h.HiveMQPlatformReconcilerRollingRestartHandler - [helmlega] Rolling restart is waiting for 1 of 2 replicas
2025-01-29 13:58:58,523 INFO c.h.h.t.HelmChartContainer - [test-hivemq-legacy-platform] [hivemq] [9414e86d] INFO  - Starting HiveMQ Enterprise Server
2025-01-29 13:58:58,611 INFO c.h.h.t.HelmChartContainer - [test-hivemq-legacy-platform] [hivemq] [9414e86d] INFO  - HiveMQ version: 4.36.0
2025-01-29 13:58:58,612 INFO c.h.h.t.HelmChartContainer - [test-hivemq-legacy-platform] [hivemq] [9414e86d] INFO  - HiveMQ home directory: /opt/hivemq
2025-01-29 13:58:58,612 INFO c.h.h.t.HelmChartContainer - [test-hivemq-legacy-platform] [hivemq] [9414e86d] INFO  - Log Configuration was overridden by /opt/hivemq/conf/logback.xml
2025-01-29 13:58:59,822 INFO c.h.h.t.HelmChartContainer - [test-hivemq-legacy-platform] [hivemq] [9414e86d] INFO  - Successfully loaded configuration from '/opt/hivemq/conf-k8s/config.xml'.
2025-01-29 13:59:00,111 INFO c.h.h.t.HelmChartContainer - [test-hivemq-legacy-platform] [hivemq] [9414e86d] INFO  - This node's ID is FMHhn
2025-01-29 13:59:00,315 INFO c.h.h.t.HelmChartContainer - [test-hivemq-legacy-platform] [hivemq] [9414e86d] INFO  - Clustering is enabled
2025-01-29 13:59:03,109 INFO c.h.h.t.HelmChartContainer - [test-hivemq-legacy-platform] [hivemq] [9414e86d] WARN  - [HiveMQ Platform Operator Init App 1.7.0-SNAPSHOT] Cannot connect to Health API for readiness: null
2025-01-29 13:59:03,113 INFO c.h.h.t.HelmChartContainer - [EVENT] Warning [Unhealthy] Readiness probe failed: HTTP probe failed with statuscode: 503 [helmlegacystatefulsetmigrationit-operator:test-hivemq-legacy-platform-0]
2025-01-29 13:59:03,113 INFO c.h.h.t.HelmChartContainer - Received Unhealthy event for container hivemq in pod test-hivemq-legacy-platform-0 [9414e86d-d582-487c-a39b-8d03ba828827]
2025-01-29 13:59:04,309 INFO c.h.h.t.HelmChartContainer - [test-hivemq-legacy-platform] [hivemq] [9414e86d] WARN  - [HiveMQ Platform Operator Init App 1.7.0-SNAPSHOT] Cannot connect to Health API for liveness: null
2025-01-29 13:59:04,309 INFO c.h.h.t.HelmChartContainer - [test-hivemq-legacy-platform] [hivemq] [9414e86d] INFO  - [HiveMQ Platform Operator Init App 1.7.0-SNAPSHOT] Returning default Health API response 200 for liveness
2025-01-29 13:59:07,626 INFO c.h.h.t.HelmChartContainer - [test-hivemq-legacy-platform] [hivemq] [9414e86d] WARN  - [HiveMQ Platform Operator Init App 1.7.0-SNAPSHOT] Cannot connect to Health API for readiness: null
2025-01-29 13:59:07,631 INFO c.h.h.t.HelmChartContainer - [EVENT] Warning [Unhealthy] Readiness probe failed: HTTP probe failed with statuscode: 503 [helmlegacystatefulsetmigrationit-operator:test-hivemq-legacy-platform-0]
2025-01-29 13:59:07,631 INFO c.h.h.t.HelmChartContainer - Received Unhealthy event for container hivemq in pod test-hivemq-legacy-platform-0 [9414e86d-d582-487c-a39b-8d03ba828827]
2025-01-29 13:59:07,734 INFO c.h.h.t.HelmChartContainer - [hivemq-test-hivemq-platform] [hivemq-platform-operator] [1484d44a] 13:59:07.732 [pool-6-thread-29] DEBUG c.h.p.o.d.PodServiceAccountResource - [helmlega] Desired PodServiceAccountResource (serviceAccountName: hivemq-platform-pod-test-hivemq-legacy-platform)
2025-01-29 13:59:07,734 INFO c.h.h.t.HelmChartContainer - [hivemq-test-hivemq-platform] [hivemq-platform-operator] [1484d44a] 13:59:07.732 [pool-6-thread-30] DEBUG c.h.p.o.dependants.PodInfoConfigMap - [helmlega] Desired PodInfo ConfigMap (2 extensions) (1 enabled)
2025-01-29 13:59:07,734 INFO c.h.h.t.HelmChartContainer - [hivemq-test-hivemq-platform] [hivemq-platform-operator] [1484d44a] 13:59:07.732 [pool-6-thread-30] DEBUG c.h.p.o.dependants.PodInfoConfigMap - [helmlega] Desired PodInfo ConfigMap (metrics port: 9399) (metrics path: /)
2025-01-29 13:59:07,734 INFO c.h.h.t.HelmChartContainer - [hivemq-test-hivemq-platform] [hivemq-platform-operator] [1484d44a] 13:59:07.732 [pool-6-thread-30] DEBUG c.h.p.o.dependants.PodInfoConfigMap - [helmlega] Desired PodInfo ConfigMap (extension state hash: 259316804)
2025-01-29 13:59:07,734 INFO c.h.h.t.HelmChartContainer - [hivemq-test-hivemq-platform] [hivemq-platform-operator] [1484d44a] 13:59:07.732 [pool-6-thread-24] DEBUG c.h.p.o.d.PlatformServiceResource - [helmlega] Desired Platform services (4 services)
2025-01-29 13:59:07,739 INFO c.h.h.t.HelmChartContainer - [hivemq-test-hivemq-platform] [hivemq-platform-operator] [1484d44a] 13:59:07.738 [pool-6-thread-24] DEBUG c.h.p.o.d.StatefulSetResource - [helmlega] Desired StatefulSet (2 replicas) for status ROLLING_RESTART (RESTART_PODS_IN_PROGRESS)
2025-01-29 13:59:07,743 INFO c.h.h.t.HelmChartContainer - [hivemq-test-hivemq-platform] [hivemq-platform-operator] [1484d44a] 13:59:07.741 [ReconcilerExecutor-hivemq-controller-138] INFO  c.h.p.o.HiveMQPlatformReconciler - [helmlega] Reconciling HiveMQ Platform 'test-hivemq-legacy-platform' in namespace 'helmlegacystatefulsetmigrationit-operator'
2025-01-29 13:59:07,744 INFO c.h.h.t.HelmChartContainer - [hivemq-test-hivemq-platform] [hivemq-platform-operator] [1484d44a] 13:59:07.741 [ReconcilerExecutor-hivemq-controller-138] DEBUG c.h.p.o.HiveMQPlatformReconciler - [helmlega] Custom Resource Status ROLLING_RESTART - HiveMQ Platform is restarting Pods (rolling restart) (RESTART_PODS_IN_PROGRESS)
2025-01-29 13:59:07,744 INFO c.h.h.t.HelmChartContainer - [hivemq-test-hivemq-platform] [hivemq-platform-operator] [1484d44a] 13:59:07.741 [ReconcilerExecutor-hivemq-controller-138] DEBUG c.h.p.o.HiveMQPlatformReconciler - [helmlega] Custom Resource Spec (replicas: 1) (extensions: 2)
2025-01-29 13:59:07,747 INFO c.h.h.t.HelmChartContainer - [hivemq-test-hivemq-platform] [hivemq-platform-operator] [1484d44a] 13:59:07.744 [ReconcilerExecutor-hivemq-controller-138] DEBUG c.h.p.o.HiveMQPlatformReconciler - [helmlega] StatefulSet Status (revision: test-hivemq-legacy-platform-65df8dcb7f, replicas: 2, available: 1, ready: 1, current: 2, updated: 2)
2025-01-29 13:59:07,748 INFO c.h.h.t.HelmChartContainer - [hivemq-test-hivemq-platform] [hivemq-platform-operator] [1484d44a] 13:59:07.744 [ReconcilerExecutor-hivemq-controller-138] DEBUG c.h.p.o.HiveMQPlatformReconciler - [helmlega] StatefulSet Spec (replicas: 2, init containers: 1, containers: 1, volumes: 6)
2025-01-29 13:59:07,748 INFO c.h.h.t.HelmChartContainer - [hivemq-test-hivemq-platform] [hivemq-platform-operator] [1484d44a] 13:59:07.745 [ReconcilerExecutor-hivemq-controller-138] DEBUG c.h.p.o.h.HiveMQPlatformReconcilerErrorHandler - [helmlega] Pod 'test-hivemq-legacy-platform-1' phase Running
2025-01-29 13:59:07,748 INFO c.h.h.t.HelmChartContainer - [hivemq-test-hivemq-platform] [hivemq-platform-operator] [1484d44a] 13:59:07.746 [ReconcilerExecutor-hivemq-controller-138] DEBUG c.h.p.o.h.HiveMQPlatformReconcilerErrorHandler - [helmlega] Pod 'test-hivemq-legacy-platform-0' phase Running
2025-01-29 13:59:07,748 INFO c.h.h.t.HelmChartContainer - [hivemq-test-hivemq-platform] [hivemq-platform-operator] [1484d44a] 13:59:07.747 [ReconcilerExecutor-hivemq-controller-138] DEBUG c.h.p.o.h.HiveMQPlatformReconcilerRollingRestartHandler - [helmlega] Rolling restart is waiting for 1 of 2 replicas
2025-01-29 13:59:12,624 INFO c.h.h.t.HelmChartContainer - [test-hivemq-legacy-platform] [hivemq] [9414e86d] WARN  - [HiveMQ Platform Operator Init App 1.7.0-SNAPSHOT] Cannot connect to Health API for readiness: null
2025-01-29 13:59:12,628 INFO c.h.h.t.HelmChartContainer - [EVENT] Warning [Unhealthy] Readiness probe failed: HTTP probe failed with statuscode: 503 [helmlegacystatefulsetmigrationit-operator:test-hivemq-legacy-platform-0]
2025-01-29 13:59:12,628 INFO c.h.h.t.HelmChartContainer - Received Unhealthy event for container hivemq in pod test-hivemq-legacy-platform-0 [9414e86d-d582-487c-a39b-8d03ba828827]
2025-01-29 13:59:13,608 INFO c.h.h.t.HelmChartContainer - [test-hivemq-legacy-platform] [hivemq] [9414e86d] INFO  - No valid license file found. Using trial license, restricted to 25 connections.
2025-01-29 13:59:17,013 INFO c.h.h.t.HelmChartContainer - [test-hivemq-legacy-platform] [hivemq] [9414e86d] INFO  - No valid license file for Data Hub found. Using free license, restricted to 1 policy.
2025-01-29 13:59:17,625 INFO c.h.h.t.HelmChartContainer - [test-hivemq-legacy-platform] [hivemq] [9414e86d] WARN  - [HiveMQ Platform Operator Init App 1.7.0-SNAPSHOT] Cannot connect to Health API for readiness: null
2025-01-29 13:59:17,630 INFO c.h.h.t.HelmChartContainer - [EVENT] Warning [Unhealthy] Readiness probe failed: HTTP probe failed with statuscode: 503 [helmlegacystatefulsetmigrationit-operator:test-hivemq-legacy-platform-0]
2025-01-29 13:59:17,630 INFO c.h.h.t.HelmChartContainer - Received Unhealthy event for container hivemq in pod test-hivemq-legacy-platform-0 [9414e86d-d582-487c-a39b-8d03ba828827]
2025-01-29 13:59:17,753 INFO c.h.h.t.HelmChartContainer - [hivemq-test-hivemq-platform] [hivemq-platform-operator] [1484d44a] 13:59:17.751 [pool-6-thread-32] DEBUG c.h.p.o.d.PlatformServiceResource - [helmlega] Desired Platform services (4 services)
2025-01-29 13:59:17,754 INFO c.h.h.t.HelmChartContainer - [hivemq-test-hivemq-platform] [hivemq-platform-operator] [1484d44a] 13:59:17.751 [pool-6-thread-35] DEBUG c.h.p.o.d.PodServiceAccountResource - [helmlega] Desired PodServiceAccountResource (serviceAccountName: hivemq-platform-pod-test-hivemq-legacy-platform)
2025-01-29 13:59:17,754 INFO c.h.h.t.HelmChartContainer - [hivemq-test-hivemq-platform] [hivemq-platform-operator] [1484d44a] 13:59:17.751 [pool-6-thread-36] DEBUG c.h.p.o.dependants.PodInfoConfigMap - [helmlega] Desired PodInfo ConfigMap (2 extensions) (1 enabled)
2025-01-29 13:59:17,755 INFO c.h.h.t.HelmChartContainer - [hivemq-test-hivemq-platform] [hivemq-platform-operator] [1484d44a] 13:59:17.753 [pool-6-thread-36] DEBUG c.h.p.o.dependants.PodInfoConfigMap - [helmlega] Desired PodInfo ConfigMap (metrics port: 9399) (metrics path: /)
2025-01-29 13:59:17,755 INFO c.h.h.t.HelmChartContainer - [hivemq-test-hivemq-platform] [hivemq-platform-operator] [1484d44a] 13:59:17.753 [pool-6-thread-36] DEBUG c.h.p.o.dependants.PodInfoConfigMap - [helmlega] Desired PodInfo ConfigMap (extension state hash: 259316804)
2025-01-29 13:59:17,759 INFO c.h.h.t.HelmChartContainer - [hivemq-test-hivemq-platform] [hivemq-platform-operator] [1484d44a] 13:59:17.758 [pool-6-thread-32] DEBUG c.h.p.o.d.StatefulSetResource - [helmlega] Desired StatefulSet (2 replicas) for status ROLLING_RESTART (RESTART_PODS_IN_PROGRESS)
2025-01-29 13:59:17,765 INFO c.h.h.t.HelmChartContainer - [hivemq-test-hivemq-platform] [hivemq-platform-operator] [1484d44a] 13:59:17.761 [ReconcilerExecutor-hivemq-controller-139] INFO  c.h.p.o.HiveMQPlatformReconciler - [helmlega] Reconciling HiveMQ Platform 'test-hivemq-legacy-platform' in namespace 'helmlegacystatefulsetmigrationit-operator'
2025-01-29 13:59:17,769 INFO c.h.h.t.HelmChartContainer - [hivemq-test-hivemq-platform] [hivemq-platform-operator] [1484d44a] 13:59:17.761 [ReconcilerExecutor-hivemq-controller-139] DEBUG c.h.p.o.HiveMQPlatformReconciler - [helmlega] Custom Resource Status ROLLING_RESTART - HiveMQ Platform is restarting Pods (rolling restart) (RESTART_PODS_IN_PROGRESS)
2025-01-29 13:59:17,769 INFO c.h.h.t.HelmChartContainer - [hivemq-test-hivemq-platform] [hivemq-platform-operator] [1484d44a] 13:59:17.761 [ReconcilerExecutor-hivemq-controller-139] DEBUG c.h.p.o.HiveMQPlatformReconciler - [helmlega] Custom Resource Spec (replicas: 1) (extensions: 2)
2025-01-29 13:59:17,769 INFO c.h.h.t.HelmChartContainer - [hivemq-test-hivemq-platform] [hivemq-platform-operator] [1484d44a] 13:59:17.763 [ReconcilerExecutor-hivemq-controller-139] DEBUG c.h.p.o.HiveMQPlatformReconciler - [helmlega] StatefulSet Status (revision: test-hivemq-legacy-platform-65df8dcb7f, replicas: 2, available: 1, ready: 1, current: 2, updated: 2)
2025-01-29 13:59:17,769 INFO c.h.h.t.HelmChartContainer - [hivemq-test-hivemq-platform] [hivemq-platform-operator] [1484d44a] 13:59:17.763 [ReconcilerExecutor-hivemq-controller-139] DEBUG c.h.p.o.HiveMQPlatformReconciler - [helmlega] StatefulSet Spec (replicas: 2, init containers: 1, containers: 1, volumes: 6)
2025-01-29 13:59:17,770 INFO c.h.h.t.HelmChartContainer - [hivemq-test-hivemq-platform] [hivemq-platform-operator] [1484d44a] 13:59:17.765 [ReconcilerExecutor-hivemq-controller-139] DEBUG c.h.p.o.h.HiveMQPlatformReconcilerErrorHandler - [helmlega] Pod 'test-hivemq-legacy-platform-1' phase Running
2025-01-29 13:59:17,770 INFO c.h.h.t.HelmChartContainer - [hivemq-test-hivemq-platform] [hivemq-platform-operator] [1484d44a] 13:59:17.766 [ReconcilerExecutor-hivemq-controller-139] DEBUG c.h.p.o.h.HiveMQPlatformReconcilerErrorHandler - [helmlega] Pod 'test-hivemq-legacy-platform-0' phase Running
2025-01-29 13:59:17,770 INFO c.h.h.t.HelmChartContainer - [hivemq-test-hivemq-platform] [hivemq-platform-operator] [1484d44a] 13:59:17.768 [ReconcilerExecutor-hivemq-controller-139] DEBUG c.h.p.o.h.HiveMQPlatformReconcilerRollingRestartHandler - [helmlega] Rolling restart is waiting for 1 of 2 replicas
2025-01-29 13:59:18,222 INFO c.h.h.t.HelmChartContainer - [test-hivemq-legacy-platform] [hivemq] [9414e86d] INFO  - Audit Logger started.
2025-01-29 13:59:18,519 INFO c.h.h.t.HelmChartContainer - [test-hivemq-legacy-platform] [hivemq] [9414e86d] INFO  - This node uses '1' CPU cores.
2025-01-29 13:59:18,522 INFO c.h.h.t.HelmChartContainer - [test-hivemq-legacy-platform] [hivemq] [9414e86d] INFO  - Starting HiveMQ Health API on address 0.0.0.0 and port 8889
2025-01-29 13:59:19,324 INFO c.h.h.t.HelmChartContainer - [test-hivemq-legacy-platform] [hivemq] [9414e86d] INFO  - Started HiveMQ Health API in 801ms
2025-01-29 13:59:20,231 INFO c.h.h.t.HelmChartContainer - [test-hivemq-legacy-platform] [hivemq] [9414e86d] INFO  - Starting HiveMQ extension system.
2025-01-29 13:59:23,010 INFO c.h.h.t.HelmChartContainer - [test-hivemq-legacy-platform] [hivemq] [9414e86d] INFO  - No license found for enterprise extension with name "HiveMQ Enterprise Security Extension". Entering extension trial mode. "HiveMQ Enterprise Security Extension" will be disabled in 5 hours.
2025-01-29 13:59:23,309 INFO c.h.h.t.HelmChartContainer - [test-hivemq-legacy-platform] [hivemq] [9414e86d] INFO  - Starting extension with id "hivemq-dns-cluster-discovery" at /opt/hivemq/extensions/hivemq-dns-cluster-discovery
2025-01-29 13:59:23,666 INFO c.h.h.t.HelmChartContainer - [EVENT] Warning [Unhealthy] Readiness probe failed: Get "http://10.42.0.12:7979/readiness": context deadline exceeded (Client.Timeout exceeded while awaiting headers) [helmlegacystatefulsetmigrationit-operator:test-hivemq-legacy-platform-0]
2025-01-29 13:59:23,666 INFO c.h.h.t.HelmChartContainer - Received Unhealthy event for container hivemq in pod test-hivemq-legacy-platform-0 [9414e86d-d582-487c-a39b-8d03ba828827]
2025-01-29 13:59:23,817 INFO c.h.h.t.HelmChartContainer - [test-hivemq-legacy-platform] [hivemq] [9414e86d] INFO  - [HiveMQ Platform Operator Init App 1.7.0-SNAPSHOT] Returning Health API response 503 for readiness
2025-01-29 13:59:24,015 INFO c.h.h.t.HelmChartContainer - [test-hivemq-legacy-platform] [hivemq] [9414e86d] INFO  - Using TCP cluster transport on address 10.42.0.12 and port 7000
2025-01-29 13:59:24,108 INFO c.h.h.t.HelmChartContainer - [test-hivemq-legacy-platform] [hivemq] [9414e86d] INFO  - Using extension cluster discovery
2025-01-29 13:59:24,114 INFO c.h.h.t.HelmChartContainer - [test-hivemq-legacy-platform] [hivemq] [9414e86d] INFO  - Extension "DNS Cluster Discovery Extension" version 4.3.2 started successfully.
2025-01-29 13:59:24,114 INFO c.h.h.t.HelmChartContainer - [test-hivemq-legacy-platform] [hivemq] [9414e86d] INFO  - Starting extension with id "hivemq-enterprise-security-extension" at /opt/hivemq/extensions/hivemq-enterprise-security-extension
2025-01-29 13:59:25,418 INFO c.h.h.t.HelmChartContainer - [test-hivemq-legacy-platform] [hivemq] [82cced63] INFO  - Cluster nodes found by discovery: [YyMrb|3] (2) [YyMrb, FMHhn].
2025-01-29 13:59:25,517 INFO c.h.h.t.HelmChartContainer - [test-hivemq-legacy-platform] [hivemq] [9414e86d] INFO  - Cluster nodes found by discovery: [YyMrb|3] (2) [YyMrb, FMHhn].
2025-01-29 13:59:25,714 INFO c.h.h.t.HelmChartContainer - [test-hivemq-legacy-platform] [hivemq] [9414e86d] INFO  - Cluster size = 1, members : [YyMrb].
2025-01-29 13:59:25,820 INFO c.h.h.t.HelmChartContainer - [test-hivemq-legacy-platform] [hivemq] [9414e86d] WARN  - HiveMQ Enterprise Security Extension: The configuration file is placed at the legacy location '/opt/hivemq/extensions/hivemq-enterprise-security-extension/conf/enterprise-security-extension.xml'. Please move the configuration file to the new location '/opt/hivemq/extensions/hivemq-enterprise-security-extension/conf/config.xml'. Support for the legacy location will be removed in a future release.
2025-01-29 13:59:26,016 INFO c.h.h.t.HelmChartContainer - [test-hivemq-legacy-platform] [hivemq] [9414e86d] INFO  - HiveMQ Enterprise Security Extension: Successfully loaded configuration from '/opt/hivemq/extensions/hivemq-enterprise-security-extension/conf/enterprise-security-extension.xml'.
2025-01-29 13:59:26,019 INFO c.h.h.t.HelmChartContainer - [test-hivemq-legacy-platform] [hivemq] [9414e86d] INFO  - HiveMQ Enterprise Security Extension: Starting HiveMQ Enterprise Security Extension.
2025-01-29 13:59:26,312 INFO c.h.h.t.HelmChartContainer - [test-hivemq-legacy-platform] [hivemq] [9414e86d] INFO  - Starting cluster join process. This may take a while. Please do not shut down HiveMQ.
2025-01-29 13:59:26,313 INFO c.h.h.t.HelmChartContainer - [test-hivemq-legacy-platform] [hivemq] [9414e86d] INFO  - Cluster join process is still ongoing. Please do not shut down HiveMQ.
2025-01-29 13:59:26,410 INFO c.h.h.t.HelmChartContainer - [test-hivemq-legacy-platform] [hivemq] [9414e86d] INFO  - HiveMQ Enterprise Security Extension: Access log is written to /opt/hivemq/log/access/access.log.
2025-01-29 13:59:26,816 INFO c.h.h.t.HelmChartContainer - [test-hivemq-legacy-platform] [hivemq] [9414e86d] INFO  - HiveMQ Enterprise Security Extension: Started HiveMQ Enterprise Security Extension successfully in 2695ms.
2025-01-29 13:59:26,816 INFO c.h.h.t.HelmChartContainer - [test-hivemq-legacy-platform] [hivemq] [9414e86d] INFO  - Extension "HiveMQ Enterprise Security Extension" version 4.36.0 started successfully.
2025-01-29 13:59:26,816 INFO c.h.h.t.HelmChartContainer - [test-hivemq-legacy-platform] [hivemq] [9414e86d] INFO  - Starting extension with id "hivemq-prometheus-extension" at /opt/hivemq/extensions/hivemq-prometheus-extension
2025-01-29 13:59:27,219 INFO c.h.h.t.HelmChartContainer - [test-hivemq-legacy-platform] [hivemq] [9414e86d] INFO  - Started Jetty Server exposing Prometheus Servlet on URI http://0.0.0.0:9399/
2025-01-29 13:59:27,220 INFO c.h.h.t.HelmChartContainer - [test-hivemq-legacy-platform] [hivemq] [9414e86d] INFO  - Extension "Prometheus Monitoring Extension" version 4.0.12 started successfully.
2025-01-29 13:59:27,630 INFO c.h.h.t.HelmChartContainer - [EVENT] Warning [Unhealthy] Readiness probe failed: HTTP probe failed with statuscode: 503 [helmlegacystatefulsetmigrationit-operator:test-hivemq-legacy-platform-0]
2025-01-29 13:59:27,631 INFO c.h.h.t.HelmChartContainer - Received Unhealthy event for container hivemq in pod test-hivemq-legacy-platform-0 [9414e86d-d582-487c-a39b-8d03ba828827]
2025-01-29 13:59:27,774 INFO c.h.h.t.HelmChartContainer - [hivemq-test-hivemq-platform] [hivemq-platform-operator] [1484d44a] 13:59:27.772 [pool-6-thread-43] DEBUG c.h.p.o.d.PlatformServiceResource - [helmlega] Desired Platform services (4 services)
2025-01-29 13:59:27,776 INFO c.h.h.t.HelmChartContainer - [hivemq-test-hivemq-platform] [hivemq-platform-operator] [1484d44a] 13:59:27.774 [pool-6-thread-46] DEBUG c.h.p.o.d.PodServiceAccountResource - [helmlega] Desired PodServiceAccountResource (serviceAccountName: hivemq-platform-pod-test-hivemq-legacy-platform)
2025-01-29 13:59:27,776 INFO c.h.h.t.HelmChartContainer - [hivemq-test-hivemq-platform] [hivemq-platform-operator] [1484d44a] 13:59:27.775 [pool-6-thread-50] DEBUG c.h.p.o.dependants.PodInfoConfigMap - [helmlega] Desired PodInfo ConfigMap (2 extensions) (1 enabled)
2025-01-29 13:59:27,776 INFO c.h.h.t.HelmChartContainer - [hivemq-test-hivemq-platform] [hivemq-platform-operator] [1484d44a] 13:59:27.775 [pool-6-thread-50] DEBUG c.h.p.o.dependants.PodInfoConfigMap - [helmlega] Desired PodInfo ConfigMap (metrics port: 9399) (metrics path: /)
2025-01-29 13:59:27,776 INFO c.h.h.t.HelmChartContainer - [hivemq-test-hivemq-platform] [hivemq-platform-operator] [1484d44a] 13:59:27.775 [pool-6-thread-50] DEBUG c.h.p.o.dependants.PodInfoConfigMap - [helmlega] Desired PodInfo ConfigMap (extension state hash: 259316804)
2025-01-29 13:59:27,778 INFO c.h.h.t.HelmChartContainer - [hivemq-test-hivemq-platform] [hivemq-platform-operator] [1484d44a] 13:59:27.778 [pool-6-thread-44] DEBUG c.h.p.o.d.StatefulSetResource - [helmlega] Desired StatefulSet (2 replicas) for status ROLLING_RESTART (RESTART_PODS_IN_PROGRESS)
2025-01-29 13:59:27,781 INFO c.h.h.t.HelmChartContainer - [hivemq-test-hivemq-platform] [hivemq-platform-operator] [1484d44a] 13:59:27.780 [ReconcilerExecutor-hivemq-controller-140] INFO  c.h.p.o.HiveMQPlatformReconciler - [helmlega] Reconciling HiveMQ Platform 'test-hivemq-legacy-platform' in namespace 'helmlegacystatefulsetmigrationit-operator'
2025-01-29 13:59:27,782 INFO c.h.h.t.HelmChartContainer - [hivemq-test-hivemq-platform] [hivemq-platform-operator] [1484d44a] 13:59:27.781 [ReconcilerExecutor-hivemq-controller-140] DEBUG c.h.p.o.HiveMQPlatformReconciler - [helmlega] Custom Resource Status ROLLING_RESTART - HiveMQ Platform is restarting Pods (rolling restart) (RESTART_PODS_IN_PROGRESS)
2025-01-29 13:59:27,782 INFO c.h.h.t.HelmChartContainer - [hivemq-test-hivemq-platform] [hivemq-platform-operator] [1484d44a] 13:59:27.781 [ReconcilerExecutor-hivemq-controller-140] DEBUG c.h.p.o.HiveMQPlatformReconciler - [helmlega] Custom Resource Spec (replicas: 1) (extensions: 2)
2025-01-29 13:59:27,785 INFO c.h.h.t.HelmChartContainer - [hivemq-test-hivemq-platform] [hivemq-platform-operator] [1484d44a] 13:59:27.782 [ReconcilerExecutor-hivemq-controller-140] DEBUG c.h.p.o.HiveMQPlatformReconciler - [helmlega] StatefulSet Status (revision: test-hivemq-legacy-platform-65df8dcb7f, replicas: 2, available: 1, ready: 1, current: 2, updated: 2)
2025-01-29 13:59:27,785 INFO c.h.h.t.HelmChartContainer - [hivemq-test-hivemq-platform] [hivemq-platform-operator] [1484d44a] 13:59:27.782 [ReconcilerExecutor-hivemq-controller-140] DEBUG c.h.p.o.HiveMQPlatformReconciler - [helmlega] StatefulSet Spec (replicas: 2, init containers: 1, containers: 1, volumes: 6)
2025-01-29 13:59:27,785 INFO c.h.h.t.HelmChartContainer - [hivemq-test-hivemq-platform] [hivemq-platform-operator] [1484d44a] 13:59:27.783 [ReconcilerExecutor-hivemq-controller-140] DEBUG c.h.p.o.h.HiveMQPlatformReconcilerErrorHandler - [helmlega] Pod 'test-hivemq-legacy-platform-1' phase Running
2025-01-29 13:59:27,785 INFO c.h.h.t.HelmChartContainer - [hivemq-test-hivemq-platform] [hivemq-platform-operator] [1484d44a] 13:59:27.784 [ReconcilerExecutor-hivemq-controller-140] DEBUG c.h.p.o.h.HiveMQPlatformReconcilerErrorHandler - [helmlega] Pod 'test-hivemq-legacy-platform-0' phase Running
2025-01-29 13:59:27,786 INFO c.h.h.t.HelmChartContainer - [hivemq-test-hivemq-platform] [hivemq-platform-operator] [1484d44a] 13:59:27.785 [ReconcilerExecutor-hivemq-controller-140] DEBUG c.h.p.o.h.HiveMQPlatformReconcilerRollingRestartHandler - [helmlega] Rolling restart is waiting for 1 of 2 replicas
2025-01-29 13:59:28,430 INFO c.h.h.t.HelmChartContainer - [test-hivemq-legacy-platform] [hivemq] [82cced63] INFO  - Cluster size = 2, members : [YyMrb, FMHhn].
2025-01-29 13:59:28,456 INFO c.h.h.t.HelmChartContainer - [test-hivemq-legacy-platform] [hivemq] [9414e86d] INFO  - Cluster size = 2, members : [YyMrb, FMHhn].
2025-01-29 13:59:28,459 INFO c.h.h.t.HelmChartContainer - [test-hivemq-legacy-platform] [hivemq] [9414e86d] INFO  - Finished cluster join process successfully.
2025-01-29 13:59:28,462 INFO c.h.h.t.HelmChartContainer - [test-hivemq-legacy-platform] [hivemq] [9414e86d] INFO  - Starting HiveMQ REST API on address 0.0.0.0 and port 8888
2025-01-29 13:59:28,955 INFO c.h.h.t.HelmChartContainer - [test-hivemq-legacy-platform] [hivemq] [9414e86d] INFO  - Started HiveMQ REST API in 493ms
2025-01-29 13:59:28,956 INFO c.h.h.t.HelmChartContainer - [test-hivemq-legacy-platform] [hivemq] [9414e86d] WARN  - No user for HiveMQ Control Center configured. Starting with default user
2025-01-29 13:59:28,957 INFO c.h.h.t.HelmChartContainer - [test-hivemq-legacy-platform] [hivemq] [9414e86d] INFO  - Starting HiveMQ Control Center on address 0.0.0.0 and port 8080
2025-01-29 13:59:28,960 INFO c.h.h.t.HelmChartContainer - [test-hivemq-legacy-platform] [hivemq] [9414e86d] INFO  - Mounting HiveMQ Control Center V2 Preview
2025-01-29 13:59:29,465 INFO c.h.h.t.HelmChartContainer - [test-hivemq-legacy-platform] [hivemq] [9414e86d] INFO  - Started HiveMQ Control Center in 509ms
2025-01-29 13:59:29,551 INFO c.h.h.t.HelmChartContainer - [test-hivemq-legacy-platform] [hivemq] [9414e86d] INFO  - Starting TCP listener on address 0.0.0.0 and port 1883
2025-01-29 13:59:29,605 INFO c.h.h.t.HelmChartContainer - [test-hivemq-legacy-platform] [hivemq] [9414e86d] INFO  - Started TCP Listener on address 0.0.0.0 and on port 1883.
2025-01-29 13:59:29,606 INFO c.h.h.t.HelmChartContainer - [test-hivemq-legacy-platform] [hivemq] [9414e86d] INFO  - Started HiveMQ in 31478ms
2025-01-29 13:59:32,626 INFO c.h.h.t.HelmChartContainer - [test-hivemq-legacy-platform] [hivemq] [9414e86d] INFO  - [HiveMQ Platform Operator Init App 1.7.0-SNAPSHOT] Returning Health API response 200 for readiness
2025-01-29 13:59:32,639 INFO c.h.h.t.HelmChartContainer - [POD] test-hivemq-legacy-platform-0 [9414e86d-d582-487c-a39b-8d03ba828827] in helmlegacystatefulsetmigrationit-operator was MODIFIED
2025-01-29 13:59:32,658 INFO c.h.h.t.HelmChartContainer - [hivemq-test-hivemq-platform] [hivemq-platform-operator] [1484d44a] 13:59:32.643 [pool-6-thread-10] DEBUG c.h.p.o.d.PlatformServiceResource - [helmlega] Desired Platform services (4 services)
2025-01-29 13:59:32,658 INFO c.h.h.t.HelmChartContainer - [hivemq-test-hivemq-platform] [hivemq-platform-operator] [1484d44a] 13:59:32.644 [pool-6-thread-3] DEBUG c.h.p.o.d.PodServiceAccountResource - [helmlega] Desired PodServiceAccountResource (serviceAccountName: hivemq-platform-pod-test-hivemq-legacy-platform)
2025-01-29 13:59:32,658 INFO c.h.h.t.HelmChartContainer - [hivemq-test-hivemq-platform] [hivemq-platform-operator] [1484d44a] 13:59:32.646 [pool-6-thread-4] DEBUG c.h.p.o.dependants.PodInfoConfigMap - [helmlega] Desired PodInfo ConfigMap (2 extensions) (1 enabled)
2025-01-29 13:59:32,658 INFO c.h.h.t.HelmChartContainer - [hivemq-test-hivemq-platform] [hivemq-platform-operator] [1484d44a] 13:59:32.647 [pool-6-thread-4] DEBUG c.h.p.o.dependants.PodInfoConfigMap - [helmlega] Desired PodInfo ConfigMap (metrics port: 9399) (metrics path: /)
2025-01-29 13:59:32,658 INFO c.h.h.t.HelmChartContainer - [hivemq-test-hivemq-platform] [hivemq-platform-operator] [1484d44a] 13:59:32.647 [pool-6-thread-4] DEBUG c.h.p.o.dependants.PodInfoConfigMap - [helmlega] Desired PodInfo ConfigMap (extension state hash: 259316804)
2025-01-29 13:59:32,658 INFO c.h.h.t.HelmChartContainer - [hivemq-test-hivemq-platform] [hivemq-platform-operator] [1484d44a] 13:59:32.651 [pool-6-thread-10] DEBUG c.h.p.o.d.StatefulSetResource - [helmlega] Desired StatefulSet (2 replicas) for status ROLLING_RESTART (RESTART_PODS_IN_PROGRESS)
2025-01-29 13:59:32,661 INFO c.h.h.t.HelmChartContainer - [hivemq-test-hivemq-platform] [hivemq-platform-operator] [1484d44a] 13:59:32.658 [ReconcilerExecutor-hivemq-controller-141] INFO  c.h.p.o.HiveMQPlatformReconciler - [helmlega] Reconciling HiveMQ Platform 'test-hivemq-legacy-platform' in namespace 'helmlegacystatefulsetmigrationit-operator'
2025-01-29 13:59:32,661 INFO c.h.h.t.HelmChartContainer - [hivemq-test-hivemq-platform] [hivemq-platform-operator] [1484d44a] 13:59:32.658 [ReconcilerExecutor-hivemq-controller-141] DEBUG c.h.p.o.HiveMQPlatformReconciler - [helmlega] Custom Resource Status ROLLING_RESTART - HiveMQ Platform is restarting Pods (rolling restart) (RESTART_PODS_IN_PROGRESS)
2025-01-29 13:59:32,661 INFO c.h.h.t.HelmChartContainer - [hivemq-test-hivemq-platform] [hivemq-platform-operator] [1484d44a] 13:59:32.658 [ReconcilerExecutor-hivemq-controller-141] DEBUG c.h.p.o.HiveMQPlatformReconciler - [helmlega] Custom Resource Spec (replicas: 1) (extensions: 2)
2025-01-29 13:59:32,668 INFO c.h.h.t.HelmChartContainer - [hivemq-test-hivemq-platform] [hivemq-platform-operator] [1484d44a] 13:59:32.665 [ReconcilerExecutor-hivemq-controller-141] DEBUG c.h.p.o.HiveMQPlatformReconciler - [helmlega] StatefulSet Status (revision: test-hivemq-legacy-platform-65df8dcb7f, replicas: 2, available: 1, ready: 1, current: 2, updated: 2)
2025-01-29 13:59:32,668 INFO c.h.h.t.HelmChartContainer - [hivemq-test-hivemq-platform] [hivemq-platform-operator] [1484d44a] 13:59:32.665 [ReconcilerExecutor-hivemq-controller-141] DEBUG c.h.p.o.HiveMQPlatformReconciler - [helmlega] StatefulSet Spec (replicas: 2, init containers: 1, containers: 1, volumes: 6)
2025-01-29 13:59:32,671 INFO c.h.h.t.HelmChartContainer - [hivemq-test-hivemq-platform] [hivemq-platform-operator] [1484d44a] 13:59:32.670 [ReconcilerExecutor-hivemq-controller-141] DEBUG c.h.p.o.h.HiveMQPlatformReconcilerErrorHandler - [helmlega] Pod 'test-hivemq-legacy-platform-1' phase Running
2025-01-29 13:59:32,672 INFO c.h.h.t.HelmChartContainer - [hivemq-test-hivemq-platform] [hivemq-platform-operator] [1484d44a] 13:59:32.672 [ReconcilerExecutor-hivemq-controller-141] DEBUG c.h.p.o.h.HiveMQPlatformReconcilerErrorHandler - [helmlega] Pod 'test-hivemq-legacy-platform-0' phase Running
2025-01-29 13:59:32,702 INFO c.h.h.t.HelmChartContainer - [hivemq-test-hivemq-platform] [hivemq-platform-operator] [1484d44a] 13:59:32.701 [ReconcilerExecutor-hivemq-controller-141] DEBUG c.h.p.o.h.HiveMQPlatformReconcilerRollingRestartHandler - [helmlega] Rolling restart is waiting for 1 of 2 replicas
2025-01-29 13:59:32,706 INFO c.h.h.t.HelmChartContainer - [hivemq-test-hivemq-platform] [hivemq-platform-operator] [1484d44a] 13:59:32.704 [pool-6-thread-11] DEBUG c.h.p.o.d.PlatformServiceResource - [helmlega] Desired Platform services (4 services)
2025-01-29 13:59:32,706 INFO c.h.h.t.HelmChartContainer - [hivemq-test-hivemq-platform] [hivemq-platform-operator] [1484d44a] 13:59:32.705 [pool-6-thread-12] DEBUG c.h.p.o.d.PodServiceAccountResource - [helmlega] Desired PodServiceAccountResource (serviceAccountName: hivemq-platform-pod-test-hivemq-legacy-platform)
2025-01-29 13:59:32,706 INFO c.h.h.t.HelmChartContainer - [hivemq-test-hivemq-platform] [hivemq-platform-operator] [1484d44a] 13:59:32.705 [pool-6-thread-13] DEBUG c.h.p.o.dependants.PodInfoConfigMap - [helmlega] Desired PodInfo ConfigMap (2 extensions) (1 enabled)
2025-01-29 13:59:32,706 INFO c.h.h.t.HelmChartContainer - [hivemq-test-hivemq-platform] [hivemq-platform-operator] [1484d44a] 13:59:32.705 [pool-6-thread-13] DEBUG c.h.p.o.dependants.PodInfoConfigMap - [helmlega] Desired PodInfo ConfigMap (metrics port: 9399) (metrics path: /)
2025-01-29 13:59:32,706 INFO c.h.h.t.HelmChartContainer - [hivemq-test-hivemq-platform] [hivemq-platform-operator] [1484d44a] 13:59:32.705 [pool-6-thread-13] DEBUG c.h.p.o.dependants.PodInfoConfigMap - [helmlega] Desired PodInfo ConfigMap (extension state hash: 259316804)
2025-01-29 13:59:32,709 INFO c.h.h.t.HelmChartContainer - [hivemq-test-hivemq-platform] [hivemq-platform-operator] [1484d44a] 13:59:32.708 [pool-6-thread-11] DEBUG c.h.p.o.d.StatefulSetResource - [helmlega] Desired StatefulSet (2 replicas) for status ROLLING_RESTART (RESTART_PODS_IN_PROGRESS)
2025-01-29 13:59:32,753 INFO c.h.h.t.HelmChartContainer - [hivemq-test-hivemq-platform] [hivemq-platform-operator] [1484d44a] 13:59:32.752 [ReconcilerExecutor-hivemq-controller-142] INFO  c.h.p.o.HiveMQPlatformReconciler - [helmlega] Reconciling HiveMQ Platform 'test-hivemq-legacy-platform' in namespace 'helmlegacystatefulsetmigrationit-operator'
2025-01-29 13:59:32,753 INFO c.h.h.t.HelmChartContainer - [hivemq-test-hivemq-platform] [hivemq-platform-operator] [1484d44a] 13:59:32.752 [ReconcilerExecutor-hivemq-controller-142] DEBUG c.h.p.o.HiveMQPlatformReconciler - [helmlega] Custom Resource Status ROLLING_RESTART - HiveMQ Platform is restarting Pods (rolling restart) (RESTART_PODS_IN_PROGRESS)
2025-01-29 13:59:32,753 INFO c.h.h.t.HelmChartContainer - [hivemq-test-hivemq-platform] [hivemq-platform-operator] [1484d44a] 13:59:32.752 [ReconcilerExecutor-hivemq-controller-142] DEBUG c.h.p.o.HiveMQPlatformReconciler - [helmlega] Custom Resource Spec (replicas: 1) (extensions: 2)
2025-01-29 13:59:32,755 INFO c.h.h.t.HelmChartContainer - [hivemq-test-hivemq-platform] [hivemq-platform-operator] [1484d44a] 13:59:32.754 [ReconcilerExecutor-hivemq-controller-142] DEBUG c.h.p.o.HiveMQPlatformReconciler - [helmlega] StatefulSet Status (revision: test-hivemq-legacy-platform-65df8dcb7f, replicas: 2, available: 2, ready: 2, current: 2, updated: 2)
2025-01-29 13:59:32,756 INFO c.h.h.t.HelmChartContainer - [hivemq-test-hivemq-platform] [hivemq-platform-operator] [1484d44a] 13:59:32.754 [ReconcilerExecutor-hivemq-controller-142] DEBUG c.h.p.o.HiveMQPlatformReconciler - [helmlega] StatefulSet Spec (replicas: 2, init containers: 1, containers: 1, volumes: 6)
2025-01-29 13:59:32,757 INFO c.h.h.t.HelmChartContainer - [hivemq-test-hivemq-platform] [hivemq-platform-operator] [1484d44a] 13:59:32.756 [ReconcilerExecutor-hivemq-controller-142] DEBUG c.h.p.o.h.HiveMQPlatformReconcilerErrorHandler - [helmlega] Pod 'test-hivemq-legacy-platform-1' phase Running
2025-01-29 13:59:32,760 INFO c.h.h.t.HelmChartContainer - [hivemq-test-hivemq-platform] [hivemq-platform-operator] [1484d44a] 13:59:32.758 [ReconcilerExecutor-hivemq-controller-142] DEBUG c.h.p.o.h.HiveMQPlatformReconcilerErrorHandler - [helmlega] Pod 'test-hivemq-legacy-platform-0' phase Running
2025-01-29 13:59:32,801 INFO c.h.h.t.HelmChartContainer - [hivemq-test-hivemq-platform] [hivemq-platform-operator] [1484d44a] 13:59:32.800 [ReconcilerExecutor-hivemq-controller-142] DEBUG c.h.p.o.h.HiveMQPlatformReconcilerRollingRestartHandler - [helmlega] Skipping Pod test-hivemq-legacy-platform-1 as it's already on the controller update revision (update revision: test-hivemq-legacy-platform-65df8dcb7f, pod revision: test-hivemq-legacy-platform-65df8dcb7f)
2025-01-29 13:59:32,805 INFO c.h.h.t.HelmChartContainer - [hivemq-test-hivemq-platform] [hivemq-platform-operator] [1484d44a] 13:59:32.805 [ReconcilerExecutor-hivemq-controller-142] DEBUG c.h.p.o.h.HiveMQPlatformReconcilerRollingRestartHandler - [helmlega] Skipping Pod test-hivemq-legacy-platform-0 as it's already on the controller update revision (update revision: test-hivemq-legacy-platform-65df8dcb7f, pod revision: test-hivemq-legacy-platform-65df8dcb7f)
2025-01-29 13:59:32,806 INFO c.h.h.t.HelmChartContainer - [hivemq-test-hivemq-platform] [hivemq-platform-operator] [1484d44a] 13:59:32.805 [ReconcilerExecutor-hivemq-controller-142] INFO  c.h.p.o.h.HiveMQPlatformReconcilerRollingRestartHandler - [helmlega] Stopping surge Pod
2025-01-29 13:59:32,902 INFO c.h.h.t.HelmChartContainer - [hivemq-test-hivemq-platform] [hivemq-platform-operator] [1484d44a] 13:59:32.901 [ReconcilerExecutor-hivemq-controller-142] DEBUG c.h.p.operator.event.EventSender - [helmlega] Creating K8s event rolling-restart-scale-down-in-progress: [RollingRestart] HiveMQ Platform is stopping the surge Pod (rolling restart)
2025-01-29 13:59:32,906 INFO c.h.h.t.HelmChartContainer - [EVENT] Normal [RollingRestart] HiveMQ Platform is stopping the surge Pod (rolling restart) [helmlegacystatefulsetmigrationit-operator:test-hivemq-legacy-platform]
2025-01-29 13:59:32,907 INFO c.h.h.t.HelmChartContainer - [hivemq-test-hivemq-platform] [hivemq-platform-operator] [1484d44a] 13:59:32.907 [ReconcilerExecutor-hivemq-controller-142] INFO  c.h.p.o.h.AbstractHiveMQReconcilerStateHandler - [helmlega] Update HiveMQ Platform Status (ROLLING_RESTART [RESTART_PODS_IN_PROGRESS] -> ROLLING_RESTART [SCALE_DOWN_IN_PROGRESS]): HiveMQ Platform is stopping the surge Pod (rolling restart)
2025-01-29 13:59:32,915 DEBUG com.hivemq.helmcharts.util.K8sUtil - Comparing actual state 'ROLLING_RESTART' and waiting for 'RUNNING'
2025-01-29 13:59:34,279 INFO c.h.h.t.HelmChartContainer - [test-hivemq-legacy-platform] [hivemq] [9414e86d] INFO  - [HiveMQ Platform Operator Init App 1.7.0-SNAPSHOT] Returning Health API response 200 for liveness
2025-01-29 13:59:42,921 INFO c.h.h.t.HelmChartContainer - [hivemq-test-hivemq-platform] [hivemq-platform-operator] [1484d44a] 13:59:42.919 [pool-6-thread-28] DEBUG c.h.p.o.d.PlatformServiceResource - [helmlega] Desired Platform services (4 services)
2025-01-29 13:59:42,922 INFO c.h.h.t.HelmChartContainer - [hivemq-test-hivemq-platform] [hivemq-platform-operator] [1484d44a] 13:59:42.920 [pool-6-thread-29] DEBUG c.h.p.o.d.PodServiceAccountResource - [helmlega] Desired PodServiceAccountResource (serviceAccountName: hivemq-platform-pod-test-hivemq-legacy-platform)
2025-01-29 13:59:42,923 INFO c.h.h.t.HelmChartContainer - [hivemq-test-hivemq-platform] [hivemq-platform-operator] [1484d44a] 13:59:42.922 [pool-6-thread-25] DEBUG c.h.p.o.dependants.PodInfoConfigMap - [helmlega] Desired PodInfo ConfigMap (2 extensions) (1 enabled)
2025-01-29 13:59:42,924 INFO c.h.h.t.HelmChartContainer - [hivemq-test-hivemq-platform] [hivemq-platform-operator] [1484d44a] 13:59:42.922 [pool-6-thread-25] DEBUG c.h.p.o.dependants.PodInfoConfigMap - [helmlega] Desired PodInfo ConfigMap (metrics port: 9399) (metrics path: /)
2025-01-29 13:59:42,924 INFO c.h.h.t.HelmChartContainer - [hivemq-test-hivemq-platform] [hivemq-platform-operator] [1484d44a] 13:59:42.922 [pool-6-thread-25] DEBUG c.h.p.o.dependants.PodInfoConfigMap - [helmlega] Desired PodInfo ConfigMap (extension state hash: 259316804)
2025-01-29 13:59:42,924 INFO c.h.h.t.HelmChartContainer - [hivemq-test-hivemq-platform] [hivemq-platform-operator] [1484d44a] 13:59:42.922 [pool-6-thread-25] DEBUG c.h.p.o.dependants.PodInfoConfigMap - [helmlega] Update PodInfo ConfigMap
2025-01-29 13:59:42,931 INFO c.h.h.t.HelmChartContainer - [hivemq-test-hivemq-platform] [hivemq-platform-operator] [1484d44a] 13:59:42.930 [pool-6-thread-25] DEBUG c.h.p.o.d.StatefulSetResource - [helmlega] Desired StatefulSet (1 replicas) for status ROLLING_RESTART (SCALE_DOWN_IN_PROGRESS)
2025-01-29 13:59:42,934 INFO c.h.h.t.HelmChartContainer - [hivemq-test-hivemq-platform] [hivemq-platform-operator] [1484d44a] 13:59:42.932 [pool-6-thread-25] DEBUG c.h.p.o.d.StatefulSetResource - [helmlega] Update StatefulSet (replicas: 2 -> 1)
2025-01-29 13:59:42,965 INFO c.h.h.t.HelmChartContainer - [POD] test-hivemq-legacy-platform-1 [82cced63-ba7d-4c95-835a-2d557a689d20] in helmlegacystatefulsetmigrationit-operator was MODIFIED
2025-01-29 13:59:42,965 INFO c.h.h.t.HelmChartContainer - [EVENT] Normal [SuccessfulDelete] delete Pod test-hivemq-legacy-platform-1 in StatefulSet test-hivemq-legacy-platform successful [helmlegacystatefulsetmigrationit-operator:test-hivemq-legacy-platform]
2025-01-29 13:59:42,976 INFO c.h.h.t.HelmChartContainer - [test-hivemq-legacy-platform] [hivemq] [82cced63] INFO  - [HiveMQ Platform Operator Init App 1.7.0-SNAPSHOT] Shutting down
2025-01-29 13:59:42,977 INFO c.h.h.t.HelmChartContainer - [test-hivemq-legacy-platform] [hivemq] [82cced63] INFO  - [HiveMQ Platform Operator Init App 1.7.0-SNAPSHOT] Stopping the HiveMQ Platform
2025-01-29 13:59:42,982 INFO c.h.h.t.HelmChartContainer - [EVENT] Normal [Killing] Stopping container hivemq [helmlegacystatefulsetmigrationit-operator:test-hivemq-legacy-platform-1]
2025-01-29 13:59:42,982 INFO c.h.h.t.HelmChartContainer - Received Killing event for container hivemq in pod test-hivemq-legacy-platform-1 [82cced63-ba7d-4c95-835a-2d557a689d20]
2025-01-29 13:59:42,983 INFO c.h.h.t.HelmChartContainer - Container [test-hivemq-legacy-platform-1] [hivemq] [82cced63-ba7d-4c95-835a-2d557a689d20] was terminated
2025-01-29 13:59:42,983 INFO c.h.h.t.HelmChartContainer - Stopped log watcher for hivemq in pod test-hivemq-legacy-platform-1 [82cced63-ba7d-4c95-835a-2d557a689d20]
2025-01-29 13:59:43,013 INFO c.h.h.t.HelmChartContainer - [hivemq-test-hivemq-platform] [hivemq-platform-operator] [1484d44a] 13:59:43.011 [ReconcilerExecutor-hivemq-controller-143] INFO  c.h.p.o.HiveMQPlatformReconciler - [helmlega] Reconciling HiveMQ Platform 'test-hivemq-legacy-platform' in namespace 'helmlegacystatefulsetmigrationit-operator'
2025-01-29 13:59:43,013 INFO c.h.h.t.HelmChartContainer - [hivemq-test-hivemq-platform] [hivemq-platform-operator] [1484d44a] 13:59:43.011 [ReconcilerExecutor-hivemq-controller-143] DEBUG c.h.p.o.HiveMQPlatformReconciler - [helmlega] Custom Resource Status ROLLING_RESTART - HiveMQ Platform is stopping the surge Pod (rolling restart) (SCALE_DOWN_IN_PROGRESS)
2025-01-29 13:59:43,013 INFO c.h.h.t.HelmChartContainer - [hivemq-test-hivemq-platform] [hivemq-platform-operator] [1484d44a] 13:59:43.011 [ReconcilerExecutor-hivemq-controller-143] DEBUG c.h.p.o.HiveMQPlatformReconciler - [helmlega] Custom Resource Spec (replicas: 1) (extensions: 2)
2025-01-29 13:59:43,016 INFO c.h.h.t.HelmChartContainer - [hivemq-test-hivemq-platform] [hivemq-platform-operator] [1484d44a] 13:59:43.014 [ReconcilerExecutor-hivemq-controller-143] DEBUG c.h.p.o.HiveMQPlatformReconciler - [helmlega] StatefulSet Status (revision: test-hivemq-legacy-platform-65df8dcb7f, replicas: 2, available: 2, ready: 2, current: 1, updated: 1)
2025-01-29 13:59:43,017 INFO c.h.h.t.HelmChartContainer - [hivemq-test-hivemq-platform] [hivemq-platform-operator] [1484d44a] 13:59:43.014 [ReconcilerExecutor-hivemq-controller-143] DEBUG c.h.p.o.HiveMQPlatformReconciler - [helmlega] StatefulSet Spec (replicas: 1, init containers: 1, containers: 1, volumes: 6)
2025-01-29 13:59:43,018 INFO c.h.h.t.HelmChartContainer - [hivemq-test-hivemq-platform] [hivemq-platform-operator] [1484d44a] 13:59:43.016 [ReconcilerExecutor-hivemq-controller-143] DEBUG c.h.p.o.h.HiveMQPlatformReconcilerErrorHandler - [helmlega] Pod 'test-hivemq-legacy-platform-0' phase Running
2025-01-29 13:59:43,019 INFO c.h.h.t.HelmChartContainer - [hivemq-test-hivemq-platform] [hivemq-platform-operator] [1484d44a] 13:59:43.017 [ReconcilerExecutor-hivemq-controller-143] DEBUG c.h.p.o.h.HiveMQPlatformReconcilerRollingRestartHandler - [helmlega] Rolling restart is waiting for 2 of 1 replicas
2025-01-29 13:59:43,023 INFO c.h.h.t.HelmChartContainer - [hivemq-test-hivemq-platform] [hivemq-platform-operator] [1484d44a] 13:59:43.022 [pool-6-thread-37] DEBUG c.h.p.o.d.PlatformServiceResource - [helmlega] Desired Platform services (4 services)
2025-01-29 13:59:43,026 INFO c.h.h.t.HelmChartContainer - [hivemq-test-hivemq-platform] [hivemq-platform-operator] [1484d44a] 13:59:43.024 [pool-6-thread-40] DEBUG c.h.p.o.dependants.PodInfoConfigMap - [helmlega] Desired PodInfo ConfigMap (2 extensions) (1 enabled)
2025-01-29 13:59:43,027 INFO c.h.h.t.HelmChartContainer - [hivemq-test-hivemq-platform] [hivemq-platform-operator] [1484d44a] 13:59:43.024 [pool-6-thread-40] DEBUG c.h.p.o.dependants.PodInfoConfigMap - [helmlega] Desired PodInfo ConfigMap (metrics port: 9399) (metrics path: /)
2025-01-29 13:59:43,027 INFO c.h.h.t.HelmChartContainer - [hivemq-test-hivemq-platform] [hivemq-platform-operator] [1484d44a] 13:59:43.024 [pool-6-thread-40] DEBUG c.h.p.o.dependants.PodInfoConfigMap - [helmlega] Desired PodInfo ConfigMap (extension state hash: 259316804)
2025-01-29 13:59:43,027 INFO c.h.h.t.HelmChartContainer - [hivemq-test-hivemq-platform] [hivemq-platform-operator] [1484d44a] 13:59:43.025 [pool-6-thread-40] DEBUG c.h.p.o.d.PodServiceAccountResource - [helmlega] Desired PodServiceAccountResource (serviceAccountName: hivemq-platform-pod-test-hivemq-legacy-platform)
2025-01-29 13:59:43,102 INFO c.h.h.t.HelmChartContainer - [hivemq-test-hivemq-platform] [hivemq-platform-operator] [1484d44a] 13:59:43.102 [pool-6-thread-34] DEBUG c.h.p.o.d.StatefulSetResource - [helmlega] Desired StatefulSet (1 replicas) for status ROLLING_RESTART (SCALE_DOWN_IN_PROGRESS)
2025-01-29 13:59:43,105 INFO c.h.h.t.HelmChartContainer - [hivemq-test-hivemq-platform] [hivemq-platform-operator] [1484d44a] 13:59:43.104 [ReconcilerExecutor-hivemq-controller-145] INFO  c.h.p.o.HiveMQPlatformReconciler - [helmlega] Reconciling HiveMQ Platform 'test-hivemq-legacy-platform' in namespace 'helmlegacystatefulsetmigrationit-operator'
2025-01-29 13:59:43,107 INFO c.h.h.t.HelmChartContainer - [hivemq-test-hivemq-platform] [hivemq-platform-operator] [1484d44a] 13:59:43.105 [ReconcilerExecutor-hivemq-controller-145] DEBUG c.h.p.o.HiveMQPlatformReconciler - [helmlega] Custom Resource Status ROLLING_RESTART - HiveMQ Platform is stopping the surge Pod (rolling restart) (SCALE_DOWN_IN_PROGRESS)
2025-01-29 13:59:43,107 INFO c.h.h.t.HelmChartContainer - [hivemq-test-hivemq-platform] [hivemq-platform-operator] [1484d44a] 13:59:43.105 [ReconcilerExecutor-hivemq-controller-145] DEBUG c.h.p.o.HiveMQPlatformReconciler - [helmlega] Custom Resource Spec (replicas: 1) (extensions: 2)
2025-01-29 13:59:43,108 INFO c.h.h.t.HelmChartContainer - [hivemq-test-hivemq-platform] [hivemq-platform-operator] [1484d44a] 13:59:43.106 [ReconcilerExecutor-hivemq-controller-145] DEBUG c.h.p.o.HiveMQPlatformReconciler - [helmlega] StatefulSet Status (revision: test-hivemq-legacy-platform-65df8dcb7f, replicas: 2, available: 2, ready: 2, current: 1, updated: 1)
2025-01-29 13:59:43,108 INFO c.h.h.t.HelmChartContainer - [hivemq-test-hivemq-platform] [hivemq-platform-operator] [1484d44a] 13:59:43.106 [ReconcilerExecutor-hivemq-controller-145] DEBUG c.h.p.o.HiveMQPlatformReconciler - [helmlega] StatefulSet Spec (replicas: 1, init containers: 1, containers: 1, volumes: 6)
2025-01-29 13:59:43,109 INFO c.h.h.t.HelmChartContainer - [hivemq-test-hivemq-platform] [hivemq-platform-operator] [1484d44a] 13:59:43.107 [ReconcilerExecutor-hivemq-controller-145] DEBUG c.h.p.o.h.HiveMQPlatformReconcilerErrorHandler - [helmlega] Pod 'test-hivemq-legacy-platform-0' phase Running
2025-01-29 13:59:43,109 INFO c.h.h.t.HelmChartContainer - [hivemq-test-hivemq-platform] [hivemq-platform-operator] [1484d44a] 13:59:43.108 [ReconcilerExecutor-hivemq-controller-145] DEBUG c.h.p.o.h.HiveMQPlatformReconcilerRollingRestartHandler - [helmlega] Rolling restart is waiting for 2 of 1 replicas
2025-01-29 13:59:43,148 INFO c.h.h.t.HelmChartContainer - [test-hivemq-legacy-platform] [hivemq] [82cced63] INFO  - Shutting down HiveMQ. Please wait, this could take a while...
2025-01-29 13:59:43,157 INFO c.h.h.t.HelmChartContainer - [test-hivemq-legacy-platform] [hivemq] [82cced63] INFO  - Shutting down listeners and clients
2025-01-29 13:59:43,157 INFO c.h.h.t.HelmChartContainer - [test-hivemq-legacy-platform] [hivemq] [82cced63] INFO  - Shutdown of listeners is done
2025-01-29 13:59:43,158 INFO c.h.h.t.HelmChartContainer - [test-hivemq-legacy-platform] [hivemq] [82cced63] INFO  - No clients are connected, proceeding with shutdown
2025-01-29 13:59:43,481 INFO c.h.h.t.HelmChartContainer - [K3S] [info.go:53] Couldn't collect info from any of the files in "/etc/machine-id,/var/lib/dbus/machine-id"
2025-01-29 13:59:45,664 INFO c.h.h.t.HelmChartContainer - [test-hivemq-legacy-platform] [hivemq] [82cced63] INFO  - Shutting down extension system
2025-01-29 13:59:45,666 INFO c.h.h.t.HelmChartContainer - [test-hivemq-legacy-platform] [hivemq] [82cced63] INFO  - Stopping extension with id hivemq-dns-cluster-discovery
2025-01-29 13:59:45,666 INFO c.h.h.t.HelmChartContainer - [test-hivemq-legacy-platform] [hivemq] [82cced63] INFO  - Extension "DNS Cluster Discovery Extension" version 4.3.2 stopped successfully.
2025-01-29 13:59:45,668 INFO c.h.h.t.HelmChartContainer - [test-hivemq-legacy-platform] [hivemq] [82cced63] INFO  - Stopping extension with id hivemq-prometheus-extension
2025-01-29 13:59:45,671 INFO c.h.h.t.HelmChartContainer - [test-hivemq-legacy-platform] [hivemq] [82cced63] INFO  - Extension "Prometheus Monitoring Extension" version 4.0.12 stopped successfully.
2025-01-29 13:59:45,672 INFO c.h.h.t.HelmChartContainer - [test-hivemq-legacy-platform] [hivemq] [82cced63] INFO  - Stopping extension with id hivemq-enterprise-security-extension
2025-01-29 13:59:45,672 INFO c.h.h.t.HelmChartContainer - [test-hivemq-legacy-platform] [hivemq] [82cced63] INFO  - HiveMQ Enterprise Security Extension: Shutting down HiveMQ Enterprise Security Extension.
2025-01-29 13:59:47,560 INFO c.h.h.t.HelmChartContainer - [test-hivemq-legacy-platform] [hivemq] [82cced63] INFO  - [HiveMQ Platform Operator Init App 1.7.0-SNAPSHOT] Returning shutdown Health API response 503 for readiness
2025-01-29 13:59:47,564 INFO c.h.h.t.HelmChartContainer - [EVENT] Warning [Unhealthy] Readiness probe failed: HTTP probe failed with statuscode: 503 [helmlegacystatefulsetmigrationit-operator:test-hivemq-legacy-platform-1]
2025-01-29 13:59:47,564 INFO c.h.h.t.HelmChartContainer - Received Unhealthy event for container hivemq in pod test-hivemq-legacy-platform-1 [82cced63-ba7d-4c95-835a-2d557a689d20]
2025-01-29 13:59:48,674 INFO c.h.h.t.HelmChartContainer - [test-hivemq-legacy-platform] [hivemq] [82cced63] INFO  - HiveMQ Enterprise Security Extension: Stopped HiveMQ Enterprise Security Extension successfully in 3002ms.
2025-01-29 13:59:48,675 INFO c.h.h.t.HelmChartContainer - [test-hivemq-legacy-platform] [hivemq] [82cced63] INFO  - Extension "HiveMQ Enterprise Security Extension" version 4.36.0 stopped successfully.
2025-01-29 13:59:48,681 INFO c.h.h.t.HelmChartContainer - [test-hivemq-legacy-platform] [hivemq] [9414e86d] INFO  - Cluster nodes found by discovery: [FMHhn|4] (1) [FMHhn].
2025-01-29 13:59:48,688 INFO c.h.h.t.HelmChartContainer - [test-hivemq-legacy-platform] [hivemq] [9414e86d] INFO  - Cluster size = 1, members : [FMHhn].
2025-01-29 13:59:51,046 INFO c.h.h.t.HelmChartContainer - [test-hivemq-legacy-platform] [hivemq] [82cced63] INFO  - Shutdown completed.
2025-01-29 13:59:51,439 INFO c.h.h.t.HelmChartContainer - [test-hivemq-legacy-platform] [hivemq] [82cced63] INFO  - [HiveMQ Platform Operator Init App 1.7.0-SNAPSHOT] The HiveMQ Platform exited with code 143
2025-01-29 13:59:51,439 INFO c.h.h.t.HelmChartContainer - [test-hivemq-legacy-platform] [hivemq] [82cced63] INFO  - [HiveMQ Platform Operator Init App 1.7.0-SNAPSHOT] Stopping the REST API
2025-01-29 13:59:51,444 INFO c.h.h.t.HelmChartContainer - [test-hivemq-legacy-platform] [hivemq] [82cced63] INFO  - [HiveMQ Platform Operator Init App 1.7.0-SNAPSHOT] Shutdown complete
2025-01-29 13:59:51,875 INFO c.h.h.t.HelmChartContainer - [POD] test-hivemq-legacy-platform-1 [82cced63-ba7d-4c95-835a-2d557a689d20] in helmlegacystatefulsetmigrationit-operator was MODIFIED
2025-01-29 13:59:51,893 INFO c.h.h.t.HelmChartContainer - [hivemq-test-hivemq-platform] [hivemq-platform-operator] [1484d44a] 13:59:51.881 [pool-6-thread-45] DEBUG c.h.p.o.d.PlatformServiceResource - [helmlega] Desired Platform services (4 services)
2025-01-29 13:59:51,893 INFO c.h.h.t.HelmChartContainer - [hivemq-test-hivemq-platform] [hivemq-platform-operator] [1484d44a] 13:59:51.883 [pool-6-thread-48] DEBUG c.h.p.o.d.PodServiceAccountResource - [helmlega] Desired PodServiceAccountResource (serviceAccountName: hivemq-platform-pod-test-hivemq-legacy-platform)
2025-01-29 13:59:51,893 INFO c.h.h.t.HelmChartContainer - [hivemq-test-hivemq-platform] [hivemq-platform-operator] [1484d44a] 13:59:51.888 [pool-6-thread-47] DEBUG c.h.p.o.dependants.PodInfoConfigMap - [helmlega] Desired PodInfo ConfigMap (2 extensions) (1 enabled)
2025-01-29 13:59:51,893 INFO c.h.h.t.HelmChartContainer - [hivemq-test-hivemq-platform] [hivemq-platform-operator] [1484d44a] 13:59:51.888 [pool-6-thread-47] DEBUG c.h.p.o.dependants.PodInfoConfigMap - [helmlega] Desired PodInfo ConfigMap (metrics port: 9399) (metrics path: /)
2025-01-29 13:59:51,893 INFO c.h.h.t.HelmChartContainer - [hivemq-test-hivemq-platform] [hivemq-platform-operator] [1484d44a] 13:59:51.888 [pool-6-thread-47] DEBUG c.h.p.o.dependants.PodInfoConfigMap - [helmlega] Desired PodInfo ConfigMap (extension state hash: 259316804)
2025-01-29 13:59:51,896 INFO c.h.h.t.HelmChartContainer - [hivemq-test-hivemq-platform] [hivemq-platform-operator] [1484d44a] 13:59:51.893 [pool-6-thread-49] DEBUG c.h.p.o.d.StatefulSetResource - [helmlega] Desired StatefulSet (1 replicas) for status ROLLING_RESTART (SCALE_DOWN_IN_PROGRESS)
2025-01-29 13:59:51,908 INFO c.h.h.t.HelmChartContainer - [hivemq-test-hivemq-platform] [hivemq-platform-operator] [1484d44a] 13:59:51.901 [ReconcilerExecutor-hivemq-controller-146] INFO  c.h.p.o.HiveMQPlatformReconciler - [helmlega] Reconciling HiveMQ Platform 'test-hivemq-legacy-platform' in namespace 'helmlegacystatefulsetmigrationit-operator'
2025-01-29 13:59:51,909 INFO c.h.h.t.HelmChartContainer - [hivemq-test-hivemq-platform] [hivemq-platform-operator] [1484d44a] 13:59:51.902 [ReconcilerExecutor-hivemq-controller-146] DEBUG c.h.p.o.HiveMQPlatformReconciler - [helmlega] Custom Resource Status ROLLING_RESTART - HiveMQ Platform is stopping the surge Pod (rolling restart) (SCALE_DOWN_IN_PROGRESS)
2025-01-29 13:59:51,909 INFO c.h.h.t.HelmChartContainer - [hivemq-test-hivemq-platform] [hivemq-platform-operator] [1484d44a] 13:59:51.902 [ReconcilerExecutor-hivemq-controller-146] DEBUG c.h.p.o.HiveMQPlatformReconciler - [helmlega] Custom Resource Spec (replicas: 1) (extensions: 2)
2025-01-29 13:59:51,909 INFO c.h.h.t.HelmChartContainer - [hivemq-test-hivemq-platform] [hivemq-platform-operator] [1484d44a] 13:59:51.906 [ReconcilerExecutor-hivemq-controller-146] DEBUG c.h.p.o.HiveMQPlatformReconciler - [helmlega] StatefulSet Status (revision: test-hivemq-legacy-platform-65df8dcb7f, replicas: 2, available: 2, ready: 2, current: 1, updated: 1)
2025-01-29 13:59:51,909 INFO c.h.h.t.HelmChartContainer - [hivemq-test-hivemq-platform] [hivemq-platform-operator] [1484d44a] 13:59:51.906 [ReconcilerExecutor-hivemq-controller-146] DEBUG c.h.p.o.HiveMQPlatformReconciler - [helmlega] StatefulSet Spec (replicas: 1, init containers: 1, containers: 1, volumes: 6)
2025-01-29 13:59:51,955 INFO c.h.h.t.HelmChartContainer - [hivemq-test-hivemq-platform] [hivemq-platform-operator] [1484d44a] 13:59:51.953 [ReconcilerExecutor-hivemq-controller-146] DEBUG c.h.p.o.h.HiveMQPlatformReconcilerErrorHandler - [helmlega] Pod 'test-hivemq-legacy-platform-0' phase Running
2025-01-29 13:59:51,957 INFO c.h.h.t.HelmChartContainer - [hivemq-test-hivemq-platform] [hivemq-platform-operator] [1484d44a] 13:59:51.954 [ReconcilerExecutor-hivemq-controller-146] DEBUG c.h.p.o.h.HiveMQPlatformReconcilerRollingRestartHandler - [helmlega] Rolling restart is waiting for 2 of 1 replicas
2025-01-29 13:59:51,958 INFO c.h.h.t.HelmChartContainer - [hivemq-test-hivemq-platform] [hivemq-platform-operator] [1484d44a] 13:59:51.957 [pool-6-thread-1] DEBUG c.h.p.o.d.PlatformServiceResource - [helmlega] Desired Platform services (4 services)
2025-01-29 13:59:51,962 INFO c.h.h.t.HelmChartContainer - [hivemq-test-hivemq-platform] [hivemq-platform-operator] [1484d44a] 13:59:51.961 [pool-6-thread-2] DEBUG c.h.p.o.d.PodServiceAccountResource - [helmlega] Desired PodServiceAccountResource (serviceAccountName: hivemq-platform-pod-test-hivemq-legacy-platform)
2025-01-29 13:59:51,964 INFO c.h.h.t.HelmChartContainer - [hivemq-test-hivemq-platform] [hivemq-platform-operator] [1484d44a] 13:59:51.961 [pool-6-thread-6] DEBUG c.h.p.o.dependants.PodInfoConfigMap - [helmlega] Desired PodInfo ConfigMap (2 extensions) (1 enabled)
2025-01-29 13:59:51,968 INFO c.h.h.t.HelmChartContainer - [hivemq-test-hivemq-platform] [hivemq-platform-operator] [1484d44a] 13:59:51.964 [pool-6-thread-6] DEBUG c.h.p.o.dependants.PodInfoConfigMap - [helmlega] Desired PodInfo ConfigMap (metrics port: 9399) (metrics path: /)
2025-01-29 13:59:51,968 INFO c.h.h.t.HelmChartContainer - [hivemq-test-hivemq-platform] [hivemq-platform-operator] [1484d44a] 13:59:51.964 [pool-6-thread-6] DEBUG c.h.p.o.dependants.PodInfoConfigMap - [helmlega] Desired PodInfo ConfigMap (extension state hash: 259316804)
2025-01-29 13:59:51,969 INFO c.h.h.t.HelmChartContainer - [hivemq-test-hivemq-platform] [hivemq-platform-operator] [1484d44a] 13:59:51.967 [pool-6-thread-6] DEBUG c.h.p.o.d.StatefulSetResource - [helmlega] Desired StatefulSet (1 replicas) for status ROLLING_RESTART (SCALE_DOWN_IN_PROGRESS)
2025-01-29 13:59:51,993 INFO c.h.h.t.HelmChartContainer - [K3S] [reconciler_common.go:162] "operationExecutor.UnmountVolume started for volume \"pod-info\" (UniqueName: \"kubernetes.io/configmap/82cced63-ba7d-4c95-835a-2d557a689d20-pod-info\") pod \"82cced63-ba7d-4c95-835a-2d557a689d20\" (UID: \"82cced63-ba7d-4c95-835a-2d557a689d20\") "
2025-01-29 13:59:51,993 INFO c.h.h.t.HelmChartContainer - [K3S] [reconciler_common.go:162] "operationExecutor.UnmountVolume started for volume \"extension-configuration-hivemq-enterprise-security-extension\" (UniqueName: \"kubernetes.io/configmap/82cced63-ba7d-4c95-835a-2d557a689d20-extension-configuration-hivemq-enterprise-security-extension\") pod \"82cced63-ba7d-4c95-835a-2d557a689d20\" (UID: \"82cced63-ba7d-4c95-835a-2d557a689d20\") "
2025-01-29 13:59:51,993 INFO c.h.h.t.HelmChartContainer - [K3S] [reconciler_common.go:162] "operationExecutor.UnmountVolume started for volume \"ese-file-realm\" (UniqueName: \"kubernetes.io/configmap/82cced63-ba7d-4c95-835a-2d557a689d20-ese-file-realm\") pod \"82cced63-ba7d-4c95-835a-2d557a689d20\" (UID: \"82cced63-ba7d-4c95-835a-2d557a689d20\") "
2025-01-29 13:59:51,993 INFO c.h.h.t.HelmChartContainer - [K3S] [reconciler_common.go:162] "operationExecutor.UnmountVolume started for volume \"broker-configuration\" (UniqueName: \"kubernetes.io/configmap/82cced63-ba7d-4c95-835a-2d557a689d20-broker-configuration\") pod \"82cced63-ba7d-4c95-835a-2d557a689d20\" (UID: \"82cced63-ba7d-4c95-835a-2d557a689d20\") "
2025-01-29 13:59:51,993 INFO c.h.h.t.HelmChartContainer - [K3S] [reconciler_common.go:162] "operationExecutor.UnmountVolume started for volume \"data\" (UniqueName: \"kubernetes.io/local-volume/pvc-b2b631d1-2164-4f71-af39-8aba82aaa4f0\") pod \"82cced63-ba7d-4c95-835a-2d557a689d20\" (UID: \"82cced63-ba7d-4c95-835a-2d557a689d20\") "
2025-01-29 13:59:51,993 INFO c.h.h.t.HelmChartContainer - [K3S] [reconciler_common.go:162] "operationExecutor.UnmountVolume started for volume \"operator-init\" (UniqueName: \"kubernetes.io/empty-dir/82cced63-ba7d-4c95-835a-2d557a689d20-operator-init\") pod \"82cced63-ba7d-4c95-835a-2d557a689d20\" (UID: \"82cced63-ba7d-4c95-835a-2d557a689d20\") "
2025-01-29 13:59:51,994 INFO c.h.h.t.HelmChartContainer - [K3S] [reconciler_common.go:162] "operationExecutor.UnmountVolume started for volume \"kube-api-access-rk7dg\" (UniqueName: \"kubernetes.io/projected/82cced63-ba7d-4c95-835a-2d557a689d20-kube-api-access-rk7dg\") pod \"82cced63-ba7d-4c95-835a-2d557a689d20\" (UID: \"82cced63-ba7d-4c95-835a-2d557a689d20\") "
2025-01-29 13:59:52,003 INFO c.h.h.t.HelmChartContainer - [hivemq-test-hivemq-platform] [hivemq-platform-operator] [1484d44a] 13:59:52.002 [ReconcilerExecutor-hivemq-controller-147] INFO  c.h.p.o.HiveMQPlatformReconciler - [helmlega] Reconciling HiveMQ Platform 'test-hivemq-legacy-platform' in namespace 'helmlegacystatefulsetmigrationit-operator'
2025-01-29 13:59:52,003 INFO c.h.h.t.HelmChartContainer - [hivemq-test-hivemq-platform] [hivemq-platform-operator] [1484d44a] 13:59:52.002 [ReconcilerExecutor-hivemq-controller-147] DEBUG c.h.p.o.HiveMQPlatformReconciler - [helmlega] Custom Resource Status ROLLING_RESTART - HiveMQ Platform is stopping the surge Pod (rolling restart) (SCALE_DOWN_IN_PROGRESS)
2025-01-29 13:59:52,003 INFO c.h.h.t.HelmChartContainer - [hivemq-test-hivemq-platform] [hivemq-platform-operator] [1484d44a] 13:59:52.002 [ReconcilerExecutor-hivemq-controller-147] DEBUG c.h.p.o.HiveMQPlatformReconciler - [helmlega] Custom Resource Spec (replicas: 1) (extensions: 2)
2025-01-29 13:59:52,004 INFO c.h.h.t.HelmChartContainer - [hivemq-test-hivemq-platform] [hivemq-platform-operator] [1484d44a] 13:59:52.003 [ReconcilerExecutor-hivemq-controller-147] DEBUG c.h.p.o.HiveMQPlatformReconciler - [helmlega] StatefulSet Status (revision: test-hivemq-legacy-platform-65df8dcb7f, replicas: 2, available: 1, ready: 1, current: 1, updated: 1)
2025-01-29 13:59:52,004 INFO c.h.h.t.HelmChartContainer - [hivemq-test-hivemq-platform] [hivemq-platform-operator] [1484d44a] 13:59:52.003 [ReconcilerExecutor-hivemq-controller-147] DEBUG c.h.p.o.HiveMQPlatformReconciler - [helmlega] StatefulSet Spec (replicas: 1, init containers: 1, containers: 1, volumes: 6)
2025-01-29 13:59:52,005 INFO c.h.h.t.HelmChartContainer - [hivemq-test-hivemq-platform] [hivemq-platform-operator] [1484d44a] 13:59:52.004 [ReconcilerExecutor-hivemq-controller-147] DEBUG c.h.p.o.h.HiveMQPlatformReconcilerErrorHandler - [helmlega] Pod 'test-hivemq-legacy-platform-0' phase Running
2025-01-29 13:59:52,006 INFO c.h.h.t.HelmChartContainer - [hivemq-test-hivemq-platform] [hivemq-platform-operator] [1484d44a] 13:59:52.005 [ReconcilerExecutor-hivemq-controller-147] INFO  c.h.p.o.h.HiveMQPlatformReconcilerRollingRestartHandler - [helmlega] Rolling restart is done
2025-01-29 13:59:52,049 INFO c.h.h.t.HelmChartContainer - [K3S] [scope.go:117] "RemoveContainer" containerID="192d6b8a827010ef7a9830aba05a6898d0f060c5d59f760ac0ce72dc5da6f392"
2025-01-29 13:59:52,055 INFO c.h.h.t.HelmChartContainer - [K3S] [scope.go:117] "RemoveContainer" containerID="9c8b42e063d982b343ecf1e863db26ad191bb769da183dfcc3d8491ceb580b5f"
2025-01-29 13:59:52,058 INFO c.h.h.t.HelmChartContainer - [K3S] [scope.go:117] "RemoveContainer" containerID="192d6b8a827010ef7a9830aba05a6898d0f060c5d59f760ac0ce72dc5da6f392"
2025-01-29 13:59:52,058 INFO c.h.h.t.HelmChartContainer - [K3S] [scope.go:117] "RemoveContainer" containerID="9c8b42e063d982b343ecf1e863db26ad191bb769da183dfcc3d8491ceb580b5f"
2025-01-29 13:59:52,062 INFO c.h.h.t.HelmChartContainer - [EVENT] Normal [Ready] HiveMQ Platform is ready [helmlegacystatefulsetmigrationit-operator:test-hivemq-legacy-platform]
2025-01-29 13:59:52,064 INFO c.h.h.t.HelmChartContainer - [hivemq-test-hivemq-platform] [hivemq-platform-operator] [1484d44a] 13:59:52.061 [ReconcilerExecutor-hivemq-controller-147] DEBUG c.h.p.operator.event.EventSender - [helmlega] Updating K8s event hivemq-platform-ready: [Ready] HiveMQ Platform is ready
2025-01-29 13:59:52,064 INFO c.h.h.t.HelmChartContainer - [hivemq-test-hivemq-platform] [hivemq-platform-operator] [1484d44a] 13:59:52.061 [ReconcilerExecutor-hivemq-controller-147] INFO  c.h.p.o.h.AbstractHiveMQReconcilerStateHandler - [helmlega] Update HiveMQ Platform Status (ROLLING_RESTART [SCALE_DOWN_IN_PROGRESS] -> RUNNING [READY]): HiveMQ Platform is ready
2025-01-29 13:59:52,070 INFO c.h.h.t.HelmChartContainer - [POD] test-hivemq-legacy-platform-1 [82cced63-ba7d-4c95-835a-2d557a689d20] in helmlegacystatefulsetmigrationit-operator was MODIFIED
2025-01-29 13:59:52,074 INFO c.h.h.t.HelmChartContainer - [POD] test-hivemq-legacy-platform-1 [82cced63-ba7d-4c95-835a-2d557a689d20] in helmlegacystatefulsetmigrationit-operator was DELETED
2025-01-29 13:59:52,080 DEBUG com.hivemq.helmcharts.util.K8sUtil - Comparing actual state 'RUNNING' and waiting for 'RUNNING'
2025-01-29 13:59:52,081 INFO c.h.h.t.HelmChartContainer - [hivemq-test-hivemq-platform] [hivemq-platform-operator] [1484d44a] 13:59:52.079 [pool-6-thread-13] DEBUG c.h.p.o.d.PlatformServiceResource - [helmlega] Desired Platform services (4 services)
2025-01-29 13:59:52,095 INFO c.h.h.t.HelmChartContainer - [hivemq-test-hivemq-platform] [hivemq-platform-operator] [1484d44a] 13:59:52.081 [pool-6-thread-17] DEBUG c.h.p.o.d.PodServiceAccountResource - [helmlega] Desired PodServiceAccountResource (serviceAccountName: hivemq-platform-pod-test-hivemq-legacy-platform)
2025-01-29 13:59:52,095 INFO c.h.h.t.HelmChartContainer - [hivemq-test-hivemq-platform] [hivemq-platform-operator] [1484d44a] 13:59:52.083 [pool-6-thread-20] DEBUG c.h.p.o.dependants.PodInfoConfigMap - [helmlega] Desired PodInfo ConfigMap (2 extensions) (1 enabled)
2025-01-29 13:59:52,095 INFO c.h.h.t.HelmChartContainer - [hivemq-test-hivemq-platform] [hivemq-platform-operator] [1484d44a] 13:59:52.083 [pool-6-thread-20] DEBUG c.h.p.o.dependants.PodInfoConfigMap - [helmlega] Desired PodInfo ConfigMap (metrics port: 9399) (metrics path: /)
2025-01-29 13:59:52,095 INFO c.h.h.t.HelmChartContainer - [hivemq-test-hivemq-platform] [hivemq-platform-operator] [1484d44a] 13:59:52.083 [pool-6-thread-20] DEBUG c.h.p.o.dependants.PodInfoConfigMap - [helmlega] Desired PodInfo ConfigMap (extension state hash: 259316804)
2025-01-29 13:59:52,095 INFO c.h.h.t.HelmChartContainer - [hivemq-test-hivemq-platform] [hivemq-platform-operator] [1484d44a] 13:59:52.084 [pool-6-thread-20] DEBUG c.h.p.o.dependants.PodInfoConfigMap - [helmlega] Update PodInfo ConfigMap
2025-01-29 13:59:52,095 INFO c.h.h.t.HelmChartContainer - [K3S] [reconciler_common.go:299] "Volume detached for volume \"ese-file-realm\" (UniqueName: \"kubernetes.io/configmap/82cced63-ba7d-4c95-835a-2d557a689d20-ese-file-realm\") on node \"06a12a63912a\" DevicePath \"\""
2025-01-29 13:59:52,095 INFO c.h.h.t.HelmChartContainer - [K3S] [reconciler_common.go:299] "Volume detached for volume \"broker-configuration\" (UniqueName: \"kubernetes.io/configmap/82cced63-ba7d-4c95-835a-2d557a689d20-broker-configuration\") on node \"06a12a63912a\" DevicePath \"\""
2025-01-29 13:59:52,095 INFO c.h.h.t.HelmChartContainer - [K3S] [reconciler_common.go:292] "operationExecutor.UnmountDevice started for volume \"pvc-b2b631d1-2164-4f71-af39-8aba82aaa4f0\" (UniqueName: \"kubernetes.io/local-volume/pvc-b2b631d1-2164-4f71-af39-8aba82aaa4f0\") on node \"06a12a63912a\" "
2025-01-29 13:59:52,095 INFO c.h.h.t.HelmChartContainer - [K3S] [reconciler_common.go:299] "Volume detached for volume \"operator-init\" (UniqueName: \"kubernetes.io/empty-dir/82cced63-ba7d-4c95-835a-2d557a689d20-operator-init\") on node \"06a12a63912a\" DevicePath \"\""
2025-01-29 13:59:52,096 INFO c.h.h.t.HelmChartContainer - [K3S] [reconciler_common.go:299] "Volume detached for volume \"kube-api-access-rk7dg\" (UniqueName: \"kubernetes.io/projected/82cced63-ba7d-4c95-835a-2d557a689d20-kube-api-access-rk7dg\") on node \"06a12a63912a\" DevicePath \"\""
2025-01-29 13:59:52,096 INFO c.h.h.t.HelmChartContainer - [K3S] [reconciler_common.go:299] "Volume detached for volume \"pod-info\" (UniqueName: \"kubernetes.io/configmap/82cced63-ba7d-4c95-835a-2d557a689d20-pod-info\") on node \"06a12a63912a\" DevicePath \"\""
2025-01-29 13:59:52,096 INFO c.h.h.t.HelmChartContainer - [K3S] [reconciler_common.go:299] "Volume detached for volume \"extension-configuration-hivemq-enterprise-security-extension\" (UniqueName: \"kubernetes.io/configmap/82cced63-ba7d-4c95-835a-2d557a689d20-extension-configuration-hivemq-enterprise-security-extension\") on node \"06a12a63912a\" DevicePath \"\""
2025-01-29 13:59:52,109 INFO c.h.h.t.HelmChartContainer - [hivemq-test-hivemq-platform] [hivemq-platform-operator] [1484d44a] 13:59:52.105 [pool-6-thread-20] DEBUG c.h.p.o.d.StatefulSetResource - [helmlega] Desired StatefulSet (1 replicas) for status RUNNING (READY)
2025-01-29 13:59:52,110 INFO c.h.h.t.HelmChartContainer - [hivemq-test-hivemq-platform] [hivemq-platform-operator] [1484d44a] 13:59:52.109 [ReconcilerExecutor-hivemq-controller-148] INFO  c.h.p.o.HiveMQPlatformReconciler - [helmlega] Reconciling HiveMQ Platform 'test-hivemq-legacy-platform' in namespace 'helmlegacystatefulsetmigrationit-operator'
2025-01-29 13:59:52,112 INFO c.h.h.t.HelmChartContainer - [hivemq-test-hivemq-platform] [hivemq-platform-operator] [1484d44a] 13:59:52.109 [ReconcilerExecutor-hivemq-controller-148] DEBUG c.h.p.o.HiveMQPlatformReconciler - [helmlega] Custom Resource Status RUNNING - HiveMQ Platform is ready (READY)
2025-01-29 13:59:52,112 INFO c.h.h.t.HelmChartContainer - [hivemq-test-hivemq-platform] [hivemq-platform-operator] [1484d44a] 13:59:52.109 [ReconcilerExecutor-hivemq-controller-148] DEBUG c.h.p.o.HiveMQPlatformReconciler - [helmlega] Custom Resource Spec (replicas: 1) (extensions: 2)
2025-01-29 13:59:52,134 INFO c.h.h.util.ControlCenterUtil - Log into CC on hivemq-test-hivemq-legacy-platform-cc:8080 (username: admin) (password: hivemq) (TLS: false)
2025-01-29 13:59:52,162 INFO c.h.h.t.HelmChartContainer - [hivemq-test-hivemq-platform] [hivemq-platform-operator] [1484d44a] 13:59:52.154 [ReconcilerExecutor-hivemq-controller-148] DEBUG c.h.p.o.HiveMQPlatformReconciler - [helmlega] StatefulSet Status (revision: test-hivemq-legacy-platform-65df8dcb7f, replicas: 1, available: 1, ready: 1, current: 1, updated: 1)
2025-01-29 13:59:52,163 INFO c.h.h.t.HelmChartContainer - [hivemq-test-hivemq-platform] [hivemq-platform-operator] [1484d44a] 13:59:52.154 [ReconcilerExecutor-hivemq-controller-148] DEBUG c.h.p.o.HiveMQPlatformReconciler - [helmlega] StatefulSet Spec (replicas: 1, init containers: 1, containers: 1, volumes: 6)
2025-01-29 13:59:52,163 INFO c.h.h.t.HelmChartContainer - [hivemq-test-hivemq-platform] [hivemq-platform-operator] [1484d44a] 13:59:52.156 [ReconcilerExecutor-hivemq-controller-148] DEBUG c.h.p.o.h.HiveMQPlatformReconcilerErrorHandler - [helmlega] Pod 'test-hivemq-legacy-platform-0' phase Running
2025-01-29 13:59:52,163 INFO c.h.h.t.HelmChartContainer - [hivemq-test-hivemq-platform] [hivemq-platform-operator] [1484d44a] 13:59:52.162 [pool-6-thread-29] DEBUG c.h.p.o.d.PlatformServiceResource - [helmlega] Desired Platform services (4 services)
2025-01-29 13:59:52,168 INFO c.h.h.t.HelmChartContainer - [hivemq-test-hivemq-platform] [hivemq-platform-operator] [1484d44a] 13:59:52.165 [pool-6-thread-26] DEBUG c.h.p.o.dependants.PodInfoConfigMap - [helmlega] Desired PodInfo ConfigMap (2 extensions) (1 enabled)
2025-01-29 13:59:52,168 INFO c.h.h.t.HelmChartContainer - [hivemq-test-hivemq-platform] [hivemq-platform-operator] [1484d44a] 13:59:52.165 [pool-6-thread-26] DEBUG c.h.p.o.dependants.PodInfoConfigMap - [helmlega] Desired PodInfo ConfigMap (metrics port: 9399) (metrics path: /)
2025-01-29 13:59:52,168 INFO c.h.h.t.HelmChartContainer - [hivemq-test-hivemq-platform] [hivemq-platform-operator] [1484d44a] 13:59:52.166 [pool-6-thread-30] DEBUG c.h.p.o.d.PodServiceAccountResource - [helmlega] Desired PodServiceAccountResource (serviceAccountName: hivemq-platform-pod-test-hivemq-legacy-platform)
2025-01-29 13:59:52,168 INFO c.h.h.t.HelmChartContainer - [hivemq-test-hivemq-platform] [hivemq-platform-operator] [1484d44a] 13:59:52.167 [pool-6-thread-26] DEBUG c.h.p.o.dependants.PodInfoConfigMap - [helmlega] Desired PodInfo ConfigMap (extension state hash: 259316804)
2025-01-29 13:59:52,171 INFO c.h.h.t.HelmChartContainer - [hivemq-test-hivemq-platform] [hivemq-platform-operator] [1484d44a] 13:59:52.171 [pool-6-thread-29] DEBUG c.h.p.o.d.StatefulSetResource - [helmlega] Desired StatefulSet (1 replicas) for status RUNNING (READY)
2025-01-29 13:59:52,194 INFO c.h.h.t.HelmChartContainer - [K3S] [reconciler_common.go:299] "Volume detached for volume \"pvc-b2b631d1-2164-4f71-af39-8aba82aaa4f0\" (UniqueName: \"kubernetes.io/local-volume/pvc-b2b631d1-2164-4f71-af39-8aba82aaa4f0\") on node \"06a12a63912a\" DevicePath \"\""
2025-01-29 13:59:52,207 INFO c.h.h.t.HelmChartContainer - [hivemq-test-hivemq-platform] [hivemq-platform-operator] [1484d44a] 13:59:52.203 [ReconcilerExecutor-hivemq-controller-151] INFO  c.h.p.o.HiveMQPlatformReconciler - [helmlega] Reconciling HiveMQ Platform 'test-hivemq-legacy-platform' in namespace 'helmlegacystatefulsetmigrationit-operator'
2025-01-29 13:59:52,208 INFO c.h.h.t.HelmChartContainer - [hivemq-test-hivemq-platform] [hivemq-platform-operator] [1484d44a] 13:59:52.203 [ReconcilerExecutor-hivemq-controller-151] DEBUG c.h.p.o.HiveMQPlatformReconciler - [helmlega] Custom Resource Status RUNNING - HiveMQ Platform is ready (READY)
2025-01-29 13:59:52,208 INFO c.h.h.t.HelmChartContainer - [hivemq-test-hivemq-platform] [hivemq-platform-operator] [1484d44a] 13:59:52.203 [ReconcilerExecutor-hivemq-controller-151] DEBUG c.h.p.o.HiveMQPlatformReconciler - [helmlega] Custom Resource Spec (replicas: 1) (extensions: 2)
2025-01-29 13:59:52,208 INFO c.h.h.t.HelmChartContainer - [hivemq-test-hivemq-platform] [hivemq-platform-operator] [1484d44a] 13:59:52.205 [ReconcilerExecutor-hivemq-controller-151] DEBUG c.h.p.o.HiveMQPlatformReconciler - [helmlega] StatefulSet Status (revision: test-hivemq-legacy-platform-65df8dcb7f, replicas: 1, available: 1, ready: 1, current: 1, updated: 1)
2025-01-29 13:59:52,208 INFO c.h.h.t.HelmChartContainer - [hivemq-test-hivemq-platform] [hivemq-platform-operator] [1484d44a] 13:59:52.205 [ReconcilerExecutor-hivemq-controller-151] DEBUG c.h.p.o.HiveMQPlatformReconciler - [helmlega] StatefulSet Spec (replicas: 1, init containers: 1, containers: 1, volumes: 6)
2025-01-29 13:59:52,255 INFO c.h.h.t.HelmChartContainer - [hivemq-test-hivemq-platform] [hivemq-platform-operator] [1484d44a] 13:59:52.253 [ReconcilerExecutor-hivemq-controller-151] DEBUG c.h.p.o.h.HiveMQPlatformReconcilerErrorHandler - [helmlega] Pod 'test-hivemq-legacy-platform-0' phase Running
2025-01-29 13:59:53,464 INFO c.h.h.t.HelmChartContainer - [K3S] [kubelet_volumes.go:163] "Cleaned up orphaned pod volumes dir" podUID="82cced63-ba7d-4c95-835a-2d557a689d20" path="/var/lib/kubelet/pods/82cced63-ba7d-4c95-835a-2d557a689d20/volumes"
2025-01-29 13:59:55,001 INFO c.h.h.util.ControlCenterUtil - Login attempt 1 was successful
2025-01-29 13:59:55,001 INFO com.hivemq.helmcharts.util.MqttUtil - Asserting retained messages on 30 topics...
2025-01-29 13:59:56,855 INFO com.hivemq.helmcharts.util.MqttUtil - Asserted retained messages (1854 ms)
2025-01-29 13:59:56,856 INFO c.hivemq.helmcharts.util.RestAPIUtil - Checking authorization for REST API on hivemq-test-hivemq-legacy-platform-api:8888 (username: user) (password: password) (endpoint path: /api/v1/mqtt/clients)
2025-01-29 13:59:57,009 INFO c.h.helmcharts.util.MonitoringUtil - Asserting Prometheus subscribes metrics...
2025-01-29 13:59:57,786 INFO c.h.helmcharts.util.MonitoringUtil - Asserted subscribes metrics (777 ms)
2025-01-29 13:59:57,790 INFO c.h.h.t.HelmChartContainer - Uninstalling release 'test-hivemq-legacy-platform' in namespace 'helmlegacystatefulsetmigrationit-operator'...
2025-01-29 13:59:57,790 DEBUG c.h.h.t.HelmChartContainer - Executing helm command: /bin/helm --kubeconfig /etc/rancher/k3s/k3s.yaml uninstall test-hivemq-legacy-platform  --wait --timeout 5m0s --cascade foreground --namespace helmlegacystatefulsetmigrationit-operator
2025-01-29 13:59:57,973 INFO c.h.h.t.HelmChartContainer - [hivemq-test-hivemq-platform] [hivemq-platform-operator] [1484d44a] 13:59:57.969 [pool-6-thread-31] DEBUG c.h.p.o.d.PlatformServiceResource - [helmlega] Desired Platform services (4 services)
2025-01-29 13:59:57,982 INFO c.h.h.t.HelmChartContainer - [hivemq-test-hivemq-platform] [hivemq-platform-operator] [1484d44a] 13:59:57.975 [pool-6-thread-36] DEBUG c.h.p.o.d.PodServiceAccountResource - [helmlega] Desired PodServiceAccountResource (serviceAccountName: hivemq-platform-pod-test-hivemq-legacy-platform)
2025-01-29 13:59:57,982 INFO c.h.h.t.HelmChartContainer - [hivemq-test-hivemq-platform] [hivemq-platform-operator] [1484d44a] 13:59:57.977 [pool-6-thread-33] DEBUG c.h.p.o.dependants.PodInfoConfigMap - [helmlega] Desired PodInfo ConfigMap (2 extensions) (1 enabled)
2025-01-29 13:59:57,982 INFO c.h.h.t.HelmChartContainer - [hivemq-test-hivemq-platform] [hivemq-platform-operator] [1484d44a] 13:59:57.977 [pool-6-thread-33] DEBUG c.h.p.o.dependants.PodInfoConfigMap - [helmlega] Desired PodInfo ConfigMap (metrics port: 9399) (metrics path: /)
2025-01-29 13:59:57,982 INFO c.h.h.t.HelmChartContainer - [hivemq-test-hivemq-platform] [hivemq-platform-operator] [1484d44a] 13:59:57.977 [pool-6-thread-33] DEBUG c.h.p.o.dependants.PodInfoConfigMap - [helmlega] Desired PodInfo ConfigMap (extension state hash: 259316804)
2025-01-29 13:59:57,982 INFO c.h.h.t.HelmChartContainer - [hivemq-test-hivemq-platform] [hivemq-platform-operator] [1484d44a] 13:59:57.980 [pool-6-thread-38] DEBUG c.h.p.o.d.StatefulSetResource - [helmlega] Desired StatefulSet (1 replicas) for status RUNNING (READY)
2025-01-29 13:59:57,986 INFO c.h.h.t.HelmChartContainer - [hivemq-test-hivemq-platform] [hivemq-platform-operator] [1484d44a] 13:59:57.984 [ReconcilerExecutor-hivemq-controller-152] INFO  c.h.p.o.HiveMQPlatformReconciler - [helmlega] Reconciling HiveMQ Platform 'test-hivemq-legacy-platform' in namespace 'helmlegacystatefulsetmigrationit-operator'
2025-01-29 13:59:57,986 INFO c.h.h.t.HelmChartContainer - [hivemq-test-hivemq-platform] [hivemq-platform-operator] [1484d44a] 13:59:57.984 [ReconcilerExecutor-hivemq-controller-152] DEBUG c.h.p.o.HiveMQPlatformReconciler - [helmlega] Custom Resource Status RUNNING - HiveMQ Platform is ready (READY)
2025-01-29 13:59:57,986 INFO c.h.h.t.HelmChartContainer - [hivemq-test-hivemq-platform] [hivemq-platform-operator] [1484d44a] 13:59:57.984 [ReconcilerExecutor-hivemq-controller-152] DEBUG c.h.p.o.HiveMQPlatformReconciler - [helmlega] Custom Resource Spec (replicas: 1) (extensions: 2)
2025-01-29 13:59:57,987 INFO c.h.h.t.HelmChartContainer - [hivemq-test-hivemq-platform] [hivemq-platform-operator] [1484d44a] 13:59:57.985 [ReconcilerExecutor-hivemq-controller-152] DEBUG c.h.p.o.HiveMQPlatformReconciler - [helmlega] StatefulSet Status (revision: test-hivemq-legacy-platform-65df8dcb7f, replicas: 1, available: 1, ready: 1, current: 1, updated: 1)
2025-01-29 13:59:57,987 INFO c.h.h.t.HelmChartContainer - [hivemq-test-hivemq-platform] [hivemq-platform-operator] [1484d44a] 13:59:57.986 [ReconcilerExecutor-hivemq-controller-152] DEBUG c.h.p.o.HiveMQPlatformReconciler - [helmlega] StatefulSet Spec (replicas: 1, init containers: 1, containers: 1, volumes: 6)
2025-01-29 13:59:57,992 INFO c.h.h.t.HelmChartContainer - [hivemq-test-hivemq-platform] [hivemq-platform-operator] [1484d44a] 13:59:57.988 [ReconcilerExecutor-hivemq-controller-152] DEBUG c.h.p.o.h.HiveMQPlatformReconcilerErrorHandler - [helmlega] Pod 'test-hivemq-legacy-platform-0' phase Running
2025-01-29 13:59:58,063 INFO c.h.h.t.HelmChartContainer - [hivemq-test-hivemq-platform] [hivemq-platform-operator] [1484d44a] 13:59:58.061 [ReconcilerExecutor-hivemq-controller-153] INFO  c.h.p.o.HiveMQPlatformReconciler - [helmlega] Cleanup test-hivemq-legacy-platform - helmlegacystatefulsetmigrationit-operator HiveMQ Platform is shut down
2025-01-29 13:59:58,261 INFO c.h.h.t.HelmChartContainer - [K3S] [authentication.go:74] "Unable to authenticate the request" err="[invalid bearer token, serviceaccounts \"hivemq-platform-pod-test-hivemq-legacy-platform\" not found]"
2025-01-29 13:59:58,277 INFO c.h.h.t.HelmChartContainer - [K3S] [authentication.go:74] "Unable to authenticate the request" err="[invalid bearer token, serviceaccounts \"hivemq-platform-pod-test-hivemq-legacy-platform\" not found]"
2025-01-29 13:59:58,356 INFO c.h.h.t.HelmChartContainer - [test-hivemq-legacy-platform] [hivemq] [9414e86d] WARN  - [HiveMQ Platform Operator Init App 1.7.0-SNAPSHOT] Could not update Pod annotations: Failure executing: GET at: https://10.43.0.1:443/api/v1/namespaces/helmlegacystatefulsetmigrationit-operator/pods/test-hivemq-legacy-platform-0. Message: Unauthorized. Received status: Status(apiVersion=v1, code=401, details=null, kind=Status, message=Unauthorized, metadata=ListMeta(_continue=null, remainingItemCount=null, resourceVersion=null, selfLink=null, additionalProperties={}), reason=Unauthorized, status=Failure, additionalProperties={}).
2025-01-29 13:59:58,955 INFO c.h.h.t.HelmChartContainer - [POD] test-hivemq-legacy-platform-0 [9414e86d-d582-487c-a39b-8d03ba828827] in helmlegacystatefulsetmigrationit-operator was MODIFIED
2025-01-29 13:59:58,961 INFO c.h.h.t.HelmChartContainer - [EVENT] Normal [Killing] Stopping container hivemq [helmlegacystatefulsetmigrationit-operator:test-hivemq-legacy-platform-0]
2025-01-29 13:59:58,962 INFO c.h.h.t.HelmChartContainer - Received Killing event for container hivemq in pod test-hivemq-legacy-platform-0 [9414e86d-d582-487c-a39b-8d03ba828827]
2025-01-29 13:59:58,962 INFO c.h.h.t.HelmChartContainer - Container [test-hivemq-legacy-platform-0] [hivemq] [9414e86d-d582-487c-a39b-8d03ba828827] was terminated
2025-01-29 13:59:58,962 INFO c.h.h.t.HelmChartContainer - Stopped log watcher for hivemq in pod test-hivemq-legacy-platform-0 [9414e86d-d582-487c-a39b-8d03ba828827]
2025-01-29 13:59:58,967 INFO c.h.h.t.HelmChartContainer - [test-hivemq-legacy-platform] [hivemq] [9414e86d] INFO  - [HiveMQ Platform Operator Init App 1.7.0-SNAPSHOT] Shutting down
2025-01-29 13:59:58,969 INFO c.h.h.t.HelmChartContainer - [test-hivemq-legacy-platform] [hivemq] [9414e86d] INFO  - [HiveMQ Platform Operator Init App 1.7.0-SNAPSHOT] Stopping the HiveMQ Platform
2025-01-29 13:59:59,069 INFO c.h.h.t.HelmChartContainer - [test-hivemq-legacy-platform] [hivemq] [9414e86d] INFO  - Shutting down HiveMQ. Please wait, this could take a while...
2025-01-29 13:59:59,161 INFO c.h.h.t.HelmChartContainer - [test-hivemq-legacy-platform] [hivemq] [9414e86d] INFO  - Shutting down listeners and clients
2025-01-29 13:59:59,162 INFO c.h.h.t.HelmChartContainer - [test-hivemq-legacy-platform] [hivemq] [9414e86d] INFO  - Shutdown of listeners is done
2025-01-29 13:59:59,162 INFO c.h.h.t.HelmChartContainer - [test-hivemq-legacy-platform] [hivemq] [9414e86d] INFO  - No clients are connected, proceeding with shutdown
2025-01-29 14:00:00,030 INFO c.h.h.t.HelmChartContainer - Release 'test-hivemq-legacy-platform' in namespace 'helmlegacystatefulsetmigrationit-operator' is uninstalled
2025-01-29 14:00:00,030 INFO c.h.h.t.HelmChartContainer - Uninstalling release 'test-hivemq-platform-operator' in namespace 'helmlegacystatefulsetmigrationit-operator'...
2025-01-29 14:00:00,030 DEBUG c.h.h.t.HelmChartContainer - Executing helm command: /bin/helm --kubeconfig /etc/rancher/k3s/k3s.yaml uninstall test-hivemq-platform-operator  --wait --timeout 5m0s --cascade foreground --namespace helmlegacystatefulsetmigrationit-operator
2025-01-29 14:00:00,199 INFO c.h.h.t.HelmChartContainer - [K3S] [replica_set.go:679] "Finished syncing" kind="ReplicaSet" key="helmlegacystatefulsetmigrationit-operator/hivemq-test-hivemq-platform-operator-6966f96d65" duration="12.169125ms"
2025-01-29 14:00:00,203 INFO c.h.h.t.HelmChartContainer - [K3S] [replica_set.go:679] "Finished syncing" kind="ReplicaSet" key="helmlegacystatefulsetmigrationit-operator/hivemq-test-hivemq-platform-operator-6966f96d65" duration="27.351µs"
2025-01-29 14:00:00,232 INFO c.h.h.t.HelmChartContainer - [POD] hivemq-test-hivemq-platform-operator-6966f96d65-wx25x [1484d44a-3138-449c-96b8-ea5284a7bc80] in helmlegacystatefulsetmigrationit-operator was MODIFIED
2025-01-29 14:00:00,235 INFO c.h.h.t.HelmChartContainer - [K3S] [replica_set.go:679] "Finished syncing" kind="ReplicaSet" key="helmlegacystatefulsetmigrationit-operator/hivemq-test-hivemq-platform-operator-6966f96d65" duration="9.547517ms"
2025-01-29 14:00:00,236 INFO c.h.h.t.HelmChartContainer - [K3S] [replica_set.go:679] "Finished syncing" kind="ReplicaSet" key="helmlegacystatefulsetmigrationit-operator/hivemq-test-hivemq-platform-operator-6966f96d65" duration="41.637µs"
2025-01-29 14:00:00,240 INFO c.h.h.t.HelmChartContainer - [EVENT] Normal [Killing] Stopping container hivemq-platform-operator [helmlegacystatefulsetmigrationit-operator:hivemq-test-hivemq-platform-operator-6966f96d65-wx25x]
2025-01-29 14:00:00,240 INFO c.h.h.t.HelmChartContainer - Received Killing event for container hivemq-platform-operator in pod hivemq-test-hivemq-platform-operator-6966f96d65-wx25x [1484d44a-3138-449c-96b8-ea5284a7bc80]
2025-01-29 14:00:00,240 INFO c.h.h.t.HelmChartContainer - Container [hivemq-test-hivemq-platform-operator-6966f96d65-wx25x] [hivemq-platform-operator] [1484d44a-3138-449c-96b8-ea5284a7bc80] was terminated
2025-01-29 14:00:00,240 INFO c.h.h.t.HelmChartContainer - Stopped log watcher for hivemq-platform-operator in pod hivemq-test-hivemq-platform-operator-6966f96d65-wx25x [1484d44a-3138-449c-96b8-ea5284a7bc80]
2025-01-29 14:00:00,244 INFO c.h.h.t.HelmChartContainer - [hivemq-test-hivemq-platform] [hivemq-platform-operator] [1484d44a] 14:00:00.242 [application-shutdown-thread] INFO  c.h.p.o.HiveMQPlatformOperatorApplication - HiveMQ Platform Operator is stopping...
2025-01-29 14:00:00,244 INFO c.h.h.t.HelmChartContainer - [hivemq-test-hivemq-platform] [hivemq-platform-operator] [1484d44a] 14:00:00.242 [application-shutdown-thread] INFO  i.javaoperatorsdk.operator.Operator - Operator SDK 4.9.7 is shutting down...
2025-01-29 14:00:00,843 INFO c.h.h.t.HelmChartContainer - [K3S] [reconciler_common.go:162] "operationExecutor.UnmountVolume started for volume \"kube-api-access-6zxwt\" (UniqueName: \"kubernetes.io/projected/1484d44a-3138-449c-96b8-ea5284a7bc80-kube-api-access-6zxwt\") pod \"1484d44a-3138-449c-96b8-ea5284a7bc80\" (UID: \"1484d44a-3138-449c-96b8-ea5284a7bc80\") "
2025-01-29 14:00:00,846 INFO c.h.h.t.HelmChartContainer - [K3S] [replica_set.go:679] "Finished syncing" kind="ReplicaSet" key="helmlegacystatefulsetmigrationit-operator/hivemq-test-hivemq-platform-operator-6966f96d65" duration="44.694µs"
2025-01-29 14:00:00,848 INFO c.h.h.t.HelmChartContainer - [POD] hivemq-test-hivemq-platform-operator-6966f96d65-wx25x [1484d44a-3138-449c-96b8-ea5284a7bc80] in helmlegacystatefulsetmigrationit-operator was MODIFIED
2025-01-29 14:00:00,943 INFO c.h.h.t.HelmChartContainer - [K3S] [reconciler_common.go:299] "Volume detached for volume \"kube-api-access-6zxwt\" (UniqueName: \"kubernetes.io/projected/1484d44a-3138-449c-96b8-ea5284a7bc80-kube-api-access-6zxwt\") on node \"06a12a63912a\" DevicePath \"\""
2025-01-29 14:00:01,065 INFO c.h.h.t.HelmChartContainer - [K3S] [scope.go:117] "RemoveContainer" containerID="5146bed4cdd3773499e1b49e47f36495105290cdb00dc1d7f7f5115f0ff2592f"
2025-01-29 14:00:01,068 INFO c.h.h.t.HelmChartContainer - [K3S] [scope.go:117] "RemoveContainer" containerID="5146bed4cdd3773499e1b49e47f36495105290cdb00dc1d7f7f5115f0ff2592f"
2025-01-29 14:00:01,077 INFO c.h.h.t.HelmChartContainer - [K3S] [replica_set.go:679] "Finished syncing" kind="ReplicaSet" key="helmlegacystatefulsetmigrationit-operator/hivemq-test-hivemq-platform-operator-6966f96d65" duration="51.085µs"
2025-01-29 14:00:01,077 INFO c.h.h.t.HelmChartContainer - [POD] hivemq-test-hivemq-platform-operator-6966f96d65-wx25x [1484d44a-3138-449c-96b8-ea5284a7bc80] in helmlegacystatefulsetmigrationit-operator was MODIFIED
2025-01-29 14:00:01,079 INFO c.h.h.t.HelmChartContainer - [K3S] [replica_set.go:679] "Finished syncing" kind="ReplicaSet" key="helmlegacystatefulsetmigrationit-operator/hivemq-test-hivemq-platform-operator-6966f96d65" duration="35.456µs"
2025-01-29 14:00:01,079 INFO c.h.h.t.HelmChartContainer - [POD] hivemq-test-hivemq-platform-operator-6966f96d65-wx25x [1484d44a-3138-449c-96b8-ea5284a7bc80] in helmlegacystatefulsetmigrationit-operator was DELETED
2025-01-29 14:00:01,090 INFO c.h.h.t.HelmChartContainer - [K3S] [replica_set.go:679] "Finished syncing" kind="ReplicaSet" key="helmlegacystatefulsetmigrationit-operator/hivemq-test-hivemq-platform-operator-6966f96d65" duration="7.083µs"
2025-01-29 14:00:01,463 INFO c.h.h.t.HelmChartContainer - [K3S] [kubelet_volumes.go:163] "Cleaned up orphaned pod volumes dir" podUID="1484d44a-3138-449c-96b8-ea5284a7bc80" path="/var/lib/kubelet/pods/1484d44a-3138-449c-96b8-ea5284a7bc80/volumes"
2025-01-29 14:00:02,251 INFO c.h.h.t.HelmChartContainer - Deleting namespace 'helmlegacystatefulsetmigrationit-operator'...
2025-01-29 14:00:02,357 INFO c.h.h.t.HelmChartContainer - [test-hivemq-legacy-platform] [hivemq] [9414e86d] INFO  - Shutting down extension system
2025-01-29 14:00:02,362 INFO c.h.h.t.HelmChartContainer - [test-hivemq-legacy-platform] [hivemq] [9414e86d] INFO  - Stopping extension with id hivemq-dns-cluster-discovery
2025-01-29 14:00:02,363 INFO c.h.h.t.HelmChartContainer - [test-hivemq-legacy-platform] [hivemq] [9414e86d] INFO  - Extension "DNS Cluster Discovery Extension" version 4.3.2 stopped successfully.
2025-01-29 14:00:02,364 INFO c.h.h.t.HelmChartContainer - [test-hivemq-legacy-platform] [hivemq] [9414e86d] INFO  - Stopping extension with id hivemq-prometheus-extension
2025-01-29 14:00:02,367 INFO c.h.h.t.HelmChartContainer - [test-hivemq-legacy-platform] [hivemq] [9414e86d] INFO  - Extension "Prometheus Monitoring Extension" version 4.0.12 stopped successfully.
2025-01-29 14:00:02,367 INFO c.h.h.t.HelmChartContainer - [test-hivemq-legacy-platform] [hivemq] [9414e86d] INFO  - Stopping extension with id hivemq-enterprise-security-extension
2025-01-29 14:00:02,367 INFO c.h.h.t.HelmChartContainer - [test-hivemq-legacy-platform] [hivemq] [9414e86d] INFO  - HiveMQ Enterprise Security Extension: Shutting down HiveMQ Enterprise Security Extension.
2025-01-29 14:00:02,624 INFO c.h.h.t.HelmChartContainer - [test-hivemq-legacy-platform] [hivemq] [9414e86d] INFO  - [HiveMQ Platform Operator Init App 1.7.0-SNAPSHOT] Returning shutdown Health API response 503 for readiness
2025-01-29 14:00:02,629 INFO c.h.h.t.HelmChartContainer - [EVENT] Warning [Unhealthy] Readiness probe failed: HTTP probe failed with statuscode: 503 [helmlegacystatefulsetmigrationit-operator:test-hivemq-legacy-platform-0]
2025-01-29 14:00:02,629 INFO c.h.h.t.HelmChartContainer - Received Unhealthy event for container hivemq in pod test-hivemq-legacy-platform-0 [9414e86d-d582-487c-a39b-8d03ba828827]
2025-01-29 14:00:03,359 INFO c.h.h.t.HelmChartContainer - [K3S] [authentication.go:74] "Unable to authenticate the request" err="[invalid bearer token, serviceaccounts \"hivemq-platform-pod-test-hivemq-legacy-platform\" not found]"
2025-01-29 14:00:03,375 INFO c.h.h.t.HelmChartContainer - [K3S] [authentication.go:74] "Unable to authenticate the request" err="[invalid bearer token, serviceaccounts \"hivemq-platform-pod-test-hivemq-legacy-platform\" not found]"
2025-01-29 14:00:03,376 INFO c.h.h.t.HelmChartContainer - [test-hivemq-legacy-platform] [hivemq] [9414e86d] WARN  - [HiveMQ Platform Operator Init App 1.7.0-SNAPSHOT] Could not update Pod annotations: Failure executing: GET at: https://10.43.0.1:443/api/v1/namespaces/helmlegacystatefulsetmigrationit-operator/pods/test-hivemq-legacy-platform-0. Message: Unauthorized. Received status: Status(apiVersion=v1, code=401, details=null, kind=Status, message=Unauthorized, metadata=ListMeta(_continue=null, remainingItemCount=null, resourceVersion=null, selfLink=null, additionalProperties={}), reason=Unauthorized, status=Failure, additionalProperties={}).
2025-01-29 14:00:05,370 INFO c.h.h.t.HelmChartContainer - [test-hivemq-legacy-platform] [hivemq] [9414e86d] INFO  - HiveMQ Enterprise Security Extension: Stopped HiveMQ Enterprise Security Extension successfully in 3002ms.
2025-01-29 14:00:05,370 INFO c.h.h.t.HelmChartContainer - [test-hivemq-legacy-platform] [hivemq] [9414e86d] INFO  - Extension "HiveMQ Enterprise Security Extension" version 4.36.0 stopped successfully.
2025-01-29 14:00:07,636 INFO c.h.h.t.HelmChartContainer - [K3S] [replica_set.go:679] "Finished syncing" kind="ReplicaSet" key="helmlegacystatefulsetmigrationit-operator/test-hivemq-legacy-platform-hivemq-operator-operator-56c5b9f7b7" duration="6.562µs"
2025-01-29 14:00:07,643 INFO c.h.h.t.HelmChartContainer - [POD] test-hivemq-legacy-platform-hivemq-operator-operator-56c5bqk9v5 [24379367-0d55-4608-aeb5-623139ea588a] in helmlegacystatefulsetmigrationit-operator was MODIFIED
2025-01-29 14:00:07,651 INFO c.h.h.t.HelmChartContainer - [test-hivemq-legacy-platform] [operator] [24379367] ?[36m14:00:07.649?[0;39m ?[1;30m[Thread-0]?[0;39m ?[34mINFO ?[0;39m ?[35mio.micronaut.runtime.Micronaut?[0;39m - Embedded Application shutting down
2025-01-29 14:00:07,687 INFO c.h.h.t.HelmChartContainer - [K3S] [stateful_set.go:466] "StatefulSet has been deleted" key="helmlegacystatefulsetmigrationit-operator/test-hivemq-legacy-platform"
2025-01-29 14:00:07,725 INFO c.h.h.t.HelmChartContainer - [K3S] [memory_manager.go:355] "RemoveStaleState removing state" podUID="82cced63-ba7d-4c95-835a-2d557a689d20" containerName="hivemq"
2025-01-29 14:00:07,725 INFO c.h.h.t.HelmChartContainer - [K3S] [memory_manager.go:355] "RemoveStaleState removing state" podUID="1484d44a-3138-449c-96b8-ea5284a7bc80" containerName="hivemq-platform-operator"
2025-01-29 14:00:07,726 INFO c.h.h.t.HelmChartContainer - [POD] helper-pod-delete-pvc-b2b631d1-2164-4f71-af39-8aba82aaa4f0 [5f03edb6-e6f8-4fa3-b9f7-ef7e3580c49d] in kube-system was ADDED
2025-01-29 14:00:07,732 INFO c.h.h.t.HelmChartContainer - [POD] helper-pod-delete-pvc-b2b631d1-2164-4f71-af39-8aba82aaa4f0 [5f03edb6-e6f8-4fa3-b9f7-ef7e3580c49d] in kube-system was MODIFIED
2025-01-29 14:00:07,878 INFO c.h.h.t.HelmChartContainer - [K3S] [reconciler_common.go:251] "operationExecutor.VerifyControllerAttachedVolume started for volume \"kube-api-access-t62v8\" (UniqueName: \"kubernetes.io/projected/5f03edb6-e6f8-4fa3-b9f7-ef7e3580c49d-kube-api-access-t62v8\") pod \"helper-pod-delete-pvc-b2b631d1-2164-4f71-af39-8aba82aaa4f0\" (UID: \"5f03edb6-e6f8-4fa3-b9f7-ef7e3580c49d\") " pod="kube-system/helper-pod-delete-pvc-b2b631d1-2164-4f71-af39-8aba82aaa4f0"
2025-01-29 14:00:07,878 INFO c.h.h.t.HelmChartContainer - [K3S] [reconciler_common.go:251] "operationExecutor.VerifyControllerAttachedVolume started for volume \"script\" (UniqueName: \"kubernetes.io/configmap/5f03edb6-e6f8-4fa3-b9f7-ef7e3580c49d-script\") pod \"helper-pod-delete-pvc-b2b631d1-2164-4f71-af39-8aba82aaa4f0\" (UID: \"5f03edb6-e6f8-4fa3-b9f7-ef7e3580c49d\") " pod="kube-system/helper-pod-delete-pvc-b2b631d1-2164-4f71-af39-8aba82aaa4f0"
2025-01-29 14:00:07,878 INFO c.h.h.t.HelmChartContainer - [K3S] [reconciler_common.go:251] "operationExecutor.VerifyControllerAttachedVolume started for volume \"data\" (UniqueName: \"kubernetes.io/host-path/5f03edb6-e6f8-4fa3-b9f7-ef7e3580c49d-data\") pod \"helper-pod-delete-pvc-b2b631d1-2164-4f71-af39-8aba82aaa4f0\" (UID: \"5f03edb6-e6f8-4fa3-b9f7-ef7e3580c49d\") " pod="kube-system/helper-pod-delete-pvc-b2b631d1-2164-4f71-af39-8aba82aaa4f0"
2025-01-29 14:00:08,120 INFO c.h.h.t.HelmChartContainer - [POD] test-hivemq-legacy-platform-hivemq-operator-operator-56c5bqk9v5 [24379367-0d55-4608-aeb5-623139ea588a] in helmlegacystatefulsetmigrationit-operator was MODIFIED
2025-01-29 14:00:08,180 INFO c.h.h.t.HelmChartContainer - [K3S] [reconciler_common.go:162] "operationExecutor.UnmountVolume started for volume \"kube-api-access-fsqd7\" (UniqueName: \"kubernetes.io/projected/24379367-0d55-4608-aeb5-623139ea588a-kube-api-access-fsqd7\") pod \"24379367-0d55-4608-aeb5-623139ea588a\" (UID: \"24379367-0d55-4608-aeb5-623139ea588a\") "
2025-01-29 14:00:08,181 INFO c.h.h.t.HelmChartContainer - [K3S] [reconciler_common.go:162] "operationExecutor.UnmountVolume started for volume \"templates\" (UniqueName: \"kubernetes.io/configmap/24379367-0d55-4608-aeb5-623139ea588a-templates\") pod \"24379367-0d55-4608-aeb5-623139ea588a\" (UID: \"24379367-0d55-4608-aeb5-623139ea588a\") "
2025-01-29 14:00:08,281 INFO c.h.h.t.HelmChartContainer - [K3S] [reconciler_common.go:299] "Volume detached for volume \"templates\" (UniqueName: \"kubernetes.io/configmap/24379367-0d55-4608-aeb5-623139ea588a-templates\") on node \"06a12a63912a\" DevicePath \"\""
2025-01-29 14:00:08,281 INFO c.h.h.t.HelmChartContainer - [K3S] [reconciler_common.go:299] "Volume detached for volume \"kube-api-access-fsqd7\" (UniqueName: \"kubernetes.io/projected/24379367-0d55-4608-aeb5-623139ea588a-kube-api-access-fsqd7\") on node \"06a12a63912a\" DevicePath \"\""
2025-01-29 14:00:08,380 INFO c.h.h.t.HelmChartContainer - [K3S] [authentication.go:74] "Unable to authenticate the request" err="[invalid bearer token, serviceaccounts \"hivemq-platform-pod-test-hivemq-legacy-platform\" not found]"
2025-01-29 14:00:08,393 INFO c.h.h.t.HelmChartContainer - [K3S] [authentication.go:74] "Unable to authenticate the request" err="[invalid bearer token, serviceaccounts \"hivemq-platform-pod-test-hivemq-legacy-platform\" not found]"
2025-01-29 14:00:08,395 INFO c.h.h.t.HelmChartContainer - [test-hivemq-legacy-platform] [hivemq] [9414e86d] WARN  - [HiveMQ Platform Operator Init App 1.7.0-SNAPSHOT] Could not update Pod annotations: Failure executing: GET at: https://10.43.0.1:443/api/v1/namespaces/helmlegacystatefulsetmigrationit-operator/pods/test-hivemq-legacy-platform-0. Message: Unauthorized. Received status: Status(apiVersion=v1, code=401, details=null, kind=Status, message=Unauthorized, metadata=ListMeta(_continue=null, remainingItemCount=null, resourceVersion=null, selfLink=null, additionalProperties={}), reason=Unauthorized, status=Failure, additionalProperties={}).
2025-01-29 14:00:08,659 INFO c.h.h.t.HelmChartContainer - Stopped log watcher for operator in pod test-hivemq-legacy-platform-hivemq-operator-operator-56c5bqk9v5 [24379367-0d55-4608-aeb5-623139ea588a]
2025-01-29 14:00:08,708 INFO c.h.h.t.HelmChartContainer - [test-hivemq-legacy-platform] [hivemq] [9414e86d] INFO  - Shutdown completed.
2025-01-29 14:00:09,081 INFO c.h.h.t.HelmChartContainer - [K3S] [scope.go:117] "RemoveContainer" containerID="3644de31981dbb372663fbfd769d33e470826cd019f4304ac662771c4b41237c"
2025-01-29 14:00:09,091 INFO c.h.h.t.HelmChartContainer - [POD] helper-pod-delete-pvc-b2b631d1-2164-4f71-af39-8aba82aaa4f0 [5f03edb6-e6f8-4fa3-b9f7-ef7e3580c49d] in kube-system was MODIFIED
2025-01-29 14:00:09,099 INFO c.h.h.t.HelmChartContainer - [POD] test-hivemq-legacy-platform-hivemq-operator-operator-56c5bqk9v5 [24379367-0d55-4608-aeb5-623139ea588a] in helmlegacystatefulsetmigrationit-operator was MODIFIED
2025-01-29 14:00:09,111 INFO c.h.h.t.HelmChartContainer - [test-hivemq-legacy-platform] [hivemq] [9414e86d] INFO  - [HiveMQ Platform Operator Init App 1.7.0-SNAPSHOT] The HiveMQ Platform exited with code 143
2025-01-29 14:00:09,111 INFO c.h.h.t.HelmChartContainer - [test-hivemq-legacy-platform] [hivemq] [9414e86d] INFO  - [HiveMQ Platform Operator Init App 1.7.0-SNAPSHOT] Stopping the REST API
2025-01-29 14:00:09,118 INFO c.h.h.t.HelmChartContainer - [POD] test-hivemq-legacy-platform-hivemq-operator-operator-56c5bqk9v5 [24379367-0d55-4608-aeb5-623139ea588a] in helmlegacystatefulsetmigrationit-operator was DELETED
2025-01-29 14:00:09,123 INFO c.h.h.t.HelmChartContainer - [test-hivemq-legacy-platform] [hivemq] [9414e86d] INFO  - [HiveMQ Platform Operator Init App 1.7.0-SNAPSHOT] Shutdown complete
2025-01-29 14:00:09,463 INFO c.h.h.t.HelmChartContainer - [K3S] [kubelet_volumes.go:163] "Cleaned up orphaned pod volumes dir" podUID="24379367-0d55-4608-aeb5-623139ea588a" path="/var/lib/kubelet/pods/24379367-0d55-4608-aeb5-623139ea588a/volumes"
2025-01-29 14:00:09,561 INFO c.h.h.t.HelmChartContainer - [POD] test-hivemq-legacy-platform-0 [9414e86d-d582-487c-a39b-8d03ba828827] in helmlegacystatefulsetmigrationit-operator was MODIFIED
2025-01-29 14:00:09,689 INFO c.h.h.t.HelmChartContainer - [K3S] [reconciler_common.go:162] "operationExecutor.UnmountVolume started for volume \"broker-configuration\" (UniqueName: \"kubernetes.io/configmap/9414e86d-d582-487c-a39b-8d03ba828827-broker-configuration\") pod \"9414e86d-d582-487c-a39b-8d03ba828827\" (UID: \"9414e86d-d582-487c-a39b-8d03ba828827\") "
2025-01-29 14:00:09,689 INFO c.h.h.t.HelmChartContainer - [K3S] [reconciler_common.go:162] "operationExecutor.UnmountVolume started for volume \"data\" (UniqueName: \"kubernetes.io/local-volume/pvc-306f8171-a687-4a71-91e0-11db8ecea096\") pod \"9414e86d-d582-487c-a39b-8d03ba828827\" (UID: \"9414e86d-d582-487c-a39b-8d03ba828827\") "
2025-01-29 14:00:09,689 INFO c.h.h.t.HelmChartContainer - [K3S] [reconciler_common.go:162] "operationExecutor.UnmountVolume started for volume \"extension-configuration-hivemq-enterprise-security-extension\" (UniqueName: \"kubernetes.io/configmap/9414e86d-d582-487c-a39b-8d03ba828827-extension-configuration-hivemq-enterprise-security-extension\") pod \"9414e86d-d582-487c-a39b-8d03ba828827\" (UID: \"9414e86d-d582-487c-a39b-8d03ba828827\") "
2025-01-29 14:00:09,689 INFO c.h.h.t.HelmChartContainer - [K3S] [reconciler_common.go:162] "operationExecutor.UnmountVolume started for volume \"kube-api-access-dgbgd\" (UniqueName: \"kubernetes.io/projected/9414e86d-d582-487c-a39b-8d03ba828827-kube-api-access-dgbgd\") pod \"9414e86d-d582-487c-a39b-8d03ba828827\" (UID: \"9414e86d-d582-487c-a39b-8d03ba828827\") "
2025-01-29 14:00:09,689 INFO c.h.h.t.HelmChartContainer - [K3S] [reconciler_common.go:162] "operationExecutor.UnmountVolume started for volume \"ese-file-realm\" (UniqueName: \"kubernetes.io/configmap/9414e86d-d582-487c-a39b-8d03ba828827-ese-file-realm\") pod \"9414e86d-d582-487c-a39b-8d03ba828827\" (UID: \"9414e86d-d582-487c-a39b-8d03ba828827\") "
2025-01-29 14:00:09,689 INFO c.h.h.t.HelmChartContainer - [K3S] [reconciler_common.go:162] "operationExecutor.UnmountVolume started for volume \"pod-info\" (UniqueName: \"kubernetes.io/configmap/9414e86d-d582-487c-a39b-8d03ba828827-pod-info\") pod \"9414e86d-d582-487c-a39b-8d03ba828827\" (UID: \"9414e86d-d582-487c-a39b-8d03ba828827\") "
2025-01-29 14:00:09,689 INFO c.h.h.t.HelmChartContainer - [K3S] [reconciler_common.go:162] "operationExecutor.UnmountVolume started for volume \"operator-init\" (UniqueName: \"kubernetes.io/empty-dir/9414e86d-d582-487c-a39b-8d03ba828827-operator-init\") pod \"9414e86d-d582-487c-a39b-8d03ba828827\" (UID: \"9414e86d-d582-487c-a39b-8d03ba828827\") "
2025-01-29 14:00:09,788 INFO c.h.h.t.HelmChartContainer - [K3S] [reconciler_common.go:299] "Volume detached for volume \"operator-init\" (UniqueName: \"kubernetes.io/empty-dir/9414e86d-d582-487c-a39b-8d03ba828827-operator-init\") on node \"06a12a63912a\" DevicePath \"\""
2025-01-29 14:00:09,789 INFO c.h.h.t.HelmChartContainer - [K3S] [reconciler_common.go:299] "Volume detached for volume \"broker-configuration\" (UniqueName: \"kubernetes.io/configmap/9414e86d-d582-487c-a39b-8d03ba828827-broker-configuration\") on node \"06a12a63912a\" DevicePath \"\""
2025-01-29 14:00:09,789 INFO c.h.h.t.HelmChartContainer - [K3S] [reconciler_common.go:292] "operationExecutor.UnmountDevice started for volume \"pvc-306f8171-a687-4a71-91e0-11db8ecea096\" (UniqueName: \"kubernetes.io/local-volume/pvc-306f8171-a687-4a71-91e0-11db8ecea096\") on node \"06a12a63912a\" "
2025-01-29 14:00:09,789 INFO c.h.h.t.HelmChartContainer - [K3S] [reconciler_common.go:299] "Volume detached for volume \"extension-configuration-hivemq-enterprise-security-extension\" (UniqueName: \"kubernetes.io/configmap/9414e86d-d582-487c-a39b-8d03ba828827-extension-configuration-hivemq-enterprise-security-extension\") on node \"06a12a63912a\" DevicePath \"\""
2025-01-29 14:00:09,789 INFO c.h.h.t.HelmChartContainer - [K3S] [reconciler_common.go:299] "Volume detached for volume \"kube-api-access-dgbgd\" (UniqueName: \"kubernetes.io/projected/9414e86d-d582-487c-a39b-8d03ba828827-kube-api-access-dgbgd\") on node \"06a12a63912a\" DevicePath \"\""
2025-01-29 14:00:09,789 INFO c.h.h.t.HelmChartContainer - [K3S] [reconciler_common.go:299] "Volume detached for volume \"ese-file-realm\" (UniqueName: \"kubernetes.io/configmap/9414e86d-d582-487c-a39b-8d03ba828827-ese-file-realm\") on node \"06a12a63912a\" DevicePath \"\""
2025-01-29 14:00:09,789 INFO c.h.h.t.HelmChartContainer - [K3S] [reconciler_common.go:299] "Volume detached for volume \"pod-info\" (UniqueName: \"kubernetes.io/configmap/9414e86d-d582-487c-a39b-8d03ba828827-pod-info\") on node \"06a12a63912a\" DevicePath \"\""
2025-01-29 14:00:09,889 INFO c.h.h.t.HelmChartContainer - [K3S] [reconciler_common.go:299] "Volume detached for volume \"pvc-306f8171-a687-4a71-91e0-11db8ecea096\" (UniqueName: \"kubernetes.io/local-volume/pvc-306f8171-a687-4a71-91e0-11db8ecea096\") on node \"06a12a63912a\" DevicePath \"\""
2025-01-29 14:00:10,084 INFO c.h.h.t.HelmChartContainer - [K3S] [scope.go:117] "RemoveContainer" containerID="a89201b65c59e467e057f9b20364ad5e85ce8498e54de1cd874f8213b5891c7d"
2025-01-29 14:00:10,090 INFO c.h.h.t.HelmChartContainer - [K3S] [scope.go:117] "RemoveContainer" containerID="94c8dbc2c40987d05573ef4fde92a825bfa3fccf65742821f3530ee56a6623cf"
2025-01-29 14:00:10,093 INFO c.h.h.t.HelmChartContainer - [K3S] [scope.go:117] "RemoveContainer" containerID="a89201b65c59e467e057f9b20364ad5e85ce8498e54de1cd874f8213b5891c7d"
2025-01-29 14:00:10,094 INFO c.h.h.t.HelmChartContainer - [K3S] [scope.go:117] "RemoveContainer" containerID="94c8dbc2c40987d05573ef4fde92a825bfa3fccf65742821f3530ee56a6623cf"
2025-01-29 14:00:10,102 INFO c.h.h.t.HelmChartContainer - [POD] test-hivemq-legacy-platform-0 [9414e86d-d582-487c-a39b-8d03ba828827] in helmlegacystatefulsetmigrationit-operator was MODIFIED
2025-01-29 14:00:10,105 INFO c.h.h.t.HelmChartContainer - [POD] test-hivemq-legacy-platform-0 [9414e86d-d582-487c-a39b-8d03ba828827] in helmlegacystatefulsetmigrationit-operator was DELETED
2025-01-29 14:00:10,126 INFO c.h.h.t.HelmChartContainer - [POD] helper-pod-delete-pvc-306f8171-a687-4a71-91e0-11db8ecea096 [a3d059b2-2a5d-4273-a3e7-cd6824762c50] in kube-system was ADDED
2025-01-29 14:00:10,127 INFO c.h.h.t.HelmChartContainer - [K3S] [memory_manager.go:355] "RemoveStaleState removing state" podUID="24379367-0d55-4608-aeb5-623139ea588a" containerName="operator"
2025-01-29 14:00:10,128 INFO c.h.h.t.HelmChartContainer - [K3S] [memory_manager.go:355] "RemoveStaleState removing state" podUID="9414e86d-d582-487c-a39b-8d03ba828827" containerName="hivemq"
2025-01-29 14:00:10,138 INFO c.h.h.t.HelmChartContainer - [POD] helper-pod-delete-pvc-306f8171-a687-4a71-91e0-11db8ecea096 [a3d059b2-2a5d-4273-a3e7-cd6824762c50] in kube-system was MODIFIED
2025-01-29 14:00:10,180 INFO c.h.h.t.HelmChartContainer - [POD] helper-pod-delete-pvc-b2b631d1-2164-4f71-af39-8aba82aaa4f0 [5f03edb6-e6f8-4fa3-b9f7-ef7e3580c49d] in kube-system was MODIFIED
2025-01-29 14:00:10,191 INFO c.h.h.t.HelmChartContainer - [K3S] [reconciler_common.go:251] "operationExecutor.VerifyControllerAttachedVolume started for volume \"data\" (UniqueName: \"kubernetes.io/host-path/a3d059b2-2a5d-4273-a3e7-cd6824762c50-data\") pod \"helper-pod-delete-pvc-306f8171-a687-4a71-91e0-11db8ecea096\" (UID: \"a3d059b2-2a5d-4273-a3e7-cd6824762c50\") " pod="kube-system/helper-pod-delete-pvc-306f8171-a687-4a71-91e0-11db8ecea096"
2025-01-29 14:00:10,191 INFO c.h.h.t.HelmChartContainer - [K3S] [reconciler_common.go:251] "operationExecutor.VerifyControllerAttachedVolume started for volume \"script\" (UniqueName: \"kubernetes.io/configmap/a3d059b2-2a5d-4273-a3e7-cd6824762c50-script\") pod \"helper-pod-delete-pvc-306f8171-a687-4a71-91e0-11db8ecea096\" (UID: \"a3d059b2-2a5d-4273-a3e7-cd6824762c50\") " pod="kube-system/helper-pod-delete-pvc-306f8171-a687-4a71-91e0-11db8ecea096"
2025-01-29 14:00:10,191 INFO c.h.h.t.HelmChartContainer - [K3S] [reconciler_common.go:251] "operationExecutor.VerifyControllerAttachedVolume started for volume \"kube-api-access-dq9tq\" (UniqueName: \"kubernetes.io/projected/a3d059b2-2a5d-4273-a3e7-cd6824762c50-kube-api-access-dq9tq\") pod \"helper-pod-delete-pvc-306f8171-a687-4a71-91e0-11db8ecea096\" (UID: \"a3d059b2-2a5d-4273-a3e7-cd6824762c50\") " pod="kube-system/helper-pod-delete-pvc-306f8171-a687-4a71-91e0-11db8ecea096"
2025-01-29 14:00:10,292 INFO c.h.h.t.HelmChartContainer - [K3S] [reconciler_common.go:162] "operationExecutor.UnmountVolume started for volume \"kube-api-access-t62v8\" (UniqueName: \"kubernetes.io/projected/5f03edb6-e6f8-4fa3-b9f7-ef7e3580c49d-kube-api-access-t62v8\") pod \"5f03edb6-e6f8-4fa3-b9f7-ef7e3580c49d\" (UID: \"5f03edb6-e6f8-4fa3-b9f7-ef7e3580c49d\") "
2025-01-29 14:00:10,292 INFO c.h.h.t.HelmChartContainer - [K3S] [reconciler_common.go:162] "operationExecutor.UnmountVolume started for volume \"script\" (UniqueName: \"kubernetes.io/configmap/5f03edb6-e6f8-4fa3-b9f7-ef7e3580c49d-script\") pod \"5f03edb6-e6f8-4fa3-b9f7-ef7e3580c49d\" (UID: \"5f03edb6-e6f8-4fa3-b9f7-ef7e3580c49d\") "
2025-01-29 14:00:10,292 INFO c.h.h.t.HelmChartContainer - [K3S] [reconciler_common.go:162] "operationExecutor.UnmountVolume started for volume \"data\" (UniqueName: \"kubernetes.io/host-path/5f03edb6-e6f8-4fa3-b9f7-ef7e3580c49d-data\") pod \"5f03edb6-e6f8-4fa3-b9f7-ef7e3580c49d\" (UID: \"5f03edb6-e6f8-4fa3-b9f7-ef7e3580c49d\") "
2025-01-29 14:00:10,392 INFO c.h.h.t.HelmChartContainer - [K3S] [reconciler_common.go:299] "Volume detached for volume \"script\" (UniqueName: \"kubernetes.io/configmap/5f03edb6-e6f8-4fa3-b9f7-ef7e3580c49d-script\") on node \"06a12a63912a\" DevicePath \"\""
2025-01-29 14:00:10,392 INFO c.h.h.t.HelmChartContainer - [K3S] [reconciler_common.go:299] "Volume detached for volume \"kube-api-access-t62v8\" (UniqueName: \"kubernetes.io/projected/5f03edb6-e6f8-4fa3-b9f7-ef7e3580c49d-kube-api-access-t62v8\") on node \"06a12a63912a\" DevicePath \"\""
2025-01-29 14:00:10,392 INFO c.h.h.t.HelmChartContainer - [K3S] [reconciler_common.go:299] "Volume detached for volume \"data\" (UniqueName: \"kubernetes.io/host-path/5f03edb6-e6f8-4fa3-b9f7-ef7e3580c49d-data\") on node \"06a12a63912a\" DevicePath \"\""
2025-01-29 14:00:10,747 INFO c.h.h.t.HelmChartContainer - [POD] helper-pod-delete-pvc-b2b631d1-2164-4f71-af39-8aba82aaa4f0 [5f03edb6-e6f8-4fa3-b9f7-ef7e3580c49d] in kube-system was MODIFIED
2025-01-29 14:00:10,751 INFO c.h.h.t.HelmChartContainer - [POD] helper-pod-delete-pvc-b2b631d1-2164-4f71-af39-8aba82aaa4f0 [5f03edb6-e6f8-4fa3-b9f7-ef7e3580c49d] in kube-system was DELETED
2025-01-29 14:00:11,088 INFO c.h.h.t.HelmChartContainer - [K3S] [pod_container_deletor.go:80] "Container not found in pod's containers" containerID="623e2df5e264caa0bf3e9a0a0bf15fede0ee614c4472b929cabdaaa9032796ce"
2025-01-29 14:00:11,097 INFO c.h.h.t.HelmChartContainer - [POD] helper-pod-delete-pvc-306f8171-a687-4a71-91e0-11db8ecea096 [a3d059b2-2a5d-4273-a3e7-cd6824762c50] in kube-system was MODIFIED
2025-01-29 14:00:11,098 INFO c.h.h.t.HelmChartContainer - [K3S] [status_manager.go:890] "Failed to get status for pod" podUID="5f03edb6-e6f8-4fa3-b9f7-ef7e3580c49d" pod="kube-system/helper-pod-delete-pvc-b2b631d1-2164-4f71-af39-8aba82aaa4f0" err="pods \"helper-pod-delete-pvc-b2b631d1-2164-4f71-af39-8aba82aaa4f0\" is forbidden: User \"system:node:06a12a63912a\" cannot get resource \"pods\" in API group \"\" in the namespace \"kube-system\": no relationship found between node '06a12a63912a' and this object"
2025-01-29 14:00:11,463 INFO c.h.h.t.HelmChartContainer - [K3S] [kubelet_volumes.go:163] "Cleaned up orphaned pod volumes dir" podUID="5f03edb6-e6f8-4fa3-b9f7-ef7e3580c49d" path="/var/lib/kubelet/pods/5f03edb6-e6f8-4fa3-b9f7-ef7e3580c49d/volumes"
2025-01-29 14:00:11,464 INFO c.h.h.t.HelmChartContainer - [K3S] [kubelet_volumes.go:163] "Cleaned up orphaned pod volumes dir" podUID="9414e86d-d582-487c-a39b-8d03ba828827" path="/var/lib/kubelet/pods/9414e86d-d582-487c-a39b-8d03ba828827/volumes"
2025-01-29 14:00:12,166 INFO c.h.h.t.HelmChartContainer - [POD] helper-pod-delete-pvc-306f8171-a687-4a71-91e0-11db8ecea096 [a3d059b2-2a5d-4273-a3e7-cd6824762c50] in kube-system was MODIFIED
2025-01-29 14:00:12,203 INFO c.h.h.t.HelmChartContainer - [K3S] [reconciler_common.go:162] "operationExecutor.UnmountVolume started for volume \"kube-api-access-dq9tq\" (UniqueName: \"kubernetes.io/projected/a3d059b2-2a5d-4273-a3e7-cd6824762c50-kube-api-access-dq9tq\") pod \"a3d059b2-2a5d-4273-a3e7-cd6824762c50\" (UID: \"a3d059b2-2a5d-4273-a3e7-cd6824762c50\") "
2025-01-29 14:00:12,203 INFO c.h.h.t.HelmChartContainer - [K3S] [reconciler_common.go:162] "operationExecutor.UnmountVolume started for volume \"script\" (UniqueName: \"kubernetes.io/configmap/a3d059b2-2a5d-4273-a3e7-cd6824762c50-script\") pod \"a3d059b2-2a5d-4273-a3e7-cd6824762c50\" (UID: \"a3d059b2-2a5d-4273-a3e7-cd6824762c50\") "
2025-01-29 14:00:12,203 INFO c.h.h.t.HelmChartContainer - [K3S] [reconciler_common.go:162] "operationExecutor.UnmountVolume started for volume \"data\" (UniqueName: \"kubernetes.io/host-path/a3d059b2-2a5d-4273-a3e7-cd6824762c50-data\") pod \"a3d059b2-2a5d-4273-a3e7-cd6824762c50\" (UID: \"a3d059b2-2a5d-4273-a3e7-cd6824762c50\") "
2025-01-29 14:00:12,303 INFO c.h.h.t.HelmChartContainer - [K3S] [reconciler_common.go:299] "Volume detached for volume \"data\" (UniqueName: \"kubernetes.io/host-path/a3d059b2-2a5d-4273-a3e7-cd6824762c50-data\") on node \"06a12a63912a\" DevicePath \"\""
2025-01-29 14:00:12,303 INFO c.h.h.t.HelmChartContainer - [K3S] [reconciler_common.go:299] "Volume detached for volume \"kube-api-access-dq9tq\" (UniqueName: \"kubernetes.io/projected/a3d059b2-2a5d-4273-a3e7-cd6824762c50-kube-api-access-dq9tq\") on node \"06a12a63912a\" DevicePath \"\""
2025-01-29 14:00:12,303 INFO c.h.h.t.HelmChartContainer - [K3S] [reconciler_common.go:299] "Volume detached for volume \"script\" (UniqueName: \"kubernetes.io/configmap/a3d059b2-2a5d-4273-a3e7-cd6824762c50-script\") on node \"06a12a63912a\" DevicePath \"\""
2025-01-29 14:00:12,992 INFO c.h.h.t.HelmChartContainer - Namespace 'helmlegacystatefulsetmigrationit-operator' deleted
2025-01-29 14:00:12,992 INFO c.h.h.t.HelmChartContainer - Release 'test-hivemq-platform-operator' in namespace 'helmlegacystatefulsetmigrationit-operator' is uninstalled
2025-01-29 14:00:13,093 INFO c.h.h.t.HelmChartContainer - [K3S] [pod_container_deletor.go:80] "Container not found in pod's containers" containerID="a2914de345c361379ddb32079c6896aeab9562cae34f4bb277d86c4287ed6ccf"
2025-01-29 14:00:13,153 INFO c.h.h.t.HelmChartContainer - [POD] helper-pod-delete-pvc-306f8171-a687-4a71-91e0-11db8ecea096 [a3d059b2-2a5d-4273-a3e7-cd6824762c50] in kube-system was MODIFIED
2025-01-29 14:00:13,156 INFO c.h.h.t.HelmChartContainer - [POD] helper-pod-delete-pvc-306f8171-a687-4a71-91e0-11db8ecea096 [a3d059b2-2a5d-4273-a3e7-cd6824762c50] in kube-system was DELETED
2025-01-29 14:00:13,463 INFO c.h.h.t.HelmChartContainer - [K3S] [kubelet_volumes.go:163] "Cleaned up orphaned pod volumes dir" podUID="a3d059b2-2a5d-4273-a3e7-cd6824762c50" path="/var/lib/kubelet/pods/a3d059b2-2a5d-4273-a3e7-cd6824762c50/volumes"
2025-01-29 14:00:14,234 INFO c.h.helmcharts.AbstractHelmChartIT - Removed unused containers:

2025-01-29 14:00:17,956 INFO c.h.h.t.HelmChartContainer - [K3S] [namespace_controller.go:187] "Namespace has been deleted" namespace="helmlegacystatefulsetmigrationit-operator"
2025-01-29 14:00:26,639 INFO c.h.helmcharts.AbstractHelmChartIT - Removed unused snapshots:
Removing snapshot sha256:03af251906410714c5aef9fa705b63f6bbc39c4a5e787de7361eeb18886c2ed2
Removing snapshot sha256:0c46b3b43cce082ce5ec34ffc6c294e0417d17b9d1e6f366d114b6aadc4f96dc
Removing snapshot sha256:0ce761beee59082d6ed5bcebd3a805b8ddd9b3426b617e4809e7fb7c6587ffec
Removing snapshot sha256:0df91287303208332c8ff6ba40ae4710105201739addbfbddfb955f1ad593664
Removing snapshot sha256:1021ef88c7974bfff89c5a0ec4fd3160daac6c48a075f74cff721f85dd104e68
Removing snapshot sha256:10aba4953ddc18145dd38e3704709bc464aa20af60b56fe52caaff4b68411e62
Removing snapshot sha256:1d5cf3e3eb812061f06c49abff02b68d81953942566ded85fcc9c1f47b13186a
Removing snapshot sha256:1ef30d1265d9aeef8039c06874b5c706b457a04d10f787949da2846a7fbe5fe4
Removing snapshot sha256:202fe64c3ce39b94d8beda7d7506ccdfcf7a59f02f17c915078e4c62b5c2ed11
Removing snapshot sha256:211719a067844f37d3a87d652081adb4e1dbe1f0369a0f74bbfa03ea6a491a25
Removing snapshot sha256:24159a7fcc265e27ce90b7e2af0a37a176cf9689be7496d6654efa8cacd3db13
Removing snapshot sha256:2573e0d8158209ed54ab25c87bcdcb00bd3d2539246960a3d592a1c599d70465
Removing snapshot sha256:2944c0692f0b3f4c958b09e4bf315ac3616ed274898af04494fcd963a879bca5
Removing snapshot sha256:29ca722de2d10e44fb7779bcc47bffeaa4b29534f98dd1defe69cb1a08f94721
Removing snapshot sha256:310c61cc983be7b5dfaf552c80a87d1989e9da7ec32068a247fa2ce92714f45b
Removing snapshot sha256:362a8a37f8bbc31925a8146adcf7cf51f9882f5c1dcbef67c5baa03a297543c0
Removing snapshot sha256:3fa4ad33f0ddc8fd45b39b6b4640f82a3a83619606cd975bfe89d8710ad2d4cd
Removing snapshot sha256:43a7c979bbaba6838bc3102d6b10a1459f3ab050b87ccdfef84ef90cf43d3058
Removing snapshot sha256:4ab04491cdf0d3267f08206fe30bd48f49f94b9cab2f016d6739220f722a64af
Removing snapshot sha256:4b6068250e89c96f263060261819c7d912855bfbd64b3eb4c4a8483299b8c295
Removing snapshot sha256:580e69a0a8034ede1921139bbd2bfb72a69ebf276d008281896c32dd8bf74775
Removing snapshot sha256:595756d28ed36d6b35bc20c2f5cde24d9d5d3529fd9f0e72578c5dcc714a6670
Removing snapshot sha256:59654b79daad74c77dc2e28502ca577ba8ce73276720002234a23fc60ee92692
Removing snapshot sha256:5a3228bf75a16fc5ec5b3d4ca301ab7ef2ca3bc2a3e8bf0a02733adfe43e5980
Removing snapshot sha256:5d30ba46b27fe37484567ccc5242cadc78217b8da605f3f195ef25cbf7487904
Removing snapshot sha256:63ca1fbb43ae5034640e5e6cb3e083e05c290072c5366fcaa9d62435a4cced85
Removing snapshot sha256:66140dc7271ceb0a9b5e521509e7d96b916d4182681f723881bfae89675de7f6
Removing snapshot sha256:67f702c6baae873bceb19487c8b1f27bd2b86077e4f2f0e480e6d60ab508b8f5
Removing snapshot sha256:6864348dd42806d552efdec384f1274be15e2d0c10ce44c1f04347af004c10a9
Removing snapshot sha256:6c7dee8f2c39b84b7dc2711c01d33de93514d9055499173e9290176fbe484b6c
Removing snapshot sha256:82753493a6d61ded36556292f02f31841a14c20d2f279f19eaad65afb661d5cd
Removing snapshot sha256:84e1a755f007b73ee24c1c8955818471b986436582ec3b3f6a0a899bea373917
Removing snapshot sha256:88a4f2b4e848c6ff3e0f73237167d14e8a1e66f78dc614fb13634e6afc3243b8
Removing snapshot sha256:8a10d3db42c505ee0fcfa98417bdd7e39b304f6bcc0a06bb1b220797ff2cc63c
Removing snapshot sha256:8bd9d778dd3aef4d3b4c77ee426be03092ca88acfd9bcf279d0631dd96d6df44
Removing snapshot sha256:8d0525d6afb8a8b5d1ea6cd936cc26682368a2535ade71e6dd8d8695ab2b0c69
Removing snapshot sha256:8eed3c0b435850e9a00be0139a9a847ca108037e5fa832424a4e194c78ba59c4
Removing snapshot sha256:9b6f048201798a9c57b6316cb427a1e0aeb399d74aa15ca9e1519e77e2a2269e
Removing snapshot sha256:a21e5b12dbac529ad45d976eb9ce45c881f3bedcc500fb30aba1e52aa1813418
Removing snapshot sha256:ab252baf4e5de5aaea9ee70236e159dbf16fd0a2394f5e27a579881aadfd4f49
Removing snapshot sha256:b921e6c28969094157f9b8e7244677780319637afd14450b7cb6b2fdea558a0c
Removing snapshot sha256:bb15cd8b3dc7216c815ebfe5c6f9117f0ed1a78426f6bbc69b702d898dec8bae
Removing snapshot sha256:bc27ecb5769a00e309cf99ebc763c4a4b958b618d1decc96ffac5bc05f02f5b7
Removing snapshot sha256:be3ccb6627a5332e309d45ef461d09b4879dd870c7394d89323d0ebc6ca6aa8a
Removing snapshot sha256:c0c5b7491e705290b7ad3cce5c420f88ca1c74090e2726894a1baef025c52f43
Removing snapshot sha256:c261f7cbbc64211ee175ee47273acdb7b1a36a4450b397a064a8f2c026490095
Removing snapshot sha256:c34d9393647eea0c9e3557ab988efaf59f61d10a2a5613b439ef0958cca5ec10
Removing snapshot sha256:c4d5383ee8eaca294a64b01d37df59eac0a3e2a9779e67c450767218d0c4b36a
Removing snapshot sha256:ccf3c4a0fa967a41c1c83497a2ce6fa5787965859df0adb32c4ca2cf7490bc2b
Removing snapshot sha256:cf92d33f869417309692088c341cd0f223c178ea78a125f757317b22aa8f90e9
Removing snapshot sha256:d0037344cf2fb078884f1849f6a1f8cf9a33a3b6139b6a85833e5ee528e1f9a8
Removing snapshot sha256:d3b36d5b79273b1e98e7700470eaeff05a882e777124d84cebcc1505b85ecb36
Removing snapshot sha256:d65a44a37914602d12c611e5e22a50f11451d847e63015cc1c2aef92dee777a4
Removing snapshot sha256:d933c5f7d93a7a4196b76b559685f889b7b388041ac839bb7e19f6495750c4ef
Removing snapshot sha256:e2dc0bae2455930f23ae570e019b7f32edc75c0f2d71cab084db837ff9051796
Removing snapshot sha256:e31519795c7e3df686c447a21ec8d2eb301388a5e39ccf7f20a25c6f6ce3a522
Removing snapshot sha256:e4f954326774f256e539cb77d7b760593e89bbc63ca7a5ee0814ba1906135a09
Removing snapshot sha256:e9e86ed11d9bebc0707dd6f1166c51237ebb44f98657241f943261b2675a5449
Removing snapshot sha256:eabc2b3c5c963907b3f557933a60ab243515007cd7c28ba909692f5627b3bd32
Removing snapshot sha256:ecbf3b59a2be12efa647dc6cafe74dc73897de364be1037d9f880482d1ce011f
Removing snapshot sha256:eccbd24a99c60cd9e86ee5305dbfc4a4dc89f5ab4fb1f06c8d64797cecedef34
Removing snapshot sha256:edd1404c718ab99ca3456bdf222065033800bb67d4334a9642746685a24394cd
Removing snapshot sha256:f144bb4c7c7f0d2aa7eeffd36d934ec40db1ee167be727e326aad9fdc616f475
Removing snapshot sha256:ff3d1afd12e9b5642bc649cf82e7302d95c47a7a41fdfb3f34b284058e6b2790

2025-01-29 14:00:26,639 WARN c.h.helmcharts.AbstractHelmChartIT - Error during removal of snapshots:
ctr: failed to remove "sha256:03af251906410714c5aef9fa705b63f6bbc39c4a5e787de7361eeb18886c2ed2": cannot remove snapshot with child: failed precondition
ctr: failed to remove "sha256:0c46b3b43cce082ce5ec34ffc6c294e0417d17b9d1e6f366d114b6aadc4f96dc": cannot remove snapshot with child: failed precondition
ctr: failed to remove "sha256:0ce761beee59082d6ed5bcebd3a805b8ddd9b3426b617e4809e7fb7c6587ffec": cannot remove snapshot with child: failed precondition
ctr: failed to remove "sha256:0df91287303208332c8ff6ba40ae4710105201739addbfbddfb955f1ad593664": cannot remove snapshot with child: failed precondition
ctr: failed to remove "sha256:1021ef88c7974bfff89c5a0ec4fd3160daac6c48a075f74cff721f85dd104e68": cannot remove snapshot with child: failed precondition
ctr: failed to remove "sha256:10aba4953ddc18145dd38e3704709bc464aa20af60b56fe52caaff4b68411e62": cannot remove snapshot with child: failed precondition
ctr: failed to remove "sha256:1d5cf3e3eb812061f06c49abff02b68d81953942566ded85fcc9c1f47b13186a": cannot remove snapshot with child: failed precondition
ctr: failed to remove "sha256:202fe64c3ce39b94d8beda7d7506ccdfcf7a59f02f17c915078e4c62b5c2ed11": cannot remove snapshot with child: failed precondition
ctr: failed to remove "sha256:211719a067844f37d3a87d652081adb4e1dbe1f0369a0f74bbfa03ea6a491a25": cannot remove snapshot with child: failed precondition
ctr: failed to remove "sha256:2573e0d8158209ed54ab25c87bcdcb00bd3d2539246960a3d592a1c599d70465": cannot remove snapshot with child: failed precondition
ctr: failed to remove "sha256:2944c0692f0b3f4c958b09e4bf315ac3616ed274898af04494fcd963a879bca5": cannot remove snapshot with child: failed precondition
ctr: failed to remove "sha256:29ca722de2d10e44fb7779bcc47bffeaa4b29534f98dd1defe69cb1a08f94721": cannot remove snapshot with child: failed precondition
ctr: failed to remove "sha256:310c61cc983be7b5dfaf552c80a87d1989e9da7ec32068a247fa2ce92714f45b": cannot remove snapshot with child: failed precondition
ctr: failed to remove "sha256:362a8a37f8bbc31925a8146adcf7cf51f9882f5c1dcbef67c5baa03a297543c0": cannot remove snapshot with child: failed precondition
ctr: failed to remove "sha256:3fa4ad33f0ddc8fd45b39b6b4640f82a3a83619606cd975bfe89d8710ad2d4cd": cannot remove snapshot with child: failed precondition
ctr: failed to remove "sha256:43a7c979bbaba6838bc3102d6b10a1459f3ab050b87ccdfef84ef90cf43d3058": cannot remove snapshot with child: failed precondition
ctr: failed to remove "sha256:4ab04491cdf0d3267f08206fe30bd48f49f94b9cab2f016d6739220f722a64af": cannot remove snapshot with child: failed precondition
ctr: failed to remove "sha256:4b6068250e89c96f263060261819c7d912855bfbd64b3eb4c4a8483299b8c295": cannot remove snapshot with child: failed precondition
ctr: failed to remove "sha256:580e69a0a8034ede1921139bbd2bfb72a69ebf276d008281896c32dd8bf74775": cannot remove snapshot with child: failed precondition
ctr: failed to remove "sha256:5a3228bf75a16fc5ec5b3d4ca301ab7ef2ca3bc2a3e8bf0a02733adfe43e5980": cannot remove snapshot with child: failed precondition
ctr: failed to remove "sha256:5d30ba46b27fe37484567ccc5242cadc78217b8da605f3f195ef25cbf7487904": cannot remove snapshot with child: failed precondition
ctr: failed to remove "sha256:63ca1fbb43ae5034640e5e6cb3e083e05c290072c5366fcaa9d62435a4cced85": cannot remove snapshot with child: failed precondition
ctr: failed to remove "sha256:66140dc7271ceb0a9b5e521509e7d96b916d4182681f723881bfae89675de7f6": cannot remove snapshot with child: failed precondition
ctr: failed to remove "sha256:67f702c6baae873bceb19487c8b1f27bd2b86077e4f2f0e480e6d60ab508b8f5": cannot remove snapshot with child: failed precondition
ctr: failed to remove "sha256:6864348dd42806d552efdec384f1274be15e2d0c10ce44c1f04347af004c10a9": cannot remove snapshot with child: failed precondition
ctr: failed to remove "sha256:6c7dee8f2c39b84b7dc2711c01d33de93514d9055499173e9290176fbe484b6c": cannot remove snapshot with child: failed precondition
ctr: failed to remove "sha256:82753493a6d61ded36556292f02f31841a14c20d2f279f19eaad65afb661d5cd": cannot remove snapshot with child: failed precondition
ctr: failed to remove "sha256:84e1a755f007b73ee24c1c8955818471b986436582ec3b3f6a0a899bea373917": cannot remove snapshot with child: failed precondition
ctr: failed to remove "sha256:8a10d3db42c505ee0fcfa98417bdd7e39b304f6bcc0a06bb1b220797ff2cc63c": cannot remove snapshot with child: failed precondition
ctr: failed to remove "sha256:8bd9d778dd3aef4d3b4c77ee426be03092ca88acfd9bcf279d0631dd96d6df44": cannot remove snapshot with child: failed precondition
ctr: failed to remove "sha256:8d0525d6afb8a8b5d1ea6cd936cc26682368a2535ade71e6dd8d8695ab2b0c69": cannot remove snapshot with child: failed precondition
ctr: failed to remove "sha256:8eed3c0b435850e9a00be0139a9a847ca108037e5fa832424a4e194c78ba59c4": cannot remove snapshot with child: failed precondition
ctr: failed to remove "sha256:9b6f048201798a9c57b6316cb427a1e0aeb399d74aa15ca9e1519e77e2a2269e": cannot remove snapshot with child: failed precondition
ctr: failed to remove "sha256:a21e5b12dbac529ad45d976eb9ce45c881f3bedcc500fb30aba1e52aa1813418": cannot remove snapshot with child: failed precondition
ctr: failed to remove "sha256:ab252baf4e5de5aaea9ee70236e159dbf16fd0a2394f5e27a579881aadfd4f49": cannot remove snapshot with child: failed precondition
ctr: failed to remove "sha256:b921e6c28969094157f9b8e7244677780319637afd14450b7cb6b2fdea558a0c": cannot remove snapshot with child: failed precondition
ctr: failed to remove "sha256:bc27ecb5769a00e309cf99ebc763c4a4b958b618d1decc96ffac5bc05f02f5b7": cannot remove snapshot with child: failed precondition
ctr: failed to remove "sha256:be3ccb6627a5332e309d45ef461d09b4879dd870c7394d89323d0ebc6ca6aa8a": cannot remove snapshot with child: failed precondition
ctr: failed to remove "sha256:c0c5b7491e705290b7ad3cce5c420f88ca1c74090e2726894a1baef025c52f43": cannot remove snapshot with child: failed precondition
ctr: failed to remove "sha256:c261f7cbbc64211ee175ee47273acdb7b1a36a4450b397a064a8f2c026490095": cannot remove snapshot with child: failed precondition
ctr: failed to remove "sha256:c34d9393647eea0c9e3557ab988efaf59f61d10a2a5613b439ef0958cca5ec10": cannot remove snapshot with child: failed precondition
ctr: failed to remove "sha256:c4d5383ee8eaca294a64b01d37df59eac0a3e2a9779e67c450767218d0c4b36a": cannot remove snapshot with child: failed precondition
ctr: failed to remove "sha256:ccf3c4a0fa967a41c1c83497a2ce6fa5787965859df0adb32c4ca2cf7490bc2b": cannot remove snapshot with child: failed precondition
ctr: failed to remove "sha256:cf92d33f869417309692088c341cd0f223c178ea78a125f757317b22aa8f90e9": cannot remove snapshot with child: failed precondition
ctr: failed to remove "sha256:d0037344cf2fb078884f1849f6a1f8cf9a33a3b6139b6a85833e5ee528e1f9a8": cannot remove snapshot with child: failed precondition
ctr: failed to remove "sha256:d3b36d5b79273b1e98e7700470eaeff05a882e777124d84cebcc1505b85ecb36": cannot remove snapshot with child: failed precondition
ctr: failed to remove "sha256:d65a44a37914602d12c611e5e22a50f11451d847e63015cc1c2aef92dee777a4": cannot remove snapshot with child: failed precondition
ctr: failed to remove "sha256:d933c5f7d93a7a4196b76b559685f889b7b388041ac839bb7e19f6495750c4ef": cannot remove snapshot with child: failed precondition
ctr: failed to remove "sha256:e2dc0bae2455930f23ae570e019b7f32edc75c0f2d71cab084db837ff9051796": cannot remove snapshot with child: failed precondition
ctr: failed to remove "sha256:e31519795c7e3df686c447a21ec8d2eb301388a5e39ccf7f20a25c6f6ce3a522": cannot remove snapshot with child: failed precondition
ctr: failed to remove "sha256:e4f954326774f256e539cb77d7b760593e89bbc63ca7a5ee0814ba1906135a09": cannot remove snapshot with child: failed precondition
ctr: failed to remove "sha256:e9e86ed11d9bebc0707dd6f1166c51237ebb44f98657241f943261b2675a5449": cannot remove snapshot with child: failed precondition
ctr: failed to remove "sha256:eabc2b3c5c963907b3f557933a60ab243515007cd7c28ba909692f5627b3bd32": cannot remove snapshot with child: failed precondition
ctr: failed to remove "sha256:ecbf3b59a2be12efa647dc6cafe74dc73897de364be1037d9f880482d1ce011f": cannot remove snapshot with child: failed precondition
ctr: failed to remove "sha256:eccbd24a99c60cd9e86ee5305dbfc4a4dc89f5ab4fb1f06c8d64797cecedef34": cannot remove snapshot with child: failed precondition
ctr: failed to remove "sha256:edd1404c718ab99ca3456bdf222065033800bb67d4334a9642746685a24394cd": cannot remove snapshot with child: failed precondition
ctr: failed to remove "sha256:f144bb4c7c7f0d2aa7eeffd36d934ec40db1ee167be727e326aad9fdc616f475": cannot remove snapshot with child: failed precondition
ctr: failed to remove "sha256:ff3d1afd12e9b5642bc649cf82e7302d95c47a7a41fdfb3f34b284058e6b2790": cannot remove snapshot with child: failed precondition

]]></system-out>
  </testcase>
  <system-out><![CDATA[2025-01-29 13:53:57,543 INFO o.testcontainers.images.PullPolicy - Image pull policy will be performed by: DefaultPullPolicy()
2025-01-29 13:53:57,549 INFO o.t.utility.ImageNameSubstitutor - Image name substitution will be performed by: DefaultImageNameSubstitutor (composite of 'ConfigurationFileImageNameSubstitutor' and 'PrefixingImageNameSubstitutor')
2025-01-29 13:53:57,562 INFO o.testcontainers.DockerClientFactory - Testcontainers version: 1.20.4
2025-01-29 13:53:57,990 INFO o.t.d.DockerClientProviderStrategy - Found Docker environment with local Unix socket (unix:///var/run/docker.sock)
2025-01-29 13:53:57,999 INFO o.testcontainers.DockerClientFactory - Docker host IP address is localhost
2025-01-29 13:53:58,014 INFO o.testcontainers.DockerClientFactory - Connected to docker: 
  Server Version: 26.1.3
  API Version: 1.45
  Operating System: Ubuntu 24.04.1 LTS
  Total Memory: 15990 MB
2025-01-29 13:53:58,041 INFO tc.testcontainers/ryuk:0.11.0 - Pulling docker image: testcontainers/ryuk:0.11.0. Please be patient; this may take some time but only needs to be done once.
2025-01-29 13:53:58,281 INFO tc.testcontainers/ryuk:0.11.0 - Starting to pull image
2025-01-29 13:53:58,297 INFO tc.testcontainers/ryuk:0.11.0 - Pulling image layers:  0 pending,  0 downloaded,  0 extracted, (0 bytes/0 bytes)
2025-01-29 13:53:58,471 INFO tc.testcontainers/ryuk:0.11.0 - Pulling image layers:  2 pending,  1 downloaded,  0 extracted, (116 KB/? MB)
2025-01-29 13:53:58,478 INFO tc.testcontainers/ryuk:0.11.0 - Pulling image layers:  1 pending,  2 downloaded,  0 extracted, (116 KB/? MB)
2025-01-29 13:53:58,577 INFO tc.testcontainers/ryuk:0.11.0 - Pulling image layers:  1 pending,  2 downloaded,  1 extracted, (3 MB/? MB)
2025-01-29 13:53:58,715 INFO tc.testcontainers/ryuk:0.11.0 - Pulling image layers:  1 pending,  2 downloaded,  2 extracted, (4 MB/? MB)
2025-01-29 13:53:58,753 INFO tc.testcontainers/ryuk:0.11.0 - Pulling image layers:  1 pending,  2 downloaded,  3 extracted, (10 MB/? MB)
2025-01-29 13:53:58,761 INFO tc.testcontainers/ryuk:0.11.0 - Image testcontainers/ryuk:0.11.0 pull took PT0.720148671S
2025-01-29 13:53:58,783 INFO tc.testcontainers/ryuk:0.11.0 - Creating container for image: testcontainers/ryuk:0.11.0
2025-01-29 13:53:58,844 INFO tc.testcontainers/ryuk:0.11.0 - Container testcontainers/ryuk:0.11.0 is starting: 259f720eab9a87dd5ba45ee29334c3348d1830e120fe249f0145563e002b8872
2025-01-29 13:53:59,371 INFO tc.testcontainers/ryuk:0.11.0 - Container testcontainers/ryuk:0.11.0 started in PT0.587283814S
2025-01-29 13:53:59,375 INFO o.t.utility.RyukResourceReaper - Ryuk started - will monitor and terminate Testcontainers containers on JVM exit
2025-01-29 13:53:59,375 INFO o.testcontainers.DockerClientFactory - Checking the system...
2025-01-29 13:53:59,375 INFO o.testcontainers.DockerClientFactory - ✔︎ Docker server version should be at least 1.6.0
2025-01-29 13:53:59,602 INFO o.t.containers.SeleniumUtils - Selenium API version 4.28.1 detected on classpath
2025-01-29 13:53:59,613 INFO t.selenium/standalone-chrome:4.28.1 - Pulling docker image: selenium/standalone-chrome:4.28.1. Please be patient; this may take some time but only needs to be done once.
2025-01-29 13:53:59,793 INFO t.selenium/standalone-chrome:4.28.1 - Starting to pull image
2025-01-29 13:53:59,794 INFO t.selenium/standalone-chrome:4.28.1 - Pulling image layers:  0 pending,  0 downloaded,  0 extracted, (0 bytes/0 bytes)
2025-01-29 13:54:00,308 INFO t.selenium/standalone-chrome:4.28.1 - Pulling image layers: 32 pending,  1 downloaded,  0 extracted, (97 MB/? MB)
2025-01-29 13:54:00,404 INFO t.selenium/standalone-chrome:4.28.1 - Pulling image layers: 31 pending,  2 downloaded,  0 extracted, (107 MB/? MB)
2025-01-29 13:54:00,463 INFO t.selenium/standalone-chrome:4.28.1 - Pulling image layers: 30 pending,  3 downloaded,  0 extracted, (132 MB/? MB)
2025-01-29 13:54:00,516 INFO t.selenium/standalone-chrome:4.28.1 - Pulling image layers: 29 pending,  4 downloaded,  0 extracted, (132 MB/? MB)
2025-01-29 13:54:00,574 INFO t.selenium/standalone-chrome:4.28.1 - Pulling image layers: 28 pending,  5 downloaded,  0 extracted, (148 MB/? MB)
2025-01-29 13:54:00,636 INFO t.selenium/standalone-chrome:4.28.1 - Pulling image layers: 27 pending,  6 downloaded,  0 extracted, (157 MB/? MB)
2025-01-29 13:54:00,684 INFO t.selenium/standalone-chrome:4.28.1 - Pulling image layers: 26 pending,  7 downloaded,  0 extracted, (160 MB/? MB)
2025-01-29 13:54:00,824 INFO t.selenium/standalone-chrome:4.28.1 - Pulling image layers: 25 pending,  8 downloaded,  0 extracted, (179 MB/? MB)
2025-01-29 13:54:01,035 INFO t.selenium/standalone-chrome:4.28.1 - Pulling image layers: 24 pending,  9 downloaded,  0 extracted, (228 MB/? MB)
2025-01-29 13:54:01,135 INFO t.selenium/standalone-chrome:4.28.1 - Pulling image layers: 23 pending, 10 downloaded,  0 extracted, (243 MB/? MB)
2025-01-29 13:54:01,418 INFO t.selenium/standalone-chrome:4.28.1 - Pulling image layers: 23 pending, 10 downloaded,  1 extracted, (290 MB/? MB)
2025-01-29 13:54:01,486 INFO t.selenium/standalone-chrome:4.28.1 - Pulling image layers: 22 pending, 11 downloaded,  1 extracted, (294 MB/? MB)
2025-01-29 13:54:01,548 INFO t.selenium/standalone-chrome:4.28.1 - Pulling image layers: 21 pending, 12 downloaded,  1 extracted, (304 MB/? MB)
2025-01-29 13:54:01,726 INFO t.selenium/standalone-chrome:4.28.1 - Pulling image layers: 20 pending, 13 downloaded,  1 extracted, (346 MB/? MB)
2025-01-29 13:54:01,768 INFO t.selenium/standalone-chrome:4.28.1 - Pulling image layers: 19 pending, 14 downloaded,  1 extracted, (346 MB/? MB)
2025-01-29 13:54:02,086 INFO t.selenium/standalone-chrome:4.28.1 - Pulling image layers: 18 pending, 15 downloaded,  1 extracted, (431 MB/? MB)
2025-01-29 13:54:02,145 INFO t.selenium/standalone-chrome:4.28.1 - Pulling image layers: 17 pending, 16 downloaded,  1 extracted, (431 MB/? MB)
2025-01-29 13:54:02,227 INFO t.selenium/standalone-chrome:4.28.1 - Pulling image layers: 16 pending, 17 downloaded,  1 extracted, (440 MB/? MB)
2025-01-29 13:54:02,303 INFO t.selenium/standalone-chrome:4.28.1 - Pulling image layers: 15 pending, 18 downloaded,  1 extracted, (465 MB/? MB)
2025-01-29 13:54:02,345 INFO t.selenium/standalone-chrome:4.28.1 - Pulling image layers: 14 pending, 19 downloaded,  1 extracted, (465 MB/? MB)
2025-01-29 13:54:02,355 INFO t.selenium/standalone-chrome:4.28.1 - Pulling image layers: 13 pending, 20 downloaded,  1 extracted, (465 MB/? MB)
2025-01-29 13:54:02,400 INFO t.selenium/standalone-chrome:4.28.1 - Pulling image layers: 12 pending, 21 downloaded,  1 extracted, (474 MB/? MB)
2025-01-29 13:54:02,451 INFO t.selenium/standalone-chrome:4.28.1 - Pulling image layers: 11 pending, 22 downloaded,  1 extracted, (474 MB/? MB)
2025-01-29 13:54:02,817 INFO t.selenium/standalone-chrome:4.28.1 - Pulling image layers: 10 pending, 23 downloaded,  1 extracted, (564 MB/? MB)
2025-01-29 13:54:02,899 INFO t.selenium/standalone-chrome:4.28.1 - Pulling image layers:  9 pending, 24 downloaded,  1 extracted, (575 MB/? MB)
2025-01-29 13:54:02,972 INFO t.selenium/standalone-chrome:4.28.1 - Pulling image layers:  8 pending, 25 downloaded,  1 extracted, (592 MB/? MB)
2025-01-29 13:54:03,020 INFO t.selenium/standalone-chrome:4.28.1 - Pulling image layers:  7 pending, 26 downloaded,  1 extracted, (601 MB/? MB)
2025-01-29 13:54:03,092 INFO t.selenium/standalone-chrome:4.28.1 - Pulling image layers:  6 pending, 27 downloaded,  1 extracted, (605 MB/? MB)
2025-01-29 13:54:03,166 INFO t.selenium/standalone-chrome:4.28.1 - Pulling image layers:  5 pending, 28 downloaded,  1 extracted, (615 MB/? MB)
2025-01-29 13:54:03,243 INFO t.selenium/standalone-chrome:4.28.1 - Pulling image layers:  4 pending, 29 downloaded,  1 extracted, (626 MB/? MB)
2025-01-29 13:54:03,312 INFO t.selenium/standalone-chrome:4.28.1 - Pulling image layers:  3 pending, 30 downloaded,  1 extracted, (630 MB/? MB)
2025-01-29 13:54:03,383 INFO t.selenium/standalone-chrome:4.28.1 - Pulling image layers:  2 pending, 31 downloaded,  1 extracted, (641 MB/? MB)
2025-01-29 13:54:03,737 INFO t.selenium/standalone-chrome:4.28.1 - Pulling image layers:  1 pending, 32 downloaded,  1 extracted, (694 MB/? MB)
2025-01-29 13:54:03,813 INFO t.selenium/standalone-chrome:4.28.1 - Pulling image layers:  0 pending, 33 downloaded,  1 extracted, (705 MB/781 MB)
2025-01-29 13:54:06,370 INFO t.selenium/standalone-chrome:4.28.1 - Pulling image layers:  0 pending, 33 downloaded,  2 extracted, (715 MB/781 MB)
2025-01-29 13:54:07,464 INFO t.selenium/standalone-chrome:4.28.1 - Pulling image layers:  0 pending, 33 downloaded,  3 extracted, (722 MB/781 MB)
2025-01-29 13:54:07,478 INFO t.selenium/standalone-chrome:4.28.1 - Pulling image layers:  0 pending, 33 downloaded,  4 extracted, (722 MB/781 MB)
2025-01-29 13:54:07,490 INFO t.selenium/standalone-chrome:4.28.1 - Pulling image layers:  0 pending, 33 downloaded,  5 extracted, (722 MB/781 MB)
2025-01-29 13:54:07,502 INFO t.selenium/standalone-chrome:4.28.1 - Pulling image layers:  0 pending, 33 downloaded,  6 extracted, (722 MB/781 MB)
2025-01-29 13:54:07,511 INFO t.selenium/standalone-chrome:4.28.1 - Pulling image layers:  0 pending, 33 downloaded,  7 extracted, (722 MB/781 MB)
2025-01-29 13:54:07,521 INFO t.selenium/standalone-chrome:4.28.1 - Pulling image layers:  0 pending, 33 downloaded,  8 extracted, (722 MB/781 MB)
2025-01-29 13:54:07,533 INFO t.selenium/standalone-chrome:4.28.1 - Pulling image layers:  0 pending, 33 downloaded,  9 extracted, (722 MB/781 MB)
2025-01-29 13:54:07,606 INFO t.selenium/standalone-chrome:4.28.1 - Pulling image layers:  0 pending, 33 downloaded, 10 extracted, (722 MB/781 MB)
2025-01-29 13:54:07,767 INFO t.selenium/standalone-chrome:4.28.1 - Pulling image layers:  0 pending, 33 downloaded, 11 extracted, (727 MB/781 MB)
2025-01-29 13:54:08,180 INFO t.selenium/standalone-chrome:4.28.1 - Pulling image layers:  0 pending, 33 downloaded, 12 extracted, (738 MB/781 MB)
2025-01-29 13:54:10,560 INFO t.selenium/standalone-chrome:4.28.1 - Pulling image layers:  0 pending, 33 downloaded, 13 extracted, (749 MB/781 MB)
2025-01-29 13:54:10,570 INFO t.selenium/standalone-chrome:4.28.1 - Pulling image layers:  0 pending, 33 downloaded, 14 extracted, (749 MB/781 MB)
2025-01-29 13:54:10,582 INFO t.selenium/standalone-chrome:4.28.1 - Pulling image layers:  0 pending, 33 downloaded, 15 extracted, (749 MB/781 MB)
2025-01-29 13:54:10,593 INFO t.selenium/standalone-chrome:4.28.1 - Pulling image layers:  0 pending, 33 downloaded, 16 extracted, (749 MB/781 MB)
2025-01-29 13:54:14,160 INFO t.selenium/standalone-chrome:4.28.1 - Pulling image layers:  0 pending, 33 downloaded, 17 extracted, (751 MB/781 MB)
2025-01-29 13:54:15,128 INFO t.selenium/standalone-chrome:4.28.1 - Pulling image layers:  0 pending, 33 downloaded, 18 extracted, (764 MB/781 MB)
2025-01-29 13:54:15,139 INFO t.selenium/standalone-chrome:4.28.1 - Pulling image layers:  0 pending, 33 downloaded, 19 extracted, (764 MB/781 MB)
2025-01-29 13:54:15,151 INFO t.selenium/standalone-chrome:4.28.1 - Pulling image layers:  0 pending, 33 downloaded, 20 extracted, (764 MB/781 MB)
2025-01-29 13:54:15,161 INFO t.selenium/standalone-chrome:4.28.1 - Pulling image layers:  0 pending, 33 downloaded, 21 extracted, (764 MB/781 MB)
2025-01-29 13:54:19,971 INFO t.selenium/standalone-chrome:4.28.1 - Pulling image layers:  0 pending, 33 downloaded, 22 extracted, (777 MB/781 MB)
2025-01-29 13:54:19,982 INFO t.selenium/standalone-chrome:4.28.1 - Pulling image layers:  0 pending, 33 downloaded, 23 extracted, (777 MB/781 MB)
2025-01-29 13:54:19,993 INFO t.selenium/standalone-chrome:4.28.1 - Pulling image layers:  0 pending, 33 downloaded, 24 extracted, (777 MB/781 MB)
2025-01-29 13:54:20,112 INFO t.selenium/standalone-chrome:4.28.1 - Pulling image layers:  0 pending, 33 downloaded, 25 extracted, (781 MB/781 MB)
2025-01-29 13:54:20,121 INFO t.selenium/standalone-chrome:4.28.1 - Pulling image layers:  0 pending, 33 downloaded, 26 extracted, (781 MB/781 MB)
2025-01-29 13:54:20,131 INFO t.selenium/standalone-chrome:4.28.1 - Pulling image layers:  0 pending, 33 downloaded, 27 extracted, (781 MB/781 MB)
2025-01-29 13:54:20,141 INFO t.selenium/standalone-chrome:4.28.1 - Pulling image layers:  0 pending, 33 downloaded, 28 extracted, (781 MB/781 MB)
2025-01-29 13:54:20,153 INFO t.selenium/standalone-chrome:4.28.1 - Pulling image layers:  0 pending, 33 downloaded, 29 extracted, (781 MB/781 MB)
2025-01-29 13:54:20,170 INFO t.selenium/standalone-chrome:4.28.1 - Pulling image layers:  0 pending, 33 downloaded, 30 extracted, (781 MB/781 MB)
2025-01-29 13:54:20,182 INFO t.selenium/standalone-chrome:4.28.1 - Pulling image layers:  0 pending, 33 downloaded, 31 extracted, (781 MB/781 MB)
2025-01-29 13:54:20,194 INFO t.selenium/standalone-chrome:4.28.1 - Pulling image layers:  0 pending, 33 downloaded, 32 extracted, (781 MB/781 MB)
2025-01-29 13:54:20,204 INFO t.selenium/standalone-chrome:4.28.1 - Pulling image layers:  0 pending, 33 downloaded, 33 extracted, (781 MB/781 MB)
2025-01-29 13:54:20,210 INFO t.selenium/standalone-chrome:4.28.1 - Image selenium/standalone-chrome:4.28.1 pull took PT20.597156882S
2025-01-29 13:54:20,210 INFO t.selenium/standalone-chrome:4.28.1 - Pull complete. 33 layers, pulled in 20s (downloaded 781 MB at 39 MB/s)
2025-01-29 13:54:20,214 INFO t.selenium/standalone-chrome:4.28.1 - Creating container for image: selenium/standalone-chrome:4.28.1
2025-01-29 13:54:20,217 INFO tc.alpine:3.17 - Pulling docker image: alpine:3.17. Please be patient; this may take some time but only needs to be done once.
2025-01-29 13:54:20,380 INFO tc.alpine:3.17 - Starting to pull image
2025-01-29 13:54:20,380 INFO tc.alpine:3.17 - Pulling image layers:  0 pending,  0 downloaded,  0 extracted, (0 bytes/0 bytes)
2025-01-29 13:54:20,514 INFO tc.alpine:3.17 - Pulling image layers:  0 pending,  1 downloaded,  0 extracted, (3 MB/3 MB)
2025-01-29 13:54:20,613 INFO tc.alpine:3.17 - Pulling image layers:  0 pending,  1 downloaded,  1 extracted, (3 MB/3 MB)
2025-01-29 13:54:20,619 INFO tc.alpine:3.17 - Image alpine:3.17 pull took PT0.401303411S
2025-01-29 13:54:20,905 INFO t.selenium/standalone-chrome:4.28.1 - Container selenium/standalone-chrome:4.28.1 is starting: 976cea15d955b5c01903400d59becfbc30d6d5c72e12d3450e3b7c54a4044443
2025-01-29 13:54:23,695 INFO t.selenium/standalone-chrome:4.28.1 - Container selenium/standalone-chrome:4.28.1 started in PT3.48173693S
2025-01-29 13:54:23,697 INFO c.h.h.t.HelmChartContainerExtension - Using cached HelmChartContainer instance
2025-01-29 13:54:23,699 INFO c.h.h.t.HelmChartContainerExtension - Creating cached HelmChartContainer instance
2025-01-29 13:54:23,781 INFO o.t.i.builder.ImageFromDockerfile - Pre-emptively checking local images for 'ubuntu:noble-20241118.1@sha256:80dd3c3b9c6cecb9f1667e9290b3bc61b78c2678c02cbdae5f0fea92cc6734ab', referenced via a Dockerfile. If not available, it will be pulled.
2025-01-29 13:54:23,783 INFO t.u.1@sha256:80dd3c... - Pulling docker image: ubuntu:noble-20241118.1@sha256:80dd3c3b9c6cecb9f1667e9290b3bc61b78c2678c02cbdae5f0fea92cc6734ab. Please be patient; this may take some time but only needs to be done once.
2025-01-29 13:54:23,904 INFO t.u.1@sha256:80dd3c... - Starting to pull image
2025-01-29 13:54:23,905 INFO t.u.1@sha256:80dd3c... - Pulling image layers:  0 pending,  0 downloaded,  0 extracted, (0 bytes/0 bytes)
2025-01-29 13:54:24,024 INFO t.u.1@sha256:80dd3c... - Image ubuntu:noble-20241118.1@sha256:80dd3c3b9c6cecb9f1667e9290b3bc61b78c2678c02cbdae5f0fea92cc6734ab pull took PT0.240530431S
2025-01-29 13:54:24,026 INFO o.t.i.builder.ImageFromDockerfile - Pre-emptively checking local images for 'rancher/k3s:v1.32.1-k3s1', referenced via a Dockerfile. If not available, it will be pulled.
2025-01-29 13:54:24,028 INFO tc.rancher/k3s:v1.32.1-k3s1 - Pulling docker image: rancher/k3s:v1.32.1-k3s1. Please be patient; this may take some time but only needs to be done once.
2025-01-29 13:54:24,188 INFO tc.rancher/k3s:v1.32.1-k3s1 - Starting to pull image
2025-01-29 13:54:24,189 INFO tc.rancher/k3s:v1.32.1-k3s1 - Pulling image layers:  0 pending,  0 downloaded,  0 extracted, (0 bytes/0 bytes)
2025-01-29 13:54:25,000 INFO tc.rancher/k3s:v1.32.1-k3s1 - Pulling image layers:  0 pending,  1 downloaded,  0 extracted, (65 MB/71 MB)
2025-01-29 13:54:26,060 INFO tc.rancher/k3s:v1.32.1-k3s1 - Pulling image layers:  0 pending,  1 downloaded,  1 extracted, (71 MB/71 MB)
2025-01-29 13:54:26,066 INFO tc.rancher/k3s:v1.32.1-k3s1 - Pull complete. 1 layers, pulled in 1s (downloaded 71 MB at 71 MB/s)
2025-01-29 13:54:26,066 INFO tc.rancher/k3s:v1.32.1-k3s1 - Image rancher/k3s:v1.32.1-k3s1 pull took PT2.03883956S
2025-01-29 13:54:26,071 INFO o.t.i.builder.ImageFromDockerfile - Transferred 0 bytes to Docker daemon
2025-01-29 13:54:40,018 INFO c.h.h.t.HelmChartContainer - Starting HelmChartContainer...
2025-01-29 13:54:40,020 INFO t.localhost/testcontainers/mnbgtgg5twhfwejg:latest - Creating container for image: localhost/testcontainers/mnbgtgg5twhfwejg:latest
2025-01-29 13:54:40,367 INFO t.localhost/testcontainers/mnbgtgg5twhfwejg:latest - Container localhost/testcontainers/mnbgtgg5twhfwejg:latest is starting: 06a12a63912a124a0821c322ac7c52d0a367a863ce1b8108a6f47aa21f43e4a1
2025-01-29 13:54:40,743 INFO c.h.h.t.HelmChartContainer - [K3S] [INFO] Starting k3s v1.32.1+k3s1 (6a322f12)
2025-01-29 13:54:40,746 INFO c.h.h.t.HelmChartContainer - [K3S] [INFO] Configuring sqlite3 database connection pooling: maxIdleConns=2, maxOpenConns=0, connMaxLifetime=0s
2025-01-29 13:54:40,746 INFO c.h.h.t.HelmChartContainer - [K3S] [INFO] Configuring database table schema and indexes, this may take a moment...
2025-01-29 13:54:40,750 INFO c.h.h.t.HelmChartContainer - [K3S] [INFO] Database tables and indexes are up to date
2025-01-29 13:54:40,753 INFO c.h.h.t.HelmChartContainer - [K3S] [INFO] Kine available at unix://kine.sock
2025-01-29 13:54:40,994 INFO c.h.h.t.HelmChartContainer - [K3S] [INFO] Saving cluster bootstrap data to datastore
2025-01-29 13:54:40,995 INFO c.h.h.t.HelmChartContainer - [K3S] [WARNING] dynamiclistener [::]:6443: no cached certificate available for preload - deferring certificate load until storage initialization or first client request
2025-01-29 13:54:40,995 INFO c.h.h.t.HelmChartContainer - [K3S] [INFO] Active TLS secret / (ver=) (count 10): map[listener.cattle.io/cn-06a12a63912a:06a12a63912a listener.cattle.io/cn-10.43.0.1:10.43.0.1 listener.cattle.io/cn-127.0.0.1:127.0.0.1 listener.cattle.io/cn-172.18.0.2:172.18.0.2 listener.cattle.io/cn-__1-f16284:::1 listener.cattle.io/cn-kubernetes:kubernetes listener.cattle.io/cn-kubernetes.default:kubernetes.default listener.cattle.io/cn-kubernetes.default.svc:kubernetes.default.svc listener.cattle.io/cn-kubernetes.default.svc.cluster.local:kubernetes.default.svc.cluster.local listener.cattle.io/cn-localhost:localhost listener.cattle.io/fingerprint:SHA1=C68943A440EF8F445EB87BF9CE84EB74189E8FB1]
2025-01-29 13:54:41,170 INFO c.h.h.t.HelmChartContainer - [K3S] [INFO] Running kube-apiserver --advertise-port=6443 --allow-privileged=true --anonymous-auth=false --api-audiences=https://kubernetes.default.svc.cluster.local,k3s --authorization-mode=Node,RBAC --bind-address=127.0.0.1 --cert-dir=/var/lib/rancher/k3s/server/tls/temporary-certs --client-ca-file=/var/lib/rancher/k3s/server/tls/client-ca.crt --egress-selector-config-file=/var/lib/rancher/k3s/server/etc/egress-selector-config.yaml --enable-admission-plugins=NodeRestriction --enable-aggregator-routing=true --enable-bootstrap-token-auth=true --etcd-compaction-interval=0s --etcd-servers=unix://kine.sock --kubelet-certificate-authority=/var/lib/rancher/k3s/server/tls/server-ca.crt --kubelet-client-certificate=/var/lib/rancher/k3s/server/tls/client-kube-apiserver.crt --kubelet-client-key=/var/lib/rancher/k3s/server/tls/client-kube-apiserver.key --kubelet-preferred-address-types=InternalIP,ExternalIP,Hostname --profiling=false --proxy-client-cert-file=/var/lib/rancher/k3s/server/tls/client-auth-proxy.crt --proxy-client-key-file=/var/lib/rancher/k3s/server/tls/client-auth-proxy.key --requestheader-allowed-names=system:auth-proxy --requestheader-client-ca-file=/var/lib/rancher/k3s/server/tls/request-header-ca.crt --requestheader-extra-headers-prefix=X-Remote-Extra- --requestheader-group-headers=X-Remote-Group --requestheader-username-headers=X-Remote-User --secure-port=6444 --service-account-issuer=https://kubernetes.default.svc.cluster.local --service-account-key-file=/var/lib/rancher/k3s/server/tls/service.key --service-account-signing-key-file=/var/lib/rancher/k3s/server/tls/service.current.key --service-cluster-ip-range=10.43.0.0/16 --service-node-port-range=30000-32767 --storage-backend=etcd3 --tls-cert-file=/var/lib/rancher/k3s/server/tls/serving-kube-apiserver.crt --tls-cipher-suites=TLS_ECDHE_ECDSA_WITH_AES_256_GCM_SHA384,TLS_ECDHE_RSA_WITH_AES_256_GCM_SHA384,TLS_ECDHE_ECDSA_WITH_AES_128_GCM_SHA256,TLS_ECDHE_RSA_WITH_AES_128_GCM_SHA256,TLS_ECDHE_ECDSA_WITH_CHACHA20_POLY1305,TLS_ECDHE_RSA_WITH_CHACHA20_POLY1305 --tls-private-key-file=/var/lib/rancher/k3s/server/tls/serving-kube-apiserver.key
2025-01-29 13:54:41,171 INFO c.h.h.t.HelmChartContainer - [K3S] [INFO] Running kube-scheduler --authentication-kubeconfig=/var/lib/rancher/k3s/server/cred/scheduler.kubeconfig --authorization-kubeconfig=/var/lib/rancher/k3s/server/cred/scheduler.kubeconfig --bind-address=127.0.0.1 --kubeconfig=/var/lib/rancher/k3s/server/cred/scheduler.kubeconfig --leader-elect=false --profiling=false --secure-port=10259
2025-01-29 13:54:41,172 INFO c.h.h.t.HelmChartContainer - [K3S] [INFO] Waiting for API server to become available
2025-01-29 13:54:41,173 INFO c.h.h.t.HelmChartContainer - [K3S] [registry.go:256] calling componentGlobalsRegistry.AddFlags more than once, the registry will be set by the latest flags
2025-01-29 13:54:41,173 INFO c.h.h.t.HelmChartContainer - [K3S] [INFO] Running kube-controller-manager --allocate-node-cidrs=true --authentication-kubeconfig=/var/lib/rancher/k3s/server/cred/controller.kubeconfig --authorization-kubeconfig=/var/lib/rancher/k3s/server/cred/controller.kubeconfig --bind-address=127.0.0.1 --cluster-cidr=10.42.0.0/16 --cluster-signing-kube-apiserver-client-cert-file=/var/lib/rancher/k3s/server/tls/client-ca.nochain.crt --cluster-signing-kube-apiserver-client-key-file=/var/lib/rancher/k3s/server/tls/client-ca.key --cluster-signing-kubelet-client-cert-file=/var/lib/rancher/k3s/server/tls/client-ca.nochain.crt --cluster-signing-kubelet-client-key-file=/var/lib/rancher/k3s/server/tls/client-ca.key --cluster-signing-kubelet-serving-cert-file=/var/lib/rancher/k3s/server/tls/server-ca.nochain.crt --cluster-signing-kubelet-serving-key-file=/var/lib/rancher/k3s/server/tls/server-ca.key --cluster-signing-legacy-unknown-cert-file=/var/lib/rancher/k3s/server/tls/server-ca.nochain.crt --cluster-signing-legacy-unknown-key-file=/var/lib/rancher/k3s/server/tls/server-ca.key --configure-cloud-routes=false --controllers=*,tokencleaner,-service,-route,-cloud-node-lifecycle --kubeconfig=/var/lib/rancher/k3s/server/cred/controller.kubeconfig --leader-elect=false --profiling=false --root-ca-file=/var/lib/rancher/k3s/server/tls/server-ca.crt --secure-port=10257 --service-account-private-key-file=/var/lib/rancher/k3s/server/tls/service.current.key --service-cluster-ip-range=10.43.0.0/16 --use-service-account-credentials=true
2025-01-29 13:54:41,173 INFO c.h.h.t.HelmChartContainer - [K3S] [options.go:299] unable to set WatchListClient feature gate, err: cannot override default for feature "WatchListClient": gates already added to a flag set
2025-01-29 13:54:41,173 INFO c.h.h.t.HelmChartContainer - [K3S] [registry.go:256] calling componentGlobalsRegistry.AddFlags more than once, the registry will be set by the latest flags
2025-01-29 13:54:41,175 INFO c.h.h.t.HelmChartContainer - [K3S] [INFO] Running cloud-controller-manager --allocate-node-cidrs=true --authentication-kubeconfig=/var/lib/rancher/k3s/server/cred/cloud-controller.kubeconfig --authorization-kubeconfig=/var/lib/rancher/k3s/server/cred/cloud-controller.kubeconfig --bind-address=127.0.0.1 --cloud-config=/var/lib/rancher/k3s/server/etc/cloud-config.yaml --cloud-provider=k3s --cluster-cidr=10.42.0.0/16 --configure-cloud-routes=false --controllers=*,-route --kubeconfig=/var/lib/rancher/k3s/server/cred/cloud-controller.kubeconfig --leader-elect=false --leader-elect-resource-name=k3s-cloud-controller-manager --node-status-update-frequency=1m0s --profiling=false
2025-01-29 13:54:41,175 INFO c.h.h.t.HelmChartContainer - [K3S] [registry.go:256] calling componentGlobalsRegistry.AddFlags more than once, the registry will be set by the latest flags
2025-01-29 13:54:41,175 INFO c.h.h.t.HelmChartContainer - [K3S] [INFO] Server node token is available at /var/lib/rancher/k3s/server/token
2025-01-29 13:54:41,177 INFO c.h.h.t.HelmChartContainer - [K3S] [INFO] To join server node to cluster: k3s server -s https://172.18.0.2:6443 -t ${SERVER_NODE_TOKEN}
2025-01-29 13:54:41,177 INFO c.h.h.t.HelmChartContainer - [K3S] [INFO] Agent node token is available at /var/lib/rancher/k3s/server/agent-token
2025-01-29 13:54:41,177 INFO c.h.h.t.HelmChartContainer - [K3S] [INFO] To join agent node to cluster: k3s agent -s https://172.18.0.2:6443 -t ${AGENT_NODE_TOKEN}
2025-01-29 13:54:41,177 INFO c.h.h.t.HelmChartContainer - [K3S] [INFO] Wrote kubeconfig /etc/rancher/k3s/k3s.yaml
2025-01-29 13:54:41,177 INFO c.h.h.t.HelmChartContainer - [K3S] [INFO] Run: k3s kubectl
2025-01-29 13:54:41,177 INFO c.h.h.t.HelmChartContainer - [K3S] [options.go:238] external host was not specified, using 172.18.0.2
2025-01-29 13:54:41,178 INFO c.h.h.t.HelmChartContainer - [K3S] [server.go:151] Version: v1.32.1+k3s1
2025-01-29 13:54:41,178 INFO c.h.h.t.HelmChartContainer - [K3S] [server.go:153] "Golang settings" GOGC="" GOMAXPROCS="" GOTRACEBACK=""
2025-01-29 13:54:41,488 INFO c.h.h.t.HelmChartContainer - [K3S] [plugins.go:157] Loaded 13 mutating admission controller(s) successfully in the following order: NamespaceLifecycle,LimitRanger,ServiceAccount,NodeRestriction,TaintNodesByCondition,Priority,DefaultTolerationSeconds,DefaultStorageClass,StorageObjectInUseProtection,RuntimeClass,DefaultIngressClass,MutatingAdmissionPolicy,MutatingAdmissionWebhook.
2025-01-29 13:54:41,489 INFO c.h.h.t.HelmChartContainer - [K3S] [plugins.go:160] Loaded 13 validating admission controller(s) successfully in the following order: LimitRanger,ServiceAccount,PodSecurity,Priority,PersistentVolumeClaimResize,RuntimeClass,CertificateApproval,CertificateSigning,ClusterTrustBundleAttest,CertificateSubjectRestriction,ValidatingAdmissionPolicy,ValidatingAdmissionWebhook,ResourceQuota.
2025-01-29 13:54:41,490 INFO c.h.h.t.HelmChartContainer - [K3S] [instance.go:233] Using reconciler: lease
2025-01-29 13:54:41,551 INFO c.h.h.t.HelmChartContainer - [K3S] [apis.go:106] API group "internal.apiserver.k8s.io" is not enabled, skipping.
2025-01-29 13:54:41,594 INFO c.h.h.t.HelmChartContainer - [K3S] [apis.go:106] API group "storagemigration.k8s.io" is not enabled, skipping.
2025-01-29 13:54:41,618 INFO c.h.h.t.HelmChartContainer - [K3S] [apis.go:106] API group "resource.k8s.io" is not enabled, skipping.
2025-01-29 13:54:41,843 INFO c.h.h.t.HelmChartContainer - [K3S] [INFO] Password verified locally for node 06a12a63912a
2025-01-29 13:54:41,942 INFO c.h.h.t.HelmChartContainer - [K3S] [dynamic_cafile_content.go:161] "Starting controller" name="request-header::/var/lib/rancher/k3s/server/tls/request-header-ca.crt"
2025-01-29 13:54:41,942 INFO c.h.h.t.HelmChartContainer - [K3S] [secure_serving.go:213] Serving securely on 127.0.0.1:6444
2025-01-29 13:54:41,943 INFO c.h.h.t.HelmChartContainer - [K3S] [tlsconfig.go:243] "Starting DynamicServingCertificateController"
2025-01-29 13:54:41,943 INFO c.h.h.t.HelmChartContainer - [K3S] [apf_controller.go:377] Starting API Priority and Fairness config controller
2025-01-29 13:54:41,943 INFO c.h.h.t.HelmChartContainer - [K3S] [remote_available_controller.go:411] Starting RemoteAvailability controller
2025-01-29 13:54:41,943 INFO c.h.h.t.HelmChartContainer - [K3S] [dynamic_serving_content.go:135] "Starting controller" name="aggregator-proxy-cert::/var/lib/rancher/k3s/server/tls/client-auth-proxy.crt::/var/lib/rancher/k3s/server/tls/client-auth-proxy.key"
2025-01-29 13:54:41,943 INFO c.h.h.t.HelmChartContainer - [K3S] [aggregator.go:169] waiting for initial CRD sync...
2025-01-29 13:54:41,945 INFO c.h.h.t.HelmChartContainer - [K3S] [gc_controller.go:78] Starting apiserver lease garbage collector
2025-01-29 13:54:41,945 INFO c.h.h.t.HelmChartContainer - [K3S] [cluster_authentication_trust_controller.go:462] Starting cluster_authentication_trust_controller controller
2025-01-29 13:54:41,945 INFO c.h.h.t.HelmChartContainer - [K3S] [local_available_controller.go:156] Starting LocalAvailability controller
2025-01-29 13:54:41,945 INFO c.h.h.t.HelmChartContainer - [K3S] [controller.go:78] Starting OpenAPI AggregationController
2025-01-29 13:54:41,945 INFO c.h.h.t.HelmChartContainer - [K3S] [customresource_discovery_controller.go:292] Starting DiscoveryController
2025-01-29 13:54:41,945 INFO c.h.h.t.HelmChartContainer - [K3S] [system_namespaces_controller.go:66] Starting system namespaces controller
2025-01-29 13:54:41,945 INFO c.h.h.t.HelmChartContainer - [K3S] [controller.go:119] Starting legacy_token_tracking_controller
2025-01-29 13:54:41,945 INFO c.h.h.t.HelmChartContainer - [K3S] [apiservice_controller.go:100] Starting APIServiceRegistrationController
2025-01-29 13:54:41,945 INFO c.h.h.t.HelmChartContainer - [K3S] [dynamic_cafile_content.go:161] "Starting controller" name="client-ca-bundle::/var/lib/rancher/k3s/server/tls/client-ca.crt"
2025-01-29 13:54:41,945 INFO c.h.h.t.HelmChartContainer - [K3S] [dynamic_cafile_content.go:161] "Starting controller" name="request-header::/var/lib/rancher/k3s/server/tls/request-header-ca.crt"
2025-01-29 13:54:41,945 INFO c.h.h.t.HelmChartContainer - [K3S] [controller.go:142] Starting OpenAPI controller
2025-01-29 13:54:41,945 INFO c.h.h.t.HelmChartContainer - [K3S] [controller.go:90] Starting OpenAPI V3 controller
2025-01-29 13:54:41,946 INFO c.h.h.t.HelmChartContainer - [K3S] [naming_controller.go:294] Starting NamingConditionController
2025-01-29 13:54:41,946 INFO c.h.h.t.HelmChartContainer - [K3S] [establishing_controller.go:81] Starting EstablishingController
2025-01-29 13:54:41,946 INFO c.h.h.t.HelmChartContainer - [K3S] [nonstructuralschema_controller.go:195] Starting NonStructuralSchemaConditionController
2025-01-29 13:54:41,946 INFO c.h.h.t.HelmChartContainer - [K3S] [apiapproval_controller.go:189] Starting KubernetesAPIApprovalPolicyConformantConditionController
2025-01-29 13:54:41,948 INFO c.h.h.t.HelmChartContainer - [K3S] [crd_finalizer.go:269] Starting CRDFinalizer
2025-01-29 13:54:41,948 INFO c.h.h.t.HelmChartContainer - [K3S] [controller.go:80] Starting OpenAPI V3 AggregationController
2025-01-29 13:54:41,948 INFO c.h.h.t.HelmChartContainer - [K3S] [dynamic_serving_content.go:135] "Starting controller" name="serving-cert::/var/lib/rancher/k3s/server/tls/serving-kube-apiserver.crt::/var/lib/rancher/k3s/server/tls/serving-kube-apiserver.key"
2025-01-29 13:54:41,948 INFO c.h.h.t.HelmChartContainer - [K3S] [dynamic_cafile_content.go:161] "Starting controller" name="client-ca-bundle::/var/lib/rancher/k3s/server/tls/client-ca.crt"
2025-01-29 13:54:41,948 INFO c.h.h.t.HelmChartContainer - [K3S] [crdregistration_controller.go:114] Starting crd-autoregister controller
2025-01-29 13:54:41,993 INFO c.h.h.t.HelmChartContainer - [K3S] [policy_source.go:240] refreshing policies
2025-01-29 13:54:42,032 INFO c.h.h.t.HelmChartContainer - [K3S] [controller.go:145] "Failed to ensure lease exists, will retry" err="namespaces \"kube-system\" not found" interval="200ms"
2025-01-29 13:54:42,045 INFO c.h.h.t.HelmChartContainer - [K3S] [apf_controller.go:382] Running API Priority and Fairness config worker
2025-01-29 13:54:42,045 INFO c.h.h.t.HelmChartContainer - [K3S] [apf_controller.go:385] Running API Priority and Fairness periodic rebalancing process
2025-01-29 13:54:42,046 INFO c.h.h.t.HelmChartContainer - [K3S] [handler_discovery.go:451] Starting ResourceDiscoveryManager
2025-01-29 13:54:42,048 INFO c.h.h.t.HelmChartContainer - [K3S] [aggregator.go:171] initial CRD sync complete...
2025-01-29 13:54:42,049 INFO c.h.h.t.HelmChartContainer - [K3S] [autoregister_controller.go:144] Starting autoregister controller
2025-01-29 13:54:42,100 INFO c.h.h.t.HelmChartContainer - [K3S] [controller.go:95] Unable to perform initial Kubernetes service initialization: namespaces "default" not found
2025-01-29 13:54:42,379 INFO c.h.h.t.HelmChartContainer - [K3S] [WARNING] Host resolv.conf includes loopback or multicast nameservers - kubelet will use autogenerated resolv.conf with nameserver 8.8.8.8
2025-01-29 13:54:42,388 INFO c.h.h.t.HelmChartContainer - [K3S] [INFO] Module overlay was already loaded
2025-01-29 13:54:42,388 INFO c.h.h.t.HelmChartContainer - [K3S] [INFO] Module nf_conntrack was already loaded
2025-01-29 13:54:42,388 INFO c.h.h.t.HelmChartContainer - [K3S] [INFO] Module br_netfilter was already loaded
2025-01-29 13:54:42,392 INFO c.h.h.t.HelmChartContainer - [K3S] [INFO] Set sysctl 'net/netfilter/nf_conntrack_max' to 131072
2025-01-29 13:54:42,392 INFO c.h.h.t.HelmChartContainer - [K3S] [INFO] Set sysctl 'net/netfilter/nf_conntrack_tcp_timeout_established' to 86400
2025-01-29 13:54:42,393 INFO c.h.h.t.HelmChartContainer - [K3S] [INFO] Set sysctl 'net/netfilter/nf_conntrack_tcp_timeout_close_wait' to 3600
2025-01-29 13:54:42,394 INFO c.h.h.t.HelmChartContainer - [K3S] [INFO] Logging containerd to /var/lib/rancher/k3s/agent/containerd/containerd.log
2025-01-29 13:54:42,394 INFO c.h.h.t.HelmChartContainer - [K3S] [INFO] Running containerd -c /var/lib/rancher/k3s/agent/etc/containerd/config.toml -a /run/k3s/containerd/containerd.sock --state /run/k3s/containerd --root /var/lib/rancher/k3s/agent/containerd
2025-01-29 13:54:42,948 INFO c.h.h.t.HelmChartContainer - [K3S] [storage_scheduling.go:95] created PriorityClass system-node-critical with value 2000001000
2025-01-29 13:54:42,951 INFO c.h.h.t.HelmChartContainer - [K3S] [storage_scheduling.go:95] created PriorityClass system-cluster-critical with value 2000000000
2025-01-29 13:54:42,951 INFO c.h.h.t.HelmChartContainer - [K3S] [storage_scheduling.go:111] all system priority classes are created successfully or already exist.
2025-01-29 13:54:43,305 INFO c.h.h.t.HelmChartContainer - [K3S] [alloc.go:330] "allocated clusterIPs" service="default/kubernetes" clusterIPs={"IPv4":"10.43.0.1"}
2025-01-29 13:54:43,309 INFO c.h.h.t.HelmChartContainer - [K3S] [lease.go:265] Resetting endpoints for master service "kubernetes" to [172.18.0.2]
2025-01-29 13:54:43,397 INFO c.h.h.t.HelmChartContainer - [K3S] [INFO] containerd is now running
2025-01-29 13:54:43,400 INFO c.h.h.t.HelmChartContainer - [K3S] [INFO] Connecting to proxy" url="wss://127.0.0.1:6443/v1-k3s/connect
2025-01-29 13:54:43,404 INFO c.h.h.t.HelmChartContainer - [K3S] [INFO] Creating k3s-cert-monitor event broadcaster
2025-01-29 13:54:43,404 INFO c.h.h.t.HelmChartContainer - [K3S] [INFO] Running kubelet --cloud-provider=external --config-dir=/var/lib/rancher/k3s/agent/etc/kubelet.conf.d --containerd=/run/k3s/containerd/containerd.sock --hostname-override=06a12a63912a --kubeconfig=/var/lib/rancher/k3s/agent/kubelet.kubeconfig --node-ip=172.18.0.2 --node-labels=
2025-01-29 13:54:43,407 INFO c.h.h.t.HelmChartContainer - [K3S] [INFO] Handling backend connection request [06a12a63912a]
2025-01-29 13:54:43,408 INFO c.h.h.t.HelmChartContainer - [K3S] Flag --containerd has been deprecated, This is a cadvisor flag that was mistakenly registered with the Kubelet. Due to legacy concerns, it will follow the standard CLI deprecation timeline before being removed.
2025-01-29 13:54:43,409 INFO c.h.h.t.HelmChartContainer - [K3S] [INFO] Remotedialer connected to proxy" url="wss://127.0.0.1:6443/v1-k3s/connect
2025-01-29 13:54:43,412 INFO c.h.h.t.HelmChartContainer - [K3S] [server.go:515] "Kubelet version" kubeletVersion="v1.32.1+k3s1"
2025-01-29 13:54:43,412 INFO c.h.h.t.HelmChartContainer - [K3S] [server.go:517] "Golang settings" GOGC="" GOMAXPROCS="" GOTRACEBACK=""
2025-01-29 13:54:43,416 INFO c.h.h.t.HelmChartContainer - [K3S] [dynamic_cafile_content.go:161] "Starting controller" name="client-ca-bundle::/var/lib/rancher/k3s/agent/client-ca.crt"
2025-01-29 13:54:43,417 INFO c.h.h.t.HelmChartContainer - [K3S] [log.go:32] "RuntimeConfig from runtime service failed" err="rpc error: code = Unimplemented desc = method RuntimeConfig not implemented"
2025-01-29 13:54:43,417 INFO c.h.h.t.HelmChartContainer - [K3S] [server.go:1416] "CRI implementation should be updated to support RuntimeConfig when KubeletCgroupDriverFromCRI feature gate has been enabled. Falling back to using cgroupDriver from kubelet config."
2025-01-29 13:54:43,420 INFO c.h.h.t.HelmChartContainer - [K3S] [info.go:53] Couldn't collect info from any of the files in "/etc/machine-id,/var/lib/dbus/machine-id"
2025-01-29 13:54:43,421 INFO c.h.h.t.HelmChartContainer - [K3S] [server.go:767] "--cgroups-per-qos enabled, but --cgroup-root was not specified.  defaulting to /"
2025-01-29 13:54:43,421 INFO c.h.h.t.HelmChartContainer - [K3S] [server.go:836] "NoSwap is set due to memorySwapBehavior not specified" memorySwapBehavior="" FailSwapOn=false
2025-01-29 13:54:43,422 INFO c.h.h.t.HelmChartContainer - [K3S] [swap_util.go:115] "Swap is on" /proc/swaps contents=<
2025-01-29 13:54:43,422 INFO c.h.h.t.HelmChartContainer - [K3S] 	Filename				Type		Size		Used		Priority
2025-01-29 13:54:43,422 INFO c.h.h.t.HelmChartContainer - [K3S] 	/mnt/swapfile                           file		4194300		268		-2
2025-01-29 13:54:43,422 INFO c.h.h.t.HelmChartContainer - [K3S]  >
2025-01-29 13:54:43,422 INFO c.h.h.t.HelmChartContainer - [K3S] [container_manager_linux.go:268] "Container manager verified user specified cgroup-root exists" cgroupRoot=[]
2025-01-29 13:54:43,422 INFO c.h.h.t.HelmChartContainer - [K3S] [container_manager_linux.go:273] "Creating Container Manager object based on Node Config" nodeConfig={"NodeName":"06a12a63912a","RuntimeCgroupsName":"","SystemCgroupsName":"","KubeletCgroupsName":"/k3s","KubeletOOMScoreAdj":-999,"ContainerRuntime":"","CgroupsPerQOS":true,"CgroupRoot":"/","CgroupDriver":"cgroupfs","KubeletRootDir":"/var/lib/kubelet","ProtectKernelDefaults":false,"KubeReservedCgroupName":"","SystemReservedCgroupName":"","ReservedSystemCPUs":{},"EnforceNodeAllocatable":{"pods":{}},"KubeReserved":null,"SystemReserved":null,"HardEvictionThresholds":[{"Signal":"nodefs.available","Operator":"LessThan","Value":{"Quantity":null,"Percentage":0.05},"GracePeriod":0,"MinReclaim":null},{"Signal":"imagefs.available","Operator":"LessThan","Value":{"Quantity":null,"Percentage":0.05},"GracePeriod":0,"MinReclaim":null}],"QOSReserved":{},"CPUManagerPolicy":"none","CPUManagerPolicyOptions":null,"TopologyManagerScope":"container","CPUManagerReconcilePeriod":10000000000,"ExperimentalMemoryManagerPolicy":"None","ExperimentalMemoryManagerReservedMemory":null,"PodPidsLimit":-1,"EnforceCPULimits":true,"CPUCFSQuotaPeriod":100000000,"TopologyManagerPolicy":"none","TopologyManagerPolicyOptions":null,"CgroupVersion":2}
2025-01-29 13:54:43,422 INFO c.h.h.t.HelmChartContainer - [K3S] [topology_manager.go:138] "Creating topology manager with none policy"
2025-01-29 13:54:43,422 INFO c.h.h.t.HelmChartContainer - [K3S] [container_manager_linux.go:304] "Creating device plugin manager"
2025-01-29 13:54:43,422 INFO c.h.h.t.HelmChartContainer - [K3S] [state_mem.go:36] "Initialized new in-memory state store"
2025-01-29 13:54:43,422 INFO c.h.h.t.HelmChartContainer - [K3S] [kubelet.go:446] "Attempting to sync node with API server"
2025-01-29 13:54:43,422 INFO c.h.h.t.HelmChartContainer - [K3S] [kubelet.go:341] "Adding static pod path" path="/var/lib/rancher/k3s/agent/pod-manifests"
2025-01-29 13:54:43,423 INFO c.h.h.t.HelmChartContainer - [K3S] [kubelet.go:352] "Adding apiserver pod source"
2025-01-29 13:54:43,423 INFO c.h.h.t.HelmChartContainer - [K3S] [apiserver.go:42] "Waiting for node sync before watching apiserver pods"
2025-01-29 13:54:43,424 INFO c.h.h.t.HelmChartContainer - [K3S] [kuberuntime_manager.go:269] "Container runtime initialized" containerRuntime="containerd" version="v1.7.23-k3s2" apiVersion="v1"
2025-01-29 13:54:43,426 INFO c.h.h.t.HelmChartContainer - [K3S] [kubelet.go:890] "Not starting ClusterTrustBundle informer because we are in static kubelet mode"
2025-01-29 13:54:43,426 INFO c.h.h.t.HelmChartContainer - [K3S] [probe.go:272] Flexvolume plugin directory at /usr/libexec/kubernetes/kubelet-plugins/volume/exec/ does not exist. Recreating.
2025-01-29 13:54:43,426 INFO c.h.h.t.HelmChartContainer - [K3S] [watchdog_linux.go:99] "Systemd watchdog is not enabled"
2025-01-29 13:54:43,426 INFO c.h.h.t.HelmChartContainer - [K3S] [server.go:1282] "Started kubelet"
2025-01-29 13:54:43,429 INFO c.h.h.t.HelmChartContainer - [K3S] [fs_resource_analyzer.go:67] "Starting FS ResourceAnalyzer"
2025-01-29 13:54:43,434 INFO c.h.h.t.HelmChartContainer - [K3S] [volume_manager.go:297] "Starting Kubelet Volume Manager"
2025-01-29 13:54:43,434 INFO c.h.h.t.HelmChartContainer - [K3S] [desired_state_of_world_populator.go:149] "Desired state populator starts to run"
2025-01-29 13:54:43,435 INFO c.h.h.t.HelmChartContainer - [K3S] [reconciler.go:26] "Reconciler: start to sync state"
2025-01-29 13:54:43,435 INFO c.h.h.t.HelmChartContainer - [K3S] [server.go:169] "Starting to listen" address="0.0.0.0" port=10250
2025-01-29 13:54:43,436 INFO c.h.h.t.HelmChartContainer - [K3S] [kubelet.go:1561] "Image garbage collection failed once. Stats initialization may not have completed yet" err="invalid capacity 0 on image filesystem"
2025-01-29 13:54:43,437 INFO c.h.h.t.HelmChartContainer - [K3S] [kubelet_node_status.go:467] "Error getting the current node from lister" err="node \"06a12a63912a\" not found"
2025-01-29 13:54:43,437 INFO c.h.h.t.HelmChartContainer - [K3S] [server.go:490] "Adding debug handlers to kubelet server"
2025-01-29 13:54:43,438 INFO c.h.h.t.HelmChartContainer - [K3S] [server.go:208] "Starting to listen read-only" address="0.0.0.0" port=10255
2025-01-29 13:54:43,439 INFO c.h.h.t.HelmChartContainer - [K3S] [ratelimit.go:55] "Setting rate limiting for endpoint" service="podresources" qps=100 burstTokens=10
2025-01-29 13:54:43,439 INFO c.h.h.t.HelmChartContainer - [K3S] [server.go:243] "Starting to serve the podresources API" endpoint="unix:/var/lib/kubelet/pod-resources/kubelet.sock"
2025-01-29 13:54:43,439 INFO c.h.h.t.HelmChartContainer - [K3S] [dynamic_serving_content.go:135] "Starting controller" name="kubelet-server-cert-files::/var/lib/rancher/k3s/agent/serving-kubelet.crt::/var/lib/rancher/k3s/agent/serving-kubelet.key"
2025-01-29 13:54:43,440 INFO c.h.h.t.HelmChartContainer - [K3S] [factory.go:221] Registration of the systemd container factory successfully
2025-01-29 13:54:43,440 INFO c.h.h.t.HelmChartContainer - [K3S] [factory.go:219] Registration of the crio container factory failed: Get "http://%2Fvar%2Frun%2Fcrio%2Fcrio.sock/info": dial unix /var/run/crio/crio.sock: connect: no such file or directory
2025-01-29 13:54:43,448 INFO c.h.h.t.HelmChartContainer - [K3S] [factory.go:221] Registration of the containerd container factory successfully
2025-01-29 13:54:43,451 INFO c.h.h.t.HelmChartContainer - [K3S] [nodelease.go:49] "Failed to get node when trying to set owner ref to the node lease" err="nodes \"06a12a63912a\" not found" node="06a12a63912a"
2025-01-29 13:54:43,457 INFO c.h.h.t.HelmChartContainer - [K3S] [kubelet_network_linux.go:50] "Initialized iptables rules." protocol="IPv4"
2025-01-29 13:54:43,460 INFO c.h.h.t.HelmChartContainer - [K3S] [kubelet_network_linux.go:50] "Initialized iptables rules." protocol="IPv6"
2025-01-29 13:54:43,461 INFO c.h.h.t.HelmChartContainer - [K3S] [status_manager.go:227] "Starting to sync pod status with apiserver"
2025-01-29 13:54:43,461 INFO c.h.h.t.HelmChartContainer - [K3S] [watchdog_linux.go:127] "Systemd watchdog is not enabled or the interval is invalid, so health checking will not be started."
2025-01-29 13:54:43,461 INFO c.h.h.t.HelmChartContainer - [K3S] [kubelet.go:2388] "Starting kubelet main sync loop"
2025-01-29 13:54:43,461 INFO c.h.h.t.HelmChartContainer - [K3S] [kubelet.go:2412] "Skipping pod synchronization" err="[container runtime status check may not have completed yet, PLEG is not healthy: pleg has yet to be successful]"
2025-01-29 13:54:43,479 INFO c.h.h.t.HelmChartContainer - [K3S] [cpu_manager.go:221] "Starting CPU manager" policy="none"
2025-01-29 13:54:43,479 INFO c.h.h.t.HelmChartContainer - [K3S] [cpu_manager.go:222] "Reconciling" reconcilePeriod="10s"
2025-01-29 13:54:43,479 INFO c.h.h.t.HelmChartContainer - [K3S] [state_mem.go:36] "Initialized new in-memory state store"
2025-01-29 13:54:43,480 INFO c.h.h.t.HelmChartContainer - [K3S] [policy_none.go:49] "None policy: Start"
2025-01-29 13:54:43,481 INFO c.h.h.t.HelmChartContainer - [K3S] [memory_manager.go:186] "Starting memorymanager" policy="None"
2025-01-29 13:54:43,481 INFO c.h.h.t.HelmChartContainer - [K3S] [state_mem.go:35] "Initializing new in-memory state store"
2025-01-29 13:54:43,484 INFO c.h.h.t.HelmChartContainer - [K3S] [manager.go:519] "Failed to read data from checkpoint" checkpoint="kubelet_internal_checkpoint" err="checkpoint is not found"
2025-01-29 13:54:43,484 INFO c.h.h.t.HelmChartContainer - [K3S] [eviction_manager.go:189] "Eviction manager: starting control loop"
2025-01-29 13:54:43,484 INFO c.h.h.t.HelmChartContainer - [K3S] [container_log_manager.go:189] "Initializing container log rotate workers" workers=1 monitorPeriod="10s"
2025-01-29 13:54:43,496 INFO c.h.h.t.HelmChartContainer - [K3S] [plugin_manager.go:118] "Starting Kubelet Plugin Manager"
2025-01-29 13:54:43,496 INFO c.h.h.t.HelmChartContainer - [K3S] [eviction_manager.go:267] "eviction manager: failed to check if we have separate container filesystem. Ignoring." err="no imagefs label for configured runtime"
2025-01-29 13:54:43,496 INFO c.h.h.t.HelmChartContainer - [K3S] [eviction_manager.go:292] "Eviction manager: failed to get summary stats" err="failed to get node info: node \"06a12a63912a\" not found"
2025-01-29 13:54:43,530 INFO c.h.h.t.HelmChartContainer - [K3S] [ERROR] Sending HTTP/1.1 503 response to 127.0.0.1:36802: runtime core not ready
2025-01-29 13:54:43,585 INFO c.h.h.t.HelmChartContainer - [K3S] [kubelet_node_status.go:76] "Attempting to register node" node="06a12a63912a"
2025-01-29 13:54:43,590 INFO c.h.h.t.HelmChartContainer - [K3S] [kubelet_node_status.go:79] "Successfully registered node" node="06a12a63912a"
2025-01-29 13:54:43,591 INFO c.h.h.t.HelmChartContainer - [K3S] [kubelet_node_status.go:549] "Error updating node status, will retry" err="error getting node \"06a12a63912a\": node \"06a12a63912a\" not found"
2025-01-29 13:54:43,596 INFO c.h.h.t.HelmChartContainer - [K3S] [INFO] Annotations and labels have been set successfully on node: 06a12a63912a
2025-01-29 13:54:43,598 INFO c.h.h.t.HelmChartContainer - [K3S] [INFO] Starting flannel with backend vxlan
2025-01-29 13:54:43,634 INFO c.h.h.t.HelmChartContainer - [K3S] [INFO] Running kube-proxy --cluster-cidr=10.42.0.0/16 --conntrack-max-per-core=0 --conntrack-tcp-timeout-close-wait=0s --conntrack-tcp-timeout-established=0s --healthz-bind-address=127.0.0.1 --hostname-override=06a12a63912a --kubeconfig=/var/lib/rancher/k3s/agent/kubeproxy.kubeconfig --proxy-mode=iptables
2025-01-29 13:54:43,674 INFO c.h.h.t.HelmChartContainer - [K3S] [server.go:698] "Successfully retrieved node IP(s)" IPs=["172.18.0.2"]
2025-01-29 13:54:43,674 INFO c.h.h.t.HelmChartContainer - [K3S] [server.go:234] "Kube-proxy configuration may be incomplete or incorrect" err="nodePortAddresses is unset; NodePort connections will be accepted on all local IPs. Consider using `--nodeport-addresses primary`"
2025-01-29 13:54:43,677 INFO c.h.h.t.HelmChartContainer - [K3S] [server.go:243] "kube-proxy running in dual-stack mode" primary ipFamily="IPv4"
2025-01-29 13:54:43,677 INFO c.h.h.t.HelmChartContainer - [K3S] [server_linux.go:170] "Using iptables Proxier"
2025-01-29 13:54:43,678 INFO c.h.h.t.HelmChartContainer - [K3S] [proxier.go:255] "Setting route_localnet=1 to allow node-ports on localhost; to change this either disable iptables.localhostNodePorts (--iptables-localhost-nodeports) or set nodePortAddresses (--nodeport-addresses) to filter loopback addresses"
2025-01-29 13:54:43,682 INFO c.h.h.t.HelmChartContainer - [K3S] [server.go:497] "Version info" version="v1.32.1+k3s1"
2025-01-29 13:54:43,682 INFO c.h.h.t.HelmChartContainer - [K3S] [server.go:499] "Golang settings" GOGC="" GOMAXPROCS="" GOTRACEBACK=""
2025-01-29 13:54:43,683 INFO c.h.h.t.HelmChartContainer - [K3S] [config.go:199] "Starting service config controller"
2025-01-29 13:54:43,684 INFO c.h.h.t.HelmChartContainer - [K3S] [config.go:105] "Starting endpoint slice config controller"
2025-01-29 13:54:43,684 INFO c.h.h.t.HelmChartContainer - [K3S] [config.go:329] "Starting node config controller"
2025-01-29 13:54:43,801 INFO c.h.h.t.HelmChartContainer - [K3S] [kubelet_node_status.go:502] "Fast updating node status as it just became ready"
2025-01-29 13:54:44,180 INFO c.h.h.t.HelmChartContainer - [K3S] [INFO] Waiting for untainted node
2025-01-29 13:54:44,180 INFO c.h.h.t.HelmChartContainer - [K3S] [INFO] Waiting for cloud-controller-manager privileges to become available
2025-01-29 13:54:44,181 INFO c.h.h.t.HelmChartContainer - [K3S] [INFO] Creating k3s-supervisor event broadcaster
2025-01-29 13:54:44,181 INFO c.h.h.t.HelmChartContainer - [K3S] [INFO] Kube API server is now running
2025-01-29 13:54:44,181 INFO c.h.h.t.HelmChartContainer - [K3S] [INFO] ETCD server is now running
2025-01-29 13:54:44,181 INFO c.h.h.t.HelmChartContainer - [K3S] [INFO] k3s is up and running
2025-01-29 13:54:44,188 INFO c.h.h.t.HelmChartContainer - [K3S] [INFO] Applying CRD addons.k3s.cattle.io
2025-01-29 13:54:44,199 INFO c.h.h.t.HelmChartContainer - [K3S] [INFO] Applying CRD etcdsnapshotfiles.k3s.cattle.io
2025-01-29 13:54:44,208 INFO c.h.h.t.HelmChartContainer - [K3S] [INFO] Applying CRD helmcharts.helm.cattle.io
2025-01-29 13:54:44,221 INFO c.h.h.t.HelmChartContainer - [K3S] [INFO] Applying CRD helmchartconfigs.helm.cattle.io
2025-01-29 13:54:44,233 INFO c.h.h.t.HelmChartContainer - [K3S] [INFO] Waiting for CRD helmchartconfigs.helm.cattle.io to become available
2025-01-29 13:54:44,422 INFO c.h.h.t.HelmChartContainer - [K3S] [apiserver.go:52] "Watching apiserver"
2025-01-29 13:54:44,435 INFO c.h.h.t.HelmChartContainer - [K3S] [desired_state_of_world_populator.go:157] "Finished populating initial desired state of world"
2025-01-29 13:54:44,442 INFO c.h.h.t.HelmChartContainer - [K3S] [serving.go:392] Generated self-signed cert in-memory
2025-01-29 13:54:44,611 INFO c.h.h.t.HelmChartContainer - [K3S] [controllermanager.go:185] "Starting" version="v1.32.1+k3s1"
2025-01-29 13:54:44,611 INFO c.h.h.t.HelmChartContainer - [K3S] [controllermanager.go:187] "Golang settings" GOGC="" GOMAXPROCS="" GOTRACEBACK=""
2025-01-29 13:54:44,617 INFO c.h.h.t.HelmChartContainer - [K3S] [requestheader_controller.go:180] Starting RequestHeaderAuthRequestController
2025-01-29 13:54:44,617 INFO c.h.h.t.HelmChartContainer - [K3S] [configmap_cafile_content.go:205] "Starting controller" name="client-ca::kube-system::extension-apiserver-authentication::client-ca-file"
2025-01-29 13:54:44,617 INFO c.h.h.t.HelmChartContainer - [K3S] [configmap_cafile_content.go:205] "Starting controller" name="client-ca::kube-system::extension-apiserver-authentication::requestheader-client-ca-file"
2025-01-29 13:54:44,617 INFO c.h.h.t.HelmChartContainer - [K3S] [secure_serving.go:213] Serving securely on 127.0.0.1:10257
2025-01-29 13:54:44,617 INFO c.h.h.t.HelmChartContainer - [K3S] [tlsconfig.go:243] "Starting DynamicServingCertificateController"
2025-01-29 13:54:44,619 INFO c.h.h.t.HelmChartContainer - [K3S] [controllermanager.go:765] "Started controller" controller="serviceaccount-token-controller"
2025-01-29 13:54:44,625 INFO c.h.h.t.HelmChartContainer - [K3S] [node_lifecycle_controller.go:432] "Controller will reconcile labels"
2025-01-29 13:54:44,626 INFO c.h.h.t.HelmChartContainer - [K3S] [controllermanager.go:765] "Started controller" controller="node-lifecycle-controller"
2025-01-29 13:54:44,626 INFO c.h.h.t.HelmChartContainer - [K3S] [node_lifecycle_controller.go:466] "Sending events to api server"
2025-01-29 13:54:44,626 INFO c.h.h.t.HelmChartContainer - [K3S] [node_lifecycle_controller.go:477] "Starting node controller"
2025-01-29 13:54:44,630 INFO c.h.h.t.HelmChartContainer - [K3S] [controllermanager.go:765] "Started controller" controller="persistentvolumeclaim-protection-controller"
2025-01-29 13:54:44,630 INFO c.h.h.t.HelmChartContainer - [K3S] [controllermanager.go:717] "Controller is disabled by a feature gate" controller="volumeattributesclass-protection-controller" requiredFeatureGates=["VolumeAttributesClass"]
2025-01-29 13:54:44,631 INFO c.h.h.t.HelmChartContainer - [K3S] [pvc_protection_controller.go:168] "Starting PVC protection controller"
2025-01-29 13:54:44,636 INFO c.h.h.t.HelmChartContainer - [K3S] [controllermanager.go:765] "Started controller" controller="legacy-serviceaccount-token-cleaner-controller"
2025-01-29 13:54:44,636 INFO c.h.h.t.HelmChartContainer - [K3S] [legacy_serviceaccount_token_cleaner.go:103] "Starting legacy service account token cleaner controller"
2025-01-29 13:54:44,637 INFO c.h.h.t.HelmChartContainer - [K3S] [controllermanager.go:765] "Started controller" controller="taint-eviction-controller"
2025-01-29 13:54:44,637 INFO c.h.h.t.HelmChartContainer - [K3S] [controllermanager.go:717] "Controller is disabled by a feature gate" controller="selinux-warning-controller" requiredFeatureGates=["SELinuxChangePolicy"]
2025-01-29 13:54:44,638 INFO c.h.h.t.HelmChartContainer - [K3S] [taint_eviction.go:281] "Starting" controller="taint-eviction-controller"
2025-01-29 13:54:44,638 INFO c.h.h.t.HelmChartContainer - [K3S] [taint_eviction.go:287] "Sending events to api server"
2025-01-29 13:54:44,643 INFO c.h.h.t.HelmChartContainer - [K3S] [controllermanager.go:765] "Started controller" controller="endpoints-controller"
2025-01-29 13:54:44,643 INFO c.h.h.t.HelmChartContainer - [K3S] [endpoints_controller.go:182] "Starting endpoint controller"
2025-01-29 13:54:44,647 INFO c.h.h.t.HelmChartContainer - [K3S] [controllermanager.go:765] "Started controller" controller="replicationcontroller-controller"
2025-01-29 13:54:44,648 INFO c.h.h.t.HelmChartContainer - [K3S] [replica_set.go:217] "Starting controller" name="replicationcontroller"
2025-01-29 13:54:44,655 INFO c.h.h.t.HelmChartContainer - [K3S] [graph_builder.go:351] "Running" component="GraphBuilder"
2025-01-29 13:54:44,656 INFO c.h.h.t.HelmChartContainer - [K3S] [controllermanager.go:765] "Started controller" controller="garbage-collector-controller"
2025-01-29 13:54:44,667 INFO c.h.h.t.HelmChartContainer - [K3S] [controllermanager.go:765] "Started controller" controller="horizontal-pod-autoscaler-controller"
2025-01-29 13:54:44,667 INFO c.h.h.t.HelmChartContainer - [K3S] [horizontal.go:201] "Starting HPA controller"
2025-01-29 13:54:44,735 INFO c.h.h.t.HelmChartContainer - [K3S] [INFO] Done waiting for CRD helmchartconfigs.helm.cattle.io to become available
2025-01-29 13:54:44,736 INFO c.h.h.t.HelmChartContainer - [K3S] [INFO] Writing static file: /var/lib/rancher/k3s/server/static/charts/traefik-27.0.201+up27.0.2.tgz
2025-01-29 13:54:44,737 INFO c.h.h.t.HelmChartContainer - [K3S] [INFO] Writing static file: /var/lib/rancher/k3s/server/static/charts/traefik-crd-27.0.201+up27.0.2.tgz
2025-01-29 13:54:44,737 INFO c.h.h.t.HelmChartContainer - [K3S] [INFO] Writing manifest: /var/lib/rancher/k3s/server/manifests/ccm.yaml
2025-01-29 13:54:44,737 INFO c.h.h.t.HelmChartContainer - [K3S] [INFO] Writing manifest: /var/lib/rancher/k3s/server/manifests/local-storage.yaml
2025-01-29 13:54:44,737 INFO c.h.h.t.HelmChartContainer - [K3S] [INFO] Writing manifest: /var/lib/rancher/k3s/server/manifests/metrics-server/metrics-server-service.yaml
2025-01-29 13:54:44,737 INFO c.h.h.t.HelmChartContainer - [K3S] [INFO] Writing manifest: /var/lib/rancher/k3s/server/manifests/metrics-server/resource-reader.yaml
2025-01-29 13:54:44,738 INFO c.h.h.t.HelmChartContainer - [K3S] [INFO] Writing manifest: /var/lib/rancher/k3s/server/manifests/rolebindings.yaml
2025-01-29 13:54:44,738 INFO c.h.h.t.HelmChartContainer - [K3S] [INFO] Writing manifest: /var/lib/rancher/k3s/server/manifests/runtimes.yaml
2025-01-29 13:54:44,738 INFO c.h.h.t.HelmChartContainer - [K3S] [INFO] Writing manifest: /var/lib/rancher/k3s/server/manifests/coredns.yaml
2025-01-29 13:54:44,738 INFO c.h.h.t.HelmChartContainer - [K3S] [INFO] Writing manifest: /var/lib/rancher/k3s/server/manifests/metrics-server/aggregated-metrics-reader.yaml
2025-01-29 13:54:44,738 INFO c.h.h.t.HelmChartContainer - [K3S] [INFO] Writing manifest: /var/lib/rancher/k3s/server/manifests/metrics-server/auth-delegator.yaml
2025-01-29 13:54:44,739 INFO c.h.h.t.HelmChartContainer - [K3S] [INFO] Writing manifest: /var/lib/rancher/k3s/server/manifests/metrics-server/auth-reader.yaml
2025-01-29 13:54:44,739 INFO c.h.h.t.HelmChartContainer - [K3S] [INFO] Writing manifest: /var/lib/rancher/k3s/server/manifests/metrics-server/metrics-apiservice.yaml
2025-01-29 13:54:44,739 INFO c.h.h.t.HelmChartContainer - [K3S] [INFO] Writing manifest: /var/lib/rancher/k3s/server/manifests/metrics-server/metrics-server-deployment.yaml
2025-01-29 13:54:44,740 INFO c.h.h.t.HelmChartContainer - [K3S] [INFO] Tunnel server egress proxy mode: agent
2025-01-29 13:54:44,740 INFO c.h.h.t.HelmChartContainer - [K3S] [INFO] Starting dynamiclistener CN filter node controller with SANs: [localhost 127.0.0.1 ::1 localhost 06a12a63912a 172.18.0.2 10.43.0.1 kubernetes kubernetes.default kubernetes.default.svc kubernetes.default.svc.cluster.local]
2025-01-29 13:54:44,771 INFO c.h.h.t.HelmChartContainer - [K3S] [controllermanager.go:765] "Started controller" controller="disruption-controller"
2025-01-29 13:54:44,772 INFO c.h.h.t.HelmChartContainer - [K3S] [disruption.go:452] "Sending events to api server."
2025-01-29 13:54:44,772 INFO c.h.h.t.HelmChartContainer - [K3S] [disruption.go:463] "Starting disruption controller"
2025-01-29 13:54:44,846 INFO c.h.h.t.HelmChartContainer - [K3S] [INFO] Starting k3s.cattle.io/v1, Kind=Addon controller
2025-01-29 13:54:44,846 INFO c.h.h.t.HelmChartContainer - [K3S] [INFO] Creating deploy event broadcaster
2025-01-29 13:54:44,923 INFO c.h.h.t.HelmChartContainer - [K3S] [controllermanager.go:765] "Started controller" controller="clusterrole-aggregation-controller"
2025-01-29 13:54:44,923 INFO c.h.h.t.HelmChartContainer - [K3S] [clusterroleaggregation_controller.go:194] "Starting ClusterRoleAggregator controller"
2025-01-29 13:54:44,950 INFO c.h.h.t.HelmChartContainer - [K3S] [INFO] Starting /v1, Kind=Node controller
2025-01-29 13:54:44,951 INFO c.h.h.t.HelmChartContainer - [K3S] [INFO] Creating helm-controller event broadcaster
2025-01-29 13:54:44,962 INFO c.h.h.t.HelmChartContainer - [K3S] [INFO] Labels and annotations have been set successfully on node: 06a12a63912a
2025-01-29 13:54:44,973 INFO c.h.h.t.HelmChartContainer - [K3S] [INFO] Cluster dns configmap has been set successfully
2025-01-29 13:54:44,995 INFO c.h.h.t.HelmChartContainer - [K3S] [INFO] Starting /v1, Kind=ConfigMap controller
2025-01-29 13:54:44,995 INFO c.h.h.t.HelmChartContainer - [K3S] [INFO] Starting /v1, Kind=ServiceAccount controller
2025-01-29 13:54:44,995 INFO c.h.h.t.HelmChartContainer - [K3S] [INFO] Starting /v1, Kind=Secret controller
2025-01-29 13:54:45,008 INFO c.h.h.t.HelmChartContainer - [K3S] [INFO] Active TLS secret kube-system/k3s-serving (ver=239) (count 10): map[listener.cattle.io/cn-06a12a63912a:06a12a63912a listener.cattle.io/cn-10.43.0.1:10.43.0.1 listener.cattle.io/cn-127.0.0.1:127.0.0.1 listener.cattle.io/cn-172.18.0.2:172.18.0.2 listener.cattle.io/cn-__1-f16284:::1 listener.cattle.io/cn-kubernetes:kubernetes listener.cattle.io/cn-kubernetes.default:kubernetes.default listener.cattle.io/cn-kubernetes.default.svc:kubernetes.default.svc listener.cattle.io/cn-kubernetes.default.svc.cluster.local:kubernetes.default.svc.cluster.local listener.cattle.io/cn-localhost:localhost listener.cattle.io/fingerprint:SHA1=C68943A440EF8F445EB87BF9CE84EB74189E8FB1]
2025-01-29 13:54:45,061 INFO c.h.h.t.HelmChartContainer - [K3S] [INFO] Starting helm.cattle.io/v1, Kind=HelmChart controller
2025-01-29 13:54:45,062 INFO c.h.h.t.HelmChartContainer - [K3S] [INFO] Starting helm.cattle.io/v1, Kind=HelmChartConfig controller
2025-01-29 13:54:45,064 INFO c.h.h.t.HelmChartContainer - [K3S] [INFO] Starting rbac.authorization.k8s.io/v1, Kind=ClusterRoleBinding controller
2025-01-29 13:54:45,066 INFO c.h.h.t.HelmChartContainer - [K3S] [INFO] Starting batch/v1, Kind=Job controller
2025-01-29 13:54:45,073 INFO c.h.h.t.HelmChartContainer - [K3S] [controllermanager.go:765] "Started controller" controller="persistentvolume-protection-controller"
2025-01-29 13:54:45,073 INFO c.h.h.t.HelmChartContainer - [K3S] [pv_protection_controller.go:81] "Starting PV protection controller"
2025-01-29 13:54:45,097 INFO c.h.h.t.HelmChartContainer - [K3S] [INFO] Updating TLS secret for kube-system/k3s-serving (count: 10): map[listener.cattle.io/cn-06a12a63912a:06a12a63912a listener.cattle.io/cn-10.43.0.1:10.43.0.1 listener.cattle.io/cn-127.0.0.1:127.0.0.1 listener.cattle.io/cn-172.18.0.2:172.18.0.2 listener.cattle.io/cn-__1-f16284:::1 listener.cattle.io/cn-kubernetes:kubernetes listener.cattle.io/cn-kubernetes.default:kubernetes.default listener.cattle.io/cn-kubernetes.default.svc:kubernetes.default.svc listener.cattle.io/cn-kubernetes.default.svc.cluster.local:kubernetes.default.svc.cluster.local listener.cattle.io/cn-localhost:localhost listener.cattle.io/fingerprint:SHA1=C68943A440EF8F445EB87BF9CE84EB74189E8FB1]
2025-01-29 13:54:45,223 INFO c.h.h.t.HelmChartContainer - [K3S] [controllermanager.go:765] "Started controller" controller="ephemeral-volume-controller"
2025-01-29 13:54:45,223 INFO c.h.h.t.HelmChartContainer - [K3S] [controller.go:173] "Starting ephemeral volume controller"
2025-01-29 13:54:45,223 INFO c.h.h.t.HelmChartContainer - [K3S] [controllermanager.go:717] "Controller is disabled by a feature gate" controller="resourceclaim-controller" requiredFeatureGates=["DynamicResourceAllocation"]
2025-01-29 13:54:45,421 INFO c.h.h.t.HelmChartContainer - [K3S] [controllermanager.go:765] "Started controller" controller="validatingadmissionpolicy-status-controller"
2025-01-29 13:54:45,573 INFO c.h.h.t.HelmChartContainer - [K3S] [controllermanager.go:765] "Started controller" controller="serviceaccount-controller"
2025-01-29 13:54:45,573 INFO c.h.h.t.HelmChartContainer - [K3S] [serviceaccounts_controller.go:114] "Starting service account controller"
2025-01-29 13:54:45,723 INFO c.h.h.t.HelmChartContainer - [K3S] [controllermanager.go:765] "Started controller" controller="replicaset-controller"
2025-01-29 13:54:45,723 INFO c.h.h.t.HelmChartContainer - [K3S] [replica_set.go:217] "Starting controller" name="replicaset"
2025-01-29 13:54:45,872 INFO c.h.h.t.HelmChartContainer - [K3S] [controllermanager.go:765] "Started controller" controller="ttl-controller"
2025-01-29 13:54:45,872 INFO c.h.h.t.HelmChartContainer - [K3S] [controllermanager.go:723] "Skipping a cloud provider controller" controller="cloud-node-lifecycle-controller"
2025-01-29 13:54:45,872 INFO c.h.h.t.HelmChartContainer - [K3S] [controllermanager.go:717] "Controller is disabled by a feature gate" controller="service-cidr-controller" requiredFeatureGates=["MultiCIDRServiceAllocator"]
2025-01-29 13:54:45,872 INFO c.h.h.t.HelmChartContainer - [K3S] [ttl_controller.go:127] "Starting TTL controller"
2025-01-29 13:54:46,023 INFO c.h.h.t.HelmChartContainer - [K3S] [controllermanager.go:765] "Started controller" controller="endpointslice-mirroring-controller"
2025-01-29 13:54:46,023 INFO c.h.h.t.HelmChartContainer - [K3S] [endpointslicemirroring_controller.go:227] "Starting EndpointSliceMirroring controller"
2025-01-29 13:54:46,327 INFO c.h.h.t.HelmChartContainer - [K3S] [controllermanager.go:765] "Started controller" controller="resourcequota-controller"
2025-01-29 13:54:46,327 INFO c.h.h.t.HelmChartContainer - [K3S] [resource_quota_controller.go:300] "Starting resource quota controller"
2025-01-29 13:54:46,474 INFO c.h.h.t.HelmChartContainer - [K3S] [controllermanager.go:765] "Started controller" controller="daemonset-controller"
2025-01-29 13:54:46,474 INFO c.h.h.t.HelmChartContainer - [K3S] [daemon_controller.go:294] "Starting daemon sets controller"
2025-01-29 13:54:46,622 INFO c.h.h.t.HelmChartContainer - [K3S] [controllermanager.go:765] "Started controller" controller="deployment-controller"
2025-01-29 13:54:46,622 INFO c.h.h.t.HelmChartContainer - [K3S] [deployment_controller.go:173] "Starting controller" controller="deployment"
2025-01-29 13:54:46,774 INFO c.h.h.t.HelmChartContainer - [K3S] [controllermanager.go:765] "Started controller" controller="statefulset-controller"
2025-01-29 13:54:46,774 INFO c.h.h.t.HelmChartContainer - [K3S] [stateful_set.go:166] "Starting stateful set controller"
2025-01-29 13:54:46,903 INFO c.h.h.t.HelmChartContainer - [K3S] [event.go:389] "Event occurred" object="kube-system/ccm" fieldPath="" kind="Addon" apiVersion="k3s.cattle.io/v1" type="Normal" reason="ApplyingManifest" message="Applying manifest at \"/var/lib/rancher/k3s/server/manifests/ccm.yaml\""
2025-01-29 13:54:46,922 INFO c.h.h.t.HelmChartContainer - [K3S] [controllermanager.go:765] "Started controller" controller="endpointslice-controller"
2025-01-29 13:54:46,922 INFO c.h.h.t.HelmChartContainer - [K3S] [endpointslice_controller.go:281] "Starting endpoint slice controller"
2025-01-29 13:54:46,926 INFO c.h.h.t.HelmChartContainer - [K3S] [event.go:389] "Event occurred" object="kube-system/ccm" fieldPath="" kind="Addon" apiVersion="k3s.cattle.io/v1" type="Normal" reason="AppliedManifest" message="Applied manifest at \"/var/lib/rancher/k3s/server/manifests/ccm.yaml\""
2025-01-29 13:54:46,937 INFO c.h.h.t.HelmChartContainer - [K3S] [event.go:389] "Event occurred" object="kube-system/coredns" fieldPath="" kind="Addon" apiVersion="k3s.cattle.io/v1" type="Normal" reason="ApplyingManifest" message="Applying manifest at \"/var/lib/rancher/k3s/server/manifests/coredns.yaml\""
2025-01-29 13:54:46,970 INFO c.h.h.t.HelmChartContainer - [K3S] [event.go:389] "Event occurred" object="06a12a63912a" fieldPath="" kind="Node" apiVersion="" type="Normal" reason="NodePasswordValidationComplete" message="Deferred node password secret validation complete"
2025-01-29 13:54:47,037 INFO c.h.h.t.HelmChartContainer - [K3S] [alloc.go:330] "allocated clusterIPs" service="kube-system/kube-dns" clusterIPs={"IPv4":"10.43.0.10"}
2025-01-29 13:54:47,039 INFO c.h.h.t.HelmChartContainer - [K3S] [event.go:389] "Event occurred" object="kube-system/coredns" fieldPath="" kind="Addon" apiVersion="k3s.cattle.io/v1" type="Normal" reason="AppliedManifest" message="Applied manifest at \"/var/lib/rancher/k3s/server/manifests/coredns.yaml\""
2025-01-29 13:54:47,046 INFO c.h.h.t.HelmChartContainer - [K3S] [event.go:389] "Event occurred" object="kube-system/local-storage" fieldPath="" kind="Addon" apiVersion="k3s.cattle.io/v1" type="Normal" reason="ApplyingManifest" message="Applying manifest at \"/var/lib/rancher/k3s/server/manifests/local-storage.yaml\""
2025-01-29 13:54:47,072 INFO c.h.h.t.HelmChartContainer - [K3S] [controllermanager.go:765] "Started controller" controller="job-controller"
2025-01-29 13:54:47,073 INFO c.h.h.t.HelmChartContainer - [K3S] [controllermanager.go:723] "Skipping a cloud provider controller" controller="service-lb-controller"
2025-01-29 13:54:47,073 INFO c.h.h.t.HelmChartContainer - [K3S] [job_controller.go:243] "Starting job controller"
2025-01-29 13:54:47,140 INFO c.h.h.t.HelmChartContainer - [K3S] [event.go:389] "Event occurred" object="kube-system/local-storage" fieldPath="" kind="Addon" apiVersion="k3s.cattle.io/v1" type="Normal" reason="AppliedManifest" message="Applied manifest at \"/var/lib/rancher/k3s/server/manifests/local-storage.yaml\""
2025-01-29 13:54:47,146 INFO c.h.h.t.HelmChartContainer - [K3S] [event.go:389] "Event occurred" object="kube-system/aggregated-metrics-reader" fieldPath="" kind="Addon" apiVersion="k3s.cattle.io/v1" type="Normal" reason="ApplyingManifest" message="Applying manifest at \"/var/lib/rancher/k3s/server/manifests/metrics-server/aggregated-metrics-reader.yaml\""
2025-01-29 13:54:47,213 INFO c.h.h.t.HelmChartContainer - [K3S] [event.go:389] "Event occurred" object="kube-system/aggregated-metrics-reader" fieldPath="" kind="Addon" apiVersion="k3s.cattle.io/v1" type="Normal" reason="AppliedManifest" message="Applied manifest at \"/var/lib/rancher/k3s/server/manifests/metrics-server/aggregated-metrics-reader.yaml\""
2025-01-29 13:54:47,221 INFO c.h.h.t.HelmChartContainer - [K3S] [event.go:389] "Event occurred" object="kube-system/auth-delegator" fieldPath="" kind="Addon" apiVersion="k3s.cattle.io/v1" type="Normal" reason="ApplyingManifest" message="Applying manifest at \"/var/lib/rancher/k3s/server/manifests/metrics-server/auth-delegator.yaml\""
2025-01-29 13:54:47,226 INFO c.h.h.t.HelmChartContainer - [K3S] [controllermanager.go:765] "Started controller" controller="persistentvolume-attach-detach-controller"
2025-01-29 13:54:47,226 INFO c.h.h.t.HelmChartContainer - [K3S] [attach_detach_controller.go:338] "Starting attach detach controller"
2025-01-29 13:54:47,226 INFO c.h.h.t.HelmChartContainer - [K3S] [event.go:389] "Event occurred" object="kube-system/auth-delegator" fieldPath="" kind="Addon" apiVersion="k3s.cattle.io/v1" type="Normal" reason="AppliedManifest" message="Applied manifest at \"/var/lib/rancher/k3s/server/manifests/metrics-server/auth-delegator.yaml\""
2025-01-29 13:54:47,232 INFO c.h.h.t.HelmChartContainer - [K3S] [event.go:389] "Event occurred" object="kube-system/auth-reader" fieldPath="" kind="Addon" apiVersion="k3s.cattle.io/v1" type="Normal" reason="ApplyingManifest" message="Applying manifest at \"/var/lib/rancher/k3s/server/manifests/metrics-server/auth-reader.yaml\""
2025-01-29 13:54:47,238 INFO c.h.h.t.HelmChartContainer - [K3S] [event.go:389] "Event occurred" object="kube-system/auth-reader" fieldPath="" kind="Addon" apiVersion="k3s.cattle.io/v1" type="Normal" reason="AppliedManifest" message="Applied manifest at \"/var/lib/rancher/k3s/server/manifests/metrics-server/auth-reader.yaml\""
2025-01-29 13:54:47,247 INFO c.h.h.t.HelmChartContainer - [K3S] [event.go:389] "Event occurred" object="kube-system/metrics-apiservice" fieldPath="" kind="Addon" apiVersion="k3s.cattle.io/v1" type="Normal" reason="ApplyingManifest" message="Applying manifest at \"/var/lib/rancher/k3s/server/manifests/metrics-server/metrics-apiservice.yaml\""
2025-01-29 13:54:47,253 INFO c.h.h.t.HelmChartContainer - [K3S] [event.go:389] "Event occurred" object="kube-system/metrics-apiservice" fieldPath="" kind="Addon" apiVersion="k3s.cattle.io/v1" type="Normal" reason="AppliedManifest" message="Applied manifest at \"/var/lib/rancher/k3s/server/manifests/metrics-server/metrics-apiservice.yaml\""
2025-01-29 13:54:47,259 INFO c.h.h.t.HelmChartContainer - [K3S] [handler_proxy.go:99] no RequestInfo found in the context
2025-01-29 13:54:47,259 INFO c.h.h.t.HelmChartContainer - [K3S] [controller.go:146] "Unhandled Error" err=<
2025-01-29 13:54:47,259 INFO c.h.h.t.HelmChartContainer - [K3S] 	, Header: map[Content-Type:[text/plain; charset=utf-8] X-Content-Type-Options:[nosniff]]
2025-01-29 13:54:47,259 INFO c.h.h.t.HelmChartContainer - [K3S]  >
2025-01-29 13:54:47,260 INFO c.h.h.t.HelmChartContainer - [K3S] [handler_proxy.go:143] error resolving kube-system/metrics-server: service "metrics-server" not found
2025-01-29 13:54:47,264 INFO c.h.h.t.HelmChartContainer - [K3S] [event.go:389] "Event occurred" object="kube-system/metrics-server-deployment" fieldPath="" kind="Addon" apiVersion="k3s.cattle.io/v1" type="Normal" reason="ApplyingManifest" message="Applying manifest at \"/var/lib/rancher/k3s/server/manifests/metrics-server/metrics-server-deployment.yaml\""
2025-01-29 13:54:47,275 INFO c.h.h.t.HelmChartContainer - [K3S] [event.go:389] "Event occurred" object="kube-system/metrics-server-deployment" fieldPath="" kind="Addon" apiVersion="k3s.cattle.io/v1" type="Normal" reason="AppliedManifest" message="Applied manifest at \"/var/lib/rancher/k3s/server/manifests/metrics-server/metrics-server-deployment.yaml\""
2025-01-29 13:54:47,281 INFO c.h.h.t.HelmChartContainer - [K3S] [event.go:389] "Event occurred" object="kube-system/metrics-server-service" fieldPath="" kind="Addon" apiVersion="k3s.cattle.io/v1" type="Normal" reason="ApplyingManifest" message="Applying manifest at \"/var/lib/rancher/k3s/server/manifests/metrics-server/metrics-server-service.yaml\""
2025-01-29 13:54:47,288 INFO c.h.h.t.HelmChartContainer - [K3S] [alloc.go:330] "allocated clusterIPs" service="kube-system/metrics-server" clusterIPs={"IPv4":"10.43.240.180"}
2025-01-29 13:54:47,290 INFO c.h.h.t.HelmChartContainer - [K3S] [event.go:389] "Event occurred" object="kube-system/metrics-server-service" fieldPath="" kind="Addon" apiVersion="k3s.cattle.io/v1" type="Normal" reason="AppliedManifest" message="Applied manifest at \"/var/lib/rancher/k3s/server/manifests/metrics-server/metrics-server-service.yaml\""
2025-01-29 13:54:47,296 INFO c.h.h.t.HelmChartContainer - [K3S] [handler_proxy.go:99] no RequestInfo found in the context
2025-01-29 13:54:47,296 INFO c.h.h.t.HelmChartContainer - [K3S] [controller.go:146] "Unhandled Error" err=<
2025-01-29 13:54:47,296 INFO c.h.h.t.HelmChartContainer - [K3S] 	, Header: map[Content-Type:[text/plain; charset=utf-8] X-Content-Type-Options:[nosniff]]
2025-01-29 13:54:47,296 INFO c.h.h.t.HelmChartContainer - [K3S]  >
2025-01-29 13:54:47,297 INFO c.h.h.t.HelmChartContainer - [K3S] [handler_proxy.go:143] error resolving kube-system/metrics-server: endpoints "metrics-server" not found
2025-01-29 13:54:47,300 INFO c.h.h.t.HelmChartContainer - [K3S] [event.go:389] "Event occurred" object="kube-system/resource-reader" fieldPath="" kind="Addon" apiVersion="k3s.cattle.io/v1" type="Normal" reason="ApplyingManifest" message="Applying manifest at \"/var/lib/rancher/k3s/server/manifests/metrics-server/resource-reader.yaml\""
2025-01-29 13:54:47,326 INFO c.h.h.t.HelmChartContainer - [K3S] [event.go:389] "Event occurred" object="kube-system/resource-reader" fieldPath="" kind="Addon" apiVersion="k3s.cattle.io/v1" type="Normal" reason="AppliedManifest" message="Applied manifest at \"/var/lib/rancher/k3s/server/manifests/metrics-server/resource-reader.yaml\""
2025-01-29 13:54:47,332 INFO c.h.h.t.HelmChartContainer - [K3S] [event.go:389] "Event occurred" object="kube-system/rolebindings" fieldPath="" kind="Addon" apiVersion="k3s.cattle.io/v1" type="Normal" reason="ApplyingManifest" message="Applying manifest at \"/var/lib/rancher/k3s/server/manifests/rolebindings.yaml\""
2025-01-29 13:54:47,376 INFO c.h.h.t.HelmChartContainer - [K3S] [range_allocator.go:112] "No Secondary Service CIDR provided. Skipping filtering out secondary service addresses"
2025-01-29 13:54:47,376 INFO c.h.h.t.HelmChartContainer - [K3S] [controllermanager.go:765] "Started controller" controller="node-ipam-controller"
2025-01-29 13:54:47,376 INFO c.h.h.t.HelmChartContainer - [K3S] [node_ipam_controller.go:141] "Starting ipam controller"
2025-01-29 13:54:47,401 INFO c.h.h.t.HelmChartContainer - [K3S] [serving.go:392] Generated self-signed cert in-memory
2025-01-29 13:54:47,439 INFO c.h.h.t.HelmChartContainer - [K3S] [event.go:389] "Event occurred" object="kube-system/rolebindings" fieldPath="" kind="Addon" apiVersion="k3s.cattle.io/v1" type="Normal" reason="AppliedManifest" message="Applied manifest at \"/var/lib/rancher/k3s/server/manifests/rolebindings.yaml\""
2025-01-29 13:54:47,445 INFO c.h.h.t.HelmChartContainer - [K3S] [event.go:389] "Event occurred" object="kube-system/runtimes" fieldPath="" kind="Addon" apiVersion="k3s.cattle.io/v1" type="Normal" reason="ApplyingManifest" message="Applying manifest at \"/var/lib/rancher/k3s/server/manifests/runtimes.yaml\""
2025-01-29 13:54:47,476 INFO c.h.h.t.HelmChartContainer - [K3S] [event.go:389] "Event occurred" object="kube-system/runtimes" fieldPath="" kind="Addon" apiVersion="k3s.cattle.io/v1" type="Normal" reason="AppliedManifest" message="Applied manifest at \"/var/lib/rancher/k3s/server/manifests/runtimes.yaml\""
2025-01-29 13:54:47,524 INFO c.h.h.t.HelmChartContainer - [K3S] [controllermanager.go:765] "Started controller" controller="persistentvolume-expander-controller"
2025-01-29 13:54:47,524 INFO c.h.h.t.HelmChartContainer - [K3S] [controllermanager.go:717] "Controller is disabled by a feature gate" controller="storageversion-garbage-collector-controller" requiredFeatureGates=["APIServerIdentity","StorageVersionAPI"]
2025-01-29 13:54:47,524 INFO c.h.h.t.HelmChartContainer - [K3S] [expand_controller.go:329] "Starting expand controller"
2025-01-29 13:54:47,590 INFO c.h.h.t.HelmChartContainer - [K3S] [serving.go:392] Generated self-signed cert in-memory
2025-01-29 13:54:47,673 INFO c.h.h.t.HelmChartContainer - [K3S] [controllermanager.go:765] "Started controller" controller="cronjob-controller"
2025-01-29 13:54:47,674 INFO c.h.h.t.HelmChartContainer - [K3S] [cronjob_controllerv2.go:145] "Starting cronjob controller v2"
2025-01-29 13:54:47,826 INFO c.h.h.t.HelmChartContainer - [K3S] [controllermanager.go:765] "Started controller" controller="certificatesigningrequest-cleaner-controller"
2025-01-29 13:54:47,827 INFO c.h.h.t.HelmChartContainer - [K3S] [cleaner.go:83] "Starting CSR cleaner controller"
2025-01-29 13:54:47,827 INFO c.h.h.t.HelmChartContainer - [K3S] [controllermanager.go:728] "Warning: controller is disabled" controller="bootstrap-signer-controller"
2025-01-29 13:54:47,973 INFO c.h.h.t.HelmChartContainer - [K3S] [controllermanager.go:765] "Started controller" controller="ttl-after-finished-controller"
2025-01-29 13:54:47,973 INFO c.h.h.t.HelmChartContainer - [K3S] [ttlafterfinished_controller.go:112] "Starting TTL after finished controller"
2025-01-29 13:54:48,069 INFO c.h.h.t.HelmChartContainer - [K3S] [controllermanager.go:160] Version: v1.32.1+k3s1
2025-01-29 13:54:48,072 INFO c.h.h.t.HelmChartContainer - [K3S] [requestheader_controller.go:180] Starting RequestHeaderAuthRequestController
2025-01-29 13:54:48,072 INFO c.h.h.t.HelmChartContainer - [K3S] [configmap_cafile_content.go:205] "Starting controller" name="client-ca::kube-system::extension-apiserver-authentication::client-ca-file"
2025-01-29 13:54:48,072 INFO c.h.h.t.HelmChartContainer - [K3S] [configmap_cafile_content.go:205] "Starting controller" name="client-ca::kube-system::extension-apiserver-authentication::requestheader-client-ca-file"
2025-01-29 13:54:48,073 INFO c.h.h.t.HelmChartContainer - [K3S] [secure_serving.go:213] Serving securely on 127.0.0.1:10258
2025-01-29 13:54:48,073 INFO c.h.h.t.HelmChartContainer - [K3S] [tlsconfig.go:243] "Starting DynamicServingCertificateController"
2025-01-29 13:54:48,078 INFO c.h.h.t.HelmChartContainer - [K3S] [INFO] Creating service-lb-controller event broadcaster
2025-01-29 13:54:48,124 INFO c.h.h.t.HelmChartContainer - [K3S] [controllermanager.go:765] "Started controller" controller="root-ca-certificate-publisher-controller"
2025-01-29 13:54:48,124 INFO c.h.h.t.HelmChartContainer - [K3S] [controllermanager.go:717] "Controller is disabled by a feature gate" controller="kube-apiserver-serving-clustertrustbundle-publisher-controller" requiredFeatureGates=["ClusterTrustBundle"]
2025-01-29 13:54:48,124 INFO c.h.h.t.HelmChartContainer - [K3S] [publisher.go:107] "Starting root CA cert publisher controller"
2025-01-29 13:54:48,198 INFO c.h.h.t.HelmChartContainer - [K3S] [INFO] Starting /v1, Kind=Node controller
2025-01-29 13:54:48,201 INFO c.h.h.t.HelmChartContainer - [K3S] [INFO] Starting /v1, Kind=Pod controller
2025-01-29 13:54:48,203 INFO c.h.h.t.HelmChartContainer - [K3S] [INFO] Starting apps/v1, Kind=DaemonSet controller
2025-01-29 13:54:48,206 INFO c.h.h.t.HelmChartContainer - [K3S] [controllermanager.go:306] "node-route-controller" is disabled
2025-01-29 13:54:48,207 INFO c.h.h.t.HelmChartContainer - [K3S] [INFO] Starting discovery.k8s.io/v1, Kind=EndpointSlice controller
2025-01-29 13:54:48,207 INFO c.h.h.t.HelmChartContainer - [K3S] [controllermanager.go:329] Started "cloud-node-controller"
2025-01-29 13:54:48,207 INFO c.h.h.t.HelmChartContainer - [K3S] [node_controller.go:176] Sending events to api server.
2025-01-29 13:54:48,208 INFO c.h.h.t.HelmChartContainer - [K3S] [node_controller.go:185] Waiting for informer caches to sync
2025-01-29 13:54:48,209 INFO c.h.h.t.HelmChartContainer - [K3S] [controllermanager.go:329] Started "cloud-node-lifecycle-controller"
2025-01-29 13:54:48,209 INFO c.h.h.t.HelmChartContainer - [K3S] [node_lifecycle_controller.go:112] Sending events to api server
2025-01-29 13:54:48,209 INFO c.h.h.t.HelmChartContainer - [K3S] [controllermanager.go:329] Started "service-lb-controller"
2025-01-29 13:54:48,210 INFO c.h.h.t.HelmChartContainer - [K3S] [controller.go:234] Starting service controller
2025-01-29 13:54:48,254 INFO c.h.h.t.HelmChartContainer - [K3S] [handler_proxy.go:99] no RequestInfo found in the context
2025-01-29 13:54:48,254 INFO c.h.h.t.HelmChartContainer - [K3S] [handler_proxy.go:99] no RequestInfo found in the context
2025-01-29 13:54:48,255 INFO c.h.h.t.HelmChartContainer - [K3S] [controller.go:102] "Unhandled Error" err=<
2025-01-29 13:54:48,255 INFO c.h.h.t.HelmChartContainer - [K3S] 	, Header: map[Content-Type:[text/plain; charset=utf-8] X-Content-Type-Options:[nosniff]]
2025-01-29 13:54:48,255 INFO c.h.h.t.HelmChartContainer - [K3S]  >
2025-01-29 13:54:48,273 INFO c.h.h.t.HelmChartContainer - [K3S] [controllermanager.go:765] "Started controller" controller="pod-garbage-collector-controller"
2025-01-29 13:54:48,273 INFO c.h.h.t.HelmChartContainer - [K3S] [gc_controller.go:99] "Starting GC controller"
2025-01-29 13:54:48,308 INFO c.h.h.t.HelmChartContainer - [K3S] [node_controller.go:429] Initializing node 06a12a63912a with cloud provider
2025-01-29 13:54:48,312 INFO c.h.h.t.HelmChartContainer - [K3S] [node_controller.go:474] Successfully initialized node 06a12a63912a with cloud provider
2025-01-29 13:54:48,313 INFO c.h.h.t.HelmChartContainer - [K3S] [event.go:389] "Event occurred" object="06a12a63912a" fieldPath="" kind="Node" apiVersion="v1" type="Normal" reason="Synced" message="Node synced successfully"
2025-01-29 13:54:48,321 INFO c.h.h.t.HelmChartContainer - [K3S] [INFO] Updated coredns NodeHosts entry for 06a12a63912a
2025-01-29 13:54:48,411 INFO c.h.h.t.HelmChartContainer - [K3S] [INFO] Tunnel authorizer set Kubelet Port 0.0.0.0:10250
2025-01-29 13:54:48,472 INFO c.h.h.t.HelmChartContainer - [K3S] [serving.go:392] Generated self-signed cert in-memory
2025-01-29 13:54:48,532 INFO c.h.h.t.HelmChartContainer - [K3S] [controllermanager.go:765] "Started controller" controller="namespace-controller"
2025-01-29 13:54:48,532 INFO c.h.h.t.HelmChartContainer - [K3S] [namespace_controller.go:202] "Starting namespace controller"
2025-01-29 13:54:48,573 INFO c.h.h.t.HelmChartContainer - [K3S] [certificate_controller.go:120] "Starting certificate controller" name="csrsigning-kubelet-serving"
2025-01-29 13:54:48,574 INFO c.h.h.t.HelmChartContainer - [K3S] [dynamic_serving_content.go:135] "Starting controller" name="csr-controller::/var/lib/rancher/k3s/server/tls/server-ca.nochain.crt::/var/lib/rancher/k3s/server/tls/server-ca.key"
2025-01-29 13:54:48,574 INFO c.h.h.t.HelmChartContainer - [K3S] [certificate_controller.go:120] "Starting certificate controller" name="csrsigning-kubelet-client"
2025-01-29 13:54:48,574 INFO c.h.h.t.HelmChartContainer - [K3S] [dynamic_serving_content.go:135] "Starting controller" name="csr-controller::/var/lib/rancher/k3s/server/tls/client-ca.nochain.crt::/var/lib/rancher/k3s/server/tls/client-ca.key"
2025-01-29 13:54:48,574 INFO c.h.h.t.HelmChartContainer - [K3S] [certificate_controller.go:120] "Starting certificate controller" name="csrsigning-kube-apiserver-client"
2025-01-29 13:54:48,574 INFO c.h.h.t.HelmChartContainer - [K3S] [dynamic_serving_content.go:135] "Starting controller" name="csr-controller::/var/lib/rancher/k3s/server/tls/client-ca.nochain.crt::/var/lib/rancher/k3s/server/tls/client-ca.key"
2025-01-29 13:54:48,574 INFO c.h.h.t.HelmChartContainer - [K3S] [controllermanager.go:765] "Started controller" controller="certificatesigningrequest-signing-controller"
2025-01-29 13:54:48,574 INFO c.h.h.t.HelmChartContainer - [K3S] [certificate_controller.go:120] "Starting certificate controller" name="csrsigning-legacy-unknown"
2025-01-29 13:54:48,574 INFO c.h.h.t.HelmChartContainer - [K3S] [dynamic_serving_content.go:135] "Starting controller" name="csr-controller::/var/lib/rancher/k3s/server/tls/server-ca.nochain.crt::/var/lib/rancher/k3s/server/tls/server-ca.key"
2025-01-29 13:54:48,623 INFO c.h.h.t.HelmChartContainer - [K3S] [controllermanager.go:765] "Started controller" controller="certificatesigningrequest-approving-controller"
2025-01-29 13:54:48,623 INFO c.h.h.t.HelmChartContainer - [K3S] [certificate_controller.go:120] "Starting certificate controller" name="csrapproving"
2025-01-29 13:54:48,773 INFO c.h.h.t.HelmChartContainer - [K3S] [controllermanager.go:765] "Started controller" controller="token-cleaner-controller"
2025-01-29 13:54:48,774 INFO c.h.h.t.HelmChartContainer - [K3S] [controllermanager.go:723] "Skipping a cloud provider controller" controller="node-route-controller"
2025-01-29 13:54:48,774 INFO c.h.h.t.HelmChartContainer - [K3S] [tokencleaner.go:117] "Starting token cleaner controller"
2025-01-29 13:54:48,865 INFO c.h.h.t.HelmChartContainer - [K3S] [server.go:164] "Starting Kubernetes Scheduler" version="v1.32.1+k3s1"
2025-01-29 13:54:48,866 INFO c.h.h.t.HelmChartContainer - [K3S] [server.go:166] "Golang settings" GOGC="" GOMAXPROCS="" GOTRACEBACK=""
2025-01-29 13:54:48,869 INFO c.h.h.t.HelmChartContainer - [K3S] [requestheader_controller.go:180] Starting RequestHeaderAuthRequestController
2025-01-29 13:54:48,870 INFO c.h.h.t.HelmChartContainer - [K3S] [configmap_cafile_content.go:205] "Starting controller" name="client-ca::kube-system::extension-apiserver-authentication::client-ca-file"
2025-01-29 13:54:48,870 INFO c.h.h.t.HelmChartContainer - [K3S] [configmap_cafile_content.go:205] "Starting controller" name="client-ca::kube-system::extension-apiserver-authentication::requestheader-client-ca-file"
2025-01-29 13:54:48,870 INFO c.h.h.t.HelmChartContainer - [K3S] [secure_serving.go:213] Serving securely on 127.0.0.1:10259
2025-01-29 13:54:48,870 INFO c.h.h.t.HelmChartContainer - [K3S] [tlsconfig.go:243] "Starting DynamicServingCertificateController"
2025-01-29 13:54:48,923 INFO c.h.h.t.HelmChartContainer - [K3S] [controllermanager.go:765] "Started controller" controller="persistentvolume-binder-controller"
2025-01-29 13:54:48,924 INFO c.h.h.t.HelmChartContainer - [K3S] [controllermanager.go:743] "Warning: skipping controller" controller="storage-version-migrator-controller"
2025-01-29 13:54:48,924 INFO c.h.h.t.HelmChartContainer - [K3S] [pv_controller_base.go:308] "Starting persistent volume controller"
2025-01-29 13:54:48,941 INFO c.h.h.t.HelmChartContainer - [K3S] [actual_state_of_world.go:541] "Failed to update statusUpdateNeeded field in actual state of world" err="Failed to set statusUpdateNeeded to needed true, because nodeName=\"06a12a63912a\" does not exist"
2025-01-29 13:54:48,984 INFO c.h.h.t.HelmChartContainer - [K3S] [range_allocator.go:177] "Sending events to api server"
2025-01-29 13:54:48,984 INFO c.h.h.t.HelmChartContainer - [K3S] [range_allocator.go:183] "Starting range CIDR allocator"
2025-01-29 13:54:49,012 INFO c.h.h.t.HelmChartContainer - [K3S] [range_allocator.go:428] "Set node PodCIDR" node="06a12a63912a" podCIDRs=["10.42.0.0/24"]
2025-01-29 13:54:49,013 INFO c.h.h.t.HelmChartContainer - [K3S] [range_allocator.go:247] "Successfully synced" key="06a12a63912a"
2025-01-29 13:54:49,014 INFO c.h.h.t.HelmChartContainer - [K3S] [range_allocator.go:247] "Successfully synced" key="06a12a63912a"
2025-01-29 13:54:49,019 INFO c.h.h.t.HelmChartContainer - [K3S] [INFO] Flannel found PodCIDR assigned for node 06a12a63912a
2025-01-29 13:54:49,031 INFO c.h.h.t.HelmChartContainer - [K3S] [node_lifecycle_controller.go:1234] "Initializing eviction metric for zone" zone=""
2025-01-29 13:54:49,033 INFO c.h.h.t.HelmChartContainer - [K3S] [node_lifecycle_controller.go:886] "Missing timestamp for Node. Assuming now as a timestamp" node="06a12a63912a"
2025-01-29 13:54:49,034 INFO c.h.h.t.HelmChartContainer - [K3S] [node_lifecycle_controller.go:1080] "Controller detected that zone is now in new state" zone="" newState="Normal"
2025-01-29 13:54:49,034 INFO c.h.h.t.HelmChartContainer - [K3S] [INFO] The interface eth0 with ipv4 address 172.18.0.2 will be used by flannel
2025-01-29 13:54:49,034 INFO c.h.h.t.HelmChartContainer - [K3S] [kube.go:139] Waiting 10m0s for node controller to sync
2025-01-29 13:54:49,035 INFO c.h.h.t.HelmChartContainer - [K3S] [kube.go:469] Starting kube subnet manager
2025-01-29 13:54:49,044 INFO c.h.h.t.HelmChartContainer - [K3S] [range_allocator.go:247] "Successfully synced" key="06a12a63912a"
2025-01-29 13:54:49,082 INFO c.h.h.t.HelmChartContainer - [K3S] [range_allocator.go:247] "Successfully synced" key="06a12a63912a"
2025-01-29 13:54:49,143 INFO c.h.h.t.HelmChartContainer - [K3S] [INFO] Starting network policy controller version v2.2.1, built on 2025-01-28T18:27:08Z, go1.23.4
2025-01-29 13:54:49,143 INFO c.h.h.t.HelmChartContainer - [K3S] [network_policy_controller.go:164] Starting network policy controller
2025-01-29 13:54:49,168 INFO c.h.h.t.HelmChartContainer - [K3S] [network_policy_controller.go:176] Starting network policy controller full sync goroutine
2025-01-29 13:54:49,412 INFO c.h.h.t.HelmChartContainer - [K3S] [INFO] Started tunnel to 172.18.0.2:6443
2025-01-29 13:54:49,412 INFO c.h.h.t.HelmChartContainer - [K3S] [INFO] Stopped tunnel to 127.0.0.1:6443
2025-01-29 13:54:49,412 INFO c.h.h.t.HelmChartContainer - [K3S] [INFO] Connecting to proxy" url="wss://172.18.0.2:6443/v1-k3s/connect
2025-01-29 13:54:49,412 INFO c.h.h.t.HelmChartContainer - [K3S] [INFO] Proxy done" err="context canceled" url="wss://127.0.0.1:6443/v1-k3s/connect
2025-01-29 13:54:49,412 INFO c.h.h.t.HelmChartContainer - [K3S] [INFO] error in remotedialer server [400]: websocket: close 1006 (abnormal closure): unexpected EOF
2025-01-29 13:54:49,414 INFO c.h.h.t.HelmChartContainer - [K3S] [INFO] Handling backend connection request [06a12a63912a]
2025-01-29 13:54:49,414 INFO c.h.h.t.HelmChartContainer - [K3S] [INFO] Remotedialer connected to proxy" url="wss://172.18.0.2:6443/v1-k3s/connect
2025-01-29 13:54:49,682 INFO c.h.h.t.HelmChartContainer - [K3S] [handler_proxy.go:99] no RequestInfo found in the context
2025-01-29 13:54:49,684 INFO c.h.h.t.HelmChartContainer - [K3S] [controller.go:146] "Unhandled Error" err=<
2025-01-29 13:54:49,684 INFO c.h.h.t.HelmChartContainer - [K3S] 	, Header: map[Content-Type:[text/plain; charset=utf-8] X-Content-Type-Options:[nosniff]]
2025-01-29 13:54:49,684 INFO c.h.h.t.HelmChartContainer - [K3S]  >
2025-01-29 13:54:49,684 INFO c.h.h.t.HelmChartContainer - [K3S] [handler_proxy.go:143] error resolving kube-system/metrics-server: no endpoints available for service "metrics-server"
2025-01-29 13:54:49,835 INFO c.h.h.t.HelmChartContainer - [K3S] [replica_set.go:679] "Finished syncing" kind="ReplicaSet" key="kube-system/local-path-provisioner-698b58967b" duration="355.296471ms"
2025-01-29 13:54:49,837 INFO c.h.h.t.HelmChartContainer - [K3S] [replica_set.go:679] "Finished syncing" kind="ReplicaSet" key="kube-system/metrics-server-8584b5786c" duration="357.343884ms"
2025-01-29 13:54:49,850 INFO c.h.h.t.HelmChartContainer - [K3S] [replica_set.go:679] "Finished syncing" kind="ReplicaSet" key="kube-system/local-path-provisioner-698b58967b" duration="13.727336ms"
2025-01-29 13:54:49,851 INFO c.h.h.t.HelmChartContainer - [K3S] [replica_set.go:679] "Finished syncing" kind="ReplicaSet" key="kube-system/local-path-provisioner-698b58967b" duration="31.79µs"
2025-01-29 13:54:49,853 INFO c.h.h.t.HelmChartContainer - [K3S] [replica_set.go:679] "Finished syncing" kind="ReplicaSet" key="kube-system/coredns-ff8999cc5" duration="366.308793ms"
2025-01-29 13:54:49,855 INFO c.h.h.t.HelmChartContainer - [K3S] [replica_set.go:679] "Finished syncing" kind="ReplicaSet" key="kube-system/metrics-server-8584b5786c" duration="17.971145ms"
2025-01-29 13:54:49,870 INFO c.h.h.t.HelmChartContainer - [K3S] [replica_set.go:679] "Finished syncing" kind="ReplicaSet" key="kube-system/local-path-provisioner-698b58967b" duration="38.301µs"
2025-01-29 13:54:49,873 INFO c.h.h.t.HelmChartContainer - [K3S] [reconciler_common.go:251] "operationExecutor.VerifyControllerAttachedVolume started for volume \"kube-api-access-j7fhg\" (UniqueName: \"kubernetes.io/projected/7f990dc1-82ef-436f-84ad-9430cd4018aa-kube-api-access-j7fhg\") pod \"metrics-server-8584b5786c-z4sj5\" (UID: \"7f990dc1-82ef-436f-84ad-9430cd4018aa\") " pod="kube-system/metrics-server-8584b5786c-z4sj5"
2025-01-29 13:54:49,874 INFO c.h.h.t.HelmChartContainer - [K3S] [reconciler_common.go:251] "operationExecutor.VerifyControllerAttachedVolume started for volume \"config-volume\" (UniqueName: \"kubernetes.io/configmap/d925854c-f116-4a42-8b4e-de28001c9f4d-config-volume\") pod \"coredns-ff8999cc5-bwh9q\" (UID: \"d925854c-f116-4a42-8b4e-de28001c9f4d\") " pod="kube-system/coredns-ff8999cc5-bwh9q"
2025-01-29 13:54:49,874 INFO c.h.h.t.HelmChartContainer - [K3S] [reconciler_common.go:251] "operationExecutor.VerifyControllerAttachedVolume started for volume \"custom-config-volume\" (UniqueName: \"kubernetes.io/configmap/d925854c-f116-4a42-8b4e-de28001c9f4d-custom-config-volume\") pod \"coredns-ff8999cc5-bwh9q\" (UID: \"d925854c-f116-4a42-8b4e-de28001c9f4d\") " pod="kube-system/coredns-ff8999cc5-bwh9q"
2025-01-29 13:54:49,875 INFO c.h.h.t.HelmChartContainer - [K3S] [reconciler_common.go:251] "operationExecutor.VerifyControllerAttachedVolume started for volume \"kube-api-access-wnr5q\" (UniqueName: \"kubernetes.io/projected/d925854c-f116-4a42-8b4e-de28001c9f4d-kube-api-access-wnr5q\") pod \"coredns-ff8999cc5-bwh9q\" (UID: \"d925854c-f116-4a42-8b4e-de28001c9f4d\") " pod="kube-system/coredns-ff8999cc5-bwh9q"
2025-01-29 13:54:49,875 INFO c.h.h.t.HelmChartContainer - [K3S] [reconciler_common.go:251] "operationExecutor.VerifyControllerAttachedVolume started for volume \"config-volume\" (UniqueName: \"kubernetes.io/configmap/de44d3ec-3a80-48d2-b4e4-a633807e5507-config-volume\") pod \"local-path-provisioner-698b58967b-qmhm4\" (UID: \"de44d3ec-3a80-48d2-b4e4-a633807e5507\") " pod="kube-system/local-path-provisioner-698b58967b-qmhm4"
2025-01-29 13:54:49,875 INFO c.h.h.t.HelmChartContainer - [K3S] [reconciler_common.go:251] "operationExecutor.VerifyControllerAttachedVolume started for volume \"kube-api-access-zftgr\" (UniqueName: \"kubernetes.io/projected/de44d3ec-3a80-48d2-b4e4-a633807e5507-kube-api-access-zftgr\") pod \"local-path-provisioner-698b58967b-qmhm4\" (UID: \"de44d3ec-3a80-48d2-b4e4-a633807e5507\") " pod="kube-system/local-path-provisioner-698b58967b-qmhm4"
2025-01-29 13:54:49,875 INFO c.h.h.t.HelmChartContainer - [K3S] [reconciler_common.go:251] "operationExecutor.VerifyControllerAttachedVolume started for volume \"tmp-dir\" (UniqueName: \"kubernetes.io/empty-dir/7f990dc1-82ef-436f-84ad-9430cd4018aa-tmp-dir\") pod \"metrics-server-8584b5786c-z4sj5\" (UID: \"7f990dc1-82ef-436f-84ad-9430cd4018aa\") " pod="kube-system/metrics-server-8584b5786c-z4sj5"
2025-01-29 13:54:49,880 INFO c.h.h.t.HelmChartContainer - [K3S] [replica_set.go:679] "Finished syncing" kind="ReplicaSet" key="kube-system/metrics-server-8584b5786c" duration="22.397574ms"
2025-01-29 13:54:49,882 INFO c.h.h.t.HelmChartContainer - [K3S] [replica_set.go:679] "Finished syncing" kind="ReplicaSet" key="kube-system/metrics-server-8584b5786c" duration="35.045µs"
2025-01-29 13:54:49,882 INFO c.h.h.t.HelmChartContainer - [K3S] [replica_set.go:679] "Finished syncing" kind="ReplicaSet" key="kube-system/coredns-ff8999cc5" duration="27.654426ms"
2025-01-29 13:54:49,888 INFO c.h.h.t.HelmChartContainer - [K3S] [replica_set.go:679] "Finished syncing" kind="ReplicaSet" key="kube-system/metrics-server-8584b5786c" duration="657.647µs"
2025-01-29 13:54:49,894 INFO c.h.h.t.HelmChartContainer - [K3S] [replica_set.go:679] "Finished syncing" kind="ReplicaSet" key="kube-system/coredns-ff8999cc5" duration="15.534997ms"
2025-01-29 13:54:49,895 INFO c.h.h.t.HelmChartContainer - [K3S] [replica_set.go:679] "Finished syncing" kind="ReplicaSet" key="kube-system/coredns-ff8999cc5" duration="32.21µs"
2025-01-29 13:54:49,898 INFO c.h.h.t.HelmChartContainer - [K3S] [replica_set.go:679] "Finished syncing" kind="ReplicaSet" key="kube-system/coredns-ff8999cc5" duration="33.433µs"
2025-01-29 13:54:50,034 INFO c.h.h.t.HelmChartContainer - [K3S] [kube.go:146] Node controller sync successful
2025-01-29 13:54:50,034 INFO c.h.h.t.HelmChartContainer - [K3S] [vxlan.go:141] VXLAN config: VNI=1 Port=0 GBP=false Learning=false DirectRouting=false
2025-01-29 13:54:50,037 INFO c.h.h.t.HelmChartContainer - [K3S] [kube.go:636] List of node(06a12a63912a) annotations: map[string]string{"alpha.kubernetes.io/provided-node-ip":"172.18.0.2", "k3s.io/hostname":"06a12a63912a", "k3s.io/internal-ip":"172.18.0.2", "k3s.io/node-args":"[\"server\",\"--etcd-arg\",\"unsafe-no-fsync\",\"--etcd-arg\",\"snapshot-count=10000\",\"--etcd-arg\",\"auto-compaction-mode=revision\",\"--etcd-arg\",\"auto-compaction-retention=1000000\",\"--kube-apiserver-arg\",\"etcd-compaction-interval=0s\",\"--disable\",\"traefik\",\"--tls-san\",\"localhost\"]", "k3s.io/node-config-hash":"2QNNT5M5XUBFOLO5XPGEVGOM5UDLHHTIVMSRUPAUHE5DU3HUYQUQ====", "k3s.io/node-env":"{}", "node.alpha.kubernetes.io/ttl":"0", "volumes.kubernetes.io/controller-managed-attach-detach":"true"}
2025-01-29 13:54:50,044 INFO c.h.h.t.HelmChartContainer - [K3S] [kube.go:490] Creating the node lease for IPv4. This is the n.Spec.PodCIDRs: [10.42.0.0/24]
2025-01-29 13:54:50,045 INFO c.h.h.t.HelmChartContainer - [K3S] [range_allocator.go:247] "Successfully synced" key="06a12a63912a"
2025-01-29 13:54:50,045 INFO c.h.h.t.HelmChartContainer - [K3S] [iptables.go:51] Starting flannel in iptables mode...
2025-01-29 13:54:50,045 INFO c.h.h.t.HelmChartContainer - [K3S] [WARNING] no subnet found for key: FLANNEL_NETWORK in file: /run/flannel/subnet.env
2025-01-29 13:54:50,045 INFO c.h.h.t.HelmChartContainer - [K3S] [WARNING] no subnet found for key: FLANNEL_SUBNET in file: /run/flannel/subnet.env
2025-01-29 13:54:50,045 INFO c.h.h.t.HelmChartContainer - [K3S] [WARNING] no subnet found for key: FLANNEL_IPV6_NETWORK in file: /run/flannel/subnet.env
2025-01-29 13:54:50,045 INFO c.h.h.t.HelmChartContainer - [K3S] [WARNING] no subnet found for key: FLANNEL_IPV6_SUBNET in file: /run/flannel/subnet.env
2025-01-29 13:54:50,045 INFO c.h.h.t.HelmChartContainer - [K3S] [iptables.go:115] Current network or subnet (10.42.0.0/16, 10.42.0.0/24) is not equal to previous one (0.0.0.0/0, 0.0.0.0/0), trying to recycle old iptables rules
2025-01-29 13:54:50,053 INFO c.h.h.t.HelmChartContainer - [K3S] [iptables.go:125] Setting up masking rules
2025-01-29 13:54:50,055 INFO c.h.h.t.HelmChartContainer - [K3S] [iptables.go:226] Changing default FORWARD chain policy to ACCEPT
2025-01-29 13:54:50,058 INFO c.h.h.t.HelmChartContainer - [K3S] [INFO] Wrote flannel subnet file to /run/flannel/subnet.env
2025-01-29 13:54:50,058 INFO c.h.h.t.HelmChartContainer - [K3S] [INFO] Running flannel backend.
2025-01-29 13:54:50,058 INFO c.h.h.t.HelmChartContainer - [K3S] [vxlan_network.go:65] watching for new subnet leases
2025-01-29 13:54:50,067 INFO c.h.h.t.HelmChartContainer - [K3S] [iptables.go:372] bootstrap done
2025-01-29 13:54:50,072 INFO c.h.h.t.HelmChartContainer - [K3S] [iptables.go:372] bootstrap done
2025-01-29 13:54:50,686 INFO c.h.h.t.HelmChartContainer - [K3S] [handler_proxy.go:99] no RequestInfo found in the context
2025-01-29 13:54:50,686 INFO c.h.h.t.HelmChartContainer - [K3S] [handler_proxy.go:99] no RequestInfo found in the context
2025-01-29 13:54:50,686 INFO c.h.h.t.HelmChartContainer - [K3S] [controller.go:102] "Unhandled Error" err=<
2025-01-29 13:54:50,686 INFO c.h.h.t.HelmChartContainer - [K3S] 	, Header: map[Content-Type:[text/plain; charset=utf-8] X-Content-Type-Options:[nosniff]]
2025-01-29 13:54:50,686 INFO c.h.h.t.HelmChartContainer - [K3S]  >
2025-01-29 13:54:52,516 INFO c.h.h.t.HelmChartContainer - [K3S] [replica_set.go:679] "Finished syncing" kind="ReplicaSet" key="kube-system/local-path-provisioner-698b58967b" duration="7.561035ms"
2025-01-29 13:54:52,516 INFO c.h.h.t.HelmChartContainer - [K3S] [replica_set.go:679] "Finished syncing" kind="ReplicaSet" key="kube-system/local-path-provisioner-698b58967b" duration="37.339µs"
2025-01-29 13:54:53,548 INFO c.h.h.t.HelmChartContainer - [K3S] [replica_set.go:679] "Finished syncing" kind="ReplicaSet" key="kube-system/metrics-server-8584b5786c" duration="35.957µs"
2025-01-29 13:54:53,568 INFO c.h.h.t.HelmChartContainer - [K3S] [replica_set.go:679] "Finished syncing" kind="ReplicaSet" key="kube-system/coredns-ff8999cc5" duration="8.13725ms"
2025-01-29 13:54:53,569 INFO c.h.h.t.HelmChartContainer - [K3S] [replica_set.go:679] "Finished syncing" kind="ReplicaSet" key="kube-system/coredns-ff8999cc5" duration="32.571µs"
2025-01-29 13:54:53,628 INFO c.h.h.t.HelmChartContainer - [K3S] [kuberuntime_manager.go:1702] "Updating runtime config through cri with podcidr" CIDR="10.42.0.0/24"
2025-01-29 13:54:53,629 INFO c.h.h.t.HelmChartContainer - [K3S] [kubelet_network.go:61] "Updating Pod CIDR" originalPodCIDR="" newPodCIDR="10.42.0.0/24"
2025-01-29 13:54:53,637 INFO c.h.h.t.HelmChartContainer - [K3S] [range_allocator.go:247] "Successfully synced" key="06a12a63912a"
2025-01-29 13:54:53,930 DEBUG c.h.h.t.HelmChartContainer - Image file loaded 'hivemq-platform-operator.tar'
2025-01-29 13:54:54,359 DEBUG c.h.h.t.HelmChartContainer - Image file loaded 'hivemq-platform-operator-init.tar'
2025-01-29 13:54:59,825 DEBUG c.h.h.t.HelmChartContainer - Image file loaded 'hivemq-platform.tar'
2025-01-29 13:54:59,825 DEBUG c.h.h.t.HelmChartContainer - Successful Helm chart Container startup
2025-01-29 13:54:59,838 INFO t.localhost/testcontainers/mnbgtgg5twhfwejg:latest - Container localhost/testcontainers/mnbgtgg5twhfwejg:latest started in PT19.817684376S
2025-01-29 13:54:59,845 DEBUG c.h.h.t.HelmChartContainer - Executing helm command: /bin/helm --kubeconfig /etc/rancher/k3s/k3s.yaml repo add hivemq https://hivemq.github.io/helm-charts
2025-01-29 13:55:01,021 INFO c.h.h.t.HelmChartContainer - Saved kubeconfig file on /tmp/kubeconfig-12321078467710624013.yaml
2025-01-29 13:55:01,021 INFO c.h.h.t.HelmChartContainer - HelmChartContainer is started
2025-01-29 13:55:01,021 INFO c.h.h.t.HelmChartContainer - [EVENT] Normal [Starting] Starting kubelet. [null:06a12a63912a]
2025-01-29 13:55:01,024 INFO c.h.h.t.HelmChartContainer - [EVENT] Warning [InvalidDiskCapacity] invalid capacity 0 on image filesystem [null:06a12a63912a]
2025-01-29 13:55:01,024 INFO c.h.h.t.HelmChartContainer - [EVENT] Normal [NodeHasSufficientMemory] Node 06a12a63912a status is now: NodeHasSufficientMemory [null:06a12a63912a]
2025-01-29 13:55:01,025 INFO c.h.h.t.HelmChartContainer - [EVENT] Normal [NodeHasNoDiskPressure] Node 06a12a63912a status is now: NodeHasNoDiskPressure [null:06a12a63912a]
2025-01-29 13:55:01,028 INFO c.h.h.t.HelmChartContainer - [EVENT] Normal [NodeHasSufficientPID] Node 06a12a63912a status is now: NodeHasSufficientPID [null:06a12a63912a]
2025-01-29 13:55:01,030 INFO c.h.h.t.HelmChartContainer - [EVENT] Normal [NodeAllocatableEnforced] Updated Node Allocatable limit across pods [null:06a12a63912a]
2025-01-29 13:55:01,032 INFO c.h.h.t.HelmChartContainer - [EVENT] Normal [NodeReady] Node 06a12a63912a status is now: NodeReady [null:06a12a63912a]
2025-01-29 13:55:01,032 INFO c.h.h.t.HelmChartContainer - [EVENT] Normal [NodePasswordValidationComplete] Deferred node password secret validation complete [null:06a12a63912a]
2025-01-29 13:55:01,032 INFO c.h.h.t.HelmChartContainer - [EVENT] Normal [Synced] Node synced successfully [null:06a12a63912a]
2025-01-29 13:55:01,032 INFO c.h.h.t.HelmChartContainer - [EVENT] Normal [RegisteredNode] Node 06a12a63912a event: Registered Node 06a12a63912a in Controller [null:06a12a63912a]
]]></system-out>
  <system-err><![CDATA[]]></system-err>
</testsuite>
