<?xml version="1.0" encoding="UTF-8"?>
<testsuite name="com.hivemq.helmcharts.platform.HelmRollingUpgradePlatformIT" tests="1" skipped="0" failures="0" errors="0" timestamp="2025-04-24T15:40:50" hostname="fv-az1370-305" time="215.587">
  <properties/>
  <testcase name="withPreviousPlatformInstalled_upgradeToLatestChartVersion()" classname="com.hivemq.helmcharts.platform.HelmRollingUpgradePlatformIT" time="215.587"/>
</testsuite>
