<?xml version="1.0" encoding="UTF-8"?>
<testsuite name="com.hivemq.helmcharts.volumes.HelmAdditionalVolumesIT" tests="1" skipped="0" failures="0" errors="0" timestamp="2025-01-29T17:08:06" hostname="fv-az1326-99" time="106.493">
  <properties/>
  <testcase name="withAdditionalVolumes_hivemqRunningWithVolumeMounts()" classname="com.hivemq.helmcharts.volumes.HelmAdditionalVolumesIT" time="106.493">
    <system-out><![CDATA[2025-01-29 17:08:06,247 INFO c.h.h.t.HelmChartContainer - Creating namespace 'helmadditionalvolumesit-operator'...
2025-01-29 17:08:06,259 INFO c.h.h.t.HelmChartContainer - Namespace 'helmadditionalvolumesit-operator' created
2025-01-29 17:08:06,259 INFO c.h.h.t.HelmChartContainer - Creating namespace 'helmadditionalvolumesit'...
2025-01-29 17:08:06,268 INFO c.h.h.t.HelmChartContainer - Namespace 'helmadditionalvolumesit' created
2025-01-29 17:08:06,345 DEBUG c.h.h.t.HelmChartContainer - Executing helm command: /bin/helm --kubeconfig /etc/rancher/k3s/k3s.yaml install test-hivemq-platform-operator /charts/hivemq-platform-operator --wait --timeout 5m0s --set image.repository=docker.io/hivemq --set image.name=hivemq-platform-operator-test --set image.initImageName=hivemq-platform-operator-init-test --set image.tag=snapshot --set image.pullPolicy=Never --set logLevel=DEBUG --set resources.cpu=512m --namespace helmadditionalvolumesit-operator
2025-01-29 17:08:06,685 INFO c.h.h.t.HelmChartContainer - [K3S] [alloc.go:330] "allocated clusterIPs" service="helmadditionalvolumesit-operator/hivemq-platform-operator-test-hivemq-platform-operator" clusterIPs={"IPv4":"10.43.159.76"}
2025-01-29 17:08:06,700 INFO c.h.h.t.HelmChartContainer - [EVENT] Normal [ScalingReplicaSet] Scaled up replica set hivemq-test-hivemq-platform-operator-6966f96d65 from 0 to 1 [helmadditionalvolumesit-operator:hivemq-test-hivemq-platform-operator]
2025-01-29 17:08:06,708 INFO c.h.h.t.HelmChartContainer - [POD] hivemq-test-hivemq-platform-operator-6966f96d65-z9ctw [59cb48af-6e7b-47cd-a21a-af85feed4d1b] in helmadditionalvolumesit-operator was ADDED
2025-01-29 17:08:06,715 INFO c.h.h.t.HelmChartContainer - [K3S] [replica_set.go:679] "Finished syncing" kind="ReplicaSet" key="helmadditionalvolumesit-operator/hivemq-test-hivemq-platform-operator-6966f96d65" duration="19.645836ms"
2025-01-29 17:08:06,716 INFO c.h.h.t.HelmChartContainer - [EVENT] Normal [SuccessfulCreate] Created pod: hivemq-test-hivemq-platform-operator-6966f96d65-z9ctw [helmadditionalvolumesit-operator:hivemq-test-hivemq-platform-operator-6966f96d65]
2025-01-29 17:08:06,717 INFO c.h.h.t.HelmChartContainer - [K3S] [memory_manager.go:355] "RemoveStaleState removing state" podUID="abf1f278-e2b0-4155-9cf9-ac4659466521" containerName="hivemq-platform-operator"
2025-01-29 17:08:06,717 INFO c.h.h.t.HelmChartContainer - [K3S] [memory_manager.go:355] "RemoveStaleState removing state" podUID="a2b2461b-6861-4999-b712-ee65496cf05a" containerName="hivemq"
2025-01-29 17:08:06,719 INFO c.h.h.t.HelmChartContainer - [POD] hivemq-test-hivemq-platform-operator-6966f96d65-z9ctw [59cb48af-6e7b-47cd-a21a-af85feed4d1b] in helmadditionalvolumesit-operator was MODIFIED
2025-01-29 17:08:06,723 INFO c.h.h.t.HelmChartContainer - [K3S] [replica_set.go:679] "Finished syncing" kind="ReplicaSet" key="helmadditionalvolumesit-operator/hivemq-test-hivemq-platform-operator-6966f96d65" duration="8.831108ms"
2025-01-29 17:08:06,724 INFO c.h.h.t.HelmChartContainer - [K3S] [replica_set.go:679] "Finished syncing" kind="ReplicaSet" key="helmadditionalvolumesit-operator/hivemq-test-hivemq-platform-operator-6966f96d65" duration="44.624µs"
2025-01-29 17:08:06,726 INFO c.h.h.t.HelmChartContainer - [EVENT] Normal [Scheduled] Successfully assigned helmadditionalvolumesit-operator/hivemq-test-hivemq-platform-operator-6966f96d65-z9ctw to 3b0819b0f5e2 [helmadditionalvolumesit-operator:hivemq-test-hivemq-platform-operator-6966f96d65-z9ctw]
2025-01-29 17:08:06,731 INFO c.h.h.t.HelmChartContainer - [K3S] [replica_set.go:679] "Finished syncing" kind="ReplicaSet" key="helmadditionalvolumesit-operator/hivemq-test-hivemq-platform-operator-6966f96d65" duration="59.121µs"
2025-01-29 17:08:06,732 INFO c.h.h.t.HelmChartContainer - [POD] hivemq-test-hivemq-platform-operator-6966f96d65-z9ctw [59cb48af-6e7b-47cd-a21a-af85feed4d1b] in helmadditionalvolumesit-operator was MODIFIED
2025-01-29 17:08:06,815 INFO c.h.h.t.HelmChartContainer - [K3S] [reconciler_common.go:251] "operationExecutor.VerifyControllerAttachedVolume started for volume \"kube-api-access-qdvdb\" (UniqueName: \"kubernetes.io/projected/59cb48af-6e7b-47cd-a21a-af85feed4d1b-kube-api-access-qdvdb\") pod \"hivemq-test-hivemq-platform-operator-6966f96d65-z9ctw\" (UID: \"59cb48af-6e7b-47cd-a21a-af85feed4d1b\") " pod="helmadditionalvolumesit-operator/hivemq-test-hivemq-platform-operator-6966f96d65-z9ctw"
2025-01-29 17:08:07,113 INFO c.h.h.t.HelmChartContainer - [EVENT] Normal [Pulled] Container image "docker.io/hivemq/hivemq-platform-operator-test:snapshot" already present on machine [helmadditionalvolumesit-operator:hivemq-test-hivemq-platform-operator-6966f96d65-z9ctw]
2025-01-29 17:08:07,113 INFO c.h.h.t.HelmChartContainer - Received Pulled event for container hivemq-platform-operator in pod hivemq-test-hivemq-platform-operator-6966f96d65-z9ctw [59cb48af-6e7b-47cd-a21a-af85feed4d1b]
2025-01-29 17:08:08,377 INFO c.h.h.t.HelmChartContainer - [EVENT] Normal [Created] Created container: hivemq-platform-operator [helmadditionalvolumesit-operator:hivemq-test-hivemq-platform-operator-6966f96d65-z9ctw]
2025-01-29 17:08:08,377 INFO c.h.h.t.HelmChartContainer - Received Created event for container hivemq-platform-operator in pod hivemq-test-hivemq-platform-operator-6966f96d65-z9ctw [59cb48af-6e7b-47cd-a21a-af85feed4d1b]
2025-01-29 17:08:08,930 INFO c.h.h.t.HelmChartContainer - [POD] hivemq-test-hivemq-platform-operator-6966f96d65-z9ctw [59cb48af-6e7b-47cd-a21a-af85feed4d1b] in helmadditionalvolumesit-operator was MODIFIED
2025-01-29 17:08:08,935 INFO c.h.h.t.HelmChartContainer - [K3S] [replica_set.go:679] "Finished syncing" kind="ReplicaSet" key="helmadditionalvolumesit-operator/hivemq-test-hivemq-platform-operator-6966f96d65" duration="47.249µs"
2025-01-29 17:08:08,941 INFO c.h.h.t.HelmChartContainer - [EVENT] Normal [Started] Started container hivemq-platform-operator [helmadditionalvolumesit-operator:hivemq-test-hivemq-platform-operator-6966f96d65-z9ctw]
2025-01-29 17:08:08,941 INFO c.h.h.t.HelmChartContainer - Received Started event for container hivemq-platform-operator in pod hivemq-test-hivemq-platform-operator-6966f96d65-z9ctw [59cb48af-6e7b-47cd-a21a-af85feed4d1b]
2025-01-29 17:08:08,941 INFO c.h.h.t.HelmChartContainer - Started log watcher for hivemq-platform-operator in pod hivemq-test-hivemq-platform-operator-6966f96d65-z9ctw [59cb48af-6e7b-47cd-a21a-af85feed4d1b]
2025-01-29 17:08:08,942 INFO c.h.h.t.HelmChartContainer - [hivemq-test-hivemq-platform] [hivemq-platform-operator] [59cb48af] -------------------------------------------------------------------------
2025-01-29 17:08:08,942 INFO c.h.h.t.HelmChartContainer - [hivemq-test-hivemq-platform] [hivemq-platform-operator] [59cb48af] 
2025-01-29 17:08:08,942 INFO c.h.h.t.HelmChartContainer - [hivemq-test-hivemq-platform] [hivemq-platform-operator] [59cb48af]                   _    _  _              __  __   ____
2025-01-29 17:08:08,942 INFO c.h.h.t.HelmChartContainer - [hivemq-test-hivemq-platform] [hivemq-platform-operator] [59cb48af]                  | |  | |(_)            |  \/  | / __ \
2025-01-29 17:08:08,942 INFO c.h.h.t.HelmChartContainer - [hivemq-test-hivemq-platform] [hivemq-platform-operator] [59cb48af]                  | |__| | _ __   __ ___ | \  / || |  | |
2025-01-29 17:08:08,942 INFO c.h.h.t.HelmChartContainer - [hivemq-test-hivemq-platform] [hivemq-platform-operator] [59cb48af]                  |  __  || |\ \ / // _ \| |\/| || |  | |
2025-01-29 17:08:08,942 INFO c.h.h.t.HelmChartContainer - [hivemq-test-hivemq-platform] [hivemq-platform-operator] [59cb48af]                  | |  | || | \ V /|  __/| |  | || |__| |
2025-01-29 17:08:08,942 INFO c.h.h.t.HelmChartContainer - [hivemq-test-hivemq-platform] [hivemq-platform-operator] [59cb48af]                  |_|  |_||_|  \_/  \___||_|  |_| \___\_\
2025-01-29 17:08:08,942 INFO c.h.h.t.HelmChartContainer - [hivemq-test-hivemq-platform] [hivemq-platform-operator] [59cb48af] 
2025-01-29 17:08:08,942 INFO c.h.h.t.HelmChartContainer - [hivemq-test-hivemq-platform] [hivemq-platform-operator] [59cb48af] -------------------------------------------------------------------------
2025-01-29 17:08:08,942 INFO c.h.h.t.HelmChartContainer - [hivemq-test-hivemq-platform] [hivemq-platform-operator] [59cb48af] 
2025-01-29 17:08:08,942 INFO c.h.h.t.HelmChartContainer - [hivemq-test-hivemq-platform] [hivemq-platform-operator] [59cb48af]   HiveMQ Platform Operator Start Script v1.0
2025-01-29 17:08:08,942 INFO c.h.h.t.HelmChartContainer - [hivemq-test-hivemq-platform] [hivemq-platform-operator] [59cb48af] 
2025-01-29 17:08:08,942 INFO c.h.h.t.HelmChartContainer - [hivemq-test-hivemq-platform] [hivemq-platform-operator] [59cb48af] -------------------------------------------------------------------------
2025-01-29 17:08:08,942 INFO c.h.h.t.HelmChartContainer - [hivemq-test-hivemq-platform] [hivemq-platform-operator] [59cb48af] 
2025-01-29 17:08:08,942 INFO c.h.h.t.HelmChartContainer - [hivemq-test-hivemq-platform] [hivemq-platform-operator] [59cb48af]   JAVA_OPTS: -XX:+UnlockExperimentalVMOptions -XX:InitialRAMPercentage=75 -XX:MaxRAMPercentage=75 -Duser.language=en -Duser.region=US
2025-01-29 17:08:08,942 INFO c.h.h.t.HelmChartContainer - [hivemq-test-hivemq-platform] [hivemq-platform-operator] [59cb48af] 
2025-01-29 17:08:08,942 INFO c.h.h.t.HelmChartContainer - [hivemq-test-hivemq-platform] [hivemq-platform-operator] [59cb48af]   JAVA_VERSION: 21
2025-01-29 17:08:08,942 INFO c.h.h.t.HelmChartContainer - [hivemq-test-hivemq-platform] [hivemq-platform-operator] [59cb48af] 
2025-01-29 17:08:08,943 INFO c.h.h.t.HelmChartContainer - [hivemq-test-hivemq-platform] [hivemq-platform-operator] [59cb48af] -------------------------------------------------------------------------
2025-01-29 17:08:08,943 INFO c.h.h.t.HelmChartContainer - [hivemq-test-hivemq-platform] [hivemq-platform-operator] [59cb48af] 
2025-01-29 17:08:11,700 INFO c.h.h.t.HelmChartContainer - [hivemq-test-hivemq-platform] [hivemq-platform-operator] [59cb48af] 17:08:11.697 [main] DEBUG org.jboss.logging - Logging Provider: org.jboss.logging.Slf4jLoggerProvider
2025-01-29 17:08:11,809 INFO c.h.h.t.HelmChartContainer - [hivemq-test-hivemq-platform] [hivemq-platform-operator] [59cb48af] 17:08:11.808 [main] DEBUG io.smallrye.config - SRCFG01006: Loaded ConfigSource SysPropConfigSource with ordinal 400
2025-01-29 17:08:11,809 INFO c.h.h.t.HelmChartContainer - [hivemq-test-hivemq-platform] [hivemq-platform-operator] [59cb48af] 17:08:11.808 [main] DEBUG io.smallrye.config - SRCFG01006: Loaded ConfigSource EnvConfigSource with ordinal 300
2025-01-29 17:08:11,810 INFO c.h.h.t.HelmChartContainer - [hivemq-test-hivemq-platform] [hivemq-platform-operator] [59cb48af] 17:08:11.808 [main] DEBUG io.smallrye.config - SRCFG01006: Loaded ConfigSource PropertiesConfigSource[source=jar:file:///opt/hivemq-platform-operator/bin/hivemq-platform-operator.jar!/hivemq-platform-operator.properties] with ordinal 100
2025-01-29 17:08:11,810 INFO c.h.h.t.HelmChartContainer - [hivemq-test-hivemq-platform] [hivemq-platform-operator] [59cb48af] 17:08:11.808 [main] DEBUG io.smallrye.config - SRCFG01006: Loaded ConfigSource DefaultValuesConfigSource with ordinal -2147483648
2025-01-29 17:08:11,913 INFO c.h.h.t.HelmChartContainer - [hivemq-test-hivemq-platform] [hivemq-platform-operator] [59cb48af] 17:08:11.912 [main] DEBUG i.m.c.u.i.l.InternalLoggerFactory - Using SLF4J as the default logging framework
2025-01-29 17:08:12,095 INFO c.h.h.t.HelmChartContainer - [hivemq-test-hivemq-platform] [hivemq-platform-operator] [59cb48af] 17:08:12.040 [main] INFO  c.h.p.o.HiveMQPlatformOperatorApplication - HiveMQ Platform Operator 1.7.0-SNAPSHOT (commit: 8465ebf on branch: HEAD) built on Wed Jan 29 16:56:31 UTC 2025
2025-01-29 17:08:12,096 INFO c.h.h.t.HelmChartContainer - [hivemq-test-hivemq-platform] [hivemq-platform-operator] [59cb48af] 17:08:12.094 [main] INFO  c.h.p.o.HiveMQPlatformOperatorApplication - HiveMQ Platform Operator is running in namespace: helmadditionalvolumesit-operator
2025-01-29 17:08:12,096 INFO c.h.h.t.HelmChartContainer - [hivemq-test-hivemq-platform] [hivemq-platform-operator] [59cb48af] 17:08:12.094 [main] INFO  c.h.p.o.HiveMQPlatformOperatorApplication - Watching all namespaces
2025-01-29 17:08:12,097 INFO c.h.h.t.HelmChartContainer - [hivemq-test-hivemq-platform] [hivemq-platform-operator] [59cb48af] 17:08:12.094 [main] INFO  c.h.p.o.HiveMQPlatformOperatorApplication - Log level: DEBUG
2025-01-29 17:08:12,097 INFO c.h.h.t.HelmChartContainer - [hivemq-test-hivemq-platform] [hivemq-platform-operator] [59cb48af] 17:08:12.094 [main] INFO  c.h.p.o.HiveMQPlatformOperatorApplication - Release name: test-hivemq-platform-operator
2025-01-29 17:08:12,097 INFO c.h.h.t.HelmChartContainer - [hivemq-test-hivemq-platform] [hivemq-platform-operator] [59cb48af] 17:08:12.094 [main] INFO  c.h.p.o.HiveMQPlatformOperatorApplication - HiveMQ Platform Operator Init image: docker.io/hivemq/hivemq-platform-operator-init-test:snapshot
2025-01-29 17:08:12,097 INFO c.h.h.t.HelmChartContainer - [hivemq-test-hivemq-platform] [hivemq-platform-operator] [59cb48af] 17:08:12.094 [main] INFO  c.h.p.o.HiveMQPlatformOperatorApplication - HiveMQ Platform Operator Init App update URL: http://hivemq-platform-operator-test-hivemq-platform-operator.helmadditionalvolumesit-operator.svc:8080/initAppUpdate/hivemq-platform-operator-init-app-1.7.0-SNAPSHOT.jar
2025-01-29 17:08:12,097 INFO c.h.h.t.HelmChartContainer - [hivemq-test-hivemq-platform] [hivemq-platform-operator] [59cb48af] 17:08:12.094 [main] INFO  c.h.p.o.HiveMQPlatformOperatorApplication - Additional imagePullSecret for all Platform deployments: none
2025-01-29 17:08:12,097 INFO c.h.h.t.HelmChartContainer - [hivemq-test-hivemq-platform] [hivemq-platform-operator] [59cb48af] 17:08:12.094 [main] INFO  c.h.p.o.HiveMQPlatformOperatorApplication - Apply HiveMQ Platform CRD: true
2025-01-29 17:08:12,097 INFO c.h.h.t.HelmChartContainer - [hivemq-test-hivemq-platform] [hivemq-platform-operator] [59cb48af] 17:08:12.094 [main] INFO  c.h.p.o.HiveMQPlatformOperatorApplication - Create Platform ServiceAccount: true
2025-01-29 17:08:12,097 INFO c.h.h.t.HelmChartContainer - [hivemq-test-hivemq-platform] [hivemq-platform-operator] [59cb48af] 17:08:12.094 [main] INFO  c.h.p.o.HiveMQPlatformOperatorApplication - Create Platform ServiceAccount permissions: true
2025-01-29 17:08:12,097 INFO c.h.h.t.HelmChartContainer - [hivemq-test-hivemq-platform] [hivemq-platform-operator] [59cb48af] 17:08:12.094 [main] INFO  c.h.p.o.HiveMQPlatformOperatorApplication - Validate Platform ServiceAccount: true
2025-01-29 17:08:12,097 INFO c.h.h.t.HelmChartContainer - [hivemq-test-hivemq-platform] [hivemq-platform-operator] [59cb48af] 17:08:12.094 [main] INFO  c.h.p.o.HiveMQPlatformOperatorApplication - Validate Platform ServiceAccount permissions: true
2025-01-29 17:08:12,240 INFO c.h.h.t.HelmChartContainer - [hivemq-test-hivemq-platform] [hivemq-platform-operator] [59cb48af] 17:08:12.239 [main] INFO  c.h.platform.operator.util.CRDUtil - Verifying deployed HiveMQ Platform CRD...
2025-01-29 17:08:14,792 INFO c.h.h.t.HelmChartContainer - [hivemq-test-hivemq-platform] [hivemq-platform-operator] [59cb48af] 17:08:14.790 [main] DEBUG c.h.platform.operator.util.CRDUtil - HiveMQ Platform CRD version v1 is up to date
2025-01-29 17:08:14,792 INFO c.h.h.t.HelmChartContainer - [hivemq-test-hivemq-platform] [hivemq-platform-operator] [59cb48af] 17:08:14.791 [main] INFO  c.h.platform.operator.util.CRDUtil - HiveMQ Platform CRD is up to date (version: V1_6_0)
2025-01-29 17:08:14,792 INFO c.h.h.t.HelmChartContainer - [hivemq-test-hivemq-platform] [hivemq-platform-operator] [59cb48af] 17:08:14.791 [main] INFO  c.h.platform.operator.util.CRDUtil - Waiting 10000 ms for HiveMQ Platform CRD 'hivemq-platforms.hivemq.com' to become ready...
2025-01-29 17:08:15,102 INFO c.h.h.t.HelmChartContainer - [hivemq-test-hivemq-platform] [hivemq-platform-operator] [59cb48af] 17:08:15.101 [vert.x-eventloop-thread-1] DEBUG c.h.platform.operator.util.CRDUtil - Checking CRD condition 'NamesAccepted' (status: 'True')
2025-01-29 17:08:15,103 INFO c.h.h.t.HelmChartContainer - [hivemq-test-hivemq-platform] [hivemq-platform-operator] [59cb48af] 17:08:15.102 [vert.x-eventloop-thread-1] DEBUG c.h.platform.operator.util.CRDUtil - Checking CRD condition 'Established' (status: 'True')
2025-01-29 17:08:15,105 INFO c.h.h.t.HelmChartContainer - [hivemq-test-hivemq-platform] [hivemq-platform-operator] [59cb48af] 17:08:15.104 [main] INFO  c.h.platform.operator.util.CRDUtil - HiveMQ Platform CRD 'hivemq-platforms.hivemq.com' is ready
2025-01-29 17:08:15,335 INFO c.h.h.t.HelmChartContainer - [hivemq-test-hivemq-platform] [hivemq-platform-operator] [59cb48af] 17:08:15.334 [main] INFO  c.h.p.o.HiveMQPlatformReconciler - HiveMQ Platform Operator is starting...
2025-01-29 17:08:15,497 INFO c.h.h.t.HelmChartContainer - [hivemq-test-hivemq-platform] [hivemq-platform-operator] [59cb48af] 17:08:15.493 [main] WARN  Default ConfigurationService implementation - Configuration for reconciler 'hivemq-controller' was not found. Known reconcilers: None.
2025-01-29 17:08:15,503 INFO c.h.h.t.HelmChartContainer - [hivemq-test-hivemq-platform] [hivemq-platform-operator] [59cb48af] 17:08:15.502 [main] INFO  Default ConfigurationService implementation - Created configuration for reconciler com.hivemq.platform.operator.HiveMQPlatformReconciler with name hivemq-controller
2025-01-29 17:08:15,609 INFO c.h.h.t.HelmChartContainer - [hivemq-test-hivemq-platform] [hivemq-platform-operator] [59cb48af] 17:08:15.607 [main] DEBUG c.h.p.o.HiveMQPlatformReconciler - HiveMQ Platform Operator is preparing EventSources
2025-01-29 17:08:15,700 INFO c.h.h.t.HelmChartContainer - [hivemq-test-hivemq-platform] [hivemq-platform-operator] [59cb48af] 17:08:15.698 [main] INFO  i.javaoperatorsdk.operator.Operator - Registered reconciler: 'hivemq-controller' for resource: 'class com.hivemq.platform.operator.v1.HiveMQPlatform' for namespace(s): [all namespaces]
2025-01-29 17:08:16,205 INFO c.h.h.t.HelmChartContainer - [hivemq-test-hivemq-platform] [hivemq-platform-operator] [59cb48af] 17:08:16.204 [main] INFO  c.h.p.operator.webserver.JettyServer - Starting Jetty server on port 8080
2025-01-29 17:08:16,302 INFO c.h.h.t.HelmChartContainer - [hivemq-test-hivemq-platform] [hivemq-platform-operator] [59cb48af] 17:08:16.301 [main] INFO  i.javaoperatorsdk.operator.Operator - Operator SDK 4.9.7 (commit: 2133d28) built on Wed Nov 20 12:56:20 UTC 2024 starting...
2025-01-29 17:08:16,302 INFO c.h.h.t.HelmChartContainer - [hivemq-test-hivemq-platform] [hivemq-platform-operator] [59cb48af] 17:08:16.301 [main] INFO  i.javaoperatorsdk.operator.Operator - Client version: 6.13.5
2025-01-29 17:08:16,303 INFO c.h.h.t.HelmChartContainer - [hivemq-test-hivemq-platform] [hivemq-platform-operator] [59cb48af] 17:08:16.302 [Controller Starter for: hivemq-controller] INFO  i.j.operator.processing.Controller - Starting 'hivemq-controller' controller for reconciler: com.hivemq.platform.operator.HiveMQPlatformReconciler, resource: com.hivemq.platform.operator.v1.HiveMQPlatform
2025-01-29 17:08:18,737 INFO c.h.h.t.HelmChartContainer - [hivemq-test-hivemq-platform] [hivemq-platform-operator] [59cb48af] 17:08:18.736 [Controller Starter for: hivemq-controller] INFO  i.j.operator.processing.Controller - 'hivemq-controller' controller started
2025-01-29 17:08:18,790 INFO c.h.h.t.HelmChartContainer - [hivemq-test-hivemq-platform] [hivemq-platform-operator] [59cb48af] 17:08:18.789 [main] INFO  c.h.p.o.HiveMQPlatformOperatorApplication - HiveMQ Platform Operator 1.7.0-SNAPSHOT started in 6748 ms
2025-01-29 17:08:19,938 INFO c.h.h.t.HelmChartContainer - [POD] hivemq-test-hivemq-platform-operator-6966f96d65-z9ctw [59cb48af-6e7b-47cd-a21a-af85feed4d1b] in helmadditionalvolumesit-operator was MODIFIED
2025-01-29 17:08:19,944 INFO c.h.h.t.HelmChartContainer - [K3S] [replica_set.go:679] "Finished syncing" kind="ReplicaSet" key="helmadditionalvolumesit-operator/hivemq-test-hivemq-platform-operator-6966f96d65" duration="8.554448ms"
2025-01-29 17:08:19,944 INFO c.h.h.t.HelmChartContainer - [K3S] [replica_set.go:679] "Finished syncing" kind="ReplicaSet" key="helmadditionalvolumesit-operator/hivemq-test-hivemq-platform-operator-6966f96d65" duration="32.812µs"
2025-01-29 17:08:20,777 INFO c.h.h.t.HelmChartContainer - [EVENT] Normal [WaitForFirstConsumer] waiting for first consumer to be created before binding [helmadditionalvolumesit:test-persistent-volume-claim]
2025-01-29 17:08:20,864 DEBUG c.h.h.t.HelmChartContainer - Executing helm command: /bin/helm --kubeconfig /etc/rancher/k3s/k3s.yaml install test-hivemq-platform /charts/hivemq-platform --wait --timeout 5m0s --set image.repository=docker.io/hivemq --set image.tag=4.36.0 --set image.pullPolicy=Never --set nodes.resources.cpu=512m -f /files/additional-volumes-values.yaml --namespace helmadditionalvolumesit
2025-01-29 17:08:21,110 INFO c.h.h.t.HelmChartContainer - [hivemq-test-hivemq-platform] [hivemq-platform-operator] [59cb48af] 17:08:21.109 [-2082509879-pool-1-thread-1] WARN  i.m.p.PrometheusMeterRegistry - The meter (MeterId{name='operator.sdk.events.received', tags=[tag(action=ADDED),tag(event=ResourceEvent),tag(group=hivemq.com),tag(kind=HiveMQPlatform),tag(name=test-hivemq-platform),tag(namespace=helmadditionalvolumesit),tag(scope=namespace),tag(version=v1)]}) registration has failed: Prometheus requires that all meters with the same name have the same set of tag keys. There is already an existing meter named 'operator.sdk.events.received' containing tag keys [event, group, kind, name, namespace, scope, version]. The meter you are attempting to register has keys [action, event, group, kind, name, namespace, scope, version]. Note that subsequent logs will be logged at debug level.
2025-01-29 17:08:21,542 INFO c.h.h.t.HelmChartContainer - [hivemq-test-hivemq-platform] [hivemq-platform-operator] [59cb48af] 17:08:21.541 [pool-6-thread-3] DEBUG c.h.p.o.dependants.PodInfoConfigMap - [helmaddi] Desired PodInfo ConfigMap (1 extensions) (1 enabled)
2025-01-29 17:08:21,591 INFO c.h.h.t.HelmChartContainer - [hivemq-test-hivemq-platform] [hivemq-platform-operator] [59cb48af] 17:08:21.589 [pool-6-thread-3] DEBUG c.h.p.o.dependants.PodInfoConfigMap - [helmaddi] Desired PodInfo ConfigMap (metrics port: 9399) (metrics path: /)
2025-01-29 17:08:21,591 INFO c.h.h.t.HelmChartContainer - [hivemq-test-hivemq-platform] [hivemq-platform-operator] [59cb48af] 17:08:21.589 [pool-6-thread-3] DEBUG c.h.p.o.dependants.PodInfoConfigMap - [helmaddi] Desired PodInfo ConfigMap (extension state hash: -1817474005)
2025-01-29 17:08:21,592 INFO c.h.h.t.HelmChartContainer - [hivemq-test-hivemq-platform] [hivemq-platform-operator] [59cb48af] 17:08:21.592 [pool-6-thread-3] DEBUG c.h.p.o.dependants.PodInfoConfigMap - [helmaddi] Create PodInfo ConfigMap
2025-01-29 17:08:21,698 INFO c.h.h.t.HelmChartContainer - [hivemq-test-hivemq-platform] [hivemq-platform-operator] [59cb48af] 17:08:21.696 [pool-6-thread-5] DEBUG c.h.p.o.dependants.PodRoleResource - [helmaddi] Create Role: Role(apiVersion=rbac.authorization.k8s.io/v1, kind=Role, metadata=ObjectMeta(annotations={meta.helm.sh/release-name=test-hivemq-platform, meta.helm.sh/release-namespace=helmadditionalvolumesit}, creationTimestamp=null, deletionGracePeriodSeconds=null, deletionTimestamp=null, finalizers=[], generateName=null, generation=null, labels={helm.sh/chart=hivemq-platform-0.2.32, app.kubernetes.io/managed-by=Helm, app.kubernetes.io/name=hivemq-platform, hivemq-platform=test-hivemq-platform, app.kubernetes.io/instance=test-hivemq-platform, app.kubernetes.io/version=4.36.0}, managedFields=[], name=hivemq-platform-role-test-hivemq-platform, namespace=helmadditionalvolumesit, ownerReferences=[OwnerReference(apiVersion=hivemq.com/v1, blockOwnerDeletion=null, controller=null, kind=HiveMQPlatform, name=test-hivemq-platform, uid=4051aa99-c5fc-4ffd-b12b-c7d48752065c, additionalProperties={})], resourceVersion=null, selfLink=null, uid=null, additionalProperties={}), rules=[PolicyRule(apiGroups=[], nonResourceURLs=[], resourceNames=[], resources=[pods], verbs=[get, patch, update], additionalProperties={})], additionalProperties={})
2025-01-29 17:08:21,839 INFO c.h.h.t.HelmChartContainer - [hivemq-test-hivemq-platform] [hivemq-platform-operator] [59cb48af] 17:08:21.835 [pool-6-thread-7] DEBUG c.h.p.o.d.PodServiceAccountResource - [helmaddi] Desired PodServiceAccountResource (serviceAccountName: hivemq-platform-pod-test-hivemq-platform)
2025-01-29 17:08:21,839 INFO c.h.h.t.HelmChartContainer - [hivemq-test-hivemq-platform] [hivemq-platform-operator] [59cb48af] 17:08:21.836 [pool-6-thread-7] DEBUG c.h.p.o.d.PodServiceAccountResource - [helmaddi] Create ServiceAccount 'hivemq-platform-pod-test-hivemq-platform'
2025-01-29 17:08:21,990 INFO c.h.h.t.HelmChartContainer - [hivemq-test-hivemq-platform] [hivemq-platform-operator] [59cb48af] 17:08:21.989 [pool-6-thread-9] DEBUG c.h.p.o.d.PodRoleBindingResource - [helmaddi] Create RoleBinding: RoleBinding(apiVersion=rbac.authorization.k8s.io/v1, kind=RoleBinding, metadata=ObjectMeta(annotations={meta.helm.sh/release-name=test-hivemq-platform, meta.helm.sh/release-namespace=helmadditionalvolumesit}, creationTimestamp=null, deletionGracePeriodSeconds=null, deletionTimestamp=null, finalizers=[], generateName=null, generation=null, labels={helm.sh/chart=hivemq-platform-0.2.32, app.kubernetes.io/managed-by=Helm, app.kubernetes.io/name=hivemq-platform, hivemq-platform=test-hivemq-platform, app.kubernetes.io/instance=test-hivemq-platform, app.kubernetes.io/version=4.36.0}, managedFields=[], name=hivemq-platform-role-binding-test-hivemq-platform, namespace=helmadditionalvolumesit, ownerReferences=[OwnerReference(apiVersion=hivemq.com/v1, blockOwnerDeletion=null, controller=null, kind=HiveMQPlatform, name=test-hivemq-platform, uid=4051aa99-c5fc-4ffd-b12b-c7d48752065c, additionalProperties={})], resourceVersion=null, selfLink=null, uid=null, additionalProperties={}), roleRef=RoleRef(apiGroup=rbac.authorization.k8s.io, kind=Role, name=hivemq-platform-role-test-hivemq-platform, additionalProperties={}), subjects=[Subject(apiGroup=null, kind=ServiceAccount, name=hivemq-platform-pod-test-hivemq-platform, namespace=helmadditionalvolumesit, additionalProperties={})], additionalProperties={})
2025-01-29 17:08:22,039 INFO c.h.h.t.HelmChartContainer - [hivemq-test-hivemq-platform] [hivemq-platform-operator] [59cb48af] 17:08:22.037 [ReconcilerExecutor-hivemq-controller-53] INFO  c.h.p.o.HiveMQPlatformReconciler - [helmaddi] Reconciling HiveMQ Platform 'test-hivemq-platform' in namespace 'helmadditionalvolumesit'
2025-01-29 17:08:22,039 INFO c.h.h.t.HelmChartContainer - [hivemq-test-hivemq-platform] [hivemq-platform-operator] [59cb48af] 17:08:22.038 [ReconcilerExecutor-hivemq-controller-53] DEBUG c.h.p.o.HiveMQPlatformReconciler - [helmaddi] Custom Resource Status CREATED - HiveMQ Platform was created (READY)
2025-01-29 17:08:22,039 INFO c.h.h.t.HelmChartContainer - [hivemq-test-hivemq-platform] [hivemq-platform-operator] [59cb48af] 17:08:22.038 [ReconcilerExecutor-hivemq-controller-53] DEBUG c.h.p.o.HiveMQPlatformReconciler - [helmaddi] Custom Resource Spec (replicas: 1) (extensions: 1)
2025-01-29 17:08:22,042 INFO c.h.h.t.HelmChartContainer - [hivemq-test-hivemq-platform] [hivemq-platform-operator] [59cb48af] 17:08:22.041 [ReconcilerExecutor-hivemq-controller-53] INFO  c.h.p.o.h.HiveMQPlatformReconcilerBaseHandler - [helmaddi] HiveMQ Platform is starting
2025-01-29 17:08:22,195 INFO c.h.h.t.HelmChartContainer - [hivemq-test-hivemq-platform] [hivemq-platform-operator] [59cb48af] 17:08:22.194 [ReconcilerExecutor-hivemq-controller-53] DEBUG c.h.p.operator.event.EventSender - [helmaddi] Creating K8s event hivemq-platform-starting: [Start] HiveMQ Platform is starting
2025-01-29 17:08:22,239 INFO c.h.h.t.HelmChartContainer - [EVENT] Normal [Start] HiveMQ Platform is starting [helmadditionalvolumesit:test-hivemq-platform]
2025-01-29 17:08:22,243 INFO c.h.h.t.HelmChartContainer - [hivemq-test-hivemq-platform] [hivemq-platform-operator] [59cb48af] 17:08:22.242 [ReconcilerExecutor-hivemq-controller-53] INFO  c.h.p.o.h.AbstractHiveMQReconcilerStateHandler - [helmaddi] Update HiveMQ Platform Status (CREATED [READY] -> STARTING [READY]): HiveMQ Platform is starting
2025-01-29 17:08:22,303 DEBUG com.hivemq.helmcharts.util.K8sUtil - Comparing actual state 'STARTING' and waiting for 'RUNNING'
2025-01-29 17:08:24,308 INFO c.h.h.t.HelmChartContainer - [EVENT] Normal [WaitForFirstConsumer] waiting for first consumer to be created before binding [helmadditionalvolumesit:test-persistent-volume-claim]
2025-01-29 17:08:32,346 INFO c.h.h.t.HelmChartContainer - [hivemq-test-hivemq-platform] [hivemq-platform-operator] [59cb48af] 17:08:32.345 [pool-6-thread-12] DEBUG c.h.p.o.d.PlatformServiceResource - [helmaddi] Desired Platform services (3 services)
2025-01-29 17:08:32,349 INFO c.h.h.t.HelmChartContainer - [hivemq-test-hivemq-platform] [hivemq-platform-operator] [59cb48af] 17:08:32.348 [pool-6-thread-13] DEBUG c.h.p.o.dependants.PodInfoConfigMap - [helmaddi] Desired PodInfo ConfigMap (1 extensions) (1 enabled)
2025-01-29 17:08:32,351 INFO c.h.h.t.HelmChartContainer - [hivemq-test-hivemq-platform] [hivemq-platform-operator] [59cb48af] 17:08:32.348 [pool-6-thread-13] DEBUG c.h.p.o.dependants.PodInfoConfigMap - [helmaddi] Desired PodInfo ConfigMap (metrics port: 9399) (metrics path: /)
2025-01-29 17:08:32,351 INFO c.h.h.t.HelmChartContainer - [hivemq-test-hivemq-platform] [hivemq-platform-operator] [59cb48af] 17:08:32.348 [pool-6-thread-13] DEBUG c.h.p.o.dependants.PodInfoConfigMap - [helmaddi] Desired PodInfo ConfigMap (extension state hash: -1817474005)
2025-01-29 17:08:32,354 INFO c.h.h.t.HelmChartContainer - [hivemq-test-hivemq-platform] [hivemq-platform-operator] [59cb48af] 17:08:32.353 [pool-6-thread-13] DEBUG c.h.p.o.dependants.PodInfoConfigMap - [helmaddi] Update PodInfo ConfigMap
2025-01-29 17:08:32,354 INFO c.h.h.t.HelmChartContainer - [hivemq-test-hivemq-platform] [hivemq-platform-operator] [59cb48af] 17:08:32.353 [pool-6-thread-17] DEBUG c.h.p.o.d.PodServiceAccountResource - [helmaddi] Desired PodServiceAccountResource (serviceAccountName: hivemq-platform-pod-test-hivemq-platform)
2025-01-29 17:08:32,457 INFO c.h.h.t.HelmChartContainer - [K3S] [alloc.go:330] "allocated clusterIPs" service="helmadditionalvolumesit/hivemq-test-hivemq-platform-mqtt-1883" clusterIPs={"IPv4":"10.43.19.169"}
2025-01-29 17:08:32,469 INFO c.h.h.t.HelmChartContainer - [K3S] [alloc.go:330] "allocated clusterIPs" service="helmadditionalvolumesit/hivemq-test-hivemq-platform-metrics-9399" clusterIPs={"IPv4":"10.43.47.138"}
2025-01-29 17:08:32,545 INFO c.h.h.t.HelmChartContainer - [K3S] [alloc.go:330] "allocated clusterIPs" service="helmadditionalvolumesit/hivemq-test-hivemq-platform-cc-8080" clusterIPs={"IPv4":"10.43.166.43"}
2025-01-29 17:08:32,636 INFO c.h.h.t.HelmChartContainer - [hivemq-test-hivemq-platform] [hivemq-platform-operator] [59cb48af] 17:08:32.634 [pool-6-thread-20] DEBUG c.h.p.o.d.StatefulSetResource - [helmaddi] Desired StatefulSet (1 replicas) for status STARTING (READY)
2025-01-29 17:08:32,654 INFO c.h.h.t.HelmChartContainer - [hivemq-test-hivemq-platform] [hivemq-platform-operator] [59cb48af] 17:08:32.653 [pool-6-thread-20] DEBUG c.h.p.o.d.StatefulSetResource - [helmaddi] Create StatefulSet
2025-01-29 17:08:32,750 INFO c.h.h.t.HelmChartContainer - [hivemq-test-hivemq-platform] [hivemq-platform-operator] [59cb48af] 17:08:32.746 [ReconcilerExecutor-hivemq-controller-64] INFO  c.h.p.o.HiveMQPlatformReconciler - [helmaddi] Reconciling HiveMQ Platform 'test-hivemq-platform' in namespace 'helmadditionalvolumesit'
2025-01-29 17:08:32,751 INFO c.h.h.t.HelmChartContainer - [hivemq-test-hivemq-platform] [hivemq-platform-operator] [59cb48af] 17:08:32.746 [ReconcilerExecutor-hivemq-controller-64] DEBUG c.h.p.o.HiveMQPlatformReconciler - [helmaddi] Custom Resource Status STARTING - HiveMQ Platform is starting (READY)
2025-01-29 17:08:32,751 INFO c.h.h.t.HelmChartContainer - [hivemq-test-hivemq-platform] [hivemq-platform-operator] [59cb48af] 17:08:32.747 [ReconcilerExecutor-hivemq-controller-64] DEBUG c.h.p.o.HiveMQPlatformReconciler - [helmaddi] Custom Resource Spec (replicas: 1) (extensions: 1)
2025-01-29 17:08:32,751 INFO c.h.h.t.HelmChartContainer - [hivemq-test-hivemq-platform] [hivemq-platform-operator] [59cb48af] 17:08:32.749 [ReconcilerExecutor-hivemq-controller-64] DEBUG c.h.p.o.HiveMQPlatformReconciler - [helmaddi] StatefulSet Status (revision: null, replicas: 0, available: 0, ready: 0, current: 0, updated: 0)
2025-01-29 17:08:32,751 INFO c.h.h.t.HelmChartContainer - [hivemq-test-hivemq-platform] [hivemq-platform-operator] [59cb48af] 17:08:32.749 [ReconcilerExecutor-hivemq-controller-64] DEBUG c.h.p.o.HiveMQPlatformReconciler - [helmaddi] StatefulSet Spec (replicas: 1, init containers: 1, containers: 1, volumes: 7)
2025-01-29 17:08:32,756 INFO c.h.h.t.HelmChartContainer - [POD] test-hivemq-platform-0 [b8492ca1-96a0-48af-b66d-fe720a01ff78] in helmadditionalvolumesit was ADDED
2025-01-29 17:08:32,757 INFO c.h.h.t.HelmChartContainer - [hivemq-test-hivemq-platform] [hivemq-platform-operator] [59cb48af] 17:08:32.752 [ReconcilerExecutor-hivemq-controller-64] INFO  c.h.p.o.h.HiveMQPlatformReconcilerBaseHandler - [helmaddi] HiveMQ Platform is starting, 0 of 1 replicas are ready
2025-01-29 17:08:32,760 INFO c.h.h.t.HelmChartContainer - [EVENT] Normal [SuccessfulCreate] create Pod test-hivemq-platform-0 in StatefulSet test-hivemq-platform successful [helmadditionalvolumesit:test-hivemq-platform]
2025-01-29 17:08:32,768 INFO c.h.h.t.HelmChartContainer - [EVENT] Normal [ExternalProvisioning] Waiting for a volume to be created either by the external provisioner 'rancher.io/local-path' or manually by the system administrator. If volume creation is delayed, please verify that the provisioner is running and correctly registered. [helmadditionalvolumesit:test-persistent-volume-claim]
2025-01-29 17:08:32,771 INFO c.h.h.t.HelmChartContainer - [EVENT] Normal [ExternalProvisioning] Waiting for a volume to be created either by the external provisioner 'rancher.io/local-path' or manually by the system administrator. If volume creation is delayed, please verify that the provisioner is running and correctly registered. [helmadditionalvolumesit:test-persistent-volume-claim]
2025-01-29 17:08:32,772 INFO c.h.h.t.HelmChartContainer - [EVENT] Normal [Provisioning] External provisioner is provisioning volume for claim "helmadditionalvolumesit/test-persistent-volume-claim" [helmadditionalvolumesit:test-persistent-volume-claim]
2025-01-29 17:08:32,776 INFO c.h.h.t.HelmChartContainer - [POD] helper-pod-create-pvc-0e63a391-6c0d-4939-a118-08bfcfc5959b [65761dbd-3d25-4ac8-9a16-dfb0df9433f4] in kube-system was ADDED
2025-01-29 17:08:32,786 INFO c.h.h.t.HelmChartContainer - [POD] helper-pod-create-pvc-0e63a391-6c0d-4939-a118-08bfcfc5959b [65761dbd-3d25-4ac8-9a16-dfb0df9433f4] in kube-system was MODIFIED
2025-01-29 17:08:32,843 INFO c.h.h.t.HelmChartContainer - [hivemq-test-hivemq-platform] [hivemq-platform-operator] [59cb48af] 17:08:32.840 [pool-6-thread-22] DEBUG c.h.p.o.d.PlatformServiceResource - [helmaddi] Desired Platform services (3 services)
2025-01-29 17:08:32,845 INFO c.h.h.t.HelmChartContainer - [hivemq-test-hivemq-platform] [hivemq-platform-operator] [59cb48af] 17:08:32.844 [pool-6-thread-23] DEBUG c.h.p.o.dependants.PodInfoConfigMap - [helmaddi] Desired PodInfo ConfigMap (1 extensions) (1 enabled)
2025-01-29 17:08:32,845 INFO c.h.h.t.HelmChartContainer - [hivemq-test-hivemq-platform] [hivemq-platform-operator] [59cb48af] 17:08:32.844 [pool-6-thread-23] DEBUG c.h.p.o.dependants.PodInfoConfigMap - [helmaddi] Desired PodInfo ConfigMap (metrics port: 9399) (metrics path: /)
2025-01-29 17:08:32,845 INFO c.h.h.t.HelmChartContainer - [hivemq-test-hivemq-platform] [hivemq-platform-operator] [59cb48af] 17:08:32.844 [pool-6-thread-23] DEBUG c.h.p.o.dependants.PodInfoConfigMap - [helmaddi] Desired PodInfo ConfigMap (extension state hash: -1817474005)
2025-01-29 17:08:32,847 INFO c.h.h.t.HelmChartContainer - [hivemq-test-hivemq-platform] [hivemq-platform-operator] [59cb48af] 17:08:32.846 [pool-6-thread-27] DEBUG c.h.p.o.d.PodServiceAccountResource - [helmaddi] Desired PodServiceAccountResource (serviceAccountName: hivemq-platform-pod-test-hivemq-platform)
2025-01-29 17:08:32,864 INFO c.h.h.t.HelmChartContainer - [K3S] [reconciler_common.go:251] "operationExecutor.VerifyControllerAttachedVolume started for volume \"script\" (UniqueName: \"kubernetes.io/configmap/65761dbd-3d25-4ac8-9a16-dfb0df9433f4-script\") pod \"helper-pod-create-pvc-0e63a391-6c0d-4939-a118-08bfcfc5959b\" (UID: \"65761dbd-3d25-4ac8-9a16-dfb0df9433f4\") " pod="kube-system/helper-pod-create-pvc-0e63a391-6c0d-4939-a118-08bfcfc5959b"
2025-01-29 17:08:32,864 INFO c.h.h.t.HelmChartContainer - [K3S] [reconciler_common.go:251] "operationExecutor.VerifyControllerAttachedVolume started for volume \"kube-api-access-4zbmn\" (UniqueName: \"kubernetes.io/projected/65761dbd-3d25-4ac8-9a16-dfb0df9433f4-kube-api-access-4zbmn\") pod \"helper-pod-create-pvc-0e63a391-6c0d-4939-a118-08bfcfc5959b\" (UID: \"65761dbd-3d25-4ac8-9a16-dfb0df9433f4\") " pod="kube-system/helper-pod-create-pvc-0e63a391-6c0d-4939-a118-08bfcfc5959b"
2025-01-29 17:08:32,864 INFO c.h.h.t.HelmChartContainer - [K3S] [reconciler_common.go:251] "operationExecutor.VerifyControllerAttachedVolume started for volume \"data\" (UniqueName: \"kubernetes.io/host-path/65761dbd-3d25-4ac8-9a16-dfb0df9433f4-data\") pod \"helper-pod-create-pvc-0e63a391-6c0d-4939-a118-08bfcfc5959b\" (UID: \"65761dbd-3d25-4ac8-9a16-dfb0df9433f4\") " pod="kube-system/helper-pod-create-pvc-0e63a391-6c0d-4939-a118-08bfcfc5959b"
2025-01-29 17:08:32,946 INFO c.h.h.t.HelmChartContainer - [hivemq-test-hivemq-platform] [hivemq-platform-operator] [59cb48af] 17:08:32.945 [pool-6-thread-30] DEBUG c.h.p.o.d.StatefulSetResource - [helmaddi] Desired StatefulSet (1 replicas) for status STARTING (READY)
2025-01-29 17:08:33,040 INFO c.h.h.t.HelmChartContainer - [hivemq-test-hivemq-platform] [hivemq-platform-operator] [59cb48af] 17:08:33.038 [ReconcilerExecutor-hivemq-controller-75] INFO  c.h.p.o.HiveMQPlatformReconciler - [helmaddi] Reconciling HiveMQ Platform 'test-hivemq-platform' in namespace 'helmadditionalvolumesit'
2025-01-29 17:08:33,040 INFO c.h.h.t.HelmChartContainer - [hivemq-test-hivemq-platform] [hivemq-platform-operator] [59cb48af] 17:08:33.038 [ReconcilerExecutor-hivemq-controller-75] DEBUG c.h.p.o.HiveMQPlatformReconciler - [helmaddi] Custom Resource Status STARTING - HiveMQ Platform is starting (READY)
2025-01-29 17:08:33,040 INFO c.h.h.t.HelmChartContainer - [hivemq-test-hivemq-platform] [hivemq-platform-operator] [59cb48af] 17:08:33.038 [ReconcilerExecutor-hivemq-controller-75] DEBUG c.h.p.o.HiveMQPlatformReconciler - [helmaddi] Custom Resource Spec (replicas: 1) (extensions: 1)
2025-01-29 17:08:33,045 INFO c.h.h.t.HelmChartContainer - [hivemq-test-hivemq-platform] [hivemq-platform-operator] [59cb48af] 17:08:33.044 [ReconcilerExecutor-hivemq-controller-75] DEBUG c.h.p.o.HiveMQPlatformReconciler - [helmaddi] StatefulSet Status (revision: test-hivemq-platform-5d4d897885, replicas: 1, available: 0, ready: 0, current: 1, updated: 1)
2025-01-29 17:08:33,046 INFO c.h.h.t.HelmChartContainer - [hivemq-test-hivemq-platform] [hivemq-platform-operator] [59cb48af] 17:08:33.044 [ReconcilerExecutor-hivemq-controller-75] DEBUG c.h.p.o.HiveMQPlatformReconciler - [helmaddi] StatefulSet Spec (replicas: 1, init containers: 1, containers: 1, volumes: 7)
2025-01-29 17:08:33,053 INFO c.h.h.t.HelmChartContainer - [hivemq-test-hivemq-platform] [hivemq-platform-operator] [59cb48af] 17:08:33.052 [ReconcilerExecutor-hivemq-controller-75] DEBUG c.h.p.o.h.HiveMQPlatformReconcilerErrorHandler - [helmaddi] Pod 'test-hivemq-platform-0' phase Pending
2025-01-29 17:08:33,136 INFO c.h.h.t.HelmChartContainer - [hivemq-test-hivemq-platform] [hivemq-platform-operator] [59cb48af] 17:08:33.134 [ReconcilerExecutor-hivemq-controller-75] INFO  c.h.p.o.h.HiveMQPlatformReconcilerBaseHandler - [helmaddi] HiveMQ Platform is starting, 0 of 1 replicas are ready
2025-01-29 17:08:33,142 INFO c.h.h.t.HelmChartContainer - [hivemq-test-hivemq-platform] [hivemq-platform-operator] [59cb48af] 17:08:33.141 [pool-6-thread-32] DEBUG c.h.p.o.d.PlatformServiceResource - [helmaddi] Desired Platform services (3 services)
2025-01-29 17:08:33,150 INFO c.h.h.t.HelmChartContainer - [hivemq-test-hivemq-platform] [hivemq-platform-operator] [59cb48af] 17:08:33.148 [pool-6-thread-33] DEBUG c.h.p.o.dependants.PodInfoConfigMap - [helmaddi] Desired PodInfo ConfigMap (1 extensions) (1 enabled)
2025-01-29 17:08:33,153 INFO c.h.h.t.HelmChartContainer - [hivemq-test-hivemq-platform] [hivemq-platform-operator] [59cb48af] 17:08:33.151 [pool-6-thread-33] DEBUG c.h.p.o.dependants.PodInfoConfigMap - [helmaddi] Desired PodInfo ConfigMap (metrics port: 9399) (metrics path: /)
2025-01-29 17:08:33,155 INFO c.h.h.t.HelmChartContainer - [hivemq-test-hivemq-platform] [hivemq-platform-operator] [59cb48af] 17:08:33.151 [pool-6-thread-33] DEBUG c.h.p.o.dependants.PodInfoConfigMap - [helmaddi] Desired PodInfo ConfigMap (extension state hash: -1817474005)
2025-01-29 17:08:33,236 INFO c.h.h.t.HelmChartContainer - [hivemq-test-hivemq-platform] [hivemq-platform-operator] [59cb48af] 17:08:33.149 [pool-6-thread-37] DEBUG c.h.p.o.d.PodServiceAccountResource - [helmaddi] Desired PodServiceAccountResource (serviceAccountName: hivemq-platform-pod-test-hivemq-platform)
2025-01-29 17:08:33,240 INFO c.h.h.t.HelmChartContainer - [hivemq-test-hivemq-platform] [hivemq-platform-operator] [59cb48af] 17:08:33.239 [pool-6-thread-39] DEBUG c.h.p.o.d.StatefulSetResource - [helmaddi] Desired StatefulSet (1 replicas) for status STARTING (READY)
2025-01-29 17:08:33,248 INFO c.h.h.t.HelmChartContainer - [hivemq-test-hivemq-platform] [hivemq-platform-operator] [59cb48af] 17:08:33.245 [ReconcilerExecutor-hivemq-controller-87] INFO  c.h.p.o.HiveMQPlatformReconciler - [helmaddi] Reconciling HiveMQ Platform 'test-hivemq-platform' in namespace 'helmadditionalvolumesit'
2025-01-29 17:08:33,248 INFO c.h.h.t.HelmChartContainer - [hivemq-test-hivemq-platform] [hivemq-platform-operator] [59cb48af] 17:08:33.245 [ReconcilerExecutor-hivemq-controller-87] DEBUG c.h.p.o.HiveMQPlatformReconciler - [helmaddi] Custom Resource Status STARTING - HiveMQ Platform is starting (READY)
2025-01-29 17:08:33,248 INFO c.h.h.t.HelmChartContainer - [hivemq-test-hivemq-platform] [hivemq-platform-operator] [59cb48af] 17:08:33.246 [ReconcilerExecutor-hivemq-controller-87] DEBUG c.h.p.o.HiveMQPlatformReconciler - [helmaddi] Custom Resource Spec (replicas: 1) (extensions: 1)
2025-01-29 17:08:33,249 INFO c.h.h.t.HelmChartContainer - [hivemq-test-hivemq-platform] [hivemq-platform-operator] [59cb48af] 17:08:33.249 [ReconcilerExecutor-hivemq-controller-87] DEBUG c.h.p.o.HiveMQPlatformReconciler - [helmaddi] StatefulSet Status (revision: test-hivemq-platform-5d4d897885, replicas: 1, available: 0, ready: 0, current: 1, updated: 1)
2025-01-29 17:08:33,250 INFO c.h.h.t.HelmChartContainer - [hivemq-test-hivemq-platform] [hivemq-platform-operator] [59cb48af] 17:08:33.249 [ReconcilerExecutor-hivemq-controller-87] DEBUG c.h.p.o.HiveMQPlatformReconciler - [helmaddi] StatefulSet Spec (replicas: 1, init containers: 1, containers: 1, volumes: 7)
2025-01-29 17:08:33,252 INFO c.h.h.t.HelmChartContainer - [hivemq-test-hivemq-platform] [hivemq-platform-operator] [59cb48af] 17:08:33.251 [ReconcilerExecutor-hivemq-controller-87] DEBUG c.h.p.o.h.HiveMQPlatformReconcilerErrorHandler - [helmaddi] Pod 'test-hivemq-platform-0' phase Pending
2025-01-29 17:08:33,254 INFO c.h.h.t.HelmChartContainer - [hivemq-test-hivemq-platform] [hivemq-platform-operator] [59cb48af] 17:08:33.252 [ReconcilerExecutor-hivemq-controller-87] INFO  c.h.p.o.h.HiveMQPlatformReconcilerBaseHandler - [helmaddi] HiveMQ Platform is starting, 0 of 1 replicas are ready
2025-01-29 17:08:34,971 INFO c.h.h.t.HelmChartContainer - [POD] helper-pod-create-pvc-0e63a391-6c0d-4939-a118-08bfcfc5959b [65761dbd-3d25-4ac8-9a16-dfb0df9433f4] in kube-system was MODIFIED
2025-01-29 17:08:36,044 INFO c.h.h.t.HelmChartContainer - [POD] helper-pod-create-pvc-0e63a391-6c0d-4939-a118-08bfcfc5959b [65761dbd-3d25-4ac8-9a16-dfb0df9433f4] in kube-system was MODIFIED
2025-01-29 17:08:36,082 INFO c.h.h.t.HelmChartContainer - [K3S] [reconciler_common.go:162] "operationExecutor.UnmountVolume started for volume \"kube-api-access-4zbmn\" (UniqueName: \"kubernetes.io/projected/65761dbd-3d25-4ac8-9a16-dfb0df9433f4-kube-api-access-4zbmn\") pod \"65761dbd-3d25-4ac8-9a16-dfb0df9433f4\" (UID: \"65761dbd-3d25-4ac8-9a16-dfb0df9433f4\") "
2025-01-29 17:08:36,082 INFO c.h.h.t.HelmChartContainer - [K3S] [reconciler_common.go:162] "operationExecutor.UnmountVolume started for volume \"data\" (UniqueName: \"kubernetes.io/host-path/65761dbd-3d25-4ac8-9a16-dfb0df9433f4-data\") pod \"65761dbd-3d25-4ac8-9a16-dfb0df9433f4\" (UID: \"65761dbd-3d25-4ac8-9a16-dfb0df9433f4\") "
2025-01-29 17:08:36,082 INFO c.h.h.t.HelmChartContainer - [K3S] [reconciler_common.go:162] "operationExecutor.UnmountVolume started for volume \"script\" (UniqueName: \"kubernetes.io/configmap/65761dbd-3d25-4ac8-9a16-dfb0df9433f4-script\") pod \"65761dbd-3d25-4ac8-9a16-dfb0df9433f4\" (UID: \"65761dbd-3d25-4ac8-9a16-dfb0df9433f4\") "
2025-01-29 17:08:36,183 INFO c.h.h.t.HelmChartContainer - [K3S] [reconciler_common.go:299] "Volume detached for volume \"data\" (UniqueName: \"kubernetes.io/host-path/65761dbd-3d25-4ac8-9a16-dfb0df9433f4-data\") on node \"3b0819b0f5e2\" DevicePath \"\""
2025-01-29 17:08:36,183 INFO c.h.h.t.HelmChartContainer - [K3S] [reconciler_common.go:299] "Volume detached for volume \"script\" (UniqueName: \"kubernetes.io/configmap/65761dbd-3d25-4ac8-9a16-dfb0df9433f4-script\") on node \"3b0819b0f5e2\" DevicePath \"\""
2025-01-29 17:08:36,183 INFO c.h.h.t.HelmChartContainer - [K3S] [reconciler_common.go:299] "Volume detached for volume \"kube-api-access-4zbmn\" (UniqueName: \"kubernetes.io/projected/65761dbd-3d25-4ac8-9a16-dfb0df9433f4-kube-api-access-4zbmn\") on node \"3b0819b0f5e2\" DevicePath \"\""
2025-01-29 17:08:36,798 INFO c.h.h.t.HelmChartContainer - [POD] helper-pod-create-pvc-0e63a391-6c0d-4939-a118-08bfcfc5959b [65761dbd-3d25-4ac8-9a16-dfb0df9433f4] in kube-system was MODIFIED
2025-01-29 17:08:36,801 INFO c.h.h.t.HelmChartContainer - [POD] helper-pod-create-pvc-0e63a391-6c0d-4939-a118-08bfcfc5959b [65761dbd-3d25-4ac8-9a16-dfb0df9433f4] in kube-system was DELETED
2025-01-29 17:08:36,811 INFO c.h.h.t.HelmChartContainer - [EVENT] Normal [ProvisioningSucceeded] Successfully provisioned volume pvc-0e63a391-6c0d-4939-a118-08bfcfc5959b [helmadditionalvolumesit:test-persistent-volume-claim]
2025-01-29 17:08:36,968 INFO c.h.h.t.HelmChartContainer - [K3S] [pod_container_deletor.go:80] "Container not found in pod's containers" containerID="13ba70d71da468c5db7dadd9476e75505fa2d7b68f2bcaca0f451bfc2e738aae"
2025-01-29 17:08:36,973 INFO c.h.h.t.HelmChartContainer - [K3S] [status_manager.go:890] "Failed to get status for pod" podUID="65761dbd-3d25-4ac8-9a16-dfb0df9433f4" pod="kube-system/helper-pod-create-pvc-0e63a391-6c0d-4939-a118-08bfcfc5959b" err="pods \"helper-pod-create-pvc-0e63a391-6c0d-4939-a118-08bfcfc5959b\" is forbidden: User \"system:node:3b0819b0f5e2\" cannot get resource \"pods\" in API group \"\" in the namespace \"kube-system\": no relationship found between node '3b0819b0f5e2' and this object"
2025-01-29 17:08:37,304 INFO c.h.h.t.HelmChartContainer - [K3S] [kubelet_volumes.go:163] "Cleaned up orphaned pod volumes dir" podUID="65761dbd-3d25-4ac8-9a16-dfb0df9433f4" path="/var/lib/kubelet/pods/65761dbd-3d25-4ac8-9a16-dfb0df9433f4/volumes"
2025-01-29 17:08:37,768 INFO c.h.h.t.HelmChartContainer - [K3S] [memory_manager.go:355] "RemoveStaleState removing state" podUID="65761dbd-3d25-4ac8-9a16-dfb0df9433f4" containerName="helper-pod"
2025-01-29 17:08:37,772 INFO c.h.h.t.HelmChartContainer - [EVENT] Normal [Scheduled] Successfully assigned helmadditionalvolumesit/test-hivemq-platform-0 to 3b0819b0f5e2 [helmadditionalvolumesit:test-hivemq-platform-0]
2025-01-29 17:08:37,772 INFO c.h.h.t.HelmChartContainer - [POD] test-hivemq-platform-0 [b8492ca1-96a0-48af-b66d-fe720a01ff78] in helmadditionalvolumesit was MODIFIED
2025-01-29 17:08:37,781 INFO c.h.h.t.HelmChartContainer - [hivemq-test-hivemq-platform] [hivemq-platform-operator] [59cb48af] 17:08:37.779 [pool-6-thread-42] DEBUG c.h.p.o.d.PlatformServiceResource - [helmaddi] Desired Platform services (3 services)
2025-01-29 17:08:37,785 INFO c.h.h.t.HelmChartContainer - [hivemq-test-hivemq-platform] [hivemq-platform-operator] [59cb48af] 17:08:37.782 [pool-6-thread-43] DEBUG c.h.p.o.dependants.PodInfoConfigMap - [helmaddi] Desired PodInfo ConfigMap (1 extensions) (1 enabled)
2025-01-29 17:08:37,785 INFO c.h.h.t.HelmChartContainer - [hivemq-test-hivemq-platform] [hivemq-platform-operator] [59cb48af] 17:08:37.783 [pool-6-thread-43] DEBUG c.h.p.o.dependants.PodInfoConfigMap - [helmaddi] Desired PodInfo ConfigMap (metrics port: 9399) (metrics path: /)
2025-01-29 17:08:37,785 INFO c.h.h.t.HelmChartContainer - [hivemq-test-hivemq-platform] [hivemq-platform-operator] [59cb48af] 17:08:37.783 [pool-6-thread-43] DEBUG c.h.p.o.dependants.PodInfoConfigMap - [helmaddi] Desired PodInfo ConfigMap (extension state hash: -1817474005)
2025-01-29 17:08:37,791 INFO c.h.h.t.HelmChartContainer - [K3S] [reconciler_common.go:251] "operationExecutor.VerifyControllerAttachedVolume started for volume \"test-mount-volume\" (UniqueName: \"kubernetes.io/configmap/b8492ca1-96a0-48af-b66d-fe720a01ff78-test-mount-volume\") pod \"test-hivemq-platform-0\" (UID: \"b8492ca1-96a0-48af-b66d-fe720a01ff78\") " pod="helmadditionalvolumesit/test-hivemq-platform-0"
2025-01-29 17:08:37,792 INFO c.h.h.t.HelmChartContainer - [K3S] [reconciler_common.go:251] "operationExecutor.VerifyControllerAttachedVolume started for volume \"test-secret-volume\" (UniqueName: \"kubernetes.io/secret/b8492ca1-96a0-48af-b66d-fe720a01ff78-test-secret-volume\") pod \"test-hivemq-platform-0\" (UID: \"b8492ca1-96a0-48af-b66d-fe720a01ff78\") " pod="helmadditionalvolumesit/test-hivemq-platform-0"
2025-01-29 17:08:37,792 INFO c.h.h.t.HelmChartContainer - [K3S] [reconciler_common.go:251] "operationExecutor.VerifyControllerAttachedVolume started for volume \"broker-configuration\" (UniqueName: \"kubernetes.io/configmap/b8492ca1-96a0-48af-b66d-fe720a01ff78-broker-configuration\") pod \"test-hivemq-platform-0\" (UID: \"b8492ca1-96a0-48af-b66d-fe720a01ff78\") " pod="helmadditionalvolumesit/test-hivemq-platform-0"
2025-01-29 17:08:37,793 INFO c.h.h.t.HelmChartContainer - [POD] test-hivemq-platform-0 [b8492ca1-96a0-48af-b66d-fe720a01ff78] in helmadditionalvolumesit was MODIFIED
2025-01-29 17:08:37,794 INFO c.h.h.t.HelmChartContainer - [K3S] [reconciler_common.go:251] "operationExecutor.VerifyControllerAttachedVolume started for volume \"operator-init\" (UniqueName: \"kubernetes.io/empty-dir/b8492ca1-96a0-48af-b66d-fe720a01ff78-operator-init\") pod \"test-hivemq-platform-0\" (UID: \"b8492ca1-96a0-48af-b66d-fe720a01ff78\") " pod="helmadditionalvolumesit/test-hivemq-platform-0"
2025-01-29 17:08:37,794 INFO c.h.h.t.HelmChartContainer - [K3S] [reconciler_common.go:251] "operationExecutor.VerifyControllerAttachedVolume started for volume \"pvc-0e63a391-6c0d-4939-a118-08bfcfc5959b\" (UniqueName: \"kubernetes.io/local-volume/pvc-0e63a391-6c0d-4939-a118-08bfcfc5959b\") pod \"test-hivemq-platform-0\" (UID: \"b8492ca1-96a0-48af-b66d-fe720a01ff78\") " pod="helmadditionalvolumesit/test-hivemq-platform-0"
2025-01-29 17:08:37,794 INFO c.h.h.t.HelmChartContainer - [K3S] [reconciler_common.go:251] "operationExecutor.VerifyControllerAttachedVolume started for volume \"kube-api-access-wlncz\" (UniqueName: \"kubernetes.io/projected/b8492ca1-96a0-48af-b66d-fe720a01ff78-kube-api-access-wlncz\") pod \"test-hivemq-platform-0\" (UID: \"b8492ca1-96a0-48af-b66d-fe720a01ff78\") " pod="helmadditionalvolumesit/test-hivemq-platform-0"
2025-01-29 17:08:37,794 INFO c.h.h.t.HelmChartContainer - [K3S] [reconciler_common.go:251] "operationExecutor.VerifyControllerAttachedVolume started for volume \"test-empty-dir-volume\" (UniqueName: \"kubernetes.io/empty-dir/b8492ca1-96a0-48af-b66d-fe720a01ff78-test-empty-dir-volume\") pod \"test-hivemq-platform-0\" (UID: \"b8492ca1-96a0-48af-b66d-fe720a01ff78\") " pod="helmadditionalvolumesit/test-hivemq-platform-0"
2025-01-29 17:08:37,794 INFO c.h.h.t.HelmChartContainer - [K3S] [reconciler_common.go:251] "operationExecutor.VerifyControllerAttachedVolume started for volume \"pod-info\" (UniqueName: \"kubernetes.io/configmap/b8492ca1-96a0-48af-b66d-fe720a01ff78-pod-info\") pod \"test-hivemq-platform-0\" (UID: \"b8492ca1-96a0-48af-b66d-fe720a01ff78\") " pod="helmadditionalvolumesit/test-hivemq-platform-0"
2025-01-29 17:08:37,835 INFO c.h.h.t.HelmChartContainer - [hivemq-test-hivemq-platform] [hivemq-platform-operator] [59cb48af] 17:08:37.834 [pool-6-thread-47] DEBUG c.h.p.o.d.PodServiceAccountResource - [helmaddi] Desired PodServiceAccountResource (serviceAccountName: hivemq-platform-pod-test-hivemq-platform)
2025-01-29 17:08:37,841 INFO c.h.h.t.HelmChartContainer - [hivemq-test-hivemq-platform] [hivemq-platform-operator] [59cb48af] 17:08:37.841 [pool-6-thread-49] DEBUG c.h.p.o.d.StatefulSetResource - [helmaddi] Desired StatefulSet (1 replicas) for status STARTING (READY)
2025-01-29 17:08:37,848 INFO c.h.h.t.HelmChartContainer - [hivemq-test-hivemq-platform] [hivemq-platform-operator] [59cb48af] 17:08:37.847 [ReconcilerExecutor-hivemq-controller-98] INFO  c.h.p.o.HiveMQPlatformReconciler - [helmaddi] Reconciling HiveMQ Platform 'test-hivemq-platform' in namespace 'helmadditionalvolumesit'
2025-01-29 17:08:37,849 INFO c.h.h.t.HelmChartContainer - [hivemq-test-hivemq-platform] [hivemq-platform-operator] [59cb48af] 17:08:37.847 [ReconcilerExecutor-hivemq-controller-98] DEBUG c.h.p.o.HiveMQPlatformReconciler - [helmaddi] Custom Resource Status STARTING - HiveMQ Platform is starting (READY)
2025-01-29 17:08:37,850 INFO c.h.h.t.HelmChartContainer - [hivemq-test-hivemq-platform] [hivemq-platform-operator] [59cb48af] 17:08:37.847 [ReconcilerExecutor-hivemq-controller-98] DEBUG c.h.p.o.HiveMQPlatformReconciler - [helmaddi] Custom Resource Spec (replicas: 1) (extensions: 1)
2025-01-29 17:08:37,850 INFO c.h.h.t.HelmChartContainer - [hivemq-test-hivemq-platform] [hivemq-platform-operator] [59cb48af] 17:08:37.849 [ReconcilerExecutor-hivemq-controller-98] DEBUG c.h.p.o.HiveMQPlatformReconciler - [helmaddi] StatefulSet Status (revision: test-hivemq-platform-5d4d897885, replicas: 1, available: 0, ready: 0, current: 1, updated: 1)
2025-01-29 17:08:37,850 INFO c.h.h.t.HelmChartContainer - [hivemq-test-hivemq-platform] [hivemq-platform-operator] [59cb48af] 17:08:37.850 [ReconcilerExecutor-hivemq-controller-98] DEBUG c.h.p.o.HiveMQPlatformReconciler - [helmaddi] StatefulSet Spec (replicas: 1, init containers: 1, containers: 1, volumes: 7)
2025-01-29 17:08:37,939 INFO c.h.h.t.HelmChartContainer - [hivemq-test-hivemq-platform] [hivemq-platform-operator] [59cb48af] 17:08:37.937 [ReconcilerExecutor-hivemq-controller-98] DEBUG c.h.p.o.h.HiveMQPlatformReconcilerErrorHandler - [helmaddi] Pod 'test-hivemq-platform-0' phase Pending
2025-01-29 17:08:37,939 INFO c.h.h.t.HelmChartContainer - [hivemq-test-hivemq-platform] [hivemq-platform-operator] [59cb48af] 17:08:37.937 [ReconcilerExecutor-hivemq-controller-98] DEBUG c.h.p.o.h.HiveMQPlatformReconcilerErrorHandler - [helmaddi] Pod 'test-hivemq-platform-0' condition 'PodReadyToStartContainers': False
2025-01-29 17:08:37,940 INFO c.h.h.t.HelmChartContainer - [hivemq-test-hivemq-platform] [hivemq-platform-operator] [59cb48af] 17:08:37.938 [ReconcilerExecutor-hivemq-controller-98] DEBUG c.h.p.o.h.HiveMQPlatformReconcilerErrorHandler - [helmaddi] Pod 'test-hivemq-platform-0' condition 'Initialized': False
2025-01-29 17:08:37,940 INFO c.h.h.t.HelmChartContainer - [hivemq-test-hivemq-platform] [hivemq-platform-operator] [59cb48af] 17:08:37.938 [ReconcilerExecutor-hivemq-controller-98] DEBUG c.h.p.o.h.HiveMQPlatformReconcilerErrorHandler - [helmaddi] Pod 'test-hivemq-platform-0' condition 'Ready': False
2025-01-29 17:08:37,940 INFO c.h.h.t.HelmChartContainer - [hivemq-test-hivemq-platform] [hivemq-platform-operator] [59cb48af] 17:08:37.938 [ReconcilerExecutor-hivemq-controller-98] DEBUG c.h.p.o.h.HiveMQPlatformReconcilerErrorHandler - [helmaddi] Pod 'test-hivemq-platform-0' condition 'ContainersReady': False
2025-01-29 17:08:37,940 INFO c.h.h.t.HelmChartContainer - [hivemq-test-hivemq-platform] [hivemq-platform-operator] [59cb48af] 17:08:37.938 [ReconcilerExecutor-hivemq-controller-98] DEBUG c.h.p.o.h.HiveMQPlatformReconcilerErrorHandler - [helmaddi] Pod 'test-hivemq-platform-0' condition 'PodScheduled': True
2025-01-29 17:08:37,940 INFO c.h.h.t.HelmChartContainer - [hivemq-test-hivemq-platform] [hivemq-platform-operator] [59cb48af] 17:08:37.938 [ReconcilerExecutor-hivemq-controller-98] DEBUG c.h.p.o.h.HiveMQPlatformReconcilerErrorHandler - [helmaddi] Pod 'test-hivemq-platform-0' containerStatus 'hivemq' (started: false) (ready: false) (waiting: [PodInitializing] null)
2025-01-29 17:08:37,941 INFO c.h.h.t.HelmChartContainer - [hivemq-test-hivemq-platform] [hivemq-platform-operator] [59cb48af] 17:08:37.940 [ReconcilerExecutor-hivemq-controller-98] INFO  c.h.p.o.h.HiveMQPlatformReconcilerBaseHandler - [helmaddi] HiveMQ Platform is starting, 0 of 1 replicas are ready
2025-01-29 17:08:37,946 INFO c.h.h.t.HelmChartContainer - [hivemq-test-hivemq-platform] [hivemq-platform-operator] [59cb48af] 17:08:37.945 [pool-6-thread-5] DEBUG c.h.p.o.d.PlatformServiceResource - [helmaddi] Desired Platform services (3 services)
2025-01-29 17:08:37,950 INFO c.h.h.t.HelmChartContainer - [hivemq-test-hivemq-platform] [hivemq-platform-operator] [59cb48af] 17:08:37.947 [pool-6-thread-3] DEBUG c.h.p.o.d.PodServiceAccountResource - [helmaddi] Desired PodServiceAccountResource (serviceAccountName: hivemq-platform-pod-test-hivemq-platform)
2025-01-29 17:08:37,951 INFO c.h.h.t.HelmChartContainer - [hivemq-test-hivemq-platform] [hivemq-platform-operator] [59cb48af] 17:08:37.948 [pool-6-thread-6] DEBUG c.h.p.o.dependants.PodInfoConfigMap - [helmaddi] Desired PodInfo ConfigMap (1 extensions) (1 enabled)
2025-01-29 17:08:37,951 INFO c.h.h.t.HelmChartContainer - [hivemq-test-hivemq-platform] [hivemq-platform-operator] [59cb48af] 17:08:37.949 [pool-6-thread-6] DEBUG c.h.p.o.dependants.PodInfoConfigMap - [helmaddi] Desired PodInfo ConfigMap (metrics port: 9399) (metrics path: /)
2025-01-29 17:08:37,951 INFO c.h.h.t.HelmChartContainer - [hivemq-test-hivemq-platform] [hivemq-platform-operator] [59cb48af] 17:08:37.949 [pool-6-thread-6] DEBUG c.h.p.o.dependants.PodInfoConfigMap - [helmaddi] Desired PodInfo ConfigMap (extension state hash: -1817474005)
2025-01-29 17:08:37,991 INFO c.h.h.t.HelmChartContainer - [hivemq-test-hivemq-platform] [hivemq-platform-operator] [59cb48af] 17:08:37.990 [pool-6-thread-4] DEBUG c.h.p.o.d.StatefulSetResource - [helmaddi] Desired StatefulSet (1 replicas) for status STARTING (READY)
2025-01-29 17:08:38,040 INFO c.h.h.t.HelmChartContainer - [hivemq-test-hivemq-platform] [hivemq-platform-operator] [59cb48af] 17:08:38.039 [ReconcilerExecutor-hivemq-controller-109] INFO  c.h.p.o.HiveMQPlatformReconciler - [helmaddi] Reconciling HiveMQ Platform 'test-hivemq-platform' in namespace 'helmadditionalvolumesit'
2025-01-29 17:08:38,042 INFO c.h.h.t.HelmChartContainer - [hivemq-test-hivemq-platform] [hivemq-platform-operator] [59cb48af] 17:08:38.039 [ReconcilerExecutor-hivemq-controller-109] DEBUG c.h.p.o.HiveMQPlatformReconciler - [helmaddi] Custom Resource Status STARTING - HiveMQ Platform is starting (READY)
2025-01-29 17:08:38,043 INFO c.h.h.t.HelmChartContainer - [hivemq-test-hivemq-platform] [hivemq-platform-operator] [59cb48af] 17:08:38.040 [ReconcilerExecutor-hivemq-controller-109] DEBUG c.h.p.o.HiveMQPlatformReconciler - [helmaddi] Custom Resource Spec (replicas: 1) (extensions: 1)
2025-01-29 17:08:38,044 INFO c.h.h.t.HelmChartContainer - [hivemq-test-hivemq-platform] [hivemq-platform-operator] [59cb48af] 17:08:38.043 [ReconcilerExecutor-hivemq-controller-109] DEBUG c.h.p.o.HiveMQPlatformReconciler - [helmaddi] StatefulSet Status (revision: test-hivemq-platform-5d4d897885, replicas: 1, available: 0, ready: 0, current: 1, updated: 1)
2025-01-29 17:08:38,044 INFO c.h.h.t.HelmChartContainer - [hivemq-test-hivemq-platform] [hivemq-platform-operator] [59cb48af] 17:08:38.043 [ReconcilerExecutor-hivemq-controller-109] DEBUG c.h.p.o.HiveMQPlatformReconciler - [helmaddi] StatefulSet Spec (replicas: 1, init containers: 1, containers: 1, volumes: 7)
2025-01-29 17:08:38,045 INFO c.h.h.t.HelmChartContainer - [hivemq-test-hivemq-platform] [hivemq-platform-operator] [59cb48af] 17:08:38.044 [ReconcilerExecutor-hivemq-controller-109] DEBUG c.h.p.o.h.HiveMQPlatformReconcilerErrorHandler - [helmaddi] Pod 'test-hivemq-platform-0' phase Pending
2025-01-29 17:08:38,046 INFO c.h.h.t.HelmChartContainer - [hivemq-test-hivemq-platform] [hivemq-platform-operator] [59cb48af] 17:08:38.044 [ReconcilerExecutor-hivemq-controller-109] DEBUG c.h.p.o.h.HiveMQPlatformReconcilerErrorHandler - [helmaddi] Pod 'test-hivemq-platform-0' condition 'PodReadyToStartContainers': False
2025-01-29 17:08:38,046 INFO c.h.h.t.HelmChartContainer - [hivemq-test-hivemq-platform] [hivemq-platform-operator] [59cb48af] 17:08:38.044 [ReconcilerExecutor-hivemq-controller-109] DEBUG c.h.p.o.h.HiveMQPlatformReconcilerErrorHandler - [helmaddi] Pod 'test-hivemq-platform-0' condition 'Initialized': False
2025-01-29 17:08:38,046 INFO c.h.h.t.HelmChartContainer - [hivemq-test-hivemq-platform] [hivemq-platform-operator] [59cb48af] 17:08:38.044 [ReconcilerExecutor-hivemq-controller-109] DEBUG c.h.p.o.h.HiveMQPlatformReconcilerErrorHandler - [helmaddi] Pod 'test-hivemq-platform-0' condition 'Ready': False
2025-01-29 17:08:38,046 INFO c.h.h.t.HelmChartContainer - [hivemq-test-hivemq-platform] [hivemq-platform-operator] [59cb48af] 17:08:38.045 [ReconcilerExecutor-hivemq-controller-109] DEBUG c.h.p.o.h.HiveMQPlatformReconcilerErrorHandler - [helmaddi] Pod 'test-hivemq-platform-0' condition 'ContainersReady': False
2025-01-29 17:08:38,047 INFO c.h.h.t.HelmChartContainer - [hivemq-test-hivemq-platform] [hivemq-platform-operator] [59cb48af] 17:08:38.045 [ReconcilerExecutor-hivemq-controller-109] DEBUG c.h.p.o.h.HiveMQPlatformReconcilerErrorHandler - [helmaddi] Pod 'test-hivemq-platform-0' condition 'PodScheduled': True
2025-01-29 17:08:38,047 INFO c.h.h.t.HelmChartContainer - [hivemq-test-hivemq-platform] [hivemq-platform-operator] [59cb48af] 17:08:38.045 [ReconcilerExecutor-hivemq-controller-109] DEBUG c.h.p.o.h.HiveMQPlatformReconcilerErrorHandler - [helmaddi] Pod 'test-hivemq-platform-0' containerStatus 'hivemq' (started: false) (ready: false) (waiting: [PodInitializing] null)
2025-01-29 17:08:38,047 INFO c.h.h.t.HelmChartContainer - [hivemq-test-hivemq-platform] [hivemq-platform-operator] [59cb48af] 17:08:38.045 [ReconcilerExecutor-hivemq-controller-109] INFO  c.h.p.o.h.HiveMQPlatformReconcilerBaseHandler - [helmaddi] HiveMQ Platform is starting, 0 of 1 replicas are ready
2025-01-29 17:08:38,158 INFO c.h.h.t.HelmChartContainer - [EVENT] Normal [Pulled] Container image "docker.io/hivemq/hivemq-platform-operator-init-test:snapshot" already present on machine [helmadditionalvolumesit:test-hivemq-platform-0]
2025-01-29 17:08:38,279 INFO c.h.h.t.HelmChartContainer - [EVENT] Normal [Created] Created container: hivemq-platform-operator-init [helmadditionalvolumesit:test-hivemq-platform-0]
2025-01-29 17:08:38,315 INFO c.h.h.t.HelmChartContainer - [EVENT] Normal [Started] Started container hivemq-platform-operator-init [helmadditionalvolumesit:test-hivemq-platform-0]
2025-01-29 17:08:38,975 INFO c.h.h.t.HelmChartContainer - [EVENT] Normal [Pulled] Container image "docker.io/hivemq/hivemq4:4.36.0" already present on machine [helmadditionalvolumesit:test-hivemq-platform-0]
2025-01-29 17:08:38,975 INFO c.h.h.t.HelmChartContainer - Received Pulled event for container hivemq in pod test-hivemq-platform-0 [b8492ca1-96a0-48af-b66d-fe720a01ff78]
2025-01-29 17:08:38,986 INFO c.h.h.t.HelmChartContainer - [POD] test-hivemq-platform-0 [b8492ca1-96a0-48af-b66d-fe720a01ff78] in helmadditionalvolumesit was MODIFIED
2025-01-29 17:08:39,003 INFO c.h.h.t.HelmChartContainer - [hivemq-test-hivemq-platform] [hivemq-platform-operator] [59cb48af] 17:08:38.996 [pool-6-thread-14] DEBUG c.h.p.o.d.PlatformServiceResource - [helmaddi] Desired Platform services (3 services)
2025-01-29 17:08:39,005 INFO c.h.h.t.HelmChartContainer - [hivemq-test-hivemq-platform] [hivemq-platform-operator] [59cb48af] 17:08:39.004 [pool-6-thread-15] DEBUG c.h.p.o.dependants.PodInfoConfigMap - [helmaddi] Desired PodInfo ConfigMap (1 extensions) (1 enabled)
2025-01-29 17:08:39,016 INFO c.h.h.t.HelmChartContainer - [hivemq-test-hivemq-platform] [hivemq-platform-operator] [59cb48af] 17:08:39.006 [pool-6-thread-15] DEBUG c.h.p.o.dependants.PodInfoConfigMap - [helmaddi] Desired PodInfo ConfigMap (metrics port: 9399) (metrics path: /)
2025-01-29 17:08:39,022 INFO c.h.h.t.HelmChartContainer - [hivemq-test-hivemq-platform] [hivemq-platform-operator] [59cb48af] 17:08:39.007 [pool-6-thread-15] DEBUG c.h.p.o.dependants.PodInfoConfigMap - [helmaddi] Desired PodInfo ConfigMap (extension state hash: -1817474005)
2025-01-29 17:08:39,022 INFO c.h.h.t.HelmChartContainer - [hivemq-test-hivemq-platform] [hivemq-platform-operator] [59cb48af] 17:08:39.006 [pool-6-thread-19] DEBUG c.h.p.o.d.PodServiceAccountResource - [helmaddi] Desired PodServiceAccountResource (serviceAccountName: hivemq-platform-pod-test-hivemq-platform)
2025-01-29 17:08:39,022 INFO c.h.h.t.HelmChartContainer - [hivemq-test-hivemq-platform] [hivemq-platform-operator] [59cb48af] 17:08:39.013 [pool-6-thread-11] DEBUG c.h.p.o.d.StatefulSetResource - [helmaddi] Desired StatefulSet (1 replicas) for status STARTING (READY)
2025-01-29 17:08:39,037 INFO c.h.h.t.HelmChartContainer - [hivemq-test-hivemq-platform] [hivemq-platform-operator] [59cb48af] 17:08:39.036 [ReconcilerExecutor-hivemq-controller-110] INFO  c.h.p.o.HiveMQPlatformReconciler - [helmaddi] Reconciling HiveMQ Platform 'test-hivemq-platform' in namespace 'helmadditionalvolumesit'
2025-01-29 17:08:39,037 INFO c.h.h.t.HelmChartContainer - [hivemq-test-hivemq-platform] [hivemq-platform-operator] [59cb48af] 17:08:39.036 [ReconcilerExecutor-hivemq-controller-110] DEBUG c.h.p.o.HiveMQPlatformReconciler - [helmaddi] Custom Resource Status STARTING - HiveMQ Platform is starting (READY)
2025-01-29 17:08:39,037 INFO c.h.h.t.HelmChartContainer - [hivemq-test-hivemq-platform] [hivemq-platform-operator] [59cb48af] 17:08:39.036 [ReconcilerExecutor-hivemq-controller-110] DEBUG c.h.p.o.HiveMQPlatformReconciler - [helmaddi] Custom Resource Spec (replicas: 1) (extensions: 1)
2025-01-29 17:08:39,092 INFO c.h.h.t.HelmChartContainer - [hivemq-test-hivemq-platform] [hivemq-platform-operator] [59cb48af] 17:08:39.090 [ReconcilerExecutor-hivemq-controller-110] DEBUG c.h.p.o.HiveMQPlatformReconciler - [helmaddi] StatefulSet Status (revision: test-hivemq-platform-5d4d897885, replicas: 1, available: 0, ready: 0, current: 1, updated: 1)
2025-01-29 17:08:39,095 INFO c.h.h.t.HelmChartContainer - [hivemq-test-hivemq-platform] [hivemq-platform-operator] [59cb48af] 17:08:39.090 [ReconcilerExecutor-hivemq-controller-110] DEBUG c.h.p.o.HiveMQPlatformReconciler - [helmaddi] StatefulSet Spec (replicas: 1, init containers: 1, containers: 1, volumes: 7)
2025-01-29 17:08:39,098 INFO c.h.h.t.HelmChartContainer - [hivemq-test-hivemq-platform] [hivemq-platform-operator] [59cb48af] 17:08:39.096 [ReconcilerExecutor-hivemq-controller-110] DEBUG c.h.p.o.h.HiveMQPlatformReconcilerErrorHandler - [helmaddi] Pod 'test-hivemq-platform-0' phase Pending
2025-01-29 17:08:39,100 INFO c.h.h.t.HelmChartContainer - [hivemq-test-hivemq-platform] [hivemq-platform-operator] [59cb48af] 17:08:39.097 [ReconcilerExecutor-hivemq-controller-110] DEBUG c.h.p.o.h.HiveMQPlatformReconcilerErrorHandler - [helmaddi] Pod 'test-hivemq-platform-0' condition 'PodReadyToStartContainers': True
2025-01-29 17:08:39,102 INFO c.h.h.t.HelmChartContainer - [hivemq-test-hivemq-platform] [hivemq-platform-operator] [59cb48af] 17:08:39.097 [ReconcilerExecutor-hivemq-controller-110] DEBUG c.h.p.o.h.HiveMQPlatformReconcilerErrorHandler - [helmaddi] Pod 'test-hivemq-platform-0' condition 'Initialized': True
2025-01-29 17:08:39,102 INFO c.h.h.t.HelmChartContainer - [hivemq-test-hivemq-platform] [hivemq-platform-operator] [59cb48af] 17:08:39.097 [ReconcilerExecutor-hivemq-controller-110] DEBUG c.h.p.o.h.HiveMQPlatformReconcilerErrorHandler - [helmaddi] Pod 'test-hivemq-platform-0' condition 'Ready': False
2025-01-29 17:08:39,103 INFO c.h.h.t.HelmChartContainer - [hivemq-test-hivemq-platform] [hivemq-platform-operator] [59cb48af] 17:08:39.097 [ReconcilerExecutor-hivemq-controller-110] DEBUG c.h.p.o.h.HiveMQPlatformReconcilerErrorHandler - [helmaddi] Pod 'test-hivemq-platform-0' condition 'ContainersReady': False
2025-01-29 17:08:39,104 INFO c.h.h.t.HelmChartContainer - [hivemq-test-hivemq-platform] [hivemq-platform-operator] [59cb48af] 17:08:39.097 [ReconcilerExecutor-hivemq-controller-110] DEBUG c.h.p.o.h.HiveMQPlatformReconcilerErrorHandler - [helmaddi] Pod 'test-hivemq-platform-0' condition 'PodScheduled': True
2025-01-29 17:08:39,104 INFO c.h.h.t.HelmChartContainer - [hivemq-test-hivemq-platform] [hivemq-platform-operator] [59cb48af] 17:08:39.097 [ReconcilerExecutor-hivemq-controller-110] DEBUG c.h.p.o.h.HiveMQPlatformReconcilerErrorHandler - [helmaddi] Pod 'test-hivemq-platform-0' containerStatus 'hivemq' (started: false) (ready: false) (waiting: [PodInitializing] null)
2025-01-29 17:08:39,104 INFO c.h.h.t.HelmChartContainer - [hivemq-test-hivemq-platform] [hivemq-platform-operator] [59cb48af] 17:08:39.098 [ReconcilerExecutor-hivemq-controller-110] INFO  c.h.p.o.h.HiveMQPlatformReconcilerBaseHandler - [helmaddi] HiveMQ Platform is starting, 0 of 1 replicas are ready
2025-01-29 17:08:40,180 INFO c.h.h.t.HelmChartContainer - [EVENT] Normal [Created] Created container: hivemq [helmadditionalvolumesit:test-hivemq-platform-0]
2025-01-29 17:08:40,180 INFO c.h.h.t.HelmChartContainer - Received Created event for container hivemq in pod test-hivemq-platform-0 [b8492ca1-96a0-48af-b66d-fe720a01ff78]
2025-01-29 17:08:40,987 INFO c.h.h.t.HelmChartContainer - [POD] test-hivemq-platform-0 [b8492ca1-96a0-48af-b66d-fe720a01ff78] in helmadditionalvolumesit was MODIFIED
2025-01-29 17:08:41,000 INFO c.h.h.t.HelmChartContainer - [EVENT] Normal [Started] Started container hivemq [helmadditionalvolumesit:test-hivemq-platform-0]
2025-01-29 17:08:41,000 INFO c.h.h.t.HelmChartContainer - Received Started event for container hivemq in pod test-hivemq-platform-0 [b8492ca1-96a0-48af-b66d-fe720a01ff78]
2025-01-29 17:08:41,001 INFO c.h.h.t.HelmChartContainer - Started log watcher for hivemq in pod test-hivemq-platform-0 [b8492ca1-96a0-48af-b66d-fe720a01ff78]
2025-01-29 17:08:41,003 INFO c.h.h.t.HelmChartContainer - [test-hivemq-platform] [hivemq] [b8492ca1] Adding pre-installed HiveMQ Platform Operator extensions
2025-01-29 17:08:41,003 INFO c.h.h.t.HelmChartContainer - [test-hivemq-platform] [hivemq] [b8492ca1] Running as user 10000
2025-01-29 17:08:41,004 INFO c.h.h.t.HelmChartContainer - [hivemq-test-hivemq-platform] [hivemq-platform-operator] [59cb48af] 17:08:40.995 [pool-6-thread-21] DEBUG c.h.p.o.d.PlatformServiceResource - [helmaddi] Desired Platform services (3 services)
2025-01-29 17:08:41,004 INFO c.h.h.t.HelmChartContainer - [hivemq-test-hivemq-platform] [hivemq-platform-operator] [59cb48af] 17:08:40.996 [pool-6-thread-27] DEBUG c.h.p.o.dependants.PodInfoConfigMap - [helmaddi] Desired PodInfo ConfigMap (1 extensions) (1 enabled)
2025-01-29 17:08:41,004 INFO c.h.h.t.HelmChartContainer - [hivemq-test-hivemq-platform] [hivemq-platform-operator] [59cb48af] 17:08:40.996 [pool-6-thread-27] DEBUG c.h.p.o.dependants.PodInfoConfigMap - [helmaddi] Desired PodInfo ConfigMap (metrics port: 9399) (metrics path: /)
2025-01-29 17:08:41,004 INFO c.h.h.t.HelmChartContainer - [hivemq-test-hivemq-platform] [hivemq-platform-operator] [59cb48af] 17:08:40.996 [pool-6-thread-27] DEBUG c.h.p.o.dependants.PodInfoConfigMap - [helmaddi] Desired PodInfo ConfigMap (extension state hash: -1817474005)
2025-01-29 17:08:41,004 INFO c.h.h.t.HelmChartContainer - [hivemq-test-hivemq-platform] [hivemq-platform-operator] [59cb48af] 17:08:40.999 [pool-6-thread-26] DEBUG c.h.p.o.d.PodServiceAccountResource - [helmaddi] Desired PodServiceAccountResource (serviceAccountName: hivemq-platform-pod-test-hivemq-platform)
2025-01-29 17:08:41,004 INFO c.h.h.t.HelmChartContainer - [test-hivemq-platform] [hivemq] [b8492ca1] Starting HiveMQ Platform Operator Init
2025-01-29 17:08:41,016 INFO c.h.h.t.HelmChartContainer - [hivemq-test-hivemq-platform] [hivemq-platform-operator] [59cb48af] 17:08:41.014 [pool-6-thread-30] DEBUG c.h.p.o.d.StatefulSetResource - [helmaddi] Desired StatefulSet (1 replicas) for status STARTING (READY)
2025-01-29 17:08:41,094 INFO c.h.h.t.HelmChartContainer - [hivemq-test-hivemq-platform] [hivemq-platform-operator] [59cb48af] 17:08:41.092 [ReconcilerExecutor-hivemq-controller-111] INFO  c.h.p.o.HiveMQPlatformReconciler - [helmaddi] Reconciling HiveMQ Platform 'test-hivemq-platform' in namespace 'helmadditionalvolumesit'
2025-01-29 17:08:41,095 INFO c.h.h.t.HelmChartContainer - [hivemq-test-hivemq-platform] [hivemq-platform-operator] [59cb48af] 17:08:41.092 [ReconcilerExecutor-hivemq-controller-111] DEBUG c.h.p.o.HiveMQPlatformReconciler - [helmaddi] Custom Resource Status STARTING - HiveMQ Platform is starting (READY)
2025-01-29 17:08:41,095 INFO c.h.h.t.HelmChartContainer - [hivemq-test-hivemq-platform] [hivemq-platform-operator] [59cb48af] 17:08:41.092 [ReconcilerExecutor-hivemq-controller-111] DEBUG c.h.p.o.HiveMQPlatformReconciler - [helmaddi] Custom Resource Spec (replicas: 1) (extensions: 1)
2025-01-29 17:08:41,097 INFO c.h.h.t.HelmChartContainer - [hivemq-test-hivemq-platform] [hivemq-platform-operator] [59cb48af] 17:08:41.095 [ReconcilerExecutor-hivemq-controller-111] DEBUG c.h.p.o.HiveMQPlatformReconciler - [helmaddi] StatefulSet Status (revision: test-hivemq-platform-5d4d897885, replicas: 1, available: 0, ready: 0, current: 1, updated: 1)
2025-01-29 17:08:41,099 INFO c.h.h.t.HelmChartContainer - [hivemq-test-hivemq-platform] [hivemq-platform-operator] [59cb48af] 17:08:41.095 [ReconcilerExecutor-hivemq-controller-111] DEBUG c.h.p.o.HiveMQPlatformReconciler - [helmaddi] StatefulSet Spec (replicas: 1, init containers: 1, containers: 1, volumes: 7)
2025-01-29 17:08:41,102 INFO c.h.h.t.HelmChartContainer - [hivemq-test-hivemq-platform] [hivemq-platform-operator] [59cb48af] 17:08:41.101 [ReconcilerExecutor-hivemq-controller-111] DEBUG c.h.p.o.h.HiveMQPlatformReconcilerErrorHandler - [helmaddi] Pod 'test-hivemq-platform-0' phase Running
2025-01-29 17:08:41,104 INFO c.h.h.t.HelmChartContainer - [hivemq-test-hivemq-platform] [hivemq-platform-operator] [59cb48af] 17:08:41.103 [ReconcilerExecutor-hivemq-controller-111] INFO  c.h.p.o.h.HiveMQPlatformReconcilerBaseHandler - [helmaddi] HiveMQ Platform is starting, 0 of 1 replicas are ready
2025-01-29 17:08:41,413 INFO c.h.h.t.HelmChartContainer - [test-hivemq-platform] [hivemq] [b8492ca1] INFO  - [HiveMQ Platform Operator Init 1.7.0-SNAPSHOT] HiveMQ Platform Operator Init 1.7.0-SNAPSHOT (commit: 8465ebf on branch: HEAD) built on Wed Jan 29 16:56:31 UTC 2025
2025-01-29 17:08:42,559 INFO c.h.h.t.HelmChartContainer - [test-hivemq-platform] [hivemq] [b8492ca1] INFO  - [HiveMQ Platform Operator Init App 1.7.0-SNAPSHOT] Using bind address 10.42.0.11 from environment variable
2025-01-29 17:08:43,498 INFO c.h.h.t.HelmChartContainer - [test-hivemq-platform] [hivemq] [b8492ca1] INFO  - [HiveMQ Platform Operator Init App 1.7.0-SNAPSHOT] HiveMQ Platform Operator Init App 1.7.0-SNAPSHOT (commit: 8465ebf on branch: HEAD) built on Wed Jan 29 16:56:31 UTC 2025
2025-01-29 17:08:43,498 INFO c.h.h.t.HelmChartContainer - [test-hivemq-platform] [hivemq] [b8492ca1] INFO  - [HiveMQ Platform Operator Init App 1.7.0-SNAPSHOT] PodInfo ConfigMap directory: /etc/podinfo
2025-01-29 17:08:43,498 INFO c.h.h.t.HelmChartContainer - [test-hivemq-platform] [hivemq] [b8492ca1] INFO  - [HiveMQ Platform Operator Init App 1.7.0-SNAPSHOT] HiveMQ home directory: /opt/hivemq
2025-01-29 17:08:43,498 INFO c.h.h.t.HelmChartContainer - [test-hivemq-platform] [hivemq] [b8492ca1] INFO  - [HiveMQ Platform Operator Init App 1.7.0-SNAPSHOT] HiveMQ Logback folder: /opt/hivemq/conf
2025-01-29 17:08:43,498 INFO c.h.h.t.HelmChartContainer - [test-hivemq-platform] [hivemq] [b8492ca1] INFO  - [HiveMQ Platform Operator Init App 1.7.0-SNAPSHOT] HiveMQ Config folder: /opt/hivemq/conf-k8s
2025-01-29 17:08:43,500 INFO c.h.h.t.HelmChartContainer - [test-hivemq-platform] [hivemq] [b8492ca1] INFO  - [HiveMQ Platform Operator Init App 1.7.0-SNAPSHOT] Starting HiveMQ Platform Operator Init App
2025-01-29 17:08:43,500 INFO c.h.h.t.HelmChartContainer - [test-hivemq-platform] [hivemq] [b8492ca1] INFO  - [HiveMQ Platform Operator Init App 1.7.0-SNAPSHOT] Starting Pod reconciler
2025-01-29 17:08:44,718 INFO c.h.h.t.HelmChartContainer - [test-hivemq-platform] [hivemq] [b8492ca1] INFO  - [HiveMQ Platform Operator Init App 1.7.0-SNAPSHOT] Pod reconciler is scheduled (interval: 5000 ms)
2025-01-29 17:08:44,719 INFO c.h.h.t.HelmChartContainer - [test-hivemq-platform] [hivemq] [b8492ca1] INFO  - [HiveMQ Platform Operator Init App 1.7.0-SNAPSHOT] Starting the REST API on 10.42.0.11:7979
2025-01-29 17:08:44,721 INFO c.h.h.t.HelmChartContainer - [test-hivemq-platform] [hivemq] [b8492ca1] INFO  - [HiveMQ Platform Operator Init App 1.7.0-SNAPSHOT] Waiting up to 600s for at most 1 HiveMQ nodes in cluster service hivemq-test-hivemq-platform-cluster.helmadditionalvolumesit.svc
2025-01-29 17:08:45,102 INFO c.h.h.t.HelmChartContainer - [test-hivemq-platform] [hivemq] [b8492ca1] INFO  - [HiveMQ Platform Operator Init App 1.7.0-SNAPSHOT] Resolved 1 IP addresses: [10.42.0.11]
2025-01-29 17:08:45,102 INFO c.h.h.t.HelmChartContainer - [test-hivemq-platform] [hivemq] [b8492ca1] INFO  - [HiveMQ Platform Operator Init App 1.7.0-SNAPSHOT] HiveMQ node count of 1 is within threshold of 1
2025-01-29 17:08:45,102 INFO c.h.h.t.HelmChartContainer - [test-hivemq-platform] [hivemq] [b8492ca1] INFO  - [HiveMQ Platform Operator Init App 1.7.0-SNAPSHOT] Proceeding with container start
2025-01-29 17:08:45,161 INFO c.h.h.t.HelmChartContainer - [test-hivemq-platform] [hivemq] [b8492ca1] INFO  - [HiveMQ Platform Operator Init App 1.7.0-SNAPSHOT] Initializing HiveMQ Platform extensions with initial configuration: {hivemq-allow-all-extension={start-priority=-1, skip-https-hostname-verification=false, restart=true, config-version=0, header-version=0, c-uri=, priority=-1, uri=preinstalled, skip-https-certificate-validation=false, enabled=true}, hivemq-prometheus-extension={priority=-1, start-priority=-1, c-uri=, skip-https-hostname-verification=false, skip-https-certificate-validation=false, uri=preinstalled, request-header-path=no-request-headers, enabled=true, restart=true}}
2025-01-29 17:08:45,602 INFO c.h.h.t.HelmChartContainer - [test-hivemq-platform] [hivemq] [b8492ca1] INFO  - [HiveMQ Platform Operator Init App 1.7.0-SNAPSHOT] Extension hivemq-allow-all-extension was already enabled
2025-01-29 17:08:45,697 INFO c.h.h.t.HelmChartContainer - [test-hivemq-platform] [hivemq] [b8492ca1] INFO  - [HiveMQ Platform Operator Init App 1.7.0-SNAPSHOT] Successfully enabled extension hivemq-prometheus-extension
2025-01-29 17:08:45,699 INFO c.h.h.t.HelmChartContainer - [test-hivemq-platform] [hivemq] [b8492ca1] INFO  - [HiveMQ Platform Operator Init App 1.7.0-SNAPSHOT] Starting HiveMQ Platform version 4.36.0 (4.36.0)
2025-01-29 17:08:45,700 INFO c.h.h.t.HelmChartContainer - [test-hivemq-platform] [hivemq] [b8492ca1] INFO  - [HiveMQ Platform Operator Init App 1.7.0-SNAPSHOT] Configuring the HiveMQ Platform
2025-01-29 17:08:45,756 INFO c.h.h.t.HelmChartContainer - [test-hivemq-platform] [hivemq] [b8492ca1] INFO  - [HiveMQ Platform Operator Init App 1.7.0-SNAPSHOT] Changed logback.xml file scan period to 20 seconds
2025-01-29 17:08:45,808 INFO c.h.h.t.HelmChartContainer - [test-hivemq-platform] [hivemq] [b8492ca1] INFO  - [HiveMQ Platform Operator Init App 1.7.0-SNAPSHOT] Starting the HiveMQ Platform
2025-01-29 17:08:45,811 INFO c.h.h.t.HelmChartContainer - [test-hivemq-platform] [hivemq] [b8492ca1] -------------------------------------------------------------------------
2025-01-29 17:08:45,811 INFO c.h.h.t.HelmChartContainer - [test-hivemq-platform] [hivemq] [b8492ca1] 
2025-01-29 17:08:45,811 INFO c.h.h.t.HelmChartContainer - [test-hivemq-platform] [hivemq] [b8492ca1]                   _    _  _              __  __   ____
2025-01-29 17:08:45,811 INFO c.h.h.t.HelmChartContainer - [test-hivemq-platform] [hivemq] [b8492ca1]                  | |  | |(_)            |  \/  | / __ \
2025-01-29 17:08:45,811 INFO c.h.h.t.HelmChartContainer - [test-hivemq-platform] [hivemq] [b8492ca1]                  | |__| | _ __   __ ___ | \  / || |  | |
2025-01-29 17:08:45,811 INFO c.h.h.t.HelmChartContainer - [test-hivemq-platform] [hivemq] [b8492ca1]                  |  __  || |\ \ / // _ \| |\/| || |  | |
2025-01-29 17:08:45,811 INFO c.h.h.t.HelmChartContainer - [test-hivemq-platform] [hivemq] [b8492ca1]                  | |  | || | \ V /|  __/| |  | || |__| |
2025-01-29 17:08:45,811 INFO c.h.h.t.HelmChartContainer - [test-hivemq-platform] [hivemq] [b8492ca1]                  |_|  |_||_|  \_/  \___||_|  |_| \___\_\
2025-01-29 17:08:45,811 INFO c.h.h.t.HelmChartContainer - [test-hivemq-platform] [hivemq] [b8492ca1] 
2025-01-29 17:08:45,811 INFO c.h.h.t.HelmChartContainer - [test-hivemq-platform] [hivemq] [b8492ca1] -------------------------------------------------------------------------
2025-01-29 17:08:45,811 INFO c.h.h.t.HelmChartContainer - [test-hivemq-platform] [hivemq] [b8492ca1] 
2025-01-29 17:08:45,811 INFO c.h.h.t.HelmChartContainer - [test-hivemq-platform] [hivemq] [b8492ca1]   HiveMQ Start Script for Linux/Unix v1.14
2025-01-29 17:08:45,811 INFO c.h.h.t.HelmChartContainer - [test-hivemq-platform] [hivemq] [b8492ca1] 
2025-01-29 17:08:45,914 INFO c.h.h.t.HelmChartContainer - [test-hivemq-platform] [hivemq] [b8492ca1] -------------------------------------------------------------------------
2025-01-29 17:08:45,914 INFO c.h.h.t.HelmChartContainer - [test-hivemq-platform] [hivemq] [b8492ca1] 
2025-01-29 17:08:45,914 INFO c.h.h.t.HelmChartContainer - [test-hivemq-platform] [hivemq] [b8492ca1]   HIVEMQ_HOME: /opt/hivemq
2025-01-29 17:08:45,914 INFO c.h.h.t.HelmChartContainer - [test-hivemq-platform] [hivemq] [b8492ca1] 
2025-01-29 17:08:45,914 INFO c.h.h.t.HelmChartContainer - [test-hivemq-platform] [hivemq] [b8492ca1]   JAVA_OPTS: -XX:+UnlockExperimentalVMOptions -XX:InitialRAMPercentage=50 -XX:MaxRAMPercentage=50 -Djava.net.preferIPv4Stack=true --add-opens java.base/java.lang=ALL-UNNAMED --add-opens java.base/java.nio=ALL-UNNAMED --add-opens java.base/sun.nio.ch=ALL-UNNAMED --add-opens jdk.management/com.sun.management.internal=ALL-UNNAMED --add-exports java.base/jdk.internal.misc=ALL-UNNAMED -Djava.security.egd=file:/dev/./urandom -Dcom.sun.management.jmxremote -Dcom.sun.management.jmxremote.port=9010 -Dcom.sun.management.jmxremote.local.only=false -Dcom.sun.management.jmxremote.authenticate=false -Dcom.sun.management.jmxremote.ssl=false -Duser.language=en -Duser.region=US -XX:+CrashOnOutOfMemoryError -XX:+HeapDumpOnOutOfMemoryError
2025-01-29 17:08:45,914 INFO c.h.h.t.HelmChartContainer - [test-hivemq-platform] [hivemq] [b8492ca1] 
2025-01-29 17:08:45,914 INFO c.h.h.t.HelmChartContainer - [test-hivemq-platform] [hivemq] [b8492ca1]   JAVA_VERSION: 21
2025-01-29 17:08:45,914 INFO c.h.h.t.HelmChartContainer - [test-hivemq-platform] [hivemq] [b8492ca1] 
2025-01-29 17:08:45,914 INFO c.h.h.t.HelmChartContainer - [test-hivemq-platform] [hivemq] [b8492ca1] -------------------------------------------------------------------------
2025-01-29 17:08:45,914 INFO c.h.h.t.HelmChartContainer - [test-hivemq-platform] [hivemq] [b8492ca1] 
2025-01-29 17:08:47,005 INFO c.h.h.t.HelmChartContainer - [test-hivemq-platform] [hivemq] [b8492ca1] INFO  - [HiveMQ Platform Operator Init App 1.7.0-SNAPSHOT] Returning default Health API response 503 for readiness
2025-01-29 17:08:47,309 INFO c.h.h.t.HelmChartContainer - [EVENT] Warning [Unhealthy] Readiness probe failed: HTTP probe failed with statuscode: 503 [helmadditionalvolumesit:test-hivemq-platform-0]
2025-01-29 17:08:47,310 INFO c.h.h.t.HelmChartContainer - Received Unhealthy event for container hivemq in pod test-hivemq-platform-0 [b8492ca1-96a0-48af-b66d-fe720a01ff78]
2025-01-29 17:08:48,609 INFO c.h.h.t.HelmChartContainer - [test-hivemq-platform] [hivemq] [b8492ca1] INFO  - Starting HiveMQ Enterprise Server
2025-01-29 17:08:48,614 INFO c.h.h.t.HelmChartContainer - [test-hivemq-platform] [hivemq] [b8492ca1] INFO  - HiveMQ version: 4.36.0
2025-01-29 17:08:48,615 INFO c.h.h.t.HelmChartContainer - [test-hivemq-platform] [hivemq] [b8492ca1] INFO  - HiveMQ home directory: /opt/hivemq
2025-01-29 17:08:48,615 INFO c.h.h.t.HelmChartContainer - [test-hivemq-platform] [hivemq] [b8492ca1] INFO  - Log Configuration was overridden by /opt/hivemq/conf/logback.xml
2025-01-29 17:08:49,902 INFO c.h.h.t.HelmChartContainer - [test-hivemq-platform] [hivemq] [b8492ca1] INFO  - Successfully loaded configuration from '/opt/hivemq/conf-k8s/config.xml'.
2025-01-29 17:08:50,706 INFO c.h.h.t.HelmChartContainer - [test-hivemq-platform] [hivemq] [b8492ca1] INFO  - This node's ID is imJk2
2025-01-29 17:08:50,706 INFO c.h.h.t.HelmChartContainer - [test-hivemq-platform] [hivemq] [b8492ca1] INFO  - Clustering is enabled
2025-01-29 17:08:51,111 INFO c.h.h.t.HelmChartContainer - [hivemq-test-hivemq-platform] [hivemq-platform-operator] [59cb48af] 17:08:51.109 [pool-6-thread-34] DEBUG c.h.p.o.d.PlatformServiceResource - [helmaddi] Desired Platform services (3 services)
2025-01-29 17:08:51,112 INFO c.h.h.t.HelmChartContainer - [hivemq-test-hivemq-platform] [hivemq-platform-operator] [59cb48af] 17:08:51.110 [pool-6-thread-36] DEBUG c.h.p.o.dependants.PodInfoConfigMap - [helmaddi] Desired PodInfo ConfigMap (1 extensions) (1 enabled)
2025-01-29 17:08:51,112 INFO c.h.h.t.HelmChartContainer - [hivemq-test-hivemq-platform] [hivemq-platform-operator] [59cb48af] 17:08:51.110 [pool-6-thread-36] DEBUG c.h.p.o.dependants.PodInfoConfigMap - [helmaddi] Desired PodInfo ConfigMap (metrics port: 9399) (metrics path: /)
2025-01-29 17:08:51,112 INFO c.h.h.t.HelmChartContainer - [hivemq-test-hivemq-platform] [hivemq-platform-operator] [59cb48af] 17:08:51.110 [pool-6-thread-36] DEBUG c.h.p.o.dependants.PodInfoConfigMap - [helmaddi] Desired PodInfo ConfigMap (extension state hash: -1817474005)
2025-01-29 17:08:51,113 INFO c.h.h.t.HelmChartContainer - [hivemq-test-hivemq-platform] [hivemq-platform-operator] [59cb48af] 17:08:51.112 [pool-6-thread-32] DEBUG c.h.p.o.d.PodServiceAccountResource - [helmaddi] Desired PodServiceAccountResource (serviceAccountName: hivemq-platform-pod-test-hivemq-platform)
2025-01-29 17:08:51,120 INFO c.h.h.t.HelmChartContainer - [hivemq-test-hivemq-platform] [hivemq-platform-operator] [59cb48af] 17:08:51.119 [pool-6-thread-34] DEBUG c.h.p.o.d.StatefulSetResource - [helmaddi] Desired StatefulSet (1 replicas) for status STARTING (READY)
2025-01-29 17:08:51,124 INFO c.h.h.t.HelmChartContainer - [hivemq-test-hivemq-platform] [hivemq-platform-operator] [59cb48af] 17:08:51.123 [ReconcilerExecutor-hivemq-controller-112] INFO  c.h.p.o.HiveMQPlatformReconciler - [helmaddi] Reconciling HiveMQ Platform 'test-hivemq-platform' in namespace 'helmadditionalvolumesit'
2025-01-29 17:08:51,125 INFO c.h.h.t.HelmChartContainer - [hivemq-test-hivemq-platform] [hivemq-platform-operator] [59cb48af] 17:08:51.123 [ReconcilerExecutor-hivemq-controller-112] DEBUG c.h.p.o.HiveMQPlatformReconciler - [helmaddi] Custom Resource Status STARTING - HiveMQ Platform is starting (READY)
2025-01-29 17:08:51,126 INFO c.h.h.t.HelmChartContainer - [hivemq-test-hivemq-platform] [hivemq-platform-operator] [59cb48af] 17:08:51.123 [ReconcilerExecutor-hivemq-controller-112] DEBUG c.h.p.o.HiveMQPlatformReconciler - [helmaddi] Custom Resource Spec (replicas: 1) (extensions: 1)
2025-01-29 17:08:51,126 INFO c.h.h.t.HelmChartContainer - [hivemq-test-hivemq-platform] [hivemq-platform-operator] [59cb48af] 17:08:51.124 [ReconcilerExecutor-hivemq-controller-112] DEBUG c.h.p.o.HiveMQPlatformReconciler - [helmaddi] StatefulSet Status (revision: test-hivemq-platform-5d4d897885, replicas: 1, available: 0, ready: 0, current: 1, updated: 1)
2025-01-29 17:08:51,126 INFO c.h.h.t.HelmChartContainer - [hivemq-test-hivemq-platform] [hivemq-platform-operator] [59cb48af] 17:08:51.124 [ReconcilerExecutor-hivemq-controller-112] DEBUG c.h.p.o.HiveMQPlatformReconciler - [helmaddi] StatefulSet Spec (replicas: 1, init containers: 1, containers: 1, volumes: 7)
2025-01-29 17:08:51,191 INFO c.h.h.t.HelmChartContainer - [hivemq-test-hivemq-platform] [hivemq-platform-operator] [59cb48af] 17:08:51.189 [ReconcilerExecutor-hivemq-controller-112] DEBUG c.h.p.o.h.HiveMQPlatformReconcilerErrorHandler - [helmaddi] Pod 'test-hivemq-platform-0' phase Running
2025-01-29 17:08:51,192 INFO c.h.h.t.HelmChartContainer - [hivemq-test-hivemq-platform] [hivemq-platform-operator] [59cb48af] 17:08:51.190 [ReconcilerExecutor-hivemq-controller-112] INFO  c.h.p.o.h.HiveMQPlatformReconcilerBaseHandler - [helmaddi] HiveMQ Platform is starting, 0 of 1 replicas are ready
2025-01-29 17:08:52,408 INFO c.h.h.t.HelmChartContainer - [test-hivemq-platform] [hivemq] [b8492ca1] WARN  - [HiveMQ Platform Operator Init App 1.7.0-SNAPSHOT] Cannot connect to Health API for readiness: null
2025-01-29 17:08:52,464 INFO c.h.h.t.HelmChartContainer - [EVENT] Warning [Unhealthy] Readiness probe failed: HTTP probe failed with statuscode: 503 [helmadditionalvolumesit:test-hivemq-platform-0]
2025-01-29 17:08:52,464 INFO c.h.h.t.HelmChartContainer - Received Unhealthy event for container hivemq in pod test-hivemq-platform-0 [b8492ca1-96a0-48af-b66d-fe720a01ff78]
2025-01-29 17:08:54,906 INFO c.h.h.t.HelmChartContainer - [test-hivemq-platform] [hivemq] [b8492ca1] Jan 29, 2025 5:08:54 PM io.vertx.core.impl.BlockedThreadChecker
2025-01-29 17:08:54,906 INFO c.h.h.t.HelmChartContainer - [test-hivemq-platform] [hivemq] [b8492ca1] WARNING: Thread Thread[vert.x-eventloop-thread-1,5,main] has been blocked for 2199 ms, time limit is 2000 ms
2025-01-29 17:08:55,503 INFO c.h.h.t.HelmChartContainer - [test-hivemq-platform] [hivemq] [b8492ca1] INFO  - [HiveMQ Platform Operator Init App 1.7.0-SNAPSHOT] Updating Pod HiveMQ Platform Operator Init App version annotation (version: 1.7.0-SNAPSHOT)
2025-01-29 17:08:56,415 INFO c.h.h.t.HelmChartContainer - [POD] test-hivemq-platform-0 [b8492ca1-96a0-48af-b66d-fe720a01ff78] in helmadditionalvolumesit was MODIFIED
2025-01-29 17:08:56,421 INFO c.h.h.t.HelmChartContainer - [hivemq-test-hivemq-platform] [hivemq-platform-operator] [59cb48af] 17:08:56.418 [pool-6-thread-43] DEBUG c.h.p.o.dependants.PodInfoConfigMap - [helmaddi] Desired PodInfo ConfigMap (1 extensions) (1 enabled)
2025-01-29 17:08:56,422 INFO c.h.h.t.HelmChartContainer - [hivemq-test-hivemq-platform] [hivemq-platform-operator] [59cb48af] 17:08:56.420 [pool-6-thread-41] DEBUG c.h.p.o.d.PodServiceAccountResource - [helmaddi] Desired PodServiceAccountResource (serviceAccountName: hivemq-platform-pod-test-hivemq-platform)
2025-01-29 17:08:56,425 INFO c.h.h.t.HelmChartContainer - [hivemq-test-hivemq-platform] [hivemq-platform-operator] [59cb48af] 17:08:56.421 [pool-6-thread-46] DEBUG c.h.p.o.d.PlatformServiceResource - [helmaddi] Desired Platform services (3 services)
2025-01-29 17:08:56,425 INFO c.h.h.t.HelmChartContainer - [hivemq-test-hivemq-platform] [hivemq-platform-operator] [59cb48af] 17:08:56.421 [pool-6-thread-43] DEBUG c.h.p.o.dependants.PodInfoConfigMap - [helmaddi] Desired PodInfo ConfigMap (metrics port: 9399) (metrics path: /)
2025-01-29 17:08:56,425 INFO c.h.h.t.HelmChartContainer - [hivemq-test-hivemq-platform] [hivemq-platform-operator] [59cb48af] 17:08:56.422 [pool-6-thread-43] DEBUG c.h.p.o.dependants.PodInfoConfigMap - [helmaddi] Desired PodInfo ConfigMap (extension state hash: -1817474005)
2025-01-29 17:08:56,430 INFO c.h.h.t.HelmChartContainer - [hivemq-test-hivemq-platform] [hivemq-platform-operator] [59cb48af] 17:08:56.429 [pool-6-thread-46] DEBUG c.h.p.o.d.StatefulSetResource - [helmaddi] Desired StatefulSet (1 replicas) for status STARTING (READY)
2025-01-29 17:08:56,492 INFO c.h.h.t.HelmChartContainer - [hivemq-test-hivemq-platform] [hivemq-platform-operator] [59cb48af] 17:08:56.490 [ReconcilerExecutor-hivemq-controller-113] INFO  c.h.p.o.HiveMQPlatformReconciler - [helmaddi] Reconciling HiveMQ Platform 'test-hivemq-platform' in namespace 'helmadditionalvolumesit'
2025-01-29 17:08:56,492 INFO c.h.h.t.HelmChartContainer - [hivemq-test-hivemq-platform] [hivemq-platform-operator] [59cb48af] 17:08:56.490 [ReconcilerExecutor-hivemq-controller-113] DEBUG c.h.p.o.HiveMQPlatformReconciler - [helmaddi] Custom Resource Status STARTING - HiveMQ Platform is starting (READY)
2025-01-29 17:08:56,492 INFO c.h.h.t.HelmChartContainer - [hivemq-test-hivemq-platform] [hivemq-platform-operator] [59cb48af] 17:08:56.490 [ReconcilerExecutor-hivemq-controller-113] DEBUG c.h.p.o.HiveMQPlatformReconciler - [helmaddi] Custom Resource Spec (replicas: 1) (extensions: 1)
2025-01-29 17:08:56,493 INFO c.h.h.t.HelmChartContainer - [hivemq-test-hivemq-platform] [hivemq-platform-operator] [59cb48af] 17:08:56.492 [ReconcilerExecutor-hivemq-controller-113] DEBUG c.h.p.o.HiveMQPlatformReconciler - [helmaddi] StatefulSet Status (revision: test-hivemq-platform-5d4d897885, replicas: 1, available: 0, ready: 0, current: 1, updated: 1)
2025-01-29 17:08:56,495 INFO c.h.h.t.HelmChartContainer - [hivemq-test-hivemq-platform] [hivemq-platform-operator] [59cb48af] 17:08:56.493 [ReconcilerExecutor-hivemq-controller-113] DEBUG c.h.p.o.HiveMQPlatformReconciler - [helmaddi] StatefulSet Spec (replicas: 1, init containers: 1, containers: 1, volumes: 7)
2025-01-29 17:08:56,503 INFO c.h.h.t.HelmChartContainer - [hivemq-test-hivemq-platform] [hivemq-platform-operator] [59cb48af] 17:08:56.501 [ReconcilerExecutor-hivemq-controller-113] DEBUG c.h.p.o.h.HiveMQPlatformReconcilerErrorHandler - [helmaddi] Pod 'test-hivemq-platform-0' phase Running
2025-01-29 17:08:56,504 INFO c.h.h.t.HelmChartContainer - [hivemq-test-hivemq-platform] [hivemq-platform-operator] [59cb48af] 17:08:56.504 [ReconcilerExecutor-hivemq-controller-113] INFO  c.h.p.o.h.HiveMQPlatformReconcilerBaseHandler - [helmaddi] HiveMQ Platform is starting, 0 of 1 replicas are ready
2025-01-29 17:08:56,508 INFO c.h.h.t.HelmChartContainer - [test-hivemq-platform] [hivemq] [b8492ca1] WARN  - [HiveMQ Platform Operator Init App 1.7.0-SNAPSHOT] Cannot connect to Health API for readiness: null
2025-01-29 17:08:56,511 INFO c.h.h.t.HelmChartContainer - [test-hivemq-platform] [hivemq] [b8492ca1] INFO  - [HiveMQ Platform Operator Init App 1.7.0-SNAPSHOT] Successfully updated Pod HiveMQ Platform Operator Init App version annotation (version: 1.7.0-SNAPSHOT)
2025-01-29 17:08:56,517 INFO c.h.h.t.HelmChartContainer - [EVENT] Warning [Unhealthy] Readiness probe failed: HTTP probe failed with statuscode: 503 [helmadditionalvolumesit:test-hivemq-platform-0]
2025-01-29 17:08:56,517 INFO c.h.h.t.HelmChartContainer - Received Unhealthy event for container hivemq in pod test-hivemq-platform-0 [b8492ca1-96a0-48af-b66d-fe720a01ff78]
2025-01-29 17:09:01,456 INFO c.h.h.t.HelmChartContainer - [test-hivemq-platform] [hivemq] [b8492ca1] WARN  - [HiveMQ Platform Operator Init App 1.7.0-SNAPSHOT] Cannot connect to Health API for readiness: null
2025-01-29 17:09:01,462 INFO c.h.h.t.HelmChartContainer - [EVENT] Warning [Unhealthy] Readiness probe failed: HTTP probe failed with statuscode: 503 [helmadditionalvolumesit:test-hivemq-platform-0]
2025-01-29 17:09:01,462 INFO c.h.h.t.HelmChartContainer - Received Unhealthy event for container hivemq in pod test-hivemq-platform-0 [b8492ca1-96a0-48af-b66d-fe720a01ff78]
2025-01-29 17:09:06,458 INFO c.h.h.t.HelmChartContainer - [test-hivemq-platform] [hivemq] [b8492ca1] WARN  - [HiveMQ Platform Operator Init App 1.7.0-SNAPSHOT] Cannot connect to Health API for readiness: null
2025-01-29 17:09:06,463 INFO c.h.h.t.HelmChartContainer - [EVENT] Warning [Unhealthy] Readiness probe failed: HTTP probe failed with statuscode: 503 [helmadditionalvolumesit:test-hivemq-platform-0]
2025-01-29 17:09:06,463 INFO c.h.h.t.HelmChartContainer - Received Unhealthy event for container hivemq in pod test-hivemq-platform-0 [b8492ca1-96a0-48af-b66d-fe720a01ff78]
2025-01-29 17:09:06,512 INFO c.h.h.t.HelmChartContainer - [hivemq-test-hivemq-platform] [hivemq-platform-operator] [59cb48af] 17:09:06.508 [pool-6-thread-2] DEBUG c.h.p.o.d.PlatformServiceResource - [helmaddi] Desired Platform services (3 services)
2025-01-29 17:09:06,513 INFO c.h.h.t.HelmChartContainer - [hivemq-test-hivemq-platform] [hivemq-platform-operator] [59cb48af] 17:09:06.509 [pool-6-thread-3] DEBUG c.h.p.o.dependants.PodInfoConfigMap - [helmaddi] Desired PodInfo ConfigMap (1 extensions) (1 enabled)
2025-01-29 17:09:06,513 INFO c.h.h.t.HelmChartContainer - [hivemq-test-hivemq-platform] [hivemq-platform-operator] [59cb48af] 17:09:06.509 [pool-6-thread-3] DEBUG c.h.p.o.dependants.PodInfoConfigMap - [helmaddi] Desired PodInfo ConfigMap (metrics port: 9399) (metrics path: /)
2025-01-29 17:09:06,513 INFO c.h.h.t.HelmChartContainer - [hivemq-test-hivemq-platform] [hivemq-platform-operator] [59cb48af] 17:09:06.509 [pool-6-thread-3] DEBUG c.h.p.o.dependants.PodInfoConfigMap - [helmaddi] Desired PodInfo ConfigMap (extension state hash: -1817474005)
2025-01-29 17:09:06,513 INFO c.h.h.t.HelmChartContainer - [hivemq-test-hivemq-platform] [hivemq-platform-operator] [59cb48af] 17:09:06.511 [pool-6-thread-3] DEBUG c.h.p.o.d.PodServiceAccountResource - [helmaddi] Desired PodServiceAccountResource (serviceAccountName: hivemq-platform-pod-test-hivemq-platform)
2025-01-29 17:09:06,515 INFO c.h.h.t.HelmChartContainer - [hivemq-test-hivemq-platform] [hivemq-platform-operator] [59cb48af] 17:09:06.514 [pool-6-thread-2] DEBUG c.h.p.o.d.StatefulSetResource - [helmaddi] Desired StatefulSet (1 replicas) for status STARTING (READY)
2025-01-29 17:09:06,519 INFO c.h.h.t.HelmChartContainer - [hivemq-test-hivemq-platform] [hivemq-platform-operator] [59cb48af] 17:09:06.518 [ReconcilerExecutor-hivemq-controller-114] INFO  c.h.p.o.HiveMQPlatformReconciler - [helmaddi] Reconciling HiveMQ Platform 'test-hivemq-platform' in namespace 'helmadditionalvolumesit'
2025-01-29 17:09:06,520 INFO c.h.h.t.HelmChartContainer - [hivemq-test-hivemq-platform] [hivemq-platform-operator] [59cb48af] 17:09:06.518 [ReconcilerExecutor-hivemq-controller-114] DEBUG c.h.p.o.HiveMQPlatformReconciler - [helmaddi] Custom Resource Status STARTING - HiveMQ Platform is starting (READY)
2025-01-29 17:09:06,520 INFO c.h.h.t.HelmChartContainer - [hivemq-test-hivemq-platform] [hivemq-platform-operator] [59cb48af] 17:09:06.518 [ReconcilerExecutor-hivemq-controller-114] DEBUG c.h.p.o.HiveMQPlatformReconciler - [helmaddi] Custom Resource Spec (replicas: 1) (extensions: 1)
2025-01-29 17:09:06,520 INFO c.h.h.t.HelmChartContainer - [hivemq-test-hivemq-platform] [hivemq-platform-operator] [59cb48af] 17:09:06.520 [ReconcilerExecutor-hivemq-controller-114] DEBUG c.h.p.o.HiveMQPlatformReconciler - [helmaddi] StatefulSet Status (revision: test-hivemq-platform-5d4d897885, replicas: 1, available: 0, ready: 0, current: 1, updated: 1)
2025-01-29 17:09:06,520 INFO c.h.h.t.HelmChartContainer - [hivemq-test-hivemq-platform] [hivemq-platform-operator] [59cb48af] 17:09:06.520 [ReconcilerExecutor-hivemq-controller-114] DEBUG c.h.p.o.HiveMQPlatformReconciler - [helmaddi] StatefulSet Spec (replicas: 1, init containers: 1, containers: 1, volumes: 7)
2025-01-29 17:09:06,522 INFO c.h.h.t.HelmChartContainer - [hivemq-test-hivemq-platform] [hivemq-platform-operator] [59cb48af] 17:09:06.521 [ReconcilerExecutor-hivemq-controller-114] DEBUG c.h.p.o.h.HiveMQPlatformReconcilerErrorHandler - [helmaddi] Pod 'test-hivemq-platform-0' phase Running
2025-01-29 17:09:06,523 INFO c.h.h.t.HelmChartContainer - [hivemq-test-hivemq-platform] [hivemq-platform-operator] [59cb48af] 17:09:06.522 [ReconcilerExecutor-hivemq-controller-114] INFO  c.h.p.o.h.HiveMQPlatformReconcilerBaseHandler - [helmaddi] HiveMQ Platform is starting, 0 of 1 replicas are ready
2025-01-29 17:09:08,100 INFO c.h.h.t.HelmChartContainer - [test-hivemq-platform] [hivemq] [b8492ca1] WARN  - [HiveMQ Platform Operator Init App 1.7.0-SNAPSHOT] Cannot connect to Health API for liveness: null
2025-01-29 17:09:08,101 INFO c.h.h.t.HelmChartContainer - [test-hivemq-platform] [hivemq] [b8492ca1] INFO  - [HiveMQ Platform Operator Init App 1.7.0-SNAPSHOT] Returning default Health API response 200 for liveness
2025-01-29 17:09:08,205 INFO c.h.h.t.HelmChartContainer - [test-hivemq-platform] [hivemq] [b8492ca1] INFO  - No valid license file found. Using trial license, restricted to 25 connections.
2025-01-29 17:09:11,457 INFO c.h.h.t.HelmChartContainer - [test-hivemq-platform] [hivemq] [b8492ca1] WARN  - [HiveMQ Platform Operator Init App 1.7.0-SNAPSHOT] Cannot connect to Health API for readiness: null
2025-01-29 17:09:11,462 INFO c.h.h.t.HelmChartContainer - [EVENT] Warning [Unhealthy] Readiness probe failed: HTTP probe failed with statuscode: 503 [helmadditionalvolumesit:test-hivemq-platform-0]
2025-01-29 17:09:11,463 INFO c.h.h.t.HelmChartContainer - Received Unhealthy event for container hivemq in pod test-hivemq-platform-0 [b8492ca1-96a0-48af-b66d-fe720a01ff78]
2025-01-29 17:09:11,798 INFO c.h.h.t.HelmChartContainer - [test-hivemq-platform] [hivemq] [b8492ca1] INFO  - No valid license file for Data Hub found. Using free license, restricted to 1 policy.
2025-01-29 17:09:12,442 INFO c.h.h.t.HelmChartContainer - [K3S] [range_allocator.go:247] "Successfully synced" key="3b0819b0f5e2"
2025-01-29 17:09:12,913 INFO c.h.h.t.HelmChartContainer - [test-hivemq-platform] [hivemq] [b8492ca1] INFO  - Audit Logger started.
2025-01-29 17:09:13,216 INFO c.h.h.t.HelmChartContainer - [test-hivemq-platform] [hivemq] [b8492ca1] INFO  - This node uses '1' CPU cores.
2025-01-29 17:09:13,220 INFO c.h.h.t.HelmChartContainer - [test-hivemq-platform] [hivemq] [b8492ca1] INFO  - Starting HiveMQ Health API on address 0.0.0.0 and port 8889
2025-01-29 17:09:14,063 INFO c.h.h.t.HelmChartContainer - [test-hivemq-platform] [hivemq] [b8492ca1] INFO  - Started HiveMQ Health API in 843ms
2025-01-29 17:09:14,910 INFO c.h.h.t.HelmChartContainer - [test-hivemq-platform] [hivemq] [b8492ca1] INFO  - Starting HiveMQ extension system.
2025-01-29 17:09:15,159 INFO c.h.h.t.HelmChartContainer - [test-hivemq-platform] [hivemq] [b8492ca1] INFO  - Starting extension with id "hivemq-dns-cluster-discovery" at /opt/hivemq/extensions/hivemq-dns-cluster-discovery
2025-01-29 17:09:15,660 INFO c.h.h.t.HelmChartContainer - [test-hivemq-platform] [hivemq] [b8492ca1] INFO  - Extension "DNS Cluster Discovery Extension" version 4.3.2 started successfully.
2025-01-29 17:09:15,661 INFO c.h.h.t.HelmChartContainer - [test-hivemq-platform] [hivemq] [b8492ca1] INFO  - Starting extension with id "hivemq-prometheus-extension" at /opt/hivemq/extensions/hivemq-prometheus-extension
2025-01-29 17:09:15,701 INFO c.h.h.t.HelmChartContainer - [test-hivemq-platform] [hivemq] [b8492ca1] INFO  - Using TCP cluster transport on address 10.42.0.11 and port 7000
2025-01-29 17:09:15,759 INFO c.h.h.t.HelmChartContainer - [test-hivemq-platform] [hivemq] [b8492ca1] INFO  - Using extension cluster discovery
2025-01-29 17:09:16,597 INFO c.h.h.t.HelmChartContainer - [hivemq-test-hivemq-platform] [hivemq-platform-operator] [59cb48af] 17:09:16.593 [pool-6-thread-19] DEBUG c.h.p.o.d.PlatformServiceResource - [helmaddi] Desired Platform services (3 services)
2025-01-29 17:09:16,597 INFO c.h.h.t.HelmChartContainer - [hivemq-test-hivemq-platform] [hivemq-platform-operator] [59cb48af] 17:09:16.594 [pool-6-thread-17] DEBUG c.h.p.o.dependants.PodInfoConfigMap - [helmaddi] Desired PodInfo ConfigMap (1 extensions) (1 enabled)
2025-01-29 17:09:16,597 INFO c.h.h.t.HelmChartContainer - [hivemq-test-hivemq-platform] [hivemq-platform-operator] [59cb48af] 17:09:16.594 [pool-6-thread-17] DEBUG c.h.p.o.dependants.PodInfoConfigMap - [helmaddi] Desired PodInfo ConfigMap (metrics port: 9399) (metrics path: /)
2025-01-29 17:09:16,597 INFO c.h.h.t.HelmChartContainer - [hivemq-test-hivemq-platform] [hivemq-platform-operator] [59cb48af] 17:09:16.594 [pool-6-thread-17] DEBUG c.h.p.o.dependants.PodInfoConfigMap - [helmaddi] Desired PodInfo ConfigMap (extension state hash: -1817474005)
2025-01-29 17:09:16,597 INFO c.h.h.t.HelmChartContainer - [hivemq-test-hivemq-platform] [hivemq-platform-operator] [59cb48af] 17:09:16.594 [pool-6-thread-18] DEBUG c.h.p.o.d.PodServiceAccountResource - [helmaddi] Desired PodServiceAccountResource (serviceAccountName: hivemq-platform-pod-test-hivemq-platform)
2025-01-29 17:09:16,611 INFO c.h.h.t.HelmChartContainer - [hivemq-test-hivemq-platform] [hivemq-platform-operator] [59cb48af] 17:09:16.610 [pool-6-thread-19] DEBUG c.h.p.o.d.StatefulSetResource - [helmaddi] Desired StatefulSet (1 replicas) for status STARTING (READY)
2025-01-29 17:09:16,694 INFO c.h.h.t.HelmChartContainer - [hivemq-test-hivemq-platform] [hivemq-platform-operator] [59cb48af] 17:09:16.692 [ReconcilerExecutor-hivemq-controller-115] INFO  c.h.p.o.HiveMQPlatformReconciler - [helmaddi] Reconciling HiveMQ Platform 'test-hivemq-platform' in namespace 'helmadditionalvolumesit'
2025-01-29 17:09:16,694 INFO c.h.h.t.HelmChartContainer - [hivemq-test-hivemq-platform] [hivemq-platform-operator] [59cb48af] 17:09:16.692 [ReconcilerExecutor-hivemq-controller-115] DEBUG c.h.p.o.HiveMQPlatformReconciler - [helmaddi] Custom Resource Status STARTING - HiveMQ Platform is starting (READY)
2025-01-29 17:09:16,694 INFO c.h.h.t.HelmChartContainer - [hivemq-test-hivemq-platform] [hivemq-platform-operator] [59cb48af] 17:09:16.692 [ReconcilerExecutor-hivemq-controller-115] DEBUG c.h.p.o.HiveMQPlatformReconciler - [helmaddi] Custom Resource Spec (replicas: 1) (extensions: 1)
2025-01-29 17:09:16,696 INFO c.h.h.t.HelmChartContainer - [hivemq-test-hivemq-platform] [hivemq-platform-operator] [59cb48af] 17:09:16.694 [ReconcilerExecutor-hivemq-controller-115] DEBUG c.h.p.o.HiveMQPlatformReconciler - [helmaddi] StatefulSet Status (revision: test-hivemq-platform-5d4d897885, replicas: 1, available: 0, ready: 0, current: 1, updated: 1)
2025-01-29 17:09:16,696 INFO c.h.h.t.HelmChartContainer - [hivemq-test-hivemq-platform] [hivemq-platform-operator] [59cb48af] 17:09:16.694 [ReconcilerExecutor-hivemq-controller-115] DEBUG c.h.p.o.HiveMQPlatformReconciler - [helmaddi] StatefulSet Spec (replicas: 1, init containers: 1, containers: 1, volumes: 7)
2025-01-29 17:09:16,701 INFO c.h.h.t.HelmChartContainer - [hivemq-test-hivemq-platform] [hivemq-platform-operator] [59cb48af] 17:09:16.698 [ReconcilerExecutor-hivemq-controller-115] DEBUG c.h.p.o.h.HiveMQPlatformReconcilerErrorHandler - [helmaddi] Pod 'test-hivemq-platform-0' phase Running
2025-01-29 17:09:16,701 INFO c.h.h.t.HelmChartContainer - [hivemq-test-hivemq-platform] [hivemq-platform-operator] [59cb48af] 17:09:16.699 [ReconcilerExecutor-hivemq-controller-115] INFO  c.h.p.o.h.HiveMQPlatformReconcilerBaseHandler - [helmaddi] HiveMQ Platform is starting, 0 of 1 replicas are ready
2025-01-29 17:09:16,802 INFO c.h.h.t.HelmChartContainer - [test-hivemq-platform] [hivemq] [b8492ca1] INFO  - Started Jetty Server exposing Prometheus Servlet on URI http://0.0.0.0:9399/
2025-01-29 17:09:16,802 INFO c.h.h.t.HelmChartContainer - [test-hivemq-platform] [hivemq] [b8492ca1] INFO  - Extension "Prometheus Monitoring Extension" version 4.0.12 started successfully.
2025-01-29 17:09:16,802 INFO c.h.h.t.HelmChartContainer - [test-hivemq-platform] [hivemq] [b8492ca1] INFO  - Starting extension with id "hivemq-allow-all-extension" at /opt/hivemq/extensions/hivemq-allow-all-extension
2025-01-29 17:09:16,802 INFO c.h.h.t.HelmChartContainer - [test-hivemq-platform] [hivemq] [b8492ca1] WARN  - 
2025-01-29 17:09:16,802 INFO c.h.h.t.HelmChartContainer - [test-hivemq-platform] [hivemq] [b8492ca1] ################################################################################################################
2025-01-29 17:09:16,802 INFO c.h.h.t.HelmChartContainer - [test-hivemq-platform] [hivemq] [b8492ca1] # This HiveMQ deployment is not secure! You are lacking Authentication and Authorization.                      #
2025-01-29 17:09:16,802 INFO c.h.h.t.HelmChartContainer - [test-hivemq-platform] [hivemq] [b8492ca1] # Right now any MQTT client can connect to the broker with a full set of permissions.                          #
2025-01-29 17:09:16,802 INFO c.h.h.t.HelmChartContainer - [test-hivemq-platform] [hivemq] [b8492ca1] # For production usage, add an appropriate security extension and remove the hivemq-allow-all extension.       #
2025-01-29 17:09:16,802 INFO c.h.h.t.HelmChartContainer - [test-hivemq-platform] [hivemq] [b8492ca1] # You can download security extensions from the HiveMQ Marketplace (https://www.hivemq.com/extensions/).       #
2025-01-29 17:09:16,802 INFO c.h.h.t.HelmChartContainer - [test-hivemq-platform] [hivemq] [b8492ca1] ################################################################################################################
2025-01-29 17:09:16,802 INFO c.h.h.t.HelmChartContainer - [test-hivemq-platform] [hivemq] [b8492ca1] INFO  - Extension "Allow All Extension" version 1.1.1 started successfully.
2025-01-29 17:09:17,264 INFO c.h.h.t.HelmChartContainer - [test-hivemq-platform] [hivemq] [b8492ca1] INFO  - [HiveMQ Platform Operator Init App 1.7.0-SNAPSHOT] Returning Health API response 503 for readiness
2025-01-29 17:09:17,268 INFO c.h.h.t.HelmChartContainer - [EVENT] Warning [Unhealthy] Readiness probe failed: HTTP probe failed with statuscode: 503 [helmadditionalvolumesit:test-hivemq-platform-0]
2025-01-29 17:09:17,268 INFO c.h.h.t.HelmChartContainer - Received Unhealthy event for container hivemq in pod test-hivemq-platform-0 [b8492ca1-96a0-48af-b66d-fe720a01ff78]
2025-01-29 17:09:18,903 INFO c.h.h.t.HelmChartContainer - [test-hivemq-platform] [hivemq] [b8492ca1] INFO  - imJk2: no members discovered after 2544 ms: creating cluster as first member
2025-01-29 17:09:18,909 INFO c.h.h.t.HelmChartContainer - [test-hivemq-platform] [hivemq] [b8492ca1] INFO  - Cluster nodes found by discovery: [imJk2|0] (1) [imJk2].
2025-01-29 17:09:18,927 INFO c.h.h.t.HelmChartContainer - [test-hivemq-platform] [hivemq] [b8492ca1] WARN  - No user for HiveMQ Control Center configured. Starting with default user
2025-01-29 17:09:18,927 INFO c.h.h.t.HelmChartContainer - [test-hivemq-platform] [hivemq] [b8492ca1] INFO  - Starting HiveMQ Control Center on address 0.0.0.0 and port 8080
2025-01-29 17:09:18,941 INFO c.h.h.t.HelmChartContainer - [test-hivemq-platform] [hivemq] [b8492ca1] INFO  - Mounting HiveMQ Control Center V2 Preview
2025-01-29 17:09:19,700 INFO c.h.h.t.HelmChartContainer - [test-hivemq-platform] [hivemq] [b8492ca1] INFO  - Started HiveMQ Control Center in 774ms
2025-01-29 17:09:19,715 INFO c.h.h.t.HelmChartContainer - [test-hivemq-platform] [hivemq] [b8492ca1] INFO  - Starting TCP listener on address 0.0.0.0 and port 1883
2025-01-29 17:09:19,803 INFO c.h.h.t.HelmChartContainer - [test-hivemq-platform] [hivemq] [b8492ca1] INFO  - Started TCP Listener on address 0.0.0.0 and on port 1883.
2025-01-29 17:09:19,803 INFO c.h.h.t.HelmChartContainer - [test-hivemq-platform] [hivemq] [b8492ca1] INFO  - Started HiveMQ in 31589ms
2025-01-29 17:09:21,417 INFO c.h.h.t.HelmChartContainer - [test-hivemq-platform] [hivemq] [b8492ca1] INFO  - [HiveMQ Platform Operator Init App 1.7.0-SNAPSHOT] Returning Health API response 200 for readiness
2025-01-29 17:09:21,436 INFO c.h.h.t.HelmChartContainer - [POD] test-hivemq-platform-0 [b8492ca1-96a0-48af-b66d-fe720a01ff78] in helmadditionalvolumesit was MODIFIED
2025-01-29 17:09:21,453 INFO c.h.h.t.HelmChartContainer - [hivemq-test-hivemq-platform] [hivemq-platform-operator] [59cb48af] 17:09:21.441 [pool-6-thread-24] DEBUG c.h.p.o.d.PlatformServiceResource - [helmaddi] Desired Platform services (3 services)
2025-01-29 17:09:21,453 INFO c.h.h.t.HelmChartContainer - [hivemq-test-hivemq-platform] [hivemq-platform-operator] [59cb48af] 17:09:21.442 [pool-6-thread-29] DEBUG c.h.p.o.dependants.PodInfoConfigMap - [helmaddi] Desired PodInfo ConfigMap (1 extensions) (1 enabled)
2025-01-29 17:09:21,453 INFO c.h.h.t.HelmChartContainer - [hivemq-test-hivemq-platform] [hivemq-platform-operator] [59cb48af] 17:09:21.443 [pool-6-thread-29] DEBUG c.h.p.o.dependants.PodInfoConfigMap - [helmaddi] Desired PodInfo ConfigMap (metrics port: 9399) (metrics path: /)
2025-01-29 17:09:21,453 INFO c.h.h.t.HelmChartContainer - [hivemq-test-hivemq-platform] [hivemq-platform-operator] [59cb48af] 17:09:21.443 [pool-6-thread-29] DEBUG c.h.p.o.dependants.PodInfoConfigMap - [helmaddi] Desired PodInfo ConfigMap (extension state hash: -1817474005)
2025-01-29 17:09:21,453 INFO c.h.h.t.HelmChartContainer - [hivemq-test-hivemq-platform] [hivemq-platform-operator] [59cb48af] 17:09:21.443 [pool-6-thread-28] DEBUG c.h.p.o.d.PodServiceAccountResource - [helmaddi] Desired PodServiceAccountResource (serviceAccountName: hivemq-platform-pod-test-hivemq-platform)
2025-01-29 17:09:21,462 INFO c.h.h.t.HelmChartContainer - [hivemq-test-hivemq-platform] [hivemq-platform-operator] [59cb48af] 17:09:21.450 [pool-6-thread-24] DEBUG c.h.p.o.d.StatefulSetResource - [helmaddi] Desired StatefulSet (1 replicas) for status STARTING (READY)
2025-01-29 17:09:21,495 INFO c.h.h.t.HelmChartContainer - [hivemq-test-hivemq-platform] [hivemq-platform-operator] [59cb48af] 17:09:21.493 [ReconcilerExecutor-hivemq-controller-116] INFO  c.h.p.o.HiveMQPlatformReconciler - [helmaddi] Reconciling HiveMQ Platform 'test-hivemq-platform' in namespace 'helmadditionalvolumesit'
2025-01-29 17:09:21,495 INFO c.h.h.t.HelmChartContainer - [hivemq-test-hivemq-platform] [hivemq-platform-operator] [59cb48af] 17:09:21.494 [ReconcilerExecutor-hivemq-controller-116] DEBUG c.h.p.o.HiveMQPlatformReconciler - [helmaddi] Custom Resource Status STARTING - HiveMQ Platform is starting (READY)
2025-01-29 17:09:21,495 INFO c.h.h.t.HelmChartContainer - [hivemq-test-hivemq-platform] [hivemq-platform-operator] [59cb48af] 17:09:21.494 [ReconcilerExecutor-hivemq-controller-116] DEBUG c.h.p.o.HiveMQPlatformReconciler - [helmaddi] Custom Resource Spec (replicas: 1) (extensions: 1)
2025-01-29 17:09:21,537 INFO c.h.h.t.HelmChartContainer - [hivemq-test-hivemq-platform] [hivemq-platform-operator] [59cb48af] 17:09:21.535 [ReconcilerExecutor-hivemq-controller-116] DEBUG c.h.p.o.HiveMQPlatformReconciler - [helmaddi] StatefulSet Status (revision: test-hivemq-platform-5d4d897885, replicas: 1, available: 0, ready: 0, current: 1, updated: 1)
2025-01-29 17:09:21,538 INFO c.h.h.t.HelmChartContainer - [hivemq-test-hivemq-platform] [hivemq-platform-operator] [59cb48af] 17:09:21.536 [ReconcilerExecutor-hivemq-controller-116] DEBUG c.h.p.o.HiveMQPlatformReconciler - [helmaddi] StatefulSet Spec (replicas: 1, init containers: 1, containers: 1, volumes: 7)
2025-01-29 17:09:21,538 INFO c.h.h.t.HelmChartContainer - [hivemq-test-hivemq-platform] [hivemq-platform-operator] [59cb48af] 17:09:21.537 [ReconcilerExecutor-hivemq-controller-116] DEBUG c.h.p.o.h.HiveMQPlatformReconcilerErrorHandler - [helmaddi] Pod 'test-hivemq-platform-0' phase Running
2025-01-29 17:09:21,541 INFO c.h.h.t.HelmChartContainer - [hivemq-test-hivemq-platform] [hivemq-platform-operator] [59cb48af] 17:09:21.539 [ReconcilerExecutor-hivemq-controller-116] INFO  c.h.p.o.h.HiveMQPlatformReconcilerBaseHandler - [helmaddi] HiveMQ Platform is starting, 0 of 1 replicas are ready
2025-01-29 17:09:21,544 INFO c.h.h.t.HelmChartContainer - [hivemq-test-hivemq-platform] [hivemq-platform-operator] [59cb48af] 17:09:21.543 [pool-6-thread-33] DEBUG c.h.p.o.d.PlatformServiceResource - [helmaddi] Desired Platform services (3 services)
2025-01-29 17:09:21,545 INFO c.h.h.t.HelmChartContainer - [hivemq-test-hivemq-platform] [hivemq-platform-operator] [59cb48af] 17:09:21.544 [pool-6-thread-31] DEBUG c.h.p.o.dependants.PodInfoConfigMap - [helmaddi] Desired PodInfo ConfigMap (1 extensions) (1 enabled)
2025-01-29 17:09:21,546 INFO c.h.h.t.HelmChartContainer - [hivemq-test-hivemq-platform] [hivemq-platform-operator] [59cb48af] 17:09:21.545 [pool-6-thread-31] DEBUG c.h.p.o.dependants.PodInfoConfigMap - [helmaddi] Desired PodInfo ConfigMap (metrics port: 9399) (metrics path: /)
2025-01-29 17:09:21,546 INFO c.h.h.t.HelmChartContainer - [hivemq-test-hivemq-platform] [hivemq-platform-operator] [59cb48af] 17:09:21.545 [pool-6-thread-31] DEBUG c.h.p.o.dependants.PodInfoConfigMap - [helmaddi] Desired PodInfo ConfigMap (extension state hash: -1817474005)
2025-01-29 17:09:21,551 INFO c.h.h.t.HelmChartContainer - [hivemq-test-hivemq-platform] [hivemq-platform-operator] [59cb48af] 17:09:21.547 [pool-6-thread-38] DEBUG c.h.p.o.d.PodServiceAccountResource - [helmaddi] Desired PodServiceAccountResource (serviceAccountName: hivemq-platform-pod-test-hivemq-platform)
2025-01-29 17:09:21,636 INFO c.h.h.t.HelmChartContainer - [hivemq-test-hivemq-platform] [hivemq-platform-operator] [59cb48af] 17:09:21.635 [pool-6-thread-33] DEBUG c.h.p.o.d.StatefulSetResource - [helmaddi] Desired StatefulSet (1 replicas) for status STARTING (READY)
2025-01-29 17:09:21,640 INFO c.h.h.t.HelmChartContainer - [hivemq-test-hivemq-platform] [hivemq-platform-operator] [59cb48af] 17:09:21.639 [ReconcilerExecutor-hivemq-controller-117] INFO  c.h.p.o.HiveMQPlatformReconciler - [helmaddi] Reconciling HiveMQ Platform 'test-hivemq-platform' in namespace 'helmadditionalvolumesit'
2025-01-29 17:09:21,640 INFO c.h.h.t.HelmChartContainer - [hivemq-test-hivemq-platform] [hivemq-platform-operator] [59cb48af] 17:09:21.639 [ReconcilerExecutor-hivemq-controller-117] DEBUG c.h.p.o.HiveMQPlatformReconciler - [helmaddi] Custom Resource Status STARTING - HiveMQ Platform is starting (READY)
2025-01-29 17:09:21,640 INFO c.h.h.t.HelmChartContainer - [hivemq-test-hivemq-platform] [hivemq-platform-operator] [59cb48af] 17:09:21.639 [ReconcilerExecutor-hivemq-controller-117] DEBUG c.h.p.o.HiveMQPlatformReconciler - [helmaddi] Custom Resource Spec (replicas: 1) (extensions: 1)
2025-01-29 17:09:21,642 INFO c.h.h.t.HelmChartContainer - [hivemq-test-hivemq-platform] [hivemq-platform-operator] [59cb48af] 17:09:21.641 [ReconcilerExecutor-hivemq-controller-117] DEBUG c.h.p.o.HiveMQPlatformReconciler - [helmaddi] StatefulSet Status (revision: test-hivemq-platform-5d4d897885, replicas: 1, available: 1, ready: 1, current: 1, updated: 1)
2025-01-29 17:09:21,642 INFO c.h.h.t.HelmChartContainer - [hivemq-test-hivemq-platform] [hivemq-platform-operator] [59cb48af] 17:09:21.641 [ReconcilerExecutor-hivemq-controller-117] DEBUG c.h.p.o.HiveMQPlatformReconciler - [helmaddi] StatefulSet Spec (replicas: 1, init containers: 1, containers: 1, volumes: 7)
2025-01-29 17:09:21,643 INFO c.h.h.t.HelmChartContainer - [hivemq-test-hivemq-platform] [hivemq-platform-operator] [59cb48af] 17:09:21.642 [ReconcilerExecutor-hivemq-controller-117] DEBUG c.h.p.o.h.HiveMQPlatformReconcilerErrorHandler - [helmaddi] Pod 'test-hivemq-platform-0' phase Running
2025-01-29 17:09:21,644 INFO c.h.h.t.HelmChartContainer - [hivemq-test-hivemq-platform] [hivemq-platform-operator] [59cb48af] 17:09:21.643 [ReconcilerExecutor-hivemq-controller-117] INFO  c.h.p.o.h.HiveMQPlatformReconcilerBaseHandler - [helmaddi] HiveMQ Platform started successfully
2025-01-29 17:09:21,743 INFO c.h.h.t.HelmChartContainer - [hivemq-test-hivemq-platform] [hivemq-platform-operator] [59cb48af] 17:09:21.742 [ReconcilerExecutor-hivemq-controller-117] DEBUG c.h.p.operator.event.EventSender - [helmaddi] Creating K8s event hivemq-platform-ready: [Ready] HiveMQ Platform is ready
2025-01-29 17:09:21,747 INFO c.h.h.t.HelmChartContainer - [EVENT] Normal [Ready] HiveMQ Platform is ready [helmadditionalvolumesit:test-hivemq-platform]
2025-01-29 17:09:21,748 INFO c.h.h.t.HelmChartContainer - [hivemq-test-hivemq-platform] [hivemq-platform-operator] [59cb48af] 17:09:21.747 [ReconcilerExecutor-hivemq-controller-117] INFO  c.h.p.o.h.AbstractHiveMQReconcilerStateHandler - [helmaddi] Update HiveMQ Platform Status (STARTING [READY] -> RUNNING [READY]): HiveMQ Platform is ready
2025-01-29 17:09:21,756 DEBUG com.hivemq.helmcharts.util.K8sUtil - Comparing actual state 'RUNNING' and waiting for 'RUNNING'
2025-01-29 17:09:23,784 INFO c.h.h.t.HelmChartContainer - Uninstalling release 'test-hivemq-platform' in namespace 'helmadditionalvolumesit'...
2025-01-29 17:09:23,784 DEBUG c.h.h.t.HelmChartContainer - Executing helm command: /bin/helm --kubeconfig /etc/rancher/k3s/k3s.yaml uninstall test-hivemq-platform  --wait --timeout 5m0s --cascade foreground --namespace helmadditionalvolumesit
2025-01-29 17:09:23,996 INFO c.h.h.t.HelmChartContainer - [hivemq-test-hivemq-platform] [hivemq-platform-operator] [59cb48af] 17:09:23.987 [pool-6-thread-48] DEBUG c.h.p.o.d.PlatformServiceResource - [helmaddi] Desired Platform services (3 services)
2025-01-29 17:09:23,996 INFO c.h.h.t.HelmChartContainer - [hivemq-test-hivemq-platform] [hivemq-platform-operator] [59cb48af] 17:09:23.988 [pool-6-thread-44] DEBUG c.h.p.o.dependants.PodInfoConfigMap - [helmaddi] Desired PodInfo ConfigMap (1 extensions) (1 enabled)
2025-01-29 17:09:23,996 INFO c.h.h.t.HelmChartContainer - [hivemq-test-hivemq-platform] [hivemq-platform-operator] [59cb48af] 17:09:23.988 [pool-6-thread-44] DEBUG c.h.p.o.dependants.PodInfoConfigMap - [helmaddi] Desired PodInfo ConfigMap (metrics port: 9399) (metrics path: /)
2025-01-29 17:09:23,996 INFO c.h.h.t.HelmChartContainer - [hivemq-test-hivemq-platform] [hivemq-platform-operator] [59cb48af] 17:09:23.988 [pool-6-thread-44] DEBUG c.h.p.o.dependants.PodInfoConfigMap - [helmaddi] Desired PodInfo ConfigMap (extension state hash: -1817474005)
2025-01-29 17:09:23,996 INFO c.h.h.t.HelmChartContainer - [hivemq-test-hivemq-platform] [hivemq-platform-operator] [59cb48af] 17:09:23.989 [pool-6-thread-44] DEBUG c.h.p.o.dependants.PodInfoConfigMap - [helmaddi] Update PodInfo ConfigMap
2025-01-29 17:09:23,996 INFO c.h.h.t.HelmChartContainer - [hivemq-test-hivemq-platform] [hivemq-platform-operator] [59cb48af] 17:09:23.990 [pool-6-thread-41] DEBUG c.h.p.o.d.PodServiceAccountResource - [helmaddi] Desired PodServiceAccountResource (serviceAccountName: hivemq-platform-pod-test-hivemq-platform)
2025-01-29 17:09:24,141 INFO c.h.h.t.HelmChartContainer - [hivemq-test-hivemq-platform] [hivemq-platform-operator] [59cb48af] 17:09:24.137 [ReconcilerExecutor-hivemq-controller-118] ERROR i.j.o.p.event.EventProcessor - Error during event processing ExecutionScope{ resource id: ResourceID{name='test-hivemq-platform', namespace='helmadditionalvolumesit'}, version: 1206}
2025-01-29 17:09:24,141 INFO c.h.h.t.HelmChartContainer - [hivemq-test-hivemq-platform] [hivemq-platform-operator] [59cb48af] io.javaoperatorsdk.operator.OperatorException: io.javaoperatorsdk.operator.AggregatedOperatorException: Exception(s) during workflow execution. Details:
2025-01-29 17:09:24,142 INFO c.h.h.t.HelmChartContainer - [hivemq-test-hivemq-platform] [hivemq-platform-operator] [59cb48af]  - com.hivemq.platform.operator.dependants.PodInfoConfigMap -> io.fabric8.kubernetes.client.KubernetesClientException: Failure executing: PUT at: https://10.43.0.1:443/api/v1/namespaces/helmadditionalvolumesit/configmaps/hivemq-platform-test-hivemq-platform-dynamic-state. Message: Operation cannot be fulfilled on configmaps "hivemq-platform-test-hivemq-platform-dynamic-state": StorageError: invalid object, Code: 4, Key: /registry/configmaps/helmadditionalvolumesit/hivemq-platform-test-hivemq-platform-dynamic-state, ResourceVersion: 0, AdditionalErrorMsg: Precondition failed: UID in precondition: 74a9e208-9bee-4212-92eb-bf4e305befc1, UID in object meta: . Received status: Status(apiVersion=v1, code=409, details=StatusDetails(causes=[], group=null, kind=configmaps, name=hivemq-platform-test-hivemq-platform-dynamic-state, retryAfterSeconds=null, uid=null, additionalProperties={}), kind=Status, message=Operation cannot be fulfilled on configmaps "hivemq-platform-test-hivemq-platform-dynamic-state": StorageError: invalid object, Code: 4, Key: /registry/configmaps/helmadditionalvolumesit/hivemq-platform-test-hivemq-platform-dynamic-state, ResourceVersion: 0, AdditionalErrorMsg: Precondition failed: UID in precondition: 74a9e208-9bee-4212-92eb-bf4e305befc1, UID in object meta: , metadata=ListMeta(_continue=null, remainingItemCount=null, resourceVersion=null, selfLink=null, additionalProperties={}), reason=Conflict, status=Failure, additionalProperties={}).
2025-01-29 17:09:24,142 INFO c.h.h.t.HelmChartContainer - [hivemq-test-hivemq-platform] [hivemq-platform-operator] [59cb48af] 	at io.fabric8.kubernetes.client.KubernetesClientException.copyAsCause(KubernetesClientException.java:238)
2025-01-29 17:09:24,142 INFO c.h.h.t.HelmChartContainer - [hivemq-test-hivemq-platform] [hivemq-platform-operator] [59cb48af] 	at io.fabric8.kubernetes.client.dsl.internal.OperationSupport.waitForResult(OperationSupport.java:507)
2025-01-29 17:09:24,142 INFO c.h.h.t.HelmChartContainer - [hivemq-test-hivemq-platform] [hivemq-platform-operator] [59cb48af] 	at io.fabric8.kubernetes.client.dsl.internal.OperationSupport.handleResponse(OperationSupport.java:524)
2025-01-29 17:09:24,142 INFO c.h.h.t.HelmChartContainer - [hivemq-test-hivemq-platform] [hivemq-platform-operator] [59cb48af] 	at io.fabric8.kubernetes.client.dsl.internal.OperationSupport.handleUpdate(OperationSupport.java:358)
2025-01-29 17:09:24,142 INFO c.h.h.t.HelmChartContainer - [hivemq-test-hivemq-platform] [hivemq-platform-operator] [59cb48af] 	at io.fabric8.kubernetes.client.dsl.internal.BaseOperation.handleUpdate(BaseOperation.java:759)
2025-01-29 17:09:24,142 INFO c.h.h.t.HelmChartContainer - [hivemq-test-hivemq-platform] [hivemq-platform-operator] [59cb48af] 	at io.fabric8.kubernetes.client.dsl.internal.HasMetadataOperation.update(HasMetadataOperation.java:138)
2025-01-29 17:09:24,142 INFO c.h.h.t.HelmChartContainer - [hivemq-test-hivemq-platform] [hivemq-platform-operator] [59cb48af] 	at io.fabric8.kubernetes.client.dsl.internal.HasMetadataOperation.update(HasMetadataOperation.java:121)
2025-01-29 17:09:24,142 INFO c.h.h.t.HelmChartContainer - [hivemq-test-hivemq-platform] [hivemq-platform-operator] [59cb48af] 	at io.fabric8.kubernetes.client.dsl.internal.HasMetadataOperation.update(HasMetadataOperation.java:44)
2025-01-29 17:09:24,142 INFO c.h.h.t.HelmChartContainer - [hivemq-test-hivemq-platform] [hivemq-platform-operator] [59cb48af] 	at io.fabric8.kubernetes.client.extension.ResourceAdapter.update(ResourceAdapter.java:345)
2025-01-29 17:09:24,142 INFO c.h.h.t.HelmChartContainer - [hivemq-test-hivemq-platform] [hivemq-platform-operator] [59cb48af] 	at io.javaoperatorsdk.operator.processing.dependent.kubernetes.KubernetesDependentResource.update(KubernetesDependentResource.java:140)
2025-01-29 17:09:24,142 INFO c.h.h.t.HelmChartContainer - [hivemq-test-hivemq-platform] [hivemq-platform-operator] [59cb48af] 	at com.hivemq.platform.operator.dependants.PodInfoConfigMap.update(PodInfoConfigMap.java:167)
2025-01-29 17:09:24,142 INFO c.h.h.t.HelmChartContainer - [hivemq-test-hivemq-platform] [hivemq-platform-operator] [59cb48af] 	at com.hivemq.platform.operator.dependants.PodInfoConfigMap.update(PodInfoConfigMap.java:39)
2025-01-29 17:09:24,142 INFO c.h.h.t.HelmChartContainer - [hivemq-test-hivemq-platform] [hivemq-platform-operator] [59cb48af] 	at io.javaoperatorsdk.operator.processing.dependent.AbstractDependentResource.handleUpdate(AbstractDependentResource.java:148)
2025-01-29 17:09:24,142 INFO c.h.h.t.HelmChartContainer - [hivemq-test-hivemq-platform] [hivemq-platform-operator] [59cb48af] 	at io.javaoperatorsdk.operator.processing.dependent.AbstractDependentResource.reconcile(AbstractDependentResource.java:72)
2025-01-29 17:09:24,142 INFO c.h.h.t.HelmChartContainer - [hivemq-test-hivemq-platform] [hivemq-platform-operator] [59cb48af] 	at io.javaoperatorsdk.operator.processing.dependent.SingleDependentResourceReconciler.reconcile(SingleDependentResourceReconciler.java:19)
2025-01-29 17:09:24,142 INFO c.h.h.t.HelmChartContainer - [hivemq-test-hivemq-platform] [hivemq-platform-operator] [59cb48af] 	at io.javaoperatorsdk.operator.processing.dependent.AbstractDependentResource.reconcile(AbstractDependentResource.java:52)
2025-01-29 17:09:24,142 INFO c.h.h.t.HelmChartContainer - [hivemq-test-hivemq-platform] [hivemq-platform-operator] [59cb48af] 	at com.hivemq.platform.operator.dependants.PodInfoConfigMap.reconcile(PodInfoConfigMap.java:74)
2025-01-29 17:09:24,142 INFO c.h.h.t.HelmChartContainer - [hivemq-test-hivemq-platform] [hivemq-platform-operator] [59cb48af] 	at com.hivemq.platform.operator.dependants.PodInfoConfigMap.reconcile(PodInfoConfigMap.java:39)
2025-01-29 17:09:24,142 INFO c.h.h.t.HelmChartContainer - [hivemq-test-hivemq-platform] [hivemq-platform-operator] [59cb48af] 	at io.javaoperatorsdk.operator.processing.dependent.workflow.WorkflowReconcileExecutor$NodeReconcileExecutor.doRun(WorkflowReconcileExecutor.java:123)
2025-01-29 17:09:24,142 INFO c.h.h.t.HelmChartContainer - [hivemq-test-hivemq-platform] [hivemq-platform-operator] [59cb48af] 	at io.javaoperatorsdk.operator.processing.dependent.workflow.NodeExecutor.run(NodeExecutor.java:22)
2025-01-29 17:09:24,142 INFO c.h.h.t.HelmChartContainer - [hivemq-test-hivemq-platform] [hivemq-platform-operator] [59cb48af] 	at java.base/java.util.concurrent.Executors$RunnableAdapter.call(Unknown Source)
2025-01-29 17:09:24,142 INFO c.h.h.t.HelmChartContainer - [hivemq-test-hivemq-platform] [hivemq-platform-operator] [59cb48af] 	at java.base/java.util.concurrent.FutureTask.run(Unknown Source)
2025-01-29 17:09:24,142 INFO c.h.h.t.HelmChartContainer - [hivemq-test-hivemq-platform] [hivemq-platform-operator] [59cb48af] 	at java.base/java.util.concurrent.ThreadPoolExecutor.runWorker(Unknown Source)
2025-01-29 17:09:24,142 INFO c.h.h.t.HelmChartContainer - [hivemq-test-hivemq-platform] [hivemq-platform-operator] [59cb48af] 	at java.base/java.util.concurrent.ThreadPoolExecutor$Worker.run(Unknown Source)
2025-01-29 17:09:24,142 INFO c.h.h.t.HelmChartContainer - [hivemq-test-hivemq-platform] [hivemq-platform-operator] [59cb48af] 	at java.base/java.lang.Thread.run(Unknown Source)
2025-01-29 17:09:24,142 INFO c.h.h.t.HelmChartContainer - [hivemq-test-hivemq-platform] [hivemq-platform-operator] [59cb48af] Caused by: io.fabric8.kubernetes.client.KubernetesClientException: Failure executing: PUT at: https://10.43.0.1:443/api/v1/namespaces/helmadditionalvolumesit/configmaps/hivemq-platform-test-hivemq-platform-dynamic-state. Message: Operation cannot be fulfilled on configmaps "hivemq-platform-test-hivemq-platform-dynamic-state": StorageError: invalid object, Code: 4, Key: /registry/configmaps/helmadditionalvolumesit/hivemq-platform-test-hivemq-platform-dynamic-state, ResourceVersion: 0, AdditionalErrorMsg: Precondition failed: UID in precondition: 74a9e208-9bee-4212-92eb-bf4e305befc1, UID in object meta: . Received status: Status(apiVersion=v1, code=409, details=StatusDetails(causes=[], group=null, kind=configmaps, name=hivemq-platform-test-hivemq-platform-dynamic-state, retryAfterSeconds=null, uid=null, additionalProperties={}), kind=Status, message=Operation cannot be fulfilled on configmaps "hivemq-platform-test-hivemq-platform-dynamic-state": StorageError: invalid object, Code: 4, Key: /registry/configmaps/helmadditionalvolumesit/hivemq-platform-test-hivemq-platform-dynamic-state, ResourceVersion: 0, AdditionalErrorMsg: Precondition failed: UID in precondition: 74a9e208-9bee-4212-92eb-bf4e305befc1, UID in object meta: , metadata=ListMeta(_continue=null, remainingItemCount=null, resourceVersion=null, selfLink=null, additionalProperties={}), reason=Conflict, status=Failure, additionalProperties={}).
2025-01-29 17:09:24,142 INFO c.h.h.t.HelmChartContainer - [hivemq-test-hivemq-platform] [hivemq-platform-operator] [59cb48af] 	at io.fabric8.kubernetes.client.dsl.internal.OperationSupport.requestFailure(OperationSupport.java:660)
2025-01-29 17:09:24,142 INFO c.h.h.t.HelmChartContainer - [hivemq-test-hivemq-platform] [hivemq-platform-operator] [59cb48af] 	at io.fabric8.kubernetes.client.dsl.internal.OperationSupport.requestFailure(OperationSupport.java:640)
2025-01-29 17:09:24,142 INFO c.h.h.t.HelmChartContainer - [hivemq-test-hivemq-platform] [hivemq-platform-operator] [59cb48af] 	at io.fabric8.kubernetes.client.dsl.internal.OperationSupport.assertResponseCode(OperationSupport.java:589)
2025-01-29 17:09:24,142 INFO c.h.h.t.HelmChartContainer - [hivemq-test-hivemq-platform] [hivemq-platform-operator] [59cb48af] 	at io.fabric8.kubernetes.client.dsl.internal.OperationSupport.lambda$handleResponse$0(OperationSupport.java:549)
2025-01-29 17:09:24,142 INFO c.h.h.t.HelmChartContainer - [hivemq-test-hivemq-platform] [hivemq-platform-operator] [59cb48af] 	at java.base/java.util.concurrent.CompletableFuture$UniApply.tryFire(Unknown Source)
2025-01-29 17:09:24,142 INFO c.h.h.t.HelmChartContainer - [hivemq-test-hivemq-platform] [hivemq-platform-operator] [59cb48af] 	at java.base/java.util.concurrent.CompletableFuture.postComplete(Unknown Source)
2025-01-29 17:09:24,142 INFO c.h.h.t.HelmChartContainer - [hivemq-test-hivemq-platform] [hivemq-platform-operator] [59cb48af] 	at java.base/java.util.concurrent.CompletableFuture.complete(Unknown Source)
2025-01-29 17:09:24,142 INFO c.h.h.t.HelmChartContainer - [hivemq-test-hivemq-platform] [hivemq-platform-operator] [59cb48af] 	at io.fabric8.kubernetes.client.http.StandardHttpClient.lambda$completeOrCancel$10(StandardHttpClient.java:141)
2025-01-29 17:09:24,142 INFO c.h.h.t.HelmChartContainer - [hivemq-test-hivemq-platform] [hivemq-platform-operator] [59cb48af] 	at java.base/java.util.concurrent.CompletableFuture.uniWhenComplete(Unknown Source)
2025-01-29 17:09:24,142 INFO c.h.h.t.HelmChartContainer - [hivemq-test-hivemq-platform] [hivemq-platform-operator] [59cb48af] 	at java.base/java.util.concurrent.CompletableFuture$UniWhenComplete.tryFire(Unknown Source)
2025-01-29 17:09:24,142 INFO c.h.h.t.HelmChartContainer - [hivemq-test-hivemq-platform] [hivemq-platform-operator] [59cb48af] 	at java.base/java.util.concurrent.CompletableFuture.postComplete(Unknown Source)
2025-01-29 17:09:24,142 INFO c.h.h.t.HelmChartContainer - [hivemq-test-hivemq-platform] [hivemq-platform-operator] [59cb48af] 	at java.base/java.util.concurrent.CompletableFuture.complete(Unknown Source)
2025-01-29 17:09:24,142 INFO c.h.h.t.HelmChartContainer - [hivemq-test-hivemq-platform] [hivemq-platform-operator] [59cb48af] 	at io.fabric8.kubernetes.client.http.ByteArrayBodyHandler.onBodyDone(ByteArrayBodyHandler.java:51)
2025-01-29 17:09:24,142 INFO c.h.h.t.HelmChartContainer - [hivemq-test-hivemq-platform] [hivemq-platform-operator] [59cb48af] 	at java.base/java.util.concurrent.CompletableFuture.uniWhenComplete(Unknown Source)
2025-01-29 17:09:24,142 INFO c.h.h.t.HelmChartContainer - [hivemq-test-hivemq-platform] [hivemq-platform-operator] [59cb48af] 	at java.base/java.util.concurrent.CompletableFuture$UniWhenComplete.tryFire(Unknown Source)
2025-01-29 17:09:24,142 INFO c.h.h.t.HelmChartContainer - [hivemq-test-hivemq-platform] [hivemq-platform-operator] [59cb48af] 	at java.base/java.util.concurrent.CompletableFuture.postComplete(Unknown Source)
2025-01-29 17:09:24,142 INFO c.h.h.t.HelmChartContainer - [hivemq-test-hivemq-platform] [hivemq-platform-operator] [59cb48af] 	at java.base/java.util.concurrent.CompletableFuture.complete(Unknown Source)
2025-01-29 17:09:24,142 INFO c.h.h.t.HelmChartContainer - [hivemq-test-hivemq-platform] [hivemq-platform-operator] [59cb48af] 	at io.fabric8.kubernetes.client.vertx.VertxHttpRequest.lambda$null$1(VertxHttpRequest.java:121)
2025-01-29 17:09:24,142 INFO c.h.h.t.HelmChartContainer - [hivemq-test-hivemq-platform] [hivemq-platform-operator] [59cb48af] 	at io.vertx.core.impl.ContextInternal.dispatch(ContextInternal.java:279)
2025-01-29 17:09:24,142 INFO c.h.h.t.HelmChartContainer - [hivemq-test-hivemq-platform] [hivemq-platform-operator] [59cb48af] 	at io.vertx.core.impl.ContextInternal.dispatch(ContextInternal.java:261)
2025-01-29 17:09:24,142 INFO c.h.h.t.HelmChartContainer - [hivemq-test-hivemq-platform] [hivemq-platform-operator] [59cb48af] 	at io.vertx.core.http.impl.HttpEventHandler.handleEnd(HttpEventHandler.java:76)
2025-01-29 17:09:24,142 INFO c.h.h.t.HelmChartContainer - [hivemq-test-hivemq-platform] [hivemq-platform-operator] [59cb48af] 	at io.vertx.core.http.impl.HttpClientResponseImpl.handleEnd(HttpClientResponseImpl.java:250)
2025-01-29 17:09:24,142 INFO c.h.h.t.HelmChartContainer - [hivemq-test-hivemq-platform] [hivemq-platform-operator] [59cb48af] 	at io.vertx.core.http.impl.Http1xClientConnection$StreamImpl.lambda$new$0(Http1xClientConnection.java:421)
2025-01-29 17:09:24,142 INFO c.h.h.t.HelmChartContainer - [hivemq-test-hivemq-platform] [hivemq-platform-operator] [59cb48af] 	at io.vertx.core.streams.impl.InboundBuffer.handleEvent(InboundBuffer.java:279)
2025-01-29 17:09:24,142 INFO c.h.h.t.HelmChartContainer - [hivemq-test-hivemq-platform] [hivemq-platform-operator] [59cb48af] 	at io.vertx.core.streams.impl.InboundBuffer.write(InboundBuffer.java:157)
2025-01-29 17:09:24,142 INFO c.h.h.t.HelmChartContainer - [hivemq-test-hivemq-platform] [hivemq-platform-operator] [59cb48af] 	at io.vertx.core.http.impl.Http1xClientConnection$StreamImpl.handleEnd(Http1xClientConnection.java:709)
2025-01-29 17:09:24,142 INFO c.h.h.t.HelmChartContainer - [hivemq-test-hivemq-platform] [hivemq-platform-operator] [59cb48af] 	at io.vertx.core.impl.ContextImpl.execute(ContextImpl.java:313)
2025-01-29 17:09:24,142 INFO c.h.h.t.HelmChartContainer - [hivemq-test-hivemq-platform] [hivemq-platform-operator] [59cb48af] 	at io.vertx.core.impl.ContextImpl.execute(ContextImpl.java:293)
2025-01-29 17:09:24,142 INFO c.h.h.t.HelmChartContainer - [hivemq-test-hivemq-platform] [hivemq-platform-operator] [59cb48af] 	at io.vertx.core.http.impl.Http1xClientConnection.handleResponseEnd(Http1xClientConnection.java:940)
2025-01-29 17:09:24,142 INFO c.h.h.t.HelmChartContainer - [hivemq-test-hivemq-platform] [hivemq-platform-operator] [59cb48af] 	at io.vertx.core.http.impl.Http1xClientConnection.handleHttpMessage(Http1xClientConnection.java:810)
2025-01-29 17:09:24,142 INFO c.h.h.t.HelmChartContainer - [hivemq-test-hivemq-platform] [hivemq-platform-operator] [59cb48af] 	at io.vertx.core.http.impl.Http1xClientConnection.handleMessage(Http1xClientConnection.java:774)
2025-01-29 17:09:24,142 INFO c.h.h.t.HelmChartContainer - [hivemq-test-hivemq-platform] [hivemq-platform-operator] [59cb48af] 	at io.vertx.core.net.impl.ConnectionBase.read(ConnectionBase.java:159)
2025-01-29 17:09:24,142 INFO c.h.h.t.HelmChartContainer - [hivemq-test-hivemq-platform] [hivemq-platform-operator] [59cb48af] 	at io.vertx.core.net.impl.VertxHandler.channelRead(VertxHandler.java:153)
2025-01-29 17:09:24,142 INFO c.h.h.t.HelmChartContainer - [hivemq-test-hivemq-platform] [hivemq-platform-operator] [59cb48af] 	at io.netty.channel.AbstractChannelHandlerContext.invokeChannelRead(AbstractChannelHandlerContext.java:442)
2025-01-29 17:09:24,142 INFO c.h.h.t.HelmChartContainer - [hivemq-test-hivemq-platform] [hivemq-platform-operator] [59cb48af] 	at io.netty.channel.AbstractChannelHandlerContext.invokeChannelRead(AbstractChannelHandlerContext.java:420)
2025-01-29 17:09:24,142 INFO c.h.h.t.HelmChartContainer - [hivemq-test-hivemq-platform] [hivemq-platform-operator] [59cb48af] 	at io.netty.channel.AbstractChannelHandlerContext.fireChannelRead(AbstractChannelHandlerContext.java:412)
2025-01-29 17:09:24,142 INFO c.h.h.t.HelmChartContainer - [hivemq-test-hivemq-platform] [hivemq-platform-operator] [59cb48af] 	at io.netty.channel.CombinedChannelDuplexHandler$DelegatingChannelHandlerContext.fireChannelRead(CombinedChannelDuplexHandler.java:436)
2025-01-29 17:09:24,142 INFO c.h.h.t.HelmChartContainer - [hivemq-test-hivemq-platform] [hivemq-platform-operator] [59cb48af] 	at io.netty.handler.codec.ByteToMessageDecoder.fireChannelRead(ByteToMessageDecoder.java:346)
2025-01-29 17:09:24,142 INFO c.h.h.t.HelmChartContainer - [hivemq-test-hivemq-platform] [hivemq-platform-operator] [59cb48af] 	at io.netty.handler.codec.ByteToMessageDecoder.channelRead(ByteToMessageDecoder.java:318)
2025-01-29 17:09:24,142 INFO c.h.h.t.HelmChartContainer - [hivemq-test-hivemq-platform] [hivemq-platform-operator] [59cb48af] 	at io.netty.channel.CombinedChannelDuplexHandler.channelRead(CombinedChannelDuplexHandler.java:251)
2025-01-29 17:09:24,142 INFO c.h.h.t.HelmChartContainer - [hivemq-test-hivemq-platform] [hivemq-platform-operator] [59cb48af] 	at io.netty.channel.AbstractChannelHandlerContext.invokeChannelRead(AbstractChannelHandlerContext.java:442)
2025-01-29 17:09:24,142 INFO c.h.h.t.HelmChartContainer - [hivemq-test-hivemq-platform] [hivemq-platform-operator] [59cb48af] 	at io.netty.channel.AbstractChannelHandlerContext.invokeChannelRead(AbstractChannelHandlerContext.java:420)
2025-01-29 17:09:24,142 INFO c.h.h.t.HelmChartContainer - [hivemq-test-hivemq-platform] [hivemq-platform-operator] [59cb48af] 	at io.netty.channel.AbstractChannelHandlerContext.fireChannelRead(AbstractChannelHandlerContext.java:412)
2025-01-29 17:09:24,142 INFO c.h.h.t.HelmChartContainer - [hivemq-test-hivemq-platform] [hivemq-platform-operator] [59cb48af] 	at io.netty.handler.ssl.SslHandler.unwrap(SslHandler.java:1475)
2025-01-29 17:09:24,142 INFO c.h.h.t.HelmChartContainer - [hivemq-test-hivemq-platform] [hivemq-platform-operator] [59cb48af] 	at io.netty.handler.ssl.SslHandler.decodeJdkCompatible(SslHandler.java:1338)
2025-01-29 17:09:24,142 INFO c.h.h.t.HelmChartContainer - [hivemq-test-hivemq-platform] [hivemq-platform-operator] [59cb48af] 	at io.netty.handler.ssl.SslHandler.decode(SslHandler.java:1387)
2025-01-29 17:09:24,142 INFO c.h.h.t.HelmChartContainer - [hivemq-test-hivemq-platform] [hivemq-platform-operator] [59cb48af] 	at io.netty.handler.codec.ByteToMessageDecoder.decodeRemovalReentryProtection(ByteToMessageDecoder.java:530)
2025-01-29 17:09:24,142 INFO c.h.h.t.HelmChartContainer - [hivemq-test-hivemq-platform] [hivemq-platform-operator] [59cb48af] 	at io.netty.handler.codec.ByteToMessageDecoder.callDecode(ByteToMessageDecoder.java:469)
2025-01-29 17:09:24,142 INFO c.h.h.t.HelmChartContainer - [hivemq-test-hivemq-platform] [hivemq-platform-operator] [59cb48af] 	at io.netty.handler.codec.ByteToMessageDecoder.channelRead(ByteToMessageDecoder.java:290)
2025-01-29 17:09:24,142 INFO c.h.h.t.HelmChartContainer - [hivemq-test-hivemq-platform] [hivemq-platform-operator] [59cb48af] 	at io.netty.channel.AbstractChannelHandlerContext.invokeChannelRead(AbstractChannelHandlerContext.java:444)
2025-01-29 17:09:24,142 INFO c.h.h.t.HelmChartContainer - [hivemq-test-hivemq-platform] [hivemq-platform-operator] [59cb48af] 	at io.netty.channel.AbstractChannelHandlerContext.invokeChannelRead(AbstractChannelHandlerContext.java:420)
2025-01-29 17:09:24,142 INFO c.h.h.t.HelmChartContainer - [hivemq-test-hivemq-platform] [hivemq-platform-operator] [59cb48af] 	at io.netty.channel.AbstractChannelHandlerContext.fireChannelRead(AbstractChannelHandlerContext.java:412)
2025-01-29 17:09:24,142 INFO c.h.h.t.HelmChartContainer - [hivemq-test-hivemq-platform] [hivemq-platform-operator] [59cb48af] 	at io.netty.channel.DefaultChannelPipeline$HeadContext.channelRead(DefaultChannelPipeline.java:1407)
2025-01-29 17:09:24,142 INFO c.h.h.t.HelmChartContainer - [hivemq-test-hivemq-platform] [hivemq-platform-operator] [59cb48af] 	at io.netty.channel.AbstractChannelHandlerContext.invokeChannelRead(AbstractChannelHandlerContext.java:440)
2025-01-29 17:09:24,142 INFO c.h.h.t.HelmChartContainer - [hivemq-test-hivemq-platform] [hivemq-platform-operator] [59cb48af] 	at io.netty.channel.AbstractChannelHandlerContext.invokeChannelRead(AbstractChannelHandlerContext.java:420)
2025-01-29 17:09:24,142 INFO c.h.h.t.HelmChartContainer - [hivemq-test-hivemq-platform] [hivemq-platform-operator] [59cb48af] 	at io.netty.channel.DefaultChannelPipeline.fireChannelRead(DefaultChannelPipeline.java:918)
2025-01-29 17:09:24,142 INFO c.h.h.t.HelmChartContainer - [hivemq-test-hivemq-platform] [hivemq-platform-operator] [59cb48af] 	at io.netty.channel.nio.AbstractNioByteChannel$NioByteUnsafe.read(AbstractNioByteChannel.java:166)
2025-01-29 17:09:24,142 INFO c.h.h.t.HelmChartContainer - [hivemq-test-hivemq-platform] [hivemq-platform-operator] [59cb48af] 	at io.netty.channel.nio.NioEventLoop.processSelectedKey(NioEventLoop.java:788)
2025-01-29 17:09:24,142 INFO c.h.h.t.HelmChartContainer - [hivemq-test-hivemq-platform] [hivemq-platform-operator] [59cb48af] 	at io.netty.channel.nio.NioEventLoop.processSelectedKeysOptimized(NioEventLoop.java:724)
2025-01-29 17:09:24,142 INFO c.h.h.t.HelmChartContainer - [hivemq-test-hivemq-platform] [hivemq-platform-operator] [59cb48af] 	at io.netty.channel.nio.NioEventLoop.processSelectedKeys(NioEventLoop.java:650)
2025-01-29 17:09:24,142 INFO c.h.h.t.HelmChartContainer - [hivemq-test-hivemq-platform] [hivemq-platform-operator] [59cb48af] 	at io.netty.channel.nio.NioEventLoop.run(NioEventLoop.java:562)
2025-01-29 17:09:24,142 INFO c.h.h.t.HelmChartContainer - [hivemq-test-hivemq-platform] [hivemq-platform-operator] [59cb48af] 	at io.netty.util.concurrent.SingleThreadEventExecutor$4.run(SingleThreadEventExecutor.java:997)
2025-01-29 17:09:24,142 INFO c.h.h.t.HelmChartContainer - [hivemq-test-hivemq-platform] [hivemq-platform-operator] [59cb48af] 	at io.netty.util.internal.ThreadExecutorMap$2.run(ThreadExecutorMap.java:74)
2025-01-29 17:09:24,142 INFO c.h.h.t.HelmChartContainer - [hivemq-test-hivemq-platform] [hivemq-platform-operator] [59cb48af] 	at io.netty.util.concurrent.FastThreadLocalRunnable.run(FastThreadLocalRunnable.java:30)
2025-01-29 17:09:24,146 INFO c.h.h.t.HelmChartContainer - [hivemq-test-hivemq-platform] [hivemq-platform-operator] [59cb48af] 	... 1 more
2025-01-29 17:09:24,146 INFO c.h.h.t.HelmChartContainer - [hivemq-test-hivemq-platform] [hivemq-platform-operator] [59cb48af] 
2025-01-29 17:09:24,146 INFO c.h.h.t.HelmChartContainer - [hivemq-test-hivemq-platform] [hivemq-platform-operator] [59cb48af] 	at io.javaoperatorsdk.operator.monitoring.micrometer.MicrometerMetrics.lambda$timeControllerExecution$0(MicrometerMetrics.java:165)
2025-01-29 17:09:24,146 INFO c.h.h.t.HelmChartContainer - [hivemq-test-hivemq-platform] [hivemq-platform-operator] [59cb48af] 	at io.micrometer.core.instrument.AbstractTimer.record(AbstractTimer.java:190)
2025-01-29 17:09:24,146 INFO c.h.h.t.HelmChartContainer - [hivemq-test-hivemq-platform] [hivemq-platform-operator] [59cb48af] 	at io.javaoperatorsdk.operator.monitoring.micrometer.MicrometerMetrics.timeControllerExecution(MicrometerMetrics.java:161)
2025-01-29 17:09:24,146 INFO c.h.h.t.HelmChartContainer - [hivemq-test-hivemq-platform] [hivemq-platform-operator] [59cb48af] 	at io.javaoperatorsdk.operator.processing.Controller.reconcile(Controller.java:109)
2025-01-29 17:09:24,146 INFO c.h.h.t.HelmChartContainer - [hivemq-test-hivemq-platform] [hivemq-platform-operator] [59cb48af] 	at io.javaoperatorsdk.operator.processing.event.ReconciliationDispatcher.reconcileExecution(ReconciliationDispatcher.java:136)
2025-01-29 17:09:24,146 INFO c.h.h.t.HelmChartContainer - [hivemq-test-hivemq-platform] [hivemq-platform-operator] [59cb48af] 	at io.javaoperatorsdk.operator.processing.event.ReconciliationDispatcher.handleReconcile(ReconciliationDispatcher.java:117)
2025-01-29 17:09:24,146 INFO c.h.h.t.HelmChartContainer - [hivemq-test-hivemq-platform] [hivemq-platform-operator] [59cb48af] 	at io.javaoperatorsdk.operator.processing.event.ReconciliationDispatcher.handleDispatch(ReconciliationDispatcher.java:91)
2025-01-29 17:09:24,146 INFO c.h.h.t.HelmChartContainer - [hivemq-test-hivemq-platform] [hivemq-platform-operator] [59cb48af] 	at io.javaoperatorsdk.operator.processing.event.ReconciliationDispatcher.handleExecution(ReconciliationDispatcher.java:64)
2025-01-29 17:09:24,146 INFO c.h.h.t.HelmChartContainer - [hivemq-test-hivemq-platform] [hivemq-platform-operator] [59cb48af] 	at io.javaoperatorsdk.operator.processing.event.EventProcessor$ReconcilerExecutor.run(EventProcessor.java:452)
2025-01-29 17:09:24,146 INFO c.h.h.t.HelmChartContainer - [hivemq-test-hivemq-platform] [hivemq-platform-operator] [59cb48af] 	at java.base/java.util.concurrent.ThreadPoolExecutor.runWorker(Unknown Source)
2025-01-29 17:09:24,146 INFO c.h.h.t.HelmChartContainer - [hivemq-test-hivemq-platform] [hivemq-platform-operator] [59cb48af] 	at java.base/java.util.concurrent.ThreadPoolExecutor$Worker.run(Unknown Source)
2025-01-29 17:09:24,146 INFO c.h.h.t.HelmChartContainer - [hivemq-test-hivemq-platform] [hivemq-platform-operator] [59cb48af] 	at java.base/java.lang.Thread.run(Unknown Source)
2025-01-29 17:09:24,146 INFO c.h.h.t.HelmChartContainer - [hivemq-test-hivemq-platform] [hivemq-platform-operator] [59cb48af] Caused by: io.javaoperatorsdk.operator.AggregatedOperatorException: Exception(s) during workflow execution. Details:
2025-01-29 17:09:24,146 INFO c.h.h.t.HelmChartContainer - [hivemq-test-hivemq-platform] [hivemq-platform-operator] [59cb48af]  - com.hivemq.platform.operator.dependants.PodInfoConfigMap -> io.fabric8.kubernetes.client.KubernetesClientException: Failure executing: PUT at: https://10.43.0.1:443/api/v1/namespaces/helmadditionalvolumesit/configmaps/hivemq-platform-test-hivemq-platform-dynamic-state. Message: Operation cannot be fulfilled on configmaps "hivemq-platform-test-hivemq-platform-dynamic-state": StorageError: invalid object, Code: 4, Key: /registry/configmaps/helmadditionalvolumesit/hivemq-platform-test-hivemq-platform-dynamic-state, ResourceVersion: 0, AdditionalErrorMsg: Precondition failed: UID in precondition: 74a9e208-9bee-4212-92eb-bf4e305befc1, UID in object meta: . Received status: Status(apiVersion=v1, code=409, details=StatusDetails(causes=[], group=null, kind=configmaps, name=hivemq-platform-test-hivemq-platform-dynamic-state, retryAfterSeconds=null, uid=null, additionalProperties={}), kind=Status, message=Operation cannot be fulfilled on configmaps "hivemq-platform-test-hivemq-platform-dynamic-state": StorageError: invalid object, Code: 4, Key: /registry/configmaps/helmadditionalvolumesit/hivemq-platform-test-hivemq-platform-dynamic-state, ResourceVersion: 0, AdditionalErrorMsg: Precondition failed: UID in precondition: 74a9e208-9bee-4212-92eb-bf4e305befc1, UID in object meta: , metadata=ListMeta(_continue=null, remainingItemCount=null, resourceVersion=null, selfLink=null, additionalProperties={}), reason=Conflict, status=Failure, additionalProperties={}).
2025-01-29 17:09:24,146 INFO c.h.h.t.HelmChartContainer - [hivemq-test-hivemq-platform] [hivemq-platform-operator] [59cb48af] 	at io.fabric8.kubernetes.client.KubernetesClientException.copyAsCause(KubernetesClientException.java:238)
2025-01-29 17:09:24,146 INFO c.h.h.t.HelmChartContainer - [hivemq-test-hivemq-platform] [hivemq-platform-operator] [59cb48af] 	at io.fabric8.kubernetes.client.dsl.internal.OperationSupport.waitForResult(OperationSupport.java:507)
2025-01-29 17:09:24,146 INFO c.h.h.t.HelmChartContainer - [hivemq-test-hivemq-platform] [hivemq-platform-operator] [59cb48af] 	at io.fabric8.kubernetes.client.dsl.internal.OperationSupport.handleResponse(OperationSupport.java:524)
2025-01-29 17:09:24,146 INFO c.h.h.t.HelmChartContainer - [hivemq-test-hivemq-platform] [hivemq-platform-operator] [59cb48af] 	at io.fabric8.kubernetes.client.dsl.internal.OperationSupport.handleUpdate(OperationSupport.java:358)
2025-01-29 17:09:24,146 INFO c.h.h.t.HelmChartContainer - [hivemq-test-hivemq-platform] [hivemq-platform-operator] [59cb48af] 	at io.fabric8.kubernetes.client.dsl.internal.BaseOperation.handleUpdate(BaseOperation.java:759)
2025-01-29 17:09:24,146 INFO c.h.h.t.HelmChartContainer - [hivemq-test-hivemq-platform] [hivemq-platform-operator] [59cb48af] 	at io.fabric8.kubernetes.client.dsl.internal.HasMetadataOperation.update(HasMetadataOperation.java:138)
2025-01-29 17:09:24,146 INFO c.h.h.t.HelmChartContainer - [hivemq-test-hivemq-platform] [hivemq-platform-operator] [59cb48af] 	at io.fabric8.kubernetes.client.dsl.internal.HasMetadataOperation.update(HasMetadataOperation.java:121)
2025-01-29 17:09:24,146 INFO c.h.h.t.HelmChartContainer - [hivemq-test-hivemq-platform] [hivemq-platform-operator] [59cb48af] 	at io.fabric8.kubernetes.client.dsl.internal.HasMetadataOperation.update(HasMetadataOperation.java:44)
2025-01-29 17:09:24,148 INFO c.h.h.t.HelmChartContainer - [hivemq-test-hivemq-platform] [hivemq-platform-operator] [59cb48af] 	at io.fabric8.kubernetes.client.extension.ResourceAdapter.update(ResourceAdapter.java:345)
2025-01-29 17:09:24,148 INFO c.h.h.t.HelmChartContainer - [hivemq-test-hivemq-platform] [hivemq-platform-operator] [59cb48af] 	at io.javaoperatorsdk.operator.processing.dependent.kubernetes.KubernetesDependentResource.update(KubernetesDependentResource.java:140)
2025-01-29 17:09:24,148 INFO c.h.h.t.HelmChartContainer - [hivemq-test-hivemq-platform] [hivemq-platform-operator] [59cb48af] 	at com.hivemq.platform.operator.dependants.PodInfoConfigMap.update(PodInfoConfigMap.java:167)
2025-01-29 17:09:24,148 INFO c.h.h.t.HelmChartContainer - [hivemq-test-hivemq-platform] [hivemq-platform-operator] [59cb48af] 	at com.hivemq.platform.operator.dependants.PodInfoConfigMap.update(PodInfoConfigMap.java:39)
2025-01-29 17:09:24,148 INFO c.h.h.t.HelmChartContainer - [hivemq-test-hivemq-platform] [hivemq-platform-operator] [59cb48af] 	at io.javaoperatorsdk.operator.processing.dependent.AbstractDependentResource.handleUpdate(AbstractDependentResource.java:148)
2025-01-29 17:09:24,148 INFO c.h.h.t.HelmChartContainer - [hivemq-test-hivemq-platform] [hivemq-platform-operator] [59cb48af] 	at io.javaoperatorsdk.operator.processing.dependent.AbstractDependentResource.reconcile(AbstractDependentResource.java:72)
2025-01-29 17:09:24,148 INFO c.h.h.t.HelmChartContainer - [hivemq-test-hivemq-platform] [hivemq-platform-operator] [59cb48af] 	at io.javaoperatorsdk.operator.processing.dependent.SingleDependentResourceReconciler.reconcile(SingleDependentResourceReconciler.java:19)
2025-01-29 17:09:24,148 INFO c.h.h.t.HelmChartContainer - [hivemq-test-hivemq-platform] [hivemq-platform-operator] [59cb48af] 	at io.javaoperatorsdk.operator.processing.dependent.AbstractDependentResource.reconcile(AbstractDependentResource.java:52)
2025-01-29 17:09:24,148 INFO c.h.h.t.HelmChartContainer - [hivemq-test-hivemq-platform] [hivemq-platform-operator] [59cb48af] 	at com.hivemq.platform.operator.dependants.PodInfoConfigMap.reconcile(PodInfoConfigMap.java:74)
2025-01-29 17:09:24,148 INFO c.h.h.t.HelmChartContainer - [hivemq-test-hivemq-platform] [hivemq-platform-operator] [59cb48af] 	at com.hivemq.platform.operator.dependants.PodInfoConfigMap.reconcile(PodInfoConfigMap.java:39)
2025-01-29 17:09:24,148 INFO c.h.h.t.HelmChartContainer - [hivemq-test-hivemq-platform] [hivemq-platform-operator] [59cb48af] 	at io.javaoperatorsdk.operator.processing.dependent.workflow.WorkflowReconcileExecutor$NodeReconcileExecutor.doRun(WorkflowReconcileExecutor.java:123)
2025-01-29 17:09:24,148 INFO c.h.h.t.HelmChartContainer - [hivemq-test-hivemq-platform] [hivemq-platform-operator] [59cb48af] 	at io.javaoperatorsdk.operator.processing.dependent.workflow.NodeExecutor.run(NodeExecutor.java:22)
2025-01-29 17:09:24,148 INFO c.h.h.t.HelmChartContainer - [hivemq-test-hivemq-platform] [hivemq-platform-operator] [59cb48af] 	at java.base/java.util.concurrent.Executors$RunnableAdapter.call(Unknown Source)
2025-01-29 17:09:24,148 INFO c.h.h.t.HelmChartContainer - [hivemq-test-hivemq-platform] [hivemq-platform-operator] [59cb48af] 	at java.base/java.util.concurrent.FutureTask.run(Unknown Source)
2025-01-29 17:09:24,148 INFO c.h.h.t.HelmChartContainer - [hivemq-test-hivemq-platform] [hivemq-platform-operator] [59cb48af] 	at java.base/java.util.concurrent.ThreadPoolExecutor.runWorker(Unknown Source)
2025-01-29 17:09:24,148 INFO c.h.h.t.HelmChartContainer - [hivemq-test-hivemq-platform] [hivemq-platform-operator] [59cb48af] 	at java.base/java.util.concurrent.ThreadPoolExecutor$Worker.run(Unknown Source)
2025-01-29 17:09:24,148 INFO c.h.h.t.HelmChartContainer - [hivemq-test-hivemq-platform] [hivemq-platform-operator] [59cb48af] 	at java.base/java.lang.Thread.run(Unknown Source)
2025-01-29 17:09:24,148 INFO c.h.h.t.HelmChartContainer - [hivemq-test-hivemq-platform] [hivemq-platform-operator] [59cb48af] Caused by: io.fabric8.kubernetes.client.KubernetesClientException: Failure executing: PUT at: https://10.43.0.1:443/api/v1/namespaces/helmadditionalvolumesit/configmaps/hivemq-platform-test-hivemq-platform-dynamic-state. Message: Operation cannot be fulfilled on configmaps "hivemq-platform-test-hivemq-platform-dynamic-state": StorageError: invalid object, Code: 4, Key: /registry/configmaps/helmadditionalvolumesit/hivemq-platform-test-hivemq-platform-dynamic-state, ResourceVersion: 0, AdditionalErrorMsg: Precondition failed: UID in precondition: 74a9e208-9bee-4212-92eb-bf4e305befc1, UID in object meta: . Received status: Status(apiVersion=v1, code=409, details=StatusDetails(causes=[], group=null, kind=configmaps, name=hivemq-platform-test-hivemq-platform-dynamic-state, retryAfterSeconds=null, uid=null, additionalProperties={}), kind=Status, message=Operation cannot be fulfilled on configmaps "hivemq-platform-test-hivemq-platform-dynamic-state": StorageError: invalid object, Code: 4, Key: /registry/configmaps/helmadditionalvolumesit/hivemq-platform-test-hivemq-platform-dynamic-state, ResourceVersion: 0, AdditionalErrorMsg: Precondition failed: UID in precondition: 74a9e208-9bee-4212-92eb-bf4e305befc1, UID in object meta: , metadata=ListMeta(_continue=null, remainingItemCount=null, resourceVersion=null, selfLink=null, additionalProperties={}), reason=Conflict, status=Failure, additionalProperties={}).
2025-01-29 17:09:24,148 INFO c.h.h.t.HelmChartContainer - [hivemq-test-hivemq-platform] [hivemq-platform-operator] [59cb48af] 	at io.fabric8.kubernetes.client.dsl.internal.OperationSupport.requestFailure(OperationSupport.java:660)
2025-01-29 17:09:24,148 INFO c.h.h.t.HelmChartContainer - [hivemq-test-hivemq-platform] [hivemq-platform-operator] [59cb48af] 	at io.fabric8.kubernetes.client.dsl.internal.OperationSupport.requestFailure(OperationSupport.java:640)
2025-01-29 17:09:24,148 INFO c.h.h.t.HelmChartContainer - [hivemq-test-hivemq-platform] [hivemq-platform-operator] [59cb48af] 	at io.fabric8.kubernetes.client.dsl.internal.OperationSupport.assertResponseCode(OperationSupport.java:589)
2025-01-29 17:09:24,148 INFO c.h.h.t.HelmChartContainer - [hivemq-test-hivemq-platform] [hivemq-platform-operator] [59cb48af] 	at io.fabric8.kubernetes.client.dsl.internal.OperationSupport.lambda$handleResponse$0(OperationSupport.java:549)
2025-01-29 17:09:24,148 INFO c.h.h.t.HelmChartContainer - [hivemq-test-hivemq-platform] [hivemq-platform-operator] [59cb48af] 	at java.base/java.util.concurrent.CompletableFuture$UniApply.tryFire(Unknown Source)
2025-01-29 17:09:24,148 INFO c.h.h.t.HelmChartContainer - [hivemq-test-hivemq-platform] [hivemq-platform-operator] [59cb48af] 	at java.base/java.util.concurrent.CompletableFuture.postComplete(Unknown Source)
2025-01-29 17:09:24,148 INFO c.h.h.t.HelmChartContainer - [hivemq-test-hivemq-platform] [hivemq-platform-operator] [59cb48af] 	at java.base/java.util.concurrent.CompletableFuture.complete(Unknown Source)
2025-01-29 17:09:24,148 INFO c.h.h.t.HelmChartContainer - [hivemq-test-hivemq-platform] [hivemq-platform-operator] [59cb48af] 	at io.fabric8.kubernetes.client.http.StandardHttpClient.lambda$completeOrCancel$10(StandardHttpClient.java:141)
2025-01-29 17:09:24,148 INFO c.h.h.t.HelmChartContainer - [hivemq-test-hivemq-platform] [hivemq-platform-operator] [59cb48af] 	at java.base/java.util.concurrent.CompletableFuture.uniWhenComplete(Unknown Source)
2025-01-29 17:09:24,148 INFO c.h.h.t.HelmChartContainer - [hivemq-test-hivemq-platform] [hivemq-platform-operator] [59cb48af] 	at java.base/java.util.concurrent.CompletableFuture$UniWhenComplete.tryFire(Unknown Source)
2025-01-29 17:09:24,148 INFO c.h.h.t.HelmChartContainer - [hivemq-test-hivemq-platform] [hivemq-platform-operator] [59cb48af] 	at java.base/java.util.concurrent.CompletableFuture.postComplete(Unknown Source)
2025-01-29 17:09:24,148 INFO c.h.h.t.HelmChartContainer - [hivemq-test-hivemq-platform] [hivemq-platform-operator] [59cb48af] 	at java.base/java.util.concurrent.CompletableFuture.complete(Unknown Source)
2025-01-29 17:09:24,148 INFO c.h.h.t.HelmChartContainer - [hivemq-test-hivemq-platform] [hivemq-platform-operator] [59cb48af] 	at io.fabric8.kubernetes.client.http.ByteArrayBodyHandler.onBodyDone(ByteArrayBodyHandler.java:51)
2025-01-29 17:09:24,148 INFO c.h.h.t.HelmChartContainer - [hivemq-test-hivemq-platform] [hivemq-platform-operator] [59cb48af] 	at java.base/java.util.concurrent.CompletableFuture.uniWhenComplete(Unknown Source)
2025-01-29 17:09:24,148 INFO c.h.h.t.HelmChartContainer - [hivemq-test-hivemq-platform] [hivemq-platform-operator] [59cb48af] 	at java.base/java.util.concurrent.CompletableFuture$UniWhenComplete.tryFire(Unknown Source)
2025-01-29 17:09:24,148 INFO c.h.h.t.HelmChartContainer - [hivemq-test-hivemq-platform] [hivemq-platform-operator] [59cb48af] 	at java.base/java.util.concurrent.CompletableFuture.postComplete(Unknown Source)
2025-01-29 17:09:24,148 INFO c.h.h.t.HelmChartContainer - [hivemq-test-hivemq-platform] [hivemq-platform-operator] [59cb48af] 	at java.base/java.util.concurrent.CompletableFuture.complete(Unknown Source)
2025-01-29 17:09:24,148 INFO c.h.h.t.HelmChartContainer - [hivemq-test-hivemq-platform] [hivemq-platform-operator] [59cb48af] 	at io.fabric8.kubernetes.client.vertx.VertxHttpRequest.lambda$null$1(VertxHttpRequest.java:121)
2025-01-29 17:09:24,148 INFO c.h.h.t.HelmChartContainer - [hivemq-test-hivemq-platform] [hivemq-platform-operator] [59cb48af] 	at io.vertx.core.impl.ContextInternal.dispatch(ContextInternal.java:279)
2025-01-29 17:09:24,148 INFO c.h.h.t.HelmChartContainer - [hivemq-test-hivemq-platform] [hivemq-platform-operator] [59cb48af] 	at io.vertx.core.impl.ContextInternal.dispatch(ContextInternal.java:261)
2025-01-29 17:09:24,148 INFO c.h.h.t.HelmChartContainer - [hivemq-test-hivemq-platform] [hivemq-platform-operator] [59cb48af] 	at io.vertx.core.http.impl.HttpEventHandler.handleEnd(HttpEventHandler.java:76)
2025-01-29 17:09:24,148 INFO c.h.h.t.HelmChartContainer - [hivemq-test-hivemq-platform] [hivemq-platform-operator] [59cb48af] 	at io.vertx.core.http.impl.HttpClientResponseImpl.handleEnd(HttpClientResponseImpl.java:250)
2025-01-29 17:09:24,148 INFO c.h.h.t.HelmChartContainer - [hivemq-test-hivemq-platform] [hivemq-platform-operator] [59cb48af] 	at io.vertx.core.http.impl.Http1xClientConnection$StreamImpl.lambda$new$0(Http1xClientConnection.java:421)
2025-01-29 17:09:24,148 INFO c.h.h.t.HelmChartContainer - [hivemq-test-hivemq-platform] [hivemq-platform-operator] [59cb48af] 	at io.vertx.core.streams.impl.InboundBuffer.handleEvent(InboundBuffer.java:279)
2025-01-29 17:09:24,148 INFO c.h.h.t.HelmChartContainer - [hivemq-test-hivemq-platform] [hivemq-platform-operator] [59cb48af] 	at io.vertx.core.streams.impl.InboundBuffer.write(InboundBuffer.java:157)
2025-01-29 17:09:24,148 INFO c.h.h.t.HelmChartContainer - [hivemq-test-hivemq-platform] [hivemq-platform-operator] [59cb48af] 	at io.vertx.core.http.impl.Http1xClientConnection$StreamImpl.handleEnd(Http1xClientConnection.java:709)
2025-01-29 17:09:24,148 INFO c.h.h.t.HelmChartContainer - [hivemq-test-hivemq-platform] [hivemq-platform-operator] [59cb48af] 	at io.vertx.core.impl.ContextImpl.execute(ContextImpl.java:313)
2025-01-29 17:09:24,148 INFO c.h.h.t.HelmChartContainer - [hivemq-test-hivemq-platform] [hivemq-platform-operator] [59cb48af] 	at io.vertx.core.impl.ContextImpl.execute(ContextImpl.java:293)
2025-01-29 17:09:24,148 INFO c.h.h.t.HelmChartContainer - [hivemq-test-hivemq-platform] [hivemq-platform-operator] [59cb48af] 	at io.vertx.core.http.impl.Http1xClientConnection.handleResponseEnd(Http1xClientConnection.java:940)
2025-01-29 17:09:24,148 INFO c.h.h.t.HelmChartContainer - [hivemq-test-hivemq-platform] [hivemq-platform-operator] [59cb48af] 	at io.vertx.core.http.impl.Http1xClientConnection.handleHttpMessage(Http1xClientConnection.java:810)
2025-01-29 17:09:24,148 INFO c.h.h.t.HelmChartContainer - [hivemq-test-hivemq-platform] [hivemq-platform-operator] [59cb48af] 	at io.vertx.core.http.impl.Http1xClientConnection.handleMessage(Http1xClientConnection.java:774)
2025-01-29 17:09:24,148 INFO c.h.h.t.HelmChartContainer - [hivemq-test-hivemq-platform] [hivemq-platform-operator] [59cb48af] 	at io.vertx.core.net.impl.ConnectionBase.read(ConnectionBase.java:159)
2025-01-29 17:09:24,148 INFO c.h.h.t.HelmChartContainer - [hivemq-test-hivemq-platform] [hivemq-platform-operator] [59cb48af] 	at io.vertx.core.net.impl.VertxHandler.channelRead(VertxHandler.java:153)
2025-01-29 17:09:24,148 INFO c.h.h.t.HelmChartContainer - [hivemq-test-hivemq-platform] [hivemq-platform-operator] [59cb48af] 	at io.netty.channel.AbstractChannelHandlerContext.invokeChannelRead(AbstractChannelHandlerContext.java:442)
2025-01-29 17:09:24,149 INFO c.h.h.t.HelmChartContainer - [hivemq-test-hivemq-platform] [hivemq-platform-operator] [59cb48af] 	at io.netty.channel.AbstractChannelHandlerContext.invokeChannelRead(AbstractChannelHandlerContext.java:420)
2025-01-29 17:09:24,149 INFO c.h.h.t.HelmChartContainer - [hivemq-test-hivemq-platform] [hivemq-platform-operator] [59cb48af] 	at io.netty.channel.AbstractChannelHandlerContext.fireChannelRead(AbstractChannelHandlerContext.java:412)
2025-01-29 17:09:24,149 INFO c.h.h.t.HelmChartContainer - [hivemq-test-hivemq-platform] [hivemq-platform-operator] [59cb48af] 	at io.netty.channel.CombinedChannelDuplexHandler$DelegatingChannelHandlerContext.fireChannelRead(CombinedChannelDuplexHandler.java:436)
2025-01-29 17:09:24,149 INFO c.h.h.t.HelmChartContainer - [hivemq-test-hivemq-platform] [hivemq-platform-operator] [59cb48af] 	at io.netty.handler.codec.ByteToMessageDecoder.fireChannelRead(ByteToMessageDecoder.java:346)
2025-01-29 17:09:24,149 INFO c.h.h.t.HelmChartContainer - [hivemq-test-hivemq-platform] [hivemq-platform-operator] [59cb48af] 	at io.netty.handler.codec.ByteToMessageDecoder.channelRead(ByteToMessageDecoder.java:318)
2025-01-29 17:09:24,149 INFO c.h.h.t.HelmChartContainer - [hivemq-test-hivemq-platform] [hivemq-platform-operator] [59cb48af] 	at io.netty.channel.CombinedChannelDuplexHandler.channelRead(CombinedChannelDuplexHandler.java:251)
2025-01-29 17:09:24,149 INFO c.h.h.t.HelmChartContainer - [hivemq-test-hivemq-platform] [hivemq-platform-operator] [59cb48af] 	at io.netty.channel.AbstractChannelHandlerContext.invokeChannelRead(AbstractChannelHandlerContext.java:442)
2025-01-29 17:09:24,149 INFO c.h.h.t.HelmChartContainer - [hivemq-test-hivemq-platform] [hivemq-platform-operator] [59cb48af] 	at io.netty.channel.AbstractChannelHandlerContext.invokeChannelRead(AbstractChannelHandlerContext.java:420)
2025-01-29 17:09:24,149 INFO c.h.h.t.HelmChartContainer - [hivemq-test-hivemq-platform] [hivemq-platform-operator] [59cb48af] 	at io.netty.channel.AbstractChannelHandlerContext.fireChannelRead(AbstractChannelHandlerContext.java:412)
2025-01-29 17:09:24,149 INFO c.h.h.t.HelmChartContainer - [hivemq-test-hivemq-platform] [hivemq-platform-operator] [59cb48af] 	at io.netty.handler.ssl.SslHandler.unwrap(SslHandler.java:1475)
2025-01-29 17:09:24,149 INFO c.h.h.t.HelmChartContainer - [hivemq-test-hivemq-platform] [hivemq-platform-operator] [59cb48af] 	at io.netty.handler.ssl.SslHandler.decodeJdkCompatible(SslHandler.java:1338)
2025-01-29 17:09:24,149 INFO c.h.h.t.HelmChartContainer - [hivemq-test-hivemq-platform] [hivemq-platform-operator] [59cb48af] 	at io.netty.handler.ssl.SslHandler.decode(SslHandler.java:1387)
2025-01-29 17:09:24,149 INFO c.h.h.t.HelmChartContainer - [hivemq-test-hivemq-platform] [hivemq-platform-operator] [59cb48af] 	at io.netty.handler.codec.ByteToMessageDecoder.decodeRemovalReentryProtection(ByteToMessageDecoder.java:530)
2025-01-29 17:09:24,149 INFO c.h.h.t.HelmChartContainer - [hivemq-test-hivemq-platform] [hivemq-platform-operator] [59cb48af] 	at io.netty.handler.codec.ByteToMessageDecoder.callDecode(ByteToMessageDecoder.java:469)
2025-01-29 17:09:24,149 INFO c.h.h.t.HelmChartContainer - [hivemq-test-hivemq-platform] [hivemq-platform-operator] [59cb48af] 	at io.netty.handler.codec.ByteToMessageDecoder.channelRead(ByteToMessageDecoder.java:290)
2025-01-29 17:09:24,149 INFO c.h.h.t.HelmChartContainer - [hivemq-test-hivemq-platform] [hivemq-platform-operator] [59cb48af] 	at io.netty.channel.AbstractChannelHandlerContext.invokeChannelRead(AbstractChannelHandlerContext.java:444)
2025-01-29 17:09:24,149 INFO c.h.h.t.HelmChartContainer - [hivemq-test-hivemq-platform] [hivemq-platform-operator] [59cb48af] 	at io.netty.channel.AbstractChannelHandlerContext.invokeChannelRead(AbstractChannelHandlerContext.java:420)
2025-01-29 17:09:24,149 INFO c.h.h.t.HelmChartContainer - [hivemq-test-hivemq-platform] [hivemq-platform-operator] [59cb48af] 	at io.netty.channel.AbstractChannelHandlerContext.fireChannelRead(AbstractChannelHandlerContext.java:412)
2025-01-29 17:09:24,149 INFO c.h.h.t.HelmChartContainer - [hivemq-test-hivemq-platform] [hivemq-platform-operator] [59cb48af] 	at io.netty.channel.DefaultChannelPipeline$HeadContext.channelRead(DefaultChannelPipeline.java:1407)
2025-01-29 17:09:24,149 INFO c.h.h.t.HelmChartContainer - [hivemq-test-hivemq-platform] [hivemq-platform-operator] [59cb48af] 	at io.netty.channel.AbstractChannelHandlerContext.invokeChannelRead(AbstractChannelHandlerContext.java:440)
2025-01-29 17:09:24,149 INFO c.h.h.t.HelmChartContainer - [hivemq-test-hivemq-platform] [hivemq-platform-operator] [59cb48af] 	at io.netty.channel.AbstractChannelHandlerContext.invokeChannelRead(AbstractChannelHandlerContext.java:420)
2025-01-29 17:09:24,149 INFO c.h.h.t.HelmChartContainer - [hivemq-test-hivemq-platform] [hivemq-platform-operator] [59cb48af] 	at io.netty.channel.DefaultChannelPipeline.fireChannelRead(DefaultChannelPipeline.java:918)
2025-01-29 17:09:24,149 INFO c.h.h.t.HelmChartContainer - [hivemq-test-hivemq-platform] [hivemq-platform-operator] [59cb48af] 	at io.netty.channel.nio.AbstractNioByteChannel$NioByteUnsafe.read(AbstractNioByteChannel.java:166)
2025-01-29 17:09:24,149 INFO c.h.h.t.HelmChartContainer - [hivemq-test-hivemq-platform] [hivemq-platform-operator] [59cb48af] 	at io.netty.channel.nio.NioEventLoop.processSelectedKey(NioEventLoop.java:788)
2025-01-29 17:09:24,149 INFO c.h.h.t.HelmChartContainer - [hivemq-test-hivemq-platform] [hivemq-platform-operator] [59cb48af] 	at io.netty.channel.nio.NioEventLoop.processSelectedKeysOptimized(NioEventLoop.java:724)
2025-01-29 17:09:24,149 INFO c.h.h.t.HelmChartContainer - [hivemq-test-hivemq-platform] [hivemq-platform-operator] [59cb48af] 	at io.netty.channel.nio.NioEventLoop.processSelectedKeys(NioEventLoop.java:650)
2025-01-29 17:09:24,149 INFO c.h.h.t.HelmChartContainer - [hivemq-test-hivemq-platform] [hivemq-platform-operator] [59cb48af] 	at io.netty.channel.nio.NioEventLoop.run(NioEventLoop.java:562)
2025-01-29 17:09:24,149 INFO c.h.h.t.HelmChartContainer - [hivemq-test-hivemq-platform] [hivemq-platform-operator] [59cb48af] 	at io.netty.util.concurrent.SingleThreadEventExecutor$4.run(SingleThreadEventExecutor.java:997)
2025-01-29 17:09:24,149 INFO c.h.h.t.HelmChartContainer - [hivemq-test-hivemq-platform] [hivemq-platform-operator] [59cb48af] 	at io.netty.util.internal.ThreadExecutorMap$2.run(ThreadExecutorMap.java:74)
2025-01-29 17:09:24,149 INFO c.h.h.t.HelmChartContainer - [hivemq-test-hivemq-platform] [hivemq-platform-operator] [59cb48af] 	at io.netty.util.concurrent.FastThreadLocalRunnable.run(FastThreadLocalRunnable.java:30)
2025-01-29 17:09:24,149 INFO c.h.h.t.HelmChartContainer - [hivemq-test-hivemq-platform] [hivemq-platform-operator] [59cb48af] 	... 1 more
2025-01-29 17:09:24,149 INFO c.h.h.t.HelmChartContainer - [hivemq-test-hivemq-platform] [hivemq-platform-operator] [59cb48af] 
2025-01-29 17:09:24,149 INFO c.h.h.t.HelmChartContainer - [hivemq-test-hivemq-platform] [hivemq-platform-operator] [59cb48af] 	at io.javaoperatorsdk.operator.processing.dependent.workflow.WorkflowResult.throwAggregateExceptionIfErrorsPresent(WorkflowResult.java:54)
2025-01-29 17:09:24,149 INFO c.h.h.t.HelmChartContainer - [hivemq-test-hivemq-platform] [hivemq-platform-operator] [59cb48af] 	at io.javaoperatorsdk.operator.processing.dependent.workflow.WorkflowReconcileResult.throwAggregateExceptionIfErrorsPresent(WorkflowReconcileResult.java:9)
2025-01-29 17:09:24,149 INFO c.h.h.t.HelmChartContainer - [hivemq-test-hivemq-platform] [hivemq-platform-operator] [59cb48af] 	at io.javaoperatorsdk.operator.processing.dependent.workflow.DefaultWorkflow.reconcile(DefaultWorkflow.java:98)
2025-01-29 17:09:24,149 INFO c.h.h.t.HelmChartContainer - [hivemq-test-hivemq-platform] [hivemq-platform-operator] [59cb48af] 	at io.javaoperatorsdk.operator.processing.Controller$1.execute(Controller.java:147)
2025-01-29 17:09:24,149 INFO c.h.h.t.HelmChartContainer - [hivemq-test-hivemq-platform] [hivemq-platform-operator] [59cb48af] 	at io.javaoperatorsdk.operator.processing.Controller$1.execute(Controller.java:110)
2025-01-29 17:09:24,149 INFO c.h.h.t.HelmChartContainer - [hivemq-test-hivemq-platform] [hivemq-platform-operator] [59cb48af] 	at io.javaoperatorsdk.operator.monitoring.micrometer.MicrometerMetrics.lambda$timeControllerExecution$0(MicrometerMetrics.java:163)
2025-01-29 17:09:24,149 INFO c.h.h.t.HelmChartContainer - [hivemq-test-hivemq-platform] [hivemq-platform-operator] [59cb48af] 	... 11 common frames omitted
2025-01-29 17:09:24,158 INFO c.h.h.t.HelmChartContainer - [hivemq-test-hivemq-platform] [hivemq-platform-operator] [59cb48af] 17:09:24.153 [ReconcilerExecutor-hivemq-controller-124] INFO  c.h.p.o.HiveMQPlatformReconciler - [helmaddi] Cleanup test-hivemq-platform - helmadditionalvolumesit HiveMQ Platform is shut down
2025-01-29 17:09:24,741 INFO c.h.h.t.HelmChartContainer - [POD] test-hivemq-platform-0 [b8492ca1-96a0-48af-b66d-fe720a01ff78] in helmadditionalvolumesit was MODIFIED
2025-01-29 17:09:24,748 INFO c.h.h.t.HelmChartContainer - [EVENT] Normal [Killing] Stopping container hivemq [helmadditionalvolumesit:test-hivemq-platform-0]
2025-01-29 17:09:24,749 INFO c.h.h.t.HelmChartContainer - Received Killing event for container hivemq in pod test-hivemq-platform-0 [b8492ca1-96a0-48af-b66d-fe720a01ff78]
2025-01-29 17:09:24,749 INFO c.h.h.t.HelmChartContainer - Container [test-hivemq-platform-0] [hivemq] [b8492ca1-96a0-48af-b66d-fe720a01ff78] was terminated
2025-01-29 17:09:24,749 INFO c.h.h.t.HelmChartContainer - [test-hivemq-platform] [hivemq] [b8492ca1] INFO  - [HiveMQ Platform Operator Init App 1.7.0-SNAPSHOT] Shutting down
2025-01-29 17:09:24,749 INFO c.h.h.t.HelmChartContainer - Stopped log watcher for hivemq in pod test-hivemq-platform-0 [b8492ca1-96a0-48af-b66d-fe720a01ff78]
2025-01-29 17:09:24,750 INFO c.h.h.t.HelmChartContainer - [test-hivemq-platform] [hivemq] [b8492ca1] INFO  - [HiveMQ Platform Operator Init App 1.7.0-SNAPSHOT] Stopping the HiveMQ Platform
2025-01-29 17:09:24,871 INFO c.h.h.t.HelmChartContainer - [test-hivemq-platform] [hivemq] [b8492ca1] INFO  - Shutting down HiveMQ. Please wait, this could take a while...
2025-01-29 17:09:24,900 INFO c.h.h.t.HelmChartContainer - [test-hivemq-platform] [hivemq] [b8492ca1] INFO  - Shutting down listeners and clients
2025-01-29 17:09:24,901 INFO c.h.h.t.HelmChartContainer - [test-hivemq-platform] [hivemq] [b8492ca1] INFO  - Shutdown of listeners is done
2025-01-29 17:09:24,902 INFO c.h.h.t.HelmChartContainer - [test-hivemq-platform] [hivemq] [b8492ca1] INFO  - No clients are connected, proceeding with shutdown
2025-01-29 17:09:26,046 INFO c.h.h.t.HelmChartContainer - Deleting namespace 'helmadditionalvolumesit'...
2025-01-29 17:09:26,414 INFO c.h.h.t.HelmChartContainer - [test-hivemq-platform] [hivemq] [b8492ca1] INFO  - [HiveMQ Platform Operator Init App 1.7.0-SNAPSHOT] Returning shutdown Health API response 503 for readiness
2025-01-29 17:09:26,418 INFO c.h.h.t.HelmChartContainer - [EVENT] Warning [Unhealthy] Readiness probe failed: HTTP probe failed with statuscode: 503 [helmadditionalvolumesit:test-hivemq-platform-0]
2025-01-29 17:09:26,418 INFO c.h.h.t.HelmChartContainer - Received Unhealthy event for container hivemq in pod test-hivemq-platform-0 [b8492ca1-96a0-48af-b66d-fe720a01ff78]
2025-01-29 17:09:26,909 INFO c.h.h.t.HelmChartContainer - [K3S] [authentication.go:74] "Unable to authenticate the request" err="[invalid bearer token, serviceaccounts \"hivemq-platform-pod-test-hivemq-platform\" not found]"
2025-01-29 17:09:26,928 INFO c.h.h.t.HelmChartContainer - [K3S] [authentication.go:74] "Unable to authenticate the request" err="[invalid bearer token, serviceaccounts \"hivemq-platform-pod-test-hivemq-platform\" not found]"
2025-01-29 17:09:27,006 INFO c.h.h.t.HelmChartContainer - [test-hivemq-platform] [hivemq] [b8492ca1] WARN  - [HiveMQ Platform Operator Init App 1.7.0-SNAPSHOT] Could not update Pod annotations: Failure executing: GET at: https://10.43.0.1:443/api/v1/namespaces/helmadditionalvolumesit/pods/test-hivemq-platform-0. Message: Unauthorized. Received status: Status(apiVersion=v1, code=401, details=null, kind=Status, message=Unauthorized, metadata=ListMeta(_continue=null, remainingItemCount=null, resourceVersion=null, selfLink=null, additionalProperties={}), reason=Unauthorized, status=Failure, additionalProperties={}).
2025-01-29 17:09:28,005 INFO c.h.h.t.HelmChartContainer - [test-hivemq-platform] [hivemq] [b8492ca1] INFO  - Shutting down extension system
2025-01-29 17:09:28,011 INFO c.h.h.t.HelmChartContainer - [test-hivemq-platform] [hivemq] [b8492ca1] INFO  - Stopping extension with id hivemq-dns-cluster-discovery
2025-01-29 17:09:28,012 INFO c.h.h.t.HelmChartContainer - [test-hivemq-platform] [hivemq] [b8492ca1] INFO  - Extension "DNS Cluster Discovery Extension" version 4.3.2 stopped successfully.
2025-01-29 17:09:28,012 INFO c.h.h.t.HelmChartContainer - [test-hivemq-platform] [hivemq] [b8492ca1] INFO  - Stopping extension with id hivemq-prometheus-extension
2025-01-29 17:09:28,017 INFO c.h.h.t.HelmChartContainer - [test-hivemq-platform] [hivemq] [b8492ca1] INFO  - Extension "Prometheus Monitoring Extension" version 4.0.12 stopped successfully.
2025-01-29 17:09:28,017 INFO c.h.h.t.HelmChartContainer - [test-hivemq-platform] [hivemq] [b8492ca1] INFO  - Stopping extension with id hivemq-allow-all-extension
2025-01-29 17:09:28,017 INFO c.h.h.t.HelmChartContainer - [test-hivemq-platform] [hivemq] [b8492ca1] INFO  - Extension "Allow All Extension" version 1.1.1 stopped successfully.
2025-01-29 17:09:30,355 INFO c.h.h.t.HelmChartContainer - [test-hivemq-platform] [hivemq] [b8492ca1] INFO  - Shutdown completed.
2025-01-29 17:09:30,702 INFO c.h.h.t.HelmChartContainer - [test-hivemq-platform] [hivemq] [b8492ca1] INFO  - [HiveMQ Platform Operator Init App 1.7.0-SNAPSHOT] The HiveMQ Platform exited with code 143
2025-01-29 17:09:30,703 INFO c.h.h.t.HelmChartContainer - [test-hivemq-platform] [hivemq] [b8492ca1] INFO  - [HiveMQ Platform Operator Init App 1.7.0-SNAPSHOT] Stopping the REST API
2025-01-29 17:09:30,711 INFO c.h.h.t.HelmChartContainer - [test-hivemq-platform] [hivemq] [b8492ca1] INFO  - [HiveMQ Platform Operator Init App 1.7.0-SNAPSHOT] Shutdown complete
2025-01-29 17:09:31,118 INFO c.h.h.t.HelmChartContainer - [K3S] [stateful_set.go:466] "StatefulSet has been deleted" key="helmadditionalvolumesit/test-hivemq-platform"
2025-01-29 17:09:31,190 INFO c.h.h.t.HelmChartContainer - [POD] test-hivemq-platform-0 [b8492ca1-96a0-48af-b66d-fe720a01ff78] in helmadditionalvolumesit was MODIFIED
2025-01-29 17:09:31,328 INFO c.h.h.t.HelmChartContainer - [K3S] [reconciler_common.go:162] "operationExecutor.UnmountVolume started for volume \"test-empty-dir-volume\" (UniqueName: \"kubernetes.io/empty-dir/b8492ca1-96a0-48af-b66d-fe720a01ff78-test-empty-dir-volume\") pod \"b8492ca1-96a0-48af-b66d-fe720a01ff78\" (UID: \"b8492ca1-96a0-48af-b66d-fe720a01ff78\") "
2025-01-29 17:09:31,329 INFO c.h.h.t.HelmChartContainer - [K3S] [reconciler_common.go:162] "operationExecutor.UnmountVolume started for volume \"broker-configuration\" (UniqueName: \"kubernetes.io/configmap/b8492ca1-96a0-48af-b66d-fe720a01ff78-broker-configuration\") pod \"b8492ca1-96a0-48af-b66d-fe720a01ff78\" (UID: \"b8492ca1-96a0-48af-b66d-fe720a01ff78\") "
2025-01-29 17:09:31,329 INFO c.h.h.t.HelmChartContainer - [K3S] [reconciler_common.go:162] "operationExecutor.UnmountVolume started for volume \"test-persistent-volume-claim\" (UniqueName: \"kubernetes.io/local-volume/pvc-0e63a391-6c0d-4939-a118-08bfcfc5959b\") pod \"b8492ca1-96a0-48af-b66d-fe720a01ff78\" (UID: \"b8492ca1-96a0-48af-b66d-fe720a01ff78\") "
2025-01-29 17:09:31,329 INFO c.h.h.t.HelmChartContainer - [K3S] [reconciler_common.go:162] "operationExecutor.UnmountVolume started for volume \"pod-info\" (UniqueName: \"kubernetes.io/configmap/b8492ca1-96a0-48af-b66d-fe720a01ff78-pod-info\") pod \"b8492ca1-96a0-48af-b66d-fe720a01ff78\" (UID: \"b8492ca1-96a0-48af-b66d-fe720a01ff78\") "
2025-01-29 17:09:31,329 INFO c.h.h.t.HelmChartContainer - [K3S] [reconciler_common.go:162] "operationExecutor.UnmountVolume started for volume \"test-mount-volume\" (UniqueName: \"kubernetes.io/configmap/b8492ca1-96a0-48af-b66d-fe720a01ff78-test-mount-volume\") pod \"b8492ca1-96a0-48af-b66d-fe720a01ff78\" (UID: \"b8492ca1-96a0-48af-b66d-fe720a01ff78\") "
2025-01-29 17:09:31,329 INFO c.h.h.t.HelmChartContainer - [K3S] [reconciler_common.go:162] "operationExecutor.UnmountVolume started for volume \"test-secret-volume\" (UniqueName: \"kubernetes.io/secret/b8492ca1-96a0-48af-b66d-fe720a01ff78-test-secret-volume\") pod \"b8492ca1-96a0-48af-b66d-fe720a01ff78\" (UID: \"b8492ca1-96a0-48af-b66d-fe720a01ff78\") "
2025-01-29 17:09:31,329 INFO c.h.h.t.HelmChartContainer - [K3S] [reconciler_common.go:162] "operationExecutor.UnmountVolume started for volume \"operator-init\" (UniqueName: \"kubernetes.io/empty-dir/b8492ca1-96a0-48af-b66d-fe720a01ff78-operator-init\") pod \"b8492ca1-96a0-48af-b66d-fe720a01ff78\" (UID: \"b8492ca1-96a0-48af-b66d-fe720a01ff78\") "
2025-01-29 17:09:31,329 INFO c.h.h.t.HelmChartContainer - [K3S] [reconciler_common.go:162] "operationExecutor.UnmountVolume started for volume \"kube-api-access-wlncz\" (UniqueName: \"kubernetes.io/projected/b8492ca1-96a0-48af-b66d-fe720a01ff78-kube-api-access-wlncz\") pod \"b8492ca1-96a0-48af-b66d-fe720a01ff78\" (UID: \"b8492ca1-96a0-48af-b66d-fe720a01ff78\") "
2025-01-29 17:09:31,429 INFO c.h.h.t.HelmChartContainer - [K3S] [reconciler_common.go:299] "Volume detached for volume \"pod-info\" (UniqueName: \"kubernetes.io/configmap/b8492ca1-96a0-48af-b66d-fe720a01ff78-pod-info\") on node \"3b0819b0f5e2\" DevicePath \"\""
2025-01-29 17:09:31,429 INFO c.h.h.t.HelmChartContainer - [K3S] [reconciler_common.go:299] "Volume detached for volume \"test-mount-volume\" (UniqueName: \"kubernetes.io/configmap/b8492ca1-96a0-48af-b66d-fe720a01ff78-test-mount-volume\") on node \"3b0819b0f5e2\" DevicePath \"\""
2025-01-29 17:09:31,429 INFO c.h.h.t.HelmChartContainer - [K3S] [reconciler_common.go:299] "Volume detached for volume \"broker-configuration\" (UniqueName: \"kubernetes.io/configmap/b8492ca1-96a0-48af-b66d-fe720a01ff78-broker-configuration\") on node \"3b0819b0f5e2\" DevicePath \"\""
2025-01-29 17:09:31,429 INFO c.h.h.t.HelmChartContainer - [K3S] [reconciler_common.go:292] "operationExecutor.UnmountDevice started for volume \"pvc-0e63a391-6c0d-4939-a118-08bfcfc5959b\" (UniqueName: \"kubernetes.io/local-volume/pvc-0e63a391-6c0d-4939-a118-08bfcfc5959b\") on node \"3b0819b0f5e2\" "
2025-01-29 17:09:31,429 INFO c.h.h.t.HelmChartContainer - [K3S] [reconciler_common.go:299] "Volume detached for volume \"test-secret-volume\" (UniqueName: \"kubernetes.io/secret/b8492ca1-96a0-48af-b66d-fe720a01ff78-test-secret-volume\") on node \"3b0819b0f5e2\" DevicePath \"\""
2025-01-29 17:09:31,429 INFO c.h.h.t.HelmChartContainer - [K3S] [reconciler_common.go:299] "Volume detached for volume \"operator-init\" (UniqueName: \"kubernetes.io/empty-dir/b8492ca1-96a0-48af-b66d-fe720a01ff78-operator-init\") on node \"3b0819b0f5e2\" DevicePath \"\""
2025-01-29 17:09:31,429 INFO c.h.h.t.HelmChartContainer - [K3S] [reconciler_common.go:299] "Volume detached for volume \"kube-api-access-wlncz\" (UniqueName: \"kubernetes.io/projected/b8492ca1-96a0-48af-b66d-fe720a01ff78-kube-api-access-wlncz\") on node \"3b0819b0f5e2\" DevicePath \"\""
2025-01-29 17:09:31,429 INFO c.h.h.t.HelmChartContainer - [K3S] [reconciler_common.go:299] "Volume detached for volume \"test-empty-dir-volume\" (UniqueName: \"kubernetes.io/empty-dir/b8492ca1-96a0-48af-b66d-fe720a01ff78-test-empty-dir-volume\") on node \"3b0819b0f5e2\" DevicePath \"\""
2025-01-29 17:09:31,529 INFO c.h.h.t.HelmChartContainer - [K3S] [reconciler_common.go:299] "Volume detached for volume \"pvc-0e63a391-6c0d-4939-a118-08bfcfc5959b\" (UniqueName: \"kubernetes.io/local-volume/pvc-0e63a391-6c0d-4939-a118-08bfcfc5959b\") on node \"3b0819b0f5e2\" DevicePath \"\""
2025-01-29 17:09:32,054 INFO c.h.h.t.HelmChartContainer - [K3S] [scope.go:117] "RemoveContainer" containerID="0cd2aa1cb986e3d1fa64b169d26cd9912563f761d638457427b4ca211de29d0b"
2025-01-29 17:09:32,068 INFO c.h.h.t.HelmChartContainer - [POD] test-hivemq-platform-0 [b8492ca1-96a0-48af-b66d-fe720a01ff78] in helmadditionalvolumesit was MODIFIED
2025-01-29 17:09:32,071 INFO c.h.h.t.HelmChartContainer - [POD] test-hivemq-platform-0 [b8492ca1-96a0-48af-b66d-fe720a01ff78] in helmadditionalvolumesit was DELETED
2025-01-29 17:09:32,115 INFO c.h.h.t.HelmChartContainer - [POD] helper-pod-delete-pvc-0e63a391-6c0d-4939-a118-08bfcfc5959b [724f4a34-e7c3-4488-a004-fcb2ada91e41] in kube-system was ADDED
2025-01-29 17:09:32,117 INFO c.h.h.t.HelmChartContainer - [K3S] [memory_manager.go:355] "RemoveStaleState removing state" podUID="b8492ca1-96a0-48af-b66d-fe720a01ff78" containerName="hivemq"
2025-01-29 17:09:32,124 INFO c.h.h.t.HelmChartContainer - [POD] helper-pod-delete-pvc-0e63a391-6c0d-4939-a118-08bfcfc5959b [724f4a34-e7c3-4488-a004-fcb2ada91e41] in kube-system was MODIFIED
2025-01-29 17:09:32,174 INFO c.h.h.t.HelmChartContainer - [K3S] [scope.go:117] "RemoveContainer" containerID="45d56c715791487612e970c65a3eff06d1578001af0ecd2dc40997f69f258768"
2025-01-29 17:09:32,177 INFO c.h.h.t.HelmChartContainer - [K3S] [scope.go:117] "RemoveContainer" containerID="0cd2aa1cb986e3d1fa64b169d26cd9912563f761d638457427b4ca211de29d0b"
2025-01-29 17:09:32,177 INFO c.h.h.t.HelmChartContainer - [K3S] [scope.go:117] "RemoveContainer" containerID="45d56c715791487612e970c65a3eff06d1578001af0ecd2dc40997f69f258768"
2025-01-29 17:09:32,235 INFO c.h.h.t.HelmChartContainer - [K3S] [reconciler_common.go:251] "operationExecutor.VerifyControllerAttachedVolume started for volume \"script\" (UniqueName: \"kubernetes.io/configmap/724f4a34-e7c3-4488-a004-fcb2ada91e41-script\") pod \"helper-pod-delete-pvc-0e63a391-6c0d-4939-a118-08bfcfc5959b\" (UID: \"724f4a34-e7c3-4488-a004-fcb2ada91e41\") " pod="kube-system/helper-pod-delete-pvc-0e63a391-6c0d-4939-a118-08bfcfc5959b"
2025-01-29 17:09:32,235 INFO c.h.h.t.HelmChartContainer - [K3S] [reconciler_common.go:251] "operationExecutor.VerifyControllerAttachedVolume started for volume \"kube-api-access-4r49t\" (UniqueName: \"kubernetes.io/projected/724f4a34-e7c3-4488-a004-fcb2ada91e41-kube-api-access-4r49t\") pod \"helper-pod-delete-pvc-0e63a391-6c0d-4939-a118-08bfcfc5959b\" (UID: \"724f4a34-e7c3-4488-a004-fcb2ada91e41\") " pod="kube-system/helper-pod-delete-pvc-0e63a391-6c0d-4939-a118-08bfcfc5959b"
2025-01-29 17:09:32,235 INFO c.h.h.t.HelmChartContainer - [K3S] [reconciler_common.go:251] "operationExecutor.VerifyControllerAttachedVolume started for volume \"data\" (UniqueName: \"kubernetes.io/host-path/724f4a34-e7c3-4488-a004-fcb2ada91e41-data\") pod \"helper-pod-delete-pvc-0e63a391-6c0d-4939-a118-08bfcfc5959b\" (UID: \"724f4a34-e7c3-4488-a004-fcb2ada91e41\") " pod="kube-system/helper-pod-delete-pvc-0e63a391-6c0d-4939-a118-08bfcfc5959b"
2025-01-29 17:09:33,064 INFO c.h.h.t.HelmChartContainer - [POD] helper-pod-delete-pvc-0e63a391-6c0d-4939-a118-08bfcfc5959b [724f4a34-e7c3-4488-a004-fcb2ada91e41] in kube-system was MODIFIED
2025-01-29 17:09:33,304 INFO c.h.h.t.HelmChartContainer - [K3S] [kubelet_volumes.go:163] "Cleaned up orphaned pod volumes dir" podUID="b8492ca1-96a0-48af-b66d-fe720a01ff78" path="/var/lib/kubelet/pods/b8492ca1-96a0-48af-b66d-fe720a01ff78/volumes"
2025-01-29 17:09:33,384 INFO c.h.h.t.HelmChartContainer - [K3S] [scope.go:117] "RemoveContainer" containerID="530b0a802442cbc6418b1beb1f2ae85b82ce48e1d7561654293b186ea45db6ef"
2025-01-29 17:09:34,131 INFO c.h.h.t.HelmChartContainer - [POD] helper-pod-delete-pvc-0e63a391-6c0d-4939-a118-08bfcfc5959b [724f4a34-e7c3-4488-a004-fcb2ada91e41] in kube-system was MODIFIED
2025-01-29 17:09:34,247 INFO c.h.h.t.HelmChartContainer - [K3S] [reconciler_common.go:162] "operationExecutor.UnmountVolume started for volume \"script\" (UniqueName: \"kubernetes.io/configmap/724f4a34-e7c3-4488-a004-fcb2ada91e41-script\") pod \"724f4a34-e7c3-4488-a004-fcb2ada91e41\" (UID: \"724f4a34-e7c3-4488-a004-fcb2ada91e41\") "
2025-01-29 17:09:34,247 INFO c.h.h.t.HelmChartContainer - [K3S] [reconciler_common.go:162] "operationExecutor.UnmountVolume started for volume \"kube-api-access-4r49t\" (UniqueName: \"kubernetes.io/projected/724f4a34-e7c3-4488-a004-fcb2ada91e41-kube-api-access-4r49t\") pod \"724f4a34-e7c3-4488-a004-fcb2ada91e41\" (UID: \"724f4a34-e7c3-4488-a004-fcb2ada91e41\") "
2025-01-29 17:09:34,247 INFO c.h.h.t.HelmChartContainer - [K3S] [reconciler_common.go:162] "operationExecutor.UnmountVolume started for volume \"data\" (UniqueName: \"kubernetes.io/host-path/724f4a34-e7c3-4488-a004-fcb2ada91e41-data\") pod \"724f4a34-e7c3-4488-a004-fcb2ada91e41\" (UID: \"724f4a34-e7c3-4488-a004-fcb2ada91e41\") "
2025-01-29 17:09:34,348 INFO c.h.h.t.HelmChartContainer - [K3S] [reconciler_common.go:299] "Volume detached for volume \"data\" (UniqueName: \"kubernetes.io/host-path/724f4a34-e7c3-4488-a004-fcb2ada91e41-data\") on node \"3b0819b0f5e2\" DevicePath \"\""
2025-01-29 17:09:34,348 INFO c.h.h.t.HelmChartContainer - [K3S] [reconciler_common.go:299] "Volume detached for volume \"script\" (UniqueName: \"kubernetes.io/configmap/724f4a34-e7c3-4488-a004-fcb2ada91e41-script\") on node \"3b0819b0f5e2\" DevicePath \"\""
2025-01-29 17:09:34,348 INFO c.h.h.t.HelmChartContainer - [K3S] [reconciler_common.go:299] "Volume detached for volume \"kube-api-access-4r49t\" (UniqueName: \"kubernetes.io/projected/724f4a34-e7c3-4488-a004-fcb2ada91e41-kube-api-access-4r49t\") on node \"3b0819b0f5e2\" DevicePath \"\""
2025-01-29 17:09:35,062 INFO c.h.h.t.HelmChartContainer - [K3S] [pod_container_deletor.go:80] "Container not found in pod's containers" containerID="dc2db1218a59dd2d0194c92562f3b95bc754f1e2ed9fcaf091a31608c3434f83"
2025-01-29 17:09:35,138 INFO c.h.h.t.HelmChartContainer - [POD] helper-pod-delete-pvc-0e63a391-6c0d-4939-a118-08bfcfc5959b [724f4a34-e7c3-4488-a004-fcb2ada91e41] in kube-system was MODIFIED
2025-01-29 17:09:35,139 INFO c.h.h.t.HelmChartContainer - [POD] helper-pod-delete-pvc-0e63a391-6c0d-4939-a118-08bfcfc5959b [724f4a34-e7c3-4488-a004-fcb2ada91e41] in kube-system was DELETED
2025-01-29 17:09:35,304 INFO c.h.h.t.HelmChartContainer - [K3S] [kubelet_volumes.go:163] "Cleaned up orphaned pod volumes dir" podUID="724f4a34-e7c3-4488-a004-fcb2ada91e41" path="/var/lib/kubelet/pods/724f4a34-e7c3-4488-a004-fcb2ada91e41/volumes"
2025-01-29 17:09:36,378 INFO c.h.h.t.HelmChartContainer - Namespace 'helmadditionalvolumesit' deleted
2025-01-29 17:09:36,378 INFO c.h.h.t.HelmChartContainer - Release 'test-hivemq-platform' in namespace 'helmadditionalvolumesit' is uninstalled
2025-01-29 17:09:36,378 INFO c.h.h.t.HelmChartContainer - Uninstalling release 'test-hivemq-platform-operator' in namespace 'helmadditionalvolumesit-operator'...
2025-01-29 17:09:36,378 DEBUG c.h.h.t.HelmChartContainer - Executing helm command: /bin/helm --kubeconfig /etc/rancher/k3s/k3s.yaml uninstall test-hivemq-platform-operator  --wait --timeout 5m0s --cascade foreground --namespace helmadditionalvolumesit-operator
2025-01-29 17:09:36,576 INFO c.h.h.t.HelmChartContainer - [K3S] [replica_set.go:679] "Finished syncing" kind="ReplicaSet" key="helmadditionalvolumesit-operator/hivemq-test-hivemq-platform-operator-6966f96d65" duration="9.407916ms"
2025-01-29 17:09:36,576 INFO c.h.h.t.HelmChartContainer - [K3S] [replica_set.go:679] "Finished syncing" kind="ReplicaSet" key="helmadditionalvolumesit-operator/hivemq-test-hivemq-platform-operator-6966f96d65" duration="32.902µs"
2025-01-29 17:09:36,587 INFO c.h.h.t.HelmChartContainer - [POD] hivemq-test-hivemq-platform-operator-6966f96d65-z9ctw [59cb48af-6e7b-47cd-a21a-af85feed4d1b] in helmadditionalvolumesit-operator was MODIFIED
2025-01-29 17:09:36,595 INFO c.h.h.t.HelmChartContainer - [EVENT] Normal [Killing] Stopping container hivemq-platform-operator [helmadditionalvolumesit-operator:hivemq-test-hivemq-platform-operator-6966f96d65-z9ctw]
2025-01-29 17:09:36,595 INFO c.h.h.t.HelmChartContainer - Received Killing event for container hivemq-platform-operator in pod hivemq-test-hivemq-platform-operator-6966f96d65-z9ctw [59cb48af-6e7b-47cd-a21a-af85feed4d1b]
2025-01-29 17:09:36,595 INFO c.h.h.t.HelmChartContainer - Container [hivemq-test-hivemq-platform-operator-6966f96d65-z9ctw] [hivemq-platform-operator] [59cb48af-6e7b-47cd-a21a-af85feed4d1b] was terminated
2025-01-29 17:09:36,595 INFO c.h.h.t.HelmChartContainer - Stopped log watcher for hivemq-platform-operator in pod hivemq-test-hivemq-platform-operator-6966f96d65-z9ctw [59cb48af-6e7b-47cd-a21a-af85feed4d1b]
2025-01-29 17:09:36,598 INFO c.h.h.t.HelmChartContainer - [K3S] [replica_set.go:679] "Finished syncing" kind="ReplicaSet" key="helmadditionalvolumesit-operator/hivemq-test-hivemq-platform-operator-6966f96d65" duration="10.325201ms"
2025-01-29 17:09:36,599 INFO c.h.h.t.HelmChartContainer - [K3S] [replica_set.go:679] "Finished syncing" kind="ReplicaSet" key="helmadditionalvolumesit-operator/hivemq-test-hivemq-platform-operator-6966f96d65" duration="36.379µs"
2025-01-29 17:09:36,600 INFO c.h.h.t.HelmChartContainer - [hivemq-test-hivemq-platform] [hivemq-platform-operator] [59cb48af] 17:09:36.599 [application-shutdown-thread] INFO  c.h.p.o.HiveMQPlatformOperatorApplication - HiveMQ Platform Operator is stopping...
2025-01-29 17:09:36,600 INFO c.h.h.t.HelmChartContainer - [hivemq-test-hivemq-platform] [hivemq-platform-operator] [59cb48af] 17:09:36.599 [application-shutdown-thread] INFO  i.javaoperatorsdk.operator.Operator - Operator SDK 4.9.7 is shutting down...
2025-01-29 17:09:37,125 INFO c.h.h.t.HelmChartContainer - [K3S] [replica_set.go:679] "Finished syncing" kind="ReplicaSet" key="helmadditionalvolumesit-operator/hivemq-test-hivemq-platform-operator-6966f96d65" duration="40.356µs"
2025-01-29 17:09:37,125 INFO c.h.h.t.HelmChartContainer - [POD] hivemq-test-hivemq-platform-operator-6966f96d65-z9ctw [59cb48af-6e7b-47cd-a21a-af85feed4d1b] in helmadditionalvolumesit-operator was MODIFIED
2025-01-29 17:09:37,266 INFO c.h.h.t.HelmChartContainer - [K3S] [reconciler_common.go:162] "operationExecutor.UnmountVolume started for volume \"kube-api-access-qdvdb\" (UniqueName: \"kubernetes.io/projected/59cb48af-6e7b-47cd-a21a-af85feed4d1b-kube-api-access-qdvdb\") pod \"59cb48af-6e7b-47cd-a21a-af85feed4d1b\" (UID: \"59cb48af-6e7b-47cd-a21a-af85feed4d1b\") "
2025-01-29 17:09:37,366 INFO c.h.h.t.HelmChartContainer - [K3S] [reconciler_common.go:299] "Volume detached for volume \"kube-api-access-qdvdb\" (UniqueName: \"kubernetes.io/projected/59cb48af-6e7b-47cd-a21a-af85feed4d1b-kube-api-access-qdvdb\") on node \"3b0819b0f5e2\" DevicePath \"\""
2025-01-29 17:09:38,070 INFO c.h.h.t.HelmChartContainer - [K3S] [scope.go:117] "RemoveContainer" containerID="9481d4a30a74dba4d413f4902daac8578cc23c61134e8bd22f7da4874ba8ebdc"
2025-01-29 17:09:38,079 INFO c.h.h.t.HelmChartContainer - [K3S] [replica_set.go:679] "Finished syncing" kind="ReplicaSet" key="helmadditionalvolumesit-operator/hivemq-test-hivemq-platform-operator-6966f96d65" duration="54.603µs"
2025-01-29 17:09:38,080 INFO c.h.h.t.HelmChartContainer - [POD] hivemq-test-hivemq-platform-operator-6966f96d65-z9ctw [59cb48af-6e7b-47cd-a21a-af85feed4d1b] in helmadditionalvolumesit-operator was MODIFIED
2025-01-29 17:09:38,081 INFO c.h.h.t.HelmChartContainer - [K3S] [replica_set.go:679] "Finished syncing" kind="ReplicaSet" key="helmadditionalvolumesit-operator/hivemq-test-hivemq-platform-operator-6966f96d65" duration="29.785µs"
2025-01-29 17:09:38,083 INFO c.h.h.t.HelmChartContainer - [POD] hivemq-test-hivemq-platform-operator-6966f96d65-z9ctw [59cb48af-6e7b-47cd-a21a-af85feed4d1b] in helmadditionalvolumesit-operator was DELETED
2025-01-29 17:09:38,096 INFO c.h.h.t.HelmChartContainer - [K3S] [replica_set.go:679] "Finished syncing" kind="ReplicaSet" key="helmadditionalvolumesit-operator/hivemq-test-hivemq-platform-operator-6966f96d65" duration="8.746µs"
2025-01-29 17:09:38,614 INFO c.h.h.t.HelmChartContainer - Deleting namespace 'helmadditionalvolumesit-operator'...
2025-01-29 17:09:39,303 INFO c.h.h.t.HelmChartContainer - [K3S] [kubelet_volumes.go:163] "Cleaned up orphaned pod volumes dir" podUID="59cb48af-6e7b-47cd-a21a-af85feed4d1b" path="/var/lib/kubelet/pods/59cb48af-6e7b-47cd-a21a-af85feed4d1b/volumes"
2025-01-29 17:09:41,341 INFO c.h.h.t.HelmChartContainer - [K3S] [namespace_controller.go:187] "Namespace has been deleted" namespace="helmadditionalvolumesit"
2025-01-29 17:09:43,830 INFO c.h.h.t.HelmChartContainer - Namespace 'helmadditionalvolumesit-operator' deleted
2025-01-29 17:09:43,830 INFO c.h.h.t.HelmChartContainer - Release 'test-hivemq-platform-operator' in namespace 'helmadditionalvolumesit-operator' is uninstalled
2025-01-29 17:09:44,641 INFO c.h.helmcharts.AbstractHelmChartIT - Removed unused containers:

2025-01-29 17:09:48,743 INFO c.h.h.t.HelmChartContainer - [K3S] [namespace_controller.go:187] "Namespace has been deleted" namespace="helmadditionalvolumesit-operator"
2025-01-29 17:09:52,739 INFO c.h.helmcharts.AbstractHelmChartIT - Removed unused snapshots:
Removing snapshot sha256:03af251906410714c5aef9fa705b63f6bbc39c4a5e787de7361eeb18886c2ed2
Removing snapshot sha256:0c46b3b43cce082ce5ec34ffc6c294e0417d17b9d1e6f366d114b6aadc4f96dc
Removing snapshot sha256:0ce761beee59082d6ed5bcebd3a805b8ddd9b3426b617e4809e7fb7c6587ffec
Removing snapshot sha256:0df91287303208332c8ff6ba40ae4710105201739addbfbddfb955f1ad593664
Removing snapshot sha256:1021ef88c7974bfff89c5a0ec4fd3160daac6c48a075f74cff721f85dd104e68
Removing snapshot sha256:10aba4953ddc18145dd38e3704709bc464aa20af60b56fe52caaff4b68411e62
Removing snapshot sha256:23bc60b46dd318315c5586ae400bdc584276635c08fcce5785f6b8fbb7bada7d
Removing snapshot sha256:2573e0d8158209ed54ab25c87bcdcb00bd3d2539246960a3d592a1c599d70465
Removing snapshot sha256:362a8a37f8bbc31925a8146adcf7cf51f9882f5c1dcbef67c5baa03a297543c0
Removing snapshot sha256:3fa4ad33f0ddc8fd45b39b6b4640f82a3a83619606cd975bfe89d8710ad2d4cd
Removing snapshot sha256:43a7c979bbaba6838bc3102d6b10a1459f3ab050b87ccdfef84ef90cf43d3058
Removing snapshot sha256:4ab04491cdf0d3267f08206fe30bd48f49f94b9cab2f016d6739220f722a64af
Removing snapshot sha256:4b6068250e89c96f263060261819c7d912855bfbd64b3eb4c4a8483299b8c295
Removing snapshot sha256:580e69a0a8034ede1921139bbd2bfb72a69ebf276d008281896c32dd8bf74775
Removing snapshot sha256:5d30ba46b27fe37484567ccc5242cadc78217b8da605f3f195ef25cbf7487904
Removing snapshot sha256:63ca1fbb43ae5034640e5e6cb3e083e05c290072c5366fcaa9d62435a4cced85
Removing snapshot sha256:66140dc7271ceb0a9b5e521509e7d96b916d4182681f723881bfae89675de7f6
Removing snapshot sha256:67f702c6baae873bceb19487c8b1f27bd2b86077e4f2f0e480e6d60ab508b8f5
Removing snapshot sha256:6864348dd42806d552efdec384f1274be15e2d0c10ce44c1f04347af004c10a9
Removing snapshot sha256:6c7dee8f2c39b84b7dc2711c01d33de93514d9055499173e9290176fbe484b6c
Removing snapshot sha256:82753493a6d61ded36556292f02f31841a14c20d2f279f19eaad65afb661d5cd
Removing snapshot sha256:8a10d3db42c505ee0fcfa98417bdd7e39b304f6bcc0a06bb1b220797ff2cc63c
Removing snapshot sha256:a21e5b12dbac529ad45d976eb9ce45c881f3bedcc500fb30aba1e52aa1813418
Removing snapshot sha256:b921e6c28969094157f9b8e7244677780319637afd14450b7cb6b2fdea558a0c
Removing snapshot sha256:bc27ecb5769a00e309cf99ebc763c4a4b958b618d1decc96ffac5bc05f02f5b7
Removing snapshot sha256:be3ccb6627a5332e309d45ef461d09b4879dd870c7394d89323d0ebc6ca6aa8a
Removing snapshot sha256:c261f7cbbc64211ee175ee47273acdb7b1a36a4450b397a064a8f2c026490095
Removing snapshot sha256:c34d9393647eea0c9e3557ab988efaf59f61d10a2a5613b439ef0958cca5ec10
Removing snapshot sha256:ccf3c4a0fa967a41c1c83497a2ce6fa5787965859df0adb32c4ca2cf7490bc2b
Removing snapshot sha256:cf92d33f869417309692088c341cd0f223c178ea78a125f757317b22aa8f90e9
Removing snapshot sha256:d0037344cf2fb078884f1849f6a1f8cf9a33a3b6139b6a85833e5ee528e1f9a8
Removing snapshot sha256:d3b36d5b79273b1e98e7700470eaeff05a882e777124d84cebcc1505b85ecb36
Removing snapshot sha256:d65a44a37914602d12c611e5e22a50f11451d847e63015cc1c2aef92dee777a4
Removing snapshot sha256:e2dc0bae2455930f23ae570e019b7f32edc75c0f2d71cab084db837ff9051796
Removing snapshot sha256:e31519795c7e3df686c447a21ec8d2eb301388a5e39ccf7f20a25c6f6ce3a522
Removing snapshot sha256:e9e86ed11d9bebc0707dd6f1166c51237ebb44f98657241f943261b2675a5449
Removing snapshot sha256:eccbd24a99c60cd9e86ee5305dbfc4a4dc89f5ab4fb1f06c8d64797cecedef34
Removing snapshot sha256:edd1404c718ab99ca3456bdf222065033800bb67d4334a9642746685a24394cd
Removing snapshot sha256:f144bb4c7c7f0d2aa7eeffd36d934ec40db1ee167be727e326aad9fdc616f475
Removing snapshot sha256:fcda6122987978da3231270260c4d942a6e5581b227431bd3f1bd827bdd3966c

]]></system-out>
  </testcase>
  <system-out><![CDATA[2025-01-29 17:08:06,246 INFO c.h.h.t.HelmChartContainerExtension - Using cached HelmChartContainer instance
]]></system-out>
  <system-err><![CDATA[]]></system-err>
</testsuite>
